<?xml version="1.0" encoding="UTF-8"?>
<testsuite xmlns:xsi="http://www.w3.org/2001/XMLSchema-instance" xsi:noNamespaceSchemaLocation="https://maven.apache.org/surefire/maven-surefire-plugin/xsd/surefire-test-report-3.0.xsd" version="3.0" name="codingblackfemales.gettingstarted.MyAlgoTest" time="0.192" tests="6" errors="1" skipped="0" failures="2">
  <properties>
    <property name="java.specification.version" value="17"/>
    <property name="sun.cpu.isalist" value="amd64"/>
    <property name="sun.jnu.encoding" value="Cp1252"/>
    <property name="java.class.path" value="C:\Users\admin\Desktop\Sherelles Stuff\UBS-Assignments\finalCopy\codingblackfemales\algo-coding-exercise\getting-started\target\test-classes;C:\Users\admin\Desktop\Sherelles Stuff\UBS-Assignments\finalCopy\codingblackfemales\algo-coding-exercise\getting-started\target\classes;C:\Users\admin\Desktop\Sherelles Stuff\UBS-Assignments\finalCopy\codingblackfemales\algo-coding-exercise\algo\target\classes;C:\Users\admin\Desktop\Sherelles Stuff\UBS-Assignments\finalCopy\codingblackfemales\algo-coding-exercise\dictionary\target\classes;C:\Users\admin\.m2\repository\org\agrona\agrona\1.16.0\agrona-1.16.0.jar;C:\Users\admin\Desktop\Sherelles Stuff\UBS-Assignments\finalCopy\codingblackfemales\algo-coding-exercise\sequencer\target\classes;C:\Users\admin\.m2\repository\com\google\code\gson\gson\2.10.1\gson-2.10.1.jar;C:\Users\admin\.m2\repository\org\apache\commons\commons-lang3\3.12.0\commons-lang3-3.12.0.jar;C:\Users\admin\Desktop\Sherelles Stuff\UBS-Assignments\finalCopy\codingblackfemales\algo-coding-exercise\backtest\target\classes;C:\Users\admin\Desktop\Sherelles Stuff\UBS-Assignments\finalCopy\codingblackfemales\algo-coding-exercise\collection\target\classes;C:\Users\admin\Desktop\Sherelles Stuff\UBS-Assignments\finalCopy\codingblackfemales\algo-coding-exercise\sequencer\target\test-classes;C:\Users\admin\.m2\repository\junit\junit\4.11\junit-4.11.jar;C:\Users\admin\.m2\repository\org\hamcrest\hamcrest-core\1.3\hamcrest-core-1.3.jar;C:\Users\admin\.m2\repository\uk\co\real-logic\sbe-all\1.26.0\sbe-all-1.26.0.jar;C:\Users\admin\.m2\repository\org\mockito\mockito-core\5.4.0\mockito-core-5.4.0.jar;C:\Users\admin\.m2\repository\net\bytebuddy\byte-buddy\1.14.5\byte-buddy-1.14.5.jar;C:\Users\admin\.m2\repository\net\bytebuddy\byte-buddy-agent\1.14.5\byte-buddy-agent-1.14.5.jar;C:\Users\admin\.m2\repository\org\objenesis\objenesis\3.3\objenesis-3.3.jar;C:\Users\admin\.m2\repository\ch\qos\logback\logback-core\1.3.5\logback-core-1.3.5.jar;C:\Users\admin\.m2\repository\org\slf4j\slf4j-api\2.0.4\slf4j-api-2.0.4.jar;C:\Users\admin\.m2\repository\ch\qos\logback\logback-classic\1.3.5\logback-classic-1.3.5.jar;"/>
    <property name="java.vm.vendor" value="Oracle Corporation"/>
    <property name="sun.arch.data.model" value="64"/>
    <property name="user.variant" value=""/>
    <property name="java.vendor.url" value="https://java.oracle.com/"/>
    <property name="user.timezone" value="Europe/London"/>
    <property name="os.name" value="Windows 10"/>
    <property name="java.vm.specification.version" value="17"/>
    <property name="sun.java.launcher" value="SUN_STANDARD"/>
    <property name="user.country" value="GB"/>
    <property name="sun.boot.library.path" value="C:\Program Files\Java\jdk-17\bin"/>
    <property name="sun.java.command" value="C:\Users\admin\AppData\Local\Temp\surefire1857250464851318909\surefirebooter-20231005033842350_26.jar C:\Users\admin\AppData\Local\Temp\surefire1857250464851318909 2023-10-05T03-38-35_656-jvmRun1 surefire-20231005033842350_24tmp surefire_2-20231005033842350_25tmp"/>
    <property name="jdk.debug" value="release"/>
    <property name="surefire.test.class.path" value="C:\Users\admin\Desktop\Sherelles Stuff\UBS-Assignments\finalCopy\codingblackfemales\algo-coding-exercise\getting-started\target\test-classes;C:\Users\admin\Desktop\Sherelles Stuff\UBS-Assignments\finalCopy\codingblackfemales\algo-coding-exercise\getting-started\target\classes;C:\Users\admin\Desktop\Sherelles Stuff\UBS-Assignments\finalCopy\codingblackfemales\algo-coding-exercise\algo\target\classes;C:\Users\admin\Desktop\Sherelles Stuff\UBS-Assignments\finalCopy\codingblackfemales\algo-coding-exercise\dictionary\target\classes;C:\Users\admin\.m2\repository\org\agrona\agrona\1.16.0\agrona-1.16.0.jar;C:\Users\admin\Desktop\Sherelles Stuff\UBS-Assignments\finalCopy\codingblackfemales\algo-coding-exercise\sequencer\target\classes;C:\Users\admin\.m2\repository\com\google\code\gson\gson\2.10.1\gson-2.10.1.jar;C:\Users\admin\.m2\repository\org\apache\commons\commons-lang3\3.12.0\commons-lang3-3.12.0.jar;C:\Users\admin\Desktop\Sherelles Stuff\UBS-Assignments\finalCopy\codingblackfemales\algo-coding-exercise\backtest\target\classes;C:\Users\admin\Desktop\Sherelles Stuff\UBS-Assignments\finalCopy\codingblackfemales\algo-coding-exercise\collection\target\classes;C:\Users\admin\Desktop\Sherelles Stuff\UBS-Assignments\finalCopy\codingblackfemales\algo-coding-exercise\sequencer\target\test-classes;C:\Users\admin\.m2\repository\junit\junit\4.11\junit-4.11.jar;C:\Users\admin\.m2\repository\org\hamcrest\hamcrest-core\1.3\hamcrest-core-1.3.jar;C:\Users\admin\.m2\repository\uk\co\real-logic\sbe-all\1.26.0\sbe-all-1.26.0.jar;C:\Users\admin\.m2\repository\org\mockito\mockito-core\5.4.0\mockito-core-5.4.0.jar;C:\Users\admin\.m2\repository\net\bytebuddy\byte-buddy\1.14.5\byte-buddy-1.14.5.jar;C:\Users\admin\.m2\repository\net\bytebuddy\byte-buddy-agent\1.14.5\byte-buddy-agent-1.14.5.jar;C:\Users\admin\.m2\repository\org\objenesis\objenesis\3.3\objenesis-3.3.jar;C:\Users\admin\.m2\repository\ch\qos\logback\logback-core\1.3.5\logback-core-1.3.5.jar;C:\Users\admin\.m2\repository\org\slf4j\slf4j-api\2.0.4\slf4j-api-2.0.4.jar;C:\Users\admin\.m2\repository\ch\qos\logback\logback-classic\1.3.5\logback-classic-1.3.5.jar;"/>
    <property name="sun.cpu.endian" value="little"/>
    <property name="user.home" value="C:\Users\admin"/>
    <property name="user.language" value="en"/>
    <property name="java.specification.vendor" value="Oracle Corporation"/>
    <property name="java.version.date" value="2023-04-18"/>
    <property name="java.home" value="C:\Program Files\Java\jdk-17"/>
    <property name="file.separator" value="\"/>
    <property name="basedir" value="C:\Users\admin\Desktop\Sherelles Stuff\UBS-Assignments\finalCopy\codingblackfemales\algo-coding-exercise\getting-started"/>
    <property name="java.vm.compressedOopsMode" value="Zero based"/>
    <property name="line.separator" value="&#10;"/>
    <property name="java.vm.specification.vendor" value="Oracle Corporation"/>
    <property name="java.specification.name" value="Java Platform API Specification"/>
    <property name="surefire.real.class.path" value="C:\Users\admin\AppData\Local\Temp\surefire1857250464851318909\surefirebooter-20231005033842350_26.jar"/>
    <property name="user.script" value=""/>
    <property name="sun.management.compiler" value="HotSpot 64-Bit Tiered Compilers"/>
    <property name="java.runtime.version" value="17.0.7+8-LTS-224"/>
    <property name="user.name" value="admin"/>
    <property name="path.separator" value=";"/>
    <property name="os.version" value="10.0"/>
    <property name="java.runtime.name" value="Java(TM) SE Runtime Environment"/>
    <property name="file.encoding" value="Cp1252"/>
    <property name="java.vm.name" value="Java HotSpot(TM) 64-Bit Server VM"/>
    <property name="localRepository" value="C:\Users\admin\.m2\repository"/>
    <property name="java.vendor.url.bug" value="https://bugreport.java.com/bugreport/"/>
    <property name="java.io.tmpdir" value="C:\Users\admin\AppData\Local\Temp\"/>
    <property name="java.version" value="17.0.7"/>
    <property name="user.dir" value="C:\Users\admin\Desktop\Sherelles Stuff\UBS-Assignments\finalCopy\codingblackfemales\algo-coding-exercise\getting-started"/>
    <property name="os.arch" value="amd64"/>
    <property name="java.vm.specification.name" value="Java Virtual Machine Specification"/>
    <property name="sun.os.patch.level" value=""/>
    <property name="native.encoding" value="Cp1252"/>
    <property name="java.library.path" value="C:\Program Files\Java\jdk-17\bin;C:\WINDOWS\Sun\Java\bin;C:\WINDOWS\system32;C:\WINDOWS;C:\Program Files\Common Files\Oracle\Java\javapath;C:\WINDOWS\system32;C:\WINDOWS;C:\WINDOWS\System32\Wbem;C:\WINDOWS\System32\WindowsPowerShell\v1.0\;C:\WINDOWS\System32\OpenSSH\;C:\Program Files\dotnet\;C:\Program Files (x86)\Intel\Intel(R) Management Engine Components\DAL;C:\Program Files\Intel\Intel(R) Management Engine Components\DAL;C:\Program Files (x86)\NVIDIA Corporation\PhysX\Common;C:\Program Files\Git\cmd;C:\Program Files\apache-maven-3.9.4\bin;C:\Users\admin\AppData\Local\Microsoft\WindowsApps;;C:\Users\admin\AppData\Local\Programs\Microsoft VS Code\bin;."/>
    <property name="java.vm.info" value="mixed mode, sharing"/>
    <property name="java.vendor" value="Oracle Corporation"/>
    <property name="java.vm.version" value="17.0.7+8-LTS-224"/>
    <property name="sun.io.unicode.encoding" value="UnicodeLittle"/>
    <property name="java.class.version" value="61.0"/>
  </properties>
  <testcase name="noActionTest" classname="codingblackfemales.gettingstarted.MyAlgoTest" time="0.001">
    <error message="Cannot read field &quot;quantity&quot; because &quot;farTouch&quot; is null" type="java.lang.NullPointerException"><![CDATA[java.lang.NullPointerException: Cannot read field "quantity" because "farTouch" is null
	at codingblackfemales.gettingstarted.MyAlgoLogic.evaluate(MyAlgoLogic.java:56)
	at codingblackfemales.container.AlgoContainer.runAlgoLogic(AlgoContainer.java:57)
	at codingblackfemales.container.AlgoContainer.onMessage(AlgoContainer.java:49)
	at codingblackfemales.sequencer.net.TestNetwork.dispatch(TestNetwork.java:15)
	at codingblackfemales.sequencer.DefaultSequencer.dispatchToNetwork(DefaultSequencer.java:95)
	at codingblackfemales.sequencer.DefaultSequencer.sequenceAndDispatchMessage(DefaultSequencer.java:91)
	at codingblackfemales.sequencer.DefaultSequencer.onCommand(DefaultSequencer.java:50)
	at codingblackfemales.sequencer.marketdata.SequencerTestCase.send(SequencerTestCase.java:17)
	at codingblackfemales.gettingstarted.MyAlgoTest.noActionTest(MyAlgoTest.java:110)
	at java.base/jdk.internal.reflect.NativeMethodAccessorImpl.invoke0(Native Method)
	at java.base/jdk.internal.reflect.NativeMethodAccessorImpl.invoke(NativeMethodAccessorImpl.java:77)
	at java.base/jdk.internal.reflect.DelegatingMethodAccessorImpl.invoke(DelegatingMethodAccessorImpl.java:43)
	at java.base/java.lang.reflect.Method.invoke(Method.java:568)
	at org.junit.runners.model.FrameworkMethod$1.runReflectiveCall(FrameworkMethod.java:47)
	at org.junit.internal.runners.model.ReflectiveCallable.run(ReflectiveCallable.java:12)
	at org.junit.runners.model.FrameworkMethod.invokeExplosively(FrameworkMethod.java:44)
	at org.junit.internal.runners.statements.InvokeMethod.evaluate(InvokeMethod.java:17)
	at org.junit.runners.ParentRunner.runLeaf(ParentRunner.java:271)
	at org.junit.runners.BlockJUnit4ClassRunner.runChild(BlockJUnit4ClassRunner.java:70)
	at org.junit.runners.BlockJUnit4ClassRunner.runChild(BlockJUnit4ClassRunner.java:50)
	at org.junit.runners.ParentRunner$3.run(ParentRunner.java:238)
	at org.junit.runners.ParentRunner$1.schedule(ParentRunner.java:63)
	at org.junit.runners.ParentRunner.runChildren(ParentRunner.java:236)
	at org.junit.runners.ParentRunner.access$000(ParentRunner.java:53)
	at org.junit.runners.ParentRunner$2.evaluate(ParentRunner.java:229)
	at org.junit.runners.ParentRunner.run(ParentRunner.java:309)
	at org.apache.maven.surefire.junit4.JUnit4Provider.execute(JUnit4Provider.java:316)
	at org.apache.maven.surefire.junit4.JUnit4Provider.executeWithRerun(JUnit4Provider.java:240)
	at org.apache.maven.surefire.junit4.JUnit4Provider.executeTestSet(JUnit4Provider.java:214)
	at org.apache.maven.surefire.junit4.JUnit4Provider.invoke(JUnit4Provider.java:155)
	at org.apache.maven.surefire.booter.ForkedBooter.runSuitesInProcess(ForkedBooter.java:385)
	at org.apache.maven.surefire.booter.ForkedBooter.execute(ForkedBooter.java:162)
	at org.apache.maven.surefire.booter.ForkedBooter.run(ForkedBooter.java:507)
	at org.apache.maven.surefire.booter.ForkedBooter.main(ForkedBooter.java:495)
]]></error>
    <system-out><![CDATA[03:38:43.752 [main] INFO  c.sequencer.consumer.LoggingConsumer - [1] 
|----BID-----|
|----ASK-----|

03:38:43.753 [main] INFO  c.gettingstarted.MyAlgoLogic - [MYALGO] The state of the order book is:
|----BID-----||----ASK----|
|------------||-----------|

03:38:43.753 [main] INFO  c.gettingstarted.MyAlgoLogic - [MYALGO] Algo Sees Book as: 
|----BID-----||----ASK----|
|------------||-----------|

]]></system-out>
  </testcase>
  <testcase name="testDispatchThroughSequencer" classname="codingblackfemales.gettingstarted.MyAlgoTest" time="0.095">
    <system-out><![CDATA[03:38:43.754 [main] INFO  c.sequencer.consumer.LoggingConsumer - [1] 
|----BID-----|
   101 @ 100
   200 @ 110
  5000 @ 115
|----ASK-----|
    100 @ 98
    200 @ 95
    300 @ 91

03:38:43.754 [main] DEBUG c.service.MarketDataService - [ALGO] BID: price:100 quantity:101
03:38:43.754 [main] DEBUG c.service.MarketDataService - [ALGO] BID: price:110 quantity:200
03:38:43.754 [main] DEBUG c.service.MarketDataService - [ALGO] BID: price:115 quantity:5000
03:38:43.754 [main] DEBUG c.service.MarketDataService - [ALGO] ASK: price:98 quantity:100
03:38:43.754 [main] DEBUG c.service.MarketDataService - [ALGO] ASK: price:95 quantity:200
03:38:43.754 [main] DEBUG c.service.MarketDataService - [ALGO] ASK: price:91 quantity:300
03:38:43.755 [main] INFO  c.gettingstarted.MyAlgoLogic - [MYALGO] The state of the order book is:
|----BID-----||----ASK----|
   101 @ 100    100 @ 98
   200 @ 110    200 @ 95
  5000 @ 115    300 @ 91
|------------||-----------|

03:38:43.755 [main] INFO  c.gettingstarted.MyAlgoLogic - [MYALGO] Algo Sees Book as: 
|----BID-----||----ASK----|
   101 @ 100    100 @ 98
   200 @ 110    200 @ 95
  5000 @ 115    300 @ 91
|------------||-----------|

03:38:43.755 [main] INFO  c.gettingstarted.MyAlgoLogic - [MYALGO] Initial quantity100 price 98
03:38:43.755 [main] INFO  c.gettingstarted.TimedLogic - [TIMEDLOGIC] Market is open
03:38:43.755 [main] INFO  c.gettingstarted.MyAlgoLogic - [MYALGO] Adding order for100@98
03:38:43.755 [main] INFO  c.gettingstarted.MyAlgoLogic - [Sheza6] markets monitor size is 0
03:38:43.756 [main] INFO  c.container.Actioner - [ALGO] Actioner, sending action:CreateChildOrder(side=BUY,quantity=100,price=98)
03:38:43.756 [main] INFO  c.sequencer.consumer.LoggingConsumer - [2] [CreateOrder](sbeTemplateId=4|sbeSchemaId=2|sbeSchemaVersion=0|sbeBlockLength=33):instrumentId=0|price=98|quantity=100|side=BUY|orderId=2
03:38:43.756 [main] INFO  c.gettingstarted.MyAlgoLogic - [MYALGO] The state of the order book is:
|----BID-----||----ASK----|
   101 @ 100    100 @ 98
   200 @ 110    200 @ 95
  5000 @ 115    300 @ 91
|------------||-----------|

03:38:43.756 [main] INFO  c.gettingstarted.MyAlgoLogic - [MYALGO] Algo Sees Book as: 
|----BID-----||----ASK----|
   101 @ 100    100 @ 98
   200 @ 110    200 @ 95
  5000 @ 115    300 @ 91
|------------||-----------|

03:38:43.756 [main] INFO  c.gettingstarted.MyAlgoLogic - [MYALGO] Initial quantity100 price 98
03:38:43.756 [main] INFO  c.gettingstarted.TimedLogic - [TIMEDLOGIC] Market is open
03:38:43.757 [main] INFO  c.gettingstarted.MyAlgoLogic - [MYALGO] Adding order for100@98
03:38:43.757 [main] INFO  c.gettingstarted.MyAlgoLogic - [Sheza6] markets monitor size is 0
03:38:43.757 [main] INFO  c.container.Actioner - [ALGO] Actioner, sending action:CreateChildOrder(side=BUY,quantity=100,price=98)
03:38:43.757 [main] INFO  c.sequencer.consumer.LoggingConsumer - [3] [CreateOrder](sbeTemplateId=4|sbeSchemaId=2|sbeSchemaVersion=0|sbeBlockLength=33):instrumentId=0|price=98|quantity=100|side=BUY|orderId=3
03:38:43.757 [main] INFO  c.gettingstarted.MyAlgoLogic - [MYALGO] The state of the order book is:
|----BID-----||----ASK----|
   101 @ 100    100 @ 98
   200 @ 110    200 @ 95
  5000 @ 115    300 @ 91
|------------||-----------|

03:38:43.757 [main] INFO  c.gettingstarted.MyAlgoLogic - [MYALGO] Algo Sees Book as: 
|----BID-----||----ASK----|
   101 @ 100    100 @ 98
   200 @ 110    200 @ 95
  5000 @ 115    300 @ 91
|------------||-----------|

03:38:43.757 [main] INFO  c.gettingstarted.MyAlgoLogic - [MYALGO] Initial quantity100 price 98
03:38:43.758 [main] INFO  c.gettingstarted.TimedLogic - [TIMEDLOGIC] Market is open
03:38:43.758 [main] INFO  c.gettingstarted.MyAlgoLogic - [MYALGO] Adding order for100@98
03:38:43.758 [main] INFO  c.gettingstarted.MyAlgoLogic - [Sheza6] markets monitor size is 0
03:38:43.758 [main] INFO  c.container.Actioner - [ALGO] Actioner, sending action:CreateChildOrder(side=BUY,quantity=100,price=98)
03:38:43.758 [main] INFO  c.sequencer.consumer.LoggingConsumer - [4] [CreateOrder](sbeTemplateId=4|sbeSchemaId=2|sbeSchemaVersion=0|sbeBlockLength=33):instrumentId=0|price=98|quantity=100|side=BUY|orderId=4
03:38:43.759 [main] INFO  c.gettingstarted.MyAlgoLogic - [MYALGO] The state of the order book is:
|----BID-----||----ASK----|
   101 @ 100    100 @ 98
   200 @ 110    200 @ 95
  5000 @ 115    300 @ 91
|------------||-----------|

03:38:43.759 [main] INFO  c.gettingstarted.MyAlgoLogic - [MYALGO] Algo Sees Book as: 
|----BID-----||----ASK----|
   101 @ 100    100 @ 98
   200 @ 110    200 @ 95
  5000 @ 115    300 @ 91
|------------||-----------|

03:38:43.760 [main] INFO  c.gettingstarted.MyAlgoLogic - [MYALGO] Initial quantity100 price 98
03:38:43.760 [main] INFO  c.gettingstarted.TimedLogic - [TIMEDLOGIC] Market is open
03:38:43.760 [main] INFO  c.gettingstarted.MyAlgoLogic - [MYALGO] Adding order for100@98
03:38:43.760 [main] INFO  c.gettingstarted.MyAlgoLogic - [Sheza6] markets monitor size is 0
03:38:43.762 [main] INFO  c.container.Actioner - [ALGO] Actioner, sending action:CreateChildOrder(side=BUY,quantity=100,price=98)
03:38:43.763 [main] INFO  c.sequencer.consumer.LoggingConsumer - [5] [CreateOrder](sbeTemplateId=4|sbeSchemaId=2|sbeSchemaVersion=0|sbeBlockLength=33):instrumentId=0|price=98|quantity=100|side=BUY|orderId=5
03:38:43.763 [main] INFO  c.gettingstarted.MyAlgoLogic - [MYALGO] The state of the order book is:
|----BID-----||----ASK----|
   101 @ 100    100 @ 98
   200 @ 110    200 @ 95
  5000 @ 115    300 @ 91
|------------||-----------|

03:38:43.764 [main] INFO  c.gettingstarted.MyAlgoLogic - [MYALGO] Algo Sees Book as: 
|----BID-----||----ASK----|
   101 @ 100    100 @ 98
   200 @ 110    200 @ 95
  5000 @ 115    300 @ 91
|------------||-----------|

03:38:43.764 [main] INFO  c.gettingstarted.MyAlgoLogic - [MYALGO] Initial quantity100 price 98
03:38:43.764 [main] INFO  c.gettingstarted.TimedLogic - [TIMEDLOGIC] Market is open
03:38:43.764 [main] INFO  c.gettingstarted.MyAlgoLogic - [MYALGO] Adding order for100@98
03:38:43.764 [main] INFO  c.gettingstarted.MyAlgoLogic - [Sheza6] markets monitor size is 0
03:38:43.764 [main] INFO  c.container.Actioner - [ALGO] Actioner, sending action:CreateChildOrder(side=BUY,quantity=100,price=98)
03:38:43.764 [main] INFO  c.sequencer.consumer.LoggingConsumer - [6] [CreateOrder](sbeTemplateId=4|sbeSchemaId=2|sbeSchemaVersion=0|sbeBlockLength=33):instrumentId=0|price=98|quantity=100|side=BUY|orderId=6
03:38:43.764 [main] INFO  c.gettingstarted.MyAlgoLogic - [MYALGO] The state of the order book is:
|----BID-----||----ASK----|
   101 @ 100    100 @ 98
   200 @ 110    200 @ 95
  5000 @ 115    300 @ 91
|------------||-----------|

03:38:43.765 [main] INFO  c.gettingstarted.MyAlgoLogic - [MYALGO] Algo Sees Book as: 
|----BID-----||----ASK----|
   101 @ 100    100 @ 98
   200 @ 110    200 @ 95
  5000 @ 115    300 @ 91
|------------||-----------|

03:38:43.765 [main] INFO  c.gettingstarted.MyAlgoLogic - [MYALGO] Initial quantity100 price 98
03:38:43.765 [main] INFO  c.gettingstarted.TimedLogic - [TIMEDLOGIC] Market is open
03:38:43.765 [main] INFO  c.gettingstarted.MyAlgoLogic - [MYALGO] Adding order for100@98
03:38:43.765 [main] INFO  c.gettingstarted.MyAlgoLogic - [Sheza6] markets monitor size is 0
03:38:43.765 [main] INFO  c.container.Actioner - [ALGO] Actioner, sending action:CreateChildOrder(side=BUY,quantity=100,price=98)
03:38:43.765 [main] INFO  c.sequencer.consumer.LoggingConsumer - [7] [CreateOrder](sbeTemplateId=4|sbeSchemaId=2|sbeSchemaVersion=0|sbeBlockLength=33):instrumentId=0|price=98|quantity=100|side=BUY|orderId=7
03:38:43.766 [main] INFO  c.gettingstarted.MyAlgoLogic - [MYALGO] The state of the order book is:
|----BID-----||----ASK----|
   101 @ 100    100 @ 98
   200 @ 110    200 @ 95
  5000 @ 115    300 @ 91
|------------||-----------|

03:38:43.766 [main] INFO  c.gettingstarted.MyAlgoLogic - [MYALGO] Algo Sees Book as: 
|----BID-----||----ASK----|
   101 @ 100    100 @ 98
   200 @ 110    200 @ 95
  5000 @ 115    300 @ 91
|------------||-----------|

03:38:43.766 [main] INFO  c.gettingstarted.MyAlgoLogic - [MYALGO] Initial quantity100 price 98
03:38:43.767 [main] INFO  c.gettingstarted.TimedLogic - [TIMEDLOGIC] Market is open
03:38:43.769 [main] INFO  c.gettingstarted.MyAlgoLogic - [MYALGO] Adding order for100@98
03:38:43.769 [main] INFO  c.gettingstarted.MyAlgoLogic - [Sheza6] markets monitor size is 0
03:38:43.769 [main] INFO  c.container.Actioner - [ALGO] Actioner, sending action:CreateChildOrder(side=BUY,quantity=100,price=98)
03:38:43.769 [main] INFO  c.sequencer.consumer.LoggingConsumer - [8] [CreateOrder](sbeTemplateId=4|sbeSchemaId=2|sbeSchemaVersion=0|sbeBlockLength=33):instrumentId=0|price=98|quantity=100|side=BUY|orderId=8
03:38:43.770 [main] INFO  c.gettingstarted.MyAlgoLogic - [MYALGO] The state of the order book is:
|----BID-----||----ASK----|
   101 @ 100    100 @ 98
   200 @ 110    200 @ 95
  5000 @ 115    300 @ 91
|------------||-----------|

03:38:43.771 [main] INFO  c.gettingstarted.MyAlgoLogic - [MYALGO] Algo Sees Book as: 
|----BID-----||----ASK----|
   101 @ 100    100 @ 98
   200 @ 110    200 @ 95
  5000 @ 115    300 @ 91
|------------||-----------|

03:38:43.771 [main] INFO  c.gettingstarted.MyAlgoLogic - [MYALGO] Initial quantity100 price 98
03:38:43.771 [main] INFO  c.gettingstarted.TimedLogic - [TIMEDLOGIC] Market is open
03:38:43.771 [main] INFO  c.gettingstarted.MyAlgoLogic - [MYALGO] Adding order for100@98
03:38:43.771 [main] INFO  c.gettingstarted.MyAlgoLogic - [Sheza6] markets monitor size is 0
03:38:43.771 [main] INFO  c.container.Actioner - [ALGO] Actioner, sending action:CreateChildOrder(side=BUY,quantity=100,price=98)
03:38:43.771 [main] INFO  c.sequencer.consumer.LoggingConsumer - [9] [CreateOrder](sbeTemplateId=4|sbeSchemaId=2|sbeSchemaVersion=0|sbeBlockLength=33):instrumentId=0|price=98|quantity=100|side=BUY|orderId=9
03:38:43.772 [main] INFO  c.gettingstarted.MyAlgoLogic - [MYALGO] The state of the order book is:
|----BID-----||----ASK----|
   101 @ 100    100 @ 98
   200 @ 110    200 @ 95
  5000 @ 115    300 @ 91
|------------||-----------|

03:38:43.773 [main] INFO  c.gettingstarted.MyAlgoLogic - [MYALGO] Algo Sees Book as: 
|----BID-----||----ASK----|
   101 @ 100    100 @ 98
   200 @ 110    200 @ 95
  5000 @ 115    300 @ 91
|------------||-----------|

03:38:43.773 [main] INFO  c.gettingstarted.MyAlgoLogic - [MYALGO] Initial quantity100 price 98
03:38:43.773 [main] INFO  c.gettingstarted.TimedLogic - [TIMEDLOGIC] Market is open
03:38:43.774 [main] INFO  c.gettingstarted.MyAlgoLogic - [MYALGO] Adding order for100@98
03:38:43.775 [main] INFO  c.gettingstarted.MyAlgoLogic - [Sheza6] markets monitor size is 0
03:38:43.775 [main] INFO  c.container.Actioner - [ALGO] Actioner, sending action:CreateChildOrder(side=BUY,quantity=100,price=98)
03:38:43.775 [main] INFO  c.sequencer.consumer.LoggingConsumer - [10] [CreateOrder](sbeTemplateId=4|sbeSchemaId=2|sbeSchemaVersion=0|sbeBlockLength=33):instrumentId=0|price=98|quantity=100|side=BUY|orderId=10
03:38:43.775 [main] INFO  c.gettingstarted.MyAlgoLogic - [MYALGO] The state of the order book is:
|----BID-----||----ASK----|
   101 @ 100    100 @ 98
   200 @ 110    200 @ 95
  5000 @ 115    300 @ 91
|------------||-----------|

03:38:43.776 [main] INFO  c.gettingstarted.MyAlgoLogic - [MYALGO] Algo Sees Book as: 
|----BID-----||----ASK----|
   101 @ 100    100 @ 98
   200 @ 110    200 @ 95
  5000 @ 115    300 @ 91
|------------||-----------|

03:38:43.776 [main] INFO  c.gettingstarted.MyAlgoLogic - [MYALGO] Initial quantity100 price 98
03:38:43.776 [main] INFO  c.gettingstarted.TimedLogic - [TIMEDLOGIC] Market is open
03:38:43.776 [main] INFO  c.gettingstarted.MyAlgoLogic - [MYALGO] Adding order for100@98
03:38:43.777 [main] INFO  c.gettingstarted.MyAlgoLogic - [Sheza6] markets monitor size is 0
03:38:43.777 [main] INFO  c.container.Actioner - [ALGO] Actioner, sending action:CreateChildOrder(side=BUY,quantity=100,price=98)
03:38:43.777 [main] INFO  c.sequencer.consumer.LoggingConsumer - [11] [CreateOrder](sbeTemplateId=4|sbeSchemaId=2|sbeSchemaVersion=0|sbeBlockLength=33):instrumentId=0|price=98|quantity=100|side=BUY|orderId=11
03:38:43.784 [main] INFO  c.gettingstarted.MyAlgoLogic - [MYALGO] The state of the order book is:
|----BID-----||----ASK----|
   101 @ 100    100 @ 98
   200 @ 110    200 @ 95
  5000 @ 115    300 @ 91
|------------||-----------|

03:38:43.784 [main] INFO  c.gettingstarted.MyAlgoLogic - [MYALGO] Algo Sees Book as: 
|----BID-----||----ASK----|
   101 @ 100    100 @ 98
   200 @ 110    200 @ 95
  5000 @ 115    300 @ 91
|------------||-----------|

03:38:43.784 [main] INFO  c.gettingstarted.MyAlgoLogic - [MYALGO] Initial quantity100 price 98
03:38:43.784 [main] INFO  c.gettingstarted.TimedLogic - [TIMEDLOGIC] Market is open
03:38:43.784 [main] INFO  c.gettingstarted.MyAlgoLogic - [MYALGO] Adding order for100@98
03:38:43.784 [main] INFO  c.gettingstarted.MyAlgoLogic - [Sheza6] markets monitor size is 0
03:38:43.784 [main] INFO  c.container.Actioner - [ALGO] Actioner, sending action:CreateChildOrder(side=BUY,quantity=100,price=98)
03:38:43.785 [main] INFO  c.sequencer.consumer.LoggingConsumer - [12] [CreateOrder](sbeTemplateId=4|sbeSchemaId=2|sbeSchemaVersion=0|sbeBlockLength=33):instrumentId=0|price=98|quantity=100|side=BUY|orderId=12
03:38:43.785 [main] INFO  c.gettingstarted.MyAlgoLogic - [MYALGO] The state of the order book is:
|----BID-----||----ASK----|
   101 @ 100    100 @ 98
   200 @ 110    200 @ 95
  5000 @ 115    300 @ 91
|------------||-----------|

03:38:43.785 [main] INFO  c.gettingstarted.MyAlgoLogic - [MYALGO] Algo Sees Book as: 
|----BID-----||----ASK----|
   101 @ 100    100 @ 98
   200 @ 110    200 @ 95
  5000 @ 115    300 @ 91
|------------||-----------|

03:38:43.785 [main] INFO  c.gettingstarted.MyAlgoLogic - [MYALGO] Initial quantity100 price 98
03:38:43.786 [main] INFO  c.gettingstarted.TimedLogic - [TIMEDLOGIC] Market is open
03:38:43.786 [main] INFO  c.gettingstarted.MyAlgoLogic - [MYALGO] Adding order for100@98
03:38:43.786 [main] INFO  c.gettingstarted.MyAlgoLogic - [Sheza6] markets monitor size is 0
03:38:43.786 [main] INFO  c.container.Actioner - [ALGO] Actioner, sending action:CreateChildOrder(side=BUY,quantity=100,price=98)
03:38:43.787 [main] INFO  c.sequencer.consumer.LoggingConsumer - [13] [CreateOrder](sbeTemplateId=4|sbeSchemaId=2|sbeSchemaVersion=0|sbeBlockLength=33):instrumentId=0|price=98|quantity=100|side=BUY|orderId=13
03:38:43.787 [main] INFO  c.gettingstarted.MyAlgoLogic - [MYALGO] The state of the order book is:
|----BID-----||----ASK----|
   101 @ 100    100 @ 98
   200 @ 110    200 @ 95
  5000 @ 115    300 @ 91
|------------||-----------|

03:38:43.787 [pool-2-thread-1] INFO  c.gettingstarted.TimedLogic - [TIMEDLOGIC] data harvesting
Current market monitor list is 
03:38:43.788 [main] INFO  c.gettingstarted.MyAlgoLogic - [MYALGO] Algo Sees Book as: 
|----BID-----||----ASK----|
   101 @ 100    100 @ 98
   200 @ 110    200 @ 95
  5000 @ 115    300 @ 91
|------------||-----------|

03:38:43.789 [main] INFO  c.gettingstarted.MyAlgoLogic - [MYALGO] Initial quantity100 price 98
03:38:43.790 [pool-3-thread-1] INFO  c.gettingstarted.TimedLogic - [TIMEDLOGIC] data harvesting
Current market monitor list is 
03:38:43.790 [main] INFO  c.gettingstarted.TimedLogic - [TIMEDLOGIC] Market is open
03:38:43.790 [main] INFO  c.gettingstarted.MyAlgoLogic - [MYALGO] Adding order for100@98
03:38:43.791 [main] INFO  c.gettingstarted.MyAlgoLogic - [Sheza6] markets monitor size is 0
03:38:43.791 [main] INFO  c.container.Actioner - [ALGO] Actioner, sending action:CreateChildOrder(side=BUY,quantity=100,price=98)
03:38:43.791 [main] INFO  c.sequencer.consumer.LoggingConsumer - [14] [CreateOrder](sbeTemplateId=4|sbeSchemaId=2|sbeSchemaVersion=0|sbeBlockLength=33):instrumentId=0|price=98|quantity=100|side=BUY|orderId=14
03:38:43.791 [main] INFO  c.gettingstarted.MyAlgoLogic - [MYALGO] The state of the order book is:
|----BID-----||----ASK----|
   101 @ 100    100 @ 98
   200 @ 110    200 @ 95
  5000 @ 115    300 @ 91
|------------||-----------|

03:38:43.791 [main] INFO  c.gettingstarted.MyAlgoLogic - [MYALGO] Algo Sees Book as: 
|----BID-----||----ASK----|
   101 @ 100    100 @ 98
   200 @ 110    200 @ 95
  5000 @ 115    300 @ 91
|------------||-----------|

03:38:43.791 [main] INFO  c.gettingstarted.MyAlgoLogic - [MYALGO] Initial quantity100 price 98
03:38:43.791 [main] INFO  c.gettingstarted.TimedLogic - [TIMEDLOGIC] Market is open
03:38:43.792 [main] INFO  c.gettingstarted.MyAlgoLogic - [MYALGO] Adding order for100@98
03:38:43.792 [main] INFO  c.gettingstarted.MyAlgoLogic - [Sheza6] markets monitor size is 0
03:38:43.792 [main] INFO  c.container.Actioner - [ALGO] Actioner, sending action:CreateChildOrder(side=BUY,quantity=100,price=98)
03:38:43.792 [main] INFO  c.sequencer.consumer.LoggingConsumer - [15] [CreateOrder](sbeTemplateId=4|sbeSchemaId=2|sbeSchemaVersion=0|sbeBlockLength=33):instrumentId=0|price=98|quantity=100|side=BUY|orderId=15
03:38:43.792 [main] INFO  c.gettingstarted.MyAlgoLogic - [MYALGO] The state of the order book is:
|----BID-----||----ASK----|
   101 @ 100    100 @ 98
   200 @ 110    200 @ 95
  5000 @ 115    300 @ 91
|------------||-----------|

03:38:43.792 [main] INFO  c.gettingstarted.MyAlgoLogic - [MYALGO] Algo Sees Book as: 
|----BID-----||----ASK----|
   101 @ 100    100 @ 98
   200 @ 110    200 @ 95
  5000 @ 115    300 @ 91
|------------||-----------|

03:38:43.792 [main] INFO  c.gettingstarted.MyAlgoLogic - [MYALGO] Initial quantity100 price 98
03:38:43.792 [main] INFO  c.gettingstarted.TimedLogic - [TIMEDLOGIC] Market is open
03:38:43.793 [main] INFO  c.gettingstarted.MyAlgoLogic - [MYALGO] Adding order for100@98
03:38:43.793 [main] INFO  c.gettingstarted.MyAlgoLogic - [Sheza6] markets monitor size is 0
03:38:43.793 [main] INFO  c.container.Actioner - [ALGO] Actioner, sending action:CreateChildOrder(side=BUY,quantity=100,price=98)
03:38:43.793 [main] INFO  c.sequencer.consumer.LoggingConsumer - [16] [CreateOrder](sbeTemplateId=4|sbeSchemaId=2|sbeSchemaVersion=0|sbeBlockLength=33):instrumentId=0|price=98|quantity=100|side=BUY|orderId=16
03:38:43.793 [main] INFO  c.gettingstarted.MyAlgoLogic - [MYALGO] The state of the order book is:
|----BID-----||----ASK----|
   101 @ 100    100 @ 98
   200 @ 110    200 @ 95
  5000 @ 115    300 @ 91
|------------||-----------|

03:38:43.793 [main] INFO  c.gettingstarted.MyAlgoLogic - [MYALGO] Algo Sees Book as: 
|----BID-----||----ASK----|
   101 @ 100    100 @ 98
   200 @ 110    200 @ 95
  5000 @ 115    300 @ 91
|------------||-----------|

03:38:43.793 [main] INFO  c.gettingstarted.MyAlgoLogic - [MYALGO] Initial quantity100 price 98
03:38:43.793 [main] INFO  c.gettingstarted.TimedLogic - [TIMEDLOGIC] Market is open
yolo Price: 100, Quantity: 101Current time: 03:38:43.717083600
yolo Price: 100, Quantity: 101Current time: 03:38:43.681179900
03:38:43.793 [pool-3-thread-1] INFO  c.gettingstarted.TimedLogic - [Sheza2] market monitor 1
03:38:43.794 [pool-3-thread-1] INFO  c.gettingstarted.TimedLogic - [Sheza2] market monitor size is 1
Current market monitor size is 1
03:38:43.794 [pool-3-thread-1] INFO  c.gettingstarted.TimedLogic - [Sheza3] market monitor size is 1
03:38:43.794 [pool-2-thread-1] INFO  c.gettingstarted.TimedLogic - [Sheza2] market monitor 1
03:38:43.794 [pool-2-thread-1] INFO  c.gettingstarted.TimedLogic - [Sheza2] market monitor size is 1
Current market monitor size is 1
03:38:43.794 [pool-2-thread-1] INFO  c.gettingstarted.TimedLogic - [Sheza3] market monitor size is 1
03:38:43.794 [main] INFO  c.gettingstarted.MyAlgoLogic - [MYALGO] Adding order for100@98
03:38:43.794 [main] INFO  c.gettingstarted.MyAlgoLogic - [Sheza6] markets monitor size is 0
03:38:43.794 [main] INFO  c.container.Actioner - [ALGO] Actioner, sending action:CreateChildOrder(side=BUY,quantity=100,price=98)
03:38:43.794 [main] INFO  c.sequencer.consumer.LoggingConsumer - [17] [CreateOrder](sbeTemplateId=4|sbeSchemaId=2|sbeSchemaVersion=0|sbeBlockLength=33):instrumentId=0|price=98|quantity=100|side=BUY|orderId=17
03:38:43.795 [main] INFO  c.gettingstarted.MyAlgoLogic - [MYALGO] The state of the order book is:
|----BID-----||----ASK----|
   101 @ 100    100 @ 98
   200 @ 110    200 @ 95
  5000 @ 115    300 @ 91
|------------||-----------|

03:38:43.795 [main] INFO  c.gettingstarted.MyAlgoLogic - [MYALGO] Algo Sees Book as: 
|----BID-----||----ASK----|
   101 @ 100    100 @ 98
   200 @ 110    200 @ 95
  5000 @ 115    300 @ 91
|------------||-----------|

03:38:43.795 [main] INFO  c.gettingstarted.MyAlgoLogic - [MYALGO] Initial quantity100 price 98
03:38:43.795 [main] INFO  c.gettingstarted.TimedLogic - [TIMEDLOGIC] Market is open
03:38:43.795 [main] INFO  c.gettingstarted.MyAlgoLogic - [MYALGO] Adding order for100@98
03:38:43.795 [main] INFO  c.gettingstarted.MyAlgoLogic - [Sheza6] markets monitor size is 0
03:38:43.795 [main] INFO  c.container.Actioner - [ALGO] Actioner, sending action:CreateChildOrder(side=BUY,quantity=100,price=98)
03:38:43.795 [main] INFO  c.sequencer.consumer.LoggingConsumer - [18] [CreateOrder](sbeTemplateId=4|sbeSchemaId=2|sbeSchemaVersion=0|sbeBlockLength=33):instrumentId=0|price=98|quantity=100|side=BUY|orderId=18
03:38:43.795 [main] INFO  c.gettingstarted.MyAlgoLogic - [MYALGO] The state of the order book is:
|----BID-----||----ASK----|
   101 @ 100    100 @ 98
   200 @ 110    200 @ 95
  5000 @ 115    300 @ 91
|------------||-----------|

03:38:43.795 [main] INFO  c.gettingstarted.MyAlgoLogic - [MYALGO] Algo Sees Book as: 
|----BID-----||----ASK----|
   101 @ 100    100 @ 98
   200 @ 110    200 @ 95
  5000 @ 115    300 @ 91
|------------||-----------|

03:38:43.796 [main] INFO  c.gettingstarted.MyAlgoLogic - [MYALGO] Initial quantity100 price 98
03:38:43.796 [main] INFO  c.gettingstarted.TimedLogic - [TIMEDLOGIC] Market is open
03:38:43.796 [main] INFO  c.gettingstarted.MyAlgoLogic - [MYALGO] Adding order for100@98
03:38:43.796 [main] INFO  c.gettingstarted.MyAlgoLogic - [Sheza6] markets monitor size is 0
03:38:43.796 [main] INFO  c.container.Actioner - [ALGO] Actioner, sending action:CreateChildOrder(side=BUY,quantity=100,price=98)
03:38:43.796 [main] INFO  c.sequencer.consumer.LoggingConsumer - [19] [CreateOrder](sbeTemplateId=4|sbeSchemaId=2|sbeSchemaVersion=0|sbeBlockLength=33):instrumentId=0|price=98|quantity=100|side=BUY|orderId=19
03:38:43.796 [main] INFO  c.gettingstarted.MyAlgoLogic - [MYALGO] The state of the order book is:
|----BID-----||----ASK----|
   101 @ 100    100 @ 98
   200 @ 110    200 @ 95
  5000 @ 115    300 @ 91
|------------||-----------|

03:38:43.796 [main] INFO  c.gettingstarted.MyAlgoLogic - [MYALGO] Algo Sees Book as: 
|----BID-----||----ASK----|
   101 @ 100    100 @ 98
   200 @ 110    200 @ 95
  5000 @ 115    300 @ 91
|------------||-----------|

03:38:43.796 [main] INFO  c.gettingstarted.MyAlgoLogic - [MYALGO] Initial quantity100 price 98
03:38:43.797 [main] INFO  c.gettingstarted.TimedLogic - [TIMEDLOGIC] Market is open
03:38:43.797 [main] INFO  c.gettingstarted.MyAlgoLogic - [MYALGO] Adding order for100@98
03:38:43.797 [main] INFO  c.gettingstarted.MyAlgoLogic - [Sheza6] markets monitor size is 0
03:38:43.797 [main] INFO  c.container.Actioner - [ALGO] Actioner, sending action:CreateChildOrder(side=BUY,quantity=100,price=98)
03:38:43.797 [main] INFO  c.sequencer.consumer.LoggingConsumer - [20] [CreateOrder](sbeTemplateId=4|sbeSchemaId=2|sbeSchemaVersion=0|sbeBlockLength=33):instrumentId=0|price=98|quantity=100|side=BUY|orderId=20
03:38:43.797 [main] INFO  c.gettingstarted.MyAlgoLogic - [MYALGO] The state of the order book is:
|----BID-----||----ASK----|
   101 @ 100    100 @ 98
   200 @ 110    200 @ 95
  5000 @ 115    300 @ 91
|------------||-----------|

03:38:43.797 [main] INFO  c.gettingstarted.MyAlgoLogic - [MYALGO] Algo Sees Book as: 
|----BID-----||----ASK----|
   101 @ 100    100 @ 98
   200 @ 110    200 @ 95
  5000 @ 115    300 @ 91
|------------||-----------|

03:38:43.797 [main] INFO  c.gettingstarted.MyAlgoLogic - [MYALGO] Initial quantity100 price 98
03:38:43.798 [main] INFO  c.gettingstarted.TimedLogic - [TIMEDLOGIC] Market is open
03:38:43.798 [main] INFO  c.gettingstarted.MyAlgoLogic - [MYALGO] Adding order for100@98
03:38:43.798 [main] INFO  c.gettingstarted.MyAlgoLogic - [Sheza6] markets monitor size is 0
03:38:43.798 [main] INFO  c.container.Actioner - [ALGO] Actioner, sending action:CreateChildOrder(side=BUY,quantity=100,price=98)
03:38:43.798 [main] INFO  c.sequencer.consumer.LoggingConsumer - [21] [CreateOrder](sbeTemplateId=4|sbeSchemaId=2|sbeSchemaVersion=0|sbeBlockLength=33):instrumentId=0|price=98|quantity=100|side=BUY|orderId=21
03:38:43.798 [main] INFO  c.gettingstarted.MyAlgoLogic - [MYALGO] The state of the order book is:
|----BID-----||----ASK----|
   101 @ 100    100 @ 98
   200 @ 110    200 @ 95
  5000 @ 115    300 @ 91
|------------||-----------|

03:38:43.798 [main] INFO  c.gettingstarted.MyAlgoLogic - [MYALGO] Algo Sees Book as: 
|----BID-----||----ASK----|
   101 @ 100    100 @ 98
   200 @ 110    200 @ 95
  5000 @ 115    300 @ 91
|------------||-----------|

03:38:43.798 [main] INFO  c.gettingstarted.MyAlgoLogic - [MYALGO] Initial quantity100 price 98
03:38:43.798 [main] INFO  c.gettingstarted.TimedLogic - [TIMEDLOGIC] Market is open
03:38:43.799 [main] INFO  c.gettingstarted.MyAlgoLogic - [MYALGO] Adding order for100@98
03:38:43.799 [main] INFO  c.gettingstarted.MyAlgoLogic - [Sheza6] markets monitor size is 0
03:38:43.799 [main] INFO  c.container.Actioner - [ALGO] Actioner, sending action:CreateChildOrder(side=BUY,quantity=100,price=98)
03:38:43.799 [main] INFO  c.sequencer.consumer.LoggingConsumer - [22] [CreateOrder](sbeTemplateId=4|sbeSchemaId=2|sbeSchemaVersion=0|sbeBlockLength=33):instrumentId=0|price=98|quantity=100|side=BUY|orderId=22
03:38:43.799 [main] INFO  c.gettingstarted.MyAlgoLogic - [MYALGO] The state of the order book is:
|----BID-----||----ASK----|
   101 @ 100    100 @ 98
   200 @ 110    200 @ 95
  5000 @ 115    300 @ 91
|------------||-----------|

03:38:43.799 [main] INFO  c.gettingstarted.MyAlgoLogic - [MYALGO] Algo Sees Book as: 
|----BID-----||----ASK----|
   101 @ 100    100 @ 98
   200 @ 110    200 @ 95
  5000 @ 115    300 @ 91
|------------||-----------|

03:38:43.799 [main] INFO  c.gettingstarted.MyAlgoLogic - [MYALGO] Initial quantity100 price 98
03:38:43.799 [main] INFO  c.gettingstarted.TimedLogic - [TIMEDLOGIC] Market is open
03:38:43.799 [main] INFO  c.gettingstarted.MyAlgoLogic - [MYALGO] Adding order for100@98
03:38:43.799 [main] INFO  c.gettingstarted.MyAlgoLogic - [Sheza6] markets monitor size is 0
03:38:43.799 [main] INFO  c.container.Actioner - [ALGO] Actioner, sending action:CreateChildOrder(side=BUY,quantity=100,price=98)
03:38:43.799 [main] INFO  c.sequencer.consumer.LoggingConsumer - [23] [CreateOrder](sbeTemplateId=4|sbeSchemaId=2|sbeSchemaVersion=0|sbeBlockLength=33):instrumentId=0|price=98|quantity=100|side=BUY|orderId=23
03:38:43.800 [main] INFO  c.gettingstarted.MyAlgoLogic - [MYALGO] The state of the order book is:
|----BID-----||----ASK----|
   101 @ 100    100 @ 98
   200 @ 110    200 @ 95
  5000 @ 115    300 @ 91
|------------||-----------|

03:38:43.800 [main] INFO  c.gettingstarted.MyAlgoLogic - [MYALGO] Algo Sees Book as: 
|----BID-----||----ASK----|
   101 @ 100    100 @ 98
   200 @ 110    200 @ 95
  5000 @ 115    300 @ 91
|------------||-----------|

03:38:43.800 [main] INFO  c.gettingstarted.MyAlgoLogic - [MYALGO] Initial quantity100 price 98
03:38:43.800 [main] INFO  c.gettingstarted.TimedLogic - [TIMEDLOGIC] Market is open
03:38:43.800 [main] INFO  c.gettingstarted.MyAlgoLogic - [MYALGO] Adding order for100@98
03:38:43.800 [main] INFO  c.gettingstarted.MyAlgoLogic - [Sheza6] markets monitor size is 0
03:38:43.800 [main] INFO  c.container.Actioner - [ALGO] Actioner, sending action:CreateChildOrder(side=BUY,quantity=100,price=98)
03:38:43.800 [main] INFO  c.sequencer.consumer.LoggingConsumer - [24] [CreateOrder](sbeTemplateId=4|sbeSchemaId=2|sbeSchemaVersion=0|sbeBlockLength=33):instrumentId=0|price=98|quantity=100|side=BUY|orderId=24
03:38:43.800 [main] INFO  c.gettingstarted.MyAlgoLogic - [MYALGO] The state of the order book is:
|----BID-----||----ASK----|
   101 @ 100    100 @ 98
   200 @ 110    200 @ 95
  5000 @ 115    300 @ 91
|------------||-----------|

03:38:43.801 [main] INFO  c.gettingstarted.MyAlgoLogic - [MYALGO] Algo Sees Book as: 
|----BID-----||----ASK----|
   101 @ 100    100 @ 98
   200 @ 110    200 @ 95
  5000 @ 115    300 @ 91
|------------||-----------|

03:38:43.801 [main] INFO  c.gettingstarted.MyAlgoLogic - [MYALGO] Initial quantity100 price 98
03:38:43.801 [main] INFO  c.gettingstarted.TimedLogic - [TIMEDLOGIC] Market is open
03:38:43.801 [main] INFO  c.gettingstarted.MyAlgoLogic - [MYALGO] Adding order for100@98
03:38:43.801 [main] INFO  c.gettingstarted.MyAlgoLogic - [Sheza6] markets monitor size is 0
03:38:43.801 [main] INFO  c.container.Actioner - [ALGO] Actioner, sending action:CreateChildOrder(side=BUY,quantity=100,price=98)
03:38:43.801 [main] INFO  c.sequencer.consumer.LoggingConsumer - [25] [CreateOrder](sbeTemplateId=4|sbeSchemaId=2|sbeSchemaVersion=0|sbeBlockLength=33):instrumentId=0|price=98|quantity=100|side=BUY|orderId=25
03:38:43.801 [main] INFO  c.gettingstarted.MyAlgoLogic - [MYALGO] The state of the order book is:
|----BID-----||----ASK----|
   101 @ 100    100 @ 98
   200 @ 110    200 @ 95
  5000 @ 115    300 @ 91
|------------||-----------|

03:38:43.802 [main] INFO  c.gettingstarted.MyAlgoLogic - [MYALGO] Algo Sees Book as: 
|----BID-----||----ASK----|
   101 @ 100    100 @ 98
   200 @ 110    200 @ 95
  5000 @ 115    300 @ 91
|------------||-----------|

03:38:43.802 [main] INFO  c.gettingstarted.MyAlgoLogic - [MYALGO] Initial quantity100 price 98
03:38:43.802 [main] INFO  c.gettingstarted.TimedLogic - [TIMEDLOGIC] Market is open
03:38:43.802 [main] INFO  c.gettingstarted.MyAlgoLogic - [MYALGO] Adding order for100@98
03:38:43.802 [main] INFO  c.gettingstarted.MyAlgoLogic - [Sheza6] markets monitor size is 0
03:38:43.802 [main] INFO  c.container.Actioner - [ALGO] Actioner, sending action:CreateChildOrder(side=BUY,quantity=100,price=98)
03:38:43.802 [main] INFO  c.sequencer.consumer.LoggingConsumer - [26] [CreateOrder](sbeTemplateId=4|sbeSchemaId=2|sbeSchemaVersion=0|sbeBlockLength=33):instrumentId=0|price=98|quantity=100|side=BUY|orderId=26
03:38:43.802 [pool-6-thread-1] INFO  c.gettingstarted.TimedLogic - [TIMEDLOGIC] data harvesting
Current market monitor list is 
03:38:43.802 [main] INFO  c.gettingstarted.MyAlgoLogic - [MYALGO] The state of the order book is:
|----BID-----||----ASK----|
   101 @ 100    100 @ 98
   200 @ 110    200 @ 95
  5000 @ 115    300 @ 91
|------------||-----------|

yolo Price: 115, Quantity: 5000Current time: 03:38:43.727057400
03:38:43.802 [main] INFO  c.gettingstarted.MyAlgoLogic - [MYALGO] Algo Sees Book as: 
|----BID-----||----ASK----|
   101 @ 100    100 @ 98
   200 @ 110    200 @ 95
  5000 @ 115    300 @ 91
|------------||-----------|

03:38:43.802 [pool-6-thread-1] INFO  c.gettingstarted.TimedLogic - [Sheza2] market monitor 2
03:38:43.803 [pool-6-thread-1] INFO  c.gettingstarted.TimedLogic - [Sheza2] market monitor size is 2
yolo Price: 100, Quantity: 101Current time: 03:38:43.727057400
03:38:43.803 [pool-6-thread-1] INFO  c.gettingstarted.TimedLogic - [Sheza2] market monitor 2
03:38:43.803 [pool-6-thread-1] INFO  c.gettingstarted.TimedLogic - [Sheza2] market monitor size is 2
Current market monitor size is 2
03:38:43.803 [pool-6-thread-1] INFO  c.gettingstarted.TimedLogic - [Sheza3] market monitor size is 2
03:38:43.803 [main] INFO  c.gettingstarted.MyAlgoLogic - [MYALGO] Initial quantity100 price 98
03:38:43.803 [main] INFO  c.gettingstarted.TimedLogic - [TIMEDLOGIC] Market is open
03:38:43.803 [main] INFO  c.gettingstarted.MyAlgoLogic - [MYALGO] Adding order for100@98
03:38:43.803 [pool-5-thread-1] INFO  c.gettingstarted.TimedLogic - [TIMEDLOGIC] data harvesting
Current market monitor list is 
yolo Price: 115, Quantity: 5000Current time: 03:38:43.723067700
03:38:43.803 [main] INFO  c.gettingstarted.MyAlgoLogic - [Sheza6] markets monitor size is 0
03:38:43.803 [pool-5-thread-1] INFO  c.gettingstarted.TimedLogic - [Sheza2] market monitor 3
03:38:43.803 [main] INFO  c.container.Actioner - [ALGO] Actioner, sending action:CreateChildOrder(side=BUY,quantity=100,price=98)
03:38:43.803 [pool-7-thread-1] INFO  c.gettingstarted.TimedLogic - [TIMEDLOGIC] data harvesting
Current market monitor list is 
yolo Price: 115, Quantity: 5000Current time: 03:38:43.729052200
03:38:43.803 [pool-7-thread-1] INFO  c.gettingstarted.TimedLogic - [Sheza2] market monitor 3
03:38:43.803 [main] INFO  c.sequencer.consumer.LoggingConsumer - [27] [CreateOrder](sbeTemplateId=4|sbeSchemaId=2|sbeSchemaVersion=0|sbeBlockLength=33):instrumentId=0|price=98|quantity=100|side=BUY|orderId=27
03:38:43.803 [pool-5-thread-1] INFO  c.gettingstarted.TimedLogic - [Sheza2] market monitor size is 3
yolo Price: 100, Quantity: 101Current time: 03:38:43.723067700
03:38:43.804 [pool-5-thread-1] INFO  c.gettingstarted.TimedLogic - [Sheza2] market monitor 3
03:38:43.804 [main] INFO  c.gettingstarted.MyAlgoLogic - [MYALGO] The state of the order book is:
|----BID-----||----ASK----|
   101 @ 100    100 @ 98
   200 @ 110    200 @ 95
  5000 @ 115    300 @ 91
|------------||-----------|

03:38:43.803 [pool-7-thread-1] INFO  c.gettingstarted.TimedLogic - [Sheza2] market monitor size is 3
yolo Price: 100, Quantity: 101Current time: 03:38:43.729052200
03:38:43.804 [pool-7-thread-1] INFO  c.gettingstarted.TimedLogic - [Sheza2] market monitor 3
03:38:43.804 [pool-7-thread-1] INFO  c.gettingstarted.TimedLogic - [Sheza2] market monitor size is 3
yolo Price: 110, Quantity: 200Current time: 03:38:43.729052200
03:38:43.804 [pool-7-thread-1] INFO  c.gettingstarted.TimedLogic - [Sheza2] market monitor 3
03:38:43.804 [pool-7-thread-1] INFO  c.gettingstarted.TimedLogic - [Sheza2] market monitor size is 3
Current market monitor size is 3
03:38:43.804 [pool-5-thread-1] INFO  c.gettingstarted.TimedLogic - [Sheza2] market monitor size is 3
yolo Price: 110, Quantity: 200Current time: 03:38:43.723067700
03:38:43.804 [pool-7-thread-1] INFO  c.gettingstarted.TimedLogic - [Sheza3] market monitor size is 3
03:38:43.804 [pool-5-thread-1] INFO  c.gettingstarted.TimedLogic - [Sheza2] market monitor 3
03:38:43.804 [main] INFO  c.gettingstarted.MyAlgoLogic - [MYALGO] Algo Sees Book as: 
|----BID-----||----ASK----|
   101 @ 100    100 @ 98
   200 @ 110    200 @ 95
  5000 @ 115    300 @ 91
|------------||-----------|

03:38:43.804 [pool-5-thread-1] INFO  c.gettingstarted.TimedLogic - [Sheza2] market monitor size is 3
Current market monitor size is 3
03:38:43.804 [pool-5-thread-1] INFO  c.gettingstarted.TimedLogic - [Sheza3] market monitor size is 3
03:38:43.804 [main] INFO  c.gettingstarted.MyAlgoLogic - [MYALGO] Initial quantity100 price 98
03:38:43.804 [main] INFO  c.gettingstarted.TimedLogic - [TIMEDLOGIC] Market is open
03:38:43.805 [main] INFO  c.gettingstarted.MyAlgoLogic - [MYALGO] Adding order for100@98
03:38:43.805 [main] INFO  c.gettingstarted.MyAlgoLogic - [Sheza6] markets monitor size is 0
03:38:43.805 [main] INFO  c.container.Actioner - [ALGO] Actioner, sending action:CreateChildOrder(side=BUY,quantity=100,price=98)
03:38:43.805 [main] INFO  c.sequencer.consumer.LoggingConsumer - [28] [CreateOrder](sbeTemplateId=4|sbeSchemaId=2|sbeSchemaVersion=0|sbeBlockLength=33):instrumentId=0|price=98|quantity=100|side=BUY|orderId=28
03:38:43.805 [main] INFO  c.gettingstarted.MyAlgoLogic - [MYALGO] The state of the order book is:
|----BID-----||----ASK----|
   101 @ 100    100 @ 98
   200 @ 110    200 @ 95
  5000 @ 115    300 @ 91
|------------||-----------|

03:38:43.805 [pool-8-thread-1] INFO  c.gettingstarted.TimedLogic - [TIMEDLOGIC] data harvesting
Current market monitor list is 
03:38:43.805 [main] INFO  c.gettingstarted.MyAlgoLogic - [MYALGO] Algo Sees Book as: 
|----BID-----||----ASK----|
   101 @ 100    100 @ 98
   200 @ 110    200 @ 95
  5000 @ 115    300 @ 91
|------------||-----------|

yolo Price: 115, Quantity: 5000Current time: 03:38:43.737030300
03:38:43.805 [pool-8-thread-1] INFO  c.gettingstarted.TimedLogic - [Sheza2] market monitor 4
03:38:43.805 [pool-8-thread-1] INFO  c.gettingstarted.TimedLogic - [Sheza2] market monitor size is 4
yolo Price: 100, Quantity: 101Current time: 03:38:43.737030300
03:38:43.805 [pool-8-thread-1] INFO  c.gettingstarted.TimedLogic - [Sheza2] market monitor 4
03:38:43.805 [pool-8-thread-1] INFO  c.gettingstarted.TimedLogic - [Sheza2] market monitor size is 4
yolo Price: 119, Quantity: 5600Current time: 03:38:43.737030300
03:38:43.805 [main] INFO  c.gettingstarted.MyAlgoLogic - [MYALGO] Initial quantity100 price 98
03:38:43.805 [pool-8-thread-1] INFO  c.gettingstarted.TimedLogic - [Sheza2] market monitor 4
03:38:43.805 [pool-8-thread-1] INFO  c.gettingstarted.TimedLogic - [Sheza2] market monitor size is 4
yolo Price: 110, Quantity: 200Current time: 03:38:43.737030300
03:38:43.805 [main] INFO  c.gettingstarted.TimedLogic - [TIMEDLOGIC] Market is open
03:38:43.805 [pool-8-thread-1] INFO  c.gettingstarted.TimedLogic - [Sheza2] market monitor 4
03:38:43.805 [pool-8-thread-1] INFO  c.gettingstarted.TimedLogic - [Sheza2] market monitor size is 4
Current market monitor size is 4
03:38:43.805 [pool-8-thread-1] INFO  c.gettingstarted.TimedLogic - [Sheza3] market monitor size is 4
03:38:43.806 [main] INFO  c.gettingstarted.MyAlgoLogic - [MYALGO] Adding order for100@98
03:38:43.806 [main] INFO  c.gettingstarted.MyAlgoLogic - [Sheza6] markets monitor size is 0
03:38:43.806 [main] INFO  c.container.Actioner - [ALGO] Actioner, sending action:CreateChildOrder(side=BUY,quantity=100,price=98)
03:38:43.806 [main] INFO  c.sequencer.consumer.LoggingConsumer - [29] [CreateOrder](sbeTemplateId=4|sbeSchemaId=2|sbeSchemaVersion=0|sbeBlockLength=33):instrumentId=0|price=98|quantity=100|side=BUY|orderId=29
03:38:43.806 [main] INFO  c.gettingstarted.MyAlgoLogic - [MYALGO] The state of the order book is:
|----BID-----||----ASK----|
   101 @ 100    100 @ 98
   200 @ 110    200 @ 95
  5000 @ 115    300 @ 91
|------------||-----------|

03:38:43.806 [main] INFO  c.gettingstarted.MyAlgoLogic - [MYALGO] Algo Sees Book as: 
|----BID-----||----ASK----|
   101 @ 100    100 @ 98
   200 @ 110    200 @ 95
  5000 @ 115    300 @ 91
|------------||-----------|

03:38:43.806 [main] INFO  c.gettingstarted.MyAlgoLogic - [MYALGO] Initial quantity100 price 98
03:38:43.806 [main] INFO  c.gettingstarted.TimedLogic - [TIMEDLOGIC] Market is open
03:38:43.806 [pool-9-thread-1] INFO  c.gettingstarted.TimedLogic - [TIMEDLOGIC] data harvesting
Current market monitor list is 
yolo Price: 115, Quantity: 5000Current time: 03:38:43.739025200
03:38:43.806 [pool-9-thread-1] INFO  c.gettingstarted.TimedLogic - [Sheza2] market monitor 4
03:38:43.806 [pool-9-thread-1] INFO  c.gettingstarted.TimedLogic - [Sheza2] market monitor size is 4
yolo Price: 100, Quantity: 101Current time: 03:38:43.739025200
03:38:43.806 [pool-9-thread-1] INFO  c.gettingstarted.TimedLogic - [Sheza2] market monitor 4
03:38:43.806 [main] INFO  c.gettingstarted.MyAlgoLogic - [MYALGO] Adding order for100@98
03:38:43.806 [pool-9-thread-1] INFO  c.gettingstarted.TimedLogic - [Sheza2] market monitor size is 4
03:38:43.806 [main] INFO  c.gettingstarted.MyAlgoLogic - [Sheza6] markets monitor size is 0
yolo Price: 119, Quantity: 5600Current time: 03:38:43.739025200
03:38:43.806 [pool-9-thread-1] INFO  c.gettingstarted.TimedLogic - [Sheza2] market monitor 4
03:38:43.806 [main] INFO  c.container.Actioner - [ALGO] Actioner, sending action:CreateChildOrder(side=BUY,quantity=100,price=98)
03:38:43.806 [pool-9-thread-1] INFO  c.gettingstarted.TimedLogic - [Sheza2] market monitor size is 4
yolo Price: 110, Quantity: 200Current time: 03:38:43.739025200
03:38:43.807 [pool-9-thread-1] INFO  c.gettingstarted.TimedLogic - [Sheza2] market monitor 4
03:38:43.807 [pool-9-thread-1] INFO  c.gettingstarted.TimedLogic - [Sheza2] market monitor size is 4
Current market monitor size is 4
03:38:43.807 [pool-9-thread-1] INFO  c.gettingstarted.TimedLogic - [Sheza3] market monitor size is 4
03:38:43.807 [main] INFO  c.sequencer.consumer.LoggingConsumer - [30] [CreateOrder](sbeTemplateId=4|sbeSchemaId=2|sbeSchemaVersion=0|sbeBlockLength=33):instrumentId=0|price=98|quantity=100|side=BUY|orderId=30
03:38:43.807 [main] INFO  c.gettingstarted.MyAlgoLogic - [MYALGO] The state of the order book is:
|----BID-----||----ASK----|
   101 @ 100    100 @ 98
   200 @ 110    200 @ 95
  5000 @ 115    300 @ 91
|------------||-----------|

03:38:43.807 [main] INFO  c.gettingstarted.MyAlgoLogic - [MYALGO] Algo Sees Book as: 
|----BID-----||----ASK----|
   101 @ 100    100 @ 98
   200 @ 110    200 @ 95
  5000 @ 115    300 @ 91
|------------||-----------|

03:38:43.807 [main] INFO  c.gettingstarted.MyAlgoLogic - [MYALGO] Initial quantity100 price 98
03:38:43.807 [main] INFO  c.gettingstarted.TimedLogic - [TIMEDLOGIC] Market is open
03:38:43.808 [main] INFO  c.gettingstarted.MyAlgoLogic - [MYALGO] Adding order for100@98
03:38:43.808 [main] INFO  c.gettingstarted.MyAlgoLogic - [Sheza6] markets monitor size is 1
03:38:43.808 [main] INFO  c.container.Actioner - [ALGO] Actioner, sending action:CreateChildOrder(side=BUY,quantity=100,price=98)
03:38:43.809 [main] INFO  c.sequencer.consumer.LoggingConsumer - [31] [CreateOrder](sbeTemplateId=4|sbeSchemaId=2|sbeSchemaVersion=0|sbeBlockLength=33):instrumentId=0|price=98|quantity=100|side=BUY|orderId=31
03:38:43.809 [main] INFO  c.gettingstarted.MyAlgoLogic - [MYALGO] The state of the order book is:
|----BID-----||----ASK----|
   101 @ 100    100 @ 98
   200 @ 110    200 @ 95
  5000 @ 115    300 @ 91
|------------||-----------|

03:38:43.808 [pool-10-thread-1] INFO  c.gettingstarted.TimedLogic - [TIMEDLOGIC] data harvesting
Current market monitor list is 
03:38:43.809 [main] INFO  c.gettingstarted.MyAlgoLogic - [MYALGO] Algo Sees Book as: 
|----BID-----||----ASK----|
   101 @ 100    100 @ 98
   200 @ 110    200 @ 95
  5000 @ 115    300 @ 91
|------------||-----------|

yolo Price: 98, Quantity: 100Current time: 03:38:43.755979400
03:38:43.809 [pool-10-thread-1] INFO  c.gettingstarted.TimedLogic - [Sheza2] market monitor 1
03:38:43.809 [main] INFO  c.gettingstarted.MyAlgoLogic - [MYALGO] Initial quantity100 price 98
03:38:43.809 [pool-10-thread-1] INFO  c.gettingstarted.TimedLogic - [Sheza2] market monitor size is 1
Current market monitor size is 1
03:38:43.809 [pool-10-thread-1] INFO  c.gettingstarted.TimedLogic - [Sheza3] market monitor size is 1
03:38:43.809 [main] INFO  c.gettingstarted.TimedLogic - [TIMEDLOGIC] Market is open
03:38:43.809 [main] INFO  c.gettingstarted.MyAlgoLogic - [MYALGO] Adding order for100@98
03:38:43.809 [main] INFO  c.gettingstarted.MyAlgoLogic - [Sheza6] markets monitor size is 1
03:38:43.809 [main] INFO  c.container.Actioner - [ALGO] Actioner, sending action:CreateChildOrder(side=BUY,quantity=100,price=98)
03:38:43.809 [main] INFO  c.sequencer.consumer.LoggingConsumer - [32] [CreateOrder](sbeTemplateId=4|sbeSchemaId=2|sbeSchemaVersion=0|sbeBlockLength=33):instrumentId=0|price=98|quantity=100|side=BUY|orderId=32
03:38:43.810 [main] INFO  c.gettingstarted.MyAlgoLogic - [MYALGO] The state of the order book is:
|----BID-----||----ASK----|
   101 @ 100    100 @ 98
   200 @ 110    200 @ 95
  5000 @ 115    300 @ 91
|------------||-----------|

03:38:43.810 [main] INFO  c.gettingstarted.MyAlgoLogic - [MYALGO] Algo Sees Book as: 
|----BID-----||----ASK----|
   101 @ 100    100 @ 98
   200 @ 110    200 @ 95
  5000 @ 115    300 @ 91
|------------||-----------|

03:38:43.810 [main] INFO  c.gettingstarted.MyAlgoLogic - [MYALGO] Initial quantity100 price 98
03:38:43.810 [main] INFO  c.gettingstarted.TimedLogic - [TIMEDLOGIC] Market is open
03:38:43.812 [main] INFO  c.gettingstarted.MyAlgoLogic - [MYALGO] Adding order for100@98
03:38:43.812 [main] INFO  c.gettingstarted.MyAlgoLogic - [Sheza6] markets monitor size is 1
03:38:43.812 [main] INFO  c.container.Actioner - [ALGO] Actioner, sending action:CreateChildOrder(side=BUY,quantity=100,price=98)
03:38:43.812 [main] INFO  c.sequencer.consumer.LoggingConsumer - [33] [CreateOrder](sbeTemplateId=4|sbeSchemaId=2|sbeSchemaVersion=0|sbeBlockLength=33):instrumentId=0|price=98|quantity=100|side=BUY|orderId=33
03:38:43.812 [main] INFO  c.gettingstarted.MyAlgoLogic - [MYALGO] The state of the order book is:
|----BID-----||----ASK----|
   101 @ 100    100 @ 98
   200 @ 110    200 @ 95
  5000 @ 115    300 @ 91
|------------||-----------|

03:38:43.812 [main] INFO  c.gettingstarted.MyAlgoLogic - [MYALGO] Algo Sees Book as: 
|----BID-----||----ASK----|
   101 @ 100    100 @ 98
   200 @ 110    200 @ 95
  5000 @ 115    300 @ 91
|------------||-----------|

03:38:43.813 [main] INFO  c.gettingstarted.MyAlgoLogic - [MYALGO] Initial quantity100 price 98
03:38:43.813 [main] INFO  c.gettingstarted.TimedLogic - [TIMEDLOGIC] Market is open
03:38:43.813 [main] INFO  c.gettingstarted.MyAlgoLogic - [MYALGO] Adding order for100@98
03:38:43.813 [main] INFO  c.gettingstarted.MyAlgoLogic - [Sheza6] markets monitor size is 1
03:38:43.813 [main] INFO  c.container.Actioner - [ALGO] Actioner, sending action:CreateChildOrder(side=BUY,quantity=100,price=98)
03:38:43.813 [main] INFO  c.sequencer.consumer.LoggingConsumer - [34] [CreateOrder](sbeTemplateId=4|sbeSchemaId=2|sbeSchemaVersion=0|sbeBlockLength=33):instrumentId=0|price=98|quantity=100|side=BUY|orderId=34
03:38:43.814 [pool-11-thread-1] INFO  c.gettingstarted.TimedLogic - [TIMEDLOGIC] data harvesting
Current market monitor list is 
yolo Price: 98, Quantity: 100Current time: 03:38:43.756976600
03:38:43.814 [pool-11-thread-1] INFO  c.gettingstarted.TimedLogic - [Sheza2] market monitor 1
03:38:43.814 [pool-11-thread-1] INFO  c.gettingstarted.TimedLogic - [Sheza2] market monitor size is 1
Current market monitor size is 1
03:38:43.814 [pool-11-thread-1] INFO  c.gettingstarted.TimedLogic - [Sheza3] market monitor size is 1
03:38:43.814 [main] INFO  c.gettingstarted.MyAlgoLogic - [MYALGO] The state of the order book is:
|----BID-----||----ASK----|
   101 @ 100    100 @ 98
   200 @ 110    200 @ 95
  5000 @ 115    300 @ 91
|------------||-----------|

03:38:43.814 [main] INFO  c.gettingstarted.MyAlgoLogic - [MYALGO] Algo Sees Book as: 
|----BID-----||----ASK----|
   101 @ 100    100 @ 98
   200 @ 110    200 @ 95
  5000 @ 115    300 @ 91
|------------||-----------|

03:38:43.815 [main] INFO  c.gettingstarted.MyAlgoLogic - [MYALGO] Initial quantity100 price 98
03:38:43.815 [main] INFO  c.gettingstarted.TimedLogic - [TIMEDLOGIC] Market is open
03:38:43.815 [main] INFO  c.gettingstarted.MyAlgoLogic - [MYALGO] Adding order for100@98
03:38:43.815 [main] INFO  c.gettingstarted.MyAlgoLogic - [Sheza6] markets monitor size is 1
03:38:43.815 [main] INFO  c.container.Actioner - [ALGO] Actioner, sending action:CreateChildOrder(side=BUY,quantity=100,price=98)
03:38:43.815 [main] INFO  c.sequencer.consumer.LoggingConsumer - [35] [CreateOrder](sbeTemplateId=4|sbeSchemaId=2|sbeSchemaVersion=0|sbeBlockLength=33):instrumentId=0|price=98|quantity=100|side=BUY|orderId=35
03:38:43.815 [main] INFO  c.gettingstarted.MyAlgoLogic - [MYALGO] The state of the order book is:
|----BID-----||----ASK----|
   101 @ 100    100 @ 98
   200 @ 110    200 @ 95
  5000 @ 115    300 @ 91
|------------||-----------|

03:38:43.816 [main] INFO  c.gettingstarted.MyAlgoLogic - [MYALGO] Algo Sees Book as: 
|----BID-----||----ASK----|
   101 @ 100    100 @ 98
   200 @ 110    200 @ 95
  5000 @ 115    300 @ 91
|------------||-----------|

03:38:43.816 [main] INFO  c.gettingstarted.MyAlgoLogic - [MYALGO] Initial quantity100 price 98
03:38:43.816 [main] INFO  c.gettingstarted.TimedLogic - [TIMEDLOGIC] Market is open
03:38:43.817 [main] INFO  c.gettingstarted.MyAlgoLogic - [MYALGO] Adding order for100@98
03:38:43.817 [main] INFO  c.gettingstarted.MyAlgoLogic - [Sheza6] markets monitor size is 1
03:38:43.817 [main] INFO  c.container.Actioner - [ALGO] Actioner, sending action:CreateChildOrder(side=BUY,quantity=100,price=98)
03:38:43.817 [main] INFO  c.sequencer.consumer.LoggingConsumer - [36] [CreateOrder](sbeTemplateId=4|sbeSchemaId=2|sbeSchemaVersion=0|sbeBlockLength=33):instrumentId=0|price=98|quantity=100|side=BUY|orderId=36
03:38:43.817 [main] INFO  c.gettingstarted.MyAlgoLogic - [MYALGO] The state of the order book is:
|----BID-----||----ASK----|
   101 @ 100    100 @ 98
   200 @ 110    200 @ 95
  5000 @ 115    300 @ 91
|------------||-----------|

03:38:43.817 [main] INFO  c.gettingstarted.MyAlgoLogic - [MYALGO] Algo Sees Book as: 
|----BID-----||----ASK----|
   101 @ 100    100 @ 98
   200 @ 110    200 @ 95
  5000 @ 115    300 @ 91
|------------||-----------|

03:38:43.818 [main] INFO  c.gettingstarted.MyAlgoLogic - [MYALGO] Initial quantity100 price 98
03:38:43.818 [main] INFO  c.gettingstarted.TimedLogic - [TIMEDLOGIC] Market is open
03:38:43.818 [main] INFO  c.gettingstarted.MyAlgoLogic - [MYALGO] Adding order for100@98
03:38:43.819 [main] INFO  c.gettingstarted.MyAlgoLogic - [Sheza6] markets monitor size is 1
03:38:43.819 [main] INFO  c.container.Actioner - [ALGO] Actioner, sending action:CreateChildOrder(side=BUY,quantity=100,price=98)
03:38:43.819 [main] INFO  c.sequencer.consumer.LoggingConsumer - [37] [CreateOrder](sbeTemplateId=4|sbeSchemaId=2|sbeSchemaVersion=0|sbeBlockLength=33):instrumentId=0|price=98|quantity=100|side=BUY|orderId=37
03:38:43.825 [pool-12-thread-1] INFO  c.gettingstarted.TimedLogic - [TIMEDLOGIC] data harvesting
Current market monitor list is 
yolo Price: 98, Quantity: 100Current time: 03:38:43.758971300
03:38:43.825 [pool-12-thread-1] INFO  c.gettingstarted.TimedLogic - [Sheza2] market monitor 1
03:38:43.825 [pool-12-thread-1] INFO  c.gettingstarted.TimedLogic - [Sheza2] market monitor size is 1
Current market monitor size is 1
03:38:43.825 [pool-12-thread-1] INFO  c.gettingstarted.TimedLogic - [Sheza3] market monitor size is 1
03:38:43.822 [main] INFO  c.gettingstarted.MyAlgoLogic - [MYALGO] The state of the order book is:
|----BID-----||----ASK----|
   101 @ 100    100 @ 98
   200 @ 110    200 @ 95
  5000 @ 115    300 @ 91
|------------||-----------|

03:38:43.826 [main] INFO  c.gettingstarted.MyAlgoLogic - [MYALGO] Algo Sees Book as: 
|----BID-----||----ASK----|
   101 @ 100    100 @ 98
   200 @ 110    200 @ 95
  5000 @ 115    300 @ 91
|------------||-----------|

03:38:43.826 [main] INFO  c.gettingstarted.MyAlgoLogic - [MYALGO] Initial quantity100 price 98
03:38:43.826 [main] INFO  c.gettingstarted.TimedLogic - [TIMEDLOGIC] Market is open
03:38:43.827 [main] INFO  c.gettingstarted.MyAlgoLogic - [MYALGO] Adding order for100@98
03:38:43.827 [main] INFO  c.gettingstarted.MyAlgoLogic - [Sheza6] markets monitor size is 1
03:38:43.828 [main] INFO  c.container.Actioner - [ALGO] Actioner, sending action:CreateChildOrder(side=BUY,quantity=100,price=98)
03:38:43.828 [main] INFO  c.sequencer.consumer.LoggingConsumer - [38] [CreateOrder](sbeTemplateId=4|sbeSchemaId=2|sbeSchemaVersion=0|sbeBlockLength=33):instrumentId=0|price=98|quantity=100|side=BUY|orderId=38
03:38:43.828 [main] INFO  c.gettingstarted.MyAlgoLogic - [MYALGO] The state of the order book is:
|----BID-----||----ASK----|
   101 @ 100    100 @ 98
   200 @ 110    200 @ 95
  5000 @ 115    300 @ 91
|------------||-----------|

03:38:43.828 [main] INFO  c.gettingstarted.MyAlgoLogic - [MYALGO] Algo Sees Book as: 
|----BID-----||----ASK----|
   101 @ 100    100 @ 98
   200 @ 110    200 @ 95
  5000 @ 115    300 @ 91
|------------||-----------|

03:38:43.828 [main] INFO  c.gettingstarted.MyAlgoLogic - [MYALGO] Initial quantity100 price 98
03:38:43.828 [main] INFO  c.gettingstarted.TimedLogic - [TIMEDLOGIC] Market is open
03:38:43.828 [main] INFO  c.gettingstarted.MyAlgoLogic - [MYALGO] Adding order for100@98
03:38:43.828 [main] INFO  c.gettingstarted.MyAlgoLogic - [Sheza6] markets monitor size is 1
03:38:43.828 [main] INFO  c.container.Actioner - [ALGO] Actioner, sending action:CreateChildOrder(side=BUY,quantity=100,price=98)
03:38:43.828 [main] INFO  c.sequencer.consumer.LoggingConsumer - [39] [CreateOrder](sbeTemplateId=4|sbeSchemaId=2|sbeSchemaVersion=0|sbeBlockLength=33):instrumentId=0|price=98|quantity=100|side=BUY|orderId=39
03:38:43.829 [main] INFO  c.gettingstarted.MyAlgoLogic - [MYALGO] The state of the order book is:
|----BID-----||----ASK----|
   101 @ 100    100 @ 98
   200 @ 110    200 @ 95
  5000 @ 115    300 @ 91
|------------||-----------|

03:38:43.829 [main] INFO  c.gettingstarted.MyAlgoLogic - [MYALGO] Algo Sees Book as: 
|----BID-----||----ASK----|
   101 @ 100    100 @ 98
   200 @ 110    200 @ 95
  5000 @ 115    300 @ 91
|------------||-----------|

03:38:43.829 [main] INFO  c.gettingstarted.MyAlgoLogic - [MYALGO] Initial quantity100 price 98
03:38:43.829 [main] INFO  c.gettingstarted.TimedLogic - [TIMEDLOGIC] Market is open
03:38:43.829 [main] INFO  c.gettingstarted.MyAlgoLogic - [MYALGO] Adding order for100@98
03:38:43.829 [main] INFO  c.gettingstarted.MyAlgoLogic - [Sheza6] markets monitor size is 1
03:38:43.829 [main] INFO  c.container.Actioner - [ALGO] Actioner, sending action:CreateChildOrder(side=BUY,quantity=100,price=98)
03:38:43.829 [main] INFO  c.sequencer.consumer.LoggingConsumer - [40] [CreateOrder](sbeTemplateId=4|sbeSchemaId=2|sbeSchemaVersion=0|sbeBlockLength=33):instrumentId=0|price=98|quantity=100|side=BUY|orderId=40
03:38:43.829 [main] INFO  c.gettingstarted.MyAlgoLogic - [MYALGO] The state of the order book is:
|----BID-----||----ASK----|
   101 @ 100    100 @ 98
   200 @ 110    200 @ 95
  5000 @ 115    300 @ 91
|------------||-----------|

03:38:43.829 [main] INFO  c.gettingstarted.MyAlgoLogic - [MYALGO] Algo Sees Book as: 
|----BID-----||----ASK----|
   101 @ 100    100 @ 98
   200 @ 110    200 @ 95
  5000 @ 115    300 @ 91
|------------||-----------|

03:38:43.829 [main] INFO  c.gettingstarted.MyAlgoLogic - [MYALGO] Initial quantity100 price 98
03:38:43.829 [main] INFO  c.gettingstarted.TimedLogic - [TIMEDLOGIC] Market is open
03:38:43.830 [main] INFO  c.gettingstarted.MyAlgoLogic - [MYALGO] Adding order for100@98
03:38:43.830 [main] INFO  c.gettingstarted.MyAlgoLogic - [Sheza6] markets monitor size is 1
03:38:43.830 [main] INFO  c.container.Actioner - [ALGO] Actioner, sending action:CreateChildOrder(side=BUY,quantity=100,price=98)
03:38:43.830 [pool-13-thread-1] INFO  c.gettingstarted.TimedLogic - [TIMEDLOGIC] data harvesting
Current market monitor list is 
yolo Price: 98, Quantity: 100Current time: 03:38:43.760966200
03:38:43.830 [main] INFO  c.sequencer.consumer.LoggingConsumer - [41] [CreateOrder](sbeTemplateId=4|sbeSchemaId=2|sbeSchemaVersion=0|sbeBlockLength=33):instrumentId=0|price=98|quantity=100|side=BUY|orderId=41
03:38:43.830 [pool-13-thread-1] INFO  c.gettingstarted.TimedLogic - [Sheza2] market monitor 1
03:38:43.830 [pool-13-thread-1] INFO  c.gettingstarted.TimedLogic - [Sheza2] market monitor size is 1
Current market monitor size is 1
03:38:43.830 [pool-13-thread-1] INFO  c.gettingstarted.TimedLogic - [Sheza3] market monitor size is 1
03:38:43.830 [main] INFO  c.gettingstarted.MyAlgoLogic - [MYALGO] The state of the order book is:
|----BID-----||----ASK----|
   101 @ 100    100 @ 98
   200 @ 110    200 @ 95
  5000 @ 115    300 @ 91
|------------||-----------|

03:38:43.830 [main] INFO  c.gettingstarted.MyAlgoLogic - [MYALGO] Algo Sees Book as: 
|----BID-----||----ASK----|
   101 @ 100    100 @ 98
   200 @ 110    200 @ 95
  5000 @ 115    300 @ 91
|------------||-----------|

03:38:43.830 [main] INFO  c.gettingstarted.MyAlgoLogic - [MYALGO] Initial quantity100 price 98
03:38:43.831 [main] INFO  c.gettingstarted.TimedLogic - [TIMEDLOGIC] Market is open
03:38:43.831 [main] INFO  c.gettingstarted.MyAlgoLogic - [MYALGO] Adding order for100@98
03:38:43.831 [main] INFO  c.gettingstarted.MyAlgoLogic - [Sheza6] markets monitor size is 1
03:38:43.831 [main] INFO  c.container.Actioner - [ALGO] Actioner, sending action:CreateChildOrder(side=BUY,quantity=100,price=98)
03:38:43.831 [main] INFO  c.sequencer.consumer.LoggingConsumer - [42] [CreateOrder](sbeTemplateId=4|sbeSchemaId=2|sbeSchemaVersion=0|sbeBlockLength=33):instrumentId=0|price=98|quantity=100|side=BUY|orderId=42
03:38:43.831 [main] INFO  c.gettingstarted.MyAlgoLogic - [MYALGO] The state of the order book is:
|----BID-----||----ASK----|
   101 @ 100    100 @ 98
   200 @ 110    200 @ 95
  5000 @ 115    300 @ 91
|------------||-----------|

03:38:43.831 [main] INFO  c.gettingstarted.MyAlgoLogic - [MYALGO] Algo Sees Book as: 
|----BID-----||----ASK----|
   101 @ 100    100 @ 98
   200 @ 110    200 @ 95
  5000 @ 115    300 @ 91
|------------||-----------|

03:38:43.831 [main] INFO  c.gettingstarted.MyAlgoLogic - [MYALGO] Initial quantity100 price 98
03:38:43.831 [main] INFO  c.gettingstarted.TimedLogic - [TIMEDLOGIC] Market is open
03:38:43.831 [pool-4-thread-1] INFO  c.gettingstarted.TimedLogic - [TIMEDLOGIC] data harvesting
03:38:43.831 [main] INFO  c.gettingstarted.MyAlgoLogic - [MYALGO] Adding order for100@98
03:38:43.831 [main] INFO  c.gettingstarted.MyAlgoLogic - [Sheza6] markets monitor size is 1
03:38:43.831 [main] INFO  c.container.Actioner - [ALGO] Actioner, sending action:CreateChildOrder(side=BUY,quantity=100,price=98)
03:38:43.832 [main] INFO  c.sequencer.consumer.LoggingConsumer - [43] [CreateOrder](sbeTemplateId=4|sbeSchemaId=2|sbeSchemaVersion=0|sbeBlockLength=33):instrumentId=0|price=98|quantity=100|side=BUY|orderId=43
03:38:43.832 [main] INFO  c.gettingstarted.MyAlgoLogic - [MYALGO] The state of the order book is:
|----BID-----||----ASK----|
   101 @ 100    100 @ 98
   200 @ 110    200 @ 95
  5000 @ 115    300 @ 91
|------------||-----------|

03:38:43.832 [main] INFO  c.gettingstarted.MyAlgoLogic - [MYALGO] Algo Sees Book as: 
|----BID-----||----ASK----|
   101 @ 100    100 @ 98
   200 @ 110    200 @ 95
  5000 @ 115    300 @ 91
|------------||-----------|

03:38:43.832 [main] INFO  c.gettingstarted.MyAlgoLogic - [MYALGO] Initial quantity100 price 98
03:38:43.832 [main] INFO  c.gettingstarted.TimedLogic - [TIMEDLOGIC] Market is open
03:38:43.832 [main] INFO  c.gettingstarted.MyAlgoLogic - [MYALGO] Adding order for100@98
03:38:43.832 [main] INFO  c.gettingstarted.MyAlgoLogic - [Sheza6] markets monitor size is 1
03:38:43.832 [main] INFO  c.container.Actioner - [ALGO] Actioner, sending action:CreateChildOrder(side=BUY,quantity=100,price=98)
03:38:43.832 [main] INFO  c.sequencer.consumer.LoggingConsumer - [44] [CreateOrder](sbeTemplateId=4|sbeSchemaId=2|sbeSchemaVersion=0|sbeBlockLength=33):instrumentId=0|price=98|quantity=100|side=BUY|orderId=44
03:38:43.832 [main] INFO  c.gettingstarted.MyAlgoLogic - [MYALGO] The state of the order book is:
|----BID-----||----ASK----|
   101 @ 100    100 @ 98
   200 @ 110    200 @ 95
  5000 @ 115    300 @ 91
|------------||-----------|

03:38:43.832 [main] INFO  c.gettingstarted.MyAlgoLogic - [MYALGO] Algo Sees Book as: 
|----BID-----||----ASK----|
   101 @ 100    100 @ 98
   200 @ 110    200 @ 95
  5000 @ 115    300 @ 91
|------------||-----------|

03:38:43.832 [main] INFO  c.gettingstarted.MyAlgoLogic - [MYALGO] Initial quantity100 price 98
03:38:43.832 [main] INFO  c.gettingstarted.TimedLogic - [TIMEDLOGIC] Market is open
03:38:43.833 [main] INFO  c.gettingstarted.MyAlgoLogic - [MYALGO] Adding order for100@98
03:38:43.833 [main] INFO  c.gettingstarted.MyAlgoLogic - [Sheza6] markets monitor size is 1
03:38:43.833 [main] INFO  c.container.Actioner - [ALGO] Actioner, sending action:CreateChildOrder(side=BUY,quantity=100,price=98)
03:38:43.833 [main] INFO  c.sequencer.consumer.LoggingConsumer - [45] [CreateOrder](sbeTemplateId=4|sbeSchemaId=2|sbeSchemaVersion=0|sbeBlockLength=33):instrumentId=0|price=98|quantity=100|side=BUY|orderId=45
03:38:43.833 [main] INFO  c.gettingstarted.MyAlgoLogic - [MYALGO] The state of the order book is:
|----BID-----||----ASK----|
   101 @ 100    100 @ 98
   200 @ 110    200 @ 95
  5000 @ 115    300 @ 91
|------------||-----------|

03:38:43.833 [main] INFO  c.gettingstarted.MyAlgoLogic - [MYALGO] Algo Sees Book as: 
|----BID-----||----ASK----|
   101 @ 100    100 @ 98
   200 @ 110    200 @ 95
  5000 @ 115    300 @ 91
|------------||-----------|

03:38:43.833 [main] INFO  c.gettingstarted.MyAlgoLogic - [MYALGO] Initial quantity100 price 98
03:38:43.833 [main] INFO  c.gettingstarted.TimedLogic - [TIMEDLOGIC] Market is open
03:38:43.833 [main] INFO  c.gettingstarted.MyAlgoLogic - [MYALGO] Adding order for100@98
03:38:43.833 [main] INFO  c.gettingstarted.MyAlgoLogic - [Sheza6] markets monitor size is 1
03:38:43.833 [main] INFO  c.container.Actioner - [ALGO] Actioner, sending action:CreateChildOrder(side=BUY,quantity=100,price=98)
03:38:43.833 [main] INFO  c.sequencer.consumer.LoggingConsumer - [46] [CreateOrder](sbeTemplateId=4|sbeSchemaId=2|sbeSchemaVersion=0|sbeBlockLength=33):instrumentId=0|price=98|quantity=100|side=BUY|orderId=46
03:38:43.834 [main] INFO  c.gettingstarted.MyAlgoLogic - [MYALGO] The state of the order book is:
|----BID-----||----ASK----|
   101 @ 100    100 @ 98
   200 @ 110    200 @ 95
  5000 @ 115    300 @ 91
|------------||-----------|

03:38:43.834 [main] INFO  c.gettingstarted.MyAlgoLogic - [MYALGO] Algo Sees Book as: 
|----BID-----||----ASK----|
   101 @ 100    100 @ 98
   200 @ 110    200 @ 95
  5000 @ 115    300 @ 91
|------------||-----------|

03:38:43.834 [main] INFO  c.gettingstarted.MyAlgoLogic - [MYALGO] Initial quantity100 price 98
03:38:43.834 [main] INFO  c.gettingstarted.TimedLogic - [TIMEDLOGIC] Market is open
03:38:43.834 [main] INFO  c.gettingstarted.MyAlgoLogic - [MYALGO] Adding order for100@98
03:38:43.834 [main] INFO  c.gettingstarted.MyAlgoLogic - [Sheza6] markets monitor size is 1
03:38:43.834 [main] INFO  c.container.Actioner - [ALGO] Actioner, sending action:CreateChildOrder(side=BUY,quantity=100,price=98)
Current market monitor list is 
03:38:43.834 [main] INFO  c.sequencer.consumer.LoggingConsumer - [47] [CreateOrder](sbeTemplateId=4|sbeSchemaId=2|sbeSchemaVersion=0|sbeBlockLength=33):instrumentId=0|price=98|quantity=100|side=BUY|orderId=47
yolo Price: 115, Quantity: 5000Current time: 03:38:43.721072400
03:38:43.834 [pool-4-thread-1] INFO  c.gettingstarted.TimedLogic - [Sheza2] market monitor 4
03:38:43.834 [pool-4-thread-1] INFO  c.gettingstarted.TimedLogic - [Sheza2] market monitor size is 4
yolo Price: 100, Quantity: 101Current time: 03:38:43.721072400
03:38:43.834 [pool-4-thread-1] INFO  c.gettingstarted.TimedLogic - [Sheza2] market monitor 4
03:38:43.834 [main] INFO  c.gettingstarted.MyAlgoLogic - [MYALGO] The state of the order book is:
|----BID-----||----ASK----|
   101 @ 100    100 @ 98
   200 @ 110    200 @ 95
  5000 @ 115    300 @ 91
|------------||-----------|

03:38:43.834 [pool-4-thread-1] INFO  c.gettingstarted.TimedLogic - [Sheza2] market monitor size is 4
yolo Price: 119, Quantity: 5600Current time: 03:38:43.721072400
03:38:43.834 [pool-4-thread-1] INFO  c.gettingstarted.TimedLogic - [Sheza2] market monitor 4
03:38:43.834 [pool-4-thread-1] INFO  c.gettingstarted.TimedLogic - [Sheza2] market monitor size is 4
yolo Price: 110, Quantity: 200Current time: 03:38:43.721072400
03:38:43.834 [main] INFO  c.gettingstarted.MyAlgoLogic - [MYALGO] Algo Sees Book as: 
|----BID-----||----ASK----|
   101 @ 100    100 @ 98
   200 @ 110    200 @ 95
  5000 @ 115    300 @ 91
|------------||-----------|

03:38:43.834 [pool-4-thread-1] INFO  c.gettingstarted.TimedLogic - [Sheza2] market monitor 4
03:38:43.834 [pool-4-thread-1] INFO  c.gettingstarted.TimedLogic - [Sheza2] market monitor size is 4
Current market monitor size is 4
03:38:43.834 [pool-4-thread-1] INFO  c.gettingstarted.TimedLogic - [Sheza3] market monitor size is 4
03:38:43.834 [main] INFO  c.gettingstarted.MyAlgoLogic - [MYALGO] Initial quantity100 price 98
03:38:43.834 [main] INFO  c.gettingstarted.TimedLogic - [TIMEDLOGIC] Market is open
03:38:43.834 [main] INFO  c.gettingstarted.MyAlgoLogic - [MYALGO] Adding order for100@98
03:38:43.834 [main] INFO  c.gettingstarted.MyAlgoLogic - [Sheza6] markets monitor size is 1
03:38:43.834 [main] INFO  c.container.Actioner - [ALGO] Actioner, sending action:CreateChildOrder(side=BUY,quantity=100,price=98)
03:38:43.836 [pool-14-thread-1] INFO  c.gettingstarted.TimedLogic - [TIMEDLOGIC] data harvesting
Current market monitor list is 
yolo Price: 98, Quantity: 100Current time: 03:38:43.764955800
03:38:43.836 [pool-14-thread-1] INFO  c.gettingstarted.TimedLogic - [Sheza2] market monitor 1
03:38:43.836 [pool-14-thread-1] INFO  c.gettingstarted.TimedLogic - [Sheza2] market monitor size is 1
Current market monitor size is 1
03:38:43.836 [pool-14-thread-1] INFO  c.gettingstarted.TimedLogic - [Sheza3] market monitor size is 1
03:38:43.837 [pool-15-thread-1] INFO  c.gettingstarted.TimedLogic - [TIMEDLOGIC] data harvesting
Current market monitor list is 
yolo Price: 98, Quantity: 100Current time: 03:38:43.765953
03:38:43.838 [pool-15-thread-1] INFO  c.gettingstarted.TimedLogic - [Sheza2] market monitor 1
03:38:43.838 [pool-15-thread-1] INFO  c.gettingstarted.TimedLogic - [Sheza2] market monitor size is 1
Current market monitor size is 1
03:38:43.838 [pool-15-thread-1] INFO  c.gettingstarted.TimedLogic - [Sheza3] market monitor size is 1
03:38:43.845 [main] INFO  c.sequencer.consumer.LoggingConsumer - [48] [CreateOrder](sbeTemplateId=4|sbeSchemaId=2|sbeSchemaVersion=0|sbeBlockLength=33):instrumentId=0|price=98|quantity=100|side=BUY|orderId=48
03:38:43.845 [main] INFO  c.gettingstarted.MyAlgoLogic - [MYALGO] The state of the order book is:
|----BID-----||----ASK----|
   101 @ 100    100 @ 98
   200 @ 110    200 @ 95
  5000 @ 115    300 @ 91
|------------||-----------|

03:38:43.845 [main] INFO  c.gettingstarted.MyAlgoLogic - [MYALGO] Algo Sees Book as: 
|----BID-----||----ASK----|
   101 @ 100    100 @ 98
   200 @ 110    200 @ 95
  5000 @ 115    300 @ 91
|------------||-----------|

03:38:43.845 [main] INFO  c.gettingstarted.MyAlgoLogic - [MYALGO] Initial quantity100 price 98
03:38:43.845 [main] INFO  c.gettingstarted.TimedLogic - [TIMEDLOGIC] Market is open
03:38:43.845 [main] INFO  c.gettingstarted.MyAlgoLogic - [MYALGO] Adding order for100@98
03:38:43.845 [main] INFO  c.gettingstarted.MyAlgoLogic - [Sheza6] markets monitor size is 1
03:38:43.845 [main] INFO  c.container.Actioner - [ALGO] Actioner, sending action:CreateChildOrder(side=BUY,quantity=100,price=98)
03:38:43.845 [main] INFO  c.sequencer.consumer.LoggingConsumer - [49] [CreateOrder](sbeTemplateId=4|sbeSchemaId=2|sbeSchemaVersion=0|sbeBlockLength=33):instrumentId=0|price=98|quantity=100|side=BUY|orderId=49
03:38:43.845 [main] INFO  c.gettingstarted.MyAlgoLogic - [MYALGO] The state of the order book is:
|----BID-----||----ASK----|
   101 @ 100    100 @ 98
   200 @ 110    200 @ 95
  5000 @ 115    300 @ 91
|------------||-----------|

03:38:43.846 [main] INFO  c.gettingstarted.MyAlgoLogic - [MYALGO] Algo Sees Book as: 
|----BID-----||----ASK----|
   101 @ 100    100 @ 98
   200 @ 110    200 @ 95
  5000 @ 115    300 @ 91
|------------||-----------|

03:38:43.846 [main] INFO  c.gettingstarted.MyAlgoLogic - [MYALGO] Initial quantity100 price 98
03:38:43.846 [main] INFO  c.gettingstarted.TimedLogic - [TIMEDLOGIC] Market is open
03:38:43.846 [main] INFO  c.gettingstarted.MyAlgoLogic - [MYALGO] Adding order for100@98
03:38:43.846 [main] INFO  c.gettingstarted.MyAlgoLogic - [Sheza6] markets monitor size is 1
03:38:43.846 [main] INFO  c.container.Actioner - [ALGO] Actioner, sending action:CreateChildOrder(side=BUY,quantity=100,price=98)
03:38:43.846 [main] INFO  c.sequencer.consumer.LoggingConsumer - [50] [CreateOrder](sbeTemplateId=4|sbeSchemaId=2|sbeSchemaVersion=0|sbeBlockLength=33):instrumentId=0|price=98|quantity=100|side=BUY|orderId=50
03:38:43.846 [main] INFO  c.gettingstarted.MyAlgoLogic - [MYALGO] The state of the order book is:
|----BID-----||----ASK----|
   101 @ 100    100 @ 98
   200 @ 110    200 @ 95
  5000 @ 115    300 @ 91
|------------||-----------|

03:38:43.846 [main] INFO  c.gettingstarted.MyAlgoLogic - [MYALGO] Algo Sees Book as: 
|----BID-----||----ASK----|
   101 @ 100    100 @ 98
   200 @ 110    200 @ 95
  5000 @ 115    300 @ 91
|------------||-----------|

03:38:43.846 [main] INFO  c.gettingstarted.MyAlgoLogic - [MYALGO] Initial quantity100 price 98
03:38:43.846 [main] INFO  c.gettingstarted.TimedLogic - [TIMEDLOGIC] Market is open
03:38:43.847 [main] INFO  c.gettingstarted.MyAlgoLogic - [MYALGO] Adding order for100@98
03:38:43.847 [main] INFO  c.gettingstarted.MyAlgoLogic - [Sheza6] markets monitor size is 1
03:38:43.847 [main] INFO  c.container.Actioner - [ALGO] Actioner, sending action:CreateChildOrder(side=BUY,quantity=100,price=98)
03:38:43.847 [main] INFO  c.sequencer.consumer.LoggingConsumer - [51] [CreateOrder](sbeTemplateId=4|sbeSchemaId=2|sbeSchemaVersion=0|sbeBlockLength=33):instrumentId=0|price=98|quantity=100|side=BUY|orderId=51
03:38:43.847 [main] INFO  c.gettingstarted.MyAlgoLogic - [MYALGO] The state of the order book is:
|----BID-----||----ASK----|
   101 @ 100    100 @ 98
   200 @ 110    200 @ 95
  5000 @ 115    300 @ 91
|------------||-----------|

03:38:43.847 [main] INFO  c.gettingstarted.MyAlgoLogic - [MYALGO] Algo Sees Book as: 
|----BID-----||----ASK----|
   101 @ 100    100 @ 98
   200 @ 110    200 @ 95
  5000 @ 115    300 @ 91
|------------||-----------|

03:38:43.847 [main] INFO  c.gettingstarted.MyAlgoLogic - [MYALGO] Initial quantity100 price 98
03:38:43.847 [main] INFO  c.gettingstarted.TimedLogic - [TIMEDLOGIC] Market is open
03:38:43.847 [main] INFO  c.gettingstarted.MyAlgoLogic - [MYALGO] Adding order for100@98
03:38:43.847 [main] INFO  c.gettingstarted.MyAlgoLogic - [Sheza6] markets monitor size is 1
03:38:43.847 [main] INFO  c.container.Actioner - [ALGO] Actioner, sending action:CreateChildOrder(side=BUY,quantity=100,price=98)
03:38:43.847 [main] INFO  c.sequencer.consumer.LoggingConsumer - [52] [CreateOrder](sbeTemplateId=4|sbeSchemaId=2|sbeSchemaVersion=0|sbeBlockLength=33):instrumentId=0|price=98|quantity=100|side=BUY|orderId=52
03:38:43.847 [main] INFO  c.gettingstarted.MyAlgoLogic - [MYALGO] The state of the order book is:
|----BID-----||----ASK----|
   101 @ 100    100 @ 98
   200 @ 110    200 @ 95
  5000 @ 115    300 @ 91
|------------||-----------|

03:38:43.847 [main] INFO  c.gettingstarted.MyAlgoLogic - [MYALGO] Algo Sees Book as: 
|----BID-----||----ASK----|
   101 @ 100    100 @ 98
   200 @ 110    200 @ 95
  5000 @ 115    300 @ 91
|------------||-----------|

03:38:43.847 [main] INFO  c.gettingstarted.MyAlgoLogic - [MYALGO] Initial quantity100 price 98
03:38:43.847 [main] INFO  c.gettingstarted.TimedLogic - [TIMEDLOGIC] Market is open
03:38:43.848 [main] INFO  c.gettingstarted.MyAlgoLogic - [MYALGO] Adding order for100@98
03:38:43.848 [main] INFO  c.gettingstarted.MyAlgoLogic - [Sheza6] markets monitor size is 1
03:38:43.848 [main] INFO  c.container.Actioner - [ALGO] Actioner, sending action:CreateChildOrder(side=BUY,quantity=100,price=98)
03:38:43.848 [main] INFO  c.sequencer.consumer.LoggingConsumer - [53] [CreateOrder](sbeTemplateId=4|sbeSchemaId=2|sbeSchemaVersion=0|sbeBlockLength=33):instrumentId=0|price=98|quantity=100|side=BUY|orderId=53
03:38:43.848 [main] INFO  c.gettingstarted.MyAlgoLogic - [MYALGO] The state of the order book is:
|----BID-----||----ASK----|
   101 @ 100    100 @ 98
   200 @ 110    200 @ 95
  5000 @ 115    300 @ 91
|------------||-----------|

03:38:43.849 [main] INFO  c.gettingstarted.MyAlgoLogic - [MYALGO] Algo Sees Book as: 
|----BID-----||----ASK----|
   101 @ 100    100 @ 98
   200 @ 110    200 @ 95
  5000 @ 115    300 @ 91
|------------||-----------|

03:38:43.849 [main] INFO  c.gettingstarted.MyAlgoLogic - [MYALGO] Initial quantity100 price 98
03:38:43.849 [main] INFO  c.gettingstarted.TimedLogic - [TIMEDLOGIC] Market is open
03:38:43.849 [main] INFO  c.gettingstarted.MyAlgoLogic - [MYALGO] Adding order for100@98
03:38:43.849 [main] INFO  c.gettingstarted.MyAlgoLogic - [Sheza6] markets monitor size is 1
03:38:43.849 [main] INFO  c.container.Actioner - [ALGO] Actioner, sending action:CreateChildOrder(side=BUY,quantity=100,price=98)
03:38:43.849 [main] INFO  c.sequencer.consumer.LoggingConsumer - [54] [CreateOrder](sbeTemplateId=4|sbeSchemaId=2|sbeSchemaVersion=0|sbeBlockLength=33):instrumentId=0|price=98|quantity=100|side=BUY|orderId=54
03:38:43.849 [main] INFO  c.gettingstarted.MyAlgoLogic - [MYALGO] The state of the order book is:
|----BID-----||----ASK----|
   101 @ 100    100 @ 98
   200 @ 110    200 @ 95
  5000 @ 115    300 @ 91
|------------||-----------|

03:38:43.849 [main] INFO  c.gettingstarted.MyAlgoLogic - [MYALGO] Algo Sees Book as: 
|----BID-----||----ASK----|
   101 @ 100    100 @ 98
   200 @ 110    200 @ 95
  5000 @ 115    300 @ 91
|------------||-----------|

03:38:43.849 [main] INFO  c.gettingstarted.MyAlgoLogic - [MYALGO] Initial quantity100 price 98
03:38:43.849 [main] INFO  c.gettingstarted.TimedLogic - [TIMEDLOGIC] Market is open
03:38:43.849 [main] INFO  c.gettingstarted.MyAlgoLogic - [MYALGO] Adding order for100@98
03:38:43.849 [main] INFO  c.gettingstarted.MyAlgoLogic - [Sheza6] markets monitor size is 1
03:38:43.849 [main] INFO  c.container.Actioner - [ALGO] Actioner, sending action:CreateChildOrder(side=BUY,quantity=100,price=98)
03:38:43.850 [main] INFO  c.sequencer.consumer.LoggingConsumer - [55] [CreateOrder](sbeTemplateId=4|sbeSchemaId=2|sbeSchemaVersion=0|sbeBlockLength=33):instrumentId=0|price=98|quantity=100|side=BUY|orderId=55
03:38:43.850 [main] INFO  c.gettingstarted.MyAlgoLogic - [MYALGO] The state of the order book is:
|----BID-----||----ASK----|
   101 @ 100    100 @ 98
   200 @ 110    200 @ 95
  5000 @ 115    300 @ 91
|------------||-----------|

03:38:43.850 [main] INFO  c.gettingstarted.MyAlgoLogic - [MYALGO] Algo Sees Book as: 
|----BID-----||----ASK----|
   101 @ 100    100 @ 98
   200 @ 110    200 @ 95
  5000 @ 115    300 @ 91
|------------||-----------|

03:38:43.850 [main] INFO  c.gettingstarted.MyAlgoLogic - [MYALGO] Initial quantity100 price 98
03:38:43.850 [main] INFO  c.gettingstarted.TimedLogic - [TIMEDLOGIC] Market is open
03:38:43.850 [main] INFO  c.gettingstarted.MyAlgoLogic - [MYALGO] Adding order for100@98
03:38:43.850 [main] INFO  c.gettingstarted.MyAlgoLogic - [Sheza6] markets monitor size is 1
03:38:43.850 [main] INFO  c.container.Actioner - [ALGO] Actioner, sending action:CreateChildOrder(side=BUY,quantity=100,price=98)
03:38:43.850 [main] INFO  c.sequencer.consumer.LoggingConsumer - [56] [CreateOrder](sbeTemplateId=4|sbeSchemaId=2|sbeSchemaVersion=0|sbeBlockLength=33):instrumentId=0|price=98|quantity=100|side=BUY|orderId=56
03:38:43.850 [main] INFO  c.gettingstarted.MyAlgoLogic - [MYALGO] The state of the order book is:
|----BID-----||----ASK----|
   101 @ 100    100 @ 98
   200 @ 110    200 @ 95
  5000 @ 115    300 @ 91
|------------||-----------|

03:38:43.851 [main] INFO  c.gettingstarted.MyAlgoLogic - [MYALGO] Algo Sees Book as: 
|----BID-----||----ASK----|
   101 @ 100    100 @ 98
   200 @ 110    200 @ 95
  5000 @ 115    300 @ 91
|------------||-----------|

03:38:43.851 [main] INFO  c.gettingstarted.MyAlgoLogic - [MYALGO] Initial quantity100 price 98
03:38:43.851 [main] INFO  c.gettingstarted.TimedLogic - [TIMEDLOGIC] Market is open
03:38:43.851 [main] INFO  c.gettingstarted.MyAlgoLogic - [MYALGO] Adding order for100@98
03:38:43.851 [main] INFO  c.gettingstarted.MyAlgoLogic - [Sheza6] markets monitor size is 1
03:38:43.851 [main] INFO  c.container.Actioner - [ALGO] Actioner, sending action:CreateChildOrder(side=BUY,quantity=100,price=98)
03:38:43.851 [main] INFO  c.sequencer.consumer.LoggingConsumer - [57] [CreateOrder](sbeTemplateId=4|sbeSchemaId=2|sbeSchemaVersion=0|sbeBlockLength=33):instrumentId=0|price=98|quantity=100|side=BUY|orderId=57
03:38:43.851 [main] INFO  c.gettingstarted.MyAlgoLogic - [MYALGO] The state of the order book is:
|----BID-----||----ASK----|
   101 @ 100    100 @ 98
   200 @ 110    200 @ 95
  5000 @ 115    300 @ 91
|------------||-----------|

03:38:43.851 [main] INFO  c.gettingstarted.MyAlgoLogic - [MYALGO] Algo Sees Book as: 
|----BID-----||----ASK----|
   101 @ 100    100 @ 98
   200 @ 110    200 @ 95
  5000 @ 115    300 @ 91
|------------||-----------|

03:38:43.851 [main] INFO  c.gettingstarted.MyAlgoLogic - [MYALGO] Initial quantity100 price 98
03:38:43.851 [main] INFO  c.gettingstarted.TimedLogic - [TIMEDLOGIC] Market is open
03:38:43.851 [main] INFO  c.gettingstarted.MyAlgoLogic - [MYALGO] Adding order for100@98
03:38:43.851 [main] INFO  c.gettingstarted.MyAlgoLogic - [Sheza6] markets monitor size is 1
03:38:43.851 [main] INFO  c.container.Actioner - [ALGO] Actioner, sending action:CreateChildOrder(side=BUY,quantity=100,price=98)
03:38:43.851 [main] INFO  c.sequencer.consumer.LoggingConsumer - [58] [CreateOrder](sbeTemplateId=4|sbeSchemaId=2|sbeSchemaVersion=0|sbeBlockLength=33):instrumentId=0|price=98|quantity=100|side=BUY|orderId=58
03:38:43.852 [main] INFO  c.gettingstarted.MyAlgoLogic - [MYALGO] The state of the order book is:
|----BID-----||----ASK----|
   101 @ 100    100 @ 98
   200 @ 110    200 @ 95
  5000 @ 115    300 @ 91
|------------||-----------|

03:38:43.852 [main] INFO  c.gettingstarted.MyAlgoLogic - [MYALGO] Algo Sees Book as: 
|----BID-----||----ASK----|
   101 @ 100    100 @ 98
   200 @ 110    200 @ 95
  5000 @ 115    300 @ 91
|------------||-----------|

03:38:43.852 [main] INFO  c.gettingstarted.MyAlgoLogic - [MYALGO] Initial quantity100 price 98
03:38:43.852 [main] INFO  c.gettingstarted.TimedLogic - [TIMEDLOGIC] Market is open
03:38:43.852 [main] INFO  c.gettingstarted.MyAlgoLogic - [MYALGO] Adding order for100@98
03:38:43.852 [main] INFO  c.gettingstarted.MyAlgoLogic - [Sheza6] markets monitor size is 1
03:38:43.852 [main] INFO  c.container.Actioner - [ALGO] Actioner, sending action:CreateChildOrder(side=BUY,quantity=100,price=98)
03:38:43.852 [main] INFO  c.sequencer.consumer.LoggingConsumer - [59] [CreateOrder](sbeTemplateId=4|sbeSchemaId=2|sbeSchemaVersion=0|sbeBlockLength=33):instrumentId=0|price=98|quantity=100|side=BUY|orderId=59
03:38:43.852 [main] INFO  c.gettingstarted.MyAlgoLogic - [MYALGO] The state of the order book is:
|----BID-----||----ASK----|
   101 @ 100    100 @ 98
   200 @ 110    200 @ 95
  5000 @ 115    300 @ 91
|------------||-----------|

03:38:43.852 [main] INFO  c.gettingstarted.MyAlgoLogic - [MYALGO] Algo Sees Book as: 
|----BID-----||----ASK----|
   101 @ 100    100 @ 98
   200 @ 110    200 @ 95
  5000 @ 115    300 @ 91
|------------||-----------|

03:38:43.852 [main] INFO  c.gettingstarted.MyAlgoLogic - [MYALGO] Initial quantity100 price 98
03:38:43.852 [main] INFO  c.gettingstarted.TimedLogic - [TIMEDLOGIC] Market is open
03:38:43.852 [main] INFO  c.gettingstarted.MyAlgoLogic - [MYALGO] Adding order for100@98
03:38:43.852 [main] INFO  c.gettingstarted.MyAlgoLogic - [Sheza6] markets monitor size is 1
03:38:43.852 [main] INFO  c.container.Actioner - [ALGO] Actioner, sending action:CreateChildOrder(side=BUY,quantity=100,price=98)
03:38:43.853 [main] INFO  c.sequencer.consumer.LoggingConsumer - [60] [CreateOrder](sbeTemplateId=4|sbeSchemaId=2|sbeSchemaVersion=0|sbeBlockLength=33):instrumentId=0|price=98|quantity=100|side=BUY|orderId=60
03:38:43.853 [main] INFO  c.gettingstarted.MyAlgoLogic - [MYALGO] The state of the order book is:
|----BID-----||----ASK----|
   101 @ 100    100 @ 98
   200 @ 110    200 @ 95
  5000 @ 115    300 @ 91
|------------||-----------|

03:38:43.853 [main] INFO  c.gettingstarted.MyAlgoLogic - [MYALGO] Algo Sees Book as: 
|----BID-----||----ASK----|
   101 @ 100    100 @ 98
   200 @ 110    200 @ 95
  5000 @ 115    300 @ 91
|------------||-----------|

03:38:43.853 [main] INFO  c.gettingstarted.MyAlgoLogic - [MYALGO] Initial quantity100 price 98
03:38:43.853 [main] INFO  c.gettingstarted.TimedLogic - [TIMEDLOGIC] Market is open
03:38:43.853 [main] INFO  c.gettingstarted.MyAlgoLogic - [MYALGO] Adding order for100@98
03:38:43.853 [main] INFO  c.gettingstarted.MyAlgoLogic - [Sheza6] markets monitor size is 1
03:38:43.853 [main] INFO  c.container.Actioner - [ALGO] Actioner, sending action:CreateChildOrder(side=BUY,quantity=100,price=98)
03:38:43.853 [main] INFO  c.sequencer.consumer.LoggingConsumer - [61] [CreateOrder](sbeTemplateId=4|sbeSchemaId=2|sbeSchemaVersion=0|sbeBlockLength=33):instrumentId=0|price=98|quantity=100|side=BUY|orderId=61
03:38:43.853 [main] INFO  c.gettingstarted.MyAlgoLogic - [MYALGO] The state of the order book is:
|----BID-----||----ASK----|
   101 @ 100    100 @ 98
   200 @ 110    200 @ 95
  5000 @ 115    300 @ 91
|------------||-----------|

03:38:43.853 [main] INFO  c.gettingstarted.MyAlgoLogic - [MYALGO] Algo Sees Book as: 
|----BID-----||----ASK----|
   101 @ 100    100 @ 98
   200 @ 110    200 @ 95
  5000 @ 115    300 @ 91
|------------||-----------|

03:38:43.853 [main] INFO  c.gettingstarted.MyAlgoLogic - [MYALGO] Initial quantity100 price 98
03:38:43.853 [main] INFO  c.gettingstarted.TimedLogic - [TIMEDLOGIC] Market is open
03:38:43.853 [main] INFO  c.gettingstarted.MyAlgoLogic - [MYALGO] Adding order for100@98
03:38:43.853 [main] INFO  c.gettingstarted.MyAlgoLogic - [Sheza6] markets monitor size is 1
03:38:43.853 [main] INFO  c.container.Actioner - [ALGO] Actioner, sending action:CreateChildOrder(side=BUY,quantity=100,price=98)
03:38:43.853 [main] INFO  c.sequencer.consumer.LoggingConsumer - [62] [CreateOrder](sbeTemplateId=4|sbeSchemaId=2|sbeSchemaVersion=0|sbeBlockLength=33):instrumentId=0|price=98|quantity=100|side=BUY|orderId=62
03:38:43.853 [main] INFO  c.gettingstarted.MyAlgoLogic - [MYALGO] The state of the order book is:
|----BID-----||----ASK----|
   101 @ 100    100 @ 98
   200 @ 110    200 @ 95
  5000 @ 115    300 @ 91
|------------||-----------|

03:38:43.854 [main] INFO  c.gettingstarted.MyAlgoLogic - [MYALGO] Algo Sees Book as: 
|----BID-----||----ASK----|
   101 @ 100    100 @ 98
   200 @ 110    200 @ 95
  5000 @ 115    300 @ 91
|------------||-----------|

03:38:43.854 [main] INFO  c.gettingstarted.MyAlgoLogic - [MYALGO] Initial quantity100 price 98
03:38:43.854 [main] INFO  c.gettingstarted.TimedLogic - [TIMEDLOGIC] Market is open
03:38:43.854 [main] INFO  c.gettingstarted.MyAlgoLogic - [MYALGO] Adding order for100@98
03:38:43.854 [main] INFO  c.gettingstarted.MyAlgoLogic - [Sheza6] markets monitor size is 1
03:38:43.854 [main] INFO  c.container.Actioner - [ALGO] Actioner, sending action:CreateChildOrder(side=BUY,quantity=100,price=98)
03:38:43.854 [main] INFO  c.sequencer.consumer.LoggingConsumer - [63] [CreateOrder](sbeTemplateId=4|sbeSchemaId=2|sbeSchemaVersion=0|sbeBlockLength=33):instrumentId=0|price=98|quantity=100|side=BUY|orderId=63
03:38:43.854 [main] INFO  c.gettingstarted.MyAlgoLogic - [MYALGO] The state of the order book is:
|----BID-----||----ASK----|
   101 @ 100    100 @ 98
   200 @ 110    200 @ 95
  5000 @ 115    300 @ 91
|------------||-----------|

03:38:43.854 [main] INFO  c.gettingstarted.MyAlgoLogic - [MYALGO] Algo Sees Book as: 
|----BID-----||----ASK----|
   101 @ 100    100 @ 98
   200 @ 110    200 @ 95
  5000 @ 115    300 @ 91
|------------||-----------|

03:38:43.854 [main] INFO  c.gettingstarted.MyAlgoLogic - [MYALGO] Initial quantity100 price 98
03:38:43.854 [main] INFO  c.gettingstarted.TimedLogic - [TIMEDLOGIC] Market is open
03:38:43.855 [main] INFO  c.gettingstarted.MyAlgoLogic - [MYALGO] Adding order for100@98
03:38:43.857 [main] INFO  c.gettingstarted.MyAlgoLogic - [Sheza6] markets monitor size is 1
03:38:43.858 [main] INFO  c.container.Actioner - [ALGO] Actioner, sending action:CreateChildOrder(side=BUY,quantity=100,price=98)
03:38:43.858 [main] INFO  c.sequencer.consumer.LoggingConsumer - [64] [CreateOrder](sbeTemplateId=4|sbeSchemaId=2|sbeSchemaVersion=0|sbeBlockLength=33):instrumentId=0|price=98|quantity=100|side=BUY|orderId=64
03:38:43.858 [main] INFO  c.gettingstarted.MyAlgoLogic - [MYALGO] The state of the order book is:
|----BID-----||----ASK----|
   101 @ 100    100 @ 98
   200 @ 110    200 @ 95
  5000 @ 115    300 @ 91
|------------||-----------|

03:38:43.858 [main] INFO  c.gettingstarted.MyAlgoLogic - [MYALGO] Algo Sees Book as: 
|----BID-----||----ASK----|
   101 @ 100    100 @ 98
   200 @ 110    200 @ 95
  5000 @ 115    300 @ 91
|------------||-----------|

03:38:43.858 [main] INFO  c.gettingstarted.MyAlgoLogic - [MYALGO] Initial quantity100 price 98
03:38:43.858 [main] INFO  c.gettingstarted.TimedLogic - [TIMEDLOGIC] Market is open
03:38:43.858 [main] INFO  c.gettingstarted.MyAlgoLogic - [MYALGO] Adding order for100@98
03:38:43.858 [main] INFO  c.gettingstarted.MyAlgoLogic - [Sheza6] markets monitor size is 1
03:38:43.858 [main] INFO  c.container.Actioner - [ALGO] Actioner, sending action:CreateChildOrder(side=BUY,quantity=100,price=98)
03:38:43.858 [main] INFO  c.sequencer.consumer.LoggingConsumer - [65] [CreateOrder](sbeTemplateId=4|sbeSchemaId=2|sbeSchemaVersion=0|sbeBlockLength=33):instrumentId=0|price=98|quantity=100|side=BUY|orderId=65
03:38:43.858 [main] INFO  c.gettingstarted.MyAlgoLogic - [MYALGO] The state of the order book is:
|----BID-----||----ASK----|
   101 @ 100    100 @ 98
   200 @ 110    200 @ 95
  5000 @ 115    300 @ 91
|------------||-----------|

03:38:43.859 [main] INFO  c.gettingstarted.MyAlgoLogic - [MYALGO] Algo Sees Book as: 
|----BID-----||----ASK----|
   101 @ 100    100 @ 98
   200 @ 110    200 @ 95
  5000 @ 115    300 @ 91
|------------||-----------|

03:38:43.859 [main] INFO  c.gettingstarted.MyAlgoLogic - [MYALGO] Initial quantity100 price 98
03:38:43.859 [main] INFO  c.gettingstarted.TimedLogic - [TIMEDLOGIC] Market is open
03:38:43.860 [main] INFO  c.gettingstarted.MyAlgoLogic - [MYALGO] Adding order for100@98
03:38:43.860 [main] INFO  c.gettingstarted.MyAlgoLogic - [Sheza6] markets monitor size is 1
03:38:43.860 [main] INFO  c.container.Actioner - [ALGO] Actioner, sending action:CreateChildOrder(side=BUY,quantity=100,price=98)
03:38:43.861 [main] INFO  c.sequencer.consumer.LoggingConsumer - [66] [CreateOrder](sbeTemplateId=4|sbeSchemaId=2|sbeSchemaVersion=0|sbeBlockLength=33):instrumentId=0|price=98|quantity=100|side=BUY|orderId=66
03:38:43.861 [main] INFO  c.gettingstarted.MyAlgoLogic - [MYALGO] The state of the order book is:
|----BID-----||----ASK----|
   101 @ 100    100 @ 98
   200 @ 110    200 @ 95
  5000 @ 115    300 @ 91
|------------||-----------|

03:38:43.861 [main] INFO  c.gettingstarted.MyAlgoLogic - [MYALGO] Algo Sees Book as: 
|----BID-----||----ASK----|
   101 @ 100    100 @ 98
   200 @ 110    200 @ 95
  5000 @ 115    300 @ 91
|------------||-----------|

03:38:43.861 [main] INFO  c.gettingstarted.MyAlgoLogic - [MYALGO] Initial quantity100 price 98
03:38:43.861 [main] INFO  c.gettingstarted.TimedLogic - [TIMEDLOGIC] Market is open
03:38:43.862 [main] INFO  c.gettingstarted.MyAlgoLogic - [MYALGO] Adding order for100@98
03:38:43.862 [main] INFO  c.gettingstarted.MyAlgoLogic - [Sheza6] markets monitor size is 1
03:38:43.862 [main] INFO  c.container.Actioner - [ALGO] Actioner, sending action:CreateChildOrder(side=BUY,quantity=100,price=98)
03:38:43.862 [main] INFO  c.sequencer.consumer.LoggingConsumer - [67] [CreateOrder](sbeTemplateId=4|sbeSchemaId=2|sbeSchemaVersion=0|sbeBlockLength=33):instrumentId=0|price=98|quantity=100|side=BUY|orderId=67
03:38:43.862 [main] INFO  c.gettingstarted.MyAlgoLogic - [MYALGO] The state of the order book is:
|----BID-----||----ASK----|
   101 @ 100    100 @ 98
   200 @ 110    200 @ 95
  5000 @ 115    300 @ 91
|------------||-----------|

03:38:43.862 [main] INFO  c.gettingstarted.MyAlgoLogic - [MYALGO] Algo Sees Book as: 
|----BID-----||----ASK----|
   101 @ 100    100 @ 98
   200 @ 110    200 @ 95
  5000 @ 115    300 @ 91
|------------||-----------|

03:38:43.862 [main] INFO  c.gettingstarted.MyAlgoLogic - [MYALGO] Initial quantity100 price 98
03:38:43.862 [main] INFO  c.gettingstarted.TimedLogic - [TIMEDLOGIC] Market is open
03:38:43.863 [main] INFO  c.gettingstarted.MyAlgoLogic - [MYALGO] Adding order for100@98
03:38:43.863 [main] INFO  c.gettingstarted.MyAlgoLogic - [Sheza6] markets monitor size is 1
03:38:43.863 [main] INFO  c.container.Actioner - [ALGO] Actioner, sending action:CreateChildOrder(side=BUY,quantity=100,price=98)
03:38:43.863 [main] INFO  c.sequencer.consumer.LoggingConsumer - [68] [CreateOrder](sbeTemplateId=4|sbeSchemaId=2|sbeSchemaVersion=0|sbeBlockLength=33):instrumentId=0|price=98|quantity=100|side=BUY|orderId=68
03:38:43.863 [main] INFO  c.gettingstarted.MyAlgoLogic - [MYALGO] The state of the order book is:
|----BID-----||----ASK----|
   101 @ 100    100 @ 98
   200 @ 110    200 @ 95
  5000 @ 115    300 @ 91
|------------||-----------|

03:38:43.863 [main] INFO  c.gettingstarted.MyAlgoLogic - [MYALGO] Algo Sees Book as: 
|----BID-----||----ASK----|
   101 @ 100    100 @ 98
   200 @ 110    200 @ 95
  5000 @ 115    300 @ 91
|------------||-----------|

03:38:43.863 [main] INFO  c.gettingstarted.MyAlgoLogic - [MYALGO] Initial quantity100 price 98
03:38:43.863 [main] INFO  c.gettingstarted.TimedLogic - [TIMEDLOGIC] Market is open
03:38:43.863 [main] INFO  c.gettingstarted.MyAlgoLogic - [MYALGO] Adding order for100@98
03:38:43.863 [main] INFO  c.gettingstarted.MyAlgoLogic - [Sheza6] markets monitor size is 1
03:38:43.863 [main] INFO  c.container.Actioner - [ALGO] Actioner, sending action:CreateChildOrder(side=BUY,quantity=100,price=98)
03:38:43.863 [main] INFO  c.sequencer.consumer.LoggingConsumer - [69] [CreateOrder](sbeTemplateId=4|sbeSchemaId=2|sbeSchemaVersion=0|sbeBlockLength=33):instrumentId=0|price=98|quantity=100|side=BUY|orderId=69
03:38:43.863 [main] INFO  c.gettingstarted.MyAlgoLogic - [MYALGO] The state of the order book is:
|----BID-----||----ASK----|
   101 @ 100    100 @ 98
   200 @ 110    200 @ 95
  5000 @ 115    300 @ 91
|------------||-----------|

03:38:43.863 [main] INFO  c.gettingstarted.MyAlgoLogic - [MYALGO] Algo Sees Book as: 
|----BID-----||----ASK----|
   101 @ 100    100 @ 98
   200 @ 110    200 @ 95
  5000 @ 115    300 @ 91
|------------||-----------|

03:38:43.863 [main] INFO  c.gettingstarted.MyAlgoLogic - [MYALGO] Initial quantity100 price 98
03:38:43.863 [main] INFO  c.gettingstarted.TimedLogic - [TIMEDLOGIC] Market is open
03:38:43.864 [main] INFO  c.gettingstarted.MyAlgoLogic - [MYALGO] Adding order for100@98
03:38:43.864 [main] INFO  c.gettingstarted.MyAlgoLogic - [Sheza6] markets monitor size is 1
03:38:43.864 [main] INFO  c.container.Actioner - [ALGO] Actioner, sending action:CreateChildOrder(side=BUY,quantity=100,price=98)
03:38:43.864 [main] INFO  c.sequencer.consumer.LoggingConsumer - [70] [CreateOrder](sbeTemplateId=4|sbeSchemaId=2|sbeSchemaVersion=0|sbeBlockLength=33):instrumentId=0|price=98|quantity=100|side=BUY|orderId=70
03:38:43.864 [main] INFO  c.gettingstarted.MyAlgoLogic - [MYALGO] The state of the order book is:
|----BID-----||----ASK----|
   101 @ 100    100 @ 98
   200 @ 110    200 @ 95
  5000 @ 115    300 @ 91
|------------||-----------|

03:38:43.864 [main] INFO  c.gettingstarted.MyAlgoLogic - [MYALGO] Algo Sees Book as: 
|----BID-----||----ASK----|
   101 @ 100    100 @ 98
   200 @ 110    200 @ 95
  5000 @ 115    300 @ 91
|------------||-----------|

03:38:43.864 [main] INFO  c.gettingstarted.MyAlgoLogic - [MYALGO] Initial quantity100 price 98
03:38:43.864 [main] INFO  c.gettingstarted.TimedLogic - [TIMEDLOGIC] Market is open
03:38:43.864 [main] INFO  c.gettingstarted.MyAlgoLogic - [MYALGO] Adding order for100@98
03:38:43.864 [main] INFO  c.gettingstarted.MyAlgoLogic - [Sheza6] markets monitor size is 1
03:38:43.864 [main] INFO  c.container.Actioner - [ALGO] Actioner, sending action:CreateChildOrder(side=BUY,quantity=100,price=98)
03:38:43.864 [main] INFO  c.sequencer.consumer.LoggingConsumer - [71] [CreateOrder](sbeTemplateId=4|sbeSchemaId=2|sbeSchemaVersion=0|sbeBlockLength=33):instrumentId=0|price=98|quantity=100|side=BUY|orderId=71
03:38:43.864 [main] INFO  c.gettingstarted.MyAlgoLogic - [MYALGO] The state of the order book is:
|----BID-----||----ASK----|
   101 @ 100    100 @ 98
   200 @ 110    200 @ 95
  5000 @ 115    300 @ 91
|------------||-----------|

03:38:43.864 [main] INFO  c.gettingstarted.MyAlgoLogic - [MYALGO] Algo Sees Book as: 
|----BID-----||----ASK----|
   101 @ 100    100 @ 98
   200 @ 110    200 @ 95
  5000 @ 115    300 @ 91
|------------||-----------|

03:38:43.864 [main] INFO  c.gettingstarted.MyAlgoLogic - [MYALGO] Initial quantity100 price 98
03:38:43.865 [main] INFO  c.gettingstarted.TimedLogic - [TIMEDLOGIC] Market is open
03:38:43.865 [main] INFO  c.gettingstarted.MyAlgoLogic - [MYALGO] Adding order for100@98
03:38:43.865 [main] INFO  c.gettingstarted.MyAlgoLogic - [Sheza6] markets monitor size is 1
03:38:43.865 [main] INFO  c.container.Actioner - [ALGO] Actioner, sending action:CreateChildOrder(side=BUY,quantity=100,price=98)
03:38:43.865 [main] INFO  c.sequencer.consumer.LoggingConsumer - [72] [CreateOrder](sbeTemplateId=4|sbeSchemaId=2|sbeSchemaVersion=0|sbeBlockLength=33):instrumentId=0|price=98|quantity=100|side=BUY|orderId=72
03:38:43.865 [main] INFO  c.gettingstarted.MyAlgoLogic - [MYALGO] The state of the order book is:
|----BID-----||----ASK----|
   101 @ 100    100 @ 98
   200 @ 110    200 @ 95
  5000 @ 115    300 @ 91
|------------||-----------|

03:38:43.865 [main] INFO  c.gettingstarted.MyAlgoLogic - [MYALGO] Algo Sees Book as: 
|----BID-----||----ASK----|
   101 @ 100    100 @ 98
   200 @ 110    200 @ 95
  5000 @ 115    300 @ 91
|------------||-----------|

03:38:43.865 [main] INFO  c.gettingstarted.MyAlgoLogic - [MYALGO] Initial quantity100 price 98
03:38:43.865 [main] INFO  c.gettingstarted.TimedLogic - [TIMEDLOGIC] Market is open
03:38:43.865 [main] INFO  c.gettingstarted.MyAlgoLogic - [MYALGO] Adding order for100@98
03:38:43.865 [main] INFO  c.gettingstarted.MyAlgoLogic - [Sheza6] markets monitor size is 1
03:38:43.866 [main] INFO  c.container.Actioner - [ALGO] Actioner, sending action:CreateChildOrder(side=BUY,quantity=100,price=98)
03:38:43.866 [main] INFO  c.sequencer.consumer.LoggingConsumer - [73] [CreateOrder](sbeTemplateId=4|sbeSchemaId=2|sbeSchemaVersion=0|sbeBlockLength=33):instrumentId=0|price=98|quantity=100|side=BUY|orderId=73
03:38:43.866 [main] INFO  c.gettingstarted.MyAlgoLogic - [MYALGO] The state of the order book is:
|----BID-----||----ASK----|
   101 @ 100    100 @ 98
   200 @ 110    200 @ 95
  5000 @ 115    300 @ 91
|------------||-----------|

03:38:43.866 [main] INFO  c.gettingstarted.MyAlgoLogic - [MYALGO] Algo Sees Book as: 
|----BID-----||----ASK----|
   101 @ 100    100 @ 98
   200 @ 110    200 @ 95
  5000 @ 115    300 @ 91
|------------||-----------|

03:38:43.866 [main] INFO  c.gettingstarted.MyAlgoLogic - [MYALGO] Initial quantity100 price 98
03:38:43.866 [main] INFO  c.gettingstarted.TimedLogic - [TIMEDLOGIC] Market is open
03:38:43.866 [main] INFO  c.gettingstarted.MyAlgoLogic - [MYALGO] Adding order for100@98
03:38:43.866 [main] INFO  c.gettingstarted.MyAlgoLogic - [Sheza6] markets monitor size is 1
03:38:43.866 [main] INFO  c.container.Actioner - [ALGO] Actioner, sending action:CreateChildOrder(side=BUY,quantity=100,price=98)
03:38:43.866 [main] INFO  c.sequencer.consumer.LoggingConsumer - [74] [CreateOrder](sbeTemplateId=4|sbeSchemaId=2|sbeSchemaVersion=0|sbeBlockLength=33):instrumentId=0|price=98|quantity=100|side=BUY|orderId=74
03:38:43.866 [main] INFO  c.gettingstarted.MyAlgoLogic - [MYALGO] The state of the order book is:
|----BID-----||----ASK----|
   101 @ 100    100 @ 98
   200 @ 110    200 @ 95
  5000 @ 115    300 @ 91
|------------||-----------|

03:38:43.866 [main] INFO  c.gettingstarted.MyAlgoLogic - [MYALGO] Algo Sees Book as: 
|----BID-----||----ASK----|
   101 @ 100    100 @ 98
   200 @ 110    200 @ 95
  5000 @ 115    300 @ 91
|------------||-----------|

03:38:43.866 [main] INFO  c.gettingstarted.MyAlgoLogic - [MYALGO] Initial quantity100 price 98
03:38:43.866 [main] INFO  c.gettingstarted.TimedLogic - [TIMEDLOGIC] Market is open
03:38:43.867 [main] INFO  c.gettingstarted.MyAlgoLogic - [MYALGO] Adding order for100@98
03:38:43.867 [main] INFO  c.gettingstarted.MyAlgoLogic - [Sheza6] markets monitor size is 1
03:38:43.867 [main] INFO  c.container.Actioner - [ALGO] Actioner, sending action:CreateChildOrder(side=BUY,quantity=100,price=98)
03:38:43.867 [main] INFO  c.sequencer.consumer.LoggingConsumer - [75] [CreateOrder](sbeTemplateId=4|sbeSchemaId=2|sbeSchemaVersion=0|sbeBlockLength=33):instrumentId=0|price=98|quantity=100|side=BUY|orderId=75
03:38:43.867 [main] INFO  c.gettingstarted.MyAlgoLogic - [MYALGO] The state of the order book is:
|----BID-----||----ASK----|
   101 @ 100    100 @ 98
   200 @ 110    200 @ 95
  5000 @ 115    300 @ 91
|------------||-----------|

03:38:43.867 [main] INFO  c.gettingstarted.MyAlgoLogic - [MYALGO] Algo Sees Book as: 
|----BID-----||----ASK----|
   101 @ 100    100 @ 98
   200 @ 110    200 @ 95
  5000 @ 115    300 @ 91
|------------||-----------|

03:38:43.867 [main] INFO  c.gettingstarted.MyAlgoLogic - [MYALGO] Initial quantity100 price 98
03:38:43.867 [main] INFO  c.gettingstarted.TimedLogic - [TIMEDLOGIC] Market is open
03:38:43.867 [main] INFO  c.gettingstarted.MyAlgoLogic - [MYALGO] Adding order for100@98
03:38:43.867 [main] INFO  c.gettingstarted.MyAlgoLogic - [Sheza6] markets monitor size is 1
03:38:43.867 [main] INFO  c.container.Actioner - [ALGO] Actioner, sending action:CreateChildOrder(side=BUY,quantity=100,price=98)
03:38:43.867 [main] INFO  c.sequencer.consumer.LoggingConsumer - [76] [CreateOrder](sbeTemplateId=4|sbeSchemaId=2|sbeSchemaVersion=0|sbeBlockLength=33):instrumentId=0|price=98|quantity=100|side=BUY|orderId=76
03:38:43.867 [main] INFO  c.gettingstarted.MyAlgoLogic - [MYALGO] The state of the order book is:
|----BID-----||----ASK----|
   101 @ 100    100 @ 98
   200 @ 110    200 @ 95
  5000 @ 115    300 @ 91
|------------||-----------|

03:38:43.867 [main] INFO  c.gettingstarted.MyAlgoLogic - [MYALGO] Algo Sees Book as: 
|----BID-----||----ASK----|
   101 @ 100    100 @ 98
   200 @ 110    200 @ 95
  5000 @ 115    300 @ 91
|------------||-----------|

03:38:43.867 [main] INFO  c.gettingstarted.MyAlgoLogic - [MYALGO] Initial quantity100 price 98
03:38:43.867 [main] INFO  c.gettingstarted.TimedLogic - [TIMEDLOGIC] Market is open
]]></system-out>
  </testcase>
  <testcase name="marketIsOpen" classname="codingblackfemales.gettingstarted.MyAlgoTest" time="0.001">
    <failure type="java.lang.AssertionError"><![CDATA[java.lang.AssertionError
	at org.junit.Assert.fail(Assert.java:86)
	at org.junit.Assert.assertTrue(Assert.java:41)
	at org.junit.Assert.assertFalse(Assert.java:64)
	at org.junit.Assert.assertFalse(Assert.java:74)
	at codingblackfemales.gettingstarted.MyAlgoTest.marketIsOpen(MyAlgoTest.java:98)
	at java.base/jdk.internal.reflect.NativeMethodAccessorImpl.invoke0(Native Method)
	at java.base/jdk.internal.reflect.NativeMethodAccessorImpl.invoke(NativeMethodAccessorImpl.java:77)
	at java.base/jdk.internal.reflect.DelegatingMethodAccessorImpl.invoke(DelegatingMethodAccessorImpl.java:43)
	at java.base/java.lang.reflect.Method.invoke(Method.java:568)
	at org.junit.runners.model.FrameworkMethod$1.runReflectiveCall(FrameworkMethod.java:47)
	at org.junit.internal.runners.model.ReflectiveCallable.run(ReflectiveCallable.java:12)
	at org.junit.runners.model.FrameworkMethod.invokeExplosively(FrameworkMethod.java:44)
	at org.junit.internal.runners.statements.InvokeMethod.evaluate(InvokeMethod.java:17)
	at org.junit.runners.ParentRunner.runLeaf(ParentRunner.java:271)
	at org.junit.runners.BlockJUnit4ClassRunner.runChild(BlockJUnit4ClassRunner.java:70)
	at org.junit.runners.BlockJUnit4ClassRunner.runChild(BlockJUnit4ClassRunner.java:50)
	at org.junit.runners.ParentRunner$3.run(ParentRunner.java:238)
	at org.junit.runners.ParentRunner$1.schedule(ParentRunner.java:63)
	at org.junit.runners.ParentRunner.runChildren(ParentRunner.java:236)
	at org.junit.runners.ParentRunner.access$000(ParentRunner.java:53)
	at org.junit.runners.ParentRunner$2.evaluate(ParentRunner.java:229)
	at org.junit.runners.ParentRunner.run(ParentRunner.java:309)
	at org.apache.maven.surefire.junit4.JUnit4Provider.execute(JUnit4Provider.java:316)
	at org.apache.maven.surefire.junit4.JUnit4Provider.executeWithRerun(JUnit4Provider.java:240)
	at org.apache.maven.surefire.junit4.JUnit4Provider.executeTestSet(JUnit4Provider.java:214)
	at org.apache.maven.surefire.junit4.JUnit4Provider.invoke(JUnit4Provider.java:155)
	at org.apache.maven.surefire.booter.ForkedBooter.runSuitesInProcess(ForkedBooter.java:385)
	at org.apache.maven.surefire.booter.ForkedBooter.execute(ForkedBooter.java:162)
	at org.apache.maven.surefire.booter.ForkedBooter.run(ForkedBooter.java:507)
	at org.apache.maven.surefire.booter.ForkedBooter.main(ForkedBooter.java:495)
]]></failure>
    <system-out><![CDATA[03:38:43.869 [main] INFO  c.gettingstarted.TimedLogic - [TIMEDLOGIC] Market is open
]]></system-out>
  </testcase>
  <testcase name="testLogging" classname="codingblackfemales.gettingstarted.MyAlgoTest" time="0.001">
    <system-out><![CDATA[03:38:43.869 [main] INFO  c.gettingstarted.MyAlgoLogic - We are testing the logging function.
03:38:43.870 [main] WARN  c.gettingstarted.MyAlgoLogic - We are testing the warnig method that comes with the logger.
]]></system-out>
  </testcase>
  <testcase name="testMaximumOrderCount" classname="codingblackfemales.gettingstarted.MyAlgoTest" time="0.06">
    <system-out><![CDATA[03:38:43.871 [main] INFO  c.sequencer.consumer.LoggingConsumer - [1] 
|----BID-----|
   160 @ 110
   220 @ 120
|----ASK-----|
     95 @ 97
    150 @ 94

03:38:43.871 [main] DEBUG c.service.MarketDataService - [ALGO] BID: price:110 quantity:160
03:38:43.871 [main] DEBUG c.service.MarketDataService - [ALGO] BID: price:120 quantity:220
03:38:43.871 [main] DEBUG c.service.MarketDataService - [ALGO] ASK: price:97 quantity:95
03:38:43.871 [main] DEBUG c.service.MarketDataService - [ALGO] ASK: price:94 quantity:150
03:38:43.871 [main] INFO  c.gettingstarted.MyAlgoLogic - [MYALGO] The state of the order book is:
|----BID-----||----ASK----|
   160 @ 110     95 @ 97
   220 @ 120    150 @ 94
|------------||-----------|

03:38:43.871 [main] INFO  c.gettingstarted.MyAlgoLogic - [MYALGO] Algo Sees Book as: 
|----BID-----||----ASK----|
   160 @ 110     95 @ 97
   220 @ 120    150 @ 94
|------------||-----------|

03:38:43.871 [main] INFO  c.gettingstarted.MyAlgoLogic - [MYALGO] Initial quantity95 price 97
03:38:43.872 [main] INFO  c.gettingstarted.TimedLogic - [TIMEDLOGIC] Market is open
03:38:43.872 [main] INFO  c.gettingstarted.MyAlgoLogic - [MYALGO] Adding order for95@97
03:38:43.872 [main] INFO  c.gettingstarted.MyAlgoLogic - [Sheza6] markets monitor size is 0
03:38:43.872 [main] INFO  c.container.Actioner - [ALGO] Actioner, sending action:CreateChildOrder(side=BUY,quantity=95,price=97)
03:38:43.872 [main] INFO  c.sequencer.consumer.LoggingConsumer - [2] [CreateOrder](sbeTemplateId=4|sbeSchemaId=2|sbeSchemaVersion=0|sbeBlockLength=33):instrumentId=0|price=97|quantity=95|side=BUY|orderId=2
03:38:43.872 [main] INFO  c.gettingstarted.MyAlgoLogic - [MYALGO] The state of the order book is:
|----BID-----||----ASK----|
   160 @ 110     95 @ 97
   220 @ 120    150 @ 94
|------------||-----------|

03:38:43.872 [main] INFO  c.gettingstarted.MyAlgoLogic - [MYALGO] Algo Sees Book as: 
|----BID-----||----ASK----|
   160 @ 110     95 @ 97
   220 @ 120    150 @ 94
|------------||-----------|

03:38:43.872 [main] INFO  c.gettingstarted.MyAlgoLogic - [MYALGO] Initial quantity95 price 97
03:38:43.872 [main] INFO  c.gettingstarted.TimedLogic - [TIMEDLOGIC] Market is open
03:38:43.873 [main] INFO  c.gettingstarted.MyAlgoLogic - [MYALGO] Adding order for95@97
03:38:43.873 [main] INFO  c.gettingstarted.MyAlgoLogic - [Sheza6] markets monitor size is 0
03:38:43.873 [main] INFO  c.container.Actioner - [ALGO] Actioner, sending action:CreateChildOrder(side=BUY,quantity=95,price=97)
03:38:43.873 [main] INFO  c.sequencer.consumer.LoggingConsumer - [3] [CreateOrder](sbeTemplateId=4|sbeSchemaId=2|sbeSchemaVersion=0|sbeBlockLength=33):instrumentId=0|price=97|quantity=95|side=BUY|orderId=3
03:38:43.873 [main] INFO  c.gettingstarted.MyAlgoLogic - [MYALGO] The state of the order book is:
|----BID-----||----ASK----|
   160 @ 110     95 @ 97
   220 @ 120    150 @ 94
|------------||-----------|

03:38:43.873 [main] INFO  c.gettingstarted.MyAlgoLogic - [MYALGO] Algo Sees Book as: 
|----BID-----||----ASK----|
   160 @ 110     95 @ 97
   220 @ 120    150 @ 94
|------------||-----------|

03:38:43.874 [main] INFO  c.gettingstarted.MyAlgoLogic - [MYALGO] Initial quantity95 price 97
03:38:43.874 [main] INFO  c.gettingstarted.TimedLogic - [TIMEDLOGIC] Market is open
03:38:43.874 [main] INFO  c.gettingstarted.MyAlgoLogic - [MYALGO] Adding order for95@97
03:38:43.874 [main] INFO  c.gettingstarted.MyAlgoLogic - [Sheza6] markets monitor size is 0
03:38:43.874 [main] INFO  c.container.Actioner - [ALGO] Actioner, sending action:CreateChildOrder(side=BUY,quantity=95,price=97)
03:38:43.874 [main] INFO  c.sequencer.consumer.LoggingConsumer - [4] [CreateOrder](sbeTemplateId=4|sbeSchemaId=2|sbeSchemaVersion=0|sbeBlockLength=33):instrumentId=0|price=97|quantity=95|side=BUY|orderId=4
03:38:43.874 [main] INFO  c.gettingstarted.MyAlgoLogic - [MYALGO] The state of the order book is:
|----BID-----||----ASK----|
   160 @ 110     95 @ 97
   220 @ 120    150 @ 94
|------------||-----------|

03:38:43.874 [main] INFO  c.gettingstarted.MyAlgoLogic - [MYALGO] Algo Sees Book as: 
|----BID-----||----ASK----|
   160 @ 110     95 @ 97
   220 @ 120    150 @ 94
|------------||-----------|

03:38:43.874 [main] INFO  c.gettingstarted.MyAlgoLogic - [MYALGO] Initial quantity95 price 97
03:38:43.874 [main] INFO  c.gettingstarted.TimedLogic - [TIMEDLOGIC] Market is open
03:38:43.874 [main] INFO  c.gettingstarted.MyAlgoLogic - [MYALGO] Adding order for95@97
03:38:43.874 [main] INFO  c.gettingstarted.MyAlgoLogic - [Sheza6] markets monitor size is 0
03:38:43.874 [main] INFO  c.container.Actioner - [ALGO] Actioner, sending action:CreateChildOrder(side=BUY,quantity=95,price=97)
03:38:43.874 [main] INFO  c.sequencer.consumer.LoggingConsumer - [5] [CreateOrder](sbeTemplateId=4|sbeSchemaId=2|sbeSchemaVersion=0|sbeBlockLength=33):instrumentId=0|price=97|quantity=95|side=BUY|orderId=5
03:38:43.874 [main] INFO  c.gettingstarted.MyAlgoLogic - [MYALGO] The state of the order book is:
|----BID-----||----ASK----|
   160 @ 110     95 @ 97
   220 @ 120    150 @ 94
|------------||-----------|

03:38:43.874 [main] INFO  c.gettingstarted.MyAlgoLogic - [MYALGO] Algo Sees Book as: 
|----BID-----||----ASK----|
   160 @ 110     95 @ 97
   220 @ 120    150 @ 94
|------------||-----------|

03:38:43.874 [main] INFO  c.gettingstarted.MyAlgoLogic - [MYALGO] Initial quantity95 price 97
03:38:43.874 [main] INFO  c.gettingstarted.TimedLogic - [TIMEDLOGIC] Market is open
03:38:43.875 [main] INFO  c.gettingstarted.MyAlgoLogic - [MYALGO] Adding order for95@97
03:38:43.875 [main] INFO  c.gettingstarted.MyAlgoLogic - [Sheza6] markets monitor size is 0
03:38:43.875 [main] INFO  c.container.Actioner - [ALGO] Actioner, sending action:CreateChildOrder(side=BUY,quantity=95,price=97)
03:38:43.875 [main] INFO  c.sequencer.consumer.LoggingConsumer - [6] [CreateOrder](sbeTemplateId=4|sbeSchemaId=2|sbeSchemaVersion=0|sbeBlockLength=33):instrumentId=0|price=97|quantity=95|side=BUY|orderId=6
03:38:43.875 [main] INFO  c.gettingstarted.MyAlgoLogic - [MYALGO] The state of the order book is:
|----BID-----||----ASK----|
   160 @ 110     95 @ 97
   220 @ 120    150 @ 94
|------------||-----------|

03:38:43.875 [main] INFO  c.gettingstarted.MyAlgoLogic - [MYALGO] Algo Sees Book as: 
|----BID-----||----ASK----|
   160 @ 110     95 @ 97
   220 @ 120    150 @ 94
|------------||-----------|

03:38:43.875 [main] INFO  c.gettingstarted.MyAlgoLogic - [MYALGO] Initial quantity95 price 97
03:38:43.875 [main] INFO  c.gettingstarted.TimedLogic - [TIMEDLOGIC] Market is open
03:38:43.875 [main] INFO  c.gettingstarted.MyAlgoLogic - [MYALGO] Adding order for95@97
03:38:43.875 [main] INFO  c.gettingstarted.MyAlgoLogic - [Sheza6] markets monitor size is 0
03:38:43.875 [main] INFO  c.container.Actioner - [ALGO] Actioner, sending action:CreateChildOrder(side=BUY,quantity=95,price=97)
03:38:43.875 [main] INFO  c.sequencer.consumer.LoggingConsumer - [7] [CreateOrder](sbeTemplateId=4|sbeSchemaId=2|sbeSchemaVersion=0|sbeBlockLength=33):instrumentId=0|price=97|quantity=95|side=BUY|orderId=7
03:38:43.875 [main] INFO  c.gettingstarted.MyAlgoLogic - [MYALGO] The state of the order book is:
|----BID-----||----ASK----|
   160 @ 110     95 @ 97
   220 @ 120    150 @ 94
|------------||-----------|

03:38:43.875 [main] INFO  c.gettingstarted.MyAlgoLogic - [MYALGO] Algo Sees Book as: 
|----BID-----||----ASK----|
   160 @ 110     95 @ 97
   220 @ 120    150 @ 94
|------------||-----------|

03:38:43.875 [main] INFO  c.gettingstarted.MyAlgoLogic - [MYALGO] Initial quantity95 price 97
03:38:43.875 [main] INFO  c.gettingstarted.TimedLogic - [TIMEDLOGIC] Market is open
03:38:43.875 [main] INFO  c.gettingstarted.MyAlgoLogic - [MYALGO] Adding order for95@97
03:38:43.875 [main] INFO  c.gettingstarted.MyAlgoLogic - [Sheza6] markets monitor size is 0
03:38:43.875 [main] INFO  c.container.Actioner - [ALGO] Actioner, sending action:CreateChildOrder(side=BUY,quantity=95,price=97)
03:38:43.875 [main] INFO  c.sequencer.consumer.LoggingConsumer - [8] [CreateOrder](sbeTemplateId=4|sbeSchemaId=2|sbeSchemaVersion=0|sbeBlockLength=33):instrumentId=0|price=97|quantity=95|side=BUY|orderId=8
03:38:43.875 [main] INFO  c.gettingstarted.MyAlgoLogic - [MYALGO] The state of the order book is:
|----BID-----||----ASK----|
   160 @ 110     95 @ 97
   220 @ 120    150 @ 94
|------------||-----------|

03:38:43.875 [main] INFO  c.gettingstarted.MyAlgoLogic - [MYALGO] Algo Sees Book as: 
|----BID-----||----ASK----|
   160 @ 110     95 @ 97
   220 @ 120    150 @ 94
|------------||-----------|

03:38:43.875 [main] INFO  c.gettingstarted.MyAlgoLogic - [MYALGO] Initial quantity95 price 97
03:38:43.875 [main] INFO  c.gettingstarted.TimedLogic - [TIMEDLOGIC] Market is open
03:38:43.876 [main] INFO  c.gettingstarted.MyAlgoLogic - [MYALGO] Adding order for95@97
03:38:43.876 [main] INFO  c.gettingstarted.MyAlgoLogic - [Sheza6] markets monitor size is 0
03:38:43.876 [main] INFO  c.container.Actioner - [ALGO] Actioner, sending action:CreateChildOrder(side=BUY,quantity=95,price=97)
03:38:43.876 [main] INFO  c.sequencer.consumer.LoggingConsumer - [9] [CreateOrder](sbeTemplateId=4|sbeSchemaId=2|sbeSchemaVersion=0|sbeBlockLength=33):instrumentId=0|price=97|quantity=95|side=BUY|orderId=9
03:38:43.876 [main] INFO  c.gettingstarted.MyAlgoLogic - [MYALGO] The state of the order book is:
|----BID-----||----ASK----|
   160 @ 110     95 @ 97
   220 @ 120    150 @ 94
|------------||-----------|

03:38:43.876 [main] INFO  c.gettingstarted.MyAlgoLogic - [MYALGO] Algo Sees Book as: 
|----BID-----||----ASK----|
   160 @ 110     95 @ 97
   220 @ 120    150 @ 94
|------------||-----------|

03:38:43.876 [main] INFO  c.gettingstarted.MyAlgoLogic - [MYALGO] Initial quantity95 price 97
03:38:43.876 [main] INFO  c.gettingstarted.TimedLogic - [TIMEDLOGIC] Market is open
03:38:43.876 [main] INFO  c.gettingstarted.MyAlgoLogic - [MYALGO] Adding order for95@97
03:38:43.876 [main] INFO  c.gettingstarted.MyAlgoLogic - [Sheza6] markets monitor size is 0
03:38:43.876 [main] INFO  c.container.Actioner - [ALGO] Actioner, sending action:CreateChildOrder(side=BUY,quantity=95,price=97)
03:38:43.876 [main] INFO  c.sequencer.consumer.LoggingConsumer - [10] [CreateOrder](sbeTemplateId=4|sbeSchemaId=2|sbeSchemaVersion=0|sbeBlockLength=33):instrumentId=0|price=97|quantity=95|side=BUY|orderId=10
03:38:43.876 [main] INFO  c.gettingstarted.MyAlgoLogic - [MYALGO] The state of the order book is:
|----BID-----||----ASK----|
   160 @ 110     95 @ 97
   220 @ 120    150 @ 94
|------------||-----------|

03:38:43.876 [main] INFO  c.gettingstarted.MyAlgoLogic - [MYALGO] Algo Sees Book as: 
|----BID-----||----ASK----|
   160 @ 110     95 @ 97
   220 @ 120    150 @ 94
|------------||-----------|

03:38:43.876 [main] INFO  c.gettingstarted.MyAlgoLogic - [MYALGO] Initial quantity95 price 97
03:38:43.876 [main] INFO  c.gettingstarted.TimedLogic - [TIMEDLOGIC] Market is open
03:38:43.876 [main] INFO  c.gettingstarted.MyAlgoLogic - [MYALGO] Adding order for95@97
03:38:43.876 [main] INFO  c.gettingstarted.MyAlgoLogic - [Sheza6] markets monitor size is 0
03:38:43.876 [main] INFO  c.container.Actioner - [ALGO] Actioner, sending action:CreateChildOrder(side=BUY,quantity=95,price=97)
03:38:43.876 [main] INFO  c.sequencer.consumer.LoggingConsumer - [11] [CreateOrder](sbeTemplateId=4|sbeSchemaId=2|sbeSchemaVersion=0|sbeBlockLength=33):instrumentId=0|price=97|quantity=95|side=BUY|orderId=11
03:38:43.877 [main] INFO  c.gettingstarted.MyAlgoLogic - [MYALGO] The state of the order book is:
|----BID-----||----ASK----|
   160 @ 110     95 @ 97
   220 @ 120    150 @ 94
|------------||-----------|

03:38:43.877 [main] INFO  c.gettingstarted.MyAlgoLogic - [MYALGO] Algo Sees Book as: 
|----BID-----||----ASK----|
   160 @ 110     95 @ 97
   220 @ 120    150 @ 94
|------------||-----------|

03:38:43.877 [main] INFO  c.gettingstarted.MyAlgoLogic - [MYALGO] Initial quantity95 price 97
03:38:43.877 [main] INFO  c.gettingstarted.TimedLogic - [TIMEDLOGIC] Market is open
03:38:43.877 [main] INFO  c.gettingstarted.MyAlgoLogic - [MYALGO] Adding order for95@97
03:38:43.877 [main] INFO  c.gettingstarted.MyAlgoLogic - [Sheza6] markets monitor size is 0
03:38:43.877 [main] INFO  c.container.Actioner - [ALGO] Actioner, sending action:CreateChildOrder(side=BUY,quantity=95,price=97)
03:38:43.877 [main] INFO  c.sequencer.consumer.LoggingConsumer - [12] [CreateOrder](sbeTemplateId=4|sbeSchemaId=2|sbeSchemaVersion=0|sbeBlockLength=33):instrumentId=0|price=97|quantity=95|side=BUY|orderId=12
03:38:43.877 [main] INFO  c.gettingstarted.MyAlgoLogic - [MYALGO] The state of the order book is:
|----BID-----||----ASK----|
   160 @ 110     95 @ 97
   220 @ 120    150 @ 94
|------------||-----------|

03:38:43.877 [main] INFO  c.gettingstarted.MyAlgoLogic - [MYALGO] Algo Sees Book as: 
|----BID-----||----ASK----|
   160 @ 110     95 @ 97
   220 @ 120    150 @ 94
|------------||-----------|

03:38:43.877 [main] INFO  c.gettingstarted.MyAlgoLogic - [MYALGO] Initial quantity95 price 97
03:38:43.877 [main] INFO  c.gettingstarted.TimedLogic - [TIMEDLOGIC] Market is open
03:38:43.877 [main] INFO  c.gettingstarted.MyAlgoLogic - [MYALGO] Adding order for95@97
03:38:43.877 [main] INFO  c.gettingstarted.MyAlgoLogic - [Sheza6] markets monitor size is 0
03:38:43.877 [main] INFO  c.container.Actioner - [ALGO] Actioner, sending action:CreateChildOrder(side=BUY,quantity=95,price=97)
03:38:43.877 [main] INFO  c.sequencer.consumer.LoggingConsumer - [13] [CreateOrder](sbeTemplateId=4|sbeSchemaId=2|sbeSchemaVersion=0|sbeBlockLength=33):instrumentId=0|price=97|quantity=95|side=BUY|orderId=13
03:38:43.877 [main] INFO  c.gettingstarted.MyAlgoLogic - [MYALGO] The state of the order book is:
|----BID-----||----ASK----|
   160 @ 110     95 @ 97
   220 @ 120    150 @ 94
|------------||-----------|

03:38:43.877 [main] INFO  c.gettingstarted.MyAlgoLogic - [MYALGO] Algo Sees Book as: 
|----BID-----||----ASK----|
   160 @ 110     95 @ 97
   220 @ 120    150 @ 94
|------------||-----------|

03:38:43.877 [main] INFO  c.gettingstarted.MyAlgoLogic - [MYALGO] Initial quantity95 price 97
03:38:43.877 [main] INFO  c.gettingstarted.TimedLogic - [TIMEDLOGIC] Market is open
03:38:43.878 [main] INFO  c.gettingstarted.MyAlgoLogic - [MYALGO] Adding order for95@97
03:38:43.878 [main] INFO  c.gettingstarted.MyAlgoLogic - [Sheza6] markets monitor size is 0
03:38:43.878 [main] INFO  c.container.Actioner - [ALGO] Actioner, sending action:CreateChildOrder(side=BUY,quantity=95,price=97)
03:38:43.878 [main] INFO  c.sequencer.consumer.LoggingConsumer - [14] [CreateOrder](sbeTemplateId=4|sbeSchemaId=2|sbeSchemaVersion=0|sbeBlockLength=33):instrumentId=0|price=97|quantity=95|side=BUY|orderId=14
03:38:43.878 [main] INFO  c.gettingstarted.MyAlgoLogic - [MYALGO] The state of the order book is:
|----BID-----||----ASK----|
   160 @ 110     95 @ 97
   220 @ 120    150 @ 94
|------------||-----------|

03:38:43.878 [main] INFO  c.gettingstarted.MyAlgoLogic - [MYALGO] Algo Sees Book as: 
|----BID-----||----ASK----|
   160 @ 110     95 @ 97
   220 @ 120    150 @ 94
|------------||-----------|

03:38:43.878 [main] INFO  c.gettingstarted.MyAlgoLogic - [MYALGO] Initial quantity95 price 97
03:38:43.878 [main] INFO  c.gettingstarted.TimedLogic - [TIMEDLOGIC] Market is open
03:38:43.878 [main] INFO  c.gettingstarted.MyAlgoLogic - [MYALGO] Adding order for95@97
03:38:43.878 [main] INFO  c.gettingstarted.MyAlgoLogic - [Sheza6] markets monitor size is 0
03:38:43.878 [main] INFO  c.container.Actioner - [ALGO] Actioner, sending action:CreateChildOrder(side=BUY,quantity=95,price=97)
03:38:43.878 [main] INFO  c.sequencer.consumer.LoggingConsumer - [15] [CreateOrder](sbeTemplateId=4|sbeSchemaId=2|sbeSchemaVersion=0|sbeBlockLength=33):instrumentId=0|price=97|quantity=95|side=BUY|orderId=15
03:38:43.878 [main] INFO  c.gettingstarted.MyAlgoLogic - [MYALGO] The state of the order book is:
|----BID-----||----ASK----|
   160 @ 110     95 @ 97
   220 @ 120    150 @ 94
|------------||-----------|

03:38:43.878 [main] INFO  c.gettingstarted.MyAlgoLogic - [MYALGO] Algo Sees Book as: 
|----BID-----||----ASK----|
   160 @ 110     95 @ 97
   220 @ 120    150 @ 94
|------------||-----------|

03:38:43.878 [main] INFO  c.gettingstarted.MyAlgoLogic - [MYALGO] Initial quantity95 price 97
03:38:43.878 [main] INFO  c.gettingstarted.TimedLogic - [TIMEDLOGIC] Market is open
03:38:43.878 [main] INFO  c.gettingstarted.MyAlgoLogic - [MYALGO] Adding order for95@97
03:38:43.878 [main] INFO  c.gettingstarted.MyAlgoLogic - [Sheza6] markets monitor size is 0
03:38:43.878 [main] INFO  c.container.Actioner - [ALGO] Actioner, sending action:CreateChildOrder(side=BUY,quantity=95,price=97)
03:38:43.879 [main] INFO  c.sequencer.consumer.LoggingConsumer - [16] [CreateOrder](sbeTemplateId=4|sbeSchemaId=2|sbeSchemaVersion=0|sbeBlockLength=33):instrumentId=0|price=97|quantity=95|side=BUY|orderId=16
03:38:43.879 [main] INFO  c.gettingstarted.MyAlgoLogic - [MYALGO] The state of the order book is:
|----BID-----||----ASK----|
   160 @ 110     95 @ 97
   220 @ 120    150 @ 94
|------------||-----------|

03:38:43.879 [main] INFO  c.gettingstarted.MyAlgoLogic - [MYALGO] Algo Sees Book as: 
|----BID-----||----ASK----|
   160 @ 110     95 @ 97
   220 @ 120    150 @ 94
|------------||-----------|

03:38:43.879 [main] INFO  c.gettingstarted.MyAlgoLogic - [MYALGO] Initial quantity95 price 97
03:38:43.879 [main] INFO  c.gettingstarted.TimedLogic - [TIMEDLOGIC] Market is open
03:38:43.879 [main] INFO  c.gettingstarted.MyAlgoLogic - [MYALGO] Adding order for95@97
03:38:43.879 [main] INFO  c.gettingstarted.MyAlgoLogic - [Sheza6] markets monitor size is 0
03:38:43.879 [main] INFO  c.container.Actioner - [ALGO] Actioner, sending action:CreateChildOrder(side=BUY,quantity=95,price=97)
03:38:43.879 [main] INFO  c.sequencer.consumer.LoggingConsumer - [17] [CreateOrder](sbeTemplateId=4|sbeSchemaId=2|sbeSchemaVersion=0|sbeBlockLength=33):instrumentId=0|price=97|quantity=95|side=BUY|orderId=17
03:38:43.879 [main] INFO  c.gettingstarted.MyAlgoLogic - [MYALGO] The state of the order book is:
|----BID-----||----ASK----|
   160 @ 110     95 @ 97
   220 @ 120    150 @ 94
|------------||-----------|

03:38:43.879 [main] INFO  c.gettingstarted.MyAlgoLogic - [MYALGO] Algo Sees Book as: 
|----BID-----||----ASK----|
   160 @ 110     95 @ 97
   220 @ 120    150 @ 94
|------------||-----------|

03:38:43.879 [main] INFO  c.gettingstarted.MyAlgoLogic - [MYALGO] Initial quantity95 price 97
03:38:43.879 [main] INFO  c.gettingstarted.TimedLogic - [TIMEDLOGIC] Market is open
03:38:43.879 [main] INFO  c.gettingstarted.MyAlgoLogic - [MYALGO] Adding order for95@97
03:38:43.879 [main] INFO  c.gettingstarted.MyAlgoLogic - [Sheza6] markets monitor size is 0
03:38:43.879 [main] INFO  c.container.Actioner - [ALGO] Actioner, sending action:CreateChildOrder(side=BUY,quantity=95,price=97)
03:38:43.879 [main] INFO  c.sequencer.consumer.LoggingConsumer - [18] [CreateOrder](sbeTemplateId=4|sbeSchemaId=2|sbeSchemaVersion=0|sbeBlockLength=33):instrumentId=0|price=97|quantity=95|side=BUY|orderId=18
03:38:43.879 [main] INFO  c.gettingstarted.MyAlgoLogic - [MYALGO] The state of the order book is:
|----BID-----||----ASK----|
   160 @ 110     95 @ 97
   220 @ 120    150 @ 94
|------------||-----------|

03:38:43.879 [main] INFO  c.gettingstarted.MyAlgoLogic - [MYALGO] Algo Sees Book as: 
|----BID-----||----ASK----|
   160 @ 110     95 @ 97
   220 @ 120    150 @ 94
|------------||-----------|

03:38:43.879 [main] INFO  c.gettingstarted.MyAlgoLogic - [MYALGO] Initial quantity95 price 97
03:38:43.879 [main] INFO  c.gettingstarted.TimedLogic - [TIMEDLOGIC] Market is open
03:38:43.880 [main] INFO  c.gettingstarted.MyAlgoLogic - [MYALGO] Adding order for95@97
03:38:43.880 [main] INFO  c.gettingstarted.MyAlgoLogic - [Sheza6] markets monitor size is 0
03:38:43.880 [main] INFO  c.container.Actioner - [ALGO] Actioner, sending action:CreateChildOrder(side=BUY,quantity=95,price=97)
03:38:43.880 [main] INFO  c.sequencer.consumer.LoggingConsumer - [19] [CreateOrder](sbeTemplateId=4|sbeSchemaId=2|sbeSchemaVersion=0|sbeBlockLength=33):instrumentId=0|price=97|quantity=95|side=BUY|orderId=19
03:38:43.880 [main] INFO  c.gettingstarted.MyAlgoLogic - [MYALGO] The state of the order book is:
|----BID-----||----ASK----|
   160 @ 110     95 @ 97
   220 @ 120    150 @ 94
|------------||-----------|

03:38:43.880 [main] INFO  c.gettingstarted.MyAlgoLogic - [MYALGO] Algo Sees Book as: 
|----BID-----||----ASK----|
   160 @ 110     95 @ 97
   220 @ 120    150 @ 94
|------------||-----------|

03:38:43.880 [main] INFO  c.gettingstarted.MyAlgoLogic - [MYALGO] Initial quantity95 price 97
03:38:43.880 [main] INFO  c.gettingstarted.TimedLogic - [TIMEDLOGIC] Market is open
03:38:43.880 [main] INFO  c.gettingstarted.MyAlgoLogic - [MYALGO] Adding order for95@97
03:38:43.880 [main] INFO  c.gettingstarted.MyAlgoLogic - [Sheza6] markets monitor size is 0
03:38:43.880 [main] INFO  c.container.Actioner - [ALGO] Actioner, sending action:CreateChildOrder(side=BUY,quantity=95,price=97)
03:38:43.880 [main] INFO  c.sequencer.consumer.LoggingConsumer - [20] [CreateOrder](sbeTemplateId=4|sbeSchemaId=2|sbeSchemaVersion=0|sbeBlockLength=33):instrumentId=0|price=97|quantity=95|side=BUY|orderId=20
03:38:43.880 [main] INFO  c.gettingstarted.MyAlgoLogic - [MYALGO] The state of the order book is:
|----BID-----||----ASK----|
   160 @ 110     95 @ 97
   220 @ 120    150 @ 94
|------------||-----------|

03:38:43.880 [main] INFO  c.gettingstarted.MyAlgoLogic - [MYALGO] Algo Sees Book as: 
|----BID-----||----ASK----|
   160 @ 110     95 @ 97
   220 @ 120    150 @ 94
|------------||-----------|

03:38:43.880 [main] INFO  c.gettingstarted.MyAlgoLogic - [MYALGO] Initial quantity95 price 97
03:38:43.880 [main] INFO  c.gettingstarted.TimedLogic - [TIMEDLOGIC] Market is open
03:38:43.881 [main] INFO  c.gettingstarted.MyAlgoLogic - [MYALGO] Adding order for95@97
03:38:43.881 [main] INFO  c.gettingstarted.MyAlgoLogic - [Sheza6] markets monitor size is 0
03:38:43.881 [main] INFO  c.container.Actioner - [ALGO] Actioner, sending action:CreateChildOrder(side=BUY,quantity=95,price=97)
03:38:43.881 [main] INFO  c.sequencer.consumer.LoggingConsumer - [21] [CreateOrder](sbeTemplateId=4|sbeSchemaId=2|sbeSchemaVersion=0|sbeBlockLength=33):instrumentId=0|price=97|quantity=95|side=BUY|orderId=21
03:38:43.881 [main] INFO  c.gettingstarted.MyAlgoLogic - [MYALGO] The state of the order book is:
|----BID-----||----ASK----|
   160 @ 110     95 @ 97
   220 @ 120    150 @ 94
|------------||-----------|

03:38:43.881 [main] INFO  c.gettingstarted.MyAlgoLogic - [MYALGO] Algo Sees Book as: 
|----BID-----||----ASK----|
   160 @ 110     95 @ 97
   220 @ 120    150 @ 94
|------------||-----------|

03:38:43.881 [main] INFO  c.gettingstarted.MyAlgoLogic - [MYALGO] Initial quantity95 price 97
03:38:43.881 [main] INFO  c.gettingstarted.TimedLogic - [TIMEDLOGIC] Market is open
03:38:43.881 [main] INFO  c.gettingstarted.MyAlgoLogic - [MYALGO] Adding order for95@97
03:38:43.881 [main] INFO  c.gettingstarted.MyAlgoLogic - [Sheza6] markets monitor size is 0
03:38:43.881 [main] INFO  c.container.Actioner - [ALGO] Actioner, sending action:CreateChildOrder(side=BUY,quantity=95,price=97)
03:38:43.881 [main] INFO  c.sequencer.consumer.LoggingConsumer - [22] [CreateOrder](sbeTemplateId=4|sbeSchemaId=2|sbeSchemaVersion=0|sbeBlockLength=33):instrumentId=0|price=97|quantity=95|side=BUY|orderId=22
03:38:43.882 [main] INFO  c.gettingstarted.MyAlgoLogic - [MYALGO] The state of the order book is:
|----BID-----||----ASK----|
   160 @ 110     95 @ 97
   220 @ 120    150 @ 94
|------------||-----------|

03:38:43.882 [main] INFO  c.gettingstarted.MyAlgoLogic - [MYALGO] Algo Sees Book as: 
|----BID-----||----ASK----|
   160 @ 110     95 @ 97
   220 @ 120    150 @ 94
|------------||-----------|

03:38:43.882 [main] INFO  c.gettingstarted.MyAlgoLogic - [MYALGO] Initial quantity95 price 97
03:38:43.882 [main] INFO  c.gettingstarted.TimedLogic - [TIMEDLOGIC] Market is open
03:38:43.882 [main] INFO  c.gettingstarted.MyAlgoLogic - [MYALGO] Adding order for95@97
03:38:43.882 [main] INFO  c.gettingstarted.MyAlgoLogic - [Sheza6] markets monitor size is 0
03:38:43.882 [main] INFO  c.container.Actioner - [ALGO] Actioner, sending action:CreateChildOrder(side=BUY,quantity=95,price=97)
03:38:43.882 [main] INFO  c.sequencer.consumer.LoggingConsumer - [23] [CreateOrder](sbeTemplateId=4|sbeSchemaId=2|sbeSchemaVersion=0|sbeBlockLength=33):instrumentId=0|price=97|quantity=95|side=BUY|orderId=23
03:38:43.882 [main] INFO  c.gettingstarted.MyAlgoLogic - [MYALGO] The state of the order book is:
|----BID-----||----ASK----|
   160 @ 110     95 @ 97
   220 @ 120    150 @ 94
|------------||-----------|

03:38:43.882 [main] INFO  c.gettingstarted.MyAlgoLogic - [MYALGO] Algo Sees Book as: 
|----BID-----||----ASK----|
   160 @ 110     95 @ 97
   220 @ 120    150 @ 94
|------------||-----------|

03:38:43.882 [main] INFO  c.gettingstarted.MyAlgoLogic - [MYALGO] Initial quantity95 price 97
03:38:43.882 [main] INFO  c.gettingstarted.TimedLogic - [TIMEDLOGIC] Market is open
03:38:43.882 [main] INFO  c.gettingstarted.MyAlgoLogic - [MYALGO] Adding order for95@97
03:38:43.882 [main] INFO  c.gettingstarted.MyAlgoLogic - [Sheza6] markets monitor size is 0
03:38:43.882 [main] INFO  c.container.Actioner - [ALGO] Actioner, sending action:CreateChildOrder(side=BUY,quantity=95,price=97)
03:38:43.882 [main] INFO  c.sequencer.consumer.LoggingConsumer - [24] [CreateOrder](sbeTemplateId=4|sbeSchemaId=2|sbeSchemaVersion=0|sbeBlockLength=33):instrumentId=0|price=97|quantity=95|side=BUY|orderId=24
03:38:43.882 [main] INFO  c.gettingstarted.MyAlgoLogic - [MYALGO] The state of the order book is:
|----BID-----||----ASK----|
   160 @ 110     95 @ 97
   220 @ 120    150 @ 94
|------------||-----------|

03:38:43.882 [main] INFO  c.gettingstarted.MyAlgoLogic - [MYALGO] Algo Sees Book as: 
|----BID-----||----ASK----|
   160 @ 110     95 @ 97
   220 @ 120    150 @ 94
|------------||-----------|

03:38:43.882 [main] INFO  c.gettingstarted.MyAlgoLogic - [MYALGO] Initial quantity95 price 97
03:38:43.883 [main] INFO  c.gettingstarted.TimedLogic - [TIMEDLOGIC] Market is open
03:38:43.883 [main] INFO  c.gettingstarted.MyAlgoLogic - [MYALGO] Adding order for95@97
03:38:43.883 [main] INFO  c.gettingstarted.MyAlgoLogic - [Sheza6] markets monitor size is 0
03:38:43.883 [main] INFO  c.container.Actioner - [ALGO] Actioner, sending action:CreateChildOrder(side=BUY,quantity=95,price=97)
03:38:43.883 [main] INFO  c.sequencer.consumer.LoggingConsumer - [25] [CreateOrder](sbeTemplateId=4|sbeSchemaId=2|sbeSchemaVersion=0|sbeBlockLength=33):instrumentId=0|price=97|quantity=95|side=BUY|orderId=25
03:38:43.883 [main] INFO  c.gettingstarted.MyAlgoLogic - [MYALGO] The state of the order book is:
|----BID-----||----ASK----|
   160 @ 110     95 @ 97
   220 @ 120    150 @ 94
|------------||-----------|

03:38:43.883 [main] INFO  c.gettingstarted.MyAlgoLogic - [MYALGO] Algo Sees Book as: 
|----BID-----||----ASK----|
   160 @ 110     95 @ 97
   220 @ 120    150 @ 94
|------------||-----------|

03:38:43.883 [main] INFO  c.gettingstarted.MyAlgoLogic - [MYALGO] Initial quantity95 price 97
03:38:43.883 [main] INFO  c.gettingstarted.TimedLogic - [TIMEDLOGIC] Market is open
03:38:43.883 [main] INFO  c.gettingstarted.MyAlgoLogic - [MYALGO] Adding order for95@97
03:38:43.883 [main] INFO  c.gettingstarted.MyAlgoLogic - [Sheza6] markets monitor size is 0
03:38:43.883 [main] INFO  c.container.Actioner - [ALGO] Actioner, sending action:CreateChildOrder(side=BUY,quantity=95,price=97)
03:38:43.884 [main] INFO  c.sequencer.consumer.LoggingConsumer - [26] [CreateOrder](sbeTemplateId=4|sbeSchemaId=2|sbeSchemaVersion=0|sbeBlockLength=33):instrumentId=0|price=97|quantity=95|side=BUY|orderId=26
03:38:43.884 [main] INFO  c.gettingstarted.MyAlgoLogic - [MYALGO] The state of the order book is:
|----BID-----||----ASK----|
   160 @ 110     95 @ 97
   220 @ 120    150 @ 94
|------------||-----------|

03:38:43.884 [main] INFO  c.gettingstarted.MyAlgoLogic - [MYALGO] Algo Sees Book as: 
|----BID-----||----ASK----|
   160 @ 110     95 @ 97
   220 @ 120    150 @ 94
|------------||-----------|

03:38:43.884 [main] INFO  c.gettingstarted.MyAlgoLogic - [MYALGO] Initial quantity95 price 97
03:38:43.884 [main] INFO  c.gettingstarted.TimedLogic - [TIMEDLOGIC] Market is open
03:38:43.884 [main] INFO  c.gettingstarted.MyAlgoLogic - [MYALGO] Adding order for95@97
03:38:43.884 [main] INFO  c.gettingstarted.MyAlgoLogic - [Sheza6] markets monitor size is 0
03:38:43.884 [main] INFO  c.container.Actioner - [ALGO] Actioner, sending action:CreateChildOrder(side=BUY,quantity=95,price=97)
03:38:43.884 [main] INFO  c.sequencer.consumer.LoggingConsumer - [27] [CreateOrder](sbeTemplateId=4|sbeSchemaId=2|sbeSchemaVersion=0|sbeBlockLength=33):instrumentId=0|price=97|quantity=95|side=BUY|orderId=27
03:38:43.884 [main] INFO  c.gettingstarted.MyAlgoLogic - [MYALGO] The state of the order book is:
|----BID-----||----ASK----|
   160 @ 110     95 @ 97
   220 @ 120    150 @ 94
|------------||-----------|

03:38:43.885 [main] INFO  c.gettingstarted.MyAlgoLogic - [MYALGO] Algo Sees Book as: 
|----BID-----||----ASK----|
   160 @ 110     95 @ 97
   220 @ 120    150 @ 94
|------------||-----------|

03:38:43.885 [main] INFO  c.gettingstarted.MyAlgoLogic - [MYALGO] Initial quantity95 price 97
03:38:43.885 [main] INFO  c.gettingstarted.TimedLogic - [TIMEDLOGIC] Market is open
03:38:43.885 [main] INFO  c.gettingstarted.MyAlgoLogic - [MYALGO] Adding order for95@97
03:38:43.885 [main] INFO  c.gettingstarted.MyAlgoLogic - [Sheza6] markets monitor size is 0
03:38:43.885 [main] INFO  c.container.Actioner - [ALGO] Actioner, sending action:CreateChildOrder(side=BUY,quantity=95,price=97)
03:38:43.885 [main] INFO  c.sequencer.consumer.LoggingConsumer - [28] [CreateOrder](sbeTemplateId=4|sbeSchemaId=2|sbeSchemaVersion=0|sbeBlockLength=33):instrumentId=0|price=97|quantity=95|side=BUY|orderId=28
03:38:43.885 [main] INFO  c.gettingstarted.MyAlgoLogic - [MYALGO] The state of the order book is:
|----BID-----||----ASK----|
   160 @ 110     95 @ 97
   220 @ 120    150 @ 94
|------------||-----------|

03:38:43.885 [main] INFO  c.gettingstarted.MyAlgoLogic - [MYALGO] Algo Sees Book as: 
|----BID-----||----ASK----|
   160 @ 110     95 @ 97
   220 @ 120    150 @ 94
|------------||-----------|

03:38:43.885 [main] INFO  c.gettingstarted.MyAlgoLogic - [MYALGO] Initial quantity95 price 97
03:38:43.885 [main] INFO  c.gettingstarted.TimedLogic - [TIMEDLOGIC] Market is open
03:38:43.885 [main] INFO  c.gettingstarted.MyAlgoLogic - [MYALGO] Adding order for95@97
03:38:43.885 [main] INFO  c.gettingstarted.MyAlgoLogic - [Sheza6] markets monitor size is 0
03:38:43.885 [main] INFO  c.container.Actioner - [ALGO] Actioner, sending action:CreateChildOrder(side=BUY,quantity=95,price=97)
03:38:43.885 [main] INFO  c.sequencer.consumer.LoggingConsumer - [29] [CreateOrder](sbeTemplateId=4|sbeSchemaId=2|sbeSchemaVersion=0|sbeBlockLength=33):instrumentId=0|price=97|quantity=95|side=BUY|orderId=29
03:38:43.885 [main] INFO  c.gettingstarted.MyAlgoLogic - [MYALGO] The state of the order book is:
|----BID-----||----ASK----|
   160 @ 110     95 @ 97
   220 @ 120    150 @ 94
|------------||-----------|

03:38:43.885 [main] INFO  c.gettingstarted.MyAlgoLogic - [MYALGO] Algo Sees Book as: 
|----BID-----||----ASK----|
   160 @ 110     95 @ 97
   220 @ 120    150 @ 94
|------------||-----------|

03:38:43.886 [main] INFO  c.gettingstarted.MyAlgoLogic - [MYALGO] Initial quantity95 price 97
03:38:43.886 [main] INFO  c.gettingstarted.TimedLogic - [TIMEDLOGIC] Market is open
03:38:43.886 [main] INFO  c.gettingstarted.MyAlgoLogic - [MYALGO] Adding order for95@97
03:38:43.886 [main] INFO  c.gettingstarted.MyAlgoLogic - [Sheza6] markets monitor size is 0
03:38:43.886 [main] INFO  c.container.Actioner - [ALGO] Actioner, sending action:CreateChildOrder(side=BUY,quantity=95,price=97)
03:38:43.886 [main] INFO  c.sequencer.consumer.LoggingConsumer - [30] [CreateOrder](sbeTemplateId=4|sbeSchemaId=2|sbeSchemaVersion=0|sbeBlockLength=33):instrumentId=0|price=97|quantity=95|side=BUY|orderId=30
03:38:43.886 [main] INFO  c.gettingstarted.MyAlgoLogic - [MYALGO] The state of the order book is:
|----BID-----||----ASK----|
   160 @ 110     95 @ 97
   220 @ 120    150 @ 94
|------------||-----------|

03:38:43.886 [main] INFO  c.gettingstarted.MyAlgoLogic - [MYALGO] Algo Sees Book as: 
|----BID-----||----ASK----|
   160 @ 110     95 @ 97
   220 @ 120    150 @ 94
|------------||-----------|

03:38:43.886 [main] INFO  c.gettingstarted.MyAlgoLogic - [MYALGO] Initial quantity95 price 97
03:38:43.886 [main] INFO  c.gettingstarted.TimedLogic - [TIMEDLOGIC] Market is open
03:38:43.888 [pool-16-thread-1] INFO  c.gettingstarted.TimedLogic - [TIMEDLOGIC] data harvesting
Current market monitor list is 
yolo Price: 98, Quantity: 100Current time: 03:38:43.767947400
03:38:43.889 [pool-16-thread-1] INFO  c.gettingstarted.TimedLogic - [Sheza2] market monitor 1
03:38:43.889 [pool-16-thread-1] INFO  c.gettingstarted.TimedLogic - [Sheza2] market monitor size is 1
Current market monitor size is 1
03:38:43.889 [pool-16-thread-1] INFO  c.gettingstarted.TimedLogic - [Sheza3] market monitor size is 1
03:38:43.891 [main] INFO  c.gettingstarted.MyAlgoLogic - [MYALGO] Adding order for95@97
03:38:43.891 [main] INFO  c.gettingstarted.MyAlgoLogic - [Sheza6] markets monitor size is 0
03:38:43.891 [main] INFO  c.container.Actioner - [ALGO] Actioner, sending action:CreateChildOrder(side=BUY,quantity=95,price=97)
03:38:43.891 [main] INFO  c.sequencer.consumer.LoggingConsumer - [31] [CreateOrder](sbeTemplateId=4|sbeSchemaId=2|sbeSchemaVersion=0|sbeBlockLength=33):instrumentId=0|price=97|quantity=95|side=BUY|orderId=31
03:38:43.891 [main] INFO  c.gettingstarted.MyAlgoLogic - [MYALGO] The state of the order book is:
|----BID-----||----ASK----|
   160 @ 110     95 @ 97
   220 @ 120    150 @ 94
|------------||-----------|

03:38:43.891 [main] INFO  c.gettingstarted.MyAlgoLogic - [MYALGO] Algo Sees Book as: 
|----BID-----||----ASK----|
   160 @ 110     95 @ 97
   220 @ 120    150 @ 94
|------------||-----------|

03:38:43.891 [main] INFO  c.gettingstarted.MyAlgoLogic - [MYALGO] Initial quantity95 price 97
03:38:43.891 [main] INFO  c.gettingstarted.TimedLogic - [TIMEDLOGIC] Market is open
03:38:43.892 [main] INFO  c.gettingstarted.MyAlgoLogic - [MYALGO] Adding order for95@97
03:38:43.892 [main] INFO  c.gettingstarted.MyAlgoLogic - [Sheza6] markets monitor size is 0
03:38:43.892 [main] INFO  c.container.Actioner - [ALGO] Actioner, sending action:CreateChildOrder(side=BUY,quantity=95,price=97)
03:38:43.892 [main] INFO  c.sequencer.consumer.LoggingConsumer - [32] [CreateOrder](sbeTemplateId=4|sbeSchemaId=2|sbeSchemaVersion=0|sbeBlockLength=33):instrumentId=0|price=97|quantity=95|side=BUY|orderId=32
03:38:43.892 [main] INFO  c.gettingstarted.MyAlgoLogic - [MYALGO] The state of the order book is:
|----BID-----||----ASK----|
   160 @ 110     95 @ 97
   220 @ 120    150 @ 94
|------------||-----------|

03:38:43.892 [main] INFO  c.gettingstarted.MyAlgoLogic - [MYALGO] Algo Sees Book as: 
|----BID-----||----ASK----|
   160 @ 110     95 @ 97
   220 @ 120    150 @ 94
|------------||-----------|

03:38:43.892 [main] INFO  c.gettingstarted.MyAlgoLogic - [MYALGO] Initial quantity95 price 97
03:38:43.892 [main] INFO  c.gettingstarted.TimedLogic - [TIMEDLOGIC] Market is open
03:38:43.892 [main] INFO  c.gettingstarted.MyAlgoLogic - [MYALGO] Adding order for95@97
03:38:43.892 [main] INFO  c.gettingstarted.MyAlgoLogic - [Sheza6] markets monitor size is 0
03:38:43.892 [main] INFO  c.container.Actioner - [ALGO] Actioner, sending action:CreateChildOrder(side=BUY,quantity=95,price=97)
03:38:43.892 [main] INFO  c.sequencer.consumer.LoggingConsumer - [33] [CreateOrder](sbeTemplateId=4|sbeSchemaId=2|sbeSchemaVersion=0|sbeBlockLength=33):instrumentId=0|price=97|quantity=95|side=BUY|orderId=33
03:38:43.892 [main] INFO  c.gettingstarted.MyAlgoLogic - [MYALGO] The state of the order book is:
|----BID-----||----ASK----|
   160 @ 110     95 @ 97
   220 @ 120    150 @ 94
|------------||-----------|

03:38:43.892 [main] INFO  c.gettingstarted.MyAlgoLogic - [MYALGO] Algo Sees Book as: 
|----BID-----||----ASK----|
   160 @ 110     95 @ 97
   220 @ 120    150 @ 94
|------------||-----------|

03:38:43.892 [main] INFO  c.gettingstarted.MyAlgoLogic - [MYALGO] Initial quantity95 price 97
03:38:43.892 [main] INFO  c.gettingstarted.TimedLogic - [TIMEDLOGIC] Market is open
03:38:43.892 [main] INFO  c.gettingstarted.MyAlgoLogic - [MYALGO] Adding order for95@97
03:38:43.892 [main] INFO  c.gettingstarted.MyAlgoLogic - [Sheza6] markets monitor size is 0
03:38:43.892 [main] INFO  c.container.Actioner - [ALGO] Actioner, sending action:CreateChildOrder(side=BUY,quantity=95,price=97)
03:38:43.892 [main] INFO  c.sequencer.consumer.LoggingConsumer - [34] [CreateOrder](sbeTemplateId=4|sbeSchemaId=2|sbeSchemaVersion=0|sbeBlockLength=33):instrumentId=0|price=97|quantity=95|side=BUY|orderId=34
03:38:43.893 [main] INFO  c.gettingstarted.MyAlgoLogic - [MYALGO] The state of the order book is:
|----BID-----||----ASK----|
   160 @ 110     95 @ 97
   220 @ 120    150 @ 94
|------------||-----------|

03:38:43.893 [main] INFO  c.gettingstarted.MyAlgoLogic - [MYALGO] Algo Sees Book as: 
|----BID-----||----ASK----|
   160 @ 110     95 @ 97
   220 @ 120    150 @ 94
|------------||-----------|

03:38:43.893 [main] INFO  c.gettingstarted.MyAlgoLogic - [MYALGO] Initial quantity95 price 97
03:38:43.893 [main] INFO  c.gettingstarted.TimedLogic - [TIMEDLOGIC] Market is open
03:38:43.893 [main] INFO  c.gettingstarted.MyAlgoLogic - [MYALGO] Adding order for95@97
03:38:43.893 [main] INFO  c.gettingstarted.MyAlgoLogic - [Sheza6] markets monitor size is 0
03:38:43.893 [main] INFO  c.container.Actioner - [ALGO] Actioner, sending action:CreateChildOrder(side=BUY,quantity=95,price=97)
03:38:43.893 [main] INFO  c.sequencer.consumer.LoggingConsumer - [35] [CreateOrder](sbeTemplateId=4|sbeSchemaId=2|sbeSchemaVersion=0|sbeBlockLength=33):instrumentId=0|price=97|quantity=95|side=BUY|orderId=35
03:38:43.893 [main] INFO  c.gettingstarted.MyAlgoLogic - [MYALGO] The state of the order book is:
|----BID-----||----ASK----|
   160 @ 110     95 @ 97
   220 @ 120    150 @ 94
|------------||-----------|

03:38:43.893 [main] INFO  c.gettingstarted.MyAlgoLogic - [MYALGO] Algo Sees Book as: 
|----BID-----||----ASK----|
   160 @ 110     95 @ 97
   220 @ 120    150 @ 94
|------------||-----------|

03:38:43.893 [main] INFO  c.gettingstarted.MyAlgoLogic - [MYALGO] Initial quantity95 price 97
03:38:43.893 [main] INFO  c.gettingstarted.TimedLogic - [TIMEDLOGIC] Market is open
03:38:43.893 [main] INFO  c.gettingstarted.MyAlgoLogic - [MYALGO] Adding order for95@97
03:38:43.893 [main] INFO  c.gettingstarted.MyAlgoLogic - [Sheza6] markets monitor size is 0
03:38:43.893 [main] INFO  c.container.Actioner - [ALGO] Actioner, sending action:CreateChildOrder(side=BUY,quantity=95,price=97)
03:38:43.893 [main] INFO  c.sequencer.consumer.LoggingConsumer - [36] [CreateOrder](sbeTemplateId=4|sbeSchemaId=2|sbeSchemaVersion=0|sbeBlockLength=33):instrumentId=0|price=97|quantity=95|side=BUY|orderId=36
03:38:43.893 [main] INFO  c.gettingstarted.MyAlgoLogic - [MYALGO] The state of the order book is:
|----BID-----||----ASK----|
   160 @ 110     95 @ 97
   220 @ 120    150 @ 94
|------------||-----------|

03:38:43.893 [main] INFO  c.gettingstarted.MyAlgoLogic - [MYALGO] Algo Sees Book as: 
|----BID-----||----ASK----|
   160 @ 110     95 @ 97
   220 @ 120    150 @ 94
|------------||-----------|

03:38:43.893 [main] INFO  c.gettingstarted.MyAlgoLogic - [MYALGO] Initial quantity95 price 97
03:38:43.893 [main] INFO  c.gettingstarted.TimedLogic - [TIMEDLOGIC] Market is open
03:38:43.894 [main] INFO  c.gettingstarted.MyAlgoLogic - [MYALGO] Adding order for95@97
03:38:43.894 [main] INFO  c.gettingstarted.MyAlgoLogic - [Sheza6] markets monitor size is 0
03:38:43.894 [main] INFO  c.container.Actioner - [ALGO] Actioner, sending action:CreateChildOrder(side=BUY,quantity=95,price=97)
03:38:43.894 [main] INFO  c.sequencer.consumer.LoggingConsumer - [37] [CreateOrder](sbeTemplateId=4|sbeSchemaId=2|sbeSchemaVersion=0|sbeBlockLength=33):instrumentId=0|price=97|quantity=95|side=BUY|orderId=37
03:38:43.894 [main] INFO  c.gettingstarted.MyAlgoLogic - [MYALGO] The state of the order book is:
|----BID-----||----ASK----|
   160 @ 110     95 @ 97
   220 @ 120    150 @ 94
|------------||-----------|

03:38:43.894 [main] INFO  c.gettingstarted.MyAlgoLogic - [MYALGO] Algo Sees Book as: 
|----BID-----||----ASK----|
   160 @ 110     95 @ 97
   220 @ 120    150 @ 94
|------------||-----------|

03:38:43.894 [main] INFO  c.gettingstarted.MyAlgoLogic - [MYALGO] Initial quantity95 price 97
03:38:43.894 [main] INFO  c.gettingstarted.TimedLogic - [TIMEDLOGIC] Market is open
03:38:43.894 [main] INFO  c.gettingstarted.MyAlgoLogic - [MYALGO] Adding order for95@97
03:38:43.894 [main] INFO  c.gettingstarted.MyAlgoLogic - [Sheza6] markets monitor size is 0
03:38:43.894 [main] INFO  c.container.Actioner - [ALGO] Actioner, sending action:CreateChildOrder(side=BUY,quantity=95,price=97)
03:38:43.894 [main] INFO  c.sequencer.consumer.LoggingConsumer - [38] [CreateOrder](sbeTemplateId=4|sbeSchemaId=2|sbeSchemaVersion=0|sbeBlockLength=33):instrumentId=0|price=97|quantity=95|side=BUY|orderId=38
03:38:43.894 [main] INFO  c.gettingstarted.MyAlgoLogic - [MYALGO] The state of the order book is:
|----BID-----||----ASK----|
   160 @ 110     95 @ 97
   220 @ 120    150 @ 94
|------------||-----------|

03:38:43.894 [main] INFO  c.gettingstarted.MyAlgoLogic - [MYALGO] Algo Sees Book as: 
|----BID-----||----ASK----|
   160 @ 110     95 @ 97
   220 @ 120    150 @ 94
|------------||-----------|

03:38:43.894 [main] INFO  c.gettingstarted.MyAlgoLogic - [MYALGO] Initial quantity95 price 97
03:38:43.894 [main] INFO  c.gettingstarted.TimedLogic - [TIMEDLOGIC] Market is open
03:38:43.897 [main] INFO  c.gettingstarted.MyAlgoLogic - [MYALGO] Adding order for95@97
03:38:43.897 [main] INFO  c.gettingstarted.MyAlgoLogic - [Sheza6] markets monitor size is 0
03:38:43.897 [main] INFO  c.container.Actioner - [ALGO] Actioner, sending action:CreateChildOrder(side=BUY,quantity=95,price=97)
03:38:43.898 [main] INFO  c.sequencer.consumer.LoggingConsumer - [39] [CreateOrder](sbeTemplateId=4|sbeSchemaId=2|sbeSchemaVersion=0|sbeBlockLength=33):instrumentId=0|price=97|quantity=95|side=BUY|orderId=39
03:38:43.898 [main] INFO  c.gettingstarted.MyAlgoLogic - [MYALGO] The state of the order book is:
|----BID-----||----ASK----|
   160 @ 110     95 @ 97
   220 @ 120    150 @ 94
|------------||-----------|

03:38:43.898 [main] INFO  c.gettingstarted.MyAlgoLogic - [MYALGO] Algo Sees Book as: 
|----BID-----||----ASK----|
   160 @ 110     95 @ 97
   220 @ 120    150 @ 94
|------------||-----------|

03:38:43.898 [main] INFO  c.gettingstarted.MyAlgoLogic - [MYALGO] Initial quantity95 price 97
03:38:43.898 [main] INFO  c.gettingstarted.TimedLogic - [TIMEDLOGIC] Market is open
03:38:43.898 [main] INFO  c.gettingstarted.MyAlgoLogic - [MYALGO] Adding order for95@97
03:38:43.898 [main] INFO  c.gettingstarted.MyAlgoLogic - [Sheza6] markets monitor size is 0
03:38:43.898 [main] INFO  c.container.Actioner - [ALGO] Actioner, sending action:CreateChildOrder(side=BUY,quantity=95,price=97)
03:38:43.899 [main] INFO  c.sequencer.consumer.LoggingConsumer - [40] [CreateOrder](sbeTemplateId=4|sbeSchemaId=2|sbeSchemaVersion=0|sbeBlockLength=33):instrumentId=0|price=97|quantity=95|side=BUY|orderId=40
03:38:43.899 [main] INFO  c.gettingstarted.MyAlgoLogic - [MYALGO] The state of the order book is:
|----BID-----||----ASK----|
   160 @ 110     95 @ 97
   220 @ 120    150 @ 94
|------------||-----------|

03:38:43.899 [main] INFO  c.gettingstarted.MyAlgoLogic - [MYALGO] Algo Sees Book as: 
|----BID-----||----ASK----|
   160 @ 110     95 @ 97
   220 @ 120    150 @ 94
|------------||-----------|

03:38:43.899 [main] INFO  c.gettingstarted.MyAlgoLogic - [MYALGO] Initial quantity95 price 97
03:38:43.899 [main] INFO  c.gettingstarted.TimedLogic - [TIMEDLOGIC] Market is open
03:38:43.899 [main] INFO  c.gettingstarted.MyAlgoLogic - [MYALGO] Adding order for95@97
03:38:43.900 [main] INFO  c.gettingstarted.MyAlgoLogic - [Sheza6] markets monitor size is 0
03:38:43.900 [main] INFO  c.container.Actioner - [ALGO] Actioner, sending action:CreateChildOrder(side=BUY,quantity=95,price=97)
03:38:43.900 [main] INFO  c.sequencer.consumer.LoggingConsumer - [41] [CreateOrder](sbeTemplateId=4|sbeSchemaId=2|sbeSchemaVersion=0|sbeBlockLength=33):instrumentId=0|price=97|quantity=95|side=BUY|orderId=41
03:38:43.900 [main] INFO  c.gettingstarted.MyAlgoLogic - [MYALGO] The state of the order book is:
|----BID-----||----ASK----|
   160 @ 110     95 @ 97
   220 @ 120    150 @ 94
|------------||-----------|

03:38:43.900 [main] INFO  c.gettingstarted.MyAlgoLogic - [MYALGO] Algo Sees Book as: 
|----BID-----||----ASK----|
   160 @ 110     95 @ 97
   220 @ 120    150 @ 94
|------------||-----------|

03:38:43.900 [main] INFO  c.gettingstarted.MyAlgoLogic - [MYALGO] Initial quantity95 price 97
03:38:43.900 [main] INFO  c.gettingstarted.TimedLogic - [TIMEDLOGIC] Market is open
03:38:43.900 [main] INFO  c.gettingstarted.MyAlgoLogic - [MYALGO] Adding order for95@97
03:38:43.901 [main] INFO  c.gettingstarted.MyAlgoLogic - [Sheza6] markets monitor size is 0
03:38:43.901 [main] INFO  c.container.Actioner - [ALGO] Actioner, sending action:CreateChildOrder(side=BUY,quantity=95,price=97)
03:38:43.901 [main] INFO  c.sequencer.consumer.LoggingConsumer - [42] [CreateOrder](sbeTemplateId=4|sbeSchemaId=2|sbeSchemaVersion=0|sbeBlockLength=33):instrumentId=0|price=97|quantity=95|side=BUY|orderId=42
03:38:43.901 [main] INFO  c.gettingstarted.MyAlgoLogic - [MYALGO] The state of the order book is:
|----BID-----||----ASK----|
   160 @ 110     95 @ 97
   220 @ 120    150 @ 94
|------------||-----------|

03:38:43.901 [main] INFO  c.gettingstarted.MyAlgoLogic - [MYALGO] Algo Sees Book as: 
|----BID-----||----ASK----|
   160 @ 110     95 @ 97
   220 @ 120    150 @ 94
|------------||-----------|

03:38:43.901 [main] INFO  c.gettingstarted.MyAlgoLogic - [MYALGO] Initial quantity95 price 97
03:38:43.902 [main] INFO  c.gettingstarted.TimedLogic - [TIMEDLOGIC] Market is open
03:38:43.902 [main] INFO  c.gettingstarted.MyAlgoLogic - [MYALGO] Adding order for95@97
03:38:43.902 [main] INFO  c.gettingstarted.MyAlgoLogic - [Sheza6] markets monitor size is 0
03:38:43.902 [main] INFO  c.container.Actioner - [ALGO] Actioner, sending action:CreateChildOrder(side=BUY,quantity=95,price=97)
03:38:43.902 [main] INFO  c.sequencer.consumer.LoggingConsumer - [43] [CreateOrder](sbeTemplateId=4|sbeSchemaId=2|sbeSchemaVersion=0|sbeBlockLength=33):instrumentId=0|price=97|quantity=95|side=BUY|orderId=43
03:38:43.902 [main] INFO  c.gettingstarted.MyAlgoLogic - [MYALGO] The state of the order book is:
|----BID-----||----ASK----|
   160 @ 110     95 @ 97
   220 @ 120    150 @ 94
|------------||-----------|

03:38:43.902 [main] INFO  c.gettingstarted.MyAlgoLogic - [MYALGO] Algo Sees Book as: 
|----BID-----||----ASK----|
   160 @ 110     95 @ 97
   220 @ 120    150 @ 94
|------------||-----------|

03:38:43.902 [main] INFO  c.gettingstarted.MyAlgoLogic - [MYALGO] Initial quantity95 price 97
03:38:43.903 [main] INFO  c.gettingstarted.TimedLogic - [TIMEDLOGIC] Market is open
03:38:43.903 [main] INFO  c.gettingstarted.MyAlgoLogic - [MYALGO] Adding order for95@97
03:38:43.903 [main] INFO  c.gettingstarted.MyAlgoLogic - [Sheza6] markets monitor size is 0
03:38:43.903 [main] INFO  c.container.Actioner - [ALGO] Actioner, sending action:CreateChildOrder(side=BUY,quantity=95,price=97)
03:38:43.904 [main] INFO  c.sequencer.consumer.LoggingConsumer - [44] [CreateOrder](sbeTemplateId=4|sbeSchemaId=2|sbeSchemaVersion=0|sbeBlockLength=33):instrumentId=0|price=97|quantity=95|side=BUY|orderId=44
03:38:43.904 [main] INFO  c.gettingstarted.MyAlgoLogic - [MYALGO] The state of the order book is:
|----BID-----||----ASK----|
   160 @ 110     95 @ 97
   220 @ 120    150 @ 94
|------------||-----------|

03:38:43.904 [main] INFO  c.gettingstarted.MyAlgoLogic - [MYALGO] Algo Sees Book as: 
|----BID-----||----ASK----|
   160 @ 110     95 @ 97
   220 @ 120    150 @ 94
|------------||-----------|

03:38:43.904 [main] INFO  c.gettingstarted.MyAlgoLogic - [MYALGO] Initial quantity95 price 97
03:38:43.904 [main] INFO  c.gettingstarted.TimedLogic - [TIMEDLOGIC] Market is open
03:38:43.905 [main] INFO  c.gettingstarted.MyAlgoLogic - [MYALGO] Adding order for95@97
03:38:43.905 [main] INFO  c.gettingstarted.MyAlgoLogic - [Sheza6] markets monitor size is 0
03:38:43.905 [main] INFO  c.container.Actioner - [ALGO] Actioner, sending action:CreateChildOrder(side=BUY,quantity=95,price=97)
03:38:43.905 [main] INFO  c.sequencer.consumer.LoggingConsumer - [45] [CreateOrder](sbeTemplateId=4|sbeSchemaId=2|sbeSchemaVersion=0|sbeBlockLength=33):instrumentId=0|price=97|quantity=95|side=BUY|orderId=45
03:38:43.905 [main] INFO  c.gettingstarted.MyAlgoLogic - [MYALGO] The state of the order book is:
|----BID-----||----ASK----|
   160 @ 110     95 @ 97
   220 @ 120    150 @ 94
|------------||-----------|

03:38:43.905 [main] INFO  c.gettingstarted.MyAlgoLogic - [MYALGO] Algo Sees Book as: 
|----BID-----||----ASK----|
   160 @ 110     95 @ 97
   220 @ 120    150 @ 94
|------------||-----------|

03:38:43.905 [main] INFO  c.gettingstarted.MyAlgoLogic - [MYALGO] Initial quantity95 price 97
03:38:43.905 [main] INFO  c.gettingstarted.TimedLogic - [TIMEDLOGIC] Market is open
03:38:43.906 [main] INFO  c.gettingstarted.MyAlgoLogic - [MYALGO] Adding order for95@97
03:38:43.906 [main] INFO  c.gettingstarted.MyAlgoLogic - [Sheza6] markets monitor size is 0
03:38:43.906 [main] INFO  c.container.Actioner - [ALGO] Actioner, sending action:CreateChildOrder(side=BUY,quantity=95,price=97)
03:38:43.906 [main] INFO  c.sequencer.consumer.LoggingConsumer - [46] [CreateOrder](sbeTemplateId=4|sbeSchemaId=2|sbeSchemaVersion=0|sbeBlockLength=33):instrumentId=0|price=97|quantity=95|side=BUY|orderId=46
03:38:43.906 [main] INFO  c.gettingstarted.MyAlgoLogic - [MYALGO] The state of the order book is:
|----BID-----||----ASK----|
   160 @ 110     95 @ 97
   220 @ 120    150 @ 94
|------------||-----------|

03:38:43.906 [main] INFO  c.gettingstarted.MyAlgoLogic - [MYALGO] Algo Sees Book as: 
|----BID-----||----ASK----|
   160 @ 110     95 @ 97
   220 @ 120    150 @ 94
|------------||-----------|

03:38:43.906 [main] INFO  c.gettingstarted.MyAlgoLogic - [MYALGO] Initial quantity95 price 97
03:38:43.906 [main] INFO  c.gettingstarted.TimedLogic - [TIMEDLOGIC] Market is open
03:38:43.907 [main] INFO  c.gettingstarted.MyAlgoLogic - [MYALGO] Adding order for95@97
03:38:43.908 [main] INFO  c.gettingstarted.MyAlgoLogic - [Sheza6] markets monitor size is 0
03:38:43.908 [main] INFO  c.container.Actioner - [ALGO] Actioner, sending action:CreateChildOrder(side=BUY,quantity=95,price=97)
03:38:43.908 [main] INFO  c.sequencer.consumer.LoggingConsumer - [47] [CreateOrder](sbeTemplateId=4|sbeSchemaId=2|sbeSchemaVersion=0|sbeBlockLength=33):instrumentId=0|price=97|quantity=95|side=BUY|orderId=47
03:38:43.908 [main] INFO  c.gettingstarted.MyAlgoLogic - [MYALGO] The state of the order book is:
|----BID-----||----ASK----|
   160 @ 110     95 @ 97
   220 @ 120    150 @ 94
|------------||-----------|

03:38:43.908 [main] INFO  c.gettingstarted.MyAlgoLogic - [MYALGO] Algo Sees Book as: 
|----BID-----||----ASK----|
   160 @ 110     95 @ 97
   220 @ 120    150 @ 94
|------------||-----------|

03:38:43.908 [main] INFO  c.gettingstarted.MyAlgoLogic - [MYALGO] Initial quantity95 price 97
03:38:43.908 [main] INFO  c.gettingstarted.TimedLogic - [TIMEDLOGIC] Market is open
03:38:43.908 [main] INFO  c.gettingstarted.MyAlgoLogic - [MYALGO] Adding order for95@97
03:38:43.908 [main] INFO  c.gettingstarted.MyAlgoLogic - [Sheza6] markets monitor size is 0
03:38:43.908 [main] INFO  c.container.Actioner - [ALGO] Actioner, sending action:CreateChildOrder(side=BUY,quantity=95,price=97)
03:38:43.908 [main] INFO  c.sequencer.consumer.LoggingConsumer - [48] [CreateOrder](sbeTemplateId=4|sbeSchemaId=2|sbeSchemaVersion=0|sbeBlockLength=33):instrumentId=0|price=97|quantity=95|side=BUY|orderId=48
03:38:43.908 [main] INFO  c.gettingstarted.MyAlgoLogic - [MYALGO] The state of the order book is:
|----BID-----||----ASK----|
   160 @ 110     95 @ 97
   220 @ 120    150 @ 94
|------------||-----------|

03:38:43.908 [main] INFO  c.gettingstarted.MyAlgoLogic - [MYALGO] Algo Sees Book as: 
|----BID-----||----ASK----|
   160 @ 110     95 @ 97
   220 @ 120    150 @ 94
|------------||-----------|

03:38:43.909 [main] INFO  c.gettingstarted.MyAlgoLogic - [MYALGO] Initial quantity95 price 97
03:38:43.909 [main] INFO  c.gettingstarted.TimedLogic - [TIMEDLOGIC] Market is open
03:38:43.909 [main] INFO  c.gettingstarted.MyAlgoLogic - [MYALGO] Adding order for95@97
03:38:43.909 [main] INFO  c.gettingstarted.MyAlgoLogic - [Sheza6] markets monitor size is 0
03:38:43.909 [main] INFO  c.container.Actioner - [ALGO] Actioner, sending action:CreateChildOrder(side=BUY,quantity=95,price=97)
03:38:43.909 [main] INFO  c.sequencer.consumer.LoggingConsumer - [49] [CreateOrder](sbeTemplateId=4|sbeSchemaId=2|sbeSchemaVersion=0|sbeBlockLength=33):instrumentId=0|price=97|quantity=95|side=BUY|orderId=49
03:38:43.909 [main] INFO  c.gettingstarted.MyAlgoLogic - [MYALGO] The state of the order book is:
|----BID-----||----ASK----|
   160 @ 110     95 @ 97
   220 @ 120    150 @ 94
|------------||-----------|

03:38:43.909 [main] INFO  c.gettingstarted.MyAlgoLogic - [MYALGO] Algo Sees Book as: 
|----BID-----||----ASK----|
   160 @ 110     95 @ 97
   220 @ 120    150 @ 94
|------------||-----------|

03:38:43.909 [main] INFO  c.gettingstarted.MyAlgoLogic - [MYALGO] Initial quantity95 price 97
03:38:43.909 [main] INFO  c.gettingstarted.TimedLogic - [TIMEDLOGIC] Market is open
03:38:43.909 [main] INFO  c.gettingstarted.MyAlgoLogic - [MYALGO] Adding order for95@97
03:38:43.909 [main] INFO  c.gettingstarted.MyAlgoLogic - [Sheza6] markets monitor size is 0
03:38:43.909 [main] INFO  c.container.Actioner - [ALGO] Actioner, sending action:CreateChildOrder(side=BUY,quantity=95,price=97)
03:38:43.909 [main] INFO  c.sequencer.consumer.LoggingConsumer - [50] [CreateOrder](sbeTemplateId=4|sbeSchemaId=2|sbeSchemaVersion=0|sbeBlockLength=33):instrumentId=0|price=97|quantity=95|side=BUY|orderId=50
03:38:43.909 [main] INFO  c.gettingstarted.MyAlgoLogic - [MYALGO] The state of the order book is:
|----BID-----||----ASK----|
   160 @ 110     95 @ 97
   220 @ 120    150 @ 94
|------------||-----------|

03:38:43.909 [main] INFO  c.gettingstarted.MyAlgoLogic - [MYALGO] Algo Sees Book as: 
|----BID-----||----ASK----|
   160 @ 110     95 @ 97
   220 @ 120    150 @ 94
|------------||-----------|

03:38:43.909 [main] INFO  c.gettingstarted.MyAlgoLogic - [MYALGO] Initial quantity95 price 97
03:38:43.909 [main] INFO  c.gettingstarted.TimedLogic - [TIMEDLOGIC] Market is open
03:38:43.909 [main] INFO  c.gettingstarted.MyAlgoLogic - [MYALGO] Adding order for95@97
03:38:43.909 [main] INFO  c.gettingstarted.MyAlgoLogic - [Sheza6] markets monitor size is 0
03:38:43.909 [main] INFO  c.container.Actioner - [ALGO] Actioner, sending action:CreateChildOrder(side=BUY,quantity=95,price=97)
03:38:43.910 [main] INFO  c.sequencer.consumer.LoggingConsumer - [51] [CreateOrder](sbeTemplateId=4|sbeSchemaId=2|sbeSchemaVersion=0|sbeBlockLength=33):instrumentId=0|price=97|quantity=95|side=BUY|orderId=51
03:38:43.910 [main] INFO  c.gettingstarted.MyAlgoLogic - [MYALGO] The state of the order book is:
|----BID-----||----ASK----|
   160 @ 110     95 @ 97
   220 @ 120    150 @ 94
|------------||-----------|

03:38:43.916 [main] INFO  c.gettingstarted.MyAlgoLogic - [MYALGO] Algo Sees Book as: 
|----BID-----||----ASK----|
   160 @ 110     95 @ 97
   220 @ 120    150 @ 94
|------------||-----------|

03:38:43.916 [main] INFO  c.gettingstarted.MyAlgoLogic - [MYALGO] Initial quantity95 price 97
03:38:43.916 [main] INFO  c.gettingstarted.TimedLogic - [TIMEDLOGIC] Market is open
03:38:43.916 [main] INFO  c.gettingstarted.MyAlgoLogic - [MYALGO] Adding order for95@97
03:38:43.916 [main] INFO  c.gettingstarted.MyAlgoLogic - [Sheza6] markets monitor size is 0
03:38:43.916 [main] INFO  c.container.Actioner - [ALGO] Actioner, sending action:CreateChildOrder(side=BUY,quantity=95,price=97)
03:38:43.916 [main] INFO  c.sequencer.consumer.LoggingConsumer - [52] [CreateOrder](sbeTemplateId=4|sbeSchemaId=2|sbeSchemaVersion=0|sbeBlockLength=33):instrumentId=0|price=97|quantity=95|side=BUY|orderId=52
03:38:43.917 [main] INFO  c.gettingstarted.MyAlgoLogic - [MYALGO] The state of the order book is:
|----BID-----||----ASK----|
   160 @ 110     95 @ 97
   220 @ 120    150 @ 94
|------------||-----------|

03:38:43.917 [main] INFO  c.gettingstarted.MyAlgoLogic - [MYALGO] Algo Sees Book as: 
|----BID-----||----ASK----|
   160 @ 110     95 @ 97
   220 @ 120    150 @ 94
|------------||-----------|

03:38:43.917 [main] INFO  c.gettingstarted.MyAlgoLogic - [MYALGO] Initial quantity95 price 97
03:38:43.917 [main] INFO  c.gettingstarted.TimedLogic - [TIMEDLOGIC] Market is open
03:38:43.917 [main] INFO  c.gettingstarted.MyAlgoLogic - [MYALGO] Adding order for95@97
03:38:43.917 [main] INFO  c.gettingstarted.MyAlgoLogic - [Sheza6] markets monitor size is 0
03:38:43.917 [main] INFO  c.container.Actioner - [ALGO] Actioner, sending action:CreateChildOrder(side=BUY,quantity=95,price=97)
03:38:43.917 [main] INFO  c.sequencer.consumer.LoggingConsumer - [53] [CreateOrder](sbeTemplateId=4|sbeSchemaId=2|sbeSchemaVersion=0|sbeBlockLength=33):instrumentId=0|price=97|quantity=95|side=BUY|orderId=53
03:38:43.917 [main] INFO  c.gettingstarted.MyAlgoLogic - [MYALGO] The state of the order book is:
|----BID-----||----ASK----|
   160 @ 110     95 @ 97
   220 @ 120    150 @ 94
|------------||-----------|

03:38:43.917 [main] INFO  c.gettingstarted.MyAlgoLogic - [MYALGO] Algo Sees Book as: 
|----BID-----||----ASK----|
   160 @ 110     95 @ 97
   220 @ 120    150 @ 94
|------------||-----------|

03:38:43.917 [main] INFO  c.gettingstarted.MyAlgoLogic - [MYALGO] Initial quantity95 price 97
03:38:43.917 [main] INFO  c.gettingstarted.TimedLogic - [TIMEDLOGIC] Market is open
03:38:43.918 [main] INFO  c.gettingstarted.MyAlgoLogic - [MYALGO] Adding order for95@97
03:38:43.918 [main] INFO  c.gettingstarted.MyAlgoLogic - [Sheza6] markets monitor size is 0
03:38:43.918 [main] INFO  c.container.Actioner - [ALGO] Actioner, sending action:CreateChildOrder(side=BUY,quantity=95,price=97)
03:38:43.918 [main] INFO  c.sequencer.consumer.LoggingConsumer - [54] [CreateOrder](sbeTemplateId=4|sbeSchemaId=2|sbeSchemaVersion=0|sbeBlockLength=33):instrumentId=0|price=97|quantity=95|side=BUY|orderId=54
03:38:43.918 [main] INFO  c.gettingstarted.MyAlgoLogic - [MYALGO] The state of the order book is:
|----BID-----||----ASK----|
   160 @ 110     95 @ 97
   220 @ 120    150 @ 94
|------------||-----------|

03:38:43.918 [main] INFO  c.gettingstarted.MyAlgoLogic - [MYALGO] Algo Sees Book as: 
|----BID-----||----ASK----|
   160 @ 110     95 @ 97
   220 @ 120    150 @ 94
|------------||-----------|

03:38:43.919 [main] INFO  c.gettingstarted.MyAlgoLogic - [MYALGO] Initial quantity95 price 97
03:38:43.919 [main] INFO  c.gettingstarted.TimedLogic - [TIMEDLOGIC] Market is open
03:38:43.919 [main] INFO  c.gettingstarted.MyAlgoLogic - [MYALGO] Adding order for95@97
03:38:43.919 [main] INFO  c.gettingstarted.MyAlgoLogic - [Sheza6] markets monitor size is 0
03:38:43.919 [main] INFO  c.container.Actioner - [ALGO] Actioner, sending action:CreateChildOrder(side=BUY,quantity=95,price=97)
03:38:43.919 [main] INFO  c.sequencer.consumer.LoggingConsumer - [55] [CreateOrder](sbeTemplateId=4|sbeSchemaId=2|sbeSchemaVersion=0|sbeBlockLength=33):instrumentId=0|price=97|quantity=95|side=BUY|orderId=55
03:38:43.919 [main] INFO  c.gettingstarted.MyAlgoLogic - [MYALGO] The state of the order book is:
|----BID-----||----ASK----|
   160 @ 110     95 @ 97
   220 @ 120    150 @ 94
|------------||-----------|

03:38:43.919 [main] INFO  c.gettingstarted.MyAlgoLogic - [MYALGO] Algo Sees Book as: 
|----BID-----||----ASK----|
   160 @ 110     95 @ 97
   220 @ 120    150 @ 94
|------------||-----------|

03:38:43.919 [main] INFO  c.gettingstarted.MyAlgoLogic - [MYALGO] Initial quantity95 price 97
03:38:43.919 [main] INFO  c.gettingstarted.TimedLogic - [TIMEDLOGIC] Market is open
03:38:43.919 [main] INFO  c.gettingstarted.MyAlgoLogic - [MYALGO] Adding order for95@97
03:38:43.919 [main] INFO  c.gettingstarted.MyAlgoLogic - [Sheza6] markets monitor size is 0
03:38:43.919 [main] INFO  c.container.Actioner - [ALGO] Actioner, sending action:CreateChildOrder(side=BUY,quantity=95,price=97)
03:38:43.919 [main] INFO  c.sequencer.consumer.LoggingConsumer - [56] [CreateOrder](sbeTemplateId=4|sbeSchemaId=2|sbeSchemaVersion=0|sbeBlockLength=33):instrumentId=0|price=97|quantity=95|side=BUY|orderId=56
03:38:43.919 [main] INFO  c.gettingstarted.MyAlgoLogic - [MYALGO] The state of the order book is:
|----BID-----||----ASK----|
   160 @ 110     95 @ 97
   220 @ 120    150 @ 94
|------------||-----------|

03:38:43.919 [main] INFO  c.gettingstarted.MyAlgoLogic - [MYALGO] Algo Sees Book as: 
|----BID-----||----ASK----|
   160 @ 110     95 @ 97
   220 @ 120    150 @ 94
|------------||-----------|

03:38:43.919 [main] INFO  c.gettingstarted.MyAlgoLogic - [MYALGO] Initial quantity95 price 97
03:38:43.919 [main] INFO  c.gettingstarted.TimedLogic - [TIMEDLOGIC] Market is open
03:38:43.920 [main] INFO  c.gettingstarted.MyAlgoLogic - [MYALGO] Adding order for95@97
03:38:43.920 [main] INFO  c.gettingstarted.MyAlgoLogic - [Sheza6] markets monitor size is 0
03:38:43.920 [main] INFO  c.container.Actioner - [ALGO] Actioner, sending action:CreateChildOrder(side=BUY,quantity=95,price=97)
03:38:43.920 [main] INFO  c.sequencer.consumer.LoggingConsumer - [57] [CreateOrder](sbeTemplateId=4|sbeSchemaId=2|sbeSchemaVersion=0|sbeBlockLength=33):instrumentId=0|price=97|quantity=95|side=BUY|orderId=57
03:38:43.920 [main] INFO  c.gettingstarted.MyAlgoLogic - [MYALGO] The state of the order book is:
|----BID-----||----ASK----|
   160 @ 110     95 @ 97
   220 @ 120    150 @ 94
|------------||-----------|

03:38:43.920 [main] INFO  c.gettingstarted.MyAlgoLogic - [MYALGO] Algo Sees Book as: 
|----BID-----||----ASK----|
   160 @ 110     95 @ 97
   220 @ 120    150 @ 94
|------------||-----------|

03:38:43.920 [main] INFO  c.gettingstarted.MyAlgoLogic - [MYALGO] Initial quantity95 price 97
03:38:43.920 [main] INFO  c.gettingstarted.TimedLogic - [TIMEDLOGIC] Market is open
03:38:43.920 [main] INFO  c.gettingstarted.MyAlgoLogic - [MYALGO] Adding order for95@97
03:38:43.920 [main] INFO  c.gettingstarted.MyAlgoLogic - [Sheza6] markets monitor size is 0
03:38:43.920 [main] INFO  c.container.Actioner - [ALGO] Actioner, sending action:CreateChildOrder(side=BUY,quantity=95,price=97)
03:38:43.920 [main] INFO  c.sequencer.consumer.LoggingConsumer - [58] [CreateOrder](sbeTemplateId=4|sbeSchemaId=2|sbeSchemaVersion=0|sbeBlockLength=33):instrumentId=0|price=97|quantity=95|side=BUY|orderId=58
03:38:43.920 [main] INFO  c.gettingstarted.MyAlgoLogic - [MYALGO] The state of the order book is:
|----BID-----||----ASK----|
   160 @ 110     95 @ 97
   220 @ 120    150 @ 94
|------------||-----------|

03:38:43.920 [main] INFO  c.gettingstarted.MyAlgoLogic - [MYALGO] Algo Sees Book as: 
|----BID-----||----ASK----|
   160 @ 110     95 @ 97
   220 @ 120    150 @ 94
|------------||-----------|

03:38:43.920 [main] INFO  c.gettingstarted.MyAlgoLogic - [MYALGO] Initial quantity95 price 97
03:38:43.920 [main] INFO  c.gettingstarted.TimedLogic - [TIMEDLOGIC] Market is open
03:38:43.921 [main] INFO  c.gettingstarted.MyAlgoLogic - [MYALGO] Adding order for95@97
03:38:43.921 [main] INFO  c.gettingstarted.MyAlgoLogic - [Sheza6] markets monitor size is 0
03:38:43.921 [main] INFO  c.container.Actioner - [ALGO] Actioner, sending action:CreateChildOrder(side=BUY,quantity=95,price=97)
03:38:43.921 [main] INFO  c.sequencer.consumer.LoggingConsumer - [59] [CreateOrder](sbeTemplateId=4|sbeSchemaId=2|sbeSchemaVersion=0|sbeBlockLength=33):instrumentId=0|price=97|quantity=95|side=BUY|orderId=59
03:38:43.921 [main] INFO  c.gettingstarted.MyAlgoLogic - [MYALGO] The state of the order book is:
|----BID-----||----ASK----|
   160 @ 110     95 @ 97
   220 @ 120    150 @ 94
|------------||-----------|

03:38:43.921 [main] INFO  c.gettingstarted.MyAlgoLogic - [MYALGO] Algo Sees Book as: 
|----BID-----||----ASK----|
   160 @ 110     95 @ 97
   220 @ 120    150 @ 94
|------------||-----------|

03:38:43.921 [main] INFO  c.gettingstarted.MyAlgoLogic - [MYALGO] Initial quantity95 price 97
03:38:43.921 [main] INFO  c.gettingstarted.TimedLogic - [TIMEDLOGIC] Market is open
03:38:43.921 [main] INFO  c.gettingstarted.MyAlgoLogic - [MYALGO] Adding order for95@97
03:38:43.921 [main] INFO  c.gettingstarted.MyAlgoLogic - [Sheza6] markets monitor size is 0
03:38:43.921 [main] INFO  c.container.Actioner - [ALGO] Actioner, sending action:CreateChildOrder(side=BUY,quantity=95,price=97)
03:38:43.921 [main] INFO  c.sequencer.consumer.LoggingConsumer - [60] [CreateOrder](sbeTemplateId=4|sbeSchemaId=2|sbeSchemaVersion=0|sbeBlockLength=33):instrumentId=0|price=97|quantity=95|side=BUY|orderId=60
03:38:43.921 [main] INFO  c.gettingstarted.MyAlgoLogic - [MYALGO] The state of the order book is:
|----BID-----||----ASK----|
   160 @ 110     95 @ 97
   220 @ 120    150 @ 94
|------------||-----------|

03:38:43.921 [main] INFO  c.gettingstarted.MyAlgoLogic - [MYALGO] Algo Sees Book as: 
|----BID-----||----ASK----|
   160 @ 110     95 @ 97
   220 @ 120    150 @ 94
|------------||-----------|

03:38:43.921 [main] INFO  c.gettingstarted.MyAlgoLogic - [MYALGO] Initial quantity95 price 97
03:38:43.921 [main] INFO  c.gettingstarted.TimedLogic - [TIMEDLOGIC] Market is open
03:38:43.921 [main] INFO  c.gettingstarted.MyAlgoLogic - [MYALGO] Adding order for95@97
03:38:43.921 [main] INFO  c.gettingstarted.MyAlgoLogic - [Sheza6] markets monitor size is 0
03:38:43.921 [main] INFO  c.container.Actioner - [ALGO] Actioner, sending action:CreateChildOrder(side=BUY,quantity=95,price=97)
03:38:43.921 [main] INFO  c.sequencer.consumer.LoggingConsumer - [61] [CreateOrder](sbeTemplateId=4|sbeSchemaId=2|sbeSchemaVersion=0|sbeBlockLength=33):instrumentId=0|price=97|quantity=95|side=BUY|orderId=61
03:38:43.921 [main] INFO  c.gettingstarted.MyAlgoLogic - [MYALGO] The state of the order book is:
|----BID-----||----ASK----|
   160 @ 110     95 @ 97
   220 @ 120    150 @ 94
|------------||-----------|

03:38:43.922 [main] INFO  c.gettingstarted.MyAlgoLogic - [MYALGO] Algo Sees Book as: 
|----BID-----||----ASK----|
   160 @ 110     95 @ 97
   220 @ 120    150 @ 94
|------------||-----------|

03:38:43.922 [main] INFO  c.gettingstarted.MyAlgoLogic - [MYALGO] Initial quantity95 price 97
03:38:43.922 [main] INFO  c.gettingstarted.TimedLogic - [TIMEDLOGIC] Market is open
03:38:43.922 [main] INFO  c.gettingstarted.MyAlgoLogic - [MYALGO] Adding order for95@97
03:38:43.922 [main] INFO  c.gettingstarted.MyAlgoLogic - [Sheza6] markets monitor size is 0
03:38:43.922 [main] INFO  c.container.Actioner - [ALGO] Actioner, sending action:CreateChildOrder(side=BUY,quantity=95,price=97)
03:38:43.922 [main] INFO  c.sequencer.consumer.LoggingConsumer - [62] [CreateOrder](sbeTemplateId=4|sbeSchemaId=2|sbeSchemaVersion=0|sbeBlockLength=33):instrumentId=0|price=97|quantity=95|side=BUY|orderId=62
03:38:43.922 [main] INFO  c.gettingstarted.MyAlgoLogic - [MYALGO] The state of the order book is:
|----BID-----||----ASK----|
   160 @ 110     95 @ 97
   220 @ 120    150 @ 94
|------------||-----------|

03:38:43.922 [main] INFO  c.gettingstarted.MyAlgoLogic - [MYALGO] Algo Sees Book as: 
|----BID-----||----ASK----|
   160 @ 110     95 @ 97
   220 @ 120    150 @ 94
|------------||-----------|

03:38:43.922 [main] INFO  c.gettingstarted.MyAlgoLogic - [MYALGO] Initial quantity95 price 97
03:38:43.922 [main] INFO  c.gettingstarted.TimedLogic - [TIMEDLOGIC] Market is open
03:38:43.922 [main] INFO  c.gettingstarted.MyAlgoLogic - [MYALGO] Adding order for95@97
03:38:43.922 [main] INFO  c.gettingstarted.MyAlgoLogic - [Sheza6] markets monitor size is 0
03:38:43.922 [main] INFO  c.container.Actioner - [ALGO] Actioner, sending action:CreateChildOrder(side=BUY,quantity=95,price=97)
03:38:43.922 [main] INFO  c.sequencer.consumer.LoggingConsumer - [63] [CreateOrder](sbeTemplateId=4|sbeSchemaId=2|sbeSchemaVersion=0|sbeBlockLength=33):instrumentId=0|price=97|quantity=95|side=BUY|orderId=63
03:38:43.922 [main] INFO  c.gettingstarted.MyAlgoLogic - [MYALGO] The state of the order book is:
|----BID-----||----ASK----|
   160 @ 110     95 @ 97
   220 @ 120    150 @ 94
|------------||-----------|

03:38:43.922 [main] INFO  c.gettingstarted.MyAlgoLogic - [MYALGO] Algo Sees Book as: 
|----BID-----||----ASK----|
   160 @ 110     95 @ 97
   220 @ 120    150 @ 94
|------------||-----------|

03:38:43.922 [main] INFO  c.gettingstarted.MyAlgoLogic - [MYALGO] Initial quantity95 price 97
03:38:43.922 [main] INFO  c.gettingstarted.TimedLogic - [TIMEDLOGIC] Market is open
03:38:43.923 [main] INFO  c.gettingstarted.MyAlgoLogic - [MYALGO] Adding order for95@97
03:38:43.923 [main] INFO  c.gettingstarted.MyAlgoLogic - [Sheza6] markets monitor size is 0
03:38:43.923 [main] INFO  c.container.Actioner - [ALGO] Actioner, sending action:CreateChildOrder(side=BUY,quantity=95,price=97)
03:38:43.923 [main] INFO  c.sequencer.consumer.LoggingConsumer - [64] [CreateOrder](sbeTemplateId=4|sbeSchemaId=2|sbeSchemaVersion=0|sbeBlockLength=33):instrumentId=0|price=97|quantity=95|side=BUY|orderId=64
03:38:43.923 [main] INFO  c.gettingstarted.MyAlgoLogic - [MYALGO] The state of the order book is:
|----BID-----||----ASK----|
   160 @ 110     95 @ 97
   220 @ 120    150 @ 94
|------------||-----------|

03:38:43.923 [main] INFO  c.gettingstarted.MyAlgoLogic - [MYALGO] Algo Sees Book as: 
|----BID-----||----ASK----|
   160 @ 110     95 @ 97
   220 @ 120    150 @ 94
|------------||-----------|

03:38:43.923 [main] INFO  c.gettingstarted.MyAlgoLogic - [MYALGO] Initial quantity95 price 97
03:38:43.923 [main] INFO  c.gettingstarted.TimedLogic - [TIMEDLOGIC] Market is open
03:38:43.923 [main] INFO  c.gettingstarted.MyAlgoLogic - [MYALGO] Adding order for95@97
03:38:43.923 [main] INFO  c.gettingstarted.MyAlgoLogic - [Sheza6] markets monitor size is 0
03:38:43.923 [main] INFO  c.container.Actioner - [ALGO] Actioner, sending action:CreateChildOrder(side=BUY,quantity=95,price=97)
03:38:43.923 [main] INFO  c.sequencer.consumer.LoggingConsumer - [65] [CreateOrder](sbeTemplateId=4|sbeSchemaId=2|sbeSchemaVersion=0|sbeBlockLength=33):instrumentId=0|price=97|quantity=95|side=BUY|orderId=65
03:38:43.923 [main] INFO  c.gettingstarted.MyAlgoLogic - [MYALGO] The state of the order book is:
|----BID-----||----ASK----|
   160 @ 110     95 @ 97
   220 @ 120    150 @ 94
|------------||-----------|

03:38:43.923 [main] INFO  c.gettingstarted.MyAlgoLogic - [MYALGO] Algo Sees Book as: 
|----BID-----||----ASK----|
   160 @ 110     95 @ 97
   220 @ 120    150 @ 94
|------------||-----------|

03:38:43.923 [main] INFO  c.gettingstarted.MyAlgoLogic - [MYALGO] Initial quantity95 price 97
03:38:43.923 [main] INFO  c.gettingstarted.TimedLogic - [TIMEDLOGIC] Market is open
03:38:43.924 [main] INFO  c.gettingstarted.MyAlgoLogic - [MYALGO] Adding order for95@97
03:38:43.924 [main] INFO  c.gettingstarted.MyAlgoLogic - [Sheza6] markets monitor size is 0
03:38:43.924 [main] INFO  c.container.Actioner - [ALGO] Actioner, sending action:CreateChildOrder(side=BUY,quantity=95,price=97)
03:38:43.924 [main] INFO  c.sequencer.consumer.LoggingConsumer - [66] [CreateOrder](sbeTemplateId=4|sbeSchemaId=2|sbeSchemaVersion=0|sbeBlockLength=33):instrumentId=0|price=97|quantity=95|side=BUY|orderId=66
03:38:43.924 [main] INFO  c.gettingstarted.MyAlgoLogic - [MYALGO] The state of the order book is:
|----BID-----||----ASK----|
   160 @ 110     95 @ 97
   220 @ 120    150 @ 94
|------------||-----------|

03:38:43.924 [main] INFO  c.gettingstarted.MyAlgoLogic - [MYALGO] Algo Sees Book as: 
|----BID-----||----ASK----|
   160 @ 110     95 @ 97
   220 @ 120    150 @ 94
|------------||-----------|

03:38:43.924 [main] INFO  c.gettingstarted.MyAlgoLogic - [MYALGO] Initial quantity95 price 97
03:38:43.924 [main] INFO  c.gettingstarted.TimedLogic - [TIMEDLOGIC] Market is open
03:38:43.924 [main] INFO  c.gettingstarted.MyAlgoLogic - [MYALGO] Adding order for95@97
03:38:43.924 [main] INFO  c.gettingstarted.MyAlgoLogic - [Sheza6] markets monitor size is 0
03:38:43.924 [main] INFO  c.container.Actioner - [ALGO] Actioner, sending action:CreateChildOrder(side=BUY,quantity=95,price=97)
03:38:43.924 [main] INFO  c.sequencer.consumer.LoggingConsumer - [67] [CreateOrder](sbeTemplateId=4|sbeSchemaId=2|sbeSchemaVersion=0|sbeBlockLength=33):instrumentId=0|price=97|quantity=95|side=BUY|orderId=67
03:38:43.924 [main] INFO  c.gettingstarted.MyAlgoLogic - [MYALGO] The state of the order book is:
|----BID-----||----ASK----|
   160 @ 110     95 @ 97
   220 @ 120    150 @ 94
|------------||-----------|

03:38:43.924 [main] INFO  c.gettingstarted.MyAlgoLogic - [MYALGO] Algo Sees Book as: 
|----BID-----||----ASK----|
   160 @ 110     95 @ 97
   220 @ 120    150 @ 94
|------------||-----------|

03:38:43.924 [main] INFO  c.gettingstarted.MyAlgoLogic - [MYALGO] Initial quantity95 price 97
03:38:43.924 [main] INFO  c.gettingstarted.TimedLogic - [TIMEDLOGIC] Market is open
03:38:43.925 [main] INFO  c.gettingstarted.MyAlgoLogic - [MYALGO] Adding order for95@97
03:38:43.925 [main] INFO  c.gettingstarted.MyAlgoLogic - [Sheza6] markets monitor size is 0
03:38:43.925 [main] INFO  c.container.Actioner - [ALGO] Actioner, sending action:CreateChildOrder(side=BUY,quantity=95,price=97)
03:38:43.925 [main] INFO  c.sequencer.consumer.LoggingConsumer - [68] [CreateOrder](sbeTemplateId=4|sbeSchemaId=2|sbeSchemaVersion=0|sbeBlockLength=33):instrumentId=0|price=97|quantity=95|side=BUY|orderId=68
03:38:43.925 [main] INFO  c.gettingstarted.MyAlgoLogic - [MYALGO] The state of the order book is:
|----BID-----||----ASK----|
   160 @ 110     95 @ 97
   220 @ 120    150 @ 94
|------------||-----------|

03:38:43.925 [main] INFO  c.gettingstarted.MyAlgoLogic - [MYALGO] Algo Sees Book as: 
|----BID-----||----ASK----|
   160 @ 110     95 @ 97
   220 @ 120    150 @ 94
|------------||-----------|

03:38:43.925 [main] INFO  c.gettingstarted.MyAlgoLogic - [MYALGO] Initial quantity95 price 97
03:38:43.925 [main] INFO  c.gettingstarted.TimedLogic - [TIMEDLOGIC] Market is open
03:38:43.925 [main] INFO  c.gettingstarted.MyAlgoLogic - [MYALGO] Adding order for95@97
03:38:43.925 [main] INFO  c.gettingstarted.MyAlgoLogic - [Sheza6] markets monitor size is 0
03:38:43.925 [main] INFO  c.container.Actioner - [ALGO] Actioner, sending action:CreateChildOrder(side=BUY,quantity=95,price=97)
03:38:43.926 [main] INFO  c.sequencer.consumer.LoggingConsumer - [69] [CreateOrder](sbeTemplateId=4|sbeSchemaId=2|sbeSchemaVersion=0|sbeBlockLength=33):instrumentId=0|price=97|quantity=95|side=BUY|orderId=69
03:38:43.926 [main] INFO  c.gettingstarted.MyAlgoLogic - [MYALGO] The state of the order book is:
|----BID-----||----ASK----|
   160 @ 110     95 @ 97
   220 @ 120    150 @ 94
|------------||-----------|

03:38:43.926 [main] INFO  c.gettingstarted.MyAlgoLogic - [MYALGO] Algo Sees Book as: 
|----BID-----||----ASK----|
   160 @ 110     95 @ 97
   220 @ 120    150 @ 94
|------------||-----------|

03:38:43.926 [main] INFO  c.gettingstarted.MyAlgoLogic - [MYALGO] Initial quantity95 price 97
03:38:43.926 [main] INFO  c.gettingstarted.TimedLogic - [TIMEDLOGIC] Market is open
03:38:43.926 [main] INFO  c.gettingstarted.MyAlgoLogic - [MYALGO] Adding order for95@97
03:38:43.926 [main] INFO  c.gettingstarted.MyAlgoLogic - [Sheza6] markets monitor size is 0
03:38:43.926 [main] INFO  c.container.Actioner - [ALGO] Actioner, sending action:CreateChildOrder(side=BUY,quantity=95,price=97)
03:38:43.926 [main] INFO  c.sequencer.consumer.LoggingConsumer - [70] [CreateOrder](sbeTemplateId=4|sbeSchemaId=2|sbeSchemaVersion=0|sbeBlockLength=33):instrumentId=0|price=97|quantity=95|side=BUY|orderId=70
03:38:43.926 [main] INFO  c.gettingstarted.MyAlgoLogic - [MYALGO] The state of the order book is:
|----BID-----||----ASK----|
   160 @ 110     95 @ 97
   220 @ 120    150 @ 94
|------------||-----------|

03:38:43.926 [main] INFO  c.gettingstarted.MyAlgoLogic - [MYALGO] Algo Sees Book as: 
|----BID-----||----ASK----|
   160 @ 110     95 @ 97
   220 @ 120    150 @ 94
|------------||-----------|

03:38:43.926 [main] INFO  c.gettingstarted.MyAlgoLogic - [MYALGO] Initial quantity95 price 97
03:38:43.926 [main] INFO  c.gettingstarted.TimedLogic - [TIMEDLOGIC] Market is open
03:38:43.927 [main] INFO  c.gettingstarted.MyAlgoLogic - [MYALGO] Adding order for95@97
03:38:43.927 [main] INFO  c.gettingstarted.MyAlgoLogic - [Sheza6] markets monitor size is 0
03:38:43.927 [main] INFO  c.container.Actioner - [ALGO] Actioner, sending action:CreateChildOrder(side=BUY,quantity=95,price=97)
03:38:43.927 [main] INFO  c.sequencer.consumer.LoggingConsumer - [71] [CreateOrder](sbeTemplateId=4|sbeSchemaId=2|sbeSchemaVersion=0|sbeBlockLength=33):instrumentId=0|price=97|quantity=95|side=BUY|orderId=71
03:38:43.927 [main] INFO  c.gettingstarted.MyAlgoLogic - [MYALGO] The state of the order book is:
|----BID-----||----ASK----|
   160 @ 110     95 @ 97
   220 @ 120    150 @ 94
|------------||-----------|

03:38:43.927 [main] INFO  c.gettingstarted.MyAlgoLogic - [MYALGO] Algo Sees Book as: 
|----BID-----||----ASK----|
   160 @ 110     95 @ 97
   220 @ 120    150 @ 94
|------------||-----------|

03:38:43.927 [main] INFO  c.gettingstarted.MyAlgoLogic - [MYALGO] Initial quantity95 price 97
03:38:43.927 [main] INFO  c.gettingstarted.TimedLogic - [TIMEDLOGIC] Market is open
03:38:43.927 [main] INFO  c.gettingstarted.MyAlgoLogic - [MYALGO] Adding order for95@97
03:38:43.927 [main] INFO  c.gettingstarted.MyAlgoLogic - [Sheza6] markets monitor size is 0
03:38:43.927 [main] INFO  c.container.Actioner - [ALGO] Actioner, sending action:CreateChildOrder(side=BUY,quantity=95,price=97)
03:38:43.927 [main] INFO  c.sequencer.consumer.LoggingConsumer - [72] [CreateOrder](sbeTemplateId=4|sbeSchemaId=2|sbeSchemaVersion=0|sbeBlockLength=33):instrumentId=0|price=97|quantity=95|side=BUY|orderId=72
03:38:43.927 [main] INFO  c.gettingstarted.MyAlgoLogic - [MYALGO] The state of the order book is:
|----BID-----||----ASK----|
   160 @ 110     95 @ 97
   220 @ 120    150 @ 94
|------------||-----------|

03:38:43.927 [main] INFO  c.gettingstarted.MyAlgoLogic - [MYALGO] Algo Sees Book as: 
|----BID-----||----ASK----|
   160 @ 110     95 @ 97
   220 @ 120    150 @ 94
|------------||-----------|

03:38:43.927 [main] INFO  c.gettingstarted.MyAlgoLogic - [MYALGO] Initial quantity95 price 97
03:38:43.927 [main] INFO  c.gettingstarted.TimedLogic - [TIMEDLOGIC] Market is open
03:38:43.927 [main] INFO  c.gettingstarted.MyAlgoLogic - [MYALGO] Adding order for95@97
03:38:43.927 [main] INFO  c.gettingstarted.MyAlgoLogic - [Sheza6] markets monitor size is 0
03:38:43.927 [main] INFO  c.container.Actioner - [ALGO] Actioner, sending action:CreateChildOrder(side=BUY,quantity=95,price=97)
03:38:43.927 [main] INFO  c.sequencer.consumer.LoggingConsumer - [73] [CreateOrder](sbeTemplateId=4|sbeSchemaId=2|sbeSchemaVersion=0|sbeBlockLength=33):instrumentId=0|price=97|quantity=95|side=BUY|orderId=73
03:38:43.927 [main] INFO  c.gettingstarted.MyAlgoLogic - [MYALGO] The state of the order book is:
|----BID-----||----ASK----|
   160 @ 110     95 @ 97
   220 @ 120    150 @ 94
|------------||-----------|

03:38:43.928 [main] INFO  c.gettingstarted.MyAlgoLogic - [MYALGO] Algo Sees Book as: 
|----BID-----||----ASK----|
   160 @ 110     95 @ 97
   220 @ 120    150 @ 94
|------------||-----------|

03:38:43.928 [main] INFO  c.gettingstarted.MyAlgoLogic - [MYALGO] Initial quantity95 price 97
03:38:43.928 [main] INFO  c.gettingstarted.TimedLogic - [TIMEDLOGIC] Market is open
03:38:43.928 [main] INFO  c.gettingstarted.MyAlgoLogic - [MYALGO] Adding order for95@97
03:38:43.928 [main] INFO  c.gettingstarted.MyAlgoLogic - [Sheza6] markets monitor size is 0
03:38:43.928 [main] INFO  c.container.Actioner - [ALGO] Actioner, sending action:CreateChildOrder(side=BUY,quantity=95,price=97)
03:38:43.928 [main] INFO  c.sequencer.consumer.LoggingConsumer - [74] [CreateOrder](sbeTemplateId=4|sbeSchemaId=2|sbeSchemaVersion=0|sbeBlockLength=33):instrumentId=0|price=97|quantity=95|side=BUY|orderId=74
03:38:43.928 [main] INFO  c.gettingstarted.MyAlgoLogic - [MYALGO] The state of the order book is:
|----BID-----||----ASK----|
   160 @ 110     95 @ 97
   220 @ 120    150 @ 94
|------------||-----------|

03:38:43.928 [main] INFO  c.gettingstarted.MyAlgoLogic - [MYALGO] Algo Sees Book as: 
|----BID-----||----ASK----|
   160 @ 110     95 @ 97
   220 @ 120    150 @ 94
|------------||-----------|

03:38:43.928 [main] INFO  c.gettingstarted.MyAlgoLogic - [MYALGO] Initial quantity95 price 97
03:38:43.928 [main] INFO  c.gettingstarted.TimedLogic - [TIMEDLOGIC] Market is open
03:38:43.928 [main] INFO  c.gettingstarted.MyAlgoLogic - [MYALGO] Adding order for95@97
03:38:43.928 [main] INFO  c.gettingstarted.MyAlgoLogic - [Sheza6] markets monitor size is 0
03:38:43.928 [main] INFO  c.container.Actioner - [ALGO] Actioner, sending action:CreateChildOrder(side=BUY,quantity=95,price=97)
03:38:43.928 [main] INFO  c.sequencer.consumer.LoggingConsumer - [75] [CreateOrder](sbeTemplateId=4|sbeSchemaId=2|sbeSchemaVersion=0|sbeBlockLength=33):instrumentId=0|price=97|quantity=95|side=BUY|orderId=75
03:38:43.928 [main] INFO  c.gettingstarted.MyAlgoLogic - [MYALGO] The state of the order book is:
|----BID-----||----ASK----|
   160 @ 110     95 @ 97
   220 @ 120    150 @ 94
|------------||-----------|

03:38:43.928 [main] INFO  c.gettingstarted.MyAlgoLogic - [MYALGO] Algo Sees Book as: 
|----BID-----||----ASK----|
   160 @ 110     95 @ 97
   220 @ 120    150 @ 94
|------------||-----------|

03:38:43.928 [main] INFO  c.gettingstarted.MyAlgoLogic - [MYALGO] Initial quantity95 price 97
03:38:43.928 [main] INFO  c.gettingstarted.TimedLogic - [TIMEDLOGIC] Market is open
03:38:43.928 [main] INFO  c.gettingstarted.MyAlgoLogic - [MYALGO] Adding order for95@97
03:38:43.928 [main] INFO  c.gettingstarted.MyAlgoLogic - [Sheza6] markets monitor size is 0
03:38:43.928 [main] INFO  c.container.Actioner - [ALGO] Actioner, sending action:CreateChildOrder(side=BUY,quantity=95,price=97)
03:38:43.928 [main] INFO  c.sequencer.consumer.LoggingConsumer - [76] [CreateOrder](sbeTemplateId=4|sbeSchemaId=2|sbeSchemaVersion=0|sbeBlockLength=33):instrumentId=0|price=97|quantity=95|side=BUY|orderId=76
03:38:43.929 [main] INFO  c.gettingstarted.MyAlgoLogic - [MYALGO] The state of the order book is:
|----BID-----||----ASK----|
   160 @ 110     95 @ 97
   220 @ 120    150 @ 94
|------------||-----------|

03:38:43.929 [main] INFO  c.gettingstarted.MyAlgoLogic - [MYALGO] Algo Sees Book as: 
|----BID-----||----ASK----|
   160 @ 110     95 @ 97
   220 @ 120    150 @ 94
|------------||-----------|

03:38:43.929 [main] INFO  c.gettingstarted.MyAlgoLogic - [MYALGO] Initial quantity95 price 97
03:38:43.929 [main] INFO  c.gettingstarted.TimedLogic - [TIMEDLOGIC] Market is open
]]></system-out>
  </testcase>
  <testcase name="checkIfOrdersCancelled" classname="codingblackfemales.gettingstarted.MyAlgoTest" time="0.033">
    <failure message="expected:&lt;68&gt; but was:&lt;0&gt;" type="java.lang.AssertionError"><![CDATA[java.lang.AssertionError: expected:<68> but was:<0>
	at org.junit.Assert.fail(Assert.java:88)
	at org.junit.Assert.failNotEquals(Assert.java:743)
	at org.junit.Assert.assertEquals(Assert.java:118)
	at org.junit.Assert.assertEquals(Assert.java:555)
	at org.junit.Assert.assertEquals(Assert.java:542)
	at codingblackfemales.gettingstarted.MyAlgoTest.checkIfOrdersCancelled(MyAlgoTest.java:72)
	at java.base/jdk.internal.reflect.NativeMethodAccessorImpl.invoke0(Native Method)
	at java.base/jdk.internal.reflect.NativeMethodAccessorImpl.invoke(NativeMethodAccessorImpl.java:77)
	at java.base/jdk.internal.reflect.DelegatingMethodAccessorImpl.invoke(DelegatingMethodAccessorImpl.java:43)
	at java.base/java.lang.reflect.Method.invoke(Method.java:568)
	at org.junit.runners.model.FrameworkMethod$1.runReflectiveCall(FrameworkMethod.java:47)
	at org.junit.internal.runners.model.ReflectiveCallable.run(ReflectiveCallable.java:12)
	at org.junit.runners.model.FrameworkMethod.invokeExplosively(FrameworkMethod.java:44)
	at org.junit.internal.runners.statements.InvokeMethod.evaluate(InvokeMethod.java:17)
	at org.junit.runners.ParentRunner.runLeaf(ParentRunner.java:271)
	at org.junit.runners.BlockJUnit4ClassRunner.runChild(BlockJUnit4ClassRunner.java:70)
	at org.junit.runners.BlockJUnit4ClassRunner.runChild(BlockJUnit4ClassRunner.java:50)
	at org.junit.runners.ParentRunner$3.run(ParentRunner.java:238)
	at org.junit.runners.ParentRunner$1.schedule(ParentRunner.java:63)
	at org.junit.runners.ParentRunner.runChildren(ParentRunner.java:236)
	at org.junit.runners.ParentRunner.access$000(ParentRunner.java:53)
	at org.junit.runners.ParentRunner$2.evaluate(ParentRunner.java:229)
	at org.junit.runners.ParentRunner.run(ParentRunner.java:309)
	at org.apache.maven.surefire.junit4.JUnit4Provider.execute(JUnit4Provider.java:316)
	at org.apache.maven.surefire.junit4.JUnit4Provider.executeWithRerun(JUnit4Provider.java:240)
	at org.apache.maven.surefire.junit4.JUnit4Provider.executeTestSet(JUnit4Provider.java:214)
	at org.apache.maven.surefire.junit4.JUnit4Provider.invoke(JUnit4Provider.java:155)
	at org.apache.maven.surefire.booter.ForkedBooter.runSuitesInProcess(ForkedBooter.java:385)
	at org.apache.maven.surefire.booter.ForkedBooter.execute(ForkedBooter.java:162)
	at org.apache.maven.surefire.booter.ForkedBooter.run(ForkedBooter.java:507)
	at org.apache.maven.surefire.booter.ForkedBooter.main(ForkedBooter.java:495)
]]></failure>
    <system-out><![CDATA[03:38:43.930 [main] INFO  c.sequencer.consumer.LoggingConsumer - [1] 
|----BID-----|
   101 @ 100
   200 @ 110
  5000 @ 115
|----ASK-----|
    100 @ 98
    200 @ 95
    300 @ 91

03:38:43.930 [main] DEBUG c.service.MarketDataService - [ALGO] BID: price:100 quantity:101
03:38:43.930 [main] DEBUG c.service.MarketDataService - [ALGO] BID: price:110 quantity:200
03:38:43.930 [main] DEBUG c.service.MarketDataService - [ALGO] BID: price:115 quantity:5000
03:38:43.930 [main] DEBUG c.service.MarketDataService - [ALGO] ASK: price:98 quantity:100
03:38:43.930 [main] DEBUG c.service.MarketDataService - [ALGO] ASK: price:95 quantity:200
03:38:43.930 [main] DEBUG c.service.MarketDataService - [ALGO] ASK: price:91 quantity:300
03:38:43.930 [main] INFO  c.gettingstarted.MyAlgoLogic - [MYALGO] The state of the order book is:
|----BID-----||----ASK----|
   101 @ 100    100 @ 98
   200 @ 110    200 @ 95
  5000 @ 115    300 @ 91
|------------||-----------|

03:38:43.930 [main] INFO  c.gettingstarted.MyAlgoLogic - [MYALGO] Algo Sees Book as: 
|----BID-----||----ASK----|
   101 @ 100    100 @ 98
   200 @ 110    200 @ 95
  5000 @ 115    300 @ 91
|------------||-----------|

03:38:43.930 [main] INFO  c.gettingstarted.MyAlgoLogic - [MYALGO] Initial quantity100 price 98
03:38:43.930 [main] INFO  c.gettingstarted.TimedLogic - [TIMEDLOGIC] Market is open
03:38:43.930 [main] INFO  c.gettingstarted.MyAlgoLogic - [MYALGO] Adding order for100@98
03:38:43.930 [main] INFO  c.gettingstarted.MyAlgoLogic - [Sheza6] markets monitor size is 0
03:38:43.930 [main] INFO  c.container.Actioner - [ALGO] Actioner, sending action:CreateChildOrder(side=BUY,quantity=100,price=98)
03:38:43.930 [main] INFO  c.sequencer.consumer.LoggingConsumer - [2] [CreateOrder](sbeTemplateId=4|sbeSchemaId=2|sbeSchemaVersion=0|sbeBlockLength=33):instrumentId=0|price=98|quantity=100|side=BUY|orderId=2
03:38:43.930 [main] INFO  c.gettingstarted.MyAlgoLogic - [MYALGO] The state of the order book is:
|----BID-----||----ASK----|
   101 @ 100    100 @ 98
   200 @ 110    200 @ 95
  5000 @ 115    300 @ 91
|------------||-----------|

03:38:43.930 [main] INFO  c.gettingstarted.MyAlgoLogic - [MYALGO] Algo Sees Book as: 
|----BID-----||----ASK----|
   101 @ 100    100 @ 98
   200 @ 110    200 @ 95
  5000 @ 115    300 @ 91
|------------||-----------|

03:38:43.930 [main] INFO  c.gettingstarted.MyAlgoLogic - [MYALGO] Initial quantity100 price 98
03:38:43.930 [main] INFO  c.gettingstarted.TimedLogic - [TIMEDLOGIC] Market is open
03:38:43.931 [main] INFO  c.gettingstarted.MyAlgoLogic - [MYALGO] Adding order for100@98
03:38:43.931 [main] INFO  c.gettingstarted.MyAlgoLogic - [Sheza6] markets monitor size is 0
03:38:43.931 [main] INFO  c.container.Actioner - [ALGO] Actioner, sending action:CreateChildOrder(side=BUY,quantity=100,price=98)
03:38:43.931 [main] INFO  c.sequencer.consumer.LoggingConsumer - [3] [CreateOrder](sbeTemplateId=4|sbeSchemaId=2|sbeSchemaVersion=0|sbeBlockLength=33):instrumentId=0|price=98|quantity=100|side=BUY|orderId=3
03:38:43.932 [main] INFO  c.gettingstarted.MyAlgoLogic - [MYALGO] The state of the order book is:
|----BID-----||----ASK----|
   101 @ 100    100 @ 98
   200 @ 110    200 @ 95
  5000 @ 115    300 @ 91
|------------||-----------|

03:38:43.932 [main] INFO  c.gettingstarted.MyAlgoLogic - [MYALGO] Algo Sees Book as: 
|----BID-----||----ASK----|
   101 @ 100    100 @ 98
   200 @ 110    200 @ 95
  5000 @ 115    300 @ 91
|------------||-----------|

03:38:43.932 [main] INFO  c.gettingstarted.MyAlgoLogic - [MYALGO] Initial quantity100 price 98
03:38:43.932 [main] INFO  c.gettingstarted.TimedLogic - [TIMEDLOGIC] Market is open
03:38:43.932 [main] INFO  c.gettingstarted.MyAlgoLogic - [MYALGO] Adding order for100@98
03:38:43.932 [main] INFO  c.gettingstarted.MyAlgoLogic - [Sheza6] markets monitor size is 0
03:38:43.932 [main] INFO  c.container.Actioner - [ALGO] Actioner, sending action:CreateChildOrder(side=BUY,quantity=100,price=98)
03:38:43.932 [main] INFO  c.sequencer.consumer.LoggingConsumer - [4] [CreateOrder](sbeTemplateId=4|sbeSchemaId=2|sbeSchemaVersion=0|sbeBlockLength=33):instrumentId=0|price=98|quantity=100|side=BUY|orderId=4
03:38:43.932 [main] INFO  c.gettingstarted.MyAlgoLogic - [MYALGO] The state of the order book is:
|----BID-----||----ASK----|
   101 @ 100    100 @ 98
   200 @ 110    200 @ 95
  5000 @ 115    300 @ 91
|------------||-----------|

03:38:43.932 [main] INFO  c.gettingstarted.MyAlgoLogic - [MYALGO] Algo Sees Book as: 
|----BID-----||----ASK----|
   101 @ 100    100 @ 98
   200 @ 110    200 @ 95
  5000 @ 115    300 @ 91
|------------||-----------|

03:38:43.932 [main] INFO  c.gettingstarted.MyAlgoLogic - [MYALGO] Initial quantity100 price 98
03:38:43.932 [main] INFO  c.gettingstarted.TimedLogic - [TIMEDLOGIC] Market is open
03:38:43.932 [main] INFO  c.gettingstarted.MyAlgoLogic - [MYALGO] Adding order for100@98
03:38:43.932 [main] INFO  c.gettingstarted.MyAlgoLogic - [Sheza6] markets monitor size is 0
03:38:43.932 [main] INFO  c.container.Actioner - [ALGO] Actioner, sending action:CreateChildOrder(side=BUY,quantity=100,price=98)
03:38:43.932 [main] INFO  c.sequencer.consumer.LoggingConsumer - [5] [CreateOrder](sbeTemplateId=4|sbeSchemaId=2|sbeSchemaVersion=0|sbeBlockLength=33):instrumentId=0|price=98|quantity=100|side=BUY|orderId=5
03:38:43.932 [main] INFO  c.gettingstarted.MyAlgoLogic - [MYALGO] The state of the order book is:
|----BID-----||----ASK----|
   101 @ 100    100 @ 98
   200 @ 110    200 @ 95
  5000 @ 115    300 @ 91
|------------||-----------|

03:38:43.932 [main] INFO  c.gettingstarted.MyAlgoLogic - [MYALGO] Algo Sees Book as: 
|----BID-----||----ASK----|
   101 @ 100    100 @ 98
   200 @ 110    200 @ 95
  5000 @ 115    300 @ 91
|------------||-----------|

03:38:43.932 [main] INFO  c.gettingstarted.MyAlgoLogic - [MYALGO] Initial quantity100 price 98
03:38:43.932 [main] INFO  c.gettingstarted.TimedLogic - [TIMEDLOGIC] Market is open
03:38:43.933 [main] INFO  c.gettingstarted.MyAlgoLogic - [MYALGO] Adding order for100@98
03:38:43.933 [main] INFO  c.gettingstarted.MyAlgoLogic - [Sheza6] markets monitor size is 0
03:38:43.933 [main] INFO  c.container.Actioner - [ALGO] Actioner, sending action:CreateChildOrder(side=BUY,quantity=100,price=98)
03:38:43.933 [main] INFO  c.sequencer.consumer.LoggingConsumer - [6] [CreateOrder](sbeTemplateId=4|sbeSchemaId=2|sbeSchemaVersion=0|sbeBlockLength=33):instrumentId=0|price=98|quantity=100|side=BUY|orderId=6
03:38:43.933 [main] INFO  c.gettingstarted.MyAlgoLogic - [MYALGO] The state of the order book is:
|----BID-----||----ASK----|
   101 @ 100    100 @ 98
   200 @ 110    200 @ 95
  5000 @ 115    300 @ 91
|------------||-----------|

03:38:43.933 [main] INFO  c.gettingstarted.MyAlgoLogic - [MYALGO] Algo Sees Book as: 
|----BID-----||----ASK----|
   101 @ 100    100 @ 98
   200 @ 110    200 @ 95
  5000 @ 115    300 @ 91
|------------||-----------|

03:38:43.933 [main] INFO  c.gettingstarted.MyAlgoLogic - [MYALGO] Initial quantity100 price 98
03:38:43.933 [main] INFO  c.gettingstarted.TimedLogic - [TIMEDLOGIC] Market is open
03:38:43.933 [main] INFO  c.gettingstarted.MyAlgoLogic - [MYALGO] Adding order for100@98
03:38:43.933 [main] INFO  c.gettingstarted.MyAlgoLogic - [Sheza6] markets monitor size is 0
03:38:43.933 [main] INFO  c.container.Actioner - [ALGO] Actioner, sending action:CreateChildOrder(side=BUY,quantity=100,price=98)
03:38:43.933 [main] INFO  c.sequencer.consumer.LoggingConsumer - [7] [CreateOrder](sbeTemplateId=4|sbeSchemaId=2|sbeSchemaVersion=0|sbeBlockLength=33):instrumentId=0|price=98|quantity=100|side=BUY|orderId=7
03:38:43.933 [main] INFO  c.gettingstarted.MyAlgoLogic - [MYALGO] The state of the order book is:
|----BID-----||----ASK----|
   101 @ 100    100 @ 98
   200 @ 110    200 @ 95
  5000 @ 115    300 @ 91
|------------||-----------|

03:38:43.933 [main] INFO  c.gettingstarted.MyAlgoLogic - [MYALGO] Algo Sees Book as: 
|----BID-----||----ASK----|
   101 @ 100    100 @ 98
   200 @ 110    200 @ 95
  5000 @ 115    300 @ 91
|------------||-----------|

03:38:43.933 [main] INFO  c.gettingstarted.MyAlgoLogic - [MYALGO] Initial quantity100 price 98
03:38:43.933 [main] INFO  c.gettingstarted.TimedLogic - [TIMEDLOGIC] Market is open
03:38:43.934 [main] INFO  c.gettingstarted.MyAlgoLogic - [MYALGO] Adding order for100@98
03:38:43.934 [main] INFO  c.gettingstarted.MyAlgoLogic - [Sheza6] markets monitor size is 0
03:38:43.934 [main] INFO  c.container.Actioner - [ALGO] Actioner, sending action:CreateChildOrder(side=BUY,quantity=100,price=98)
03:38:43.934 [main] INFO  c.sequencer.consumer.LoggingConsumer - [8] [CreateOrder](sbeTemplateId=4|sbeSchemaId=2|sbeSchemaVersion=0|sbeBlockLength=33):instrumentId=0|price=98|quantity=100|side=BUY|orderId=8
03:38:43.934 [main] INFO  c.gettingstarted.MyAlgoLogic - [MYALGO] The state of the order book is:
|----BID-----||----ASK----|
   101 @ 100    100 @ 98
   200 @ 110    200 @ 95
  5000 @ 115    300 @ 91
|------------||-----------|

03:38:43.934 [main] INFO  c.gettingstarted.MyAlgoLogic - [MYALGO] Algo Sees Book as: 
|----BID-----||----ASK----|
   101 @ 100    100 @ 98
   200 @ 110    200 @ 95
  5000 @ 115    300 @ 91
|------------||-----------|

03:38:43.934 [main] INFO  c.gettingstarted.MyAlgoLogic - [MYALGO] Initial quantity100 price 98
03:38:43.934 [main] INFO  c.gettingstarted.TimedLogic - [TIMEDLOGIC] Market is open
03:38:43.934 [main] INFO  c.gettingstarted.MyAlgoLogic - [MYALGO] Adding order for100@98
03:38:43.934 [main] INFO  c.gettingstarted.MyAlgoLogic - [Sheza6] markets monitor size is 0
03:38:43.934 [main] INFO  c.container.Actioner - [ALGO] Actioner, sending action:CreateChildOrder(side=BUY,quantity=100,price=98)
03:38:43.934 [main] INFO  c.sequencer.consumer.LoggingConsumer - [9] [CreateOrder](sbeTemplateId=4|sbeSchemaId=2|sbeSchemaVersion=0|sbeBlockLength=33):instrumentId=0|price=98|quantity=100|side=BUY|orderId=9
03:38:43.934 [main] INFO  c.gettingstarted.MyAlgoLogic - [MYALGO] The state of the order book is:
|----BID-----||----ASK----|
   101 @ 100    100 @ 98
   200 @ 110    200 @ 95
  5000 @ 115    300 @ 91
|------------||-----------|

03:38:43.934 [main] INFO  c.gettingstarted.MyAlgoLogic - [MYALGO] Algo Sees Book as: 
|----BID-----||----ASK----|
   101 @ 100    100 @ 98
   200 @ 110    200 @ 95
  5000 @ 115    300 @ 91
|------------||-----------|

03:38:43.934 [main] INFO  c.gettingstarted.MyAlgoLogic - [MYALGO] Initial quantity100 price 98
03:38:43.934 [main] INFO  c.gettingstarted.TimedLogic - [TIMEDLOGIC] Market is open
03:38:43.934 [main] INFO  c.gettingstarted.MyAlgoLogic - [MYALGO] Adding order for100@98
03:38:43.934 [main] INFO  c.gettingstarted.MyAlgoLogic - [Sheza6] markets monitor size is 0
03:38:43.934 [main] INFO  c.container.Actioner - [ALGO] Actioner, sending action:CreateChildOrder(side=BUY,quantity=100,price=98)
03:38:43.934 [main] INFO  c.sequencer.consumer.LoggingConsumer - [10] [CreateOrder](sbeTemplateId=4|sbeSchemaId=2|sbeSchemaVersion=0|sbeBlockLength=33):instrumentId=0|price=98|quantity=100|side=BUY|orderId=10
03:38:43.934 [main] INFO  c.gettingstarted.MyAlgoLogic - [MYALGO] The state of the order book is:
|----BID-----||----ASK----|
   101 @ 100    100 @ 98
   200 @ 110    200 @ 95
  5000 @ 115    300 @ 91
|------------||-----------|

03:38:43.934 [main] INFO  c.gettingstarted.MyAlgoLogic - [MYALGO] Algo Sees Book as: 
|----BID-----||----ASK----|
   101 @ 100    100 @ 98
   200 @ 110    200 @ 95
  5000 @ 115    300 @ 91
|------------||-----------|

03:38:43.935 [main] INFO  c.gettingstarted.MyAlgoLogic - [MYALGO] Initial quantity100 price 98
03:38:43.935 [main] INFO  c.gettingstarted.TimedLogic - [TIMEDLOGIC] Market is open
03:38:43.935 [main] INFO  c.gettingstarted.MyAlgoLogic - [MYALGO] Adding order for100@98
03:38:43.935 [main] INFO  c.gettingstarted.MyAlgoLogic - [Sheza6] markets monitor size is 0
03:38:43.935 [main] INFO  c.container.Actioner - [ALGO] Actioner, sending action:CreateChildOrder(side=BUY,quantity=100,price=98)
03:38:43.935 [main] INFO  c.sequencer.consumer.LoggingConsumer - [11] [CreateOrder](sbeTemplateId=4|sbeSchemaId=2|sbeSchemaVersion=0|sbeBlockLength=33):instrumentId=0|price=98|quantity=100|side=BUY|orderId=11
03:38:43.935 [main] INFO  c.gettingstarted.MyAlgoLogic - [MYALGO] The state of the order book is:
|----BID-----||----ASK----|
   101 @ 100    100 @ 98
   200 @ 110    200 @ 95
  5000 @ 115    300 @ 91
|------------||-----------|

03:38:43.935 [main] INFO  c.gettingstarted.MyAlgoLogic - [MYALGO] Algo Sees Book as: 
|----BID-----||----ASK----|
   101 @ 100    100 @ 98
   200 @ 110    200 @ 95
  5000 @ 115    300 @ 91
|------------||-----------|

03:38:43.935 [main] INFO  c.gettingstarted.MyAlgoLogic - [MYALGO] Initial quantity100 price 98
03:38:43.935 [main] INFO  c.gettingstarted.TimedLogic - [TIMEDLOGIC] Market is open
03:38:43.935 [main] INFO  c.gettingstarted.MyAlgoLogic - [MYALGO] Adding order for100@98
03:38:43.935 [main] INFO  c.gettingstarted.MyAlgoLogic - [Sheza6] markets monitor size is 0
03:38:43.935 [main] INFO  c.container.Actioner - [ALGO] Actioner, sending action:CreateChildOrder(side=BUY,quantity=100,price=98)
03:38:43.935 [main] INFO  c.sequencer.consumer.LoggingConsumer - [12] [CreateOrder](sbeTemplateId=4|sbeSchemaId=2|sbeSchemaVersion=0|sbeBlockLength=33):instrumentId=0|price=98|quantity=100|side=BUY|orderId=12
03:38:43.935 [main] INFO  c.gettingstarted.MyAlgoLogic - [MYALGO] The state of the order book is:
|----BID-----||----ASK----|
   101 @ 100    100 @ 98
   200 @ 110    200 @ 95
  5000 @ 115    300 @ 91
|------------||-----------|

03:38:43.935 [main] INFO  c.gettingstarted.MyAlgoLogic - [MYALGO] Algo Sees Book as: 
|----BID-----||----ASK----|
   101 @ 100    100 @ 98
   200 @ 110    200 @ 95
  5000 @ 115    300 @ 91
|------------||-----------|

03:38:43.935 [main] INFO  c.gettingstarted.MyAlgoLogic - [MYALGO] Initial quantity100 price 98
03:38:43.935 [main] INFO  c.gettingstarted.TimedLogic - [TIMEDLOGIC] Market is open
03:38:43.935 [main] INFO  c.gettingstarted.MyAlgoLogic - [MYALGO] Adding order for100@98
03:38:43.935 [main] INFO  c.gettingstarted.MyAlgoLogic - [Sheza6] markets monitor size is 0
03:38:43.935 [main] INFO  c.container.Actioner - [ALGO] Actioner, sending action:CreateChildOrder(side=BUY,quantity=100,price=98)
03:38:43.935 [main] INFO  c.sequencer.consumer.LoggingConsumer - [13] [CreateOrder](sbeTemplateId=4|sbeSchemaId=2|sbeSchemaVersion=0|sbeBlockLength=33):instrumentId=0|price=98|quantity=100|side=BUY|orderId=13
03:38:43.935 [main] INFO  c.gettingstarted.MyAlgoLogic - [MYALGO] The state of the order book is:
|----BID-----||----ASK----|
   101 @ 100    100 @ 98
   200 @ 110    200 @ 95
  5000 @ 115    300 @ 91
|------------||-----------|

03:38:43.935 [main] INFO  c.gettingstarted.MyAlgoLogic - [MYALGO] Algo Sees Book as: 
|----BID-----||----ASK----|
   101 @ 100    100 @ 98
   200 @ 110    200 @ 95
  5000 @ 115    300 @ 91
|------------||-----------|

03:38:43.936 [main] INFO  c.gettingstarted.MyAlgoLogic - [MYALGO] Initial quantity100 price 98
03:38:43.936 [main] INFO  c.gettingstarted.TimedLogic - [TIMEDLOGIC] Market is open
03:38:43.936 [main] INFO  c.gettingstarted.MyAlgoLogic - [MYALGO] Adding order for100@98
03:38:43.936 [main] INFO  c.gettingstarted.MyAlgoLogic - [Sheza6] markets monitor size is 0
03:38:43.936 [main] INFO  c.container.Actioner - [ALGO] Actioner, sending action:CreateChildOrder(side=BUY,quantity=100,price=98)
03:38:43.936 [main] INFO  c.sequencer.consumer.LoggingConsumer - [14] [CreateOrder](sbeTemplateId=4|sbeSchemaId=2|sbeSchemaVersion=0|sbeBlockLength=33):instrumentId=0|price=98|quantity=100|side=BUY|orderId=14
03:38:43.936 [main] INFO  c.gettingstarted.MyAlgoLogic - [MYALGO] The state of the order book is:
|----BID-----||----ASK----|
   101 @ 100    100 @ 98
   200 @ 110    200 @ 95
  5000 @ 115    300 @ 91
|------------||-----------|

03:38:43.936 [main] INFO  c.gettingstarted.MyAlgoLogic - [MYALGO] Algo Sees Book as: 
|----BID-----||----ASK----|
   101 @ 100    100 @ 98
   200 @ 110    200 @ 95
  5000 @ 115    300 @ 91
|------------||-----------|

03:38:43.936 [main] INFO  c.gettingstarted.MyAlgoLogic - [MYALGO] Initial quantity100 price 98
03:38:43.936 [main] INFO  c.gettingstarted.TimedLogic - [TIMEDLOGIC] Market is open
03:38:43.936 [main] INFO  c.gettingstarted.MyAlgoLogic - [MYALGO] Adding order for100@98
03:38:43.936 [main] INFO  c.gettingstarted.MyAlgoLogic - [Sheza6] markets monitor size is 0
03:38:43.936 [main] INFO  c.container.Actioner - [ALGO] Actioner, sending action:CreateChildOrder(side=BUY,quantity=100,price=98)
03:38:43.936 [main] INFO  c.sequencer.consumer.LoggingConsumer - [15] [CreateOrder](sbeTemplateId=4|sbeSchemaId=2|sbeSchemaVersion=0|sbeBlockLength=33):instrumentId=0|price=98|quantity=100|side=BUY|orderId=15
03:38:43.936 [main] INFO  c.gettingstarted.MyAlgoLogic - [MYALGO] The state of the order book is:
|----BID-----||----ASK----|
   101 @ 100    100 @ 98
   200 @ 110    200 @ 95
  5000 @ 115    300 @ 91
|------------||-----------|

03:38:43.936 [main] INFO  c.gettingstarted.MyAlgoLogic - [MYALGO] Algo Sees Book as: 
|----BID-----||----ASK----|
   101 @ 100    100 @ 98
   200 @ 110    200 @ 95
  5000 @ 115    300 @ 91
|------------||-----------|

03:38:43.936 [main] INFO  c.gettingstarted.MyAlgoLogic - [MYALGO] Initial quantity100 price 98
03:38:43.936 [main] INFO  c.gettingstarted.TimedLogic - [TIMEDLOGIC] Market is open
03:38:43.937 [main] INFO  c.gettingstarted.MyAlgoLogic - [MYALGO] Adding order for100@98
03:38:43.937 [main] INFO  c.gettingstarted.MyAlgoLogic - [Sheza6] markets monitor size is 0
03:38:43.937 [main] INFO  c.container.Actioner - [ALGO] Actioner, sending action:CreateChildOrder(side=BUY,quantity=100,price=98)
03:38:43.937 [main] INFO  c.sequencer.consumer.LoggingConsumer - [16] [CreateOrder](sbeTemplateId=4|sbeSchemaId=2|sbeSchemaVersion=0|sbeBlockLength=33):instrumentId=0|price=98|quantity=100|side=BUY|orderId=16
03:38:43.937 [main] INFO  c.gettingstarted.MyAlgoLogic - [MYALGO] The state of the order book is:
|----BID-----||----ASK----|
   101 @ 100    100 @ 98
   200 @ 110    200 @ 95
  5000 @ 115    300 @ 91
|------------||-----------|

03:38:43.937 [main] INFO  c.gettingstarted.MyAlgoLogic - [MYALGO] Algo Sees Book as: 
|----BID-----||----ASK----|
   101 @ 100    100 @ 98
   200 @ 110    200 @ 95
  5000 @ 115    300 @ 91
|------------||-----------|

03:38:43.937 [main] INFO  c.gettingstarted.MyAlgoLogic - [MYALGO] Initial quantity100 price 98
03:38:43.937 [main] INFO  c.gettingstarted.TimedLogic - [TIMEDLOGIC] Market is open
03:38:43.937 [main] INFO  c.gettingstarted.MyAlgoLogic - [MYALGO] Adding order for100@98
03:38:43.937 [main] INFO  c.gettingstarted.MyAlgoLogic - [Sheza6] markets monitor size is 0
03:38:43.937 [main] INFO  c.container.Actioner - [ALGO] Actioner, sending action:CreateChildOrder(side=BUY,quantity=100,price=98)
03:38:43.937 [main] INFO  c.sequencer.consumer.LoggingConsumer - [17] [CreateOrder](sbeTemplateId=4|sbeSchemaId=2|sbeSchemaVersion=0|sbeBlockLength=33):instrumentId=0|price=98|quantity=100|side=BUY|orderId=17
03:38:43.937 [main] INFO  c.gettingstarted.MyAlgoLogic - [MYALGO] The state of the order book is:
|----BID-----||----ASK----|
   101 @ 100    100 @ 98
   200 @ 110    200 @ 95
  5000 @ 115    300 @ 91
|------------||-----------|

03:38:43.937 [main] INFO  c.gettingstarted.MyAlgoLogic - [MYALGO] Algo Sees Book as: 
|----BID-----||----ASK----|
   101 @ 100    100 @ 98
   200 @ 110    200 @ 95
  5000 @ 115    300 @ 91
|------------||-----------|

03:38:43.937 [main] INFO  c.gettingstarted.MyAlgoLogic - [MYALGO] Initial quantity100 price 98
03:38:43.937 [main] INFO  c.gettingstarted.TimedLogic - [TIMEDLOGIC] Market is open
03:38:43.937 [main] INFO  c.gettingstarted.MyAlgoLogic - [MYALGO] Adding order for100@98
03:38:43.937 [main] INFO  c.gettingstarted.MyAlgoLogic - [Sheza6] markets monitor size is 0
03:38:43.937 [main] INFO  c.container.Actioner - [ALGO] Actioner, sending action:CreateChildOrder(side=BUY,quantity=100,price=98)
03:38:43.938 [main] INFO  c.sequencer.consumer.LoggingConsumer - [18] [CreateOrder](sbeTemplateId=4|sbeSchemaId=2|sbeSchemaVersion=0|sbeBlockLength=33):instrumentId=0|price=98|quantity=100|side=BUY|orderId=18
03:38:43.938 [main] INFO  c.gettingstarted.MyAlgoLogic - [MYALGO] The state of the order book is:
|----BID-----||----ASK----|
   101 @ 100    100 @ 98
   200 @ 110    200 @ 95
  5000 @ 115    300 @ 91
|------------||-----------|

03:38:43.938 [main] INFO  c.gettingstarted.MyAlgoLogic - [MYALGO] Algo Sees Book as: 
|----BID-----||----ASK----|
   101 @ 100    100 @ 98
   200 @ 110    200 @ 95
  5000 @ 115    300 @ 91
|------------||-----------|

03:38:43.938 [main] INFO  c.gettingstarted.MyAlgoLogic - [MYALGO] Initial quantity100 price 98
03:38:43.938 [main] INFO  c.gettingstarted.TimedLogic - [TIMEDLOGIC] Market is open
03:38:43.938 [main] INFO  c.gettingstarted.MyAlgoLogic - [MYALGO] Adding order for100@98
03:38:43.938 [main] INFO  c.gettingstarted.MyAlgoLogic - [Sheza6] markets monitor size is 0
03:38:43.938 [main] INFO  c.container.Actioner - [ALGO] Actioner, sending action:CreateChildOrder(side=BUY,quantity=100,price=98)
03:38:43.938 [main] INFO  c.sequencer.consumer.LoggingConsumer - [19] [CreateOrder](sbeTemplateId=4|sbeSchemaId=2|sbeSchemaVersion=0|sbeBlockLength=33):instrumentId=0|price=98|quantity=100|side=BUY|orderId=19
03:38:43.938 [main] INFO  c.gettingstarted.MyAlgoLogic - [MYALGO] The state of the order book is:
|----BID-----||----ASK----|
   101 @ 100    100 @ 98
   200 @ 110    200 @ 95
  5000 @ 115    300 @ 91
|------------||-----------|

03:38:43.938 [main] INFO  c.gettingstarted.MyAlgoLogic - [MYALGO] Algo Sees Book as: 
|----BID-----||----ASK----|
   101 @ 100    100 @ 98
   200 @ 110    200 @ 95
  5000 @ 115    300 @ 91
|------------||-----------|

03:38:43.938 [main] INFO  c.gettingstarted.MyAlgoLogic - [MYALGO] Initial quantity100 price 98
03:38:43.938 [main] INFO  c.gettingstarted.TimedLogic - [TIMEDLOGIC] Market is open
03:38:43.938 [main] INFO  c.gettingstarted.MyAlgoLogic - [MYALGO] Adding order for100@98
03:38:43.938 [main] INFO  c.gettingstarted.MyAlgoLogic - [Sheza6] markets monitor size is 0
03:38:43.938 [main] INFO  c.container.Actioner - [ALGO] Actioner, sending action:CreateChildOrder(side=BUY,quantity=100,price=98)
03:38:43.938 [main] INFO  c.sequencer.consumer.LoggingConsumer - [20] [CreateOrder](sbeTemplateId=4|sbeSchemaId=2|sbeSchemaVersion=0|sbeBlockLength=33):instrumentId=0|price=98|quantity=100|side=BUY|orderId=20
03:38:43.938 [main] INFO  c.gettingstarted.MyAlgoLogic - [MYALGO] The state of the order book is:
|----BID-----||----ASK----|
   101 @ 100    100 @ 98
   200 @ 110    200 @ 95
  5000 @ 115    300 @ 91
|------------||-----------|

03:38:43.938 [main] INFO  c.gettingstarted.MyAlgoLogic - [MYALGO] Algo Sees Book as: 
|----BID-----||----ASK----|
   101 @ 100    100 @ 98
   200 @ 110    200 @ 95
  5000 @ 115    300 @ 91
|------------||-----------|

03:38:43.938 [main] INFO  c.gettingstarted.MyAlgoLogic - [MYALGO] Initial quantity100 price 98
03:38:43.939 [main] INFO  c.gettingstarted.TimedLogic - [TIMEDLOGIC] Market is open
03:38:43.939 [main] INFO  c.gettingstarted.MyAlgoLogic - [MYALGO] Adding order for100@98
03:38:43.939 [main] INFO  c.gettingstarted.MyAlgoLogic - [Sheza6] markets monitor size is 0
03:38:43.939 [main] INFO  c.container.Actioner - [ALGO] Actioner, sending action:CreateChildOrder(side=BUY,quantity=100,price=98)
03:38:43.939 [main] INFO  c.sequencer.consumer.LoggingConsumer - [21] [CreateOrder](sbeTemplateId=4|sbeSchemaId=2|sbeSchemaVersion=0|sbeBlockLength=33):instrumentId=0|price=98|quantity=100|side=BUY|orderId=21
03:38:43.939 [main] INFO  c.gettingstarted.MyAlgoLogic - [MYALGO] The state of the order book is:
|----BID-----||----ASK----|
   101 @ 100    100 @ 98
   200 @ 110    200 @ 95
  5000 @ 115    300 @ 91
|------------||-----------|

03:38:43.939 [main] INFO  c.gettingstarted.MyAlgoLogic - [MYALGO] Algo Sees Book as: 
|----BID-----||----ASK----|
   101 @ 100    100 @ 98
   200 @ 110    200 @ 95
  5000 @ 115    300 @ 91
|------------||-----------|

03:38:43.939 [main] INFO  c.gettingstarted.MyAlgoLogic - [MYALGO] Initial quantity100 price 98
03:38:43.939 [main] INFO  c.gettingstarted.TimedLogic - [TIMEDLOGIC] Market is open
03:38:43.939 [main] INFO  c.gettingstarted.MyAlgoLogic - [MYALGO] Adding order for100@98
03:38:43.939 [main] INFO  c.gettingstarted.MyAlgoLogic - [Sheza6] markets monitor size is 0
03:38:43.939 [main] INFO  c.container.Actioner - [ALGO] Actioner, sending action:CreateChildOrder(side=BUY,quantity=100,price=98)
03:38:43.939 [main] INFO  c.sequencer.consumer.LoggingConsumer - [22] [CreateOrder](sbeTemplateId=4|sbeSchemaId=2|sbeSchemaVersion=0|sbeBlockLength=33):instrumentId=0|price=98|quantity=100|side=BUY|orderId=22
03:38:43.940 [main] INFO  c.gettingstarted.MyAlgoLogic - [MYALGO] The state of the order book is:
|----BID-----||----ASK----|
   101 @ 100    100 @ 98
   200 @ 110    200 @ 95
  5000 @ 115    300 @ 91
|------------||-----------|

03:38:43.940 [main] INFO  c.gettingstarted.MyAlgoLogic - [MYALGO] Algo Sees Book as: 
|----BID-----||----ASK----|
   101 @ 100    100 @ 98
   200 @ 110    200 @ 95
  5000 @ 115    300 @ 91
|------------||-----------|

03:38:43.940 [main] INFO  c.gettingstarted.MyAlgoLogic - [MYALGO] Initial quantity100 price 98
03:38:43.940 [main] INFO  c.gettingstarted.TimedLogic - [TIMEDLOGIC] Market is open
03:38:43.940 [main] INFO  c.gettingstarted.MyAlgoLogic - [MYALGO] Adding order for100@98
03:38:43.940 [main] INFO  c.gettingstarted.MyAlgoLogic - [Sheza6] markets monitor size is 0
03:38:43.940 [main] INFO  c.container.Actioner - [ALGO] Actioner, sending action:CreateChildOrder(side=BUY,quantity=100,price=98)
03:38:43.940 [main] INFO  c.sequencer.consumer.LoggingConsumer - [23] [CreateOrder](sbeTemplateId=4|sbeSchemaId=2|sbeSchemaVersion=0|sbeBlockLength=33):instrumentId=0|price=98|quantity=100|side=BUY|orderId=23
03:38:43.940 [main] INFO  c.gettingstarted.MyAlgoLogic - [MYALGO] The state of the order book is:
|----BID-----||----ASK----|
   101 @ 100    100 @ 98
   200 @ 110    200 @ 95
  5000 @ 115    300 @ 91
|------------||-----------|

03:38:43.940 [main] INFO  c.gettingstarted.MyAlgoLogic - [MYALGO] Algo Sees Book as: 
|----BID-----||----ASK----|
   101 @ 100    100 @ 98
   200 @ 110    200 @ 95
  5000 @ 115    300 @ 91
|------------||-----------|

03:38:43.940 [main] INFO  c.gettingstarted.MyAlgoLogic - [MYALGO] Initial quantity100 price 98
03:38:43.940 [main] INFO  c.gettingstarted.TimedLogic - [TIMEDLOGIC] Market is open
03:38:43.941 [main] INFO  c.gettingstarted.MyAlgoLogic - [MYALGO] Adding order for100@98
03:38:43.941 [main] INFO  c.gettingstarted.MyAlgoLogic - [Sheza6] markets monitor size is 0
03:38:43.941 [main] INFO  c.container.Actioner - [ALGO] Actioner, sending action:CreateChildOrder(side=BUY,quantity=100,price=98)
03:38:43.941 [main] INFO  c.sequencer.consumer.LoggingConsumer - [24] [CreateOrder](sbeTemplateId=4|sbeSchemaId=2|sbeSchemaVersion=0|sbeBlockLength=33):instrumentId=0|price=98|quantity=100|side=BUY|orderId=24
03:38:43.941 [main] INFO  c.gettingstarted.MyAlgoLogic - [MYALGO] The state of the order book is:
|----BID-----||----ASK----|
   101 @ 100    100 @ 98
   200 @ 110    200 @ 95
  5000 @ 115    300 @ 91
|------------||-----------|

03:38:43.941 [main] INFO  c.gettingstarted.MyAlgoLogic - [MYALGO] Algo Sees Book as: 
|----BID-----||----ASK----|
   101 @ 100    100 @ 98
   200 @ 110    200 @ 95
  5000 @ 115    300 @ 91
|------------||-----------|

03:38:43.941 [main] INFO  c.gettingstarted.MyAlgoLogic - [MYALGO] Initial quantity100 price 98
03:38:43.941 [main] INFO  c.gettingstarted.TimedLogic - [TIMEDLOGIC] Market is open
03:38:43.941 [main] INFO  c.gettingstarted.MyAlgoLogic - [MYALGO] Adding order for100@98
03:38:43.941 [main] INFO  c.gettingstarted.MyAlgoLogic - [Sheza6] markets monitor size is 0
03:38:43.941 [main] INFO  c.container.Actioner - [ALGO] Actioner, sending action:CreateChildOrder(side=BUY,quantity=100,price=98)
03:38:43.941 [main] INFO  c.sequencer.consumer.LoggingConsumer - [25] [CreateOrder](sbeTemplateId=4|sbeSchemaId=2|sbeSchemaVersion=0|sbeBlockLength=33):instrumentId=0|price=98|quantity=100|side=BUY|orderId=25
03:38:43.941 [main] INFO  c.gettingstarted.MyAlgoLogic - [MYALGO] The state of the order book is:
|----BID-----||----ASK----|
   101 @ 100    100 @ 98
   200 @ 110    200 @ 95
  5000 @ 115    300 @ 91
|------------||-----------|

03:38:43.941 [main] INFO  c.gettingstarted.MyAlgoLogic - [MYALGO] Algo Sees Book as: 
|----BID-----||----ASK----|
   101 @ 100    100 @ 98
   200 @ 110    200 @ 95
  5000 @ 115    300 @ 91
|------------||-----------|

03:38:43.941 [main] INFO  c.gettingstarted.MyAlgoLogic - [MYALGO] Initial quantity100 price 98
03:38:43.941 [main] INFO  c.gettingstarted.TimedLogic - [TIMEDLOGIC] Market is open
03:38:43.944 [main] INFO  c.gettingstarted.MyAlgoLogic - [MYALGO] Adding order for100@98
03:38:43.944 [main] INFO  c.gettingstarted.MyAlgoLogic - [Sheza6] markets monitor size is 0
03:38:43.944 [main] INFO  c.container.Actioner - [ALGO] Actioner, sending action:CreateChildOrder(side=BUY,quantity=100,price=98)
03:38:43.944 [main] INFO  c.sequencer.consumer.LoggingConsumer - [26] [CreateOrder](sbeTemplateId=4|sbeSchemaId=2|sbeSchemaVersion=0|sbeBlockLength=33):instrumentId=0|price=98|quantity=100|side=BUY|orderId=26
03:38:43.944 [main] INFO  c.gettingstarted.MyAlgoLogic - [MYALGO] The state of the order book is:
|----BID-----||----ASK----|
   101 @ 100    100 @ 98
   200 @ 110    200 @ 95
  5000 @ 115    300 @ 91
|------------||-----------|

03:38:43.944 [main] INFO  c.gettingstarted.MyAlgoLogic - [MYALGO] Algo Sees Book as: 
|----BID-----||----ASK----|
   101 @ 100    100 @ 98
   200 @ 110    200 @ 95
  5000 @ 115    300 @ 91
|------------||-----------|

03:38:43.944 [main] INFO  c.gettingstarted.MyAlgoLogic - [MYALGO] Initial quantity100 price 98
03:38:43.944 [main] INFO  c.gettingstarted.TimedLogic - [TIMEDLOGIC] Market is open
03:38:43.944 [main] INFO  c.gettingstarted.MyAlgoLogic - [MYALGO] Adding order for100@98
03:38:43.944 [main] INFO  c.gettingstarted.MyAlgoLogic - [Sheza6] markets monitor size is 0
03:38:43.944 [main] INFO  c.container.Actioner - [ALGO] Actioner, sending action:CreateChildOrder(side=BUY,quantity=100,price=98)
03:38:43.944 [main] INFO  c.sequencer.consumer.LoggingConsumer - [27] [CreateOrder](sbeTemplateId=4|sbeSchemaId=2|sbeSchemaVersion=0|sbeBlockLength=33):instrumentId=0|price=98|quantity=100|side=BUY|orderId=27
03:38:43.944 [main] INFO  c.gettingstarted.MyAlgoLogic - [MYALGO] The state of the order book is:
|----BID-----||----ASK----|
   101 @ 100    100 @ 98
   200 @ 110    200 @ 95
  5000 @ 115    300 @ 91
|------------||-----------|

03:38:43.944 [main] INFO  c.gettingstarted.MyAlgoLogic - [MYALGO] Algo Sees Book as: 
|----BID-----||----ASK----|
   101 @ 100    100 @ 98
   200 @ 110    200 @ 95
  5000 @ 115    300 @ 91
|------------||-----------|

03:38:43.944 [main] INFO  c.gettingstarted.MyAlgoLogic - [MYALGO] Initial quantity100 price 98
03:38:43.944 [main] INFO  c.gettingstarted.TimedLogic - [TIMEDLOGIC] Market is open
03:38:43.944 [main] INFO  c.gettingstarted.MyAlgoLogic - [MYALGO] Adding order for100@98
03:38:43.944 [main] INFO  c.gettingstarted.MyAlgoLogic - [Sheza6] markets monitor size is 0
03:38:43.944 [main] INFO  c.container.Actioner - [ALGO] Actioner, sending action:CreateChildOrder(side=BUY,quantity=100,price=98)
03:38:43.944 [main] INFO  c.sequencer.consumer.LoggingConsumer - [28] [CreateOrder](sbeTemplateId=4|sbeSchemaId=2|sbeSchemaVersion=0|sbeBlockLength=33):instrumentId=0|price=98|quantity=100|side=BUY|orderId=28
03:38:43.944 [main] INFO  c.gettingstarted.MyAlgoLogic - [MYALGO] The state of the order book is:
|----BID-----||----ASK----|
   101 @ 100    100 @ 98
   200 @ 110    200 @ 95
  5000 @ 115    300 @ 91
|------------||-----------|

03:38:43.944 [main] INFO  c.gettingstarted.MyAlgoLogic - [MYALGO] Algo Sees Book as: 
|----BID-----||----ASK----|
   101 @ 100    100 @ 98
   200 @ 110    200 @ 95
  5000 @ 115    300 @ 91
|------------||-----------|

03:38:43.945 [main] INFO  c.gettingstarted.MyAlgoLogic - [MYALGO] Initial quantity100 price 98
03:38:43.945 [main] INFO  c.gettingstarted.TimedLogic - [TIMEDLOGIC] Market is open
03:38:43.945 [main] INFO  c.gettingstarted.MyAlgoLogic - [MYALGO] Adding order for100@98
03:38:43.945 [main] INFO  c.gettingstarted.MyAlgoLogic - [Sheza6] markets monitor size is 0
03:38:43.945 [main] INFO  c.container.Actioner - [ALGO] Actioner, sending action:CreateChildOrder(side=BUY,quantity=100,price=98)
03:38:43.945 [main] INFO  c.sequencer.consumer.LoggingConsumer - [29] [CreateOrder](sbeTemplateId=4|sbeSchemaId=2|sbeSchemaVersion=0|sbeBlockLength=33):instrumentId=0|price=98|quantity=100|side=BUY|orderId=29
03:38:43.945 [main] INFO  c.gettingstarted.MyAlgoLogic - [MYALGO] The state of the order book is:
|----BID-----||----ASK----|
   101 @ 100    100 @ 98
   200 @ 110    200 @ 95
  5000 @ 115    300 @ 91
|------------||-----------|

03:38:43.945 [main] INFO  c.gettingstarted.MyAlgoLogic - [MYALGO] Algo Sees Book as: 
|----BID-----||----ASK----|
   101 @ 100    100 @ 98
   200 @ 110    200 @ 95
  5000 @ 115    300 @ 91
|------------||-----------|

03:38:43.945 [main] INFO  c.gettingstarted.MyAlgoLogic - [MYALGO] Initial quantity100 price 98
03:38:43.945 [main] INFO  c.gettingstarted.TimedLogic - [TIMEDLOGIC] Market is open
03:38:43.945 [main] INFO  c.gettingstarted.MyAlgoLogic - [MYALGO] Adding order for100@98
03:38:43.945 [main] INFO  c.gettingstarted.MyAlgoLogic - [Sheza6] markets monitor size is 0
03:38:43.945 [main] INFO  c.container.Actioner - [ALGO] Actioner, sending action:CreateChildOrder(side=BUY,quantity=100,price=98)
03:38:43.945 [main] INFO  c.sequencer.consumer.LoggingConsumer - [30] [CreateOrder](sbeTemplateId=4|sbeSchemaId=2|sbeSchemaVersion=0|sbeBlockLength=33):instrumentId=0|price=98|quantity=100|side=BUY|orderId=30
03:38:43.945 [main] INFO  c.gettingstarted.MyAlgoLogic - [MYALGO] The state of the order book is:
|----BID-----||----ASK----|
   101 @ 100    100 @ 98
   200 @ 110    200 @ 95
  5000 @ 115    300 @ 91
|------------||-----------|

03:38:43.945 [main] INFO  c.gettingstarted.MyAlgoLogic - [MYALGO] Algo Sees Book as: 
|----BID-----||----ASK----|
   101 @ 100    100 @ 98
   200 @ 110    200 @ 95
  5000 @ 115    300 @ 91
|------------||-----------|

03:38:43.945 [main] INFO  c.gettingstarted.MyAlgoLogic - [MYALGO] Initial quantity100 price 98
03:38:43.945 [main] INFO  c.gettingstarted.TimedLogic - [TIMEDLOGIC] Market is open
03:38:43.945 [main] INFO  c.gettingstarted.MyAlgoLogic - [MYALGO] Adding order for100@98
03:38:43.945 [main] INFO  c.gettingstarted.MyAlgoLogic - [Sheza6] markets monitor size is 0
03:38:43.945 [main] INFO  c.container.Actioner - [ALGO] Actioner, sending action:CreateChildOrder(side=BUY,quantity=100,price=98)
03:38:43.945 [main] INFO  c.sequencer.consumer.LoggingConsumer - [31] [CreateOrder](sbeTemplateId=4|sbeSchemaId=2|sbeSchemaVersion=0|sbeBlockLength=33):instrumentId=0|price=98|quantity=100|side=BUY|orderId=31
03:38:43.945 [main] INFO  c.gettingstarted.MyAlgoLogic - [MYALGO] The state of the order book is:
|----BID-----||----ASK----|
   101 @ 100    100 @ 98
   200 @ 110    200 @ 95
  5000 @ 115    300 @ 91
|------------||-----------|

03:38:43.945 [main] INFO  c.gettingstarted.MyAlgoLogic - [MYALGO] Algo Sees Book as: 
|----BID-----||----ASK----|
   101 @ 100    100 @ 98
   200 @ 110    200 @ 95
  5000 @ 115    300 @ 91
|------------||-----------|

03:38:43.946 [main] INFO  c.gettingstarted.MyAlgoLogic - [MYALGO] Initial quantity100 price 98
03:38:43.946 [main] INFO  c.gettingstarted.TimedLogic - [TIMEDLOGIC] Market is open
03:38:43.946 [main] INFO  c.gettingstarted.MyAlgoLogic - [MYALGO] Adding order for100@98
03:38:43.946 [main] INFO  c.gettingstarted.MyAlgoLogic - [Sheza6] markets monitor size is 0
03:38:43.946 [main] INFO  c.container.Actioner - [ALGO] Actioner, sending action:CreateChildOrder(side=BUY,quantity=100,price=98)
03:38:43.946 [main] INFO  c.sequencer.consumer.LoggingConsumer - [32] [CreateOrder](sbeTemplateId=4|sbeSchemaId=2|sbeSchemaVersion=0|sbeBlockLength=33):instrumentId=0|price=98|quantity=100|side=BUY|orderId=32
03:38:43.946 [main] INFO  c.gettingstarted.MyAlgoLogic - [MYALGO] The state of the order book is:
|----BID-----||----ASK----|
   101 @ 100    100 @ 98
   200 @ 110    200 @ 95
  5000 @ 115    300 @ 91
|------------||-----------|

03:38:43.946 [main] INFO  c.gettingstarted.MyAlgoLogic - [MYALGO] Algo Sees Book as: 
|----BID-----||----ASK----|
   101 @ 100    100 @ 98
   200 @ 110    200 @ 95
  5000 @ 115    300 @ 91
|------------||-----------|

03:38:43.946 [main] INFO  c.gettingstarted.MyAlgoLogic - [MYALGO] Initial quantity100 price 98
03:38:43.946 [main] INFO  c.gettingstarted.TimedLogic - [TIMEDLOGIC] Market is open
03:38:43.946 [main] INFO  c.gettingstarted.MyAlgoLogic - [MYALGO] Adding order for100@98
03:38:43.946 [main] INFO  c.gettingstarted.MyAlgoLogic - [Sheza6] markets monitor size is 0
03:38:43.946 [main] INFO  c.container.Actioner - [ALGO] Actioner, sending action:CreateChildOrder(side=BUY,quantity=100,price=98)
03:38:43.946 [main] INFO  c.sequencer.consumer.LoggingConsumer - [33] [CreateOrder](sbeTemplateId=4|sbeSchemaId=2|sbeSchemaVersion=0|sbeBlockLength=33):instrumentId=0|price=98|quantity=100|side=BUY|orderId=33
03:38:43.946 [main] INFO  c.gettingstarted.MyAlgoLogic - [MYALGO] The state of the order book is:
|----BID-----||----ASK----|
   101 @ 100    100 @ 98
   200 @ 110    200 @ 95
  5000 @ 115    300 @ 91
|------------||-----------|

03:38:43.946 [main] INFO  c.gettingstarted.MyAlgoLogic - [MYALGO] Algo Sees Book as: 
|----BID-----||----ASK----|
   101 @ 100    100 @ 98
   200 @ 110    200 @ 95
  5000 @ 115    300 @ 91
|------------||-----------|

03:38:43.946 [main] INFO  c.gettingstarted.MyAlgoLogic - [MYALGO] Initial quantity100 price 98
03:38:43.946 [main] INFO  c.gettingstarted.TimedLogic - [TIMEDLOGIC] Market is open
03:38:43.947 [main] INFO  c.gettingstarted.MyAlgoLogic - [MYALGO] Adding order for100@98
03:38:43.947 [main] INFO  c.gettingstarted.MyAlgoLogic - [Sheza6] markets monitor size is 0
03:38:43.947 [main] INFO  c.container.Actioner - [ALGO] Actioner, sending action:CreateChildOrder(side=BUY,quantity=100,price=98)
03:38:43.947 [main] INFO  c.sequencer.consumer.LoggingConsumer - [34] [CreateOrder](sbeTemplateId=4|sbeSchemaId=2|sbeSchemaVersion=0|sbeBlockLength=33):instrumentId=0|price=98|quantity=100|side=BUY|orderId=34
03:38:43.947 [main] INFO  c.gettingstarted.MyAlgoLogic - [MYALGO] The state of the order book is:
|----BID-----||----ASK----|
   101 @ 100    100 @ 98
   200 @ 110    200 @ 95
  5000 @ 115    300 @ 91
|------------||-----------|

03:38:43.947 [main] INFO  c.gettingstarted.MyAlgoLogic - [MYALGO] Algo Sees Book as: 
|----BID-----||----ASK----|
   101 @ 100    100 @ 98
   200 @ 110    200 @ 95
  5000 @ 115    300 @ 91
|------------||-----------|

03:38:43.947 [main] INFO  c.gettingstarted.MyAlgoLogic - [MYALGO] Initial quantity100 price 98
03:38:43.947 [main] INFO  c.gettingstarted.TimedLogic - [TIMEDLOGIC] Market is open
03:38:43.947 [main] INFO  c.gettingstarted.MyAlgoLogic - [MYALGO] Adding order for100@98
03:38:43.947 [main] INFO  c.gettingstarted.MyAlgoLogic - [Sheza6] markets monitor size is 0
03:38:43.947 [main] INFO  c.container.Actioner - [ALGO] Actioner, sending action:CreateChildOrder(side=BUY,quantity=100,price=98)
03:38:43.947 [main] INFO  c.sequencer.consumer.LoggingConsumer - [35] [CreateOrder](sbeTemplateId=4|sbeSchemaId=2|sbeSchemaVersion=0|sbeBlockLength=33):instrumentId=0|price=98|quantity=100|side=BUY|orderId=35
03:38:43.947 [main] INFO  c.gettingstarted.MyAlgoLogic - [MYALGO] The state of the order book is:
|----BID-----||----ASK----|
   101 @ 100    100 @ 98
   200 @ 110    200 @ 95
  5000 @ 115    300 @ 91
|------------||-----------|

03:38:43.947 [main] INFO  c.gettingstarted.MyAlgoLogic - [MYALGO] Algo Sees Book as: 
|----BID-----||----ASK----|
   101 @ 100    100 @ 98
   200 @ 110    200 @ 95
  5000 @ 115    300 @ 91
|------------||-----------|

03:38:43.947 [main] INFO  c.gettingstarted.MyAlgoLogic - [MYALGO] Initial quantity100 price 98
03:38:43.947 [main] INFO  c.gettingstarted.TimedLogic - [TIMEDLOGIC] Market is open
03:38:43.947 [main] INFO  c.gettingstarted.MyAlgoLogic - [MYALGO] Adding order for100@98
03:38:43.947 [main] INFO  c.gettingstarted.MyAlgoLogic - [Sheza6] markets monitor size is 0
03:38:43.947 [main] INFO  c.container.Actioner - [ALGO] Actioner, sending action:CreateChildOrder(side=BUY,quantity=100,price=98)
03:38:43.947 [main] INFO  c.sequencer.consumer.LoggingConsumer - [36] [CreateOrder](sbeTemplateId=4|sbeSchemaId=2|sbeSchemaVersion=0|sbeBlockLength=33):instrumentId=0|price=98|quantity=100|side=BUY|orderId=36
03:38:43.947 [main] INFO  c.gettingstarted.MyAlgoLogic - [MYALGO] The state of the order book is:
|----BID-----||----ASK----|
   101 @ 100    100 @ 98
   200 @ 110    200 @ 95
  5000 @ 115    300 @ 91
|------------||-----------|

03:38:43.947 [main] INFO  c.gettingstarted.MyAlgoLogic - [MYALGO] Algo Sees Book as: 
|----BID-----||----ASK----|
   101 @ 100    100 @ 98
   200 @ 110    200 @ 95
  5000 @ 115    300 @ 91
|------------||-----------|

03:38:43.947 [main] INFO  c.gettingstarted.MyAlgoLogic - [MYALGO] Initial quantity100 price 98
03:38:43.947 [main] INFO  c.gettingstarted.TimedLogic - [TIMEDLOGIC] Market is open
03:38:43.948 [main] INFO  c.gettingstarted.MyAlgoLogic - [MYALGO] Adding order for100@98
03:38:43.948 [main] INFO  c.gettingstarted.MyAlgoLogic - [Sheza6] markets monitor size is 0
03:38:43.948 [main] INFO  c.container.Actioner - [ALGO] Actioner, sending action:CreateChildOrder(side=BUY,quantity=100,price=98)
03:38:43.948 [main] INFO  c.sequencer.consumer.LoggingConsumer - [37] [CreateOrder](sbeTemplateId=4|sbeSchemaId=2|sbeSchemaVersion=0|sbeBlockLength=33):instrumentId=0|price=98|quantity=100|side=BUY|orderId=37
03:38:43.948 [main] INFO  c.gettingstarted.MyAlgoLogic - [MYALGO] The state of the order book is:
|----BID-----||----ASK----|
   101 @ 100    100 @ 98
   200 @ 110    200 @ 95
  5000 @ 115    300 @ 91
|------------||-----------|

03:38:43.948 [main] INFO  c.gettingstarted.MyAlgoLogic - [MYALGO] Algo Sees Book as: 
|----BID-----||----ASK----|
   101 @ 100    100 @ 98
   200 @ 110    200 @ 95
  5000 @ 115    300 @ 91
|------------||-----------|

03:38:43.948 [main] INFO  c.gettingstarted.MyAlgoLogic - [MYALGO] Initial quantity100 price 98
03:38:43.948 [main] INFO  c.gettingstarted.TimedLogic - [TIMEDLOGIC] Market is open
03:38:43.949 [main] INFO  c.gettingstarted.MyAlgoLogic - [MYALGO] Adding order for100@98
03:38:43.949 [main] INFO  c.gettingstarted.MyAlgoLogic - [Sheza6] markets monitor size is 0
03:38:43.949 [main] INFO  c.container.Actioner - [ALGO] Actioner, sending action:CreateChildOrder(side=BUY,quantity=100,price=98)
03:38:43.949 [main] INFO  c.sequencer.consumer.LoggingConsumer - [38] [CreateOrder](sbeTemplateId=4|sbeSchemaId=2|sbeSchemaVersion=0|sbeBlockLength=33):instrumentId=0|price=98|quantity=100|side=BUY|orderId=38
03:38:43.949 [main] INFO  c.gettingstarted.MyAlgoLogic - [MYALGO] The state of the order book is:
|----BID-----||----ASK----|
   101 @ 100    100 @ 98
   200 @ 110    200 @ 95
  5000 @ 115    300 @ 91
|------------||-----------|

03:38:43.949 [main] INFO  c.gettingstarted.MyAlgoLogic - [MYALGO] Algo Sees Book as: 
|----BID-----||----ASK----|
   101 @ 100    100 @ 98
   200 @ 110    200 @ 95
  5000 @ 115    300 @ 91
|------------||-----------|

03:38:43.949 [main] INFO  c.gettingstarted.MyAlgoLogic - [MYALGO] Initial quantity100 price 98
03:38:43.949 [main] INFO  c.gettingstarted.TimedLogic - [TIMEDLOGIC] Market is open
03:38:43.949 [main] INFO  c.gettingstarted.MyAlgoLogic - [MYALGO] Adding order for100@98
03:38:43.949 [main] INFO  c.gettingstarted.MyAlgoLogic - [Sheza6] markets monitor size is 0
03:38:43.949 [main] INFO  c.container.Actioner - [ALGO] Actioner, sending action:CreateChildOrder(side=BUY,quantity=100,price=98)
03:38:43.949 [main] INFO  c.sequencer.consumer.LoggingConsumer - [39] [CreateOrder](sbeTemplateId=4|sbeSchemaId=2|sbeSchemaVersion=0|sbeBlockLength=33):instrumentId=0|price=98|quantity=100|side=BUY|orderId=39
03:38:43.949 [main] INFO  c.gettingstarted.MyAlgoLogic - [MYALGO] The state of the order book is:
|----BID-----||----ASK----|
   101 @ 100    100 @ 98
   200 @ 110    200 @ 95
  5000 @ 115    300 @ 91
|------------||-----------|

03:38:43.949 [main] INFO  c.gettingstarted.MyAlgoLogic - [MYALGO] Algo Sees Book as: 
|----BID-----||----ASK----|
   101 @ 100    100 @ 98
   200 @ 110    200 @ 95
  5000 @ 115    300 @ 91
|------------||-----------|

03:38:43.949 [main] INFO  c.gettingstarted.MyAlgoLogic - [MYALGO] Initial quantity100 price 98
03:38:43.949 [main] INFO  c.gettingstarted.TimedLogic - [TIMEDLOGIC] Market is open
03:38:43.949 [main] INFO  c.gettingstarted.MyAlgoLogic - [MYALGO] Adding order for100@98
03:38:43.949 [main] INFO  c.gettingstarted.MyAlgoLogic - [Sheza6] markets monitor size is 0
03:38:43.949 [main] INFO  c.container.Actioner - [ALGO] Actioner, sending action:CreateChildOrder(side=BUY,quantity=100,price=98)
03:38:43.949 [main] INFO  c.sequencer.consumer.LoggingConsumer - [40] [CreateOrder](sbeTemplateId=4|sbeSchemaId=2|sbeSchemaVersion=0|sbeBlockLength=33):instrumentId=0|price=98|quantity=100|side=BUY|orderId=40
03:38:43.949 [main] INFO  c.gettingstarted.MyAlgoLogic - [MYALGO] The state of the order book is:
|----BID-----||----ASK----|
   101 @ 100    100 @ 98
   200 @ 110    200 @ 95
  5000 @ 115    300 @ 91
|------------||-----------|

03:38:43.949 [main] INFO  c.gettingstarted.MyAlgoLogic - [MYALGO] Algo Sees Book as: 
|----BID-----||----ASK----|
   101 @ 100    100 @ 98
   200 @ 110    200 @ 95
  5000 @ 115    300 @ 91
|------------||-----------|

03:38:43.950 [main] INFO  c.gettingstarted.MyAlgoLogic - [MYALGO] Initial quantity100 price 98
03:38:43.950 [main] INFO  c.gettingstarted.TimedLogic - [TIMEDLOGIC] Market is open
03:38:43.950 [main] INFO  c.gettingstarted.MyAlgoLogic - [MYALGO] Adding order for100@98
03:38:43.950 [main] INFO  c.gettingstarted.MyAlgoLogic - [Sheza6] markets monitor size is 0
03:38:43.950 [main] INFO  c.container.Actioner - [ALGO] Actioner, sending action:CreateChildOrder(side=BUY,quantity=100,price=98)
03:38:43.950 [main] INFO  c.sequencer.consumer.LoggingConsumer - [41] [CreateOrder](sbeTemplateId=4|sbeSchemaId=2|sbeSchemaVersion=0|sbeBlockLength=33):instrumentId=0|price=98|quantity=100|side=BUY|orderId=41
03:38:43.950 [main] INFO  c.gettingstarted.MyAlgoLogic - [MYALGO] The state of the order book is:
|----BID-----||----ASK----|
   101 @ 100    100 @ 98
   200 @ 110    200 @ 95
  5000 @ 115    300 @ 91
|------------||-----------|

03:38:43.950 [main] INFO  c.gettingstarted.MyAlgoLogic - [MYALGO] Algo Sees Book as: 
|----BID-----||----ASK----|
   101 @ 100    100 @ 98
   200 @ 110    200 @ 95
  5000 @ 115    300 @ 91
|------------||-----------|

03:38:43.950 [main] INFO  c.gettingstarted.MyAlgoLogic - [MYALGO] Initial quantity100 price 98
03:38:43.950 [main] INFO  c.gettingstarted.TimedLogic - [TIMEDLOGIC] Market is open
03:38:43.950 [main] INFO  c.gettingstarted.MyAlgoLogic - [MYALGO] Adding order for100@98
03:38:43.950 [main] INFO  c.gettingstarted.MyAlgoLogic - [Sheza6] markets monitor size is 0
03:38:43.950 [main] INFO  c.container.Actioner - [ALGO] Actioner, sending action:CreateChildOrder(side=BUY,quantity=100,price=98)
03:38:43.950 [main] INFO  c.sequencer.consumer.LoggingConsumer - [42] [CreateOrder](sbeTemplateId=4|sbeSchemaId=2|sbeSchemaVersion=0|sbeBlockLength=33):instrumentId=0|price=98|quantity=100|side=BUY|orderId=42
03:38:43.950 [main] INFO  c.gettingstarted.MyAlgoLogic - [MYALGO] The state of the order book is:
|----BID-----||----ASK----|
   101 @ 100    100 @ 98
   200 @ 110    200 @ 95
  5000 @ 115    300 @ 91
|------------||-----------|

03:38:43.950 [main] INFO  c.gettingstarted.MyAlgoLogic - [MYALGO] Algo Sees Book as: 
|----BID-----||----ASK----|
   101 @ 100    100 @ 98
   200 @ 110    200 @ 95
  5000 @ 115    300 @ 91
|------------||-----------|

03:38:43.950 [main] INFO  c.gettingstarted.MyAlgoLogic - [MYALGO] Initial quantity100 price 98
03:38:43.950 [main] INFO  c.gettingstarted.TimedLogic - [TIMEDLOGIC] Market is open
03:38:43.950 [main] INFO  c.gettingstarted.MyAlgoLogic - [MYALGO] Adding order for100@98
03:38:43.950 [main] INFO  c.gettingstarted.MyAlgoLogic - [Sheza6] markets monitor size is 0
03:38:43.950 [main] INFO  c.container.Actioner - [ALGO] Actioner, sending action:CreateChildOrder(side=BUY,quantity=100,price=98)
03:38:43.950 [main] INFO  c.sequencer.consumer.LoggingConsumer - [43] [CreateOrder](sbeTemplateId=4|sbeSchemaId=2|sbeSchemaVersion=0|sbeBlockLength=33):instrumentId=0|price=98|quantity=100|side=BUY|orderId=43
03:38:43.951 [main] INFO  c.gettingstarted.MyAlgoLogic - [MYALGO] The state of the order book is:
|----BID-----||----ASK----|
   101 @ 100    100 @ 98
   200 @ 110    200 @ 95
  5000 @ 115    300 @ 91
|------------||-----------|

03:38:43.951 [main] INFO  c.gettingstarted.MyAlgoLogic - [MYALGO] Algo Sees Book as: 
|----BID-----||----ASK----|
   101 @ 100    100 @ 98
   200 @ 110    200 @ 95
  5000 @ 115    300 @ 91
|------------||-----------|

03:38:43.951 [main] INFO  c.gettingstarted.MyAlgoLogic - [MYALGO] Initial quantity100 price 98
03:38:43.951 [main] INFO  c.gettingstarted.TimedLogic - [TIMEDLOGIC] Market is open
03:38:43.951 [main] INFO  c.gettingstarted.MyAlgoLogic - [MYALGO] Adding order for100@98
03:38:43.951 [main] INFO  c.gettingstarted.MyAlgoLogic - [Sheza6] markets monitor size is 0
03:38:43.951 [main] INFO  c.container.Actioner - [ALGO] Actioner, sending action:CreateChildOrder(side=BUY,quantity=100,price=98)
03:38:43.951 [main] INFO  c.sequencer.consumer.LoggingConsumer - [44] [CreateOrder](sbeTemplateId=4|sbeSchemaId=2|sbeSchemaVersion=0|sbeBlockLength=33):instrumentId=0|price=98|quantity=100|side=BUY|orderId=44
03:38:43.951 [main] INFO  c.gettingstarted.MyAlgoLogic - [MYALGO] The state of the order book is:
|----BID-----||----ASK----|
   101 @ 100    100 @ 98
   200 @ 110    200 @ 95
  5000 @ 115    300 @ 91
|------------||-----------|

03:38:43.951 [main] INFO  c.gettingstarted.MyAlgoLogic - [MYALGO] Algo Sees Book as: 
|----BID-----||----ASK----|
   101 @ 100    100 @ 98
   200 @ 110    200 @ 95
  5000 @ 115    300 @ 91
|------------||-----------|

03:38:43.951 [main] INFO  c.gettingstarted.MyAlgoLogic - [MYALGO] Initial quantity100 price 98
03:38:43.951 [main] INFO  c.gettingstarted.TimedLogic - [TIMEDLOGIC] Market is open
03:38:43.951 [main] INFO  c.gettingstarted.MyAlgoLogic - [MYALGO] Adding order for100@98
03:38:43.951 [main] INFO  c.gettingstarted.MyAlgoLogic - [Sheza6] markets monitor size is 0
03:38:43.951 [main] INFO  c.container.Actioner - [ALGO] Actioner, sending action:CreateChildOrder(side=BUY,quantity=100,price=98)
03:38:43.952 [main] INFO  c.sequencer.consumer.LoggingConsumer - [45] [CreateOrder](sbeTemplateId=4|sbeSchemaId=2|sbeSchemaVersion=0|sbeBlockLength=33):instrumentId=0|price=98|quantity=100|side=BUY|orderId=45
03:38:43.952 [main] INFO  c.gettingstarted.MyAlgoLogic - [MYALGO] The state of the order book is:
|----BID-----||----ASK----|
   101 @ 100    100 @ 98
   200 @ 110    200 @ 95
  5000 @ 115    300 @ 91
|------------||-----------|

03:38:43.952 [main] INFO  c.gettingstarted.MyAlgoLogic - [MYALGO] Algo Sees Book as: 
|----BID-----||----ASK----|
   101 @ 100    100 @ 98
   200 @ 110    200 @ 95
  5000 @ 115    300 @ 91
|------------||-----------|

03:38:43.952 [main] INFO  c.gettingstarted.MyAlgoLogic - [MYALGO] Initial quantity100 price 98
03:38:43.952 [main] INFO  c.gettingstarted.TimedLogic - [TIMEDLOGIC] Market is open
03:38:43.952 [main] INFO  c.gettingstarted.MyAlgoLogic - [MYALGO] Adding order for100@98
03:38:43.952 [main] INFO  c.gettingstarted.MyAlgoLogic - [Sheza6] markets monitor size is 0
03:38:43.952 [main] INFO  c.container.Actioner - [ALGO] Actioner, sending action:CreateChildOrder(side=BUY,quantity=100,price=98)
03:38:43.952 [main] INFO  c.sequencer.consumer.LoggingConsumer - [46] [CreateOrder](sbeTemplateId=4|sbeSchemaId=2|sbeSchemaVersion=0|sbeBlockLength=33):instrumentId=0|price=98|quantity=100|side=BUY|orderId=46
03:38:43.952 [main] INFO  c.gettingstarted.MyAlgoLogic - [MYALGO] The state of the order book is:
|----BID-----||----ASK----|
   101 @ 100    100 @ 98
   200 @ 110    200 @ 95
  5000 @ 115    300 @ 91
|------------||-----------|

03:38:43.952 [main] INFO  c.gettingstarted.MyAlgoLogic - [MYALGO] Algo Sees Book as: 
|----BID-----||----ASK----|
   101 @ 100    100 @ 98
   200 @ 110    200 @ 95
  5000 @ 115    300 @ 91
|------------||-----------|

03:38:43.952 [main] INFO  c.gettingstarted.MyAlgoLogic - [MYALGO] Initial quantity100 price 98
03:38:43.952 [main] INFO  c.gettingstarted.TimedLogic - [TIMEDLOGIC] Market is open
03:38:43.953 [main] INFO  c.gettingstarted.MyAlgoLogic - [MYALGO] Adding order for100@98
03:38:43.953 [main] INFO  c.gettingstarted.MyAlgoLogic - [Sheza6] markets monitor size is 0
03:38:43.953 [main] INFO  c.container.Actioner - [ALGO] Actioner, sending action:CreateChildOrder(side=BUY,quantity=100,price=98)
03:38:43.953 [main] INFO  c.sequencer.consumer.LoggingConsumer - [47] [CreateOrder](sbeTemplateId=4|sbeSchemaId=2|sbeSchemaVersion=0|sbeBlockLength=33):instrumentId=0|price=98|quantity=100|side=BUY|orderId=47
03:38:43.953 [main] INFO  c.gettingstarted.MyAlgoLogic - [MYALGO] The state of the order book is:
|----BID-----||----ASK----|
   101 @ 100    100 @ 98
   200 @ 110    200 @ 95
  5000 @ 115    300 @ 91
|------------||-----------|

03:38:43.953 [main] INFO  c.gettingstarted.MyAlgoLogic - [MYALGO] Algo Sees Book as: 
|----BID-----||----ASK----|
   101 @ 100    100 @ 98
   200 @ 110    200 @ 95
  5000 @ 115    300 @ 91
|------------||-----------|

03:38:43.953 [main] INFO  c.gettingstarted.MyAlgoLogic - [MYALGO] Initial quantity100 price 98
03:38:43.953 [main] INFO  c.gettingstarted.TimedLogic - [TIMEDLOGIC] Market is open
03:38:43.953 [main] INFO  c.gettingstarted.MyAlgoLogic - [MYALGO] Adding order for100@98
03:38:43.953 [main] INFO  c.gettingstarted.MyAlgoLogic - [Sheza6] markets monitor size is 0
03:38:43.953 [main] INFO  c.container.Actioner - [ALGO] Actioner, sending action:CreateChildOrder(side=BUY,quantity=100,price=98)
03:38:43.953 [main] INFO  c.sequencer.consumer.LoggingConsumer - [48] [CreateOrder](sbeTemplateId=4|sbeSchemaId=2|sbeSchemaVersion=0|sbeBlockLength=33):instrumentId=0|price=98|quantity=100|side=BUY|orderId=48
03:38:43.953 [main] INFO  c.gettingstarted.MyAlgoLogic - [MYALGO] The state of the order book is:
|----BID-----||----ASK----|
   101 @ 100    100 @ 98
   200 @ 110    200 @ 95
  5000 @ 115    300 @ 91
|------------||-----------|

03:38:43.953 [main] INFO  c.gettingstarted.MyAlgoLogic - [MYALGO] Algo Sees Book as: 
|----BID-----||----ASK----|
   101 @ 100    100 @ 98
   200 @ 110    200 @ 95
  5000 @ 115    300 @ 91
|------------||-----------|

03:38:43.953 [main] INFO  c.gettingstarted.MyAlgoLogic - [MYALGO] Initial quantity100 price 98
03:38:43.953 [main] INFO  c.gettingstarted.TimedLogic - [TIMEDLOGIC] Market is open
03:38:43.953 [main] INFO  c.gettingstarted.MyAlgoLogic - [MYALGO] Adding order for100@98
03:38:43.953 [main] INFO  c.gettingstarted.MyAlgoLogic - [Sheza6] markets monitor size is 0
03:38:43.953 [main] INFO  c.container.Actioner - [ALGO] Actioner, sending action:CreateChildOrder(side=BUY,quantity=100,price=98)
03:38:43.953 [main] INFO  c.sequencer.consumer.LoggingConsumer - [49] [CreateOrder](sbeTemplateId=4|sbeSchemaId=2|sbeSchemaVersion=0|sbeBlockLength=33):instrumentId=0|price=98|quantity=100|side=BUY|orderId=49
03:38:43.953 [main] INFO  c.gettingstarted.MyAlgoLogic - [MYALGO] The state of the order book is:
|----BID-----||----ASK----|
   101 @ 100    100 @ 98
   200 @ 110    200 @ 95
  5000 @ 115    300 @ 91
|------------||-----------|

03:38:43.953 [main] INFO  c.gettingstarted.MyAlgoLogic - [MYALGO] Algo Sees Book as: 
|----BID-----||----ASK----|
   101 @ 100    100 @ 98
   200 @ 110    200 @ 95
  5000 @ 115    300 @ 91
|------------||-----------|

03:38:43.954 [main] INFO  c.gettingstarted.MyAlgoLogic - [MYALGO] Initial quantity100 price 98
03:38:43.954 [main] INFO  c.gettingstarted.TimedLogic - [TIMEDLOGIC] Market is open
03:38:43.954 [main] INFO  c.gettingstarted.MyAlgoLogic - [MYALGO] Adding order for100@98
03:38:43.954 [main] INFO  c.gettingstarted.MyAlgoLogic - [Sheza6] markets monitor size is 0
03:38:43.954 [main] INFO  c.container.Actioner - [ALGO] Actioner, sending action:CreateChildOrder(side=BUY,quantity=100,price=98)
03:38:43.954 [main] INFO  c.sequencer.consumer.LoggingConsumer - [50] [CreateOrder](sbeTemplateId=4|sbeSchemaId=2|sbeSchemaVersion=0|sbeBlockLength=33):instrumentId=0|price=98|quantity=100|side=BUY|orderId=50
03:38:43.954 [main] INFO  c.gettingstarted.MyAlgoLogic - [MYALGO] The state of the order book is:
|----BID-----||----ASK----|
   101 @ 100    100 @ 98
   200 @ 110    200 @ 95
  5000 @ 115    300 @ 91
|------------||-----------|

03:38:43.954 [main] INFO  c.gettingstarted.MyAlgoLogic - [MYALGO] Algo Sees Book as: 
|----BID-----||----ASK----|
   101 @ 100    100 @ 98
   200 @ 110    200 @ 95
  5000 @ 115    300 @ 91
|------------||-----------|

03:38:43.954 [main] INFO  c.gettingstarted.MyAlgoLogic - [MYALGO] Initial quantity100 price 98
03:38:43.954 [main] INFO  c.gettingstarted.TimedLogic - [TIMEDLOGIC] Market is open
03:38:43.954 [main] INFO  c.gettingstarted.MyAlgoLogic - [MYALGO] Adding order for100@98
03:38:43.954 [main] INFO  c.gettingstarted.MyAlgoLogic - [Sheza6] markets monitor size is 0
03:38:43.954 [main] INFO  c.container.Actioner - [ALGO] Actioner, sending action:CreateChildOrder(side=BUY,quantity=100,price=98)
03:38:43.954 [main] INFO  c.sequencer.consumer.LoggingConsumer - [51] [CreateOrder](sbeTemplateId=4|sbeSchemaId=2|sbeSchemaVersion=0|sbeBlockLength=33):instrumentId=0|price=98|quantity=100|side=BUY|orderId=51
03:38:43.954 [main] INFO  c.gettingstarted.MyAlgoLogic - [MYALGO] The state of the order book is:
|----BID-----||----ASK----|
   101 @ 100    100 @ 98
   200 @ 110    200 @ 95
  5000 @ 115    300 @ 91
|------------||-----------|

03:38:43.954 [main] INFO  c.gettingstarted.MyAlgoLogic - [MYALGO] Algo Sees Book as: 
|----BID-----||----ASK----|
   101 @ 100    100 @ 98
   200 @ 110    200 @ 95
  5000 @ 115    300 @ 91
|------------||-----------|

03:38:43.954 [main] INFO  c.gettingstarted.MyAlgoLogic - [MYALGO] Initial quantity100 price 98
03:38:43.954 [main] INFO  c.gettingstarted.TimedLogic - [TIMEDLOGIC] Market is open
03:38:43.954 [main] INFO  c.gettingstarted.MyAlgoLogic - [MYALGO] Adding order for100@98
03:38:43.955 [main] INFO  c.gettingstarted.MyAlgoLogic - [Sheza6] markets monitor size is 0
03:38:43.955 [main] INFO  c.container.Actioner - [ALGO] Actioner, sending action:CreateChildOrder(side=BUY,quantity=100,price=98)
03:38:43.955 [main] INFO  c.sequencer.consumer.LoggingConsumer - [52] [CreateOrder](sbeTemplateId=4|sbeSchemaId=2|sbeSchemaVersion=0|sbeBlockLength=33):instrumentId=0|price=98|quantity=100|side=BUY|orderId=52
03:38:43.955 [main] INFO  c.gettingstarted.MyAlgoLogic - [MYALGO] The state of the order book is:
|----BID-----||----ASK----|
   101 @ 100    100 @ 98
   200 @ 110    200 @ 95
  5000 @ 115    300 @ 91
|------------||-----------|

03:38:43.955 [main] INFO  c.gettingstarted.MyAlgoLogic - [MYALGO] Algo Sees Book as: 
|----BID-----||----ASK----|
   101 @ 100    100 @ 98
   200 @ 110    200 @ 95
  5000 @ 115    300 @ 91
|------------||-----------|

03:38:43.955 [main] INFO  c.gettingstarted.MyAlgoLogic - [MYALGO] Initial quantity100 price 98
03:38:43.955 [main] INFO  c.gettingstarted.TimedLogic - [TIMEDLOGIC] Market is open
03:38:43.955 [main] INFO  c.gettingstarted.MyAlgoLogic - [MYALGO] Adding order for100@98
03:38:43.955 [main] INFO  c.gettingstarted.MyAlgoLogic - [Sheza6] markets monitor size is 0
03:38:43.955 [main] INFO  c.container.Actioner - [ALGO] Actioner, sending action:CreateChildOrder(side=BUY,quantity=100,price=98)
03:38:43.955 [main] INFO  c.sequencer.consumer.LoggingConsumer - [53] [CreateOrder](sbeTemplateId=4|sbeSchemaId=2|sbeSchemaVersion=0|sbeBlockLength=33):instrumentId=0|price=98|quantity=100|side=BUY|orderId=53
03:38:43.955 [main] INFO  c.gettingstarted.MyAlgoLogic - [MYALGO] The state of the order book is:
|----BID-----||----ASK----|
   101 @ 100    100 @ 98
   200 @ 110    200 @ 95
  5000 @ 115    300 @ 91
|------------||-----------|

03:38:43.955 [main] INFO  c.gettingstarted.MyAlgoLogic - [MYALGO] Algo Sees Book as: 
|----BID-----||----ASK----|
   101 @ 100    100 @ 98
   200 @ 110    200 @ 95
  5000 @ 115    300 @ 91
|------------||-----------|

03:38:43.955 [main] INFO  c.gettingstarted.MyAlgoLogic - [MYALGO] Initial quantity100 price 98
03:38:43.955 [main] INFO  c.gettingstarted.TimedLogic - [TIMEDLOGIC] Market is open
03:38:43.955 [main] INFO  c.gettingstarted.MyAlgoLogic - [MYALGO] Adding order for100@98
03:38:43.955 [main] INFO  c.gettingstarted.MyAlgoLogic - [Sheza6] markets monitor size is 0
03:38:43.955 [main] INFO  c.container.Actioner - [ALGO] Actioner, sending action:CreateChildOrder(side=BUY,quantity=100,price=98)
03:38:43.955 [main] INFO  c.sequencer.consumer.LoggingConsumer - [54] [CreateOrder](sbeTemplateId=4|sbeSchemaId=2|sbeSchemaVersion=0|sbeBlockLength=33):instrumentId=0|price=98|quantity=100|side=BUY|orderId=54
03:38:43.955 [main] INFO  c.gettingstarted.MyAlgoLogic - [MYALGO] The state of the order book is:
|----BID-----||----ASK----|
   101 @ 100    100 @ 98
   200 @ 110    200 @ 95
  5000 @ 115    300 @ 91
|------------||-----------|

03:38:43.955 [main] INFO  c.gettingstarted.MyAlgoLogic - [MYALGO] Algo Sees Book as: 
|----BID-----||----ASK----|
   101 @ 100    100 @ 98
   200 @ 110    200 @ 95
  5000 @ 115    300 @ 91
|------------||-----------|

03:38:43.955 [main] INFO  c.gettingstarted.MyAlgoLogic - [MYALGO] Initial quantity100 price 98
03:38:43.955 [main] INFO  c.gettingstarted.TimedLogic - [TIMEDLOGIC] Market is open
03:38:43.956 [main] INFO  c.gettingstarted.MyAlgoLogic - [MYALGO] Adding order for100@98
03:38:43.956 [main] INFO  c.gettingstarted.MyAlgoLogic - [Sheza6] markets monitor size is 0
03:38:43.956 [main] INFO  c.container.Actioner - [ALGO] Actioner, sending action:CreateChildOrder(side=BUY,quantity=100,price=98)
03:38:43.956 [main] INFO  c.sequencer.consumer.LoggingConsumer - [55] [CreateOrder](sbeTemplateId=4|sbeSchemaId=2|sbeSchemaVersion=0|sbeBlockLength=33):instrumentId=0|price=98|quantity=100|side=BUY|orderId=55
03:38:43.956 [main] INFO  c.gettingstarted.MyAlgoLogic - [MYALGO] The state of the order book is:
|----BID-----||----ASK----|
   101 @ 100    100 @ 98
   200 @ 110    200 @ 95
  5000 @ 115    300 @ 91
|------------||-----------|

03:38:43.956 [main] INFO  c.gettingstarted.MyAlgoLogic - [MYALGO] Algo Sees Book as: 
|----BID-----||----ASK----|
   101 @ 100    100 @ 98
   200 @ 110    200 @ 95
  5000 @ 115    300 @ 91
|------------||-----------|

03:38:43.956 [main] INFO  c.gettingstarted.MyAlgoLogic - [MYALGO] Initial quantity100 price 98
03:38:43.956 [main] INFO  c.gettingstarted.TimedLogic - [TIMEDLOGIC] Market is open
03:38:43.956 [main] INFO  c.gettingstarted.MyAlgoLogic - [MYALGO] Adding order for100@98
03:38:43.956 [main] INFO  c.gettingstarted.MyAlgoLogic - [Sheza6] markets monitor size is 0
03:38:43.956 [main] INFO  c.container.Actioner - [ALGO] Actioner, sending action:CreateChildOrder(side=BUY,quantity=100,price=98)
03:38:43.956 [main] INFO  c.sequencer.consumer.LoggingConsumer - [56] [CreateOrder](sbeTemplateId=4|sbeSchemaId=2|sbeSchemaVersion=0|sbeBlockLength=33):instrumentId=0|price=98|quantity=100|side=BUY|orderId=56
03:38:43.956 [main] INFO  c.gettingstarted.MyAlgoLogic - [MYALGO] The state of the order book is:
|----BID-----||----ASK----|
   101 @ 100    100 @ 98
   200 @ 110    200 @ 95
  5000 @ 115    300 @ 91
|------------||-----------|

03:38:43.956 [main] INFO  c.gettingstarted.MyAlgoLogic - [MYALGO] Algo Sees Book as: 
|----BID-----||----ASK----|
   101 @ 100    100 @ 98
   200 @ 110    200 @ 95
  5000 @ 115    300 @ 91
|------------||-----------|

03:38:43.956 [main] INFO  c.gettingstarted.MyAlgoLogic - [MYALGO] Initial quantity100 price 98
03:38:43.956 [main] INFO  c.gettingstarted.TimedLogic - [TIMEDLOGIC] Market is open
03:38:43.956 [main] INFO  c.gettingstarted.MyAlgoLogic - [MYALGO] Adding order for100@98
03:38:43.956 [main] INFO  c.gettingstarted.MyAlgoLogic - [Sheza6] markets monitor size is 0
03:38:43.956 [main] INFO  c.container.Actioner - [ALGO] Actioner, sending action:CreateChildOrder(side=BUY,quantity=100,price=98)
03:38:43.956 [main] INFO  c.sequencer.consumer.LoggingConsumer - [57] [CreateOrder](sbeTemplateId=4|sbeSchemaId=2|sbeSchemaVersion=0|sbeBlockLength=33):instrumentId=0|price=98|quantity=100|side=BUY|orderId=57
03:38:43.957 [main] INFO  c.gettingstarted.MyAlgoLogic - [MYALGO] The state of the order book is:
|----BID-----||----ASK----|
   101 @ 100    100 @ 98
   200 @ 110    200 @ 95
  5000 @ 115    300 @ 91
|------------||-----------|

03:38:43.957 [main] INFO  c.gettingstarted.MyAlgoLogic - [MYALGO] Algo Sees Book as: 
|----BID-----||----ASK----|
   101 @ 100    100 @ 98
   200 @ 110    200 @ 95
  5000 @ 115    300 @ 91
|------------||-----------|

03:38:43.957 [main] INFO  c.gettingstarted.MyAlgoLogic - [MYALGO] Initial quantity100 price 98
03:38:43.957 [main] INFO  c.gettingstarted.TimedLogic - [TIMEDLOGIC] Market is open
03:38:43.957 [main] INFO  c.gettingstarted.MyAlgoLogic - [MYALGO] Adding order for100@98
03:38:43.957 [main] INFO  c.gettingstarted.MyAlgoLogic - [Sheza6] markets monitor size is 0
03:38:43.957 [main] INFO  c.container.Actioner - [ALGO] Actioner, sending action:CreateChildOrder(side=BUY,quantity=100,price=98)
03:38:43.957 [main] INFO  c.sequencer.consumer.LoggingConsumer - [58] [CreateOrder](sbeTemplateId=4|sbeSchemaId=2|sbeSchemaVersion=0|sbeBlockLength=33):instrumentId=0|price=98|quantity=100|side=BUY|orderId=58
03:38:43.957 [main] INFO  c.gettingstarted.MyAlgoLogic - [MYALGO] The state of the order book is:
|----BID-----||----ASK----|
   101 @ 100    100 @ 98
   200 @ 110    200 @ 95
  5000 @ 115    300 @ 91
|------------||-----------|

03:38:43.957 [main] INFO  c.gettingstarted.MyAlgoLogic - [MYALGO] Algo Sees Book as: 
|----BID-----||----ASK----|
   101 @ 100    100 @ 98
   200 @ 110    200 @ 95
  5000 @ 115    300 @ 91
|------------||-----------|

03:38:43.957 [main] INFO  c.gettingstarted.MyAlgoLogic - [MYALGO] Initial quantity100 price 98
03:38:43.957 [main] INFO  c.gettingstarted.TimedLogic - [TIMEDLOGIC] Market is open
03:38:43.957 [main] INFO  c.gettingstarted.MyAlgoLogic - [MYALGO] Adding order for100@98
03:38:43.957 [main] INFO  c.gettingstarted.MyAlgoLogic - [Sheza6] markets monitor size is 0
03:38:43.957 [main] INFO  c.container.Actioner - [ALGO] Actioner, sending action:CreateChildOrder(side=BUY,quantity=100,price=98)
03:38:43.957 [main] INFO  c.sequencer.consumer.LoggingConsumer - [59] [CreateOrder](sbeTemplateId=4|sbeSchemaId=2|sbeSchemaVersion=0|sbeBlockLength=33):instrumentId=0|price=98|quantity=100|side=BUY|orderId=59
03:38:43.957 [main] INFO  c.gettingstarted.MyAlgoLogic - [MYALGO] The state of the order book is:
|----BID-----||----ASK----|
   101 @ 100    100 @ 98
   200 @ 110    200 @ 95
  5000 @ 115    300 @ 91
|------------||-----------|

03:38:43.957 [main] INFO  c.gettingstarted.MyAlgoLogic - [MYALGO] Algo Sees Book as: 
|----BID-----||----ASK----|
   101 @ 100    100 @ 98
   200 @ 110    200 @ 95
  5000 @ 115    300 @ 91
|------------||-----------|

03:38:43.957 [main] INFO  c.gettingstarted.MyAlgoLogic - [MYALGO] Initial quantity100 price 98
03:38:43.957 [main] INFO  c.gettingstarted.TimedLogic - [TIMEDLOGIC] Market is open
03:38:43.958 [main] INFO  c.gettingstarted.MyAlgoLogic - [MYALGO] Adding order for100@98
03:38:43.958 [main] INFO  c.gettingstarted.MyAlgoLogic - [Sheza6] markets monitor size is 0
03:38:43.958 [main] INFO  c.container.Actioner - [ALGO] Actioner, sending action:CreateChildOrder(side=BUY,quantity=100,price=98)
03:38:43.958 [main] INFO  c.sequencer.consumer.LoggingConsumer - [60] [CreateOrder](sbeTemplateId=4|sbeSchemaId=2|sbeSchemaVersion=0|sbeBlockLength=33):instrumentId=0|price=98|quantity=100|side=BUY|orderId=60
03:38:43.958 [main] INFO  c.gettingstarted.MyAlgoLogic - [MYALGO] The state of the order book is:
|----BID-----||----ASK----|
   101 @ 100    100 @ 98
   200 @ 110    200 @ 95
  5000 @ 115    300 @ 91
|------------||-----------|

03:38:43.958 [main] INFO  c.gettingstarted.MyAlgoLogic - [MYALGO] Algo Sees Book as: 
|----BID-----||----ASK----|
   101 @ 100    100 @ 98
   200 @ 110    200 @ 95
  5000 @ 115    300 @ 91
|------------||-----------|

03:38:43.958 [main] INFO  c.gettingstarted.MyAlgoLogic - [MYALGO] Initial quantity100 price 98
03:38:43.958 [main] INFO  c.gettingstarted.TimedLogic - [TIMEDLOGIC] Market is open
03:38:43.958 [main] INFO  c.gettingstarted.MyAlgoLogic - [MYALGO] Adding order for100@98
03:38:43.958 [main] INFO  c.gettingstarted.MyAlgoLogic - [Sheza6] markets monitor size is 0
03:38:43.958 [main] INFO  c.container.Actioner - [ALGO] Actioner, sending action:CreateChildOrder(side=BUY,quantity=100,price=98)
03:38:43.958 [main] INFO  c.sequencer.consumer.LoggingConsumer - [61] [CreateOrder](sbeTemplateId=4|sbeSchemaId=2|sbeSchemaVersion=0|sbeBlockLength=33):instrumentId=0|price=98|quantity=100|side=BUY|orderId=61
03:38:43.958 [main] INFO  c.gettingstarted.MyAlgoLogic - [MYALGO] The state of the order book is:
|----BID-----||----ASK----|
   101 @ 100    100 @ 98
   200 @ 110    200 @ 95
  5000 @ 115    300 @ 91
|------------||-----------|

03:38:43.958 [main] INFO  c.gettingstarted.MyAlgoLogic - [MYALGO] Algo Sees Book as: 
|----BID-----||----ASK----|
   101 @ 100    100 @ 98
   200 @ 110    200 @ 95
  5000 @ 115    300 @ 91
|------------||-----------|

03:38:43.958 [main] INFO  c.gettingstarted.MyAlgoLogic - [MYALGO] Initial quantity100 price 98
03:38:43.958 [main] INFO  c.gettingstarted.TimedLogic - [TIMEDLOGIC] Market is open
03:38:43.958 [main] INFO  c.gettingstarted.MyAlgoLogic - [MYALGO] Adding order for100@98
03:38:43.958 [main] INFO  c.gettingstarted.MyAlgoLogic - [Sheza6] markets monitor size is 0
03:38:43.958 [main] INFO  c.container.Actioner - [ALGO] Actioner, sending action:CreateChildOrder(side=BUY,quantity=100,price=98)
03:38:43.958 [main] INFO  c.sequencer.consumer.LoggingConsumer - [62] [CreateOrder](sbeTemplateId=4|sbeSchemaId=2|sbeSchemaVersion=0|sbeBlockLength=33):instrumentId=0|price=98|quantity=100|side=BUY|orderId=62
03:38:43.958 [main] INFO  c.gettingstarted.MyAlgoLogic - [MYALGO] The state of the order book is:
|----BID-----||----ASK----|
   101 @ 100    100 @ 98
   200 @ 110    200 @ 95
  5000 @ 115    300 @ 91
|------------||-----------|

03:38:43.958 [main] INFO  c.gettingstarted.MyAlgoLogic - [MYALGO] Algo Sees Book as: 
|----BID-----||----ASK----|
   101 @ 100    100 @ 98
   200 @ 110    200 @ 95
  5000 @ 115    300 @ 91
|------------||-----------|

03:38:43.959 [main] INFO  c.gettingstarted.MyAlgoLogic - [MYALGO] Initial quantity100 price 98
03:38:43.959 [main] INFO  c.gettingstarted.TimedLogic - [TIMEDLOGIC] Market is open
03:38:43.959 [main] INFO  c.gettingstarted.MyAlgoLogic - [MYALGO] Adding order for100@98
03:38:43.959 [main] INFO  c.gettingstarted.MyAlgoLogic - [Sheza6] markets monitor size is 0
03:38:43.959 [main] INFO  c.container.Actioner - [ALGO] Actioner, sending action:CreateChildOrder(side=BUY,quantity=100,price=98)
03:38:43.959 [main] INFO  c.sequencer.consumer.LoggingConsumer - [63] [CreateOrder](sbeTemplateId=4|sbeSchemaId=2|sbeSchemaVersion=0|sbeBlockLength=33):instrumentId=0|price=98|quantity=100|side=BUY|orderId=63
03:38:43.959 [main] INFO  c.gettingstarted.MyAlgoLogic - [MYALGO] The state of the order book is:
|----BID-----||----ASK----|
   101 @ 100    100 @ 98
   200 @ 110    200 @ 95
  5000 @ 115    300 @ 91
|------------||-----------|

03:38:43.959 [main] INFO  c.gettingstarted.MyAlgoLogic - [MYALGO] Algo Sees Book as: 
|----BID-----||----ASK----|
   101 @ 100    100 @ 98
   200 @ 110    200 @ 95
  5000 @ 115    300 @ 91
|------------||-----------|

03:38:43.959 [main] INFO  c.gettingstarted.MyAlgoLogic - [MYALGO] Initial quantity100 price 98
03:38:43.959 [main] INFO  c.gettingstarted.TimedLogic - [TIMEDLOGIC] Market is open
03:38:43.959 [main] INFO  c.gettingstarted.MyAlgoLogic - [MYALGO] Adding order for100@98
03:38:43.959 [main] INFO  c.gettingstarted.MyAlgoLogic - [Sheza6] markets monitor size is 0
03:38:43.959 [main] INFO  c.container.Actioner - [ALGO] Actioner, sending action:CreateChildOrder(side=BUY,quantity=100,price=98)
03:38:43.959 [main] INFO  c.sequencer.consumer.LoggingConsumer - [64] [CreateOrder](sbeTemplateId=4|sbeSchemaId=2|sbeSchemaVersion=0|sbeBlockLength=33):instrumentId=0|price=98|quantity=100|side=BUY|orderId=64
03:38:43.959 [main] INFO  c.gettingstarted.MyAlgoLogic - [MYALGO] The state of the order book is:
|----BID-----||----ASK----|
   101 @ 100    100 @ 98
   200 @ 110    200 @ 95
  5000 @ 115    300 @ 91
|------------||-----------|

03:38:43.959 [main] INFO  c.gettingstarted.MyAlgoLogic - [MYALGO] Algo Sees Book as: 
|----BID-----||----ASK----|
   101 @ 100    100 @ 98
   200 @ 110    200 @ 95
  5000 @ 115    300 @ 91
|------------||-----------|

03:38:43.960 [main] INFO  c.gettingstarted.MyAlgoLogic - [MYALGO] Initial quantity100 price 98
03:38:43.960 [main] INFO  c.gettingstarted.TimedLogic - [TIMEDLOGIC] Market is open
03:38:43.960 [main] INFO  c.gettingstarted.MyAlgoLogic - [MYALGO] Adding order for100@98
03:38:43.960 [main] INFO  c.gettingstarted.MyAlgoLogic - [Sheza6] markets monitor size is 0
03:38:43.960 [main] INFO  c.container.Actioner - [ALGO] Actioner, sending action:CreateChildOrder(side=BUY,quantity=100,price=98)
03:38:43.960 [main] INFO  c.sequencer.consumer.LoggingConsumer - [65] [CreateOrder](sbeTemplateId=4|sbeSchemaId=2|sbeSchemaVersion=0|sbeBlockLength=33):instrumentId=0|price=98|quantity=100|side=BUY|orderId=65
03:38:43.960 [main] INFO  c.gettingstarted.MyAlgoLogic - [MYALGO] The state of the order book is:
|----BID-----||----ASK----|
   101 @ 100    100 @ 98
   200 @ 110    200 @ 95
  5000 @ 115    300 @ 91
|------------||-----------|

03:38:43.960 [main] INFO  c.gettingstarted.MyAlgoLogic - [MYALGO] Algo Sees Book as: 
|----BID-----||----ASK----|
   101 @ 100    100 @ 98
   200 @ 110    200 @ 95
  5000 @ 115    300 @ 91
|------------||-----------|

03:38:43.960 [main] INFO  c.gettingstarted.MyAlgoLogic - [MYALGO] Initial quantity100 price 98
03:38:43.960 [main] INFO  c.gettingstarted.TimedLogic - [TIMEDLOGIC] Market is open
03:38:43.960 [main] INFO  c.gettingstarted.MyAlgoLogic - [MYALGO] Adding order for100@98
03:38:43.960 [main] INFO  c.gettingstarted.MyAlgoLogic - [Sheza6] markets monitor size is 0
03:38:43.960 [main] INFO  c.container.Actioner - [ALGO] Actioner, sending action:CreateChildOrder(side=BUY,quantity=100,price=98)
03:38:43.960 [main] INFO  c.sequencer.consumer.LoggingConsumer - [66] [CreateOrder](sbeTemplateId=4|sbeSchemaId=2|sbeSchemaVersion=0|sbeBlockLength=33):instrumentId=0|price=98|quantity=100|side=BUY|orderId=66
03:38:43.960 [main] INFO  c.gettingstarted.MyAlgoLogic - [MYALGO] The state of the order book is:
|----BID-----||----ASK----|
   101 @ 100    100 @ 98
   200 @ 110    200 @ 95
  5000 @ 115    300 @ 91
|------------||-----------|

03:38:43.960 [main] INFO  c.gettingstarted.MyAlgoLogic - [MYALGO] Algo Sees Book as: 
|----BID-----||----ASK----|
   101 @ 100    100 @ 98
   200 @ 110    200 @ 95
  5000 @ 115    300 @ 91
|------------||-----------|

03:38:43.960 [main] INFO  c.gettingstarted.MyAlgoLogic - [MYALGO] Initial quantity100 price 98
03:38:43.960 [main] INFO  c.gettingstarted.TimedLogic - [TIMEDLOGIC] Market is open
03:38:43.961 [main] INFO  c.gettingstarted.MyAlgoLogic - [MYALGO] Adding order for100@98
03:38:43.961 [main] INFO  c.gettingstarted.MyAlgoLogic - [Sheza6] markets monitor size is 0
03:38:43.961 [main] INFO  c.container.Actioner - [ALGO] Actioner, sending action:CreateChildOrder(side=BUY,quantity=100,price=98)
03:38:43.961 [main] INFO  c.sequencer.consumer.LoggingConsumer - [67] [CreateOrder](sbeTemplateId=4|sbeSchemaId=2|sbeSchemaVersion=0|sbeBlockLength=33):instrumentId=0|price=98|quantity=100|side=BUY|orderId=67
03:38:43.961 [main] INFO  c.gettingstarted.MyAlgoLogic - [MYALGO] The state of the order book is:
|----BID-----||----ASK----|
   101 @ 100    100 @ 98
   200 @ 110    200 @ 95
  5000 @ 115    300 @ 91
|------------||-----------|

03:38:43.961 [main] INFO  c.gettingstarted.MyAlgoLogic - [MYALGO] Algo Sees Book as: 
|----BID-----||----ASK----|
   101 @ 100    100 @ 98
   200 @ 110    200 @ 95
  5000 @ 115    300 @ 91
|------------||-----------|

03:38:43.961 [main] INFO  c.gettingstarted.MyAlgoLogic - [MYALGO] Initial quantity100 price 98
03:38:43.961 [main] INFO  c.gettingstarted.TimedLogic - [TIMEDLOGIC] Market is open
03:38:43.961 [main] INFO  c.gettingstarted.MyAlgoLogic - [MYALGO] Adding order for100@98
03:38:43.961 [main] INFO  c.gettingstarted.MyAlgoLogic - [Sheza6] markets monitor size is 0
03:38:43.961 [main] INFO  c.container.Actioner - [ALGO] Actioner, sending action:CreateChildOrder(side=BUY,quantity=100,price=98)
03:38:43.961 [main] INFO  c.sequencer.consumer.LoggingConsumer - [68] [CreateOrder](sbeTemplateId=4|sbeSchemaId=2|sbeSchemaVersion=0|sbeBlockLength=33):instrumentId=0|price=98|quantity=100|side=BUY|orderId=68
03:38:43.961 [main] INFO  c.gettingstarted.MyAlgoLogic - [MYALGO] The state of the order book is:
|----BID-----||----ASK----|
   101 @ 100    100 @ 98
   200 @ 110    200 @ 95
  5000 @ 115    300 @ 91
|------------||-----------|

03:38:43.961 [main] INFO  c.gettingstarted.MyAlgoLogic - [MYALGO] Algo Sees Book as: 
|----BID-----||----ASK----|
   101 @ 100    100 @ 98
   200 @ 110    200 @ 95
  5000 @ 115    300 @ 91
|------------||-----------|

03:38:43.961 [main] INFO  c.gettingstarted.MyAlgoLogic - [MYALGO] Initial quantity100 price 98
03:38:43.961 [main] INFO  c.gettingstarted.TimedLogic - [TIMEDLOGIC] Market is open
03:38:43.961 [main] INFO  c.gettingstarted.MyAlgoLogic - [MYALGO] Adding order for100@98
03:38:43.961 [main] INFO  c.gettingstarted.MyAlgoLogic - [Sheza6] markets monitor size is 0
03:38:43.961 [main] INFO  c.container.Actioner - [ALGO] Actioner, sending action:CreateChildOrder(side=BUY,quantity=100,price=98)
03:38:43.961 [main] INFO  c.sequencer.consumer.LoggingConsumer - [69] [CreateOrder](sbeTemplateId=4|sbeSchemaId=2|sbeSchemaVersion=0|sbeBlockLength=33):instrumentId=0|price=98|quantity=100|side=BUY|orderId=69
03:38:43.961 [main] INFO  c.gettingstarted.MyAlgoLogic - [MYALGO] The state of the order book is:
|----BID-----||----ASK----|
   101 @ 100    100 @ 98
   200 @ 110    200 @ 95
  5000 @ 115    300 @ 91
|------------||-----------|

03:38:43.961 [main] INFO  c.gettingstarted.MyAlgoLogic - [MYALGO] Algo Sees Book as: 
|----BID-----||----ASK----|
   101 @ 100    100 @ 98
   200 @ 110    200 @ 95
  5000 @ 115    300 @ 91
|------------||-----------|

03:38:43.962 [main] INFO  c.gettingstarted.MyAlgoLogic - [MYALGO] Initial quantity100 price 98
03:38:43.962 [main] INFO  c.gettingstarted.TimedLogic - [TIMEDLOGIC] Market is open
03:38:43.962 [main] INFO  c.gettingstarted.MyAlgoLogic - [MYALGO] Adding order for100@98
03:38:43.962 [main] INFO  c.gettingstarted.MyAlgoLogic - [Sheza6] markets monitor size is 0
03:38:43.962 [main] INFO  c.container.Actioner - [ALGO] Actioner, sending action:CreateChildOrder(side=BUY,quantity=100,price=98)
03:38:43.962 [main] INFO  c.sequencer.consumer.LoggingConsumer - [70] [CreateOrder](sbeTemplateId=4|sbeSchemaId=2|sbeSchemaVersion=0|sbeBlockLength=33):instrumentId=0|price=98|quantity=100|side=BUY|orderId=70
03:38:43.962 [main] INFO  c.gettingstarted.MyAlgoLogic - [MYALGO] The state of the order book is:
|----BID-----||----ASK----|
   101 @ 100    100 @ 98
   200 @ 110    200 @ 95
  5000 @ 115    300 @ 91
|------------||-----------|

03:38:43.962 [main] INFO  c.gettingstarted.MyAlgoLogic - [MYALGO] Algo Sees Book as: 
|----BID-----||----ASK----|
   101 @ 100    100 @ 98
   200 @ 110    200 @ 95
  5000 @ 115    300 @ 91
|------------||-----------|

03:38:43.962 [main] INFO  c.gettingstarted.MyAlgoLogic - [MYALGO] Initial quantity100 price 98
03:38:43.962 [main] INFO  c.gettingstarted.TimedLogic - [TIMEDLOGIC] Market is open
03:38:43.962 [main] INFO  c.gettingstarted.MyAlgoLogic - [MYALGO] Adding order for100@98
03:38:43.962 [main] INFO  c.gettingstarted.MyAlgoLogic - [Sheza6] markets monitor size is 0
03:38:43.962 [main] INFO  c.container.Actioner - [ALGO] Actioner, sending action:CreateChildOrder(side=BUY,quantity=100,price=98)
03:38:43.962 [main] INFO  c.sequencer.consumer.LoggingConsumer - [71] [CreateOrder](sbeTemplateId=4|sbeSchemaId=2|sbeSchemaVersion=0|sbeBlockLength=33):instrumentId=0|price=98|quantity=100|side=BUY|orderId=71
03:38:43.962 [main] INFO  c.gettingstarted.MyAlgoLogic - [MYALGO] The state of the order book is:
|----BID-----||----ASK----|
   101 @ 100    100 @ 98
   200 @ 110    200 @ 95
  5000 @ 115    300 @ 91
|------------||-----------|

03:38:43.962 [main] INFO  c.gettingstarted.MyAlgoLogic - [MYALGO] Algo Sees Book as: 
|----BID-----||----ASK----|
   101 @ 100    100 @ 98
   200 @ 110    200 @ 95
  5000 @ 115    300 @ 91
|------------||-----------|

03:38:43.962 [main] INFO  c.gettingstarted.MyAlgoLogic - [MYALGO] Initial quantity100 price 98
03:38:43.962 [main] INFO  c.gettingstarted.TimedLogic - [TIMEDLOGIC] Market is open
03:38:43.962 [main] INFO  c.gettingstarted.MyAlgoLogic - [MYALGO] Adding order for100@98
03:38:43.962 [main] INFO  c.gettingstarted.MyAlgoLogic - [Sheza6] markets monitor size is 0
03:38:43.963 [main] INFO  c.container.Actioner - [ALGO] Actioner, sending action:CreateChildOrder(side=BUY,quantity=100,price=98)
03:38:43.963 [main] INFO  c.sequencer.consumer.LoggingConsumer - [72] [CreateOrder](sbeTemplateId=4|sbeSchemaId=2|sbeSchemaVersion=0|sbeBlockLength=33):instrumentId=0|price=98|quantity=100|side=BUY|orderId=72
03:38:43.963 [main] INFO  c.gettingstarted.MyAlgoLogic - [MYALGO] The state of the order book is:
|----BID-----||----ASK----|
   101 @ 100    100 @ 98
   200 @ 110    200 @ 95
  5000 @ 115    300 @ 91
|------------||-----------|

03:38:43.963 [main] INFO  c.gettingstarted.MyAlgoLogic - [MYALGO] Algo Sees Book as: 
|----BID-----||----ASK----|
   101 @ 100    100 @ 98
   200 @ 110    200 @ 95
  5000 @ 115    300 @ 91
|------------||-----------|

03:38:43.963 [main] INFO  c.gettingstarted.MyAlgoLogic - [MYALGO] Initial quantity100 price 98
03:38:43.963 [main] INFO  c.gettingstarted.TimedLogic - [TIMEDLOGIC] Market is open
03:38:43.963 [main] INFO  c.gettingstarted.MyAlgoLogic - [MYALGO] Adding order for100@98
03:38:43.963 [main] INFO  c.gettingstarted.MyAlgoLogic - [Sheza6] markets monitor size is 0
03:38:43.963 [main] INFO  c.container.Actioner - [ALGO] Actioner, sending action:CreateChildOrder(side=BUY,quantity=100,price=98)
03:38:43.963 [main] INFO  c.sequencer.consumer.LoggingConsumer - [73] [CreateOrder](sbeTemplateId=4|sbeSchemaId=2|sbeSchemaVersion=0|sbeBlockLength=33):instrumentId=0|price=98|quantity=100|side=BUY|orderId=73
03:38:43.963 [main] INFO  c.gettingstarted.MyAlgoLogic - [MYALGO] The state of the order book is:
|----BID-----||----ASK----|
   101 @ 100    100 @ 98
   200 @ 110    200 @ 95
  5000 @ 115    300 @ 91
|------------||-----------|

03:38:43.963 [main] INFO  c.gettingstarted.MyAlgoLogic - [MYALGO] Algo Sees Book as: 
|----BID-----||----ASK----|
   101 @ 100    100 @ 98
   200 @ 110    200 @ 95
  5000 @ 115    300 @ 91
|------------||-----------|

03:38:43.963 [main] INFO  c.gettingstarted.MyAlgoLogic - [MYALGO] Initial quantity100 price 98
03:38:43.963 [main] INFO  c.gettingstarted.TimedLogic - [TIMEDLOGIC] Market is open
03:38:43.963 [main] INFO  c.gettingstarted.MyAlgoLogic - [MYALGO] Adding order for100@98
03:38:43.963 [main] INFO  c.gettingstarted.MyAlgoLogic - [Sheza6] markets monitor size is 0
03:38:43.963 [main] INFO  c.container.Actioner - [ALGO] Actioner, sending action:CreateChildOrder(side=BUY,quantity=100,price=98)
03:38:43.963 [main] INFO  c.sequencer.consumer.LoggingConsumer - [74] [CreateOrder](sbeTemplateId=4|sbeSchemaId=2|sbeSchemaVersion=0|sbeBlockLength=33):instrumentId=0|price=98|quantity=100|side=BUY|orderId=74
03:38:43.963 [main] INFO  c.gettingstarted.MyAlgoLogic - [MYALGO] The state of the order book is:
|----BID-----||----ASK----|
   101 @ 100    100 @ 98
   200 @ 110    200 @ 95
  5000 @ 115    300 @ 91
|------------||-----------|

03:38:43.963 [main] INFO  c.gettingstarted.MyAlgoLogic - [MYALGO] Algo Sees Book as: 
|----BID-----||----ASK----|
   101 @ 100    100 @ 98
   200 @ 110    200 @ 95
  5000 @ 115    300 @ 91
|------------||-----------|

03:38:43.963 [main] INFO  c.gettingstarted.MyAlgoLogic - [MYALGO] Initial quantity100 price 98
03:38:43.963 [main] INFO  c.gettingstarted.TimedLogic - [TIMEDLOGIC] Market is open
03:38:43.964 [main] INFO  c.gettingstarted.MyAlgoLogic - [MYALGO] Adding order for100@98
03:38:43.964 [main] INFO  c.gettingstarted.MyAlgoLogic - [Sheza6] markets monitor size is 0
03:38:43.964 [main] INFO  c.container.Actioner - [ALGO] Actioner, sending action:CreateChildOrder(side=BUY,quantity=100,price=98)
03:38:43.964 [main] INFO  c.sequencer.consumer.LoggingConsumer - [75] [CreateOrder](sbeTemplateId=4|sbeSchemaId=2|sbeSchemaVersion=0|sbeBlockLength=33):instrumentId=0|price=98|quantity=100|side=BUY|orderId=75
03:38:43.964 [main] INFO  c.gettingstarted.MyAlgoLogic - [MYALGO] The state of the order book is:
|----BID-----||----ASK----|
   101 @ 100    100 @ 98
   200 @ 110    200 @ 95
  5000 @ 115    300 @ 91
|------------||-----------|

03:38:43.964 [main] INFO  c.gettingstarted.MyAlgoLogic - [MYALGO] Algo Sees Book as: 
|----BID-----||----ASK----|
   101 @ 100    100 @ 98
   200 @ 110    200 @ 95
  5000 @ 115    300 @ 91
|------------||-----------|

03:38:43.964 [main] INFO  c.gettingstarted.MyAlgoLogic - [MYALGO] Initial quantity100 price 98
03:38:43.964 [main] INFO  c.gettingstarted.TimedLogic - [TIMEDLOGIC] Market is open
03:38:43.964 [main] INFO  c.gettingstarted.MyAlgoLogic - [MYALGO] Adding order for100@98
03:38:43.964 [main] INFO  c.gettingstarted.MyAlgoLogic - [Sheza6] markets monitor size is 0
03:38:43.964 [main] INFO  c.container.Actioner - [ALGO] Actioner, sending action:CreateChildOrder(side=BUY,quantity=100,price=98)
03:38:43.964 [main] INFO  c.sequencer.consumer.LoggingConsumer - [76] [CreateOrder](sbeTemplateId=4|sbeSchemaId=2|sbeSchemaVersion=0|sbeBlockLength=33):instrumentId=0|price=98|quantity=100|side=BUY|orderId=76
03:38:43.964 [main] INFO  c.gettingstarted.MyAlgoLogic - [MYALGO] The state of the order book is:
|----BID-----||----ASK----|
   101 @ 100    100 @ 98
   200 @ 110    200 @ 95
  5000 @ 115    300 @ 91
|------------||-----------|

03:38:43.964 [main] INFO  c.gettingstarted.MyAlgoLogic - [MYALGO] Algo Sees Book as: 
|----BID-----||----ASK----|
   101 @ 100    100 @ 98
   200 @ 110    200 @ 95
  5000 @ 115    300 @ 91
|------------||-----------|

03:38:43.964 [main] INFO  c.gettingstarted.MyAlgoLogic - [MYALGO] Initial quantity100 price 98
03:38:43.964 [main] INFO  c.gettingstarted.TimedLogic - [TIMEDLOGIC] Market is open
]]></system-out>
  </testcase>
</testsuite>