<?xml version="1.0" encoding="UTF-8"?>
<testsuite xmlns:xsi="http://www.w3.org/2001/XMLSchema-instance" xsi:noNamespaceSchemaLocation="https://maven.apache.org/surefire/maven-surefire-plugin/xsd/surefire-test-report-3.0.xsd" version="3.0" name="codingblackfemales.gettingstarted.MyAlgoBackTest" time="0.545" tests="1" errors="0" skipped="0" failures="0">
  <properties>
    <property name="java.specification.version" value="17"/>
    <property name="sun.cpu.isalist" value="amd64"/>
    <property name="sun.jnu.encoding" value="Cp1252"/>
    <property name="java.class.path" value="C:\Users\admin\Desktop\Sherelles Stuff\UBS-Assignments\codingblackfemales\lessError\codingblackfemales\algo-coding-exercise\getting-started\target\test-classes;C:\Users\admin\Desktop\Sherelles Stuff\UBS-Assignments\codingblackfemales\lessError\codingblackfemales\algo-coding-exercise\getting-started\target\classes;C:\Users\admin\Desktop\Sherelles Stuff\UBS-Assignments\codingblackfemales\lessError\codingblackfemales\algo-coding-exercise\algo\target\classes;C:\Users\admin\Desktop\Sherelles Stuff\UBS-Assignments\codingblackfemales\lessError\codingblackfemales\algo-coding-exercise\dictionary\target\classes;C:\Users\admin\.m2\repository\org\agrona\agrona\1.16.0\agrona-1.16.0.jar;C:\Users\admin\Desktop\Sherelles Stuff\UBS-Assignments\codingblackfemales\lessError\codingblackfemales\algo-coding-exercise\sequencer\target\classes;C:\Users\admin\.m2\repository\com\google\code\gson\gson\2.10.1\gson-2.10.1.jar;C:\Users\admin\.m2\repository\org\apache\commons\commons-lang3\3.12.0\commons-lang3-3.12.0.jar;C:\Users\admin\Desktop\Sherelles Stuff\UBS-Assignments\codingblackfemales\lessError\codingblackfemales\algo-coding-exercise\backtest\target\classes;C:\Users\admin\Desktop\Sherelles Stuff\UBS-Assignments\codingblackfemales\lessError\codingblackfemales\algo-coding-exercise\collection\target\classes;C:\Users\admin\Desktop\Sherelles Stuff\UBS-Assignments\codingblackfemales\lessError\codingblackfemales\algo-coding-exercise\sequencer\target\test-classes;C:\Users\admin\.m2\repository\junit\junit\4.11\junit-4.11.jar;C:\Users\admin\.m2\repository\org\hamcrest\hamcrest-core\1.3\hamcrest-core-1.3.jar;C:\Users\admin\.m2\repository\uk\co\real-logic\sbe-all\1.26.0\sbe-all-1.26.0.jar;C:\Users\admin\.m2\repository\org\mockito\mockito-core\5.4.0\mockito-core-5.4.0.jar;C:\Users\admin\.m2\repository\net\bytebuddy\byte-buddy\1.14.5\byte-buddy-1.14.5.jar;C:\Users\admin\.m2\repository\net\bytebuddy\byte-buddy-agent\1.14.5\byte-buddy-agent-1.14.5.jar;C:\Users\admin\.m2\repository\org\objenesis\objenesis\3.3\objenesis-3.3.jar;C:\Users\admin\.m2\repository\ch\qos\logback\logback-core\1.3.5\logback-core-1.3.5.jar;C:\Users\admin\.m2\repository\org\slf4j\slf4j-api\2.0.4\slf4j-api-2.0.4.jar;C:\Users\admin\.m2\repository\ch\qos\logback\logback-classic\1.3.5\logback-classic-1.3.5.jar;"/>
    <property name="java.vm.vendor" value="Oracle Corporation"/>
    <property name="sun.arch.data.model" value="64"/>
    <property name="user.variant" value=""/>
    <property name="java.vendor.url" value="https://java.oracle.com/"/>
    <property name="user.timezone" value="Europe/London"/>
    <property name="os.name" value="Windows 10"/>
    <property name="java.vm.specification.version" value="17"/>
    <property name="sun.java.launcher" value="SUN_STANDARD"/>
    <property name="user.country" value="GB"/>
    <property name="sun.boot.library.path" value="C:\Program Files\Java\jdk-17\bin"/>
    <property name="sun.java.command" value="C:\Users\admin\AppData\Local\Temp\surefire11346146193800673131\surefirebooter-20230817161705949_26.jar C:\Users\admin\AppData\Local\Temp\surefire11346146193800673131 2023-08-17T16-16-57_303-jvmRun1 surefire-20230817161705949_24tmp surefire_2-20230817161705949_25tmp"/>
    <property name="jdk.debug" value="release"/>
    <property name="surefire.test.class.path" value="C:\Users\admin\Desktop\Sherelles Stuff\UBS-Assignments\codingblackfemales\lessError\codingblackfemales\algo-coding-exercise\getting-started\target\test-classes;C:\Users\admin\Desktop\Sherelles Stuff\UBS-Assignments\codingblackfemales\lessError\codingblackfemales\algo-coding-exercise\getting-started\target\classes;C:\Users\admin\Desktop\Sherelles Stuff\UBS-Assignments\codingblackfemales\lessError\codingblackfemales\algo-coding-exercise\algo\target\classes;C:\Users\admin\Desktop\Sherelles Stuff\UBS-Assignments\codingblackfemales\lessError\codingblackfemales\algo-coding-exercise\dictionary\target\classes;C:\Users\admin\.m2\repository\org\agrona\agrona\1.16.0\agrona-1.16.0.jar;C:\Users\admin\Desktop\Sherelles Stuff\UBS-Assignments\codingblackfemales\lessError\codingblackfemales\algo-coding-exercise\sequencer\target\classes;C:\Users\admin\.m2\repository\com\google\code\gson\gson\2.10.1\gson-2.10.1.jar;C:\Users\admin\.m2\repository\org\apache\commons\commons-lang3\3.12.0\commons-lang3-3.12.0.jar;C:\Users\admin\Desktop\Sherelles Stuff\UBS-Assignments\codingblackfemales\lessError\codingblackfemales\algo-coding-exercise\backtest\target\classes;C:\Users\admin\Desktop\Sherelles Stuff\UBS-Assignments\codingblackfemales\lessError\codingblackfemales\algo-coding-exercise\collection\target\classes;C:\Users\admin\Desktop\Sherelles Stuff\UBS-Assignments\codingblackfemales\lessError\codingblackfemales\algo-coding-exercise\sequencer\target\test-classes;C:\Users\admin\.m2\repository\junit\junit\4.11\junit-4.11.jar;C:\Users\admin\.m2\repository\org\hamcrest\hamcrest-core\1.3\hamcrest-core-1.3.jar;C:\Users\admin\.m2\repository\uk\co\real-logic\sbe-all\1.26.0\sbe-all-1.26.0.jar;C:\Users\admin\.m2\repository\org\mockito\mockito-core\5.4.0\mockito-core-5.4.0.jar;C:\Users\admin\.m2\repository\net\bytebuddy\byte-buddy\1.14.5\byte-buddy-1.14.5.jar;C:\Users\admin\.m2\repository\net\bytebuddy\byte-buddy-agent\1.14.5\byte-buddy-agent-1.14.5.jar;C:\Users\admin\.m2\repository\org\objenesis\objenesis\3.3\objenesis-3.3.jar;C:\Users\admin\.m2\repository\ch\qos\logback\logback-core\1.3.5\logback-core-1.3.5.jar;C:\Users\admin\.m2\repository\org\slf4j\slf4j-api\2.0.4\slf4j-api-2.0.4.jar;C:\Users\admin\.m2\repository\ch\qos\logback\logback-classic\1.3.5\logback-classic-1.3.5.jar;"/>
    <property name="sun.cpu.endian" value="little"/>
    <property name="user.home" value="C:\Users\admin"/>
    <property name="user.language" value="en"/>
    <property name="java.specification.vendor" value="Oracle Corporation"/>
    <property name="java.version.date" value="2023-04-18"/>
    <property name="java.home" value="C:\Program Files\Java\jdk-17"/>
    <property name="file.separator" value="\"/>
    <property name="basedir" value="C:\Users\admin\Desktop\Sherelles Stuff\UBS-Assignments\codingblackfemales\lessError\codingblackfemales\algo-coding-exercise\getting-started"/>
    <property name="java.vm.compressedOopsMode" value="Zero based"/>
    <property name="line.separator" value="&#10;"/>
    <property name="java.vm.specification.vendor" value="Oracle Corporation"/>
    <property name="java.specification.name" value="Java Platform API Specification"/>
    <property name="surefire.real.class.path" value="C:\Users\admin\AppData\Local\Temp\surefire11346146193800673131\surefirebooter-20230817161705949_26.jar"/>
    <property name="user.script" value=""/>
    <property name="sun.management.compiler" value="HotSpot 64-Bit Tiered Compilers"/>
    <property name="java.runtime.version" value="17.0.7+8-LTS-224"/>
    <property name="user.name" value="admin"/>
    <property name="path.separator" value=";"/>
    <property name="os.version" value="10.0"/>
    <property name="java.runtime.name" value="Java(TM) SE Runtime Environment"/>
    <property name="file.encoding" value="Cp1252"/>
    <property name="java.vm.name" value="Java HotSpot(TM) 64-Bit Server VM"/>
    <property name="localRepository" value="C:\Users\admin\.m2\repository"/>
    <property name="java.vendor.url.bug" value="https://bugreport.java.com/bugreport/"/>
    <property name="java.io.tmpdir" value="C:\Users\admin\AppData\Local\Temp\"/>
    <property name="java.version" value="17.0.7"/>
    <property name="user.dir" value="C:\Users\admin\Desktop\Sherelles Stuff\UBS-Assignments\codingblackfemales\lessError\codingblackfemales\algo-coding-exercise\getting-started"/>
    <property name="os.arch" value="amd64"/>
    <property name="java.vm.specification.name" value="Java Virtual Machine Specification"/>
    <property name="sun.os.patch.level" value=""/>
    <property name="native.encoding" value="Cp1252"/>
    <property name="java.library.path" value="C:\Program Files\Java\jdk-17\bin;C:\WINDOWS\Sun\Java\bin;C:\WINDOWS\system32;C:\WINDOWS;C:\Program Files\Common Files\Oracle\Java\javapath;C:\WINDOWS\system32;C:\WINDOWS;C:\WINDOWS\System32\Wbem;C:\WINDOWS\System32\WindowsPowerShell\v1.0\;C:\WINDOWS\System32\OpenSSH\;C:\Program Files\dotnet\;C:\Program Files (x86)\Intel\Intel(R) Management Engine Components\DAL;C:\Program Files\Intel\Intel(R) Management Engine Components\DAL;C:\Program Files (x86)\NVIDIA Corporation\PhysX\Common;C:\Program Files\Git\cmd;C:\Program Files\apache-maven-3.9.4\bin;C:\Users\admin\AppData\Local\Microsoft\WindowsApps;;C:\Users\admin\AppData\Local\Programs\Microsoft VS Code\bin;."/>
    <property name="java.vm.info" value="mixed mode, sharing"/>
    <property name="java.vendor" value="Oracle Corporation"/>
    <property name="java.vm.version" value="17.0.7+8-LTS-224"/>
    <property name="sun.io.unicode.encoding" value="UnicodeLittle"/>
    <property name="java.class.version" value="61.0"/>
  </properties>
  <testcase name="testExampleBackTest" classname="codingblackfemales.gettingstarted.MyAlgoBackTest" time="0.11">
    <system-out><![CDATA[16:17:06.719 [main] INFO  c.sequencer.consumer.LoggingConsumer - [1] 
|----BID-----|
    100 @ 98
    200 @ 95
    300 @ 91
|----ASK-----|
   101 @ 100
   200 @ 110
  5000 @ 115
  5600 @ 119

16:17:06.726 [main] INFO  c.orderbook.OrderBook - [ORDERBOOK] Processing Mkt Data Update
16:17:06.729 [main] DEBUG c.orderbook.OrderBook - [ORDERBOOK] ASK: Adding orderMktData(price=98,quantity=100)
16:17:06.729 [main] DEBUG c.orderbook.OrderBook - [ORDERBOOK] ASK: Adding orderMktData(price=95,quantity=200)
16:17:06.729 [main] DEBUG c.orderbook.OrderBook - [ORDERBOOK] ASK: Adding orderMktData(price=91,quantity=300)
16:17:06.729 [main] DEBUG c.orderbook.OrderBook - [ORDERBOOK] ASK: Adding orderMktData(price=100,quantity=101)
16:17:06.729 [main] DEBUG c.orderbook.OrderBook - [ORDERBOOK] ASK: Adding orderMktData(price=110,quantity=200)
16:17:06.729 [main] DEBUG c.orderbook.OrderBook - [ORDERBOOK] ASK: Adding orderMktData(price=115,quantity=5000)
16:17:06.729 [main] DEBUG c.orderbook.OrderBook - [ORDERBOOK] ASK: Adding orderMktData(price=119,quantity=5600)
16:17:06.730 [main] DEBUG c.service.MarketDataService - [ALGO] BID: price:98 quantity:100
16:17:06.730 [main] DEBUG c.service.MarketDataService - [ALGO] BID: price:95 quantity:200
16:17:06.730 [main] DEBUG c.service.MarketDataService - [ALGO] BID: price:91 quantity:300
16:17:06.730 [main] DEBUG c.service.MarketDataService - [ALGO] ASK: price:100 quantity:101
16:17:06.730 [main] DEBUG c.service.MarketDataService - [ALGO] ASK: price:110 quantity:200
16:17:06.730 [main] DEBUG c.service.MarketDataService - [ALGO] ASK: price:115 quantity:5000
16:17:06.730 [main] DEBUG c.service.MarketDataService - [ALGO] ASK: price:119 quantity:5600
16:17:06.736 [main] INFO  c.gettingstarted.MyAlgoLogic - [MYALGO] The state of the order book is:
|----BID-----||----ASK----|
    100 @ 98   101 @ 100
    200 @ 95   200 @ 110
    300 @ 91  5000 @ 115
          -   5600 @ 119
|------------||-----------|

16:17:06.743 [main] INFO  c.container.Actioner - [ALGO] Actioner, sending action:CreateChildOrder(side=BUY,quantity=10,price=98)
16:17:06.745 [main] INFO  c.sequencer.consumer.LoggingConsumer - [2] [CreateOrder](sbeTemplateId=4|sbeSchemaId=2|sbeSchemaVersion=0|sbeBlockLength=33):instrumentId=0|price=98|quantity=10|side=BUY|orderId=2
16:17:06.749 [main] INFO  c.orderbook.OrderBook - [ORDERBOOK] Adding passive limit order to BID bookLimit(side=BUY,orderId=2,price=98,quantity=10)
16:17:06.749 [main] INFO  c.o.visitor.MutatingAddOrderVisitor - [ORDERBOOK] + MktData(price=98,quantity=100)
16:17:06.749 [main] DEBUG c.o.v.ReadOnlyMarketDataChannelPublishVisitor - Bid Side Size: 3
16:17:06.749 [main] DEBUG c.o.v.ReadOnlyMarketDataChannelPublishVisitor - Adding Mkt Data Msg BID: Price=98 Qty=110
16:17:06.749 [main] DEBUG c.o.v.ReadOnlyMarketDataChannelPublishVisitor - Adding Mkt Data Msg BID: Price=95 Qty=200
16:17:06.749 [main] DEBUG c.o.v.ReadOnlyMarketDataChannelPublishVisitor - Adding Mkt Data Msg BID: Price=91 Qty=300
16:17:06.749 [main] DEBUG c.o.v.ReadOnlyMarketDataChannelPublishVisitor - Ask Side Size: 4
16:17:06.749 [main] DEBUG c.o.v.ReadOnlyMarketDataChannelPublishVisitor - Adding Mkt Data Msg ASK: Price=100 Qty=101
16:17:06.749 [main] DEBUG c.o.v.ReadOnlyMarketDataChannelPublishVisitor - Adding Mkt Data Msg ASK: Price=110 Qty=200
16:17:06.749 [main] DEBUG c.o.v.ReadOnlyMarketDataChannelPublishVisitor - Adding Mkt Data Msg ASK: Price=115 Qty=5000
16:17:06.749 [main] DEBUG c.o.v.ReadOnlyMarketDataChannelPublishVisitor - Adding Mkt Data Msg ASK: Price=119 Qty=5600
16:17:06.749 [main] INFO  c.o.channel.MarketDataChannel - [ORDERBOOK] Sending market data update...
16:17:06.749 [main] INFO  c.sequencer.consumer.LoggingConsumer - [3] 
|----BID-----|
    110 @ 98
    200 @ 95
    300 @ 91
|----ASK-----|
   101 @ 100
   200 @ 110
  5000 @ 115
  5600 @ 119

16:17:06.753 [main] DEBUG c.service.MarketDataService - [ALGO] BID: price:98 quantity:110
16:17:06.753 [main] DEBUG c.service.MarketDataService - [ALGO] BID: price:95 quantity:200
16:17:06.753 [main] DEBUG c.service.MarketDataService - [ALGO] BID: price:91 quantity:300
16:17:06.753 [main] DEBUG c.service.MarketDataService - [ALGO] ASK: price:100 quantity:101
16:17:06.753 [main] DEBUG c.service.MarketDataService - [ALGO] ASK: price:110 quantity:200
16:17:06.753 [main] DEBUG c.service.MarketDataService - [ALGO] ASK: price:115 quantity:5000
16:17:06.753 [main] DEBUG c.service.MarketDataService - [ALGO] ASK: price:119 quantity:5600
16:17:06.754 [main] INFO  c.gettingstarted.MyAlgoLogic - [MYALGO] The state of the order book is:
|----BID-----||----ASK----|
    110 @ 98   101 @ 100
    200 @ 95   200 @ 110
    300 @ 91  5000 @ 115
          -   5600 @ 119
|------------||-----------|

16:17:06.754 [main] INFO  c.container.Actioner - [ALGO] Actioner, sending action:CreateChildOrder(side=BUY,quantity=10,price=98)
16:17:06.754 [main] INFO  c.sequencer.consumer.LoggingConsumer - [4] [CreateOrder](sbeTemplateId=4|sbeSchemaId=2|sbeSchemaVersion=0|sbeBlockLength=33):instrumentId=0|price=98|quantity=10|side=BUY|orderId=3
16:17:06.754 [main] INFO  c.orderbook.OrderBook - [ORDERBOOK] Adding passive limit order to BID bookLimit(side=BUY,orderId=3,price=98,quantity=10)
16:17:06.754 [main] INFO  c.o.visitor.MutatingAddOrderVisitor - [ORDERBOOK] + Limit(side=BUY,orderId=2,price=98,quantity=10)
16:17:06.754 [main] DEBUG c.o.v.ReadOnlyMarketDataChannelPublishVisitor - Bid Side Size: 3
16:17:06.755 [main] DEBUG c.o.v.ReadOnlyMarketDataChannelPublishVisitor - Adding Mkt Data Msg BID: Price=98 Qty=120
16:17:06.755 [main] DEBUG c.o.v.ReadOnlyMarketDataChannelPublishVisitor - Adding Mkt Data Msg BID: Price=95 Qty=200
16:17:06.755 [main] DEBUG c.o.v.ReadOnlyMarketDataChannelPublishVisitor - Adding Mkt Data Msg BID: Price=91 Qty=300
16:17:06.755 [main] DEBUG c.o.v.ReadOnlyMarketDataChannelPublishVisitor - Ask Side Size: 4
16:17:06.755 [main] DEBUG c.o.v.ReadOnlyMarketDataChannelPublishVisitor - Adding Mkt Data Msg ASK: Price=100 Qty=101
16:17:06.755 [main] DEBUG c.o.v.ReadOnlyMarketDataChannelPublishVisitor - Adding Mkt Data Msg ASK: Price=110 Qty=200
16:17:06.755 [main] DEBUG c.o.v.ReadOnlyMarketDataChannelPublishVisitor - Adding Mkt Data Msg ASK: Price=115 Qty=5000
16:17:06.755 [main] DEBUG c.o.v.ReadOnlyMarketDataChannelPublishVisitor - Adding Mkt Data Msg ASK: Price=119 Qty=5600
16:17:06.755 [main] INFO  c.o.channel.MarketDataChannel - [ORDERBOOK] Sending market data update...
16:17:06.756 [main] INFO  c.sequencer.consumer.LoggingConsumer - [5] 
|----BID-----|
    120 @ 98
    200 @ 95
    300 @ 91
|----ASK-----|
   101 @ 100
   200 @ 110
  5000 @ 115
  5600 @ 119

16:17:06.756 [main] DEBUG c.service.MarketDataService - [ALGO] BID: price:98 quantity:120
16:17:06.756 [main] DEBUG c.service.MarketDataService - [ALGO] BID: price:95 quantity:200
16:17:06.756 [main] DEBUG c.service.MarketDataService - [ALGO] BID: price:91 quantity:300
16:17:06.756 [main] DEBUG c.service.MarketDataService - [ALGO] ASK: price:100 quantity:101
16:17:06.756 [main] DEBUG c.service.MarketDataService - [ALGO] ASK: price:110 quantity:200
16:17:06.756 [main] DEBUG c.service.MarketDataService - [ALGO] ASK: price:115 quantity:5000
16:17:06.756 [main] DEBUG c.service.MarketDataService - [ALGO] ASK: price:119 quantity:5600
16:17:06.756 [main] INFO  c.gettingstarted.MyAlgoLogic - [MYALGO] The state of the order book is:
|----BID-----||----ASK----|
    120 @ 98   101 @ 100
    200 @ 95   200 @ 110
    300 @ 91  5000 @ 115
          -   5600 @ 119
|------------||-----------|

16:17:06.756 [main] INFO  c.container.Actioner - [ALGO] Actioner, sending action:CreateChildOrder(side=BUY,quantity=10,price=98)
16:17:06.757 [main] INFO  c.sequencer.consumer.LoggingConsumer - [6] [CreateOrder](sbeTemplateId=4|sbeSchemaId=2|sbeSchemaVersion=0|sbeBlockLength=33):instrumentId=0|price=98|quantity=10|side=BUY|orderId=4
16:17:06.757 [main] INFO  c.orderbook.OrderBook - [ORDERBOOK] Adding passive limit order to BID bookLimit(side=BUY,orderId=4,price=98,quantity=10)
16:17:06.757 [main] INFO  c.o.visitor.MutatingAddOrderVisitor - [ORDERBOOK] + Limit(side=BUY,orderId=3,price=98,quantity=10)
16:17:06.757 [main] DEBUG c.o.v.ReadOnlyMarketDataChannelPublishVisitor - Bid Side Size: 3
16:17:06.757 [main] DEBUG c.o.v.ReadOnlyMarketDataChannelPublishVisitor - Adding Mkt Data Msg BID: Price=98 Qty=130
16:17:06.757 [main] DEBUG c.o.v.ReadOnlyMarketDataChannelPublishVisitor - Adding Mkt Data Msg BID: Price=95 Qty=200
16:17:06.757 [main] DEBUG c.o.v.ReadOnlyMarketDataChannelPublishVisitor - Adding Mkt Data Msg BID: Price=91 Qty=300
16:17:06.757 [main] DEBUG c.o.v.ReadOnlyMarketDataChannelPublishVisitor - Ask Side Size: 4
16:17:06.757 [main] DEBUG c.o.v.ReadOnlyMarketDataChannelPublishVisitor - Adding Mkt Data Msg ASK: Price=100 Qty=101
16:17:06.758 [main] DEBUG c.o.v.ReadOnlyMarketDataChannelPublishVisitor - Adding Mkt Data Msg ASK: Price=110 Qty=200
16:17:06.758 [main] DEBUG c.o.v.ReadOnlyMarketDataChannelPublishVisitor - Adding Mkt Data Msg ASK: Price=115 Qty=5000
16:17:06.758 [main] DEBUG c.o.v.ReadOnlyMarketDataChannelPublishVisitor - Adding Mkt Data Msg ASK: Price=119 Qty=5600
16:17:06.758 [main] INFO  c.o.channel.MarketDataChannel - [ORDERBOOK] Sending market data update...
16:17:06.758 [main] INFO  c.sequencer.consumer.LoggingConsumer - [7] 
|----BID-----|
    130 @ 98
    200 @ 95
    300 @ 91
|----ASK-----|
   101 @ 100
   200 @ 110
  5000 @ 115
  5600 @ 119

16:17:06.758 [main] DEBUG c.service.MarketDataService - [ALGO] BID: price:98 quantity:130
16:17:06.758 [main] DEBUG c.service.MarketDataService - [ALGO] BID: price:95 quantity:200
16:17:06.758 [main] DEBUG c.service.MarketDataService - [ALGO] BID: price:91 quantity:300
16:17:06.758 [main] DEBUG c.service.MarketDataService - [ALGO] ASK: price:100 quantity:101
16:17:06.759 [main] DEBUG c.service.MarketDataService - [ALGO] ASK: price:110 quantity:200
16:17:06.759 [main] DEBUG c.service.MarketDataService - [ALGO] ASK: price:115 quantity:5000
16:17:06.759 [main] DEBUG c.service.MarketDataService - [ALGO] ASK: price:119 quantity:5600
16:17:06.759 [main] INFO  c.gettingstarted.MyAlgoLogic - [MYALGO] The state of the order book is:
|----BID-----||----ASK----|
    130 @ 98   101 @ 100
    200 @ 95   200 @ 110
    300 @ 91  5000 @ 115
          -   5600 @ 119
|------------||-----------|

16:17:06.759 [main] INFO  c.container.Actioner - [ALGO] Actioner, sending action:CreateChildOrder(side=BUY,quantity=10,price=98)
16:17:06.760 [main] INFO  c.sequencer.consumer.LoggingConsumer - [8] [CreateOrder](sbeTemplateId=4|sbeSchemaId=2|sbeSchemaVersion=0|sbeBlockLength=33):instrumentId=0|price=98|quantity=10|side=BUY|orderId=5
16:17:06.760 [main] INFO  c.orderbook.OrderBook - [ORDERBOOK] Adding passive limit order to BID bookLimit(side=BUY,orderId=5,price=98,quantity=10)
16:17:06.760 [main] INFO  c.o.visitor.MutatingAddOrderVisitor - [ORDERBOOK] + Limit(side=BUY,orderId=4,price=98,quantity=10)
16:17:06.760 [main] DEBUG c.o.v.ReadOnlyMarketDataChannelPublishVisitor - Bid Side Size: 3
16:17:06.760 [main] DEBUG c.o.v.ReadOnlyMarketDataChannelPublishVisitor - Adding Mkt Data Msg BID: Price=98 Qty=140
16:17:06.760 [main] DEBUG c.o.v.ReadOnlyMarketDataChannelPublishVisitor - Adding Mkt Data Msg BID: Price=95 Qty=200
16:17:06.760 [main] DEBUG c.o.v.ReadOnlyMarketDataChannelPublishVisitor - Adding Mkt Data Msg BID: Price=91 Qty=300
16:17:06.760 [main] DEBUG c.o.v.ReadOnlyMarketDataChannelPublishVisitor - Ask Side Size: 4
16:17:06.760 [main] DEBUG c.o.v.ReadOnlyMarketDataChannelPublishVisitor - Adding Mkt Data Msg ASK: Price=100 Qty=101
16:17:06.760 [main] DEBUG c.o.v.ReadOnlyMarketDataChannelPublishVisitor - Adding Mkt Data Msg ASK: Price=110 Qty=200
16:17:06.761 [main] DEBUG c.o.v.ReadOnlyMarketDataChannelPublishVisitor - Adding Mkt Data Msg ASK: Price=115 Qty=5000
16:17:06.761 [main] DEBUG c.o.v.ReadOnlyMarketDataChannelPublishVisitor - Adding Mkt Data Msg ASK: Price=119 Qty=5600
16:17:06.761 [main] INFO  c.o.channel.MarketDataChannel - [ORDERBOOK] Sending market data update...
16:17:06.761 [main] INFO  c.sequencer.consumer.LoggingConsumer - [9] 
|----BID-----|
    140 @ 98
    200 @ 95
    300 @ 91
|----ASK-----|
   101 @ 100
   200 @ 110
  5000 @ 115
  5600 @ 119

16:17:06.761 [main] DEBUG c.service.MarketDataService - [ALGO] BID: price:98 quantity:140
16:17:06.761 [main] DEBUG c.service.MarketDataService - [ALGO] BID: price:95 quantity:200
16:17:06.761 [main] DEBUG c.service.MarketDataService - [ALGO] BID: price:91 quantity:300
16:17:06.761 [main] DEBUG c.service.MarketDataService - [ALGO] ASK: price:100 quantity:101
16:17:06.761 [main] DEBUG c.service.MarketDataService - [ALGO] ASK: price:110 quantity:200
16:17:06.762 [main] DEBUG c.service.MarketDataService - [ALGO] ASK: price:115 quantity:5000
16:17:06.762 [main] DEBUG c.service.MarketDataService - [ALGO] ASK: price:119 quantity:5600
16:17:06.762 [main] INFO  c.gettingstarted.MyAlgoLogic - [MYALGO] The state of the order book is:
|----BID-----||----ASK----|
    140 @ 98   101 @ 100
    200 @ 95   200 @ 110
    300 @ 91  5000 @ 115
          -   5600 @ 119
|------------||-----------|

16:17:06.765 [main] INFO  c.container.Actioner - [ALGO] Actioner, sending action:CancelChildOrder(codingblackfemales.sotw.ChildOrder@305b7c14)
16:17:06.766 [main] INFO  c.sequencer.consumer.LoggingConsumer - [10] [CancelOrder](sbeTemplateId=5|sbeSchemaId=2|sbeSchemaVersion=0|sbeBlockLength=8):orderId=2
16:17:06.768 [main] INFO  c.orderbook.OrderBook - [ORDERBOOK] Cancelling order (id=:2)
16:17:06.770 [main] INFO  c.o.visitor.CancelOrderVisitor - [ORDERBOOK] Cancelling order: Limit(side=BUY,orderId=2,price=98,quantity=10)
16:17:06.770 [main] DEBUG c.o.v.ReadOnlyMarketDataChannelPublishVisitor - Bid Side Size: 3
16:17:06.770 [main] DEBUG c.o.v.ReadOnlyMarketDataChannelPublishVisitor - Adding Mkt Data Msg BID: Price=98 Qty=130
16:17:06.770 [main] DEBUG c.o.v.ReadOnlyMarketDataChannelPublishVisitor - Adding Mkt Data Msg BID: Price=95 Qty=200
16:17:06.770 [main] DEBUG c.o.v.ReadOnlyMarketDataChannelPublishVisitor - Adding Mkt Data Msg BID: Price=91 Qty=300
16:17:06.770 [main] DEBUG c.o.v.ReadOnlyMarketDataChannelPublishVisitor - Ask Side Size: 4
16:17:06.770 [main] DEBUG c.o.v.ReadOnlyMarketDataChannelPublishVisitor - Adding Mkt Data Msg ASK: Price=100 Qty=101
16:17:06.770 [main] DEBUG c.o.v.ReadOnlyMarketDataChannelPublishVisitor - Adding Mkt Data Msg ASK: Price=110 Qty=200
16:17:06.770 [main] DEBUG c.o.v.ReadOnlyMarketDataChannelPublishVisitor - Adding Mkt Data Msg ASK: Price=115 Qty=5000
16:17:06.770 [main] DEBUG c.o.v.ReadOnlyMarketDataChannelPublishVisitor - Adding Mkt Data Msg ASK: Price=119 Qty=5600
16:17:06.770 [main] INFO  c.o.channel.MarketDataChannel - [ORDERBOOK] Sending market data update...
16:17:06.770 [main] INFO  c.sequencer.consumer.LoggingConsumer - [11] 
|----BID-----|
    130 @ 98
    200 @ 95
    300 @ 91
|----ASK-----|
   101 @ 100
   200 @ 110
  5000 @ 115
  5600 @ 119

16:17:06.770 [main] DEBUG c.service.MarketDataService - [ALGO] BID: price:98 quantity:130
16:17:06.770 [main] DEBUG c.service.MarketDataService - [ALGO] BID: price:95 quantity:200
16:17:06.770 [main] DEBUG c.service.MarketDataService - [ALGO] BID: price:91 quantity:300
16:17:06.770 [main] DEBUG c.service.MarketDataService - [ALGO] ASK: price:100 quantity:101
16:17:06.771 [main] DEBUG c.service.MarketDataService - [ALGO] ASK: price:110 quantity:200
16:17:06.771 [main] DEBUG c.service.MarketDataService - [ALGO] ASK: price:115 quantity:5000
16:17:06.771 [main] DEBUG c.service.MarketDataService - [ALGO] ASK: price:119 quantity:5600
16:17:06.771 [main] INFO  c.gettingstarted.MyAlgoLogic - [MYALGO] The state of the order book is:
|----BID-----||----ASK----|
    130 @ 98   101 @ 100
    200 @ 95   200 @ 110
    300 @ 91  5000 @ 115
          -   5600 @ 119
|------------||-----------|

16:17:06.771 [main] INFO  c.container.Actioner - [ALGO] Actioner, sending action:CancelChildOrder(codingblackfemales.sotw.ChildOrder@79d8407f)
16:17:06.771 [main] INFO  c.sequencer.consumer.LoggingConsumer - [12] [CancelOrder](sbeTemplateId=5|sbeSchemaId=2|sbeSchemaVersion=0|sbeBlockLength=8):orderId=3
16:17:06.771 [main] INFO  c.orderbook.OrderBook - [ORDERBOOK] Cancelling order (id=:3)
16:17:06.772 [main] INFO  c.o.visitor.CancelOrderVisitor - [ORDERBOOK] Cancelling order: Limit(side=BUY,orderId=3,price=98,quantity=10)
16:17:06.772 [main] DEBUG c.o.v.ReadOnlyMarketDataChannelPublishVisitor - Bid Side Size: 3
16:17:06.772 [main] DEBUG c.o.v.ReadOnlyMarketDataChannelPublishVisitor - Adding Mkt Data Msg BID: Price=98 Qty=120
16:17:06.772 [main] DEBUG c.o.v.ReadOnlyMarketDataChannelPublishVisitor - Adding Mkt Data Msg BID: Price=95 Qty=200
16:17:06.772 [main] DEBUG c.o.v.ReadOnlyMarketDataChannelPublishVisitor - Adding Mkt Data Msg BID: Price=91 Qty=300
16:17:06.772 [main] DEBUG c.o.v.ReadOnlyMarketDataChannelPublishVisitor - Ask Side Size: 4
16:17:06.773 [main] DEBUG c.o.v.ReadOnlyMarketDataChannelPublishVisitor - Adding Mkt Data Msg ASK: Price=100 Qty=101
16:17:06.773 [main] DEBUG c.o.v.ReadOnlyMarketDataChannelPublishVisitor - Adding Mkt Data Msg ASK: Price=110 Qty=200
16:17:06.773 [main] DEBUG c.o.v.ReadOnlyMarketDataChannelPublishVisitor - Adding Mkt Data Msg ASK: Price=115 Qty=5000
16:17:06.773 [main] DEBUG c.o.v.ReadOnlyMarketDataChannelPublishVisitor - Adding Mkt Data Msg ASK: Price=119 Qty=5600
16:17:06.773 [main] INFO  c.o.channel.MarketDataChannel - [ORDERBOOK] Sending market data update...
16:17:06.773 [main] INFO  c.sequencer.consumer.LoggingConsumer - [13] 
|----BID-----|
    120 @ 98
    200 @ 95
    300 @ 91
|----ASK-----|
   101 @ 100
   200 @ 110
  5000 @ 115
  5600 @ 119

16:17:06.773 [main] DEBUG c.service.MarketDataService - [ALGO] BID: price:98 quantity:120
16:17:06.773 [main] DEBUG c.service.MarketDataService - [ALGO] BID: price:95 quantity:200
16:17:06.773 [main] DEBUG c.service.MarketDataService - [ALGO] BID: price:91 quantity:300
16:17:06.773 [main] DEBUG c.service.MarketDataService - [ALGO] ASK: price:100 quantity:101
16:17:06.773 [main] DEBUG c.service.MarketDataService - [ALGO] ASK: price:110 quantity:200
16:17:06.773 [main] DEBUG c.service.MarketDataService - [ALGO] ASK: price:115 quantity:5000
16:17:06.773 [main] DEBUG c.service.MarketDataService - [ALGO] ASK: price:119 quantity:5600
16:17:06.773 [main] INFO  c.gettingstarted.MyAlgoLogic - [MYALGO] The state of the order book is:
|----BID-----||----ASK----|
    120 @ 98   101 @ 100
    200 @ 95   200 @ 110
    300 @ 91  5000 @ 115
          -   5600 @ 119
|------------||-----------|

16:17:06.774 [main] INFO  c.container.Actioner - [ALGO] Actioner, sending action:CancelChildOrder(codingblackfemales.sotw.ChildOrder@5fbe4146)
16:17:06.774 [main] INFO  c.sequencer.consumer.LoggingConsumer - [14] [CancelOrder](sbeTemplateId=5|sbeSchemaId=2|sbeSchemaVersion=0|sbeBlockLength=8):orderId=4
16:17:06.774 [main] INFO  c.orderbook.OrderBook - [ORDERBOOK] Cancelling order (id=:4)
16:17:06.774 [main] INFO  c.o.visitor.CancelOrderVisitor - [ORDERBOOK] Cancelling order: Limit(side=BUY,orderId=4,price=98,quantity=10)
16:17:06.774 [main] DEBUG c.o.v.ReadOnlyMarketDataChannelPublishVisitor - Bid Side Size: 3
16:17:06.774 [main] DEBUG c.o.v.ReadOnlyMarketDataChannelPublishVisitor - Adding Mkt Data Msg BID: Price=98 Qty=110
16:17:06.774 [main] DEBUG c.o.v.ReadOnlyMarketDataChannelPublishVisitor - Adding Mkt Data Msg BID: Price=95 Qty=200
16:17:06.774 [main] DEBUG c.o.v.ReadOnlyMarketDataChannelPublishVisitor - Adding Mkt Data Msg BID: Price=91 Qty=300
16:17:06.774 [main] DEBUG c.o.v.ReadOnlyMarketDataChannelPublishVisitor - Ask Side Size: 4
16:17:06.774 [main] DEBUG c.o.v.ReadOnlyMarketDataChannelPublishVisitor - Adding Mkt Data Msg ASK: Price=100 Qty=101
16:17:06.774 [main] DEBUG c.o.v.ReadOnlyMarketDataChannelPublishVisitor - Adding Mkt Data Msg ASK: Price=110 Qty=200
16:17:06.774 [main] DEBUG c.o.v.ReadOnlyMarketDataChannelPublishVisitor - Adding Mkt Data Msg ASK: Price=115 Qty=5000
16:17:06.774 [main] DEBUG c.o.v.ReadOnlyMarketDataChannelPublishVisitor - Adding Mkt Data Msg ASK: Price=119 Qty=5600
16:17:06.774 [main] INFO  c.o.channel.MarketDataChannel - [ORDERBOOK] Sending market data update...
16:17:06.775 [main] INFO  c.sequencer.consumer.LoggingConsumer - [15] 
|----BID-----|
    110 @ 98
    200 @ 95
    300 @ 91
|----ASK-----|
   101 @ 100
   200 @ 110
  5000 @ 115
  5600 @ 119

16:17:06.775 [main] DEBUG c.service.MarketDataService - [ALGO] BID: price:98 quantity:110
16:17:06.775 [main] DEBUG c.service.MarketDataService - [ALGO] BID: price:95 quantity:200
16:17:06.775 [main] DEBUG c.service.MarketDataService - [ALGO] BID: price:91 quantity:300
16:17:06.775 [main] DEBUG c.service.MarketDataService - [ALGO] ASK: price:100 quantity:101
16:17:06.776 [main] DEBUG c.service.MarketDataService - [ALGO] ASK: price:110 quantity:200
16:17:06.776 [main] DEBUG c.service.MarketDataService - [ALGO] ASK: price:115 quantity:5000
16:17:06.776 [main] DEBUG c.service.MarketDataService - [ALGO] ASK: price:119 quantity:5600
16:17:06.776 [main] INFO  c.gettingstarted.MyAlgoLogic - [MYALGO] The state of the order book is:
|----BID-----||----ASK----|
    110 @ 98   101 @ 100
    200 @ 95   200 @ 110
    300 @ 91  5000 @ 115
          -   5600 @ 119
|------------||-----------|

16:17:06.776 [main] INFO  c.container.Actioner - [ALGO] Actioner, sending action:CancelChildOrder(codingblackfemales.sotw.ChildOrder@1e66f1f5)
16:17:06.776 [main] INFO  c.sequencer.consumer.LoggingConsumer - [16] [CancelOrder](sbeTemplateId=5|sbeSchemaId=2|sbeSchemaVersion=0|sbeBlockLength=8):orderId=5
16:17:06.776 [main] INFO  c.orderbook.OrderBook - [ORDERBOOK] Cancelling order (id=:5)
16:17:06.776 [main] INFO  c.o.visitor.CancelOrderVisitor - [ORDERBOOK] Cancelling order: Limit(side=BUY,orderId=5,price=98,quantity=10)
16:17:06.777 [main] DEBUG c.o.v.ReadOnlyMarketDataChannelPublishVisitor - Bid Side Size: 3
16:17:06.777 [main] DEBUG c.o.v.ReadOnlyMarketDataChannelPublishVisitor - Adding Mkt Data Msg BID: Price=98 Qty=100
16:17:06.777 [main] DEBUG c.o.v.ReadOnlyMarketDataChannelPublishVisitor - Adding Mkt Data Msg BID: Price=95 Qty=200
16:17:06.777 [main] DEBUG c.o.v.ReadOnlyMarketDataChannelPublishVisitor - Adding Mkt Data Msg BID: Price=91 Qty=300
16:17:06.777 [main] DEBUG c.o.v.ReadOnlyMarketDataChannelPublishVisitor - Ask Side Size: 4
16:17:06.777 [main] DEBUG c.o.v.ReadOnlyMarketDataChannelPublishVisitor - Adding Mkt Data Msg ASK: Price=100 Qty=101
16:17:06.777 [main] DEBUG c.o.v.ReadOnlyMarketDataChannelPublishVisitor - Adding Mkt Data Msg ASK: Price=110 Qty=200
16:17:06.777 [main] DEBUG c.o.v.ReadOnlyMarketDataChannelPublishVisitor - Adding Mkt Data Msg ASK: Price=115 Qty=5000
16:17:06.777 [main] DEBUG c.o.v.ReadOnlyMarketDataChannelPublishVisitor - Adding Mkt Data Msg ASK: Price=119 Qty=5600
16:17:06.777 [main] INFO  c.o.channel.MarketDataChannel - [ORDERBOOK] Sending market data update...
16:17:06.777 [main] INFO  c.sequencer.consumer.LoggingConsumer - [17] 
|----BID-----|
    100 @ 98
    200 @ 95
    300 @ 91
|----ASK-----|
   101 @ 100
   200 @ 110
  5000 @ 115
  5600 @ 119

16:17:06.777 [main] DEBUG c.service.MarketDataService - [ALGO] BID: price:98 quantity:100
16:17:06.778 [main] DEBUG c.service.MarketDataService - [ALGO] BID: price:95 quantity:200
16:17:06.778 [main] DEBUG c.service.MarketDataService - [ALGO] BID: price:91 quantity:300
16:17:06.778 [main] DEBUG c.service.MarketDataService - [ALGO] ASK: price:100 quantity:101
16:17:06.778 [main] DEBUG c.service.MarketDataService - [ALGO] ASK: price:110 quantity:200
16:17:06.778 [main] DEBUG c.service.MarketDataService - [ALGO] ASK: price:115 quantity:5000
16:17:06.778 [main] DEBUG c.service.MarketDataService - [ALGO] ASK: price:119 quantity:5600
16:17:06.778 [main] INFO  c.gettingstarted.MyAlgoLogic - [MYALGO] The state of the order book is:
|----BID-----||----ASK----|
    100 @ 98   101 @ 100
    200 @ 95   200 @ 110
    300 @ 91  5000 @ 115
          -   5600 @ 119
|------------||-----------|

16:17:06.779 [main] INFO  c.sequencer.consumer.LoggingConsumer - [18] 
|----BID-----|
    100 @ 95
    200 @ 93
    300 @ 91
|----ASK-----|
    501 @ 98
   200 @ 101
  5000 @ 110
  5600 @ 119

16:17:06.779 [main] INFO  c.orderbook.OrderBook - [ORDERBOOK] Processing Mkt Data Update
16:17:06.779 [main] INFO  c.o.v.MutatingRemoveAllMarketDataOrdersVisitor - [ORDERBOOK] Removing market data order:MktData(price=98,quantity=100)
16:17:06.779 [main] INFO  c.o.v.MutatingRemoveAllMarketDataOrdersVisitor - [ORDERBOOK] Removing level:98
16:17:06.779 [main] INFO  c.o.v.MutatingRemoveAllMarketDataOrdersVisitor - [ORDERBOOK] Removing market data order:MktData(price=95,quantity=200)
16:17:06.779 [main] INFO  c.o.v.MutatingRemoveAllMarketDataOrdersVisitor - [ORDERBOOK] Removing level:95
16:17:06.779 [main] INFO  c.o.v.MutatingRemoveAllMarketDataOrdersVisitor - [ORDERBOOK] Removing market data order:MktData(price=91,quantity=300)
16:17:06.779 [main] INFO  c.o.v.MutatingRemoveAllMarketDataOrdersVisitor - [ORDERBOOK] Removing level:91
16:17:06.779 [main] DEBUG c.orderbook.OrderBook - [ORDERBOOK] ASK: Adding orderMktData(price=95,quantity=100)
16:17:06.779 [main] DEBUG c.orderbook.OrderBook - [ORDERBOOK] ASK: Adding orderMktData(price=93,quantity=200)
16:17:06.779 [main] DEBUG c.orderbook.OrderBook - [ORDERBOOK] ASK: Adding orderMktData(price=91,quantity=300)
16:17:06.779 [main] INFO  c.o.v.MutatingRemoveAllMarketDataOrdersVisitor - [ORDERBOOK] Removing market data order:MktData(price=100,quantity=101)
16:17:06.779 [main] INFO  c.o.v.MutatingRemoveAllMarketDataOrdersVisitor - [ORDERBOOK] Removing level:100
16:17:06.779 [main] INFO  c.o.v.MutatingRemoveAllMarketDataOrdersVisitor - [ORDERBOOK] Removing market data order:MktData(price=110,quantity=200)
16:17:06.779 [main] INFO  c.o.v.MutatingRemoveAllMarketDataOrdersVisitor - [ORDERBOOK] Removing level:110
16:17:06.780 [main] INFO  c.o.v.MutatingRemoveAllMarketDataOrdersVisitor - [ORDERBOOK] Removing market data order:MktData(price=115,quantity=5000)
16:17:06.780 [main] INFO  c.o.v.MutatingRemoveAllMarketDataOrdersVisitor - [ORDERBOOK] Removing level:115
16:17:06.780 [main] INFO  c.o.v.MutatingRemoveAllMarketDataOrdersVisitor - [ORDERBOOK] Removing market data order:MktData(price=119,quantity=5600)
16:17:06.780 [main] INFO  c.o.v.MutatingRemoveAllMarketDataOrdersVisitor - [ORDERBOOK] Removing level:119
16:17:06.780 [main] DEBUG c.orderbook.OrderBook - [ORDERBOOK] ASK: Adding orderMktData(price=98,quantity=501)
16:17:06.780 [main] DEBUG c.orderbook.OrderBook - [ORDERBOOK] ASK: Adding orderMktData(price=101,quantity=200)
16:17:06.780 [main] DEBUG c.orderbook.OrderBook - [ORDERBOOK] ASK: Adding orderMktData(price=110,quantity=5000)
16:17:06.780 [main] DEBUG c.orderbook.OrderBook - [ORDERBOOK] ASK: Adding orderMktData(price=119,quantity=5600)
16:17:06.780 [main] DEBUG c.service.MarketDataService - [ALGO] BID: price:95 quantity:100
16:17:06.780 [main] DEBUG c.service.MarketDataService - [ALGO] BID: price:93 quantity:200
16:17:06.780 [main] DEBUG c.service.MarketDataService - [ALGO] BID: price:91 quantity:300
16:17:06.780 [main] DEBUG c.service.MarketDataService - [ALGO] ASK: price:98 quantity:501
16:17:06.780 [main] DEBUG c.service.MarketDataService - [ALGO] ASK: price:101 quantity:200
16:17:06.780 [main] DEBUG c.service.MarketDataService - [ALGO] ASK: price:110 quantity:5000
16:17:06.780 [main] DEBUG c.service.MarketDataService - [ALGO] ASK: price:119 quantity:5600
16:17:06.782 [main] INFO  c.gettingstarted.MyAlgoLogic - [MYALGO] The state of the order book is:
|----BID-----||----ASK----|
    100 @ 95    501 @ 98
    200 @ 93   200 @ 101
    300 @ 91  5000 @ 110
          -   5600 @ 119
|------------||-----------|

]]></system-out>
  </testcase>
</testsuite>