<?xml version="1.0" encoding="UTF-8"?>
<testsuite xmlns:xsi="http://www.w3.org/2001/XMLSchema-instance" xsi:noNamespaceSchemaLocation="https://maven.apache.org/surefire/maven-surefire-plugin/xsd/surefire-test-report-3.0.xsd" version="3.0" name="codingblackfemales.gettingstarted.MyAlgoBackTest" time="0.694" tests="1" errors="0" skipped="0" failures="0">
  <properties>
    <property name="java.specification.version" value="17"/>
    <property name="sun.cpu.isalist" value="amd64"/>
    <property name="sun.jnu.encoding" value="Cp1252"/>
    <property name="java.class.path" value="C:\Users\admin\Desktop\Sherelles Stuff\UBS-Assignments\codingblackfemales\codingblackfemales\algo-coding-exercise\getting-started\target\test-classes;C:\Users\admin\Desktop\Sherelles Stuff\UBS-Assignments\codingblackfemales\codingblackfemales\algo-coding-exercise\getting-started\target\classes;C:\Users\admin\Desktop\Sherelles Stuff\UBS-Assignments\codingblackfemales\codingblackfemales\algo-coding-exercise\algo\target\classes;C:\Users\admin\Desktop\Sherelles Stuff\UBS-Assignments\codingblackfemales\codingblackfemales\algo-coding-exercise\dictionary\target\classes;C:\Users\admin\.m2\repository\org\agrona\agrona\1.16.0\agrona-1.16.0.jar;C:\Users\admin\Desktop\Sherelles Stuff\UBS-Assignments\codingblackfemales\codingblackfemales\algo-coding-exercise\sequencer\target\classes;C:\Users\admin\.m2\repository\com\google\code\gson\gson\2.10.1\gson-2.10.1.jar;C:\Users\admin\.m2\repository\org\apache\commons\commons-lang3\3.12.0\commons-lang3-3.12.0.jar;C:\Users\admin\Desktop\Sherelles Stuff\UBS-Assignments\codingblackfemales\codingblackfemales\algo-coding-exercise\backtest\target\classes;C:\Users\admin\Desktop\Sherelles Stuff\UBS-Assignments\codingblackfemales\codingblackfemales\algo-coding-exercise\collection\target\classes;C:\Users\admin\Desktop\Sherelles Stuff\UBS-Assignments\codingblackfemales\codingblackfemales\algo-coding-exercise\sequencer\target\test-classes;C:\Users\admin\.m2\repository\junit\junit\4.11\junit-4.11.jar;C:\Users\admin\.m2\repository\org\hamcrest\hamcrest-core\1.3\hamcrest-core-1.3.jar;C:\Users\admin\.m2\repository\uk\co\real-logic\sbe-all\1.26.0\sbe-all-1.26.0.jar;C:\Users\admin\.m2\repository\org\mockito\mockito-core\5.4.0\mockito-core-5.4.0.jar;C:\Users\admin\.m2\repository\net\bytebuddy\byte-buddy\1.14.5\byte-buddy-1.14.5.jar;C:\Users\admin\.m2\repository\net\bytebuddy\byte-buddy-agent\1.14.5\byte-buddy-agent-1.14.5.jar;C:\Users\admin\.m2\repository\org\objenesis\objenesis\3.3\objenesis-3.3.jar;C:\Users\admin\.m2\repository\ch\qos\logback\logback-core\1.3.5\logback-core-1.3.5.jar;C:\Users\admin\.m2\repository\org\slf4j\slf4j-api\2.0.4\slf4j-api-2.0.4.jar;C:\Users\admin\.m2\repository\ch\qos\logback\logback-classic\1.3.5\logback-classic-1.3.5.jar;"/>
    <property name="java.vm.vendor" value="Oracle Corporation"/>
    <property name="sun.arch.data.model" value="64"/>
    <property name="user.variant" value=""/>
    <property name="java.vendor.url" value="https://java.oracle.com/"/>
    <property name="user.timezone" value="Europe/London"/>
    <property name="os.name" value="Windows 10"/>
    <property name="java.vm.specification.version" value="17"/>
    <property name="sun.java.launcher" value="SUN_STANDARD"/>
    <property name="user.country" value="GB"/>
    <property name="sun.boot.library.path" value="C:\Program Files\Java\jdk-17\bin"/>
    <property name="sun.java.command" value="C:\Users\admin\AppData\Local\Temp\surefire3361131733507225384\surefirebooter-20230927160229674_26.jar C:\Users\admin\AppData\Local\Temp\surefire3361131733507225384 2023-09-27T16-02-23_698-jvmRun1 surefire-20230927160229674_24tmp surefire_2-20230927160229674_25tmp"/>
    <property name="jdk.debug" value="release"/>
    <property name="surefire.test.class.path" value="C:\Users\admin\Desktop\Sherelles Stuff\UBS-Assignments\codingblackfemales\codingblackfemales\algo-coding-exercise\getting-started\target\test-classes;C:\Users\admin\Desktop\Sherelles Stuff\UBS-Assignments\codingblackfemales\codingblackfemales\algo-coding-exercise\getting-started\target\classes;C:\Users\admin\Desktop\Sherelles Stuff\UBS-Assignments\codingblackfemales\codingblackfemales\algo-coding-exercise\algo\target\classes;C:\Users\admin\Desktop\Sherelles Stuff\UBS-Assignments\codingblackfemales\codingblackfemales\algo-coding-exercise\dictionary\target\classes;C:\Users\admin\.m2\repository\org\agrona\agrona\1.16.0\agrona-1.16.0.jar;C:\Users\admin\Desktop\Sherelles Stuff\UBS-Assignments\codingblackfemales\codingblackfemales\algo-coding-exercise\sequencer\target\classes;C:\Users\admin\.m2\repository\com\google\code\gson\gson\2.10.1\gson-2.10.1.jar;C:\Users\admin\.m2\repository\org\apache\commons\commons-lang3\3.12.0\commons-lang3-3.12.0.jar;C:\Users\admin\Desktop\Sherelles Stuff\UBS-Assignments\codingblackfemales\codingblackfemales\algo-coding-exercise\backtest\target\classes;C:\Users\admin\Desktop\Sherelles Stuff\UBS-Assignments\codingblackfemales\codingblackfemales\algo-coding-exercise\collection\target\classes;C:\Users\admin\Desktop\Sherelles Stuff\UBS-Assignments\codingblackfemales\codingblackfemales\algo-coding-exercise\sequencer\target\test-classes;C:\Users\admin\.m2\repository\junit\junit\4.11\junit-4.11.jar;C:\Users\admin\.m2\repository\org\hamcrest\hamcrest-core\1.3\hamcrest-core-1.3.jar;C:\Users\admin\.m2\repository\uk\co\real-logic\sbe-all\1.26.0\sbe-all-1.26.0.jar;C:\Users\admin\.m2\repository\org\mockito\mockito-core\5.4.0\mockito-core-5.4.0.jar;C:\Users\admin\.m2\repository\net\bytebuddy\byte-buddy\1.14.5\byte-buddy-1.14.5.jar;C:\Users\admin\.m2\repository\net\bytebuddy\byte-buddy-agent\1.14.5\byte-buddy-agent-1.14.5.jar;C:\Users\admin\.m2\repository\org\objenesis\objenesis\3.3\objenesis-3.3.jar;C:\Users\admin\.m2\repository\ch\qos\logback\logback-core\1.3.5\logback-core-1.3.5.jar;C:\Users\admin\.m2\repository\org\slf4j\slf4j-api\2.0.4\slf4j-api-2.0.4.jar;C:\Users\admin\.m2\repository\ch\qos\logback\logback-classic\1.3.5\logback-classic-1.3.5.jar;"/>
    <property name="sun.cpu.endian" value="little"/>
    <property name="user.home" value="C:\Users\admin"/>
    <property name="user.language" value="en"/>
    <property name="java.specification.vendor" value="Oracle Corporation"/>
    <property name="java.version.date" value="2023-04-18"/>
    <property name="java.home" value="C:\Program Files\Java\jdk-17"/>
    <property name="file.separator" value="\"/>
    <property name="basedir" value="C:\Users\admin\Desktop\Sherelles Stuff\UBS-Assignments\codingblackfemales\codingblackfemales\algo-coding-exercise\getting-started"/>
    <property name="java.vm.compressedOopsMode" value="Zero based"/>
    <property name="line.separator" value="&#10;"/>
    <property name="java.vm.specification.vendor" value="Oracle Corporation"/>
    <property name="java.specification.name" value="Java Platform API Specification"/>
    <property name="surefire.real.class.path" value="C:\Users\admin\AppData\Local\Temp\surefire3361131733507225384\surefirebooter-20230927160229674_26.jar"/>
    <property name="user.script" value=""/>
    <property name="sun.management.compiler" value="HotSpot 64-Bit Tiered Compilers"/>
    <property name="java.runtime.version" value="17.0.7+8-LTS-224"/>
    <property name="user.name" value="admin"/>
    <property name="path.separator" value=";"/>
    <property name="os.version" value="10.0"/>
    <property name="java.runtime.name" value="Java(TM) SE Runtime Environment"/>
    <property name="file.encoding" value="Cp1252"/>
    <property name="java.vm.name" value="Java HotSpot(TM) 64-Bit Server VM"/>
    <property name="localRepository" value="C:\Users\admin\.m2\repository"/>
    <property name="java.vendor.url.bug" value="https://bugreport.java.com/bugreport/"/>
    <property name="java.io.tmpdir" value="C:\Users\admin\AppData\Local\Temp\"/>
    <property name="java.version" value="17.0.7"/>
    <property name="user.dir" value="C:\Users\admin\Desktop\Sherelles Stuff\UBS-Assignments\codingblackfemales\codingblackfemales\algo-coding-exercise\getting-started"/>
    <property name="os.arch" value="amd64"/>
    <property name="java.vm.specification.name" value="Java Virtual Machine Specification"/>
    <property name="sun.os.patch.level" value=""/>
    <property name="native.encoding" value="Cp1252"/>
    <property name="java.library.path" value="C:\Program Files\Java\jdk-17\bin;C:\WINDOWS\Sun\Java\bin;C:\WINDOWS\system32;C:\WINDOWS;C:\Program Files\Common Files\Oracle\Java\javapath;C:\WINDOWS\system32;C:\WINDOWS;C:\WINDOWS\System32\Wbem;C:\WINDOWS\System32\WindowsPowerShell\v1.0\;C:\WINDOWS\System32\OpenSSH\;C:\Program Files\dotnet\;C:\Program Files (x86)\Intel\Intel(R) Management Engine Components\DAL;C:\Program Files\Intel\Intel(R) Management Engine Components\DAL;C:\Program Files (x86)\NVIDIA Corporation\PhysX\Common;C:\Program Files\Git\cmd;C:\Program Files\apache-maven-3.9.4\bin;C:\Users\admin\AppData\Local\Microsoft\WindowsApps;;C:\Users\admin\AppData\Local\Programs\Microsoft VS Code\bin;."/>
    <property name="java.vm.info" value="mixed mode, sharing"/>
    <property name="java.vendor" value="Oracle Corporation"/>
    <property name="java.vm.version" value="17.0.7+8-LTS-224"/>
    <property name="sun.io.unicode.encoding" value="UnicodeLittle"/>
    <property name="java.class.version" value="61.0"/>
  </properties>
  <testcase name="testExampleBackTest" classname="codingblackfemales.gettingstarted.MyAlgoBackTest" time="0.325">
    <system-out><![CDATA[16:02:30.371 [main] INFO  c.sequencer.consumer.LoggingConsumer - [1] 
|----BID-----|
    100 @ 98
    200 @ 95
    300 @ 91
|----ASK-----|
   101 @ 100
   200 @ 110
  5000 @ 115
  5600 @ 119

16:02:30.377 [main] INFO  c.orderbook.OrderBook - [ORDERBOOK] Processing Mkt Data Update
16:02:30.379 [main] DEBUG c.orderbook.OrderBook - [ORDERBOOK] ASK: Adding orderMktData(price=98,quantity=100)
16:02:30.379 [main] DEBUG c.orderbook.OrderBook - [ORDERBOOK] ASK: Adding orderMktData(price=95,quantity=200)
16:02:30.379 [main] DEBUG c.orderbook.OrderBook - [ORDERBOOK] ASK: Adding orderMktData(price=91,quantity=300)
16:02:30.379 [main] DEBUG c.orderbook.OrderBook - [ORDERBOOK] ASK: Adding orderMktData(price=100,quantity=101)
16:02:30.379 [main] DEBUG c.orderbook.OrderBook - [ORDERBOOK] ASK: Adding orderMktData(price=110,quantity=200)
16:02:30.379 [main] DEBUG c.orderbook.OrderBook - [ORDERBOOK] ASK: Adding orderMktData(price=115,quantity=5000)
16:02:30.379 [main] DEBUG c.orderbook.OrderBook - [ORDERBOOK] ASK: Adding orderMktData(price=119,quantity=5600)
16:02:30.380 [main] DEBUG c.service.MarketDataService - [ALGO] BID: price:98 quantity:100
16:02:30.380 [main] DEBUG c.service.MarketDataService - [ALGO] BID: price:95 quantity:200
16:02:30.380 [main] DEBUG c.service.MarketDataService - [ALGO] BID: price:91 quantity:300
16:02:30.380 [main] DEBUG c.service.MarketDataService - [ALGO] ASK: price:100 quantity:101
16:02:30.380 [main] DEBUG c.service.MarketDataService - [ALGO] ASK: price:110 quantity:200
16:02:30.380 [main] DEBUG c.service.MarketDataService - [ALGO] ASK: price:115 quantity:5000
16:02:30.381 [main] DEBUG c.service.MarketDataService - [ALGO] ASK: price:119 quantity:5600
16:02:30.381 [main] INFO  c.gettingstarted.MyAlgoLogic - [MYALGO] In Algo Logic.... HeLlO
16:02:30.385 [main] INFO  c.gettingstarted.MyAlgoLogic - [MYALGO] The state of the order book is:
|----BID-----||----ASK----|
    100 @ 98   101 @ 100
    200 @ 95   200 @ 110
    300 @ 91  5000 @ 115
          -   5600 @ 119
|------------||-----------|

bid level is: BID[100@98] long bif level is: 3
ask level is: ASK[101@100] bid at 4
ASK[101@100]far touch 100price46
16:02:30.403 [main] INFO  c.gettingstarted.MyAlgoLogic - [MYALGO] Have:0 children, want 45, joining passive side of book with: 46 @ 100
CreateChildOrder(side=BUY,quantity=46,price=100)
active orders are []
16:02:30.403 [main] INFO  c.container.Actioner - [ALGO] Actioner, sending action:CreateChildOrder(side=BUY,quantity=46,price=100)
16:02:30.403 [main] INFO  c.sequencer.consumer.LoggingConsumer - [2] [CreateOrder](sbeTemplateId=4|sbeSchemaId=2|sbeSchemaVersion=0|sbeBlockLength=33):instrumentId=0|price=100|quantity=46|side=BUY|orderId=2
16:02:30.403 [main] INFO  c.o.v.MutatingMatchOneOrderVisitor - [ORDERBOOK] visiting LevelOrderBookLevel(price=100,quantity=101)
16:02:30.403 [main] INFO  c.o.v.MutatingMatchOneOrderVisitor - [ORDERBOOK] Have found order we can match:MktData(price=100,quantity=101)(Limit(side=BUY,orderId=2,price=100,quantity=46))
16:02:30.403 [main] INFO  c.o.v.MutatingMatchOneOrderVisitor - [ORDERBOOK] Filled 46@100 for order:Limit(side=BUY,orderId=2,price=100,quantity=46)
16:02:30.403 [main] INFO  c.orderbook.channel.OrderChannel - [ORDERBOOK] publishing fill to stream: [FillOrder](sbeTemplateId=10|sbeSchemaId=2|sbeSchemaVersion=0|sbeBlockLength=24):orderId=2|quantity=46|price=100
16:02:30.403 [main] INFO  c.sequencer.consumer.LoggingConsumer - [3] [FillOrder](sbeTemplateId=10|sbeSchemaId=2|sbeSchemaVersion=0|sbeBlockLength=24):orderId=2|quantity=46|price=100
16:02:30.418 [main] INFO  c.gettingstarted.MyAlgoLogic - [MYALGO] In Algo Logic.... HeLlO
16:02:30.424 [main] INFO  c.gettingstarted.MyAlgoLogic - [MYALGO] The state of the order book is:
|----BID-----||----ASK----|
    100 @ 98   101 @ 100
    200 @ 95   200 @ 110
    300 @ 91  5000 @ 115
          -   5600 @ 119
|------------||-----------|

bid level is: BID[100@98] long bif level is: 3
ask level is: ASK[101@100] bid at 4
ASK[101@100]far touch 100price46
16:02:30.424 [main] INFO  c.gettingstarted.MyAlgoLogic - [MYALGO] Have:1 children, want 45, joining passive side of book with: 46 @ 100
CreateChildOrder(side=BUY,quantity=46,price=100)
active orders are [codingblackfemales.sotw.ChildOrder@291caca8]
16:02:30.424 [main] INFO  c.container.Actioner - [ALGO] Actioner, sending action:CreateChildOrder(side=BUY,quantity=46,price=100)
16:02:30.424 [main] INFO  c.sequencer.consumer.LoggingConsumer - [4] [CreateOrder](sbeTemplateId=4|sbeSchemaId=2|sbeSchemaVersion=0|sbeBlockLength=33):instrumentId=0|price=100|quantity=46|side=BUY|orderId=3
16:02:30.424 [main] INFO  c.o.v.MutatingMatchOneOrderVisitor - [ORDERBOOK] visiting LevelOrderBookLevel(price=100,quantity=55)
16:02:30.424 [main] INFO  c.o.v.MutatingMatchOneOrderVisitor - [ORDERBOOK] Have found order we can match:MktData(price=100,quantity=55)(Limit(side=BUY,orderId=3,price=100,quantity=46))
16:02:30.424 [main] INFO  c.o.v.MutatingMatchOneOrderVisitor - [ORDERBOOK] Filled 46@100 for order:Limit(side=BUY,orderId=3,price=100,quantity=46)
16:02:30.424 [main] INFO  c.orderbook.channel.OrderChannel - [ORDERBOOK] publishing fill to stream: [FillOrder](sbeTemplateId=10|sbeSchemaId=2|sbeSchemaVersion=0|sbeBlockLength=24):orderId=3|quantity=46|price=100
16:02:30.424 [main] INFO  c.sequencer.consumer.LoggingConsumer - [5] [FillOrder](sbeTemplateId=10|sbeSchemaId=2|sbeSchemaVersion=0|sbeBlockLength=24):orderId=3|quantity=46|price=100
16:02:30.424 [main] INFO  c.gettingstarted.MyAlgoLogic - [MYALGO] In Algo Logic.... HeLlO
16:02:30.424 [main] INFO  c.gettingstarted.MyAlgoLogic - [MYALGO] The state of the order book is:
|----BID-----||----ASK----|
    100 @ 98   101 @ 100
    200 @ 95   200 @ 110
    300 @ 91  5000 @ 115
          -   5600 @ 119
|------------||-----------|

bid level is: BID[100@98] long bif level is: 3
ask level is: ASK[101@100] bid at 4
ASK[101@100]far touch 100price46
16:02:30.424 [main] INFO  c.gettingstarted.MyAlgoLogic - [MYALGO] Have:2 children, want 45, joining passive side of book with: 46 @ 100
CreateChildOrder(side=BUY,quantity=46,price=100)
active orders are [codingblackfemales.sotw.ChildOrder@291caca8, codingblackfemales.sotw.ChildOrder@385e9564]
16:02:30.424 [main] INFO  c.container.Actioner - [ALGO] Actioner, sending action:CreateChildOrder(side=BUY,quantity=46,price=100)
16:02:30.424 [main] INFO  c.sequencer.consumer.LoggingConsumer - [6] [CreateOrder](sbeTemplateId=4|sbeSchemaId=2|sbeSchemaVersion=0|sbeBlockLength=33):instrumentId=0|price=100|quantity=46|side=BUY|orderId=4
16:02:30.424 [main] INFO  c.o.v.MutatingMatchOneOrderVisitor - [ORDERBOOK] visiting LevelOrderBookLevel(price=100,quantity=9)
16:02:30.424 [main] INFO  c.o.v.MutatingMatchOneOrderVisitor - [ORDERBOOK] Have found order we can match:MktData(price=100,quantity=9)(Limit(side=BUY,orderId=4,price=100,quantity=46))
16:02:30.424 [main] INFO  c.o.v.MutatingMatchOneOrderVisitor - [ORDERBOOK] Filled 9@100 for order:Limit(side=BUY,orderId=4,price=100,quantity=46)
16:02:30.424 [main] INFO  c.orderbook.channel.OrderChannel - [ORDERBOOK] publishing fill to stream: [FillOrder](sbeTemplateId=10|sbeSchemaId=2|sbeSchemaVersion=0|sbeBlockLength=24):orderId=4|quantity=9|price=100
16:02:30.424 [main] INFO  c.sequencer.consumer.LoggingConsumer - [7] [FillOrder](sbeTemplateId=10|sbeSchemaId=2|sbeSchemaVersion=0|sbeBlockLength=24):orderId=4|quantity=9|price=100
16:02:30.424 [main] INFO  c.gettingstarted.MyAlgoLogic - [MYALGO] In Algo Logic.... HeLlO
16:02:30.424 [main] INFO  c.gettingstarted.MyAlgoLogic - [MYALGO] The state of the order book is:
|----BID-----||----ASK----|
    100 @ 98   101 @ 100
    200 @ 95   200 @ 110
    300 @ 91  5000 @ 115
          -   5600 @ 119
|------------||-----------|

bid level is: BID[100@98] long bif level is: 3
ask level is: ASK[101@100] bid at 4
ASK[101@100]far touch 100price46
16:02:30.428 [main] INFO  c.gettingstarted.MyAlgoLogic - [MYALGO] Have:3 children, want 45, joining passive side of book with: 46 @ 100
CreateChildOrder(side=BUY,quantity=46,price=100)
active orders are [codingblackfemales.sotw.ChildOrder@291caca8, codingblackfemales.sotw.ChildOrder@385e9564, codingblackfemales.sotw.ChildOrder@5b94b04d]
16:02:30.428 [main] INFO  c.container.Actioner - [ALGO] Actioner, sending action:CreateChildOrder(side=BUY,quantity=46,price=100)
16:02:30.428 [main] INFO  c.sequencer.consumer.LoggingConsumer - [8] [CreateOrder](sbeTemplateId=4|sbeSchemaId=2|sbeSchemaVersion=0|sbeBlockLength=33):instrumentId=0|price=100|quantity=46|side=BUY|orderId=5
16:02:30.428 [main] INFO  c.orderbook.OrderBook - [ORDERBOOK] Adding passive limit order to BID bookLimit(side=BUY,orderId=5,price=100,quantity=46)
16:02:30.429 [main] DEBUG c.o.v.ReadOnlyMarketDataChannelPublishVisitor - Bid Side Size: 3
16:02:30.429 [main] DEBUG c.o.v.ReadOnlyMarketDataChannelPublishVisitor - Adding Mkt Data Msg BID: Price=98 Qty=100
16:02:30.429 [main] DEBUG c.o.v.ReadOnlyMarketDataChannelPublishVisitor - Adding Mkt Data Msg BID: Price=95 Qty=200
16:02:30.429 [main] DEBUG c.o.v.ReadOnlyMarketDataChannelPublishVisitor - Adding Mkt Data Msg BID: Price=91 Qty=300
16:02:30.429 [main] DEBUG c.o.v.ReadOnlyMarketDataChannelPublishVisitor - Ask Side Size: 3
16:02:30.429 [main] DEBUG c.o.v.ReadOnlyMarketDataChannelPublishVisitor - Adding Mkt Data Msg ASK: Price=110 Qty=200
16:02:30.429 [main] DEBUG c.o.v.ReadOnlyMarketDataChannelPublishVisitor - Adding Mkt Data Msg ASK: Price=115 Qty=5000
16:02:30.429 [main] DEBUG c.o.v.ReadOnlyMarketDataChannelPublishVisitor - Adding Mkt Data Msg ASK: Price=119 Qty=5600
16:02:30.430 [main] INFO  c.o.channel.MarketDataChannel - [ORDERBOOK] Sending market data update...
16:02:30.430 [main] INFO  c.sequencer.consumer.LoggingConsumer - [9] 
|----BID-----|
    100 @ 98
    200 @ 95
    300 @ 91
|----ASK-----|
   200 @ 110
  5000 @ 115
  5600 @ 119

16:02:30.430 [main] DEBUG c.service.MarketDataService - [ALGO] BID: price:98 quantity:100
16:02:30.430 [main] DEBUG c.service.MarketDataService - [ALGO] BID: price:95 quantity:200
16:02:30.430 [main] DEBUG c.service.MarketDataService - [ALGO] BID: price:91 quantity:300
16:02:30.430 [main] DEBUG c.service.MarketDataService - [ALGO] ASK: price:110 quantity:200
16:02:30.430 [main] DEBUG c.service.MarketDataService - [ALGO] ASK: price:115 quantity:5000
16:02:30.430 [main] DEBUG c.service.MarketDataService - [ALGO] ASK: price:119 quantity:5600
16:02:30.430 [main] INFO  c.gettingstarted.MyAlgoLogic - [MYALGO] In Algo Logic.... HeLlO
16:02:30.431 [main] INFO  c.gettingstarted.MyAlgoLogic - [MYALGO] The state of the order book is:
|----BID-----||----ASK----|
    100 @ 98   200 @ 110
    200 @ 95  5000 @ 115
    300 @ 91  5600 @ 119
|------------||-----------|

bid level is: BID[100@98] long bif level is: 3
ask level is: ASK[200@110] bid at 3
ASK[200@110]far touch 110price46
16:02:30.431 [main] INFO  c.gettingstarted.MyAlgoLogic - [MYALGO] Have:4 children, want 45, joining passive side of book with: 46 @ 110
CreateChildOrder(side=BUY,quantity=46,price=110)
active orders are [codingblackfemales.sotw.ChildOrder@291caca8, codingblackfemales.sotw.ChildOrder@385e9564, codingblackfemales.sotw.ChildOrder@5b94b04d, codingblackfemales.sotw.ChildOrder@8c3b9d]
16:02:30.431 [main] INFO  c.container.Actioner - [ALGO] Actioner, sending action:CreateChildOrder(side=BUY,quantity=46,price=110)
16:02:30.431 [main] INFO  c.sequencer.consumer.LoggingConsumer - [10] [CreateOrder](sbeTemplateId=4|sbeSchemaId=2|sbeSchemaVersion=0|sbeBlockLength=33):instrumentId=0|price=110|quantity=46|side=BUY|orderId=6
16:02:30.432 [main] INFO  c.o.v.MutatingMatchOneOrderVisitor - [ORDERBOOK] visiting LevelOrderBookLevel(price=110,quantity=200)
16:02:30.432 [main] INFO  c.o.v.MutatingMatchOneOrderVisitor - [ORDERBOOK] Have found order we can match:MktData(price=110,quantity=200)(Limit(side=BUY,orderId=6,price=110,quantity=46))
16:02:30.432 [main] INFO  c.o.v.MutatingMatchOneOrderVisitor - [ORDERBOOK] Filled 46@110 for order:Limit(side=BUY,orderId=6,price=110,quantity=46)
16:02:30.432 [main] INFO  c.orderbook.channel.OrderChannel - [ORDERBOOK] publishing fill to stream: [FillOrder](sbeTemplateId=10|sbeSchemaId=2|sbeSchemaVersion=0|sbeBlockLength=24):orderId=6|quantity=46|price=110
16:02:30.432 [main] INFO  c.sequencer.consumer.LoggingConsumer - [11] [FillOrder](sbeTemplateId=10|sbeSchemaId=2|sbeSchemaVersion=0|sbeBlockLength=24):orderId=6|quantity=46|price=110
16:02:30.432 [main] INFO  c.gettingstarted.MyAlgoLogic - [MYALGO] In Algo Logic.... HeLlO
16:02:30.432 [main] INFO  c.gettingstarted.MyAlgoLogic - [MYALGO] The state of the order book is:
|----BID-----||----ASK----|
    100 @ 98   200 @ 110
    200 @ 95  5000 @ 115
    300 @ 91  5600 @ 119
|------------||-----------|

bid level is: BID[100@98] long bif level is: 3
ask level is: ASK[200@110] bid at 3
ASK[200@110]far touch 110price46
16:02:30.433 [main] INFO  c.gettingstarted.MyAlgoLogic - [MYALGO] Have:5 children, want 45, joining passive side of book with: 46 @ 110
CreateChildOrder(side=BUY,quantity=46,price=110)
active orders are [codingblackfemales.sotw.ChildOrder@291caca8, codingblackfemales.sotw.ChildOrder@385e9564, codingblackfemales.sotw.ChildOrder@5b94b04d, codingblackfemales.sotw.ChildOrder@8c3b9d, codingblackfemales.sotw.ChildOrder@4c39bec8]
16:02:30.433 [main] INFO  c.container.Actioner - [ALGO] Actioner, sending action:CreateChildOrder(side=BUY,quantity=46,price=110)
16:02:30.433 [main] INFO  c.sequencer.consumer.LoggingConsumer - [12] [CreateOrder](sbeTemplateId=4|sbeSchemaId=2|sbeSchemaVersion=0|sbeBlockLength=33):instrumentId=0|price=110|quantity=46|side=BUY|orderId=7
16:02:30.433 [main] INFO  c.o.v.MutatingMatchOneOrderVisitor - [ORDERBOOK] visiting LevelOrderBookLevel(price=110,quantity=154)
16:02:30.433 [main] INFO  c.o.v.MutatingMatchOneOrderVisitor - [ORDERBOOK] Have found order we can match:MktData(price=110,quantity=154)(Limit(side=BUY,orderId=7,price=110,quantity=46))
16:02:30.433 [main] INFO  c.o.v.MutatingMatchOneOrderVisitor - [ORDERBOOK] Filled 46@110 for order:Limit(side=BUY,orderId=7,price=110,quantity=46)
16:02:30.434 [main] INFO  c.orderbook.channel.OrderChannel - [ORDERBOOK] publishing fill to stream: [FillOrder](sbeTemplateId=10|sbeSchemaId=2|sbeSchemaVersion=0|sbeBlockLength=24):orderId=7|quantity=46|price=110
16:02:30.434 [main] INFO  c.sequencer.consumer.LoggingConsumer - [13] [FillOrder](sbeTemplateId=10|sbeSchemaId=2|sbeSchemaVersion=0|sbeBlockLength=24):orderId=7|quantity=46|price=110
16:02:30.434 [main] INFO  c.gettingstarted.MyAlgoLogic - [MYALGO] In Algo Logic.... HeLlO
16:02:30.435 [main] INFO  c.gettingstarted.MyAlgoLogic - [MYALGO] The state of the order book is:
|----BID-----||----ASK----|
    100 @ 98   200 @ 110
    200 @ 95  5000 @ 115
    300 @ 91  5600 @ 119
|------------||-----------|

bid level is: BID[100@98] long bif level is: 3
ask level is: ASK[200@110] bid at 3
ASK[200@110]far touch 110price46
16:02:30.435 [main] INFO  c.gettingstarted.MyAlgoLogic - [MYALGO] Have:6 children, want 45, joining passive side of book with: 46 @ 110
CreateChildOrder(side=BUY,quantity=46,price=110)
active orders are [codingblackfemales.sotw.ChildOrder@291caca8, codingblackfemales.sotw.ChildOrder@385e9564, codingblackfemales.sotw.ChildOrder@5b94b04d, codingblackfemales.sotw.ChildOrder@8c3b9d, codingblackfemales.sotw.ChildOrder@4c39bec8, codingblackfemales.sotw.ChildOrder@f79e]
16:02:30.435 [main] INFO  c.container.Actioner - [ALGO] Actioner, sending action:CreateChildOrder(side=BUY,quantity=46,price=110)
16:02:30.436 [main] INFO  c.sequencer.consumer.LoggingConsumer - [14] [CreateOrder](sbeTemplateId=4|sbeSchemaId=2|sbeSchemaVersion=0|sbeBlockLength=33):instrumentId=0|price=110|quantity=46|side=BUY|orderId=8
16:02:30.436 [main] INFO  c.o.v.MutatingMatchOneOrderVisitor - [ORDERBOOK] visiting LevelOrderBookLevel(price=110,quantity=108)
16:02:30.436 [main] INFO  c.o.v.MutatingMatchOneOrderVisitor - [ORDERBOOK] Have found order we can match:MktData(price=110,quantity=108)(Limit(side=BUY,orderId=8,price=110,quantity=46))
16:02:30.436 [main] INFO  c.o.v.MutatingMatchOneOrderVisitor - [ORDERBOOK] Filled 46@110 for order:Limit(side=BUY,orderId=8,price=110,quantity=46)
16:02:30.436 [main] INFO  c.orderbook.channel.OrderChannel - [ORDERBOOK] publishing fill to stream: [FillOrder](sbeTemplateId=10|sbeSchemaId=2|sbeSchemaVersion=0|sbeBlockLength=24):orderId=8|quantity=46|price=110
16:02:30.436 [main] INFO  c.sequencer.consumer.LoggingConsumer - [15] [FillOrder](sbeTemplateId=10|sbeSchemaId=2|sbeSchemaVersion=0|sbeBlockLength=24):orderId=8|quantity=46|price=110
16:02:30.436 [main] INFO  c.gettingstarted.MyAlgoLogic - [MYALGO] In Algo Logic.... HeLlO
16:02:30.437 [main] INFO  c.gettingstarted.MyAlgoLogic - [MYALGO] The state of the order book is:
|----BID-----||----ASK----|
    100 @ 98   200 @ 110
    200 @ 95  5000 @ 115
    300 @ 91  5600 @ 119
|------------||-----------|

bid level is: BID[100@98] long bif level is: 3
ask level is: ASK[200@110] bid at 3
ASK[200@110]far touch 110price46
16:02:30.437 [main] INFO  c.gettingstarted.MyAlgoLogic - [MYALGO] Have:7 children, want 45, joining passive side of book with: 46 @ 110
CreateChildOrder(side=BUY,quantity=46,price=110)
active orders are [codingblackfemales.sotw.ChildOrder@291caca8, codingblackfemales.sotw.ChildOrder@385e9564, codingblackfemales.sotw.ChildOrder@5b94b04d, codingblackfemales.sotw.ChildOrder@8c3b9d, codingblackfemales.sotw.ChildOrder@4c39bec8, codingblackfemales.sotw.ChildOrder@f79e, codingblackfemales.sotw.ChildOrder@7ee8290b]
16:02:30.437 [main] INFO  c.container.Actioner - [ALGO] Actioner, sending action:CreateChildOrder(side=BUY,quantity=46,price=110)
16:02:30.437 [main] INFO  c.sequencer.consumer.LoggingConsumer - [16] [CreateOrder](sbeTemplateId=4|sbeSchemaId=2|sbeSchemaVersion=0|sbeBlockLength=33):instrumentId=0|price=110|quantity=46|side=BUY|orderId=9
16:02:30.437 [main] INFO  c.o.v.MutatingMatchOneOrderVisitor - [ORDERBOOK] visiting LevelOrderBookLevel(price=110,quantity=62)
16:02:30.437 [main] INFO  c.o.v.MutatingMatchOneOrderVisitor - [ORDERBOOK] Have found order we can match:MktData(price=110,quantity=62)(Limit(side=BUY,orderId=9,price=110,quantity=46))
16:02:30.437 [main] INFO  c.o.v.MutatingMatchOneOrderVisitor - [ORDERBOOK] Filled 46@110 for order:Limit(side=BUY,orderId=9,price=110,quantity=46)
16:02:30.438 [main] INFO  c.orderbook.channel.OrderChannel - [ORDERBOOK] publishing fill to stream: [FillOrder](sbeTemplateId=10|sbeSchemaId=2|sbeSchemaVersion=0|sbeBlockLength=24):orderId=9|quantity=46|price=110
16:02:30.438 [main] INFO  c.sequencer.consumer.LoggingConsumer - [17] [FillOrder](sbeTemplateId=10|sbeSchemaId=2|sbeSchemaVersion=0|sbeBlockLength=24):orderId=9|quantity=46|price=110
16:02:30.438 [main] INFO  c.gettingstarted.MyAlgoLogic - [MYALGO] In Algo Logic.... HeLlO
16:02:30.438 [main] INFO  c.gettingstarted.MyAlgoLogic - [MYALGO] The state of the order book is:
|----BID-----||----ASK----|
    100 @ 98   200 @ 110
    200 @ 95  5000 @ 115
    300 @ 91  5600 @ 119
|------------||-----------|

bid level is: BID[100@98] long bif level is: 3
ask level is: ASK[200@110] bid at 3
ASK[200@110]far touch 110price46
16:02:30.438 [main] INFO  c.gettingstarted.MyAlgoLogic - [MYALGO] Have:8 children, want 45, joining passive side of book with: 46 @ 110
CreateChildOrder(side=BUY,quantity=46,price=110)
active orders are [codingblackfemales.sotw.ChildOrder@291caca8, codingblackfemales.sotw.ChildOrder@385e9564, codingblackfemales.sotw.ChildOrder@5b94b04d, codingblackfemales.sotw.ChildOrder@8c3b9d, codingblackfemales.sotw.ChildOrder@4c39bec8, codingblackfemales.sotw.ChildOrder@f79e, codingblackfemales.sotw.ChildOrder@7ee8290b, codingblackfemales.sotw.ChildOrder@1f59a598]
16:02:30.439 [main] INFO  c.container.Actioner - [ALGO] Actioner, sending action:CreateChildOrder(side=BUY,quantity=46,price=110)
16:02:30.439 [main] INFO  c.sequencer.consumer.LoggingConsumer - [18] [CreateOrder](sbeTemplateId=4|sbeSchemaId=2|sbeSchemaVersion=0|sbeBlockLength=33):instrumentId=0|price=110|quantity=46|side=BUY|orderId=10
16:02:30.439 [main] INFO  c.o.v.MutatingMatchOneOrderVisitor - [ORDERBOOK] visiting LevelOrderBookLevel(price=110,quantity=16)
16:02:30.439 [main] INFO  c.o.v.MutatingMatchOneOrderVisitor - [ORDERBOOK] Have found order we can match:MktData(price=110,quantity=16)(Limit(side=BUY,orderId=10,price=110,quantity=46))
16:02:30.439 [main] INFO  c.o.v.MutatingMatchOneOrderVisitor - [ORDERBOOK] Filled 16@110 for order:Limit(side=BUY,orderId=10,price=110,quantity=46)
16:02:30.439 [main] INFO  c.orderbook.channel.OrderChannel - [ORDERBOOK] publishing fill to stream: [FillOrder](sbeTemplateId=10|sbeSchemaId=2|sbeSchemaVersion=0|sbeBlockLength=24):orderId=10|quantity=16|price=110
16:02:30.440 [main] INFO  c.sequencer.consumer.LoggingConsumer - [19] [FillOrder](sbeTemplateId=10|sbeSchemaId=2|sbeSchemaVersion=0|sbeBlockLength=24):orderId=10|quantity=16|price=110
16:02:30.440 [main] INFO  c.gettingstarted.MyAlgoLogic - [MYALGO] In Algo Logic.... HeLlO
16:02:30.440 [main] INFO  c.gettingstarted.MyAlgoLogic - [MYALGO] The state of the order book is:
|----BID-----||----ASK----|
    100 @ 98   200 @ 110
    200 @ 95  5000 @ 115
    300 @ 91  5600 @ 119
|------------||-----------|

bid level is: BID[100@98] long bif level is: 3
ask level is: ASK[200@110] bid at 3
ASK[200@110]far touch 110price46
16:02:30.441 [main] INFO  c.gettingstarted.MyAlgoLogic - [MYALGO] Have:9 children, want 45, joining passive side of book with: 46 @ 110
CreateChildOrder(side=BUY,quantity=46,price=110)
active orders are [codingblackfemales.sotw.ChildOrder@291caca8, codingblackfemales.sotw.ChildOrder@385e9564, codingblackfemales.sotw.ChildOrder@5b94b04d, codingblackfemales.sotw.ChildOrder@8c3b9d, codingblackfemales.sotw.ChildOrder@4c39bec8, codingblackfemales.sotw.ChildOrder@f79e, codingblackfemales.sotw.ChildOrder@7ee8290b, codingblackfemales.sotw.ChildOrder@1f59a598, codingblackfemales.sotw.ChildOrder@1e178745]
16:02:30.441 [main] INFO  c.container.Actioner - [ALGO] Actioner, sending action:CreateChildOrder(side=BUY,quantity=46,price=110)
16:02:30.441 [main] INFO  c.sequencer.consumer.LoggingConsumer - [20] [CreateOrder](sbeTemplateId=4|sbeSchemaId=2|sbeSchemaVersion=0|sbeBlockLength=33):instrumentId=0|price=110|quantity=46|side=BUY|orderId=11
16:02:30.442 [main] INFO  c.orderbook.OrderBook - [ORDERBOOK] Adding passive limit order to BID bookLimit(side=BUY,orderId=11,price=110,quantity=46)
16:02:30.442 [main] DEBUG c.o.v.ReadOnlyMarketDataChannelPublishVisitor - Bid Side Size: 3
16:02:30.442 [main] DEBUG c.o.v.ReadOnlyMarketDataChannelPublishVisitor - Adding Mkt Data Msg BID: Price=98 Qty=100
16:02:30.442 [main] DEBUG c.o.v.ReadOnlyMarketDataChannelPublishVisitor - Adding Mkt Data Msg BID: Price=95 Qty=200
16:02:30.442 [main] DEBUG c.o.v.ReadOnlyMarketDataChannelPublishVisitor - Adding Mkt Data Msg BID: Price=91 Qty=300
16:02:30.442 [main] DEBUG c.o.v.ReadOnlyMarketDataChannelPublishVisitor - Ask Side Size: 2
16:02:30.442 [main] DEBUG c.o.v.ReadOnlyMarketDataChannelPublishVisitor - Adding Mkt Data Msg ASK: Price=115 Qty=5000
16:02:30.443 [main] DEBUG c.o.v.ReadOnlyMarketDataChannelPublishVisitor - Adding Mkt Data Msg ASK: Price=119 Qty=5600
16:02:30.443 [main] INFO  c.o.channel.MarketDataChannel - [ORDERBOOK] Sending market data update...
16:02:30.443 [main] INFO  c.sequencer.consumer.LoggingConsumer - [21] 
|----BID-----|
    100 @ 98
    200 @ 95
    300 @ 91
|----ASK-----|
  5000 @ 115
  5600 @ 119

16:02:30.443 [main] DEBUG c.service.MarketDataService - [ALGO] BID: price:98 quantity:100
16:02:30.443 [main] DEBUG c.service.MarketDataService - [ALGO] BID: price:95 quantity:200
16:02:30.443 [main] DEBUG c.service.MarketDataService - [ALGO] BID: price:91 quantity:300
16:02:30.443 [main] DEBUG c.service.MarketDataService - [ALGO] ASK: price:115 quantity:5000
16:02:30.443 [main] DEBUG c.service.MarketDataService - [ALGO] ASK: price:119 quantity:5600
16:02:30.443 [main] INFO  c.gettingstarted.MyAlgoLogic - [MYALGO] In Algo Logic.... HeLlO
16:02:30.444 [main] INFO  c.gettingstarted.MyAlgoLogic - [MYALGO] The state of the order book is:
|----BID-----||----ASK----|
    100 @ 98  5000 @ 115
    200 @ 95  5600 @ 119
    300 @ 91          - 
|------------||-----------|

bid level is: BID[100@98] long bif level is: 3
ask level is: ASK[5000@115] bid at 2
ASK[5000@115]far touch 115price46
16:02:30.444 [main] INFO  c.gettingstarted.MyAlgoLogic - [MYALGO] Have:10 children, want 45, joining passive side of book with: 46 @ 115
CreateChildOrder(side=BUY,quantity=46,price=115)
active orders are [codingblackfemales.sotw.ChildOrder@291caca8, codingblackfemales.sotw.ChildOrder@385e9564, codingblackfemales.sotw.ChildOrder@5b94b04d, codingblackfemales.sotw.ChildOrder@8c3b9d, codingblackfemales.sotw.ChildOrder@4c39bec8, codingblackfemales.sotw.ChildOrder@f79e, codingblackfemales.sotw.ChildOrder@7ee8290b, codingblackfemales.sotw.ChildOrder@1f59a598, codingblackfemales.sotw.ChildOrder@1e178745, codingblackfemales.sotw.ChildOrder@192c3f1e]
16:02:30.444 [main] INFO  c.container.Actioner - [ALGO] Actioner, sending action:CreateChildOrder(side=BUY,quantity=46,price=115)
16:02:30.444 [main] INFO  c.sequencer.consumer.LoggingConsumer - [22] [CreateOrder](sbeTemplateId=4|sbeSchemaId=2|sbeSchemaVersion=0|sbeBlockLength=33):instrumentId=0|price=115|quantity=46|side=BUY|orderId=12
16:02:30.444 [main] INFO  c.o.v.MutatingMatchOneOrderVisitor - [ORDERBOOK] visiting LevelOrderBookLevel(price=115,quantity=5000)
16:02:30.444 [main] INFO  c.o.v.MutatingMatchOneOrderVisitor - [ORDERBOOK] Have found order we can match:MktData(price=115,quantity=5000)(Limit(side=BUY,orderId=12,price=115,quantity=46))
16:02:30.444 [main] INFO  c.o.v.MutatingMatchOneOrderVisitor - [ORDERBOOK] Filled 46@115 for order:Limit(side=BUY,orderId=12,price=115,quantity=46)
16:02:30.444 [main] INFO  c.orderbook.channel.OrderChannel - [ORDERBOOK] publishing fill to stream: [FillOrder](sbeTemplateId=10|sbeSchemaId=2|sbeSchemaVersion=0|sbeBlockLength=24):orderId=12|quantity=46|price=115
16:02:30.444 [main] INFO  c.sequencer.consumer.LoggingConsumer - [23] [FillOrder](sbeTemplateId=10|sbeSchemaId=2|sbeSchemaVersion=0|sbeBlockLength=24):orderId=12|quantity=46|price=115
16:02:30.445 [main] INFO  c.gettingstarted.MyAlgoLogic - [MYALGO] In Algo Logic.... HeLlO
16:02:30.445 [main] INFO  c.gettingstarted.MyAlgoLogic - [MYALGO] The state of the order book is:
|----BID-----||----ASK----|
    100 @ 98  5000 @ 115
    200 @ 95  5600 @ 119
    300 @ 91          - 
|------------||-----------|

bid level is: BID[100@98] long bif level is: 3
ask level is: ASK[5000@115] bid at 2
ASK[5000@115]far touch 115price46
16:02:30.445 [main] INFO  c.gettingstarted.MyAlgoLogic - [MYALGO] Have:11 children, want 45, joining passive side of book with: 46 @ 115
CreateChildOrder(side=BUY,quantity=46,price=115)
active orders are [codingblackfemales.sotw.ChildOrder@291caca8, codingblackfemales.sotw.ChildOrder@385e9564, codingblackfemales.sotw.ChildOrder@5b94b04d, codingblackfemales.sotw.ChildOrder@8c3b9d, codingblackfemales.sotw.ChildOrder@4c39bec8, codingblackfemales.sotw.ChildOrder@f79e, codingblackfemales.sotw.ChildOrder@7ee8290b, codingblackfemales.sotw.ChildOrder@1f59a598, codingblackfemales.sotw.ChildOrder@1e178745, codingblackfemales.sotw.ChildOrder@192c3f1e, codingblackfemales.sotw.ChildOrder@26b3fd41]
16:02:30.445 [main] INFO  c.container.Actioner - [ALGO] Actioner, sending action:CreateChildOrder(side=BUY,quantity=46,price=115)
16:02:30.445 [main] INFO  c.sequencer.consumer.LoggingConsumer - [24] [CreateOrder](sbeTemplateId=4|sbeSchemaId=2|sbeSchemaVersion=0|sbeBlockLength=33):instrumentId=0|price=115|quantity=46|side=BUY|orderId=13
16:02:30.445 [main] INFO  c.o.v.MutatingMatchOneOrderVisitor - [ORDERBOOK] visiting LevelOrderBookLevel(price=115,quantity=4954)
16:02:30.445 [main] INFO  c.o.v.MutatingMatchOneOrderVisitor - [ORDERBOOK] Have found order we can match:MktData(price=115,quantity=4954)(Limit(side=BUY,orderId=13,price=115,quantity=46))
16:02:30.446 [main] INFO  c.o.v.MutatingMatchOneOrderVisitor - [ORDERBOOK] Filled 46@115 for order:Limit(side=BUY,orderId=13,price=115,quantity=46)
16:02:30.446 [main] INFO  c.orderbook.channel.OrderChannel - [ORDERBOOK] publishing fill to stream: [FillOrder](sbeTemplateId=10|sbeSchemaId=2|sbeSchemaVersion=0|sbeBlockLength=24):orderId=13|quantity=46|price=115
16:02:30.446 [main] INFO  c.sequencer.consumer.LoggingConsumer - [25] [FillOrder](sbeTemplateId=10|sbeSchemaId=2|sbeSchemaVersion=0|sbeBlockLength=24):orderId=13|quantity=46|price=115
16:02:30.446 [main] INFO  c.gettingstarted.MyAlgoLogic - [MYALGO] In Algo Logic.... HeLlO
16:02:30.446 [main] INFO  c.gettingstarted.MyAlgoLogic - [MYALGO] The state of the order book is:
|----BID-----||----ASK----|
    100 @ 98  5000 @ 115
    200 @ 95  5600 @ 119
    300 @ 91          - 
|------------||-----------|

bid level is: BID[100@98] long bif level is: 3
ask level is: ASK[5000@115] bid at 2
ASK[5000@115]far touch 115price46
16:02:30.447 [main] INFO  c.gettingstarted.MyAlgoLogic - [MYALGO] Have:12 children, want 45, joining passive side of book with: 46 @ 115
CreateChildOrder(side=BUY,quantity=46,price=115)
active orders are [codingblackfemales.sotw.ChildOrder@291caca8, codingblackfemales.sotw.ChildOrder@385e9564, codingblackfemales.sotw.ChildOrder@5b94b04d, codingblackfemales.sotw.ChildOrder@8c3b9d, codingblackfemales.sotw.ChildOrder@4c39bec8, codingblackfemales.sotw.ChildOrder@f79e, codingblackfemales.sotw.ChildOrder@7ee8290b, codingblackfemales.sotw.ChildOrder@1f59a598, codingblackfemales.sotw.ChildOrder@1e178745, codingblackfemales.sotw.ChildOrder@192c3f1e, codingblackfemales.sotw.ChildOrder@26b3fd41, codingblackfemales.sotw.ChildOrder@7494f96a]
16:02:30.447 [main] INFO  c.container.Actioner - [ALGO] Actioner, sending action:CreateChildOrder(side=BUY,quantity=46,price=115)
16:02:30.447 [main] INFO  c.sequencer.consumer.LoggingConsumer - [26] [CreateOrder](sbeTemplateId=4|sbeSchemaId=2|sbeSchemaVersion=0|sbeBlockLength=33):instrumentId=0|price=115|quantity=46|side=BUY|orderId=14
16:02:30.447 [main] INFO  c.o.v.MutatingMatchOneOrderVisitor - [ORDERBOOK] visiting LevelOrderBookLevel(price=115,quantity=4908)
16:02:30.447 [main] INFO  c.o.v.MutatingMatchOneOrderVisitor - [ORDERBOOK] Have found order we can match:MktData(price=115,quantity=4908)(Limit(side=BUY,orderId=14,price=115,quantity=46))
16:02:30.448 [main] INFO  c.o.v.MutatingMatchOneOrderVisitor - [ORDERBOOK] Filled 46@115 for order:Limit(side=BUY,orderId=14,price=115,quantity=46)
16:02:30.448 [main] INFO  c.orderbook.channel.OrderChannel - [ORDERBOOK] publishing fill to stream: [FillOrder](sbeTemplateId=10|sbeSchemaId=2|sbeSchemaVersion=0|sbeBlockLength=24):orderId=14|quantity=46|price=115
16:02:30.448 [main] INFO  c.sequencer.consumer.LoggingConsumer - [27] [FillOrder](sbeTemplateId=10|sbeSchemaId=2|sbeSchemaVersion=0|sbeBlockLength=24):orderId=14|quantity=46|price=115
16:02:30.448 [main] INFO  c.gettingstarted.MyAlgoLogic - [MYALGO] In Algo Logic.... HeLlO
16:02:30.448 [main] INFO  c.gettingstarted.MyAlgoLogic - [MYALGO] The state of the order book is:
|----BID-----||----ASK----|
    100 @ 98  5000 @ 115
    200 @ 95  5600 @ 119
    300 @ 91          - 
|------------||-----------|

bid level is: BID[100@98] long bif level is: 3
ask level is: ASK[5000@115] bid at 2
ASK[5000@115]far touch 115price46
16:02:30.448 [main] INFO  c.gettingstarted.MyAlgoLogic - [MYALGO] Have:13 children, want 45, joining passive side of book with: 46 @ 115
CreateChildOrder(side=BUY,quantity=46,price=115)
active orders are [codingblackfemales.sotw.ChildOrder@291caca8, codingblackfemales.sotw.ChildOrder@385e9564, codingblackfemales.sotw.ChildOrder@5b94b04d, codingblackfemales.sotw.ChildOrder@8c3b9d, codingblackfemales.sotw.ChildOrder@4c39bec8, codingblackfemales.sotw.ChildOrder@f79e, codingblackfemales.sotw.ChildOrder@7ee8290b, codingblackfemales.sotw.ChildOrder@1f59a598, codingblackfemales.sotw.ChildOrder@1e178745, codingblackfemales.sotw.ChildOrder@192c3f1e, codingblackfemales.sotw.ChildOrder@26b3fd41, codingblackfemales.sotw.ChildOrder@7494f96a, codingblackfemales.sotw.ChildOrder@561b6512]
16:02:30.448 [main] INFO  c.container.Actioner - [ALGO] Actioner, sending action:CreateChildOrder(side=BUY,quantity=46,price=115)
16:02:30.449 [main] INFO  c.sequencer.consumer.LoggingConsumer - [28] [CreateOrder](sbeTemplateId=4|sbeSchemaId=2|sbeSchemaVersion=0|sbeBlockLength=33):instrumentId=0|price=115|quantity=46|side=BUY|orderId=15
16:02:30.449 [main] INFO  c.o.v.MutatingMatchOneOrderVisitor - [ORDERBOOK] visiting LevelOrderBookLevel(price=115,quantity=4862)
16:02:30.449 [main] INFO  c.o.v.MutatingMatchOneOrderVisitor - [ORDERBOOK] Have found order we can match:MktData(price=115,quantity=4862)(Limit(side=BUY,orderId=15,price=115,quantity=46))
16:02:30.449 [main] INFO  c.o.v.MutatingMatchOneOrderVisitor - [ORDERBOOK] Filled 46@115 for order:Limit(side=BUY,orderId=15,price=115,quantity=46)
16:02:30.449 [main] INFO  c.orderbook.channel.OrderChannel - [ORDERBOOK] publishing fill to stream: [FillOrder](sbeTemplateId=10|sbeSchemaId=2|sbeSchemaVersion=0|sbeBlockLength=24):orderId=15|quantity=46|price=115
16:02:30.449 [main] INFO  c.sequencer.consumer.LoggingConsumer - [29] [FillOrder](sbeTemplateId=10|sbeSchemaId=2|sbeSchemaVersion=0|sbeBlockLength=24):orderId=15|quantity=46|price=115
16:02:30.449 [main] INFO  c.gettingstarted.MyAlgoLogic - [MYALGO] In Algo Logic.... HeLlO
16:02:30.449 [main] INFO  c.gettingstarted.MyAlgoLogic - [MYALGO] The state of the order book is:
|----BID-----||----ASK----|
    100 @ 98  5000 @ 115
    200 @ 95  5600 @ 119
    300 @ 91          - 
|------------||-----------|

bid level is: BID[100@98] long bif level is: 3
ask level is: ASK[5000@115] bid at 2
ASK[5000@115]far touch 115price46
16:02:30.450 [main] INFO  c.gettingstarted.MyAlgoLogic - [MYALGO] Have:14 children, want 45, joining passive side of book with: 46 @ 115
CreateChildOrder(side=BUY,quantity=46,price=115)
active orders are [codingblackfemales.sotw.ChildOrder@291caca8, codingblackfemales.sotw.ChildOrder@385e9564, codingblackfemales.sotw.ChildOrder@5b94b04d, codingblackfemales.sotw.ChildOrder@8c3b9d, codingblackfemales.sotw.ChildOrder@4c39bec8, codingblackfemales.sotw.ChildOrder@f79e, codingblackfemales.sotw.ChildOrder@7ee8290b, codingblackfemales.sotw.ChildOrder@1f59a598, codingblackfemales.sotw.ChildOrder@1e178745, codingblackfemales.sotw.ChildOrder@192c3f1e, codingblackfemales.sotw.ChildOrder@26b3fd41, codingblackfemales.sotw.ChildOrder@7494f96a, codingblackfemales.sotw.ChildOrder@561b6512, codingblackfemales.sotw.ChildOrder@2e377400]
16:02:30.450 [main] INFO  c.container.Actioner - [ALGO] Actioner, sending action:CreateChildOrder(side=BUY,quantity=46,price=115)
16:02:30.450 [main] INFO  c.sequencer.consumer.LoggingConsumer - [30] [CreateOrder](sbeTemplateId=4|sbeSchemaId=2|sbeSchemaVersion=0|sbeBlockLength=33):instrumentId=0|price=115|quantity=46|side=BUY|orderId=16
16:02:30.450 [main] INFO  c.o.v.MutatingMatchOneOrderVisitor - [ORDERBOOK] visiting LevelOrderBookLevel(price=115,quantity=4816)
16:02:30.450 [main] INFO  c.o.v.MutatingMatchOneOrderVisitor - [ORDERBOOK] Have found order we can match:MktData(price=115,quantity=4816)(Limit(side=BUY,orderId=16,price=115,quantity=46))
16:02:30.450 [main] INFO  c.o.v.MutatingMatchOneOrderVisitor - [ORDERBOOK] Filled 46@115 for order:Limit(side=BUY,orderId=16,price=115,quantity=46)
16:02:30.450 [main] INFO  c.orderbook.channel.OrderChannel - [ORDERBOOK] publishing fill to stream: [FillOrder](sbeTemplateId=10|sbeSchemaId=2|sbeSchemaVersion=0|sbeBlockLength=24):orderId=16|quantity=46|price=115
16:02:30.451 [main] INFO  c.sequencer.consumer.LoggingConsumer - [31] [FillOrder](sbeTemplateId=10|sbeSchemaId=2|sbeSchemaVersion=0|sbeBlockLength=24):orderId=16|quantity=46|price=115
16:02:30.451 [main] INFO  c.gettingstarted.MyAlgoLogic - [MYALGO] In Algo Logic.... HeLlO
16:02:30.451 [main] INFO  c.gettingstarted.MyAlgoLogic - [MYALGO] The state of the order book is:
|----BID-----||----ASK----|
    100 @ 98  5000 @ 115
    200 @ 95  5600 @ 119
    300 @ 91          - 
|------------||-----------|

bid level is: BID[100@98] long bif level is: 3
ask level is: ASK[5000@115] bid at 2
ASK[5000@115]far touch 115price46
16:02:30.452 [main] INFO  c.gettingstarted.MyAlgoLogic - [MYALGO] Have:15 children, want 45, joining passive side of book with: 46 @ 115
CreateChildOrder(side=BUY,quantity=46,price=115)
active orders are [codingblackfemales.sotw.ChildOrder@291caca8, codingblackfemales.sotw.ChildOrder@385e9564, codingblackfemales.sotw.ChildOrder@5b94b04d, codingblackfemales.sotw.ChildOrder@8c3b9d, codingblackfemales.sotw.ChildOrder@4c39bec8, codingblackfemales.sotw.ChildOrder@f79e, codingblackfemales.sotw.ChildOrder@7ee8290b, codingblackfemales.sotw.ChildOrder@1f59a598, codingblackfemales.sotw.ChildOrder@1e178745, codingblackfemales.sotw.ChildOrder@192c3f1e, codingblackfemales.sotw.ChildOrder@26b3fd41, codingblackfemales.sotw.ChildOrder@7494f96a, codingblackfemales.sotw.ChildOrder@561b6512, codingblackfemales.sotw.ChildOrder@2e377400, codingblackfemales.sotw.ChildOrder@1757cd72]
16:02:30.452 [main] INFO  c.container.Actioner - [ALGO] Actioner, sending action:CreateChildOrder(side=BUY,quantity=46,price=115)
16:02:30.452 [main] INFO  c.sequencer.consumer.LoggingConsumer - [32] [CreateOrder](sbeTemplateId=4|sbeSchemaId=2|sbeSchemaVersion=0|sbeBlockLength=33):instrumentId=0|price=115|quantity=46|side=BUY|orderId=17
16:02:30.453 [main] INFO  c.o.v.MutatingMatchOneOrderVisitor - [ORDERBOOK] visiting LevelOrderBookLevel(price=115,quantity=4770)
16:02:30.453 [main] INFO  c.o.v.MutatingMatchOneOrderVisitor - [ORDERBOOK] Have found order we can match:MktData(price=115,quantity=4770)(Limit(side=BUY,orderId=17,price=115,quantity=46))
16:02:30.453 [main] INFO  c.o.v.MutatingMatchOneOrderVisitor - [ORDERBOOK] Filled 46@115 for order:Limit(side=BUY,orderId=17,price=115,quantity=46)
16:02:30.453 [main] INFO  c.orderbook.channel.OrderChannel - [ORDERBOOK] publishing fill to stream: [FillOrder](sbeTemplateId=10|sbeSchemaId=2|sbeSchemaVersion=0|sbeBlockLength=24):orderId=17|quantity=46|price=115
16:02:30.453 [main] INFO  c.sequencer.consumer.LoggingConsumer - [33] [FillOrder](sbeTemplateId=10|sbeSchemaId=2|sbeSchemaVersion=0|sbeBlockLength=24):orderId=17|quantity=46|price=115
16:02:30.453 [main] INFO  c.gettingstarted.MyAlgoLogic - [MYALGO] In Algo Logic.... HeLlO
16:02:30.453 [main] INFO  c.gettingstarted.MyAlgoLogic - [MYALGO] The state of the order book is:
|----BID-----||----ASK----|
    100 @ 98  5000 @ 115
    200 @ 95  5600 @ 119
    300 @ 91          - 
|------------||-----------|

bid level is: BID[100@98] long bif level is: 3
ask level is: ASK[5000@115] bid at 2
ASK[5000@115]far touch 115price46
16:02:30.454 [main] INFO  c.gettingstarted.MyAlgoLogic - [MYALGO] Have:16 children, want 45, joining passive side of book with: 46 @ 115
CreateChildOrder(side=BUY,quantity=46,price=115)
active orders are [codingblackfemales.sotw.ChildOrder@291caca8, codingblackfemales.sotw.ChildOrder@385e9564, codingblackfemales.sotw.ChildOrder@5b94b04d, codingblackfemales.sotw.ChildOrder@8c3b9d, codingblackfemales.sotw.ChildOrder@4c39bec8, codingblackfemales.sotw.ChildOrder@f79e, codingblackfemales.sotw.ChildOrder@7ee8290b, codingblackfemales.sotw.ChildOrder@1f59a598, codingblackfemales.sotw.ChildOrder@1e178745, codingblackfemales.sotw.ChildOrder@192c3f1e, codingblackfemales.sotw.ChildOrder@26b3fd41, codingblackfemales.sotw.ChildOrder@7494f96a, codingblackfemales.sotw.ChildOrder@561b6512, codingblackfemales.sotw.ChildOrder@2e377400, codingblackfemales.sotw.ChildOrder@1757cd72, codingblackfemales.sotw.ChildOrder@445b295b]
16:02:30.454 [main] INFO  c.container.Actioner - [ALGO] Actioner, sending action:CreateChildOrder(side=BUY,quantity=46,price=115)
16:02:30.454 [main] INFO  c.sequencer.consumer.LoggingConsumer - [34] [CreateOrder](sbeTemplateId=4|sbeSchemaId=2|sbeSchemaVersion=0|sbeBlockLength=33):instrumentId=0|price=115|quantity=46|side=BUY|orderId=18
16:02:30.454 [main] INFO  c.o.v.MutatingMatchOneOrderVisitor - [ORDERBOOK] visiting LevelOrderBookLevel(price=115,quantity=4724)
16:02:30.454 [main] INFO  c.o.v.MutatingMatchOneOrderVisitor - [ORDERBOOK] Have found order we can match:MktData(price=115,quantity=4724)(Limit(side=BUY,orderId=18,price=115,quantity=46))
16:02:30.454 [main] INFO  c.o.v.MutatingMatchOneOrderVisitor - [ORDERBOOK] Filled 46@115 for order:Limit(side=BUY,orderId=18,price=115,quantity=46)
16:02:30.454 [main] INFO  c.orderbook.channel.OrderChannel - [ORDERBOOK] publishing fill to stream: [FillOrder](sbeTemplateId=10|sbeSchemaId=2|sbeSchemaVersion=0|sbeBlockLength=24):orderId=18|quantity=46|price=115
16:02:30.454 [main] INFO  c.sequencer.consumer.LoggingConsumer - [35] [FillOrder](sbeTemplateId=10|sbeSchemaId=2|sbeSchemaVersion=0|sbeBlockLength=24):orderId=18|quantity=46|price=115
16:02:30.454 [main] INFO  c.gettingstarted.MyAlgoLogic - [MYALGO] In Algo Logic.... HeLlO
16:02:30.455 [main] INFO  c.gettingstarted.MyAlgoLogic - [MYALGO] The state of the order book is:
|----BID-----||----ASK----|
    100 @ 98  5000 @ 115
    200 @ 95  5600 @ 119
    300 @ 91          - 
|------------||-----------|

bid level is: BID[100@98] long bif level is: 3
ask level is: ASK[5000@115] bid at 2
ASK[5000@115]far touch 115price46
16:02:30.455 [main] INFO  c.gettingstarted.MyAlgoLogic - [MYALGO] Have:17 children, want 45, joining passive side of book with: 46 @ 115
CreateChildOrder(side=BUY,quantity=46,price=115)
active orders are [codingblackfemales.sotw.ChildOrder@291caca8, codingblackfemales.sotw.ChildOrder@385e9564, codingblackfemales.sotw.ChildOrder@5b94b04d, codingblackfemales.sotw.ChildOrder@8c3b9d, codingblackfemales.sotw.ChildOrder@4c39bec8, codingblackfemales.sotw.ChildOrder@f79e, codingblackfemales.sotw.ChildOrder@7ee8290b, codingblackfemales.sotw.ChildOrder@1f59a598, codingblackfemales.sotw.ChildOrder@1e178745, codingblackfemales.sotw.ChildOrder@192c3f1e, codingblackfemales.sotw.ChildOrder@26b3fd41, codingblackfemales.sotw.ChildOrder@7494f96a, codingblackfemales.sotw.ChildOrder@561b6512, codingblackfemales.sotw.ChildOrder@2e377400, codingblackfemales.sotw.ChildOrder@1757cd72, codingblackfemales.sotw.ChildOrder@445b295b, codingblackfemales.sotw.ChildOrder@49e5f737]
16:02:30.457 [main] INFO  c.container.Actioner - [ALGO] Actioner, sending action:CreateChildOrder(side=BUY,quantity=46,price=115)
16:02:30.458 [main] INFO  c.sequencer.consumer.LoggingConsumer - [36] [CreateOrder](sbeTemplateId=4|sbeSchemaId=2|sbeSchemaVersion=0|sbeBlockLength=33):instrumentId=0|price=115|quantity=46|side=BUY|orderId=19
16:02:30.458 [main] INFO  c.o.v.MutatingMatchOneOrderVisitor - [ORDERBOOK] visiting LevelOrderBookLevel(price=115,quantity=4678)
16:02:30.458 [main] INFO  c.o.v.MutatingMatchOneOrderVisitor - [ORDERBOOK] Have found order we can match:MktData(price=115,quantity=4678)(Limit(side=BUY,orderId=19,price=115,quantity=46))
16:02:30.459 [main] INFO  c.o.v.MutatingMatchOneOrderVisitor - [ORDERBOOK] Filled 46@115 for order:Limit(side=BUY,orderId=19,price=115,quantity=46)
16:02:30.459 [main] INFO  c.orderbook.channel.OrderChannel - [ORDERBOOK] publishing fill to stream: [FillOrder](sbeTemplateId=10|sbeSchemaId=2|sbeSchemaVersion=0|sbeBlockLength=24):orderId=19|quantity=46|price=115
16:02:30.460 [main] INFO  c.sequencer.consumer.LoggingConsumer - [37] [FillOrder](sbeTemplateId=10|sbeSchemaId=2|sbeSchemaVersion=0|sbeBlockLength=24):orderId=19|quantity=46|price=115
16:02:30.460 [main] INFO  c.gettingstarted.MyAlgoLogic - [MYALGO] In Algo Logic.... HeLlO
16:02:30.460 [main] INFO  c.gettingstarted.MyAlgoLogic - [MYALGO] The state of the order book is:
|----BID-----||----ASK----|
    100 @ 98  5000 @ 115
    200 @ 95  5600 @ 119
    300 @ 91          - 
|------------||-----------|

bid level is: BID[100@98] long bif level is: 3
ask level is: ASK[5000@115] bid at 2
ASK[5000@115]far touch 115price46
16:02:30.461 [main] INFO  c.gettingstarted.MyAlgoLogic - [MYALGO] Have:18 children, want 45, joining passive side of book with: 46 @ 115
CreateChildOrder(side=BUY,quantity=46,price=115)
active orders are [codingblackfemales.sotw.ChildOrder@291caca8, codingblackfemales.sotw.ChildOrder@385e9564, codingblackfemales.sotw.ChildOrder@5b94b04d, codingblackfemales.sotw.ChildOrder@8c3b9d, codingblackfemales.sotw.ChildOrder@4c39bec8, codingblackfemales.sotw.ChildOrder@f79e, codingblackfemales.sotw.ChildOrder@7ee8290b, codingblackfemales.sotw.ChildOrder@1f59a598, codingblackfemales.sotw.ChildOrder@1e178745, codingblackfemales.sotw.ChildOrder@192c3f1e, codingblackfemales.sotw.ChildOrder@26b3fd41, codingblackfemales.sotw.ChildOrder@7494f96a, codingblackfemales.sotw.ChildOrder@561b6512, codingblackfemales.sotw.ChildOrder@2e377400, codingblackfemales.sotw.ChildOrder@1757cd72, codingblackfemales.sotw.ChildOrder@445b295b, codingblackfemales.sotw.ChildOrder@49e5f737, codingblackfemales.sotw.ChildOrder@5c671d7f]
16:02:30.461 [main] INFO  c.container.Actioner - [ALGO] Actioner, sending action:CreateChildOrder(side=BUY,quantity=46,price=115)
16:02:30.461 [main] INFO  c.sequencer.consumer.LoggingConsumer - [38] [CreateOrder](sbeTemplateId=4|sbeSchemaId=2|sbeSchemaVersion=0|sbeBlockLength=33):instrumentId=0|price=115|quantity=46|side=BUY|orderId=20
16:02:30.461 [main] INFO  c.o.v.MutatingMatchOneOrderVisitor - [ORDERBOOK] visiting LevelOrderBookLevel(price=115,quantity=4632)
16:02:30.461 [main] INFO  c.o.v.MutatingMatchOneOrderVisitor - [ORDERBOOK] Have found order we can match:MktData(price=115,quantity=4632)(Limit(side=BUY,orderId=20,price=115,quantity=46))
16:02:30.461 [main] INFO  c.o.v.MutatingMatchOneOrderVisitor - [ORDERBOOK] Filled 46@115 for order:Limit(side=BUY,orderId=20,price=115,quantity=46)
16:02:30.461 [main] INFO  c.orderbook.channel.OrderChannel - [ORDERBOOK] publishing fill to stream: [FillOrder](sbeTemplateId=10|sbeSchemaId=2|sbeSchemaVersion=0|sbeBlockLength=24):orderId=20|quantity=46|price=115
16:02:30.461 [main] INFO  c.sequencer.consumer.LoggingConsumer - [39] [FillOrder](sbeTemplateId=10|sbeSchemaId=2|sbeSchemaVersion=0|sbeBlockLength=24):orderId=20|quantity=46|price=115
16:02:30.461 [main] INFO  c.gettingstarted.MyAlgoLogic - [MYALGO] In Algo Logic.... HeLlO
16:02:30.462 [main] INFO  c.gettingstarted.MyAlgoLogic - [MYALGO] The state of the order book is:
|----BID-----||----ASK----|
    100 @ 98  5000 @ 115
    200 @ 95  5600 @ 119
    300 @ 91          - 
|------------||-----------|

bid level is: BID[100@98] long bif level is: 3
ask level is: ASK[5000@115] bid at 2
ASK[5000@115]far touch 115price46
16:02:30.464 [main] INFO  c.gettingstarted.MyAlgoLogic - [MYALGO] Have:19 children, want 45, joining passive side of book with: 46 @ 115
CreateChildOrder(side=BUY,quantity=46,price=115)
active orders are [codingblackfemales.sotw.ChildOrder@291caca8, codingblackfemales.sotw.ChildOrder@385e9564, codingblackfemales.sotw.ChildOrder@5b94b04d, codingblackfemales.sotw.ChildOrder@8c3b9d, codingblackfemales.sotw.ChildOrder@4c39bec8, codingblackfemales.sotw.ChildOrder@f79e, codingblackfemales.sotw.ChildOrder@7ee8290b, codingblackfemales.sotw.ChildOrder@1f59a598, codingblackfemales.sotw.ChildOrder@1e178745, codingblackfemales.sotw.ChildOrder@192c3f1e, codingblackfemales.sotw.ChildOrder@26b3fd41, codingblackfemales.sotw.ChildOrder@7494f96a, codingblackfemales.sotw.ChildOrder@561b6512, codingblackfemales.sotw.ChildOrder@2e377400, codingblackfemales.sotw.ChildOrder@1757cd72, codingblackfemales.sotw.ChildOrder@445b295b, codingblackfemales.sotw.ChildOrder@49e5f737, codingblackfemales.sotw.ChildOrder@5c671d7f, codingblackfemales.sotw.ChildOrder@757277dc]
16:02:30.464 [main] INFO  c.container.Actioner - [ALGO] Actioner, sending action:CreateChildOrder(side=BUY,quantity=46,price=115)
16:02:30.464 [main] INFO  c.sequencer.consumer.LoggingConsumer - [40] [CreateOrder](sbeTemplateId=4|sbeSchemaId=2|sbeSchemaVersion=0|sbeBlockLength=33):instrumentId=0|price=115|quantity=46|side=BUY|orderId=21
16:02:30.464 [main] INFO  c.o.v.MutatingMatchOneOrderVisitor - [ORDERBOOK] visiting LevelOrderBookLevel(price=115,quantity=4586)
16:02:30.465 [main] INFO  c.o.v.MutatingMatchOneOrderVisitor - [ORDERBOOK] Have found order we can match:MktData(price=115,quantity=4586)(Limit(side=BUY,orderId=21,price=115,quantity=46))
16:02:30.465 [main] INFO  c.o.v.MutatingMatchOneOrderVisitor - [ORDERBOOK] Filled 46@115 for order:Limit(side=BUY,orderId=21,price=115,quantity=46)
16:02:30.465 [main] INFO  c.orderbook.channel.OrderChannel - [ORDERBOOK] publishing fill to stream: [FillOrder](sbeTemplateId=10|sbeSchemaId=2|sbeSchemaVersion=0|sbeBlockLength=24):orderId=21|quantity=46|price=115
16:02:30.465 [main] INFO  c.sequencer.consumer.LoggingConsumer - [41] [FillOrder](sbeTemplateId=10|sbeSchemaId=2|sbeSchemaVersion=0|sbeBlockLength=24):orderId=21|quantity=46|price=115
16:02:30.465 [main] INFO  c.gettingstarted.MyAlgoLogic - [MYALGO] In Algo Logic.... HeLlO
16:02:30.465 [main] INFO  c.gettingstarted.MyAlgoLogic - [MYALGO] The state of the order book is:
|----BID-----||----ASK----|
    100 @ 98  5000 @ 115
    200 @ 95  5600 @ 119
    300 @ 91          - 
|------------||-----------|

bid level is: BID[100@98] long bif level is: 3
ask level is: ASK[5000@115] bid at 2
ASK[5000@115]far touch 115price46
16:02:30.466 [main] INFO  c.gettingstarted.MyAlgoLogic - [MYALGO] Have:20 children, want 45, joining passive side of book with: 46 @ 115
CreateChildOrder(side=BUY,quantity=46,price=115)
active orders are [codingblackfemales.sotw.ChildOrder@291caca8, codingblackfemales.sotw.ChildOrder@385e9564, codingblackfemales.sotw.ChildOrder@5b94b04d, codingblackfemales.sotw.ChildOrder@8c3b9d, codingblackfemales.sotw.ChildOrder@4c39bec8, codingblackfemales.sotw.ChildOrder@f79e, codingblackfemales.sotw.ChildOrder@7ee8290b, codingblackfemales.sotw.ChildOrder@1f59a598, codingblackfemales.sotw.ChildOrder@1e178745, codingblackfemales.sotw.ChildOrder@192c3f1e, codingblackfemales.sotw.ChildOrder@26b3fd41, codingblackfemales.sotw.ChildOrder@7494f96a, codingblackfemales.sotw.ChildOrder@561b6512, codingblackfemales.sotw.ChildOrder@2e377400, codingblackfemales.sotw.ChildOrder@1757cd72, codingblackfemales.sotw.ChildOrder@445b295b, codingblackfemales.sotw.ChildOrder@49e5f737, codingblackfemales.sotw.ChildOrder@5c671d7f, codingblackfemales.sotw.ChildOrder@757277dc, codingblackfemales.sotw.ChildOrder@687e99d8]
16:02:30.466 [main] INFO  c.container.Actioner - [ALGO] Actioner, sending action:CreateChildOrder(side=BUY,quantity=46,price=115)
16:02:30.466 [main] INFO  c.sequencer.consumer.LoggingConsumer - [42] [CreateOrder](sbeTemplateId=4|sbeSchemaId=2|sbeSchemaVersion=0|sbeBlockLength=33):instrumentId=0|price=115|quantity=46|side=BUY|orderId=22
16:02:30.466 [main] INFO  c.o.v.MutatingMatchOneOrderVisitor - [ORDERBOOK] visiting LevelOrderBookLevel(price=115,quantity=4540)
16:02:30.466 [main] INFO  c.o.v.MutatingMatchOneOrderVisitor - [ORDERBOOK] Have found order we can match:MktData(price=115,quantity=4540)(Limit(side=BUY,orderId=22,price=115,quantity=46))
16:02:30.466 [main] INFO  c.o.v.MutatingMatchOneOrderVisitor - [ORDERBOOK] Filled 46@115 for order:Limit(side=BUY,orderId=22,price=115,quantity=46)
16:02:30.466 [main] INFO  c.orderbook.channel.OrderChannel - [ORDERBOOK] publishing fill to stream: [FillOrder](sbeTemplateId=10|sbeSchemaId=2|sbeSchemaVersion=0|sbeBlockLength=24):orderId=22|quantity=46|price=115
16:02:30.466 [main] INFO  c.sequencer.consumer.LoggingConsumer - [43] [FillOrder](sbeTemplateId=10|sbeSchemaId=2|sbeSchemaVersion=0|sbeBlockLength=24):orderId=22|quantity=46|price=115
16:02:30.466 [main] INFO  c.gettingstarted.MyAlgoLogic - [MYALGO] In Algo Logic.... HeLlO
16:02:30.466 [main] INFO  c.gettingstarted.MyAlgoLogic - [MYALGO] The state of the order book is:
|----BID-----||----ASK----|
    100 @ 98  5000 @ 115
    200 @ 95  5600 @ 119
    300 @ 91          - 
|------------||-----------|

bid level is: BID[100@98] long bif level is: 3
ask level is: ASK[5000@115] bid at 2
ASK[5000@115]far touch 115price46
16:02:30.467 [main] INFO  c.gettingstarted.MyAlgoLogic - [MYALGO] Have:21 children, want 45, joining passive side of book with: 46 @ 115
CreateChildOrder(side=BUY,quantity=46,price=115)
active orders are [codingblackfemales.sotw.ChildOrder@291caca8, codingblackfemales.sotw.ChildOrder@385e9564, codingblackfemales.sotw.ChildOrder@5b94b04d, codingblackfemales.sotw.ChildOrder@8c3b9d, codingblackfemales.sotw.ChildOrder@4c39bec8, codingblackfemales.sotw.ChildOrder@f79e, codingblackfemales.sotw.ChildOrder@7ee8290b, codingblackfemales.sotw.ChildOrder@1f59a598, codingblackfemales.sotw.ChildOrder@1e178745, codingblackfemales.sotw.ChildOrder@192c3f1e, codingblackfemales.sotw.ChildOrder@26b3fd41, codingblackfemales.sotw.ChildOrder@7494f96a, codingblackfemales.sotw.ChildOrder@561b6512, codingblackfemales.sotw.ChildOrder@2e377400, codingblackfemales.sotw.ChildOrder@1757cd72, codingblackfemales.sotw.ChildOrder@445b295b, codingblackfemales.sotw.ChildOrder@49e5f737, codingblackfemales.sotw.ChildOrder@5c671d7f, codingblackfemales.sotw.ChildOrder@757277dc, codingblackfemales.sotw.ChildOrder@687e99d8, codingblackfemales.sotw.ChildOrder@e4487af]
16:02:30.467 [main] INFO  c.container.Actioner - [ALGO] Actioner, sending action:CreateChildOrder(side=BUY,quantity=46,price=115)
16:02:30.467 [main] INFO  c.sequencer.consumer.LoggingConsumer - [44] [CreateOrder](sbeTemplateId=4|sbeSchemaId=2|sbeSchemaVersion=0|sbeBlockLength=33):instrumentId=0|price=115|quantity=46|side=BUY|orderId=23
16:02:30.467 [main] INFO  c.o.v.MutatingMatchOneOrderVisitor - [ORDERBOOK] visiting LevelOrderBookLevel(price=115,quantity=4494)
16:02:30.467 [main] INFO  c.o.v.MutatingMatchOneOrderVisitor - [ORDERBOOK] Have found order we can match:MktData(price=115,quantity=4494)(Limit(side=BUY,orderId=23,price=115,quantity=46))
16:02:30.467 [main] INFO  c.o.v.MutatingMatchOneOrderVisitor - [ORDERBOOK] Filled 46@115 for order:Limit(side=BUY,orderId=23,price=115,quantity=46)
16:02:30.467 [main] INFO  c.orderbook.channel.OrderChannel - [ORDERBOOK] publishing fill to stream: [FillOrder](sbeTemplateId=10|sbeSchemaId=2|sbeSchemaVersion=0|sbeBlockLength=24):orderId=23|quantity=46|price=115
16:02:30.467 [main] INFO  c.sequencer.consumer.LoggingConsumer - [45] [FillOrder](sbeTemplateId=10|sbeSchemaId=2|sbeSchemaVersion=0|sbeBlockLength=24):orderId=23|quantity=46|price=115
16:02:30.468 [main] INFO  c.gettingstarted.MyAlgoLogic - [MYALGO] In Algo Logic.... HeLlO
16:02:30.468 [main] INFO  c.gettingstarted.MyAlgoLogic - [MYALGO] The state of the order book is:
|----BID-----||----ASK----|
    100 @ 98  5000 @ 115
    200 @ 95  5600 @ 119
    300 @ 91          - 
|------------||-----------|

bid level is: BID[100@98] long bif level is: 3
ask level is: ASK[5000@115] bid at 2
ASK[5000@115]far touch 115price46
16:02:30.468 [main] INFO  c.gettingstarted.MyAlgoLogic - [MYALGO] Have:22 children, want 45, joining passive side of book with: 46 @ 115
CreateChildOrder(side=BUY,quantity=46,price=115)
active orders are [codingblackfemales.sotw.ChildOrder@291caca8, codingblackfemales.sotw.ChildOrder@385e9564, codingblackfemales.sotw.ChildOrder@5b94b04d, codingblackfemales.sotw.ChildOrder@8c3b9d, codingblackfemales.sotw.ChildOrder@4c39bec8, codingblackfemales.sotw.ChildOrder@f79e, codingblackfemales.sotw.ChildOrder@7ee8290b, codingblackfemales.sotw.ChildOrder@1f59a598, codingblackfemales.sotw.ChildOrder@1e178745, codingblackfemales.sotw.ChildOrder@192c3f1e, codingblackfemales.sotw.ChildOrder@26b3fd41, codingblackfemales.sotw.ChildOrder@7494f96a, codingblackfemales.sotw.ChildOrder@561b6512, codingblackfemales.sotw.ChildOrder@2e377400, codingblackfemales.sotw.ChildOrder@1757cd72, codingblackfemales.sotw.ChildOrder@445b295b, codingblackfemales.sotw.ChildOrder@49e5f737, codingblackfemales.sotw.ChildOrder@5c671d7f, codingblackfemales.sotw.ChildOrder@757277dc, codingblackfemales.sotw.ChildOrder@687e99d8, codingblackfemales.sotw.ChildOrder@e4487af, codingblackfemales.sotw.ChildOrder@6aaceffd]
16:02:30.468 [main] INFO  c.container.Actioner - [ALGO] Actioner, sending action:CreateChildOrder(side=BUY,quantity=46,price=115)
16:02:30.469 [main] INFO  c.sequencer.consumer.LoggingConsumer - [46] [CreateOrder](sbeTemplateId=4|sbeSchemaId=2|sbeSchemaVersion=0|sbeBlockLength=33):instrumentId=0|price=115|quantity=46|side=BUY|orderId=24
16:02:30.469 [main] INFO  c.o.v.MutatingMatchOneOrderVisitor - [ORDERBOOK] visiting LevelOrderBookLevel(price=115,quantity=4448)
16:02:30.469 [main] INFO  c.o.v.MutatingMatchOneOrderVisitor - [ORDERBOOK] Have found order we can match:MktData(price=115,quantity=4448)(Limit(side=BUY,orderId=24,price=115,quantity=46))
16:02:30.469 [main] INFO  c.o.v.MutatingMatchOneOrderVisitor - [ORDERBOOK] Filled 46@115 for order:Limit(side=BUY,orderId=24,price=115,quantity=46)
16:02:30.469 [main] INFO  c.orderbook.channel.OrderChannel - [ORDERBOOK] publishing fill to stream: [FillOrder](sbeTemplateId=10|sbeSchemaId=2|sbeSchemaVersion=0|sbeBlockLength=24):orderId=24|quantity=46|price=115
16:02:30.469 [main] INFO  c.sequencer.consumer.LoggingConsumer - [47] [FillOrder](sbeTemplateId=10|sbeSchemaId=2|sbeSchemaVersion=0|sbeBlockLength=24):orderId=24|quantity=46|price=115
16:02:30.469 [main] INFO  c.gettingstarted.MyAlgoLogic - [MYALGO] In Algo Logic.... HeLlO
16:02:30.469 [main] INFO  c.gettingstarted.MyAlgoLogic - [MYALGO] The state of the order book is:
|----BID-----||----ASK----|
    100 @ 98  5000 @ 115
    200 @ 95  5600 @ 119
    300 @ 91          - 
|------------||-----------|

bid level is: BID[100@98] long bif level is: 3
ask level is: ASK[5000@115] bid at 2
ASK[5000@115]far touch 115price46
16:02:30.469 [main] INFO  c.gettingstarted.MyAlgoLogic - [MYALGO] Have:23 children, want 45, joining passive side of book with: 46 @ 115
CreateChildOrder(side=BUY,quantity=46,price=115)
active orders are [codingblackfemales.sotw.ChildOrder@291caca8, codingblackfemales.sotw.ChildOrder@385e9564, codingblackfemales.sotw.ChildOrder@5b94b04d, codingblackfemales.sotw.ChildOrder@8c3b9d, codingblackfemales.sotw.ChildOrder@4c39bec8, codingblackfemales.sotw.ChildOrder@f79e, codingblackfemales.sotw.ChildOrder@7ee8290b, codingblackfemales.sotw.ChildOrder@1f59a598, codingblackfemales.sotw.ChildOrder@1e178745, codingblackfemales.sotw.ChildOrder@192c3f1e, codingblackfemales.sotw.ChildOrder@26b3fd41, codingblackfemales.sotw.ChildOrder@7494f96a, codingblackfemales.sotw.ChildOrder@561b6512, codingblackfemales.sotw.ChildOrder@2e377400, codingblackfemales.sotw.ChildOrder@1757cd72, codingblackfemales.sotw.ChildOrder@445b295b, codingblackfemales.sotw.ChildOrder@49e5f737, codingblackfemales.sotw.ChildOrder@5c671d7f, codingblackfemales.sotw.ChildOrder@757277dc, codingblackfemales.sotw.ChildOrder@687e99d8, codingblackfemales.sotw.ChildOrder@e4487af, codingblackfemales.sotw.ChildOrder@6aaceffd, codingblackfemales.sotw.ChildOrder@c86b9e3]
16:02:30.470 [main] INFO  c.container.Actioner - [ALGO] Actioner, sending action:CreateChildOrder(side=BUY,quantity=46,price=115)
16:02:30.470 [main] INFO  c.sequencer.consumer.LoggingConsumer - [48] [CreateOrder](sbeTemplateId=4|sbeSchemaId=2|sbeSchemaVersion=0|sbeBlockLength=33):instrumentId=0|price=115|quantity=46|side=BUY|orderId=25
16:02:30.470 [main] INFO  c.o.v.MutatingMatchOneOrderVisitor - [ORDERBOOK] visiting LevelOrderBookLevel(price=115,quantity=4402)
16:02:30.470 [main] INFO  c.o.v.MutatingMatchOneOrderVisitor - [ORDERBOOK] Have found order we can match:MktData(price=115,quantity=4402)(Limit(side=BUY,orderId=25,price=115,quantity=46))
16:02:30.470 [main] INFO  c.o.v.MutatingMatchOneOrderVisitor - [ORDERBOOK] Filled 46@115 for order:Limit(side=BUY,orderId=25,price=115,quantity=46)
16:02:30.470 [main] INFO  c.orderbook.channel.OrderChannel - [ORDERBOOK] publishing fill to stream: [FillOrder](sbeTemplateId=10|sbeSchemaId=2|sbeSchemaVersion=0|sbeBlockLength=24):orderId=25|quantity=46|price=115
16:02:30.470 [main] INFO  c.sequencer.consumer.LoggingConsumer - [49] [FillOrder](sbeTemplateId=10|sbeSchemaId=2|sbeSchemaVersion=0|sbeBlockLength=24):orderId=25|quantity=46|price=115
16:02:30.470 [main] INFO  c.gettingstarted.MyAlgoLogic - [MYALGO] In Algo Logic.... HeLlO
16:02:30.470 [main] INFO  c.gettingstarted.MyAlgoLogic - [MYALGO] The state of the order book is:
|----BID-----||----ASK----|
    100 @ 98  5000 @ 115
    200 @ 95  5600 @ 119
    300 @ 91          - 
|------------||-----------|

bid level is: BID[100@98] long bif level is: 3
ask level is: ASK[5000@115] bid at 2
ASK[5000@115]far touch 115price46
16:02:30.470 [main] INFO  c.gettingstarted.MyAlgoLogic - [MYALGO] Have:24 children, want 45, joining passive side of book with: 46 @ 115
CreateChildOrder(side=BUY,quantity=46,price=115)
active orders are [codingblackfemales.sotw.ChildOrder@291caca8, codingblackfemales.sotw.ChildOrder@385e9564, codingblackfemales.sotw.ChildOrder@5b94b04d, codingblackfemales.sotw.ChildOrder@8c3b9d, codingblackfemales.sotw.ChildOrder@4c39bec8, codingblackfemales.sotw.ChildOrder@f79e, codingblackfemales.sotw.ChildOrder@7ee8290b, codingblackfemales.sotw.ChildOrder@1f59a598, codingblackfemales.sotw.ChildOrder@1e178745, codingblackfemales.sotw.ChildOrder@192c3f1e, codingblackfemales.sotw.ChildOrder@26b3fd41, codingblackfemales.sotw.ChildOrder@7494f96a, codingblackfemales.sotw.ChildOrder@561b6512, codingblackfemales.sotw.ChildOrder@2e377400, codingblackfemales.sotw.ChildOrder@1757cd72, codingblackfemales.sotw.ChildOrder@445b295b, codingblackfemales.sotw.ChildOrder@49e5f737, codingblackfemales.sotw.ChildOrder@5c671d7f, codingblackfemales.sotw.ChildOrder@757277dc, codingblackfemales.sotw.ChildOrder@687e99d8, codingblackfemales.sotw.ChildOrder@e4487af, codingblackfemales.sotw.ChildOrder@6aaceffd, codingblackfemales.sotw.ChildOrder@c86b9e3, codingblackfemales.sotw.ChildOrder@10aa41f2]
16:02:30.471 [main] INFO  c.container.Actioner - [ALGO] Actioner, sending action:CreateChildOrder(side=BUY,quantity=46,price=115)
16:02:30.471 [main] INFO  c.sequencer.consumer.LoggingConsumer - [50] [CreateOrder](sbeTemplateId=4|sbeSchemaId=2|sbeSchemaVersion=0|sbeBlockLength=33):instrumentId=0|price=115|quantity=46|side=BUY|orderId=26
16:02:30.471 [main] INFO  c.o.v.MutatingMatchOneOrderVisitor - [ORDERBOOK] visiting LevelOrderBookLevel(price=115,quantity=4356)
16:02:30.471 [main] INFO  c.o.v.MutatingMatchOneOrderVisitor - [ORDERBOOK] Have found order we can match:MktData(price=115,quantity=4356)(Limit(side=BUY,orderId=26,price=115,quantity=46))
16:02:30.471 [main] INFO  c.o.v.MutatingMatchOneOrderVisitor - [ORDERBOOK] Filled 46@115 for order:Limit(side=BUY,orderId=26,price=115,quantity=46)
16:02:30.471 [main] INFO  c.orderbook.channel.OrderChannel - [ORDERBOOK] publishing fill to stream: [FillOrder](sbeTemplateId=10|sbeSchemaId=2|sbeSchemaVersion=0|sbeBlockLength=24):orderId=26|quantity=46|price=115
16:02:30.471 [main] INFO  c.sequencer.consumer.LoggingConsumer - [51] [FillOrder](sbeTemplateId=10|sbeSchemaId=2|sbeSchemaVersion=0|sbeBlockLength=24):orderId=26|quantity=46|price=115
16:02:30.471 [main] INFO  c.gettingstarted.MyAlgoLogic - [MYALGO] In Algo Logic.... HeLlO
16:02:30.471 [main] INFO  c.gettingstarted.MyAlgoLogic - [MYALGO] The state of the order book is:
|----BID-----||----ASK----|
    100 @ 98  5000 @ 115
    200 @ 95  5600 @ 119
    300 @ 91          - 
|------------||-----------|

bid level is: BID[100@98] long bif level is: 3
ask level is: ASK[5000@115] bid at 2
ASK[5000@115]far touch 115price46
16:02:30.471 [main] INFO  c.gettingstarted.MyAlgoLogic - [MYALGO] Have:25 children, want 45, joining passive side of book with: 46 @ 115
CreateChildOrder(side=BUY,quantity=46,price=115)
active orders are [codingblackfemales.sotw.ChildOrder@291caca8, codingblackfemales.sotw.ChildOrder@385e9564, codingblackfemales.sotw.ChildOrder@5b94b04d, codingblackfemales.sotw.ChildOrder@8c3b9d, codingblackfemales.sotw.ChildOrder@4c39bec8, codingblackfemales.sotw.ChildOrder@f79e, codingblackfemales.sotw.ChildOrder@7ee8290b, codingblackfemales.sotw.ChildOrder@1f59a598, codingblackfemales.sotw.ChildOrder@1e178745, codingblackfemales.sotw.ChildOrder@192c3f1e, codingblackfemales.sotw.ChildOrder@26b3fd41, codingblackfemales.sotw.ChildOrder@7494f96a, codingblackfemales.sotw.ChildOrder@561b6512, codingblackfemales.sotw.ChildOrder@2e377400, codingblackfemales.sotw.ChildOrder@1757cd72, codingblackfemales.sotw.ChildOrder@445b295b, codingblackfemales.sotw.ChildOrder@49e5f737, codingblackfemales.sotw.ChildOrder@5c671d7f, codingblackfemales.sotw.ChildOrder@757277dc, codingblackfemales.sotw.ChildOrder@687e99d8, codingblackfemales.sotw.ChildOrder@e4487af, codingblackfemales.sotw.ChildOrder@6aaceffd, codingblackfemales.sotw.ChildOrder@c86b9e3, codingblackfemales.sotw.ChildOrder@10aa41f2, codingblackfemales.sotw.ChildOrder@3af9c5b7]
16:02:30.471 [main] INFO  c.container.Actioner - [ALGO] Actioner, sending action:CreateChildOrder(side=BUY,quantity=46,price=115)
16:02:30.472 [main] INFO  c.sequencer.consumer.LoggingConsumer - [52] [CreateOrder](sbeTemplateId=4|sbeSchemaId=2|sbeSchemaVersion=0|sbeBlockLength=33):instrumentId=0|price=115|quantity=46|side=BUY|orderId=27
16:02:30.472 [main] INFO  c.o.v.MutatingMatchOneOrderVisitor - [ORDERBOOK] visiting LevelOrderBookLevel(price=115,quantity=4310)
16:02:30.472 [main] INFO  c.o.v.MutatingMatchOneOrderVisitor - [ORDERBOOK] Have found order we can match:MktData(price=115,quantity=4310)(Limit(side=BUY,orderId=27,price=115,quantity=46))
16:02:30.472 [main] INFO  c.o.v.MutatingMatchOneOrderVisitor - [ORDERBOOK] Filled 46@115 for order:Limit(side=BUY,orderId=27,price=115,quantity=46)
16:02:30.472 [main] INFO  c.orderbook.channel.OrderChannel - [ORDERBOOK] publishing fill to stream: [FillOrder](sbeTemplateId=10|sbeSchemaId=2|sbeSchemaVersion=0|sbeBlockLength=24):orderId=27|quantity=46|price=115
16:02:30.472 [main] INFO  c.sequencer.consumer.LoggingConsumer - [53] [FillOrder](sbeTemplateId=10|sbeSchemaId=2|sbeSchemaVersion=0|sbeBlockLength=24):orderId=27|quantity=46|price=115
16:02:30.472 [main] INFO  c.gettingstarted.MyAlgoLogic - [MYALGO] In Algo Logic.... HeLlO
16:02:30.472 [main] INFO  c.gettingstarted.MyAlgoLogic - [MYALGO] The state of the order book is:
|----BID-----||----ASK----|
    100 @ 98  5000 @ 115
    200 @ 95  5600 @ 119
    300 @ 91          - 
|------------||-----------|

bid level is: BID[100@98] long bif level is: 3
ask level is: ASK[5000@115] bid at 2
ASK[5000@115]far touch 115price46
16:02:30.472 [main] INFO  c.gettingstarted.MyAlgoLogic - [MYALGO] Have:26 children, want 45, joining passive side of book with: 46 @ 115
CreateChildOrder(side=BUY,quantity=46,price=115)
active orders are [codingblackfemales.sotw.ChildOrder@291caca8, codingblackfemales.sotw.ChildOrder@385e9564, codingblackfemales.sotw.ChildOrder@5b94b04d, codingblackfemales.sotw.ChildOrder@8c3b9d, codingblackfemales.sotw.ChildOrder@4c39bec8, codingblackfemales.sotw.ChildOrder@f79e, codingblackfemales.sotw.ChildOrder@7ee8290b, codingblackfemales.sotw.ChildOrder@1f59a598, codingblackfemales.sotw.ChildOrder@1e178745, codingblackfemales.sotw.ChildOrder@192c3f1e, codingblackfemales.sotw.ChildOrder@26b3fd41, codingblackfemales.sotw.ChildOrder@7494f96a, codingblackfemales.sotw.ChildOrder@561b6512, codingblackfemales.sotw.ChildOrder@2e377400, codingblackfemales.sotw.ChildOrder@1757cd72, codingblackfemales.sotw.ChildOrder@445b295b, codingblackfemales.sotw.ChildOrder@49e5f737, codingblackfemales.sotw.ChildOrder@5c671d7f, codingblackfemales.sotw.ChildOrder@757277dc, codingblackfemales.sotw.ChildOrder@687e99d8, codingblackfemales.sotw.ChildOrder@e4487af, codingblackfemales.sotw.ChildOrder@6aaceffd, codingblackfemales.sotw.ChildOrder@c86b9e3, codingblackfemales.sotw.ChildOrder@10aa41f2, codingblackfemales.sotw.ChildOrder@3af9c5b7, codingblackfemales.sotw.ChildOrder@37271612]
16:02:30.472 [main] INFO  c.container.Actioner - [ALGO] Actioner, sending action:CreateChildOrder(side=BUY,quantity=46,price=115)
16:02:30.472 [main] INFO  c.sequencer.consumer.LoggingConsumer - [54] [CreateOrder](sbeTemplateId=4|sbeSchemaId=2|sbeSchemaVersion=0|sbeBlockLength=33):instrumentId=0|price=115|quantity=46|side=BUY|orderId=28
16:02:30.473 [main] INFO  c.o.v.MutatingMatchOneOrderVisitor - [ORDERBOOK] visiting LevelOrderBookLevel(price=115,quantity=4264)
16:02:30.473 [main] INFO  c.o.v.MutatingMatchOneOrderVisitor - [ORDERBOOK] Have found order we can match:MktData(price=115,quantity=4264)(Limit(side=BUY,orderId=28,price=115,quantity=46))
16:02:30.473 [main] INFO  c.o.v.MutatingMatchOneOrderVisitor - [ORDERBOOK] Filled 46@115 for order:Limit(side=BUY,orderId=28,price=115,quantity=46)
16:02:30.473 [main] INFO  c.orderbook.channel.OrderChannel - [ORDERBOOK] publishing fill to stream: [FillOrder](sbeTemplateId=10|sbeSchemaId=2|sbeSchemaVersion=0|sbeBlockLength=24):orderId=28|quantity=46|price=115
16:02:30.473 [main] INFO  c.sequencer.consumer.LoggingConsumer - [55] [FillOrder](sbeTemplateId=10|sbeSchemaId=2|sbeSchemaVersion=0|sbeBlockLength=24):orderId=28|quantity=46|price=115
16:02:30.473 [main] INFO  c.gettingstarted.MyAlgoLogic - [MYALGO] In Algo Logic.... HeLlO
16:02:30.473 [main] INFO  c.gettingstarted.MyAlgoLogic - [MYALGO] The state of the order book is:
|----BID-----||----ASK----|
    100 @ 98  5000 @ 115
    200 @ 95  5600 @ 119
    300 @ 91          - 
|------------||-----------|

bid level is: BID[100@98] long bif level is: 3
ask level is: ASK[5000@115] bid at 2
ASK[5000@115]far touch 115price46
16:02:30.473 [main] INFO  c.gettingstarted.MyAlgoLogic - [MYALGO] Have:27 children, want 45, joining passive side of book with: 46 @ 115
CreateChildOrder(side=BUY,quantity=46,price=115)
active orders are [codingblackfemales.sotw.ChildOrder@291caca8, codingblackfemales.sotw.ChildOrder@385e9564, codingblackfemales.sotw.ChildOrder@5b94b04d, codingblackfemales.sotw.ChildOrder@8c3b9d, codingblackfemales.sotw.ChildOrder@4c39bec8, codingblackfemales.sotw.ChildOrder@f79e, codingblackfemales.sotw.ChildOrder@7ee8290b, codingblackfemales.sotw.ChildOrder@1f59a598, codingblackfemales.sotw.ChildOrder@1e178745, codingblackfemales.sotw.ChildOrder@192c3f1e, codingblackfemales.sotw.ChildOrder@26b3fd41, codingblackfemales.sotw.ChildOrder@7494f96a, codingblackfemales.sotw.ChildOrder@561b6512, codingblackfemales.sotw.ChildOrder@2e377400, codingblackfemales.sotw.ChildOrder@1757cd72, codingblackfemales.sotw.ChildOrder@445b295b, codingblackfemales.sotw.ChildOrder@49e5f737, codingblackfemales.sotw.ChildOrder@5c671d7f, codingblackfemales.sotw.ChildOrder@757277dc, codingblackfemales.sotw.ChildOrder@687e99d8, codingblackfemales.sotw.ChildOrder@e4487af, codingblackfemales.sotw.ChildOrder@6aaceffd, codingblackfemales.sotw.ChildOrder@c86b9e3, codingblackfemales.sotw.ChildOrder@10aa41f2, codingblackfemales.sotw.ChildOrder@3af9c5b7, codingblackfemales.sotw.ChildOrder@37271612, codingblackfemales.sotw.ChildOrder@ed7f8b4]
16:02:30.474 [main] INFO  c.container.Actioner - [ALGO] Actioner, sending action:CreateChildOrder(side=BUY,quantity=46,price=115)
16:02:30.474 [main] INFO  c.sequencer.consumer.LoggingConsumer - [56] [CreateOrder](sbeTemplateId=4|sbeSchemaId=2|sbeSchemaVersion=0|sbeBlockLength=33):instrumentId=0|price=115|quantity=46|side=BUY|orderId=29
16:02:30.474 [main] INFO  c.o.v.MutatingMatchOneOrderVisitor - [ORDERBOOK] visiting LevelOrderBookLevel(price=115,quantity=4218)
16:02:30.474 [main] INFO  c.o.v.MutatingMatchOneOrderVisitor - [ORDERBOOK] Have found order we can match:MktData(price=115,quantity=4218)(Limit(side=BUY,orderId=29,price=115,quantity=46))
16:02:30.474 [main] INFO  c.o.v.MutatingMatchOneOrderVisitor - [ORDERBOOK] Filled 46@115 for order:Limit(side=BUY,orderId=29,price=115,quantity=46)
16:02:30.474 [main] INFO  c.orderbook.channel.OrderChannel - [ORDERBOOK] publishing fill to stream: [FillOrder](sbeTemplateId=10|sbeSchemaId=2|sbeSchemaVersion=0|sbeBlockLength=24):orderId=29|quantity=46|price=115
16:02:30.474 [main] INFO  c.sequencer.consumer.LoggingConsumer - [57] [FillOrder](sbeTemplateId=10|sbeSchemaId=2|sbeSchemaVersion=0|sbeBlockLength=24):orderId=29|quantity=46|price=115
16:02:30.474 [main] INFO  c.gettingstarted.MyAlgoLogic - [MYALGO] In Algo Logic.... HeLlO
16:02:30.474 [main] INFO  c.gettingstarted.MyAlgoLogic - [MYALGO] The state of the order book is:
|----BID-----||----ASK----|
    100 @ 98  5000 @ 115
    200 @ 95  5600 @ 119
    300 @ 91          - 
|------------||-----------|

bid level is: BID[100@98] long bif level is: 3
ask level is: ASK[5000@115] bid at 2
ASK[5000@115]far touch 115price46
16:02:30.474 [main] INFO  c.gettingstarted.MyAlgoLogic - [MYALGO] Have:28 children, want 45, joining passive side of book with: 46 @ 115
CreateChildOrder(side=BUY,quantity=46,price=115)
active orders are [codingblackfemales.sotw.ChildOrder@291caca8, codingblackfemales.sotw.ChildOrder@385e9564, codingblackfemales.sotw.ChildOrder@5b94b04d, codingblackfemales.sotw.ChildOrder@8c3b9d, codingblackfemales.sotw.ChildOrder@4c39bec8, codingblackfemales.sotw.ChildOrder@f79e, codingblackfemales.sotw.ChildOrder@7ee8290b, codingblackfemales.sotw.ChildOrder@1f59a598, codingblackfemales.sotw.ChildOrder@1e178745, codingblackfemales.sotw.ChildOrder@192c3f1e, codingblackfemales.sotw.ChildOrder@26b3fd41, codingblackfemales.sotw.ChildOrder@7494f96a, codingblackfemales.sotw.ChildOrder@561b6512, codingblackfemales.sotw.ChildOrder@2e377400, codingblackfemales.sotw.ChildOrder@1757cd72, codingblackfemales.sotw.ChildOrder@445b295b, codingblackfemales.sotw.ChildOrder@49e5f737, codingblackfemales.sotw.ChildOrder@5c671d7f, codingblackfemales.sotw.ChildOrder@757277dc, codingblackfemales.sotw.ChildOrder@687e99d8, codingblackfemales.sotw.ChildOrder@e4487af, codingblackfemales.sotw.ChildOrder@6aaceffd, codingblackfemales.sotw.ChildOrder@c86b9e3, codingblackfemales.sotw.ChildOrder@10aa41f2, codingblackfemales.sotw.ChildOrder@3af9c5b7, codingblackfemales.sotw.ChildOrder@37271612, codingblackfemales.sotw.ChildOrder@ed7f8b4, codingblackfemales.sotw.ChildOrder@4c309d4d]
16:02:30.475 [main] INFO  c.container.Actioner - [ALGO] Actioner, sending action:CreateChildOrder(side=BUY,quantity=46,price=115)
16:02:30.475 [main] INFO  c.sequencer.consumer.LoggingConsumer - [58] [CreateOrder](sbeTemplateId=4|sbeSchemaId=2|sbeSchemaVersion=0|sbeBlockLength=33):instrumentId=0|price=115|quantity=46|side=BUY|orderId=30
16:02:30.475 [main] INFO  c.o.v.MutatingMatchOneOrderVisitor - [ORDERBOOK] visiting LevelOrderBookLevel(price=115,quantity=4172)
16:02:30.475 [main] INFO  c.o.v.MutatingMatchOneOrderVisitor - [ORDERBOOK] Have found order we can match:MktData(price=115,quantity=4172)(Limit(side=BUY,orderId=30,price=115,quantity=46))
16:02:30.475 [main] INFO  c.o.v.MutatingMatchOneOrderVisitor - [ORDERBOOK] Filled 46@115 for order:Limit(side=BUY,orderId=30,price=115,quantity=46)
16:02:30.475 [main] INFO  c.orderbook.channel.OrderChannel - [ORDERBOOK] publishing fill to stream: [FillOrder](sbeTemplateId=10|sbeSchemaId=2|sbeSchemaVersion=0|sbeBlockLength=24):orderId=30|quantity=46|price=115
16:02:30.475 [main] INFO  c.sequencer.consumer.LoggingConsumer - [59] [FillOrder](sbeTemplateId=10|sbeSchemaId=2|sbeSchemaVersion=0|sbeBlockLength=24):orderId=30|quantity=46|price=115
16:02:30.475 [main] INFO  c.gettingstarted.MyAlgoLogic - [MYALGO] In Algo Logic.... HeLlO
16:02:30.475 [main] INFO  c.gettingstarted.MyAlgoLogic - [MYALGO] The state of the order book is:
|----BID-----||----ASK----|
    100 @ 98  5000 @ 115
    200 @ 95  5600 @ 119
    300 @ 91          - 
|------------||-----------|

bid level is: BID[100@98] long bif level is: 3
ask level is: ASK[5000@115] bid at 2
ASK[5000@115]far touch 115price46
16:02:30.475 [main] INFO  c.gettingstarted.MyAlgoLogic - [MYALGO] Have:29 children, want 45, joining passive side of book with: 46 @ 115
CreateChildOrder(side=BUY,quantity=46,price=115)
active orders are [codingblackfemales.sotw.ChildOrder@291caca8, codingblackfemales.sotw.ChildOrder@385e9564, codingblackfemales.sotw.ChildOrder@5b94b04d, codingblackfemales.sotw.ChildOrder@8c3b9d, codingblackfemales.sotw.ChildOrder@4c39bec8, codingblackfemales.sotw.ChildOrder@f79e, codingblackfemales.sotw.ChildOrder@7ee8290b, codingblackfemales.sotw.ChildOrder@1f59a598, codingblackfemales.sotw.ChildOrder@1e178745, codingblackfemales.sotw.ChildOrder@192c3f1e, codingblackfemales.sotw.ChildOrder@26b3fd41, codingblackfemales.sotw.ChildOrder@7494f96a, codingblackfemales.sotw.ChildOrder@561b6512, codingblackfemales.sotw.ChildOrder@2e377400, codingblackfemales.sotw.ChildOrder@1757cd72, codingblackfemales.sotw.ChildOrder@445b295b, codingblackfemales.sotw.ChildOrder@49e5f737, codingblackfemales.sotw.ChildOrder@5c671d7f, codingblackfemales.sotw.ChildOrder@757277dc, codingblackfemales.sotw.ChildOrder@687e99d8, codingblackfemales.sotw.ChildOrder@e4487af, codingblackfemales.sotw.ChildOrder@6aaceffd, codingblackfemales.sotw.ChildOrder@c86b9e3, codingblackfemales.sotw.ChildOrder@10aa41f2, codingblackfemales.sotw.ChildOrder@3af9c5b7, codingblackfemales.sotw.ChildOrder@37271612, codingblackfemales.sotw.ChildOrder@ed7f8b4, codingblackfemales.sotw.ChildOrder@4c309d4d, codingblackfemales.sotw.ChildOrder@38102d01]
16:02:30.476 [main] INFO  c.container.Actioner - [ALGO] Actioner, sending action:CreateChildOrder(side=BUY,quantity=46,price=115)
16:02:30.476 [main] INFO  c.sequencer.consumer.LoggingConsumer - [60] [CreateOrder](sbeTemplateId=4|sbeSchemaId=2|sbeSchemaVersion=0|sbeBlockLength=33):instrumentId=0|price=115|quantity=46|side=BUY|orderId=31
16:02:30.476 [main] INFO  c.o.v.MutatingMatchOneOrderVisitor - [ORDERBOOK] visiting LevelOrderBookLevel(price=115,quantity=4126)
16:02:30.476 [main] INFO  c.o.v.MutatingMatchOneOrderVisitor - [ORDERBOOK] Have found order we can match:MktData(price=115,quantity=4126)(Limit(side=BUY,orderId=31,price=115,quantity=46))
16:02:30.476 [main] INFO  c.o.v.MutatingMatchOneOrderVisitor - [ORDERBOOK] Filled 46@115 for order:Limit(side=BUY,orderId=31,price=115,quantity=46)
16:02:30.476 [main] INFO  c.orderbook.channel.OrderChannel - [ORDERBOOK] publishing fill to stream: [FillOrder](sbeTemplateId=10|sbeSchemaId=2|sbeSchemaVersion=0|sbeBlockLength=24):orderId=31|quantity=46|price=115
16:02:30.476 [main] INFO  c.sequencer.consumer.LoggingConsumer - [61] [FillOrder](sbeTemplateId=10|sbeSchemaId=2|sbeSchemaVersion=0|sbeBlockLength=24):orderId=31|quantity=46|price=115
16:02:30.476 [main] INFO  c.gettingstarted.MyAlgoLogic - [MYALGO] In Algo Logic.... HeLlO
16:02:30.476 [main] INFO  c.gettingstarted.MyAlgoLogic - [MYALGO] The state of the order book is:
|----BID-----||----ASK----|
    100 @ 98  5000 @ 115
    200 @ 95  5600 @ 119
    300 @ 91          - 
|------------||-----------|

bid level is: BID[100@98] long bif level is: 3
ask level is: ASK[5000@115] bid at 2
ASK[5000@115]far touch 115price46
16:02:30.476 [main] INFO  c.gettingstarted.MyAlgoLogic - [MYALGO] Have:30 children, want 45, joining passive side of book with: 46 @ 115
CreateChildOrder(side=BUY,quantity=46,price=115)
active orders are [codingblackfemales.sotw.ChildOrder@291caca8, codingblackfemales.sotw.ChildOrder@385e9564, codingblackfemales.sotw.ChildOrder@5b94b04d, codingblackfemales.sotw.ChildOrder@8c3b9d, codingblackfemales.sotw.ChildOrder@4c39bec8, codingblackfemales.sotw.ChildOrder@f79e, codingblackfemales.sotw.ChildOrder@7ee8290b, codingblackfemales.sotw.ChildOrder@1f59a598, codingblackfemales.sotw.ChildOrder@1e178745, codingblackfemales.sotw.ChildOrder@192c3f1e, codingblackfemales.sotw.ChildOrder@26b3fd41, codingblackfemales.sotw.ChildOrder@7494f96a, codingblackfemales.sotw.ChildOrder@561b6512, codingblackfemales.sotw.ChildOrder@2e377400, codingblackfemales.sotw.ChildOrder@1757cd72, codingblackfemales.sotw.ChildOrder@445b295b, codingblackfemales.sotw.ChildOrder@49e5f737, codingblackfemales.sotw.ChildOrder@5c671d7f, codingblackfemales.sotw.ChildOrder@757277dc, codingblackfemales.sotw.ChildOrder@687e99d8, codingblackfemales.sotw.ChildOrder@e4487af, codingblackfemales.sotw.ChildOrder@6aaceffd, codingblackfemales.sotw.ChildOrder@c86b9e3, codingblackfemales.sotw.ChildOrder@10aa41f2, codingblackfemales.sotw.ChildOrder@3af9c5b7, codingblackfemales.sotw.ChildOrder@37271612, codingblackfemales.sotw.ChildOrder@ed7f8b4, codingblackfemales.sotw.ChildOrder@4c309d4d, codingblackfemales.sotw.ChildOrder@38102d01, codingblackfemales.sotw.ChildOrder@37883b97]
16:02:30.477 [main] INFO  c.container.Actioner - [ALGO] Actioner, sending action:CreateChildOrder(side=BUY,quantity=46,price=115)
16:02:30.477 [main] INFO  c.sequencer.consumer.LoggingConsumer - [62] [CreateOrder](sbeTemplateId=4|sbeSchemaId=2|sbeSchemaVersion=0|sbeBlockLength=33):instrumentId=0|price=115|quantity=46|side=BUY|orderId=32
16:02:30.477 [main] INFO  c.o.v.MutatingMatchOneOrderVisitor - [ORDERBOOK] visiting LevelOrderBookLevel(price=115,quantity=4080)
16:02:30.477 [main] INFO  c.o.v.MutatingMatchOneOrderVisitor - [ORDERBOOK] Have found order we can match:MktData(price=115,quantity=4080)(Limit(side=BUY,orderId=32,price=115,quantity=46))
16:02:30.477 [main] INFO  c.o.v.MutatingMatchOneOrderVisitor - [ORDERBOOK] Filled 46@115 for order:Limit(side=BUY,orderId=32,price=115,quantity=46)
16:02:30.477 [main] INFO  c.orderbook.channel.OrderChannel - [ORDERBOOK] publishing fill to stream: [FillOrder](sbeTemplateId=10|sbeSchemaId=2|sbeSchemaVersion=0|sbeBlockLength=24):orderId=32|quantity=46|price=115
16:02:30.477 [main] INFO  c.sequencer.consumer.LoggingConsumer - [63] [FillOrder](sbeTemplateId=10|sbeSchemaId=2|sbeSchemaVersion=0|sbeBlockLength=24):orderId=32|quantity=46|price=115
16:02:30.477 [main] INFO  c.gettingstarted.MyAlgoLogic - [MYALGO] In Algo Logic.... HeLlO
16:02:30.477 [main] INFO  c.gettingstarted.MyAlgoLogic - [MYALGO] The state of the order book is:
|----BID-----||----ASK----|
    100 @ 98  5000 @ 115
    200 @ 95  5600 @ 119
    300 @ 91          - 
|------------||-----------|

bid level is: BID[100@98] long bif level is: 3
ask level is: ASK[5000@115] bid at 2
ASK[5000@115]far touch 115price46
16:02:30.478 [main] INFO  c.gettingstarted.MyAlgoLogic - [MYALGO] Have:31 children, want 45, joining passive side of book with: 46 @ 115
CreateChildOrder(side=BUY,quantity=46,price=115)
active orders are [codingblackfemales.sotw.ChildOrder@291caca8, codingblackfemales.sotw.ChildOrder@385e9564, codingblackfemales.sotw.ChildOrder@5b94b04d, codingblackfemales.sotw.ChildOrder@8c3b9d, codingblackfemales.sotw.ChildOrder@4c39bec8, codingblackfemales.sotw.ChildOrder@f79e, codingblackfemales.sotw.ChildOrder@7ee8290b, codingblackfemales.sotw.ChildOrder@1f59a598, codingblackfemales.sotw.ChildOrder@1e178745, codingblackfemales.sotw.ChildOrder@192c3f1e, codingblackfemales.sotw.ChildOrder@26b3fd41, codingblackfemales.sotw.ChildOrder@7494f96a, codingblackfemales.sotw.ChildOrder@561b6512, codingblackfemales.sotw.ChildOrder@2e377400, codingblackfemales.sotw.ChildOrder@1757cd72, codingblackfemales.sotw.ChildOrder@445b295b, codingblackfemales.sotw.ChildOrder@49e5f737, codingblackfemales.sotw.ChildOrder@5c671d7f, codingblackfemales.sotw.ChildOrder@757277dc, codingblackfemales.sotw.ChildOrder@687e99d8, codingblackfemales.sotw.ChildOrder@e4487af, codingblackfemales.sotw.ChildOrder@6aaceffd, codingblackfemales.sotw.ChildOrder@c86b9e3, codingblackfemales.sotw.ChildOrder@10aa41f2, codingblackfemales.sotw.ChildOrder@3af9c5b7, codingblackfemales.sotw.ChildOrder@37271612, codingblackfemales.sotw.ChildOrder@ed7f8b4, codingblackfemales.sotw.ChildOrder@4c309d4d, codingblackfemales.sotw.ChildOrder@38102d01, codingblackfemales.sotw.ChildOrder@37883b97, codingblackfemales.sotw.ChildOrder@6ab778a]
16:02:30.478 [main] INFO  c.container.Actioner - [ALGO] Actioner, sending action:CreateChildOrder(side=BUY,quantity=46,price=115)
16:02:30.478 [main] INFO  c.sequencer.consumer.LoggingConsumer - [64] [CreateOrder](sbeTemplateId=4|sbeSchemaId=2|sbeSchemaVersion=0|sbeBlockLength=33):instrumentId=0|price=115|quantity=46|side=BUY|orderId=33
16:02:30.478 [main] INFO  c.o.v.MutatingMatchOneOrderVisitor - [ORDERBOOK] visiting LevelOrderBookLevel(price=115,quantity=4034)
16:02:30.478 [main] INFO  c.o.v.MutatingMatchOneOrderVisitor - [ORDERBOOK] Have found order we can match:MktData(price=115,quantity=4034)(Limit(side=BUY,orderId=33,price=115,quantity=46))
16:02:30.478 [main] INFO  c.o.v.MutatingMatchOneOrderVisitor - [ORDERBOOK] Filled 46@115 for order:Limit(side=BUY,orderId=33,price=115,quantity=46)
16:02:30.478 [main] INFO  c.orderbook.channel.OrderChannel - [ORDERBOOK] publishing fill to stream: [FillOrder](sbeTemplateId=10|sbeSchemaId=2|sbeSchemaVersion=0|sbeBlockLength=24):orderId=33|quantity=46|price=115
16:02:30.478 [main] INFO  c.sequencer.consumer.LoggingConsumer - [65] [FillOrder](sbeTemplateId=10|sbeSchemaId=2|sbeSchemaVersion=0|sbeBlockLength=24):orderId=33|quantity=46|price=115
16:02:30.479 [main] INFO  c.gettingstarted.MyAlgoLogic - [MYALGO] In Algo Logic.... HeLlO
16:02:30.479 [main] INFO  c.gettingstarted.MyAlgoLogic - [MYALGO] The state of the order book is:
|----BID-----||----ASK----|
    100 @ 98  5000 @ 115
    200 @ 95  5600 @ 119
    300 @ 91          - 
|------------||-----------|

bid level is: BID[100@98] long bif level is: 3
ask level is: ASK[5000@115] bid at 2
ASK[5000@115]far touch 115price46
16:02:30.479 [main] INFO  c.gettingstarted.MyAlgoLogic - [MYALGO] Have:32 children, want 45, joining passive side of book with: 46 @ 115
CreateChildOrder(side=BUY,quantity=46,price=115)
active orders are [codingblackfemales.sotw.ChildOrder@291caca8, codingblackfemales.sotw.ChildOrder@385e9564, codingblackfemales.sotw.ChildOrder@5b94b04d, codingblackfemales.sotw.ChildOrder@8c3b9d, codingblackfemales.sotw.ChildOrder@4c39bec8, codingblackfemales.sotw.ChildOrder@f79e, codingblackfemales.sotw.ChildOrder@7ee8290b, codingblackfemales.sotw.ChildOrder@1f59a598, codingblackfemales.sotw.ChildOrder@1e178745, codingblackfemales.sotw.ChildOrder@192c3f1e, codingblackfemales.sotw.ChildOrder@26b3fd41, codingblackfemales.sotw.ChildOrder@7494f96a, codingblackfemales.sotw.ChildOrder@561b6512, codingblackfemales.sotw.ChildOrder@2e377400, codingblackfemales.sotw.ChildOrder@1757cd72, codingblackfemales.sotw.ChildOrder@445b295b, codingblackfemales.sotw.ChildOrder@49e5f737, codingblackfemales.sotw.ChildOrder@5c671d7f, codingblackfemales.sotw.ChildOrder@757277dc, codingblackfemales.sotw.ChildOrder@687e99d8, codingblackfemales.sotw.ChildOrder@e4487af, codingblackfemales.sotw.ChildOrder@6aaceffd, codingblackfemales.sotw.ChildOrder@c86b9e3, codingblackfemales.sotw.ChildOrder@10aa41f2, codingblackfemales.sotw.ChildOrder@3af9c5b7, codingblackfemales.sotw.ChildOrder@37271612, codingblackfemales.sotw.ChildOrder@ed7f8b4, codingblackfemales.sotw.ChildOrder@4c309d4d, codingblackfemales.sotw.ChildOrder@38102d01, codingblackfemales.sotw.ChildOrder@37883b97, codingblackfemales.sotw.ChildOrder@6ab778a, codingblackfemales.sotw.ChildOrder@4e3958e7]
16:02:30.479 [main] INFO  c.container.Actioner - [ALGO] Actioner, sending action:CreateChildOrder(side=BUY,quantity=46,price=115)
16:02:30.479 [main] INFO  c.sequencer.consumer.LoggingConsumer - [66] [CreateOrder](sbeTemplateId=4|sbeSchemaId=2|sbeSchemaVersion=0|sbeBlockLength=33):instrumentId=0|price=115|quantity=46|side=BUY|orderId=34
16:02:30.479 [main] INFO  c.o.v.MutatingMatchOneOrderVisitor - [ORDERBOOK] visiting LevelOrderBookLevel(price=115,quantity=3988)
16:02:30.479 [main] INFO  c.o.v.MutatingMatchOneOrderVisitor - [ORDERBOOK] Have found order we can match:MktData(price=115,quantity=3988)(Limit(side=BUY,orderId=34,price=115,quantity=46))
16:02:30.479 [main] INFO  c.o.v.MutatingMatchOneOrderVisitor - [ORDERBOOK] Filled 46@115 for order:Limit(side=BUY,orderId=34,price=115,quantity=46)
16:02:30.479 [main] INFO  c.orderbook.channel.OrderChannel - [ORDERBOOK] publishing fill to stream: [FillOrder](sbeTemplateId=10|sbeSchemaId=2|sbeSchemaVersion=0|sbeBlockLength=24):orderId=34|quantity=46|price=115
16:02:30.479 [main] INFO  c.sequencer.consumer.LoggingConsumer - [67] [FillOrder](sbeTemplateId=10|sbeSchemaId=2|sbeSchemaVersion=0|sbeBlockLength=24):orderId=34|quantity=46|price=115
16:02:30.479 [main] INFO  c.gettingstarted.MyAlgoLogic - [MYALGO] In Algo Logic.... HeLlO
16:02:30.480 [main] INFO  c.gettingstarted.MyAlgoLogic - [MYALGO] The state of the order book is:
|----BID-----||----ASK----|
    100 @ 98  5000 @ 115
    200 @ 95  5600 @ 119
    300 @ 91          - 
|------------||-----------|

bid level is: BID[100@98] long bif level is: 3
ask level is: ASK[5000@115] bid at 2
ASK[5000@115]far touch 115price46
16:02:30.480 [main] INFO  c.gettingstarted.MyAlgoLogic - [MYALGO] Have:33 children, want 45, joining passive side of book with: 46 @ 115
CreateChildOrder(side=BUY,quantity=46,price=115)
active orders are [codingblackfemales.sotw.ChildOrder@291caca8, codingblackfemales.sotw.ChildOrder@385e9564, codingblackfemales.sotw.ChildOrder@5b94b04d, codingblackfemales.sotw.ChildOrder@8c3b9d, codingblackfemales.sotw.ChildOrder@4c39bec8, codingblackfemales.sotw.ChildOrder@f79e, codingblackfemales.sotw.ChildOrder@7ee8290b, codingblackfemales.sotw.ChildOrder@1f59a598, codingblackfemales.sotw.ChildOrder@1e178745, codingblackfemales.sotw.ChildOrder@192c3f1e, codingblackfemales.sotw.ChildOrder@26b3fd41, codingblackfemales.sotw.ChildOrder@7494f96a, codingblackfemales.sotw.ChildOrder@561b6512, codingblackfemales.sotw.ChildOrder@2e377400, codingblackfemales.sotw.ChildOrder@1757cd72, codingblackfemales.sotw.ChildOrder@445b295b, codingblackfemales.sotw.ChildOrder@49e5f737, codingblackfemales.sotw.ChildOrder@5c671d7f, codingblackfemales.sotw.ChildOrder@757277dc, codingblackfemales.sotw.ChildOrder@687e99d8, codingblackfemales.sotw.ChildOrder@e4487af, codingblackfemales.sotw.ChildOrder@6aaceffd, codingblackfemales.sotw.ChildOrder@c86b9e3, codingblackfemales.sotw.ChildOrder@10aa41f2, codingblackfemales.sotw.ChildOrder@3af9c5b7, codingblackfemales.sotw.ChildOrder@37271612, codingblackfemales.sotw.ChildOrder@ed7f8b4, codingblackfemales.sotw.ChildOrder@4c309d4d, codingblackfemales.sotw.ChildOrder@38102d01, codingblackfemales.sotw.ChildOrder@37883b97, codingblackfemales.sotw.ChildOrder@6ab778a, codingblackfemales.sotw.ChildOrder@4e3958e7, codingblackfemales.sotw.ChildOrder@77f80c04]
16:02:30.480 [main] INFO  c.container.Actioner - [ALGO] Actioner, sending action:CreateChildOrder(side=BUY,quantity=46,price=115)
16:02:30.480 [main] INFO  c.sequencer.consumer.LoggingConsumer - [68] [CreateOrder](sbeTemplateId=4|sbeSchemaId=2|sbeSchemaVersion=0|sbeBlockLength=33):instrumentId=0|price=115|quantity=46|side=BUY|orderId=35
16:02:30.480 [main] INFO  c.o.v.MutatingMatchOneOrderVisitor - [ORDERBOOK] visiting LevelOrderBookLevel(price=115,quantity=3942)
16:02:30.480 [main] INFO  c.o.v.MutatingMatchOneOrderVisitor - [ORDERBOOK] Have found order we can match:MktData(price=115,quantity=3942)(Limit(side=BUY,orderId=35,price=115,quantity=46))
16:02:30.480 [main] INFO  c.o.v.MutatingMatchOneOrderVisitor - [ORDERBOOK] Filled 46@115 for order:Limit(side=BUY,orderId=35,price=115,quantity=46)
16:02:30.480 [main] INFO  c.orderbook.channel.OrderChannel - [ORDERBOOK] publishing fill to stream: [FillOrder](sbeTemplateId=10|sbeSchemaId=2|sbeSchemaVersion=0|sbeBlockLength=24):orderId=35|quantity=46|price=115
16:02:30.480 [main] INFO  c.sequencer.consumer.LoggingConsumer - [69] [FillOrder](sbeTemplateId=10|sbeSchemaId=2|sbeSchemaVersion=0|sbeBlockLength=24):orderId=35|quantity=46|price=115
16:02:30.480 [main] INFO  c.gettingstarted.MyAlgoLogic - [MYALGO] In Algo Logic.... HeLlO
16:02:30.480 [main] INFO  c.gettingstarted.MyAlgoLogic - [MYALGO] The state of the order book is:
|----BID-----||----ASK----|
    100 @ 98  5000 @ 115
    200 @ 95  5600 @ 119
    300 @ 91          - 
|------------||-----------|

bid level is: BID[100@98] long bif level is: 3
ask level is: ASK[5000@115] bid at 2
ASK[5000@115]far touch 115price46
16:02:30.481 [main] INFO  c.gettingstarted.MyAlgoLogic - [MYALGO] Have:34 children, want 45, joining passive side of book with: 46 @ 115
CreateChildOrder(side=BUY,quantity=46,price=115)
active orders are [codingblackfemales.sotw.ChildOrder@291caca8, codingblackfemales.sotw.ChildOrder@385e9564, codingblackfemales.sotw.ChildOrder@5b94b04d, codingblackfemales.sotw.ChildOrder@8c3b9d, codingblackfemales.sotw.ChildOrder@4c39bec8, codingblackfemales.sotw.ChildOrder@f79e, codingblackfemales.sotw.ChildOrder@7ee8290b, codingblackfemales.sotw.ChildOrder@1f59a598, codingblackfemales.sotw.ChildOrder@1e178745, codingblackfemales.sotw.ChildOrder@192c3f1e, codingblackfemales.sotw.ChildOrder@26b3fd41, codingblackfemales.sotw.ChildOrder@7494f96a, codingblackfemales.sotw.ChildOrder@561b6512, codingblackfemales.sotw.ChildOrder@2e377400, codingblackfemales.sotw.ChildOrder@1757cd72, codingblackfemales.sotw.ChildOrder@445b295b, codingblackfemales.sotw.ChildOrder@49e5f737, codingblackfemales.sotw.ChildOrder@5c671d7f, codingblackfemales.sotw.ChildOrder@757277dc, codingblackfemales.sotw.ChildOrder@687e99d8, codingblackfemales.sotw.ChildOrder@e4487af, codingblackfemales.sotw.ChildOrder@6aaceffd, codingblackfemales.sotw.ChildOrder@c86b9e3, codingblackfemales.sotw.ChildOrder@10aa41f2, codingblackfemales.sotw.ChildOrder@3af9c5b7, codingblackfemales.sotw.ChildOrder@37271612, codingblackfemales.sotw.ChildOrder@ed7f8b4, codingblackfemales.sotw.ChildOrder@4c309d4d, codingblackfemales.sotw.ChildOrder@38102d01, codingblackfemales.sotw.ChildOrder@37883b97, codingblackfemales.sotw.ChildOrder@6ab778a, codingblackfemales.sotw.ChildOrder@4e3958e7, codingblackfemales.sotw.ChildOrder@77f80c04, codingblackfemales.sotw.ChildOrder@1dac5ef]
16:02:30.481 [main] INFO  c.container.Actioner - [ALGO] Actioner, sending action:CreateChildOrder(side=BUY,quantity=46,price=115)
16:02:30.481 [main] INFO  c.sequencer.consumer.LoggingConsumer - [70] [CreateOrder](sbeTemplateId=4|sbeSchemaId=2|sbeSchemaVersion=0|sbeBlockLength=33):instrumentId=0|price=115|quantity=46|side=BUY|orderId=36
16:02:30.484 [main] INFO  c.o.v.MutatingMatchOneOrderVisitor - [ORDERBOOK] visiting LevelOrderBookLevel(price=115,quantity=3896)
16:02:30.485 [main] INFO  c.o.v.MutatingMatchOneOrderVisitor - [ORDERBOOK] Have found order we can match:MktData(price=115,quantity=3896)(Limit(side=BUY,orderId=36,price=115,quantity=46))
16:02:30.485 [main] INFO  c.o.v.MutatingMatchOneOrderVisitor - [ORDERBOOK] Filled 46@115 for order:Limit(side=BUY,orderId=36,price=115,quantity=46)
16:02:30.485 [main] INFO  c.orderbook.channel.OrderChannel - [ORDERBOOK] publishing fill to stream: [FillOrder](sbeTemplateId=10|sbeSchemaId=2|sbeSchemaVersion=0|sbeBlockLength=24):orderId=36|quantity=46|price=115
16:02:30.485 [main] INFO  c.sequencer.consumer.LoggingConsumer - [71] [FillOrder](sbeTemplateId=10|sbeSchemaId=2|sbeSchemaVersion=0|sbeBlockLength=24):orderId=36|quantity=46|price=115
16:02:30.485 [main] INFO  c.gettingstarted.MyAlgoLogic - [MYALGO] In Algo Logic.... HeLlO
16:02:30.485 [main] INFO  c.gettingstarted.MyAlgoLogic - [MYALGO] The state of the order book is:
|----BID-----||----ASK----|
    100 @ 98  5000 @ 115
    200 @ 95  5600 @ 119
    300 @ 91          - 
|------------||-----------|

bid level is: BID[100@98] long bif level is: 3
ask level is: ASK[5000@115] bid at 2
ASK[5000@115]far touch 115price46
16:02:30.485 [main] INFO  c.gettingstarted.MyAlgoLogic - [MYALGO] Have:35 children, want 45, joining passive side of book with: 46 @ 115
CreateChildOrder(side=BUY,quantity=46,price=115)
active orders are [codingblackfemales.sotw.ChildOrder@291caca8, codingblackfemales.sotw.ChildOrder@385e9564, codingblackfemales.sotw.ChildOrder@5b94b04d, codingblackfemales.sotw.ChildOrder@8c3b9d, codingblackfemales.sotw.ChildOrder@4c39bec8, codingblackfemales.sotw.ChildOrder@f79e, codingblackfemales.sotw.ChildOrder@7ee8290b, codingblackfemales.sotw.ChildOrder@1f59a598, codingblackfemales.sotw.ChildOrder@1e178745, codingblackfemales.sotw.ChildOrder@192c3f1e, codingblackfemales.sotw.ChildOrder@26b3fd41, codingblackfemales.sotw.ChildOrder@7494f96a, codingblackfemales.sotw.ChildOrder@561b6512, codingblackfemales.sotw.ChildOrder@2e377400, codingblackfemales.sotw.ChildOrder@1757cd72, codingblackfemales.sotw.ChildOrder@445b295b, codingblackfemales.sotw.ChildOrder@49e5f737, codingblackfemales.sotw.ChildOrder@5c671d7f, codingblackfemales.sotw.ChildOrder@757277dc, codingblackfemales.sotw.ChildOrder@687e99d8, codingblackfemales.sotw.ChildOrder@e4487af, codingblackfemales.sotw.ChildOrder@6aaceffd, codingblackfemales.sotw.ChildOrder@c86b9e3, codingblackfemales.sotw.ChildOrder@10aa41f2, codingblackfemales.sotw.ChildOrder@3af9c5b7, codingblackfemales.sotw.ChildOrder@37271612, codingblackfemales.sotw.ChildOrder@ed7f8b4, codingblackfemales.sotw.ChildOrder@4c309d4d, codingblackfemales.sotw.ChildOrder@38102d01, codingblackfemales.sotw.ChildOrder@37883b97, codingblackfemales.sotw.ChildOrder@6ab778a, codingblackfemales.sotw.ChildOrder@4e3958e7, codingblackfemales.sotw.ChildOrder@77f80c04, codingblackfemales.sotw.ChildOrder@1dac5ef, codingblackfemales.sotw.ChildOrder@5c90e579]
16:02:30.485 [main] INFO  c.container.Actioner - [ALGO] Actioner, sending action:CreateChildOrder(side=BUY,quantity=46,price=115)
16:02:30.485 [main] INFO  c.sequencer.consumer.LoggingConsumer - [72] [CreateOrder](sbeTemplateId=4|sbeSchemaId=2|sbeSchemaVersion=0|sbeBlockLength=33):instrumentId=0|price=115|quantity=46|side=BUY|orderId=37
16:02:30.485 [main] INFO  c.o.v.MutatingMatchOneOrderVisitor - [ORDERBOOK] visiting LevelOrderBookLevel(price=115,quantity=3850)
16:02:30.486 [main] INFO  c.o.v.MutatingMatchOneOrderVisitor - [ORDERBOOK] Have found order we can match:MktData(price=115,quantity=3850)(Limit(side=BUY,orderId=37,price=115,quantity=46))
16:02:30.486 [main] INFO  c.o.v.MutatingMatchOneOrderVisitor - [ORDERBOOK] Filled 46@115 for order:Limit(side=BUY,orderId=37,price=115,quantity=46)
16:02:30.486 [main] INFO  c.orderbook.channel.OrderChannel - [ORDERBOOK] publishing fill to stream: [FillOrder](sbeTemplateId=10|sbeSchemaId=2|sbeSchemaVersion=0|sbeBlockLength=24):orderId=37|quantity=46|price=115
16:02:30.486 [main] INFO  c.sequencer.consumer.LoggingConsumer - [73] [FillOrder](sbeTemplateId=10|sbeSchemaId=2|sbeSchemaVersion=0|sbeBlockLength=24):orderId=37|quantity=46|price=115
16:02:30.486 [main] INFO  c.gettingstarted.MyAlgoLogic - [MYALGO] In Algo Logic.... HeLlO
16:02:30.486 [main] INFO  c.gettingstarted.MyAlgoLogic - [MYALGO] The state of the order book is:
|----BID-----||----ASK----|
    100 @ 98  5000 @ 115
    200 @ 95  5600 @ 119
    300 @ 91          - 
|------------||-----------|

bid level is: BID[100@98] long bif level is: 3
ask level is: ASK[5000@115] bid at 2
ASK[5000@115]far touch 115price46
16:02:30.486 [main] INFO  c.gettingstarted.MyAlgoLogic - [MYALGO] Have:36 children, want 45, joining passive side of book with: 46 @ 115
CreateChildOrder(side=BUY,quantity=46,price=115)
active orders are [codingblackfemales.sotw.ChildOrder@291caca8, codingblackfemales.sotw.ChildOrder@385e9564, codingblackfemales.sotw.ChildOrder@5b94b04d, codingblackfemales.sotw.ChildOrder@8c3b9d, codingblackfemales.sotw.ChildOrder@4c39bec8, codingblackfemales.sotw.ChildOrder@f79e, codingblackfemales.sotw.ChildOrder@7ee8290b, codingblackfemales.sotw.ChildOrder@1f59a598, codingblackfemales.sotw.ChildOrder@1e178745, codingblackfemales.sotw.ChildOrder@192c3f1e, codingblackfemales.sotw.ChildOrder@26b3fd41, codingblackfemales.sotw.ChildOrder@7494f96a, codingblackfemales.sotw.ChildOrder@561b6512, codingblackfemales.sotw.ChildOrder@2e377400, codingblackfemales.sotw.ChildOrder@1757cd72, codingblackfemales.sotw.ChildOrder@445b295b, codingblackfemales.sotw.ChildOrder@49e5f737, codingblackfemales.sotw.ChildOrder@5c671d7f, codingblackfemales.sotw.ChildOrder@757277dc, codingblackfemales.sotw.ChildOrder@687e99d8, codingblackfemales.sotw.ChildOrder@e4487af, codingblackfemales.sotw.ChildOrder@6aaceffd, codingblackfemales.sotw.ChildOrder@c86b9e3, codingblackfemales.sotw.ChildOrder@10aa41f2, codingblackfemales.sotw.ChildOrder@3af9c5b7, codingblackfemales.sotw.ChildOrder@37271612, codingblackfemales.sotw.ChildOrder@ed7f8b4, codingblackfemales.sotw.ChildOrder@4c309d4d, codingblackfemales.sotw.ChildOrder@38102d01, codingblackfemales.sotw.ChildOrder@37883b97, codingblackfemales.sotw.ChildOrder@6ab778a, codingblackfemales.sotw.ChildOrder@4e3958e7, codingblackfemales.sotw.ChildOrder@77f80c04, codingblackfemales.sotw.ChildOrder@1dac5ef, codingblackfemales.sotw.ChildOrder@5c90e579, codingblackfemales.sotw.ChildOrder@58ea606c]
16:02:30.486 [main] INFO  c.container.Actioner - [ALGO] Actioner, sending action:CreateChildOrder(side=BUY,quantity=46,price=115)
16:02:30.486 [main] INFO  c.sequencer.consumer.LoggingConsumer - [74] [CreateOrder](sbeTemplateId=4|sbeSchemaId=2|sbeSchemaVersion=0|sbeBlockLength=33):instrumentId=0|price=115|quantity=46|side=BUY|orderId=38
16:02:30.486 [main] INFO  c.o.v.MutatingMatchOneOrderVisitor - [ORDERBOOK] visiting LevelOrderBookLevel(price=115,quantity=3804)
16:02:30.486 [main] INFO  c.o.v.MutatingMatchOneOrderVisitor - [ORDERBOOK] Have found order we can match:MktData(price=115,quantity=3804)(Limit(side=BUY,orderId=38,price=115,quantity=46))
16:02:30.486 [main] INFO  c.o.v.MutatingMatchOneOrderVisitor - [ORDERBOOK] Filled 46@115 for order:Limit(side=BUY,orderId=38,price=115,quantity=46)
16:02:30.486 [main] INFO  c.orderbook.channel.OrderChannel - [ORDERBOOK] publishing fill to stream: [FillOrder](sbeTemplateId=10|sbeSchemaId=2|sbeSchemaVersion=0|sbeBlockLength=24):orderId=38|quantity=46|price=115
16:02:30.486 [main] INFO  c.sequencer.consumer.LoggingConsumer - [75] [FillOrder](sbeTemplateId=10|sbeSchemaId=2|sbeSchemaVersion=0|sbeBlockLength=24):orderId=38|quantity=46|price=115
16:02:30.487 [main] INFO  c.gettingstarted.MyAlgoLogic - [MYALGO] In Algo Logic.... HeLlO
16:02:30.487 [main] INFO  c.gettingstarted.MyAlgoLogic - [MYALGO] The state of the order book is:
|----BID-----||----ASK----|
    100 @ 98  5000 @ 115
    200 @ 95  5600 @ 119
    300 @ 91          - 
|------------||-----------|

bid level is: BID[100@98] long bif level is: 3
ask level is: ASK[5000@115] bid at 2
ASK[5000@115]far touch 115price46
16:02:30.487 [main] INFO  c.gettingstarted.MyAlgoLogic - [MYALGO] Have:37 children, want 45, joining passive side of book with: 46 @ 115
CreateChildOrder(side=BUY,quantity=46,price=115)
active orders are [codingblackfemales.sotw.ChildOrder@291caca8, codingblackfemales.sotw.ChildOrder@385e9564, codingblackfemales.sotw.ChildOrder@5b94b04d, codingblackfemales.sotw.ChildOrder@8c3b9d, codingblackfemales.sotw.ChildOrder@4c39bec8, codingblackfemales.sotw.ChildOrder@f79e, codingblackfemales.sotw.ChildOrder@7ee8290b, codingblackfemales.sotw.ChildOrder@1f59a598, codingblackfemales.sotw.ChildOrder@1e178745, codingblackfemales.sotw.ChildOrder@192c3f1e, codingblackfemales.sotw.ChildOrder@26b3fd41, codingblackfemales.sotw.ChildOrder@7494f96a, codingblackfemales.sotw.ChildOrder@561b6512, codingblackfemales.sotw.ChildOrder@2e377400, codingblackfemales.sotw.ChildOrder@1757cd72, codingblackfemales.sotw.ChildOrder@445b295b, codingblackfemales.sotw.ChildOrder@49e5f737, codingblackfemales.sotw.ChildOrder@5c671d7f, codingblackfemales.sotw.ChildOrder@757277dc, codingblackfemales.sotw.ChildOrder@687e99d8, codingblackfemales.sotw.ChildOrder@e4487af, codingblackfemales.sotw.ChildOrder@6aaceffd, codingblackfemales.sotw.ChildOrder@c86b9e3, codingblackfemales.sotw.ChildOrder@10aa41f2, codingblackfemales.sotw.ChildOrder@3af9c5b7, codingblackfemales.sotw.ChildOrder@37271612, codingblackfemales.sotw.ChildOrder@ed7f8b4, codingblackfemales.sotw.ChildOrder@4c309d4d, codingblackfemales.sotw.ChildOrder@38102d01, codingblackfemales.sotw.ChildOrder@37883b97, codingblackfemales.sotw.ChildOrder@6ab778a, codingblackfemales.sotw.ChildOrder@4e3958e7, codingblackfemales.sotw.ChildOrder@77f80c04, codingblackfemales.sotw.ChildOrder@1dac5ef, codingblackfemales.sotw.ChildOrder@5c90e579, codingblackfemales.sotw.ChildOrder@58ea606c, codingblackfemales.sotw.ChildOrder@6f45df59]
16:02:30.487 [main] INFO  c.container.Actioner - [ALGO] Actioner, sending action:CreateChildOrder(side=BUY,quantity=46,price=115)
16:02:30.487 [main] INFO  c.sequencer.consumer.LoggingConsumer - [76] [CreateOrder](sbeTemplateId=4|sbeSchemaId=2|sbeSchemaVersion=0|sbeBlockLength=33):instrumentId=0|price=115|quantity=46|side=BUY|orderId=39
16:02:30.487 [main] INFO  c.o.v.MutatingMatchOneOrderVisitor - [ORDERBOOK] visiting LevelOrderBookLevel(price=115,quantity=3758)
16:02:30.487 [main] INFO  c.o.v.MutatingMatchOneOrderVisitor - [ORDERBOOK] Have found order we can match:MktData(price=115,quantity=3758)(Limit(side=BUY,orderId=39,price=115,quantity=46))
16:02:30.487 [main] INFO  c.o.v.MutatingMatchOneOrderVisitor - [ORDERBOOK] Filled 46@115 for order:Limit(side=BUY,orderId=39,price=115,quantity=46)
16:02:30.487 [main] INFO  c.orderbook.channel.OrderChannel - [ORDERBOOK] publishing fill to stream: [FillOrder](sbeTemplateId=10|sbeSchemaId=2|sbeSchemaVersion=0|sbeBlockLength=24):orderId=39|quantity=46|price=115
16:02:30.487 [main] INFO  c.sequencer.consumer.LoggingConsumer - [77] [FillOrder](sbeTemplateId=10|sbeSchemaId=2|sbeSchemaVersion=0|sbeBlockLength=24):orderId=39|quantity=46|price=115
16:02:30.487 [main] INFO  c.gettingstarted.MyAlgoLogic - [MYALGO] In Algo Logic.... HeLlO
16:02:30.488 [main] INFO  c.gettingstarted.MyAlgoLogic - [MYALGO] The state of the order book is:
|----BID-----||----ASK----|
    100 @ 98  5000 @ 115
    200 @ 95  5600 @ 119
    300 @ 91          - 
|------------||-----------|

bid level is: BID[100@98] long bif level is: 3
ask level is: ASK[5000@115] bid at 2
ASK[5000@115]far touch 115price46
16:02:30.488 [main] INFO  c.gettingstarted.MyAlgoLogic - [MYALGO] Have:38 children, want 45, joining passive side of book with: 46 @ 115
CreateChildOrder(side=BUY,quantity=46,price=115)
active orders are [codingblackfemales.sotw.ChildOrder@291caca8, codingblackfemales.sotw.ChildOrder@385e9564, codingblackfemales.sotw.ChildOrder@5b94b04d, codingblackfemales.sotw.ChildOrder@8c3b9d, codingblackfemales.sotw.ChildOrder@4c39bec8, codingblackfemales.sotw.ChildOrder@f79e, codingblackfemales.sotw.ChildOrder@7ee8290b, codingblackfemales.sotw.ChildOrder@1f59a598, codingblackfemales.sotw.ChildOrder@1e178745, codingblackfemales.sotw.ChildOrder@192c3f1e, codingblackfemales.sotw.ChildOrder@26b3fd41, codingblackfemales.sotw.ChildOrder@7494f96a, codingblackfemales.sotw.ChildOrder@561b6512, codingblackfemales.sotw.ChildOrder@2e377400, codingblackfemales.sotw.ChildOrder@1757cd72, codingblackfemales.sotw.ChildOrder@445b295b, codingblackfemales.sotw.ChildOrder@49e5f737, codingblackfemales.sotw.ChildOrder@5c671d7f, codingblackfemales.sotw.ChildOrder@757277dc, codingblackfemales.sotw.ChildOrder@687e99d8, codingblackfemales.sotw.ChildOrder@e4487af, codingblackfemales.sotw.ChildOrder@6aaceffd, codingblackfemales.sotw.ChildOrder@c86b9e3, codingblackfemales.sotw.ChildOrder@10aa41f2, codingblackfemales.sotw.ChildOrder@3af9c5b7, codingblackfemales.sotw.ChildOrder@37271612, codingblackfemales.sotw.ChildOrder@ed7f8b4, codingblackfemales.sotw.ChildOrder@4c309d4d, codingblackfemales.sotw.ChildOrder@38102d01, codingblackfemales.sotw.ChildOrder@37883b97, codingblackfemales.sotw.ChildOrder@6ab778a, codingblackfemales.sotw.ChildOrder@4e3958e7, codingblackfemales.sotw.ChildOrder@77f80c04, codingblackfemales.sotw.ChildOrder@1dac5ef, codingblackfemales.sotw.ChildOrder@5c90e579, codingblackfemales.sotw.ChildOrder@58ea606c, codingblackfemales.sotw.ChildOrder@6f45df59, codingblackfemales.sotw.ChildOrder@38e79ae3]
16:02:30.488 [main] INFO  c.container.Actioner - [ALGO] Actioner, sending action:CreateChildOrder(side=BUY,quantity=46,price=115)
16:02:30.488 [main] INFO  c.sequencer.consumer.LoggingConsumer - [78] [CreateOrder](sbeTemplateId=4|sbeSchemaId=2|sbeSchemaVersion=0|sbeBlockLength=33):instrumentId=0|price=115|quantity=46|side=BUY|orderId=40
16:02:30.488 [main] INFO  c.o.v.MutatingMatchOneOrderVisitor - [ORDERBOOK] visiting LevelOrderBookLevel(price=115,quantity=3712)
16:02:30.488 [main] INFO  c.o.v.MutatingMatchOneOrderVisitor - [ORDERBOOK] Have found order we can match:MktData(price=115,quantity=3712)(Limit(side=BUY,orderId=40,price=115,quantity=46))
16:02:30.488 [main] INFO  c.o.v.MutatingMatchOneOrderVisitor - [ORDERBOOK] Filled 46@115 for order:Limit(side=BUY,orderId=40,price=115,quantity=46)
16:02:30.488 [main] INFO  c.orderbook.channel.OrderChannel - [ORDERBOOK] publishing fill to stream: [FillOrder](sbeTemplateId=10|sbeSchemaId=2|sbeSchemaVersion=0|sbeBlockLength=24):orderId=40|quantity=46|price=115
16:02:30.488 [main] INFO  c.sequencer.consumer.LoggingConsumer - [79] [FillOrder](sbeTemplateId=10|sbeSchemaId=2|sbeSchemaVersion=0|sbeBlockLength=24):orderId=40|quantity=46|price=115
16:02:30.488 [main] INFO  c.gettingstarted.MyAlgoLogic - [MYALGO] In Algo Logic.... HeLlO
16:02:30.489 [main] INFO  c.gettingstarted.MyAlgoLogic - [MYALGO] The state of the order book is:
|----BID-----||----ASK----|
    100 @ 98  5000 @ 115
    200 @ 95  5600 @ 119
    300 @ 91          - 
|------------||-----------|

bid level is: BID[100@98] long bif level is: 3
ask level is: ASK[5000@115] bid at 2
ASK[5000@115]far touch 115price46
16:02:30.489 [main] INFO  c.gettingstarted.MyAlgoLogic - [MYALGO] Have:39 children, want 45, joining passive side of book with: 46 @ 115
CreateChildOrder(side=BUY,quantity=46,price=115)
active orders are [codingblackfemales.sotw.ChildOrder@291caca8, codingblackfemales.sotw.ChildOrder@385e9564, codingblackfemales.sotw.ChildOrder@5b94b04d, codingblackfemales.sotw.ChildOrder@8c3b9d, codingblackfemales.sotw.ChildOrder@4c39bec8, codingblackfemales.sotw.ChildOrder@f79e, codingblackfemales.sotw.ChildOrder@7ee8290b, codingblackfemales.sotw.ChildOrder@1f59a598, codingblackfemales.sotw.ChildOrder@1e178745, codingblackfemales.sotw.ChildOrder@192c3f1e, codingblackfemales.sotw.ChildOrder@26b3fd41, codingblackfemales.sotw.ChildOrder@7494f96a, codingblackfemales.sotw.ChildOrder@561b6512, codingblackfemales.sotw.ChildOrder@2e377400, codingblackfemales.sotw.ChildOrder@1757cd72, codingblackfemales.sotw.ChildOrder@445b295b, codingblackfemales.sotw.ChildOrder@49e5f737, codingblackfemales.sotw.ChildOrder@5c671d7f, codingblackfemales.sotw.ChildOrder@757277dc, codingblackfemales.sotw.ChildOrder@687e99d8, codingblackfemales.sotw.ChildOrder@e4487af, codingblackfemales.sotw.ChildOrder@6aaceffd, codingblackfemales.sotw.ChildOrder@c86b9e3, codingblackfemales.sotw.ChildOrder@10aa41f2, codingblackfemales.sotw.ChildOrder@3af9c5b7, codingblackfemales.sotw.ChildOrder@37271612, codingblackfemales.sotw.ChildOrder@ed7f8b4, codingblackfemales.sotw.ChildOrder@4c309d4d, codingblackfemales.sotw.ChildOrder@38102d01, codingblackfemales.sotw.ChildOrder@37883b97, codingblackfemales.sotw.ChildOrder@6ab778a, codingblackfemales.sotw.ChildOrder@4e3958e7, codingblackfemales.sotw.ChildOrder@77f80c04, codingblackfemales.sotw.ChildOrder@1dac5ef, codingblackfemales.sotw.ChildOrder@5c90e579, codingblackfemales.sotw.ChildOrder@58ea606c, codingblackfemales.sotw.ChildOrder@6f45df59, codingblackfemales.sotw.ChildOrder@38e79ae3, codingblackfemales.sotw.ChildOrder@63070bab]
16:02:30.489 [main] INFO  c.container.Actioner - [ALGO] Actioner, sending action:CreateChildOrder(side=BUY,quantity=46,price=115)
16:02:30.489 [main] INFO  c.sequencer.consumer.LoggingConsumer - [80] [CreateOrder](sbeTemplateId=4|sbeSchemaId=2|sbeSchemaVersion=0|sbeBlockLength=33):instrumentId=0|price=115|quantity=46|side=BUY|orderId=41
16:02:30.489 [main] INFO  c.o.v.MutatingMatchOneOrderVisitor - [ORDERBOOK] visiting LevelOrderBookLevel(price=115,quantity=3666)
16:02:30.489 [main] INFO  c.o.v.MutatingMatchOneOrderVisitor - [ORDERBOOK] Have found order we can match:MktData(price=115,quantity=3666)(Limit(side=BUY,orderId=41,price=115,quantity=46))
16:02:30.489 [main] INFO  c.o.v.MutatingMatchOneOrderVisitor - [ORDERBOOK] Filled 46@115 for order:Limit(side=BUY,orderId=41,price=115,quantity=46)
16:02:30.489 [main] INFO  c.orderbook.channel.OrderChannel - [ORDERBOOK] publishing fill to stream: [FillOrder](sbeTemplateId=10|sbeSchemaId=2|sbeSchemaVersion=0|sbeBlockLength=24):orderId=41|quantity=46|price=115
16:02:30.489 [main] INFO  c.sequencer.consumer.LoggingConsumer - [81] [FillOrder](sbeTemplateId=10|sbeSchemaId=2|sbeSchemaVersion=0|sbeBlockLength=24):orderId=41|quantity=46|price=115
16:02:30.490 [main] INFO  c.gettingstarted.MyAlgoLogic - [MYALGO] In Algo Logic.... HeLlO
16:02:30.490 [main] INFO  c.gettingstarted.MyAlgoLogic - [MYALGO] The state of the order book is:
|----BID-----||----ASK----|
    100 @ 98  5000 @ 115
    200 @ 95  5600 @ 119
    300 @ 91          - 
|------------||-----------|

bid level is: BID[100@98] long bif level is: 3
ask level is: ASK[5000@115] bid at 2
ASK[5000@115]far touch 115price46
16:02:30.490 [main] INFO  c.gettingstarted.MyAlgoLogic - [MYALGO] Have:40 children, want 45, joining passive side of book with: 46 @ 115
CreateChildOrder(side=BUY,quantity=46,price=115)
active orders are [codingblackfemales.sotw.ChildOrder@291caca8, codingblackfemales.sotw.ChildOrder@385e9564, codingblackfemales.sotw.ChildOrder@5b94b04d, codingblackfemales.sotw.ChildOrder@8c3b9d, codingblackfemales.sotw.ChildOrder@4c39bec8, codingblackfemales.sotw.ChildOrder@f79e, codingblackfemales.sotw.ChildOrder@7ee8290b, codingblackfemales.sotw.ChildOrder@1f59a598, codingblackfemales.sotw.ChildOrder@1e178745, codingblackfemales.sotw.ChildOrder@192c3f1e, codingblackfemales.sotw.ChildOrder@26b3fd41, codingblackfemales.sotw.ChildOrder@7494f96a, codingblackfemales.sotw.ChildOrder@561b6512, codingblackfemales.sotw.ChildOrder@2e377400, codingblackfemales.sotw.ChildOrder@1757cd72, codingblackfemales.sotw.ChildOrder@445b295b, codingblackfemales.sotw.ChildOrder@49e5f737, codingblackfemales.sotw.ChildOrder@5c671d7f, codingblackfemales.sotw.ChildOrder@757277dc, codingblackfemales.sotw.ChildOrder@687e99d8, codingblackfemales.sotw.ChildOrder@e4487af, codingblackfemales.sotw.ChildOrder@6aaceffd, codingblackfemales.sotw.ChildOrder@c86b9e3, codingblackfemales.sotw.ChildOrder@10aa41f2, codingblackfemales.sotw.ChildOrder@3af9c5b7, codingblackfemales.sotw.ChildOrder@37271612, codingblackfemales.sotw.ChildOrder@ed7f8b4, codingblackfemales.sotw.ChildOrder@4c309d4d, codingblackfemales.sotw.ChildOrder@38102d01, codingblackfemales.sotw.ChildOrder@37883b97, codingblackfemales.sotw.ChildOrder@6ab778a, codingblackfemales.sotw.ChildOrder@4e3958e7, codingblackfemales.sotw.ChildOrder@77f80c04, codingblackfemales.sotw.ChildOrder@1dac5ef, codingblackfemales.sotw.ChildOrder@5c90e579, codingblackfemales.sotw.ChildOrder@58ea606c, codingblackfemales.sotw.ChildOrder@6f45df59, codingblackfemales.sotw.ChildOrder@38e79ae3, codingblackfemales.sotw.ChildOrder@63070bab, codingblackfemales.sotw.ChildOrder@68e5eea7]
16:02:30.490 [main] INFO  c.container.Actioner - [ALGO] Actioner, sending action:CreateChildOrder(side=BUY,quantity=46,price=115)
16:02:30.490 [main] INFO  c.sequencer.consumer.LoggingConsumer - [82] [CreateOrder](sbeTemplateId=4|sbeSchemaId=2|sbeSchemaVersion=0|sbeBlockLength=33):instrumentId=0|price=115|quantity=46|side=BUY|orderId=42
16:02:30.490 [main] INFO  c.o.v.MutatingMatchOneOrderVisitor - [ORDERBOOK] visiting LevelOrderBookLevel(price=115,quantity=3620)
16:02:30.490 [main] INFO  c.o.v.MutatingMatchOneOrderVisitor - [ORDERBOOK] Have found order we can match:MktData(price=115,quantity=3620)(Limit(side=BUY,orderId=42,price=115,quantity=46))
16:02:30.490 [main] INFO  c.o.v.MutatingMatchOneOrderVisitor - [ORDERBOOK] Filled 46@115 for order:Limit(side=BUY,orderId=42,price=115,quantity=46)
16:02:30.490 [main] INFO  c.orderbook.channel.OrderChannel - [ORDERBOOK] publishing fill to stream: [FillOrder](sbeTemplateId=10|sbeSchemaId=2|sbeSchemaVersion=0|sbeBlockLength=24):orderId=42|quantity=46|price=115
16:02:30.491 [main] INFO  c.sequencer.consumer.LoggingConsumer - [83] [FillOrder](sbeTemplateId=10|sbeSchemaId=2|sbeSchemaVersion=0|sbeBlockLength=24):orderId=42|quantity=46|price=115
16:02:30.491 [main] INFO  c.gettingstarted.MyAlgoLogic - [MYALGO] In Algo Logic.... HeLlO
16:02:30.491 [main] INFO  c.gettingstarted.MyAlgoLogic - [MYALGO] The state of the order book is:
|----BID-----||----ASK----|
    100 @ 98  5000 @ 115
    200 @ 95  5600 @ 119
    300 @ 91          - 
|------------||-----------|

bid level is: BID[100@98] long bif level is: 3
ask level is: ASK[5000@115] bid at 2
ASK[5000@115]far touch 115price46
16:02:30.491 [main] INFO  c.gettingstarted.MyAlgoLogic - [MYALGO] Have:41 children, want 45, joining passive side of book with: 46 @ 115
CreateChildOrder(side=BUY,quantity=46,price=115)
active orders are [codingblackfemales.sotw.ChildOrder@291caca8, codingblackfemales.sotw.ChildOrder@385e9564, codingblackfemales.sotw.ChildOrder@5b94b04d, codingblackfemales.sotw.ChildOrder@8c3b9d, codingblackfemales.sotw.ChildOrder@4c39bec8, codingblackfemales.sotw.ChildOrder@f79e, codingblackfemales.sotw.ChildOrder@7ee8290b, codingblackfemales.sotw.ChildOrder@1f59a598, codingblackfemales.sotw.ChildOrder@1e178745, codingblackfemales.sotw.ChildOrder@192c3f1e, codingblackfemales.sotw.ChildOrder@26b3fd41, codingblackfemales.sotw.ChildOrder@7494f96a, codingblackfemales.sotw.ChildOrder@561b6512, codingblackfemales.sotw.ChildOrder@2e377400, codingblackfemales.sotw.ChildOrder@1757cd72, codingblackfemales.sotw.ChildOrder@445b295b, codingblackfemales.sotw.ChildOrder@49e5f737, codingblackfemales.sotw.ChildOrder@5c671d7f, codingblackfemales.sotw.ChildOrder@757277dc, codingblackfemales.sotw.ChildOrder@687e99d8, codingblackfemales.sotw.ChildOrder@e4487af, codingblackfemales.sotw.ChildOrder@6aaceffd, codingblackfemales.sotw.ChildOrder@c86b9e3, codingblackfemales.sotw.ChildOrder@10aa41f2, codingblackfemales.sotw.ChildOrder@3af9c5b7, codingblackfemales.sotw.ChildOrder@37271612, codingblackfemales.sotw.ChildOrder@ed7f8b4, codingblackfemales.sotw.ChildOrder@4c309d4d, codingblackfemales.sotw.ChildOrder@38102d01, codingblackfemales.sotw.ChildOrder@37883b97, codingblackfemales.sotw.ChildOrder@6ab778a, codingblackfemales.sotw.ChildOrder@4e3958e7, codingblackfemales.sotw.ChildOrder@77f80c04, codingblackfemales.sotw.ChildOrder@1dac5ef, codingblackfemales.sotw.ChildOrder@5c90e579, codingblackfemales.sotw.ChildOrder@58ea606c, codingblackfemales.sotw.ChildOrder@6f45df59, codingblackfemales.sotw.ChildOrder@38e79ae3, codingblackfemales.sotw.ChildOrder@63070bab, codingblackfemales.sotw.ChildOrder@68e5eea7, codingblackfemales.sotw.ChildOrder@291b4bf5]
16:02:30.491 [main] INFO  c.container.Actioner - [ALGO] Actioner, sending action:CreateChildOrder(side=BUY,quantity=46,price=115)
16:02:30.491 [main] INFO  c.sequencer.consumer.LoggingConsumer - [84] [CreateOrder](sbeTemplateId=4|sbeSchemaId=2|sbeSchemaVersion=0|sbeBlockLength=33):instrumentId=0|price=115|quantity=46|side=BUY|orderId=43
16:02:30.491 [main] INFO  c.o.v.MutatingMatchOneOrderVisitor - [ORDERBOOK] visiting LevelOrderBookLevel(price=115,quantity=3574)
16:02:30.491 [main] INFO  c.o.v.MutatingMatchOneOrderVisitor - [ORDERBOOK] Have found order we can match:MktData(price=115,quantity=3574)(Limit(side=BUY,orderId=43,price=115,quantity=46))
16:02:30.491 [main] INFO  c.o.v.MutatingMatchOneOrderVisitor - [ORDERBOOK] Filled 46@115 for order:Limit(side=BUY,orderId=43,price=115,quantity=46)
16:02:30.491 [main] INFO  c.orderbook.channel.OrderChannel - [ORDERBOOK] publishing fill to stream: [FillOrder](sbeTemplateId=10|sbeSchemaId=2|sbeSchemaVersion=0|sbeBlockLength=24):orderId=43|quantity=46|price=115
16:02:30.491 [main] INFO  c.sequencer.consumer.LoggingConsumer - [85] [FillOrder](sbeTemplateId=10|sbeSchemaId=2|sbeSchemaVersion=0|sbeBlockLength=24):orderId=43|quantity=46|price=115
16:02:30.491 [main] INFO  c.gettingstarted.MyAlgoLogic - [MYALGO] In Algo Logic.... HeLlO
16:02:30.491 [main] INFO  c.gettingstarted.MyAlgoLogic - [MYALGO] The state of the order book is:
|----BID-----||----ASK----|
    100 @ 98  5000 @ 115
    200 @ 95  5600 @ 119
    300 @ 91          - 
|------------||-----------|

bid level is: BID[100@98] long bif level is: 3
ask level is: ASK[5000@115] bid at 2
ASK[5000@115]far touch 115price46
16:02:30.492 [main] INFO  c.gettingstarted.MyAlgoLogic - [MYALGO] Have:42 children, want 45, joining passive side of book with: 46 @ 115
CreateChildOrder(side=BUY,quantity=46,price=115)
active orders are [codingblackfemales.sotw.ChildOrder@291caca8, codingblackfemales.sotw.ChildOrder@385e9564, codingblackfemales.sotw.ChildOrder@5b94b04d, codingblackfemales.sotw.ChildOrder@8c3b9d, codingblackfemales.sotw.ChildOrder@4c39bec8, codingblackfemales.sotw.ChildOrder@f79e, codingblackfemales.sotw.ChildOrder@7ee8290b, codingblackfemales.sotw.ChildOrder@1f59a598, codingblackfemales.sotw.ChildOrder@1e178745, codingblackfemales.sotw.ChildOrder@192c3f1e, codingblackfemales.sotw.ChildOrder@26b3fd41, codingblackfemales.sotw.ChildOrder@7494f96a, codingblackfemales.sotw.ChildOrder@561b6512, codingblackfemales.sotw.ChildOrder@2e377400, codingblackfemales.sotw.ChildOrder@1757cd72, codingblackfemales.sotw.ChildOrder@445b295b, codingblackfemales.sotw.ChildOrder@49e5f737, codingblackfemales.sotw.ChildOrder@5c671d7f, codingblackfemales.sotw.ChildOrder@757277dc, codingblackfemales.sotw.ChildOrder@687e99d8, codingblackfemales.sotw.ChildOrder@e4487af, codingblackfemales.sotw.ChildOrder@6aaceffd, codingblackfemales.sotw.ChildOrder@c86b9e3, codingblackfemales.sotw.ChildOrder@10aa41f2, codingblackfemales.sotw.ChildOrder@3af9c5b7, codingblackfemales.sotw.ChildOrder@37271612, codingblackfemales.sotw.ChildOrder@ed7f8b4, codingblackfemales.sotw.ChildOrder@4c309d4d, codingblackfemales.sotw.ChildOrder@38102d01, codingblackfemales.sotw.ChildOrder@37883b97, codingblackfemales.sotw.ChildOrder@6ab778a, codingblackfemales.sotw.ChildOrder@4e3958e7, codingblackfemales.sotw.ChildOrder@77f80c04, codingblackfemales.sotw.ChildOrder@1dac5ef, codingblackfemales.sotw.ChildOrder@5c90e579, codingblackfemales.sotw.ChildOrder@58ea606c, codingblackfemales.sotw.ChildOrder@6f45df59, codingblackfemales.sotw.ChildOrder@38e79ae3, codingblackfemales.sotw.ChildOrder@63070bab, codingblackfemales.sotw.ChildOrder@68e5eea7, codingblackfemales.sotw.ChildOrder@291b4bf5, codingblackfemales.sotw.ChildOrder@2d2ffcb7]
16:02:30.492 [main] INFO  c.container.Actioner - [ALGO] Actioner, sending action:CreateChildOrder(side=BUY,quantity=46,price=115)
16:02:30.492 [main] INFO  c.sequencer.consumer.LoggingConsumer - [86] [CreateOrder](sbeTemplateId=4|sbeSchemaId=2|sbeSchemaVersion=0|sbeBlockLength=33):instrumentId=0|price=115|quantity=46|side=BUY|orderId=44
16:02:30.492 [main] INFO  c.o.v.MutatingMatchOneOrderVisitor - [ORDERBOOK] visiting LevelOrderBookLevel(price=115,quantity=3528)
16:02:30.492 [main] INFO  c.o.v.MutatingMatchOneOrderVisitor - [ORDERBOOK] Have found order we can match:MktData(price=115,quantity=3528)(Limit(side=BUY,orderId=44,price=115,quantity=46))
16:02:30.492 [main] INFO  c.o.v.MutatingMatchOneOrderVisitor - [ORDERBOOK] Filled 46@115 for order:Limit(side=BUY,orderId=44,price=115,quantity=46)
16:02:30.492 [main] INFO  c.orderbook.channel.OrderChannel - [ORDERBOOK] publishing fill to stream: [FillOrder](sbeTemplateId=10|sbeSchemaId=2|sbeSchemaVersion=0|sbeBlockLength=24):orderId=44|quantity=46|price=115
16:02:30.492 [main] INFO  c.sequencer.consumer.LoggingConsumer - [87] [FillOrder](sbeTemplateId=10|sbeSchemaId=2|sbeSchemaVersion=0|sbeBlockLength=24):orderId=44|quantity=46|price=115
16:02:30.492 [main] INFO  c.gettingstarted.MyAlgoLogic - [MYALGO] In Algo Logic.... HeLlO
16:02:30.493 [main] INFO  c.gettingstarted.MyAlgoLogic - [MYALGO] The state of the order book is:
|----BID-----||----ASK----|
    100 @ 98  5000 @ 115
    200 @ 95  5600 @ 119
    300 @ 91          - 
|------------||-----------|

bid level is: BID[100@98] long bif level is: 3
ask level is: ASK[5000@115] bid at 2
ASK[5000@115]far touch 115price46
16:02:30.493 [main] INFO  c.gettingstarted.MyAlgoLogic - [MYALGO] Have:43 children, want 45, joining passive side of book with: 46 @ 115
CreateChildOrder(side=BUY,quantity=46,price=115)
active orders are [codingblackfemales.sotw.ChildOrder@291caca8, codingblackfemales.sotw.ChildOrder@385e9564, codingblackfemales.sotw.ChildOrder@5b94b04d, codingblackfemales.sotw.ChildOrder@8c3b9d, codingblackfemales.sotw.ChildOrder@4c39bec8, codingblackfemales.sotw.ChildOrder@f79e, codingblackfemales.sotw.ChildOrder@7ee8290b, codingblackfemales.sotw.ChildOrder@1f59a598, codingblackfemales.sotw.ChildOrder@1e178745, codingblackfemales.sotw.ChildOrder@192c3f1e, codingblackfemales.sotw.ChildOrder@26b3fd41, codingblackfemales.sotw.ChildOrder@7494f96a, codingblackfemales.sotw.ChildOrder@561b6512, codingblackfemales.sotw.ChildOrder@2e377400, codingblackfemales.sotw.ChildOrder@1757cd72, codingblackfemales.sotw.ChildOrder@445b295b, codingblackfemales.sotw.ChildOrder@49e5f737, codingblackfemales.sotw.ChildOrder@5c671d7f, codingblackfemales.sotw.ChildOrder@757277dc, codingblackfemales.sotw.ChildOrder@687e99d8, codingblackfemales.sotw.ChildOrder@e4487af, codingblackfemales.sotw.ChildOrder@6aaceffd, codingblackfemales.sotw.ChildOrder@c86b9e3, codingblackfemales.sotw.ChildOrder@10aa41f2, codingblackfemales.sotw.ChildOrder@3af9c5b7, codingblackfemales.sotw.ChildOrder@37271612, codingblackfemales.sotw.ChildOrder@ed7f8b4, codingblackfemales.sotw.ChildOrder@4c309d4d, codingblackfemales.sotw.ChildOrder@38102d01, codingblackfemales.sotw.ChildOrder@37883b97, codingblackfemales.sotw.ChildOrder@6ab778a, codingblackfemales.sotw.ChildOrder@4e3958e7, codingblackfemales.sotw.ChildOrder@77f80c04, codingblackfemales.sotw.ChildOrder@1dac5ef, codingblackfemales.sotw.ChildOrder@5c90e579, codingblackfemales.sotw.ChildOrder@58ea606c, codingblackfemales.sotw.ChildOrder@6f45df59, codingblackfemales.sotw.ChildOrder@38e79ae3, codingblackfemales.sotw.ChildOrder@63070bab, codingblackfemales.sotw.ChildOrder@68e5eea7, codingblackfemales.sotw.ChildOrder@291b4bf5, codingblackfemales.sotw.ChildOrder@2d2ffcb7, codingblackfemales.sotw.ChildOrder@762ef0ea]
16:02:30.493 [main] INFO  c.container.Actioner - [ALGO] Actioner, sending action:CreateChildOrder(side=BUY,quantity=46,price=115)
16:02:30.493 [main] INFO  c.sequencer.consumer.LoggingConsumer - [88] [CreateOrder](sbeTemplateId=4|sbeSchemaId=2|sbeSchemaVersion=0|sbeBlockLength=33):instrumentId=0|price=115|quantity=46|side=BUY|orderId=45
16:02:30.493 [main] INFO  c.o.v.MutatingMatchOneOrderVisitor - [ORDERBOOK] visiting LevelOrderBookLevel(price=115,quantity=3482)
16:02:30.493 [main] INFO  c.o.v.MutatingMatchOneOrderVisitor - [ORDERBOOK] Have found order we can match:MktData(price=115,quantity=3482)(Limit(side=BUY,orderId=45,price=115,quantity=46))
16:02:30.493 [main] INFO  c.o.v.MutatingMatchOneOrderVisitor - [ORDERBOOK] Filled 46@115 for order:Limit(side=BUY,orderId=45,price=115,quantity=46)
16:02:30.493 [main] INFO  c.orderbook.channel.OrderChannel - [ORDERBOOK] publishing fill to stream: [FillOrder](sbeTemplateId=10|sbeSchemaId=2|sbeSchemaVersion=0|sbeBlockLength=24):orderId=45|quantity=46|price=115
16:02:30.494 [main] INFO  c.sequencer.consumer.LoggingConsumer - [89] [FillOrder](sbeTemplateId=10|sbeSchemaId=2|sbeSchemaVersion=0|sbeBlockLength=24):orderId=45|quantity=46|price=115
16:02:30.494 [main] INFO  c.gettingstarted.MyAlgoLogic - [MYALGO] In Algo Logic.... HeLlO
16:02:30.494 [main] INFO  c.gettingstarted.MyAlgoLogic - [MYALGO] The state of the order book is:
|----BID-----||----ASK----|
    100 @ 98  5000 @ 115
    200 @ 95  5600 @ 119
    300 @ 91          - 
|------------||-----------|

bid level is: BID[100@98] long bif level is: 3
ask level is: ASK[5000@115] bid at 2
ASK[5000@115]far touch 115price46
16:02:30.494 [main] INFO  c.gettingstarted.MyAlgoLogic - [MYALGO] Have:44 children, want 45, joining passive side of book with: 46 @ 115
CreateChildOrder(side=BUY,quantity=46,price=115)
active orders are [codingblackfemales.sotw.ChildOrder@291caca8, codingblackfemales.sotw.ChildOrder@385e9564, codingblackfemales.sotw.ChildOrder@5b94b04d, codingblackfemales.sotw.ChildOrder@8c3b9d, codingblackfemales.sotw.ChildOrder@4c39bec8, codingblackfemales.sotw.ChildOrder@f79e, codingblackfemales.sotw.ChildOrder@7ee8290b, codingblackfemales.sotw.ChildOrder@1f59a598, codingblackfemales.sotw.ChildOrder@1e178745, codingblackfemales.sotw.ChildOrder@192c3f1e, codingblackfemales.sotw.ChildOrder@26b3fd41, codingblackfemales.sotw.ChildOrder@7494f96a, codingblackfemales.sotw.ChildOrder@561b6512, codingblackfemales.sotw.ChildOrder@2e377400, codingblackfemales.sotw.ChildOrder@1757cd72, codingblackfemales.sotw.ChildOrder@445b295b, codingblackfemales.sotw.ChildOrder@49e5f737, codingblackfemales.sotw.ChildOrder@5c671d7f, codingblackfemales.sotw.ChildOrder@757277dc, codingblackfemales.sotw.ChildOrder@687e99d8, codingblackfemales.sotw.ChildOrder@e4487af, codingblackfemales.sotw.ChildOrder@6aaceffd, codingblackfemales.sotw.ChildOrder@c86b9e3, codingblackfemales.sotw.ChildOrder@10aa41f2, codingblackfemales.sotw.ChildOrder@3af9c5b7, codingblackfemales.sotw.ChildOrder@37271612, codingblackfemales.sotw.ChildOrder@ed7f8b4, codingblackfemales.sotw.ChildOrder@4c309d4d, codingblackfemales.sotw.ChildOrder@38102d01, codingblackfemales.sotw.ChildOrder@37883b97, codingblackfemales.sotw.ChildOrder@6ab778a, codingblackfemales.sotw.ChildOrder@4e3958e7, codingblackfemales.sotw.ChildOrder@77f80c04, codingblackfemales.sotw.ChildOrder@1dac5ef, codingblackfemales.sotw.ChildOrder@5c90e579, codingblackfemales.sotw.ChildOrder@58ea606c, codingblackfemales.sotw.ChildOrder@6f45df59, codingblackfemales.sotw.ChildOrder@38e79ae3, codingblackfemales.sotw.ChildOrder@63070bab, codingblackfemales.sotw.ChildOrder@68e5eea7, codingblackfemales.sotw.ChildOrder@291b4bf5, codingblackfemales.sotw.ChildOrder@2d2ffcb7, codingblackfemales.sotw.ChildOrder@762ef0ea, codingblackfemales.sotw.ChildOrder@31f9b85e]
16:02:30.494 [main] INFO  c.container.Actioner - [ALGO] Actioner, sending action:CreateChildOrder(side=BUY,quantity=46,price=115)
16:02:30.494 [main] INFO  c.sequencer.consumer.LoggingConsumer - [90] [CreateOrder](sbeTemplateId=4|sbeSchemaId=2|sbeSchemaVersion=0|sbeBlockLength=33):instrumentId=0|price=115|quantity=46|side=BUY|orderId=46
16:02:30.494 [main] INFO  c.o.v.MutatingMatchOneOrderVisitor - [ORDERBOOK] visiting LevelOrderBookLevel(price=115,quantity=3436)
16:02:30.494 [main] INFO  c.o.v.MutatingMatchOneOrderVisitor - [ORDERBOOK] Have found order we can match:MktData(price=115,quantity=3436)(Limit(side=BUY,orderId=46,price=115,quantity=46))
16:02:30.494 [main] INFO  c.o.v.MutatingMatchOneOrderVisitor - [ORDERBOOK] Filled 46@115 for order:Limit(side=BUY,orderId=46,price=115,quantity=46)
16:02:30.494 [main] INFO  c.orderbook.channel.OrderChannel - [ORDERBOOK] publishing fill to stream: [FillOrder](sbeTemplateId=10|sbeSchemaId=2|sbeSchemaVersion=0|sbeBlockLength=24):orderId=46|quantity=46|price=115
16:02:30.494 [main] INFO  c.sequencer.consumer.LoggingConsumer - [91] [FillOrder](sbeTemplateId=10|sbeSchemaId=2|sbeSchemaVersion=0|sbeBlockLength=24):orderId=46|quantity=46|price=115
16:02:30.494 [main] INFO  c.gettingstarted.MyAlgoLogic - [MYALGO] In Algo Logic.... HeLlO
16:02:30.494 [main] INFO  c.gettingstarted.MyAlgoLogic - [MYALGO] The state of the order book is:
|----BID-----||----ASK----|
    100 @ 98  5000 @ 115
    200 @ 95  5600 @ 119
    300 @ 91          - 
|------------||-----------|

total order count is45
16:02:30.495 [main] INFO  c.gettingstarted.MyAlgoLogic - [MYALGO] option is present total order count is45
16:02:30.495 [main] INFO  c.gettingstarted.MyAlgoLogic - [MYALGO] option is present, active orders are [codingblackfemales.sotw.ChildOrder@291caca8, codingblackfemales.sotw.ChildOrder@385e9564, codingblackfemales.sotw.ChildOrder@5b94b04d, codingblackfemales.sotw.ChildOrder@8c3b9d, codingblackfemales.sotw.ChildOrder@4c39bec8, codingblackfemales.sotw.ChildOrder@f79e, codingblackfemales.sotw.ChildOrder@7ee8290b, codingblackfemales.sotw.ChildOrder@1f59a598, codingblackfemales.sotw.ChildOrder@1e178745, codingblackfemales.sotw.ChildOrder@192c3f1e, codingblackfemales.sotw.ChildOrder@26b3fd41, codingblackfemales.sotw.ChildOrder@7494f96a, codingblackfemales.sotw.ChildOrder@561b6512, codingblackfemales.sotw.ChildOrder@2e377400, codingblackfemales.sotw.ChildOrder@1757cd72, codingblackfemales.sotw.ChildOrder@445b295b, codingblackfemales.sotw.ChildOrder@49e5f737, codingblackfemales.sotw.ChildOrder@5c671d7f, codingblackfemales.sotw.ChildOrder@757277dc, codingblackfemales.sotw.ChildOrder@687e99d8, codingblackfemales.sotw.ChildOrder@e4487af, codingblackfemales.sotw.ChildOrder@6aaceffd, codingblackfemales.sotw.ChildOrder@c86b9e3, codingblackfemales.sotw.ChildOrder@10aa41f2, codingblackfemales.sotw.ChildOrder@3af9c5b7, codingblackfemales.sotw.ChildOrder@37271612, codingblackfemales.sotw.ChildOrder@ed7f8b4, codingblackfemales.sotw.ChildOrder@4c309d4d, codingblackfemales.sotw.ChildOrder@38102d01, codingblackfemales.sotw.ChildOrder@37883b97, codingblackfemales.sotw.ChildOrder@6ab778a, codingblackfemales.sotw.ChildOrder@4e3958e7, codingblackfemales.sotw.ChildOrder@77f80c04, codingblackfemales.sotw.ChildOrder@1dac5ef, codingblackfemales.sotw.ChildOrder@5c90e579, codingblackfemales.sotw.ChildOrder@58ea606c, codingblackfemales.sotw.ChildOrder@6f45df59, codingblackfemales.sotw.ChildOrder@38e79ae3, codingblackfemales.sotw.ChildOrder@63070bab, codingblackfemales.sotw.ChildOrder@68e5eea7, codingblackfemales.sotw.ChildOrder@291b4bf5, codingblackfemales.sotw.ChildOrder@2d2ffcb7, codingblackfemales.sotw.ChildOrder@762ef0ea, codingblackfemales.sotw.ChildOrder@31f9b85e, codingblackfemales.sotw.ChildOrder@424e1977]
active orders are [codingblackfemales.sotw.ChildOrder@291caca8, codingblackfemales.sotw.ChildOrder@385e9564, codingblackfemales.sotw.ChildOrder@5b94b04d, codingblackfemales.sotw.ChildOrder@8c3b9d, codingblackfemales.sotw.ChildOrder@4c39bec8, codingblackfemales.sotw.ChildOrder@f79e, codingblackfemales.sotw.ChildOrder@7ee8290b, codingblackfemales.sotw.ChildOrder@1f59a598, codingblackfemales.sotw.ChildOrder@1e178745, codingblackfemales.sotw.ChildOrder@192c3f1e, codingblackfemales.sotw.ChildOrder@26b3fd41, codingblackfemales.sotw.ChildOrder@7494f96a, codingblackfemales.sotw.ChildOrder@561b6512, codingblackfemales.sotw.ChildOrder@2e377400, codingblackfemales.sotw.ChildOrder@1757cd72, codingblackfemales.sotw.ChildOrder@445b295b, codingblackfemales.sotw.ChildOrder@49e5f737, codingblackfemales.sotw.ChildOrder@5c671d7f, codingblackfemales.sotw.ChildOrder@757277dc, codingblackfemales.sotw.ChildOrder@687e99d8, codingblackfemales.sotw.ChildOrder@e4487af, codingblackfemales.sotw.ChildOrder@6aaceffd, codingblackfemales.sotw.ChildOrder@c86b9e3, codingblackfemales.sotw.ChildOrder@10aa41f2, codingblackfemales.sotw.ChildOrder@3af9c5b7, codingblackfemales.sotw.ChildOrder@37271612, codingblackfemales.sotw.ChildOrder@ed7f8b4, codingblackfemales.sotw.ChildOrder@4c309d4d, codingblackfemales.sotw.ChildOrder@38102d01, codingblackfemales.sotw.ChildOrder@37883b97, codingblackfemales.sotw.ChildOrder@6ab778a, codingblackfemales.sotw.ChildOrder@4e3958e7, codingblackfemales.sotw.ChildOrder@77f80c04, codingblackfemales.sotw.ChildOrder@1dac5ef, codingblackfemales.sotw.ChildOrder@5c90e579, codingblackfemales.sotw.ChildOrder@58ea606c, codingblackfemales.sotw.ChildOrder@6f45df59, codingblackfemales.sotw.ChildOrder@38e79ae3, codingblackfemales.sotw.ChildOrder@63070bab, codingblackfemales.sotw.ChildOrder@68e5eea7, codingblackfemales.sotw.ChildOrder@291b4bf5, codingblackfemales.sotw.ChildOrder@2d2ffcb7, codingblackfemales.sotw.ChildOrder@762ef0ea, codingblackfemales.sotw.ChildOrder@31f9b85e, codingblackfemales.sotw.ChildOrder@424e1977]
16:02:30.495 [main] INFO  c.gettingstarted.MyAlgoLogic - [MYALGO] option is present active orders are:[codingblackfemales.sotw.ChildOrder@291caca8, codingblackfemales.sotw.ChildOrder@385e9564, codingblackfemales.sotw.ChildOrder@5b94b04d, codingblackfemales.sotw.ChildOrder@8c3b9d, codingblackfemales.sotw.ChildOrder@4c39bec8, codingblackfemales.sotw.ChildOrder@f79e, codingblackfemales.sotw.ChildOrder@7ee8290b, codingblackfemales.sotw.ChildOrder@1f59a598, codingblackfemales.sotw.ChildOrder@1e178745, codingblackfemales.sotw.ChildOrder@192c3f1e, codingblackfemales.sotw.ChildOrder@26b3fd41, codingblackfemales.sotw.ChildOrder@7494f96a, codingblackfemales.sotw.ChildOrder@561b6512, codingblackfemales.sotw.ChildOrder@2e377400, codingblackfemales.sotw.ChildOrder@1757cd72, codingblackfemales.sotw.ChildOrder@445b295b, codingblackfemales.sotw.ChildOrder@49e5f737, codingblackfemales.sotw.ChildOrder@5c671d7f, codingblackfemales.sotw.ChildOrder@757277dc, codingblackfemales.sotw.ChildOrder@687e99d8, codingblackfemales.sotw.ChildOrder@e4487af, codingblackfemales.sotw.ChildOrder@6aaceffd, codingblackfemales.sotw.ChildOrder@c86b9e3, codingblackfemales.sotw.ChildOrder@10aa41f2, codingblackfemales.sotw.ChildOrder@3af9c5b7, codingblackfemales.sotw.ChildOrder@37271612, codingblackfemales.sotw.ChildOrder@ed7f8b4, codingblackfemales.sotw.ChildOrder@4c309d4d, codingblackfemales.sotw.ChildOrder@38102d01, codingblackfemales.sotw.ChildOrder@37883b97, codingblackfemales.sotw.ChildOrder@6ab778a, codingblackfemales.sotw.ChildOrder@4e3958e7, codingblackfemales.sotw.ChildOrder@77f80c04, codingblackfemales.sotw.ChildOrder@1dac5ef, codingblackfemales.sotw.ChildOrder@5c90e579, codingblackfemales.sotw.ChildOrder@58ea606c, codingblackfemales.sotw.ChildOrder@6f45df59, codingblackfemales.sotw.ChildOrder@38e79ae3, codingblackfemales.sotw.ChildOrder@63070bab, codingblackfemales.sotw.ChildOrder@68e5eea7, codingblackfemales.sotw.ChildOrder@291b4bf5, codingblackfemales.sotw.ChildOrder@2d2ffcb7, codingblackfemales.sotw.ChildOrder@762ef0ea, codingblackfemales.sotw.ChildOrder@31f9b85e, codingblackfemales.sotw.ChildOrder@424e1977]
option is present.
16:02:30.495 [main] INFO  c.gettingstarted.MyAlgoLogic - [MYALGO] Cancelling order:codingblackfemales.sotw.ChildOrder@291caca8
child order is codingblackfemales.sotw.ChildOrder@291caca8
Child order is cancelled.
16:02:30.497 [main] INFO  c.container.Actioner - [ALGO] Actioner, sending action:CancelChildOrder(codingblackfemales.sotw.ChildOrder@291caca8)
16:02:30.499 [main] INFO  c.sequencer.consumer.LoggingConsumer - [92] [CancelOrder](sbeTemplateId=5|sbeSchemaId=2|sbeSchemaVersion=0|sbeBlockLength=8):orderId=2
16:02:30.500 [main] INFO  c.orderbook.OrderBook - [ORDERBOOK] Cancelling order (id=:2)
16:02:30.501 [main] DEBUG c.o.v.ReadOnlyMarketDataChannelPublishVisitor - Bid Side Size: 3
16:02:30.502 [main] DEBUG c.o.v.ReadOnlyMarketDataChannelPublishVisitor - Adding Mkt Data Msg BID: Price=98 Qty=100
16:02:30.502 [main] DEBUG c.o.v.ReadOnlyMarketDataChannelPublishVisitor - Adding Mkt Data Msg BID: Price=95 Qty=200
16:02:30.502 [main] DEBUG c.o.v.ReadOnlyMarketDataChannelPublishVisitor - Adding Mkt Data Msg BID: Price=91 Qty=300
16:02:30.502 [main] DEBUG c.o.v.ReadOnlyMarketDataChannelPublishVisitor - Ask Side Size: 2
16:02:30.502 [main] DEBUG c.o.v.ReadOnlyMarketDataChannelPublishVisitor - Adding Mkt Data Msg ASK: Price=115 Qty=3390
16:02:30.502 [main] DEBUG c.o.v.ReadOnlyMarketDataChannelPublishVisitor - Adding Mkt Data Msg ASK: Price=119 Qty=5600
16:02:30.502 [main] INFO  c.o.channel.MarketDataChannel - [ORDERBOOK] Sending market data update...
16:02:30.502 [main] INFO  c.sequencer.consumer.LoggingConsumer - [93] 
|----BID-----|
    100 @ 98
    200 @ 95
    300 @ 91
|----ASK-----|
  3390 @ 115
  5600 @ 119

16:02:30.502 [main] DEBUG c.service.MarketDataService - [ALGO] BID: price:98 quantity:100
16:02:30.502 [main] DEBUG c.service.MarketDataService - [ALGO] BID: price:95 quantity:200
16:02:30.502 [main] DEBUG c.service.MarketDataService - [ALGO] BID: price:91 quantity:300
16:02:30.502 [main] DEBUG c.service.MarketDataService - [ALGO] ASK: price:115 quantity:3390
16:02:30.502 [main] DEBUG c.service.MarketDataService - [ALGO] ASK: price:119 quantity:5600
16:02:30.503 [main] INFO  c.gettingstarted.MyAlgoLogic - [MYALGO] In Algo Logic.... HeLlO
16:02:30.504 [main] INFO  c.gettingstarted.MyAlgoLogic - [MYALGO] The state of the order book is:
|----BID-----||----ASK----|
    100 @ 98  3390 @ 115
    200 @ 95  5600 @ 119
    300 @ 91          - 
|------------||-----------|

total order count is45
16:02:30.504 [main] INFO  c.gettingstarted.MyAlgoLogic - [MYALGO] option is present total order count is45
16:02:30.504 [main] INFO  c.gettingstarted.MyAlgoLogic - [MYALGO] option is present, active orders are [codingblackfemales.sotw.ChildOrder@385e9564, codingblackfemales.sotw.ChildOrder@5b94b04d, codingblackfemales.sotw.ChildOrder@8c3b9d, codingblackfemales.sotw.ChildOrder@4c39bec8, codingblackfemales.sotw.ChildOrder@f79e, codingblackfemales.sotw.ChildOrder@7ee8290b, codingblackfemales.sotw.ChildOrder@1f59a598, codingblackfemales.sotw.ChildOrder@1e178745, codingblackfemales.sotw.ChildOrder@192c3f1e, codingblackfemales.sotw.ChildOrder@26b3fd41, codingblackfemales.sotw.ChildOrder@7494f96a, codingblackfemales.sotw.ChildOrder@561b6512, codingblackfemales.sotw.ChildOrder@2e377400, codingblackfemales.sotw.ChildOrder@1757cd72, codingblackfemales.sotw.ChildOrder@445b295b, codingblackfemales.sotw.ChildOrder@49e5f737, codingblackfemales.sotw.ChildOrder@5c671d7f, codingblackfemales.sotw.ChildOrder@757277dc, codingblackfemales.sotw.ChildOrder@687e99d8, codingblackfemales.sotw.ChildOrder@e4487af, codingblackfemales.sotw.ChildOrder@6aaceffd, codingblackfemales.sotw.ChildOrder@c86b9e3, codingblackfemales.sotw.ChildOrder@10aa41f2, codingblackfemales.sotw.ChildOrder@3af9c5b7, codingblackfemales.sotw.ChildOrder@37271612, codingblackfemales.sotw.ChildOrder@ed7f8b4, codingblackfemales.sotw.ChildOrder@4c309d4d, codingblackfemales.sotw.ChildOrder@38102d01, codingblackfemales.sotw.ChildOrder@37883b97, codingblackfemales.sotw.ChildOrder@6ab778a, codingblackfemales.sotw.ChildOrder@4e3958e7, codingblackfemales.sotw.ChildOrder@77f80c04, codingblackfemales.sotw.ChildOrder@1dac5ef, codingblackfemales.sotw.ChildOrder@5c90e579, codingblackfemales.sotw.ChildOrder@58ea606c, codingblackfemales.sotw.ChildOrder@6f45df59, codingblackfemales.sotw.ChildOrder@38e79ae3, codingblackfemales.sotw.ChildOrder@63070bab, codingblackfemales.sotw.ChildOrder@68e5eea7, codingblackfemales.sotw.ChildOrder@291b4bf5, codingblackfemales.sotw.ChildOrder@2d2ffcb7, codingblackfemales.sotw.ChildOrder@762ef0ea, codingblackfemales.sotw.ChildOrder@31f9b85e, codingblackfemales.sotw.ChildOrder@424e1977]
active orders are [codingblackfemales.sotw.ChildOrder@385e9564, codingblackfemales.sotw.ChildOrder@5b94b04d, codingblackfemales.sotw.ChildOrder@8c3b9d, codingblackfemales.sotw.ChildOrder@4c39bec8, codingblackfemales.sotw.ChildOrder@f79e, codingblackfemales.sotw.ChildOrder@7ee8290b, codingblackfemales.sotw.ChildOrder@1f59a598, codingblackfemales.sotw.ChildOrder@1e178745, codingblackfemales.sotw.ChildOrder@192c3f1e, codingblackfemales.sotw.ChildOrder@26b3fd41, codingblackfemales.sotw.ChildOrder@7494f96a, codingblackfemales.sotw.ChildOrder@561b6512, codingblackfemales.sotw.ChildOrder@2e377400, codingblackfemales.sotw.ChildOrder@1757cd72, codingblackfemales.sotw.ChildOrder@445b295b, codingblackfemales.sotw.ChildOrder@49e5f737, codingblackfemales.sotw.ChildOrder@5c671d7f, codingblackfemales.sotw.ChildOrder@757277dc, codingblackfemales.sotw.ChildOrder@687e99d8, codingblackfemales.sotw.ChildOrder@e4487af, codingblackfemales.sotw.ChildOrder@6aaceffd, codingblackfemales.sotw.ChildOrder@c86b9e3, codingblackfemales.sotw.ChildOrder@10aa41f2, codingblackfemales.sotw.ChildOrder@3af9c5b7, codingblackfemales.sotw.ChildOrder@37271612, codingblackfemales.sotw.ChildOrder@ed7f8b4, codingblackfemales.sotw.ChildOrder@4c309d4d, codingblackfemales.sotw.ChildOrder@38102d01, codingblackfemales.sotw.ChildOrder@37883b97, codingblackfemales.sotw.ChildOrder@6ab778a, codingblackfemales.sotw.ChildOrder@4e3958e7, codingblackfemales.sotw.ChildOrder@77f80c04, codingblackfemales.sotw.ChildOrder@1dac5ef, codingblackfemales.sotw.ChildOrder@5c90e579, codingblackfemales.sotw.ChildOrder@58ea606c, codingblackfemales.sotw.ChildOrder@6f45df59, codingblackfemales.sotw.ChildOrder@38e79ae3, codingblackfemales.sotw.ChildOrder@63070bab, codingblackfemales.sotw.ChildOrder@68e5eea7, codingblackfemales.sotw.ChildOrder@291b4bf5, codingblackfemales.sotw.ChildOrder@2d2ffcb7, codingblackfemales.sotw.ChildOrder@762ef0ea, codingblackfemales.sotw.ChildOrder@31f9b85e, codingblackfemales.sotw.ChildOrder@424e1977]
16:02:30.504 [main] INFO  c.gettingstarted.MyAlgoLogic - [MYALGO] option is present active orders are:[codingblackfemales.sotw.ChildOrder@385e9564, codingblackfemales.sotw.ChildOrder@5b94b04d, codingblackfemales.sotw.ChildOrder@8c3b9d, codingblackfemales.sotw.ChildOrder@4c39bec8, codingblackfemales.sotw.ChildOrder@f79e, codingblackfemales.sotw.ChildOrder@7ee8290b, codingblackfemales.sotw.ChildOrder@1f59a598, codingblackfemales.sotw.ChildOrder@1e178745, codingblackfemales.sotw.ChildOrder@192c3f1e, codingblackfemales.sotw.ChildOrder@26b3fd41, codingblackfemales.sotw.ChildOrder@7494f96a, codingblackfemales.sotw.ChildOrder@561b6512, codingblackfemales.sotw.ChildOrder@2e377400, codingblackfemales.sotw.ChildOrder@1757cd72, codingblackfemales.sotw.ChildOrder@445b295b, codingblackfemales.sotw.ChildOrder@49e5f737, codingblackfemales.sotw.ChildOrder@5c671d7f, codingblackfemales.sotw.ChildOrder@757277dc, codingblackfemales.sotw.ChildOrder@687e99d8, codingblackfemales.sotw.ChildOrder@e4487af, codingblackfemales.sotw.ChildOrder@6aaceffd, codingblackfemales.sotw.ChildOrder@c86b9e3, codingblackfemales.sotw.ChildOrder@10aa41f2, codingblackfemales.sotw.ChildOrder@3af9c5b7, codingblackfemales.sotw.ChildOrder@37271612, codingblackfemales.sotw.ChildOrder@ed7f8b4, codingblackfemales.sotw.ChildOrder@4c309d4d, codingblackfemales.sotw.ChildOrder@38102d01, codingblackfemales.sotw.ChildOrder@37883b97, codingblackfemales.sotw.ChildOrder@6ab778a, codingblackfemales.sotw.ChildOrder@4e3958e7, codingblackfemales.sotw.ChildOrder@77f80c04, codingblackfemales.sotw.ChildOrder@1dac5ef, codingblackfemales.sotw.ChildOrder@5c90e579, codingblackfemales.sotw.ChildOrder@58ea606c, codingblackfemales.sotw.ChildOrder@6f45df59, codingblackfemales.sotw.ChildOrder@38e79ae3, codingblackfemales.sotw.ChildOrder@63070bab, codingblackfemales.sotw.ChildOrder@68e5eea7, codingblackfemales.sotw.ChildOrder@291b4bf5, codingblackfemales.sotw.ChildOrder@2d2ffcb7, codingblackfemales.sotw.ChildOrder@762ef0ea, codingblackfemales.sotw.ChildOrder@31f9b85e, codingblackfemales.sotw.ChildOrder@424e1977]
option is present.
16:02:30.504 [main] INFO  c.gettingstarted.MyAlgoLogic - [MYALGO] Cancelling order:codingblackfemales.sotw.ChildOrder@385e9564
child order is codingblackfemales.sotw.ChildOrder@385e9564
Child order is cancelled.
16:02:30.504 [main] INFO  c.container.Actioner - [ALGO] Actioner, sending action:CancelChildOrder(codingblackfemales.sotw.ChildOrder@385e9564)
16:02:30.504 [main] INFO  c.sequencer.consumer.LoggingConsumer - [94] [CancelOrder](sbeTemplateId=5|sbeSchemaId=2|sbeSchemaVersion=0|sbeBlockLength=8):orderId=3
16:02:30.504 [main] INFO  c.orderbook.OrderBook - [ORDERBOOK] Cancelling order (id=:3)
16:02:30.504 [main] DEBUG c.o.v.ReadOnlyMarketDataChannelPublishVisitor - Bid Side Size: 3
16:02:30.504 [main] DEBUG c.o.v.ReadOnlyMarketDataChannelPublishVisitor - Adding Mkt Data Msg BID: Price=98 Qty=100
16:02:30.504 [main] DEBUG c.o.v.ReadOnlyMarketDataChannelPublishVisitor - Adding Mkt Data Msg BID: Price=95 Qty=200
16:02:30.504 [main] DEBUG c.o.v.ReadOnlyMarketDataChannelPublishVisitor - Adding Mkt Data Msg BID: Price=91 Qty=300
16:02:30.504 [main] DEBUG c.o.v.ReadOnlyMarketDataChannelPublishVisitor - Ask Side Size: 2
16:02:30.504 [main] DEBUG c.o.v.ReadOnlyMarketDataChannelPublishVisitor - Adding Mkt Data Msg ASK: Price=115 Qty=3390
16:02:30.504 [main] DEBUG c.o.v.ReadOnlyMarketDataChannelPublishVisitor - Adding Mkt Data Msg ASK: Price=119 Qty=5600
16:02:30.504 [main] INFO  c.o.channel.MarketDataChannel - [ORDERBOOK] Sending market data update...
16:02:30.505 [main] INFO  c.sequencer.consumer.LoggingConsumer - [95] 
|----BID-----|
    100 @ 98
    200 @ 95
    300 @ 91
|----ASK-----|
  3390 @ 115
  5600 @ 119

16:02:30.505 [main] DEBUG c.service.MarketDataService - [ALGO] BID: price:98 quantity:100
16:02:30.505 [main] DEBUG c.service.MarketDataService - [ALGO] BID: price:95 quantity:200
16:02:30.505 [main] DEBUG c.service.MarketDataService - [ALGO] BID: price:91 quantity:300
16:02:30.505 [main] DEBUG c.service.MarketDataService - [ALGO] ASK: price:115 quantity:3390
16:02:30.505 [main] DEBUG c.service.MarketDataService - [ALGO] ASK: price:119 quantity:5600
16:02:30.505 [main] INFO  c.gettingstarted.MyAlgoLogic - [MYALGO] In Algo Logic.... HeLlO
16:02:30.505 [main] INFO  c.gettingstarted.MyAlgoLogic - [MYALGO] The state of the order book is:
|----BID-----||----ASK----|
    100 @ 98  3390 @ 115
    200 @ 95  5600 @ 119
    300 @ 91          - 
|------------||-----------|

total order count is45
16:02:30.508 [main] INFO  c.gettingstarted.MyAlgoLogic - [MYALGO] option is present total order count is45
16:02:30.508 [main] INFO  c.gettingstarted.MyAlgoLogic - [MYALGO] option is present, active orders are [codingblackfemales.sotw.ChildOrder@5b94b04d, codingblackfemales.sotw.ChildOrder@8c3b9d, codingblackfemales.sotw.ChildOrder@4c39bec8, codingblackfemales.sotw.ChildOrder@f79e, codingblackfemales.sotw.ChildOrder@7ee8290b, codingblackfemales.sotw.ChildOrder@1f59a598, codingblackfemales.sotw.ChildOrder@1e178745, codingblackfemales.sotw.ChildOrder@192c3f1e, codingblackfemales.sotw.ChildOrder@26b3fd41, codingblackfemales.sotw.ChildOrder@7494f96a, codingblackfemales.sotw.ChildOrder@561b6512, codingblackfemales.sotw.ChildOrder@2e377400, codingblackfemales.sotw.ChildOrder@1757cd72, codingblackfemales.sotw.ChildOrder@445b295b, codingblackfemales.sotw.ChildOrder@49e5f737, codingblackfemales.sotw.ChildOrder@5c671d7f, codingblackfemales.sotw.ChildOrder@757277dc, codingblackfemales.sotw.ChildOrder@687e99d8, codingblackfemales.sotw.ChildOrder@e4487af, codingblackfemales.sotw.ChildOrder@6aaceffd, codingblackfemales.sotw.ChildOrder@c86b9e3, codingblackfemales.sotw.ChildOrder@10aa41f2, codingblackfemales.sotw.ChildOrder@3af9c5b7, codingblackfemales.sotw.ChildOrder@37271612, codingblackfemales.sotw.ChildOrder@ed7f8b4, codingblackfemales.sotw.ChildOrder@4c309d4d, codingblackfemales.sotw.ChildOrder@38102d01, codingblackfemales.sotw.ChildOrder@37883b97, codingblackfemales.sotw.ChildOrder@6ab778a, codingblackfemales.sotw.ChildOrder@4e3958e7, codingblackfemales.sotw.ChildOrder@77f80c04, codingblackfemales.sotw.ChildOrder@1dac5ef, codingblackfemales.sotw.ChildOrder@5c90e579, codingblackfemales.sotw.ChildOrder@58ea606c, codingblackfemales.sotw.ChildOrder@6f45df59, codingblackfemales.sotw.ChildOrder@38e79ae3, codingblackfemales.sotw.ChildOrder@63070bab, codingblackfemales.sotw.ChildOrder@68e5eea7, codingblackfemales.sotw.ChildOrder@291b4bf5, codingblackfemales.sotw.ChildOrder@2d2ffcb7, codingblackfemales.sotw.ChildOrder@762ef0ea, codingblackfemales.sotw.ChildOrder@31f9b85e, codingblackfemales.sotw.ChildOrder@424e1977]
active orders are [codingblackfemales.sotw.ChildOrder@5b94b04d, codingblackfemales.sotw.ChildOrder@8c3b9d, codingblackfemales.sotw.ChildOrder@4c39bec8, codingblackfemales.sotw.ChildOrder@f79e, codingblackfemales.sotw.ChildOrder@7ee8290b, codingblackfemales.sotw.ChildOrder@1f59a598, codingblackfemales.sotw.ChildOrder@1e178745, codingblackfemales.sotw.ChildOrder@192c3f1e, codingblackfemales.sotw.ChildOrder@26b3fd41, codingblackfemales.sotw.ChildOrder@7494f96a, codingblackfemales.sotw.ChildOrder@561b6512, codingblackfemales.sotw.ChildOrder@2e377400, codingblackfemales.sotw.ChildOrder@1757cd72, codingblackfemales.sotw.ChildOrder@445b295b, codingblackfemales.sotw.ChildOrder@49e5f737, codingblackfemales.sotw.ChildOrder@5c671d7f, codingblackfemales.sotw.ChildOrder@757277dc, codingblackfemales.sotw.ChildOrder@687e99d8, codingblackfemales.sotw.ChildOrder@e4487af, codingblackfemales.sotw.ChildOrder@6aaceffd, codingblackfemales.sotw.ChildOrder@c86b9e3, codingblackfemales.sotw.ChildOrder@10aa41f2, codingblackfemales.sotw.ChildOrder@3af9c5b7, codingblackfemales.sotw.ChildOrder@37271612, codingblackfemales.sotw.ChildOrder@ed7f8b4, codingblackfemales.sotw.ChildOrder@4c309d4d, codingblackfemales.sotw.ChildOrder@38102d01, codingblackfemales.sotw.ChildOrder@37883b97, codingblackfemales.sotw.ChildOrder@6ab778a, codingblackfemales.sotw.ChildOrder@4e3958e7, codingblackfemales.sotw.ChildOrder@77f80c04, codingblackfemales.sotw.ChildOrder@1dac5ef, codingblackfemales.sotw.ChildOrder@5c90e579, codingblackfemales.sotw.ChildOrder@58ea606c, codingblackfemales.sotw.ChildOrder@6f45df59, codingblackfemales.sotw.ChildOrder@38e79ae3, codingblackfemales.sotw.ChildOrder@63070bab, codingblackfemales.sotw.ChildOrder@68e5eea7, codingblackfemales.sotw.ChildOrder@291b4bf5, codingblackfemales.sotw.ChildOrder@2d2ffcb7, codingblackfemales.sotw.ChildOrder@762ef0ea, codingblackfemales.sotw.ChildOrder@31f9b85e, codingblackfemales.sotw.ChildOrder@424e1977]
16:02:30.509 [main] INFO  c.gettingstarted.MyAlgoLogic - [MYALGO] option is present active orders are:[codingblackfemales.sotw.ChildOrder@5b94b04d, codingblackfemales.sotw.ChildOrder@8c3b9d, codingblackfemales.sotw.ChildOrder@4c39bec8, codingblackfemales.sotw.ChildOrder@f79e, codingblackfemales.sotw.ChildOrder@7ee8290b, codingblackfemales.sotw.ChildOrder@1f59a598, codingblackfemales.sotw.ChildOrder@1e178745, codingblackfemales.sotw.ChildOrder@192c3f1e, codingblackfemales.sotw.ChildOrder@26b3fd41, codingblackfemales.sotw.ChildOrder@7494f96a, codingblackfemales.sotw.ChildOrder@561b6512, codingblackfemales.sotw.ChildOrder@2e377400, codingblackfemales.sotw.ChildOrder@1757cd72, codingblackfemales.sotw.ChildOrder@445b295b, codingblackfemales.sotw.ChildOrder@49e5f737, codingblackfemales.sotw.ChildOrder@5c671d7f, codingblackfemales.sotw.ChildOrder@757277dc, codingblackfemales.sotw.ChildOrder@687e99d8, codingblackfemales.sotw.ChildOrder@e4487af, codingblackfemales.sotw.ChildOrder@6aaceffd, codingblackfemales.sotw.ChildOrder@c86b9e3, codingblackfemales.sotw.ChildOrder@10aa41f2, codingblackfemales.sotw.ChildOrder@3af9c5b7, codingblackfemales.sotw.ChildOrder@37271612, codingblackfemales.sotw.ChildOrder@ed7f8b4, codingblackfemales.sotw.ChildOrder@4c309d4d, codingblackfemales.sotw.ChildOrder@38102d01, codingblackfemales.sotw.ChildOrder@37883b97, codingblackfemales.sotw.ChildOrder@6ab778a, codingblackfemales.sotw.ChildOrder@4e3958e7, codingblackfemales.sotw.ChildOrder@77f80c04, codingblackfemales.sotw.ChildOrder@1dac5ef, codingblackfemales.sotw.ChildOrder@5c90e579, codingblackfemales.sotw.ChildOrder@58ea606c, codingblackfemales.sotw.ChildOrder@6f45df59, codingblackfemales.sotw.ChildOrder@38e79ae3, codingblackfemales.sotw.ChildOrder@63070bab, codingblackfemales.sotw.ChildOrder@68e5eea7, codingblackfemales.sotw.ChildOrder@291b4bf5, codingblackfemales.sotw.ChildOrder@2d2ffcb7, codingblackfemales.sotw.ChildOrder@762ef0ea, codingblackfemales.sotw.ChildOrder@31f9b85e, codingblackfemales.sotw.ChildOrder@424e1977]
option is present.
16:02:30.509 [main] INFO  c.gettingstarted.MyAlgoLogic - [MYALGO] Cancelling order:codingblackfemales.sotw.ChildOrder@5b94b04d
child order is codingblackfemales.sotw.ChildOrder@5b94b04d
Child order is cancelled.
16:02:30.509 [main] INFO  c.container.Actioner - [ALGO] Actioner, sending action:CancelChildOrder(codingblackfemales.sotw.ChildOrder@5b94b04d)
16:02:30.509 [main] INFO  c.sequencer.consumer.LoggingConsumer - [96] [CancelOrder](sbeTemplateId=5|sbeSchemaId=2|sbeSchemaVersion=0|sbeBlockLength=8):orderId=4
16:02:30.509 [main] INFO  c.orderbook.OrderBook - [ORDERBOOK] Cancelling order (id=:4)
16:02:30.509 [main] DEBUG c.o.v.ReadOnlyMarketDataChannelPublishVisitor - Bid Side Size: 3
16:02:30.509 [main] DEBUG c.o.v.ReadOnlyMarketDataChannelPublishVisitor - Adding Mkt Data Msg BID: Price=98 Qty=100
16:02:30.509 [main] DEBUG c.o.v.ReadOnlyMarketDataChannelPublishVisitor - Adding Mkt Data Msg BID: Price=95 Qty=200
16:02:30.509 [main] DEBUG c.o.v.ReadOnlyMarketDataChannelPublishVisitor - Adding Mkt Data Msg BID: Price=91 Qty=300
16:02:30.509 [main] DEBUG c.o.v.ReadOnlyMarketDataChannelPublishVisitor - Ask Side Size: 2
16:02:30.509 [main] DEBUG c.o.v.ReadOnlyMarketDataChannelPublishVisitor - Adding Mkt Data Msg ASK: Price=115 Qty=3390
16:02:30.509 [main] DEBUG c.o.v.ReadOnlyMarketDataChannelPublishVisitor - Adding Mkt Data Msg ASK: Price=119 Qty=5600
16:02:30.509 [main] INFO  c.o.channel.MarketDataChannel - [ORDERBOOK] Sending market data update...
16:02:30.509 [main] INFO  c.sequencer.consumer.LoggingConsumer - [97] 
|----BID-----|
    100 @ 98
    200 @ 95
    300 @ 91
|----ASK-----|
  3390 @ 115
  5600 @ 119

16:02:30.509 [main] DEBUG c.service.MarketDataService - [ALGO] BID: price:98 quantity:100
16:02:30.509 [main] DEBUG c.service.MarketDataService - [ALGO] BID: price:95 quantity:200
16:02:30.509 [main] DEBUG c.service.MarketDataService - [ALGO] BID: price:91 quantity:300
16:02:30.509 [main] DEBUG c.service.MarketDataService - [ALGO] ASK: price:115 quantity:3390
16:02:30.509 [main] DEBUG c.service.MarketDataService - [ALGO] ASK: price:119 quantity:5600
16:02:30.509 [main] INFO  c.gettingstarted.MyAlgoLogic - [MYALGO] In Algo Logic.... HeLlO
16:02:30.510 [main] INFO  c.gettingstarted.MyAlgoLogic - [MYALGO] The state of the order book is:
|----BID-----||----ASK----|
    100 @ 98  3390 @ 115
    200 @ 95  5600 @ 119
    300 @ 91          - 
|------------||-----------|

total order count is45
16:02:30.510 [main] INFO  c.gettingstarted.MyAlgoLogic - [MYALGO] option is present total order count is45
16:02:30.510 [main] INFO  c.gettingstarted.MyAlgoLogic - [MYALGO] option is present, active orders are [codingblackfemales.sotw.ChildOrder@8c3b9d, codingblackfemales.sotw.ChildOrder@4c39bec8, codingblackfemales.sotw.ChildOrder@f79e, codingblackfemales.sotw.ChildOrder@7ee8290b, codingblackfemales.sotw.ChildOrder@1f59a598, codingblackfemales.sotw.ChildOrder@1e178745, codingblackfemales.sotw.ChildOrder@192c3f1e, codingblackfemales.sotw.ChildOrder@26b3fd41, codingblackfemales.sotw.ChildOrder@7494f96a, codingblackfemales.sotw.ChildOrder@561b6512, codingblackfemales.sotw.ChildOrder@2e377400, codingblackfemales.sotw.ChildOrder@1757cd72, codingblackfemales.sotw.ChildOrder@445b295b, codingblackfemales.sotw.ChildOrder@49e5f737, codingblackfemales.sotw.ChildOrder@5c671d7f, codingblackfemales.sotw.ChildOrder@757277dc, codingblackfemales.sotw.ChildOrder@687e99d8, codingblackfemales.sotw.ChildOrder@e4487af, codingblackfemales.sotw.ChildOrder@6aaceffd, codingblackfemales.sotw.ChildOrder@c86b9e3, codingblackfemales.sotw.ChildOrder@10aa41f2, codingblackfemales.sotw.ChildOrder@3af9c5b7, codingblackfemales.sotw.ChildOrder@37271612, codingblackfemales.sotw.ChildOrder@ed7f8b4, codingblackfemales.sotw.ChildOrder@4c309d4d, codingblackfemales.sotw.ChildOrder@38102d01, codingblackfemales.sotw.ChildOrder@37883b97, codingblackfemales.sotw.ChildOrder@6ab778a, codingblackfemales.sotw.ChildOrder@4e3958e7, codingblackfemales.sotw.ChildOrder@77f80c04, codingblackfemales.sotw.ChildOrder@1dac5ef, codingblackfemales.sotw.ChildOrder@5c90e579, codingblackfemales.sotw.ChildOrder@58ea606c, codingblackfemales.sotw.ChildOrder@6f45df59, codingblackfemales.sotw.ChildOrder@38e79ae3, codingblackfemales.sotw.ChildOrder@63070bab, codingblackfemales.sotw.ChildOrder@68e5eea7, codingblackfemales.sotw.ChildOrder@291b4bf5, codingblackfemales.sotw.ChildOrder@2d2ffcb7, codingblackfemales.sotw.ChildOrder@762ef0ea, codingblackfemales.sotw.ChildOrder@31f9b85e, codingblackfemales.sotw.ChildOrder@424e1977]
active orders are [codingblackfemales.sotw.ChildOrder@8c3b9d, codingblackfemales.sotw.ChildOrder@4c39bec8, codingblackfemales.sotw.ChildOrder@f79e, codingblackfemales.sotw.ChildOrder@7ee8290b, codingblackfemales.sotw.ChildOrder@1f59a598, codingblackfemales.sotw.ChildOrder@1e178745, codingblackfemales.sotw.ChildOrder@192c3f1e, codingblackfemales.sotw.ChildOrder@26b3fd41, codingblackfemales.sotw.ChildOrder@7494f96a, codingblackfemales.sotw.ChildOrder@561b6512, codingblackfemales.sotw.ChildOrder@2e377400, codingblackfemales.sotw.ChildOrder@1757cd72, codingblackfemales.sotw.ChildOrder@445b295b, codingblackfemales.sotw.ChildOrder@49e5f737, codingblackfemales.sotw.ChildOrder@5c671d7f, codingblackfemales.sotw.ChildOrder@757277dc, codingblackfemales.sotw.ChildOrder@687e99d8, codingblackfemales.sotw.ChildOrder@e4487af, codingblackfemales.sotw.ChildOrder@6aaceffd, codingblackfemales.sotw.ChildOrder@c86b9e3, codingblackfemales.sotw.ChildOrder@10aa41f2, codingblackfemales.sotw.ChildOrder@3af9c5b7, codingblackfemales.sotw.ChildOrder@37271612, codingblackfemales.sotw.ChildOrder@ed7f8b4, codingblackfemales.sotw.ChildOrder@4c309d4d, codingblackfemales.sotw.ChildOrder@38102d01, codingblackfemales.sotw.ChildOrder@37883b97, codingblackfemales.sotw.ChildOrder@6ab778a, codingblackfemales.sotw.ChildOrder@4e3958e7, codingblackfemales.sotw.ChildOrder@77f80c04, codingblackfemales.sotw.ChildOrder@1dac5ef, codingblackfemales.sotw.ChildOrder@5c90e579, codingblackfemales.sotw.ChildOrder@58ea606c, codingblackfemales.sotw.ChildOrder@6f45df59, codingblackfemales.sotw.ChildOrder@38e79ae3, codingblackfemales.sotw.ChildOrder@63070bab, codingblackfemales.sotw.ChildOrder@68e5eea7, codingblackfemales.sotw.ChildOrder@291b4bf5, codingblackfemales.sotw.ChildOrder@2d2ffcb7, codingblackfemales.sotw.ChildOrder@762ef0ea, codingblackfemales.sotw.ChildOrder@31f9b85e, codingblackfemales.sotw.ChildOrder@424e1977]
16:02:30.510 [main] INFO  c.gettingstarted.MyAlgoLogic - [MYALGO] option is present active orders are:[codingblackfemales.sotw.ChildOrder@8c3b9d, codingblackfemales.sotw.ChildOrder@4c39bec8, codingblackfemales.sotw.ChildOrder@f79e, codingblackfemales.sotw.ChildOrder@7ee8290b, codingblackfemales.sotw.ChildOrder@1f59a598, codingblackfemales.sotw.ChildOrder@1e178745, codingblackfemales.sotw.ChildOrder@192c3f1e, codingblackfemales.sotw.ChildOrder@26b3fd41, codingblackfemales.sotw.ChildOrder@7494f96a, codingblackfemales.sotw.ChildOrder@561b6512, codingblackfemales.sotw.ChildOrder@2e377400, codingblackfemales.sotw.ChildOrder@1757cd72, codingblackfemales.sotw.ChildOrder@445b295b, codingblackfemales.sotw.ChildOrder@49e5f737, codingblackfemales.sotw.ChildOrder@5c671d7f, codingblackfemales.sotw.ChildOrder@757277dc, codingblackfemales.sotw.ChildOrder@687e99d8, codingblackfemales.sotw.ChildOrder@e4487af, codingblackfemales.sotw.ChildOrder@6aaceffd, codingblackfemales.sotw.ChildOrder@c86b9e3, codingblackfemales.sotw.ChildOrder@10aa41f2, codingblackfemales.sotw.ChildOrder@3af9c5b7, codingblackfemales.sotw.ChildOrder@37271612, codingblackfemales.sotw.ChildOrder@ed7f8b4, codingblackfemales.sotw.ChildOrder@4c309d4d, codingblackfemales.sotw.ChildOrder@38102d01, codingblackfemales.sotw.ChildOrder@37883b97, codingblackfemales.sotw.ChildOrder@6ab778a, codingblackfemales.sotw.ChildOrder@4e3958e7, codingblackfemales.sotw.ChildOrder@77f80c04, codingblackfemales.sotw.ChildOrder@1dac5ef, codingblackfemales.sotw.ChildOrder@5c90e579, codingblackfemales.sotw.ChildOrder@58ea606c, codingblackfemales.sotw.ChildOrder@6f45df59, codingblackfemales.sotw.ChildOrder@38e79ae3, codingblackfemales.sotw.ChildOrder@63070bab, codingblackfemales.sotw.ChildOrder@68e5eea7, codingblackfemales.sotw.ChildOrder@291b4bf5, codingblackfemales.sotw.ChildOrder@2d2ffcb7, codingblackfemales.sotw.ChildOrder@762ef0ea, codingblackfemales.sotw.ChildOrder@31f9b85e, codingblackfemales.sotw.ChildOrder@424e1977]
option is present.
16:02:30.510 [main] INFO  c.gettingstarted.MyAlgoLogic - [MYALGO] Cancelling order:codingblackfemales.sotw.ChildOrder@8c3b9d
child order is codingblackfemales.sotw.ChildOrder@8c3b9d
Child order is cancelled.
16:02:30.510 [main] INFO  c.container.Actioner - [ALGO] Actioner, sending action:CancelChildOrder(codingblackfemales.sotw.ChildOrder@8c3b9d)
16:02:30.510 [main] INFO  c.sequencer.consumer.LoggingConsumer - [98] [CancelOrder](sbeTemplateId=5|sbeSchemaId=2|sbeSchemaVersion=0|sbeBlockLength=8):orderId=5
16:02:30.510 [main] INFO  c.orderbook.OrderBook - [ORDERBOOK] Cancelling order (id=:5)
16:02:30.511 [main] DEBUG c.o.v.ReadOnlyMarketDataChannelPublishVisitor - Bid Side Size: 3
16:02:30.511 [main] DEBUG c.o.v.ReadOnlyMarketDataChannelPublishVisitor - Adding Mkt Data Msg BID: Price=98 Qty=100
16:02:30.511 [main] DEBUG c.o.v.ReadOnlyMarketDataChannelPublishVisitor - Adding Mkt Data Msg BID: Price=95 Qty=200
16:02:30.511 [main] DEBUG c.o.v.ReadOnlyMarketDataChannelPublishVisitor - Adding Mkt Data Msg BID: Price=91 Qty=300
16:02:30.511 [main] DEBUG c.o.v.ReadOnlyMarketDataChannelPublishVisitor - Ask Side Size: 2
16:02:30.511 [main] DEBUG c.o.v.ReadOnlyMarketDataChannelPublishVisitor - Adding Mkt Data Msg ASK: Price=115 Qty=3390
16:02:30.511 [main] DEBUG c.o.v.ReadOnlyMarketDataChannelPublishVisitor - Adding Mkt Data Msg ASK: Price=119 Qty=5600
16:02:30.511 [main] INFO  c.o.channel.MarketDataChannel - [ORDERBOOK] Sending market data update...
16:02:30.511 [main] INFO  c.sequencer.consumer.LoggingConsumer - [99] 
|----BID-----|
    100 @ 98
    200 @ 95
    300 @ 91
|----ASK-----|
  3390 @ 115
  5600 @ 119

16:02:30.511 [main] DEBUG c.service.MarketDataService - [ALGO] BID: price:98 quantity:100
16:02:30.511 [main] DEBUG c.service.MarketDataService - [ALGO] BID: price:95 quantity:200
16:02:30.511 [main] DEBUG c.service.MarketDataService - [ALGO] BID: price:91 quantity:300
16:02:30.511 [main] DEBUG c.service.MarketDataService - [ALGO] ASK: price:115 quantity:3390
16:02:30.511 [main] DEBUG c.service.MarketDataService - [ALGO] ASK: price:119 quantity:5600
16:02:30.511 [main] INFO  c.gettingstarted.MyAlgoLogic - [MYALGO] In Algo Logic.... HeLlO
16:02:30.511 [main] INFO  c.gettingstarted.MyAlgoLogic - [MYALGO] The state of the order book is:
|----BID-----||----ASK----|
    100 @ 98  3390 @ 115
    200 @ 95  5600 @ 119
    300 @ 91          - 
|------------||-----------|

total order count is45
16:02:30.511 [main] INFO  c.gettingstarted.MyAlgoLogic - [MYALGO] option is present total order count is45
16:02:30.511 [main] INFO  c.gettingstarted.MyAlgoLogic - [MYALGO] option is present, active orders are [codingblackfemales.sotw.ChildOrder@4c39bec8, codingblackfemales.sotw.ChildOrder@f79e, codingblackfemales.sotw.ChildOrder@7ee8290b, codingblackfemales.sotw.ChildOrder@1f59a598, codingblackfemales.sotw.ChildOrder@1e178745, codingblackfemales.sotw.ChildOrder@192c3f1e, codingblackfemales.sotw.ChildOrder@26b3fd41, codingblackfemales.sotw.ChildOrder@7494f96a, codingblackfemales.sotw.ChildOrder@561b6512, codingblackfemales.sotw.ChildOrder@2e377400, codingblackfemales.sotw.ChildOrder@1757cd72, codingblackfemales.sotw.ChildOrder@445b295b, codingblackfemales.sotw.ChildOrder@49e5f737, codingblackfemales.sotw.ChildOrder@5c671d7f, codingblackfemales.sotw.ChildOrder@757277dc, codingblackfemales.sotw.ChildOrder@687e99d8, codingblackfemales.sotw.ChildOrder@e4487af, codingblackfemales.sotw.ChildOrder@6aaceffd, codingblackfemales.sotw.ChildOrder@c86b9e3, codingblackfemales.sotw.ChildOrder@10aa41f2, codingblackfemales.sotw.ChildOrder@3af9c5b7, codingblackfemales.sotw.ChildOrder@37271612, codingblackfemales.sotw.ChildOrder@ed7f8b4, codingblackfemales.sotw.ChildOrder@4c309d4d, codingblackfemales.sotw.ChildOrder@38102d01, codingblackfemales.sotw.ChildOrder@37883b97, codingblackfemales.sotw.ChildOrder@6ab778a, codingblackfemales.sotw.ChildOrder@4e3958e7, codingblackfemales.sotw.ChildOrder@77f80c04, codingblackfemales.sotw.ChildOrder@1dac5ef, codingblackfemales.sotw.ChildOrder@5c90e579, codingblackfemales.sotw.ChildOrder@58ea606c, codingblackfemales.sotw.ChildOrder@6f45df59, codingblackfemales.sotw.ChildOrder@38e79ae3, codingblackfemales.sotw.ChildOrder@63070bab, codingblackfemales.sotw.ChildOrder@68e5eea7, codingblackfemales.sotw.ChildOrder@291b4bf5, codingblackfemales.sotw.ChildOrder@2d2ffcb7, codingblackfemales.sotw.ChildOrder@762ef0ea, codingblackfemales.sotw.ChildOrder@31f9b85e, codingblackfemales.sotw.ChildOrder@424e1977]
active orders are [codingblackfemales.sotw.ChildOrder@4c39bec8, codingblackfemales.sotw.ChildOrder@f79e, codingblackfemales.sotw.ChildOrder@7ee8290b, codingblackfemales.sotw.ChildOrder@1f59a598, codingblackfemales.sotw.ChildOrder@1e178745, codingblackfemales.sotw.ChildOrder@192c3f1e, codingblackfemales.sotw.ChildOrder@26b3fd41, codingblackfemales.sotw.ChildOrder@7494f96a, codingblackfemales.sotw.ChildOrder@561b6512, codingblackfemales.sotw.ChildOrder@2e377400, codingblackfemales.sotw.ChildOrder@1757cd72, codingblackfemales.sotw.ChildOrder@445b295b, codingblackfemales.sotw.ChildOrder@49e5f737, codingblackfemales.sotw.ChildOrder@5c671d7f, codingblackfemales.sotw.ChildOrder@757277dc, codingblackfemales.sotw.ChildOrder@687e99d8, codingblackfemales.sotw.ChildOrder@e4487af, codingblackfemales.sotw.ChildOrder@6aaceffd, codingblackfemales.sotw.ChildOrder@c86b9e3, codingblackfemales.sotw.ChildOrder@10aa41f2, codingblackfemales.sotw.ChildOrder@3af9c5b7, codingblackfemales.sotw.ChildOrder@37271612, codingblackfemales.sotw.ChildOrder@ed7f8b4, codingblackfemales.sotw.ChildOrder@4c309d4d, codingblackfemales.sotw.ChildOrder@38102d01, codingblackfemales.sotw.ChildOrder@37883b97, codingblackfemales.sotw.ChildOrder@6ab778a, codingblackfemales.sotw.ChildOrder@4e3958e7, codingblackfemales.sotw.ChildOrder@77f80c04, codingblackfemales.sotw.ChildOrder@1dac5ef, codingblackfemales.sotw.ChildOrder@5c90e579, codingblackfemales.sotw.ChildOrder@58ea606c, codingblackfemales.sotw.ChildOrder@6f45df59, codingblackfemales.sotw.ChildOrder@38e79ae3, codingblackfemales.sotw.ChildOrder@63070bab, codingblackfemales.sotw.ChildOrder@68e5eea7, codingblackfemales.sotw.ChildOrder@291b4bf5, codingblackfemales.sotw.ChildOrder@2d2ffcb7, codingblackfemales.sotw.ChildOrder@762ef0ea, codingblackfemales.sotw.ChildOrder@31f9b85e, codingblackfemales.sotw.ChildOrder@424e1977]
16:02:30.511 [main] INFO  c.gettingstarted.MyAlgoLogic - [MYALGO] option is present active orders are:[codingblackfemales.sotw.ChildOrder@4c39bec8, codingblackfemales.sotw.ChildOrder@f79e, codingblackfemales.sotw.ChildOrder@7ee8290b, codingblackfemales.sotw.ChildOrder@1f59a598, codingblackfemales.sotw.ChildOrder@1e178745, codingblackfemales.sotw.ChildOrder@192c3f1e, codingblackfemales.sotw.ChildOrder@26b3fd41, codingblackfemales.sotw.ChildOrder@7494f96a, codingblackfemales.sotw.ChildOrder@561b6512, codingblackfemales.sotw.ChildOrder@2e377400, codingblackfemales.sotw.ChildOrder@1757cd72, codingblackfemales.sotw.ChildOrder@445b295b, codingblackfemales.sotw.ChildOrder@49e5f737, codingblackfemales.sotw.ChildOrder@5c671d7f, codingblackfemales.sotw.ChildOrder@757277dc, codingblackfemales.sotw.ChildOrder@687e99d8, codingblackfemales.sotw.ChildOrder@e4487af, codingblackfemales.sotw.ChildOrder@6aaceffd, codingblackfemales.sotw.ChildOrder@c86b9e3, codingblackfemales.sotw.ChildOrder@10aa41f2, codingblackfemales.sotw.ChildOrder@3af9c5b7, codingblackfemales.sotw.ChildOrder@37271612, codingblackfemales.sotw.ChildOrder@ed7f8b4, codingblackfemales.sotw.ChildOrder@4c309d4d, codingblackfemales.sotw.ChildOrder@38102d01, codingblackfemales.sotw.ChildOrder@37883b97, codingblackfemales.sotw.ChildOrder@6ab778a, codingblackfemales.sotw.ChildOrder@4e3958e7, codingblackfemales.sotw.ChildOrder@77f80c04, codingblackfemales.sotw.ChildOrder@1dac5ef, codingblackfemales.sotw.ChildOrder@5c90e579, codingblackfemales.sotw.ChildOrder@58ea606c, codingblackfemales.sotw.ChildOrder@6f45df59, codingblackfemales.sotw.ChildOrder@38e79ae3, codingblackfemales.sotw.ChildOrder@63070bab, codingblackfemales.sotw.ChildOrder@68e5eea7, codingblackfemales.sotw.ChildOrder@291b4bf5, codingblackfemales.sotw.ChildOrder@2d2ffcb7, codingblackfemales.sotw.ChildOrder@762ef0ea, codingblackfemales.sotw.ChildOrder@31f9b85e, codingblackfemales.sotw.ChildOrder@424e1977]
option is present.
16:02:30.511 [main] INFO  c.gettingstarted.MyAlgoLogic - [MYALGO] Cancelling order:codingblackfemales.sotw.ChildOrder@4c39bec8
child order is codingblackfemales.sotw.ChildOrder@4c39bec8
Child order is cancelled.
16:02:30.511 [main] INFO  c.container.Actioner - [ALGO] Actioner, sending action:CancelChildOrder(codingblackfemales.sotw.ChildOrder@4c39bec8)
16:02:30.511 [main] INFO  c.sequencer.consumer.LoggingConsumer - [100] [CancelOrder](sbeTemplateId=5|sbeSchemaId=2|sbeSchemaVersion=0|sbeBlockLength=8):orderId=6
16:02:30.511 [main] INFO  c.orderbook.OrderBook - [ORDERBOOK] Cancelling order (id=:6)
16:02:30.511 [main] DEBUG c.o.v.ReadOnlyMarketDataChannelPublishVisitor - Bid Side Size: 3
16:02:30.511 [main] DEBUG c.o.v.ReadOnlyMarketDataChannelPublishVisitor - Adding Mkt Data Msg BID: Price=98 Qty=100
16:02:30.511 [main] DEBUG c.o.v.ReadOnlyMarketDataChannelPublishVisitor - Adding Mkt Data Msg BID: Price=95 Qty=200
16:02:30.512 [main] DEBUG c.o.v.ReadOnlyMarketDataChannelPublishVisitor - Adding Mkt Data Msg BID: Price=91 Qty=300
16:02:30.512 [main] DEBUG c.o.v.ReadOnlyMarketDataChannelPublishVisitor - Ask Side Size: 2
16:02:30.512 [main] DEBUG c.o.v.ReadOnlyMarketDataChannelPublishVisitor - Adding Mkt Data Msg ASK: Price=115 Qty=3390
16:02:30.512 [main] DEBUG c.o.v.ReadOnlyMarketDataChannelPublishVisitor - Adding Mkt Data Msg ASK: Price=119 Qty=5600
16:02:30.512 [main] INFO  c.o.channel.MarketDataChannel - [ORDERBOOK] Sending market data update...
16:02:30.512 [main] INFO  c.sequencer.consumer.LoggingConsumer - [101] 
|----BID-----|
    100 @ 98
    200 @ 95
    300 @ 91
|----ASK-----|
  3390 @ 115
  5600 @ 119

16:02:30.512 [main] DEBUG c.service.MarketDataService - [ALGO] BID: price:98 quantity:100
16:02:30.512 [main] DEBUG c.service.MarketDataService - [ALGO] BID: price:95 quantity:200
16:02:30.512 [main] DEBUG c.service.MarketDataService - [ALGO] BID: price:91 quantity:300
16:02:30.512 [main] DEBUG c.service.MarketDataService - [ALGO] ASK: price:115 quantity:3390
16:02:30.512 [main] DEBUG c.service.MarketDataService - [ALGO] ASK: price:119 quantity:5600
16:02:30.512 [main] INFO  c.gettingstarted.MyAlgoLogic - [MYALGO] In Algo Logic.... HeLlO
16:02:30.512 [main] INFO  c.gettingstarted.MyAlgoLogic - [MYALGO] The state of the order book is:
|----BID-----||----ASK----|
    100 @ 98  3390 @ 115
    200 @ 95  5600 @ 119
    300 @ 91          - 
|------------||-----------|

total order count is45
16:02:30.512 [main] INFO  c.gettingstarted.MyAlgoLogic - [MYALGO] option is present total order count is45
16:02:30.512 [main] INFO  c.gettingstarted.MyAlgoLogic - [MYALGO] option is present, active orders are [codingblackfemales.sotw.ChildOrder@f79e, codingblackfemales.sotw.ChildOrder@7ee8290b, codingblackfemales.sotw.ChildOrder@1f59a598, codingblackfemales.sotw.ChildOrder@1e178745, codingblackfemales.sotw.ChildOrder@192c3f1e, codingblackfemales.sotw.ChildOrder@26b3fd41, codingblackfemales.sotw.ChildOrder@7494f96a, codingblackfemales.sotw.ChildOrder@561b6512, codingblackfemales.sotw.ChildOrder@2e377400, codingblackfemales.sotw.ChildOrder@1757cd72, codingblackfemales.sotw.ChildOrder@445b295b, codingblackfemales.sotw.ChildOrder@49e5f737, codingblackfemales.sotw.ChildOrder@5c671d7f, codingblackfemales.sotw.ChildOrder@757277dc, codingblackfemales.sotw.ChildOrder@687e99d8, codingblackfemales.sotw.ChildOrder@e4487af, codingblackfemales.sotw.ChildOrder@6aaceffd, codingblackfemales.sotw.ChildOrder@c86b9e3, codingblackfemales.sotw.ChildOrder@10aa41f2, codingblackfemales.sotw.ChildOrder@3af9c5b7, codingblackfemales.sotw.ChildOrder@37271612, codingblackfemales.sotw.ChildOrder@ed7f8b4, codingblackfemales.sotw.ChildOrder@4c309d4d, codingblackfemales.sotw.ChildOrder@38102d01, codingblackfemales.sotw.ChildOrder@37883b97, codingblackfemales.sotw.ChildOrder@6ab778a, codingblackfemales.sotw.ChildOrder@4e3958e7, codingblackfemales.sotw.ChildOrder@77f80c04, codingblackfemales.sotw.ChildOrder@1dac5ef, codingblackfemales.sotw.ChildOrder@5c90e579, codingblackfemales.sotw.ChildOrder@58ea606c, codingblackfemales.sotw.ChildOrder@6f45df59, codingblackfemales.sotw.ChildOrder@38e79ae3, codingblackfemales.sotw.ChildOrder@63070bab, codingblackfemales.sotw.ChildOrder@68e5eea7, codingblackfemales.sotw.ChildOrder@291b4bf5, codingblackfemales.sotw.ChildOrder@2d2ffcb7, codingblackfemales.sotw.ChildOrder@762ef0ea, codingblackfemales.sotw.ChildOrder@31f9b85e, codingblackfemales.sotw.ChildOrder@424e1977]
active orders are [codingblackfemales.sotw.ChildOrder@f79e, codingblackfemales.sotw.ChildOrder@7ee8290b, codingblackfemales.sotw.ChildOrder@1f59a598, codingblackfemales.sotw.ChildOrder@1e178745, codingblackfemales.sotw.ChildOrder@192c3f1e, codingblackfemales.sotw.ChildOrder@26b3fd41, codingblackfemales.sotw.ChildOrder@7494f96a, codingblackfemales.sotw.ChildOrder@561b6512, codingblackfemales.sotw.ChildOrder@2e377400, codingblackfemales.sotw.ChildOrder@1757cd72, codingblackfemales.sotw.ChildOrder@445b295b, codingblackfemales.sotw.ChildOrder@49e5f737, codingblackfemales.sotw.ChildOrder@5c671d7f, codingblackfemales.sotw.ChildOrder@757277dc, codingblackfemales.sotw.ChildOrder@687e99d8, codingblackfemales.sotw.ChildOrder@e4487af, codingblackfemales.sotw.ChildOrder@6aaceffd, codingblackfemales.sotw.ChildOrder@c86b9e3, codingblackfemales.sotw.ChildOrder@10aa41f2, codingblackfemales.sotw.ChildOrder@3af9c5b7, codingblackfemales.sotw.ChildOrder@37271612, codingblackfemales.sotw.ChildOrder@ed7f8b4, codingblackfemales.sotw.ChildOrder@4c309d4d, codingblackfemales.sotw.ChildOrder@38102d01, codingblackfemales.sotw.ChildOrder@37883b97, codingblackfemales.sotw.ChildOrder@6ab778a, codingblackfemales.sotw.ChildOrder@4e3958e7, codingblackfemales.sotw.ChildOrder@77f80c04, codingblackfemales.sotw.ChildOrder@1dac5ef, codingblackfemales.sotw.ChildOrder@5c90e579, codingblackfemales.sotw.ChildOrder@58ea606c, codingblackfemales.sotw.ChildOrder@6f45df59, codingblackfemales.sotw.ChildOrder@38e79ae3, codingblackfemales.sotw.ChildOrder@63070bab, codingblackfemales.sotw.ChildOrder@68e5eea7, codingblackfemales.sotw.ChildOrder@291b4bf5, codingblackfemales.sotw.ChildOrder@2d2ffcb7, codingblackfemales.sotw.ChildOrder@762ef0ea, codingblackfemales.sotw.ChildOrder@31f9b85e, codingblackfemales.sotw.ChildOrder@424e1977]
16:02:30.512 [main] INFO  c.gettingstarted.MyAlgoLogic - [MYALGO] option is present active orders are:[codingblackfemales.sotw.ChildOrder@f79e, codingblackfemales.sotw.ChildOrder@7ee8290b, codingblackfemales.sotw.ChildOrder@1f59a598, codingblackfemales.sotw.ChildOrder@1e178745, codingblackfemales.sotw.ChildOrder@192c3f1e, codingblackfemales.sotw.ChildOrder@26b3fd41, codingblackfemales.sotw.ChildOrder@7494f96a, codingblackfemales.sotw.ChildOrder@561b6512, codingblackfemales.sotw.ChildOrder@2e377400, codingblackfemales.sotw.ChildOrder@1757cd72, codingblackfemales.sotw.ChildOrder@445b295b, codingblackfemales.sotw.ChildOrder@49e5f737, codingblackfemales.sotw.ChildOrder@5c671d7f, codingblackfemales.sotw.ChildOrder@757277dc, codingblackfemales.sotw.ChildOrder@687e99d8, codingblackfemales.sotw.ChildOrder@e4487af, codingblackfemales.sotw.ChildOrder@6aaceffd, codingblackfemales.sotw.ChildOrder@c86b9e3, codingblackfemales.sotw.ChildOrder@10aa41f2, codingblackfemales.sotw.ChildOrder@3af9c5b7, codingblackfemales.sotw.ChildOrder@37271612, codingblackfemales.sotw.ChildOrder@ed7f8b4, codingblackfemales.sotw.ChildOrder@4c309d4d, codingblackfemales.sotw.ChildOrder@38102d01, codingblackfemales.sotw.ChildOrder@37883b97, codingblackfemales.sotw.ChildOrder@6ab778a, codingblackfemales.sotw.ChildOrder@4e3958e7, codingblackfemales.sotw.ChildOrder@77f80c04, codingblackfemales.sotw.ChildOrder@1dac5ef, codingblackfemales.sotw.ChildOrder@5c90e579, codingblackfemales.sotw.ChildOrder@58ea606c, codingblackfemales.sotw.ChildOrder@6f45df59, codingblackfemales.sotw.ChildOrder@38e79ae3, codingblackfemales.sotw.ChildOrder@63070bab, codingblackfemales.sotw.ChildOrder@68e5eea7, codingblackfemales.sotw.ChildOrder@291b4bf5, codingblackfemales.sotw.ChildOrder@2d2ffcb7, codingblackfemales.sotw.ChildOrder@762ef0ea, codingblackfemales.sotw.ChildOrder@31f9b85e, codingblackfemales.sotw.ChildOrder@424e1977]
option is present.
16:02:30.512 [main] INFO  c.gettingstarted.MyAlgoLogic - [MYALGO] Cancelling order:codingblackfemales.sotw.ChildOrder@f79e
child order is codingblackfemales.sotw.ChildOrder@f79e
Child order is cancelled.
16:02:30.513 [main] INFO  c.container.Actioner - [ALGO] Actioner, sending action:CancelChildOrder(codingblackfemales.sotw.ChildOrder@f79e)
16:02:30.513 [main] INFO  c.sequencer.consumer.LoggingConsumer - [102] [CancelOrder](sbeTemplateId=5|sbeSchemaId=2|sbeSchemaVersion=0|sbeBlockLength=8):orderId=7
16:02:30.513 [main] INFO  c.orderbook.OrderBook - [ORDERBOOK] Cancelling order (id=:7)
16:02:30.513 [main] DEBUG c.o.v.ReadOnlyMarketDataChannelPublishVisitor - Bid Side Size: 3
16:02:30.513 [main] DEBUG c.o.v.ReadOnlyMarketDataChannelPublishVisitor - Adding Mkt Data Msg BID: Price=98 Qty=100
16:02:30.513 [main] DEBUG c.o.v.ReadOnlyMarketDataChannelPublishVisitor - Adding Mkt Data Msg BID: Price=95 Qty=200
16:02:30.513 [main] DEBUG c.o.v.ReadOnlyMarketDataChannelPublishVisitor - Adding Mkt Data Msg BID: Price=91 Qty=300
16:02:30.513 [main] DEBUG c.o.v.ReadOnlyMarketDataChannelPublishVisitor - Ask Side Size: 2
16:02:30.513 [main] DEBUG c.o.v.ReadOnlyMarketDataChannelPublishVisitor - Adding Mkt Data Msg ASK: Price=115 Qty=3390
16:02:30.513 [main] DEBUG c.o.v.ReadOnlyMarketDataChannelPublishVisitor - Adding Mkt Data Msg ASK: Price=119 Qty=5600
16:02:30.513 [main] INFO  c.o.channel.MarketDataChannel - [ORDERBOOK] Sending market data update...
16:02:30.513 [main] INFO  c.sequencer.consumer.LoggingConsumer - [103] 
|----BID-----|
    100 @ 98
    200 @ 95
    300 @ 91
|----ASK-----|
  3390 @ 115
  5600 @ 119

16:02:30.513 [main] DEBUG c.service.MarketDataService - [ALGO] BID: price:98 quantity:100
16:02:30.513 [main] DEBUG c.service.MarketDataService - [ALGO] BID: price:95 quantity:200
16:02:30.513 [main] DEBUG c.service.MarketDataService - [ALGO] BID: price:91 quantity:300
16:02:30.513 [main] DEBUG c.service.MarketDataService - [ALGO] ASK: price:115 quantity:3390
16:02:30.513 [main] DEBUG c.service.MarketDataService - [ALGO] ASK: price:119 quantity:5600
16:02:30.513 [main] INFO  c.gettingstarted.MyAlgoLogic - [MYALGO] In Algo Logic.... HeLlO
16:02:30.513 [main] INFO  c.gettingstarted.MyAlgoLogic - [MYALGO] The state of the order book is:
|----BID-----||----ASK----|
    100 @ 98  3390 @ 115
    200 @ 95  5600 @ 119
    300 @ 91          - 
|------------||-----------|

total order count is45
16:02:30.513 [main] INFO  c.gettingstarted.MyAlgoLogic - [MYALGO] option is present total order count is45
16:02:30.513 [main] INFO  c.gettingstarted.MyAlgoLogic - [MYALGO] option is present, active orders are [codingblackfemales.sotw.ChildOrder@7ee8290b, codingblackfemales.sotw.ChildOrder@1f59a598, codingblackfemales.sotw.ChildOrder@1e178745, codingblackfemales.sotw.ChildOrder@192c3f1e, codingblackfemales.sotw.ChildOrder@26b3fd41, codingblackfemales.sotw.ChildOrder@7494f96a, codingblackfemales.sotw.ChildOrder@561b6512, codingblackfemales.sotw.ChildOrder@2e377400, codingblackfemales.sotw.ChildOrder@1757cd72, codingblackfemales.sotw.ChildOrder@445b295b, codingblackfemales.sotw.ChildOrder@49e5f737, codingblackfemales.sotw.ChildOrder@5c671d7f, codingblackfemales.sotw.ChildOrder@757277dc, codingblackfemales.sotw.ChildOrder@687e99d8, codingblackfemales.sotw.ChildOrder@e4487af, codingblackfemales.sotw.ChildOrder@6aaceffd, codingblackfemales.sotw.ChildOrder@c86b9e3, codingblackfemales.sotw.ChildOrder@10aa41f2, codingblackfemales.sotw.ChildOrder@3af9c5b7, codingblackfemales.sotw.ChildOrder@37271612, codingblackfemales.sotw.ChildOrder@ed7f8b4, codingblackfemales.sotw.ChildOrder@4c309d4d, codingblackfemales.sotw.ChildOrder@38102d01, codingblackfemales.sotw.ChildOrder@37883b97, codingblackfemales.sotw.ChildOrder@6ab778a, codingblackfemales.sotw.ChildOrder@4e3958e7, codingblackfemales.sotw.ChildOrder@77f80c04, codingblackfemales.sotw.ChildOrder@1dac5ef, codingblackfemales.sotw.ChildOrder@5c90e579, codingblackfemales.sotw.ChildOrder@58ea606c, codingblackfemales.sotw.ChildOrder@6f45df59, codingblackfemales.sotw.ChildOrder@38e79ae3, codingblackfemales.sotw.ChildOrder@63070bab, codingblackfemales.sotw.ChildOrder@68e5eea7, codingblackfemales.sotw.ChildOrder@291b4bf5, codingblackfemales.sotw.ChildOrder@2d2ffcb7, codingblackfemales.sotw.ChildOrder@762ef0ea, codingblackfemales.sotw.ChildOrder@31f9b85e, codingblackfemales.sotw.ChildOrder@424e1977]
active orders are [codingblackfemales.sotw.ChildOrder@7ee8290b, codingblackfemales.sotw.ChildOrder@1f59a598, codingblackfemales.sotw.ChildOrder@1e178745, codingblackfemales.sotw.ChildOrder@192c3f1e, codingblackfemales.sotw.ChildOrder@26b3fd41, codingblackfemales.sotw.ChildOrder@7494f96a, codingblackfemales.sotw.ChildOrder@561b6512, codingblackfemales.sotw.ChildOrder@2e377400, codingblackfemales.sotw.ChildOrder@1757cd72, codingblackfemales.sotw.ChildOrder@445b295b, codingblackfemales.sotw.ChildOrder@49e5f737, codingblackfemales.sotw.ChildOrder@5c671d7f, codingblackfemales.sotw.ChildOrder@757277dc, codingblackfemales.sotw.ChildOrder@687e99d8, codingblackfemales.sotw.ChildOrder@e4487af, codingblackfemales.sotw.ChildOrder@6aaceffd, codingblackfemales.sotw.ChildOrder@c86b9e3, codingblackfemales.sotw.ChildOrder@10aa41f2, codingblackfemales.sotw.ChildOrder@3af9c5b7, codingblackfemales.sotw.ChildOrder@37271612, codingblackfemales.sotw.ChildOrder@ed7f8b4, codingblackfemales.sotw.ChildOrder@4c309d4d, codingblackfemales.sotw.ChildOrder@38102d01, codingblackfemales.sotw.ChildOrder@37883b97, codingblackfemales.sotw.ChildOrder@6ab778a, codingblackfemales.sotw.ChildOrder@4e3958e7, codingblackfemales.sotw.ChildOrder@77f80c04, codingblackfemales.sotw.ChildOrder@1dac5ef, codingblackfemales.sotw.ChildOrder@5c90e579, codingblackfemales.sotw.ChildOrder@58ea606c, codingblackfemales.sotw.ChildOrder@6f45df59, codingblackfemales.sotw.ChildOrder@38e79ae3, codingblackfemales.sotw.ChildOrder@63070bab, codingblackfemales.sotw.ChildOrder@68e5eea7, codingblackfemales.sotw.ChildOrder@291b4bf5, codingblackfemales.sotw.ChildOrder@2d2ffcb7, codingblackfemales.sotw.ChildOrder@762ef0ea, codingblackfemales.sotw.ChildOrder@31f9b85e, codingblackfemales.sotw.ChildOrder@424e1977]
16:02:30.513 [main] INFO  c.gettingstarted.MyAlgoLogic - [MYALGO] option is present active orders are:[codingblackfemales.sotw.ChildOrder@7ee8290b, codingblackfemales.sotw.ChildOrder@1f59a598, codingblackfemales.sotw.ChildOrder@1e178745, codingblackfemales.sotw.ChildOrder@192c3f1e, codingblackfemales.sotw.ChildOrder@26b3fd41, codingblackfemales.sotw.ChildOrder@7494f96a, codingblackfemales.sotw.ChildOrder@561b6512, codingblackfemales.sotw.ChildOrder@2e377400, codingblackfemales.sotw.ChildOrder@1757cd72, codingblackfemales.sotw.ChildOrder@445b295b, codingblackfemales.sotw.ChildOrder@49e5f737, codingblackfemales.sotw.ChildOrder@5c671d7f, codingblackfemales.sotw.ChildOrder@757277dc, codingblackfemales.sotw.ChildOrder@687e99d8, codingblackfemales.sotw.ChildOrder@e4487af, codingblackfemales.sotw.ChildOrder@6aaceffd, codingblackfemales.sotw.ChildOrder@c86b9e3, codingblackfemales.sotw.ChildOrder@10aa41f2, codingblackfemales.sotw.ChildOrder@3af9c5b7, codingblackfemales.sotw.ChildOrder@37271612, codingblackfemales.sotw.ChildOrder@ed7f8b4, codingblackfemales.sotw.ChildOrder@4c309d4d, codingblackfemales.sotw.ChildOrder@38102d01, codingblackfemales.sotw.ChildOrder@37883b97, codingblackfemales.sotw.ChildOrder@6ab778a, codingblackfemales.sotw.ChildOrder@4e3958e7, codingblackfemales.sotw.ChildOrder@77f80c04, codingblackfemales.sotw.ChildOrder@1dac5ef, codingblackfemales.sotw.ChildOrder@5c90e579, codingblackfemales.sotw.ChildOrder@58ea606c, codingblackfemales.sotw.ChildOrder@6f45df59, codingblackfemales.sotw.ChildOrder@38e79ae3, codingblackfemales.sotw.ChildOrder@63070bab, codingblackfemales.sotw.ChildOrder@68e5eea7, codingblackfemales.sotw.ChildOrder@291b4bf5, codingblackfemales.sotw.ChildOrder@2d2ffcb7, codingblackfemales.sotw.ChildOrder@762ef0ea, codingblackfemales.sotw.ChildOrder@31f9b85e, codingblackfemales.sotw.ChildOrder@424e1977]
option is present.
16:02:30.513 [main] INFO  c.gettingstarted.MyAlgoLogic - [MYALGO] Cancelling order:codingblackfemales.sotw.ChildOrder@7ee8290b
child order is codingblackfemales.sotw.ChildOrder@7ee8290b
Child order is cancelled.
16:02:30.513 [main] INFO  c.container.Actioner - [ALGO] Actioner, sending action:CancelChildOrder(codingblackfemales.sotw.ChildOrder@7ee8290b)
16:02:30.514 [main] INFO  c.sequencer.consumer.LoggingConsumer - [104] [CancelOrder](sbeTemplateId=5|sbeSchemaId=2|sbeSchemaVersion=0|sbeBlockLength=8):orderId=8
16:02:30.514 [main] INFO  c.orderbook.OrderBook - [ORDERBOOK] Cancelling order (id=:8)
16:02:30.514 [main] DEBUG c.o.v.ReadOnlyMarketDataChannelPublishVisitor - Bid Side Size: 3
16:02:30.514 [main] DEBUG c.o.v.ReadOnlyMarketDataChannelPublishVisitor - Adding Mkt Data Msg BID: Price=98 Qty=100
16:02:30.514 [main] DEBUG c.o.v.ReadOnlyMarketDataChannelPublishVisitor - Adding Mkt Data Msg BID: Price=95 Qty=200
16:02:30.514 [main] DEBUG c.o.v.ReadOnlyMarketDataChannelPublishVisitor - Adding Mkt Data Msg BID: Price=91 Qty=300
16:02:30.514 [main] DEBUG c.o.v.ReadOnlyMarketDataChannelPublishVisitor - Ask Side Size: 2
16:02:30.514 [main] DEBUG c.o.v.ReadOnlyMarketDataChannelPublishVisitor - Adding Mkt Data Msg ASK: Price=115 Qty=3390
16:02:30.514 [main] DEBUG c.o.v.ReadOnlyMarketDataChannelPublishVisitor - Adding Mkt Data Msg ASK: Price=119 Qty=5600
16:02:30.514 [main] INFO  c.o.channel.MarketDataChannel - [ORDERBOOK] Sending market data update...
16:02:30.514 [main] INFO  c.sequencer.consumer.LoggingConsumer - [105] 
|----BID-----|
    100 @ 98
    200 @ 95
    300 @ 91
|----ASK-----|
  3390 @ 115
  5600 @ 119

16:02:30.514 [main] DEBUG c.service.MarketDataService - [ALGO] BID: price:98 quantity:100
16:02:30.514 [main] DEBUG c.service.MarketDataService - [ALGO] BID: price:95 quantity:200
16:02:30.514 [main] DEBUG c.service.MarketDataService - [ALGO] BID: price:91 quantity:300
16:02:30.514 [main] DEBUG c.service.MarketDataService - [ALGO] ASK: price:115 quantity:3390
16:02:30.514 [main] DEBUG c.service.MarketDataService - [ALGO] ASK: price:119 quantity:5600
16:02:30.514 [main] INFO  c.gettingstarted.MyAlgoLogic - [MYALGO] In Algo Logic.... HeLlO
16:02:30.514 [main] INFO  c.gettingstarted.MyAlgoLogic - [MYALGO] The state of the order book is:
|----BID-----||----ASK----|
    100 @ 98  3390 @ 115
    200 @ 95  5600 @ 119
    300 @ 91          - 
|------------||-----------|

total order count is45
16:02:30.514 [main] INFO  c.gettingstarted.MyAlgoLogic - [MYALGO] option is present total order count is45
16:02:30.514 [main] INFO  c.gettingstarted.MyAlgoLogic - [MYALGO] option is present, active orders are [codingblackfemales.sotw.ChildOrder@1f59a598, codingblackfemales.sotw.ChildOrder@1e178745, codingblackfemales.sotw.ChildOrder@192c3f1e, codingblackfemales.sotw.ChildOrder@26b3fd41, codingblackfemales.sotw.ChildOrder@7494f96a, codingblackfemales.sotw.ChildOrder@561b6512, codingblackfemales.sotw.ChildOrder@2e377400, codingblackfemales.sotw.ChildOrder@1757cd72, codingblackfemales.sotw.ChildOrder@445b295b, codingblackfemales.sotw.ChildOrder@49e5f737, codingblackfemales.sotw.ChildOrder@5c671d7f, codingblackfemales.sotw.ChildOrder@757277dc, codingblackfemales.sotw.ChildOrder@687e99d8, codingblackfemales.sotw.ChildOrder@e4487af, codingblackfemales.sotw.ChildOrder@6aaceffd, codingblackfemales.sotw.ChildOrder@c86b9e3, codingblackfemales.sotw.ChildOrder@10aa41f2, codingblackfemales.sotw.ChildOrder@3af9c5b7, codingblackfemales.sotw.ChildOrder@37271612, codingblackfemales.sotw.ChildOrder@ed7f8b4, codingblackfemales.sotw.ChildOrder@4c309d4d, codingblackfemales.sotw.ChildOrder@38102d01, codingblackfemales.sotw.ChildOrder@37883b97, codingblackfemales.sotw.ChildOrder@6ab778a, codingblackfemales.sotw.ChildOrder@4e3958e7, codingblackfemales.sotw.ChildOrder@77f80c04, codingblackfemales.sotw.ChildOrder@1dac5ef, codingblackfemales.sotw.ChildOrder@5c90e579, codingblackfemales.sotw.ChildOrder@58ea606c, codingblackfemales.sotw.ChildOrder@6f45df59, codingblackfemales.sotw.ChildOrder@38e79ae3, codingblackfemales.sotw.ChildOrder@63070bab, codingblackfemales.sotw.ChildOrder@68e5eea7, codingblackfemales.sotw.ChildOrder@291b4bf5, codingblackfemales.sotw.ChildOrder@2d2ffcb7, codingblackfemales.sotw.ChildOrder@762ef0ea, codingblackfemales.sotw.ChildOrder@31f9b85e, codingblackfemales.sotw.ChildOrder@424e1977]
active orders are [codingblackfemales.sotw.ChildOrder@1f59a598, codingblackfemales.sotw.ChildOrder@1e178745, codingblackfemales.sotw.ChildOrder@192c3f1e, codingblackfemales.sotw.ChildOrder@26b3fd41, codingblackfemales.sotw.ChildOrder@7494f96a, codingblackfemales.sotw.ChildOrder@561b6512, codingblackfemales.sotw.ChildOrder@2e377400, codingblackfemales.sotw.ChildOrder@1757cd72, codingblackfemales.sotw.ChildOrder@445b295b, codingblackfemales.sotw.ChildOrder@49e5f737, codingblackfemales.sotw.ChildOrder@5c671d7f, codingblackfemales.sotw.ChildOrder@757277dc, codingblackfemales.sotw.ChildOrder@687e99d8, codingblackfemales.sotw.ChildOrder@e4487af, codingblackfemales.sotw.ChildOrder@6aaceffd, codingblackfemales.sotw.ChildOrder@c86b9e3, codingblackfemales.sotw.ChildOrder@10aa41f2, codingblackfemales.sotw.ChildOrder@3af9c5b7, codingblackfemales.sotw.ChildOrder@37271612, codingblackfemales.sotw.ChildOrder@ed7f8b4, codingblackfemales.sotw.ChildOrder@4c309d4d, codingblackfemales.sotw.ChildOrder@38102d01, codingblackfemales.sotw.ChildOrder@37883b97, codingblackfemales.sotw.ChildOrder@6ab778a, codingblackfemales.sotw.ChildOrder@4e3958e7, codingblackfemales.sotw.ChildOrder@77f80c04, codingblackfemales.sotw.ChildOrder@1dac5ef, codingblackfemales.sotw.ChildOrder@5c90e579, codingblackfemales.sotw.ChildOrder@58ea606c, codingblackfemales.sotw.ChildOrder@6f45df59, codingblackfemales.sotw.ChildOrder@38e79ae3, codingblackfemales.sotw.ChildOrder@63070bab, codingblackfemales.sotw.ChildOrder@68e5eea7, codingblackfemales.sotw.ChildOrder@291b4bf5, codingblackfemales.sotw.ChildOrder@2d2ffcb7, codingblackfemales.sotw.ChildOrder@762ef0ea, codingblackfemales.sotw.ChildOrder@31f9b85e, codingblackfemales.sotw.ChildOrder@424e1977]
16:02:30.514 [main] INFO  c.gettingstarted.MyAlgoLogic - [MYALGO] option is present active orders are:[codingblackfemales.sotw.ChildOrder@1f59a598, codingblackfemales.sotw.ChildOrder@1e178745, codingblackfemales.sotw.ChildOrder@192c3f1e, codingblackfemales.sotw.ChildOrder@26b3fd41, codingblackfemales.sotw.ChildOrder@7494f96a, codingblackfemales.sotw.ChildOrder@561b6512, codingblackfemales.sotw.ChildOrder@2e377400, codingblackfemales.sotw.ChildOrder@1757cd72, codingblackfemales.sotw.ChildOrder@445b295b, codingblackfemales.sotw.ChildOrder@49e5f737, codingblackfemales.sotw.ChildOrder@5c671d7f, codingblackfemales.sotw.ChildOrder@757277dc, codingblackfemales.sotw.ChildOrder@687e99d8, codingblackfemales.sotw.ChildOrder@e4487af, codingblackfemales.sotw.ChildOrder@6aaceffd, codingblackfemales.sotw.ChildOrder@c86b9e3, codingblackfemales.sotw.ChildOrder@10aa41f2, codingblackfemales.sotw.ChildOrder@3af9c5b7, codingblackfemales.sotw.ChildOrder@37271612, codingblackfemales.sotw.ChildOrder@ed7f8b4, codingblackfemales.sotw.ChildOrder@4c309d4d, codingblackfemales.sotw.ChildOrder@38102d01, codingblackfemales.sotw.ChildOrder@37883b97, codingblackfemales.sotw.ChildOrder@6ab778a, codingblackfemales.sotw.ChildOrder@4e3958e7, codingblackfemales.sotw.ChildOrder@77f80c04, codingblackfemales.sotw.ChildOrder@1dac5ef, codingblackfemales.sotw.ChildOrder@5c90e579, codingblackfemales.sotw.ChildOrder@58ea606c, codingblackfemales.sotw.ChildOrder@6f45df59, codingblackfemales.sotw.ChildOrder@38e79ae3, codingblackfemales.sotw.ChildOrder@63070bab, codingblackfemales.sotw.ChildOrder@68e5eea7, codingblackfemales.sotw.ChildOrder@291b4bf5, codingblackfemales.sotw.ChildOrder@2d2ffcb7, codingblackfemales.sotw.ChildOrder@762ef0ea, codingblackfemales.sotw.ChildOrder@31f9b85e, codingblackfemales.sotw.ChildOrder@424e1977]
option is present.
16:02:30.514 [main] INFO  c.gettingstarted.MyAlgoLogic - [MYALGO] Cancelling order:codingblackfemales.sotw.ChildOrder@1f59a598
child order is codingblackfemales.sotw.ChildOrder@1f59a598
Child order is cancelled.
16:02:30.515 [main] INFO  c.container.Actioner - [ALGO] Actioner, sending action:CancelChildOrder(codingblackfemales.sotw.ChildOrder@1f59a598)
16:02:30.515 [main] INFO  c.sequencer.consumer.LoggingConsumer - [106] [CancelOrder](sbeTemplateId=5|sbeSchemaId=2|sbeSchemaVersion=0|sbeBlockLength=8):orderId=9
16:02:30.515 [main] INFO  c.orderbook.OrderBook - [ORDERBOOK] Cancelling order (id=:9)
16:02:30.515 [main] DEBUG c.o.v.ReadOnlyMarketDataChannelPublishVisitor - Bid Side Size: 3
16:02:30.515 [main] DEBUG c.o.v.ReadOnlyMarketDataChannelPublishVisitor - Adding Mkt Data Msg BID: Price=98 Qty=100
16:02:30.515 [main] DEBUG c.o.v.ReadOnlyMarketDataChannelPublishVisitor - Adding Mkt Data Msg BID: Price=95 Qty=200
16:02:30.515 [main] DEBUG c.o.v.ReadOnlyMarketDataChannelPublishVisitor - Adding Mkt Data Msg BID: Price=91 Qty=300
16:02:30.515 [main] DEBUG c.o.v.ReadOnlyMarketDataChannelPublishVisitor - Ask Side Size: 2
16:02:30.515 [main] DEBUG c.o.v.ReadOnlyMarketDataChannelPublishVisitor - Adding Mkt Data Msg ASK: Price=115 Qty=3390
16:02:30.515 [main] DEBUG c.o.v.ReadOnlyMarketDataChannelPublishVisitor - Adding Mkt Data Msg ASK: Price=119 Qty=5600
16:02:30.515 [main] INFO  c.o.channel.MarketDataChannel - [ORDERBOOK] Sending market data update...
16:02:30.515 [main] INFO  c.sequencer.consumer.LoggingConsumer - [107] 
|----BID-----|
    100 @ 98
    200 @ 95
    300 @ 91
|----ASK-----|
  3390 @ 115
  5600 @ 119

16:02:30.515 [main] DEBUG c.service.MarketDataService - [ALGO] BID: price:98 quantity:100
16:02:30.515 [main] DEBUG c.service.MarketDataService - [ALGO] BID: price:95 quantity:200
16:02:30.515 [main] DEBUG c.service.MarketDataService - [ALGO] BID: price:91 quantity:300
16:02:30.515 [main] DEBUG c.service.MarketDataService - [ALGO] ASK: price:115 quantity:3390
16:02:30.515 [main] DEBUG c.service.MarketDataService - [ALGO] ASK: price:119 quantity:5600
16:02:30.515 [main] INFO  c.gettingstarted.MyAlgoLogic - [MYALGO] In Algo Logic.... HeLlO
16:02:30.515 [main] INFO  c.gettingstarted.MyAlgoLogic - [MYALGO] The state of the order book is:
|----BID-----||----ASK----|
    100 @ 98  3390 @ 115
    200 @ 95  5600 @ 119
    300 @ 91          - 
|------------||-----------|

total order count is45
16:02:30.515 [main] INFO  c.gettingstarted.MyAlgoLogic - [MYALGO] option is present total order count is45
16:02:30.515 [main] INFO  c.gettingstarted.MyAlgoLogic - [MYALGO] option is present, active orders are [codingblackfemales.sotw.ChildOrder@1e178745, codingblackfemales.sotw.ChildOrder@192c3f1e, codingblackfemales.sotw.ChildOrder@26b3fd41, codingblackfemales.sotw.ChildOrder@7494f96a, codingblackfemales.sotw.ChildOrder@561b6512, codingblackfemales.sotw.ChildOrder@2e377400, codingblackfemales.sotw.ChildOrder@1757cd72, codingblackfemales.sotw.ChildOrder@445b295b, codingblackfemales.sotw.ChildOrder@49e5f737, codingblackfemales.sotw.ChildOrder@5c671d7f, codingblackfemales.sotw.ChildOrder@757277dc, codingblackfemales.sotw.ChildOrder@687e99d8, codingblackfemales.sotw.ChildOrder@e4487af, codingblackfemales.sotw.ChildOrder@6aaceffd, codingblackfemales.sotw.ChildOrder@c86b9e3, codingblackfemales.sotw.ChildOrder@10aa41f2, codingblackfemales.sotw.ChildOrder@3af9c5b7, codingblackfemales.sotw.ChildOrder@37271612, codingblackfemales.sotw.ChildOrder@ed7f8b4, codingblackfemales.sotw.ChildOrder@4c309d4d, codingblackfemales.sotw.ChildOrder@38102d01, codingblackfemales.sotw.ChildOrder@37883b97, codingblackfemales.sotw.ChildOrder@6ab778a, codingblackfemales.sotw.ChildOrder@4e3958e7, codingblackfemales.sotw.ChildOrder@77f80c04, codingblackfemales.sotw.ChildOrder@1dac5ef, codingblackfemales.sotw.ChildOrder@5c90e579, codingblackfemales.sotw.ChildOrder@58ea606c, codingblackfemales.sotw.ChildOrder@6f45df59, codingblackfemales.sotw.ChildOrder@38e79ae3, codingblackfemales.sotw.ChildOrder@63070bab, codingblackfemales.sotw.ChildOrder@68e5eea7, codingblackfemales.sotw.ChildOrder@291b4bf5, codingblackfemales.sotw.ChildOrder@2d2ffcb7, codingblackfemales.sotw.ChildOrder@762ef0ea, codingblackfemales.sotw.ChildOrder@31f9b85e, codingblackfemales.sotw.ChildOrder@424e1977]
active orders are [codingblackfemales.sotw.ChildOrder@1e178745, codingblackfemales.sotw.ChildOrder@192c3f1e, codingblackfemales.sotw.ChildOrder@26b3fd41, codingblackfemales.sotw.ChildOrder@7494f96a, codingblackfemales.sotw.ChildOrder@561b6512, codingblackfemales.sotw.ChildOrder@2e377400, codingblackfemales.sotw.ChildOrder@1757cd72, codingblackfemales.sotw.ChildOrder@445b295b, codingblackfemales.sotw.ChildOrder@49e5f737, codingblackfemales.sotw.ChildOrder@5c671d7f, codingblackfemales.sotw.ChildOrder@757277dc, codingblackfemales.sotw.ChildOrder@687e99d8, codingblackfemales.sotw.ChildOrder@e4487af, codingblackfemales.sotw.ChildOrder@6aaceffd, codingblackfemales.sotw.ChildOrder@c86b9e3, codingblackfemales.sotw.ChildOrder@10aa41f2, codingblackfemales.sotw.ChildOrder@3af9c5b7, codingblackfemales.sotw.ChildOrder@37271612, codingblackfemales.sotw.ChildOrder@ed7f8b4, codingblackfemales.sotw.ChildOrder@4c309d4d, codingblackfemales.sotw.ChildOrder@38102d01, codingblackfemales.sotw.ChildOrder@37883b97, codingblackfemales.sotw.ChildOrder@6ab778a, codingblackfemales.sotw.ChildOrder@4e3958e7, codingblackfemales.sotw.ChildOrder@77f80c04, codingblackfemales.sotw.ChildOrder@1dac5ef, codingblackfemales.sotw.ChildOrder@5c90e579, codingblackfemales.sotw.ChildOrder@58ea606c, codingblackfemales.sotw.ChildOrder@6f45df59, codingblackfemales.sotw.ChildOrder@38e79ae3, codingblackfemales.sotw.ChildOrder@63070bab, codingblackfemales.sotw.ChildOrder@68e5eea7, codingblackfemales.sotw.ChildOrder@291b4bf5, codingblackfemales.sotw.ChildOrder@2d2ffcb7, codingblackfemales.sotw.ChildOrder@762ef0ea, codingblackfemales.sotw.ChildOrder@31f9b85e, codingblackfemales.sotw.ChildOrder@424e1977]
16:02:30.515 [main] INFO  c.gettingstarted.MyAlgoLogic - [MYALGO] option is present active orders are:[codingblackfemales.sotw.ChildOrder@1e178745, codingblackfemales.sotw.ChildOrder@192c3f1e, codingblackfemales.sotw.ChildOrder@26b3fd41, codingblackfemales.sotw.ChildOrder@7494f96a, codingblackfemales.sotw.ChildOrder@561b6512, codingblackfemales.sotw.ChildOrder@2e377400, codingblackfemales.sotw.ChildOrder@1757cd72, codingblackfemales.sotw.ChildOrder@445b295b, codingblackfemales.sotw.ChildOrder@49e5f737, codingblackfemales.sotw.ChildOrder@5c671d7f, codingblackfemales.sotw.ChildOrder@757277dc, codingblackfemales.sotw.ChildOrder@687e99d8, codingblackfemales.sotw.ChildOrder@e4487af, codingblackfemales.sotw.ChildOrder@6aaceffd, codingblackfemales.sotw.ChildOrder@c86b9e3, codingblackfemales.sotw.ChildOrder@10aa41f2, codingblackfemales.sotw.ChildOrder@3af9c5b7, codingblackfemales.sotw.ChildOrder@37271612, codingblackfemales.sotw.ChildOrder@ed7f8b4, codingblackfemales.sotw.ChildOrder@4c309d4d, codingblackfemales.sotw.ChildOrder@38102d01, codingblackfemales.sotw.ChildOrder@37883b97, codingblackfemales.sotw.ChildOrder@6ab778a, codingblackfemales.sotw.ChildOrder@4e3958e7, codingblackfemales.sotw.ChildOrder@77f80c04, codingblackfemales.sotw.ChildOrder@1dac5ef, codingblackfemales.sotw.ChildOrder@5c90e579, codingblackfemales.sotw.ChildOrder@58ea606c, codingblackfemales.sotw.ChildOrder@6f45df59, codingblackfemales.sotw.ChildOrder@38e79ae3, codingblackfemales.sotw.ChildOrder@63070bab, codingblackfemales.sotw.ChildOrder@68e5eea7, codingblackfemales.sotw.ChildOrder@291b4bf5, codingblackfemales.sotw.ChildOrder@2d2ffcb7, codingblackfemales.sotw.ChildOrder@762ef0ea, codingblackfemales.sotw.ChildOrder@31f9b85e, codingblackfemales.sotw.ChildOrder@424e1977]
option is present.
16:02:30.515 [main] INFO  c.gettingstarted.MyAlgoLogic - [MYALGO] Cancelling order:codingblackfemales.sotw.ChildOrder@1e178745
child order is codingblackfemales.sotw.ChildOrder@1e178745
Child order is cancelled.
16:02:30.516 [main] INFO  c.container.Actioner - [ALGO] Actioner, sending action:CancelChildOrder(codingblackfemales.sotw.ChildOrder@1e178745)
16:02:30.516 [main] INFO  c.sequencer.consumer.LoggingConsumer - [108] [CancelOrder](sbeTemplateId=5|sbeSchemaId=2|sbeSchemaVersion=0|sbeBlockLength=8):orderId=10
16:02:30.516 [main] INFO  c.orderbook.OrderBook - [ORDERBOOK] Cancelling order (id=:10)
16:02:30.516 [main] DEBUG c.o.v.ReadOnlyMarketDataChannelPublishVisitor - Bid Side Size: 3
16:02:30.516 [main] DEBUG c.o.v.ReadOnlyMarketDataChannelPublishVisitor - Adding Mkt Data Msg BID: Price=98 Qty=100
16:02:30.516 [main] DEBUG c.o.v.ReadOnlyMarketDataChannelPublishVisitor - Adding Mkt Data Msg BID: Price=95 Qty=200
16:02:30.516 [main] DEBUG c.o.v.ReadOnlyMarketDataChannelPublishVisitor - Adding Mkt Data Msg BID: Price=91 Qty=300
16:02:30.516 [main] DEBUG c.o.v.ReadOnlyMarketDataChannelPublishVisitor - Ask Side Size: 2
16:02:30.516 [main] DEBUG c.o.v.ReadOnlyMarketDataChannelPublishVisitor - Adding Mkt Data Msg ASK: Price=115 Qty=3390
16:02:30.516 [main] DEBUG c.o.v.ReadOnlyMarketDataChannelPublishVisitor - Adding Mkt Data Msg ASK: Price=119 Qty=5600
16:02:30.516 [main] INFO  c.o.channel.MarketDataChannel - [ORDERBOOK] Sending market data update...
16:02:30.516 [main] INFO  c.sequencer.consumer.LoggingConsumer - [109] 
|----BID-----|
    100 @ 98
    200 @ 95
    300 @ 91
|----ASK-----|
  3390 @ 115
  5600 @ 119

16:02:30.516 [main] DEBUG c.service.MarketDataService - [ALGO] BID: price:98 quantity:100
16:02:30.516 [main] DEBUG c.service.MarketDataService - [ALGO] BID: price:95 quantity:200
16:02:30.516 [main] DEBUG c.service.MarketDataService - [ALGO] BID: price:91 quantity:300
16:02:30.516 [main] DEBUG c.service.MarketDataService - [ALGO] ASK: price:115 quantity:3390
16:02:30.516 [main] DEBUG c.service.MarketDataService - [ALGO] ASK: price:119 quantity:5600
16:02:30.516 [main] INFO  c.gettingstarted.MyAlgoLogic - [MYALGO] In Algo Logic.... HeLlO
16:02:30.516 [main] INFO  c.gettingstarted.MyAlgoLogic - [MYALGO] The state of the order book is:
|----BID-----||----ASK----|
    100 @ 98  3390 @ 115
    200 @ 95  5600 @ 119
    300 @ 91          - 
|------------||-----------|

total order count is45
16:02:30.516 [main] INFO  c.gettingstarted.MyAlgoLogic - [MYALGO] option is present total order count is45
16:02:30.516 [main] INFO  c.gettingstarted.MyAlgoLogic - [MYALGO] option is present, active orders are [codingblackfemales.sotw.ChildOrder@192c3f1e, codingblackfemales.sotw.ChildOrder@26b3fd41, codingblackfemales.sotw.ChildOrder@7494f96a, codingblackfemales.sotw.ChildOrder@561b6512, codingblackfemales.sotw.ChildOrder@2e377400, codingblackfemales.sotw.ChildOrder@1757cd72, codingblackfemales.sotw.ChildOrder@445b295b, codingblackfemales.sotw.ChildOrder@49e5f737, codingblackfemales.sotw.ChildOrder@5c671d7f, codingblackfemales.sotw.ChildOrder@757277dc, codingblackfemales.sotw.ChildOrder@687e99d8, codingblackfemales.sotw.ChildOrder@e4487af, codingblackfemales.sotw.ChildOrder@6aaceffd, codingblackfemales.sotw.ChildOrder@c86b9e3, codingblackfemales.sotw.ChildOrder@10aa41f2, codingblackfemales.sotw.ChildOrder@3af9c5b7, codingblackfemales.sotw.ChildOrder@37271612, codingblackfemales.sotw.ChildOrder@ed7f8b4, codingblackfemales.sotw.ChildOrder@4c309d4d, codingblackfemales.sotw.ChildOrder@38102d01, codingblackfemales.sotw.ChildOrder@37883b97, codingblackfemales.sotw.ChildOrder@6ab778a, codingblackfemales.sotw.ChildOrder@4e3958e7, codingblackfemales.sotw.ChildOrder@77f80c04, codingblackfemales.sotw.ChildOrder@1dac5ef, codingblackfemales.sotw.ChildOrder@5c90e579, codingblackfemales.sotw.ChildOrder@58ea606c, codingblackfemales.sotw.ChildOrder@6f45df59, codingblackfemales.sotw.ChildOrder@38e79ae3, codingblackfemales.sotw.ChildOrder@63070bab, codingblackfemales.sotw.ChildOrder@68e5eea7, codingblackfemales.sotw.ChildOrder@291b4bf5, codingblackfemales.sotw.ChildOrder@2d2ffcb7, codingblackfemales.sotw.ChildOrder@762ef0ea, codingblackfemales.sotw.ChildOrder@31f9b85e, codingblackfemales.sotw.ChildOrder@424e1977]
active orders are [codingblackfemales.sotw.ChildOrder@192c3f1e, codingblackfemales.sotw.ChildOrder@26b3fd41, codingblackfemales.sotw.ChildOrder@7494f96a, codingblackfemales.sotw.ChildOrder@561b6512, codingblackfemales.sotw.ChildOrder@2e377400, codingblackfemales.sotw.ChildOrder@1757cd72, codingblackfemales.sotw.ChildOrder@445b295b, codingblackfemales.sotw.ChildOrder@49e5f737, codingblackfemales.sotw.ChildOrder@5c671d7f, codingblackfemales.sotw.ChildOrder@757277dc, codingblackfemales.sotw.ChildOrder@687e99d8, codingblackfemales.sotw.ChildOrder@e4487af, codingblackfemales.sotw.ChildOrder@6aaceffd, codingblackfemales.sotw.ChildOrder@c86b9e3, codingblackfemales.sotw.ChildOrder@10aa41f2, codingblackfemales.sotw.ChildOrder@3af9c5b7, codingblackfemales.sotw.ChildOrder@37271612, codingblackfemales.sotw.ChildOrder@ed7f8b4, codingblackfemales.sotw.ChildOrder@4c309d4d, codingblackfemales.sotw.ChildOrder@38102d01, codingblackfemales.sotw.ChildOrder@37883b97, codingblackfemales.sotw.ChildOrder@6ab778a, codingblackfemales.sotw.ChildOrder@4e3958e7, codingblackfemales.sotw.ChildOrder@77f80c04, codingblackfemales.sotw.ChildOrder@1dac5ef, codingblackfemales.sotw.ChildOrder@5c90e579, codingblackfemales.sotw.ChildOrder@58ea606c, codingblackfemales.sotw.ChildOrder@6f45df59, codingblackfemales.sotw.ChildOrder@38e79ae3, codingblackfemales.sotw.ChildOrder@63070bab, codingblackfemales.sotw.ChildOrder@68e5eea7, codingblackfemales.sotw.ChildOrder@291b4bf5, codingblackfemales.sotw.ChildOrder@2d2ffcb7, codingblackfemales.sotw.ChildOrder@762ef0ea, codingblackfemales.sotw.ChildOrder@31f9b85e, codingblackfemales.sotw.ChildOrder@424e1977]
16:02:30.516 [main] INFO  c.gettingstarted.MyAlgoLogic - [MYALGO] option is present active orders are:[codingblackfemales.sotw.ChildOrder@192c3f1e, codingblackfemales.sotw.ChildOrder@26b3fd41, codingblackfemales.sotw.ChildOrder@7494f96a, codingblackfemales.sotw.ChildOrder@561b6512, codingblackfemales.sotw.ChildOrder@2e377400, codingblackfemales.sotw.ChildOrder@1757cd72, codingblackfemales.sotw.ChildOrder@445b295b, codingblackfemales.sotw.ChildOrder@49e5f737, codingblackfemales.sotw.ChildOrder@5c671d7f, codingblackfemales.sotw.ChildOrder@757277dc, codingblackfemales.sotw.ChildOrder@687e99d8, codingblackfemales.sotw.ChildOrder@e4487af, codingblackfemales.sotw.ChildOrder@6aaceffd, codingblackfemales.sotw.ChildOrder@c86b9e3, codingblackfemales.sotw.ChildOrder@10aa41f2, codingblackfemales.sotw.ChildOrder@3af9c5b7, codingblackfemales.sotw.ChildOrder@37271612, codingblackfemales.sotw.ChildOrder@ed7f8b4, codingblackfemales.sotw.ChildOrder@4c309d4d, codingblackfemales.sotw.ChildOrder@38102d01, codingblackfemales.sotw.ChildOrder@37883b97, codingblackfemales.sotw.ChildOrder@6ab778a, codingblackfemales.sotw.ChildOrder@4e3958e7, codingblackfemales.sotw.ChildOrder@77f80c04, codingblackfemales.sotw.ChildOrder@1dac5ef, codingblackfemales.sotw.ChildOrder@5c90e579, codingblackfemales.sotw.ChildOrder@58ea606c, codingblackfemales.sotw.ChildOrder@6f45df59, codingblackfemales.sotw.ChildOrder@38e79ae3, codingblackfemales.sotw.ChildOrder@63070bab, codingblackfemales.sotw.ChildOrder@68e5eea7, codingblackfemales.sotw.ChildOrder@291b4bf5, codingblackfemales.sotw.ChildOrder@2d2ffcb7, codingblackfemales.sotw.ChildOrder@762ef0ea, codingblackfemales.sotw.ChildOrder@31f9b85e, codingblackfemales.sotw.ChildOrder@424e1977]
option is present.
16:02:30.516 [main] INFO  c.gettingstarted.MyAlgoLogic - [MYALGO] Cancelling order:codingblackfemales.sotw.ChildOrder@192c3f1e
child order is codingblackfemales.sotw.ChildOrder@192c3f1e
Child order is cancelled.
16:02:30.516 [main] INFO  c.container.Actioner - [ALGO] Actioner, sending action:CancelChildOrder(codingblackfemales.sotw.ChildOrder@192c3f1e)
16:02:30.516 [main] INFO  c.sequencer.consumer.LoggingConsumer - [110] [CancelOrder](sbeTemplateId=5|sbeSchemaId=2|sbeSchemaVersion=0|sbeBlockLength=8):orderId=11
16:02:30.517 [main] INFO  c.orderbook.OrderBook - [ORDERBOOK] Cancelling order (id=:11)
16:02:30.517 [main] DEBUG c.o.v.ReadOnlyMarketDataChannelPublishVisitor - Bid Side Size: 3
16:02:30.517 [main] DEBUG c.o.v.ReadOnlyMarketDataChannelPublishVisitor - Adding Mkt Data Msg BID: Price=98 Qty=100
16:02:30.517 [main] DEBUG c.o.v.ReadOnlyMarketDataChannelPublishVisitor - Adding Mkt Data Msg BID: Price=95 Qty=200
16:02:30.517 [main] DEBUG c.o.v.ReadOnlyMarketDataChannelPublishVisitor - Adding Mkt Data Msg BID: Price=91 Qty=300
16:02:30.517 [main] DEBUG c.o.v.ReadOnlyMarketDataChannelPublishVisitor - Ask Side Size: 2
16:02:30.517 [main] DEBUG c.o.v.ReadOnlyMarketDataChannelPublishVisitor - Adding Mkt Data Msg ASK: Price=115 Qty=3390
16:02:30.517 [main] DEBUG c.o.v.ReadOnlyMarketDataChannelPublishVisitor - Adding Mkt Data Msg ASK: Price=119 Qty=5600
16:02:30.517 [main] INFO  c.o.channel.MarketDataChannel - [ORDERBOOK] Sending market data update...
16:02:30.517 [main] INFO  c.sequencer.consumer.LoggingConsumer - [111] 
|----BID-----|
    100 @ 98
    200 @ 95
    300 @ 91
|----ASK-----|
  3390 @ 115
  5600 @ 119

16:02:30.517 [main] DEBUG c.service.MarketDataService - [ALGO] BID: price:98 quantity:100
16:02:30.517 [main] DEBUG c.service.MarketDataService - [ALGO] BID: price:95 quantity:200
16:02:30.517 [main] DEBUG c.service.MarketDataService - [ALGO] BID: price:91 quantity:300
16:02:30.517 [main] DEBUG c.service.MarketDataService - [ALGO] ASK: price:115 quantity:3390
16:02:30.517 [main] DEBUG c.service.MarketDataService - [ALGO] ASK: price:119 quantity:5600
16:02:30.517 [main] INFO  c.gettingstarted.MyAlgoLogic - [MYALGO] In Algo Logic.... HeLlO
16:02:30.517 [main] INFO  c.gettingstarted.MyAlgoLogic - [MYALGO] The state of the order book is:
|----BID-----||----ASK----|
    100 @ 98  3390 @ 115
    200 @ 95  5600 @ 119
    300 @ 91          - 
|------------||-----------|

total order count is45
16:02:30.517 [main] INFO  c.gettingstarted.MyAlgoLogic - [MYALGO] option is present total order count is45
16:02:30.517 [main] INFO  c.gettingstarted.MyAlgoLogic - [MYALGO] option is present, active orders are [codingblackfemales.sotw.ChildOrder@26b3fd41, codingblackfemales.sotw.ChildOrder@7494f96a, codingblackfemales.sotw.ChildOrder@561b6512, codingblackfemales.sotw.ChildOrder@2e377400, codingblackfemales.sotw.ChildOrder@1757cd72, codingblackfemales.sotw.ChildOrder@445b295b, codingblackfemales.sotw.ChildOrder@49e5f737, codingblackfemales.sotw.ChildOrder@5c671d7f, codingblackfemales.sotw.ChildOrder@757277dc, codingblackfemales.sotw.ChildOrder@687e99d8, codingblackfemales.sotw.ChildOrder@e4487af, codingblackfemales.sotw.ChildOrder@6aaceffd, codingblackfemales.sotw.ChildOrder@c86b9e3, codingblackfemales.sotw.ChildOrder@10aa41f2, codingblackfemales.sotw.ChildOrder@3af9c5b7, codingblackfemales.sotw.ChildOrder@37271612, codingblackfemales.sotw.ChildOrder@ed7f8b4, codingblackfemales.sotw.ChildOrder@4c309d4d, codingblackfemales.sotw.ChildOrder@38102d01, codingblackfemales.sotw.ChildOrder@37883b97, codingblackfemales.sotw.ChildOrder@6ab778a, codingblackfemales.sotw.ChildOrder@4e3958e7, codingblackfemales.sotw.ChildOrder@77f80c04, codingblackfemales.sotw.ChildOrder@1dac5ef, codingblackfemales.sotw.ChildOrder@5c90e579, codingblackfemales.sotw.ChildOrder@58ea606c, codingblackfemales.sotw.ChildOrder@6f45df59, codingblackfemales.sotw.ChildOrder@38e79ae3, codingblackfemales.sotw.ChildOrder@63070bab, codingblackfemales.sotw.ChildOrder@68e5eea7, codingblackfemales.sotw.ChildOrder@291b4bf5, codingblackfemales.sotw.ChildOrder@2d2ffcb7, codingblackfemales.sotw.ChildOrder@762ef0ea, codingblackfemales.sotw.ChildOrder@31f9b85e, codingblackfemales.sotw.ChildOrder@424e1977]
active orders are [codingblackfemales.sotw.ChildOrder@26b3fd41, codingblackfemales.sotw.ChildOrder@7494f96a, codingblackfemales.sotw.ChildOrder@561b6512, codingblackfemales.sotw.ChildOrder@2e377400, codingblackfemales.sotw.ChildOrder@1757cd72, codingblackfemales.sotw.ChildOrder@445b295b, codingblackfemales.sotw.ChildOrder@49e5f737, codingblackfemales.sotw.ChildOrder@5c671d7f, codingblackfemales.sotw.ChildOrder@757277dc, codingblackfemales.sotw.ChildOrder@687e99d8, codingblackfemales.sotw.ChildOrder@e4487af, codingblackfemales.sotw.ChildOrder@6aaceffd, codingblackfemales.sotw.ChildOrder@c86b9e3, codingblackfemales.sotw.ChildOrder@10aa41f2, codingblackfemales.sotw.ChildOrder@3af9c5b7, codingblackfemales.sotw.ChildOrder@37271612, codingblackfemales.sotw.ChildOrder@ed7f8b4, codingblackfemales.sotw.ChildOrder@4c309d4d, codingblackfemales.sotw.ChildOrder@38102d01, codingblackfemales.sotw.ChildOrder@37883b97, codingblackfemales.sotw.ChildOrder@6ab778a, codingblackfemales.sotw.ChildOrder@4e3958e7, codingblackfemales.sotw.ChildOrder@77f80c04, codingblackfemales.sotw.ChildOrder@1dac5ef, codingblackfemales.sotw.ChildOrder@5c90e579, codingblackfemales.sotw.ChildOrder@58ea606c, codingblackfemales.sotw.ChildOrder@6f45df59, codingblackfemales.sotw.ChildOrder@38e79ae3, codingblackfemales.sotw.ChildOrder@63070bab, codingblackfemales.sotw.ChildOrder@68e5eea7, codingblackfemales.sotw.ChildOrder@291b4bf5, codingblackfemales.sotw.ChildOrder@2d2ffcb7, codingblackfemales.sotw.ChildOrder@762ef0ea, codingblackfemales.sotw.ChildOrder@31f9b85e, codingblackfemales.sotw.ChildOrder@424e1977]
16:02:30.517 [main] INFO  c.gettingstarted.MyAlgoLogic - [MYALGO] option is present active orders are:[codingblackfemales.sotw.ChildOrder@26b3fd41, codingblackfemales.sotw.ChildOrder@7494f96a, codingblackfemales.sotw.ChildOrder@561b6512, codingblackfemales.sotw.ChildOrder@2e377400, codingblackfemales.sotw.ChildOrder@1757cd72, codingblackfemales.sotw.ChildOrder@445b295b, codingblackfemales.sotw.ChildOrder@49e5f737, codingblackfemales.sotw.ChildOrder@5c671d7f, codingblackfemales.sotw.ChildOrder@757277dc, codingblackfemales.sotw.ChildOrder@687e99d8, codingblackfemales.sotw.ChildOrder@e4487af, codingblackfemales.sotw.ChildOrder@6aaceffd, codingblackfemales.sotw.ChildOrder@c86b9e3, codingblackfemales.sotw.ChildOrder@10aa41f2, codingblackfemales.sotw.ChildOrder@3af9c5b7, codingblackfemales.sotw.ChildOrder@37271612, codingblackfemales.sotw.ChildOrder@ed7f8b4, codingblackfemales.sotw.ChildOrder@4c309d4d, codingblackfemales.sotw.ChildOrder@38102d01, codingblackfemales.sotw.ChildOrder@37883b97, codingblackfemales.sotw.ChildOrder@6ab778a, codingblackfemales.sotw.ChildOrder@4e3958e7, codingblackfemales.sotw.ChildOrder@77f80c04, codingblackfemales.sotw.ChildOrder@1dac5ef, codingblackfemales.sotw.ChildOrder@5c90e579, codingblackfemales.sotw.ChildOrder@58ea606c, codingblackfemales.sotw.ChildOrder@6f45df59, codingblackfemales.sotw.ChildOrder@38e79ae3, codingblackfemales.sotw.ChildOrder@63070bab, codingblackfemales.sotw.ChildOrder@68e5eea7, codingblackfemales.sotw.ChildOrder@291b4bf5, codingblackfemales.sotw.ChildOrder@2d2ffcb7, codingblackfemales.sotw.ChildOrder@762ef0ea, codingblackfemales.sotw.ChildOrder@31f9b85e, codingblackfemales.sotw.ChildOrder@424e1977]
option is present.
16:02:30.517 [main] INFO  c.gettingstarted.MyAlgoLogic - [MYALGO] Cancelling order:codingblackfemales.sotw.ChildOrder@26b3fd41
child order is codingblackfemales.sotw.ChildOrder@26b3fd41
Child order is cancelled.
16:02:30.517 [main] INFO  c.container.Actioner - [ALGO] Actioner, sending action:CancelChildOrder(codingblackfemales.sotw.ChildOrder@26b3fd41)
16:02:30.517 [main] INFO  c.sequencer.consumer.LoggingConsumer - [112] [CancelOrder](sbeTemplateId=5|sbeSchemaId=2|sbeSchemaVersion=0|sbeBlockLength=8):orderId=12
16:02:30.517 [main] INFO  c.orderbook.OrderBook - [ORDERBOOK] Cancelling order (id=:12)
16:02:30.517 [main] DEBUG c.o.v.ReadOnlyMarketDataChannelPublishVisitor - Bid Side Size: 3
16:02:30.517 [main] DEBUG c.o.v.ReadOnlyMarketDataChannelPublishVisitor - Adding Mkt Data Msg BID: Price=98 Qty=100
16:02:30.517 [main] DEBUG c.o.v.ReadOnlyMarketDataChannelPublishVisitor - Adding Mkt Data Msg BID: Price=95 Qty=200
16:02:30.517 [main] DEBUG c.o.v.ReadOnlyMarketDataChannelPublishVisitor - Adding Mkt Data Msg BID: Price=91 Qty=300
16:02:30.517 [main] DEBUG c.o.v.ReadOnlyMarketDataChannelPublishVisitor - Ask Side Size: 2
16:02:30.517 [main] DEBUG c.o.v.ReadOnlyMarketDataChannelPublishVisitor - Adding Mkt Data Msg ASK: Price=115 Qty=3390
16:02:30.517 [main] DEBUG c.o.v.ReadOnlyMarketDataChannelPublishVisitor - Adding Mkt Data Msg ASK: Price=119 Qty=5600
16:02:30.517 [main] INFO  c.o.channel.MarketDataChannel - [ORDERBOOK] Sending market data update...
16:02:30.517 [main] INFO  c.sequencer.consumer.LoggingConsumer - [113] 
|----BID-----|
    100 @ 98
    200 @ 95
    300 @ 91
|----ASK-----|
  3390 @ 115
  5600 @ 119

16:02:30.518 [main] DEBUG c.service.MarketDataService - [ALGO] BID: price:98 quantity:100
16:02:30.518 [main] DEBUG c.service.MarketDataService - [ALGO] BID: price:95 quantity:200
16:02:30.518 [main] DEBUG c.service.MarketDataService - [ALGO] BID: price:91 quantity:300
16:02:30.518 [main] DEBUG c.service.MarketDataService - [ALGO] ASK: price:115 quantity:3390
16:02:30.518 [main] DEBUG c.service.MarketDataService - [ALGO] ASK: price:119 quantity:5600
16:02:30.518 [main] INFO  c.gettingstarted.MyAlgoLogic - [MYALGO] In Algo Logic.... HeLlO
16:02:30.518 [main] INFO  c.gettingstarted.MyAlgoLogic - [MYALGO] The state of the order book is:
|----BID-----||----ASK----|
    100 @ 98  3390 @ 115
    200 @ 95  5600 @ 119
    300 @ 91          - 
|------------||-----------|

total order count is45
16:02:30.518 [main] INFO  c.gettingstarted.MyAlgoLogic - [MYALGO] option is present total order count is45
16:02:30.518 [main] INFO  c.gettingstarted.MyAlgoLogic - [MYALGO] option is present, active orders are [codingblackfemales.sotw.ChildOrder@7494f96a, codingblackfemales.sotw.ChildOrder@561b6512, codingblackfemales.sotw.ChildOrder@2e377400, codingblackfemales.sotw.ChildOrder@1757cd72, codingblackfemales.sotw.ChildOrder@445b295b, codingblackfemales.sotw.ChildOrder@49e5f737, codingblackfemales.sotw.ChildOrder@5c671d7f, codingblackfemales.sotw.ChildOrder@757277dc, codingblackfemales.sotw.ChildOrder@687e99d8, codingblackfemales.sotw.ChildOrder@e4487af, codingblackfemales.sotw.ChildOrder@6aaceffd, codingblackfemales.sotw.ChildOrder@c86b9e3, codingblackfemales.sotw.ChildOrder@10aa41f2, codingblackfemales.sotw.ChildOrder@3af9c5b7, codingblackfemales.sotw.ChildOrder@37271612, codingblackfemales.sotw.ChildOrder@ed7f8b4, codingblackfemales.sotw.ChildOrder@4c309d4d, codingblackfemales.sotw.ChildOrder@38102d01, codingblackfemales.sotw.ChildOrder@37883b97, codingblackfemales.sotw.ChildOrder@6ab778a, codingblackfemales.sotw.ChildOrder@4e3958e7, codingblackfemales.sotw.ChildOrder@77f80c04, codingblackfemales.sotw.ChildOrder@1dac5ef, codingblackfemales.sotw.ChildOrder@5c90e579, codingblackfemales.sotw.ChildOrder@58ea606c, codingblackfemales.sotw.ChildOrder@6f45df59, codingblackfemales.sotw.ChildOrder@38e79ae3, codingblackfemales.sotw.ChildOrder@63070bab, codingblackfemales.sotw.ChildOrder@68e5eea7, codingblackfemales.sotw.ChildOrder@291b4bf5, codingblackfemales.sotw.ChildOrder@2d2ffcb7, codingblackfemales.sotw.ChildOrder@762ef0ea, codingblackfemales.sotw.ChildOrder@31f9b85e, codingblackfemales.sotw.ChildOrder@424e1977]
active orders are [codingblackfemales.sotw.ChildOrder@7494f96a, codingblackfemales.sotw.ChildOrder@561b6512, codingblackfemales.sotw.ChildOrder@2e377400, codingblackfemales.sotw.ChildOrder@1757cd72, codingblackfemales.sotw.ChildOrder@445b295b, codingblackfemales.sotw.ChildOrder@49e5f737, codingblackfemales.sotw.ChildOrder@5c671d7f, codingblackfemales.sotw.ChildOrder@757277dc, codingblackfemales.sotw.ChildOrder@687e99d8, codingblackfemales.sotw.ChildOrder@e4487af, codingblackfemales.sotw.ChildOrder@6aaceffd, codingblackfemales.sotw.ChildOrder@c86b9e3, codingblackfemales.sotw.ChildOrder@10aa41f2, codingblackfemales.sotw.ChildOrder@3af9c5b7, codingblackfemales.sotw.ChildOrder@37271612, codingblackfemales.sotw.ChildOrder@ed7f8b4, codingblackfemales.sotw.ChildOrder@4c309d4d, codingblackfemales.sotw.ChildOrder@38102d01, codingblackfemales.sotw.ChildOrder@37883b97, codingblackfemales.sotw.ChildOrder@6ab778a, codingblackfemales.sotw.ChildOrder@4e3958e7, codingblackfemales.sotw.ChildOrder@77f80c04, codingblackfemales.sotw.ChildOrder@1dac5ef, codingblackfemales.sotw.ChildOrder@5c90e579, codingblackfemales.sotw.ChildOrder@58ea606c, codingblackfemales.sotw.ChildOrder@6f45df59, codingblackfemales.sotw.ChildOrder@38e79ae3, codingblackfemales.sotw.ChildOrder@63070bab, codingblackfemales.sotw.ChildOrder@68e5eea7, codingblackfemales.sotw.ChildOrder@291b4bf5, codingblackfemales.sotw.ChildOrder@2d2ffcb7, codingblackfemales.sotw.ChildOrder@762ef0ea, codingblackfemales.sotw.ChildOrder@31f9b85e, codingblackfemales.sotw.ChildOrder@424e1977]
16:02:30.518 [main] INFO  c.gettingstarted.MyAlgoLogic - [MYALGO] option is present active orders are:[codingblackfemales.sotw.ChildOrder@7494f96a, codingblackfemales.sotw.ChildOrder@561b6512, codingblackfemales.sotw.ChildOrder@2e377400, codingblackfemales.sotw.ChildOrder@1757cd72, codingblackfemales.sotw.ChildOrder@445b295b, codingblackfemales.sotw.ChildOrder@49e5f737, codingblackfemales.sotw.ChildOrder@5c671d7f, codingblackfemales.sotw.ChildOrder@757277dc, codingblackfemales.sotw.ChildOrder@687e99d8, codingblackfemales.sotw.ChildOrder@e4487af, codingblackfemales.sotw.ChildOrder@6aaceffd, codingblackfemales.sotw.ChildOrder@c86b9e3, codingblackfemales.sotw.ChildOrder@10aa41f2, codingblackfemales.sotw.ChildOrder@3af9c5b7, codingblackfemales.sotw.ChildOrder@37271612, codingblackfemales.sotw.ChildOrder@ed7f8b4, codingblackfemales.sotw.ChildOrder@4c309d4d, codingblackfemales.sotw.ChildOrder@38102d01, codingblackfemales.sotw.ChildOrder@37883b97, codingblackfemales.sotw.ChildOrder@6ab778a, codingblackfemales.sotw.ChildOrder@4e3958e7, codingblackfemales.sotw.ChildOrder@77f80c04, codingblackfemales.sotw.ChildOrder@1dac5ef, codingblackfemales.sotw.ChildOrder@5c90e579, codingblackfemales.sotw.ChildOrder@58ea606c, codingblackfemales.sotw.ChildOrder@6f45df59, codingblackfemales.sotw.ChildOrder@38e79ae3, codingblackfemales.sotw.ChildOrder@63070bab, codingblackfemales.sotw.ChildOrder@68e5eea7, codingblackfemales.sotw.ChildOrder@291b4bf5, codingblackfemales.sotw.ChildOrder@2d2ffcb7, codingblackfemales.sotw.ChildOrder@762ef0ea, codingblackfemales.sotw.ChildOrder@31f9b85e, codingblackfemales.sotw.ChildOrder@424e1977]
option is present.
16:02:30.518 [main] INFO  c.gettingstarted.MyAlgoLogic - [MYALGO] Cancelling order:codingblackfemales.sotw.ChildOrder@7494f96a
child order is codingblackfemales.sotw.ChildOrder@7494f96a
Child order is cancelled.
16:02:30.518 [main] INFO  c.container.Actioner - [ALGO] Actioner, sending action:CancelChildOrder(codingblackfemales.sotw.ChildOrder@7494f96a)
16:02:30.518 [main] INFO  c.sequencer.consumer.LoggingConsumer - [114] [CancelOrder](sbeTemplateId=5|sbeSchemaId=2|sbeSchemaVersion=0|sbeBlockLength=8):orderId=13
16:02:30.518 [main] INFO  c.orderbook.OrderBook - [ORDERBOOK] Cancelling order (id=:13)
16:02:30.518 [main] DEBUG c.o.v.ReadOnlyMarketDataChannelPublishVisitor - Bid Side Size: 3
16:02:30.518 [main] DEBUG c.o.v.ReadOnlyMarketDataChannelPublishVisitor - Adding Mkt Data Msg BID: Price=98 Qty=100
16:02:30.518 [main] DEBUG c.o.v.ReadOnlyMarketDataChannelPublishVisitor - Adding Mkt Data Msg BID: Price=95 Qty=200
16:02:30.518 [main] DEBUG c.o.v.ReadOnlyMarketDataChannelPublishVisitor - Adding Mkt Data Msg BID: Price=91 Qty=300
16:02:30.518 [main] DEBUG c.o.v.ReadOnlyMarketDataChannelPublishVisitor - Ask Side Size: 2
16:02:30.518 [main] DEBUG c.o.v.ReadOnlyMarketDataChannelPublishVisitor - Adding Mkt Data Msg ASK: Price=115 Qty=3390
16:02:30.518 [main] DEBUG c.o.v.ReadOnlyMarketDataChannelPublishVisitor - Adding Mkt Data Msg ASK: Price=119 Qty=5600
16:02:30.518 [main] INFO  c.o.channel.MarketDataChannel - [ORDERBOOK] Sending market data update...
16:02:30.518 [main] INFO  c.sequencer.consumer.LoggingConsumer - [115] 
|----BID-----|
    100 @ 98
    200 @ 95
    300 @ 91
|----ASK-----|
  3390 @ 115
  5600 @ 119

16:02:30.518 [main] DEBUG c.service.MarketDataService - [ALGO] BID: price:98 quantity:100
16:02:30.518 [main] DEBUG c.service.MarketDataService - [ALGO] BID: price:95 quantity:200
16:02:30.518 [main] DEBUG c.service.MarketDataService - [ALGO] BID: price:91 quantity:300
16:02:30.518 [main] DEBUG c.service.MarketDataService - [ALGO] ASK: price:115 quantity:3390
16:02:30.518 [main] DEBUG c.service.MarketDataService - [ALGO] ASK: price:119 quantity:5600
16:02:30.518 [main] INFO  c.gettingstarted.MyAlgoLogic - [MYALGO] In Algo Logic.... HeLlO
16:02:30.518 [main] INFO  c.gettingstarted.MyAlgoLogic - [MYALGO] The state of the order book is:
|----BID-----||----ASK----|
    100 @ 98  3390 @ 115
    200 @ 95  5600 @ 119
    300 @ 91          - 
|------------||-----------|

total order count is45
16:02:30.519 [main] INFO  c.gettingstarted.MyAlgoLogic - [MYALGO] option is present total order count is45
16:02:30.519 [main] INFO  c.gettingstarted.MyAlgoLogic - [MYALGO] option is present, active orders are [codingblackfemales.sotw.ChildOrder@561b6512, codingblackfemales.sotw.ChildOrder@2e377400, codingblackfemales.sotw.ChildOrder@1757cd72, codingblackfemales.sotw.ChildOrder@445b295b, codingblackfemales.sotw.ChildOrder@49e5f737, codingblackfemales.sotw.ChildOrder@5c671d7f, codingblackfemales.sotw.ChildOrder@757277dc, codingblackfemales.sotw.ChildOrder@687e99d8, codingblackfemales.sotw.ChildOrder@e4487af, codingblackfemales.sotw.ChildOrder@6aaceffd, codingblackfemales.sotw.ChildOrder@c86b9e3, codingblackfemales.sotw.ChildOrder@10aa41f2, codingblackfemales.sotw.ChildOrder@3af9c5b7, codingblackfemales.sotw.ChildOrder@37271612, codingblackfemales.sotw.ChildOrder@ed7f8b4, codingblackfemales.sotw.ChildOrder@4c309d4d, codingblackfemales.sotw.ChildOrder@38102d01, codingblackfemales.sotw.ChildOrder@37883b97, codingblackfemales.sotw.ChildOrder@6ab778a, codingblackfemales.sotw.ChildOrder@4e3958e7, codingblackfemales.sotw.ChildOrder@77f80c04, codingblackfemales.sotw.ChildOrder@1dac5ef, codingblackfemales.sotw.ChildOrder@5c90e579, codingblackfemales.sotw.ChildOrder@58ea606c, codingblackfemales.sotw.ChildOrder@6f45df59, codingblackfemales.sotw.ChildOrder@38e79ae3, codingblackfemales.sotw.ChildOrder@63070bab, codingblackfemales.sotw.ChildOrder@68e5eea7, codingblackfemales.sotw.ChildOrder@291b4bf5, codingblackfemales.sotw.ChildOrder@2d2ffcb7, codingblackfemales.sotw.ChildOrder@762ef0ea, codingblackfemales.sotw.ChildOrder@31f9b85e, codingblackfemales.sotw.ChildOrder@424e1977]
active orders are [codingblackfemales.sotw.ChildOrder@561b6512, codingblackfemales.sotw.ChildOrder@2e377400, codingblackfemales.sotw.ChildOrder@1757cd72, codingblackfemales.sotw.ChildOrder@445b295b, codingblackfemales.sotw.ChildOrder@49e5f737, codingblackfemales.sotw.ChildOrder@5c671d7f, codingblackfemales.sotw.ChildOrder@757277dc, codingblackfemales.sotw.ChildOrder@687e99d8, codingblackfemales.sotw.ChildOrder@e4487af, codingblackfemales.sotw.ChildOrder@6aaceffd, codingblackfemales.sotw.ChildOrder@c86b9e3, codingblackfemales.sotw.ChildOrder@10aa41f2, codingblackfemales.sotw.ChildOrder@3af9c5b7, codingblackfemales.sotw.ChildOrder@37271612, codingblackfemales.sotw.ChildOrder@ed7f8b4, codingblackfemales.sotw.ChildOrder@4c309d4d, codingblackfemales.sotw.ChildOrder@38102d01, codingblackfemales.sotw.ChildOrder@37883b97, codingblackfemales.sotw.ChildOrder@6ab778a, codingblackfemales.sotw.ChildOrder@4e3958e7, codingblackfemales.sotw.ChildOrder@77f80c04, codingblackfemales.sotw.ChildOrder@1dac5ef, codingblackfemales.sotw.ChildOrder@5c90e579, codingblackfemales.sotw.ChildOrder@58ea606c, codingblackfemales.sotw.ChildOrder@6f45df59, codingblackfemales.sotw.ChildOrder@38e79ae3, codingblackfemales.sotw.ChildOrder@63070bab, codingblackfemales.sotw.ChildOrder@68e5eea7, codingblackfemales.sotw.ChildOrder@291b4bf5, codingblackfemales.sotw.ChildOrder@2d2ffcb7, codingblackfemales.sotw.ChildOrder@762ef0ea, codingblackfemales.sotw.ChildOrder@31f9b85e, codingblackfemales.sotw.ChildOrder@424e1977]
16:02:30.519 [main] INFO  c.gettingstarted.MyAlgoLogic - [MYALGO] option is present active orders are:[codingblackfemales.sotw.ChildOrder@561b6512, codingblackfemales.sotw.ChildOrder@2e377400, codingblackfemales.sotw.ChildOrder@1757cd72, codingblackfemales.sotw.ChildOrder@445b295b, codingblackfemales.sotw.ChildOrder@49e5f737, codingblackfemales.sotw.ChildOrder@5c671d7f, codingblackfemales.sotw.ChildOrder@757277dc, codingblackfemales.sotw.ChildOrder@687e99d8, codingblackfemales.sotw.ChildOrder@e4487af, codingblackfemales.sotw.ChildOrder@6aaceffd, codingblackfemales.sotw.ChildOrder@c86b9e3, codingblackfemales.sotw.ChildOrder@10aa41f2, codingblackfemales.sotw.ChildOrder@3af9c5b7, codingblackfemales.sotw.ChildOrder@37271612, codingblackfemales.sotw.ChildOrder@ed7f8b4, codingblackfemales.sotw.ChildOrder@4c309d4d, codingblackfemales.sotw.ChildOrder@38102d01, codingblackfemales.sotw.ChildOrder@37883b97, codingblackfemales.sotw.ChildOrder@6ab778a, codingblackfemales.sotw.ChildOrder@4e3958e7, codingblackfemales.sotw.ChildOrder@77f80c04, codingblackfemales.sotw.ChildOrder@1dac5ef, codingblackfemales.sotw.ChildOrder@5c90e579, codingblackfemales.sotw.ChildOrder@58ea606c, codingblackfemales.sotw.ChildOrder@6f45df59, codingblackfemales.sotw.ChildOrder@38e79ae3, codingblackfemales.sotw.ChildOrder@63070bab, codingblackfemales.sotw.ChildOrder@68e5eea7, codingblackfemales.sotw.ChildOrder@291b4bf5, codingblackfemales.sotw.ChildOrder@2d2ffcb7, codingblackfemales.sotw.ChildOrder@762ef0ea, codingblackfemales.sotw.ChildOrder@31f9b85e, codingblackfemales.sotw.ChildOrder@424e1977]
option is present.
16:02:30.519 [main] INFO  c.gettingstarted.MyAlgoLogic - [MYALGO] Cancelling order:codingblackfemales.sotw.ChildOrder@561b6512
child order is codingblackfemales.sotw.ChildOrder@561b6512
Child order is cancelled.
16:02:30.519 [main] INFO  c.container.Actioner - [ALGO] Actioner, sending action:CancelChildOrder(codingblackfemales.sotw.ChildOrder@561b6512)
16:02:30.519 [main] INFO  c.sequencer.consumer.LoggingConsumer - [116] [CancelOrder](sbeTemplateId=5|sbeSchemaId=2|sbeSchemaVersion=0|sbeBlockLength=8):orderId=14
16:02:30.519 [main] INFO  c.orderbook.OrderBook - [ORDERBOOK] Cancelling order (id=:14)
16:02:30.519 [main] DEBUG c.o.v.ReadOnlyMarketDataChannelPublishVisitor - Bid Side Size: 3
16:02:30.519 [main] DEBUG c.o.v.ReadOnlyMarketDataChannelPublishVisitor - Adding Mkt Data Msg BID: Price=98 Qty=100
16:02:30.519 [main] DEBUG c.o.v.ReadOnlyMarketDataChannelPublishVisitor - Adding Mkt Data Msg BID: Price=95 Qty=200
16:02:30.519 [main] DEBUG c.o.v.ReadOnlyMarketDataChannelPublishVisitor - Adding Mkt Data Msg BID: Price=91 Qty=300
16:02:30.519 [main] DEBUG c.o.v.ReadOnlyMarketDataChannelPublishVisitor - Ask Side Size: 2
16:02:30.519 [main] DEBUG c.o.v.ReadOnlyMarketDataChannelPublishVisitor - Adding Mkt Data Msg ASK: Price=115 Qty=3390
16:02:30.519 [main] DEBUG c.o.v.ReadOnlyMarketDataChannelPublishVisitor - Adding Mkt Data Msg ASK: Price=119 Qty=5600
16:02:30.519 [main] INFO  c.o.channel.MarketDataChannel - [ORDERBOOK] Sending market data update...
16:02:30.519 [main] INFO  c.sequencer.consumer.LoggingConsumer - [117] 
|----BID-----|
    100 @ 98
    200 @ 95
    300 @ 91
|----ASK-----|
  3390 @ 115
  5600 @ 119

16:02:30.519 [main] DEBUG c.service.MarketDataService - [ALGO] BID: price:98 quantity:100
16:02:30.519 [main] DEBUG c.service.MarketDataService - [ALGO] BID: price:95 quantity:200
16:02:30.519 [main] DEBUG c.service.MarketDataService - [ALGO] BID: price:91 quantity:300
16:02:30.519 [main] DEBUG c.service.MarketDataService - [ALGO] ASK: price:115 quantity:3390
16:02:30.519 [main] DEBUG c.service.MarketDataService - [ALGO] ASK: price:119 quantity:5600
16:02:30.519 [main] INFO  c.gettingstarted.MyAlgoLogic - [MYALGO] In Algo Logic.... HeLlO
16:02:30.519 [main] INFO  c.gettingstarted.MyAlgoLogic - [MYALGO] The state of the order book is:
|----BID-----||----ASK----|
    100 @ 98  3390 @ 115
    200 @ 95  5600 @ 119
    300 @ 91          - 
|------------||-----------|

total order count is45
16:02:30.519 [main] INFO  c.gettingstarted.MyAlgoLogic - [MYALGO] option is present total order count is45
16:02:30.520 [main] INFO  c.gettingstarted.MyAlgoLogic - [MYALGO] option is present, active orders are [codingblackfemales.sotw.ChildOrder@2e377400, codingblackfemales.sotw.ChildOrder@1757cd72, codingblackfemales.sotw.ChildOrder@445b295b, codingblackfemales.sotw.ChildOrder@49e5f737, codingblackfemales.sotw.ChildOrder@5c671d7f, codingblackfemales.sotw.ChildOrder@757277dc, codingblackfemales.sotw.ChildOrder@687e99d8, codingblackfemales.sotw.ChildOrder@e4487af, codingblackfemales.sotw.ChildOrder@6aaceffd, codingblackfemales.sotw.ChildOrder@c86b9e3, codingblackfemales.sotw.ChildOrder@10aa41f2, codingblackfemales.sotw.ChildOrder@3af9c5b7, codingblackfemales.sotw.ChildOrder@37271612, codingblackfemales.sotw.ChildOrder@ed7f8b4, codingblackfemales.sotw.ChildOrder@4c309d4d, codingblackfemales.sotw.ChildOrder@38102d01, codingblackfemales.sotw.ChildOrder@37883b97, codingblackfemales.sotw.ChildOrder@6ab778a, codingblackfemales.sotw.ChildOrder@4e3958e7, codingblackfemales.sotw.ChildOrder@77f80c04, codingblackfemales.sotw.ChildOrder@1dac5ef, codingblackfemales.sotw.ChildOrder@5c90e579, codingblackfemales.sotw.ChildOrder@58ea606c, codingblackfemales.sotw.ChildOrder@6f45df59, codingblackfemales.sotw.ChildOrder@38e79ae3, codingblackfemales.sotw.ChildOrder@63070bab, codingblackfemales.sotw.ChildOrder@68e5eea7, codingblackfemales.sotw.ChildOrder@291b4bf5, codingblackfemales.sotw.ChildOrder@2d2ffcb7, codingblackfemales.sotw.ChildOrder@762ef0ea, codingblackfemales.sotw.ChildOrder@31f9b85e, codingblackfemales.sotw.ChildOrder@424e1977]
active orders are [codingblackfemales.sotw.ChildOrder@2e377400, codingblackfemales.sotw.ChildOrder@1757cd72, codingblackfemales.sotw.ChildOrder@445b295b, codingblackfemales.sotw.ChildOrder@49e5f737, codingblackfemales.sotw.ChildOrder@5c671d7f, codingblackfemales.sotw.ChildOrder@757277dc, codingblackfemales.sotw.ChildOrder@687e99d8, codingblackfemales.sotw.ChildOrder@e4487af, codingblackfemales.sotw.ChildOrder@6aaceffd, codingblackfemales.sotw.ChildOrder@c86b9e3, codingblackfemales.sotw.ChildOrder@10aa41f2, codingblackfemales.sotw.ChildOrder@3af9c5b7, codingblackfemales.sotw.ChildOrder@37271612, codingblackfemales.sotw.ChildOrder@ed7f8b4, codingblackfemales.sotw.ChildOrder@4c309d4d, codingblackfemales.sotw.ChildOrder@38102d01, codingblackfemales.sotw.ChildOrder@37883b97, codingblackfemales.sotw.ChildOrder@6ab778a, codingblackfemales.sotw.ChildOrder@4e3958e7, codingblackfemales.sotw.ChildOrder@77f80c04, codingblackfemales.sotw.ChildOrder@1dac5ef, codingblackfemales.sotw.ChildOrder@5c90e579, codingblackfemales.sotw.ChildOrder@58ea606c, codingblackfemales.sotw.ChildOrder@6f45df59, codingblackfemales.sotw.ChildOrder@38e79ae3, codingblackfemales.sotw.ChildOrder@63070bab, codingblackfemales.sotw.ChildOrder@68e5eea7, codingblackfemales.sotw.ChildOrder@291b4bf5, codingblackfemales.sotw.ChildOrder@2d2ffcb7, codingblackfemales.sotw.ChildOrder@762ef0ea, codingblackfemales.sotw.ChildOrder@31f9b85e, codingblackfemales.sotw.ChildOrder@424e1977]
16:02:30.520 [main] INFO  c.gettingstarted.MyAlgoLogic - [MYALGO] option is present active orders are:[codingblackfemales.sotw.ChildOrder@2e377400, codingblackfemales.sotw.ChildOrder@1757cd72, codingblackfemales.sotw.ChildOrder@445b295b, codingblackfemales.sotw.ChildOrder@49e5f737, codingblackfemales.sotw.ChildOrder@5c671d7f, codingblackfemales.sotw.ChildOrder@757277dc, codingblackfemales.sotw.ChildOrder@687e99d8, codingblackfemales.sotw.ChildOrder@e4487af, codingblackfemales.sotw.ChildOrder@6aaceffd, codingblackfemales.sotw.ChildOrder@c86b9e3, codingblackfemales.sotw.ChildOrder@10aa41f2, codingblackfemales.sotw.ChildOrder@3af9c5b7, codingblackfemales.sotw.ChildOrder@37271612, codingblackfemales.sotw.ChildOrder@ed7f8b4, codingblackfemales.sotw.ChildOrder@4c309d4d, codingblackfemales.sotw.ChildOrder@38102d01, codingblackfemales.sotw.ChildOrder@37883b97, codingblackfemales.sotw.ChildOrder@6ab778a, codingblackfemales.sotw.ChildOrder@4e3958e7, codingblackfemales.sotw.ChildOrder@77f80c04, codingblackfemales.sotw.ChildOrder@1dac5ef, codingblackfemales.sotw.ChildOrder@5c90e579, codingblackfemales.sotw.ChildOrder@58ea606c, codingblackfemales.sotw.ChildOrder@6f45df59, codingblackfemales.sotw.ChildOrder@38e79ae3, codingblackfemales.sotw.ChildOrder@63070bab, codingblackfemales.sotw.ChildOrder@68e5eea7, codingblackfemales.sotw.ChildOrder@291b4bf5, codingblackfemales.sotw.ChildOrder@2d2ffcb7, codingblackfemales.sotw.ChildOrder@762ef0ea, codingblackfemales.sotw.ChildOrder@31f9b85e, codingblackfemales.sotw.ChildOrder@424e1977]
option is present.
16:02:30.520 [main] INFO  c.gettingstarted.MyAlgoLogic - [MYALGO] Cancelling order:codingblackfemales.sotw.ChildOrder@2e377400
child order is codingblackfemales.sotw.ChildOrder@2e377400
Child order is cancelled.
16:02:30.520 [main] INFO  c.container.Actioner - [ALGO] Actioner, sending action:CancelChildOrder(codingblackfemales.sotw.ChildOrder@2e377400)
16:02:30.521 [main] INFO  c.sequencer.consumer.LoggingConsumer - [118] [CancelOrder](sbeTemplateId=5|sbeSchemaId=2|sbeSchemaVersion=0|sbeBlockLength=8):orderId=15
16:02:30.521 [main] INFO  c.orderbook.OrderBook - [ORDERBOOK] Cancelling order (id=:15)
16:02:30.521 [main] DEBUG c.o.v.ReadOnlyMarketDataChannelPublishVisitor - Bid Side Size: 3
16:02:30.521 [main] DEBUG c.o.v.ReadOnlyMarketDataChannelPublishVisitor - Adding Mkt Data Msg BID: Price=98 Qty=100
16:02:30.521 [main] DEBUG c.o.v.ReadOnlyMarketDataChannelPublishVisitor - Adding Mkt Data Msg BID: Price=95 Qty=200
16:02:30.521 [main] DEBUG c.o.v.ReadOnlyMarketDataChannelPublishVisitor - Adding Mkt Data Msg BID: Price=91 Qty=300
16:02:30.521 [main] DEBUG c.o.v.ReadOnlyMarketDataChannelPublishVisitor - Ask Side Size: 2
16:02:30.522 [main] DEBUG c.o.v.ReadOnlyMarketDataChannelPublishVisitor - Adding Mkt Data Msg ASK: Price=115 Qty=3390
16:02:30.523 [main] DEBUG c.o.v.ReadOnlyMarketDataChannelPublishVisitor - Adding Mkt Data Msg ASK: Price=119 Qty=5600
16:02:30.523 [main] INFO  c.o.channel.MarketDataChannel - [ORDERBOOK] Sending market data update...
16:02:30.523 [main] INFO  c.sequencer.consumer.LoggingConsumer - [119] 
|----BID-----|
    100 @ 98
    200 @ 95
    300 @ 91
|----ASK-----|
  3390 @ 115
  5600 @ 119

16:02:30.523 [main] DEBUG c.service.MarketDataService - [ALGO] BID: price:98 quantity:100
16:02:30.523 [main] DEBUG c.service.MarketDataService - [ALGO] BID: price:95 quantity:200
16:02:30.523 [main] DEBUG c.service.MarketDataService - [ALGO] BID: price:91 quantity:300
16:02:30.523 [main] DEBUG c.service.MarketDataService - [ALGO] ASK: price:115 quantity:3390
16:02:30.523 [main] DEBUG c.service.MarketDataService - [ALGO] ASK: price:119 quantity:5600
16:02:30.523 [main] INFO  c.gettingstarted.MyAlgoLogic - [MYALGO] In Algo Logic.... HeLlO
16:02:30.523 [main] INFO  c.gettingstarted.MyAlgoLogic - [MYALGO] The state of the order book is:
|----BID-----||----ASK----|
    100 @ 98  3390 @ 115
    200 @ 95  5600 @ 119
    300 @ 91          - 
|------------||-----------|

total order count is45
16:02:30.523 [main] INFO  c.gettingstarted.MyAlgoLogic - [MYALGO] option is present total order count is45
16:02:30.523 [main] INFO  c.gettingstarted.MyAlgoLogic - [MYALGO] option is present, active orders are [codingblackfemales.sotw.ChildOrder@1757cd72, codingblackfemales.sotw.ChildOrder@445b295b, codingblackfemales.sotw.ChildOrder@49e5f737, codingblackfemales.sotw.ChildOrder@5c671d7f, codingblackfemales.sotw.ChildOrder@757277dc, codingblackfemales.sotw.ChildOrder@687e99d8, codingblackfemales.sotw.ChildOrder@e4487af, codingblackfemales.sotw.ChildOrder@6aaceffd, codingblackfemales.sotw.ChildOrder@c86b9e3, codingblackfemales.sotw.ChildOrder@10aa41f2, codingblackfemales.sotw.ChildOrder@3af9c5b7, codingblackfemales.sotw.ChildOrder@37271612, codingblackfemales.sotw.ChildOrder@ed7f8b4, codingblackfemales.sotw.ChildOrder@4c309d4d, codingblackfemales.sotw.ChildOrder@38102d01, codingblackfemales.sotw.ChildOrder@37883b97, codingblackfemales.sotw.ChildOrder@6ab778a, codingblackfemales.sotw.ChildOrder@4e3958e7, codingblackfemales.sotw.ChildOrder@77f80c04, codingblackfemales.sotw.ChildOrder@1dac5ef, codingblackfemales.sotw.ChildOrder@5c90e579, codingblackfemales.sotw.ChildOrder@58ea606c, codingblackfemales.sotw.ChildOrder@6f45df59, codingblackfemales.sotw.ChildOrder@38e79ae3, codingblackfemales.sotw.ChildOrder@63070bab, codingblackfemales.sotw.ChildOrder@68e5eea7, codingblackfemales.sotw.ChildOrder@291b4bf5, codingblackfemales.sotw.ChildOrder@2d2ffcb7, codingblackfemales.sotw.ChildOrder@762ef0ea, codingblackfemales.sotw.ChildOrder@31f9b85e, codingblackfemales.sotw.ChildOrder@424e1977]
active orders are [codingblackfemales.sotw.ChildOrder@1757cd72, codingblackfemales.sotw.ChildOrder@445b295b, codingblackfemales.sotw.ChildOrder@49e5f737, codingblackfemales.sotw.ChildOrder@5c671d7f, codingblackfemales.sotw.ChildOrder@757277dc, codingblackfemales.sotw.ChildOrder@687e99d8, codingblackfemales.sotw.ChildOrder@e4487af, codingblackfemales.sotw.ChildOrder@6aaceffd, codingblackfemales.sotw.ChildOrder@c86b9e3, codingblackfemales.sotw.ChildOrder@10aa41f2, codingblackfemales.sotw.ChildOrder@3af9c5b7, codingblackfemales.sotw.ChildOrder@37271612, codingblackfemales.sotw.ChildOrder@ed7f8b4, codingblackfemales.sotw.ChildOrder@4c309d4d, codingblackfemales.sotw.ChildOrder@38102d01, codingblackfemales.sotw.ChildOrder@37883b97, codingblackfemales.sotw.ChildOrder@6ab778a, codingblackfemales.sotw.ChildOrder@4e3958e7, codingblackfemales.sotw.ChildOrder@77f80c04, codingblackfemales.sotw.ChildOrder@1dac5ef, codingblackfemales.sotw.ChildOrder@5c90e579, codingblackfemales.sotw.ChildOrder@58ea606c, codingblackfemales.sotw.ChildOrder@6f45df59, codingblackfemales.sotw.ChildOrder@38e79ae3, codingblackfemales.sotw.ChildOrder@63070bab, codingblackfemales.sotw.ChildOrder@68e5eea7, codingblackfemales.sotw.ChildOrder@291b4bf5, codingblackfemales.sotw.ChildOrder@2d2ffcb7, codingblackfemales.sotw.ChildOrder@762ef0ea, codingblackfemales.sotw.ChildOrder@31f9b85e, codingblackfemales.sotw.ChildOrder@424e1977]
16:02:30.523 [main] INFO  c.gettingstarted.MyAlgoLogic - [MYALGO] option is present active orders are:[codingblackfemales.sotw.ChildOrder@1757cd72, codingblackfemales.sotw.ChildOrder@445b295b, codingblackfemales.sotw.ChildOrder@49e5f737, codingblackfemales.sotw.ChildOrder@5c671d7f, codingblackfemales.sotw.ChildOrder@757277dc, codingblackfemales.sotw.ChildOrder@687e99d8, codingblackfemales.sotw.ChildOrder@e4487af, codingblackfemales.sotw.ChildOrder@6aaceffd, codingblackfemales.sotw.ChildOrder@c86b9e3, codingblackfemales.sotw.ChildOrder@10aa41f2, codingblackfemales.sotw.ChildOrder@3af9c5b7, codingblackfemales.sotw.ChildOrder@37271612, codingblackfemales.sotw.ChildOrder@ed7f8b4, codingblackfemales.sotw.ChildOrder@4c309d4d, codingblackfemales.sotw.ChildOrder@38102d01, codingblackfemales.sotw.ChildOrder@37883b97, codingblackfemales.sotw.ChildOrder@6ab778a, codingblackfemales.sotw.ChildOrder@4e3958e7, codingblackfemales.sotw.ChildOrder@77f80c04, codingblackfemales.sotw.ChildOrder@1dac5ef, codingblackfemales.sotw.ChildOrder@5c90e579, codingblackfemales.sotw.ChildOrder@58ea606c, codingblackfemales.sotw.ChildOrder@6f45df59, codingblackfemales.sotw.ChildOrder@38e79ae3, codingblackfemales.sotw.ChildOrder@63070bab, codingblackfemales.sotw.ChildOrder@68e5eea7, codingblackfemales.sotw.ChildOrder@291b4bf5, codingblackfemales.sotw.ChildOrder@2d2ffcb7, codingblackfemales.sotw.ChildOrder@762ef0ea, codingblackfemales.sotw.ChildOrder@31f9b85e, codingblackfemales.sotw.ChildOrder@424e1977]
option is present.
16:02:30.523 [main] INFO  c.gettingstarted.MyAlgoLogic - [MYALGO] Cancelling order:codingblackfemales.sotw.ChildOrder@1757cd72
child order is codingblackfemales.sotw.ChildOrder@1757cd72
Child order is cancelled.
16:02:30.523 [main] INFO  c.container.Actioner - [ALGO] Actioner, sending action:CancelChildOrder(codingblackfemales.sotw.ChildOrder@1757cd72)
16:02:30.524 [main] INFO  c.sequencer.consumer.LoggingConsumer - [120] [CancelOrder](sbeTemplateId=5|sbeSchemaId=2|sbeSchemaVersion=0|sbeBlockLength=8):orderId=16
16:02:30.524 [main] INFO  c.orderbook.OrderBook - [ORDERBOOK] Cancelling order (id=:16)
16:02:30.524 [main] DEBUG c.o.v.ReadOnlyMarketDataChannelPublishVisitor - Bid Side Size: 3
16:02:30.524 [main] DEBUG c.o.v.ReadOnlyMarketDataChannelPublishVisitor - Adding Mkt Data Msg BID: Price=98 Qty=100
16:02:30.524 [main] DEBUG c.o.v.ReadOnlyMarketDataChannelPublishVisitor - Adding Mkt Data Msg BID: Price=95 Qty=200
16:02:30.524 [main] DEBUG c.o.v.ReadOnlyMarketDataChannelPublishVisitor - Adding Mkt Data Msg BID: Price=91 Qty=300
16:02:30.524 [main] DEBUG c.o.v.ReadOnlyMarketDataChannelPublishVisitor - Ask Side Size: 2
16:02:30.524 [main] DEBUG c.o.v.ReadOnlyMarketDataChannelPublishVisitor - Adding Mkt Data Msg ASK: Price=115 Qty=3390
16:02:30.524 [main] DEBUG c.o.v.ReadOnlyMarketDataChannelPublishVisitor - Adding Mkt Data Msg ASK: Price=119 Qty=5600
16:02:30.524 [main] INFO  c.o.channel.MarketDataChannel - [ORDERBOOK] Sending market data update...
16:02:30.524 [main] INFO  c.sequencer.consumer.LoggingConsumer - [121] 
|----BID-----|
    100 @ 98
    200 @ 95
    300 @ 91
|----ASK-----|
  3390 @ 115
  5600 @ 119

16:02:30.524 [main] DEBUG c.service.MarketDataService - [ALGO] BID: price:98 quantity:100
16:02:30.524 [main] DEBUG c.service.MarketDataService - [ALGO] BID: price:95 quantity:200
16:02:30.524 [main] DEBUG c.service.MarketDataService - [ALGO] BID: price:91 quantity:300
16:02:30.524 [main] DEBUG c.service.MarketDataService - [ALGO] ASK: price:115 quantity:3390
16:02:30.524 [main] DEBUG c.service.MarketDataService - [ALGO] ASK: price:119 quantity:5600
16:02:30.524 [main] INFO  c.gettingstarted.MyAlgoLogic - [MYALGO] In Algo Logic.... HeLlO
16:02:30.524 [main] INFO  c.gettingstarted.MyAlgoLogic - [MYALGO] The state of the order book is:
|----BID-----||----ASK----|
    100 @ 98  3390 @ 115
    200 @ 95  5600 @ 119
    300 @ 91          - 
|------------||-----------|

total order count is45
16:02:30.524 [main] INFO  c.gettingstarted.MyAlgoLogic - [MYALGO] option is present total order count is45
16:02:30.524 [main] INFO  c.gettingstarted.MyAlgoLogic - [MYALGO] option is present, active orders are [codingblackfemales.sotw.ChildOrder@445b295b, codingblackfemales.sotw.ChildOrder@49e5f737, codingblackfemales.sotw.ChildOrder@5c671d7f, codingblackfemales.sotw.ChildOrder@757277dc, codingblackfemales.sotw.ChildOrder@687e99d8, codingblackfemales.sotw.ChildOrder@e4487af, codingblackfemales.sotw.ChildOrder@6aaceffd, codingblackfemales.sotw.ChildOrder@c86b9e3, codingblackfemales.sotw.ChildOrder@10aa41f2, codingblackfemales.sotw.ChildOrder@3af9c5b7, codingblackfemales.sotw.ChildOrder@37271612, codingblackfemales.sotw.ChildOrder@ed7f8b4, codingblackfemales.sotw.ChildOrder@4c309d4d, codingblackfemales.sotw.ChildOrder@38102d01, codingblackfemales.sotw.ChildOrder@37883b97, codingblackfemales.sotw.ChildOrder@6ab778a, codingblackfemales.sotw.ChildOrder@4e3958e7, codingblackfemales.sotw.ChildOrder@77f80c04, codingblackfemales.sotw.ChildOrder@1dac5ef, codingblackfemales.sotw.ChildOrder@5c90e579, codingblackfemales.sotw.ChildOrder@58ea606c, codingblackfemales.sotw.ChildOrder@6f45df59, codingblackfemales.sotw.ChildOrder@38e79ae3, codingblackfemales.sotw.ChildOrder@63070bab, codingblackfemales.sotw.ChildOrder@68e5eea7, codingblackfemales.sotw.ChildOrder@291b4bf5, codingblackfemales.sotw.ChildOrder@2d2ffcb7, codingblackfemales.sotw.ChildOrder@762ef0ea, codingblackfemales.sotw.ChildOrder@31f9b85e, codingblackfemales.sotw.ChildOrder@424e1977]
active orders are [codingblackfemales.sotw.ChildOrder@445b295b, codingblackfemales.sotw.ChildOrder@49e5f737, codingblackfemales.sotw.ChildOrder@5c671d7f, codingblackfemales.sotw.ChildOrder@757277dc, codingblackfemales.sotw.ChildOrder@687e99d8, codingblackfemales.sotw.ChildOrder@e4487af, codingblackfemales.sotw.ChildOrder@6aaceffd, codingblackfemales.sotw.ChildOrder@c86b9e3, codingblackfemales.sotw.ChildOrder@10aa41f2, codingblackfemales.sotw.ChildOrder@3af9c5b7, codingblackfemales.sotw.ChildOrder@37271612, codingblackfemales.sotw.ChildOrder@ed7f8b4, codingblackfemales.sotw.ChildOrder@4c309d4d, codingblackfemales.sotw.ChildOrder@38102d01, codingblackfemales.sotw.ChildOrder@37883b97, codingblackfemales.sotw.ChildOrder@6ab778a, codingblackfemales.sotw.ChildOrder@4e3958e7, codingblackfemales.sotw.ChildOrder@77f80c04, codingblackfemales.sotw.ChildOrder@1dac5ef, codingblackfemales.sotw.ChildOrder@5c90e579, codingblackfemales.sotw.ChildOrder@58ea606c, codingblackfemales.sotw.ChildOrder@6f45df59, codingblackfemales.sotw.ChildOrder@38e79ae3, codingblackfemales.sotw.ChildOrder@63070bab, codingblackfemales.sotw.ChildOrder@68e5eea7, codingblackfemales.sotw.ChildOrder@291b4bf5, codingblackfemales.sotw.ChildOrder@2d2ffcb7, codingblackfemales.sotw.ChildOrder@762ef0ea, codingblackfemales.sotw.ChildOrder@31f9b85e, codingblackfemales.sotw.ChildOrder@424e1977]
16:02:30.524 [main] INFO  c.gettingstarted.MyAlgoLogic - [MYALGO] option is present active orders are:[codingblackfemales.sotw.ChildOrder@445b295b, codingblackfemales.sotw.ChildOrder@49e5f737, codingblackfemales.sotw.ChildOrder@5c671d7f, codingblackfemales.sotw.ChildOrder@757277dc, codingblackfemales.sotw.ChildOrder@687e99d8, codingblackfemales.sotw.ChildOrder@e4487af, codingblackfemales.sotw.ChildOrder@6aaceffd, codingblackfemales.sotw.ChildOrder@c86b9e3, codingblackfemales.sotw.ChildOrder@10aa41f2, codingblackfemales.sotw.ChildOrder@3af9c5b7, codingblackfemales.sotw.ChildOrder@37271612, codingblackfemales.sotw.ChildOrder@ed7f8b4, codingblackfemales.sotw.ChildOrder@4c309d4d, codingblackfemales.sotw.ChildOrder@38102d01, codingblackfemales.sotw.ChildOrder@37883b97, codingblackfemales.sotw.ChildOrder@6ab778a, codingblackfemales.sotw.ChildOrder@4e3958e7, codingblackfemales.sotw.ChildOrder@77f80c04, codingblackfemales.sotw.ChildOrder@1dac5ef, codingblackfemales.sotw.ChildOrder@5c90e579, codingblackfemales.sotw.ChildOrder@58ea606c, codingblackfemales.sotw.ChildOrder@6f45df59, codingblackfemales.sotw.ChildOrder@38e79ae3, codingblackfemales.sotw.ChildOrder@63070bab, codingblackfemales.sotw.ChildOrder@68e5eea7, codingblackfemales.sotw.ChildOrder@291b4bf5, codingblackfemales.sotw.ChildOrder@2d2ffcb7, codingblackfemales.sotw.ChildOrder@762ef0ea, codingblackfemales.sotw.ChildOrder@31f9b85e, codingblackfemales.sotw.ChildOrder@424e1977]
option is present.
16:02:30.524 [main] INFO  c.gettingstarted.MyAlgoLogic - [MYALGO] Cancelling order:codingblackfemales.sotw.ChildOrder@445b295b
child order is codingblackfemales.sotw.ChildOrder@445b295b
Child order is cancelled.
16:02:30.524 [main] INFO  c.container.Actioner - [ALGO] Actioner, sending action:CancelChildOrder(codingblackfemales.sotw.ChildOrder@445b295b)
16:02:30.524 [main] INFO  c.sequencer.consumer.LoggingConsumer - [122] [CancelOrder](sbeTemplateId=5|sbeSchemaId=2|sbeSchemaVersion=0|sbeBlockLength=8):orderId=17
16:02:30.525 [main] INFO  c.orderbook.OrderBook - [ORDERBOOK] Cancelling order (id=:17)
16:02:30.525 [main] DEBUG c.o.v.ReadOnlyMarketDataChannelPublishVisitor - Bid Side Size: 3
16:02:30.525 [main] DEBUG c.o.v.ReadOnlyMarketDataChannelPublishVisitor - Adding Mkt Data Msg BID: Price=98 Qty=100
16:02:30.525 [main] DEBUG c.o.v.ReadOnlyMarketDataChannelPublishVisitor - Adding Mkt Data Msg BID: Price=95 Qty=200
16:02:30.525 [main] DEBUG c.o.v.ReadOnlyMarketDataChannelPublishVisitor - Adding Mkt Data Msg BID: Price=91 Qty=300
16:02:30.525 [main] DEBUG c.o.v.ReadOnlyMarketDataChannelPublishVisitor - Ask Side Size: 2
16:02:30.525 [main] DEBUG c.o.v.ReadOnlyMarketDataChannelPublishVisitor - Adding Mkt Data Msg ASK: Price=115 Qty=3390
16:02:30.525 [main] DEBUG c.o.v.ReadOnlyMarketDataChannelPublishVisitor - Adding Mkt Data Msg ASK: Price=119 Qty=5600
16:02:30.525 [main] INFO  c.o.channel.MarketDataChannel - [ORDERBOOK] Sending market data update...
16:02:30.525 [main] INFO  c.sequencer.consumer.LoggingConsumer - [123] 
|----BID-----|
    100 @ 98
    200 @ 95
    300 @ 91
|----ASK-----|
  3390 @ 115
  5600 @ 119

16:02:30.525 [main] DEBUG c.service.MarketDataService - [ALGO] BID: price:98 quantity:100
16:02:30.525 [main] DEBUG c.service.MarketDataService - [ALGO] BID: price:95 quantity:200
16:02:30.525 [main] DEBUG c.service.MarketDataService - [ALGO] BID: price:91 quantity:300
16:02:30.525 [main] DEBUG c.service.MarketDataService - [ALGO] ASK: price:115 quantity:3390
16:02:30.525 [main] DEBUG c.service.MarketDataService - [ALGO] ASK: price:119 quantity:5600
16:02:30.525 [main] INFO  c.gettingstarted.MyAlgoLogic - [MYALGO] In Algo Logic.... HeLlO
16:02:30.526 [main] INFO  c.gettingstarted.MyAlgoLogic - [MYALGO] The state of the order book is:
|----BID-----||----ASK----|
    100 @ 98  3390 @ 115
    200 @ 95  5600 @ 119
    300 @ 91          - 
|------------||-----------|

total order count is45
16:02:30.526 [main] INFO  c.gettingstarted.MyAlgoLogic - [MYALGO] option is present total order count is45
16:02:30.526 [main] INFO  c.gettingstarted.MyAlgoLogic - [MYALGO] option is present, active orders are [codingblackfemales.sotw.ChildOrder@49e5f737, codingblackfemales.sotw.ChildOrder@5c671d7f, codingblackfemales.sotw.ChildOrder@757277dc, codingblackfemales.sotw.ChildOrder@687e99d8, codingblackfemales.sotw.ChildOrder@e4487af, codingblackfemales.sotw.ChildOrder@6aaceffd, codingblackfemales.sotw.ChildOrder@c86b9e3, codingblackfemales.sotw.ChildOrder@10aa41f2, codingblackfemales.sotw.ChildOrder@3af9c5b7, codingblackfemales.sotw.ChildOrder@37271612, codingblackfemales.sotw.ChildOrder@ed7f8b4, codingblackfemales.sotw.ChildOrder@4c309d4d, codingblackfemales.sotw.ChildOrder@38102d01, codingblackfemales.sotw.ChildOrder@37883b97, codingblackfemales.sotw.ChildOrder@6ab778a, codingblackfemales.sotw.ChildOrder@4e3958e7, codingblackfemales.sotw.ChildOrder@77f80c04, codingblackfemales.sotw.ChildOrder@1dac5ef, codingblackfemales.sotw.ChildOrder@5c90e579, codingblackfemales.sotw.ChildOrder@58ea606c, codingblackfemales.sotw.ChildOrder@6f45df59, codingblackfemales.sotw.ChildOrder@38e79ae3, codingblackfemales.sotw.ChildOrder@63070bab, codingblackfemales.sotw.ChildOrder@68e5eea7, codingblackfemales.sotw.ChildOrder@291b4bf5, codingblackfemales.sotw.ChildOrder@2d2ffcb7, codingblackfemales.sotw.ChildOrder@762ef0ea, codingblackfemales.sotw.ChildOrder@31f9b85e, codingblackfemales.sotw.ChildOrder@424e1977]
active orders are [codingblackfemales.sotw.ChildOrder@49e5f737, codingblackfemales.sotw.ChildOrder@5c671d7f, codingblackfemales.sotw.ChildOrder@757277dc, codingblackfemales.sotw.ChildOrder@687e99d8, codingblackfemales.sotw.ChildOrder@e4487af, codingblackfemales.sotw.ChildOrder@6aaceffd, codingblackfemales.sotw.ChildOrder@c86b9e3, codingblackfemales.sotw.ChildOrder@10aa41f2, codingblackfemales.sotw.ChildOrder@3af9c5b7, codingblackfemales.sotw.ChildOrder@37271612, codingblackfemales.sotw.ChildOrder@ed7f8b4, codingblackfemales.sotw.ChildOrder@4c309d4d, codingblackfemales.sotw.ChildOrder@38102d01, codingblackfemales.sotw.ChildOrder@37883b97, codingblackfemales.sotw.ChildOrder@6ab778a, codingblackfemales.sotw.ChildOrder@4e3958e7, codingblackfemales.sotw.ChildOrder@77f80c04, codingblackfemales.sotw.ChildOrder@1dac5ef, codingblackfemales.sotw.ChildOrder@5c90e579, codingblackfemales.sotw.ChildOrder@58ea606c, codingblackfemales.sotw.ChildOrder@6f45df59, codingblackfemales.sotw.ChildOrder@38e79ae3, codingblackfemales.sotw.ChildOrder@63070bab, codingblackfemales.sotw.ChildOrder@68e5eea7, codingblackfemales.sotw.ChildOrder@291b4bf5, codingblackfemales.sotw.ChildOrder@2d2ffcb7, codingblackfemales.sotw.ChildOrder@762ef0ea, codingblackfemales.sotw.ChildOrder@31f9b85e, codingblackfemales.sotw.ChildOrder@424e1977]
16:02:30.526 [main] INFO  c.gettingstarted.MyAlgoLogic - [MYALGO] option is present active orders are:[codingblackfemales.sotw.ChildOrder@49e5f737, codingblackfemales.sotw.ChildOrder@5c671d7f, codingblackfemales.sotw.ChildOrder@757277dc, codingblackfemales.sotw.ChildOrder@687e99d8, codingblackfemales.sotw.ChildOrder@e4487af, codingblackfemales.sotw.ChildOrder@6aaceffd, codingblackfemales.sotw.ChildOrder@c86b9e3, codingblackfemales.sotw.ChildOrder@10aa41f2, codingblackfemales.sotw.ChildOrder@3af9c5b7, codingblackfemales.sotw.ChildOrder@37271612, codingblackfemales.sotw.ChildOrder@ed7f8b4, codingblackfemales.sotw.ChildOrder@4c309d4d, codingblackfemales.sotw.ChildOrder@38102d01, codingblackfemales.sotw.ChildOrder@37883b97, codingblackfemales.sotw.ChildOrder@6ab778a, codingblackfemales.sotw.ChildOrder@4e3958e7, codingblackfemales.sotw.ChildOrder@77f80c04, codingblackfemales.sotw.ChildOrder@1dac5ef, codingblackfemales.sotw.ChildOrder@5c90e579, codingblackfemales.sotw.ChildOrder@58ea606c, codingblackfemales.sotw.ChildOrder@6f45df59, codingblackfemales.sotw.ChildOrder@38e79ae3, codingblackfemales.sotw.ChildOrder@63070bab, codingblackfemales.sotw.ChildOrder@68e5eea7, codingblackfemales.sotw.ChildOrder@291b4bf5, codingblackfemales.sotw.ChildOrder@2d2ffcb7, codingblackfemales.sotw.ChildOrder@762ef0ea, codingblackfemales.sotw.ChildOrder@31f9b85e, codingblackfemales.sotw.ChildOrder@424e1977]
option is present.
16:02:30.526 [main] INFO  c.gettingstarted.MyAlgoLogic - [MYALGO] Cancelling order:codingblackfemales.sotw.ChildOrder@49e5f737
child order is codingblackfemales.sotw.ChildOrder@49e5f737
Child order is cancelled.
16:02:30.526 [main] INFO  c.container.Actioner - [ALGO] Actioner, sending action:CancelChildOrder(codingblackfemales.sotw.ChildOrder@49e5f737)
16:02:30.526 [main] INFO  c.sequencer.consumer.LoggingConsumer - [124] [CancelOrder](sbeTemplateId=5|sbeSchemaId=2|sbeSchemaVersion=0|sbeBlockLength=8):orderId=18
16:02:30.526 [main] INFO  c.orderbook.OrderBook - [ORDERBOOK] Cancelling order (id=:18)
16:02:30.526 [main] DEBUG c.o.v.ReadOnlyMarketDataChannelPublishVisitor - Bid Side Size: 3
16:02:30.526 [main] DEBUG c.o.v.ReadOnlyMarketDataChannelPublishVisitor - Adding Mkt Data Msg BID: Price=98 Qty=100
16:02:30.526 [main] DEBUG c.o.v.ReadOnlyMarketDataChannelPublishVisitor - Adding Mkt Data Msg BID: Price=95 Qty=200
16:02:30.526 [main] DEBUG c.o.v.ReadOnlyMarketDataChannelPublishVisitor - Adding Mkt Data Msg BID: Price=91 Qty=300
16:02:30.526 [main] DEBUG c.o.v.ReadOnlyMarketDataChannelPublishVisitor - Ask Side Size: 2
16:02:30.526 [main] DEBUG c.o.v.ReadOnlyMarketDataChannelPublishVisitor - Adding Mkt Data Msg ASK: Price=115 Qty=3390
16:02:30.526 [main] DEBUG c.o.v.ReadOnlyMarketDataChannelPublishVisitor - Adding Mkt Data Msg ASK: Price=119 Qty=5600
16:02:30.526 [main] INFO  c.o.channel.MarketDataChannel - [ORDERBOOK] Sending market data update...
16:02:30.531 [main] INFO  c.sequencer.consumer.LoggingConsumer - [125] 
|----BID-----|
    100 @ 98
    200 @ 95
    300 @ 91
|----ASK-----|
  3390 @ 115
  5600 @ 119

16:02:30.532 [main] DEBUG c.service.MarketDataService - [ALGO] BID: price:98 quantity:100
16:02:30.532 [main] DEBUG c.service.MarketDataService - [ALGO] BID: price:95 quantity:200
16:02:30.532 [main] DEBUG c.service.MarketDataService - [ALGO] BID: price:91 quantity:300
16:02:30.532 [main] DEBUG c.service.MarketDataService - [ALGO] ASK: price:115 quantity:3390
16:02:30.532 [main] DEBUG c.service.MarketDataService - [ALGO] ASK: price:119 quantity:5600
16:02:30.532 [main] INFO  c.gettingstarted.MyAlgoLogic - [MYALGO] In Algo Logic.... HeLlO
16:02:30.532 [main] INFO  c.gettingstarted.MyAlgoLogic - [MYALGO] The state of the order book is:
|----BID-----||----ASK----|
    100 @ 98  3390 @ 115
    200 @ 95  5600 @ 119
    300 @ 91          - 
|------------||-----------|

total order count is45
16:02:30.533 [main] INFO  c.gettingstarted.MyAlgoLogic - [MYALGO] option is present total order count is45
16:02:30.533 [main] INFO  c.gettingstarted.MyAlgoLogic - [MYALGO] option is present, active orders are [codingblackfemales.sotw.ChildOrder@5c671d7f, codingblackfemales.sotw.ChildOrder@757277dc, codingblackfemales.sotw.ChildOrder@687e99d8, codingblackfemales.sotw.ChildOrder@e4487af, codingblackfemales.sotw.ChildOrder@6aaceffd, codingblackfemales.sotw.ChildOrder@c86b9e3, codingblackfemales.sotw.ChildOrder@10aa41f2, codingblackfemales.sotw.ChildOrder@3af9c5b7, codingblackfemales.sotw.ChildOrder@37271612, codingblackfemales.sotw.ChildOrder@ed7f8b4, codingblackfemales.sotw.ChildOrder@4c309d4d, codingblackfemales.sotw.ChildOrder@38102d01, codingblackfemales.sotw.ChildOrder@37883b97, codingblackfemales.sotw.ChildOrder@6ab778a, codingblackfemales.sotw.ChildOrder@4e3958e7, codingblackfemales.sotw.ChildOrder@77f80c04, codingblackfemales.sotw.ChildOrder@1dac5ef, codingblackfemales.sotw.ChildOrder@5c90e579, codingblackfemales.sotw.ChildOrder@58ea606c, codingblackfemales.sotw.ChildOrder@6f45df59, codingblackfemales.sotw.ChildOrder@38e79ae3, codingblackfemales.sotw.ChildOrder@63070bab, codingblackfemales.sotw.ChildOrder@68e5eea7, codingblackfemales.sotw.ChildOrder@291b4bf5, codingblackfemales.sotw.ChildOrder@2d2ffcb7, codingblackfemales.sotw.ChildOrder@762ef0ea, codingblackfemales.sotw.ChildOrder@31f9b85e, codingblackfemales.sotw.ChildOrder@424e1977]
active orders are [codingblackfemales.sotw.ChildOrder@5c671d7f, codingblackfemales.sotw.ChildOrder@757277dc, codingblackfemales.sotw.ChildOrder@687e99d8, codingblackfemales.sotw.ChildOrder@e4487af, codingblackfemales.sotw.ChildOrder@6aaceffd, codingblackfemales.sotw.ChildOrder@c86b9e3, codingblackfemales.sotw.ChildOrder@10aa41f2, codingblackfemales.sotw.ChildOrder@3af9c5b7, codingblackfemales.sotw.ChildOrder@37271612, codingblackfemales.sotw.ChildOrder@ed7f8b4, codingblackfemales.sotw.ChildOrder@4c309d4d, codingblackfemales.sotw.ChildOrder@38102d01, codingblackfemales.sotw.ChildOrder@37883b97, codingblackfemales.sotw.ChildOrder@6ab778a, codingblackfemales.sotw.ChildOrder@4e3958e7, codingblackfemales.sotw.ChildOrder@77f80c04, codingblackfemales.sotw.ChildOrder@1dac5ef, codingblackfemales.sotw.ChildOrder@5c90e579, codingblackfemales.sotw.ChildOrder@58ea606c, codingblackfemales.sotw.ChildOrder@6f45df59, codingblackfemales.sotw.ChildOrder@38e79ae3, codingblackfemales.sotw.ChildOrder@63070bab, codingblackfemales.sotw.ChildOrder@68e5eea7, codingblackfemales.sotw.ChildOrder@291b4bf5, codingblackfemales.sotw.ChildOrder@2d2ffcb7, codingblackfemales.sotw.ChildOrder@762ef0ea, codingblackfemales.sotw.ChildOrder@31f9b85e, codingblackfemales.sotw.ChildOrder@424e1977]
16:02:30.533 [main] INFO  c.gettingstarted.MyAlgoLogic - [MYALGO] option is present active orders are:[codingblackfemales.sotw.ChildOrder@5c671d7f, codingblackfemales.sotw.ChildOrder@757277dc, codingblackfemales.sotw.ChildOrder@687e99d8, codingblackfemales.sotw.ChildOrder@e4487af, codingblackfemales.sotw.ChildOrder@6aaceffd, codingblackfemales.sotw.ChildOrder@c86b9e3, codingblackfemales.sotw.ChildOrder@10aa41f2, codingblackfemales.sotw.ChildOrder@3af9c5b7, codingblackfemales.sotw.ChildOrder@37271612, codingblackfemales.sotw.ChildOrder@ed7f8b4, codingblackfemales.sotw.ChildOrder@4c309d4d, codingblackfemales.sotw.ChildOrder@38102d01, codingblackfemales.sotw.ChildOrder@37883b97, codingblackfemales.sotw.ChildOrder@6ab778a, codingblackfemales.sotw.ChildOrder@4e3958e7, codingblackfemales.sotw.ChildOrder@77f80c04, codingblackfemales.sotw.ChildOrder@1dac5ef, codingblackfemales.sotw.ChildOrder@5c90e579, codingblackfemales.sotw.ChildOrder@58ea606c, codingblackfemales.sotw.ChildOrder@6f45df59, codingblackfemales.sotw.ChildOrder@38e79ae3, codingblackfemales.sotw.ChildOrder@63070bab, codingblackfemales.sotw.ChildOrder@68e5eea7, codingblackfemales.sotw.ChildOrder@291b4bf5, codingblackfemales.sotw.ChildOrder@2d2ffcb7, codingblackfemales.sotw.ChildOrder@762ef0ea, codingblackfemales.sotw.ChildOrder@31f9b85e, codingblackfemales.sotw.ChildOrder@424e1977]
option is present.
16:02:30.533 [main] INFO  c.gettingstarted.MyAlgoLogic - [MYALGO] Cancelling order:codingblackfemales.sotw.ChildOrder@5c671d7f
child order is codingblackfemales.sotw.ChildOrder@5c671d7f
Child order is cancelled.
16:02:30.533 [main] INFO  c.container.Actioner - [ALGO] Actioner, sending action:CancelChildOrder(codingblackfemales.sotw.ChildOrder@5c671d7f)
16:02:30.533 [main] INFO  c.sequencer.consumer.LoggingConsumer - [126] [CancelOrder](sbeTemplateId=5|sbeSchemaId=2|sbeSchemaVersion=0|sbeBlockLength=8):orderId=19
16:02:30.533 [main] INFO  c.orderbook.OrderBook - [ORDERBOOK] Cancelling order (id=:19)
16:02:30.533 [main] DEBUG c.o.v.ReadOnlyMarketDataChannelPublishVisitor - Bid Side Size: 3
16:02:30.533 [main] DEBUG c.o.v.ReadOnlyMarketDataChannelPublishVisitor - Adding Mkt Data Msg BID: Price=98 Qty=100
16:02:30.533 [main] DEBUG c.o.v.ReadOnlyMarketDataChannelPublishVisitor - Adding Mkt Data Msg BID: Price=95 Qty=200
16:02:30.533 [main] DEBUG c.o.v.ReadOnlyMarketDataChannelPublishVisitor - Adding Mkt Data Msg BID: Price=91 Qty=300
16:02:30.533 [main] DEBUG c.o.v.ReadOnlyMarketDataChannelPublishVisitor - Ask Side Size: 2
16:02:30.533 [main] DEBUG c.o.v.ReadOnlyMarketDataChannelPublishVisitor - Adding Mkt Data Msg ASK: Price=115 Qty=3390
16:02:30.533 [main] DEBUG c.o.v.ReadOnlyMarketDataChannelPublishVisitor - Adding Mkt Data Msg ASK: Price=119 Qty=5600
16:02:30.533 [main] INFO  c.o.channel.MarketDataChannel - [ORDERBOOK] Sending market data update...
16:02:30.533 [main] INFO  c.sequencer.consumer.LoggingConsumer - [127] 
|----BID-----|
    100 @ 98
    200 @ 95
    300 @ 91
|----ASK-----|
  3390 @ 115
  5600 @ 119

16:02:30.533 [main] DEBUG c.service.MarketDataService - [ALGO] BID: price:98 quantity:100
16:02:30.533 [main] DEBUG c.service.MarketDataService - [ALGO] BID: price:95 quantity:200
16:02:30.533 [main] DEBUG c.service.MarketDataService - [ALGO] BID: price:91 quantity:300
16:02:30.533 [main] DEBUG c.service.MarketDataService - [ALGO] ASK: price:115 quantity:3390
16:02:30.533 [main] DEBUG c.service.MarketDataService - [ALGO] ASK: price:119 quantity:5600
16:02:30.533 [main] INFO  c.gettingstarted.MyAlgoLogic - [MYALGO] In Algo Logic.... HeLlO
16:02:30.533 [main] INFO  c.gettingstarted.MyAlgoLogic - [MYALGO] The state of the order book is:
|----BID-----||----ASK----|
    100 @ 98  3390 @ 115
    200 @ 95  5600 @ 119
    300 @ 91          - 
|------------||-----------|

total order count is45
16:02:30.533 [main] INFO  c.gettingstarted.MyAlgoLogic - [MYALGO] option is present total order count is45
16:02:30.533 [main] INFO  c.gettingstarted.MyAlgoLogic - [MYALGO] option is present, active orders are [codingblackfemales.sotw.ChildOrder@757277dc, codingblackfemales.sotw.ChildOrder@687e99d8, codingblackfemales.sotw.ChildOrder@e4487af, codingblackfemales.sotw.ChildOrder@6aaceffd, codingblackfemales.sotw.ChildOrder@c86b9e3, codingblackfemales.sotw.ChildOrder@10aa41f2, codingblackfemales.sotw.ChildOrder@3af9c5b7, codingblackfemales.sotw.ChildOrder@37271612, codingblackfemales.sotw.ChildOrder@ed7f8b4, codingblackfemales.sotw.ChildOrder@4c309d4d, codingblackfemales.sotw.ChildOrder@38102d01, codingblackfemales.sotw.ChildOrder@37883b97, codingblackfemales.sotw.ChildOrder@6ab778a, codingblackfemales.sotw.ChildOrder@4e3958e7, codingblackfemales.sotw.ChildOrder@77f80c04, codingblackfemales.sotw.ChildOrder@1dac5ef, codingblackfemales.sotw.ChildOrder@5c90e579, codingblackfemales.sotw.ChildOrder@58ea606c, codingblackfemales.sotw.ChildOrder@6f45df59, codingblackfemales.sotw.ChildOrder@38e79ae3, codingblackfemales.sotw.ChildOrder@63070bab, codingblackfemales.sotw.ChildOrder@68e5eea7, codingblackfemales.sotw.ChildOrder@291b4bf5, codingblackfemales.sotw.ChildOrder@2d2ffcb7, codingblackfemales.sotw.ChildOrder@762ef0ea, codingblackfemales.sotw.ChildOrder@31f9b85e, codingblackfemales.sotw.ChildOrder@424e1977]
active orders are [codingblackfemales.sotw.ChildOrder@757277dc, codingblackfemales.sotw.ChildOrder@687e99d8, codingblackfemales.sotw.ChildOrder@e4487af, codingblackfemales.sotw.ChildOrder@6aaceffd, codingblackfemales.sotw.ChildOrder@c86b9e3, codingblackfemales.sotw.ChildOrder@10aa41f2, codingblackfemales.sotw.ChildOrder@3af9c5b7, codingblackfemales.sotw.ChildOrder@37271612, codingblackfemales.sotw.ChildOrder@ed7f8b4, codingblackfemales.sotw.ChildOrder@4c309d4d, codingblackfemales.sotw.ChildOrder@38102d01, codingblackfemales.sotw.ChildOrder@37883b97, codingblackfemales.sotw.ChildOrder@6ab778a, codingblackfemales.sotw.ChildOrder@4e3958e7, codingblackfemales.sotw.ChildOrder@77f80c04, codingblackfemales.sotw.ChildOrder@1dac5ef, codingblackfemales.sotw.ChildOrder@5c90e579, codingblackfemales.sotw.ChildOrder@58ea606c, codingblackfemales.sotw.ChildOrder@6f45df59, codingblackfemales.sotw.ChildOrder@38e79ae3, codingblackfemales.sotw.ChildOrder@63070bab, codingblackfemales.sotw.ChildOrder@68e5eea7, codingblackfemales.sotw.ChildOrder@291b4bf5, codingblackfemales.sotw.ChildOrder@2d2ffcb7, codingblackfemales.sotw.ChildOrder@762ef0ea, codingblackfemales.sotw.ChildOrder@31f9b85e, codingblackfemales.sotw.ChildOrder@424e1977]
16:02:30.534 [main] INFO  c.gettingstarted.MyAlgoLogic - [MYALGO] option is present active orders are:[codingblackfemales.sotw.ChildOrder@757277dc, codingblackfemales.sotw.ChildOrder@687e99d8, codingblackfemales.sotw.ChildOrder@e4487af, codingblackfemales.sotw.ChildOrder@6aaceffd, codingblackfemales.sotw.ChildOrder@c86b9e3, codingblackfemales.sotw.ChildOrder@10aa41f2, codingblackfemales.sotw.ChildOrder@3af9c5b7, codingblackfemales.sotw.ChildOrder@37271612, codingblackfemales.sotw.ChildOrder@ed7f8b4, codingblackfemales.sotw.ChildOrder@4c309d4d, codingblackfemales.sotw.ChildOrder@38102d01, codingblackfemales.sotw.ChildOrder@37883b97, codingblackfemales.sotw.ChildOrder@6ab778a, codingblackfemales.sotw.ChildOrder@4e3958e7, codingblackfemales.sotw.ChildOrder@77f80c04, codingblackfemales.sotw.ChildOrder@1dac5ef, codingblackfemales.sotw.ChildOrder@5c90e579, codingblackfemales.sotw.ChildOrder@58ea606c, codingblackfemales.sotw.ChildOrder@6f45df59, codingblackfemales.sotw.ChildOrder@38e79ae3, codingblackfemales.sotw.ChildOrder@63070bab, codingblackfemales.sotw.ChildOrder@68e5eea7, codingblackfemales.sotw.ChildOrder@291b4bf5, codingblackfemales.sotw.ChildOrder@2d2ffcb7, codingblackfemales.sotw.ChildOrder@762ef0ea, codingblackfemales.sotw.ChildOrder@31f9b85e, codingblackfemales.sotw.ChildOrder@424e1977]
option is present.
16:02:30.534 [main] INFO  c.gettingstarted.MyAlgoLogic - [MYALGO] Cancelling order:codingblackfemales.sotw.ChildOrder@757277dc
child order is codingblackfemales.sotw.ChildOrder@757277dc
Child order is cancelled.
16:02:30.534 [main] INFO  c.container.Actioner - [ALGO] Actioner, sending action:CancelChildOrder(codingblackfemales.sotw.ChildOrder@757277dc)
16:02:30.534 [main] INFO  c.sequencer.consumer.LoggingConsumer - [128] [CancelOrder](sbeTemplateId=5|sbeSchemaId=2|sbeSchemaVersion=0|sbeBlockLength=8):orderId=20
16:02:30.534 [main] INFO  c.orderbook.OrderBook - [ORDERBOOK] Cancelling order (id=:20)
16:02:30.534 [main] DEBUG c.o.v.ReadOnlyMarketDataChannelPublishVisitor - Bid Side Size: 3
16:02:30.534 [main] DEBUG c.o.v.ReadOnlyMarketDataChannelPublishVisitor - Adding Mkt Data Msg BID: Price=98 Qty=100
16:02:30.534 [main] DEBUG c.o.v.ReadOnlyMarketDataChannelPublishVisitor - Adding Mkt Data Msg BID: Price=95 Qty=200
16:02:30.534 [main] DEBUG c.o.v.ReadOnlyMarketDataChannelPublishVisitor - Adding Mkt Data Msg BID: Price=91 Qty=300
16:02:30.534 [main] DEBUG c.o.v.ReadOnlyMarketDataChannelPublishVisitor - Ask Side Size: 2
16:02:30.534 [main] DEBUG c.o.v.ReadOnlyMarketDataChannelPublishVisitor - Adding Mkt Data Msg ASK: Price=115 Qty=3390
16:02:30.534 [main] DEBUG c.o.v.ReadOnlyMarketDataChannelPublishVisitor - Adding Mkt Data Msg ASK: Price=119 Qty=5600
16:02:30.534 [main] INFO  c.o.channel.MarketDataChannel - [ORDERBOOK] Sending market data update...
16:02:30.534 [main] INFO  c.sequencer.consumer.LoggingConsumer - [129] 
|----BID-----|
    100 @ 98
    200 @ 95
    300 @ 91
|----ASK-----|
  3390 @ 115
  5600 @ 119

16:02:30.534 [main] DEBUG c.service.MarketDataService - [ALGO] BID: price:98 quantity:100
16:02:30.534 [main] DEBUG c.service.MarketDataService - [ALGO] BID: price:95 quantity:200
16:02:30.534 [main] DEBUG c.service.MarketDataService - [ALGO] BID: price:91 quantity:300
16:02:30.534 [main] DEBUG c.service.MarketDataService - [ALGO] ASK: price:115 quantity:3390
16:02:30.534 [main] DEBUG c.service.MarketDataService - [ALGO] ASK: price:119 quantity:5600
16:02:30.534 [main] INFO  c.gettingstarted.MyAlgoLogic - [MYALGO] In Algo Logic.... HeLlO
16:02:30.534 [main] INFO  c.gettingstarted.MyAlgoLogic - [MYALGO] The state of the order book is:
|----BID-----||----ASK----|
    100 @ 98  3390 @ 115
    200 @ 95  5600 @ 119
    300 @ 91          - 
|------------||-----------|

total order count is45
16:02:30.534 [main] INFO  c.gettingstarted.MyAlgoLogic - [MYALGO] option is present total order count is45
16:02:30.534 [main] INFO  c.gettingstarted.MyAlgoLogic - [MYALGO] option is present, active orders are [codingblackfemales.sotw.ChildOrder@687e99d8, codingblackfemales.sotw.ChildOrder@e4487af, codingblackfemales.sotw.ChildOrder@6aaceffd, codingblackfemales.sotw.ChildOrder@c86b9e3, codingblackfemales.sotw.ChildOrder@10aa41f2, codingblackfemales.sotw.ChildOrder@3af9c5b7, codingblackfemales.sotw.ChildOrder@37271612, codingblackfemales.sotw.ChildOrder@ed7f8b4, codingblackfemales.sotw.ChildOrder@4c309d4d, codingblackfemales.sotw.ChildOrder@38102d01, codingblackfemales.sotw.ChildOrder@37883b97, codingblackfemales.sotw.ChildOrder@6ab778a, codingblackfemales.sotw.ChildOrder@4e3958e7, codingblackfemales.sotw.ChildOrder@77f80c04, codingblackfemales.sotw.ChildOrder@1dac5ef, codingblackfemales.sotw.ChildOrder@5c90e579, codingblackfemales.sotw.ChildOrder@58ea606c, codingblackfemales.sotw.ChildOrder@6f45df59, codingblackfemales.sotw.ChildOrder@38e79ae3, codingblackfemales.sotw.ChildOrder@63070bab, codingblackfemales.sotw.ChildOrder@68e5eea7, codingblackfemales.sotw.ChildOrder@291b4bf5, codingblackfemales.sotw.ChildOrder@2d2ffcb7, codingblackfemales.sotw.ChildOrder@762ef0ea, codingblackfemales.sotw.ChildOrder@31f9b85e, codingblackfemales.sotw.ChildOrder@424e1977]
active orders are [codingblackfemales.sotw.ChildOrder@687e99d8, codingblackfemales.sotw.ChildOrder@e4487af, codingblackfemales.sotw.ChildOrder@6aaceffd, codingblackfemales.sotw.ChildOrder@c86b9e3, codingblackfemales.sotw.ChildOrder@10aa41f2, codingblackfemales.sotw.ChildOrder@3af9c5b7, codingblackfemales.sotw.ChildOrder@37271612, codingblackfemales.sotw.ChildOrder@ed7f8b4, codingblackfemales.sotw.ChildOrder@4c309d4d, codingblackfemales.sotw.ChildOrder@38102d01, codingblackfemales.sotw.ChildOrder@37883b97, codingblackfemales.sotw.ChildOrder@6ab778a, codingblackfemales.sotw.ChildOrder@4e3958e7, codingblackfemales.sotw.ChildOrder@77f80c04, codingblackfemales.sotw.ChildOrder@1dac5ef, codingblackfemales.sotw.ChildOrder@5c90e579, codingblackfemales.sotw.ChildOrder@58ea606c, codingblackfemales.sotw.ChildOrder@6f45df59, codingblackfemales.sotw.ChildOrder@38e79ae3, codingblackfemales.sotw.ChildOrder@63070bab, codingblackfemales.sotw.ChildOrder@68e5eea7, codingblackfemales.sotw.ChildOrder@291b4bf5, codingblackfemales.sotw.ChildOrder@2d2ffcb7, codingblackfemales.sotw.ChildOrder@762ef0ea, codingblackfemales.sotw.ChildOrder@31f9b85e, codingblackfemales.sotw.ChildOrder@424e1977]
16:02:30.534 [main] INFO  c.gettingstarted.MyAlgoLogic - [MYALGO] option is present active orders are:[codingblackfemales.sotw.ChildOrder@687e99d8, codingblackfemales.sotw.ChildOrder@e4487af, codingblackfemales.sotw.ChildOrder@6aaceffd, codingblackfemales.sotw.ChildOrder@c86b9e3, codingblackfemales.sotw.ChildOrder@10aa41f2, codingblackfemales.sotw.ChildOrder@3af9c5b7, codingblackfemales.sotw.ChildOrder@37271612, codingblackfemales.sotw.ChildOrder@ed7f8b4, codingblackfemales.sotw.ChildOrder@4c309d4d, codingblackfemales.sotw.ChildOrder@38102d01, codingblackfemales.sotw.ChildOrder@37883b97, codingblackfemales.sotw.ChildOrder@6ab778a, codingblackfemales.sotw.ChildOrder@4e3958e7, codingblackfemales.sotw.ChildOrder@77f80c04, codingblackfemales.sotw.ChildOrder@1dac5ef, codingblackfemales.sotw.ChildOrder@5c90e579, codingblackfemales.sotw.ChildOrder@58ea606c, codingblackfemales.sotw.ChildOrder@6f45df59, codingblackfemales.sotw.ChildOrder@38e79ae3, codingblackfemales.sotw.ChildOrder@63070bab, codingblackfemales.sotw.ChildOrder@68e5eea7, codingblackfemales.sotw.ChildOrder@291b4bf5, codingblackfemales.sotw.ChildOrder@2d2ffcb7, codingblackfemales.sotw.ChildOrder@762ef0ea, codingblackfemales.sotw.ChildOrder@31f9b85e, codingblackfemales.sotw.ChildOrder@424e1977]
option is present.
16:02:30.534 [main] INFO  c.gettingstarted.MyAlgoLogic - [MYALGO] Cancelling order:codingblackfemales.sotw.ChildOrder@687e99d8
child order is codingblackfemales.sotw.ChildOrder@687e99d8
Child order is cancelled.
16:02:30.534 [main] INFO  c.container.Actioner - [ALGO] Actioner, sending action:CancelChildOrder(codingblackfemales.sotw.ChildOrder@687e99d8)
16:02:30.534 [main] INFO  c.sequencer.consumer.LoggingConsumer - [130] [CancelOrder](sbeTemplateId=5|sbeSchemaId=2|sbeSchemaVersion=0|sbeBlockLength=8):orderId=21
16:02:30.534 [main] INFO  c.orderbook.OrderBook - [ORDERBOOK] Cancelling order (id=:21)
16:02:30.534 [main] DEBUG c.o.v.ReadOnlyMarketDataChannelPublishVisitor - Bid Side Size: 3
16:02:30.534 [main] DEBUG c.o.v.ReadOnlyMarketDataChannelPublishVisitor - Adding Mkt Data Msg BID: Price=98 Qty=100
16:02:30.534 [main] DEBUG c.o.v.ReadOnlyMarketDataChannelPublishVisitor - Adding Mkt Data Msg BID: Price=95 Qty=200
16:02:30.534 [main] DEBUG c.o.v.ReadOnlyMarketDataChannelPublishVisitor - Adding Mkt Data Msg BID: Price=91 Qty=300
16:02:30.534 [main] DEBUG c.o.v.ReadOnlyMarketDataChannelPublishVisitor - Ask Side Size: 2
16:02:30.534 [main] DEBUG c.o.v.ReadOnlyMarketDataChannelPublishVisitor - Adding Mkt Data Msg ASK: Price=115 Qty=3390
16:02:30.534 [main] DEBUG c.o.v.ReadOnlyMarketDataChannelPublishVisitor - Adding Mkt Data Msg ASK: Price=119 Qty=5600
16:02:30.534 [main] INFO  c.o.channel.MarketDataChannel - [ORDERBOOK] Sending market data update...
16:02:30.534 [main] INFO  c.sequencer.consumer.LoggingConsumer - [131] 
|----BID-----|
    100 @ 98
    200 @ 95
    300 @ 91
|----ASK-----|
  3390 @ 115
  5600 @ 119

16:02:30.534 [main] DEBUG c.service.MarketDataService - [ALGO] BID: price:98 quantity:100
16:02:30.534 [main] DEBUG c.service.MarketDataService - [ALGO] BID: price:95 quantity:200
16:02:30.534 [main] DEBUG c.service.MarketDataService - [ALGO] BID: price:91 quantity:300
16:02:30.534 [main] DEBUG c.service.MarketDataService - [ALGO] ASK: price:115 quantity:3390
16:02:30.534 [main] DEBUG c.service.MarketDataService - [ALGO] ASK: price:119 quantity:5600
16:02:30.534 [main] INFO  c.gettingstarted.MyAlgoLogic - [MYALGO] In Algo Logic.... HeLlO
16:02:30.535 [main] INFO  c.gettingstarted.MyAlgoLogic - [MYALGO] The state of the order book is:
|----BID-----||----ASK----|
    100 @ 98  3390 @ 115
    200 @ 95  5600 @ 119
    300 @ 91          - 
|------------||-----------|

total order count is45
16:02:30.535 [main] INFO  c.gettingstarted.MyAlgoLogic - [MYALGO] option is present total order count is45
16:02:30.535 [main] INFO  c.gettingstarted.MyAlgoLogic - [MYALGO] option is present, active orders are [codingblackfemales.sotw.ChildOrder@e4487af, codingblackfemales.sotw.ChildOrder@6aaceffd, codingblackfemales.sotw.ChildOrder@c86b9e3, codingblackfemales.sotw.ChildOrder@10aa41f2, codingblackfemales.sotw.ChildOrder@3af9c5b7, codingblackfemales.sotw.ChildOrder@37271612, codingblackfemales.sotw.ChildOrder@ed7f8b4, codingblackfemales.sotw.ChildOrder@4c309d4d, codingblackfemales.sotw.ChildOrder@38102d01, codingblackfemales.sotw.ChildOrder@37883b97, codingblackfemales.sotw.ChildOrder@6ab778a, codingblackfemales.sotw.ChildOrder@4e3958e7, codingblackfemales.sotw.ChildOrder@77f80c04, codingblackfemales.sotw.ChildOrder@1dac5ef, codingblackfemales.sotw.ChildOrder@5c90e579, codingblackfemales.sotw.ChildOrder@58ea606c, codingblackfemales.sotw.ChildOrder@6f45df59, codingblackfemales.sotw.ChildOrder@38e79ae3, codingblackfemales.sotw.ChildOrder@63070bab, codingblackfemales.sotw.ChildOrder@68e5eea7, codingblackfemales.sotw.ChildOrder@291b4bf5, codingblackfemales.sotw.ChildOrder@2d2ffcb7, codingblackfemales.sotw.ChildOrder@762ef0ea, codingblackfemales.sotw.ChildOrder@31f9b85e, codingblackfemales.sotw.ChildOrder@424e1977]
active orders are [codingblackfemales.sotw.ChildOrder@e4487af, codingblackfemales.sotw.ChildOrder@6aaceffd, codingblackfemales.sotw.ChildOrder@c86b9e3, codingblackfemales.sotw.ChildOrder@10aa41f2, codingblackfemales.sotw.ChildOrder@3af9c5b7, codingblackfemales.sotw.ChildOrder@37271612, codingblackfemales.sotw.ChildOrder@ed7f8b4, codingblackfemales.sotw.ChildOrder@4c309d4d, codingblackfemales.sotw.ChildOrder@38102d01, codingblackfemales.sotw.ChildOrder@37883b97, codingblackfemales.sotw.ChildOrder@6ab778a, codingblackfemales.sotw.ChildOrder@4e3958e7, codingblackfemales.sotw.ChildOrder@77f80c04, codingblackfemales.sotw.ChildOrder@1dac5ef, codingblackfemales.sotw.ChildOrder@5c90e579, codingblackfemales.sotw.ChildOrder@58ea606c, codingblackfemales.sotw.ChildOrder@6f45df59, codingblackfemales.sotw.ChildOrder@38e79ae3, codingblackfemales.sotw.ChildOrder@63070bab, codingblackfemales.sotw.ChildOrder@68e5eea7, codingblackfemales.sotw.ChildOrder@291b4bf5, codingblackfemales.sotw.ChildOrder@2d2ffcb7, codingblackfemales.sotw.ChildOrder@762ef0ea, codingblackfemales.sotw.ChildOrder@31f9b85e, codingblackfemales.sotw.ChildOrder@424e1977]
16:02:30.536 [main] INFO  c.gettingstarted.MyAlgoLogic - [MYALGO] option is present active orders are:[codingblackfemales.sotw.ChildOrder@e4487af, codingblackfemales.sotw.ChildOrder@6aaceffd, codingblackfemales.sotw.ChildOrder@c86b9e3, codingblackfemales.sotw.ChildOrder@10aa41f2, codingblackfemales.sotw.ChildOrder@3af9c5b7, codingblackfemales.sotw.ChildOrder@37271612, codingblackfemales.sotw.ChildOrder@ed7f8b4, codingblackfemales.sotw.ChildOrder@4c309d4d, codingblackfemales.sotw.ChildOrder@38102d01, codingblackfemales.sotw.ChildOrder@37883b97, codingblackfemales.sotw.ChildOrder@6ab778a, codingblackfemales.sotw.ChildOrder@4e3958e7, codingblackfemales.sotw.ChildOrder@77f80c04, codingblackfemales.sotw.ChildOrder@1dac5ef, codingblackfemales.sotw.ChildOrder@5c90e579, codingblackfemales.sotw.ChildOrder@58ea606c, codingblackfemales.sotw.ChildOrder@6f45df59, codingblackfemales.sotw.ChildOrder@38e79ae3, codingblackfemales.sotw.ChildOrder@63070bab, codingblackfemales.sotw.ChildOrder@68e5eea7, codingblackfemales.sotw.ChildOrder@291b4bf5, codingblackfemales.sotw.ChildOrder@2d2ffcb7, codingblackfemales.sotw.ChildOrder@762ef0ea, codingblackfemales.sotw.ChildOrder@31f9b85e, codingblackfemales.sotw.ChildOrder@424e1977]
option is present.
16:02:30.536 [main] INFO  c.gettingstarted.MyAlgoLogic - [MYALGO] Cancelling order:codingblackfemales.sotw.ChildOrder@e4487af
child order is codingblackfemales.sotw.ChildOrder@e4487af
Child order is cancelled.
16:02:30.536 [main] INFO  c.container.Actioner - [ALGO] Actioner, sending action:CancelChildOrder(codingblackfemales.sotw.ChildOrder@e4487af)
16:02:30.536 [main] INFO  c.sequencer.consumer.LoggingConsumer - [132] [CancelOrder](sbeTemplateId=5|sbeSchemaId=2|sbeSchemaVersion=0|sbeBlockLength=8):orderId=22
16:02:30.536 [main] INFO  c.orderbook.OrderBook - [ORDERBOOK] Cancelling order (id=:22)
16:02:30.536 [main] DEBUG c.o.v.ReadOnlyMarketDataChannelPublishVisitor - Bid Side Size: 3
16:02:30.536 [main] DEBUG c.o.v.ReadOnlyMarketDataChannelPublishVisitor - Adding Mkt Data Msg BID: Price=98 Qty=100
16:02:30.536 [main] DEBUG c.o.v.ReadOnlyMarketDataChannelPublishVisitor - Adding Mkt Data Msg BID: Price=95 Qty=200
16:02:30.536 [main] DEBUG c.o.v.ReadOnlyMarketDataChannelPublishVisitor - Adding Mkt Data Msg BID: Price=91 Qty=300
16:02:30.536 [main] DEBUG c.o.v.ReadOnlyMarketDataChannelPublishVisitor - Ask Side Size: 2
16:02:30.536 [main] DEBUG c.o.v.ReadOnlyMarketDataChannelPublishVisitor - Adding Mkt Data Msg ASK: Price=115 Qty=3390
16:02:30.536 [main] DEBUG c.o.v.ReadOnlyMarketDataChannelPublishVisitor - Adding Mkt Data Msg ASK: Price=119 Qty=5600
16:02:30.536 [main] INFO  c.o.channel.MarketDataChannel - [ORDERBOOK] Sending market data update...
16:02:30.536 [main] INFO  c.sequencer.consumer.LoggingConsumer - [133] 
|----BID-----|
    100 @ 98
    200 @ 95
    300 @ 91
|----ASK-----|
  3390 @ 115
  5600 @ 119

16:02:30.536 [main] DEBUG c.service.MarketDataService - [ALGO] BID: price:98 quantity:100
16:02:30.536 [main] DEBUG c.service.MarketDataService - [ALGO] BID: price:95 quantity:200
16:02:30.536 [main] DEBUG c.service.MarketDataService - [ALGO] BID: price:91 quantity:300
16:02:30.536 [main] DEBUG c.service.MarketDataService - [ALGO] ASK: price:115 quantity:3390
16:02:30.536 [main] DEBUG c.service.MarketDataService - [ALGO] ASK: price:119 quantity:5600
16:02:30.536 [main] INFO  c.gettingstarted.MyAlgoLogic - [MYALGO] In Algo Logic.... HeLlO
16:02:30.536 [main] INFO  c.gettingstarted.MyAlgoLogic - [MYALGO] The state of the order book is:
|----BID-----||----ASK----|
    100 @ 98  3390 @ 115
    200 @ 95  5600 @ 119
    300 @ 91          - 
|------------||-----------|

total order count is45
16:02:30.536 [main] INFO  c.gettingstarted.MyAlgoLogic - [MYALGO] option is present total order count is45
16:02:30.536 [main] INFO  c.gettingstarted.MyAlgoLogic - [MYALGO] option is present, active orders are [codingblackfemales.sotw.ChildOrder@6aaceffd, codingblackfemales.sotw.ChildOrder@c86b9e3, codingblackfemales.sotw.ChildOrder@10aa41f2, codingblackfemales.sotw.ChildOrder@3af9c5b7, codingblackfemales.sotw.ChildOrder@37271612, codingblackfemales.sotw.ChildOrder@ed7f8b4, codingblackfemales.sotw.ChildOrder@4c309d4d, codingblackfemales.sotw.ChildOrder@38102d01, codingblackfemales.sotw.ChildOrder@37883b97, codingblackfemales.sotw.ChildOrder@6ab778a, codingblackfemales.sotw.ChildOrder@4e3958e7, codingblackfemales.sotw.ChildOrder@77f80c04, codingblackfemales.sotw.ChildOrder@1dac5ef, codingblackfemales.sotw.ChildOrder@5c90e579, codingblackfemales.sotw.ChildOrder@58ea606c, codingblackfemales.sotw.ChildOrder@6f45df59, codingblackfemales.sotw.ChildOrder@38e79ae3, codingblackfemales.sotw.ChildOrder@63070bab, codingblackfemales.sotw.ChildOrder@68e5eea7, codingblackfemales.sotw.ChildOrder@291b4bf5, codingblackfemales.sotw.ChildOrder@2d2ffcb7, codingblackfemales.sotw.ChildOrder@762ef0ea, codingblackfemales.sotw.ChildOrder@31f9b85e, codingblackfemales.sotw.ChildOrder@424e1977]
active orders are [codingblackfemales.sotw.ChildOrder@6aaceffd, codingblackfemales.sotw.ChildOrder@c86b9e3, codingblackfemales.sotw.ChildOrder@10aa41f2, codingblackfemales.sotw.ChildOrder@3af9c5b7, codingblackfemales.sotw.ChildOrder@37271612, codingblackfemales.sotw.ChildOrder@ed7f8b4, codingblackfemales.sotw.ChildOrder@4c309d4d, codingblackfemales.sotw.ChildOrder@38102d01, codingblackfemales.sotw.ChildOrder@37883b97, codingblackfemales.sotw.ChildOrder@6ab778a, codingblackfemales.sotw.ChildOrder@4e3958e7, codingblackfemales.sotw.ChildOrder@77f80c04, codingblackfemales.sotw.ChildOrder@1dac5ef, codingblackfemales.sotw.ChildOrder@5c90e579, codingblackfemales.sotw.ChildOrder@58ea606c, codingblackfemales.sotw.ChildOrder@6f45df59, codingblackfemales.sotw.ChildOrder@38e79ae3, codingblackfemales.sotw.ChildOrder@63070bab, codingblackfemales.sotw.ChildOrder@68e5eea7, codingblackfemales.sotw.ChildOrder@291b4bf5, codingblackfemales.sotw.ChildOrder@2d2ffcb7, codingblackfemales.sotw.ChildOrder@762ef0ea, codingblackfemales.sotw.ChildOrder@31f9b85e, codingblackfemales.sotw.ChildOrder@424e1977]
16:02:30.536 [main] INFO  c.gettingstarted.MyAlgoLogic - [MYALGO] option is present active orders are:[codingblackfemales.sotw.ChildOrder@6aaceffd, codingblackfemales.sotw.ChildOrder@c86b9e3, codingblackfemales.sotw.ChildOrder@10aa41f2, codingblackfemales.sotw.ChildOrder@3af9c5b7, codingblackfemales.sotw.ChildOrder@37271612, codingblackfemales.sotw.ChildOrder@ed7f8b4, codingblackfemales.sotw.ChildOrder@4c309d4d, codingblackfemales.sotw.ChildOrder@38102d01, codingblackfemales.sotw.ChildOrder@37883b97, codingblackfemales.sotw.ChildOrder@6ab778a, codingblackfemales.sotw.ChildOrder@4e3958e7, codingblackfemales.sotw.ChildOrder@77f80c04, codingblackfemales.sotw.ChildOrder@1dac5ef, codingblackfemales.sotw.ChildOrder@5c90e579, codingblackfemales.sotw.ChildOrder@58ea606c, codingblackfemales.sotw.ChildOrder@6f45df59, codingblackfemales.sotw.ChildOrder@38e79ae3, codingblackfemales.sotw.ChildOrder@63070bab, codingblackfemales.sotw.ChildOrder@68e5eea7, codingblackfemales.sotw.ChildOrder@291b4bf5, codingblackfemales.sotw.ChildOrder@2d2ffcb7, codingblackfemales.sotw.ChildOrder@762ef0ea, codingblackfemales.sotw.ChildOrder@31f9b85e, codingblackfemales.sotw.ChildOrder@424e1977]
option is present.
16:02:30.536 [main] INFO  c.gettingstarted.MyAlgoLogic - [MYALGO] Cancelling order:codingblackfemales.sotw.ChildOrder@6aaceffd
child order is codingblackfemales.sotw.ChildOrder@6aaceffd
Child order is cancelled.
16:02:30.536 [main] INFO  c.container.Actioner - [ALGO] Actioner, sending action:CancelChildOrder(codingblackfemales.sotw.ChildOrder@6aaceffd)
16:02:30.537 [main] INFO  c.sequencer.consumer.LoggingConsumer - [134] [CancelOrder](sbeTemplateId=5|sbeSchemaId=2|sbeSchemaVersion=0|sbeBlockLength=8):orderId=23
16:02:30.537 [main] INFO  c.orderbook.OrderBook - [ORDERBOOK] Cancelling order (id=:23)
16:02:30.537 [main] DEBUG c.o.v.ReadOnlyMarketDataChannelPublishVisitor - Bid Side Size: 3
16:02:30.537 [main] DEBUG c.o.v.ReadOnlyMarketDataChannelPublishVisitor - Adding Mkt Data Msg BID: Price=98 Qty=100
16:02:30.537 [main] DEBUG c.o.v.ReadOnlyMarketDataChannelPublishVisitor - Adding Mkt Data Msg BID: Price=95 Qty=200
16:02:30.537 [main] DEBUG c.o.v.ReadOnlyMarketDataChannelPublishVisitor - Adding Mkt Data Msg BID: Price=91 Qty=300
16:02:30.538 [main] DEBUG c.o.v.ReadOnlyMarketDataChannelPublishVisitor - Ask Side Size: 2
16:02:30.538 [main] DEBUG c.o.v.ReadOnlyMarketDataChannelPublishVisitor - Adding Mkt Data Msg ASK: Price=115 Qty=3390
16:02:30.538 [main] DEBUG c.o.v.ReadOnlyMarketDataChannelPublishVisitor - Adding Mkt Data Msg ASK: Price=119 Qty=5600
16:02:30.538 [main] INFO  c.o.channel.MarketDataChannel - [ORDERBOOK] Sending market data update...
16:02:30.538 [main] INFO  c.sequencer.consumer.LoggingConsumer - [135] 
|----BID-----|
    100 @ 98
    200 @ 95
    300 @ 91
|----ASK-----|
  3390 @ 115
  5600 @ 119

16:02:30.538 [main] DEBUG c.service.MarketDataService - [ALGO] BID: price:98 quantity:100
16:02:30.538 [main] DEBUG c.service.MarketDataService - [ALGO] BID: price:95 quantity:200
16:02:30.538 [main] DEBUG c.service.MarketDataService - [ALGO] BID: price:91 quantity:300
16:02:30.538 [main] DEBUG c.service.MarketDataService - [ALGO] ASK: price:115 quantity:3390
16:02:30.538 [main] DEBUG c.service.MarketDataService - [ALGO] ASK: price:119 quantity:5600
16:02:30.538 [main] INFO  c.gettingstarted.MyAlgoLogic - [MYALGO] In Algo Logic.... HeLlO
16:02:30.538 [main] INFO  c.gettingstarted.MyAlgoLogic - [MYALGO] The state of the order book is:
|----BID-----||----ASK----|
    100 @ 98  3390 @ 115
    200 @ 95  5600 @ 119
    300 @ 91          - 
|------------||-----------|

total order count is45
16:02:30.539 [main] INFO  c.gettingstarted.MyAlgoLogic - [MYALGO] option is present total order count is45
16:02:30.539 [main] INFO  c.gettingstarted.MyAlgoLogic - [MYALGO] option is present, active orders are [codingblackfemales.sotw.ChildOrder@c86b9e3, codingblackfemales.sotw.ChildOrder@10aa41f2, codingblackfemales.sotw.ChildOrder@3af9c5b7, codingblackfemales.sotw.ChildOrder@37271612, codingblackfemales.sotw.ChildOrder@ed7f8b4, codingblackfemales.sotw.ChildOrder@4c309d4d, codingblackfemales.sotw.ChildOrder@38102d01, codingblackfemales.sotw.ChildOrder@37883b97, codingblackfemales.sotw.ChildOrder@6ab778a, codingblackfemales.sotw.ChildOrder@4e3958e7, codingblackfemales.sotw.ChildOrder@77f80c04, codingblackfemales.sotw.ChildOrder@1dac5ef, codingblackfemales.sotw.ChildOrder@5c90e579, codingblackfemales.sotw.ChildOrder@58ea606c, codingblackfemales.sotw.ChildOrder@6f45df59, codingblackfemales.sotw.ChildOrder@38e79ae3, codingblackfemales.sotw.ChildOrder@63070bab, codingblackfemales.sotw.ChildOrder@68e5eea7, codingblackfemales.sotw.ChildOrder@291b4bf5, codingblackfemales.sotw.ChildOrder@2d2ffcb7, codingblackfemales.sotw.ChildOrder@762ef0ea, codingblackfemales.sotw.ChildOrder@31f9b85e, codingblackfemales.sotw.ChildOrder@424e1977]
active orders are [codingblackfemales.sotw.ChildOrder@c86b9e3, codingblackfemales.sotw.ChildOrder@10aa41f2, codingblackfemales.sotw.ChildOrder@3af9c5b7, codingblackfemales.sotw.ChildOrder@37271612, codingblackfemales.sotw.ChildOrder@ed7f8b4, codingblackfemales.sotw.ChildOrder@4c309d4d, codingblackfemales.sotw.ChildOrder@38102d01, codingblackfemales.sotw.ChildOrder@37883b97, codingblackfemales.sotw.ChildOrder@6ab778a, codingblackfemales.sotw.ChildOrder@4e3958e7, codingblackfemales.sotw.ChildOrder@77f80c04, codingblackfemales.sotw.ChildOrder@1dac5ef, codingblackfemales.sotw.ChildOrder@5c90e579, codingblackfemales.sotw.ChildOrder@58ea606c, codingblackfemales.sotw.ChildOrder@6f45df59, codingblackfemales.sotw.ChildOrder@38e79ae3, codingblackfemales.sotw.ChildOrder@63070bab, codingblackfemales.sotw.ChildOrder@68e5eea7, codingblackfemales.sotw.ChildOrder@291b4bf5, codingblackfemales.sotw.ChildOrder@2d2ffcb7, codingblackfemales.sotw.ChildOrder@762ef0ea, codingblackfemales.sotw.ChildOrder@31f9b85e, codingblackfemales.sotw.ChildOrder@424e1977]
16:02:30.539 [main] INFO  c.gettingstarted.MyAlgoLogic - [MYALGO] option is present active orders are:[codingblackfemales.sotw.ChildOrder@c86b9e3, codingblackfemales.sotw.ChildOrder@10aa41f2, codingblackfemales.sotw.ChildOrder@3af9c5b7, codingblackfemales.sotw.ChildOrder@37271612, codingblackfemales.sotw.ChildOrder@ed7f8b4, codingblackfemales.sotw.ChildOrder@4c309d4d, codingblackfemales.sotw.ChildOrder@38102d01, codingblackfemales.sotw.ChildOrder@37883b97, codingblackfemales.sotw.ChildOrder@6ab778a, codingblackfemales.sotw.ChildOrder@4e3958e7, codingblackfemales.sotw.ChildOrder@77f80c04, codingblackfemales.sotw.ChildOrder@1dac5ef, codingblackfemales.sotw.ChildOrder@5c90e579, codingblackfemales.sotw.ChildOrder@58ea606c, codingblackfemales.sotw.ChildOrder@6f45df59, codingblackfemales.sotw.ChildOrder@38e79ae3, codingblackfemales.sotw.ChildOrder@63070bab, codingblackfemales.sotw.ChildOrder@68e5eea7, codingblackfemales.sotw.ChildOrder@291b4bf5, codingblackfemales.sotw.ChildOrder@2d2ffcb7, codingblackfemales.sotw.ChildOrder@762ef0ea, codingblackfemales.sotw.ChildOrder@31f9b85e, codingblackfemales.sotw.ChildOrder@424e1977]
option is present.
16:02:30.539 [main] INFO  c.gettingstarted.MyAlgoLogic - [MYALGO] Cancelling order:codingblackfemales.sotw.ChildOrder@c86b9e3
child order is codingblackfemales.sotw.ChildOrder@c86b9e3
Child order is cancelled.
16:02:30.539 [main] INFO  c.container.Actioner - [ALGO] Actioner, sending action:CancelChildOrder(codingblackfemales.sotw.ChildOrder@c86b9e3)
16:02:30.539 [main] INFO  c.sequencer.consumer.LoggingConsumer - [136] [CancelOrder](sbeTemplateId=5|sbeSchemaId=2|sbeSchemaVersion=0|sbeBlockLength=8):orderId=24
16:02:30.539 [main] INFO  c.orderbook.OrderBook - [ORDERBOOK] Cancelling order (id=:24)
16:02:30.539 [main] DEBUG c.o.v.ReadOnlyMarketDataChannelPublishVisitor - Bid Side Size: 3
16:02:30.539 [main] DEBUG c.o.v.ReadOnlyMarketDataChannelPublishVisitor - Adding Mkt Data Msg BID: Price=98 Qty=100
16:02:30.539 [main] DEBUG c.o.v.ReadOnlyMarketDataChannelPublishVisitor - Adding Mkt Data Msg BID: Price=95 Qty=200
16:02:30.539 [main] DEBUG c.o.v.ReadOnlyMarketDataChannelPublishVisitor - Adding Mkt Data Msg BID: Price=91 Qty=300
16:02:30.539 [main] DEBUG c.o.v.ReadOnlyMarketDataChannelPublishVisitor - Ask Side Size: 2
16:02:30.539 [main] DEBUG c.o.v.ReadOnlyMarketDataChannelPublishVisitor - Adding Mkt Data Msg ASK: Price=115 Qty=3390
16:02:30.539 [main] DEBUG c.o.v.ReadOnlyMarketDataChannelPublishVisitor - Adding Mkt Data Msg ASK: Price=119 Qty=5600
16:02:30.539 [main] INFO  c.o.channel.MarketDataChannel - [ORDERBOOK] Sending market data update...
16:02:30.539 [main] INFO  c.sequencer.consumer.LoggingConsumer - [137] 
|----BID-----|
    100 @ 98
    200 @ 95
    300 @ 91
|----ASK-----|
  3390 @ 115
  5600 @ 119

16:02:30.539 [main] DEBUG c.service.MarketDataService - [ALGO] BID: price:98 quantity:100
16:02:30.539 [main] DEBUG c.service.MarketDataService - [ALGO] BID: price:95 quantity:200
16:02:30.539 [main] DEBUG c.service.MarketDataService - [ALGO] BID: price:91 quantity:300
16:02:30.539 [main] DEBUG c.service.MarketDataService - [ALGO] ASK: price:115 quantity:3390
16:02:30.539 [main] DEBUG c.service.MarketDataService - [ALGO] ASK: price:119 quantity:5600
16:02:30.539 [main] INFO  c.gettingstarted.MyAlgoLogic - [MYALGO] In Algo Logic.... HeLlO
16:02:30.539 [main] INFO  c.gettingstarted.MyAlgoLogic - [MYALGO] The state of the order book is:
|----BID-----||----ASK----|
    100 @ 98  3390 @ 115
    200 @ 95  5600 @ 119
    300 @ 91          - 
|------------||-----------|

total order count is45
16:02:30.539 [main] INFO  c.gettingstarted.MyAlgoLogic - [MYALGO] option is present total order count is45
16:02:30.539 [main] INFO  c.gettingstarted.MyAlgoLogic - [MYALGO] option is present, active orders are [codingblackfemales.sotw.ChildOrder@10aa41f2, codingblackfemales.sotw.ChildOrder@3af9c5b7, codingblackfemales.sotw.ChildOrder@37271612, codingblackfemales.sotw.ChildOrder@ed7f8b4, codingblackfemales.sotw.ChildOrder@4c309d4d, codingblackfemales.sotw.ChildOrder@38102d01, codingblackfemales.sotw.ChildOrder@37883b97, codingblackfemales.sotw.ChildOrder@6ab778a, codingblackfemales.sotw.ChildOrder@4e3958e7, codingblackfemales.sotw.ChildOrder@77f80c04, codingblackfemales.sotw.ChildOrder@1dac5ef, codingblackfemales.sotw.ChildOrder@5c90e579, codingblackfemales.sotw.ChildOrder@58ea606c, codingblackfemales.sotw.ChildOrder@6f45df59, codingblackfemales.sotw.ChildOrder@38e79ae3, codingblackfemales.sotw.ChildOrder@63070bab, codingblackfemales.sotw.ChildOrder@68e5eea7, codingblackfemales.sotw.ChildOrder@291b4bf5, codingblackfemales.sotw.ChildOrder@2d2ffcb7, codingblackfemales.sotw.ChildOrder@762ef0ea, codingblackfemales.sotw.ChildOrder@31f9b85e, codingblackfemales.sotw.ChildOrder@424e1977]
active orders are [codingblackfemales.sotw.ChildOrder@10aa41f2, codingblackfemales.sotw.ChildOrder@3af9c5b7, codingblackfemales.sotw.ChildOrder@37271612, codingblackfemales.sotw.ChildOrder@ed7f8b4, codingblackfemales.sotw.ChildOrder@4c309d4d, codingblackfemales.sotw.ChildOrder@38102d01, codingblackfemales.sotw.ChildOrder@37883b97, codingblackfemales.sotw.ChildOrder@6ab778a, codingblackfemales.sotw.ChildOrder@4e3958e7, codingblackfemales.sotw.ChildOrder@77f80c04, codingblackfemales.sotw.ChildOrder@1dac5ef, codingblackfemales.sotw.ChildOrder@5c90e579, codingblackfemales.sotw.ChildOrder@58ea606c, codingblackfemales.sotw.ChildOrder@6f45df59, codingblackfemales.sotw.ChildOrder@38e79ae3, codingblackfemales.sotw.ChildOrder@63070bab, codingblackfemales.sotw.ChildOrder@68e5eea7, codingblackfemales.sotw.ChildOrder@291b4bf5, codingblackfemales.sotw.ChildOrder@2d2ffcb7, codingblackfemales.sotw.ChildOrder@762ef0ea, codingblackfemales.sotw.ChildOrder@31f9b85e, codingblackfemales.sotw.ChildOrder@424e1977]
16:02:30.540 [main] INFO  c.gettingstarted.MyAlgoLogic - [MYALGO] option is present active orders are:[codingblackfemales.sotw.ChildOrder@10aa41f2, codingblackfemales.sotw.ChildOrder@3af9c5b7, codingblackfemales.sotw.ChildOrder@37271612, codingblackfemales.sotw.ChildOrder@ed7f8b4, codingblackfemales.sotw.ChildOrder@4c309d4d, codingblackfemales.sotw.ChildOrder@38102d01, codingblackfemales.sotw.ChildOrder@37883b97, codingblackfemales.sotw.ChildOrder@6ab778a, codingblackfemales.sotw.ChildOrder@4e3958e7, codingblackfemales.sotw.ChildOrder@77f80c04, codingblackfemales.sotw.ChildOrder@1dac5ef, codingblackfemales.sotw.ChildOrder@5c90e579, codingblackfemales.sotw.ChildOrder@58ea606c, codingblackfemales.sotw.ChildOrder@6f45df59, codingblackfemales.sotw.ChildOrder@38e79ae3, codingblackfemales.sotw.ChildOrder@63070bab, codingblackfemales.sotw.ChildOrder@68e5eea7, codingblackfemales.sotw.ChildOrder@291b4bf5, codingblackfemales.sotw.ChildOrder@2d2ffcb7, codingblackfemales.sotw.ChildOrder@762ef0ea, codingblackfemales.sotw.ChildOrder@31f9b85e, codingblackfemales.sotw.ChildOrder@424e1977]
option is present.
16:02:30.540 [main] INFO  c.gettingstarted.MyAlgoLogic - [MYALGO] Cancelling order:codingblackfemales.sotw.ChildOrder@10aa41f2
child order is codingblackfemales.sotw.ChildOrder@10aa41f2
Child order is cancelled.
16:02:30.540 [main] INFO  c.container.Actioner - [ALGO] Actioner, sending action:CancelChildOrder(codingblackfemales.sotw.ChildOrder@10aa41f2)
16:02:30.540 [main] INFO  c.sequencer.consumer.LoggingConsumer - [138] [CancelOrder](sbeTemplateId=5|sbeSchemaId=2|sbeSchemaVersion=0|sbeBlockLength=8):orderId=25
16:02:30.540 [main] INFO  c.orderbook.OrderBook - [ORDERBOOK] Cancelling order (id=:25)
16:02:30.540 [main] DEBUG c.o.v.ReadOnlyMarketDataChannelPublishVisitor - Bid Side Size: 3
16:02:30.540 [main] DEBUG c.o.v.ReadOnlyMarketDataChannelPublishVisitor - Adding Mkt Data Msg BID: Price=98 Qty=100
16:02:30.540 [main] DEBUG c.o.v.ReadOnlyMarketDataChannelPublishVisitor - Adding Mkt Data Msg BID: Price=95 Qty=200
16:02:30.540 [main] DEBUG c.o.v.ReadOnlyMarketDataChannelPublishVisitor - Adding Mkt Data Msg BID: Price=91 Qty=300
16:02:30.540 [main] DEBUG c.o.v.ReadOnlyMarketDataChannelPublishVisitor - Ask Side Size: 2
16:02:30.540 [main] DEBUG c.o.v.ReadOnlyMarketDataChannelPublishVisitor - Adding Mkt Data Msg ASK: Price=115 Qty=3390
16:02:30.540 [main] DEBUG c.o.v.ReadOnlyMarketDataChannelPublishVisitor - Adding Mkt Data Msg ASK: Price=119 Qty=5600
16:02:30.540 [main] INFO  c.o.channel.MarketDataChannel - [ORDERBOOK] Sending market data update...
16:02:30.540 [main] INFO  c.sequencer.consumer.LoggingConsumer - [139] 
|----BID-----|
    100 @ 98
    200 @ 95
    300 @ 91
|----ASK-----|
  3390 @ 115
  5600 @ 119

16:02:30.540 [main] DEBUG c.service.MarketDataService - [ALGO] BID: price:98 quantity:100
16:02:30.540 [main] DEBUG c.service.MarketDataService - [ALGO] BID: price:95 quantity:200
16:02:30.540 [main] DEBUG c.service.MarketDataService - [ALGO] BID: price:91 quantity:300
16:02:30.540 [main] DEBUG c.service.MarketDataService - [ALGO] ASK: price:115 quantity:3390
16:02:30.540 [main] DEBUG c.service.MarketDataService - [ALGO] ASK: price:119 quantity:5600
16:02:30.540 [main] INFO  c.gettingstarted.MyAlgoLogic - [MYALGO] In Algo Logic.... HeLlO
16:02:30.540 [main] INFO  c.gettingstarted.MyAlgoLogic - [MYALGO] The state of the order book is:
|----BID-----||----ASK----|
    100 @ 98  3390 @ 115
    200 @ 95  5600 @ 119
    300 @ 91          - 
|------------||-----------|

total order count is45
16:02:30.540 [main] INFO  c.gettingstarted.MyAlgoLogic - [MYALGO] option is present total order count is45
16:02:30.541 [main] INFO  c.gettingstarted.MyAlgoLogic - [MYALGO] option is present, active orders are [codingblackfemales.sotw.ChildOrder@3af9c5b7, codingblackfemales.sotw.ChildOrder@37271612, codingblackfemales.sotw.ChildOrder@ed7f8b4, codingblackfemales.sotw.ChildOrder@4c309d4d, codingblackfemales.sotw.ChildOrder@38102d01, codingblackfemales.sotw.ChildOrder@37883b97, codingblackfemales.sotw.ChildOrder@6ab778a, codingblackfemales.sotw.ChildOrder@4e3958e7, codingblackfemales.sotw.ChildOrder@77f80c04, codingblackfemales.sotw.ChildOrder@1dac5ef, codingblackfemales.sotw.ChildOrder@5c90e579, codingblackfemales.sotw.ChildOrder@58ea606c, codingblackfemales.sotw.ChildOrder@6f45df59, codingblackfemales.sotw.ChildOrder@38e79ae3, codingblackfemales.sotw.ChildOrder@63070bab, codingblackfemales.sotw.ChildOrder@68e5eea7, codingblackfemales.sotw.ChildOrder@291b4bf5, codingblackfemales.sotw.ChildOrder@2d2ffcb7, codingblackfemales.sotw.ChildOrder@762ef0ea, codingblackfemales.sotw.ChildOrder@31f9b85e, codingblackfemales.sotw.ChildOrder@424e1977]
active orders are [codingblackfemales.sotw.ChildOrder@3af9c5b7, codingblackfemales.sotw.ChildOrder@37271612, codingblackfemales.sotw.ChildOrder@ed7f8b4, codingblackfemales.sotw.ChildOrder@4c309d4d, codingblackfemales.sotw.ChildOrder@38102d01, codingblackfemales.sotw.ChildOrder@37883b97, codingblackfemales.sotw.ChildOrder@6ab778a, codingblackfemales.sotw.ChildOrder@4e3958e7, codingblackfemales.sotw.ChildOrder@77f80c04, codingblackfemales.sotw.ChildOrder@1dac5ef, codingblackfemales.sotw.ChildOrder@5c90e579, codingblackfemales.sotw.ChildOrder@58ea606c, codingblackfemales.sotw.ChildOrder@6f45df59, codingblackfemales.sotw.ChildOrder@38e79ae3, codingblackfemales.sotw.ChildOrder@63070bab, codingblackfemales.sotw.ChildOrder@68e5eea7, codingblackfemales.sotw.ChildOrder@291b4bf5, codingblackfemales.sotw.ChildOrder@2d2ffcb7, codingblackfemales.sotw.ChildOrder@762ef0ea, codingblackfemales.sotw.ChildOrder@31f9b85e, codingblackfemales.sotw.ChildOrder@424e1977]
16:02:30.541 [main] INFO  c.gettingstarted.MyAlgoLogic - [MYALGO] option is present active orders are:[codingblackfemales.sotw.ChildOrder@3af9c5b7, codingblackfemales.sotw.ChildOrder@37271612, codingblackfemales.sotw.ChildOrder@ed7f8b4, codingblackfemales.sotw.ChildOrder@4c309d4d, codingblackfemales.sotw.ChildOrder@38102d01, codingblackfemales.sotw.ChildOrder@37883b97, codingblackfemales.sotw.ChildOrder@6ab778a, codingblackfemales.sotw.ChildOrder@4e3958e7, codingblackfemales.sotw.ChildOrder@77f80c04, codingblackfemales.sotw.ChildOrder@1dac5ef, codingblackfemales.sotw.ChildOrder@5c90e579, codingblackfemales.sotw.ChildOrder@58ea606c, codingblackfemales.sotw.ChildOrder@6f45df59, codingblackfemales.sotw.ChildOrder@38e79ae3, codingblackfemales.sotw.ChildOrder@63070bab, codingblackfemales.sotw.ChildOrder@68e5eea7, codingblackfemales.sotw.ChildOrder@291b4bf5, codingblackfemales.sotw.ChildOrder@2d2ffcb7, codingblackfemales.sotw.ChildOrder@762ef0ea, codingblackfemales.sotw.ChildOrder@31f9b85e, codingblackfemales.sotw.ChildOrder@424e1977]
option is present.
16:02:30.541 [main] INFO  c.gettingstarted.MyAlgoLogic - [MYALGO] Cancelling order:codingblackfemales.sotw.ChildOrder@3af9c5b7
child order is codingblackfemales.sotw.ChildOrder@3af9c5b7
Child order is cancelled.
16:02:30.541 [main] INFO  c.container.Actioner - [ALGO] Actioner, sending action:CancelChildOrder(codingblackfemales.sotw.ChildOrder@3af9c5b7)
16:02:30.541 [main] INFO  c.sequencer.consumer.LoggingConsumer - [140] [CancelOrder](sbeTemplateId=5|sbeSchemaId=2|sbeSchemaVersion=0|sbeBlockLength=8):orderId=26
16:02:30.541 [main] INFO  c.orderbook.OrderBook - [ORDERBOOK] Cancelling order (id=:26)
16:02:30.541 [main] DEBUG c.o.v.ReadOnlyMarketDataChannelPublishVisitor - Bid Side Size: 3
16:02:30.541 [main] DEBUG c.o.v.ReadOnlyMarketDataChannelPublishVisitor - Adding Mkt Data Msg BID: Price=98 Qty=100
16:02:30.541 [main] DEBUG c.o.v.ReadOnlyMarketDataChannelPublishVisitor - Adding Mkt Data Msg BID: Price=95 Qty=200
16:02:30.541 [main] DEBUG c.o.v.ReadOnlyMarketDataChannelPublishVisitor - Adding Mkt Data Msg BID: Price=91 Qty=300
16:02:30.541 [main] DEBUG c.o.v.ReadOnlyMarketDataChannelPublishVisitor - Ask Side Size: 2
16:02:30.541 [main] DEBUG c.o.v.ReadOnlyMarketDataChannelPublishVisitor - Adding Mkt Data Msg ASK: Price=115 Qty=3390
16:02:30.541 [main] DEBUG c.o.v.ReadOnlyMarketDataChannelPublishVisitor - Adding Mkt Data Msg ASK: Price=119 Qty=5600
16:02:30.541 [main] INFO  c.o.channel.MarketDataChannel - [ORDERBOOK] Sending market data update...
16:02:30.541 [main] INFO  c.sequencer.consumer.LoggingConsumer - [141] 
|----BID-----|
    100 @ 98
    200 @ 95
    300 @ 91
|----ASK-----|
  3390 @ 115
  5600 @ 119

16:02:30.541 [main] DEBUG c.service.MarketDataService - [ALGO] BID: price:98 quantity:100
16:02:30.541 [main] DEBUG c.service.MarketDataService - [ALGO] BID: price:95 quantity:200
16:02:30.541 [main] DEBUG c.service.MarketDataService - [ALGO] BID: price:91 quantity:300
16:02:30.541 [main] DEBUG c.service.MarketDataService - [ALGO] ASK: price:115 quantity:3390
16:02:30.541 [main] DEBUG c.service.MarketDataService - [ALGO] ASK: price:119 quantity:5600
16:02:30.541 [main] INFO  c.gettingstarted.MyAlgoLogic - [MYALGO] In Algo Logic.... HeLlO
16:02:30.541 [main] INFO  c.gettingstarted.MyAlgoLogic - [MYALGO] The state of the order book is:
|----BID-----||----ASK----|
    100 @ 98  3390 @ 115
    200 @ 95  5600 @ 119
    300 @ 91          - 
|------------||-----------|

total order count is45
16:02:30.541 [main] INFO  c.gettingstarted.MyAlgoLogic - [MYALGO] option is present total order count is45
16:02:30.541 [main] INFO  c.gettingstarted.MyAlgoLogic - [MYALGO] option is present, active orders are [codingblackfemales.sotw.ChildOrder@37271612, codingblackfemales.sotw.ChildOrder@ed7f8b4, codingblackfemales.sotw.ChildOrder@4c309d4d, codingblackfemales.sotw.ChildOrder@38102d01, codingblackfemales.sotw.ChildOrder@37883b97, codingblackfemales.sotw.ChildOrder@6ab778a, codingblackfemales.sotw.ChildOrder@4e3958e7, codingblackfemales.sotw.ChildOrder@77f80c04, codingblackfemales.sotw.ChildOrder@1dac5ef, codingblackfemales.sotw.ChildOrder@5c90e579, codingblackfemales.sotw.ChildOrder@58ea606c, codingblackfemales.sotw.ChildOrder@6f45df59, codingblackfemales.sotw.ChildOrder@38e79ae3, codingblackfemales.sotw.ChildOrder@63070bab, codingblackfemales.sotw.ChildOrder@68e5eea7, codingblackfemales.sotw.ChildOrder@291b4bf5, codingblackfemales.sotw.ChildOrder@2d2ffcb7, codingblackfemales.sotw.ChildOrder@762ef0ea, codingblackfemales.sotw.ChildOrder@31f9b85e, codingblackfemales.sotw.ChildOrder@424e1977]
active orders are [codingblackfemales.sotw.ChildOrder@37271612, codingblackfemales.sotw.ChildOrder@ed7f8b4, codingblackfemales.sotw.ChildOrder@4c309d4d, codingblackfemales.sotw.ChildOrder@38102d01, codingblackfemales.sotw.ChildOrder@37883b97, codingblackfemales.sotw.ChildOrder@6ab778a, codingblackfemales.sotw.ChildOrder@4e3958e7, codingblackfemales.sotw.ChildOrder@77f80c04, codingblackfemales.sotw.ChildOrder@1dac5ef, codingblackfemales.sotw.ChildOrder@5c90e579, codingblackfemales.sotw.ChildOrder@58ea606c, codingblackfemales.sotw.ChildOrder@6f45df59, codingblackfemales.sotw.ChildOrder@38e79ae3, codingblackfemales.sotw.ChildOrder@63070bab, codingblackfemales.sotw.ChildOrder@68e5eea7, codingblackfemales.sotw.ChildOrder@291b4bf5, codingblackfemales.sotw.ChildOrder@2d2ffcb7, codingblackfemales.sotw.ChildOrder@762ef0ea, codingblackfemales.sotw.ChildOrder@31f9b85e, codingblackfemales.sotw.ChildOrder@424e1977]
16:02:30.541 [main] INFO  c.gettingstarted.MyAlgoLogic - [MYALGO] option is present active orders are:[codingblackfemales.sotw.ChildOrder@37271612, codingblackfemales.sotw.ChildOrder@ed7f8b4, codingblackfemales.sotw.ChildOrder@4c309d4d, codingblackfemales.sotw.ChildOrder@38102d01, codingblackfemales.sotw.ChildOrder@37883b97, codingblackfemales.sotw.ChildOrder@6ab778a, codingblackfemales.sotw.ChildOrder@4e3958e7, codingblackfemales.sotw.ChildOrder@77f80c04, codingblackfemales.sotw.ChildOrder@1dac5ef, codingblackfemales.sotw.ChildOrder@5c90e579, codingblackfemales.sotw.ChildOrder@58ea606c, codingblackfemales.sotw.ChildOrder@6f45df59, codingblackfemales.sotw.ChildOrder@38e79ae3, codingblackfemales.sotw.ChildOrder@63070bab, codingblackfemales.sotw.ChildOrder@68e5eea7, codingblackfemales.sotw.ChildOrder@291b4bf5, codingblackfemales.sotw.ChildOrder@2d2ffcb7, codingblackfemales.sotw.ChildOrder@762ef0ea, codingblackfemales.sotw.ChildOrder@31f9b85e, codingblackfemales.sotw.ChildOrder@424e1977]
option is present.
16:02:30.541 [main] INFO  c.gettingstarted.MyAlgoLogic - [MYALGO] Cancelling order:codingblackfemales.sotw.ChildOrder@37271612
child order is codingblackfemales.sotw.ChildOrder@37271612
Child order is cancelled.
16:02:30.541 [main] INFO  c.container.Actioner - [ALGO] Actioner, sending action:CancelChildOrder(codingblackfemales.sotw.ChildOrder@37271612)
16:02:30.541 [main] INFO  c.sequencer.consumer.LoggingConsumer - [142] [CancelOrder](sbeTemplateId=5|sbeSchemaId=2|sbeSchemaVersion=0|sbeBlockLength=8):orderId=27
16:02:30.541 [main] INFO  c.orderbook.OrderBook - [ORDERBOOK] Cancelling order (id=:27)
16:02:30.541 [main] DEBUG c.o.v.ReadOnlyMarketDataChannelPublishVisitor - Bid Side Size: 3
16:02:30.541 [main] DEBUG c.o.v.ReadOnlyMarketDataChannelPublishVisitor - Adding Mkt Data Msg BID: Price=98 Qty=100
16:02:30.541 [main] DEBUG c.o.v.ReadOnlyMarketDataChannelPublishVisitor - Adding Mkt Data Msg BID: Price=95 Qty=200
16:02:30.541 [main] DEBUG c.o.v.ReadOnlyMarketDataChannelPublishVisitor - Adding Mkt Data Msg BID: Price=91 Qty=300
16:02:30.541 [main] DEBUG c.o.v.ReadOnlyMarketDataChannelPublishVisitor - Ask Side Size: 2
16:02:30.541 [main] DEBUG c.o.v.ReadOnlyMarketDataChannelPublishVisitor - Adding Mkt Data Msg ASK: Price=115 Qty=3390
16:02:30.541 [main] DEBUG c.o.v.ReadOnlyMarketDataChannelPublishVisitor - Adding Mkt Data Msg ASK: Price=119 Qty=5600
16:02:30.541 [main] INFO  c.o.channel.MarketDataChannel - [ORDERBOOK] Sending market data update...
16:02:30.541 [main] INFO  c.sequencer.consumer.LoggingConsumer - [143] 
|----BID-----|
    100 @ 98
    200 @ 95
    300 @ 91
|----ASK-----|
  3390 @ 115
  5600 @ 119

16:02:30.541 [main] DEBUG c.service.MarketDataService - [ALGO] BID: price:98 quantity:100
16:02:30.542 [main] DEBUG c.service.MarketDataService - [ALGO] BID: price:95 quantity:200
16:02:30.542 [main] DEBUG c.service.MarketDataService - [ALGO] BID: price:91 quantity:300
16:02:30.542 [main] DEBUG c.service.MarketDataService - [ALGO] ASK: price:115 quantity:3390
16:02:30.542 [main] DEBUG c.service.MarketDataService - [ALGO] ASK: price:119 quantity:5600
16:02:30.542 [main] INFO  c.gettingstarted.MyAlgoLogic - [MYALGO] In Algo Logic.... HeLlO
16:02:30.542 [main] INFO  c.gettingstarted.MyAlgoLogic - [MYALGO] The state of the order book is:
|----BID-----||----ASK----|
    100 @ 98  3390 @ 115
    200 @ 95  5600 @ 119
    300 @ 91          - 
|------------||-----------|

total order count is45
16:02:30.542 [main] INFO  c.gettingstarted.MyAlgoLogic - [MYALGO] option is present total order count is45
16:02:30.542 [main] INFO  c.gettingstarted.MyAlgoLogic - [MYALGO] option is present, active orders are [codingblackfemales.sotw.ChildOrder@ed7f8b4, codingblackfemales.sotw.ChildOrder@4c309d4d, codingblackfemales.sotw.ChildOrder@38102d01, codingblackfemales.sotw.ChildOrder@37883b97, codingblackfemales.sotw.ChildOrder@6ab778a, codingblackfemales.sotw.ChildOrder@4e3958e7, codingblackfemales.sotw.ChildOrder@77f80c04, codingblackfemales.sotw.ChildOrder@1dac5ef, codingblackfemales.sotw.ChildOrder@5c90e579, codingblackfemales.sotw.ChildOrder@58ea606c, codingblackfemales.sotw.ChildOrder@6f45df59, codingblackfemales.sotw.ChildOrder@38e79ae3, codingblackfemales.sotw.ChildOrder@63070bab, codingblackfemales.sotw.ChildOrder@68e5eea7, codingblackfemales.sotw.ChildOrder@291b4bf5, codingblackfemales.sotw.ChildOrder@2d2ffcb7, codingblackfemales.sotw.ChildOrder@762ef0ea, codingblackfemales.sotw.ChildOrder@31f9b85e, codingblackfemales.sotw.ChildOrder@424e1977]
active orders are [codingblackfemales.sotw.ChildOrder@ed7f8b4, codingblackfemales.sotw.ChildOrder@4c309d4d, codingblackfemales.sotw.ChildOrder@38102d01, codingblackfemales.sotw.ChildOrder@37883b97, codingblackfemales.sotw.ChildOrder@6ab778a, codingblackfemales.sotw.ChildOrder@4e3958e7, codingblackfemales.sotw.ChildOrder@77f80c04, codingblackfemales.sotw.ChildOrder@1dac5ef, codingblackfemales.sotw.ChildOrder@5c90e579, codingblackfemales.sotw.ChildOrder@58ea606c, codingblackfemales.sotw.ChildOrder@6f45df59, codingblackfemales.sotw.ChildOrder@38e79ae3, codingblackfemales.sotw.ChildOrder@63070bab, codingblackfemales.sotw.ChildOrder@68e5eea7, codingblackfemales.sotw.ChildOrder@291b4bf5, codingblackfemales.sotw.ChildOrder@2d2ffcb7, codingblackfemales.sotw.ChildOrder@762ef0ea, codingblackfemales.sotw.ChildOrder@31f9b85e, codingblackfemales.sotw.ChildOrder@424e1977]
16:02:30.542 [main] INFO  c.gettingstarted.MyAlgoLogic - [MYALGO] option is present active orders are:[codingblackfemales.sotw.ChildOrder@ed7f8b4, codingblackfemales.sotw.ChildOrder@4c309d4d, codingblackfemales.sotw.ChildOrder@38102d01, codingblackfemales.sotw.ChildOrder@37883b97, codingblackfemales.sotw.ChildOrder@6ab778a, codingblackfemales.sotw.ChildOrder@4e3958e7, codingblackfemales.sotw.ChildOrder@77f80c04, codingblackfemales.sotw.ChildOrder@1dac5ef, codingblackfemales.sotw.ChildOrder@5c90e579, codingblackfemales.sotw.ChildOrder@58ea606c, codingblackfemales.sotw.ChildOrder@6f45df59, codingblackfemales.sotw.ChildOrder@38e79ae3, codingblackfemales.sotw.ChildOrder@63070bab, codingblackfemales.sotw.ChildOrder@68e5eea7, codingblackfemales.sotw.ChildOrder@291b4bf5, codingblackfemales.sotw.ChildOrder@2d2ffcb7, codingblackfemales.sotw.ChildOrder@762ef0ea, codingblackfemales.sotw.ChildOrder@31f9b85e, codingblackfemales.sotw.ChildOrder@424e1977]
option is present.
16:02:30.542 [main] INFO  c.gettingstarted.MyAlgoLogic - [MYALGO] Cancelling order:codingblackfemales.sotw.ChildOrder@ed7f8b4
child order is codingblackfemales.sotw.ChildOrder@ed7f8b4
Child order is cancelled.
16:02:30.542 [main] INFO  c.container.Actioner - [ALGO] Actioner, sending action:CancelChildOrder(codingblackfemales.sotw.ChildOrder@ed7f8b4)
16:02:30.542 [main] INFO  c.sequencer.consumer.LoggingConsumer - [144] [CancelOrder](sbeTemplateId=5|sbeSchemaId=2|sbeSchemaVersion=0|sbeBlockLength=8):orderId=28
16:02:30.542 [main] INFO  c.orderbook.OrderBook - [ORDERBOOK] Cancelling order (id=:28)
16:02:30.542 [main] DEBUG c.o.v.ReadOnlyMarketDataChannelPublishVisitor - Bid Side Size: 3
16:02:30.542 [main] DEBUG c.o.v.ReadOnlyMarketDataChannelPublishVisitor - Adding Mkt Data Msg BID: Price=98 Qty=100
16:02:30.542 [main] DEBUG c.o.v.ReadOnlyMarketDataChannelPublishVisitor - Adding Mkt Data Msg BID: Price=95 Qty=200
16:02:30.542 [main] DEBUG c.o.v.ReadOnlyMarketDataChannelPublishVisitor - Adding Mkt Data Msg BID: Price=91 Qty=300
16:02:30.542 [main] DEBUG c.o.v.ReadOnlyMarketDataChannelPublishVisitor - Ask Side Size: 2
16:02:30.542 [main] DEBUG c.o.v.ReadOnlyMarketDataChannelPublishVisitor - Adding Mkt Data Msg ASK: Price=115 Qty=3390
16:02:30.542 [main] DEBUG c.o.v.ReadOnlyMarketDataChannelPublishVisitor - Adding Mkt Data Msg ASK: Price=119 Qty=5600
16:02:30.542 [main] INFO  c.o.channel.MarketDataChannel - [ORDERBOOK] Sending market data update...
16:02:30.542 [main] INFO  c.sequencer.consumer.LoggingConsumer - [145] 
|----BID-----|
    100 @ 98
    200 @ 95
    300 @ 91
|----ASK-----|
  3390 @ 115
  5600 @ 119

16:02:30.542 [main] DEBUG c.service.MarketDataService - [ALGO] BID: price:98 quantity:100
16:02:30.542 [main] DEBUG c.service.MarketDataService - [ALGO] BID: price:95 quantity:200
16:02:30.542 [main] DEBUG c.service.MarketDataService - [ALGO] BID: price:91 quantity:300
16:02:30.542 [main] DEBUG c.service.MarketDataService - [ALGO] ASK: price:115 quantity:3390
16:02:30.542 [main] DEBUG c.service.MarketDataService - [ALGO] ASK: price:119 quantity:5600
16:02:30.542 [main] INFO  c.gettingstarted.MyAlgoLogic - [MYALGO] In Algo Logic.... HeLlO
16:02:30.542 [main] INFO  c.gettingstarted.MyAlgoLogic - [MYALGO] The state of the order book is:
|----BID-----||----ASK----|
    100 @ 98  3390 @ 115
    200 @ 95  5600 @ 119
    300 @ 91          - 
|------------||-----------|

total order count is45
16:02:30.542 [main] INFO  c.gettingstarted.MyAlgoLogic - [MYALGO] option is present total order count is45
16:02:30.542 [main] INFO  c.gettingstarted.MyAlgoLogic - [MYALGO] option is present, active orders are [codingblackfemales.sotw.ChildOrder@4c309d4d, codingblackfemales.sotw.ChildOrder@38102d01, codingblackfemales.sotw.ChildOrder@37883b97, codingblackfemales.sotw.ChildOrder@6ab778a, codingblackfemales.sotw.ChildOrder@4e3958e7, codingblackfemales.sotw.ChildOrder@77f80c04, codingblackfemales.sotw.ChildOrder@1dac5ef, codingblackfemales.sotw.ChildOrder@5c90e579, codingblackfemales.sotw.ChildOrder@58ea606c, codingblackfemales.sotw.ChildOrder@6f45df59, codingblackfemales.sotw.ChildOrder@38e79ae3, codingblackfemales.sotw.ChildOrder@63070bab, codingblackfemales.sotw.ChildOrder@68e5eea7, codingblackfemales.sotw.ChildOrder@291b4bf5, codingblackfemales.sotw.ChildOrder@2d2ffcb7, codingblackfemales.sotw.ChildOrder@762ef0ea, codingblackfemales.sotw.ChildOrder@31f9b85e, codingblackfemales.sotw.ChildOrder@424e1977]
active orders are [codingblackfemales.sotw.ChildOrder@4c309d4d, codingblackfemales.sotw.ChildOrder@38102d01, codingblackfemales.sotw.ChildOrder@37883b97, codingblackfemales.sotw.ChildOrder@6ab778a, codingblackfemales.sotw.ChildOrder@4e3958e7, codingblackfemales.sotw.ChildOrder@77f80c04, codingblackfemales.sotw.ChildOrder@1dac5ef, codingblackfemales.sotw.ChildOrder@5c90e579, codingblackfemales.sotw.ChildOrder@58ea606c, codingblackfemales.sotw.ChildOrder@6f45df59, codingblackfemales.sotw.ChildOrder@38e79ae3, codingblackfemales.sotw.ChildOrder@63070bab, codingblackfemales.sotw.ChildOrder@68e5eea7, codingblackfemales.sotw.ChildOrder@291b4bf5, codingblackfemales.sotw.ChildOrder@2d2ffcb7, codingblackfemales.sotw.ChildOrder@762ef0ea, codingblackfemales.sotw.ChildOrder@31f9b85e, codingblackfemales.sotw.ChildOrder@424e1977]
16:02:30.543 [main] INFO  c.gettingstarted.MyAlgoLogic - [MYALGO] option is present active orders are:[codingblackfemales.sotw.ChildOrder@4c309d4d, codingblackfemales.sotw.ChildOrder@38102d01, codingblackfemales.sotw.ChildOrder@37883b97, codingblackfemales.sotw.ChildOrder@6ab778a, codingblackfemales.sotw.ChildOrder@4e3958e7, codingblackfemales.sotw.ChildOrder@77f80c04, codingblackfemales.sotw.ChildOrder@1dac5ef, codingblackfemales.sotw.ChildOrder@5c90e579, codingblackfemales.sotw.ChildOrder@58ea606c, codingblackfemales.sotw.ChildOrder@6f45df59, codingblackfemales.sotw.ChildOrder@38e79ae3, codingblackfemales.sotw.ChildOrder@63070bab, codingblackfemales.sotw.ChildOrder@68e5eea7, codingblackfemales.sotw.ChildOrder@291b4bf5, codingblackfemales.sotw.ChildOrder@2d2ffcb7, codingblackfemales.sotw.ChildOrder@762ef0ea, codingblackfemales.sotw.ChildOrder@31f9b85e, codingblackfemales.sotw.ChildOrder@424e1977]
option is present.
16:02:30.543 [main] INFO  c.gettingstarted.MyAlgoLogic - [MYALGO] Cancelling order:codingblackfemales.sotw.ChildOrder@4c309d4d
child order is codingblackfemales.sotw.ChildOrder@4c309d4d
Child order is cancelled.
16:02:30.543 [main] INFO  c.container.Actioner - [ALGO] Actioner, sending action:CancelChildOrder(codingblackfemales.sotw.ChildOrder@4c309d4d)
16:02:30.543 [main] INFO  c.sequencer.consumer.LoggingConsumer - [146] [CancelOrder](sbeTemplateId=5|sbeSchemaId=2|sbeSchemaVersion=0|sbeBlockLength=8):orderId=29
16:02:30.543 [main] INFO  c.orderbook.OrderBook - [ORDERBOOK] Cancelling order (id=:29)
16:02:30.543 [main] DEBUG c.o.v.ReadOnlyMarketDataChannelPublishVisitor - Bid Side Size: 3
16:02:30.543 [main] DEBUG c.o.v.ReadOnlyMarketDataChannelPublishVisitor - Adding Mkt Data Msg BID: Price=98 Qty=100
16:02:30.543 [main] DEBUG c.o.v.ReadOnlyMarketDataChannelPublishVisitor - Adding Mkt Data Msg BID: Price=95 Qty=200
16:02:30.543 [main] DEBUG c.o.v.ReadOnlyMarketDataChannelPublishVisitor - Adding Mkt Data Msg BID: Price=91 Qty=300
16:02:30.543 [main] DEBUG c.o.v.ReadOnlyMarketDataChannelPublishVisitor - Ask Side Size: 2
16:02:30.543 [main] DEBUG c.o.v.ReadOnlyMarketDataChannelPublishVisitor - Adding Mkt Data Msg ASK: Price=115 Qty=3390
16:02:30.543 [main] DEBUG c.o.v.ReadOnlyMarketDataChannelPublishVisitor - Adding Mkt Data Msg ASK: Price=119 Qty=5600
16:02:30.543 [main] INFO  c.o.channel.MarketDataChannel - [ORDERBOOK] Sending market data update...
16:02:30.543 [main] INFO  c.sequencer.consumer.LoggingConsumer - [147] 
|----BID-----|
    100 @ 98
    200 @ 95
    300 @ 91
|----ASK-----|
  3390 @ 115
  5600 @ 119

16:02:30.543 [main] DEBUG c.service.MarketDataService - [ALGO] BID: price:98 quantity:100
16:02:30.543 [main] DEBUG c.service.MarketDataService - [ALGO] BID: price:95 quantity:200
16:02:30.543 [main] DEBUG c.service.MarketDataService - [ALGO] BID: price:91 quantity:300
16:02:30.543 [main] DEBUG c.service.MarketDataService - [ALGO] ASK: price:115 quantity:3390
16:02:30.543 [main] DEBUG c.service.MarketDataService - [ALGO] ASK: price:119 quantity:5600
16:02:30.543 [main] INFO  c.gettingstarted.MyAlgoLogic - [MYALGO] In Algo Logic.... HeLlO
16:02:30.543 [main] INFO  c.gettingstarted.MyAlgoLogic - [MYALGO] The state of the order book is:
|----BID-----||----ASK----|
    100 @ 98  3390 @ 115
    200 @ 95  5600 @ 119
    300 @ 91          - 
|------------||-----------|

total order count is45
16:02:30.544 [main] INFO  c.gettingstarted.MyAlgoLogic - [MYALGO] option is present total order count is45
16:02:30.544 [main] INFO  c.gettingstarted.MyAlgoLogic - [MYALGO] option is present, active orders are [codingblackfemales.sotw.ChildOrder@38102d01, codingblackfemales.sotw.ChildOrder@37883b97, codingblackfemales.sotw.ChildOrder@6ab778a, codingblackfemales.sotw.ChildOrder@4e3958e7, codingblackfemales.sotw.ChildOrder@77f80c04, codingblackfemales.sotw.ChildOrder@1dac5ef, codingblackfemales.sotw.ChildOrder@5c90e579, codingblackfemales.sotw.ChildOrder@58ea606c, codingblackfemales.sotw.ChildOrder@6f45df59, codingblackfemales.sotw.ChildOrder@38e79ae3, codingblackfemales.sotw.ChildOrder@63070bab, codingblackfemales.sotw.ChildOrder@68e5eea7, codingblackfemales.sotw.ChildOrder@291b4bf5, codingblackfemales.sotw.ChildOrder@2d2ffcb7, codingblackfemales.sotw.ChildOrder@762ef0ea, codingblackfemales.sotw.ChildOrder@31f9b85e, codingblackfemales.sotw.ChildOrder@424e1977]
active orders are [codingblackfemales.sotw.ChildOrder@38102d01, codingblackfemales.sotw.ChildOrder@37883b97, codingblackfemales.sotw.ChildOrder@6ab778a, codingblackfemales.sotw.ChildOrder@4e3958e7, codingblackfemales.sotw.ChildOrder@77f80c04, codingblackfemales.sotw.ChildOrder@1dac5ef, codingblackfemales.sotw.ChildOrder@5c90e579, codingblackfemales.sotw.ChildOrder@58ea606c, codingblackfemales.sotw.ChildOrder@6f45df59, codingblackfemales.sotw.ChildOrder@38e79ae3, codingblackfemales.sotw.ChildOrder@63070bab, codingblackfemales.sotw.ChildOrder@68e5eea7, codingblackfemales.sotw.ChildOrder@291b4bf5, codingblackfemales.sotw.ChildOrder@2d2ffcb7, codingblackfemales.sotw.ChildOrder@762ef0ea, codingblackfemales.sotw.ChildOrder@31f9b85e, codingblackfemales.sotw.ChildOrder@424e1977]
16:02:30.544 [main] INFO  c.gettingstarted.MyAlgoLogic - [MYALGO] option is present active orders are:[codingblackfemales.sotw.ChildOrder@38102d01, codingblackfemales.sotw.ChildOrder@37883b97, codingblackfemales.sotw.ChildOrder@6ab778a, codingblackfemales.sotw.ChildOrder@4e3958e7, codingblackfemales.sotw.ChildOrder@77f80c04, codingblackfemales.sotw.ChildOrder@1dac5ef, codingblackfemales.sotw.ChildOrder@5c90e579, codingblackfemales.sotw.ChildOrder@58ea606c, codingblackfemales.sotw.ChildOrder@6f45df59, codingblackfemales.sotw.ChildOrder@38e79ae3, codingblackfemales.sotw.ChildOrder@63070bab, codingblackfemales.sotw.ChildOrder@68e5eea7, codingblackfemales.sotw.ChildOrder@291b4bf5, codingblackfemales.sotw.ChildOrder@2d2ffcb7, codingblackfemales.sotw.ChildOrder@762ef0ea, codingblackfemales.sotw.ChildOrder@31f9b85e, codingblackfemales.sotw.ChildOrder@424e1977]
option is present.
16:02:30.544 [main] INFO  c.gettingstarted.MyAlgoLogic - [MYALGO] Cancelling order:codingblackfemales.sotw.ChildOrder@38102d01
child order is codingblackfemales.sotw.ChildOrder@38102d01
Child order is cancelled.
16:02:30.544 [main] INFO  c.container.Actioner - [ALGO] Actioner, sending action:CancelChildOrder(codingblackfemales.sotw.ChildOrder@38102d01)
16:02:30.544 [main] INFO  c.sequencer.consumer.LoggingConsumer - [148] [CancelOrder](sbeTemplateId=5|sbeSchemaId=2|sbeSchemaVersion=0|sbeBlockLength=8):orderId=30
16:02:30.544 [main] INFO  c.orderbook.OrderBook - [ORDERBOOK] Cancelling order (id=:30)
16:02:30.544 [main] DEBUG c.o.v.ReadOnlyMarketDataChannelPublishVisitor - Bid Side Size: 3
16:02:30.544 [main] DEBUG c.o.v.ReadOnlyMarketDataChannelPublishVisitor - Adding Mkt Data Msg BID: Price=98 Qty=100
16:02:30.544 [main] DEBUG c.o.v.ReadOnlyMarketDataChannelPublishVisitor - Adding Mkt Data Msg BID: Price=95 Qty=200
16:02:30.544 [main] DEBUG c.o.v.ReadOnlyMarketDataChannelPublishVisitor - Adding Mkt Data Msg BID: Price=91 Qty=300
16:02:30.544 [main] DEBUG c.o.v.ReadOnlyMarketDataChannelPublishVisitor - Ask Side Size: 2
16:02:30.544 [main] DEBUG c.o.v.ReadOnlyMarketDataChannelPublishVisitor - Adding Mkt Data Msg ASK: Price=115 Qty=3390
16:02:30.544 [main] DEBUG c.o.v.ReadOnlyMarketDataChannelPublishVisitor - Adding Mkt Data Msg ASK: Price=119 Qty=5600
16:02:30.544 [main] INFO  c.o.channel.MarketDataChannel - [ORDERBOOK] Sending market data update...
16:02:30.545 [main] INFO  c.sequencer.consumer.LoggingConsumer - [149] 
|----BID-----|
    100 @ 98
    200 @ 95
    300 @ 91
|----ASK-----|
  3390 @ 115
  5600 @ 119

16:02:30.545 [main] DEBUG c.service.MarketDataService - [ALGO] BID: price:98 quantity:100
16:02:30.545 [main] DEBUG c.service.MarketDataService - [ALGO] BID: price:95 quantity:200
16:02:30.545 [main] DEBUG c.service.MarketDataService - [ALGO] BID: price:91 quantity:300
16:02:30.545 [main] DEBUG c.service.MarketDataService - [ALGO] ASK: price:115 quantity:3390
16:02:30.545 [main] DEBUG c.service.MarketDataService - [ALGO] ASK: price:119 quantity:5600
16:02:30.545 [main] INFO  c.gettingstarted.MyAlgoLogic - [MYALGO] In Algo Logic.... HeLlO
16:02:30.545 [main] INFO  c.gettingstarted.MyAlgoLogic - [MYALGO] The state of the order book is:
|----BID-----||----ASK----|
    100 @ 98  3390 @ 115
    200 @ 95  5600 @ 119
    300 @ 91          - 
|------------||-----------|

total order count is45
16:02:30.545 [main] INFO  c.gettingstarted.MyAlgoLogic - [MYALGO] option is present total order count is45
16:02:30.545 [main] INFO  c.gettingstarted.MyAlgoLogic - [MYALGO] option is present, active orders are [codingblackfemales.sotw.ChildOrder@37883b97, codingblackfemales.sotw.ChildOrder@6ab778a, codingblackfemales.sotw.ChildOrder@4e3958e7, codingblackfemales.sotw.ChildOrder@77f80c04, codingblackfemales.sotw.ChildOrder@1dac5ef, codingblackfemales.sotw.ChildOrder@5c90e579, codingblackfemales.sotw.ChildOrder@58ea606c, codingblackfemales.sotw.ChildOrder@6f45df59, codingblackfemales.sotw.ChildOrder@38e79ae3, codingblackfemales.sotw.ChildOrder@63070bab, codingblackfemales.sotw.ChildOrder@68e5eea7, codingblackfemales.sotw.ChildOrder@291b4bf5, codingblackfemales.sotw.ChildOrder@2d2ffcb7, codingblackfemales.sotw.ChildOrder@762ef0ea, codingblackfemales.sotw.ChildOrder@31f9b85e, codingblackfemales.sotw.ChildOrder@424e1977]
active orders are [codingblackfemales.sotw.ChildOrder@37883b97, codingblackfemales.sotw.ChildOrder@6ab778a, codingblackfemales.sotw.ChildOrder@4e3958e7, codingblackfemales.sotw.ChildOrder@77f80c04, codingblackfemales.sotw.ChildOrder@1dac5ef, codingblackfemales.sotw.ChildOrder@5c90e579, codingblackfemales.sotw.ChildOrder@58ea606c, codingblackfemales.sotw.ChildOrder@6f45df59, codingblackfemales.sotw.ChildOrder@38e79ae3, codingblackfemales.sotw.ChildOrder@63070bab, codingblackfemales.sotw.ChildOrder@68e5eea7, codingblackfemales.sotw.ChildOrder@291b4bf5, codingblackfemales.sotw.ChildOrder@2d2ffcb7, codingblackfemales.sotw.ChildOrder@762ef0ea, codingblackfemales.sotw.ChildOrder@31f9b85e, codingblackfemales.sotw.ChildOrder@424e1977]
16:02:30.545 [main] INFO  c.gettingstarted.MyAlgoLogic - [MYALGO] option is present active orders are:[codingblackfemales.sotw.ChildOrder@37883b97, codingblackfemales.sotw.ChildOrder@6ab778a, codingblackfemales.sotw.ChildOrder@4e3958e7, codingblackfemales.sotw.ChildOrder@77f80c04, codingblackfemales.sotw.ChildOrder@1dac5ef, codingblackfemales.sotw.ChildOrder@5c90e579, codingblackfemales.sotw.ChildOrder@58ea606c, codingblackfemales.sotw.ChildOrder@6f45df59, codingblackfemales.sotw.ChildOrder@38e79ae3, codingblackfemales.sotw.ChildOrder@63070bab, codingblackfemales.sotw.ChildOrder@68e5eea7, codingblackfemales.sotw.ChildOrder@291b4bf5, codingblackfemales.sotw.ChildOrder@2d2ffcb7, codingblackfemales.sotw.ChildOrder@762ef0ea, codingblackfemales.sotw.ChildOrder@31f9b85e, codingblackfemales.sotw.ChildOrder@424e1977]
option is present.
16:02:30.545 [main] INFO  c.gettingstarted.MyAlgoLogic - [MYALGO] Cancelling order:codingblackfemales.sotw.ChildOrder@37883b97
child order is codingblackfemales.sotw.ChildOrder@37883b97
Child order is cancelled.
16:02:30.545 [main] INFO  c.container.Actioner - [ALGO] Actioner, sending action:CancelChildOrder(codingblackfemales.sotw.ChildOrder@37883b97)
16:02:30.545 [main] INFO  c.sequencer.consumer.LoggingConsumer - [150] [CancelOrder](sbeTemplateId=5|sbeSchemaId=2|sbeSchemaVersion=0|sbeBlockLength=8):orderId=31
16:02:30.545 [main] INFO  c.orderbook.OrderBook - [ORDERBOOK] Cancelling order (id=:31)
16:02:30.545 [main] DEBUG c.o.v.ReadOnlyMarketDataChannelPublishVisitor - Bid Side Size: 3
16:02:30.545 [main] DEBUG c.o.v.ReadOnlyMarketDataChannelPublishVisitor - Adding Mkt Data Msg BID: Price=98 Qty=100
16:02:30.545 [main] DEBUG c.o.v.ReadOnlyMarketDataChannelPublishVisitor - Adding Mkt Data Msg BID: Price=95 Qty=200
16:02:30.545 [main] DEBUG c.o.v.ReadOnlyMarketDataChannelPublishVisitor - Adding Mkt Data Msg BID: Price=91 Qty=300
16:02:30.545 [main] DEBUG c.o.v.ReadOnlyMarketDataChannelPublishVisitor - Ask Side Size: 2
16:02:30.545 [main] DEBUG c.o.v.ReadOnlyMarketDataChannelPublishVisitor - Adding Mkt Data Msg ASK: Price=115 Qty=3390
16:02:30.545 [main] DEBUG c.o.v.ReadOnlyMarketDataChannelPublishVisitor - Adding Mkt Data Msg ASK: Price=119 Qty=5600
16:02:30.545 [main] INFO  c.o.channel.MarketDataChannel - [ORDERBOOK] Sending market data update...
16:02:30.545 [main] INFO  c.sequencer.consumer.LoggingConsumer - [151] 
|----BID-----|
    100 @ 98
    200 @ 95
    300 @ 91
|----ASK-----|
  3390 @ 115
  5600 @ 119

16:02:30.545 [main] DEBUG c.service.MarketDataService - [ALGO] BID: price:98 quantity:100
16:02:30.545 [main] DEBUG c.service.MarketDataService - [ALGO] BID: price:95 quantity:200
16:02:30.546 [main] DEBUG c.service.MarketDataService - [ALGO] BID: price:91 quantity:300
16:02:30.546 [main] DEBUG c.service.MarketDataService - [ALGO] ASK: price:115 quantity:3390
16:02:30.546 [main] DEBUG c.service.MarketDataService - [ALGO] ASK: price:119 quantity:5600
16:02:30.546 [main] INFO  c.gettingstarted.MyAlgoLogic - [MYALGO] In Algo Logic.... HeLlO
16:02:30.546 [main] INFO  c.gettingstarted.MyAlgoLogic - [MYALGO] The state of the order book is:
|----BID-----||----ASK----|
    100 @ 98  3390 @ 115
    200 @ 95  5600 @ 119
    300 @ 91          - 
|------------||-----------|

total order count is45
16:02:30.546 [main] INFO  c.gettingstarted.MyAlgoLogic - [MYALGO] option is present total order count is45
16:02:30.546 [main] INFO  c.gettingstarted.MyAlgoLogic - [MYALGO] option is present, active orders are [codingblackfemales.sotw.ChildOrder@6ab778a, codingblackfemales.sotw.ChildOrder@4e3958e7, codingblackfemales.sotw.ChildOrder@77f80c04, codingblackfemales.sotw.ChildOrder@1dac5ef, codingblackfemales.sotw.ChildOrder@5c90e579, codingblackfemales.sotw.ChildOrder@58ea606c, codingblackfemales.sotw.ChildOrder@6f45df59, codingblackfemales.sotw.ChildOrder@38e79ae3, codingblackfemales.sotw.ChildOrder@63070bab, codingblackfemales.sotw.ChildOrder@68e5eea7, codingblackfemales.sotw.ChildOrder@291b4bf5, codingblackfemales.sotw.ChildOrder@2d2ffcb7, codingblackfemales.sotw.ChildOrder@762ef0ea, codingblackfemales.sotw.ChildOrder@31f9b85e, codingblackfemales.sotw.ChildOrder@424e1977]
active orders are [codingblackfemales.sotw.ChildOrder@6ab778a, codingblackfemales.sotw.ChildOrder@4e3958e7, codingblackfemales.sotw.ChildOrder@77f80c04, codingblackfemales.sotw.ChildOrder@1dac5ef, codingblackfemales.sotw.ChildOrder@5c90e579, codingblackfemales.sotw.ChildOrder@58ea606c, codingblackfemales.sotw.ChildOrder@6f45df59, codingblackfemales.sotw.ChildOrder@38e79ae3, codingblackfemales.sotw.ChildOrder@63070bab, codingblackfemales.sotw.ChildOrder@68e5eea7, codingblackfemales.sotw.ChildOrder@291b4bf5, codingblackfemales.sotw.ChildOrder@2d2ffcb7, codingblackfemales.sotw.ChildOrder@762ef0ea, codingblackfemales.sotw.ChildOrder@31f9b85e, codingblackfemales.sotw.ChildOrder@424e1977]
16:02:30.547 [main] INFO  c.gettingstarted.MyAlgoLogic - [MYALGO] option is present active orders are:[codingblackfemales.sotw.ChildOrder@6ab778a, codingblackfemales.sotw.ChildOrder@4e3958e7, codingblackfemales.sotw.ChildOrder@77f80c04, codingblackfemales.sotw.ChildOrder@1dac5ef, codingblackfemales.sotw.ChildOrder@5c90e579, codingblackfemales.sotw.ChildOrder@58ea606c, codingblackfemales.sotw.ChildOrder@6f45df59, codingblackfemales.sotw.ChildOrder@38e79ae3, codingblackfemales.sotw.ChildOrder@63070bab, codingblackfemales.sotw.ChildOrder@68e5eea7, codingblackfemales.sotw.ChildOrder@291b4bf5, codingblackfemales.sotw.ChildOrder@2d2ffcb7, codingblackfemales.sotw.ChildOrder@762ef0ea, codingblackfemales.sotw.ChildOrder@31f9b85e, codingblackfemales.sotw.ChildOrder@424e1977]
option is present.
16:02:30.549 [main] INFO  c.gettingstarted.MyAlgoLogic - [MYALGO] Cancelling order:codingblackfemales.sotw.ChildOrder@6ab778a
child order is codingblackfemales.sotw.ChildOrder@6ab778a
Child order is cancelled.
16:02:30.549 [main] INFO  c.container.Actioner - [ALGO] Actioner, sending action:CancelChildOrder(codingblackfemales.sotw.ChildOrder@6ab778a)
16:02:30.549 [main] INFO  c.sequencer.consumer.LoggingConsumer - [152] [CancelOrder](sbeTemplateId=5|sbeSchemaId=2|sbeSchemaVersion=0|sbeBlockLength=8):orderId=32
16:02:30.549 [main] INFO  c.orderbook.OrderBook - [ORDERBOOK] Cancelling order (id=:32)
16:02:30.549 [main] DEBUG c.o.v.ReadOnlyMarketDataChannelPublishVisitor - Bid Side Size: 3
16:02:30.549 [main] DEBUG c.o.v.ReadOnlyMarketDataChannelPublishVisitor - Adding Mkt Data Msg BID: Price=98 Qty=100
16:02:30.549 [main] DEBUG c.o.v.ReadOnlyMarketDataChannelPublishVisitor - Adding Mkt Data Msg BID: Price=95 Qty=200
16:02:30.549 [main] DEBUG c.o.v.ReadOnlyMarketDataChannelPublishVisitor - Adding Mkt Data Msg BID: Price=91 Qty=300
16:02:30.549 [main] DEBUG c.o.v.ReadOnlyMarketDataChannelPublishVisitor - Ask Side Size: 2
16:02:30.549 [main] DEBUG c.o.v.ReadOnlyMarketDataChannelPublishVisitor - Adding Mkt Data Msg ASK: Price=115 Qty=3390
16:02:30.549 [main] DEBUG c.o.v.ReadOnlyMarketDataChannelPublishVisitor - Adding Mkt Data Msg ASK: Price=119 Qty=5600
16:02:30.549 [main] INFO  c.o.channel.MarketDataChannel - [ORDERBOOK] Sending market data update...
16:02:30.550 [main] INFO  c.sequencer.consumer.LoggingConsumer - [153] 
|----BID-----|
    100 @ 98
    200 @ 95
    300 @ 91
|----ASK-----|
  3390 @ 115
  5600 @ 119

16:02:30.550 [main] DEBUG c.service.MarketDataService - [ALGO] BID: price:98 quantity:100
16:02:30.550 [main] DEBUG c.service.MarketDataService - [ALGO] BID: price:95 quantity:200
16:02:30.550 [main] DEBUG c.service.MarketDataService - [ALGO] BID: price:91 quantity:300
16:02:30.550 [main] DEBUG c.service.MarketDataService - [ALGO] ASK: price:115 quantity:3390
16:02:30.550 [main] DEBUG c.service.MarketDataService - [ALGO] ASK: price:119 quantity:5600
16:02:30.550 [main] INFO  c.gettingstarted.MyAlgoLogic - [MYALGO] In Algo Logic.... HeLlO
16:02:30.550 [main] INFO  c.gettingstarted.MyAlgoLogic - [MYALGO] The state of the order book is:
|----BID-----||----ASK----|
    100 @ 98  3390 @ 115
    200 @ 95  5600 @ 119
    300 @ 91          - 
|------------||-----------|

total order count is45
16:02:30.550 [main] INFO  c.gettingstarted.MyAlgoLogic - [MYALGO] option is present total order count is45
16:02:30.550 [main] INFO  c.gettingstarted.MyAlgoLogic - [MYALGO] option is present, active orders are [codingblackfemales.sotw.ChildOrder@4e3958e7, codingblackfemales.sotw.ChildOrder@77f80c04, codingblackfemales.sotw.ChildOrder@1dac5ef, codingblackfemales.sotw.ChildOrder@5c90e579, codingblackfemales.sotw.ChildOrder@58ea606c, codingblackfemales.sotw.ChildOrder@6f45df59, codingblackfemales.sotw.ChildOrder@38e79ae3, codingblackfemales.sotw.ChildOrder@63070bab, codingblackfemales.sotw.ChildOrder@68e5eea7, codingblackfemales.sotw.ChildOrder@291b4bf5, codingblackfemales.sotw.ChildOrder@2d2ffcb7, codingblackfemales.sotw.ChildOrder@762ef0ea, codingblackfemales.sotw.ChildOrder@31f9b85e, codingblackfemales.sotw.ChildOrder@424e1977]
active orders are [codingblackfemales.sotw.ChildOrder@4e3958e7, codingblackfemales.sotw.ChildOrder@77f80c04, codingblackfemales.sotw.ChildOrder@1dac5ef, codingblackfemales.sotw.ChildOrder@5c90e579, codingblackfemales.sotw.ChildOrder@58ea606c, codingblackfemales.sotw.ChildOrder@6f45df59, codingblackfemales.sotw.ChildOrder@38e79ae3, codingblackfemales.sotw.ChildOrder@63070bab, codingblackfemales.sotw.ChildOrder@68e5eea7, codingblackfemales.sotw.ChildOrder@291b4bf5, codingblackfemales.sotw.ChildOrder@2d2ffcb7, codingblackfemales.sotw.ChildOrder@762ef0ea, codingblackfemales.sotw.ChildOrder@31f9b85e, codingblackfemales.sotw.ChildOrder@424e1977]
16:02:30.550 [main] INFO  c.gettingstarted.MyAlgoLogic - [MYALGO] option is present active orders are:[codingblackfemales.sotw.ChildOrder@4e3958e7, codingblackfemales.sotw.ChildOrder@77f80c04, codingblackfemales.sotw.ChildOrder@1dac5ef, codingblackfemales.sotw.ChildOrder@5c90e579, codingblackfemales.sotw.ChildOrder@58ea606c, codingblackfemales.sotw.ChildOrder@6f45df59, codingblackfemales.sotw.ChildOrder@38e79ae3, codingblackfemales.sotw.ChildOrder@63070bab, codingblackfemales.sotw.ChildOrder@68e5eea7, codingblackfemales.sotw.ChildOrder@291b4bf5, codingblackfemales.sotw.ChildOrder@2d2ffcb7, codingblackfemales.sotw.ChildOrder@762ef0ea, codingblackfemales.sotw.ChildOrder@31f9b85e, codingblackfemales.sotw.ChildOrder@424e1977]
option is present.
16:02:30.550 [main] INFO  c.gettingstarted.MyAlgoLogic - [MYALGO] Cancelling order:codingblackfemales.sotw.ChildOrder@4e3958e7
child order is codingblackfemales.sotw.ChildOrder@4e3958e7
Child order is cancelled.
16:02:30.550 [main] INFO  c.container.Actioner - [ALGO] Actioner, sending action:CancelChildOrder(codingblackfemales.sotw.ChildOrder@4e3958e7)
16:02:30.550 [main] INFO  c.sequencer.consumer.LoggingConsumer - [154] [CancelOrder](sbeTemplateId=5|sbeSchemaId=2|sbeSchemaVersion=0|sbeBlockLength=8):orderId=33
16:02:30.550 [main] INFO  c.orderbook.OrderBook - [ORDERBOOK] Cancelling order (id=:33)
16:02:30.550 [main] DEBUG c.o.v.ReadOnlyMarketDataChannelPublishVisitor - Bid Side Size: 3
16:02:30.550 [main] DEBUG c.o.v.ReadOnlyMarketDataChannelPublishVisitor - Adding Mkt Data Msg BID: Price=98 Qty=100
16:02:30.550 [main] DEBUG c.o.v.ReadOnlyMarketDataChannelPublishVisitor - Adding Mkt Data Msg BID: Price=95 Qty=200
16:02:30.550 [main] DEBUG c.o.v.ReadOnlyMarketDataChannelPublishVisitor - Adding Mkt Data Msg BID: Price=91 Qty=300
16:02:30.550 [main] DEBUG c.o.v.ReadOnlyMarketDataChannelPublishVisitor - Ask Side Size: 2
16:02:30.550 [main] DEBUG c.o.v.ReadOnlyMarketDataChannelPublishVisitor - Adding Mkt Data Msg ASK: Price=115 Qty=3390
16:02:30.550 [main] DEBUG c.o.v.ReadOnlyMarketDataChannelPublishVisitor - Adding Mkt Data Msg ASK: Price=119 Qty=5600
16:02:30.550 [main] INFO  c.o.channel.MarketDataChannel - [ORDERBOOK] Sending market data update...
16:02:30.550 [main] INFO  c.sequencer.consumer.LoggingConsumer - [155] 
|----BID-----|
    100 @ 98
    200 @ 95
    300 @ 91
|----ASK-----|
  3390 @ 115
  5600 @ 119

16:02:30.550 [main] DEBUG c.service.MarketDataService - [ALGO] BID: price:98 quantity:100
16:02:30.550 [main] DEBUG c.service.MarketDataService - [ALGO] BID: price:95 quantity:200
16:02:30.550 [main] DEBUG c.service.MarketDataService - [ALGO] BID: price:91 quantity:300
16:02:30.550 [main] DEBUG c.service.MarketDataService - [ALGO] ASK: price:115 quantity:3390
16:02:30.550 [main] DEBUG c.service.MarketDataService - [ALGO] ASK: price:119 quantity:5600
16:02:30.550 [main] INFO  c.gettingstarted.MyAlgoLogic - [MYALGO] In Algo Logic.... HeLlO
16:02:30.551 [main] INFO  c.gettingstarted.MyAlgoLogic - [MYALGO] The state of the order book is:
|----BID-----||----ASK----|
    100 @ 98  3390 @ 115
    200 @ 95  5600 @ 119
    300 @ 91          - 
|------------||-----------|

total order count is45
16:02:30.551 [main] INFO  c.gettingstarted.MyAlgoLogic - [MYALGO] option is present total order count is45
16:02:30.551 [main] INFO  c.gettingstarted.MyAlgoLogic - [MYALGO] option is present, active orders are [codingblackfemales.sotw.ChildOrder@77f80c04, codingblackfemales.sotw.ChildOrder@1dac5ef, codingblackfemales.sotw.ChildOrder@5c90e579, codingblackfemales.sotw.ChildOrder@58ea606c, codingblackfemales.sotw.ChildOrder@6f45df59, codingblackfemales.sotw.ChildOrder@38e79ae3, codingblackfemales.sotw.ChildOrder@63070bab, codingblackfemales.sotw.ChildOrder@68e5eea7, codingblackfemales.sotw.ChildOrder@291b4bf5, codingblackfemales.sotw.ChildOrder@2d2ffcb7, codingblackfemales.sotw.ChildOrder@762ef0ea, codingblackfemales.sotw.ChildOrder@31f9b85e, codingblackfemales.sotw.ChildOrder@424e1977]
active orders are [codingblackfemales.sotw.ChildOrder@77f80c04, codingblackfemales.sotw.ChildOrder@1dac5ef, codingblackfemales.sotw.ChildOrder@5c90e579, codingblackfemales.sotw.ChildOrder@58ea606c, codingblackfemales.sotw.ChildOrder@6f45df59, codingblackfemales.sotw.ChildOrder@38e79ae3, codingblackfemales.sotw.ChildOrder@63070bab, codingblackfemales.sotw.ChildOrder@68e5eea7, codingblackfemales.sotw.ChildOrder@291b4bf5, codingblackfemales.sotw.ChildOrder@2d2ffcb7, codingblackfemales.sotw.ChildOrder@762ef0ea, codingblackfemales.sotw.ChildOrder@31f9b85e, codingblackfemales.sotw.ChildOrder@424e1977]
16:02:30.551 [main] INFO  c.gettingstarted.MyAlgoLogic - [MYALGO] option is present active orders are:[codingblackfemales.sotw.ChildOrder@77f80c04, codingblackfemales.sotw.ChildOrder@1dac5ef, codingblackfemales.sotw.ChildOrder@5c90e579, codingblackfemales.sotw.ChildOrder@58ea606c, codingblackfemales.sotw.ChildOrder@6f45df59, codingblackfemales.sotw.ChildOrder@38e79ae3, codingblackfemales.sotw.ChildOrder@63070bab, codingblackfemales.sotw.ChildOrder@68e5eea7, codingblackfemales.sotw.ChildOrder@291b4bf5, codingblackfemales.sotw.ChildOrder@2d2ffcb7, codingblackfemales.sotw.ChildOrder@762ef0ea, codingblackfemales.sotw.ChildOrder@31f9b85e, codingblackfemales.sotw.ChildOrder@424e1977]
option is present.
16:02:30.551 [main] INFO  c.gettingstarted.MyAlgoLogic - [MYALGO] Cancelling order:codingblackfemales.sotw.ChildOrder@77f80c04
child order is codingblackfemales.sotw.ChildOrder@77f80c04
Child order is cancelled.
16:02:30.551 [main] INFO  c.container.Actioner - [ALGO] Actioner, sending action:CancelChildOrder(codingblackfemales.sotw.ChildOrder@77f80c04)
16:02:30.551 [main] INFO  c.sequencer.consumer.LoggingConsumer - [156] [CancelOrder](sbeTemplateId=5|sbeSchemaId=2|sbeSchemaVersion=0|sbeBlockLength=8):orderId=34
16:02:30.551 [main] INFO  c.orderbook.OrderBook - [ORDERBOOK] Cancelling order (id=:34)
16:02:30.551 [main] DEBUG c.o.v.ReadOnlyMarketDataChannelPublishVisitor - Bid Side Size: 3
16:02:30.551 [main] DEBUG c.o.v.ReadOnlyMarketDataChannelPublishVisitor - Adding Mkt Data Msg BID: Price=98 Qty=100
16:02:30.551 [main] DEBUG c.o.v.ReadOnlyMarketDataChannelPublishVisitor - Adding Mkt Data Msg BID: Price=95 Qty=200
16:02:30.551 [main] DEBUG c.o.v.ReadOnlyMarketDataChannelPublishVisitor - Adding Mkt Data Msg BID: Price=91 Qty=300
16:02:30.551 [main] DEBUG c.o.v.ReadOnlyMarketDataChannelPublishVisitor - Ask Side Size: 2
16:02:30.551 [main] DEBUG c.o.v.ReadOnlyMarketDataChannelPublishVisitor - Adding Mkt Data Msg ASK: Price=115 Qty=3390
16:02:30.551 [main] DEBUG c.o.v.ReadOnlyMarketDataChannelPublishVisitor - Adding Mkt Data Msg ASK: Price=119 Qty=5600
16:02:30.551 [main] INFO  c.o.channel.MarketDataChannel - [ORDERBOOK] Sending market data update...
16:02:30.551 [main] INFO  c.sequencer.consumer.LoggingConsumer - [157] 
|----BID-----|
    100 @ 98
    200 @ 95
    300 @ 91
|----ASK-----|
  3390 @ 115
  5600 @ 119

16:02:30.551 [main] DEBUG c.service.MarketDataService - [ALGO] BID: price:98 quantity:100
16:02:30.551 [main] DEBUG c.service.MarketDataService - [ALGO] BID: price:95 quantity:200
16:02:30.551 [main] DEBUG c.service.MarketDataService - [ALGO] BID: price:91 quantity:300
16:02:30.551 [main] DEBUG c.service.MarketDataService - [ALGO] ASK: price:115 quantity:3390
16:02:30.551 [main] DEBUG c.service.MarketDataService - [ALGO] ASK: price:119 quantity:5600
16:02:30.551 [main] INFO  c.gettingstarted.MyAlgoLogic - [MYALGO] In Algo Logic.... HeLlO
16:02:30.551 [main] INFO  c.gettingstarted.MyAlgoLogic - [MYALGO] The state of the order book is:
|----BID-----||----ASK----|
    100 @ 98  3390 @ 115
    200 @ 95  5600 @ 119
    300 @ 91          - 
|------------||-----------|

total order count is45
16:02:30.551 [main] INFO  c.gettingstarted.MyAlgoLogic - [MYALGO] option is present total order count is45
16:02:30.551 [main] INFO  c.gettingstarted.MyAlgoLogic - [MYALGO] option is present, active orders are [codingblackfemales.sotw.ChildOrder@1dac5ef, codingblackfemales.sotw.ChildOrder@5c90e579, codingblackfemales.sotw.ChildOrder@58ea606c, codingblackfemales.sotw.ChildOrder@6f45df59, codingblackfemales.sotw.ChildOrder@38e79ae3, codingblackfemales.sotw.ChildOrder@63070bab, codingblackfemales.sotw.ChildOrder@68e5eea7, codingblackfemales.sotw.ChildOrder@291b4bf5, codingblackfemales.sotw.ChildOrder@2d2ffcb7, codingblackfemales.sotw.ChildOrder@762ef0ea, codingblackfemales.sotw.ChildOrder@31f9b85e, codingblackfemales.sotw.ChildOrder@424e1977]
active orders are [codingblackfemales.sotw.ChildOrder@1dac5ef, codingblackfemales.sotw.ChildOrder@5c90e579, codingblackfemales.sotw.ChildOrder@58ea606c, codingblackfemales.sotw.ChildOrder@6f45df59, codingblackfemales.sotw.ChildOrder@38e79ae3, codingblackfemales.sotw.ChildOrder@63070bab, codingblackfemales.sotw.ChildOrder@68e5eea7, codingblackfemales.sotw.ChildOrder@291b4bf5, codingblackfemales.sotw.ChildOrder@2d2ffcb7, codingblackfemales.sotw.ChildOrder@762ef0ea, codingblackfemales.sotw.ChildOrder@31f9b85e, codingblackfemales.sotw.ChildOrder@424e1977]
16:02:30.551 [main] INFO  c.gettingstarted.MyAlgoLogic - [MYALGO] option is present active orders are:[codingblackfemales.sotw.ChildOrder@1dac5ef, codingblackfemales.sotw.ChildOrder@5c90e579, codingblackfemales.sotw.ChildOrder@58ea606c, codingblackfemales.sotw.ChildOrder@6f45df59, codingblackfemales.sotw.ChildOrder@38e79ae3, codingblackfemales.sotw.ChildOrder@63070bab, codingblackfemales.sotw.ChildOrder@68e5eea7, codingblackfemales.sotw.ChildOrder@291b4bf5, codingblackfemales.sotw.ChildOrder@2d2ffcb7, codingblackfemales.sotw.ChildOrder@762ef0ea, codingblackfemales.sotw.ChildOrder@31f9b85e, codingblackfemales.sotw.ChildOrder@424e1977]
option is present.
16:02:30.551 [main] INFO  c.gettingstarted.MyAlgoLogic - [MYALGO] Cancelling order:codingblackfemales.sotw.ChildOrder@1dac5ef
child order is codingblackfemales.sotw.ChildOrder@1dac5ef
Child order is cancelled.
16:02:30.551 [main] INFO  c.container.Actioner - [ALGO] Actioner, sending action:CancelChildOrder(codingblackfemales.sotw.ChildOrder@1dac5ef)
16:02:30.552 [main] INFO  c.sequencer.consumer.LoggingConsumer - [158] [CancelOrder](sbeTemplateId=5|sbeSchemaId=2|sbeSchemaVersion=0|sbeBlockLength=8):orderId=35
16:02:30.552 [main] INFO  c.orderbook.OrderBook - [ORDERBOOK] Cancelling order (id=:35)
16:02:30.552 [main] DEBUG c.o.v.ReadOnlyMarketDataChannelPublishVisitor - Bid Side Size: 3
16:02:30.552 [main] DEBUG c.o.v.ReadOnlyMarketDataChannelPublishVisitor - Adding Mkt Data Msg BID: Price=98 Qty=100
16:02:30.552 [main] DEBUG c.o.v.ReadOnlyMarketDataChannelPublishVisitor - Adding Mkt Data Msg BID: Price=95 Qty=200
16:02:30.552 [main] DEBUG c.o.v.ReadOnlyMarketDataChannelPublishVisitor - Adding Mkt Data Msg BID: Price=91 Qty=300
16:02:30.552 [main] DEBUG c.o.v.ReadOnlyMarketDataChannelPublishVisitor - Ask Side Size: 2
16:02:30.552 [main] DEBUG c.o.v.ReadOnlyMarketDataChannelPublishVisitor - Adding Mkt Data Msg ASK: Price=115 Qty=3390
16:02:30.552 [main] DEBUG c.o.v.ReadOnlyMarketDataChannelPublishVisitor - Adding Mkt Data Msg ASK: Price=119 Qty=5600
16:02:30.552 [main] INFO  c.o.channel.MarketDataChannel - [ORDERBOOK] Sending market data update...
16:02:30.553 [main] INFO  c.sequencer.consumer.LoggingConsumer - [159] 
|----BID-----|
    100 @ 98
    200 @ 95
    300 @ 91
|----ASK-----|
  3390 @ 115
  5600 @ 119

16:02:30.553 [main] DEBUG c.service.MarketDataService - [ALGO] BID: price:98 quantity:100
16:02:30.553 [main] DEBUG c.service.MarketDataService - [ALGO] BID: price:95 quantity:200
16:02:30.553 [main] DEBUG c.service.MarketDataService - [ALGO] BID: price:91 quantity:300
16:02:30.553 [main] DEBUG c.service.MarketDataService - [ALGO] ASK: price:115 quantity:3390
16:02:30.553 [main] DEBUG c.service.MarketDataService - [ALGO] ASK: price:119 quantity:5600
16:02:30.553 [main] INFO  c.gettingstarted.MyAlgoLogic - [MYALGO] In Algo Logic.... HeLlO
16:02:30.553 [main] INFO  c.gettingstarted.MyAlgoLogic - [MYALGO] The state of the order book is:
|----BID-----||----ASK----|
    100 @ 98  3390 @ 115
    200 @ 95  5600 @ 119
    300 @ 91          - 
|------------||-----------|

total order count is45
16:02:30.553 [main] INFO  c.gettingstarted.MyAlgoLogic - [MYALGO] option is present total order count is45
16:02:30.553 [main] INFO  c.gettingstarted.MyAlgoLogic - [MYALGO] option is present, active orders are [codingblackfemales.sotw.ChildOrder@5c90e579, codingblackfemales.sotw.ChildOrder@58ea606c, codingblackfemales.sotw.ChildOrder@6f45df59, codingblackfemales.sotw.ChildOrder@38e79ae3, codingblackfemales.sotw.ChildOrder@63070bab, codingblackfemales.sotw.ChildOrder@68e5eea7, codingblackfemales.sotw.ChildOrder@291b4bf5, codingblackfemales.sotw.ChildOrder@2d2ffcb7, codingblackfemales.sotw.ChildOrder@762ef0ea, codingblackfemales.sotw.ChildOrder@31f9b85e, codingblackfemales.sotw.ChildOrder@424e1977]
active orders are [codingblackfemales.sotw.ChildOrder@5c90e579, codingblackfemales.sotw.ChildOrder@58ea606c, codingblackfemales.sotw.ChildOrder@6f45df59, codingblackfemales.sotw.ChildOrder@38e79ae3, codingblackfemales.sotw.ChildOrder@63070bab, codingblackfemales.sotw.ChildOrder@68e5eea7, codingblackfemales.sotw.ChildOrder@291b4bf5, codingblackfemales.sotw.ChildOrder@2d2ffcb7, codingblackfemales.sotw.ChildOrder@762ef0ea, codingblackfemales.sotw.ChildOrder@31f9b85e, codingblackfemales.sotw.ChildOrder@424e1977]
16:02:30.553 [main] INFO  c.gettingstarted.MyAlgoLogic - [MYALGO] option is present active orders are:[codingblackfemales.sotw.ChildOrder@5c90e579, codingblackfemales.sotw.ChildOrder@58ea606c, codingblackfemales.sotw.ChildOrder@6f45df59, codingblackfemales.sotw.ChildOrder@38e79ae3, codingblackfemales.sotw.ChildOrder@63070bab, codingblackfemales.sotw.ChildOrder@68e5eea7, codingblackfemales.sotw.ChildOrder@291b4bf5, codingblackfemales.sotw.ChildOrder@2d2ffcb7, codingblackfemales.sotw.ChildOrder@762ef0ea, codingblackfemales.sotw.ChildOrder@31f9b85e, codingblackfemales.sotw.ChildOrder@424e1977]
option is present.
16:02:30.553 [main] INFO  c.gettingstarted.MyAlgoLogic - [MYALGO] Cancelling order:codingblackfemales.sotw.ChildOrder@5c90e579
child order is codingblackfemales.sotw.ChildOrder@5c90e579
Child order is cancelled.
16:02:30.553 [main] INFO  c.container.Actioner - [ALGO] Actioner, sending action:CancelChildOrder(codingblackfemales.sotw.ChildOrder@5c90e579)
16:02:30.553 [main] INFO  c.sequencer.consumer.LoggingConsumer - [160] [CancelOrder](sbeTemplateId=5|sbeSchemaId=2|sbeSchemaVersion=0|sbeBlockLength=8):orderId=36
16:02:30.553 [main] INFO  c.orderbook.OrderBook - [ORDERBOOK] Cancelling order (id=:36)
16:02:30.553 [main] DEBUG c.o.v.ReadOnlyMarketDataChannelPublishVisitor - Bid Side Size: 3
16:02:30.553 [main] DEBUG c.o.v.ReadOnlyMarketDataChannelPublishVisitor - Adding Mkt Data Msg BID: Price=98 Qty=100
16:02:30.553 [main] DEBUG c.o.v.ReadOnlyMarketDataChannelPublishVisitor - Adding Mkt Data Msg BID: Price=95 Qty=200
16:02:30.553 [main] DEBUG c.o.v.ReadOnlyMarketDataChannelPublishVisitor - Adding Mkt Data Msg BID: Price=91 Qty=300
16:02:30.553 [main] DEBUG c.o.v.ReadOnlyMarketDataChannelPublishVisitor - Ask Side Size: 2
16:02:30.553 [main] DEBUG c.o.v.ReadOnlyMarketDataChannelPublishVisitor - Adding Mkt Data Msg ASK: Price=115 Qty=3390
16:02:30.553 [main] DEBUG c.o.v.ReadOnlyMarketDataChannelPublishVisitor - Adding Mkt Data Msg ASK: Price=119 Qty=5600
16:02:30.553 [main] INFO  c.o.channel.MarketDataChannel - [ORDERBOOK] Sending market data update...
16:02:30.553 [main] INFO  c.sequencer.consumer.LoggingConsumer - [161] 
|----BID-----|
    100 @ 98
    200 @ 95
    300 @ 91
|----ASK-----|
  3390 @ 115
  5600 @ 119

16:02:30.553 [main] DEBUG c.service.MarketDataService - [ALGO] BID: price:98 quantity:100
16:02:30.553 [main] DEBUG c.service.MarketDataService - [ALGO] BID: price:95 quantity:200
16:02:30.553 [main] DEBUG c.service.MarketDataService - [ALGO] BID: price:91 quantity:300
16:02:30.553 [main] DEBUG c.service.MarketDataService - [ALGO] ASK: price:115 quantity:3390
16:02:30.553 [main] DEBUG c.service.MarketDataService - [ALGO] ASK: price:119 quantity:5600
16:02:30.553 [main] INFO  c.gettingstarted.MyAlgoLogic - [MYALGO] In Algo Logic.... HeLlO
16:02:30.554 [main] INFO  c.gettingstarted.MyAlgoLogic - [MYALGO] The state of the order book is:
|----BID-----||----ASK----|
    100 @ 98  3390 @ 115
    200 @ 95  5600 @ 119
    300 @ 91          - 
|------------||-----------|

16:02:30.554 [main] INFO  c.o.v.MutatingMatchOneOrderVisitor - [ORDERBOOK] visiting LevelOrderBookLevel(price=119,quantity=5600)
16:02:30.554 [main] INFO  c.o.v.MutatingMatchOneOrderVisitor - [ORDERBOOK] Can't match order:MktData(price=119,quantity=5600)(Limit(side=BUY,orderId=46,price=115,quantity=46))
16:02:30.554 [main] DEBUG c.o.v.ReadOnlyMarketDataChannelPublishVisitor - Bid Side Size: 3
16:02:30.554 [main] DEBUG c.o.v.ReadOnlyMarketDataChannelPublishVisitor - Adding Mkt Data Msg BID: Price=98 Qty=100
16:02:30.554 [main] DEBUG c.o.v.ReadOnlyMarketDataChannelPublishVisitor - Adding Mkt Data Msg BID: Price=95 Qty=200
16:02:30.554 [main] DEBUG c.o.v.ReadOnlyMarketDataChannelPublishVisitor - Adding Mkt Data Msg BID: Price=91 Qty=300
16:02:30.554 [main] DEBUG c.o.v.ReadOnlyMarketDataChannelPublishVisitor - Ask Side Size: 2
16:02:30.554 [main] DEBUG c.o.v.ReadOnlyMarketDataChannelPublishVisitor - Adding Mkt Data Msg ASK: Price=115 Qty=3390
16:02:30.554 [main] DEBUG c.o.v.ReadOnlyMarketDataChannelPublishVisitor - Adding Mkt Data Msg ASK: Price=119 Qty=5600
16:02:30.554 [main] INFO  c.o.channel.MarketDataChannel - [ORDERBOOK] Sending market data update...
16:02:30.554 [main] INFO  c.sequencer.consumer.LoggingConsumer - [162] 
|----BID-----|
    100 @ 98
    200 @ 95
    300 @ 91
|----ASK-----|
  3390 @ 115
  5600 @ 119

16:02:30.554 [main] DEBUG c.service.MarketDataService - [ALGO] BID: price:98 quantity:100
16:02:30.554 [main] DEBUG c.service.MarketDataService - [ALGO] BID: price:95 quantity:200
16:02:30.554 [main] DEBUG c.service.MarketDataService - [ALGO] BID: price:91 quantity:300
16:02:30.554 [main] DEBUG c.service.MarketDataService - [ALGO] ASK: price:115 quantity:3390
16:02:30.554 [main] DEBUG c.service.MarketDataService - [ALGO] ASK: price:119 quantity:5600
16:02:30.554 [main] INFO  c.gettingstarted.MyAlgoLogic - [MYALGO] In Algo Logic.... HeLlO
16:02:30.554 [main] INFO  c.gettingstarted.MyAlgoLogic - [MYALGO] The state of the order book is:
|----BID-----||----ASK----|
    100 @ 98  3390 @ 115
    200 @ 95  5600 @ 119
    300 @ 91          - 
|------------||-----------|

16:02:30.554 [main] INFO  c.o.v.MutatingMatchOneOrderVisitor - [ORDERBOOK] visiting LevelOrderBookLevel(price=119,quantity=5600)
16:02:30.554 [main] INFO  c.o.v.MutatingMatchOneOrderVisitor - [ORDERBOOK] Can't match order:MktData(price=119,quantity=5600)(Limit(side=BUY,orderId=45,price=115,quantity=46))
16:02:30.554 [main] DEBUG c.o.v.ReadOnlyMarketDataChannelPublishVisitor - Bid Side Size: 3
16:02:30.554 [main] DEBUG c.o.v.ReadOnlyMarketDataChannelPublishVisitor - Adding Mkt Data Msg BID: Price=98 Qty=100
16:02:30.554 [main] DEBUG c.o.v.ReadOnlyMarketDataChannelPublishVisitor - Adding Mkt Data Msg BID: Price=95 Qty=200
16:02:30.554 [main] DEBUG c.o.v.ReadOnlyMarketDataChannelPublishVisitor - Adding Mkt Data Msg BID: Price=91 Qty=300
16:02:30.554 [main] DEBUG c.o.v.ReadOnlyMarketDataChannelPublishVisitor - Ask Side Size: 2
16:02:30.554 [main] DEBUG c.o.v.ReadOnlyMarketDataChannelPublishVisitor - Adding Mkt Data Msg ASK: Price=115 Qty=3390
16:02:30.554 [main] DEBUG c.o.v.ReadOnlyMarketDataChannelPublishVisitor - Adding Mkt Data Msg ASK: Price=119 Qty=5600
16:02:30.554 [main] INFO  c.o.channel.MarketDataChannel - [ORDERBOOK] Sending market data update...
16:02:30.554 [main] INFO  c.sequencer.consumer.LoggingConsumer - [163] 
|----BID-----|
    100 @ 98
    200 @ 95
    300 @ 91
|----ASK-----|
  3390 @ 115
  5600 @ 119

16:02:30.554 [main] DEBUG c.service.MarketDataService - [ALGO] BID: price:98 quantity:100
16:02:30.554 [main] DEBUG c.service.MarketDataService - [ALGO] BID: price:95 quantity:200
16:02:30.554 [main] DEBUG c.service.MarketDataService - [ALGO] BID: price:91 quantity:300
16:02:30.554 [main] DEBUG c.service.MarketDataService - [ALGO] ASK: price:115 quantity:3390
16:02:30.554 [main] DEBUG c.service.MarketDataService - [ALGO] ASK: price:119 quantity:5600
16:02:30.554 [main] INFO  c.gettingstarted.MyAlgoLogic - [MYALGO] In Algo Logic.... HeLlO
16:02:30.554 [main] INFO  c.gettingstarted.MyAlgoLogic - [MYALGO] The state of the order book is:
|----BID-----||----ASK----|
    100 @ 98  3390 @ 115
    200 @ 95  5600 @ 119
    300 @ 91          - 
|------------||-----------|

16:02:30.554 [main] INFO  c.o.v.MutatingMatchOneOrderVisitor - [ORDERBOOK] visiting LevelOrderBookLevel(price=119,quantity=5600)
16:02:30.554 [main] INFO  c.o.v.MutatingMatchOneOrderVisitor - [ORDERBOOK] Can't match order:MktData(price=119,quantity=5600)(Limit(side=BUY,orderId=44,price=115,quantity=46))
16:02:30.554 [main] DEBUG c.o.v.ReadOnlyMarketDataChannelPublishVisitor - Bid Side Size: 3
16:02:30.554 [main] DEBUG c.o.v.ReadOnlyMarketDataChannelPublishVisitor - Adding Mkt Data Msg BID: Price=98 Qty=100
16:02:30.554 [main] DEBUG c.o.v.ReadOnlyMarketDataChannelPublishVisitor - Adding Mkt Data Msg BID: Price=95 Qty=200
16:02:30.554 [main] DEBUG c.o.v.ReadOnlyMarketDataChannelPublishVisitor - Adding Mkt Data Msg BID: Price=91 Qty=300
16:02:30.554 [main] DEBUG c.o.v.ReadOnlyMarketDataChannelPublishVisitor - Ask Side Size: 2
16:02:30.555 [main] DEBUG c.o.v.ReadOnlyMarketDataChannelPublishVisitor - Adding Mkt Data Msg ASK: Price=115 Qty=3390
16:02:30.555 [main] DEBUG c.o.v.ReadOnlyMarketDataChannelPublishVisitor - Adding Mkt Data Msg ASK: Price=119 Qty=5600
16:02:30.555 [main] INFO  c.o.channel.MarketDataChannel - [ORDERBOOK] Sending market data update...
16:02:30.555 [main] INFO  c.sequencer.consumer.LoggingConsumer - [164] 
|----BID-----|
    100 @ 98
    200 @ 95
    300 @ 91
|----ASK-----|
  3390 @ 115
  5600 @ 119

16:02:30.555 [main] DEBUG c.service.MarketDataService - [ALGO] BID: price:98 quantity:100
16:02:30.555 [main] DEBUG c.service.MarketDataService - [ALGO] BID: price:95 quantity:200
16:02:30.555 [main] DEBUG c.service.MarketDataService - [ALGO] BID: price:91 quantity:300
16:02:30.555 [main] DEBUG c.service.MarketDataService - [ALGO] ASK: price:115 quantity:3390
16:02:30.555 [main] DEBUG c.service.MarketDataService - [ALGO] ASK: price:119 quantity:5600
16:02:30.555 [main] INFO  c.gettingstarted.MyAlgoLogic - [MYALGO] In Algo Logic.... HeLlO
16:02:30.555 [main] INFO  c.gettingstarted.MyAlgoLogic - [MYALGO] The state of the order book is:
|----BID-----||----ASK----|
    100 @ 98  3390 @ 115
    200 @ 95  5600 @ 119
    300 @ 91          - 
|------------||-----------|

16:02:30.555 [main] INFO  c.o.v.MutatingMatchOneOrderVisitor - [ORDERBOOK] visiting LevelOrderBookLevel(price=119,quantity=5600)
16:02:30.555 [main] INFO  c.o.v.MutatingMatchOneOrderVisitor - [ORDERBOOK] Can't match order:MktData(price=119,quantity=5600)(Limit(side=BUY,orderId=43,price=115,quantity=46))
16:02:30.555 [main] DEBUG c.o.v.ReadOnlyMarketDataChannelPublishVisitor - Bid Side Size: 3
16:02:30.555 [main] DEBUG c.o.v.ReadOnlyMarketDataChannelPublishVisitor - Adding Mkt Data Msg BID: Price=98 Qty=100
16:02:30.555 [main] DEBUG c.o.v.ReadOnlyMarketDataChannelPublishVisitor - Adding Mkt Data Msg BID: Price=95 Qty=200
16:02:30.555 [main] DEBUG c.o.v.ReadOnlyMarketDataChannelPublishVisitor - Adding Mkt Data Msg BID: Price=91 Qty=300
16:02:30.555 [main] DEBUG c.o.v.ReadOnlyMarketDataChannelPublishVisitor - Ask Side Size: 2
16:02:30.555 [main] DEBUG c.o.v.ReadOnlyMarketDataChannelPublishVisitor - Adding Mkt Data Msg ASK: Price=115 Qty=3390
16:02:30.555 [main] DEBUG c.o.v.ReadOnlyMarketDataChannelPublishVisitor - Adding Mkt Data Msg ASK: Price=119 Qty=5600
16:02:30.555 [main] INFO  c.o.channel.MarketDataChannel - [ORDERBOOK] Sending market data update...
16:02:30.555 [main] INFO  c.sequencer.consumer.LoggingConsumer - [165] 
|----BID-----|
    100 @ 98
    200 @ 95
    300 @ 91
|----ASK-----|
  3390 @ 115
  5600 @ 119

16:02:30.555 [main] DEBUG c.service.MarketDataService - [ALGO] BID: price:98 quantity:100
16:02:30.555 [main] DEBUG c.service.MarketDataService - [ALGO] BID: price:95 quantity:200
16:02:30.555 [main] DEBUG c.service.MarketDataService - [ALGO] BID: price:91 quantity:300
16:02:30.555 [main] DEBUG c.service.MarketDataService - [ALGO] ASK: price:115 quantity:3390
16:02:30.555 [main] DEBUG c.service.MarketDataService - [ALGO] ASK: price:119 quantity:5600
16:02:30.555 [main] INFO  c.gettingstarted.MyAlgoLogic - [MYALGO] In Algo Logic.... HeLlO
16:02:30.555 [main] INFO  c.gettingstarted.MyAlgoLogic - [MYALGO] The state of the order book is:
|----BID-----||----ASK----|
    100 @ 98  3390 @ 115
    200 @ 95  5600 @ 119
    300 @ 91          - 
|------------||-----------|

16:02:30.555 [main] INFO  c.o.v.MutatingMatchOneOrderVisitor - [ORDERBOOK] visiting LevelOrderBookLevel(price=119,quantity=5600)
16:02:30.555 [main] INFO  c.o.v.MutatingMatchOneOrderVisitor - [ORDERBOOK] Can't match order:MktData(price=119,quantity=5600)(Limit(side=BUY,orderId=42,price=115,quantity=46))
16:02:30.555 [main] DEBUG c.o.v.ReadOnlyMarketDataChannelPublishVisitor - Bid Side Size: 3
16:02:30.555 [main] DEBUG c.o.v.ReadOnlyMarketDataChannelPublishVisitor - Adding Mkt Data Msg BID: Price=98 Qty=100
16:02:30.555 [main] DEBUG c.o.v.ReadOnlyMarketDataChannelPublishVisitor - Adding Mkt Data Msg BID: Price=95 Qty=200
16:02:30.555 [main] DEBUG c.o.v.ReadOnlyMarketDataChannelPublishVisitor - Adding Mkt Data Msg BID: Price=91 Qty=300
16:02:30.555 [main] DEBUG c.o.v.ReadOnlyMarketDataChannelPublishVisitor - Ask Side Size: 2
16:02:30.555 [main] DEBUG c.o.v.ReadOnlyMarketDataChannelPublishVisitor - Adding Mkt Data Msg ASK: Price=115 Qty=3390
16:02:30.555 [main] DEBUG c.o.v.ReadOnlyMarketDataChannelPublishVisitor - Adding Mkt Data Msg ASK: Price=119 Qty=5600
16:02:30.555 [main] INFO  c.o.channel.MarketDataChannel - [ORDERBOOK] Sending market data update...
16:02:30.555 [main] INFO  c.sequencer.consumer.LoggingConsumer - [166] 
|----BID-----|
    100 @ 98
    200 @ 95
    300 @ 91
|----ASK-----|
  3390 @ 115
  5600 @ 119

16:02:30.556 [main] DEBUG c.service.MarketDataService - [ALGO] BID: price:98 quantity:100
16:02:30.556 [main] DEBUG c.service.MarketDataService - [ALGO] BID: price:95 quantity:200
16:02:30.556 [main] DEBUG c.service.MarketDataService - [ALGO] BID: price:91 quantity:300
16:02:30.556 [main] DEBUG c.service.MarketDataService - [ALGO] ASK: price:115 quantity:3390
16:02:30.556 [main] DEBUG c.service.MarketDataService - [ALGO] ASK: price:119 quantity:5600
16:02:30.556 [main] INFO  c.gettingstarted.MyAlgoLogic - [MYALGO] In Algo Logic.... HeLlO
16:02:30.556 [main] INFO  c.gettingstarted.MyAlgoLogic - [MYALGO] The state of the order book is:
|----BID-----||----ASK----|
    100 @ 98  3390 @ 115
    200 @ 95  5600 @ 119
    300 @ 91          - 
|------------||-----------|

16:02:30.556 [main] INFO  c.o.v.MutatingMatchOneOrderVisitor - [ORDERBOOK] visiting LevelOrderBookLevel(price=119,quantity=5600)
16:02:30.556 [main] INFO  c.o.v.MutatingMatchOneOrderVisitor - [ORDERBOOK] Can't match order:MktData(price=119,quantity=5600)(Limit(side=BUY,orderId=41,price=115,quantity=46))
16:02:30.556 [main] DEBUG c.o.v.ReadOnlyMarketDataChannelPublishVisitor - Bid Side Size: 3
16:02:30.556 [main] DEBUG c.o.v.ReadOnlyMarketDataChannelPublishVisitor - Adding Mkt Data Msg BID: Price=98 Qty=100
16:02:30.556 [main] DEBUG c.o.v.ReadOnlyMarketDataChannelPublishVisitor - Adding Mkt Data Msg BID: Price=95 Qty=200
16:02:30.556 [main] DEBUG c.o.v.ReadOnlyMarketDataChannelPublishVisitor - Adding Mkt Data Msg BID: Price=91 Qty=300
16:02:30.556 [main] DEBUG c.o.v.ReadOnlyMarketDataChannelPublishVisitor - Ask Side Size: 2
16:02:30.556 [main] DEBUG c.o.v.ReadOnlyMarketDataChannelPublishVisitor - Adding Mkt Data Msg ASK: Price=115 Qty=3390
16:02:30.556 [main] DEBUG c.o.v.ReadOnlyMarketDataChannelPublishVisitor - Adding Mkt Data Msg ASK: Price=119 Qty=5600
16:02:30.556 [main] INFO  c.o.channel.MarketDataChannel - [ORDERBOOK] Sending market data update...
16:02:30.556 [main] INFO  c.sequencer.consumer.LoggingConsumer - [167] 
|----BID-----|
    100 @ 98
    200 @ 95
    300 @ 91
|----ASK-----|
  3390 @ 115
  5600 @ 119

16:02:30.556 [main] DEBUG c.service.MarketDataService - [ALGO] BID: price:98 quantity:100
16:02:30.556 [main] DEBUG c.service.MarketDataService - [ALGO] BID: price:95 quantity:200
16:02:30.556 [main] DEBUG c.service.MarketDataService - [ALGO] BID: price:91 quantity:300
16:02:30.556 [main] DEBUG c.service.MarketDataService - [ALGO] ASK: price:115 quantity:3390
16:02:30.556 [main] DEBUG c.service.MarketDataService - [ALGO] ASK: price:119 quantity:5600
16:02:30.556 [main] INFO  c.gettingstarted.MyAlgoLogic - [MYALGO] In Algo Logic.... HeLlO
16:02:30.556 [main] INFO  c.gettingstarted.MyAlgoLogic - [MYALGO] The state of the order book is:
|----BID-----||----ASK----|
    100 @ 98  3390 @ 115
    200 @ 95  5600 @ 119
    300 @ 91          - 
|------------||-----------|

16:02:30.556 [main] INFO  c.o.v.MutatingMatchOneOrderVisitor - [ORDERBOOK] visiting LevelOrderBookLevel(price=119,quantity=5600)
16:02:30.557 [main] INFO  c.o.v.MutatingMatchOneOrderVisitor - [ORDERBOOK] Can't match order:MktData(price=119,quantity=5600)(Limit(side=BUY,orderId=40,price=115,quantity=46))
16:02:30.557 [main] DEBUG c.o.v.ReadOnlyMarketDataChannelPublishVisitor - Bid Side Size: 3
16:02:30.557 [main] DEBUG c.o.v.ReadOnlyMarketDataChannelPublishVisitor - Adding Mkt Data Msg BID: Price=98 Qty=100
16:02:30.557 [main] DEBUG c.o.v.ReadOnlyMarketDataChannelPublishVisitor - Adding Mkt Data Msg BID: Price=95 Qty=200
16:02:30.557 [main] DEBUG c.o.v.ReadOnlyMarketDataChannelPublishVisitor - Adding Mkt Data Msg BID: Price=91 Qty=300
16:02:30.557 [main] DEBUG c.o.v.ReadOnlyMarketDataChannelPublishVisitor - Ask Side Size: 2
16:02:30.557 [main] DEBUG c.o.v.ReadOnlyMarketDataChannelPublishVisitor - Adding Mkt Data Msg ASK: Price=115 Qty=3390
16:02:30.557 [main] DEBUG c.o.v.ReadOnlyMarketDataChannelPublishVisitor - Adding Mkt Data Msg ASK: Price=119 Qty=5600
16:02:30.557 [main] INFO  c.o.channel.MarketDataChannel - [ORDERBOOK] Sending market data update...
16:02:30.557 [main] INFO  c.sequencer.consumer.LoggingConsumer - [168] 
|----BID-----|
    100 @ 98
    200 @ 95
    300 @ 91
|----ASK-----|
  3390 @ 115
  5600 @ 119

16:02:30.557 [main] DEBUG c.service.MarketDataService - [ALGO] BID: price:98 quantity:100
16:02:30.557 [main] DEBUG c.service.MarketDataService - [ALGO] BID: price:95 quantity:200
16:02:30.557 [main] DEBUG c.service.MarketDataService - [ALGO] BID: price:91 quantity:300
16:02:30.557 [main] DEBUG c.service.MarketDataService - [ALGO] ASK: price:115 quantity:3390
16:02:30.557 [main] DEBUG c.service.MarketDataService - [ALGO] ASK: price:119 quantity:5600
16:02:30.557 [main] INFO  c.gettingstarted.MyAlgoLogic - [MYALGO] In Algo Logic.... HeLlO
16:02:30.557 [main] INFO  c.gettingstarted.MyAlgoLogic - [MYALGO] The state of the order book is:
|----BID-----||----ASK----|
    100 @ 98  3390 @ 115
    200 @ 95  5600 @ 119
    300 @ 91          - 
|------------||-----------|

16:02:30.557 [main] INFO  c.o.v.MutatingMatchOneOrderVisitor - [ORDERBOOK] visiting LevelOrderBookLevel(price=119,quantity=5600)
16:02:30.557 [main] INFO  c.o.v.MutatingMatchOneOrderVisitor - [ORDERBOOK] Can't match order:MktData(price=119,quantity=5600)(Limit(side=BUY,orderId=39,price=115,quantity=46))
16:02:30.557 [main] DEBUG c.o.v.ReadOnlyMarketDataChannelPublishVisitor - Bid Side Size: 3
16:02:30.557 [main] DEBUG c.o.v.ReadOnlyMarketDataChannelPublishVisitor - Adding Mkt Data Msg BID: Price=98 Qty=100
16:02:30.557 [main] DEBUG c.o.v.ReadOnlyMarketDataChannelPublishVisitor - Adding Mkt Data Msg BID: Price=95 Qty=200
16:02:30.557 [main] DEBUG c.o.v.ReadOnlyMarketDataChannelPublishVisitor - Adding Mkt Data Msg BID: Price=91 Qty=300
16:02:30.557 [main] DEBUG c.o.v.ReadOnlyMarketDataChannelPublishVisitor - Ask Side Size: 2
16:02:30.557 [main] DEBUG c.o.v.ReadOnlyMarketDataChannelPublishVisitor - Adding Mkt Data Msg ASK: Price=115 Qty=3390
16:02:30.557 [main] DEBUG c.o.v.ReadOnlyMarketDataChannelPublishVisitor - Adding Mkt Data Msg ASK: Price=119 Qty=5600
16:02:30.557 [main] INFO  c.o.channel.MarketDataChannel - [ORDERBOOK] Sending market data update...
16:02:30.557 [main] INFO  c.sequencer.consumer.LoggingConsumer - [169] 
|----BID-----|
    100 @ 98
    200 @ 95
    300 @ 91
|----ASK-----|
  3390 @ 115
  5600 @ 119

16:02:30.557 [main] DEBUG c.service.MarketDataService - [ALGO] BID: price:98 quantity:100
16:02:30.557 [main] DEBUG c.service.MarketDataService - [ALGO] BID: price:95 quantity:200
16:02:30.557 [main] DEBUG c.service.MarketDataService - [ALGO] BID: price:91 quantity:300
16:02:30.557 [main] DEBUG c.service.MarketDataService - [ALGO] ASK: price:115 quantity:3390
16:02:30.557 [main] DEBUG c.service.MarketDataService - [ALGO] ASK: price:119 quantity:5600
16:02:30.557 [main] INFO  c.gettingstarted.MyAlgoLogic - [MYALGO] In Algo Logic.... HeLlO
16:02:30.557 [main] INFO  c.gettingstarted.MyAlgoLogic - [MYALGO] The state of the order book is:
|----BID-----||----ASK----|
    100 @ 98  3390 @ 115
    200 @ 95  5600 @ 119
    300 @ 91          - 
|------------||-----------|

16:02:30.557 [main] INFO  c.o.v.MutatingMatchOneOrderVisitor - [ORDERBOOK] visiting LevelOrderBookLevel(price=119,quantity=5600)
16:02:30.557 [main] INFO  c.o.v.MutatingMatchOneOrderVisitor - [ORDERBOOK] Can't match order:MktData(price=119,quantity=5600)(Limit(side=BUY,orderId=38,price=115,quantity=46))
16:02:30.557 [main] DEBUG c.o.v.ReadOnlyMarketDataChannelPublishVisitor - Bid Side Size: 3
16:02:30.557 [main] DEBUG c.o.v.ReadOnlyMarketDataChannelPublishVisitor - Adding Mkt Data Msg BID: Price=98 Qty=100
16:02:30.557 [main] DEBUG c.o.v.ReadOnlyMarketDataChannelPublishVisitor - Adding Mkt Data Msg BID: Price=95 Qty=200
16:02:30.557 [main] DEBUG c.o.v.ReadOnlyMarketDataChannelPublishVisitor - Adding Mkt Data Msg BID: Price=91 Qty=300
16:02:30.557 [main] DEBUG c.o.v.ReadOnlyMarketDataChannelPublishVisitor - Ask Side Size: 2
16:02:30.557 [main] DEBUG c.o.v.ReadOnlyMarketDataChannelPublishVisitor - Adding Mkt Data Msg ASK: Price=115 Qty=3390
16:02:30.557 [main] DEBUG c.o.v.ReadOnlyMarketDataChannelPublishVisitor - Adding Mkt Data Msg ASK: Price=119 Qty=5600
16:02:30.557 [main] INFO  c.o.channel.MarketDataChannel - [ORDERBOOK] Sending market data update...
16:02:30.557 [main] INFO  c.sequencer.consumer.LoggingConsumer - [170] 
|----BID-----|
    100 @ 98
    200 @ 95
    300 @ 91
|----ASK-----|
  3390 @ 115
  5600 @ 119

16:02:30.557 [main] DEBUG c.service.MarketDataService - [ALGO] BID: price:98 quantity:100
16:02:30.557 [main] DEBUG c.service.MarketDataService - [ALGO] BID: price:95 quantity:200
16:02:30.557 [main] DEBUG c.service.MarketDataService - [ALGO] BID: price:91 quantity:300
16:02:30.557 [main] DEBUG c.service.MarketDataService - [ALGO] ASK: price:115 quantity:3390
16:02:30.557 [main] DEBUG c.service.MarketDataService - [ALGO] ASK: price:119 quantity:5600
16:02:30.557 [main] INFO  c.gettingstarted.MyAlgoLogic - [MYALGO] In Algo Logic.... HeLlO
16:02:30.557 [main] INFO  c.gettingstarted.MyAlgoLogic - [MYALGO] The state of the order book is:
|----BID-----||----ASK----|
    100 @ 98  3390 @ 115
    200 @ 95  5600 @ 119
    300 @ 91          - 
|------------||-----------|

16:02:30.557 [main] INFO  c.o.v.MutatingMatchOneOrderVisitor - [ORDERBOOK] visiting LevelOrderBookLevel(price=119,quantity=5600)
16:02:30.557 [main] INFO  c.o.v.MutatingMatchOneOrderVisitor - [ORDERBOOK] Can't match order:MktData(price=119,quantity=5600)(Limit(side=BUY,orderId=37,price=115,quantity=46))
16:02:30.557 [main] DEBUG c.o.v.ReadOnlyMarketDataChannelPublishVisitor - Bid Side Size: 3
16:02:30.557 [main] DEBUG c.o.v.ReadOnlyMarketDataChannelPublishVisitor - Adding Mkt Data Msg BID: Price=98 Qty=100
16:02:30.558 [main] DEBUG c.o.v.ReadOnlyMarketDataChannelPublishVisitor - Adding Mkt Data Msg BID: Price=95 Qty=200
16:02:30.558 [main] DEBUG c.o.v.ReadOnlyMarketDataChannelPublishVisitor - Adding Mkt Data Msg BID: Price=91 Qty=300
16:02:30.558 [main] DEBUG c.o.v.ReadOnlyMarketDataChannelPublishVisitor - Ask Side Size: 2
16:02:30.558 [main] DEBUG c.o.v.ReadOnlyMarketDataChannelPublishVisitor - Adding Mkt Data Msg ASK: Price=115 Qty=3390
16:02:30.558 [main] DEBUG c.o.v.ReadOnlyMarketDataChannelPublishVisitor - Adding Mkt Data Msg ASK: Price=119 Qty=5600
16:02:30.558 [main] INFO  c.o.channel.MarketDataChannel - [ORDERBOOK] Sending market data update...
16:02:30.558 [main] INFO  c.sequencer.consumer.LoggingConsumer - [171] 
|----BID-----|
    100 @ 98
    200 @ 95
    300 @ 91
|----ASK-----|
  3390 @ 115
  5600 @ 119

16:02:30.558 [main] DEBUG c.service.MarketDataService - [ALGO] BID: price:98 quantity:100
16:02:30.558 [main] DEBUG c.service.MarketDataService - [ALGO] BID: price:95 quantity:200
16:02:30.558 [main] DEBUG c.service.MarketDataService - [ALGO] BID: price:91 quantity:300
16:02:30.558 [main] DEBUG c.service.MarketDataService - [ALGO] ASK: price:115 quantity:3390
16:02:30.558 [main] DEBUG c.service.MarketDataService - [ALGO] ASK: price:119 quantity:5600
16:02:30.558 [main] INFO  c.gettingstarted.MyAlgoLogic - [MYALGO] In Algo Logic.... HeLlO
16:02:30.558 [main] INFO  c.gettingstarted.MyAlgoLogic - [MYALGO] The state of the order book is:
|----BID-----||----ASK----|
    100 @ 98  3390 @ 115
    200 @ 95  5600 @ 119
    300 @ 91          - 
|------------||-----------|

16:02:30.558 [main] INFO  c.o.v.MutatingMatchOneOrderVisitor - [ORDERBOOK] visiting LevelOrderBookLevel(price=119,quantity=5600)
16:02:30.558 [main] INFO  c.o.v.MutatingMatchOneOrderVisitor - [ORDERBOOK] Can't match order:MktData(price=119,quantity=5600)(Limit(side=BUY,orderId=36,price=115,quantity=46))
16:02:30.558 [main] DEBUG c.o.v.ReadOnlyMarketDataChannelPublishVisitor - Bid Side Size: 3
16:02:30.558 [main] DEBUG c.o.v.ReadOnlyMarketDataChannelPublishVisitor - Adding Mkt Data Msg BID: Price=98 Qty=100
16:02:30.558 [main] DEBUG c.o.v.ReadOnlyMarketDataChannelPublishVisitor - Adding Mkt Data Msg BID: Price=95 Qty=200
16:02:30.558 [main] DEBUG c.o.v.ReadOnlyMarketDataChannelPublishVisitor - Adding Mkt Data Msg BID: Price=91 Qty=300
16:02:30.558 [main] DEBUG c.o.v.ReadOnlyMarketDataChannelPublishVisitor - Ask Side Size: 2
16:02:30.558 [main] DEBUG c.o.v.ReadOnlyMarketDataChannelPublishVisitor - Adding Mkt Data Msg ASK: Price=115 Qty=3390
16:02:30.558 [main] DEBUG c.o.v.ReadOnlyMarketDataChannelPublishVisitor - Adding Mkt Data Msg ASK: Price=119 Qty=5600
16:02:30.558 [main] INFO  c.o.channel.MarketDataChannel - [ORDERBOOK] Sending market data update...
16:02:30.559 [main] INFO  c.sequencer.consumer.LoggingConsumer - [172] 
|----BID-----|
    100 @ 98
    200 @ 95
    300 @ 91
|----ASK-----|
  3390 @ 115
  5600 @ 119

16:02:30.562 [main] DEBUG c.service.MarketDataService - [ALGO] BID: price:98 quantity:100
16:02:30.562 [main] DEBUG c.service.MarketDataService - [ALGO] BID: price:95 quantity:200
16:02:30.562 [main] DEBUG c.service.MarketDataService - [ALGO] BID: price:91 quantity:300
16:02:30.562 [main] DEBUG c.service.MarketDataService - [ALGO] ASK: price:115 quantity:3390
16:02:30.562 [main] DEBUG c.service.MarketDataService - [ALGO] ASK: price:119 quantity:5600
16:02:30.562 [main] INFO  c.gettingstarted.MyAlgoLogic - [MYALGO] In Algo Logic.... HeLlO
16:02:30.562 [main] INFO  c.gettingstarted.MyAlgoLogic - [MYALGO] The state of the order book is:
|----BID-----||----ASK----|
    100 @ 98  3390 @ 115
    200 @ 95  5600 @ 119
    300 @ 91          - 
|------------||-----------|

16:02:30.562 [main] INFO  c.o.v.MutatingMatchOneOrderVisitor - [ORDERBOOK] visiting LevelOrderBookLevel(price=119,quantity=5600)
16:02:30.562 [main] INFO  c.o.v.MutatingMatchOneOrderVisitor - [ORDERBOOK] Can't match order:MktData(price=119,quantity=5600)(Limit(side=BUY,orderId=35,price=115,quantity=46))
16:02:30.562 [main] DEBUG c.o.v.ReadOnlyMarketDataChannelPublishVisitor - Bid Side Size: 3
16:02:30.562 [main] DEBUG c.o.v.ReadOnlyMarketDataChannelPublishVisitor - Adding Mkt Data Msg BID: Price=98 Qty=100
16:02:30.562 [main] DEBUG c.o.v.ReadOnlyMarketDataChannelPublishVisitor - Adding Mkt Data Msg BID: Price=95 Qty=200
16:02:30.562 [main] DEBUG c.o.v.ReadOnlyMarketDataChannelPublishVisitor - Adding Mkt Data Msg BID: Price=91 Qty=300
16:02:30.562 [main] DEBUG c.o.v.ReadOnlyMarketDataChannelPublishVisitor - Ask Side Size: 2
16:02:30.562 [main] DEBUG c.o.v.ReadOnlyMarketDataChannelPublishVisitor - Adding Mkt Data Msg ASK: Price=115 Qty=3390
16:02:30.562 [main] DEBUG c.o.v.ReadOnlyMarketDataChannelPublishVisitor - Adding Mkt Data Msg ASK: Price=119 Qty=5600
16:02:30.562 [main] INFO  c.o.channel.MarketDataChannel - [ORDERBOOK] Sending market data update...
16:02:30.562 [main] INFO  c.sequencer.consumer.LoggingConsumer - [173] 
|----BID-----|
    100 @ 98
    200 @ 95
    300 @ 91
|----ASK-----|
  3390 @ 115
  5600 @ 119

16:02:30.562 [main] DEBUG c.service.MarketDataService - [ALGO] BID: price:98 quantity:100
16:02:30.562 [main] DEBUG c.service.MarketDataService - [ALGO] BID: price:95 quantity:200
16:02:30.562 [main] DEBUG c.service.MarketDataService - [ALGO] BID: price:91 quantity:300
16:02:30.562 [main] DEBUG c.service.MarketDataService - [ALGO] ASK: price:115 quantity:3390
16:02:30.562 [main] DEBUG c.service.MarketDataService - [ALGO] ASK: price:119 quantity:5600
16:02:30.562 [main] INFO  c.gettingstarted.MyAlgoLogic - [MYALGO] In Algo Logic.... HeLlO
16:02:30.562 [main] INFO  c.gettingstarted.MyAlgoLogic - [MYALGO] The state of the order book is:
|----BID-----||----ASK----|
    100 @ 98  3390 @ 115
    200 @ 95  5600 @ 119
    300 @ 91          - 
|------------||-----------|

16:02:30.562 [main] INFO  c.o.v.MutatingMatchOneOrderVisitor - [ORDERBOOK] visiting LevelOrderBookLevel(price=119,quantity=5600)
16:02:30.562 [main] INFO  c.o.v.MutatingMatchOneOrderVisitor - [ORDERBOOK] Can't match order:MktData(price=119,quantity=5600)(Limit(side=BUY,orderId=34,price=115,quantity=46))
16:02:30.564 [main] DEBUG c.o.v.ReadOnlyMarketDataChannelPublishVisitor - Bid Side Size: 3
16:02:30.565 [main] DEBUG c.o.v.ReadOnlyMarketDataChannelPublishVisitor - Adding Mkt Data Msg BID: Price=98 Qty=100
16:02:30.565 [main] DEBUG c.o.v.ReadOnlyMarketDataChannelPublishVisitor - Adding Mkt Data Msg BID: Price=95 Qty=200
16:02:30.565 [main] DEBUG c.o.v.ReadOnlyMarketDataChannelPublishVisitor - Adding Mkt Data Msg BID: Price=91 Qty=300
16:02:30.565 [main] DEBUG c.o.v.ReadOnlyMarketDataChannelPublishVisitor - Ask Side Size: 2
16:02:30.565 [main] DEBUG c.o.v.ReadOnlyMarketDataChannelPublishVisitor - Adding Mkt Data Msg ASK: Price=115 Qty=3390
16:02:30.565 [main] DEBUG c.o.v.ReadOnlyMarketDataChannelPublishVisitor - Adding Mkt Data Msg ASK: Price=119 Qty=5600
16:02:30.565 [main] INFO  c.o.channel.MarketDataChannel - [ORDERBOOK] Sending market data update...
16:02:30.565 [main] INFO  c.sequencer.consumer.LoggingConsumer - [174] 
|----BID-----|
    100 @ 98
    200 @ 95
    300 @ 91
|----ASK-----|
  3390 @ 115
  5600 @ 119

16:02:30.565 [main] DEBUG c.service.MarketDataService - [ALGO] BID: price:98 quantity:100
16:02:30.565 [main] DEBUG c.service.MarketDataService - [ALGO] BID: price:95 quantity:200
16:02:30.565 [main] DEBUG c.service.MarketDataService - [ALGO] BID: price:91 quantity:300
16:02:30.565 [main] DEBUG c.service.MarketDataService - [ALGO] ASK: price:115 quantity:3390
16:02:30.565 [main] DEBUG c.service.MarketDataService - [ALGO] ASK: price:119 quantity:5600
16:02:30.565 [main] INFO  c.gettingstarted.MyAlgoLogic - [MYALGO] In Algo Logic.... HeLlO
16:02:30.565 [main] INFO  c.gettingstarted.MyAlgoLogic - [MYALGO] The state of the order book is:
|----BID-----||----ASK----|
    100 @ 98  3390 @ 115
    200 @ 95  5600 @ 119
    300 @ 91          - 
|------------||-----------|

16:02:30.565 [main] INFO  c.o.v.MutatingMatchOneOrderVisitor - [ORDERBOOK] visiting LevelOrderBookLevel(price=119,quantity=5600)
16:02:30.565 [main] INFO  c.o.v.MutatingMatchOneOrderVisitor - [ORDERBOOK] Can't match order:MktData(price=119,quantity=5600)(Limit(side=BUY,orderId=33,price=115,quantity=46))
16:02:30.565 [main] DEBUG c.o.v.ReadOnlyMarketDataChannelPublishVisitor - Bid Side Size: 3
16:02:30.565 [main] DEBUG c.o.v.ReadOnlyMarketDataChannelPublishVisitor - Adding Mkt Data Msg BID: Price=98 Qty=100
16:02:30.565 [main] DEBUG c.o.v.ReadOnlyMarketDataChannelPublishVisitor - Adding Mkt Data Msg BID: Price=95 Qty=200
16:02:30.565 [main] DEBUG c.o.v.ReadOnlyMarketDataChannelPublishVisitor - Adding Mkt Data Msg BID: Price=91 Qty=300
16:02:30.565 [main] DEBUG c.o.v.ReadOnlyMarketDataChannelPublishVisitor - Ask Side Size: 2
16:02:30.565 [main] DEBUG c.o.v.ReadOnlyMarketDataChannelPublishVisitor - Adding Mkt Data Msg ASK: Price=115 Qty=3390
16:02:30.565 [main] DEBUG c.o.v.ReadOnlyMarketDataChannelPublishVisitor - Adding Mkt Data Msg ASK: Price=119 Qty=5600
16:02:30.566 [main] INFO  c.o.channel.MarketDataChannel - [ORDERBOOK] Sending market data update...
16:02:30.566 [main] INFO  c.sequencer.consumer.LoggingConsumer - [175] 
|----BID-----|
    100 @ 98
    200 @ 95
    300 @ 91
|----ASK-----|
  3390 @ 115
  5600 @ 119

16:02:30.566 [main] DEBUG c.service.MarketDataService - [ALGO] BID: price:98 quantity:100
16:02:30.566 [main] DEBUG c.service.MarketDataService - [ALGO] BID: price:95 quantity:200
16:02:30.566 [main] DEBUG c.service.MarketDataService - [ALGO] BID: price:91 quantity:300
16:02:30.566 [main] DEBUG c.service.MarketDataService - [ALGO] ASK: price:115 quantity:3390
16:02:30.566 [main] DEBUG c.service.MarketDataService - [ALGO] ASK: price:119 quantity:5600
16:02:30.566 [main] INFO  c.gettingstarted.MyAlgoLogic - [MYALGO] In Algo Logic.... HeLlO
16:02:30.566 [main] INFO  c.gettingstarted.MyAlgoLogic - [MYALGO] The state of the order book is:
|----BID-----||----ASK----|
    100 @ 98  3390 @ 115
    200 @ 95  5600 @ 119
    300 @ 91          - 
|------------||-----------|

16:02:30.566 [main] INFO  c.o.v.MutatingMatchOneOrderVisitor - [ORDERBOOK] visiting LevelOrderBookLevel(price=119,quantity=5600)
16:02:30.566 [main] INFO  c.o.v.MutatingMatchOneOrderVisitor - [ORDERBOOK] Can't match order:MktData(price=119,quantity=5600)(Limit(side=BUY,orderId=32,price=115,quantity=46))
16:02:30.566 [main] DEBUG c.o.v.ReadOnlyMarketDataChannelPublishVisitor - Bid Side Size: 3
16:02:30.566 [main] DEBUG c.o.v.ReadOnlyMarketDataChannelPublishVisitor - Adding Mkt Data Msg BID: Price=98 Qty=100
16:02:30.566 [main] DEBUG c.o.v.ReadOnlyMarketDataChannelPublishVisitor - Adding Mkt Data Msg BID: Price=95 Qty=200
16:02:30.566 [main] DEBUG c.o.v.ReadOnlyMarketDataChannelPublishVisitor - Adding Mkt Data Msg BID: Price=91 Qty=300
16:02:30.566 [main] DEBUG c.o.v.ReadOnlyMarketDataChannelPublishVisitor - Ask Side Size: 2
16:02:30.566 [main] DEBUG c.o.v.ReadOnlyMarketDataChannelPublishVisitor - Adding Mkt Data Msg ASK: Price=115 Qty=3390
16:02:30.566 [main] DEBUG c.o.v.ReadOnlyMarketDataChannelPublishVisitor - Adding Mkt Data Msg ASK: Price=119 Qty=5600
16:02:30.566 [main] INFO  c.o.channel.MarketDataChannel - [ORDERBOOK] Sending market data update...
16:02:30.567 [main] INFO  c.sequencer.consumer.LoggingConsumer - [176] 
|----BID-----|
    100 @ 98
    200 @ 95
    300 @ 91
|----ASK-----|
  3390 @ 115
  5600 @ 119

16:02:30.567 [main] DEBUG c.service.MarketDataService - [ALGO] BID: price:98 quantity:100
16:02:30.567 [main] DEBUG c.service.MarketDataService - [ALGO] BID: price:95 quantity:200
16:02:30.567 [main] DEBUG c.service.MarketDataService - [ALGO] BID: price:91 quantity:300
16:02:30.567 [main] DEBUG c.service.MarketDataService - [ALGO] ASK: price:115 quantity:3390
16:02:30.567 [main] DEBUG c.service.MarketDataService - [ALGO] ASK: price:119 quantity:5600
16:02:30.567 [main] INFO  c.gettingstarted.MyAlgoLogic - [MYALGO] In Algo Logic.... HeLlO
16:02:30.567 [main] INFO  c.gettingstarted.MyAlgoLogic - [MYALGO] The state of the order book is:
|----BID-----||----ASK----|
    100 @ 98  3390 @ 115
    200 @ 95  5600 @ 119
    300 @ 91          - 
|------------||-----------|

16:02:30.567 [main] INFO  c.o.v.MutatingMatchOneOrderVisitor - [ORDERBOOK] visiting LevelOrderBookLevel(price=119,quantity=5600)
16:02:30.567 [main] INFO  c.o.v.MutatingMatchOneOrderVisitor - [ORDERBOOK] Can't match order:MktData(price=119,quantity=5600)(Limit(side=BUY,orderId=31,price=115,quantity=46))
16:02:30.567 [main] DEBUG c.o.v.ReadOnlyMarketDataChannelPublishVisitor - Bid Side Size: 3
16:02:30.567 [main] DEBUG c.o.v.ReadOnlyMarketDataChannelPublishVisitor - Adding Mkt Data Msg BID: Price=98 Qty=100
16:02:30.567 [main] DEBUG c.o.v.ReadOnlyMarketDataChannelPublishVisitor - Adding Mkt Data Msg BID: Price=95 Qty=200
16:02:30.567 [main] DEBUG c.o.v.ReadOnlyMarketDataChannelPublishVisitor - Adding Mkt Data Msg BID: Price=91 Qty=300
16:02:30.567 [main] DEBUG c.o.v.ReadOnlyMarketDataChannelPublishVisitor - Ask Side Size: 2
16:02:30.567 [main] DEBUG c.o.v.ReadOnlyMarketDataChannelPublishVisitor - Adding Mkt Data Msg ASK: Price=115 Qty=3390
16:02:30.567 [main] DEBUG c.o.v.ReadOnlyMarketDataChannelPublishVisitor - Adding Mkt Data Msg ASK: Price=119 Qty=5600
16:02:30.567 [main] INFO  c.o.channel.MarketDataChannel - [ORDERBOOK] Sending market data update...
16:02:30.568 [main] INFO  c.sequencer.consumer.LoggingConsumer - [177] 
|----BID-----|
    100 @ 98
    200 @ 95
    300 @ 91
|----ASK-----|
  3390 @ 115
  5600 @ 119

16:02:30.568 [main] DEBUG c.service.MarketDataService - [ALGO] BID: price:98 quantity:100
16:02:30.568 [main] DEBUG c.service.MarketDataService - [ALGO] BID: price:95 quantity:200
16:02:30.568 [main] DEBUG c.service.MarketDataService - [ALGO] BID: price:91 quantity:300
16:02:30.568 [main] DEBUG c.service.MarketDataService - [ALGO] ASK: price:115 quantity:3390
16:02:30.568 [main] DEBUG c.service.MarketDataService - [ALGO] ASK: price:119 quantity:5600
16:02:30.568 [main] INFO  c.gettingstarted.MyAlgoLogic - [MYALGO] In Algo Logic.... HeLlO
16:02:30.568 [main] INFO  c.gettingstarted.MyAlgoLogic - [MYALGO] The state of the order book is:
|----BID-----||----ASK----|
    100 @ 98  3390 @ 115
    200 @ 95  5600 @ 119
    300 @ 91          - 
|------------||-----------|

16:02:30.568 [main] INFO  c.o.v.MutatingMatchOneOrderVisitor - [ORDERBOOK] visiting LevelOrderBookLevel(price=119,quantity=5600)
16:02:30.568 [main] INFO  c.o.v.MutatingMatchOneOrderVisitor - [ORDERBOOK] Can't match order:MktData(price=119,quantity=5600)(Limit(side=BUY,orderId=30,price=115,quantity=46))
16:02:30.568 [main] DEBUG c.o.v.ReadOnlyMarketDataChannelPublishVisitor - Bid Side Size: 3
16:02:30.568 [main] DEBUG c.o.v.ReadOnlyMarketDataChannelPublishVisitor - Adding Mkt Data Msg BID: Price=98 Qty=100
16:02:30.568 [main] DEBUG c.o.v.ReadOnlyMarketDataChannelPublishVisitor - Adding Mkt Data Msg BID: Price=95 Qty=200
16:02:30.568 [main] DEBUG c.o.v.ReadOnlyMarketDataChannelPublishVisitor - Adding Mkt Data Msg BID: Price=91 Qty=300
16:02:30.568 [main] DEBUG c.o.v.ReadOnlyMarketDataChannelPublishVisitor - Ask Side Size: 2
16:02:30.568 [main] DEBUG c.o.v.ReadOnlyMarketDataChannelPublishVisitor - Adding Mkt Data Msg ASK: Price=115 Qty=3390
16:02:30.568 [main] DEBUG c.o.v.ReadOnlyMarketDataChannelPublishVisitor - Adding Mkt Data Msg ASK: Price=119 Qty=5600
16:02:30.568 [main] INFO  c.o.channel.MarketDataChannel - [ORDERBOOK] Sending market data update...
16:02:30.568 [main] INFO  c.sequencer.consumer.LoggingConsumer - [178] 
|----BID-----|
    100 @ 98
    200 @ 95
    300 @ 91
|----ASK-----|
  3390 @ 115
  5600 @ 119

16:02:30.568 [main] DEBUG c.service.MarketDataService - [ALGO] BID: price:98 quantity:100
16:02:30.568 [main] DEBUG c.service.MarketDataService - [ALGO] BID: price:95 quantity:200
16:02:30.568 [main] DEBUG c.service.MarketDataService - [ALGO] BID: price:91 quantity:300
16:02:30.568 [main] DEBUG c.service.MarketDataService - [ALGO] ASK: price:115 quantity:3390
16:02:30.568 [main] DEBUG c.service.MarketDataService - [ALGO] ASK: price:119 quantity:5600
16:02:30.568 [main] INFO  c.gettingstarted.MyAlgoLogic - [MYALGO] In Algo Logic.... HeLlO
16:02:30.569 [main] INFO  c.gettingstarted.MyAlgoLogic - [MYALGO] The state of the order book is:
|----BID-----||----ASK----|
    100 @ 98  3390 @ 115
    200 @ 95  5600 @ 119
    300 @ 91          - 
|------------||-----------|

16:02:30.569 [main] INFO  c.o.v.MutatingMatchOneOrderVisitor - [ORDERBOOK] visiting LevelOrderBookLevel(price=119,quantity=5600)
16:02:30.569 [main] INFO  c.o.v.MutatingMatchOneOrderVisitor - [ORDERBOOK] Can't match order:MktData(price=119,quantity=5600)(Limit(side=BUY,orderId=29,price=115,quantity=46))
16:02:30.569 [main] DEBUG c.o.v.ReadOnlyMarketDataChannelPublishVisitor - Bid Side Size: 3
16:02:30.569 [main] DEBUG c.o.v.ReadOnlyMarketDataChannelPublishVisitor - Adding Mkt Data Msg BID: Price=98 Qty=100
16:02:30.569 [main] DEBUG c.o.v.ReadOnlyMarketDataChannelPublishVisitor - Adding Mkt Data Msg BID: Price=95 Qty=200
16:02:30.569 [main] DEBUG c.o.v.ReadOnlyMarketDataChannelPublishVisitor - Adding Mkt Data Msg BID: Price=91 Qty=300
16:02:30.569 [main] DEBUG c.o.v.ReadOnlyMarketDataChannelPublishVisitor - Ask Side Size: 2
16:02:30.569 [main] DEBUG c.o.v.ReadOnlyMarketDataChannelPublishVisitor - Adding Mkt Data Msg ASK: Price=115 Qty=3390
16:02:30.569 [main] DEBUG c.o.v.ReadOnlyMarketDataChannelPublishVisitor - Adding Mkt Data Msg ASK: Price=119 Qty=5600
16:02:30.569 [main] INFO  c.o.channel.MarketDataChannel - [ORDERBOOK] Sending market data update...
16:02:30.569 [main] INFO  c.sequencer.consumer.LoggingConsumer - [179] 
|----BID-----|
    100 @ 98
    200 @ 95
    300 @ 91
|----ASK-----|
  3390 @ 115
  5600 @ 119

16:02:30.569 [main] DEBUG c.service.MarketDataService - [ALGO] BID: price:98 quantity:100
16:02:30.569 [main] DEBUG c.service.MarketDataService - [ALGO] BID: price:95 quantity:200
16:02:30.569 [main] DEBUG c.service.MarketDataService - [ALGO] BID: price:91 quantity:300
16:02:30.569 [main] DEBUG c.service.MarketDataService - [ALGO] ASK: price:115 quantity:3390
16:02:30.569 [main] DEBUG c.service.MarketDataService - [ALGO] ASK: price:119 quantity:5600
16:02:30.569 [main] INFO  c.gettingstarted.MyAlgoLogic - [MYALGO] In Algo Logic.... HeLlO
16:02:30.569 [main] INFO  c.gettingstarted.MyAlgoLogic - [MYALGO] The state of the order book is:
|----BID-----||----ASK----|
    100 @ 98  3390 @ 115
    200 @ 95  5600 @ 119
    300 @ 91          - 
|------------||-----------|

16:02:30.569 [main] INFO  c.o.v.MutatingMatchOneOrderVisitor - [ORDERBOOK] visiting LevelOrderBookLevel(price=119,quantity=5600)
16:02:30.569 [main] INFO  c.o.v.MutatingMatchOneOrderVisitor - [ORDERBOOK] Can't match order:MktData(price=119,quantity=5600)(Limit(side=BUY,orderId=28,price=115,quantity=46))
16:02:30.569 [main] DEBUG c.o.v.ReadOnlyMarketDataChannelPublishVisitor - Bid Side Size: 3
16:02:30.569 [main] DEBUG c.o.v.ReadOnlyMarketDataChannelPublishVisitor - Adding Mkt Data Msg BID: Price=98 Qty=100
16:02:30.569 [main] DEBUG c.o.v.ReadOnlyMarketDataChannelPublishVisitor - Adding Mkt Data Msg BID: Price=95 Qty=200
16:02:30.569 [main] DEBUG c.o.v.ReadOnlyMarketDataChannelPublishVisitor - Adding Mkt Data Msg BID: Price=91 Qty=300
16:02:30.569 [main] DEBUG c.o.v.ReadOnlyMarketDataChannelPublishVisitor - Ask Side Size: 2
16:02:30.569 [main] DEBUG c.o.v.ReadOnlyMarketDataChannelPublishVisitor - Adding Mkt Data Msg ASK: Price=115 Qty=3390
16:02:30.569 [main] DEBUG c.o.v.ReadOnlyMarketDataChannelPublishVisitor - Adding Mkt Data Msg ASK: Price=119 Qty=5600
16:02:30.569 [main] INFO  c.o.channel.MarketDataChannel - [ORDERBOOK] Sending market data update...
16:02:30.569 [main] INFO  c.sequencer.consumer.LoggingConsumer - [180] 
|----BID-----|
    100 @ 98
    200 @ 95
    300 @ 91
|----ASK-----|
  3390 @ 115
  5600 @ 119

16:02:30.569 [main] DEBUG c.service.MarketDataService - [ALGO] BID: price:98 quantity:100
16:02:30.569 [main] DEBUG c.service.MarketDataService - [ALGO] BID: price:95 quantity:200
16:02:30.569 [main] DEBUG c.service.MarketDataService - [ALGO] BID: price:91 quantity:300
16:02:30.569 [main] DEBUG c.service.MarketDataService - [ALGO] ASK: price:115 quantity:3390
16:02:30.569 [main] DEBUG c.service.MarketDataService - [ALGO] ASK: price:119 quantity:5600
16:02:30.569 [main] INFO  c.gettingstarted.MyAlgoLogic - [MYALGO] In Algo Logic.... HeLlO
16:02:30.569 [main] INFO  c.gettingstarted.MyAlgoLogic - [MYALGO] The state of the order book is:
|----BID-----||----ASK----|
    100 @ 98  3390 @ 115
    200 @ 95  5600 @ 119
    300 @ 91          - 
|------------||-----------|

16:02:30.569 [main] INFO  c.o.v.MutatingMatchOneOrderVisitor - [ORDERBOOK] visiting LevelOrderBookLevel(price=119,quantity=5600)
16:02:30.569 [main] INFO  c.o.v.MutatingMatchOneOrderVisitor - [ORDERBOOK] Can't match order:MktData(price=119,quantity=5600)(Limit(side=BUY,orderId=27,price=115,quantity=46))
16:02:30.570 [main] DEBUG c.o.v.ReadOnlyMarketDataChannelPublishVisitor - Bid Side Size: 3
16:02:30.570 [main] DEBUG c.o.v.ReadOnlyMarketDataChannelPublishVisitor - Adding Mkt Data Msg BID: Price=98 Qty=100
16:02:30.570 [main] DEBUG c.o.v.ReadOnlyMarketDataChannelPublishVisitor - Adding Mkt Data Msg BID: Price=95 Qty=200
16:02:30.570 [main] DEBUG c.o.v.ReadOnlyMarketDataChannelPublishVisitor - Adding Mkt Data Msg BID: Price=91 Qty=300
16:02:30.570 [main] DEBUG c.o.v.ReadOnlyMarketDataChannelPublishVisitor - Ask Side Size: 2
16:02:30.570 [main] DEBUG c.o.v.ReadOnlyMarketDataChannelPublishVisitor - Adding Mkt Data Msg ASK: Price=115 Qty=3390
16:02:30.570 [main] DEBUG c.o.v.ReadOnlyMarketDataChannelPublishVisitor - Adding Mkt Data Msg ASK: Price=119 Qty=5600
16:02:30.570 [main] INFO  c.o.channel.MarketDataChannel - [ORDERBOOK] Sending market data update...
16:02:30.570 [main] INFO  c.sequencer.consumer.LoggingConsumer - [181] 
|----BID-----|
    100 @ 98
    200 @ 95
    300 @ 91
|----ASK-----|
  3390 @ 115
  5600 @ 119

16:02:30.570 [main] DEBUG c.service.MarketDataService - [ALGO] BID: price:98 quantity:100
16:02:30.570 [main] DEBUG c.service.MarketDataService - [ALGO] BID: price:95 quantity:200
16:02:30.570 [main] DEBUG c.service.MarketDataService - [ALGO] BID: price:91 quantity:300
16:02:30.570 [main] DEBUG c.service.MarketDataService - [ALGO] ASK: price:115 quantity:3390
16:02:30.570 [main] DEBUG c.service.MarketDataService - [ALGO] ASK: price:119 quantity:5600
16:02:30.570 [main] INFO  c.gettingstarted.MyAlgoLogic - [MYALGO] In Algo Logic.... HeLlO
16:02:30.570 [main] INFO  c.gettingstarted.MyAlgoLogic - [MYALGO] The state of the order book is:
|----BID-----||----ASK----|
    100 @ 98  3390 @ 115
    200 @ 95  5600 @ 119
    300 @ 91          - 
|------------||-----------|

16:02:30.570 [main] INFO  c.o.v.MutatingMatchOneOrderVisitor - [ORDERBOOK] visiting LevelOrderBookLevel(price=119,quantity=5600)
16:02:30.570 [main] INFO  c.o.v.MutatingMatchOneOrderVisitor - [ORDERBOOK] Can't match order:MktData(price=119,quantity=5600)(Limit(side=BUY,orderId=26,price=115,quantity=46))
16:02:30.570 [main] DEBUG c.o.v.ReadOnlyMarketDataChannelPublishVisitor - Bid Side Size: 3
16:02:30.570 [main] DEBUG c.o.v.ReadOnlyMarketDataChannelPublishVisitor - Adding Mkt Data Msg BID: Price=98 Qty=100
16:02:30.570 [main] DEBUG c.o.v.ReadOnlyMarketDataChannelPublishVisitor - Adding Mkt Data Msg BID: Price=95 Qty=200
16:02:30.570 [main] DEBUG c.o.v.ReadOnlyMarketDataChannelPublishVisitor - Adding Mkt Data Msg BID: Price=91 Qty=300
16:02:30.570 [main] DEBUG c.o.v.ReadOnlyMarketDataChannelPublishVisitor - Ask Side Size: 2
16:02:30.570 [main] DEBUG c.o.v.ReadOnlyMarketDataChannelPublishVisitor - Adding Mkt Data Msg ASK: Price=115 Qty=3390
16:02:30.570 [main] DEBUG c.o.v.ReadOnlyMarketDataChannelPublishVisitor - Adding Mkt Data Msg ASK: Price=119 Qty=5600
16:02:30.570 [main] INFO  c.o.channel.MarketDataChannel - [ORDERBOOK] Sending market data update...
16:02:30.570 [main] INFO  c.sequencer.consumer.LoggingConsumer - [182] 
|----BID-----|
    100 @ 98
    200 @ 95
    300 @ 91
|----ASK-----|
  3390 @ 115
  5600 @ 119

16:02:30.570 [main] DEBUG c.service.MarketDataService - [ALGO] BID: price:98 quantity:100
16:02:30.570 [main] DEBUG c.service.MarketDataService - [ALGO] BID: price:95 quantity:200
16:02:30.570 [main] DEBUG c.service.MarketDataService - [ALGO] BID: price:91 quantity:300
16:02:30.570 [main] DEBUG c.service.MarketDataService - [ALGO] ASK: price:115 quantity:3390
16:02:30.570 [main] DEBUG c.service.MarketDataService - [ALGO] ASK: price:119 quantity:5600
16:02:30.570 [main] INFO  c.gettingstarted.MyAlgoLogic - [MYALGO] In Algo Logic.... HeLlO
16:02:30.570 [main] INFO  c.gettingstarted.MyAlgoLogic - [MYALGO] The state of the order book is:
|----BID-----||----ASK----|
    100 @ 98  3390 @ 115
    200 @ 95  5600 @ 119
    300 @ 91          - 
|------------||-----------|

16:02:30.570 [main] INFO  c.o.v.MutatingMatchOneOrderVisitor - [ORDERBOOK] visiting LevelOrderBookLevel(price=119,quantity=5600)
16:02:30.570 [main] INFO  c.o.v.MutatingMatchOneOrderVisitor - [ORDERBOOK] Can't match order:MktData(price=119,quantity=5600)(Limit(side=BUY,orderId=25,price=115,quantity=46))
16:02:30.571 [main] DEBUG c.o.v.ReadOnlyMarketDataChannelPublishVisitor - Bid Side Size: 3
16:02:30.571 [main] DEBUG c.o.v.ReadOnlyMarketDataChannelPublishVisitor - Adding Mkt Data Msg BID: Price=98 Qty=100
16:02:30.571 [main] DEBUG c.o.v.ReadOnlyMarketDataChannelPublishVisitor - Adding Mkt Data Msg BID: Price=95 Qty=200
16:02:30.571 [main] DEBUG c.o.v.ReadOnlyMarketDataChannelPublishVisitor - Adding Mkt Data Msg BID: Price=91 Qty=300
16:02:30.571 [main] DEBUG c.o.v.ReadOnlyMarketDataChannelPublishVisitor - Ask Side Size: 2
16:02:30.571 [main] DEBUG c.o.v.ReadOnlyMarketDataChannelPublishVisitor - Adding Mkt Data Msg ASK: Price=115 Qty=3390
16:02:30.571 [main] DEBUG c.o.v.ReadOnlyMarketDataChannelPublishVisitor - Adding Mkt Data Msg ASK: Price=119 Qty=5600
16:02:30.571 [main] INFO  c.o.channel.MarketDataChannel - [ORDERBOOK] Sending market data update...
16:02:30.571 [main] INFO  c.sequencer.consumer.LoggingConsumer - [183] 
|----BID-----|
    100 @ 98
    200 @ 95
    300 @ 91
|----ASK-----|
  3390 @ 115
  5600 @ 119

16:02:30.571 [main] DEBUG c.service.MarketDataService - [ALGO] BID: price:98 quantity:100
16:02:30.571 [main] DEBUG c.service.MarketDataService - [ALGO] BID: price:95 quantity:200
16:02:30.571 [main] DEBUG c.service.MarketDataService - [ALGO] BID: price:91 quantity:300
16:02:30.571 [main] DEBUG c.service.MarketDataService - [ALGO] ASK: price:115 quantity:3390
16:02:30.571 [main] DEBUG c.service.MarketDataService - [ALGO] ASK: price:119 quantity:5600
16:02:30.571 [main] INFO  c.gettingstarted.MyAlgoLogic - [MYALGO] In Algo Logic.... HeLlO
16:02:30.571 [main] INFO  c.gettingstarted.MyAlgoLogic - [MYALGO] The state of the order book is:
|----BID-----||----ASK----|
    100 @ 98  3390 @ 115
    200 @ 95  5600 @ 119
    300 @ 91          - 
|------------||-----------|

16:02:30.571 [main] INFO  c.o.v.MutatingMatchOneOrderVisitor - [ORDERBOOK] visiting LevelOrderBookLevel(price=119,quantity=5600)
16:02:30.571 [main] INFO  c.o.v.MutatingMatchOneOrderVisitor - [ORDERBOOK] Can't match order:MktData(price=119,quantity=5600)(Limit(side=BUY,orderId=24,price=115,quantity=46))
16:02:30.571 [main] DEBUG c.o.v.ReadOnlyMarketDataChannelPublishVisitor - Bid Side Size: 3
16:02:30.571 [main] DEBUG c.o.v.ReadOnlyMarketDataChannelPublishVisitor - Adding Mkt Data Msg BID: Price=98 Qty=100
16:02:30.571 [main] DEBUG c.o.v.ReadOnlyMarketDataChannelPublishVisitor - Adding Mkt Data Msg BID: Price=95 Qty=200
16:02:30.571 [main] DEBUG c.o.v.ReadOnlyMarketDataChannelPublishVisitor - Adding Mkt Data Msg BID: Price=91 Qty=300
16:02:30.571 [main] DEBUG c.o.v.ReadOnlyMarketDataChannelPublishVisitor - Ask Side Size: 2
16:02:30.571 [main] DEBUG c.o.v.ReadOnlyMarketDataChannelPublishVisitor - Adding Mkt Data Msg ASK: Price=115 Qty=3390
16:02:30.571 [main] DEBUG c.o.v.ReadOnlyMarketDataChannelPublishVisitor - Adding Mkt Data Msg ASK: Price=119 Qty=5600
16:02:30.571 [main] INFO  c.o.channel.MarketDataChannel - [ORDERBOOK] Sending market data update...
16:02:30.571 [main] INFO  c.sequencer.consumer.LoggingConsumer - [184] 
|----BID-----|
    100 @ 98
    200 @ 95
    300 @ 91
|----ASK-----|
  3390 @ 115
  5600 @ 119

16:02:30.571 [main] DEBUG c.service.MarketDataService - [ALGO] BID: price:98 quantity:100
16:02:30.571 [main] DEBUG c.service.MarketDataService - [ALGO] BID: price:95 quantity:200
16:02:30.571 [main] DEBUG c.service.MarketDataService - [ALGO] BID: price:91 quantity:300
16:02:30.572 [main] DEBUG c.service.MarketDataService - [ALGO] ASK: price:115 quantity:3390
16:02:30.572 [main] DEBUG c.service.MarketDataService - [ALGO] ASK: price:119 quantity:5600
16:02:30.572 [main] INFO  c.gettingstarted.MyAlgoLogic - [MYALGO] In Algo Logic.... HeLlO
16:02:30.572 [main] INFO  c.gettingstarted.MyAlgoLogic - [MYALGO] The state of the order book is:
|----BID-----||----ASK----|
    100 @ 98  3390 @ 115
    200 @ 95  5600 @ 119
    300 @ 91          - 
|------------||-----------|

16:02:30.572 [main] INFO  c.o.v.MutatingMatchOneOrderVisitor - [ORDERBOOK] visiting LevelOrderBookLevel(price=119,quantity=5600)
16:02:30.572 [main] INFO  c.o.v.MutatingMatchOneOrderVisitor - [ORDERBOOK] Can't match order:MktData(price=119,quantity=5600)(Limit(side=BUY,orderId=23,price=115,quantity=46))
16:02:30.572 [main] DEBUG c.o.v.ReadOnlyMarketDataChannelPublishVisitor - Bid Side Size: 3
16:02:30.572 [main] DEBUG c.o.v.ReadOnlyMarketDataChannelPublishVisitor - Adding Mkt Data Msg BID: Price=98 Qty=100
16:02:30.572 [main] DEBUG c.o.v.ReadOnlyMarketDataChannelPublishVisitor - Adding Mkt Data Msg BID: Price=95 Qty=200
16:02:30.572 [main] DEBUG c.o.v.ReadOnlyMarketDataChannelPublishVisitor - Adding Mkt Data Msg BID: Price=91 Qty=300
16:02:30.572 [main] DEBUG c.o.v.ReadOnlyMarketDataChannelPublishVisitor - Ask Side Size: 2
16:02:30.572 [main] DEBUG c.o.v.ReadOnlyMarketDataChannelPublishVisitor - Adding Mkt Data Msg ASK: Price=115 Qty=3390
16:02:30.572 [main] DEBUG c.o.v.ReadOnlyMarketDataChannelPublishVisitor - Adding Mkt Data Msg ASK: Price=119 Qty=5600
16:02:30.572 [main] INFO  c.o.channel.MarketDataChannel - [ORDERBOOK] Sending market data update...
16:02:30.572 [main] INFO  c.sequencer.consumer.LoggingConsumer - [185] 
|----BID-----|
    100 @ 98
    200 @ 95
    300 @ 91
|----ASK-----|
  3390 @ 115
  5600 @ 119

16:02:30.572 [main] DEBUG c.service.MarketDataService - [ALGO] BID: price:98 quantity:100
16:02:30.572 [main] DEBUG c.service.MarketDataService - [ALGO] BID: price:95 quantity:200
16:02:30.572 [main] DEBUG c.service.MarketDataService - [ALGO] BID: price:91 quantity:300
16:02:30.572 [main] DEBUG c.service.MarketDataService - [ALGO] ASK: price:115 quantity:3390
16:02:30.572 [main] DEBUG c.service.MarketDataService - [ALGO] ASK: price:119 quantity:5600
16:02:30.572 [main] INFO  c.gettingstarted.MyAlgoLogic - [MYALGO] In Algo Logic.... HeLlO
16:02:30.572 [main] INFO  c.gettingstarted.MyAlgoLogic - [MYALGO] The state of the order book is:
|----BID-----||----ASK----|
    100 @ 98  3390 @ 115
    200 @ 95  5600 @ 119
    300 @ 91          - 
|------------||-----------|

16:02:30.572 [main] INFO  c.o.v.MutatingMatchOneOrderVisitor - [ORDERBOOK] visiting LevelOrderBookLevel(price=119,quantity=5600)
16:02:30.572 [main] INFO  c.o.v.MutatingMatchOneOrderVisitor - [ORDERBOOK] Can't match order:MktData(price=119,quantity=5600)(Limit(side=BUY,orderId=22,price=115,quantity=46))
16:02:30.572 [main] DEBUG c.o.v.ReadOnlyMarketDataChannelPublishVisitor - Bid Side Size: 3
16:02:30.572 [main] DEBUG c.o.v.ReadOnlyMarketDataChannelPublishVisitor - Adding Mkt Data Msg BID: Price=98 Qty=100
16:02:30.572 [main] DEBUG c.o.v.ReadOnlyMarketDataChannelPublishVisitor - Adding Mkt Data Msg BID: Price=95 Qty=200
16:02:30.572 [main] DEBUG c.o.v.ReadOnlyMarketDataChannelPublishVisitor - Adding Mkt Data Msg BID: Price=91 Qty=300
16:02:30.572 [main] DEBUG c.o.v.ReadOnlyMarketDataChannelPublishVisitor - Ask Side Size: 2
16:02:30.572 [main] DEBUG c.o.v.ReadOnlyMarketDataChannelPublishVisitor - Adding Mkt Data Msg ASK: Price=115 Qty=3390
16:02:30.573 [main] DEBUG c.o.v.ReadOnlyMarketDataChannelPublishVisitor - Adding Mkt Data Msg ASK: Price=119 Qty=5600
16:02:30.573 [main] INFO  c.o.channel.MarketDataChannel - [ORDERBOOK] Sending market data update...
16:02:30.573 [main] INFO  c.sequencer.consumer.LoggingConsumer - [186] 
|----BID-----|
    100 @ 98
    200 @ 95
    300 @ 91
|----ASK-----|
  3390 @ 115
  5600 @ 119

16:02:30.573 [main] DEBUG c.service.MarketDataService - [ALGO] BID: price:98 quantity:100
16:02:30.573 [main] DEBUG c.service.MarketDataService - [ALGO] BID: price:95 quantity:200
16:02:30.573 [main] DEBUG c.service.MarketDataService - [ALGO] BID: price:91 quantity:300
16:02:30.573 [main] DEBUG c.service.MarketDataService - [ALGO] ASK: price:115 quantity:3390
16:02:30.573 [main] DEBUG c.service.MarketDataService - [ALGO] ASK: price:119 quantity:5600
16:02:30.573 [main] INFO  c.gettingstarted.MyAlgoLogic - [MYALGO] In Algo Logic.... HeLlO
16:02:30.573 [main] INFO  c.gettingstarted.MyAlgoLogic - [MYALGO] The state of the order book is:
|----BID-----||----ASK----|
    100 @ 98  3390 @ 115
    200 @ 95  5600 @ 119
    300 @ 91          - 
|------------||-----------|

16:02:30.573 [main] INFO  c.o.v.MutatingMatchOneOrderVisitor - [ORDERBOOK] visiting LevelOrderBookLevel(price=119,quantity=5600)
16:02:30.573 [main] INFO  c.o.v.MutatingMatchOneOrderVisitor - [ORDERBOOK] Can't match order:MktData(price=119,quantity=5600)(Limit(side=BUY,orderId=21,price=115,quantity=46))
16:02:30.573 [main] DEBUG c.o.v.ReadOnlyMarketDataChannelPublishVisitor - Bid Side Size: 3
16:02:30.573 [main] DEBUG c.o.v.ReadOnlyMarketDataChannelPublishVisitor - Adding Mkt Data Msg BID: Price=98 Qty=100
16:02:30.573 [main] DEBUG c.o.v.ReadOnlyMarketDataChannelPublishVisitor - Adding Mkt Data Msg BID: Price=95 Qty=200
16:02:30.573 [main] DEBUG c.o.v.ReadOnlyMarketDataChannelPublishVisitor - Adding Mkt Data Msg BID: Price=91 Qty=300
16:02:30.573 [main] DEBUG c.o.v.ReadOnlyMarketDataChannelPublishVisitor - Ask Side Size: 2
16:02:30.573 [main] DEBUG c.o.v.ReadOnlyMarketDataChannelPublishVisitor - Adding Mkt Data Msg ASK: Price=115 Qty=3390
16:02:30.573 [main] DEBUG c.o.v.ReadOnlyMarketDataChannelPublishVisitor - Adding Mkt Data Msg ASK: Price=119 Qty=5600
16:02:30.573 [main] INFO  c.o.channel.MarketDataChannel - [ORDERBOOK] Sending market data update...
16:02:30.573 [main] INFO  c.sequencer.consumer.LoggingConsumer - [187] 
|----BID-----|
    100 @ 98
    200 @ 95
    300 @ 91
|----ASK-----|
  3390 @ 115
  5600 @ 119

16:02:30.573 [main] DEBUG c.service.MarketDataService - [ALGO] BID: price:98 quantity:100
16:02:30.573 [main] DEBUG c.service.MarketDataService - [ALGO] BID: price:95 quantity:200
16:02:30.573 [main] DEBUG c.service.MarketDataService - [ALGO] BID: price:91 quantity:300
16:02:30.573 [main] DEBUG c.service.MarketDataService - [ALGO] ASK: price:115 quantity:3390
16:02:30.573 [main] DEBUG c.service.MarketDataService - [ALGO] ASK: price:119 quantity:5600
16:02:30.573 [main] INFO  c.gettingstarted.MyAlgoLogic - [MYALGO] In Algo Logic.... HeLlO
16:02:30.573 [main] INFO  c.gettingstarted.MyAlgoLogic - [MYALGO] The state of the order book is:
|----BID-----||----ASK----|
    100 @ 98  3390 @ 115
    200 @ 95  5600 @ 119
    300 @ 91          - 
|------------||-----------|

16:02:30.573 [main] INFO  c.o.v.MutatingMatchOneOrderVisitor - [ORDERBOOK] visiting LevelOrderBookLevel(price=119,quantity=5600)
16:02:30.573 [main] INFO  c.o.v.MutatingMatchOneOrderVisitor - [ORDERBOOK] Can't match order:MktData(price=119,quantity=5600)(Limit(side=BUY,orderId=20,price=115,quantity=46))
16:02:30.574 [main] DEBUG c.o.v.ReadOnlyMarketDataChannelPublishVisitor - Bid Side Size: 3
16:02:30.574 [main] DEBUG c.o.v.ReadOnlyMarketDataChannelPublishVisitor - Adding Mkt Data Msg BID: Price=98 Qty=100
16:02:30.574 [main] DEBUG c.o.v.ReadOnlyMarketDataChannelPublishVisitor - Adding Mkt Data Msg BID: Price=95 Qty=200
16:02:30.574 [main] DEBUG c.o.v.ReadOnlyMarketDataChannelPublishVisitor - Adding Mkt Data Msg BID: Price=91 Qty=300
16:02:30.574 [main] DEBUG c.o.v.ReadOnlyMarketDataChannelPublishVisitor - Ask Side Size: 2
16:02:30.574 [main] DEBUG c.o.v.ReadOnlyMarketDataChannelPublishVisitor - Adding Mkt Data Msg ASK: Price=115 Qty=3390
16:02:30.574 [main] DEBUG c.o.v.ReadOnlyMarketDataChannelPublishVisitor - Adding Mkt Data Msg ASK: Price=119 Qty=5600
16:02:30.574 [main] INFO  c.o.channel.MarketDataChannel - [ORDERBOOK] Sending market data update...
16:02:30.574 [main] INFO  c.sequencer.consumer.LoggingConsumer - [188] 
|----BID-----|
    100 @ 98
    200 @ 95
    300 @ 91
|----ASK-----|
  3390 @ 115
  5600 @ 119

16:02:30.574 [main] DEBUG c.service.MarketDataService - [ALGO] BID: price:98 quantity:100
16:02:30.574 [main] DEBUG c.service.MarketDataService - [ALGO] BID: price:95 quantity:200
16:02:30.574 [main] DEBUG c.service.MarketDataService - [ALGO] BID: price:91 quantity:300
16:02:30.574 [main] DEBUG c.service.MarketDataService - [ALGO] ASK: price:115 quantity:3390
16:02:30.574 [main] DEBUG c.service.MarketDataService - [ALGO] ASK: price:119 quantity:5600
16:02:30.574 [main] INFO  c.gettingstarted.MyAlgoLogic - [MYALGO] In Algo Logic.... HeLlO
16:02:30.574 [main] INFO  c.gettingstarted.MyAlgoLogic - [MYALGO] The state of the order book is:
|----BID-----||----ASK----|
    100 @ 98  3390 @ 115
    200 @ 95  5600 @ 119
    300 @ 91          - 
|------------||-----------|

16:02:30.574 [main] INFO  c.o.v.MutatingMatchOneOrderVisitor - [ORDERBOOK] visiting LevelOrderBookLevel(price=119,quantity=5600)
16:02:30.574 [main] INFO  c.o.v.MutatingMatchOneOrderVisitor - [ORDERBOOK] Can't match order:MktData(price=119,quantity=5600)(Limit(side=BUY,orderId=19,price=115,quantity=46))
16:02:30.574 [main] DEBUG c.o.v.ReadOnlyMarketDataChannelPublishVisitor - Bid Side Size: 3
16:02:30.574 [main] DEBUG c.o.v.ReadOnlyMarketDataChannelPublishVisitor - Adding Mkt Data Msg BID: Price=98 Qty=100
16:02:30.574 [main] DEBUG c.o.v.ReadOnlyMarketDataChannelPublishVisitor - Adding Mkt Data Msg BID: Price=95 Qty=200
16:02:30.574 [main] DEBUG c.o.v.ReadOnlyMarketDataChannelPublishVisitor - Adding Mkt Data Msg BID: Price=91 Qty=300
16:02:30.574 [main] DEBUG c.o.v.ReadOnlyMarketDataChannelPublishVisitor - Ask Side Size: 2
16:02:30.574 [main] DEBUG c.o.v.ReadOnlyMarketDataChannelPublishVisitor - Adding Mkt Data Msg ASK: Price=115 Qty=3390
16:02:30.574 [main] DEBUG c.o.v.ReadOnlyMarketDataChannelPublishVisitor - Adding Mkt Data Msg ASK: Price=119 Qty=5600
16:02:30.574 [main] INFO  c.o.channel.MarketDataChannel - [ORDERBOOK] Sending market data update...
16:02:30.574 [main] INFO  c.sequencer.consumer.LoggingConsumer - [189] 
|----BID-----|
    100 @ 98
    200 @ 95
    300 @ 91
|----ASK-----|
  3390 @ 115
  5600 @ 119

16:02:30.574 [main] DEBUG c.service.MarketDataService - [ALGO] BID: price:98 quantity:100
16:02:30.574 [main] DEBUG c.service.MarketDataService - [ALGO] BID: price:95 quantity:200
16:02:30.574 [main] DEBUG c.service.MarketDataService - [ALGO] BID: price:91 quantity:300
16:02:30.574 [main] DEBUG c.service.MarketDataService - [ALGO] ASK: price:115 quantity:3390
16:02:30.574 [main] DEBUG c.service.MarketDataService - [ALGO] ASK: price:119 quantity:5600
16:02:30.574 [main] INFO  c.gettingstarted.MyAlgoLogic - [MYALGO] In Algo Logic.... HeLlO
16:02:30.575 [main] INFO  c.gettingstarted.MyAlgoLogic - [MYALGO] The state of the order book is:
|----BID-----||----ASK----|
    100 @ 98  3390 @ 115
    200 @ 95  5600 @ 119
    300 @ 91          - 
|------------||-----------|

16:02:30.575 [main] INFO  c.o.v.MutatingMatchOneOrderVisitor - [ORDERBOOK] visiting LevelOrderBookLevel(price=119,quantity=5600)
16:02:30.575 [main] INFO  c.o.v.MutatingMatchOneOrderVisitor - [ORDERBOOK] Can't match order:MktData(price=119,quantity=5600)(Limit(side=BUY,orderId=18,price=115,quantity=46))
16:02:30.575 [main] DEBUG c.o.v.ReadOnlyMarketDataChannelPublishVisitor - Bid Side Size: 3
16:02:30.575 [main] DEBUG c.o.v.ReadOnlyMarketDataChannelPublishVisitor - Adding Mkt Data Msg BID: Price=98 Qty=100
16:02:30.575 [main] DEBUG c.o.v.ReadOnlyMarketDataChannelPublishVisitor - Adding Mkt Data Msg BID: Price=95 Qty=200
16:02:30.575 [main] DEBUG c.o.v.ReadOnlyMarketDataChannelPublishVisitor - Adding Mkt Data Msg BID: Price=91 Qty=300
16:02:30.576 [main] DEBUG c.o.v.ReadOnlyMarketDataChannelPublishVisitor - Ask Side Size: 2
16:02:30.576 [main] DEBUG c.o.v.ReadOnlyMarketDataChannelPublishVisitor - Adding Mkt Data Msg ASK: Price=115 Qty=3390
16:02:30.576 [main] DEBUG c.o.v.ReadOnlyMarketDataChannelPublishVisitor - Adding Mkt Data Msg ASK: Price=119 Qty=5600
16:02:30.576 [main] INFO  c.o.channel.MarketDataChannel - [ORDERBOOK] Sending market data update...
16:02:30.576 [main] INFO  c.sequencer.consumer.LoggingConsumer - [190] 
|----BID-----|
    100 @ 98
    200 @ 95
    300 @ 91
|----ASK-----|
  3390 @ 115
  5600 @ 119

16:02:30.576 [main] DEBUG c.service.MarketDataService - [ALGO] BID: price:98 quantity:100
16:02:30.576 [main] DEBUG c.service.MarketDataService - [ALGO] BID: price:95 quantity:200
16:02:30.576 [main] DEBUG c.service.MarketDataService - [ALGO] BID: price:91 quantity:300
16:02:30.576 [main] DEBUG c.service.MarketDataService - [ALGO] ASK: price:115 quantity:3390
16:02:30.576 [main] DEBUG c.service.MarketDataService - [ALGO] ASK: price:119 quantity:5600
16:02:30.576 [main] INFO  c.gettingstarted.MyAlgoLogic - [MYALGO] In Algo Logic.... HeLlO
16:02:30.576 [main] INFO  c.gettingstarted.MyAlgoLogic - [MYALGO] The state of the order book is:
|----BID-----||----ASK----|
    100 @ 98  3390 @ 115
    200 @ 95  5600 @ 119
    300 @ 91          - 
|------------||-----------|

16:02:30.576 [main] INFO  c.o.v.MutatingMatchOneOrderVisitor - [ORDERBOOK] visiting LevelOrderBookLevel(price=119,quantity=5600)
16:02:30.576 [main] INFO  c.o.v.MutatingMatchOneOrderVisitor - [ORDERBOOK] Can't match order:MktData(price=119,quantity=5600)(Limit(side=BUY,orderId=17,price=115,quantity=46))
16:02:30.576 [main] DEBUG c.o.v.ReadOnlyMarketDataChannelPublishVisitor - Bid Side Size: 3
16:02:30.576 [main] DEBUG c.o.v.ReadOnlyMarketDataChannelPublishVisitor - Adding Mkt Data Msg BID: Price=98 Qty=100
16:02:30.576 [main] DEBUG c.o.v.ReadOnlyMarketDataChannelPublishVisitor - Adding Mkt Data Msg BID: Price=95 Qty=200
16:02:30.576 [main] DEBUG c.o.v.ReadOnlyMarketDataChannelPublishVisitor - Adding Mkt Data Msg BID: Price=91 Qty=300
16:02:30.576 [main] DEBUG c.o.v.ReadOnlyMarketDataChannelPublishVisitor - Ask Side Size: 2
16:02:30.576 [main] DEBUG c.o.v.ReadOnlyMarketDataChannelPublishVisitor - Adding Mkt Data Msg ASK: Price=115 Qty=3390
16:02:30.576 [main] DEBUG c.o.v.ReadOnlyMarketDataChannelPublishVisitor - Adding Mkt Data Msg ASK: Price=119 Qty=5600
16:02:30.576 [main] INFO  c.o.channel.MarketDataChannel - [ORDERBOOK] Sending market data update...
16:02:30.579 [main] INFO  c.sequencer.consumer.LoggingConsumer - [191] 
|----BID-----|
    100 @ 98
    200 @ 95
    300 @ 91
|----ASK-----|
  3390 @ 115
  5600 @ 119

16:02:30.579 [main] DEBUG c.service.MarketDataService - [ALGO] BID: price:98 quantity:100
16:02:30.579 [main] DEBUG c.service.MarketDataService - [ALGO] BID: price:95 quantity:200
16:02:30.579 [main] DEBUG c.service.MarketDataService - [ALGO] BID: price:91 quantity:300
16:02:30.579 [main] DEBUG c.service.MarketDataService - [ALGO] ASK: price:115 quantity:3390
16:02:30.579 [main] DEBUG c.service.MarketDataService - [ALGO] ASK: price:119 quantity:5600
16:02:30.579 [main] INFO  c.gettingstarted.MyAlgoLogic - [MYALGO] In Algo Logic.... HeLlO
16:02:30.580 [main] INFO  c.gettingstarted.MyAlgoLogic - [MYALGO] The state of the order book is:
|----BID-----||----ASK----|
    100 @ 98  3390 @ 115
    200 @ 95  5600 @ 119
    300 @ 91          - 
|------------||-----------|

16:02:30.580 [main] INFO  c.o.v.MutatingMatchOneOrderVisitor - [ORDERBOOK] visiting LevelOrderBookLevel(price=119,quantity=5600)
16:02:30.580 [main] INFO  c.o.v.MutatingMatchOneOrderVisitor - [ORDERBOOK] Can't match order:MktData(price=119,quantity=5600)(Limit(side=BUY,orderId=16,price=115,quantity=46))
16:02:30.580 [main] DEBUG c.o.v.ReadOnlyMarketDataChannelPublishVisitor - Bid Side Size: 3
16:02:30.580 [main] DEBUG c.o.v.ReadOnlyMarketDataChannelPublishVisitor - Adding Mkt Data Msg BID: Price=98 Qty=100
16:02:30.580 [main] DEBUG c.o.v.ReadOnlyMarketDataChannelPublishVisitor - Adding Mkt Data Msg BID: Price=95 Qty=200
16:02:30.580 [main] DEBUG c.o.v.ReadOnlyMarketDataChannelPublishVisitor - Adding Mkt Data Msg BID: Price=91 Qty=300
16:02:30.580 [main] DEBUG c.o.v.ReadOnlyMarketDataChannelPublishVisitor - Ask Side Size: 2
16:02:30.580 [main] DEBUG c.o.v.ReadOnlyMarketDataChannelPublishVisitor - Adding Mkt Data Msg ASK: Price=115 Qty=3390
16:02:30.580 [main] DEBUG c.o.v.ReadOnlyMarketDataChannelPublishVisitor - Adding Mkt Data Msg ASK: Price=119 Qty=5600
16:02:30.580 [main] INFO  c.o.channel.MarketDataChannel - [ORDERBOOK] Sending market data update...
16:02:30.580 [main] INFO  c.sequencer.consumer.LoggingConsumer - [192] 
|----BID-----|
    100 @ 98
    200 @ 95
    300 @ 91
|----ASK-----|
  3390 @ 115
  5600 @ 119

16:02:30.581 [main] DEBUG c.service.MarketDataService - [ALGO] BID: price:98 quantity:100
16:02:30.581 [main] DEBUG c.service.MarketDataService - [ALGO] BID: price:95 quantity:200
16:02:30.581 [main] DEBUG c.service.MarketDataService - [ALGO] BID: price:91 quantity:300
16:02:30.581 [main] DEBUG c.service.MarketDataService - [ALGO] ASK: price:115 quantity:3390
16:02:30.581 [main] DEBUG c.service.MarketDataService - [ALGO] ASK: price:119 quantity:5600
16:02:30.582 [main] INFO  c.gettingstarted.MyAlgoLogic - [MYALGO] In Algo Logic.... HeLlO
16:02:30.582 [main] INFO  c.gettingstarted.MyAlgoLogic - [MYALGO] The state of the order book is:
|----BID-----||----ASK----|
    100 @ 98  3390 @ 115
    200 @ 95  5600 @ 119
    300 @ 91          - 
|------------||-----------|

16:02:30.583 [main] INFO  c.o.v.MutatingMatchOneOrderVisitor - [ORDERBOOK] visiting LevelOrderBookLevel(price=119,quantity=5600)
16:02:30.583 [main] INFO  c.o.v.MutatingMatchOneOrderVisitor - [ORDERBOOK] Can't match order:MktData(price=119,quantity=5600)(Limit(side=BUY,orderId=15,price=115,quantity=46))
16:02:30.583 [main] DEBUG c.o.v.ReadOnlyMarketDataChannelPublishVisitor - Bid Side Size: 3
16:02:30.583 [main] DEBUG c.o.v.ReadOnlyMarketDataChannelPublishVisitor - Adding Mkt Data Msg BID: Price=98 Qty=100
16:02:30.583 [main] DEBUG c.o.v.ReadOnlyMarketDataChannelPublishVisitor - Adding Mkt Data Msg BID: Price=95 Qty=200
16:02:30.583 [main] DEBUG c.o.v.ReadOnlyMarketDataChannelPublishVisitor - Adding Mkt Data Msg BID: Price=91 Qty=300
16:02:30.583 [main] DEBUG c.o.v.ReadOnlyMarketDataChannelPublishVisitor - Ask Side Size: 2
16:02:30.583 [main] DEBUG c.o.v.ReadOnlyMarketDataChannelPublishVisitor - Adding Mkt Data Msg ASK: Price=115 Qty=3390
16:02:30.583 [main] DEBUG c.o.v.ReadOnlyMarketDataChannelPublishVisitor - Adding Mkt Data Msg ASK: Price=119 Qty=5600
16:02:30.583 [main] INFO  c.o.channel.MarketDataChannel - [ORDERBOOK] Sending market data update...
16:02:30.583 [main] INFO  c.sequencer.consumer.LoggingConsumer - [193] 
|----BID-----|
    100 @ 98
    200 @ 95
    300 @ 91
|----ASK-----|
  3390 @ 115
  5600 @ 119

16:02:30.583 [main] DEBUG c.service.MarketDataService - [ALGO] BID: price:98 quantity:100
16:02:30.583 [main] DEBUG c.service.MarketDataService - [ALGO] BID: price:95 quantity:200
16:02:30.583 [main] DEBUG c.service.MarketDataService - [ALGO] BID: price:91 quantity:300
16:02:30.583 [main] DEBUG c.service.MarketDataService - [ALGO] ASK: price:115 quantity:3390
16:02:30.583 [main] DEBUG c.service.MarketDataService - [ALGO] ASK: price:119 quantity:5600
16:02:30.583 [main] INFO  c.gettingstarted.MyAlgoLogic - [MYALGO] In Algo Logic.... HeLlO
16:02:30.583 [main] INFO  c.gettingstarted.MyAlgoLogic - [MYALGO] The state of the order book is:
|----BID-----||----ASK----|
    100 @ 98  3390 @ 115
    200 @ 95  5600 @ 119
    300 @ 91          - 
|------------||-----------|

16:02:30.583 [main] INFO  c.o.v.MutatingMatchOneOrderVisitor - [ORDERBOOK] visiting LevelOrderBookLevel(price=119,quantity=5600)
16:02:30.583 [main] INFO  c.o.v.MutatingMatchOneOrderVisitor - [ORDERBOOK] Can't match order:MktData(price=119,quantity=5600)(Limit(side=BUY,orderId=14,price=115,quantity=46))
16:02:30.583 [main] DEBUG c.o.v.ReadOnlyMarketDataChannelPublishVisitor - Bid Side Size: 3
16:02:30.583 [main] DEBUG c.o.v.ReadOnlyMarketDataChannelPublishVisitor - Adding Mkt Data Msg BID: Price=98 Qty=100
16:02:30.583 [main] DEBUG c.o.v.ReadOnlyMarketDataChannelPublishVisitor - Adding Mkt Data Msg BID: Price=95 Qty=200
16:02:30.583 [main] DEBUG c.o.v.ReadOnlyMarketDataChannelPublishVisitor - Adding Mkt Data Msg BID: Price=91 Qty=300
16:02:30.583 [main] DEBUG c.o.v.ReadOnlyMarketDataChannelPublishVisitor - Ask Side Size: 2
16:02:30.583 [main] DEBUG c.o.v.ReadOnlyMarketDataChannelPublishVisitor - Adding Mkt Data Msg ASK: Price=115 Qty=3390
16:02:30.583 [main] DEBUG c.o.v.ReadOnlyMarketDataChannelPublishVisitor - Adding Mkt Data Msg ASK: Price=119 Qty=5600
16:02:30.583 [main] INFO  c.o.channel.MarketDataChannel - [ORDERBOOK] Sending market data update...
16:02:30.583 [main] INFO  c.sequencer.consumer.LoggingConsumer - [194] 
|----BID-----|
    100 @ 98
    200 @ 95
    300 @ 91
|----ASK-----|
  3390 @ 115
  5600 @ 119

16:02:30.583 [main] DEBUG c.service.MarketDataService - [ALGO] BID: price:98 quantity:100
16:02:30.583 [main] DEBUG c.service.MarketDataService - [ALGO] BID: price:95 quantity:200
16:02:30.583 [main] DEBUG c.service.MarketDataService - [ALGO] BID: price:91 quantity:300
16:02:30.583 [main] DEBUG c.service.MarketDataService - [ALGO] ASK: price:115 quantity:3390
16:02:30.583 [main] DEBUG c.service.MarketDataService - [ALGO] ASK: price:119 quantity:5600
16:02:30.583 [main] INFO  c.gettingstarted.MyAlgoLogic - [MYALGO] In Algo Logic.... HeLlO
16:02:30.583 [main] INFO  c.gettingstarted.MyAlgoLogic - [MYALGO] The state of the order book is:
|----BID-----||----ASK----|
    100 @ 98  3390 @ 115
    200 @ 95  5600 @ 119
    300 @ 91          - 
|------------||-----------|

16:02:30.583 [main] INFO  c.o.v.MutatingMatchOneOrderVisitor - [ORDERBOOK] visiting LevelOrderBookLevel(price=119,quantity=5600)
16:02:30.583 [main] INFO  c.o.v.MutatingMatchOneOrderVisitor - [ORDERBOOK] Can't match order:MktData(price=119,quantity=5600)(Limit(side=BUY,orderId=13,price=115,quantity=46))
16:02:30.584 [main] DEBUG c.o.v.ReadOnlyMarketDataChannelPublishVisitor - Bid Side Size: 3
16:02:30.584 [main] DEBUG c.o.v.ReadOnlyMarketDataChannelPublishVisitor - Adding Mkt Data Msg BID: Price=98 Qty=100
16:02:30.584 [main] DEBUG c.o.v.ReadOnlyMarketDataChannelPublishVisitor - Adding Mkt Data Msg BID: Price=95 Qty=200
16:02:30.584 [main] DEBUG c.o.v.ReadOnlyMarketDataChannelPublishVisitor - Adding Mkt Data Msg BID: Price=91 Qty=300
16:02:30.584 [main] DEBUG c.o.v.ReadOnlyMarketDataChannelPublishVisitor - Ask Side Size: 2
16:02:30.584 [main] DEBUG c.o.v.ReadOnlyMarketDataChannelPublishVisitor - Adding Mkt Data Msg ASK: Price=115 Qty=3390
16:02:30.584 [main] DEBUG c.o.v.ReadOnlyMarketDataChannelPublishVisitor - Adding Mkt Data Msg ASK: Price=119 Qty=5600
16:02:30.584 [main] INFO  c.o.channel.MarketDataChannel - [ORDERBOOK] Sending market data update...
16:02:30.584 [main] INFO  c.sequencer.consumer.LoggingConsumer - [195] 
|----BID-----|
    100 @ 98
    200 @ 95
    300 @ 91
|----ASK-----|
  3390 @ 115
  5600 @ 119

16:02:30.584 [main] DEBUG c.service.MarketDataService - [ALGO] BID: price:98 quantity:100
16:02:30.584 [main] DEBUG c.service.MarketDataService - [ALGO] BID: price:95 quantity:200
16:02:30.584 [main] DEBUG c.service.MarketDataService - [ALGO] BID: price:91 quantity:300
16:02:30.584 [main] DEBUG c.service.MarketDataService - [ALGO] ASK: price:115 quantity:3390
16:02:30.584 [main] DEBUG c.service.MarketDataService - [ALGO] ASK: price:119 quantity:5600
16:02:30.584 [main] INFO  c.gettingstarted.MyAlgoLogic - [MYALGO] In Algo Logic.... HeLlO
16:02:30.584 [main] INFO  c.gettingstarted.MyAlgoLogic - [MYALGO] The state of the order book is:
|----BID-----||----ASK----|
    100 @ 98  3390 @ 115
    200 @ 95  5600 @ 119
    300 @ 91          - 
|------------||-----------|

16:02:30.584 [main] INFO  c.o.v.MutatingMatchOneOrderVisitor - [ORDERBOOK] visiting LevelOrderBookLevel(price=119,quantity=5600)
16:02:30.584 [main] INFO  c.o.v.MutatingMatchOneOrderVisitor - [ORDERBOOK] Can't match order:MktData(price=119,quantity=5600)(Limit(side=BUY,orderId=12,price=115,quantity=46))
16:02:30.584 [main] DEBUG c.o.v.ReadOnlyMarketDataChannelPublishVisitor - Bid Side Size: 3
16:02:30.584 [main] DEBUG c.o.v.ReadOnlyMarketDataChannelPublishVisitor - Adding Mkt Data Msg BID: Price=98 Qty=100
16:02:30.584 [main] DEBUG c.o.v.ReadOnlyMarketDataChannelPublishVisitor - Adding Mkt Data Msg BID: Price=95 Qty=200
16:02:30.584 [main] DEBUG c.o.v.ReadOnlyMarketDataChannelPublishVisitor - Adding Mkt Data Msg BID: Price=91 Qty=300
16:02:30.584 [main] DEBUG c.o.v.ReadOnlyMarketDataChannelPublishVisitor - Ask Side Size: 2
16:02:30.584 [main] DEBUG c.o.v.ReadOnlyMarketDataChannelPublishVisitor - Adding Mkt Data Msg ASK: Price=115 Qty=3390
16:02:30.584 [main] DEBUG c.o.v.ReadOnlyMarketDataChannelPublishVisitor - Adding Mkt Data Msg ASK: Price=119 Qty=5600
16:02:30.584 [main] INFO  c.o.channel.MarketDataChannel - [ORDERBOOK] Sending market data update...
16:02:30.584 [main] INFO  c.sequencer.consumer.LoggingConsumer - [196] 
|----BID-----|
    100 @ 98
    200 @ 95
    300 @ 91
|----ASK-----|
  3390 @ 115
  5600 @ 119

16:02:30.584 [main] DEBUG c.service.MarketDataService - [ALGO] BID: price:98 quantity:100
16:02:30.584 [main] DEBUG c.service.MarketDataService - [ALGO] BID: price:95 quantity:200
16:02:30.584 [main] DEBUG c.service.MarketDataService - [ALGO] BID: price:91 quantity:300
16:02:30.584 [main] DEBUG c.service.MarketDataService - [ALGO] ASK: price:115 quantity:3390
16:02:30.584 [main] DEBUG c.service.MarketDataService - [ALGO] ASK: price:119 quantity:5600
16:02:30.584 [main] INFO  c.gettingstarted.MyAlgoLogic - [MYALGO] In Algo Logic.... HeLlO
16:02:30.584 [main] INFO  c.gettingstarted.MyAlgoLogic - [MYALGO] The state of the order book is:
|----BID-----||----ASK----|
    100 @ 98  3390 @ 115
    200 @ 95  5600 @ 119
    300 @ 91          - 
|------------||-----------|

16:02:30.584 [main] INFO  c.o.v.MutatingMatchOneOrderVisitor - [ORDERBOOK] visiting LevelOrderBookLevel(price=115,quantity=3390)
16:02:30.585 [main] INFO  c.o.v.MutatingMatchOneOrderVisitor - [ORDERBOOK] Can't match order:MktData(price=115,quantity=3390)(Limit(side=BUY,orderId=10,price=110,quantity=46))
16:02:30.585 [main] INFO  c.o.v.MutatingMatchOneOrderVisitor - [ORDERBOOK] visiting LevelOrderBookLevel(price=119,quantity=5600)
16:02:30.585 [main] INFO  c.o.v.MutatingMatchOneOrderVisitor - [ORDERBOOK] Can't match order:MktData(price=119,quantity=5600)(Limit(side=BUY,orderId=10,price=110,quantity=46))
16:02:30.585 [main] DEBUG c.o.v.ReadOnlyMarketDataChannelPublishVisitor - Bid Side Size: 3
16:02:30.585 [main] DEBUG c.o.v.ReadOnlyMarketDataChannelPublishVisitor - Adding Mkt Data Msg BID: Price=98 Qty=100
16:02:30.585 [main] DEBUG c.o.v.ReadOnlyMarketDataChannelPublishVisitor - Adding Mkt Data Msg BID: Price=95 Qty=200
16:02:30.585 [main] DEBUG c.o.v.ReadOnlyMarketDataChannelPublishVisitor - Adding Mkt Data Msg BID: Price=91 Qty=300
16:02:30.585 [main] DEBUG c.o.v.ReadOnlyMarketDataChannelPublishVisitor - Ask Side Size: 2
16:02:30.585 [main] DEBUG c.o.v.ReadOnlyMarketDataChannelPublishVisitor - Adding Mkt Data Msg ASK: Price=115 Qty=3390
16:02:30.585 [main] DEBUG c.o.v.ReadOnlyMarketDataChannelPublishVisitor - Adding Mkt Data Msg ASK: Price=119 Qty=5600
16:02:30.585 [main] INFO  c.o.channel.MarketDataChannel - [ORDERBOOK] Sending market data update...
16:02:30.585 [main] INFO  c.sequencer.consumer.LoggingConsumer - [197] 
|----BID-----|
    100 @ 98
    200 @ 95
    300 @ 91
|----ASK-----|
  3390 @ 115
  5600 @ 119

16:02:30.585 [main] DEBUG c.service.MarketDataService - [ALGO] BID: price:98 quantity:100
16:02:30.585 [main] DEBUG c.service.MarketDataService - [ALGO] BID: price:95 quantity:200
16:02:30.585 [main] DEBUG c.service.MarketDataService - [ALGO] BID: price:91 quantity:300
16:02:30.585 [main] DEBUG c.service.MarketDataService - [ALGO] ASK: price:115 quantity:3390
16:02:30.585 [main] DEBUG c.service.MarketDataService - [ALGO] ASK: price:119 quantity:5600
16:02:30.585 [main] INFO  c.gettingstarted.MyAlgoLogic - [MYALGO] In Algo Logic.... HeLlO
16:02:30.585 [main] INFO  c.gettingstarted.MyAlgoLogic - [MYALGO] The state of the order book is:
|----BID-----||----ASK----|
    100 @ 98  3390 @ 115
    200 @ 95  5600 @ 119
    300 @ 91          - 
|------------||-----------|

16:02:30.585 [main] INFO  c.o.v.MutatingMatchOneOrderVisitor - [ORDERBOOK] visiting LevelOrderBookLevel(price=115,quantity=3390)
16:02:30.585 [main] INFO  c.o.v.MutatingMatchOneOrderVisitor - [ORDERBOOK] Can't match order:MktData(price=115,quantity=3390)(Limit(side=BUY,orderId=9,price=110,quantity=46))
16:02:30.585 [main] INFO  c.o.v.MutatingMatchOneOrderVisitor - [ORDERBOOK] visiting LevelOrderBookLevel(price=119,quantity=5600)
16:02:30.585 [main] INFO  c.o.v.MutatingMatchOneOrderVisitor - [ORDERBOOK] Can't match order:MktData(price=119,quantity=5600)(Limit(side=BUY,orderId=9,price=110,quantity=46))
16:02:30.585 [main] DEBUG c.o.v.ReadOnlyMarketDataChannelPublishVisitor - Bid Side Size: 3
16:02:30.585 [main] DEBUG c.o.v.ReadOnlyMarketDataChannelPublishVisitor - Adding Mkt Data Msg BID: Price=98 Qty=100
16:02:30.585 [main] DEBUG c.o.v.ReadOnlyMarketDataChannelPublishVisitor - Adding Mkt Data Msg BID: Price=95 Qty=200
16:02:30.585 [main] DEBUG c.o.v.ReadOnlyMarketDataChannelPublishVisitor - Adding Mkt Data Msg BID: Price=91 Qty=300
16:02:30.585 [main] DEBUG c.o.v.ReadOnlyMarketDataChannelPublishVisitor - Ask Side Size: 2
16:02:30.585 [main] DEBUG c.o.v.ReadOnlyMarketDataChannelPublishVisitor - Adding Mkt Data Msg ASK: Price=115 Qty=3390
16:02:30.585 [main] DEBUG c.o.v.ReadOnlyMarketDataChannelPublishVisitor - Adding Mkt Data Msg ASK: Price=119 Qty=5600
16:02:30.585 [main] INFO  c.o.channel.MarketDataChannel - [ORDERBOOK] Sending market data update...
16:02:30.585 [main] INFO  c.sequencer.consumer.LoggingConsumer - [198] 
|----BID-----|
    100 @ 98
    200 @ 95
    300 @ 91
|----ASK-----|
  3390 @ 115
  5600 @ 119

16:02:30.585 [main] DEBUG c.service.MarketDataService - [ALGO] BID: price:98 quantity:100
16:02:30.585 [main] DEBUG c.service.MarketDataService - [ALGO] BID: price:95 quantity:200
16:02:30.585 [main] DEBUG c.service.MarketDataService - [ALGO] BID: price:91 quantity:300
16:02:30.585 [main] DEBUG c.service.MarketDataService - [ALGO] ASK: price:115 quantity:3390
16:02:30.585 [main] DEBUG c.service.MarketDataService - [ALGO] ASK: price:119 quantity:5600
16:02:30.585 [main] INFO  c.gettingstarted.MyAlgoLogic - [MYALGO] In Algo Logic.... HeLlO
16:02:30.585 [main] INFO  c.gettingstarted.MyAlgoLogic - [MYALGO] The state of the order book is:
|----BID-----||----ASK----|
    100 @ 98  3390 @ 115
    200 @ 95  5600 @ 119
    300 @ 91          - 
|------------||-----------|

16:02:30.585 [main] INFO  c.o.v.MutatingMatchOneOrderVisitor - [ORDERBOOK] visiting LevelOrderBookLevel(price=115,quantity=3390)
16:02:30.585 [main] INFO  c.o.v.MutatingMatchOneOrderVisitor - [ORDERBOOK] Can't match order:MktData(price=115,quantity=3390)(Limit(side=BUY,orderId=8,price=110,quantity=46))
16:02:30.585 [main] INFO  c.o.v.MutatingMatchOneOrderVisitor - [ORDERBOOK] visiting LevelOrderBookLevel(price=119,quantity=5600)
16:02:30.585 [main] INFO  c.o.v.MutatingMatchOneOrderVisitor - [ORDERBOOK] Can't match order:MktData(price=119,quantity=5600)(Limit(side=BUY,orderId=8,price=110,quantity=46))
16:02:30.585 [main] DEBUG c.o.v.ReadOnlyMarketDataChannelPublishVisitor - Bid Side Size: 3
16:02:30.585 [main] DEBUG c.o.v.ReadOnlyMarketDataChannelPublishVisitor - Adding Mkt Data Msg BID: Price=98 Qty=100
16:02:30.585 [main] DEBUG c.o.v.ReadOnlyMarketDataChannelPublishVisitor - Adding Mkt Data Msg BID: Price=95 Qty=200
16:02:30.585 [main] DEBUG c.o.v.ReadOnlyMarketDataChannelPublishVisitor - Adding Mkt Data Msg BID: Price=91 Qty=300
16:02:30.585 [main] DEBUG c.o.v.ReadOnlyMarketDataChannelPublishVisitor - Ask Side Size: 2
16:02:30.585 [main] DEBUG c.o.v.ReadOnlyMarketDataChannelPublishVisitor - Adding Mkt Data Msg ASK: Price=115 Qty=3390
16:02:30.585 [main] DEBUG c.o.v.ReadOnlyMarketDataChannelPublishVisitor - Adding Mkt Data Msg ASK: Price=119 Qty=5600
16:02:30.585 [main] INFO  c.o.channel.MarketDataChannel - [ORDERBOOK] Sending market data update...
16:02:30.585 [main] INFO  c.sequencer.consumer.LoggingConsumer - [199] 
|----BID-----|
    100 @ 98
    200 @ 95
    300 @ 91
|----ASK-----|
  3390 @ 115
  5600 @ 119

16:02:30.585 [main] DEBUG c.service.MarketDataService - [ALGO] BID: price:98 quantity:100
16:02:30.585 [main] DEBUG c.service.MarketDataService - [ALGO] BID: price:95 quantity:200
16:02:30.585 [main] DEBUG c.service.MarketDataService - [ALGO] BID: price:91 quantity:300
16:02:30.585 [main] DEBUG c.service.MarketDataService - [ALGO] ASK: price:115 quantity:3390
16:02:30.585 [main] DEBUG c.service.MarketDataService - [ALGO] ASK: price:119 quantity:5600
16:02:30.585 [main] INFO  c.gettingstarted.MyAlgoLogic - [MYALGO] In Algo Logic.... HeLlO
16:02:30.586 [main] INFO  c.gettingstarted.MyAlgoLogic - [MYALGO] The state of the order book is:
|----BID-----||----ASK----|
    100 @ 98  3390 @ 115
    200 @ 95  5600 @ 119
    300 @ 91          - 
|------------||-----------|

16:02:30.587 [main] INFO  c.o.v.MutatingMatchOneOrderVisitor - [ORDERBOOK] visiting LevelOrderBookLevel(price=115,quantity=3390)
16:02:30.587 [main] INFO  c.o.v.MutatingMatchOneOrderVisitor - [ORDERBOOK] Can't match order:MktData(price=115,quantity=3390)(Limit(side=BUY,orderId=7,price=110,quantity=46))
16:02:30.588 [main] INFO  c.o.v.MutatingMatchOneOrderVisitor - [ORDERBOOK] visiting LevelOrderBookLevel(price=119,quantity=5600)
16:02:30.588 [main] INFO  c.o.v.MutatingMatchOneOrderVisitor - [ORDERBOOK] Can't match order:MktData(price=119,quantity=5600)(Limit(side=BUY,orderId=7,price=110,quantity=46))
16:02:30.588 [main] DEBUG c.o.v.ReadOnlyMarketDataChannelPublishVisitor - Bid Side Size: 3
16:02:30.588 [main] DEBUG c.o.v.ReadOnlyMarketDataChannelPublishVisitor - Adding Mkt Data Msg BID: Price=98 Qty=100
16:02:30.588 [main] DEBUG c.o.v.ReadOnlyMarketDataChannelPublishVisitor - Adding Mkt Data Msg BID: Price=95 Qty=200
16:02:30.588 [main] DEBUG c.o.v.ReadOnlyMarketDataChannelPublishVisitor - Adding Mkt Data Msg BID: Price=91 Qty=300
16:02:30.588 [main] DEBUG c.o.v.ReadOnlyMarketDataChannelPublishVisitor - Ask Side Size: 2
16:02:30.588 [main] DEBUG c.o.v.ReadOnlyMarketDataChannelPublishVisitor - Adding Mkt Data Msg ASK: Price=115 Qty=3390
16:02:30.588 [main] DEBUG c.o.v.ReadOnlyMarketDataChannelPublishVisitor - Adding Mkt Data Msg ASK: Price=119 Qty=5600
16:02:30.588 [main] INFO  c.o.channel.MarketDataChannel - [ORDERBOOK] Sending market data update...
16:02:30.588 [main] INFO  c.sequencer.consumer.LoggingConsumer - [200] 
|----BID-----|
    100 @ 98
    200 @ 95
    300 @ 91
|----ASK-----|
  3390 @ 115
  5600 @ 119

16:02:30.588 [main] DEBUG c.service.MarketDataService - [ALGO] BID: price:98 quantity:100
16:02:30.588 [main] DEBUG c.service.MarketDataService - [ALGO] BID: price:95 quantity:200
16:02:30.588 [main] DEBUG c.service.MarketDataService - [ALGO] BID: price:91 quantity:300
16:02:30.588 [main] DEBUG c.service.MarketDataService - [ALGO] ASK: price:115 quantity:3390
16:02:30.588 [main] DEBUG c.service.MarketDataService - [ALGO] ASK: price:119 quantity:5600
16:02:30.588 [main] INFO  c.gettingstarted.MyAlgoLogic - [MYALGO] In Algo Logic.... HeLlO
16:02:30.588 [main] INFO  c.gettingstarted.MyAlgoLogic - [MYALGO] The state of the order book is:
|----BID-----||----ASK----|
    100 @ 98  3390 @ 115
    200 @ 95  5600 @ 119
    300 @ 91          - 
|------------||-----------|

16:02:30.588 [main] INFO  c.o.v.MutatingMatchOneOrderVisitor - [ORDERBOOK] visiting LevelOrderBookLevel(price=115,quantity=3390)
16:02:30.588 [main] INFO  c.o.v.MutatingMatchOneOrderVisitor - [ORDERBOOK] Can't match order:MktData(price=115,quantity=3390)(Limit(side=BUY,orderId=6,price=110,quantity=46))
16:02:30.588 [main] INFO  c.o.v.MutatingMatchOneOrderVisitor - [ORDERBOOK] visiting LevelOrderBookLevel(price=119,quantity=5600)
16:02:30.588 [main] INFO  c.o.v.MutatingMatchOneOrderVisitor - [ORDERBOOK] Can't match order:MktData(price=119,quantity=5600)(Limit(side=BUY,orderId=6,price=110,quantity=46))
16:02:30.588 [main] DEBUG c.o.v.ReadOnlyMarketDataChannelPublishVisitor - Bid Side Size: 3
16:02:30.588 [main] DEBUG c.o.v.ReadOnlyMarketDataChannelPublishVisitor - Adding Mkt Data Msg BID: Price=98 Qty=100
16:02:30.588 [main] DEBUG c.o.v.ReadOnlyMarketDataChannelPublishVisitor - Adding Mkt Data Msg BID: Price=95 Qty=200
16:02:30.588 [main] DEBUG c.o.v.ReadOnlyMarketDataChannelPublishVisitor - Adding Mkt Data Msg BID: Price=91 Qty=300
16:02:30.588 [main] DEBUG c.o.v.ReadOnlyMarketDataChannelPublishVisitor - Ask Side Size: 2
16:02:30.588 [main] DEBUG c.o.v.ReadOnlyMarketDataChannelPublishVisitor - Adding Mkt Data Msg ASK: Price=115 Qty=3390
16:02:30.588 [main] DEBUG c.o.v.ReadOnlyMarketDataChannelPublishVisitor - Adding Mkt Data Msg ASK: Price=119 Qty=5600
16:02:30.588 [main] INFO  c.o.channel.MarketDataChannel - [ORDERBOOK] Sending market data update...
16:02:30.588 [main] INFO  c.sequencer.consumer.LoggingConsumer - [201] 
|----BID-----|
    100 @ 98
    200 @ 95
    300 @ 91
|----ASK-----|
  3390 @ 115
  5600 @ 119

16:02:30.588 [main] DEBUG c.service.MarketDataService - [ALGO] BID: price:98 quantity:100
16:02:30.588 [main] DEBUG c.service.MarketDataService - [ALGO] BID: price:95 quantity:200
16:02:30.588 [main] DEBUG c.service.MarketDataService - [ALGO] BID: price:91 quantity:300
16:02:30.588 [main] DEBUG c.service.MarketDataService - [ALGO] ASK: price:115 quantity:3390
16:02:30.588 [main] DEBUG c.service.MarketDataService - [ALGO] ASK: price:119 quantity:5600
16:02:30.588 [main] INFO  c.gettingstarted.MyAlgoLogic - [MYALGO] In Algo Logic.... HeLlO
16:02:30.588 [main] INFO  c.gettingstarted.MyAlgoLogic - [MYALGO] The state of the order book is:
|----BID-----||----ASK----|
    100 @ 98  3390 @ 115
    200 @ 95  5600 @ 119
    300 @ 91          - 
|------------||-----------|

16:02:30.589 [main] INFO  c.o.v.MutatingMatchOneOrderVisitor - [ORDERBOOK] visiting LevelOrderBookLevel(price=115,quantity=3390)
16:02:30.589 [main] INFO  c.o.v.MutatingMatchOneOrderVisitor - [ORDERBOOK] Can't match order:MktData(price=115,quantity=3390)(Limit(side=BUY,orderId=4,price=100,quantity=46))
16:02:30.589 [main] INFO  c.o.v.MutatingMatchOneOrderVisitor - [ORDERBOOK] visiting LevelOrderBookLevel(price=119,quantity=5600)
16:02:30.589 [main] INFO  c.o.v.MutatingMatchOneOrderVisitor - [ORDERBOOK] Can't match order:MktData(price=119,quantity=5600)(Limit(side=BUY,orderId=4,price=100,quantity=46))
16:02:30.589 [main] DEBUG c.o.v.ReadOnlyMarketDataChannelPublishVisitor - Bid Side Size: 3
16:02:30.589 [main] DEBUG c.o.v.ReadOnlyMarketDataChannelPublishVisitor - Adding Mkt Data Msg BID: Price=98 Qty=100
16:02:30.589 [main] DEBUG c.o.v.ReadOnlyMarketDataChannelPublishVisitor - Adding Mkt Data Msg BID: Price=95 Qty=200
16:02:30.589 [main] DEBUG c.o.v.ReadOnlyMarketDataChannelPublishVisitor - Adding Mkt Data Msg BID: Price=91 Qty=300
16:02:30.589 [main] DEBUG c.o.v.ReadOnlyMarketDataChannelPublishVisitor - Ask Side Size: 2
16:02:30.589 [main] DEBUG c.o.v.ReadOnlyMarketDataChannelPublishVisitor - Adding Mkt Data Msg ASK: Price=115 Qty=3390
16:02:30.589 [main] DEBUG c.o.v.ReadOnlyMarketDataChannelPublishVisitor - Adding Mkt Data Msg ASK: Price=119 Qty=5600
16:02:30.589 [main] INFO  c.o.channel.MarketDataChannel - [ORDERBOOK] Sending market data update...
16:02:30.589 [main] INFO  c.sequencer.consumer.LoggingConsumer - [202] 
|----BID-----|
    100 @ 98
    200 @ 95
    300 @ 91
|----ASK-----|
  3390 @ 115
  5600 @ 119

16:02:30.589 [main] DEBUG c.service.MarketDataService - [ALGO] BID: price:98 quantity:100
16:02:30.589 [main] DEBUG c.service.MarketDataService - [ALGO] BID: price:95 quantity:200
16:02:30.589 [main] DEBUG c.service.MarketDataService - [ALGO] BID: price:91 quantity:300
16:02:30.589 [main] DEBUG c.service.MarketDataService - [ALGO] ASK: price:115 quantity:3390
16:02:30.589 [main] DEBUG c.service.MarketDataService - [ALGO] ASK: price:119 quantity:5600
16:02:30.589 [main] INFO  c.gettingstarted.MyAlgoLogic - [MYALGO] In Algo Logic.... HeLlO
16:02:30.589 [main] INFO  c.gettingstarted.MyAlgoLogic - [MYALGO] The state of the order book is:
|----BID-----||----ASK----|
    100 @ 98  3390 @ 115
    200 @ 95  5600 @ 119
    300 @ 91          - 
|------------||-----------|

16:02:30.589 [main] INFO  c.o.v.MutatingMatchOneOrderVisitor - [ORDERBOOK] visiting LevelOrderBookLevel(price=115,quantity=3390)
16:02:30.590 [main] INFO  c.o.v.MutatingMatchOneOrderVisitor - [ORDERBOOK] Can't match order:MktData(price=115,quantity=3390)(Limit(side=BUY,orderId=3,price=100,quantity=46))
16:02:30.590 [main] INFO  c.o.v.MutatingMatchOneOrderVisitor - [ORDERBOOK] visiting LevelOrderBookLevel(price=119,quantity=5600)
16:02:30.590 [main] INFO  c.o.v.MutatingMatchOneOrderVisitor - [ORDERBOOK] Can't match order:MktData(price=119,quantity=5600)(Limit(side=BUY,orderId=3,price=100,quantity=46))
16:02:30.590 [main] DEBUG c.o.v.ReadOnlyMarketDataChannelPublishVisitor - Bid Side Size: 3
16:02:30.590 [main] DEBUG c.o.v.ReadOnlyMarketDataChannelPublishVisitor - Adding Mkt Data Msg BID: Price=98 Qty=100
16:02:30.590 [main] DEBUG c.o.v.ReadOnlyMarketDataChannelPublishVisitor - Adding Mkt Data Msg BID: Price=95 Qty=200
16:02:30.590 [main] DEBUG c.o.v.ReadOnlyMarketDataChannelPublishVisitor - Adding Mkt Data Msg BID: Price=91 Qty=300
16:02:30.590 [main] DEBUG c.o.v.ReadOnlyMarketDataChannelPublishVisitor - Ask Side Size: 2
16:02:30.590 [main] DEBUG c.o.v.ReadOnlyMarketDataChannelPublishVisitor - Adding Mkt Data Msg ASK: Price=115 Qty=3390
16:02:30.590 [main] DEBUG c.o.v.ReadOnlyMarketDataChannelPublishVisitor - Adding Mkt Data Msg ASK: Price=119 Qty=5600
16:02:30.590 [main] INFO  c.o.channel.MarketDataChannel - [ORDERBOOK] Sending market data update...
16:02:30.590 [main] INFO  c.sequencer.consumer.LoggingConsumer - [203] 
|----BID-----|
    100 @ 98
    200 @ 95
    300 @ 91
|----ASK-----|
  3390 @ 115
  5600 @ 119

16:02:30.590 [main] DEBUG c.service.MarketDataService - [ALGO] BID: price:98 quantity:100
16:02:30.590 [main] DEBUG c.service.MarketDataService - [ALGO] BID: price:95 quantity:200
16:02:30.590 [main] DEBUG c.service.MarketDataService - [ALGO] BID: price:91 quantity:300
16:02:30.590 [main] DEBUG c.service.MarketDataService - [ALGO] ASK: price:115 quantity:3390
16:02:30.590 [main] DEBUG c.service.MarketDataService - [ALGO] ASK: price:119 quantity:5600
16:02:30.590 [main] INFO  c.gettingstarted.MyAlgoLogic - [MYALGO] In Algo Logic.... HeLlO
16:02:30.590 [main] INFO  c.gettingstarted.MyAlgoLogic - [MYALGO] The state of the order book is:
|----BID-----||----ASK----|
    100 @ 98  3390 @ 115
    200 @ 95  5600 @ 119
    300 @ 91          - 
|------------||-----------|

16:02:30.592 [main] INFO  c.o.v.MutatingMatchOneOrderVisitor - [ORDERBOOK] visiting LevelOrderBookLevel(price=115,quantity=3390)
16:02:30.592 [main] INFO  c.o.v.MutatingMatchOneOrderVisitor - [ORDERBOOK] Can't match order:MktData(price=115,quantity=3390)(Limit(side=BUY,orderId=2,price=100,quantity=46))
16:02:30.592 [main] INFO  c.o.v.MutatingMatchOneOrderVisitor - [ORDERBOOK] visiting LevelOrderBookLevel(price=119,quantity=5600)
16:02:30.592 [main] INFO  c.o.v.MutatingMatchOneOrderVisitor - [ORDERBOOK] Can't match order:MktData(price=119,quantity=5600)(Limit(side=BUY,orderId=2,price=100,quantity=46))
16:02:30.592 [main] DEBUG c.o.v.ReadOnlyMarketDataChannelPublishVisitor - Bid Side Size: 3
16:02:30.592 [main] DEBUG c.o.v.ReadOnlyMarketDataChannelPublishVisitor - Adding Mkt Data Msg BID: Price=98 Qty=100
16:02:30.592 [main] DEBUG c.o.v.ReadOnlyMarketDataChannelPublishVisitor - Adding Mkt Data Msg BID: Price=95 Qty=200
16:02:30.592 [main] DEBUG c.o.v.ReadOnlyMarketDataChannelPublishVisitor - Adding Mkt Data Msg BID: Price=91 Qty=300
16:02:30.592 [main] DEBUG c.o.v.ReadOnlyMarketDataChannelPublishVisitor - Ask Side Size: 2
16:02:30.592 [main] DEBUG c.o.v.ReadOnlyMarketDataChannelPublishVisitor - Adding Mkt Data Msg ASK: Price=115 Qty=3390
16:02:30.592 [main] DEBUG c.o.v.ReadOnlyMarketDataChannelPublishVisitor - Adding Mkt Data Msg ASK: Price=119 Qty=5600
16:02:30.592 [main] INFO  c.o.channel.MarketDataChannel - [ORDERBOOK] Sending market data update...
16:02:30.593 [main] INFO  c.sequencer.consumer.LoggingConsumer - [204] 
|----BID-----|
    100 @ 98
    200 @ 95
    300 @ 91
|----ASK-----|
  3390 @ 115
  5600 @ 119

16:02:30.593 [main] DEBUG c.service.MarketDataService - [ALGO] BID: price:98 quantity:100
16:02:30.593 [main] DEBUG c.service.MarketDataService - [ALGO] BID: price:95 quantity:200
16:02:30.593 [main] DEBUG c.service.MarketDataService - [ALGO] BID: price:91 quantity:300
16:02:30.593 [main] DEBUG c.service.MarketDataService - [ALGO] ASK: price:115 quantity:3390
16:02:30.593 [main] DEBUG c.service.MarketDataService - [ALGO] ASK: price:119 quantity:5600
16:02:30.593 [main] INFO  c.gettingstarted.MyAlgoLogic - [MYALGO] In Algo Logic.... HeLlO
16:02:30.593 [main] INFO  c.gettingstarted.MyAlgoLogic - [MYALGO] The state of the order book is:
|----BID-----||----ASK----|
    100 @ 98  3390 @ 115
    200 @ 95  5600 @ 119
    300 @ 91          - 
|------------||-----------|

16:02:30.662 [main] INFO  c.sequencer.consumer.LoggingConsumer - [205] 
|----BID-----|
    100 @ 95
    200 @ 93
    300 @ 91
|----ASK-----|
    501 @ 98
   200 @ 101
  5000 @ 110
  5600 @ 119

16:02:30.662 [main] INFO  c.orderbook.OrderBook - [ORDERBOOK] Processing Mkt Data Update
16:02:30.663 [main] INFO  c.o.v.MutatingRemoveAllMarketDataOrdersVisitor - [ORDERBOOK] Removing market data order:MktData(price=98,quantity=100)
16:02:30.663 [main] INFO  c.o.v.MutatingRemoveAllMarketDataOrdersVisitor - [ORDERBOOK] Removing level:98
16:02:30.663 [main] INFO  c.o.v.MutatingRemoveAllMarketDataOrdersVisitor - [ORDERBOOK] Removing market data order:MktData(price=95,quantity=200)
16:02:30.663 [main] INFO  c.o.v.MutatingRemoveAllMarketDataOrdersVisitor - [ORDERBOOK] Removing level:95
16:02:30.663 [main] INFO  c.o.v.MutatingRemoveAllMarketDataOrdersVisitor - [ORDERBOOK] Removing market data order:MktData(price=91,quantity=300)
16:02:30.663 [main] INFO  c.o.v.MutatingRemoveAllMarketDataOrdersVisitor - [ORDERBOOK] Removing level:91
16:02:30.663 [main] DEBUG c.orderbook.OrderBook - [ORDERBOOK] ASK: Adding orderMktData(price=95,quantity=100)
16:02:30.663 [main] DEBUG c.orderbook.OrderBook - [ORDERBOOK] ASK: Adding orderMktData(price=93,quantity=200)
16:02:30.663 [main] DEBUG c.orderbook.OrderBook - [ORDERBOOK] ASK: Adding orderMktData(price=91,quantity=300)
16:02:30.663 [main] INFO  c.o.v.MutatingRemoveAllMarketDataOrdersVisitor - [ORDERBOOK] Removing market data order:MktData(price=115,quantity=3390)
16:02:30.663 [main] INFO  c.o.v.MutatingRemoveAllMarketDataOrdersVisitor - [ORDERBOOK] Removing level:115
16:02:30.663 [main] INFO  c.o.v.MutatingRemoveAllMarketDataOrdersVisitor - [ORDERBOOK] Removing market data order:MktData(price=119,quantity=5600)
16:02:30.663 [main] INFO  c.o.v.MutatingRemoveAllMarketDataOrdersVisitor - [ORDERBOOK] Removing level:119
16:02:30.663 [main] DEBUG c.orderbook.OrderBook - [ORDERBOOK] ASK: Adding orderMktData(price=98,quantity=501)
16:02:30.663 [main] DEBUG c.orderbook.OrderBook - [ORDERBOOK] ASK: Adding orderMktData(price=101,quantity=200)
16:02:30.663 [main] DEBUG c.orderbook.OrderBook - [ORDERBOOK] ASK: Adding orderMktData(price=110,quantity=5000)
16:02:30.663 [main] DEBUG c.orderbook.OrderBook - [ORDERBOOK] ASK: Adding orderMktData(price=119,quantity=5600)
16:02:30.663 [main] DEBUG c.service.MarketDataService - [ALGO] BID: price:95 quantity:100
16:02:30.663 [main] DEBUG c.service.MarketDataService - [ALGO] BID: price:93 quantity:200
16:02:30.663 [main] DEBUG c.service.MarketDataService - [ALGO] BID: price:91 quantity:300
16:02:30.663 [main] DEBUG c.service.MarketDataService - [ALGO] ASK: price:98 quantity:501
16:02:30.663 [main] DEBUG c.service.MarketDataService - [ALGO] ASK: price:101 quantity:200
16:02:30.663 [main] DEBUG c.service.MarketDataService - [ALGO] ASK: price:110 quantity:5000
16:02:30.663 [main] DEBUG c.service.MarketDataService - [ALGO] ASK: price:119 quantity:5600
16:02:30.663 [main] INFO  c.gettingstarted.MyAlgoLogic - [MYALGO] In Algo Logic.... HeLlO
16:02:30.663 [main] INFO  c.gettingstarted.MyAlgoLogic - [MYALGO] The state of the order book is:
|----BID-----||----ASK----|
    100 @ 95    501 @ 98
    200 @ 93   200 @ 101
    300 @ 91  5000 @ 110
          -   5600 @ 119
|------------||-----------|

]]></system-out>
  </testcase>
</testsuite>