<?xml version="1.0" encoding="UTF-8"?>
<testsuite xmlns:xsi="http://www.w3.org/2001/XMLSchema-instance" xsi:noNamespaceSchemaLocation="https://maven.apache.org/surefire/maven-surefire-plugin/xsd/surefire-test-report-3.0.xsd" version="3.0" name="codingblackfemales.gettingstarted.MyAlgoTest" time="0.298" tests="4" errors="0" skipped="0" failures="3">
  <properties>
    <property name="java.specification.version" value="17"/>
    <property name="sun.cpu.isalist" value="amd64"/>
    <property name="sun.jnu.encoding" value="Cp1252"/>
    <property name="java.class.path" value="C:\Users\admin\Desktop\Sherelles Stuff\UBS-Assignments\finalCopy\codingblackfemales\algo-coding-exercise\getting-started\target\test-classes;C:\Users\admin\Desktop\Sherelles Stuff\UBS-Assignments\finalCopy\codingblackfemales\algo-coding-exercise\getting-started\target\classes;C:\Users\admin\Desktop\Sherelles Stuff\UBS-Assignments\finalCopy\codingblackfemales\algo-coding-exercise\algo\target\classes;C:\Users\admin\Desktop\Sherelles Stuff\UBS-Assignments\finalCopy\codingblackfemales\algo-coding-exercise\dictionary\target\classes;C:\Users\admin\.m2\repository\org\agrona\agrona\1.16.0\agrona-1.16.0.jar;C:\Users\admin\Desktop\Sherelles Stuff\UBS-Assignments\finalCopy\codingblackfemales\algo-coding-exercise\sequencer\target\classes;C:\Users\admin\.m2\repository\com\google\code\gson\gson\2.10.1\gson-2.10.1.jar;C:\Users\admin\.m2\repository\org\apache\commons\commons-lang3\3.12.0\commons-lang3-3.12.0.jar;C:\Users\admin\Desktop\Sherelles Stuff\UBS-Assignments\finalCopy\codingblackfemales\algo-coding-exercise\backtest\target\classes;C:\Users\admin\Desktop\Sherelles Stuff\UBS-Assignments\finalCopy\codingblackfemales\algo-coding-exercise\collection\target\classes;C:\Users\admin\Desktop\Sherelles Stuff\UBS-Assignments\finalCopy\codingblackfemales\algo-coding-exercise\sequencer\target\test-classes;C:\Users\admin\.m2\repository\junit\junit\4.11\junit-4.11.jar;C:\Users\admin\.m2\repository\org\hamcrest\hamcrest-core\1.3\hamcrest-core-1.3.jar;C:\Users\admin\.m2\repository\uk\co\real-logic\sbe-all\1.26.0\sbe-all-1.26.0.jar;C:\Users\admin\.m2\repository\org\mockito\mockito-core\5.4.0\mockito-core-5.4.0.jar;C:\Users\admin\.m2\repository\net\bytebuddy\byte-buddy\1.14.5\byte-buddy-1.14.5.jar;C:\Users\admin\.m2\repository\net\bytebuddy\byte-buddy-agent\1.14.5\byte-buddy-agent-1.14.5.jar;C:\Users\admin\.m2\repository\org\objenesis\objenesis\3.3\objenesis-3.3.jar;C:\Users\admin\.m2\repository\ch\qos\logback\logback-core\1.3.5\logback-core-1.3.5.jar;C:\Users\admin\.m2\repository\org\slf4j\slf4j-api\2.0.4\slf4j-api-2.0.4.jar;C:\Users\admin\.m2\repository\ch\qos\logback\logback-classic\1.3.5\logback-classic-1.3.5.jar;"/>
    <property name="java.vm.vendor" value="Oracle Corporation"/>
    <property name="sun.arch.data.model" value="64"/>
    <property name="user.variant" value=""/>
    <property name="java.vendor.url" value="https://java.oracle.com/"/>
    <property name="user.timezone" value="Europe/London"/>
    <property name="os.name" value="Windows 10"/>
    <property name="java.vm.specification.version" value="17"/>
    <property name="sun.java.launcher" value="SUN_STANDARD"/>
    <property name="user.country" value="GB"/>
    <property name="sun.boot.library.path" value="C:\Program Files\Java\jdk-17\bin"/>
    <property name="sun.java.command" value="C:\Users\admin\AppData\Local\Temp\surefire12566680608644339026\surefirebooter-20231004135236446_26.jar C:\Users\admin\AppData\Local\Temp\surefire12566680608644339026 2023-10-04T13-52-29_628-jvmRun1 surefire-20231004135236446_24tmp surefire_2-20231004135236446_25tmp"/>
    <property name="jdk.debug" value="release"/>
    <property name="surefire.test.class.path" value="C:\Users\admin\Desktop\Sherelles Stuff\UBS-Assignments\finalCopy\codingblackfemales\algo-coding-exercise\getting-started\target\test-classes;C:\Users\admin\Desktop\Sherelles Stuff\UBS-Assignments\finalCopy\codingblackfemales\algo-coding-exercise\getting-started\target\classes;C:\Users\admin\Desktop\Sherelles Stuff\UBS-Assignments\finalCopy\codingblackfemales\algo-coding-exercise\algo\target\classes;C:\Users\admin\Desktop\Sherelles Stuff\UBS-Assignments\finalCopy\codingblackfemales\algo-coding-exercise\dictionary\target\classes;C:\Users\admin\.m2\repository\org\agrona\agrona\1.16.0\agrona-1.16.0.jar;C:\Users\admin\Desktop\Sherelles Stuff\UBS-Assignments\finalCopy\codingblackfemales\algo-coding-exercise\sequencer\target\classes;C:\Users\admin\.m2\repository\com\google\code\gson\gson\2.10.1\gson-2.10.1.jar;C:\Users\admin\.m2\repository\org\apache\commons\commons-lang3\3.12.0\commons-lang3-3.12.0.jar;C:\Users\admin\Desktop\Sherelles Stuff\UBS-Assignments\finalCopy\codingblackfemales\algo-coding-exercise\backtest\target\classes;C:\Users\admin\Desktop\Sherelles Stuff\UBS-Assignments\finalCopy\codingblackfemales\algo-coding-exercise\collection\target\classes;C:\Users\admin\Desktop\Sherelles Stuff\UBS-Assignments\finalCopy\codingblackfemales\algo-coding-exercise\sequencer\target\test-classes;C:\Users\admin\.m2\repository\junit\junit\4.11\junit-4.11.jar;C:\Users\admin\.m2\repository\org\hamcrest\hamcrest-core\1.3\hamcrest-core-1.3.jar;C:\Users\admin\.m2\repository\uk\co\real-logic\sbe-all\1.26.0\sbe-all-1.26.0.jar;C:\Users\admin\.m2\repository\org\mockito\mockito-core\5.4.0\mockito-core-5.4.0.jar;C:\Users\admin\.m2\repository\net\bytebuddy\byte-buddy\1.14.5\byte-buddy-1.14.5.jar;C:\Users\admin\.m2\repository\net\bytebuddy\byte-buddy-agent\1.14.5\byte-buddy-agent-1.14.5.jar;C:\Users\admin\.m2\repository\org\objenesis\objenesis\3.3\objenesis-3.3.jar;C:\Users\admin\.m2\repository\ch\qos\logback\logback-core\1.3.5\logback-core-1.3.5.jar;C:\Users\admin\.m2\repository\org\slf4j\slf4j-api\2.0.4\slf4j-api-2.0.4.jar;C:\Users\admin\.m2\repository\ch\qos\logback\logback-classic\1.3.5\logback-classic-1.3.5.jar;"/>
    <property name="sun.cpu.endian" value="little"/>
    <property name="user.home" value="C:\Users\admin"/>
    <property name="user.language" value="en"/>
    <property name="java.specification.vendor" value="Oracle Corporation"/>
    <property name="java.version.date" value="2023-04-18"/>
    <property name="java.home" value="C:\Program Files\Java\jdk-17"/>
    <property name="file.separator" value="\"/>
    <property name="basedir" value="C:\Users\admin\Desktop\Sherelles Stuff\UBS-Assignments\finalCopy\codingblackfemales\algo-coding-exercise\getting-started"/>
    <property name="java.vm.compressedOopsMode" value="Zero based"/>
    <property name="line.separator" value="&#10;"/>
    <property name="java.vm.specification.vendor" value="Oracle Corporation"/>
    <property name="java.specification.name" value="Java Platform API Specification"/>
    <property name="surefire.real.class.path" value="C:\Users\admin\AppData\Local\Temp\surefire12566680608644339026\surefirebooter-20231004135236446_26.jar"/>
    <property name="user.script" value=""/>
    <property name="sun.management.compiler" value="HotSpot 64-Bit Tiered Compilers"/>
    <property name="java.runtime.version" value="17.0.7+8-LTS-224"/>
    <property name="user.name" value="admin"/>
    <property name="path.separator" value=";"/>
    <property name="os.version" value="10.0"/>
    <property name="java.runtime.name" value="Java(TM) SE Runtime Environment"/>
    <property name="file.encoding" value="Cp1252"/>
    <property name="java.vm.name" value="Java HotSpot(TM) 64-Bit Server VM"/>
    <property name="localRepository" value="C:\Users\admin\.m2\repository"/>
    <property name="java.vendor.url.bug" value="https://bugreport.java.com/bugreport/"/>
    <property name="java.io.tmpdir" value="C:\Users\admin\AppData\Local\Temp\"/>
    <property name="java.version" value="17.0.7"/>
    <property name="user.dir" value="C:\Users\admin\Desktop\Sherelles Stuff\UBS-Assignments\finalCopy\codingblackfemales\algo-coding-exercise\getting-started"/>
    <property name="os.arch" value="amd64"/>
    <property name="java.vm.specification.name" value="Java Virtual Machine Specification"/>
    <property name="sun.os.patch.level" value=""/>
    <property name="native.encoding" value="Cp1252"/>
    <property name="java.library.path" value="C:\Program Files\Java\jdk-17\bin;C:\WINDOWS\Sun\Java\bin;C:\WINDOWS\system32;C:\WINDOWS;C:\Program Files\Common Files\Oracle\Java\javapath;C:\WINDOWS\system32;C:\WINDOWS;C:\WINDOWS\System32\Wbem;C:\WINDOWS\System32\WindowsPowerShell\v1.0\;C:\WINDOWS\System32\OpenSSH\;C:\Program Files\dotnet\;C:\Program Files (x86)\Intel\Intel(R) Management Engine Components\DAL;C:\Program Files\Intel\Intel(R) Management Engine Components\DAL;C:\Program Files (x86)\NVIDIA Corporation\PhysX\Common;C:\Program Files\Git\cmd;C:\Program Files\apache-maven-3.9.4\bin;C:\Users\admin\AppData\Local\Microsoft\WindowsApps;;C:\Users\admin\AppData\Local\Programs\Microsoft VS Code\bin;."/>
    <property name="java.vm.info" value="mixed mode, sharing"/>
    <property name="java.vendor" value="Oracle Corporation"/>
    <property name="java.vm.version" value="17.0.7+8-LTS-224"/>
    <property name="sun.io.unicode.encoding" value="UnicodeLittle"/>
    <property name="java.class.version" value="61.0"/>
  </properties>
  <testcase name="testDispatchThroughSequencer" classname="codingblackfemales.gettingstarted.MyAlgoTest" time="0.242">
    <failure message="expected:&lt;45&gt; but was:&lt;0&gt;" type="java.lang.AssertionError"><![CDATA[java.lang.AssertionError: expected:<45> but was:<0>
	at org.junit.Assert.fail(Assert.java:88)
	at org.junit.Assert.failNotEquals(Assert.java:743)
	at org.junit.Assert.assertEquals(Assert.java:118)
	at org.junit.Assert.assertEquals(Assert.java:555)
	at org.junit.Assert.assertEquals(Assert.java:542)
	at codingblackfemales.gettingstarted.MyAlgoTest.testDispatchThroughSequencer(MyAlgoTest.java:53)
	at java.base/jdk.internal.reflect.NativeMethodAccessorImpl.invoke0(Native Method)
	at java.base/jdk.internal.reflect.NativeMethodAccessorImpl.invoke(NativeMethodAccessorImpl.java:77)
	at java.base/jdk.internal.reflect.DelegatingMethodAccessorImpl.invoke(DelegatingMethodAccessorImpl.java:43)
	at java.base/java.lang.reflect.Method.invoke(Method.java:568)
	at org.junit.runners.model.FrameworkMethod$1.runReflectiveCall(FrameworkMethod.java:47)
	at org.junit.internal.runners.model.ReflectiveCallable.run(ReflectiveCallable.java:12)
	at org.junit.runners.model.FrameworkMethod.invokeExplosively(FrameworkMethod.java:44)
	at org.junit.internal.runners.statements.InvokeMethod.evaluate(InvokeMethod.java:17)
	at org.junit.runners.ParentRunner.runLeaf(ParentRunner.java:271)
	at org.junit.runners.BlockJUnit4ClassRunner.runChild(BlockJUnit4ClassRunner.java:70)
	at org.junit.runners.BlockJUnit4ClassRunner.runChild(BlockJUnit4ClassRunner.java:50)
	at org.junit.runners.ParentRunner$3.run(ParentRunner.java:238)
	at org.junit.runners.ParentRunner$1.schedule(ParentRunner.java:63)
	at org.junit.runners.ParentRunner.runChildren(ParentRunner.java:236)
	at org.junit.runners.ParentRunner.access$000(ParentRunner.java:53)
	at org.junit.runners.ParentRunner$2.evaluate(ParentRunner.java:229)
	at org.junit.runners.ParentRunner.run(ParentRunner.java:309)
	at org.apache.maven.surefire.junit4.JUnit4Provider.execute(JUnit4Provider.java:316)
	at org.apache.maven.surefire.junit4.JUnit4Provider.executeWithRerun(JUnit4Provider.java:240)
	at org.apache.maven.surefire.junit4.JUnit4Provider.executeTestSet(JUnit4Provider.java:214)
	at org.apache.maven.surefire.junit4.JUnit4Provider.invoke(JUnit4Provider.java:155)
	at org.apache.maven.surefire.booter.ForkedBooter.runSuitesInProcess(ForkedBooter.java:385)
	at org.apache.maven.surefire.booter.ForkedBooter.execute(ForkedBooter.java:162)
	at org.apache.maven.surefire.booter.ForkedBooter.run(ForkedBooter.java:507)
	at org.apache.maven.surefire.booter.ForkedBooter.main(ForkedBooter.java:495)
]]></failure>
    <system-out><![CDATA[13:52:37.273 [main] INFO  c.sequencer.consumer.LoggingConsumer - [1] 
|----BID-----|
   101 @ 100
   200 @ 110
  5000 @ 115
|----ASK-----|
    100 @ 98
    200 @ 95
    300 @ 91

13:52:37.273 [main] DEBUG c.service.MarketDataService - [ALGO] BID: price:100 quantity:101
13:52:37.273 [main] DEBUG c.service.MarketDataService - [ALGO] BID: price:110 quantity:200
13:52:37.274 [main] DEBUG c.service.MarketDataService - [ALGO] BID: price:115 quantity:5000
13:52:37.274 [main] DEBUG c.service.MarketDataService - [ALGO] ASK: price:98 quantity:100
13:52:37.274 [main] DEBUG c.service.MarketDataService - [ALGO] ASK: price:95 quantity:200
13:52:37.274 [main] DEBUG c.service.MarketDataService - [ALGO] ASK: price:91 quantity:300
13:52:37.274 [main] INFO  c.gettingstarted.MyAlgoLogic - [MYALGO] The state of the order book is:
|----BID-----||----ASK----|
   101 @ 100    100 @ 98
   200 @ 110    200 @ 95
  5000 @ 115    300 @ 91
|------------||-----------|

13:52:37.275 [main] INFO  c.gettingstarted.MyAlgoLogic - [MYALGO] Algo Sees Book as:
|----BID-----||----ASK----|
   101 @ 100    100 @ 98
   200 @ 110    200 @ 95
  5000 @ 115    300 @ 91
|------------||-----------|

13:52:37.276 [main] INFO  c.gettingstarted.MyAlgoLogic - [MYALGO] Have:0 children, want 45. Adding order for100@98
total order count is 0
13:52:37.276 [main] INFO  c.container.Actioner - [ALGO] Actioner, sending action:CreateChildOrder(side=BUY,quantity=100,price=98)
13:52:37.277 [main] INFO  c.sequencer.consumer.LoggingConsumer - [2] [CreateOrder](sbeTemplateId=4|sbeSchemaId=2|sbeSchemaVersion=0|sbeBlockLength=33):instrumentId=0|price=98|quantity=100|side=BUY|orderId=2
13:52:37.278 [main] INFO  c.gettingstarted.MyAlgoLogic - [MYALGO] The state of the order book is:
|----BID-----||----ASK----|
   101 @ 100    100 @ 98
   200 @ 110    200 @ 95
  5000 @ 115    300 @ 91
|------------||-----------|

13:52:37.278 [main] INFO  c.gettingstarted.MyAlgoLogic - [MYALGO] Algo Sees Book as:
|----BID-----||----ASK----|
   101 @ 100    100 @ 98
   200 @ 110    200 @ 95
  5000 @ 115    300 @ 91
|------------||-----------|

13:52:37.278 [main] INFO  c.gettingstarted.MyAlgoLogic - [MYALGO] Have:1 children, want 45. Adding order for100@98
total order count is 1
13:52:37.278 [main] INFO  c.container.Actioner - [ALGO] Actioner, sending action:CreateChildOrder(side=BUY,quantity=100,price=98)
13:52:37.278 [main] INFO  c.sequencer.consumer.LoggingConsumer - [3] [CreateOrder](sbeTemplateId=4|sbeSchemaId=2|sbeSchemaVersion=0|sbeBlockLength=33):instrumentId=0|price=98|quantity=100|side=BUY|orderId=3
13:52:37.288 [main] INFO  c.gettingstarted.MyAlgoLogic - [MYALGO] The state of the order book is:
|----BID-----||----ASK----|
   101 @ 100    100 @ 98
   200 @ 110    200 @ 95
  5000 @ 115    300 @ 91
|------------||-----------|

13:52:37.288 [main] INFO  c.gettingstarted.MyAlgoLogic - [MYALGO] Algo Sees Book as:
|----BID-----||----ASK----|
   101 @ 100    100 @ 98
   200 @ 110    200 @ 95
  5000 @ 115    300 @ 91
|------------||-----------|

13:52:37.288 [main] INFO  c.gettingstarted.MyAlgoLogic - [MYALGO] Have:2 children, want 45. Adding order for100@98
total order count is 2
13:52:37.289 [main] INFO  c.container.Actioner - [ALGO] Actioner, sending action:CreateChildOrder(side=BUY,quantity=100,price=98)
13:52:37.289 [main] INFO  c.sequencer.consumer.LoggingConsumer - [4] [CreateOrder](sbeTemplateId=4|sbeSchemaId=2|sbeSchemaVersion=0|sbeBlockLength=33):instrumentId=0|price=98|quantity=100|side=BUY|orderId=4
13:52:37.289 [main] INFO  c.gettingstarted.MyAlgoLogic - [MYALGO] The state of the order book is:
|----BID-----||----ASK----|
   101 @ 100    100 @ 98
   200 @ 110    200 @ 95
  5000 @ 115    300 @ 91
|------------||-----------|

13:52:37.290 [main] INFO  c.gettingstarted.MyAlgoLogic - [MYALGO] Algo Sees Book as:
|----BID-----||----ASK----|
   101 @ 100    100 @ 98
   200 @ 110    200 @ 95
  5000 @ 115    300 @ 91
|------------||-----------|

13:52:37.290 [main] INFO  c.gettingstarted.MyAlgoLogic - [MYALGO] Have:3 children, want 45. Adding order for100@98
total order count is 3
13:52:37.290 [main] INFO  c.container.Actioner - [ALGO] Actioner, sending action:CreateChildOrder(side=BUY,quantity=100,price=98)
13:52:37.291 [main] INFO  c.sequencer.consumer.LoggingConsumer - [5] [CreateOrder](sbeTemplateId=4|sbeSchemaId=2|sbeSchemaVersion=0|sbeBlockLength=33):instrumentId=0|price=98|quantity=100|side=BUY|orderId=5
13:52:37.292 [main] INFO  c.gettingstarted.MyAlgoLogic - [MYALGO] The state of the order book is:
|----BID-----||----ASK----|
   101 @ 100    100 @ 98
   200 @ 110    200 @ 95
  5000 @ 115    300 @ 91
|------------||-----------|

13:52:37.293 [main] INFO  c.gettingstarted.MyAlgoLogic - [MYALGO] Algo Sees Book as:
|----BID-----||----ASK----|
   101 @ 100    100 @ 98
   200 @ 110    200 @ 95
  5000 @ 115    300 @ 91
|------------||-----------|

13:52:37.293 [main] INFO  c.gettingstarted.MyAlgoLogic - [MYALGO] Have:4 children, want 45. Adding order for100@98
total order count is 4
13:52:37.293 [main] INFO  c.container.Actioner - [ALGO] Actioner, sending action:CreateChildOrder(side=BUY,quantity=100,price=98)
13:52:37.293 [main] INFO  c.sequencer.consumer.LoggingConsumer - [6] [CreateOrder](sbeTemplateId=4|sbeSchemaId=2|sbeSchemaVersion=0|sbeBlockLength=33):instrumentId=0|price=98|quantity=100|side=BUY|orderId=6
13:52:37.294 [main] INFO  c.gettingstarted.MyAlgoLogic - [MYALGO] The state of the order book is:
|----BID-----||----ASK----|
   101 @ 100    100 @ 98
   200 @ 110    200 @ 95
  5000 @ 115    300 @ 91
|------------||-----------|

13:52:37.295 [main] INFO  c.gettingstarted.MyAlgoLogic - [MYALGO] Algo Sees Book as:
|----BID-----||----ASK----|
   101 @ 100    100 @ 98
   200 @ 110    200 @ 95
  5000 @ 115    300 @ 91
|------------||-----------|

13:52:37.295 [main] INFO  c.gettingstarted.MyAlgoLogic - [MYALGO] Have:5 children, want 45. Adding order for100@98
total order count is 5
13:52:37.295 [main] INFO  c.container.Actioner - [ALGO] Actioner, sending action:CreateChildOrder(side=BUY,quantity=100,price=98)
13:52:37.295 [main] INFO  c.sequencer.consumer.LoggingConsumer - [7] [CreateOrder](sbeTemplateId=4|sbeSchemaId=2|sbeSchemaVersion=0|sbeBlockLength=33):instrumentId=0|price=98|quantity=100|side=BUY|orderId=7
13:52:37.296 [main] INFO  c.gettingstarted.MyAlgoLogic - [MYALGO] The state of the order book is:
|----BID-----||----ASK----|
   101 @ 100    100 @ 98
   200 @ 110    200 @ 95
  5000 @ 115    300 @ 91
|------------||-----------|

13:52:37.297 [main] INFO  c.gettingstarted.MyAlgoLogic - [MYALGO] Algo Sees Book as:
|----BID-----||----ASK----|
   101 @ 100    100 @ 98
   200 @ 110    200 @ 95
  5000 @ 115    300 @ 91
|------------||-----------|

13:52:37.297 [main] INFO  c.gettingstarted.MyAlgoLogic - [MYALGO] Have:6 children, want 45. Adding order for100@98
total order count is 6
13:52:37.297 [main] INFO  c.container.Actioner - [ALGO] Actioner, sending action:CreateChildOrder(side=BUY,quantity=100,price=98)
13:52:37.297 [main] INFO  c.sequencer.consumer.LoggingConsumer - [8] [CreateOrder](sbeTemplateId=4|sbeSchemaId=2|sbeSchemaVersion=0|sbeBlockLength=33):instrumentId=0|price=98|quantity=100|side=BUY|orderId=8
13:52:37.297 [main] INFO  c.gettingstarted.MyAlgoLogic - [MYALGO] The state of the order book is:
|----BID-----||----ASK----|
   101 @ 100    100 @ 98
   200 @ 110    200 @ 95
  5000 @ 115    300 @ 91
|------------||-----------|

13:52:37.298 [main] INFO  c.gettingstarted.MyAlgoLogic - [MYALGO] Algo Sees Book as:
|----BID-----||----ASK----|
   101 @ 100    100 @ 98
   200 @ 110    200 @ 95
  5000 @ 115    300 @ 91
|------------||-----------|

13:52:37.298 [main] INFO  c.gettingstarted.MyAlgoLogic - [MYALGO] Have:7 children, want 45. Adding order for100@98
total order count is 7
13:52:37.298 [main] INFO  c.container.Actioner - [ALGO] Actioner, sending action:CreateChildOrder(side=BUY,quantity=100,price=98)
13:52:37.298 [main] INFO  c.sequencer.consumer.LoggingConsumer - [9] [CreateOrder](sbeTemplateId=4|sbeSchemaId=2|sbeSchemaVersion=0|sbeBlockLength=33):instrumentId=0|price=98|quantity=100|side=BUY|orderId=9
13:52:37.302 [main] INFO  c.gettingstarted.MyAlgoLogic - [MYALGO] The state of the order book is:
|----BID-----||----ASK----|
   101 @ 100    100 @ 98
   200 @ 110    200 @ 95
  5000 @ 115    300 @ 91
|------------||-----------|

13:52:37.303 [main] INFO  c.gettingstarted.MyAlgoLogic - [MYALGO] Algo Sees Book as:
|----BID-----||----ASK----|
   101 @ 100    100 @ 98
   200 @ 110    200 @ 95
  5000 @ 115    300 @ 91
|------------||-----------|

13:52:37.303 [main] INFO  c.gettingstarted.MyAlgoLogic - [MYALGO] Have:8 children, want 45. Adding order for100@98
total order count is 8
13:52:37.303 [main] INFO  c.container.Actioner - [ALGO] Actioner, sending action:CreateChildOrder(side=BUY,quantity=100,price=98)
13:52:37.303 [main] INFO  c.sequencer.consumer.LoggingConsumer - [10] [CreateOrder](sbeTemplateId=4|sbeSchemaId=2|sbeSchemaVersion=0|sbeBlockLength=33):instrumentId=0|price=98|quantity=100|side=BUY|orderId=10
13:52:37.303 [main] INFO  c.gettingstarted.MyAlgoLogic - [MYALGO] The state of the order book is:
|----BID-----||----ASK----|
   101 @ 100    100 @ 98
   200 @ 110    200 @ 95
  5000 @ 115    300 @ 91
|------------||-----------|

13:52:37.303 [main] INFO  c.gettingstarted.MyAlgoLogic - [MYALGO] Algo Sees Book as:
|----BID-----||----ASK----|
   101 @ 100    100 @ 98
   200 @ 110    200 @ 95
  5000 @ 115    300 @ 91
|------------||-----------|

13:52:37.303 [main] INFO  c.gettingstarted.MyAlgoLogic - [MYALGO] Have:9 children, want 45. Adding order for100@98
total order count is 9
13:52:37.303 [main] INFO  c.container.Actioner - [ALGO] Actioner, sending action:CreateChildOrder(side=BUY,quantity=100,price=98)
13:52:37.304 [main] INFO  c.sequencer.consumer.LoggingConsumer - [11] [CreateOrder](sbeTemplateId=4|sbeSchemaId=2|sbeSchemaVersion=0|sbeBlockLength=33):instrumentId=0|price=98|quantity=100|side=BUY|orderId=11
13:52:37.304 [main] INFO  c.gettingstarted.MyAlgoLogic - [MYALGO] The state of the order book is:
|----BID-----||----ASK----|
   101 @ 100    100 @ 98
   200 @ 110    200 @ 95
  5000 @ 115    300 @ 91
|------------||-----------|

13:52:37.304 [main] INFO  c.gettingstarted.MyAlgoLogic - [MYALGO] Algo Sees Book as:
|----BID-----||----ASK----|
   101 @ 100    100 @ 98
   200 @ 110    200 @ 95
  5000 @ 115    300 @ 91
|------------||-----------|

13:52:37.304 [main] INFO  c.gettingstarted.MyAlgoLogic - [MYALGO] Have:10 children, want 45. Adding order for100@98
total order count is 10
13:52:37.304 [main] INFO  c.container.Actioner - [ALGO] Actioner, sending action:CreateChildOrder(side=BUY,quantity=100,price=98)
13:52:37.304 [main] INFO  c.sequencer.consumer.LoggingConsumer - [12] [CreateOrder](sbeTemplateId=4|sbeSchemaId=2|sbeSchemaVersion=0|sbeBlockLength=33):instrumentId=0|price=98|quantity=100|side=BUY|orderId=12
13:52:37.304 [main] INFO  c.gettingstarted.MyAlgoLogic - [MYALGO] The state of the order book is:
|----BID-----||----ASK----|
   101 @ 100    100 @ 98
   200 @ 110    200 @ 95
  5000 @ 115    300 @ 91
|------------||-----------|

13:52:37.304 [main] INFO  c.gettingstarted.MyAlgoLogic - [MYALGO] Algo Sees Book as:
|----BID-----||----ASK----|
   101 @ 100    100 @ 98
   200 @ 110    200 @ 95
  5000 @ 115    300 @ 91
|------------||-----------|

13:52:37.305 [main] INFO  c.gettingstarted.MyAlgoLogic - [MYALGO] Have:11 children, want 45. Adding order for100@98
total order count is 11
13:52:37.305 [main] INFO  c.container.Actioner - [ALGO] Actioner, sending action:CreateChildOrder(side=BUY,quantity=100,price=98)
13:52:37.305 [main] INFO  c.sequencer.consumer.LoggingConsumer - [13] [CreateOrder](sbeTemplateId=4|sbeSchemaId=2|sbeSchemaVersion=0|sbeBlockLength=33):instrumentId=0|price=98|quantity=100|side=BUY|orderId=13
13:52:37.305 [main] INFO  c.gettingstarted.MyAlgoLogic - [MYALGO] The state of the order book is:
|----BID-----||----ASK----|
   101 @ 100    100 @ 98
   200 @ 110    200 @ 95
  5000 @ 115    300 @ 91
|------------||-----------|

13:52:37.305 [main] INFO  c.gettingstarted.MyAlgoLogic - [MYALGO] Algo Sees Book as:
|----BID-----||----ASK----|
   101 @ 100    100 @ 98
   200 @ 110    200 @ 95
  5000 @ 115    300 @ 91
|------------||-----------|

13:52:37.305 [main] INFO  c.gettingstarted.MyAlgoLogic - [MYALGO] Have:12 children, want 45. Adding order for100@98
total order count is 12
13:52:37.305 [main] INFO  c.container.Actioner - [ALGO] Actioner, sending action:CreateChildOrder(side=BUY,quantity=100,price=98)
13:52:37.305 [main] INFO  c.sequencer.consumer.LoggingConsumer - [14] [CreateOrder](sbeTemplateId=4|sbeSchemaId=2|sbeSchemaVersion=0|sbeBlockLength=33):instrumentId=0|price=98|quantity=100|side=BUY|orderId=14
13:52:37.305 [main] INFO  c.gettingstarted.MyAlgoLogic - [MYALGO] The state of the order book is:
|----BID-----||----ASK----|
   101 @ 100    100 @ 98
   200 @ 110    200 @ 95
  5000 @ 115    300 @ 91
|------------||-----------|

13:52:37.306 [main] INFO  c.gettingstarted.MyAlgoLogic - [MYALGO] Algo Sees Book as:
|----BID-----||----ASK----|
   101 @ 100    100 @ 98
   200 @ 110    200 @ 95
  5000 @ 115    300 @ 91
|------------||-----------|

13:52:37.306 [main] INFO  c.gettingstarted.MyAlgoLogic - [MYALGO] Have:13 children, want 45. Adding order for100@98
total order count is 13
13:52:37.306 [main] INFO  c.container.Actioner - [ALGO] Actioner, sending action:CreateChildOrder(side=BUY,quantity=100,price=98)
13:52:37.306 [main] INFO  c.sequencer.consumer.LoggingConsumer - [15] [CreateOrder](sbeTemplateId=4|sbeSchemaId=2|sbeSchemaVersion=0|sbeBlockLength=33):instrumentId=0|price=98|quantity=100|side=BUY|orderId=15
13:52:37.306 [main] INFO  c.gettingstarted.MyAlgoLogic - [MYALGO] The state of the order book is:
|----BID-----||----ASK----|
   101 @ 100    100 @ 98
   200 @ 110    200 @ 95
  5000 @ 115    300 @ 91
|------------||-----------|

13:52:37.306 [main] INFO  c.gettingstarted.MyAlgoLogic - [MYALGO] Algo Sees Book as:
|----BID-----||----ASK----|
   101 @ 100    100 @ 98
   200 @ 110    200 @ 95
  5000 @ 115    300 @ 91
|------------||-----------|

13:52:37.306 [main] INFO  c.gettingstarted.MyAlgoLogic - [MYALGO] Have:14 children, want 45. Adding order for100@98
total order count is 14
13:52:37.306 [main] INFO  c.container.Actioner - [ALGO] Actioner, sending action:CreateChildOrder(side=BUY,quantity=100,price=98)
13:52:37.306 [main] INFO  c.sequencer.consumer.LoggingConsumer - [16] [CreateOrder](sbeTemplateId=4|sbeSchemaId=2|sbeSchemaVersion=0|sbeBlockLength=33):instrumentId=0|price=98|quantity=100|side=BUY|orderId=16
13:52:37.306 [main] INFO  c.gettingstarted.MyAlgoLogic - [MYALGO] The state of the order book is:
|----BID-----||----ASK----|
   101 @ 100    100 @ 98
   200 @ 110    200 @ 95
  5000 @ 115    300 @ 91
|------------||-----------|

13:52:37.307 [main] INFO  c.gettingstarted.MyAlgoLogic - [MYALGO] Algo Sees Book as:
|----BID-----||----ASK----|
   101 @ 100    100 @ 98
   200 @ 110    200 @ 95
  5000 @ 115    300 @ 91
|------------||-----------|

13:52:37.307 [main] INFO  c.gettingstarted.MyAlgoLogic - [MYALGO] Have:15 children, want 45. Adding order for100@98
total order count is 15
13:52:37.307 [main] INFO  c.container.Actioner - [ALGO] Actioner, sending action:CreateChildOrder(side=BUY,quantity=100,price=98)
13:52:37.307 [main] INFO  c.sequencer.consumer.LoggingConsumer - [17] [CreateOrder](sbeTemplateId=4|sbeSchemaId=2|sbeSchemaVersion=0|sbeBlockLength=33):instrumentId=0|price=98|quantity=100|side=BUY|orderId=17
13:52:37.307 [main] INFO  c.gettingstarted.MyAlgoLogic - [MYALGO] The state of the order book is:
|----BID-----||----ASK----|
   101 @ 100    100 @ 98
   200 @ 110    200 @ 95
  5000 @ 115    300 @ 91
|------------||-----------|

13:52:37.307 [main] INFO  c.gettingstarted.MyAlgoLogic - [MYALGO] Algo Sees Book as:
|----BID-----||----ASK----|
   101 @ 100    100 @ 98
   200 @ 110    200 @ 95
  5000 @ 115    300 @ 91
|------------||-----------|

13:52:37.307 [main] INFO  c.gettingstarted.MyAlgoLogic - [MYALGO] Have:16 children, want 45. Adding order for100@98
total order count is 16
13:52:37.307 [main] INFO  c.container.Actioner - [ALGO] Actioner, sending action:CreateChildOrder(side=BUY,quantity=100,price=98)
13:52:37.307 [main] INFO  c.sequencer.consumer.LoggingConsumer - [18] [CreateOrder](sbeTemplateId=4|sbeSchemaId=2|sbeSchemaVersion=0|sbeBlockLength=33):instrumentId=0|price=98|quantity=100|side=BUY|orderId=18
13:52:37.307 [main] INFO  c.gettingstarted.MyAlgoLogic - [MYALGO] The state of the order book is:
|----BID-----||----ASK----|
   101 @ 100    100 @ 98
   200 @ 110    200 @ 95
  5000 @ 115    300 @ 91
|------------||-----------|

13:52:37.308 [main] INFO  c.gettingstarted.MyAlgoLogic - [MYALGO] Algo Sees Book as:
|----BID-----||----ASK----|
   101 @ 100    100 @ 98
   200 @ 110    200 @ 95
  5000 @ 115    300 @ 91
|------------||-----------|

13:52:37.308 [main] INFO  c.gettingstarted.MyAlgoLogic - [MYALGO] Have:17 children, want 45. Adding order for100@98
total order count is 17
13:52:37.308 [main] INFO  c.container.Actioner - [ALGO] Actioner, sending action:CreateChildOrder(side=BUY,quantity=100,price=98)
13:52:37.308 [main] INFO  c.sequencer.consumer.LoggingConsumer - [19] [CreateOrder](sbeTemplateId=4|sbeSchemaId=2|sbeSchemaVersion=0|sbeBlockLength=33):instrumentId=0|price=98|quantity=100|side=BUY|orderId=19
13:52:37.308 [main] INFO  c.gettingstarted.MyAlgoLogic - [MYALGO] The state of the order book is:
|----BID-----||----ASK----|
   101 @ 100    100 @ 98
   200 @ 110    200 @ 95
  5000 @ 115    300 @ 91
|------------||-----------|

13:52:37.308 [main] INFO  c.gettingstarted.MyAlgoLogic - [MYALGO] Algo Sees Book as:
|----BID-----||----ASK----|
   101 @ 100    100 @ 98
   200 @ 110    200 @ 95
  5000 @ 115    300 @ 91
|------------||-----------|

13:52:37.308 [main] INFO  c.gettingstarted.MyAlgoLogic - [MYALGO] Have:18 children, want 45. Adding order for100@98
total order count is 18
13:52:37.308 [main] INFO  c.container.Actioner - [ALGO] Actioner, sending action:CreateChildOrder(side=BUY,quantity=100,price=98)
13:52:37.308 [main] INFO  c.sequencer.consumer.LoggingConsumer - [20] [CreateOrder](sbeTemplateId=4|sbeSchemaId=2|sbeSchemaVersion=0|sbeBlockLength=33):instrumentId=0|price=98|quantity=100|side=BUY|orderId=20
13:52:37.308 [main] INFO  c.gettingstarted.MyAlgoLogic - [MYALGO] The state of the order book is:
|----BID-----||----ASK----|
   101 @ 100    100 @ 98
   200 @ 110    200 @ 95
  5000 @ 115    300 @ 91
|------------||-----------|

13:52:37.308 [main] INFO  c.gettingstarted.MyAlgoLogic - [MYALGO] Algo Sees Book as:
|----BID-----||----ASK----|
   101 @ 100    100 @ 98
   200 @ 110    200 @ 95
  5000 @ 115    300 @ 91
|------------||-----------|

13:52:37.309 [main] INFO  c.gettingstarted.MyAlgoLogic - [MYALGO] Have:19 children, want 45. Adding order for100@98
total order count is 19
13:52:37.309 [main] INFO  c.container.Actioner - [ALGO] Actioner, sending action:CreateChildOrder(side=BUY,quantity=100,price=98)
13:52:37.309 [main] INFO  c.sequencer.consumer.LoggingConsumer - [21] [CreateOrder](sbeTemplateId=4|sbeSchemaId=2|sbeSchemaVersion=0|sbeBlockLength=33):instrumentId=0|price=98|quantity=100|side=BUY|orderId=21
13:52:37.309 [main] INFO  c.gettingstarted.MyAlgoLogic - [MYALGO] The state of the order book is:
|----BID-----||----ASK----|
   101 @ 100    100 @ 98
   200 @ 110    200 @ 95
  5000 @ 115    300 @ 91
|------------||-----------|

13:52:37.309 [main] INFO  c.gettingstarted.MyAlgoLogic - [MYALGO] Algo Sees Book as:
|----BID-----||----ASK----|
   101 @ 100    100 @ 98
   200 @ 110    200 @ 95
  5000 @ 115    300 @ 91
|------------||-----------|

13:52:37.309 [main] INFO  c.gettingstarted.MyAlgoLogic - [MYALGO] Have:20 children, want 45. Adding order for100@98
total order count is 20
13:52:37.309 [main] INFO  c.container.Actioner - [ALGO] Actioner, sending action:CreateChildOrder(side=BUY,quantity=100,price=98)
13:52:37.309 [main] INFO  c.sequencer.consumer.LoggingConsumer - [22] [CreateOrder](sbeTemplateId=4|sbeSchemaId=2|sbeSchemaVersion=0|sbeBlockLength=33):instrumentId=0|price=98|quantity=100|side=BUY|orderId=22
13:52:37.309 [main] INFO  c.gettingstarted.MyAlgoLogic - [MYALGO] The state of the order book is:
|----BID-----||----ASK----|
   101 @ 100    100 @ 98
   200 @ 110    200 @ 95
  5000 @ 115    300 @ 91
|------------||-----------|

13:52:37.309 [main] INFO  c.gettingstarted.MyAlgoLogic - [MYALGO] Algo Sees Book as:
|----BID-----||----ASK----|
   101 @ 100    100 @ 98
   200 @ 110    200 @ 95
  5000 @ 115    300 @ 91
|------------||-----------|

13:52:37.310 [main] INFO  c.gettingstarted.MyAlgoLogic - [MYALGO] Have:21 children, want 45. Adding order for100@98
total order count is 21
13:52:37.310 [main] INFO  c.container.Actioner - [ALGO] Actioner, sending action:CreateChildOrder(side=BUY,quantity=100,price=98)
13:52:37.310 [main] INFO  c.sequencer.consumer.LoggingConsumer - [23] [CreateOrder](sbeTemplateId=4|sbeSchemaId=2|sbeSchemaVersion=0|sbeBlockLength=33):instrumentId=0|price=98|quantity=100|side=BUY|orderId=23
13:52:37.310 [main] INFO  c.gettingstarted.MyAlgoLogic - [MYALGO] The state of the order book is:
|----BID-----||----ASK----|
   101 @ 100    100 @ 98
   200 @ 110    200 @ 95
  5000 @ 115    300 @ 91
|------------||-----------|

13:52:37.310 [main] INFO  c.gettingstarted.MyAlgoLogic - [MYALGO] Algo Sees Book as:
|----BID-----||----ASK----|
   101 @ 100    100 @ 98
   200 @ 110    200 @ 95
  5000 @ 115    300 @ 91
|------------||-----------|

13:52:37.310 [main] INFO  c.gettingstarted.MyAlgoLogic - [MYALGO] Have:22 children, want 45. Adding order for100@98
total order count is 22
13:52:37.310 [main] INFO  c.container.Actioner - [ALGO] Actioner, sending action:CreateChildOrder(side=BUY,quantity=100,price=98)
13:52:37.310 [main] INFO  c.sequencer.consumer.LoggingConsumer - [24] [CreateOrder](sbeTemplateId=4|sbeSchemaId=2|sbeSchemaVersion=0|sbeBlockLength=33):instrumentId=0|price=98|quantity=100|side=BUY|orderId=24
13:52:37.311 [main] INFO  c.gettingstarted.MyAlgoLogic - [MYALGO] The state of the order book is:
|----BID-----||----ASK----|
   101 @ 100    100 @ 98
   200 @ 110    200 @ 95
  5000 @ 115    300 @ 91
|------------||-----------|

13:52:37.311 [main] INFO  c.gettingstarted.MyAlgoLogic - [MYALGO] Algo Sees Book as:
|----BID-----||----ASK----|
   101 @ 100    100 @ 98
   200 @ 110    200 @ 95
  5000 @ 115    300 @ 91
|------------||-----------|

13:52:37.311 [main] INFO  c.gettingstarted.MyAlgoLogic - [MYALGO] Have:23 children, want 45. Adding order for100@98
total order count is 23
13:52:37.311 [main] INFO  c.container.Actioner - [ALGO] Actioner, sending action:CreateChildOrder(side=BUY,quantity=100,price=98)
13:52:37.311 [main] INFO  c.sequencer.consumer.LoggingConsumer - [25] [CreateOrder](sbeTemplateId=4|sbeSchemaId=2|sbeSchemaVersion=0|sbeBlockLength=33):instrumentId=0|price=98|quantity=100|side=BUY|orderId=25
13:52:37.311 [main] INFO  c.gettingstarted.MyAlgoLogic - [MYALGO] The state of the order book is:
|----BID-----||----ASK----|
   101 @ 100    100 @ 98
   200 @ 110    200 @ 95
  5000 @ 115    300 @ 91
|------------||-----------|

13:52:37.311 [main] INFO  c.gettingstarted.MyAlgoLogic - [MYALGO] Algo Sees Book as:
|----BID-----||----ASK----|
   101 @ 100    100 @ 98
   200 @ 110    200 @ 95
  5000 @ 115    300 @ 91
|------------||-----------|

13:52:37.311 [main] INFO  c.gettingstarted.MyAlgoLogic - [MYALGO] Have:24 children, want 45. Adding order for100@98
total order count is 24
13:52:37.312 [main] INFO  c.container.Actioner - [ALGO] Actioner, sending action:CreateChildOrder(side=BUY,quantity=100,price=98)
13:52:37.312 [main] INFO  c.sequencer.consumer.LoggingConsumer - [26] [CreateOrder](sbeTemplateId=4|sbeSchemaId=2|sbeSchemaVersion=0|sbeBlockLength=33):instrumentId=0|price=98|quantity=100|side=BUY|orderId=26
13:52:37.312 [main] INFO  c.gettingstarted.MyAlgoLogic - [MYALGO] The state of the order book is:
|----BID-----||----ASK----|
   101 @ 100    100 @ 98
   200 @ 110    200 @ 95
  5000 @ 115    300 @ 91
|------------||-----------|

13:52:37.312 [main] INFO  c.gettingstarted.MyAlgoLogic - [MYALGO] Algo Sees Book as:
|----BID-----||----ASK----|
   101 @ 100    100 @ 98
   200 @ 110    200 @ 95
  5000 @ 115    300 @ 91
|------------||-----------|

13:52:37.312 [main] INFO  c.gettingstarted.MyAlgoLogic - [MYALGO] Have:25 children, want 45. Adding order for100@98
total order count is 25
13:52:37.312 [main] INFO  c.container.Actioner - [ALGO] Actioner, sending action:CreateChildOrder(side=BUY,quantity=100,price=98)
13:52:37.312 [main] INFO  c.sequencer.consumer.LoggingConsumer - [27] [CreateOrder](sbeTemplateId=4|sbeSchemaId=2|sbeSchemaVersion=0|sbeBlockLength=33):instrumentId=0|price=98|quantity=100|side=BUY|orderId=27
13:52:37.312 [main] INFO  c.gettingstarted.MyAlgoLogic - [MYALGO] The state of the order book is:
|----BID-----||----ASK----|
   101 @ 100    100 @ 98
   200 @ 110    200 @ 95
  5000 @ 115    300 @ 91
|------------||-----------|

13:52:37.312 [main] INFO  c.gettingstarted.MyAlgoLogic - [MYALGO] Algo Sees Book as:
|----BID-----||----ASK----|
   101 @ 100    100 @ 98
   200 @ 110    200 @ 95
  5000 @ 115    300 @ 91
|------------||-----------|

13:52:37.312 [main] INFO  c.gettingstarted.MyAlgoLogic - [MYALGO] Have:26 children, want 45. Adding order for100@98
total order count is 26
13:52:37.312 [main] INFO  c.container.Actioner - [ALGO] Actioner, sending action:CreateChildOrder(side=BUY,quantity=100,price=98)
13:52:37.312 [main] INFO  c.sequencer.consumer.LoggingConsumer - [28] [CreateOrder](sbeTemplateId=4|sbeSchemaId=2|sbeSchemaVersion=0|sbeBlockLength=33):instrumentId=0|price=98|quantity=100|side=BUY|orderId=28
13:52:37.312 [main] INFO  c.gettingstarted.MyAlgoLogic - [MYALGO] The state of the order book is:
|----BID-----||----ASK----|
   101 @ 100    100 @ 98
   200 @ 110    200 @ 95
  5000 @ 115    300 @ 91
|------------||-----------|

13:52:37.313 [main] INFO  c.gettingstarted.MyAlgoLogic - [MYALGO] Algo Sees Book as:
|----BID-----||----ASK----|
   101 @ 100    100 @ 98
   200 @ 110    200 @ 95
  5000 @ 115    300 @ 91
|------------||-----------|

13:52:37.313 [main] INFO  c.gettingstarted.MyAlgoLogic - [MYALGO] Have:27 children, want 45. Adding order for100@98
total order count is 27
13:52:37.313 [main] INFO  c.container.Actioner - [ALGO] Actioner, sending action:CreateChildOrder(side=BUY,quantity=100,price=98)
13:52:37.313 [main] INFO  c.sequencer.consumer.LoggingConsumer - [29] [CreateOrder](sbeTemplateId=4|sbeSchemaId=2|sbeSchemaVersion=0|sbeBlockLength=33):instrumentId=0|price=98|quantity=100|side=BUY|orderId=29
13:52:37.313 [main] INFO  c.gettingstarted.MyAlgoLogic - [MYALGO] The state of the order book is:
|----BID-----||----ASK----|
   101 @ 100    100 @ 98
   200 @ 110    200 @ 95
  5000 @ 115    300 @ 91
|------------||-----------|

13:52:37.313 [main] INFO  c.gettingstarted.MyAlgoLogic - [MYALGO] Algo Sees Book as:
|----BID-----||----ASK----|
   101 @ 100    100 @ 98
   200 @ 110    200 @ 95
  5000 @ 115    300 @ 91
|------------||-----------|

13:52:37.313 [main] INFO  c.gettingstarted.MyAlgoLogic - [MYALGO] Have:28 children, want 45. Adding order for100@98
total order count is 28
13:52:37.313 [main] INFO  c.container.Actioner - [ALGO] Actioner, sending action:CreateChildOrder(side=BUY,quantity=100,price=98)
13:52:37.313 [main] INFO  c.sequencer.consumer.LoggingConsumer - [30] [CreateOrder](sbeTemplateId=4|sbeSchemaId=2|sbeSchemaVersion=0|sbeBlockLength=33):instrumentId=0|price=98|quantity=100|side=BUY|orderId=30
13:52:37.315 [main] INFO  c.gettingstarted.MyAlgoLogic - [MYALGO] The state of the order book is:
|----BID-----||----ASK----|
   101 @ 100    100 @ 98
   200 @ 110    200 @ 95
  5000 @ 115    300 @ 91
|------------||-----------|

13:52:37.315 [main] INFO  c.gettingstarted.MyAlgoLogic - [MYALGO] Algo Sees Book as:
|----BID-----||----ASK----|
   101 @ 100    100 @ 98
   200 @ 110    200 @ 95
  5000 @ 115    300 @ 91
|------------||-----------|

13:52:37.315 [main] INFO  c.gettingstarted.MyAlgoLogic - [MYALGO] Have:29 children, want 45. Adding order for100@98
total order count is 29
13:52:37.315 [main] INFO  c.container.Actioner - [ALGO] Actioner, sending action:CreateChildOrder(side=BUY,quantity=100,price=98)
13:52:37.316 [main] INFO  c.sequencer.consumer.LoggingConsumer - [31] [CreateOrder](sbeTemplateId=4|sbeSchemaId=2|sbeSchemaVersion=0|sbeBlockLength=33):instrumentId=0|price=98|quantity=100|side=BUY|orderId=31
13:52:37.316 [main] INFO  c.gettingstarted.MyAlgoLogic - [MYALGO] The state of the order book is:
|----BID-----||----ASK----|
   101 @ 100    100 @ 98
   200 @ 110    200 @ 95
  5000 @ 115    300 @ 91
|------------||-----------|

13:52:37.316 [main] INFO  c.gettingstarted.MyAlgoLogic - [MYALGO] Algo Sees Book as:
|----BID-----||----ASK----|
   101 @ 100    100 @ 98
   200 @ 110    200 @ 95
  5000 @ 115    300 @ 91
|------------||-----------|

13:52:37.316 [main] INFO  c.gettingstarted.MyAlgoLogic - [MYALGO] Have:30 children, want 45. Adding order for100@98
total order count is 30
13:52:37.316 [main] INFO  c.container.Actioner - [ALGO] Actioner, sending action:CreateChildOrder(side=BUY,quantity=100,price=98)
13:52:37.317 [main] INFO  c.sequencer.consumer.LoggingConsumer - [32] [CreateOrder](sbeTemplateId=4|sbeSchemaId=2|sbeSchemaVersion=0|sbeBlockLength=33):instrumentId=0|price=98|quantity=100|side=BUY|orderId=32
13:52:37.317 [main] INFO  c.gettingstarted.MyAlgoLogic - [MYALGO] The state of the order book is:
|----BID-----||----ASK----|
   101 @ 100    100 @ 98
   200 @ 110    200 @ 95
  5000 @ 115    300 @ 91
|------------||-----------|

13:52:37.317 [main] INFO  c.gettingstarted.MyAlgoLogic - [MYALGO] Algo Sees Book as:
|----BID-----||----ASK----|
   101 @ 100    100 @ 98
   200 @ 110    200 @ 95
  5000 @ 115    300 @ 91
|------------||-----------|

13:52:37.317 [main] INFO  c.gettingstarted.MyAlgoLogic - [MYALGO] Have:31 children, want 45. Adding order for100@98
total order count is 31
13:52:37.317 [main] INFO  c.container.Actioner - [ALGO] Actioner, sending action:CreateChildOrder(side=BUY,quantity=100,price=98)
13:52:37.317 [main] INFO  c.sequencer.consumer.LoggingConsumer - [33] [CreateOrder](sbeTemplateId=4|sbeSchemaId=2|sbeSchemaVersion=0|sbeBlockLength=33):instrumentId=0|price=98|quantity=100|side=BUY|orderId=33
13:52:37.317 [main] INFO  c.gettingstarted.MyAlgoLogic - [MYALGO] The state of the order book is:
|----BID-----||----ASK----|
   101 @ 100    100 @ 98
   200 @ 110    200 @ 95
  5000 @ 115    300 @ 91
|------------||-----------|

13:52:37.317 [main] INFO  c.gettingstarted.MyAlgoLogic - [MYALGO] Algo Sees Book as:
|----BID-----||----ASK----|
   101 @ 100    100 @ 98
   200 @ 110    200 @ 95
  5000 @ 115    300 @ 91
|------------||-----------|

13:52:37.317 [main] INFO  c.gettingstarted.MyAlgoLogic - [MYALGO] Have:32 children, want 45. Adding order for100@98
total order count is 32
13:52:37.317 [main] INFO  c.container.Actioner - [ALGO] Actioner, sending action:CreateChildOrder(side=BUY,quantity=100,price=98)
13:52:37.317 [main] INFO  c.sequencer.consumer.LoggingConsumer - [34] [CreateOrder](sbeTemplateId=4|sbeSchemaId=2|sbeSchemaVersion=0|sbeBlockLength=33):instrumentId=0|price=98|quantity=100|side=BUY|orderId=34
13:52:37.317 [main] INFO  c.gettingstarted.MyAlgoLogic - [MYALGO] The state of the order book is:
|----BID-----||----ASK----|
   101 @ 100    100 @ 98
   200 @ 110    200 @ 95
  5000 @ 115    300 @ 91
|------------||-----------|

13:52:37.317 [main] INFO  c.gettingstarted.MyAlgoLogic - [MYALGO] Algo Sees Book as:
|----BID-----||----ASK----|
   101 @ 100    100 @ 98
   200 @ 110    200 @ 95
  5000 @ 115    300 @ 91
|------------||-----------|

13:52:37.317 [main] INFO  c.gettingstarted.MyAlgoLogic - [MYALGO] Have:33 children, want 45. Adding order for100@98
total order count is 33
13:52:37.317 [main] INFO  c.container.Actioner - [ALGO] Actioner, sending action:CreateChildOrder(side=BUY,quantity=100,price=98)
13:52:37.317 [main] INFO  c.sequencer.consumer.LoggingConsumer - [35] [CreateOrder](sbeTemplateId=4|sbeSchemaId=2|sbeSchemaVersion=0|sbeBlockLength=33):instrumentId=0|price=98|quantity=100|side=BUY|orderId=35
13:52:37.317 [main] INFO  c.gettingstarted.MyAlgoLogic - [MYALGO] The state of the order book is:
|----BID-----||----ASK----|
   101 @ 100    100 @ 98
   200 @ 110    200 @ 95
  5000 @ 115    300 @ 91
|------------||-----------|

13:52:37.318 [main] INFO  c.gettingstarted.MyAlgoLogic - [MYALGO] Algo Sees Book as:
|----BID-----||----ASK----|
   101 @ 100    100 @ 98
   200 @ 110    200 @ 95
  5000 @ 115    300 @ 91
|------------||-----------|

13:52:37.318 [main] INFO  c.gettingstarted.MyAlgoLogic - [MYALGO] Have:34 children, want 45. Adding order for100@98
total order count is 34
13:52:37.318 [main] INFO  c.container.Actioner - [ALGO] Actioner, sending action:CreateChildOrder(side=BUY,quantity=100,price=98)
13:52:37.318 [main] INFO  c.sequencer.consumer.LoggingConsumer - [36] [CreateOrder](sbeTemplateId=4|sbeSchemaId=2|sbeSchemaVersion=0|sbeBlockLength=33):instrumentId=0|price=98|quantity=100|side=BUY|orderId=36
13:52:37.318 [main] INFO  c.gettingstarted.MyAlgoLogic - [MYALGO] The state of the order book is:
|----BID-----||----ASK----|
   101 @ 100    100 @ 98
   200 @ 110    200 @ 95
  5000 @ 115    300 @ 91
|------------||-----------|

13:52:37.318 [main] INFO  c.gettingstarted.MyAlgoLogic - [MYALGO] Algo Sees Book as:
|----BID-----||----ASK----|
   101 @ 100    100 @ 98
   200 @ 110    200 @ 95
  5000 @ 115    300 @ 91
|------------||-----------|

13:52:37.318 [main] INFO  c.gettingstarted.MyAlgoLogic - [MYALGO] Have:35 children, want 45. Adding order for100@98
total order count is 35
13:52:37.318 [main] INFO  c.container.Actioner - [ALGO] Actioner, sending action:CreateChildOrder(side=BUY,quantity=100,price=98)
13:52:37.318 [main] INFO  c.sequencer.consumer.LoggingConsumer - [37] [CreateOrder](sbeTemplateId=4|sbeSchemaId=2|sbeSchemaVersion=0|sbeBlockLength=33):instrumentId=0|price=98|quantity=100|side=BUY|orderId=37
13:52:37.318 [main] INFO  c.gettingstarted.MyAlgoLogic - [MYALGO] The state of the order book is:
|----BID-----||----ASK----|
   101 @ 100    100 @ 98
   200 @ 110    200 @ 95
  5000 @ 115    300 @ 91
|------------||-----------|

13:52:37.318 [main] INFO  c.gettingstarted.MyAlgoLogic - [MYALGO] Algo Sees Book as:
|----BID-----||----ASK----|
   101 @ 100    100 @ 98
   200 @ 110    200 @ 95
  5000 @ 115    300 @ 91
|------------||-----------|

13:52:37.319 [main] INFO  c.gettingstarted.MyAlgoLogic - [MYALGO] Have:36 children, want 45. Adding order for100@98
total order count is 36
13:52:37.319 [main] INFO  c.container.Actioner - [ALGO] Actioner, sending action:CreateChildOrder(side=BUY,quantity=100,price=98)
13:52:37.319 [main] INFO  c.sequencer.consumer.LoggingConsumer - [38] [CreateOrder](sbeTemplateId=4|sbeSchemaId=2|sbeSchemaVersion=0|sbeBlockLength=33):instrumentId=0|price=98|quantity=100|side=BUY|orderId=38
13:52:37.319 [main] INFO  c.gettingstarted.MyAlgoLogic - [MYALGO] The state of the order book is:
|----BID-----||----ASK----|
   101 @ 100    100 @ 98
   200 @ 110    200 @ 95
  5000 @ 115    300 @ 91
|------------||-----------|

13:52:37.319 [main] INFO  c.gettingstarted.MyAlgoLogic - [MYALGO] Algo Sees Book as:
|----BID-----||----ASK----|
   101 @ 100    100 @ 98
   200 @ 110    200 @ 95
  5000 @ 115    300 @ 91
|------------||-----------|

13:52:37.319 [main] INFO  c.gettingstarted.MyAlgoLogic - [MYALGO] Have:37 children, want 45. Adding order for100@98
total order count is 37
13:52:37.319 [main] INFO  c.container.Actioner - [ALGO] Actioner, sending action:CreateChildOrder(side=BUY,quantity=100,price=98)
13:52:37.319 [main] INFO  c.sequencer.consumer.LoggingConsumer - [39] [CreateOrder](sbeTemplateId=4|sbeSchemaId=2|sbeSchemaVersion=0|sbeBlockLength=33):instrumentId=0|price=98|quantity=100|side=BUY|orderId=39
13:52:37.319 [main] INFO  c.gettingstarted.MyAlgoLogic - [MYALGO] The state of the order book is:
|----BID-----||----ASK----|
   101 @ 100    100 @ 98
   200 @ 110    200 @ 95
  5000 @ 115    300 @ 91
|------------||-----------|

13:52:37.319 [main] INFO  c.gettingstarted.MyAlgoLogic - [MYALGO] Algo Sees Book as:
|----BID-----||----ASK----|
   101 @ 100    100 @ 98
   200 @ 110    200 @ 95
  5000 @ 115    300 @ 91
|------------||-----------|

13:52:37.319 [main] INFO  c.gettingstarted.MyAlgoLogic - [MYALGO] Have:38 children, want 45. Adding order for100@98
total order count is 38
13:52:37.319 [main] INFO  c.container.Actioner - [ALGO] Actioner, sending action:CreateChildOrder(side=BUY,quantity=100,price=98)
13:52:37.320 [main] INFO  c.sequencer.consumer.LoggingConsumer - [40] [CreateOrder](sbeTemplateId=4|sbeSchemaId=2|sbeSchemaVersion=0|sbeBlockLength=33):instrumentId=0|price=98|quantity=100|side=BUY|orderId=40
13:52:37.320 [main] INFO  c.gettingstarted.MyAlgoLogic - [MYALGO] The state of the order book is:
|----BID-----||----ASK----|
   101 @ 100    100 @ 98
   200 @ 110    200 @ 95
  5000 @ 115    300 @ 91
|------------||-----------|

13:52:37.320 [main] INFO  c.gettingstarted.MyAlgoLogic - [MYALGO] Algo Sees Book as:
|----BID-----||----ASK----|
   101 @ 100    100 @ 98
   200 @ 110    200 @ 95
  5000 @ 115    300 @ 91
|------------||-----------|

13:52:37.320 [main] INFO  c.gettingstarted.MyAlgoLogic - [MYALGO] Have:39 children, want 45. Adding order for100@98
total order count is 39
13:52:37.320 [main] INFO  c.container.Actioner - [ALGO] Actioner, sending action:CreateChildOrder(side=BUY,quantity=100,price=98)
13:52:37.320 [main] INFO  c.sequencer.consumer.LoggingConsumer - [41] [CreateOrder](sbeTemplateId=4|sbeSchemaId=2|sbeSchemaVersion=0|sbeBlockLength=33):instrumentId=0|price=98|quantity=100|side=BUY|orderId=41
13:52:37.321 [main] INFO  c.gettingstarted.MyAlgoLogic - [MYALGO] The state of the order book is:
|----BID-----||----ASK----|
   101 @ 100    100 @ 98
   200 @ 110    200 @ 95
  5000 @ 115    300 @ 91
|------------||-----------|

13:52:37.321 [main] INFO  c.gettingstarted.MyAlgoLogic - [MYALGO] Algo Sees Book as:
|----BID-----||----ASK----|
   101 @ 100    100 @ 98
   200 @ 110    200 @ 95
  5000 @ 115    300 @ 91
|------------||-----------|

13:52:37.321 [main] INFO  c.gettingstarted.MyAlgoLogic - [MYALGO] Have:40 children, want 45. Adding order for100@98
total order count is 40
13:52:37.321 [main] INFO  c.container.Actioner - [ALGO] Actioner, sending action:CreateChildOrder(side=BUY,quantity=100,price=98)
13:52:37.321 [main] INFO  c.sequencer.consumer.LoggingConsumer - [42] [CreateOrder](sbeTemplateId=4|sbeSchemaId=2|sbeSchemaVersion=0|sbeBlockLength=33):instrumentId=0|price=98|quantity=100|side=BUY|orderId=42
13:52:37.321 [main] INFO  c.gettingstarted.MyAlgoLogic - [MYALGO] The state of the order book is:
|----BID-----||----ASK----|
   101 @ 100    100 @ 98
   200 @ 110    200 @ 95
  5000 @ 115    300 @ 91
|------------||-----------|

13:52:37.321 [main] INFO  c.gettingstarted.MyAlgoLogic - [MYALGO] Algo Sees Book as:
|----BID-----||----ASK----|
   101 @ 100    100 @ 98
   200 @ 110    200 @ 95
  5000 @ 115    300 @ 91
|------------||-----------|

13:52:37.321 [main] INFO  c.gettingstarted.MyAlgoLogic - [MYALGO] Have:41 children, want 45. Adding order for100@98
total order count is 41
13:52:37.321 [main] INFO  c.container.Actioner - [ALGO] Actioner, sending action:CreateChildOrder(side=BUY,quantity=100,price=98)
13:52:37.321 [main] INFO  c.sequencer.consumer.LoggingConsumer - [43] [CreateOrder](sbeTemplateId=4|sbeSchemaId=2|sbeSchemaVersion=0|sbeBlockLength=33):instrumentId=0|price=98|quantity=100|side=BUY|orderId=43
13:52:37.321 [main] INFO  c.gettingstarted.MyAlgoLogic - [MYALGO] The state of the order book is:
|----BID-----||----ASK----|
   101 @ 100    100 @ 98
   200 @ 110    200 @ 95
  5000 @ 115    300 @ 91
|------------||-----------|

13:52:37.321 [main] INFO  c.gettingstarted.MyAlgoLogic - [MYALGO] Algo Sees Book as:
|----BID-----||----ASK----|
   101 @ 100    100 @ 98
   200 @ 110    200 @ 95
  5000 @ 115    300 @ 91
|------------||-----------|

13:52:37.321 [main] INFO  c.gettingstarted.MyAlgoLogic - [MYALGO] Have:42 children, want 45. Adding order for100@98
total order count is 42
13:52:37.322 [main] INFO  c.container.Actioner - [ALGO] Actioner, sending action:CreateChildOrder(side=BUY,quantity=100,price=98)
13:52:37.322 [main] INFO  c.sequencer.consumer.LoggingConsumer - [44] [CreateOrder](sbeTemplateId=4|sbeSchemaId=2|sbeSchemaVersion=0|sbeBlockLength=33):instrumentId=0|price=98|quantity=100|side=BUY|orderId=44
13:52:37.322 [main] INFO  c.gettingstarted.MyAlgoLogic - [MYALGO] The state of the order book is:
|----BID-----||----ASK----|
   101 @ 100    100 @ 98
   200 @ 110    200 @ 95
  5000 @ 115    300 @ 91
|------------||-----------|

13:52:37.322 [main] INFO  c.gettingstarted.MyAlgoLogic - [MYALGO] Algo Sees Book as:
|----BID-----||----ASK----|
   101 @ 100    100 @ 98
   200 @ 110    200 @ 95
  5000 @ 115    300 @ 91
|------------||-----------|

13:52:37.322 [main] INFO  c.gettingstarted.MyAlgoLogic - [MYALGO] Have:43 children, want 45. Adding order for100@98
total order count is 43
13:52:37.322 [main] INFO  c.container.Actioner - [ALGO] Actioner, sending action:CreateChildOrder(side=BUY,quantity=100,price=98)
13:52:37.322 [main] INFO  c.sequencer.consumer.LoggingConsumer - [45] [CreateOrder](sbeTemplateId=4|sbeSchemaId=2|sbeSchemaVersion=0|sbeBlockLength=33):instrumentId=0|price=98|quantity=100|side=BUY|orderId=45
13:52:37.322 [main] INFO  c.gettingstarted.MyAlgoLogic - [MYALGO] The state of the order book is:
|----BID-----||----ASK----|
   101 @ 100    100 @ 98
   200 @ 110    200 @ 95
  5000 @ 115    300 @ 91
|------------||-----------|

13:52:37.322 [main] INFO  c.gettingstarted.MyAlgoLogic - [MYALGO] Algo Sees Book as:
|----BID-----||----ASK----|
   101 @ 100    100 @ 98
   200 @ 110    200 @ 95
  5000 @ 115    300 @ 91
|------------||-----------|

13:52:37.322 [main] INFO  c.gettingstarted.MyAlgoLogic - [MYALGO] Have:44 children, want 45. Adding order for100@98
total order count is 44
13:52:37.322 [main] INFO  c.container.Actioner - [ALGO] Actioner, sending action:CreateChildOrder(side=BUY,quantity=100,price=98)
13:52:37.322 [main] INFO  c.sequencer.consumer.LoggingConsumer - [46] [CreateOrder](sbeTemplateId=4|sbeSchemaId=2|sbeSchemaVersion=0|sbeBlockLength=33):instrumentId=0|price=98|quantity=100|side=BUY|orderId=46
13:52:37.322 [main] INFO  c.gettingstarted.MyAlgoLogic - [MYALGO] The state of the order book is:
|----BID-----||----ASK----|
   101 @ 100    100 @ 98
   200 @ 110    200 @ 95
  5000 @ 115    300 @ 91
|------------||-----------|

13:52:37.323 [main] INFO  c.gettingstarted.MyAlgoLogic - [MYALGO] Algo Sees Book as:
|----BID-----||----ASK----|
   101 @ 100    100 @ 98
   200 @ 110    200 @ 95
  5000 @ 115    300 @ 91
|------------||-----------|

13:52:37.323 [main] INFO  c.gettingstarted.MyAlgoLogic - [MYALGO] Have:45 children, want 5, done.
13:52:37.323 [main] INFO  c.gettingstarted.MyAlgoLogic - [MYALGO] active orders are 45
13:52:37.323 [main] INFO  c.gettingstarted.MyAlgoLogic - [MYALGO] Cancelling order:codingblackfemales.sotw.ChildOrder@10aa41f2
13:52:37.323 [main] INFO  c.gettingstarted.MyAlgoLogic - [MYALGO] option is present, number of active orders are 45
13:52:37.326 [main] INFO  c.container.Actioner - [ALGO] Actioner, sending action:CancelChildOrder(codingblackfemales.sotw.ChildOrder@10aa41f2)
13:52:37.327 [main] INFO  c.sequencer.consumer.LoggingConsumer - [47] [CancelOrder](sbeTemplateId=5|sbeSchemaId=2|sbeSchemaVersion=0|sbeBlockLength=8):orderId=2
13:52:37.327 [main] INFO  c.gettingstarted.MyAlgoLogic - [MYALGO] The state of the order book is:
|----BID-----||----ASK----|
   101 @ 100    100 @ 98
   200 @ 110    200 @ 95
  5000 @ 115    300 @ 91
|------------||-----------|

13:52:37.327 [main] INFO  c.gettingstarted.MyAlgoLogic - [MYALGO] Algo Sees Book as:
|----BID-----||----ASK----|
   101 @ 100    100 @ 98
   200 @ 110    200 @ 95
  5000 @ 115    300 @ 91
|------------||-----------|

13:52:37.328 [main] INFO  c.gettingstarted.MyAlgoLogic - [MYALGO] Have:44 children, want 5, done.
13:52:37.328 [main] INFO  c.gettingstarted.MyAlgoLogic - [MYALGO] active orders are 44
13:52:37.328 [main] INFO  c.gettingstarted.MyAlgoLogic - [MYALGO] Cancelling order:codingblackfemales.sotw.ChildOrder@4e3958e7
13:52:37.328 [main] INFO  c.gettingstarted.MyAlgoLogic - [MYALGO] option is present, number of active orders are 44
13:52:37.328 [main] INFO  c.container.Actioner - [ALGO] Actioner, sending action:CancelChildOrder(codingblackfemales.sotw.ChildOrder@4e3958e7)
13:52:37.328 [main] INFO  c.sequencer.consumer.LoggingConsumer - [48] [CancelOrder](sbeTemplateId=5|sbeSchemaId=2|sbeSchemaVersion=0|sbeBlockLength=8):orderId=3
13:52:37.329 [main] INFO  c.gettingstarted.MyAlgoLogic - [MYALGO] The state of the order book is:
|----BID-----||----ASK----|
   101 @ 100    100 @ 98
   200 @ 110    200 @ 95
  5000 @ 115    300 @ 91
|------------||-----------|

13:52:37.330 [main] INFO  c.gettingstarted.MyAlgoLogic - [MYALGO] Algo Sees Book as:
|----BID-----||----ASK----|
   101 @ 100    100 @ 98
   200 @ 110    200 @ 95
  5000 @ 115    300 @ 91
|------------||-----------|

13:52:37.330 [main] INFO  c.gettingstarted.MyAlgoLogic - [MYALGO] Have:43 children, want 5, done.
13:52:37.330 [main] INFO  c.gettingstarted.MyAlgoLogic - [MYALGO] active orders are 43
13:52:37.333 [main] INFO  c.gettingstarted.MyAlgoLogic - [MYALGO] Cancelling order:codingblackfemales.sotw.ChildOrder@77f80c04
13:52:37.340 [main] INFO  c.gettingstarted.MyAlgoLogic - [MYALGO] option is present, number of active orders are 43
13:52:37.340 [main] INFO  c.container.Actioner - [ALGO] Actioner, sending action:CancelChildOrder(codingblackfemales.sotw.ChildOrder@77f80c04)
13:52:37.340 [main] INFO  c.sequencer.consumer.LoggingConsumer - [49] [CancelOrder](sbeTemplateId=5|sbeSchemaId=2|sbeSchemaVersion=0|sbeBlockLength=8):orderId=4
13:52:37.341 [main] INFO  c.gettingstarted.MyAlgoLogic - [MYALGO] The state of the order book is:
|----BID-----||----ASK----|
   101 @ 100    100 @ 98
   200 @ 110    200 @ 95
  5000 @ 115    300 @ 91
|------------||-----------|

13:52:37.345 [main] INFO  c.gettingstarted.MyAlgoLogic - [MYALGO] Algo Sees Book as:
|----BID-----||----ASK----|
   101 @ 100    100 @ 98
   200 @ 110    200 @ 95
  5000 @ 115    300 @ 91
|------------||-----------|

13:52:37.345 [main] INFO  c.gettingstarted.MyAlgoLogic - [MYALGO] Have:42 children, want 5, done.
13:52:37.345 [main] INFO  c.gettingstarted.MyAlgoLogic - [MYALGO] active orders are 42
13:52:37.345 [main] INFO  c.gettingstarted.MyAlgoLogic - [MYALGO] Cancelling order:codingblackfemales.sotw.ChildOrder@1dac5ef
13:52:37.345 [main] INFO  c.gettingstarted.MyAlgoLogic - [MYALGO] option is present, number of active orders are 42
13:52:37.345 [main] INFO  c.container.Actioner - [ALGO] Actioner, sending action:CancelChildOrder(codingblackfemales.sotw.ChildOrder@1dac5ef)
13:52:37.346 [main] INFO  c.sequencer.consumer.LoggingConsumer - [50] [CancelOrder](sbeTemplateId=5|sbeSchemaId=2|sbeSchemaVersion=0|sbeBlockLength=8):orderId=5
13:52:37.346 [main] INFO  c.gettingstarted.MyAlgoLogic - [MYALGO] The state of the order book is:
|----BID-----||----ASK----|
   101 @ 100    100 @ 98
   200 @ 110    200 @ 95
  5000 @ 115    300 @ 91
|------------||-----------|

13:52:37.346 [main] INFO  c.gettingstarted.MyAlgoLogic - [MYALGO] Algo Sees Book as:
|----BID-----||----ASK----|
   101 @ 100    100 @ 98
   200 @ 110    200 @ 95
  5000 @ 115    300 @ 91
|------------||-----------|

13:52:37.346 [main] INFO  c.gettingstarted.MyAlgoLogic - [MYALGO] Have:41 children, want 5, done.
13:52:37.346 [main] INFO  c.gettingstarted.MyAlgoLogic - [MYALGO] active orders are 41
13:52:37.350 [main] INFO  c.gettingstarted.MyAlgoLogic - [MYALGO] Cancelling order:codingblackfemales.sotw.ChildOrder@5c90e579
13:52:37.350 [main] INFO  c.gettingstarted.MyAlgoLogic - [MYALGO] option is present, number of active orders are 41
13:52:37.350 [main] INFO  c.container.Actioner - [ALGO] Actioner, sending action:CancelChildOrder(codingblackfemales.sotw.ChildOrder@5c90e579)
13:52:37.350 [main] INFO  c.sequencer.consumer.LoggingConsumer - [51] [CancelOrder](sbeTemplateId=5|sbeSchemaId=2|sbeSchemaVersion=0|sbeBlockLength=8):orderId=6
13:52:37.350 [main] INFO  c.gettingstarted.MyAlgoLogic - [MYALGO] The state of the order book is:
|----BID-----||----ASK----|
   101 @ 100    100 @ 98
   200 @ 110    200 @ 95
  5000 @ 115    300 @ 91
|------------||-----------|

13:52:37.351 [main] INFO  c.gettingstarted.MyAlgoLogic - [MYALGO] Algo Sees Book as:
|----BID-----||----ASK----|
   101 @ 100    100 @ 98
   200 @ 110    200 @ 95
  5000 @ 115    300 @ 91
|------------||-----------|

13:52:37.355 [main] INFO  c.gettingstarted.MyAlgoLogic - [MYALGO] Have:40 children, want 5, done.
13:52:37.356 [main] INFO  c.gettingstarted.MyAlgoLogic - [MYALGO] active orders are 40
13:52:37.356 [main] INFO  c.gettingstarted.MyAlgoLogic - [MYALGO] Cancelling order:codingblackfemales.sotw.ChildOrder@58ea606c
13:52:37.356 [main] INFO  c.gettingstarted.MyAlgoLogic - [MYALGO] option is present, number of active orders are 40
13:52:37.356 [main] INFO  c.container.Actioner - [ALGO] Actioner, sending action:CancelChildOrder(codingblackfemales.sotw.ChildOrder@58ea606c)
13:52:37.356 [main] INFO  c.sequencer.consumer.LoggingConsumer - [52] [CancelOrder](sbeTemplateId=5|sbeSchemaId=2|sbeSchemaVersion=0|sbeBlockLength=8):orderId=7
13:52:37.357 [main] INFO  c.gettingstarted.MyAlgoLogic - [MYALGO] The state of the order book is:
|----BID-----||----ASK----|
   101 @ 100    100 @ 98
   200 @ 110    200 @ 95
  5000 @ 115    300 @ 91
|------------||-----------|

13:52:37.358 [main] INFO  c.gettingstarted.MyAlgoLogic - [MYALGO] Algo Sees Book as:
|----BID-----||----ASK----|
   101 @ 100    100 @ 98
   200 @ 110    200 @ 95
  5000 @ 115    300 @ 91
|------------||-----------|

13:52:37.358 [main] INFO  c.gettingstarted.MyAlgoLogic - [MYALGO] Have:39 children, want 5, done.
13:52:37.358 [main] INFO  c.gettingstarted.MyAlgoLogic - [MYALGO] active orders are 39
13:52:37.358 [main] INFO  c.gettingstarted.MyAlgoLogic - [MYALGO] Cancelling order:codingblackfemales.sotw.ChildOrder@6f45df59
13:52:37.358 [main] INFO  c.gettingstarted.MyAlgoLogic - [MYALGO] option is present, number of active orders are 39
13:52:37.358 [main] INFO  c.container.Actioner - [ALGO] Actioner, sending action:CancelChildOrder(codingblackfemales.sotw.ChildOrder@6f45df59)
13:52:37.358 [main] INFO  c.sequencer.consumer.LoggingConsumer - [53] [CancelOrder](sbeTemplateId=5|sbeSchemaId=2|sbeSchemaVersion=0|sbeBlockLength=8):orderId=8
13:52:37.404 [main] INFO  c.gettingstarted.MyAlgoLogic - [MYALGO] The state of the order book is:
|----BID-----||----ASK----|
   101 @ 100    100 @ 98
   200 @ 110    200 @ 95
  5000 @ 115    300 @ 91
|------------||-----------|

13:52:37.412 [main] INFO  c.gettingstarted.MyAlgoLogic - [MYALGO] Algo Sees Book as:
|----BID-----||----ASK----|
   101 @ 100    100 @ 98
   200 @ 110    200 @ 95
  5000 @ 115    300 @ 91
|------------||-----------|

13:52:37.419 [main] INFO  c.gettingstarted.MyAlgoLogic - [MYALGO] Have:38 children, want 5, done.
13:52:37.515 [main] INFO  c.gettingstarted.MyAlgoLogic - [MYALGO] active orders are 38
13:52:37.515 [main] INFO  c.gettingstarted.MyAlgoLogic - [MYALGO] Cancelling order:codingblackfemales.sotw.ChildOrder@38e79ae3
13:52:37.515 [main] INFO  c.gettingstarted.MyAlgoLogic - [MYALGO] option is present, number of active orders are 38
13:52:37.516 [main] INFO  c.container.Actioner - [ALGO] Actioner, sending action:CancelChildOrder(codingblackfemales.sotw.ChildOrder@38e79ae3)
13:52:37.516 [main] INFO  c.sequencer.consumer.LoggingConsumer - [54] [CancelOrder](sbeTemplateId=5|sbeSchemaId=2|sbeSchemaVersion=0|sbeBlockLength=8):orderId=9
13:52:37.516 [main] INFO  c.gettingstarted.MyAlgoLogic - [MYALGO] The state of the order book is:
|----BID-----||----ASK----|
   101 @ 100    100 @ 98
   200 @ 110    200 @ 95
  5000 @ 115    300 @ 91
|------------||-----------|

13:52:37.516 [main] INFO  c.gettingstarted.MyAlgoLogic - [MYALGO] Algo Sees Book as:
|----BID-----||----ASK----|
   101 @ 100    100 @ 98
   200 @ 110    200 @ 95
  5000 @ 115    300 @ 91
|------------||-----------|

13:52:37.516 [main] INFO  c.gettingstarted.MyAlgoLogic - [MYALGO] Have:37 children, want 5, done.
13:52:37.516 [main] INFO  c.gettingstarted.MyAlgoLogic - [MYALGO] active orders are 37
13:52:37.516 [main] INFO  c.gettingstarted.MyAlgoLogic - [MYALGO] Cancelling order:codingblackfemales.sotw.ChildOrder@63070bab
13:52:37.516 [main] INFO  c.gettingstarted.MyAlgoLogic - [MYALGO] option is present, number of active orders are 37
13:52:37.516 [main] INFO  c.container.Actioner - [ALGO] Actioner, sending action:CancelChildOrder(codingblackfemales.sotw.ChildOrder@63070bab)
13:52:37.516 [main] INFO  c.sequencer.consumer.LoggingConsumer - [55] [CancelOrder](sbeTemplateId=5|sbeSchemaId=2|sbeSchemaVersion=0|sbeBlockLength=8):orderId=10
13:52:37.516 [main] INFO  c.gettingstarted.MyAlgoLogic - [MYALGO] The state of the order book is:
|----BID-----||----ASK----|
   101 @ 100    100 @ 98
   200 @ 110    200 @ 95
  5000 @ 115    300 @ 91
|------------||-----------|

13:52:37.516 [main] INFO  c.gettingstarted.MyAlgoLogic - [MYALGO] Algo Sees Book as:
|----BID-----||----ASK----|
   101 @ 100    100 @ 98
   200 @ 110    200 @ 95
  5000 @ 115    300 @ 91
|------------||-----------|

13:52:37.516 [main] INFO  c.gettingstarted.MyAlgoLogic - [MYALGO] Have:36 children, want 5, done.
13:52:37.516 [main] INFO  c.gettingstarted.MyAlgoLogic - [MYALGO] active orders are 36
13:52:37.516 [main] INFO  c.gettingstarted.MyAlgoLogic - [MYALGO] Cancelling order:codingblackfemales.sotw.ChildOrder@68e5eea7
13:52:37.516 [main] INFO  c.gettingstarted.MyAlgoLogic - [MYALGO] option is present, number of active orders are 36
13:52:37.517 [main] INFO  c.container.Actioner - [ALGO] Actioner, sending action:CancelChildOrder(codingblackfemales.sotw.ChildOrder@68e5eea7)
13:52:37.517 [main] INFO  c.sequencer.consumer.LoggingConsumer - [56] [CancelOrder](sbeTemplateId=5|sbeSchemaId=2|sbeSchemaVersion=0|sbeBlockLength=8):orderId=11
13:52:37.517 [main] INFO  c.gettingstarted.MyAlgoLogic - [MYALGO] The state of the order book is:
|----BID-----||----ASK----|
   101 @ 100    100 @ 98
   200 @ 110    200 @ 95
  5000 @ 115    300 @ 91
|------------||-----------|

13:52:37.517 [main] INFO  c.gettingstarted.MyAlgoLogic - [MYALGO] Algo Sees Book as:
|----BID-----||----ASK----|
   101 @ 100    100 @ 98
   200 @ 110    200 @ 95
  5000 @ 115    300 @ 91
|------------||-----------|

13:52:37.517 [main] INFO  c.gettingstarted.MyAlgoLogic - [MYALGO] Have:35 children, want 5, done.
13:52:37.517 [main] INFO  c.gettingstarted.MyAlgoLogic - [MYALGO] active orders are 35
13:52:37.517 [main] INFO  c.gettingstarted.MyAlgoLogic - [MYALGO] Cancelling order:codingblackfemales.sotw.ChildOrder@291b4bf5
13:52:37.518 [main] INFO  c.gettingstarted.MyAlgoLogic - [MYALGO] option is present, number of active orders are 35
13:52:37.518 [main] INFO  c.container.Actioner - [ALGO] Actioner, sending action:CancelChildOrder(codingblackfemales.sotw.ChildOrder@291b4bf5)
13:52:37.518 [main] INFO  c.sequencer.consumer.LoggingConsumer - [57] [CancelOrder](sbeTemplateId=5|sbeSchemaId=2|sbeSchemaVersion=0|sbeBlockLength=8):orderId=12
13:52:37.518 [main] INFO  c.gettingstarted.MyAlgoLogic - [MYALGO] The state of the order book is:
|----BID-----||----ASK----|
   101 @ 100    100 @ 98
   200 @ 110    200 @ 95
  5000 @ 115    300 @ 91
|------------||-----------|

13:52:37.518 [main] INFO  c.gettingstarted.MyAlgoLogic - [MYALGO] Algo Sees Book as:
|----BID-----||----ASK----|
   101 @ 100    100 @ 98
   200 @ 110    200 @ 95
  5000 @ 115    300 @ 91
|------------||-----------|

13:52:37.518 [main] INFO  c.gettingstarted.MyAlgoLogic - [MYALGO] Have:34 children, want 5, done.
13:52:37.518 [main] INFO  c.gettingstarted.MyAlgoLogic - [MYALGO] active orders are 34
13:52:37.518 [main] INFO  c.gettingstarted.MyAlgoLogic - [MYALGO] Cancelling order:codingblackfemales.sotw.ChildOrder@2d2ffcb7
13:52:37.518 [main] INFO  c.gettingstarted.MyAlgoLogic - [MYALGO] option is present, number of active orders are 34
13:52:37.518 [main] INFO  c.container.Actioner - [ALGO] Actioner, sending action:CancelChildOrder(codingblackfemales.sotw.ChildOrder@2d2ffcb7)
13:52:37.518 [main] INFO  c.sequencer.consumer.LoggingConsumer - [58] [CancelOrder](sbeTemplateId=5|sbeSchemaId=2|sbeSchemaVersion=0|sbeBlockLength=8):orderId=13
13:52:37.518 [main] INFO  c.gettingstarted.MyAlgoLogic - [MYALGO] The state of the order book is:
|----BID-----||----ASK----|
   101 @ 100    100 @ 98
   200 @ 110    200 @ 95
  5000 @ 115    300 @ 91
|------------||-----------|

13:52:37.518 [main] INFO  c.gettingstarted.MyAlgoLogic - [MYALGO] Algo Sees Book as:
|----BID-----||----ASK----|
   101 @ 100    100 @ 98
   200 @ 110    200 @ 95
  5000 @ 115    300 @ 91
|------------||-----------|

13:52:37.518 [main] INFO  c.gettingstarted.MyAlgoLogic - [MYALGO] Have:33 children, want 5, done.
13:52:37.518 [main] INFO  c.gettingstarted.MyAlgoLogic - [MYALGO] active orders are 33
13:52:37.518 [main] INFO  c.gettingstarted.MyAlgoLogic - [MYALGO] Cancelling order:codingblackfemales.sotw.ChildOrder@762ef0ea
13:52:37.518 [main] INFO  c.gettingstarted.MyAlgoLogic - [MYALGO] option is present, number of active orders are 33
13:52:37.518 [main] INFO  c.container.Actioner - [ALGO] Actioner, sending action:CancelChildOrder(codingblackfemales.sotw.ChildOrder@762ef0ea)
13:52:37.518 [main] INFO  c.sequencer.consumer.LoggingConsumer - [59] [CancelOrder](sbeTemplateId=5|sbeSchemaId=2|sbeSchemaVersion=0|sbeBlockLength=8):orderId=14
13:52:37.519 [main] INFO  c.gettingstarted.MyAlgoLogic - [MYALGO] The state of the order book is:
|----BID-----||----ASK----|
   101 @ 100    100 @ 98
   200 @ 110    200 @ 95
  5000 @ 115    300 @ 91
|------------||-----------|

13:52:37.519 [main] INFO  c.gettingstarted.MyAlgoLogic - [MYALGO] Algo Sees Book as:
|----BID-----||----ASK----|
   101 @ 100    100 @ 98
   200 @ 110    200 @ 95
  5000 @ 115    300 @ 91
|------------||-----------|

13:52:37.519 [main] INFO  c.gettingstarted.MyAlgoLogic - [MYALGO] Have:32 children, want 5, done.
13:52:37.519 [main] INFO  c.gettingstarted.MyAlgoLogic - [MYALGO] active orders are 32
13:52:37.519 [main] INFO  c.gettingstarted.MyAlgoLogic - [MYALGO] Cancelling order:codingblackfemales.sotw.ChildOrder@31f9b85e
13:52:37.519 [main] INFO  c.gettingstarted.MyAlgoLogic - [MYALGO] option is present, number of active orders are 32
13:52:37.519 [main] INFO  c.container.Actioner - [ALGO] Actioner, sending action:CancelChildOrder(codingblackfemales.sotw.ChildOrder@31f9b85e)
13:52:37.519 [main] INFO  c.sequencer.consumer.LoggingConsumer - [60] [CancelOrder](sbeTemplateId=5|sbeSchemaId=2|sbeSchemaVersion=0|sbeBlockLength=8):orderId=15
13:52:37.519 [main] INFO  c.gettingstarted.MyAlgoLogic - [MYALGO] The state of the order book is:
|----BID-----||----ASK----|
   101 @ 100    100 @ 98
   200 @ 110    200 @ 95
  5000 @ 115    300 @ 91
|------------||-----------|

13:52:37.519 [main] INFO  c.gettingstarted.MyAlgoLogic - [MYALGO] Algo Sees Book as:
|----BID-----||----ASK----|
   101 @ 100    100 @ 98
   200 @ 110    200 @ 95
  5000 @ 115    300 @ 91
|------------||-----------|

13:52:37.519 [main] INFO  c.gettingstarted.MyAlgoLogic - [MYALGO] Have:31 children, want 5, done.
13:52:37.519 [main] INFO  c.gettingstarted.MyAlgoLogic - [MYALGO] active orders are 31
13:52:37.519 [main] INFO  c.gettingstarted.MyAlgoLogic - [MYALGO] Cancelling order:codingblackfemales.sotw.ChildOrder@424e1977
13:52:37.519 [main] INFO  c.gettingstarted.MyAlgoLogic - [MYALGO] option is present, number of active orders are 31
13:52:37.519 [main] INFO  c.container.Actioner - [ALGO] Actioner, sending action:CancelChildOrder(codingblackfemales.sotw.ChildOrder@424e1977)
13:52:37.520 [main] INFO  c.sequencer.consumer.LoggingConsumer - [61] [CancelOrder](sbeTemplateId=5|sbeSchemaId=2|sbeSchemaVersion=0|sbeBlockLength=8):orderId=16
13:52:37.520 [main] INFO  c.gettingstarted.MyAlgoLogic - [MYALGO] The state of the order book is:
|----BID-----||----ASK----|
   101 @ 100    100 @ 98
   200 @ 110    200 @ 95
  5000 @ 115    300 @ 91
|------------||-----------|

13:52:37.520 [main] INFO  c.gettingstarted.MyAlgoLogic - [MYALGO] Algo Sees Book as:
|----BID-----||----ASK----|
   101 @ 100    100 @ 98
   200 @ 110    200 @ 95
  5000 @ 115    300 @ 91
|------------||-----------|

13:52:37.520 [main] INFO  c.gettingstarted.MyAlgoLogic - [MYALGO] Have:30 children, want 5, done.
13:52:37.520 [main] INFO  c.gettingstarted.MyAlgoLogic - [MYALGO] active orders are 30
13:52:37.520 [main] INFO  c.gettingstarted.MyAlgoLogic - [MYALGO] Cancelling order:codingblackfemales.sotw.ChildOrder@10d68fcd
13:52:37.520 [main] INFO  c.gettingstarted.MyAlgoLogic - [MYALGO] option is present, number of active orders are 30
13:52:37.520 [main] INFO  c.container.Actioner - [ALGO] Actioner, sending action:CancelChildOrder(codingblackfemales.sotw.ChildOrder@10d68fcd)
13:52:37.520 [main] INFO  c.sequencer.consumer.LoggingConsumer - [62] [CancelOrder](sbeTemplateId=5|sbeSchemaId=2|sbeSchemaVersion=0|sbeBlockLength=8):orderId=17
13:52:37.520 [main] INFO  c.gettingstarted.MyAlgoLogic - [MYALGO] The state of the order book is:
|----BID-----||----ASK----|
   101 @ 100    100 @ 98
   200 @ 110    200 @ 95
  5000 @ 115    300 @ 91
|------------||-----------|

13:52:37.520 [main] INFO  c.gettingstarted.MyAlgoLogic - [MYALGO] Algo Sees Book as:
|----BID-----||----ASK----|
   101 @ 100    100 @ 98
   200 @ 110    200 @ 95
  5000 @ 115    300 @ 91
|------------||-----------|

13:52:37.520 [main] INFO  c.gettingstarted.MyAlgoLogic - [MYALGO] Have:29 children, want 5, done.
13:52:37.520 [main] INFO  c.gettingstarted.MyAlgoLogic - [MYALGO] active orders are 29
13:52:37.520 [main] INFO  c.gettingstarted.MyAlgoLogic - [MYALGO] Cancelling order:codingblackfemales.sotw.ChildOrder@117e949d
13:52:37.520 [main] INFO  c.gettingstarted.MyAlgoLogic - [MYALGO] option is present, number of active orders are 29
13:52:37.520 [main] INFO  c.container.Actioner - [ALGO] Actioner, sending action:CancelChildOrder(codingblackfemales.sotw.ChildOrder@117e949d)
13:52:37.520 [main] INFO  c.sequencer.consumer.LoggingConsumer - [63] [CancelOrder](sbeTemplateId=5|sbeSchemaId=2|sbeSchemaVersion=0|sbeBlockLength=8):orderId=18
13:52:37.520 [main] INFO  c.gettingstarted.MyAlgoLogic - [MYALGO] The state of the order book is:
|----BID-----||----ASK----|
   101 @ 100    100 @ 98
   200 @ 110    200 @ 95
  5000 @ 115    300 @ 91
|------------||-----------|

13:52:37.520 [main] INFO  c.gettingstarted.MyAlgoLogic - [MYALGO] Algo Sees Book as:
|----BID-----||----ASK----|
   101 @ 100    100 @ 98
   200 @ 110    200 @ 95
  5000 @ 115    300 @ 91
|------------||-----------|

13:52:37.521 [main] INFO  c.gettingstarted.MyAlgoLogic - [MYALGO] Have:28 children, want 5, done.
13:52:37.521 [main] INFO  c.gettingstarted.MyAlgoLogic - [MYALGO] active orders are 28
13:52:37.521 [main] INFO  c.gettingstarted.MyAlgoLogic - [MYALGO] Cancelling order:codingblackfemales.sotw.ChildOrder@6db9f5a4
13:52:37.521 [main] INFO  c.gettingstarted.MyAlgoLogic - [MYALGO] option is present, number of active orders are 28
13:52:37.521 [main] INFO  c.container.Actioner - [ALGO] Actioner, sending action:CancelChildOrder(codingblackfemales.sotw.ChildOrder@6db9f5a4)
13:52:37.521 [main] INFO  c.sequencer.consumer.LoggingConsumer - [64] [CancelOrder](sbeTemplateId=5|sbeSchemaId=2|sbeSchemaVersion=0|sbeBlockLength=8):orderId=19
13:52:37.521 [main] INFO  c.gettingstarted.MyAlgoLogic - [MYALGO] The state of the order book is:
|----BID-----||----ASK----|
   101 @ 100    100 @ 98
   200 @ 110    200 @ 95
  5000 @ 115    300 @ 91
|------------||-----------|

13:52:37.521 [main] INFO  c.gettingstarted.MyAlgoLogic - [MYALGO] Algo Sees Book as:
|----BID-----||----ASK----|
   101 @ 100    100 @ 98
   200 @ 110    200 @ 95
  5000 @ 115    300 @ 91
|------------||-----------|

13:52:37.521 [main] INFO  c.gettingstarted.MyAlgoLogic - [MYALGO] Have:27 children, want 5, done.
13:52:37.521 [main] INFO  c.gettingstarted.MyAlgoLogic - [MYALGO] active orders are 27
13:52:37.521 [main] INFO  c.gettingstarted.MyAlgoLogic - [MYALGO] Cancelling order:codingblackfemales.sotw.ChildOrder@5f8edcc5
13:52:37.521 [main] INFO  c.gettingstarted.MyAlgoLogic - [MYALGO] option is present, number of active orders are 27
13:52:37.521 [main] INFO  c.container.Actioner - [ALGO] Actioner, sending action:CancelChildOrder(codingblackfemales.sotw.ChildOrder@5f8edcc5)
13:52:37.521 [main] INFO  c.sequencer.consumer.LoggingConsumer - [65] [CancelOrder](sbeTemplateId=5|sbeSchemaId=2|sbeSchemaVersion=0|sbeBlockLength=8):orderId=20
13:52:37.521 [main] INFO  c.gettingstarted.MyAlgoLogic - [MYALGO] The state of the order book is:
|----BID-----||----ASK----|
   101 @ 100    100 @ 98
   200 @ 110    200 @ 95
  5000 @ 115    300 @ 91
|------------||-----------|

13:52:37.521 [main] INFO  c.gettingstarted.MyAlgoLogic - [MYALGO] Algo Sees Book as:
|----BID-----||----ASK----|
   101 @ 100    100 @ 98
   200 @ 110    200 @ 95
  5000 @ 115    300 @ 91
|------------||-----------|

13:52:37.521 [main] INFO  c.gettingstarted.MyAlgoLogic - [MYALGO] Have:26 children, want 5, done.
13:52:37.521 [main] INFO  c.gettingstarted.MyAlgoLogic - [MYALGO] active orders are 26
13:52:37.521 [main] INFO  c.gettingstarted.MyAlgoLogic - [MYALGO] Cancelling order:codingblackfemales.sotw.ChildOrder@7b02881e
13:52:37.521 [main] INFO  c.gettingstarted.MyAlgoLogic - [MYALGO] option is present, number of active orders are 26
13:52:37.521 [main] INFO  c.container.Actioner - [ALGO] Actioner, sending action:CancelChildOrder(codingblackfemales.sotw.ChildOrder@7b02881e)
13:52:37.522 [main] INFO  c.sequencer.consumer.LoggingConsumer - [66] [CancelOrder](sbeTemplateId=5|sbeSchemaId=2|sbeSchemaVersion=0|sbeBlockLength=8):orderId=21
13:52:37.522 [main] INFO  c.gettingstarted.MyAlgoLogic - [MYALGO] The state of the order book is:
|----BID-----||----ASK----|
   101 @ 100    100 @ 98
   200 @ 110    200 @ 95
  5000 @ 115    300 @ 91
|------------||-----------|

13:52:37.522 [main] INFO  c.gettingstarted.MyAlgoLogic - [MYALGO] Algo Sees Book as:
|----BID-----||----ASK----|
   101 @ 100    100 @ 98
   200 @ 110    200 @ 95
  5000 @ 115    300 @ 91
|------------||-----------|

13:52:37.522 [main] INFO  c.gettingstarted.MyAlgoLogic - [MYALGO] Have:25 children, want 5, done.
13:52:37.522 [main] INFO  c.gettingstarted.MyAlgoLogic - [MYALGO] active orders are 25
13:52:37.522 [main] INFO  c.gettingstarted.MyAlgoLogic - [MYALGO] Cancelling order:codingblackfemales.sotw.ChildOrder@1ebd319f
13:52:37.522 [main] INFO  c.gettingstarted.MyAlgoLogic - [MYALGO] option is present, number of active orders are 25
13:52:37.522 [main] INFO  c.container.Actioner - [ALGO] Actioner, sending action:CancelChildOrder(codingblackfemales.sotw.ChildOrder@1ebd319f)
13:52:37.522 [main] INFO  c.sequencer.consumer.LoggingConsumer - [67] [CancelOrder](sbeTemplateId=5|sbeSchemaId=2|sbeSchemaVersion=0|sbeBlockLength=8):orderId=22
13:52:37.522 [main] INFO  c.gettingstarted.MyAlgoLogic - [MYALGO] The state of the order book is:
|----BID-----||----ASK----|
   101 @ 100    100 @ 98
   200 @ 110    200 @ 95
  5000 @ 115    300 @ 91
|------------||-----------|

13:52:37.522 [main] INFO  c.gettingstarted.MyAlgoLogic - [MYALGO] Algo Sees Book as:
|----BID-----||----ASK----|
   101 @ 100    100 @ 98
   200 @ 110    200 @ 95
  5000 @ 115    300 @ 91
|------------||-----------|

13:52:37.522 [main] INFO  c.gettingstarted.MyAlgoLogic - [MYALGO] Have:24 children, want 5, done.
13:52:37.522 [main] INFO  c.gettingstarted.MyAlgoLogic - [MYALGO] active orders are 24
13:52:37.522 [main] INFO  c.gettingstarted.MyAlgoLogic - [MYALGO] Cancelling order:codingblackfemales.sotw.ChildOrder@3c0be339
13:52:37.522 [main] INFO  c.gettingstarted.MyAlgoLogic - [MYALGO] option is present, number of active orders are 24
13:52:37.522 [main] INFO  c.container.Actioner - [ALGO] Actioner, sending action:CancelChildOrder(codingblackfemales.sotw.ChildOrder@3c0be339)
13:52:37.522 [main] INFO  c.sequencer.consumer.LoggingConsumer - [68] [CancelOrder](sbeTemplateId=5|sbeSchemaId=2|sbeSchemaVersion=0|sbeBlockLength=8):orderId=23
13:52:37.522 [main] INFO  c.gettingstarted.MyAlgoLogic - [MYALGO] The state of the order book is:
|----BID-----||----ASK----|
   101 @ 100    100 @ 98
   200 @ 110    200 @ 95
  5000 @ 115    300 @ 91
|------------||-----------|

13:52:37.522 [main] INFO  c.gettingstarted.MyAlgoLogic - [MYALGO] Algo Sees Book as:
|----BID-----||----ASK----|
   101 @ 100    100 @ 98
   200 @ 110    200 @ 95
  5000 @ 115    300 @ 91
|------------||-----------|

13:52:37.522 [main] INFO  c.gettingstarted.MyAlgoLogic - [MYALGO] Have:23 children, want 5, done.
13:52:37.522 [main] INFO  c.gettingstarted.MyAlgoLogic - [MYALGO] active orders are 23
13:52:37.522 [main] INFO  c.gettingstarted.MyAlgoLogic - [MYALGO] Cancelling order:codingblackfemales.sotw.ChildOrder@15ca7889
13:52:37.522 [main] INFO  c.gettingstarted.MyAlgoLogic - [MYALGO] option is present, number of active orders are 23
13:52:37.522 [main] INFO  c.container.Actioner - [ALGO] Actioner, sending action:CancelChildOrder(codingblackfemales.sotw.ChildOrder@15ca7889)
13:52:37.522 [main] INFO  c.sequencer.consumer.LoggingConsumer - [69] [CancelOrder](sbeTemplateId=5|sbeSchemaId=2|sbeSchemaVersion=0|sbeBlockLength=8):orderId=24
13:52:37.523 [main] INFO  c.gettingstarted.MyAlgoLogic - [MYALGO] The state of the order book is:
|----BID-----||----ASK----|
   101 @ 100    100 @ 98
   200 @ 110    200 @ 95
  5000 @ 115    300 @ 91
|------------||-----------|

13:52:37.523 [main] INFO  c.gettingstarted.MyAlgoLogic - [MYALGO] Algo Sees Book as:
|----BID-----||----ASK----|
   101 @ 100    100 @ 98
   200 @ 110    200 @ 95
  5000 @ 115    300 @ 91
|------------||-----------|

13:52:37.523 [main] INFO  c.gettingstarted.MyAlgoLogic - [MYALGO] Have:22 children, want 5, done.
13:52:37.523 [main] INFO  c.gettingstarted.MyAlgoLogic - [MYALGO] active orders are 22
13:52:37.523 [main] INFO  c.gettingstarted.MyAlgoLogic - [MYALGO] Cancelling order:codingblackfemales.sotw.ChildOrder@7a675056
13:52:37.523 [main] INFO  c.gettingstarted.MyAlgoLogic - [MYALGO] option is present, number of active orders are 22
13:52:37.523 [main] INFO  c.container.Actioner - [ALGO] Actioner, sending action:CancelChildOrder(codingblackfemales.sotw.ChildOrder@7a675056)
13:52:37.523 [main] INFO  c.sequencer.consumer.LoggingConsumer - [70] [CancelOrder](sbeTemplateId=5|sbeSchemaId=2|sbeSchemaVersion=0|sbeBlockLength=8):orderId=25
13:52:37.523 [main] INFO  c.gettingstarted.MyAlgoLogic - [MYALGO] The state of the order book is:
|----BID-----||----ASK----|
   101 @ 100    100 @ 98
   200 @ 110    200 @ 95
  5000 @ 115    300 @ 91
|------------||-----------|

13:52:37.523 [main] INFO  c.gettingstarted.MyAlgoLogic - [MYALGO] Algo Sees Book as:
|----BID-----||----ASK----|
   101 @ 100    100 @ 98
   200 @ 110    200 @ 95
  5000 @ 115    300 @ 91
|------------||-----------|

13:52:37.523 [main] INFO  c.gettingstarted.MyAlgoLogic - [MYALGO] Have:21 children, want 5, done.
13:52:37.523 [main] INFO  c.gettingstarted.MyAlgoLogic - [MYALGO] active orders are 21
13:52:37.523 [main] INFO  c.gettingstarted.MyAlgoLogic - [MYALGO] Cancelling order:codingblackfemales.sotw.ChildOrder@d21a74c
13:52:37.523 [main] INFO  c.gettingstarted.MyAlgoLogic - [MYALGO] option is present, number of active orders are 21
13:52:37.523 [main] INFO  c.container.Actioner - [ALGO] Actioner, sending action:CancelChildOrder(codingblackfemales.sotw.ChildOrder@d21a74c)
13:52:37.523 [main] INFO  c.sequencer.consumer.LoggingConsumer - [71] [CancelOrder](sbeTemplateId=5|sbeSchemaId=2|sbeSchemaVersion=0|sbeBlockLength=8):orderId=26
13:52:37.523 [main] INFO  c.gettingstarted.MyAlgoLogic - [MYALGO] The state of the order book is:
|----BID-----||----ASK----|
   101 @ 100    100 @ 98
   200 @ 110    200 @ 95
  5000 @ 115    300 @ 91
|------------||-----------|

13:52:37.523 [main] INFO  c.gettingstarted.MyAlgoLogic - [MYALGO] Algo Sees Book as:
|----BID-----||----ASK----|
   101 @ 100    100 @ 98
   200 @ 110    200 @ 95
  5000 @ 115    300 @ 91
|------------||-----------|

13:52:37.523 [main] INFO  c.gettingstarted.MyAlgoLogic - [MYALGO] Have:20 children, want 5, done.
13:52:37.523 [main] INFO  c.gettingstarted.MyAlgoLogic - [MYALGO] active orders are 20
13:52:37.523 [main] INFO  c.gettingstarted.MyAlgoLogic - [MYALGO] Cancelling order:codingblackfemales.sotw.ChildOrder@6e509ffa
13:52:37.523 [main] INFO  c.gettingstarted.MyAlgoLogic - [MYALGO] option is present, number of active orders are 20
13:52:37.523 [main] INFO  c.container.Actioner - [ALGO] Actioner, sending action:CancelChildOrder(codingblackfemales.sotw.ChildOrder@6e509ffa)
13:52:37.524 [main] INFO  c.sequencer.consumer.LoggingConsumer - [72] [CancelOrder](sbeTemplateId=5|sbeSchemaId=2|sbeSchemaVersion=0|sbeBlockLength=8):orderId=27
13:52:37.524 [main] INFO  c.gettingstarted.MyAlgoLogic - [MYALGO] The state of the order book is:
|----BID-----||----ASK----|
   101 @ 100    100 @ 98
   200 @ 110    200 @ 95
  5000 @ 115    300 @ 91
|------------||-----------|

13:52:37.524 [main] INFO  c.gettingstarted.MyAlgoLogic - [MYALGO] Algo Sees Book as:
|----BID-----||----ASK----|
   101 @ 100    100 @ 98
   200 @ 110    200 @ 95
  5000 @ 115    300 @ 91
|------------||-----------|

13:52:37.524 [main] INFO  c.gettingstarted.MyAlgoLogic - [MYALGO] Have:19 children, want 5, done.
13:52:37.524 [main] INFO  c.gettingstarted.MyAlgoLogic - [MYALGO] active orders are 19
13:52:37.524 [main] INFO  c.gettingstarted.MyAlgoLogic - [MYALGO] Cancelling order:codingblackfemales.sotw.ChildOrder@2898ac89
13:52:37.524 [main] INFO  c.gettingstarted.MyAlgoLogic - [MYALGO] option is present, number of active orders are 19
13:52:37.524 [main] INFO  c.container.Actioner - [ALGO] Actioner, sending action:CancelChildOrder(codingblackfemales.sotw.ChildOrder@2898ac89)
13:52:37.524 [main] INFO  c.sequencer.consumer.LoggingConsumer - [73] [CancelOrder](sbeTemplateId=5|sbeSchemaId=2|sbeSchemaVersion=0|sbeBlockLength=8):orderId=28
13:52:37.524 [main] INFO  c.gettingstarted.MyAlgoLogic - [MYALGO] The state of the order book is:
|----BID-----||----ASK----|
   101 @ 100    100 @ 98
   200 @ 110    200 @ 95
  5000 @ 115    300 @ 91
|------------||-----------|

13:52:37.524 [main] INFO  c.gettingstarted.MyAlgoLogic - [MYALGO] Algo Sees Book as:
|----BID-----||----ASK----|
   101 @ 100    100 @ 98
   200 @ 110    200 @ 95
  5000 @ 115    300 @ 91
|------------||-----------|

13:52:37.524 [main] INFO  c.gettingstarted.MyAlgoLogic - [MYALGO] Have:18 children, want 5, done.
13:52:37.524 [main] INFO  c.gettingstarted.MyAlgoLogic - [MYALGO] active orders are 18
13:52:37.524 [main] INFO  c.gettingstarted.MyAlgoLogic - [MYALGO] Cancelling order:codingblackfemales.sotw.ChildOrder@683dbc2c
13:52:37.524 [main] INFO  c.gettingstarted.MyAlgoLogic - [MYALGO] option is present, number of active orders are 18
13:52:37.524 [main] INFO  c.container.Actioner - [ALGO] Actioner, sending action:CancelChildOrder(codingblackfemales.sotw.ChildOrder@683dbc2c)
13:52:37.524 [main] INFO  c.sequencer.consumer.LoggingConsumer - [74] [CancelOrder](sbeTemplateId=5|sbeSchemaId=2|sbeSchemaVersion=0|sbeBlockLength=8):orderId=29
13:52:37.524 [main] INFO  c.gettingstarted.MyAlgoLogic - [MYALGO] The state of the order book is:
|----BID-----||----ASK----|
   101 @ 100    100 @ 98
   200 @ 110    200 @ 95
  5000 @ 115    300 @ 91
|------------||-----------|

13:52:37.524 [main] INFO  c.gettingstarted.MyAlgoLogic - [MYALGO] Algo Sees Book as:
|----BID-----||----ASK----|
   101 @ 100    100 @ 98
   200 @ 110    200 @ 95
  5000 @ 115    300 @ 91
|------------||-----------|

13:52:37.524 [main] INFO  c.gettingstarted.MyAlgoLogic - [MYALGO] Have:17 children, want 5, done.
13:52:37.524 [main] INFO  c.gettingstarted.MyAlgoLogic - [MYALGO] active orders are 17
13:52:37.524 [main] INFO  c.gettingstarted.MyAlgoLogic - [MYALGO] Cancelling order:codingblackfemales.sotw.ChildOrder@68267da0
13:52:37.524 [main] INFO  c.gettingstarted.MyAlgoLogic - [MYALGO] option is present, number of active orders are 17
13:52:37.524 [main] INFO  c.container.Actioner - [ALGO] Actioner, sending action:CancelChildOrder(codingblackfemales.sotw.ChildOrder@68267da0)
13:52:37.524 [main] INFO  c.sequencer.consumer.LoggingConsumer - [75] [CancelOrder](sbeTemplateId=5|sbeSchemaId=2|sbeSchemaVersion=0|sbeBlockLength=8):orderId=30
13:52:37.525 [main] INFO  c.gettingstarted.MyAlgoLogic - [MYALGO] The state of the order book is:
|----BID-----||----ASK----|
   101 @ 100    100 @ 98
   200 @ 110    200 @ 95
  5000 @ 115    300 @ 91
|------------||-----------|

13:52:37.525 [main] INFO  c.gettingstarted.MyAlgoLogic - [MYALGO] Algo Sees Book as:
|----BID-----||----ASK----|
   101 @ 100    100 @ 98
   200 @ 110    200 @ 95
  5000 @ 115    300 @ 91
|------------||-----------|

13:52:37.525 [main] INFO  c.gettingstarted.MyAlgoLogic - [MYALGO] Have:16 children, want 5, done.
13:52:37.525 [main] INFO  c.gettingstarted.MyAlgoLogic - [MYALGO] active orders are 16
13:52:37.525 [main] INFO  c.gettingstarted.MyAlgoLogic - [MYALGO] Cancelling order:codingblackfemales.sotw.ChildOrder@2638011
13:52:37.525 [main] INFO  c.gettingstarted.MyAlgoLogic - [MYALGO] option is present, number of active orders are 16
13:52:37.525 [main] INFO  c.container.Actioner - [ALGO] Actioner, sending action:CancelChildOrder(codingblackfemales.sotw.ChildOrder@2638011)
13:52:37.525 [main] INFO  c.sequencer.consumer.LoggingConsumer - [76] [CancelOrder](sbeTemplateId=5|sbeSchemaId=2|sbeSchemaVersion=0|sbeBlockLength=8):orderId=31
13:52:37.525 [main] INFO  c.gettingstarted.MyAlgoLogic - [MYALGO] The state of the order book is:
|----BID-----||----ASK----|
   101 @ 100    100 @ 98
   200 @ 110    200 @ 95
  5000 @ 115    300 @ 91
|------------||-----------|

13:52:37.525 [main] INFO  c.gettingstarted.MyAlgoLogic - [MYALGO] Algo Sees Book as:
|----BID-----||----ASK----|
   101 @ 100    100 @ 98
   200 @ 110    200 @ 95
  5000 @ 115    300 @ 91
|------------||-----------|

13:52:37.525 [main] INFO  c.gettingstarted.MyAlgoLogic - [MYALGO] Have:15 children, want 5, done.
13:52:37.525 [main] INFO  c.gettingstarted.MyAlgoLogic - [MYALGO] active orders are 15
13:52:37.525 [main] INFO  c.gettingstarted.MyAlgoLogic - [MYALGO] Cancelling order:codingblackfemales.sotw.ChildOrder@6ff29830
13:52:37.525 [main] INFO  c.gettingstarted.MyAlgoLogic - [MYALGO] option is present, number of active orders are 15
13:52:37.525 [main] INFO  c.container.Actioner - [ALGO] Actioner, sending action:CancelChildOrder(codingblackfemales.sotw.ChildOrder@6ff29830)
13:52:37.525 [main] INFO  c.sequencer.consumer.LoggingConsumer - [77] [CancelOrder](sbeTemplateId=5|sbeSchemaId=2|sbeSchemaVersion=0|sbeBlockLength=8):orderId=32
13:52:37.525 [main] INFO  c.gettingstarted.MyAlgoLogic - [MYALGO] The state of the order book is:
|----BID-----||----ASK----|
   101 @ 100    100 @ 98
   200 @ 110    200 @ 95
  5000 @ 115    300 @ 91
|------------||-----------|

13:52:37.525 [main] INFO  c.gettingstarted.MyAlgoLogic - [MYALGO] Algo Sees Book as:
|----BID-----||----ASK----|
   101 @ 100    100 @ 98
   200 @ 110    200 @ 95
  5000 @ 115    300 @ 91
|------------||-----------|

13:52:37.525 [main] INFO  c.gettingstarted.MyAlgoLogic - [MYALGO] Have:14 children, want 5, done.
13:52:37.525 [main] INFO  c.gettingstarted.MyAlgoLogic - [MYALGO] active orders are 14
13:52:37.525 [main] INFO  c.gettingstarted.MyAlgoLogic - [MYALGO] Cancelling order:codingblackfemales.sotw.ChildOrder@6a2b953e
13:52:37.525 [main] INFO  c.gettingstarted.MyAlgoLogic - [MYALGO] option is present, number of active orders are 14
13:52:37.525 [main] INFO  c.container.Actioner - [ALGO] Actioner, sending action:CancelChildOrder(codingblackfemales.sotw.ChildOrder@6a2b953e)
13:52:37.525 [main] INFO  c.sequencer.consumer.LoggingConsumer - [78] [CancelOrder](sbeTemplateId=5|sbeSchemaId=2|sbeSchemaVersion=0|sbeBlockLength=8):orderId=33
13:52:37.525 [main] INFO  c.gettingstarted.MyAlgoLogic - [MYALGO] The state of the order book is:
|----BID-----||----ASK----|
   101 @ 100    100 @ 98
   200 @ 110    200 @ 95
  5000 @ 115    300 @ 91
|------------||-----------|

13:52:37.525 [main] INFO  c.gettingstarted.MyAlgoLogic - [MYALGO] Algo Sees Book as:
|----BID-----||----ASK----|
   101 @ 100    100 @ 98
   200 @ 110    200 @ 95
  5000 @ 115    300 @ 91
|------------||-----------|

13:52:37.525 [main] INFO  c.gettingstarted.MyAlgoLogic - [MYALGO] Have:13 children, want 5, done.
13:52:37.525 [main] INFO  c.gettingstarted.MyAlgoLogic - [MYALGO] active orders are 13
13:52:37.525 [main] INFO  c.gettingstarted.MyAlgoLogic - [MYALGO] Cancelling order:codingblackfemales.sotw.ChildOrder@313b2ea6
13:52:37.525 [main] INFO  c.gettingstarted.MyAlgoLogic - [MYALGO] option is present, number of active orders are 13
13:52:37.525 [main] INFO  c.container.Actioner - [ALGO] Actioner, sending action:CancelChildOrder(codingblackfemales.sotw.ChildOrder@313b2ea6)
13:52:37.525 [main] INFO  c.sequencer.consumer.LoggingConsumer - [79] [CancelOrder](sbeTemplateId=5|sbeSchemaId=2|sbeSchemaVersion=0|sbeBlockLength=8):orderId=34
13:52:37.525 [main] INFO  c.gettingstarted.MyAlgoLogic - [MYALGO] The state of the order book is:
|----BID-----||----ASK----|
   101 @ 100    100 @ 98
   200 @ 110    200 @ 95
  5000 @ 115    300 @ 91
|------------||-----------|

13:52:37.525 [main] INFO  c.gettingstarted.MyAlgoLogic - [MYALGO] Algo Sees Book as:
|----BID-----||----ASK----|
   101 @ 100    100 @ 98
   200 @ 110    200 @ 95
  5000 @ 115    300 @ 91
|------------||-----------|

13:52:37.525 [main] INFO  c.gettingstarted.MyAlgoLogic - [MYALGO] Have:12 children, want 5, done.
13:52:37.525 [main] INFO  c.gettingstarted.MyAlgoLogic - [MYALGO] active orders are 12
13:52:37.525 [main] INFO  c.gettingstarted.MyAlgoLogic - [MYALGO] Cancelling order:codingblackfemales.sotw.ChildOrder@2f465398
13:52:37.525 [main] INFO  c.gettingstarted.MyAlgoLogic - [MYALGO] option is present, number of active orders are 12
13:52:37.525 [main] INFO  c.container.Actioner - [ALGO] Actioner, sending action:CancelChildOrder(codingblackfemales.sotw.ChildOrder@2f465398)
13:52:37.525 [main] INFO  c.sequencer.consumer.LoggingConsumer - [80] [CancelOrder](sbeTemplateId=5|sbeSchemaId=2|sbeSchemaVersion=0|sbeBlockLength=8):orderId=35
13:52:37.525 [main] INFO  c.gettingstarted.MyAlgoLogic - [MYALGO] The state of the order book is:
|----BID-----||----ASK----|
   101 @ 100    100 @ 98
   200 @ 110    200 @ 95
  5000 @ 115    300 @ 91
|------------||-----------|

13:52:37.530 [main] INFO  c.gettingstarted.MyAlgoLogic - [MYALGO] Algo Sees Book as:
|----BID-----||----ASK----|
   101 @ 100    100 @ 98
   200 @ 110    200 @ 95
  5000 @ 115    300 @ 91
|------------||-----------|

13:52:37.530 [main] INFO  c.gettingstarted.MyAlgoLogic - [MYALGO] Have:11 children, want 5, done.
13:52:37.531 [main] INFO  c.gettingstarted.MyAlgoLogic - [MYALGO] active orders are 11
13:52:37.531 [main] INFO  c.gettingstarted.MyAlgoLogic - [MYALGO] Cancelling order:codingblackfemales.sotw.ChildOrder@548e6d58
13:52:37.531 [main] INFO  c.gettingstarted.MyAlgoLogic - [MYALGO] option is present, number of active orders are 11
13:52:37.531 [main] INFO  c.container.Actioner - [ALGO] Actioner, sending action:CancelChildOrder(codingblackfemales.sotw.ChildOrder@548e6d58)
13:52:37.531 [main] INFO  c.sequencer.consumer.LoggingConsumer - [81] [CancelOrder](sbeTemplateId=5|sbeSchemaId=2|sbeSchemaVersion=0|sbeBlockLength=8):orderId=36
13:52:37.531 [main] INFO  c.gettingstarted.MyAlgoLogic - [MYALGO] The state of the order book is:
|----BID-----||----ASK----|
   101 @ 100    100 @ 98
   200 @ 110    200 @ 95
  5000 @ 115    300 @ 91
|------------||-----------|

13:52:37.531 [main] INFO  c.gettingstarted.MyAlgoLogic - [MYALGO] Algo Sees Book as:
|----BID-----||----ASK----|
   101 @ 100    100 @ 98
   200 @ 110    200 @ 95
  5000 @ 115    300 @ 91
|------------||-----------|

13:52:37.531 [main] INFO  c.gettingstarted.MyAlgoLogic - [MYALGO] Have:10 children, want 5, done.
13:52:37.531 [main] INFO  c.gettingstarted.MyAlgoLogic - [MYALGO] active orders are 10
13:52:37.531 [main] INFO  c.gettingstarted.MyAlgoLogic - [MYALGO] Cancelling order:codingblackfemales.sotw.ChildOrder@623a8092
13:52:37.531 [main] INFO  c.gettingstarted.MyAlgoLogic - [MYALGO] option is present, number of active orders are 10
13:52:37.531 [main] INFO  c.container.Actioner - [ALGO] Actioner, sending action:CancelChildOrder(codingblackfemales.sotw.ChildOrder@623a8092)
13:52:37.531 [main] INFO  c.sequencer.consumer.LoggingConsumer - [82] [CancelOrder](sbeTemplateId=5|sbeSchemaId=2|sbeSchemaVersion=0|sbeBlockLength=8):orderId=37
13:52:37.531 [main] INFO  c.gettingstarted.MyAlgoLogic - [MYALGO] The state of the order book is:
|----BID-----||----ASK----|
   101 @ 100    100 @ 98
   200 @ 110    200 @ 95
  5000 @ 115    300 @ 91
|------------||-----------|

13:52:37.531 [main] INFO  c.gettingstarted.MyAlgoLogic - [MYALGO] Algo Sees Book as:
|----BID-----||----ASK----|
   101 @ 100    100 @ 98
   200 @ 110    200 @ 95
  5000 @ 115    300 @ 91
|------------||-----------|

13:52:37.531 [main] INFO  c.gettingstarted.MyAlgoLogic - [MYALGO] Have:9 children, want 5, done.
13:52:37.531 [main] INFO  c.gettingstarted.MyAlgoLogic - [MYALGO] active orders are 9
13:52:37.531 [main] INFO  c.gettingstarted.MyAlgoLogic - [MYALGO] Cancelling order:codingblackfemales.sotw.ChildOrder@a1cdc6d
13:52:37.531 [main] INFO  c.gettingstarted.MyAlgoLogic - [MYALGO] option is present, number of active orders are 9
13:52:37.531 [main] INFO  c.container.Actioner - [ALGO] Actioner, sending action:CancelChildOrder(codingblackfemales.sotw.ChildOrder@a1cdc6d)
13:52:37.531 [main] INFO  c.sequencer.consumer.LoggingConsumer - [83] [CancelOrder](sbeTemplateId=5|sbeSchemaId=2|sbeSchemaVersion=0|sbeBlockLength=8):orderId=38
13:52:37.531 [main] INFO  c.gettingstarted.MyAlgoLogic - [MYALGO] The state of the order book is:
|----BID-----||----ASK----|
   101 @ 100    100 @ 98
   200 @ 110    200 @ 95
  5000 @ 115    300 @ 91
|------------||-----------|

13:52:37.531 [main] INFO  c.gettingstarted.MyAlgoLogic - [MYALGO] Algo Sees Book as:
|----BID-----||----ASK----|
   101 @ 100    100 @ 98
   200 @ 110    200 @ 95
  5000 @ 115    300 @ 91
|------------||-----------|

13:52:37.535 [main] INFO  c.gettingstarted.MyAlgoLogic - [MYALGO] Have:8 children, want 5, done.
13:52:37.535 [main] INFO  c.gettingstarted.MyAlgoLogic - [MYALGO] active orders are 8
13:52:37.535 [main] INFO  c.gettingstarted.MyAlgoLogic - [MYALGO] Cancelling order:codingblackfemales.sotw.ChildOrder@175b9425
13:52:37.535 [main] INFO  c.gettingstarted.MyAlgoLogic - [MYALGO] option is present, number of active orders are 8
13:52:37.535 [main] INFO  c.container.Actioner - [ALGO] Actioner, sending action:CancelChildOrder(codingblackfemales.sotw.ChildOrder@175b9425)
13:52:37.535 [main] INFO  c.sequencer.consumer.LoggingConsumer - [84] [CancelOrder](sbeTemplateId=5|sbeSchemaId=2|sbeSchemaVersion=0|sbeBlockLength=8):orderId=39
13:52:37.535 [main] INFO  c.gettingstarted.MyAlgoLogic - [MYALGO] The state of the order book is:
|----BID-----||----ASK----|
   101 @ 100    100 @ 98
   200 @ 110    200 @ 95
  5000 @ 115    300 @ 91
|------------||-----------|

13:52:37.535 [main] INFO  c.gettingstarted.MyAlgoLogic - [MYALGO] Algo Sees Book as:
|----BID-----||----ASK----|
   101 @ 100    100 @ 98
   200 @ 110    200 @ 95
  5000 @ 115    300 @ 91
|------------||-----------|

13:52:37.535 [main] INFO  c.gettingstarted.MyAlgoLogic - [MYALGO] Have:7 children, want 5, done.
13:52:37.535 [main] INFO  c.gettingstarted.MyAlgoLogic - [MYALGO] active orders are 7
13:52:37.535 [main] INFO  c.gettingstarted.MyAlgoLogic - [MYALGO] Cancelling order:codingblackfemales.sotw.ChildOrder@3098cf3b
13:52:37.535 [main] INFO  c.gettingstarted.MyAlgoLogic - [MYALGO] option is present, number of active orders are 7
13:52:37.535 [main] INFO  c.container.Actioner - [ALGO] Actioner, sending action:CancelChildOrder(codingblackfemales.sotw.ChildOrder@3098cf3b)
13:52:37.536 [main] INFO  c.sequencer.consumer.LoggingConsumer - [85] [CancelOrder](sbeTemplateId=5|sbeSchemaId=2|sbeSchemaVersion=0|sbeBlockLength=8):orderId=40
13:52:37.536 [main] INFO  c.gettingstarted.MyAlgoLogic - [MYALGO] The state of the order book is:
|----BID-----||----ASK----|
   101 @ 100    100 @ 98
   200 @ 110    200 @ 95
  5000 @ 115    300 @ 91
|------------||-----------|

13:52:37.536 [main] INFO  c.gettingstarted.MyAlgoLogic - [MYALGO] Algo Sees Book as:
|----BID-----||----ASK----|
   101 @ 100    100 @ 98
   200 @ 110    200 @ 95
  5000 @ 115    300 @ 91
|------------||-----------|

13:52:37.537 [main] INFO  c.gettingstarted.MyAlgoLogic - [MYALGO] Have:6 children, want 5, done.
13:52:37.537 [main] INFO  c.gettingstarted.MyAlgoLogic - [MYALGO] active orders are 6
13:52:37.537 [main] INFO  c.gettingstarted.MyAlgoLogic - [MYALGO] Cancelling order:codingblackfemales.sotw.ChildOrder@610f7aa
13:52:37.537 [main] INFO  c.gettingstarted.MyAlgoLogic - [MYALGO] option is present, number of active orders are 6
13:52:37.537 [main] INFO  c.container.Actioner - [ALGO] Actioner, sending action:CancelChildOrder(codingblackfemales.sotw.ChildOrder@610f7aa)
13:52:37.537 [main] INFO  c.sequencer.consumer.LoggingConsumer - [86] [CancelOrder](sbeTemplateId=5|sbeSchemaId=2|sbeSchemaVersion=0|sbeBlockLength=8):orderId=41
13:52:37.537 [main] INFO  c.gettingstarted.MyAlgoLogic - [MYALGO] The state of the order book is:
|----BID-----||----ASK----|
   101 @ 100    100 @ 98
   200 @ 110    200 @ 95
  5000 @ 115    300 @ 91
|------------||-----------|

13:52:37.537 [main] INFO  c.gettingstarted.MyAlgoLogic - [MYALGO] Algo Sees Book as:
|----BID-----||----ASK----|
   101 @ 100    100 @ 98
   200 @ 110    200 @ 95
  5000 @ 115    300 @ 91
|------------||-----------|

]]></system-out>
  </testcase>
  <testcase name="testLogging" classname="codingblackfemales.gettingstarted.MyAlgoTest" time="0.001">
    <system-out><![CDATA[13:52:37.540 [main] INFO  c.gettingstarted.MyAlgoLogic - We are testing the logging function.
13:52:37.540 [main] WARN  c.gettingstarted.MyAlgoLogic - We are testing the warnig method that comes with the logger.
]]></system-out>
  </testcase>
  <testcase name="testMaximumOrderCount" classname="codingblackfemales.gettingstarted.MyAlgoTest" time="0.03">
    <failure message="expected:&lt;0&gt; but was:&lt;45&gt;" type="java.lang.AssertionError"><![CDATA[java.lang.AssertionError: expected:<0> but was:<45>
	at org.junit.Assert.fail(Assert.java:88)
	at org.junit.Assert.failNotEquals(Assert.java:743)
	at org.junit.Assert.assertEquals(Assert.java:118)
	at org.junit.Assert.assertEquals(Assert.java:555)
	at org.junit.Assert.assertEquals(Assert.java:542)
	at codingblackfemales.gettingstarted.MyAlgoTest.testMaximumOrderCount(MyAlgoTest.java:84)
	at java.base/jdk.internal.reflect.NativeMethodAccessorImpl.invoke0(Native Method)
	at java.base/jdk.internal.reflect.NativeMethodAccessorImpl.invoke(NativeMethodAccessorImpl.java:77)
	at java.base/jdk.internal.reflect.DelegatingMethodAccessorImpl.invoke(DelegatingMethodAccessorImpl.java:43)
	at java.base/java.lang.reflect.Method.invoke(Method.java:568)
	at org.junit.runners.model.FrameworkMethod$1.runReflectiveCall(FrameworkMethod.java:47)
	at org.junit.internal.runners.model.ReflectiveCallable.run(ReflectiveCallable.java:12)
	at org.junit.runners.model.FrameworkMethod.invokeExplosively(FrameworkMethod.java:44)
	at org.junit.internal.runners.statements.InvokeMethod.evaluate(InvokeMethod.java:17)
	at org.junit.runners.ParentRunner.runLeaf(ParentRunner.java:271)
	at org.junit.runners.BlockJUnit4ClassRunner.runChild(BlockJUnit4ClassRunner.java:70)
	at org.junit.runners.BlockJUnit4ClassRunner.runChild(BlockJUnit4ClassRunner.java:50)
	at org.junit.runners.ParentRunner$3.run(ParentRunner.java:238)
	at org.junit.runners.ParentRunner$1.schedule(ParentRunner.java:63)
	at org.junit.runners.ParentRunner.runChildren(ParentRunner.java:236)
	at org.junit.runners.ParentRunner.access$000(ParentRunner.java:53)
	at org.junit.runners.ParentRunner$2.evaluate(ParentRunner.java:229)
	at org.junit.runners.ParentRunner.run(ParentRunner.java:309)
	at org.apache.maven.surefire.junit4.JUnit4Provider.execute(JUnit4Provider.java:316)
	at org.apache.maven.surefire.junit4.JUnit4Provider.executeWithRerun(JUnit4Provider.java:240)
	at org.apache.maven.surefire.junit4.JUnit4Provider.executeTestSet(JUnit4Provider.java:214)
	at org.apache.maven.surefire.junit4.JUnit4Provider.invoke(JUnit4Provider.java:155)
	at org.apache.maven.surefire.booter.ForkedBooter.runSuitesInProcess(ForkedBooter.java:385)
	at org.apache.maven.surefire.booter.ForkedBooter.execute(ForkedBooter.java:162)
	at org.apache.maven.surefire.booter.ForkedBooter.run(ForkedBooter.java:507)
	at org.apache.maven.surefire.booter.ForkedBooter.main(ForkedBooter.java:495)
]]></failure>
    <system-out><![CDATA[13:52:37.541 [main] INFO  c.sequencer.consumer.LoggingConsumer - [1] 
|----BID-----|
   160 @ 110
   220 @ 120
|----ASK-----|
     95 @ 97
    150 @ 94

13:52:37.541 [main] DEBUG c.service.MarketDataService - [ALGO] BID: price:110 quantity:160
13:52:37.541 [main] DEBUG c.service.MarketDataService - [ALGO] BID: price:120 quantity:220
13:52:37.541 [main] DEBUG c.service.MarketDataService - [ALGO] ASK: price:97 quantity:95
13:52:37.541 [main] DEBUG c.service.MarketDataService - [ALGO] ASK: price:94 quantity:150
13:52:37.542 [main] INFO  c.gettingstarted.MyAlgoLogic - [MYALGO] The state of the order book is:
|----BID-----||----ASK----|
   160 @ 110     95 @ 97
   220 @ 120    150 @ 94
|------------||-----------|

13:52:37.542 [main] INFO  c.gettingstarted.MyAlgoLogic - [MYALGO] Algo Sees Book as:
|----BID-----||----ASK----|
   160 @ 110     95 @ 97
   220 @ 120    150 @ 94
|------------||-----------|

13:52:37.542 [main] INFO  c.gettingstarted.MyAlgoLogic - [MYALGO] Have:0 children, want 45. Adding order for95@97
total order count is 0
13:52:37.542 [main] INFO  c.container.Actioner - [ALGO] Actioner, sending action:CreateChildOrder(side=BUY,quantity=95,price=97)
13:52:37.542 [main] INFO  c.sequencer.consumer.LoggingConsumer - [2] [CreateOrder](sbeTemplateId=4|sbeSchemaId=2|sbeSchemaVersion=0|sbeBlockLength=33):instrumentId=0|price=97|quantity=95|side=BUY|orderId=2
13:52:37.542 [main] INFO  c.gettingstarted.MyAlgoLogic - [MYALGO] The state of the order book is:
|----BID-----||----ASK----|
   160 @ 110     95 @ 97
   220 @ 120    150 @ 94
|------------||-----------|

13:52:37.542 [main] INFO  c.gettingstarted.MyAlgoLogic - [MYALGO] Algo Sees Book as:
|----BID-----||----ASK----|
   160 @ 110     95 @ 97
   220 @ 120    150 @ 94
|------------||-----------|

13:52:37.542 [main] INFO  c.gettingstarted.MyAlgoLogic - [MYALGO] Have:1 children, want 45. Adding order for95@97
total order count is 1
13:52:37.542 [main] INFO  c.container.Actioner - [ALGO] Actioner, sending action:CreateChildOrder(side=BUY,quantity=95,price=97)
13:52:37.542 [main] INFO  c.sequencer.consumer.LoggingConsumer - [3] [CreateOrder](sbeTemplateId=4|sbeSchemaId=2|sbeSchemaVersion=0|sbeBlockLength=33):instrumentId=0|price=97|quantity=95|side=BUY|orderId=3
13:52:37.542 [main] INFO  c.gettingstarted.MyAlgoLogic - [MYALGO] The state of the order book is:
|----BID-----||----ASK----|
   160 @ 110     95 @ 97
   220 @ 120    150 @ 94
|------------||-----------|

13:52:37.542 [main] INFO  c.gettingstarted.MyAlgoLogic - [MYALGO] Algo Sees Book as:
|----BID-----||----ASK----|
   160 @ 110     95 @ 97
   220 @ 120    150 @ 94
|------------||-----------|

13:52:37.542 [main] INFO  c.gettingstarted.MyAlgoLogic - [MYALGO] Have:2 children, want 45. Adding order for95@97
total order count is 2
13:52:37.542 [main] INFO  c.container.Actioner - [ALGO] Actioner, sending action:CreateChildOrder(side=BUY,quantity=95,price=97)
13:52:37.542 [main] INFO  c.sequencer.consumer.LoggingConsumer - [4] [CreateOrder](sbeTemplateId=4|sbeSchemaId=2|sbeSchemaVersion=0|sbeBlockLength=33):instrumentId=0|price=97|quantity=95|side=BUY|orderId=4
13:52:37.542 [main] INFO  c.gettingstarted.MyAlgoLogic - [MYALGO] The state of the order book is:
|----BID-----||----ASK----|
   160 @ 110     95 @ 97
   220 @ 120    150 @ 94
|------------||-----------|

13:52:37.542 [main] INFO  c.gettingstarted.MyAlgoLogic - [MYALGO] Algo Sees Book as:
|----BID-----||----ASK----|
   160 @ 110     95 @ 97
   220 @ 120    150 @ 94
|------------||-----------|

13:52:37.543 [main] INFO  c.gettingstarted.MyAlgoLogic - [MYALGO] Have:3 children, want 45. Adding order for95@97
total order count is 3
13:52:37.543 [main] INFO  c.container.Actioner - [ALGO] Actioner, sending action:CreateChildOrder(side=BUY,quantity=95,price=97)
13:52:37.543 [main] INFO  c.sequencer.consumer.LoggingConsumer - [5] [CreateOrder](sbeTemplateId=4|sbeSchemaId=2|sbeSchemaVersion=0|sbeBlockLength=33):instrumentId=0|price=97|quantity=95|side=BUY|orderId=5
13:52:37.544 [main] INFO  c.gettingstarted.MyAlgoLogic - [MYALGO] The state of the order book is:
|----BID-----||----ASK----|
   160 @ 110     95 @ 97
   220 @ 120    150 @ 94
|------------||-----------|

13:52:37.544 [main] INFO  c.gettingstarted.MyAlgoLogic - [MYALGO] Algo Sees Book as:
|----BID-----||----ASK----|
   160 @ 110     95 @ 97
   220 @ 120    150 @ 94
|------------||-----------|

13:52:37.544 [main] INFO  c.gettingstarted.MyAlgoLogic - [MYALGO] Have:4 children, want 45. Adding order for95@97
total order count is 4
13:52:37.544 [main] INFO  c.container.Actioner - [ALGO] Actioner, sending action:CreateChildOrder(side=BUY,quantity=95,price=97)
13:52:37.544 [main] INFO  c.sequencer.consumer.LoggingConsumer - [6] [CreateOrder](sbeTemplateId=4|sbeSchemaId=2|sbeSchemaVersion=0|sbeBlockLength=33):instrumentId=0|price=97|quantity=95|side=BUY|orderId=6
13:52:37.544 [main] INFO  c.gettingstarted.MyAlgoLogic - [MYALGO] The state of the order book is:
|----BID-----||----ASK----|
   160 @ 110     95 @ 97
   220 @ 120    150 @ 94
|------------||-----------|

13:52:37.544 [main] INFO  c.gettingstarted.MyAlgoLogic - [MYALGO] Algo Sees Book as:
|----BID-----||----ASK----|
   160 @ 110     95 @ 97
   220 @ 120    150 @ 94
|------------||-----------|

13:52:37.544 [main] INFO  c.gettingstarted.MyAlgoLogic - [MYALGO] Have:5 children, want 45. Adding order for95@97
total order count is 5
13:52:37.544 [main] INFO  c.container.Actioner - [ALGO] Actioner, sending action:CreateChildOrder(side=BUY,quantity=95,price=97)
13:52:37.544 [main] INFO  c.sequencer.consumer.LoggingConsumer - [7] [CreateOrder](sbeTemplateId=4|sbeSchemaId=2|sbeSchemaVersion=0|sbeBlockLength=33):instrumentId=0|price=97|quantity=95|side=BUY|orderId=7
13:52:37.544 [main] INFO  c.gettingstarted.MyAlgoLogic - [MYALGO] The state of the order book is:
|----BID-----||----ASK----|
   160 @ 110     95 @ 97
   220 @ 120    150 @ 94
|------------||-----------|

13:52:37.544 [main] INFO  c.gettingstarted.MyAlgoLogic - [MYALGO] Algo Sees Book as:
|----BID-----||----ASK----|
   160 @ 110     95 @ 97
   220 @ 120    150 @ 94
|------------||-----------|

13:52:37.544 [main] INFO  c.gettingstarted.MyAlgoLogic - [MYALGO] Have:6 children, want 45. Adding order for95@97
total order count is 6
13:52:37.544 [main] INFO  c.container.Actioner - [ALGO] Actioner, sending action:CreateChildOrder(side=BUY,quantity=95,price=97)
13:52:37.544 [main] INFO  c.sequencer.consumer.LoggingConsumer - [8] [CreateOrder](sbeTemplateId=4|sbeSchemaId=2|sbeSchemaVersion=0|sbeBlockLength=33):instrumentId=0|price=97|quantity=95|side=BUY|orderId=8
13:52:37.545 [main] INFO  c.gettingstarted.MyAlgoLogic - [MYALGO] The state of the order book is:
|----BID-----||----ASK----|
   160 @ 110     95 @ 97
   220 @ 120    150 @ 94
|------------||-----------|

13:52:37.545 [main] INFO  c.gettingstarted.MyAlgoLogic - [MYALGO] Algo Sees Book as:
|----BID-----||----ASK----|
   160 @ 110     95 @ 97
   220 @ 120    150 @ 94
|------------||-----------|

13:52:37.545 [main] INFO  c.gettingstarted.MyAlgoLogic - [MYALGO] Have:7 children, want 45. Adding order for95@97
total order count is 7
13:52:37.545 [main] INFO  c.container.Actioner - [ALGO] Actioner, sending action:CreateChildOrder(side=BUY,quantity=95,price=97)
13:52:37.546 [main] INFO  c.sequencer.consumer.LoggingConsumer - [9] [CreateOrder](sbeTemplateId=4|sbeSchemaId=2|sbeSchemaVersion=0|sbeBlockLength=33):instrumentId=0|price=97|quantity=95|side=BUY|orderId=9
13:52:37.546 [main] INFO  c.gettingstarted.MyAlgoLogic - [MYALGO] The state of the order book is:
|----BID-----||----ASK----|
   160 @ 110     95 @ 97
   220 @ 120    150 @ 94
|------------||-----------|

13:52:37.546 [main] INFO  c.gettingstarted.MyAlgoLogic - [MYALGO] Algo Sees Book as:
|----BID-----||----ASK----|
   160 @ 110     95 @ 97
   220 @ 120    150 @ 94
|------------||-----------|

13:52:37.546 [main] INFO  c.gettingstarted.MyAlgoLogic - [MYALGO] Have:8 children, want 45. Adding order for95@97
total order count is 8
13:52:37.546 [main] INFO  c.container.Actioner - [ALGO] Actioner, sending action:CreateChildOrder(side=BUY,quantity=95,price=97)
13:52:37.546 [main] INFO  c.sequencer.consumer.LoggingConsumer - [10] [CreateOrder](sbeTemplateId=4|sbeSchemaId=2|sbeSchemaVersion=0|sbeBlockLength=33):instrumentId=0|price=97|quantity=95|side=BUY|orderId=10
13:52:37.546 [main] INFO  c.gettingstarted.MyAlgoLogic - [MYALGO] The state of the order book is:
|----BID-----||----ASK----|
   160 @ 110     95 @ 97
   220 @ 120    150 @ 94
|------------||-----------|

13:52:37.546 [main] INFO  c.gettingstarted.MyAlgoLogic - [MYALGO] Algo Sees Book as:
|----BID-----||----ASK----|
   160 @ 110     95 @ 97
   220 @ 120    150 @ 94
|------------||-----------|

13:52:37.546 [main] INFO  c.gettingstarted.MyAlgoLogic - [MYALGO] Have:9 children, want 45. Adding order for95@97
total order count is 9
13:52:37.546 [main] INFO  c.container.Actioner - [ALGO] Actioner, sending action:CreateChildOrder(side=BUY,quantity=95,price=97)
13:52:37.546 [main] INFO  c.sequencer.consumer.LoggingConsumer - [11] [CreateOrder](sbeTemplateId=4|sbeSchemaId=2|sbeSchemaVersion=0|sbeBlockLength=33):instrumentId=0|price=97|quantity=95|side=BUY|orderId=11
13:52:37.546 [main] INFO  c.gettingstarted.MyAlgoLogic - [MYALGO] The state of the order book is:
|----BID-----||----ASK----|
   160 @ 110     95 @ 97
   220 @ 120    150 @ 94
|------------||-----------|

13:52:37.547 [main] INFO  c.gettingstarted.MyAlgoLogic - [MYALGO] Algo Sees Book as:
|----BID-----||----ASK----|
   160 @ 110     95 @ 97
   220 @ 120    150 @ 94
|------------||-----------|

13:52:37.547 [main] INFO  c.gettingstarted.MyAlgoLogic - [MYALGO] Have:10 children, want 45. Adding order for95@97
total order count is 10
13:52:37.547 [main] INFO  c.container.Actioner - [ALGO] Actioner, sending action:CreateChildOrder(side=BUY,quantity=95,price=97)
13:52:37.547 [main] INFO  c.sequencer.consumer.LoggingConsumer - [12] [CreateOrder](sbeTemplateId=4|sbeSchemaId=2|sbeSchemaVersion=0|sbeBlockLength=33):instrumentId=0|price=97|quantity=95|side=BUY|orderId=12
13:52:37.547 [main] INFO  c.gettingstarted.MyAlgoLogic - [MYALGO] The state of the order book is:
|----BID-----||----ASK----|
   160 @ 110     95 @ 97
   220 @ 120    150 @ 94
|------------||-----------|

13:52:37.547 [main] INFO  c.gettingstarted.MyAlgoLogic - [MYALGO] Algo Sees Book as:
|----BID-----||----ASK----|
   160 @ 110     95 @ 97
   220 @ 120    150 @ 94
|------------||-----------|

13:52:37.547 [main] INFO  c.gettingstarted.MyAlgoLogic - [MYALGO] Have:11 children, want 45. Adding order for95@97
total order count is 11
13:52:37.547 [main] INFO  c.container.Actioner - [ALGO] Actioner, sending action:CreateChildOrder(side=BUY,quantity=95,price=97)
13:52:37.547 [main] INFO  c.sequencer.consumer.LoggingConsumer - [13] [CreateOrder](sbeTemplateId=4|sbeSchemaId=2|sbeSchemaVersion=0|sbeBlockLength=33):instrumentId=0|price=97|quantity=95|side=BUY|orderId=13
13:52:37.547 [main] INFO  c.gettingstarted.MyAlgoLogic - [MYALGO] The state of the order book is:
|----BID-----||----ASK----|
   160 @ 110     95 @ 97
   220 @ 120    150 @ 94
|------------||-----------|

13:52:37.547 [main] INFO  c.gettingstarted.MyAlgoLogic - [MYALGO] Algo Sees Book as:
|----BID-----||----ASK----|
   160 @ 110     95 @ 97
   220 @ 120    150 @ 94
|------------||-----------|

13:52:37.547 [main] INFO  c.gettingstarted.MyAlgoLogic - [MYALGO] Have:12 children, want 45. Adding order for95@97
total order count is 12
13:52:37.547 [main] INFO  c.container.Actioner - [ALGO] Actioner, sending action:CreateChildOrder(side=BUY,quantity=95,price=97)
13:52:37.547 [main] INFO  c.sequencer.consumer.LoggingConsumer - [14] [CreateOrder](sbeTemplateId=4|sbeSchemaId=2|sbeSchemaVersion=0|sbeBlockLength=33):instrumentId=0|price=97|quantity=95|side=BUY|orderId=14
13:52:37.547 [main] INFO  c.gettingstarted.MyAlgoLogic - [MYALGO] The state of the order book is:
|----BID-----||----ASK----|
   160 @ 110     95 @ 97
   220 @ 120    150 @ 94
|------------||-----------|

13:52:37.547 [main] INFO  c.gettingstarted.MyAlgoLogic - [MYALGO] Algo Sees Book as:
|----BID-----||----ASK----|
   160 @ 110     95 @ 97
   220 @ 120    150 @ 94
|------------||-----------|

13:52:37.547 [main] INFO  c.gettingstarted.MyAlgoLogic - [MYALGO] Have:13 children, want 45. Adding order for95@97
total order count is 13
13:52:37.547 [main] INFO  c.container.Actioner - [ALGO] Actioner, sending action:CreateChildOrder(side=BUY,quantity=95,price=97)
13:52:37.547 [main] INFO  c.sequencer.consumer.LoggingConsumer - [15] [CreateOrder](sbeTemplateId=4|sbeSchemaId=2|sbeSchemaVersion=0|sbeBlockLength=33):instrumentId=0|price=97|quantity=95|side=BUY|orderId=15
13:52:37.548 [main] INFO  c.gettingstarted.MyAlgoLogic - [MYALGO] The state of the order book is:
|----BID-----||----ASK----|
   160 @ 110     95 @ 97
   220 @ 120    150 @ 94
|------------||-----------|

13:52:37.548 [main] INFO  c.gettingstarted.MyAlgoLogic - [MYALGO] Algo Sees Book as:
|----BID-----||----ASK----|
   160 @ 110     95 @ 97
   220 @ 120    150 @ 94
|------------||-----------|

13:52:37.548 [main] INFO  c.gettingstarted.MyAlgoLogic - [MYALGO] Have:14 children, want 45. Adding order for95@97
total order count is 14
13:52:37.548 [main] INFO  c.container.Actioner - [ALGO] Actioner, sending action:CreateChildOrder(side=BUY,quantity=95,price=97)
13:52:37.548 [main] INFO  c.sequencer.consumer.LoggingConsumer - [16] [CreateOrder](sbeTemplateId=4|sbeSchemaId=2|sbeSchemaVersion=0|sbeBlockLength=33):instrumentId=0|price=97|quantity=95|side=BUY|orderId=16
13:52:37.548 [main] INFO  c.gettingstarted.MyAlgoLogic - [MYALGO] The state of the order book is:
|----BID-----||----ASK----|
   160 @ 110     95 @ 97
   220 @ 120    150 @ 94
|------------||-----------|

13:52:37.549 [main] INFO  c.gettingstarted.MyAlgoLogic - [MYALGO] Algo Sees Book as:
|----BID-----||----ASK----|
   160 @ 110     95 @ 97
   220 @ 120    150 @ 94
|------------||-----------|

13:52:37.549 [main] INFO  c.gettingstarted.MyAlgoLogic - [MYALGO] Have:15 children, want 45. Adding order for95@97
total order count is 15
13:52:37.549 [main] INFO  c.container.Actioner - [ALGO] Actioner, sending action:CreateChildOrder(side=BUY,quantity=95,price=97)
13:52:37.549 [main] INFO  c.sequencer.consumer.LoggingConsumer - [17] [CreateOrder](sbeTemplateId=4|sbeSchemaId=2|sbeSchemaVersion=0|sbeBlockLength=33):instrumentId=0|price=97|quantity=95|side=BUY|orderId=17
13:52:37.549 [main] INFO  c.gettingstarted.MyAlgoLogic - [MYALGO] The state of the order book is:
|----BID-----||----ASK----|
   160 @ 110     95 @ 97
   220 @ 120    150 @ 94
|------------||-----------|

13:52:37.549 [main] INFO  c.gettingstarted.MyAlgoLogic - [MYALGO] Algo Sees Book as:
|----BID-----||----ASK----|
   160 @ 110     95 @ 97
   220 @ 120    150 @ 94
|------------||-----------|

13:52:37.549 [main] INFO  c.gettingstarted.MyAlgoLogic - [MYALGO] Have:16 children, want 45. Adding order for95@97
total order count is 16
13:52:37.549 [main] INFO  c.container.Actioner - [ALGO] Actioner, sending action:CreateChildOrder(side=BUY,quantity=95,price=97)
13:52:37.549 [main] INFO  c.sequencer.consumer.LoggingConsumer - [18] [CreateOrder](sbeTemplateId=4|sbeSchemaId=2|sbeSchemaVersion=0|sbeBlockLength=33):instrumentId=0|price=97|quantity=95|side=BUY|orderId=18
13:52:37.549 [main] INFO  c.gettingstarted.MyAlgoLogic - [MYALGO] The state of the order book is:
|----BID-----||----ASK----|
   160 @ 110     95 @ 97
   220 @ 120    150 @ 94
|------------||-----------|

13:52:37.549 [main] INFO  c.gettingstarted.MyAlgoLogic - [MYALGO] Algo Sees Book as:
|----BID-----||----ASK----|
   160 @ 110     95 @ 97
   220 @ 120    150 @ 94
|------------||-----------|

13:52:37.549 [main] INFO  c.gettingstarted.MyAlgoLogic - [MYALGO] Have:17 children, want 45. Adding order for95@97
total order count is 17
13:52:37.549 [main] INFO  c.container.Actioner - [ALGO] Actioner, sending action:CreateChildOrder(side=BUY,quantity=95,price=97)
13:52:37.549 [main] INFO  c.sequencer.consumer.LoggingConsumer - [19] [CreateOrder](sbeTemplateId=4|sbeSchemaId=2|sbeSchemaVersion=0|sbeBlockLength=33):instrumentId=0|price=97|quantity=95|side=BUY|orderId=19
13:52:37.549 [main] INFO  c.gettingstarted.MyAlgoLogic - [MYALGO] The state of the order book is:
|----BID-----||----ASK----|
   160 @ 110     95 @ 97
   220 @ 120    150 @ 94
|------------||-----------|

13:52:37.549 [main] INFO  c.gettingstarted.MyAlgoLogic - [MYALGO] Algo Sees Book as:
|----BID-----||----ASK----|
   160 @ 110     95 @ 97
   220 @ 120    150 @ 94
|------------||-----------|

13:52:37.549 [main] INFO  c.gettingstarted.MyAlgoLogic - [MYALGO] Have:18 children, want 45. Adding order for95@97
total order count is 18
13:52:37.549 [main] INFO  c.container.Actioner - [ALGO] Actioner, sending action:CreateChildOrder(side=BUY,quantity=95,price=97)
13:52:37.549 [main] INFO  c.sequencer.consumer.LoggingConsumer - [20] [CreateOrder](sbeTemplateId=4|sbeSchemaId=2|sbeSchemaVersion=0|sbeBlockLength=33):instrumentId=0|price=97|quantity=95|side=BUY|orderId=20
13:52:37.549 [main] INFO  c.gettingstarted.MyAlgoLogic - [MYALGO] The state of the order book is:
|----BID-----||----ASK----|
   160 @ 110     95 @ 97
   220 @ 120    150 @ 94
|------------||-----------|

13:52:37.550 [main] INFO  c.gettingstarted.MyAlgoLogic - [MYALGO] Algo Sees Book as:
|----BID-----||----ASK----|
   160 @ 110     95 @ 97
   220 @ 120    150 @ 94
|------------||-----------|

13:52:37.550 [main] INFO  c.gettingstarted.MyAlgoLogic - [MYALGO] Have:19 children, want 45. Adding order for95@97
total order count is 19
13:52:37.550 [main] INFO  c.container.Actioner - [ALGO] Actioner, sending action:CreateChildOrder(side=BUY,quantity=95,price=97)
13:52:37.550 [main] INFO  c.sequencer.consumer.LoggingConsumer - [21] [CreateOrder](sbeTemplateId=4|sbeSchemaId=2|sbeSchemaVersion=0|sbeBlockLength=33):instrumentId=0|price=97|quantity=95|side=BUY|orderId=21
13:52:37.550 [main] INFO  c.gettingstarted.MyAlgoLogic - [MYALGO] The state of the order book is:
|----BID-----||----ASK----|
   160 @ 110     95 @ 97
   220 @ 120    150 @ 94
|------------||-----------|

13:52:37.550 [main] INFO  c.gettingstarted.MyAlgoLogic - [MYALGO] Algo Sees Book as:
|----BID-----||----ASK----|
   160 @ 110     95 @ 97
   220 @ 120    150 @ 94
|------------||-----------|

13:52:37.550 [main] INFO  c.gettingstarted.MyAlgoLogic - [MYALGO] Have:20 children, want 45. Adding order for95@97
total order count is 20
13:52:37.550 [main] INFO  c.container.Actioner - [ALGO] Actioner, sending action:CreateChildOrder(side=BUY,quantity=95,price=97)
13:52:37.550 [main] INFO  c.sequencer.consumer.LoggingConsumer - [22] [CreateOrder](sbeTemplateId=4|sbeSchemaId=2|sbeSchemaVersion=0|sbeBlockLength=33):instrumentId=0|price=97|quantity=95|side=BUY|orderId=22
13:52:37.550 [main] INFO  c.gettingstarted.MyAlgoLogic - [MYALGO] The state of the order book is:
|----BID-----||----ASK----|
   160 @ 110     95 @ 97
   220 @ 120    150 @ 94
|------------||-----------|

13:52:37.550 [main] INFO  c.gettingstarted.MyAlgoLogic - [MYALGO] Algo Sees Book as:
|----BID-----||----ASK----|
   160 @ 110     95 @ 97
   220 @ 120    150 @ 94
|------------||-----------|

13:52:37.550 [main] INFO  c.gettingstarted.MyAlgoLogic - [MYALGO] Have:21 children, want 45. Adding order for95@97
total order count is 21
13:52:37.550 [main] INFO  c.container.Actioner - [ALGO] Actioner, sending action:CreateChildOrder(side=BUY,quantity=95,price=97)
13:52:37.550 [main] INFO  c.sequencer.consumer.LoggingConsumer - [23] [CreateOrder](sbeTemplateId=4|sbeSchemaId=2|sbeSchemaVersion=0|sbeBlockLength=33):instrumentId=0|price=97|quantity=95|side=BUY|orderId=23
13:52:37.550 [main] INFO  c.gettingstarted.MyAlgoLogic - [MYALGO] The state of the order book is:
|----BID-----||----ASK----|
   160 @ 110     95 @ 97
   220 @ 120    150 @ 94
|------------||-----------|

13:52:37.550 [main] INFO  c.gettingstarted.MyAlgoLogic - [MYALGO] Algo Sees Book as:
|----BID-----||----ASK----|
   160 @ 110     95 @ 97
   220 @ 120    150 @ 94
|------------||-----------|

13:52:37.550 [main] INFO  c.gettingstarted.MyAlgoLogic - [MYALGO] Have:22 children, want 45. Adding order for95@97
total order count is 22
13:52:37.550 [main] INFO  c.container.Actioner - [ALGO] Actioner, sending action:CreateChildOrder(side=BUY,quantity=95,price=97)
13:52:37.550 [main] INFO  c.sequencer.consumer.LoggingConsumer - [24] [CreateOrder](sbeTemplateId=4|sbeSchemaId=2|sbeSchemaVersion=0|sbeBlockLength=33):instrumentId=0|price=97|quantity=95|side=BUY|orderId=24
13:52:37.550 [main] INFO  c.gettingstarted.MyAlgoLogic - [MYALGO] The state of the order book is:
|----BID-----||----ASK----|
   160 @ 110     95 @ 97
   220 @ 120    150 @ 94
|------------||-----------|

13:52:37.550 [main] INFO  c.gettingstarted.MyAlgoLogic - [MYALGO] Algo Sees Book as:
|----BID-----||----ASK----|
   160 @ 110     95 @ 97
   220 @ 120    150 @ 94
|------------||-----------|

13:52:37.550 [main] INFO  c.gettingstarted.MyAlgoLogic - [MYALGO] Have:23 children, want 45. Adding order for95@97
total order count is 23
13:52:37.550 [main] INFO  c.container.Actioner - [ALGO] Actioner, sending action:CreateChildOrder(side=BUY,quantity=95,price=97)
13:52:37.550 [main] INFO  c.sequencer.consumer.LoggingConsumer - [25] [CreateOrder](sbeTemplateId=4|sbeSchemaId=2|sbeSchemaVersion=0|sbeBlockLength=33):instrumentId=0|price=97|quantity=95|side=BUY|orderId=25
13:52:37.550 [main] INFO  c.gettingstarted.MyAlgoLogic - [MYALGO] The state of the order book is:
|----BID-----||----ASK----|
   160 @ 110     95 @ 97
   220 @ 120    150 @ 94
|------------||-----------|

13:52:37.550 [main] INFO  c.gettingstarted.MyAlgoLogic - [MYALGO] Algo Sees Book as:
|----BID-----||----ASK----|
   160 @ 110     95 @ 97
   220 @ 120    150 @ 94
|------------||-----------|

13:52:37.550 [main] INFO  c.gettingstarted.MyAlgoLogic - [MYALGO] Have:24 children, want 45. Adding order for95@97
total order count is 24
13:52:37.550 [main] INFO  c.container.Actioner - [ALGO] Actioner, sending action:CreateChildOrder(side=BUY,quantity=95,price=97)
13:52:37.550 [main] INFO  c.sequencer.consumer.LoggingConsumer - [26] [CreateOrder](sbeTemplateId=4|sbeSchemaId=2|sbeSchemaVersion=0|sbeBlockLength=33):instrumentId=0|price=97|quantity=95|side=BUY|orderId=26
13:52:37.550 [main] INFO  c.gettingstarted.MyAlgoLogic - [MYALGO] The state of the order book is:
|----BID-----||----ASK----|
   160 @ 110     95 @ 97
   220 @ 120    150 @ 94
|------------||-----------|

13:52:37.550 [main] INFO  c.gettingstarted.MyAlgoLogic - [MYALGO] Algo Sees Book as:
|----BID-----||----ASK----|
   160 @ 110     95 @ 97
   220 @ 120    150 @ 94
|------------||-----------|

13:52:37.550 [main] INFO  c.gettingstarted.MyAlgoLogic - [MYALGO] Have:25 children, want 45. Adding order for95@97
total order count is 25
13:52:37.550 [main] INFO  c.container.Actioner - [ALGO] Actioner, sending action:CreateChildOrder(side=BUY,quantity=95,price=97)
13:52:37.550 [main] INFO  c.sequencer.consumer.LoggingConsumer - [27] [CreateOrder](sbeTemplateId=4|sbeSchemaId=2|sbeSchemaVersion=0|sbeBlockLength=33):instrumentId=0|price=97|quantity=95|side=BUY|orderId=27
13:52:37.550 [main] INFO  c.gettingstarted.MyAlgoLogic - [MYALGO] The state of the order book is:
|----BID-----||----ASK----|
   160 @ 110     95 @ 97
   220 @ 120    150 @ 94
|------------||-----------|

13:52:37.550 [main] INFO  c.gettingstarted.MyAlgoLogic - [MYALGO] Algo Sees Book as:
|----BID-----||----ASK----|
   160 @ 110     95 @ 97
   220 @ 120    150 @ 94
|------------||-----------|

13:52:37.550 [main] INFO  c.gettingstarted.MyAlgoLogic - [MYALGO] Have:26 children, want 45. Adding order for95@97
total order count is 26
13:52:37.550 [main] INFO  c.container.Actioner - [ALGO] Actioner, sending action:CreateChildOrder(side=BUY,quantity=95,price=97)
13:52:37.550 [main] INFO  c.sequencer.consumer.LoggingConsumer - [28] [CreateOrder](sbeTemplateId=4|sbeSchemaId=2|sbeSchemaVersion=0|sbeBlockLength=33):instrumentId=0|price=97|quantity=95|side=BUY|orderId=28
13:52:37.550 [main] INFO  c.gettingstarted.MyAlgoLogic - [MYALGO] The state of the order book is:
|----BID-----||----ASK----|
   160 @ 110     95 @ 97
   220 @ 120    150 @ 94
|------------||-----------|

13:52:37.550 [main] INFO  c.gettingstarted.MyAlgoLogic - [MYALGO] Algo Sees Book as:
|----BID-----||----ASK----|
   160 @ 110     95 @ 97
   220 @ 120    150 @ 94
|------------||-----------|

13:52:37.550 [main] INFO  c.gettingstarted.MyAlgoLogic - [MYALGO] Have:27 children, want 45. Adding order for95@97
total order count is 27
13:52:37.550 [main] INFO  c.container.Actioner - [ALGO] Actioner, sending action:CreateChildOrder(side=BUY,quantity=95,price=97)
13:52:37.551 [main] INFO  c.sequencer.consumer.LoggingConsumer - [29] [CreateOrder](sbeTemplateId=4|sbeSchemaId=2|sbeSchemaVersion=0|sbeBlockLength=33):instrumentId=0|price=97|quantity=95|side=BUY|orderId=29
13:52:37.551 [main] INFO  c.gettingstarted.MyAlgoLogic - [MYALGO] The state of the order book is:
|----BID-----||----ASK----|
   160 @ 110     95 @ 97
   220 @ 120    150 @ 94
|------------||-----------|

13:52:37.551 [main] INFO  c.gettingstarted.MyAlgoLogic - [MYALGO] Algo Sees Book as:
|----BID-----||----ASK----|
   160 @ 110     95 @ 97
   220 @ 120    150 @ 94
|------------||-----------|

13:52:37.551 [main] INFO  c.gettingstarted.MyAlgoLogic - [MYALGO] Have:28 children, want 45. Adding order for95@97
total order count is 28
13:52:37.551 [main] INFO  c.container.Actioner - [ALGO] Actioner, sending action:CreateChildOrder(side=BUY,quantity=95,price=97)
13:52:37.551 [main] INFO  c.sequencer.consumer.LoggingConsumer - [30] [CreateOrder](sbeTemplateId=4|sbeSchemaId=2|sbeSchemaVersion=0|sbeBlockLength=33):instrumentId=0|price=97|quantity=95|side=BUY|orderId=30
13:52:37.551 [main] INFO  c.gettingstarted.MyAlgoLogic - [MYALGO] The state of the order book is:
|----BID-----||----ASK----|
   160 @ 110     95 @ 97
   220 @ 120    150 @ 94
|------------||-----------|

13:52:37.551 [main] INFO  c.gettingstarted.MyAlgoLogic - [MYALGO] Algo Sees Book as:
|----BID-----||----ASK----|
   160 @ 110     95 @ 97
   220 @ 120    150 @ 94
|------------||-----------|

13:52:37.551 [main] INFO  c.gettingstarted.MyAlgoLogic - [MYALGO] Have:29 children, want 45. Adding order for95@97
total order count is 29
13:52:37.551 [main] INFO  c.container.Actioner - [ALGO] Actioner, sending action:CreateChildOrder(side=BUY,quantity=95,price=97)
13:52:37.551 [main] INFO  c.sequencer.consumer.LoggingConsumer - [31] [CreateOrder](sbeTemplateId=4|sbeSchemaId=2|sbeSchemaVersion=0|sbeBlockLength=33):instrumentId=0|price=97|quantity=95|side=BUY|orderId=31
13:52:37.551 [main] INFO  c.gettingstarted.MyAlgoLogic - [MYALGO] The state of the order book is:
|----BID-----||----ASK----|
   160 @ 110     95 @ 97
   220 @ 120    150 @ 94
|------------||-----------|

13:52:37.551 [main] INFO  c.gettingstarted.MyAlgoLogic - [MYALGO] Algo Sees Book as:
|----BID-----||----ASK----|
   160 @ 110     95 @ 97
   220 @ 120    150 @ 94
|------------||-----------|

13:52:37.551 [main] INFO  c.gettingstarted.MyAlgoLogic - [MYALGO] Have:30 children, want 45. Adding order for95@97
total order count is 30
13:52:37.551 [main] INFO  c.container.Actioner - [ALGO] Actioner, sending action:CreateChildOrder(side=BUY,quantity=95,price=97)
13:52:37.551 [main] INFO  c.sequencer.consumer.LoggingConsumer - [32] [CreateOrder](sbeTemplateId=4|sbeSchemaId=2|sbeSchemaVersion=0|sbeBlockLength=33):instrumentId=0|price=97|quantity=95|side=BUY|orderId=32
13:52:37.551 [main] INFO  c.gettingstarted.MyAlgoLogic - [MYALGO] The state of the order book is:
|----BID-----||----ASK----|
   160 @ 110     95 @ 97
   220 @ 120    150 @ 94
|------------||-----------|

13:52:37.552 [main] INFO  c.gettingstarted.MyAlgoLogic - [MYALGO] Algo Sees Book as:
|----BID-----||----ASK----|
   160 @ 110     95 @ 97
   220 @ 120    150 @ 94
|------------||-----------|

13:52:37.552 [main] INFO  c.gettingstarted.MyAlgoLogic - [MYALGO] Have:31 children, want 45. Adding order for95@97
total order count is 31
13:52:37.552 [main] INFO  c.container.Actioner - [ALGO] Actioner, sending action:CreateChildOrder(side=BUY,quantity=95,price=97)
13:52:37.552 [main] INFO  c.sequencer.consumer.LoggingConsumer - [33] [CreateOrder](sbeTemplateId=4|sbeSchemaId=2|sbeSchemaVersion=0|sbeBlockLength=33):instrumentId=0|price=97|quantity=95|side=BUY|orderId=33
13:52:37.552 [main] INFO  c.gettingstarted.MyAlgoLogic - [MYALGO] The state of the order book is:
|----BID-----||----ASK----|
   160 @ 110     95 @ 97
   220 @ 120    150 @ 94
|------------||-----------|

13:52:37.552 [main] INFO  c.gettingstarted.MyAlgoLogic - [MYALGO] Algo Sees Book as:
|----BID-----||----ASK----|
   160 @ 110     95 @ 97
   220 @ 120    150 @ 94
|------------||-----------|

13:52:37.552 [main] INFO  c.gettingstarted.MyAlgoLogic - [MYALGO] Have:32 children, want 45. Adding order for95@97
total order count is 32
13:52:37.552 [main] INFO  c.container.Actioner - [ALGO] Actioner, sending action:CreateChildOrder(side=BUY,quantity=95,price=97)
13:52:37.553 [main] INFO  c.sequencer.consumer.LoggingConsumer - [34] [CreateOrder](sbeTemplateId=4|sbeSchemaId=2|sbeSchemaVersion=0|sbeBlockLength=33):instrumentId=0|price=97|quantity=95|side=BUY|orderId=34
13:52:37.553 [main] INFO  c.gettingstarted.MyAlgoLogic - [MYALGO] The state of the order book is:
|----BID-----||----ASK----|
   160 @ 110     95 @ 97
   220 @ 120    150 @ 94
|------------||-----------|

13:52:37.553 [main] INFO  c.gettingstarted.MyAlgoLogic - [MYALGO] Algo Sees Book as:
|----BID-----||----ASK----|
   160 @ 110     95 @ 97
   220 @ 120    150 @ 94
|------------||-----------|

13:52:37.553 [main] INFO  c.gettingstarted.MyAlgoLogic - [MYALGO] Have:33 children, want 45. Adding order for95@97
total order count is 33
13:52:37.553 [main] INFO  c.container.Actioner - [ALGO] Actioner, sending action:CreateChildOrder(side=BUY,quantity=95,price=97)
13:52:37.553 [main] INFO  c.sequencer.consumer.LoggingConsumer - [35] [CreateOrder](sbeTemplateId=4|sbeSchemaId=2|sbeSchemaVersion=0|sbeBlockLength=33):instrumentId=0|price=97|quantity=95|side=BUY|orderId=35
13:52:37.553 [main] INFO  c.gettingstarted.MyAlgoLogic - [MYALGO] The state of the order book is:
|----BID-----||----ASK----|
   160 @ 110     95 @ 97
   220 @ 120    150 @ 94
|------------||-----------|

13:52:37.553 [main] INFO  c.gettingstarted.MyAlgoLogic - [MYALGO] Algo Sees Book as:
|----BID-----||----ASK----|
   160 @ 110     95 @ 97
   220 @ 120    150 @ 94
|------------||-----------|

13:52:37.553 [main] INFO  c.gettingstarted.MyAlgoLogic - [MYALGO] Have:34 children, want 45. Adding order for95@97
total order count is 34
13:52:37.553 [main] INFO  c.container.Actioner - [ALGO] Actioner, sending action:CreateChildOrder(side=BUY,quantity=95,price=97)
13:52:37.553 [main] INFO  c.sequencer.consumer.LoggingConsumer - [36] [CreateOrder](sbeTemplateId=4|sbeSchemaId=2|sbeSchemaVersion=0|sbeBlockLength=33):instrumentId=0|price=97|quantity=95|side=BUY|orderId=36
13:52:37.553 [main] INFO  c.gettingstarted.MyAlgoLogic - [MYALGO] The state of the order book is:
|----BID-----||----ASK----|
   160 @ 110     95 @ 97
   220 @ 120    150 @ 94
|------------||-----------|

13:52:37.553 [main] INFO  c.gettingstarted.MyAlgoLogic - [MYALGO] Algo Sees Book as:
|----BID-----||----ASK----|
   160 @ 110     95 @ 97
   220 @ 120    150 @ 94
|------------||-----------|

13:52:37.553 [main] INFO  c.gettingstarted.MyAlgoLogic - [MYALGO] Have:35 children, want 45. Adding order for95@97
total order count is 35
13:52:37.553 [main] INFO  c.container.Actioner - [ALGO] Actioner, sending action:CreateChildOrder(side=BUY,quantity=95,price=97)
13:52:37.553 [main] INFO  c.sequencer.consumer.LoggingConsumer - [37] [CreateOrder](sbeTemplateId=4|sbeSchemaId=2|sbeSchemaVersion=0|sbeBlockLength=33):instrumentId=0|price=97|quantity=95|side=BUY|orderId=37
13:52:37.553 [main] INFO  c.gettingstarted.MyAlgoLogic - [MYALGO] The state of the order book is:
|----BID-----||----ASK----|
   160 @ 110     95 @ 97
   220 @ 120    150 @ 94
|------------||-----------|

13:52:37.553 [main] INFO  c.gettingstarted.MyAlgoLogic - [MYALGO] Algo Sees Book as:
|----BID-----||----ASK----|
   160 @ 110     95 @ 97
   220 @ 120    150 @ 94
|------------||-----------|

13:52:37.553 [main] INFO  c.gettingstarted.MyAlgoLogic - [MYALGO] Have:36 children, want 45. Adding order for95@97
total order count is 36
13:52:37.553 [main] INFO  c.container.Actioner - [ALGO] Actioner, sending action:CreateChildOrder(side=BUY,quantity=95,price=97)
13:52:37.553 [main] INFO  c.sequencer.consumer.LoggingConsumer - [38] [CreateOrder](sbeTemplateId=4|sbeSchemaId=2|sbeSchemaVersion=0|sbeBlockLength=33):instrumentId=0|price=97|quantity=95|side=BUY|orderId=38
13:52:37.553 [main] INFO  c.gettingstarted.MyAlgoLogic - [MYALGO] The state of the order book is:
|----BID-----||----ASK----|
   160 @ 110     95 @ 97
   220 @ 120    150 @ 94
|------------||-----------|

13:52:37.553 [main] INFO  c.gettingstarted.MyAlgoLogic - [MYALGO] Algo Sees Book as:
|----BID-----||----ASK----|
   160 @ 110     95 @ 97
   220 @ 120    150 @ 94
|------------||-----------|

13:52:37.553 [main] INFO  c.gettingstarted.MyAlgoLogic - [MYALGO] Have:37 children, want 45. Adding order for95@97
total order count is 37
13:52:37.553 [main] INFO  c.container.Actioner - [ALGO] Actioner, sending action:CreateChildOrder(side=BUY,quantity=95,price=97)
13:52:37.553 [main] INFO  c.sequencer.consumer.LoggingConsumer - [39] [CreateOrder](sbeTemplateId=4|sbeSchemaId=2|sbeSchemaVersion=0|sbeBlockLength=33):instrumentId=0|price=97|quantity=95|side=BUY|orderId=39
13:52:37.553 [main] INFO  c.gettingstarted.MyAlgoLogic - [MYALGO] The state of the order book is:
|----BID-----||----ASK----|
   160 @ 110     95 @ 97
   220 @ 120    150 @ 94
|------------||-----------|

13:52:37.553 [main] INFO  c.gettingstarted.MyAlgoLogic - [MYALGO] Algo Sees Book as:
|----BID-----||----ASK----|
   160 @ 110     95 @ 97
   220 @ 120    150 @ 94
|------------||-----------|

13:52:37.553 [main] INFO  c.gettingstarted.MyAlgoLogic - [MYALGO] Have:38 children, want 45. Adding order for95@97
total order count is 38
13:52:37.553 [main] INFO  c.container.Actioner - [ALGO] Actioner, sending action:CreateChildOrder(side=BUY,quantity=95,price=97)
13:52:37.553 [main] INFO  c.sequencer.consumer.LoggingConsumer - [40] [CreateOrder](sbeTemplateId=4|sbeSchemaId=2|sbeSchemaVersion=0|sbeBlockLength=33):instrumentId=0|price=97|quantity=95|side=BUY|orderId=40
13:52:37.553 [main] INFO  c.gettingstarted.MyAlgoLogic - [MYALGO] The state of the order book is:
|----BID-----||----ASK----|
   160 @ 110     95 @ 97
   220 @ 120    150 @ 94
|------------||-----------|

13:52:37.553 [main] INFO  c.gettingstarted.MyAlgoLogic - [MYALGO] Algo Sees Book as:
|----BID-----||----ASK----|
   160 @ 110     95 @ 97
   220 @ 120    150 @ 94
|------------||-----------|

13:52:37.553 [main] INFO  c.gettingstarted.MyAlgoLogic - [MYALGO] Have:39 children, want 45. Adding order for95@97
total order count is 39
13:52:37.553 [main] INFO  c.container.Actioner - [ALGO] Actioner, sending action:CreateChildOrder(side=BUY,quantity=95,price=97)
13:52:37.553 [main] INFO  c.sequencer.consumer.LoggingConsumer - [41] [CreateOrder](sbeTemplateId=4|sbeSchemaId=2|sbeSchemaVersion=0|sbeBlockLength=33):instrumentId=0|price=97|quantity=95|side=BUY|orderId=41
13:52:37.553 [main] INFO  c.gettingstarted.MyAlgoLogic - [MYALGO] The state of the order book is:
|----BID-----||----ASK----|
   160 @ 110     95 @ 97
   220 @ 120    150 @ 94
|------------||-----------|

13:52:37.553 [main] INFO  c.gettingstarted.MyAlgoLogic - [MYALGO] Algo Sees Book as:
|----BID-----||----ASK----|
   160 @ 110     95 @ 97
   220 @ 120    150 @ 94
|------------||-----------|

13:52:37.553 [main] INFO  c.gettingstarted.MyAlgoLogic - [MYALGO] Have:40 children, want 45. Adding order for95@97
total order count is 40
13:52:37.553 [main] INFO  c.container.Actioner - [ALGO] Actioner, sending action:CreateChildOrder(side=BUY,quantity=95,price=97)
13:52:37.553 [main] INFO  c.sequencer.consumer.LoggingConsumer - [42] [CreateOrder](sbeTemplateId=4|sbeSchemaId=2|sbeSchemaVersion=0|sbeBlockLength=33):instrumentId=0|price=97|quantity=95|side=BUY|orderId=42
13:52:37.553 [main] INFO  c.gettingstarted.MyAlgoLogic - [MYALGO] The state of the order book is:
|----BID-----||----ASK----|
   160 @ 110     95 @ 97
   220 @ 120    150 @ 94
|------------||-----------|

13:52:37.553 [main] INFO  c.gettingstarted.MyAlgoLogic - [MYALGO] Algo Sees Book as:
|----BID-----||----ASK----|
   160 @ 110     95 @ 97
   220 @ 120    150 @ 94
|------------||-----------|

13:52:37.553 [main] INFO  c.gettingstarted.MyAlgoLogic - [MYALGO] Have:41 children, want 45. Adding order for95@97
total order count is 41
13:52:37.553 [main] INFO  c.container.Actioner - [ALGO] Actioner, sending action:CreateChildOrder(side=BUY,quantity=95,price=97)
13:52:37.553 [main] INFO  c.sequencer.consumer.LoggingConsumer - [43] [CreateOrder](sbeTemplateId=4|sbeSchemaId=2|sbeSchemaVersion=0|sbeBlockLength=33):instrumentId=0|price=97|quantity=95|side=BUY|orderId=43
13:52:37.554 [main] INFO  c.gettingstarted.MyAlgoLogic - [MYALGO] The state of the order book is:
|----BID-----||----ASK----|
   160 @ 110     95 @ 97
   220 @ 120    150 @ 94
|------------||-----------|

13:52:37.554 [main] INFO  c.gettingstarted.MyAlgoLogic - [MYALGO] Algo Sees Book as:
|----BID-----||----ASK----|
   160 @ 110     95 @ 97
   220 @ 120    150 @ 94
|------------||-----------|

13:52:37.554 [main] INFO  c.gettingstarted.MyAlgoLogic - [MYALGO] Have:42 children, want 45. Adding order for95@97
total order count is 42
13:52:37.554 [main] INFO  c.container.Actioner - [ALGO] Actioner, sending action:CreateChildOrder(side=BUY,quantity=95,price=97)
13:52:37.554 [main] INFO  c.sequencer.consumer.LoggingConsumer - [44] [CreateOrder](sbeTemplateId=4|sbeSchemaId=2|sbeSchemaVersion=0|sbeBlockLength=33):instrumentId=0|price=97|quantity=95|side=BUY|orderId=44
13:52:37.554 [main] INFO  c.gettingstarted.MyAlgoLogic - [MYALGO] The state of the order book is:
|----BID-----||----ASK----|
   160 @ 110     95 @ 97
   220 @ 120    150 @ 94
|------------||-----------|

13:52:37.554 [main] INFO  c.gettingstarted.MyAlgoLogic - [MYALGO] Algo Sees Book as:
|----BID-----||----ASK----|
   160 @ 110     95 @ 97
   220 @ 120    150 @ 94
|------------||-----------|

13:52:37.554 [main] INFO  c.gettingstarted.MyAlgoLogic - [MYALGO] Have:43 children, want 45. Adding order for95@97
total order count is 43
13:52:37.554 [main] INFO  c.container.Actioner - [ALGO] Actioner, sending action:CreateChildOrder(side=BUY,quantity=95,price=97)
13:52:37.554 [main] INFO  c.sequencer.consumer.LoggingConsumer - [45] [CreateOrder](sbeTemplateId=4|sbeSchemaId=2|sbeSchemaVersion=0|sbeBlockLength=33):instrumentId=0|price=97|quantity=95|side=BUY|orderId=45
13:52:37.554 [main] INFO  c.gettingstarted.MyAlgoLogic - [MYALGO] The state of the order book is:
|----BID-----||----ASK----|
   160 @ 110     95 @ 97
   220 @ 120    150 @ 94
|------------||-----------|

13:52:37.554 [main] INFO  c.gettingstarted.MyAlgoLogic - [MYALGO] Algo Sees Book as:
|----BID-----||----ASK----|
   160 @ 110     95 @ 97
   220 @ 120    150 @ 94
|------------||-----------|

13:52:37.554 [main] INFO  c.gettingstarted.MyAlgoLogic - [MYALGO] Have:44 children, want 45. Adding order for95@97
total order count is 44
13:52:37.554 [main] INFO  c.container.Actioner - [ALGO] Actioner, sending action:CreateChildOrder(side=BUY,quantity=95,price=97)
13:52:37.554 [main] INFO  c.sequencer.consumer.LoggingConsumer - [46] [CreateOrder](sbeTemplateId=4|sbeSchemaId=2|sbeSchemaVersion=0|sbeBlockLength=33):instrumentId=0|price=97|quantity=95|side=BUY|orderId=46
13:52:37.554 [main] INFO  c.gettingstarted.MyAlgoLogic - [MYALGO] The state of the order book is:
|----BID-----||----ASK----|
   160 @ 110     95 @ 97
   220 @ 120    150 @ 94
|------------||-----------|

13:52:37.554 [main] INFO  c.gettingstarted.MyAlgoLogic - [MYALGO] Algo Sees Book as:
|----BID-----||----ASK----|
   160 @ 110     95 @ 97
   220 @ 120    150 @ 94
|------------||-----------|

13:52:37.554 [main] INFO  c.gettingstarted.MyAlgoLogic - [MYALGO] Have:45 children, want 5, done.
13:52:37.554 [main] INFO  c.gettingstarted.MyAlgoLogic - [MYALGO] active orders are 45
13:52:37.554 [main] INFO  c.gettingstarted.MyAlgoLogic - [MYALGO] Cancelling order:codingblackfemales.sotw.ChildOrder@57250572
13:52:37.554 [main] INFO  c.gettingstarted.MyAlgoLogic - [MYALGO] option is present, number of active orders are 45
13:52:37.554 [main] INFO  c.container.Actioner - [ALGO] Actioner, sending action:CancelChildOrder(codingblackfemales.sotw.ChildOrder@57250572)
13:52:37.554 [main] INFO  c.sequencer.consumer.LoggingConsumer - [47] [CancelOrder](sbeTemplateId=5|sbeSchemaId=2|sbeSchemaVersion=0|sbeBlockLength=8):orderId=2
13:52:37.554 [main] INFO  c.gettingstarted.MyAlgoLogic - [MYALGO] The state of the order book is:
|----BID-----||----ASK----|
   160 @ 110     95 @ 97
   220 @ 120    150 @ 94
|------------||-----------|

13:52:37.554 [main] INFO  c.gettingstarted.MyAlgoLogic - [MYALGO] Algo Sees Book as:
|----BID-----||----ASK----|
   160 @ 110     95 @ 97
   220 @ 120    150 @ 94
|------------||-----------|

13:52:37.554 [main] INFO  c.gettingstarted.MyAlgoLogic - [MYALGO] Have:44 children, want 5, done.
13:52:37.554 [main] INFO  c.gettingstarted.MyAlgoLogic - [MYALGO] active orders are 44
13:52:37.554 [main] INFO  c.gettingstarted.MyAlgoLogic - [MYALGO] Cancelling order:codingblackfemales.sotw.ChildOrder@5609159b
13:52:37.554 [main] INFO  c.gettingstarted.MyAlgoLogic - [MYALGO] option is present, number of active orders are 44
13:52:37.554 [main] INFO  c.container.Actioner - [ALGO] Actioner, sending action:CancelChildOrder(codingblackfemales.sotw.ChildOrder@5609159b)
13:52:37.554 [main] INFO  c.sequencer.consumer.LoggingConsumer - [48] [CancelOrder](sbeTemplateId=5|sbeSchemaId=2|sbeSchemaVersion=0|sbeBlockLength=8):orderId=3
13:52:37.554 [main] INFO  c.gettingstarted.MyAlgoLogic - [MYALGO] The state of the order book is:
|----BID-----||----ASK----|
   160 @ 110     95 @ 97
   220 @ 120    150 @ 94
|------------||-----------|

13:52:37.555 [main] INFO  c.gettingstarted.MyAlgoLogic - [MYALGO] Algo Sees Book as:
|----BID-----||----ASK----|
   160 @ 110     95 @ 97
   220 @ 120    150 @ 94
|------------||-----------|

13:52:37.555 [main] INFO  c.gettingstarted.MyAlgoLogic - [MYALGO] Have:43 children, want 5, done.
13:52:37.555 [main] INFO  c.gettingstarted.MyAlgoLogic - [MYALGO] active orders are 43
13:52:37.555 [main] INFO  c.gettingstarted.MyAlgoLogic - [MYALGO] Cancelling order:codingblackfemales.sotw.ChildOrder@2118cddf
13:52:37.555 [main] INFO  c.gettingstarted.MyAlgoLogic - [MYALGO] option is present, number of active orders are 43
13:52:37.555 [main] INFO  c.container.Actioner - [ALGO] Actioner, sending action:CancelChildOrder(codingblackfemales.sotw.ChildOrder@2118cddf)
13:52:37.555 [main] INFO  c.sequencer.consumer.LoggingConsumer - [49] [CancelOrder](sbeTemplateId=5|sbeSchemaId=2|sbeSchemaVersion=0|sbeBlockLength=8):orderId=4
13:52:37.556 [main] INFO  c.gettingstarted.MyAlgoLogic - [MYALGO] The state of the order book is:
|----BID-----||----ASK----|
   160 @ 110     95 @ 97
   220 @ 120    150 @ 94
|------------||-----------|

13:52:37.560 [main] INFO  c.gettingstarted.MyAlgoLogic - [MYALGO] Algo Sees Book as:
|----BID-----||----ASK----|
   160 @ 110     95 @ 97
   220 @ 120    150 @ 94
|------------||-----------|

13:52:37.560 [main] INFO  c.gettingstarted.MyAlgoLogic - [MYALGO] Have:42 children, want 5, done.
13:52:37.560 [main] INFO  c.gettingstarted.MyAlgoLogic - [MYALGO] active orders are 42
13:52:37.560 [main] INFO  c.gettingstarted.MyAlgoLogic - [MYALGO] Cancelling order:codingblackfemales.sotw.ChildOrder@17a7f733
13:52:37.560 [main] INFO  c.gettingstarted.MyAlgoLogic - [MYALGO] option is present, number of active orders are 42
13:52:37.560 [main] INFO  c.container.Actioner - [ALGO] Actioner, sending action:CancelChildOrder(codingblackfemales.sotw.ChildOrder@17a7f733)
13:52:37.560 [main] INFO  c.sequencer.consumer.LoggingConsumer - [50] [CancelOrder](sbeTemplateId=5|sbeSchemaId=2|sbeSchemaVersion=0|sbeBlockLength=8):orderId=5
13:52:37.560 [main] INFO  c.gettingstarted.MyAlgoLogic - [MYALGO] The state of the order book is:
|----BID-----||----ASK----|
   160 @ 110     95 @ 97
   220 @ 120    150 @ 94
|------------||-----------|

13:52:37.560 [main] INFO  c.gettingstarted.MyAlgoLogic - [MYALGO] Algo Sees Book as:
|----BID-----||----ASK----|
   160 @ 110     95 @ 97
   220 @ 120    150 @ 94
|------------||-----------|

13:52:37.560 [main] INFO  c.gettingstarted.MyAlgoLogic - [MYALGO] Have:41 children, want 5, done.
13:52:37.560 [main] INFO  c.gettingstarted.MyAlgoLogic - [MYALGO] active orders are 41
13:52:37.560 [main] INFO  c.gettingstarted.MyAlgoLogic - [MYALGO] Cancelling order:codingblackfemales.sotw.ChildOrder@68567e20
13:52:37.560 [main] INFO  c.gettingstarted.MyAlgoLogic - [MYALGO] option is present, number of active orders are 41
13:52:37.560 [main] INFO  c.container.Actioner - [ALGO] Actioner, sending action:CancelChildOrder(codingblackfemales.sotw.ChildOrder@68567e20)
13:52:37.560 [main] INFO  c.sequencer.consumer.LoggingConsumer - [51] [CancelOrder](sbeTemplateId=5|sbeSchemaId=2|sbeSchemaVersion=0|sbeBlockLength=8):orderId=6
13:52:37.560 [main] INFO  c.gettingstarted.MyAlgoLogic - [MYALGO] The state of the order book is:
|----BID-----||----ASK----|
   160 @ 110     95 @ 97
   220 @ 120    150 @ 94
|------------||-----------|

13:52:37.560 [main] INFO  c.gettingstarted.MyAlgoLogic - [MYALGO] Algo Sees Book as:
|----BID-----||----ASK----|
   160 @ 110     95 @ 97
   220 @ 120    150 @ 94
|------------||-----------|

13:52:37.560 [main] INFO  c.gettingstarted.MyAlgoLogic - [MYALGO] Have:40 children, want 5, done.
13:52:37.560 [main] INFO  c.gettingstarted.MyAlgoLogic - [MYALGO] active orders are 40
13:52:37.560 [main] INFO  c.gettingstarted.MyAlgoLogic - [MYALGO] Cancelling order:codingblackfemales.sotw.ChildOrder@76ed1b7c
13:52:37.560 [main] INFO  c.gettingstarted.MyAlgoLogic - [MYALGO] option is present, number of active orders are 40
13:52:37.560 [main] INFO  c.container.Actioner - [ALGO] Actioner, sending action:CancelChildOrder(codingblackfemales.sotw.ChildOrder@76ed1b7c)
13:52:37.560 [main] INFO  c.sequencer.consumer.LoggingConsumer - [52] [CancelOrder](sbeTemplateId=5|sbeSchemaId=2|sbeSchemaVersion=0|sbeBlockLength=8):orderId=7
13:52:37.560 [main] INFO  c.gettingstarted.MyAlgoLogic - [MYALGO] The state of the order book is:
|----BID-----||----ASK----|
   160 @ 110     95 @ 97
   220 @ 120    150 @ 94
|------------||-----------|

13:52:37.561 [main] INFO  c.gettingstarted.MyAlgoLogic - [MYALGO] Algo Sees Book as:
|----BID-----||----ASK----|
   160 @ 110     95 @ 97
   220 @ 120    150 @ 94
|------------||-----------|

13:52:37.561 [main] INFO  c.gettingstarted.MyAlgoLogic - [MYALGO] Have:39 children, want 5, done.
13:52:37.561 [main] INFO  c.gettingstarted.MyAlgoLogic - [MYALGO] active orders are 39
13:52:37.561 [main] INFO  c.gettingstarted.MyAlgoLogic - [MYALGO] Cancelling order:codingblackfemales.sotw.ChildOrder@11fc564b
13:52:37.561 [main] INFO  c.gettingstarted.MyAlgoLogic - [MYALGO] option is present, number of active orders are 39
13:52:37.561 [main] INFO  c.container.Actioner - [ALGO] Actioner, sending action:CancelChildOrder(codingblackfemales.sotw.ChildOrder@11fc564b)
13:52:37.561 [main] INFO  c.sequencer.consumer.LoggingConsumer - [53] [CancelOrder](sbeTemplateId=5|sbeSchemaId=2|sbeSchemaVersion=0|sbeBlockLength=8):orderId=8
13:52:37.561 [main] INFO  c.gettingstarted.MyAlgoLogic - [MYALGO] The state of the order book is:
|----BID-----||----ASK----|
   160 @ 110     95 @ 97
   220 @ 120    150 @ 94
|------------||-----------|

13:52:37.561 [main] INFO  c.gettingstarted.MyAlgoLogic - [MYALGO] Algo Sees Book as:
|----BID-----||----ASK----|
   160 @ 110     95 @ 97
   220 @ 120    150 @ 94
|------------||-----------|

13:52:37.561 [main] INFO  c.gettingstarted.MyAlgoLogic - [MYALGO] Have:38 children, want 5, done.
13:52:37.561 [main] INFO  c.gettingstarted.MyAlgoLogic - [MYALGO] active orders are 38
13:52:37.561 [main] INFO  c.gettingstarted.MyAlgoLogic - [MYALGO] Cancelling order:codingblackfemales.sotw.ChildOrder@394a2528
13:52:37.561 [main] INFO  c.gettingstarted.MyAlgoLogic - [MYALGO] option is present, number of active orders are 38
13:52:37.561 [main] INFO  c.container.Actioner - [ALGO] Actioner, sending action:CancelChildOrder(codingblackfemales.sotw.ChildOrder@394a2528)
13:52:37.561 [main] INFO  c.sequencer.consumer.LoggingConsumer - [54] [CancelOrder](sbeTemplateId=5|sbeSchemaId=2|sbeSchemaVersion=0|sbeBlockLength=8):orderId=9
13:52:37.561 [main] INFO  c.gettingstarted.MyAlgoLogic - [MYALGO] The state of the order book is:
|----BID-----||----ASK----|
   160 @ 110     95 @ 97
   220 @ 120    150 @ 94
|------------||-----------|

13:52:37.561 [main] INFO  c.gettingstarted.MyAlgoLogic - [MYALGO] Algo Sees Book as:
|----BID-----||----ASK----|
   160 @ 110     95 @ 97
   220 @ 120    150 @ 94
|------------||-----------|

13:52:37.561 [main] INFO  c.gettingstarted.MyAlgoLogic - [MYALGO] Have:37 children, want 5, done.
13:52:37.561 [main] INFO  c.gettingstarted.MyAlgoLogic - [MYALGO] active orders are 37
13:52:37.561 [main] INFO  c.gettingstarted.MyAlgoLogic - [MYALGO] Cancelling order:codingblackfemales.sotw.ChildOrder@6236eb5f
13:52:37.561 [main] INFO  c.gettingstarted.MyAlgoLogic - [MYALGO] option is present, number of active orders are 37
13:52:37.561 [main] INFO  c.container.Actioner - [ALGO] Actioner, sending action:CancelChildOrder(codingblackfemales.sotw.ChildOrder@6236eb5f)
13:52:37.561 [main] INFO  c.sequencer.consumer.LoggingConsumer - [55] [CancelOrder](sbeTemplateId=5|sbeSchemaId=2|sbeSchemaVersion=0|sbeBlockLength=8):orderId=10
13:52:37.561 [main] INFO  c.gettingstarted.MyAlgoLogic - [MYALGO] The state of the order book is:
|----BID-----||----ASK----|
   160 @ 110     95 @ 97
   220 @ 120    150 @ 94
|------------||-----------|

13:52:37.561 [main] INFO  c.gettingstarted.MyAlgoLogic - [MYALGO] Algo Sees Book as:
|----BID-----||----ASK----|
   160 @ 110     95 @ 97
   220 @ 120    150 @ 94
|------------||-----------|

13:52:37.561 [main] INFO  c.gettingstarted.MyAlgoLogic - [MYALGO] Have:36 children, want 5, done.
13:52:37.561 [main] INFO  c.gettingstarted.MyAlgoLogic - [MYALGO] active orders are 36
13:52:37.561 [main] INFO  c.gettingstarted.MyAlgoLogic - [MYALGO] Cancelling order:codingblackfemales.sotw.ChildOrder@7c1e2a9e
13:52:37.561 [main] INFO  c.gettingstarted.MyAlgoLogic - [MYALGO] option is present, number of active orders are 36
13:52:37.561 [main] INFO  c.container.Actioner - [ALGO] Actioner, sending action:CancelChildOrder(codingblackfemales.sotw.ChildOrder@7c1e2a9e)
13:52:37.561 [main] INFO  c.sequencer.consumer.LoggingConsumer - [56] [CancelOrder](sbeTemplateId=5|sbeSchemaId=2|sbeSchemaVersion=0|sbeBlockLength=8):orderId=11
13:52:37.561 [main] INFO  c.gettingstarted.MyAlgoLogic - [MYALGO] The state of the order book is:
|----BID-----||----ASK----|
   160 @ 110     95 @ 97
   220 @ 120    150 @ 94
|------------||-----------|

13:52:37.561 [main] INFO  c.gettingstarted.MyAlgoLogic - [MYALGO] Algo Sees Book as:
|----BID-----||----ASK----|
   160 @ 110     95 @ 97
   220 @ 120    150 @ 94
|------------||-----------|

13:52:37.561 [main] INFO  c.gettingstarted.MyAlgoLogic - [MYALGO] Have:35 children, want 5, done.
13:52:37.561 [main] INFO  c.gettingstarted.MyAlgoLogic - [MYALGO] active orders are 35
13:52:37.561 [main] INFO  c.gettingstarted.MyAlgoLogic - [MYALGO] Cancelling order:codingblackfemales.sotw.ChildOrder@fa36558
13:52:37.561 [main] INFO  c.gettingstarted.MyAlgoLogic - [MYALGO] option is present, number of active orders are 35
13:52:37.561 [main] INFO  c.container.Actioner - [ALGO] Actioner, sending action:CancelChildOrder(codingblackfemales.sotw.ChildOrder@fa36558)
13:52:37.561 [main] INFO  c.sequencer.consumer.LoggingConsumer - [57] [CancelOrder](sbeTemplateId=5|sbeSchemaId=2|sbeSchemaVersion=0|sbeBlockLength=8):orderId=12
13:52:37.561 [main] INFO  c.gettingstarted.MyAlgoLogic - [MYALGO] The state of the order book is:
|----BID-----||----ASK----|
   160 @ 110     95 @ 97
   220 @ 120    150 @ 94
|------------||-----------|

13:52:37.561 [main] INFO  c.gettingstarted.MyAlgoLogic - [MYALGO] Algo Sees Book as:
|----BID-----||----ASK----|
   160 @ 110     95 @ 97
   220 @ 120    150 @ 94
|------------||-----------|

13:52:37.562 [main] INFO  c.gettingstarted.MyAlgoLogic - [MYALGO] Have:34 children, want 5, done.
13:52:37.562 [main] INFO  c.gettingstarted.MyAlgoLogic - [MYALGO] active orders are 34
13:52:37.562 [main] INFO  c.gettingstarted.MyAlgoLogic - [MYALGO] Cancelling order:codingblackfemales.sotw.ChildOrder@672872e1
13:52:37.562 [main] INFO  c.gettingstarted.MyAlgoLogic - [MYALGO] option is present, number of active orders are 34
13:52:37.562 [main] INFO  c.container.Actioner - [ALGO] Actioner, sending action:CancelChildOrder(codingblackfemales.sotw.ChildOrder@672872e1)
13:52:37.562 [main] INFO  c.sequencer.consumer.LoggingConsumer - [58] [CancelOrder](sbeTemplateId=5|sbeSchemaId=2|sbeSchemaVersion=0|sbeBlockLength=8):orderId=13
13:52:37.562 [main] INFO  c.gettingstarted.MyAlgoLogic - [MYALGO] The state of the order book is:
|----BID-----||----ASK----|
   160 @ 110     95 @ 97
   220 @ 120    150 @ 94
|------------||-----------|

13:52:37.562 [main] INFO  c.gettingstarted.MyAlgoLogic - [MYALGO] Algo Sees Book as:
|----BID-----||----ASK----|
   160 @ 110     95 @ 97
   220 @ 120    150 @ 94
|------------||-----------|

13:52:37.562 [main] INFO  c.gettingstarted.MyAlgoLogic - [MYALGO] Have:33 children, want 5, done.
13:52:37.562 [main] INFO  c.gettingstarted.MyAlgoLogic - [MYALGO] active orders are 33
13:52:37.562 [main] INFO  c.gettingstarted.MyAlgoLogic - [MYALGO] Cancelling order:codingblackfemales.sotw.ChildOrder@32910148
13:52:37.562 [main] INFO  c.gettingstarted.MyAlgoLogic - [MYALGO] option is present, number of active orders are 33
13:52:37.562 [main] INFO  c.container.Actioner - [ALGO] Actioner, sending action:CancelChildOrder(codingblackfemales.sotw.ChildOrder@32910148)
13:52:37.562 [main] INFO  c.sequencer.consumer.LoggingConsumer - [59] [CancelOrder](sbeTemplateId=5|sbeSchemaId=2|sbeSchemaVersion=0|sbeBlockLength=8):orderId=14
13:52:37.562 [main] INFO  c.gettingstarted.MyAlgoLogic - [MYALGO] The state of the order book is:
|----BID-----||----ASK----|
   160 @ 110     95 @ 97
   220 @ 120    150 @ 94
|------------||-----------|

13:52:37.562 [main] INFO  c.gettingstarted.MyAlgoLogic - [MYALGO] Algo Sees Book as:
|----BID-----||----ASK----|
   160 @ 110     95 @ 97
   220 @ 120    150 @ 94
|------------||-----------|

13:52:37.562 [main] INFO  c.gettingstarted.MyAlgoLogic - [MYALGO] Have:32 children, want 5, done.
13:52:37.562 [main] INFO  c.gettingstarted.MyAlgoLogic - [MYALGO] active orders are 32
13:52:37.562 [main] INFO  c.gettingstarted.MyAlgoLogic - [MYALGO] Cancelling order:codingblackfemales.sotw.ChildOrder@3f56875e
13:52:37.562 [main] INFO  c.gettingstarted.MyAlgoLogic - [MYALGO] option is present, number of active orders are 32
13:52:37.562 [main] INFO  c.container.Actioner - [ALGO] Actioner, sending action:CancelChildOrder(codingblackfemales.sotw.ChildOrder@3f56875e)
13:52:37.562 [main] INFO  c.sequencer.consumer.LoggingConsumer - [60] [CancelOrder](sbeTemplateId=5|sbeSchemaId=2|sbeSchemaVersion=0|sbeBlockLength=8):orderId=15
13:52:37.562 [main] INFO  c.gettingstarted.MyAlgoLogic - [MYALGO] The state of the order book is:
|----BID-----||----ASK----|
   160 @ 110     95 @ 97
   220 @ 120    150 @ 94
|------------||-----------|

13:52:37.562 [main] INFO  c.gettingstarted.MyAlgoLogic - [MYALGO] Algo Sees Book as:
|----BID-----||----ASK----|
   160 @ 110     95 @ 97
   220 @ 120    150 @ 94
|------------||-----------|

13:52:37.562 [main] INFO  c.gettingstarted.MyAlgoLogic - [MYALGO] Have:31 children, want 5, done.
13:52:37.562 [main] INFO  c.gettingstarted.MyAlgoLogic - [MYALGO] active orders are 31
13:52:37.562 [main] INFO  c.gettingstarted.MyAlgoLogic - [MYALGO] Cancelling order:codingblackfemales.sotw.ChildOrder@2b4bac49
13:52:37.562 [main] INFO  c.gettingstarted.MyAlgoLogic - [MYALGO] option is present, number of active orders are 31
13:52:37.562 [main] INFO  c.container.Actioner - [ALGO] Actioner, sending action:CancelChildOrder(codingblackfemales.sotw.ChildOrder@2b4bac49)
13:52:37.562 [main] INFO  c.sequencer.consumer.LoggingConsumer - [61] [CancelOrder](sbeTemplateId=5|sbeSchemaId=2|sbeSchemaVersion=0|sbeBlockLength=8):orderId=16
13:52:37.562 [main] INFO  c.gettingstarted.MyAlgoLogic - [MYALGO] The state of the order book is:
|----BID-----||----ASK----|
   160 @ 110     95 @ 97
   220 @ 120    150 @ 94
|------------||-----------|

13:52:37.562 [main] INFO  c.gettingstarted.MyAlgoLogic - [MYALGO] Algo Sees Book as:
|----BID-----||----ASK----|
   160 @ 110     95 @ 97
   220 @ 120    150 @ 94
|------------||-----------|

13:52:37.562 [main] INFO  c.gettingstarted.MyAlgoLogic - [MYALGO] Have:30 children, want 5, done.
13:52:37.562 [main] INFO  c.gettingstarted.MyAlgoLogic - [MYALGO] active orders are 30
13:52:37.562 [main] INFO  c.gettingstarted.MyAlgoLogic - [MYALGO] Cancelling order:codingblackfemales.sotw.ChildOrder@fd07cbb
13:52:37.562 [main] INFO  c.gettingstarted.MyAlgoLogic - [MYALGO] option is present, number of active orders are 30
13:52:37.562 [main] INFO  c.container.Actioner - [ALGO] Actioner, sending action:CancelChildOrder(codingblackfemales.sotw.ChildOrder@fd07cbb)
13:52:37.562 [main] INFO  c.sequencer.consumer.LoggingConsumer - [62] [CancelOrder](sbeTemplateId=5|sbeSchemaId=2|sbeSchemaVersion=0|sbeBlockLength=8):orderId=17
13:52:37.562 [main] INFO  c.gettingstarted.MyAlgoLogic - [MYALGO] The state of the order book is:
|----BID-----||----ASK----|
   160 @ 110     95 @ 97
   220 @ 120    150 @ 94
|------------||-----------|

13:52:37.562 [main] INFO  c.gettingstarted.MyAlgoLogic - [MYALGO] Algo Sees Book as:
|----BID-----||----ASK----|
   160 @ 110     95 @ 97
   220 @ 120    150 @ 94
|------------||-----------|

13:52:37.563 [main] INFO  c.gettingstarted.MyAlgoLogic - [MYALGO] Have:29 children, want 5, done.
13:52:37.563 [main] INFO  c.gettingstarted.MyAlgoLogic - [MYALGO] active orders are 29
13:52:37.563 [main] INFO  c.gettingstarted.MyAlgoLogic - [MYALGO] Cancelling order:codingblackfemales.sotw.ChildOrder@3571b748
13:52:37.563 [main] INFO  c.gettingstarted.MyAlgoLogic - [MYALGO] option is present, number of active orders are 29
13:52:37.563 [main] INFO  c.container.Actioner - [ALGO] Actioner, sending action:CancelChildOrder(codingblackfemales.sotw.ChildOrder@3571b748)
13:52:37.563 [main] INFO  c.sequencer.consumer.LoggingConsumer - [63] [CancelOrder](sbeTemplateId=5|sbeSchemaId=2|sbeSchemaVersion=0|sbeBlockLength=8):orderId=18
13:52:37.563 [main] INFO  c.gettingstarted.MyAlgoLogic - [MYALGO] The state of the order book is:
|----BID-----||----ASK----|
   160 @ 110     95 @ 97
   220 @ 120    150 @ 94
|------------||-----------|

13:52:37.563 [main] INFO  c.gettingstarted.MyAlgoLogic - [MYALGO] Algo Sees Book as:
|----BID-----||----ASK----|
   160 @ 110     95 @ 97
   220 @ 120    150 @ 94
|------------||-----------|

13:52:37.563 [main] INFO  c.gettingstarted.MyAlgoLogic - [MYALGO] Have:28 children, want 5, done.
13:52:37.563 [main] INFO  c.gettingstarted.MyAlgoLogic - [MYALGO] active orders are 28
13:52:37.563 [main] INFO  c.gettingstarted.MyAlgoLogic - [MYALGO] Cancelling order:codingblackfemales.sotw.ChildOrder@3e96bacf
13:52:37.563 [main] INFO  c.gettingstarted.MyAlgoLogic - [MYALGO] option is present, number of active orders are 28
13:52:37.563 [main] INFO  c.container.Actioner - [ALGO] Actioner, sending action:CancelChildOrder(codingblackfemales.sotw.ChildOrder@3e96bacf)
13:52:37.563 [main] INFO  c.sequencer.consumer.LoggingConsumer - [64] [CancelOrder](sbeTemplateId=5|sbeSchemaId=2|sbeSchemaVersion=0|sbeBlockLength=8):orderId=19
13:52:37.563 [main] INFO  c.gettingstarted.MyAlgoLogic - [MYALGO] The state of the order book is:
|----BID-----||----ASK----|
   160 @ 110     95 @ 97
   220 @ 120    150 @ 94
|------------||-----------|

13:52:37.563 [main] INFO  c.gettingstarted.MyAlgoLogic - [MYALGO] Algo Sees Book as:
|----BID-----||----ASK----|
   160 @ 110     95 @ 97
   220 @ 120    150 @ 94
|------------||-----------|

13:52:37.563 [main] INFO  c.gettingstarted.MyAlgoLogic - [MYALGO] Have:27 children, want 5, done.
13:52:37.563 [main] INFO  c.gettingstarted.MyAlgoLogic - [MYALGO] active orders are 27
13:52:37.563 [main] INFO  c.gettingstarted.MyAlgoLogic - [MYALGO] Cancelling order:codingblackfemales.sotw.ChildOrder@484970b0
13:52:37.563 [main] INFO  c.gettingstarted.MyAlgoLogic - [MYALGO] option is present, number of active orders are 27
13:52:37.563 [main] INFO  c.container.Actioner - [ALGO] Actioner, sending action:CancelChildOrder(codingblackfemales.sotw.ChildOrder@484970b0)
13:52:37.563 [main] INFO  c.sequencer.consumer.LoggingConsumer - [65] [CancelOrder](sbeTemplateId=5|sbeSchemaId=2|sbeSchemaVersion=0|sbeBlockLength=8):orderId=20
13:52:37.563 [main] INFO  c.gettingstarted.MyAlgoLogic - [MYALGO] The state of the order book is:
|----BID-----||----ASK----|
   160 @ 110     95 @ 97
   220 @ 120    150 @ 94
|------------||-----------|

13:52:37.563 [main] INFO  c.gettingstarted.MyAlgoLogic - [MYALGO] Algo Sees Book as:
|----BID-----||----ASK----|
   160 @ 110     95 @ 97
   220 @ 120    150 @ 94
|------------||-----------|

13:52:37.563 [main] INFO  c.gettingstarted.MyAlgoLogic - [MYALGO] Have:26 children, want 5, done.
13:52:37.563 [main] INFO  c.gettingstarted.MyAlgoLogic - [MYALGO] active orders are 26
13:52:37.563 [main] INFO  c.gettingstarted.MyAlgoLogic - [MYALGO] Cancelling order:codingblackfemales.sotw.ChildOrder@4470f8a6
13:52:37.563 [main] INFO  c.gettingstarted.MyAlgoLogic - [MYALGO] option is present, number of active orders are 26
13:52:37.563 [main] INFO  c.container.Actioner - [ALGO] Actioner, sending action:CancelChildOrder(codingblackfemales.sotw.ChildOrder@4470f8a6)
13:52:37.563 [main] INFO  c.sequencer.consumer.LoggingConsumer - [66] [CancelOrder](sbeTemplateId=5|sbeSchemaId=2|sbeSchemaVersion=0|sbeBlockLength=8):orderId=21
13:52:37.563 [main] INFO  c.gettingstarted.MyAlgoLogic - [MYALGO] The state of the order book is:
|----BID-----||----ASK----|
   160 @ 110     95 @ 97
   220 @ 120    150 @ 94
|------------||-----------|

13:52:37.563 [main] INFO  c.gettingstarted.MyAlgoLogic - [MYALGO] Algo Sees Book as:
|----BID-----||----ASK----|
   160 @ 110     95 @ 97
   220 @ 120    150 @ 94
|------------||-----------|

13:52:37.563 [main] INFO  c.gettingstarted.MyAlgoLogic - [MYALGO] Have:25 children, want 5, done.
13:52:37.563 [main] INFO  c.gettingstarted.MyAlgoLogic - [MYALGO] active orders are 25
13:52:37.563 [main] INFO  c.gettingstarted.MyAlgoLogic - [MYALGO] Cancelling order:codingblackfemales.sotw.ChildOrder@7c83dc97
13:52:37.563 [main] INFO  c.gettingstarted.MyAlgoLogic - [MYALGO] option is present, number of active orders are 25
13:52:37.563 [main] INFO  c.container.Actioner - [ALGO] Actioner, sending action:CancelChildOrder(codingblackfemales.sotw.ChildOrder@7c83dc97)
13:52:37.564 [main] INFO  c.sequencer.consumer.LoggingConsumer - [67] [CancelOrder](sbeTemplateId=5|sbeSchemaId=2|sbeSchemaVersion=0|sbeBlockLength=8):orderId=22
13:52:37.564 [main] INFO  c.gettingstarted.MyAlgoLogic - [MYALGO] The state of the order book is:
|----BID-----||----ASK----|
   160 @ 110     95 @ 97
   220 @ 120    150 @ 94
|------------||-----------|

13:52:37.564 [main] INFO  c.gettingstarted.MyAlgoLogic - [MYALGO] Algo Sees Book as:
|----BID-----||----ASK----|
   160 @ 110     95 @ 97
   220 @ 120    150 @ 94
|------------||-----------|

13:52:37.564 [main] INFO  c.gettingstarted.MyAlgoLogic - [MYALGO] Have:24 children, want 5, done.
13:52:37.564 [main] INFO  c.gettingstarted.MyAlgoLogic - [MYALGO] active orders are 24
13:52:37.564 [main] INFO  c.gettingstarted.MyAlgoLogic - [MYALGO] Cancelling order:codingblackfemales.sotw.ChildOrder@7748410a
13:52:37.564 [main] INFO  c.gettingstarted.MyAlgoLogic - [MYALGO] option is present, number of active orders are 24
13:52:37.564 [main] INFO  c.container.Actioner - [ALGO] Actioner, sending action:CancelChildOrder(codingblackfemales.sotw.ChildOrder@7748410a)
13:52:37.564 [main] INFO  c.sequencer.consumer.LoggingConsumer - [68] [CancelOrder](sbeTemplateId=5|sbeSchemaId=2|sbeSchemaVersion=0|sbeBlockLength=8):orderId=23
13:52:37.564 [main] INFO  c.gettingstarted.MyAlgoLogic - [MYALGO] The state of the order book is:
|----BID-----||----ASK----|
   160 @ 110     95 @ 97
   220 @ 120    150 @ 94
|------------||-----------|

13:52:37.564 [main] INFO  c.gettingstarted.MyAlgoLogic - [MYALGO] Algo Sees Book as:
|----BID-----||----ASK----|
   160 @ 110     95 @ 97
   220 @ 120    150 @ 94
|------------||-----------|

13:52:37.564 [main] INFO  c.gettingstarted.MyAlgoLogic - [MYALGO] Have:23 children, want 5, done.
13:52:37.564 [main] INFO  c.gettingstarted.MyAlgoLogic - [MYALGO] active orders are 23
13:52:37.564 [main] INFO  c.gettingstarted.MyAlgoLogic - [MYALGO] Cancelling order:codingblackfemales.sotw.ChildOrder@740773a3
13:52:37.564 [main] INFO  c.gettingstarted.MyAlgoLogic - [MYALGO] option is present, number of active orders are 23
13:52:37.564 [main] INFO  c.container.Actioner - [ALGO] Actioner, sending action:CancelChildOrder(codingblackfemales.sotw.ChildOrder@740773a3)
13:52:37.564 [main] INFO  c.sequencer.consumer.LoggingConsumer - [69] [CancelOrder](sbeTemplateId=5|sbeSchemaId=2|sbeSchemaVersion=0|sbeBlockLength=8):orderId=24
13:52:37.564 [main] INFO  c.gettingstarted.MyAlgoLogic - [MYALGO] The state of the order book is:
|----BID-----||----ASK----|
   160 @ 110     95 @ 97
   220 @ 120    150 @ 94
|------------||-----------|

13:52:37.564 [main] INFO  c.gettingstarted.MyAlgoLogic - [MYALGO] Algo Sees Book as:
|----BID-----||----ASK----|
   160 @ 110     95 @ 97
   220 @ 120    150 @ 94
|------------||-----------|

13:52:37.564 [main] INFO  c.gettingstarted.MyAlgoLogic - [MYALGO] Have:22 children, want 5, done.
13:52:37.564 [main] INFO  c.gettingstarted.MyAlgoLogic - [MYALGO] active orders are 22
13:52:37.564 [main] INFO  c.gettingstarted.MyAlgoLogic - [MYALGO] Cancelling order:codingblackfemales.sotw.ChildOrder@37f1104d
13:52:37.564 [main] INFO  c.gettingstarted.MyAlgoLogic - [MYALGO] option is present, number of active orders are 22
13:52:37.564 [main] INFO  c.container.Actioner - [ALGO] Actioner, sending action:CancelChildOrder(codingblackfemales.sotw.ChildOrder@37f1104d)
13:52:37.564 [main] INFO  c.sequencer.consumer.LoggingConsumer - [70] [CancelOrder](sbeTemplateId=5|sbeSchemaId=2|sbeSchemaVersion=0|sbeBlockLength=8):orderId=25
13:52:37.564 [main] INFO  c.gettingstarted.MyAlgoLogic - [MYALGO] The state of the order book is:
|----BID-----||----ASK----|
   160 @ 110     95 @ 97
   220 @ 120    150 @ 94
|------------||-----------|

13:52:37.564 [main] INFO  c.gettingstarted.MyAlgoLogic - [MYALGO] Algo Sees Book as:
|----BID-----||----ASK----|
   160 @ 110     95 @ 97
   220 @ 120    150 @ 94
|------------||-----------|

13:52:37.564 [main] INFO  c.gettingstarted.MyAlgoLogic - [MYALGO] Have:21 children, want 5, done.
13:52:37.564 [main] INFO  c.gettingstarted.MyAlgoLogic - [MYALGO] active orders are 21
13:52:37.564 [main] INFO  c.gettingstarted.MyAlgoLogic - [MYALGO] Cancelling order:codingblackfemales.sotw.ChildOrder@55740540
13:52:37.564 [main] INFO  c.gettingstarted.MyAlgoLogic - [MYALGO] option is present, number of active orders are 21
13:52:37.564 [main] INFO  c.container.Actioner - [ALGO] Actioner, sending action:CancelChildOrder(codingblackfemales.sotw.ChildOrder@55740540)
13:52:37.564 [main] INFO  c.sequencer.consumer.LoggingConsumer - [71] [CancelOrder](sbeTemplateId=5|sbeSchemaId=2|sbeSchemaVersion=0|sbeBlockLength=8):orderId=26
13:52:37.564 [main] INFO  c.gettingstarted.MyAlgoLogic - [MYALGO] The state of the order book is:
|----BID-----||----ASK----|
   160 @ 110     95 @ 97
   220 @ 120    150 @ 94
|------------||-----------|

13:52:37.565 [main] INFO  c.gettingstarted.MyAlgoLogic - [MYALGO] Algo Sees Book as:
|----BID-----||----ASK----|
   160 @ 110     95 @ 97
   220 @ 120    150 @ 94
|------------||-----------|

13:52:37.565 [main] INFO  c.gettingstarted.MyAlgoLogic - [MYALGO] Have:20 children, want 5, done.
13:52:37.565 [main] INFO  c.gettingstarted.MyAlgoLogic - [MYALGO] active orders are 20
13:52:37.565 [main] INFO  c.gettingstarted.MyAlgoLogic - [MYALGO] Cancelling order:codingblackfemales.sotw.ChildOrder@60015ef5
13:52:37.565 [main] INFO  c.gettingstarted.MyAlgoLogic - [MYALGO] option is present, number of active orders are 20
13:52:37.565 [main] INFO  c.container.Actioner - [ALGO] Actioner, sending action:CancelChildOrder(codingblackfemales.sotw.ChildOrder@60015ef5)
13:52:37.565 [main] INFO  c.sequencer.consumer.LoggingConsumer - [72] [CancelOrder](sbeTemplateId=5|sbeSchemaId=2|sbeSchemaVersion=0|sbeBlockLength=8):orderId=27
13:52:37.565 [main] INFO  c.gettingstarted.MyAlgoLogic - [MYALGO] The state of the order book is:
|----BID-----||----ASK----|
   160 @ 110     95 @ 97
   220 @ 120    150 @ 94
|------------||-----------|

13:52:37.565 [main] INFO  c.gettingstarted.MyAlgoLogic - [MYALGO] Algo Sees Book as:
|----BID-----||----ASK----|
   160 @ 110     95 @ 97
   220 @ 120    150 @ 94
|------------||-----------|

13:52:37.565 [main] INFO  c.gettingstarted.MyAlgoLogic - [MYALGO] Have:19 children, want 5, done.
13:52:37.565 [main] INFO  c.gettingstarted.MyAlgoLogic - [MYALGO] active orders are 19
13:52:37.565 [main] INFO  c.gettingstarted.MyAlgoLogic - [MYALGO] Cancelling order:codingblackfemales.sotw.ChildOrder@2f54a33d
13:52:37.565 [main] INFO  c.gettingstarted.MyAlgoLogic - [MYALGO] option is present, number of active orders are 19
13:52:37.565 [main] INFO  c.container.Actioner - [ALGO] Actioner, sending action:CancelChildOrder(codingblackfemales.sotw.ChildOrder@2f54a33d)
13:52:37.565 [main] INFO  c.sequencer.consumer.LoggingConsumer - [73] [CancelOrder](sbeTemplateId=5|sbeSchemaId=2|sbeSchemaVersion=0|sbeBlockLength=8):orderId=28
13:52:37.565 [main] INFO  c.gettingstarted.MyAlgoLogic - [MYALGO] The state of the order book is:
|----BID-----||----ASK----|
   160 @ 110     95 @ 97
   220 @ 120    150 @ 94
|------------||-----------|

13:52:37.565 [main] INFO  c.gettingstarted.MyAlgoLogic - [MYALGO] Algo Sees Book as:
|----BID-----||----ASK----|
   160 @ 110     95 @ 97
   220 @ 120    150 @ 94
|------------||-----------|

13:52:37.565 [main] INFO  c.gettingstarted.MyAlgoLogic - [MYALGO] Have:18 children, want 5, done.
13:52:37.565 [main] INFO  c.gettingstarted.MyAlgoLogic - [MYALGO] active orders are 18
13:52:37.565 [main] INFO  c.gettingstarted.MyAlgoLogic - [MYALGO] Cancelling order:codingblackfemales.sotw.ChildOrder@1018bde2
13:52:37.565 [main] INFO  c.gettingstarted.MyAlgoLogic - [MYALGO] option is present, number of active orders are 18
13:52:37.565 [main] INFO  c.container.Actioner - [ALGO] Actioner, sending action:CancelChildOrder(codingblackfemales.sotw.ChildOrder@1018bde2)
13:52:37.565 [main] INFO  c.sequencer.consumer.LoggingConsumer - [74] [CancelOrder](sbeTemplateId=5|sbeSchemaId=2|sbeSchemaVersion=0|sbeBlockLength=8):orderId=29
13:52:37.565 [main] INFO  c.gettingstarted.MyAlgoLogic - [MYALGO] The state of the order book is:
|----BID-----||----ASK----|
   160 @ 110     95 @ 97
   220 @ 120    150 @ 94
|------------||-----------|

13:52:37.565 [main] INFO  c.gettingstarted.MyAlgoLogic - [MYALGO] Algo Sees Book as:
|----BID-----||----ASK----|
   160 @ 110     95 @ 97
   220 @ 120    150 @ 94
|------------||-----------|

13:52:37.565 [main] INFO  c.gettingstarted.MyAlgoLogic - [MYALGO] Have:17 children, want 5, done.
13:52:37.565 [main] INFO  c.gettingstarted.MyAlgoLogic - [MYALGO] active orders are 17
13:52:37.565 [main] INFO  c.gettingstarted.MyAlgoLogic - [MYALGO] Cancelling order:codingblackfemales.sotw.ChildOrder@65b3f4a4
13:52:37.565 [main] INFO  c.gettingstarted.MyAlgoLogic - [MYALGO] option is present, number of active orders are 17
13:52:37.565 [main] INFO  c.container.Actioner - [ALGO] Actioner, sending action:CancelChildOrder(codingblackfemales.sotw.ChildOrder@65b3f4a4)
13:52:37.565 [main] INFO  c.sequencer.consumer.LoggingConsumer - [75] [CancelOrder](sbeTemplateId=5|sbeSchemaId=2|sbeSchemaVersion=0|sbeBlockLength=8):orderId=30
13:52:37.565 [main] INFO  c.gettingstarted.MyAlgoLogic - [MYALGO] The state of the order book is:
|----BID-----||----ASK----|
   160 @ 110     95 @ 97
   220 @ 120    150 @ 94
|------------||-----------|

13:52:37.565 [main] INFO  c.gettingstarted.MyAlgoLogic - [MYALGO] Algo Sees Book as:
|----BID-----||----ASK----|
   160 @ 110     95 @ 97
   220 @ 120    150 @ 94
|------------||-----------|

13:52:37.565 [main] INFO  c.gettingstarted.MyAlgoLogic - [MYALGO] Have:16 children, want 5, done.
13:52:37.565 [main] INFO  c.gettingstarted.MyAlgoLogic - [MYALGO] active orders are 16
13:52:37.565 [main] INFO  c.gettingstarted.MyAlgoLogic - [MYALGO] Cancelling order:codingblackfemales.sotw.ChildOrder@f2ff811
13:52:37.565 [main] INFO  c.gettingstarted.MyAlgoLogic - [MYALGO] option is present, number of active orders are 16
13:52:37.565 [main] INFO  c.container.Actioner - [ALGO] Actioner, sending action:CancelChildOrder(codingblackfemales.sotw.ChildOrder@f2ff811)
13:52:37.565 [main] INFO  c.sequencer.consumer.LoggingConsumer - [76] [CancelOrder](sbeTemplateId=5|sbeSchemaId=2|sbeSchemaVersion=0|sbeBlockLength=8):orderId=31
13:52:37.565 [main] INFO  c.gettingstarted.MyAlgoLogic - [MYALGO] The state of the order book is:
|----BID-----||----ASK----|
   160 @ 110     95 @ 97
   220 @ 120    150 @ 94
|------------||-----------|

13:52:37.565 [main] INFO  c.gettingstarted.MyAlgoLogic - [MYALGO] Algo Sees Book as:
|----BID-----||----ASK----|
   160 @ 110     95 @ 97
   220 @ 120    150 @ 94
|------------||-----------|

13:52:37.565 [main] INFO  c.gettingstarted.MyAlgoLogic - [MYALGO] Have:15 children, want 5, done.
13:52:37.565 [main] INFO  c.gettingstarted.MyAlgoLogic - [MYALGO] active orders are 15
13:52:37.565 [main] INFO  c.gettingstarted.MyAlgoLogic - [MYALGO] Cancelling order:codingblackfemales.sotw.ChildOrder@568ff82
13:52:37.565 [main] INFO  c.gettingstarted.MyAlgoLogic - [MYALGO] option is present, number of active orders are 15
13:52:37.565 [main] INFO  c.container.Actioner - [ALGO] Actioner, sending action:CancelChildOrder(codingblackfemales.sotw.ChildOrder@568ff82)
13:52:37.565 [main] INFO  c.sequencer.consumer.LoggingConsumer - [77] [CancelOrder](sbeTemplateId=5|sbeSchemaId=2|sbeSchemaVersion=0|sbeBlockLength=8):orderId=32
13:52:37.565 [main] INFO  c.gettingstarted.MyAlgoLogic - [MYALGO] The state of the order book is:
|----BID-----||----ASK----|
   160 @ 110     95 @ 97
   220 @ 120    150 @ 94
|------------||-----------|

13:52:37.566 [main] INFO  c.gettingstarted.MyAlgoLogic - [MYALGO] Algo Sees Book as:
|----BID-----||----ASK----|
   160 @ 110     95 @ 97
   220 @ 120    150 @ 94
|------------||-----------|

13:52:37.566 [main] INFO  c.gettingstarted.MyAlgoLogic - [MYALGO] Have:14 children, want 5, done.
13:52:37.566 [main] INFO  c.gettingstarted.MyAlgoLogic - [MYALGO] active orders are 14
13:52:37.566 [main] INFO  c.gettingstarted.MyAlgoLogic - [MYALGO] Cancelling order:codingblackfemales.sotw.ChildOrder@50caa560
13:52:37.566 [main] INFO  c.gettingstarted.MyAlgoLogic - [MYALGO] option is present, number of active orders are 14
13:52:37.566 [main] INFO  c.container.Actioner - [ALGO] Actioner, sending action:CancelChildOrder(codingblackfemales.sotw.ChildOrder@50caa560)
13:52:37.566 [main] INFO  c.sequencer.consumer.LoggingConsumer - [78] [CancelOrder](sbeTemplateId=5|sbeSchemaId=2|sbeSchemaVersion=0|sbeBlockLength=8):orderId=33
13:52:37.566 [main] INFO  c.gettingstarted.MyAlgoLogic - [MYALGO] The state of the order book is:
|----BID-----||----ASK----|
   160 @ 110     95 @ 97
   220 @ 120    150 @ 94
|------------||-----------|

13:52:37.566 [main] INFO  c.gettingstarted.MyAlgoLogic - [MYALGO] Algo Sees Book as:
|----BID-----||----ASK----|
   160 @ 110     95 @ 97
   220 @ 120    150 @ 94
|------------||-----------|

13:52:37.566 [main] INFO  c.gettingstarted.MyAlgoLogic - [MYALGO] Have:13 children, want 5, done.
13:52:37.566 [main] INFO  c.gettingstarted.MyAlgoLogic - [MYALGO] active orders are 13
13:52:37.566 [main] INFO  c.gettingstarted.MyAlgoLogic - [MYALGO] Cancelling order:codingblackfemales.sotw.ChildOrder@2a266d09
13:52:37.566 [main] INFO  c.gettingstarted.MyAlgoLogic - [MYALGO] option is present, number of active orders are 13
13:52:37.566 [main] INFO  c.container.Actioner - [ALGO] Actioner, sending action:CancelChildOrder(codingblackfemales.sotw.ChildOrder@2a266d09)
13:52:37.566 [main] INFO  c.sequencer.consumer.LoggingConsumer - [79] [CancelOrder](sbeTemplateId=5|sbeSchemaId=2|sbeSchemaVersion=0|sbeBlockLength=8):orderId=34
13:52:37.566 [main] INFO  c.gettingstarted.MyAlgoLogic - [MYALGO] The state of the order book is:
|----BID-----||----ASK----|
   160 @ 110     95 @ 97
   220 @ 120    150 @ 94
|------------||-----------|

13:52:37.566 [main] INFO  c.gettingstarted.MyAlgoLogic - [MYALGO] Algo Sees Book as:
|----BID-----||----ASK----|
   160 @ 110     95 @ 97
   220 @ 120    150 @ 94
|------------||-----------|

13:52:37.566 [main] INFO  c.gettingstarted.MyAlgoLogic - [MYALGO] Have:12 children, want 5, done.
13:52:37.566 [main] INFO  c.gettingstarted.MyAlgoLogic - [MYALGO] active orders are 12
13:52:37.566 [main] INFO  c.gettingstarted.MyAlgoLogic - [MYALGO] Cancelling order:codingblackfemales.sotw.ChildOrder@5ab9e72c
13:52:37.566 [main] INFO  c.gettingstarted.MyAlgoLogic - [MYALGO] option is present, number of active orders are 12
13:52:37.566 [main] INFO  c.container.Actioner - [ALGO] Actioner, sending action:CancelChildOrder(codingblackfemales.sotw.ChildOrder@5ab9e72c)
13:52:37.566 [main] INFO  c.sequencer.consumer.LoggingConsumer - [80] [CancelOrder](sbeTemplateId=5|sbeSchemaId=2|sbeSchemaVersion=0|sbeBlockLength=8):orderId=35
13:52:37.566 [main] INFO  c.gettingstarted.MyAlgoLogic - [MYALGO] The state of the order book is:
|----BID-----||----ASK----|
   160 @ 110     95 @ 97
   220 @ 120    150 @ 94
|------------||-----------|

13:52:37.566 [main] INFO  c.gettingstarted.MyAlgoLogic - [MYALGO] Algo Sees Book as:
|----BID-----||----ASK----|
   160 @ 110     95 @ 97
   220 @ 120    150 @ 94
|------------||-----------|

13:52:37.566 [main] INFO  c.gettingstarted.MyAlgoLogic - [MYALGO] Have:11 children, want 5, done.
13:52:37.566 [main] INFO  c.gettingstarted.MyAlgoLogic - [MYALGO] active orders are 11
13:52:37.566 [main] INFO  c.gettingstarted.MyAlgoLogic - [MYALGO] Cancelling order:codingblackfemales.sotw.ChildOrder@186f8716
13:52:37.566 [main] INFO  c.gettingstarted.MyAlgoLogic - [MYALGO] option is present, number of active orders are 11
13:52:37.566 [main] INFO  c.container.Actioner - [ALGO] Actioner, sending action:CancelChildOrder(codingblackfemales.sotw.ChildOrder@186f8716)
13:52:37.566 [main] INFO  c.sequencer.consumer.LoggingConsumer - [81] [CancelOrder](sbeTemplateId=5|sbeSchemaId=2|sbeSchemaVersion=0|sbeBlockLength=8):orderId=36
13:52:37.567 [main] INFO  c.gettingstarted.MyAlgoLogic - [MYALGO] The state of the order book is:
|----BID-----||----ASK----|
   160 @ 110     95 @ 97
   220 @ 120    150 @ 94
|------------||-----------|

13:52:37.567 [main] INFO  c.gettingstarted.MyAlgoLogic - [MYALGO] Algo Sees Book as:
|----BID-----||----ASK----|
   160 @ 110     95 @ 97
   220 @ 120    150 @ 94
|------------||-----------|

13:52:37.567 [main] INFO  c.gettingstarted.MyAlgoLogic - [MYALGO] Have:10 children, want 5, done.
13:52:37.567 [main] INFO  c.gettingstarted.MyAlgoLogic - [MYALGO] active orders are 10
13:52:37.567 [main] INFO  c.gettingstarted.MyAlgoLogic - [MYALGO] Cancelling order:codingblackfemales.sotw.ChildOrder@1d8bd0de
13:52:37.567 [main] INFO  c.gettingstarted.MyAlgoLogic - [MYALGO] option is present, number of active orders are 10
13:52:37.567 [main] INFO  c.container.Actioner - [ALGO] Actioner, sending action:CancelChildOrder(codingblackfemales.sotw.ChildOrder@1d8bd0de)
13:52:37.567 [main] INFO  c.sequencer.consumer.LoggingConsumer - [82] [CancelOrder](sbeTemplateId=5|sbeSchemaId=2|sbeSchemaVersion=0|sbeBlockLength=8):orderId=37
13:52:37.567 [main] INFO  c.gettingstarted.MyAlgoLogic - [MYALGO] The state of the order book is:
|----BID-----||----ASK----|
   160 @ 110     95 @ 97
   220 @ 120    150 @ 94
|------------||-----------|

13:52:37.567 [main] INFO  c.gettingstarted.MyAlgoLogic - [MYALGO] Algo Sees Book as:
|----BID-----||----ASK----|
   160 @ 110     95 @ 97
   220 @ 120    150 @ 94
|------------||-----------|

13:52:37.567 [main] INFO  c.gettingstarted.MyAlgoLogic - [MYALGO] Have:9 children, want 5, done.
13:52:37.567 [main] INFO  c.gettingstarted.MyAlgoLogic - [MYALGO] active orders are 9
13:52:37.567 [main] INFO  c.gettingstarted.MyAlgoLogic - [MYALGO] Cancelling order:codingblackfemales.sotw.ChildOrder@45ca843
13:52:37.567 [main] INFO  c.gettingstarted.MyAlgoLogic - [MYALGO] option is present, number of active orders are 9
13:52:37.567 [main] INFO  c.container.Actioner - [ALGO] Actioner, sending action:CancelChildOrder(codingblackfemales.sotw.ChildOrder@45ca843)
13:52:37.567 [main] INFO  c.sequencer.consumer.LoggingConsumer - [83] [CancelOrder](sbeTemplateId=5|sbeSchemaId=2|sbeSchemaVersion=0|sbeBlockLength=8):orderId=38
13:52:37.567 [main] INFO  c.gettingstarted.MyAlgoLogic - [MYALGO] The state of the order book is:
|----BID-----||----ASK----|
   160 @ 110     95 @ 97
   220 @ 120    150 @ 94
|------------||-----------|

13:52:37.567 [main] INFO  c.gettingstarted.MyAlgoLogic - [MYALGO] Algo Sees Book as:
|----BID-----||----ASK----|
   160 @ 110     95 @ 97
   220 @ 120    150 @ 94
|------------||-----------|

13:52:37.567 [main] INFO  c.gettingstarted.MyAlgoLogic - [MYALGO] Have:8 children, want 5, done.
13:52:37.567 [main] INFO  c.gettingstarted.MyAlgoLogic - [MYALGO] active orders are 8
13:52:37.567 [main] INFO  c.gettingstarted.MyAlgoLogic - [MYALGO] Cancelling order:codingblackfemales.sotw.ChildOrder@11c9af63
13:52:37.567 [main] INFO  c.gettingstarted.MyAlgoLogic - [MYALGO] option is present, number of active orders are 8
13:52:37.567 [main] INFO  c.container.Actioner - [ALGO] Actioner, sending action:CancelChildOrder(codingblackfemales.sotw.ChildOrder@11c9af63)
13:52:37.567 [main] INFO  c.sequencer.consumer.LoggingConsumer - [84] [CancelOrder](sbeTemplateId=5|sbeSchemaId=2|sbeSchemaVersion=0|sbeBlockLength=8):orderId=39
13:52:37.567 [main] INFO  c.gettingstarted.MyAlgoLogic - [MYALGO] The state of the order book is:
|----BID-----||----ASK----|
   160 @ 110     95 @ 97
   220 @ 120    150 @ 94
|------------||-----------|

13:52:37.567 [main] INFO  c.gettingstarted.MyAlgoLogic - [MYALGO] Algo Sees Book as:
|----BID-----||----ASK----|
   160 @ 110     95 @ 97
   220 @ 120    150 @ 94
|------------||-----------|

13:52:37.567 [main] INFO  c.gettingstarted.MyAlgoLogic - [MYALGO] Have:7 children, want 5, done.
13:52:37.567 [main] INFO  c.gettingstarted.MyAlgoLogic - [MYALGO] active orders are 7
13:52:37.567 [main] INFO  c.gettingstarted.MyAlgoLogic - [MYALGO] Cancelling order:codingblackfemales.sotw.ChildOrder@757acd7b
13:52:37.567 [main] INFO  c.gettingstarted.MyAlgoLogic - [MYALGO] option is present, number of active orders are 7
13:52:37.567 [main] INFO  c.container.Actioner - [ALGO] Actioner, sending action:CancelChildOrder(codingblackfemales.sotw.ChildOrder@757acd7b)
13:52:37.567 [main] INFO  c.sequencer.consumer.LoggingConsumer - [85] [CancelOrder](sbeTemplateId=5|sbeSchemaId=2|sbeSchemaVersion=0|sbeBlockLength=8):orderId=40
13:52:37.567 [main] INFO  c.gettingstarted.MyAlgoLogic - [MYALGO] The state of the order book is:
|----BID-----||----ASK----|
   160 @ 110     95 @ 97
   220 @ 120    150 @ 94
|------------||-----------|

13:52:37.567 [main] INFO  c.gettingstarted.MyAlgoLogic - [MYALGO] Algo Sees Book as:
|----BID-----||----ASK----|
   160 @ 110     95 @ 97
   220 @ 120    150 @ 94
|------------||-----------|

13:52:37.567 [main] INFO  c.gettingstarted.MyAlgoLogic - [MYALGO] Have:6 children, want 5, done.
13:52:37.567 [main] INFO  c.gettingstarted.MyAlgoLogic - [MYALGO] active orders are 6
13:52:37.567 [main] INFO  c.gettingstarted.MyAlgoLogic - [MYALGO] Cancelling order:codingblackfemales.sotw.ChildOrder@36b4fe2a
13:52:37.567 [main] INFO  c.gettingstarted.MyAlgoLogic - [MYALGO] option is present, number of active orders are 6
13:52:37.567 [main] INFO  c.container.Actioner - [ALGO] Actioner, sending action:CancelChildOrder(codingblackfemales.sotw.ChildOrder@36b4fe2a)
13:52:37.567 [main] INFO  c.sequencer.consumer.LoggingConsumer - [86] [CancelOrder](sbeTemplateId=5|sbeSchemaId=2|sbeSchemaVersion=0|sbeBlockLength=8):orderId=41
13:52:37.568 [main] INFO  c.gettingstarted.MyAlgoLogic - [MYALGO] The state of the order book is:
|----BID-----||----ASK----|
   160 @ 110     95 @ 97
   220 @ 120    150 @ 94
|------------||-----------|

13:52:37.568 [main] INFO  c.gettingstarted.MyAlgoLogic - [MYALGO] Algo Sees Book as:
|----BID-----||----ASK----|
   160 @ 110     95 @ 97
   220 @ 120    150 @ 94
|------------||-----------|

]]></system-out>
  </testcase>
  <testcase name="checkIfOrdersCancelled" classname="codingblackfemales.gettingstarted.MyAlgoTest" time="0.021">
    <failure message="expected:&lt;45&gt; but was:&lt;40&gt;" type="java.lang.AssertionError"><![CDATA[java.lang.AssertionError: expected:<45> but was:<40>
	at org.junit.Assert.fail(Assert.java:88)
	at org.junit.Assert.failNotEquals(Assert.java:743)
	at org.junit.Assert.assertEquals(Assert.java:118)
	at org.junit.Assert.assertEquals(Assert.java:555)
	at org.junit.Assert.assertEquals(Assert.java:542)
	at codingblackfemales.gettingstarted.MyAlgoTest.checkIfOrdersCancelled(MyAlgoTest.java:69)
	at java.base/jdk.internal.reflect.NativeMethodAccessorImpl.invoke0(Native Method)
	at java.base/jdk.internal.reflect.NativeMethodAccessorImpl.invoke(NativeMethodAccessorImpl.java:77)
	at java.base/jdk.internal.reflect.DelegatingMethodAccessorImpl.invoke(DelegatingMethodAccessorImpl.java:43)
	at java.base/java.lang.reflect.Method.invoke(Method.java:568)
	at org.junit.runners.model.FrameworkMethod$1.runReflectiveCall(FrameworkMethod.java:47)
	at org.junit.internal.runners.model.ReflectiveCallable.run(ReflectiveCallable.java:12)
	at org.junit.runners.model.FrameworkMethod.invokeExplosively(FrameworkMethod.java:44)
	at org.junit.internal.runners.statements.InvokeMethod.evaluate(InvokeMethod.java:17)
	at org.junit.runners.ParentRunner.runLeaf(ParentRunner.java:271)
	at org.junit.runners.BlockJUnit4ClassRunner.runChild(BlockJUnit4ClassRunner.java:70)
	at org.junit.runners.BlockJUnit4ClassRunner.runChild(BlockJUnit4ClassRunner.java:50)
	at org.junit.runners.ParentRunner$3.run(ParentRunner.java:238)
	at org.junit.runners.ParentRunner$1.schedule(ParentRunner.java:63)
	at org.junit.runners.ParentRunner.runChildren(ParentRunner.java:236)
	at org.junit.runners.ParentRunner.access$000(ParentRunner.java:53)
	at org.junit.runners.ParentRunner$2.evaluate(ParentRunner.java:229)
	at org.junit.runners.ParentRunner.run(ParentRunner.java:309)
	at org.apache.maven.surefire.junit4.JUnit4Provider.execute(JUnit4Provider.java:316)
	at org.apache.maven.surefire.junit4.JUnit4Provider.executeWithRerun(JUnit4Provider.java:240)
	at org.apache.maven.surefire.junit4.JUnit4Provider.executeTestSet(JUnit4Provider.java:214)
	at org.apache.maven.surefire.junit4.JUnit4Provider.invoke(JUnit4Provider.java:155)
	at org.apache.maven.surefire.booter.ForkedBooter.runSuitesInProcess(ForkedBooter.java:385)
	at org.apache.maven.surefire.booter.ForkedBooter.execute(ForkedBooter.java:162)
	at org.apache.maven.surefire.booter.ForkedBooter.run(ForkedBooter.java:507)
	at org.apache.maven.surefire.booter.ForkedBooter.main(ForkedBooter.java:495)
]]></failure>
    <system-out><![CDATA[13:52:37.572 [main] INFO  c.sequencer.consumer.LoggingConsumer - [1] 
|----BID-----|
   101 @ 100
   200 @ 110
  5000 @ 115
|----ASK-----|
    100 @ 98
    200 @ 95
    300 @ 91

13:52:37.572 [main] DEBUG c.service.MarketDataService - [ALGO] BID: price:100 quantity:101
13:52:37.572 [main] DEBUG c.service.MarketDataService - [ALGO] BID: price:110 quantity:200
13:52:37.572 [main] DEBUG c.service.MarketDataService - [ALGO] BID: price:115 quantity:5000
13:52:37.572 [main] DEBUG c.service.MarketDataService - [ALGO] ASK: price:98 quantity:100
13:52:37.572 [main] DEBUG c.service.MarketDataService - [ALGO] ASK: price:95 quantity:200
13:52:37.572 [main] DEBUG c.service.MarketDataService - [ALGO] ASK: price:91 quantity:300
13:52:37.572 [main] INFO  c.gettingstarted.MyAlgoLogic - [MYALGO] The state of the order book is:
|----BID-----||----ASK----|
   101 @ 100    100 @ 98
   200 @ 110    200 @ 95
  5000 @ 115    300 @ 91
|------------||-----------|

13:52:37.572 [main] INFO  c.gettingstarted.MyAlgoLogic - [MYALGO] Algo Sees Book as:
|----BID-----||----ASK----|
   101 @ 100    100 @ 98
   200 @ 110    200 @ 95
  5000 @ 115    300 @ 91
|------------||-----------|

13:52:37.572 [main] INFO  c.gettingstarted.MyAlgoLogic - [MYALGO] Have:0 children, want 45. Adding order for100@98
total order count is 0
13:52:37.572 [main] INFO  c.container.Actioner - [ALGO] Actioner, sending action:CreateChildOrder(side=BUY,quantity=100,price=98)
13:52:37.573 [main] INFO  c.sequencer.consumer.LoggingConsumer - [2] [CreateOrder](sbeTemplateId=4|sbeSchemaId=2|sbeSchemaVersion=0|sbeBlockLength=33):instrumentId=0|price=98|quantity=100|side=BUY|orderId=2
13:52:37.573 [main] INFO  c.gettingstarted.MyAlgoLogic - [MYALGO] The state of the order book is:
|----BID-----||----ASK----|
   101 @ 100    100 @ 98
   200 @ 110    200 @ 95
  5000 @ 115    300 @ 91
|------------||-----------|

13:52:37.573 [main] INFO  c.gettingstarted.MyAlgoLogic - [MYALGO] Algo Sees Book as:
|----BID-----||----ASK----|
   101 @ 100    100 @ 98
   200 @ 110    200 @ 95
  5000 @ 115    300 @ 91
|------------||-----------|

13:52:37.573 [main] INFO  c.gettingstarted.MyAlgoLogic - [MYALGO] Have:1 children, want 45. Adding order for100@98
total order count is 1
13:52:37.573 [main] INFO  c.container.Actioner - [ALGO] Actioner, sending action:CreateChildOrder(side=BUY,quantity=100,price=98)
13:52:37.573 [main] INFO  c.sequencer.consumer.LoggingConsumer - [3] [CreateOrder](sbeTemplateId=4|sbeSchemaId=2|sbeSchemaVersion=0|sbeBlockLength=33):instrumentId=0|price=98|quantity=100|side=BUY|orderId=3
13:52:37.573 [main] INFO  c.gettingstarted.MyAlgoLogic - [MYALGO] The state of the order book is:
|----BID-----||----ASK----|
   101 @ 100    100 @ 98
   200 @ 110    200 @ 95
  5000 @ 115    300 @ 91
|------------||-----------|

13:52:37.573 [main] INFO  c.gettingstarted.MyAlgoLogic - [MYALGO] Algo Sees Book as:
|----BID-----||----ASK----|
   101 @ 100    100 @ 98
   200 @ 110    200 @ 95
  5000 @ 115    300 @ 91
|------------||-----------|

13:52:37.573 [main] INFO  c.gettingstarted.MyAlgoLogic - [MYALGO] Have:2 children, want 45. Adding order for100@98
total order count is 2
13:52:37.573 [main] INFO  c.container.Actioner - [ALGO] Actioner, sending action:CreateChildOrder(side=BUY,quantity=100,price=98)
13:52:37.573 [main] INFO  c.sequencer.consumer.LoggingConsumer - [4] [CreateOrder](sbeTemplateId=4|sbeSchemaId=2|sbeSchemaVersion=0|sbeBlockLength=33):instrumentId=0|price=98|quantity=100|side=BUY|orderId=4
13:52:37.573 [main] INFO  c.gettingstarted.MyAlgoLogic - [MYALGO] The state of the order book is:
|----BID-----||----ASK----|
   101 @ 100    100 @ 98
   200 @ 110    200 @ 95
  5000 @ 115    300 @ 91
|------------||-----------|

13:52:37.573 [main] INFO  c.gettingstarted.MyAlgoLogic - [MYALGO] Algo Sees Book as:
|----BID-----||----ASK----|
   101 @ 100    100 @ 98
   200 @ 110    200 @ 95
  5000 @ 115    300 @ 91
|------------||-----------|

13:52:37.573 [main] INFO  c.gettingstarted.MyAlgoLogic - [MYALGO] Have:3 children, want 45. Adding order for100@98
total order count is 3
13:52:37.573 [main] INFO  c.container.Actioner - [ALGO] Actioner, sending action:CreateChildOrder(side=BUY,quantity=100,price=98)
13:52:37.573 [main] INFO  c.sequencer.consumer.LoggingConsumer - [5] [CreateOrder](sbeTemplateId=4|sbeSchemaId=2|sbeSchemaVersion=0|sbeBlockLength=33):instrumentId=0|price=98|quantity=100|side=BUY|orderId=5
13:52:37.573 [main] INFO  c.gettingstarted.MyAlgoLogic - [MYALGO] The state of the order book is:
|----BID-----||----ASK----|
   101 @ 100    100 @ 98
   200 @ 110    200 @ 95
  5000 @ 115    300 @ 91
|------------||-----------|

13:52:37.573 [main] INFO  c.gettingstarted.MyAlgoLogic - [MYALGO] Algo Sees Book as:
|----BID-----||----ASK----|
   101 @ 100    100 @ 98
   200 @ 110    200 @ 95
  5000 @ 115    300 @ 91
|------------||-----------|

13:52:37.573 [main] INFO  c.gettingstarted.MyAlgoLogic - [MYALGO] Have:4 children, want 45. Adding order for100@98
total order count is 4
13:52:37.573 [main] INFO  c.container.Actioner - [ALGO] Actioner, sending action:CreateChildOrder(side=BUY,quantity=100,price=98)
13:52:37.573 [main] INFO  c.sequencer.consumer.LoggingConsumer - [6] [CreateOrder](sbeTemplateId=4|sbeSchemaId=2|sbeSchemaVersion=0|sbeBlockLength=33):instrumentId=0|price=98|quantity=100|side=BUY|orderId=6
13:52:37.573 [main] INFO  c.gettingstarted.MyAlgoLogic - [MYALGO] The state of the order book is:
|----BID-----||----ASK----|
   101 @ 100    100 @ 98
   200 @ 110    200 @ 95
  5000 @ 115    300 @ 91
|------------||-----------|

13:52:37.573 [main] INFO  c.gettingstarted.MyAlgoLogic - [MYALGO] Algo Sees Book as:
|----BID-----||----ASK----|
   101 @ 100    100 @ 98
   200 @ 110    200 @ 95
  5000 @ 115    300 @ 91
|------------||-----------|

13:52:37.573 [main] INFO  c.gettingstarted.MyAlgoLogic - [MYALGO] Have:5 children, want 45. Adding order for100@98
total order count is 5
13:52:37.573 [main] INFO  c.container.Actioner - [ALGO] Actioner, sending action:CreateChildOrder(side=BUY,quantity=100,price=98)
13:52:37.573 [main] INFO  c.sequencer.consumer.LoggingConsumer - [7] [CreateOrder](sbeTemplateId=4|sbeSchemaId=2|sbeSchemaVersion=0|sbeBlockLength=33):instrumentId=0|price=98|quantity=100|side=BUY|orderId=7
13:52:37.573 [main] INFO  c.gettingstarted.MyAlgoLogic - [MYALGO] The state of the order book is:
|----BID-----||----ASK----|
   101 @ 100    100 @ 98
   200 @ 110    200 @ 95
  5000 @ 115    300 @ 91
|------------||-----------|

13:52:37.573 [main] INFO  c.gettingstarted.MyAlgoLogic - [MYALGO] Algo Sees Book as:
|----BID-----||----ASK----|
   101 @ 100    100 @ 98
   200 @ 110    200 @ 95
  5000 @ 115    300 @ 91
|------------||-----------|

13:52:37.573 [main] INFO  c.gettingstarted.MyAlgoLogic - [MYALGO] Have:6 children, want 45. Adding order for100@98
total order count is 6
13:52:37.573 [main] INFO  c.container.Actioner - [ALGO] Actioner, sending action:CreateChildOrder(side=BUY,quantity=100,price=98)
13:52:37.573 [main] INFO  c.sequencer.consumer.LoggingConsumer - [8] [CreateOrder](sbeTemplateId=4|sbeSchemaId=2|sbeSchemaVersion=0|sbeBlockLength=33):instrumentId=0|price=98|quantity=100|side=BUY|orderId=8
13:52:37.574 [main] INFO  c.gettingstarted.MyAlgoLogic - [MYALGO] The state of the order book is:
|----BID-----||----ASK----|
   101 @ 100    100 @ 98
   200 @ 110    200 @ 95
  5000 @ 115    300 @ 91
|------------||-----------|

13:52:37.574 [main] INFO  c.gettingstarted.MyAlgoLogic - [MYALGO] Algo Sees Book as:
|----BID-----||----ASK----|
   101 @ 100    100 @ 98
   200 @ 110    200 @ 95
  5000 @ 115    300 @ 91
|------------||-----------|

13:52:37.574 [main] INFO  c.gettingstarted.MyAlgoLogic - [MYALGO] Have:7 children, want 45. Adding order for100@98
total order count is 7
13:52:37.574 [main] INFO  c.container.Actioner - [ALGO] Actioner, sending action:CreateChildOrder(side=BUY,quantity=100,price=98)
13:52:37.574 [main] INFO  c.sequencer.consumer.LoggingConsumer - [9] [CreateOrder](sbeTemplateId=4|sbeSchemaId=2|sbeSchemaVersion=0|sbeBlockLength=33):instrumentId=0|price=98|quantity=100|side=BUY|orderId=9
13:52:37.574 [main] INFO  c.gettingstarted.MyAlgoLogic - [MYALGO] The state of the order book is:
|----BID-----||----ASK----|
   101 @ 100    100 @ 98
   200 @ 110    200 @ 95
  5000 @ 115    300 @ 91
|------------||-----------|

13:52:37.574 [main] INFO  c.gettingstarted.MyAlgoLogic - [MYALGO] Algo Sees Book as:
|----BID-----||----ASK----|
   101 @ 100    100 @ 98
   200 @ 110    200 @ 95
  5000 @ 115    300 @ 91
|------------||-----------|

13:52:37.574 [main] INFO  c.gettingstarted.MyAlgoLogic - [MYALGO] Have:8 children, want 45. Adding order for100@98
total order count is 8
13:52:37.574 [main] INFO  c.container.Actioner - [ALGO] Actioner, sending action:CreateChildOrder(side=BUY,quantity=100,price=98)
13:52:37.574 [main] INFO  c.sequencer.consumer.LoggingConsumer - [10] [CreateOrder](sbeTemplateId=4|sbeSchemaId=2|sbeSchemaVersion=0|sbeBlockLength=33):instrumentId=0|price=98|quantity=100|side=BUY|orderId=10
13:52:37.574 [main] INFO  c.gettingstarted.MyAlgoLogic - [MYALGO] The state of the order book is:
|----BID-----||----ASK----|
   101 @ 100    100 @ 98
   200 @ 110    200 @ 95
  5000 @ 115    300 @ 91
|------------||-----------|

13:52:37.574 [main] INFO  c.gettingstarted.MyAlgoLogic - [MYALGO] Algo Sees Book as:
|----BID-----||----ASK----|
   101 @ 100    100 @ 98
   200 @ 110    200 @ 95
  5000 @ 115    300 @ 91
|------------||-----------|

13:52:37.574 [main] INFO  c.gettingstarted.MyAlgoLogic - [MYALGO] Have:9 children, want 45. Adding order for100@98
total order count is 9
13:52:37.574 [main] INFO  c.container.Actioner - [ALGO] Actioner, sending action:CreateChildOrder(side=BUY,quantity=100,price=98)
13:52:37.574 [main] INFO  c.sequencer.consumer.LoggingConsumer - [11] [CreateOrder](sbeTemplateId=4|sbeSchemaId=2|sbeSchemaVersion=0|sbeBlockLength=33):instrumentId=0|price=98|quantity=100|side=BUY|orderId=11
13:52:37.574 [main] INFO  c.gettingstarted.MyAlgoLogic - [MYALGO] The state of the order book is:
|----BID-----||----ASK----|
   101 @ 100    100 @ 98
   200 @ 110    200 @ 95
  5000 @ 115    300 @ 91
|------------||-----------|

13:52:37.574 [main] INFO  c.gettingstarted.MyAlgoLogic - [MYALGO] Algo Sees Book as:
|----BID-----||----ASK----|
   101 @ 100    100 @ 98
   200 @ 110    200 @ 95
  5000 @ 115    300 @ 91
|------------||-----------|

13:52:37.574 [main] INFO  c.gettingstarted.MyAlgoLogic - [MYALGO] Have:10 children, want 45. Adding order for100@98
total order count is 10
13:52:37.574 [main] INFO  c.container.Actioner - [ALGO] Actioner, sending action:CreateChildOrder(side=BUY,quantity=100,price=98)
13:52:37.574 [main] INFO  c.sequencer.consumer.LoggingConsumer - [12] [CreateOrder](sbeTemplateId=4|sbeSchemaId=2|sbeSchemaVersion=0|sbeBlockLength=33):instrumentId=0|price=98|quantity=100|side=BUY|orderId=12
13:52:37.574 [main] INFO  c.gettingstarted.MyAlgoLogic - [MYALGO] The state of the order book is:
|----BID-----||----ASK----|
   101 @ 100    100 @ 98
   200 @ 110    200 @ 95
  5000 @ 115    300 @ 91
|------------||-----------|

13:52:37.574 [main] INFO  c.gettingstarted.MyAlgoLogic - [MYALGO] Algo Sees Book as:
|----BID-----||----ASK----|
   101 @ 100    100 @ 98
   200 @ 110    200 @ 95
  5000 @ 115    300 @ 91
|------------||-----------|

13:52:37.574 [main] INFO  c.gettingstarted.MyAlgoLogic - [MYALGO] Have:11 children, want 45. Adding order for100@98
total order count is 11
13:52:37.574 [main] INFO  c.container.Actioner - [ALGO] Actioner, sending action:CreateChildOrder(side=BUY,quantity=100,price=98)
13:52:37.574 [main] INFO  c.sequencer.consumer.LoggingConsumer - [13] [CreateOrder](sbeTemplateId=4|sbeSchemaId=2|sbeSchemaVersion=0|sbeBlockLength=33):instrumentId=0|price=98|quantity=100|side=BUY|orderId=13
13:52:37.574 [main] INFO  c.gettingstarted.MyAlgoLogic - [MYALGO] The state of the order book is:
|----BID-----||----ASK----|
   101 @ 100    100 @ 98
   200 @ 110    200 @ 95
  5000 @ 115    300 @ 91
|------------||-----------|

13:52:37.574 [main] INFO  c.gettingstarted.MyAlgoLogic - [MYALGO] Algo Sees Book as:
|----BID-----||----ASK----|
   101 @ 100    100 @ 98
   200 @ 110    200 @ 95
  5000 @ 115    300 @ 91
|------------||-----------|

13:52:37.574 [main] INFO  c.gettingstarted.MyAlgoLogic - [MYALGO] Have:12 children, want 45. Adding order for100@98
total order count is 12
13:52:37.574 [main] INFO  c.container.Actioner - [ALGO] Actioner, sending action:CreateChildOrder(side=BUY,quantity=100,price=98)
13:52:37.574 [main] INFO  c.sequencer.consumer.LoggingConsumer - [14] [CreateOrder](sbeTemplateId=4|sbeSchemaId=2|sbeSchemaVersion=0|sbeBlockLength=33):instrumentId=0|price=98|quantity=100|side=BUY|orderId=14
13:52:37.574 [main] INFO  c.gettingstarted.MyAlgoLogic - [MYALGO] The state of the order book is:
|----BID-----||----ASK----|
   101 @ 100    100 @ 98
   200 @ 110    200 @ 95
  5000 @ 115    300 @ 91
|------------||-----------|

13:52:37.574 [main] INFO  c.gettingstarted.MyAlgoLogic - [MYALGO] Algo Sees Book as:
|----BID-----||----ASK----|
   101 @ 100    100 @ 98
   200 @ 110    200 @ 95
  5000 @ 115    300 @ 91
|------------||-----------|

13:52:37.575 [main] INFO  c.gettingstarted.MyAlgoLogic - [MYALGO] Have:13 children, want 45. Adding order for100@98
total order count is 13
13:52:37.575 [main] INFO  c.container.Actioner - [ALGO] Actioner, sending action:CreateChildOrder(side=BUY,quantity=100,price=98)
13:52:37.575 [main] INFO  c.sequencer.consumer.LoggingConsumer - [15] [CreateOrder](sbeTemplateId=4|sbeSchemaId=2|sbeSchemaVersion=0|sbeBlockLength=33):instrumentId=0|price=98|quantity=100|side=BUY|orderId=15
13:52:37.575 [main] INFO  c.gettingstarted.MyAlgoLogic - [MYALGO] The state of the order book is:
|----BID-----||----ASK----|
   101 @ 100    100 @ 98
   200 @ 110    200 @ 95
  5000 @ 115    300 @ 91
|------------||-----------|

13:52:37.575 [main] INFO  c.gettingstarted.MyAlgoLogic - [MYALGO] Algo Sees Book as:
|----BID-----||----ASK----|
   101 @ 100    100 @ 98
   200 @ 110    200 @ 95
  5000 @ 115    300 @ 91
|------------||-----------|

13:52:37.575 [main] INFO  c.gettingstarted.MyAlgoLogic - [MYALGO] Have:14 children, want 45. Adding order for100@98
total order count is 14
13:52:37.575 [main] INFO  c.container.Actioner - [ALGO] Actioner, sending action:CreateChildOrder(side=BUY,quantity=100,price=98)
13:52:37.575 [main] INFO  c.sequencer.consumer.LoggingConsumer - [16] [CreateOrder](sbeTemplateId=4|sbeSchemaId=2|sbeSchemaVersion=0|sbeBlockLength=33):instrumentId=0|price=98|quantity=100|side=BUY|orderId=16
13:52:37.575 [main] INFO  c.gettingstarted.MyAlgoLogic - [MYALGO] The state of the order book is:
|----BID-----||----ASK----|
   101 @ 100    100 @ 98
   200 @ 110    200 @ 95
  5000 @ 115    300 @ 91
|------------||-----------|

13:52:37.575 [main] INFO  c.gettingstarted.MyAlgoLogic - [MYALGO] Algo Sees Book as:
|----BID-----||----ASK----|
   101 @ 100    100 @ 98
   200 @ 110    200 @ 95
  5000 @ 115    300 @ 91
|------------||-----------|

13:52:37.575 [main] INFO  c.gettingstarted.MyAlgoLogic - [MYALGO] Have:15 children, want 45. Adding order for100@98
total order count is 15
13:52:37.575 [main] INFO  c.container.Actioner - [ALGO] Actioner, sending action:CreateChildOrder(side=BUY,quantity=100,price=98)
13:52:37.575 [main] INFO  c.sequencer.consumer.LoggingConsumer - [17] [CreateOrder](sbeTemplateId=4|sbeSchemaId=2|sbeSchemaVersion=0|sbeBlockLength=33):instrumentId=0|price=98|quantity=100|side=BUY|orderId=17
13:52:37.575 [main] INFO  c.gettingstarted.MyAlgoLogic - [MYALGO] The state of the order book is:
|----BID-----||----ASK----|
   101 @ 100    100 @ 98
   200 @ 110    200 @ 95
  5000 @ 115    300 @ 91
|------------||-----------|

13:52:37.576 [main] INFO  c.gettingstarted.MyAlgoLogic - [MYALGO] Algo Sees Book as:
|----BID-----||----ASK----|
   101 @ 100    100 @ 98
   200 @ 110    200 @ 95
  5000 @ 115    300 @ 91
|------------||-----------|

13:52:37.576 [main] INFO  c.gettingstarted.MyAlgoLogic - [MYALGO] Have:16 children, want 45. Adding order for100@98
total order count is 16
13:52:37.576 [main] INFO  c.container.Actioner - [ALGO] Actioner, sending action:CreateChildOrder(side=BUY,quantity=100,price=98)
13:52:37.576 [main] INFO  c.sequencer.consumer.LoggingConsumer - [18] [CreateOrder](sbeTemplateId=4|sbeSchemaId=2|sbeSchemaVersion=0|sbeBlockLength=33):instrumentId=0|price=98|quantity=100|side=BUY|orderId=18
13:52:37.576 [main] INFO  c.gettingstarted.MyAlgoLogic - [MYALGO] The state of the order book is:
|----BID-----||----ASK----|
   101 @ 100    100 @ 98
   200 @ 110    200 @ 95
  5000 @ 115    300 @ 91
|------------||-----------|

13:52:37.576 [main] INFO  c.gettingstarted.MyAlgoLogic - [MYALGO] Algo Sees Book as:
|----BID-----||----ASK----|
   101 @ 100    100 @ 98
   200 @ 110    200 @ 95
  5000 @ 115    300 @ 91
|------------||-----------|

13:52:37.576 [main] INFO  c.gettingstarted.MyAlgoLogic - [MYALGO] Have:17 children, want 45. Adding order for100@98
total order count is 17
13:52:37.576 [main] INFO  c.container.Actioner - [ALGO] Actioner, sending action:CreateChildOrder(side=BUY,quantity=100,price=98)
13:52:37.576 [main] INFO  c.sequencer.consumer.LoggingConsumer - [19] [CreateOrder](sbeTemplateId=4|sbeSchemaId=2|sbeSchemaVersion=0|sbeBlockLength=33):instrumentId=0|price=98|quantity=100|side=BUY|orderId=19
13:52:37.576 [main] INFO  c.gettingstarted.MyAlgoLogic - [MYALGO] The state of the order book is:
|----BID-----||----ASK----|
   101 @ 100    100 @ 98
   200 @ 110    200 @ 95
  5000 @ 115    300 @ 91
|------------||-----------|

13:52:37.576 [main] INFO  c.gettingstarted.MyAlgoLogic - [MYALGO] Algo Sees Book as:
|----BID-----||----ASK----|
   101 @ 100    100 @ 98
   200 @ 110    200 @ 95
  5000 @ 115    300 @ 91
|------------||-----------|

13:52:37.576 [main] INFO  c.gettingstarted.MyAlgoLogic - [MYALGO] Have:18 children, want 45. Adding order for100@98
total order count is 18
13:52:37.576 [main] INFO  c.container.Actioner - [ALGO] Actioner, sending action:CreateChildOrder(side=BUY,quantity=100,price=98)
13:52:37.576 [main] INFO  c.sequencer.consumer.LoggingConsumer - [20] [CreateOrder](sbeTemplateId=4|sbeSchemaId=2|sbeSchemaVersion=0|sbeBlockLength=33):instrumentId=0|price=98|quantity=100|side=BUY|orderId=20
13:52:37.576 [main] INFO  c.gettingstarted.MyAlgoLogic - [MYALGO] The state of the order book is:
|----BID-----||----ASK----|
   101 @ 100    100 @ 98
   200 @ 110    200 @ 95
  5000 @ 115    300 @ 91
|------------||-----------|

13:52:37.576 [main] INFO  c.gettingstarted.MyAlgoLogic - [MYALGO] Algo Sees Book as:
|----BID-----||----ASK----|
   101 @ 100    100 @ 98
   200 @ 110    200 @ 95
  5000 @ 115    300 @ 91
|------------||-----------|

13:52:37.576 [main] INFO  c.gettingstarted.MyAlgoLogic - [MYALGO] Have:19 children, want 45. Adding order for100@98
total order count is 19
13:52:37.576 [main] INFO  c.container.Actioner - [ALGO] Actioner, sending action:CreateChildOrder(side=BUY,quantity=100,price=98)
13:52:37.576 [main] INFO  c.sequencer.consumer.LoggingConsumer - [21] [CreateOrder](sbeTemplateId=4|sbeSchemaId=2|sbeSchemaVersion=0|sbeBlockLength=33):instrumentId=0|price=98|quantity=100|side=BUY|orderId=21
13:52:37.576 [main] INFO  c.gettingstarted.MyAlgoLogic - [MYALGO] The state of the order book is:
|----BID-----||----ASK----|
   101 @ 100    100 @ 98
   200 @ 110    200 @ 95
  5000 @ 115    300 @ 91
|------------||-----------|

13:52:37.576 [main] INFO  c.gettingstarted.MyAlgoLogic - [MYALGO] Algo Sees Book as:
|----BID-----||----ASK----|
   101 @ 100    100 @ 98
   200 @ 110    200 @ 95
  5000 @ 115    300 @ 91
|------------||-----------|

13:52:37.576 [main] INFO  c.gettingstarted.MyAlgoLogic - [MYALGO] Have:20 children, want 45. Adding order for100@98
total order count is 20
13:52:37.576 [main] INFO  c.container.Actioner - [ALGO] Actioner, sending action:CreateChildOrder(side=BUY,quantity=100,price=98)
13:52:37.576 [main] INFO  c.sequencer.consumer.LoggingConsumer - [22] [CreateOrder](sbeTemplateId=4|sbeSchemaId=2|sbeSchemaVersion=0|sbeBlockLength=33):instrumentId=0|price=98|quantity=100|side=BUY|orderId=22
13:52:37.577 [main] INFO  c.gettingstarted.MyAlgoLogic - [MYALGO] The state of the order book is:
|----BID-----||----ASK----|
   101 @ 100    100 @ 98
   200 @ 110    200 @ 95
  5000 @ 115    300 @ 91
|------------||-----------|

13:52:37.577 [main] INFO  c.gettingstarted.MyAlgoLogic - [MYALGO] Algo Sees Book as:
|----BID-----||----ASK----|
   101 @ 100    100 @ 98
   200 @ 110    200 @ 95
  5000 @ 115    300 @ 91
|------------||-----------|

13:52:37.577 [main] INFO  c.gettingstarted.MyAlgoLogic - [MYALGO] Have:21 children, want 45. Adding order for100@98
total order count is 21
13:52:37.577 [main] INFO  c.container.Actioner - [ALGO] Actioner, sending action:CreateChildOrder(side=BUY,quantity=100,price=98)
13:52:37.577 [main] INFO  c.sequencer.consumer.LoggingConsumer - [23] [CreateOrder](sbeTemplateId=4|sbeSchemaId=2|sbeSchemaVersion=0|sbeBlockLength=33):instrumentId=0|price=98|quantity=100|side=BUY|orderId=23
13:52:37.577 [main] INFO  c.gettingstarted.MyAlgoLogic - [MYALGO] The state of the order book is:
|----BID-----||----ASK----|
   101 @ 100    100 @ 98
   200 @ 110    200 @ 95
  5000 @ 115    300 @ 91
|------------||-----------|

13:52:37.577 [main] INFO  c.gettingstarted.MyAlgoLogic - [MYALGO] Algo Sees Book as:
|----BID-----||----ASK----|
   101 @ 100    100 @ 98
   200 @ 110    200 @ 95
  5000 @ 115    300 @ 91
|------------||-----------|

13:52:37.577 [main] INFO  c.gettingstarted.MyAlgoLogic - [MYALGO] Have:22 children, want 45. Adding order for100@98
total order count is 22
13:52:37.577 [main] INFO  c.container.Actioner - [ALGO] Actioner, sending action:CreateChildOrder(side=BUY,quantity=100,price=98)
13:52:37.577 [main] INFO  c.sequencer.consumer.LoggingConsumer - [24] [CreateOrder](sbeTemplateId=4|sbeSchemaId=2|sbeSchemaVersion=0|sbeBlockLength=33):instrumentId=0|price=98|quantity=100|side=BUY|orderId=24
13:52:37.577 [main] INFO  c.gettingstarted.MyAlgoLogic - [MYALGO] The state of the order book is:
|----BID-----||----ASK----|
   101 @ 100    100 @ 98
   200 @ 110    200 @ 95
  5000 @ 115    300 @ 91
|------------||-----------|

13:52:37.577 [main] INFO  c.gettingstarted.MyAlgoLogic - [MYALGO] Algo Sees Book as:
|----BID-----||----ASK----|
   101 @ 100    100 @ 98
   200 @ 110    200 @ 95
  5000 @ 115    300 @ 91
|------------||-----------|

13:52:37.577 [main] INFO  c.gettingstarted.MyAlgoLogic - [MYALGO] Have:23 children, want 45. Adding order for100@98
total order count is 23
13:52:37.577 [main] INFO  c.container.Actioner - [ALGO] Actioner, sending action:CreateChildOrder(side=BUY,quantity=100,price=98)
13:52:37.577 [main] INFO  c.sequencer.consumer.LoggingConsumer - [25] [CreateOrder](sbeTemplateId=4|sbeSchemaId=2|sbeSchemaVersion=0|sbeBlockLength=33):instrumentId=0|price=98|quantity=100|side=BUY|orderId=25
13:52:37.577 [main] INFO  c.gettingstarted.MyAlgoLogic - [MYALGO] The state of the order book is:
|----BID-----||----ASK----|
   101 @ 100    100 @ 98
   200 @ 110    200 @ 95
  5000 @ 115    300 @ 91
|------------||-----------|

13:52:37.577 [main] INFO  c.gettingstarted.MyAlgoLogic - [MYALGO] Algo Sees Book as:
|----BID-----||----ASK----|
   101 @ 100    100 @ 98
   200 @ 110    200 @ 95
  5000 @ 115    300 @ 91
|------------||-----------|

13:52:37.577 [main] INFO  c.gettingstarted.MyAlgoLogic - [MYALGO] Have:24 children, want 45. Adding order for100@98
total order count is 24
13:52:37.577 [main] INFO  c.container.Actioner - [ALGO] Actioner, sending action:CreateChildOrder(side=BUY,quantity=100,price=98)
13:52:37.577 [main] INFO  c.sequencer.consumer.LoggingConsumer - [26] [CreateOrder](sbeTemplateId=4|sbeSchemaId=2|sbeSchemaVersion=0|sbeBlockLength=33):instrumentId=0|price=98|quantity=100|side=BUY|orderId=26
13:52:37.577 [main] INFO  c.gettingstarted.MyAlgoLogic - [MYALGO] The state of the order book is:
|----BID-----||----ASK----|
   101 @ 100    100 @ 98
   200 @ 110    200 @ 95
  5000 @ 115    300 @ 91
|------------||-----------|

13:52:37.577 [main] INFO  c.gettingstarted.MyAlgoLogic - [MYALGO] Algo Sees Book as:
|----BID-----||----ASK----|
   101 @ 100    100 @ 98
   200 @ 110    200 @ 95
  5000 @ 115    300 @ 91
|------------||-----------|

13:52:37.577 [main] INFO  c.gettingstarted.MyAlgoLogic - [MYALGO] Have:25 children, want 45. Adding order for100@98
total order count is 25
13:52:37.577 [main] INFO  c.container.Actioner - [ALGO] Actioner, sending action:CreateChildOrder(side=BUY,quantity=100,price=98)
13:52:37.577 [main] INFO  c.sequencer.consumer.LoggingConsumer - [27] [CreateOrder](sbeTemplateId=4|sbeSchemaId=2|sbeSchemaVersion=0|sbeBlockLength=33):instrumentId=0|price=98|quantity=100|side=BUY|orderId=27
13:52:37.577 [main] INFO  c.gettingstarted.MyAlgoLogic - [MYALGO] The state of the order book is:
|----BID-----||----ASK----|
   101 @ 100    100 @ 98
   200 @ 110    200 @ 95
  5000 @ 115    300 @ 91
|------------||-----------|

13:52:37.577 [main] INFO  c.gettingstarted.MyAlgoLogic - [MYALGO] Algo Sees Book as:
|----BID-----||----ASK----|
   101 @ 100    100 @ 98
   200 @ 110    200 @ 95
  5000 @ 115    300 @ 91
|------------||-----------|

13:52:37.577 [main] INFO  c.gettingstarted.MyAlgoLogic - [MYALGO] Have:26 children, want 45. Adding order for100@98
total order count is 26
13:52:37.578 [main] INFO  c.container.Actioner - [ALGO] Actioner, sending action:CreateChildOrder(side=BUY,quantity=100,price=98)
13:52:37.578 [main] INFO  c.sequencer.consumer.LoggingConsumer - [28] [CreateOrder](sbeTemplateId=4|sbeSchemaId=2|sbeSchemaVersion=0|sbeBlockLength=33):instrumentId=0|price=98|quantity=100|side=BUY|orderId=28
13:52:37.578 [main] INFO  c.gettingstarted.MyAlgoLogic - [MYALGO] The state of the order book is:
|----BID-----||----ASK----|
   101 @ 100    100 @ 98
   200 @ 110    200 @ 95
  5000 @ 115    300 @ 91
|------------||-----------|

13:52:37.578 [main] INFO  c.gettingstarted.MyAlgoLogic - [MYALGO] Algo Sees Book as:
|----BID-----||----ASK----|
   101 @ 100    100 @ 98
   200 @ 110    200 @ 95
  5000 @ 115    300 @ 91
|------------||-----------|

13:52:37.578 [main] INFO  c.gettingstarted.MyAlgoLogic - [MYALGO] Have:27 children, want 45. Adding order for100@98
total order count is 27
13:52:37.578 [main] INFO  c.container.Actioner - [ALGO] Actioner, sending action:CreateChildOrder(side=BUY,quantity=100,price=98)
13:52:37.578 [main] INFO  c.sequencer.consumer.LoggingConsumer - [29] [CreateOrder](sbeTemplateId=4|sbeSchemaId=2|sbeSchemaVersion=0|sbeBlockLength=33):instrumentId=0|price=98|quantity=100|side=BUY|orderId=29
13:52:37.578 [main] INFO  c.gettingstarted.MyAlgoLogic - [MYALGO] The state of the order book is:
|----BID-----||----ASK----|
   101 @ 100    100 @ 98
   200 @ 110    200 @ 95
  5000 @ 115    300 @ 91
|------------||-----------|

13:52:37.578 [main] INFO  c.gettingstarted.MyAlgoLogic - [MYALGO] Algo Sees Book as:
|----BID-----||----ASK----|
   101 @ 100    100 @ 98
   200 @ 110    200 @ 95
  5000 @ 115    300 @ 91
|------------||-----------|

13:52:37.578 [main] INFO  c.gettingstarted.MyAlgoLogic - [MYALGO] Have:28 children, want 45. Adding order for100@98
total order count is 28
13:52:37.578 [main] INFO  c.container.Actioner - [ALGO] Actioner, sending action:CreateChildOrder(side=BUY,quantity=100,price=98)
13:52:37.578 [main] INFO  c.sequencer.consumer.LoggingConsumer - [30] [CreateOrder](sbeTemplateId=4|sbeSchemaId=2|sbeSchemaVersion=0|sbeBlockLength=33):instrumentId=0|price=98|quantity=100|side=BUY|orderId=30
13:52:37.578 [main] INFO  c.gettingstarted.MyAlgoLogic - [MYALGO] The state of the order book is:
|----BID-----||----ASK----|
   101 @ 100    100 @ 98
   200 @ 110    200 @ 95
  5000 @ 115    300 @ 91
|------------||-----------|

13:52:37.578 [main] INFO  c.gettingstarted.MyAlgoLogic - [MYALGO] Algo Sees Book as:
|----BID-----||----ASK----|
   101 @ 100    100 @ 98
   200 @ 110    200 @ 95
  5000 @ 115    300 @ 91
|------------||-----------|

13:52:37.578 [main] INFO  c.gettingstarted.MyAlgoLogic - [MYALGO] Have:29 children, want 45. Adding order for100@98
total order count is 29
13:52:37.578 [main] INFO  c.container.Actioner - [ALGO] Actioner, sending action:CreateChildOrder(side=BUY,quantity=100,price=98)
13:52:37.578 [main] INFO  c.sequencer.consumer.LoggingConsumer - [31] [CreateOrder](sbeTemplateId=4|sbeSchemaId=2|sbeSchemaVersion=0|sbeBlockLength=33):instrumentId=0|price=98|quantity=100|side=BUY|orderId=31
13:52:37.578 [main] INFO  c.gettingstarted.MyAlgoLogic - [MYALGO] The state of the order book is:
|----BID-----||----ASK----|
   101 @ 100    100 @ 98
   200 @ 110    200 @ 95
  5000 @ 115    300 @ 91
|------------||-----------|

13:52:37.578 [main] INFO  c.gettingstarted.MyAlgoLogic - [MYALGO] Algo Sees Book as:
|----BID-----||----ASK----|
   101 @ 100    100 @ 98
   200 @ 110    200 @ 95
  5000 @ 115    300 @ 91
|------------||-----------|

13:52:37.578 [main] INFO  c.gettingstarted.MyAlgoLogic - [MYALGO] Have:30 children, want 45. Adding order for100@98
total order count is 30
13:52:37.578 [main] INFO  c.container.Actioner - [ALGO] Actioner, sending action:CreateChildOrder(side=BUY,quantity=100,price=98)
13:52:37.578 [main] INFO  c.sequencer.consumer.LoggingConsumer - [32] [CreateOrder](sbeTemplateId=4|sbeSchemaId=2|sbeSchemaVersion=0|sbeBlockLength=33):instrumentId=0|price=98|quantity=100|side=BUY|orderId=32
13:52:37.578 [main] INFO  c.gettingstarted.MyAlgoLogic - [MYALGO] The state of the order book is:
|----BID-----||----ASK----|
   101 @ 100    100 @ 98
   200 @ 110    200 @ 95
  5000 @ 115    300 @ 91
|------------||-----------|

13:52:37.578 [main] INFO  c.gettingstarted.MyAlgoLogic - [MYALGO] Algo Sees Book as:
|----BID-----||----ASK----|
   101 @ 100    100 @ 98
   200 @ 110    200 @ 95
  5000 @ 115    300 @ 91
|------------||-----------|

13:52:37.578 [main] INFO  c.gettingstarted.MyAlgoLogic - [MYALGO] Have:31 children, want 45. Adding order for100@98
total order count is 31
13:52:37.578 [main] INFO  c.container.Actioner - [ALGO] Actioner, sending action:CreateChildOrder(side=BUY,quantity=100,price=98)
13:52:37.578 [main] INFO  c.sequencer.consumer.LoggingConsumer - [33] [CreateOrder](sbeTemplateId=4|sbeSchemaId=2|sbeSchemaVersion=0|sbeBlockLength=33):instrumentId=0|price=98|quantity=100|side=BUY|orderId=33
13:52:37.578 [main] INFO  c.gettingstarted.MyAlgoLogic - [MYALGO] The state of the order book is:
|----BID-----||----ASK----|
   101 @ 100    100 @ 98
   200 @ 110    200 @ 95
  5000 @ 115    300 @ 91
|------------||-----------|

13:52:37.578 [main] INFO  c.gettingstarted.MyAlgoLogic - [MYALGO] Algo Sees Book as:
|----BID-----||----ASK----|
   101 @ 100    100 @ 98
   200 @ 110    200 @ 95
  5000 @ 115    300 @ 91
|------------||-----------|

13:52:37.579 [main] INFO  c.gettingstarted.MyAlgoLogic - [MYALGO] Have:32 children, want 45. Adding order for100@98
total order count is 32
13:52:37.579 [main] INFO  c.container.Actioner - [ALGO] Actioner, sending action:CreateChildOrder(side=BUY,quantity=100,price=98)
13:52:37.579 [main] INFO  c.sequencer.consumer.LoggingConsumer - [34] [CreateOrder](sbeTemplateId=4|sbeSchemaId=2|sbeSchemaVersion=0|sbeBlockLength=33):instrumentId=0|price=98|quantity=100|side=BUY|orderId=34
13:52:37.579 [main] INFO  c.gettingstarted.MyAlgoLogic - [MYALGO] The state of the order book is:
|----BID-----||----ASK----|
   101 @ 100    100 @ 98
   200 @ 110    200 @ 95
  5000 @ 115    300 @ 91
|------------||-----------|

13:52:37.579 [main] INFO  c.gettingstarted.MyAlgoLogic - [MYALGO] Algo Sees Book as:
|----BID-----||----ASK----|
   101 @ 100    100 @ 98
   200 @ 110    200 @ 95
  5000 @ 115    300 @ 91
|------------||-----------|

13:52:37.579 [main] INFO  c.gettingstarted.MyAlgoLogic - [MYALGO] Have:33 children, want 45. Adding order for100@98
total order count is 33
13:52:37.579 [main] INFO  c.container.Actioner - [ALGO] Actioner, sending action:CreateChildOrder(side=BUY,quantity=100,price=98)
13:52:37.579 [main] INFO  c.sequencer.consumer.LoggingConsumer - [35] [CreateOrder](sbeTemplateId=4|sbeSchemaId=2|sbeSchemaVersion=0|sbeBlockLength=33):instrumentId=0|price=98|quantity=100|side=BUY|orderId=35
13:52:37.579 [main] INFO  c.gettingstarted.MyAlgoLogic - [MYALGO] The state of the order book is:
|----BID-----||----ASK----|
   101 @ 100    100 @ 98
   200 @ 110    200 @ 95
  5000 @ 115    300 @ 91
|------------||-----------|

13:52:37.579 [main] INFO  c.gettingstarted.MyAlgoLogic - [MYALGO] Algo Sees Book as:
|----BID-----||----ASK----|
   101 @ 100    100 @ 98
   200 @ 110    200 @ 95
  5000 @ 115    300 @ 91
|------------||-----------|

13:52:37.579 [main] INFO  c.gettingstarted.MyAlgoLogic - [MYALGO] Have:34 children, want 45. Adding order for100@98
total order count is 34
13:52:37.579 [main] INFO  c.container.Actioner - [ALGO] Actioner, sending action:CreateChildOrder(side=BUY,quantity=100,price=98)
13:52:37.579 [main] INFO  c.sequencer.consumer.LoggingConsumer - [36] [CreateOrder](sbeTemplateId=4|sbeSchemaId=2|sbeSchemaVersion=0|sbeBlockLength=33):instrumentId=0|price=98|quantity=100|side=BUY|orderId=36
13:52:37.579 [main] INFO  c.gettingstarted.MyAlgoLogic - [MYALGO] The state of the order book is:
|----BID-----||----ASK----|
   101 @ 100    100 @ 98
   200 @ 110    200 @ 95
  5000 @ 115    300 @ 91
|------------||-----------|

13:52:37.579 [main] INFO  c.gettingstarted.MyAlgoLogic - [MYALGO] Algo Sees Book as:
|----BID-----||----ASK----|
   101 @ 100    100 @ 98
   200 @ 110    200 @ 95
  5000 @ 115    300 @ 91
|------------||-----------|

13:52:37.579 [main] INFO  c.gettingstarted.MyAlgoLogic - [MYALGO] Have:35 children, want 45. Adding order for100@98
total order count is 35
13:52:37.579 [main] INFO  c.container.Actioner - [ALGO] Actioner, sending action:CreateChildOrder(side=BUY,quantity=100,price=98)
13:52:37.579 [main] INFO  c.sequencer.consumer.LoggingConsumer - [37] [CreateOrder](sbeTemplateId=4|sbeSchemaId=2|sbeSchemaVersion=0|sbeBlockLength=33):instrumentId=0|price=98|quantity=100|side=BUY|orderId=37
13:52:37.579 [main] INFO  c.gettingstarted.MyAlgoLogic - [MYALGO] The state of the order book is:
|----BID-----||----ASK----|
   101 @ 100    100 @ 98
   200 @ 110    200 @ 95
  5000 @ 115    300 @ 91
|------------||-----------|

13:52:37.579 [main] INFO  c.gettingstarted.MyAlgoLogic - [MYALGO] Algo Sees Book as:
|----BID-----||----ASK----|
   101 @ 100    100 @ 98
   200 @ 110    200 @ 95
  5000 @ 115    300 @ 91
|------------||-----------|

13:52:37.579 [main] INFO  c.gettingstarted.MyAlgoLogic - [MYALGO] Have:36 children, want 45. Adding order for100@98
total order count is 36
13:52:37.579 [main] INFO  c.container.Actioner - [ALGO] Actioner, sending action:CreateChildOrder(side=BUY,quantity=100,price=98)
13:52:37.579 [main] INFO  c.sequencer.consumer.LoggingConsumer - [38] [CreateOrder](sbeTemplateId=4|sbeSchemaId=2|sbeSchemaVersion=0|sbeBlockLength=33):instrumentId=0|price=98|quantity=100|side=BUY|orderId=38
13:52:37.579 [main] INFO  c.gettingstarted.MyAlgoLogic - [MYALGO] The state of the order book is:
|----BID-----||----ASK----|
   101 @ 100    100 @ 98
   200 @ 110    200 @ 95
  5000 @ 115    300 @ 91
|------------||-----------|

13:52:37.579 [main] INFO  c.gettingstarted.MyAlgoLogic - [MYALGO] Algo Sees Book as:
|----BID-----||----ASK----|
   101 @ 100    100 @ 98
   200 @ 110    200 @ 95
  5000 @ 115    300 @ 91
|------------||-----------|

13:52:37.579 [main] INFO  c.gettingstarted.MyAlgoLogic - [MYALGO] Have:37 children, want 45. Adding order for100@98
total order count is 37
13:52:37.579 [main] INFO  c.container.Actioner - [ALGO] Actioner, sending action:CreateChildOrder(side=BUY,quantity=100,price=98)
13:52:37.579 [main] INFO  c.sequencer.consumer.LoggingConsumer - [39] [CreateOrder](sbeTemplateId=4|sbeSchemaId=2|sbeSchemaVersion=0|sbeBlockLength=33):instrumentId=0|price=98|quantity=100|side=BUY|orderId=39
13:52:37.579 [main] INFO  c.gettingstarted.MyAlgoLogic - [MYALGO] The state of the order book is:
|----BID-----||----ASK----|
   101 @ 100    100 @ 98
   200 @ 110    200 @ 95
  5000 @ 115    300 @ 91
|------------||-----------|

13:52:37.579 [main] INFO  c.gettingstarted.MyAlgoLogic - [MYALGO] Algo Sees Book as:
|----BID-----||----ASK----|
   101 @ 100    100 @ 98
   200 @ 110    200 @ 95
  5000 @ 115    300 @ 91
|------------||-----------|

13:52:37.579 [main] INFO  c.gettingstarted.MyAlgoLogic - [MYALGO] Have:38 children, want 45. Adding order for100@98
total order count is 38
13:52:37.579 [main] INFO  c.container.Actioner - [ALGO] Actioner, sending action:CreateChildOrder(side=BUY,quantity=100,price=98)
13:52:37.580 [main] INFO  c.sequencer.consumer.LoggingConsumer - [40] [CreateOrder](sbeTemplateId=4|sbeSchemaId=2|sbeSchemaVersion=0|sbeBlockLength=33):instrumentId=0|price=98|quantity=100|side=BUY|orderId=40
13:52:37.580 [main] INFO  c.gettingstarted.MyAlgoLogic - [MYALGO] The state of the order book is:
|----BID-----||----ASK----|
   101 @ 100    100 @ 98
   200 @ 110    200 @ 95
  5000 @ 115    300 @ 91
|------------||-----------|

13:52:37.580 [main] INFO  c.gettingstarted.MyAlgoLogic - [MYALGO] Algo Sees Book as:
|----BID-----||----ASK----|
   101 @ 100    100 @ 98
   200 @ 110    200 @ 95
  5000 @ 115    300 @ 91
|------------||-----------|

13:52:37.580 [main] INFO  c.gettingstarted.MyAlgoLogic - [MYALGO] Have:39 children, want 45. Adding order for100@98
total order count is 39
13:52:37.580 [main] INFO  c.container.Actioner - [ALGO] Actioner, sending action:CreateChildOrder(side=BUY,quantity=100,price=98)
13:52:37.580 [main] INFO  c.sequencer.consumer.LoggingConsumer - [41] [CreateOrder](sbeTemplateId=4|sbeSchemaId=2|sbeSchemaVersion=0|sbeBlockLength=33):instrumentId=0|price=98|quantity=100|side=BUY|orderId=41
13:52:37.580 [main] INFO  c.gettingstarted.MyAlgoLogic - [MYALGO] The state of the order book is:
|----BID-----||----ASK----|
   101 @ 100    100 @ 98
   200 @ 110    200 @ 95
  5000 @ 115    300 @ 91
|------------||-----------|

13:52:37.580 [main] INFO  c.gettingstarted.MyAlgoLogic - [MYALGO] Algo Sees Book as:
|----BID-----||----ASK----|
   101 @ 100    100 @ 98
   200 @ 110    200 @ 95
  5000 @ 115    300 @ 91
|------------||-----------|

13:52:37.580 [main] INFO  c.gettingstarted.MyAlgoLogic - [MYALGO] Have:40 children, want 45. Adding order for100@98
total order count is 40
13:52:37.580 [main] INFO  c.container.Actioner - [ALGO] Actioner, sending action:CreateChildOrder(side=BUY,quantity=100,price=98)
13:52:37.580 [main] INFO  c.sequencer.consumer.LoggingConsumer - [42] [CreateOrder](sbeTemplateId=4|sbeSchemaId=2|sbeSchemaVersion=0|sbeBlockLength=33):instrumentId=0|price=98|quantity=100|side=BUY|orderId=42
13:52:37.580 [main] INFO  c.gettingstarted.MyAlgoLogic - [MYALGO] The state of the order book is:
|----BID-----||----ASK----|
   101 @ 100    100 @ 98
   200 @ 110    200 @ 95
  5000 @ 115    300 @ 91
|------------||-----------|

13:52:37.580 [main] INFO  c.gettingstarted.MyAlgoLogic - [MYALGO] Algo Sees Book as:
|----BID-----||----ASK----|
   101 @ 100    100 @ 98
   200 @ 110    200 @ 95
  5000 @ 115    300 @ 91
|------------||-----------|

13:52:37.580 [main] INFO  c.gettingstarted.MyAlgoLogic - [MYALGO] Have:41 children, want 45. Adding order for100@98
total order count is 41
13:52:37.580 [main] INFO  c.container.Actioner - [ALGO] Actioner, sending action:CreateChildOrder(side=BUY,quantity=100,price=98)
13:52:37.580 [main] INFO  c.sequencer.consumer.LoggingConsumer - [43] [CreateOrder](sbeTemplateId=4|sbeSchemaId=2|sbeSchemaVersion=0|sbeBlockLength=33):instrumentId=0|price=98|quantity=100|side=BUY|orderId=43
13:52:37.580 [main] INFO  c.gettingstarted.MyAlgoLogic - [MYALGO] The state of the order book is:
|----BID-----||----ASK----|
   101 @ 100    100 @ 98
   200 @ 110    200 @ 95
  5000 @ 115    300 @ 91
|------------||-----------|

13:52:37.580 [main] INFO  c.gettingstarted.MyAlgoLogic - [MYALGO] Algo Sees Book as:
|----BID-----||----ASK----|
   101 @ 100    100 @ 98
   200 @ 110    200 @ 95
  5000 @ 115    300 @ 91
|------------||-----------|

13:52:37.580 [main] INFO  c.gettingstarted.MyAlgoLogic - [MYALGO] Have:42 children, want 45. Adding order for100@98
total order count is 42
13:52:37.580 [main] INFO  c.container.Actioner - [ALGO] Actioner, sending action:CreateChildOrder(side=BUY,quantity=100,price=98)
13:52:37.580 [main] INFO  c.sequencer.consumer.LoggingConsumer - [44] [CreateOrder](sbeTemplateId=4|sbeSchemaId=2|sbeSchemaVersion=0|sbeBlockLength=33):instrumentId=0|price=98|quantity=100|side=BUY|orderId=44
13:52:37.580 [main] INFO  c.gettingstarted.MyAlgoLogic - [MYALGO] The state of the order book is:
|----BID-----||----ASK----|
   101 @ 100    100 @ 98
   200 @ 110    200 @ 95
  5000 @ 115    300 @ 91
|------------||-----------|

13:52:37.580 [main] INFO  c.gettingstarted.MyAlgoLogic - [MYALGO] Algo Sees Book as:
|----BID-----||----ASK----|
   101 @ 100    100 @ 98
   200 @ 110    200 @ 95
  5000 @ 115    300 @ 91
|------------||-----------|

13:52:37.580 [main] INFO  c.gettingstarted.MyAlgoLogic - [MYALGO] Have:43 children, want 45. Adding order for100@98
total order count is 43
13:52:37.580 [main] INFO  c.container.Actioner - [ALGO] Actioner, sending action:CreateChildOrder(side=BUY,quantity=100,price=98)
13:52:37.580 [main] INFO  c.sequencer.consumer.LoggingConsumer - [45] [CreateOrder](sbeTemplateId=4|sbeSchemaId=2|sbeSchemaVersion=0|sbeBlockLength=33):instrumentId=0|price=98|quantity=100|side=BUY|orderId=45
13:52:37.580 [main] INFO  c.gettingstarted.MyAlgoLogic - [MYALGO] The state of the order book is:
|----BID-----||----ASK----|
   101 @ 100    100 @ 98
   200 @ 110    200 @ 95
  5000 @ 115    300 @ 91
|------------||-----------|

13:52:37.580 [main] INFO  c.gettingstarted.MyAlgoLogic - [MYALGO] Algo Sees Book as:
|----BID-----||----ASK----|
   101 @ 100    100 @ 98
   200 @ 110    200 @ 95
  5000 @ 115    300 @ 91
|------------||-----------|

13:52:37.580 [main] INFO  c.gettingstarted.MyAlgoLogic - [MYALGO] Have:44 children, want 45. Adding order for100@98
total order count is 44
13:52:37.580 [main] INFO  c.container.Actioner - [ALGO] Actioner, sending action:CreateChildOrder(side=BUY,quantity=100,price=98)
13:52:37.580 [main] INFO  c.sequencer.consumer.LoggingConsumer - [46] [CreateOrder](sbeTemplateId=4|sbeSchemaId=2|sbeSchemaVersion=0|sbeBlockLength=33):instrumentId=0|price=98|quantity=100|side=BUY|orderId=46
13:52:37.581 [main] INFO  c.gettingstarted.MyAlgoLogic - [MYALGO] The state of the order book is:
|----BID-----||----ASK----|
   101 @ 100    100 @ 98
   200 @ 110    200 @ 95
  5000 @ 115    300 @ 91
|------------||-----------|

13:52:37.581 [main] INFO  c.gettingstarted.MyAlgoLogic - [MYALGO] Algo Sees Book as:
|----BID-----||----ASK----|
   101 @ 100    100 @ 98
   200 @ 110    200 @ 95
  5000 @ 115    300 @ 91
|------------||-----------|

13:52:37.581 [main] INFO  c.gettingstarted.MyAlgoLogic - [MYALGO] Have:45 children, want 5, done.
13:52:37.581 [main] INFO  c.gettingstarted.MyAlgoLogic - [MYALGO] active orders are 45
13:52:37.581 [main] INFO  c.gettingstarted.MyAlgoLogic - [MYALGO] Cancelling order:codingblackfemales.sotw.ChildOrder@ba54932
13:52:37.581 [main] INFO  c.gettingstarted.MyAlgoLogic - [MYALGO] option is present, number of active orders are 45
13:52:37.581 [main] INFO  c.container.Actioner - [ALGO] Actioner, sending action:CancelChildOrder(codingblackfemales.sotw.ChildOrder@ba54932)
13:52:37.581 [main] INFO  c.sequencer.consumer.LoggingConsumer - [47] [CancelOrder](sbeTemplateId=5|sbeSchemaId=2|sbeSchemaVersion=0|sbeBlockLength=8):orderId=2
13:52:37.581 [main] INFO  c.gettingstarted.MyAlgoLogic - [MYALGO] The state of the order book is:
|----BID-----||----ASK----|
   101 @ 100    100 @ 98
   200 @ 110    200 @ 95
  5000 @ 115    300 @ 91
|------------||-----------|

13:52:37.581 [main] INFO  c.gettingstarted.MyAlgoLogic - [MYALGO] Algo Sees Book as:
|----BID-----||----ASK----|
   101 @ 100    100 @ 98
   200 @ 110    200 @ 95
  5000 @ 115    300 @ 91
|------------||-----------|

13:52:37.581 [main] INFO  c.gettingstarted.MyAlgoLogic - [MYALGO] Have:44 children, want 5, done.
13:52:37.581 [main] INFO  c.gettingstarted.MyAlgoLogic - [MYALGO] active orders are 44
13:52:37.581 [main] INFO  c.gettingstarted.MyAlgoLogic - [MYALGO] Cancelling order:codingblackfemales.sotw.ChildOrder@28975c28
13:52:37.581 [main] INFO  c.gettingstarted.MyAlgoLogic - [MYALGO] option is present, number of active orders are 44
13:52:37.581 [main] INFO  c.container.Actioner - [ALGO] Actioner, sending action:CancelChildOrder(codingblackfemales.sotw.ChildOrder@28975c28)
13:52:37.581 [main] INFO  c.sequencer.consumer.LoggingConsumer - [48] [CancelOrder](sbeTemplateId=5|sbeSchemaId=2|sbeSchemaVersion=0|sbeBlockLength=8):orderId=3
13:52:37.581 [main] INFO  c.gettingstarted.MyAlgoLogic - [MYALGO] The state of the order book is:
|----BID-----||----ASK----|
   101 @ 100    100 @ 98
   200 @ 110    200 @ 95
  5000 @ 115    300 @ 91
|------------||-----------|

13:52:37.581 [main] INFO  c.gettingstarted.MyAlgoLogic - [MYALGO] Algo Sees Book as:
|----BID-----||----ASK----|
   101 @ 100    100 @ 98
   200 @ 110    200 @ 95
  5000 @ 115    300 @ 91
|------------||-----------|

13:52:37.581 [main] INFO  c.gettingstarted.MyAlgoLogic - [MYALGO] Have:43 children, want 5, done.
13:52:37.581 [main] INFO  c.gettingstarted.MyAlgoLogic - [MYALGO] active orders are 43
13:52:37.581 [main] INFO  c.gettingstarted.MyAlgoLogic - [MYALGO] Cancelling order:codingblackfemales.sotw.ChildOrder@3943a2be
13:52:37.581 [main] INFO  c.gettingstarted.MyAlgoLogic - [MYALGO] option is present, number of active orders are 43
13:52:37.581 [main] INFO  c.container.Actioner - [ALGO] Actioner, sending action:CancelChildOrder(codingblackfemales.sotw.ChildOrder@3943a2be)
13:52:37.581 [main] INFO  c.sequencer.consumer.LoggingConsumer - [49] [CancelOrder](sbeTemplateId=5|sbeSchemaId=2|sbeSchemaVersion=0|sbeBlockLength=8):orderId=4
13:52:37.582 [main] INFO  c.gettingstarted.MyAlgoLogic - [MYALGO] The state of the order book is:
|----BID-----||----ASK----|
   101 @ 100    100 @ 98
   200 @ 110    200 @ 95
  5000 @ 115    300 @ 91
|------------||-----------|

13:52:37.582 [main] INFO  c.gettingstarted.MyAlgoLogic - [MYALGO] Algo Sees Book as:
|----BID-----||----ASK----|
   101 @ 100    100 @ 98
   200 @ 110    200 @ 95
  5000 @ 115    300 @ 91
|------------||-----------|

13:52:37.582 [main] INFO  c.gettingstarted.MyAlgoLogic - [MYALGO] Have:42 children, want 5, done.
13:52:37.582 [main] INFO  c.gettingstarted.MyAlgoLogic - [MYALGO] active orders are 42
13:52:37.582 [main] INFO  c.gettingstarted.MyAlgoLogic - [MYALGO] Cancelling order:codingblackfemales.sotw.ChildOrder@343570b7
13:52:37.582 [main] INFO  c.gettingstarted.MyAlgoLogic - [MYALGO] option is present, number of active orders are 42
13:52:37.582 [main] INFO  c.container.Actioner - [ALGO] Actioner, sending action:CancelChildOrder(codingblackfemales.sotw.ChildOrder@343570b7)
13:52:37.582 [main] INFO  c.sequencer.consumer.LoggingConsumer - [50] [CancelOrder](sbeTemplateId=5|sbeSchemaId=2|sbeSchemaVersion=0|sbeBlockLength=8):orderId=5
13:52:37.583 [main] INFO  c.gettingstarted.MyAlgoLogic - [MYALGO] The state of the order book is:
|----BID-----||----ASK----|
   101 @ 100    100 @ 98
   200 @ 110    200 @ 95
  5000 @ 115    300 @ 91
|------------||-----------|

13:52:37.583 [main] INFO  c.gettingstarted.MyAlgoLogic - [MYALGO] Algo Sees Book as:
|----BID-----||----ASK----|
   101 @ 100    100 @ 98
   200 @ 110    200 @ 95
  5000 @ 115    300 @ 91
|------------||-----------|

13:52:37.583 [main] INFO  c.gettingstarted.MyAlgoLogic - [MYALGO] Have:41 children, want 5, done.
13:52:37.583 [main] INFO  c.gettingstarted.MyAlgoLogic - [MYALGO] active orders are 41
13:52:37.583 [main] INFO  c.gettingstarted.MyAlgoLogic - [MYALGO] Cancelling order:codingblackfemales.sotw.ChildOrder@157853da
13:52:37.583 [main] INFO  c.gettingstarted.MyAlgoLogic - [MYALGO] option is present, number of active orders are 41
13:52:37.583 [main] INFO  c.container.Actioner - [ALGO] Actioner, sending action:CancelChildOrder(codingblackfemales.sotw.ChildOrder@157853da)
13:52:37.584 [main] INFO  c.sequencer.consumer.LoggingConsumer - [51] [CancelOrder](sbeTemplateId=5|sbeSchemaId=2|sbeSchemaVersion=0|sbeBlockLength=8):orderId=6
13:52:37.584 [main] INFO  c.gettingstarted.MyAlgoLogic - [MYALGO] The state of the order book is:
|----BID-----||----ASK----|
   101 @ 100    100 @ 98
   200 @ 110    200 @ 95
  5000 @ 115    300 @ 91
|------------||-----------|

13:52:37.584 [main] INFO  c.gettingstarted.MyAlgoLogic - [MYALGO] Algo Sees Book as:
|----BID-----||----ASK----|
   101 @ 100    100 @ 98
   200 @ 110    200 @ 95
  5000 @ 115    300 @ 91
|------------||-----------|

13:52:37.584 [main] INFO  c.gettingstarted.MyAlgoLogic - [MYALGO] Have:40 children, want 5, done.
13:52:37.584 [main] INFO  c.gettingstarted.MyAlgoLogic - [MYALGO] active orders are 40
13:52:37.584 [main] INFO  c.gettingstarted.MyAlgoLogic - [MYALGO] Cancelling order:codingblackfemales.sotw.ChildOrder@71c3b41
13:52:37.584 [main] INFO  c.gettingstarted.MyAlgoLogic - [MYALGO] option is present, number of active orders are 40
13:52:37.584 [main] INFO  c.container.Actioner - [ALGO] Actioner, sending action:CancelChildOrder(codingblackfemales.sotw.ChildOrder@71c3b41)
13:52:37.584 [main] INFO  c.sequencer.consumer.LoggingConsumer - [52] [CancelOrder](sbeTemplateId=5|sbeSchemaId=2|sbeSchemaVersion=0|sbeBlockLength=8):orderId=7
13:52:37.584 [main] INFO  c.gettingstarted.MyAlgoLogic - [MYALGO] The state of the order book is:
|----BID-----||----ASK----|
   101 @ 100    100 @ 98
   200 @ 110    200 @ 95
  5000 @ 115    300 @ 91
|------------||-----------|

13:52:37.584 [main] INFO  c.gettingstarted.MyAlgoLogic - [MYALGO] Algo Sees Book as:
|----BID-----||----ASK----|
   101 @ 100    100 @ 98
   200 @ 110    200 @ 95
  5000 @ 115    300 @ 91
|------------||-----------|

13:52:37.584 [main] INFO  c.gettingstarted.MyAlgoLogic - [MYALGO] Have:39 children, want 5, done.
13:52:37.584 [main] INFO  c.gettingstarted.MyAlgoLogic - [MYALGO] active orders are 39
13:52:37.584 [main] INFO  c.gettingstarted.MyAlgoLogic - [MYALGO] Cancelling order:codingblackfemales.sotw.ChildOrder@236e3f4e
13:52:37.584 [main] INFO  c.gettingstarted.MyAlgoLogic - [MYALGO] option is present, number of active orders are 39
13:52:37.584 [main] INFO  c.container.Actioner - [ALGO] Actioner, sending action:CancelChildOrder(codingblackfemales.sotw.ChildOrder@236e3f4e)
13:52:37.584 [main] INFO  c.sequencer.consumer.LoggingConsumer - [53] [CancelOrder](sbeTemplateId=5|sbeSchemaId=2|sbeSchemaVersion=0|sbeBlockLength=8):orderId=8
13:52:37.584 [main] INFO  c.gettingstarted.MyAlgoLogic - [MYALGO] The state of the order book is:
|----BID-----||----ASK----|
   101 @ 100    100 @ 98
   200 @ 110    200 @ 95
  5000 @ 115    300 @ 91
|------------||-----------|

13:52:37.584 [main] INFO  c.gettingstarted.MyAlgoLogic - [MYALGO] Algo Sees Book as:
|----BID-----||----ASK----|
   101 @ 100    100 @ 98
   200 @ 110    200 @ 95
  5000 @ 115    300 @ 91
|------------||-----------|

13:52:37.584 [main] INFO  c.gettingstarted.MyAlgoLogic - [MYALGO] Have:38 children, want 5, done.
13:52:37.584 [main] INFO  c.gettingstarted.MyAlgoLogic - [MYALGO] active orders are 38
13:52:37.584 [main] INFO  c.gettingstarted.MyAlgoLogic - [MYALGO] Cancelling order:codingblackfemales.sotw.ChildOrder@3cc1435c
13:52:37.584 [main] INFO  c.gettingstarted.MyAlgoLogic - [MYALGO] option is present, number of active orders are 38
13:52:37.584 [main] INFO  c.container.Actioner - [ALGO] Actioner, sending action:CancelChildOrder(codingblackfemales.sotw.ChildOrder@3cc1435c)
13:52:37.584 [main] INFO  c.sequencer.consumer.LoggingConsumer - [54] [CancelOrder](sbeTemplateId=5|sbeSchemaId=2|sbeSchemaVersion=0|sbeBlockLength=8):orderId=9
13:52:37.584 [main] INFO  c.gettingstarted.MyAlgoLogic - [MYALGO] The state of the order book is:
|----BID-----||----ASK----|
   101 @ 100    100 @ 98
   200 @ 110    200 @ 95
  5000 @ 115    300 @ 91
|------------||-----------|

13:52:37.584 [main] INFO  c.gettingstarted.MyAlgoLogic - [MYALGO] Algo Sees Book as:
|----BID-----||----ASK----|
   101 @ 100    100 @ 98
   200 @ 110    200 @ 95
  5000 @ 115    300 @ 91
|------------||-----------|

13:52:37.584 [main] INFO  c.gettingstarted.MyAlgoLogic - [MYALGO] Have:37 children, want 5, done.
13:52:37.584 [main] INFO  c.gettingstarted.MyAlgoLogic - [MYALGO] active orders are 37
13:52:37.584 [main] INFO  c.gettingstarted.MyAlgoLogic - [MYALGO] Cancelling order:codingblackfemales.sotw.ChildOrder@6bf0219d
13:52:37.584 [main] INFO  c.gettingstarted.MyAlgoLogic - [MYALGO] option is present, number of active orders are 37
13:52:37.584 [main] INFO  c.container.Actioner - [ALGO] Actioner, sending action:CancelChildOrder(codingblackfemales.sotw.ChildOrder@6bf0219d)
13:52:37.584 [main] INFO  c.sequencer.consumer.LoggingConsumer - [55] [CancelOrder](sbeTemplateId=5|sbeSchemaId=2|sbeSchemaVersion=0|sbeBlockLength=8):orderId=10
13:52:37.584 [main] INFO  c.gettingstarted.MyAlgoLogic - [MYALGO] The state of the order book is:
|----BID-----||----ASK----|
   101 @ 100    100 @ 98
   200 @ 110    200 @ 95
  5000 @ 115    300 @ 91
|------------||-----------|

13:52:37.585 [main] INFO  c.gettingstarted.MyAlgoLogic - [MYALGO] Algo Sees Book as:
|----BID-----||----ASK----|
   101 @ 100    100 @ 98
   200 @ 110    200 @ 95
  5000 @ 115    300 @ 91
|------------||-----------|

13:52:37.585 [main] INFO  c.gettingstarted.MyAlgoLogic - [MYALGO] Have:36 children, want 5, done.
13:52:37.585 [main] INFO  c.gettingstarted.MyAlgoLogic - [MYALGO] active orders are 36
13:52:37.585 [main] INFO  c.gettingstarted.MyAlgoLogic - [MYALGO] Cancelling order:codingblackfemales.sotw.ChildOrder@dd0c991
13:52:37.585 [main] INFO  c.gettingstarted.MyAlgoLogic - [MYALGO] option is present, number of active orders are 36
13:52:37.585 [main] INFO  c.container.Actioner - [ALGO] Actioner, sending action:CancelChildOrder(codingblackfemales.sotw.ChildOrder@dd0c991)
13:52:37.585 [main] INFO  c.sequencer.consumer.LoggingConsumer - [56] [CancelOrder](sbeTemplateId=5|sbeSchemaId=2|sbeSchemaVersion=0|sbeBlockLength=8):orderId=11
13:52:37.585 [main] INFO  c.gettingstarted.MyAlgoLogic - [MYALGO] The state of the order book is:
|----BID-----||----ASK----|
   101 @ 100    100 @ 98
   200 @ 110    200 @ 95
  5000 @ 115    300 @ 91
|------------||-----------|

13:52:37.585 [main] INFO  c.gettingstarted.MyAlgoLogic - [MYALGO] Algo Sees Book as:
|----BID-----||----ASK----|
   101 @ 100    100 @ 98
   200 @ 110    200 @ 95
  5000 @ 115    300 @ 91
|------------||-----------|

13:52:37.585 [main] INFO  c.gettingstarted.MyAlgoLogic - [MYALGO] Have:35 children, want 5, done.
13:52:37.585 [main] INFO  c.gettingstarted.MyAlgoLogic - [MYALGO] active orders are 35
13:52:37.585 [main] INFO  c.gettingstarted.MyAlgoLogic - [MYALGO] Cancelling order:codingblackfemales.sotw.ChildOrder@5f16132a
13:52:37.585 [main] INFO  c.gettingstarted.MyAlgoLogic - [MYALGO] option is present, number of active orders are 35
13:52:37.585 [main] INFO  c.container.Actioner - [ALGO] Actioner, sending action:CancelChildOrder(codingblackfemales.sotw.ChildOrder@5f16132a)
13:52:37.585 [main] INFO  c.sequencer.consumer.LoggingConsumer - [57] [CancelOrder](sbeTemplateId=5|sbeSchemaId=2|sbeSchemaVersion=0|sbeBlockLength=8):orderId=12
13:52:37.585 [main] INFO  c.gettingstarted.MyAlgoLogic - [MYALGO] The state of the order book is:
|----BID-----||----ASK----|
   101 @ 100    100 @ 98
   200 @ 110    200 @ 95
  5000 @ 115    300 @ 91
|------------||-----------|

13:52:37.585 [main] INFO  c.gettingstarted.MyAlgoLogic - [MYALGO] Algo Sees Book as:
|----BID-----||----ASK----|
   101 @ 100    100 @ 98
   200 @ 110    200 @ 95
  5000 @ 115    300 @ 91
|------------||-----------|

13:52:37.585 [main] INFO  c.gettingstarted.MyAlgoLogic - [MYALGO] Have:34 children, want 5, done.
13:52:37.585 [main] INFO  c.gettingstarted.MyAlgoLogic - [MYALGO] active orders are 34
13:52:37.585 [main] INFO  c.gettingstarted.MyAlgoLogic - [MYALGO] Cancelling order:codingblackfemales.sotw.ChildOrder@69fb6037
13:52:37.585 [main] INFO  c.gettingstarted.MyAlgoLogic - [MYALGO] option is present, number of active orders are 34
13:52:37.585 [main] INFO  c.container.Actioner - [ALGO] Actioner, sending action:CancelChildOrder(codingblackfemales.sotw.ChildOrder@69fb6037)
13:52:37.585 [main] INFO  c.sequencer.consumer.LoggingConsumer - [58] [CancelOrder](sbeTemplateId=5|sbeSchemaId=2|sbeSchemaVersion=0|sbeBlockLength=8):orderId=13
13:52:37.585 [main] INFO  c.gettingstarted.MyAlgoLogic - [MYALGO] The state of the order book is:
|----BID-----||----ASK----|
   101 @ 100    100 @ 98
   200 @ 110    200 @ 95
  5000 @ 115    300 @ 91
|------------||-----------|

13:52:37.585 [main] INFO  c.gettingstarted.MyAlgoLogic - [MYALGO] Algo Sees Book as:
|----BID-----||----ASK----|
   101 @ 100    100 @ 98
   200 @ 110    200 @ 95
  5000 @ 115    300 @ 91
|------------||-----------|

13:52:37.585 [main] INFO  c.gettingstarted.MyAlgoLogic - [MYALGO] Have:33 children, want 5, done.
13:52:37.585 [main] INFO  c.gettingstarted.MyAlgoLogic - [MYALGO] active orders are 33
13:52:37.585 [main] INFO  c.gettingstarted.MyAlgoLogic - [MYALGO] Cancelling order:codingblackfemales.sotw.ChildOrder@36d585c
13:52:37.585 [main] INFO  c.gettingstarted.MyAlgoLogic - [MYALGO] option is present, number of active orders are 33
13:52:37.585 [main] INFO  c.container.Actioner - [ALGO] Actioner, sending action:CancelChildOrder(codingblackfemales.sotw.ChildOrder@36d585c)
13:52:37.585 [main] INFO  c.sequencer.consumer.LoggingConsumer - [59] [CancelOrder](sbeTemplateId=5|sbeSchemaId=2|sbeSchemaVersion=0|sbeBlockLength=8):orderId=14
13:52:37.585 [main] INFO  c.gettingstarted.MyAlgoLogic - [MYALGO] The state of the order book is:
|----BID-----||----ASK----|
   101 @ 100    100 @ 98
   200 @ 110    200 @ 95
  5000 @ 115    300 @ 91
|------------||-----------|

13:52:37.585 [main] INFO  c.gettingstarted.MyAlgoLogic - [MYALGO] Algo Sees Book as:
|----BID-----||----ASK----|
   101 @ 100    100 @ 98
   200 @ 110    200 @ 95
  5000 @ 115    300 @ 91
|------------||-----------|

13:52:37.585 [main] INFO  c.gettingstarted.MyAlgoLogic - [MYALGO] Have:32 children, want 5, done.
13:52:37.585 [main] INFO  c.gettingstarted.MyAlgoLogic - [MYALGO] active orders are 32
13:52:37.585 [main] INFO  c.gettingstarted.MyAlgoLogic - [MYALGO] Cancelling order:codingblackfemales.sotw.ChildOrder@87a85e1
13:52:37.585 [main] INFO  c.gettingstarted.MyAlgoLogic - [MYALGO] option is present, number of active orders are 32
13:52:37.585 [main] INFO  c.container.Actioner - [ALGO] Actioner, sending action:CancelChildOrder(codingblackfemales.sotw.ChildOrder@87a85e1)
13:52:37.586 [main] INFO  c.sequencer.consumer.LoggingConsumer - [60] [CancelOrder](sbeTemplateId=5|sbeSchemaId=2|sbeSchemaVersion=0|sbeBlockLength=8):orderId=15
13:52:37.586 [main] INFO  c.gettingstarted.MyAlgoLogic - [MYALGO] The state of the order book is:
|----BID-----||----ASK----|
   101 @ 100    100 @ 98
   200 @ 110    200 @ 95
  5000 @ 115    300 @ 91
|------------||-----------|

13:52:37.586 [main] INFO  c.gettingstarted.MyAlgoLogic - [MYALGO] Algo Sees Book as:
|----BID-----||----ASK----|
   101 @ 100    100 @ 98
   200 @ 110    200 @ 95
  5000 @ 115    300 @ 91
|------------||-----------|

13:52:37.586 [main] INFO  c.gettingstarted.MyAlgoLogic - [MYALGO] Have:31 children, want 5, done.
13:52:37.586 [main] INFO  c.gettingstarted.MyAlgoLogic - [MYALGO] active orders are 31
13:52:37.586 [main] INFO  c.gettingstarted.MyAlgoLogic - [MYALGO] Cancelling order:codingblackfemales.sotw.ChildOrder@671a5887
13:52:37.586 [main] INFO  c.gettingstarted.MyAlgoLogic - [MYALGO] option is present, number of active orders are 31
13:52:37.586 [main] INFO  c.container.Actioner - [ALGO] Actioner, sending action:CancelChildOrder(codingblackfemales.sotw.ChildOrder@671a5887)
13:52:37.586 [main] INFO  c.sequencer.consumer.LoggingConsumer - [61] [CancelOrder](sbeTemplateId=5|sbeSchemaId=2|sbeSchemaVersion=0|sbeBlockLength=8):orderId=16
13:52:37.586 [main] INFO  c.gettingstarted.MyAlgoLogic - [MYALGO] The state of the order book is:
|----BID-----||----ASK----|
   101 @ 100    100 @ 98
   200 @ 110    200 @ 95
  5000 @ 115    300 @ 91
|------------||-----------|

13:52:37.586 [main] INFO  c.gettingstarted.MyAlgoLogic - [MYALGO] Algo Sees Book as:
|----BID-----||----ASK----|
   101 @ 100    100 @ 98
   200 @ 110    200 @ 95
  5000 @ 115    300 @ 91
|------------||-----------|

13:52:37.586 [main] INFO  c.gettingstarted.MyAlgoLogic - [MYALGO] Have:30 children, want 5, done.
13:52:37.586 [main] INFO  c.gettingstarted.MyAlgoLogic - [MYALGO] active orders are 30
13:52:37.586 [main] INFO  c.gettingstarted.MyAlgoLogic - [MYALGO] Cancelling order:codingblackfemales.sotw.ChildOrder@5552768b
13:52:37.586 [main] INFO  c.gettingstarted.MyAlgoLogic - [MYALGO] option is present, number of active orders are 30
13:52:37.586 [main] INFO  c.container.Actioner - [ALGO] Actioner, sending action:CancelChildOrder(codingblackfemales.sotw.ChildOrder@5552768b)
13:52:37.586 [main] INFO  c.sequencer.consumer.LoggingConsumer - [62] [CancelOrder](sbeTemplateId=5|sbeSchemaId=2|sbeSchemaVersion=0|sbeBlockLength=8):orderId=17
13:52:37.586 [main] INFO  c.gettingstarted.MyAlgoLogic - [MYALGO] The state of the order book is:
|----BID-----||----ASK----|
   101 @ 100    100 @ 98
   200 @ 110    200 @ 95
  5000 @ 115    300 @ 91
|------------||-----------|

13:52:37.586 [main] INFO  c.gettingstarted.MyAlgoLogic - [MYALGO] Algo Sees Book as:
|----BID-----||----ASK----|
   101 @ 100    100 @ 98
   200 @ 110    200 @ 95
  5000 @ 115    300 @ 91
|------------||-----------|

13:52:37.586 [main] INFO  c.gettingstarted.MyAlgoLogic - [MYALGO] Have:29 children, want 5, done.
13:52:37.586 [main] INFO  c.gettingstarted.MyAlgoLogic - [MYALGO] active orders are 29
13:52:37.586 [main] INFO  c.gettingstarted.MyAlgoLogic - [MYALGO] Cancelling order:codingblackfemales.sotw.ChildOrder@3c947bc5
13:52:37.586 [main] INFO  c.gettingstarted.MyAlgoLogic - [MYALGO] option is present, number of active orders are 29
13:52:37.586 [main] INFO  c.container.Actioner - [ALGO] Actioner, sending action:CancelChildOrder(codingblackfemales.sotw.ChildOrder@3c947bc5)
13:52:37.586 [main] INFO  c.sequencer.consumer.LoggingConsumer - [63] [CancelOrder](sbeTemplateId=5|sbeSchemaId=2|sbeSchemaVersion=0|sbeBlockLength=8):orderId=18
13:52:37.586 [main] INFO  c.gettingstarted.MyAlgoLogic - [MYALGO] The state of the order book is:
|----BID-----||----ASK----|
   101 @ 100    100 @ 98
   200 @ 110    200 @ 95
  5000 @ 115    300 @ 91
|------------||-----------|

13:52:37.586 [main] INFO  c.gettingstarted.MyAlgoLogic - [MYALGO] Algo Sees Book as:
|----BID-----||----ASK----|
   101 @ 100    100 @ 98
   200 @ 110    200 @ 95
  5000 @ 115    300 @ 91
|------------||-----------|

13:52:37.586 [main] INFO  c.gettingstarted.MyAlgoLogic - [MYALGO] Have:28 children, want 5, done.
13:52:37.586 [main] INFO  c.gettingstarted.MyAlgoLogic - [MYALGO] active orders are 28
13:52:37.586 [main] INFO  c.gettingstarted.MyAlgoLogic - [MYALGO] Cancelling order:codingblackfemales.sotw.ChildOrder@609db43b
13:52:37.586 [main] INFO  c.gettingstarted.MyAlgoLogic - [MYALGO] option is present, number of active orders are 28
13:52:37.586 [main] INFO  c.container.Actioner - [ALGO] Actioner, sending action:CancelChildOrder(codingblackfemales.sotw.ChildOrder@609db43b)
13:52:37.586 [main] INFO  c.sequencer.consumer.LoggingConsumer - [64] [CancelOrder](sbeTemplateId=5|sbeSchemaId=2|sbeSchemaVersion=0|sbeBlockLength=8):orderId=19
13:52:37.587 [main] INFO  c.gettingstarted.MyAlgoLogic - [MYALGO] The state of the order book is:
|----BID-----||----ASK----|
   101 @ 100    100 @ 98
   200 @ 110    200 @ 95
  5000 @ 115    300 @ 91
|------------||-----------|

13:52:37.587 [main] INFO  c.gettingstarted.MyAlgoLogic - [MYALGO] Algo Sees Book as:
|----BID-----||----ASK----|
   101 @ 100    100 @ 98
   200 @ 110    200 @ 95
  5000 @ 115    300 @ 91
|------------||-----------|

13:52:37.587 [main] INFO  c.gettingstarted.MyAlgoLogic - [MYALGO] Have:27 children, want 5, done.
13:52:37.587 [main] INFO  c.gettingstarted.MyAlgoLogic - [MYALGO] active orders are 27
13:52:37.587 [main] INFO  c.gettingstarted.MyAlgoLogic - [MYALGO] Cancelling order:codingblackfemales.sotw.ChildOrder@55f616cf
13:52:37.587 [main] INFO  c.gettingstarted.MyAlgoLogic - [MYALGO] option is present, number of active orders are 27
13:52:37.587 [main] INFO  c.container.Actioner - [ALGO] Actioner, sending action:CancelChildOrder(codingblackfemales.sotw.ChildOrder@55f616cf)
13:52:37.587 [main] INFO  c.sequencer.consumer.LoggingConsumer - [65] [CancelOrder](sbeTemplateId=5|sbeSchemaId=2|sbeSchemaVersion=0|sbeBlockLength=8):orderId=20
13:52:37.587 [main] INFO  c.gettingstarted.MyAlgoLogic - [MYALGO] The state of the order book is:
|----BID-----||----ASK----|
   101 @ 100    100 @ 98
   200 @ 110    200 @ 95
  5000 @ 115    300 @ 91
|------------||-----------|

13:52:37.587 [main] INFO  c.gettingstarted.MyAlgoLogic - [MYALGO] Algo Sees Book as:
|----BID-----||----ASK----|
   101 @ 100    100 @ 98
   200 @ 110    200 @ 95
  5000 @ 115    300 @ 91
|------------||-----------|

13:52:37.587 [main] INFO  c.gettingstarted.MyAlgoLogic - [MYALGO] Have:26 children, want 5, done.
13:52:37.587 [main] INFO  c.gettingstarted.MyAlgoLogic - [MYALGO] active orders are 26
13:52:37.587 [main] INFO  c.gettingstarted.MyAlgoLogic - [MYALGO] Cancelling order:codingblackfemales.sotw.ChildOrder@1356d4d4
13:52:37.587 [main] INFO  c.gettingstarted.MyAlgoLogic - [MYALGO] option is present, number of active orders are 26
13:52:37.587 [main] INFO  c.container.Actioner - [ALGO] Actioner, sending action:CancelChildOrder(codingblackfemales.sotw.ChildOrder@1356d4d4)
13:52:37.587 [main] INFO  c.sequencer.consumer.LoggingConsumer - [66] [CancelOrder](sbeTemplateId=5|sbeSchemaId=2|sbeSchemaVersion=0|sbeBlockLength=8):orderId=21
13:52:37.587 [main] INFO  c.gettingstarted.MyAlgoLogic - [MYALGO] The state of the order book is:
|----BID-----||----ASK----|
   101 @ 100    100 @ 98
   200 @ 110    200 @ 95
  5000 @ 115    300 @ 91
|------------||-----------|

13:52:37.587 [main] INFO  c.gettingstarted.MyAlgoLogic - [MYALGO] Algo Sees Book as:
|----BID-----||----ASK----|
   101 @ 100    100 @ 98
   200 @ 110    200 @ 95
  5000 @ 115    300 @ 91
|------------||-----------|

13:52:37.587 [main] INFO  c.gettingstarted.MyAlgoLogic - [MYALGO] Have:25 children, want 5, done.
13:52:37.587 [main] INFO  c.gettingstarted.MyAlgoLogic - [MYALGO] active orders are 25
13:52:37.587 [main] INFO  c.gettingstarted.MyAlgoLogic - [MYALGO] Cancelling order:codingblackfemales.sotw.ChildOrder@c03cf28
13:52:37.587 [main] INFO  c.gettingstarted.MyAlgoLogic - [MYALGO] option is present, number of active orders are 25
13:52:37.587 [main] INFO  c.container.Actioner - [ALGO] Actioner, sending action:CancelChildOrder(codingblackfemales.sotw.ChildOrder@c03cf28)
13:52:37.587 [main] INFO  c.sequencer.consumer.LoggingConsumer - [67] [CancelOrder](sbeTemplateId=5|sbeSchemaId=2|sbeSchemaVersion=0|sbeBlockLength=8):orderId=22
13:52:37.587 [main] INFO  c.gettingstarted.MyAlgoLogic - [MYALGO] The state of the order book is:
|----BID-----||----ASK----|
   101 @ 100    100 @ 98
   200 @ 110    200 @ 95
  5000 @ 115    300 @ 91
|------------||-----------|

13:52:37.587 [main] INFO  c.gettingstarted.MyAlgoLogic - [MYALGO] Algo Sees Book as:
|----BID-----||----ASK----|
   101 @ 100    100 @ 98
   200 @ 110    200 @ 95
  5000 @ 115    300 @ 91
|------------||-----------|

13:52:37.587 [main] INFO  c.gettingstarted.MyAlgoLogic - [MYALGO] Have:24 children, want 5, done.
13:52:37.587 [main] INFO  c.gettingstarted.MyAlgoLogic - [MYALGO] active orders are 24
13:52:37.587 [main] INFO  c.gettingstarted.MyAlgoLogic - [MYALGO] Cancelling order:codingblackfemales.sotw.ChildOrder@1329eff
13:52:37.587 [main] INFO  c.gettingstarted.MyAlgoLogic - [MYALGO] option is present, number of active orders are 24
13:52:37.587 [main] INFO  c.container.Actioner - [ALGO] Actioner, sending action:CancelChildOrder(codingblackfemales.sotw.ChildOrder@1329eff)
13:52:37.587 [main] INFO  c.sequencer.consumer.LoggingConsumer - [68] [CancelOrder](sbeTemplateId=5|sbeSchemaId=2|sbeSchemaVersion=0|sbeBlockLength=8):orderId=23
13:52:37.587 [main] INFO  c.gettingstarted.MyAlgoLogic - [MYALGO] The state of the order book is:
|----BID-----||----ASK----|
   101 @ 100    100 @ 98
   200 @ 110    200 @ 95
  5000 @ 115    300 @ 91
|------------||-----------|

13:52:37.587 [main] INFO  c.gettingstarted.MyAlgoLogic - [MYALGO] Algo Sees Book as:
|----BID-----||----ASK----|
   101 @ 100    100 @ 98
   200 @ 110    200 @ 95
  5000 @ 115    300 @ 91
|------------||-----------|

13:52:37.588 [main] INFO  c.gettingstarted.MyAlgoLogic - [MYALGO] Have:23 children, want 5, done.
13:52:37.588 [main] INFO  c.gettingstarted.MyAlgoLogic - [MYALGO] active orders are 23
13:52:37.588 [main] INFO  c.gettingstarted.MyAlgoLogic - [MYALGO] Cancelling order:codingblackfemales.sotw.ChildOrder@6497b078
13:52:37.588 [main] INFO  c.gettingstarted.MyAlgoLogic - [MYALGO] option is present, number of active orders are 23
13:52:37.588 [main] INFO  c.container.Actioner - [ALGO] Actioner, sending action:CancelChildOrder(codingblackfemales.sotw.ChildOrder@6497b078)
13:52:37.588 [main] INFO  c.sequencer.consumer.LoggingConsumer - [69] [CancelOrder](sbeTemplateId=5|sbeSchemaId=2|sbeSchemaVersion=0|sbeBlockLength=8):orderId=24
13:52:37.588 [main] INFO  c.gettingstarted.MyAlgoLogic - [MYALGO] The state of the order book is:
|----BID-----||----ASK----|
   101 @ 100    100 @ 98
   200 @ 110    200 @ 95
  5000 @ 115    300 @ 91
|------------||-----------|

13:52:37.588 [main] INFO  c.gettingstarted.MyAlgoLogic - [MYALGO] Algo Sees Book as:
|----BID-----||----ASK----|
   101 @ 100    100 @ 98
   200 @ 110    200 @ 95
  5000 @ 115    300 @ 91
|------------||-----------|

13:52:37.588 [main] INFO  c.gettingstarted.MyAlgoLogic - [MYALGO] Have:22 children, want 5, done.
13:52:37.588 [main] INFO  c.gettingstarted.MyAlgoLogic - [MYALGO] active orders are 22
13:52:37.588 [main] INFO  c.gettingstarted.MyAlgoLogic - [MYALGO] Cancelling order:codingblackfemales.sotw.ChildOrder@41c2284a
13:52:37.588 [main] INFO  c.gettingstarted.MyAlgoLogic - [MYALGO] option is present, number of active orders are 22
13:52:37.588 [main] INFO  c.container.Actioner - [ALGO] Actioner, sending action:CancelChildOrder(codingblackfemales.sotw.ChildOrder@41c2284a)
13:52:37.588 [main] INFO  c.sequencer.consumer.LoggingConsumer - [70] [CancelOrder](sbeTemplateId=5|sbeSchemaId=2|sbeSchemaVersion=0|sbeBlockLength=8):orderId=25
13:52:37.588 [main] INFO  c.gettingstarted.MyAlgoLogic - [MYALGO] The state of the order book is:
|----BID-----||----ASK----|
   101 @ 100    100 @ 98
   200 @ 110    200 @ 95
  5000 @ 115    300 @ 91
|------------||-----------|

13:52:37.588 [main] INFO  c.gettingstarted.MyAlgoLogic - [MYALGO] Algo Sees Book as:
|----BID-----||----ASK----|
   101 @ 100    100 @ 98
   200 @ 110    200 @ 95
  5000 @ 115    300 @ 91
|------------||-----------|

13:52:37.588 [main] INFO  c.gettingstarted.MyAlgoLogic - [MYALGO] Have:21 children, want 5, done.
13:52:37.588 [main] INFO  c.gettingstarted.MyAlgoLogic - [MYALGO] active orders are 21
13:52:37.588 [main] INFO  c.gettingstarted.MyAlgoLogic - [MYALGO] Cancelling order:codingblackfemales.sotw.ChildOrder@53aad5d5
13:52:37.588 [main] INFO  c.gettingstarted.MyAlgoLogic - [MYALGO] option is present, number of active orders are 21
13:52:37.588 [main] INFO  c.container.Actioner - [ALGO] Actioner, sending action:CancelChildOrder(codingblackfemales.sotw.ChildOrder@53aad5d5)
13:52:37.588 [main] INFO  c.sequencer.consumer.LoggingConsumer - [71] [CancelOrder](sbeTemplateId=5|sbeSchemaId=2|sbeSchemaVersion=0|sbeBlockLength=8):orderId=26
13:52:37.588 [main] INFO  c.gettingstarted.MyAlgoLogic - [MYALGO] The state of the order book is:
|----BID-----||----ASK----|
   101 @ 100    100 @ 98
   200 @ 110    200 @ 95
  5000 @ 115    300 @ 91
|------------||-----------|

13:52:37.588 [main] INFO  c.gettingstarted.MyAlgoLogic - [MYALGO] Algo Sees Book as:
|----BID-----||----ASK----|
   101 @ 100    100 @ 98
   200 @ 110    200 @ 95
  5000 @ 115    300 @ 91
|------------||-----------|

13:52:37.588 [main] INFO  c.gettingstarted.MyAlgoLogic - [MYALGO] Have:20 children, want 5, done.
13:52:37.588 [main] INFO  c.gettingstarted.MyAlgoLogic - [MYALGO] active orders are 20
13:52:37.588 [main] INFO  c.gettingstarted.MyAlgoLogic - [MYALGO] Cancelling order:codingblackfemales.sotw.ChildOrder@46fa7c39
13:52:37.588 [main] INFO  c.gettingstarted.MyAlgoLogic - [MYALGO] option is present, number of active orders are 20
13:52:37.588 [main] INFO  c.container.Actioner - [ALGO] Actioner, sending action:CancelChildOrder(codingblackfemales.sotw.ChildOrder@46fa7c39)
13:52:37.588 [main] INFO  c.sequencer.consumer.LoggingConsumer - [72] [CancelOrder](sbeTemplateId=5|sbeSchemaId=2|sbeSchemaVersion=0|sbeBlockLength=8):orderId=27
13:52:37.588 [main] INFO  c.gettingstarted.MyAlgoLogic - [MYALGO] The state of the order book is:
|----BID-----||----ASK----|
   101 @ 100    100 @ 98
   200 @ 110    200 @ 95
  5000 @ 115    300 @ 91
|------------||-----------|

13:52:37.588 [main] INFO  c.gettingstarted.MyAlgoLogic - [MYALGO] Algo Sees Book as:
|----BID-----||----ASK----|
   101 @ 100    100 @ 98
   200 @ 110    200 @ 95
  5000 @ 115    300 @ 91
|------------||-----------|

13:52:37.588 [main] INFO  c.gettingstarted.MyAlgoLogic - [MYALGO] Have:19 children, want 5, done.
13:52:37.588 [main] INFO  c.gettingstarted.MyAlgoLogic - [MYALGO] active orders are 19
13:52:37.588 [main] INFO  c.gettingstarted.MyAlgoLogic - [MYALGO] Cancelling order:codingblackfemales.sotw.ChildOrder@1fb700ee
13:52:37.588 [main] INFO  c.gettingstarted.MyAlgoLogic - [MYALGO] option is present, number of active orders are 19
13:52:37.588 [main] INFO  c.container.Actioner - [ALGO] Actioner, sending action:CancelChildOrder(codingblackfemales.sotw.ChildOrder@1fb700ee)
13:52:37.588 [main] INFO  c.sequencer.consumer.LoggingConsumer - [73] [CancelOrder](sbeTemplateId=5|sbeSchemaId=2|sbeSchemaVersion=0|sbeBlockLength=8):orderId=28
13:52:37.589 [main] INFO  c.gettingstarted.MyAlgoLogic - [MYALGO] The state of the order book is:
|----BID-----||----ASK----|
   101 @ 100    100 @ 98
   200 @ 110    200 @ 95
  5000 @ 115    300 @ 91
|------------||-----------|

13:52:37.589 [main] INFO  c.gettingstarted.MyAlgoLogic - [MYALGO] Algo Sees Book as:
|----BID-----||----ASK----|
   101 @ 100    100 @ 98
   200 @ 110    200 @ 95
  5000 @ 115    300 @ 91
|------------||-----------|

13:52:37.589 [main] INFO  c.gettingstarted.MyAlgoLogic - [MYALGO] Have:18 children, want 5, done.
13:52:37.589 [main] INFO  c.gettingstarted.MyAlgoLogic - [MYALGO] active orders are 18
13:52:37.589 [main] INFO  c.gettingstarted.MyAlgoLogic - [MYALGO] Cancelling order:codingblackfemales.sotw.ChildOrder@4f67eb2a
13:52:37.589 [main] INFO  c.gettingstarted.MyAlgoLogic - [MYALGO] option is present, number of active orders are 18
13:52:37.589 [main] INFO  c.container.Actioner - [ALGO] Actioner, sending action:CancelChildOrder(codingblackfemales.sotw.ChildOrder@4f67eb2a)
13:52:37.589 [main] INFO  c.sequencer.consumer.LoggingConsumer - [74] [CancelOrder](sbeTemplateId=5|sbeSchemaId=2|sbeSchemaVersion=0|sbeBlockLength=8):orderId=29
13:52:37.589 [main] INFO  c.gettingstarted.MyAlgoLogic - [MYALGO] The state of the order book is:
|----BID-----||----ASK----|
   101 @ 100    100 @ 98
   200 @ 110    200 @ 95
  5000 @ 115    300 @ 91
|------------||-----------|

13:52:37.589 [main] INFO  c.gettingstarted.MyAlgoLogic - [MYALGO] Algo Sees Book as:
|----BID-----||----ASK----|
   101 @ 100    100 @ 98
   200 @ 110    200 @ 95
  5000 @ 115    300 @ 91
|------------||-----------|

13:52:37.589 [main] INFO  c.gettingstarted.MyAlgoLogic - [MYALGO] Have:17 children, want 5, done.
13:52:37.589 [main] INFO  c.gettingstarted.MyAlgoLogic - [MYALGO] active orders are 17
13:52:37.589 [main] INFO  c.gettingstarted.MyAlgoLogic - [MYALGO] Cancelling order:codingblackfemales.sotw.ChildOrder@4a668b6e
13:52:37.589 [main] INFO  c.gettingstarted.MyAlgoLogic - [MYALGO] option is present, number of active orders are 17
13:52:37.589 [main] INFO  c.container.Actioner - [ALGO] Actioner, sending action:CancelChildOrder(codingblackfemales.sotw.ChildOrder@4a668b6e)
13:52:37.589 [main] INFO  c.sequencer.consumer.LoggingConsumer - [75] [CancelOrder](sbeTemplateId=5|sbeSchemaId=2|sbeSchemaVersion=0|sbeBlockLength=8):orderId=30
13:52:37.589 [main] INFO  c.gettingstarted.MyAlgoLogic - [MYALGO] The state of the order book is:
|----BID-----||----ASK----|
   101 @ 100    100 @ 98
   200 @ 110    200 @ 95
  5000 @ 115    300 @ 91
|------------||-----------|

13:52:37.589 [main] INFO  c.gettingstarted.MyAlgoLogic - [MYALGO] Algo Sees Book as:
|----BID-----||----ASK----|
   101 @ 100    100 @ 98
   200 @ 110    200 @ 95
  5000 @ 115    300 @ 91
|------------||-----------|

13:52:37.589 [main] INFO  c.gettingstarted.MyAlgoLogic - [MYALGO] Have:16 children, want 5, done.
13:52:37.589 [main] INFO  c.gettingstarted.MyAlgoLogic - [MYALGO] active orders are 16
13:52:37.589 [main] INFO  c.gettingstarted.MyAlgoLogic - [MYALGO] Cancelling order:codingblackfemales.sotw.ChildOrder@5f683daf
13:52:37.589 [main] INFO  c.gettingstarted.MyAlgoLogic - [MYALGO] option is present, number of active orders are 16
13:52:37.589 [main] INFO  c.container.Actioner - [ALGO] Actioner, sending action:CancelChildOrder(codingblackfemales.sotw.ChildOrder@5f683daf)
13:52:37.589 [main] INFO  c.sequencer.consumer.LoggingConsumer - [76] [CancelOrder](sbeTemplateId=5|sbeSchemaId=2|sbeSchemaVersion=0|sbeBlockLength=8):orderId=31
13:52:37.589 [main] INFO  c.gettingstarted.MyAlgoLogic - [MYALGO] The state of the order book is:
|----BID-----||----ASK----|
   101 @ 100    100 @ 98
   200 @ 110    200 @ 95
  5000 @ 115    300 @ 91
|------------||-----------|

13:52:37.589 [main] INFO  c.gettingstarted.MyAlgoLogic - [MYALGO] Algo Sees Book as:
|----BID-----||----ASK----|
   101 @ 100    100 @ 98
   200 @ 110    200 @ 95
  5000 @ 115    300 @ 91
|------------||-----------|

13:52:37.589 [main] INFO  c.gettingstarted.MyAlgoLogic - [MYALGO] Have:15 children, want 5, done.
13:52:37.589 [main] INFO  c.gettingstarted.MyAlgoLogic - [MYALGO] active orders are 15
13:52:37.589 [main] INFO  c.gettingstarted.MyAlgoLogic - [MYALGO] Cancelling order:codingblackfemales.sotw.ChildOrder@78ffe6dc
13:52:37.589 [main] INFO  c.gettingstarted.MyAlgoLogic - [MYALGO] option is present, number of active orders are 15
13:52:37.589 [main] INFO  c.container.Actioner - [ALGO] Actioner, sending action:CancelChildOrder(codingblackfemales.sotw.ChildOrder@78ffe6dc)
13:52:37.589 [main] INFO  c.sequencer.consumer.LoggingConsumer - [77] [CancelOrder](sbeTemplateId=5|sbeSchemaId=2|sbeSchemaVersion=0|sbeBlockLength=8):orderId=32
13:52:37.589 [main] INFO  c.gettingstarted.MyAlgoLogic - [MYALGO] The state of the order book is:
|----BID-----||----ASK----|
   101 @ 100    100 @ 98
   200 @ 110    200 @ 95
  5000 @ 115    300 @ 91
|------------||-----------|

13:52:37.589 [main] INFO  c.gettingstarted.MyAlgoLogic - [MYALGO] Algo Sees Book as:
|----BID-----||----ASK----|
   101 @ 100    100 @ 98
   200 @ 110    200 @ 95
  5000 @ 115    300 @ 91
|------------||-----------|

13:52:37.589 [main] INFO  c.gettingstarted.MyAlgoLogic - [MYALGO] Have:14 children, want 5, done.
13:52:37.589 [main] INFO  c.gettingstarted.MyAlgoLogic - [MYALGO] active orders are 14
13:52:37.589 [main] INFO  c.gettingstarted.MyAlgoLogic - [MYALGO] Cancelling order:codingblackfemales.sotw.ChildOrder@8317c52
13:52:37.589 [main] INFO  c.gettingstarted.MyAlgoLogic - [MYALGO] option is present, number of active orders are 14
13:52:37.589 [main] INFO  c.container.Actioner - [ALGO] Actioner, sending action:CancelChildOrder(codingblackfemales.sotw.ChildOrder@8317c52)
13:52:37.589 [main] INFO  c.sequencer.consumer.LoggingConsumer - [78] [CancelOrder](sbeTemplateId=5|sbeSchemaId=2|sbeSchemaVersion=0|sbeBlockLength=8):orderId=33
13:52:37.590 [main] INFO  c.gettingstarted.MyAlgoLogic - [MYALGO] The state of the order book is:
|----BID-----||----ASK----|
   101 @ 100    100 @ 98
   200 @ 110    200 @ 95
  5000 @ 115    300 @ 91
|------------||-----------|

13:52:37.590 [main] INFO  c.gettingstarted.MyAlgoLogic - [MYALGO] Algo Sees Book as:
|----BID-----||----ASK----|
   101 @ 100    100 @ 98
   200 @ 110    200 @ 95
  5000 @ 115    300 @ 91
|------------||-----------|

13:52:37.590 [main] INFO  c.gettingstarted.MyAlgoLogic - [MYALGO] Have:13 children, want 5, done.
13:52:37.590 [main] INFO  c.gettingstarted.MyAlgoLogic - [MYALGO] active orders are 13
13:52:37.590 [main] INFO  c.gettingstarted.MyAlgoLogic - [MYALGO] Cancelling order:codingblackfemales.sotw.ChildOrder@76f2bbc1
13:52:37.590 [main] INFO  c.gettingstarted.MyAlgoLogic - [MYALGO] option is present, number of active orders are 13
13:52:37.590 [main] INFO  c.container.Actioner - [ALGO] Actioner, sending action:CancelChildOrder(codingblackfemales.sotw.ChildOrder@76f2bbc1)
13:52:37.590 [main] INFO  c.sequencer.consumer.LoggingConsumer - [79] [CancelOrder](sbeTemplateId=5|sbeSchemaId=2|sbeSchemaVersion=0|sbeBlockLength=8):orderId=34
13:52:37.590 [main] INFO  c.gettingstarted.MyAlgoLogic - [MYALGO] The state of the order book is:
|----BID-----||----ASK----|
   101 @ 100    100 @ 98
   200 @ 110    200 @ 95
  5000 @ 115    300 @ 91
|------------||-----------|

13:52:37.590 [main] INFO  c.gettingstarted.MyAlgoLogic - [MYALGO] Algo Sees Book as:
|----BID-----||----ASK----|
   101 @ 100    100 @ 98
   200 @ 110    200 @ 95
  5000 @ 115    300 @ 91
|------------||-----------|

13:52:37.590 [main] INFO  c.gettingstarted.MyAlgoLogic - [MYALGO] Have:12 children, want 5, done.
13:52:37.590 [main] INFO  c.gettingstarted.MyAlgoLogic - [MYALGO] active orders are 12
13:52:37.590 [main] INFO  c.gettingstarted.MyAlgoLogic - [MYALGO] Cancelling order:codingblackfemales.sotw.ChildOrder@68e965f5
13:52:37.590 [main] INFO  c.gettingstarted.MyAlgoLogic - [MYALGO] option is present, number of active orders are 12
13:52:37.590 [main] INFO  c.container.Actioner - [ALGO] Actioner, sending action:CancelChildOrder(codingblackfemales.sotw.ChildOrder@68e965f5)
13:52:37.590 [main] INFO  c.sequencer.consumer.LoggingConsumer - [80] [CancelOrder](sbeTemplateId=5|sbeSchemaId=2|sbeSchemaVersion=0|sbeBlockLength=8):orderId=35
13:52:37.590 [main] INFO  c.gettingstarted.MyAlgoLogic - [MYALGO] The state of the order book is:
|----BID-----||----ASK----|
   101 @ 100    100 @ 98
   200 @ 110    200 @ 95
  5000 @ 115    300 @ 91
|------------||-----------|

13:52:37.590 [main] INFO  c.gettingstarted.MyAlgoLogic - [MYALGO] Algo Sees Book as:
|----BID-----||----ASK----|
   101 @ 100    100 @ 98
   200 @ 110    200 @ 95
  5000 @ 115    300 @ 91
|------------||-----------|

13:52:37.590 [main] INFO  c.gettingstarted.MyAlgoLogic - [MYALGO] Have:11 children, want 5, done.
13:52:37.590 [main] INFO  c.gettingstarted.MyAlgoLogic - [MYALGO] active orders are 11
13:52:37.590 [main] INFO  c.gettingstarted.MyAlgoLogic - [MYALGO] Cancelling order:codingblackfemales.sotw.ChildOrder@6f27a732
13:52:37.590 [main] INFO  c.gettingstarted.MyAlgoLogic - [MYALGO] option is present, number of active orders are 11
13:52:37.590 [main] INFO  c.container.Actioner - [ALGO] Actioner, sending action:CancelChildOrder(codingblackfemales.sotw.ChildOrder@6f27a732)
13:52:37.590 [main] INFO  c.sequencer.consumer.LoggingConsumer - [81] [CancelOrder](sbeTemplateId=5|sbeSchemaId=2|sbeSchemaVersion=0|sbeBlockLength=8):orderId=36
13:52:37.590 [main] INFO  c.gettingstarted.MyAlgoLogic - [MYALGO] The state of the order book is:
|----BID-----||----ASK----|
   101 @ 100    100 @ 98
   200 @ 110    200 @ 95
  5000 @ 115    300 @ 91
|------------||-----------|

13:52:37.590 [main] INFO  c.gettingstarted.MyAlgoLogic - [MYALGO] Algo Sees Book as:
|----BID-----||----ASK----|
   101 @ 100    100 @ 98
   200 @ 110    200 @ 95
  5000 @ 115    300 @ 91
|------------||-----------|

13:52:37.590 [main] INFO  c.gettingstarted.MyAlgoLogic - [MYALGO] Have:10 children, want 5, done.
13:52:37.590 [main] INFO  c.gettingstarted.MyAlgoLogic - [MYALGO] active orders are 10
13:52:37.590 [main] INFO  c.gettingstarted.MyAlgoLogic - [MYALGO] Cancelling order:codingblackfemales.sotw.ChildOrder@6c779568
13:52:37.590 [main] INFO  c.gettingstarted.MyAlgoLogic - [MYALGO] option is present, number of active orders are 10
13:52:37.590 [main] INFO  c.container.Actioner - [ALGO] Actioner, sending action:CancelChildOrder(codingblackfemales.sotw.ChildOrder@6c779568)
13:52:37.590 [main] INFO  c.sequencer.consumer.LoggingConsumer - [82] [CancelOrder](sbeTemplateId=5|sbeSchemaId=2|sbeSchemaVersion=0|sbeBlockLength=8):orderId=37
13:52:37.590 [main] INFO  c.gettingstarted.MyAlgoLogic - [MYALGO] The state of the order book is:
|----BID-----||----ASK----|
   101 @ 100    100 @ 98
   200 @ 110    200 @ 95
  5000 @ 115    300 @ 91
|------------||-----------|

13:52:37.590 [main] INFO  c.gettingstarted.MyAlgoLogic - [MYALGO] Algo Sees Book as:
|----BID-----||----ASK----|
   101 @ 100    100 @ 98
   200 @ 110    200 @ 95
  5000 @ 115    300 @ 91
|------------||-----------|

13:52:37.590 [main] INFO  c.gettingstarted.MyAlgoLogic - [MYALGO] Have:9 children, want 5, done.
13:52:37.590 [main] INFO  c.gettingstarted.MyAlgoLogic - [MYALGO] active orders are 9
13:52:37.590 [main] INFO  c.gettingstarted.MyAlgoLogic - [MYALGO] Cancelling order:codingblackfemales.sotw.ChildOrder@f381794
13:52:37.590 [main] INFO  c.gettingstarted.MyAlgoLogic - [MYALGO] option is present, number of active orders are 9
13:52:37.590 [main] INFO  c.container.Actioner - [ALGO] Actioner, sending action:CancelChildOrder(codingblackfemales.sotw.ChildOrder@f381794)
13:52:37.590 [main] INFO  c.sequencer.consumer.LoggingConsumer - [83] [CancelOrder](sbeTemplateId=5|sbeSchemaId=2|sbeSchemaVersion=0|sbeBlockLength=8):orderId=38
13:52:37.591 [main] INFO  c.gettingstarted.MyAlgoLogic - [MYALGO] The state of the order book is:
|----BID-----||----ASK----|
   101 @ 100    100 @ 98
   200 @ 110    200 @ 95
  5000 @ 115    300 @ 91
|------------||-----------|

13:52:37.591 [main] INFO  c.gettingstarted.MyAlgoLogic - [MYALGO] Algo Sees Book as:
|----BID-----||----ASK----|
   101 @ 100    100 @ 98
   200 @ 110    200 @ 95
  5000 @ 115    300 @ 91
|------------||-----------|

13:52:37.591 [main] INFO  c.gettingstarted.MyAlgoLogic - [MYALGO] Have:8 children, want 5, done.
13:52:37.591 [main] INFO  c.gettingstarted.MyAlgoLogic - [MYALGO] active orders are 8
13:52:37.591 [main] INFO  c.gettingstarted.MyAlgoLogic - [MYALGO] Cancelling order:codingblackfemales.sotw.ChildOrder@2cdd0d4b
13:52:37.591 [main] INFO  c.gettingstarted.MyAlgoLogic - [MYALGO] option is present, number of active orders are 8
13:52:37.591 [main] INFO  c.container.Actioner - [ALGO] Actioner, sending action:CancelChildOrder(codingblackfemales.sotw.ChildOrder@2cdd0d4b)
13:52:37.591 [main] INFO  c.sequencer.consumer.LoggingConsumer - [84] [CancelOrder](sbeTemplateId=5|sbeSchemaId=2|sbeSchemaVersion=0|sbeBlockLength=8):orderId=39
13:52:37.591 [main] INFO  c.gettingstarted.MyAlgoLogic - [MYALGO] The state of the order book is:
|----BID-----||----ASK----|
   101 @ 100    100 @ 98
   200 @ 110    200 @ 95
  5000 @ 115    300 @ 91
|------------||-----------|

13:52:37.591 [main] INFO  c.gettingstarted.MyAlgoLogic - [MYALGO] Algo Sees Book as:
|----BID-----||----ASK----|
   101 @ 100    100 @ 98
   200 @ 110    200 @ 95
  5000 @ 115    300 @ 91
|------------||-----------|

13:52:37.591 [main] INFO  c.gettingstarted.MyAlgoLogic - [MYALGO] Have:7 children, want 5, done.
13:52:37.591 [main] INFO  c.gettingstarted.MyAlgoLogic - [MYALGO] active orders are 7
13:52:37.591 [main] INFO  c.gettingstarted.MyAlgoLogic - [MYALGO] Cancelling order:codingblackfemales.sotw.ChildOrder@7e9131d5
13:52:37.591 [main] INFO  c.gettingstarted.MyAlgoLogic - [MYALGO] option is present, number of active orders are 7
13:52:37.591 [main] INFO  c.container.Actioner - [ALGO] Actioner, sending action:CancelChildOrder(codingblackfemales.sotw.ChildOrder@7e9131d5)
13:52:37.591 [main] INFO  c.sequencer.consumer.LoggingConsumer - [85] [CancelOrder](sbeTemplateId=5|sbeSchemaId=2|sbeSchemaVersion=0|sbeBlockLength=8):orderId=40
13:52:37.591 [main] INFO  c.gettingstarted.MyAlgoLogic - [MYALGO] The state of the order book is:
|----BID-----||----ASK----|
   101 @ 100    100 @ 98
   200 @ 110    200 @ 95
  5000 @ 115    300 @ 91
|------------||-----------|

13:52:37.592 [main] INFO  c.gettingstarted.MyAlgoLogic - [MYALGO] Algo Sees Book as:
|----BID-----||----ASK----|
   101 @ 100    100 @ 98
   200 @ 110    200 @ 95
  5000 @ 115    300 @ 91
|------------||-----------|

13:52:37.592 [main] INFO  c.gettingstarted.MyAlgoLogic - [MYALGO] Have:6 children, want 5, done.
13:52:37.592 [main] INFO  c.gettingstarted.MyAlgoLogic - [MYALGO] active orders are 6
13:52:37.592 [main] INFO  c.gettingstarted.MyAlgoLogic - [MYALGO] Cancelling order:codingblackfemales.sotw.ChildOrder@2e1d27ba
13:52:37.592 [main] INFO  c.gettingstarted.MyAlgoLogic - [MYALGO] option is present, number of active orders are 6
13:52:37.592 [main] INFO  c.container.Actioner - [ALGO] Actioner, sending action:CancelChildOrder(codingblackfemales.sotw.ChildOrder@2e1d27ba)
13:52:37.592 [main] INFO  c.sequencer.consumer.LoggingConsumer - [86] [CancelOrder](sbeTemplateId=5|sbeSchemaId=2|sbeSchemaVersion=0|sbeBlockLength=8):orderId=41
13:52:37.592 [main] INFO  c.gettingstarted.MyAlgoLogic - [MYALGO] The state of the order book is:
|----BID-----||----ASK----|
   101 @ 100    100 @ 98
   200 @ 110    200 @ 95
  5000 @ 115    300 @ 91
|------------||-----------|

13:52:37.592 [main] INFO  c.gettingstarted.MyAlgoLogic - [MYALGO] Algo Sees Book as:
|----BID-----||----ASK----|
   101 @ 100    100 @ 98
   200 @ 110    200 @ 95
  5000 @ 115    300 @ 91
|------------||-----------|

]]></system-out>
  </testcase>
</testsuite>