<?xml version="1.0" encoding="UTF-8"?>
<testsuite xmlns:xsi="http://www.w3.org/2001/XMLSchema-instance" xsi:noNamespaceSchemaLocation="https://maven.apache.org/surefire/maven-surefire-plugin/xsd/surefire-test-report-3.0.xsd" version="3.0" name="codingblackfemales.gettingstarted.MyAlgoTest" time="0.05" tests="2" errors="0" skipped="0" failures="1">
  <properties>
    <property name="java.specification.version" value="17"/>
    <property name="sun.cpu.isalist" value="amd64"/>
    <property name="sun.jnu.encoding" value="Cp1252"/>
    <property name="java.class.path" value="C:\Users\admin\Desktop\Sherelles Stuff\UBS-Assignments\finalCopy\codingblackfemales\algo-coding-exercise\getting-started\target\test-classes;C:\Users\admin\Desktop\Sherelles Stuff\UBS-Assignments\finalCopy\codingblackfemales\algo-coding-exercise\getting-started\target\classes;C:\Users\admin\Desktop\Sherelles Stuff\UBS-Assignments\finalCopy\codingblackfemales\algo-coding-exercise\algo\target\classes;C:\Users\admin\Desktop\Sherelles Stuff\UBS-Assignments\finalCopy\codingblackfemales\algo-coding-exercise\dictionary\target\classes;C:\Users\admin\.m2\repository\org\agrona\agrona\1.16.0\agrona-1.16.0.jar;C:\Users\admin\Desktop\Sherelles Stuff\UBS-Assignments\finalCopy\codingblackfemales\algo-coding-exercise\sequencer\target\classes;C:\Users\admin\.m2\repository\com\google\code\gson\gson\2.10.1\gson-2.10.1.jar;C:\Users\admin\.m2\repository\org\apache\commons\commons-lang3\3.12.0\commons-lang3-3.12.0.jar;C:\Users\admin\Desktop\Sherelles Stuff\UBS-Assignments\finalCopy\codingblackfemales\algo-coding-exercise\backtest\target\classes;C:\Users\admin\Desktop\Sherelles Stuff\UBS-Assignments\finalCopy\codingblackfemales\algo-coding-exercise\collection\target\classes;C:\Users\admin\Desktop\Sherelles Stuff\UBS-Assignments\finalCopy\codingblackfemales\algo-coding-exercise\sequencer\target\test-classes;C:\Users\admin\.m2\repository\junit\junit\4.11\junit-4.11.jar;C:\Users\admin\.m2\repository\org\hamcrest\hamcrest-core\1.3\hamcrest-core-1.3.jar;C:\Users\admin\.m2\repository\uk\co\real-logic\sbe-all\1.26.0\sbe-all-1.26.0.jar;C:\Users\admin\.m2\repository\org\mockito\mockito-core\5.4.0\mockito-core-5.4.0.jar;C:\Users\admin\.m2\repository\net\bytebuddy\byte-buddy\1.14.5\byte-buddy-1.14.5.jar;C:\Users\admin\.m2\repository\net\bytebuddy\byte-buddy-agent\1.14.5\byte-buddy-agent-1.14.5.jar;C:\Users\admin\.m2\repository\org\objenesis\objenesis\3.3\objenesis-3.3.jar;C:\Users\admin\.m2\repository\ch\qos\logback\logback-core\1.3.5\logback-core-1.3.5.jar;C:\Users\admin\.m2\repository\org\slf4j\slf4j-api\2.0.4\slf4j-api-2.0.4.jar;C:\Users\admin\.m2\repository\ch\qos\logback\logback-classic\1.3.5\logback-classic-1.3.5.jar;"/>
    <property name="java.vm.vendor" value="Oracle Corporation"/>
    <property name="sun.arch.data.model" value="64"/>
    <property name="user.variant" value=""/>
    <property name="java.vendor.url" value="https://java.oracle.com/"/>
    <property name="user.timezone" value="Europe/London"/>
    <property name="os.name" value="Windows 10"/>
    <property name="java.vm.specification.version" value="17"/>
    <property name="sun.java.launcher" value="SUN_STANDARD"/>
    <property name="user.country" value="GB"/>
    <property name="sun.boot.library.path" value="C:\Program Files\Java\jdk-17\bin"/>
    <property name="sun.java.command" value="C:\Users\admin\AppData\Local\Temp\surefire8739998267690569507\surefirebooter-20230930104836570_26.jar C:\Users\admin\AppData\Local\Temp\surefire8739998267690569507 2023-09-30T10-48-29_260-jvmRun1 surefire-20230930104836570_24tmp surefire_2-20230930104836570_25tmp"/>
    <property name="jdk.debug" value="release"/>
    <property name="surefire.test.class.path" value="C:\Users\admin\Desktop\Sherelles Stuff\UBS-Assignments\finalCopy\codingblackfemales\algo-coding-exercise\getting-started\target\test-classes;C:\Users\admin\Desktop\Sherelles Stuff\UBS-Assignments\finalCopy\codingblackfemales\algo-coding-exercise\getting-started\target\classes;C:\Users\admin\Desktop\Sherelles Stuff\UBS-Assignments\finalCopy\codingblackfemales\algo-coding-exercise\algo\target\classes;C:\Users\admin\Desktop\Sherelles Stuff\UBS-Assignments\finalCopy\codingblackfemales\algo-coding-exercise\dictionary\target\classes;C:\Users\admin\.m2\repository\org\agrona\agrona\1.16.0\agrona-1.16.0.jar;C:\Users\admin\Desktop\Sherelles Stuff\UBS-Assignments\finalCopy\codingblackfemales\algo-coding-exercise\sequencer\target\classes;C:\Users\admin\.m2\repository\com\google\code\gson\gson\2.10.1\gson-2.10.1.jar;C:\Users\admin\.m2\repository\org\apache\commons\commons-lang3\3.12.0\commons-lang3-3.12.0.jar;C:\Users\admin\Desktop\Sherelles Stuff\UBS-Assignments\finalCopy\codingblackfemales\algo-coding-exercise\backtest\target\classes;C:\Users\admin\Desktop\Sherelles Stuff\UBS-Assignments\finalCopy\codingblackfemales\algo-coding-exercise\collection\target\classes;C:\Users\admin\Desktop\Sherelles Stuff\UBS-Assignments\finalCopy\codingblackfemales\algo-coding-exercise\sequencer\target\test-classes;C:\Users\admin\.m2\repository\junit\junit\4.11\junit-4.11.jar;C:\Users\admin\.m2\repository\org\hamcrest\hamcrest-core\1.3\hamcrest-core-1.3.jar;C:\Users\admin\.m2\repository\uk\co\real-logic\sbe-all\1.26.0\sbe-all-1.26.0.jar;C:\Users\admin\.m2\repository\org\mockito\mockito-core\5.4.0\mockito-core-5.4.0.jar;C:\Users\admin\.m2\repository\net\bytebuddy\byte-buddy\1.14.5\byte-buddy-1.14.5.jar;C:\Users\admin\.m2\repository\net\bytebuddy\byte-buddy-agent\1.14.5\byte-buddy-agent-1.14.5.jar;C:\Users\admin\.m2\repository\org\objenesis\objenesis\3.3\objenesis-3.3.jar;C:\Users\admin\.m2\repository\ch\qos\logback\logback-core\1.3.5\logback-core-1.3.5.jar;C:\Users\admin\.m2\repository\org\slf4j\slf4j-api\2.0.4\slf4j-api-2.0.4.jar;C:\Users\admin\.m2\repository\ch\qos\logback\logback-classic\1.3.5\logback-classic-1.3.5.jar;"/>
    <property name="sun.cpu.endian" value="little"/>
    <property name="user.home" value="C:\Users\admin"/>
    <property name="user.language" value="en"/>
    <property name="java.specification.vendor" value="Oracle Corporation"/>
    <property name="java.version.date" value="2023-04-18"/>
    <property name="java.home" value="C:\Program Files\Java\jdk-17"/>
    <property name="file.separator" value="\"/>
    <property name="basedir" value="C:\Users\admin\Desktop\Sherelles Stuff\UBS-Assignments\finalCopy\codingblackfemales\algo-coding-exercise\getting-started"/>
    <property name="java.vm.compressedOopsMode" value="Zero based"/>
    <property name="line.separator" value="&#10;"/>
    <property name="java.vm.specification.vendor" value="Oracle Corporation"/>
    <property name="java.specification.name" value="Java Platform API Specification"/>
    <property name="surefire.real.class.path" value="C:\Users\admin\AppData\Local\Temp\surefire8739998267690569507\surefirebooter-20230930104836570_26.jar"/>
    <property name="user.script" value=""/>
    <property name="sun.management.compiler" value="HotSpot 64-Bit Tiered Compilers"/>
    <property name="java.runtime.version" value="17.0.7+8-LTS-224"/>
    <property name="user.name" value="admin"/>
    <property name="path.separator" value=";"/>
    <property name="os.version" value="10.0"/>
    <property name="java.runtime.name" value="Java(TM) SE Runtime Environment"/>
    <property name="file.encoding" value="Cp1252"/>
    <property name="java.vm.name" value="Java HotSpot(TM) 64-Bit Server VM"/>
    <property name="localRepository" value="C:\Users\admin\.m2\repository"/>
    <property name="java.vendor.url.bug" value="https://bugreport.java.com/bugreport/"/>
    <property name="java.io.tmpdir" value="C:\Users\admin\AppData\Local\Temp\"/>
    <property name="java.version" value="17.0.7"/>
    <property name="user.dir" value="C:\Users\admin\Desktop\Sherelles Stuff\UBS-Assignments\finalCopy\codingblackfemales\algo-coding-exercise\getting-started"/>
    <property name="os.arch" value="amd64"/>
    <property name="java.vm.specification.name" value="Java Virtual Machine Specification"/>
    <property name="sun.os.patch.level" value=""/>
    <property name="native.encoding" value="Cp1252"/>
    <property name="java.library.path" value="C:\Program Files\Java\jdk-17\bin;C:\WINDOWS\Sun\Java\bin;C:\WINDOWS\system32;C:\WINDOWS;C:\Program Files\Common Files\Oracle\Java\javapath;C:\WINDOWS\system32;C:\WINDOWS;C:\WINDOWS\System32\Wbem;C:\WINDOWS\System32\WindowsPowerShell\v1.0\;C:\WINDOWS\System32\OpenSSH\;C:\Program Files\dotnet\;C:\Program Files (x86)\Intel\Intel(R) Management Engine Components\DAL;C:\Program Files\Intel\Intel(R) Management Engine Components\DAL;C:\Program Files (x86)\NVIDIA Corporation\PhysX\Common;C:\Program Files\Git\cmd;C:\Program Files\apache-maven-3.9.4\bin;C:\Users\admin\AppData\Local\Microsoft\WindowsApps;;C:\Users\admin\AppData\Local\Programs\Microsoft VS Code\bin;."/>
    <property name="java.vm.info" value="mixed mode, sharing"/>
    <property name="java.vendor" value="Oracle Corporation"/>
    <property name="java.vm.version" value="17.0.7+8-LTS-224"/>
    <property name="sun.io.unicode.encoding" value="UnicodeLittle"/>
    <property name="java.class.version" value="61.0"/>
  </properties>
  <testcase name="testDispatchThroughSequencer" classname="codingblackfemales.gettingstarted.MyAlgoTest" time="0.026">
    <system-out><![CDATA[10:48:37.553 [main] INFO  c.sequencer.consumer.LoggingConsumer - [1] 
|----BID-----|
   101 @ 100
   200 @ 110
  5000 @ 115
|----ASK-----|
    100 @ 98
    200 @ 95
    300 @ 91

10:48:37.553 [main] DEBUG c.service.MarketDataService - [ALGO] BID: price:100 quantity:101
10:48:37.553 [main] DEBUG c.service.MarketDataService - [ALGO] BID: price:110 quantity:200
10:48:37.553 [main] DEBUG c.service.MarketDataService - [ALGO] BID: price:115 quantity:5000
10:48:37.553 [main] DEBUG c.service.MarketDataService - [ALGO] ASK: price:98 quantity:100
10:48:37.553 [main] DEBUG c.service.MarketDataService - [ALGO] ASK: price:95 quantity:200
10:48:37.553 [main] DEBUG c.service.MarketDataService - [ALGO] ASK: price:91 quantity:300
10:48:37.553 [main] INFO  c.gettingstarted.MyAlgoLogic - [MYALGO] The state of the order book is:
|----BID-----||----ASK----|
   101 @ 100    100 @ 98
   200 @ 110    200 @ 95
  5000 @ 115    300 @ 91
|------------||-----------|

10:48:37.554 [main] INFO  c.gettingstarted.MyAlgoLogic - [MYALGO] Algo Sees SheZa
10:48:37.554 [main] INFO  c.gettingstarted.MyAlgoLogic - [MYALGO] Algo Sees Book as:
|----BID-----||----ASK----|
   101 @ 100    100 @ 98
   200 @ 110    200 @ 95
  5000 @ 115    300 @ 91
|------------||-----------|

10:48:37.554 [main] INFO  c.gettingstarted.MyAlgoLogic - [MYALGO] Adding order for101@100
total order count is 0
10:48:37.554 [main] INFO  c.container.Actioner - [ALGO] Actioner, sending action:CreateChildOrder(side=BUY,quantity=101,price=100)
10:48:37.554 [main] INFO  c.sequencer.consumer.LoggingConsumer - [2] [CreateOrder](sbeTemplateId=4|sbeSchemaId=2|sbeSchemaVersion=0|sbeBlockLength=33):instrumentId=0|price=100|quantity=101|side=BUY|orderId=2
10:48:37.554 [main] INFO  c.gettingstarted.MyAlgoLogic - [MYALGO] The state of the order book is:
|----BID-----||----ASK----|
   101 @ 100    100 @ 98
   200 @ 110    200 @ 95
  5000 @ 115    300 @ 91
|------------||-----------|

10:48:37.554 [main] INFO  c.gettingstarted.MyAlgoLogic - [MYALGO] Algo Sees SheZa
10:48:37.554 [main] INFO  c.gettingstarted.MyAlgoLogic - [MYALGO] Algo Sees Book as:
|----BID-----||----ASK----|
   101 @ 100    100 @ 98
   200 @ 110    200 @ 95
  5000 @ 115    300 @ 91
|------------||-----------|

10:48:37.554 [main] INFO  c.gettingstarted.MyAlgoLogic - [MYALGO] Adding order for101@100
total order count is 1
10:48:37.554 [main] INFO  c.container.Actioner - [ALGO] Actioner, sending action:CreateChildOrder(side=BUY,quantity=101,price=100)
10:48:37.554 [main] INFO  c.sequencer.consumer.LoggingConsumer - [3] [CreateOrder](sbeTemplateId=4|sbeSchemaId=2|sbeSchemaVersion=0|sbeBlockLength=33):instrumentId=0|price=100|quantity=101|side=BUY|orderId=3
10:48:37.554 [main] INFO  c.gettingstarted.MyAlgoLogic - [MYALGO] The state of the order book is:
|----BID-----||----ASK----|
   101 @ 100    100 @ 98
   200 @ 110    200 @ 95
  5000 @ 115    300 @ 91
|------------||-----------|

10:48:37.554 [main] INFO  c.gettingstarted.MyAlgoLogic - [MYALGO] Algo Sees SheZa
10:48:37.555 [main] INFO  c.gettingstarted.MyAlgoLogic - [MYALGO] Algo Sees Book as:
|----BID-----||----ASK----|
   101 @ 100    100 @ 98
   200 @ 110    200 @ 95
  5000 @ 115    300 @ 91
|------------||-----------|

10:48:37.555 [main] INFO  c.gettingstarted.MyAlgoLogic - [MYALGO] Adding order for101@100
total order count is 2
10:48:37.555 [main] INFO  c.container.Actioner - [ALGO] Actioner, sending action:CreateChildOrder(side=BUY,quantity=101,price=100)
10:48:37.555 [main] INFO  c.sequencer.consumer.LoggingConsumer - [4] [CreateOrder](sbeTemplateId=4|sbeSchemaId=2|sbeSchemaVersion=0|sbeBlockLength=33):instrumentId=0|price=100|quantity=101|side=BUY|orderId=4
10:48:37.555 [main] INFO  c.gettingstarted.MyAlgoLogic - [MYALGO] The state of the order book is:
|----BID-----||----ASK----|
   101 @ 100    100 @ 98
   200 @ 110    200 @ 95
  5000 @ 115    300 @ 91
|------------||-----------|

10:48:37.555 [main] INFO  c.gettingstarted.MyAlgoLogic - [MYALGO] Algo Sees SheZa
10:48:37.555 [main] INFO  c.gettingstarted.MyAlgoLogic - [MYALGO] Algo Sees Book as:
|----BID-----||----ASK----|
   101 @ 100    100 @ 98
   200 @ 110    200 @ 95
  5000 @ 115    300 @ 91
|------------||-----------|

10:48:37.555 [main] INFO  c.gettingstarted.MyAlgoLogic - [MYALGO] Adding order for101@100
total order count is 3
10:48:37.555 [main] INFO  c.container.Actioner - [ALGO] Actioner, sending action:CreateChildOrder(side=BUY,quantity=101,price=100)
10:48:37.555 [main] INFO  c.sequencer.consumer.LoggingConsumer - [5] [CreateOrder](sbeTemplateId=4|sbeSchemaId=2|sbeSchemaVersion=0|sbeBlockLength=33):instrumentId=0|price=100|quantity=101|side=BUY|orderId=5
10:48:37.555 [main] INFO  c.gettingstarted.MyAlgoLogic - [MYALGO] The state of the order book is:
|----BID-----||----ASK----|
   101 @ 100    100 @ 98
   200 @ 110    200 @ 95
  5000 @ 115    300 @ 91
|------------||-----------|

10:48:37.555 [main] INFO  c.gettingstarted.MyAlgoLogic - [MYALGO] Algo Sees SheZa
10:48:37.555 [main] INFO  c.gettingstarted.MyAlgoLogic - [MYALGO] Algo Sees Book as:
|----BID-----||----ASK----|
   101 @ 100    100 @ 98
   200 @ 110    200 @ 95
  5000 @ 115    300 @ 91
|------------||-----------|

10:48:37.555 [main] INFO  c.gettingstarted.MyAlgoLogic - [MYALGO] Adding order for101@100
total order count is 4
10:48:37.555 [main] INFO  c.container.Actioner - [ALGO] Actioner, sending action:CreateChildOrder(side=BUY,quantity=101,price=100)
10:48:37.555 [main] INFO  c.sequencer.consumer.LoggingConsumer - [6] [CreateOrder](sbeTemplateId=4|sbeSchemaId=2|sbeSchemaVersion=0|sbeBlockLength=33):instrumentId=0|price=100|quantity=101|side=BUY|orderId=6
10:48:37.556 [main] INFO  c.gettingstarted.MyAlgoLogic - [MYALGO] The state of the order book is:
|----BID-----||----ASK----|
   101 @ 100    100 @ 98
   200 @ 110    200 @ 95
  5000 @ 115    300 @ 91
|------------||-----------|

10:48:37.556 [main] INFO  c.gettingstarted.MyAlgoLogic - [MYALGO] Algo Sees SheZa
10:48:37.556 [main] INFO  c.gettingstarted.MyAlgoLogic - [MYALGO] Algo Sees Book as:
|----BID-----||----ASK----|
   101 @ 100    100 @ 98
   200 @ 110    200 @ 95
  5000 @ 115    300 @ 91
|------------||-----------|

10:48:37.556 [main] INFO  c.gettingstarted.MyAlgoLogic - [MYALGO] Adding order for101@100
total order count is 5
10:48:37.556 [main] INFO  c.container.Actioner - [ALGO] Actioner, sending action:CreateChildOrder(side=BUY,quantity=101,price=100)
10:48:37.556 [main] INFO  c.sequencer.consumer.LoggingConsumer - [7] [CreateOrder](sbeTemplateId=4|sbeSchemaId=2|sbeSchemaVersion=0|sbeBlockLength=33):instrumentId=0|price=100|quantity=101|side=BUY|orderId=7
10:48:37.556 [main] INFO  c.gettingstarted.MyAlgoLogic - [MYALGO] The state of the order book is:
|----BID-----||----ASK----|
   101 @ 100    100 @ 98
   200 @ 110    200 @ 95
  5000 @ 115    300 @ 91
|------------||-----------|

10:48:37.556 [main] INFO  c.gettingstarted.MyAlgoLogic - [MYALGO] Algo Sees SheZa
10:48:37.556 [main] INFO  c.gettingstarted.MyAlgoLogic - [MYALGO] Algo Sees Book as:
|----BID-----||----ASK----|
   101 @ 100    100 @ 98
   200 @ 110    200 @ 95
  5000 @ 115    300 @ 91
|------------||-----------|

10:48:37.557 [main] INFO  c.gettingstarted.MyAlgoLogic - [MYALGO] Adding order for101@100
total order count is 6
10:48:37.557 [main] INFO  c.container.Actioner - [ALGO] Actioner, sending action:CreateChildOrder(side=BUY,quantity=101,price=100)
10:48:37.558 [main] INFO  c.sequencer.consumer.LoggingConsumer - [8] [CreateOrder](sbeTemplateId=4|sbeSchemaId=2|sbeSchemaVersion=0|sbeBlockLength=33):instrumentId=0|price=100|quantity=101|side=BUY|orderId=8
10:48:37.558 [main] INFO  c.gettingstarted.MyAlgoLogic - [MYALGO] The state of the order book is:
|----BID-----||----ASK----|
   101 @ 100    100 @ 98
   200 @ 110    200 @ 95
  5000 @ 115    300 @ 91
|------------||-----------|

10:48:37.558 [main] INFO  c.gettingstarted.MyAlgoLogic - [MYALGO] Algo Sees SheZa
10:48:37.558 [main] INFO  c.gettingstarted.MyAlgoLogic - [MYALGO] Algo Sees Book as:
|----BID-----||----ASK----|
   101 @ 100    100 @ 98
   200 @ 110    200 @ 95
  5000 @ 115    300 @ 91
|------------||-----------|

10:48:37.558 [main] INFO  c.gettingstarted.MyAlgoLogic - [MYALGO] Adding order for101@100
total order count is 7
10:48:37.558 [main] INFO  c.container.Actioner - [ALGO] Actioner, sending action:CreateChildOrder(side=BUY,quantity=101,price=100)
10:48:37.558 [main] INFO  c.sequencer.consumer.LoggingConsumer - [9] [CreateOrder](sbeTemplateId=4|sbeSchemaId=2|sbeSchemaVersion=0|sbeBlockLength=33):instrumentId=0|price=100|quantity=101|side=BUY|orderId=9
10:48:37.559 [main] INFO  c.gettingstarted.MyAlgoLogic - [MYALGO] The state of the order book is:
|----BID-----||----ASK----|
   101 @ 100    100 @ 98
   200 @ 110    200 @ 95
  5000 @ 115    300 @ 91
|------------||-----------|

10:48:37.559 [main] INFO  c.gettingstarted.MyAlgoLogic - [MYALGO] Algo Sees SheZa
10:48:37.559 [main] INFO  c.gettingstarted.MyAlgoLogic - [MYALGO] Algo Sees Book as:
|----BID-----||----ASK----|
   101 @ 100    100 @ 98
   200 @ 110    200 @ 95
  5000 @ 115    300 @ 91
|------------||-----------|

10:48:37.559 [main] INFO  c.gettingstarted.MyAlgoLogic - [MYALGO] Adding order for101@100
total order count is 8
10:48:37.559 [main] INFO  c.container.Actioner - [ALGO] Actioner, sending action:CreateChildOrder(side=BUY,quantity=101,price=100)
10:48:37.559 [main] INFO  c.sequencer.consumer.LoggingConsumer - [10] [CreateOrder](sbeTemplateId=4|sbeSchemaId=2|sbeSchemaVersion=0|sbeBlockLength=33):instrumentId=0|price=100|quantity=101|side=BUY|orderId=10
10:48:37.559 [main] INFO  c.gettingstarted.MyAlgoLogic - [MYALGO] The state of the order book is:
|----BID-----||----ASK----|
   101 @ 100    100 @ 98
   200 @ 110    200 @ 95
  5000 @ 115    300 @ 91
|------------||-----------|

10:48:37.559 [main] INFO  c.gettingstarted.MyAlgoLogic - [MYALGO] Algo Sees SheZa
10:48:37.560 [main] INFO  c.gettingstarted.MyAlgoLogic - [MYALGO] Algo Sees Book as:
|----BID-----||----ASK----|
   101 @ 100    100 @ 98
   200 @ 110    200 @ 95
  5000 @ 115    300 @ 91
|------------||-----------|

10:48:37.560 [main] INFO  c.gettingstarted.MyAlgoLogic - [MYALGO] Adding order for101@100
total order count is 9
10:48:37.560 [main] INFO  c.container.Actioner - [ALGO] Actioner, sending action:CreateChildOrder(side=BUY,quantity=101,price=100)
10:48:37.560 [main] INFO  c.sequencer.consumer.LoggingConsumer - [11] [CreateOrder](sbeTemplateId=4|sbeSchemaId=2|sbeSchemaVersion=0|sbeBlockLength=33):instrumentId=0|price=100|quantity=101|side=BUY|orderId=11
10:48:37.562 [main] INFO  c.gettingstarted.MyAlgoLogic - [MYALGO] The state of the order book is:
|----BID-----||----ASK----|
   101 @ 100    100 @ 98
   200 @ 110    200 @ 95
  5000 @ 115    300 @ 91
|------------||-----------|

10:48:37.567 [main] INFO  c.gettingstarted.MyAlgoLogic - [MYALGO] Algo Sees SheZa
10:48:37.568 [main] INFO  c.gettingstarted.MyAlgoLogic - [MYALGO] Algo Sees Book as:
|----BID-----||----ASK----|
   101 @ 100    100 @ 98
   200 @ 110    200 @ 95
  5000 @ 115    300 @ 91
|------------||-----------|

10:48:37.570 [main] INFO  c.gettingstarted.MyAlgoLogic - [MYALGO] Adding order for101@100
total order count is 10
10:48:37.571 [main] INFO  c.container.Actioner - [ALGO] Actioner, sending action:CreateChildOrder(side=BUY,quantity=101,price=100)
10:48:37.571 [main] INFO  c.sequencer.consumer.LoggingConsumer - [12] [CreateOrder](sbeTemplateId=4|sbeSchemaId=2|sbeSchemaVersion=0|sbeBlockLength=33):instrumentId=0|price=100|quantity=101|side=BUY|orderId=12
10:48:37.572 [main] INFO  c.gettingstarted.MyAlgoLogic - [MYALGO] The state of the order book is:
|----BID-----||----ASK----|
   101 @ 100    100 @ 98
   200 @ 110    200 @ 95
  5000 @ 115    300 @ 91
|------------||-----------|

10:48:37.572 [main] INFO  c.gettingstarted.MyAlgoLogic - [MYALGO] Algo Sees SheZa
10:48:37.572 [main] INFO  c.gettingstarted.MyAlgoLogic - [MYALGO] Algo Sees Book as:
|----BID-----||----ASK----|
   101 @ 100    100 @ 98
   200 @ 110    200 @ 95
  5000 @ 115    300 @ 91
|------------||-----------|

10:48:37.572 [main] INFO  c.gettingstarted.MyAlgoLogic - [MYALGO] Adding order for101@100
total order count is 11
10:48:37.572 [main] INFO  c.container.Actioner - [ALGO] Actioner, sending action:CreateChildOrder(side=BUY,quantity=101,price=100)
10:48:37.573 [main] INFO  c.sequencer.consumer.LoggingConsumer - [13] [CreateOrder](sbeTemplateId=4|sbeSchemaId=2|sbeSchemaVersion=0|sbeBlockLength=33):instrumentId=0|price=100|quantity=101|side=BUY|orderId=13
10:48:37.573 [main] INFO  c.gettingstarted.MyAlgoLogic - [MYALGO] The state of the order book is:
|----BID-----||----ASK----|
   101 @ 100    100 @ 98
   200 @ 110    200 @ 95
  5000 @ 115    300 @ 91
|------------||-----------|

10:48:37.573 [main] INFO  c.gettingstarted.MyAlgoLogic - [MYALGO] Algo Sees SheZa
10:48:37.573 [main] INFO  c.gettingstarted.MyAlgoLogic - [MYALGO] Algo Sees Book as:
|----BID-----||----ASK----|
   101 @ 100    100 @ 98
   200 @ 110    200 @ 95
  5000 @ 115    300 @ 91
|------------||-----------|

10:48:37.573 [main] INFO  c.gettingstarted.MyAlgoLogic - [MYALGO] Adding order for101@100
total order count is 12
10:48:37.573 [main] INFO  c.container.Actioner - [ALGO] Actioner, sending action:CreateChildOrder(side=BUY,quantity=101,price=100)
10:48:37.573 [main] INFO  c.sequencer.consumer.LoggingConsumer - [14] [CreateOrder](sbeTemplateId=4|sbeSchemaId=2|sbeSchemaVersion=0|sbeBlockLength=33):instrumentId=0|price=100|quantity=101|side=BUY|orderId=14
10:48:37.573 [main] INFO  c.gettingstarted.MyAlgoLogic - [MYALGO] The state of the order book is:
|----BID-----||----ASK----|
   101 @ 100    100 @ 98
   200 @ 110    200 @ 95
  5000 @ 115    300 @ 91
|------------||-----------|

10:48:37.574 [main] INFO  c.gettingstarted.MyAlgoLogic - [MYALGO] Algo Sees SheZa
10:48:37.574 [main] INFO  c.gettingstarted.MyAlgoLogic - [MYALGO] Algo Sees Book as:
|----BID-----||----ASK----|
   101 @ 100    100 @ 98
   200 @ 110    200 @ 95
  5000 @ 115    300 @ 91
|------------||-----------|

10:48:37.574 [main] INFO  c.gettingstarted.MyAlgoLogic - [MYALGO] Adding order for101@100
total order count is 13
10:48:37.574 [main] INFO  c.container.Actioner - [ALGO] Actioner, sending action:CreateChildOrder(side=BUY,quantity=101,price=100)
10:48:37.574 [main] INFO  c.sequencer.consumer.LoggingConsumer - [15] [CreateOrder](sbeTemplateId=4|sbeSchemaId=2|sbeSchemaVersion=0|sbeBlockLength=33):instrumentId=0|price=100|quantity=101|side=BUY|orderId=15
10:48:37.574 [main] INFO  c.gettingstarted.MyAlgoLogic - [MYALGO] The state of the order book is:
|----BID-----||----ASK----|
   101 @ 100    100 @ 98
   200 @ 110    200 @ 95
  5000 @ 115    300 @ 91
|------------||-----------|

10:48:37.574 [main] INFO  c.gettingstarted.MyAlgoLogic - [MYALGO] Algo Sees SheZa
10:48:37.575 [main] INFO  c.gettingstarted.MyAlgoLogic - [MYALGO] Algo Sees Book as:
|----BID-----||----ASK----|
   101 @ 100    100 @ 98
   200 @ 110    200 @ 95
  5000 @ 115    300 @ 91
|------------||-----------|

10:48:37.575 [main] INFO  c.gettingstarted.MyAlgoLogic - [MYALGO] Adding order for101@100
total order count is 14
10:48:37.575 [main] INFO  c.container.Actioner - [ALGO] Actioner, sending action:CreateChildOrder(side=BUY,quantity=101,price=100)
10:48:37.575 [main] INFO  c.sequencer.consumer.LoggingConsumer - [16] [CreateOrder](sbeTemplateId=4|sbeSchemaId=2|sbeSchemaVersion=0|sbeBlockLength=33):instrumentId=0|price=100|quantity=101|side=BUY|orderId=16
10:48:37.575 [main] INFO  c.gettingstarted.MyAlgoLogic - [MYALGO] The state of the order book is:
|----BID-----||----ASK----|
   101 @ 100    100 @ 98
   200 @ 110    200 @ 95
  5000 @ 115    300 @ 91
|------------||-----------|

10:48:37.575 [main] INFO  c.gettingstarted.MyAlgoLogic - [MYALGO] Algo Sees SheZa
10:48:37.575 [main] INFO  c.gettingstarted.MyAlgoLogic - [MYALGO] Algo Sees Book as:
|----BID-----||----ASK----|
   101 @ 100    100 @ 98
   200 @ 110    200 @ 95
  5000 @ 115    300 @ 91
|------------||-----------|

10:48:37.575 [main] INFO  c.gettingstarted.MyAlgoLogic - [MYALGO] Adding order for101@100
total order count is 15
10:48:37.575 [main] INFO  c.container.Actioner - [ALGO] Actioner, sending action:CreateChildOrder(side=BUY,quantity=101,price=100)
10:48:37.575 [main] INFO  c.sequencer.consumer.LoggingConsumer - [17] [CreateOrder](sbeTemplateId=4|sbeSchemaId=2|sbeSchemaVersion=0|sbeBlockLength=33):instrumentId=0|price=100|quantity=101|side=BUY|orderId=17
10:48:37.575 [main] INFO  c.gettingstarted.MyAlgoLogic - [MYALGO] The state of the order book is:
|----BID-----||----ASK----|
   101 @ 100    100 @ 98
   200 @ 110    200 @ 95
  5000 @ 115    300 @ 91
|------------||-----------|

10:48:37.575 [main] INFO  c.gettingstarted.MyAlgoLogic - [MYALGO] Algo Sees SheZa
10:48:37.575 [main] INFO  c.gettingstarted.MyAlgoLogic - [MYALGO] Algo Sees Book as:
|----BID-----||----ASK----|
   101 @ 100    100 @ 98
   200 @ 110    200 @ 95
  5000 @ 115    300 @ 91
|------------||-----------|

10:48:37.575 [main] INFO  c.gettingstarted.MyAlgoLogic - [MYALGO] Adding order for101@100
total order count is 16
10:48:37.575 [main] INFO  c.container.Actioner - [ALGO] Actioner, sending action:CreateChildOrder(side=BUY,quantity=101,price=100)
10:48:37.575 [main] INFO  c.sequencer.consumer.LoggingConsumer - [18] [CreateOrder](sbeTemplateId=4|sbeSchemaId=2|sbeSchemaVersion=0|sbeBlockLength=33):instrumentId=0|price=100|quantity=101|side=BUY|orderId=18
10:48:37.576 [main] INFO  c.gettingstarted.MyAlgoLogic - [MYALGO] The state of the order book is:
|----BID-----||----ASK----|
   101 @ 100    100 @ 98
   200 @ 110    200 @ 95
  5000 @ 115    300 @ 91
|------------||-----------|

10:48:37.576 [main] INFO  c.gettingstarted.MyAlgoLogic - [MYALGO] Algo Sees SheZa
10:48:37.576 [main] INFO  c.gettingstarted.MyAlgoLogic - [MYALGO] Algo Sees Book as:
|----BID-----||----ASK----|
   101 @ 100    100 @ 98
   200 @ 110    200 @ 95
  5000 @ 115    300 @ 91
|------------||-----------|

10:48:37.576 [main] INFO  c.gettingstarted.MyAlgoLogic - [MYALGO] Adding order for101@100
total order count is 17
10:48:37.576 [main] INFO  c.container.Actioner - [ALGO] Actioner, sending action:CreateChildOrder(side=BUY,quantity=101,price=100)
10:48:37.576 [main] INFO  c.sequencer.consumer.LoggingConsumer - [19] [CreateOrder](sbeTemplateId=4|sbeSchemaId=2|sbeSchemaVersion=0|sbeBlockLength=33):instrumentId=0|price=100|quantity=101|side=BUY|orderId=19
10:48:37.576 [main] INFO  c.gettingstarted.MyAlgoLogic - [MYALGO] The state of the order book is:
|----BID-----||----ASK----|
   101 @ 100    100 @ 98
   200 @ 110    200 @ 95
  5000 @ 115    300 @ 91
|------------||-----------|

10:48:37.576 [main] INFO  c.gettingstarted.MyAlgoLogic - [MYALGO] Algo Sees SheZa
10:48:37.576 [main] INFO  c.gettingstarted.MyAlgoLogic - [MYALGO] Algo Sees Book as:
|----BID-----||----ASK----|
   101 @ 100    100 @ 98
   200 @ 110    200 @ 95
  5000 @ 115    300 @ 91
|------------||-----------|

10:48:37.576 [main] INFO  c.gettingstarted.MyAlgoLogic - [MYALGO] Adding order for101@100
total order count is 18
10:48:37.576 [main] INFO  c.container.Actioner - [ALGO] Actioner, sending action:CreateChildOrder(side=BUY,quantity=101,price=100)
10:48:37.576 [main] INFO  c.sequencer.consumer.LoggingConsumer - [20] [CreateOrder](sbeTemplateId=4|sbeSchemaId=2|sbeSchemaVersion=0|sbeBlockLength=33):instrumentId=0|price=100|quantity=101|side=BUY|orderId=20
10:48:37.577 [main] INFO  c.gettingstarted.MyAlgoLogic - [MYALGO] The state of the order book is:
|----BID-----||----ASK----|
   101 @ 100    100 @ 98
   200 @ 110    200 @ 95
  5000 @ 115    300 @ 91
|------------||-----------|

10:48:37.577 [main] INFO  c.gettingstarted.MyAlgoLogic - [MYALGO] Algo Sees SheZa
10:48:37.578 [main] INFO  c.gettingstarted.MyAlgoLogic - [MYALGO] Algo Sees Book as:
|----BID-----||----ASK----|
   101 @ 100    100 @ 98
   200 @ 110    200 @ 95
  5000 @ 115    300 @ 91
|------------||-----------|

10:48:37.579 [main] INFO  c.gettingstarted.MyAlgoLogic - [MYALGO] Adding order for101@100
total order count is 19
10:48:37.579 [main] INFO  c.container.Actioner - [ALGO] Actioner, sending action:CreateChildOrder(side=BUY,quantity=101,price=100)
10:48:37.579 [main] INFO  c.sequencer.consumer.LoggingConsumer - [21] [CreateOrder](sbeTemplateId=4|sbeSchemaId=2|sbeSchemaVersion=0|sbeBlockLength=33):instrumentId=0|price=100|quantity=101|side=BUY|orderId=21
10:48:37.580 [main] INFO  c.gettingstarted.MyAlgoLogic - [MYALGO] The state of the order book is:
|----BID-----||----ASK----|
   101 @ 100    100 @ 98
   200 @ 110    200 @ 95
  5000 @ 115    300 @ 91
|------------||-----------|

10:48:37.580 [main] INFO  c.gettingstarted.MyAlgoLogic - [MYALGO] Algo Sees SheZa
10:48:37.580 [main] INFO  c.gettingstarted.MyAlgoLogic - [MYALGO] Algo Sees Book as:
|----BID-----||----ASK----|
   101 @ 100    100 @ 98
   200 @ 110    200 @ 95
  5000 @ 115    300 @ 91
|------------||-----------|

10:48:37.580 [main] INFO  c.gettingstarted.MyAlgoLogic - [MYALGO] active orders are 20
10:48:37.580 [main] INFO  c.gettingstarted.MyAlgoLogic - [MYALGO] Cancelling order:codingblackfemales.sotw.ChildOrder@49e5f737
10:48:37.580 [main] INFO  c.gettingstarted.MyAlgoLogic - [MYALGO] option is present, number of active orders are 20
10:48:37.580 [main] INFO  c.container.Actioner - [ALGO] Actioner, sending action:CancelChildOrder(codingblackfemales.sotw.ChildOrder@49e5f737)
10:48:37.580 [main] INFO  c.sequencer.consumer.LoggingConsumer - [22] [CancelOrder](sbeTemplateId=5|sbeSchemaId=2|sbeSchemaVersion=0|sbeBlockLength=8):orderId=2
10:48:37.580 [main] INFO  c.gettingstarted.MyAlgoLogic - [MYALGO] The state of the order book is:
|----BID-----||----ASK----|
   101 @ 100    100 @ 98
   200 @ 110    200 @ 95
  5000 @ 115    300 @ 91
|------------||-----------|

10:48:37.580 [main] INFO  c.gettingstarted.MyAlgoLogic - [MYALGO] Algo Sees SheZa
10:48:37.580 [main] INFO  c.gettingstarted.MyAlgoLogic - [MYALGO] Algo Sees Book as:
|----BID-----||----ASK----|
   101 @ 100    100 @ 98
   200 @ 110    200 @ 95
  5000 @ 115    300 @ 91
|------------||-----------|

10:48:37.580 [main] INFO  c.gettingstarted.MyAlgoLogic - [MYALGO] active orders are 19
10:48:37.580 [main] INFO  c.gettingstarted.MyAlgoLogic - [MYALGO] Cancelling order:codingblackfemales.sotw.ChildOrder@5c671d7f
10:48:37.580 [main] INFO  c.gettingstarted.MyAlgoLogic - [MYALGO] option is present, number of active orders are 19
10:48:37.580 [main] INFO  c.container.Actioner - [ALGO] Actioner, sending action:CancelChildOrder(codingblackfemales.sotw.ChildOrder@5c671d7f)
10:48:37.582 [main] INFO  c.sequencer.consumer.LoggingConsumer - [23] [CancelOrder](sbeTemplateId=5|sbeSchemaId=2|sbeSchemaVersion=0|sbeBlockLength=8):orderId=3
10:48:37.583 [main] INFO  c.gettingstarted.MyAlgoLogic - [MYALGO] The state of the order book is:
|----BID-----||----ASK----|
   101 @ 100    100 @ 98
   200 @ 110    200 @ 95
  5000 @ 115    300 @ 91
|------------||-----------|

10:48:37.585 [main] INFO  c.gettingstarted.MyAlgoLogic - [MYALGO] Algo Sees SheZa
10:48:37.585 [main] INFO  c.gettingstarted.MyAlgoLogic - [MYALGO] Algo Sees Book as:
|----BID-----||----ASK----|
   101 @ 100    100 @ 98
   200 @ 110    200 @ 95
  5000 @ 115    300 @ 91
|------------||-----------|

10:48:37.585 [main] INFO  c.gettingstarted.MyAlgoLogic - [MYALGO] active orders are 18
10:48:37.586 [main] INFO  c.gettingstarted.MyAlgoLogic - [MYALGO] Cancelling order:codingblackfemales.sotw.ChildOrder@757277dc
10:48:37.586 [main] INFO  c.gettingstarted.MyAlgoLogic - [MYALGO] option is present, number of active orders are 18
10:48:37.586 [main] INFO  c.container.Actioner - [ALGO] Actioner, sending action:CancelChildOrder(codingblackfemales.sotw.ChildOrder@757277dc)
10:48:37.586 [main] INFO  c.sequencer.consumer.LoggingConsumer - [24] [CancelOrder](sbeTemplateId=5|sbeSchemaId=2|sbeSchemaVersion=0|sbeBlockLength=8):orderId=4
10:48:37.586 [main] INFO  c.gettingstarted.MyAlgoLogic - [MYALGO] The state of the order book is:
|----BID-----||----ASK----|
   101 @ 100    100 @ 98
   200 @ 110    200 @ 95
  5000 @ 115    300 @ 91
|------------||-----------|

10:48:37.586 [main] INFO  c.gettingstarted.MyAlgoLogic - [MYALGO] Algo Sees SheZa
10:48:37.586 [main] INFO  c.gettingstarted.MyAlgoLogic - [MYALGO] Algo Sees Book as:
|----BID-----||----ASK----|
   101 @ 100    100 @ 98
   200 @ 110    200 @ 95
  5000 @ 115    300 @ 91
|------------||-----------|

10:48:37.586 [main] INFO  c.gettingstarted.MyAlgoLogic - [MYALGO] active orders are 17
10:48:37.586 [main] INFO  c.gettingstarted.MyAlgoLogic - [MYALGO] Cancelling order:codingblackfemales.sotw.ChildOrder@687e99d8
10:48:37.586 [main] INFO  c.gettingstarted.MyAlgoLogic - [MYALGO] option is present, number of active orders are 17
10:48:37.586 [main] INFO  c.container.Actioner - [ALGO] Actioner, sending action:CancelChildOrder(codingblackfemales.sotw.ChildOrder@687e99d8)
10:48:37.586 [main] INFO  c.sequencer.consumer.LoggingConsumer - [25] [CancelOrder](sbeTemplateId=5|sbeSchemaId=2|sbeSchemaVersion=0|sbeBlockLength=8):orderId=5
10:48:37.586 [main] INFO  c.gettingstarted.MyAlgoLogic - [MYALGO] The state of the order book is:
|----BID-----||----ASK----|
   101 @ 100    100 @ 98
   200 @ 110    200 @ 95
  5000 @ 115    300 @ 91
|------------||-----------|

10:48:37.586 [main] INFO  c.gettingstarted.MyAlgoLogic - [MYALGO] Algo Sees SheZa
10:48:37.586 [main] INFO  c.gettingstarted.MyAlgoLogic - [MYALGO] Algo Sees Book as:
|----BID-----||----ASK----|
   101 @ 100    100 @ 98
   200 @ 110    200 @ 95
  5000 @ 115    300 @ 91
|------------||-----------|

10:48:37.586 [main] INFO  c.gettingstarted.MyAlgoLogic - [MYALGO] active orders are 16
10:48:37.586 [main] INFO  c.gettingstarted.MyAlgoLogic - [MYALGO] Cancelling order:codingblackfemales.sotw.ChildOrder@e4487af
10:48:37.587 [main] INFO  c.gettingstarted.MyAlgoLogic - [MYALGO] option is present, number of active orders are 16
10:48:37.587 [main] INFO  c.container.Actioner - [ALGO] Actioner, sending action:CancelChildOrder(codingblackfemales.sotw.ChildOrder@e4487af)
10:48:37.587 [main] INFO  c.sequencer.consumer.LoggingConsumer - [26] [CancelOrder](sbeTemplateId=5|sbeSchemaId=2|sbeSchemaVersion=0|sbeBlockLength=8):orderId=6
10:48:37.588 [main] INFO  c.gettingstarted.MyAlgoLogic - [MYALGO] The state of the order book is:
|----BID-----||----ASK----|
   101 @ 100    100 @ 98
   200 @ 110    200 @ 95
  5000 @ 115    300 @ 91
|------------||-----------|

10:48:37.588 [main] INFO  c.gettingstarted.MyAlgoLogic - [MYALGO] Algo Sees SheZa
10:48:37.588 [main] INFO  c.gettingstarted.MyAlgoLogic - [MYALGO] Algo Sees Book as:
|----BID-----||----ASK----|
   101 @ 100    100 @ 98
   200 @ 110    200 @ 95
  5000 @ 115    300 @ 91
|------------||-----------|

10:48:37.588 [main] INFO  c.gettingstarted.MyAlgoLogic - [MYALGO] active orders are 15
10:48:37.588 [main] INFO  c.gettingstarted.MyAlgoLogic - [MYALGO] Cancelling order:codingblackfemales.sotw.ChildOrder@6aaceffd
10:48:37.588 [main] INFO  c.gettingstarted.MyAlgoLogic - [MYALGO] option is present, number of active orders are 15
10:48:37.588 [main] INFO  c.container.Actioner - [ALGO] Actioner, sending action:CancelChildOrder(codingblackfemales.sotw.ChildOrder@6aaceffd)
10:48:37.588 [main] INFO  c.sequencer.consumer.LoggingConsumer - [27] [CancelOrder](sbeTemplateId=5|sbeSchemaId=2|sbeSchemaVersion=0|sbeBlockLength=8):orderId=7
10:48:37.588 [main] INFO  c.gettingstarted.MyAlgoLogic - [MYALGO] The state of the order book is:
|----BID-----||----ASK----|
   101 @ 100    100 @ 98
   200 @ 110    200 @ 95
  5000 @ 115    300 @ 91
|------------||-----------|

10:48:37.588 [main] INFO  c.gettingstarted.MyAlgoLogic - [MYALGO] Algo Sees SheZa
10:48:37.588 [main] INFO  c.gettingstarted.MyAlgoLogic - [MYALGO] Algo Sees Book as:
|----BID-----||----ASK----|
   101 @ 100    100 @ 98
   200 @ 110    200 @ 95
  5000 @ 115    300 @ 91
|------------||-----------|

10:48:37.588 [main] INFO  c.gettingstarted.MyAlgoLogic - [MYALGO] active orders are 14
10:48:37.588 [main] INFO  c.gettingstarted.MyAlgoLogic - [MYALGO] Cancelling order:codingblackfemales.sotw.ChildOrder@c86b9e3
10:48:37.588 [main] INFO  c.gettingstarted.MyAlgoLogic - [MYALGO] option is present, number of active orders are 14
10:48:37.588 [main] INFO  c.container.Actioner - [ALGO] Actioner, sending action:CancelChildOrder(codingblackfemales.sotw.ChildOrder@c86b9e3)
10:48:37.588 [main] INFO  c.sequencer.consumer.LoggingConsumer - [28] [CancelOrder](sbeTemplateId=5|sbeSchemaId=2|sbeSchemaVersion=0|sbeBlockLength=8):orderId=8
10:48:37.588 [main] INFO  c.gettingstarted.MyAlgoLogic - [MYALGO] The state of the order book is:
|----BID-----||----ASK----|
   101 @ 100    100 @ 98
   200 @ 110    200 @ 95
  5000 @ 115    300 @ 91
|------------||-----------|

10:48:37.588 [main] INFO  c.gettingstarted.MyAlgoLogic - [MYALGO] Algo Sees SheZa
10:48:37.588 [main] INFO  c.gettingstarted.MyAlgoLogic - [MYALGO] Algo Sees Book as:
|----BID-----||----ASK----|
   101 @ 100    100 @ 98
   200 @ 110    200 @ 95
  5000 @ 115    300 @ 91
|------------||-----------|

10:48:37.588 [main] INFO  c.gettingstarted.MyAlgoLogic - [MYALGO] active orders are 13
10:48:37.588 [main] INFO  c.gettingstarted.MyAlgoLogic - [MYALGO] Cancelling order:codingblackfemales.sotw.ChildOrder@10aa41f2
10:48:37.588 [main] INFO  c.gettingstarted.MyAlgoLogic - [MYALGO] option is present, number of active orders are 13
10:48:37.588 [main] INFO  c.container.Actioner - [ALGO] Actioner, sending action:CancelChildOrder(codingblackfemales.sotw.ChildOrder@10aa41f2)
10:48:37.589 [main] INFO  c.sequencer.consumer.LoggingConsumer - [29] [CancelOrder](sbeTemplateId=5|sbeSchemaId=2|sbeSchemaVersion=0|sbeBlockLength=8):orderId=9
10:48:37.589 [main] INFO  c.gettingstarted.MyAlgoLogic - [MYALGO] The state of the order book is:
|----BID-----||----ASK----|
   101 @ 100    100 @ 98
   200 @ 110    200 @ 95
  5000 @ 115    300 @ 91
|------------||-----------|

10:48:37.589 [main] INFO  c.gettingstarted.MyAlgoLogic - [MYALGO] Algo Sees SheZa
10:48:37.589 [main] INFO  c.gettingstarted.MyAlgoLogic - [MYALGO] Algo Sees Book as:
|----BID-----||----ASK----|
   101 @ 100    100 @ 98
   200 @ 110    200 @ 95
  5000 @ 115    300 @ 91
|------------||-----------|

10:48:37.590 [main] INFO  c.gettingstarted.MyAlgoLogic - [MYALGO] active orders are 12
10:48:37.590 [main] INFO  c.gettingstarted.MyAlgoLogic - [MYALGO] Cancelling order:codingblackfemales.sotw.ChildOrder@3af9c5b7
10:48:37.590 [main] INFO  c.gettingstarted.MyAlgoLogic - [MYALGO] option is present, number of active orders are 12
10:48:37.590 [main] INFO  c.container.Actioner - [ALGO] Actioner, sending action:CancelChildOrder(codingblackfemales.sotw.ChildOrder@3af9c5b7)
10:48:37.590 [main] INFO  c.sequencer.consumer.LoggingConsumer - [30] [CancelOrder](sbeTemplateId=5|sbeSchemaId=2|sbeSchemaVersion=0|sbeBlockLength=8):orderId=10
10:48:37.590 [main] INFO  c.gettingstarted.MyAlgoLogic - [MYALGO] The state of the order book is:
|----BID-----||----ASK----|
   101 @ 100    100 @ 98
   200 @ 110    200 @ 95
  5000 @ 115    300 @ 91
|------------||-----------|

10:48:37.590 [main] INFO  c.gettingstarted.MyAlgoLogic - [MYALGO] Algo Sees SheZa
10:48:37.590 [main] INFO  c.gettingstarted.MyAlgoLogic - [MYALGO] Algo Sees Book as:
|----BID-----||----ASK----|
   101 @ 100    100 @ 98
   200 @ 110    200 @ 95
  5000 @ 115    300 @ 91
|------------||-----------|

10:48:37.590 [main] INFO  c.gettingstarted.MyAlgoLogic - [MYALGO] active orders are 11
10:48:37.590 [main] INFO  c.gettingstarted.MyAlgoLogic - [MYALGO] Cancelling order:codingblackfemales.sotw.ChildOrder@37271612
10:48:37.590 [main] INFO  c.gettingstarted.MyAlgoLogic - [MYALGO] option is present, number of active orders are 11
10:48:37.590 [main] INFO  c.container.Actioner - [ALGO] Actioner, sending action:CancelChildOrder(codingblackfemales.sotw.ChildOrder@37271612)
10:48:37.590 [main] INFO  c.sequencer.consumer.LoggingConsumer - [31] [CancelOrder](sbeTemplateId=5|sbeSchemaId=2|sbeSchemaVersion=0|sbeBlockLength=8):orderId=11
10:48:37.590 [main] INFO  c.gettingstarted.MyAlgoLogic - [MYALGO] The state of the order book is:
|----BID-----||----ASK----|
   101 @ 100    100 @ 98
   200 @ 110    200 @ 95
  5000 @ 115    300 @ 91
|------------||-----------|

10:48:37.590 [main] INFO  c.gettingstarted.MyAlgoLogic - [MYALGO] Algo Sees SheZa
10:48:37.591 [main] INFO  c.gettingstarted.MyAlgoLogic - [MYALGO] Algo Sees Book as:
|----BID-----||----ASK----|
   101 @ 100    100 @ 98
   200 @ 110    200 @ 95
  5000 @ 115    300 @ 91
|------------||-----------|

10:48:37.591 [main] INFO  c.gettingstarted.MyAlgoLogic - [MYALGO] active orders are 10
10:48:37.591 [main] INFO  c.gettingstarted.MyAlgoLogic - [MYALGO] Cancelling order:codingblackfemales.sotw.ChildOrder@ed7f8b4
10:48:37.591 [main] INFO  c.gettingstarted.MyAlgoLogic - [MYALGO] option is present, number of active orders are 10
10:48:37.591 [main] INFO  c.container.Actioner - [ALGO] Actioner, sending action:CancelChildOrder(codingblackfemales.sotw.ChildOrder@ed7f8b4)
10:48:37.591 [main] INFO  c.sequencer.consumer.LoggingConsumer - [32] [CancelOrder](sbeTemplateId=5|sbeSchemaId=2|sbeSchemaVersion=0|sbeBlockLength=8):orderId=12
10:48:37.593 [main] INFO  c.gettingstarted.MyAlgoLogic - [MYALGO] The state of the order book is:
|----BID-----||----ASK----|
   101 @ 100    100 @ 98
   200 @ 110    200 @ 95
  5000 @ 115    300 @ 91
|------------||-----------|

10:48:37.593 [main] INFO  c.gettingstarted.MyAlgoLogic - [MYALGO] Algo Sees SheZa
10:48:37.593 [main] INFO  c.gettingstarted.MyAlgoLogic - [MYALGO] Algo Sees Book as:
|----BID-----||----ASK----|
   101 @ 100    100 @ 98
   200 @ 110    200 @ 95
  5000 @ 115    300 @ 91
|------------||-----------|

10:48:37.593 [main] INFO  c.gettingstarted.MyAlgoLogic - [MYALGO] active orders are 9
10:48:37.593 [main] INFO  c.gettingstarted.MyAlgoLogic - [MYALGO] Cancelling order:codingblackfemales.sotw.ChildOrder@4c309d4d
10:48:37.593 [main] INFO  c.gettingstarted.MyAlgoLogic - [MYALGO] option is present, number of active orders are 9
10:48:37.593 [main] INFO  c.container.Actioner - [ALGO] Actioner, sending action:CancelChildOrder(codingblackfemales.sotw.ChildOrder@4c309d4d)
10:48:37.593 [main] INFO  c.sequencer.consumer.LoggingConsumer - [33] [CancelOrder](sbeTemplateId=5|sbeSchemaId=2|sbeSchemaVersion=0|sbeBlockLength=8):orderId=13
10:48:37.595 [main] INFO  c.gettingstarted.MyAlgoLogic - [MYALGO] The state of the order book is:
|----BID-----||----ASK----|
   101 @ 100    100 @ 98
   200 @ 110    200 @ 95
  5000 @ 115    300 @ 91
|------------||-----------|

10:48:37.595 [main] INFO  c.gettingstarted.MyAlgoLogic - [MYALGO] Algo Sees SheZa
10:48:37.595 [main] INFO  c.gettingstarted.MyAlgoLogic - [MYALGO] Algo Sees Book as:
|----BID-----||----ASK----|
   101 @ 100    100 @ 98
   200 @ 110    200 @ 95
  5000 @ 115    300 @ 91
|------------||-----------|

10:48:37.596 [main] INFO  c.gettingstarted.MyAlgoLogic - [MYALGO] active orders are 8
10:48:37.596 [main] INFO  c.gettingstarted.MyAlgoLogic - [MYALGO] Cancelling order:codingblackfemales.sotw.ChildOrder@38102d01
10:48:37.596 [main] INFO  c.gettingstarted.MyAlgoLogic - [MYALGO] option is present, number of active orders are 8
10:48:37.596 [main] INFO  c.container.Actioner - [ALGO] Actioner, sending action:CancelChildOrder(codingblackfemales.sotw.ChildOrder@38102d01)
10:48:37.605 [main] INFO  c.sequencer.consumer.LoggingConsumer - [34] [CancelOrder](sbeTemplateId=5|sbeSchemaId=2|sbeSchemaVersion=0|sbeBlockLength=8):orderId=14
10:48:37.607 [main] INFO  c.gettingstarted.MyAlgoLogic - [MYALGO] The state of the order book is:
|----BID-----||----ASK----|
   101 @ 100    100 @ 98
   200 @ 110    200 @ 95
  5000 @ 115    300 @ 91
|------------||-----------|

10:48:37.607 [main] INFO  c.gettingstarted.MyAlgoLogic - [MYALGO] Algo Sees SheZa
10:48:37.607 [main] INFO  c.gettingstarted.MyAlgoLogic - [MYALGO] Algo Sees Book as:
|----BID-----||----ASK----|
   101 @ 100    100 @ 98
   200 @ 110    200 @ 95
  5000 @ 115    300 @ 91
|------------||-----------|

10:48:37.607 [main] INFO  c.gettingstarted.MyAlgoLogic - [MYALGO] active orders are 7
10:48:37.608 [main] INFO  c.gettingstarted.MyAlgoLogic - [MYALGO] Cancelling order:codingblackfemales.sotw.ChildOrder@37883b97
10:48:37.608 [main] INFO  c.gettingstarted.MyAlgoLogic - [MYALGO] option is present, number of active orders are 7
10:48:37.608 [main] INFO  c.container.Actioner - [ALGO] Actioner, sending action:CancelChildOrder(codingblackfemales.sotw.ChildOrder@37883b97)
10:48:37.608 [main] INFO  c.sequencer.consumer.LoggingConsumer - [35] [CancelOrder](sbeTemplateId=5|sbeSchemaId=2|sbeSchemaVersion=0|sbeBlockLength=8):orderId=15
10:48:37.612 [main] INFO  c.gettingstarted.MyAlgoLogic - [MYALGO] The state of the order book is:
|----BID-----||----ASK----|
   101 @ 100    100 @ 98
   200 @ 110    200 @ 95
  5000 @ 115    300 @ 91
|------------||-----------|

10:48:37.613 [main] INFO  c.gettingstarted.MyAlgoLogic - [MYALGO] Algo Sees SheZa
10:48:37.613 [main] INFO  c.gettingstarted.MyAlgoLogic - [MYALGO] Algo Sees Book as:
|----BID-----||----ASK----|
   101 @ 100    100 @ 98
   200 @ 110    200 @ 95
  5000 @ 115    300 @ 91
|------------||-----------|

10:48:37.613 [main] INFO  c.gettingstarted.MyAlgoLogic - [MYALGO] active orders are 6
10:48:37.613 [main] INFO  c.gettingstarted.MyAlgoLogic - [MYALGO] Cancelling order:codingblackfemales.sotw.ChildOrder@6ab778a
10:48:37.613 [main] INFO  c.gettingstarted.MyAlgoLogic - [MYALGO] option is present, number of active orders are 6
10:48:37.613 [main] INFO  c.container.Actioner - [ALGO] Actioner, sending action:CancelChildOrder(codingblackfemales.sotw.ChildOrder@6ab778a)
10:48:37.613 [main] INFO  c.sequencer.consumer.LoggingConsumer - [36] [CancelOrder](sbeTemplateId=5|sbeSchemaId=2|sbeSchemaVersion=0|sbeBlockLength=8):orderId=16
10:48:37.613 [main] INFO  c.gettingstarted.MyAlgoLogic - [MYALGO] The state of the order book is:
|----BID-----||----ASK----|
   101 @ 100    100 @ 98
   200 @ 110    200 @ 95
  5000 @ 115    300 @ 91
|------------||-----------|

10:48:37.613 [main] INFO  c.gettingstarted.MyAlgoLogic - [MYALGO] Algo Sees SheZa
10:48:37.614 [main] INFO  c.gettingstarted.MyAlgoLogic - [MYALGO] Algo Sees Book as:
|----BID-----||----ASK----|
   101 @ 100    100 @ 98
   200 @ 110    200 @ 95
  5000 @ 115    300 @ 91
|------------||-----------|

10:48:37.614 [main] INFO  c.gettingstarted.MyAlgoLogic - [MYALGO] active orders are 5
10:48:37.614 [main] INFO  c.gettingstarted.MyAlgoLogic - [MYALGO] Cancelling order:codingblackfemales.sotw.ChildOrder@4e3958e7
10:48:37.614 [main] INFO  c.gettingstarted.MyAlgoLogic - [MYALGO] option is present, number of active orders are 5
10:48:37.614 [main] INFO  c.container.Actioner - [ALGO] Actioner, sending action:CancelChildOrder(codingblackfemales.sotw.ChildOrder@4e3958e7)
10:48:37.615 [main] INFO  c.sequencer.consumer.LoggingConsumer - [37] [CancelOrder](sbeTemplateId=5|sbeSchemaId=2|sbeSchemaVersion=0|sbeBlockLength=8):orderId=17
10:48:37.615 [main] INFO  c.gettingstarted.MyAlgoLogic - [MYALGO] The state of the order book is:
|----BID-----||----ASK----|
   101 @ 100    100 @ 98
   200 @ 110    200 @ 95
  5000 @ 115    300 @ 91
|------------||-----------|

10:48:37.615 [main] INFO  c.gettingstarted.MyAlgoLogic - [MYALGO] Algo Sees SheZa
10:48:37.615 [main] INFO  c.gettingstarted.MyAlgoLogic - [MYALGO] Algo Sees Book as:
|----BID-----||----ASK----|
   101 @ 100    100 @ 98
   200 @ 110    200 @ 95
  5000 @ 115    300 @ 91
|------------||-----------|

10:48:37.615 [main] INFO  c.gettingstarted.MyAlgoLogic - [MYALGO] active orders are 4
10:48:37.615 [main] INFO  c.gettingstarted.MyAlgoLogic - [MYALGO] Cancelling order:codingblackfemales.sotw.ChildOrder@77f80c04
10:48:37.615 [main] INFO  c.gettingstarted.MyAlgoLogic - [MYALGO] option is present, number of active orders are 4
10:48:37.615 [main] INFO  c.container.Actioner - [ALGO] Actioner, sending action:CancelChildOrder(codingblackfemales.sotw.ChildOrder@77f80c04)
10:48:37.616 [main] INFO  c.sequencer.consumer.LoggingConsumer - [38] [CancelOrder](sbeTemplateId=5|sbeSchemaId=2|sbeSchemaVersion=0|sbeBlockLength=8):orderId=18
10:48:37.616 [main] INFO  c.gettingstarted.MyAlgoLogic - [MYALGO] The state of the order book is:
|----BID-----||----ASK----|
   101 @ 100    100 @ 98
   200 @ 110    200 @ 95
  5000 @ 115    300 @ 91
|------------||-----------|

10:48:37.616 [main] INFO  c.gettingstarted.MyAlgoLogic - [MYALGO] Algo Sees SheZa
10:48:37.617 [main] INFO  c.gettingstarted.MyAlgoLogic - [MYALGO] Algo Sees Book as:
|----BID-----||----ASK----|
   101 @ 100    100 @ 98
   200 @ 110    200 @ 95
  5000 @ 115    300 @ 91
|------------||-----------|

10:48:37.617 [main] INFO  c.gettingstarted.MyAlgoLogic - [MYALGO] active orders are 3
10:48:37.617 [main] INFO  c.gettingstarted.MyAlgoLogic - [MYALGO] Cancelling order:codingblackfemales.sotw.ChildOrder@1dac5ef
10:48:37.617 [main] INFO  c.gettingstarted.MyAlgoLogic - [MYALGO] option is present, number of active orders are 3
10:48:37.617 [main] INFO  c.container.Actioner - [ALGO] Actioner, sending action:CancelChildOrder(codingblackfemales.sotw.ChildOrder@1dac5ef)
10:48:37.617 [main] INFO  c.sequencer.consumer.LoggingConsumer - [39] [CancelOrder](sbeTemplateId=5|sbeSchemaId=2|sbeSchemaVersion=0|sbeBlockLength=8):orderId=19
10:48:37.617 [main] INFO  c.gettingstarted.MyAlgoLogic - [MYALGO] The state of the order book is:
|----BID-----||----ASK----|
   101 @ 100    100 @ 98
   200 @ 110    200 @ 95
  5000 @ 115    300 @ 91
|------------||-----------|

10:48:37.617 [main] INFO  c.gettingstarted.MyAlgoLogic - [MYALGO] Algo Sees SheZa
10:48:37.617 [main] INFO  c.gettingstarted.MyAlgoLogic - [MYALGO] Algo Sees Book as:
|----BID-----||----ASK----|
   101 @ 100    100 @ 98
   200 @ 110    200 @ 95
  5000 @ 115    300 @ 91
|------------||-----------|

10:48:37.617 [main] INFO  c.gettingstarted.MyAlgoLogic - [MYALGO] Have:20 children, want 20, done.
]]></system-out>
  </testcase>
  <testcase name="checkIfOrdersCancelled" classname="codingblackfemales.gettingstarted.MyAlgoTest" time="0.023">
    <failure message="expected:&lt;17&gt; but was:&lt;18&gt;" type="java.lang.AssertionError"><![CDATA[java.lang.AssertionError: expected:<17> but was:<18>
	at org.junit.Assert.fail(Assert.java:88)
	at org.junit.Assert.failNotEquals(Assert.java:743)
	at org.junit.Assert.assertEquals(Assert.java:118)
	at org.junit.Assert.assertEquals(Assert.java:555)
	at org.junit.Assert.assertEquals(Assert.java:542)
	at codingblackfemales.gettingstarted.MyAlgoTest.checkIfOrdersCancelled(MyAlgoTest.java:50)
	at java.base/jdk.internal.reflect.NativeMethodAccessorImpl.invoke0(Native Method)
	at java.base/jdk.internal.reflect.NativeMethodAccessorImpl.invoke(NativeMethodAccessorImpl.java:77)
	at java.base/jdk.internal.reflect.DelegatingMethodAccessorImpl.invoke(DelegatingMethodAccessorImpl.java:43)
	at java.base/java.lang.reflect.Method.invoke(Method.java:568)
	at org.junit.runners.model.FrameworkMethod$1.runReflectiveCall(FrameworkMethod.java:47)
	at org.junit.internal.runners.model.ReflectiveCallable.run(ReflectiveCallable.java:12)
	at org.junit.runners.model.FrameworkMethod.invokeExplosively(FrameworkMethod.java:44)
	at org.junit.internal.runners.statements.InvokeMethod.evaluate(InvokeMethod.java:17)
	at org.junit.runners.ParentRunner.runLeaf(ParentRunner.java:271)
	at org.junit.runners.BlockJUnit4ClassRunner.runChild(BlockJUnit4ClassRunner.java:70)
	at org.junit.runners.BlockJUnit4ClassRunner.runChild(BlockJUnit4ClassRunner.java:50)
	at org.junit.runners.ParentRunner$3.run(ParentRunner.java:238)
	at org.junit.runners.ParentRunner$1.schedule(ParentRunner.java:63)
	at org.junit.runners.ParentRunner.runChildren(ParentRunner.java:236)
	at org.junit.runners.ParentRunner.access$000(ParentRunner.java:53)
	at org.junit.runners.ParentRunner$2.evaluate(ParentRunner.java:229)
	at org.junit.runners.ParentRunner.run(ParentRunner.java:309)
	at org.apache.maven.surefire.junit4.JUnit4Provider.execute(JUnit4Provider.java:316)
	at org.apache.maven.surefire.junit4.JUnit4Provider.executeWithRerun(JUnit4Provider.java:240)
	at org.apache.maven.surefire.junit4.JUnit4Provider.executeTestSet(JUnit4Provider.java:214)
	at org.apache.maven.surefire.junit4.JUnit4Provider.invoke(JUnit4Provider.java:155)
	at org.apache.maven.surefire.booter.ForkedBooter.runSuitesInProcess(ForkedBooter.java:385)
	at org.apache.maven.surefire.booter.ForkedBooter.execute(ForkedBooter.java:162)
	at org.apache.maven.surefire.booter.ForkedBooter.run(ForkedBooter.java:507)
	at org.apache.maven.surefire.booter.ForkedBooter.main(ForkedBooter.java:495)
]]></failure>
    <system-out><![CDATA[10:48:37.618 [main] INFO  c.sequencer.consumer.LoggingConsumer - [1] 
|----BID-----|
   101 @ 100
   200 @ 110
  5000 @ 115
|----ASK-----|
    100 @ 98
    200 @ 95
    300 @ 91

10:48:37.618 [main] DEBUG c.service.MarketDataService - [ALGO] BID: price:100 quantity:101
10:48:37.618 [main] DEBUG c.service.MarketDataService - [ALGO] BID: price:110 quantity:200
10:48:37.618 [main] DEBUG c.service.MarketDataService - [ALGO] BID: price:115 quantity:5000
10:48:37.618 [main] DEBUG c.service.MarketDataService - [ALGO] ASK: price:98 quantity:100
10:48:37.618 [main] DEBUG c.service.MarketDataService - [ALGO] ASK: price:95 quantity:200
10:48:37.618 [main] DEBUG c.service.MarketDataService - [ALGO] ASK: price:91 quantity:300
10:48:37.618 [main] INFO  c.gettingstarted.MyAlgoLogic - [MYALGO] The state of the order book is:
|----BID-----||----ASK----|
   101 @ 100    100 @ 98
   200 @ 110    200 @ 95
  5000 @ 115    300 @ 91
|------------||-----------|

10:48:37.618 [main] INFO  c.gettingstarted.MyAlgoLogic - [MYALGO] Algo Sees SheZa
10:48:37.618 [main] INFO  c.gettingstarted.MyAlgoLogic - [MYALGO] Algo Sees Book as:
|----BID-----||----ASK----|
   101 @ 100    100 @ 98
   200 @ 110    200 @ 95
  5000 @ 115    300 @ 91
|------------||-----------|

10:48:37.618 [main] INFO  c.gettingstarted.MyAlgoLogic - [MYALGO] Adding order for101@100
total order count is 0
10:48:37.618 [main] INFO  c.container.Actioner - [ALGO] Actioner, sending action:CreateChildOrder(side=BUY,quantity=101,price=100)
10:48:37.618 [main] INFO  c.sequencer.consumer.LoggingConsumer - [2] [CreateOrder](sbeTemplateId=4|sbeSchemaId=2|sbeSchemaVersion=0|sbeBlockLength=33):instrumentId=0|price=100|quantity=101|side=BUY|orderId=2
10:48:37.619 [main] INFO  c.gettingstarted.MyAlgoLogic - [MYALGO] The state of the order book is:
|----BID-----||----ASK----|
   101 @ 100    100 @ 98
   200 @ 110    200 @ 95
  5000 @ 115    300 @ 91
|------------||-----------|

10:48:37.619 [main] INFO  c.gettingstarted.MyAlgoLogic - [MYALGO] Algo Sees SheZa
10:48:37.619 [main] INFO  c.gettingstarted.MyAlgoLogic - [MYALGO] Algo Sees Book as:
|----BID-----||----ASK----|
   101 @ 100    100 @ 98
   200 @ 110    200 @ 95
  5000 @ 115    300 @ 91
|------------||-----------|

10:48:37.620 [main] INFO  c.gettingstarted.MyAlgoLogic - [MYALGO] Adding order for101@100
total order count is 1
10:48:37.620 [main] INFO  c.container.Actioner - [ALGO] Actioner, sending action:CreateChildOrder(side=BUY,quantity=101,price=100)
10:48:37.620 [main] INFO  c.sequencer.consumer.LoggingConsumer - [3] [CreateOrder](sbeTemplateId=4|sbeSchemaId=2|sbeSchemaVersion=0|sbeBlockLength=33):instrumentId=0|price=100|quantity=101|side=BUY|orderId=3
10:48:37.620 [main] INFO  c.gettingstarted.MyAlgoLogic - [MYALGO] The state of the order book is:
|----BID-----||----ASK----|
   101 @ 100    100 @ 98
   200 @ 110    200 @ 95
  5000 @ 115    300 @ 91
|------------||-----------|

10:48:37.620 [main] INFO  c.gettingstarted.MyAlgoLogic - [MYALGO] Algo Sees SheZa
10:48:37.620 [main] INFO  c.gettingstarted.MyAlgoLogic - [MYALGO] Algo Sees Book as:
|----BID-----||----ASK----|
   101 @ 100    100 @ 98
   200 @ 110    200 @ 95
  5000 @ 115    300 @ 91
|------------||-----------|

10:48:37.620 [main] INFO  c.gettingstarted.MyAlgoLogic - [MYALGO] Adding order for101@100
total order count is 2
10:48:37.620 [main] INFO  c.container.Actioner - [ALGO] Actioner, sending action:CreateChildOrder(side=BUY,quantity=101,price=100)
10:48:37.620 [main] INFO  c.sequencer.consumer.LoggingConsumer - [4] [CreateOrder](sbeTemplateId=4|sbeSchemaId=2|sbeSchemaVersion=0|sbeBlockLength=33):instrumentId=0|price=100|quantity=101|side=BUY|orderId=4
10:48:37.620 [main] INFO  c.gettingstarted.MyAlgoLogic - [MYALGO] The state of the order book is:
|----BID-----||----ASK----|
   101 @ 100    100 @ 98
   200 @ 110    200 @ 95
  5000 @ 115    300 @ 91
|------------||-----------|

10:48:37.620 [main] INFO  c.gettingstarted.MyAlgoLogic - [MYALGO] Algo Sees SheZa
10:48:37.620 [main] INFO  c.gettingstarted.MyAlgoLogic - [MYALGO] Algo Sees Book as:
|----BID-----||----ASK----|
   101 @ 100    100 @ 98
   200 @ 110    200 @ 95
  5000 @ 115    300 @ 91
|------------||-----------|

10:48:37.620 [main] INFO  c.gettingstarted.MyAlgoLogic - [MYALGO] Adding order for101@100
total order count is 3
10:48:37.620 [main] INFO  c.container.Actioner - [ALGO] Actioner, sending action:CreateChildOrder(side=BUY,quantity=101,price=100)
10:48:37.620 [main] INFO  c.sequencer.consumer.LoggingConsumer - [5] [CreateOrder](sbeTemplateId=4|sbeSchemaId=2|sbeSchemaVersion=0|sbeBlockLength=33):instrumentId=0|price=100|quantity=101|side=BUY|orderId=5
10:48:37.620 [main] INFO  c.gettingstarted.MyAlgoLogic - [MYALGO] The state of the order book is:
|----BID-----||----ASK----|
   101 @ 100    100 @ 98
   200 @ 110    200 @ 95
  5000 @ 115    300 @ 91
|------------||-----------|

10:48:37.620 [main] INFO  c.gettingstarted.MyAlgoLogic - [MYALGO] Algo Sees SheZa
10:48:37.620 [main] INFO  c.gettingstarted.MyAlgoLogic - [MYALGO] Algo Sees Book as:
|----BID-----||----ASK----|
   101 @ 100    100 @ 98
   200 @ 110    200 @ 95
  5000 @ 115    300 @ 91
|------------||-----------|

10:48:37.620 [main] INFO  c.gettingstarted.MyAlgoLogic - [MYALGO] Adding order for101@100
total order count is 4
10:48:37.620 [main] INFO  c.container.Actioner - [ALGO] Actioner, sending action:CreateChildOrder(side=BUY,quantity=101,price=100)
10:48:37.620 [main] INFO  c.sequencer.consumer.LoggingConsumer - [6] [CreateOrder](sbeTemplateId=4|sbeSchemaId=2|sbeSchemaVersion=0|sbeBlockLength=33):instrumentId=0|price=100|quantity=101|side=BUY|orderId=6
10:48:37.620 [main] INFO  c.gettingstarted.MyAlgoLogic - [MYALGO] The state of the order book is:
|----BID-----||----ASK----|
   101 @ 100    100 @ 98
   200 @ 110    200 @ 95
  5000 @ 115    300 @ 91
|------------||-----------|

10:48:37.620 [main] INFO  c.gettingstarted.MyAlgoLogic - [MYALGO] Algo Sees SheZa
10:48:37.620 [main] INFO  c.gettingstarted.MyAlgoLogic - [MYALGO] Algo Sees Book as:
|----BID-----||----ASK----|
   101 @ 100    100 @ 98
   200 @ 110    200 @ 95
  5000 @ 115    300 @ 91
|------------||-----------|

10:48:37.620 [main] INFO  c.gettingstarted.MyAlgoLogic - [MYALGO] Adding order for101@100
total order count is 5
10:48:37.620 [main] INFO  c.container.Actioner - [ALGO] Actioner, sending action:CreateChildOrder(side=BUY,quantity=101,price=100)
10:48:37.620 [main] INFO  c.sequencer.consumer.LoggingConsumer - [7] [CreateOrder](sbeTemplateId=4|sbeSchemaId=2|sbeSchemaVersion=0|sbeBlockLength=33):instrumentId=0|price=100|quantity=101|side=BUY|orderId=7
10:48:37.620 [main] INFO  c.gettingstarted.MyAlgoLogic - [MYALGO] The state of the order book is:
|----BID-----||----ASK----|
   101 @ 100    100 @ 98
   200 @ 110    200 @ 95
  5000 @ 115    300 @ 91
|------------||-----------|

10:48:37.620 [main] INFO  c.gettingstarted.MyAlgoLogic - [MYALGO] Algo Sees SheZa
10:48:37.620 [main] INFO  c.gettingstarted.MyAlgoLogic - [MYALGO] Algo Sees Book as:
|----BID-----||----ASK----|
   101 @ 100    100 @ 98
   200 @ 110    200 @ 95
  5000 @ 115    300 @ 91
|------------||-----------|

10:48:37.620 [main] INFO  c.gettingstarted.MyAlgoLogic - [MYALGO] Adding order for101@100
total order count is 6
10:48:37.620 [main] INFO  c.container.Actioner - [ALGO] Actioner, sending action:CreateChildOrder(side=BUY,quantity=101,price=100)
10:48:37.620 [main] INFO  c.sequencer.consumer.LoggingConsumer - [8] [CreateOrder](sbeTemplateId=4|sbeSchemaId=2|sbeSchemaVersion=0|sbeBlockLength=33):instrumentId=0|price=100|quantity=101|side=BUY|orderId=8
10:48:37.621 [main] INFO  c.gettingstarted.MyAlgoLogic - [MYALGO] The state of the order book is:
|----BID-----||----ASK----|
   101 @ 100    100 @ 98
   200 @ 110    200 @ 95
  5000 @ 115    300 @ 91
|------------||-----------|

10:48:37.621 [main] INFO  c.gettingstarted.MyAlgoLogic - [MYALGO] Algo Sees SheZa
10:48:37.621 [main] INFO  c.gettingstarted.MyAlgoLogic - [MYALGO] Algo Sees Book as:
|----BID-----||----ASK----|
   101 @ 100    100 @ 98
   200 @ 110    200 @ 95
  5000 @ 115    300 @ 91
|------------||-----------|

10:48:37.621 [main] INFO  c.gettingstarted.MyAlgoLogic - [MYALGO] Adding order for101@100
total order count is 7
10:48:37.621 [main] INFO  c.container.Actioner - [ALGO] Actioner, sending action:CreateChildOrder(side=BUY,quantity=101,price=100)
10:48:37.621 [main] INFO  c.sequencer.consumer.LoggingConsumer - [9] [CreateOrder](sbeTemplateId=4|sbeSchemaId=2|sbeSchemaVersion=0|sbeBlockLength=33):instrumentId=0|price=100|quantity=101|side=BUY|orderId=9
10:48:37.621 [main] INFO  c.gettingstarted.MyAlgoLogic - [MYALGO] The state of the order book is:
|----BID-----||----ASK----|
   101 @ 100    100 @ 98
   200 @ 110    200 @ 95
  5000 @ 115    300 @ 91
|------------||-----------|

10:48:37.621 [main] INFO  c.gettingstarted.MyAlgoLogic - [MYALGO] Algo Sees SheZa
10:48:37.621 [main] INFO  c.gettingstarted.MyAlgoLogic - [MYALGO] Algo Sees Book as:
|----BID-----||----ASK----|
   101 @ 100    100 @ 98
   200 @ 110    200 @ 95
  5000 @ 115    300 @ 91
|------------||-----------|

10:48:37.621 [main] INFO  c.gettingstarted.MyAlgoLogic - [MYALGO] Adding order for101@100
total order count is 8
10:48:37.621 [main] INFO  c.container.Actioner - [ALGO] Actioner, sending action:CreateChildOrder(side=BUY,quantity=101,price=100)
10:48:37.621 [main] INFO  c.sequencer.consumer.LoggingConsumer - [10] [CreateOrder](sbeTemplateId=4|sbeSchemaId=2|sbeSchemaVersion=0|sbeBlockLength=33):instrumentId=0|price=100|quantity=101|side=BUY|orderId=10
10:48:37.621 [main] INFO  c.gettingstarted.MyAlgoLogic - [MYALGO] The state of the order book is:
|----BID-----||----ASK----|
   101 @ 100    100 @ 98
   200 @ 110    200 @ 95
  5000 @ 115    300 @ 91
|------------||-----------|

10:48:37.621 [main] INFO  c.gettingstarted.MyAlgoLogic - [MYALGO] Algo Sees SheZa
10:48:37.621 [main] INFO  c.gettingstarted.MyAlgoLogic - [MYALGO] Algo Sees Book as:
|----BID-----||----ASK----|
   101 @ 100    100 @ 98
   200 @ 110    200 @ 95
  5000 @ 115    300 @ 91
|------------||-----------|

10:48:37.621 [main] INFO  c.gettingstarted.MyAlgoLogic - [MYALGO] Adding order for101@100
total order count is 9
10:48:37.621 [main] INFO  c.container.Actioner - [ALGO] Actioner, sending action:CreateChildOrder(side=BUY,quantity=101,price=100)
10:48:37.621 [main] INFO  c.sequencer.consumer.LoggingConsumer - [11] [CreateOrder](sbeTemplateId=4|sbeSchemaId=2|sbeSchemaVersion=0|sbeBlockLength=33):instrumentId=0|price=100|quantity=101|side=BUY|orderId=11
10:48:37.621 [main] INFO  c.gettingstarted.MyAlgoLogic - [MYALGO] The state of the order book is:
|----BID-----||----ASK----|
   101 @ 100    100 @ 98
   200 @ 110    200 @ 95
  5000 @ 115    300 @ 91
|------------||-----------|

10:48:37.621 [main] INFO  c.gettingstarted.MyAlgoLogic - [MYALGO] Algo Sees SheZa
10:48:37.621 [main] INFO  c.gettingstarted.MyAlgoLogic - [MYALGO] Algo Sees Book as:
|----BID-----||----ASK----|
   101 @ 100    100 @ 98
   200 @ 110    200 @ 95
  5000 @ 115    300 @ 91
|------------||-----------|

10:48:37.621 [main] INFO  c.gettingstarted.MyAlgoLogic - [MYALGO] Adding order for101@100
total order count is 10
10:48:37.621 [main] INFO  c.container.Actioner - [ALGO] Actioner, sending action:CreateChildOrder(side=BUY,quantity=101,price=100)
10:48:37.621 [main] INFO  c.sequencer.consumer.LoggingConsumer - [12] [CreateOrder](sbeTemplateId=4|sbeSchemaId=2|sbeSchemaVersion=0|sbeBlockLength=33):instrumentId=0|price=100|quantity=101|side=BUY|orderId=12
10:48:37.621 [main] INFO  c.gettingstarted.MyAlgoLogic - [MYALGO] The state of the order book is:
|----BID-----||----ASK----|
   101 @ 100    100 @ 98
   200 @ 110    200 @ 95
  5000 @ 115    300 @ 91
|------------||-----------|

10:48:37.621 [main] INFO  c.gettingstarted.MyAlgoLogic - [MYALGO] Algo Sees SheZa
10:48:37.621 [main] INFO  c.gettingstarted.MyAlgoLogic - [MYALGO] Algo Sees Book as:
|----BID-----||----ASK----|
   101 @ 100    100 @ 98
   200 @ 110    200 @ 95
  5000 @ 115    300 @ 91
|------------||-----------|

10:48:37.621 [main] INFO  c.gettingstarted.MyAlgoLogic - [MYALGO] Adding order for101@100
total order count is 11
10:48:37.622 [main] INFO  c.container.Actioner - [ALGO] Actioner, sending action:CreateChildOrder(side=BUY,quantity=101,price=100)
10:48:37.622 [main] INFO  c.sequencer.consumer.LoggingConsumer - [13] [CreateOrder](sbeTemplateId=4|sbeSchemaId=2|sbeSchemaVersion=0|sbeBlockLength=33):instrumentId=0|price=100|quantity=101|side=BUY|orderId=13
10:48:37.622 [main] INFO  c.gettingstarted.MyAlgoLogic - [MYALGO] The state of the order book is:
|----BID-----||----ASK----|
   101 @ 100    100 @ 98
   200 @ 110    200 @ 95
  5000 @ 115    300 @ 91
|------------||-----------|

10:48:37.622 [main] INFO  c.gettingstarted.MyAlgoLogic - [MYALGO] Algo Sees SheZa
10:48:37.622 [main] INFO  c.gettingstarted.MyAlgoLogic - [MYALGO] Algo Sees Book as:
|----BID-----||----ASK----|
   101 @ 100    100 @ 98
   200 @ 110    200 @ 95
  5000 @ 115    300 @ 91
|------------||-----------|

10:48:37.622 [main] INFO  c.gettingstarted.MyAlgoLogic - [MYALGO] Adding order for101@100
total order count is 12
10:48:37.622 [main] INFO  c.container.Actioner - [ALGO] Actioner, sending action:CreateChildOrder(side=BUY,quantity=101,price=100)
10:48:37.622 [main] INFO  c.sequencer.consumer.LoggingConsumer - [14] [CreateOrder](sbeTemplateId=4|sbeSchemaId=2|sbeSchemaVersion=0|sbeBlockLength=33):instrumentId=0|price=100|quantity=101|side=BUY|orderId=14
10:48:37.622 [main] INFO  c.gettingstarted.MyAlgoLogic - [MYALGO] The state of the order book is:
|----BID-----||----ASK----|
   101 @ 100    100 @ 98
   200 @ 110    200 @ 95
  5000 @ 115    300 @ 91
|------------||-----------|

10:48:37.623 [main] INFO  c.gettingstarted.MyAlgoLogic - [MYALGO] Algo Sees SheZa
10:48:37.627 [main] INFO  c.gettingstarted.MyAlgoLogic - [MYALGO] Algo Sees Book as:
|----BID-----||----ASK----|
   101 @ 100    100 @ 98
   200 @ 110    200 @ 95
  5000 @ 115    300 @ 91
|------------||-----------|

10:48:37.627 [main] INFO  c.gettingstarted.MyAlgoLogic - [MYALGO] Adding order for101@100
total order count is 13
10:48:37.628 [main] INFO  c.container.Actioner - [ALGO] Actioner, sending action:CreateChildOrder(side=BUY,quantity=101,price=100)
10:48:37.628 [main] INFO  c.sequencer.consumer.LoggingConsumer - [15] [CreateOrder](sbeTemplateId=4|sbeSchemaId=2|sbeSchemaVersion=0|sbeBlockLength=33):instrumentId=0|price=100|quantity=101|side=BUY|orderId=15
10:48:37.628 [main] INFO  c.gettingstarted.MyAlgoLogic - [MYALGO] The state of the order book is:
|----BID-----||----ASK----|
   101 @ 100    100 @ 98
   200 @ 110    200 @ 95
  5000 @ 115    300 @ 91
|------------||-----------|

10:48:37.628 [main] INFO  c.gettingstarted.MyAlgoLogic - [MYALGO] Algo Sees SheZa
10:48:37.628 [main] INFO  c.gettingstarted.MyAlgoLogic - [MYALGO] Algo Sees Book as:
|----BID-----||----ASK----|
   101 @ 100    100 @ 98
   200 @ 110    200 @ 95
  5000 @ 115    300 @ 91
|------------||-----------|

10:48:37.628 [main] INFO  c.gettingstarted.MyAlgoLogic - [MYALGO] Adding order for101@100
total order count is 14
10:48:37.628 [main] INFO  c.container.Actioner - [ALGO] Actioner, sending action:CreateChildOrder(side=BUY,quantity=101,price=100)
10:48:37.667 [main] INFO  c.sequencer.consumer.LoggingConsumer - [16] [CreateOrder](sbeTemplateId=4|sbeSchemaId=2|sbeSchemaVersion=0|sbeBlockLength=33):instrumentId=0|price=100|quantity=101|side=BUY|orderId=16
10:48:37.667 [main] INFO  c.gettingstarted.MyAlgoLogic - [MYALGO] The state of the order book is:
|----BID-----||----ASK----|
   101 @ 100    100 @ 98
   200 @ 110    200 @ 95
  5000 @ 115    300 @ 91
|------------||-----------|

10:48:37.667 [main] INFO  c.gettingstarted.MyAlgoLogic - [MYALGO] Algo Sees SheZa
10:48:37.667 [main] INFO  c.gettingstarted.MyAlgoLogic - [MYALGO] Algo Sees Book as:
|----BID-----||----ASK----|
   101 @ 100    100 @ 98
   200 @ 110    200 @ 95
  5000 @ 115    300 @ 91
|------------||-----------|

10:48:37.667 [main] INFO  c.gettingstarted.MyAlgoLogic - [MYALGO] Adding order for101@100
total order count is 15
10:48:37.668 [main] INFO  c.container.Actioner - [ALGO] Actioner, sending action:CreateChildOrder(side=BUY,quantity=101,price=100)
10:48:37.668 [main] INFO  c.sequencer.consumer.LoggingConsumer - [17] [CreateOrder](sbeTemplateId=4|sbeSchemaId=2|sbeSchemaVersion=0|sbeBlockLength=33):instrumentId=0|price=100|quantity=101|side=BUY|orderId=17
10:48:37.668 [main] INFO  c.gettingstarted.MyAlgoLogic - [MYALGO] The state of the order book is:
|----BID-----||----ASK----|
   101 @ 100    100 @ 98
   200 @ 110    200 @ 95
  5000 @ 115    300 @ 91
|------------||-----------|

10:48:37.668 [main] INFO  c.gettingstarted.MyAlgoLogic - [MYALGO] Algo Sees SheZa
10:48:37.668 [main] INFO  c.gettingstarted.MyAlgoLogic - [MYALGO] Algo Sees Book as:
|----BID-----||----ASK----|
   101 @ 100    100 @ 98
   200 @ 110    200 @ 95
  5000 @ 115    300 @ 91
|------------||-----------|

10:48:37.668 [main] INFO  c.gettingstarted.MyAlgoLogic - [MYALGO] Adding order for101@100
total order count is 16
10:48:37.668 [main] INFO  c.container.Actioner - [ALGO] Actioner, sending action:CreateChildOrder(side=BUY,quantity=101,price=100)
10:48:37.668 [main] INFO  c.sequencer.consumer.LoggingConsumer - [18] [CreateOrder](sbeTemplateId=4|sbeSchemaId=2|sbeSchemaVersion=0|sbeBlockLength=33):instrumentId=0|price=100|quantity=101|side=BUY|orderId=18
10:48:37.668 [main] INFO  c.gettingstarted.MyAlgoLogic - [MYALGO] The state of the order book is:
|----BID-----||----ASK----|
   101 @ 100    100 @ 98
   200 @ 110    200 @ 95
  5000 @ 115    300 @ 91
|------------||-----------|

10:48:37.668 [main] INFO  c.gettingstarted.MyAlgoLogic - [MYALGO] Algo Sees SheZa
10:48:37.668 [main] INFO  c.gettingstarted.MyAlgoLogic - [MYALGO] Algo Sees Book as:
|----BID-----||----ASK----|
   101 @ 100    100 @ 98
   200 @ 110    200 @ 95
  5000 @ 115    300 @ 91
|------------||-----------|

10:48:37.668 [main] INFO  c.gettingstarted.MyAlgoLogic - [MYALGO] Adding order for101@100
total order count is 17
10:48:37.668 [main] INFO  c.container.Actioner - [ALGO] Actioner, sending action:CreateChildOrder(side=BUY,quantity=101,price=100)
10:48:37.668 [main] INFO  c.sequencer.consumer.LoggingConsumer - [19] [CreateOrder](sbeTemplateId=4|sbeSchemaId=2|sbeSchemaVersion=0|sbeBlockLength=33):instrumentId=0|price=100|quantity=101|side=BUY|orderId=19
10:48:37.669 [main] INFO  c.gettingstarted.MyAlgoLogic - [MYALGO] The state of the order book is:
|----BID-----||----ASK----|
   101 @ 100    100 @ 98
   200 @ 110    200 @ 95
  5000 @ 115    300 @ 91
|------------||-----------|

10:48:37.669 [main] INFO  c.gettingstarted.MyAlgoLogic - [MYALGO] Algo Sees SheZa
10:48:37.669 [main] INFO  c.gettingstarted.MyAlgoLogic - [MYALGO] Algo Sees Book as:
|----BID-----||----ASK----|
   101 @ 100    100 @ 98
   200 @ 110    200 @ 95
  5000 @ 115    300 @ 91
|------------||-----------|

10:48:37.669 [main] INFO  c.gettingstarted.MyAlgoLogic - [MYALGO] Adding order for101@100
total order count is 18
10:48:37.669 [main] INFO  c.container.Actioner - [ALGO] Actioner, sending action:CreateChildOrder(side=BUY,quantity=101,price=100)
10:48:37.669 [main] INFO  c.sequencer.consumer.LoggingConsumer - [20] [CreateOrder](sbeTemplateId=4|sbeSchemaId=2|sbeSchemaVersion=0|sbeBlockLength=33):instrumentId=0|price=100|quantity=101|side=BUY|orderId=20
10:48:37.669 [main] INFO  c.gettingstarted.MyAlgoLogic - [MYALGO] The state of the order book is:
|----BID-----||----ASK----|
   101 @ 100    100 @ 98
   200 @ 110    200 @ 95
  5000 @ 115    300 @ 91
|------------||-----------|

10:48:37.669 [main] INFO  c.gettingstarted.MyAlgoLogic - [MYALGO] Algo Sees SheZa
10:48:37.669 [main] INFO  c.gettingstarted.MyAlgoLogic - [MYALGO] Algo Sees Book as:
|----BID-----||----ASK----|
   101 @ 100    100 @ 98
   200 @ 110    200 @ 95
  5000 @ 115    300 @ 91
|------------||-----------|

10:48:37.669 [main] INFO  c.gettingstarted.MyAlgoLogic - [MYALGO] Adding order for101@100
total order count is 19
10:48:37.669 [main] INFO  c.container.Actioner - [ALGO] Actioner, sending action:CreateChildOrder(side=BUY,quantity=101,price=100)
10:48:37.669 [main] INFO  c.sequencer.consumer.LoggingConsumer - [21] [CreateOrder](sbeTemplateId=4|sbeSchemaId=2|sbeSchemaVersion=0|sbeBlockLength=33):instrumentId=0|price=100|quantity=101|side=BUY|orderId=21
10:48:37.669 [main] INFO  c.gettingstarted.MyAlgoLogic - [MYALGO] The state of the order book is:
|----BID-----||----ASK----|
   101 @ 100    100 @ 98
   200 @ 110    200 @ 95
  5000 @ 115    300 @ 91
|------------||-----------|

10:48:37.669 [main] INFO  c.gettingstarted.MyAlgoLogic - [MYALGO] Algo Sees SheZa
10:48:37.669 [main] INFO  c.gettingstarted.MyAlgoLogic - [MYALGO] Algo Sees Book as:
|----BID-----||----ASK----|
   101 @ 100    100 @ 98
   200 @ 110    200 @ 95
  5000 @ 115    300 @ 91
|------------||-----------|

10:48:37.669 [main] INFO  c.gettingstarted.MyAlgoLogic - [MYALGO] active orders are 20
10:48:37.670 [main] INFO  c.gettingstarted.MyAlgoLogic - [MYALGO] Cancelling order:codingblackfemales.sotw.ChildOrder@5c90e579
10:48:37.670 [main] INFO  c.gettingstarted.MyAlgoLogic - [MYALGO] option is present, number of active orders are 20
10:48:37.670 [main] INFO  c.container.Actioner - [ALGO] Actioner, sending action:CancelChildOrder(codingblackfemales.sotw.ChildOrder@5c90e579)
10:48:37.670 [main] INFO  c.sequencer.consumer.LoggingConsumer - [22] [CancelOrder](sbeTemplateId=5|sbeSchemaId=2|sbeSchemaVersion=0|sbeBlockLength=8):orderId=2
10:48:37.670 [main] INFO  c.gettingstarted.MyAlgoLogic - [MYALGO] The state of the order book is:
|----BID-----||----ASK----|
   101 @ 100    100 @ 98
   200 @ 110    200 @ 95
  5000 @ 115    300 @ 91
|------------||-----------|

10:48:37.670 [main] INFO  c.gettingstarted.MyAlgoLogic - [MYALGO] Algo Sees SheZa
10:48:37.670 [main] INFO  c.gettingstarted.MyAlgoLogic - [MYALGO] Algo Sees Book as:
|----BID-----||----ASK----|
   101 @ 100    100 @ 98
   200 @ 110    200 @ 95
  5000 @ 115    300 @ 91
|------------||-----------|

10:48:37.670 [main] INFO  c.gettingstarted.MyAlgoLogic - [MYALGO] active orders are 19
10:48:37.670 [main] INFO  c.gettingstarted.MyAlgoLogic - [MYALGO] Cancelling order:codingblackfemales.sotw.ChildOrder@58ea606c
10:48:37.670 [main] INFO  c.gettingstarted.MyAlgoLogic - [MYALGO] option is present, number of active orders are 19
10:48:37.670 [main] INFO  c.container.Actioner - [ALGO] Actioner, sending action:CancelChildOrder(codingblackfemales.sotw.ChildOrder@58ea606c)
10:48:37.670 [main] INFO  c.sequencer.consumer.LoggingConsumer - [23] [CancelOrder](sbeTemplateId=5|sbeSchemaId=2|sbeSchemaVersion=0|sbeBlockLength=8):orderId=3
10:48:37.671 [main] INFO  c.gettingstarted.MyAlgoLogic - [MYALGO] The state of the order book is:
|----BID-----||----ASK----|
   101 @ 100    100 @ 98
   200 @ 110    200 @ 95
  5000 @ 115    300 @ 91
|------------||-----------|

10:48:37.671 [main] INFO  c.gettingstarted.MyAlgoLogic - [MYALGO] Algo Sees SheZa
10:48:37.671 [main] INFO  c.gettingstarted.MyAlgoLogic - [MYALGO] Algo Sees Book as:
|----BID-----||----ASK----|
   101 @ 100    100 @ 98
   200 @ 110    200 @ 95
  5000 @ 115    300 @ 91
|------------||-----------|

10:48:37.671 [main] INFO  c.gettingstarted.MyAlgoLogic - [MYALGO] active orders are 18
10:48:37.671 [main] INFO  c.gettingstarted.MyAlgoLogic - [MYALGO] Cancelling order:codingblackfemales.sotw.ChildOrder@6f45df59
10:48:37.671 [main] INFO  c.gettingstarted.MyAlgoLogic - [MYALGO] option is present, number of active orders are 18
10:48:37.671 [main] INFO  c.container.Actioner - [ALGO] Actioner, sending action:CancelChildOrder(codingblackfemales.sotw.ChildOrder@6f45df59)
10:48:37.671 [main] INFO  c.sequencer.consumer.LoggingConsumer - [24] [CancelOrder](sbeTemplateId=5|sbeSchemaId=2|sbeSchemaVersion=0|sbeBlockLength=8):orderId=4
10:48:37.671 [main] INFO  c.gettingstarted.MyAlgoLogic - [MYALGO] The state of the order book is:
|----BID-----||----ASK----|
   101 @ 100    100 @ 98
   200 @ 110    200 @ 95
  5000 @ 115    300 @ 91
|------------||-----------|

10:48:37.672 [main] INFO  c.gettingstarted.MyAlgoLogic - [MYALGO] Algo Sees SheZa
10:48:37.672 [main] INFO  c.gettingstarted.MyAlgoLogic - [MYALGO] Algo Sees Book as:
|----BID-----||----ASK----|
   101 @ 100    100 @ 98
   200 @ 110    200 @ 95
  5000 @ 115    300 @ 91
|------------||-----------|

10:48:37.672 [main] INFO  c.gettingstarted.MyAlgoLogic - [MYALGO] active orders are 17
10:48:37.672 [main] INFO  c.gettingstarted.MyAlgoLogic - [MYALGO] Cancelling order:codingblackfemales.sotw.ChildOrder@38e79ae3
10:48:37.672 [main] INFO  c.gettingstarted.MyAlgoLogic - [MYALGO] option is present, number of active orders are 17
10:48:37.672 [main] INFO  c.container.Actioner - [ALGO] Actioner, sending action:CancelChildOrder(codingblackfemales.sotw.ChildOrder@38e79ae3)
10:48:37.672 [main] INFO  c.sequencer.consumer.LoggingConsumer - [25] [CancelOrder](sbeTemplateId=5|sbeSchemaId=2|sbeSchemaVersion=0|sbeBlockLength=8):orderId=5
10:48:37.672 [main] INFO  c.gettingstarted.MyAlgoLogic - [MYALGO] The state of the order book is:
|----BID-----||----ASK----|
   101 @ 100    100 @ 98
   200 @ 110    200 @ 95
  5000 @ 115    300 @ 91
|------------||-----------|

10:48:37.672 [main] INFO  c.gettingstarted.MyAlgoLogic - [MYALGO] Algo Sees SheZa
10:48:37.672 [main] INFO  c.gettingstarted.MyAlgoLogic - [MYALGO] Algo Sees Book as:
|----BID-----||----ASK----|
   101 @ 100    100 @ 98
   200 @ 110    200 @ 95
  5000 @ 115    300 @ 91
|------------||-----------|

10:48:37.673 [main] INFO  c.gettingstarted.MyAlgoLogic - [MYALGO] active orders are 16
10:48:37.673 [main] INFO  c.gettingstarted.MyAlgoLogic - [MYALGO] Cancelling order:codingblackfemales.sotw.ChildOrder@63070bab
10:48:37.673 [main] INFO  c.gettingstarted.MyAlgoLogic - [MYALGO] option is present, number of active orders are 16
10:48:37.673 [main] INFO  c.container.Actioner - [ALGO] Actioner, sending action:CancelChildOrder(codingblackfemales.sotw.ChildOrder@63070bab)
10:48:37.673 [main] INFO  c.sequencer.consumer.LoggingConsumer - [26] [CancelOrder](sbeTemplateId=5|sbeSchemaId=2|sbeSchemaVersion=0|sbeBlockLength=8):orderId=6
10:48:37.673 [main] INFO  c.gettingstarted.MyAlgoLogic - [MYALGO] The state of the order book is:
|----BID-----||----ASK----|
   101 @ 100    100 @ 98
   200 @ 110    200 @ 95
  5000 @ 115    300 @ 91
|------------||-----------|

10:48:37.673 [main] INFO  c.gettingstarted.MyAlgoLogic - [MYALGO] Algo Sees SheZa
10:48:37.673 [main] INFO  c.gettingstarted.MyAlgoLogic - [MYALGO] Algo Sees Book as:
|----BID-----||----ASK----|
   101 @ 100    100 @ 98
   200 @ 110    200 @ 95
  5000 @ 115    300 @ 91
|------------||-----------|

10:48:37.673 [main] INFO  c.gettingstarted.MyAlgoLogic - [MYALGO] active orders are 15
10:48:37.673 [main] INFO  c.gettingstarted.MyAlgoLogic - [MYALGO] Cancelling order:codingblackfemales.sotw.ChildOrder@68e5eea7
10:48:37.673 [main] INFO  c.gettingstarted.MyAlgoLogic - [MYALGO] option is present, number of active orders are 15
10:48:37.673 [main] INFO  c.container.Actioner - [ALGO] Actioner, sending action:CancelChildOrder(codingblackfemales.sotw.ChildOrder@68e5eea7)
10:48:37.673 [main] INFO  c.sequencer.consumer.LoggingConsumer - [27] [CancelOrder](sbeTemplateId=5|sbeSchemaId=2|sbeSchemaVersion=0|sbeBlockLength=8):orderId=7
10:48:37.673 [main] INFO  c.gettingstarted.MyAlgoLogic - [MYALGO] The state of the order book is:
|----BID-----||----ASK----|
   101 @ 100    100 @ 98
   200 @ 110    200 @ 95
  5000 @ 115    300 @ 91
|------------||-----------|

10:48:37.673 [main] INFO  c.gettingstarted.MyAlgoLogic - [MYALGO] Algo Sees SheZa
10:48:37.673 [main] INFO  c.gettingstarted.MyAlgoLogic - [MYALGO] Algo Sees Book as:
|----BID-----||----ASK----|
   101 @ 100    100 @ 98
   200 @ 110    200 @ 95
  5000 @ 115    300 @ 91
|------------||-----------|

10:48:37.673 [main] INFO  c.gettingstarted.MyAlgoLogic - [MYALGO] active orders are 14
10:48:37.673 [main] INFO  c.gettingstarted.MyAlgoLogic - [MYALGO] Cancelling order:codingblackfemales.sotw.ChildOrder@291b4bf5
10:48:37.673 [main] INFO  c.gettingstarted.MyAlgoLogic - [MYALGO] option is present, number of active orders are 14
10:48:37.673 [main] INFO  c.container.Actioner - [ALGO] Actioner, sending action:CancelChildOrder(codingblackfemales.sotw.ChildOrder@291b4bf5)
10:48:37.674 [main] INFO  c.sequencer.consumer.LoggingConsumer - [28] [CancelOrder](sbeTemplateId=5|sbeSchemaId=2|sbeSchemaVersion=0|sbeBlockLength=8):orderId=8
10:48:37.674 [main] INFO  c.gettingstarted.MyAlgoLogic - [MYALGO] The state of the order book is:
|----BID-----||----ASK----|
   101 @ 100    100 @ 98
   200 @ 110    200 @ 95
  5000 @ 115    300 @ 91
|------------||-----------|

10:48:37.674 [main] INFO  c.gettingstarted.MyAlgoLogic - [MYALGO] Algo Sees SheZa
10:48:37.674 [main] INFO  c.gettingstarted.MyAlgoLogic - [MYALGO] Algo Sees Book as:
|----BID-----||----ASK----|
   101 @ 100    100 @ 98
   200 @ 110    200 @ 95
  5000 @ 115    300 @ 91
|------------||-----------|

10:48:37.674 [main] INFO  c.gettingstarted.MyAlgoLogic - [MYALGO] active orders are 13
10:48:37.674 [main] INFO  c.gettingstarted.MyAlgoLogic - [MYALGO] Cancelling order:codingblackfemales.sotw.ChildOrder@2d2ffcb7
10:48:37.674 [main] INFO  c.gettingstarted.MyAlgoLogic - [MYALGO] option is present, number of active orders are 13
10:48:37.674 [main] INFO  c.container.Actioner - [ALGO] Actioner, sending action:CancelChildOrder(codingblackfemales.sotw.ChildOrder@2d2ffcb7)
10:48:37.674 [main] INFO  c.sequencer.consumer.LoggingConsumer - [29] [CancelOrder](sbeTemplateId=5|sbeSchemaId=2|sbeSchemaVersion=0|sbeBlockLength=8):orderId=9
10:48:37.674 [main] INFO  c.gettingstarted.MyAlgoLogic - [MYALGO] The state of the order book is:
|----BID-----||----ASK----|
   101 @ 100    100 @ 98
   200 @ 110    200 @ 95
  5000 @ 115    300 @ 91
|------------||-----------|

10:48:37.674 [main] INFO  c.gettingstarted.MyAlgoLogic - [MYALGO] Algo Sees SheZa
10:48:37.674 [main] INFO  c.gettingstarted.MyAlgoLogic - [MYALGO] Algo Sees Book as:
|----BID-----||----ASK----|
   101 @ 100    100 @ 98
   200 @ 110    200 @ 95
  5000 @ 115    300 @ 91
|------------||-----------|

10:48:37.674 [main] INFO  c.gettingstarted.MyAlgoLogic - [MYALGO] active orders are 12
10:48:37.674 [main] INFO  c.gettingstarted.MyAlgoLogic - [MYALGO] Cancelling order:codingblackfemales.sotw.ChildOrder@762ef0ea
10:48:37.674 [main] INFO  c.gettingstarted.MyAlgoLogic - [MYALGO] option is present, number of active orders are 12
10:48:37.675 [main] INFO  c.container.Actioner - [ALGO] Actioner, sending action:CancelChildOrder(codingblackfemales.sotw.ChildOrder@762ef0ea)
10:48:37.675 [main] INFO  c.sequencer.consumer.LoggingConsumer - [30] [CancelOrder](sbeTemplateId=5|sbeSchemaId=2|sbeSchemaVersion=0|sbeBlockLength=8):orderId=10
10:48:37.675 [main] INFO  c.gettingstarted.MyAlgoLogic - [MYALGO] The state of the order book is:
|----BID-----||----ASK----|
   101 @ 100    100 @ 98
   200 @ 110    200 @ 95
  5000 @ 115    300 @ 91
|------------||-----------|

10:48:37.675 [main] INFO  c.gettingstarted.MyAlgoLogic - [MYALGO] Algo Sees SheZa
10:48:37.675 [main] INFO  c.gettingstarted.MyAlgoLogic - [MYALGO] Algo Sees Book as:
|----BID-----||----ASK----|
   101 @ 100    100 @ 98
   200 @ 110    200 @ 95
  5000 @ 115    300 @ 91
|------------||-----------|

10:48:37.675 [main] INFO  c.gettingstarted.MyAlgoLogic - [MYALGO] active orders are 11
10:48:37.675 [main] INFO  c.gettingstarted.MyAlgoLogic - [MYALGO] Cancelling order:codingblackfemales.sotw.ChildOrder@31f9b85e
10:48:37.675 [main] INFO  c.gettingstarted.MyAlgoLogic - [MYALGO] option is present, number of active orders are 11
10:48:37.675 [main] INFO  c.container.Actioner - [ALGO] Actioner, sending action:CancelChildOrder(codingblackfemales.sotw.ChildOrder@31f9b85e)
10:48:37.675 [main] INFO  c.sequencer.consumer.LoggingConsumer - [31] [CancelOrder](sbeTemplateId=5|sbeSchemaId=2|sbeSchemaVersion=0|sbeBlockLength=8):orderId=11
10:48:37.675 [main] INFO  c.gettingstarted.MyAlgoLogic - [MYALGO] The state of the order book is:
|----BID-----||----ASK----|
   101 @ 100    100 @ 98
   200 @ 110    200 @ 95
  5000 @ 115    300 @ 91
|------------||-----------|

10:48:37.675 [main] INFO  c.gettingstarted.MyAlgoLogic - [MYALGO] Algo Sees SheZa
10:48:37.675 [main] INFO  c.gettingstarted.MyAlgoLogic - [MYALGO] Algo Sees Book as:
|----BID-----||----ASK----|
   101 @ 100    100 @ 98
   200 @ 110    200 @ 95
  5000 @ 115    300 @ 91
|------------||-----------|

10:48:37.675 [main] INFO  c.gettingstarted.MyAlgoLogic - [MYALGO] active orders are 10
10:48:37.675 [main] INFO  c.gettingstarted.MyAlgoLogic - [MYALGO] Cancelling order:codingblackfemales.sotw.ChildOrder@424e1977
10:48:37.675 [main] INFO  c.gettingstarted.MyAlgoLogic - [MYALGO] option is present, number of active orders are 10
10:48:37.675 [main] INFO  c.container.Actioner - [ALGO] Actioner, sending action:CancelChildOrder(codingblackfemales.sotw.ChildOrder@424e1977)
10:48:37.676 [main] INFO  c.sequencer.consumer.LoggingConsumer - [32] [CancelOrder](sbeTemplateId=5|sbeSchemaId=2|sbeSchemaVersion=0|sbeBlockLength=8):orderId=12
10:48:37.676 [main] INFO  c.gettingstarted.MyAlgoLogic - [MYALGO] The state of the order book is:
|----BID-----||----ASK----|
   101 @ 100    100 @ 98
   200 @ 110    200 @ 95
  5000 @ 115    300 @ 91
|------------||-----------|

10:48:37.676 [main] INFO  c.gettingstarted.MyAlgoLogic - [MYALGO] Algo Sees SheZa
10:48:37.676 [main] INFO  c.gettingstarted.MyAlgoLogic - [MYALGO] Algo Sees Book as:
|----BID-----||----ASK----|
   101 @ 100    100 @ 98
   200 @ 110    200 @ 95
  5000 @ 115    300 @ 91
|------------||-----------|

10:48:37.676 [main] INFO  c.gettingstarted.MyAlgoLogic - [MYALGO] active orders are 9
10:48:37.676 [main] INFO  c.gettingstarted.MyAlgoLogic - [MYALGO] Cancelling order:codingblackfemales.sotw.ChildOrder@10d68fcd
10:48:37.676 [main] INFO  c.gettingstarted.MyAlgoLogic - [MYALGO] option is present, number of active orders are 9
10:48:37.676 [main] INFO  c.container.Actioner - [ALGO] Actioner, sending action:CancelChildOrder(codingblackfemales.sotw.ChildOrder@10d68fcd)
10:48:37.676 [main] INFO  c.sequencer.consumer.LoggingConsumer - [33] [CancelOrder](sbeTemplateId=5|sbeSchemaId=2|sbeSchemaVersion=0|sbeBlockLength=8):orderId=13
10:48:37.676 [main] INFO  c.gettingstarted.MyAlgoLogic - [MYALGO] The state of the order book is:
|----BID-----||----ASK----|
   101 @ 100    100 @ 98
   200 @ 110    200 @ 95
  5000 @ 115    300 @ 91
|------------||-----------|

10:48:37.676 [main] INFO  c.gettingstarted.MyAlgoLogic - [MYALGO] Algo Sees SheZa
10:48:37.676 [main] INFO  c.gettingstarted.MyAlgoLogic - [MYALGO] Algo Sees Book as:
|----BID-----||----ASK----|
   101 @ 100    100 @ 98
   200 @ 110    200 @ 95
  5000 @ 115    300 @ 91
|------------||-----------|

10:48:37.676 [main] INFO  c.gettingstarted.MyAlgoLogic - [MYALGO] active orders are 8
10:48:37.676 [main] INFO  c.gettingstarted.MyAlgoLogic - [MYALGO] Cancelling order:codingblackfemales.sotw.ChildOrder@117e949d
10:48:37.676 [main] INFO  c.gettingstarted.MyAlgoLogic - [MYALGO] option is present, number of active orders are 8
10:48:37.676 [main] INFO  c.container.Actioner - [ALGO] Actioner, sending action:CancelChildOrder(codingblackfemales.sotw.ChildOrder@117e949d)
10:48:37.676 [main] INFO  c.sequencer.consumer.LoggingConsumer - [34] [CancelOrder](sbeTemplateId=5|sbeSchemaId=2|sbeSchemaVersion=0|sbeBlockLength=8):orderId=14
10:48:37.676 [main] INFO  c.gettingstarted.MyAlgoLogic - [MYALGO] The state of the order book is:
|----BID-----||----ASK----|
   101 @ 100    100 @ 98
   200 @ 110    200 @ 95
  5000 @ 115    300 @ 91
|------------||-----------|

10:48:37.676 [main] INFO  c.gettingstarted.MyAlgoLogic - [MYALGO] Algo Sees SheZa
10:48:37.676 [main] INFO  c.gettingstarted.MyAlgoLogic - [MYALGO] Algo Sees Book as:
|----BID-----||----ASK----|
   101 @ 100    100 @ 98
   200 @ 110    200 @ 95
  5000 @ 115    300 @ 91
|------------||-----------|

10:48:37.676 [main] INFO  c.gettingstarted.MyAlgoLogic - [MYALGO] active orders are 7
10:48:37.676 [main] INFO  c.gettingstarted.MyAlgoLogic - [MYALGO] Cancelling order:codingblackfemales.sotw.ChildOrder@6db9f5a4
10:48:37.676 [main] INFO  c.gettingstarted.MyAlgoLogic - [MYALGO] option is present, number of active orders are 7
10:48:37.676 [main] INFO  c.container.Actioner - [ALGO] Actioner, sending action:CancelChildOrder(codingblackfemales.sotw.ChildOrder@6db9f5a4)
10:48:37.676 [main] INFO  c.sequencer.consumer.LoggingConsumer - [35] [CancelOrder](sbeTemplateId=5|sbeSchemaId=2|sbeSchemaVersion=0|sbeBlockLength=8):orderId=15
10:48:37.676 [main] INFO  c.gettingstarted.MyAlgoLogic - [MYALGO] The state of the order book is:
|----BID-----||----ASK----|
   101 @ 100    100 @ 98
   200 @ 110    200 @ 95
  5000 @ 115    300 @ 91
|------------||-----------|

10:48:37.676 [main] INFO  c.gettingstarted.MyAlgoLogic - [MYALGO] Algo Sees SheZa
10:48:37.676 [main] INFO  c.gettingstarted.MyAlgoLogic - [MYALGO] Algo Sees Book as:
|----BID-----||----ASK----|
   101 @ 100    100 @ 98
   200 @ 110    200 @ 95
  5000 @ 115    300 @ 91
|------------||-----------|

10:48:37.676 [main] INFO  c.gettingstarted.MyAlgoLogic - [MYALGO] active orders are 6
10:48:37.676 [main] INFO  c.gettingstarted.MyAlgoLogic - [MYALGO] Cancelling order:codingblackfemales.sotw.ChildOrder@5f8edcc5
10:48:37.676 [main] INFO  c.gettingstarted.MyAlgoLogic - [MYALGO] option is present, number of active orders are 6
10:48:37.676 [main] INFO  c.container.Actioner - [ALGO] Actioner, sending action:CancelChildOrder(codingblackfemales.sotw.ChildOrder@5f8edcc5)
10:48:37.676 [main] INFO  c.sequencer.consumer.LoggingConsumer - [36] [CancelOrder](sbeTemplateId=5|sbeSchemaId=2|sbeSchemaVersion=0|sbeBlockLength=8):orderId=16
10:48:37.677 [main] INFO  c.gettingstarted.MyAlgoLogic - [MYALGO] The state of the order book is:
|----BID-----||----ASK----|
   101 @ 100    100 @ 98
   200 @ 110    200 @ 95
  5000 @ 115    300 @ 91
|------------||-----------|

10:48:37.677 [main] INFO  c.gettingstarted.MyAlgoLogic - [MYALGO] Algo Sees SheZa
10:48:37.677 [main] INFO  c.gettingstarted.MyAlgoLogic - [MYALGO] Algo Sees Book as:
|----BID-----||----ASK----|
   101 @ 100    100 @ 98
   200 @ 110    200 @ 95
  5000 @ 115    300 @ 91
|------------||-----------|

10:48:37.677 [main] INFO  c.gettingstarted.MyAlgoLogic - [MYALGO] active orders are 5
10:48:37.677 [main] INFO  c.gettingstarted.MyAlgoLogic - [MYALGO] Cancelling order:codingblackfemales.sotw.ChildOrder@7b02881e
10:48:37.677 [main] INFO  c.gettingstarted.MyAlgoLogic - [MYALGO] option is present, number of active orders are 5
10:48:37.677 [main] INFO  c.container.Actioner - [ALGO] Actioner, sending action:CancelChildOrder(codingblackfemales.sotw.ChildOrder@7b02881e)
10:48:37.677 [main] INFO  c.sequencer.consumer.LoggingConsumer - [37] [CancelOrder](sbeTemplateId=5|sbeSchemaId=2|sbeSchemaVersion=0|sbeBlockLength=8):orderId=17
10:48:37.677 [main] INFO  c.gettingstarted.MyAlgoLogic - [MYALGO] The state of the order book is:
|----BID-----||----ASK----|
   101 @ 100    100 @ 98
   200 @ 110    200 @ 95
  5000 @ 115    300 @ 91
|------------||-----------|

10:48:37.677 [main] INFO  c.gettingstarted.MyAlgoLogic - [MYALGO] Algo Sees SheZa
10:48:37.677 [main] INFO  c.gettingstarted.MyAlgoLogic - [MYALGO] Algo Sees Book as:
|----BID-----||----ASK----|
   101 @ 100    100 @ 98
   200 @ 110    200 @ 95
  5000 @ 115    300 @ 91
|------------||-----------|

10:48:37.677 [main] INFO  c.gettingstarted.MyAlgoLogic - [MYALGO] active orders are 4
10:48:37.677 [main] INFO  c.gettingstarted.MyAlgoLogic - [MYALGO] Cancelling order:codingblackfemales.sotw.ChildOrder@1ebd319f
10:48:37.677 [main] INFO  c.gettingstarted.MyAlgoLogic - [MYALGO] option is present, number of active orders are 4
10:48:37.677 [main] INFO  c.container.Actioner - [ALGO] Actioner, sending action:CancelChildOrder(codingblackfemales.sotw.ChildOrder@1ebd319f)
10:48:37.677 [main] INFO  c.sequencer.consumer.LoggingConsumer - [38] [CancelOrder](sbeTemplateId=5|sbeSchemaId=2|sbeSchemaVersion=0|sbeBlockLength=8):orderId=18
10:48:37.677 [main] INFO  c.gettingstarted.MyAlgoLogic - [MYALGO] The state of the order book is:
|----BID-----||----ASK----|
   101 @ 100    100 @ 98
   200 @ 110    200 @ 95
  5000 @ 115    300 @ 91
|------------||-----------|

10:48:37.677 [main] INFO  c.gettingstarted.MyAlgoLogic - [MYALGO] Algo Sees SheZa
10:48:37.679 [main] INFO  c.gettingstarted.MyAlgoLogic - [MYALGO] Algo Sees Book as:
|----BID-----||----ASK----|
   101 @ 100    100 @ 98
   200 @ 110    200 @ 95
  5000 @ 115    300 @ 91
|------------||-----------|

10:48:37.681 [main] INFO  c.gettingstarted.MyAlgoLogic - [MYALGO] active orders are 3
10:48:37.681 [main] INFO  c.gettingstarted.MyAlgoLogic - [MYALGO] Cancelling order:codingblackfemales.sotw.ChildOrder@3c0be339
10:48:37.681 [main] INFO  c.gettingstarted.MyAlgoLogic - [MYALGO] option is present, number of active orders are 3
10:48:37.681 [main] INFO  c.container.Actioner - [ALGO] Actioner, sending action:CancelChildOrder(codingblackfemales.sotw.ChildOrder@3c0be339)
10:48:37.681 [main] INFO  c.sequencer.consumer.LoggingConsumer - [39] [CancelOrder](sbeTemplateId=5|sbeSchemaId=2|sbeSchemaVersion=0|sbeBlockLength=8):orderId=19
10:48:37.683 [main] INFO  c.gettingstarted.MyAlgoLogic - [MYALGO] The state of the order book is:
|----BID-----||----ASK----|
   101 @ 100    100 @ 98
   200 @ 110    200 @ 95
  5000 @ 115    300 @ 91
|------------||-----------|

10:48:37.683 [main] INFO  c.gettingstarted.MyAlgoLogic - [MYALGO] Algo Sees SheZa
10:48:37.683 [main] INFO  c.gettingstarted.MyAlgoLogic - [MYALGO] Algo Sees Book as:
|----BID-----||----ASK----|
   101 @ 100    100 @ 98
   200 @ 110    200 @ 95
  5000 @ 115    300 @ 91
|------------||-----------|

10:48:37.683 [main] INFO  c.gettingstarted.MyAlgoLogic - [MYALGO] Have:20 children, want 20, done.
]]></system-out>
  </testcase>
</testsuite>