<?xml version="1.0" encoding="UTF-8"?>
<testsuite xmlns:xsi="http://www.w3.org/2001/XMLSchema-instance" xsi:noNamespaceSchemaLocation="https://maven.apache.org/surefire/maven-surefire-plugin/xsd/surefire-test-report-3.0.xsd" version="3.0" name="codingblackfemales.gettingstarted.MyAlgoTest" time="0.003" tests="1" errors="0" skipped="0" failures="0">
  <properties>
    <property name="java.specification.version" value="17"/>
    <property name="sun.cpu.isalist" value="amd64"/>
    <property name="sun.jnu.encoding" value="Cp1252"/>
    <property name="java.class.path" value="C:\Users\admin\Desktop\Sherelles Stuff\UBS-Assignments\codingblackfemales\lessError\codingblackfemales\algo-coding-exercise\getting-started\target\test-classes;C:\Users\admin\Desktop\Sherelles Stuff\UBS-Assignments\codingblackfemales\lessError\codingblackfemales\algo-coding-exercise\getting-started\target\classes;C:\Users\admin\Desktop\Sherelles Stuff\UBS-Assignments\codingblackfemales\lessError\codingblackfemales\algo-coding-exercise\algo\target\classes;C:\Users\admin\Desktop\Sherelles Stuff\UBS-Assignments\codingblackfemales\lessError\codingblackfemales\algo-coding-exercise\dictionary\target\classes;C:\Users\admin\.m2\repository\org\agrona\agrona\1.16.0\agrona-1.16.0.jar;C:\Users\admin\Desktop\Sherelles Stuff\UBS-Assignments\codingblackfemales\lessError\codingblackfemales\algo-coding-exercise\sequencer\target\classes;C:\Users\admin\.m2\repository\com\google\code\gson\gson\2.10.1\gson-2.10.1.jar;C:\Users\admin\.m2\repository\org\apache\commons\commons-lang3\3.12.0\commons-lang3-3.12.0.jar;C:\Users\admin\Desktop\Sherelles Stuff\UBS-Assignments\codingblackfemales\lessError\codingblackfemales\algo-coding-exercise\backtest\target\classes;C:\Users\admin\Desktop\Sherelles Stuff\UBS-Assignments\codingblackfemales\lessError\codingblackfemales\algo-coding-exercise\collection\target\classes;C:\Users\admin\Desktop\Sherelles Stuff\UBS-Assignments\codingblackfemales\lessError\codingblackfemales\algo-coding-exercise\sequencer\target\test-classes;C:\Users\admin\.m2\repository\junit\junit\4.11\junit-4.11.jar;C:\Users\admin\.m2\repository\org\hamcrest\hamcrest-core\1.3\hamcrest-core-1.3.jar;C:\Users\admin\.m2\repository\uk\co\real-logic\sbe-all\1.26.0\sbe-all-1.26.0.jar;C:\Users\admin\.m2\repository\org\mockito\mockito-core\5.4.0\mockito-core-5.4.0.jar;C:\Users\admin\.m2\repository\net\bytebuddy\byte-buddy\1.14.5\byte-buddy-1.14.5.jar;C:\Users\admin\.m2\repository\net\bytebuddy\byte-buddy-agent\1.14.5\byte-buddy-agent-1.14.5.jar;C:\Users\admin\.m2\repository\org\objenesis\objenesis\3.3\objenesis-3.3.jar;C:\Users\admin\.m2\repository\ch\qos\logback\logback-core\1.3.5\logback-core-1.3.5.jar;C:\Users\admin\.m2\repository\org\slf4j\slf4j-api\2.0.4\slf4j-api-2.0.4.jar;C:\Users\admin\.m2\repository\ch\qos\logback\logback-classic\1.3.5\logback-classic-1.3.5.jar;"/>
    <property name="java.vm.vendor" value="Oracle Corporation"/>
    <property name="sun.arch.data.model" value="64"/>
    <property name="user.variant" value=""/>
    <property name="java.vendor.url" value="https://java.oracle.com/"/>
    <property name="user.timezone" value="Europe/London"/>
    <property name="os.name" value="Windows 10"/>
    <property name="java.vm.specification.version" value="17"/>
    <property name="sun.java.launcher" value="SUN_STANDARD"/>
    <property name="user.country" value="GB"/>
    <property name="sun.boot.library.path" value="C:\Program Files\Java\jdk-17\bin"/>
    <property name="sun.java.command" value="C:\Users\admin\AppData\Local\Temp\surefire1653263174114100077\surefirebooter-20230912174101646_26.jar C:\Users\admin\AppData\Local\Temp\surefire1653263174114100077 2023-09-12T17-40-53_332-jvmRun1 surefire-20230912174101646_24tmp surefire_2-20230912174101646_25tmp"/>
    <property name="jdk.debug" value="release"/>
    <property name="surefire.test.class.path" value="C:\Users\admin\Desktop\Sherelles Stuff\UBS-Assignments\codingblackfemales\lessError\codingblackfemales\algo-coding-exercise\getting-started\target\test-classes;C:\Users\admin\Desktop\Sherelles Stuff\UBS-Assignments\codingblackfemales\lessError\codingblackfemales\algo-coding-exercise\getting-started\target\classes;C:\Users\admin\Desktop\Sherelles Stuff\UBS-Assignments\codingblackfemales\lessError\codingblackfemales\algo-coding-exercise\algo\target\classes;C:\Users\admin\Desktop\Sherelles Stuff\UBS-Assignments\codingblackfemales\lessError\codingblackfemales\algo-coding-exercise\dictionary\target\classes;C:\Users\admin\.m2\repository\org\agrona\agrona\1.16.0\agrona-1.16.0.jar;C:\Users\admin\Desktop\Sherelles Stuff\UBS-Assignments\codingblackfemales\lessError\codingblackfemales\algo-coding-exercise\sequencer\target\classes;C:\Users\admin\.m2\repository\com\google\code\gson\gson\2.10.1\gson-2.10.1.jar;C:\Users\admin\.m2\repository\org\apache\commons\commons-lang3\3.12.0\commons-lang3-3.12.0.jar;C:\Users\admin\Desktop\Sherelles Stuff\UBS-Assignments\codingblackfemales\lessError\codingblackfemales\algo-coding-exercise\backtest\target\classes;C:\Users\admin\Desktop\Sherelles Stuff\UBS-Assignments\codingblackfemales\lessError\codingblackfemales\algo-coding-exercise\collection\target\classes;C:\Users\admin\Desktop\Sherelles Stuff\UBS-Assignments\codingblackfemales\lessError\codingblackfemales\algo-coding-exercise\sequencer\target\test-classes;C:\Users\admin\.m2\repository\junit\junit\4.11\junit-4.11.jar;C:\Users\admin\.m2\repository\org\hamcrest\hamcrest-core\1.3\hamcrest-core-1.3.jar;C:\Users\admin\.m2\repository\uk\co\real-logic\sbe-all\1.26.0\sbe-all-1.26.0.jar;C:\Users\admin\.m2\repository\org\mockito\mockito-core\5.4.0\mockito-core-5.4.0.jar;C:\Users\admin\.m2\repository\net\bytebuddy\byte-buddy\1.14.5\byte-buddy-1.14.5.jar;C:\Users\admin\.m2\repository\net\bytebuddy\byte-buddy-agent\1.14.5\byte-buddy-agent-1.14.5.jar;C:\Users\admin\.m2\repository\org\objenesis\objenesis\3.3\objenesis-3.3.jar;C:\Users\admin\.m2\repository\ch\qos\logback\logback-core\1.3.5\logback-core-1.3.5.jar;C:\Users\admin\.m2\repository\org\slf4j\slf4j-api\2.0.4\slf4j-api-2.0.4.jar;C:\Users\admin\.m2\repository\ch\qos\logback\logback-classic\1.3.5\logback-classic-1.3.5.jar;"/>
    <property name="sun.cpu.endian" value="little"/>
    <property name="user.home" value="C:\Users\admin"/>
    <property name="user.language" value="en"/>
    <property name="java.specification.vendor" value="Oracle Corporation"/>
    <property name="java.version.date" value="2023-04-18"/>
    <property name="java.home" value="C:\Program Files\Java\jdk-17"/>
    <property name="file.separator" value="\"/>
    <property name="basedir" value="C:\Users\admin\Desktop\Sherelles Stuff\UBS-Assignments\codingblackfemales\lessError\codingblackfemales\algo-coding-exercise\getting-started"/>
    <property name="java.vm.compressedOopsMode" value="Zero based"/>
    <property name="line.separator" value="&#10;"/>
    <property name="java.vm.specification.vendor" value="Oracle Corporation"/>
    <property name="java.specification.name" value="Java Platform API Specification"/>
    <property name="surefire.real.class.path" value="C:\Users\admin\AppData\Local\Temp\surefire1653263174114100077\surefirebooter-20230912174101646_26.jar"/>
    <property name="user.script" value=""/>
    <property name="sun.management.compiler" value="HotSpot 64-Bit Tiered Compilers"/>
    <property name="java.runtime.version" value="17.0.7+8-LTS-224"/>
    <property name="user.name" value="admin"/>
    <property name="path.separator" value=";"/>
    <property name="os.version" value="10.0"/>
    <property name="java.runtime.name" value="Java(TM) SE Runtime Environment"/>
    <property name="file.encoding" value="Cp1252"/>
    <property name="java.vm.name" value="Java HotSpot(TM) 64-Bit Server VM"/>
    <property name="localRepository" value="C:\Users\admin\.m2\repository"/>
    <property name="java.vendor.url.bug" value="https://bugreport.java.com/bugreport/"/>
    <property name="java.io.tmpdir" value="C:\Users\admin\AppData\Local\Temp\"/>
    <property name="java.version" value="17.0.7"/>
    <property name="user.dir" value="C:\Users\admin\Desktop\Sherelles Stuff\UBS-Assignments\codingblackfemales\lessError\codingblackfemales\algo-coding-exercise\getting-started"/>
    <property name="os.arch" value="amd64"/>
    <property name="java.vm.specification.name" value="Java Virtual Machine Specification"/>
    <property name="sun.os.patch.level" value=""/>
    <property name="native.encoding" value="Cp1252"/>
    <property name="java.library.path" value="C:\Program Files\Java\jdk-17\bin;C:\WINDOWS\Sun\Java\bin;C:\WINDOWS\system32;C:\WINDOWS;C:\Program Files\Common Files\Oracle\Java\javapath;C:\WINDOWS\system32;C:\WINDOWS;C:\WINDOWS\System32\Wbem;C:\WINDOWS\System32\WindowsPowerShell\v1.0\;C:\WINDOWS\System32\OpenSSH\;C:\Program Files\dotnet\;C:\Program Files (x86)\Intel\Intel(R) Management Engine Components\DAL;C:\Program Files\Intel\Intel(R) Management Engine Components\DAL;C:\Program Files (x86)\NVIDIA Corporation\PhysX\Common;C:\Program Files\Git\cmd;C:\Program Files\apache-maven-3.9.4\bin;C:\Users\admin\AppData\Local\Microsoft\WindowsApps;;C:\Users\admin\AppData\Local\Programs\Microsoft VS Code\bin;."/>
    <property name="java.vm.info" value="mixed mode, sharing"/>
    <property name="java.vendor" value="Oracle Corporation"/>
    <property name="java.vm.version" value="17.0.7+8-LTS-224"/>
    <property name="sun.io.unicode.encoding" value="UnicodeLittle"/>
    <property name="java.class.version" value="61.0"/>
  </properties>
  <testcase name="testDispatchThroughSequencer" classname="codingblackfemales.gettingstarted.MyAlgoTest" time="0.002">
    <system-out><![CDATA[17:41:02.492 [main] INFO  c.sequencer.consumer.LoggingConsumer - [1] 
|----BID-----|
   101 @ 100
   200 @ 110
  5000 @ 115
|----ASK-----|
    100 @ 98
    200 @ 95
    300 @ 91

17:41:02.493 [main] DEBUG c.service.MarketDataService - [ALGO] BID: price:100 quantity:101
17:41:02.493 [main] DEBUG c.service.MarketDataService - [ALGO] BID: price:110 quantity:200
17:41:02.493 [main] DEBUG c.service.MarketDataService - [ALGO] BID: price:115 quantity:5000
17:41:02.493 [main] DEBUG c.service.MarketDataService - [ALGO] ASK: price:98 quantity:100
17:41:02.493 [main] DEBUG c.service.MarketDataService - [ALGO] ASK: price:95 quantity:200
17:41:02.493 [main] DEBUG c.service.MarketDataService - [ALGO] ASK: price:91 quantity:300
17:41:02.493 [main] INFO  c.gettingstarted.MyAlgoLogic - [MYALGO] In Algo Logic.... HeLlO
17:41:02.493 [main] INFO  c.gettingstarted.MyAlgoLogic - [MYALGO] The state of the order book is:
 |----BID-----||----ASK----|
   101 @ 100    100 @ 98
   200 @ 110    200 @ 95
  5000 @ 115    300 @ 91
|------------||-----------|

total order count is0
active orders are []
17:41:02.493 [main] INFO  c.gettingstarted.MyAlgoLogic - [MYALGO] Have:0 children, want 4, joining passive side of book with: 10 @ 100
17:41:02.493 [main] INFO  c.container.Actioner - [ALGO] Actioner, sending action:CreateChildOrder(side=BUY,quantity=10,price=100)
17:41:02.494 [main] INFO  c.sequencer.consumer.LoggingConsumer - [2] [CreateOrder](sbeTemplateId=4|sbeSchemaId=2|sbeSchemaVersion=0|sbeBlockLength=33):instrumentId=0|price=100|quantity=10|side=BUY|orderId=2
17:41:02.494 [main] INFO  c.gettingstarted.MyAlgoLogic - [MYALGO] In Algo Logic.... HeLlO
17:41:02.494 [main] INFO  c.gettingstarted.MyAlgoLogic - [MYALGO] The state of the order book is:
 |----BID-----||----ASK----|
   101 @ 100    100 @ 98
   200 @ 110    200 @ 95
  5000 @ 115    300 @ 91
|------------||-----------|

total order count is1
active orders are [codingblackfemales.sotw.ChildOrder@561b6512]
17:41:02.494 [main] INFO  c.gettingstarted.MyAlgoLogic - [MYALGO] Have:1 children, want 4, joining passive side of book with: 10 @ 100
17:41:02.494 [main] INFO  c.container.Actioner - [ALGO] Actioner, sending action:CreateChildOrder(side=BUY,quantity=10,price=100)
17:41:02.494 [main] INFO  c.sequencer.consumer.LoggingConsumer - [3] [CreateOrder](sbeTemplateId=4|sbeSchemaId=2|sbeSchemaVersion=0|sbeBlockLength=33):instrumentId=0|price=100|quantity=10|side=BUY|orderId=3
17:41:02.495 [main] INFO  c.gettingstarted.MyAlgoLogic - [MYALGO] In Algo Logic.... HeLlO
17:41:02.495 [main] INFO  c.gettingstarted.MyAlgoLogic - [MYALGO] The state of the order book is:
 |----BID-----||----ASK----|
   101 @ 100    100 @ 98
   200 @ 110    200 @ 95
  5000 @ 115    300 @ 91
|------------||-----------|

total order count is2
active orders are [codingblackfemales.sotw.ChildOrder@561b6512, codingblackfemales.sotw.ChildOrder@2e377400]
17:41:02.495 [main] INFO  c.gettingstarted.MyAlgoLogic - [MYALGO] Have:2 children, want 4, joining passive side of book with: 10 @ 100
17:41:02.495 [main] INFO  c.container.Actioner - [ALGO] Actioner, sending action:CreateChildOrder(side=BUY,quantity=10,price=100)
17:41:02.495 [main] INFO  c.sequencer.consumer.LoggingConsumer - [4] [CreateOrder](sbeTemplateId=4|sbeSchemaId=2|sbeSchemaVersion=0|sbeBlockLength=33):instrumentId=0|price=100|quantity=10|side=BUY|orderId=4
17:41:02.495 [main] INFO  c.gettingstarted.MyAlgoLogic - [MYALGO] In Algo Logic.... HeLlO
17:41:02.495 [main] INFO  c.gettingstarted.MyAlgoLogic - [MYALGO] The state of the order book is:
 |----BID-----||----ASK----|
   101 @ 100    100 @ 98
   200 @ 110    200 @ 95
  5000 @ 115    300 @ 91
|------------||-----------|

total order count is3
active orders are [codingblackfemales.sotw.ChildOrder@561b6512, codingblackfemales.sotw.ChildOrder@2e377400, codingblackfemales.sotw.ChildOrder@1757cd72]
17:41:02.496 [main] INFO  c.gettingstarted.MyAlgoLogic - [MYALGO] Have:3 children, want 4, joining passive side of book with: 10 @ 100
17:41:02.496 [main] INFO  c.container.Actioner - [ALGO] Actioner, sending action:CreateChildOrder(side=BUY,quantity=10,price=100)
17:41:02.496 [main] INFO  c.sequencer.consumer.LoggingConsumer - [5] [CreateOrder](sbeTemplateId=4|sbeSchemaId=2|sbeSchemaVersion=0|sbeBlockLength=33):instrumentId=0|price=100|quantity=10|side=BUY|orderId=5
17:41:02.496 [main] INFO  c.gettingstarted.MyAlgoLogic - [MYALGO] In Algo Logic.... HeLlO
17:41:02.496 [main] INFO  c.gettingstarted.MyAlgoLogic - [MYALGO] The state of the order book is:
 |----BID-----||----ASK----|
   101 @ 100    100 @ 98
   200 @ 110    200 @ 95
  5000 @ 115    300 @ 91
|------------||-----------|

17:41:02.496 [main] INFO  c.gettingstarted.MyAlgoLogic - [MYALGO] total order count is4
17:41:02.496 [main] INFO  c.gettingstarted.MyAlgoLogic - [MYALGO] active orders are --[codingblackfemales.sotw.ChildOrder@561b6512, codingblackfemales.sotw.ChildOrder@2e377400, codingblackfemales.sotw.ChildOrder@1757cd72, codingblackfemales.sotw.ChildOrder@445b295b]
17:41:02.496 [main] INFO  c.gettingstarted.MyAlgoLogic - [MYALGO] active orders are:[codingblackfemales.sotw.ChildOrder@561b6512, codingblackfemales.sotw.ChildOrder@2e377400, codingblackfemales.sotw.ChildOrder@1757cd72, codingblackfemales.sotw.ChildOrder@445b295b]
17:41:02.496 [main] INFO  c.gettingstarted.MyAlgoLogic - [MYALGO] lets look at statecodingblackfemales.sotw.SimpleAlgoStateImpl@49e5f737
total order count is4
active orders are [codingblackfemales.sotw.ChildOrder@561b6512, codingblackfemales.sotw.ChildOrder@2e377400, codingblackfemales.sotw.ChildOrder@1757cd72, codingblackfemales.sotw.ChildOrder@445b295b]
17:41:02.497 [main] INFO  c.gettingstarted.MyAlgoLogic - [MYALGO] option is present total order count is4
17:41:02.497 [main] INFO  c.gettingstarted.MyAlgoLogic - [MYALGO] option is present, active orders are [codingblackfemales.sotw.ChildOrder@561b6512, codingblackfemales.sotw.ChildOrder@2e377400, codingblackfemales.sotw.ChildOrder@1757cd72, codingblackfemales.sotw.ChildOrder@445b295b]
total order count is4
active orders are [codingblackfemales.sotw.ChildOrder@561b6512, codingblackfemales.sotw.ChildOrder@2e377400, codingblackfemales.sotw.ChildOrder@1757cd72, codingblackfemales.sotw.ChildOrder@445b295b]
17:41:02.497 [main] INFO  c.gettingstarted.MyAlgoLogic - [MYALGO] Cancelling order:codingblackfemales.sotw.ChildOrder@561b6512
17:41:02.497 [main] INFO  c.gettingstarted.MyAlgoLogic - [MYALGO] option is present active orders are:[codingblackfemales.sotw.ChildOrder@561b6512, codingblackfemales.sotw.ChildOrder@2e377400, codingblackfemales.sotw.ChildOrder@1757cd72, codingblackfemales.sotw.ChildOrder@445b295b]
17:41:02.497 [main] INFO  c.container.Actioner - [ALGO] Actioner, sending action:CancelChildOrder(codingblackfemales.sotw.ChildOrder@561b6512)
17:41:02.498 [main] INFO  c.sequencer.consumer.LoggingConsumer - [6] [CancelOrder](sbeTemplateId=5|sbeSchemaId=2|sbeSchemaVersion=0|sbeBlockLength=8):orderId=2
17:41:02.498 [main] INFO  c.gettingstarted.MyAlgoLogic - [MYALGO] In Algo Logic.... HeLlO
17:41:02.498 [main] INFO  c.gettingstarted.MyAlgoLogic - [MYALGO] The state of the order book is:
 |----BID-----||----ASK----|
   101 @ 100    100 @ 98
   200 @ 110    200 @ 95
  5000 @ 115    300 @ 91
|------------||-----------|

17:41:02.498 [main] INFO  c.gettingstarted.MyAlgoLogic - [MYALGO] total order count is4
17:41:02.498 [main] INFO  c.gettingstarted.MyAlgoLogic - [MYALGO] active orders are --[codingblackfemales.sotw.ChildOrder@2e377400, codingblackfemales.sotw.ChildOrder@1757cd72, codingblackfemales.sotw.ChildOrder@445b295b]
17:41:02.498 [main] INFO  c.gettingstarted.MyAlgoLogic - [MYALGO] active orders are:[codingblackfemales.sotw.ChildOrder@2e377400, codingblackfemales.sotw.ChildOrder@1757cd72, codingblackfemales.sotw.ChildOrder@445b295b]
17:41:02.498 [main] INFO  c.gettingstarted.MyAlgoLogic - [MYALGO] lets look at statecodingblackfemales.sotw.SimpleAlgoStateImpl@49e5f737
total order count is4
active orders are [codingblackfemales.sotw.ChildOrder@2e377400, codingblackfemales.sotw.ChildOrder@1757cd72, codingblackfemales.sotw.ChildOrder@445b295b]
17:41:02.499 [main] INFO  c.gettingstarted.MyAlgoLogic - [MYALGO] option is present total order count is4
17:41:02.499 [main] INFO  c.gettingstarted.MyAlgoLogic - [MYALGO] option is present, active orders are [codingblackfemales.sotw.ChildOrder@2e377400, codingblackfemales.sotw.ChildOrder@1757cd72, codingblackfemales.sotw.ChildOrder@445b295b]
total order count is4
active orders are [codingblackfemales.sotw.ChildOrder@2e377400, codingblackfemales.sotw.ChildOrder@1757cd72, codingblackfemales.sotw.ChildOrder@445b295b]
17:41:02.499 [main] INFO  c.gettingstarted.MyAlgoLogic - [MYALGO] Cancelling order:codingblackfemales.sotw.ChildOrder@2e377400
17:41:02.499 [main] INFO  c.gettingstarted.MyAlgoLogic - [MYALGO] option is present active orders are:[codingblackfemales.sotw.ChildOrder@2e377400, codingblackfemales.sotw.ChildOrder@1757cd72, codingblackfemales.sotw.ChildOrder@445b295b]
17:41:02.499 [main] INFO  c.container.Actioner - [ALGO] Actioner, sending action:CancelChildOrder(codingblackfemales.sotw.ChildOrder@2e377400)
17:41:02.499 [main] INFO  c.sequencer.consumer.LoggingConsumer - [7] [CancelOrder](sbeTemplateId=5|sbeSchemaId=2|sbeSchemaVersion=0|sbeBlockLength=8):orderId=3
17:41:02.500 [main] INFO  c.gettingstarted.MyAlgoLogic - [MYALGO] In Algo Logic.... HeLlO
17:41:02.500 [main] INFO  c.gettingstarted.MyAlgoLogic - [MYALGO] The state of the order book is:
 |----BID-----||----ASK----|
   101 @ 100    100 @ 98
   200 @ 110    200 @ 95
  5000 @ 115    300 @ 91
|------------||-----------|

17:41:02.500 [main] INFO  c.gettingstarted.MyAlgoLogic - [MYALGO] total order count is4
17:41:02.500 [main] INFO  c.gettingstarted.MyAlgoLogic - [MYALGO] active orders are --[codingblackfemales.sotw.ChildOrder@1757cd72, codingblackfemales.sotw.ChildOrder@445b295b]
17:41:02.500 [main] INFO  c.gettingstarted.MyAlgoLogic - [MYALGO] active orders are:[codingblackfemales.sotw.ChildOrder@1757cd72, codingblackfemales.sotw.ChildOrder@445b295b]
17:41:02.500 [main] INFO  c.gettingstarted.MyAlgoLogic - [MYALGO] lets look at statecodingblackfemales.sotw.SimpleAlgoStateImpl@49e5f737
total order count is4
active orders are [codingblackfemales.sotw.ChildOrder@1757cd72, codingblackfemales.sotw.ChildOrder@445b295b]
17:41:02.501 [main] INFO  c.gettingstarted.MyAlgoLogic - [MYALGO] option is present total order count is4
17:41:02.501 [main] INFO  c.gettingstarted.MyAlgoLogic - [MYALGO] option is present, active orders are [codingblackfemales.sotw.ChildOrder@1757cd72, codingblackfemales.sotw.ChildOrder@445b295b]
total order count is4
active orders are [codingblackfemales.sotw.ChildOrder@1757cd72, codingblackfemales.sotw.ChildOrder@445b295b]
17:41:02.501 [main] INFO  c.gettingstarted.MyAlgoLogic - [MYALGO] Cancelling order:codingblackfemales.sotw.ChildOrder@1757cd72
17:41:02.501 [main] INFO  c.gettingstarted.MyAlgoLogic - [MYALGO] option is present active orders are:[codingblackfemales.sotw.ChildOrder@1757cd72, codingblackfemales.sotw.ChildOrder@445b295b]
17:41:02.501 [main] INFO  c.container.Actioner - [ALGO] Actioner, sending action:CancelChildOrder(codingblackfemales.sotw.ChildOrder@1757cd72)
17:41:02.501 [main] INFO  c.sequencer.consumer.LoggingConsumer - [8] [CancelOrder](sbeTemplateId=5|sbeSchemaId=2|sbeSchemaVersion=0|sbeBlockLength=8):orderId=4
17:41:02.501 [main] INFO  c.gettingstarted.MyAlgoLogic - [MYALGO] In Algo Logic.... HeLlO
17:41:02.501 [main] INFO  c.gettingstarted.MyAlgoLogic - [MYALGO] The state of the order book is:
 |----BID-----||----ASK----|
   101 @ 100    100 @ 98
   200 @ 110    200 @ 95
  5000 @ 115    300 @ 91
|------------||-----------|

17:41:02.501 [main] INFO  c.gettingstarted.MyAlgoLogic - [MYALGO] total order count is4
17:41:02.501 [main] INFO  c.gettingstarted.MyAlgoLogic - [MYALGO] active orders are --[codingblackfemales.sotw.ChildOrder@445b295b]
17:41:02.501 [main] INFO  c.gettingstarted.MyAlgoLogic - [MYALGO] active orders are:[codingblackfemales.sotw.ChildOrder@445b295b]
17:41:02.501 [main] INFO  c.gettingstarted.MyAlgoLogic - [MYALGO] lets look at statecodingblackfemales.sotw.SimpleAlgoStateImpl@49e5f737
total order count is4
active orders are [codingblackfemales.sotw.ChildOrder@445b295b]
17:41:02.501 [main] INFO  c.gettingstarted.MyAlgoLogic - [MYALGO] option is present total order count is4
17:41:02.501 [main] INFO  c.gettingstarted.MyAlgoLogic - [MYALGO] option is present, active orders are [codingblackfemales.sotw.ChildOrder@445b295b]
total order count is4
active orders are [codingblackfemales.sotw.ChildOrder@445b295b]
17:41:02.501 [main] INFO  c.gettingstarted.MyAlgoLogic - [MYALGO] Cancelling order:codingblackfemales.sotw.ChildOrder@445b295b
17:41:02.501 [main] INFO  c.gettingstarted.MyAlgoLogic - [MYALGO] option is present active orders are:[codingblackfemales.sotw.ChildOrder@445b295b]
17:41:02.501 [main] INFO  c.container.Actioner - [ALGO] Actioner, sending action:CancelChildOrder(codingblackfemales.sotw.ChildOrder@445b295b)
17:41:02.501 [main] INFO  c.sequencer.consumer.LoggingConsumer - [9] [CancelOrder](sbeTemplateId=5|sbeSchemaId=2|sbeSchemaVersion=0|sbeBlockLength=8):orderId=5
17:41:02.501 [main] INFO  c.gettingstarted.MyAlgoLogic - [MYALGO] In Algo Logic.... HeLlO
17:41:02.505 [main] INFO  c.gettingstarted.MyAlgoLogic - [MYALGO] The state of the order book is:
 |----BID-----||----ASK----|
   101 @ 100    100 @ 98
   200 @ 110    200 @ 95
  5000 @ 115    300 @ 91
|------------||-----------|

17:41:02.505 [main] INFO  c.gettingstarted.MyAlgoLogic - [MYALGO] Have:4 children, want 4, done.
]]></system-out>
  </testcase>
</testsuite>