<?xml version="1.0" encoding="UTF-8"?>
<testsuite xmlns:xsi="http://www.w3.org/2001/XMLSchema-instance" xsi:noNamespaceSchemaLocation="https://maven.apache.org/surefire/maven-surefire-plugin/xsd/surefire-test-report-3.0.xsd" version="3.0" name="codingblackfemales.gettingstarted.MyAlgoBackTest" time="1.219" tests="6" errors="0" skipped="0" failures="2">
  <properties>
    <property name="java.specification.version" value="17"/>
    <property name="sun.cpu.isalist" value="amd64"/>
    <property name="sun.jnu.encoding" value="Cp1252"/>
    <property name="java.class.path" value="C:\Users\admin\Desktop\Sherelles Stuff\UBS-Assignments\finalCopy\codingblackfemales\algo-coding-exercise\getting-started\target\test-classes;C:\Users\admin\Desktop\Sherelles Stuff\UBS-Assignments\finalCopy\codingblackfemales\algo-coding-exercise\getting-started\target\classes;C:\Users\admin\Desktop\Sherelles Stuff\UBS-Assignments\finalCopy\codingblackfemales\algo-coding-exercise\algo\target\classes;C:\Users\admin\Desktop\Sherelles Stuff\UBS-Assignments\finalCopy\codingblackfemales\algo-coding-exercise\dictionary\target\classes;C:\Users\admin\.m2\repository\org\agrona\agrona\1.16.0\agrona-1.16.0.jar;C:\Users\admin\Desktop\Sherelles Stuff\UBS-Assignments\finalCopy\codingblackfemales\algo-coding-exercise\sequencer\target\classes;C:\Users\admin\.m2\repository\com\google\code\gson\gson\2.10.1\gson-2.10.1.jar;C:\Users\admin\.m2\repository\org\apache\commons\commons-lang3\3.12.0\commons-lang3-3.12.0.jar;C:\Users\admin\Desktop\Sherelles Stuff\UBS-Assignments\finalCopy\codingblackfemales\algo-coding-exercise\backtest\target\classes;C:\Users\admin\Desktop\Sherelles Stuff\UBS-Assignments\finalCopy\codingblackfemales\algo-coding-exercise\collection\target\classes;C:\Users\admin\Desktop\Sherelles Stuff\UBS-Assignments\finalCopy\codingblackfemales\algo-coding-exercise\sequencer\target\test-classes;C:\Users\admin\.m2\repository\junit\junit\4.11\junit-4.11.jar;C:\Users\admin\.m2\repository\org\hamcrest\hamcrest-core\1.3\hamcrest-core-1.3.jar;C:\Users\admin\.m2\repository\uk\co\real-logic\sbe-all\1.26.0\sbe-all-1.26.0.jar;C:\Users\admin\.m2\repository\org\mockito\mockito-core\5.4.0\mockito-core-5.4.0.jar;C:\Users\admin\.m2\repository\net\bytebuddy\byte-buddy\1.14.5\byte-buddy-1.14.5.jar;C:\Users\admin\.m2\repository\net\bytebuddy\byte-buddy-agent\1.14.5\byte-buddy-agent-1.14.5.jar;C:\Users\admin\.m2\repository\org\objenesis\objenesis\3.3\objenesis-3.3.jar;C:\Users\admin\.m2\repository\ch\qos\logback\logback-core\1.3.5\logback-core-1.3.5.jar;C:\Users\admin\.m2\repository\org\slf4j\slf4j-api\2.0.4\slf4j-api-2.0.4.jar;C:\Users\admin\.m2\repository\ch\qos\logback\logback-classic\1.3.5\logback-classic-1.3.5.jar;"/>
    <property name="java.vm.vendor" value="Oracle Corporation"/>
    <property name="sun.arch.data.model" value="64"/>
    <property name="user.variant" value=""/>
    <property name="java.vendor.url" value="https://java.oracle.com/"/>
    <property name="user.timezone" value="Europe/London"/>
    <property name="os.name" value="Windows 10"/>
    <property name="java.vm.specification.version" value="17"/>
    <property name="sun.java.launcher" value="SUN_STANDARD"/>
    <property name="user.country" value="GB"/>
    <property name="sun.boot.library.path" value="C:\Program Files\Java\jdk-17\bin"/>
    <property name="sun.java.command" value="C:\Users\admin\AppData\Local\Temp\surefire11347978707624485321\surefirebooter-20231005225335536_26.jar C:\Users\admin\AppData\Local\Temp\surefire11347978707624485321 2023-10-05T22-53-26_007-jvmRun1 surefire-20231005225335536_24tmp surefire_2-20231005225335536_25tmp"/>
    <property name="jdk.debug" value="release"/>
    <property name="surefire.test.class.path" value="C:\Users\admin\Desktop\Sherelles Stuff\UBS-Assignments\finalCopy\codingblackfemales\algo-coding-exercise\getting-started\target\test-classes;C:\Users\admin\Desktop\Sherelles Stuff\UBS-Assignments\finalCopy\codingblackfemales\algo-coding-exercise\getting-started\target\classes;C:\Users\admin\Desktop\Sherelles Stuff\UBS-Assignments\finalCopy\codingblackfemales\algo-coding-exercise\algo\target\classes;C:\Users\admin\Desktop\Sherelles Stuff\UBS-Assignments\finalCopy\codingblackfemales\algo-coding-exercise\dictionary\target\classes;C:\Users\admin\.m2\repository\org\agrona\agrona\1.16.0\agrona-1.16.0.jar;C:\Users\admin\Desktop\Sherelles Stuff\UBS-Assignments\finalCopy\codingblackfemales\algo-coding-exercise\sequencer\target\classes;C:\Users\admin\.m2\repository\com\google\code\gson\gson\2.10.1\gson-2.10.1.jar;C:\Users\admin\.m2\repository\org\apache\commons\commons-lang3\3.12.0\commons-lang3-3.12.0.jar;C:\Users\admin\Desktop\Sherelles Stuff\UBS-Assignments\finalCopy\codingblackfemales\algo-coding-exercise\backtest\target\classes;C:\Users\admin\Desktop\Sherelles Stuff\UBS-Assignments\finalCopy\codingblackfemales\algo-coding-exercise\collection\target\classes;C:\Users\admin\Desktop\Sherelles Stuff\UBS-Assignments\finalCopy\codingblackfemales\algo-coding-exercise\sequencer\target\test-classes;C:\Users\admin\.m2\repository\junit\junit\4.11\junit-4.11.jar;C:\Users\admin\.m2\repository\org\hamcrest\hamcrest-core\1.3\hamcrest-core-1.3.jar;C:\Users\admin\.m2\repository\uk\co\real-logic\sbe-all\1.26.0\sbe-all-1.26.0.jar;C:\Users\admin\.m2\repository\org\mockito\mockito-core\5.4.0\mockito-core-5.4.0.jar;C:\Users\admin\.m2\repository\net\bytebuddy\byte-buddy\1.14.5\byte-buddy-1.14.5.jar;C:\Users\admin\.m2\repository\net\bytebuddy\byte-buddy-agent\1.14.5\byte-buddy-agent-1.14.5.jar;C:\Users\admin\.m2\repository\org\objenesis\objenesis\3.3\objenesis-3.3.jar;C:\Users\admin\.m2\repository\ch\qos\logback\logback-core\1.3.5\logback-core-1.3.5.jar;C:\Users\admin\.m2\repository\org\slf4j\slf4j-api\2.0.4\slf4j-api-2.0.4.jar;C:\Users\admin\.m2\repository\ch\qos\logback\logback-classic\1.3.5\logback-classic-1.3.5.jar;"/>
    <property name="sun.cpu.endian" value="little"/>
    <property name="user.home" value="C:\Users\admin"/>
    <property name="user.language" value="en"/>
    <property name="java.specification.vendor" value="Oracle Corporation"/>
    <property name="java.version.date" value="2023-04-18"/>
    <property name="java.home" value="C:\Program Files\Java\jdk-17"/>
    <property name="file.separator" value="\"/>
    <property name="basedir" value="C:\Users\admin\Desktop\Sherelles Stuff\UBS-Assignments\finalCopy\codingblackfemales\algo-coding-exercise\getting-started"/>
    <property name="java.vm.compressedOopsMode" value="Zero based"/>
    <property name="line.separator" value="&#10;"/>
    <property name="java.vm.specification.vendor" value="Oracle Corporation"/>
    <property name="java.specification.name" value="Java Platform API Specification"/>
    <property name="surefire.real.class.path" value="C:\Users\admin\AppData\Local\Temp\surefire11347978707624485321\surefirebooter-20231005225335536_26.jar"/>
    <property name="user.script" value=""/>
    <property name="sun.management.compiler" value="HotSpot 64-Bit Tiered Compilers"/>
    <property name="java.runtime.version" value="17.0.7+8-LTS-224"/>
    <property name="user.name" value="admin"/>
    <property name="path.separator" value=";"/>
    <property name="os.version" value="10.0"/>
    <property name="java.runtime.name" value="Java(TM) SE Runtime Environment"/>
    <property name="file.encoding" value="Cp1252"/>
    <property name="java.vm.name" value="Java HotSpot(TM) 64-Bit Server VM"/>
    <property name="localRepository" value="C:\Users\admin\.m2\repository"/>
    <property name="java.vendor.url.bug" value="https://bugreport.java.com/bugreport/"/>
    <property name="java.io.tmpdir" value="C:\Users\admin\AppData\Local\Temp\"/>
    <property name="java.version" value="17.0.7"/>
    <property name="user.dir" value="C:\Users\admin\Desktop\Sherelles Stuff\UBS-Assignments\finalCopy\codingblackfemales\algo-coding-exercise\getting-started"/>
    <property name="os.arch" value="amd64"/>
    <property name="java.vm.specification.name" value="Java Virtual Machine Specification"/>
    <property name="sun.os.patch.level" value=""/>
    <property name="native.encoding" value="Cp1252"/>
    <property name="java.library.path" value="C:\Program Files\Java\jdk-17\bin;C:\WINDOWS\Sun\Java\bin;C:\WINDOWS\system32;C:\WINDOWS;C:\Program Files\Common Files\Oracle\Java\javapath;C:\WINDOWS\system32;C:\WINDOWS;C:\WINDOWS\System32\Wbem;C:\WINDOWS\System32\WindowsPowerShell\v1.0\;C:\WINDOWS\System32\OpenSSH\;C:\Program Files\dotnet\;C:\Program Files (x86)\Intel\Intel(R) Management Engine Components\DAL;C:\Program Files\Intel\Intel(R) Management Engine Components\DAL;C:\Program Files (x86)\NVIDIA Corporation\PhysX\Common;C:\Program Files\Git\cmd;C:\Program Files\apache-maven-3.9.4\bin;C:\Users\admin\AppData\Local\Microsoft\WindowsApps;;C:\Users\admin\AppData\Local\Programs\Microsoft VS Code\bin;."/>
    <property name="java.vm.info" value="mixed mode, sharing"/>
    <property name="java.vendor" value="Oracle Corporation"/>
    <property name="java.vm.version" value="17.0.7+8-LTS-224"/>
    <property name="sun.io.unicode.encoding" value="UnicodeLittle"/>
    <property name="java.class.version" value="61.0"/>
  </properties>
  <testcase name="monteCarloSim" classname="codingblackfemales.gettingstarted.MyAlgoBackTest" time="0.648">
    <system-out><![CDATA[22:53:36.701 [main] INFO  c.sequencer.consumer.LoggingConsumer - [1] 
|----BID-----|
    134 @ 43
    145 @ 76
    300 @ 91
    200 @ 93
    100 @ 95
    154 @ 98
|----ASK-----|
    501 @ 98
   200 @ 101
  5000 @ 110
  5600 @ 119
   453 @ 123
   645 @ 144
   665 @ 167

22:53:36.706 [main] INFO  c.orderbook.OrderBook - [ORDERBOOK] Processing Mkt Data Update
22:53:36.707 [main] DEBUG c.orderbook.OrderBook - [ORDERBOOK] ASK: Adding orderMktData(price=43,quantity=134)
22:53:36.708 [main] DEBUG c.orderbook.OrderBook - [ORDERBOOK] ASK: Adding orderMktData(price=76,quantity=145)
22:53:36.708 [main] DEBUG c.orderbook.OrderBook - [ORDERBOOK] ASK: Adding orderMktData(price=91,quantity=300)
22:53:36.708 [main] DEBUG c.orderbook.OrderBook - [ORDERBOOK] ASK: Adding orderMktData(price=93,quantity=200)
22:53:36.708 [main] DEBUG c.orderbook.OrderBook - [ORDERBOOK] ASK: Adding orderMktData(price=95,quantity=100)
22:53:36.708 [main] DEBUG c.orderbook.OrderBook - [ORDERBOOK] ASK: Adding orderMktData(price=98,quantity=154)
22:53:36.708 [main] DEBUG c.orderbook.OrderBook - [ORDERBOOK] ASK: Adding orderMktData(price=98,quantity=501)
22:53:36.709 [main] DEBUG c.orderbook.OrderBook - [ORDERBOOK] ASK: Adding orderMktData(price=101,quantity=200)
22:53:36.709 [main] DEBUG c.orderbook.OrderBook - [ORDERBOOK] ASK: Adding orderMktData(price=110,quantity=5000)
22:53:36.709 [main] DEBUG c.orderbook.OrderBook - [ORDERBOOK] ASK: Adding orderMktData(price=119,quantity=5600)
22:53:36.709 [main] DEBUG c.orderbook.OrderBook - [ORDERBOOK] ASK: Adding orderMktData(price=123,quantity=453)
22:53:36.709 [main] DEBUG c.orderbook.OrderBook - [ORDERBOOK] ASK: Adding orderMktData(price=144,quantity=645)
22:53:36.709 [main] DEBUG c.orderbook.OrderBook - [ORDERBOOK] ASK: Adding orderMktData(price=167,quantity=665)
22:53:36.711 [main] DEBUG c.service.MarketDataService - [ALGO] BID: price:43 quantity:134
22:53:36.711 [main] DEBUG c.service.MarketDataService - [ALGO] BID: price:76 quantity:145
22:53:36.711 [main] DEBUG c.service.MarketDataService - [ALGO] BID: price:91 quantity:300
22:53:36.711 [main] DEBUG c.service.MarketDataService - [ALGO] BID: price:93 quantity:200
22:53:36.711 [main] DEBUG c.service.MarketDataService - [ALGO] BID: price:95 quantity:100
22:53:36.711 [main] DEBUG c.service.MarketDataService - [ALGO] BID: price:98 quantity:154
22:53:36.712 [main] DEBUG c.service.MarketDataService - [ALGO] ASK: price:98 quantity:501
22:53:36.712 [main] DEBUG c.service.MarketDataService - [ALGO] ASK: price:101 quantity:200
22:53:36.712 [main] DEBUG c.service.MarketDataService - [ALGO] ASK: price:110 quantity:5000
22:53:36.712 [main] DEBUG c.service.MarketDataService - [ALGO] ASK: price:119 quantity:5600
22:53:36.712 [main] DEBUG c.service.MarketDataService - [ALGO] ASK: price:123 quantity:453
22:53:36.712 [main] DEBUG c.service.MarketDataService - [ALGO] ASK: price:144 quantity:645
22:53:36.712 [main] DEBUG c.service.MarketDataService - [ALGO] ASK: price:167 quantity:665
22:53:36.717 [main] INFO  c.gettingstarted.MyAlgoLogic - [MYALGO] The state of the order book is:
|----BID-----||----ASK----|
    134 @ 43    501 @ 98
    145 @ 76   200 @ 101
    300 @ 91  5000 @ 110
    200 @ 93  5600 @ 119
    100 @ 95   453 @ 123
    154 @ 98   645 @ 144
          -    665 @ 167
|------------||-----------|

22:53:36.718 [main] INFO  c.gettingstarted.MyAlgoLogic - [MYALGO] Algo Sees Book as: 
|----BID-----||----ASK----|
    134 @ 43    501 @ 98
    145 @ 76   200 @ 101
    300 @ 91  5000 @ 110
    200 @ 93  5600 @ 119
    100 @ 95   453 @ 123
    154 @ 98   645 @ 144
          -    665 @ 167
|------------||-----------|

22:53:36.721 [main] INFO  c.gettingstarted.TimedLogic - [TIMEDLOGIC] Market is closed
22:53:36.723 [main] INFO  c.sequencer.consumer.LoggingConsumer - [2] 
|----BID-----|
    134 @ 43
    145 @ 76
    300 @ 91
    200 @ 93
    100 @ 95
    154 @ 98
|----ASK-----|
    501 @ 98
   200 @ 101
  5000 @ 110
  5600 @ 119
   453 @ 123
   645 @ 144
   665 @ 167

22:53:36.723 [main] INFO  c.orderbook.OrderBook - [ORDERBOOK] Processing Mkt Data Update
22:53:36.723 [main] INFO  c.o.v.MutatingRemoveAllMarketDataOrdersVisitor - [ORDERBOOK] Removing market data order:MktData(price=43,quantity=134)
22:53:36.726 [main] INFO  c.o.v.MutatingRemoveAllMarketDataOrdersVisitor - [ORDERBOOK] Removing level:43
22:53:36.726 [main] DEBUG c.orderbook.OrderBook - [ORDERBOOK] ASK: Adding orderMktData(price=43,quantity=134)
22:53:36.726 [main] DEBUG c.orderbook.OrderBook - [ORDERBOOK] ASK: Adding orderMktData(price=76,quantity=145)
22:53:36.726 [main] DEBUG c.orderbook.OrderBook - [ORDERBOOK] ASK: Adding orderMktData(price=91,quantity=300)
22:53:36.727 [main] DEBUG c.orderbook.OrderBook - [ORDERBOOK] ASK: Adding orderMktData(price=93,quantity=200)
22:53:36.728 [main] DEBUG c.orderbook.OrderBook - [ORDERBOOK] ASK: Adding orderMktData(price=95,quantity=100)
22:53:36.728 [main] DEBUG c.orderbook.OrderBook - [ORDERBOOK] ASK: Adding orderMktData(price=98,quantity=154)
22:53:36.730 [main] INFO  c.o.v.MutatingMatchOneMarketDataOrderVisitor - [ORDERBOOK] visiting LevelOrderBookLevel(price=43,quantity=134)
22:53:36.730 [main] INFO  c.o.v.MutatingMatchOneMarketDataOrderVisitor - [ORDERBOOK] Can't match order:MktData(price=43,quantity=134)(MktData(price=98,quantity=154))
22:53:36.730 [main] INFO  c.o.v.MutatingRemoveAllMarketDataOrdersVisitor - [ORDERBOOK] Removing market data order:MktData(price=98,quantity=501)
22:53:36.730 [main] INFO  c.o.v.MutatingRemoveAllMarketDataOrdersVisitor - [ORDERBOOK] Removing level:98
22:53:36.730 [main] INFO  c.o.v.MutatingRemoveAllMarketDataOrdersVisitor - [ORDERBOOK] Removing market data order:MktData(price=101,quantity=200)
22:53:36.731 [main] INFO  c.o.v.MutatingRemoveAllMarketDataOrdersVisitor - [ORDERBOOK] Removing level:101
22:53:36.731 [main] INFO  c.o.v.MutatingRemoveAllMarketDataOrdersVisitor - [ORDERBOOK] Removing market data order:MktData(price=110,quantity=5000)
22:53:36.731 [main] INFO  c.o.v.MutatingRemoveAllMarketDataOrdersVisitor - [ORDERBOOK] Removing level:110
22:53:36.731 [main] INFO  c.o.v.MutatingRemoveAllMarketDataOrdersVisitor - [ORDERBOOK] Removing market data order:MktData(price=119,quantity=5600)
22:53:36.731 [main] INFO  c.o.v.MutatingRemoveAllMarketDataOrdersVisitor - [ORDERBOOK] Removing level:119
22:53:36.731 [main] INFO  c.o.v.MutatingRemoveAllMarketDataOrdersVisitor - [ORDERBOOK] Removing market data order:MktData(price=123,quantity=453)
22:53:36.731 [main] INFO  c.o.v.MutatingRemoveAllMarketDataOrdersVisitor - [ORDERBOOK] Removing level:123
22:53:36.732 [main] INFO  c.o.v.MutatingRemoveAllMarketDataOrdersVisitor - [ORDERBOOK] Removing market data order:MktData(price=144,quantity=645)
22:53:36.732 [main] INFO  c.o.v.MutatingRemoveAllMarketDataOrdersVisitor - [ORDERBOOK] Removing level:144
22:53:36.732 [main] INFO  c.o.v.MutatingRemoveAllMarketDataOrdersVisitor - [ORDERBOOK] Removing market data order:MktData(price=167,quantity=665)
22:53:36.732 [main] INFO  c.o.v.MutatingRemoveAllMarketDataOrdersVisitor - [ORDERBOOK] Removing level:167
22:53:36.732 [main] DEBUG c.orderbook.OrderBook - [ORDERBOOK] ASK: Adding orderMktData(price=98,quantity=501)
22:53:36.732 [main] DEBUG c.orderbook.OrderBook - [ORDERBOOK] ASK: Adding orderMktData(price=101,quantity=200)
22:53:36.732 [main] DEBUG c.orderbook.OrderBook - [ORDERBOOK] ASK: Adding orderMktData(price=110,quantity=5000)
22:53:36.732 [main] DEBUG c.orderbook.OrderBook - [ORDERBOOK] ASK: Adding orderMktData(price=119,quantity=5600)
22:53:36.732 [main] DEBUG c.orderbook.OrderBook - [ORDERBOOK] ASK: Adding orderMktData(price=123,quantity=453)
22:53:36.732 [main] DEBUG c.orderbook.OrderBook - [ORDERBOOK] ASK: Adding orderMktData(price=144,quantity=645)
22:53:36.732 [main] DEBUG c.orderbook.OrderBook - [ORDERBOOK] ASK: Adding orderMktData(price=167,quantity=665)
22:53:36.732 [main] DEBUG c.service.MarketDataService - [ALGO] BID: price:43 quantity:134
22:53:36.732 [main] DEBUG c.service.MarketDataService - [ALGO] BID: price:76 quantity:145
22:53:36.732 [main] DEBUG c.service.MarketDataService - [ALGO] BID: price:91 quantity:300
22:53:36.733 [main] DEBUG c.service.MarketDataService - [ALGO] BID: price:93 quantity:200
22:53:36.733 [main] DEBUG c.service.MarketDataService - [ALGO] BID: price:95 quantity:100
22:53:36.733 [main] DEBUG c.service.MarketDataService - [ALGO] BID: price:98 quantity:154
22:53:36.733 [main] DEBUG c.service.MarketDataService - [ALGO] ASK: price:98 quantity:501
22:53:36.733 [main] DEBUG c.service.MarketDataService - [ALGO] ASK: price:101 quantity:200
22:53:36.733 [main] DEBUG c.service.MarketDataService - [ALGO] ASK: price:110 quantity:5000
22:53:36.733 [main] DEBUG c.service.MarketDataService - [ALGO] ASK: price:119 quantity:5600
22:53:36.733 [main] DEBUG c.service.MarketDataService - [ALGO] ASK: price:123 quantity:453
22:53:36.733 [main] DEBUG c.service.MarketDataService - [ALGO] ASK: price:144 quantity:645
22:53:36.733 [main] DEBUG c.service.MarketDataService - [ALGO] ASK: price:167 quantity:665
22:53:36.733 [main] INFO  c.gettingstarted.MyAlgoLogic - [MYALGO] The state of the order book is:
|----BID-----||----ASK----|
    134 @ 43    501 @ 98
    145 @ 76   200 @ 101
    300 @ 91  5000 @ 110
    200 @ 93  5600 @ 119
    100 @ 95   453 @ 123
    154 @ 98   645 @ 144
          -    665 @ 167
|------------||-----------|

22:53:36.735 [main] INFO  c.gettingstarted.MyAlgoLogic - [MYALGO] Algo Sees Book as: 
|----BID-----||----ASK----|
    134 @ 43    501 @ 98
    145 @ 76   200 @ 101
    300 @ 91  5000 @ 110
    200 @ 93  5600 @ 119
    100 @ 95   453 @ 123
    154 @ 98   645 @ 144
          -    665 @ 167
|------------||-----------|

22:53:36.735 [main] INFO  c.gettingstarted.TimedLogic - [TIMEDLOGIC] Market is closed
22:53:36.736 [main] INFO  c.sequencer.consumer.LoggingConsumer - [3] 
|----BID-----|
    134 @ 43
    145 @ 76
    300 @ 91
    200 @ 93
    100 @ 95
    154 @ 98
|----ASK-----|
    501 @ 98
   200 @ 101
  5000 @ 110
  5600 @ 119
   453 @ 123
   645 @ 144
   665 @ 167

22:53:36.736 [main] INFO  c.orderbook.OrderBook - [ORDERBOOK] Processing Mkt Data Update
22:53:36.736 [main] INFO  c.o.v.MutatingRemoveAllMarketDataOrdersVisitor - [ORDERBOOK] Removing market data order:MktData(price=43,quantity=134)
22:53:36.736 [main] INFO  c.o.v.MutatingRemoveAllMarketDataOrdersVisitor - [ORDERBOOK] Removing level:43
22:53:36.736 [main] DEBUG c.orderbook.OrderBook - [ORDERBOOK] ASK: Adding orderMktData(price=43,quantity=134)
22:53:36.736 [main] DEBUG c.orderbook.OrderBook - [ORDERBOOK] ASK: Adding orderMktData(price=76,quantity=145)
22:53:36.736 [main] DEBUG c.orderbook.OrderBook - [ORDERBOOK] ASK: Adding orderMktData(price=91,quantity=300)
22:53:36.737 [main] DEBUG c.orderbook.OrderBook - [ORDERBOOK] ASK: Adding orderMktData(price=93,quantity=200)
22:53:36.737 [main] DEBUG c.orderbook.OrderBook - [ORDERBOOK] ASK: Adding orderMktData(price=95,quantity=100)
22:53:36.737 [main] DEBUG c.orderbook.OrderBook - [ORDERBOOK] ASK: Adding orderMktData(price=98,quantity=154)
22:53:36.737 [main] INFO  c.o.v.MutatingMatchOneMarketDataOrderVisitor - [ORDERBOOK] visiting LevelOrderBookLevel(price=43,quantity=134)
22:53:36.737 [main] INFO  c.o.v.MutatingMatchOneMarketDataOrderVisitor - [ORDERBOOK] Can't match order:MktData(price=43,quantity=134)(MktData(price=98,quantity=154))
22:53:36.737 [main] INFO  c.o.v.MutatingRemoveAllMarketDataOrdersVisitor - [ORDERBOOK] Removing market data order:MktData(price=98,quantity=501)
22:53:36.737 [main] INFO  c.o.v.MutatingRemoveAllMarketDataOrdersVisitor - [ORDERBOOK] Removing level:98
22:53:36.737 [main] INFO  c.o.v.MutatingRemoveAllMarketDataOrdersVisitor - [ORDERBOOK] Removing market data order:MktData(price=101,quantity=200)
22:53:36.737 [main] INFO  c.o.v.MutatingRemoveAllMarketDataOrdersVisitor - [ORDERBOOK] Removing level:101
22:53:36.737 [main] INFO  c.o.v.MutatingRemoveAllMarketDataOrdersVisitor - [ORDERBOOK] Removing market data order:MktData(price=110,quantity=5000)
22:53:36.737 [main] INFO  c.o.v.MutatingRemoveAllMarketDataOrdersVisitor - [ORDERBOOK] Removing level:110
22:53:36.737 [main] INFO  c.o.v.MutatingRemoveAllMarketDataOrdersVisitor - [ORDERBOOK] Removing market data order:MktData(price=119,quantity=5600)
22:53:36.738 [main] INFO  c.o.v.MutatingRemoveAllMarketDataOrdersVisitor - [ORDERBOOK] Removing level:119
22:53:36.738 [main] INFO  c.o.v.MutatingRemoveAllMarketDataOrdersVisitor - [ORDERBOOK] Removing market data order:MktData(price=123,quantity=453)
22:53:36.738 [main] INFO  c.o.v.MutatingRemoveAllMarketDataOrdersVisitor - [ORDERBOOK] Removing level:123
22:53:36.738 [main] INFO  c.o.v.MutatingRemoveAllMarketDataOrdersVisitor - [ORDERBOOK] Removing market data order:MktData(price=144,quantity=645)
22:53:36.738 [main] INFO  c.o.v.MutatingRemoveAllMarketDataOrdersVisitor - [ORDERBOOK] Removing level:144
22:53:36.738 [main] INFO  c.o.v.MutatingRemoveAllMarketDataOrdersVisitor - [ORDERBOOK] Removing market data order:MktData(price=167,quantity=665)
22:53:36.738 [main] INFO  c.o.v.MutatingRemoveAllMarketDataOrdersVisitor - [ORDERBOOK] Removing level:167
22:53:36.738 [main] DEBUG c.orderbook.OrderBook - [ORDERBOOK] ASK: Adding orderMktData(price=98,quantity=501)
22:53:36.738 [main] DEBUG c.orderbook.OrderBook - [ORDERBOOK] ASK: Adding orderMktData(price=101,quantity=200)
22:53:36.738 [main] DEBUG c.orderbook.OrderBook - [ORDERBOOK] ASK: Adding orderMktData(price=110,quantity=5000)
22:53:36.738 [main] DEBUG c.orderbook.OrderBook - [ORDERBOOK] ASK: Adding orderMktData(price=119,quantity=5600)
22:53:36.738 [main] DEBUG c.orderbook.OrderBook - [ORDERBOOK] ASK: Adding orderMktData(price=123,quantity=453)
22:53:36.738 [main] DEBUG c.orderbook.OrderBook - [ORDERBOOK] ASK: Adding orderMktData(price=144,quantity=645)
22:53:36.739 [main] DEBUG c.orderbook.OrderBook - [ORDERBOOK] ASK: Adding orderMktData(price=167,quantity=665)
22:53:36.739 [main] DEBUG c.service.MarketDataService - [ALGO] BID: price:43 quantity:134
22:53:36.739 [main] DEBUG c.service.MarketDataService - [ALGO] BID: price:76 quantity:145
22:53:36.739 [main] DEBUG c.service.MarketDataService - [ALGO] BID: price:91 quantity:300
22:53:36.739 [main] DEBUG c.service.MarketDataService - [ALGO] BID: price:93 quantity:200
22:53:36.740 [main] DEBUG c.service.MarketDataService - [ALGO] BID: price:95 quantity:100
22:53:36.740 [main] DEBUG c.service.MarketDataService - [ALGO] BID: price:98 quantity:154
22:53:36.740 [main] DEBUG c.service.MarketDataService - [ALGO] ASK: price:98 quantity:501
22:53:36.740 [main] DEBUG c.service.MarketDataService - [ALGO] ASK: price:101 quantity:200
22:53:36.740 [main] DEBUG c.service.MarketDataService - [ALGO] ASK: price:110 quantity:5000
22:53:36.740 [main] DEBUG c.service.MarketDataService - [ALGO] ASK: price:119 quantity:5600
22:53:36.740 [main] DEBUG c.service.MarketDataService - [ALGO] ASK: price:123 quantity:453
22:53:36.740 [main] DEBUG c.service.MarketDataService - [ALGO] ASK: price:144 quantity:645
22:53:36.740 [main] DEBUG c.service.MarketDataService - [ALGO] ASK: price:167 quantity:665
22:53:36.741 [main] INFO  c.gettingstarted.MyAlgoLogic - [MYALGO] The state of the order book is:
|----BID-----||----ASK----|
    134 @ 43    501 @ 98
    145 @ 76   200 @ 101
    300 @ 91  5000 @ 110
    200 @ 93  5600 @ 119
    100 @ 95   453 @ 123
    154 @ 98   645 @ 144
          -    665 @ 167
|------------||-----------|

22:53:36.741 [main] INFO  c.gettingstarted.MyAlgoLogic - [MYALGO] Algo Sees Book as: 
|----BID-----||----ASK----|
    134 @ 43    501 @ 98
    145 @ 76   200 @ 101
    300 @ 91  5000 @ 110
    200 @ 93  5600 @ 119
    100 @ 95   453 @ 123
    154 @ 98   645 @ 144
          -    665 @ 167
|------------||-----------|

22:53:36.741 [main] INFO  c.gettingstarted.TimedLogic - [TIMEDLOGIC] Market is closed
22:53:36.743 [main] INFO  c.sequencer.consumer.LoggingConsumer - [4] 
|----BID-----|
    134 @ 43
    145 @ 76
    300 @ 91
    200 @ 93
    100 @ 95
    154 @ 98
|----ASK-----|
    501 @ 98
   200 @ 101
  5000 @ 110
  5600 @ 119
   453 @ 123
   645 @ 144
   665 @ 167

22:53:36.743 [main] INFO  c.orderbook.OrderBook - [ORDERBOOK] Processing Mkt Data Update
22:53:36.743 [main] INFO  c.o.v.MutatingRemoveAllMarketDataOrdersVisitor - [ORDERBOOK] Removing market data order:MktData(price=43,quantity=134)
22:53:36.743 [main] INFO  c.o.v.MutatingRemoveAllMarketDataOrdersVisitor - [ORDERBOOK] Removing level:43
22:53:36.743 [main] DEBUG c.orderbook.OrderBook - [ORDERBOOK] ASK: Adding orderMktData(price=43,quantity=134)
22:53:36.743 [main] DEBUG c.orderbook.OrderBook - [ORDERBOOK] ASK: Adding orderMktData(price=76,quantity=145)
22:53:36.743 [main] DEBUG c.orderbook.OrderBook - [ORDERBOOK] ASK: Adding orderMktData(price=91,quantity=300)
22:53:36.743 [main] DEBUG c.orderbook.OrderBook - [ORDERBOOK] ASK: Adding orderMktData(price=93,quantity=200)
22:53:36.744 [main] DEBUG c.orderbook.OrderBook - [ORDERBOOK] ASK: Adding orderMktData(price=95,quantity=100)
22:53:36.744 [main] DEBUG c.orderbook.OrderBook - [ORDERBOOK] ASK: Adding orderMktData(price=98,quantity=154)
22:53:36.744 [main] INFO  c.o.v.MutatingMatchOneMarketDataOrderVisitor - [ORDERBOOK] visiting LevelOrderBookLevel(price=43,quantity=134)
22:53:36.744 [main] INFO  c.o.v.MutatingMatchOneMarketDataOrderVisitor - [ORDERBOOK] Can't match order:MktData(price=43,quantity=134)(MktData(price=98,quantity=154))
22:53:36.744 [main] INFO  c.o.v.MutatingRemoveAllMarketDataOrdersVisitor - [ORDERBOOK] Removing market data order:MktData(price=98,quantity=501)
22:53:36.744 [main] INFO  c.o.v.MutatingRemoveAllMarketDataOrdersVisitor - [ORDERBOOK] Removing level:98
22:53:36.744 [main] INFO  c.o.v.MutatingRemoveAllMarketDataOrdersVisitor - [ORDERBOOK] Removing market data order:MktData(price=101,quantity=200)
22:53:36.744 [main] INFO  c.o.v.MutatingRemoveAllMarketDataOrdersVisitor - [ORDERBOOK] Removing level:101
22:53:36.744 [main] INFO  c.o.v.MutatingRemoveAllMarketDataOrdersVisitor - [ORDERBOOK] Removing market data order:MktData(price=110,quantity=5000)
22:53:36.744 [main] INFO  c.o.v.MutatingRemoveAllMarketDataOrdersVisitor - [ORDERBOOK] Removing level:110
22:53:36.744 [main] INFO  c.o.v.MutatingRemoveAllMarketDataOrdersVisitor - [ORDERBOOK] Removing market data order:MktData(price=119,quantity=5600)
22:53:36.744 [main] INFO  c.o.v.MutatingRemoveAllMarketDataOrdersVisitor - [ORDERBOOK] Removing level:119
22:53:36.744 [main] INFO  c.o.v.MutatingRemoveAllMarketDataOrdersVisitor - [ORDERBOOK] Removing market data order:MktData(price=123,quantity=453)
22:53:36.744 [main] INFO  c.o.v.MutatingRemoveAllMarketDataOrdersVisitor - [ORDERBOOK] Removing level:123
22:53:36.745 [main] INFO  c.o.v.MutatingRemoveAllMarketDataOrdersVisitor - [ORDERBOOK] Removing market data order:MktData(price=144,quantity=645)
22:53:36.745 [main] INFO  c.o.v.MutatingRemoveAllMarketDataOrdersVisitor - [ORDERBOOK] Removing level:144
22:53:36.745 [main] INFO  c.o.v.MutatingRemoveAllMarketDataOrdersVisitor - [ORDERBOOK] Removing market data order:MktData(price=167,quantity=665)
22:53:36.745 [main] INFO  c.o.v.MutatingRemoveAllMarketDataOrdersVisitor - [ORDERBOOK] Removing level:167
22:53:36.745 [main] DEBUG c.orderbook.OrderBook - [ORDERBOOK] ASK: Adding orderMktData(price=98,quantity=501)
22:53:36.745 [main] DEBUG c.orderbook.OrderBook - [ORDERBOOK] ASK: Adding orderMktData(price=101,quantity=200)
22:53:36.745 [main] DEBUG c.orderbook.OrderBook - [ORDERBOOK] ASK: Adding orderMktData(price=110,quantity=5000)
22:53:36.745 [main] DEBUG c.orderbook.OrderBook - [ORDERBOOK] ASK: Adding orderMktData(price=119,quantity=5600)
22:53:36.745 [main] DEBUG c.orderbook.OrderBook - [ORDERBOOK] ASK: Adding orderMktData(price=123,quantity=453)
22:53:36.745 [main] DEBUG c.orderbook.OrderBook - [ORDERBOOK] ASK: Adding orderMktData(price=144,quantity=645)
22:53:36.745 [main] DEBUG c.orderbook.OrderBook - [ORDERBOOK] ASK: Adding orderMktData(price=167,quantity=665)
22:53:36.745 [main] DEBUG c.service.MarketDataService - [ALGO] BID: price:43 quantity:134
22:53:36.745 [main] DEBUG c.service.MarketDataService - [ALGO] BID: price:76 quantity:145
22:53:36.745 [main] DEBUG c.service.MarketDataService - [ALGO] BID: price:91 quantity:300
22:53:36.746 [main] DEBUG c.service.MarketDataService - [ALGO] BID: price:93 quantity:200
22:53:36.746 [main] DEBUG c.service.MarketDataService - [ALGO] BID: price:95 quantity:100
22:53:36.746 [main] DEBUG c.service.MarketDataService - [ALGO] BID: price:98 quantity:154
22:53:36.746 [main] DEBUG c.service.MarketDataService - [ALGO] ASK: price:98 quantity:501
22:53:36.746 [main] DEBUG c.service.MarketDataService - [ALGO] ASK: price:101 quantity:200
22:53:36.746 [main] DEBUG c.service.MarketDataService - [ALGO] ASK: price:110 quantity:5000
22:53:36.746 [main] DEBUG c.service.MarketDataService - [ALGO] ASK: price:119 quantity:5600
22:53:36.746 [main] DEBUG c.service.MarketDataService - [ALGO] ASK: price:123 quantity:453
22:53:36.746 [main] DEBUG c.service.MarketDataService - [ALGO] ASK: price:144 quantity:645
22:53:36.746 [main] DEBUG c.service.MarketDataService - [ALGO] ASK: price:167 quantity:665
22:53:36.747 [main] INFO  c.gettingstarted.MyAlgoLogic - [MYALGO] The state of the order book is:
|----BID-----||----ASK----|
    134 @ 43    501 @ 98
    145 @ 76   200 @ 101
    300 @ 91  5000 @ 110
    200 @ 93  5600 @ 119
    100 @ 95   453 @ 123
    154 @ 98   645 @ 144
          -    665 @ 167
|------------||-----------|

22:53:36.747 [main] INFO  c.gettingstarted.MyAlgoLogic - [MYALGO] Algo Sees Book as: 
|----BID-----||----ASK----|
    134 @ 43    501 @ 98
    145 @ 76   200 @ 101
    300 @ 91  5000 @ 110
    200 @ 93  5600 @ 119
    100 @ 95   453 @ 123
    154 @ 98   645 @ 144
          -    665 @ 167
|------------||-----------|

22:53:36.747 [main] INFO  c.gettingstarted.TimedLogic - [TIMEDLOGIC] Market is closed
22:53:36.748 [main] INFO  c.sequencer.consumer.LoggingConsumer - [5] 
|----BID-----|
    134 @ 43
    145 @ 76
    300 @ 91
    200 @ 93
    100 @ 95
    154 @ 98
|----ASK-----|
    501 @ 98
   200 @ 101
  5000 @ 110
  5600 @ 119
   453 @ 123
   645 @ 144
   665 @ 167

22:53:36.748 [main] INFO  c.orderbook.OrderBook - [ORDERBOOK] Processing Mkt Data Update
22:53:36.748 [main] INFO  c.o.v.MutatingRemoveAllMarketDataOrdersVisitor - [ORDERBOOK] Removing market data order:MktData(price=43,quantity=134)
22:53:36.748 [main] INFO  c.o.v.MutatingRemoveAllMarketDataOrdersVisitor - [ORDERBOOK] Removing level:43
22:53:36.748 [main] DEBUG c.orderbook.OrderBook - [ORDERBOOK] ASK: Adding orderMktData(price=43,quantity=134)
22:53:36.748 [main] DEBUG c.orderbook.OrderBook - [ORDERBOOK] ASK: Adding orderMktData(price=76,quantity=145)
22:53:36.748 [main] DEBUG c.orderbook.OrderBook - [ORDERBOOK] ASK: Adding orderMktData(price=91,quantity=300)
22:53:36.748 [main] DEBUG c.orderbook.OrderBook - [ORDERBOOK] ASK: Adding orderMktData(price=93,quantity=200)
22:53:36.748 [main] DEBUG c.orderbook.OrderBook - [ORDERBOOK] ASK: Adding orderMktData(price=95,quantity=100)
22:53:36.748 [main] DEBUG c.orderbook.OrderBook - [ORDERBOOK] ASK: Adding orderMktData(price=98,quantity=154)
22:53:36.748 [main] INFO  c.o.v.MutatingMatchOneMarketDataOrderVisitor - [ORDERBOOK] visiting LevelOrderBookLevel(price=43,quantity=134)
22:53:36.748 [main] INFO  c.o.v.MutatingMatchOneMarketDataOrderVisitor - [ORDERBOOK] Can't match order:MktData(price=43,quantity=134)(MktData(price=98,quantity=154))
22:53:36.748 [main] INFO  c.o.v.MutatingRemoveAllMarketDataOrdersVisitor - [ORDERBOOK] Removing market data order:MktData(price=98,quantity=501)
22:53:36.748 [main] INFO  c.o.v.MutatingRemoveAllMarketDataOrdersVisitor - [ORDERBOOK] Removing level:98
22:53:36.749 [main] INFO  c.o.v.MutatingRemoveAllMarketDataOrdersVisitor - [ORDERBOOK] Removing market data order:MktData(price=101,quantity=200)
22:53:36.749 [main] INFO  c.o.v.MutatingRemoveAllMarketDataOrdersVisitor - [ORDERBOOK] Removing level:101
22:53:36.749 [main] INFO  c.o.v.MutatingRemoveAllMarketDataOrdersVisitor - [ORDERBOOK] Removing market data order:MktData(price=110,quantity=5000)
22:53:36.749 [main] INFO  c.o.v.MutatingRemoveAllMarketDataOrdersVisitor - [ORDERBOOK] Removing level:110
22:53:36.749 [main] INFO  c.o.v.MutatingRemoveAllMarketDataOrdersVisitor - [ORDERBOOK] Removing market data order:MktData(price=119,quantity=5600)
22:53:36.749 [main] INFO  c.o.v.MutatingRemoveAllMarketDataOrdersVisitor - [ORDERBOOK] Removing level:119
22:53:36.749 [main] INFO  c.o.v.MutatingRemoveAllMarketDataOrdersVisitor - [ORDERBOOK] Removing market data order:MktData(price=123,quantity=453)
22:53:36.749 [main] INFO  c.o.v.MutatingRemoveAllMarketDataOrdersVisitor - [ORDERBOOK] Removing level:123
22:53:36.749 [main] INFO  c.o.v.MutatingRemoveAllMarketDataOrdersVisitor - [ORDERBOOK] Removing market data order:MktData(price=144,quantity=645)
22:53:36.749 [main] INFO  c.o.v.MutatingRemoveAllMarketDataOrdersVisitor - [ORDERBOOK] Removing level:144
22:53:36.749 [main] INFO  c.o.v.MutatingRemoveAllMarketDataOrdersVisitor - [ORDERBOOK] Removing market data order:MktData(price=167,quantity=665)
22:53:36.749 [main] INFO  c.o.v.MutatingRemoveAllMarketDataOrdersVisitor - [ORDERBOOK] Removing level:167
22:53:36.749 [main] DEBUG c.orderbook.OrderBook - [ORDERBOOK] ASK: Adding orderMktData(price=98,quantity=501)
22:53:36.749 [main] DEBUG c.orderbook.OrderBook - [ORDERBOOK] ASK: Adding orderMktData(price=101,quantity=200)
22:53:36.749 [main] DEBUG c.orderbook.OrderBook - [ORDERBOOK] ASK: Adding orderMktData(price=110,quantity=5000)
22:53:36.749 [main] DEBUG c.orderbook.OrderBook - [ORDERBOOK] ASK: Adding orderMktData(price=119,quantity=5600)
22:53:36.750 [main] DEBUG c.orderbook.OrderBook - [ORDERBOOK] ASK: Adding orderMktData(price=123,quantity=453)
22:53:36.750 [main] DEBUG c.orderbook.OrderBook - [ORDERBOOK] ASK: Adding orderMktData(price=144,quantity=645)
22:53:36.750 [main] DEBUG c.orderbook.OrderBook - [ORDERBOOK] ASK: Adding orderMktData(price=167,quantity=665)
22:53:36.750 [main] DEBUG c.service.MarketDataService - [ALGO] BID: price:43 quantity:134
22:53:36.750 [main] DEBUG c.service.MarketDataService - [ALGO] BID: price:76 quantity:145
22:53:36.750 [main] DEBUG c.service.MarketDataService - [ALGO] BID: price:91 quantity:300
22:53:36.750 [main] DEBUG c.service.MarketDataService - [ALGO] BID: price:93 quantity:200
22:53:36.750 [main] DEBUG c.service.MarketDataService - [ALGO] BID: price:95 quantity:100
22:53:36.750 [main] DEBUG c.service.MarketDataService - [ALGO] BID: price:98 quantity:154
22:53:36.750 [main] DEBUG c.service.MarketDataService - [ALGO] ASK: price:98 quantity:501
22:53:36.750 [main] DEBUG c.service.MarketDataService - [ALGO] ASK: price:101 quantity:200
22:53:36.751 [main] DEBUG c.service.MarketDataService - [ALGO] ASK: price:110 quantity:5000
22:53:36.751 [main] DEBUG c.service.MarketDataService - [ALGO] ASK: price:119 quantity:5600
22:53:36.751 [main] DEBUG c.service.MarketDataService - [ALGO] ASK: price:123 quantity:453
22:53:36.751 [main] DEBUG c.service.MarketDataService - [ALGO] ASK: price:144 quantity:645
22:53:36.751 [main] DEBUG c.service.MarketDataService - [ALGO] ASK: price:167 quantity:665
22:53:36.751 [main] INFO  c.gettingstarted.MyAlgoLogic - [MYALGO] The state of the order book is:
|----BID-----||----ASK----|
    134 @ 43    501 @ 98
    145 @ 76   200 @ 101
    300 @ 91  5000 @ 110
    200 @ 93  5600 @ 119
    100 @ 95   453 @ 123
    154 @ 98   645 @ 144
          -    665 @ 167
|------------||-----------|

22:53:36.752 [main] INFO  c.gettingstarted.MyAlgoLogic - [MYALGO] Algo Sees Book as: 
|----BID-----||----ASK----|
    134 @ 43    501 @ 98
    145 @ 76   200 @ 101
    300 @ 91  5000 @ 110
    200 @ 93  5600 @ 119
    100 @ 95   453 @ 123
    154 @ 98   645 @ 144
          -    665 @ 167
|------------||-----------|

22:53:36.752 [main] INFO  c.gettingstarted.TimedLogic - [TIMEDLOGIC] Market is closed
22:53:36.752 [main] INFO  c.sequencer.consumer.LoggingConsumer - [6] 
|----BID-----|
    134 @ 43
    145 @ 76
    300 @ 91
    200 @ 93
    100 @ 95
    154 @ 98
|----ASK-----|
    501 @ 98
   200 @ 101
  5000 @ 110
  5600 @ 119
   453 @ 123
   645 @ 144
   665 @ 167

22:53:36.752 [main] INFO  c.orderbook.OrderBook - [ORDERBOOK] Processing Mkt Data Update
22:53:36.752 [main] INFO  c.o.v.MutatingRemoveAllMarketDataOrdersVisitor - [ORDERBOOK] Removing market data order:MktData(price=43,quantity=134)
22:53:36.752 [main] INFO  c.o.v.MutatingRemoveAllMarketDataOrdersVisitor - [ORDERBOOK] Removing level:43
22:53:36.753 [main] DEBUG c.orderbook.OrderBook - [ORDERBOOK] ASK: Adding orderMktData(price=43,quantity=134)
22:53:36.754 [main] DEBUG c.orderbook.OrderBook - [ORDERBOOK] ASK: Adding orderMktData(price=76,quantity=145)
22:53:36.754 [main] DEBUG c.orderbook.OrderBook - [ORDERBOOK] ASK: Adding orderMktData(price=91,quantity=300)
22:53:36.754 [main] DEBUG c.orderbook.OrderBook - [ORDERBOOK] ASK: Adding orderMktData(price=93,quantity=200)
22:53:36.754 [main] DEBUG c.orderbook.OrderBook - [ORDERBOOK] ASK: Adding orderMktData(price=95,quantity=100)
22:53:36.754 [main] DEBUG c.orderbook.OrderBook - [ORDERBOOK] ASK: Adding orderMktData(price=98,quantity=154)
22:53:36.754 [main] INFO  c.o.v.MutatingMatchOneMarketDataOrderVisitor - [ORDERBOOK] visiting LevelOrderBookLevel(price=43,quantity=134)
22:53:36.754 [main] INFO  c.o.v.MutatingMatchOneMarketDataOrderVisitor - [ORDERBOOK] Can't match order:MktData(price=43,quantity=134)(MktData(price=98,quantity=154))
22:53:36.754 [main] INFO  c.o.v.MutatingRemoveAllMarketDataOrdersVisitor - [ORDERBOOK] Removing market data order:MktData(price=98,quantity=501)
22:53:36.754 [main] INFO  c.o.v.MutatingRemoveAllMarketDataOrdersVisitor - [ORDERBOOK] Removing level:98
22:53:36.754 [main] INFO  c.o.v.MutatingRemoveAllMarketDataOrdersVisitor - [ORDERBOOK] Removing market data order:MktData(price=101,quantity=200)
22:53:36.754 [main] INFO  c.o.v.MutatingRemoveAllMarketDataOrdersVisitor - [ORDERBOOK] Removing level:101
22:53:36.754 [main] INFO  c.o.v.MutatingRemoveAllMarketDataOrdersVisitor - [ORDERBOOK] Removing market data order:MktData(price=110,quantity=5000)
22:53:36.754 [main] INFO  c.o.v.MutatingRemoveAllMarketDataOrdersVisitor - [ORDERBOOK] Removing level:110
22:53:36.754 [main] INFO  c.o.v.MutatingRemoveAllMarketDataOrdersVisitor - [ORDERBOOK] Removing market data order:MktData(price=119,quantity=5600)
22:53:36.754 [main] INFO  c.o.v.MutatingRemoveAllMarketDataOrdersVisitor - [ORDERBOOK] Removing level:119
22:53:36.755 [main] INFO  c.o.v.MutatingRemoveAllMarketDataOrdersVisitor - [ORDERBOOK] Removing market data order:MktData(price=123,quantity=453)
22:53:36.755 [main] INFO  c.o.v.MutatingRemoveAllMarketDataOrdersVisitor - [ORDERBOOK] Removing level:123
22:53:36.755 [main] INFO  c.o.v.MutatingRemoveAllMarketDataOrdersVisitor - [ORDERBOOK] Removing market data order:MktData(price=144,quantity=645)
22:53:36.755 [main] INFO  c.o.v.MutatingRemoveAllMarketDataOrdersVisitor - [ORDERBOOK] Removing level:144
22:53:36.755 [main] INFO  c.o.v.MutatingRemoveAllMarketDataOrdersVisitor - [ORDERBOOK] Removing market data order:MktData(price=167,quantity=665)
22:53:36.755 [main] INFO  c.o.v.MutatingRemoveAllMarketDataOrdersVisitor - [ORDERBOOK] Removing level:167
22:53:36.755 [main] DEBUG c.orderbook.OrderBook - [ORDERBOOK] ASK: Adding orderMktData(price=98,quantity=501)
22:53:36.756 [main] DEBUG c.orderbook.OrderBook - [ORDERBOOK] ASK: Adding orderMktData(price=101,quantity=200)
22:53:36.756 [main] DEBUG c.orderbook.OrderBook - [ORDERBOOK] ASK: Adding orderMktData(price=110,quantity=5000)
22:53:36.756 [main] DEBUG c.orderbook.OrderBook - [ORDERBOOK] ASK: Adding orderMktData(price=119,quantity=5600)
22:53:36.756 [main] DEBUG c.orderbook.OrderBook - [ORDERBOOK] ASK: Adding orderMktData(price=123,quantity=453)
22:53:36.756 [main] DEBUG c.orderbook.OrderBook - [ORDERBOOK] ASK: Adding orderMktData(price=144,quantity=645)
22:53:36.756 [main] DEBUG c.orderbook.OrderBook - [ORDERBOOK] ASK: Adding orderMktData(price=167,quantity=665)
22:53:36.756 [main] DEBUG c.service.MarketDataService - [ALGO] BID: price:43 quantity:134
22:53:36.756 [main] DEBUG c.service.MarketDataService - [ALGO] BID: price:76 quantity:145
22:53:36.756 [main] DEBUG c.service.MarketDataService - [ALGO] BID: price:91 quantity:300
22:53:36.756 [main] DEBUG c.service.MarketDataService - [ALGO] BID: price:93 quantity:200
22:53:36.756 [main] DEBUG c.service.MarketDataService - [ALGO] BID: price:95 quantity:100
22:53:36.756 [main] DEBUG c.service.MarketDataService - [ALGO] BID: price:98 quantity:154
22:53:36.756 [main] DEBUG c.service.MarketDataService - [ALGO] ASK: price:98 quantity:501
22:53:36.756 [main] DEBUG c.service.MarketDataService - [ALGO] ASK: price:101 quantity:200
22:53:36.756 [main] DEBUG c.service.MarketDataService - [ALGO] ASK: price:110 quantity:5000
22:53:36.756 [main] DEBUG c.service.MarketDataService - [ALGO] ASK: price:119 quantity:5600
22:53:36.756 [main] DEBUG c.service.MarketDataService - [ALGO] ASK: price:123 quantity:453
22:53:36.756 [main] DEBUG c.service.MarketDataService - [ALGO] ASK: price:144 quantity:645
22:53:36.756 [main] DEBUG c.service.MarketDataService - [ALGO] ASK: price:167 quantity:665
22:53:36.756 [main] INFO  c.gettingstarted.MyAlgoLogic - [MYALGO] The state of the order book is:
|----BID-----||----ASK----|
    134 @ 43    501 @ 98
    145 @ 76   200 @ 101
    300 @ 91  5000 @ 110
    200 @ 93  5600 @ 119
    100 @ 95   453 @ 123
    154 @ 98   645 @ 144
          -    665 @ 167
|------------||-----------|

22:53:36.756 [main] INFO  c.gettingstarted.MyAlgoLogic - [MYALGO] Algo Sees Book as: 
|----BID-----||----ASK----|
    134 @ 43    501 @ 98
    145 @ 76   200 @ 101
    300 @ 91  5000 @ 110
    200 @ 93  5600 @ 119
    100 @ 95   453 @ 123
    154 @ 98   645 @ 144
          -    665 @ 167
|------------||-----------|

22:53:36.757 [main] INFO  c.gettingstarted.TimedLogic - [TIMEDLOGIC] Market is closed
22:53:36.757 [main] INFO  c.sequencer.consumer.LoggingConsumer - [7] 
|----BID-----|
    134 @ 43
    145 @ 76
    300 @ 91
    200 @ 93
    100 @ 95
    154 @ 98
|----ASK-----|
    501 @ 98
   200 @ 101
  5000 @ 110
  5600 @ 119
   453 @ 123
   645 @ 144
   665 @ 167

22:53:36.757 [main] INFO  c.orderbook.OrderBook - [ORDERBOOK] Processing Mkt Data Update
22:53:36.757 [main] INFO  c.o.v.MutatingRemoveAllMarketDataOrdersVisitor - [ORDERBOOK] Removing market data order:MktData(price=43,quantity=134)
22:53:36.757 [main] INFO  c.o.v.MutatingRemoveAllMarketDataOrdersVisitor - [ORDERBOOK] Removing level:43
22:53:36.758 [main] DEBUG c.orderbook.OrderBook - [ORDERBOOK] ASK: Adding orderMktData(price=43,quantity=134)
22:53:36.758 [main] DEBUG c.orderbook.OrderBook - [ORDERBOOK] ASK: Adding orderMktData(price=76,quantity=145)
22:53:36.759 [main] DEBUG c.orderbook.OrderBook - [ORDERBOOK] ASK: Adding orderMktData(price=91,quantity=300)
22:53:36.759 [main] DEBUG c.orderbook.OrderBook - [ORDERBOOK] ASK: Adding orderMktData(price=93,quantity=200)
22:53:36.759 [main] DEBUG c.orderbook.OrderBook - [ORDERBOOK] ASK: Adding orderMktData(price=95,quantity=100)
22:53:36.759 [main] DEBUG c.orderbook.OrderBook - [ORDERBOOK] ASK: Adding orderMktData(price=98,quantity=154)
22:53:36.759 [main] INFO  c.o.v.MutatingMatchOneMarketDataOrderVisitor - [ORDERBOOK] visiting LevelOrderBookLevel(price=43,quantity=134)
22:53:36.759 [main] INFO  c.o.v.MutatingMatchOneMarketDataOrderVisitor - [ORDERBOOK] Can't match order:MktData(price=43,quantity=134)(MktData(price=98,quantity=154))
22:53:36.759 [main] INFO  c.o.v.MutatingRemoveAllMarketDataOrdersVisitor - [ORDERBOOK] Removing market data order:MktData(price=98,quantity=501)
22:53:36.760 [main] INFO  c.o.v.MutatingRemoveAllMarketDataOrdersVisitor - [ORDERBOOK] Removing level:98
22:53:36.760 [main] INFO  c.o.v.MutatingRemoveAllMarketDataOrdersVisitor - [ORDERBOOK] Removing market data order:MktData(price=101,quantity=200)
22:53:36.760 [main] INFO  c.o.v.MutatingRemoveAllMarketDataOrdersVisitor - [ORDERBOOK] Removing level:101
22:53:36.760 [main] INFO  c.o.v.MutatingRemoveAllMarketDataOrdersVisitor - [ORDERBOOK] Removing market data order:MktData(price=110,quantity=5000)
22:53:36.760 [main] INFO  c.o.v.MutatingRemoveAllMarketDataOrdersVisitor - [ORDERBOOK] Removing level:110
22:53:36.760 [main] INFO  c.o.v.MutatingRemoveAllMarketDataOrdersVisitor - [ORDERBOOK] Removing market data order:MktData(price=119,quantity=5600)
22:53:36.760 [main] INFO  c.o.v.MutatingRemoveAllMarketDataOrdersVisitor - [ORDERBOOK] Removing level:119
22:53:36.760 [main] INFO  c.o.v.MutatingRemoveAllMarketDataOrdersVisitor - [ORDERBOOK] Removing market data order:MktData(price=123,quantity=453)
22:53:36.760 [main] INFO  c.o.v.MutatingRemoveAllMarketDataOrdersVisitor - [ORDERBOOK] Removing level:123
22:53:36.760 [main] INFO  c.o.v.MutatingRemoveAllMarketDataOrdersVisitor - [ORDERBOOK] Removing market data order:MktData(price=144,quantity=645)
22:53:36.760 [main] INFO  c.o.v.MutatingRemoveAllMarketDataOrdersVisitor - [ORDERBOOK] Removing level:144
22:53:36.760 [main] INFO  c.o.v.MutatingRemoveAllMarketDataOrdersVisitor - [ORDERBOOK] Removing market data order:MktData(price=167,quantity=665)
22:53:36.760 [main] INFO  c.o.v.MutatingRemoveAllMarketDataOrdersVisitor - [ORDERBOOK] Removing level:167
22:53:36.761 [main] DEBUG c.orderbook.OrderBook - [ORDERBOOK] ASK: Adding orderMktData(price=98,quantity=501)
22:53:36.761 [main] DEBUG c.orderbook.OrderBook - [ORDERBOOK] ASK: Adding orderMktData(price=101,quantity=200)
22:53:36.761 [main] DEBUG c.orderbook.OrderBook - [ORDERBOOK] ASK: Adding orderMktData(price=110,quantity=5000)
22:53:36.761 [main] DEBUG c.orderbook.OrderBook - [ORDERBOOK] ASK: Adding orderMktData(price=119,quantity=5600)
22:53:36.761 [main] DEBUG c.orderbook.OrderBook - [ORDERBOOK] ASK: Adding orderMktData(price=123,quantity=453)
22:53:36.761 [main] DEBUG c.orderbook.OrderBook - [ORDERBOOK] ASK: Adding orderMktData(price=144,quantity=645)
22:53:36.761 [main] DEBUG c.orderbook.OrderBook - [ORDERBOOK] ASK: Adding orderMktData(price=167,quantity=665)
22:53:36.761 [main] DEBUG c.service.MarketDataService - [ALGO] BID: price:43 quantity:134
22:53:36.761 [main] DEBUG c.service.MarketDataService - [ALGO] BID: price:76 quantity:145
22:53:36.761 [main] DEBUG c.service.MarketDataService - [ALGO] BID: price:91 quantity:300
22:53:36.761 [main] DEBUG c.service.MarketDataService - [ALGO] BID: price:93 quantity:200
22:53:36.761 [main] DEBUG c.service.MarketDataService - [ALGO] BID: price:95 quantity:100
22:53:36.761 [main] DEBUG c.service.MarketDataService - [ALGO] BID: price:98 quantity:154
22:53:36.761 [main] DEBUG c.service.MarketDataService - [ALGO] ASK: price:98 quantity:501
22:53:36.761 [main] DEBUG c.service.MarketDataService - [ALGO] ASK: price:101 quantity:200
22:53:36.761 [main] DEBUG c.service.MarketDataService - [ALGO] ASK: price:110 quantity:5000
22:53:36.761 [main] DEBUG c.service.MarketDataService - [ALGO] ASK: price:119 quantity:5600
22:53:36.762 [main] DEBUG c.service.MarketDataService - [ALGO] ASK: price:123 quantity:453
22:53:36.762 [main] DEBUG c.service.MarketDataService - [ALGO] ASK: price:144 quantity:645
22:53:36.762 [main] DEBUG c.service.MarketDataService - [ALGO] ASK: price:167 quantity:665
22:53:36.763 [main] INFO  c.gettingstarted.MyAlgoLogic - [MYALGO] The state of the order book is:
|----BID-----||----ASK----|
    134 @ 43    501 @ 98
    145 @ 76   200 @ 101
    300 @ 91  5000 @ 110
    200 @ 93  5600 @ 119
    100 @ 95   453 @ 123
    154 @ 98   645 @ 144
          -    665 @ 167
|------------||-----------|

22:53:36.763 [main] INFO  c.gettingstarted.MyAlgoLogic - [MYALGO] Algo Sees Book as: 
|----BID-----||----ASK----|
    134 @ 43    501 @ 98
    145 @ 76   200 @ 101
    300 @ 91  5000 @ 110
    200 @ 93  5600 @ 119
    100 @ 95   453 @ 123
    154 @ 98   645 @ 144
          -    665 @ 167
|------------||-----------|

22:53:36.763 [main] INFO  c.gettingstarted.TimedLogic - [TIMEDLOGIC] Market is closed
22:53:36.764 [main] INFO  c.sequencer.consumer.LoggingConsumer - [8] 
|----BID-----|
    134 @ 43
    145 @ 76
    300 @ 91
    200 @ 93
    100 @ 95
    154 @ 98
|----ASK-----|
    501 @ 98
   200 @ 101
  5000 @ 110
  5600 @ 119
   453 @ 123
   645 @ 144
   665 @ 167

22:53:36.764 [main] INFO  c.orderbook.OrderBook - [ORDERBOOK] Processing Mkt Data Update
22:53:36.764 [main] INFO  c.o.v.MutatingRemoveAllMarketDataOrdersVisitor - [ORDERBOOK] Removing market data order:MktData(price=43,quantity=134)
22:53:36.764 [main] INFO  c.o.v.MutatingRemoveAllMarketDataOrdersVisitor - [ORDERBOOK] Removing level:43
22:53:36.764 [main] DEBUG c.orderbook.OrderBook - [ORDERBOOK] ASK: Adding orderMktData(price=43,quantity=134)
22:53:36.764 [main] DEBUG c.orderbook.OrderBook - [ORDERBOOK] ASK: Adding orderMktData(price=76,quantity=145)
22:53:36.764 [main] DEBUG c.orderbook.OrderBook - [ORDERBOOK] ASK: Adding orderMktData(price=91,quantity=300)
22:53:36.764 [main] DEBUG c.orderbook.OrderBook - [ORDERBOOK] ASK: Adding orderMktData(price=93,quantity=200)
22:53:36.764 [main] DEBUG c.orderbook.OrderBook - [ORDERBOOK] ASK: Adding orderMktData(price=95,quantity=100)
22:53:36.764 [main] DEBUG c.orderbook.OrderBook - [ORDERBOOK] ASK: Adding orderMktData(price=98,quantity=154)
22:53:36.764 [main] INFO  c.o.v.MutatingMatchOneMarketDataOrderVisitor - [ORDERBOOK] visiting LevelOrderBookLevel(price=43,quantity=134)
22:53:36.764 [main] INFO  c.o.v.MutatingMatchOneMarketDataOrderVisitor - [ORDERBOOK] Can't match order:MktData(price=43,quantity=134)(MktData(price=98,quantity=154))
22:53:36.764 [main] INFO  c.o.v.MutatingRemoveAllMarketDataOrdersVisitor - [ORDERBOOK] Removing market data order:MktData(price=98,quantity=501)
22:53:36.764 [main] INFO  c.o.v.MutatingRemoveAllMarketDataOrdersVisitor - [ORDERBOOK] Removing level:98
22:53:36.765 [main] INFO  c.o.v.MutatingRemoveAllMarketDataOrdersVisitor - [ORDERBOOK] Removing market data order:MktData(price=101,quantity=200)
22:53:36.765 [main] INFO  c.o.v.MutatingRemoveAllMarketDataOrdersVisitor - [ORDERBOOK] Removing level:101
22:53:36.765 [main] INFO  c.o.v.MutatingRemoveAllMarketDataOrdersVisitor - [ORDERBOOK] Removing market data order:MktData(price=110,quantity=5000)
22:53:36.765 [main] INFO  c.o.v.MutatingRemoveAllMarketDataOrdersVisitor - [ORDERBOOK] Removing level:110
22:53:36.765 [main] INFO  c.o.v.MutatingRemoveAllMarketDataOrdersVisitor - [ORDERBOOK] Removing market data order:MktData(price=119,quantity=5600)
22:53:36.765 [main] INFO  c.o.v.MutatingRemoveAllMarketDataOrdersVisitor - [ORDERBOOK] Removing level:119
22:53:36.765 [main] INFO  c.o.v.MutatingRemoveAllMarketDataOrdersVisitor - [ORDERBOOK] Removing market data order:MktData(price=123,quantity=453)
22:53:36.765 [main] INFO  c.o.v.MutatingRemoveAllMarketDataOrdersVisitor - [ORDERBOOK] Removing level:123
22:53:36.765 [main] INFO  c.o.v.MutatingRemoveAllMarketDataOrdersVisitor - [ORDERBOOK] Removing market data order:MktData(price=144,quantity=645)
22:53:36.765 [main] INFO  c.o.v.MutatingRemoveAllMarketDataOrdersVisitor - [ORDERBOOK] Removing level:144
22:53:36.765 [main] INFO  c.o.v.MutatingRemoveAllMarketDataOrdersVisitor - [ORDERBOOK] Removing market data order:MktData(price=167,quantity=665)
22:53:36.765 [main] INFO  c.o.v.MutatingRemoveAllMarketDataOrdersVisitor - [ORDERBOOK] Removing level:167
22:53:36.765 [main] DEBUG c.orderbook.OrderBook - [ORDERBOOK] ASK: Adding orderMktData(price=98,quantity=501)
22:53:36.766 [main] DEBUG c.orderbook.OrderBook - [ORDERBOOK] ASK: Adding orderMktData(price=101,quantity=200)
22:53:36.766 [main] DEBUG c.orderbook.OrderBook - [ORDERBOOK] ASK: Adding orderMktData(price=110,quantity=5000)
22:53:36.766 [main] DEBUG c.orderbook.OrderBook - [ORDERBOOK] ASK: Adding orderMktData(price=119,quantity=5600)
22:53:36.766 [main] DEBUG c.orderbook.OrderBook - [ORDERBOOK] ASK: Adding orderMktData(price=123,quantity=453)
22:53:36.766 [main] DEBUG c.orderbook.OrderBook - [ORDERBOOK] ASK: Adding orderMktData(price=144,quantity=645)
22:53:36.767 [main] DEBUG c.orderbook.OrderBook - [ORDERBOOK] ASK: Adding orderMktData(price=167,quantity=665)
22:53:36.767 [main] DEBUG c.service.MarketDataService - [ALGO] BID: price:43 quantity:134
22:53:36.768 [main] DEBUG c.service.MarketDataService - [ALGO] BID: price:76 quantity:145
22:53:36.768 [main] DEBUG c.service.MarketDataService - [ALGO] BID: price:91 quantity:300
22:53:36.768 [main] DEBUG c.service.MarketDataService - [ALGO] BID: price:93 quantity:200
22:53:36.768 [main] DEBUG c.service.MarketDataService - [ALGO] BID: price:95 quantity:100
22:53:36.768 [main] DEBUG c.service.MarketDataService - [ALGO] BID: price:98 quantity:154
22:53:36.768 [main] DEBUG c.service.MarketDataService - [ALGO] ASK: price:98 quantity:501
22:53:36.768 [main] DEBUG c.service.MarketDataService - [ALGO] ASK: price:101 quantity:200
22:53:36.768 [main] DEBUG c.service.MarketDataService - [ALGO] ASK: price:110 quantity:5000
22:53:36.768 [main] DEBUG c.service.MarketDataService - [ALGO] ASK: price:119 quantity:5600
22:53:36.768 [main] DEBUG c.service.MarketDataService - [ALGO] ASK: price:123 quantity:453
22:53:36.768 [main] DEBUG c.service.MarketDataService - [ALGO] ASK: price:144 quantity:645
22:53:36.768 [main] DEBUG c.service.MarketDataService - [ALGO] ASK: price:167 quantity:665
22:53:36.769 [main] INFO  c.gettingstarted.MyAlgoLogic - [MYALGO] The state of the order book is:
|----BID-----||----ASK----|
    134 @ 43    501 @ 98
    145 @ 76   200 @ 101
    300 @ 91  5000 @ 110
    200 @ 93  5600 @ 119
    100 @ 95   453 @ 123
    154 @ 98   645 @ 144
          -    665 @ 167
|------------||-----------|

22:53:36.773 [main] INFO  c.gettingstarted.MyAlgoLogic - [MYALGO] Algo Sees Book as: 
|----BID-----||----ASK----|
    134 @ 43    501 @ 98
    145 @ 76   200 @ 101
    300 @ 91  5000 @ 110
    200 @ 93  5600 @ 119
    100 @ 95   453 @ 123
    154 @ 98   645 @ 144
          -    665 @ 167
|------------||-----------|

22:53:36.773 [main] INFO  c.gettingstarted.TimedLogic - [TIMEDLOGIC] Market is closed
22:53:36.773 [main] INFO  c.sequencer.consumer.LoggingConsumer - [9] 
|----BID-----|
    134 @ 43
    145 @ 76
    300 @ 91
    200 @ 93
    100 @ 95
    154 @ 98
|----ASK-----|
    501 @ 98
   200 @ 101
  5000 @ 110
  5600 @ 119
   453 @ 123
   645 @ 144
   665 @ 167

22:53:36.773 [main] INFO  c.orderbook.OrderBook - [ORDERBOOK] Processing Mkt Data Update
22:53:36.773 [main] INFO  c.o.v.MutatingRemoveAllMarketDataOrdersVisitor - [ORDERBOOK] Removing market data order:MktData(price=43,quantity=134)
22:53:36.777 [main] INFO  c.o.v.MutatingRemoveAllMarketDataOrdersVisitor - [ORDERBOOK] Removing level:43
22:53:36.777 [main] DEBUG c.orderbook.OrderBook - [ORDERBOOK] ASK: Adding orderMktData(price=43,quantity=134)
22:53:36.777 [main] DEBUG c.orderbook.OrderBook - [ORDERBOOK] ASK: Adding orderMktData(price=76,quantity=145)
22:53:36.777 [main] DEBUG c.orderbook.OrderBook - [ORDERBOOK] ASK: Adding orderMktData(price=91,quantity=300)
22:53:36.777 [main] DEBUG c.orderbook.OrderBook - [ORDERBOOK] ASK: Adding orderMktData(price=93,quantity=200)
22:53:36.778 [main] DEBUG c.orderbook.OrderBook - [ORDERBOOK] ASK: Adding orderMktData(price=95,quantity=100)
22:53:36.778 [main] DEBUG c.orderbook.OrderBook - [ORDERBOOK] ASK: Adding orderMktData(price=98,quantity=154)
22:53:36.778 [main] INFO  c.o.v.MutatingMatchOneMarketDataOrderVisitor - [ORDERBOOK] visiting LevelOrderBookLevel(price=43,quantity=134)
22:53:36.778 [main] INFO  c.o.v.MutatingMatchOneMarketDataOrderVisitor - [ORDERBOOK] Can't match order:MktData(price=43,quantity=134)(MktData(price=98,quantity=154))
22:53:36.778 [main] INFO  c.o.v.MutatingRemoveAllMarketDataOrdersVisitor - [ORDERBOOK] Removing market data order:MktData(price=98,quantity=501)
22:53:36.778 [main] INFO  c.o.v.MutatingRemoveAllMarketDataOrdersVisitor - [ORDERBOOK] Removing level:98
22:53:36.778 [main] INFO  c.o.v.MutatingRemoveAllMarketDataOrdersVisitor - [ORDERBOOK] Removing market data order:MktData(price=101,quantity=200)
22:53:36.778 [main] INFO  c.o.v.MutatingRemoveAllMarketDataOrdersVisitor - [ORDERBOOK] Removing level:101
22:53:36.778 [main] INFO  c.o.v.MutatingRemoveAllMarketDataOrdersVisitor - [ORDERBOOK] Removing market data order:MktData(price=110,quantity=5000)
22:53:36.779 [main] INFO  c.o.v.MutatingRemoveAllMarketDataOrdersVisitor - [ORDERBOOK] Removing level:110
22:53:36.779 [main] INFO  c.o.v.MutatingRemoveAllMarketDataOrdersVisitor - [ORDERBOOK] Removing market data order:MktData(price=119,quantity=5600)
22:53:36.779 [main] INFO  c.o.v.MutatingRemoveAllMarketDataOrdersVisitor - [ORDERBOOK] Removing level:119
22:53:36.779 [main] INFO  c.o.v.MutatingRemoveAllMarketDataOrdersVisitor - [ORDERBOOK] Removing market data order:MktData(price=123,quantity=453)
22:53:36.779 [main] INFO  c.o.v.MutatingRemoveAllMarketDataOrdersVisitor - [ORDERBOOK] Removing level:123
22:53:36.779 [main] INFO  c.o.v.MutatingRemoveAllMarketDataOrdersVisitor - [ORDERBOOK] Removing market data order:MktData(price=144,quantity=645)
22:53:36.779 [main] INFO  c.o.v.MutatingRemoveAllMarketDataOrdersVisitor - [ORDERBOOK] Removing level:144
22:53:36.779 [main] INFO  c.o.v.MutatingRemoveAllMarketDataOrdersVisitor - [ORDERBOOK] Removing market data order:MktData(price=167,quantity=665)
22:53:36.779 [main] INFO  c.o.v.MutatingRemoveAllMarketDataOrdersVisitor - [ORDERBOOK] Removing level:167
22:53:36.779 [main] DEBUG c.orderbook.OrderBook - [ORDERBOOK] ASK: Adding orderMktData(price=98,quantity=501)
22:53:36.780 [main] DEBUG c.orderbook.OrderBook - [ORDERBOOK] ASK: Adding orderMktData(price=101,quantity=200)
22:53:36.780 [main] DEBUG c.orderbook.OrderBook - [ORDERBOOK] ASK: Adding orderMktData(price=110,quantity=5000)
22:53:36.781 [main] DEBUG c.orderbook.OrderBook - [ORDERBOOK] ASK: Adding orderMktData(price=119,quantity=5600)
22:53:36.781 [main] DEBUG c.orderbook.OrderBook - [ORDERBOOK] ASK: Adding orderMktData(price=123,quantity=453)
22:53:36.781 [main] DEBUG c.orderbook.OrderBook - [ORDERBOOK] ASK: Adding orderMktData(price=144,quantity=645)
22:53:36.781 [main] DEBUG c.orderbook.OrderBook - [ORDERBOOK] ASK: Adding orderMktData(price=167,quantity=665)
22:53:36.781 [main] DEBUG c.service.MarketDataService - [ALGO] BID: price:43 quantity:134
22:53:36.781 [main] DEBUG c.service.MarketDataService - [ALGO] BID: price:76 quantity:145
22:53:36.781 [main] DEBUG c.service.MarketDataService - [ALGO] BID: price:91 quantity:300
22:53:36.781 [main] DEBUG c.service.MarketDataService - [ALGO] BID: price:93 quantity:200
22:53:36.781 [main] DEBUG c.service.MarketDataService - [ALGO] BID: price:95 quantity:100
22:53:36.781 [main] DEBUG c.service.MarketDataService - [ALGO] BID: price:98 quantity:154
22:53:36.781 [main] DEBUG c.service.MarketDataService - [ALGO] ASK: price:98 quantity:501
22:53:36.781 [main] DEBUG c.service.MarketDataService - [ALGO] ASK: price:101 quantity:200
22:53:36.781 [main] DEBUG c.service.MarketDataService - [ALGO] ASK: price:110 quantity:5000
22:53:36.781 [main] DEBUG c.service.MarketDataService - [ALGO] ASK: price:119 quantity:5600
22:53:36.782 [main] DEBUG c.service.MarketDataService - [ALGO] ASK: price:123 quantity:453
22:53:36.782 [main] DEBUG c.service.MarketDataService - [ALGO] ASK: price:144 quantity:645
22:53:36.782 [main] DEBUG c.service.MarketDataService - [ALGO] ASK: price:167 quantity:665
22:53:36.782 [main] INFO  c.gettingstarted.MyAlgoLogic - [MYALGO] The state of the order book is:
|----BID-----||----ASK----|
    134 @ 43    501 @ 98
    145 @ 76   200 @ 101
    300 @ 91  5000 @ 110
    200 @ 93  5600 @ 119
    100 @ 95   453 @ 123
    154 @ 98   645 @ 144
          -    665 @ 167
|------------||-----------|

22:53:36.782 [main] INFO  c.gettingstarted.MyAlgoLogic - [MYALGO] Algo Sees Book as: 
|----BID-----||----ASK----|
    134 @ 43    501 @ 98
    145 @ 76   200 @ 101
    300 @ 91  5000 @ 110
    200 @ 93  5600 @ 119
    100 @ 95   453 @ 123
    154 @ 98   645 @ 144
          -    665 @ 167
|------------||-----------|

22:53:36.782 [main] INFO  c.gettingstarted.TimedLogic - [TIMEDLOGIC] Market is closed
22:53:36.783 [main] INFO  c.sequencer.consumer.LoggingConsumer - [10] 
|----BID-----|
    134 @ 43
    145 @ 76
    300 @ 91
    200 @ 93
    100 @ 95
    154 @ 98
|----ASK-----|
    501 @ 98
   200 @ 101
  5000 @ 110
  5600 @ 119
   453 @ 123
   645 @ 144
   665 @ 167

22:53:36.783 [main] INFO  c.orderbook.OrderBook - [ORDERBOOK] Processing Mkt Data Update
22:53:36.783 [main] INFO  c.o.v.MutatingRemoveAllMarketDataOrdersVisitor - [ORDERBOOK] Removing market data order:MktData(price=43,quantity=134)
22:53:36.783 [main] INFO  c.o.v.MutatingRemoveAllMarketDataOrdersVisitor - [ORDERBOOK] Removing level:43
22:53:36.783 [main] DEBUG c.orderbook.OrderBook - [ORDERBOOK] ASK: Adding orderMktData(price=43,quantity=134)
22:53:36.783 [main] DEBUG c.orderbook.OrderBook - [ORDERBOOK] ASK: Adding orderMktData(price=76,quantity=145)
22:53:36.783 [main] DEBUG c.orderbook.OrderBook - [ORDERBOOK] ASK: Adding orderMktData(price=91,quantity=300)
22:53:36.784 [main] DEBUG c.orderbook.OrderBook - [ORDERBOOK] ASK: Adding orderMktData(price=93,quantity=200)
22:53:36.784 [main] DEBUG c.orderbook.OrderBook - [ORDERBOOK] ASK: Adding orderMktData(price=95,quantity=100)
22:53:36.784 [main] DEBUG c.orderbook.OrderBook - [ORDERBOOK] ASK: Adding orderMktData(price=98,quantity=154)
22:53:36.784 [main] INFO  c.o.v.MutatingMatchOneMarketDataOrderVisitor - [ORDERBOOK] visiting LevelOrderBookLevel(price=43,quantity=134)
22:53:36.784 [main] INFO  c.o.v.MutatingMatchOneMarketDataOrderVisitor - [ORDERBOOK] Can't match order:MktData(price=43,quantity=134)(MktData(price=98,quantity=154))
22:53:36.785 [main] INFO  c.o.v.MutatingRemoveAllMarketDataOrdersVisitor - [ORDERBOOK] Removing market data order:MktData(price=98,quantity=501)
22:53:36.785 [main] INFO  c.o.v.MutatingRemoveAllMarketDataOrdersVisitor - [ORDERBOOK] Removing level:98
22:53:36.785 [main] INFO  c.o.v.MutatingRemoveAllMarketDataOrdersVisitor - [ORDERBOOK] Removing market data order:MktData(price=101,quantity=200)
22:53:36.785 [main] INFO  c.o.v.MutatingRemoveAllMarketDataOrdersVisitor - [ORDERBOOK] Removing level:101
22:53:36.785 [main] INFO  c.o.v.MutatingRemoveAllMarketDataOrdersVisitor - [ORDERBOOK] Removing market data order:MktData(price=110,quantity=5000)
22:53:36.785 [main] INFO  c.o.v.MutatingRemoveAllMarketDataOrdersVisitor - [ORDERBOOK] Removing level:110
22:53:36.785 [main] INFO  c.o.v.MutatingRemoveAllMarketDataOrdersVisitor - [ORDERBOOK] Removing market data order:MktData(price=119,quantity=5600)
22:53:36.785 [main] INFO  c.o.v.MutatingRemoveAllMarketDataOrdersVisitor - [ORDERBOOK] Removing level:119
22:53:36.785 [main] INFO  c.o.v.MutatingRemoveAllMarketDataOrdersVisitor - [ORDERBOOK] Removing market data order:MktData(price=123,quantity=453)
22:53:36.785 [main] INFO  c.o.v.MutatingRemoveAllMarketDataOrdersVisitor - [ORDERBOOK] Removing level:123
22:53:36.785 [main] INFO  c.o.v.MutatingRemoveAllMarketDataOrdersVisitor - [ORDERBOOK] Removing market data order:MktData(price=144,quantity=645)
22:53:36.785 [main] INFO  c.o.v.MutatingRemoveAllMarketDataOrdersVisitor - [ORDERBOOK] Removing level:144
22:53:36.785 [main] INFO  c.o.v.MutatingRemoveAllMarketDataOrdersVisitor - [ORDERBOOK] Removing market data order:MktData(price=167,quantity=665)
22:53:36.785 [main] INFO  c.o.v.MutatingRemoveAllMarketDataOrdersVisitor - [ORDERBOOK] Removing level:167
22:53:36.785 [main] DEBUG c.orderbook.OrderBook - [ORDERBOOK] ASK: Adding orderMktData(price=98,quantity=501)
22:53:36.785 [main] DEBUG c.orderbook.OrderBook - [ORDERBOOK] ASK: Adding orderMktData(price=101,quantity=200)
22:53:36.785 [main] DEBUG c.orderbook.OrderBook - [ORDERBOOK] ASK: Adding orderMktData(price=110,quantity=5000)
22:53:36.786 [main] DEBUG c.orderbook.OrderBook - [ORDERBOOK] ASK: Adding orderMktData(price=119,quantity=5600)
22:53:36.786 [main] DEBUG c.orderbook.OrderBook - [ORDERBOOK] ASK: Adding orderMktData(price=123,quantity=453)
22:53:36.786 [main] DEBUG c.orderbook.OrderBook - [ORDERBOOK] ASK: Adding orderMktData(price=144,quantity=645)
22:53:36.786 [main] DEBUG c.orderbook.OrderBook - [ORDERBOOK] ASK: Adding orderMktData(price=167,quantity=665)
22:53:36.786 [main] DEBUG c.service.MarketDataService - [ALGO] BID: price:43 quantity:134
22:53:36.786 [main] DEBUG c.service.MarketDataService - [ALGO] BID: price:76 quantity:145
22:53:36.786 [main] DEBUG c.service.MarketDataService - [ALGO] BID: price:91 quantity:300
22:53:36.786 [main] DEBUG c.service.MarketDataService - [ALGO] BID: price:93 quantity:200
22:53:36.786 [main] DEBUG c.service.MarketDataService - [ALGO] BID: price:95 quantity:100
22:53:36.786 [main] DEBUG c.service.MarketDataService - [ALGO] BID: price:98 quantity:154
22:53:36.786 [main] DEBUG c.service.MarketDataService - [ALGO] ASK: price:98 quantity:501
22:53:36.786 [main] DEBUG c.service.MarketDataService - [ALGO] ASK: price:101 quantity:200
22:53:36.787 [main] DEBUG c.service.MarketDataService - [ALGO] ASK: price:110 quantity:5000
22:53:36.787 [main] DEBUG c.service.MarketDataService - [ALGO] ASK: price:119 quantity:5600
22:53:36.787 [main] DEBUG c.service.MarketDataService - [ALGO] ASK: price:123 quantity:453
22:53:36.787 [main] DEBUG c.service.MarketDataService - [ALGO] ASK: price:144 quantity:645
22:53:36.787 [main] DEBUG c.service.MarketDataService - [ALGO] ASK: price:167 quantity:665
22:53:36.787 [main] INFO  c.gettingstarted.MyAlgoLogic - [MYALGO] The state of the order book is:
|----BID-----||----ASK----|
    134 @ 43    501 @ 98
    145 @ 76   200 @ 101
    300 @ 91  5000 @ 110
    200 @ 93  5600 @ 119
    100 @ 95   453 @ 123
    154 @ 98   645 @ 144
          -    665 @ 167
|------------||-----------|

22:53:36.788 [main] INFO  c.gettingstarted.MyAlgoLogic - [MYALGO] Algo Sees Book as: 
|----BID-----||----ASK----|
    134 @ 43    501 @ 98
    145 @ 76   200 @ 101
    300 @ 91  5000 @ 110
    200 @ 93  5600 @ 119
    100 @ 95   453 @ 123
    154 @ 98   645 @ 144
          -    665 @ 167
|------------||-----------|

22:53:36.788 [main] INFO  c.gettingstarted.TimedLogic - [TIMEDLOGIC] Market is closed
22:53:36.788 [main] INFO  c.sequencer.consumer.LoggingConsumer - [11] 
|----BID-----|
    134 @ 43
    145 @ 76
    300 @ 91
    200 @ 93
    100 @ 95
    154 @ 98
|----ASK-----|
    501 @ 98
   200 @ 101
  5000 @ 110
  5600 @ 119
   453 @ 123
   645 @ 144
   665 @ 167

22:53:36.788 [main] INFO  c.orderbook.OrderBook - [ORDERBOOK] Processing Mkt Data Update
22:53:36.788 [main] INFO  c.o.v.MutatingRemoveAllMarketDataOrdersVisitor - [ORDERBOOK] Removing market data order:MktData(price=43,quantity=134)
22:53:36.788 [main] INFO  c.o.v.MutatingRemoveAllMarketDataOrdersVisitor - [ORDERBOOK] Removing level:43
22:53:36.788 [main] DEBUG c.orderbook.OrderBook - [ORDERBOOK] ASK: Adding orderMktData(price=43,quantity=134)
22:53:36.788 [main] DEBUG c.orderbook.OrderBook - [ORDERBOOK] ASK: Adding orderMktData(price=76,quantity=145)
22:53:36.788 [main] DEBUG c.orderbook.OrderBook - [ORDERBOOK] ASK: Adding orderMktData(price=91,quantity=300)
22:53:36.788 [main] DEBUG c.orderbook.OrderBook - [ORDERBOOK] ASK: Adding orderMktData(price=93,quantity=200)
22:53:36.788 [main] DEBUG c.orderbook.OrderBook - [ORDERBOOK] ASK: Adding orderMktData(price=95,quantity=100)
22:53:36.788 [main] DEBUG c.orderbook.OrderBook - [ORDERBOOK] ASK: Adding orderMktData(price=98,quantity=154)
22:53:36.788 [main] INFO  c.o.v.MutatingMatchOneMarketDataOrderVisitor - [ORDERBOOK] visiting LevelOrderBookLevel(price=43,quantity=134)
22:53:36.788 [main] INFO  c.o.v.MutatingMatchOneMarketDataOrderVisitor - [ORDERBOOK] Can't match order:MktData(price=43,quantity=134)(MktData(price=98,quantity=154))
22:53:36.788 [main] INFO  c.o.v.MutatingRemoveAllMarketDataOrdersVisitor - [ORDERBOOK] Removing market data order:MktData(price=98,quantity=501)
22:53:36.788 [main] INFO  c.o.v.MutatingRemoveAllMarketDataOrdersVisitor - [ORDERBOOK] Removing level:98
22:53:36.788 [main] INFO  c.o.v.MutatingRemoveAllMarketDataOrdersVisitor - [ORDERBOOK] Removing market data order:MktData(price=101,quantity=200)
22:53:36.788 [main] INFO  c.o.v.MutatingRemoveAllMarketDataOrdersVisitor - [ORDERBOOK] Removing level:101
22:53:36.788 [main] INFO  c.o.v.MutatingRemoveAllMarketDataOrdersVisitor - [ORDERBOOK] Removing market data order:MktData(price=110,quantity=5000)
22:53:36.788 [main] INFO  c.o.v.MutatingRemoveAllMarketDataOrdersVisitor - [ORDERBOOK] Removing level:110
22:53:36.788 [main] INFO  c.o.v.MutatingRemoveAllMarketDataOrdersVisitor - [ORDERBOOK] Removing market data order:MktData(price=119,quantity=5600)
22:53:36.788 [main] INFO  c.o.v.MutatingRemoveAllMarketDataOrdersVisitor - [ORDERBOOK] Removing level:119
22:53:36.788 [main] INFO  c.o.v.MutatingRemoveAllMarketDataOrdersVisitor - [ORDERBOOK] Removing market data order:MktData(price=123,quantity=453)
22:53:36.788 [main] INFO  c.o.v.MutatingRemoveAllMarketDataOrdersVisitor - [ORDERBOOK] Removing level:123
22:53:36.788 [main] INFO  c.o.v.MutatingRemoveAllMarketDataOrdersVisitor - [ORDERBOOK] Removing market data order:MktData(price=144,quantity=645)
22:53:36.788 [main] INFO  c.o.v.MutatingRemoveAllMarketDataOrdersVisitor - [ORDERBOOK] Removing level:144
22:53:36.788 [main] INFO  c.o.v.MutatingRemoveAllMarketDataOrdersVisitor - [ORDERBOOK] Removing market data order:MktData(price=167,quantity=665)
22:53:36.788 [main] INFO  c.o.v.MutatingRemoveAllMarketDataOrdersVisitor - [ORDERBOOK] Removing level:167
22:53:36.788 [main] DEBUG c.orderbook.OrderBook - [ORDERBOOK] ASK: Adding orderMktData(price=98,quantity=501)
22:53:36.788 [main] DEBUG c.orderbook.OrderBook - [ORDERBOOK] ASK: Adding orderMktData(price=101,quantity=200)
22:53:36.788 [main] DEBUG c.orderbook.OrderBook - [ORDERBOOK] ASK: Adding orderMktData(price=110,quantity=5000)
22:53:36.788 [main] DEBUG c.orderbook.OrderBook - [ORDERBOOK] ASK: Adding orderMktData(price=119,quantity=5600)
22:53:36.788 [main] DEBUG c.orderbook.OrderBook - [ORDERBOOK] ASK: Adding orderMktData(price=123,quantity=453)
22:53:36.788 [main] DEBUG c.orderbook.OrderBook - [ORDERBOOK] ASK: Adding orderMktData(price=144,quantity=645)
22:53:36.792 [main] DEBUG c.orderbook.OrderBook - [ORDERBOOK] ASK: Adding orderMktData(price=167,quantity=665)
22:53:36.792 [main] DEBUG c.service.MarketDataService - [ALGO] BID: price:43 quantity:134
22:53:36.792 [main] DEBUG c.service.MarketDataService - [ALGO] BID: price:76 quantity:145
22:53:36.792 [main] DEBUG c.service.MarketDataService - [ALGO] BID: price:91 quantity:300
22:53:36.792 [main] DEBUG c.service.MarketDataService - [ALGO] BID: price:93 quantity:200
22:53:36.792 [main] DEBUG c.service.MarketDataService - [ALGO] BID: price:95 quantity:100
22:53:36.792 [main] DEBUG c.service.MarketDataService - [ALGO] BID: price:98 quantity:154
22:53:36.796 [main] DEBUG c.service.MarketDataService - [ALGO] ASK: price:98 quantity:501
22:53:36.796 [main] DEBUG c.service.MarketDataService - [ALGO] ASK: price:101 quantity:200
22:53:36.796 [main] DEBUG c.service.MarketDataService - [ALGO] ASK: price:110 quantity:5000
22:53:36.796 [main] DEBUG c.service.MarketDataService - [ALGO] ASK: price:119 quantity:5600
22:53:36.796 [main] DEBUG c.service.MarketDataService - [ALGO] ASK: price:123 quantity:453
22:53:36.796 [main] DEBUG c.service.MarketDataService - [ALGO] ASK: price:144 quantity:645
22:53:36.796 [main] DEBUG c.service.MarketDataService - [ALGO] ASK: price:167 quantity:665
22:53:36.796 [main] INFO  c.gettingstarted.MyAlgoLogic - [MYALGO] The state of the order book is:
|----BID-----||----ASK----|
    134 @ 43    501 @ 98
    145 @ 76   200 @ 101
    300 @ 91  5000 @ 110
    200 @ 93  5600 @ 119
    100 @ 95   453 @ 123
    154 @ 98   645 @ 144
          -    665 @ 167
|------------||-----------|

22:53:36.796 [main] INFO  c.gettingstarted.MyAlgoLogic - [MYALGO] Algo Sees Book as: 
|----BID-----||----ASK----|
    134 @ 43    501 @ 98
    145 @ 76   200 @ 101
    300 @ 91  5000 @ 110
    200 @ 93  5600 @ 119
    100 @ 95   453 @ 123
    154 @ 98   645 @ 144
          -    665 @ 167
|------------||-----------|

22:53:36.796 [main] INFO  c.gettingstarted.TimedLogic - [TIMEDLOGIC] Market is closed
22:53:36.797 [main] INFO  c.sequencer.consumer.LoggingConsumer - [12] 
|----BID-----|
    134 @ 43
    145 @ 76
    300 @ 91
    200 @ 93
    100 @ 95
    154 @ 98
|----ASK-----|
    501 @ 98
   200 @ 101
  5000 @ 110
  5600 @ 119
   453 @ 123
   645 @ 144
   665 @ 167

22:53:36.797 [main] INFO  c.orderbook.OrderBook - [ORDERBOOK] Processing Mkt Data Update
22:53:36.797 [main] INFO  c.o.v.MutatingRemoveAllMarketDataOrdersVisitor - [ORDERBOOK] Removing market data order:MktData(price=43,quantity=134)
22:53:36.797 [main] INFO  c.o.v.MutatingRemoveAllMarketDataOrdersVisitor - [ORDERBOOK] Removing level:43
22:53:36.798 [main] DEBUG c.orderbook.OrderBook - [ORDERBOOK] ASK: Adding orderMktData(price=43,quantity=134)
22:53:36.798 [main] DEBUG c.orderbook.OrderBook - [ORDERBOOK] ASK: Adding orderMktData(price=76,quantity=145)
22:53:36.798 [main] DEBUG c.orderbook.OrderBook - [ORDERBOOK] ASK: Adding orderMktData(price=91,quantity=300)
22:53:36.798 [main] DEBUG c.orderbook.OrderBook - [ORDERBOOK] ASK: Adding orderMktData(price=93,quantity=200)
22:53:36.798 [main] DEBUG c.orderbook.OrderBook - [ORDERBOOK] ASK: Adding orderMktData(price=95,quantity=100)
22:53:36.798 [main] DEBUG c.orderbook.OrderBook - [ORDERBOOK] ASK: Adding orderMktData(price=98,quantity=154)
22:53:36.798 [main] INFO  c.o.v.MutatingMatchOneMarketDataOrderVisitor - [ORDERBOOK] visiting LevelOrderBookLevel(price=43,quantity=134)
22:53:36.798 [main] INFO  c.o.v.MutatingMatchOneMarketDataOrderVisitor - [ORDERBOOK] Can't match order:MktData(price=43,quantity=134)(MktData(price=98,quantity=154))
22:53:36.798 [main] INFO  c.o.v.MutatingRemoveAllMarketDataOrdersVisitor - [ORDERBOOK] Removing market data order:MktData(price=98,quantity=501)
22:53:36.798 [main] INFO  c.o.v.MutatingRemoveAllMarketDataOrdersVisitor - [ORDERBOOK] Removing level:98
22:53:36.798 [main] INFO  c.o.v.MutatingRemoveAllMarketDataOrdersVisitor - [ORDERBOOK] Removing market data order:MktData(price=101,quantity=200)
22:53:36.798 [main] INFO  c.o.v.MutatingRemoveAllMarketDataOrdersVisitor - [ORDERBOOK] Removing level:101
22:53:36.798 [main] INFO  c.o.v.MutatingRemoveAllMarketDataOrdersVisitor - [ORDERBOOK] Removing market data order:MktData(price=110,quantity=5000)
22:53:36.798 [main] INFO  c.o.v.MutatingRemoveAllMarketDataOrdersVisitor - [ORDERBOOK] Removing level:110
22:53:36.798 [main] INFO  c.o.v.MutatingRemoveAllMarketDataOrdersVisitor - [ORDERBOOK] Removing market data order:MktData(price=119,quantity=5600)
22:53:36.798 [main] INFO  c.o.v.MutatingRemoveAllMarketDataOrdersVisitor - [ORDERBOOK] Removing level:119
22:53:36.798 [main] INFO  c.o.v.MutatingRemoveAllMarketDataOrdersVisitor - [ORDERBOOK] Removing market data order:MktData(price=123,quantity=453)
22:53:36.798 [main] INFO  c.o.v.MutatingRemoveAllMarketDataOrdersVisitor - [ORDERBOOK] Removing level:123
22:53:36.798 [main] INFO  c.o.v.MutatingRemoveAllMarketDataOrdersVisitor - [ORDERBOOK] Removing market data order:MktData(price=144,quantity=645)
22:53:36.798 [main] INFO  c.o.v.MutatingRemoveAllMarketDataOrdersVisitor - [ORDERBOOK] Removing level:144
22:53:36.798 [main] INFO  c.o.v.MutatingRemoveAllMarketDataOrdersVisitor - [ORDERBOOK] Removing market data order:MktData(price=167,quantity=665)
22:53:36.798 [main] INFO  c.o.v.MutatingRemoveAllMarketDataOrdersVisitor - [ORDERBOOK] Removing level:167
22:53:36.799 [main] DEBUG c.orderbook.OrderBook - [ORDERBOOK] ASK: Adding orderMktData(price=98,quantity=501)
22:53:36.800 [main] DEBUG c.orderbook.OrderBook - [ORDERBOOK] ASK: Adding orderMktData(price=101,quantity=200)
22:53:36.800 [main] DEBUG c.orderbook.OrderBook - [ORDERBOOK] ASK: Adding orderMktData(price=110,quantity=5000)
22:53:36.800 [main] DEBUG c.orderbook.OrderBook - [ORDERBOOK] ASK: Adding orderMktData(price=119,quantity=5600)
22:53:36.800 [main] DEBUG c.orderbook.OrderBook - [ORDERBOOK] ASK: Adding orderMktData(price=123,quantity=453)
22:53:36.800 [main] DEBUG c.orderbook.OrderBook - [ORDERBOOK] ASK: Adding orderMktData(price=144,quantity=645)
22:53:36.800 [main] DEBUG c.orderbook.OrderBook - [ORDERBOOK] ASK: Adding orderMktData(price=167,quantity=665)
22:53:36.800 [main] DEBUG c.service.MarketDataService - [ALGO] BID: price:43 quantity:134
22:53:36.800 [main] DEBUG c.service.MarketDataService - [ALGO] BID: price:76 quantity:145
22:53:36.800 [main] DEBUG c.service.MarketDataService - [ALGO] BID: price:91 quantity:300
22:53:36.800 [main] DEBUG c.service.MarketDataService - [ALGO] BID: price:93 quantity:200
22:53:36.800 [main] DEBUG c.service.MarketDataService - [ALGO] BID: price:95 quantity:100
22:53:36.800 [main] DEBUG c.service.MarketDataService - [ALGO] BID: price:98 quantity:154
22:53:36.800 [main] DEBUG c.service.MarketDataService - [ALGO] ASK: price:98 quantity:501
22:53:36.800 [main] DEBUG c.service.MarketDataService - [ALGO] ASK: price:101 quantity:200
22:53:36.800 [main] DEBUG c.service.MarketDataService - [ALGO] ASK: price:110 quantity:5000
22:53:36.800 [main] DEBUG c.service.MarketDataService - [ALGO] ASK: price:119 quantity:5600
22:53:36.800 [main] DEBUG c.service.MarketDataService - [ALGO] ASK: price:123 quantity:453
22:53:36.800 [main] DEBUG c.service.MarketDataService - [ALGO] ASK: price:144 quantity:645
22:53:36.800 [main] DEBUG c.service.MarketDataService - [ALGO] ASK: price:167 quantity:665
22:53:36.800 [main] INFO  c.gettingstarted.MyAlgoLogic - [MYALGO] The state of the order book is:
|----BID-----||----ASK----|
    134 @ 43    501 @ 98
    145 @ 76   200 @ 101
    300 @ 91  5000 @ 110
    200 @ 93  5600 @ 119
    100 @ 95   453 @ 123
    154 @ 98   645 @ 144
          -    665 @ 167
|------------||-----------|

22:53:36.800 [main] INFO  c.gettingstarted.MyAlgoLogic - [MYALGO] Algo Sees Book as: 
|----BID-----||----ASK----|
    134 @ 43    501 @ 98
    145 @ 76   200 @ 101
    300 @ 91  5000 @ 110
    200 @ 93  5600 @ 119
    100 @ 95   453 @ 123
    154 @ 98   645 @ 144
          -    665 @ 167
|------------||-----------|

22:53:36.801 [main] INFO  c.gettingstarted.TimedLogic - [TIMEDLOGIC] Market is closed
22:53:36.801 [main] INFO  c.sequencer.consumer.LoggingConsumer - [13] 
|----BID-----|
    134 @ 43
    145 @ 76
    300 @ 91
    200 @ 93
    100 @ 95
    154 @ 98
|----ASK-----|
    501 @ 98
   200 @ 101
  5000 @ 110
  5600 @ 119
   453 @ 123
   645 @ 144
   665 @ 167

22:53:36.801 [main] INFO  c.orderbook.OrderBook - [ORDERBOOK] Processing Mkt Data Update
22:53:36.801 [main] INFO  c.o.v.MutatingRemoveAllMarketDataOrdersVisitor - [ORDERBOOK] Removing market data order:MktData(price=43,quantity=134)
22:53:36.801 [main] INFO  c.o.v.MutatingRemoveAllMarketDataOrdersVisitor - [ORDERBOOK] Removing level:43
22:53:36.801 [main] DEBUG c.orderbook.OrderBook - [ORDERBOOK] ASK: Adding orderMktData(price=43,quantity=134)
22:53:36.801 [main] DEBUG c.orderbook.OrderBook - [ORDERBOOK] ASK: Adding orderMktData(price=76,quantity=145)
22:53:36.803 [main] DEBUG c.orderbook.OrderBook - [ORDERBOOK] ASK: Adding orderMktData(price=91,quantity=300)
22:53:36.803 [main] DEBUG c.orderbook.OrderBook - [ORDERBOOK] ASK: Adding orderMktData(price=93,quantity=200)
22:53:36.803 [main] DEBUG c.orderbook.OrderBook - [ORDERBOOK] ASK: Adding orderMktData(price=95,quantity=100)
22:53:36.803 [main] DEBUG c.orderbook.OrderBook - [ORDERBOOK] ASK: Adding orderMktData(price=98,quantity=154)
22:53:36.803 [main] INFO  c.o.v.MutatingMatchOneMarketDataOrderVisitor - [ORDERBOOK] visiting LevelOrderBookLevel(price=43,quantity=134)
22:53:36.803 [main] INFO  c.o.v.MutatingMatchOneMarketDataOrderVisitor - [ORDERBOOK] Can't match order:MktData(price=43,quantity=134)(MktData(price=98,quantity=154))
22:53:36.804 [main] INFO  c.o.v.MutatingRemoveAllMarketDataOrdersVisitor - [ORDERBOOK] Removing market data order:MktData(price=98,quantity=501)
22:53:36.804 [main] INFO  c.o.v.MutatingRemoveAllMarketDataOrdersVisitor - [ORDERBOOK] Removing level:98
22:53:36.804 [main] INFO  c.o.v.MutatingRemoveAllMarketDataOrdersVisitor - [ORDERBOOK] Removing market data order:MktData(price=101,quantity=200)
22:53:36.804 [main] INFO  c.o.v.MutatingRemoveAllMarketDataOrdersVisitor - [ORDERBOOK] Removing level:101
22:53:36.804 [main] INFO  c.o.v.MutatingRemoveAllMarketDataOrdersVisitor - [ORDERBOOK] Removing market data order:MktData(price=110,quantity=5000)
22:53:36.804 [main] INFO  c.o.v.MutatingRemoveAllMarketDataOrdersVisitor - [ORDERBOOK] Removing level:110
22:53:36.804 [main] INFO  c.o.v.MutatingRemoveAllMarketDataOrdersVisitor - [ORDERBOOK] Removing market data order:MktData(price=119,quantity=5600)
22:53:36.804 [main] INFO  c.o.v.MutatingRemoveAllMarketDataOrdersVisitor - [ORDERBOOK] Removing level:119
22:53:36.804 [main] INFO  c.o.v.MutatingRemoveAllMarketDataOrdersVisitor - [ORDERBOOK] Removing market data order:MktData(price=123,quantity=453)
22:53:36.804 [main] INFO  c.o.v.MutatingRemoveAllMarketDataOrdersVisitor - [ORDERBOOK] Removing level:123
22:53:36.804 [main] INFO  c.o.v.MutatingRemoveAllMarketDataOrdersVisitor - [ORDERBOOK] Removing market data order:MktData(price=144,quantity=645)
22:53:36.804 [main] INFO  c.o.v.MutatingRemoveAllMarketDataOrdersVisitor - [ORDERBOOK] Removing level:144
22:53:36.804 [main] INFO  c.o.v.MutatingRemoveAllMarketDataOrdersVisitor - [ORDERBOOK] Removing market data order:MktData(price=167,quantity=665)
22:53:36.804 [main] INFO  c.o.v.MutatingRemoveAllMarketDataOrdersVisitor - [ORDERBOOK] Removing level:167
22:53:36.804 [main] DEBUG c.orderbook.OrderBook - [ORDERBOOK] ASK: Adding orderMktData(price=98,quantity=501)
22:53:36.804 [main] DEBUG c.orderbook.OrderBook - [ORDERBOOK] ASK: Adding orderMktData(price=101,quantity=200)
22:53:36.804 [main] DEBUG c.orderbook.OrderBook - [ORDERBOOK] ASK: Adding orderMktData(price=110,quantity=5000)
22:53:36.804 [main] DEBUG c.orderbook.OrderBook - [ORDERBOOK] ASK: Adding orderMktData(price=119,quantity=5600)
22:53:36.804 [main] DEBUG c.orderbook.OrderBook - [ORDERBOOK] ASK: Adding orderMktData(price=123,quantity=453)
22:53:36.804 [main] DEBUG c.orderbook.OrderBook - [ORDERBOOK] ASK: Adding orderMktData(price=144,quantity=645)
22:53:36.804 [main] DEBUG c.orderbook.OrderBook - [ORDERBOOK] ASK: Adding orderMktData(price=167,quantity=665)
22:53:36.804 [main] DEBUG c.service.MarketDataService - [ALGO] BID: price:43 quantity:134
22:53:36.804 [main] DEBUG c.service.MarketDataService - [ALGO] BID: price:76 quantity:145
22:53:36.804 [main] DEBUG c.service.MarketDataService - [ALGO] BID: price:91 quantity:300
22:53:36.804 [main] DEBUG c.service.MarketDataService - [ALGO] BID: price:93 quantity:200
22:53:36.805 [main] DEBUG c.service.MarketDataService - [ALGO] BID: price:95 quantity:100
22:53:36.805 [main] DEBUG c.service.MarketDataService - [ALGO] BID: price:98 quantity:154
22:53:36.805 [main] DEBUG c.service.MarketDataService - [ALGO] ASK: price:98 quantity:501
22:53:36.805 [main] DEBUG c.service.MarketDataService - [ALGO] ASK: price:101 quantity:200
22:53:36.805 [main] DEBUG c.service.MarketDataService - [ALGO] ASK: price:110 quantity:5000
22:53:36.805 [main] DEBUG c.service.MarketDataService - [ALGO] ASK: price:119 quantity:5600
22:53:36.805 [main] DEBUG c.service.MarketDataService - [ALGO] ASK: price:123 quantity:453
22:53:36.805 [main] DEBUG c.service.MarketDataService - [ALGO] ASK: price:144 quantity:645
22:53:36.805 [main] DEBUG c.service.MarketDataService - [ALGO] ASK: price:167 quantity:665
22:53:36.806 [main] INFO  c.gettingstarted.MyAlgoLogic - [MYALGO] The state of the order book is:
|----BID-----||----ASK----|
    134 @ 43    501 @ 98
    145 @ 76   200 @ 101
    300 @ 91  5000 @ 110
    200 @ 93  5600 @ 119
    100 @ 95   453 @ 123
    154 @ 98   645 @ 144
          -    665 @ 167
|------------||-----------|

22:53:36.806 [main] INFO  c.gettingstarted.MyAlgoLogic - [MYALGO] Algo Sees Book as: 
|----BID-----||----ASK----|
    134 @ 43    501 @ 98
    145 @ 76   200 @ 101
    300 @ 91  5000 @ 110
    200 @ 93  5600 @ 119
    100 @ 95   453 @ 123
    154 @ 98   645 @ 144
          -    665 @ 167
|------------||-----------|

22:53:36.806 [main] INFO  c.gettingstarted.TimedLogic - [TIMEDLOGIC] Market is closed
22:53:36.806 [main] INFO  c.sequencer.consumer.LoggingConsumer - [14] 
|----BID-----|
    134 @ 43
    145 @ 76
    300 @ 91
    200 @ 93
    100 @ 95
    154 @ 98
|----ASK-----|
    501 @ 98
   200 @ 101
  5000 @ 110
  5600 @ 119
   453 @ 123
   645 @ 144
   665 @ 167

22:53:36.806 [main] INFO  c.orderbook.OrderBook - [ORDERBOOK] Processing Mkt Data Update
22:53:36.806 [main] INFO  c.o.v.MutatingRemoveAllMarketDataOrdersVisitor - [ORDERBOOK] Removing market data order:MktData(price=43,quantity=134)
22:53:36.807 [main] INFO  c.o.v.MutatingRemoveAllMarketDataOrdersVisitor - [ORDERBOOK] Removing level:43
22:53:36.807 [main] DEBUG c.orderbook.OrderBook - [ORDERBOOK] ASK: Adding orderMktData(price=43,quantity=134)
22:53:36.807 [main] DEBUG c.orderbook.OrderBook - [ORDERBOOK] ASK: Adding orderMktData(price=76,quantity=145)
22:53:36.807 [main] DEBUG c.orderbook.OrderBook - [ORDERBOOK] ASK: Adding orderMktData(price=91,quantity=300)
22:53:36.807 [main] DEBUG c.orderbook.OrderBook - [ORDERBOOK] ASK: Adding orderMktData(price=93,quantity=200)
22:53:36.807 [main] DEBUG c.orderbook.OrderBook - [ORDERBOOK] ASK: Adding orderMktData(price=95,quantity=100)
22:53:36.808 [main] DEBUG c.orderbook.OrderBook - [ORDERBOOK] ASK: Adding orderMktData(price=98,quantity=154)
22:53:36.808 [main] INFO  c.o.v.MutatingMatchOneMarketDataOrderVisitor - [ORDERBOOK] visiting LevelOrderBookLevel(price=43,quantity=134)
22:53:36.808 [main] INFO  c.o.v.MutatingMatchOneMarketDataOrderVisitor - [ORDERBOOK] Can't match order:MktData(price=43,quantity=134)(MktData(price=98,quantity=154))
22:53:36.808 [main] INFO  c.o.v.MutatingRemoveAllMarketDataOrdersVisitor - [ORDERBOOK] Removing market data order:MktData(price=98,quantity=501)
22:53:36.808 [main] INFO  c.o.v.MutatingRemoveAllMarketDataOrdersVisitor - [ORDERBOOK] Removing level:98
22:53:36.808 [main] INFO  c.o.v.MutatingRemoveAllMarketDataOrdersVisitor - [ORDERBOOK] Removing market data order:MktData(price=101,quantity=200)
22:53:36.808 [main] INFO  c.o.v.MutatingRemoveAllMarketDataOrdersVisitor - [ORDERBOOK] Removing level:101
22:53:36.808 [main] INFO  c.o.v.MutatingRemoveAllMarketDataOrdersVisitor - [ORDERBOOK] Removing market data order:MktData(price=110,quantity=5000)
22:53:36.808 [main] INFO  c.o.v.MutatingRemoveAllMarketDataOrdersVisitor - [ORDERBOOK] Removing level:110
22:53:36.808 [main] INFO  c.o.v.MutatingRemoveAllMarketDataOrdersVisitor - [ORDERBOOK] Removing market data order:MktData(price=119,quantity=5600)
22:53:36.808 [main] INFO  c.o.v.MutatingRemoveAllMarketDataOrdersVisitor - [ORDERBOOK] Removing level:119
22:53:36.808 [main] INFO  c.o.v.MutatingRemoveAllMarketDataOrdersVisitor - [ORDERBOOK] Removing market data order:MktData(price=123,quantity=453)
22:53:36.808 [main] INFO  c.o.v.MutatingRemoveAllMarketDataOrdersVisitor - [ORDERBOOK] Removing level:123
22:53:36.809 [main] INFO  c.o.v.MutatingRemoveAllMarketDataOrdersVisitor - [ORDERBOOK] Removing market data order:MktData(price=144,quantity=645)
22:53:36.809 [main] INFO  c.o.v.MutatingRemoveAllMarketDataOrdersVisitor - [ORDERBOOK] Removing level:144
22:53:36.809 [main] INFO  c.o.v.MutatingRemoveAllMarketDataOrdersVisitor - [ORDERBOOK] Removing market data order:MktData(price=167,quantity=665)
22:53:36.809 [main] INFO  c.o.v.MutatingRemoveAllMarketDataOrdersVisitor - [ORDERBOOK] Removing level:167
22:53:36.809 [main] DEBUG c.orderbook.OrderBook - [ORDERBOOK] ASK: Adding orderMktData(price=98,quantity=501)
22:53:36.809 [main] DEBUG c.orderbook.OrderBook - [ORDERBOOK] ASK: Adding orderMktData(price=101,quantity=200)
22:53:36.809 [main] DEBUG c.orderbook.OrderBook - [ORDERBOOK] ASK: Adding orderMktData(price=110,quantity=5000)
22:53:36.809 [main] DEBUG c.orderbook.OrderBook - [ORDERBOOK] ASK: Adding orderMktData(price=119,quantity=5600)
22:53:36.809 [main] DEBUG c.orderbook.OrderBook - [ORDERBOOK] ASK: Adding orderMktData(price=123,quantity=453)
22:53:36.809 [main] DEBUG c.orderbook.OrderBook - [ORDERBOOK] ASK: Adding orderMktData(price=144,quantity=645)
22:53:36.809 [main] DEBUG c.orderbook.OrderBook - [ORDERBOOK] ASK: Adding orderMktData(price=167,quantity=665)
22:53:36.809 [main] DEBUG c.service.MarketDataService - [ALGO] BID: price:43 quantity:134
22:53:36.809 [main] DEBUG c.service.MarketDataService - [ALGO] BID: price:76 quantity:145
22:53:36.809 [main] DEBUG c.service.MarketDataService - [ALGO] BID: price:91 quantity:300
22:53:36.809 [main] DEBUG c.service.MarketDataService - [ALGO] BID: price:93 quantity:200
22:53:36.809 [main] DEBUG c.service.MarketDataService - [ALGO] BID: price:95 quantity:100
22:53:36.809 [main] DEBUG c.service.MarketDataService - [ALGO] BID: price:98 quantity:154
22:53:36.809 [main] DEBUG c.service.MarketDataService - [ALGO] ASK: price:98 quantity:501
22:53:36.809 [main] DEBUG c.service.MarketDataService - [ALGO] ASK: price:101 quantity:200
22:53:36.809 [main] DEBUG c.service.MarketDataService - [ALGO] ASK: price:110 quantity:5000
22:53:36.809 [main] DEBUG c.service.MarketDataService - [ALGO] ASK: price:119 quantity:5600
22:53:36.809 [main] DEBUG c.service.MarketDataService - [ALGO] ASK: price:123 quantity:453
22:53:36.809 [main] DEBUG c.service.MarketDataService - [ALGO] ASK: price:144 quantity:645
22:53:36.809 [main] DEBUG c.service.MarketDataService - [ALGO] ASK: price:167 quantity:665
22:53:36.809 [main] INFO  c.gettingstarted.MyAlgoLogic - [MYALGO] The state of the order book is:
|----BID-----||----ASK----|
    134 @ 43    501 @ 98
    145 @ 76   200 @ 101
    300 @ 91  5000 @ 110
    200 @ 93  5600 @ 119
    100 @ 95   453 @ 123
    154 @ 98   645 @ 144
          -    665 @ 167
|------------||-----------|

22:53:36.809 [main] INFO  c.gettingstarted.MyAlgoLogic - [MYALGO] Algo Sees Book as: 
|----BID-----||----ASK----|
    134 @ 43    501 @ 98
    145 @ 76   200 @ 101
    300 @ 91  5000 @ 110
    200 @ 93  5600 @ 119
    100 @ 95   453 @ 123
    154 @ 98   645 @ 144
          -    665 @ 167
|------------||-----------|

22:53:36.809 [main] INFO  c.gettingstarted.TimedLogic - [TIMEDLOGIC] Market is closed
22:53:36.809 [main] INFO  c.sequencer.consumer.LoggingConsumer - [15] 
|----BID-----|
    134 @ 43
    145 @ 76
    300 @ 91
    200 @ 93
    100 @ 95
    154 @ 98
|----ASK-----|
    501 @ 98
   200 @ 101
  5000 @ 110
  5600 @ 119
   453 @ 123
   645 @ 144
   665 @ 167

22:53:36.809 [main] INFO  c.orderbook.OrderBook - [ORDERBOOK] Processing Mkt Data Update
22:53:36.809 [main] INFO  c.o.v.MutatingRemoveAllMarketDataOrdersVisitor - [ORDERBOOK] Removing market data order:MktData(price=43,quantity=134)
22:53:36.809 [main] INFO  c.o.v.MutatingRemoveAllMarketDataOrdersVisitor - [ORDERBOOK] Removing level:43
22:53:36.809 [main] DEBUG c.orderbook.OrderBook - [ORDERBOOK] ASK: Adding orderMktData(price=43,quantity=134)
22:53:36.811 [main] DEBUG c.orderbook.OrderBook - [ORDERBOOK] ASK: Adding orderMktData(price=76,quantity=145)
22:53:36.811 [main] DEBUG c.orderbook.OrderBook - [ORDERBOOK] ASK: Adding orderMktData(price=91,quantity=300)
22:53:36.811 [main] DEBUG c.orderbook.OrderBook - [ORDERBOOK] ASK: Adding orderMktData(price=93,quantity=200)
22:53:36.811 [main] DEBUG c.orderbook.OrderBook - [ORDERBOOK] ASK: Adding orderMktData(price=95,quantity=100)
22:53:36.811 [main] DEBUG c.orderbook.OrderBook - [ORDERBOOK] ASK: Adding orderMktData(price=98,quantity=154)
22:53:36.811 [main] INFO  c.o.v.MutatingMatchOneMarketDataOrderVisitor - [ORDERBOOK] visiting LevelOrderBookLevel(price=43,quantity=134)
22:53:36.811 [main] INFO  c.o.v.MutatingMatchOneMarketDataOrderVisitor - [ORDERBOOK] Can't match order:MktData(price=43,quantity=134)(MktData(price=98,quantity=154))
22:53:36.811 [main] INFO  c.o.v.MutatingRemoveAllMarketDataOrdersVisitor - [ORDERBOOK] Removing market data order:MktData(price=98,quantity=501)
22:53:36.811 [main] INFO  c.o.v.MutatingRemoveAllMarketDataOrdersVisitor - [ORDERBOOK] Removing level:98
22:53:36.811 [main] INFO  c.o.v.MutatingRemoveAllMarketDataOrdersVisitor - [ORDERBOOK] Removing market data order:MktData(price=101,quantity=200)
22:53:36.811 [main] INFO  c.o.v.MutatingRemoveAllMarketDataOrdersVisitor - [ORDERBOOK] Removing level:101
22:53:36.811 [main] INFO  c.o.v.MutatingRemoveAllMarketDataOrdersVisitor - [ORDERBOOK] Removing market data order:MktData(price=110,quantity=5000)
22:53:36.811 [main] INFO  c.o.v.MutatingRemoveAllMarketDataOrdersVisitor - [ORDERBOOK] Removing level:110
22:53:36.811 [main] INFO  c.o.v.MutatingRemoveAllMarketDataOrdersVisitor - [ORDERBOOK] Removing market data order:MktData(price=119,quantity=5600)
22:53:36.811 [main] INFO  c.o.v.MutatingRemoveAllMarketDataOrdersVisitor - [ORDERBOOK] Removing level:119
22:53:36.811 [main] INFO  c.o.v.MutatingRemoveAllMarketDataOrdersVisitor - [ORDERBOOK] Removing market data order:MktData(price=123,quantity=453)
22:53:36.811 [main] INFO  c.o.v.MutatingRemoveAllMarketDataOrdersVisitor - [ORDERBOOK] Removing level:123
22:53:36.811 [main] INFO  c.o.v.MutatingRemoveAllMarketDataOrdersVisitor - [ORDERBOOK] Removing market data order:MktData(price=144,quantity=645)
22:53:36.811 [main] INFO  c.o.v.MutatingRemoveAllMarketDataOrdersVisitor - [ORDERBOOK] Removing level:144
22:53:36.812 [main] INFO  c.o.v.MutatingRemoveAllMarketDataOrdersVisitor - [ORDERBOOK] Removing market data order:MktData(price=167,quantity=665)
22:53:36.812 [main] INFO  c.o.v.MutatingRemoveAllMarketDataOrdersVisitor - [ORDERBOOK] Removing level:167
22:53:36.812 [main] DEBUG c.orderbook.OrderBook - [ORDERBOOK] ASK: Adding orderMktData(price=98,quantity=501)
22:53:36.812 [main] DEBUG c.orderbook.OrderBook - [ORDERBOOK] ASK: Adding orderMktData(price=101,quantity=200)
22:53:36.812 [main] DEBUG c.orderbook.OrderBook - [ORDERBOOK] ASK: Adding orderMktData(price=110,quantity=5000)
22:53:36.812 [main] DEBUG c.orderbook.OrderBook - [ORDERBOOK] ASK: Adding orderMktData(price=119,quantity=5600)
22:53:36.812 [main] DEBUG c.orderbook.OrderBook - [ORDERBOOK] ASK: Adding orderMktData(price=123,quantity=453)
22:53:36.812 [main] DEBUG c.orderbook.OrderBook - [ORDERBOOK] ASK: Adding orderMktData(price=144,quantity=645)
22:53:36.812 [main] DEBUG c.orderbook.OrderBook - [ORDERBOOK] ASK: Adding orderMktData(price=167,quantity=665)
22:53:36.812 [main] DEBUG c.service.MarketDataService - [ALGO] BID: price:43 quantity:134
22:53:36.812 [main] DEBUG c.service.MarketDataService - [ALGO] BID: price:76 quantity:145
22:53:36.812 [main] DEBUG c.service.MarketDataService - [ALGO] BID: price:91 quantity:300
22:53:36.812 [main] DEBUG c.service.MarketDataService - [ALGO] BID: price:93 quantity:200
22:53:36.812 [main] DEBUG c.service.MarketDataService - [ALGO] BID: price:95 quantity:100
22:53:36.812 [main] DEBUG c.service.MarketDataService - [ALGO] BID: price:98 quantity:154
22:53:36.812 [main] DEBUG c.service.MarketDataService - [ALGO] ASK: price:98 quantity:501
22:53:36.812 [main] DEBUG c.service.MarketDataService - [ALGO] ASK: price:101 quantity:200
22:53:36.812 [main] DEBUG c.service.MarketDataService - [ALGO] ASK: price:110 quantity:5000
22:53:36.812 [main] DEBUG c.service.MarketDataService - [ALGO] ASK: price:119 quantity:5600
22:53:36.812 [main] DEBUG c.service.MarketDataService - [ALGO] ASK: price:123 quantity:453
22:53:36.812 [main] DEBUG c.service.MarketDataService - [ALGO] ASK: price:144 quantity:645
22:53:36.812 [main] DEBUG c.service.MarketDataService - [ALGO] ASK: price:167 quantity:665
22:53:36.812 [main] INFO  c.gettingstarted.MyAlgoLogic - [MYALGO] The state of the order book is:
|----BID-----||----ASK----|
    134 @ 43    501 @ 98
    145 @ 76   200 @ 101
    300 @ 91  5000 @ 110
    200 @ 93  5600 @ 119
    100 @ 95   453 @ 123
    154 @ 98   645 @ 144
          -    665 @ 167
|------------||-----------|

22:53:36.813 [main] INFO  c.gettingstarted.MyAlgoLogic - [MYALGO] Algo Sees Book as: 
|----BID-----||----ASK----|
    134 @ 43    501 @ 98
    145 @ 76   200 @ 101
    300 @ 91  5000 @ 110
    200 @ 93  5600 @ 119
    100 @ 95   453 @ 123
    154 @ 98   645 @ 144
          -    665 @ 167
|------------||-----------|

22:53:36.813 [main] INFO  c.gettingstarted.TimedLogic - [TIMEDLOGIC] Market is closed
22:53:36.813 [main] INFO  c.sequencer.consumer.LoggingConsumer - [16] 
|----BID-----|
    134 @ 43
    145 @ 76
    300 @ 91
    200 @ 93
    100 @ 95
    154 @ 98
|----ASK-----|
    501 @ 98
   200 @ 101
  5000 @ 110
  5600 @ 119
   453 @ 123
   645 @ 144
   665 @ 167

22:53:36.813 [main] INFO  c.orderbook.OrderBook - [ORDERBOOK] Processing Mkt Data Update
22:53:36.813 [main] INFO  c.o.v.MutatingRemoveAllMarketDataOrdersVisitor - [ORDERBOOK] Removing market data order:MktData(price=43,quantity=134)
22:53:36.813 [main] INFO  c.o.v.MutatingRemoveAllMarketDataOrdersVisitor - [ORDERBOOK] Removing level:43
22:53:36.813 [main] DEBUG c.orderbook.OrderBook - [ORDERBOOK] ASK: Adding orderMktData(price=43,quantity=134)
22:53:36.813 [main] DEBUG c.orderbook.OrderBook - [ORDERBOOK] ASK: Adding orderMktData(price=76,quantity=145)
22:53:36.813 [main] DEBUG c.orderbook.OrderBook - [ORDERBOOK] ASK: Adding orderMktData(price=91,quantity=300)
22:53:36.813 [main] DEBUG c.orderbook.OrderBook - [ORDERBOOK] ASK: Adding orderMktData(price=93,quantity=200)
22:53:36.813 [main] DEBUG c.orderbook.OrderBook - [ORDERBOOK] ASK: Adding orderMktData(price=95,quantity=100)
22:53:36.813 [main] DEBUG c.orderbook.OrderBook - [ORDERBOOK] ASK: Adding orderMktData(price=98,quantity=154)
22:53:36.813 [main] INFO  c.o.v.MutatingMatchOneMarketDataOrderVisitor - [ORDERBOOK] visiting LevelOrderBookLevel(price=43,quantity=134)
22:53:36.813 [main] INFO  c.o.v.MutatingMatchOneMarketDataOrderVisitor - [ORDERBOOK] Can't match order:MktData(price=43,quantity=134)(MktData(price=98,quantity=154))
22:53:36.813 [main] INFO  c.o.v.MutatingRemoveAllMarketDataOrdersVisitor - [ORDERBOOK] Removing market data order:MktData(price=98,quantity=501)
22:53:36.813 [main] INFO  c.o.v.MutatingRemoveAllMarketDataOrdersVisitor - [ORDERBOOK] Removing level:98
22:53:36.813 [main] INFO  c.o.v.MutatingRemoveAllMarketDataOrdersVisitor - [ORDERBOOK] Removing market data order:MktData(price=101,quantity=200)
22:53:36.813 [main] INFO  c.o.v.MutatingRemoveAllMarketDataOrdersVisitor - [ORDERBOOK] Removing level:101
22:53:36.813 [main] INFO  c.o.v.MutatingRemoveAllMarketDataOrdersVisitor - [ORDERBOOK] Removing market data order:MktData(price=110,quantity=5000)
22:53:36.813 [main] INFO  c.o.v.MutatingRemoveAllMarketDataOrdersVisitor - [ORDERBOOK] Removing level:110
22:53:36.813 [main] INFO  c.o.v.MutatingRemoveAllMarketDataOrdersVisitor - [ORDERBOOK] Removing market data order:MktData(price=119,quantity=5600)
22:53:36.813 [main] INFO  c.o.v.MutatingRemoveAllMarketDataOrdersVisitor - [ORDERBOOK] Removing level:119
22:53:36.813 [main] INFO  c.o.v.MutatingRemoveAllMarketDataOrdersVisitor - [ORDERBOOK] Removing market data order:MktData(price=123,quantity=453)
22:53:36.814 [main] INFO  c.o.v.MutatingRemoveAllMarketDataOrdersVisitor - [ORDERBOOK] Removing level:123
22:53:36.814 [main] INFO  c.o.v.MutatingRemoveAllMarketDataOrdersVisitor - [ORDERBOOK] Removing market data order:MktData(price=144,quantity=645)
22:53:36.814 [main] INFO  c.o.v.MutatingRemoveAllMarketDataOrdersVisitor - [ORDERBOOK] Removing level:144
22:53:36.814 [main] INFO  c.o.v.MutatingRemoveAllMarketDataOrdersVisitor - [ORDERBOOK] Removing market data order:MktData(price=167,quantity=665)
22:53:36.814 [main] INFO  c.o.v.MutatingRemoveAllMarketDataOrdersVisitor - [ORDERBOOK] Removing level:167
22:53:36.814 [main] DEBUG c.orderbook.OrderBook - [ORDERBOOK] ASK: Adding orderMktData(price=98,quantity=501)
22:53:36.814 [main] DEBUG c.orderbook.OrderBook - [ORDERBOOK] ASK: Adding orderMktData(price=101,quantity=200)
22:53:36.814 [main] DEBUG c.orderbook.OrderBook - [ORDERBOOK] ASK: Adding orderMktData(price=110,quantity=5000)
22:53:36.814 [main] DEBUG c.orderbook.OrderBook - [ORDERBOOK] ASK: Adding orderMktData(price=119,quantity=5600)
22:53:36.814 [main] DEBUG c.orderbook.OrderBook - [ORDERBOOK] ASK: Adding orderMktData(price=123,quantity=453)
22:53:36.814 [main] DEBUG c.orderbook.OrderBook - [ORDERBOOK] ASK: Adding orderMktData(price=144,quantity=645)
22:53:36.814 [main] DEBUG c.orderbook.OrderBook - [ORDERBOOK] ASK: Adding orderMktData(price=167,quantity=665)
22:53:36.814 [main] DEBUG c.service.MarketDataService - [ALGO] BID: price:43 quantity:134
22:53:36.814 [main] DEBUG c.service.MarketDataService - [ALGO] BID: price:76 quantity:145
22:53:36.814 [main] DEBUG c.service.MarketDataService - [ALGO] BID: price:91 quantity:300
22:53:36.814 [main] DEBUG c.service.MarketDataService - [ALGO] BID: price:93 quantity:200
22:53:36.814 [main] DEBUG c.service.MarketDataService - [ALGO] BID: price:95 quantity:100
22:53:36.814 [main] DEBUG c.service.MarketDataService - [ALGO] BID: price:98 quantity:154
22:53:36.814 [main] DEBUG c.service.MarketDataService - [ALGO] ASK: price:98 quantity:501
22:53:36.814 [main] DEBUG c.service.MarketDataService - [ALGO] ASK: price:101 quantity:200
22:53:36.814 [main] DEBUG c.service.MarketDataService - [ALGO] ASK: price:110 quantity:5000
22:53:36.815 [main] DEBUG c.service.MarketDataService - [ALGO] ASK: price:119 quantity:5600
22:53:36.815 [main] DEBUG c.service.MarketDataService - [ALGO] ASK: price:123 quantity:453
22:53:36.815 [main] DEBUG c.service.MarketDataService - [ALGO] ASK: price:144 quantity:645
22:53:36.815 [main] DEBUG c.service.MarketDataService - [ALGO] ASK: price:167 quantity:665
22:53:36.816 [main] INFO  c.gettingstarted.MyAlgoLogic - [MYALGO] The state of the order book is:
|----BID-----||----ASK----|
    134 @ 43    501 @ 98
    145 @ 76   200 @ 101
    300 @ 91  5000 @ 110
    200 @ 93  5600 @ 119
    100 @ 95   453 @ 123
    154 @ 98   645 @ 144
          -    665 @ 167
|------------||-----------|

22:53:36.816 [main] INFO  c.gettingstarted.MyAlgoLogic - [MYALGO] Algo Sees Book as: 
|----BID-----||----ASK----|
    134 @ 43    501 @ 98
    145 @ 76   200 @ 101
    300 @ 91  5000 @ 110
    200 @ 93  5600 @ 119
    100 @ 95   453 @ 123
    154 @ 98   645 @ 144
          -    665 @ 167
|------------||-----------|

22:53:36.816 [main] INFO  c.gettingstarted.TimedLogic - [TIMEDLOGIC] Market is closed
22:53:36.817 [main] INFO  c.sequencer.consumer.LoggingConsumer - [17] 
|----BID-----|
    134 @ 43
    145 @ 76
    300 @ 91
    200 @ 93
    100 @ 95
    154 @ 98
|----ASK-----|
    501 @ 98
   200 @ 101
  5000 @ 110
  5600 @ 119
   453 @ 123
   645 @ 144
   665 @ 167

22:53:36.817 [main] INFO  c.orderbook.OrderBook - [ORDERBOOK] Processing Mkt Data Update
22:53:36.817 [main] INFO  c.o.v.MutatingRemoveAllMarketDataOrdersVisitor - [ORDERBOOK] Removing market data order:MktData(price=43,quantity=134)
22:53:36.817 [main] INFO  c.o.v.MutatingRemoveAllMarketDataOrdersVisitor - [ORDERBOOK] Removing level:43
22:53:36.817 [main] DEBUG c.orderbook.OrderBook - [ORDERBOOK] ASK: Adding orderMktData(price=43,quantity=134)
22:53:36.817 [main] DEBUG c.orderbook.OrderBook - [ORDERBOOK] ASK: Adding orderMktData(price=76,quantity=145)
22:53:36.817 [main] DEBUG c.orderbook.OrderBook - [ORDERBOOK] ASK: Adding orderMktData(price=91,quantity=300)
22:53:36.817 [main] DEBUG c.orderbook.OrderBook - [ORDERBOOK] ASK: Adding orderMktData(price=93,quantity=200)
22:53:36.818 [main] DEBUG c.orderbook.OrderBook - [ORDERBOOK] ASK: Adding orderMktData(price=95,quantity=100)
22:53:36.818 [main] DEBUG c.orderbook.OrderBook - [ORDERBOOK] ASK: Adding orderMktData(price=98,quantity=154)
22:53:36.818 [main] INFO  c.o.v.MutatingMatchOneMarketDataOrderVisitor - [ORDERBOOK] visiting LevelOrderBookLevel(price=43,quantity=134)
22:53:36.818 [main] INFO  c.o.v.MutatingMatchOneMarketDataOrderVisitor - [ORDERBOOK] Can't match order:MktData(price=43,quantity=134)(MktData(price=98,quantity=154))
22:53:36.818 [main] INFO  c.o.v.MutatingRemoveAllMarketDataOrdersVisitor - [ORDERBOOK] Removing market data order:MktData(price=98,quantity=501)
22:53:36.818 [main] INFO  c.o.v.MutatingRemoveAllMarketDataOrdersVisitor - [ORDERBOOK] Removing level:98
22:53:36.818 [main] INFO  c.o.v.MutatingRemoveAllMarketDataOrdersVisitor - [ORDERBOOK] Removing market data order:MktData(price=101,quantity=200)
22:53:36.818 [main] INFO  c.o.v.MutatingRemoveAllMarketDataOrdersVisitor - [ORDERBOOK] Removing level:101
22:53:36.818 [main] INFO  c.o.v.MutatingRemoveAllMarketDataOrdersVisitor - [ORDERBOOK] Removing market data order:MktData(price=110,quantity=5000)
22:53:36.818 [main] INFO  c.o.v.MutatingRemoveAllMarketDataOrdersVisitor - [ORDERBOOK] Removing level:110
22:53:36.818 [main] INFO  c.o.v.MutatingRemoveAllMarketDataOrdersVisitor - [ORDERBOOK] Removing market data order:MktData(price=119,quantity=5600)
22:53:36.818 [main] INFO  c.o.v.MutatingRemoveAllMarketDataOrdersVisitor - [ORDERBOOK] Removing level:119
22:53:36.818 [main] INFO  c.o.v.MutatingRemoveAllMarketDataOrdersVisitor - [ORDERBOOK] Removing market data order:MktData(price=123,quantity=453)
22:53:36.818 [main] INFO  c.o.v.MutatingRemoveAllMarketDataOrdersVisitor - [ORDERBOOK] Removing level:123
22:53:36.818 [main] INFO  c.o.v.MutatingRemoveAllMarketDataOrdersVisitor - [ORDERBOOK] Removing market data order:MktData(price=144,quantity=645)
22:53:36.818 [main] INFO  c.o.v.MutatingRemoveAllMarketDataOrdersVisitor - [ORDERBOOK] Removing level:144
22:53:36.818 [main] INFO  c.o.v.MutatingRemoveAllMarketDataOrdersVisitor - [ORDERBOOK] Removing market data order:MktData(price=167,quantity=665)
22:53:36.818 [main] INFO  c.o.v.MutatingRemoveAllMarketDataOrdersVisitor - [ORDERBOOK] Removing level:167
22:53:36.818 [main] DEBUG c.orderbook.OrderBook - [ORDERBOOK] ASK: Adding orderMktData(price=98,quantity=501)
22:53:36.818 [main] DEBUG c.orderbook.OrderBook - [ORDERBOOK] ASK: Adding orderMktData(price=101,quantity=200)
22:53:36.818 [main] DEBUG c.orderbook.OrderBook - [ORDERBOOK] ASK: Adding orderMktData(price=110,quantity=5000)
22:53:36.818 [main] DEBUG c.orderbook.OrderBook - [ORDERBOOK] ASK: Adding orderMktData(price=119,quantity=5600)
22:53:36.818 [main] DEBUG c.orderbook.OrderBook - [ORDERBOOK] ASK: Adding orderMktData(price=123,quantity=453)
22:53:36.818 [main] DEBUG c.orderbook.OrderBook - [ORDERBOOK] ASK: Adding orderMktData(price=144,quantity=645)
22:53:36.818 [main] DEBUG c.orderbook.OrderBook - [ORDERBOOK] ASK: Adding orderMktData(price=167,quantity=665)
22:53:36.818 [main] DEBUG c.service.MarketDataService - [ALGO] BID: price:43 quantity:134
22:53:36.818 [main] DEBUG c.service.MarketDataService - [ALGO] BID: price:76 quantity:145
22:53:36.818 [main] DEBUG c.service.MarketDataService - [ALGO] BID: price:91 quantity:300
22:53:36.818 [main] DEBUG c.service.MarketDataService - [ALGO] BID: price:93 quantity:200
22:53:36.818 [main] DEBUG c.service.MarketDataService - [ALGO] BID: price:95 quantity:100
22:53:36.818 [main] DEBUG c.service.MarketDataService - [ALGO] BID: price:98 quantity:154
22:53:36.818 [main] DEBUG c.service.MarketDataService - [ALGO] ASK: price:98 quantity:501
22:53:36.818 [main] DEBUG c.service.MarketDataService - [ALGO] ASK: price:101 quantity:200
22:53:36.818 [main] DEBUG c.service.MarketDataService - [ALGO] ASK: price:110 quantity:5000
22:53:36.818 [main] DEBUG c.service.MarketDataService - [ALGO] ASK: price:119 quantity:5600
22:53:36.818 [main] DEBUG c.service.MarketDataService - [ALGO] ASK: price:123 quantity:453
22:53:36.818 [main] DEBUG c.service.MarketDataService - [ALGO] ASK: price:144 quantity:645
22:53:36.818 [main] DEBUG c.service.MarketDataService - [ALGO] ASK: price:167 quantity:665
22:53:36.818 [main] INFO  c.gettingstarted.MyAlgoLogic - [MYALGO] The state of the order book is:
|----BID-----||----ASK----|
    134 @ 43    501 @ 98
    145 @ 76   200 @ 101
    300 @ 91  5000 @ 110
    200 @ 93  5600 @ 119
    100 @ 95   453 @ 123
    154 @ 98   645 @ 144
          -    665 @ 167
|------------||-----------|

22:53:36.819 [main] INFO  c.gettingstarted.MyAlgoLogic - [MYALGO] Algo Sees Book as: 
|----BID-----||----ASK----|
    134 @ 43    501 @ 98
    145 @ 76   200 @ 101
    300 @ 91  5000 @ 110
    200 @ 93  5600 @ 119
    100 @ 95   453 @ 123
    154 @ 98   645 @ 144
          -    665 @ 167
|------------||-----------|

22:53:36.819 [main] INFO  c.gettingstarted.TimedLogic - [TIMEDLOGIC] Market is closed
22:53:36.819 [main] INFO  c.sequencer.consumer.LoggingConsumer - [18] 
|----BID-----|
    134 @ 43
    145 @ 76
    300 @ 91
    200 @ 93
    100 @ 95
    154 @ 98
|----ASK-----|
    501 @ 98
   200 @ 101
  5000 @ 110
  5600 @ 119
   453 @ 123
   645 @ 144
   665 @ 167

22:53:36.819 [main] INFO  c.orderbook.OrderBook - [ORDERBOOK] Processing Mkt Data Update
22:53:36.819 [main] INFO  c.o.v.MutatingRemoveAllMarketDataOrdersVisitor - [ORDERBOOK] Removing market data order:MktData(price=43,quantity=134)
22:53:36.819 [main] INFO  c.o.v.MutatingRemoveAllMarketDataOrdersVisitor - [ORDERBOOK] Removing level:43
22:53:36.820 [main] DEBUG c.orderbook.OrderBook - [ORDERBOOK] ASK: Adding orderMktData(price=43,quantity=134)
22:53:36.820 [main] DEBUG c.orderbook.OrderBook - [ORDERBOOK] ASK: Adding orderMktData(price=76,quantity=145)
22:53:36.820 [main] DEBUG c.orderbook.OrderBook - [ORDERBOOK] ASK: Adding orderMktData(price=91,quantity=300)
22:53:36.820 [main] DEBUG c.orderbook.OrderBook - [ORDERBOOK] ASK: Adding orderMktData(price=93,quantity=200)
22:53:36.820 [main] DEBUG c.orderbook.OrderBook - [ORDERBOOK] ASK: Adding orderMktData(price=95,quantity=100)
22:53:36.820 [main] DEBUG c.orderbook.OrderBook - [ORDERBOOK] ASK: Adding orderMktData(price=98,quantity=154)
22:53:36.820 [main] INFO  c.o.v.MutatingMatchOneMarketDataOrderVisitor - [ORDERBOOK] visiting LevelOrderBookLevel(price=43,quantity=134)
22:53:36.820 [main] INFO  c.o.v.MutatingMatchOneMarketDataOrderVisitor - [ORDERBOOK] Can't match order:MktData(price=43,quantity=134)(MktData(price=98,quantity=154))
22:53:36.820 [main] INFO  c.o.v.MutatingRemoveAllMarketDataOrdersVisitor - [ORDERBOOK] Removing market data order:MktData(price=98,quantity=501)
22:53:36.820 [main] INFO  c.o.v.MutatingRemoveAllMarketDataOrdersVisitor - [ORDERBOOK] Removing level:98
22:53:36.820 [main] INFO  c.o.v.MutatingRemoveAllMarketDataOrdersVisitor - [ORDERBOOK] Removing market data order:MktData(price=101,quantity=200)
22:53:36.820 [main] INFO  c.o.v.MutatingRemoveAllMarketDataOrdersVisitor - [ORDERBOOK] Removing level:101
22:53:36.820 [main] INFO  c.o.v.MutatingRemoveAllMarketDataOrdersVisitor - [ORDERBOOK] Removing market data order:MktData(price=110,quantity=5000)
22:53:36.820 [main] INFO  c.o.v.MutatingRemoveAllMarketDataOrdersVisitor - [ORDERBOOK] Removing level:110
22:53:36.820 [main] INFO  c.o.v.MutatingRemoveAllMarketDataOrdersVisitor - [ORDERBOOK] Removing market data order:MktData(price=119,quantity=5600)
22:53:36.820 [main] INFO  c.o.v.MutatingRemoveAllMarketDataOrdersVisitor - [ORDERBOOK] Removing level:119
22:53:36.820 [main] INFO  c.o.v.MutatingRemoveAllMarketDataOrdersVisitor - [ORDERBOOK] Removing market data order:MktData(price=123,quantity=453)
22:53:36.820 [main] INFO  c.o.v.MutatingRemoveAllMarketDataOrdersVisitor - [ORDERBOOK] Removing level:123
22:53:36.820 [main] INFO  c.o.v.MutatingRemoveAllMarketDataOrdersVisitor - [ORDERBOOK] Removing market data order:MktData(price=144,quantity=645)
22:53:36.820 [main] INFO  c.o.v.MutatingRemoveAllMarketDataOrdersVisitor - [ORDERBOOK] Removing level:144
22:53:36.820 [main] INFO  c.o.v.MutatingRemoveAllMarketDataOrdersVisitor - [ORDERBOOK] Removing market data order:MktData(price=167,quantity=665)
22:53:36.820 [main] INFO  c.o.v.MutatingRemoveAllMarketDataOrdersVisitor - [ORDERBOOK] Removing level:167
22:53:36.820 [main] DEBUG c.orderbook.OrderBook - [ORDERBOOK] ASK: Adding orderMktData(price=98,quantity=501)
22:53:36.820 [main] DEBUG c.orderbook.OrderBook - [ORDERBOOK] ASK: Adding orderMktData(price=101,quantity=200)
22:53:36.820 [main] DEBUG c.orderbook.OrderBook - [ORDERBOOK] ASK: Adding orderMktData(price=110,quantity=5000)
22:53:36.820 [main] DEBUG c.orderbook.OrderBook - [ORDERBOOK] ASK: Adding orderMktData(price=119,quantity=5600)
22:53:36.820 [main] DEBUG c.orderbook.OrderBook - [ORDERBOOK] ASK: Adding orderMktData(price=123,quantity=453)
22:53:36.820 [main] DEBUG c.orderbook.OrderBook - [ORDERBOOK] ASK: Adding orderMktData(price=144,quantity=645)
22:53:36.820 [main] DEBUG c.orderbook.OrderBook - [ORDERBOOK] ASK: Adding orderMktData(price=167,quantity=665)
22:53:36.820 [main] DEBUG c.service.MarketDataService - [ALGO] BID: price:43 quantity:134
22:53:36.820 [main] DEBUG c.service.MarketDataService - [ALGO] BID: price:76 quantity:145
22:53:36.820 [main] DEBUG c.service.MarketDataService - [ALGO] BID: price:91 quantity:300
22:53:36.820 [main] DEBUG c.service.MarketDataService - [ALGO] BID: price:93 quantity:200
22:53:36.820 [main] DEBUG c.service.MarketDataService - [ALGO] BID: price:95 quantity:100
22:53:36.820 [main] DEBUG c.service.MarketDataService - [ALGO] BID: price:98 quantity:154
22:53:36.820 [main] DEBUG c.service.MarketDataService - [ALGO] ASK: price:98 quantity:501
22:53:36.820 [main] DEBUG c.service.MarketDataService - [ALGO] ASK: price:101 quantity:200
22:53:36.820 [main] DEBUG c.service.MarketDataService - [ALGO] ASK: price:110 quantity:5000
22:53:36.820 [main] DEBUG c.service.MarketDataService - [ALGO] ASK: price:119 quantity:5600
22:53:36.820 [main] DEBUG c.service.MarketDataService - [ALGO] ASK: price:123 quantity:453
22:53:36.820 [main] DEBUG c.service.MarketDataService - [ALGO] ASK: price:144 quantity:645
22:53:36.820 [main] DEBUG c.service.MarketDataService - [ALGO] ASK: price:167 quantity:665
22:53:36.820 [main] INFO  c.gettingstarted.MyAlgoLogic - [MYALGO] The state of the order book is:
|----BID-----||----ASK----|
    134 @ 43    501 @ 98
    145 @ 76   200 @ 101
    300 @ 91  5000 @ 110
    200 @ 93  5600 @ 119
    100 @ 95   453 @ 123
    154 @ 98   645 @ 144
          -    665 @ 167
|------------||-----------|

22:53:36.820 [main] INFO  c.gettingstarted.MyAlgoLogic - [MYALGO] Algo Sees Book as: 
|----BID-----||----ASK----|
    134 @ 43    501 @ 98
    145 @ 76   200 @ 101
    300 @ 91  5000 @ 110
    200 @ 93  5600 @ 119
    100 @ 95   453 @ 123
    154 @ 98   645 @ 144
          -    665 @ 167
|------------||-----------|

22:53:36.820 [main] INFO  c.gettingstarted.TimedLogic - [TIMEDLOGIC] Market is closed
22:53:36.820 [main] INFO  c.sequencer.consumer.LoggingConsumer - [19] 
|----BID-----|
    134 @ 43
    145 @ 76
    300 @ 91
    200 @ 93
    100 @ 95
    154 @ 98
|----ASK-----|
    501 @ 98
   200 @ 101
  5000 @ 110
  5600 @ 119
   453 @ 123
   645 @ 144
   665 @ 167

22:53:36.820 [main] INFO  c.orderbook.OrderBook - [ORDERBOOK] Processing Mkt Data Update
22:53:36.820 [main] INFO  c.o.v.MutatingRemoveAllMarketDataOrdersVisitor - [ORDERBOOK] Removing market data order:MktData(price=43,quantity=134)
22:53:36.820 [main] INFO  c.o.v.MutatingRemoveAllMarketDataOrdersVisitor - [ORDERBOOK] Removing level:43
22:53:36.820 [main] DEBUG c.orderbook.OrderBook - [ORDERBOOK] ASK: Adding orderMktData(price=43,quantity=134)
22:53:36.820 [main] DEBUG c.orderbook.OrderBook - [ORDERBOOK] ASK: Adding orderMktData(price=76,quantity=145)
22:53:36.820 [main] DEBUG c.orderbook.OrderBook - [ORDERBOOK] ASK: Adding orderMktData(price=91,quantity=300)
22:53:36.820 [main] DEBUG c.orderbook.OrderBook - [ORDERBOOK] ASK: Adding orderMktData(price=93,quantity=200)
22:53:36.820 [main] DEBUG c.orderbook.OrderBook - [ORDERBOOK] ASK: Adding orderMktData(price=95,quantity=100)
22:53:36.820 [main] DEBUG c.orderbook.OrderBook - [ORDERBOOK] ASK: Adding orderMktData(price=98,quantity=154)
22:53:36.820 [main] INFO  c.o.v.MutatingMatchOneMarketDataOrderVisitor - [ORDERBOOK] visiting LevelOrderBookLevel(price=43,quantity=134)
22:53:36.820 [main] INFO  c.o.v.MutatingMatchOneMarketDataOrderVisitor - [ORDERBOOK] Can't match order:MktData(price=43,quantity=134)(MktData(price=98,quantity=154))
22:53:36.820 [main] INFO  c.o.v.MutatingRemoveAllMarketDataOrdersVisitor - [ORDERBOOK] Removing market data order:MktData(price=98,quantity=501)
22:53:36.820 [main] INFO  c.o.v.MutatingRemoveAllMarketDataOrdersVisitor - [ORDERBOOK] Removing level:98
22:53:36.820 [main] INFO  c.o.v.MutatingRemoveAllMarketDataOrdersVisitor - [ORDERBOOK] Removing market data order:MktData(price=101,quantity=200)
22:53:36.820 [main] INFO  c.o.v.MutatingRemoveAllMarketDataOrdersVisitor - [ORDERBOOK] Removing level:101
22:53:36.820 [main] INFO  c.o.v.MutatingRemoveAllMarketDataOrdersVisitor - [ORDERBOOK] Removing market data order:MktData(price=110,quantity=5000)
22:53:36.820 [main] INFO  c.o.v.MutatingRemoveAllMarketDataOrdersVisitor - [ORDERBOOK] Removing level:110
22:53:36.820 [main] INFO  c.o.v.MutatingRemoveAllMarketDataOrdersVisitor - [ORDERBOOK] Removing market data order:MktData(price=119,quantity=5600)
22:53:36.820 [main] INFO  c.o.v.MutatingRemoveAllMarketDataOrdersVisitor - [ORDERBOOK] Removing level:119
22:53:36.820 [main] INFO  c.o.v.MutatingRemoveAllMarketDataOrdersVisitor - [ORDERBOOK] Removing market data order:MktData(price=123,quantity=453)
22:53:36.820 [main] INFO  c.o.v.MutatingRemoveAllMarketDataOrdersVisitor - [ORDERBOOK] Removing level:123
22:53:36.820 [main] INFO  c.o.v.MutatingRemoveAllMarketDataOrdersVisitor - [ORDERBOOK] Removing market data order:MktData(price=144,quantity=645)
22:53:36.820 [main] INFO  c.o.v.MutatingRemoveAllMarketDataOrdersVisitor - [ORDERBOOK] Removing level:144
22:53:36.820 [main] INFO  c.o.v.MutatingRemoveAllMarketDataOrdersVisitor - [ORDERBOOK] Removing market data order:MktData(price=167,quantity=665)
22:53:36.820 [main] INFO  c.o.v.MutatingRemoveAllMarketDataOrdersVisitor - [ORDERBOOK] Removing level:167
22:53:36.820 [main] DEBUG c.orderbook.OrderBook - [ORDERBOOK] ASK: Adding orderMktData(price=98,quantity=501)
22:53:36.820 [main] DEBUG c.orderbook.OrderBook - [ORDERBOOK] ASK: Adding orderMktData(price=101,quantity=200)
22:53:36.820 [main] DEBUG c.orderbook.OrderBook - [ORDERBOOK] ASK: Adding orderMktData(price=110,quantity=5000)
22:53:36.820 [main] DEBUG c.orderbook.OrderBook - [ORDERBOOK] ASK: Adding orderMktData(price=119,quantity=5600)
22:53:36.820 [main] DEBUG c.orderbook.OrderBook - [ORDERBOOK] ASK: Adding orderMktData(price=123,quantity=453)
22:53:36.820 [main] DEBUG c.orderbook.OrderBook - [ORDERBOOK] ASK: Adding orderMktData(price=144,quantity=645)
22:53:36.833 [main] DEBUG c.orderbook.OrderBook - [ORDERBOOK] ASK: Adding orderMktData(price=167,quantity=665)
22:53:36.833 [main] DEBUG c.service.MarketDataService - [ALGO] BID: price:43 quantity:134
22:53:36.833 [main] DEBUG c.service.MarketDataService - [ALGO] BID: price:76 quantity:145
22:53:36.833 [main] DEBUG c.service.MarketDataService - [ALGO] BID: price:91 quantity:300
22:53:36.833 [main] DEBUG c.service.MarketDataService - [ALGO] BID: price:93 quantity:200
22:53:36.833 [main] DEBUG c.service.MarketDataService - [ALGO] BID: price:95 quantity:100
22:53:36.833 [main] DEBUG c.service.MarketDataService - [ALGO] BID: price:98 quantity:154
22:53:36.833 [main] DEBUG c.service.MarketDataService - [ALGO] ASK: price:98 quantity:501
22:53:36.833 [main] DEBUG c.service.MarketDataService - [ALGO] ASK: price:101 quantity:200
22:53:36.833 [main] DEBUG c.service.MarketDataService - [ALGO] ASK: price:110 quantity:5000
22:53:36.833 [main] DEBUG c.service.MarketDataService - [ALGO] ASK: price:119 quantity:5600
22:53:36.833 [main] DEBUG c.service.MarketDataService - [ALGO] ASK: price:123 quantity:453
22:53:36.833 [main] DEBUG c.service.MarketDataService - [ALGO] ASK: price:144 quantity:645
22:53:36.833 [main] DEBUG c.service.MarketDataService - [ALGO] ASK: price:167 quantity:665
22:53:36.833 [main] INFO  c.gettingstarted.MyAlgoLogic - [MYALGO] The state of the order book is:
|----BID-----||----ASK----|
    134 @ 43    501 @ 98
    145 @ 76   200 @ 101
    300 @ 91  5000 @ 110
    200 @ 93  5600 @ 119
    100 @ 95   453 @ 123
    154 @ 98   645 @ 144
          -    665 @ 167
|------------||-----------|

22:53:36.833 [main] INFO  c.gettingstarted.MyAlgoLogic - [MYALGO] Algo Sees Book as: 
|----BID-----||----ASK----|
    134 @ 43    501 @ 98
    145 @ 76   200 @ 101
    300 @ 91  5000 @ 110
    200 @ 93  5600 @ 119
    100 @ 95   453 @ 123
    154 @ 98   645 @ 144
          -    665 @ 167
|------------||-----------|

22:53:36.833 [main] INFO  c.gettingstarted.TimedLogic - [TIMEDLOGIC] Market is closed
22:53:36.833 [main] INFO  c.sequencer.consumer.LoggingConsumer - [20] 
|----BID-----|
    134 @ 43
    145 @ 76
    300 @ 91
    200 @ 93
    100 @ 95
    154 @ 98
|----ASK-----|
    501 @ 98
   200 @ 101
  5000 @ 110
  5600 @ 119
   453 @ 123
   645 @ 144
   665 @ 167

22:53:36.833 [main] INFO  c.orderbook.OrderBook - [ORDERBOOK] Processing Mkt Data Update
22:53:36.833 [main] INFO  c.o.v.MutatingRemoveAllMarketDataOrdersVisitor - [ORDERBOOK] Removing market data order:MktData(price=43,quantity=134)
22:53:36.833 [main] INFO  c.o.v.MutatingRemoveAllMarketDataOrdersVisitor - [ORDERBOOK] Removing level:43
22:53:36.833 [main] DEBUG c.orderbook.OrderBook - [ORDERBOOK] ASK: Adding orderMktData(price=43,quantity=134)
22:53:36.833 [main] DEBUG c.orderbook.OrderBook - [ORDERBOOK] ASK: Adding orderMktData(price=76,quantity=145)
22:53:36.833 [main] DEBUG c.orderbook.OrderBook - [ORDERBOOK] ASK: Adding orderMktData(price=91,quantity=300)
22:53:36.833 [main] DEBUG c.orderbook.OrderBook - [ORDERBOOK] ASK: Adding orderMktData(price=93,quantity=200)
22:53:36.833 [main] DEBUG c.orderbook.OrderBook - [ORDERBOOK] ASK: Adding orderMktData(price=95,quantity=100)
22:53:36.833 [main] DEBUG c.orderbook.OrderBook - [ORDERBOOK] ASK: Adding orderMktData(price=98,quantity=154)
22:53:36.833 [main] INFO  c.o.v.MutatingMatchOneMarketDataOrderVisitor - [ORDERBOOK] visiting LevelOrderBookLevel(price=43,quantity=134)
22:53:36.833 [main] INFO  c.o.v.MutatingMatchOneMarketDataOrderVisitor - [ORDERBOOK] Can't match order:MktData(price=43,quantity=134)(MktData(price=98,quantity=154))
22:53:36.833 [main] INFO  c.o.v.MutatingRemoveAllMarketDataOrdersVisitor - [ORDERBOOK] Removing market data order:MktData(price=98,quantity=501)
22:53:36.833 [main] INFO  c.o.v.MutatingRemoveAllMarketDataOrdersVisitor - [ORDERBOOK] Removing level:98
22:53:36.833 [main] INFO  c.o.v.MutatingRemoveAllMarketDataOrdersVisitor - [ORDERBOOK] Removing market data order:MktData(price=101,quantity=200)
22:53:36.833 [main] INFO  c.o.v.MutatingRemoveAllMarketDataOrdersVisitor - [ORDERBOOK] Removing level:101
22:53:36.833 [main] INFO  c.o.v.MutatingRemoveAllMarketDataOrdersVisitor - [ORDERBOOK] Removing market data order:MktData(price=110,quantity=5000)
22:53:36.833 [main] INFO  c.o.v.MutatingRemoveAllMarketDataOrdersVisitor - [ORDERBOOK] Removing level:110
22:53:36.833 [main] INFO  c.o.v.MutatingRemoveAllMarketDataOrdersVisitor - [ORDERBOOK] Removing market data order:MktData(price=119,quantity=5600)
22:53:36.833 [main] INFO  c.o.v.MutatingRemoveAllMarketDataOrdersVisitor - [ORDERBOOK] Removing level:119
22:53:36.833 [main] INFO  c.o.v.MutatingRemoveAllMarketDataOrdersVisitor - [ORDERBOOK] Removing market data order:MktData(price=123,quantity=453)
22:53:36.833 [main] INFO  c.o.v.MutatingRemoveAllMarketDataOrdersVisitor - [ORDERBOOK] Removing level:123
22:53:36.833 [main] INFO  c.o.v.MutatingRemoveAllMarketDataOrdersVisitor - [ORDERBOOK] Removing market data order:MktData(price=144,quantity=645)
22:53:36.833 [main] INFO  c.o.v.MutatingRemoveAllMarketDataOrdersVisitor - [ORDERBOOK] Removing level:144
22:53:36.833 [main] INFO  c.o.v.MutatingRemoveAllMarketDataOrdersVisitor - [ORDERBOOK] Removing market data order:MktData(price=167,quantity=665)
22:53:36.833 [main] INFO  c.o.v.MutatingRemoveAllMarketDataOrdersVisitor - [ORDERBOOK] Removing level:167
22:53:36.833 [main] DEBUG c.orderbook.OrderBook - [ORDERBOOK] ASK: Adding orderMktData(price=98,quantity=501)
22:53:36.833 [main] DEBUG c.orderbook.OrderBook - [ORDERBOOK] ASK: Adding orderMktData(price=101,quantity=200)
22:53:36.833 [main] DEBUG c.orderbook.OrderBook - [ORDERBOOK] ASK: Adding orderMktData(price=110,quantity=5000)
22:53:36.833 [main] DEBUG c.orderbook.OrderBook - [ORDERBOOK] ASK: Adding orderMktData(price=119,quantity=5600)
22:53:36.833 [main] DEBUG c.orderbook.OrderBook - [ORDERBOOK] ASK: Adding orderMktData(price=123,quantity=453)
22:53:36.833 [main] DEBUG c.orderbook.OrderBook - [ORDERBOOK] ASK: Adding orderMktData(price=144,quantity=645)
22:53:36.833 [main] DEBUG c.orderbook.OrderBook - [ORDERBOOK] ASK: Adding orderMktData(price=167,quantity=665)
22:53:36.833 [main] DEBUG c.service.MarketDataService - [ALGO] BID: price:43 quantity:134
22:53:36.833 [main] DEBUG c.service.MarketDataService - [ALGO] BID: price:76 quantity:145
22:53:36.833 [main] DEBUG c.service.MarketDataService - [ALGO] BID: price:91 quantity:300
22:53:36.833 [main] DEBUG c.service.MarketDataService - [ALGO] BID: price:93 quantity:200
22:53:36.833 [main] DEBUG c.service.MarketDataService - [ALGO] BID: price:95 quantity:100
22:53:36.833 [main] DEBUG c.service.MarketDataService - [ALGO] BID: price:98 quantity:154
22:53:36.833 [main] DEBUG c.service.MarketDataService - [ALGO] ASK: price:98 quantity:501
22:53:36.833 [main] DEBUG c.service.MarketDataService - [ALGO] ASK: price:101 quantity:200
22:53:36.833 [main] DEBUG c.service.MarketDataService - [ALGO] ASK: price:110 quantity:5000
22:53:36.833 [main] DEBUG c.service.MarketDataService - [ALGO] ASK: price:119 quantity:5600
22:53:36.833 [main] DEBUG c.service.MarketDataService - [ALGO] ASK: price:123 quantity:453
22:53:36.833 [main] DEBUG c.service.MarketDataService - [ALGO] ASK: price:144 quantity:645
22:53:36.833 [main] DEBUG c.service.MarketDataService - [ALGO] ASK: price:167 quantity:665
22:53:36.833 [main] INFO  c.gettingstarted.MyAlgoLogic - [MYALGO] The state of the order book is:
|----BID-----||----ASK----|
    134 @ 43    501 @ 98
    145 @ 76   200 @ 101
    300 @ 91  5000 @ 110
    200 @ 93  5600 @ 119
    100 @ 95   453 @ 123
    154 @ 98   645 @ 144
          -    665 @ 167
|------------||-----------|

22:53:36.833 [main] INFO  c.gettingstarted.MyAlgoLogic - [MYALGO] Algo Sees Book as: 
|----BID-----||----ASK----|
    134 @ 43    501 @ 98
    145 @ 76   200 @ 101
    300 @ 91  5000 @ 110
    200 @ 93  5600 @ 119
    100 @ 95   453 @ 123
    154 @ 98   645 @ 144
          -    665 @ 167
|------------||-----------|

22:53:36.833 [main] INFO  c.gettingstarted.TimedLogic - [TIMEDLOGIC] Market is closed
22:53:36.833 [main] INFO  c.sequencer.consumer.LoggingConsumer - [21] 
|----BID-----|
    134 @ 43
    145 @ 76
    300 @ 91
    200 @ 93
    100 @ 95
    154 @ 98
|----ASK-----|
    501 @ 98
   200 @ 101
  5000 @ 110
  5600 @ 119
   453 @ 123
   645 @ 144
   665 @ 167

22:53:36.833 [main] INFO  c.orderbook.OrderBook - [ORDERBOOK] Processing Mkt Data Update
22:53:36.833 [main] INFO  c.o.v.MutatingRemoveAllMarketDataOrdersVisitor - [ORDERBOOK] Removing market data order:MktData(price=43,quantity=134)
22:53:36.833 [main] INFO  c.o.v.MutatingRemoveAllMarketDataOrdersVisitor - [ORDERBOOK] Removing level:43
22:53:36.833 [main] DEBUG c.orderbook.OrderBook - [ORDERBOOK] ASK: Adding orderMktData(price=43,quantity=134)
22:53:36.833 [main] DEBUG c.orderbook.OrderBook - [ORDERBOOK] ASK: Adding orderMktData(price=76,quantity=145)
22:53:36.833 [main] DEBUG c.orderbook.OrderBook - [ORDERBOOK] ASK: Adding orderMktData(price=91,quantity=300)
22:53:36.833 [main] DEBUG c.orderbook.OrderBook - [ORDERBOOK] ASK: Adding orderMktData(price=93,quantity=200)
22:53:36.833 [main] DEBUG c.orderbook.OrderBook - [ORDERBOOK] ASK: Adding orderMktData(price=95,quantity=100)
22:53:36.833 [main] DEBUG c.orderbook.OrderBook - [ORDERBOOK] ASK: Adding orderMktData(price=98,quantity=154)
22:53:36.838 [main] INFO  c.o.v.MutatingMatchOneMarketDataOrderVisitor - [ORDERBOOK] visiting LevelOrderBookLevel(price=43,quantity=134)
22:53:36.838 [main] INFO  c.o.v.MutatingMatchOneMarketDataOrderVisitor - [ORDERBOOK] Can't match order:MktData(price=43,quantity=134)(MktData(price=98,quantity=154))
22:53:36.838 [main] INFO  c.o.v.MutatingRemoveAllMarketDataOrdersVisitor - [ORDERBOOK] Removing market data order:MktData(price=98,quantity=501)
22:53:36.838 [main] INFO  c.o.v.MutatingRemoveAllMarketDataOrdersVisitor - [ORDERBOOK] Removing level:98
22:53:36.838 [main] INFO  c.o.v.MutatingRemoveAllMarketDataOrdersVisitor - [ORDERBOOK] Removing market data order:MktData(price=101,quantity=200)
22:53:36.838 [main] INFO  c.o.v.MutatingRemoveAllMarketDataOrdersVisitor - [ORDERBOOK] Removing level:101
22:53:36.838 [main] INFO  c.o.v.MutatingRemoveAllMarketDataOrdersVisitor - [ORDERBOOK] Removing market data order:MktData(price=110,quantity=5000)
22:53:36.838 [main] INFO  c.o.v.MutatingRemoveAllMarketDataOrdersVisitor - [ORDERBOOK] Removing level:110
22:53:36.838 [main] INFO  c.o.v.MutatingRemoveAllMarketDataOrdersVisitor - [ORDERBOOK] Removing market data order:MktData(price=119,quantity=5600)
22:53:36.838 [main] INFO  c.o.v.MutatingRemoveAllMarketDataOrdersVisitor - [ORDERBOOK] Removing level:119
22:53:36.838 [main] INFO  c.o.v.MutatingRemoveAllMarketDataOrdersVisitor - [ORDERBOOK] Removing market data order:MktData(price=123,quantity=453)
22:53:36.838 [main] INFO  c.o.v.MutatingRemoveAllMarketDataOrdersVisitor - [ORDERBOOK] Removing level:123
22:53:36.838 [main] INFO  c.o.v.MutatingRemoveAllMarketDataOrdersVisitor - [ORDERBOOK] Removing market data order:MktData(price=144,quantity=645)
22:53:36.838 [main] INFO  c.o.v.MutatingRemoveAllMarketDataOrdersVisitor - [ORDERBOOK] Removing level:144
22:53:36.838 [main] INFO  c.o.v.MutatingRemoveAllMarketDataOrdersVisitor - [ORDERBOOK] Removing market data order:MktData(price=167,quantity=665)
22:53:36.838 [main] INFO  c.o.v.MutatingRemoveAllMarketDataOrdersVisitor - [ORDERBOOK] Removing level:167
22:53:36.838 [main] DEBUG c.orderbook.OrderBook - [ORDERBOOK] ASK: Adding orderMktData(price=98,quantity=501)
22:53:36.838 [main] DEBUG c.orderbook.OrderBook - [ORDERBOOK] ASK: Adding orderMktData(price=101,quantity=200)
22:53:36.838 [main] DEBUG c.orderbook.OrderBook - [ORDERBOOK] ASK: Adding orderMktData(price=110,quantity=5000)
22:53:36.838 [main] DEBUG c.orderbook.OrderBook - [ORDERBOOK] ASK: Adding orderMktData(price=119,quantity=5600)
22:53:36.838 [main] DEBUG c.orderbook.OrderBook - [ORDERBOOK] ASK: Adding orderMktData(price=123,quantity=453)
22:53:36.838 [main] DEBUG c.orderbook.OrderBook - [ORDERBOOK] ASK: Adding orderMktData(price=144,quantity=645)
22:53:36.838 [main] DEBUG c.orderbook.OrderBook - [ORDERBOOK] ASK: Adding orderMktData(price=167,quantity=665)
22:53:36.838 [main] DEBUG c.service.MarketDataService - [ALGO] BID: price:43 quantity:134
22:53:36.838 [main] DEBUG c.service.MarketDataService - [ALGO] BID: price:76 quantity:145
22:53:36.838 [main] DEBUG c.service.MarketDataService - [ALGO] BID: price:91 quantity:300
22:53:36.838 [main] DEBUG c.service.MarketDataService - [ALGO] BID: price:93 quantity:200
22:53:36.838 [main] DEBUG c.service.MarketDataService - [ALGO] BID: price:95 quantity:100
22:53:36.838 [main] DEBUG c.service.MarketDataService - [ALGO] BID: price:98 quantity:154
22:53:36.838 [main] DEBUG c.service.MarketDataService - [ALGO] ASK: price:98 quantity:501
22:53:36.838 [main] DEBUG c.service.MarketDataService - [ALGO] ASK: price:101 quantity:200
22:53:36.838 [main] DEBUG c.service.MarketDataService - [ALGO] ASK: price:110 quantity:5000
22:53:36.838 [main] DEBUG c.service.MarketDataService - [ALGO] ASK: price:119 quantity:5600
22:53:36.838 [main] DEBUG c.service.MarketDataService - [ALGO] ASK: price:123 quantity:453
22:53:36.838 [main] DEBUG c.service.MarketDataService - [ALGO] ASK: price:144 quantity:645
22:53:36.838 [main] DEBUG c.service.MarketDataService - [ALGO] ASK: price:167 quantity:665
22:53:36.838 [main] INFO  c.gettingstarted.MyAlgoLogic - [MYALGO] The state of the order book is:
|----BID-----||----ASK----|
    134 @ 43    501 @ 98
    145 @ 76   200 @ 101
    300 @ 91  5000 @ 110
    200 @ 93  5600 @ 119
    100 @ 95   453 @ 123
    154 @ 98   645 @ 144
          -    665 @ 167
|------------||-----------|

22:53:36.838 [main] INFO  c.gettingstarted.MyAlgoLogic - [MYALGO] Algo Sees Book as: 
|----BID-----||----ASK----|
    134 @ 43    501 @ 98
    145 @ 76   200 @ 101
    300 @ 91  5000 @ 110
    200 @ 93  5600 @ 119
    100 @ 95   453 @ 123
    154 @ 98   645 @ 144
          -    665 @ 167
|------------||-----------|

22:53:36.838 [main] INFO  c.gettingstarted.TimedLogic - [TIMEDLOGIC] Market is closed
22:53:36.838 [main] INFO  c.sequencer.consumer.LoggingConsumer - [22] 
|----BID-----|
    134 @ 43
    145 @ 76
    300 @ 91
    200 @ 93
    100 @ 95
    154 @ 98
|----ASK-----|
    501 @ 98
   200 @ 101
  5000 @ 110
  5600 @ 119
   453 @ 123
   645 @ 144
   665 @ 167

22:53:36.838 [main] INFO  c.orderbook.OrderBook - [ORDERBOOK] Processing Mkt Data Update
22:53:36.838 [main] INFO  c.o.v.MutatingRemoveAllMarketDataOrdersVisitor - [ORDERBOOK] Removing market data order:MktData(price=43,quantity=134)
22:53:36.838 [main] INFO  c.o.v.MutatingRemoveAllMarketDataOrdersVisitor - [ORDERBOOK] Removing level:43
22:53:36.838 [main] DEBUG c.orderbook.OrderBook - [ORDERBOOK] ASK: Adding orderMktData(price=43,quantity=134)
22:53:36.838 [main] DEBUG c.orderbook.OrderBook - [ORDERBOOK] ASK: Adding orderMktData(price=76,quantity=145)
22:53:36.838 [main] DEBUG c.orderbook.OrderBook - [ORDERBOOK] ASK: Adding orderMktData(price=91,quantity=300)
22:53:36.838 [main] DEBUG c.orderbook.OrderBook - [ORDERBOOK] ASK: Adding orderMktData(price=93,quantity=200)
22:53:36.838 [main] DEBUG c.orderbook.OrderBook - [ORDERBOOK] ASK: Adding orderMktData(price=95,quantity=100)
22:53:36.838 [main] DEBUG c.orderbook.OrderBook - [ORDERBOOK] ASK: Adding orderMktData(price=98,quantity=154)
22:53:36.838 [main] INFO  c.o.v.MutatingMatchOneMarketDataOrderVisitor - [ORDERBOOK] visiting LevelOrderBookLevel(price=43,quantity=134)
22:53:36.838 [main] INFO  c.o.v.MutatingMatchOneMarketDataOrderVisitor - [ORDERBOOK] Can't match order:MktData(price=43,quantity=134)(MktData(price=98,quantity=154))
22:53:36.838 [main] INFO  c.o.v.MutatingRemoveAllMarketDataOrdersVisitor - [ORDERBOOK] Removing market data order:MktData(price=98,quantity=501)
22:53:36.838 [main] INFO  c.o.v.MutatingRemoveAllMarketDataOrdersVisitor - [ORDERBOOK] Removing level:98
22:53:36.838 [main] INFO  c.o.v.MutatingRemoveAllMarketDataOrdersVisitor - [ORDERBOOK] Removing market data order:MktData(price=101,quantity=200)
22:53:36.838 [main] INFO  c.o.v.MutatingRemoveAllMarketDataOrdersVisitor - [ORDERBOOK] Removing level:101
22:53:36.838 [main] INFO  c.o.v.MutatingRemoveAllMarketDataOrdersVisitor - [ORDERBOOK] Removing market data order:MktData(price=110,quantity=5000)
22:53:36.838 [main] INFO  c.o.v.MutatingRemoveAllMarketDataOrdersVisitor - [ORDERBOOK] Removing level:110
22:53:36.838 [main] INFO  c.o.v.MutatingRemoveAllMarketDataOrdersVisitor - [ORDERBOOK] Removing market data order:MktData(price=119,quantity=5600)
22:53:36.838 [main] INFO  c.o.v.MutatingRemoveAllMarketDataOrdersVisitor - [ORDERBOOK] Removing level:119
22:53:36.838 [main] INFO  c.o.v.MutatingRemoveAllMarketDataOrdersVisitor - [ORDERBOOK] Removing market data order:MktData(price=123,quantity=453)
22:53:36.838 [main] INFO  c.o.v.MutatingRemoveAllMarketDataOrdersVisitor - [ORDERBOOK] Removing level:123
22:53:36.838 [main] INFO  c.o.v.MutatingRemoveAllMarketDataOrdersVisitor - [ORDERBOOK] Removing market data order:MktData(price=144,quantity=645)
22:53:36.838 [main] INFO  c.o.v.MutatingRemoveAllMarketDataOrdersVisitor - [ORDERBOOK] Removing level:144
22:53:36.838 [main] INFO  c.o.v.MutatingRemoveAllMarketDataOrdersVisitor - [ORDERBOOK] Removing market data order:MktData(price=167,quantity=665)
22:53:36.838 [main] INFO  c.o.v.MutatingRemoveAllMarketDataOrdersVisitor - [ORDERBOOK] Removing level:167
22:53:36.838 [main] DEBUG c.orderbook.OrderBook - [ORDERBOOK] ASK: Adding orderMktData(price=98,quantity=501)
22:53:36.838 [main] DEBUG c.orderbook.OrderBook - [ORDERBOOK] ASK: Adding orderMktData(price=101,quantity=200)
22:53:36.838 [main] DEBUG c.orderbook.OrderBook - [ORDERBOOK] ASK: Adding orderMktData(price=110,quantity=5000)
22:53:36.838 [main] DEBUG c.orderbook.OrderBook - [ORDERBOOK] ASK: Adding orderMktData(price=119,quantity=5600)
22:53:36.838 [main] DEBUG c.orderbook.OrderBook - [ORDERBOOK] ASK: Adding orderMktData(price=123,quantity=453)
22:53:36.838 [main] DEBUG c.orderbook.OrderBook - [ORDERBOOK] ASK: Adding orderMktData(price=144,quantity=645)
22:53:36.838 [main] DEBUG c.orderbook.OrderBook - [ORDERBOOK] ASK: Adding orderMktData(price=167,quantity=665)
22:53:36.838 [main] DEBUG c.service.MarketDataService - [ALGO] BID: price:43 quantity:134
22:53:36.838 [main] DEBUG c.service.MarketDataService - [ALGO] BID: price:76 quantity:145
22:53:36.838 [main] DEBUG c.service.MarketDataService - [ALGO] BID: price:91 quantity:300
22:53:36.838 [main] DEBUG c.service.MarketDataService - [ALGO] BID: price:93 quantity:200
22:53:36.838 [main] DEBUG c.service.MarketDataService - [ALGO] BID: price:95 quantity:100
22:53:36.838 [main] DEBUG c.service.MarketDataService - [ALGO] BID: price:98 quantity:154
22:53:36.838 [main] DEBUG c.service.MarketDataService - [ALGO] ASK: price:98 quantity:501
22:53:36.838 [main] DEBUG c.service.MarketDataService - [ALGO] ASK: price:101 quantity:200
22:53:36.838 [main] DEBUG c.service.MarketDataService - [ALGO] ASK: price:110 quantity:5000
22:53:36.838 [main] DEBUG c.service.MarketDataService - [ALGO] ASK: price:119 quantity:5600
22:53:36.838 [main] DEBUG c.service.MarketDataService - [ALGO] ASK: price:123 quantity:453
22:53:36.838 [main] DEBUG c.service.MarketDataService - [ALGO] ASK: price:144 quantity:645
22:53:36.838 [main] DEBUG c.service.MarketDataService - [ALGO] ASK: price:167 quantity:665
22:53:36.838 [main] INFO  c.gettingstarted.MyAlgoLogic - [MYALGO] The state of the order book is:
|----BID-----||----ASK----|
    134 @ 43    501 @ 98
    145 @ 76   200 @ 101
    300 @ 91  5000 @ 110
    200 @ 93  5600 @ 119
    100 @ 95   453 @ 123
    154 @ 98   645 @ 144
          -    665 @ 167
|------------||-----------|

22:53:36.838 [main] INFO  c.gettingstarted.MyAlgoLogic - [MYALGO] Algo Sees Book as: 
|----BID-----||----ASK----|
    134 @ 43    501 @ 98
    145 @ 76   200 @ 101
    300 @ 91  5000 @ 110
    200 @ 93  5600 @ 119
    100 @ 95   453 @ 123
    154 @ 98   645 @ 144
          -    665 @ 167
|------------||-----------|

22:53:36.838 [main] INFO  c.gettingstarted.TimedLogic - [TIMEDLOGIC] Market is closed
22:53:36.838 [main] INFO  c.sequencer.consumer.LoggingConsumer - [23] 
|----BID-----|
    134 @ 43
    145 @ 76
    300 @ 91
    200 @ 93
    100 @ 95
    154 @ 98
|----ASK-----|
    501 @ 98
   200 @ 101
  5000 @ 110
  5600 @ 119
   453 @ 123
   645 @ 144
   665 @ 167

22:53:36.838 [main] INFO  c.orderbook.OrderBook - [ORDERBOOK] Processing Mkt Data Update
22:53:36.838 [main] INFO  c.o.v.MutatingRemoveAllMarketDataOrdersVisitor - [ORDERBOOK] Removing market data order:MktData(price=43,quantity=134)
22:53:36.838 [main] INFO  c.o.v.MutatingRemoveAllMarketDataOrdersVisitor - [ORDERBOOK] Removing level:43
22:53:36.838 [main] DEBUG c.orderbook.OrderBook - [ORDERBOOK] ASK: Adding orderMktData(price=43,quantity=134)
22:53:36.838 [main] DEBUG c.orderbook.OrderBook - [ORDERBOOK] ASK: Adding orderMktData(price=76,quantity=145)
22:53:36.838 [main] DEBUG c.orderbook.OrderBook - [ORDERBOOK] ASK: Adding orderMktData(price=91,quantity=300)
22:53:36.838 [main] DEBUG c.orderbook.OrderBook - [ORDERBOOK] ASK: Adding orderMktData(price=93,quantity=200)
22:53:36.838 [main] DEBUG c.orderbook.OrderBook - [ORDERBOOK] ASK: Adding orderMktData(price=95,quantity=100)
22:53:36.838 [main] DEBUG c.orderbook.OrderBook - [ORDERBOOK] ASK: Adding orderMktData(price=98,quantity=154)
22:53:36.838 [main] INFO  c.o.v.MutatingMatchOneMarketDataOrderVisitor - [ORDERBOOK] visiting LevelOrderBookLevel(price=43,quantity=134)
22:53:36.838 [main] INFO  c.o.v.MutatingMatchOneMarketDataOrderVisitor - [ORDERBOOK] Can't match order:MktData(price=43,quantity=134)(MktData(price=98,quantity=154))
22:53:36.838 [main] INFO  c.o.v.MutatingRemoveAllMarketDataOrdersVisitor - [ORDERBOOK] Removing market data order:MktData(price=98,quantity=501)
22:53:36.838 [main] INFO  c.o.v.MutatingRemoveAllMarketDataOrdersVisitor - [ORDERBOOK] Removing level:98
22:53:36.838 [main] INFO  c.o.v.MutatingRemoveAllMarketDataOrdersVisitor - [ORDERBOOK] Removing market data order:MktData(price=101,quantity=200)
22:53:36.838 [main] INFO  c.o.v.MutatingRemoveAllMarketDataOrdersVisitor - [ORDERBOOK] Removing level:101
22:53:36.838 [main] INFO  c.o.v.MutatingRemoveAllMarketDataOrdersVisitor - [ORDERBOOK] Removing market data order:MktData(price=110,quantity=5000)
22:53:36.838 [main] INFO  c.o.v.MutatingRemoveAllMarketDataOrdersVisitor - [ORDERBOOK] Removing level:110
22:53:36.838 [main] INFO  c.o.v.MutatingRemoveAllMarketDataOrdersVisitor - [ORDERBOOK] Removing market data order:MktData(price=119,quantity=5600)
22:53:36.838 [main] INFO  c.o.v.MutatingRemoveAllMarketDataOrdersVisitor - [ORDERBOOK] Removing level:119
22:53:36.838 [main] INFO  c.o.v.MutatingRemoveAllMarketDataOrdersVisitor - [ORDERBOOK] Removing market data order:MktData(price=123,quantity=453)
22:53:36.838 [main] INFO  c.o.v.MutatingRemoveAllMarketDataOrdersVisitor - [ORDERBOOK] Removing level:123
22:53:36.838 [main] INFO  c.o.v.MutatingRemoveAllMarketDataOrdersVisitor - [ORDERBOOK] Removing market data order:MktData(price=144,quantity=645)
22:53:36.838 [main] INFO  c.o.v.MutatingRemoveAllMarketDataOrdersVisitor - [ORDERBOOK] Removing level:144
22:53:36.838 [main] INFO  c.o.v.MutatingRemoveAllMarketDataOrdersVisitor - [ORDERBOOK] Removing market data order:MktData(price=167,quantity=665)
22:53:36.838 [main] INFO  c.o.v.MutatingRemoveAllMarketDataOrdersVisitor - [ORDERBOOK] Removing level:167
22:53:36.838 [main] DEBUG c.orderbook.OrderBook - [ORDERBOOK] ASK: Adding orderMktData(price=98,quantity=501)
22:53:36.838 [main] DEBUG c.orderbook.OrderBook - [ORDERBOOK] ASK: Adding orderMktData(price=101,quantity=200)
22:53:36.838 [main] DEBUG c.orderbook.OrderBook - [ORDERBOOK] ASK: Adding orderMktData(price=110,quantity=5000)
22:53:36.838 [main] DEBUG c.orderbook.OrderBook - [ORDERBOOK] ASK: Adding orderMktData(price=119,quantity=5600)
22:53:36.838 [main] DEBUG c.orderbook.OrderBook - [ORDERBOOK] ASK: Adding orderMktData(price=123,quantity=453)
22:53:36.838 [main] DEBUG c.orderbook.OrderBook - [ORDERBOOK] ASK: Adding orderMktData(price=144,quantity=645)
22:53:36.838 [main] DEBUG c.orderbook.OrderBook - [ORDERBOOK] ASK: Adding orderMktData(price=167,quantity=665)
22:53:36.838 [main] DEBUG c.service.MarketDataService - [ALGO] BID: price:43 quantity:134
22:53:36.838 [main] DEBUG c.service.MarketDataService - [ALGO] BID: price:76 quantity:145
22:53:36.838 [main] DEBUG c.service.MarketDataService - [ALGO] BID: price:91 quantity:300
22:53:36.838 [main] DEBUG c.service.MarketDataService - [ALGO] BID: price:93 quantity:200
22:53:36.838 [main] DEBUG c.service.MarketDataService - [ALGO] BID: price:95 quantity:100
22:53:36.838 [main] DEBUG c.service.MarketDataService - [ALGO] BID: price:98 quantity:154
22:53:36.838 [main] DEBUG c.service.MarketDataService - [ALGO] ASK: price:98 quantity:501
22:53:36.838 [main] DEBUG c.service.MarketDataService - [ALGO] ASK: price:101 quantity:200
22:53:36.838 [main] DEBUG c.service.MarketDataService - [ALGO] ASK: price:110 quantity:5000
22:53:36.838 [main] DEBUG c.service.MarketDataService - [ALGO] ASK: price:119 quantity:5600
22:53:36.838 [main] DEBUG c.service.MarketDataService - [ALGO] ASK: price:123 quantity:453
22:53:36.838 [main] DEBUG c.service.MarketDataService - [ALGO] ASK: price:144 quantity:645
22:53:36.838 [main] DEBUG c.service.MarketDataService - [ALGO] ASK: price:167 quantity:665
22:53:36.838 [main] INFO  c.gettingstarted.MyAlgoLogic - [MYALGO] The state of the order book is:
|----BID-----||----ASK----|
    134 @ 43    501 @ 98
    145 @ 76   200 @ 101
    300 @ 91  5000 @ 110
    200 @ 93  5600 @ 119
    100 @ 95   453 @ 123
    154 @ 98   645 @ 144
          -    665 @ 167
|------------||-----------|

22:53:36.841 [main] INFO  c.gettingstarted.MyAlgoLogic - [MYALGO] Algo Sees Book as: 
|----BID-----||----ASK----|
    134 @ 43    501 @ 98
    145 @ 76   200 @ 101
    300 @ 91  5000 @ 110
    200 @ 93  5600 @ 119
    100 @ 95   453 @ 123
    154 @ 98   645 @ 144
          -    665 @ 167
|------------||-----------|

22:53:36.841 [main] INFO  c.gettingstarted.TimedLogic - [TIMEDLOGIC] Market is closed
22:53:36.841 [main] INFO  c.sequencer.consumer.LoggingConsumer - [24] 
|----BID-----|
    134 @ 43
    145 @ 76
    300 @ 91
    200 @ 93
    100 @ 95
    154 @ 98
|----ASK-----|
    501 @ 98
   200 @ 101
  5000 @ 110
  5600 @ 119
   453 @ 123
   645 @ 144
   665 @ 167

22:53:36.841 [main] INFO  c.orderbook.OrderBook - [ORDERBOOK] Processing Mkt Data Update
22:53:36.841 [main] INFO  c.o.v.MutatingRemoveAllMarketDataOrdersVisitor - [ORDERBOOK] Removing market data order:MktData(price=43,quantity=134)
22:53:36.841 [main] INFO  c.o.v.MutatingRemoveAllMarketDataOrdersVisitor - [ORDERBOOK] Removing level:43
22:53:36.841 [main] DEBUG c.orderbook.OrderBook - [ORDERBOOK] ASK: Adding orderMktData(price=43,quantity=134)
22:53:36.841 [main] DEBUG c.orderbook.OrderBook - [ORDERBOOK] ASK: Adding orderMktData(price=76,quantity=145)
22:53:36.841 [main] DEBUG c.orderbook.OrderBook - [ORDERBOOK] ASK: Adding orderMktData(price=91,quantity=300)
22:53:36.841 [main] DEBUG c.orderbook.OrderBook - [ORDERBOOK] ASK: Adding orderMktData(price=93,quantity=200)
22:53:36.841 [main] DEBUG c.orderbook.OrderBook - [ORDERBOOK] ASK: Adding orderMktData(price=95,quantity=100)
22:53:36.841 [main] DEBUG c.orderbook.OrderBook - [ORDERBOOK] ASK: Adding orderMktData(price=98,quantity=154)
22:53:36.841 [main] INFO  c.o.v.MutatingMatchOneMarketDataOrderVisitor - [ORDERBOOK] visiting LevelOrderBookLevel(price=43,quantity=134)
22:53:36.841 [main] INFO  c.o.v.MutatingMatchOneMarketDataOrderVisitor - [ORDERBOOK] Can't match order:MktData(price=43,quantity=134)(MktData(price=98,quantity=154))
22:53:36.841 [main] INFO  c.o.v.MutatingRemoveAllMarketDataOrdersVisitor - [ORDERBOOK] Removing market data order:MktData(price=98,quantity=501)
22:53:36.841 [main] INFO  c.o.v.MutatingRemoveAllMarketDataOrdersVisitor - [ORDERBOOK] Removing level:98
22:53:36.841 [main] INFO  c.o.v.MutatingRemoveAllMarketDataOrdersVisitor - [ORDERBOOK] Removing market data order:MktData(price=101,quantity=200)
22:53:36.841 [main] INFO  c.o.v.MutatingRemoveAllMarketDataOrdersVisitor - [ORDERBOOK] Removing level:101
22:53:36.841 [main] INFO  c.o.v.MutatingRemoveAllMarketDataOrdersVisitor - [ORDERBOOK] Removing market data order:MktData(price=110,quantity=5000)
22:53:36.841 [main] INFO  c.o.v.MutatingRemoveAllMarketDataOrdersVisitor - [ORDERBOOK] Removing level:110
22:53:36.841 [main] INFO  c.o.v.MutatingRemoveAllMarketDataOrdersVisitor - [ORDERBOOK] Removing market data order:MktData(price=119,quantity=5600)
22:53:36.841 [main] INFO  c.o.v.MutatingRemoveAllMarketDataOrdersVisitor - [ORDERBOOK] Removing level:119
22:53:36.841 [main] INFO  c.o.v.MutatingRemoveAllMarketDataOrdersVisitor - [ORDERBOOK] Removing market data order:MktData(price=123,quantity=453)
22:53:36.841 [main] INFO  c.o.v.MutatingRemoveAllMarketDataOrdersVisitor - [ORDERBOOK] Removing level:123
22:53:36.841 [main] INFO  c.o.v.MutatingRemoveAllMarketDataOrdersVisitor - [ORDERBOOK] Removing market data order:MktData(price=144,quantity=645)
22:53:36.841 [main] INFO  c.o.v.MutatingRemoveAllMarketDataOrdersVisitor - [ORDERBOOK] Removing level:144
22:53:36.841 [main] INFO  c.o.v.MutatingRemoveAllMarketDataOrdersVisitor - [ORDERBOOK] Removing market data order:MktData(price=167,quantity=665)
22:53:36.841 [main] INFO  c.o.v.MutatingRemoveAllMarketDataOrdersVisitor - [ORDERBOOK] Removing level:167
22:53:36.841 [main] DEBUG c.orderbook.OrderBook - [ORDERBOOK] ASK: Adding orderMktData(price=98,quantity=501)
22:53:36.841 [main] DEBUG c.orderbook.OrderBook - [ORDERBOOK] ASK: Adding orderMktData(price=101,quantity=200)
22:53:36.841 [main] DEBUG c.orderbook.OrderBook - [ORDERBOOK] ASK: Adding orderMktData(price=110,quantity=5000)
22:53:36.841 [main] DEBUG c.orderbook.OrderBook - [ORDERBOOK] ASK: Adding orderMktData(price=119,quantity=5600)
22:53:36.841 [main] DEBUG c.orderbook.OrderBook - [ORDERBOOK] ASK: Adding orderMktData(price=123,quantity=453)
22:53:36.841 [main] DEBUG c.orderbook.OrderBook - [ORDERBOOK] ASK: Adding orderMktData(price=144,quantity=645)
22:53:36.841 [main] DEBUG c.orderbook.OrderBook - [ORDERBOOK] ASK: Adding orderMktData(price=167,quantity=665)
22:53:36.841 [main] DEBUG c.service.MarketDataService - [ALGO] BID: price:43 quantity:134
22:53:36.841 [main] DEBUG c.service.MarketDataService - [ALGO] BID: price:76 quantity:145
22:53:36.841 [main] DEBUG c.service.MarketDataService - [ALGO] BID: price:91 quantity:300
22:53:36.841 [main] DEBUG c.service.MarketDataService - [ALGO] BID: price:93 quantity:200
22:53:36.841 [main] DEBUG c.service.MarketDataService - [ALGO] BID: price:95 quantity:100
22:53:36.841 [main] DEBUG c.service.MarketDataService - [ALGO] BID: price:98 quantity:154
22:53:36.841 [main] DEBUG c.service.MarketDataService - [ALGO] ASK: price:98 quantity:501
22:53:36.841 [main] DEBUG c.service.MarketDataService - [ALGO] ASK: price:101 quantity:200
22:53:36.841 [main] DEBUG c.service.MarketDataService - [ALGO] ASK: price:110 quantity:5000
22:53:36.841 [main] DEBUG c.service.MarketDataService - [ALGO] ASK: price:119 quantity:5600
22:53:36.841 [main] DEBUG c.service.MarketDataService - [ALGO] ASK: price:123 quantity:453
22:53:36.841 [main] DEBUG c.service.MarketDataService - [ALGO] ASK: price:144 quantity:645
22:53:36.841 [main] DEBUG c.service.MarketDataService - [ALGO] ASK: price:167 quantity:665
22:53:36.841 [main] INFO  c.gettingstarted.MyAlgoLogic - [MYALGO] The state of the order book is:
|----BID-----||----ASK----|
    134 @ 43    501 @ 98
    145 @ 76   200 @ 101
    300 @ 91  5000 @ 110
    200 @ 93  5600 @ 119
    100 @ 95   453 @ 123
    154 @ 98   645 @ 144
          -    665 @ 167
|------------||-----------|

22:53:36.841 [main] INFO  c.gettingstarted.MyAlgoLogic - [MYALGO] Algo Sees Book as: 
|----BID-----||----ASK----|
    134 @ 43    501 @ 98
    145 @ 76   200 @ 101
    300 @ 91  5000 @ 110
    200 @ 93  5600 @ 119
    100 @ 95   453 @ 123
    154 @ 98   645 @ 144
          -    665 @ 167
|------------||-----------|

22:53:36.841 [main] INFO  c.gettingstarted.TimedLogic - [TIMEDLOGIC] Market is closed
22:53:36.841 [main] INFO  c.sequencer.consumer.LoggingConsumer - [25] 
|----BID-----|
    134 @ 43
    145 @ 76
    300 @ 91
    200 @ 93
    100 @ 95
    154 @ 98
|----ASK-----|
    501 @ 98
   200 @ 101
  5000 @ 110
  5600 @ 119
   453 @ 123
   645 @ 144
   665 @ 167

22:53:36.841 [main] INFO  c.orderbook.OrderBook - [ORDERBOOK] Processing Mkt Data Update
22:53:36.841 [main] INFO  c.o.v.MutatingRemoveAllMarketDataOrdersVisitor - [ORDERBOOK] Removing market data order:MktData(price=43,quantity=134)
22:53:36.841 [main] INFO  c.o.v.MutatingRemoveAllMarketDataOrdersVisitor - [ORDERBOOK] Removing level:43
22:53:36.841 [main] DEBUG c.orderbook.OrderBook - [ORDERBOOK] ASK: Adding orderMktData(price=43,quantity=134)
22:53:36.841 [main] DEBUG c.orderbook.OrderBook - [ORDERBOOK] ASK: Adding orderMktData(price=76,quantity=145)
22:53:36.841 [main] DEBUG c.orderbook.OrderBook - [ORDERBOOK] ASK: Adding orderMktData(price=91,quantity=300)
22:53:36.841 [main] DEBUG c.orderbook.OrderBook - [ORDERBOOK] ASK: Adding orderMktData(price=93,quantity=200)
22:53:36.841 [main] DEBUG c.orderbook.OrderBook - [ORDERBOOK] ASK: Adding orderMktData(price=95,quantity=100)
22:53:36.841 [main] DEBUG c.orderbook.OrderBook - [ORDERBOOK] ASK: Adding orderMktData(price=98,quantity=154)
22:53:36.841 [main] INFO  c.o.v.MutatingMatchOneMarketDataOrderVisitor - [ORDERBOOK] visiting LevelOrderBookLevel(price=43,quantity=134)
22:53:36.841 [main] INFO  c.o.v.MutatingMatchOneMarketDataOrderVisitor - [ORDERBOOK] Can't match order:MktData(price=43,quantity=134)(MktData(price=98,quantity=154))
22:53:36.841 [main] INFO  c.o.v.MutatingRemoveAllMarketDataOrdersVisitor - [ORDERBOOK] Removing market data order:MktData(price=98,quantity=501)
22:53:36.841 [main] INFO  c.o.v.MutatingRemoveAllMarketDataOrdersVisitor - [ORDERBOOK] Removing level:98
22:53:36.841 [main] INFO  c.o.v.MutatingRemoveAllMarketDataOrdersVisitor - [ORDERBOOK] Removing market data order:MktData(price=101,quantity=200)
22:53:36.841 [main] INFO  c.o.v.MutatingRemoveAllMarketDataOrdersVisitor - [ORDERBOOK] Removing level:101
22:53:36.841 [main] INFO  c.o.v.MutatingRemoveAllMarketDataOrdersVisitor - [ORDERBOOK] Removing market data order:MktData(price=110,quantity=5000)
22:53:36.841 [main] INFO  c.o.v.MutatingRemoveAllMarketDataOrdersVisitor - [ORDERBOOK] Removing level:110
22:53:36.841 [main] INFO  c.o.v.MutatingRemoveAllMarketDataOrdersVisitor - [ORDERBOOK] Removing market data order:MktData(price=119,quantity=5600)
22:53:36.841 [main] INFO  c.o.v.MutatingRemoveAllMarketDataOrdersVisitor - [ORDERBOOK] Removing level:119
22:53:36.841 [main] INFO  c.o.v.MutatingRemoveAllMarketDataOrdersVisitor - [ORDERBOOK] Removing market data order:MktData(price=123,quantity=453)
22:53:36.841 [main] INFO  c.o.v.MutatingRemoveAllMarketDataOrdersVisitor - [ORDERBOOK] Removing level:123
22:53:36.841 [main] INFO  c.o.v.MutatingRemoveAllMarketDataOrdersVisitor - [ORDERBOOK] Removing market data order:MktData(price=144,quantity=645)
22:53:36.841 [main] INFO  c.o.v.MutatingRemoveAllMarketDataOrdersVisitor - [ORDERBOOK] Removing level:144
22:53:36.841 [main] INFO  c.o.v.MutatingRemoveAllMarketDataOrdersVisitor - [ORDERBOOK] Removing market data order:MktData(price=167,quantity=665)
22:53:36.841 [main] INFO  c.o.v.MutatingRemoveAllMarketDataOrdersVisitor - [ORDERBOOK] Removing level:167
22:53:36.849 [main] DEBUG c.orderbook.OrderBook - [ORDERBOOK] ASK: Adding orderMktData(price=98,quantity=501)
22:53:36.849 [main] DEBUG c.orderbook.OrderBook - [ORDERBOOK] ASK: Adding orderMktData(price=101,quantity=200)
22:53:36.849 [main] DEBUG c.orderbook.OrderBook - [ORDERBOOK] ASK: Adding orderMktData(price=110,quantity=5000)
22:53:36.849 [main] DEBUG c.orderbook.OrderBook - [ORDERBOOK] ASK: Adding orderMktData(price=119,quantity=5600)
22:53:36.849 [main] DEBUG c.orderbook.OrderBook - [ORDERBOOK] ASK: Adding orderMktData(price=123,quantity=453)
22:53:36.849 [main] DEBUG c.orderbook.OrderBook - [ORDERBOOK] ASK: Adding orderMktData(price=144,quantity=645)
22:53:36.849 [main] DEBUG c.orderbook.OrderBook - [ORDERBOOK] ASK: Adding orderMktData(price=167,quantity=665)
22:53:36.849 [main] DEBUG c.service.MarketDataService - [ALGO] BID: price:43 quantity:134
22:53:36.849 [main] DEBUG c.service.MarketDataService - [ALGO] BID: price:76 quantity:145
22:53:36.849 [main] DEBUG c.service.MarketDataService - [ALGO] BID: price:91 quantity:300
22:53:36.849 [main] DEBUG c.service.MarketDataService - [ALGO] BID: price:93 quantity:200
22:53:36.849 [main] DEBUG c.service.MarketDataService - [ALGO] BID: price:95 quantity:100
22:53:36.849 [main] DEBUG c.service.MarketDataService - [ALGO] BID: price:98 quantity:154
22:53:36.849 [main] DEBUG c.service.MarketDataService - [ALGO] ASK: price:98 quantity:501
22:53:36.849 [main] DEBUG c.service.MarketDataService - [ALGO] ASK: price:101 quantity:200
22:53:36.849 [main] DEBUG c.service.MarketDataService - [ALGO] ASK: price:110 quantity:5000
22:53:36.849 [main] DEBUG c.service.MarketDataService - [ALGO] ASK: price:119 quantity:5600
22:53:36.849 [main] DEBUG c.service.MarketDataService - [ALGO] ASK: price:123 quantity:453
22:53:36.849 [main] DEBUG c.service.MarketDataService - [ALGO] ASK: price:144 quantity:645
22:53:36.849 [main] DEBUG c.service.MarketDataService - [ALGO] ASK: price:167 quantity:665
22:53:36.849 [main] INFO  c.gettingstarted.MyAlgoLogic - [MYALGO] The state of the order book is:
|----BID-----||----ASK----|
    134 @ 43    501 @ 98
    145 @ 76   200 @ 101
    300 @ 91  5000 @ 110
    200 @ 93  5600 @ 119
    100 @ 95   453 @ 123
    154 @ 98   645 @ 144
          -    665 @ 167
|------------||-----------|

22:53:36.849 [main] INFO  c.gettingstarted.MyAlgoLogic - [MYALGO] Algo Sees Book as: 
|----BID-----||----ASK----|
    134 @ 43    501 @ 98
    145 @ 76   200 @ 101
    300 @ 91  5000 @ 110
    200 @ 93  5600 @ 119
    100 @ 95   453 @ 123
    154 @ 98   645 @ 144
          -    665 @ 167
|------------||-----------|

22:53:36.849 [main] INFO  c.gettingstarted.TimedLogic - [TIMEDLOGIC] Market is closed
22:53:36.849 [main] INFO  c.sequencer.consumer.LoggingConsumer - [26] 
|----BID-----|
    134 @ 43
    145 @ 76
    300 @ 91
    200 @ 93
    100 @ 95
    154 @ 98
|----ASK-----|
    501 @ 98
   200 @ 101
  5000 @ 110
  5600 @ 119
   453 @ 123
   645 @ 144
   665 @ 167

22:53:36.849 [main] INFO  c.orderbook.OrderBook - [ORDERBOOK] Processing Mkt Data Update
22:53:36.849 [main] INFO  c.o.v.MutatingRemoveAllMarketDataOrdersVisitor - [ORDERBOOK] Removing market data order:MktData(price=43,quantity=134)
22:53:36.849 [main] INFO  c.o.v.MutatingRemoveAllMarketDataOrdersVisitor - [ORDERBOOK] Removing level:43
22:53:36.849 [main] DEBUG c.orderbook.OrderBook - [ORDERBOOK] ASK: Adding orderMktData(price=43,quantity=134)
22:53:36.849 [main] DEBUG c.orderbook.OrderBook - [ORDERBOOK] ASK: Adding orderMktData(price=76,quantity=145)
22:53:36.849 [main] DEBUG c.orderbook.OrderBook - [ORDERBOOK] ASK: Adding orderMktData(price=91,quantity=300)
22:53:36.849 [main] DEBUG c.orderbook.OrderBook - [ORDERBOOK] ASK: Adding orderMktData(price=93,quantity=200)
22:53:36.849 [main] DEBUG c.orderbook.OrderBook - [ORDERBOOK] ASK: Adding orderMktData(price=95,quantity=100)
22:53:36.849 [main] DEBUG c.orderbook.OrderBook - [ORDERBOOK] ASK: Adding orderMktData(price=98,quantity=154)
22:53:36.849 [main] INFO  c.o.v.MutatingMatchOneMarketDataOrderVisitor - [ORDERBOOK] visiting LevelOrderBookLevel(price=43,quantity=134)
22:53:36.849 [main] INFO  c.o.v.MutatingMatchOneMarketDataOrderVisitor - [ORDERBOOK] Can't match order:MktData(price=43,quantity=134)(MktData(price=98,quantity=154))
22:53:36.849 [main] INFO  c.o.v.MutatingRemoveAllMarketDataOrdersVisitor - [ORDERBOOK] Removing market data order:MktData(price=98,quantity=501)
22:53:36.849 [main] INFO  c.o.v.MutatingRemoveAllMarketDataOrdersVisitor - [ORDERBOOK] Removing level:98
22:53:36.849 [main] INFO  c.o.v.MutatingRemoveAllMarketDataOrdersVisitor - [ORDERBOOK] Removing market data order:MktData(price=101,quantity=200)
22:53:36.849 [main] INFO  c.o.v.MutatingRemoveAllMarketDataOrdersVisitor - [ORDERBOOK] Removing level:101
22:53:36.849 [main] INFO  c.o.v.MutatingRemoveAllMarketDataOrdersVisitor - [ORDERBOOK] Removing market data order:MktData(price=110,quantity=5000)
22:53:36.849 [main] INFO  c.o.v.MutatingRemoveAllMarketDataOrdersVisitor - [ORDERBOOK] Removing level:110
22:53:36.849 [main] INFO  c.o.v.MutatingRemoveAllMarketDataOrdersVisitor - [ORDERBOOK] Removing market data order:MktData(price=119,quantity=5600)
22:53:36.849 [main] INFO  c.o.v.MutatingRemoveAllMarketDataOrdersVisitor - [ORDERBOOK] Removing level:119
22:53:36.849 [main] INFO  c.o.v.MutatingRemoveAllMarketDataOrdersVisitor - [ORDERBOOK] Removing market data order:MktData(price=123,quantity=453)
22:53:36.849 [main] INFO  c.o.v.MutatingRemoveAllMarketDataOrdersVisitor - [ORDERBOOK] Removing level:123
22:53:36.849 [main] INFO  c.o.v.MutatingRemoveAllMarketDataOrdersVisitor - [ORDERBOOK] Removing market data order:MktData(price=144,quantity=645)
22:53:36.849 [main] INFO  c.o.v.MutatingRemoveAllMarketDataOrdersVisitor - [ORDERBOOK] Removing level:144
22:53:36.849 [main] INFO  c.o.v.MutatingRemoveAllMarketDataOrdersVisitor - [ORDERBOOK] Removing market data order:MktData(price=167,quantity=665)
22:53:36.849 [main] INFO  c.o.v.MutatingRemoveAllMarketDataOrdersVisitor - [ORDERBOOK] Removing level:167
22:53:36.849 [main] DEBUG c.orderbook.OrderBook - [ORDERBOOK] ASK: Adding orderMktData(price=98,quantity=501)
22:53:36.849 [main] DEBUG c.orderbook.OrderBook - [ORDERBOOK] ASK: Adding orderMktData(price=101,quantity=200)
22:53:36.849 [main] DEBUG c.orderbook.OrderBook - [ORDERBOOK] ASK: Adding orderMktData(price=110,quantity=5000)
22:53:36.849 [main] DEBUG c.orderbook.OrderBook - [ORDERBOOK] ASK: Adding orderMktData(price=119,quantity=5600)
22:53:36.849 [main] DEBUG c.orderbook.OrderBook - [ORDERBOOK] ASK: Adding orderMktData(price=123,quantity=453)
22:53:36.849 [main] DEBUG c.orderbook.OrderBook - [ORDERBOOK] ASK: Adding orderMktData(price=144,quantity=645)
22:53:36.849 [main] DEBUG c.orderbook.OrderBook - [ORDERBOOK] ASK: Adding orderMktData(price=167,quantity=665)
22:53:36.849 [main] DEBUG c.service.MarketDataService - [ALGO] BID: price:43 quantity:134
22:53:36.849 [main] DEBUG c.service.MarketDataService - [ALGO] BID: price:76 quantity:145
22:53:36.849 [main] DEBUG c.service.MarketDataService - [ALGO] BID: price:91 quantity:300
22:53:36.849 [main] DEBUG c.service.MarketDataService - [ALGO] BID: price:93 quantity:200
22:53:36.849 [main] DEBUG c.service.MarketDataService - [ALGO] BID: price:95 quantity:100
22:53:36.849 [main] DEBUG c.service.MarketDataService - [ALGO] BID: price:98 quantity:154
22:53:36.849 [main] DEBUG c.service.MarketDataService - [ALGO] ASK: price:98 quantity:501
22:53:36.849 [main] DEBUG c.service.MarketDataService - [ALGO] ASK: price:101 quantity:200
22:53:36.849 [main] DEBUG c.service.MarketDataService - [ALGO] ASK: price:110 quantity:5000
22:53:36.849 [main] DEBUG c.service.MarketDataService - [ALGO] ASK: price:119 quantity:5600
22:53:36.849 [main] DEBUG c.service.MarketDataService - [ALGO] ASK: price:123 quantity:453
22:53:36.849 [main] DEBUG c.service.MarketDataService - [ALGO] ASK: price:144 quantity:645
22:53:36.849 [main] DEBUG c.service.MarketDataService - [ALGO] ASK: price:167 quantity:665
22:53:36.849 [main] INFO  c.gettingstarted.MyAlgoLogic - [MYALGO] The state of the order book is:
|----BID-----||----ASK----|
    134 @ 43    501 @ 98
    145 @ 76   200 @ 101
    300 @ 91  5000 @ 110
    200 @ 93  5600 @ 119
    100 @ 95   453 @ 123
    154 @ 98   645 @ 144
          -    665 @ 167
|------------||-----------|

22:53:36.849 [main] INFO  c.gettingstarted.MyAlgoLogic - [MYALGO] Algo Sees Book as: 
|----BID-----||----ASK----|
    134 @ 43    501 @ 98
    145 @ 76   200 @ 101
    300 @ 91  5000 @ 110
    200 @ 93  5600 @ 119
    100 @ 95   453 @ 123
    154 @ 98   645 @ 144
          -    665 @ 167
|------------||-----------|

22:53:36.849 [main] INFO  c.gettingstarted.TimedLogic - [TIMEDLOGIC] Market is closed
22:53:36.849 [main] INFO  c.sequencer.consumer.LoggingConsumer - [27] 
|----BID-----|
    134 @ 43
    145 @ 76
    300 @ 91
    200 @ 93
    100 @ 95
    154 @ 98
|----ASK-----|
    501 @ 98
   200 @ 101
  5000 @ 110
  5600 @ 119
   453 @ 123
   645 @ 144
   665 @ 167

22:53:36.849 [main] INFO  c.orderbook.OrderBook - [ORDERBOOK] Processing Mkt Data Update
22:53:36.849 [main] INFO  c.o.v.MutatingRemoveAllMarketDataOrdersVisitor - [ORDERBOOK] Removing market data order:MktData(price=43,quantity=134)
22:53:36.849 [main] INFO  c.o.v.MutatingRemoveAllMarketDataOrdersVisitor - [ORDERBOOK] Removing level:43
22:53:36.849 [main] DEBUG c.orderbook.OrderBook - [ORDERBOOK] ASK: Adding orderMktData(price=43,quantity=134)
22:53:36.849 [main] DEBUG c.orderbook.OrderBook - [ORDERBOOK] ASK: Adding orderMktData(price=76,quantity=145)
22:53:36.849 [main] DEBUG c.orderbook.OrderBook - [ORDERBOOK] ASK: Adding orderMktData(price=91,quantity=300)
22:53:36.849 [main] DEBUG c.orderbook.OrderBook - [ORDERBOOK] ASK: Adding orderMktData(price=93,quantity=200)
22:53:36.849 [main] DEBUG c.orderbook.OrderBook - [ORDERBOOK] ASK: Adding orderMktData(price=95,quantity=100)
22:53:36.849 [main] DEBUG c.orderbook.OrderBook - [ORDERBOOK] ASK: Adding orderMktData(price=98,quantity=154)
22:53:36.849 [main] INFO  c.o.v.MutatingMatchOneMarketDataOrderVisitor - [ORDERBOOK] visiting LevelOrderBookLevel(price=43,quantity=134)
22:53:36.849 [main] INFO  c.o.v.MutatingMatchOneMarketDataOrderVisitor - [ORDERBOOK] Can't match order:MktData(price=43,quantity=134)(MktData(price=98,quantity=154))
22:53:36.849 [main] INFO  c.o.v.MutatingRemoveAllMarketDataOrdersVisitor - [ORDERBOOK] Removing market data order:MktData(price=98,quantity=501)
22:53:36.849 [main] INFO  c.o.v.MutatingRemoveAllMarketDataOrdersVisitor - [ORDERBOOK] Removing level:98
22:53:36.849 [main] INFO  c.o.v.MutatingRemoveAllMarketDataOrdersVisitor - [ORDERBOOK] Removing market data order:MktData(price=101,quantity=200)
22:53:36.849 [main] INFO  c.o.v.MutatingRemoveAllMarketDataOrdersVisitor - [ORDERBOOK] Removing level:101
22:53:36.849 [main] INFO  c.o.v.MutatingRemoveAllMarketDataOrdersVisitor - [ORDERBOOK] Removing market data order:MktData(price=110,quantity=5000)
22:53:36.849 [main] INFO  c.o.v.MutatingRemoveAllMarketDataOrdersVisitor - [ORDERBOOK] Removing level:110
22:53:36.849 [main] INFO  c.o.v.MutatingRemoveAllMarketDataOrdersVisitor - [ORDERBOOK] Removing market data order:MktData(price=119,quantity=5600)
22:53:36.849 [main] INFO  c.o.v.MutatingRemoveAllMarketDataOrdersVisitor - [ORDERBOOK] Removing level:119
22:53:36.849 [main] INFO  c.o.v.MutatingRemoveAllMarketDataOrdersVisitor - [ORDERBOOK] Removing market data order:MktData(price=123,quantity=453)
22:53:36.849 [main] INFO  c.o.v.MutatingRemoveAllMarketDataOrdersVisitor - [ORDERBOOK] Removing level:123
22:53:36.849 [main] INFO  c.o.v.MutatingRemoveAllMarketDataOrdersVisitor - [ORDERBOOK] Removing market data order:MktData(price=144,quantity=645)
22:53:36.849 [main] INFO  c.o.v.MutatingRemoveAllMarketDataOrdersVisitor - [ORDERBOOK] Removing level:144
22:53:36.849 [main] INFO  c.o.v.MutatingRemoveAllMarketDataOrdersVisitor - [ORDERBOOK] Removing market data order:MktData(price=167,quantity=665)
22:53:36.849 [main] INFO  c.o.v.MutatingRemoveAllMarketDataOrdersVisitor - [ORDERBOOK] Removing level:167
22:53:36.849 [main] DEBUG c.orderbook.OrderBook - [ORDERBOOK] ASK: Adding orderMktData(price=98,quantity=501)
22:53:36.849 [main] DEBUG c.orderbook.OrderBook - [ORDERBOOK] ASK: Adding orderMktData(price=101,quantity=200)
22:53:36.849 [main] DEBUG c.orderbook.OrderBook - [ORDERBOOK] ASK: Adding orderMktData(price=110,quantity=5000)
22:53:36.849 [main] DEBUG c.orderbook.OrderBook - [ORDERBOOK] ASK: Adding orderMktData(price=119,quantity=5600)
22:53:36.849 [main] DEBUG c.orderbook.OrderBook - [ORDERBOOK] ASK: Adding orderMktData(price=123,quantity=453)
22:53:36.849 [main] DEBUG c.orderbook.OrderBook - [ORDERBOOK] ASK: Adding orderMktData(price=144,quantity=645)
22:53:36.849 [main] DEBUG c.orderbook.OrderBook - [ORDERBOOK] ASK: Adding orderMktData(price=167,quantity=665)
22:53:36.849 [main] DEBUG c.service.MarketDataService - [ALGO] BID: price:43 quantity:134
22:53:36.849 [main] DEBUG c.service.MarketDataService - [ALGO] BID: price:76 quantity:145
22:53:36.849 [main] DEBUG c.service.MarketDataService - [ALGO] BID: price:91 quantity:300
22:53:36.849 [main] DEBUG c.service.MarketDataService - [ALGO] BID: price:93 quantity:200
22:53:36.849 [main] DEBUG c.service.MarketDataService - [ALGO] BID: price:95 quantity:100
22:53:36.849 [main] DEBUG c.service.MarketDataService - [ALGO] BID: price:98 quantity:154
22:53:36.849 [main] DEBUG c.service.MarketDataService - [ALGO] ASK: price:98 quantity:501
22:53:36.849 [main] DEBUG c.service.MarketDataService - [ALGO] ASK: price:101 quantity:200
22:53:36.849 [main] DEBUG c.service.MarketDataService - [ALGO] ASK: price:110 quantity:5000
22:53:36.849 [main] DEBUG c.service.MarketDataService - [ALGO] ASK: price:119 quantity:5600
22:53:36.849 [main] DEBUG c.service.MarketDataService - [ALGO] ASK: price:123 quantity:453
22:53:36.849 [main] DEBUG c.service.MarketDataService - [ALGO] ASK: price:144 quantity:645
22:53:36.849 [main] DEBUG c.service.MarketDataService - [ALGO] ASK: price:167 quantity:665
22:53:36.849 [main] INFO  c.gettingstarted.MyAlgoLogic - [MYALGO] The state of the order book is:
|----BID-----||----ASK----|
    134 @ 43    501 @ 98
    145 @ 76   200 @ 101
    300 @ 91  5000 @ 110
    200 @ 93  5600 @ 119
    100 @ 95   453 @ 123
    154 @ 98   645 @ 144
          -    665 @ 167
|------------||-----------|

22:53:36.849 [main] INFO  c.gettingstarted.MyAlgoLogic - [MYALGO] Algo Sees Book as: 
|----BID-----||----ASK----|
    134 @ 43    501 @ 98
    145 @ 76   200 @ 101
    300 @ 91  5000 @ 110
    200 @ 93  5600 @ 119
    100 @ 95   453 @ 123
    154 @ 98   645 @ 144
          -    665 @ 167
|------------||-----------|

22:53:36.849 [main] INFO  c.gettingstarted.TimedLogic - [TIMEDLOGIC] Market is closed
22:53:36.849 [main] INFO  c.sequencer.consumer.LoggingConsumer - [28] 
|----BID-----|
    134 @ 43
    145 @ 76
    300 @ 91
    200 @ 93
    100 @ 95
    154 @ 98
|----ASK-----|
    501 @ 98
   200 @ 101
  5000 @ 110
  5600 @ 119
   453 @ 123
   645 @ 144
   665 @ 167

22:53:36.849 [main] INFO  c.orderbook.OrderBook - [ORDERBOOK] Processing Mkt Data Update
22:53:36.849 [main] INFO  c.o.v.MutatingRemoveAllMarketDataOrdersVisitor - [ORDERBOOK] Removing market data order:MktData(price=43,quantity=134)
22:53:36.849 [main] INFO  c.o.v.MutatingRemoveAllMarketDataOrdersVisitor - [ORDERBOOK] Removing level:43
22:53:36.849 [main] DEBUG c.orderbook.OrderBook - [ORDERBOOK] ASK: Adding orderMktData(price=43,quantity=134)
22:53:36.849 [main] DEBUG c.orderbook.OrderBook - [ORDERBOOK] ASK: Adding orderMktData(price=76,quantity=145)
22:53:36.849 [main] DEBUG c.orderbook.OrderBook - [ORDERBOOK] ASK: Adding orderMktData(price=91,quantity=300)
22:53:36.849 [main] DEBUG c.orderbook.OrderBook - [ORDERBOOK] ASK: Adding orderMktData(price=93,quantity=200)
22:53:36.849 [main] DEBUG c.orderbook.OrderBook - [ORDERBOOK] ASK: Adding orderMktData(price=95,quantity=100)
22:53:36.849 [main] DEBUG c.orderbook.OrderBook - [ORDERBOOK] ASK: Adding orderMktData(price=98,quantity=154)
22:53:36.849 [main] INFO  c.o.v.MutatingMatchOneMarketDataOrderVisitor - [ORDERBOOK] visiting LevelOrderBookLevel(price=43,quantity=134)
22:53:36.849 [main] INFO  c.o.v.MutatingMatchOneMarketDataOrderVisitor - [ORDERBOOK] Can't match order:MktData(price=43,quantity=134)(MktData(price=98,quantity=154))
22:53:36.849 [main] INFO  c.o.v.MutatingRemoveAllMarketDataOrdersVisitor - [ORDERBOOK] Removing market data order:MktData(price=98,quantity=501)
22:53:36.849 [main] INFO  c.o.v.MutatingRemoveAllMarketDataOrdersVisitor - [ORDERBOOK] Removing level:98
22:53:36.849 [main] INFO  c.o.v.MutatingRemoveAllMarketDataOrdersVisitor - [ORDERBOOK] Removing market data order:MktData(price=101,quantity=200)
22:53:36.849 [main] INFO  c.o.v.MutatingRemoveAllMarketDataOrdersVisitor - [ORDERBOOK] Removing level:101
22:53:36.849 [main] INFO  c.o.v.MutatingRemoveAllMarketDataOrdersVisitor - [ORDERBOOK] Removing market data order:MktData(price=110,quantity=5000)
22:53:36.849 [main] INFO  c.o.v.MutatingRemoveAllMarketDataOrdersVisitor - [ORDERBOOK] Removing level:110
22:53:36.849 [main] INFO  c.o.v.MutatingRemoveAllMarketDataOrdersVisitor - [ORDERBOOK] Removing market data order:MktData(price=119,quantity=5600)
22:53:36.849 [main] INFO  c.o.v.MutatingRemoveAllMarketDataOrdersVisitor - [ORDERBOOK] Removing level:119
22:53:36.849 [main] INFO  c.o.v.MutatingRemoveAllMarketDataOrdersVisitor - [ORDERBOOK] Removing market data order:MktData(price=123,quantity=453)
22:53:36.849 [main] INFO  c.o.v.MutatingRemoveAllMarketDataOrdersVisitor - [ORDERBOOK] Removing level:123
22:53:36.849 [main] INFO  c.o.v.MutatingRemoveAllMarketDataOrdersVisitor - [ORDERBOOK] Removing market data order:MktData(price=144,quantity=645)
22:53:36.849 [main] INFO  c.o.v.MutatingRemoveAllMarketDataOrdersVisitor - [ORDERBOOK] Removing level:144
22:53:36.849 [main] INFO  c.o.v.MutatingRemoveAllMarketDataOrdersVisitor - [ORDERBOOK] Removing market data order:MktData(price=167,quantity=665)
22:53:36.849 [main] INFO  c.o.v.MutatingRemoveAllMarketDataOrdersVisitor - [ORDERBOOK] Removing level:167
22:53:36.849 [main] DEBUG c.orderbook.OrderBook - [ORDERBOOK] ASK: Adding orderMktData(price=98,quantity=501)
22:53:36.849 [main] DEBUG c.orderbook.OrderBook - [ORDERBOOK] ASK: Adding orderMktData(price=101,quantity=200)
22:53:36.849 [main] DEBUG c.orderbook.OrderBook - [ORDERBOOK] ASK: Adding orderMktData(price=110,quantity=5000)
22:53:36.849 [main] DEBUG c.orderbook.OrderBook - [ORDERBOOK] ASK: Adding orderMktData(price=119,quantity=5600)
22:53:36.849 [main] DEBUG c.orderbook.OrderBook - [ORDERBOOK] ASK: Adding orderMktData(price=123,quantity=453)
22:53:36.849 [main] DEBUG c.orderbook.OrderBook - [ORDERBOOK] ASK: Adding orderMktData(price=144,quantity=645)
22:53:36.849 [main] DEBUG c.orderbook.OrderBook - [ORDERBOOK] ASK: Adding orderMktData(price=167,quantity=665)
22:53:36.849 [main] DEBUG c.service.MarketDataService - [ALGO] BID: price:43 quantity:134
22:53:36.849 [main] DEBUG c.service.MarketDataService - [ALGO] BID: price:76 quantity:145
22:53:36.849 [main] DEBUG c.service.MarketDataService - [ALGO] BID: price:91 quantity:300
22:53:36.849 [main] DEBUG c.service.MarketDataService - [ALGO] BID: price:93 quantity:200
22:53:36.849 [main] DEBUG c.service.MarketDataService - [ALGO] BID: price:95 quantity:100
22:53:36.849 [main] DEBUG c.service.MarketDataService - [ALGO] BID: price:98 quantity:154
22:53:36.849 [main] DEBUG c.service.MarketDataService - [ALGO] ASK: price:98 quantity:501
22:53:36.849 [main] DEBUG c.service.MarketDataService - [ALGO] ASK: price:101 quantity:200
22:53:36.849 [main] DEBUG c.service.MarketDataService - [ALGO] ASK: price:110 quantity:5000
22:53:36.849 [main] DEBUG c.service.MarketDataService - [ALGO] ASK: price:119 quantity:5600
22:53:36.849 [main] DEBUG c.service.MarketDataService - [ALGO] ASK: price:123 quantity:453
22:53:36.849 [main] DEBUG c.service.MarketDataService - [ALGO] ASK: price:144 quantity:645
22:53:36.849 [main] DEBUG c.service.MarketDataService - [ALGO] ASK: price:167 quantity:665
22:53:36.849 [main] INFO  c.gettingstarted.MyAlgoLogic - [MYALGO] The state of the order book is:
|----BID-----||----ASK----|
    134 @ 43    501 @ 98
    145 @ 76   200 @ 101
    300 @ 91  5000 @ 110
    200 @ 93  5600 @ 119
    100 @ 95   453 @ 123
    154 @ 98   645 @ 144
          -    665 @ 167
|------------||-----------|

22:53:36.849 [main] INFO  c.gettingstarted.MyAlgoLogic - [MYALGO] Algo Sees Book as: 
|----BID-----||----ASK----|
    134 @ 43    501 @ 98
    145 @ 76   200 @ 101
    300 @ 91  5000 @ 110
    200 @ 93  5600 @ 119
    100 @ 95   453 @ 123
    154 @ 98   645 @ 144
          -    665 @ 167
|------------||-----------|

22:53:36.849 [main] INFO  c.gettingstarted.TimedLogic - [TIMEDLOGIC] Market is closed
22:53:36.849 [main] INFO  c.sequencer.consumer.LoggingConsumer - [29] 
|----BID-----|
    134 @ 43
    145 @ 76
    300 @ 91
    200 @ 93
    100 @ 95
    154 @ 98
|----ASK-----|
    501 @ 98
   200 @ 101
  5000 @ 110
  5600 @ 119
   453 @ 123
   645 @ 144
   665 @ 167

22:53:36.849 [main] INFO  c.orderbook.OrderBook - [ORDERBOOK] Processing Mkt Data Update
22:53:36.849 [main] INFO  c.o.v.MutatingRemoveAllMarketDataOrdersVisitor - [ORDERBOOK] Removing market data order:MktData(price=43,quantity=134)
22:53:36.849 [main] INFO  c.o.v.MutatingRemoveAllMarketDataOrdersVisitor - [ORDERBOOK] Removing level:43
22:53:36.849 [main] DEBUG c.orderbook.OrderBook - [ORDERBOOK] ASK: Adding orderMktData(price=43,quantity=134)
22:53:36.849 [main] DEBUG c.orderbook.OrderBook - [ORDERBOOK] ASK: Adding orderMktData(price=76,quantity=145)
22:53:36.849 [main] DEBUG c.orderbook.OrderBook - [ORDERBOOK] ASK: Adding orderMktData(price=91,quantity=300)
22:53:36.849 [main] DEBUG c.orderbook.OrderBook - [ORDERBOOK] ASK: Adding orderMktData(price=93,quantity=200)
22:53:36.849 [main] DEBUG c.orderbook.OrderBook - [ORDERBOOK] ASK: Adding orderMktData(price=95,quantity=100)
22:53:36.849 [main] DEBUG c.orderbook.OrderBook - [ORDERBOOK] ASK: Adding orderMktData(price=98,quantity=154)
22:53:36.849 [main] INFO  c.o.v.MutatingMatchOneMarketDataOrderVisitor - [ORDERBOOK] visiting LevelOrderBookLevel(price=43,quantity=134)
22:53:36.849 [main] INFO  c.o.v.MutatingMatchOneMarketDataOrderVisitor - [ORDERBOOK] Can't match order:MktData(price=43,quantity=134)(MktData(price=98,quantity=154))
22:53:36.849 [main] INFO  c.o.v.MutatingRemoveAllMarketDataOrdersVisitor - [ORDERBOOK] Removing market data order:MktData(price=98,quantity=501)
22:53:36.849 [main] INFO  c.o.v.MutatingRemoveAllMarketDataOrdersVisitor - [ORDERBOOK] Removing level:98
22:53:36.849 [main] INFO  c.o.v.MutatingRemoveAllMarketDataOrdersVisitor - [ORDERBOOK] Removing market data order:MktData(price=101,quantity=200)
22:53:36.849 [main] INFO  c.o.v.MutatingRemoveAllMarketDataOrdersVisitor - [ORDERBOOK] Removing level:101
22:53:36.849 [main] INFO  c.o.v.MutatingRemoveAllMarketDataOrdersVisitor - [ORDERBOOK] Removing market data order:MktData(price=110,quantity=5000)
22:53:36.849 [main] INFO  c.o.v.MutatingRemoveAllMarketDataOrdersVisitor - [ORDERBOOK] Removing level:110
22:53:36.849 [main] INFO  c.o.v.MutatingRemoveAllMarketDataOrdersVisitor - [ORDERBOOK] Removing market data order:MktData(price=119,quantity=5600)
22:53:36.849 [main] INFO  c.o.v.MutatingRemoveAllMarketDataOrdersVisitor - [ORDERBOOK] Removing level:119
22:53:36.849 [main] INFO  c.o.v.MutatingRemoveAllMarketDataOrdersVisitor - [ORDERBOOK] Removing market data order:MktData(price=123,quantity=453)
22:53:36.849 [main] INFO  c.o.v.MutatingRemoveAllMarketDataOrdersVisitor - [ORDERBOOK] Removing level:123
22:53:36.849 [main] INFO  c.o.v.MutatingRemoveAllMarketDataOrdersVisitor - [ORDERBOOK] Removing market data order:MktData(price=144,quantity=645)
22:53:36.849 [main] INFO  c.o.v.MutatingRemoveAllMarketDataOrdersVisitor - [ORDERBOOK] Removing level:144
22:53:36.849 [main] INFO  c.o.v.MutatingRemoveAllMarketDataOrdersVisitor - [ORDERBOOK] Removing market data order:MktData(price=167,quantity=665)
22:53:36.849 [main] INFO  c.o.v.MutatingRemoveAllMarketDataOrdersVisitor - [ORDERBOOK] Removing level:167
22:53:36.849 [main] DEBUG c.orderbook.OrderBook - [ORDERBOOK] ASK: Adding orderMktData(price=98,quantity=501)
22:53:36.849 [main] DEBUG c.orderbook.OrderBook - [ORDERBOOK] ASK: Adding orderMktData(price=101,quantity=200)
22:53:36.849 [main] DEBUG c.orderbook.OrderBook - [ORDERBOOK] ASK: Adding orderMktData(price=110,quantity=5000)
22:53:36.849 [main] DEBUG c.orderbook.OrderBook - [ORDERBOOK] ASK: Adding orderMktData(price=119,quantity=5600)
22:53:36.849 [main] DEBUG c.orderbook.OrderBook - [ORDERBOOK] ASK: Adding orderMktData(price=123,quantity=453)
22:53:36.849 [main] DEBUG c.orderbook.OrderBook - [ORDERBOOK] ASK: Adding orderMktData(price=144,quantity=645)
22:53:36.849 [main] DEBUG c.orderbook.OrderBook - [ORDERBOOK] ASK: Adding orderMktData(price=167,quantity=665)
22:53:36.849 [main] DEBUG c.service.MarketDataService - [ALGO] BID: price:43 quantity:134
22:53:36.849 [main] DEBUG c.service.MarketDataService - [ALGO] BID: price:76 quantity:145
22:53:36.849 [main] DEBUG c.service.MarketDataService - [ALGO] BID: price:91 quantity:300
22:53:36.849 [main] DEBUG c.service.MarketDataService - [ALGO] BID: price:93 quantity:200
22:53:36.849 [main] DEBUG c.service.MarketDataService - [ALGO] BID: price:95 quantity:100
22:53:36.849 [main] DEBUG c.service.MarketDataService - [ALGO] BID: price:98 quantity:154
22:53:36.849 [main] DEBUG c.service.MarketDataService - [ALGO] ASK: price:98 quantity:501
22:53:36.849 [main] DEBUG c.service.MarketDataService - [ALGO] ASK: price:101 quantity:200
22:53:36.849 [main] DEBUG c.service.MarketDataService - [ALGO] ASK: price:110 quantity:5000
22:53:36.849 [main] DEBUG c.service.MarketDataService - [ALGO] ASK: price:119 quantity:5600
22:53:36.849 [main] DEBUG c.service.MarketDataService - [ALGO] ASK: price:123 quantity:453
22:53:36.849 [main] DEBUG c.service.MarketDataService - [ALGO] ASK: price:144 quantity:645
22:53:36.849 [main] DEBUG c.service.MarketDataService - [ALGO] ASK: price:167 quantity:665
22:53:36.849 [main] INFO  c.gettingstarted.MyAlgoLogic - [MYALGO] The state of the order book is:
|----BID-----||----ASK----|
    134 @ 43    501 @ 98
    145 @ 76   200 @ 101
    300 @ 91  5000 @ 110
    200 @ 93  5600 @ 119
    100 @ 95   453 @ 123
    154 @ 98   645 @ 144
          -    665 @ 167
|------------||-----------|

22:53:36.849 [main] INFO  c.gettingstarted.MyAlgoLogic - [MYALGO] Algo Sees Book as: 
|----BID-----||----ASK----|
    134 @ 43    501 @ 98
    145 @ 76   200 @ 101
    300 @ 91  5000 @ 110
    200 @ 93  5600 @ 119
    100 @ 95   453 @ 123
    154 @ 98   645 @ 144
          -    665 @ 167
|------------||-----------|

22:53:36.849 [main] INFO  c.gettingstarted.TimedLogic - [TIMEDLOGIC] Market is closed
22:53:36.849 [main] INFO  c.sequencer.consumer.LoggingConsumer - [30] 
|----BID-----|
    134 @ 43
    145 @ 76
    300 @ 91
    200 @ 93
    100 @ 95
    154 @ 98
|----ASK-----|
    501 @ 98
   200 @ 101
  5000 @ 110
  5600 @ 119
   453 @ 123
   645 @ 144
   665 @ 167

22:53:36.849 [main] INFO  c.orderbook.OrderBook - [ORDERBOOK] Processing Mkt Data Update
22:53:36.849 [main] INFO  c.o.v.MutatingRemoveAllMarketDataOrdersVisitor - [ORDERBOOK] Removing market data order:MktData(price=43,quantity=134)
22:53:36.849 [main] INFO  c.o.v.MutatingRemoveAllMarketDataOrdersVisitor - [ORDERBOOK] Removing level:43
22:53:36.849 [main] DEBUG c.orderbook.OrderBook - [ORDERBOOK] ASK: Adding orderMktData(price=43,quantity=134)
22:53:36.849 [main] DEBUG c.orderbook.OrderBook - [ORDERBOOK] ASK: Adding orderMktData(price=76,quantity=145)
22:53:36.849 [main] DEBUG c.orderbook.OrderBook - [ORDERBOOK] ASK: Adding orderMktData(price=91,quantity=300)
22:53:36.849 [main] DEBUG c.orderbook.OrderBook - [ORDERBOOK] ASK: Adding orderMktData(price=93,quantity=200)
22:53:36.849 [main] DEBUG c.orderbook.OrderBook - [ORDERBOOK] ASK: Adding orderMktData(price=95,quantity=100)
22:53:36.849 [main] DEBUG c.orderbook.OrderBook - [ORDERBOOK] ASK: Adding orderMktData(price=98,quantity=154)
22:53:36.849 [main] INFO  c.o.v.MutatingMatchOneMarketDataOrderVisitor - [ORDERBOOK] visiting LevelOrderBookLevel(price=43,quantity=134)
22:53:36.849 [main] INFO  c.o.v.MutatingMatchOneMarketDataOrderVisitor - [ORDERBOOK] Can't match order:MktData(price=43,quantity=134)(MktData(price=98,quantity=154))
22:53:36.849 [main] INFO  c.o.v.MutatingRemoveAllMarketDataOrdersVisitor - [ORDERBOOK] Removing market data order:MktData(price=98,quantity=501)
22:53:36.849 [main] INFO  c.o.v.MutatingRemoveAllMarketDataOrdersVisitor - [ORDERBOOK] Removing level:98
22:53:36.849 [main] INFO  c.o.v.MutatingRemoveAllMarketDataOrdersVisitor - [ORDERBOOK] Removing market data order:MktData(price=101,quantity=200)
22:53:36.849 [main] INFO  c.o.v.MutatingRemoveAllMarketDataOrdersVisitor - [ORDERBOOK] Removing level:101
22:53:36.849 [main] INFO  c.o.v.MutatingRemoveAllMarketDataOrdersVisitor - [ORDERBOOK] Removing market data order:MktData(price=110,quantity=5000)
22:53:36.849 [main] INFO  c.o.v.MutatingRemoveAllMarketDataOrdersVisitor - [ORDERBOOK] Removing level:110
22:53:36.849 [main] INFO  c.o.v.MutatingRemoveAllMarketDataOrdersVisitor - [ORDERBOOK] Removing market data order:MktData(price=119,quantity=5600)
22:53:36.849 [main] INFO  c.o.v.MutatingRemoveAllMarketDataOrdersVisitor - [ORDERBOOK] Removing level:119
22:53:36.849 [main] INFO  c.o.v.MutatingRemoveAllMarketDataOrdersVisitor - [ORDERBOOK] Removing market data order:MktData(price=123,quantity=453)
22:53:36.849 [main] INFO  c.o.v.MutatingRemoveAllMarketDataOrdersVisitor - [ORDERBOOK] Removing level:123
22:53:36.849 [main] INFO  c.o.v.MutatingRemoveAllMarketDataOrdersVisitor - [ORDERBOOK] Removing market data order:MktData(price=144,quantity=645)
22:53:36.849 [main] INFO  c.o.v.MutatingRemoveAllMarketDataOrdersVisitor - [ORDERBOOK] Removing level:144
22:53:36.849 [main] INFO  c.o.v.MutatingRemoveAllMarketDataOrdersVisitor - [ORDERBOOK] Removing market data order:MktData(price=167,quantity=665)
22:53:36.849 [main] INFO  c.o.v.MutatingRemoveAllMarketDataOrdersVisitor - [ORDERBOOK] Removing level:167
22:53:36.849 [main] DEBUG c.orderbook.OrderBook - [ORDERBOOK] ASK: Adding orderMktData(price=98,quantity=501)
22:53:36.849 [main] DEBUG c.orderbook.OrderBook - [ORDERBOOK] ASK: Adding orderMktData(price=101,quantity=200)
22:53:36.849 [main] DEBUG c.orderbook.OrderBook - [ORDERBOOK] ASK: Adding orderMktData(price=110,quantity=5000)
22:53:36.849 [main] DEBUG c.orderbook.OrderBook - [ORDERBOOK] ASK: Adding orderMktData(price=119,quantity=5600)
22:53:36.849 [main] DEBUG c.orderbook.OrderBook - [ORDERBOOK] ASK: Adding orderMktData(price=123,quantity=453)
22:53:36.849 [main] DEBUG c.orderbook.OrderBook - [ORDERBOOK] ASK: Adding orderMktData(price=144,quantity=645)
22:53:36.849 [main] DEBUG c.orderbook.OrderBook - [ORDERBOOK] ASK: Adding orderMktData(price=167,quantity=665)
22:53:36.849 [main] DEBUG c.service.MarketDataService - [ALGO] BID: price:43 quantity:134
22:53:36.849 [main] DEBUG c.service.MarketDataService - [ALGO] BID: price:76 quantity:145
22:53:36.849 [main] DEBUG c.service.MarketDataService - [ALGO] BID: price:91 quantity:300
22:53:36.849 [main] DEBUG c.service.MarketDataService - [ALGO] BID: price:93 quantity:200
22:53:36.849 [main] DEBUG c.service.MarketDataService - [ALGO] BID: price:95 quantity:100
22:53:36.849 [main] DEBUG c.service.MarketDataService - [ALGO] BID: price:98 quantity:154
22:53:36.849 [main] DEBUG c.service.MarketDataService - [ALGO] ASK: price:98 quantity:501
22:53:36.849 [main] DEBUG c.service.MarketDataService - [ALGO] ASK: price:101 quantity:200
22:53:36.849 [main] DEBUG c.service.MarketDataService - [ALGO] ASK: price:110 quantity:5000
22:53:36.849 [main] DEBUG c.service.MarketDataService - [ALGO] ASK: price:119 quantity:5600
22:53:36.849 [main] DEBUG c.service.MarketDataService - [ALGO] ASK: price:123 quantity:453
22:53:36.849 [main] DEBUG c.service.MarketDataService - [ALGO] ASK: price:144 quantity:645
22:53:36.849 [main] DEBUG c.service.MarketDataService - [ALGO] ASK: price:167 quantity:665
22:53:36.849 [main] INFO  c.gettingstarted.MyAlgoLogic - [MYALGO] The state of the order book is:
|----BID-----||----ASK----|
    134 @ 43    501 @ 98
    145 @ 76   200 @ 101
    300 @ 91  5000 @ 110
    200 @ 93  5600 @ 119
    100 @ 95   453 @ 123
    154 @ 98   645 @ 144
          -    665 @ 167
|------------||-----------|

22:53:36.849 [main] INFO  c.gettingstarted.MyAlgoLogic - [MYALGO] Algo Sees Book as: 
|----BID-----||----ASK----|
    134 @ 43    501 @ 98
    145 @ 76   200 @ 101
    300 @ 91  5000 @ 110
    200 @ 93  5600 @ 119
    100 @ 95   453 @ 123
    154 @ 98   645 @ 144
          -    665 @ 167
|------------||-----------|

22:53:36.849 [main] INFO  c.gettingstarted.TimedLogic - [TIMEDLOGIC] Market is closed
22:53:36.857 [main] INFO  c.sequencer.consumer.LoggingConsumer - [31] 
|----BID-----|
    134 @ 43
    145 @ 76
    300 @ 91
    200 @ 93
    100 @ 95
    154 @ 98
|----ASK-----|
    501 @ 98
   200 @ 101
  5000 @ 110
  5600 @ 119
   453 @ 123
   645 @ 144
   665 @ 167

22:53:36.857 [main] INFO  c.orderbook.OrderBook - [ORDERBOOK] Processing Mkt Data Update
22:53:36.857 [main] INFO  c.o.v.MutatingRemoveAllMarketDataOrdersVisitor - [ORDERBOOK] Removing market data order:MktData(price=43,quantity=134)
22:53:36.857 [main] INFO  c.o.v.MutatingRemoveAllMarketDataOrdersVisitor - [ORDERBOOK] Removing level:43
22:53:36.857 [main] DEBUG c.orderbook.OrderBook - [ORDERBOOK] ASK: Adding orderMktData(price=43,quantity=134)
22:53:36.857 [main] DEBUG c.orderbook.OrderBook - [ORDERBOOK] ASK: Adding orderMktData(price=76,quantity=145)
22:53:36.857 [main] DEBUG c.orderbook.OrderBook - [ORDERBOOK] ASK: Adding orderMktData(price=91,quantity=300)
22:53:36.857 [main] DEBUG c.orderbook.OrderBook - [ORDERBOOK] ASK: Adding orderMktData(price=93,quantity=200)
22:53:36.857 [main] DEBUG c.orderbook.OrderBook - [ORDERBOOK] ASK: Adding orderMktData(price=95,quantity=100)
22:53:36.857 [main] DEBUG c.orderbook.OrderBook - [ORDERBOOK] ASK: Adding orderMktData(price=98,quantity=154)
22:53:36.857 [main] INFO  c.o.v.MutatingMatchOneMarketDataOrderVisitor - [ORDERBOOK] visiting LevelOrderBookLevel(price=43,quantity=134)
22:53:36.857 [main] INFO  c.o.v.MutatingMatchOneMarketDataOrderVisitor - [ORDERBOOK] Can't match order:MktData(price=43,quantity=134)(MktData(price=98,quantity=154))
22:53:36.857 [main] INFO  c.o.v.MutatingRemoveAllMarketDataOrdersVisitor - [ORDERBOOK] Removing market data order:MktData(price=98,quantity=501)
22:53:36.857 [main] INFO  c.o.v.MutatingRemoveAllMarketDataOrdersVisitor - [ORDERBOOK] Removing level:98
22:53:36.857 [main] INFO  c.o.v.MutatingRemoveAllMarketDataOrdersVisitor - [ORDERBOOK] Removing market data order:MktData(price=101,quantity=200)
22:53:36.857 [main] INFO  c.o.v.MutatingRemoveAllMarketDataOrdersVisitor - [ORDERBOOK] Removing level:101
22:53:36.857 [main] INFO  c.o.v.MutatingRemoveAllMarketDataOrdersVisitor - [ORDERBOOK] Removing market data order:MktData(price=110,quantity=5000)
22:53:36.857 [main] INFO  c.o.v.MutatingRemoveAllMarketDataOrdersVisitor - [ORDERBOOK] Removing level:110
22:53:36.857 [main] INFO  c.o.v.MutatingRemoveAllMarketDataOrdersVisitor - [ORDERBOOK] Removing market data order:MktData(price=119,quantity=5600)
22:53:36.857 [main] INFO  c.o.v.MutatingRemoveAllMarketDataOrdersVisitor - [ORDERBOOK] Removing level:119
22:53:36.857 [main] INFO  c.o.v.MutatingRemoveAllMarketDataOrdersVisitor - [ORDERBOOK] Removing market data order:MktData(price=123,quantity=453)
22:53:36.857 [main] INFO  c.o.v.MutatingRemoveAllMarketDataOrdersVisitor - [ORDERBOOK] Removing level:123
22:53:36.857 [main] INFO  c.o.v.MutatingRemoveAllMarketDataOrdersVisitor - [ORDERBOOK] Removing market data order:MktData(price=144,quantity=645)
22:53:36.857 [main] INFO  c.o.v.MutatingRemoveAllMarketDataOrdersVisitor - [ORDERBOOK] Removing level:144
22:53:36.857 [main] INFO  c.o.v.MutatingRemoveAllMarketDataOrdersVisitor - [ORDERBOOK] Removing market data order:MktData(price=167,quantity=665)
22:53:36.857 [main] INFO  c.o.v.MutatingRemoveAllMarketDataOrdersVisitor - [ORDERBOOK] Removing level:167
22:53:36.857 [main] DEBUG c.orderbook.OrderBook - [ORDERBOOK] ASK: Adding orderMktData(price=98,quantity=501)
22:53:36.857 [main] DEBUG c.orderbook.OrderBook - [ORDERBOOK] ASK: Adding orderMktData(price=101,quantity=200)
22:53:36.857 [main] DEBUG c.orderbook.OrderBook - [ORDERBOOK] ASK: Adding orderMktData(price=110,quantity=5000)
22:53:36.857 [main] DEBUG c.orderbook.OrderBook - [ORDERBOOK] ASK: Adding orderMktData(price=119,quantity=5600)
22:53:36.857 [main] DEBUG c.orderbook.OrderBook - [ORDERBOOK] ASK: Adding orderMktData(price=123,quantity=453)
22:53:36.857 [main] DEBUG c.orderbook.OrderBook - [ORDERBOOK] ASK: Adding orderMktData(price=144,quantity=645)
22:53:36.857 [main] DEBUG c.orderbook.OrderBook - [ORDERBOOK] ASK: Adding orderMktData(price=167,quantity=665)
22:53:36.857 [main] DEBUG c.service.MarketDataService - [ALGO] BID: price:43 quantity:134
22:53:36.857 [main] DEBUG c.service.MarketDataService - [ALGO] BID: price:76 quantity:145
22:53:36.857 [main] DEBUG c.service.MarketDataService - [ALGO] BID: price:91 quantity:300
22:53:36.857 [main] DEBUG c.service.MarketDataService - [ALGO] BID: price:93 quantity:200
22:53:36.857 [main] DEBUG c.service.MarketDataService - [ALGO] BID: price:95 quantity:100
22:53:36.857 [main] DEBUG c.service.MarketDataService - [ALGO] BID: price:98 quantity:154
22:53:36.857 [main] DEBUG c.service.MarketDataService - [ALGO] ASK: price:98 quantity:501
22:53:36.857 [main] DEBUG c.service.MarketDataService - [ALGO] ASK: price:101 quantity:200
22:53:36.857 [main] DEBUG c.service.MarketDataService - [ALGO] ASK: price:110 quantity:5000
22:53:36.857 [main] DEBUG c.service.MarketDataService - [ALGO] ASK: price:119 quantity:5600
22:53:36.857 [main] DEBUG c.service.MarketDataService - [ALGO] ASK: price:123 quantity:453
22:53:36.857 [main] DEBUG c.service.MarketDataService - [ALGO] ASK: price:144 quantity:645
22:53:36.857 [main] DEBUG c.service.MarketDataService - [ALGO] ASK: price:167 quantity:665
22:53:36.857 [main] INFO  c.gettingstarted.MyAlgoLogic - [MYALGO] The state of the order book is:
|----BID-----||----ASK----|
    134 @ 43    501 @ 98
    145 @ 76   200 @ 101
    300 @ 91  5000 @ 110
    200 @ 93  5600 @ 119
    100 @ 95   453 @ 123
    154 @ 98   645 @ 144
          -    665 @ 167
|------------||-----------|

22:53:36.857 [main] INFO  c.gettingstarted.MyAlgoLogic - [MYALGO] Algo Sees Book as: 
|----BID-----||----ASK----|
    134 @ 43    501 @ 98
    145 @ 76   200 @ 101
    300 @ 91  5000 @ 110
    200 @ 93  5600 @ 119
    100 @ 95   453 @ 123
    154 @ 98   645 @ 144
          -    665 @ 167
|------------||-----------|

22:53:36.857 [main] INFO  c.gettingstarted.TimedLogic - [TIMEDLOGIC] Market is closed
22:53:36.858 [main] INFO  c.sequencer.consumer.LoggingConsumer - [32] 
|----BID-----|
    134 @ 43
    145 @ 76
    300 @ 91
    200 @ 93
    100 @ 95
    154 @ 98
|----ASK-----|
    501 @ 98
   200 @ 101
  5000 @ 110
  5600 @ 119
   453 @ 123
   645 @ 144
   665 @ 167

22:53:36.858 [main] INFO  c.orderbook.OrderBook - [ORDERBOOK] Processing Mkt Data Update
22:53:36.858 [main] INFO  c.o.v.MutatingRemoveAllMarketDataOrdersVisitor - [ORDERBOOK] Removing market data order:MktData(price=43,quantity=134)
22:53:36.858 [main] INFO  c.o.v.MutatingRemoveAllMarketDataOrdersVisitor - [ORDERBOOK] Removing level:43
22:53:36.858 [main] DEBUG c.orderbook.OrderBook - [ORDERBOOK] ASK: Adding orderMktData(price=43,quantity=134)
22:53:36.858 [main] DEBUG c.orderbook.OrderBook - [ORDERBOOK] ASK: Adding orderMktData(price=76,quantity=145)
22:53:36.858 [main] DEBUG c.orderbook.OrderBook - [ORDERBOOK] ASK: Adding orderMktData(price=91,quantity=300)
22:53:36.858 [main] DEBUG c.orderbook.OrderBook - [ORDERBOOK] ASK: Adding orderMktData(price=93,quantity=200)
22:53:36.858 [main] DEBUG c.orderbook.OrderBook - [ORDERBOOK] ASK: Adding orderMktData(price=95,quantity=100)
22:53:36.858 [main] DEBUG c.orderbook.OrderBook - [ORDERBOOK] ASK: Adding orderMktData(price=98,quantity=154)
22:53:36.858 [main] INFO  c.o.v.MutatingMatchOneMarketDataOrderVisitor - [ORDERBOOK] visiting LevelOrderBookLevel(price=43,quantity=134)
22:53:36.858 [main] INFO  c.o.v.MutatingMatchOneMarketDataOrderVisitor - [ORDERBOOK] Can't match order:MktData(price=43,quantity=134)(MktData(price=98,quantity=154))
22:53:36.858 [main] INFO  c.o.v.MutatingRemoveAllMarketDataOrdersVisitor - [ORDERBOOK] Removing market data order:MktData(price=98,quantity=501)
22:53:36.858 [main] INFO  c.o.v.MutatingRemoveAllMarketDataOrdersVisitor - [ORDERBOOK] Removing level:98
22:53:36.858 [main] INFO  c.o.v.MutatingRemoveAllMarketDataOrdersVisitor - [ORDERBOOK] Removing market data order:MktData(price=101,quantity=200)
22:53:36.858 [main] INFO  c.o.v.MutatingRemoveAllMarketDataOrdersVisitor - [ORDERBOOK] Removing level:101
22:53:36.858 [main] INFO  c.o.v.MutatingRemoveAllMarketDataOrdersVisitor - [ORDERBOOK] Removing market data order:MktData(price=110,quantity=5000)
22:53:36.858 [main] INFO  c.o.v.MutatingRemoveAllMarketDataOrdersVisitor - [ORDERBOOK] Removing level:110
22:53:36.858 [main] INFO  c.o.v.MutatingRemoveAllMarketDataOrdersVisitor - [ORDERBOOK] Removing market data order:MktData(price=119,quantity=5600)
22:53:36.858 [main] INFO  c.o.v.MutatingRemoveAllMarketDataOrdersVisitor - [ORDERBOOK] Removing level:119
22:53:36.858 [main] INFO  c.o.v.MutatingRemoveAllMarketDataOrdersVisitor - [ORDERBOOK] Removing market data order:MktData(price=123,quantity=453)
22:53:36.858 [main] INFO  c.o.v.MutatingRemoveAllMarketDataOrdersVisitor - [ORDERBOOK] Removing level:123
22:53:36.858 [main] INFO  c.o.v.MutatingRemoveAllMarketDataOrdersVisitor - [ORDERBOOK] Removing market data order:MktData(price=144,quantity=645)
22:53:36.858 [main] INFO  c.o.v.MutatingRemoveAllMarketDataOrdersVisitor - [ORDERBOOK] Removing level:144
22:53:36.858 [main] INFO  c.o.v.MutatingRemoveAllMarketDataOrdersVisitor - [ORDERBOOK] Removing market data order:MktData(price=167,quantity=665)
22:53:36.858 [main] INFO  c.o.v.MutatingRemoveAllMarketDataOrdersVisitor - [ORDERBOOK] Removing level:167
22:53:36.858 [main] DEBUG c.orderbook.OrderBook - [ORDERBOOK] ASK: Adding orderMktData(price=98,quantity=501)
22:53:36.858 [main] DEBUG c.orderbook.OrderBook - [ORDERBOOK] ASK: Adding orderMktData(price=101,quantity=200)
22:53:36.858 [main] DEBUG c.orderbook.OrderBook - [ORDERBOOK] ASK: Adding orderMktData(price=110,quantity=5000)
22:53:36.858 [main] DEBUG c.orderbook.OrderBook - [ORDERBOOK] ASK: Adding orderMktData(price=119,quantity=5600)
22:53:36.858 [main] DEBUG c.orderbook.OrderBook - [ORDERBOOK] ASK: Adding orderMktData(price=123,quantity=453)
22:53:36.858 [main] DEBUG c.orderbook.OrderBook - [ORDERBOOK] ASK: Adding orderMktData(price=144,quantity=645)
22:53:36.858 [main] DEBUG c.orderbook.OrderBook - [ORDERBOOK] ASK: Adding orderMktData(price=167,quantity=665)
22:53:36.858 [main] DEBUG c.service.MarketDataService - [ALGO] BID: price:43 quantity:134
22:53:36.858 [main] DEBUG c.service.MarketDataService - [ALGO] BID: price:76 quantity:145
22:53:36.858 [main] DEBUG c.service.MarketDataService - [ALGO] BID: price:91 quantity:300
22:53:36.858 [main] DEBUG c.service.MarketDataService - [ALGO] BID: price:93 quantity:200
22:53:36.858 [main] DEBUG c.service.MarketDataService - [ALGO] BID: price:95 quantity:100
22:53:36.858 [main] DEBUG c.service.MarketDataService - [ALGO] BID: price:98 quantity:154
22:53:36.858 [main] DEBUG c.service.MarketDataService - [ALGO] ASK: price:98 quantity:501
22:53:36.858 [main] DEBUG c.service.MarketDataService - [ALGO] ASK: price:101 quantity:200
22:53:36.858 [main] DEBUG c.service.MarketDataService - [ALGO] ASK: price:110 quantity:5000
22:53:36.858 [main] DEBUG c.service.MarketDataService - [ALGO] ASK: price:119 quantity:5600
22:53:36.858 [main] DEBUG c.service.MarketDataService - [ALGO] ASK: price:123 quantity:453
22:53:36.858 [main] DEBUG c.service.MarketDataService - [ALGO] ASK: price:144 quantity:645
22:53:36.858 [main] DEBUG c.service.MarketDataService - [ALGO] ASK: price:167 quantity:665
22:53:36.858 [main] INFO  c.gettingstarted.MyAlgoLogic - [MYALGO] The state of the order book is:
|----BID-----||----ASK----|
    134 @ 43    501 @ 98
    145 @ 76   200 @ 101
    300 @ 91  5000 @ 110
    200 @ 93  5600 @ 119
    100 @ 95   453 @ 123
    154 @ 98   645 @ 144
          -    665 @ 167
|------------||-----------|

22:53:36.858 [main] INFO  c.gettingstarted.MyAlgoLogic - [MYALGO] Algo Sees Book as: 
|----BID-----||----ASK----|
    134 @ 43    501 @ 98
    145 @ 76   200 @ 101
    300 @ 91  5000 @ 110
    200 @ 93  5600 @ 119
    100 @ 95   453 @ 123
    154 @ 98   645 @ 144
          -    665 @ 167
|------------||-----------|

22:53:36.858 [main] INFO  c.gettingstarted.TimedLogic - [TIMEDLOGIC] Market is closed
22:53:36.858 [main] INFO  c.sequencer.consumer.LoggingConsumer - [33] 
|----BID-----|
    134 @ 43
    145 @ 76
    300 @ 91
    200 @ 93
    100 @ 95
    154 @ 98
|----ASK-----|
    501 @ 98
   200 @ 101
  5000 @ 110
  5600 @ 119
   453 @ 123
   645 @ 144
   665 @ 167

22:53:36.858 [main] INFO  c.orderbook.OrderBook - [ORDERBOOK] Processing Mkt Data Update
22:53:36.858 [main] INFO  c.o.v.MutatingRemoveAllMarketDataOrdersVisitor - [ORDERBOOK] Removing market data order:MktData(price=43,quantity=134)
22:53:36.858 [main] INFO  c.o.v.MutatingRemoveAllMarketDataOrdersVisitor - [ORDERBOOK] Removing level:43
22:53:36.858 [main] DEBUG c.orderbook.OrderBook - [ORDERBOOK] ASK: Adding orderMktData(price=43,quantity=134)
22:53:36.858 [main] DEBUG c.orderbook.OrderBook - [ORDERBOOK] ASK: Adding orderMktData(price=76,quantity=145)
22:53:36.858 [main] DEBUG c.orderbook.OrderBook - [ORDERBOOK] ASK: Adding orderMktData(price=91,quantity=300)
22:53:36.858 [main] DEBUG c.orderbook.OrderBook - [ORDERBOOK] ASK: Adding orderMktData(price=93,quantity=200)
22:53:36.858 [main] DEBUG c.orderbook.OrderBook - [ORDERBOOK] ASK: Adding orderMktData(price=95,quantity=100)
22:53:36.858 [main] DEBUG c.orderbook.OrderBook - [ORDERBOOK] ASK: Adding orderMktData(price=98,quantity=154)
22:53:36.858 [main] INFO  c.o.v.MutatingMatchOneMarketDataOrderVisitor - [ORDERBOOK] visiting LevelOrderBookLevel(price=43,quantity=134)
22:53:36.858 [main] INFO  c.o.v.MutatingMatchOneMarketDataOrderVisitor - [ORDERBOOK] Can't match order:MktData(price=43,quantity=134)(MktData(price=98,quantity=154))
22:53:36.858 [main] INFO  c.o.v.MutatingRemoveAllMarketDataOrdersVisitor - [ORDERBOOK] Removing market data order:MktData(price=98,quantity=501)
22:53:36.858 [main] INFO  c.o.v.MutatingRemoveAllMarketDataOrdersVisitor - [ORDERBOOK] Removing level:98
22:53:36.858 [main] INFO  c.o.v.MutatingRemoveAllMarketDataOrdersVisitor - [ORDERBOOK] Removing market data order:MktData(price=101,quantity=200)
22:53:36.858 [main] INFO  c.o.v.MutatingRemoveAllMarketDataOrdersVisitor - [ORDERBOOK] Removing level:101
22:53:36.858 [main] INFO  c.o.v.MutatingRemoveAllMarketDataOrdersVisitor - [ORDERBOOK] Removing market data order:MktData(price=110,quantity=5000)
22:53:36.858 [main] INFO  c.o.v.MutatingRemoveAllMarketDataOrdersVisitor - [ORDERBOOK] Removing level:110
22:53:36.858 [main] INFO  c.o.v.MutatingRemoveAllMarketDataOrdersVisitor - [ORDERBOOK] Removing market data order:MktData(price=119,quantity=5600)
22:53:36.858 [main] INFO  c.o.v.MutatingRemoveAllMarketDataOrdersVisitor - [ORDERBOOK] Removing level:119
22:53:36.858 [main] INFO  c.o.v.MutatingRemoveAllMarketDataOrdersVisitor - [ORDERBOOK] Removing market data order:MktData(price=123,quantity=453)
22:53:36.858 [main] INFO  c.o.v.MutatingRemoveAllMarketDataOrdersVisitor - [ORDERBOOK] Removing level:123
22:53:36.858 [main] INFO  c.o.v.MutatingRemoveAllMarketDataOrdersVisitor - [ORDERBOOK] Removing market data order:MktData(price=144,quantity=645)
22:53:36.858 [main] INFO  c.o.v.MutatingRemoveAllMarketDataOrdersVisitor - [ORDERBOOK] Removing level:144
22:53:36.858 [main] INFO  c.o.v.MutatingRemoveAllMarketDataOrdersVisitor - [ORDERBOOK] Removing market data order:MktData(price=167,quantity=665)
22:53:36.858 [main] INFO  c.o.v.MutatingRemoveAllMarketDataOrdersVisitor - [ORDERBOOK] Removing level:167
22:53:36.858 [main] DEBUG c.orderbook.OrderBook - [ORDERBOOK] ASK: Adding orderMktData(price=98,quantity=501)
22:53:36.858 [main] DEBUG c.orderbook.OrderBook - [ORDERBOOK] ASK: Adding orderMktData(price=101,quantity=200)
22:53:36.858 [main] DEBUG c.orderbook.OrderBook - [ORDERBOOK] ASK: Adding orderMktData(price=110,quantity=5000)
22:53:36.858 [main] DEBUG c.orderbook.OrderBook - [ORDERBOOK] ASK: Adding orderMktData(price=119,quantity=5600)
22:53:36.858 [main] DEBUG c.orderbook.OrderBook - [ORDERBOOK] ASK: Adding orderMktData(price=123,quantity=453)
22:53:36.858 [main] DEBUG c.orderbook.OrderBook - [ORDERBOOK] ASK: Adding orderMktData(price=144,quantity=645)
22:53:36.858 [main] DEBUG c.orderbook.OrderBook - [ORDERBOOK] ASK: Adding orderMktData(price=167,quantity=665)
22:53:36.858 [main] DEBUG c.service.MarketDataService - [ALGO] BID: price:43 quantity:134
22:53:36.858 [main] DEBUG c.service.MarketDataService - [ALGO] BID: price:76 quantity:145
22:53:36.858 [main] DEBUG c.service.MarketDataService - [ALGO] BID: price:91 quantity:300
22:53:36.858 [main] DEBUG c.service.MarketDataService - [ALGO] BID: price:93 quantity:200
22:53:36.858 [main] DEBUG c.service.MarketDataService - [ALGO] BID: price:95 quantity:100
22:53:36.858 [main] DEBUG c.service.MarketDataService - [ALGO] BID: price:98 quantity:154
22:53:36.858 [main] DEBUG c.service.MarketDataService - [ALGO] ASK: price:98 quantity:501
22:53:36.858 [main] DEBUG c.service.MarketDataService - [ALGO] ASK: price:101 quantity:200
22:53:36.858 [main] DEBUG c.service.MarketDataService - [ALGO] ASK: price:110 quantity:5000
22:53:36.858 [main] DEBUG c.service.MarketDataService - [ALGO] ASK: price:119 quantity:5600
22:53:36.858 [main] DEBUG c.service.MarketDataService - [ALGO] ASK: price:123 quantity:453
22:53:36.858 [main] DEBUG c.service.MarketDataService - [ALGO] ASK: price:144 quantity:645
22:53:36.858 [main] DEBUG c.service.MarketDataService - [ALGO] ASK: price:167 quantity:665
22:53:36.858 [main] INFO  c.gettingstarted.MyAlgoLogic - [MYALGO] The state of the order book is:
|----BID-----||----ASK----|
    134 @ 43    501 @ 98
    145 @ 76   200 @ 101
    300 @ 91  5000 @ 110
    200 @ 93  5600 @ 119
    100 @ 95   453 @ 123
    154 @ 98   645 @ 144
          -    665 @ 167
|------------||-----------|

22:53:36.858 [main] INFO  c.gettingstarted.MyAlgoLogic - [MYALGO] Algo Sees Book as: 
|----BID-----||----ASK----|
    134 @ 43    501 @ 98
    145 @ 76   200 @ 101
    300 @ 91  5000 @ 110
    200 @ 93  5600 @ 119
    100 @ 95   453 @ 123
    154 @ 98   645 @ 144
          -    665 @ 167
|------------||-----------|

22:53:36.858 [main] INFO  c.gettingstarted.TimedLogic - [TIMEDLOGIC] Market is closed
22:53:36.858 [main] INFO  c.sequencer.consumer.LoggingConsumer - [34] 
|----BID-----|
    134 @ 43
    145 @ 76
    300 @ 91
    200 @ 93
    100 @ 95
    154 @ 98
|----ASK-----|
    501 @ 98
   200 @ 101
  5000 @ 110
  5600 @ 119
   453 @ 123
   645 @ 144
   665 @ 167

22:53:36.858 [main] INFO  c.orderbook.OrderBook - [ORDERBOOK] Processing Mkt Data Update
22:53:36.858 [main] INFO  c.o.v.MutatingRemoveAllMarketDataOrdersVisitor - [ORDERBOOK] Removing market data order:MktData(price=43,quantity=134)
22:53:36.858 [main] INFO  c.o.v.MutatingRemoveAllMarketDataOrdersVisitor - [ORDERBOOK] Removing level:43
22:53:36.858 [main] DEBUG c.orderbook.OrderBook - [ORDERBOOK] ASK: Adding orderMktData(price=43,quantity=134)
22:53:36.858 [main] DEBUG c.orderbook.OrderBook - [ORDERBOOK] ASK: Adding orderMktData(price=76,quantity=145)
22:53:36.858 [main] DEBUG c.orderbook.OrderBook - [ORDERBOOK] ASK: Adding orderMktData(price=91,quantity=300)
22:53:36.858 [main] DEBUG c.orderbook.OrderBook - [ORDERBOOK] ASK: Adding orderMktData(price=93,quantity=200)
22:53:36.858 [main] DEBUG c.orderbook.OrderBook - [ORDERBOOK] ASK: Adding orderMktData(price=95,quantity=100)
22:53:36.858 [main] DEBUG c.orderbook.OrderBook - [ORDERBOOK] ASK: Adding orderMktData(price=98,quantity=154)
22:53:36.858 [main] INFO  c.o.v.MutatingMatchOneMarketDataOrderVisitor - [ORDERBOOK] visiting LevelOrderBookLevel(price=43,quantity=134)
22:53:36.858 [main] INFO  c.o.v.MutatingMatchOneMarketDataOrderVisitor - [ORDERBOOK] Can't match order:MktData(price=43,quantity=134)(MktData(price=98,quantity=154))
22:53:36.858 [main] INFO  c.o.v.MutatingRemoveAllMarketDataOrdersVisitor - [ORDERBOOK] Removing market data order:MktData(price=98,quantity=501)
22:53:36.858 [main] INFO  c.o.v.MutatingRemoveAllMarketDataOrdersVisitor - [ORDERBOOK] Removing level:98
22:53:36.858 [main] INFO  c.o.v.MutatingRemoveAllMarketDataOrdersVisitor - [ORDERBOOK] Removing market data order:MktData(price=101,quantity=200)
22:53:36.858 [main] INFO  c.o.v.MutatingRemoveAllMarketDataOrdersVisitor - [ORDERBOOK] Removing level:101
22:53:36.858 [main] INFO  c.o.v.MutatingRemoveAllMarketDataOrdersVisitor - [ORDERBOOK] Removing market data order:MktData(price=110,quantity=5000)
22:53:36.858 [main] INFO  c.o.v.MutatingRemoveAllMarketDataOrdersVisitor - [ORDERBOOK] Removing level:110
22:53:36.858 [main] INFO  c.o.v.MutatingRemoveAllMarketDataOrdersVisitor - [ORDERBOOK] Removing market data order:MktData(price=119,quantity=5600)
22:53:36.858 [main] INFO  c.o.v.MutatingRemoveAllMarketDataOrdersVisitor - [ORDERBOOK] Removing level:119
22:53:36.858 [main] INFO  c.o.v.MutatingRemoveAllMarketDataOrdersVisitor - [ORDERBOOK] Removing market data order:MktData(price=123,quantity=453)
22:53:36.858 [main] INFO  c.o.v.MutatingRemoveAllMarketDataOrdersVisitor - [ORDERBOOK] Removing level:123
22:53:36.858 [main] INFO  c.o.v.MutatingRemoveAllMarketDataOrdersVisitor - [ORDERBOOK] Removing market data order:MktData(price=144,quantity=645)
22:53:36.858 [main] INFO  c.o.v.MutatingRemoveAllMarketDataOrdersVisitor - [ORDERBOOK] Removing level:144
22:53:36.858 [main] INFO  c.o.v.MutatingRemoveAllMarketDataOrdersVisitor - [ORDERBOOK] Removing market data order:MktData(price=167,quantity=665)
22:53:36.858 [main] INFO  c.o.v.MutatingRemoveAllMarketDataOrdersVisitor - [ORDERBOOK] Removing level:167
22:53:36.858 [main] DEBUG c.orderbook.OrderBook - [ORDERBOOK] ASK: Adding orderMktData(price=98,quantity=501)
22:53:36.858 [main] DEBUG c.orderbook.OrderBook - [ORDERBOOK] ASK: Adding orderMktData(price=101,quantity=200)
22:53:36.858 [main] DEBUG c.orderbook.OrderBook - [ORDERBOOK] ASK: Adding orderMktData(price=110,quantity=5000)
22:53:36.858 [main] DEBUG c.orderbook.OrderBook - [ORDERBOOK] ASK: Adding orderMktData(price=119,quantity=5600)
22:53:36.858 [main] DEBUG c.orderbook.OrderBook - [ORDERBOOK] ASK: Adding orderMktData(price=123,quantity=453)
22:53:36.858 [main] DEBUG c.orderbook.OrderBook - [ORDERBOOK] ASK: Adding orderMktData(price=144,quantity=645)
22:53:36.858 [main] DEBUG c.orderbook.OrderBook - [ORDERBOOK] ASK: Adding orderMktData(price=167,quantity=665)
22:53:36.858 [main] DEBUG c.service.MarketDataService - [ALGO] BID: price:43 quantity:134
22:53:36.858 [main] DEBUG c.service.MarketDataService - [ALGO] BID: price:76 quantity:145
22:53:36.858 [main] DEBUG c.service.MarketDataService - [ALGO] BID: price:91 quantity:300
22:53:36.858 [main] DEBUG c.service.MarketDataService - [ALGO] BID: price:93 quantity:200
22:53:36.858 [main] DEBUG c.service.MarketDataService - [ALGO] BID: price:95 quantity:100
22:53:36.858 [main] DEBUG c.service.MarketDataService - [ALGO] BID: price:98 quantity:154
22:53:36.858 [main] DEBUG c.service.MarketDataService - [ALGO] ASK: price:98 quantity:501
22:53:36.858 [main] DEBUG c.service.MarketDataService - [ALGO] ASK: price:101 quantity:200
22:53:36.858 [main] DEBUG c.service.MarketDataService - [ALGO] ASK: price:110 quantity:5000
22:53:36.858 [main] DEBUG c.service.MarketDataService - [ALGO] ASK: price:119 quantity:5600
22:53:36.858 [main] DEBUG c.service.MarketDataService - [ALGO] ASK: price:123 quantity:453
22:53:36.858 [main] DEBUG c.service.MarketDataService - [ALGO] ASK: price:144 quantity:645
22:53:36.858 [main] DEBUG c.service.MarketDataService - [ALGO] ASK: price:167 quantity:665
22:53:36.858 [main] INFO  c.gettingstarted.MyAlgoLogic - [MYALGO] The state of the order book is:
|----BID-----||----ASK----|
    134 @ 43    501 @ 98
    145 @ 76   200 @ 101
    300 @ 91  5000 @ 110
    200 @ 93  5600 @ 119
    100 @ 95   453 @ 123
    154 @ 98   645 @ 144
          -    665 @ 167
|------------||-----------|

22:53:36.858 [main] INFO  c.gettingstarted.MyAlgoLogic - [MYALGO] Algo Sees Book as: 
|----BID-----||----ASK----|
    134 @ 43    501 @ 98
    145 @ 76   200 @ 101
    300 @ 91  5000 @ 110
    200 @ 93  5600 @ 119
    100 @ 95   453 @ 123
    154 @ 98   645 @ 144
          -    665 @ 167
|------------||-----------|

22:53:36.858 [main] INFO  c.gettingstarted.TimedLogic - [TIMEDLOGIC] Market is closed
22:53:36.858 [main] INFO  c.sequencer.consumer.LoggingConsumer - [35] 
|----BID-----|
    134 @ 43
    145 @ 76
    300 @ 91
    200 @ 93
    100 @ 95
    154 @ 98
|----ASK-----|
    501 @ 98
   200 @ 101
  5000 @ 110
  5600 @ 119
   453 @ 123
   645 @ 144
   665 @ 167

22:53:36.858 [main] INFO  c.orderbook.OrderBook - [ORDERBOOK] Processing Mkt Data Update
22:53:36.858 [main] INFO  c.o.v.MutatingRemoveAllMarketDataOrdersVisitor - [ORDERBOOK] Removing market data order:MktData(price=43,quantity=134)
22:53:36.858 [main] INFO  c.o.v.MutatingRemoveAllMarketDataOrdersVisitor - [ORDERBOOK] Removing level:43
22:53:36.858 [main] DEBUG c.orderbook.OrderBook - [ORDERBOOK] ASK: Adding orderMktData(price=43,quantity=134)
22:53:36.858 [main] DEBUG c.orderbook.OrderBook - [ORDERBOOK] ASK: Adding orderMktData(price=76,quantity=145)
22:53:36.858 [main] DEBUG c.orderbook.OrderBook - [ORDERBOOK] ASK: Adding orderMktData(price=91,quantity=300)
22:53:36.858 [main] DEBUG c.orderbook.OrderBook - [ORDERBOOK] ASK: Adding orderMktData(price=93,quantity=200)
22:53:36.858 [main] DEBUG c.orderbook.OrderBook - [ORDERBOOK] ASK: Adding orderMktData(price=95,quantity=100)
22:53:36.858 [main] DEBUG c.orderbook.OrderBook - [ORDERBOOK] ASK: Adding orderMktData(price=98,quantity=154)
22:53:36.858 [main] INFO  c.o.v.MutatingMatchOneMarketDataOrderVisitor - [ORDERBOOK] visiting LevelOrderBookLevel(price=43,quantity=134)
22:53:36.858 [main] INFO  c.o.v.MutatingMatchOneMarketDataOrderVisitor - [ORDERBOOK] Can't match order:MktData(price=43,quantity=134)(MktData(price=98,quantity=154))
22:53:36.858 [main] INFO  c.o.v.MutatingRemoveAllMarketDataOrdersVisitor - [ORDERBOOK] Removing market data order:MktData(price=98,quantity=501)
22:53:36.858 [main] INFO  c.o.v.MutatingRemoveAllMarketDataOrdersVisitor - [ORDERBOOK] Removing level:98
22:53:36.858 [main] INFO  c.o.v.MutatingRemoveAllMarketDataOrdersVisitor - [ORDERBOOK] Removing market data order:MktData(price=101,quantity=200)
22:53:36.858 [main] INFO  c.o.v.MutatingRemoveAllMarketDataOrdersVisitor - [ORDERBOOK] Removing level:101
22:53:36.858 [main] INFO  c.o.v.MutatingRemoveAllMarketDataOrdersVisitor - [ORDERBOOK] Removing market data order:MktData(price=110,quantity=5000)
22:53:36.858 [main] INFO  c.o.v.MutatingRemoveAllMarketDataOrdersVisitor - [ORDERBOOK] Removing level:110
22:53:36.858 [main] INFO  c.o.v.MutatingRemoveAllMarketDataOrdersVisitor - [ORDERBOOK] Removing market data order:MktData(price=119,quantity=5600)
22:53:36.858 [main] INFO  c.o.v.MutatingRemoveAllMarketDataOrdersVisitor - [ORDERBOOK] Removing level:119
22:53:36.858 [main] INFO  c.o.v.MutatingRemoveAllMarketDataOrdersVisitor - [ORDERBOOK] Removing market data order:MktData(price=123,quantity=453)
22:53:36.858 [main] INFO  c.o.v.MutatingRemoveAllMarketDataOrdersVisitor - [ORDERBOOK] Removing level:123
22:53:36.858 [main] INFO  c.o.v.MutatingRemoveAllMarketDataOrdersVisitor - [ORDERBOOK] Removing market data order:MktData(price=144,quantity=645)
22:53:36.858 [main] INFO  c.o.v.MutatingRemoveAllMarketDataOrdersVisitor - [ORDERBOOK] Removing level:144
22:53:36.858 [main] INFO  c.o.v.MutatingRemoveAllMarketDataOrdersVisitor - [ORDERBOOK] Removing market data order:MktData(price=167,quantity=665)
22:53:36.858 [main] INFO  c.o.v.MutatingRemoveAllMarketDataOrdersVisitor - [ORDERBOOK] Removing level:167
22:53:36.858 [main] DEBUG c.orderbook.OrderBook - [ORDERBOOK] ASK: Adding orderMktData(price=98,quantity=501)
22:53:36.858 [main] DEBUG c.orderbook.OrderBook - [ORDERBOOK] ASK: Adding orderMktData(price=101,quantity=200)
22:53:36.858 [main] DEBUG c.orderbook.OrderBook - [ORDERBOOK] ASK: Adding orderMktData(price=110,quantity=5000)
22:53:36.858 [main] DEBUG c.orderbook.OrderBook - [ORDERBOOK] ASK: Adding orderMktData(price=119,quantity=5600)
22:53:36.858 [main] DEBUG c.orderbook.OrderBook - [ORDERBOOK] ASK: Adding orderMktData(price=123,quantity=453)
22:53:36.858 [main] DEBUG c.orderbook.OrderBook - [ORDERBOOK] ASK: Adding orderMktData(price=144,quantity=645)
22:53:36.858 [main] DEBUG c.orderbook.OrderBook - [ORDERBOOK] ASK: Adding orderMktData(price=167,quantity=665)
22:53:36.858 [main] DEBUG c.service.MarketDataService - [ALGO] BID: price:43 quantity:134
22:53:36.858 [main] DEBUG c.service.MarketDataService - [ALGO] BID: price:76 quantity:145
22:53:36.858 [main] DEBUG c.service.MarketDataService - [ALGO] BID: price:91 quantity:300
22:53:36.858 [main] DEBUG c.service.MarketDataService - [ALGO] BID: price:93 quantity:200
22:53:36.858 [main] DEBUG c.service.MarketDataService - [ALGO] BID: price:95 quantity:100
22:53:36.858 [main] DEBUG c.service.MarketDataService - [ALGO] BID: price:98 quantity:154
22:53:36.858 [main] DEBUG c.service.MarketDataService - [ALGO] ASK: price:98 quantity:501
22:53:36.858 [main] DEBUG c.service.MarketDataService - [ALGO] ASK: price:101 quantity:200
22:53:36.858 [main] DEBUG c.service.MarketDataService - [ALGO] ASK: price:110 quantity:5000
22:53:36.858 [main] DEBUG c.service.MarketDataService - [ALGO] ASK: price:119 quantity:5600
22:53:36.858 [main] DEBUG c.service.MarketDataService - [ALGO] ASK: price:123 quantity:453
22:53:36.858 [main] DEBUG c.service.MarketDataService - [ALGO] ASK: price:144 quantity:645
22:53:36.858 [main] DEBUG c.service.MarketDataService - [ALGO] ASK: price:167 quantity:665
22:53:36.858 [main] INFO  c.gettingstarted.MyAlgoLogic - [MYALGO] The state of the order book is:
|----BID-----||----ASK----|
    134 @ 43    501 @ 98
    145 @ 76   200 @ 101
    300 @ 91  5000 @ 110
    200 @ 93  5600 @ 119
    100 @ 95   453 @ 123
    154 @ 98   645 @ 144
          -    665 @ 167
|------------||-----------|

22:53:36.858 [main] INFO  c.gettingstarted.MyAlgoLogic - [MYALGO] Algo Sees Book as: 
|----BID-----||----ASK----|
    134 @ 43    501 @ 98
    145 @ 76   200 @ 101
    300 @ 91  5000 @ 110
    200 @ 93  5600 @ 119
    100 @ 95   453 @ 123
    154 @ 98   645 @ 144
          -    665 @ 167
|------------||-----------|

22:53:36.858 [main] INFO  c.gettingstarted.TimedLogic - [TIMEDLOGIC] Market is closed
22:53:36.858 [main] INFO  c.sequencer.consumer.LoggingConsumer - [36] 
|----BID-----|
    134 @ 43
    145 @ 76
    300 @ 91
    200 @ 93
    100 @ 95
    154 @ 98
|----ASK-----|
    501 @ 98
   200 @ 101
  5000 @ 110
  5600 @ 119
   453 @ 123
   645 @ 144
   665 @ 167

22:53:36.858 [main] INFO  c.orderbook.OrderBook - [ORDERBOOK] Processing Mkt Data Update
22:53:36.858 [main] INFO  c.o.v.MutatingRemoveAllMarketDataOrdersVisitor - [ORDERBOOK] Removing market data order:MktData(price=43,quantity=134)
22:53:36.858 [main] INFO  c.o.v.MutatingRemoveAllMarketDataOrdersVisitor - [ORDERBOOK] Removing level:43
22:53:36.858 [main] DEBUG c.orderbook.OrderBook - [ORDERBOOK] ASK: Adding orderMktData(price=43,quantity=134)
22:53:36.858 [main] DEBUG c.orderbook.OrderBook - [ORDERBOOK] ASK: Adding orderMktData(price=76,quantity=145)
22:53:36.858 [main] DEBUG c.orderbook.OrderBook - [ORDERBOOK] ASK: Adding orderMktData(price=91,quantity=300)
22:53:36.858 [main] DEBUG c.orderbook.OrderBook - [ORDERBOOK] ASK: Adding orderMktData(price=93,quantity=200)
22:53:36.858 [main] DEBUG c.orderbook.OrderBook - [ORDERBOOK] ASK: Adding orderMktData(price=95,quantity=100)
22:53:36.858 [main] DEBUG c.orderbook.OrderBook - [ORDERBOOK] ASK: Adding orderMktData(price=98,quantity=154)
22:53:36.858 [main] INFO  c.o.v.MutatingMatchOneMarketDataOrderVisitor - [ORDERBOOK] visiting LevelOrderBookLevel(price=43,quantity=134)
22:53:36.858 [main] INFO  c.o.v.MutatingMatchOneMarketDataOrderVisitor - [ORDERBOOK] Can't match order:MktData(price=43,quantity=134)(MktData(price=98,quantity=154))
22:53:36.858 [main] INFO  c.o.v.MutatingRemoveAllMarketDataOrdersVisitor - [ORDERBOOK] Removing market data order:MktData(price=98,quantity=501)
22:53:36.858 [main] INFO  c.o.v.MutatingRemoveAllMarketDataOrdersVisitor - [ORDERBOOK] Removing level:98
22:53:36.858 [main] INFO  c.o.v.MutatingRemoveAllMarketDataOrdersVisitor - [ORDERBOOK] Removing market data order:MktData(price=101,quantity=200)
22:53:36.858 [main] INFO  c.o.v.MutatingRemoveAllMarketDataOrdersVisitor - [ORDERBOOK] Removing level:101
22:53:36.858 [main] INFO  c.o.v.MutatingRemoveAllMarketDataOrdersVisitor - [ORDERBOOK] Removing market data order:MktData(price=110,quantity=5000)
22:53:36.858 [main] INFO  c.o.v.MutatingRemoveAllMarketDataOrdersVisitor - [ORDERBOOK] Removing level:110
22:53:36.858 [main] INFO  c.o.v.MutatingRemoveAllMarketDataOrdersVisitor - [ORDERBOOK] Removing market data order:MktData(price=119,quantity=5600)
22:53:36.858 [main] INFO  c.o.v.MutatingRemoveAllMarketDataOrdersVisitor - [ORDERBOOK] Removing level:119
22:53:36.858 [main] INFO  c.o.v.MutatingRemoveAllMarketDataOrdersVisitor - [ORDERBOOK] Removing market data order:MktData(price=123,quantity=453)
22:53:36.858 [main] INFO  c.o.v.MutatingRemoveAllMarketDataOrdersVisitor - [ORDERBOOK] Removing level:123
22:53:36.858 [main] INFO  c.o.v.MutatingRemoveAllMarketDataOrdersVisitor - [ORDERBOOK] Removing market data order:MktData(price=144,quantity=645)
22:53:36.858 [main] INFO  c.o.v.MutatingRemoveAllMarketDataOrdersVisitor - [ORDERBOOK] Removing level:144
22:53:36.858 [main] INFO  c.o.v.MutatingRemoveAllMarketDataOrdersVisitor - [ORDERBOOK] Removing market data order:MktData(price=167,quantity=665)
22:53:36.858 [main] INFO  c.o.v.MutatingRemoveAllMarketDataOrdersVisitor - [ORDERBOOK] Removing level:167
22:53:36.858 [main] DEBUG c.orderbook.OrderBook - [ORDERBOOK] ASK: Adding orderMktData(price=98,quantity=501)
22:53:36.858 [main] DEBUG c.orderbook.OrderBook - [ORDERBOOK] ASK: Adding orderMktData(price=101,quantity=200)
22:53:36.858 [main] DEBUG c.orderbook.OrderBook - [ORDERBOOK] ASK: Adding orderMktData(price=110,quantity=5000)
22:53:36.858 [main] DEBUG c.orderbook.OrderBook - [ORDERBOOK] ASK: Adding orderMktData(price=119,quantity=5600)
22:53:36.858 [main] DEBUG c.orderbook.OrderBook - [ORDERBOOK] ASK: Adding orderMktData(price=123,quantity=453)
22:53:36.858 [main] DEBUG c.orderbook.OrderBook - [ORDERBOOK] ASK: Adding orderMktData(price=144,quantity=645)
22:53:36.858 [main] DEBUG c.orderbook.OrderBook - [ORDERBOOK] ASK: Adding orderMktData(price=167,quantity=665)
22:53:36.858 [main] DEBUG c.service.MarketDataService - [ALGO] BID: price:43 quantity:134
22:53:36.858 [main] DEBUG c.service.MarketDataService - [ALGO] BID: price:76 quantity:145
22:53:36.858 [main] DEBUG c.service.MarketDataService - [ALGO] BID: price:91 quantity:300
22:53:36.858 [main] DEBUG c.service.MarketDataService - [ALGO] BID: price:93 quantity:200
22:53:36.858 [main] DEBUG c.service.MarketDataService - [ALGO] BID: price:95 quantity:100
22:53:36.858 [main] DEBUG c.service.MarketDataService - [ALGO] BID: price:98 quantity:154
22:53:36.858 [main] DEBUG c.service.MarketDataService - [ALGO] ASK: price:98 quantity:501
22:53:36.858 [main] DEBUG c.service.MarketDataService - [ALGO] ASK: price:101 quantity:200
22:53:36.858 [main] DEBUG c.service.MarketDataService - [ALGO] ASK: price:110 quantity:5000
22:53:36.858 [main] DEBUG c.service.MarketDataService - [ALGO] ASK: price:119 quantity:5600
22:53:36.858 [main] DEBUG c.service.MarketDataService - [ALGO] ASK: price:123 quantity:453
22:53:36.858 [main] DEBUG c.service.MarketDataService - [ALGO] ASK: price:144 quantity:645
22:53:36.858 [main] DEBUG c.service.MarketDataService - [ALGO] ASK: price:167 quantity:665
22:53:36.858 [main] INFO  c.gettingstarted.MyAlgoLogic - [MYALGO] The state of the order book is:
|----BID-----||----ASK----|
    134 @ 43    501 @ 98
    145 @ 76   200 @ 101
    300 @ 91  5000 @ 110
    200 @ 93  5600 @ 119
    100 @ 95   453 @ 123
    154 @ 98   645 @ 144
          -    665 @ 167
|------------||-----------|

22:53:36.862 [main] INFO  c.gettingstarted.MyAlgoLogic - [MYALGO] Algo Sees Book as: 
|----BID-----||----ASK----|
    134 @ 43    501 @ 98
    145 @ 76   200 @ 101
    300 @ 91  5000 @ 110
    200 @ 93  5600 @ 119
    100 @ 95   453 @ 123
    154 @ 98   645 @ 144
          -    665 @ 167
|------------||-----------|

22:53:36.862 [main] INFO  c.gettingstarted.TimedLogic - [TIMEDLOGIC] Market is closed
22:53:36.862 [main] INFO  c.sequencer.consumer.LoggingConsumer - [37] 
|----BID-----|
    134 @ 43
    145 @ 76
    300 @ 91
    200 @ 93
    100 @ 95
    154 @ 98
|----ASK-----|
    501 @ 98
   200 @ 101
  5000 @ 110
  5600 @ 119
   453 @ 123
   645 @ 144
   665 @ 167

22:53:36.862 [main] INFO  c.orderbook.OrderBook - [ORDERBOOK] Processing Mkt Data Update
22:53:36.862 [main] INFO  c.o.v.MutatingRemoveAllMarketDataOrdersVisitor - [ORDERBOOK] Removing market data order:MktData(price=43,quantity=134)
22:53:36.862 [main] INFO  c.o.v.MutatingRemoveAllMarketDataOrdersVisitor - [ORDERBOOK] Removing level:43
22:53:36.862 [main] DEBUG c.orderbook.OrderBook - [ORDERBOOK] ASK: Adding orderMktData(price=43,quantity=134)
22:53:36.862 [main] DEBUG c.orderbook.OrderBook - [ORDERBOOK] ASK: Adding orderMktData(price=76,quantity=145)
22:53:36.862 [main] DEBUG c.orderbook.OrderBook - [ORDERBOOK] ASK: Adding orderMktData(price=91,quantity=300)
22:53:36.862 [main] DEBUG c.orderbook.OrderBook - [ORDERBOOK] ASK: Adding orderMktData(price=93,quantity=200)
22:53:36.862 [main] DEBUG c.orderbook.OrderBook - [ORDERBOOK] ASK: Adding orderMktData(price=95,quantity=100)
22:53:36.862 [main] DEBUG c.orderbook.OrderBook - [ORDERBOOK] ASK: Adding orderMktData(price=98,quantity=154)
22:53:36.862 [main] INFO  c.o.v.MutatingMatchOneMarketDataOrderVisitor - [ORDERBOOK] visiting LevelOrderBookLevel(price=43,quantity=134)
22:53:36.862 [main] INFO  c.o.v.MutatingMatchOneMarketDataOrderVisitor - [ORDERBOOK] Can't match order:MktData(price=43,quantity=134)(MktData(price=98,quantity=154))
22:53:36.862 [main] INFO  c.o.v.MutatingRemoveAllMarketDataOrdersVisitor - [ORDERBOOK] Removing market data order:MktData(price=98,quantity=501)
22:53:36.862 [main] INFO  c.o.v.MutatingRemoveAllMarketDataOrdersVisitor - [ORDERBOOK] Removing level:98
22:53:36.862 [main] INFO  c.o.v.MutatingRemoveAllMarketDataOrdersVisitor - [ORDERBOOK] Removing market data order:MktData(price=101,quantity=200)
22:53:36.862 [main] INFO  c.o.v.MutatingRemoveAllMarketDataOrdersVisitor - [ORDERBOOK] Removing level:101
22:53:36.862 [main] INFO  c.o.v.MutatingRemoveAllMarketDataOrdersVisitor - [ORDERBOOK] Removing market data order:MktData(price=110,quantity=5000)
22:53:36.862 [main] INFO  c.o.v.MutatingRemoveAllMarketDataOrdersVisitor - [ORDERBOOK] Removing level:110
22:53:36.862 [main] INFO  c.o.v.MutatingRemoveAllMarketDataOrdersVisitor - [ORDERBOOK] Removing market data order:MktData(price=119,quantity=5600)
22:53:36.862 [main] INFO  c.o.v.MutatingRemoveAllMarketDataOrdersVisitor - [ORDERBOOK] Removing level:119
22:53:36.862 [main] INFO  c.o.v.MutatingRemoveAllMarketDataOrdersVisitor - [ORDERBOOK] Removing market data order:MktData(price=123,quantity=453)
22:53:36.862 [main] INFO  c.o.v.MutatingRemoveAllMarketDataOrdersVisitor - [ORDERBOOK] Removing level:123
22:53:36.862 [main] INFO  c.o.v.MutatingRemoveAllMarketDataOrdersVisitor - [ORDERBOOK] Removing market data order:MktData(price=144,quantity=645)
22:53:36.862 [main] INFO  c.o.v.MutatingRemoveAllMarketDataOrdersVisitor - [ORDERBOOK] Removing level:144
22:53:36.862 [main] INFO  c.o.v.MutatingRemoveAllMarketDataOrdersVisitor - [ORDERBOOK] Removing market data order:MktData(price=167,quantity=665)
22:53:36.862 [main] INFO  c.o.v.MutatingRemoveAllMarketDataOrdersVisitor - [ORDERBOOK] Removing level:167
22:53:36.862 [main] DEBUG c.orderbook.OrderBook - [ORDERBOOK] ASK: Adding orderMktData(price=98,quantity=501)
22:53:36.862 [main] DEBUG c.orderbook.OrderBook - [ORDERBOOK] ASK: Adding orderMktData(price=101,quantity=200)
22:53:36.862 [main] DEBUG c.orderbook.OrderBook - [ORDERBOOK] ASK: Adding orderMktData(price=110,quantity=5000)
22:53:36.862 [main] DEBUG c.orderbook.OrderBook - [ORDERBOOK] ASK: Adding orderMktData(price=119,quantity=5600)
22:53:36.862 [main] DEBUG c.orderbook.OrderBook - [ORDERBOOK] ASK: Adding orderMktData(price=123,quantity=453)
22:53:36.862 [main] DEBUG c.orderbook.OrderBook - [ORDERBOOK] ASK: Adding orderMktData(price=144,quantity=645)
22:53:36.862 [main] DEBUG c.orderbook.OrderBook - [ORDERBOOK] ASK: Adding orderMktData(price=167,quantity=665)
22:53:36.862 [main] DEBUG c.service.MarketDataService - [ALGO] BID: price:43 quantity:134
22:53:36.862 [main] DEBUG c.service.MarketDataService - [ALGO] BID: price:76 quantity:145
22:53:36.862 [main] DEBUG c.service.MarketDataService - [ALGO] BID: price:91 quantity:300
22:53:36.862 [main] DEBUG c.service.MarketDataService - [ALGO] BID: price:93 quantity:200
22:53:36.862 [main] DEBUG c.service.MarketDataService - [ALGO] BID: price:95 quantity:100
22:53:36.862 [main] DEBUG c.service.MarketDataService - [ALGO] BID: price:98 quantity:154
22:53:36.862 [main] DEBUG c.service.MarketDataService - [ALGO] ASK: price:98 quantity:501
22:53:36.862 [main] DEBUG c.service.MarketDataService - [ALGO] ASK: price:101 quantity:200
22:53:36.862 [main] DEBUG c.service.MarketDataService - [ALGO] ASK: price:110 quantity:5000
22:53:36.862 [main] DEBUG c.service.MarketDataService - [ALGO] ASK: price:119 quantity:5600
22:53:36.862 [main] DEBUG c.service.MarketDataService - [ALGO] ASK: price:123 quantity:453
22:53:36.862 [main] DEBUG c.service.MarketDataService - [ALGO] ASK: price:144 quantity:645
22:53:36.862 [main] DEBUG c.service.MarketDataService - [ALGO] ASK: price:167 quantity:665
22:53:36.862 [main] INFO  c.gettingstarted.MyAlgoLogic - [MYALGO] The state of the order book is:
|----BID-----||----ASK----|
    134 @ 43    501 @ 98
    145 @ 76   200 @ 101
    300 @ 91  5000 @ 110
    200 @ 93  5600 @ 119
    100 @ 95   453 @ 123
    154 @ 98   645 @ 144
          -    665 @ 167
|------------||-----------|

22:53:36.862 [main] INFO  c.gettingstarted.MyAlgoLogic - [MYALGO] Algo Sees Book as: 
|----BID-----||----ASK----|
    134 @ 43    501 @ 98
    145 @ 76   200 @ 101
    300 @ 91  5000 @ 110
    200 @ 93  5600 @ 119
    100 @ 95   453 @ 123
    154 @ 98   645 @ 144
          -    665 @ 167
|------------||-----------|

22:53:36.862 [main] INFO  c.gettingstarted.TimedLogic - [TIMEDLOGIC] Market is closed
22:53:36.862 [main] INFO  c.sequencer.consumer.LoggingConsumer - [38] 
|----BID-----|
    134 @ 43
    145 @ 76
    300 @ 91
    200 @ 93
    100 @ 95
    154 @ 98
|----ASK-----|
    501 @ 98
   200 @ 101
  5000 @ 110
  5600 @ 119
   453 @ 123
   645 @ 144
   665 @ 167

22:53:36.862 [main] INFO  c.orderbook.OrderBook - [ORDERBOOK] Processing Mkt Data Update
22:53:36.862 [main] INFO  c.o.v.MutatingRemoveAllMarketDataOrdersVisitor - [ORDERBOOK] Removing market data order:MktData(price=43,quantity=134)
22:53:36.862 [main] INFO  c.o.v.MutatingRemoveAllMarketDataOrdersVisitor - [ORDERBOOK] Removing level:43
22:53:36.862 [main] DEBUG c.orderbook.OrderBook - [ORDERBOOK] ASK: Adding orderMktData(price=43,quantity=134)
22:53:36.862 [main] DEBUG c.orderbook.OrderBook - [ORDERBOOK] ASK: Adding orderMktData(price=76,quantity=145)
22:53:36.862 [main] DEBUG c.orderbook.OrderBook - [ORDERBOOK] ASK: Adding orderMktData(price=91,quantity=300)
22:53:36.862 [main] DEBUG c.orderbook.OrderBook - [ORDERBOOK] ASK: Adding orderMktData(price=93,quantity=200)
22:53:36.862 [main] DEBUG c.orderbook.OrderBook - [ORDERBOOK] ASK: Adding orderMktData(price=95,quantity=100)
22:53:36.862 [main] DEBUG c.orderbook.OrderBook - [ORDERBOOK] ASK: Adding orderMktData(price=98,quantity=154)
22:53:36.863 [main] INFO  c.o.v.MutatingMatchOneMarketDataOrderVisitor - [ORDERBOOK] visiting LevelOrderBookLevel(price=43,quantity=134)
22:53:36.863 [main] INFO  c.o.v.MutatingMatchOneMarketDataOrderVisitor - [ORDERBOOK] Can't match order:MktData(price=43,quantity=134)(MktData(price=98,quantity=154))
22:53:36.863 [main] INFO  c.o.v.MutatingRemoveAllMarketDataOrdersVisitor - [ORDERBOOK] Removing market data order:MktData(price=98,quantity=501)
22:53:36.863 [main] INFO  c.o.v.MutatingRemoveAllMarketDataOrdersVisitor - [ORDERBOOK] Removing level:98
22:53:36.863 [main] INFO  c.o.v.MutatingRemoveAllMarketDataOrdersVisitor - [ORDERBOOK] Removing market data order:MktData(price=101,quantity=200)
22:53:36.863 [main] INFO  c.o.v.MutatingRemoveAllMarketDataOrdersVisitor - [ORDERBOOK] Removing level:101
22:53:36.863 [main] INFO  c.o.v.MutatingRemoveAllMarketDataOrdersVisitor - [ORDERBOOK] Removing market data order:MktData(price=110,quantity=5000)
22:53:36.863 [main] INFO  c.o.v.MutatingRemoveAllMarketDataOrdersVisitor - [ORDERBOOK] Removing level:110
22:53:36.863 [main] INFO  c.o.v.MutatingRemoveAllMarketDataOrdersVisitor - [ORDERBOOK] Removing market data order:MktData(price=119,quantity=5600)
22:53:36.863 [main] INFO  c.o.v.MutatingRemoveAllMarketDataOrdersVisitor - [ORDERBOOK] Removing level:119
22:53:36.863 [main] INFO  c.o.v.MutatingRemoveAllMarketDataOrdersVisitor - [ORDERBOOK] Removing market data order:MktData(price=123,quantity=453)
22:53:36.863 [main] INFO  c.o.v.MutatingRemoveAllMarketDataOrdersVisitor - [ORDERBOOK] Removing level:123
22:53:36.863 [main] INFO  c.o.v.MutatingRemoveAllMarketDataOrdersVisitor - [ORDERBOOK] Removing market data order:MktData(price=144,quantity=645)
22:53:36.863 [main] INFO  c.o.v.MutatingRemoveAllMarketDataOrdersVisitor - [ORDERBOOK] Removing level:144
22:53:36.863 [main] INFO  c.o.v.MutatingRemoveAllMarketDataOrdersVisitor - [ORDERBOOK] Removing market data order:MktData(price=167,quantity=665)
22:53:36.863 [main] INFO  c.o.v.MutatingRemoveAllMarketDataOrdersVisitor - [ORDERBOOK] Removing level:167
22:53:36.863 [main] DEBUG c.orderbook.OrderBook - [ORDERBOOK] ASK: Adding orderMktData(price=98,quantity=501)
22:53:36.863 [main] DEBUG c.orderbook.OrderBook - [ORDERBOOK] ASK: Adding orderMktData(price=101,quantity=200)
22:53:36.863 [main] DEBUG c.orderbook.OrderBook - [ORDERBOOK] ASK: Adding orderMktData(price=110,quantity=5000)
22:53:36.863 [main] DEBUG c.orderbook.OrderBook - [ORDERBOOK] ASK: Adding orderMktData(price=119,quantity=5600)
22:53:36.863 [main] DEBUG c.orderbook.OrderBook - [ORDERBOOK] ASK: Adding orderMktData(price=123,quantity=453)
22:53:36.863 [main] DEBUG c.orderbook.OrderBook - [ORDERBOOK] ASK: Adding orderMktData(price=144,quantity=645)
22:53:36.863 [main] DEBUG c.orderbook.OrderBook - [ORDERBOOK] ASK: Adding orderMktData(price=167,quantity=665)
22:53:36.863 [main] DEBUG c.service.MarketDataService - [ALGO] BID: price:43 quantity:134
22:53:36.863 [main] DEBUG c.service.MarketDataService - [ALGO] BID: price:76 quantity:145
22:53:36.863 [main] DEBUG c.service.MarketDataService - [ALGO] BID: price:91 quantity:300
22:53:36.863 [main] DEBUG c.service.MarketDataService - [ALGO] BID: price:93 quantity:200
22:53:36.863 [main] DEBUG c.service.MarketDataService - [ALGO] BID: price:95 quantity:100
22:53:36.863 [main] DEBUG c.service.MarketDataService - [ALGO] BID: price:98 quantity:154
22:53:36.863 [main] DEBUG c.service.MarketDataService - [ALGO] ASK: price:98 quantity:501
22:53:36.863 [main] DEBUG c.service.MarketDataService - [ALGO] ASK: price:101 quantity:200
22:53:36.863 [main] DEBUG c.service.MarketDataService - [ALGO] ASK: price:110 quantity:5000
22:53:36.863 [main] DEBUG c.service.MarketDataService - [ALGO] ASK: price:119 quantity:5600
22:53:36.863 [main] DEBUG c.service.MarketDataService - [ALGO] ASK: price:123 quantity:453
22:53:36.863 [main] DEBUG c.service.MarketDataService - [ALGO] ASK: price:144 quantity:645
22:53:36.863 [main] DEBUG c.service.MarketDataService - [ALGO] ASK: price:167 quantity:665
22:53:36.863 [main] INFO  c.gettingstarted.MyAlgoLogic - [MYALGO] The state of the order book is:
|----BID-----||----ASK----|
    134 @ 43    501 @ 98
    145 @ 76   200 @ 101
    300 @ 91  5000 @ 110
    200 @ 93  5600 @ 119
    100 @ 95   453 @ 123
    154 @ 98   645 @ 144
          -    665 @ 167
|------------||-----------|

22:53:36.863 [main] INFO  c.gettingstarted.MyAlgoLogic - [MYALGO] Algo Sees Book as: 
|----BID-----||----ASK----|
    134 @ 43    501 @ 98
    145 @ 76   200 @ 101
    300 @ 91  5000 @ 110
    200 @ 93  5600 @ 119
    100 @ 95   453 @ 123
    154 @ 98   645 @ 144
          -    665 @ 167
|------------||-----------|

22:53:36.863 [main] INFO  c.gettingstarted.TimedLogic - [TIMEDLOGIC] Market is closed
22:53:36.863 [main] INFO  c.sequencer.consumer.LoggingConsumer - [39] 
|----BID-----|
    134 @ 43
    145 @ 76
    300 @ 91
    200 @ 93
    100 @ 95
    154 @ 98
|----ASK-----|
    501 @ 98
   200 @ 101
  5000 @ 110
  5600 @ 119
   453 @ 123
   645 @ 144
   665 @ 167

22:53:36.863 [main] INFO  c.orderbook.OrderBook - [ORDERBOOK] Processing Mkt Data Update
22:53:36.863 [main] INFO  c.o.v.MutatingRemoveAllMarketDataOrdersVisitor - [ORDERBOOK] Removing market data order:MktData(price=43,quantity=134)
22:53:36.863 [main] INFO  c.o.v.MutatingRemoveAllMarketDataOrdersVisitor - [ORDERBOOK] Removing level:43
22:53:36.863 [main] DEBUG c.orderbook.OrderBook - [ORDERBOOK] ASK: Adding orderMktData(price=43,quantity=134)
22:53:36.863 [main] DEBUG c.orderbook.OrderBook - [ORDERBOOK] ASK: Adding orderMktData(price=76,quantity=145)
22:53:36.863 [main] DEBUG c.orderbook.OrderBook - [ORDERBOOK] ASK: Adding orderMktData(price=91,quantity=300)
22:53:36.863 [main] DEBUG c.orderbook.OrderBook - [ORDERBOOK] ASK: Adding orderMktData(price=93,quantity=200)
22:53:36.863 [main] DEBUG c.orderbook.OrderBook - [ORDERBOOK] ASK: Adding orderMktData(price=95,quantity=100)
22:53:36.863 [main] DEBUG c.orderbook.OrderBook - [ORDERBOOK] ASK: Adding orderMktData(price=98,quantity=154)
22:53:36.863 [main] INFO  c.o.v.MutatingMatchOneMarketDataOrderVisitor - [ORDERBOOK] visiting LevelOrderBookLevel(price=43,quantity=134)
22:53:36.863 [main] INFO  c.o.v.MutatingMatchOneMarketDataOrderVisitor - [ORDERBOOK] Can't match order:MktData(price=43,quantity=134)(MktData(price=98,quantity=154))
22:53:36.863 [main] INFO  c.o.v.MutatingRemoveAllMarketDataOrdersVisitor - [ORDERBOOK] Removing market data order:MktData(price=98,quantity=501)
22:53:36.863 [main] INFO  c.o.v.MutatingRemoveAllMarketDataOrdersVisitor - [ORDERBOOK] Removing level:98
22:53:36.863 [main] INFO  c.o.v.MutatingRemoveAllMarketDataOrdersVisitor - [ORDERBOOK] Removing market data order:MktData(price=101,quantity=200)
22:53:36.863 [main] INFO  c.o.v.MutatingRemoveAllMarketDataOrdersVisitor - [ORDERBOOK] Removing level:101
22:53:36.863 [main] INFO  c.o.v.MutatingRemoveAllMarketDataOrdersVisitor - [ORDERBOOK] Removing market data order:MktData(price=110,quantity=5000)
22:53:36.863 [main] INFO  c.o.v.MutatingRemoveAllMarketDataOrdersVisitor - [ORDERBOOK] Removing level:110
22:53:36.863 [main] INFO  c.o.v.MutatingRemoveAllMarketDataOrdersVisitor - [ORDERBOOK] Removing market data order:MktData(price=119,quantity=5600)
22:53:36.863 [main] INFO  c.o.v.MutatingRemoveAllMarketDataOrdersVisitor - [ORDERBOOK] Removing level:119
22:53:36.863 [main] INFO  c.o.v.MutatingRemoveAllMarketDataOrdersVisitor - [ORDERBOOK] Removing market data order:MktData(price=123,quantity=453)
22:53:36.863 [main] INFO  c.o.v.MutatingRemoveAllMarketDataOrdersVisitor - [ORDERBOOK] Removing level:123
22:53:36.863 [main] INFO  c.o.v.MutatingRemoveAllMarketDataOrdersVisitor - [ORDERBOOK] Removing market data order:MktData(price=144,quantity=645)
22:53:36.863 [main] INFO  c.o.v.MutatingRemoveAllMarketDataOrdersVisitor - [ORDERBOOK] Removing level:144
22:53:36.863 [main] INFO  c.o.v.MutatingRemoveAllMarketDataOrdersVisitor - [ORDERBOOK] Removing market data order:MktData(price=167,quantity=665)
22:53:36.863 [main] INFO  c.o.v.MutatingRemoveAllMarketDataOrdersVisitor - [ORDERBOOK] Removing level:167
22:53:36.863 [main] DEBUG c.orderbook.OrderBook - [ORDERBOOK] ASK: Adding orderMktData(price=98,quantity=501)
22:53:36.863 [main] DEBUG c.orderbook.OrderBook - [ORDERBOOK] ASK: Adding orderMktData(price=101,quantity=200)
22:53:36.863 [main] DEBUG c.orderbook.OrderBook - [ORDERBOOK] ASK: Adding orderMktData(price=110,quantity=5000)
22:53:36.863 [main] DEBUG c.orderbook.OrderBook - [ORDERBOOK] ASK: Adding orderMktData(price=119,quantity=5600)
22:53:36.863 [main] DEBUG c.orderbook.OrderBook - [ORDERBOOK] ASK: Adding orderMktData(price=123,quantity=453)
22:53:36.863 [main] DEBUG c.orderbook.OrderBook - [ORDERBOOK] ASK: Adding orderMktData(price=144,quantity=645)
22:53:36.863 [main] DEBUG c.orderbook.OrderBook - [ORDERBOOK] ASK: Adding orderMktData(price=167,quantity=665)
22:53:36.863 [main] DEBUG c.service.MarketDataService - [ALGO] BID: price:43 quantity:134
22:53:36.863 [main] DEBUG c.service.MarketDataService - [ALGO] BID: price:76 quantity:145
22:53:36.863 [main] DEBUG c.service.MarketDataService - [ALGO] BID: price:91 quantity:300
22:53:36.870 [main] DEBUG c.service.MarketDataService - [ALGO] BID: price:93 quantity:200
22:53:36.870 [main] DEBUG c.service.MarketDataService - [ALGO] BID: price:95 quantity:100
22:53:36.870 [main] DEBUG c.service.MarketDataService - [ALGO] BID: price:98 quantity:154
22:53:36.870 [main] DEBUG c.service.MarketDataService - [ALGO] ASK: price:98 quantity:501
22:53:36.870 [main] DEBUG c.service.MarketDataService - [ALGO] ASK: price:101 quantity:200
22:53:36.870 [main] DEBUG c.service.MarketDataService - [ALGO] ASK: price:110 quantity:5000
22:53:36.870 [main] DEBUG c.service.MarketDataService - [ALGO] ASK: price:119 quantity:5600
22:53:36.870 [main] DEBUG c.service.MarketDataService - [ALGO] ASK: price:123 quantity:453
22:53:36.870 [main] DEBUG c.service.MarketDataService - [ALGO] ASK: price:144 quantity:645
22:53:36.870 [main] DEBUG c.service.MarketDataService - [ALGO] ASK: price:167 quantity:665
22:53:36.871 [main] INFO  c.gettingstarted.MyAlgoLogic - [MYALGO] The state of the order book is:
|----BID-----||----ASK----|
    134 @ 43    501 @ 98
    145 @ 76   200 @ 101
    300 @ 91  5000 @ 110
    200 @ 93  5600 @ 119
    100 @ 95   453 @ 123
    154 @ 98   645 @ 144
          -    665 @ 167
|------------||-----------|

22:53:36.871 [main] INFO  c.gettingstarted.MyAlgoLogic - [MYALGO] Algo Sees Book as: 
|----BID-----||----ASK----|
    134 @ 43    501 @ 98
    145 @ 76   200 @ 101
    300 @ 91  5000 @ 110
    200 @ 93  5600 @ 119
    100 @ 95   453 @ 123
    154 @ 98   645 @ 144
          -    665 @ 167
|------------||-----------|

22:53:36.871 [main] INFO  c.gettingstarted.TimedLogic - [TIMEDLOGIC] Market is closed
22:53:36.871 [main] INFO  c.sequencer.consumer.LoggingConsumer - [40] 
|----BID-----|
    134 @ 43
    145 @ 76
    300 @ 91
    200 @ 93
    100 @ 95
    154 @ 98
|----ASK-----|
    501 @ 98
   200 @ 101
  5000 @ 110
  5600 @ 119
   453 @ 123
   645 @ 144
   665 @ 167

22:53:36.871 [main] INFO  c.orderbook.OrderBook - [ORDERBOOK] Processing Mkt Data Update
22:53:36.871 [main] INFO  c.o.v.MutatingRemoveAllMarketDataOrdersVisitor - [ORDERBOOK] Removing market data order:MktData(price=43,quantity=134)
22:53:36.871 [main] INFO  c.o.v.MutatingRemoveAllMarketDataOrdersVisitor - [ORDERBOOK] Removing level:43
22:53:36.871 [main] DEBUG c.orderbook.OrderBook - [ORDERBOOK] ASK: Adding orderMktData(price=43,quantity=134)
22:53:36.871 [main] DEBUG c.orderbook.OrderBook - [ORDERBOOK] ASK: Adding orderMktData(price=76,quantity=145)
22:53:36.871 [main] DEBUG c.orderbook.OrderBook - [ORDERBOOK] ASK: Adding orderMktData(price=91,quantity=300)
22:53:36.871 [main] DEBUG c.orderbook.OrderBook - [ORDERBOOK] ASK: Adding orderMktData(price=93,quantity=200)
22:53:36.871 [main] DEBUG c.orderbook.OrderBook - [ORDERBOOK] ASK: Adding orderMktData(price=95,quantity=100)
22:53:36.871 [main] DEBUG c.orderbook.OrderBook - [ORDERBOOK] ASK: Adding orderMktData(price=98,quantity=154)
22:53:36.871 [main] INFO  c.o.v.MutatingMatchOneMarketDataOrderVisitor - [ORDERBOOK] visiting LevelOrderBookLevel(price=43,quantity=134)
22:53:36.871 [main] INFO  c.o.v.MutatingMatchOneMarketDataOrderVisitor - [ORDERBOOK] Can't match order:MktData(price=43,quantity=134)(MktData(price=98,quantity=154))
22:53:36.871 [main] INFO  c.o.v.MutatingRemoveAllMarketDataOrdersVisitor - [ORDERBOOK] Removing market data order:MktData(price=98,quantity=501)
22:53:36.871 [main] INFO  c.o.v.MutatingRemoveAllMarketDataOrdersVisitor - [ORDERBOOK] Removing level:98
22:53:36.871 [main] INFO  c.o.v.MutatingRemoveAllMarketDataOrdersVisitor - [ORDERBOOK] Removing market data order:MktData(price=101,quantity=200)
22:53:36.871 [main] INFO  c.o.v.MutatingRemoveAllMarketDataOrdersVisitor - [ORDERBOOK] Removing level:101
22:53:36.871 [main] INFO  c.o.v.MutatingRemoveAllMarketDataOrdersVisitor - [ORDERBOOK] Removing market data order:MktData(price=110,quantity=5000)
22:53:36.871 [main] INFO  c.o.v.MutatingRemoveAllMarketDataOrdersVisitor - [ORDERBOOK] Removing level:110
22:53:36.871 [main] INFO  c.o.v.MutatingRemoveAllMarketDataOrdersVisitor - [ORDERBOOK] Removing market data order:MktData(price=119,quantity=5600)
22:53:36.871 [main] INFO  c.o.v.MutatingRemoveAllMarketDataOrdersVisitor - [ORDERBOOK] Removing level:119
22:53:36.871 [main] INFO  c.o.v.MutatingRemoveAllMarketDataOrdersVisitor - [ORDERBOOK] Removing market data order:MktData(price=123,quantity=453)
22:53:36.871 [main] INFO  c.o.v.MutatingRemoveAllMarketDataOrdersVisitor - [ORDERBOOK] Removing level:123
22:53:36.871 [main] INFO  c.o.v.MutatingRemoveAllMarketDataOrdersVisitor - [ORDERBOOK] Removing market data order:MktData(price=144,quantity=645)
22:53:36.871 [main] INFO  c.o.v.MutatingRemoveAllMarketDataOrdersVisitor - [ORDERBOOK] Removing level:144
22:53:36.871 [main] INFO  c.o.v.MutatingRemoveAllMarketDataOrdersVisitor - [ORDERBOOK] Removing market data order:MktData(price=167,quantity=665)
22:53:36.871 [main] INFO  c.o.v.MutatingRemoveAllMarketDataOrdersVisitor - [ORDERBOOK] Removing level:167
22:53:36.871 [main] DEBUG c.orderbook.OrderBook - [ORDERBOOK] ASK: Adding orderMktData(price=98,quantity=501)
22:53:36.871 [main] DEBUG c.orderbook.OrderBook - [ORDERBOOK] ASK: Adding orderMktData(price=101,quantity=200)
22:53:36.871 [main] DEBUG c.orderbook.OrderBook - [ORDERBOOK] ASK: Adding orderMktData(price=110,quantity=5000)
22:53:36.871 [main] DEBUG c.orderbook.OrderBook - [ORDERBOOK] ASK: Adding orderMktData(price=119,quantity=5600)
22:53:36.871 [main] DEBUG c.orderbook.OrderBook - [ORDERBOOK] ASK: Adding orderMktData(price=123,quantity=453)
22:53:36.871 [main] DEBUG c.orderbook.OrderBook - [ORDERBOOK] ASK: Adding orderMktData(price=144,quantity=645)
22:53:36.871 [main] DEBUG c.orderbook.OrderBook - [ORDERBOOK] ASK: Adding orderMktData(price=167,quantity=665)
22:53:36.871 [main] DEBUG c.service.MarketDataService - [ALGO] BID: price:43 quantity:134
22:53:36.871 [main] DEBUG c.service.MarketDataService - [ALGO] BID: price:76 quantity:145
22:53:36.871 [main] DEBUG c.service.MarketDataService - [ALGO] BID: price:91 quantity:300
22:53:36.871 [main] DEBUG c.service.MarketDataService - [ALGO] BID: price:93 quantity:200
22:53:36.871 [main] DEBUG c.service.MarketDataService - [ALGO] BID: price:95 quantity:100
22:53:36.871 [main] DEBUG c.service.MarketDataService - [ALGO] BID: price:98 quantity:154
22:53:36.871 [main] DEBUG c.service.MarketDataService - [ALGO] ASK: price:98 quantity:501
22:53:36.871 [main] DEBUG c.service.MarketDataService - [ALGO] ASK: price:101 quantity:200
22:53:36.871 [main] DEBUG c.service.MarketDataService - [ALGO] ASK: price:110 quantity:5000
22:53:36.871 [main] DEBUG c.service.MarketDataService - [ALGO] ASK: price:119 quantity:5600
22:53:36.871 [main] DEBUG c.service.MarketDataService - [ALGO] ASK: price:123 quantity:453
22:53:36.871 [main] DEBUG c.service.MarketDataService - [ALGO] ASK: price:144 quantity:645
22:53:36.871 [main] DEBUG c.service.MarketDataService - [ALGO] ASK: price:167 quantity:665
22:53:36.871 [main] INFO  c.gettingstarted.MyAlgoLogic - [MYALGO] The state of the order book is:
|----BID-----||----ASK----|
    134 @ 43    501 @ 98
    145 @ 76   200 @ 101
    300 @ 91  5000 @ 110
    200 @ 93  5600 @ 119
    100 @ 95   453 @ 123
    154 @ 98   645 @ 144
          -    665 @ 167
|------------||-----------|

22:53:36.871 [main] INFO  c.gettingstarted.MyAlgoLogic - [MYALGO] Algo Sees Book as: 
|----BID-----||----ASK----|
    134 @ 43    501 @ 98
    145 @ 76   200 @ 101
    300 @ 91  5000 @ 110
    200 @ 93  5600 @ 119
    100 @ 95   453 @ 123
    154 @ 98   645 @ 144
          -    665 @ 167
|------------||-----------|

22:53:36.871 [main] INFO  c.gettingstarted.TimedLogic - [TIMEDLOGIC] Market is closed
22:53:36.871 [main] INFO  c.sequencer.consumer.LoggingConsumer - [41] 
|----BID-----|
    134 @ 43
    145 @ 76
    300 @ 91
    200 @ 93
    100 @ 95
    154 @ 98
|----ASK-----|
    501 @ 98
   200 @ 101
  5000 @ 110
  5600 @ 119
   453 @ 123
   645 @ 144
   665 @ 167

22:53:36.871 [main] INFO  c.orderbook.OrderBook - [ORDERBOOK] Processing Mkt Data Update
22:53:36.871 [main] INFO  c.o.v.MutatingRemoveAllMarketDataOrdersVisitor - [ORDERBOOK] Removing market data order:MktData(price=43,quantity=134)
22:53:36.871 [main] INFO  c.o.v.MutatingRemoveAllMarketDataOrdersVisitor - [ORDERBOOK] Removing level:43
22:53:36.871 [main] DEBUG c.orderbook.OrderBook - [ORDERBOOK] ASK: Adding orderMktData(price=43,quantity=134)
22:53:36.871 [main] DEBUG c.orderbook.OrderBook - [ORDERBOOK] ASK: Adding orderMktData(price=76,quantity=145)
22:53:36.871 [main] DEBUG c.orderbook.OrderBook - [ORDERBOOK] ASK: Adding orderMktData(price=91,quantity=300)
22:53:36.871 [main] DEBUG c.orderbook.OrderBook - [ORDERBOOK] ASK: Adding orderMktData(price=93,quantity=200)
22:53:36.871 [main] DEBUG c.orderbook.OrderBook - [ORDERBOOK] ASK: Adding orderMktData(price=95,quantity=100)
22:53:36.871 [main] DEBUG c.orderbook.OrderBook - [ORDERBOOK] ASK: Adding orderMktData(price=98,quantity=154)
22:53:36.871 [main] INFO  c.o.v.MutatingMatchOneMarketDataOrderVisitor - [ORDERBOOK] visiting LevelOrderBookLevel(price=43,quantity=134)
22:53:36.871 [main] INFO  c.o.v.MutatingMatchOneMarketDataOrderVisitor - [ORDERBOOK] Can't match order:MktData(price=43,quantity=134)(MktData(price=98,quantity=154))
22:53:36.871 [main] INFO  c.o.v.MutatingRemoveAllMarketDataOrdersVisitor - [ORDERBOOK] Removing market data order:MktData(price=98,quantity=501)
22:53:36.871 [main] INFO  c.o.v.MutatingRemoveAllMarketDataOrdersVisitor - [ORDERBOOK] Removing level:98
22:53:36.871 [main] INFO  c.o.v.MutatingRemoveAllMarketDataOrdersVisitor - [ORDERBOOK] Removing market data order:MktData(price=101,quantity=200)
22:53:36.871 [main] INFO  c.o.v.MutatingRemoveAllMarketDataOrdersVisitor - [ORDERBOOK] Removing level:101
22:53:36.871 [main] INFO  c.o.v.MutatingRemoveAllMarketDataOrdersVisitor - [ORDERBOOK] Removing market data order:MktData(price=110,quantity=5000)
22:53:36.871 [main] INFO  c.o.v.MutatingRemoveAllMarketDataOrdersVisitor - [ORDERBOOK] Removing level:110
22:53:36.871 [main] INFO  c.o.v.MutatingRemoveAllMarketDataOrdersVisitor - [ORDERBOOK] Removing market data order:MktData(price=119,quantity=5600)
22:53:36.871 [main] INFO  c.o.v.MutatingRemoveAllMarketDataOrdersVisitor - [ORDERBOOK] Removing level:119
22:53:36.871 [main] INFO  c.o.v.MutatingRemoveAllMarketDataOrdersVisitor - [ORDERBOOK] Removing market data order:MktData(price=123,quantity=453)
22:53:36.875 [main] INFO  c.o.v.MutatingRemoveAllMarketDataOrdersVisitor - [ORDERBOOK] Removing level:123
22:53:36.875 [main] INFO  c.o.v.MutatingRemoveAllMarketDataOrdersVisitor - [ORDERBOOK] Removing market data order:MktData(price=144,quantity=645)
22:53:36.875 [main] INFO  c.o.v.MutatingRemoveAllMarketDataOrdersVisitor - [ORDERBOOK] Removing level:144
22:53:36.875 [main] INFO  c.o.v.MutatingRemoveAllMarketDataOrdersVisitor - [ORDERBOOK] Removing market data order:MktData(price=167,quantity=665)
22:53:36.875 [main] INFO  c.o.v.MutatingRemoveAllMarketDataOrdersVisitor - [ORDERBOOK] Removing level:167
22:53:36.875 [main] DEBUG c.orderbook.OrderBook - [ORDERBOOK] ASK: Adding orderMktData(price=98,quantity=501)
22:53:36.875 [main] DEBUG c.orderbook.OrderBook - [ORDERBOOK] ASK: Adding orderMktData(price=101,quantity=200)
22:53:36.875 [main] DEBUG c.orderbook.OrderBook - [ORDERBOOK] ASK: Adding orderMktData(price=110,quantity=5000)
22:53:36.875 [main] DEBUG c.orderbook.OrderBook - [ORDERBOOK] ASK: Adding orderMktData(price=119,quantity=5600)
22:53:36.875 [main] DEBUG c.orderbook.OrderBook - [ORDERBOOK] ASK: Adding orderMktData(price=123,quantity=453)
22:53:36.875 [main] DEBUG c.orderbook.OrderBook - [ORDERBOOK] ASK: Adding orderMktData(price=144,quantity=645)
22:53:36.876 [main] DEBUG c.orderbook.OrderBook - [ORDERBOOK] ASK: Adding orderMktData(price=167,quantity=665)
22:53:36.876 [main] DEBUG c.service.MarketDataService - [ALGO] BID: price:43 quantity:134
22:53:36.876 [main] DEBUG c.service.MarketDataService - [ALGO] BID: price:76 quantity:145
22:53:36.876 [main] DEBUG c.service.MarketDataService - [ALGO] BID: price:91 quantity:300
22:53:36.876 [main] DEBUG c.service.MarketDataService - [ALGO] BID: price:93 quantity:200
22:53:36.876 [main] DEBUG c.service.MarketDataService - [ALGO] BID: price:95 quantity:100
22:53:36.876 [main] DEBUG c.service.MarketDataService - [ALGO] BID: price:98 quantity:154
22:53:36.876 [main] DEBUG c.service.MarketDataService - [ALGO] ASK: price:98 quantity:501
22:53:36.876 [main] DEBUG c.service.MarketDataService - [ALGO] ASK: price:101 quantity:200
22:53:36.876 [main] DEBUG c.service.MarketDataService - [ALGO] ASK: price:110 quantity:5000
22:53:36.876 [main] DEBUG c.service.MarketDataService - [ALGO] ASK: price:119 quantity:5600
22:53:36.876 [main] DEBUG c.service.MarketDataService - [ALGO] ASK: price:123 quantity:453
22:53:36.876 [main] DEBUG c.service.MarketDataService - [ALGO] ASK: price:144 quantity:645
22:53:36.876 [main] DEBUG c.service.MarketDataService - [ALGO] ASK: price:167 quantity:665
22:53:36.877 [main] INFO  c.gettingstarted.MyAlgoLogic - [MYALGO] The state of the order book is:
|----BID-----||----ASK----|
    134 @ 43    501 @ 98
    145 @ 76   200 @ 101
    300 @ 91  5000 @ 110
    200 @ 93  5600 @ 119
    100 @ 95   453 @ 123
    154 @ 98   645 @ 144
          -    665 @ 167
|------------||-----------|

22:53:36.877 [main] INFO  c.gettingstarted.MyAlgoLogic - [MYALGO] Algo Sees Book as: 
|----BID-----||----ASK----|
    134 @ 43    501 @ 98
    145 @ 76   200 @ 101
    300 @ 91  5000 @ 110
    200 @ 93  5600 @ 119
    100 @ 95   453 @ 123
    154 @ 98   645 @ 144
          -    665 @ 167
|------------||-----------|

22:53:36.877 [main] INFO  c.gettingstarted.TimedLogic - [TIMEDLOGIC] Market is closed
22:53:36.877 [main] INFO  c.sequencer.consumer.LoggingConsumer - [42] 
|----BID-----|
    134 @ 43
    145 @ 76
    300 @ 91
    200 @ 93
    100 @ 95
    154 @ 98
|----ASK-----|
    501 @ 98
   200 @ 101
  5000 @ 110
  5600 @ 119
   453 @ 123
   645 @ 144
   665 @ 167

22:53:36.877 [main] INFO  c.orderbook.OrderBook - [ORDERBOOK] Processing Mkt Data Update
22:53:36.877 [main] INFO  c.o.v.MutatingRemoveAllMarketDataOrdersVisitor - [ORDERBOOK] Removing market data order:MktData(price=43,quantity=134)
22:53:36.877 [main] INFO  c.o.v.MutatingRemoveAllMarketDataOrdersVisitor - [ORDERBOOK] Removing level:43
22:53:36.877 [main] DEBUG c.orderbook.OrderBook - [ORDERBOOK] ASK: Adding orderMktData(price=43,quantity=134)
22:53:36.877 [main] DEBUG c.orderbook.OrderBook - [ORDERBOOK] ASK: Adding orderMktData(price=76,quantity=145)
22:53:36.877 [main] DEBUG c.orderbook.OrderBook - [ORDERBOOK] ASK: Adding orderMktData(price=91,quantity=300)
22:53:36.877 [main] DEBUG c.orderbook.OrderBook - [ORDERBOOK] ASK: Adding orderMktData(price=93,quantity=200)
22:53:36.877 [main] DEBUG c.orderbook.OrderBook - [ORDERBOOK] ASK: Adding orderMktData(price=95,quantity=100)
22:53:36.877 [main] DEBUG c.orderbook.OrderBook - [ORDERBOOK] ASK: Adding orderMktData(price=98,quantity=154)
22:53:36.877 [main] INFO  c.o.v.MutatingMatchOneMarketDataOrderVisitor - [ORDERBOOK] visiting LevelOrderBookLevel(price=43,quantity=134)
22:53:36.877 [main] INFO  c.o.v.MutatingMatchOneMarketDataOrderVisitor - [ORDERBOOK] Can't match order:MktData(price=43,quantity=134)(MktData(price=98,quantity=154))
22:53:36.877 [main] INFO  c.o.v.MutatingRemoveAllMarketDataOrdersVisitor - [ORDERBOOK] Removing market data order:MktData(price=98,quantity=501)
22:53:36.877 [main] INFO  c.o.v.MutatingRemoveAllMarketDataOrdersVisitor - [ORDERBOOK] Removing level:98
22:53:36.877 [main] INFO  c.o.v.MutatingRemoveAllMarketDataOrdersVisitor - [ORDERBOOK] Removing market data order:MktData(price=101,quantity=200)
22:53:36.877 [main] INFO  c.o.v.MutatingRemoveAllMarketDataOrdersVisitor - [ORDERBOOK] Removing level:101
22:53:36.877 [main] INFO  c.o.v.MutatingRemoveAllMarketDataOrdersVisitor - [ORDERBOOK] Removing market data order:MktData(price=110,quantity=5000)
22:53:36.877 [main] INFO  c.o.v.MutatingRemoveAllMarketDataOrdersVisitor - [ORDERBOOK] Removing level:110
22:53:36.877 [main] INFO  c.o.v.MutatingRemoveAllMarketDataOrdersVisitor - [ORDERBOOK] Removing market data order:MktData(price=119,quantity=5600)
22:53:36.877 [main] INFO  c.o.v.MutatingRemoveAllMarketDataOrdersVisitor - [ORDERBOOK] Removing level:119
22:53:36.877 [main] INFO  c.o.v.MutatingRemoveAllMarketDataOrdersVisitor - [ORDERBOOK] Removing market data order:MktData(price=123,quantity=453)
22:53:36.877 [main] INFO  c.o.v.MutatingRemoveAllMarketDataOrdersVisitor - [ORDERBOOK] Removing level:123
22:53:36.877 [main] INFO  c.o.v.MutatingRemoveAllMarketDataOrdersVisitor - [ORDERBOOK] Removing market data order:MktData(price=144,quantity=645)
22:53:36.877 [main] INFO  c.o.v.MutatingRemoveAllMarketDataOrdersVisitor - [ORDERBOOK] Removing level:144
22:53:36.877 [main] INFO  c.o.v.MutatingRemoveAllMarketDataOrdersVisitor - [ORDERBOOK] Removing market data order:MktData(price=167,quantity=665)
22:53:36.877 [main] INFO  c.o.v.MutatingRemoveAllMarketDataOrdersVisitor - [ORDERBOOK] Removing level:167
22:53:36.877 [main] DEBUG c.orderbook.OrderBook - [ORDERBOOK] ASK: Adding orderMktData(price=98,quantity=501)
22:53:36.877 [main] DEBUG c.orderbook.OrderBook - [ORDERBOOK] ASK: Adding orderMktData(price=101,quantity=200)
22:53:36.877 [main] DEBUG c.orderbook.OrderBook - [ORDERBOOK] ASK: Adding orderMktData(price=110,quantity=5000)
22:53:36.877 [main] DEBUG c.orderbook.OrderBook - [ORDERBOOK] ASK: Adding orderMktData(price=119,quantity=5600)
22:53:36.877 [main] DEBUG c.orderbook.OrderBook - [ORDERBOOK] ASK: Adding orderMktData(price=123,quantity=453)
22:53:36.877 [main] DEBUG c.orderbook.OrderBook - [ORDERBOOK] ASK: Adding orderMktData(price=144,quantity=645)
22:53:36.877 [main] DEBUG c.orderbook.OrderBook - [ORDERBOOK] ASK: Adding orderMktData(price=167,quantity=665)
22:53:36.877 [main] DEBUG c.service.MarketDataService - [ALGO] BID: price:43 quantity:134
22:53:36.877 [main] DEBUG c.service.MarketDataService - [ALGO] BID: price:76 quantity:145
22:53:36.877 [main] DEBUG c.service.MarketDataService - [ALGO] BID: price:91 quantity:300
22:53:36.877 [main] DEBUG c.service.MarketDataService - [ALGO] BID: price:93 quantity:200
22:53:36.877 [main] DEBUG c.service.MarketDataService - [ALGO] BID: price:95 quantity:100
22:53:36.877 [main] DEBUG c.service.MarketDataService - [ALGO] BID: price:98 quantity:154
22:53:36.877 [main] DEBUG c.service.MarketDataService - [ALGO] ASK: price:98 quantity:501
22:53:36.877 [main] DEBUG c.service.MarketDataService - [ALGO] ASK: price:101 quantity:200
22:53:36.877 [main] DEBUG c.service.MarketDataService - [ALGO] ASK: price:110 quantity:5000
22:53:36.877 [main] DEBUG c.service.MarketDataService - [ALGO] ASK: price:119 quantity:5600
22:53:36.877 [main] DEBUG c.service.MarketDataService - [ALGO] ASK: price:123 quantity:453
22:53:36.877 [main] DEBUG c.service.MarketDataService - [ALGO] ASK: price:144 quantity:645
22:53:36.877 [main] DEBUG c.service.MarketDataService - [ALGO] ASK: price:167 quantity:665
22:53:36.877 [main] INFO  c.gettingstarted.MyAlgoLogic - [MYALGO] The state of the order book is:
|----BID-----||----ASK----|
    134 @ 43    501 @ 98
    145 @ 76   200 @ 101
    300 @ 91  5000 @ 110
    200 @ 93  5600 @ 119
    100 @ 95   453 @ 123
    154 @ 98   645 @ 144
          -    665 @ 167
|------------||-----------|

22:53:36.877 [main] INFO  c.gettingstarted.MyAlgoLogic - [MYALGO] Algo Sees Book as: 
|----BID-----||----ASK----|
    134 @ 43    501 @ 98
    145 @ 76   200 @ 101
    300 @ 91  5000 @ 110
    200 @ 93  5600 @ 119
    100 @ 95   453 @ 123
    154 @ 98   645 @ 144
          -    665 @ 167
|------------||-----------|

22:53:36.877 [main] INFO  c.gettingstarted.TimedLogic - [TIMEDLOGIC] Market is closed
22:53:36.877 [main] INFO  c.sequencer.consumer.LoggingConsumer - [43] 
|----BID-----|
    134 @ 43
    145 @ 76
    300 @ 91
    200 @ 93
    100 @ 95
    154 @ 98
|----ASK-----|
    501 @ 98
   200 @ 101
  5000 @ 110
  5600 @ 119
   453 @ 123
   645 @ 144
   665 @ 167

22:53:36.877 [main] INFO  c.orderbook.OrderBook - [ORDERBOOK] Processing Mkt Data Update
22:53:36.877 [main] INFO  c.o.v.MutatingRemoveAllMarketDataOrdersVisitor - [ORDERBOOK] Removing market data order:MktData(price=43,quantity=134)
22:53:36.877 [main] INFO  c.o.v.MutatingRemoveAllMarketDataOrdersVisitor - [ORDERBOOK] Removing level:43
22:53:36.877 [main] DEBUG c.orderbook.OrderBook - [ORDERBOOK] ASK: Adding orderMktData(price=43,quantity=134)
22:53:36.877 [main] DEBUG c.orderbook.OrderBook - [ORDERBOOK] ASK: Adding orderMktData(price=76,quantity=145)
22:53:36.877 [main] DEBUG c.orderbook.OrderBook - [ORDERBOOK] ASK: Adding orderMktData(price=91,quantity=300)
22:53:36.877 [main] DEBUG c.orderbook.OrderBook - [ORDERBOOK] ASK: Adding orderMktData(price=93,quantity=200)
22:53:36.877 [main] DEBUG c.orderbook.OrderBook - [ORDERBOOK] ASK: Adding orderMktData(price=95,quantity=100)
22:53:36.877 [main] DEBUG c.orderbook.OrderBook - [ORDERBOOK] ASK: Adding orderMktData(price=98,quantity=154)
22:53:36.877 [main] INFO  c.o.v.MutatingMatchOneMarketDataOrderVisitor - [ORDERBOOK] visiting LevelOrderBookLevel(price=43,quantity=134)
22:53:36.877 [main] INFO  c.o.v.MutatingMatchOneMarketDataOrderVisitor - [ORDERBOOK] Can't match order:MktData(price=43,quantity=134)(MktData(price=98,quantity=154))
22:53:36.877 [main] INFO  c.o.v.MutatingRemoveAllMarketDataOrdersVisitor - [ORDERBOOK] Removing market data order:MktData(price=98,quantity=501)
22:53:36.877 [main] INFO  c.o.v.MutatingRemoveAllMarketDataOrdersVisitor - [ORDERBOOK] Removing level:98
22:53:36.877 [main] INFO  c.o.v.MutatingRemoveAllMarketDataOrdersVisitor - [ORDERBOOK] Removing market data order:MktData(price=101,quantity=200)
22:53:36.877 [main] INFO  c.o.v.MutatingRemoveAllMarketDataOrdersVisitor - [ORDERBOOK] Removing level:101
22:53:36.877 [main] INFO  c.o.v.MutatingRemoveAllMarketDataOrdersVisitor - [ORDERBOOK] Removing market data order:MktData(price=110,quantity=5000)
22:53:36.877 [main] INFO  c.o.v.MutatingRemoveAllMarketDataOrdersVisitor - [ORDERBOOK] Removing level:110
22:53:36.877 [main] INFO  c.o.v.MutatingRemoveAllMarketDataOrdersVisitor - [ORDERBOOK] Removing market data order:MktData(price=119,quantity=5600)
22:53:36.877 [main] INFO  c.o.v.MutatingRemoveAllMarketDataOrdersVisitor - [ORDERBOOK] Removing level:119
22:53:36.877 [main] INFO  c.o.v.MutatingRemoveAllMarketDataOrdersVisitor - [ORDERBOOK] Removing market data order:MktData(price=123,quantity=453)
22:53:36.877 [main] INFO  c.o.v.MutatingRemoveAllMarketDataOrdersVisitor - [ORDERBOOK] Removing level:123
22:53:36.877 [main] INFO  c.o.v.MutatingRemoveAllMarketDataOrdersVisitor - [ORDERBOOK] Removing market data order:MktData(price=144,quantity=645)
22:53:36.877 [main] INFO  c.o.v.MutatingRemoveAllMarketDataOrdersVisitor - [ORDERBOOK] Removing level:144
22:53:36.877 [main] INFO  c.o.v.MutatingRemoveAllMarketDataOrdersVisitor - [ORDERBOOK] Removing market data order:MktData(price=167,quantity=665)
22:53:36.877 [main] INFO  c.o.v.MutatingRemoveAllMarketDataOrdersVisitor - [ORDERBOOK] Removing level:167
22:53:36.877 [main] DEBUG c.orderbook.OrderBook - [ORDERBOOK] ASK: Adding orderMktData(price=98,quantity=501)
22:53:36.877 [main] DEBUG c.orderbook.OrderBook - [ORDERBOOK] ASK: Adding orderMktData(price=101,quantity=200)
22:53:36.877 [main] DEBUG c.orderbook.OrderBook - [ORDERBOOK] ASK: Adding orderMktData(price=110,quantity=5000)
22:53:36.877 [main] DEBUG c.orderbook.OrderBook - [ORDERBOOK] ASK: Adding orderMktData(price=119,quantity=5600)
22:53:36.877 [main] DEBUG c.orderbook.OrderBook - [ORDERBOOK] ASK: Adding orderMktData(price=123,quantity=453)
22:53:36.877 [main] DEBUG c.orderbook.OrderBook - [ORDERBOOK] ASK: Adding orderMktData(price=144,quantity=645)
22:53:36.877 [main] DEBUG c.orderbook.OrderBook - [ORDERBOOK] ASK: Adding orderMktData(price=167,quantity=665)
22:53:36.880 [main] DEBUG c.service.MarketDataService - [ALGO] BID: price:43 quantity:134
22:53:36.880 [main] DEBUG c.service.MarketDataService - [ALGO] BID: price:76 quantity:145
22:53:36.880 [main] DEBUG c.service.MarketDataService - [ALGO] BID: price:91 quantity:300
22:53:36.880 [main] DEBUG c.service.MarketDataService - [ALGO] BID: price:93 quantity:200
22:53:36.880 [main] DEBUG c.service.MarketDataService - [ALGO] BID: price:95 quantity:100
22:53:36.880 [main] DEBUG c.service.MarketDataService - [ALGO] BID: price:98 quantity:154
22:53:36.880 [main] DEBUG c.service.MarketDataService - [ALGO] ASK: price:98 quantity:501
22:53:36.880 [main] DEBUG c.service.MarketDataService - [ALGO] ASK: price:101 quantity:200
22:53:36.880 [main] DEBUG c.service.MarketDataService - [ALGO] ASK: price:110 quantity:5000
22:53:36.880 [main] DEBUG c.service.MarketDataService - [ALGO] ASK: price:119 quantity:5600
22:53:36.880 [main] DEBUG c.service.MarketDataService - [ALGO] ASK: price:123 quantity:453
22:53:36.880 [main] DEBUG c.service.MarketDataService - [ALGO] ASK: price:144 quantity:645
22:53:36.880 [main] DEBUG c.service.MarketDataService - [ALGO] ASK: price:167 quantity:665
22:53:36.880 [main] INFO  c.gettingstarted.MyAlgoLogic - [MYALGO] The state of the order book is:
|----BID-----||----ASK----|
    134 @ 43    501 @ 98
    145 @ 76   200 @ 101
    300 @ 91  5000 @ 110
    200 @ 93  5600 @ 119
    100 @ 95   453 @ 123
    154 @ 98   645 @ 144
          -    665 @ 167
|------------||-----------|

22:53:36.881 [main] INFO  c.gettingstarted.MyAlgoLogic - [MYALGO] Algo Sees Book as: 
|----BID-----||----ASK----|
    134 @ 43    501 @ 98
    145 @ 76   200 @ 101
    300 @ 91  5000 @ 110
    200 @ 93  5600 @ 119
    100 @ 95   453 @ 123
    154 @ 98   645 @ 144
          -    665 @ 167
|------------||-----------|

22:53:36.881 [main] INFO  c.gettingstarted.TimedLogic - [TIMEDLOGIC] Market is closed
22:53:36.881 [main] INFO  c.sequencer.consumer.LoggingConsumer - [44] 
|----BID-----|
    134 @ 43
    145 @ 76
    300 @ 91
    200 @ 93
    100 @ 95
    154 @ 98
|----ASK-----|
    501 @ 98
   200 @ 101
  5000 @ 110
  5600 @ 119
   453 @ 123
   645 @ 144
   665 @ 167

22:53:36.881 [main] INFO  c.orderbook.OrderBook - [ORDERBOOK] Processing Mkt Data Update
22:53:36.881 [main] INFO  c.o.v.MutatingRemoveAllMarketDataOrdersVisitor - [ORDERBOOK] Removing market data order:MktData(price=43,quantity=134)
22:53:36.881 [main] INFO  c.o.v.MutatingRemoveAllMarketDataOrdersVisitor - [ORDERBOOK] Removing level:43
22:53:36.881 [main] DEBUG c.orderbook.OrderBook - [ORDERBOOK] ASK: Adding orderMktData(price=43,quantity=134)
22:53:36.881 [main] DEBUG c.orderbook.OrderBook - [ORDERBOOK] ASK: Adding orderMktData(price=76,quantity=145)
22:53:36.881 [main] DEBUG c.orderbook.OrderBook - [ORDERBOOK] ASK: Adding orderMktData(price=91,quantity=300)
22:53:36.881 [main] DEBUG c.orderbook.OrderBook - [ORDERBOOK] ASK: Adding orderMktData(price=93,quantity=200)
22:53:36.881 [main] DEBUG c.orderbook.OrderBook - [ORDERBOOK] ASK: Adding orderMktData(price=95,quantity=100)
22:53:36.881 [main] DEBUG c.orderbook.OrderBook - [ORDERBOOK] ASK: Adding orderMktData(price=98,quantity=154)
22:53:36.881 [main] INFO  c.o.v.MutatingMatchOneMarketDataOrderVisitor - [ORDERBOOK] visiting LevelOrderBookLevel(price=43,quantity=134)
22:53:36.881 [main] INFO  c.o.v.MutatingMatchOneMarketDataOrderVisitor - [ORDERBOOK] Can't match order:MktData(price=43,quantity=134)(MktData(price=98,quantity=154))
22:53:36.881 [main] INFO  c.o.v.MutatingRemoveAllMarketDataOrdersVisitor - [ORDERBOOK] Removing market data order:MktData(price=98,quantity=501)
22:53:36.881 [main] INFO  c.o.v.MutatingRemoveAllMarketDataOrdersVisitor - [ORDERBOOK] Removing level:98
22:53:36.881 [main] INFO  c.o.v.MutatingRemoveAllMarketDataOrdersVisitor - [ORDERBOOK] Removing market data order:MktData(price=101,quantity=200)
22:53:36.881 [main] INFO  c.o.v.MutatingRemoveAllMarketDataOrdersVisitor - [ORDERBOOK] Removing level:101
22:53:36.881 [main] INFO  c.o.v.MutatingRemoveAllMarketDataOrdersVisitor - [ORDERBOOK] Removing market data order:MktData(price=110,quantity=5000)
22:53:36.881 [main] INFO  c.o.v.MutatingRemoveAllMarketDataOrdersVisitor - [ORDERBOOK] Removing level:110
22:53:36.881 [main] INFO  c.o.v.MutatingRemoveAllMarketDataOrdersVisitor - [ORDERBOOK] Removing market data order:MktData(price=119,quantity=5600)
22:53:36.881 [main] INFO  c.o.v.MutatingRemoveAllMarketDataOrdersVisitor - [ORDERBOOK] Removing level:119
22:53:36.881 [main] INFO  c.o.v.MutatingRemoveAllMarketDataOrdersVisitor - [ORDERBOOK] Removing market data order:MktData(price=123,quantity=453)
22:53:36.881 [main] INFO  c.o.v.MutatingRemoveAllMarketDataOrdersVisitor - [ORDERBOOK] Removing level:123
22:53:36.881 [main] INFO  c.o.v.MutatingRemoveAllMarketDataOrdersVisitor - [ORDERBOOK] Removing market data order:MktData(price=144,quantity=645)
22:53:36.881 [main] INFO  c.o.v.MutatingRemoveAllMarketDataOrdersVisitor - [ORDERBOOK] Removing level:144
22:53:36.881 [main] INFO  c.o.v.MutatingRemoveAllMarketDataOrdersVisitor - [ORDERBOOK] Removing market data order:MktData(price=167,quantity=665)
22:53:36.881 [main] INFO  c.o.v.MutatingRemoveAllMarketDataOrdersVisitor - [ORDERBOOK] Removing level:167
22:53:36.881 [main] DEBUG c.orderbook.OrderBook - [ORDERBOOK] ASK: Adding orderMktData(price=98,quantity=501)
22:53:36.881 [main] DEBUG c.orderbook.OrderBook - [ORDERBOOK] ASK: Adding orderMktData(price=101,quantity=200)
22:53:36.881 [main] DEBUG c.orderbook.OrderBook - [ORDERBOOK] ASK: Adding orderMktData(price=110,quantity=5000)
22:53:36.881 [main] DEBUG c.orderbook.OrderBook - [ORDERBOOK] ASK: Adding orderMktData(price=119,quantity=5600)
22:53:36.881 [main] DEBUG c.orderbook.OrderBook - [ORDERBOOK] ASK: Adding orderMktData(price=123,quantity=453)
22:53:36.881 [main] DEBUG c.orderbook.OrderBook - [ORDERBOOK] ASK: Adding orderMktData(price=144,quantity=645)
22:53:36.881 [main] DEBUG c.orderbook.OrderBook - [ORDERBOOK] ASK: Adding orderMktData(price=167,quantity=665)
22:53:36.881 [main] DEBUG c.service.MarketDataService - [ALGO] BID: price:43 quantity:134
22:53:36.881 [main] DEBUG c.service.MarketDataService - [ALGO] BID: price:76 quantity:145
22:53:36.881 [main] DEBUG c.service.MarketDataService - [ALGO] BID: price:91 quantity:300
22:53:36.881 [main] DEBUG c.service.MarketDataService - [ALGO] BID: price:93 quantity:200
22:53:36.881 [main] DEBUG c.service.MarketDataService - [ALGO] BID: price:95 quantity:100
22:53:36.881 [main] DEBUG c.service.MarketDataService - [ALGO] BID: price:98 quantity:154
22:53:36.881 [main] DEBUG c.service.MarketDataService - [ALGO] ASK: price:98 quantity:501
22:53:36.881 [main] DEBUG c.service.MarketDataService - [ALGO] ASK: price:101 quantity:200
22:53:36.881 [main] DEBUG c.service.MarketDataService - [ALGO] ASK: price:110 quantity:5000
22:53:36.881 [main] DEBUG c.service.MarketDataService - [ALGO] ASK: price:119 quantity:5600
22:53:36.881 [main] DEBUG c.service.MarketDataService - [ALGO] ASK: price:123 quantity:453
22:53:36.881 [main] DEBUG c.service.MarketDataService - [ALGO] ASK: price:144 quantity:645
22:53:36.881 [main] DEBUG c.service.MarketDataService - [ALGO] ASK: price:167 quantity:665
22:53:36.881 [main] INFO  c.gettingstarted.MyAlgoLogic - [MYALGO] The state of the order book is:
|----BID-----||----ASK----|
    134 @ 43    501 @ 98
    145 @ 76   200 @ 101
    300 @ 91  5000 @ 110
    200 @ 93  5600 @ 119
    100 @ 95   453 @ 123
    154 @ 98   645 @ 144
          -    665 @ 167
|------------||-----------|

22:53:36.881 [main] INFO  c.gettingstarted.MyAlgoLogic - [MYALGO] Algo Sees Book as: 
|----BID-----||----ASK----|
    134 @ 43    501 @ 98
    145 @ 76   200 @ 101
    300 @ 91  5000 @ 110
    200 @ 93  5600 @ 119
    100 @ 95   453 @ 123
    154 @ 98   645 @ 144
          -    665 @ 167
|------------||-----------|

22:53:36.881 [main] INFO  c.gettingstarted.TimedLogic - [TIMEDLOGIC] Market is closed
22:53:36.881 [main] INFO  c.sequencer.consumer.LoggingConsumer - [45] 
|----BID-----|
    134 @ 43
    145 @ 76
    300 @ 91
    200 @ 93
    100 @ 95
    154 @ 98
|----ASK-----|
    501 @ 98
   200 @ 101
  5000 @ 110
  5600 @ 119
   453 @ 123
   645 @ 144
   665 @ 167

22:53:36.881 [main] INFO  c.orderbook.OrderBook - [ORDERBOOK] Processing Mkt Data Update
22:53:36.881 [main] INFO  c.o.v.MutatingRemoveAllMarketDataOrdersVisitor - [ORDERBOOK] Removing market data order:MktData(price=43,quantity=134)
22:53:36.881 [main] INFO  c.o.v.MutatingRemoveAllMarketDataOrdersVisitor - [ORDERBOOK] Removing level:43
22:53:36.881 [main] DEBUG c.orderbook.OrderBook - [ORDERBOOK] ASK: Adding orderMktData(price=43,quantity=134)
22:53:36.881 [main] DEBUG c.orderbook.OrderBook - [ORDERBOOK] ASK: Adding orderMktData(price=76,quantity=145)
22:53:36.881 [main] DEBUG c.orderbook.OrderBook - [ORDERBOOK] ASK: Adding orderMktData(price=91,quantity=300)
22:53:36.881 [main] DEBUG c.orderbook.OrderBook - [ORDERBOOK] ASK: Adding orderMktData(price=93,quantity=200)
22:53:36.881 [main] DEBUG c.orderbook.OrderBook - [ORDERBOOK] ASK: Adding orderMktData(price=95,quantity=100)
22:53:36.881 [main] DEBUG c.orderbook.OrderBook - [ORDERBOOK] ASK: Adding orderMktData(price=98,quantity=154)
22:53:36.881 [main] INFO  c.o.v.MutatingMatchOneMarketDataOrderVisitor - [ORDERBOOK] visiting LevelOrderBookLevel(price=43,quantity=134)
22:53:36.881 [main] INFO  c.o.v.MutatingMatchOneMarketDataOrderVisitor - [ORDERBOOK] Can't match order:MktData(price=43,quantity=134)(MktData(price=98,quantity=154))
22:53:36.881 [main] INFO  c.o.v.MutatingRemoveAllMarketDataOrdersVisitor - [ORDERBOOK] Removing market data order:MktData(price=98,quantity=501)
22:53:36.881 [main] INFO  c.o.v.MutatingRemoveAllMarketDataOrdersVisitor - [ORDERBOOK] Removing level:98
22:53:36.881 [main] INFO  c.o.v.MutatingRemoveAllMarketDataOrdersVisitor - [ORDERBOOK] Removing market data order:MktData(price=101,quantity=200)
22:53:36.881 [main] INFO  c.o.v.MutatingRemoveAllMarketDataOrdersVisitor - [ORDERBOOK] Removing level:101
22:53:36.881 [main] INFO  c.o.v.MutatingRemoveAllMarketDataOrdersVisitor - [ORDERBOOK] Removing market data order:MktData(price=110,quantity=5000)
22:53:36.881 [main] INFO  c.o.v.MutatingRemoveAllMarketDataOrdersVisitor - [ORDERBOOK] Removing level:110
22:53:36.881 [main] INFO  c.o.v.MutatingRemoveAllMarketDataOrdersVisitor - [ORDERBOOK] Removing market data order:MktData(price=119,quantity=5600)
22:53:36.881 [main] INFO  c.o.v.MutatingRemoveAllMarketDataOrdersVisitor - [ORDERBOOK] Removing level:119
22:53:36.881 [main] INFO  c.o.v.MutatingRemoveAllMarketDataOrdersVisitor - [ORDERBOOK] Removing market data order:MktData(price=123,quantity=453)
22:53:36.881 [main] INFO  c.o.v.MutatingRemoveAllMarketDataOrdersVisitor - [ORDERBOOK] Removing level:123
22:53:36.881 [main] INFO  c.o.v.MutatingRemoveAllMarketDataOrdersVisitor - [ORDERBOOK] Removing market data order:MktData(price=144,quantity=645)
22:53:36.881 [main] INFO  c.o.v.MutatingRemoveAllMarketDataOrdersVisitor - [ORDERBOOK] Removing level:144
22:53:36.881 [main] INFO  c.o.v.MutatingRemoveAllMarketDataOrdersVisitor - [ORDERBOOK] Removing market data order:MktData(price=167,quantity=665)
22:53:36.881 [main] INFO  c.o.v.MutatingRemoveAllMarketDataOrdersVisitor - [ORDERBOOK] Removing level:167
22:53:36.881 [main] DEBUG c.orderbook.OrderBook - [ORDERBOOK] ASK: Adding orderMktData(price=98,quantity=501)
22:53:36.881 [main] DEBUG c.orderbook.OrderBook - [ORDERBOOK] ASK: Adding orderMktData(price=101,quantity=200)
22:53:36.881 [main] DEBUG c.orderbook.OrderBook - [ORDERBOOK] ASK: Adding orderMktData(price=110,quantity=5000)
22:53:36.881 [main] DEBUG c.orderbook.OrderBook - [ORDERBOOK] ASK: Adding orderMktData(price=119,quantity=5600)
22:53:36.881 [main] DEBUG c.orderbook.OrderBook - [ORDERBOOK] ASK: Adding orderMktData(price=123,quantity=453)
22:53:36.881 [main] DEBUG c.orderbook.OrderBook - [ORDERBOOK] ASK: Adding orderMktData(price=144,quantity=645)
22:53:36.881 [main] DEBUG c.orderbook.OrderBook - [ORDERBOOK] ASK: Adding orderMktData(price=167,quantity=665)
22:53:36.881 [main] DEBUG c.service.MarketDataService - [ALGO] BID: price:43 quantity:134
22:53:36.881 [main] DEBUG c.service.MarketDataService - [ALGO] BID: price:76 quantity:145
22:53:36.881 [main] DEBUG c.service.MarketDataService - [ALGO] BID: price:91 quantity:300
22:53:36.881 [main] DEBUG c.service.MarketDataService - [ALGO] BID: price:93 quantity:200
22:53:36.881 [main] DEBUG c.service.MarketDataService - [ALGO] BID: price:95 quantity:100
22:53:36.881 [main] DEBUG c.service.MarketDataService - [ALGO] BID: price:98 quantity:154
22:53:36.881 [main] DEBUG c.service.MarketDataService - [ALGO] ASK: price:98 quantity:501
22:53:36.881 [main] DEBUG c.service.MarketDataService - [ALGO] ASK: price:101 quantity:200
22:53:36.881 [main] DEBUG c.service.MarketDataService - [ALGO] ASK: price:110 quantity:5000
22:53:36.881 [main] DEBUG c.service.MarketDataService - [ALGO] ASK: price:119 quantity:5600
22:53:36.881 [main] DEBUG c.service.MarketDataService - [ALGO] ASK: price:123 quantity:453
22:53:36.881 [main] DEBUG c.service.MarketDataService - [ALGO] ASK: price:144 quantity:645
22:53:36.881 [main] DEBUG c.service.MarketDataService - [ALGO] ASK: price:167 quantity:665
22:53:36.881 [main] INFO  c.gettingstarted.MyAlgoLogic - [MYALGO] The state of the order book is:
|----BID-----||----ASK----|
    134 @ 43    501 @ 98
    145 @ 76   200 @ 101
    300 @ 91  5000 @ 110
    200 @ 93  5600 @ 119
    100 @ 95   453 @ 123
    154 @ 98   645 @ 144
          -    665 @ 167
|------------||-----------|

22:53:36.881 [main] INFO  c.gettingstarted.MyAlgoLogic - [MYALGO] Algo Sees Book as: 
|----BID-----||----ASK----|
    134 @ 43    501 @ 98
    145 @ 76   200 @ 101
    300 @ 91  5000 @ 110
    200 @ 93  5600 @ 119
    100 @ 95   453 @ 123
    154 @ 98   645 @ 144
          -    665 @ 167
|------------||-----------|

22:53:36.881 [main] INFO  c.gettingstarted.TimedLogic - [TIMEDLOGIC] Market is closed
22:53:36.881 [main] INFO  c.sequencer.consumer.LoggingConsumer - [46] 
|----BID-----|
    134 @ 43
    145 @ 76
    300 @ 91
    200 @ 93
    100 @ 95
    154 @ 98
|----ASK-----|
    501 @ 98
   200 @ 101
  5000 @ 110
  5600 @ 119
   453 @ 123
   645 @ 144
   665 @ 167

22:53:36.881 [main] INFO  c.orderbook.OrderBook - [ORDERBOOK] Processing Mkt Data Update
22:53:36.881 [main] INFO  c.o.v.MutatingRemoveAllMarketDataOrdersVisitor - [ORDERBOOK] Removing market data order:MktData(price=43,quantity=134)
22:53:36.881 [main] INFO  c.o.v.MutatingRemoveAllMarketDataOrdersVisitor - [ORDERBOOK] Removing level:43
22:53:36.881 [main] DEBUG c.orderbook.OrderBook - [ORDERBOOK] ASK: Adding orderMktData(price=43,quantity=134)
22:53:36.881 [main] DEBUG c.orderbook.OrderBook - [ORDERBOOK] ASK: Adding orderMktData(price=76,quantity=145)
22:53:36.881 [main] DEBUG c.orderbook.OrderBook - [ORDERBOOK] ASK: Adding orderMktData(price=91,quantity=300)
22:53:36.881 [main] DEBUG c.orderbook.OrderBook - [ORDERBOOK] ASK: Adding orderMktData(price=93,quantity=200)
22:53:36.881 [main] DEBUG c.orderbook.OrderBook - [ORDERBOOK] ASK: Adding orderMktData(price=95,quantity=100)
22:53:36.881 [main] DEBUG c.orderbook.OrderBook - [ORDERBOOK] ASK: Adding orderMktData(price=98,quantity=154)
22:53:36.881 [main] INFO  c.o.v.MutatingMatchOneMarketDataOrderVisitor - [ORDERBOOK] visiting LevelOrderBookLevel(price=43,quantity=134)
22:53:36.881 [main] INFO  c.o.v.MutatingMatchOneMarketDataOrderVisitor - [ORDERBOOK] Can't match order:MktData(price=43,quantity=134)(MktData(price=98,quantity=154))
22:53:36.881 [main] INFO  c.o.v.MutatingRemoveAllMarketDataOrdersVisitor - [ORDERBOOK] Removing market data order:MktData(price=98,quantity=501)
22:53:36.881 [main] INFO  c.o.v.MutatingRemoveAllMarketDataOrdersVisitor - [ORDERBOOK] Removing level:98
22:53:36.881 [main] INFO  c.o.v.MutatingRemoveAllMarketDataOrdersVisitor - [ORDERBOOK] Removing market data order:MktData(price=101,quantity=200)
22:53:36.881 [main] INFO  c.o.v.MutatingRemoveAllMarketDataOrdersVisitor - [ORDERBOOK] Removing level:101
22:53:36.881 [main] INFO  c.o.v.MutatingRemoveAllMarketDataOrdersVisitor - [ORDERBOOK] Removing market data order:MktData(price=110,quantity=5000)
22:53:36.881 [main] INFO  c.o.v.MutatingRemoveAllMarketDataOrdersVisitor - [ORDERBOOK] Removing level:110
22:53:36.881 [main] INFO  c.o.v.MutatingRemoveAllMarketDataOrdersVisitor - [ORDERBOOK] Removing market data order:MktData(price=119,quantity=5600)
22:53:36.881 [main] INFO  c.o.v.MutatingRemoveAllMarketDataOrdersVisitor - [ORDERBOOK] Removing level:119
22:53:36.881 [main] INFO  c.o.v.MutatingRemoveAllMarketDataOrdersVisitor - [ORDERBOOK] Removing market data order:MktData(price=123,quantity=453)
22:53:36.881 [main] INFO  c.o.v.MutatingRemoveAllMarketDataOrdersVisitor - [ORDERBOOK] Removing level:123
22:53:36.881 [main] INFO  c.o.v.MutatingRemoveAllMarketDataOrdersVisitor - [ORDERBOOK] Removing market data order:MktData(price=144,quantity=645)
22:53:36.881 [main] INFO  c.o.v.MutatingRemoveAllMarketDataOrdersVisitor - [ORDERBOOK] Removing level:144
22:53:36.881 [main] INFO  c.o.v.MutatingRemoveAllMarketDataOrdersVisitor - [ORDERBOOK] Removing market data order:MktData(price=167,quantity=665)
22:53:36.881 [main] INFO  c.o.v.MutatingRemoveAllMarketDataOrdersVisitor - [ORDERBOOK] Removing level:167
22:53:36.881 [main] DEBUG c.orderbook.OrderBook - [ORDERBOOK] ASK: Adding orderMktData(price=98,quantity=501)
22:53:36.881 [main] DEBUG c.orderbook.OrderBook - [ORDERBOOK] ASK: Adding orderMktData(price=101,quantity=200)
22:53:36.881 [main] DEBUG c.orderbook.OrderBook - [ORDERBOOK] ASK: Adding orderMktData(price=110,quantity=5000)
22:53:36.881 [main] DEBUG c.orderbook.OrderBook - [ORDERBOOK] ASK: Adding orderMktData(price=119,quantity=5600)
22:53:36.881 [main] DEBUG c.orderbook.OrderBook - [ORDERBOOK] ASK: Adding orderMktData(price=123,quantity=453)
22:53:36.881 [main] DEBUG c.orderbook.OrderBook - [ORDERBOOK] ASK: Adding orderMktData(price=144,quantity=645)
22:53:36.881 [main] DEBUG c.orderbook.OrderBook - [ORDERBOOK] ASK: Adding orderMktData(price=167,quantity=665)
22:53:36.881 [main] DEBUG c.service.MarketDataService - [ALGO] BID: price:43 quantity:134
22:53:36.881 [main] DEBUG c.service.MarketDataService - [ALGO] BID: price:76 quantity:145
22:53:36.881 [main] DEBUG c.service.MarketDataService - [ALGO] BID: price:91 quantity:300
22:53:36.881 [main] DEBUG c.service.MarketDataService - [ALGO] BID: price:93 quantity:200
22:53:36.881 [main] DEBUG c.service.MarketDataService - [ALGO] BID: price:95 quantity:100
22:53:36.881 [main] DEBUG c.service.MarketDataService - [ALGO] BID: price:98 quantity:154
22:53:36.881 [main] DEBUG c.service.MarketDataService - [ALGO] ASK: price:98 quantity:501
22:53:36.881 [main] DEBUG c.service.MarketDataService - [ALGO] ASK: price:101 quantity:200
22:53:36.881 [main] DEBUG c.service.MarketDataService - [ALGO] ASK: price:110 quantity:5000
22:53:36.881 [main] DEBUG c.service.MarketDataService - [ALGO] ASK: price:119 quantity:5600
22:53:36.881 [main] DEBUG c.service.MarketDataService - [ALGO] ASK: price:123 quantity:453
22:53:36.881 [main] DEBUG c.service.MarketDataService - [ALGO] ASK: price:144 quantity:645
22:53:36.881 [main] DEBUG c.service.MarketDataService - [ALGO] ASK: price:167 quantity:665
22:53:36.881 [main] INFO  c.gettingstarted.MyAlgoLogic - [MYALGO] The state of the order book is:
|----BID-----||----ASK----|
    134 @ 43    501 @ 98
    145 @ 76   200 @ 101
    300 @ 91  5000 @ 110
    200 @ 93  5600 @ 119
    100 @ 95   453 @ 123
    154 @ 98   645 @ 144
          -    665 @ 167
|------------||-----------|

22:53:36.881 [main] INFO  c.gettingstarted.MyAlgoLogic - [MYALGO] Algo Sees Book as: 
|----BID-----||----ASK----|
    134 @ 43    501 @ 98
    145 @ 76   200 @ 101
    300 @ 91  5000 @ 110
    200 @ 93  5600 @ 119
    100 @ 95   453 @ 123
    154 @ 98   645 @ 144
          -    665 @ 167
|------------||-----------|

22:53:36.881 [main] INFO  c.gettingstarted.TimedLogic - [TIMEDLOGIC] Market is closed
22:53:36.881 [main] INFO  c.sequencer.consumer.LoggingConsumer - [47] 
|----BID-----|
    134 @ 43
    145 @ 76
    300 @ 91
    200 @ 93
    100 @ 95
    154 @ 98
|----ASK-----|
    501 @ 98
   200 @ 101
  5000 @ 110
  5600 @ 119
   453 @ 123
   645 @ 144
   665 @ 167

22:53:36.881 [main] INFO  c.orderbook.OrderBook - [ORDERBOOK] Processing Mkt Data Update
22:53:36.881 [main] INFO  c.o.v.MutatingRemoveAllMarketDataOrdersVisitor - [ORDERBOOK] Removing market data order:MktData(price=43,quantity=134)
22:53:36.881 [main] INFO  c.o.v.MutatingRemoveAllMarketDataOrdersVisitor - [ORDERBOOK] Removing level:43
22:53:36.881 [main] DEBUG c.orderbook.OrderBook - [ORDERBOOK] ASK: Adding orderMktData(price=43,quantity=134)
22:53:36.881 [main] DEBUG c.orderbook.OrderBook - [ORDERBOOK] ASK: Adding orderMktData(price=76,quantity=145)
22:53:36.881 [main] DEBUG c.orderbook.OrderBook - [ORDERBOOK] ASK: Adding orderMktData(price=91,quantity=300)
22:53:36.881 [main] DEBUG c.orderbook.OrderBook - [ORDERBOOK] ASK: Adding orderMktData(price=93,quantity=200)
22:53:36.881 [main] DEBUG c.orderbook.OrderBook - [ORDERBOOK] ASK: Adding orderMktData(price=95,quantity=100)
22:53:36.881 [main] DEBUG c.orderbook.OrderBook - [ORDERBOOK] ASK: Adding orderMktData(price=98,quantity=154)
22:53:36.881 [main] INFO  c.o.v.MutatingMatchOneMarketDataOrderVisitor - [ORDERBOOK] visiting LevelOrderBookLevel(price=43,quantity=134)
22:53:36.881 [main] INFO  c.o.v.MutatingMatchOneMarketDataOrderVisitor - [ORDERBOOK] Can't match order:MktData(price=43,quantity=134)(MktData(price=98,quantity=154))
22:53:36.881 [main] INFO  c.o.v.MutatingRemoveAllMarketDataOrdersVisitor - [ORDERBOOK] Removing market data order:MktData(price=98,quantity=501)
22:53:36.881 [main] INFO  c.o.v.MutatingRemoveAllMarketDataOrdersVisitor - [ORDERBOOK] Removing level:98
22:53:36.881 [main] INFO  c.o.v.MutatingRemoveAllMarketDataOrdersVisitor - [ORDERBOOK] Removing market data order:MktData(price=101,quantity=200)
22:53:36.881 [main] INFO  c.o.v.MutatingRemoveAllMarketDataOrdersVisitor - [ORDERBOOK] Removing level:101
22:53:36.881 [main] INFO  c.o.v.MutatingRemoveAllMarketDataOrdersVisitor - [ORDERBOOK] Removing market data order:MktData(price=110,quantity=5000)
22:53:36.881 [main] INFO  c.o.v.MutatingRemoveAllMarketDataOrdersVisitor - [ORDERBOOK] Removing level:110
22:53:36.881 [main] INFO  c.o.v.MutatingRemoveAllMarketDataOrdersVisitor - [ORDERBOOK] Removing market data order:MktData(price=119,quantity=5600)
22:53:36.881 [main] INFO  c.o.v.MutatingRemoveAllMarketDataOrdersVisitor - [ORDERBOOK] Removing level:119
22:53:36.881 [main] INFO  c.o.v.MutatingRemoveAllMarketDataOrdersVisitor - [ORDERBOOK] Removing market data order:MktData(price=123,quantity=453)
22:53:36.881 [main] INFO  c.o.v.MutatingRemoveAllMarketDataOrdersVisitor - [ORDERBOOK] Removing level:123
22:53:36.881 [main] INFO  c.o.v.MutatingRemoveAllMarketDataOrdersVisitor - [ORDERBOOK] Removing market data order:MktData(price=144,quantity=645)
22:53:36.881 [main] INFO  c.o.v.MutatingRemoveAllMarketDataOrdersVisitor - [ORDERBOOK] Removing level:144
22:53:36.881 [main] INFO  c.o.v.MutatingRemoveAllMarketDataOrdersVisitor - [ORDERBOOK] Removing market data order:MktData(price=167,quantity=665)
22:53:36.881 [main] INFO  c.o.v.MutatingRemoveAllMarketDataOrdersVisitor - [ORDERBOOK] Removing level:167
22:53:36.881 [main] DEBUG c.orderbook.OrderBook - [ORDERBOOK] ASK: Adding orderMktData(price=98,quantity=501)
22:53:36.881 [main] DEBUG c.orderbook.OrderBook - [ORDERBOOK] ASK: Adding orderMktData(price=101,quantity=200)
22:53:36.881 [main] DEBUG c.orderbook.OrderBook - [ORDERBOOK] ASK: Adding orderMktData(price=110,quantity=5000)
22:53:36.881 [main] DEBUG c.orderbook.OrderBook - [ORDERBOOK] ASK: Adding orderMktData(price=119,quantity=5600)
22:53:36.881 [main] DEBUG c.orderbook.OrderBook - [ORDERBOOK] ASK: Adding orderMktData(price=123,quantity=453)
22:53:36.881 [main] DEBUG c.orderbook.OrderBook - [ORDERBOOK] ASK: Adding orderMktData(price=144,quantity=645)
22:53:36.881 [main] DEBUG c.orderbook.OrderBook - [ORDERBOOK] ASK: Adding orderMktData(price=167,quantity=665)
22:53:36.881 [main] DEBUG c.service.MarketDataService - [ALGO] BID: price:43 quantity:134
22:53:36.881 [main] DEBUG c.service.MarketDataService - [ALGO] BID: price:76 quantity:145
22:53:36.881 [main] DEBUG c.service.MarketDataService - [ALGO] BID: price:91 quantity:300
22:53:36.881 [main] DEBUG c.service.MarketDataService - [ALGO] BID: price:93 quantity:200
22:53:36.881 [main] DEBUG c.service.MarketDataService - [ALGO] BID: price:95 quantity:100
22:53:36.881 [main] DEBUG c.service.MarketDataService - [ALGO] BID: price:98 quantity:154
22:53:36.881 [main] DEBUG c.service.MarketDataService - [ALGO] ASK: price:98 quantity:501
22:53:36.881 [main] DEBUG c.service.MarketDataService - [ALGO] ASK: price:101 quantity:200
22:53:36.881 [main] DEBUG c.service.MarketDataService - [ALGO] ASK: price:110 quantity:5000
22:53:36.881 [main] DEBUG c.service.MarketDataService - [ALGO] ASK: price:119 quantity:5600
22:53:36.881 [main] DEBUG c.service.MarketDataService - [ALGO] ASK: price:123 quantity:453
22:53:36.881 [main] DEBUG c.service.MarketDataService - [ALGO] ASK: price:144 quantity:645
22:53:36.881 [main] DEBUG c.service.MarketDataService - [ALGO] ASK: price:167 quantity:665
22:53:36.881 [main] INFO  c.gettingstarted.MyAlgoLogic - [MYALGO] The state of the order book is:
|----BID-----||----ASK----|
    134 @ 43    501 @ 98
    145 @ 76   200 @ 101
    300 @ 91  5000 @ 110
    200 @ 93  5600 @ 119
    100 @ 95   453 @ 123
    154 @ 98   645 @ 144
          -    665 @ 167
|------------||-----------|

22:53:36.881 [main] INFO  c.gettingstarted.MyAlgoLogic - [MYALGO] Algo Sees Book as: 
|----BID-----||----ASK----|
    134 @ 43    501 @ 98
    145 @ 76   200 @ 101
    300 @ 91  5000 @ 110
    200 @ 93  5600 @ 119
    100 @ 95   453 @ 123
    154 @ 98   645 @ 144
          -    665 @ 167
|------------||-----------|

22:53:36.881 [main] INFO  c.gettingstarted.TimedLogic - [TIMEDLOGIC] Market is closed
22:53:36.881 [main] INFO  c.sequencer.consumer.LoggingConsumer - [48] 
|----BID-----|
    134 @ 43
    145 @ 76
    300 @ 91
    200 @ 93
    100 @ 95
    154 @ 98
|----ASK-----|
    501 @ 98
   200 @ 101
  5000 @ 110
  5600 @ 119
   453 @ 123
   645 @ 144
   665 @ 167

22:53:36.881 [main] INFO  c.orderbook.OrderBook - [ORDERBOOK] Processing Mkt Data Update
22:53:36.881 [main] INFO  c.o.v.MutatingRemoveAllMarketDataOrdersVisitor - [ORDERBOOK] Removing market data order:MktData(price=43,quantity=134)
22:53:36.881 [main] INFO  c.o.v.MutatingRemoveAllMarketDataOrdersVisitor - [ORDERBOOK] Removing level:43
22:53:36.881 [main] DEBUG c.orderbook.OrderBook - [ORDERBOOK] ASK: Adding orderMktData(price=43,quantity=134)
22:53:36.881 [main] DEBUG c.orderbook.OrderBook - [ORDERBOOK] ASK: Adding orderMktData(price=76,quantity=145)
22:53:36.881 [main] DEBUG c.orderbook.OrderBook - [ORDERBOOK] ASK: Adding orderMktData(price=91,quantity=300)
22:53:36.881 [main] DEBUG c.orderbook.OrderBook - [ORDERBOOK] ASK: Adding orderMktData(price=93,quantity=200)
22:53:36.881 [main] DEBUG c.orderbook.OrderBook - [ORDERBOOK] ASK: Adding orderMktData(price=95,quantity=100)
22:53:36.881 [main] DEBUG c.orderbook.OrderBook - [ORDERBOOK] ASK: Adding orderMktData(price=98,quantity=154)
22:53:36.881 [main] INFO  c.o.v.MutatingMatchOneMarketDataOrderVisitor - [ORDERBOOK] visiting LevelOrderBookLevel(price=43,quantity=134)
22:53:36.881 [main] INFO  c.o.v.MutatingMatchOneMarketDataOrderVisitor - [ORDERBOOK] Can't match order:MktData(price=43,quantity=134)(MktData(price=98,quantity=154))
22:53:36.881 [main] INFO  c.o.v.MutatingRemoveAllMarketDataOrdersVisitor - [ORDERBOOK] Removing market data order:MktData(price=98,quantity=501)
22:53:36.881 [main] INFO  c.o.v.MutatingRemoveAllMarketDataOrdersVisitor - [ORDERBOOK] Removing level:98
22:53:36.881 [main] INFO  c.o.v.MutatingRemoveAllMarketDataOrdersVisitor - [ORDERBOOK] Removing market data order:MktData(price=101,quantity=200)
22:53:36.881 [main] INFO  c.o.v.MutatingRemoveAllMarketDataOrdersVisitor - [ORDERBOOK] Removing level:101
22:53:36.881 [main] INFO  c.o.v.MutatingRemoveAllMarketDataOrdersVisitor - [ORDERBOOK] Removing market data order:MktData(price=110,quantity=5000)
22:53:36.881 [main] INFO  c.o.v.MutatingRemoveAllMarketDataOrdersVisitor - [ORDERBOOK] Removing level:110
22:53:36.881 [main] INFO  c.o.v.MutatingRemoveAllMarketDataOrdersVisitor - [ORDERBOOK] Removing market data order:MktData(price=119,quantity=5600)
22:53:36.881 [main] INFO  c.o.v.MutatingRemoveAllMarketDataOrdersVisitor - [ORDERBOOK] Removing level:119
22:53:36.881 [main] INFO  c.o.v.MutatingRemoveAllMarketDataOrdersVisitor - [ORDERBOOK] Removing market data order:MktData(price=123,quantity=453)
22:53:36.881 [main] INFO  c.o.v.MutatingRemoveAllMarketDataOrdersVisitor - [ORDERBOOK] Removing level:123
22:53:36.881 [main] INFO  c.o.v.MutatingRemoveAllMarketDataOrdersVisitor - [ORDERBOOK] Removing market data order:MktData(price=144,quantity=645)
22:53:36.881 [main] INFO  c.o.v.MutatingRemoveAllMarketDataOrdersVisitor - [ORDERBOOK] Removing level:144
22:53:36.881 [main] INFO  c.o.v.MutatingRemoveAllMarketDataOrdersVisitor - [ORDERBOOK] Removing market data order:MktData(price=167,quantity=665)
22:53:36.881 [main] INFO  c.o.v.MutatingRemoveAllMarketDataOrdersVisitor - [ORDERBOOK] Removing level:167
22:53:36.881 [main] DEBUG c.orderbook.OrderBook - [ORDERBOOK] ASK: Adding orderMktData(price=98,quantity=501)
22:53:36.881 [main] DEBUG c.orderbook.OrderBook - [ORDERBOOK] ASK: Adding orderMktData(price=101,quantity=200)
22:53:36.881 [main] DEBUG c.orderbook.OrderBook - [ORDERBOOK] ASK: Adding orderMktData(price=110,quantity=5000)
22:53:36.881 [main] DEBUG c.orderbook.OrderBook - [ORDERBOOK] ASK: Adding orderMktData(price=119,quantity=5600)
22:53:36.881 [main] DEBUG c.orderbook.OrderBook - [ORDERBOOK] ASK: Adding orderMktData(price=123,quantity=453)
22:53:36.881 [main] DEBUG c.orderbook.OrderBook - [ORDERBOOK] ASK: Adding orderMktData(price=144,quantity=645)
22:53:36.881 [main] DEBUG c.orderbook.OrderBook - [ORDERBOOK] ASK: Adding orderMktData(price=167,quantity=665)
22:53:36.881 [main] DEBUG c.service.MarketDataService - [ALGO] BID: price:43 quantity:134
22:53:36.881 [main] DEBUG c.service.MarketDataService - [ALGO] BID: price:76 quantity:145
22:53:36.881 [main] DEBUG c.service.MarketDataService - [ALGO] BID: price:91 quantity:300
22:53:36.881 [main] DEBUG c.service.MarketDataService - [ALGO] BID: price:93 quantity:200
22:53:36.881 [main] DEBUG c.service.MarketDataService - [ALGO] BID: price:95 quantity:100
22:53:36.881 [main] DEBUG c.service.MarketDataService - [ALGO] BID: price:98 quantity:154
22:53:36.881 [main] DEBUG c.service.MarketDataService - [ALGO] ASK: price:98 quantity:501
22:53:36.881 [main] DEBUG c.service.MarketDataService - [ALGO] ASK: price:101 quantity:200
22:53:36.881 [main] DEBUG c.service.MarketDataService - [ALGO] ASK: price:110 quantity:5000
22:53:36.881 [main] DEBUG c.service.MarketDataService - [ALGO] ASK: price:119 quantity:5600
22:53:36.881 [main] DEBUG c.service.MarketDataService - [ALGO] ASK: price:123 quantity:453
22:53:36.881 [main] DEBUG c.service.MarketDataService - [ALGO] ASK: price:144 quantity:645
22:53:36.881 [main] DEBUG c.service.MarketDataService - [ALGO] ASK: price:167 quantity:665
22:53:36.881 [main] INFO  c.gettingstarted.MyAlgoLogic - [MYALGO] The state of the order book is:
|----BID-----||----ASK----|
    134 @ 43    501 @ 98
    145 @ 76   200 @ 101
    300 @ 91  5000 @ 110
    200 @ 93  5600 @ 119
    100 @ 95   453 @ 123
    154 @ 98   645 @ 144
          -    665 @ 167
|------------||-----------|

22:53:36.881 [main] INFO  c.gettingstarted.MyAlgoLogic - [MYALGO] Algo Sees Book as: 
|----BID-----||----ASK----|
    134 @ 43    501 @ 98
    145 @ 76   200 @ 101
    300 @ 91  5000 @ 110
    200 @ 93  5600 @ 119
    100 @ 95   453 @ 123
    154 @ 98   645 @ 144
          -    665 @ 167
|------------||-----------|

22:53:36.881 [main] INFO  c.gettingstarted.TimedLogic - [TIMEDLOGIC] Market is closed
22:53:36.881 [main] INFO  c.sequencer.consumer.LoggingConsumer - [49] 
|----BID-----|
    134 @ 43
    145 @ 76
    300 @ 91
    200 @ 93
    100 @ 95
    154 @ 98
|----ASK-----|
    501 @ 98
   200 @ 101
  5000 @ 110
  5600 @ 119
   453 @ 123
   645 @ 144
   665 @ 167

22:53:36.881 [main] INFO  c.orderbook.OrderBook - [ORDERBOOK] Processing Mkt Data Update
22:53:36.881 [main] INFO  c.o.v.MutatingRemoveAllMarketDataOrdersVisitor - [ORDERBOOK] Removing market data order:MktData(price=43,quantity=134)
22:53:36.881 [main] INFO  c.o.v.MutatingRemoveAllMarketDataOrdersVisitor - [ORDERBOOK] Removing level:43
22:53:36.881 [main] DEBUG c.orderbook.OrderBook - [ORDERBOOK] ASK: Adding orderMktData(price=43,quantity=134)
22:53:36.881 [main] DEBUG c.orderbook.OrderBook - [ORDERBOOK] ASK: Adding orderMktData(price=76,quantity=145)
22:53:36.881 [main] DEBUG c.orderbook.OrderBook - [ORDERBOOK] ASK: Adding orderMktData(price=91,quantity=300)
22:53:36.881 [main] DEBUG c.orderbook.OrderBook - [ORDERBOOK] ASK: Adding orderMktData(price=93,quantity=200)
22:53:36.881 [main] DEBUG c.orderbook.OrderBook - [ORDERBOOK] ASK: Adding orderMktData(price=95,quantity=100)
22:53:36.881 [main] DEBUG c.orderbook.OrderBook - [ORDERBOOK] ASK: Adding orderMktData(price=98,quantity=154)
22:53:36.881 [main] INFO  c.o.v.MutatingMatchOneMarketDataOrderVisitor - [ORDERBOOK] visiting LevelOrderBookLevel(price=43,quantity=134)
22:53:36.881 [main] INFO  c.o.v.MutatingMatchOneMarketDataOrderVisitor - [ORDERBOOK] Can't match order:MktData(price=43,quantity=134)(MktData(price=98,quantity=154))
22:53:36.881 [main] INFO  c.o.v.MutatingRemoveAllMarketDataOrdersVisitor - [ORDERBOOK] Removing market data order:MktData(price=98,quantity=501)
22:53:36.881 [main] INFO  c.o.v.MutatingRemoveAllMarketDataOrdersVisitor - [ORDERBOOK] Removing level:98
22:53:36.881 [main] INFO  c.o.v.MutatingRemoveAllMarketDataOrdersVisitor - [ORDERBOOK] Removing market data order:MktData(price=101,quantity=200)
22:53:36.881 [main] INFO  c.o.v.MutatingRemoveAllMarketDataOrdersVisitor - [ORDERBOOK] Removing level:101
22:53:36.881 [main] INFO  c.o.v.MutatingRemoveAllMarketDataOrdersVisitor - [ORDERBOOK] Removing market data order:MktData(price=110,quantity=5000)
22:53:36.881 [main] INFO  c.o.v.MutatingRemoveAllMarketDataOrdersVisitor - [ORDERBOOK] Removing level:110
22:53:36.881 [main] INFO  c.o.v.MutatingRemoveAllMarketDataOrdersVisitor - [ORDERBOOK] Removing market data order:MktData(price=119,quantity=5600)
22:53:36.881 [main] INFO  c.o.v.MutatingRemoveAllMarketDataOrdersVisitor - [ORDERBOOK] Removing level:119
22:53:36.881 [main] INFO  c.o.v.MutatingRemoveAllMarketDataOrdersVisitor - [ORDERBOOK] Removing market data order:MktData(price=123,quantity=453)
22:53:36.881 [main] INFO  c.o.v.MutatingRemoveAllMarketDataOrdersVisitor - [ORDERBOOK] Removing level:123
22:53:36.881 [main] INFO  c.o.v.MutatingRemoveAllMarketDataOrdersVisitor - [ORDERBOOK] Removing market data order:MktData(price=144,quantity=645)
22:53:36.881 [main] INFO  c.o.v.MutatingRemoveAllMarketDataOrdersVisitor - [ORDERBOOK] Removing level:144
22:53:36.881 [main] INFO  c.o.v.MutatingRemoveAllMarketDataOrdersVisitor - [ORDERBOOK] Removing market data order:MktData(price=167,quantity=665)
22:53:36.881 [main] INFO  c.o.v.MutatingRemoveAllMarketDataOrdersVisitor - [ORDERBOOK] Removing level:167
22:53:36.881 [main] DEBUG c.orderbook.OrderBook - [ORDERBOOK] ASK: Adding orderMktData(price=98,quantity=501)
22:53:36.881 [main] DEBUG c.orderbook.OrderBook - [ORDERBOOK] ASK: Adding orderMktData(price=101,quantity=200)
22:53:36.881 [main] DEBUG c.orderbook.OrderBook - [ORDERBOOK] ASK: Adding orderMktData(price=110,quantity=5000)
22:53:36.881 [main] DEBUG c.orderbook.OrderBook - [ORDERBOOK] ASK: Adding orderMktData(price=119,quantity=5600)
22:53:36.881 [main] DEBUG c.orderbook.OrderBook - [ORDERBOOK] ASK: Adding orderMktData(price=123,quantity=453)
22:53:36.881 [main] DEBUG c.orderbook.OrderBook - [ORDERBOOK] ASK: Adding orderMktData(price=144,quantity=645)
22:53:36.881 [main] DEBUG c.orderbook.OrderBook - [ORDERBOOK] ASK: Adding orderMktData(price=167,quantity=665)
22:53:36.881 [main] DEBUG c.service.MarketDataService - [ALGO] BID: price:43 quantity:134
22:53:36.881 [main] DEBUG c.service.MarketDataService - [ALGO] BID: price:76 quantity:145
22:53:36.881 [main] DEBUG c.service.MarketDataService - [ALGO] BID: price:91 quantity:300
22:53:36.881 [main] DEBUG c.service.MarketDataService - [ALGO] BID: price:93 quantity:200
22:53:36.881 [main] DEBUG c.service.MarketDataService - [ALGO] BID: price:95 quantity:100
22:53:36.881 [main] DEBUG c.service.MarketDataService - [ALGO] BID: price:98 quantity:154
22:53:36.881 [main] DEBUG c.service.MarketDataService - [ALGO] ASK: price:98 quantity:501
22:53:36.881 [main] DEBUG c.service.MarketDataService - [ALGO] ASK: price:101 quantity:200
22:53:36.881 [main] DEBUG c.service.MarketDataService - [ALGO] ASK: price:110 quantity:5000
22:53:36.881 [main] DEBUG c.service.MarketDataService - [ALGO] ASK: price:119 quantity:5600
22:53:36.881 [main] DEBUG c.service.MarketDataService - [ALGO] ASK: price:123 quantity:453
22:53:36.881 [main] DEBUG c.service.MarketDataService - [ALGO] ASK: price:144 quantity:645
22:53:36.881 [main] DEBUG c.service.MarketDataService - [ALGO] ASK: price:167 quantity:665
22:53:36.881 [main] INFO  c.gettingstarted.MyAlgoLogic - [MYALGO] The state of the order book is:
|----BID-----||----ASK----|
    134 @ 43    501 @ 98
    145 @ 76   200 @ 101
    300 @ 91  5000 @ 110
    200 @ 93  5600 @ 119
    100 @ 95   453 @ 123
    154 @ 98   645 @ 144
          -    665 @ 167
|------------||-----------|

22:53:36.881 [main] INFO  c.gettingstarted.MyAlgoLogic - [MYALGO] Algo Sees Book as: 
|----BID-----||----ASK----|
    134 @ 43    501 @ 98
    145 @ 76   200 @ 101
    300 @ 91  5000 @ 110
    200 @ 93  5600 @ 119
    100 @ 95   453 @ 123
    154 @ 98   645 @ 144
          -    665 @ 167
|------------||-----------|

22:53:36.881 [main] INFO  c.gettingstarted.TimedLogic - [TIMEDLOGIC] Market is closed
22:53:36.881 [main] INFO  c.sequencer.consumer.LoggingConsumer - [50] 
|----BID-----|
    134 @ 43
    145 @ 76
    300 @ 91
    200 @ 93
    100 @ 95
    154 @ 98
|----ASK-----|
    501 @ 98
   200 @ 101
  5000 @ 110
  5600 @ 119
   453 @ 123
   645 @ 144
   665 @ 167

22:53:36.881 [main] INFO  c.orderbook.OrderBook - [ORDERBOOK] Processing Mkt Data Update
22:53:36.881 [main] INFO  c.o.v.MutatingRemoveAllMarketDataOrdersVisitor - [ORDERBOOK] Removing market data order:MktData(price=43,quantity=134)
22:53:36.881 [main] INFO  c.o.v.MutatingRemoveAllMarketDataOrdersVisitor - [ORDERBOOK] Removing level:43
22:53:36.881 [main] DEBUG c.orderbook.OrderBook - [ORDERBOOK] ASK: Adding orderMktData(price=43,quantity=134)
22:53:36.881 [main] DEBUG c.orderbook.OrderBook - [ORDERBOOK] ASK: Adding orderMktData(price=76,quantity=145)
22:53:36.881 [main] DEBUG c.orderbook.OrderBook - [ORDERBOOK] ASK: Adding orderMktData(price=91,quantity=300)
22:53:36.881 [main] DEBUG c.orderbook.OrderBook - [ORDERBOOK] ASK: Adding orderMktData(price=93,quantity=200)
22:53:36.881 [main] DEBUG c.orderbook.OrderBook - [ORDERBOOK] ASK: Adding orderMktData(price=95,quantity=100)
22:53:36.881 [main] DEBUG c.orderbook.OrderBook - [ORDERBOOK] ASK: Adding orderMktData(price=98,quantity=154)
22:53:36.881 [main] INFO  c.o.v.MutatingMatchOneMarketDataOrderVisitor - [ORDERBOOK] visiting LevelOrderBookLevel(price=43,quantity=134)
22:53:36.881 [main] INFO  c.o.v.MutatingMatchOneMarketDataOrderVisitor - [ORDERBOOK] Can't match order:MktData(price=43,quantity=134)(MktData(price=98,quantity=154))
22:53:36.881 [main] INFO  c.o.v.MutatingRemoveAllMarketDataOrdersVisitor - [ORDERBOOK] Removing market data order:MktData(price=98,quantity=501)
22:53:36.881 [main] INFO  c.o.v.MutatingRemoveAllMarketDataOrdersVisitor - [ORDERBOOK] Removing level:98
22:53:36.881 [main] INFO  c.o.v.MutatingRemoveAllMarketDataOrdersVisitor - [ORDERBOOK] Removing market data order:MktData(price=101,quantity=200)
22:53:36.881 [main] INFO  c.o.v.MutatingRemoveAllMarketDataOrdersVisitor - [ORDERBOOK] Removing level:101
22:53:36.881 [main] INFO  c.o.v.MutatingRemoveAllMarketDataOrdersVisitor - [ORDERBOOK] Removing market data order:MktData(price=110,quantity=5000)
22:53:36.881 [main] INFO  c.o.v.MutatingRemoveAllMarketDataOrdersVisitor - [ORDERBOOK] Removing level:110
22:53:36.881 [main] INFO  c.o.v.MutatingRemoveAllMarketDataOrdersVisitor - [ORDERBOOK] Removing market data order:MktData(price=119,quantity=5600)
22:53:36.881 [main] INFO  c.o.v.MutatingRemoveAllMarketDataOrdersVisitor - [ORDERBOOK] Removing level:119
22:53:36.881 [main] INFO  c.o.v.MutatingRemoveAllMarketDataOrdersVisitor - [ORDERBOOK] Removing market data order:MktData(price=123,quantity=453)
22:53:36.881 [main] INFO  c.o.v.MutatingRemoveAllMarketDataOrdersVisitor - [ORDERBOOK] Removing level:123
22:53:36.881 [main] INFO  c.o.v.MutatingRemoveAllMarketDataOrdersVisitor - [ORDERBOOK] Removing market data order:MktData(price=144,quantity=645)
22:53:36.881 [main] INFO  c.o.v.MutatingRemoveAllMarketDataOrdersVisitor - [ORDERBOOK] Removing level:144
22:53:36.881 [main] INFO  c.o.v.MutatingRemoveAllMarketDataOrdersVisitor - [ORDERBOOK] Removing market data order:MktData(price=167,quantity=665)
22:53:36.881 [main] INFO  c.o.v.MutatingRemoveAllMarketDataOrdersVisitor - [ORDERBOOK] Removing level:167
22:53:36.881 [main] DEBUG c.orderbook.OrderBook - [ORDERBOOK] ASK: Adding orderMktData(price=98,quantity=501)
22:53:36.881 [main] DEBUG c.orderbook.OrderBook - [ORDERBOOK] ASK: Adding orderMktData(price=101,quantity=200)
22:53:36.881 [main] DEBUG c.orderbook.OrderBook - [ORDERBOOK] ASK: Adding orderMktData(price=110,quantity=5000)
22:53:36.881 [main] DEBUG c.orderbook.OrderBook - [ORDERBOOK] ASK: Adding orderMktData(price=119,quantity=5600)
22:53:36.881 [main] DEBUG c.orderbook.OrderBook - [ORDERBOOK] ASK: Adding orderMktData(price=123,quantity=453)
22:53:36.881 [main] DEBUG c.orderbook.OrderBook - [ORDERBOOK] ASK: Adding orderMktData(price=144,quantity=645)
22:53:36.881 [main] DEBUG c.orderbook.OrderBook - [ORDERBOOK] ASK: Adding orderMktData(price=167,quantity=665)
22:53:36.881 [main] DEBUG c.service.MarketDataService - [ALGO] BID: price:43 quantity:134
22:53:36.881 [main] DEBUG c.service.MarketDataService - [ALGO] BID: price:76 quantity:145
22:53:36.881 [main] DEBUG c.service.MarketDataService - [ALGO] BID: price:91 quantity:300
22:53:36.881 [main] DEBUG c.service.MarketDataService - [ALGO] BID: price:93 quantity:200
22:53:36.881 [main] DEBUG c.service.MarketDataService - [ALGO] BID: price:95 quantity:100
22:53:36.881 [main] DEBUG c.service.MarketDataService - [ALGO] BID: price:98 quantity:154
22:53:36.881 [main] DEBUG c.service.MarketDataService - [ALGO] ASK: price:98 quantity:501
22:53:36.881 [main] DEBUG c.service.MarketDataService - [ALGO] ASK: price:101 quantity:200
22:53:36.881 [main] DEBUG c.service.MarketDataService - [ALGO] ASK: price:110 quantity:5000
22:53:36.881 [main] DEBUG c.service.MarketDataService - [ALGO] ASK: price:119 quantity:5600
22:53:36.881 [main] DEBUG c.service.MarketDataService - [ALGO] ASK: price:123 quantity:453
22:53:36.881 [main] DEBUG c.service.MarketDataService - [ALGO] ASK: price:144 quantity:645
22:53:36.881 [main] DEBUG c.service.MarketDataService - [ALGO] ASK: price:167 quantity:665
22:53:36.881 [main] INFO  c.gettingstarted.MyAlgoLogic - [MYALGO] The state of the order book is:
|----BID-----||----ASK----|
    134 @ 43    501 @ 98
    145 @ 76   200 @ 101
    300 @ 91  5000 @ 110
    200 @ 93  5600 @ 119
    100 @ 95   453 @ 123
    154 @ 98   645 @ 144
          -    665 @ 167
|------------||-----------|

22:53:36.881 [main] INFO  c.gettingstarted.MyAlgoLogic - [MYALGO] Algo Sees Book as: 
|----BID-----||----ASK----|
    134 @ 43    501 @ 98
    145 @ 76   200 @ 101
    300 @ 91  5000 @ 110
    200 @ 93  5600 @ 119
    100 @ 95   453 @ 123
    154 @ 98   645 @ 144
          -    665 @ 167
|------------||-----------|

22:53:36.881 [main] INFO  c.gettingstarted.TimedLogic - [TIMEDLOGIC] Market is closed
22:53:36.881 [main] INFO  c.sequencer.consumer.LoggingConsumer - [51] 
|----BID-----|
    134 @ 43
    145 @ 76
    300 @ 91
    200 @ 93
    100 @ 95
    154 @ 98
|----ASK-----|
    501 @ 98
   200 @ 101
  5000 @ 110
  5600 @ 119
   453 @ 123
   645 @ 144
   665 @ 167

22:53:36.881 [main] INFO  c.orderbook.OrderBook - [ORDERBOOK] Processing Mkt Data Update
22:53:36.881 [main] INFO  c.o.v.MutatingRemoveAllMarketDataOrdersVisitor - [ORDERBOOK] Removing market data order:MktData(price=43,quantity=134)
22:53:36.881 [main] INFO  c.o.v.MutatingRemoveAllMarketDataOrdersVisitor - [ORDERBOOK] Removing level:43
22:53:36.881 [main] DEBUG c.orderbook.OrderBook - [ORDERBOOK] ASK: Adding orderMktData(price=43,quantity=134)
22:53:36.881 [main] DEBUG c.orderbook.OrderBook - [ORDERBOOK] ASK: Adding orderMktData(price=76,quantity=145)
22:53:36.881 [main] DEBUG c.orderbook.OrderBook - [ORDERBOOK] ASK: Adding orderMktData(price=91,quantity=300)
22:53:36.881 [main] DEBUG c.orderbook.OrderBook - [ORDERBOOK] ASK: Adding orderMktData(price=93,quantity=200)
22:53:36.881 [main] DEBUG c.orderbook.OrderBook - [ORDERBOOK] ASK: Adding orderMktData(price=95,quantity=100)
22:53:36.881 [main] DEBUG c.orderbook.OrderBook - [ORDERBOOK] ASK: Adding orderMktData(price=98,quantity=154)
22:53:36.881 [main] INFO  c.o.v.MutatingMatchOneMarketDataOrderVisitor - [ORDERBOOK] visiting LevelOrderBookLevel(price=43,quantity=134)
22:53:36.881 [main] INFO  c.o.v.MutatingMatchOneMarketDataOrderVisitor - [ORDERBOOK] Can't match order:MktData(price=43,quantity=134)(MktData(price=98,quantity=154))
22:53:36.881 [main] INFO  c.o.v.MutatingRemoveAllMarketDataOrdersVisitor - [ORDERBOOK] Removing market data order:MktData(price=98,quantity=501)
22:53:36.881 [main] INFO  c.o.v.MutatingRemoveAllMarketDataOrdersVisitor - [ORDERBOOK] Removing level:98
22:53:36.881 [main] INFO  c.o.v.MutatingRemoveAllMarketDataOrdersVisitor - [ORDERBOOK] Removing market data order:MktData(price=101,quantity=200)
22:53:36.881 [main] INFO  c.o.v.MutatingRemoveAllMarketDataOrdersVisitor - [ORDERBOOK] Removing level:101
22:53:36.881 [main] INFO  c.o.v.MutatingRemoveAllMarketDataOrdersVisitor - [ORDERBOOK] Removing market data order:MktData(price=110,quantity=5000)
22:53:36.881 [main] INFO  c.o.v.MutatingRemoveAllMarketDataOrdersVisitor - [ORDERBOOK] Removing level:110
22:53:36.881 [main] INFO  c.o.v.MutatingRemoveAllMarketDataOrdersVisitor - [ORDERBOOK] Removing market data order:MktData(price=119,quantity=5600)
22:53:36.881 [main] INFO  c.o.v.MutatingRemoveAllMarketDataOrdersVisitor - [ORDERBOOK] Removing level:119
22:53:36.881 [main] INFO  c.o.v.MutatingRemoveAllMarketDataOrdersVisitor - [ORDERBOOK] Removing market data order:MktData(price=123,quantity=453)
22:53:36.881 [main] INFO  c.o.v.MutatingRemoveAllMarketDataOrdersVisitor - [ORDERBOOK] Removing level:123
22:53:36.881 [main] INFO  c.o.v.MutatingRemoveAllMarketDataOrdersVisitor - [ORDERBOOK] Removing market data order:MktData(price=144,quantity=645)
22:53:36.881 [main] INFO  c.o.v.MutatingRemoveAllMarketDataOrdersVisitor - [ORDERBOOK] Removing level:144
22:53:36.881 [main] INFO  c.o.v.MutatingRemoveAllMarketDataOrdersVisitor - [ORDERBOOK] Removing market data order:MktData(price=167,quantity=665)
22:53:36.881 [main] INFO  c.o.v.MutatingRemoveAllMarketDataOrdersVisitor - [ORDERBOOK] Removing level:167
22:53:36.881 [main] DEBUG c.orderbook.OrderBook - [ORDERBOOK] ASK: Adding orderMktData(price=98,quantity=501)
22:53:36.881 [main] DEBUG c.orderbook.OrderBook - [ORDERBOOK] ASK: Adding orderMktData(price=101,quantity=200)
22:53:36.881 [main] DEBUG c.orderbook.OrderBook - [ORDERBOOK] ASK: Adding orderMktData(price=110,quantity=5000)
22:53:36.881 [main] DEBUG c.orderbook.OrderBook - [ORDERBOOK] ASK: Adding orderMktData(price=119,quantity=5600)
22:53:36.881 [main] DEBUG c.orderbook.OrderBook - [ORDERBOOK] ASK: Adding orderMktData(price=123,quantity=453)
22:53:36.881 [main] DEBUG c.orderbook.OrderBook - [ORDERBOOK] ASK: Adding orderMktData(price=144,quantity=645)
22:53:36.881 [main] DEBUG c.orderbook.OrderBook - [ORDERBOOK] ASK: Adding orderMktData(price=167,quantity=665)
22:53:36.881 [main] DEBUG c.service.MarketDataService - [ALGO] BID: price:43 quantity:134
22:53:36.881 [main] DEBUG c.service.MarketDataService - [ALGO] BID: price:76 quantity:145
22:53:36.881 [main] DEBUG c.service.MarketDataService - [ALGO] BID: price:91 quantity:300
22:53:36.881 [main] DEBUG c.service.MarketDataService - [ALGO] BID: price:93 quantity:200
22:53:36.881 [main] DEBUG c.service.MarketDataService - [ALGO] BID: price:95 quantity:100
22:53:36.881 [main] DEBUG c.service.MarketDataService - [ALGO] BID: price:98 quantity:154
22:53:36.881 [main] DEBUG c.service.MarketDataService - [ALGO] ASK: price:98 quantity:501
22:53:36.881 [main] DEBUG c.service.MarketDataService - [ALGO] ASK: price:101 quantity:200
22:53:36.881 [main] DEBUG c.service.MarketDataService - [ALGO] ASK: price:110 quantity:5000
22:53:36.881 [main] DEBUG c.service.MarketDataService - [ALGO] ASK: price:119 quantity:5600
22:53:36.881 [main] DEBUG c.service.MarketDataService - [ALGO] ASK: price:123 quantity:453
22:53:36.881 [main] DEBUG c.service.MarketDataService - [ALGO] ASK: price:144 quantity:645
22:53:36.881 [main] DEBUG c.service.MarketDataService - [ALGO] ASK: price:167 quantity:665
22:53:36.881 [main] INFO  c.gettingstarted.MyAlgoLogic - [MYALGO] The state of the order book is:
|----BID-----||----ASK----|
    134 @ 43    501 @ 98
    145 @ 76   200 @ 101
    300 @ 91  5000 @ 110
    200 @ 93  5600 @ 119
    100 @ 95   453 @ 123
    154 @ 98   645 @ 144
          -    665 @ 167
|------------||-----------|

22:53:36.892 [main] INFO  c.gettingstarted.MyAlgoLogic - [MYALGO] Algo Sees Book as: 
|----BID-----||----ASK----|
    134 @ 43    501 @ 98
    145 @ 76   200 @ 101
    300 @ 91  5000 @ 110
    200 @ 93  5600 @ 119
    100 @ 95   453 @ 123
    154 @ 98   645 @ 144
          -    665 @ 167
|------------||-----------|

22:53:36.892 [main] INFO  c.gettingstarted.TimedLogic - [TIMEDLOGIC] Market is closed
22:53:36.892 [main] INFO  c.sequencer.consumer.LoggingConsumer - [52] 
|----BID-----|
    134 @ 43
    145 @ 76
    300 @ 91
    200 @ 93
    100 @ 95
    154 @ 98
|----ASK-----|
    501 @ 98
   200 @ 101
  5000 @ 110
  5600 @ 119
   453 @ 123
   645 @ 144
   665 @ 167

22:53:36.892 [main] INFO  c.orderbook.OrderBook - [ORDERBOOK] Processing Mkt Data Update
22:53:36.892 [main] INFO  c.o.v.MutatingRemoveAllMarketDataOrdersVisitor - [ORDERBOOK] Removing market data order:MktData(price=43,quantity=134)
22:53:36.892 [main] INFO  c.o.v.MutatingRemoveAllMarketDataOrdersVisitor - [ORDERBOOK] Removing level:43
22:53:36.892 [main] DEBUG c.orderbook.OrderBook - [ORDERBOOK] ASK: Adding orderMktData(price=43,quantity=134)
22:53:36.892 [main] DEBUG c.orderbook.OrderBook - [ORDERBOOK] ASK: Adding orderMktData(price=76,quantity=145)
22:53:36.892 [main] DEBUG c.orderbook.OrderBook - [ORDERBOOK] ASK: Adding orderMktData(price=91,quantity=300)
22:53:36.892 [main] DEBUG c.orderbook.OrderBook - [ORDERBOOK] ASK: Adding orderMktData(price=93,quantity=200)
22:53:36.892 [main] DEBUG c.orderbook.OrderBook - [ORDERBOOK] ASK: Adding orderMktData(price=95,quantity=100)
22:53:36.892 [main] DEBUG c.orderbook.OrderBook - [ORDERBOOK] ASK: Adding orderMktData(price=98,quantity=154)
22:53:36.892 [main] INFO  c.o.v.MutatingMatchOneMarketDataOrderVisitor - [ORDERBOOK] visiting LevelOrderBookLevel(price=43,quantity=134)
22:53:36.892 [main] INFO  c.o.v.MutatingMatchOneMarketDataOrderVisitor - [ORDERBOOK] Can't match order:MktData(price=43,quantity=134)(MktData(price=98,quantity=154))
22:53:36.892 [main] INFO  c.o.v.MutatingRemoveAllMarketDataOrdersVisitor - [ORDERBOOK] Removing market data order:MktData(price=98,quantity=501)
22:53:36.892 [main] INFO  c.o.v.MutatingRemoveAllMarketDataOrdersVisitor - [ORDERBOOK] Removing level:98
22:53:36.892 [main] INFO  c.o.v.MutatingRemoveAllMarketDataOrdersVisitor - [ORDERBOOK] Removing market data order:MktData(price=101,quantity=200)
22:53:36.892 [main] INFO  c.o.v.MutatingRemoveAllMarketDataOrdersVisitor - [ORDERBOOK] Removing level:101
22:53:36.892 [main] INFO  c.o.v.MutatingRemoveAllMarketDataOrdersVisitor - [ORDERBOOK] Removing market data order:MktData(price=110,quantity=5000)
22:53:36.892 [main] INFO  c.o.v.MutatingRemoveAllMarketDataOrdersVisitor - [ORDERBOOK] Removing level:110
22:53:36.892 [main] INFO  c.o.v.MutatingRemoveAllMarketDataOrdersVisitor - [ORDERBOOK] Removing market data order:MktData(price=119,quantity=5600)
22:53:36.892 [main] INFO  c.o.v.MutatingRemoveAllMarketDataOrdersVisitor - [ORDERBOOK] Removing level:119
22:53:36.892 [main] INFO  c.o.v.MutatingRemoveAllMarketDataOrdersVisitor - [ORDERBOOK] Removing market data order:MktData(price=123,quantity=453)
22:53:36.892 [main] INFO  c.o.v.MutatingRemoveAllMarketDataOrdersVisitor - [ORDERBOOK] Removing level:123
22:53:36.892 [main] INFO  c.o.v.MutatingRemoveAllMarketDataOrdersVisitor - [ORDERBOOK] Removing market data order:MktData(price=144,quantity=645)
22:53:36.892 [main] INFO  c.o.v.MutatingRemoveAllMarketDataOrdersVisitor - [ORDERBOOK] Removing level:144
22:53:36.892 [main] INFO  c.o.v.MutatingRemoveAllMarketDataOrdersVisitor - [ORDERBOOK] Removing market data order:MktData(price=167,quantity=665)
22:53:36.892 [main] INFO  c.o.v.MutatingRemoveAllMarketDataOrdersVisitor - [ORDERBOOK] Removing level:167
22:53:36.892 [main] DEBUG c.orderbook.OrderBook - [ORDERBOOK] ASK: Adding orderMktData(price=98,quantity=501)
22:53:36.892 [main] DEBUG c.orderbook.OrderBook - [ORDERBOOK] ASK: Adding orderMktData(price=101,quantity=200)
22:53:36.892 [main] DEBUG c.orderbook.OrderBook - [ORDERBOOK] ASK: Adding orderMktData(price=110,quantity=5000)
22:53:36.892 [main] DEBUG c.orderbook.OrderBook - [ORDERBOOK] ASK: Adding orderMktData(price=119,quantity=5600)
22:53:36.892 [main] DEBUG c.orderbook.OrderBook - [ORDERBOOK] ASK: Adding orderMktData(price=123,quantity=453)
22:53:36.892 [main] DEBUG c.orderbook.OrderBook - [ORDERBOOK] ASK: Adding orderMktData(price=144,quantity=645)
22:53:36.892 [main] DEBUG c.orderbook.OrderBook - [ORDERBOOK] ASK: Adding orderMktData(price=167,quantity=665)
22:53:36.892 [main] DEBUG c.service.MarketDataService - [ALGO] BID: price:43 quantity:134
22:53:36.892 [main] DEBUG c.service.MarketDataService - [ALGO] BID: price:76 quantity:145
22:53:36.892 [main] DEBUG c.service.MarketDataService - [ALGO] BID: price:91 quantity:300
22:53:36.892 [main] DEBUG c.service.MarketDataService - [ALGO] BID: price:93 quantity:200
22:53:36.892 [main] DEBUG c.service.MarketDataService - [ALGO] BID: price:95 quantity:100
22:53:36.892 [main] DEBUG c.service.MarketDataService - [ALGO] BID: price:98 quantity:154
22:53:36.892 [main] DEBUG c.service.MarketDataService - [ALGO] ASK: price:98 quantity:501
22:53:36.892 [main] DEBUG c.service.MarketDataService - [ALGO] ASK: price:101 quantity:200
22:53:36.892 [main] DEBUG c.service.MarketDataService - [ALGO] ASK: price:110 quantity:5000
22:53:36.892 [main] DEBUG c.service.MarketDataService - [ALGO] ASK: price:119 quantity:5600
22:53:36.892 [main] DEBUG c.service.MarketDataService - [ALGO] ASK: price:123 quantity:453
22:53:36.892 [main] DEBUG c.service.MarketDataService - [ALGO] ASK: price:144 quantity:645
22:53:36.892 [main] DEBUG c.service.MarketDataService - [ALGO] ASK: price:167 quantity:665
22:53:36.892 [main] INFO  c.gettingstarted.MyAlgoLogic - [MYALGO] The state of the order book is:
|----BID-----||----ASK----|
    134 @ 43    501 @ 98
    145 @ 76   200 @ 101
    300 @ 91  5000 @ 110
    200 @ 93  5600 @ 119
    100 @ 95   453 @ 123
    154 @ 98   645 @ 144
          -    665 @ 167
|------------||-----------|

22:53:36.892 [main] INFO  c.gettingstarted.MyAlgoLogic - [MYALGO] Algo Sees Book as: 
|----BID-----||----ASK----|
    134 @ 43    501 @ 98
    145 @ 76   200 @ 101
    300 @ 91  5000 @ 110
    200 @ 93  5600 @ 119
    100 @ 95   453 @ 123
    154 @ 98   645 @ 144
          -    665 @ 167
|------------||-----------|

22:53:36.892 [main] INFO  c.gettingstarted.TimedLogic - [TIMEDLOGIC] Market is closed
22:53:36.892 [main] INFO  c.sequencer.consumer.LoggingConsumer - [53] 
|----BID-----|
    134 @ 43
    145 @ 76
    300 @ 91
    200 @ 93
    100 @ 95
    154 @ 98
|----ASK-----|
    501 @ 98
   200 @ 101
  5000 @ 110
  5600 @ 119
   453 @ 123
   645 @ 144
   665 @ 167

22:53:36.892 [main] INFO  c.orderbook.OrderBook - [ORDERBOOK] Processing Mkt Data Update
22:53:36.892 [main] INFO  c.o.v.MutatingRemoveAllMarketDataOrdersVisitor - [ORDERBOOK] Removing market data order:MktData(price=43,quantity=134)
22:53:36.892 [main] INFO  c.o.v.MutatingRemoveAllMarketDataOrdersVisitor - [ORDERBOOK] Removing level:43
22:53:36.892 [main] DEBUG c.orderbook.OrderBook - [ORDERBOOK] ASK: Adding orderMktData(price=43,quantity=134)
22:53:36.892 [main] DEBUG c.orderbook.OrderBook - [ORDERBOOK] ASK: Adding orderMktData(price=76,quantity=145)
22:53:36.892 [main] DEBUG c.orderbook.OrderBook - [ORDERBOOK] ASK: Adding orderMktData(price=91,quantity=300)
22:53:36.892 [main] DEBUG c.orderbook.OrderBook - [ORDERBOOK] ASK: Adding orderMktData(price=93,quantity=200)
22:53:36.892 [main] DEBUG c.orderbook.OrderBook - [ORDERBOOK] ASK: Adding orderMktData(price=95,quantity=100)
22:53:36.892 [main] DEBUG c.orderbook.OrderBook - [ORDERBOOK] ASK: Adding orderMktData(price=98,quantity=154)
22:53:36.892 [main] INFO  c.o.v.MutatingMatchOneMarketDataOrderVisitor - [ORDERBOOK] visiting LevelOrderBookLevel(price=43,quantity=134)
22:53:36.892 [main] INFO  c.o.v.MutatingMatchOneMarketDataOrderVisitor - [ORDERBOOK] Can't match order:MktData(price=43,quantity=134)(MktData(price=98,quantity=154))
22:53:36.892 [main] INFO  c.o.v.MutatingRemoveAllMarketDataOrdersVisitor - [ORDERBOOK] Removing market data order:MktData(price=98,quantity=501)
22:53:36.892 [main] INFO  c.o.v.MutatingRemoveAllMarketDataOrdersVisitor - [ORDERBOOK] Removing level:98
22:53:36.892 [main] INFO  c.o.v.MutatingRemoveAllMarketDataOrdersVisitor - [ORDERBOOK] Removing market data order:MktData(price=101,quantity=200)
22:53:36.892 [main] INFO  c.o.v.MutatingRemoveAllMarketDataOrdersVisitor - [ORDERBOOK] Removing level:101
22:53:36.892 [main] INFO  c.o.v.MutatingRemoveAllMarketDataOrdersVisitor - [ORDERBOOK] Removing market data order:MktData(price=110,quantity=5000)
22:53:36.892 [main] INFO  c.o.v.MutatingRemoveAllMarketDataOrdersVisitor - [ORDERBOOK] Removing level:110
22:53:36.892 [main] INFO  c.o.v.MutatingRemoveAllMarketDataOrdersVisitor - [ORDERBOOK] Removing market data order:MktData(price=119,quantity=5600)
22:53:36.892 [main] INFO  c.o.v.MutatingRemoveAllMarketDataOrdersVisitor - [ORDERBOOK] Removing level:119
22:53:36.892 [main] INFO  c.o.v.MutatingRemoveAllMarketDataOrdersVisitor - [ORDERBOOK] Removing market data order:MktData(price=123,quantity=453)
22:53:36.892 [main] INFO  c.o.v.MutatingRemoveAllMarketDataOrdersVisitor - [ORDERBOOK] Removing level:123
22:53:36.892 [main] INFO  c.o.v.MutatingRemoveAllMarketDataOrdersVisitor - [ORDERBOOK] Removing market data order:MktData(price=144,quantity=645)
22:53:36.892 [main] INFO  c.o.v.MutatingRemoveAllMarketDataOrdersVisitor - [ORDERBOOK] Removing level:144
22:53:36.892 [main] INFO  c.o.v.MutatingRemoveAllMarketDataOrdersVisitor - [ORDERBOOK] Removing market data order:MktData(price=167,quantity=665)
22:53:36.892 [main] INFO  c.o.v.MutatingRemoveAllMarketDataOrdersVisitor - [ORDERBOOK] Removing level:167
22:53:36.892 [main] DEBUG c.orderbook.OrderBook - [ORDERBOOK] ASK: Adding orderMktData(price=98,quantity=501)
22:53:36.892 [main] DEBUG c.orderbook.OrderBook - [ORDERBOOK] ASK: Adding orderMktData(price=101,quantity=200)
22:53:36.892 [main] DEBUG c.orderbook.OrderBook - [ORDERBOOK] ASK: Adding orderMktData(price=110,quantity=5000)
22:53:36.892 [main] DEBUG c.orderbook.OrderBook - [ORDERBOOK] ASK: Adding orderMktData(price=119,quantity=5600)
22:53:36.892 [main] DEBUG c.orderbook.OrderBook - [ORDERBOOK] ASK: Adding orderMktData(price=123,quantity=453)
22:53:36.892 [main] DEBUG c.orderbook.OrderBook - [ORDERBOOK] ASK: Adding orderMktData(price=144,quantity=645)
22:53:36.892 [main] DEBUG c.orderbook.OrderBook - [ORDERBOOK] ASK: Adding orderMktData(price=167,quantity=665)
22:53:36.892 [main] DEBUG c.service.MarketDataService - [ALGO] BID: price:43 quantity:134
22:53:36.892 [main] DEBUG c.service.MarketDataService - [ALGO] BID: price:76 quantity:145
22:53:36.892 [main] DEBUG c.service.MarketDataService - [ALGO] BID: price:91 quantity:300
22:53:36.892 [main] DEBUG c.service.MarketDataService - [ALGO] BID: price:93 quantity:200
22:53:36.892 [main] DEBUG c.service.MarketDataService - [ALGO] BID: price:95 quantity:100
22:53:36.892 [main] DEBUG c.service.MarketDataService - [ALGO] BID: price:98 quantity:154
22:53:36.892 [main] DEBUG c.service.MarketDataService - [ALGO] ASK: price:98 quantity:501
22:53:36.892 [main] DEBUG c.service.MarketDataService - [ALGO] ASK: price:101 quantity:200
22:53:36.892 [main] DEBUG c.service.MarketDataService - [ALGO] ASK: price:110 quantity:5000
22:53:36.892 [main] DEBUG c.service.MarketDataService - [ALGO] ASK: price:119 quantity:5600
22:53:36.892 [main] DEBUG c.service.MarketDataService - [ALGO] ASK: price:123 quantity:453
22:53:36.892 [main] DEBUG c.service.MarketDataService - [ALGO] ASK: price:144 quantity:645
22:53:36.892 [main] DEBUG c.service.MarketDataService - [ALGO] ASK: price:167 quantity:665
22:53:36.892 [main] INFO  c.gettingstarted.MyAlgoLogic - [MYALGO] The state of the order book is:
|----BID-----||----ASK----|
    134 @ 43    501 @ 98
    145 @ 76   200 @ 101
    300 @ 91  5000 @ 110
    200 @ 93  5600 @ 119
    100 @ 95   453 @ 123
    154 @ 98   645 @ 144
          -    665 @ 167
|------------||-----------|

22:53:36.892 [main] INFO  c.gettingstarted.MyAlgoLogic - [MYALGO] Algo Sees Book as: 
|----BID-----||----ASK----|
    134 @ 43    501 @ 98
    145 @ 76   200 @ 101
    300 @ 91  5000 @ 110
    200 @ 93  5600 @ 119
    100 @ 95   453 @ 123
    154 @ 98   645 @ 144
          -    665 @ 167
|------------||-----------|

22:53:36.892 [main] INFO  c.gettingstarted.TimedLogic - [TIMEDLOGIC] Market is closed
22:53:36.892 [main] INFO  c.sequencer.consumer.LoggingConsumer - [54] 
|----BID-----|
    134 @ 43
    145 @ 76
    300 @ 91
    200 @ 93
    100 @ 95
    154 @ 98
|----ASK-----|
    501 @ 98
   200 @ 101
  5000 @ 110
  5600 @ 119
   453 @ 123
   645 @ 144
   665 @ 167

22:53:36.892 [main] INFO  c.orderbook.OrderBook - [ORDERBOOK] Processing Mkt Data Update
22:53:36.892 [main] INFO  c.o.v.MutatingRemoveAllMarketDataOrdersVisitor - [ORDERBOOK] Removing market data order:MktData(price=43,quantity=134)
22:53:36.892 [main] INFO  c.o.v.MutatingRemoveAllMarketDataOrdersVisitor - [ORDERBOOK] Removing level:43
22:53:36.892 [main] DEBUG c.orderbook.OrderBook - [ORDERBOOK] ASK: Adding orderMktData(price=43,quantity=134)
22:53:36.892 [main] DEBUG c.orderbook.OrderBook - [ORDERBOOK] ASK: Adding orderMktData(price=76,quantity=145)
22:53:36.892 [main] DEBUG c.orderbook.OrderBook - [ORDERBOOK] ASK: Adding orderMktData(price=91,quantity=300)
22:53:36.892 [main] DEBUG c.orderbook.OrderBook - [ORDERBOOK] ASK: Adding orderMktData(price=93,quantity=200)
22:53:36.892 [main] DEBUG c.orderbook.OrderBook - [ORDERBOOK] ASK: Adding orderMktData(price=95,quantity=100)
22:53:36.892 [main] DEBUG c.orderbook.OrderBook - [ORDERBOOK] ASK: Adding orderMktData(price=98,quantity=154)
22:53:36.892 [main] INFO  c.o.v.MutatingMatchOneMarketDataOrderVisitor - [ORDERBOOK] visiting LevelOrderBookLevel(price=43,quantity=134)
22:53:36.892 [main] INFO  c.o.v.MutatingMatchOneMarketDataOrderVisitor - [ORDERBOOK] Can't match order:MktData(price=43,quantity=134)(MktData(price=98,quantity=154))
22:53:36.892 [main] INFO  c.o.v.MutatingRemoveAllMarketDataOrdersVisitor - [ORDERBOOK] Removing market data order:MktData(price=98,quantity=501)
22:53:36.892 [main] INFO  c.o.v.MutatingRemoveAllMarketDataOrdersVisitor - [ORDERBOOK] Removing level:98
22:53:36.892 [main] INFO  c.o.v.MutatingRemoveAllMarketDataOrdersVisitor - [ORDERBOOK] Removing market data order:MktData(price=101,quantity=200)
22:53:36.892 [main] INFO  c.o.v.MutatingRemoveAllMarketDataOrdersVisitor - [ORDERBOOK] Removing level:101
22:53:36.892 [main] INFO  c.o.v.MutatingRemoveAllMarketDataOrdersVisitor - [ORDERBOOK] Removing market data order:MktData(price=110,quantity=5000)
22:53:36.892 [main] INFO  c.o.v.MutatingRemoveAllMarketDataOrdersVisitor - [ORDERBOOK] Removing level:110
22:53:36.892 [main] INFO  c.o.v.MutatingRemoveAllMarketDataOrdersVisitor - [ORDERBOOK] Removing market data order:MktData(price=119,quantity=5600)
22:53:36.892 [main] INFO  c.o.v.MutatingRemoveAllMarketDataOrdersVisitor - [ORDERBOOK] Removing level:119
22:53:36.892 [main] INFO  c.o.v.MutatingRemoveAllMarketDataOrdersVisitor - [ORDERBOOK] Removing market data order:MktData(price=123,quantity=453)
22:53:36.892 [main] INFO  c.o.v.MutatingRemoveAllMarketDataOrdersVisitor - [ORDERBOOK] Removing level:123
22:53:36.892 [main] INFO  c.o.v.MutatingRemoveAllMarketDataOrdersVisitor - [ORDERBOOK] Removing market data order:MktData(price=144,quantity=645)
22:53:36.892 [main] INFO  c.o.v.MutatingRemoveAllMarketDataOrdersVisitor - [ORDERBOOK] Removing level:144
22:53:36.892 [main] INFO  c.o.v.MutatingRemoveAllMarketDataOrdersVisitor - [ORDERBOOK] Removing market data order:MktData(price=167,quantity=665)
22:53:36.892 [main] INFO  c.o.v.MutatingRemoveAllMarketDataOrdersVisitor - [ORDERBOOK] Removing level:167
22:53:36.892 [main] DEBUG c.orderbook.OrderBook - [ORDERBOOK] ASK: Adding orderMktData(price=98,quantity=501)
22:53:36.892 [main] DEBUG c.orderbook.OrderBook - [ORDERBOOK] ASK: Adding orderMktData(price=101,quantity=200)
22:53:36.892 [main] DEBUG c.orderbook.OrderBook - [ORDERBOOK] ASK: Adding orderMktData(price=110,quantity=5000)
22:53:36.892 [main] DEBUG c.orderbook.OrderBook - [ORDERBOOK] ASK: Adding orderMktData(price=119,quantity=5600)
22:53:36.892 [main] DEBUG c.orderbook.OrderBook - [ORDERBOOK] ASK: Adding orderMktData(price=123,quantity=453)
22:53:36.892 [main] DEBUG c.orderbook.OrderBook - [ORDERBOOK] ASK: Adding orderMktData(price=144,quantity=645)
22:53:36.892 [main] DEBUG c.orderbook.OrderBook - [ORDERBOOK] ASK: Adding orderMktData(price=167,quantity=665)
22:53:36.892 [main] DEBUG c.service.MarketDataService - [ALGO] BID: price:43 quantity:134
22:53:36.892 [main] DEBUG c.service.MarketDataService - [ALGO] BID: price:76 quantity:145
22:53:36.892 [main] DEBUG c.service.MarketDataService - [ALGO] BID: price:91 quantity:300
22:53:36.892 [main] DEBUG c.service.MarketDataService - [ALGO] BID: price:93 quantity:200
22:53:36.892 [main] DEBUG c.service.MarketDataService - [ALGO] BID: price:95 quantity:100
22:53:36.892 [main] DEBUG c.service.MarketDataService - [ALGO] BID: price:98 quantity:154
22:53:36.895 [main] DEBUG c.service.MarketDataService - [ALGO] ASK: price:98 quantity:501
22:53:36.895 [main] DEBUG c.service.MarketDataService - [ALGO] ASK: price:101 quantity:200
22:53:36.895 [main] DEBUG c.service.MarketDataService - [ALGO] ASK: price:110 quantity:5000
22:53:36.895 [main] DEBUG c.service.MarketDataService - [ALGO] ASK: price:119 quantity:5600
22:53:36.895 [main] DEBUG c.service.MarketDataService - [ALGO] ASK: price:123 quantity:453
22:53:36.895 [main] DEBUG c.service.MarketDataService - [ALGO] ASK: price:144 quantity:645
22:53:36.895 [main] DEBUG c.service.MarketDataService - [ALGO] ASK: price:167 quantity:665
22:53:36.895 [main] INFO  c.gettingstarted.MyAlgoLogic - [MYALGO] The state of the order book is:
|----BID-----||----ASK----|
    134 @ 43    501 @ 98
    145 @ 76   200 @ 101
    300 @ 91  5000 @ 110
    200 @ 93  5600 @ 119
    100 @ 95   453 @ 123
    154 @ 98   645 @ 144
          -    665 @ 167
|------------||-----------|

22:53:36.895 [main] INFO  c.gettingstarted.MyAlgoLogic - [MYALGO] Algo Sees Book as: 
|----BID-----||----ASK----|
    134 @ 43    501 @ 98
    145 @ 76   200 @ 101
    300 @ 91  5000 @ 110
    200 @ 93  5600 @ 119
    100 @ 95   453 @ 123
    154 @ 98   645 @ 144
          -    665 @ 167
|------------||-----------|

22:53:36.895 [main] INFO  c.gettingstarted.TimedLogic - [TIMEDLOGIC] Market is closed
22:53:36.895 [main] INFO  c.sequencer.consumer.LoggingConsumer - [55] 
|----BID-----|
    134 @ 43
    145 @ 76
    300 @ 91
    200 @ 93
    100 @ 95
    154 @ 98
|----ASK-----|
    501 @ 98
   200 @ 101
  5000 @ 110
  5600 @ 119
   453 @ 123
   645 @ 144
   665 @ 167

22:53:36.895 [main] INFO  c.orderbook.OrderBook - [ORDERBOOK] Processing Mkt Data Update
22:53:36.895 [main] INFO  c.o.v.MutatingRemoveAllMarketDataOrdersVisitor - [ORDERBOOK] Removing market data order:MktData(price=43,quantity=134)
22:53:36.895 [main] INFO  c.o.v.MutatingRemoveAllMarketDataOrdersVisitor - [ORDERBOOK] Removing level:43
22:53:36.895 [main] DEBUG c.orderbook.OrderBook - [ORDERBOOK] ASK: Adding orderMktData(price=43,quantity=134)
22:53:36.895 [main] DEBUG c.orderbook.OrderBook - [ORDERBOOK] ASK: Adding orderMktData(price=76,quantity=145)
22:53:36.895 [main] DEBUG c.orderbook.OrderBook - [ORDERBOOK] ASK: Adding orderMktData(price=91,quantity=300)
22:53:36.895 [main] DEBUG c.orderbook.OrderBook - [ORDERBOOK] ASK: Adding orderMktData(price=93,quantity=200)
22:53:36.895 [main] DEBUG c.orderbook.OrderBook - [ORDERBOOK] ASK: Adding orderMktData(price=95,quantity=100)
22:53:36.895 [main] DEBUG c.orderbook.OrderBook - [ORDERBOOK] ASK: Adding orderMktData(price=98,quantity=154)
22:53:36.895 [main] INFO  c.o.v.MutatingMatchOneMarketDataOrderVisitor - [ORDERBOOK] visiting LevelOrderBookLevel(price=43,quantity=134)
22:53:36.895 [main] INFO  c.o.v.MutatingMatchOneMarketDataOrderVisitor - [ORDERBOOK] Can't match order:MktData(price=43,quantity=134)(MktData(price=98,quantity=154))
22:53:36.895 [main] INFO  c.o.v.MutatingRemoveAllMarketDataOrdersVisitor - [ORDERBOOK] Removing market data order:MktData(price=98,quantity=501)
22:53:36.895 [main] INFO  c.o.v.MutatingRemoveAllMarketDataOrdersVisitor - [ORDERBOOK] Removing level:98
22:53:36.895 [main] INFO  c.o.v.MutatingRemoveAllMarketDataOrdersVisitor - [ORDERBOOK] Removing market data order:MktData(price=101,quantity=200)
22:53:36.895 [main] INFO  c.o.v.MutatingRemoveAllMarketDataOrdersVisitor - [ORDERBOOK] Removing level:101
22:53:36.895 [main] INFO  c.o.v.MutatingRemoveAllMarketDataOrdersVisitor - [ORDERBOOK] Removing market data order:MktData(price=110,quantity=5000)
22:53:36.895 [main] INFO  c.o.v.MutatingRemoveAllMarketDataOrdersVisitor - [ORDERBOOK] Removing level:110
22:53:36.895 [main] INFO  c.o.v.MutatingRemoveAllMarketDataOrdersVisitor - [ORDERBOOK] Removing market data order:MktData(price=119,quantity=5600)
22:53:36.895 [main] INFO  c.o.v.MutatingRemoveAllMarketDataOrdersVisitor - [ORDERBOOK] Removing level:119
22:53:36.895 [main] INFO  c.o.v.MutatingRemoveAllMarketDataOrdersVisitor - [ORDERBOOK] Removing market data order:MktData(price=123,quantity=453)
22:53:36.895 [main] INFO  c.o.v.MutatingRemoveAllMarketDataOrdersVisitor - [ORDERBOOK] Removing level:123
22:53:36.895 [main] INFO  c.o.v.MutatingRemoveAllMarketDataOrdersVisitor - [ORDERBOOK] Removing market data order:MktData(price=144,quantity=645)
22:53:36.895 [main] INFO  c.o.v.MutatingRemoveAllMarketDataOrdersVisitor - [ORDERBOOK] Removing level:144
22:53:36.895 [main] INFO  c.o.v.MutatingRemoveAllMarketDataOrdersVisitor - [ORDERBOOK] Removing market data order:MktData(price=167,quantity=665)
22:53:36.895 [main] INFO  c.o.v.MutatingRemoveAllMarketDataOrdersVisitor - [ORDERBOOK] Removing level:167
22:53:36.895 [main] DEBUG c.orderbook.OrderBook - [ORDERBOOK] ASK: Adding orderMktData(price=98,quantity=501)
22:53:36.895 [main] DEBUG c.orderbook.OrderBook - [ORDERBOOK] ASK: Adding orderMktData(price=101,quantity=200)
22:53:36.895 [main] DEBUG c.orderbook.OrderBook - [ORDERBOOK] ASK: Adding orderMktData(price=110,quantity=5000)
22:53:36.895 [main] DEBUG c.orderbook.OrderBook - [ORDERBOOK] ASK: Adding orderMktData(price=119,quantity=5600)
22:53:36.895 [main] DEBUG c.orderbook.OrderBook - [ORDERBOOK] ASK: Adding orderMktData(price=123,quantity=453)
22:53:36.895 [main] DEBUG c.orderbook.OrderBook - [ORDERBOOK] ASK: Adding orderMktData(price=144,quantity=645)
22:53:36.895 [main] DEBUG c.orderbook.OrderBook - [ORDERBOOK] ASK: Adding orderMktData(price=167,quantity=665)
22:53:36.895 [main] DEBUG c.service.MarketDataService - [ALGO] BID: price:43 quantity:134
22:53:36.895 [main] DEBUG c.service.MarketDataService - [ALGO] BID: price:76 quantity:145
22:53:36.895 [main] DEBUG c.service.MarketDataService - [ALGO] BID: price:91 quantity:300
22:53:36.895 [main] DEBUG c.service.MarketDataService - [ALGO] BID: price:93 quantity:200
22:53:36.895 [main] DEBUG c.service.MarketDataService - [ALGO] BID: price:95 quantity:100
22:53:36.895 [main] DEBUG c.service.MarketDataService - [ALGO] BID: price:98 quantity:154
22:53:36.895 [main] DEBUG c.service.MarketDataService - [ALGO] ASK: price:98 quantity:501
22:53:36.895 [main] DEBUG c.service.MarketDataService - [ALGO] ASK: price:101 quantity:200
22:53:36.895 [main] DEBUG c.service.MarketDataService - [ALGO] ASK: price:110 quantity:5000
22:53:36.895 [main] DEBUG c.service.MarketDataService - [ALGO] ASK: price:119 quantity:5600
22:53:36.895 [main] DEBUG c.service.MarketDataService - [ALGO] ASK: price:123 quantity:453
22:53:36.895 [main] DEBUG c.service.MarketDataService - [ALGO] ASK: price:144 quantity:645
22:53:36.895 [main] DEBUG c.service.MarketDataService - [ALGO] ASK: price:167 quantity:665
22:53:36.895 [main] INFO  c.gettingstarted.MyAlgoLogic - [MYALGO] The state of the order book is:
|----BID-----||----ASK----|
    134 @ 43    501 @ 98
    145 @ 76   200 @ 101
    300 @ 91  5000 @ 110
    200 @ 93  5600 @ 119
    100 @ 95   453 @ 123
    154 @ 98   645 @ 144
          -    665 @ 167
|------------||-----------|

22:53:36.895 [main] INFO  c.gettingstarted.MyAlgoLogic - [MYALGO] Algo Sees Book as: 
|----BID-----||----ASK----|
    134 @ 43    501 @ 98
    145 @ 76   200 @ 101
    300 @ 91  5000 @ 110
    200 @ 93  5600 @ 119
    100 @ 95   453 @ 123
    154 @ 98   645 @ 144
          -    665 @ 167
|------------||-----------|

22:53:36.895 [main] INFO  c.gettingstarted.TimedLogic - [TIMEDLOGIC] Market is closed
22:53:36.899 [main] INFO  c.sequencer.consumer.LoggingConsumer - [56] 
|----BID-----|
    134 @ 43
    145 @ 76
    300 @ 91
    200 @ 93
    100 @ 95
    154 @ 98
|----ASK-----|
    501 @ 98
   200 @ 101
  5000 @ 110
  5600 @ 119
   453 @ 123
   645 @ 144
   665 @ 167

22:53:36.899 [main] INFO  c.orderbook.OrderBook - [ORDERBOOK] Processing Mkt Data Update
22:53:36.899 [main] INFO  c.o.v.MutatingRemoveAllMarketDataOrdersVisitor - [ORDERBOOK] Removing market data order:MktData(price=43,quantity=134)
22:53:36.899 [main] INFO  c.o.v.MutatingRemoveAllMarketDataOrdersVisitor - [ORDERBOOK] Removing level:43
22:53:36.899 [main] DEBUG c.orderbook.OrderBook - [ORDERBOOK] ASK: Adding orderMktData(price=43,quantity=134)
22:53:36.899 [main] DEBUG c.orderbook.OrderBook - [ORDERBOOK] ASK: Adding orderMktData(price=76,quantity=145)
22:53:36.899 [main] DEBUG c.orderbook.OrderBook - [ORDERBOOK] ASK: Adding orderMktData(price=91,quantity=300)
22:53:36.899 [main] DEBUG c.orderbook.OrderBook - [ORDERBOOK] ASK: Adding orderMktData(price=93,quantity=200)
22:53:36.899 [main] DEBUG c.orderbook.OrderBook - [ORDERBOOK] ASK: Adding orderMktData(price=95,quantity=100)
22:53:36.899 [main] DEBUG c.orderbook.OrderBook - [ORDERBOOK] ASK: Adding orderMktData(price=98,quantity=154)
22:53:36.899 [main] INFO  c.o.v.MutatingMatchOneMarketDataOrderVisitor - [ORDERBOOK] visiting LevelOrderBookLevel(price=43,quantity=134)
22:53:36.899 [main] INFO  c.o.v.MutatingMatchOneMarketDataOrderVisitor - [ORDERBOOK] Can't match order:MktData(price=43,quantity=134)(MktData(price=98,quantity=154))
22:53:36.899 [main] INFO  c.o.v.MutatingRemoveAllMarketDataOrdersVisitor - [ORDERBOOK] Removing market data order:MktData(price=98,quantity=501)
22:53:36.899 [main] INFO  c.o.v.MutatingRemoveAllMarketDataOrdersVisitor - [ORDERBOOK] Removing level:98
22:53:36.899 [main] INFO  c.o.v.MutatingRemoveAllMarketDataOrdersVisitor - [ORDERBOOK] Removing market data order:MktData(price=101,quantity=200)
22:53:36.899 [main] INFO  c.o.v.MutatingRemoveAllMarketDataOrdersVisitor - [ORDERBOOK] Removing level:101
22:53:36.899 [main] INFO  c.o.v.MutatingRemoveAllMarketDataOrdersVisitor - [ORDERBOOK] Removing market data order:MktData(price=110,quantity=5000)
22:53:36.899 [main] INFO  c.o.v.MutatingRemoveAllMarketDataOrdersVisitor - [ORDERBOOK] Removing level:110
22:53:36.899 [main] INFO  c.o.v.MutatingRemoveAllMarketDataOrdersVisitor - [ORDERBOOK] Removing market data order:MktData(price=119,quantity=5600)
22:53:36.899 [main] INFO  c.o.v.MutatingRemoveAllMarketDataOrdersVisitor - [ORDERBOOK] Removing level:119
22:53:36.899 [main] INFO  c.o.v.MutatingRemoveAllMarketDataOrdersVisitor - [ORDERBOOK] Removing market data order:MktData(price=123,quantity=453)
22:53:36.899 [main] INFO  c.o.v.MutatingRemoveAllMarketDataOrdersVisitor - [ORDERBOOK] Removing level:123
22:53:36.899 [main] INFO  c.o.v.MutatingRemoveAllMarketDataOrdersVisitor - [ORDERBOOK] Removing market data order:MktData(price=144,quantity=645)
22:53:36.899 [main] INFO  c.o.v.MutatingRemoveAllMarketDataOrdersVisitor - [ORDERBOOK] Removing level:144
22:53:36.899 [main] INFO  c.o.v.MutatingRemoveAllMarketDataOrdersVisitor - [ORDERBOOK] Removing market data order:MktData(price=167,quantity=665)
22:53:36.899 [main] INFO  c.o.v.MutatingRemoveAllMarketDataOrdersVisitor - [ORDERBOOK] Removing level:167
22:53:36.899 [main] DEBUG c.orderbook.OrderBook - [ORDERBOOK] ASK: Adding orderMktData(price=98,quantity=501)
22:53:36.899 [main] DEBUG c.orderbook.OrderBook - [ORDERBOOK] ASK: Adding orderMktData(price=101,quantity=200)
22:53:36.899 [main] DEBUG c.orderbook.OrderBook - [ORDERBOOK] ASK: Adding orderMktData(price=110,quantity=5000)
22:53:36.899 [main] DEBUG c.orderbook.OrderBook - [ORDERBOOK] ASK: Adding orderMktData(price=119,quantity=5600)
22:53:36.899 [main] DEBUG c.orderbook.OrderBook - [ORDERBOOK] ASK: Adding orderMktData(price=123,quantity=453)
22:53:36.899 [main] DEBUG c.orderbook.OrderBook - [ORDERBOOK] ASK: Adding orderMktData(price=144,quantity=645)
22:53:36.899 [main] DEBUG c.orderbook.OrderBook - [ORDERBOOK] ASK: Adding orderMktData(price=167,quantity=665)
22:53:36.899 [main] DEBUG c.service.MarketDataService - [ALGO] BID: price:43 quantity:134
22:53:36.899 [main] DEBUG c.service.MarketDataService - [ALGO] BID: price:76 quantity:145
22:53:36.899 [main] DEBUG c.service.MarketDataService - [ALGO] BID: price:91 quantity:300
22:53:36.899 [main] DEBUG c.service.MarketDataService - [ALGO] BID: price:93 quantity:200
22:53:36.899 [main] DEBUG c.service.MarketDataService - [ALGO] BID: price:95 quantity:100
22:53:36.899 [main] DEBUG c.service.MarketDataService - [ALGO] BID: price:98 quantity:154
22:53:36.899 [main] DEBUG c.service.MarketDataService - [ALGO] ASK: price:98 quantity:501
22:53:36.899 [main] DEBUG c.service.MarketDataService - [ALGO] ASK: price:101 quantity:200
22:53:36.899 [main] DEBUG c.service.MarketDataService - [ALGO] ASK: price:110 quantity:5000
22:53:36.899 [main] DEBUG c.service.MarketDataService - [ALGO] ASK: price:119 quantity:5600
22:53:36.899 [main] DEBUG c.service.MarketDataService - [ALGO] ASK: price:123 quantity:453
22:53:36.899 [main] DEBUG c.service.MarketDataService - [ALGO] ASK: price:144 quantity:645
22:53:36.899 [main] DEBUG c.service.MarketDataService - [ALGO] ASK: price:167 quantity:665
22:53:36.899 [main] INFO  c.gettingstarted.MyAlgoLogic - [MYALGO] The state of the order book is:
|----BID-----||----ASK----|
    134 @ 43    501 @ 98
    145 @ 76   200 @ 101
    300 @ 91  5000 @ 110
    200 @ 93  5600 @ 119
    100 @ 95   453 @ 123
    154 @ 98   645 @ 144
          -    665 @ 167
|------------||-----------|

22:53:36.899 [main] INFO  c.gettingstarted.MyAlgoLogic - [MYALGO] Algo Sees Book as: 
|----BID-----||----ASK----|
    134 @ 43    501 @ 98
    145 @ 76   200 @ 101
    300 @ 91  5000 @ 110
    200 @ 93  5600 @ 119
    100 @ 95   453 @ 123
    154 @ 98   645 @ 144
          -    665 @ 167
|------------||-----------|

22:53:36.899 [main] INFO  c.gettingstarted.TimedLogic - [TIMEDLOGIC] Market is closed
22:53:36.899 [main] INFO  c.sequencer.consumer.LoggingConsumer - [57] 
|----BID-----|
    134 @ 43
    145 @ 76
    300 @ 91
    200 @ 93
    100 @ 95
    154 @ 98
|----ASK-----|
    501 @ 98
   200 @ 101
  5000 @ 110
  5600 @ 119
   453 @ 123
   645 @ 144
   665 @ 167

22:53:36.899 [main] INFO  c.orderbook.OrderBook - [ORDERBOOK] Processing Mkt Data Update
22:53:36.899 [main] INFO  c.o.v.MutatingRemoveAllMarketDataOrdersVisitor - [ORDERBOOK] Removing market data order:MktData(price=43,quantity=134)
22:53:36.899 [main] INFO  c.o.v.MutatingRemoveAllMarketDataOrdersVisitor - [ORDERBOOK] Removing level:43
22:53:36.899 [main] DEBUG c.orderbook.OrderBook - [ORDERBOOK] ASK: Adding orderMktData(price=43,quantity=134)
22:53:36.899 [main] DEBUG c.orderbook.OrderBook - [ORDERBOOK] ASK: Adding orderMktData(price=76,quantity=145)
22:53:36.899 [main] DEBUG c.orderbook.OrderBook - [ORDERBOOK] ASK: Adding orderMktData(price=91,quantity=300)
22:53:36.899 [main] DEBUG c.orderbook.OrderBook - [ORDERBOOK] ASK: Adding orderMktData(price=93,quantity=200)
22:53:36.899 [main] DEBUG c.orderbook.OrderBook - [ORDERBOOK] ASK: Adding orderMktData(price=95,quantity=100)
22:53:36.899 [main] DEBUG c.orderbook.OrderBook - [ORDERBOOK] ASK: Adding orderMktData(price=98,quantity=154)
22:53:36.899 [main] INFO  c.o.v.MutatingMatchOneMarketDataOrderVisitor - [ORDERBOOK] visiting LevelOrderBookLevel(price=43,quantity=134)
22:53:36.899 [main] INFO  c.o.v.MutatingMatchOneMarketDataOrderVisitor - [ORDERBOOK] Can't match order:MktData(price=43,quantity=134)(MktData(price=98,quantity=154))
22:53:36.899 [main] INFO  c.o.v.MutatingRemoveAllMarketDataOrdersVisitor - [ORDERBOOK] Removing market data order:MktData(price=98,quantity=501)
22:53:36.899 [main] INFO  c.o.v.MutatingRemoveAllMarketDataOrdersVisitor - [ORDERBOOK] Removing level:98
22:53:36.899 [main] INFO  c.o.v.MutatingRemoveAllMarketDataOrdersVisitor - [ORDERBOOK] Removing market data order:MktData(price=101,quantity=200)
22:53:36.899 [main] INFO  c.o.v.MutatingRemoveAllMarketDataOrdersVisitor - [ORDERBOOK] Removing level:101
22:53:36.899 [main] INFO  c.o.v.MutatingRemoveAllMarketDataOrdersVisitor - [ORDERBOOK] Removing market data order:MktData(price=110,quantity=5000)
22:53:36.899 [main] INFO  c.o.v.MutatingRemoveAllMarketDataOrdersVisitor - [ORDERBOOK] Removing level:110
22:53:36.899 [main] INFO  c.o.v.MutatingRemoveAllMarketDataOrdersVisitor - [ORDERBOOK] Removing market data order:MktData(price=119,quantity=5600)
22:53:36.899 [main] INFO  c.o.v.MutatingRemoveAllMarketDataOrdersVisitor - [ORDERBOOK] Removing level:119
22:53:36.899 [main] INFO  c.o.v.MutatingRemoveAllMarketDataOrdersVisitor - [ORDERBOOK] Removing market data order:MktData(price=123,quantity=453)
22:53:36.899 [main] INFO  c.o.v.MutatingRemoveAllMarketDataOrdersVisitor - [ORDERBOOK] Removing level:123
22:53:36.899 [main] INFO  c.o.v.MutatingRemoveAllMarketDataOrdersVisitor - [ORDERBOOK] Removing market data order:MktData(price=144,quantity=645)
22:53:36.899 [main] INFO  c.o.v.MutatingRemoveAllMarketDataOrdersVisitor - [ORDERBOOK] Removing level:144
22:53:36.899 [main] INFO  c.o.v.MutatingRemoveAllMarketDataOrdersVisitor - [ORDERBOOK] Removing market data order:MktData(price=167,quantity=665)
22:53:36.899 [main] INFO  c.o.v.MutatingRemoveAllMarketDataOrdersVisitor - [ORDERBOOK] Removing level:167
22:53:36.899 [main] DEBUG c.orderbook.OrderBook - [ORDERBOOK] ASK: Adding orderMktData(price=98,quantity=501)
22:53:36.899 [main] DEBUG c.orderbook.OrderBook - [ORDERBOOK] ASK: Adding orderMktData(price=101,quantity=200)
22:53:36.899 [main] DEBUG c.orderbook.OrderBook - [ORDERBOOK] ASK: Adding orderMktData(price=110,quantity=5000)
22:53:36.899 [main] DEBUG c.orderbook.OrderBook - [ORDERBOOK] ASK: Adding orderMktData(price=119,quantity=5600)
22:53:36.899 [main] DEBUG c.orderbook.OrderBook - [ORDERBOOK] ASK: Adding orderMktData(price=123,quantity=453)
22:53:36.899 [main] DEBUG c.orderbook.OrderBook - [ORDERBOOK] ASK: Adding orderMktData(price=144,quantity=645)
22:53:36.899 [main] DEBUG c.orderbook.OrderBook - [ORDERBOOK] ASK: Adding orderMktData(price=167,quantity=665)
22:53:36.899 [main] DEBUG c.service.MarketDataService - [ALGO] BID: price:43 quantity:134
22:53:36.899 [main] DEBUG c.service.MarketDataService - [ALGO] BID: price:76 quantity:145
22:53:36.899 [main] DEBUG c.service.MarketDataService - [ALGO] BID: price:91 quantity:300
22:53:36.899 [main] DEBUG c.service.MarketDataService - [ALGO] BID: price:93 quantity:200
22:53:36.899 [main] DEBUG c.service.MarketDataService - [ALGO] BID: price:95 quantity:100
22:53:36.899 [main] DEBUG c.service.MarketDataService - [ALGO] BID: price:98 quantity:154
22:53:36.899 [main] DEBUG c.service.MarketDataService - [ALGO] ASK: price:98 quantity:501
22:53:36.899 [main] DEBUG c.service.MarketDataService - [ALGO] ASK: price:101 quantity:200
22:53:36.899 [main] DEBUG c.service.MarketDataService - [ALGO] ASK: price:110 quantity:5000
22:53:36.899 [main] DEBUG c.service.MarketDataService - [ALGO] ASK: price:119 quantity:5600
22:53:36.899 [main] DEBUG c.service.MarketDataService - [ALGO] ASK: price:123 quantity:453
22:53:36.899 [main] DEBUG c.service.MarketDataService - [ALGO] ASK: price:144 quantity:645
22:53:36.899 [main] DEBUG c.service.MarketDataService - [ALGO] ASK: price:167 quantity:665
22:53:36.899 [main] INFO  c.gettingstarted.MyAlgoLogic - [MYALGO] The state of the order book is:
|----BID-----||----ASK----|
    134 @ 43    501 @ 98
    145 @ 76   200 @ 101
    300 @ 91  5000 @ 110
    200 @ 93  5600 @ 119
    100 @ 95   453 @ 123
    154 @ 98   645 @ 144
          -    665 @ 167
|------------||-----------|

22:53:36.899 [main] INFO  c.gettingstarted.MyAlgoLogic - [MYALGO] Algo Sees Book as: 
|----BID-----||----ASK----|
    134 @ 43    501 @ 98
    145 @ 76   200 @ 101
    300 @ 91  5000 @ 110
    200 @ 93  5600 @ 119
    100 @ 95   453 @ 123
    154 @ 98   645 @ 144
          -    665 @ 167
|------------||-----------|

22:53:36.899 [main] INFO  c.gettingstarted.TimedLogic - [TIMEDLOGIC] Market is closed
22:53:36.899 [main] INFO  c.sequencer.consumer.LoggingConsumer - [58] 
|----BID-----|
    134 @ 43
    145 @ 76
    300 @ 91
    200 @ 93
    100 @ 95
    154 @ 98
|----ASK-----|
    501 @ 98
   200 @ 101
  5000 @ 110
  5600 @ 119
   453 @ 123
   645 @ 144
   665 @ 167

22:53:36.899 [main] INFO  c.orderbook.OrderBook - [ORDERBOOK] Processing Mkt Data Update
22:53:36.899 [main] INFO  c.o.v.MutatingRemoveAllMarketDataOrdersVisitor - [ORDERBOOK] Removing market data order:MktData(price=43,quantity=134)
22:53:36.899 [main] INFO  c.o.v.MutatingRemoveAllMarketDataOrdersVisitor - [ORDERBOOK] Removing level:43
22:53:36.899 [main] DEBUG c.orderbook.OrderBook - [ORDERBOOK] ASK: Adding orderMktData(price=43,quantity=134)
22:53:36.899 [main] DEBUG c.orderbook.OrderBook - [ORDERBOOK] ASK: Adding orderMktData(price=76,quantity=145)
22:53:36.899 [main] DEBUG c.orderbook.OrderBook - [ORDERBOOK] ASK: Adding orderMktData(price=91,quantity=300)
22:53:36.899 [main] DEBUG c.orderbook.OrderBook - [ORDERBOOK] ASK: Adding orderMktData(price=93,quantity=200)
22:53:36.899 [main] DEBUG c.orderbook.OrderBook - [ORDERBOOK] ASK: Adding orderMktData(price=95,quantity=100)
22:53:36.899 [main] DEBUG c.orderbook.OrderBook - [ORDERBOOK] ASK: Adding orderMktData(price=98,quantity=154)
22:53:36.899 [main] INFO  c.o.v.MutatingMatchOneMarketDataOrderVisitor - [ORDERBOOK] visiting LevelOrderBookLevel(price=43,quantity=134)
22:53:36.899 [main] INFO  c.o.v.MutatingMatchOneMarketDataOrderVisitor - [ORDERBOOK] Can't match order:MktData(price=43,quantity=134)(MktData(price=98,quantity=154))
22:53:36.899 [main] INFO  c.o.v.MutatingRemoveAllMarketDataOrdersVisitor - [ORDERBOOK] Removing market data order:MktData(price=98,quantity=501)
22:53:36.899 [main] INFO  c.o.v.MutatingRemoveAllMarketDataOrdersVisitor - [ORDERBOOK] Removing level:98
22:53:36.899 [main] INFO  c.o.v.MutatingRemoveAllMarketDataOrdersVisitor - [ORDERBOOK] Removing market data order:MktData(price=101,quantity=200)
22:53:36.899 [main] INFO  c.o.v.MutatingRemoveAllMarketDataOrdersVisitor - [ORDERBOOK] Removing level:101
22:53:36.899 [main] INFO  c.o.v.MutatingRemoveAllMarketDataOrdersVisitor - [ORDERBOOK] Removing market data order:MktData(price=110,quantity=5000)
22:53:36.899 [main] INFO  c.o.v.MutatingRemoveAllMarketDataOrdersVisitor - [ORDERBOOK] Removing level:110
22:53:36.899 [main] INFO  c.o.v.MutatingRemoveAllMarketDataOrdersVisitor - [ORDERBOOK] Removing market data order:MktData(price=119,quantity=5600)
22:53:36.899 [main] INFO  c.o.v.MutatingRemoveAllMarketDataOrdersVisitor - [ORDERBOOK] Removing level:119
22:53:36.899 [main] INFO  c.o.v.MutatingRemoveAllMarketDataOrdersVisitor - [ORDERBOOK] Removing market data order:MktData(price=123,quantity=453)
22:53:36.899 [main] INFO  c.o.v.MutatingRemoveAllMarketDataOrdersVisitor - [ORDERBOOK] Removing level:123
22:53:36.899 [main] INFO  c.o.v.MutatingRemoveAllMarketDataOrdersVisitor - [ORDERBOOK] Removing market data order:MktData(price=144,quantity=645)
22:53:36.899 [main] INFO  c.o.v.MutatingRemoveAllMarketDataOrdersVisitor - [ORDERBOOK] Removing level:144
22:53:36.899 [main] INFO  c.o.v.MutatingRemoveAllMarketDataOrdersVisitor - [ORDERBOOK] Removing market data order:MktData(price=167,quantity=665)
22:53:36.899 [main] INFO  c.o.v.MutatingRemoveAllMarketDataOrdersVisitor - [ORDERBOOK] Removing level:167
22:53:36.899 [main] DEBUG c.orderbook.OrderBook - [ORDERBOOK] ASK: Adding orderMktData(price=98,quantity=501)
22:53:36.899 [main] DEBUG c.orderbook.OrderBook - [ORDERBOOK] ASK: Adding orderMktData(price=101,quantity=200)
22:53:36.899 [main] DEBUG c.orderbook.OrderBook - [ORDERBOOK] ASK: Adding orderMktData(price=110,quantity=5000)
22:53:36.899 [main] DEBUG c.orderbook.OrderBook - [ORDERBOOK] ASK: Adding orderMktData(price=119,quantity=5600)
22:53:36.899 [main] DEBUG c.orderbook.OrderBook - [ORDERBOOK] ASK: Adding orderMktData(price=123,quantity=453)
22:53:36.899 [main] DEBUG c.orderbook.OrderBook - [ORDERBOOK] ASK: Adding orderMktData(price=144,quantity=645)
22:53:36.899 [main] DEBUG c.orderbook.OrderBook - [ORDERBOOK] ASK: Adding orderMktData(price=167,quantity=665)
22:53:36.899 [main] DEBUG c.service.MarketDataService - [ALGO] BID: price:43 quantity:134
22:53:36.899 [main] DEBUG c.service.MarketDataService - [ALGO] BID: price:76 quantity:145
22:53:36.899 [main] DEBUG c.service.MarketDataService - [ALGO] BID: price:91 quantity:300
22:53:36.899 [main] DEBUG c.service.MarketDataService - [ALGO] BID: price:93 quantity:200
22:53:36.899 [main] DEBUG c.service.MarketDataService - [ALGO] BID: price:95 quantity:100
22:53:36.899 [main] DEBUG c.service.MarketDataService - [ALGO] BID: price:98 quantity:154
22:53:36.899 [main] DEBUG c.service.MarketDataService - [ALGO] ASK: price:98 quantity:501
22:53:36.899 [main] DEBUG c.service.MarketDataService - [ALGO] ASK: price:101 quantity:200
22:53:36.899 [main] DEBUG c.service.MarketDataService - [ALGO] ASK: price:110 quantity:5000
22:53:36.899 [main] DEBUG c.service.MarketDataService - [ALGO] ASK: price:119 quantity:5600
22:53:36.899 [main] DEBUG c.service.MarketDataService - [ALGO] ASK: price:123 quantity:453
22:53:36.899 [main] DEBUG c.service.MarketDataService - [ALGO] ASK: price:144 quantity:645
22:53:36.899 [main] DEBUG c.service.MarketDataService - [ALGO] ASK: price:167 quantity:665
22:53:36.899 [main] INFO  c.gettingstarted.MyAlgoLogic - [MYALGO] The state of the order book is:
|----BID-----||----ASK----|
    134 @ 43    501 @ 98
    145 @ 76   200 @ 101
    300 @ 91  5000 @ 110
    200 @ 93  5600 @ 119
    100 @ 95   453 @ 123
    154 @ 98   645 @ 144
          -    665 @ 167
|------------||-----------|

22:53:36.899 [main] INFO  c.gettingstarted.MyAlgoLogic - [MYALGO] Algo Sees Book as: 
|----BID-----||----ASK----|
    134 @ 43    501 @ 98
    145 @ 76   200 @ 101
    300 @ 91  5000 @ 110
    200 @ 93  5600 @ 119
    100 @ 95   453 @ 123
    154 @ 98   645 @ 144
          -    665 @ 167
|------------||-----------|

22:53:36.899 [main] INFO  c.gettingstarted.TimedLogic - [TIMEDLOGIC] Market is closed
22:53:36.899 [main] INFO  c.sequencer.consumer.LoggingConsumer - [59] 
|----BID-----|
    134 @ 43
    145 @ 76
    300 @ 91
    200 @ 93
    100 @ 95
    154 @ 98
|----ASK-----|
    501 @ 98
   200 @ 101
  5000 @ 110
  5600 @ 119
   453 @ 123
   645 @ 144
   665 @ 167

22:53:36.899 [main] INFO  c.orderbook.OrderBook - [ORDERBOOK] Processing Mkt Data Update
22:53:36.899 [main] INFO  c.o.v.MutatingRemoveAllMarketDataOrdersVisitor - [ORDERBOOK] Removing market data order:MktData(price=43,quantity=134)
22:53:36.899 [main] INFO  c.o.v.MutatingRemoveAllMarketDataOrdersVisitor - [ORDERBOOK] Removing level:43
22:53:36.899 [main] DEBUG c.orderbook.OrderBook - [ORDERBOOK] ASK: Adding orderMktData(price=43,quantity=134)
22:53:36.899 [main] DEBUG c.orderbook.OrderBook - [ORDERBOOK] ASK: Adding orderMktData(price=76,quantity=145)
22:53:36.899 [main] DEBUG c.orderbook.OrderBook - [ORDERBOOK] ASK: Adding orderMktData(price=91,quantity=300)
22:53:36.899 [main] DEBUG c.orderbook.OrderBook - [ORDERBOOK] ASK: Adding orderMktData(price=93,quantity=200)
22:53:36.899 [main] DEBUG c.orderbook.OrderBook - [ORDERBOOK] ASK: Adding orderMktData(price=95,quantity=100)
22:53:36.899 [main] DEBUG c.orderbook.OrderBook - [ORDERBOOK] ASK: Adding orderMktData(price=98,quantity=154)
22:53:36.899 [main] INFO  c.o.v.MutatingMatchOneMarketDataOrderVisitor - [ORDERBOOK] visiting LevelOrderBookLevel(price=43,quantity=134)
22:53:36.899 [main] INFO  c.o.v.MutatingMatchOneMarketDataOrderVisitor - [ORDERBOOK] Can't match order:MktData(price=43,quantity=134)(MktData(price=98,quantity=154))
22:53:36.899 [main] INFO  c.o.v.MutatingRemoveAllMarketDataOrdersVisitor - [ORDERBOOK] Removing market data order:MktData(price=98,quantity=501)
22:53:36.899 [main] INFO  c.o.v.MutatingRemoveAllMarketDataOrdersVisitor - [ORDERBOOK] Removing level:98
22:53:36.899 [main] INFO  c.o.v.MutatingRemoveAllMarketDataOrdersVisitor - [ORDERBOOK] Removing market data order:MktData(price=101,quantity=200)
22:53:36.899 [main] INFO  c.o.v.MutatingRemoveAllMarketDataOrdersVisitor - [ORDERBOOK] Removing level:101
22:53:36.899 [main] INFO  c.o.v.MutatingRemoveAllMarketDataOrdersVisitor - [ORDERBOOK] Removing market data order:MktData(price=110,quantity=5000)
22:53:36.899 [main] INFO  c.o.v.MutatingRemoveAllMarketDataOrdersVisitor - [ORDERBOOK] Removing level:110
22:53:36.899 [main] INFO  c.o.v.MutatingRemoveAllMarketDataOrdersVisitor - [ORDERBOOK] Removing market data order:MktData(price=119,quantity=5600)
22:53:36.899 [main] INFO  c.o.v.MutatingRemoveAllMarketDataOrdersVisitor - [ORDERBOOK] Removing level:119
22:53:36.899 [main] INFO  c.o.v.MutatingRemoveAllMarketDataOrdersVisitor - [ORDERBOOK] Removing market data order:MktData(price=123,quantity=453)
22:53:36.899 [main] INFO  c.o.v.MutatingRemoveAllMarketDataOrdersVisitor - [ORDERBOOK] Removing level:123
22:53:36.899 [main] INFO  c.o.v.MutatingRemoveAllMarketDataOrdersVisitor - [ORDERBOOK] Removing market data order:MktData(price=144,quantity=645)
22:53:36.899 [main] INFO  c.o.v.MutatingRemoveAllMarketDataOrdersVisitor - [ORDERBOOK] Removing level:144
22:53:36.899 [main] INFO  c.o.v.MutatingRemoveAllMarketDataOrdersVisitor - [ORDERBOOK] Removing market data order:MktData(price=167,quantity=665)
22:53:36.899 [main] INFO  c.o.v.MutatingRemoveAllMarketDataOrdersVisitor - [ORDERBOOK] Removing level:167
22:53:36.899 [main] DEBUG c.orderbook.OrderBook - [ORDERBOOK] ASK: Adding orderMktData(price=98,quantity=501)
22:53:36.899 [main] DEBUG c.orderbook.OrderBook - [ORDERBOOK] ASK: Adding orderMktData(price=101,quantity=200)
22:53:36.899 [main] DEBUG c.orderbook.OrderBook - [ORDERBOOK] ASK: Adding orderMktData(price=110,quantity=5000)
22:53:36.899 [main] DEBUG c.orderbook.OrderBook - [ORDERBOOK] ASK: Adding orderMktData(price=119,quantity=5600)
22:53:36.899 [main] DEBUG c.orderbook.OrderBook - [ORDERBOOK] ASK: Adding orderMktData(price=123,quantity=453)
22:53:36.899 [main] DEBUG c.orderbook.OrderBook - [ORDERBOOK] ASK: Adding orderMktData(price=144,quantity=645)
22:53:36.899 [main] DEBUG c.orderbook.OrderBook - [ORDERBOOK] ASK: Adding orderMktData(price=167,quantity=665)
22:53:36.899 [main] DEBUG c.service.MarketDataService - [ALGO] BID: price:43 quantity:134
22:53:36.899 [main] DEBUG c.service.MarketDataService - [ALGO] BID: price:76 quantity:145
22:53:36.899 [main] DEBUG c.service.MarketDataService - [ALGO] BID: price:91 quantity:300
22:53:36.899 [main] DEBUG c.service.MarketDataService - [ALGO] BID: price:93 quantity:200
22:53:36.899 [main] DEBUG c.service.MarketDataService - [ALGO] BID: price:95 quantity:100
22:53:36.899 [main] DEBUG c.service.MarketDataService - [ALGO] BID: price:98 quantity:154
22:53:36.899 [main] DEBUG c.service.MarketDataService - [ALGO] ASK: price:98 quantity:501
22:53:36.899 [main] DEBUG c.service.MarketDataService - [ALGO] ASK: price:101 quantity:200
22:53:36.899 [main] DEBUG c.service.MarketDataService - [ALGO] ASK: price:110 quantity:5000
22:53:36.899 [main] DEBUG c.service.MarketDataService - [ALGO] ASK: price:119 quantity:5600
22:53:36.899 [main] DEBUG c.service.MarketDataService - [ALGO] ASK: price:123 quantity:453
22:53:36.899 [main] DEBUG c.service.MarketDataService - [ALGO] ASK: price:144 quantity:645
22:53:36.899 [main] DEBUG c.service.MarketDataService - [ALGO] ASK: price:167 quantity:665
22:53:36.899 [main] INFO  c.gettingstarted.MyAlgoLogic - [MYALGO] The state of the order book is:
|----BID-----||----ASK----|
    134 @ 43    501 @ 98
    145 @ 76   200 @ 101
    300 @ 91  5000 @ 110
    200 @ 93  5600 @ 119
    100 @ 95   453 @ 123
    154 @ 98   645 @ 144
          -    665 @ 167
|------------||-----------|

22:53:36.899 [main] INFO  c.gettingstarted.MyAlgoLogic - [MYALGO] Algo Sees Book as: 
|----BID-----||----ASK----|
    134 @ 43    501 @ 98
    145 @ 76   200 @ 101
    300 @ 91  5000 @ 110
    200 @ 93  5600 @ 119
    100 @ 95   453 @ 123
    154 @ 98   645 @ 144
          -    665 @ 167
|------------||-----------|

22:53:36.899 [main] INFO  c.gettingstarted.TimedLogic - [TIMEDLOGIC] Market is closed
22:53:36.899 [main] INFO  c.sequencer.consumer.LoggingConsumer - [60] 
|----BID-----|
    134 @ 43
    145 @ 76
    300 @ 91
    200 @ 93
    100 @ 95
    154 @ 98
|----ASK-----|
    501 @ 98
   200 @ 101
  5000 @ 110
  5600 @ 119
   453 @ 123
   645 @ 144
   665 @ 167

22:53:36.899 [main] INFO  c.orderbook.OrderBook - [ORDERBOOK] Processing Mkt Data Update
22:53:36.899 [main] INFO  c.o.v.MutatingRemoveAllMarketDataOrdersVisitor - [ORDERBOOK] Removing market data order:MktData(price=43,quantity=134)
22:53:36.899 [main] INFO  c.o.v.MutatingRemoveAllMarketDataOrdersVisitor - [ORDERBOOK] Removing level:43
22:53:36.899 [main] DEBUG c.orderbook.OrderBook - [ORDERBOOK] ASK: Adding orderMktData(price=43,quantity=134)
22:53:36.899 [main] DEBUG c.orderbook.OrderBook - [ORDERBOOK] ASK: Adding orderMktData(price=76,quantity=145)
22:53:36.899 [main] DEBUG c.orderbook.OrderBook - [ORDERBOOK] ASK: Adding orderMktData(price=91,quantity=300)
22:53:36.899 [main] DEBUG c.orderbook.OrderBook - [ORDERBOOK] ASK: Adding orderMktData(price=93,quantity=200)
22:53:36.899 [main] DEBUG c.orderbook.OrderBook - [ORDERBOOK] ASK: Adding orderMktData(price=95,quantity=100)
22:53:36.899 [main] DEBUG c.orderbook.OrderBook - [ORDERBOOK] ASK: Adding orderMktData(price=98,quantity=154)
22:53:36.899 [main] INFO  c.o.v.MutatingMatchOneMarketDataOrderVisitor - [ORDERBOOK] visiting LevelOrderBookLevel(price=43,quantity=134)
22:53:36.899 [main] INFO  c.o.v.MutatingMatchOneMarketDataOrderVisitor - [ORDERBOOK] Can't match order:MktData(price=43,quantity=134)(MktData(price=98,quantity=154))
22:53:36.899 [main] INFO  c.o.v.MutatingRemoveAllMarketDataOrdersVisitor - [ORDERBOOK] Removing market data order:MktData(price=98,quantity=501)
22:53:36.899 [main] INFO  c.o.v.MutatingRemoveAllMarketDataOrdersVisitor - [ORDERBOOK] Removing level:98
22:53:36.899 [main] INFO  c.o.v.MutatingRemoveAllMarketDataOrdersVisitor - [ORDERBOOK] Removing market data order:MktData(price=101,quantity=200)
22:53:36.899 [main] INFO  c.o.v.MutatingRemoveAllMarketDataOrdersVisitor - [ORDERBOOK] Removing level:101
22:53:36.899 [main] INFO  c.o.v.MutatingRemoveAllMarketDataOrdersVisitor - [ORDERBOOK] Removing market data order:MktData(price=110,quantity=5000)
22:53:36.899 [main] INFO  c.o.v.MutatingRemoveAllMarketDataOrdersVisitor - [ORDERBOOK] Removing level:110
22:53:36.899 [main] INFO  c.o.v.MutatingRemoveAllMarketDataOrdersVisitor - [ORDERBOOK] Removing market data order:MktData(price=119,quantity=5600)
22:53:36.899 [main] INFO  c.o.v.MutatingRemoveAllMarketDataOrdersVisitor - [ORDERBOOK] Removing level:119
22:53:36.899 [main] INFO  c.o.v.MutatingRemoveAllMarketDataOrdersVisitor - [ORDERBOOK] Removing market data order:MktData(price=123,quantity=453)
22:53:36.899 [main] INFO  c.o.v.MutatingRemoveAllMarketDataOrdersVisitor - [ORDERBOOK] Removing level:123
22:53:36.899 [main] INFO  c.o.v.MutatingRemoveAllMarketDataOrdersVisitor - [ORDERBOOK] Removing market data order:MktData(price=144,quantity=645)
22:53:36.899 [main] INFO  c.o.v.MutatingRemoveAllMarketDataOrdersVisitor - [ORDERBOOK] Removing level:144
22:53:36.899 [main] INFO  c.o.v.MutatingRemoveAllMarketDataOrdersVisitor - [ORDERBOOK] Removing market data order:MktData(price=167,quantity=665)
22:53:36.899 [main] INFO  c.o.v.MutatingRemoveAllMarketDataOrdersVisitor - [ORDERBOOK] Removing level:167
22:53:36.899 [main] DEBUG c.orderbook.OrderBook - [ORDERBOOK] ASK: Adding orderMktData(price=98,quantity=501)
22:53:36.899 [main] DEBUG c.orderbook.OrderBook - [ORDERBOOK] ASK: Adding orderMktData(price=101,quantity=200)
22:53:36.899 [main] DEBUG c.orderbook.OrderBook - [ORDERBOOK] ASK: Adding orderMktData(price=110,quantity=5000)
22:53:36.899 [main] DEBUG c.orderbook.OrderBook - [ORDERBOOK] ASK: Adding orderMktData(price=119,quantity=5600)
22:53:36.899 [main] DEBUG c.orderbook.OrderBook - [ORDERBOOK] ASK: Adding orderMktData(price=123,quantity=453)
22:53:36.899 [main] DEBUG c.orderbook.OrderBook - [ORDERBOOK] ASK: Adding orderMktData(price=144,quantity=645)
22:53:36.899 [main] DEBUG c.orderbook.OrderBook - [ORDERBOOK] ASK: Adding orderMktData(price=167,quantity=665)
22:53:36.899 [main] DEBUG c.service.MarketDataService - [ALGO] BID: price:43 quantity:134
22:53:36.899 [main] DEBUG c.service.MarketDataService - [ALGO] BID: price:76 quantity:145
22:53:36.899 [main] DEBUG c.service.MarketDataService - [ALGO] BID: price:91 quantity:300
22:53:36.899 [main] DEBUG c.service.MarketDataService - [ALGO] BID: price:93 quantity:200
22:53:36.899 [main] DEBUG c.service.MarketDataService - [ALGO] BID: price:95 quantity:100
22:53:36.899 [main] DEBUG c.service.MarketDataService - [ALGO] BID: price:98 quantity:154
22:53:36.899 [main] DEBUG c.service.MarketDataService - [ALGO] ASK: price:98 quantity:501
22:53:36.899 [main] DEBUG c.service.MarketDataService - [ALGO] ASK: price:101 quantity:200
22:53:36.899 [main] DEBUG c.service.MarketDataService - [ALGO] ASK: price:110 quantity:5000
22:53:36.899 [main] DEBUG c.service.MarketDataService - [ALGO] ASK: price:119 quantity:5600
22:53:36.899 [main] DEBUG c.service.MarketDataService - [ALGO] ASK: price:123 quantity:453
22:53:36.899 [main] DEBUG c.service.MarketDataService - [ALGO] ASK: price:144 quantity:645
22:53:36.899 [main] DEBUG c.service.MarketDataService - [ALGO] ASK: price:167 quantity:665
22:53:36.899 [main] INFO  c.gettingstarted.MyAlgoLogic - [MYALGO] The state of the order book is:
|----BID-----||----ASK----|
    134 @ 43    501 @ 98
    145 @ 76   200 @ 101
    300 @ 91  5000 @ 110
    200 @ 93  5600 @ 119
    100 @ 95   453 @ 123
    154 @ 98   645 @ 144
          -    665 @ 167
|------------||-----------|

22:53:36.899 [main] INFO  c.gettingstarted.MyAlgoLogic - [MYALGO] Algo Sees Book as: 
|----BID-----||----ASK----|
    134 @ 43    501 @ 98
    145 @ 76   200 @ 101
    300 @ 91  5000 @ 110
    200 @ 93  5600 @ 119
    100 @ 95   453 @ 123
    154 @ 98   645 @ 144
          -    665 @ 167
|------------||-----------|

22:53:36.899 [main] INFO  c.gettingstarted.TimedLogic - [TIMEDLOGIC] Market is closed
22:53:36.899 [main] INFO  c.sequencer.consumer.LoggingConsumer - [61] 
|----BID-----|
    134 @ 43
    145 @ 76
    300 @ 91
    200 @ 93
    100 @ 95
    154 @ 98
|----ASK-----|
    501 @ 98
   200 @ 101
  5000 @ 110
  5600 @ 119
   453 @ 123
   645 @ 144
   665 @ 167

22:53:36.899 [main] INFO  c.orderbook.OrderBook - [ORDERBOOK] Processing Mkt Data Update
22:53:36.899 [main] INFO  c.o.v.MutatingRemoveAllMarketDataOrdersVisitor - [ORDERBOOK] Removing market data order:MktData(price=43,quantity=134)
22:53:36.899 [main] INFO  c.o.v.MutatingRemoveAllMarketDataOrdersVisitor - [ORDERBOOK] Removing level:43
22:53:36.899 [main] DEBUG c.orderbook.OrderBook - [ORDERBOOK] ASK: Adding orderMktData(price=43,quantity=134)
22:53:36.899 [main] DEBUG c.orderbook.OrderBook - [ORDERBOOK] ASK: Adding orderMktData(price=76,quantity=145)
22:53:36.899 [main] DEBUG c.orderbook.OrderBook - [ORDERBOOK] ASK: Adding orderMktData(price=91,quantity=300)
22:53:36.899 [main] DEBUG c.orderbook.OrderBook - [ORDERBOOK] ASK: Adding orderMktData(price=93,quantity=200)
22:53:36.899 [main] DEBUG c.orderbook.OrderBook - [ORDERBOOK] ASK: Adding orderMktData(price=95,quantity=100)
22:53:36.899 [main] DEBUG c.orderbook.OrderBook - [ORDERBOOK] ASK: Adding orderMktData(price=98,quantity=154)
22:53:36.899 [main] INFO  c.o.v.MutatingMatchOneMarketDataOrderVisitor - [ORDERBOOK] visiting LevelOrderBookLevel(price=43,quantity=134)
22:53:36.899 [main] INFO  c.o.v.MutatingMatchOneMarketDataOrderVisitor - [ORDERBOOK] Can't match order:MktData(price=43,quantity=134)(MktData(price=98,quantity=154))
22:53:36.899 [main] INFO  c.o.v.MutatingRemoveAllMarketDataOrdersVisitor - [ORDERBOOK] Removing market data order:MktData(price=98,quantity=501)
22:53:36.899 [main] INFO  c.o.v.MutatingRemoveAllMarketDataOrdersVisitor - [ORDERBOOK] Removing level:98
22:53:36.899 [main] INFO  c.o.v.MutatingRemoveAllMarketDataOrdersVisitor - [ORDERBOOK] Removing market data order:MktData(price=101,quantity=200)
22:53:36.899 [main] INFO  c.o.v.MutatingRemoveAllMarketDataOrdersVisitor - [ORDERBOOK] Removing level:101
22:53:36.899 [main] INFO  c.o.v.MutatingRemoveAllMarketDataOrdersVisitor - [ORDERBOOK] Removing market data order:MktData(price=110,quantity=5000)
22:53:36.899 [main] INFO  c.o.v.MutatingRemoveAllMarketDataOrdersVisitor - [ORDERBOOK] Removing level:110
22:53:36.899 [main] INFO  c.o.v.MutatingRemoveAllMarketDataOrdersVisitor - [ORDERBOOK] Removing market data order:MktData(price=119,quantity=5600)
22:53:36.899 [main] INFO  c.o.v.MutatingRemoveAllMarketDataOrdersVisitor - [ORDERBOOK] Removing level:119
22:53:36.899 [main] INFO  c.o.v.MutatingRemoveAllMarketDataOrdersVisitor - [ORDERBOOK] Removing market data order:MktData(price=123,quantity=453)
22:53:36.899 [main] INFO  c.o.v.MutatingRemoveAllMarketDataOrdersVisitor - [ORDERBOOK] Removing level:123
22:53:36.899 [main] INFO  c.o.v.MutatingRemoveAllMarketDataOrdersVisitor - [ORDERBOOK] Removing market data order:MktData(price=144,quantity=645)
22:53:36.899 [main] INFO  c.o.v.MutatingRemoveAllMarketDataOrdersVisitor - [ORDERBOOK] Removing level:144
22:53:36.899 [main] INFO  c.o.v.MutatingRemoveAllMarketDataOrdersVisitor - [ORDERBOOK] Removing market data order:MktData(price=167,quantity=665)
22:53:36.899 [main] INFO  c.o.v.MutatingRemoveAllMarketDataOrdersVisitor - [ORDERBOOK] Removing level:167
22:53:36.899 [main] DEBUG c.orderbook.OrderBook - [ORDERBOOK] ASK: Adding orderMktData(price=98,quantity=501)
22:53:36.899 [main] DEBUG c.orderbook.OrderBook - [ORDERBOOK] ASK: Adding orderMktData(price=101,quantity=200)
22:53:36.899 [main] DEBUG c.orderbook.OrderBook - [ORDERBOOK] ASK: Adding orderMktData(price=110,quantity=5000)
22:53:36.899 [main] DEBUG c.orderbook.OrderBook - [ORDERBOOK] ASK: Adding orderMktData(price=119,quantity=5600)
22:53:36.899 [main] DEBUG c.orderbook.OrderBook - [ORDERBOOK] ASK: Adding orderMktData(price=123,quantity=453)
22:53:36.899 [main] DEBUG c.orderbook.OrderBook - [ORDERBOOK] ASK: Adding orderMktData(price=144,quantity=645)
22:53:36.899 [main] DEBUG c.orderbook.OrderBook - [ORDERBOOK] ASK: Adding orderMktData(price=167,quantity=665)
22:53:36.899 [main] DEBUG c.service.MarketDataService - [ALGO] BID: price:43 quantity:134
22:53:36.899 [main] DEBUG c.service.MarketDataService - [ALGO] BID: price:76 quantity:145
22:53:36.899 [main] DEBUG c.service.MarketDataService - [ALGO] BID: price:91 quantity:300
22:53:36.899 [main] DEBUG c.service.MarketDataService - [ALGO] BID: price:93 quantity:200
22:53:36.899 [main] DEBUG c.service.MarketDataService - [ALGO] BID: price:95 quantity:100
22:53:36.899 [main] DEBUG c.service.MarketDataService - [ALGO] BID: price:98 quantity:154
22:53:36.899 [main] DEBUG c.service.MarketDataService - [ALGO] ASK: price:98 quantity:501
22:53:36.899 [main] DEBUG c.service.MarketDataService - [ALGO] ASK: price:101 quantity:200
22:53:36.899 [main] DEBUG c.service.MarketDataService - [ALGO] ASK: price:110 quantity:5000
22:53:36.899 [main] DEBUG c.service.MarketDataService - [ALGO] ASK: price:119 quantity:5600
22:53:36.899 [main] DEBUG c.service.MarketDataService - [ALGO] ASK: price:123 quantity:453
22:53:36.899 [main] DEBUG c.service.MarketDataService - [ALGO] ASK: price:144 quantity:645
22:53:36.899 [main] DEBUG c.service.MarketDataService - [ALGO] ASK: price:167 quantity:665
22:53:36.899 [main] INFO  c.gettingstarted.MyAlgoLogic - [MYALGO] The state of the order book is:
|----BID-----||----ASK----|
    134 @ 43    501 @ 98
    145 @ 76   200 @ 101
    300 @ 91  5000 @ 110
    200 @ 93  5600 @ 119
    100 @ 95   453 @ 123
    154 @ 98   645 @ 144
          -    665 @ 167
|------------||-----------|

22:53:36.899 [main] INFO  c.gettingstarted.MyAlgoLogic - [MYALGO] Algo Sees Book as: 
|----BID-----||----ASK----|
    134 @ 43    501 @ 98
    145 @ 76   200 @ 101
    300 @ 91  5000 @ 110
    200 @ 93  5600 @ 119
    100 @ 95   453 @ 123
    154 @ 98   645 @ 144
          -    665 @ 167
|------------||-----------|

22:53:36.899 [main] INFO  c.gettingstarted.TimedLogic - [TIMEDLOGIC] Market is closed
22:53:36.899 [main] INFO  c.sequencer.consumer.LoggingConsumer - [62] 
|----BID-----|
    134 @ 43
    145 @ 76
    300 @ 91
    200 @ 93
    100 @ 95
    154 @ 98
|----ASK-----|
    501 @ 98
   200 @ 101
  5000 @ 110
  5600 @ 119
   453 @ 123
   645 @ 144
   665 @ 167

22:53:36.899 [main] INFO  c.orderbook.OrderBook - [ORDERBOOK] Processing Mkt Data Update
22:53:36.899 [main] INFO  c.o.v.MutatingRemoveAllMarketDataOrdersVisitor - [ORDERBOOK] Removing market data order:MktData(price=43,quantity=134)
22:53:36.899 [main] INFO  c.o.v.MutatingRemoveAllMarketDataOrdersVisitor - [ORDERBOOK] Removing level:43
22:53:36.899 [main] DEBUG c.orderbook.OrderBook - [ORDERBOOK] ASK: Adding orderMktData(price=43,quantity=134)
22:53:36.899 [main] DEBUG c.orderbook.OrderBook - [ORDERBOOK] ASK: Adding orderMktData(price=76,quantity=145)
22:53:36.899 [main] DEBUG c.orderbook.OrderBook - [ORDERBOOK] ASK: Adding orderMktData(price=91,quantity=300)
22:53:36.899 [main] DEBUG c.orderbook.OrderBook - [ORDERBOOK] ASK: Adding orderMktData(price=93,quantity=200)
22:53:36.899 [main] DEBUG c.orderbook.OrderBook - [ORDERBOOK] ASK: Adding orderMktData(price=95,quantity=100)
22:53:36.899 [main] DEBUG c.orderbook.OrderBook - [ORDERBOOK] ASK: Adding orderMktData(price=98,quantity=154)
22:53:36.904 [main] INFO  c.o.v.MutatingMatchOneMarketDataOrderVisitor - [ORDERBOOK] visiting LevelOrderBookLevel(price=43,quantity=134)
22:53:36.904 [main] INFO  c.o.v.MutatingMatchOneMarketDataOrderVisitor - [ORDERBOOK] Can't match order:MktData(price=43,quantity=134)(MktData(price=98,quantity=154))
22:53:36.904 [main] INFO  c.o.v.MutatingRemoveAllMarketDataOrdersVisitor - [ORDERBOOK] Removing market data order:MktData(price=98,quantity=501)
22:53:36.904 [main] INFO  c.o.v.MutatingRemoveAllMarketDataOrdersVisitor - [ORDERBOOK] Removing level:98
22:53:36.904 [main] INFO  c.o.v.MutatingRemoveAllMarketDataOrdersVisitor - [ORDERBOOK] Removing market data order:MktData(price=101,quantity=200)
22:53:36.904 [main] INFO  c.o.v.MutatingRemoveAllMarketDataOrdersVisitor - [ORDERBOOK] Removing level:101
22:53:36.904 [main] INFO  c.o.v.MutatingRemoveAllMarketDataOrdersVisitor - [ORDERBOOK] Removing market data order:MktData(price=110,quantity=5000)
22:53:36.904 [main] INFO  c.o.v.MutatingRemoveAllMarketDataOrdersVisitor - [ORDERBOOK] Removing level:110
22:53:36.904 [main] INFO  c.o.v.MutatingRemoveAllMarketDataOrdersVisitor - [ORDERBOOK] Removing market data order:MktData(price=119,quantity=5600)
22:53:36.904 [main] INFO  c.o.v.MutatingRemoveAllMarketDataOrdersVisitor - [ORDERBOOK] Removing level:119
22:53:36.904 [main] INFO  c.o.v.MutatingRemoveAllMarketDataOrdersVisitor - [ORDERBOOK] Removing market data order:MktData(price=123,quantity=453)
22:53:36.904 [main] INFO  c.o.v.MutatingRemoveAllMarketDataOrdersVisitor - [ORDERBOOK] Removing level:123
22:53:36.904 [main] INFO  c.o.v.MutatingRemoveAllMarketDataOrdersVisitor - [ORDERBOOK] Removing market data order:MktData(price=144,quantity=645)
22:53:36.904 [main] INFO  c.o.v.MutatingRemoveAllMarketDataOrdersVisitor - [ORDERBOOK] Removing level:144
22:53:36.904 [main] INFO  c.o.v.MutatingRemoveAllMarketDataOrdersVisitor - [ORDERBOOK] Removing market data order:MktData(price=167,quantity=665)
22:53:36.904 [main] INFO  c.o.v.MutatingRemoveAllMarketDataOrdersVisitor - [ORDERBOOK] Removing level:167
22:53:36.904 [main] DEBUG c.orderbook.OrderBook - [ORDERBOOK] ASK: Adding orderMktData(price=98,quantity=501)
22:53:36.904 [main] DEBUG c.orderbook.OrderBook - [ORDERBOOK] ASK: Adding orderMktData(price=101,quantity=200)
22:53:36.904 [main] DEBUG c.orderbook.OrderBook - [ORDERBOOK] ASK: Adding orderMktData(price=110,quantity=5000)
22:53:36.904 [main] DEBUG c.orderbook.OrderBook - [ORDERBOOK] ASK: Adding orderMktData(price=119,quantity=5600)
22:53:36.904 [main] DEBUG c.orderbook.OrderBook - [ORDERBOOK] ASK: Adding orderMktData(price=123,quantity=453)
22:53:36.904 [main] DEBUG c.orderbook.OrderBook - [ORDERBOOK] ASK: Adding orderMktData(price=144,quantity=645)
22:53:36.904 [main] DEBUG c.orderbook.OrderBook - [ORDERBOOK] ASK: Adding orderMktData(price=167,quantity=665)
22:53:36.904 [main] DEBUG c.service.MarketDataService - [ALGO] BID: price:43 quantity:134
22:53:36.904 [main] DEBUG c.service.MarketDataService - [ALGO] BID: price:76 quantity:145
22:53:36.904 [main] DEBUG c.service.MarketDataService - [ALGO] BID: price:91 quantity:300
22:53:36.904 [main] DEBUG c.service.MarketDataService - [ALGO] BID: price:93 quantity:200
22:53:36.904 [main] DEBUG c.service.MarketDataService - [ALGO] BID: price:95 quantity:100
22:53:36.904 [main] DEBUG c.service.MarketDataService - [ALGO] BID: price:98 quantity:154
22:53:36.904 [main] DEBUG c.service.MarketDataService - [ALGO] ASK: price:98 quantity:501
22:53:36.904 [main] DEBUG c.service.MarketDataService - [ALGO] ASK: price:101 quantity:200
22:53:36.904 [main] DEBUG c.service.MarketDataService - [ALGO] ASK: price:110 quantity:5000
22:53:36.904 [main] DEBUG c.service.MarketDataService - [ALGO] ASK: price:119 quantity:5600
22:53:36.904 [main] DEBUG c.service.MarketDataService - [ALGO] ASK: price:123 quantity:453
22:53:36.904 [main] DEBUG c.service.MarketDataService - [ALGO] ASK: price:144 quantity:645
22:53:36.904 [main] DEBUG c.service.MarketDataService - [ALGO] ASK: price:167 quantity:665
22:53:36.904 [main] INFO  c.gettingstarted.MyAlgoLogic - [MYALGO] The state of the order book is:
|----BID-----||----ASK----|
    134 @ 43    501 @ 98
    145 @ 76   200 @ 101
    300 @ 91  5000 @ 110
    200 @ 93  5600 @ 119
    100 @ 95   453 @ 123
    154 @ 98   645 @ 144
          -    665 @ 167
|------------||-----------|

22:53:36.904 [main] INFO  c.gettingstarted.MyAlgoLogic - [MYALGO] Algo Sees Book as: 
|----BID-----||----ASK----|
    134 @ 43    501 @ 98
    145 @ 76   200 @ 101
    300 @ 91  5000 @ 110
    200 @ 93  5600 @ 119
    100 @ 95   453 @ 123
    154 @ 98   645 @ 144
          -    665 @ 167
|------------||-----------|

22:53:36.904 [main] INFO  c.gettingstarted.TimedLogic - [TIMEDLOGIC] Market is closed
22:53:36.904 [main] INFO  c.sequencer.consumer.LoggingConsumer - [63] 
|----BID-----|
    134 @ 43
    145 @ 76
    300 @ 91
    200 @ 93
    100 @ 95
    154 @ 98
|----ASK-----|
    501 @ 98
   200 @ 101
  5000 @ 110
  5600 @ 119
   453 @ 123
   645 @ 144
   665 @ 167

22:53:36.904 [main] INFO  c.orderbook.OrderBook - [ORDERBOOK] Processing Mkt Data Update
22:53:36.904 [main] INFO  c.o.v.MutatingRemoveAllMarketDataOrdersVisitor - [ORDERBOOK] Removing market data order:MktData(price=43,quantity=134)
22:53:36.904 [main] INFO  c.o.v.MutatingRemoveAllMarketDataOrdersVisitor - [ORDERBOOK] Removing level:43
22:53:36.904 [main] DEBUG c.orderbook.OrderBook - [ORDERBOOK] ASK: Adding orderMktData(price=43,quantity=134)
22:53:36.904 [main] DEBUG c.orderbook.OrderBook - [ORDERBOOK] ASK: Adding orderMktData(price=76,quantity=145)
22:53:36.904 [main] DEBUG c.orderbook.OrderBook - [ORDERBOOK] ASK: Adding orderMktData(price=91,quantity=300)
22:53:36.904 [main] DEBUG c.orderbook.OrderBook - [ORDERBOOK] ASK: Adding orderMktData(price=93,quantity=200)
22:53:36.904 [main] DEBUG c.orderbook.OrderBook - [ORDERBOOK] ASK: Adding orderMktData(price=95,quantity=100)
22:53:36.904 [main] DEBUG c.orderbook.OrderBook - [ORDERBOOK] ASK: Adding orderMktData(price=98,quantity=154)
22:53:36.904 [main] INFO  c.o.v.MutatingMatchOneMarketDataOrderVisitor - [ORDERBOOK] visiting LevelOrderBookLevel(price=43,quantity=134)
22:53:36.904 [main] INFO  c.o.v.MutatingMatchOneMarketDataOrderVisitor - [ORDERBOOK] Can't match order:MktData(price=43,quantity=134)(MktData(price=98,quantity=154))
22:53:36.905 [main] INFO  c.o.v.MutatingRemoveAllMarketDataOrdersVisitor - [ORDERBOOK] Removing market data order:MktData(price=98,quantity=501)
22:53:36.905 [main] INFO  c.o.v.MutatingRemoveAllMarketDataOrdersVisitor - [ORDERBOOK] Removing level:98
22:53:36.905 [main] INFO  c.o.v.MutatingRemoveAllMarketDataOrdersVisitor - [ORDERBOOK] Removing market data order:MktData(price=101,quantity=200)
22:53:36.905 [main] INFO  c.o.v.MutatingRemoveAllMarketDataOrdersVisitor - [ORDERBOOK] Removing level:101
22:53:36.905 [main] INFO  c.o.v.MutatingRemoveAllMarketDataOrdersVisitor - [ORDERBOOK] Removing market data order:MktData(price=110,quantity=5000)
22:53:36.905 [main] INFO  c.o.v.MutatingRemoveAllMarketDataOrdersVisitor - [ORDERBOOK] Removing level:110
22:53:36.905 [main] INFO  c.o.v.MutatingRemoveAllMarketDataOrdersVisitor - [ORDERBOOK] Removing market data order:MktData(price=119,quantity=5600)
22:53:36.905 [main] INFO  c.o.v.MutatingRemoveAllMarketDataOrdersVisitor - [ORDERBOOK] Removing level:119
22:53:36.905 [main] INFO  c.o.v.MutatingRemoveAllMarketDataOrdersVisitor - [ORDERBOOK] Removing market data order:MktData(price=123,quantity=453)
22:53:36.905 [main] INFO  c.o.v.MutatingRemoveAllMarketDataOrdersVisitor - [ORDERBOOK] Removing level:123
22:53:36.905 [main] INFO  c.o.v.MutatingRemoveAllMarketDataOrdersVisitor - [ORDERBOOK] Removing market data order:MktData(price=144,quantity=645)
22:53:36.905 [main] INFO  c.o.v.MutatingRemoveAllMarketDataOrdersVisitor - [ORDERBOOK] Removing level:144
22:53:36.905 [main] INFO  c.o.v.MutatingRemoveAllMarketDataOrdersVisitor - [ORDERBOOK] Removing market data order:MktData(price=167,quantity=665)
22:53:36.905 [main] INFO  c.o.v.MutatingRemoveAllMarketDataOrdersVisitor - [ORDERBOOK] Removing level:167
22:53:36.905 [main] DEBUG c.orderbook.OrderBook - [ORDERBOOK] ASK: Adding orderMktData(price=98,quantity=501)
22:53:36.905 [main] DEBUG c.orderbook.OrderBook - [ORDERBOOK] ASK: Adding orderMktData(price=101,quantity=200)
22:53:36.905 [main] DEBUG c.orderbook.OrderBook - [ORDERBOOK] ASK: Adding orderMktData(price=110,quantity=5000)
22:53:36.905 [main] DEBUG c.orderbook.OrderBook - [ORDERBOOK] ASK: Adding orderMktData(price=119,quantity=5600)
22:53:36.905 [main] DEBUG c.orderbook.OrderBook - [ORDERBOOK] ASK: Adding orderMktData(price=123,quantity=453)
22:53:36.905 [main] DEBUG c.orderbook.OrderBook - [ORDERBOOK] ASK: Adding orderMktData(price=144,quantity=645)
22:53:36.905 [main] DEBUG c.orderbook.OrderBook - [ORDERBOOK] ASK: Adding orderMktData(price=167,quantity=665)
22:53:36.905 [main] DEBUG c.service.MarketDataService - [ALGO] BID: price:43 quantity:134
22:53:36.905 [main] DEBUG c.service.MarketDataService - [ALGO] BID: price:76 quantity:145
22:53:36.905 [main] DEBUG c.service.MarketDataService - [ALGO] BID: price:91 quantity:300
22:53:36.905 [main] DEBUG c.service.MarketDataService - [ALGO] BID: price:93 quantity:200
22:53:36.905 [main] DEBUG c.service.MarketDataService - [ALGO] BID: price:95 quantity:100
22:53:36.905 [main] DEBUG c.service.MarketDataService - [ALGO] BID: price:98 quantity:154
22:53:36.905 [main] DEBUG c.service.MarketDataService - [ALGO] ASK: price:98 quantity:501
22:53:36.905 [main] DEBUG c.service.MarketDataService - [ALGO] ASK: price:101 quantity:200
22:53:36.905 [main] DEBUG c.service.MarketDataService - [ALGO] ASK: price:110 quantity:5000
22:53:36.905 [main] DEBUG c.service.MarketDataService - [ALGO] ASK: price:119 quantity:5600
22:53:36.905 [main] DEBUG c.service.MarketDataService - [ALGO] ASK: price:123 quantity:453
22:53:36.905 [main] DEBUG c.service.MarketDataService - [ALGO] ASK: price:144 quantity:645
22:53:36.905 [main] DEBUG c.service.MarketDataService - [ALGO] ASK: price:167 quantity:665
22:53:36.905 [main] INFO  c.gettingstarted.MyAlgoLogic - [MYALGO] The state of the order book is:
|----BID-----||----ASK----|
    134 @ 43    501 @ 98
    145 @ 76   200 @ 101
    300 @ 91  5000 @ 110
    200 @ 93  5600 @ 119
    100 @ 95   453 @ 123
    154 @ 98   645 @ 144
          -    665 @ 167
|------------||-----------|

22:53:36.905 [main] INFO  c.gettingstarted.MyAlgoLogic - [MYALGO] Algo Sees Book as: 
|----BID-----||----ASK----|
    134 @ 43    501 @ 98
    145 @ 76   200 @ 101
    300 @ 91  5000 @ 110
    200 @ 93  5600 @ 119
    100 @ 95   453 @ 123
    154 @ 98   645 @ 144
          -    665 @ 167
|------------||-----------|

22:53:36.905 [main] INFO  c.gettingstarted.TimedLogic - [TIMEDLOGIC] Market is closed
22:53:36.905 [main] INFO  c.sequencer.consumer.LoggingConsumer - [64] 
|----BID-----|
    134 @ 43
    145 @ 76
    300 @ 91
    200 @ 93
    100 @ 95
    154 @ 98
|----ASK-----|
    501 @ 98
   200 @ 101
  5000 @ 110
  5600 @ 119
   453 @ 123
   645 @ 144
   665 @ 167

22:53:36.905 [main] INFO  c.orderbook.OrderBook - [ORDERBOOK] Processing Mkt Data Update
22:53:36.905 [main] INFO  c.o.v.MutatingRemoveAllMarketDataOrdersVisitor - [ORDERBOOK] Removing market data order:MktData(price=43,quantity=134)
22:53:36.905 [main] INFO  c.o.v.MutatingRemoveAllMarketDataOrdersVisitor - [ORDERBOOK] Removing level:43
22:53:36.905 [main] DEBUG c.orderbook.OrderBook - [ORDERBOOK] ASK: Adding orderMktData(price=43,quantity=134)
22:53:36.905 [main] DEBUG c.orderbook.OrderBook - [ORDERBOOK] ASK: Adding orderMktData(price=76,quantity=145)
22:53:36.905 [main] DEBUG c.orderbook.OrderBook - [ORDERBOOK] ASK: Adding orderMktData(price=91,quantity=300)
22:53:36.905 [main] DEBUG c.orderbook.OrderBook - [ORDERBOOK] ASK: Adding orderMktData(price=93,quantity=200)
22:53:36.905 [main] DEBUG c.orderbook.OrderBook - [ORDERBOOK] ASK: Adding orderMktData(price=95,quantity=100)
22:53:36.905 [main] DEBUG c.orderbook.OrderBook - [ORDERBOOK] ASK: Adding orderMktData(price=98,quantity=154)
22:53:36.905 [main] INFO  c.o.v.MutatingMatchOneMarketDataOrderVisitor - [ORDERBOOK] visiting LevelOrderBookLevel(price=43,quantity=134)
22:53:36.905 [main] INFO  c.o.v.MutatingMatchOneMarketDataOrderVisitor - [ORDERBOOK] Can't match order:MktData(price=43,quantity=134)(MktData(price=98,quantity=154))
22:53:36.905 [main] INFO  c.o.v.MutatingRemoveAllMarketDataOrdersVisitor - [ORDERBOOK] Removing market data order:MktData(price=98,quantity=501)
22:53:36.905 [main] INFO  c.o.v.MutatingRemoveAllMarketDataOrdersVisitor - [ORDERBOOK] Removing level:98
22:53:36.905 [main] INFO  c.o.v.MutatingRemoveAllMarketDataOrdersVisitor - [ORDERBOOK] Removing market data order:MktData(price=101,quantity=200)
22:53:36.905 [main] INFO  c.o.v.MutatingRemoveAllMarketDataOrdersVisitor - [ORDERBOOK] Removing level:101
22:53:36.905 [main] INFO  c.o.v.MutatingRemoveAllMarketDataOrdersVisitor - [ORDERBOOK] Removing market data order:MktData(price=110,quantity=5000)
22:53:36.905 [main] INFO  c.o.v.MutatingRemoveAllMarketDataOrdersVisitor - [ORDERBOOK] Removing level:110
22:53:36.905 [main] INFO  c.o.v.MutatingRemoveAllMarketDataOrdersVisitor - [ORDERBOOK] Removing market data order:MktData(price=119,quantity=5600)
22:53:36.905 [main] INFO  c.o.v.MutatingRemoveAllMarketDataOrdersVisitor - [ORDERBOOK] Removing level:119
22:53:36.905 [main] INFO  c.o.v.MutatingRemoveAllMarketDataOrdersVisitor - [ORDERBOOK] Removing market data order:MktData(price=123,quantity=453)
22:53:36.905 [main] INFO  c.o.v.MutatingRemoveAllMarketDataOrdersVisitor - [ORDERBOOK] Removing level:123
22:53:36.905 [main] INFO  c.o.v.MutatingRemoveAllMarketDataOrdersVisitor - [ORDERBOOK] Removing market data order:MktData(price=144,quantity=645)
22:53:36.905 [main] INFO  c.o.v.MutatingRemoveAllMarketDataOrdersVisitor - [ORDERBOOK] Removing level:144
22:53:36.905 [main] INFO  c.o.v.MutatingRemoveAllMarketDataOrdersVisitor - [ORDERBOOK] Removing market data order:MktData(price=167,quantity=665)
22:53:36.905 [main] INFO  c.o.v.MutatingRemoveAllMarketDataOrdersVisitor - [ORDERBOOK] Removing level:167
22:53:36.905 [main] DEBUG c.orderbook.OrderBook - [ORDERBOOK] ASK: Adding orderMktData(price=98,quantity=501)
22:53:36.905 [main] DEBUG c.orderbook.OrderBook - [ORDERBOOK] ASK: Adding orderMktData(price=101,quantity=200)
22:53:36.905 [main] DEBUG c.orderbook.OrderBook - [ORDERBOOK] ASK: Adding orderMktData(price=110,quantity=5000)
22:53:36.905 [main] DEBUG c.orderbook.OrderBook - [ORDERBOOK] ASK: Adding orderMktData(price=119,quantity=5600)
22:53:36.905 [main] DEBUG c.orderbook.OrderBook - [ORDERBOOK] ASK: Adding orderMktData(price=123,quantity=453)
22:53:36.905 [main] DEBUG c.orderbook.OrderBook - [ORDERBOOK] ASK: Adding orderMktData(price=144,quantity=645)
22:53:36.905 [main] DEBUG c.orderbook.OrderBook - [ORDERBOOK] ASK: Adding orderMktData(price=167,quantity=665)
22:53:36.905 [main] DEBUG c.service.MarketDataService - [ALGO] BID: price:43 quantity:134
22:53:36.905 [main] DEBUG c.service.MarketDataService - [ALGO] BID: price:76 quantity:145
22:53:36.905 [main] DEBUG c.service.MarketDataService - [ALGO] BID: price:91 quantity:300
22:53:36.905 [main] DEBUG c.service.MarketDataService - [ALGO] BID: price:93 quantity:200
22:53:36.905 [main] DEBUG c.service.MarketDataService - [ALGO] BID: price:95 quantity:100
22:53:36.905 [main] DEBUG c.service.MarketDataService - [ALGO] BID: price:98 quantity:154
22:53:36.905 [main] DEBUG c.service.MarketDataService - [ALGO] ASK: price:98 quantity:501
22:53:36.905 [main] DEBUG c.service.MarketDataService - [ALGO] ASK: price:101 quantity:200
22:53:36.905 [main] DEBUG c.service.MarketDataService - [ALGO] ASK: price:110 quantity:5000
22:53:36.905 [main] DEBUG c.service.MarketDataService - [ALGO] ASK: price:119 quantity:5600
22:53:36.905 [main] DEBUG c.service.MarketDataService - [ALGO] ASK: price:123 quantity:453
22:53:36.905 [main] DEBUG c.service.MarketDataService - [ALGO] ASK: price:144 quantity:645
22:53:36.905 [main] DEBUG c.service.MarketDataService - [ALGO] ASK: price:167 quantity:665
22:53:36.905 [main] INFO  c.gettingstarted.MyAlgoLogic - [MYALGO] The state of the order book is:
|----BID-----||----ASK----|
    134 @ 43    501 @ 98
    145 @ 76   200 @ 101
    300 @ 91  5000 @ 110
    200 @ 93  5600 @ 119
    100 @ 95   453 @ 123
    154 @ 98   645 @ 144
          -    665 @ 167
|------------||-----------|

22:53:36.905 [main] INFO  c.gettingstarted.MyAlgoLogic - [MYALGO] Algo Sees Book as: 
|----BID-----||----ASK----|
    134 @ 43    501 @ 98
    145 @ 76   200 @ 101
    300 @ 91  5000 @ 110
    200 @ 93  5600 @ 119
    100 @ 95   453 @ 123
    154 @ 98   645 @ 144
          -    665 @ 167
|------------||-----------|

22:53:36.905 [main] INFO  c.gettingstarted.TimedLogic - [TIMEDLOGIC] Market is closed
22:53:36.905 [main] INFO  c.sequencer.consumer.LoggingConsumer - [65] 
|----BID-----|
    134 @ 43
    145 @ 76
    300 @ 91
    200 @ 93
    100 @ 95
    154 @ 98
|----ASK-----|
    501 @ 98
   200 @ 101
  5000 @ 110
  5600 @ 119
   453 @ 123
   645 @ 144
   665 @ 167

22:53:36.905 [main] INFO  c.orderbook.OrderBook - [ORDERBOOK] Processing Mkt Data Update
22:53:36.905 [main] INFO  c.o.v.MutatingRemoveAllMarketDataOrdersVisitor - [ORDERBOOK] Removing market data order:MktData(price=43,quantity=134)
22:53:36.905 [main] INFO  c.o.v.MutatingRemoveAllMarketDataOrdersVisitor - [ORDERBOOK] Removing level:43
22:53:36.905 [main] DEBUG c.orderbook.OrderBook - [ORDERBOOK] ASK: Adding orderMktData(price=43,quantity=134)
22:53:36.905 [main] DEBUG c.orderbook.OrderBook - [ORDERBOOK] ASK: Adding orderMktData(price=76,quantity=145)
22:53:36.905 [main] DEBUG c.orderbook.OrderBook - [ORDERBOOK] ASK: Adding orderMktData(price=91,quantity=300)
22:53:36.905 [main] DEBUG c.orderbook.OrderBook - [ORDERBOOK] ASK: Adding orderMktData(price=93,quantity=200)
22:53:36.905 [main] DEBUG c.orderbook.OrderBook - [ORDERBOOK] ASK: Adding orderMktData(price=95,quantity=100)
22:53:36.905 [main] DEBUG c.orderbook.OrderBook - [ORDERBOOK] ASK: Adding orderMktData(price=98,quantity=154)
22:53:36.905 [main] INFO  c.o.v.MutatingMatchOneMarketDataOrderVisitor - [ORDERBOOK] visiting LevelOrderBookLevel(price=43,quantity=134)
22:53:36.905 [main] INFO  c.o.v.MutatingMatchOneMarketDataOrderVisitor - [ORDERBOOK] Can't match order:MktData(price=43,quantity=134)(MktData(price=98,quantity=154))
22:53:36.905 [main] INFO  c.o.v.MutatingRemoveAllMarketDataOrdersVisitor - [ORDERBOOK] Removing market data order:MktData(price=98,quantity=501)
22:53:36.905 [main] INFO  c.o.v.MutatingRemoveAllMarketDataOrdersVisitor - [ORDERBOOK] Removing level:98
22:53:36.905 [main] INFO  c.o.v.MutatingRemoveAllMarketDataOrdersVisitor - [ORDERBOOK] Removing market data order:MktData(price=101,quantity=200)
22:53:36.905 [main] INFO  c.o.v.MutatingRemoveAllMarketDataOrdersVisitor - [ORDERBOOK] Removing level:101
22:53:36.905 [main] INFO  c.o.v.MutatingRemoveAllMarketDataOrdersVisitor - [ORDERBOOK] Removing market data order:MktData(price=110,quantity=5000)
22:53:36.905 [main] INFO  c.o.v.MutatingRemoveAllMarketDataOrdersVisitor - [ORDERBOOK] Removing level:110
22:53:36.905 [main] INFO  c.o.v.MutatingRemoveAllMarketDataOrdersVisitor - [ORDERBOOK] Removing market data order:MktData(price=119,quantity=5600)
22:53:36.905 [main] INFO  c.o.v.MutatingRemoveAllMarketDataOrdersVisitor - [ORDERBOOK] Removing level:119
22:53:36.905 [main] INFO  c.o.v.MutatingRemoveAllMarketDataOrdersVisitor - [ORDERBOOK] Removing market data order:MktData(price=123,quantity=453)
22:53:36.905 [main] INFO  c.o.v.MutatingRemoveAllMarketDataOrdersVisitor - [ORDERBOOK] Removing level:123
22:53:36.905 [main] INFO  c.o.v.MutatingRemoveAllMarketDataOrdersVisitor - [ORDERBOOK] Removing market data order:MktData(price=144,quantity=645)
22:53:36.905 [main] INFO  c.o.v.MutatingRemoveAllMarketDataOrdersVisitor - [ORDERBOOK] Removing level:144
22:53:36.905 [main] INFO  c.o.v.MutatingRemoveAllMarketDataOrdersVisitor - [ORDERBOOK] Removing market data order:MktData(price=167,quantity=665)
22:53:36.905 [main] INFO  c.o.v.MutatingRemoveAllMarketDataOrdersVisitor - [ORDERBOOK] Removing level:167
22:53:36.905 [main] DEBUG c.orderbook.OrderBook - [ORDERBOOK] ASK: Adding orderMktData(price=98,quantity=501)
22:53:36.905 [main] DEBUG c.orderbook.OrderBook - [ORDERBOOK] ASK: Adding orderMktData(price=101,quantity=200)
22:53:36.905 [main] DEBUG c.orderbook.OrderBook - [ORDERBOOK] ASK: Adding orderMktData(price=110,quantity=5000)
22:53:36.905 [main] DEBUG c.orderbook.OrderBook - [ORDERBOOK] ASK: Adding orderMktData(price=119,quantity=5600)
22:53:36.905 [main] DEBUG c.orderbook.OrderBook - [ORDERBOOK] ASK: Adding orderMktData(price=123,quantity=453)
22:53:36.905 [main] DEBUG c.orderbook.OrderBook - [ORDERBOOK] ASK: Adding orderMktData(price=144,quantity=645)
22:53:36.905 [main] DEBUG c.orderbook.OrderBook - [ORDERBOOK] ASK: Adding orderMktData(price=167,quantity=665)
22:53:36.905 [main] DEBUG c.service.MarketDataService - [ALGO] BID: price:43 quantity:134
22:53:36.905 [main] DEBUG c.service.MarketDataService - [ALGO] BID: price:76 quantity:145
22:53:36.905 [main] DEBUG c.service.MarketDataService - [ALGO] BID: price:91 quantity:300
22:53:36.905 [main] DEBUG c.service.MarketDataService - [ALGO] BID: price:93 quantity:200
22:53:36.905 [main] DEBUG c.service.MarketDataService - [ALGO] BID: price:95 quantity:100
22:53:36.905 [main] DEBUG c.service.MarketDataService - [ALGO] BID: price:98 quantity:154
22:53:36.905 [main] DEBUG c.service.MarketDataService - [ALGO] ASK: price:98 quantity:501
22:53:36.905 [main] DEBUG c.service.MarketDataService - [ALGO] ASK: price:101 quantity:200
22:53:36.905 [main] DEBUG c.service.MarketDataService - [ALGO] ASK: price:110 quantity:5000
22:53:36.905 [main] DEBUG c.service.MarketDataService - [ALGO] ASK: price:119 quantity:5600
22:53:36.905 [main] DEBUG c.service.MarketDataService - [ALGO] ASK: price:123 quantity:453
22:53:36.905 [main] DEBUG c.service.MarketDataService - [ALGO] ASK: price:144 quantity:645
22:53:36.905 [main] DEBUG c.service.MarketDataService - [ALGO] ASK: price:167 quantity:665
22:53:36.905 [main] INFO  c.gettingstarted.MyAlgoLogic - [MYALGO] The state of the order book is:
|----BID-----||----ASK----|
    134 @ 43    501 @ 98
    145 @ 76   200 @ 101
    300 @ 91  5000 @ 110
    200 @ 93  5600 @ 119
    100 @ 95   453 @ 123
    154 @ 98   645 @ 144
          -    665 @ 167
|------------||-----------|

22:53:36.905 [main] INFO  c.gettingstarted.MyAlgoLogic - [MYALGO] Algo Sees Book as: 
|----BID-----||----ASK----|
    134 @ 43    501 @ 98
    145 @ 76   200 @ 101
    300 @ 91  5000 @ 110
    200 @ 93  5600 @ 119
    100 @ 95   453 @ 123
    154 @ 98   645 @ 144
          -    665 @ 167
|------------||-----------|

22:53:36.905 [main] INFO  c.gettingstarted.TimedLogic - [TIMEDLOGIC] Market is closed
22:53:36.905 [main] INFO  c.sequencer.consumer.LoggingConsumer - [66] 
|----BID-----|
    134 @ 43
    145 @ 76
    300 @ 91
    200 @ 93
    100 @ 95
    154 @ 98
|----ASK-----|
    501 @ 98
   200 @ 101
  5000 @ 110
  5600 @ 119
   453 @ 123
   645 @ 144
   665 @ 167

22:53:36.905 [main] INFO  c.orderbook.OrderBook - [ORDERBOOK] Processing Mkt Data Update
22:53:36.905 [main] INFO  c.o.v.MutatingRemoveAllMarketDataOrdersVisitor - [ORDERBOOK] Removing market data order:MktData(price=43,quantity=134)
22:53:36.905 [main] INFO  c.o.v.MutatingRemoveAllMarketDataOrdersVisitor - [ORDERBOOK] Removing level:43
22:53:36.905 [main] DEBUG c.orderbook.OrderBook - [ORDERBOOK] ASK: Adding orderMktData(price=43,quantity=134)
22:53:36.905 [main] DEBUG c.orderbook.OrderBook - [ORDERBOOK] ASK: Adding orderMktData(price=76,quantity=145)
22:53:36.905 [main] DEBUG c.orderbook.OrderBook - [ORDERBOOK] ASK: Adding orderMktData(price=91,quantity=300)
22:53:36.905 [main] DEBUG c.orderbook.OrderBook - [ORDERBOOK] ASK: Adding orderMktData(price=93,quantity=200)
22:53:36.905 [main] DEBUG c.orderbook.OrderBook - [ORDERBOOK] ASK: Adding orderMktData(price=95,quantity=100)
22:53:36.905 [main] DEBUG c.orderbook.OrderBook - [ORDERBOOK] ASK: Adding orderMktData(price=98,quantity=154)
22:53:36.905 [main] INFO  c.o.v.MutatingMatchOneMarketDataOrderVisitor - [ORDERBOOK] visiting LevelOrderBookLevel(price=43,quantity=134)
22:53:36.905 [main] INFO  c.o.v.MutatingMatchOneMarketDataOrderVisitor - [ORDERBOOK] Can't match order:MktData(price=43,quantity=134)(MktData(price=98,quantity=154))
22:53:36.905 [main] INFO  c.o.v.MutatingRemoveAllMarketDataOrdersVisitor - [ORDERBOOK] Removing market data order:MktData(price=98,quantity=501)
22:53:36.905 [main] INFO  c.o.v.MutatingRemoveAllMarketDataOrdersVisitor - [ORDERBOOK] Removing level:98
22:53:36.905 [main] INFO  c.o.v.MutatingRemoveAllMarketDataOrdersVisitor - [ORDERBOOK] Removing market data order:MktData(price=101,quantity=200)
22:53:36.905 [main] INFO  c.o.v.MutatingRemoveAllMarketDataOrdersVisitor - [ORDERBOOK] Removing level:101
22:53:36.905 [main] INFO  c.o.v.MutatingRemoveAllMarketDataOrdersVisitor - [ORDERBOOK] Removing market data order:MktData(price=110,quantity=5000)
22:53:36.905 [main] INFO  c.o.v.MutatingRemoveAllMarketDataOrdersVisitor - [ORDERBOOK] Removing level:110
22:53:36.905 [main] INFO  c.o.v.MutatingRemoveAllMarketDataOrdersVisitor - [ORDERBOOK] Removing market data order:MktData(price=119,quantity=5600)
22:53:36.905 [main] INFO  c.o.v.MutatingRemoveAllMarketDataOrdersVisitor - [ORDERBOOK] Removing level:119
22:53:36.905 [main] INFO  c.o.v.MutatingRemoveAllMarketDataOrdersVisitor - [ORDERBOOK] Removing market data order:MktData(price=123,quantity=453)
22:53:36.905 [main] INFO  c.o.v.MutatingRemoveAllMarketDataOrdersVisitor - [ORDERBOOK] Removing level:123
22:53:36.905 [main] INFO  c.o.v.MutatingRemoveAllMarketDataOrdersVisitor - [ORDERBOOK] Removing market data order:MktData(price=144,quantity=645)
22:53:36.905 [main] INFO  c.o.v.MutatingRemoveAllMarketDataOrdersVisitor - [ORDERBOOK] Removing level:144
22:53:36.905 [main] INFO  c.o.v.MutatingRemoveAllMarketDataOrdersVisitor - [ORDERBOOK] Removing market data order:MktData(price=167,quantity=665)
22:53:36.905 [main] INFO  c.o.v.MutatingRemoveAllMarketDataOrdersVisitor - [ORDERBOOK] Removing level:167
22:53:36.905 [main] DEBUG c.orderbook.OrderBook - [ORDERBOOK] ASK: Adding orderMktData(price=98,quantity=501)
22:53:36.905 [main] DEBUG c.orderbook.OrderBook - [ORDERBOOK] ASK: Adding orderMktData(price=101,quantity=200)
22:53:36.905 [main] DEBUG c.orderbook.OrderBook - [ORDERBOOK] ASK: Adding orderMktData(price=110,quantity=5000)
22:53:36.905 [main] DEBUG c.orderbook.OrderBook - [ORDERBOOK] ASK: Adding orderMktData(price=119,quantity=5600)
22:53:36.905 [main] DEBUG c.orderbook.OrderBook - [ORDERBOOK] ASK: Adding orderMktData(price=123,quantity=453)
22:53:36.905 [main] DEBUG c.orderbook.OrderBook - [ORDERBOOK] ASK: Adding orderMktData(price=144,quantity=645)
22:53:36.905 [main] DEBUG c.orderbook.OrderBook - [ORDERBOOK] ASK: Adding orderMktData(price=167,quantity=665)
22:53:36.905 [main] DEBUG c.service.MarketDataService - [ALGO] BID: price:43 quantity:134
22:53:36.905 [main] DEBUG c.service.MarketDataService - [ALGO] BID: price:76 quantity:145
22:53:36.905 [main] DEBUG c.service.MarketDataService - [ALGO] BID: price:91 quantity:300
22:53:36.905 [main] DEBUG c.service.MarketDataService - [ALGO] BID: price:93 quantity:200
22:53:36.905 [main] DEBUG c.service.MarketDataService - [ALGO] BID: price:95 quantity:100
22:53:36.905 [main] DEBUG c.service.MarketDataService - [ALGO] BID: price:98 quantity:154
22:53:36.905 [main] DEBUG c.service.MarketDataService - [ALGO] ASK: price:98 quantity:501
22:53:36.905 [main] DEBUG c.service.MarketDataService - [ALGO] ASK: price:101 quantity:200
22:53:36.905 [main] DEBUG c.service.MarketDataService - [ALGO] ASK: price:110 quantity:5000
22:53:36.905 [main] DEBUG c.service.MarketDataService - [ALGO] ASK: price:119 quantity:5600
22:53:36.905 [main] DEBUG c.service.MarketDataService - [ALGO] ASK: price:123 quantity:453
22:53:36.905 [main] DEBUG c.service.MarketDataService - [ALGO] ASK: price:144 quantity:645
22:53:36.905 [main] DEBUG c.service.MarketDataService - [ALGO] ASK: price:167 quantity:665
22:53:36.905 [main] INFO  c.gettingstarted.MyAlgoLogic - [MYALGO] The state of the order book is:
|----BID-----||----ASK----|
    134 @ 43    501 @ 98
    145 @ 76   200 @ 101
    300 @ 91  5000 @ 110
    200 @ 93  5600 @ 119
    100 @ 95   453 @ 123
    154 @ 98   645 @ 144
          -    665 @ 167
|------------||-----------|

22:53:36.905 [main] INFO  c.gettingstarted.MyAlgoLogic - [MYALGO] Algo Sees Book as: 
|----BID-----||----ASK----|
    134 @ 43    501 @ 98
    145 @ 76   200 @ 101
    300 @ 91  5000 @ 110
    200 @ 93  5600 @ 119
    100 @ 95   453 @ 123
    154 @ 98   645 @ 144
          -    665 @ 167
|------------||-----------|

22:53:36.905 [main] INFO  c.gettingstarted.TimedLogic - [TIMEDLOGIC] Market is closed
22:53:36.905 [main] INFO  c.sequencer.consumer.LoggingConsumer - [67] 
|----BID-----|
    134 @ 43
    145 @ 76
    300 @ 91
    200 @ 93
    100 @ 95
    154 @ 98
|----ASK-----|
    501 @ 98
   200 @ 101
  5000 @ 110
  5600 @ 119
   453 @ 123
   645 @ 144
   665 @ 167

22:53:36.905 [main] INFO  c.orderbook.OrderBook - [ORDERBOOK] Processing Mkt Data Update
22:53:36.905 [main] INFO  c.o.v.MutatingRemoveAllMarketDataOrdersVisitor - [ORDERBOOK] Removing market data order:MktData(price=43,quantity=134)
22:53:36.905 [main] INFO  c.o.v.MutatingRemoveAllMarketDataOrdersVisitor - [ORDERBOOK] Removing level:43
22:53:36.905 [main] DEBUG c.orderbook.OrderBook - [ORDERBOOK] ASK: Adding orderMktData(price=43,quantity=134)
22:53:36.905 [main] DEBUG c.orderbook.OrderBook - [ORDERBOOK] ASK: Adding orderMktData(price=76,quantity=145)
22:53:36.905 [main] DEBUG c.orderbook.OrderBook - [ORDERBOOK] ASK: Adding orderMktData(price=91,quantity=300)
22:53:36.905 [main] DEBUG c.orderbook.OrderBook - [ORDERBOOK] ASK: Adding orderMktData(price=93,quantity=200)
22:53:36.905 [main] DEBUG c.orderbook.OrderBook - [ORDERBOOK] ASK: Adding orderMktData(price=95,quantity=100)
22:53:36.905 [main] DEBUG c.orderbook.OrderBook - [ORDERBOOK] ASK: Adding orderMktData(price=98,quantity=154)
22:53:36.905 [main] INFO  c.o.v.MutatingMatchOneMarketDataOrderVisitor - [ORDERBOOK] visiting LevelOrderBookLevel(price=43,quantity=134)
22:53:36.905 [main] INFO  c.o.v.MutatingMatchOneMarketDataOrderVisitor - [ORDERBOOK] Can't match order:MktData(price=43,quantity=134)(MktData(price=98,quantity=154))
22:53:36.905 [main] INFO  c.o.v.MutatingRemoveAllMarketDataOrdersVisitor - [ORDERBOOK] Removing market data order:MktData(price=98,quantity=501)
22:53:36.905 [main] INFO  c.o.v.MutatingRemoveAllMarketDataOrdersVisitor - [ORDERBOOK] Removing level:98
22:53:36.905 [main] INFO  c.o.v.MutatingRemoveAllMarketDataOrdersVisitor - [ORDERBOOK] Removing market data order:MktData(price=101,quantity=200)
22:53:36.905 [main] INFO  c.o.v.MutatingRemoveAllMarketDataOrdersVisitor - [ORDERBOOK] Removing level:101
22:53:36.905 [main] INFO  c.o.v.MutatingRemoveAllMarketDataOrdersVisitor - [ORDERBOOK] Removing market data order:MktData(price=110,quantity=5000)
22:53:36.905 [main] INFO  c.o.v.MutatingRemoveAllMarketDataOrdersVisitor - [ORDERBOOK] Removing level:110
22:53:36.905 [main] INFO  c.o.v.MutatingRemoveAllMarketDataOrdersVisitor - [ORDERBOOK] Removing market data order:MktData(price=119,quantity=5600)
22:53:36.905 [main] INFO  c.o.v.MutatingRemoveAllMarketDataOrdersVisitor - [ORDERBOOK] Removing level:119
22:53:36.905 [main] INFO  c.o.v.MutatingRemoveAllMarketDataOrdersVisitor - [ORDERBOOK] Removing market data order:MktData(price=123,quantity=453)
22:53:36.905 [main] INFO  c.o.v.MutatingRemoveAllMarketDataOrdersVisitor - [ORDERBOOK] Removing level:123
22:53:36.905 [main] INFO  c.o.v.MutatingRemoveAllMarketDataOrdersVisitor - [ORDERBOOK] Removing market data order:MktData(price=144,quantity=645)
22:53:36.905 [main] INFO  c.o.v.MutatingRemoveAllMarketDataOrdersVisitor - [ORDERBOOK] Removing level:144
22:53:36.905 [main] INFO  c.o.v.MutatingRemoveAllMarketDataOrdersVisitor - [ORDERBOOK] Removing market data order:MktData(price=167,quantity=665)
22:53:36.905 [main] INFO  c.o.v.MutatingRemoveAllMarketDataOrdersVisitor - [ORDERBOOK] Removing level:167
22:53:36.905 [main] DEBUG c.orderbook.OrderBook - [ORDERBOOK] ASK: Adding orderMktData(price=98,quantity=501)
22:53:36.905 [main] DEBUG c.orderbook.OrderBook - [ORDERBOOK] ASK: Adding orderMktData(price=101,quantity=200)
22:53:36.905 [main] DEBUG c.orderbook.OrderBook - [ORDERBOOK] ASK: Adding orderMktData(price=110,quantity=5000)
22:53:36.905 [main] DEBUG c.orderbook.OrderBook - [ORDERBOOK] ASK: Adding orderMktData(price=119,quantity=5600)
22:53:36.905 [main] DEBUG c.orderbook.OrderBook - [ORDERBOOK] ASK: Adding orderMktData(price=123,quantity=453)
22:53:36.905 [main] DEBUG c.orderbook.OrderBook - [ORDERBOOK] ASK: Adding orderMktData(price=144,quantity=645)
22:53:36.905 [main] DEBUG c.orderbook.OrderBook - [ORDERBOOK] ASK: Adding orderMktData(price=167,quantity=665)
22:53:36.905 [main] DEBUG c.service.MarketDataService - [ALGO] BID: price:43 quantity:134
22:53:36.905 [main] DEBUG c.service.MarketDataService - [ALGO] BID: price:76 quantity:145
22:53:36.905 [main] DEBUG c.service.MarketDataService - [ALGO] BID: price:91 quantity:300
22:53:36.905 [main] DEBUG c.service.MarketDataService - [ALGO] BID: price:93 quantity:200
22:53:36.905 [main] DEBUG c.service.MarketDataService - [ALGO] BID: price:95 quantity:100
22:53:36.905 [main] DEBUG c.service.MarketDataService - [ALGO] BID: price:98 quantity:154
22:53:36.905 [main] DEBUG c.service.MarketDataService - [ALGO] ASK: price:98 quantity:501
22:53:36.905 [main] DEBUG c.service.MarketDataService - [ALGO] ASK: price:101 quantity:200
22:53:36.905 [main] DEBUG c.service.MarketDataService - [ALGO] ASK: price:110 quantity:5000
22:53:36.905 [main] DEBUG c.service.MarketDataService - [ALGO] ASK: price:119 quantity:5600
22:53:36.905 [main] DEBUG c.service.MarketDataService - [ALGO] ASK: price:123 quantity:453
22:53:36.905 [main] DEBUG c.service.MarketDataService - [ALGO] ASK: price:144 quantity:645
22:53:36.905 [main] DEBUG c.service.MarketDataService - [ALGO] ASK: price:167 quantity:665
22:53:36.905 [main] INFO  c.gettingstarted.MyAlgoLogic - [MYALGO] The state of the order book is:
|----BID-----||----ASK----|
    134 @ 43    501 @ 98
    145 @ 76   200 @ 101
    300 @ 91  5000 @ 110
    200 @ 93  5600 @ 119
    100 @ 95   453 @ 123
    154 @ 98   645 @ 144
          -    665 @ 167
|------------||-----------|

22:53:36.905 [main] INFO  c.gettingstarted.MyAlgoLogic - [MYALGO] Algo Sees Book as: 
|----BID-----||----ASK----|
    134 @ 43    501 @ 98
    145 @ 76   200 @ 101
    300 @ 91  5000 @ 110
    200 @ 93  5600 @ 119
    100 @ 95   453 @ 123
    154 @ 98   645 @ 144
          -    665 @ 167
|------------||-----------|

22:53:36.905 [main] INFO  c.gettingstarted.TimedLogic - [TIMEDLOGIC] Market is closed
22:53:36.905 [main] INFO  c.sequencer.consumer.LoggingConsumer - [68] 
|----BID-----|
    134 @ 43
    145 @ 76
    300 @ 91
    200 @ 93
    100 @ 95
    154 @ 98
|----ASK-----|
    501 @ 98
   200 @ 101
  5000 @ 110
  5600 @ 119
   453 @ 123
   645 @ 144
   665 @ 167

22:53:36.905 [main] INFO  c.orderbook.OrderBook - [ORDERBOOK] Processing Mkt Data Update
22:53:36.905 [main] INFO  c.o.v.MutatingRemoveAllMarketDataOrdersVisitor - [ORDERBOOK] Removing market data order:MktData(price=43,quantity=134)
22:53:36.905 [main] INFO  c.o.v.MutatingRemoveAllMarketDataOrdersVisitor - [ORDERBOOK] Removing level:43
22:53:36.905 [main] DEBUG c.orderbook.OrderBook - [ORDERBOOK] ASK: Adding orderMktData(price=43,quantity=134)
22:53:36.905 [main] DEBUG c.orderbook.OrderBook - [ORDERBOOK] ASK: Adding orderMktData(price=76,quantity=145)
22:53:36.905 [main] DEBUG c.orderbook.OrderBook - [ORDERBOOK] ASK: Adding orderMktData(price=91,quantity=300)
22:53:36.905 [main] DEBUG c.orderbook.OrderBook - [ORDERBOOK] ASK: Adding orderMktData(price=93,quantity=200)
22:53:36.905 [main] DEBUG c.orderbook.OrderBook - [ORDERBOOK] ASK: Adding orderMktData(price=95,quantity=100)
22:53:36.905 [main] DEBUG c.orderbook.OrderBook - [ORDERBOOK] ASK: Adding orderMktData(price=98,quantity=154)
22:53:36.905 [main] INFO  c.o.v.MutatingMatchOneMarketDataOrderVisitor - [ORDERBOOK] visiting LevelOrderBookLevel(price=43,quantity=134)
22:53:36.905 [main] INFO  c.o.v.MutatingMatchOneMarketDataOrderVisitor - [ORDERBOOK] Can't match order:MktData(price=43,quantity=134)(MktData(price=98,quantity=154))
22:53:36.905 [main] INFO  c.o.v.MutatingRemoveAllMarketDataOrdersVisitor - [ORDERBOOK] Removing market data order:MktData(price=98,quantity=501)
22:53:36.905 [main] INFO  c.o.v.MutatingRemoveAllMarketDataOrdersVisitor - [ORDERBOOK] Removing level:98
22:53:36.905 [main] INFO  c.o.v.MutatingRemoveAllMarketDataOrdersVisitor - [ORDERBOOK] Removing market data order:MktData(price=101,quantity=200)
22:53:36.905 [main] INFO  c.o.v.MutatingRemoveAllMarketDataOrdersVisitor - [ORDERBOOK] Removing level:101
22:53:36.905 [main] INFO  c.o.v.MutatingRemoveAllMarketDataOrdersVisitor - [ORDERBOOK] Removing market data order:MktData(price=110,quantity=5000)
22:53:36.905 [main] INFO  c.o.v.MutatingRemoveAllMarketDataOrdersVisitor - [ORDERBOOK] Removing level:110
22:53:36.905 [main] INFO  c.o.v.MutatingRemoveAllMarketDataOrdersVisitor - [ORDERBOOK] Removing market data order:MktData(price=119,quantity=5600)
22:53:36.905 [main] INFO  c.o.v.MutatingRemoveAllMarketDataOrdersVisitor - [ORDERBOOK] Removing level:119
22:53:36.905 [main] INFO  c.o.v.MutatingRemoveAllMarketDataOrdersVisitor - [ORDERBOOK] Removing market data order:MktData(price=123,quantity=453)
22:53:36.905 [main] INFO  c.o.v.MutatingRemoveAllMarketDataOrdersVisitor - [ORDERBOOK] Removing level:123
22:53:36.905 [main] INFO  c.o.v.MutatingRemoveAllMarketDataOrdersVisitor - [ORDERBOOK] Removing market data order:MktData(price=144,quantity=645)
22:53:36.905 [main] INFO  c.o.v.MutatingRemoveAllMarketDataOrdersVisitor - [ORDERBOOK] Removing level:144
22:53:36.905 [main] INFO  c.o.v.MutatingRemoveAllMarketDataOrdersVisitor - [ORDERBOOK] Removing market data order:MktData(price=167,quantity=665)
22:53:36.905 [main] INFO  c.o.v.MutatingRemoveAllMarketDataOrdersVisitor - [ORDERBOOK] Removing level:167
22:53:36.905 [main] DEBUG c.orderbook.OrderBook - [ORDERBOOK] ASK: Adding orderMktData(price=98,quantity=501)
22:53:36.905 [main] DEBUG c.orderbook.OrderBook - [ORDERBOOK] ASK: Adding orderMktData(price=101,quantity=200)
22:53:36.905 [main] DEBUG c.orderbook.OrderBook - [ORDERBOOK] ASK: Adding orderMktData(price=110,quantity=5000)
22:53:36.905 [main] DEBUG c.orderbook.OrderBook - [ORDERBOOK] ASK: Adding orderMktData(price=119,quantity=5600)
22:53:36.905 [main] DEBUG c.orderbook.OrderBook - [ORDERBOOK] ASK: Adding orderMktData(price=123,quantity=453)
22:53:36.905 [main] DEBUG c.orderbook.OrderBook - [ORDERBOOK] ASK: Adding orderMktData(price=144,quantity=645)
22:53:36.905 [main] DEBUG c.orderbook.OrderBook - [ORDERBOOK] ASK: Adding orderMktData(price=167,quantity=665)
22:53:36.905 [main] DEBUG c.service.MarketDataService - [ALGO] BID: price:43 quantity:134
22:53:36.905 [main] DEBUG c.service.MarketDataService - [ALGO] BID: price:76 quantity:145
22:53:36.905 [main] DEBUG c.service.MarketDataService - [ALGO] BID: price:91 quantity:300
22:53:36.905 [main] DEBUG c.service.MarketDataService - [ALGO] BID: price:93 quantity:200
22:53:36.905 [main] DEBUG c.service.MarketDataService - [ALGO] BID: price:95 quantity:100
22:53:36.905 [main] DEBUG c.service.MarketDataService - [ALGO] BID: price:98 quantity:154
22:53:36.905 [main] DEBUG c.service.MarketDataService - [ALGO] ASK: price:98 quantity:501
22:53:36.905 [main] DEBUG c.service.MarketDataService - [ALGO] ASK: price:101 quantity:200
22:53:36.905 [main] DEBUG c.service.MarketDataService - [ALGO] ASK: price:110 quantity:5000
22:53:36.905 [main] DEBUG c.service.MarketDataService - [ALGO] ASK: price:119 quantity:5600
22:53:36.905 [main] DEBUG c.service.MarketDataService - [ALGO] ASK: price:123 quantity:453
22:53:36.905 [main] DEBUG c.service.MarketDataService - [ALGO] ASK: price:144 quantity:645
22:53:36.905 [main] DEBUG c.service.MarketDataService - [ALGO] ASK: price:167 quantity:665
22:53:36.905 [main] INFO  c.gettingstarted.MyAlgoLogic - [MYALGO] The state of the order book is:
|----BID-----||----ASK----|
    134 @ 43    501 @ 98
    145 @ 76   200 @ 101
    300 @ 91  5000 @ 110
    200 @ 93  5600 @ 119
    100 @ 95   453 @ 123
    154 @ 98   645 @ 144
          -    665 @ 167
|------------||-----------|

22:53:36.905 [main] INFO  c.gettingstarted.MyAlgoLogic - [MYALGO] Algo Sees Book as: 
|----BID-----||----ASK----|
    134 @ 43    501 @ 98
    145 @ 76   200 @ 101
    300 @ 91  5000 @ 110
    200 @ 93  5600 @ 119
    100 @ 95   453 @ 123
    154 @ 98   645 @ 144
          -    665 @ 167
|------------||-----------|

22:53:36.905 [main] INFO  c.gettingstarted.TimedLogic - [TIMEDLOGIC] Market is closed
22:53:36.905 [main] INFO  c.sequencer.consumer.LoggingConsumer - [69] 
|----BID-----|
    134 @ 43
    145 @ 76
    300 @ 91
    200 @ 93
    100 @ 95
    154 @ 98
|----ASK-----|
    501 @ 98
   200 @ 101
  5000 @ 110
  5600 @ 119
   453 @ 123
   645 @ 144
   665 @ 167

22:53:36.905 [main] INFO  c.orderbook.OrderBook - [ORDERBOOK] Processing Mkt Data Update
22:53:36.905 [main] INFO  c.o.v.MutatingRemoveAllMarketDataOrdersVisitor - [ORDERBOOK] Removing market data order:MktData(price=43,quantity=134)
22:53:36.905 [main] INFO  c.o.v.MutatingRemoveAllMarketDataOrdersVisitor - [ORDERBOOK] Removing level:43
22:53:36.905 [main] DEBUG c.orderbook.OrderBook - [ORDERBOOK] ASK: Adding orderMktData(price=43,quantity=134)
22:53:36.905 [main] DEBUG c.orderbook.OrderBook - [ORDERBOOK] ASK: Adding orderMktData(price=76,quantity=145)
22:53:36.905 [main] DEBUG c.orderbook.OrderBook - [ORDERBOOK] ASK: Adding orderMktData(price=91,quantity=300)
22:53:36.905 [main] DEBUG c.orderbook.OrderBook - [ORDERBOOK] ASK: Adding orderMktData(price=93,quantity=200)
22:53:36.905 [main] DEBUG c.orderbook.OrderBook - [ORDERBOOK] ASK: Adding orderMktData(price=95,quantity=100)
22:53:36.905 [main] DEBUG c.orderbook.OrderBook - [ORDERBOOK] ASK: Adding orderMktData(price=98,quantity=154)
22:53:36.905 [main] INFO  c.o.v.MutatingMatchOneMarketDataOrderVisitor - [ORDERBOOK] visiting LevelOrderBookLevel(price=43,quantity=134)
22:53:36.905 [main] INFO  c.o.v.MutatingMatchOneMarketDataOrderVisitor - [ORDERBOOK] Can't match order:MktData(price=43,quantity=134)(MktData(price=98,quantity=154))
22:53:36.905 [main] INFO  c.o.v.MutatingRemoveAllMarketDataOrdersVisitor - [ORDERBOOK] Removing market data order:MktData(price=98,quantity=501)
22:53:36.905 [main] INFO  c.o.v.MutatingRemoveAllMarketDataOrdersVisitor - [ORDERBOOK] Removing level:98
22:53:36.905 [main] INFO  c.o.v.MutatingRemoveAllMarketDataOrdersVisitor - [ORDERBOOK] Removing market data order:MktData(price=101,quantity=200)
22:53:36.905 [main] INFO  c.o.v.MutatingRemoveAllMarketDataOrdersVisitor - [ORDERBOOK] Removing level:101
22:53:36.905 [main] INFO  c.o.v.MutatingRemoveAllMarketDataOrdersVisitor - [ORDERBOOK] Removing market data order:MktData(price=110,quantity=5000)
22:53:36.905 [main] INFO  c.o.v.MutatingRemoveAllMarketDataOrdersVisitor - [ORDERBOOK] Removing level:110
22:53:36.905 [main] INFO  c.o.v.MutatingRemoveAllMarketDataOrdersVisitor - [ORDERBOOK] Removing market data order:MktData(price=119,quantity=5600)
22:53:36.905 [main] INFO  c.o.v.MutatingRemoveAllMarketDataOrdersVisitor - [ORDERBOOK] Removing level:119
22:53:36.905 [main] INFO  c.o.v.MutatingRemoveAllMarketDataOrdersVisitor - [ORDERBOOK] Removing market data order:MktData(price=123,quantity=453)
22:53:36.905 [main] INFO  c.o.v.MutatingRemoveAllMarketDataOrdersVisitor - [ORDERBOOK] Removing level:123
22:53:36.905 [main] INFO  c.o.v.MutatingRemoveAllMarketDataOrdersVisitor - [ORDERBOOK] Removing market data order:MktData(price=144,quantity=645)
22:53:36.905 [main] INFO  c.o.v.MutatingRemoveAllMarketDataOrdersVisitor - [ORDERBOOK] Removing level:144
22:53:36.905 [main] INFO  c.o.v.MutatingRemoveAllMarketDataOrdersVisitor - [ORDERBOOK] Removing market data order:MktData(price=167,quantity=665)
22:53:36.905 [main] INFO  c.o.v.MutatingRemoveAllMarketDataOrdersVisitor - [ORDERBOOK] Removing level:167
22:53:36.905 [main] DEBUG c.orderbook.OrderBook - [ORDERBOOK] ASK: Adding orderMktData(price=98,quantity=501)
22:53:36.905 [main] DEBUG c.orderbook.OrderBook - [ORDERBOOK] ASK: Adding orderMktData(price=101,quantity=200)
22:53:36.905 [main] DEBUG c.orderbook.OrderBook - [ORDERBOOK] ASK: Adding orderMktData(price=110,quantity=5000)
22:53:36.905 [main] DEBUG c.orderbook.OrderBook - [ORDERBOOK] ASK: Adding orderMktData(price=119,quantity=5600)
22:53:36.905 [main] DEBUG c.orderbook.OrderBook - [ORDERBOOK] ASK: Adding orderMktData(price=123,quantity=453)
22:53:36.905 [main] DEBUG c.orderbook.OrderBook - [ORDERBOOK] ASK: Adding orderMktData(price=144,quantity=645)
22:53:36.905 [main] DEBUG c.orderbook.OrderBook - [ORDERBOOK] ASK: Adding orderMktData(price=167,quantity=665)
22:53:36.905 [main] DEBUG c.service.MarketDataService - [ALGO] BID: price:43 quantity:134
22:53:36.905 [main] DEBUG c.service.MarketDataService - [ALGO] BID: price:76 quantity:145
22:53:36.905 [main] DEBUG c.service.MarketDataService - [ALGO] BID: price:91 quantity:300
22:53:36.905 [main] DEBUG c.service.MarketDataService - [ALGO] BID: price:93 quantity:200
22:53:36.905 [main] DEBUG c.service.MarketDataService - [ALGO] BID: price:95 quantity:100
22:53:36.905 [main] DEBUG c.service.MarketDataService - [ALGO] BID: price:98 quantity:154
22:53:36.905 [main] DEBUG c.service.MarketDataService - [ALGO] ASK: price:98 quantity:501
22:53:36.905 [main] DEBUG c.service.MarketDataService - [ALGO] ASK: price:101 quantity:200
22:53:36.905 [main] DEBUG c.service.MarketDataService - [ALGO] ASK: price:110 quantity:5000
22:53:36.905 [main] DEBUG c.service.MarketDataService - [ALGO] ASK: price:119 quantity:5600
22:53:36.905 [main] DEBUG c.service.MarketDataService - [ALGO] ASK: price:123 quantity:453
22:53:36.905 [main] DEBUG c.service.MarketDataService - [ALGO] ASK: price:144 quantity:645
22:53:36.905 [main] DEBUG c.service.MarketDataService - [ALGO] ASK: price:167 quantity:665
22:53:36.905 [main] INFO  c.gettingstarted.MyAlgoLogic - [MYALGO] The state of the order book is:
|----BID-----||----ASK----|
    134 @ 43    501 @ 98
    145 @ 76   200 @ 101
    300 @ 91  5000 @ 110
    200 @ 93  5600 @ 119
    100 @ 95   453 @ 123
    154 @ 98   645 @ 144
          -    665 @ 167
|------------||-----------|

22:53:36.905 [main] INFO  c.gettingstarted.MyAlgoLogic - [MYALGO] Algo Sees Book as: 
|----BID-----||----ASK----|
    134 @ 43    501 @ 98
    145 @ 76   200 @ 101
    300 @ 91  5000 @ 110
    200 @ 93  5600 @ 119
    100 @ 95   453 @ 123
    154 @ 98   645 @ 144
          -    665 @ 167
|------------||-----------|

22:53:36.905 [main] INFO  c.gettingstarted.TimedLogic - [TIMEDLOGIC] Market is closed
22:53:36.905 [main] INFO  c.sequencer.consumer.LoggingConsumer - [70] 
|----BID-----|
    134 @ 43
    145 @ 76
    300 @ 91
    200 @ 93
    100 @ 95
    154 @ 98
|----ASK-----|
    501 @ 98
   200 @ 101
  5000 @ 110
  5600 @ 119
   453 @ 123
   645 @ 144
   665 @ 167

22:53:36.905 [main] INFO  c.orderbook.OrderBook - [ORDERBOOK] Processing Mkt Data Update
22:53:36.905 [main] INFO  c.o.v.MutatingRemoveAllMarketDataOrdersVisitor - [ORDERBOOK] Removing market data order:MktData(price=43,quantity=134)
22:53:36.905 [main] INFO  c.o.v.MutatingRemoveAllMarketDataOrdersVisitor - [ORDERBOOK] Removing level:43
22:53:36.905 [main] DEBUG c.orderbook.OrderBook - [ORDERBOOK] ASK: Adding orderMktData(price=43,quantity=134)
22:53:36.905 [main] DEBUG c.orderbook.OrderBook - [ORDERBOOK] ASK: Adding orderMktData(price=76,quantity=145)
22:53:36.905 [main] DEBUG c.orderbook.OrderBook - [ORDERBOOK] ASK: Adding orderMktData(price=91,quantity=300)
22:53:36.905 [main] DEBUG c.orderbook.OrderBook - [ORDERBOOK] ASK: Adding orderMktData(price=93,quantity=200)
22:53:36.905 [main] DEBUG c.orderbook.OrderBook - [ORDERBOOK] ASK: Adding orderMktData(price=95,quantity=100)
22:53:36.905 [main] DEBUG c.orderbook.OrderBook - [ORDERBOOK] ASK: Adding orderMktData(price=98,quantity=154)
22:53:36.905 [main] INFO  c.o.v.MutatingMatchOneMarketDataOrderVisitor - [ORDERBOOK] visiting LevelOrderBookLevel(price=43,quantity=134)
22:53:36.905 [main] INFO  c.o.v.MutatingMatchOneMarketDataOrderVisitor - [ORDERBOOK] Can't match order:MktData(price=43,quantity=134)(MktData(price=98,quantity=154))
22:53:36.905 [main] INFO  c.o.v.MutatingRemoveAllMarketDataOrdersVisitor - [ORDERBOOK] Removing market data order:MktData(price=98,quantity=501)
22:53:36.905 [main] INFO  c.o.v.MutatingRemoveAllMarketDataOrdersVisitor - [ORDERBOOK] Removing level:98
22:53:36.905 [main] INFO  c.o.v.MutatingRemoveAllMarketDataOrdersVisitor - [ORDERBOOK] Removing market data order:MktData(price=101,quantity=200)
22:53:36.905 [main] INFO  c.o.v.MutatingRemoveAllMarketDataOrdersVisitor - [ORDERBOOK] Removing level:101
22:53:36.905 [main] INFO  c.o.v.MutatingRemoveAllMarketDataOrdersVisitor - [ORDERBOOK] Removing market data order:MktData(price=110,quantity=5000)
22:53:36.905 [main] INFO  c.o.v.MutatingRemoveAllMarketDataOrdersVisitor - [ORDERBOOK] Removing level:110
22:53:36.905 [main] INFO  c.o.v.MutatingRemoveAllMarketDataOrdersVisitor - [ORDERBOOK] Removing market data order:MktData(price=119,quantity=5600)
22:53:36.905 [main] INFO  c.o.v.MutatingRemoveAllMarketDataOrdersVisitor - [ORDERBOOK] Removing level:119
22:53:36.905 [main] INFO  c.o.v.MutatingRemoveAllMarketDataOrdersVisitor - [ORDERBOOK] Removing market data order:MktData(price=123,quantity=453)
22:53:36.905 [main] INFO  c.o.v.MutatingRemoveAllMarketDataOrdersVisitor - [ORDERBOOK] Removing level:123
22:53:36.905 [main] INFO  c.o.v.MutatingRemoveAllMarketDataOrdersVisitor - [ORDERBOOK] Removing market data order:MktData(price=144,quantity=645)
22:53:36.905 [main] INFO  c.o.v.MutatingRemoveAllMarketDataOrdersVisitor - [ORDERBOOK] Removing level:144
22:53:36.905 [main] INFO  c.o.v.MutatingRemoveAllMarketDataOrdersVisitor - [ORDERBOOK] Removing market data order:MktData(price=167,quantity=665)
22:53:36.905 [main] INFO  c.o.v.MutatingRemoveAllMarketDataOrdersVisitor - [ORDERBOOK] Removing level:167
22:53:36.905 [main] DEBUG c.orderbook.OrderBook - [ORDERBOOK] ASK: Adding orderMktData(price=98,quantity=501)
22:53:36.905 [main] DEBUG c.orderbook.OrderBook - [ORDERBOOK] ASK: Adding orderMktData(price=101,quantity=200)
22:53:36.905 [main] DEBUG c.orderbook.OrderBook - [ORDERBOOK] ASK: Adding orderMktData(price=110,quantity=5000)
22:53:36.905 [main] DEBUG c.orderbook.OrderBook - [ORDERBOOK] ASK: Adding orderMktData(price=119,quantity=5600)
22:53:36.905 [main] DEBUG c.orderbook.OrderBook - [ORDERBOOK] ASK: Adding orderMktData(price=123,quantity=453)
22:53:36.905 [main] DEBUG c.orderbook.OrderBook - [ORDERBOOK] ASK: Adding orderMktData(price=144,quantity=645)
22:53:36.905 [main] DEBUG c.orderbook.OrderBook - [ORDERBOOK] ASK: Adding orderMktData(price=167,quantity=665)
22:53:36.905 [main] DEBUG c.service.MarketDataService - [ALGO] BID: price:43 quantity:134
22:53:36.905 [main] DEBUG c.service.MarketDataService - [ALGO] BID: price:76 quantity:145
22:53:36.905 [main] DEBUG c.service.MarketDataService - [ALGO] BID: price:91 quantity:300
22:53:36.905 [main] DEBUG c.service.MarketDataService - [ALGO] BID: price:93 quantity:200
22:53:36.905 [main] DEBUG c.service.MarketDataService - [ALGO] BID: price:95 quantity:100
22:53:36.905 [main] DEBUG c.service.MarketDataService - [ALGO] BID: price:98 quantity:154
22:53:36.905 [main] DEBUG c.service.MarketDataService - [ALGO] ASK: price:98 quantity:501
22:53:36.905 [main] DEBUG c.service.MarketDataService - [ALGO] ASK: price:101 quantity:200
22:53:36.905 [main] DEBUG c.service.MarketDataService - [ALGO] ASK: price:110 quantity:5000
22:53:36.905 [main] DEBUG c.service.MarketDataService - [ALGO] ASK: price:119 quantity:5600
22:53:36.905 [main] DEBUG c.service.MarketDataService - [ALGO] ASK: price:123 quantity:453
22:53:36.905 [main] DEBUG c.service.MarketDataService - [ALGO] ASK: price:144 quantity:645
22:53:36.905 [main] DEBUG c.service.MarketDataService - [ALGO] ASK: price:167 quantity:665
22:53:36.905 [main] INFO  c.gettingstarted.MyAlgoLogic - [MYALGO] The state of the order book is:
|----BID-----||----ASK----|
    134 @ 43    501 @ 98
    145 @ 76   200 @ 101
    300 @ 91  5000 @ 110
    200 @ 93  5600 @ 119
    100 @ 95   453 @ 123
    154 @ 98   645 @ 144
          -    665 @ 167
|------------||-----------|

22:53:36.905 [main] INFO  c.gettingstarted.MyAlgoLogic - [MYALGO] Algo Sees Book as: 
|----BID-----||----ASK----|
    134 @ 43    501 @ 98
    145 @ 76   200 @ 101
    300 @ 91  5000 @ 110
    200 @ 93  5600 @ 119
    100 @ 95   453 @ 123
    154 @ 98   645 @ 144
          -    665 @ 167
|------------||-----------|

22:53:36.905 [main] INFO  c.gettingstarted.TimedLogic - [TIMEDLOGIC] Market is closed
22:53:36.905 [main] INFO  c.sequencer.consumer.LoggingConsumer - [71] 
|----BID-----|
    134 @ 43
    145 @ 76
    300 @ 91
    200 @ 93
    100 @ 95
    154 @ 98
|----ASK-----|
    501 @ 98
   200 @ 101
  5000 @ 110
  5600 @ 119
   453 @ 123
   645 @ 144
   665 @ 167

22:53:36.905 [main] INFO  c.orderbook.OrderBook - [ORDERBOOK] Processing Mkt Data Update
22:53:36.905 [main] INFO  c.o.v.MutatingRemoveAllMarketDataOrdersVisitor - [ORDERBOOK] Removing market data order:MktData(price=43,quantity=134)
22:53:36.905 [main] INFO  c.o.v.MutatingRemoveAllMarketDataOrdersVisitor - [ORDERBOOK] Removing level:43
22:53:36.905 [main] DEBUG c.orderbook.OrderBook - [ORDERBOOK] ASK: Adding orderMktData(price=43,quantity=134)
22:53:36.905 [main] DEBUG c.orderbook.OrderBook - [ORDERBOOK] ASK: Adding orderMktData(price=76,quantity=145)
22:53:36.905 [main] DEBUG c.orderbook.OrderBook - [ORDERBOOK] ASK: Adding orderMktData(price=91,quantity=300)
22:53:36.905 [main] DEBUG c.orderbook.OrderBook - [ORDERBOOK] ASK: Adding orderMktData(price=93,quantity=200)
22:53:36.905 [main] DEBUG c.orderbook.OrderBook - [ORDERBOOK] ASK: Adding orderMktData(price=95,quantity=100)
22:53:36.905 [main] DEBUG c.orderbook.OrderBook - [ORDERBOOK] ASK: Adding orderMktData(price=98,quantity=154)
22:53:36.905 [main] INFO  c.o.v.MutatingMatchOneMarketDataOrderVisitor - [ORDERBOOK] visiting LevelOrderBookLevel(price=43,quantity=134)
22:53:36.905 [main] INFO  c.o.v.MutatingMatchOneMarketDataOrderVisitor - [ORDERBOOK] Can't match order:MktData(price=43,quantity=134)(MktData(price=98,quantity=154))
22:53:36.905 [main] INFO  c.o.v.MutatingRemoveAllMarketDataOrdersVisitor - [ORDERBOOK] Removing market data order:MktData(price=98,quantity=501)
22:53:36.905 [main] INFO  c.o.v.MutatingRemoveAllMarketDataOrdersVisitor - [ORDERBOOK] Removing level:98
22:53:36.905 [main] INFO  c.o.v.MutatingRemoveAllMarketDataOrdersVisitor - [ORDERBOOK] Removing market data order:MktData(price=101,quantity=200)
22:53:36.905 [main] INFO  c.o.v.MutatingRemoveAllMarketDataOrdersVisitor - [ORDERBOOK] Removing level:101
22:53:36.905 [main] INFO  c.o.v.MutatingRemoveAllMarketDataOrdersVisitor - [ORDERBOOK] Removing market data order:MktData(price=110,quantity=5000)
22:53:36.905 [main] INFO  c.o.v.MutatingRemoveAllMarketDataOrdersVisitor - [ORDERBOOK] Removing level:110
22:53:36.905 [main] INFO  c.o.v.MutatingRemoveAllMarketDataOrdersVisitor - [ORDERBOOK] Removing market data order:MktData(price=119,quantity=5600)
22:53:36.905 [main] INFO  c.o.v.MutatingRemoveAllMarketDataOrdersVisitor - [ORDERBOOK] Removing level:119
22:53:36.905 [main] INFO  c.o.v.MutatingRemoveAllMarketDataOrdersVisitor - [ORDERBOOK] Removing market data order:MktData(price=123,quantity=453)
22:53:36.905 [main] INFO  c.o.v.MutatingRemoveAllMarketDataOrdersVisitor - [ORDERBOOK] Removing level:123
22:53:36.905 [main] INFO  c.o.v.MutatingRemoveAllMarketDataOrdersVisitor - [ORDERBOOK] Removing market data order:MktData(price=144,quantity=645)
22:53:36.905 [main] INFO  c.o.v.MutatingRemoveAllMarketDataOrdersVisitor - [ORDERBOOK] Removing level:144
22:53:36.905 [main] INFO  c.o.v.MutatingRemoveAllMarketDataOrdersVisitor - [ORDERBOOK] Removing market data order:MktData(price=167,quantity=665)
22:53:36.905 [main] INFO  c.o.v.MutatingRemoveAllMarketDataOrdersVisitor - [ORDERBOOK] Removing level:167
22:53:36.905 [main] DEBUG c.orderbook.OrderBook - [ORDERBOOK] ASK: Adding orderMktData(price=98,quantity=501)
22:53:36.905 [main] DEBUG c.orderbook.OrderBook - [ORDERBOOK] ASK: Adding orderMktData(price=101,quantity=200)
22:53:36.905 [main] DEBUG c.orderbook.OrderBook - [ORDERBOOK] ASK: Adding orderMktData(price=110,quantity=5000)
22:53:36.905 [main] DEBUG c.orderbook.OrderBook - [ORDERBOOK] ASK: Adding orderMktData(price=119,quantity=5600)
22:53:36.905 [main] DEBUG c.orderbook.OrderBook - [ORDERBOOK] ASK: Adding orderMktData(price=123,quantity=453)
22:53:36.905 [main] DEBUG c.orderbook.OrderBook - [ORDERBOOK] ASK: Adding orderMktData(price=144,quantity=645)
22:53:36.905 [main] DEBUG c.orderbook.OrderBook - [ORDERBOOK] ASK: Adding orderMktData(price=167,quantity=665)
22:53:36.905 [main] DEBUG c.service.MarketDataService - [ALGO] BID: price:43 quantity:134
22:53:36.905 [main] DEBUG c.service.MarketDataService - [ALGO] BID: price:76 quantity:145
22:53:36.905 [main] DEBUG c.service.MarketDataService - [ALGO] BID: price:91 quantity:300
22:53:36.905 [main] DEBUG c.service.MarketDataService - [ALGO] BID: price:93 quantity:200
22:53:36.905 [main] DEBUG c.service.MarketDataService - [ALGO] BID: price:95 quantity:100
22:53:36.905 [main] DEBUG c.service.MarketDataService - [ALGO] BID: price:98 quantity:154
22:53:36.905 [main] DEBUG c.service.MarketDataService - [ALGO] ASK: price:98 quantity:501
22:53:36.905 [main] DEBUG c.service.MarketDataService - [ALGO] ASK: price:101 quantity:200
22:53:36.905 [main] DEBUG c.service.MarketDataService - [ALGO] ASK: price:110 quantity:5000
22:53:36.905 [main] DEBUG c.service.MarketDataService - [ALGO] ASK: price:119 quantity:5600
22:53:36.905 [main] DEBUG c.service.MarketDataService - [ALGO] ASK: price:123 quantity:453
22:53:36.905 [main] DEBUG c.service.MarketDataService - [ALGO] ASK: price:144 quantity:645
22:53:36.905 [main] DEBUG c.service.MarketDataService - [ALGO] ASK: price:167 quantity:665
22:53:36.905 [main] INFO  c.gettingstarted.MyAlgoLogic - [MYALGO] The state of the order book is:
|----BID-----||----ASK----|
    134 @ 43    501 @ 98
    145 @ 76   200 @ 101
    300 @ 91  5000 @ 110
    200 @ 93  5600 @ 119
    100 @ 95   453 @ 123
    154 @ 98   645 @ 144
          -    665 @ 167
|------------||-----------|

22:53:36.913 [main] INFO  c.gettingstarted.MyAlgoLogic - [MYALGO] Algo Sees Book as: 
|----BID-----||----ASK----|
    134 @ 43    501 @ 98
    145 @ 76   200 @ 101
    300 @ 91  5000 @ 110
    200 @ 93  5600 @ 119
    100 @ 95   453 @ 123
    154 @ 98   645 @ 144
          -    665 @ 167
|------------||-----------|

22:53:36.913 [main] INFO  c.gettingstarted.TimedLogic - [TIMEDLOGIC] Market is closed
22:53:36.913 [main] INFO  c.sequencer.consumer.LoggingConsumer - [72] 
|----BID-----|
    134 @ 43
    145 @ 76
    300 @ 91
    200 @ 93
    100 @ 95
    154 @ 98
|----ASK-----|
    501 @ 98
   200 @ 101
  5000 @ 110
  5600 @ 119
   453 @ 123
   645 @ 144
   665 @ 167

22:53:36.913 [main] INFO  c.orderbook.OrderBook - [ORDERBOOK] Processing Mkt Data Update
22:53:36.913 [main] INFO  c.o.v.MutatingRemoveAllMarketDataOrdersVisitor - [ORDERBOOK] Removing market data order:MktData(price=43,quantity=134)
22:53:36.913 [main] INFO  c.o.v.MutatingRemoveAllMarketDataOrdersVisitor - [ORDERBOOK] Removing level:43
22:53:36.913 [main] DEBUG c.orderbook.OrderBook - [ORDERBOOK] ASK: Adding orderMktData(price=43,quantity=134)
22:53:36.913 [main] DEBUG c.orderbook.OrderBook - [ORDERBOOK] ASK: Adding orderMktData(price=76,quantity=145)
22:53:36.913 [main] DEBUG c.orderbook.OrderBook - [ORDERBOOK] ASK: Adding orderMktData(price=91,quantity=300)
22:53:36.913 [main] DEBUG c.orderbook.OrderBook - [ORDERBOOK] ASK: Adding orderMktData(price=93,quantity=200)
22:53:36.913 [main] DEBUG c.orderbook.OrderBook - [ORDERBOOK] ASK: Adding orderMktData(price=95,quantity=100)
22:53:36.913 [main] DEBUG c.orderbook.OrderBook - [ORDERBOOK] ASK: Adding orderMktData(price=98,quantity=154)
22:53:36.913 [main] INFO  c.o.v.MutatingMatchOneMarketDataOrderVisitor - [ORDERBOOK] visiting LevelOrderBookLevel(price=43,quantity=134)
22:53:36.913 [main] INFO  c.o.v.MutatingMatchOneMarketDataOrderVisitor - [ORDERBOOK] Can't match order:MktData(price=43,quantity=134)(MktData(price=98,quantity=154))
22:53:36.913 [main] INFO  c.o.v.MutatingRemoveAllMarketDataOrdersVisitor - [ORDERBOOK] Removing market data order:MktData(price=98,quantity=501)
22:53:36.913 [main] INFO  c.o.v.MutatingRemoveAllMarketDataOrdersVisitor - [ORDERBOOK] Removing level:98
22:53:36.913 [main] INFO  c.o.v.MutatingRemoveAllMarketDataOrdersVisitor - [ORDERBOOK] Removing market data order:MktData(price=101,quantity=200)
22:53:36.913 [main] INFO  c.o.v.MutatingRemoveAllMarketDataOrdersVisitor - [ORDERBOOK] Removing level:101
22:53:36.913 [main] INFO  c.o.v.MutatingRemoveAllMarketDataOrdersVisitor - [ORDERBOOK] Removing market data order:MktData(price=110,quantity=5000)
22:53:36.913 [main] INFO  c.o.v.MutatingRemoveAllMarketDataOrdersVisitor - [ORDERBOOK] Removing level:110
22:53:36.913 [main] INFO  c.o.v.MutatingRemoveAllMarketDataOrdersVisitor - [ORDERBOOK] Removing market data order:MktData(price=119,quantity=5600)
22:53:36.913 [main] INFO  c.o.v.MutatingRemoveAllMarketDataOrdersVisitor - [ORDERBOOK] Removing level:119
22:53:36.913 [main] INFO  c.o.v.MutatingRemoveAllMarketDataOrdersVisitor - [ORDERBOOK] Removing market data order:MktData(price=123,quantity=453)
22:53:36.913 [main] INFO  c.o.v.MutatingRemoveAllMarketDataOrdersVisitor - [ORDERBOOK] Removing level:123
22:53:36.913 [main] INFO  c.o.v.MutatingRemoveAllMarketDataOrdersVisitor - [ORDERBOOK] Removing market data order:MktData(price=144,quantity=645)
22:53:36.913 [main] INFO  c.o.v.MutatingRemoveAllMarketDataOrdersVisitor - [ORDERBOOK] Removing level:144
22:53:36.913 [main] INFO  c.o.v.MutatingRemoveAllMarketDataOrdersVisitor - [ORDERBOOK] Removing market data order:MktData(price=167,quantity=665)
22:53:36.913 [main] INFO  c.o.v.MutatingRemoveAllMarketDataOrdersVisitor - [ORDERBOOK] Removing level:167
22:53:36.913 [main] DEBUG c.orderbook.OrderBook - [ORDERBOOK] ASK: Adding orderMktData(price=98,quantity=501)
22:53:36.913 [main] DEBUG c.orderbook.OrderBook - [ORDERBOOK] ASK: Adding orderMktData(price=101,quantity=200)
22:53:36.913 [main] DEBUG c.orderbook.OrderBook - [ORDERBOOK] ASK: Adding orderMktData(price=110,quantity=5000)
22:53:36.913 [main] DEBUG c.orderbook.OrderBook - [ORDERBOOK] ASK: Adding orderMktData(price=119,quantity=5600)
22:53:36.913 [main] DEBUG c.orderbook.OrderBook - [ORDERBOOK] ASK: Adding orderMktData(price=123,quantity=453)
22:53:36.913 [main] DEBUG c.orderbook.OrderBook - [ORDERBOOK] ASK: Adding orderMktData(price=144,quantity=645)
22:53:36.913 [main] DEBUG c.orderbook.OrderBook - [ORDERBOOK] ASK: Adding orderMktData(price=167,quantity=665)
22:53:36.913 [main] DEBUG c.service.MarketDataService - [ALGO] BID: price:43 quantity:134
22:53:36.913 [main] DEBUG c.service.MarketDataService - [ALGO] BID: price:76 quantity:145
22:53:36.913 [main] DEBUG c.service.MarketDataService - [ALGO] BID: price:91 quantity:300
22:53:36.913 [main] DEBUG c.service.MarketDataService - [ALGO] BID: price:93 quantity:200
22:53:36.913 [main] DEBUG c.service.MarketDataService - [ALGO] BID: price:95 quantity:100
22:53:36.913 [main] DEBUG c.service.MarketDataService - [ALGO] BID: price:98 quantity:154
22:53:36.913 [main] DEBUG c.service.MarketDataService - [ALGO] ASK: price:98 quantity:501
22:53:36.913 [main] DEBUG c.service.MarketDataService - [ALGO] ASK: price:101 quantity:200
22:53:36.913 [main] DEBUG c.service.MarketDataService - [ALGO] ASK: price:110 quantity:5000
22:53:36.913 [main] DEBUG c.service.MarketDataService - [ALGO] ASK: price:119 quantity:5600
22:53:36.913 [main] DEBUG c.service.MarketDataService - [ALGO] ASK: price:123 quantity:453
22:53:36.913 [main] DEBUG c.service.MarketDataService - [ALGO] ASK: price:144 quantity:645
22:53:36.913 [main] DEBUG c.service.MarketDataService - [ALGO] ASK: price:167 quantity:665
22:53:36.913 [main] INFO  c.gettingstarted.MyAlgoLogic - [MYALGO] The state of the order book is:
|----BID-----||----ASK----|
    134 @ 43    501 @ 98
    145 @ 76   200 @ 101
    300 @ 91  5000 @ 110
    200 @ 93  5600 @ 119
    100 @ 95   453 @ 123
    154 @ 98   645 @ 144
          -    665 @ 167
|------------||-----------|

22:53:36.913 [main] INFO  c.gettingstarted.MyAlgoLogic - [MYALGO] Algo Sees Book as: 
|----BID-----||----ASK----|
    134 @ 43    501 @ 98
    145 @ 76   200 @ 101
    300 @ 91  5000 @ 110
    200 @ 93  5600 @ 119
    100 @ 95   453 @ 123
    154 @ 98   645 @ 144
          -    665 @ 167
|------------||-----------|

22:53:36.913 [main] INFO  c.gettingstarted.TimedLogic - [TIMEDLOGIC] Market is closed
22:53:36.913 [main] INFO  c.sequencer.consumer.LoggingConsumer - [73] 
|----BID-----|
    134 @ 43
    145 @ 76
    300 @ 91
    200 @ 93
    100 @ 95
    154 @ 98
|----ASK-----|
    501 @ 98
   200 @ 101
  5000 @ 110
  5600 @ 119
   453 @ 123
   645 @ 144
   665 @ 167

22:53:36.913 [main] INFO  c.orderbook.OrderBook - [ORDERBOOK] Processing Mkt Data Update
22:53:36.913 [main] INFO  c.o.v.MutatingRemoveAllMarketDataOrdersVisitor - [ORDERBOOK] Removing market data order:MktData(price=43,quantity=134)
22:53:36.913 [main] INFO  c.o.v.MutatingRemoveAllMarketDataOrdersVisitor - [ORDERBOOK] Removing level:43
22:53:36.913 [main] DEBUG c.orderbook.OrderBook - [ORDERBOOK] ASK: Adding orderMktData(price=43,quantity=134)
22:53:36.913 [main] DEBUG c.orderbook.OrderBook - [ORDERBOOK] ASK: Adding orderMktData(price=76,quantity=145)
22:53:36.913 [main] DEBUG c.orderbook.OrderBook - [ORDERBOOK] ASK: Adding orderMktData(price=91,quantity=300)
22:53:36.913 [main] DEBUG c.orderbook.OrderBook - [ORDERBOOK] ASK: Adding orderMktData(price=93,quantity=200)
22:53:36.913 [main] DEBUG c.orderbook.OrderBook - [ORDERBOOK] ASK: Adding orderMktData(price=95,quantity=100)
22:53:36.913 [main] DEBUG c.orderbook.OrderBook - [ORDERBOOK] ASK: Adding orderMktData(price=98,quantity=154)
22:53:36.913 [main] INFO  c.o.v.MutatingMatchOneMarketDataOrderVisitor - [ORDERBOOK] visiting LevelOrderBookLevel(price=43,quantity=134)
22:53:36.913 [main] INFO  c.o.v.MutatingMatchOneMarketDataOrderVisitor - [ORDERBOOK] Can't match order:MktData(price=43,quantity=134)(MktData(price=98,quantity=154))
22:53:36.913 [main] INFO  c.o.v.MutatingRemoveAllMarketDataOrdersVisitor - [ORDERBOOK] Removing market data order:MktData(price=98,quantity=501)
22:53:36.913 [main] INFO  c.o.v.MutatingRemoveAllMarketDataOrdersVisitor - [ORDERBOOK] Removing level:98
22:53:36.913 [main] INFO  c.o.v.MutatingRemoveAllMarketDataOrdersVisitor - [ORDERBOOK] Removing market data order:MktData(price=101,quantity=200)
22:53:36.913 [main] INFO  c.o.v.MutatingRemoveAllMarketDataOrdersVisitor - [ORDERBOOK] Removing level:101
22:53:36.913 [main] INFO  c.o.v.MutatingRemoveAllMarketDataOrdersVisitor - [ORDERBOOK] Removing market data order:MktData(price=110,quantity=5000)
22:53:36.913 [main] INFO  c.o.v.MutatingRemoveAllMarketDataOrdersVisitor - [ORDERBOOK] Removing level:110
22:53:36.913 [main] INFO  c.o.v.MutatingRemoveAllMarketDataOrdersVisitor - [ORDERBOOK] Removing market data order:MktData(price=119,quantity=5600)
22:53:36.913 [main] INFO  c.o.v.MutatingRemoveAllMarketDataOrdersVisitor - [ORDERBOOK] Removing level:119
22:53:36.913 [main] INFO  c.o.v.MutatingRemoveAllMarketDataOrdersVisitor - [ORDERBOOK] Removing market data order:MktData(price=123,quantity=453)
22:53:36.913 [main] INFO  c.o.v.MutatingRemoveAllMarketDataOrdersVisitor - [ORDERBOOK] Removing level:123
22:53:36.913 [main] INFO  c.o.v.MutatingRemoveAllMarketDataOrdersVisitor - [ORDERBOOK] Removing market data order:MktData(price=144,quantity=645)
22:53:36.913 [main] INFO  c.o.v.MutatingRemoveAllMarketDataOrdersVisitor - [ORDERBOOK] Removing level:144
22:53:36.913 [main] INFO  c.o.v.MutatingRemoveAllMarketDataOrdersVisitor - [ORDERBOOK] Removing market data order:MktData(price=167,quantity=665)
22:53:36.913 [main] INFO  c.o.v.MutatingRemoveAllMarketDataOrdersVisitor - [ORDERBOOK] Removing level:167
22:53:36.913 [main] DEBUG c.orderbook.OrderBook - [ORDERBOOK] ASK: Adding orderMktData(price=98,quantity=501)
22:53:36.913 [main] DEBUG c.orderbook.OrderBook - [ORDERBOOK] ASK: Adding orderMktData(price=101,quantity=200)
22:53:36.913 [main] DEBUG c.orderbook.OrderBook - [ORDERBOOK] ASK: Adding orderMktData(price=110,quantity=5000)
22:53:36.913 [main] DEBUG c.orderbook.OrderBook - [ORDERBOOK] ASK: Adding orderMktData(price=119,quantity=5600)
22:53:36.913 [main] DEBUG c.orderbook.OrderBook - [ORDERBOOK] ASK: Adding orderMktData(price=123,quantity=453)
22:53:36.913 [main] DEBUG c.orderbook.OrderBook - [ORDERBOOK] ASK: Adding orderMktData(price=144,quantity=645)
22:53:36.913 [main] DEBUG c.orderbook.OrderBook - [ORDERBOOK] ASK: Adding orderMktData(price=167,quantity=665)
22:53:36.913 [main] DEBUG c.service.MarketDataService - [ALGO] BID: price:43 quantity:134
22:53:36.913 [main] DEBUG c.service.MarketDataService - [ALGO] BID: price:76 quantity:145
22:53:36.913 [main] DEBUG c.service.MarketDataService - [ALGO] BID: price:91 quantity:300
22:53:36.913 [main] DEBUG c.service.MarketDataService - [ALGO] BID: price:93 quantity:200
22:53:36.913 [main] DEBUG c.service.MarketDataService - [ALGO] BID: price:95 quantity:100
22:53:36.913 [main] DEBUG c.service.MarketDataService - [ALGO] BID: price:98 quantity:154
22:53:36.913 [main] DEBUG c.service.MarketDataService - [ALGO] ASK: price:98 quantity:501
22:53:36.913 [main] DEBUG c.service.MarketDataService - [ALGO] ASK: price:101 quantity:200
22:53:36.913 [main] DEBUG c.service.MarketDataService - [ALGO] ASK: price:110 quantity:5000
22:53:36.913 [main] DEBUG c.service.MarketDataService - [ALGO] ASK: price:119 quantity:5600
22:53:36.913 [main] DEBUG c.service.MarketDataService - [ALGO] ASK: price:123 quantity:453
22:53:36.913 [main] DEBUG c.service.MarketDataService - [ALGO] ASK: price:144 quantity:645
22:53:36.913 [main] DEBUG c.service.MarketDataService - [ALGO] ASK: price:167 quantity:665
22:53:36.913 [main] INFO  c.gettingstarted.MyAlgoLogic - [MYALGO] The state of the order book is:
|----BID-----||----ASK----|
    134 @ 43    501 @ 98
    145 @ 76   200 @ 101
    300 @ 91  5000 @ 110
    200 @ 93  5600 @ 119
    100 @ 95   453 @ 123
    154 @ 98   645 @ 144
          -    665 @ 167
|------------||-----------|

22:53:36.913 [main] INFO  c.gettingstarted.MyAlgoLogic - [MYALGO] Algo Sees Book as: 
|----BID-----||----ASK----|
    134 @ 43    501 @ 98
    145 @ 76   200 @ 101
    300 @ 91  5000 @ 110
    200 @ 93  5600 @ 119
    100 @ 95   453 @ 123
    154 @ 98   645 @ 144
          -    665 @ 167
|------------||-----------|

22:53:36.916 [main] INFO  c.gettingstarted.TimedLogic - [TIMEDLOGIC] Market is closed
22:53:36.916 [main] INFO  c.sequencer.consumer.LoggingConsumer - [74] 
|----BID-----|
    134 @ 43
    145 @ 76
    300 @ 91
    200 @ 93
    100 @ 95
    154 @ 98
|----ASK-----|
    501 @ 98
   200 @ 101
  5000 @ 110
  5600 @ 119
   453 @ 123
   645 @ 144
   665 @ 167

22:53:36.916 [main] INFO  c.orderbook.OrderBook - [ORDERBOOK] Processing Mkt Data Update
22:53:36.916 [main] INFO  c.o.v.MutatingRemoveAllMarketDataOrdersVisitor - [ORDERBOOK] Removing market data order:MktData(price=43,quantity=134)
22:53:36.916 [main] INFO  c.o.v.MutatingRemoveAllMarketDataOrdersVisitor - [ORDERBOOK] Removing level:43
22:53:36.916 [main] DEBUG c.orderbook.OrderBook - [ORDERBOOK] ASK: Adding orderMktData(price=43,quantity=134)
22:53:36.916 [main] DEBUG c.orderbook.OrderBook - [ORDERBOOK] ASK: Adding orderMktData(price=76,quantity=145)
22:53:36.916 [main] DEBUG c.orderbook.OrderBook - [ORDERBOOK] ASK: Adding orderMktData(price=91,quantity=300)
22:53:36.916 [main] DEBUG c.orderbook.OrderBook - [ORDERBOOK] ASK: Adding orderMktData(price=93,quantity=200)
22:53:36.916 [main] DEBUG c.orderbook.OrderBook - [ORDERBOOK] ASK: Adding orderMktData(price=95,quantity=100)
22:53:36.916 [main] DEBUG c.orderbook.OrderBook - [ORDERBOOK] ASK: Adding orderMktData(price=98,quantity=154)
22:53:36.916 [main] INFO  c.o.v.MutatingMatchOneMarketDataOrderVisitor - [ORDERBOOK] visiting LevelOrderBookLevel(price=43,quantity=134)
22:53:36.916 [main] INFO  c.o.v.MutatingMatchOneMarketDataOrderVisitor - [ORDERBOOK] Can't match order:MktData(price=43,quantity=134)(MktData(price=98,quantity=154))
22:53:36.916 [main] INFO  c.o.v.MutatingRemoveAllMarketDataOrdersVisitor - [ORDERBOOK] Removing market data order:MktData(price=98,quantity=501)
22:53:36.916 [main] INFO  c.o.v.MutatingRemoveAllMarketDataOrdersVisitor - [ORDERBOOK] Removing level:98
22:53:36.916 [main] INFO  c.o.v.MutatingRemoveAllMarketDataOrdersVisitor - [ORDERBOOK] Removing market data order:MktData(price=101,quantity=200)
22:53:36.916 [main] INFO  c.o.v.MutatingRemoveAllMarketDataOrdersVisitor - [ORDERBOOK] Removing level:101
22:53:36.916 [main] INFO  c.o.v.MutatingRemoveAllMarketDataOrdersVisitor - [ORDERBOOK] Removing market data order:MktData(price=110,quantity=5000)
22:53:36.916 [main] INFO  c.o.v.MutatingRemoveAllMarketDataOrdersVisitor - [ORDERBOOK] Removing level:110
22:53:36.916 [main] INFO  c.o.v.MutatingRemoveAllMarketDataOrdersVisitor - [ORDERBOOK] Removing market data order:MktData(price=119,quantity=5600)
22:53:36.916 [main] INFO  c.o.v.MutatingRemoveAllMarketDataOrdersVisitor - [ORDERBOOK] Removing level:119
22:53:36.916 [main] INFO  c.o.v.MutatingRemoveAllMarketDataOrdersVisitor - [ORDERBOOK] Removing market data order:MktData(price=123,quantity=453)
22:53:36.916 [main] INFO  c.o.v.MutatingRemoveAllMarketDataOrdersVisitor - [ORDERBOOK] Removing level:123
22:53:36.916 [main] INFO  c.o.v.MutatingRemoveAllMarketDataOrdersVisitor - [ORDERBOOK] Removing market data order:MktData(price=144,quantity=645)
22:53:36.916 [main] INFO  c.o.v.MutatingRemoveAllMarketDataOrdersVisitor - [ORDERBOOK] Removing level:144
22:53:36.916 [main] INFO  c.o.v.MutatingRemoveAllMarketDataOrdersVisitor - [ORDERBOOK] Removing market data order:MktData(price=167,quantity=665)
22:53:36.916 [main] INFO  c.o.v.MutatingRemoveAllMarketDataOrdersVisitor - [ORDERBOOK] Removing level:167
22:53:36.916 [main] DEBUG c.orderbook.OrderBook - [ORDERBOOK] ASK: Adding orderMktData(price=98,quantity=501)
22:53:36.916 [main] DEBUG c.orderbook.OrderBook - [ORDERBOOK] ASK: Adding orderMktData(price=101,quantity=200)
22:53:36.916 [main] DEBUG c.orderbook.OrderBook - [ORDERBOOK] ASK: Adding orderMktData(price=110,quantity=5000)
22:53:36.916 [main] DEBUG c.orderbook.OrderBook - [ORDERBOOK] ASK: Adding orderMktData(price=119,quantity=5600)
22:53:36.916 [main] DEBUG c.orderbook.OrderBook - [ORDERBOOK] ASK: Adding orderMktData(price=123,quantity=453)
22:53:36.916 [main] DEBUG c.orderbook.OrderBook - [ORDERBOOK] ASK: Adding orderMktData(price=144,quantity=645)
22:53:36.916 [main] DEBUG c.orderbook.OrderBook - [ORDERBOOK] ASK: Adding orderMktData(price=167,quantity=665)
22:53:36.916 [main] DEBUG c.service.MarketDataService - [ALGO] BID: price:43 quantity:134
22:53:36.916 [main] DEBUG c.service.MarketDataService - [ALGO] BID: price:76 quantity:145
22:53:36.916 [main] DEBUG c.service.MarketDataService - [ALGO] BID: price:91 quantity:300
22:53:36.916 [main] DEBUG c.service.MarketDataService - [ALGO] BID: price:93 quantity:200
22:53:36.916 [main] DEBUG c.service.MarketDataService - [ALGO] BID: price:95 quantity:100
22:53:36.916 [main] DEBUG c.service.MarketDataService - [ALGO] BID: price:98 quantity:154
22:53:36.917 [main] DEBUG c.service.MarketDataService - [ALGO] ASK: price:98 quantity:501
22:53:36.917 [main] DEBUG c.service.MarketDataService - [ALGO] ASK: price:101 quantity:200
22:53:36.917 [main] DEBUG c.service.MarketDataService - [ALGO] ASK: price:110 quantity:5000
22:53:36.917 [main] DEBUG c.service.MarketDataService - [ALGO] ASK: price:119 quantity:5600
22:53:36.917 [main] DEBUG c.service.MarketDataService - [ALGO] ASK: price:123 quantity:453
22:53:36.917 [main] DEBUG c.service.MarketDataService - [ALGO] ASK: price:144 quantity:645
22:53:36.917 [main] DEBUG c.service.MarketDataService - [ALGO] ASK: price:167 quantity:665
22:53:36.917 [main] INFO  c.gettingstarted.MyAlgoLogic - [MYALGO] The state of the order book is:
|----BID-----||----ASK----|
    134 @ 43    501 @ 98
    145 @ 76   200 @ 101
    300 @ 91  5000 @ 110
    200 @ 93  5600 @ 119
    100 @ 95   453 @ 123
    154 @ 98   645 @ 144
          -    665 @ 167
|------------||-----------|

22:53:36.917 [main] INFO  c.gettingstarted.MyAlgoLogic - [MYALGO] Algo Sees Book as: 
|----BID-----||----ASK----|
    134 @ 43    501 @ 98
    145 @ 76   200 @ 101
    300 @ 91  5000 @ 110
    200 @ 93  5600 @ 119
    100 @ 95   453 @ 123
    154 @ 98   645 @ 144
          -    665 @ 167
|------------||-----------|

22:53:36.917 [main] INFO  c.gettingstarted.TimedLogic - [TIMEDLOGIC] Market is closed
22:53:36.917 [main] INFO  c.sequencer.consumer.LoggingConsumer - [75] 
|----BID-----|
    134 @ 43
    145 @ 76
    300 @ 91
    200 @ 93
    100 @ 95
    154 @ 98
|----ASK-----|
    501 @ 98
   200 @ 101
  5000 @ 110
  5600 @ 119
   453 @ 123
   645 @ 144
   665 @ 167

22:53:36.917 [main] INFO  c.orderbook.OrderBook - [ORDERBOOK] Processing Mkt Data Update
22:53:36.917 [main] INFO  c.o.v.MutatingRemoveAllMarketDataOrdersVisitor - [ORDERBOOK] Removing market data order:MktData(price=43,quantity=134)
22:53:36.917 [main] INFO  c.o.v.MutatingRemoveAllMarketDataOrdersVisitor - [ORDERBOOK] Removing level:43
22:53:36.917 [main] DEBUG c.orderbook.OrderBook - [ORDERBOOK] ASK: Adding orderMktData(price=43,quantity=134)
22:53:36.917 [main] DEBUG c.orderbook.OrderBook - [ORDERBOOK] ASK: Adding orderMktData(price=76,quantity=145)
22:53:36.917 [main] DEBUG c.orderbook.OrderBook - [ORDERBOOK] ASK: Adding orderMktData(price=91,quantity=300)
22:53:36.917 [main] DEBUG c.orderbook.OrderBook - [ORDERBOOK] ASK: Adding orderMktData(price=93,quantity=200)
22:53:36.917 [main] DEBUG c.orderbook.OrderBook - [ORDERBOOK] ASK: Adding orderMktData(price=95,quantity=100)
22:53:36.917 [main] DEBUG c.orderbook.OrderBook - [ORDERBOOK] ASK: Adding orderMktData(price=98,quantity=154)
22:53:36.917 [main] INFO  c.o.v.MutatingMatchOneMarketDataOrderVisitor - [ORDERBOOK] visiting LevelOrderBookLevel(price=43,quantity=134)
22:53:36.917 [main] INFO  c.o.v.MutatingMatchOneMarketDataOrderVisitor - [ORDERBOOK] Can't match order:MktData(price=43,quantity=134)(MktData(price=98,quantity=154))
22:53:36.917 [main] INFO  c.o.v.MutatingRemoveAllMarketDataOrdersVisitor - [ORDERBOOK] Removing market data order:MktData(price=98,quantity=501)
22:53:36.917 [main] INFO  c.o.v.MutatingRemoveAllMarketDataOrdersVisitor - [ORDERBOOK] Removing level:98
22:53:36.917 [main] INFO  c.o.v.MutatingRemoveAllMarketDataOrdersVisitor - [ORDERBOOK] Removing market data order:MktData(price=101,quantity=200)
22:53:36.917 [main] INFO  c.o.v.MutatingRemoveAllMarketDataOrdersVisitor - [ORDERBOOK] Removing level:101
22:53:36.917 [main] INFO  c.o.v.MutatingRemoveAllMarketDataOrdersVisitor - [ORDERBOOK] Removing market data order:MktData(price=110,quantity=5000)
22:53:36.917 [main] INFO  c.o.v.MutatingRemoveAllMarketDataOrdersVisitor - [ORDERBOOK] Removing level:110
22:53:36.917 [main] INFO  c.o.v.MutatingRemoveAllMarketDataOrdersVisitor - [ORDERBOOK] Removing market data order:MktData(price=119,quantity=5600)
22:53:36.917 [main] INFO  c.o.v.MutatingRemoveAllMarketDataOrdersVisitor - [ORDERBOOK] Removing level:119
22:53:36.917 [main] INFO  c.o.v.MutatingRemoveAllMarketDataOrdersVisitor - [ORDERBOOK] Removing market data order:MktData(price=123,quantity=453)
22:53:36.917 [main] INFO  c.o.v.MutatingRemoveAllMarketDataOrdersVisitor - [ORDERBOOK] Removing level:123
22:53:36.917 [main] INFO  c.o.v.MutatingRemoveAllMarketDataOrdersVisitor - [ORDERBOOK] Removing market data order:MktData(price=144,quantity=645)
22:53:36.917 [main] INFO  c.o.v.MutatingRemoveAllMarketDataOrdersVisitor - [ORDERBOOK] Removing level:144
22:53:36.917 [main] INFO  c.o.v.MutatingRemoveAllMarketDataOrdersVisitor - [ORDERBOOK] Removing market data order:MktData(price=167,quantity=665)
22:53:36.917 [main] INFO  c.o.v.MutatingRemoveAllMarketDataOrdersVisitor - [ORDERBOOK] Removing level:167
22:53:36.917 [main] DEBUG c.orderbook.OrderBook - [ORDERBOOK] ASK: Adding orderMktData(price=98,quantity=501)
22:53:36.917 [main] DEBUG c.orderbook.OrderBook - [ORDERBOOK] ASK: Adding orderMktData(price=101,quantity=200)
22:53:36.917 [main] DEBUG c.orderbook.OrderBook - [ORDERBOOK] ASK: Adding orderMktData(price=110,quantity=5000)
22:53:36.917 [main] DEBUG c.orderbook.OrderBook - [ORDERBOOK] ASK: Adding orderMktData(price=119,quantity=5600)
22:53:36.917 [main] DEBUG c.orderbook.OrderBook - [ORDERBOOK] ASK: Adding orderMktData(price=123,quantity=453)
22:53:36.917 [main] DEBUG c.orderbook.OrderBook - [ORDERBOOK] ASK: Adding orderMktData(price=144,quantity=645)
22:53:36.917 [main] DEBUG c.orderbook.OrderBook - [ORDERBOOK] ASK: Adding orderMktData(price=167,quantity=665)
22:53:36.917 [main] DEBUG c.service.MarketDataService - [ALGO] BID: price:43 quantity:134
22:53:36.917 [main] DEBUG c.service.MarketDataService - [ALGO] BID: price:76 quantity:145
22:53:36.917 [main] DEBUG c.service.MarketDataService - [ALGO] BID: price:91 quantity:300
22:53:36.917 [main] DEBUG c.service.MarketDataService - [ALGO] BID: price:93 quantity:200
22:53:36.917 [main] DEBUG c.service.MarketDataService - [ALGO] BID: price:95 quantity:100
22:53:36.917 [main] DEBUG c.service.MarketDataService - [ALGO] BID: price:98 quantity:154
22:53:36.917 [main] DEBUG c.service.MarketDataService - [ALGO] ASK: price:98 quantity:501
22:53:36.917 [main] DEBUG c.service.MarketDataService - [ALGO] ASK: price:101 quantity:200
22:53:36.917 [main] DEBUG c.service.MarketDataService - [ALGO] ASK: price:110 quantity:5000
22:53:36.917 [main] DEBUG c.service.MarketDataService - [ALGO] ASK: price:119 quantity:5600
22:53:36.917 [main] DEBUG c.service.MarketDataService - [ALGO] ASK: price:123 quantity:453
22:53:36.917 [main] DEBUG c.service.MarketDataService - [ALGO] ASK: price:144 quantity:645
22:53:36.917 [main] DEBUG c.service.MarketDataService - [ALGO] ASK: price:167 quantity:665
22:53:36.917 [main] INFO  c.gettingstarted.MyAlgoLogic - [MYALGO] The state of the order book is:
|----BID-----||----ASK----|
    134 @ 43    501 @ 98
    145 @ 76   200 @ 101
    300 @ 91  5000 @ 110
    200 @ 93  5600 @ 119
    100 @ 95   453 @ 123
    154 @ 98   645 @ 144
          -    665 @ 167
|------------||-----------|

22:53:36.917 [main] INFO  c.gettingstarted.MyAlgoLogic - [MYALGO] Algo Sees Book as: 
|----BID-----||----ASK----|
    134 @ 43    501 @ 98
    145 @ 76   200 @ 101
    300 @ 91  5000 @ 110
    200 @ 93  5600 @ 119
    100 @ 95   453 @ 123
    154 @ 98   645 @ 144
          -    665 @ 167
|------------||-----------|

22:53:36.917 [main] INFO  c.gettingstarted.TimedLogic - [TIMEDLOGIC] Market is closed
22:53:36.917 [main] INFO  c.sequencer.consumer.LoggingConsumer - [76] 
|----BID-----|
    134 @ 43
    145 @ 76
    300 @ 91
    200 @ 93
    100 @ 95
    154 @ 98
|----ASK-----|
    501 @ 98
   200 @ 101
  5000 @ 110
  5600 @ 119
   453 @ 123
   645 @ 144
   665 @ 167

22:53:36.917 [main] INFO  c.orderbook.OrderBook - [ORDERBOOK] Processing Mkt Data Update
22:53:36.917 [main] INFO  c.o.v.MutatingRemoveAllMarketDataOrdersVisitor - [ORDERBOOK] Removing market data order:MktData(price=43,quantity=134)
22:53:36.917 [main] INFO  c.o.v.MutatingRemoveAllMarketDataOrdersVisitor - [ORDERBOOK] Removing level:43
22:53:36.917 [main] DEBUG c.orderbook.OrderBook - [ORDERBOOK] ASK: Adding orderMktData(price=43,quantity=134)
22:53:36.917 [main] DEBUG c.orderbook.OrderBook - [ORDERBOOK] ASK: Adding orderMktData(price=76,quantity=145)
22:53:36.917 [main] DEBUG c.orderbook.OrderBook - [ORDERBOOK] ASK: Adding orderMktData(price=91,quantity=300)
22:53:36.917 [main] DEBUG c.orderbook.OrderBook - [ORDERBOOK] ASK: Adding orderMktData(price=93,quantity=200)
22:53:36.917 [main] DEBUG c.orderbook.OrderBook - [ORDERBOOK] ASK: Adding orderMktData(price=95,quantity=100)
22:53:36.917 [main] DEBUG c.orderbook.OrderBook - [ORDERBOOK] ASK: Adding orderMktData(price=98,quantity=154)
22:53:36.917 [main] INFO  c.o.v.MutatingMatchOneMarketDataOrderVisitor - [ORDERBOOK] visiting LevelOrderBookLevel(price=43,quantity=134)
22:53:36.917 [main] INFO  c.o.v.MutatingMatchOneMarketDataOrderVisitor - [ORDERBOOK] Can't match order:MktData(price=43,quantity=134)(MktData(price=98,quantity=154))
22:53:36.917 [main] INFO  c.o.v.MutatingRemoveAllMarketDataOrdersVisitor - [ORDERBOOK] Removing market data order:MktData(price=98,quantity=501)
22:53:36.917 [main] INFO  c.o.v.MutatingRemoveAllMarketDataOrdersVisitor - [ORDERBOOK] Removing level:98
22:53:36.917 [main] INFO  c.o.v.MutatingRemoveAllMarketDataOrdersVisitor - [ORDERBOOK] Removing market data order:MktData(price=101,quantity=200)
22:53:36.917 [main] INFO  c.o.v.MutatingRemoveAllMarketDataOrdersVisitor - [ORDERBOOK] Removing level:101
22:53:36.917 [main] INFO  c.o.v.MutatingRemoveAllMarketDataOrdersVisitor - [ORDERBOOK] Removing market data order:MktData(price=110,quantity=5000)
22:53:36.917 [main] INFO  c.o.v.MutatingRemoveAllMarketDataOrdersVisitor - [ORDERBOOK] Removing level:110
22:53:36.917 [main] INFO  c.o.v.MutatingRemoveAllMarketDataOrdersVisitor - [ORDERBOOK] Removing market data order:MktData(price=119,quantity=5600)
22:53:36.917 [main] INFO  c.o.v.MutatingRemoveAllMarketDataOrdersVisitor - [ORDERBOOK] Removing level:119
22:53:36.917 [main] INFO  c.o.v.MutatingRemoveAllMarketDataOrdersVisitor - [ORDERBOOK] Removing market data order:MktData(price=123,quantity=453)
22:53:36.917 [main] INFO  c.o.v.MutatingRemoveAllMarketDataOrdersVisitor - [ORDERBOOK] Removing level:123
22:53:36.917 [main] INFO  c.o.v.MutatingRemoveAllMarketDataOrdersVisitor - [ORDERBOOK] Removing market data order:MktData(price=144,quantity=645)
22:53:36.917 [main] INFO  c.o.v.MutatingRemoveAllMarketDataOrdersVisitor - [ORDERBOOK] Removing level:144
22:53:36.917 [main] INFO  c.o.v.MutatingRemoveAllMarketDataOrdersVisitor - [ORDERBOOK] Removing market data order:MktData(price=167,quantity=665)
22:53:36.917 [main] INFO  c.o.v.MutatingRemoveAllMarketDataOrdersVisitor - [ORDERBOOK] Removing level:167
22:53:36.917 [main] DEBUG c.orderbook.OrderBook - [ORDERBOOK] ASK: Adding orderMktData(price=98,quantity=501)
22:53:36.917 [main] DEBUG c.orderbook.OrderBook - [ORDERBOOK] ASK: Adding orderMktData(price=101,quantity=200)
22:53:36.917 [main] DEBUG c.orderbook.OrderBook - [ORDERBOOK] ASK: Adding orderMktData(price=110,quantity=5000)
22:53:36.917 [main] DEBUG c.orderbook.OrderBook - [ORDERBOOK] ASK: Adding orderMktData(price=119,quantity=5600)
22:53:36.917 [main] DEBUG c.orderbook.OrderBook - [ORDERBOOK] ASK: Adding orderMktData(price=123,quantity=453)
22:53:36.917 [main] DEBUG c.orderbook.OrderBook - [ORDERBOOK] ASK: Adding orderMktData(price=144,quantity=645)
22:53:36.917 [main] DEBUG c.orderbook.OrderBook - [ORDERBOOK] ASK: Adding orderMktData(price=167,quantity=665)
22:53:36.917 [main] DEBUG c.service.MarketDataService - [ALGO] BID: price:43 quantity:134
22:53:36.917 [main] DEBUG c.service.MarketDataService - [ALGO] BID: price:76 quantity:145
22:53:36.917 [main] DEBUG c.service.MarketDataService - [ALGO] BID: price:91 quantity:300
22:53:36.917 [main] DEBUG c.service.MarketDataService - [ALGO] BID: price:93 quantity:200
22:53:36.917 [main] DEBUG c.service.MarketDataService - [ALGO] BID: price:95 quantity:100
22:53:36.917 [main] DEBUG c.service.MarketDataService - [ALGO] BID: price:98 quantity:154
22:53:36.917 [main] DEBUG c.service.MarketDataService - [ALGO] ASK: price:98 quantity:501
22:53:36.917 [main] DEBUG c.service.MarketDataService - [ALGO] ASK: price:101 quantity:200
22:53:36.917 [main] DEBUG c.service.MarketDataService - [ALGO] ASK: price:110 quantity:5000
22:53:36.917 [main] DEBUG c.service.MarketDataService - [ALGO] ASK: price:119 quantity:5600
22:53:36.917 [main] DEBUG c.service.MarketDataService - [ALGO] ASK: price:123 quantity:453
22:53:36.917 [main] DEBUG c.service.MarketDataService - [ALGO] ASK: price:144 quantity:645
22:53:36.917 [main] DEBUG c.service.MarketDataService - [ALGO] ASK: price:167 quantity:665
22:53:36.917 [main] INFO  c.gettingstarted.MyAlgoLogic - [MYALGO] The state of the order book is:
|----BID-----||----ASK----|
    134 @ 43    501 @ 98
    145 @ 76   200 @ 101
    300 @ 91  5000 @ 110
    200 @ 93  5600 @ 119
    100 @ 95   453 @ 123
    154 @ 98   645 @ 144
          -    665 @ 167
|------------||-----------|

22:53:36.917 [main] INFO  c.gettingstarted.MyAlgoLogic - [MYALGO] Algo Sees Book as: 
|----BID-----||----ASK----|
    134 @ 43    501 @ 98
    145 @ 76   200 @ 101
    300 @ 91  5000 @ 110
    200 @ 93  5600 @ 119
    100 @ 95   453 @ 123
    154 @ 98   645 @ 144
          -    665 @ 167
|------------||-----------|

22:53:36.917 [main] INFO  c.gettingstarted.TimedLogic - [TIMEDLOGIC] Market is closed
22:53:36.917 [main] INFO  c.sequencer.consumer.LoggingConsumer - [77] 
|----BID-----|
    134 @ 43
    145 @ 76
    300 @ 91
    200 @ 93
    100 @ 95
    154 @ 98
|----ASK-----|
    501 @ 98
   200 @ 101
  5000 @ 110
  5600 @ 119
   453 @ 123
   645 @ 144
   665 @ 167

22:53:36.917 [main] INFO  c.orderbook.OrderBook - [ORDERBOOK] Processing Mkt Data Update
22:53:36.917 [main] INFO  c.o.v.MutatingRemoveAllMarketDataOrdersVisitor - [ORDERBOOK] Removing market data order:MktData(price=43,quantity=134)
22:53:36.917 [main] INFO  c.o.v.MutatingRemoveAllMarketDataOrdersVisitor - [ORDERBOOK] Removing level:43
22:53:36.917 [main] DEBUG c.orderbook.OrderBook - [ORDERBOOK] ASK: Adding orderMktData(price=43,quantity=134)
22:53:36.917 [main] DEBUG c.orderbook.OrderBook - [ORDERBOOK] ASK: Adding orderMktData(price=76,quantity=145)
22:53:36.917 [main] DEBUG c.orderbook.OrderBook - [ORDERBOOK] ASK: Adding orderMktData(price=91,quantity=300)
22:53:36.917 [main] DEBUG c.orderbook.OrderBook - [ORDERBOOK] ASK: Adding orderMktData(price=93,quantity=200)
22:53:36.917 [main] DEBUG c.orderbook.OrderBook - [ORDERBOOK] ASK: Adding orderMktData(price=95,quantity=100)
22:53:36.917 [main] DEBUG c.orderbook.OrderBook - [ORDERBOOK] ASK: Adding orderMktData(price=98,quantity=154)
22:53:36.917 [main] INFO  c.o.v.MutatingMatchOneMarketDataOrderVisitor - [ORDERBOOK] visiting LevelOrderBookLevel(price=43,quantity=134)
22:53:36.917 [main] INFO  c.o.v.MutatingMatchOneMarketDataOrderVisitor - [ORDERBOOK] Can't match order:MktData(price=43,quantity=134)(MktData(price=98,quantity=154))
22:53:36.917 [main] INFO  c.o.v.MutatingRemoveAllMarketDataOrdersVisitor - [ORDERBOOK] Removing market data order:MktData(price=98,quantity=501)
22:53:36.917 [main] INFO  c.o.v.MutatingRemoveAllMarketDataOrdersVisitor - [ORDERBOOK] Removing level:98
22:53:36.917 [main] INFO  c.o.v.MutatingRemoveAllMarketDataOrdersVisitor - [ORDERBOOK] Removing market data order:MktData(price=101,quantity=200)
22:53:36.917 [main] INFO  c.o.v.MutatingRemoveAllMarketDataOrdersVisitor - [ORDERBOOK] Removing level:101
22:53:36.917 [main] INFO  c.o.v.MutatingRemoveAllMarketDataOrdersVisitor - [ORDERBOOK] Removing market data order:MktData(price=110,quantity=5000)
22:53:36.917 [main] INFO  c.o.v.MutatingRemoveAllMarketDataOrdersVisitor - [ORDERBOOK] Removing level:110
22:53:36.917 [main] INFO  c.o.v.MutatingRemoveAllMarketDataOrdersVisitor - [ORDERBOOK] Removing market data order:MktData(price=119,quantity=5600)
22:53:36.917 [main] INFO  c.o.v.MutatingRemoveAllMarketDataOrdersVisitor - [ORDERBOOK] Removing level:119
22:53:36.917 [main] INFO  c.o.v.MutatingRemoveAllMarketDataOrdersVisitor - [ORDERBOOK] Removing market data order:MktData(price=123,quantity=453)
22:53:36.917 [main] INFO  c.o.v.MutatingRemoveAllMarketDataOrdersVisitor - [ORDERBOOK] Removing level:123
22:53:36.917 [main] INFO  c.o.v.MutatingRemoveAllMarketDataOrdersVisitor - [ORDERBOOK] Removing market data order:MktData(price=144,quantity=645)
22:53:36.917 [main] INFO  c.o.v.MutatingRemoveAllMarketDataOrdersVisitor - [ORDERBOOK] Removing level:144
22:53:36.917 [main] INFO  c.o.v.MutatingRemoveAllMarketDataOrdersVisitor - [ORDERBOOK] Removing market data order:MktData(price=167,quantity=665)
22:53:36.917 [main] INFO  c.o.v.MutatingRemoveAllMarketDataOrdersVisitor - [ORDERBOOK] Removing level:167
22:53:36.917 [main] DEBUG c.orderbook.OrderBook - [ORDERBOOK] ASK: Adding orderMktData(price=98,quantity=501)
22:53:36.917 [main] DEBUG c.orderbook.OrderBook - [ORDERBOOK] ASK: Adding orderMktData(price=101,quantity=200)
22:53:36.917 [main] DEBUG c.orderbook.OrderBook - [ORDERBOOK] ASK: Adding orderMktData(price=110,quantity=5000)
22:53:36.917 [main] DEBUG c.orderbook.OrderBook - [ORDERBOOK] ASK: Adding orderMktData(price=119,quantity=5600)
22:53:36.917 [main] DEBUG c.orderbook.OrderBook - [ORDERBOOK] ASK: Adding orderMktData(price=123,quantity=453)
22:53:36.917 [main] DEBUG c.orderbook.OrderBook - [ORDERBOOK] ASK: Adding orderMktData(price=144,quantity=645)
22:53:36.917 [main] DEBUG c.orderbook.OrderBook - [ORDERBOOK] ASK: Adding orderMktData(price=167,quantity=665)
22:53:36.917 [main] DEBUG c.service.MarketDataService - [ALGO] BID: price:43 quantity:134
22:53:36.917 [main] DEBUG c.service.MarketDataService - [ALGO] BID: price:76 quantity:145
22:53:36.917 [main] DEBUG c.service.MarketDataService - [ALGO] BID: price:91 quantity:300
22:53:36.917 [main] DEBUG c.service.MarketDataService - [ALGO] BID: price:93 quantity:200
22:53:36.917 [main] DEBUG c.service.MarketDataService - [ALGO] BID: price:95 quantity:100
22:53:36.917 [main] DEBUG c.service.MarketDataService - [ALGO] BID: price:98 quantity:154
22:53:36.917 [main] DEBUG c.service.MarketDataService - [ALGO] ASK: price:98 quantity:501
22:53:36.917 [main] DEBUG c.service.MarketDataService - [ALGO] ASK: price:101 quantity:200
22:53:36.917 [main] DEBUG c.service.MarketDataService - [ALGO] ASK: price:110 quantity:5000
22:53:36.917 [main] DEBUG c.service.MarketDataService - [ALGO] ASK: price:119 quantity:5600
22:53:36.917 [main] DEBUG c.service.MarketDataService - [ALGO] ASK: price:123 quantity:453
22:53:36.917 [main] DEBUG c.service.MarketDataService - [ALGO] ASK: price:144 quantity:645
22:53:36.917 [main] DEBUG c.service.MarketDataService - [ALGO] ASK: price:167 quantity:665
22:53:36.917 [main] INFO  c.gettingstarted.MyAlgoLogic - [MYALGO] The state of the order book is:
|----BID-----||----ASK----|
    134 @ 43    501 @ 98
    145 @ 76   200 @ 101
    300 @ 91  5000 @ 110
    200 @ 93  5600 @ 119
    100 @ 95   453 @ 123
    154 @ 98   645 @ 144
          -    665 @ 167
|------------||-----------|

22:53:36.917 [main] INFO  c.gettingstarted.MyAlgoLogic - [MYALGO] Algo Sees Book as: 
|----BID-----||----ASK----|
    134 @ 43    501 @ 98
    145 @ 76   200 @ 101
    300 @ 91  5000 @ 110
    200 @ 93  5600 @ 119
    100 @ 95   453 @ 123
    154 @ 98   645 @ 144
          -    665 @ 167
|------------||-----------|

22:53:36.917 [main] INFO  c.gettingstarted.TimedLogic - [TIMEDLOGIC] Market is closed
22:53:36.943 [main] INFO  c.sequencer.consumer.LoggingConsumer - [78] 
|----BID-----|
    134 @ 43
    145 @ 76
    300 @ 91
    200 @ 93
    100 @ 95
    154 @ 98
|----ASK-----|
    501 @ 98
   200 @ 101
  5000 @ 110
  5600 @ 119
   453 @ 123
   645 @ 144
   665 @ 167

22:53:36.943 [main] INFO  c.orderbook.OrderBook - [ORDERBOOK] Processing Mkt Data Update
22:53:36.944 [main] INFO  c.o.v.MutatingRemoveAllMarketDataOrdersVisitor - [ORDERBOOK] Removing market data order:MktData(price=43,quantity=134)
22:53:36.944 [main] INFO  c.o.v.MutatingRemoveAllMarketDataOrdersVisitor - [ORDERBOOK] Removing level:43
22:53:36.944 [main] DEBUG c.orderbook.OrderBook - [ORDERBOOK] ASK: Adding orderMktData(price=43,quantity=134)
22:53:36.944 [main] DEBUG c.orderbook.OrderBook - [ORDERBOOK] ASK: Adding orderMktData(price=76,quantity=145)
22:53:36.944 [main] DEBUG c.orderbook.OrderBook - [ORDERBOOK] ASK: Adding orderMktData(price=91,quantity=300)
22:53:36.944 [main] DEBUG c.orderbook.OrderBook - [ORDERBOOK] ASK: Adding orderMktData(price=93,quantity=200)
22:53:36.944 [main] DEBUG c.orderbook.OrderBook - [ORDERBOOK] ASK: Adding orderMktData(price=95,quantity=100)
22:53:36.944 [main] DEBUG c.orderbook.OrderBook - [ORDERBOOK] ASK: Adding orderMktData(price=98,quantity=154)
22:53:36.944 [main] INFO  c.o.v.MutatingMatchOneMarketDataOrderVisitor - [ORDERBOOK] visiting LevelOrderBookLevel(price=43,quantity=134)
22:53:36.944 [main] INFO  c.o.v.MutatingMatchOneMarketDataOrderVisitor - [ORDERBOOK] Can't match order:MktData(price=43,quantity=134)(MktData(price=98,quantity=154))
22:53:36.944 [main] INFO  c.o.v.MutatingRemoveAllMarketDataOrdersVisitor - [ORDERBOOK] Removing market data order:MktData(price=98,quantity=501)
22:53:36.944 [main] INFO  c.o.v.MutatingRemoveAllMarketDataOrdersVisitor - [ORDERBOOK] Removing level:98
22:53:36.944 [main] INFO  c.o.v.MutatingRemoveAllMarketDataOrdersVisitor - [ORDERBOOK] Removing market data order:MktData(price=101,quantity=200)
22:53:36.944 [main] INFO  c.o.v.MutatingRemoveAllMarketDataOrdersVisitor - [ORDERBOOK] Removing level:101
22:53:36.944 [main] INFO  c.o.v.MutatingRemoveAllMarketDataOrdersVisitor - [ORDERBOOK] Removing market data order:MktData(price=110,quantity=5000)
22:53:36.944 [main] INFO  c.o.v.MutatingRemoveAllMarketDataOrdersVisitor - [ORDERBOOK] Removing level:110
22:53:36.944 [main] INFO  c.o.v.MutatingRemoveAllMarketDataOrdersVisitor - [ORDERBOOK] Removing market data order:MktData(price=119,quantity=5600)
22:53:36.944 [main] INFO  c.o.v.MutatingRemoveAllMarketDataOrdersVisitor - [ORDERBOOK] Removing level:119
22:53:36.944 [main] INFO  c.o.v.MutatingRemoveAllMarketDataOrdersVisitor - [ORDERBOOK] Removing market data order:MktData(price=123,quantity=453)
22:53:36.944 [main] INFO  c.o.v.MutatingRemoveAllMarketDataOrdersVisitor - [ORDERBOOK] Removing level:123
22:53:36.944 [main] INFO  c.o.v.MutatingRemoveAllMarketDataOrdersVisitor - [ORDERBOOK] Removing market data order:MktData(price=144,quantity=645)
22:53:36.944 [main] INFO  c.o.v.MutatingRemoveAllMarketDataOrdersVisitor - [ORDERBOOK] Removing level:144
22:53:36.944 [main] INFO  c.o.v.MutatingRemoveAllMarketDataOrdersVisitor - [ORDERBOOK] Removing market data order:MktData(price=167,quantity=665)
22:53:36.944 [main] INFO  c.o.v.MutatingRemoveAllMarketDataOrdersVisitor - [ORDERBOOK] Removing level:167
22:53:36.944 [main] DEBUG c.orderbook.OrderBook - [ORDERBOOK] ASK: Adding orderMktData(price=98,quantity=501)
22:53:36.944 [main] DEBUG c.orderbook.OrderBook - [ORDERBOOK] ASK: Adding orderMktData(price=101,quantity=200)
22:53:36.944 [main] DEBUG c.orderbook.OrderBook - [ORDERBOOK] ASK: Adding orderMktData(price=110,quantity=5000)
22:53:36.944 [main] DEBUG c.orderbook.OrderBook - [ORDERBOOK] ASK: Adding orderMktData(price=119,quantity=5600)
22:53:36.944 [main] DEBUG c.orderbook.OrderBook - [ORDERBOOK] ASK: Adding orderMktData(price=123,quantity=453)
22:53:36.944 [main] DEBUG c.orderbook.OrderBook - [ORDERBOOK] ASK: Adding orderMktData(price=144,quantity=645)
22:53:36.944 [main] DEBUG c.orderbook.OrderBook - [ORDERBOOK] ASK: Adding orderMktData(price=167,quantity=665)
22:53:36.944 [main] DEBUG c.service.MarketDataService - [ALGO] BID: price:43 quantity:134
22:53:36.944 [main] DEBUG c.service.MarketDataService - [ALGO] BID: price:76 quantity:145
22:53:36.944 [main] DEBUG c.service.MarketDataService - [ALGO] BID: price:91 quantity:300
22:53:36.944 [main] DEBUG c.service.MarketDataService - [ALGO] BID: price:93 quantity:200
22:53:36.944 [main] DEBUG c.service.MarketDataService - [ALGO] BID: price:95 quantity:100
22:53:36.944 [main] DEBUG c.service.MarketDataService - [ALGO] BID: price:98 quantity:154
22:53:36.944 [main] DEBUG c.service.MarketDataService - [ALGO] ASK: price:98 quantity:501
22:53:36.944 [main] DEBUG c.service.MarketDataService - [ALGO] ASK: price:101 quantity:200
22:53:36.944 [main] DEBUG c.service.MarketDataService - [ALGO] ASK: price:110 quantity:5000
22:53:36.944 [main] DEBUG c.service.MarketDataService - [ALGO] ASK: price:119 quantity:5600
22:53:36.944 [main] DEBUG c.service.MarketDataService - [ALGO] ASK: price:123 quantity:453
22:53:36.944 [main] DEBUG c.service.MarketDataService - [ALGO] ASK: price:144 quantity:645
22:53:36.944 [main] DEBUG c.service.MarketDataService - [ALGO] ASK: price:167 quantity:665
22:53:36.944 [main] INFO  c.gettingstarted.MyAlgoLogic - [MYALGO] The state of the order book is:
|----BID-----||----ASK----|
    134 @ 43    501 @ 98
    145 @ 76   200 @ 101
    300 @ 91  5000 @ 110
    200 @ 93  5600 @ 119
    100 @ 95   453 @ 123
    154 @ 98   645 @ 144
          -    665 @ 167
|------------||-----------|

22:53:36.944 [main] INFO  c.gettingstarted.MyAlgoLogic - [MYALGO] Algo Sees Book as: 
|----BID-----||----ASK----|
    134 @ 43    501 @ 98
    145 @ 76   200 @ 101
    300 @ 91  5000 @ 110
    200 @ 93  5600 @ 119
    100 @ 95   453 @ 123
    154 @ 98   645 @ 144
          -    665 @ 167
|------------||-----------|

22:53:36.944 [main] INFO  c.gettingstarted.TimedLogic - [TIMEDLOGIC] Market is closed
22:53:36.944 [main] INFO  c.sequencer.consumer.LoggingConsumer - [79] 
|----BID-----|
    134 @ 43
    145 @ 76
    300 @ 91
    200 @ 93
    100 @ 95
    154 @ 98
|----ASK-----|
    501 @ 98
   200 @ 101
  5000 @ 110
  5600 @ 119
   453 @ 123
   645 @ 144
   665 @ 167

22:53:36.944 [main] INFO  c.orderbook.OrderBook - [ORDERBOOK] Processing Mkt Data Update
22:53:36.944 [main] INFO  c.o.v.MutatingRemoveAllMarketDataOrdersVisitor - [ORDERBOOK] Removing market data order:MktData(price=43,quantity=134)
22:53:36.944 [main] INFO  c.o.v.MutatingRemoveAllMarketDataOrdersVisitor - [ORDERBOOK] Removing level:43
22:53:36.944 [main] DEBUG c.orderbook.OrderBook - [ORDERBOOK] ASK: Adding orderMktData(price=43,quantity=134)
22:53:36.944 [main] DEBUG c.orderbook.OrderBook - [ORDERBOOK] ASK: Adding orderMktData(price=76,quantity=145)
22:53:36.944 [main] DEBUG c.orderbook.OrderBook - [ORDERBOOK] ASK: Adding orderMktData(price=91,quantity=300)
22:53:36.944 [main] DEBUG c.orderbook.OrderBook - [ORDERBOOK] ASK: Adding orderMktData(price=93,quantity=200)
22:53:36.944 [main] DEBUG c.orderbook.OrderBook - [ORDERBOOK] ASK: Adding orderMktData(price=95,quantity=100)
22:53:36.944 [main] DEBUG c.orderbook.OrderBook - [ORDERBOOK] ASK: Adding orderMktData(price=98,quantity=154)
22:53:36.944 [main] INFO  c.o.v.MutatingMatchOneMarketDataOrderVisitor - [ORDERBOOK] visiting LevelOrderBookLevel(price=43,quantity=134)
22:53:36.944 [main] INFO  c.o.v.MutatingMatchOneMarketDataOrderVisitor - [ORDERBOOK] Can't match order:MktData(price=43,quantity=134)(MktData(price=98,quantity=154))
22:53:36.944 [main] INFO  c.o.v.MutatingRemoveAllMarketDataOrdersVisitor - [ORDERBOOK] Removing market data order:MktData(price=98,quantity=501)
22:53:36.944 [main] INFO  c.o.v.MutatingRemoveAllMarketDataOrdersVisitor - [ORDERBOOK] Removing level:98
22:53:36.944 [main] INFO  c.o.v.MutatingRemoveAllMarketDataOrdersVisitor - [ORDERBOOK] Removing market data order:MktData(price=101,quantity=200)
22:53:36.944 [main] INFO  c.o.v.MutatingRemoveAllMarketDataOrdersVisitor - [ORDERBOOK] Removing level:101
22:53:36.944 [main] INFO  c.o.v.MutatingRemoveAllMarketDataOrdersVisitor - [ORDERBOOK] Removing market data order:MktData(price=110,quantity=5000)
22:53:36.944 [main] INFO  c.o.v.MutatingRemoveAllMarketDataOrdersVisitor - [ORDERBOOK] Removing level:110
22:53:36.944 [main] INFO  c.o.v.MutatingRemoveAllMarketDataOrdersVisitor - [ORDERBOOK] Removing market data order:MktData(price=119,quantity=5600)
22:53:36.944 [main] INFO  c.o.v.MutatingRemoveAllMarketDataOrdersVisitor - [ORDERBOOK] Removing level:119
22:53:36.944 [main] INFO  c.o.v.MutatingRemoveAllMarketDataOrdersVisitor - [ORDERBOOK] Removing market data order:MktData(price=123,quantity=453)
22:53:36.944 [main] INFO  c.o.v.MutatingRemoveAllMarketDataOrdersVisitor - [ORDERBOOK] Removing level:123
22:53:36.944 [main] INFO  c.o.v.MutatingRemoveAllMarketDataOrdersVisitor - [ORDERBOOK] Removing market data order:MktData(price=144,quantity=645)
22:53:36.944 [main] INFO  c.o.v.MutatingRemoveAllMarketDataOrdersVisitor - [ORDERBOOK] Removing level:144
22:53:36.944 [main] INFO  c.o.v.MutatingRemoveAllMarketDataOrdersVisitor - [ORDERBOOK] Removing market data order:MktData(price=167,quantity=665)
22:53:36.944 [main] INFO  c.o.v.MutatingRemoveAllMarketDataOrdersVisitor - [ORDERBOOK] Removing level:167
22:53:36.944 [main] DEBUG c.orderbook.OrderBook - [ORDERBOOK] ASK: Adding orderMktData(price=98,quantity=501)
22:53:36.944 [main] DEBUG c.orderbook.OrderBook - [ORDERBOOK] ASK: Adding orderMktData(price=101,quantity=200)
22:53:36.944 [main] DEBUG c.orderbook.OrderBook - [ORDERBOOK] ASK: Adding orderMktData(price=110,quantity=5000)
22:53:36.944 [main] DEBUG c.orderbook.OrderBook - [ORDERBOOK] ASK: Adding orderMktData(price=119,quantity=5600)
22:53:36.944 [main] DEBUG c.orderbook.OrderBook - [ORDERBOOK] ASK: Adding orderMktData(price=123,quantity=453)
22:53:36.944 [main] DEBUG c.orderbook.OrderBook - [ORDERBOOK] ASK: Adding orderMktData(price=144,quantity=645)
22:53:36.944 [main] DEBUG c.orderbook.OrderBook - [ORDERBOOK] ASK: Adding orderMktData(price=167,quantity=665)
22:53:36.944 [main] DEBUG c.service.MarketDataService - [ALGO] BID: price:43 quantity:134
22:53:36.944 [main] DEBUG c.service.MarketDataService - [ALGO] BID: price:76 quantity:145
22:53:36.944 [main] DEBUG c.service.MarketDataService - [ALGO] BID: price:91 quantity:300
22:53:36.944 [main] DEBUG c.service.MarketDataService - [ALGO] BID: price:93 quantity:200
22:53:36.944 [main] DEBUG c.service.MarketDataService - [ALGO] BID: price:95 quantity:100
22:53:36.944 [main] DEBUG c.service.MarketDataService - [ALGO] BID: price:98 quantity:154
22:53:36.944 [main] DEBUG c.service.MarketDataService - [ALGO] ASK: price:98 quantity:501
22:53:36.944 [main] DEBUG c.service.MarketDataService - [ALGO] ASK: price:101 quantity:200
22:53:36.944 [main] DEBUG c.service.MarketDataService - [ALGO] ASK: price:110 quantity:5000
22:53:36.944 [main] DEBUG c.service.MarketDataService - [ALGO] ASK: price:119 quantity:5600
22:53:36.944 [main] DEBUG c.service.MarketDataService - [ALGO] ASK: price:123 quantity:453
22:53:36.944 [main] DEBUG c.service.MarketDataService - [ALGO] ASK: price:144 quantity:645
22:53:36.944 [main] DEBUG c.service.MarketDataService - [ALGO] ASK: price:167 quantity:665
22:53:36.944 [main] INFO  c.gettingstarted.MyAlgoLogic - [MYALGO] The state of the order book is:
|----BID-----||----ASK----|
    134 @ 43    501 @ 98
    145 @ 76   200 @ 101
    300 @ 91  5000 @ 110
    200 @ 93  5600 @ 119
    100 @ 95   453 @ 123
    154 @ 98   645 @ 144
          -    665 @ 167
|------------||-----------|

22:53:36.944 [main] INFO  c.gettingstarted.MyAlgoLogic - [MYALGO] Algo Sees Book as: 
|----BID-----||----ASK----|
    134 @ 43    501 @ 98
    145 @ 76   200 @ 101
    300 @ 91  5000 @ 110
    200 @ 93  5600 @ 119
    100 @ 95   453 @ 123
    154 @ 98   645 @ 144
          -    665 @ 167
|------------||-----------|

22:53:36.944 [main] INFO  c.gettingstarted.TimedLogic - [TIMEDLOGIC] Market is closed
22:53:36.944 [main] INFO  c.sequencer.consumer.LoggingConsumer - [80] 
|----BID-----|
    134 @ 43
    145 @ 76
    300 @ 91
    200 @ 93
    100 @ 95
    154 @ 98
|----ASK-----|
    501 @ 98
   200 @ 101
  5000 @ 110
  5600 @ 119
   453 @ 123
   645 @ 144
   665 @ 167

22:53:36.944 [main] INFO  c.orderbook.OrderBook - [ORDERBOOK] Processing Mkt Data Update
22:53:36.944 [main] INFO  c.o.v.MutatingRemoveAllMarketDataOrdersVisitor - [ORDERBOOK] Removing market data order:MktData(price=43,quantity=134)
22:53:36.944 [main] INFO  c.o.v.MutatingRemoveAllMarketDataOrdersVisitor - [ORDERBOOK] Removing level:43
22:53:36.944 [main] DEBUG c.orderbook.OrderBook - [ORDERBOOK] ASK: Adding orderMktData(price=43,quantity=134)
22:53:36.944 [main] DEBUG c.orderbook.OrderBook - [ORDERBOOK] ASK: Adding orderMktData(price=76,quantity=145)
22:53:36.944 [main] DEBUG c.orderbook.OrderBook - [ORDERBOOK] ASK: Adding orderMktData(price=91,quantity=300)
22:53:36.944 [main] DEBUG c.orderbook.OrderBook - [ORDERBOOK] ASK: Adding orderMktData(price=93,quantity=200)
22:53:36.944 [main] DEBUG c.orderbook.OrderBook - [ORDERBOOK] ASK: Adding orderMktData(price=95,quantity=100)
22:53:36.944 [main] DEBUG c.orderbook.OrderBook - [ORDERBOOK] ASK: Adding orderMktData(price=98,quantity=154)
22:53:36.944 [main] INFO  c.o.v.MutatingMatchOneMarketDataOrderVisitor - [ORDERBOOK] visiting LevelOrderBookLevel(price=43,quantity=134)
22:53:36.944 [main] INFO  c.o.v.MutatingMatchOneMarketDataOrderVisitor - [ORDERBOOK] Can't match order:MktData(price=43,quantity=134)(MktData(price=98,quantity=154))
22:53:36.944 [main] INFO  c.o.v.MutatingRemoveAllMarketDataOrdersVisitor - [ORDERBOOK] Removing market data order:MktData(price=98,quantity=501)
22:53:36.944 [main] INFO  c.o.v.MutatingRemoveAllMarketDataOrdersVisitor - [ORDERBOOK] Removing level:98
22:53:36.944 [main] INFO  c.o.v.MutatingRemoveAllMarketDataOrdersVisitor - [ORDERBOOK] Removing market data order:MktData(price=101,quantity=200)
22:53:36.944 [main] INFO  c.o.v.MutatingRemoveAllMarketDataOrdersVisitor - [ORDERBOOK] Removing level:101
22:53:36.944 [main] INFO  c.o.v.MutatingRemoveAllMarketDataOrdersVisitor - [ORDERBOOK] Removing market data order:MktData(price=110,quantity=5000)
22:53:36.944 [main] INFO  c.o.v.MutatingRemoveAllMarketDataOrdersVisitor - [ORDERBOOK] Removing level:110
22:53:36.944 [main] INFO  c.o.v.MutatingRemoveAllMarketDataOrdersVisitor - [ORDERBOOK] Removing market data order:MktData(price=119,quantity=5600)
22:53:36.944 [main] INFO  c.o.v.MutatingRemoveAllMarketDataOrdersVisitor - [ORDERBOOK] Removing level:119
22:53:36.944 [main] INFO  c.o.v.MutatingRemoveAllMarketDataOrdersVisitor - [ORDERBOOK] Removing market data order:MktData(price=123,quantity=453)
22:53:36.944 [main] INFO  c.o.v.MutatingRemoveAllMarketDataOrdersVisitor - [ORDERBOOK] Removing level:123
22:53:36.944 [main] INFO  c.o.v.MutatingRemoveAllMarketDataOrdersVisitor - [ORDERBOOK] Removing market data order:MktData(price=144,quantity=645)
22:53:36.944 [main] INFO  c.o.v.MutatingRemoveAllMarketDataOrdersVisitor - [ORDERBOOK] Removing level:144
22:53:36.944 [main] INFO  c.o.v.MutatingRemoveAllMarketDataOrdersVisitor - [ORDERBOOK] Removing market data order:MktData(price=167,quantity=665)
22:53:36.944 [main] INFO  c.o.v.MutatingRemoveAllMarketDataOrdersVisitor - [ORDERBOOK] Removing level:167
22:53:36.944 [main] DEBUG c.orderbook.OrderBook - [ORDERBOOK] ASK: Adding orderMktData(price=98,quantity=501)
22:53:36.944 [main] DEBUG c.orderbook.OrderBook - [ORDERBOOK] ASK: Adding orderMktData(price=101,quantity=200)
22:53:36.944 [main] DEBUG c.orderbook.OrderBook - [ORDERBOOK] ASK: Adding orderMktData(price=110,quantity=5000)
22:53:36.944 [main] DEBUG c.orderbook.OrderBook - [ORDERBOOK] ASK: Adding orderMktData(price=119,quantity=5600)
22:53:36.944 [main] DEBUG c.orderbook.OrderBook - [ORDERBOOK] ASK: Adding orderMktData(price=123,quantity=453)
22:53:36.944 [main] DEBUG c.orderbook.OrderBook - [ORDERBOOK] ASK: Adding orderMktData(price=144,quantity=645)
22:53:36.944 [main] DEBUG c.orderbook.OrderBook - [ORDERBOOK] ASK: Adding orderMktData(price=167,quantity=665)
22:53:36.944 [main] DEBUG c.service.MarketDataService - [ALGO] BID: price:43 quantity:134
22:53:36.944 [main] DEBUG c.service.MarketDataService - [ALGO] BID: price:76 quantity:145
22:53:36.944 [main] DEBUG c.service.MarketDataService - [ALGO] BID: price:91 quantity:300
22:53:36.944 [main] DEBUG c.service.MarketDataService - [ALGO] BID: price:93 quantity:200
22:53:36.944 [main] DEBUG c.service.MarketDataService - [ALGO] BID: price:95 quantity:100
22:53:36.944 [main] DEBUG c.service.MarketDataService - [ALGO] BID: price:98 quantity:154
22:53:36.944 [main] DEBUG c.service.MarketDataService - [ALGO] ASK: price:98 quantity:501
22:53:36.944 [main] DEBUG c.service.MarketDataService - [ALGO] ASK: price:101 quantity:200
22:53:36.944 [main] DEBUG c.service.MarketDataService - [ALGO] ASK: price:110 quantity:5000
22:53:36.944 [main] DEBUG c.service.MarketDataService - [ALGO] ASK: price:119 quantity:5600
22:53:36.944 [main] DEBUG c.service.MarketDataService - [ALGO] ASK: price:123 quantity:453
22:53:36.944 [main] DEBUG c.service.MarketDataService - [ALGO] ASK: price:144 quantity:645
22:53:36.944 [main] DEBUG c.service.MarketDataService - [ALGO] ASK: price:167 quantity:665
22:53:36.944 [main] INFO  c.gettingstarted.MyAlgoLogic - [MYALGO] The state of the order book is:
|----BID-----||----ASK----|
    134 @ 43    501 @ 98
    145 @ 76   200 @ 101
    300 @ 91  5000 @ 110
    200 @ 93  5600 @ 119
    100 @ 95   453 @ 123
    154 @ 98   645 @ 144
          -    665 @ 167
|------------||-----------|

22:53:36.944 [main] INFO  c.gettingstarted.MyAlgoLogic - [MYALGO] Algo Sees Book as: 
|----BID-----||----ASK----|
    134 @ 43    501 @ 98
    145 @ 76   200 @ 101
    300 @ 91  5000 @ 110
    200 @ 93  5600 @ 119
    100 @ 95   453 @ 123
    154 @ 98   645 @ 144
          -    665 @ 167
|------------||-----------|

22:53:36.944 [main] INFO  c.gettingstarted.TimedLogic - [TIMEDLOGIC] Market is closed
22:53:36.944 [main] INFO  c.sequencer.consumer.LoggingConsumer - [81] 
|----BID-----|
    134 @ 43
    145 @ 76
    300 @ 91
    200 @ 93
    100 @ 95
    154 @ 98
|----ASK-----|
    501 @ 98
   200 @ 101
  5000 @ 110
  5600 @ 119
   453 @ 123
   645 @ 144
   665 @ 167

22:53:36.944 [main] INFO  c.orderbook.OrderBook - [ORDERBOOK] Processing Mkt Data Update
22:53:36.944 [main] INFO  c.o.v.MutatingRemoveAllMarketDataOrdersVisitor - [ORDERBOOK] Removing market data order:MktData(price=43,quantity=134)
22:53:36.944 [main] INFO  c.o.v.MutatingRemoveAllMarketDataOrdersVisitor - [ORDERBOOK] Removing level:43
22:53:36.944 [main] DEBUG c.orderbook.OrderBook - [ORDERBOOK] ASK: Adding orderMktData(price=43,quantity=134)
22:53:36.944 [main] DEBUG c.orderbook.OrderBook - [ORDERBOOK] ASK: Adding orderMktData(price=76,quantity=145)
22:53:36.944 [main] DEBUG c.orderbook.OrderBook - [ORDERBOOK] ASK: Adding orderMktData(price=91,quantity=300)
22:53:36.944 [main] DEBUG c.orderbook.OrderBook - [ORDERBOOK] ASK: Adding orderMktData(price=93,quantity=200)
22:53:36.944 [main] DEBUG c.orderbook.OrderBook - [ORDERBOOK] ASK: Adding orderMktData(price=95,quantity=100)
22:53:36.944 [main] DEBUG c.orderbook.OrderBook - [ORDERBOOK] ASK: Adding orderMktData(price=98,quantity=154)
22:53:36.944 [main] INFO  c.o.v.MutatingMatchOneMarketDataOrderVisitor - [ORDERBOOK] visiting LevelOrderBookLevel(price=43,quantity=134)
22:53:36.944 [main] INFO  c.o.v.MutatingMatchOneMarketDataOrderVisitor - [ORDERBOOK] Can't match order:MktData(price=43,quantity=134)(MktData(price=98,quantity=154))
22:53:36.944 [main] INFO  c.o.v.MutatingRemoveAllMarketDataOrdersVisitor - [ORDERBOOK] Removing market data order:MktData(price=98,quantity=501)
22:53:36.944 [main] INFO  c.o.v.MutatingRemoveAllMarketDataOrdersVisitor - [ORDERBOOK] Removing level:98
22:53:36.944 [main] INFO  c.o.v.MutatingRemoveAllMarketDataOrdersVisitor - [ORDERBOOK] Removing market data order:MktData(price=101,quantity=200)
22:53:36.944 [main] INFO  c.o.v.MutatingRemoveAllMarketDataOrdersVisitor - [ORDERBOOK] Removing level:101
22:53:36.944 [main] INFO  c.o.v.MutatingRemoveAllMarketDataOrdersVisitor - [ORDERBOOK] Removing market data order:MktData(price=110,quantity=5000)
22:53:36.944 [main] INFO  c.o.v.MutatingRemoveAllMarketDataOrdersVisitor - [ORDERBOOK] Removing level:110
22:53:36.944 [main] INFO  c.o.v.MutatingRemoveAllMarketDataOrdersVisitor - [ORDERBOOK] Removing market data order:MktData(price=119,quantity=5600)
22:53:36.944 [main] INFO  c.o.v.MutatingRemoveAllMarketDataOrdersVisitor - [ORDERBOOK] Removing level:119
22:53:36.944 [main] INFO  c.o.v.MutatingRemoveAllMarketDataOrdersVisitor - [ORDERBOOK] Removing market data order:MktData(price=123,quantity=453)
22:53:36.944 [main] INFO  c.o.v.MutatingRemoveAllMarketDataOrdersVisitor - [ORDERBOOK] Removing level:123
22:53:36.944 [main] INFO  c.o.v.MutatingRemoveAllMarketDataOrdersVisitor - [ORDERBOOK] Removing market data order:MktData(price=144,quantity=645)
22:53:36.944 [main] INFO  c.o.v.MutatingRemoveAllMarketDataOrdersVisitor - [ORDERBOOK] Removing level:144
22:53:36.944 [main] INFO  c.o.v.MutatingRemoveAllMarketDataOrdersVisitor - [ORDERBOOK] Removing market data order:MktData(price=167,quantity=665)
22:53:36.944 [main] INFO  c.o.v.MutatingRemoveAllMarketDataOrdersVisitor - [ORDERBOOK] Removing level:167
22:53:36.944 [main] DEBUG c.orderbook.OrderBook - [ORDERBOOK] ASK: Adding orderMktData(price=98,quantity=501)
22:53:36.944 [main] DEBUG c.orderbook.OrderBook - [ORDERBOOK] ASK: Adding orderMktData(price=101,quantity=200)
22:53:36.944 [main] DEBUG c.orderbook.OrderBook - [ORDERBOOK] ASK: Adding orderMktData(price=110,quantity=5000)
22:53:36.944 [main] DEBUG c.orderbook.OrderBook - [ORDERBOOK] ASK: Adding orderMktData(price=119,quantity=5600)
22:53:36.944 [main] DEBUG c.orderbook.OrderBook - [ORDERBOOK] ASK: Adding orderMktData(price=123,quantity=453)
22:53:36.944 [main] DEBUG c.orderbook.OrderBook - [ORDERBOOK] ASK: Adding orderMktData(price=144,quantity=645)
22:53:36.944 [main] DEBUG c.orderbook.OrderBook - [ORDERBOOK] ASK: Adding orderMktData(price=167,quantity=665)
22:53:36.944 [main] DEBUG c.service.MarketDataService - [ALGO] BID: price:43 quantity:134
22:53:36.944 [main] DEBUG c.service.MarketDataService - [ALGO] BID: price:76 quantity:145
22:53:36.944 [main] DEBUG c.service.MarketDataService - [ALGO] BID: price:91 quantity:300
22:53:36.944 [main] DEBUG c.service.MarketDataService - [ALGO] BID: price:93 quantity:200
22:53:36.944 [main] DEBUG c.service.MarketDataService - [ALGO] BID: price:95 quantity:100
22:53:36.944 [main] DEBUG c.service.MarketDataService - [ALGO] BID: price:98 quantity:154
22:53:36.944 [main] DEBUG c.service.MarketDataService - [ALGO] ASK: price:98 quantity:501
22:53:36.944 [main] DEBUG c.service.MarketDataService - [ALGO] ASK: price:101 quantity:200
22:53:36.944 [main] DEBUG c.service.MarketDataService - [ALGO] ASK: price:110 quantity:5000
22:53:36.944 [main] DEBUG c.service.MarketDataService - [ALGO] ASK: price:119 quantity:5600
22:53:36.944 [main] DEBUG c.service.MarketDataService - [ALGO] ASK: price:123 quantity:453
22:53:36.944 [main] DEBUG c.service.MarketDataService - [ALGO] ASK: price:144 quantity:645
22:53:36.944 [main] DEBUG c.service.MarketDataService - [ALGO] ASK: price:167 quantity:665
22:53:36.944 [main] INFO  c.gettingstarted.MyAlgoLogic - [MYALGO] The state of the order book is:
|----BID-----||----ASK----|
    134 @ 43    501 @ 98
    145 @ 76   200 @ 101
    300 @ 91  5000 @ 110
    200 @ 93  5600 @ 119
    100 @ 95   453 @ 123
    154 @ 98   645 @ 144
          -    665 @ 167
|------------||-----------|

22:53:36.944 [main] INFO  c.gettingstarted.MyAlgoLogic - [MYALGO] Algo Sees Book as: 
|----BID-----||----ASK----|
    134 @ 43    501 @ 98
    145 @ 76   200 @ 101
    300 @ 91  5000 @ 110
    200 @ 93  5600 @ 119
    100 @ 95   453 @ 123
    154 @ 98   645 @ 144
          -    665 @ 167
|------------||-----------|

22:53:36.944 [main] INFO  c.gettingstarted.TimedLogic - [TIMEDLOGIC] Market is closed
22:53:36.944 [main] INFO  c.sequencer.consumer.LoggingConsumer - [82] 
|----BID-----|
    134 @ 43
    145 @ 76
    300 @ 91
    200 @ 93
    100 @ 95
    154 @ 98
|----ASK-----|
    501 @ 98
   200 @ 101
  5000 @ 110
  5600 @ 119
   453 @ 123
   645 @ 144
   665 @ 167

22:53:36.944 [main] INFO  c.orderbook.OrderBook - [ORDERBOOK] Processing Mkt Data Update
22:53:36.944 [main] INFO  c.o.v.MutatingRemoveAllMarketDataOrdersVisitor - [ORDERBOOK] Removing market data order:MktData(price=43,quantity=134)
22:53:36.944 [main] INFO  c.o.v.MutatingRemoveAllMarketDataOrdersVisitor - [ORDERBOOK] Removing level:43
22:53:36.944 [main] DEBUG c.orderbook.OrderBook - [ORDERBOOK] ASK: Adding orderMktData(price=43,quantity=134)
22:53:36.944 [main] DEBUG c.orderbook.OrderBook - [ORDERBOOK] ASK: Adding orderMktData(price=76,quantity=145)
22:53:36.944 [main] DEBUG c.orderbook.OrderBook - [ORDERBOOK] ASK: Adding orderMktData(price=91,quantity=300)
22:53:36.944 [main] DEBUG c.orderbook.OrderBook - [ORDERBOOK] ASK: Adding orderMktData(price=93,quantity=200)
22:53:36.944 [main] DEBUG c.orderbook.OrderBook - [ORDERBOOK] ASK: Adding orderMktData(price=95,quantity=100)
22:53:36.944 [main] DEBUG c.orderbook.OrderBook - [ORDERBOOK] ASK: Adding orderMktData(price=98,quantity=154)
22:53:36.944 [main] INFO  c.o.v.MutatingMatchOneMarketDataOrderVisitor - [ORDERBOOK] visiting LevelOrderBookLevel(price=43,quantity=134)
22:53:36.944 [main] INFO  c.o.v.MutatingMatchOneMarketDataOrderVisitor - [ORDERBOOK] Can't match order:MktData(price=43,quantity=134)(MktData(price=98,quantity=154))
22:53:36.944 [main] INFO  c.o.v.MutatingRemoveAllMarketDataOrdersVisitor - [ORDERBOOK] Removing market data order:MktData(price=98,quantity=501)
22:53:36.944 [main] INFO  c.o.v.MutatingRemoveAllMarketDataOrdersVisitor - [ORDERBOOK] Removing level:98
22:53:36.944 [main] INFO  c.o.v.MutatingRemoveAllMarketDataOrdersVisitor - [ORDERBOOK] Removing market data order:MktData(price=101,quantity=200)
22:53:36.944 [main] INFO  c.o.v.MutatingRemoveAllMarketDataOrdersVisitor - [ORDERBOOK] Removing level:101
22:53:36.944 [main] INFO  c.o.v.MutatingRemoveAllMarketDataOrdersVisitor - [ORDERBOOK] Removing market data order:MktData(price=110,quantity=5000)
22:53:36.944 [main] INFO  c.o.v.MutatingRemoveAllMarketDataOrdersVisitor - [ORDERBOOK] Removing level:110
22:53:36.944 [main] INFO  c.o.v.MutatingRemoveAllMarketDataOrdersVisitor - [ORDERBOOK] Removing market data order:MktData(price=119,quantity=5600)
22:53:36.944 [main] INFO  c.o.v.MutatingRemoveAllMarketDataOrdersVisitor - [ORDERBOOK] Removing level:119
22:53:36.944 [main] INFO  c.o.v.MutatingRemoveAllMarketDataOrdersVisitor - [ORDERBOOK] Removing market data order:MktData(price=123,quantity=453)
22:53:36.944 [main] INFO  c.o.v.MutatingRemoveAllMarketDataOrdersVisitor - [ORDERBOOK] Removing level:123
22:53:36.944 [main] INFO  c.o.v.MutatingRemoveAllMarketDataOrdersVisitor - [ORDERBOOK] Removing market data order:MktData(price=144,quantity=645)
22:53:36.944 [main] INFO  c.o.v.MutatingRemoveAllMarketDataOrdersVisitor - [ORDERBOOK] Removing level:144
22:53:36.944 [main] INFO  c.o.v.MutatingRemoveAllMarketDataOrdersVisitor - [ORDERBOOK] Removing market data order:MktData(price=167,quantity=665)
22:53:36.944 [main] INFO  c.o.v.MutatingRemoveAllMarketDataOrdersVisitor - [ORDERBOOK] Removing level:167
22:53:36.944 [main] DEBUG c.orderbook.OrderBook - [ORDERBOOK] ASK: Adding orderMktData(price=98,quantity=501)
22:53:36.944 [main] DEBUG c.orderbook.OrderBook - [ORDERBOOK] ASK: Adding orderMktData(price=101,quantity=200)
22:53:36.944 [main] DEBUG c.orderbook.OrderBook - [ORDERBOOK] ASK: Adding orderMktData(price=110,quantity=5000)
22:53:36.944 [main] DEBUG c.orderbook.OrderBook - [ORDERBOOK] ASK: Adding orderMktData(price=119,quantity=5600)
22:53:36.944 [main] DEBUG c.orderbook.OrderBook - [ORDERBOOK] ASK: Adding orderMktData(price=123,quantity=453)
22:53:36.944 [main] DEBUG c.orderbook.OrderBook - [ORDERBOOK] ASK: Adding orderMktData(price=144,quantity=645)
22:53:36.944 [main] DEBUG c.orderbook.OrderBook - [ORDERBOOK] ASK: Adding orderMktData(price=167,quantity=665)
22:53:36.944 [main] DEBUG c.service.MarketDataService - [ALGO] BID: price:43 quantity:134
22:53:36.944 [main] DEBUG c.service.MarketDataService - [ALGO] BID: price:76 quantity:145
22:53:36.944 [main] DEBUG c.service.MarketDataService - [ALGO] BID: price:91 quantity:300
22:53:36.944 [main] DEBUG c.service.MarketDataService - [ALGO] BID: price:93 quantity:200
22:53:36.944 [main] DEBUG c.service.MarketDataService - [ALGO] BID: price:95 quantity:100
22:53:36.944 [main] DEBUG c.service.MarketDataService - [ALGO] BID: price:98 quantity:154
22:53:36.944 [main] DEBUG c.service.MarketDataService - [ALGO] ASK: price:98 quantity:501
22:53:36.944 [main] DEBUG c.service.MarketDataService - [ALGO] ASK: price:101 quantity:200
22:53:36.944 [main] DEBUG c.service.MarketDataService - [ALGO] ASK: price:110 quantity:5000
22:53:36.944 [main] DEBUG c.service.MarketDataService - [ALGO] ASK: price:119 quantity:5600
22:53:36.944 [main] DEBUG c.service.MarketDataService - [ALGO] ASK: price:123 quantity:453
22:53:36.944 [main] DEBUG c.service.MarketDataService - [ALGO] ASK: price:144 quantity:645
22:53:36.944 [main] DEBUG c.service.MarketDataService - [ALGO] ASK: price:167 quantity:665
22:53:36.944 [main] INFO  c.gettingstarted.MyAlgoLogic - [MYALGO] The state of the order book is:
|----BID-----||----ASK----|
    134 @ 43    501 @ 98
    145 @ 76   200 @ 101
    300 @ 91  5000 @ 110
    200 @ 93  5600 @ 119
    100 @ 95   453 @ 123
    154 @ 98   645 @ 144
          -    665 @ 167
|------------||-----------|

22:53:36.944 [main] INFO  c.gettingstarted.MyAlgoLogic - [MYALGO] Algo Sees Book as: 
|----BID-----||----ASK----|
    134 @ 43    501 @ 98
    145 @ 76   200 @ 101
    300 @ 91  5000 @ 110
    200 @ 93  5600 @ 119
    100 @ 95   453 @ 123
    154 @ 98   645 @ 144
          -    665 @ 167
|------------||-----------|

22:53:36.944 [main] INFO  c.gettingstarted.TimedLogic - [TIMEDLOGIC] Market is closed
22:53:36.944 [main] INFO  c.sequencer.consumer.LoggingConsumer - [83] 
|----BID-----|
    134 @ 43
    145 @ 76
    300 @ 91
    200 @ 93
    100 @ 95
    154 @ 98
|----ASK-----|
    501 @ 98
   200 @ 101
  5000 @ 110
  5600 @ 119
   453 @ 123
   645 @ 144
   665 @ 167

22:53:36.944 [main] INFO  c.orderbook.OrderBook - [ORDERBOOK] Processing Mkt Data Update
22:53:36.944 [main] INFO  c.o.v.MutatingRemoveAllMarketDataOrdersVisitor - [ORDERBOOK] Removing market data order:MktData(price=43,quantity=134)
22:53:36.944 [main] INFO  c.o.v.MutatingRemoveAllMarketDataOrdersVisitor - [ORDERBOOK] Removing level:43
22:53:36.944 [main] DEBUG c.orderbook.OrderBook - [ORDERBOOK] ASK: Adding orderMktData(price=43,quantity=134)
22:53:36.944 [main] DEBUG c.orderbook.OrderBook - [ORDERBOOK] ASK: Adding orderMktData(price=76,quantity=145)
22:53:36.944 [main] DEBUG c.orderbook.OrderBook - [ORDERBOOK] ASK: Adding orderMktData(price=91,quantity=300)
22:53:36.944 [main] DEBUG c.orderbook.OrderBook - [ORDERBOOK] ASK: Adding orderMktData(price=93,quantity=200)
22:53:36.944 [main] DEBUG c.orderbook.OrderBook - [ORDERBOOK] ASK: Adding orderMktData(price=95,quantity=100)
22:53:36.944 [main] DEBUG c.orderbook.OrderBook - [ORDERBOOK] ASK: Adding orderMktData(price=98,quantity=154)
22:53:36.944 [main] INFO  c.o.v.MutatingMatchOneMarketDataOrderVisitor - [ORDERBOOK] visiting LevelOrderBookLevel(price=43,quantity=134)
22:53:36.944 [main] INFO  c.o.v.MutatingMatchOneMarketDataOrderVisitor - [ORDERBOOK] Can't match order:MktData(price=43,quantity=134)(MktData(price=98,quantity=154))
22:53:36.944 [main] INFO  c.o.v.MutatingRemoveAllMarketDataOrdersVisitor - [ORDERBOOK] Removing market data order:MktData(price=98,quantity=501)
22:53:36.944 [main] INFO  c.o.v.MutatingRemoveAllMarketDataOrdersVisitor - [ORDERBOOK] Removing level:98
22:53:36.944 [main] INFO  c.o.v.MutatingRemoveAllMarketDataOrdersVisitor - [ORDERBOOK] Removing market data order:MktData(price=101,quantity=200)
22:53:36.944 [main] INFO  c.o.v.MutatingRemoveAllMarketDataOrdersVisitor - [ORDERBOOK] Removing level:101
22:53:36.944 [main] INFO  c.o.v.MutatingRemoveAllMarketDataOrdersVisitor - [ORDERBOOK] Removing market data order:MktData(price=110,quantity=5000)
22:53:36.944 [main] INFO  c.o.v.MutatingRemoveAllMarketDataOrdersVisitor - [ORDERBOOK] Removing level:110
22:53:36.944 [main] INFO  c.o.v.MutatingRemoveAllMarketDataOrdersVisitor - [ORDERBOOK] Removing market data order:MktData(price=119,quantity=5600)
22:53:36.944 [main] INFO  c.o.v.MutatingRemoveAllMarketDataOrdersVisitor - [ORDERBOOK] Removing level:119
22:53:36.944 [main] INFO  c.o.v.MutatingRemoveAllMarketDataOrdersVisitor - [ORDERBOOK] Removing market data order:MktData(price=123,quantity=453)
22:53:36.944 [main] INFO  c.o.v.MutatingRemoveAllMarketDataOrdersVisitor - [ORDERBOOK] Removing level:123
22:53:36.944 [main] INFO  c.o.v.MutatingRemoveAllMarketDataOrdersVisitor - [ORDERBOOK] Removing market data order:MktData(price=144,quantity=645)
22:53:36.944 [main] INFO  c.o.v.MutatingRemoveAllMarketDataOrdersVisitor - [ORDERBOOK] Removing level:144
22:53:36.944 [main] INFO  c.o.v.MutatingRemoveAllMarketDataOrdersVisitor - [ORDERBOOK] Removing market data order:MktData(price=167,quantity=665)
22:53:36.944 [main] INFO  c.o.v.MutatingRemoveAllMarketDataOrdersVisitor - [ORDERBOOK] Removing level:167
22:53:36.944 [main] DEBUG c.orderbook.OrderBook - [ORDERBOOK] ASK: Adding orderMktData(price=98,quantity=501)
22:53:36.944 [main] DEBUG c.orderbook.OrderBook - [ORDERBOOK] ASK: Adding orderMktData(price=101,quantity=200)
22:53:36.944 [main] DEBUG c.orderbook.OrderBook - [ORDERBOOK] ASK: Adding orderMktData(price=110,quantity=5000)
22:53:36.944 [main] DEBUG c.orderbook.OrderBook - [ORDERBOOK] ASK: Adding orderMktData(price=119,quantity=5600)
22:53:36.944 [main] DEBUG c.orderbook.OrderBook - [ORDERBOOK] ASK: Adding orderMktData(price=123,quantity=453)
22:53:36.944 [main] DEBUG c.orderbook.OrderBook - [ORDERBOOK] ASK: Adding orderMktData(price=144,quantity=645)
22:53:36.944 [main] DEBUG c.orderbook.OrderBook - [ORDERBOOK] ASK: Adding orderMktData(price=167,quantity=665)
22:53:36.944 [main] DEBUG c.service.MarketDataService - [ALGO] BID: price:43 quantity:134
22:53:36.944 [main] DEBUG c.service.MarketDataService - [ALGO] BID: price:76 quantity:145
22:53:36.944 [main] DEBUG c.service.MarketDataService - [ALGO] BID: price:91 quantity:300
22:53:36.944 [main] DEBUG c.service.MarketDataService - [ALGO] BID: price:93 quantity:200
22:53:36.944 [main] DEBUG c.service.MarketDataService - [ALGO] BID: price:95 quantity:100
22:53:36.944 [main] DEBUG c.service.MarketDataService - [ALGO] BID: price:98 quantity:154
22:53:36.944 [main] DEBUG c.service.MarketDataService - [ALGO] ASK: price:98 quantity:501
22:53:36.944 [main] DEBUG c.service.MarketDataService - [ALGO] ASK: price:101 quantity:200
22:53:36.944 [main] DEBUG c.service.MarketDataService - [ALGO] ASK: price:110 quantity:5000
22:53:36.944 [main] DEBUG c.service.MarketDataService - [ALGO] ASK: price:119 quantity:5600
22:53:36.944 [main] DEBUG c.service.MarketDataService - [ALGO] ASK: price:123 quantity:453
22:53:36.944 [main] DEBUG c.service.MarketDataService - [ALGO] ASK: price:144 quantity:645
22:53:36.944 [main] DEBUG c.service.MarketDataService - [ALGO] ASK: price:167 quantity:665
22:53:36.944 [main] INFO  c.gettingstarted.MyAlgoLogic - [MYALGO] The state of the order book is:
|----BID-----||----ASK----|
    134 @ 43    501 @ 98
    145 @ 76   200 @ 101
    300 @ 91  5000 @ 110
    200 @ 93  5600 @ 119
    100 @ 95   453 @ 123
    154 @ 98   645 @ 144
          -    665 @ 167
|------------||-----------|

22:53:36.944 [main] INFO  c.gettingstarted.MyAlgoLogic - [MYALGO] Algo Sees Book as: 
|----BID-----||----ASK----|
    134 @ 43    501 @ 98
    145 @ 76   200 @ 101
    300 @ 91  5000 @ 110
    200 @ 93  5600 @ 119
    100 @ 95   453 @ 123
    154 @ 98   645 @ 144
          -    665 @ 167
|------------||-----------|

22:53:36.944 [main] INFO  c.gettingstarted.TimedLogic - [TIMEDLOGIC] Market is closed
22:53:36.944 [main] INFO  c.sequencer.consumer.LoggingConsumer - [84] 
|----BID-----|
    134 @ 43
    145 @ 76
    300 @ 91
    200 @ 93
    100 @ 95
    154 @ 98
|----ASK-----|
    501 @ 98
   200 @ 101
  5000 @ 110
  5600 @ 119
   453 @ 123
   645 @ 144
   665 @ 167

22:53:36.944 [main] INFO  c.orderbook.OrderBook - [ORDERBOOK] Processing Mkt Data Update
22:53:36.944 [main] INFO  c.o.v.MutatingRemoveAllMarketDataOrdersVisitor - [ORDERBOOK] Removing market data order:MktData(price=43,quantity=134)
22:53:36.944 [main] INFO  c.o.v.MutatingRemoveAllMarketDataOrdersVisitor - [ORDERBOOK] Removing level:43
22:53:36.944 [main] DEBUG c.orderbook.OrderBook - [ORDERBOOK] ASK: Adding orderMktData(price=43,quantity=134)
22:53:36.944 [main] DEBUG c.orderbook.OrderBook - [ORDERBOOK] ASK: Adding orderMktData(price=76,quantity=145)
22:53:36.944 [main] DEBUG c.orderbook.OrderBook - [ORDERBOOK] ASK: Adding orderMktData(price=91,quantity=300)
22:53:36.944 [main] DEBUG c.orderbook.OrderBook - [ORDERBOOK] ASK: Adding orderMktData(price=93,quantity=200)
22:53:36.944 [main] DEBUG c.orderbook.OrderBook - [ORDERBOOK] ASK: Adding orderMktData(price=95,quantity=100)
22:53:36.944 [main] DEBUG c.orderbook.OrderBook - [ORDERBOOK] ASK: Adding orderMktData(price=98,quantity=154)
22:53:36.944 [main] INFO  c.o.v.MutatingMatchOneMarketDataOrderVisitor - [ORDERBOOK] visiting LevelOrderBookLevel(price=43,quantity=134)
22:53:36.944 [main] INFO  c.o.v.MutatingMatchOneMarketDataOrderVisitor - [ORDERBOOK] Can't match order:MktData(price=43,quantity=134)(MktData(price=98,quantity=154))
22:53:36.944 [main] INFO  c.o.v.MutatingRemoveAllMarketDataOrdersVisitor - [ORDERBOOK] Removing market data order:MktData(price=98,quantity=501)
22:53:36.944 [main] INFO  c.o.v.MutatingRemoveAllMarketDataOrdersVisitor - [ORDERBOOK] Removing level:98
22:53:36.944 [main] INFO  c.o.v.MutatingRemoveAllMarketDataOrdersVisitor - [ORDERBOOK] Removing market data order:MktData(price=101,quantity=200)
22:53:36.944 [main] INFO  c.o.v.MutatingRemoveAllMarketDataOrdersVisitor - [ORDERBOOK] Removing level:101
22:53:36.944 [main] INFO  c.o.v.MutatingRemoveAllMarketDataOrdersVisitor - [ORDERBOOK] Removing market data order:MktData(price=110,quantity=5000)
22:53:36.944 [main] INFO  c.o.v.MutatingRemoveAllMarketDataOrdersVisitor - [ORDERBOOK] Removing level:110
22:53:36.944 [main] INFO  c.o.v.MutatingRemoveAllMarketDataOrdersVisitor - [ORDERBOOK] Removing market data order:MktData(price=119,quantity=5600)
22:53:36.944 [main] INFO  c.o.v.MutatingRemoveAllMarketDataOrdersVisitor - [ORDERBOOK] Removing level:119
22:53:36.944 [main] INFO  c.o.v.MutatingRemoveAllMarketDataOrdersVisitor - [ORDERBOOK] Removing market data order:MktData(price=123,quantity=453)
22:53:36.944 [main] INFO  c.o.v.MutatingRemoveAllMarketDataOrdersVisitor - [ORDERBOOK] Removing level:123
22:53:36.944 [main] INFO  c.o.v.MutatingRemoveAllMarketDataOrdersVisitor - [ORDERBOOK] Removing market data order:MktData(price=144,quantity=645)
22:53:36.944 [main] INFO  c.o.v.MutatingRemoveAllMarketDataOrdersVisitor - [ORDERBOOK] Removing level:144
22:53:36.944 [main] INFO  c.o.v.MutatingRemoveAllMarketDataOrdersVisitor - [ORDERBOOK] Removing market data order:MktData(price=167,quantity=665)
22:53:36.944 [main] INFO  c.o.v.MutatingRemoveAllMarketDataOrdersVisitor - [ORDERBOOK] Removing level:167
22:53:36.944 [main] DEBUG c.orderbook.OrderBook - [ORDERBOOK] ASK: Adding orderMktData(price=98,quantity=501)
22:53:36.944 [main] DEBUG c.orderbook.OrderBook - [ORDERBOOK] ASK: Adding orderMktData(price=101,quantity=200)
22:53:36.944 [main] DEBUG c.orderbook.OrderBook - [ORDERBOOK] ASK: Adding orderMktData(price=110,quantity=5000)
22:53:36.944 [main] DEBUG c.orderbook.OrderBook - [ORDERBOOK] ASK: Adding orderMktData(price=119,quantity=5600)
22:53:36.944 [main] DEBUG c.orderbook.OrderBook - [ORDERBOOK] ASK: Adding orderMktData(price=123,quantity=453)
22:53:36.944 [main] DEBUG c.orderbook.OrderBook - [ORDERBOOK] ASK: Adding orderMktData(price=144,quantity=645)
22:53:36.944 [main] DEBUG c.orderbook.OrderBook - [ORDERBOOK] ASK: Adding orderMktData(price=167,quantity=665)
22:53:36.944 [main] DEBUG c.service.MarketDataService - [ALGO] BID: price:43 quantity:134
22:53:36.944 [main] DEBUG c.service.MarketDataService - [ALGO] BID: price:76 quantity:145
22:53:36.944 [main] DEBUG c.service.MarketDataService - [ALGO] BID: price:91 quantity:300
22:53:36.944 [main] DEBUG c.service.MarketDataService - [ALGO] BID: price:93 quantity:200
22:53:36.944 [main] DEBUG c.service.MarketDataService - [ALGO] BID: price:95 quantity:100
22:53:36.944 [main] DEBUG c.service.MarketDataService - [ALGO] BID: price:98 quantity:154
22:53:36.944 [main] DEBUG c.service.MarketDataService - [ALGO] ASK: price:98 quantity:501
22:53:36.944 [main] DEBUG c.service.MarketDataService - [ALGO] ASK: price:101 quantity:200
22:53:36.944 [main] DEBUG c.service.MarketDataService - [ALGO] ASK: price:110 quantity:5000
22:53:36.944 [main] DEBUG c.service.MarketDataService - [ALGO] ASK: price:119 quantity:5600
22:53:36.944 [main] DEBUG c.service.MarketDataService - [ALGO] ASK: price:123 quantity:453
22:53:36.944 [main] DEBUG c.service.MarketDataService - [ALGO] ASK: price:144 quantity:645
22:53:36.944 [main] DEBUG c.service.MarketDataService - [ALGO] ASK: price:167 quantity:665
22:53:36.944 [main] INFO  c.gettingstarted.MyAlgoLogic - [MYALGO] The state of the order book is:
|----BID-----||----ASK----|
    134 @ 43    501 @ 98
    145 @ 76   200 @ 101
    300 @ 91  5000 @ 110
    200 @ 93  5600 @ 119
    100 @ 95   453 @ 123
    154 @ 98   645 @ 144
          -    665 @ 167
|------------||-----------|

22:53:36.944 [main] INFO  c.gettingstarted.MyAlgoLogic - [MYALGO] Algo Sees Book as: 
|----BID-----||----ASK----|
    134 @ 43    501 @ 98
    145 @ 76   200 @ 101
    300 @ 91  5000 @ 110
    200 @ 93  5600 @ 119
    100 @ 95   453 @ 123
    154 @ 98   645 @ 144
          -    665 @ 167
|------------||-----------|

22:53:36.944 [main] INFO  c.gettingstarted.TimedLogic - [TIMEDLOGIC] Market is closed
22:53:36.944 [main] INFO  c.sequencer.consumer.LoggingConsumer - [85] 
|----BID-----|
    134 @ 43
    145 @ 76
    300 @ 91
    200 @ 93
    100 @ 95
    154 @ 98
|----ASK-----|
    501 @ 98
   200 @ 101
  5000 @ 110
  5600 @ 119
   453 @ 123
   645 @ 144
   665 @ 167

22:53:36.944 [main] INFO  c.orderbook.OrderBook - [ORDERBOOK] Processing Mkt Data Update
22:53:36.944 [main] INFO  c.o.v.MutatingRemoveAllMarketDataOrdersVisitor - [ORDERBOOK] Removing market data order:MktData(price=43,quantity=134)
22:53:36.944 [main] INFO  c.o.v.MutatingRemoveAllMarketDataOrdersVisitor - [ORDERBOOK] Removing level:43
22:53:36.944 [main] DEBUG c.orderbook.OrderBook - [ORDERBOOK] ASK: Adding orderMktData(price=43,quantity=134)
22:53:36.944 [main] DEBUG c.orderbook.OrderBook - [ORDERBOOK] ASK: Adding orderMktData(price=76,quantity=145)
22:53:36.944 [main] DEBUG c.orderbook.OrderBook - [ORDERBOOK] ASK: Adding orderMktData(price=91,quantity=300)
22:53:36.944 [main] DEBUG c.orderbook.OrderBook - [ORDERBOOK] ASK: Adding orderMktData(price=93,quantity=200)
22:53:36.944 [main] DEBUG c.orderbook.OrderBook - [ORDERBOOK] ASK: Adding orderMktData(price=95,quantity=100)
22:53:36.944 [main] DEBUG c.orderbook.OrderBook - [ORDERBOOK] ASK: Adding orderMktData(price=98,quantity=154)
22:53:36.944 [main] INFO  c.o.v.MutatingMatchOneMarketDataOrderVisitor - [ORDERBOOK] visiting LevelOrderBookLevel(price=43,quantity=134)
22:53:36.944 [main] INFO  c.o.v.MutatingMatchOneMarketDataOrderVisitor - [ORDERBOOK] Can't match order:MktData(price=43,quantity=134)(MktData(price=98,quantity=154))
22:53:36.944 [main] INFO  c.o.v.MutatingRemoveAllMarketDataOrdersVisitor - [ORDERBOOK] Removing market data order:MktData(price=98,quantity=501)
22:53:36.944 [main] INFO  c.o.v.MutatingRemoveAllMarketDataOrdersVisitor - [ORDERBOOK] Removing level:98
22:53:36.944 [main] INFO  c.o.v.MutatingRemoveAllMarketDataOrdersVisitor - [ORDERBOOK] Removing market data order:MktData(price=101,quantity=200)
22:53:36.944 [main] INFO  c.o.v.MutatingRemoveAllMarketDataOrdersVisitor - [ORDERBOOK] Removing level:101
22:53:36.944 [main] INFO  c.o.v.MutatingRemoveAllMarketDataOrdersVisitor - [ORDERBOOK] Removing market data order:MktData(price=110,quantity=5000)
22:53:36.944 [main] INFO  c.o.v.MutatingRemoveAllMarketDataOrdersVisitor - [ORDERBOOK] Removing level:110
22:53:36.944 [main] INFO  c.o.v.MutatingRemoveAllMarketDataOrdersVisitor - [ORDERBOOK] Removing market data order:MktData(price=119,quantity=5600)
22:53:36.944 [main] INFO  c.o.v.MutatingRemoveAllMarketDataOrdersVisitor - [ORDERBOOK] Removing level:119
22:53:36.944 [main] INFO  c.o.v.MutatingRemoveAllMarketDataOrdersVisitor - [ORDERBOOK] Removing market data order:MktData(price=123,quantity=453)
22:53:36.944 [main] INFO  c.o.v.MutatingRemoveAllMarketDataOrdersVisitor - [ORDERBOOK] Removing level:123
22:53:36.944 [main] INFO  c.o.v.MutatingRemoveAllMarketDataOrdersVisitor - [ORDERBOOK] Removing market data order:MktData(price=144,quantity=645)
22:53:36.944 [main] INFO  c.o.v.MutatingRemoveAllMarketDataOrdersVisitor - [ORDERBOOK] Removing level:144
22:53:36.944 [main] INFO  c.o.v.MutatingRemoveAllMarketDataOrdersVisitor - [ORDERBOOK] Removing market data order:MktData(price=167,quantity=665)
22:53:36.944 [main] INFO  c.o.v.MutatingRemoveAllMarketDataOrdersVisitor - [ORDERBOOK] Removing level:167
22:53:36.944 [main] DEBUG c.orderbook.OrderBook - [ORDERBOOK] ASK: Adding orderMktData(price=98,quantity=501)
22:53:36.944 [main] DEBUG c.orderbook.OrderBook - [ORDERBOOK] ASK: Adding orderMktData(price=101,quantity=200)
22:53:36.944 [main] DEBUG c.orderbook.OrderBook - [ORDERBOOK] ASK: Adding orderMktData(price=110,quantity=5000)
22:53:36.944 [main] DEBUG c.orderbook.OrderBook - [ORDERBOOK] ASK: Adding orderMktData(price=119,quantity=5600)
22:53:36.944 [main] DEBUG c.orderbook.OrderBook - [ORDERBOOK] ASK: Adding orderMktData(price=123,quantity=453)
22:53:36.944 [main] DEBUG c.orderbook.OrderBook - [ORDERBOOK] ASK: Adding orderMktData(price=144,quantity=645)
22:53:36.944 [main] DEBUG c.orderbook.OrderBook - [ORDERBOOK] ASK: Adding orderMktData(price=167,quantity=665)
22:53:36.944 [main] DEBUG c.service.MarketDataService - [ALGO] BID: price:43 quantity:134
22:53:36.944 [main] DEBUG c.service.MarketDataService - [ALGO] BID: price:76 quantity:145
22:53:36.952 [main] DEBUG c.service.MarketDataService - [ALGO] BID: price:91 quantity:300
22:53:36.952 [main] DEBUG c.service.MarketDataService - [ALGO] BID: price:93 quantity:200
22:53:36.952 [main] DEBUG c.service.MarketDataService - [ALGO] BID: price:95 quantity:100
22:53:36.952 [main] DEBUG c.service.MarketDataService - [ALGO] BID: price:98 quantity:154
22:53:36.952 [main] DEBUG c.service.MarketDataService - [ALGO] ASK: price:98 quantity:501
22:53:36.952 [main] DEBUG c.service.MarketDataService - [ALGO] ASK: price:101 quantity:200
22:53:36.952 [main] DEBUG c.service.MarketDataService - [ALGO] ASK: price:110 quantity:5000
22:53:36.952 [main] DEBUG c.service.MarketDataService - [ALGO] ASK: price:119 quantity:5600
22:53:36.952 [main] DEBUG c.service.MarketDataService - [ALGO] ASK: price:123 quantity:453
22:53:36.952 [main] DEBUG c.service.MarketDataService - [ALGO] ASK: price:144 quantity:645
22:53:36.952 [main] DEBUG c.service.MarketDataService - [ALGO] ASK: price:167 quantity:665
22:53:36.952 [main] INFO  c.gettingstarted.MyAlgoLogic - [MYALGO] The state of the order book is:
|----BID-----||----ASK----|
    134 @ 43    501 @ 98
    145 @ 76   200 @ 101
    300 @ 91  5000 @ 110
    200 @ 93  5600 @ 119
    100 @ 95   453 @ 123
    154 @ 98   645 @ 144
          -    665 @ 167
|------------||-----------|

22:53:36.952 [main] INFO  c.gettingstarted.MyAlgoLogic - [MYALGO] Algo Sees Book as: 
|----BID-----||----ASK----|
    134 @ 43    501 @ 98
    145 @ 76   200 @ 101
    300 @ 91  5000 @ 110
    200 @ 93  5600 @ 119
    100 @ 95   453 @ 123
    154 @ 98   645 @ 144
          -    665 @ 167
|------------||-----------|

22:53:36.952 [main] INFO  c.gettingstarted.TimedLogic - [TIMEDLOGIC] Market is closed
22:53:36.952 [main] INFO  c.sequencer.consumer.LoggingConsumer - [86] 
|----BID-----|
    134 @ 43
    145 @ 76
    300 @ 91
    200 @ 93
    100 @ 95
    154 @ 98
|----ASK-----|
    501 @ 98
   200 @ 101
  5000 @ 110
  5600 @ 119
   453 @ 123
   645 @ 144
   665 @ 167

22:53:36.952 [main] INFO  c.orderbook.OrderBook - [ORDERBOOK] Processing Mkt Data Update
22:53:36.952 [main] INFO  c.o.v.MutatingRemoveAllMarketDataOrdersVisitor - [ORDERBOOK] Removing market data order:MktData(price=43,quantity=134)
22:53:36.952 [main] INFO  c.o.v.MutatingRemoveAllMarketDataOrdersVisitor - [ORDERBOOK] Removing level:43
22:53:36.952 [main] DEBUG c.orderbook.OrderBook - [ORDERBOOK] ASK: Adding orderMktData(price=43,quantity=134)
22:53:36.952 [main] DEBUG c.orderbook.OrderBook - [ORDERBOOK] ASK: Adding orderMktData(price=76,quantity=145)
22:53:36.952 [main] DEBUG c.orderbook.OrderBook - [ORDERBOOK] ASK: Adding orderMktData(price=91,quantity=300)
22:53:36.952 [main] DEBUG c.orderbook.OrderBook - [ORDERBOOK] ASK: Adding orderMktData(price=93,quantity=200)
22:53:36.952 [main] DEBUG c.orderbook.OrderBook - [ORDERBOOK] ASK: Adding orderMktData(price=95,quantity=100)
22:53:36.952 [main] DEBUG c.orderbook.OrderBook - [ORDERBOOK] ASK: Adding orderMktData(price=98,quantity=154)
22:53:36.952 [main] INFO  c.o.v.MutatingMatchOneMarketDataOrderVisitor - [ORDERBOOK] visiting LevelOrderBookLevel(price=43,quantity=134)
22:53:36.952 [main] INFO  c.o.v.MutatingMatchOneMarketDataOrderVisitor - [ORDERBOOK] Can't match order:MktData(price=43,quantity=134)(MktData(price=98,quantity=154))
22:53:36.952 [main] INFO  c.o.v.MutatingRemoveAllMarketDataOrdersVisitor - [ORDERBOOK] Removing market data order:MktData(price=98,quantity=501)
22:53:36.952 [main] INFO  c.o.v.MutatingRemoveAllMarketDataOrdersVisitor - [ORDERBOOK] Removing level:98
22:53:36.952 [main] INFO  c.o.v.MutatingRemoveAllMarketDataOrdersVisitor - [ORDERBOOK] Removing market data order:MktData(price=101,quantity=200)
22:53:36.952 [main] INFO  c.o.v.MutatingRemoveAllMarketDataOrdersVisitor - [ORDERBOOK] Removing level:101
22:53:36.952 [main] INFO  c.o.v.MutatingRemoveAllMarketDataOrdersVisitor - [ORDERBOOK] Removing market data order:MktData(price=110,quantity=5000)
22:53:36.952 [main] INFO  c.o.v.MutatingRemoveAllMarketDataOrdersVisitor - [ORDERBOOK] Removing level:110
22:53:36.952 [main] INFO  c.o.v.MutatingRemoveAllMarketDataOrdersVisitor - [ORDERBOOK] Removing market data order:MktData(price=119,quantity=5600)
22:53:36.952 [main] INFO  c.o.v.MutatingRemoveAllMarketDataOrdersVisitor - [ORDERBOOK] Removing level:119
22:53:36.952 [main] INFO  c.o.v.MutatingRemoveAllMarketDataOrdersVisitor - [ORDERBOOK] Removing market data order:MktData(price=123,quantity=453)
22:53:36.952 [main] INFO  c.o.v.MutatingRemoveAllMarketDataOrdersVisitor - [ORDERBOOK] Removing level:123
22:53:36.952 [main] INFO  c.o.v.MutatingRemoveAllMarketDataOrdersVisitor - [ORDERBOOK] Removing market data order:MktData(price=144,quantity=645)
22:53:36.952 [main] INFO  c.o.v.MutatingRemoveAllMarketDataOrdersVisitor - [ORDERBOOK] Removing level:144
22:53:36.952 [main] INFO  c.o.v.MutatingRemoveAllMarketDataOrdersVisitor - [ORDERBOOK] Removing market data order:MktData(price=167,quantity=665)
22:53:36.952 [main] INFO  c.o.v.MutatingRemoveAllMarketDataOrdersVisitor - [ORDERBOOK] Removing level:167
22:53:36.952 [main] DEBUG c.orderbook.OrderBook - [ORDERBOOK] ASK: Adding orderMktData(price=98,quantity=501)
22:53:36.952 [main] DEBUG c.orderbook.OrderBook - [ORDERBOOK] ASK: Adding orderMktData(price=101,quantity=200)
22:53:36.952 [main] DEBUG c.orderbook.OrderBook - [ORDERBOOK] ASK: Adding orderMktData(price=110,quantity=5000)
22:53:36.952 [main] DEBUG c.orderbook.OrderBook - [ORDERBOOK] ASK: Adding orderMktData(price=119,quantity=5600)
22:53:36.952 [main] DEBUG c.orderbook.OrderBook - [ORDERBOOK] ASK: Adding orderMktData(price=123,quantity=453)
22:53:36.952 [main] DEBUG c.orderbook.OrderBook - [ORDERBOOK] ASK: Adding orderMktData(price=144,quantity=645)
22:53:36.952 [main] DEBUG c.orderbook.OrderBook - [ORDERBOOK] ASK: Adding orderMktData(price=167,quantity=665)
22:53:36.952 [main] DEBUG c.service.MarketDataService - [ALGO] BID: price:43 quantity:134
22:53:36.952 [main] DEBUG c.service.MarketDataService - [ALGO] BID: price:76 quantity:145
22:53:36.952 [main] DEBUG c.service.MarketDataService - [ALGO] BID: price:91 quantity:300
22:53:36.952 [main] DEBUG c.service.MarketDataService - [ALGO] BID: price:93 quantity:200
22:53:36.952 [main] DEBUG c.service.MarketDataService - [ALGO] BID: price:95 quantity:100
22:53:36.952 [main] DEBUG c.service.MarketDataService - [ALGO] BID: price:98 quantity:154
22:53:36.952 [main] DEBUG c.service.MarketDataService - [ALGO] ASK: price:98 quantity:501
22:53:36.952 [main] DEBUG c.service.MarketDataService - [ALGO] ASK: price:101 quantity:200
22:53:36.952 [main] DEBUG c.service.MarketDataService - [ALGO] ASK: price:110 quantity:5000
22:53:36.952 [main] DEBUG c.service.MarketDataService - [ALGO] ASK: price:119 quantity:5600
22:53:36.952 [main] DEBUG c.service.MarketDataService - [ALGO] ASK: price:123 quantity:453
22:53:36.952 [main] DEBUG c.service.MarketDataService - [ALGO] ASK: price:144 quantity:645
22:53:36.952 [main] DEBUG c.service.MarketDataService - [ALGO] ASK: price:167 quantity:665
22:53:36.952 [main] INFO  c.gettingstarted.MyAlgoLogic - [MYALGO] The state of the order book is:
|----BID-----||----ASK----|
    134 @ 43    501 @ 98
    145 @ 76   200 @ 101
    300 @ 91  5000 @ 110
    200 @ 93  5600 @ 119
    100 @ 95   453 @ 123
    154 @ 98   645 @ 144
          -    665 @ 167
|------------||-----------|

22:53:36.952 [main] INFO  c.gettingstarted.MyAlgoLogic - [MYALGO] Algo Sees Book as: 
|----BID-----||----ASK----|
    134 @ 43    501 @ 98
    145 @ 76   200 @ 101
    300 @ 91  5000 @ 110
    200 @ 93  5600 @ 119
    100 @ 95   453 @ 123
    154 @ 98   645 @ 144
          -    665 @ 167
|------------||-----------|

22:53:36.952 [main] INFO  c.gettingstarted.TimedLogic - [TIMEDLOGIC] Market is closed
22:53:36.952 [main] INFO  c.sequencer.consumer.LoggingConsumer - [87] 
|----BID-----|
    134 @ 43
    145 @ 76
    300 @ 91
    200 @ 93
    100 @ 95
    154 @ 98
|----ASK-----|
    501 @ 98
   200 @ 101
  5000 @ 110
  5600 @ 119
   453 @ 123
   645 @ 144
   665 @ 167

22:53:36.952 [main] INFO  c.orderbook.OrderBook - [ORDERBOOK] Processing Mkt Data Update
22:53:36.952 [main] INFO  c.o.v.MutatingRemoveAllMarketDataOrdersVisitor - [ORDERBOOK] Removing market data order:MktData(price=43,quantity=134)
22:53:36.952 [main] INFO  c.o.v.MutatingRemoveAllMarketDataOrdersVisitor - [ORDERBOOK] Removing level:43
22:53:36.952 [main] DEBUG c.orderbook.OrderBook - [ORDERBOOK] ASK: Adding orderMktData(price=43,quantity=134)
22:53:36.952 [main] DEBUG c.orderbook.OrderBook - [ORDERBOOK] ASK: Adding orderMktData(price=76,quantity=145)
22:53:36.952 [main] DEBUG c.orderbook.OrderBook - [ORDERBOOK] ASK: Adding orderMktData(price=91,quantity=300)
22:53:36.952 [main] DEBUG c.orderbook.OrderBook - [ORDERBOOK] ASK: Adding orderMktData(price=93,quantity=200)
22:53:36.952 [main] DEBUG c.orderbook.OrderBook - [ORDERBOOK] ASK: Adding orderMktData(price=95,quantity=100)
22:53:36.952 [main] DEBUG c.orderbook.OrderBook - [ORDERBOOK] ASK: Adding orderMktData(price=98,quantity=154)
22:53:36.952 [main] INFO  c.o.v.MutatingMatchOneMarketDataOrderVisitor - [ORDERBOOK] visiting LevelOrderBookLevel(price=43,quantity=134)
22:53:36.952 [main] INFO  c.o.v.MutatingMatchOneMarketDataOrderVisitor - [ORDERBOOK] Can't match order:MktData(price=43,quantity=134)(MktData(price=98,quantity=154))
22:53:36.952 [main] INFO  c.o.v.MutatingRemoveAllMarketDataOrdersVisitor - [ORDERBOOK] Removing market data order:MktData(price=98,quantity=501)
22:53:36.952 [main] INFO  c.o.v.MutatingRemoveAllMarketDataOrdersVisitor - [ORDERBOOK] Removing level:98
22:53:36.952 [main] INFO  c.o.v.MutatingRemoveAllMarketDataOrdersVisitor - [ORDERBOOK] Removing market data order:MktData(price=101,quantity=200)
22:53:36.952 [main] INFO  c.o.v.MutatingRemoveAllMarketDataOrdersVisitor - [ORDERBOOK] Removing level:101
22:53:36.952 [main] INFO  c.o.v.MutatingRemoveAllMarketDataOrdersVisitor - [ORDERBOOK] Removing market data order:MktData(price=110,quantity=5000)
22:53:36.952 [main] INFO  c.o.v.MutatingRemoveAllMarketDataOrdersVisitor - [ORDERBOOK] Removing level:110
22:53:36.952 [main] INFO  c.o.v.MutatingRemoveAllMarketDataOrdersVisitor - [ORDERBOOK] Removing market data order:MktData(price=119,quantity=5600)
22:53:36.952 [main] INFO  c.o.v.MutatingRemoveAllMarketDataOrdersVisitor - [ORDERBOOK] Removing level:119
22:53:36.952 [main] INFO  c.o.v.MutatingRemoveAllMarketDataOrdersVisitor - [ORDERBOOK] Removing market data order:MktData(price=123,quantity=453)
22:53:36.952 [main] INFO  c.o.v.MutatingRemoveAllMarketDataOrdersVisitor - [ORDERBOOK] Removing level:123
22:53:36.952 [main] INFO  c.o.v.MutatingRemoveAllMarketDataOrdersVisitor - [ORDERBOOK] Removing market data order:MktData(price=144,quantity=645)
22:53:36.952 [main] INFO  c.o.v.MutatingRemoveAllMarketDataOrdersVisitor - [ORDERBOOK] Removing level:144
22:53:36.952 [main] INFO  c.o.v.MutatingRemoveAllMarketDataOrdersVisitor - [ORDERBOOK] Removing market data order:MktData(price=167,quantity=665)
22:53:36.952 [main] INFO  c.o.v.MutatingRemoveAllMarketDataOrdersVisitor - [ORDERBOOK] Removing level:167
22:53:36.952 [main] DEBUG c.orderbook.OrderBook - [ORDERBOOK] ASK: Adding orderMktData(price=98,quantity=501)
22:53:36.952 [main] DEBUG c.orderbook.OrderBook - [ORDERBOOK] ASK: Adding orderMktData(price=101,quantity=200)
22:53:36.952 [main] DEBUG c.orderbook.OrderBook - [ORDERBOOK] ASK: Adding orderMktData(price=110,quantity=5000)
22:53:36.952 [main] DEBUG c.orderbook.OrderBook - [ORDERBOOK] ASK: Adding orderMktData(price=119,quantity=5600)
22:53:36.952 [main] DEBUG c.orderbook.OrderBook - [ORDERBOOK] ASK: Adding orderMktData(price=123,quantity=453)
22:53:36.952 [main] DEBUG c.orderbook.OrderBook - [ORDERBOOK] ASK: Adding orderMktData(price=144,quantity=645)
22:53:36.952 [main] DEBUG c.orderbook.OrderBook - [ORDERBOOK] ASK: Adding orderMktData(price=167,quantity=665)
22:53:36.952 [main] DEBUG c.service.MarketDataService - [ALGO] BID: price:43 quantity:134
22:53:36.952 [main] DEBUG c.service.MarketDataService - [ALGO] BID: price:76 quantity:145
22:53:36.952 [main] DEBUG c.service.MarketDataService - [ALGO] BID: price:91 quantity:300
22:53:36.952 [main] DEBUG c.service.MarketDataService - [ALGO] BID: price:93 quantity:200
22:53:36.952 [main] DEBUG c.service.MarketDataService - [ALGO] BID: price:95 quantity:100
22:53:36.952 [main] DEBUG c.service.MarketDataService - [ALGO] BID: price:98 quantity:154
22:53:36.952 [main] DEBUG c.service.MarketDataService - [ALGO] ASK: price:98 quantity:501
22:53:36.952 [main] DEBUG c.service.MarketDataService - [ALGO] ASK: price:101 quantity:200
22:53:36.952 [main] DEBUG c.service.MarketDataService - [ALGO] ASK: price:110 quantity:5000
22:53:36.952 [main] DEBUG c.service.MarketDataService - [ALGO] ASK: price:119 quantity:5600
22:53:36.952 [main] DEBUG c.service.MarketDataService - [ALGO] ASK: price:123 quantity:453
22:53:36.952 [main] DEBUG c.service.MarketDataService - [ALGO] ASK: price:144 quantity:645
22:53:36.952 [main] DEBUG c.service.MarketDataService - [ALGO] ASK: price:167 quantity:665
22:53:36.952 [main] INFO  c.gettingstarted.MyAlgoLogic - [MYALGO] The state of the order book is:
|----BID-----||----ASK----|
    134 @ 43    501 @ 98
    145 @ 76   200 @ 101
    300 @ 91  5000 @ 110
    200 @ 93  5600 @ 119
    100 @ 95   453 @ 123
    154 @ 98   645 @ 144
          -    665 @ 167
|------------||-----------|

22:53:36.952 [main] INFO  c.gettingstarted.MyAlgoLogic - [MYALGO] Algo Sees Book as: 
|----BID-----||----ASK----|
    134 @ 43    501 @ 98
    145 @ 76   200 @ 101
    300 @ 91  5000 @ 110
    200 @ 93  5600 @ 119
    100 @ 95   453 @ 123
    154 @ 98   645 @ 144
          -    665 @ 167
|------------||-----------|

22:53:36.952 [main] INFO  c.gettingstarted.TimedLogic - [TIMEDLOGIC] Market is closed
22:53:36.952 [main] INFO  c.sequencer.consumer.LoggingConsumer - [88] 
|----BID-----|
    134 @ 43
    145 @ 76
    300 @ 91
    200 @ 93
    100 @ 95
    154 @ 98
|----ASK-----|
    501 @ 98
   200 @ 101
  5000 @ 110
  5600 @ 119
   453 @ 123
   645 @ 144
   665 @ 167

22:53:36.952 [main] INFO  c.orderbook.OrderBook - [ORDERBOOK] Processing Mkt Data Update
22:53:36.952 [main] INFO  c.o.v.MutatingRemoveAllMarketDataOrdersVisitor - [ORDERBOOK] Removing market data order:MktData(price=43,quantity=134)
22:53:36.952 [main] INFO  c.o.v.MutatingRemoveAllMarketDataOrdersVisitor - [ORDERBOOK] Removing level:43
22:53:36.952 [main] DEBUG c.orderbook.OrderBook - [ORDERBOOK] ASK: Adding orderMktData(price=43,quantity=134)
22:53:36.952 [main] DEBUG c.orderbook.OrderBook - [ORDERBOOK] ASK: Adding orderMktData(price=76,quantity=145)
22:53:36.952 [main] DEBUG c.orderbook.OrderBook - [ORDERBOOK] ASK: Adding orderMktData(price=91,quantity=300)
22:53:36.952 [main] DEBUG c.orderbook.OrderBook - [ORDERBOOK] ASK: Adding orderMktData(price=93,quantity=200)
22:53:36.952 [main] DEBUG c.orderbook.OrderBook - [ORDERBOOK] ASK: Adding orderMktData(price=95,quantity=100)
22:53:36.978 [main] DEBUG c.orderbook.OrderBook - [ORDERBOOK] ASK: Adding orderMktData(price=98,quantity=154)
22:53:36.978 [main] INFO  c.o.v.MutatingMatchOneMarketDataOrderVisitor - [ORDERBOOK] visiting LevelOrderBookLevel(price=43,quantity=134)
22:53:36.978 [main] INFO  c.o.v.MutatingMatchOneMarketDataOrderVisitor - [ORDERBOOK] Can't match order:MktData(price=43,quantity=134)(MktData(price=98,quantity=154))
22:53:36.978 [main] INFO  c.o.v.MutatingRemoveAllMarketDataOrdersVisitor - [ORDERBOOK] Removing market data order:MktData(price=98,quantity=501)
22:53:36.978 [main] INFO  c.o.v.MutatingRemoveAllMarketDataOrdersVisitor - [ORDERBOOK] Removing level:98
22:53:36.978 [main] INFO  c.o.v.MutatingRemoveAllMarketDataOrdersVisitor - [ORDERBOOK] Removing market data order:MktData(price=101,quantity=200)
22:53:36.978 [main] INFO  c.o.v.MutatingRemoveAllMarketDataOrdersVisitor - [ORDERBOOK] Removing level:101
22:53:36.978 [main] INFO  c.o.v.MutatingRemoveAllMarketDataOrdersVisitor - [ORDERBOOK] Removing market data order:MktData(price=110,quantity=5000)
22:53:36.978 [main] INFO  c.o.v.MutatingRemoveAllMarketDataOrdersVisitor - [ORDERBOOK] Removing level:110
22:53:36.978 [main] INFO  c.o.v.MutatingRemoveAllMarketDataOrdersVisitor - [ORDERBOOK] Removing market data order:MktData(price=119,quantity=5600)
22:53:36.978 [main] INFO  c.o.v.MutatingRemoveAllMarketDataOrdersVisitor - [ORDERBOOK] Removing level:119
22:53:36.978 [main] INFO  c.o.v.MutatingRemoveAllMarketDataOrdersVisitor - [ORDERBOOK] Removing market data order:MktData(price=123,quantity=453)
22:53:36.978 [main] INFO  c.o.v.MutatingRemoveAllMarketDataOrdersVisitor - [ORDERBOOK] Removing level:123
22:53:36.978 [main] INFO  c.o.v.MutatingRemoveAllMarketDataOrdersVisitor - [ORDERBOOK] Removing market data order:MktData(price=144,quantity=645)
22:53:36.978 [main] INFO  c.o.v.MutatingRemoveAllMarketDataOrdersVisitor - [ORDERBOOK] Removing level:144
22:53:36.978 [main] INFO  c.o.v.MutatingRemoveAllMarketDataOrdersVisitor - [ORDERBOOK] Removing market data order:MktData(price=167,quantity=665)
22:53:36.978 [main] INFO  c.o.v.MutatingRemoveAllMarketDataOrdersVisitor - [ORDERBOOK] Removing level:167
22:53:36.978 [main] DEBUG c.orderbook.OrderBook - [ORDERBOOK] ASK: Adding orderMktData(price=98,quantity=501)
22:53:36.978 [main] DEBUG c.orderbook.OrderBook - [ORDERBOOK] ASK: Adding orderMktData(price=101,quantity=200)
22:53:36.978 [main] DEBUG c.orderbook.OrderBook - [ORDERBOOK] ASK: Adding orderMktData(price=110,quantity=5000)
22:53:36.978 [main] DEBUG c.orderbook.OrderBook - [ORDERBOOK] ASK: Adding orderMktData(price=119,quantity=5600)
22:53:36.978 [main] DEBUG c.orderbook.OrderBook - [ORDERBOOK] ASK: Adding orderMktData(price=123,quantity=453)
22:53:36.978 [main] DEBUG c.orderbook.OrderBook - [ORDERBOOK] ASK: Adding orderMktData(price=144,quantity=645)
22:53:36.978 [main] DEBUG c.orderbook.OrderBook - [ORDERBOOK] ASK: Adding orderMktData(price=167,quantity=665)
22:53:36.978 [main] DEBUG c.service.MarketDataService - [ALGO] BID: price:43 quantity:134
22:53:36.978 [main] DEBUG c.service.MarketDataService - [ALGO] BID: price:76 quantity:145
22:53:36.978 [main] DEBUG c.service.MarketDataService - [ALGO] BID: price:91 quantity:300
22:53:36.978 [main] DEBUG c.service.MarketDataService - [ALGO] BID: price:93 quantity:200
22:53:36.978 [main] DEBUG c.service.MarketDataService - [ALGO] BID: price:95 quantity:100
22:53:36.978 [main] DEBUG c.service.MarketDataService - [ALGO] BID: price:98 quantity:154
22:53:36.978 [main] DEBUG c.service.MarketDataService - [ALGO] ASK: price:98 quantity:501
22:53:36.978 [main] DEBUG c.service.MarketDataService - [ALGO] ASK: price:101 quantity:200
22:53:36.978 [main] DEBUG c.service.MarketDataService - [ALGO] ASK: price:110 quantity:5000
22:53:36.978 [main] DEBUG c.service.MarketDataService - [ALGO] ASK: price:119 quantity:5600
22:53:36.978 [main] DEBUG c.service.MarketDataService - [ALGO] ASK: price:123 quantity:453
22:53:36.978 [main] DEBUG c.service.MarketDataService - [ALGO] ASK: price:144 quantity:645
22:53:36.978 [main] DEBUG c.service.MarketDataService - [ALGO] ASK: price:167 quantity:665
22:53:36.980 [main] INFO  c.gettingstarted.MyAlgoLogic - [MYALGO] The state of the order book is:
|----BID-----||----ASK----|
    134 @ 43    501 @ 98
    145 @ 76   200 @ 101
    300 @ 91  5000 @ 110
    200 @ 93  5600 @ 119
    100 @ 95   453 @ 123
    154 @ 98   645 @ 144
          -    665 @ 167
|------------||-----------|

22:53:36.980 [main] INFO  c.gettingstarted.MyAlgoLogic - [MYALGO] Algo Sees Book as: 
|----BID-----||----ASK----|
    134 @ 43    501 @ 98
    145 @ 76   200 @ 101
    300 @ 91  5000 @ 110
    200 @ 93  5600 @ 119
    100 @ 95   453 @ 123
    154 @ 98   645 @ 144
          -    665 @ 167
|------------||-----------|

22:53:36.980 [main] INFO  c.gettingstarted.TimedLogic - [TIMEDLOGIC] Market is closed
22:53:36.980 [main] INFO  c.sequencer.consumer.LoggingConsumer - [89] 
|----BID-----|
    134 @ 43
    145 @ 76
    300 @ 91
    200 @ 93
    100 @ 95
    154 @ 98
|----ASK-----|
    501 @ 98
   200 @ 101
  5000 @ 110
  5600 @ 119
   453 @ 123
   645 @ 144
   665 @ 167

22:53:36.980 [main] INFO  c.orderbook.OrderBook - [ORDERBOOK] Processing Mkt Data Update
22:53:36.980 [main] INFO  c.o.v.MutatingRemoveAllMarketDataOrdersVisitor - [ORDERBOOK] Removing market data order:MktData(price=43,quantity=134)
22:53:36.980 [main] INFO  c.o.v.MutatingRemoveAllMarketDataOrdersVisitor - [ORDERBOOK] Removing level:43
22:53:36.980 [main] DEBUG c.orderbook.OrderBook - [ORDERBOOK] ASK: Adding orderMktData(price=43,quantity=134)
22:53:36.980 [main] DEBUG c.orderbook.OrderBook - [ORDERBOOK] ASK: Adding orderMktData(price=76,quantity=145)
22:53:36.980 [main] DEBUG c.orderbook.OrderBook - [ORDERBOOK] ASK: Adding orderMktData(price=91,quantity=300)
22:53:36.980 [main] DEBUG c.orderbook.OrderBook - [ORDERBOOK] ASK: Adding orderMktData(price=93,quantity=200)
22:53:36.980 [main] DEBUG c.orderbook.OrderBook - [ORDERBOOK] ASK: Adding orderMktData(price=95,quantity=100)
22:53:36.980 [main] DEBUG c.orderbook.OrderBook - [ORDERBOOK] ASK: Adding orderMktData(price=98,quantity=154)
22:53:36.980 [main] INFO  c.o.v.MutatingMatchOneMarketDataOrderVisitor - [ORDERBOOK] visiting LevelOrderBookLevel(price=43,quantity=134)
22:53:36.980 [main] INFO  c.o.v.MutatingMatchOneMarketDataOrderVisitor - [ORDERBOOK] Can't match order:MktData(price=43,quantity=134)(MktData(price=98,quantity=154))
22:53:36.980 [main] INFO  c.o.v.MutatingRemoveAllMarketDataOrdersVisitor - [ORDERBOOK] Removing market data order:MktData(price=98,quantity=501)
22:53:36.980 [main] INFO  c.o.v.MutatingRemoveAllMarketDataOrdersVisitor - [ORDERBOOK] Removing level:98
22:53:36.980 [main] INFO  c.o.v.MutatingRemoveAllMarketDataOrdersVisitor - [ORDERBOOK] Removing market data order:MktData(price=101,quantity=200)
22:53:36.980 [main] INFO  c.o.v.MutatingRemoveAllMarketDataOrdersVisitor - [ORDERBOOK] Removing level:101
22:53:36.980 [main] INFO  c.o.v.MutatingRemoveAllMarketDataOrdersVisitor - [ORDERBOOK] Removing market data order:MktData(price=110,quantity=5000)
22:53:36.980 [main] INFO  c.o.v.MutatingRemoveAllMarketDataOrdersVisitor - [ORDERBOOK] Removing level:110
22:53:36.980 [main] INFO  c.o.v.MutatingRemoveAllMarketDataOrdersVisitor - [ORDERBOOK] Removing market data order:MktData(price=119,quantity=5600)
22:53:36.980 [main] INFO  c.o.v.MutatingRemoveAllMarketDataOrdersVisitor - [ORDERBOOK] Removing level:119
22:53:36.980 [main] INFO  c.o.v.MutatingRemoveAllMarketDataOrdersVisitor - [ORDERBOOK] Removing market data order:MktData(price=123,quantity=453)
22:53:36.980 [main] INFO  c.o.v.MutatingRemoveAllMarketDataOrdersVisitor - [ORDERBOOK] Removing level:123
22:53:36.980 [main] INFO  c.o.v.MutatingRemoveAllMarketDataOrdersVisitor - [ORDERBOOK] Removing market data order:MktData(price=144,quantity=645)
22:53:36.980 [main] INFO  c.o.v.MutatingRemoveAllMarketDataOrdersVisitor - [ORDERBOOK] Removing level:144
22:53:36.980 [main] INFO  c.o.v.MutatingRemoveAllMarketDataOrdersVisitor - [ORDERBOOK] Removing market data order:MktData(price=167,quantity=665)
22:53:36.980 [main] INFO  c.o.v.MutatingRemoveAllMarketDataOrdersVisitor - [ORDERBOOK] Removing level:167
22:53:36.980 [main] DEBUG c.orderbook.OrderBook - [ORDERBOOK] ASK: Adding orderMktData(price=98,quantity=501)
22:53:36.980 [main] DEBUG c.orderbook.OrderBook - [ORDERBOOK] ASK: Adding orderMktData(price=101,quantity=200)
22:53:36.980 [main] DEBUG c.orderbook.OrderBook - [ORDERBOOK] ASK: Adding orderMktData(price=110,quantity=5000)
22:53:36.980 [main] DEBUG c.orderbook.OrderBook - [ORDERBOOK] ASK: Adding orderMktData(price=119,quantity=5600)
22:53:36.980 [main] DEBUG c.orderbook.OrderBook - [ORDERBOOK] ASK: Adding orderMktData(price=123,quantity=453)
22:53:36.980 [main] DEBUG c.orderbook.OrderBook - [ORDERBOOK] ASK: Adding orderMktData(price=144,quantity=645)
22:53:36.980 [main] DEBUG c.orderbook.OrderBook - [ORDERBOOK] ASK: Adding orderMktData(price=167,quantity=665)
22:53:36.980 [main] DEBUG c.service.MarketDataService - [ALGO] BID: price:43 quantity:134
22:53:36.980 [main] DEBUG c.service.MarketDataService - [ALGO] BID: price:76 quantity:145
22:53:36.980 [main] DEBUG c.service.MarketDataService - [ALGO] BID: price:91 quantity:300
22:53:36.980 [main] DEBUG c.service.MarketDataService - [ALGO] BID: price:93 quantity:200
22:53:36.980 [main] DEBUG c.service.MarketDataService - [ALGO] BID: price:95 quantity:100
22:53:36.980 [main] DEBUG c.service.MarketDataService - [ALGO] BID: price:98 quantity:154
22:53:36.980 [main] DEBUG c.service.MarketDataService - [ALGO] ASK: price:98 quantity:501
22:53:36.980 [main] DEBUG c.service.MarketDataService - [ALGO] ASK: price:101 quantity:200
22:53:36.980 [main] DEBUG c.service.MarketDataService - [ALGO] ASK: price:110 quantity:5000
22:53:36.980 [main] DEBUG c.service.MarketDataService - [ALGO] ASK: price:119 quantity:5600
22:53:36.980 [main] DEBUG c.service.MarketDataService - [ALGO] ASK: price:123 quantity:453
22:53:36.980 [main] DEBUG c.service.MarketDataService - [ALGO] ASK: price:144 quantity:645
22:53:36.980 [main] DEBUG c.service.MarketDataService - [ALGO] ASK: price:167 quantity:665
22:53:36.980 [main] INFO  c.gettingstarted.MyAlgoLogic - [MYALGO] The state of the order book is:
|----BID-----||----ASK----|
    134 @ 43    501 @ 98
    145 @ 76   200 @ 101
    300 @ 91  5000 @ 110
    200 @ 93  5600 @ 119
    100 @ 95   453 @ 123
    154 @ 98   645 @ 144
          -    665 @ 167
|------------||-----------|

22:53:36.980 [main] INFO  c.gettingstarted.MyAlgoLogic - [MYALGO] Algo Sees Book as: 
|----BID-----||----ASK----|
    134 @ 43    501 @ 98
    145 @ 76   200 @ 101
    300 @ 91  5000 @ 110
    200 @ 93  5600 @ 119
    100 @ 95   453 @ 123
    154 @ 98   645 @ 144
          -    665 @ 167
|------------||-----------|

22:53:36.980 [main] INFO  c.gettingstarted.TimedLogic - [TIMEDLOGIC] Market is closed
22:53:36.980 [main] INFO  c.sequencer.consumer.LoggingConsumer - [90] 
|----BID-----|
    134 @ 43
    145 @ 76
    300 @ 91
    200 @ 93
    100 @ 95
    154 @ 98
|----ASK-----|
    501 @ 98
   200 @ 101
  5000 @ 110
  5600 @ 119
   453 @ 123
   645 @ 144
   665 @ 167

22:53:36.980 [main] INFO  c.orderbook.OrderBook - [ORDERBOOK] Processing Mkt Data Update
22:53:36.980 [main] INFO  c.o.v.MutatingRemoveAllMarketDataOrdersVisitor - [ORDERBOOK] Removing market data order:MktData(price=43,quantity=134)
22:53:36.980 [main] INFO  c.o.v.MutatingRemoveAllMarketDataOrdersVisitor - [ORDERBOOK] Removing level:43
22:53:36.980 [main] DEBUG c.orderbook.OrderBook - [ORDERBOOK] ASK: Adding orderMktData(price=43,quantity=134)
22:53:36.980 [main] DEBUG c.orderbook.OrderBook - [ORDERBOOK] ASK: Adding orderMktData(price=76,quantity=145)
22:53:36.980 [main] DEBUG c.orderbook.OrderBook - [ORDERBOOK] ASK: Adding orderMktData(price=91,quantity=300)
22:53:36.980 [main] DEBUG c.orderbook.OrderBook - [ORDERBOOK] ASK: Adding orderMktData(price=93,quantity=200)
22:53:36.980 [main] DEBUG c.orderbook.OrderBook - [ORDERBOOK] ASK: Adding orderMktData(price=95,quantity=100)
22:53:36.980 [main] DEBUG c.orderbook.OrderBook - [ORDERBOOK] ASK: Adding orderMktData(price=98,quantity=154)
22:53:36.980 [main] INFO  c.o.v.MutatingMatchOneMarketDataOrderVisitor - [ORDERBOOK] visiting LevelOrderBookLevel(price=43,quantity=134)
22:53:36.980 [main] INFO  c.o.v.MutatingMatchOneMarketDataOrderVisitor - [ORDERBOOK] Can't match order:MktData(price=43,quantity=134)(MktData(price=98,quantity=154))
22:53:36.980 [main] INFO  c.o.v.MutatingRemoveAllMarketDataOrdersVisitor - [ORDERBOOK] Removing market data order:MktData(price=98,quantity=501)
22:53:36.980 [main] INFO  c.o.v.MutatingRemoveAllMarketDataOrdersVisitor - [ORDERBOOK] Removing level:98
22:53:36.980 [main] INFO  c.o.v.MutatingRemoveAllMarketDataOrdersVisitor - [ORDERBOOK] Removing market data order:MktData(price=101,quantity=200)
22:53:36.980 [main] INFO  c.o.v.MutatingRemoveAllMarketDataOrdersVisitor - [ORDERBOOK] Removing level:101
22:53:36.980 [main] INFO  c.o.v.MutatingRemoveAllMarketDataOrdersVisitor - [ORDERBOOK] Removing market data order:MktData(price=110,quantity=5000)
22:53:36.980 [main] INFO  c.o.v.MutatingRemoveAllMarketDataOrdersVisitor - [ORDERBOOK] Removing level:110
22:53:36.980 [main] INFO  c.o.v.MutatingRemoveAllMarketDataOrdersVisitor - [ORDERBOOK] Removing market data order:MktData(price=119,quantity=5600)
22:53:36.980 [main] INFO  c.o.v.MutatingRemoveAllMarketDataOrdersVisitor - [ORDERBOOK] Removing level:119
22:53:36.980 [main] INFO  c.o.v.MutatingRemoveAllMarketDataOrdersVisitor - [ORDERBOOK] Removing market data order:MktData(price=123,quantity=453)
22:53:36.980 [main] INFO  c.o.v.MutatingRemoveAllMarketDataOrdersVisitor - [ORDERBOOK] Removing level:123
22:53:36.980 [main] INFO  c.o.v.MutatingRemoveAllMarketDataOrdersVisitor - [ORDERBOOK] Removing market data order:MktData(price=144,quantity=645)
22:53:36.980 [main] INFO  c.o.v.MutatingRemoveAllMarketDataOrdersVisitor - [ORDERBOOK] Removing level:144
22:53:36.980 [main] INFO  c.o.v.MutatingRemoveAllMarketDataOrdersVisitor - [ORDERBOOK] Removing market data order:MktData(price=167,quantity=665)
22:53:36.980 [main] INFO  c.o.v.MutatingRemoveAllMarketDataOrdersVisitor - [ORDERBOOK] Removing level:167
22:53:36.980 [main] DEBUG c.orderbook.OrderBook - [ORDERBOOK] ASK: Adding orderMktData(price=98,quantity=501)
22:53:36.980 [main] DEBUG c.orderbook.OrderBook - [ORDERBOOK] ASK: Adding orderMktData(price=101,quantity=200)
22:53:36.980 [main] DEBUG c.orderbook.OrderBook - [ORDERBOOK] ASK: Adding orderMktData(price=110,quantity=5000)
22:53:36.980 [main] DEBUG c.orderbook.OrderBook - [ORDERBOOK] ASK: Adding orderMktData(price=119,quantity=5600)
22:53:36.980 [main] DEBUG c.orderbook.OrderBook - [ORDERBOOK] ASK: Adding orderMktData(price=123,quantity=453)
22:53:36.980 [main] DEBUG c.orderbook.OrderBook - [ORDERBOOK] ASK: Adding orderMktData(price=144,quantity=645)
22:53:36.980 [main] DEBUG c.orderbook.OrderBook - [ORDERBOOK] ASK: Adding orderMktData(price=167,quantity=665)
22:53:36.980 [main] DEBUG c.service.MarketDataService - [ALGO] BID: price:43 quantity:134
22:53:36.980 [main] DEBUG c.service.MarketDataService - [ALGO] BID: price:76 quantity:145
22:53:36.980 [main] DEBUG c.service.MarketDataService - [ALGO] BID: price:91 quantity:300
22:53:36.980 [main] DEBUG c.service.MarketDataService - [ALGO] BID: price:93 quantity:200
22:53:36.980 [main] DEBUG c.service.MarketDataService - [ALGO] BID: price:95 quantity:100
22:53:36.980 [main] DEBUG c.service.MarketDataService - [ALGO] BID: price:98 quantity:154
22:53:36.980 [main] DEBUG c.service.MarketDataService - [ALGO] ASK: price:98 quantity:501
22:53:36.980 [main] DEBUG c.service.MarketDataService - [ALGO] ASK: price:101 quantity:200
22:53:36.980 [main] DEBUG c.service.MarketDataService - [ALGO] ASK: price:110 quantity:5000
22:53:36.980 [main] DEBUG c.service.MarketDataService - [ALGO] ASK: price:119 quantity:5600
22:53:36.980 [main] DEBUG c.service.MarketDataService - [ALGO] ASK: price:123 quantity:453
22:53:36.980 [main] DEBUG c.service.MarketDataService - [ALGO] ASK: price:144 quantity:645
22:53:36.980 [main] DEBUG c.service.MarketDataService - [ALGO] ASK: price:167 quantity:665
22:53:36.980 [main] INFO  c.gettingstarted.MyAlgoLogic - [MYALGO] The state of the order book is:
|----BID-----||----ASK----|
    134 @ 43    501 @ 98
    145 @ 76   200 @ 101
    300 @ 91  5000 @ 110
    200 @ 93  5600 @ 119
    100 @ 95   453 @ 123
    154 @ 98   645 @ 144
          -    665 @ 167
|------------||-----------|

22:53:36.980 [main] INFO  c.gettingstarted.MyAlgoLogic - [MYALGO] Algo Sees Book as: 
|----BID-----||----ASK----|
    134 @ 43    501 @ 98
    145 @ 76   200 @ 101
    300 @ 91  5000 @ 110
    200 @ 93  5600 @ 119
    100 @ 95   453 @ 123
    154 @ 98   645 @ 144
          -    665 @ 167
|------------||-----------|

22:53:36.980 [main] INFO  c.gettingstarted.TimedLogic - [TIMEDLOGIC] Market is closed
22:53:36.980 [main] INFO  c.sequencer.consumer.LoggingConsumer - [91] 
|----BID-----|
    134 @ 43
    145 @ 76
    300 @ 91
    200 @ 93
    100 @ 95
    154 @ 98
|----ASK-----|
    501 @ 98
   200 @ 101
  5000 @ 110
  5600 @ 119
   453 @ 123
   645 @ 144
   665 @ 167

22:53:36.980 [main] INFO  c.orderbook.OrderBook - [ORDERBOOK] Processing Mkt Data Update
22:53:36.980 [main] INFO  c.o.v.MutatingRemoveAllMarketDataOrdersVisitor - [ORDERBOOK] Removing market data order:MktData(price=43,quantity=134)
22:53:36.980 [main] INFO  c.o.v.MutatingRemoveAllMarketDataOrdersVisitor - [ORDERBOOK] Removing level:43
22:53:36.980 [main] DEBUG c.orderbook.OrderBook - [ORDERBOOK] ASK: Adding orderMktData(price=43,quantity=134)
22:53:36.980 [main] DEBUG c.orderbook.OrderBook - [ORDERBOOK] ASK: Adding orderMktData(price=76,quantity=145)
22:53:36.980 [main] DEBUG c.orderbook.OrderBook - [ORDERBOOK] ASK: Adding orderMktData(price=91,quantity=300)
22:53:36.980 [main] DEBUG c.orderbook.OrderBook - [ORDERBOOK] ASK: Adding orderMktData(price=93,quantity=200)
22:53:36.980 [main] DEBUG c.orderbook.OrderBook - [ORDERBOOK] ASK: Adding orderMktData(price=95,quantity=100)
22:53:36.980 [main] DEBUG c.orderbook.OrderBook - [ORDERBOOK] ASK: Adding orderMktData(price=98,quantity=154)
22:53:36.980 [main] INFO  c.o.v.MutatingMatchOneMarketDataOrderVisitor - [ORDERBOOK] visiting LevelOrderBookLevel(price=43,quantity=134)
22:53:36.980 [main] INFO  c.o.v.MutatingMatchOneMarketDataOrderVisitor - [ORDERBOOK] Can't match order:MktData(price=43,quantity=134)(MktData(price=98,quantity=154))
22:53:36.980 [main] INFO  c.o.v.MutatingRemoveAllMarketDataOrdersVisitor - [ORDERBOOK] Removing market data order:MktData(price=98,quantity=501)
22:53:36.980 [main] INFO  c.o.v.MutatingRemoveAllMarketDataOrdersVisitor - [ORDERBOOK] Removing level:98
22:53:36.980 [main] INFO  c.o.v.MutatingRemoveAllMarketDataOrdersVisitor - [ORDERBOOK] Removing market data order:MktData(price=101,quantity=200)
22:53:36.980 [main] INFO  c.o.v.MutatingRemoveAllMarketDataOrdersVisitor - [ORDERBOOK] Removing level:101
22:53:36.980 [main] INFO  c.o.v.MutatingRemoveAllMarketDataOrdersVisitor - [ORDERBOOK] Removing market data order:MktData(price=110,quantity=5000)
22:53:36.980 [main] INFO  c.o.v.MutatingRemoveAllMarketDataOrdersVisitor - [ORDERBOOK] Removing level:110
22:53:36.980 [main] INFO  c.o.v.MutatingRemoveAllMarketDataOrdersVisitor - [ORDERBOOK] Removing market data order:MktData(price=119,quantity=5600)
22:53:36.980 [main] INFO  c.o.v.MutatingRemoveAllMarketDataOrdersVisitor - [ORDERBOOK] Removing level:119
22:53:36.980 [main] INFO  c.o.v.MutatingRemoveAllMarketDataOrdersVisitor - [ORDERBOOK] Removing market data order:MktData(price=123,quantity=453)
22:53:36.980 [main] INFO  c.o.v.MutatingRemoveAllMarketDataOrdersVisitor - [ORDERBOOK] Removing level:123
22:53:36.980 [main] INFO  c.o.v.MutatingRemoveAllMarketDataOrdersVisitor - [ORDERBOOK] Removing market data order:MktData(price=144,quantity=645)
22:53:36.980 [main] INFO  c.o.v.MutatingRemoveAllMarketDataOrdersVisitor - [ORDERBOOK] Removing level:144
22:53:36.980 [main] INFO  c.o.v.MutatingRemoveAllMarketDataOrdersVisitor - [ORDERBOOK] Removing market data order:MktData(price=167,quantity=665)
22:53:36.980 [main] INFO  c.o.v.MutatingRemoveAllMarketDataOrdersVisitor - [ORDERBOOK] Removing level:167
22:53:36.980 [main] DEBUG c.orderbook.OrderBook - [ORDERBOOK] ASK: Adding orderMktData(price=98,quantity=501)
22:53:36.980 [main] DEBUG c.orderbook.OrderBook - [ORDERBOOK] ASK: Adding orderMktData(price=101,quantity=200)
22:53:36.980 [main] DEBUG c.orderbook.OrderBook - [ORDERBOOK] ASK: Adding orderMktData(price=110,quantity=5000)
22:53:36.980 [main] DEBUG c.orderbook.OrderBook - [ORDERBOOK] ASK: Adding orderMktData(price=119,quantity=5600)
22:53:36.980 [main] DEBUG c.orderbook.OrderBook - [ORDERBOOK] ASK: Adding orderMktData(price=123,quantity=453)
22:53:36.982 [main] DEBUG c.orderbook.OrderBook - [ORDERBOOK] ASK: Adding orderMktData(price=144,quantity=645)
22:53:36.982 [main] DEBUG c.orderbook.OrderBook - [ORDERBOOK] ASK: Adding orderMktData(price=167,quantity=665)
22:53:36.982 [main] DEBUG c.service.MarketDataService - [ALGO] BID: price:43 quantity:134
22:53:36.982 [main] DEBUG c.service.MarketDataService - [ALGO] BID: price:76 quantity:145
22:53:36.982 [main] DEBUG c.service.MarketDataService - [ALGO] BID: price:91 quantity:300
22:53:36.982 [main] DEBUG c.service.MarketDataService - [ALGO] BID: price:93 quantity:200
22:53:36.982 [main] DEBUG c.service.MarketDataService - [ALGO] BID: price:95 quantity:100
22:53:36.982 [main] DEBUG c.service.MarketDataService - [ALGO] BID: price:98 quantity:154
22:53:36.982 [main] DEBUG c.service.MarketDataService - [ALGO] ASK: price:98 quantity:501
22:53:36.982 [main] DEBUG c.service.MarketDataService - [ALGO] ASK: price:101 quantity:200
22:53:36.982 [main] DEBUG c.service.MarketDataService - [ALGO] ASK: price:110 quantity:5000
22:53:36.982 [main] DEBUG c.service.MarketDataService - [ALGO] ASK: price:119 quantity:5600
22:53:36.982 [main] DEBUG c.service.MarketDataService - [ALGO] ASK: price:123 quantity:453
22:53:36.982 [main] DEBUG c.service.MarketDataService - [ALGO] ASK: price:144 quantity:645
22:53:36.982 [main] DEBUG c.service.MarketDataService - [ALGO] ASK: price:167 quantity:665
22:53:36.982 [main] INFO  c.gettingstarted.MyAlgoLogic - [MYALGO] The state of the order book is:
|----BID-----||----ASK----|
    134 @ 43    501 @ 98
    145 @ 76   200 @ 101
    300 @ 91  5000 @ 110
    200 @ 93  5600 @ 119
    100 @ 95   453 @ 123
    154 @ 98   645 @ 144
          -    665 @ 167
|------------||-----------|

22:53:36.982 [main] INFO  c.gettingstarted.MyAlgoLogic - [MYALGO] Algo Sees Book as: 
|----BID-----||----ASK----|
    134 @ 43    501 @ 98
    145 @ 76   200 @ 101
    300 @ 91  5000 @ 110
    200 @ 93  5600 @ 119
    100 @ 95   453 @ 123
    154 @ 98   645 @ 144
          -    665 @ 167
|------------||-----------|

22:53:36.982 [main] INFO  c.gettingstarted.TimedLogic - [TIMEDLOGIC] Market is closed
22:53:36.982 [main] INFO  c.sequencer.consumer.LoggingConsumer - [92] 
|----BID-----|
    134 @ 43
    145 @ 76
    300 @ 91
    200 @ 93
    100 @ 95
    154 @ 98
|----ASK-----|
    501 @ 98
   200 @ 101
  5000 @ 110
  5600 @ 119
   453 @ 123
   645 @ 144
   665 @ 167

22:53:36.982 [main] INFO  c.orderbook.OrderBook - [ORDERBOOK] Processing Mkt Data Update
22:53:36.982 [main] INFO  c.o.v.MutatingRemoveAllMarketDataOrdersVisitor - [ORDERBOOK] Removing market data order:MktData(price=43,quantity=134)
22:53:36.982 [main] INFO  c.o.v.MutatingRemoveAllMarketDataOrdersVisitor - [ORDERBOOK] Removing level:43
22:53:36.982 [main] DEBUG c.orderbook.OrderBook - [ORDERBOOK] ASK: Adding orderMktData(price=43,quantity=134)
22:53:36.982 [main] DEBUG c.orderbook.OrderBook - [ORDERBOOK] ASK: Adding orderMktData(price=76,quantity=145)
22:53:36.982 [main] DEBUG c.orderbook.OrderBook - [ORDERBOOK] ASK: Adding orderMktData(price=91,quantity=300)
22:53:36.982 [main] DEBUG c.orderbook.OrderBook - [ORDERBOOK] ASK: Adding orderMktData(price=93,quantity=200)
22:53:36.982 [main] DEBUG c.orderbook.OrderBook - [ORDERBOOK] ASK: Adding orderMktData(price=95,quantity=100)
22:53:36.982 [main] DEBUG c.orderbook.OrderBook - [ORDERBOOK] ASK: Adding orderMktData(price=98,quantity=154)
22:53:36.982 [main] INFO  c.o.v.MutatingMatchOneMarketDataOrderVisitor - [ORDERBOOK] visiting LevelOrderBookLevel(price=43,quantity=134)
22:53:36.982 [main] INFO  c.o.v.MutatingMatchOneMarketDataOrderVisitor - [ORDERBOOK] Can't match order:MktData(price=43,quantity=134)(MktData(price=98,quantity=154))
22:53:36.982 [main] INFO  c.o.v.MutatingRemoveAllMarketDataOrdersVisitor - [ORDERBOOK] Removing market data order:MktData(price=98,quantity=501)
22:53:36.982 [main] INFO  c.o.v.MutatingRemoveAllMarketDataOrdersVisitor - [ORDERBOOK] Removing level:98
22:53:36.982 [main] INFO  c.o.v.MutatingRemoveAllMarketDataOrdersVisitor - [ORDERBOOK] Removing market data order:MktData(price=101,quantity=200)
22:53:36.982 [main] INFO  c.o.v.MutatingRemoveAllMarketDataOrdersVisitor - [ORDERBOOK] Removing level:101
22:53:36.982 [main] INFO  c.o.v.MutatingRemoveAllMarketDataOrdersVisitor - [ORDERBOOK] Removing market data order:MktData(price=110,quantity=5000)
22:53:36.982 [main] INFO  c.o.v.MutatingRemoveAllMarketDataOrdersVisitor - [ORDERBOOK] Removing level:110
22:53:36.982 [main] INFO  c.o.v.MutatingRemoveAllMarketDataOrdersVisitor - [ORDERBOOK] Removing market data order:MktData(price=119,quantity=5600)
22:53:36.982 [main] INFO  c.o.v.MutatingRemoveAllMarketDataOrdersVisitor - [ORDERBOOK] Removing level:119
22:53:36.982 [main] INFO  c.o.v.MutatingRemoveAllMarketDataOrdersVisitor - [ORDERBOOK] Removing market data order:MktData(price=123,quantity=453)
22:53:36.982 [main] INFO  c.o.v.MutatingRemoveAllMarketDataOrdersVisitor - [ORDERBOOK] Removing level:123
22:53:36.982 [main] INFO  c.o.v.MutatingRemoveAllMarketDataOrdersVisitor - [ORDERBOOK] Removing market data order:MktData(price=144,quantity=645)
22:53:36.982 [main] INFO  c.o.v.MutatingRemoveAllMarketDataOrdersVisitor - [ORDERBOOK] Removing level:144
22:53:36.982 [main] INFO  c.o.v.MutatingRemoveAllMarketDataOrdersVisitor - [ORDERBOOK] Removing market data order:MktData(price=167,quantity=665)
22:53:36.982 [main] INFO  c.o.v.MutatingRemoveAllMarketDataOrdersVisitor - [ORDERBOOK] Removing level:167
22:53:36.982 [main] DEBUG c.orderbook.OrderBook - [ORDERBOOK] ASK: Adding orderMktData(price=98,quantity=501)
22:53:36.982 [main] DEBUG c.orderbook.OrderBook - [ORDERBOOK] ASK: Adding orderMktData(price=101,quantity=200)
22:53:36.982 [main] DEBUG c.orderbook.OrderBook - [ORDERBOOK] ASK: Adding orderMktData(price=110,quantity=5000)
22:53:36.982 [main] DEBUG c.orderbook.OrderBook - [ORDERBOOK] ASK: Adding orderMktData(price=119,quantity=5600)
22:53:36.982 [main] DEBUG c.orderbook.OrderBook - [ORDERBOOK] ASK: Adding orderMktData(price=123,quantity=453)
22:53:36.982 [main] DEBUG c.orderbook.OrderBook - [ORDERBOOK] ASK: Adding orderMktData(price=144,quantity=645)
22:53:36.982 [main] DEBUG c.orderbook.OrderBook - [ORDERBOOK] ASK: Adding orderMktData(price=167,quantity=665)
22:53:36.982 [main] DEBUG c.service.MarketDataService - [ALGO] BID: price:43 quantity:134
22:53:36.982 [main] DEBUG c.service.MarketDataService - [ALGO] BID: price:76 quantity:145
22:53:36.982 [main] DEBUG c.service.MarketDataService - [ALGO] BID: price:91 quantity:300
22:53:36.982 [main] DEBUG c.service.MarketDataService - [ALGO] BID: price:93 quantity:200
22:53:36.982 [main] DEBUG c.service.MarketDataService - [ALGO] BID: price:95 quantity:100
22:53:36.982 [main] DEBUG c.service.MarketDataService - [ALGO] BID: price:98 quantity:154
22:53:36.982 [main] DEBUG c.service.MarketDataService - [ALGO] ASK: price:98 quantity:501
22:53:36.982 [main] DEBUG c.service.MarketDataService - [ALGO] ASK: price:101 quantity:200
22:53:36.982 [main] DEBUG c.service.MarketDataService - [ALGO] ASK: price:110 quantity:5000
22:53:36.982 [main] DEBUG c.service.MarketDataService - [ALGO] ASK: price:119 quantity:5600
22:53:36.982 [main] DEBUG c.service.MarketDataService - [ALGO] ASK: price:123 quantity:453
22:53:36.982 [main] DEBUG c.service.MarketDataService - [ALGO] ASK: price:144 quantity:645
22:53:36.982 [main] DEBUG c.service.MarketDataService - [ALGO] ASK: price:167 quantity:665
22:53:36.982 [main] INFO  c.gettingstarted.MyAlgoLogic - [MYALGO] The state of the order book is:
|----BID-----||----ASK----|
    134 @ 43    501 @ 98
    145 @ 76   200 @ 101
    300 @ 91  5000 @ 110
    200 @ 93  5600 @ 119
    100 @ 95   453 @ 123
    154 @ 98   645 @ 144
          -    665 @ 167
|------------||-----------|

22:53:36.982 [main] INFO  c.gettingstarted.MyAlgoLogic - [MYALGO] Algo Sees Book as: 
|----BID-----||----ASK----|
    134 @ 43    501 @ 98
    145 @ 76   200 @ 101
    300 @ 91  5000 @ 110
    200 @ 93  5600 @ 119
    100 @ 95   453 @ 123
    154 @ 98   645 @ 144
          -    665 @ 167
|------------||-----------|

22:53:36.982 [main] INFO  c.gettingstarted.TimedLogic - [TIMEDLOGIC] Market is closed
22:53:36.982 [main] INFO  c.sequencer.consumer.LoggingConsumer - [93] 
|----BID-----|
    134 @ 43
    145 @ 76
    300 @ 91
    200 @ 93
    100 @ 95
    154 @ 98
|----ASK-----|
    501 @ 98
   200 @ 101
  5000 @ 110
  5600 @ 119
   453 @ 123
   645 @ 144
   665 @ 167

22:53:36.982 [main] INFO  c.orderbook.OrderBook - [ORDERBOOK] Processing Mkt Data Update
22:53:36.982 [main] INFO  c.o.v.MutatingRemoveAllMarketDataOrdersVisitor - [ORDERBOOK] Removing market data order:MktData(price=43,quantity=134)
22:53:36.982 [main] INFO  c.o.v.MutatingRemoveAllMarketDataOrdersVisitor - [ORDERBOOK] Removing level:43
22:53:36.982 [main] DEBUG c.orderbook.OrderBook - [ORDERBOOK] ASK: Adding orderMktData(price=43,quantity=134)
22:53:36.982 [main] DEBUG c.orderbook.OrderBook - [ORDERBOOK] ASK: Adding orderMktData(price=76,quantity=145)
22:53:36.982 [main] DEBUG c.orderbook.OrderBook - [ORDERBOOK] ASK: Adding orderMktData(price=91,quantity=300)
22:53:36.982 [main] DEBUG c.orderbook.OrderBook - [ORDERBOOK] ASK: Adding orderMktData(price=93,quantity=200)
22:53:36.982 [main] DEBUG c.orderbook.OrderBook - [ORDERBOOK] ASK: Adding orderMktData(price=95,quantity=100)
22:53:36.982 [main] DEBUG c.orderbook.OrderBook - [ORDERBOOK] ASK: Adding orderMktData(price=98,quantity=154)
22:53:36.982 [main] INFO  c.o.v.MutatingMatchOneMarketDataOrderVisitor - [ORDERBOOK] visiting LevelOrderBookLevel(price=43,quantity=134)
22:53:36.982 [main] INFO  c.o.v.MutatingMatchOneMarketDataOrderVisitor - [ORDERBOOK] Can't match order:MktData(price=43,quantity=134)(MktData(price=98,quantity=154))
22:53:36.982 [main] INFO  c.o.v.MutatingRemoveAllMarketDataOrdersVisitor - [ORDERBOOK] Removing market data order:MktData(price=98,quantity=501)
22:53:36.982 [main] INFO  c.o.v.MutatingRemoveAllMarketDataOrdersVisitor - [ORDERBOOK] Removing level:98
22:53:36.982 [main] INFO  c.o.v.MutatingRemoveAllMarketDataOrdersVisitor - [ORDERBOOK] Removing market data order:MktData(price=101,quantity=200)
22:53:36.982 [main] INFO  c.o.v.MutatingRemoveAllMarketDataOrdersVisitor - [ORDERBOOK] Removing level:101
22:53:36.982 [main] INFO  c.o.v.MutatingRemoveAllMarketDataOrdersVisitor - [ORDERBOOK] Removing market data order:MktData(price=110,quantity=5000)
22:53:36.982 [main] INFO  c.o.v.MutatingRemoveAllMarketDataOrdersVisitor - [ORDERBOOK] Removing level:110
22:53:36.982 [main] INFO  c.o.v.MutatingRemoveAllMarketDataOrdersVisitor - [ORDERBOOK] Removing market data order:MktData(price=119,quantity=5600)
22:53:36.982 [main] INFO  c.o.v.MutatingRemoveAllMarketDataOrdersVisitor - [ORDERBOOK] Removing level:119
22:53:36.982 [main] INFO  c.o.v.MutatingRemoveAllMarketDataOrdersVisitor - [ORDERBOOK] Removing market data order:MktData(price=123,quantity=453)
22:53:36.982 [main] INFO  c.o.v.MutatingRemoveAllMarketDataOrdersVisitor - [ORDERBOOK] Removing level:123
22:53:36.982 [main] INFO  c.o.v.MutatingRemoveAllMarketDataOrdersVisitor - [ORDERBOOK] Removing market data order:MktData(price=144,quantity=645)
22:53:36.982 [main] INFO  c.o.v.MutatingRemoveAllMarketDataOrdersVisitor - [ORDERBOOK] Removing level:144
22:53:36.982 [main] INFO  c.o.v.MutatingRemoveAllMarketDataOrdersVisitor - [ORDERBOOK] Removing market data order:MktData(price=167,quantity=665)
22:53:36.982 [main] INFO  c.o.v.MutatingRemoveAllMarketDataOrdersVisitor - [ORDERBOOK] Removing level:167
22:53:36.982 [main] DEBUG c.orderbook.OrderBook - [ORDERBOOK] ASK: Adding orderMktData(price=98,quantity=501)
22:53:36.982 [main] DEBUG c.orderbook.OrderBook - [ORDERBOOK] ASK: Adding orderMktData(price=101,quantity=200)
22:53:36.982 [main] DEBUG c.orderbook.OrderBook - [ORDERBOOK] ASK: Adding orderMktData(price=110,quantity=5000)
22:53:36.982 [main] DEBUG c.orderbook.OrderBook - [ORDERBOOK] ASK: Adding orderMktData(price=119,quantity=5600)
22:53:36.982 [main] DEBUG c.orderbook.OrderBook - [ORDERBOOK] ASK: Adding orderMktData(price=123,quantity=453)
22:53:36.982 [main] DEBUG c.orderbook.OrderBook - [ORDERBOOK] ASK: Adding orderMktData(price=144,quantity=645)
22:53:36.982 [main] DEBUG c.orderbook.OrderBook - [ORDERBOOK] ASK: Adding orderMktData(price=167,quantity=665)
22:53:36.982 [main] DEBUG c.service.MarketDataService - [ALGO] BID: price:43 quantity:134
22:53:36.982 [main] DEBUG c.service.MarketDataService - [ALGO] BID: price:76 quantity:145
22:53:36.982 [main] DEBUG c.service.MarketDataService - [ALGO] BID: price:91 quantity:300
22:53:36.982 [main] DEBUG c.service.MarketDataService - [ALGO] BID: price:93 quantity:200
22:53:36.982 [main] DEBUG c.service.MarketDataService - [ALGO] BID: price:95 quantity:100
22:53:36.982 [main] DEBUG c.service.MarketDataService - [ALGO] BID: price:98 quantity:154
22:53:36.982 [main] DEBUG c.service.MarketDataService - [ALGO] ASK: price:98 quantity:501
22:53:36.982 [main] DEBUG c.service.MarketDataService - [ALGO] ASK: price:101 quantity:200
22:53:36.982 [main] DEBUG c.service.MarketDataService - [ALGO] ASK: price:110 quantity:5000
22:53:36.982 [main] DEBUG c.service.MarketDataService - [ALGO] ASK: price:119 quantity:5600
22:53:36.982 [main] DEBUG c.service.MarketDataService - [ALGO] ASK: price:123 quantity:453
22:53:36.982 [main] DEBUG c.service.MarketDataService - [ALGO] ASK: price:144 quantity:645
22:53:36.982 [main] DEBUG c.service.MarketDataService - [ALGO] ASK: price:167 quantity:665
22:53:36.982 [main] INFO  c.gettingstarted.MyAlgoLogic - [MYALGO] The state of the order book is:
|----BID-----||----ASK----|
    134 @ 43    501 @ 98
    145 @ 76   200 @ 101
    300 @ 91  5000 @ 110
    200 @ 93  5600 @ 119
    100 @ 95   453 @ 123
    154 @ 98   645 @ 144
          -    665 @ 167
|------------||-----------|

22:53:36.982 [main] INFO  c.gettingstarted.MyAlgoLogic - [MYALGO] Algo Sees Book as: 
|----BID-----||----ASK----|
    134 @ 43    501 @ 98
    145 @ 76   200 @ 101
    300 @ 91  5000 @ 110
    200 @ 93  5600 @ 119
    100 @ 95   453 @ 123
    154 @ 98   645 @ 144
          -    665 @ 167
|------------||-----------|

22:53:36.982 [main] INFO  c.gettingstarted.TimedLogic - [TIMEDLOGIC] Market is closed
22:53:36.982 [main] INFO  c.sequencer.consumer.LoggingConsumer - [94] 
|----BID-----|
    134 @ 43
    145 @ 76
    300 @ 91
    200 @ 93
    100 @ 95
    154 @ 98
|----ASK-----|
    501 @ 98
   200 @ 101
  5000 @ 110
  5600 @ 119
   453 @ 123
   645 @ 144
   665 @ 167

22:53:36.982 [main] INFO  c.orderbook.OrderBook - [ORDERBOOK] Processing Mkt Data Update
22:53:36.982 [main] INFO  c.o.v.MutatingRemoveAllMarketDataOrdersVisitor - [ORDERBOOK] Removing market data order:MktData(price=43,quantity=134)
22:53:36.982 [main] INFO  c.o.v.MutatingRemoveAllMarketDataOrdersVisitor - [ORDERBOOK] Removing level:43
22:53:36.982 [main] DEBUG c.orderbook.OrderBook - [ORDERBOOK] ASK: Adding orderMktData(price=43,quantity=134)
22:53:36.982 [main] DEBUG c.orderbook.OrderBook - [ORDERBOOK] ASK: Adding orderMktData(price=76,quantity=145)
22:53:36.982 [main] DEBUG c.orderbook.OrderBook - [ORDERBOOK] ASK: Adding orderMktData(price=91,quantity=300)
22:53:36.982 [main] DEBUG c.orderbook.OrderBook - [ORDERBOOK] ASK: Adding orderMktData(price=93,quantity=200)
22:53:36.982 [main] DEBUG c.orderbook.OrderBook - [ORDERBOOK] ASK: Adding orderMktData(price=95,quantity=100)
22:53:36.982 [main] DEBUG c.orderbook.OrderBook - [ORDERBOOK] ASK: Adding orderMktData(price=98,quantity=154)
22:53:36.982 [main] INFO  c.o.v.MutatingMatchOneMarketDataOrderVisitor - [ORDERBOOK] visiting LevelOrderBookLevel(price=43,quantity=134)
22:53:36.982 [main] INFO  c.o.v.MutatingMatchOneMarketDataOrderVisitor - [ORDERBOOK] Can't match order:MktData(price=43,quantity=134)(MktData(price=98,quantity=154))
22:53:36.982 [main] INFO  c.o.v.MutatingRemoveAllMarketDataOrdersVisitor - [ORDERBOOK] Removing market data order:MktData(price=98,quantity=501)
22:53:36.982 [main] INFO  c.o.v.MutatingRemoveAllMarketDataOrdersVisitor - [ORDERBOOK] Removing level:98
22:53:36.982 [main] INFO  c.o.v.MutatingRemoveAllMarketDataOrdersVisitor - [ORDERBOOK] Removing market data order:MktData(price=101,quantity=200)
22:53:36.982 [main] INFO  c.o.v.MutatingRemoveAllMarketDataOrdersVisitor - [ORDERBOOK] Removing level:101
22:53:36.982 [main] INFO  c.o.v.MutatingRemoveAllMarketDataOrdersVisitor - [ORDERBOOK] Removing market data order:MktData(price=110,quantity=5000)
22:53:36.982 [main] INFO  c.o.v.MutatingRemoveAllMarketDataOrdersVisitor - [ORDERBOOK] Removing level:110
22:53:36.982 [main] INFO  c.o.v.MutatingRemoveAllMarketDataOrdersVisitor - [ORDERBOOK] Removing market data order:MktData(price=119,quantity=5600)
22:53:36.982 [main] INFO  c.o.v.MutatingRemoveAllMarketDataOrdersVisitor - [ORDERBOOK] Removing level:119
22:53:36.982 [main] INFO  c.o.v.MutatingRemoveAllMarketDataOrdersVisitor - [ORDERBOOK] Removing market data order:MktData(price=123,quantity=453)
22:53:36.982 [main] INFO  c.o.v.MutatingRemoveAllMarketDataOrdersVisitor - [ORDERBOOK] Removing level:123
22:53:36.982 [main] INFO  c.o.v.MutatingRemoveAllMarketDataOrdersVisitor - [ORDERBOOK] Removing market data order:MktData(price=144,quantity=645)
22:53:36.982 [main] INFO  c.o.v.MutatingRemoveAllMarketDataOrdersVisitor - [ORDERBOOK] Removing level:144
22:53:36.982 [main] INFO  c.o.v.MutatingRemoveAllMarketDataOrdersVisitor - [ORDERBOOK] Removing market data order:MktData(price=167,quantity=665)
22:53:36.982 [main] INFO  c.o.v.MutatingRemoveAllMarketDataOrdersVisitor - [ORDERBOOK] Removing level:167
22:53:36.982 [main] DEBUG c.orderbook.OrderBook - [ORDERBOOK] ASK: Adding orderMktData(price=98,quantity=501)
22:53:36.982 [main] DEBUG c.orderbook.OrderBook - [ORDERBOOK] ASK: Adding orderMktData(price=101,quantity=200)
22:53:36.982 [main] DEBUG c.orderbook.OrderBook - [ORDERBOOK] ASK: Adding orderMktData(price=110,quantity=5000)
22:53:36.982 [main] DEBUG c.orderbook.OrderBook - [ORDERBOOK] ASK: Adding orderMktData(price=119,quantity=5600)
22:53:36.982 [main] DEBUG c.orderbook.OrderBook - [ORDERBOOK] ASK: Adding orderMktData(price=123,quantity=453)
22:53:36.982 [main] DEBUG c.orderbook.OrderBook - [ORDERBOOK] ASK: Adding orderMktData(price=144,quantity=645)
22:53:36.982 [main] DEBUG c.orderbook.OrderBook - [ORDERBOOK] ASK: Adding orderMktData(price=167,quantity=665)
22:53:36.982 [main] DEBUG c.service.MarketDataService - [ALGO] BID: price:43 quantity:134
22:53:36.982 [main] DEBUG c.service.MarketDataService - [ALGO] BID: price:76 quantity:145
22:53:36.982 [main] DEBUG c.service.MarketDataService - [ALGO] BID: price:91 quantity:300
22:53:36.982 [main] DEBUG c.service.MarketDataService - [ALGO] BID: price:93 quantity:200
22:53:36.982 [main] DEBUG c.service.MarketDataService - [ALGO] BID: price:95 quantity:100
22:53:36.982 [main] DEBUG c.service.MarketDataService - [ALGO] BID: price:98 quantity:154
22:53:36.982 [main] DEBUG c.service.MarketDataService - [ALGO] ASK: price:98 quantity:501
22:53:36.982 [main] DEBUG c.service.MarketDataService - [ALGO] ASK: price:101 quantity:200
22:53:36.982 [main] DEBUG c.service.MarketDataService - [ALGO] ASK: price:110 quantity:5000
22:53:36.982 [main] DEBUG c.service.MarketDataService - [ALGO] ASK: price:119 quantity:5600
22:53:36.982 [main] DEBUG c.service.MarketDataService - [ALGO] ASK: price:123 quantity:453
22:53:36.982 [main] DEBUG c.service.MarketDataService - [ALGO] ASK: price:144 quantity:645
22:53:36.982 [main] DEBUG c.service.MarketDataService - [ALGO] ASK: price:167 quantity:665
22:53:36.982 [main] INFO  c.gettingstarted.MyAlgoLogic - [MYALGO] The state of the order book is:
|----BID-----||----ASK----|
    134 @ 43    501 @ 98
    145 @ 76   200 @ 101
    300 @ 91  5000 @ 110
    200 @ 93  5600 @ 119
    100 @ 95   453 @ 123
    154 @ 98   645 @ 144
          -    665 @ 167
|------------||-----------|

22:53:36.982 [main] INFO  c.gettingstarted.MyAlgoLogic - [MYALGO] Algo Sees Book as: 
|----BID-----||----ASK----|
    134 @ 43    501 @ 98
    145 @ 76   200 @ 101
    300 @ 91  5000 @ 110
    200 @ 93  5600 @ 119
    100 @ 95   453 @ 123
    154 @ 98   645 @ 144
          -    665 @ 167
|------------||-----------|

22:53:36.982 [main] INFO  c.gettingstarted.TimedLogic - [TIMEDLOGIC] Market is closed
22:53:36.982 [main] INFO  c.sequencer.consumer.LoggingConsumer - [95] 
|----BID-----|
    134 @ 43
    145 @ 76
    300 @ 91
    200 @ 93
    100 @ 95
    154 @ 98
|----ASK-----|
    501 @ 98
   200 @ 101
  5000 @ 110
  5600 @ 119
   453 @ 123
   645 @ 144
   665 @ 167

22:53:36.982 [main] INFO  c.orderbook.OrderBook - [ORDERBOOK] Processing Mkt Data Update
22:53:36.982 [main] INFO  c.o.v.MutatingRemoveAllMarketDataOrdersVisitor - [ORDERBOOK] Removing market data order:MktData(price=43,quantity=134)
22:53:36.982 [main] INFO  c.o.v.MutatingRemoveAllMarketDataOrdersVisitor - [ORDERBOOK] Removing level:43
22:53:36.982 [main] DEBUG c.orderbook.OrderBook - [ORDERBOOK] ASK: Adding orderMktData(price=43,quantity=134)
22:53:36.982 [main] DEBUG c.orderbook.OrderBook - [ORDERBOOK] ASK: Adding orderMktData(price=76,quantity=145)
22:53:36.982 [main] DEBUG c.orderbook.OrderBook - [ORDERBOOK] ASK: Adding orderMktData(price=91,quantity=300)
22:53:36.982 [main] DEBUG c.orderbook.OrderBook - [ORDERBOOK] ASK: Adding orderMktData(price=93,quantity=200)
22:53:36.982 [main] DEBUG c.orderbook.OrderBook - [ORDERBOOK] ASK: Adding orderMktData(price=95,quantity=100)
22:53:36.982 [main] DEBUG c.orderbook.OrderBook - [ORDERBOOK] ASK: Adding orderMktData(price=98,quantity=154)
22:53:36.982 [main] INFO  c.o.v.MutatingMatchOneMarketDataOrderVisitor - [ORDERBOOK] visiting LevelOrderBookLevel(price=43,quantity=134)
22:53:36.982 [main] INFO  c.o.v.MutatingMatchOneMarketDataOrderVisitor - [ORDERBOOK] Can't match order:MktData(price=43,quantity=134)(MktData(price=98,quantity=154))
22:53:36.982 [main] INFO  c.o.v.MutatingRemoveAllMarketDataOrdersVisitor - [ORDERBOOK] Removing market data order:MktData(price=98,quantity=501)
22:53:36.982 [main] INFO  c.o.v.MutatingRemoveAllMarketDataOrdersVisitor - [ORDERBOOK] Removing level:98
22:53:36.982 [main] INFO  c.o.v.MutatingRemoveAllMarketDataOrdersVisitor - [ORDERBOOK] Removing market data order:MktData(price=101,quantity=200)
22:53:36.982 [main] INFO  c.o.v.MutatingRemoveAllMarketDataOrdersVisitor - [ORDERBOOK] Removing level:101
22:53:36.982 [main] INFO  c.o.v.MutatingRemoveAllMarketDataOrdersVisitor - [ORDERBOOK] Removing market data order:MktData(price=110,quantity=5000)
22:53:36.982 [main] INFO  c.o.v.MutatingRemoveAllMarketDataOrdersVisitor - [ORDERBOOK] Removing level:110
22:53:36.982 [main] INFO  c.o.v.MutatingRemoveAllMarketDataOrdersVisitor - [ORDERBOOK] Removing market data order:MktData(price=119,quantity=5600)
22:53:36.982 [main] INFO  c.o.v.MutatingRemoveAllMarketDataOrdersVisitor - [ORDERBOOK] Removing level:119
22:53:36.982 [main] INFO  c.o.v.MutatingRemoveAllMarketDataOrdersVisitor - [ORDERBOOK] Removing market data order:MktData(price=123,quantity=453)
22:53:36.982 [main] INFO  c.o.v.MutatingRemoveAllMarketDataOrdersVisitor - [ORDERBOOK] Removing level:123
22:53:36.982 [main] INFO  c.o.v.MutatingRemoveAllMarketDataOrdersVisitor - [ORDERBOOK] Removing market data order:MktData(price=144,quantity=645)
22:53:36.982 [main] INFO  c.o.v.MutatingRemoveAllMarketDataOrdersVisitor - [ORDERBOOK] Removing level:144
22:53:36.982 [main] INFO  c.o.v.MutatingRemoveAllMarketDataOrdersVisitor - [ORDERBOOK] Removing market data order:MktData(price=167,quantity=665)
22:53:36.982 [main] INFO  c.o.v.MutatingRemoveAllMarketDataOrdersVisitor - [ORDERBOOK] Removing level:167
22:53:36.982 [main] DEBUG c.orderbook.OrderBook - [ORDERBOOK] ASK: Adding orderMktData(price=98,quantity=501)
22:53:36.982 [main] DEBUG c.orderbook.OrderBook - [ORDERBOOK] ASK: Adding orderMktData(price=101,quantity=200)
22:53:36.982 [main] DEBUG c.orderbook.OrderBook - [ORDERBOOK] ASK: Adding orderMktData(price=110,quantity=5000)
22:53:36.982 [main] DEBUG c.orderbook.OrderBook - [ORDERBOOK] ASK: Adding orderMktData(price=119,quantity=5600)
22:53:36.982 [main] DEBUG c.orderbook.OrderBook - [ORDERBOOK] ASK: Adding orderMktData(price=123,quantity=453)
22:53:36.982 [main] DEBUG c.orderbook.OrderBook - [ORDERBOOK] ASK: Adding orderMktData(price=144,quantity=645)
22:53:36.982 [main] DEBUG c.orderbook.OrderBook - [ORDERBOOK] ASK: Adding orderMktData(price=167,quantity=665)
22:53:36.982 [main] DEBUG c.service.MarketDataService - [ALGO] BID: price:43 quantity:134
22:53:36.982 [main] DEBUG c.service.MarketDataService - [ALGO] BID: price:76 quantity:145
22:53:36.982 [main] DEBUG c.service.MarketDataService - [ALGO] BID: price:91 quantity:300
22:53:36.982 [main] DEBUG c.service.MarketDataService - [ALGO] BID: price:93 quantity:200
22:53:36.982 [main] DEBUG c.service.MarketDataService - [ALGO] BID: price:95 quantity:100
22:53:36.982 [main] DEBUG c.service.MarketDataService - [ALGO] BID: price:98 quantity:154
22:53:36.982 [main] DEBUG c.service.MarketDataService - [ALGO] ASK: price:98 quantity:501
22:53:36.982 [main] DEBUG c.service.MarketDataService - [ALGO] ASK: price:101 quantity:200
22:53:36.982 [main] DEBUG c.service.MarketDataService - [ALGO] ASK: price:110 quantity:5000
22:53:36.982 [main] DEBUG c.service.MarketDataService - [ALGO] ASK: price:119 quantity:5600
22:53:36.982 [main] DEBUG c.service.MarketDataService - [ALGO] ASK: price:123 quantity:453
22:53:36.982 [main] DEBUG c.service.MarketDataService - [ALGO] ASK: price:144 quantity:645
22:53:36.982 [main] DEBUG c.service.MarketDataService - [ALGO] ASK: price:167 quantity:665
22:53:36.982 [main] INFO  c.gettingstarted.MyAlgoLogic - [MYALGO] The state of the order book is:
|----BID-----||----ASK----|
    134 @ 43    501 @ 98
    145 @ 76   200 @ 101
    300 @ 91  5000 @ 110
    200 @ 93  5600 @ 119
    100 @ 95   453 @ 123
    154 @ 98   645 @ 144
          -    665 @ 167
|------------||-----------|

22:53:36.982 [main] INFO  c.gettingstarted.MyAlgoLogic - [MYALGO] Algo Sees Book as: 
|----BID-----||----ASK----|
    134 @ 43    501 @ 98
    145 @ 76   200 @ 101
    300 @ 91  5000 @ 110
    200 @ 93  5600 @ 119
    100 @ 95   453 @ 123
    154 @ 98   645 @ 144
          -    665 @ 167
|------------||-----------|

22:53:36.982 [main] INFO  c.gettingstarted.TimedLogic - [TIMEDLOGIC] Market is closed
22:53:36.982 [main] INFO  c.sequencer.consumer.LoggingConsumer - [96] 
|----BID-----|
    134 @ 43
    145 @ 76
    300 @ 91
    200 @ 93
    100 @ 95
    154 @ 98
|----ASK-----|
    501 @ 98
   200 @ 101
  5000 @ 110
  5600 @ 119
   453 @ 123
   645 @ 144
   665 @ 167

22:53:36.982 [main] INFO  c.orderbook.OrderBook - [ORDERBOOK] Processing Mkt Data Update
22:53:36.982 [main] INFO  c.o.v.MutatingRemoveAllMarketDataOrdersVisitor - [ORDERBOOK] Removing market data order:MktData(price=43,quantity=134)
22:53:36.982 [main] INFO  c.o.v.MutatingRemoveAllMarketDataOrdersVisitor - [ORDERBOOK] Removing level:43
22:53:36.982 [main] DEBUG c.orderbook.OrderBook - [ORDERBOOK] ASK: Adding orderMktData(price=43,quantity=134)
22:53:36.982 [main] DEBUG c.orderbook.OrderBook - [ORDERBOOK] ASK: Adding orderMktData(price=76,quantity=145)
22:53:36.982 [main] DEBUG c.orderbook.OrderBook - [ORDERBOOK] ASK: Adding orderMktData(price=91,quantity=300)
22:53:36.982 [main] DEBUG c.orderbook.OrderBook - [ORDERBOOK] ASK: Adding orderMktData(price=93,quantity=200)
22:53:36.982 [main] DEBUG c.orderbook.OrderBook - [ORDERBOOK] ASK: Adding orderMktData(price=95,quantity=100)
22:53:36.982 [main] DEBUG c.orderbook.OrderBook - [ORDERBOOK] ASK: Adding orderMktData(price=98,quantity=154)
22:53:36.982 [main] INFO  c.o.v.MutatingMatchOneMarketDataOrderVisitor - [ORDERBOOK] visiting LevelOrderBookLevel(price=43,quantity=134)
22:53:36.982 [main] INFO  c.o.v.MutatingMatchOneMarketDataOrderVisitor - [ORDERBOOK] Can't match order:MktData(price=43,quantity=134)(MktData(price=98,quantity=154))
22:53:36.982 [main] INFO  c.o.v.MutatingRemoveAllMarketDataOrdersVisitor - [ORDERBOOK] Removing market data order:MktData(price=98,quantity=501)
22:53:36.982 [main] INFO  c.o.v.MutatingRemoveAllMarketDataOrdersVisitor - [ORDERBOOK] Removing level:98
22:53:36.982 [main] INFO  c.o.v.MutatingRemoveAllMarketDataOrdersVisitor - [ORDERBOOK] Removing market data order:MktData(price=101,quantity=200)
22:53:36.982 [main] INFO  c.o.v.MutatingRemoveAllMarketDataOrdersVisitor - [ORDERBOOK] Removing level:101
22:53:36.982 [main] INFO  c.o.v.MutatingRemoveAllMarketDataOrdersVisitor - [ORDERBOOK] Removing market data order:MktData(price=110,quantity=5000)
22:53:36.982 [main] INFO  c.o.v.MutatingRemoveAllMarketDataOrdersVisitor - [ORDERBOOK] Removing level:110
22:53:36.982 [main] INFO  c.o.v.MutatingRemoveAllMarketDataOrdersVisitor - [ORDERBOOK] Removing market data order:MktData(price=119,quantity=5600)
22:53:36.982 [main] INFO  c.o.v.MutatingRemoveAllMarketDataOrdersVisitor - [ORDERBOOK] Removing level:119
22:53:36.982 [main] INFO  c.o.v.MutatingRemoveAllMarketDataOrdersVisitor - [ORDERBOOK] Removing market data order:MktData(price=123,quantity=453)
22:53:36.982 [main] INFO  c.o.v.MutatingRemoveAllMarketDataOrdersVisitor - [ORDERBOOK] Removing level:123
22:53:36.982 [main] INFO  c.o.v.MutatingRemoveAllMarketDataOrdersVisitor - [ORDERBOOK] Removing market data order:MktData(price=144,quantity=645)
22:53:36.982 [main] INFO  c.o.v.MutatingRemoveAllMarketDataOrdersVisitor - [ORDERBOOK] Removing level:144
22:53:36.982 [main] INFO  c.o.v.MutatingRemoveAllMarketDataOrdersVisitor - [ORDERBOOK] Removing market data order:MktData(price=167,quantity=665)
22:53:36.982 [main] INFO  c.o.v.MutatingRemoveAllMarketDataOrdersVisitor - [ORDERBOOK] Removing level:167
22:53:36.982 [main] DEBUG c.orderbook.OrderBook - [ORDERBOOK] ASK: Adding orderMktData(price=98,quantity=501)
22:53:36.982 [main] DEBUG c.orderbook.OrderBook - [ORDERBOOK] ASK: Adding orderMktData(price=101,quantity=200)
22:53:36.982 [main] DEBUG c.orderbook.OrderBook - [ORDERBOOK] ASK: Adding orderMktData(price=110,quantity=5000)
22:53:36.982 [main] DEBUG c.orderbook.OrderBook - [ORDERBOOK] ASK: Adding orderMktData(price=119,quantity=5600)
22:53:36.982 [main] DEBUG c.orderbook.OrderBook - [ORDERBOOK] ASK: Adding orderMktData(price=123,quantity=453)
22:53:36.982 [main] DEBUG c.orderbook.OrderBook - [ORDERBOOK] ASK: Adding orderMktData(price=144,quantity=645)
22:53:36.982 [main] DEBUG c.orderbook.OrderBook - [ORDERBOOK] ASK: Adding orderMktData(price=167,quantity=665)
22:53:36.982 [main] DEBUG c.service.MarketDataService - [ALGO] BID: price:43 quantity:134
22:53:36.982 [main] DEBUG c.service.MarketDataService - [ALGO] BID: price:76 quantity:145
22:53:36.982 [main] DEBUG c.service.MarketDataService - [ALGO] BID: price:91 quantity:300
22:53:36.982 [main] DEBUG c.service.MarketDataService - [ALGO] BID: price:93 quantity:200
22:53:36.982 [main] DEBUG c.service.MarketDataService - [ALGO] BID: price:95 quantity:100
22:53:36.982 [main] DEBUG c.service.MarketDataService - [ALGO] BID: price:98 quantity:154
22:53:36.982 [main] DEBUG c.service.MarketDataService - [ALGO] ASK: price:98 quantity:501
22:53:36.982 [main] DEBUG c.service.MarketDataService - [ALGO] ASK: price:101 quantity:200
22:53:36.982 [main] DEBUG c.service.MarketDataService - [ALGO] ASK: price:110 quantity:5000
22:53:36.982 [main] DEBUG c.service.MarketDataService - [ALGO] ASK: price:119 quantity:5600
22:53:36.982 [main] DEBUG c.service.MarketDataService - [ALGO] ASK: price:123 quantity:453
22:53:36.982 [main] DEBUG c.service.MarketDataService - [ALGO] ASK: price:144 quantity:645
22:53:36.982 [main] DEBUG c.service.MarketDataService - [ALGO] ASK: price:167 quantity:665
22:53:36.982 [main] INFO  c.gettingstarted.MyAlgoLogic - [MYALGO] The state of the order book is:
|----BID-----||----ASK----|
    134 @ 43    501 @ 98
    145 @ 76   200 @ 101
    300 @ 91  5000 @ 110
    200 @ 93  5600 @ 119
    100 @ 95   453 @ 123
    154 @ 98   645 @ 144
          -    665 @ 167
|------------||-----------|

22:53:36.982 [main] INFO  c.gettingstarted.MyAlgoLogic - [MYALGO] Algo Sees Book as: 
|----BID-----||----ASK----|
    134 @ 43    501 @ 98
    145 @ 76   200 @ 101
    300 @ 91  5000 @ 110
    200 @ 93  5600 @ 119
    100 @ 95   453 @ 123
    154 @ 98   645 @ 144
          -    665 @ 167
|------------||-----------|

22:53:36.982 [main] INFO  c.gettingstarted.TimedLogic - [TIMEDLOGIC] Market is closed
22:53:36.987 [main] INFO  c.sequencer.consumer.LoggingConsumer - [97] 
|----BID-----|
    134 @ 43
    145 @ 76
    300 @ 91
    200 @ 93
    100 @ 95
    154 @ 98
|----ASK-----|
    501 @ 98
   200 @ 101
  5000 @ 110
  5600 @ 119
   453 @ 123
   645 @ 144
   665 @ 167

22:53:36.987 [main] INFO  c.orderbook.OrderBook - [ORDERBOOK] Processing Mkt Data Update
22:53:36.987 [main] INFO  c.o.v.MutatingRemoveAllMarketDataOrdersVisitor - [ORDERBOOK] Removing market data order:MktData(price=43,quantity=134)
22:53:36.987 [main] INFO  c.o.v.MutatingRemoveAllMarketDataOrdersVisitor - [ORDERBOOK] Removing level:43
22:53:36.987 [main] DEBUG c.orderbook.OrderBook - [ORDERBOOK] ASK: Adding orderMktData(price=43,quantity=134)
22:53:36.987 [main] DEBUG c.orderbook.OrderBook - [ORDERBOOK] ASK: Adding orderMktData(price=76,quantity=145)
22:53:36.987 [main] DEBUG c.orderbook.OrderBook - [ORDERBOOK] ASK: Adding orderMktData(price=91,quantity=300)
22:53:36.987 [main] DEBUG c.orderbook.OrderBook - [ORDERBOOK] ASK: Adding orderMktData(price=93,quantity=200)
22:53:36.987 [main] DEBUG c.orderbook.OrderBook - [ORDERBOOK] ASK: Adding orderMktData(price=95,quantity=100)
22:53:36.987 [main] DEBUG c.orderbook.OrderBook - [ORDERBOOK] ASK: Adding orderMktData(price=98,quantity=154)
22:53:36.987 [main] INFO  c.o.v.MutatingMatchOneMarketDataOrderVisitor - [ORDERBOOK] visiting LevelOrderBookLevel(price=43,quantity=134)
22:53:36.987 [main] INFO  c.o.v.MutatingMatchOneMarketDataOrderVisitor - [ORDERBOOK] Can't match order:MktData(price=43,quantity=134)(MktData(price=98,quantity=154))
22:53:36.987 [main] INFO  c.o.v.MutatingRemoveAllMarketDataOrdersVisitor - [ORDERBOOK] Removing market data order:MktData(price=98,quantity=501)
22:53:36.987 [main] INFO  c.o.v.MutatingRemoveAllMarketDataOrdersVisitor - [ORDERBOOK] Removing level:98
22:53:36.987 [main] INFO  c.o.v.MutatingRemoveAllMarketDataOrdersVisitor - [ORDERBOOK] Removing market data order:MktData(price=101,quantity=200)
22:53:36.987 [main] INFO  c.o.v.MutatingRemoveAllMarketDataOrdersVisitor - [ORDERBOOK] Removing level:101
22:53:36.987 [main] INFO  c.o.v.MutatingRemoveAllMarketDataOrdersVisitor - [ORDERBOOK] Removing market data order:MktData(price=110,quantity=5000)
22:53:36.987 [main] INFO  c.o.v.MutatingRemoveAllMarketDataOrdersVisitor - [ORDERBOOK] Removing level:110
22:53:36.987 [main] INFO  c.o.v.MutatingRemoveAllMarketDataOrdersVisitor - [ORDERBOOK] Removing market data order:MktData(price=119,quantity=5600)
22:53:36.987 [main] INFO  c.o.v.MutatingRemoveAllMarketDataOrdersVisitor - [ORDERBOOK] Removing level:119
22:53:36.987 [main] INFO  c.o.v.MutatingRemoveAllMarketDataOrdersVisitor - [ORDERBOOK] Removing market data order:MktData(price=123,quantity=453)
22:53:36.987 [main] INFO  c.o.v.MutatingRemoveAllMarketDataOrdersVisitor - [ORDERBOOK] Removing level:123
22:53:36.987 [main] INFO  c.o.v.MutatingRemoveAllMarketDataOrdersVisitor - [ORDERBOOK] Removing market data order:MktData(price=144,quantity=645)
22:53:36.987 [main] INFO  c.o.v.MutatingRemoveAllMarketDataOrdersVisitor - [ORDERBOOK] Removing level:144
22:53:36.987 [main] INFO  c.o.v.MutatingRemoveAllMarketDataOrdersVisitor - [ORDERBOOK] Removing market data order:MktData(price=167,quantity=665)
22:53:36.987 [main] INFO  c.o.v.MutatingRemoveAllMarketDataOrdersVisitor - [ORDERBOOK] Removing level:167
22:53:36.987 [main] DEBUG c.orderbook.OrderBook - [ORDERBOOK] ASK: Adding orderMktData(price=98,quantity=501)
22:53:36.987 [main] DEBUG c.orderbook.OrderBook - [ORDERBOOK] ASK: Adding orderMktData(price=101,quantity=200)
22:53:36.987 [main] DEBUG c.orderbook.OrderBook - [ORDERBOOK] ASK: Adding orderMktData(price=110,quantity=5000)
22:53:36.987 [main] DEBUG c.orderbook.OrderBook - [ORDERBOOK] ASK: Adding orderMktData(price=119,quantity=5600)
22:53:36.987 [main] DEBUG c.orderbook.OrderBook - [ORDERBOOK] ASK: Adding orderMktData(price=123,quantity=453)
22:53:36.987 [main] DEBUG c.orderbook.OrderBook - [ORDERBOOK] ASK: Adding orderMktData(price=144,quantity=645)
22:53:36.987 [main] DEBUG c.orderbook.OrderBook - [ORDERBOOK] ASK: Adding orderMktData(price=167,quantity=665)
22:53:36.987 [main] DEBUG c.service.MarketDataService - [ALGO] BID: price:43 quantity:134
22:53:36.987 [main] DEBUG c.service.MarketDataService - [ALGO] BID: price:76 quantity:145
22:53:36.987 [main] DEBUG c.service.MarketDataService - [ALGO] BID: price:91 quantity:300
22:53:36.987 [main] DEBUG c.service.MarketDataService - [ALGO] BID: price:93 quantity:200
22:53:36.987 [main] DEBUG c.service.MarketDataService - [ALGO] BID: price:95 quantity:100
22:53:36.987 [main] DEBUG c.service.MarketDataService - [ALGO] BID: price:98 quantity:154
22:53:36.987 [main] DEBUG c.service.MarketDataService - [ALGO] ASK: price:98 quantity:501
22:53:36.987 [main] DEBUG c.service.MarketDataService - [ALGO] ASK: price:101 quantity:200
22:53:36.987 [main] DEBUG c.service.MarketDataService - [ALGO] ASK: price:110 quantity:5000
22:53:36.987 [main] DEBUG c.service.MarketDataService - [ALGO] ASK: price:119 quantity:5600
22:53:36.987 [main] DEBUG c.service.MarketDataService - [ALGO] ASK: price:123 quantity:453
22:53:36.987 [main] DEBUG c.service.MarketDataService - [ALGO] ASK: price:144 quantity:645
22:53:36.987 [main] DEBUG c.service.MarketDataService - [ALGO] ASK: price:167 quantity:665
22:53:36.987 [main] INFO  c.gettingstarted.MyAlgoLogic - [MYALGO] The state of the order book is:
|----BID-----||----ASK----|
    134 @ 43    501 @ 98
    145 @ 76   200 @ 101
    300 @ 91  5000 @ 110
    200 @ 93  5600 @ 119
    100 @ 95   453 @ 123
    154 @ 98   645 @ 144
          -    665 @ 167
|------------||-----------|

22:53:36.988 [main] INFO  c.gettingstarted.MyAlgoLogic - [MYALGO] Algo Sees Book as: 
|----BID-----||----ASK----|
    134 @ 43    501 @ 98
    145 @ 76   200 @ 101
    300 @ 91  5000 @ 110
    200 @ 93  5600 @ 119
    100 @ 95   453 @ 123
    154 @ 98   645 @ 144
          -    665 @ 167
|------------||-----------|

22:53:36.988 [main] INFO  c.gettingstarted.TimedLogic - [TIMEDLOGIC] Market is closed
22:53:36.988 [main] INFO  c.sequencer.consumer.LoggingConsumer - [98] 
|----BID-----|
    134 @ 43
    145 @ 76
    300 @ 91
    200 @ 93
    100 @ 95
    154 @ 98
|----ASK-----|
    501 @ 98
   200 @ 101
  5000 @ 110
  5600 @ 119
   453 @ 123
   645 @ 144
   665 @ 167

22:53:36.988 [main] INFO  c.orderbook.OrderBook - [ORDERBOOK] Processing Mkt Data Update
22:53:36.988 [main] INFO  c.o.v.MutatingRemoveAllMarketDataOrdersVisitor - [ORDERBOOK] Removing market data order:MktData(price=43,quantity=134)
22:53:36.988 [main] INFO  c.o.v.MutatingRemoveAllMarketDataOrdersVisitor - [ORDERBOOK] Removing level:43
22:53:36.988 [main] DEBUG c.orderbook.OrderBook - [ORDERBOOK] ASK: Adding orderMktData(price=43,quantity=134)
22:53:36.988 [main] DEBUG c.orderbook.OrderBook - [ORDERBOOK] ASK: Adding orderMktData(price=76,quantity=145)
22:53:36.988 [main] DEBUG c.orderbook.OrderBook - [ORDERBOOK] ASK: Adding orderMktData(price=91,quantity=300)
22:53:36.988 [main] DEBUG c.orderbook.OrderBook - [ORDERBOOK] ASK: Adding orderMktData(price=93,quantity=200)
22:53:36.988 [main] DEBUG c.orderbook.OrderBook - [ORDERBOOK] ASK: Adding orderMktData(price=95,quantity=100)
22:53:36.988 [main] DEBUG c.orderbook.OrderBook - [ORDERBOOK] ASK: Adding orderMktData(price=98,quantity=154)
22:53:36.988 [main] INFO  c.o.v.MutatingMatchOneMarketDataOrderVisitor - [ORDERBOOK] visiting LevelOrderBookLevel(price=43,quantity=134)
22:53:36.988 [main] INFO  c.o.v.MutatingMatchOneMarketDataOrderVisitor - [ORDERBOOK] Can't match order:MktData(price=43,quantity=134)(MktData(price=98,quantity=154))
22:53:36.988 [main] INFO  c.o.v.MutatingRemoveAllMarketDataOrdersVisitor - [ORDERBOOK] Removing market data order:MktData(price=98,quantity=501)
22:53:36.988 [main] INFO  c.o.v.MutatingRemoveAllMarketDataOrdersVisitor - [ORDERBOOK] Removing level:98
22:53:36.988 [main] INFO  c.o.v.MutatingRemoveAllMarketDataOrdersVisitor - [ORDERBOOK] Removing market data order:MktData(price=101,quantity=200)
22:53:36.988 [main] INFO  c.o.v.MutatingRemoveAllMarketDataOrdersVisitor - [ORDERBOOK] Removing level:101
22:53:36.988 [main] INFO  c.o.v.MutatingRemoveAllMarketDataOrdersVisitor - [ORDERBOOK] Removing market data order:MktData(price=110,quantity=5000)
22:53:36.988 [main] INFO  c.o.v.MutatingRemoveAllMarketDataOrdersVisitor - [ORDERBOOK] Removing level:110
22:53:36.988 [main] INFO  c.o.v.MutatingRemoveAllMarketDataOrdersVisitor - [ORDERBOOK] Removing market data order:MktData(price=119,quantity=5600)
22:53:36.988 [main] INFO  c.o.v.MutatingRemoveAllMarketDataOrdersVisitor - [ORDERBOOK] Removing level:119
22:53:36.988 [main] INFO  c.o.v.MutatingRemoveAllMarketDataOrdersVisitor - [ORDERBOOK] Removing market data order:MktData(price=123,quantity=453)
22:53:36.988 [main] INFO  c.o.v.MutatingRemoveAllMarketDataOrdersVisitor - [ORDERBOOK] Removing level:123
22:53:36.988 [main] INFO  c.o.v.MutatingRemoveAllMarketDataOrdersVisitor - [ORDERBOOK] Removing market data order:MktData(price=144,quantity=645)
22:53:36.988 [main] INFO  c.o.v.MutatingRemoveAllMarketDataOrdersVisitor - [ORDERBOOK] Removing level:144
22:53:36.988 [main] INFO  c.o.v.MutatingRemoveAllMarketDataOrdersVisitor - [ORDERBOOK] Removing market data order:MktData(price=167,quantity=665)
22:53:36.988 [main] INFO  c.o.v.MutatingRemoveAllMarketDataOrdersVisitor - [ORDERBOOK] Removing level:167
22:53:36.988 [main] DEBUG c.orderbook.OrderBook - [ORDERBOOK] ASK: Adding orderMktData(price=98,quantity=501)
22:53:36.988 [main] DEBUG c.orderbook.OrderBook - [ORDERBOOK] ASK: Adding orderMktData(price=101,quantity=200)
22:53:36.988 [main] DEBUG c.orderbook.OrderBook - [ORDERBOOK] ASK: Adding orderMktData(price=110,quantity=5000)
22:53:36.988 [main] DEBUG c.orderbook.OrderBook - [ORDERBOOK] ASK: Adding orderMktData(price=119,quantity=5600)
22:53:36.988 [main] DEBUG c.orderbook.OrderBook - [ORDERBOOK] ASK: Adding orderMktData(price=123,quantity=453)
22:53:36.988 [main] DEBUG c.orderbook.OrderBook - [ORDERBOOK] ASK: Adding orderMktData(price=144,quantity=645)
22:53:36.988 [main] DEBUG c.orderbook.OrderBook - [ORDERBOOK] ASK: Adding orderMktData(price=167,quantity=665)
22:53:36.988 [main] DEBUG c.service.MarketDataService - [ALGO] BID: price:43 quantity:134
22:53:36.988 [main] DEBUG c.service.MarketDataService - [ALGO] BID: price:76 quantity:145
22:53:36.988 [main] DEBUG c.service.MarketDataService - [ALGO] BID: price:91 quantity:300
22:53:36.988 [main] DEBUG c.service.MarketDataService - [ALGO] BID: price:93 quantity:200
22:53:36.988 [main] DEBUG c.service.MarketDataService - [ALGO] BID: price:95 quantity:100
22:53:36.988 [main] DEBUG c.service.MarketDataService - [ALGO] BID: price:98 quantity:154
22:53:36.988 [main] DEBUG c.service.MarketDataService - [ALGO] ASK: price:98 quantity:501
22:53:36.988 [main] DEBUG c.service.MarketDataService - [ALGO] ASK: price:101 quantity:200
22:53:36.988 [main] DEBUG c.service.MarketDataService - [ALGO] ASK: price:110 quantity:5000
22:53:36.988 [main] DEBUG c.service.MarketDataService - [ALGO] ASK: price:119 quantity:5600
22:53:36.988 [main] DEBUG c.service.MarketDataService - [ALGO] ASK: price:123 quantity:453
22:53:36.988 [main] DEBUG c.service.MarketDataService - [ALGO] ASK: price:144 quantity:645
22:53:36.988 [main] DEBUG c.service.MarketDataService - [ALGO] ASK: price:167 quantity:665
22:53:36.988 [main] INFO  c.gettingstarted.MyAlgoLogic - [MYALGO] The state of the order book is:
|----BID-----||----ASK----|
    134 @ 43    501 @ 98
    145 @ 76   200 @ 101
    300 @ 91  5000 @ 110
    200 @ 93  5600 @ 119
    100 @ 95   453 @ 123
    154 @ 98   645 @ 144
          -    665 @ 167
|------------||-----------|

22:53:36.988 [main] INFO  c.gettingstarted.MyAlgoLogic - [MYALGO] Algo Sees Book as: 
|----BID-----||----ASK----|
    134 @ 43    501 @ 98
    145 @ 76   200 @ 101
    300 @ 91  5000 @ 110
    200 @ 93  5600 @ 119
    100 @ 95   453 @ 123
    154 @ 98   645 @ 144
          -    665 @ 167
|------------||-----------|

22:53:36.988 [main] INFO  c.gettingstarted.TimedLogic - [TIMEDLOGIC] Market is closed
22:53:36.988 [main] INFO  c.sequencer.consumer.LoggingConsumer - [99] 
|----BID-----|
    134 @ 43
    145 @ 76
    300 @ 91
    200 @ 93
    100 @ 95
    154 @ 98
|----ASK-----|
    501 @ 98
   200 @ 101
  5000 @ 110
  5600 @ 119
   453 @ 123
   645 @ 144
   665 @ 167

22:53:36.988 [main] INFO  c.orderbook.OrderBook - [ORDERBOOK] Processing Mkt Data Update
22:53:36.988 [main] INFO  c.o.v.MutatingRemoveAllMarketDataOrdersVisitor - [ORDERBOOK] Removing market data order:MktData(price=43,quantity=134)
22:53:36.988 [main] INFO  c.o.v.MutatingRemoveAllMarketDataOrdersVisitor - [ORDERBOOK] Removing level:43
22:53:36.988 [main] DEBUG c.orderbook.OrderBook - [ORDERBOOK] ASK: Adding orderMktData(price=43,quantity=134)
22:53:36.988 [main] DEBUG c.orderbook.OrderBook - [ORDERBOOK] ASK: Adding orderMktData(price=76,quantity=145)
22:53:36.988 [main] DEBUG c.orderbook.OrderBook - [ORDERBOOK] ASK: Adding orderMktData(price=91,quantity=300)
22:53:36.988 [main] DEBUG c.orderbook.OrderBook - [ORDERBOOK] ASK: Adding orderMktData(price=93,quantity=200)
22:53:36.988 [main] DEBUG c.orderbook.OrderBook - [ORDERBOOK] ASK: Adding orderMktData(price=95,quantity=100)
22:53:36.988 [main] DEBUG c.orderbook.OrderBook - [ORDERBOOK] ASK: Adding orderMktData(price=98,quantity=154)
22:53:36.988 [main] INFO  c.o.v.MutatingMatchOneMarketDataOrderVisitor - [ORDERBOOK] visiting LevelOrderBookLevel(price=43,quantity=134)
22:53:36.988 [main] INFO  c.o.v.MutatingMatchOneMarketDataOrderVisitor - [ORDERBOOK] Can't match order:MktData(price=43,quantity=134)(MktData(price=98,quantity=154))
22:53:36.988 [main] INFO  c.o.v.MutatingRemoveAllMarketDataOrdersVisitor - [ORDERBOOK] Removing market data order:MktData(price=98,quantity=501)
22:53:36.990 [main] INFO  c.o.v.MutatingRemoveAllMarketDataOrdersVisitor - [ORDERBOOK] Removing level:98
22:53:36.990 [main] INFO  c.o.v.MutatingRemoveAllMarketDataOrdersVisitor - [ORDERBOOK] Removing market data order:MktData(price=101,quantity=200)
22:53:36.990 [main] INFO  c.o.v.MutatingRemoveAllMarketDataOrdersVisitor - [ORDERBOOK] Removing level:101
22:53:36.990 [main] INFO  c.o.v.MutatingRemoveAllMarketDataOrdersVisitor - [ORDERBOOK] Removing market data order:MktData(price=110,quantity=5000)
22:53:36.990 [main] INFO  c.o.v.MutatingRemoveAllMarketDataOrdersVisitor - [ORDERBOOK] Removing level:110
22:53:36.990 [main] INFO  c.o.v.MutatingRemoveAllMarketDataOrdersVisitor - [ORDERBOOK] Removing market data order:MktData(price=119,quantity=5600)
22:53:36.990 [main] INFO  c.o.v.MutatingRemoveAllMarketDataOrdersVisitor - [ORDERBOOK] Removing level:119
22:53:36.990 [main] INFO  c.o.v.MutatingRemoveAllMarketDataOrdersVisitor - [ORDERBOOK] Removing market data order:MktData(price=123,quantity=453)
22:53:36.990 [main] INFO  c.o.v.MutatingRemoveAllMarketDataOrdersVisitor - [ORDERBOOK] Removing level:123
22:53:36.990 [main] INFO  c.o.v.MutatingRemoveAllMarketDataOrdersVisitor - [ORDERBOOK] Removing market data order:MktData(price=144,quantity=645)
22:53:36.990 [main] INFO  c.o.v.MutatingRemoveAllMarketDataOrdersVisitor - [ORDERBOOK] Removing level:144
22:53:36.990 [main] INFO  c.o.v.MutatingRemoveAllMarketDataOrdersVisitor - [ORDERBOOK] Removing market data order:MktData(price=167,quantity=665)
22:53:36.990 [main] INFO  c.o.v.MutatingRemoveAllMarketDataOrdersVisitor - [ORDERBOOK] Removing level:167
22:53:36.990 [main] DEBUG c.orderbook.OrderBook - [ORDERBOOK] ASK: Adding orderMktData(price=98,quantity=501)
22:53:36.990 [main] DEBUG c.orderbook.OrderBook - [ORDERBOOK] ASK: Adding orderMktData(price=101,quantity=200)
22:53:36.990 [main] DEBUG c.orderbook.OrderBook - [ORDERBOOK] ASK: Adding orderMktData(price=110,quantity=5000)
22:53:36.990 [main] DEBUG c.orderbook.OrderBook - [ORDERBOOK] ASK: Adding orderMktData(price=119,quantity=5600)
22:53:36.990 [main] DEBUG c.orderbook.OrderBook - [ORDERBOOK] ASK: Adding orderMktData(price=123,quantity=453)
22:53:36.990 [main] DEBUG c.orderbook.OrderBook - [ORDERBOOK] ASK: Adding orderMktData(price=144,quantity=645)
22:53:36.990 [main] DEBUG c.orderbook.OrderBook - [ORDERBOOK] ASK: Adding orderMktData(price=167,quantity=665)
22:53:36.990 [main] DEBUG c.service.MarketDataService - [ALGO] BID: price:43 quantity:134
22:53:36.990 [main] DEBUG c.service.MarketDataService - [ALGO] BID: price:76 quantity:145
22:53:36.990 [main] DEBUG c.service.MarketDataService - [ALGO] BID: price:91 quantity:300
22:53:36.990 [main] DEBUG c.service.MarketDataService - [ALGO] BID: price:93 quantity:200
22:53:36.990 [main] DEBUG c.service.MarketDataService - [ALGO] BID: price:95 quantity:100
22:53:36.990 [main] DEBUG c.service.MarketDataService - [ALGO] BID: price:98 quantity:154
22:53:36.990 [main] DEBUG c.service.MarketDataService - [ALGO] ASK: price:98 quantity:501
22:53:36.990 [main] DEBUG c.service.MarketDataService - [ALGO] ASK: price:101 quantity:200
22:53:36.990 [main] DEBUG c.service.MarketDataService - [ALGO] ASK: price:110 quantity:5000
22:53:36.990 [main] DEBUG c.service.MarketDataService - [ALGO] ASK: price:119 quantity:5600
22:53:36.990 [main] DEBUG c.service.MarketDataService - [ALGO] ASK: price:123 quantity:453
22:53:36.990 [main] DEBUG c.service.MarketDataService - [ALGO] ASK: price:144 quantity:645
22:53:36.990 [main] DEBUG c.service.MarketDataService - [ALGO] ASK: price:167 quantity:665
22:53:36.990 [main] INFO  c.gettingstarted.MyAlgoLogic - [MYALGO] The state of the order book is:
|----BID-----||----ASK----|
    134 @ 43    501 @ 98
    145 @ 76   200 @ 101
    300 @ 91  5000 @ 110
    200 @ 93  5600 @ 119
    100 @ 95   453 @ 123
    154 @ 98   645 @ 144
          -    665 @ 167
|------------||-----------|

22:53:36.990 [main] INFO  c.gettingstarted.MyAlgoLogic - [MYALGO] Algo Sees Book as: 
|----BID-----||----ASK----|
    134 @ 43    501 @ 98
    145 @ 76   200 @ 101
    300 @ 91  5000 @ 110
    200 @ 93  5600 @ 119
    100 @ 95   453 @ 123
    154 @ 98   645 @ 144
          -    665 @ 167
|------------||-----------|

22:53:36.990 [main] INFO  c.gettingstarted.TimedLogic - [TIMEDLOGIC] Market is closed
22:53:36.990 [main] INFO  c.sequencer.consumer.LoggingConsumer - [100] 
|----BID-----|
    134 @ 43
    145 @ 76
    300 @ 91
    200 @ 93
    100 @ 95
    154 @ 98
|----ASK-----|
    501 @ 98
   200 @ 101
  5000 @ 110
  5600 @ 119
   453 @ 123
   645 @ 144
   665 @ 167

22:53:36.990 [main] INFO  c.orderbook.OrderBook - [ORDERBOOK] Processing Mkt Data Update
22:53:36.990 [main] INFO  c.o.v.MutatingRemoveAllMarketDataOrdersVisitor - [ORDERBOOK] Removing market data order:MktData(price=43,quantity=134)
22:53:36.990 [main] INFO  c.o.v.MutatingRemoveAllMarketDataOrdersVisitor - [ORDERBOOK] Removing level:43
22:53:36.990 [main] DEBUG c.orderbook.OrderBook - [ORDERBOOK] ASK: Adding orderMktData(price=43,quantity=134)
22:53:36.990 [main] DEBUG c.orderbook.OrderBook - [ORDERBOOK] ASK: Adding orderMktData(price=76,quantity=145)
22:53:36.990 [main] DEBUG c.orderbook.OrderBook - [ORDERBOOK] ASK: Adding orderMktData(price=91,quantity=300)
22:53:36.990 [main] DEBUG c.orderbook.OrderBook - [ORDERBOOK] ASK: Adding orderMktData(price=93,quantity=200)
22:53:36.990 [main] DEBUG c.orderbook.OrderBook - [ORDERBOOK] ASK: Adding orderMktData(price=95,quantity=100)
22:53:36.990 [main] DEBUG c.orderbook.OrderBook - [ORDERBOOK] ASK: Adding orderMktData(price=98,quantity=154)
22:53:36.990 [main] INFO  c.o.v.MutatingMatchOneMarketDataOrderVisitor - [ORDERBOOK] visiting LevelOrderBookLevel(price=43,quantity=134)
22:53:36.990 [main] INFO  c.o.v.MutatingMatchOneMarketDataOrderVisitor - [ORDERBOOK] Can't match order:MktData(price=43,quantity=134)(MktData(price=98,quantity=154))
22:53:36.990 [main] INFO  c.o.v.MutatingRemoveAllMarketDataOrdersVisitor - [ORDERBOOK] Removing market data order:MktData(price=98,quantity=501)
22:53:36.990 [main] INFO  c.o.v.MutatingRemoveAllMarketDataOrdersVisitor - [ORDERBOOK] Removing level:98
22:53:36.990 [main] INFO  c.o.v.MutatingRemoveAllMarketDataOrdersVisitor - [ORDERBOOK] Removing market data order:MktData(price=101,quantity=200)
22:53:36.990 [main] INFO  c.o.v.MutatingRemoveAllMarketDataOrdersVisitor - [ORDERBOOK] Removing level:101
22:53:36.990 [main] INFO  c.o.v.MutatingRemoveAllMarketDataOrdersVisitor - [ORDERBOOK] Removing market data order:MktData(price=110,quantity=5000)
22:53:36.990 [main] INFO  c.o.v.MutatingRemoveAllMarketDataOrdersVisitor - [ORDERBOOK] Removing level:110
22:53:36.990 [main] INFO  c.o.v.MutatingRemoveAllMarketDataOrdersVisitor - [ORDERBOOK] Removing market data order:MktData(price=119,quantity=5600)
22:53:36.990 [main] INFO  c.o.v.MutatingRemoveAllMarketDataOrdersVisitor - [ORDERBOOK] Removing level:119
22:53:36.990 [main] INFO  c.o.v.MutatingRemoveAllMarketDataOrdersVisitor - [ORDERBOOK] Removing market data order:MktData(price=123,quantity=453)
22:53:36.990 [main] INFO  c.o.v.MutatingRemoveAllMarketDataOrdersVisitor - [ORDERBOOK] Removing level:123
22:53:36.990 [main] INFO  c.o.v.MutatingRemoveAllMarketDataOrdersVisitor - [ORDERBOOK] Removing market data order:MktData(price=144,quantity=645)
22:53:36.990 [main] INFO  c.o.v.MutatingRemoveAllMarketDataOrdersVisitor - [ORDERBOOK] Removing level:144
22:53:36.990 [main] INFO  c.o.v.MutatingRemoveAllMarketDataOrdersVisitor - [ORDERBOOK] Removing market data order:MktData(price=167,quantity=665)
22:53:36.990 [main] INFO  c.o.v.MutatingRemoveAllMarketDataOrdersVisitor - [ORDERBOOK] Removing level:167
22:53:36.990 [main] DEBUG c.orderbook.OrderBook - [ORDERBOOK] ASK: Adding orderMktData(price=98,quantity=501)
22:53:36.990 [main] DEBUG c.orderbook.OrderBook - [ORDERBOOK] ASK: Adding orderMktData(price=101,quantity=200)
22:53:36.990 [main] DEBUG c.orderbook.OrderBook - [ORDERBOOK] ASK: Adding orderMktData(price=110,quantity=5000)
22:53:36.990 [main] DEBUG c.orderbook.OrderBook - [ORDERBOOK] ASK: Adding orderMktData(price=119,quantity=5600)
22:53:36.990 [main] DEBUG c.orderbook.OrderBook - [ORDERBOOK] ASK: Adding orderMktData(price=123,quantity=453)
22:53:36.990 [main] DEBUG c.orderbook.OrderBook - [ORDERBOOK] ASK: Adding orderMktData(price=144,quantity=645)
22:53:36.990 [main] DEBUG c.orderbook.OrderBook - [ORDERBOOK] ASK: Adding orderMktData(price=167,quantity=665)
22:53:36.990 [main] DEBUG c.service.MarketDataService - [ALGO] BID: price:43 quantity:134
22:53:36.990 [main] DEBUG c.service.MarketDataService - [ALGO] BID: price:76 quantity:145
22:53:36.990 [main] DEBUG c.service.MarketDataService - [ALGO] BID: price:91 quantity:300
22:53:36.990 [main] DEBUG c.service.MarketDataService - [ALGO] BID: price:93 quantity:200
22:53:36.990 [main] DEBUG c.service.MarketDataService - [ALGO] BID: price:95 quantity:100
22:53:36.990 [main] DEBUG c.service.MarketDataService - [ALGO] BID: price:98 quantity:154
22:53:36.990 [main] DEBUG c.service.MarketDataService - [ALGO] ASK: price:98 quantity:501
22:53:36.990 [main] DEBUG c.service.MarketDataService - [ALGO] ASK: price:101 quantity:200
22:53:36.990 [main] DEBUG c.service.MarketDataService - [ALGO] ASK: price:110 quantity:5000
22:53:36.990 [main] DEBUG c.service.MarketDataService - [ALGO] ASK: price:119 quantity:5600
22:53:36.990 [main] DEBUG c.service.MarketDataService - [ALGO] ASK: price:123 quantity:453
22:53:36.991 [main] DEBUG c.service.MarketDataService - [ALGO] ASK: price:144 quantity:645
22:53:36.991 [main] DEBUG c.service.MarketDataService - [ALGO] ASK: price:167 quantity:665
22:53:36.991 [main] INFO  c.gettingstarted.MyAlgoLogic - [MYALGO] The state of the order book is:
|----BID-----||----ASK----|
    134 @ 43    501 @ 98
    145 @ 76   200 @ 101
    300 @ 91  5000 @ 110
    200 @ 93  5600 @ 119
    100 @ 95   453 @ 123
    154 @ 98   645 @ 144
          -    665 @ 167
|------------||-----------|

22:53:36.991 [main] INFO  c.gettingstarted.MyAlgoLogic - [MYALGO] Algo Sees Book as: 
|----BID-----||----ASK----|
    134 @ 43    501 @ 98
    145 @ 76   200 @ 101
    300 @ 91  5000 @ 110
    200 @ 93  5600 @ 119
    100 @ 95   453 @ 123
    154 @ 98   645 @ 144
          -    665 @ 167
|------------||-----------|

22:53:36.991 [main] INFO  c.gettingstarted.TimedLogic - [TIMEDLOGIC] Market is closed
22:53:36.991 [main] INFO  c.sequencer.consumer.LoggingConsumer - [101] 
|----BID-----|
    134 @ 43
    145 @ 76
    300 @ 91
    200 @ 93
    100 @ 95
    154 @ 98
|----ASK-----|
    501 @ 98
   200 @ 101
  5000 @ 110
  5600 @ 119
   453 @ 123
   645 @ 144
   665 @ 167

22:53:36.992 [main] INFO  c.orderbook.OrderBook - [ORDERBOOK] Processing Mkt Data Update
22:53:36.992 [main] INFO  c.o.v.MutatingRemoveAllMarketDataOrdersVisitor - [ORDERBOOK] Removing market data order:MktData(price=43,quantity=134)
22:53:36.992 [main] INFO  c.o.v.MutatingRemoveAllMarketDataOrdersVisitor - [ORDERBOOK] Removing level:43
22:53:36.992 [main] DEBUG c.orderbook.OrderBook - [ORDERBOOK] ASK: Adding orderMktData(price=43,quantity=134)
22:53:36.992 [main] DEBUG c.orderbook.OrderBook - [ORDERBOOK] ASK: Adding orderMktData(price=76,quantity=145)
22:53:36.992 [main] DEBUG c.orderbook.OrderBook - [ORDERBOOK] ASK: Adding orderMktData(price=91,quantity=300)
22:53:36.992 [main] DEBUG c.orderbook.OrderBook - [ORDERBOOK] ASK: Adding orderMktData(price=93,quantity=200)
22:53:36.992 [main] DEBUG c.orderbook.OrderBook - [ORDERBOOK] ASK: Adding orderMktData(price=95,quantity=100)
22:53:36.992 [main] DEBUG c.orderbook.OrderBook - [ORDERBOOK] ASK: Adding orderMktData(price=98,quantity=154)
22:53:36.992 [main] INFO  c.o.v.MutatingMatchOneMarketDataOrderVisitor - [ORDERBOOK] visiting LevelOrderBookLevel(price=43,quantity=134)
22:53:36.992 [main] INFO  c.o.v.MutatingMatchOneMarketDataOrderVisitor - [ORDERBOOK] Can't match order:MktData(price=43,quantity=134)(MktData(price=98,quantity=154))
22:53:36.992 [main] INFO  c.o.v.MutatingRemoveAllMarketDataOrdersVisitor - [ORDERBOOK] Removing market data order:MktData(price=98,quantity=501)
22:53:36.992 [main] INFO  c.o.v.MutatingRemoveAllMarketDataOrdersVisitor - [ORDERBOOK] Removing level:98
22:53:36.992 [main] INFO  c.o.v.MutatingRemoveAllMarketDataOrdersVisitor - [ORDERBOOK] Removing market data order:MktData(price=101,quantity=200)
22:53:36.992 [main] INFO  c.o.v.MutatingRemoveAllMarketDataOrdersVisitor - [ORDERBOOK] Removing level:101
22:53:36.992 [main] INFO  c.o.v.MutatingRemoveAllMarketDataOrdersVisitor - [ORDERBOOK] Removing market data order:MktData(price=110,quantity=5000)
22:53:36.992 [main] INFO  c.o.v.MutatingRemoveAllMarketDataOrdersVisitor - [ORDERBOOK] Removing level:110
22:53:36.992 [main] INFO  c.o.v.MutatingRemoveAllMarketDataOrdersVisitor - [ORDERBOOK] Removing market data order:MktData(price=119,quantity=5600)
22:53:36.992 [main] INFO  c.o.v.MutatingRemoveAllMarketDataOrdersVisitor - [ORDERBOOK] Removing level:119
22:53:36.992 [main] INFO  c.o.v.MutatingRemoveAllMarketDataOrdersVisitor - [ORDERBOOK] Removing market data order:MktData(price=123,quantity=453)
22:53:36.992 [main] INFO  c.o.v.MutatingRemoveAllMarketDataOrdersVisitor - [ORDERBOOK] Removing level:123
22:53:36.992 [main] INFO  c.o.v.MutatingRemoveAllMarketDataOrdersVisitor - [ORDERBOOK] Removing market data order:MktData(price=144,quantity=645)
22:53:36.992 [main] INFO  c.o.v.MutatingRemoveAllMarketDataOrdersVisitor - [ORDERBOOK] Removing level:144
22:53:36.992 [main] INFO  c.o.v.MutatingRemoveAllMarketDataOrdersVisitor - [ORDERBOOK] Removing market data order:MktData(price=167,quantity=665)
22:53:36.992 [main] INFO  c.o.v.MutatingRemoveAllMarketDataOrdersVisitor - [ORDERBOOK] Removing level:167
22:53:36.992 [main] DEBUG c.orderbook.OrderBook - [ORDERBOOK] ASK: Adding orderMktData(price=98,quantity=501)
22:53:36.992 [main] DEBUG c.orderbook.OrderBook - [ORDERBOOK] ASK: Adding orderMktData(price=101,quantity=200)
22:53:36.992 [main] DEBUG c.orderbook.OrderBook - [ORDERBOOK] ASK: Adding orderMktData(price=110,quantity=5000)
22:53:36.992 [main] DEBUG c.orderbook.OrderBook - [ORDERBOOK] ASK: Adding orderMktData(price=119,quantity=5600)
22:53:36.992 [main] DEBUG c.orderbook.OrderBook - [ORDERBOOK] ASK: Adding orderMktData(price=123,quantity=453)
22:53:36.992 [main] DEBUG c.orderbook.OrderBook - [ORDERBOOK] ASK: Adding orderMktData(price=144,quantity=645)
22:53:36.992 [main] DEBUG c.orderbook.OrderBook - [ORDERBOOK] ASK: Adding orderMktData(price=167,quantity=665)
22:53:36.992 [main] DEBUG c.service.MarketDataService - [ALGO] BID: price:43 quantity:134
22:53:36.992 [main] DEBUG c.service.MarketDataService - [ALGO] BID: price:76 quantity:145
22:53:36.992 [main] DEBUG c.service.MarketDataService - [ALGO] BID: price:91 quantity:300
22:53:36.992 [main] DEBUG c.service.MarketDataService - [ALGO] BID: price:93 quantity:200
22:53:36.992 [main] DEBUG c.service.MarketDataService - [ALGO] BID: price:95 quantity:100
22:53:36.992 [main] DEBUG c.service.MarketDataService - [ALGO] BID: price:98 quantity:154
22:53:36.992 [main] DEBUG c.service.MarketDataService - [ALGO] ASK: price:98 quantity:501
22:53:36.992 [main] DEBUG c.service.MarketDataService - [ALGO] ASK: price:101 quantity:200
22:53:36.992 [main] DEBUG c.service.MarketDataService - [ALGO] ASK: price:110 quantity:5000
22:53:36.992 [main] DEBUG c.service.MarketDataService - [ALGO] ASK: price:119 quantity:5600
22:53:36.992 [main] DEBUG c.service.MarketDataService - [ALGO] ASK: price:123 quantity:453
22:53:36.992 [main] DEBUG c.service.MarketDataService - [ALGO] ASK: price:144 quantity:645
22:53:36.992 [main] DEBUG c.service.MarketDataService - [ALGO] ASK: price:167 quantity:665
22:53:36.992 [main] INFO  c.gettingstarted.MyAlgoLogic - [MYALGO] The state of the order book is:
|----BID-----||----ASK----|
    134 @ 43    501 @ 98
    145 @ 76   200 @ 101
    300 @ 91  5000 @ 110
    200 @ 93  5600 @ 119
    100 @ 95   453 @ 123
    154 @ 98   645 @ 144
          -    665 @ 167
|------------||-----------|

22:53:36.992 [main] INFO  c.gettingstarted.MyAlgoLogic - [MYALGO] Algo Sees Book as: 
|----BID-----||----ASK----|
    134 @ 43    501 @ 98
    145 @ 76   200 @ 101
    300 @ 91  5000 @ 110
    200 @ 93  5600 @ 119
    100 @ 95   453 @ 123
    154 @ 98   645 @ 144
          -    665 @ 167
|------------||-----------|

22:53:36.992 [main] INFO  c.gettingstarted.TimedLogic - [TIMEDLOGIC] Market is closed
22:53:36.992 [main] INFO  c.sequencer.consumer.LoggingConsumer - [102] 
|----BID-----|
    134 @ 43
    145 @ 76
    300 @ 91
    200 @ 93
    100 @ 95
    154 @ 98
|----ASK-----|
    501 @ 98
   200 @ 101
  5000 @ 110
  5600 @ 119
   453 @ 123
   645 @ 144
   665 @ 167

22:53:36.992 [main] INFO  c.orderbook.OrderBook - [ORDERBOOK] Processing Mkt Data Update
22:53:36.992 [main] INFO  c.o.v.MutatingRemoveAllMarketDataOrdersVisitor - [ORDERBOOK] Removing market data order:MktData(price=43,quantity=134)
22:53:36.992 [main] INFO  c.o.v.MutatingRemoveAllMarketDataOrdersVisitor - [ORDERBOOK] Removing level:43
22:53:36.992 [main] DEBUG c.orderbook.OrderBook - [ORDERBOOK] ASK: Adding orderMktData(price=43,quantity=134)
22:53:36.992 [main] DEBUG c.orderbook.OrderBook - [ORDERBOOK] ASK: Adding orderMktData(price=76,quantity=145)
22:53:36.992 [main] DEBUG c.orderbook.OrderBook - [ORDERBOOK] ASK: Adding orderMktData(price=91,quantity=300)
22:53:36.992 [main] DEBUG c.orderbook.OrderBook - [ORDERBOOK] ASK: Adding orderMktData(price=93,quantity=200)
22:53:36.992 [main] DEBUG c.orderbook.OrderBook - [ORDERBOOK] ASK: Adding orderMktData(price=95,quantity=100)
22:53:36.992 [main] DEBUG c.orderbook.OrderBook - [ORDERBOOK] ASK: Adding orderMktData(price=98,quantity=154)
22:53:36.992 [main] INFO  c.o.v.MutatingMatchOneMarketDataOrderVisitor - [ORDERBOOK] visiting LevelOrderBookLevel(price=43,quantity=134)
22:53:36.992 [main] INFO  c.o.v.MutatingMatchOneMarketDataOrderVisitor - [ORDERBOOK] Can't match order:MktData(price=43,quantity=134)(MktData(price=98,quantity=154))
22:53:36.992 [main] INFO  c.o.v.MutatingRemoveAllMarketDataOrdersVisitor - [ORDERBOOK] Removing market data order:MktData(price=98,quantity=501)
22:53:36.992 [main] INFO  c.o.v.MutatingRemoveAllMarketDataOrdersVisitor - [ORDERBOOK] Removing level:98
22:53:36.992 [main] INFO  c.o.v.MutatingRemoveAllMarketDataOrdersVisitor - [ORDERBOOK] Removing market data order:MktData(price=101,quantity=200)
22:53:36.992 [main] INFO  c.o.v.MutatingRemoveAllMarketDataOrdersVisitor - [ORDERBOOK] Removing level:101
22:53:36.992 [main] INFO  c.o.v.MutatingRemoveAllMarketDataOrdersVisitor - [ORDERBOOK] Removing market data order:MktData(price=110,quantity=5000)
22:53:36.992 [main] INFO  c.o.v.MutatingRemoveAllMarketDataOrdersVisitor - [ORDERBOOK] Removing level:110
22:53:36.992 [main] INFO  c.o.v.MutatingRemoveAllMarketDataOrdersVisitor - [ORDERBOOK] Removing market data order:MktData(price=119,quantity=5600)
22:53:36.992 [main] INFO  c.o.v.MutatingRemoveAllMarketDataOrdersVisitor - [ORDERBOOK] Removing level:119
22:53:36.992 [main] INFO  c.o.v.MutatingRemoveAllMarketDataOrdersVisitor - [ORDERBOOK] Removing market data order:MktData(price=123,quantity=453)
22:53:36.992 [main] INFO  c.o.v.MutatingRemoveAllMarketDataOrdersVisitor - [ORDERBOOK] Removing level:123
22:53:36.992 [main] INFO  c.o.v.MutatingRemoveAllMarketDataOrdersVisitor - [ORDERBOOK] Removing market data order:MktData(price=144,quantity=645)
22:53:36.992 [main] INFO  c.o.v.MutatingRemoveAllMarketDataOrdersVisitor - [ORDERBOOK] Removing level:144
22:53:36.992 [main] INFO  c.o.v.MutatingRemoveAllMarketDataOrdersVisitor - [ORDERBOOK] Removing market data order:MktData(price=167,quantity=665)
22:53:36.992 [main] INFO  c.o.v.MutatingRemoveAllMarketDataOrdersVisitor - [ORDERBOOK] Removing level:167
22:53:36.992 [main] DEBUG c.orderbook.OrderBook - [ORDERBOOK] ASK: Adding orderMktData(price=98,quantity=501)
22:53:36.992 [main] DEBUG c.orderbook.OrderBook - [ORDERBOOK] ASK: Adding orderMktData(price=101,quantity=200)
22:53:36.992 [main] DEBUG c.orderbook.OrderBook - [ORDERBOOK] ASK: Adding orderMktData(price=110,quantity=5000)
22:53:36.992 [main] DEBUG c.orderbook.OrderBook - [ORDERBOOK] ASK: Adding orderMktData(price=119,quantity=5600)
22:53:36.992 [main] DEBUG c.orderbook.OrderBook - [ORDERBOOK] ASK: Adding orderMktData(price=123,quantity=453)
22:53:36.992 [main] DEBUG c.orderbook.OrderBook - [ORDERBOOK] ASK: Adding orderMktData(price=144,quantity=645)
22:53:36.992 [main] DEBUG c.orderbook.OrderBook - [ORDERBOOK] ASK: Adding orderMktData(price=167,quantity=665)
22:53:36.992 [main] DEBUG c.service.MarketDataService - [ALGO] BID: price:43 quantity:134
22:53:36.992 [main] DEBUG c.service.MarketDataService - [ALGO] BID: price:76 quantity:145
22:53:36.992 [main] DEBUG c.service.MarketDataService - [ALGO] BID: price:91 quantity:300
22:53:36.992 [main] DEBUG c.service.MarketDataService - [ALGO] BID: price:93 quantity:200
22:53:36.992 [main] DEBUG c.service.MarketDataService - [ALGO] BID: price:95 quantity:100
22:53:36.992 [main] DEBUG c.service.MarketDataService - [ALGO] BID: price:98 quantity:154
22:53:36.992 [main] DEBUG c.service.MarketDataService - [ALGO] ASK: price:98 quantity:501
22:53:36.992 [main] DEBUG c.service.MarketDataService - [ALGO] ASK: price:101 quantity:200
22:53:36.992 [main] DEBUG c.service.MarketDataService - [ALGO] ASK: price:110 quantity:5000
22:53:36.992 [main] DEBUG c.service.MarketDataService - [ALGO] ASK: price:119 quantity:5600
22:53:36.992 [main] DEBUG c.service.MarketDataService - [ALGO] ASK: price:123 quantity:453
22:53:36.992 [main] DEBUG c.service.MarketDataService - [ALGO] ASK: price:144 quantity:645
22:53:36.992 [main] DEBUG c.service.MarketDataService - [ALGO] ASK: price:167 quantity:665
22:53:36.992 [main] INFO  c.gettingstarted.MyAlgoLogic - [MYALGO] The state of the order book is:
|----BID-----||----ASK----|
    134 @ 43    501 @ 98
    145 @ 76   200 @ 101
    300 @ 91  5000 @ 110
    200 @ 93  5600 @ 119
    100 @ 95   453 @ 123
    154 @ 98   645 @ 144
          -    665 @ 167
|------------||-----------|

22:53:36.992 [main] INFO  c.gettingstarted.MyAlgoLogic - [MYALGO] Algo Sees Book as: 
|----BID-----||----ASK----|
    134 @ 43    501 @ 98
    145 @ 76   200 @ 101
    300 @ 91  5000 @ 110
    200 @ 93  5600 @ 119
    100 @ 95   453 @ 123
    154 @ 98   645 @ 144
          -    665 @ 167
|------------||-----------|

22:53:36.992 [main] INFO  c.gettingstarted.TimedLogic - [TIMEDLOGIC] Market is closed
22:53:36.992 [main] INFO  c.sequencer.consumer.LoggingConsumer - [103] 
|----BID-----|
    134 @ 43
    145 @ 76
    300 @ 91
    200 @ 93
    100 @ 95
    154 @ 98
|----ASK-----|
    501 @ 98
   200 @ 101
  5000 @ 110
  5600 @ 119
   453 @ 123
   645 @ 144
   665 @ 167

22:53:36.992 [main] INFO  c.orderbook.OrderBook - [ORDERBOOK] Processing Mkt Data Update
22:53:36.992 [main] INFO  c.o.v.MutatingRemoveAllMarketDataOrdersVisitor - [ORDERBOOK] Removing market data order:MktData(price=43,quantity=134)
22:53:36.992 [main] INFO  c.o.v.MutatingRemoveAllMarketDataOrdersVisitor - [ORDERBOOK] Removing level:43
22:53:36.992 [main] DEBUG c.orderbook.OrderBook - [ORDERBOOK] ASK: Adding orderMktData(price=43,quantity=134)
22:53:36.992 [main] DEBUG c.orderbook.OrderBook - [ORDERBOOK] ASK: Adding orderMktData(price=76,quantity=145)
22:53:36.992 [main] DEBUG c.orderbook.OrderBook - [ORDERBOOK] ASK: Adding orderMktData(price=91,quantity=300)
22:53:36.992 [main] DEBUG c.orderbook.OrderBook - [ORDERBOOK] ASK: Adding orderMktData(price=93,quantity=200)
22:53:36.992 [main] DEBUG c.orderbook.OrderBook - [ORDERBOOK] ASK: Adding orderMktData(price=95,quantity=100)
22:53:36.992 [main] DEBUG c.orderbook.OrderBook - [ORDERBOOK] ASK: Adding orderMktData(price=98,quantity=154)
22:53:36.992 [main] INFO  c.o.v.MutatingMatchOneMarketDataOrderVisitor - [ORDERBOOK] visiting LevelOrderBookLevel(price=43,quantity=134)
22:53:36.992 [main] INFO  c.o.v.MutatingMatchOneMarketDataOrderVisitor - [ORDERBOOK] Can't match order:MktData(price=43,quantity=134)(MktData(price=98,quantity=154))
22:53:36.992 [main] INFO  c.o.v.MutatingRemoveAllMarketDataOrdersVisitor - [ORDERBOOK] Removing market data order:MktData(price=98,quantity=501)
22:53:36.992 [main] INFO  c.o.v.MutatingRemoveAllMarketDataOrdersVisitor - [ORDERBOOK] Removing level:98
22:53:36.992 [main] INFO  c.o.v.MutatingRemoveAllMarketDataOrdersVisitor - [ORDERBOOK] Removing market data order:MktData(price=101,quantity=200)
22:53:36.992 [main] INFO  c.o.v.MutatingRemoveAllMarketDataOrdersVisitor - [ORDERBOOK] Removing level:101
22:53:36.992 [main] INFO  c.o.v.MutatingRemoveAllMarketDataOrdersVisitor - [ORDERBOOK] Removing market data order:MktData(price=110,quantity=5000)
22:53:36.992 [main] INFO  c.o.v.MutatingRemoveAllMarketDataOrdersVisitor - [ORDERBOOK] Removing level:110
22:53:36.992 [main] INFO  c.o.v.MutatingRemoveAllMarketDataOrdersVisitor - [ORDERBOOK] Removing market data order:MktData(price=119,quantity=5600)
22:53:36.992 [main] INFO  c.o.v.MutatingRemoveAllMarketDataOrdersVisitor - [ORDERBOOK] Removing level:119
22:53:36.992 [main] INFO  c.o.v.MutatingRemoveAllMarketDataOrdersVisitor - [ORDERBOOK] Removing market data order:MktData(price=123,quantity=453)
22:53:36.992 [main] INFO  c.o.v.MutatingRemoveAllMarketDataOrdersVisitor - [ORDERBOOK] Removing level:123
22:53:36.992 [main] INFO  c.o.v.MutatingRemoveAllMarketDataOrdersVisitor - [ORDERBOOK] Removing market data order:MktData(price=144,quantity=645)
22:53:36.992 [main] INFO  c.o.v.MutatingRemoveAllMarketDataOrdersVisitor - [ORDERBOOK] Removing level:144
22:53:36.992 [main] INFO  c.o.v.MutatingRemoveAllMarketDataOrdersVisitor - [ORDERBOOK] Removing market data order:MktData(price=167,quantity=665)
22:53:36.992 [main] INFO  c.o.v.MutatingRemoveAllMarketDataOrdersVisitor - [ORDERBOOK] Removing level:167
22:53:36.992 [main] DEBUG c.orderbook.OrderBook - [ORDERBOOK] ASK: Adding orderMktData(price=98,quantity=501)
22:53:36.992 [main] DEBUG c.orderbook.OrderBook - [ORDERBOOK] ASK: Adding orderMktData(price=101,quantity=200)
22:53:36.992 [main] DEBUG c.orderbook.OrderBook - [ORDERBOOK] ASK: Adding orderMktData(price=110,quantity=5000)
22:53:36.992 [main] DEBUG c.orderbook.OrderBook - [ORDERBOOK] ASK: Adding orderMktData(price=119,quantity=5600)
22:53:36.992 [main] DEBUG c.orderbook.OrderBook - [ORDERBOOK] ASK: Adding orderMktData(price=123,quantity=453)
22:53:36.992 [main] DEBUG c.orderbook.OrderBook - [ORDERBOOK] ASK: Adding orderMktData(price=144,quantity=645)
22:53:36.992 [main] DEBUG c.orderbook.OrderBook - [ORDERBOOK] ASK: Adding orderMktData(price=167,quantity=665)
22:53:36.992 [main] DEBUG c.service.MarketDataService - [ALGO] BID: price:43 quantity:134
22:53:36.992 [main] DEBUG c.service.MarketDataService - [ALGO] BID: price:76 quantity:145
22:53:36.992 [main] DEBUG c.service.MarketDataService - [ALGO] BID: price:91 quantity:300
22:53:36.992 [main] DEBUG c.service.MarketDataService - [ALGO] BID: price:93 quantity:200
22:53:36.992 [main] DEBUG c.service.MarketDataService - [ALGO] BID: price:95 quantity:100
22:53:36.992 [main] DEBUG c.service.MarketDataService - [ALGO] BID: price:98 quantity:154
22:53:36.992 [main] DEBUG c.service.MarketDataService - [ALGO] ASK: price:98 quantity:501
22:53:36.992 [main] DEBUG c.service.MarketDataService - [ALGO] ASK: price:101 quantity:200
22:53:36.992 [main] DEBUG c.service.MarketDataService - [ALGO] ASK: price:110 quantity:5000
22:53:36.992 [main] DEBUG c.service.MarketDataService - [ALGO] ASK: price:119 quantity:5600
22:53:36.992 [main] DEBUG c.service.MarketDataService - [ALGO] ASK: price:123 quantity:453
22:53:36.992 [main] DEBUG c.service.MarketDataService - [ALGO] ASK: price:144 quantity:645
22:53:36.992 [main] DEBUG c.service.MarketDataService - [ALGO] ASK: price:167 quantity:665
22:53:36.992 [main] INFO  c.gettingstarted.MyAlgoLogic - [MYALGO] The state of the order book is:
|----BID-----||----ASK----|
    134 @ 43    501 @ 98
    145 @ 76   200 @ 101
    300 @ 91  5000 @ 110
    200 @ 93  5600 @ 119
    100 @ 95   453 @ 123
    154 @ 98   645 @ 144
          -    665 @ 167
|------------||-----------|

22:53:36.992 [main] INFO  c.gettingstarted.MyAlgoLogic - [MYALGO] Algo Sees Book as: 
|----BID-----||----ASK----|
    134 @ 43    501 @ 98
    145 @ 76   200 @ 101
    300 @ 91  5000 @ 110
    200 @ 93  5600 @ 119
    100 @ 95   453 @ 123
    154 @ 98   645 @ 144
          -    665 @ 167
|------------||-----------|

22:53:36.992 [main] INFO  c.gettingstarted.TimedLogic - [TIMEDLOGIC] Market is closed
22:53:36.995 [main] INFO  c.sequencer.consumer.LoggingConsumer - [104] 
|----BID-----|
    134 @ 43
    145 @ 76
    300 @ 91
    200 @ 93
    100 @ 95
    154 @ 98
|----ASK-----|
    501 @ 98
   200 @ 101
  5000 @ 110
  5600 @ 119
   453 @ 123
   645 @ 144
   665 @ 167

22:53:36.995 [main] INFO  c.orderbook.OrderBook - [ORDERBOOK] Processing Mkt Data Update
22:53:36.995 [main] INFO  c.o.v.MutatingRemoveAllMarketDataOrdersVisitor - [ORDERBOOK] Removing market data order:MktData(price=43,quantity=134)
22:53:36.995 [main] INFO  c.o.v.MutatingRemoveAllMarketDataOrdersVisitor - [ORDERBOOK] Removing level:43
22:53:36.995 [main] DEBUG c.orderbook.OrderBook - [ORDERBOOK] ASK: Adding orderMktData(price=43,quantity=134)
22:53:36.995 [main] DEBUG c.orderbook.OrderBook - [ORDERBOOK] ASK: Adding orderMktData(price=76,quantity=145)
22:53:36.995 [main] DEBUG c.orderbook.OrderBook - [ORDERBOOK] ASK: Adding orderMktData(price=91,quantity=300)
22:53:36.995 [main] DEBUG c.orderbook.OrderBook - [ORDERBOOK] ASK: Adding orderMktData(price=93,quantity=200)
22:53:36.995 [main] DEBUG c.orderbook.OrderBook - [ORDERBOOK] ASK: Adding orderMktData(price=95,quantity=100)
22:53:36.995 [main] DEBUG c.orderbook.OrderBook - [ORDERBOOK] ASK: Adding orderMktData(price=98,quantity=154)
22:53:36.995 [main] INFO  c.o.v.MutatingMatchOneMarketDataOrderVisitor - [ORDERBOOK] visiting LevelOrderBookLevel(price=43,quantity=134)
22:53:36.995 [main] INFO  c.o.v.MutatingMatchOneMarketDataOrderVisitor - [ORDERBOOK] Can't match order:MktData(price=43,quantity=134)(MktData(price=98,quantity=154))
22:53:36.995 [main] INFO  c.o.v.MutatingRemoveAllMarketDataOrdersVisitor - [ORDERBOOK] Removing market data order:MktData(price=98,quantity=501)
22:53:36.995 [main] INFO  c.o.v.MutatingRemoveAllMarketDataOrdersVisitor - [ORDERBOOK] Removing level:98
22:53:36.995 [main] INFO  c.o.v.MutatingRemoveAllMarketDataOrdersVisitor - [ORDERBOOK] Removing market data order:MktData(price=101,quantity=200)
22:53:36.995 [main] INFO  c.o.v.MutatingRemoveAllMarketDataOrdersVisitor - [ORDERBOOK] Removing level:101
22:53:36.995 [main] INFO  c.o.v.MutatingRemoveAllMarketDataOrdersVisitor - [ORDERBOOK] Removing market data order:MktData(price=110,quantity=5000)
22:53:36.995 [main] INFO  c.o.v.MutatingRemoveAllMarketDataOrdersVisitor - [ORDERBOOK] Removing level:110
22:53:36.995 [main] INFO  c.o.v.MutatingRemoveAllMarketDataOrdersVisitor - [ORDERBOOK] Removing market data order:MktData(price=119,quantity=5600)
22:53:36.995 [main] INFO  c.o.v.MutatingRemoveAllMarketDataOrdersVisitor - [ORDERBOOK] Removing level:119
22:53:36.995 [main] INFO  c.o.v.MutatingRemoveAllMarketDataOrdersVisitor - [ORDERBOOK] Removing market data order:MktData(price=123,quantity=453)
22:53:36.995 [main] INFO  c.o.v.MutatingRemoveAllMarketDataOrdersVisitor - [ORDERBOOK] Removing level:123
22:53:36.995 [main] INFO  c.o.v.MutatingRemoveAllMarketDataOrdersVisitor - [ORDERBOOK] Removing market data order:MktData(price=144,quantity=645)
22:53:36.995 [main] INFO  c.o.v.MutatingRemoveAllMarketDataOrdersVisitor - [ORDERBOOK] Removing level:144
22:53:36.995 [main] INFO  c.o.v.MutatingRemoveAllMarketDataOrdersVisitor - [ORDERBOOK] Removing market data order:MktData(price=167,quantity=665)
22:53:36.995 [main] INFO  c.o.v.MutatingRemoveAllMarketDataOrdersVisitor - [ORDERBOOK] Removing level:167
22:53:36.995 [main] DEBUG c.orderbook.OrderBook - [ORDERBOOK] ASK: Adding orderMktData(price=98,quantity=501)
22:53:36.995 [main] DEBUG c.orderbook.OrderBook - [ORDERBOOK] ASK: Adding orderMktData(price=101,quantity=200)
22:53:36.995 [main] DEBUG c.orderbook.OrderBook - [ORDERBOOK] ASK: Adding orderMktData(price=110,quantity=5000)
22:53:36.995 [main] DEBUG c.orderbook.OrderBook - [ORDERBOOK] ASK: Adding orderMktData(price=119,quantity=5600)
22:53:36.995 [main] DEBUG c.orderbook.OrderBook - [ORDERBOOK] ASK: Adding orderMktData(price=123,quantity=453)
22:53:36.995 [main] DEBUG c.orderbook.OrderBook - [ORDERBOOK] ASK: Adding orderMktData(price=144,quantity=645)
22:53:36.995 [main] DEBUG c.orderbook.OrderBook - [ORDERBOOK] ASK: Adding orderMktData(price=167,quantity=665)
22:53:36.995 [main] DEBUG c.service.MarketDataService - [ALGO] BID: price:43 quantity:134
22:53:36.995 [main] DEBUG c.service.MarketDataService - [ALGO] BID: price:76 quantity:145
22:53:36.995 [main] DEBUG c.service.MarketDataService - [ALGO] BID: price:91 quantity:300
22:53:36.995 [main] DEBUG c.service.MarketDataService - [ALGO] BID: price:93 quantity:200
22:53:36.995 [main] DEBUG c.service.MarketDataService - [ALGO] BID: price:95 quantity:100
22:53:36.995 [main] DEBUG c.service.MarketDataService - [ALGO] BID: price:98 quantity:154
22:53:36.995 [main] DEBUG c.service.MarketDataService - [ALGO] ASK: price:98 quantity:501
22:53:36.995 [main] DEBUG c.service.MarketDataService - [ALGO] ASK: price:101 quantity:200
22:53:36.995 [main] DEBUG c.service.MarketDataService - [ALGO] ASK: price:110 quantity:5000
22:53:36.995 [main] DEBUG c.service.MarketDataService - [ALGO] ASK: price:119 quantity:5600
22:53:36.995 [main] DEBUG c.service.MarketDataService - [ALGO] ASK: price:123 quantity:453
22:53:36.995 [main] DEBUG c.service.MarketDataService - [ALGO] ASK: price:144 quantity:645
22:53:36.995 [main] DEBUG c.service.MarketDataService - [ALGO] ASK: price:167 quantity:665
22:53:36.995 [main] INFO  c.gettingstarted.MyAlgoLogic - [MYALGO] The state of the order book is:
|----BID-----||----ASK----|
    134 @ 43    501 @ 98
    145 @ 76   200 @ 101
    300 @ 91  5000 @ 110
    200 @ 93  5600 @ 119
    100 @ 95   453 @ 123
    154 @ 98   645 @ 144
          -    665 @ 167
|------------||-----------|

22:53:36.995 [main] INFO  c.gettingstarted.MyAlgoLogic - [MYALGO] Algo Sees Book as: 
|----BID-----||----ASK----|
    134 @ 43    501 @ 98
    145 @ 76   200 @ 101
    300 @ 91  5000 @ 110
    200 @ 93  5600 @ 119
    100 @ 95   453 @ 123
    154 @ 98   645 @ 144
          -    665 @ 167
|------------||-----------|

22:53:36.995 [main] INFO  c.gettingstarted.TimedLogic - [TIMEDLOGIC] Market is closed
22:53:36.995 [main] INFO  c.sequencer.consumer.LoggingConsumer - [105] 
|----BID-----|
    134 @ 43
    145 @ 76
    300 @ 91
    200 @ 93
    100 @ 95
    154 @ 98
|----ASK-----|
    501 @ 98
   200 @ 101
  5000 @ 110
  5600 @ 119
   453 @ 123
   645 @ 144
   665 @ 167

22:53:36.995 [main] INFO  c.orderbook.OrderBook - [ORDERBOOK] Processing Mkt Data Update
22:53:36.995 [main] INFO  c.o.v.MutatingRemoveAllMarketDataOrdersVisitor - [ORDERBOOK] Removing market data order:MktData(price=43,quantity=134)
22:53:36.995 [main] INFO  c.o.v.MutatingRemoveAllMarketDataOrdersVisitor - [ORDERBOOK] Removing level:43
22:53:36.995 [main] DEBUG c.orderbook.OrderBook - [ORDERBOOK] ASK: Adding orderMktData(price=43,quantity=134)
22:53:36.995 [main] DEBUG c.orderbook.OrderBook - [ORDERBOOK] ASK: Adding orderMktData(price=76,quantity=145)
22:53:36.995 [main] DEBUG c.orderbook.OrderBook - [ORDERBOOK] ASK: Adding orderMktData(price=91,quantity=300)
22:53:36.995 [main] DEBUG c.orderbook.OrderBook - [ORDERBOOK] ASK: Adding orderMktData(price=93,quantity=200)
22:53:36.995 [main] DEBUG c.orderbook.OrderBook - [ORDERBOOK] ASK: Adding orderMktData(price=95,quantity=100)
22:53:36.995 [main] DEBUG c.orderbook.OrderBook - [ORDERBOOK] ASK: Adding orderMktData(price=98,quantity=154)
22:53:36.995 [main] INFO  c.o.v.MutatingMatchOneMarketDataOrderVisitor - [ORDERBOOK] visiting LevelOrderBookLevel(price=43,quantity=134)
22:53:36.995 [main] INFO  c.o.v.MutatingMatchOneMarketDataOrderVisitor - [ORDERBOOK] Can't match order:MktData(price=43,quantity=134)(MktData(price=98,quantity=154))
22:53:36.995 [main] INFO  c.o.v.MutatingRemoveAllMarketDataOrdersVisitor - [ORDERBOOK] Removing market data order:MktData(price=98,quantity=501)
22:53:36.995 [main] INFO  c.o.v.MutatingRemoveAllMarketDataOrdersVisitor - [ORDERBOOK] Removing level:98
22:53:36.995 [main] INFO  c.o.v.MutatingRemoveAllMarketDataOrdersVisitor - [ORDERBOOK] Removing market data order:MktData(price=101,quantity=200)
22:53:36.995 [main] INFO  c.o.v.MutatingRemoveAllMarketDataOrdersVisitor - [ORDERBOOK] Removing level:101
22:53:36.995 [main] INFO  c.o.v.MutatingRemoveAllMarketDataOrdersVisitor - [ORDERBOOK] Removing market data order:MktData(price=110,quantity=5000)
22:53:36.995 [main] INFO  c.o.v.MutatingRemoveAllMarketDataOrdersVisitor - [ORDERBOOK] Removing level:110
22:53:36.995 [main] INFO  c.o.v.MutatingRemoveAllMarketDataOrdersVisitor - [ORDERBOOK] Removing market data order:MktData(price=119,quantity=5600)
22:53:36.995 [main] INFO  c.o.v.MutatingRemoveAllMarketDataOrdersVisitor - [ORDERBOOK] Removing level:119
22:53:36.996 [main] INFO  c.o.v.MutatingRemoveAllMarketDataOrdersVisitor - [ORDERBOOK] Removing market data order:MktData(price=123,quantity=453)
22:53:36.996 [main] INFO  c.o.v.MutatingRemoveAllMarketDataOrdersVisitor - [ORDERBOOK] Removing level:123
22:53:36.996 [main] INFO  c.o.v.MutatingRemoveAllMarketDataOrdersVisitor - [ORDERBOOK] Removing market data order:MktData(price=144,quantity=645)
22:53:36.996 [main] INFO  c.o.v.MutatingRemoveAllMarketDataOrdersVisitor - [ORDERBOOK] Removing level:144
22:53:36.996 [main] INFO  c.o.v.MutatingRemoveAllMarketDataOrdersVisitor - [ORDERBOOK] Removing market data order:MktData(price=167,quantity=665)
22:53:36.996 [main] INFO  c.o.v.MutatingRemoveAllMarketDataOrdersVisitor - [ORDERBOOK] Removing level:167
22:53:36.996 [main] DEBUG c.orderbook.OrderBook - [ORDERBOOK] ASK: Adding orderMktData(price=98,quantity=501)
22:53:36.996 [main] DEBUG c.orderbook.OrderBook - [ORDERBOOK] ASK: Adding orderMktData(price=101,quantity=200)
22:53:36.996 [main] DEBUG c.orderbook.OrderBook - [ORDERBOOK] ASK: Adding orderMktData(price=110,quantity=5000)
22:53:36.996 [main] DEBUG c.orderbook.OrderBook - [ORDERBOOK] ASK: Adding orderMktData(price=119,quantity=5600)
22:53:36.996 [main] DEBUG c.orderbook.OrderBook - [ORDERBOOK] ASK: Adding orderMktData(price=123,quantity=453)
22:53:36.996 [main] DEBUG c.orderbook.OrderBook - [ORDERBOOK] ASK: Adding orderMktData(price=144,quantity=645)
22:53:36.996 [main] DEBUG c.orderbook.OrderBook - [ORDERBOOK] ASK: Adding orderMktData(price=167,quantity=665)
22:53:36.996 [main] DEBUG c.service.MarketDataService - [ALGO] BID: price:43 quantity:134
22:53:36.996 [main] DEBUG c.service.MarketDataService - [ALGO] BID: price:76 quantity:145
22:53:36.996 [main] DEBUG c.service.MarketDataService - [ALGO] BID: price:91 quantity:300
22:53:36.996 [main] DEBUG c.service.MarketDataService - [ALGO] BID: price:93 quantity:200
22:53:36.996 [main] DEBUG c.service.MarketDataService - [ALGO] BID: price:95 quantity:100
22:53:36.996 [main] DEBUG c.service.MarketDataService - [ALGO] BID: price:98 quantity:154
22:53:36.996 [main] DEBUG c.service.MarketDataService - [ALGO] ASK: price:98 quantity:501
22:53:36.996 [main] DEBUG c.service.MarketDataService - [ALGO] ASK: price:101 quantity:200
22:53:36.996 [main] DEBUG c.service.MarketDataService - [ALGO] ASK: price:110 quantity:5000
22:53:36.996 [main] DEBUG c.service.MarketDataService - [ALGO] ASK: price:119 quantity:5600
22:53:36.996 [main] DEBUG c.service.MarketDataService - [ALGO] ASK: price:123 quantity:453
22:53:36.996 [main] DEBUG c.service.MarketDataService - [ALGO] ASK: price:144 quantity:645
22:53:36.996 [main] DEBUG c.service.MarketDataService - [ALGO] ASK: price:167 quantity:665
22:53:36.996 [main] INFO  c.gettingstarted.MyAlgoLogic - [MYALGO] The state of the order book is:
|----BID-----||----ASK----|
    134 @ 43    501 @ 98
    145 @ 76   200 @ 101
    300 @ 91  5000 @ 110
    200 @ 93  5600 @ 119
    100 @ 95   453 @ 123
    154 @ 98   645 @ 144
          -    665 @ 167
|------------||-----------|

22:53:36.996 [main] INFO  c.gettingstarted.MyAlgoLogic - [MYALGO] Algo Sees Book as: 
|----BID-----||----ASK----|
    134 @ 43    501 @ 98
    145 @ 76   200 @ 101
    300 @ 91  5000 @ 110
    200 @ 93  5600 @ 119
    100 @ 95   453 @ 123
    154 @ 98   645 @ 144
          -    665 @ 167
|------------||-----------|

22:53:36.996 [main] INFO  c.gettingstarted.TimedLogic - [TIMEDLOGIC] Market is closed
22:53:36.996 [main] INFO  c.sequencer.consumer.LoggingConsumer - [106] 
|----BID-----|
    134 @ 43
    145 @ 76
    300 @ 91
    200 @ 93
    100 @ 95
    154 @ 98
|----ASK-----|
    501 @ 98
   200 @ 101
  5000 @ 110
  5600 @ 119
   453 @ 123
   645 @ 144
   665 @ 167

22:53:36.996 [main] INFO  c.orderbook.OrderBook - [ORDERBOOK] Processing Mkt Data Update
22:53:36.996 [main] INFO  c.o.v.MutatingRemoveAllMarketDataOrdersVisitor - [ORDERBOOK] Removing market data order:MktData(price=43,quantity=134)
22:53:36.996 [main] INFO  c.o.v.MutatingRemoveAllMarketDataOrdersVisitor - [ORDERBOOK] Removing level:43
22:53:36.996 [main] DEBUG c.orderbook.OrderBook - [ORDERBOOK] ASK: Adding orderMktData(price=43,quantity=134)
22:53:36.996 [main] DEBUG c.orderbook.OrderBook - [ORDERBOOK] ASK: Adding orderMktData(price=76,quantity=145)
22:53:36.996 [main] DEBUG c.orderbook.OrderBook - [ORDERBOOK] ASK: Adding orderMktData(price=91,quantity=300)
22:53:36.996 [main] DEBUG c.orderbook.OrderBook - [ORDERBOOK] ASK: Adding orderMktData(price=93,quantity=200)
22:53:36.996 [main] DEBUG c.orderbook.OrderBook - [ORDERBOOK] ASK: Adding orderMktData(price=95,quantity=100)
22:53:36.996 [main] DEBUG c.orderbook.OrderBook - [ORDERBOOK] ASK: Adding orderMktData(price=98,quantity=154)
22:53:36.996 [main] INFO  c.o.v.MutatingMatchOneMarketDataOrderVisitor - [ORDERBOOK] visiting LevelOrderBookLevel(price=43,quantity=134)
22:53:36.996 [main] INFO  c.o.v.MutatingMatchOneMarketDataOrderVisitor - [ORDERBOOK] Can't match order:MktData(price=43,quantity=134)(MktData(price=98,quantity=154))
22:53:36.996 [main] INFO  c.o.v.MutatingRemoveAllMarketDataOrdersVisitor - [ORDERBOOK] Removing market data order:MktData(price=98,quantity=501)
22:53:36.996 [main] INFO  c.o.v.MutatingRemoveAllMarketDataOrdersVisitor - [ORDERBOOK] Removing level:98
22:53:36.996 [main] INFO  c.o.v.MutatingRemoveAllMarketDataOrdersVisitor - [ORDERBOOK] Removing market data order:MktData(price=101,quantity=200)
22:53:36.996 [main] INFO  c.o.v.MutatingRemoveAllMarketDataOrdersVisitor - [ORDERBOOK] Removing level:101
22:53:36.996 [main] INFO  c.o.v.MutatingRemoveAllMarketDataOrdersVisitor - [ORDERBOOK] Removing market data order:MktData(price=110,quantity=5000)
22:53:36.996 [main] INFO  c.o.v.MutatingRemoveAllMarketDataOrdersVisitor - [ORDERBOOK] Removing level:110
22:53:36.996 [main] INFO  c.o.v.MutatingRemoveAllMarketDataOrdersVisitor - [ORDERBOOK] Removing market data order:MktData(price=119,quantity=5600)
22:53:36.996 [main] INFO  c.o.v.MutatingRemoveAllMarketDataOrdersVisitor - [ORDERBOOK] Removing level:119
22:53:36.996 [main] INFO  c.o.v.MutatingRemoveAllMarketDataOrdersVisitor - [ORDERBOOK] Removing market data order:MktData(price=123,quantity=453)
22:53:36.996 [main] INFO  c.o.v.MutatingRemoveAllMarketDataOrdersVisitor - [ORDERBOOK] Removing level:123
22:53:36.996 [main] INFO  c.o.v.MutatingRemoveAllMarketDataOrdersVisitor - [ORDERBOOK] Removing market data order:MktData(price=144,quantity=645)
22:53:36.996 [main] INFO  c.o.v.MutatingRemoveAllMarketDataOrdersVisitor - [ORDERBOOK] Removing level:144
22:53:36.996 [main] INFO  c.o.v.MutatingRemoveAllMarketDataOrdersVisitor - [ORDERBOOK] Removing market data order:MktData(price=167,quantity=665)
22:53:36.996 [main] INFO  c.o.v.MutatingRemoveAllMarketDataOrdersVisitor - [ORDERBOOK] Removing level:167
22:53:36.996 [main] DEBUG c.orderbook.OrderBook - [ORDERBOOK] ASK: Adding orderMktData(price=98,quantity=501)
22:53:36.996 [main] DEBUG c.orderbook.OrderBook - [ORDERBOOK] ASK: Adding orderMktData(price=101,quantity=200)
22:53:36.996 [main] DEBUG c.orderbook.OrderBook - [ORDERBOOK] ASK: Adding orderMktData(price=110,quantity=5000)
22:53:36.996 [main] DEBUG c.orderbook.OrderBook - [ORDERBOOK] ASK: Adding orderMktData(price=119,quantity=5600)
22:53:36.996 [main] DEBUG c.orderbook.OrderBook - [ORDERBOOK] ASK: Adding orderMktData(price=123,quantity=453)
22:53:36.996 [main] DEBUG c.orderbook.OrderBook - [ORDERBOOK] ASK: Adding orderMktData(price=144,quantity=645)
22:53:36.996 [main] DEBUG c.orderbook.OrderBook - [ORDERBOOK] ASK: Adding orderMktData(price=167,quantity=665)
22:53:36.996 [main] DEBUG c.service.MarketDataService - [ALGO] BID: price:43 quantity:134
22:53:36.996 [main] DEBUG c.service.MarketDataService - [ALGO] BID: price:76 quantity:145
22:53:36.996 [main] DEBUG c.service.MarketDataService - [ALGO] BID: price:91 quantity:300
22:53:36.996 [main] DEBUG c.service.MarketDataService - [ALGO] BID: price:93 quantity:200
22:53:36.996 [main] DEBUG c.service.MarketDataService - [ALGO] BID: price:95 quantity:100
22:53:36.996 [main] DEBUG c.service.MarketDataService - [ALGO] BID: price:98 quantity:154
22:53:36.996 [main] DEBUG c.service.MarketDataService - [ALGO] ASK: price:98 quantity:501
22:53:36.996 [main] DEBUG c.service.MarketDataService - [ALGO] ASK: price:101 quantity:200
22:53:36.996 [main] DEBUG c.service.MarketDataService - [ALGO] ASK: price:110 quantity:5000
22:53:36.996 [main] DEBUG c.service.MarketDataService - [ALGO] ASK: price:119 quantity:5600
22:53:36.996 [main] DEBUG c.service.MarketDataService - [ALGO] ASK: price:123 quantity:453
22:53:36.996 [main] DEBUG c.service.MarketDataService - [ALGO] ASK: price:144 quantity:645
22:53:36.996 [main] DEBUG c.service.MarketDataService - [ALGO] ASK: price:167 quantity:665
22:53:36.996 [main] INFO  c.gettingstarted.MyAlgoLogic - [MYALGO] The state of the order book is:
|----BID-----||----ASK----|
    134 @ 43    501 @ 98
    145 @ 76   200 @ 101
    300 @ 91  5000 @ 110
    200 @ 93  5600 @ 119
    100 @ 95   453 @ 123
    154 @ 98   645 @ 144
          -    665 @ 167
|------------||-----------|

22:53:36.996 [main] INFO  c.gettingstarted.MyAlgoLogic - [MYALGO] Algo Sees Book as: 
|----BID-----||----ASK----|
    134 @ 43    501 @ 98
    145 @ 76   200 @ 101
    300 @ 91  5000 @ 110
    200 @ 93  5600 @ 119
    100 @ 95   453 @ 123
    154 @ 98   645 @ 144
          -    665 @ 167
|------------||-----------|

22:53:36.996 [main] INFO  c.gettingstarted.TimedLogic - [TIMEDLOGIC] Market is closed
22:53:36.996 [main] INFO  c.sequencer.consumer.LoggingConsumer - [107] 
|----BID-----|
    134 @ 43
    145 @ 76
    300 @ 91
    200 @ 93
    100 @ 95
    154 @ 98
|----ASK-----|
    501 @ 98
   200 @ 101
  5000 @ 110
  5600 @ 119
   453 @ 123
   645 @ 144
   665 @ 167

22:53:36.996 [main] INFO  c.orderbook.OrderBook - [ORDERBOOK] Processing Mkt Data Update
22:53:36.996 [main] INFO  c.o.v.MutatingRemoveAllMarketDataOrdersVisitor - [ORDERBOOK] Removing market data order:MktData(price=43,quantity=134)
22:53:36.996 [main] INFO  c.o.v.MutatingRemoveAllMarketDataOrdersVisitor - [ORDERBOOK] Removing level:43
22:53:36.996 [main] DEBUG c.orderbook.OrderBook - [ORDERBOOK] ASK: Adding orderMktData(price=43,quantity=134)
22:53:36.996 [main] DEBUG c.orderbook.OrderBook - [ORDERBOOK] ASK: Adding orderMktData(price=76,quantity=145)
22:53:36.996 [main] DEBUG c.orderbook.OrderBook - [ORDERBOOK] ASK: Adding orderMktData(price=91,quantity=300)
22:53:36.996 [main] DEBUG c.orderbook.OrderBook - [ORDERBOOK] ASK: Adding orderMktData(price=93,quantity=200)
22:53:36.996 [main] DEBUG c.orderbook.OrderBook - [ORDERBOOK] ASK: Adding orderMktData(price=95,quantity=100)
22:53:36.996 [main] DEBUG c.orderbook.OrderBook - [ORDERBOOK] ASK: Adding orderMktData(price=98,quantity=154)
22:53:36.996 [main] INFO  c.o.v.MutatingMatchOneMarketDataOrderVisitor - [ORDERBOOK] visiting LevelOrderBookLevel(price=43,quantity=134)
22:53:36.996 [main] INFO  c.o.v.MutatingMatchOneMarketDataOrderVisitor - [ORDERBOOK] Can't match order:MktData(price=43,quantity=134)(MktData(price=98,quantity=154))
22:53:36.996 [main] INFO  c.o.v.MutatingRemoveAllMarketDataOrdersVisitor - [ORDERBOOK] Removing market data order:MktData(price=98,quantity=501)
22:53:36.996 [main] INFO  c.o.v.MutatingRemoveAllMarketDataOrdersVisitor - [ORDERBOOK] Removing level:98
22:53:36.996 [main] INFO  c.o.v.MutatingRemoveAllMarketDataOrdersVisitor - [ORDERBOOK] Removing market data order:MktData(price=101,quantity=200)
22:53:36.996 [main] INFO  c.o.v.MutatingRemoveAllMarketDataOrdersVisitor - [ORDERBOOK] Removing level:101
22:53:36.996 [main] INFO  c.o.v.MutatingRemoveAllMarketDataOrdersVisitor - [ORDERBOOK] Removing market data order:MktData(price=110,quantity=5000)
22:53:36.996 [main] INFO  c.o.v.MutatingRemoveAllMarketDataOrdersVisitor - [ORDERBOOK] Removing level:110
22:53:36.996 [main] INFO  c.o.v.MutatingRemoveAllMarketDataOrdersVisitor - [ORDERBOOK] Removing market data order:MktData(price=119,quantity=5600)
22:53:36.996 [main] INFO  c.o.v.MutatingRemoveAllMarketDataOrdersVisitor - [ORDERBOOK] Removing level:119
22:53:36.996 [main] INFO  c.o.v.MutatingRemoveAllMarketDataOrdersVisitor - [ORDERBOOK] Removing market data order:MktData(price=123,quantity=453)
22:53:36.996 [main] INFO  c.o.v.MutatingRemoveAllMarketDataOrdersVisitor - [ORDERBOOK] Removing level:123
22:53:36.996 [main] INFO  c.o.v.MutatingRemoveAllMarketDataOrdersVisitor - [ORDERBOOK] Removing market data order:MktData(price=144,quantity=645)
22:53:36.996 [main] INFO  c.o.v.MutatingRemoveAllMarketDataOrdersVisitor - [ORDERBOOK] Removing level:144
22:53:36.996 [main] INFO  c.o.v.MutatingRemoveAllMarketDataOrdersVisitor - [ORDERBOOK] Removing market data order:MktData(price=167,quantity=665)
22:53:36.996 [main] INFO  c.o.v.MutatingRemoveAllMarketDataOrdersVisitor - [ORDERBOOK] Removing level:167
22:53:36.996 [main] DEBUG c.orderbook.OrderBook - [ORDERBOOK] ASK: Adding orderMktData(price=98,quantity=501)
22:53:36.996 [main] DEBUG c.orderbook.OrderBook - [ORDERBOOK] ASK: Adding orderMktData(price=101,quantity=200)
22:53:36.996 [main] DEBUG c.orderbook.OrderBook - [ORDERBOOK] ASK: Adding orderMktData(price=110,quantity=5000)
22:53:36.996 [main] DEBUG c.orderbook.OrderBook - [ORDERBOOK] ASK: Adding orderMktData(price=119,quantity=5600)
22:53:36.996 [main] DEBUG c.orderbook.OrderBook - [ORDERBOOK] ASK: Adding orderMktData(price=123,quantity=453)
22:53:36.996 [main] DEBUG c.orderbook.OrderBook - [ORDERBOOK] ASK: Adding orderMktData(price=144,quantity=645)
22:53:36.996 [main] DEBUG c.orderbook.OrderBook - [ORDERBOOK] ASK: Adding orderMktData(price=167,quantity=665)
22:53:36.996 [main] DEBUG c.service.MarketDataService - [ALGO] BID: price:43 quantity:134
22:53:36.996 [main] DEBUG c.service.MarketDataService - [ALGO] BID: price:76 quantity:145
22:53:36.996 [main] DEBUG c.service.MarketDataService - [ALGO] BID: price:91 quantity:300
22:53:36.996 [main] DEBUG c.service.MarketDataService - [ALGO] BID: price:93 quantity:200
22:53:36.996 [main] DEBUG c.service.MarketDataService - [ALGO] BID: price:95 quantity:100
22:53:36.996 [main] DEBUG c.service.MarketDataService - [ALGO] BID: price:98 quantity:154
22:53:36.996 [main] DEBUG c.service.MarketDataService - [ALGO] ASK: price:98 quantity:501
22:53:36.996 [main] DEBUG c.service.MarketDataService - [ALGO] ASK: price:101 quantity:200
22:53:36.996 [main] DEBUG c.service.MarketDataService - [ALGO] ASK: price:110 quantity:5000
22:53:36.996 [main] DEBUG c.service.MarketDataService - [ALGO] ASK: price:119 quantity:5600
22:53:36.996 [main] DEBUG c.service.MarketDataService - [ALGO] ASK: price:123 quantity:453
22:53:36.996 [main] DEBUG c.service.MarketDataService - [ALGO] ASK: price:144 quantity:645
22:53:36.996 [main] DEBUG c.service.MarketDataService - [ALGO] ASK: price:167 quantity:665
22:53:36.996 [main] INFO  c.gettingstarted.MyAlgoLogic - [MYALGO] The state of the order book is:
|----BID-----||----ASK----|
    134 @ 43    501 @ 98
    145 @ 76   200 @ 101
    300 @ 91  5000 @ 110
    200 @ 93  5600 @ 119
    100 @ 95   453 @ 123
    154 @ 98   645 @ 144
          -    665 @ 167
|------------||-----------|

22:53:36.996 [main] INFO  c.gettingstarted.MyAlgoLogic - [MYALGO] Algo Sees Book as: 
|----BID-----||----ASK----|
    134 @ 43    501 @ 98
    145 @ 76   200 @ 101
    300 @ 91  5000 @ 110
    200 @ 93  5600 @ 119
    100 @ 95   453 @ 123
    154 @ 98   645 @ 144
          -    665 @ 167
|------------||-----------|

22:53:36.996 [main] INFO  c.gettingstarted.TimedLogic - [TIMEDLOGIC] Market is closed
22:53:36.996 [main] INFO  c.sequencer.consumer.LoggingConsumer - [108] 
|----BID-----|
    134 @ 43
    145 @ 76
    300 @ 91
    200 @ 93
    100 @ 95
    154 @ 98
|----ASK-----|
    501 @ 98
   200 @ 101
  5000 @ 110
  5600 @ 119
   453 @ 123
   645 @ 144
   665 @ 167

22:53:36.996 [main] INFO  c.orderbook.OrderBook - [ORDERBOOK] Processing Mkt Data Update
22:53:36.996 [main] INFO  c.o.v.MutatingRemoveAllMarketDataOrdersVisitor - [ORDERBOOK] Removing market data order:MktData(price=43,quantity=134)
22:53:36.996 [main] INFO  c.o.v.MutatingRemoveAllMarketDataOrdersVisitor - [ORDERBOOK] Removing level:43
22:53:36.996 [main] DEBUG c.orderbook.OrderBook - [ORDERBOOK] ASK: Adding orderMktData(price=43,quantity=134)
22:53:36.996 [main] DEBUG c.orderbook.OrderBook - [ORDERBOOK] ASK: Adding orderMktData(price=76,quantity=145)
22:53:36.996 [main] DEBUG c.orderbook.OrderBook - [ORDERBOOK] ASK: Adding orderMktData(price=91,quantity=300)
22:53:36.996 [main] DEBUG c.orderbook.OrderBook - [ORDERBOOK] ASK: Adding orderMktData(price=93,quantity=200)
22:53:36.996 [main] DEBUG c.orderbook.OrderBook - [ORDERBOOK] ASK: Adding orderMktData(price=95,quantity=100)
22:53:36.996 [main] DEBUG c.orderbook.OrderBook - [ORDERBOOK] ASK: Adding orderMktData(price=98,quantity=154)
22:53:36.996 [main] INFO  c.o.v.MutatingMatchOneMarketDataOrderVisitor - [ORDERBOOK] visiting LevelOrderBookLevel(price=43,quantity=134)
22:53:36.996 [main] INFO  c.o.v.MutatingMatchOneMarketDataOrderVisitor - [ORDERBOOK] Can't match order:MktData(price=43,quantity=134)(MktData(price=98,quantity=154))
22:53:36.996 [main] INFO  c.o.v.MutatingRemoveAllMarketDataOrdersVisitor - [ORDERBOOK] Removing market data order:MktData(price=98,quantity=501)
22:53:36.996 [main] INFO  c.o.v.MutatingRemoveAllMarketDataOrdersVisitor - [ORDERBOOK] Removing level:98
22:53:36.996 [main] INFO  c.o.v.MutatingRemoveAllMarketDataOrdersVisitor - [ORDERBOOK] Removing market data order:MktData(price=101,quantity=200)
22:53:36.996 [main] INFO  c.o.v.MutatingRemoveAllMarketDataOrdersVisitor - [ORDERBOOK] Removing level:101
22:53:36.996 [main] INFO  c.o.v.MutatingRemoveAllMarketDataOrdersVisitor - [ORDERBOOK] Removing market data order:MktData(price=110,quantity=5000)
22:53:36.996 [main] INFO  c.o.v.MutatingRemoveAllMarketDataOrdersVisitor - [ORDERBOOK] Removing level:110
22:53:36.996 [main] INFO  c.o.v.MutatingRemoveAllMarketDataOrdersVisitor - [ORDERBOOK] Removing market data order:MktData(price=119,quantity=5600)
22:53:36.996 [main] INFO  c.o.v.MutatingRemoveAllMarketDataOrdersVisitor - [ORDERBOOK] Removing level:119
22:53:36.996 [main] INFO  c.o.v.MutatingRemoveAllMarketDataOrdersVisitor - [ORDERBOOK] Removing market data order:MktData(price=123,quantity=453)
22:53:36.996 [main] INFO  c.o.v.MutatingRemoveAllMarketDataOrdersVisitor - [ORDERBOOK] Removing level:123
22:53:36.996 [main] INFO  c.o.v.MutatingRemoveAllMarketDataOrdersVisitor - [ORDERBOOK] Removing market data order:MktData(price=144,quantity=645)
22:53:36.996 [main] INFO  c.o.v.MutatingRemoveAllMarketDataOrdersVisitor - [ORDERBOOK] Removing level:144
22:53:36.996 [main] INFO  c.o.v.MutatingRemoveAllMarketDataOrdersVisitor - [ORDERBOOK] Removing market data order:MktData(price=167,quantity=665)
22:53:36.996 [main] INFO  c.o.v.MutatingRemoveAllMarketDataOrdersVisitor - [ORDERBOOK] Removing level:167
22:53:36.996 [main] DEBUG c.orderbook.OrderBook - [ORDERBOOK] ASK: Adding orderMktData(price=98,quantity=501)
22:53:36.996 [main] DEBUG c.orderbook.OrderBook - [ORDERBOOK] ASK: Adding orderMktData(price=101,quantity=200)
22:53:36.996 [main] DEBUG c.orderbook.OrderBook - [ORDERBOOK] ASK: Adding orderMktData(price=110,quantity=5000)
22:53:36.996 [main] DEBUG c.orderbook.OrderBook - [ORDERBOOK] ASK: Adding orderMktData(price=119,quantity=5600)
22:53:36.996 [main] DEBUG c.orderbook.OrderBook - [ORDERBOOK] ASK: Adding orderMktData(price=123,quantity=453)
22:53:36.996 [main] DEBUG c.orderbook.OrderBook - [ORDERBOOK] ASK: Adding orderMktData(price=144,quantity=645)
22:53:36.996 [main] DEBUG c.orderbook.OrderBook - [ORDERBOOK] ASK: Adding orderMktData(price=167,quantity=665)
22:53:36.996 [main] DEBUG c.service.MarketDataService - [ALGO] BID: price:43 quantity:134
22:53:36.996 [main] DEBUG c.service.MarketDataService - [ALGO] BID: price:76 quantity:145
22:53:36.996 [main] DEBUG c.service.MarketDataService - [ALGO] BID: price:91 quantity:300
22:53:36.996 [main] DEBUG c.service.MarketDataService - [ALGO] BID: price:93 quantity:200
22:53:36.996 [main] DEBUG c.service.MarketDataService - [ALGO] BID: price:95 quantity:100
22:53:36.996 [main] DEBUG c.service.MarketDataService - [ALGO] BID: price:98 quantity:154
22:53:36.996 [main] DEBUG c.service.MarketDataService - [ALGO] ASK: price:98 quantity:501
22:53:36.996 [main] DEBUG c.service.MarketDataService - [ALGO] ASK: price:101 quantity:200
22:53:36.996 [main] DEBUG c.service.MarketDataService - [ALGO] ASK: price:110 quantity:5000
22:53:36.996 [main] DEBUG c.service.MarketDataService - [ALGO] ASK: price:119 quantity:5600
22:53:36.996 [main] DEBUG c.service.MarketDataService - [ALGO] ASK: price:123 quantity:453
22:53:36.996 [main] DEBUG c.service.MarketDataService - [ALGO] ASK: price:144 quantity:645
22:53:36.996 [main] DEBUG c.service.MarketDataService - [ALGO] ASK: price:167 quantity:665
22:53:36.996 [main] INFO  c.gettingstarted.MyAlgoLogic - [MYALGO] The state of the order book is:
|----BID-----||----ASK----|
    134 @ 43    501 @ 98
    145 @ 76   200 @ 101
    300 @ 91  5000 @ 110
    200 @ 93  5600 @ 119
    100 @ 95   453 @ 123
    154 @ 98   645 @ 144
          -    665 @ 167
|------------||-----------|

22:53:36.996 [main] INFO  c.gettingstarted.MyAlgoLogic - [MYALGO] Algo Sees Book as: 
|----BID-----||----ASK----|
    134 @ 43    501 @ 98
    145 @ 76   200 @ 101
    300 @ 91  5000 @ 110
    200 @ 93  5600 @ 119
    100 @ 95   453 @ 123
    154 @ 98   645 @ 144
          -    665 @ 167
|------------||-----------|

22:53:36.996 [main] INFO  c.gettingstarted.TimedLogic - [TIMEDLOGIC] Market is closed
22:53:36.996 [main] INFO  c.sequencer.consumer.LoggingConsumer - [109] 
|----BID-----|
    134 @ 43
    145 @ 76
    300 @ 91
    200 @ 93
    100 @ 95
    154 @ 98
|----ASK-----|
    501 @ 98
   200 @ 101
  5000 @ 110
  5600 @ 119
   453 @ 123
   645 @ 144
   665 @ 167

22:53:36.996 [main] INFO  c.orderbook.OrderBook - [ORDERBOOK] Processing Mkt Data Update
22:53:36.996 [main] INFO  c.o.v.MutatingRemoveAllMarketDataOrdersVisitor - [ORDERBOOK] Removing market data order:MktData(price=43,quantity=134)
22:53:36.996 [main] INFO  c.o.v.MutatingRemoveAllMarketDataOrdersVisitor - [ORDERBOOK] Removing level:43
22:53:36.996 [main] DEBUG c.orderbook.OrderBook - [ORDERBOOK] ASK: Adding orderMktData(price=43,quantity=134)
22:53:36.996 [main] DEBUG c.orderbook.OrderBook - [ORDERBOOK] ASK: Adding orderMktData(price=76,quantity=145)
22:53:36.996 [main] DEBUG c.orderbook.OrderBook - [ORDERBOOK] ASK: Adding orderMktData(price=91,quantity=300)
22:53:36.996 [main] DEBUG c.orderbook.OrderBook - [ORDERBOOK] ASK: Adding orderMktData(price=93,quantity=200)
22:53:36.996 [main] DEBUG c.orderbook.OrderBook - [ORDERBOOK] ASK: Adding orderMktData(price=95,quantity=100)
22:53:36.996 [main] DEBUG c.orderbook.OrderBook - [ORDERBOOK] ASK: Adding orderMktData(price=98,quantity=154)
22:53:36.996 [main] INFO  c.o.v.MutatingMatchOneMarketDataOrderVisitor - [ORDERBOOK] visiting LevelOrderBookLevel(price=43,quantity=134)
22:53:36.996 [main] INFO  c.o.v.MutatingMatchOneMarketDataOrderVisitor - [ORDERBOOK] Can't match order:MktData(price=43,quantity=134)(MktData(price=98,quantity=154))
22:53:36.996 [main] INFO  c.o.v.MutatingRemoveAllMarketDataOrdersVisitor - [ORDERBOOK] Removing market data order:MktData(price=98,quantity=501)
22:53:36.996 [main] INFO  c.o.v.MutatingRemoveAllMarketDataOrdersVisitor - [ORDERBOOK] Removing level:98
22:53:36.996 [main] INFO  c.o.v.MutatingRemoveAllMarketDataOrdersVisitor - [ORDERBOOK] Removing market data order:MktData(price=101,quantity=200)
22:53:36.996 [main] INFO  c.o.v.MutatingRemoveAllMarketDataOrdersVisitor - [ORDERBOOK] Removing level:101
22:53:36.996 [main] INFO  c.o.v.MutatingRemoveAllMarketDataOrdersVisitor - [ORDERBOOK] Removing market data order:MktData(price=110,quantity=5000)
22:53:36.996 [main] INFO  c.o.v.MutatingRemoveAllMarketDataOrdersVisitor - [ORDERBOOK] Removing level:110
22:53:36.996 [main] INFO  c.o.v.MutatingRemoveAllMarketDataOrdersVisitor - [ORDERBOOK] Removing market data order:MktData(price=119,quantity=5600)
22:53:36.996 [main] INFO  c.o.v.MutatingRemoveAllMarketDataOrdersVisitor - [ORDERBOOK] Removing level:119
22:53:36.996 [main] INFO  c.o.v.MutatingRemoveAllMarketDataOrdersVisitor - [ORDERBOOK] Removing market data order:MktData(price=123,quantity=453)
22:53:36.996 [main] INFO  c.o.v.MutatingRemoveAllMarketDataOrdersVisitor - [ORDERBOOK] Removing level:123
22:53:36.996 [main] INFO  c.o.v.MutatingRemoveAllMarketDataOrdersVisitor - [ORDERBOOK] Removing market data order:MktData(price=144,quantity=645)
22:53:36.996 [main] INFO  c.o.v.MutatingRemoveAllMarketDataOrdersVisitor - [ORDERBOOK] Removing level:144
22:53:36.996 [main] INFO  c.o.v.MutatingRemoveAllMarketDataOrdersVisitor - [ORDERBOOK] Removing market data order:MktData(price=167,quantity=665)
22:53:36.996 [main] INFO  c.o.v.MutatingRemoveAllMarketDataOrdersVisitor - [ORDERBOOK] Removing level:167
22:53:36.996 [main] DEBUG c.orderbook.OrderBook - [ORDERBOOK] ASK: Adding orderMktData(price=98,quantity=501)
22:53:36.996 [main] DEBUG c.orderbook.OrderBook - [ORDERBOOK] ASK: Adding orderMktData(price=101,quantity=200)
22:53:36.996 [main] DEBUG c.orderbook.OrderBook - [ORDERBOOK] ASK: Adding orderMktData(price=110,quantity=5000)
22:53:36.996 [main] DEBUG c.orderbook.OrderBook - [ORDERBOOK] ASK: Adding orderMktData(price=119,quantity=5600)
22:53:36.996 [main] DEBUG c.orderbook.OrderBook - [ORDERBOOK] ASK: Adding orderMktData(price=123,quantity=453)
22:53:36.996 [main] DEBUG c.orderbook.OrderBook - [ORDERBOOK] ASK: Adding orderMktData(price=144,quantity=645)
22:53:36.996 [main] DEBUG c.orderbook.OrderBook - [ORDERBOOK] ASK: Adding orderMktData(price=167,quantity=665)
22:53:36.996 [main] DEBUG c.service.MarketDataService - [ALGO] BID: price:43 quantity:134
22:53:36.996 [main] DEBUG c.service.MarketDataService - [ALGO] BID: price:76 quantity:145
22:53:36.996 [main] DEBUG c.service.MarketDataService - [ALGO] BID: price:91 quantity:300
22:53:36.996 [main] DEBUG c.service.MarketDataService - [ALGO] BID: price:93 quantity:200
22:53:36.996 [main] DEBUG c.service.MarketDataService - [ALGO] BID: price:95 quantity:100
22:53:36.996 [main] DEBUG c.service.MarketDataService - [ALGO] BID: price:98 quantity:154
22:53:36.996 [main] DEBUG c.service.MarketDataService - [ALGO] ASK: price:98 quantity:501
22:53:36.996 [main] DEBUG c.service.MarketDataService - [ALGO] ASK: price:101 quantity:200
22:53:36.996 [main] DEBUG c.service.MarketDataService - [ALGO] ASK: price:110 quantity:5000
22:53:36.996 [main] DEBUG c.service.MarketDataService - [ALGO] ASK: price:119 quantity:5600
22:53:36.996 [main] DEBUG c.service.MarketDataService - [ALGO] ASK: price:123 quantity:453
22:53:36.996 [main] DEBUG c.service.MarketDataService - [ALGO] ASK: price:144 quantity:645
22:53:36.996 [main] DEBUG c.service.MarketDataService - [ALGO] ASK: price:167 quantity:665
22:53:36.996 [main] INFO  c.gettingstarted.MyAlgoLogic - [MYALGO] The state of the order book is:
|----BID-----||----ASK----|
    134 @ 43    501 @ 98
    145 @ 76   200 @ 101
    300 @ 91  5000 @ 110
    200 @ 93  5600 @ 119
    100 @ 95   453 @ 123
    154 @ 98   645 @ 144
          -    665 @ 167
|------------||-----------|

22:53:36.996 [main] INFO  c.gettingstarted.MyAlgoLogic - [MYALGO] Algo Sees Book as: 
|----BID-----||----ASK----|
    134 @ 43    501 @ 98
    145 @ 76   200 @ 101
    300 @ 91  5000 @ 110
    200 @ 93  5600 @ 119
    100 @ 95   453 @ 123
    154 @ 98   645 @ 144
          -    665 @ 167
|------------||-----------|

22:53:36.996 [main] INFO  c.gettingstarted.TimedLogic - [TIMEDLOGIC] Market is closed
22:53:36.996 [main] INFO  c.sequencer.consumer.LoggingConsumer - [110] 
|----BID-----|
    134 @ 43
    145 @ 76
    300 @ 91
    200 @ 93
    100 @ 95
    154 @ 98
|----ASK-----|
    501 @ 98
   200 @ 101
  5000 @ 110
  5600 @ 119
   453 @ 123
   645 @ 144
   665 @ 167

22:53:36.996 [main] INFO  c.orderbook.OrderBook - [ORDERBOOK] Processing Mkt Data Update
22:53:36.996 [main] INFO  c.o.v.MutatingRemoveAllMarketDataOrdersVisitor - [ORDERBOOK] Removing market data order:MktData(price=43,quantity=134)
22:53:36.996 [main] INFO  c.o.v.MutatingRemoveAllMarketDataOrdersVisitor - [ORDERBOOK] Removing level:43
22:53:36.996 [main] DEBUG c.orderbook.OrderBook - [ORDERBOOK] ASK: Adding orderMktData(price=43,quantity=134)
22:53:36.996 [main] DEBUG c.orderbook.OrderBook - [ORDERBOOK] ASK: Adding orderMktData(price=76,quantity=145)
22:53:36.996 [main] DEBUG c.orderbook.OrderBook - [ORDERBOOK] ASK: Adding orderMktData(price=91,quantity=300)
22:53:36.996 [main] DEBUG c.orderbook.OrderBook - [ORDERBOOK] ASK: Adding orderMktData(price=93,quantity=200)
22:53:36.996 [main] DEBUG c.orderbook.OrderBook - [ORDERBOOK] ASK: Adding orderMktData(price=95,quantity=100)
22:53:36.996 [main] DEBUG c.orderbook.OrderBook - [ORDERBOOK] ASK: Adding orderMktData(price=98,quantity=154)
22:53:36.996 [main] INFO  c.o.v.MutatingMatchOneMarketDataOrderVisitor - [ORDERBOOK] visiting LevelOrderBookLevel(price=43,quantity=134)
22:53:36.996 [main] INFO  c.o.v.MutatingMatchOneMarketDataOrderVisitor - [ORDERBOOK] Can't match order:MktData(price=43,quantity=134)(MktData(price=98,quantity=154))
22:53:36.996 [main] INFO  c.o.v.MutatingRemoveAllMarketDataOrdersVisitor - [ORDERBOOK] Removing market data order:MktData(price=98,quantity=501)
22:53:36.996 [main] INFO  c.o.v.MutatingRemoveAllMarketDataOrdersVisitor - [ORDERBOOK] Removing level:98
22:53:36.996 [main] INFO  c.o.v.MutatingRemoveAllMarketDataOrdersVisitor - [ORDERBOOK] Removing market data order:MktData(price=101,quantity=200)
22:53:36.996 [main] INFO  c.o.v.MutatingRemoveAllMarketDataOrdersVisitor - [ORDERBOOK] Removing level:101
22:53:36.996 [main] INFO  c.o.v.MutatingRemoveAllMarketDataOrdersVisitor - [ORDERBOOK] Removing market data order:MktData(price=110,quantity=5000)
22:53:36.996 [main] INFO  c.o.v.MutatingRemoveAllMarketDataOrdersVisitor - [ORDERBOOK] Removing level:110
22:53:36.996 [main] INFO  c.o.v.MutatingRemoveAllMarketDataOrdersVisitor - [ORDERBOOK] Removing market data order:MktData(price=119,quantity=5600)
22:53:36.996 [main] INFO  c.o.v.MutatingRemoveAllMarketDataOrdersVisitor - [ORDERBOOK] Removing level:119
22:53:36.996 [main] INFO  c.o.v.MutatingRemoveAllMarketDataOrdersVisitor - [ORDERBOOK] Removing market data order:MktData(price=123,quantity=453)
22:53:36.996 [main] INFO  c.o.v.MutatingRemoveAllMarketDataOrdersVisitor - [ORDERBOOK] Removing level:123
22:53:36.996 [main] INFO  c.o.v.MutatingRemoveAllMarketDataOrdersVisitor - [ORDERBOOK] Removing market data order:MktData(price=144,quantity=645)
22:53:36.996 [main] INFO  c.o.v.MutatingRemoveAllMarketDataOrdersVisitor - [ORDERBOOK] Removing level:144
22:53:36.996 [main] INFO  c.o.v.MutatingRemoveAllMarketDataOrdersVisitor - [ORDERBOOK] Removing market data order:MktData(price=167,quantity=665)
22:53:36.996 [main] INFO  c.o.v.MutatingRemoveAllMarketDataOrdersVisitor - [ORDERBOOK] Removing level:167
22:53:36.996 [main] DEBUG c.orderbook.OrderBook - [ORDERBOOK] ASK: Adding orderMktData(price=98,quantity=501)
22:53:36.996 [main] DEBUG c.orderbook.OrderBook - [ORDERBOOK] ASK: Adding orderMktData(price=101,quantity=200)
22:53:36.996 [main] DEBUG c.orderbook.OrderBook - [ORDERBOOK] ASK: Adding orderMktData(price=110,quantity=5000)
22:53:36.996 [main] DEBUG c.orderbook.OrderBook - [ORDERBOOK] ASK: Adding orderMktData(price=119,quantity=5600)
22:53:36.996 [main] DEBUG c.orderbook.OrderBook - [ORDERBOOK] ASK: Adding orderMktData(price=123,quantity=453)
22:53:36.996 [main] DEBUG c.orderbook.OrderBook - [ORDERBOOK] ASK: Adding orderMktData(price=144,quantity=645)
22:53:36.996 [main] DEBUG c.orderbook.OrderBook - [ORDERBOOK] ASK: Adding orderMktData(price=167,quantity=665)
22:53:36.996 [main] DEBUG c.service.MarketDataService - [ALGO] BID: price:43 quantity:134
22:53:36.996 [main] DEBUG c.service.MarketDataService - [ALGO] BID: price:76 quantity:145
22:53:36.996 [main] DEBUG c.service.MarketDataService - [ALGO] BID: price:91 quantity:300
22:53:36.996 [main] DEBUG c.service.MarketDataService - [ALGO] BID: price:93 quantity:200
22:53:36.996 [main] DEBUG c.service.MarketDataService - [ALGO] BID: price:95 quantity:100
22:53:36.996 [main] DEBUG c.service.MarketDataService - [ALGO] BID: price:98 quantity:154
22:53:36.996 [main] DEBUG c.service.MarketDataService - [ALGO] ASK: price:98 quantity:501
22:53:36.996 [main] DEBUG c.service.MarketDataService - [ALGO] ASK: price:101 quantity:200
22:53:36.996 [main] DEBUG c.service.MarketDataService - [ALGO] ASK: price:110 quantity:5000
22:53:36.996 [main] DEBUG c.service.MarketDataService - [ALGO] ASK: price:119 quantity:5600
22:53:36.996 [main] DEBUG c.service.MarketDataService - [ALGO] ASK: price:123 quantity:453
22:53:36.996 [main] DEBUG c.service.MarketDataService - [ALGO] ASK: price:144 quantity:645
22:53:36.996 [main] DEBUG c.service.MarketDataService - [ALGO] ASK: price:167 quantity:665
22:53:36.996 [main] INFO  c.gettingstarted.MyAlgoLogic - [MYALGO] The state of the order book is:
|----BID-----||----ASK----|
    134 @ 43    501 @ 98
    145 @ 76   200 @ 101
    300 @ 91  5000 @ 110
    200 @ 93  5600 @ 119
    100 @ 95   453 @ 123
    154 @ 98   645 @ 144
          -    665 @ 167
|------------||-----------|

22:53:36.996 [main] INFO  c.gettingstarted.MyAlgoLogic - [MYALGO] Algo Sees Book as: 
|----BID-----||----ASK----|
    134 @ 43    501 @ 98
    145 @ 76   200 @ 101
    300 @ 91  5000 @ 110
    200 @ 93  5600 @ 119
    100 @ 95   453 @ 123
    154 @ 98   645 @ 144
          -    665 @ 167
|------------||-----------|

22:53:36.996 [main] INFO  c.gettingstarted.TimedLogic - [TIMEDLOGIC] Market is closed
22:53:36.996 [main] INFO  c.sequencer.consumer.LoggingConsumer - [111] 
|----BID-----|
    134 @ 43
    145 @ 76
    300 @ 91
    200 @ 93
    100 @ 95
    154 @ 98
|----ASK-----|
    501 @ 98
   200 @ 101
  5000 @ 110
  5600 @ 119
   453 @ 123
   645 @ 144
   665 @ 167

22:53:36.996 [main] INFO  c.orderbook.OrderBook - [ORDERBOOK] Processing Mkt Data Update
22:53:36.996 [main] INFO  c.o.v.MutatingRemoveAllMarketDataOrdersVisitor - [ORDERBOOK] Removing market data order:MktData(price=43,quantity=134)
22:53:36.996 [main] INFO  c.o.v.MutatingRemoveAllMarketDataOrdersVisitor - [ORDERBOOK] Removing level:43
22:53:37.000 [main] DEBUG c.orderbook.OrderBook - [ORDERBOOK] ASK: Adding orderMktData(price=43,quantity=134)
22:53:37.000 [main] DEBUG c.orderbook.OrderBook - [ORDERBOOK] ASK: Adding orderMktData(price=76,quantity=145)
22:53:37.000 [main] DEBUG c.orderbook.OrderBook - [ORDERBOOK] ASK: Adding orderMktData(price=91,quantity=300)
22:53:37.000 [main] DEBUG c.orderbook.OrderBook - [ORDERBOOK] ASK: Adding orderMktData(price=93,quantity=200)
22:53:37.000 [main] DEBUG c.orderbook.OrderBook - [ORDERBOOK] ASK: Adding orderMktData(price=95,quantity=100)
22:53:37.000 [main] DEBUG c.orderbook.OrderBook - [ORDERBOOK] ASK: Adding orderMktData(price=98,quantity=154)
22:53:37.000 [main] INFO  c.o.v.MutatingMatchOneMarketDataOrderVisitor - [ORDERBOOK] visiting LevelOrderBookLevel(price=43,quantity=134)
22:53:37.000 [main] INFO  c.o.v.MutatingMatchOneMarketDataOrderVisitor - [ORDERBOOK] Can't match order:MktData(price=43,quantity=134)(MktData(price=98,quantity=154))
22:53:37.000 [main] INFO  c.o.v.MutatingRemoveAllMarketDataOrdersVisitor - [ORDERBOOK] Removing market data order:MktData(price=98,quantity=501)
22:53:37.000 [main] INFO  c.o.v.MutatingRemoveAllMarketDataOrdersVisitor - [ORDERBOOK] Removing level:98
22:53:37.000 [main] INFO  c.o.v.MutatingRemoveAllMarketDataOrdersVisitor - [ORDERBOOK] Removing market data order:MktData(price=101,quantity=200)
22:53:37.000 [main] INFO  c.o.v.MutatingRemoveAllMarketDataOrdersVisitor - [ORDERBOOK] Removing level:101
22:53:37.000 [main] INFO  c.o.v.MutatingRemoveAllMarketDataOrdersVisitor - [ORDERBOOK] Removing market data order:MktData(price=110,quantity=5000)
22:53:37.000 [main] INFO  c.o.v.MutatingRemoveAllMarketDataOrdersVisitor - [ORDERBOOK] Removing level:110
22:53:37.000 [main] INFO  c.o.v.MutatingRemoveAllMarketDataOrdersVisitor - [ORDERBOOK] Removing market data order:MktData(price=119,quantity=5600)
22:53:37.000 [main] INFO  c.o.v.MutatingRemoveAllMarketDataOrdersVisitor - [ORDERBOOK] Removing level:119
22:53:37.000 [main] INFO  c.o.v.MutatingRemoveAllMarketDataOrdersVisitor - [ORDERBOOK] Removing market data order:MktData(price=123,quantity=453)
22:53:37.000 [main] INFO  c.o.v.MutatingRemoveAllMarketDataOrdersVisitor - [ORDERBOOK] Removing level:123
22:53:37.000 [main] INFO  c.o.v.MutatingRemoveAllMarketDataOrdersVisitor - [ORDERBOOK] Removing market data order:MktData(price=144,quantity=645)
22:53:37.000 [main] INFO  c.o.v.MutatingRemoveAllMarketDataOrdersVisitor - [ORDERBOOK] Removing level:144
22:53:37.000 [main] INFO  c.o.v.MutatingRemoveAllMarketDataOrdersVisitor - [ORDERBOOK] Removing market data order:MktData(price=167,quantity=665)
22:53:37.000 [main] INFO  c.o.v.MutatingRemoveAllMarketDataOrdersVisitor - [ORDERBOOK] Removing level:167
22:53:37.000 [main] DEBUG c.orderbook.OrderBook - [ORDERBOOK] ASK: Adding orderMktData(price=98,quantity=501)
22:53:37.000 [main] DEBUG c.orderbook.OrderBook - [ORDERBOOK] ASK: Adding orderMktData(price=101,quantity=200)
22:53:37.000 [main] DEBUG c.orderbook.OrderBook - [ORDERBOOK] ASK: Adding orderMktData(price=110,quantity=5000)
22:53:37.000 [main] DEBUG c.orderbook.OrderBook - [ORDERBOOK] ASK: Adding orderMktData(price=119,quantity=5600)
22:53:37.000 [main] DEBUG c.orderbook.OrderBook - [ORDERBOOK] ASK: Adding orderMktData(price=123,quantity=453)
22:53:37.000 [main] DEBUG c.orderbook.OrderBook - [ORDERBOOK] ASK: Adding orderMktData(price=144,quantity=645)
22:53:37.000 [main] DEBUG c.orderbook.OrderBook - [ORDERBOOK] ASK: Adding orderMktData(price=167,quantity=665)
22:53:37.000 [main] DEBUG c.service.MarketDataService - [ALGO] BID: price:43 quantity:134
22:53:37.000 [main] DEBUG c.service.MarketDataService - [ALGO] BID: price:76 quantity:145
22:53:37.000 [main] DEBUG c.service.MarketDataService - [ALGO] BID: price:91 quantity:300
22:53:37.000 [main] DEBUG c.service.MarketDataService - [ALGO] BID: price:93 quantity:200
22:53:37.000 [main] DEBUG c.service.MarketDataService - [ALGO] BID: price:95 quantity:100
22:53:37.000 [main] DEBUG c.service.MarketDataService - [ALGO] BID: price:98 quantity:154
22:53:37.000 [main] DEBUG c.service.MarketDataService - [ALGO] ASK: price:98 quantity:501
22:53:37.000 [main] DEBUG c.service.MarketDataService - [ALGO] ASK: price:101 quantity:200
22:53:37.000 [main] DEBUG c.service.MarketDataService - [ALGO] ASK: price:110 quantity:5000
22:53:37.000 [main] DEBUG c.service.MarketDataService - [ALGO] ASK: price:119 quantity:5600
22:53:37.000 [main] DEBUG c.service.MarketDataService - [ALGO] ASK: price:123 quantity:453
22:53:37.000 [main] DEBUG c.service.MarketDataService - [ALGO] ASK: price:144 quantity:645
22:53:37.000 [main] DEBUG c.service.MarketDataService - [ALGO] ASK: price:167 quantity:665
22:53:37.000 [main] INFO  c.gettingstarted.MyAlgoLogic - [MYALGO] The state of the order book is:
|----BID-----||----ASK----|
    134 @ 43    501 @ 98
    145 @ 76   200 @ 101
    300 @ 91  5000 @ 110
    200 @ 93  5600 @ 119
    100 @ 95   453 @ 123
    154 @ 98   645 @ 144
          -    665 @ 167
|------------||-----------|

22:53:37.000 [main] INFO  c.gettingstarted.MyAlgoLogic - [MYALGO] Algo Sees Book as: 
|----BID-----||----ASK----|
    134 @ 43    501 @ 98
    145 @ 76   200 @ 101
    300 @ 91  5000 @ 110
    200 @ 93  5600 @ 119
    100 @ 95   453 @ 123
    154 @ 98   645 @ 144
          -    665 @ 167
|------------||-----------|

22:53:37.000 [main] INFO  c.gettingstarted.TimedLogic - [TIMEDLOGIC] Market is closed
22:53:37.000 [main] INFO  c.sequencer.consumer.LoggingConsumer - [112] 
|----BID-----|
    134 @ 43
    145 @ 76
    300 @ 91
    200 @ 93
    100 @ 95
    154 @ 98
|----ASK-----|
    501 @ 98
   200 @ 101
  5000 @ 110
  5600 @ 119
   453 @ 123
   645 @ 144
   665 @ 167

22:53:37.000 [main] INFO  c.orderbook.OrderBook - [ORDERBOOK] Processing Mkt Data Update
22:53:37.000 [main] INFO  c.o.v.MutatingRemoveAllMarketDataOrdersVisitor - [ORDERBOOK] Removing market data order:MktData(price=43,quantity=134)
22:53:37.000 [main] INFO  c.o.v.MutatingRemoveAllMarketDataOrdersVisitor - [ORDERBOOK] Removing level:43
22:53:37.000 [main] DEBUG c.orderbook.OrderBook - [ORDERBOOK] ASK: Adding orderMktData(price=43,quantity=134)
22:53:37.000 [main] DEBUG c.orderbook.OrderBook - [ORDERBOOK] ASK: Adding orderMktData(price=76,quantity=145)
22:53:37.000 [main] DEBUG c.orderbook.OrderBook - [ORDERBOOK] ASK: Adding orderMktData(price=91,quantity=300)
22:53:37.000 [main] DEBUG c.orderbook.OrderBook - [ORDERBOOK] ASK: Adding orderMktData(price=93,quantity=200)
22:53:37.000 [main] DEBUG c.orderbook.OrderBook - [ORDERBOOK] ASK: Adding orderMktData(price=95,quantity=100)
22:53:37.000 [main] DEBUG c.orderbook.OrderBook - [ORDERBOOK] ASK: Adding orderMktData(price=98,quantity=154)
22:53:37.000 [main] INFO  c.o.v.MutatingMatchOneMarketDataOrderVisitor - [ORDERBOOK] visiting LevelOrderBookLevel(price=43,quantity=134)
22:53:37.000 [main] INFO  c.o.v.MutatingMatchOneMarketDataOrderVisitor - [ORDERBOOK] Can't match order:MktData(price=43,quantity=134)(MktData(price=98,quantity=154))
22:53:37.000 [main] INFO  c.o.v.MutatingRemoveAllMarketDataOrdersVisitor - [ORDERBOOK] Removing market data order:MktData(price=98,quantity=501)
22:53:37.001 [main] INFO  c.o.v.MutatingRemoveAllMarketDataOrdersVisitor - [ORDERBOOK] Removing level:98
22:53:37.001 [main] INFO  c.o.v.MutatingRemoveAllMarketDataOrdersVisitor - [ORDERBOOK] Removing market data order:MktData(price=101,quantity=200)
22:53:37.001 [main] INFO  c.o.v.MutatingRemoveAllMarketDataOrdersVisitor - [ORDERBOOK] Removing level:101
22:53:37.001 [main] INFO  c.o.v.MutatingRemoveAllMarketDataOrdersVisitor - [ORDERBOOK] Removing market data order:MktData(price=110,quantity=5000)
22:53:37.001 [main] INFO  c.o.v.MutatingRemoveAllMarketDataOrdersVisitor - [ORDERBOOK] Removing level:110
22:53:37.001 [main] INFO  c.o.v.MutatingRemoveAllMarketDataOrdersVisitor - [ORDERBOOK] Removing market data order:MktData(price=119,quantity=5600)
22:53:37.001 [main] INFO  c.o.v.MutatingRemoveAllMarketDataOrdersVisitor - [ORDERBOOK] Removing level:119
22:53:37.001 [main] INFO  c.o.v.MutatingRemoveAllMarketDataOrdersVisitor - [ORDERBOOK] Removing market data order:MktData(price=123,quantity=453)
22:53:37.001 [main] INFO  c.o.v.MutatingRemoveAllMarketDataOrdersVisitor - [ORDERBOOK] Removing level:123
22:53:37.001 [main] INFO  c.o.v.MutatingRemoveAllMarketDataOrdersVisitor - [ORDERBOOK] Removing market data order:MktData(price=144,quantity=645)
22:53:37.001 [main] INFO  c.o.v.MutatingRemoveAllMarketDataOrdersVisitor - [ORDERBOOK] Removing level:144
22:53:37.001 [main] INFO  c.o.v.MutatingRemoveAllMarketDataOrdersVisitor - [ORDERBOOK] Removing market data order:MktData(price=167,quantity=665)
22:53:37.001 [main] INFO  c.o.v.MutatingRemoveAllMarketDataOrdersVisitor - [ORDERBOOK] Removing level:167
22:53:37.001 [main] DEBUG c.orderbook.OrderBook - [ORDERBOOK] ASK: Adding orderMktData(price=98,quantity=501)
22:53:37.001 [main] DEBUG c.orderbook.OrderBook - [ORDERBOOK] ASK: Adding orderMktData(price=101,quantity=200)
22:53:37.001 [main] DEBUG c.orderbook.OrderBook - [ORDERBOOK] ASK: Adding orderMktData(price=110,quantity=5000)
22:53:37.001 [main] DEBUG c.orderbook.OrderBook - [ORDERBOOK] ASK: Adding orderMktData(price=119,quantity=5600)
22:53:37.001 [main] DEBUG c.orderbook.OrderBook - [ORDERBOOK] ASK: Adding orderMktData(price=123,quantity=453)
22:53:37.001 [main] DEBUG c.orderbook.OrderBook - [ORDERBOOK] ASK: Adding orderMktData(price=144,quantity=645)
22:53:37.001 [main] DEBUG c.orderbook.OrderBook - [ORDERBOOK] ASK: Adding orderMktData(price=167,quantity=665)
22:53:37.001 [main] DEBUG c.service.MarketDataService - [ALGO] BID: price:43 quantity:134
22:53:37.001 [main] DEBUG c.service.MarketDataService - [ALGO] BID: price:76 quantity:145
22:53:37.001 [main] DEBUG c.service.MarketDataService - [ALGO] BID: price:91 quantity:300
22:53:37.001 [main] DEBUG c.service.MarketDataService - [ALGO] BID: price:93 quantity:200
22:53:37.001 [main] DEBUG c.service.MarketDataService - [ALGO] BID: price:95 quantity:100
22:53:37.001 [main] DEBUG c.service.MarketDataService - [ALGO] BID: price:98 quantity:154
22:53:37.001 [main] DEBUG c.service.MarketDataService - [ALGO] ASK: price:98 quantity:501
22:53:37.001 [main] DEBUG c.service.MarketDataService - [ALGO] ASK: price:101 quantity:200
22:53:37.001 [main] DEBUG c.service.MarketDataService - [ALGO] ASK: price:110 quantity:5000
22:53:37.001 [main] DEBUG c.service.MarketDataService - [ALGO] ASK: price:119 quantity:5600
22:53:37.001 [main] DEBUG c.service.MarketDataService - [ALGO] ASK: price:123 quantity:453
22:53:37.001 [main] DEBUG c.service.MarketDataService - [ALGO] ASK: price:144 quantity:645
22:53:37.001 [main] DEBUG c.service.MarketDataService - [ALGO] ASK: price:167 quantity:665
22:53:37.001 [main] INFO  c.gettingstarted.MyAlgoLogic - [MYALGO] The state of the order book is:
|----BID-----||----ASK----|
    134 @ 43    501 @ 98
    145 @ 76   200 @ 101
    300 @ 91  5000 @ 110
    200 @ 93  5600 @ 119
    100 @ 95   453 @ 123
    154 @ 98   645 @ 144
          -    665 @ 167
|------------||-----------|

22:53:37.001 [main] INFO  c.gettingstarted.MyAlgoLogic - [MYALGO] Algo Sees Book as: 
|----BID-----||----ASK----|
    134 @ 43    501 @ 98
    145 @ 76   200 @ 101
    300 @ 91  5000 @ 110
    200 @ 93  5600 @ 119
    100 @ 95   453 @ 123
    154 @ 98   645 @ 144
          -    665 @ 167
|------------||-----------|

22:53:37.001 [main] INFO  c.gettingstarted.TimedLogic - [TIMEDLOGIC] Market is closed
22:53:37.001 [main] INFO  c.sequencer.consumer.LoggingConsumer - [113] 
|----BID-----|
    134 @ 43
    145 @ 76
    300 @ 91
    200 @ 93
    100 @ 95
    154 @ 98
|----ASK-----|
    501 @ 98
   200 @ 101
  5000 @ 110
  5600 @ 119
   453 @ 123
   645 @ 144
   665 @ 167

22:53:37.001 [main] INFO  c.orderbook.OrderBook - [ORDERBOOK] Processing Mkt Data Update
22:53:37.001 [main] INFO  c.o.v.MutatingRemoveAllMarketDataOrdersVisitor - [ORDERBOOK] Removing market data order:MktData(price=43,quantity=134)
22:53:37.001 [main] INFO  c.o.v.MutatingRemoveAllMarketDataOrdersVisitor - [ORDERBOOK] Removing level:43
22:53:37.001 [main] DEBUG c.orderbook.OrderBook - [ORDERBOOK] ASK: Adding orderMktData(price=43,quantity=134)
22:53:37.001 [main] DEBUG c.orderbook.OrderBook - [ORDERBOOK] ASK: Adding orderMktData(price=76,quantity=145)
22:53:37.001 [main] DEBUG c.orderbook.OrderBook - [ORDERBOOK] ASK: Adding orderMktData(price=91,quantity=300)
22:53:37.001 [main] DEBUG c.orderbook.OrderBook - [ORDERBOOK] ASK: Adding orderMktData(price=93,quantity=200)
22:53:37.001 [main] DEBUG c.orderbook.OrderBook - [ORDERBOOK] ASK: Adding orderMktData(price=95,quantity=100)
22:53:37.001 [main] DEBUG c.orderbook.OrderBook - [ORDERBOOK] ASK: Adding orderMktData(price=98,quantity=154)
22:53:37.001 [main] INFO  c.o.v.MutatingMatchOneMarketDataOrderVisitor - [ORDERBOOK] visiting LevelOrderBookLevel(price=43,quantity=134)
22:53:37.001 [main] INFO  c.o.v.MutatingMatchOneMarketDataOrderVisitor - [ORDERBOOK] Can't match order:MktData(price=43,quantity=134)(MktData(price=98,quantity=154))
22:53:37.001 [main] INFO  c.o.v.MutatingRemoveAllMarketDataOrdersVisitor - [ORDERBOOK] Removing market data order:MktData(price=98,quantity=501)
22:53:37.001 [main] INFO  c.o.v.MutatingRemoveAllMarketDataOrdersVisitor - [ORDERBOOK] Removing level:98
22:53:37.001 [main] INFO  c.o.v.MutatingRemoveAllMarketDataOrdersVisitor - [ORDERBOOK] Removing market data order:MktData(price=101,quantity=200)
22:53:37.001 [main] INFO  c.o.v.MutatingRemoveAllMarketDataOrdersVisitor - [ORDERBOOK] Removing level:101
22:53:37.001 [main] INFO  c.o.v.MutatingRemoveAllMarketDataOrdersVisitor - [ORDERBOOK] Removing market data order:MktData(price=110,quantity=5000)
22:53:37.001 [main] INFO  c.o.v.MutatingRemoveAllMarketDataOrdersVisitor - [ORDERBOOK] Removing level:110
22:53:37.001 [main] INFO  c.o.v.MutatingRemoveAllMarketDataOrdersVisitor - [ORDERBOOK] Removing market data order:MktData(price=119,quantity=5600)
22:53:37.001 [main] INFO  c.o.v.MutatingRemoveAllMarketDataOrdersVisitor - [ORDERBOOK] Removing level:119
22:53:37.001 [main] INFO  c.o.v.MutatingRemoveAllMarketDataOrdersVisitor - [ORDERBOOK] Removing market data order:MktData(price=123,quantity=453)
22:53:37.001 [main] INFO  c.o.v.MutatingRemoveAllMarketDataOrdersVisitor - [ORDERBOOK] Removing level:123
22:53:37.001 [main] INFO  c.o.v.MutatingRemoveAllMarketDataOrdersVisitor - [ORDERBOOK] Removing market data order:MktData(price=144,quantity=645)
22:53:37.001 [main] INFO  c.o.v.MutatingRemoveAllMarketDataOrdersVisitor - [ORDERBOOK] Removing level:144
22:53:37.001 [main] INFO  c.o.v.MutatingRemoveAllMarketDataOrdersVisitor - [ORDERBOOK] Removing market data order:MktData(price=167,quantity=665)
22:53:37.001 [main] INFO  c.o.v.MutatingRemoveAllMarketDataOrdersVisitor - [ORDERBOOK] Removing level:167
22:53:37.001 [main] DEBUG c.orderbook.OrderBook - [ORDERBOOK] ASK: Adding orderMktData(price=98,quantity=501)
22:53:37.001 [main] DEBUG c.orderbook.OrderBook - [ORDERBOOK] ASK: Adding orderMktData(price=101,quantity=200)
22:53:37.001 [main] DEBUG c.orderbook.OrderBook - [ORDERBOOK] ASK: Adding orderMktData(price=110,quantity=5000)
22:53:37.001 [main] DEBUG c.orderbook.OrderBook - [ORDERBOOK] ASK: Adding orderMktData(price=119,quantity=5600)
22:53:37.001 [main] DEBUG c.orderbook.OrderBook - [ORDERBOOK] ASK: Adding orderMktData(price=123,quantity=453)
22:53:37.001 [main] DEBUG c.orderbook.OrderBook - [ORDERBOOK] ASK: Adding orderMktData(price=144,quantity=645)
22:53:37.001 [main] DEBUG c.orderbook.OrderBook - [ORDERBOOK] ASK: Adding orderMktData(price=167,quantity=665)
22:53:37.001 [main] DEBUG c.service.MarketDataService - [ALGO] BID: price:43 quantity:134
22:53:37.002 [main] DEBUG c.service.MarketDataService - [ALGO] BID: price:76 quantity:145
22:53:37.002 [main] DEBUG c.service.MarketDataService - [ALGO] BID: price:91 quantity:300
22:53:37.002 [main] DEBUG c.service.MarketDataService - [ALGO] BID: price:93 quantity:200
22:53:37.002 [main] DEBUG c.service.MarketDataService - [ALGO] BID: price:95 quantity:100
22:53:37.002 [main] DEBUG c.service.MarketDataService - [ALGO] BID: price:98 quantity:154
22:53:37.002 [main] DEBUG c.service.MarketDataService - [ALGO] ASK: price:98 quantity:501
22:53:37.002 [main] DEBUG c.service.MarketDataService - [ALGO] ASK: price:101 quantity:200
22:53:37.002 [main] DEBUG c.service.MarketDataService - [ALGO] ASK: price:110 quantity:5000
22:53:37.002 [main] DEBUG c.service.MarketDataService - [ALGO] ASK: price:119 quantity:5600
22:53:37.002 [main] DEBUG c.service.MarketDataService - [ALGO] ASK: price:123 quantity:453
22:53:37.002 [main] DEBUG c.service.MarketDataService - [ALGO] ASK: price:144 quantity:645
22:53:37.002 [main] DEBUG c.service.MarketDataService - [ALGO] ASK: price:167 quantity:665
22:53:37.002 [main] INFO  c.gettingstarted.MyAlgoLogic - [MYALGO] The state of the order book is:
|----BID-----||----ASK----|
    134 @ 43    501 @ 98
    145 @ 76   200 @ 101
    300 @ 91  5000 @ 110
    200 @ 93  5600 @ 119
    100 @ 95   453 @ 123
    154 @ 98   645 @ 144
          -    665 @ 167
|------------||-----------|

22:53:37.002 [main] INFO  c.gettingstarted.MyAlgoLogic - [MYALGO] Algo Sees Book as: 
|----BID-----||----ASK----|
    134 @ 43    501 @ 98
    145 @ 76   200 @ 101
    300 @ 91  5000 @ 110
    200 @ 93  5600 @ 119
    100 @ 95   453 @ 123
    154 @ 98   645 @ 144
          -    665 @ 167
|------------||-----------|

22:53:37.002 [main] INFO  c.gettingstarted.TimedLogic - [TIMEDLOGIC] Market is closed
22:53:37.002 [main] INFO  c.sequencer.consumer.LoggingConsumer - [114] 
|----BID-----|
    134 @ 43
    145 @ 76
    300 @ 91
    200 @ 93
    100 @ 95
    154 @ 98
|----ASK-----|
    501 @ 98
   200 @ 101
  5000 @ 110
  5600 @ 119
   453 @ 123
   645 @ 144
   665 @ 167

22:53:37.002 [main] INFO  c.orderbook.OrderBook - [ORDERBOOK] Processing Mkt Data Update
22:53:37.002 [main] INFO  c.o.v.MutatingRemoveAllMarketDataOrdersVisitor - [ORDERBOOK] Removing market data order:MktData(price=43,quantity=134)
22:53:37.002 [main] INFO  c.o.v.MutatingRemoveAllMarketDataOrdersVisitor - [ORDERBOOK] Removing level:43
22:53:37.002 [main] DEBUG c.orderbook.OrderBook - [ORDERBOOK] ASK: Adding orderMktData(price=43,quantity=134)
22:53:37.002 [main] DEBUG c.orderbook.OrderBook - [ORDERBOOK] ASK: Adding orderMktData(price=76,quantity=145)
22:53:37.002 [main] DEBUG c.orderbook.OrderBook - [ORDERBOOK] ASK: Adding orderMktData(price=91,quantity=300)
22:53:37.002 [main] DEBUG c.orderbook.OrderBook - [ORDERBOOK] ASK: Adding orderMktData(price=93,quantity=200)
22:53:37.002 [main] DEBUG c.orderbook.OrderBook - [ORDERBOOK] ASK: Adding orderMktData(price=95,quantity=100)
22:53:37.002 [main] DEBUG c.orderbook.OrderBook - [ORDERBOOK] ASK: Adding orderMktData(price=98,quantity=154)
22:53:37.002 [main] INFO  c.o.v.MutatingMatchOneMarketDataOrderVisitor - [ORDERBOOK] visiting LevelOrderBookLevel(price=43,quantity=134)
22:53:37.002 [main] INFO  c.o.v.MutatingMatchOneMarketDataOrderVisitor - [ORDERBOOK] Can't match order:MktData(price=43,quantity=134)(MktData(price=98,quantity=154))
22:53:37.002 [main] INFO  c.o.v.MutatingRemoveAllMarketDataOrdersVisitor - [ORDERBOOK] Removing market data order:MktData(price=98,quantity=501)
22:53:37.002 [main] INFO  c.o.v.MutatingRemoveAllMarketDataOrdersVisitor - [ORDERBOOK] Removing level:98
22:53:37.002 [main] INFO  c.o.v.MutatingRemoveAllMarketDataOrdersVisitor - [ORDERBOOK] Removing market data order:MktData(price=101,quantity=200)
22:53:37.002 [main] INFO  c.o.v.MutatingRemoveAllMarketDataOrdersVisitor - [ORDERBOOK] Removing level:101
22:53:37.002 [main] INFO  c.o.v.MutatingRemoveAllMarketDataOrdersVisitor - [ORDERBOOK] Removing market data order:MktData(price=110,quantity=5000)
22:53:37.002 [main] INFO  c.o.v.MutatingRemoveAllMarketDataOrdersVisitor - [ORDERBOOK] Removing level:110
22:53:37.002 [main] INFO  c.o.v.MutatingRemoveAllMarketDataOrdersVisitor - [ORDERBOOK] Removing market data order:MktData(price=119,quantity=5600)
22:53:37.002 [main] INFO  c.o.v.MutatingRemoveAllMarketDataOrdersVisitor - [ORDERBOOK] Removing level:119
22:53:37.002 [main] INFO  c.o.v.MutatingRemoveAllMarketDataOrdersVisitor - [ORDERBOOK] Removing market data order:MktData(price=123,quantity=453)
22:53:37.002 [main] INFO  c.o.v.MutatingRemoveAllMarketDataOrdersVisitor - [ORDERBOOK] Removing level:123
22:53:37.002 [main] INFO  c.o.v.MutatingRemoveAllMarketDataOrdersVisitor - [ORDERBOOK] Removing market data order:MktData(price=144,quantity=645)
22:53:37.002 [main] INFO  c.o.v.MutatingRemoveAllMarketDataOrdersVisitor - [ORDERBOOK] Removing level:144
22:53:37.002 [main] INFO  c.o.v.MutatingRemoveAllMarketDataOrdersVisitor - [ORDERBOOK] Removing market data order:MktData(price=167,quantity=665)
22:53:37.002 [main] INFO  c.o.v.MutatingRemoveAllMarketDataOrdersVisitor - [ORDERBOOK] Removing level:167
22:53:37.002 [main] DEBUG c.orderbook.OrderBook - [ORDERBOOK] ASK: Adding orderMktData(price=98,quantity=501)
22:53:37.002 [main] DEBUG c.orderbook.OrderBook - [ORDERBOOK] ASK: Adding orderMktData(price=101,quantity=200)
22:53:37.002 [main] DEBUG c.orderbook.OrderBook - [ORDERBOOK] ASK: Adding orderMktData(price=110,quantity=5000)
22:53:37.002 [main] DEBUG c.orderbook.OrderBook - [ORDERBOOK] ASK: Adding orderMktData(price=119,quantity=5600)
22:53:37.002 [main] DEBUG c.orderbook.OrderBook - [ORDERBOOK] ASK: Adding orderMktData(price=123,quantity=453)
22:53:37.002 [main] DEBUG c.orderbook.OrderBook - [ORDERBOOK] ASK: Adding orderMktData(price=144,quantity=645)
22:53:37.002 [main] DEBUG c.orderbook.OrderBook - [ORDERBOOK] ASK: Adding orderMktData(price=167,quantity=665)
22:53:37.002 [main] DEBUG c.service.MarketDataService - [ALGO] BID: price:43 quantity:134
22:53:37.002 [main] DEBUG c.service.MarketDataService - [ALGO] BID: price:76 quantity:145
22:53:37.002 [main] DEBUG c.service.MarketDataService - [ALGO] BID: price:91 quantity:300
22:53:37.002 [main] DEBUG c.service.MarketDataService - [ALGO] BID: price:93 quantity:200
22:53:37.002 [main] DEBUG c.service.MarketDataService - [ALGO] BID: price:95 quantity:100
22:53:37.002 [main] DEBUG c.service.MarketDataService - [ALGO] BID: price:98 quantity:154
22:53:37.002 [main] DEBUG c.service.MarketDataService - [ALGO] ASK: price:98 quantity:501
22:53:37.002 [main] DEBUG c.service.MarketDataService - [ALGO] ASK: price:101 quantity:200
22:53:37.002 [main] DEBUG c.service.MarketDataService - [ALGO] ASK: price:110 quantity:5000
22:53:37.002 [main] DEBUG c.service.MarketDataService - [ALGO] ASK: price:119 quantity:5600
22:53:37.002 [main] DEBUG c.service.MarketDataService - [ALGO] ASK: price:123 quantity:453
22:53:37.002 [main] DEBUG c.service.MarketDataService - [ALGO] ASK: price:144 quantity:645
22:53:37.002 [main] DEBUG c.service.MarketDataService - [ALGO] ASK: price:167 quantity:665
22:53:37.003 [main] INFO  c.gettingstarted.MyAlgoLogic - [MYALGO] The state of the order book is:
|----BID-----||----ASK----|
    134 @ 43    501 @ 98
    145 @ 76   200 @ 101
    300 @ 91  5000 @ 110
    200 @ 93  5600 @ 119
    100 @ 95   453 @ 123
    154 @ 98   645 @ 144
          -    665 @ 167
|------------||-----------|

22:53:37.003 [main] INFO  c.gettingstarted.MyAlgoLogic - [MYALGO] Algo Sees Book as: 
|----BID-----||----ASK----|
    134 @ 43    501 @ 98
    145 @ 76   200 @ 101
    300 @ 91  5000 @ 110
    200 @ 93  5600 @ 119
    100 @ 95   453 @ 123
    154 @ 98   645 @ 144
          -    665 @ 167
|------------||-----------|

22:53:37.003 [main] INFO  c.gettingstarted.TimedLogic - [TIMEDLOGIC] Market is closed
22:53:37.003 [main] INFO  c.sequencer.consumer.LoggingConsumer - [115] 
|----BID-----|
    134 @ 43
    145 @ 76
    300 @ 91
    200 @ 93
    100 @ 95
    154 @ 98
|----ASK-----|
    501 @ 98
   200 @ 101
  5000 @ 110
  5600 @ 119
   453 @ 123
   645 @ 144
   665 @ 167

22:53:37.003 [main] INFO  c.orderbook.OrderBook - [ORDERBOOK] Processing Mkt Data Update
22:53:37.003 [main] INFO  c.o.v.MutatingRemoveAllMarketDataOrdersVisitor - [ORDERBOOK] Removing market data order:MktData(price=43,quantity=134)
22:53:37.003 [main] INFO  c.o.v.MutatingRemoveAllMarketDataOrdersVisitor - [ORDERBOOK] Removing level:43
22:53:37.003 [main] DEBUG c.orderbook.OrderBook - [ORDERBOOK] ASK: Adding orderMktData(price=43,quantity=134)
22:53:37.003 [main] DEBUG c.orderbook.OrderBook - [ORDERBOOK] ASK: Adding orderMktData(price=76,quantity=145)
22:53:37.003 [main] DEBUG c.orderbook.OrderBook - [ORDERBOOK] ASK: Adding orderMktData(price=91,quantity=300)
22:53:37.003 [main] DEBUG c.orderbook.OrderBook - [ORDERBOOK] ASK: Adding orderMktData(price=93,quantity=200)
22:53:37.003 [main] DEBUG c.orderbook.OrderBook - [ORDERBOOK] ASK: Adding orderMktData(price=95,quantity=100)
22:53:37.003 [main] DEBUG c.orderbook.OrderBook - [ORDERBOOK] ASK: Adding orderMktData(price=98,quantity=154)
22:53:37.003 [main] INFO  c.o.v.MutatingMatchOneMarketDataOrderVisitor - [ORDERBOOK] visiting LevelOrderBookLevel(price=43,quantity=134)
22:53:37.003 [main] INFO  c.o.v.MutatingMatchOneMarketDataOrderVisitor - [ORDERBOOK] Can't match order:MktData(price=43,quantity=134)(MktData(price=98,quantity=154))
22:53:37.003 [main] INFO  c.o.v.MutatingRemoveAllMarketDataOrdersVisitor - [ORDERBOOK] Removing market data order:MktData(price=98,quantity=501)
22:53:37.003 [main] INFO  c.o.v.MutatingRemoveAllMarketDataOrdersVisitor - [ORDERBOOK] Removing level:98
22:53:37.003 [main] INFO  c.o.v.MutatingRemoveAllMarketDataOrdersVisitor - [ORDERBOOK] Removing market data order:MktData(price=101,quantity=200)
22:53:37.003 [main] INFO  c.o.v.MutatingRemoveAllMarketDataOrdersVisitor - [ORDERBOOK] Removing level:101
22:53:37.003 [main] INFO  c.o.v.MutatingRemoveAllMarketDataOrdersVisitor - [ORDERBOOK] Removing market data order:MktData(price=110,quantity=5000)
22:53:37.003 [main] INFO  c.o.v.MutatingRemoveAllMarketDataOrdersVisitor - [ORDERBOOK] Removing level:110
22:53:37.003 [main] INFO  c.o.v.MutatingRemoveAllMarketDataOrdersVisitor - [ORDERBOOK] Removing market data order:MktData(price=119,quantity=5600)
22:53:37.003 [main] INFO  c.o.v.MutatingRemoveAllMarketDataOrdersVisitor - [ORDERBOOK] Removing level:119
22:53:37.003 [main] INFO  c.o.v.MutatingRemoveAllMarketDataOrdersVisitor - [ORDERBOOK] Removing market data order:MktData(price=123,quantity=453)
22:53:37.003 [main] INFO  c.o.v.MutatingRemoveAllMarketDataOrdersVisitor - [ORDERBOOK] Removing level:123
22:53:37.003 [main] INFO  c.o.v.MutatingRemoveAllMarketDataOrdersVisitor - [ORDERBOOK] Removing market data order:MktData(price=144,quantity=645)
22:53:37.003 [main] INFO  c.o.v.MutatingRemoveAllMarketDataOrdersVisitor - [ORDERBOOK] Removing level:144
22:53:37.003 [main] INFO  c.o.v.MutatingRemoveAllMarketDataOrdersVisitor - [ORDERBOOK] Removing market data order:MktData(price=167,quantity=665)
22:53:37.003 [main] INFO  c.o.v.MutatingRemoveAllMarketDataOrdersVisitor - [ORDERBOOK] Removing level:167
22:53:37.003 [main] DEBUG c.orderbook.OrderBook - [ORDERBOOK] ASK: Adding orderMktData(price=98,quantity=501)
22:53:37.003 [main] DEBUG c.orderbook.OrderBook - [ORDERBOOK] ASK: Adding orderMktData(price=101,quantity=200)
22:53:37.003 [main] DEBUG c.orderbook.OrderBook - [ORDERBOOK] ASK: Adding orderMktData(price=110,quantity=5000)
22:53:37.003 [main] DEBUG c.orderbook.OrderBook - [ORDERBOOK] ASK: Adding orderMktData(price=119,quantity=5600)
22:53:37.003 [main] DEBUG c.orderbook.OrderBook - [ORDERBOOK] ASK: Adding orderMktData(price=123,quantity=453)
22:53:37.003 [main] DEBUG c.orderbook.OrderBook - [ORDERBOOK] ASK: Adding orderMktData(price=144,quantity=645)
22:53:37.003 [main] DEBUG c.orderbook.OrderBook - [ORDERBOOK] ASK: Adding orderMktData(price=167,quantity=665)
22:53:37.003 [main] DEBUG c.service.MarketDataService - [ALGO] BID: price:43 quantity:134
22:53:37.003 [main] DEBUG c.service.MarketDataService - [ALGO] BID: price:76 quantity:145
22:53:37.003 [main] DEBUG c.service.MarketDataService - [ALGO] BID: price:91 quantity:300
22:53:37.003 [main] DEBUG c.service.MarketDataService - [ALGO] BID: price:93 quantity:200
22:53:37.003 [main] DEBUG c.service.MarketDataService - [ALGO] BID: price:95 quantity:100
22:53:37.003 [main] DEBUG c.service.MarketDataService - [ALGO] BID: price:98 quantity:154
22:53:37.003 [main] DEBUG c.service.MarketDataService - [ALGO] ASK: price:98 quantity:501
22:53:37.003 [main] DEBUG c.service.MarketDataService - [ALGO] ASK: price:101 quantity:200
22:53:37.003 [main] DEBUG c.service.MarketDataService - [ALGO] ASK: price:110 quantity:5000
22:53:37.004 [main] DEBUG c.service.MarketDataService - [ALGO] ASK: price:119 quantity:5600
22:53:37.004 [main] DEBUG c.service.MarketDataService - [ALGO] ASK: price:123 quantity:453
22:53:37.004 [main] DEBUG c.service.MarketDataService - [ALGO] ASK: price:144 quantity:645
22:53:37.004 [main] DEBUG c.service.MarketDataService - [ALGO] ASK: price:167 quantity:665
22:53:37.004 [main] INFO  c.gettingstarted.MyAlgoLogic - [MYALGO] The state of the order book is:
|----BID-----||----ASK----|
    134 @ 43    501 @ 98
    145 @ 76   200 @ 101
    300 @ 91  5000 @ 110
    200 @ 93  5600 @ 119
    100 @ 95   453 @ 123
    154 @ 98   645 @ 144
          -    665 @ 167
|------------||-----------|

22:53:37.004 [main] INFO  c.gettingstarted.MyAlgoLogic - [MYALGO] Algo Sees Book as: 
|----BID-----||----ASK----|
    134 @ 43    501 @ 98
    145 @ 76   200 @ 101
    300 @ 91  5000 @ 110
    200 @ 93  5600 @ 119
    100 @ 95   453 @ 123
    154 @ 98   645 @ 144
          -    665 @ 167
|------------||-----------|

22:53:37.004 [main] INFO  c.gettingstarted.TimedLogic - [TIMEDLOGIC] Market is closed
22:53:37.004 [main] INFO  c.sequencer.consumer.LoggingConsumer - [116] 
|----BID-----|
    134 @ 43
    145 @ 76
    300 @ 91
    200 @ 93
    100 @ 95
    154 @ 98
|----ASK-----|
    501 @ 98
   200 @ 101
  5000 @ 110
  5600 @ 119
   453 @ 123
   645 @ 144
   665 @ 167

22:53:37.004 [main] INFO  c.orderbook.OrderBook - [ORDERBOOK] Processing Mkt Data Update
22:53:37.004 [main] INFO  c.o.v.MutatingRemoveAllMarketDataOrdersVisitor - [ORDERBOOK] Removing market data order:MktData(price=43,quantity=134)
22:53:37.004 [main] INFO  c.o.v.MutatingRemoveAllMarketDataOrdersVisitor - [ORDERBOOK] Removing level:43
22:53:37.004 [main] DEBUG c.orderbook.OrderBook - [ORDERBOOK] ASK: Adding orderMktData(price=43,quantity=134)
22:53:37.004 [main] DEBUG c.orderbook.OrderBook - [ORDERBOOK] ASK: Adding orderMktData(price=76,quantity=145)
22:53:37.004 [main] DEBUG c.orderbook.OrderBook - [ORDERBOOK] ASK: Adding orderMktData(price=91,quantity=300)
22:53:37.004 [main] DEBUG c.orderbook.OrderBook - [ORDERBOOK] ASK: Adding orderMktData(price=93,quantity=200)
22:53:37.004 [main] DEBUG c.orderbook.OrderBook - [ORDERBOOK] ASK: Adding orderMktData(price=95,quantity=100)
22:53:37.004 [main] DEBUG c.orderbook.OrderBook - [ORDERBOOK] ASK: Adding orderMktData(price=98,quantity=154)
22:53:37.004 [main] INFO  c.o.v.MutatingMatchOneMarketDataOrderVisitor - [ORDERBOOK] visiting LevelOrderBookLevel(price=43,quantity=134)
22:53:37.004 [main] INFO  c.o.v.MutatingMatchOneMarketDataOrderVisitor - [ORDERBOOK] Can't match order:MktData(price=43,quantity=134)(MktData(price=98,quantity=154))
22:53:37.005 [main] INFO  c.o.v.MutatingRemoveAllMarketDataOrdersVisitor - [ORDERBOOK] Removing market data order:MktData(price=98,quantity=501)
22:53:37.005 [main] INFO  c.o.v.MutatingRemoveAllMarketDataOrdersVisitor - [ORDERBOOK] Removing level:98
22:53:37.005 [main] INFO  c.o.v.MutatingRemoveAllMarketDataOrdersVisitor - [ORDERBOOK] Removing market data order:MktData(price=101,quantity=200)
22:53:37.005 [main] INFO  c.o.v.MutatingRemoveAllMarketDataOrdersVisitor - [ORDERBOOK] Removing level:101
22:53:37.005 [main] INFO  c.o.v.MutatingRemoveAllMarketDataOrdersVisitor - [ORDERBOOK] Removing market data order:MktData(price=110,quantity=5000)
22:53:37.005 [main] INFO  c.o.v.MutatingRemoveAllMarketDataOrdersVisitor - [ORDERBOOK] Removing level:110
22:53:37.005 [main] INFO  c.o.v.MutatingRemoveAllMarketDataOrdersVisitor - [ORDERBOOK] Removing market data order:MktData(price=119,quantity=5600)
22:53:37.005 [main] INFO  c.o.v.MutatingRemoveAllMarketDataOrdersVisitor - [ORDERBOOK] Removing level:119
22:53:37.005 [main] INFO  c.o.v.MutatingRemoveAllMarketDataOrdersVisitor - [ORDERBOOK] Removing market data order:MktData(price=123,quantity=453)
22:53:37.005 [main] INFO  c.o.v.MutatingRemoveAllMarketDataOrdersVisitor - [ORDERBOOK] Removing level:123
22:53:37.005 [main] INFO  c.o.v.MutatingRemoveAllMarketDataOrdersVisitor - [ORDERBOOK] Removing market data order:MktData(price=144,quantity=645)
22:53:37.005 [main] INFO  c.o.v.MutatingRemoveAllMarketDataOrdersVisitor - [ORDERBOOK] Removing level:144
22:53:37.005 [main] INFO  c.o.v.MutatingRemoveAllMarketDataOrdersVisitor - [ORDERBOOK] Removing market data order:MktData(price=167,quantity=665)
22:53:37.005 [main] INFO  c.o.v.MutatingRemoveAllMarketDataOrdersVisitor - [ORDERBOOK] Removing level:167
22:53:37.005 [main] DEBUG c.orderbook.OrderBook - [ORDERBOOK] ASK: Adding orderMktData(price=98,quantity=501)
22:53:37.005 [main] DEBUG c.orderbook.OrderBook - [ORDERBOOK] ASK: Adding orderMktData(price=101,quantity=200)
22:53:37.005 [main] DEBUG c.orderbook.OrderBook - [ORDERBOOK] ASK: Adding orderMktData(price=110,quantity=5000)
22:53:37.005 [main] DEBUG c.orderbook.OrderBook - [ORDERBOOK] ASK: Adding orderMktData(price=119,quantity=5600)
22:53:37.005 [main] DEBUG c.orderbook.OrderBook - [ORDERBOOK] ASK: Adding orderMktData(price=123,quantity=453)
22:53:37.005 [main] DEBUG c.orderbook.OrderBook - [ORDERBOOK] ASK: Adding orderMktData(price=144,quantity=645)
22:53:37.005 [main] DEBUG c.orderbook.OrderBook - [ORDERBOOK] ASK: Adding orderMktData(price=167,quantity=665)
22:53:37.005 [main] DEBUG c.service.MarketDataService - [ALGO] BID: price:43 quantity:134
22:53:37.005 [main] DEBUG c.service.MarketDataService - [ALGO] BID: price:76 quantity:145
22:53:37.005 [main] DEBUG c.service.MarketDataService - [ALGO] BID: price:91 quantity:300
22:53:37.005 [main] DEBUG c.service.MarketDataService - [ALGO] BID: price:93 quantity:200
22:53:37.005 [main] DEBUG c.service.MarketDataService - [ALGO] BID: price:95 quantity:100
22:53:37.005 [main] DEBUG c.service.MarketDataService - [ALGO] BID: price:98 quantity:154
22:53:37.005 [main] DEBUG c.service.MarketDataService - [ALGO] ASK: price:98 quantity:501
22:53:37.005 [main] DEBUG c.service.MarketDataService - [ALGO] ASK: price:101 quantity:200
22:53:37.005 [main] DEBUG c.service.MarketDataService - [ALGO] ASK: price:110 quantity:5000
22:53:37.005 [main] DEBUG c.service.MarketDataService - [ALGO] ASK: price:119 quantity:5600
22:53:37.005 [main] DEBUG c.service.MarketDataService - [ALGO] ASK: price:123 quantity:453
22:53:37.005 [main] DEBUG c.service.MarketDataService - [ALGO] ASK: price:144 quantity:645
22:53:37.005 [main] DEBUG c.service.MarketDataService - [ALGO] ASK: price:167 quantity:665
22:53:37.005 [main] INFO  c.gettingstarted.MyAlgoLogic - [MYALGO] The state of the order book is:
|----BID-----||----ASK----|
    134 @ 43    501 @ 98
    145 @ 76   200 @ 101
    300 @ 91  5000 @ 110
    200 @ 93  5600 @ 119
    100 @ 95   453 @ 123
    154 @ 98   645 @ 144
          -    665 @ 167
|------------||-----------|

22:53:37.005 [main] INFO  c.gettingstarted.MyAlgoLogic - [MYALGO] Algo Sees Book as: 
|----BID-----||----ASK----|
    134 @ 43    501 @ 98
    145 @ 76   200 @ 101
    300 @ 91  5000 @ 110
    200 @ 93  5600 @ 119
    100 @ 95   453 @ 123
    154 @ 98   645 @ 144
          -    665 @ 167
|------------||-----------|

22:53:37.005 [main] INFO  c.gettingstarted.TimedLogic - [TIMEDLOGIC] Market is closed
22:53:37.005 [main] INFO  c.sequencer.consumer.LoggingConsumer - [117] 
|----BID-----|
    134 @ 43
    145 @ 76
    300 @ 91
    200 @ 93
    100 @ 95
    154 @ 98
|----ASK-----|
    501 @ 98
   200 @ 101
  5000 @ 110
  5600 @ 119
   453 @ 123
   645 @ 144
   665 @ 167

22:53:37.005 [main] INFO  c.orderbook.OrderBook - [ORDERBOOK] Processing Mkt Data Update
22:53:37.005 [main] INFO  c.o.v.MutatingRemoveAllMarketDataOrdersVisitor - [ORDERBOOK] Removing market data order:MktData(price=43,quantity=134)
22:53:37.005 [main] INFO  c.o.v.MutatingRemoveAllMarketDataOrdersVisitor - [ORDERBOOK] Removing level:43
22:53:37.005 [main] DEBUG c.orderbook.OrderBook - [ORDERBOOK] ASK: Adding orderMktData(price=43,quantity=134)
22:53:37.005 [main] DEBUG c.orderbook.OrderBook - [ORDERBOOK] ASK: Adding orderMktData(price=76,quantity=145)
22:53:37.005 [main] DEBUG c.orderbook.OrderBook - [ORDERBOOK] ASK: Adding orderMktData(price=91,quantity=300)
22:53:37.005 [main] DEBUG c.orderbook.OrderBook - [ORDERBOOK] ASK: Adding orderMktData(price=93,quantity=200)
22:53:37.005 [main] DEBUG c.orderbook.OrderBook - [ORDERBOOK] ASK: Adding orderMktData(price=95,quantity=100)
22:53:37.005 [main] DEBUG c.orderbook.OrderBook - [ORDERBOOK] ASK: Adding orderMktData(price=98,quantity=154)
22:53:37.005 [main] INFO  c.o.v.MutatingMatchOneMarketDataOrderVisitor - [ORDERBOOK] visiting LevelOrderBookLevel(price=43,quantity=134)
22:53:37.005 [main] INFO  c.o.v.MutatingMatchOneMarketDataOrderVisitor - [ORDERBOOK] Can't match order:MktData(price=43,quantity=134)(MktData(price=98,quantity=154))
22:53:37.005 [main] INFO  c.o.v.MutatingRemoveAllMarketDataOrdersVisitor - [ORDERBOOK] Removing market data order:MktData(price=98,quantity=501)
22:53:37.005 [main] INFO  c.o.v.MutatingRemoveAllMarketDataOrdersVisitor - [ORDERBOOK] Removing level:98
22:53:37.005 [main] INFO  c.o.v.MutatingRemoveAllMarketDataOrdersVisitor - [ORDERBOOK] Removing market data order:MktData(price=101,quantity=200)
22:53:37.005 [main] INFO  c.o.v.MutatingRemoveAllMarketDataOrdersVisitor - [ORDERBOOK] Removing level:101
22:53:37.005 [main] INFO  c.o.v.MutatingRemoveAllMarketDataOrdersVisitor - [ORDERBOOK] Removing market data order:MktData(price=110,quantity=5000)
22:53:37.005 [main] INFO  c.o.v.MutatingRemoveAllMarketDataOrdersVisitor - [ORDERBOOK] Removing level:110
22:53:37.005 [main] INFO  c.o.v.MutatingRemoveAllMarketDataOrdersVisitor - [ORDERBOOK] Removing market data order:MktData(price=119,quantity=5600)
22:53:37.005 [main] INFO  c.o.v.MutatingRemoveAllMarketDataOrdersVisitor - [ORDERBOOK] Removing level:119
22:53:37.005 [main] INFO  c.o.v.MutatingRemoveAllMarketDataOrdersVisitor - [ORDERBOOK] Removing market data order:MktData(price=123,quantity=453)
22:53:37.005 [main] INFO  c.o.v.MutatingRemoveAllMarketDataOrdersVisitor - [ORDERBOOK] Removing level:123
22:53:37.005 [main] INFO  c.o.v.MutatingRemoveAllMarketDataOrdersVisitor - [ORDERBOOK] Removing market data order:MktData(price=144,quantity=645)
22:53:37.005 [main] INFO  c.o.v.MutatingRemoveAllMarketDataOrdersVisitor - [ORDERBOOK] Removing level:144
22:53:37.005 [main] INFO  c.o.v.MutatingRemoveAllMarketDataOrdersVisitor - [ORDERBOOK] Removing market data order:MktData(price=167,quantity=665)
22:53:37.005 [main] INFO  c.o.v.MutatingRemoveAllMarketDataOrdersVisitor - [ORDERBOOK] Removing level:167
22:53:37.005 [main] DEBUG c.orderbook.OrderBook - [ORDERBOOK] ASK: Adding orderMktData(price=98,quantity=501)
22:53:37.005 [main] DEBUG c.orderbook.OrderBook - [ORDERBOOK] ASK: Adding orderMktData(price=101,quantity=200)
22:53:37.005 [main] DEBUG c.orderbook.OrderBook - [ORDERBOOK] ASK: Adding orderMktData(price=110,quantity=5000)
22:53:37.005 [main] DEBUG c.orderbook.OrderBook - [ORDERBOOK] ASK: Adding orderMktData(price=119,quantity=5600)
22:53:37.005 [main] DEBUG c.orderbook.OrderBook - [ORDERBOOK] ASK: Adding orderMktData(price=123,quantity=453)
22:53:37.005 [main] DEBUG c.orderbook.OrderBook - [ORDERBOOK] ASK: Adding orderMktData(price=144,quantity=645)
22:53:37.005 [main] DEBUG c.orderbook.OrderBook - [ORDERBOOK] ASK: Adding orderMktData(price=167,quantity=665)
22:53:37.005 [main] DEBUG c.service.MarketDataService - [ALGO] BID: price:43 quantity:134
22:53:37.005 [main] DEBUG c.service.MarketDataService - [ALGO] BID: price:76 quantity:145
22:53:37.005 [main] DEBUG c.service.MarketDataService - [ALGO] BID: price:91 quantity:300
22:53:37.005 [main] DEBUG c.service.MarketDataService - [ALGO] BID: price:93 quantity:200
22:53:37.005 [main] DEBUG c.service.MarketDataService - [ALGO] BID: price:95 quantity:100
22:53:37.005 [main] DEBUG c.service.MarketDataService - [ALGO] BID: price:98 quantity:154
22:53:37.005 [main] DEBUG c.service.MarketDataService - [ALGO] ASK: price:98 quantity:501
22:53:37.005 [main] DEBUG c.service.MarketDataService - [ALGO] ASK: price:101 quantity:200
22:53:37.005 [main] DEBUG c.service.MarketDataService - [ALGO] ASK: price:110 quantity:5000
22:53:37.005 [main] DEBUG c.service.MarketDataService - [ALGO] ASK: price:119 quantity:5600
22:53:37.005 [main] DEBUG c.service.MarketDataService - [ALGO] ASK: price:123 quantity:453
22:53:37.005 [main] DEBUG c.service.MarketDataService - [ALGO] ASK: price:144 quantity:645
22:53:37.005 [main] DEBUG c.service.MarketDataService - [ALGO] ASK: price:167 quantity:665
22:53:37.005 [main] INFO  c.gettingstarted.MyAlgoLogic - [MYALGO] The state of the order book is:
|----BID-----||----ASK----|
    134 @ 43    501 @ 98
    145 @ 76   200 @ 101
    300 @ 91  5000 @ 110
    200 @ 93  5600 @ 119
    100 @ 95   453 @ 123
    154 @ 98   645 @ 144
          -    665 @ 167
|------------||-----------|

22:53:37.006 [main] INFO  c.gettingstarted.MyAlgoLogic - [MYALGO] Algo Sees Book as: 
|----BID-----||----ASK----|
    134 @ 43    501 @ 98
    145 @ 76   200 @ 101
    300 @ 91  5000 @ 110
    200 @ 93  5600 @ 119
    100 @ 95   453 @ 123
    154 @ 98   645 @ 144
          -    665 @ 167
|------------||-----------|

22:53:37.006 [main] INFO  c.gettingstarted.TimedLogic - [TIMEDLOGIC] Market is closed
22:53:37.006 [main] INFO  c.sequencer.consumer.LoggingConsumer - [118] 
|----BID-----|
    134 @ 43
    145 @ 76
    300 @ 91
    200 @ 93
    100 @ 95
    154 @ 98
|----ASK-----|
    501 @ 98
   200 @ 101
  5000 @ 110
  5600 @ 119
   453 @ 123
   645 @ 144
   665 @ 167

22:53:37.006 [main] INFO  c.orderbook.OrderBook - [ORDERBOOK] Processing Mkt Data Update
22:53:37.006 [main] INFO  c.o.v.MutatingRemoveAllMarketDataOrdersVisitor - [ORDERBOOK] Removing market data order:MktData(price=43,quantity=134)
22:53:37.006 [main] INFO  c.o.v.MutatingRemoveAllMarketDataOrdersVisitor - [ORDERBOOK] Removing level:43
22:53:37.006 [main] DEBUG c.orderbook.OrderBook - [ORDERBOOK] ASK: Adding orderMktData(price=43,quantity=134)
22:53:37.006 [main] DEBUG c.orderbook.OrderBook - [ORDERBOOK] ASK: Adding orderMktData(price=76,quantity=145)
22:53:37.006 [main] DEBUG c.orderbook.OrderBook - [ORDERBOOK] ASK: Adding orderMktData(price=91,quantity=300)
22:53:37.006 [main] DEBUG c.orderbook.OrderBook - [ORDERBOOK] ASK: Adding orderMktData(price=93,quantity=200)
22:53:37.006 [main] DEBUG c.orderbook.OrderBook - [ORDERBOOK] ASK: Adding orderMktData(price=95,quantity=100)
22:53:37.006 [main] DEBUG c.orderbook.OrderBook - [ORDERBOOK] ASK: Adding orderMktData(price=98,quantity=154)
22:53:37.006 [main] INFO  c.o.v.MutatingMatchOneMarketDataOrderVisitor - [ORDERBOOK] visiting LevelOrderBookLevel(price=43,quantity=134)
22:53:37.006 [main] INFO  c.o.v.MutatingMatchOneMarketDataOrderVisitor - [ORDERBOOK] Can't match order:MktData(price=43,quantity=134)(MktData(price=98,quantity=154))
22:53:37.006 [main] INFO  c.o.v.MutatingRemoveAllMarketDataOrdersVisitor - [ORDERBOOK] Removing market data order:MktData(price=98,quantity=501)
22:53:37.006 [main] INFO  c.o.v.MutatingRemoveAllMarketDataOrdersVisitor - [ORDERBOOK] Removing level:98
22:53:37.006 [main] INFO  c.o.v.MutatingRemoveAllMarketDataOrdersVisitor - [ORDERBOOK] Removing market data order:MktData(price=101,quantity=200)
22:53:37.006 [main] INFO  c.o.v.MutatingRemoveAllMarketDataOrdersVisitor - [ORDERBOOK] Removing level:101
22:53:37.006 [main] INFO  c.o.v.MutatingRemoveAllMarketDataOrdersVisitor - [ORDERBOOK] Removing market data order:MktData(price=110,quantity=5000)
22:53:37.006 [main] INFO  c.o.v.MutatingRemoveAllMarketDataOrdersVisitor - [ORDERBOOK] Removing level:110
22:53:37.006 [main] INFO  c.o.v.MutatingRemoveAllMarketDataOrdersVisitor - [ORDERBOOK] Removing market data order:MktData(price=119,quantity=5600)
22:53:37.006 [main] INFO  c.o.v.MutatingRemoveAllMarketDataOrdersVisitor - [ORDERBOOK] Removing level:119
22:53:37.006 [main] INFO  c.o.v.MutatingRemoveAllMarketDataOrdersVisitor - [ORDERBOOK] Removing market data order:MktData(price=123,quantity=453)
22:53:37.006 [main] INFO  c.o.v.MutatingRemoveAllMarketDataOrdersVisitor - [ORDERBOOK] Removing level:123
22:53:37.006 [main] INFO  c.o.v.MutatingRemoveAllMarketDataOrdersVisitor - [ORDERBOOK] Removing market data order:MktData(price=144,quantity=645)
22:53:37.006 [main] INFO  c.o.v.MutatingRemoveAllMarketDataOrdersVisitor - [ORDERBOOK] Removing level:144
22:53:37.006 [main] INFO  c.o.v.MutatingRemoveAllMarketDataOrdersVisitor - [ORDERBOOK] Removing market data order:MktData(price=167,quantity=665)
22:53:37.006 [main] INFO  c.o.v.MutatingRemoveAllMarketDataOrdersVisitor - [ORDERBOOK] Removing level:167
22:53:37.006 [main] DEBUG c.orderbook.OrderBook - [ORDERBOOK] ASK: Adding orderMktData(price=98,quantity=501)
22:53:37.006 [main] DEBUG c.orderbook.OrderBook - [ORDERBOOK] ASK: Adding orderMktData(price=101,quantity=200)
22:53:37.006 [main] DEBUG c.orderbook.OrderBook - [ORDERBOOK] ASK: Adding orderMktData(price=110,quantity=5000)
22:53:37.006 [main] DEBUG c.orderbook.OrderBook - [ORDERBOOK] ASK: Adding orderMktData(price=119,quantity=5600)
22:53:37.006 [main] DEBUG c.orderbook.OrderBook - [ORDERBOOK] ASK: Adding orderMktData(price=123,quantity=453)
22:53:37.006 [main] DEBUG c.orderbook.OrderBook - [ORDERBOOK] ASK: Adding orderMktData(price=144,quantity=645)
22:53:37.006 [main] DEBUG c.orderbook.OrderBook - [ORDERBOOK] ASK: Adding orderMktData(price=167,quantity=665)
22:53:37.006 [main] DEBUG c.service.MarketDataService - [ALGO] BID: price:43 quantity:134
22:53:37.006 [main] DEBUG c.service.MarketDataService - [ALGO] BID: price:76 quantity:145
22:53:37.006 [main] DEBUG c.service.MarketDataService - [ALGO] BID: price:91 quantity:300
22:53:37.006 [main] DEBUG c.service.MarketDataService - [ALGO] BID: price:93 quantity:200
22:53:37.006 [main] DEBUG c.service.MarketDataService - [ALGO] BID: price:95 quantity:100
22:53:37.006 [main] DEBUG c.service.MarketDataService - [ALGO] BID: price:98 quantity:154
22:53:37.006 [main] DEBUG c.service.MarketDataService - [ALGO] ASK: price:98 quantity:501
22:53:37.006 [main] DEBUG c.service.MarketDataService - [ALGO] ASK: price:101 quantity:200
22:53:37.006 [main] DEBUG c.service.MarketDataService - [ALGO] ASK: price:110 quantity:5000
22:53:37.006 [main] DEBUG c.service.MarketDataService - [ALGO] ASK: price:119 quantity:5600
22:53:37.006 [main] DEBUG c.service.MarketDataService - [ALGO] ASK: price:123 quantity:453
22:53:37.006 [main] DEBUG c.service.MarketDataService - [ALGO] ASK: price:144 quantity:645
22:53:37.006 [main] DEBUG c.service.MarketDataService - [ALGO] ASK: price:167 quantity:665
22:53:37.006 [main] INFO  c.gettingstarted.MyAlgoLogic - [MYALGO] The state of the order book is:
|----BID-----||----ASK----|
    134 @ 43    501 @ 98
    145 @ 76   200 @ 101
    300 @ 91  5000 @ 110
    200 @ 93  5600 @ 119
    100 @ 95   453 @ 123
    154 @ 98   645 @ 144
          -    665 @ 167
|------------||-----------|

22:53:37.006 [main] INFO  c.gettingstarted.MyAlgoLogic - [MYALGO] Algo Sees Book as: 
|----BID-----||----ASK----|
    134 @ 43    501 @ 98
    145 @ 76   200 @ 101
    300 @ 91  5000 @ 110
    200 @ 93  5600 @ 119
    100 @ 95   453 @ 123
    154 @ 98   645 @ 144
          -    665 @ 167
|------------||-----------|

22:53:37.006 [main] INFO  c.gettingstarted.TimedLogic - [TIMEDLOGIC] Market is closed
22:53:37.006 [main] INFO  c.sequencer.consumer.LoggingConsumer - [119] 
|----BID-----|
    134 @ 43
    145 @ 76
    300 @ 91
    200 @ 93
    100 @ 95
    154 @ 98
|----ASK-----|
    501 @ 98
   200 @ 101
  5000 @ 110
  5600 @ 119
   453 @ 123
   645 @ 144
   665 @ 167

22:53:37.006 [main] INFO  c.orderbook.OrderBook - [ORDERBOOK] Processing Mkt Data Update
22:53:37.006 [main] INFO  c.o.v.MutatingRemoveAllMarketDataOrdersVisitor - [ORDERBOOK] Removing market data order:MktData(price=43,quantity=134)
22:53:37.006 [main] INFO  c.o.v.MutatingRemoveAllMarketDataOrdersVisitor - [ORDERBOOK] Removing level:43
22:53:37.006 [main] DEBUG c.orderbook.OrderBook - [ORDERBOOK] ASK: Adding orderMktData(price=43,quantity=134)
22:53:37.006 [main] DEBUG c.orderbook.OrderBook - [ORDERBOOK] ASK: Adding orderMktData(price=76,quantity=145)
22:53:37.006 [main] DEBUG c.orderbook.OrderBook - [ORDERBOOK] ASK: Adding orderMktData(price=91,quantity=300)
22:53:37.006 [main] DEBUG c.orderbook.OrderBook - [ORDERBOOK] ASK: Adding orderMktData(price=93,quantity=200)
22:53:37.006 [main] DEBUG c.orderbook.OrderBook - [ORDERBOOK] ASK: Adding orderMktData(price=95,quantity=100)
22:53:37.006 [main] DEBUG c.orderbook.OrderBook - [ORDERBOOK] ASK: Adding orderMktData(price=98,quantity=154)
22:53:37.006 [main] INFO  c.o.v.MutatingMatchOneMarketDataOrderVisitor - [ORDERBOOK] visiting LevelOrderBookLevel(price=43,quantity=134)
22:53:37.006 [main] INFO  c.o.v.MutatingMatchOneMarketDataOrderVisitor - [ORDERBOOK] Can't match order:MktData(price=43,quantity=134)(MktData(price=98,quantity=154))
22:53:37.006 [main] INFO  c.o.v.MutatingRemoveAllMarketDataOrdersVisitor - [ORDERBOOK] Removing market data order:MktData(price=98,quantity=501)
22:53:37.006 [main] INFO  c.o.v.MutatingRemoveAllMarketDataOrdersVisitor - [ORDERBOOK] Removing level:98
22:53:37.006 [main] INFO  c.o.v.MutatingRemoveAllMarketDataOrdersVisitor - [ORDERBOOK] Removing market data order:MktData(price=101,quantity=200)
22:53:37.006 [main] INFO  c.o.v.MutatingRemoveAllMarketDataOrdersVisitor - [ORDERBOOK] Removing level:101
22:53:37.006 [main] INFO  c.o.v.MutatingRemoveAllMarketDataOrdersVisitor - [ORDERBOOK] Removing market data order:MktData(price=110,quantity=5000)
22:53:37.006 [main] INFO  c.o.v.MutatingRemoveAllMarketDataOrdersVisitor - [ORDERBOOK] Removing level:110
22:53:37.006 [main] INFO  c.o.v.MutatingRemoveAllMarketDataOrdersVisitor - [ORDERBOOK] Removing market data order:MktData(price=119,quantity=5600)
22:53:37.006 [main] INFO  c.o.v.MutatingRemoveAllMarketDataOrdersVisitor - [ORDERBOOK] Removing level:119
22:53:37.006 [main] INFO  c.o.v.MutatingRemoveAllMarketDataOrdersVisitor - [ORDERBOOK] Removing market data order:MktData(price=123,quantity=453)
22:53:37.006 [main] INFO  c.o.v.MutatingRemoveAllMarketDataOrdersVisitor - [ORDERBOOK] Removing level:123
22:53:37.006 [main] INFO  c.o.v.MutatingRemoveAllMarketDataOrdersVisitor - [ORDERBOOK] Removing market data order:MktData(price=144,quantity=645)
22:53:37.006 [main] INFO  c.o.v.MutatingRemoveAllMarketDataOrdersVisitor - [ORDERBOOK] Removing level:144
22:53:37.006 [main] INFO  c.o.v.MutatingRemoveAllMarketDataOrdersVisitor - [ORDERBOOK] Removing market data order:MktData(price=167,quantity=665)
22:53:37.006 [main] INFO  c.o.v.MutatingRemoveAllMarketDataOrdersVisitor - [ORDERBOOK] Removing level:167
22:53:37.006 [main] DEBUG c.orderbook.OrderBook - [ORDERBOOK] ASK: Adding orderMktData(price=98,quantity=501)
22:53:37.006 [main] DEBUG c.orderbook.OrderBook - [ORDERBOOK] ASK: Adding orderMktData(price=101,quantity=200)
22:53:37.006 [main] DEBUG c.orderbook.OrderBook - [ORDERBOOK] ASK: Adding orderMktData(price=110,quantity=5000)
22:53:37.006 [main] DEBUG c.orderbook.OrderBook - [ORDERBOOK] ASK: Adding orderMktData(price=119,quantity=5600)
22:53:37.006 [main] DEBUG c.orderbook.OrderBook - [ORDERBOOK] ASK: Adding orderMktData(price=123,quantity=453)
22:53:37.006 [main] DEBUG c.orderbook.OrderBook - [ORDERBOOK] ASK: Adding orderMktData(price=144,quantity=645)
22:53:37.006 [main] DEBUG c.orderbook.OrderBook - [ORDERBOOK] ASK: Adding orderMktData(price=167,quantity=665)
22:53:37.006 [main] DEBUG c.service.MarketDataService - [ALGO] BID: price:43 quantity:134
22:53:37.006 [main] DEBUG c.service.MarketDataService - [ALGO] BID: price:76 quantity:145
22:53:37.006 [main] DEBUG c.service.MarketDataService - [ALGO] BID: price:91 quantity:300
22:53:37.006 [main] DEBUG c.service.MarketDataService - [ALGO] BID: price:93 quantity:200
22:53:37.006 [main] DEBUG c.service.MarketDataService - [ALGO] BID: price:95 quantity:100
22:53:37.006 [main] DEBUG c.service.MarketDataService - [ALGO] BID: price:98 quantity:154
22:53:37.006 [main] DEBUG c.service.MarketDataService - [ALGO] ASK: price:98 quantity:501
22:53:37.006 [main] DEBUG c.service.MarketDataService - [ALGO] ASK: price:101 quantity:200
22:53:37.006 [main] DEBUG c.service.MarketDataService - [ALGO] ASK: price:110 quantity:5000
22:53:37.006 [main] DEBUG c.service.MarketDataService - [ALGO] ASK: price:119 quantity:5600
22:53:37.006 [main] DEBUG c.service.MarketDataService - [ALGO] ASK: price:123 quantity:453
22:53:37.006 [main] DEBUG c.service.MarketDataService - [ALGO] ASK: price:144 quantity:645
22:53:37.006 [main] DEBUG c.service.MarketDataService - [ALGO] ASK: price:167 quantity:665
22:53:37.006 [main] INFO  c.gettingstarted.MyAlgoLogic - [MYALGO] The state of the order book is:
|----BID-----||----ASK----|
    134 @ 43    501 @ 98
    145 @ 76   200 @ 101
    300 @ 91  5000 @ 110
    200 @ 93  5600 @ 119
    100 @ 95   453 @ 123
    154 @ 98   645 @ 144
          -    665 @ 167
|------------||-----------|

22:53:37.006 [main] INFO  c.gettingstarted.MyAlgoLogic - [MYALGO] Algo Sees Book as: 
|----BID-----||----ASK----|
    134 @ 43    501 @ 98
    145 @ 76   200 @ 101
    300 @ 91  5000 @ 110
    200 @ 93  5600 @ 119
    100 @ 95   453 @ 123
    154 @ 98   645 @ 144
          -    665 @ 167
|------------||-----------|

22:53:37.006 [main] INFO  c.gettingstarted.TimedLogic - [TIMEDLOGIC] Market is closed
22:53:37.006 [main] INFO  c.sequencer.consumer.LoggingConsumer - [120] 
|----BID-----|
    134 @ 43
    145 @ 76
    300 @ 91
    200 @ 93
    100 @ 95
    154 @ 98
|----ASK-----|
    501 @ 98
   200 @ 101
  5000 @ 110
  5600 @ 119
   453 @ 123
   645 @ 144
   665 @ 167

22:53:37.006 [main] INFO  c.orderbook.OrderBook - [ORDERBOOK] Processing Mkt Data Update
22:53:37.006 [main] INFO  c.o.v.MutatingRemoveAllMarketDataOrdersVisitor - [ORDERBOOK] Removing market data order:MktData(price=43,quantity=134)
22:53:37.006 [main] INFO  c.o.v.MutatingRemoveAllMarketDataOrdersVisitor - [ORDERBOOK] Removing level:43
22:53:37.006 [main] DEBUG c.orderbook.OrderBook - [ORDERBOOK] ASK: Adding orderMktData(price=43,quantity=134)
22:53:37.006 [main] DEBUG c.orderbook.OrderBook - [ORDERBOOK] ASK: Adding orderMktData(price=76,quantity=145)
22:53:37.006 [main] DEBUG c.orderbook.OrderBook - [ORDERBOOK] ASK: Adding orderMktData(price=91,quantity=300)
22:53:37.006 [main] DEBUG c.orderbook.OrderBook - [ORDERBOOK] ASK: Adding orderMktData(price=93,quantity=200)
22:53:37.006 [main] DEBUG c.orderbook.OrderBook - [ORDERBOOK] ASK: Adding orderMktData(price=95,quantity=100)
22:53:37.006 [main] DEBUG c.orderbook.OrderBook - [ORDERBOOK] ASK: Adding orderMktData(price=98,quantity=154)
22:53:37.006 [main] INFO  c.o.v.MutatingMatchOneMarketDataOrderVisitor - [ORDERBOOK] visiting LevelOrderBookLevel(price=43,quantity=134)
22:53:37.006 [main] INFO  c.o.v.MutatingMatchOneMarketDataOrderVisitor - [ORDERBOOK] Can't match order:MktData(price=43,quantity=134)(MktData(price=98,quantity=154))
22:53:37.006 [main] INFO  c.o.v.MutatingRemoveAllMarketDataOrdersVisitor - [ORDERBOOK] Removing market data order:MktData(price=98,quantity=501)
22:53:37.006 [main] INFO  c.o.v.MutatingRemoveAllMarketDataOrdersVisitor - [ORDERBOOK] Removing level:98
22:53:37.006 [main] INFO  c.o.v.MutatingRemoveAllMarketDataOrdersVisitor - [ORDERBOOK] Removing market data order:MktData(price=101,quantity=200)
22:53:37.006 [main] INFO  c.o.v.MutatingRemoveAllMarketDataOrdersVisitor - [ORDERBOOK] Removing level:101
22:53:37.006 [main] INFO  c.o.v.MutatingRemoveAllMarketDataOrdersVisitor - [ORDERBOOK] Removing market data order:MktData(price=110,quantity=5000)
22:53:37.006 [main] INFO  c.o.v.MutatingRemoveAllMarketDataOrdersVisitor - [ORDERBOOK] Removing level:110
22:53:37.006 [main] INFO  c.o.v.MutatingRemoveAllMarketDataOrdersVisitor - [ORDERBOOK] Removing market data order:MktData(price=119,quantity=5600)
22:53:37.006 [main] INFO  c.o.v.MutatingRemoveAllMarketDataOrdersVisitor - [ORDERBOOK] Removing level:119
22:53:37.006 [main] INFO  c.o.v.MutatingRemoveAllMarketDataOrdersVisitor - [ORDERBOOK] Removing market data order:MktData(price=123,quantity=453)
22:53:37.006 [main] INFO  c.o.v.MutatingRemoveAllMarketDataOrdersVisitor - [ORDERBOOK] Removing level:123
22:53:37.006 [main] INFO  c.o.v.MutatingRemoveAllMarketDataOrdersVisitor - [ORDERBOOK] Removing market data order:MktData(price=144,quantity=645)
22:53:37.006 [main] INFO  c.o.v.MutatingRemoveAllMarketDataOrdersVisitor - [ORDERBOOK] Removing level:144
22:53:37.006 [main] INFO  c.o.v.MutatingRemoveAllMarketDataOrdersVisitor - [ORDERBOOK] Removing market data order:MktData(price=167,quantity=665)
22:53:37.006 [main] INFO  c.o.v.MutatingRemoveAllMarketDataOrdersVisitor - [ORDERBOOK] Removing level:167
22:53:37.006 [main] DEBUG c.orderbook.OrderBook - [ORDERBOOK] ASK: Adding orderMktData(price=98,quantity=501)
22:53:37.006 [main] DEBUG c.orderbook.OrderBook - [ORDERBOOK] ASK: Adding orderMktData(price=101,quantity=200)
22:53:37.006 [main] DEBUG c.orderbook.OrderBook - [ORDERBOOK] ASK: Adding orderMktData(price=110,quantity=5000)
22:53:37.006 [main] DEBUG c.orderbook.OrderBook - [ORDERBOOK] ASK: Adding orderMktData(price=119,quantity=5600)
22:53:37.006 [main] DEBUG c.orderbook.OrderBook - [ORDERBOOK] ASK: Adding orderMktData(price=123,quantity=453)
22:53:37.006 [main] DEBUG c.orderbook.OrderBook - [ORDERBOOK] ASK: Adding orderMktData(price=144,quantity=645)
22:53:37.006 [main] DEBUG c.orderbook.OrderBook - [ORDERBOOK] ASK: Adding orderMktData(price=167,quantity=665)
22:53:37.006 [main] DEBUG c.service.MarketDataService - [ALGO] BID: price:43 quantity:134
22:53:37.006 [main] DEBUG c.service.MarketDataService - [ALGO] BID: price:76 quantity:145
22:53:37.006 [main] DEBUG c.service.MarketDataService - [ALGO] BID: price:91 quantity:300
22:53:37.006 [main] DEBUG c.service.MarketDataService - [ALGO] BID: price:93 quantity:200
22:53:37.006 [main] DEBUG c.service.MarketDataService - [ALGO] BID: price:95 quantity:100
22:53:37.006 [main] DEBUG c.service.MarketDataService - [ALGO] BID: price:98 quantity:154
22:53:37.006 [main] DEBUG c.service.MarketDataService - [ALGO] ASK: price:98 quantity:501
22:53:37.006 [main] DEBUG c.service.MarketDataService - [ALGO] ASK: price:101 quantity:200
22:53:37.006 [main] DEBUG c.service.MarketDataService - [ALGO] ASK: price:110 quantity:5000
22:53:37.006 [main] DEBUG c.service.MarketDataService - [ALGO] ASK: price:119 quantity:5600
22:53:37.006 [main] DEBUG c.service.MarketDataService - [ALGO] ASK: price:123 quantity:453
22:53:37.006 [main] DEBUG c.service.MarketDataService - [ALGO] ASK: price:144 quantity:645
22:53:37.006 [main] DEBUG c.service.MarketDataService - [ALGO] ASK: price:167 quantity:665
22:53:37.006 [main] INFO  c.gettingstarted.MyAlgoLogic - [MYALGO] The state of the order book is:
|----BID-----||----ASK----|
    134 @ 43    501 @ 98
    145 @ 76   200 @ 101
    300 @ 91  5000 @ 110
    200 @ 93  5600 @ 119
    100 @ 95   453 @ 123
    154 @ 98   645 @ 144
          -    665 @ 167
|------------||-----------|

22:53:37.006 [main] INFO  c.gettingstarted.MyAlgoLogic - [MYALGO] Algo Sees Book as: 
|----BID-----||----ASK----|
    134 @ 43    501 @ 98
    145 @ 76   200 @ 101
    300 @ 91  5000 @ 110
    200 @ 93  5600 @ 119
    100 @ 95   453 @ 123
    154 @ 98   645 @ 144
          -    665 @ 167
|------------||-----------|

22:53:37.006 [main] INFO  c.gettingstarted.TimedLogic - [TIMEDLOGIC] Market is closed
22:53:37.006 [main] INFO  c.sequencer.consumer.LoggingConsumer - [121] 
|----BID-----|
    134 @ 43
    145 @ 76
    300 @ 91
    200 @ 93
    100 @ 95
    154 @ 98
|----ASK-----|
    501 @ 98
   200 @ 101
  5000 @ 110
  5600 @ 119
   453 @ 123
   645 @ 144
   665 @ 167

22:53:37.006 [main] INFO  c.orderbook.OrderBook - [ORDERBOOK] Processing Mkt Data Update
22:53:37.006 [main] INFO  c.o.v.MutatingRemoveAllMarketDataOrdersVisitor - [ORDERBOOK] Removing market data order:MktData(price=43,quantity=134)
22:53:37.006 [main] INFO  c.o.v.MutatingRemoveAllMarketDataOrdersVisitor - [ORDERBOOK] Removing level:43
22:53:37.006 [main] DEBUG c.orderbook.OrderBook - [ORDERBOOK] ASK: Adding orderMktData(price=43,quantity=134)
22:53:37.006 [main] DEBUG c.orderbook.OrderBook - [ORDERBOOK] ASK: Adding orderMktData(price=76,quantity=145)
22:53:37.006 [main] DEBUG c.orderbook.OrderBook - [ORDERBOOK] ASK: Adding orderMktData(price=91,quantity=300)
22:53:37.006 [main] DEBUG c.orderbook.OrderBook - [ORDERBOOK] ASK: Adding orderMktData(price=93,quantity=200)
22:53:37.006 [main] DEBUG c.orderbook.OrderBook - [ORDERBOOK] ASK: Adding orderMktData(price=95,quantity=100)
22:53:37.006 [main] DEBUG c.orderbook.OrderBook - [ORDERBOOK] ASK: Adding orderMktData(price=98,quantity=154)
22:53:37.006 [main] INFO  c.o.v.MutatingMatchOneMarketDataOrderVisitor - [ORDERBOOK] visiting LevelOrderBookLevel(price=43,quantity=134)
22:53:37.006 [main] INFO  c.o.v.MutatingMatchOneMarketDataOrderVisitor - [ORDERBOOK] Can't match order:MktData(price=43,quantity=134)(MktData(price=98,quantity=154))
22:53:37.006 [main] INFO  c.o.v.MutatingRemoveAllMarketDataOrdersVisitor - [ORDERBOOK] Removing market data order:MktData(price=98,quantity=501)
22:53:37.006 [main] INFO  c.o.v.MutatingRemoveAllMarketDataOrdersVisitor - [ORDERBOOK] Removing level:98
22:53:37.006 [main] INFO  c.o.v.MutatingRemoveAllMarketDataOrdersVisitor - [ORDERBOOK] Removing market data order:MktData(price=101,quantity=200)
22:53:37.006 [main] INFO  c.o.v.MutatingRemoveAllMarketDataOrdersVisitor - [ORDERBOOK] Removing level:101
22:53:37.006 [main] INFO  c.o.v.MutatingRemoveAllMarketDataOrdersVisitor - [ORDERBOOK] Removing market data order:MktData(price=110,quantity=5000)
22:53:37.006 [main] INFO  c.o.v.MutatingRemoveAllMarketDataOrdersVisitor - [ORDERBOOK] Removing level:110
22:53:37.006 [main] INFO  c.o.v.MutatingRemoveAllMarketDataOrdersVisitor - [ORDERBOOK] Removing market data order:MktData(price=119,quantity=5600)
22:53:37.006 [main] INFO  c.o.v.MutatingRemoveAllMarketDataOrdersVisitor - [ORDERBOOK] Removing level:119
22:53:37.006 [main] INFO  c.o.v.MutatingRemoveAllMarketDataOrdersVisitor - [ORDERBOOK] Removing market data order:MktData(price=123,quantity=453)
22:53:37.006 [main] INFO  c.o.v.MutatingRemoveAllMarketDataOrdersVisitor - [ORDERBOOK] Removing level:123
22:53:37.006 [main] INFO  c.o.v.MutatingRemoveAllMarketDataOrdersVisitor - [ORDERBOOK] Removing market data order:MktData(price=144,quantity=645)
22:53:37.006 [main] INFO  c.o.v.MutatingRemoveAllMarketDataOrdersVisitor - [ORDERBOOK] Removing level:144
22:53:37.006 [main] INFO  c.o.v.MutatingRemoveAllMarketDataOrdersVisitor - [ORDERBOOK] Removing market data order:MktData(price=167,quantity=665)
22:53:37.006 [main] INFO  c.o.v.MutatingRemoveAllMarketDataOrdersVisitor - [ORDERBOOK] Removing level:167
22:53:37.006 [main] DEBUG c.orderbook.OrderBook - [ORDERBOOK] ASK: Adding orderMktData(price=98,quantity=501)
22:53:37.006 [main] DEBUG c.orderbook.OrderBook - [ORDERBOOK] ASK: Adding orderMktData(price=101,quantity=200)
22:53:37.009 [main] DEBUG c.orderbook.OrderBook - [ORDERBOOK] ASK: Adding orderMktData(price=110,quantity=5000)
22:53:37.009 [main] DEBUG c.orderbook.OrderBook - [ORDERBOOK] ASK: Adding orderMktData(price=119,quantity=5600)
22:53:37.009 [main] DEBUG c.orderbook.OrderBook - [ORDERBOOK] ASK: Adding orderMktData(price=123,quantity=453)
22:53:37.009 [main] DEBUG c.orderbook.OrderBook - [ORDERBOOK] ASK: Adding orderMktData(price=144,quantity=645)
22:53:37.009 [main] DEBUG c.orderbook.OrderBook - [ORDERBOOK] ASK: Adding orderMktData(price=167,quantity=665)
22:53:37.009 [main] DEBUG c.service.MarketDataService - [ALGO] BID: price:43 quantity:134
22:53:37.009 [main] DEBUG c.service.MarketDataService - [ALGO] BID: price:76 quantity:145
22:53:37.009 [main] DEBUG c.service.MarketDataService - [ALGO] BID: price:91 quantity:300
22:53:37.009 [main] DEBUG c.service.MarketDataService - [ALGO] BID: price:93 quantity:200
22:53:37.009 [main] DEBUG c.service.MarketDataService - [ALGO] BID: price:95 quantity:100
22:53:37.009 [main] DEBUG c.service.MarketDataService - [ALGO] BID: price:98 quantity:154
22:53:37.009 [main] DEBUG c.service.MarketDataService - [ALGO] ASK: price:98 quantity:501
22:53:37.009 [main] DEBUG c.service.MarketDataService - [ALGO] ASK: price:101 quantity:200
22:53:37.009 [main] DEBUG c.service.MarketDataService - [ALGO] ASK: price:110 quantity:5000
22:53:37.009 [main] DEBUG c.service.MarketDataService - [ALGO] ASK: price:119 quantity:5600
22:53:37.009 [main] DEBUG c.service.MarketDataService - [ALGO] ASK: price:123 quantity:453
22:53:37.009 [main] DEBUG c.service.MarketDataService - [ALGO] ASK: price:144 quantity:645
22:53:37.009 [main] DEBUG c.service.MarketDataService - [ALGO] ASK: price:167 quantity:665
22:53:37.009 [main] INFO  c.gettingstarted.MyAlgoLogic - [MYALGO] The state of the order book is:
|----BID-----||----ASK----|
    134 @ 43    501 @ 98
    145 @ 76   200 @ 101
    300 @ 91  5000 @ 110
    200 @ 93  5600 @ 119
    100 @ 95   453 @ 123
    154 @ 98   645 @ 144
          -    665 @ 167
|------------||-----------|

22:53:37.009 [main] INFO  c.gettingstarted.MyAlgoLogic - [MYALGO] Algo Sees Book as: 
|----BID-----||----ASK----|
    134 @ 43    501 @ 98
    145 @ 76   200 @ 101
    300 @ 91  5000 @ 110
    200 @ 93  5600 @ 119
    100 @ 95   453 @ 123
    154 @ 98   645 @ 144
          -    665 @ 167
|------------||-----------|

22:53:37.009 [main] INFO  c.gettingstarted.TimedLogic - [TIMEDLOGIC] Market is closed
22:53:37.019 [main] INFO  c.sequencer.consumer.LoggingConsumer - [122] 
|----BID-----|
    134 @ 43
    145 @ 76
    300 @ 91
    200 @ 93
    100 @ 95
    154 @ 98
|----ASK-----|
    501 @ 98
   200 @ 101
  5000 @ 110
  5600 @ 119
   453 @ 123
   645 @ 144
   665 @ 167

22:53:37.019 [main] INFO  c.orderbook.OrderBook - [ORDERBOOK] Processing Mkt Data Update
22:53:37.019 [main] INFO  c.o.v.MutatingRemoveAllMarketDataOrdersVisitor - [ORDERBOOK] Removing market data order:MktData(price=43,quantity=134)
22:53:37.019 [main] INFO  c.o.v.MutatingRemoveAllMarketDataOrdersVisitor - [ORDERBOOK] Removing level:43
22:53:37.019 [main] DEBUG c.orderbook.OrderBook - [ORDERBOOK] ASK: Adding orderMktData(price=43,quantity=134)
22:53:37.019 [main] DEBUG c.orderbook.OrderBook - [ORDERBOOK] ASK: Adding orderMktData(price=76,quantity=145)
22:53:37.019 [main] DEBUG c.orderbook.OrderBook - [ORDERBOOK] ASK: Adding orderMktData(price=91,quantity=300)
22:53:37.019 [main] DEBUG c.orderbook.OrderBook - [ORDERBOOK] ASK: Adding orderMktData(price=93,quantity=200)
22:53:37.019 [main] DEBUG c.orderbook.OrderBook - [ORDERBOOK] ASK: Adding orderMktData(price=95,quantity=100)
22:53:37.019 [main] DEBUG c.orderbook.OrderBook - [ORDERBOOK] ASK: Adding orderMktData(price=98,quantity=154)
22:53:37.019 [main] INFO  c.o.v.MutatingMatchOneMarketDataOrderVisitor - [ORDERBOOK] visiting LevelOrderBookLevel(price=43,quantity=134)
22:53:37.019 [main] INFO  c.o.v.MutatingMatchOneMarketDataOrderVisitor - [ORDERBOOK] Can't match order:MktData(price=43,quantity=134)(MktData(price=98,quantity=154))
22:53:37.019 [main] INFO  c.o.v.MutatingRemoveAllMarketDataOrdersVisitor - [ORDERBOOK] Removing market data order:MktData(price=98,quantity=501)
22:53:37.019 [main] INFO  c.o.v.MutatingRemoveAllMarketDataOrdersVisitor - [ORDERBOOK] Removing level:98
22:53:37.019 [main] INFO  c.o.v.MutatingRemoveAllMarketDataOrdersVisitor - [ORDERBOOK] Removing market data order:MktData(price=101,quantity=200)
22:53:37.019 [main] INFO  c.o.v.MutatingRemoveAllMarketDataOrdersVisitor - [ORDERBOOK] Removing level:101
22:53:37.019 [main] INFO  c.o.v.MutatingRemoveAllMarketDataOrdersVisitor - [ORDERBOOK] Removing market data order:MktData(price=110,quantity=5000)
22:53:37.019 [main] INFO  c.o.v.MutatingRemoveAllMarketDataOrdersVisitor - [ORDERBOOK] Removing level:110
22:53:37.019 [main] INFO  c.o.v.MutatingRemoveAllMarketDataOrdersVisitor - [ORDERBOOK] Removing market data order:MktData(price=119,quantity=5600)
22:53:37.019 [main] INFO  c.o.v.MutatingRemoveAllMarketDataOrdersVisitor - [ORDERBOOK] Removing level:119
22:53:37.019 [main] INFO  c.o.v.MutatingRemoveAllMarketDataOrdersVisitor - [ORDERBOOK] Removing market data order:MktData(price=123,quantity=453)
22:53:37.019 [main] INFO  c.o.v.MutatingRemoveAllMarketDataOrdersVisitor - [ORDERBOOK] Removing level:123
22:53:37.019 [main] INFO  c.o.v.MutatingRemoveAllMarketDataOrdersVisitor - [ORDERBOOK] Removing market data order:MktData(price=144,quantity=645)
22:53:37.019 [main] INFO  c.o.v.MutatingRemoveAllMarketDataOrdersVisitor - [ORDERBOOK] Removing level:144
22:53:37.019 [main] INFO  c.o.v.MutatingRemoveAllMarketDataOrdersVisitor - [ORDERBOOK] Removing market data order:MktData(price=167,quantity=665)
22:53:37.019 [main] INFO  c.o.v.MutatingRemoveAllMarketDataOrdersVisitor - [ORDERBOOK] Removing level:167
22:53:37.019 [main] DEBUG c.orderbook.OrderBook - [ORDERBOOK] ASK: Adding orderMktData(price=98,quantity=501)
22:53:37.019 [main] DEBUG c.orderbook.OrderBook - [ORDERBOOK] ASK: Adding orderMktData(price=101,quantity=200)
22:53:37.019 [main] DEBUG c.orderbook.OrderBook - [ORDERBOOK] ASK: Adding orderMktData(price=110,quantity=5000)
22:53:37.019 [main] DEBUG c.orderbook.OrderBook - [ORDERBOOK] ASK: Adding orderMktData(price=119,quantity=5600)
22:53:37.019 [main] DEBUG c.orderbook.OrderBook - [ORDERBOOK] ASK: Adding orderMktData(price=123,quantity=453)
22:53:37.019 [main] DEBUG c.orderbook.OrderBook - [ORDERBOOK] ASK: Adding orderMktData(price=144,quantity=645)
22:53:37.019 [main] DEBUG c.orderbook.OrderBook - [ORDERBOOK] ASK: Adding orderMktData(price=167,quantity=665)
22:53:37.019 [main] DEBUG c.service.MarketDataService - [ALGO] BID: price:43 quantity:134
22:53:37.019 [main] DEBUG c.service.MarketDataService - [ALGO] BID: price:76 quantity:145
22:53:37.019 [main] DEBUG c.service.MarketDataService - [ALGO] BID: price:91 quantity:300
22:53:37.019 [main] DEBUG c.service.MarketDataService - [ALGO] BID: price:93 quantity:200
22:53:37.019 [main] DEBUG c.service.MarketDataService - [ALGO] BID: price:95 quantity:100
22:53:37.019 [main] DEBUG c.service.MarketDataService - [ALGO] BID: price:98 quantity:154
22:53:37.019 [main] DEBUG c.service.MarketDataService - [ALGO] ASK: price:98 quantity:501
22:53:37.019 [main] DEBUG c.service.MarketDataService - [ALGO] ASK: price:101 quantity:200
22:53:37.019 [main] DEBUG c.service.MarketDataService - [ALGO] ASK: price:110 quantity:5000
22:53:37.019 [main] DEBUG c.service.MarketDataService - [ALGO] ASK: price:119 quantity:5600
22:53:37.019 [main] DEBUG c.service.MarketDataService - [ALGO] ASK: price:123 quantity:453
22:53:37.019 [main] DEBUG c.service.MarketDataService - [ALGO] ASK: price:144 quantity:645
22:53:37.019 [main] DEBUG c.service.MarketDataService - [ALGO] ASK: price:167 quantity:665
22:53:37.020 [main] INFO  c.gettingstarted.MyAlgoLogic - [MYALGO] The state of the order book is:
|----BID-----||----ASK----|
    134 @ 43    501 @ 98
    145 @ 76   200 @ 101
    300 @ 91  5000 @ 110
    200 @ 93  5600 @ 119
    100 @ 95   453 @ 123
    154 @ 98   645 @ 144
          -    665 @ 167
|------------||-----------|

22:53:37.020 [main] INFO  c.gettingstarted.MyAlgoLogic - [MYALGO] Algo Sees Book as: 
|----BID-----||----ASK----|
    134 @ 43    501 @ 98
    145 @ 76   200 @ 101
    300 @ 91  5000 @ 110
    200 @ 93  5600 @ 119
    100 @ 95   453 @ 123
    154 @ 98   645 @ 144
          -    665 @ 167
|------------||-----------|

22:53:37.020 [main] INFO  c.gettingstarted.TimedLogic - [TIMEDLOGIC] Market is closed
22:53:37.020 [main] INFO  c.sequencer.consumer.LoggingConsumer - [123] 
|----BID-----|
    134 @ 43
    145 @ 76
    300 @ 91
    200 @ 93
    100 @ 95
    154 @ 98
|----ASK-----|
    501 @ 98
   200 @ 101
  5000 @ 110
  5600 @ 119
   453 @ 123
   645 @ 144
   665 @ 167

22:53:37.020 [main] INFO  c.orderbook.OrderBook - [ORDERBOOK] Processing Mkt Data Update
22:53:37.020 [main] INFO  c.o.v.MutatingRemoveAllMarketDataOrdersVisitor - [ORDERBOOK] Removing market data order:MktData(price=43,quantity=134)
22:53:37.020 [main] INFO  c.o.v.MutatingRemoveAllMarketDataOrdersVisitor - [ORDERBOOK] Removing level:43
22:53:37.020 [main] DEBUG c.orderbook.OrderBook - [ORDERBOOK] ASK: Adding orderMktData(price=43,quantity=134)
22:53:37.020 [main] DEBUG c.orderbook.OrderBook - [ORDERBOOK] ASK: Adding orderMktData(price=76,quantity=145)
22:53:37.020 [main] DEBUG c.orderbook.OrderBook - [ORDERBOOK] ASK: Adding orderMktData(price=91,quantity=300)
22:53:37.020 [main] DEBUG c.orderbook.OrderBook - [ORDERBOOK] ASK: Adding orderMktData(price=93,quantity=200)
22:53:37.020 [main] DEBUG c.orderbook.OrderBook - [ORDERBOOK] ASK: Adding orderMktData(price=95,quantity=100)
22:53:37.020 [main] DEBUG c.orderbook.OrderBook - [ORDERBOOK] ASK: Adding orderMktData(price=98,quantity=154)
22:53:37.020 [main] INFO  c.o.v.MutatingMatchOneMarketDataOrderVisitor - [ORDERBOOK] visiting LevelOrderBookLevel(price=43,quantity=134)
22:53:37.020 [main] INFO  c.o.v.MutatingMatchOneMarketDataOrderVisitor - [ORDERBOOK] Can't match order:MktData(price=43,quantity=134)(MktData(price=98,quantity=154))
22:53:37.020 [main] INFO  c.o.v.MutatingRemoveAllMarketDataOrdersVisitor - [ORDERBOOK] Removing market data order:MktData(price=98,quantity=501)
22:53:37.020 [main] INFO  c.o.v.MutatingRemoveAllMarketDataOrdersVisitor - [ORDERBOOK] Removing level:98
22:53:37.020 [main] INFO  c.o.v.MutatingRemoveAllMarketDataOrdersVisitor - [ORDERBOOK] Removing market data order:MktData(price=101,quantity=200)
22:53:37.020 [main] INFO  c.o.v.MutatingRemoveAllMarketDataOrdersVisitor - [ORDERBOOK] Removing level:101
22:53:37.021 [main] INFO  c.o.v.MutatingRemoveAllMarketDataOrdersVisitor - [ORDERBOOK] Removing market data order:MktData(price=110,quantity=5000)
22:53:37.021 [main] INFO  c.o.v.MutatingRemoveAllMarketDataOrdersVisitor - [ORDERBOOK] Removing level:110
22:53:37.021 [main] INFO  c.o.v.MutatingRemoveAllMarketDataOrdersVisitor - [ORDERBOOK] Removing market data order:MktData(price=119,quantity=5600)
22:53:37.021 [main] INFO  c.o.v.MutatingRemoveAllMarketDataOrdersVisitor - [ORDERBOOK] Removing level:119
22:53:37.021 [main] INFO  c.o.v.MutatingRemoveAllMarketDataOrdersVisitor - [ORDERBOOK] Removing market data order:MktData(price=123,quantity=453)
22:53:37.021 [main] INFO  c.o.v.MutatingRemoveAllMarketDataOrdersVisitor - [ORDERBOOK] Removing level:123
22:53:37.021 [main] INFO  c.o.v.MutatingRemoveAllMarketDataOrdersVisitor - [ORDERBOOK] Removing market data order:MktData(price=144,quantity=645)
22:53:37.021 [main] INFO  c.o.v.MutatingRemoveAllMarketDataOrdersVisitor - [ORDERBOOK] Removing level:144
22:53:37.021 [main] INFO  c.o.v.MutatingRemoveAllMarketDataOrdersVisitor - [ORDERBOOK] Removing market data order:MktData(price=167,quantity=665)
22:53:37.021 [main] INFO  c.o.v.MutatingRemoveAllMarketDataOrdersVisitor - [ORDERBOOK] Removing level:167
22:53:37.021 [main] DEBUG c.orderbook.OrderBook - [ORDERBOOK] ASK: Adding orderMktData(price=98,quantity=501)
22:53:37.021 [main] DEBUG c.orderbook.OrderBook - [ORDERBOOK] ASK: Adding orderMktData(price=101,quantity=200)
22:53:37.021 [main] DEBUG c.orderbook.OrderBook - [ORDERBOOK] ASK: Adding orderMktData(price=110,quantity=5000)
22:53:37.021 [main] DEBUG c.orderbook.OrderBook - [ORDERBOOK] ASK: Adding orderMktData(price=119,quantity=5600)
22:53:37.021 [main] DEBUG c.orderbook.OrderBook - [ORDERBOOK] ASK: Adding orderMktData(price=123,quantity=453)
22:53:37.021 [main] DEBUG c.orderbook.OrderBook - [ORDERBOOK] ASK: Adding orderMktData(price=144,quantity=645)
22:53:37.021 [main] DEBUG c.orderbook.OrderBook - [ORDERBOOK] ASK: Adding orderMktData(price=167,quantity=665)
22:53:37.021 [main] DEBUG c.service.MarketDataService - [ALGO] BID: price:43 quantity:134
22:53:37.021 [main] DEBUG c.service.MarketDataService - [ALGO] BID: price:76 quantity:145
22:53:37.021 [main] DEBUG c.service.MarketDataService - [ALGO] BID: price:91 quantity:300
22:53:37.021 [main] DEBUG c.service.MarketDataService - [ALGO] BID: price:93 quantity:200
22:53:37.021 [main] DEBUG c.service.MarketDataService - [ALGO] BID: price:95 quantity:100
22:53:37.021 [main] DEBUG c.service.MarketDataService - [ALGO] BID: price:98 quantity:154
22:53:37.021 [main] DEBUG c.service.MarketDataService - [ALGO] ASK: price:98 quantity:501
22:53:37.021 [main] DEBUG c.service.MarketDataService - [ALGO] ASK: price:101 quantity:200
22:53:37.021 [main] DEBUG c.service.MarketDataService - [ALGO] ASK: price:110 quantity:5000
22:53:37.021 [main] DEBUG c.service.MarketDataService - [ALGO] ASK: price:119 quantity:5600
22:53:37.021 [main] DEBUG c.service.MarketDataService - [ALGO] ASK: price:123 quantity:453
22:53:37.021 [main] DEBUG c.service.MarketDataService - [ALGO] ASK: price:144 quantity:645
22:53:37.021 [main] DEBUG c.service.MarketDataService - [ALGO] ASK: price:167 quantity:665
22:53:37.021 [main] INFO  c.gettingstarted.MyAlgoLogic - [MYALGO] The state of the order book is:
|----BID-----||----ASK----|
    134 @ 43    501 @ 98
    145 @ 76   200 @ 101
    300 @ 91  5000 @ 110
    200 @ 93  5600 @ 119
    100 @ 95   453 @ 123
    154 @ 98   645 @ 144
          -    665 @ 167
|------------||-----------|

22:53:37.021 [main] INFO  c.gettingstarted.MyAlgoLogic - [MYALGO] Algo Sees Book as: 
|----BID-----||----ASK----|
    134 @ 43    501 @ 98
    145 @ 76   200 @ 101
    300 @ 91  5000 @ 110
    200 @ 93  5600 @ 119
    100 @ 95   453 @ 123
    154 @ 98   645 @ 144
          -    665 @ 167
|------------||-----------|

22:53:37.021 [main] INFO  c.gettingstarted.TimedLogic - [TIMEDLOGIC] Market is closed
22:53:37.021 [main] INFO  c.sequencer.consumer.LoggingConsumer - [124] 
|----BID-----|
    134 @ 43
    145 @ 76
    300 @ 91
    200 @ 93
    100 @ 95
    154 @ 98
|----ASK-----|
    501 @ 98
   200 @ 101
  5000 @ 110
  5600 @ 119
   453 @ 123
   645 @ 144
   665 @ 167

22:53:37.021 [main] INFO  c.orderbook.OrderBook - [ORDERBOOK] Processing Mkt Data Update
22:53:37.021 [main] INFO  c.o.v.MutatingRemoveAllMarketDataOrdersVisitor - [ORDERBOOK] Removing market data order:MktData(price=43,quantity=134)
22:53:37.021 [main] INFO  c.o.v.MutatingRemoveAllMarketDataOrdersVisitor - [ORDERBOOK] Removing level:43
22:53:37.021 [main] DEBUG c.orderbook.OrderBook - [ORDERBOOK] ASK: Adding orderMktData(price=43,quantity=134)
22:53:37.021 [main] DEBUG c.orderbook.OrderBook - [ORDERBOOK] ASK: Adding orderMktData(price=76,quantity=145)
22:53:37.021 [main] DEBUG c.orderbook.OrderBook - [ORDERBOOK] ASK: Adding orderMktData(price=91,quantity=300)
22:53:37.021 [main] DEBUG c.orderbook.OrderBook - [ORDERBOOK] ASK: Adding orderMktData(price=93,quantity=200)
22:53:37.021 [main] DEBUG c.orderbook.OrderBook - [ORDERBOOK] ASK: Adding orderMktData(price=95,quantity=100)
22:53:37.021 [main] DEBUG c.orderbook.OrderBook - [ORDERBOOK] ASK: Adding orderMktData(price=98,quantity=154)
22:53:37.021 [main] INFO  c.o.v.MutatingMatchOneMarketDataOrderVisitor - [ORDERBOOK] visiting LevelOrderBookLevel(price=43,quantity=134)
22:53:37.021 [main] INFO  c.o.v.MutatingMatchOneMarketDataOrderVisitor - [ORDERBOOK] Can't match order:MktData(price=43,quantity=134)(MktData(price=98,quantity=154))
22:53:37.022 [main] INFO  c.o.v.MutatingRemoveAllMarketDataOrdersVisitor - [ORDERBOOK] Removing market data order:MktData(price=98,quantity=501)
22:53:37.023 [main] INFO  c.o.v.MutatingRemoveAllMarketDataOrdersVisitor - [ORDERBOOK] Removing level:98
22:53:37.023 [main] INFO  c.o.v.MutatingRemoveAllMarketDataOrdersVisitor - [ORDERBOOK] Removing market data order:MktData(price=101,quantity=200)
22:53:37.023 [main] INFO  c.o.v.MutatingRemoveAllMarketDataOrdersVisitor - [ORDERBOOK] Removing level:101
22:53:37.023 [main] INFO  c.o.v.MutatingRemoveAllMarketDataOrdersVisitor - [ORDERBOOK] Removing market data order:MktData(price=110,quantity=5000)
22:53:37.023 [main] INFO  c.o.v.MutatingRemoveAllMarketDataOrdersVisitor - [ORDERBOOK] Removing level:110
22:53:37.023 [main] INFO  c.o.v.MutatingRemoveAllMarketDataOrdersVisitor - [ORDERBOOK] Removing market data order:MktData(price=119,quantity=5600)
22:53:37.023 [main] INFO  c.o.v.MutatingRemoveAllMarketDataOrdersVisitor - [ORDERBOOK] Removing level:119
22:53:37.023 [main] INFO  c.o.v.MutatingRemoveAllMarketDataOrdersVisitor - [ORDERBOOK] Removing market data order:MktData(price=123,quantity=453)
22:53:37.023 [main] INFO  c.o.v.MutatingRemoveAllMarketDataOrdersVisitor - [ORDERBOOK] Removing level:123
22:53:37.023 [main] INFO  c.o.v.MutatingRemoveAllMarketDataOrdersVisitor - [ORDERBOOK] Removing market data order:MktData(price=144,quantity=645)
22:53:37.023 [main] INFO  c.o.v.MutatingRemoveAllMarketDataOrdersVisitor - [ORDERBOOK] Removing level:144
22:53:37.023 [main] INFO  c.o.v.MutatingRemoveAllMarketDataOrdersVisitor - [ORDERBOOK] Removing market data order:MktData(price=167,quantity=665)
22:53:37.023 [main] INFO  c.o.v.MutatingRemoveAllMarketDataOrdersVisitor - [ORDERBOOK] Removing level:167
22:53:37.024 [main] DEBUG c.orderbook.OrderBook - [ORDERBOOK] ASK: Adding orderMktData(price=98,quantity=501)
22:53:37.024 [main] DEBUG c.orderbook.OrderBook - [ORDERBOOK] ASK: Adding orderMktData(price=101,quantity=200)
22:53:37.024 [main] DEBUG c.orderbook.OrderBook - [ORDERBOOK] ASK: Adding orderMktData(price=110,quantity=5000)
22:53:37.024 [main] DEBUG c.orderbook.OrderBook - [ORDERBOOK] ASK: Adding orderMktData(price=119,quantity=5600)
22:53:37.024 [main] DEBUG c.orderbook.OrderBook - [ORDERBOOK] ASK: Adding orderMktData(price=123,quantity=453)
22:53:37.024 [main] DEBUG c.orderbook.OrderBook - [ORDERBOOK] ASK: Adding orderMktData(price=144,quantity=645)
22:53:37.024 [main] DEBUG c.orderbook.OrderBook - [ORDERBOOK] ASK: Adding orderMktData(price=167,quantity=665)
22:53:37.024 [main] DEBUG c.service.MarketDataService - [ALGO] BID: price:43 quantity:134
22:53:37.024 [main] DEBUG c.service.MarketDataService - [ALGO] BID: price:76 quantity:145
22:53:37.024 [main] DEBUG c.service.MarketDataService - [ALGO] BID: price:91 quantity:300
22:53:37.024 [main] DEBUG c.service.MarketDataService - [ALGO] BID: price:93 quantity:200
22:53:37.024 [main] DEBUG c.service.MarketDataService - [ALGO] BID: price:95 quantity:100
22:53:37.024 [main] DEBUG c.service.MarketDataService - [ALGO] BID: price:98 quantity:154
22:53:37.024 [main] DEBUG c.service.MarketDataService - [ALGO] ASK: price:98 quantity:501
22:53:37.024 [main] DEBUG c.service.MarketDataService - [ALGO] ASK: price:101 quantity:200
22:53:37.024 [main] DEBUG c.service.MarketDataService - [ALGO] ASK: price:110 quantity:5000
22:53:37.024 [main] DEBUG c.service.MarketDataService - [ALGO] ASK: price:119 quantity:5600
22:53:37.024 [main] DEBUG c.service.MarketDataService - [ALGO] ASK: price:123 quantity:453
22:53:37.024 [main] DEBUG c.service.MarketDataService - [ALGO] ASK: price:144 quantity:645
22:53:37.024 [main] DEBUG c.service.MarketDataService - [ALGO] ASK: price:167 quantity:665
22:53:37.024 [main] INFO  c.gettingstarted.MyAlgoLogic - [MYALGO] The state of the order book is:
|----BID-----||----ASK----|
    134 @ 43    501 @ 98
    145 @ 76   200 @ 101
    300 @ 91  5000 @ 110
    200 @ 93  5600 @ 119
    100 @ 95   453 @ 123
    154 @ 98   645 @ 144
          -    665 @ 167
|------------||-----------|

22:53:37.024 [main] INFO  c.gettingstarted.MyAlgoLogic - [MYALGO] Algo Sees Book as: 
|----BID-----||----ASK----|
    134 @ 43    501 @ 98
    145 @ 76   200 @ 101
    300 @ 91  5000 @ 110
    200 @ 93  5600 @ 119
    100 @ 95   453 @ 123
    154 @ 98   645 @ 144
          -    665 @ 167
|------------||-----------|

22:53:37.024 [main] INFO  c.gettingstarted.TimedLogic - [TIMEDLOGIC] Market is closed
22:53:37.027 [main] INFO  c.sequencer.consumer.LoggingConsumer - [125] 
|----BID-----|
    134 @ 43
    145 @ 76
    300 @ 91
    200 @ 93
    100 @ 95
    154 @ 98
|----ASK-----|
    501 @ 98
   200 @ 101
  5000 @ 110
  5600 @ 119
   453 @ 123
   645 @ 144
   665 @ 167

22:53:37.027 [main] INFO  c.orderbook.OrderBook - [ORDERBOOK] Processing Mkt Data Update
22:53:37.027 [main] INFO  c.o.v.MutatingRemoveAllMarketDataOrdersVisitor - [ORDERBOOK] Removing market data order:MktData(price=43,quantity=134)
22:53:37.027 [main] INFO  c.o.v.MutatingRemoveAllMarketDataOrdersVisitor - [ORDERBOOK] Removing level:43
22:53:37.027 [main] DEBUG c.orderbook.OrderBook - [ORDERBOOK] ASK: Adding orderMktData(price=43,quantity=134)
22:53:37.027 [main] DEBUG c.orderbook.OrderBook - [ORDERBOOK] ASK: Adding orderMktData(price=76,quantity=145)
22:53:37.027 [main] DEBUG c.orderbook.OrderBook - [ORDERBOOK] ASK: Adding orderMktData(price=91,quantity=300)
22:53:37.027 [main] DEBUG c.orderbook.OrderBook - [ORDERBOOK] ASK: Adding orderMktData(price=93,quantity=200)
22:53:37.027 [main] DEBUG c.orderbook.OrderBook - [ORDERBOOK] ASK: Adding orderMktData(price=95,quantity=100)
22:53:37.027 [main] DEBUG c.orderbook.OrderBook - [ORDERBOOK] ASK: Adding orderMktData(price=98,quantity=154)
22:53:37.028 [main] INFO  c.o.v.MutatingMatchOneMarketDataOrderVisitor - [ORDERBOOK] visiting LevelOrderBookLevel(price=43,quantity=134)
22:53:37.028 [main] INFO  c.o.v.MutatingMatchOneMarketDataOrderVisitor - [ORDERBOOK] Can't match order:MktData(price=43,quantity=134)(MktData(price=98,quantity=154))
22:53:37.028 [main] INFO  c.o.v.MutatingRemoveAllMarketDataOrdersVisitor - [ORDERBOOK] Removing market data order:MktData(price=98,quantity=501)
22:53:37.028 [main] INFO  c.o.v.MutatingRemoveAllMarketDataOrdersVisitor - [ORDERBOOK] Removing level:98
22:53:37.028 [main] INFO  c.o.v.MutatingRemoveAllMarketDataOrdersVisitor - [ORDERBOOK] Removing market data order:MktData(price=101,quantity=200)
22:53:37.028 [main] INFO  c.o.v.MutatingRemoveAllMarketDataOrdersVisitor - [ORDERBOOK] Removing level:101
22:53:37.028 [main] INFO  c.o.v.MutatingRemoveAllMarketDataOrdersVisitor - [ORDERBOOK] Removing market data order:MktData(price=110,quantity=5000)
22:53:37.028 [main] INFO  c.o.v.MutatingRemoveAllMarketDataOrdersVisitor - [ORDERBOOK] Removing level:110
22:53:37.028 [main] INFO  c.o.v.MutatingRemoveAllMarketDataOrdersVisitor - [ORDERBOOK] Removing market data order:MktData(price=119,quantity=5600)
22:53:37.028 [main] INFO  c.o.v.MutatingRemoveAllMarketDataOrdersVisitor - [ORDERBOOK] Removing level:119
22:53:37.028 [main] INFO  c.o.v.MutatingRemoveAllMarketDataOrdersVisitor - [ORDERBOOK] Removing market data order:MktData(price=123,quantity=453)
22:53:37.028 [main] INFO  c.o.v.MutatingRemoveAllMarketDataOrdersVisitor - [ORDERBOOK] Removing level:123
22:53:37.028 [main] INFO  c.o.v.MutatingRemoveAllMarketDataOrdersVisitor - [ORDERBOOK] Removing market data order:MktData(price=144,quantity=645)
22:53:37.028 [main] INFO  c.o.v.MutatingRemoveAllMarketDataOrdersVisitor - [ORDERBOOK] Removing level:144
22:53:37.028 [main] INFO  c.o.v.MutatingRemoveAllMarketDataOrdersVisitor - [ORDERBOOK] Removing market data order:MktData(price=167,quantity=665)
22:53:37.028 [main] INFO  c.o.v.MutatingRemoveAllMarketDataOrdersVisitor - [ORDERBOOK] Removing level:167
22:53:37.028 [main] DEBUG c.orderbook.OrderBook - [ORDERBOOK] ASK: Adding orderMktData(price=98,quantity=501)
22:53:37.028 [main] DEBUG c.orderbook.OrderBook - [ORDERBOOK] ASK: Adding orderMktData(price=101,quantity=200)
22:53:37.028 [main] DEBUG c.orderbook.OrderBook - [ORDERBOOK] ASK: Adding orderMktData(price=110,quantity=5000)
22:53:37.028 [main] DEBUG c.orderbook.OrderBook - [ORDERBOOK] ASK: Adding orderMktData(price=119,quantity=5600)
22:53:37.028 [main] DEBUG c.orderbook.OrderBook - [ORDERBOOK] ASK: Adding orderMktData(price=123,quantity=453)
22:53:37.028 [main] DEBUG c.orderbook.OrderBook - [ORDERBOOK] ASK: Adding orderMktData(price=144,quantity=645)
22:53:37.028 [main] DEBUG c.orderbook.OrderBook - [ORDERBOOK] ASK: Adding orderMktData(price=167,quantity=665)
22:53:37.028 [main] DEBUG c.service.MarketDataService - [ALGO] BID: price:43 quantity:134
22:53:37.028 [main] DEBUG c.service.MarketDataService - [ALGO] BID: price:76 quantity:145
22:53:37.028 [main] DEBUG c.service.MarketDataService - [ALGO] BID: price:91 quantity:300
22:53:37.028 [main] DEBUG c.service.MarketDataService - [ALGO] BID: price:93 quantity:200
22:53:37.028 [main] DEBUG c.service.MarketDataService - [ALGO] BID: price:95 quantity:100
22:53:37.028 [main] DEBUG c.service.MarketDataService - [ALGO] BID: price:98 quantity:154
22:53:37.028 [main] DEBUG c.service.MarketDataService - [ALGO] ASK: price:98 quantity:501
22:53:37.028 [main] DEBUG c.service.MarketDataService - [ALGO] ASK: price:101 quantity:200
22:53:37.028 [main] DEBUG c.service.MarketDataService - [ALGO] ASK: price:110 quantity:5000
22:53:37.028 [main] DEBUG c.service.MarketDataService - [ALGO] ASK: price:119 quantity:5600
22:53:37.028 [main] DEBUG c.service.MarketDataService - [ALGO] ASK: price:123 quantity:453
22:53:37.028 [main] DEBUG c.service.MarketDataService - [ALGO] ASK: price:144 quantity:645
22:53:37.028 [main] DEBUG c.service.MarketDataService - [ALGO] ASK: price:167 quantity:665
22:53:37.028 [main] INFO  c.gettingstarted.MyAlgoLogic - [MYALGO] The state of the order book is:
|----BID-----||----ASK----|
    134 @ 43    501 @ 98
    145 @ 76   200 @ 101
    300 @ 91  5000 @ 110
    200 @ 93  5600 @ 119
    100 @ 95   453 @ 123
    154 @ 98   645 @ 144
          -    665 @ 167
|------------||-----------|

22:53:37.028 [main] INFO  c.gettingstarted.MyAlgoLogic - [MYALGO] Algo Sees Book as: 
|----BID-----||----ASK----|
    134 @ 43    501 @ 98
    145 @ 76   200 @ 101
    300 @ 91  5000 @ 110
    200 @ 93  5600 @ 119
    100 @ 95   453 @ 123
    154 @ 98   645 @ 144
          -    665 @ 167
|------------||-----------|

22:53:37.028 [main] INFO  c.gettingstarted.TimedLogic - [TIMEDLOGIC] Market is closed
22:53:37.028 [main] INFO  c.sequencer.consumer.LoggingConsumer - [126] 
|----BID-----|
    134 @ 43
    145 @ 76
    300 @ 91
    200 @ 93
    100 @ 95
    154 @ 98
|----ASK-----|
    501 @ 98
   200 @ 101
  5000 @ 110
  5600 @ 119
   453 @ 123
   645 @ 144
   665 @ 167

22:53:37.028 [main] INFO  c.orderbook.OrderBook - [ORDERBOOK] Processing Mkt Data Update
22:53:37.028 [main] INFO  c.o.v.MutatingRemoveAllMarketDataOrdersVisitor - [ORDERBOOK] Removing market data order:MktData(price=43,quantity=134)
22:53:37.028 [main] INFO  c.o.v.MutatingRemoveAllMarketDataOrdersVisitor - [ORDERBOOK] Removing level:43
22:53:37.028 [main] DEBUG c.orderbook.OrderBook - [ORDERBOOK] ASK: Adding orderMktData(price=43,quantity=134)
22:53:37.028 [main] DEBUG c.orderbook.OrderBook - [ORDERBOOK] ASK: Adding orderMktData(price=76,quantity=145)
22:53:37.028 [main] DEBUG c.orderbook.OrderBook - [ORDERBOOK] ASK: Adding orderMktData(price=91,quantity=300)
22:53:37.028 [main] DEBUG c.orderbook.OrderBook - [ORDERBOOK] ASK: Adding orderMktData(price=93,quantity=200)
22:53:37.028 [main] DEBUG c.orderbook.OrderBook - [ORDERBOOK] ASK: Adding orderMktData(price=95,quantity=100)
22:53:37.028 [main] DEBUG c.orderbook.OrderBook - [ORDERBOOK] ASK: Adding orderMktData(price=98,quantity=154)
22:53:37.028 [main] INFO  c.o.v.MutatingMatchOneMarketDataOrderVisitor - [ORDERBOOK] visiting LevelOrderBookLevel(price=43,quantity=134)
22:53:37.028 [main] INFO  c.o.v.MutatingMatchOneMarketDataOrderVisitor - [ORDERBOOK] Can't match order:MktData(price=43,quantity=134)(MktData(price=98,quantity=154))
22:53:37.028 [main] INFO  c.o.v.MutatingRemoveAllMarketDataOrdersVisitor - [ORDERBOOK] Removing market data order:MktData(price=98,quantity=501)
22:53:37.028 [main] INFO  c.o.v.MutatingRemoveAllMarketDataOrdersVisitor - [ORDERBOOK] Removing level:98
22:53:37.028 [main] INFO  c.o.v.MutatingRemoveAllMarketDataOrdersVisitor - [ORDERBOOK] Removing market data order:MktData(price=101,quantity=200)
22:53:37.028 [main] INFO  c.o.v.MutatingRemoveAllMarketDataOrdersVisitor - [ORDERBOOK] Removing level:101
22:53:37.028 [main] INFO  c.o.v.MutatingRemoveAllMarketDataOrdersVisitor - [ORDERBOOK] Removing market data order:MktData(price=110,quantity=5000)
22:53:37.028 [main] INFO  c.o.v.MutatingRemoveAllMarketDataOrdersVisitor - [ORDERBOOK] Removing level:110
22:53:37.028 [main] INFO  c.o.v.MutatingRemoveAllMarketDataOrdersVisitor - [ORDERBOOK] Removing market data order:MktData(price=119,quantity=5600)
22:53:37.028 [main] INFO  c.o.v.MutatingRemoveAllMarketDataOrdersVisitor - [ORDERBOOK] Removing level:119
22:53:37.028 [main] INFO  c.o.v.MutatingRemoveAllMarketDataOrdersVisitor - [ORDERBOOK] Removing market data order:MktData(price=123,quantity=453)
22:53:37.028 [main] INFO  c.o.v.MutatingRemoveAllMarketDataOrdersVisitor - [ORDERBOOK] Removing level:123
22:53:37.028 [main] INFO  c.o.v.MutatingRemoveAllMarketDataOrdersVisitor - [ORDERBOOK] Removing market data order:MktData(price=144,quantity=645)
22:53:37.028 [main] INFO  c.o.v.MutatingRemoveAllMarketDataOrdersVisitor - [ORDERBOOK] Removing level:144
22:53:37.028 [main] INFO  c.o.v.MutatingRemoveAllMarketDataOrdersVisitor - [ORDERBOOK] Removing market data order:MktData(price=167,quantity=665)
22:53:37.028 [main] INFO  c.o.v.MutatingRemoveAllMarketDataOrdersVisitor - [ORDERBOOK] Removing level:167
22:53:37.028 [main] DEBUG c.orderbook.OrderBook - [ORDERBOOK] ASK: Adding orderMktData(price=98,quantity=501)
22:53:37.028 [main] DEBUG c.orderbook.OrderBook - [ORDERBOOK] ASK: Adding orderMktData(price=101,quantity=200)
22:53:37.028 [main] DEBUG c.orderbook.OrderBook - [ORDERBOOK] ASK: Adding orderMktData(price=110,quantity=5000)
22:53:37.028 [main] DEBUG c.orderbook.OrderBook - [ORDERBOOK] ASK: Adding orderMktData(price=119,quantity=5600)
22:53:37.028 [main] DEBUG c.orderbook.OrderBook - [ORDERBOOK] ASK: Adding orderMktData(price=123,quantity=453)
22:53:37.028 [main] DEBUG c.orderbook.OrderBook - [ORDERBOOK] ASK: Adding orderMktData(price=144,quantity=645)
22:53:37.028 [main] DEBUG c.orderbook.OrderBook - [ORDERBOOK] ASK: Adding orderMktData(price=167,quantity=665)
22:53:37.028 [main] DEBUG c.service.MarketDataService - [ALGO] BID: price:43 quantity:134
22:53:37.028 [main] DEBUG c.service.MarketDataService - [ALGO] BID: price:76 quantity:145
22:53:37.028 [main] DEBUG c.service.MarketDataService - [ALGO] BID: price:91 quantity:300
22:53:37.028 [main] DEBUG c.service.MarketDataService - [ALGO] BID: price:93 quantity:200
22:53:37.028 [main] DEBUG c.service.MarketDataService - [ALGO] BID: price:95 quantity:100
22:53:37.028 [main] DEBUG c.service.MarketDataService - [ALGO] BID: price:98 quantity:154
22:53:37.028 [main] DEBUG c.service.MarketDataService - [ALGO] ASK: price:98 quantity:501
22:53:37.028 [main] DEBUG c.service.MarketDataService - [ALGO] ASK: price:101 quantity:200
22:53:37.028 [main] DEBUG c.service.MarketDataService - [ALGO] ASK: price:110 quantity:5000
22:53:37.028 [main] DEBUG c.service.MarketDataService - [ALGO] ASK: price:119 quantity:5600
22:53:37.028 [main] DEBUG c.service.MarketDataService - [ALGO] ASK: price:123 quantity:453
22:53:37.028 [main] DEBUG c.service.MarketDataService - [ALGO] ASK: price:144 quantity:645
22:53:37.028 [main] DEBUG c.service.MarketDataService - [ALGO] ASK: price:167 quantity:665
22:53:37.028 [main] INFO  c.gettingstarted.MyAlgoLogic - [MYALGO] The state of the order book is:
|----BID-----||----ASK----|
    134 @ 43    501 @ 98
    145 @ 76   200 @ 101
    300 @ 91  5000 @ 110
    200 @ 93  5600 @ 119
    100 @ 95   453 @ 123
    154 @ 98   645 @ 144
          -    665 @ 167
|------------||-----------|

22:53:37.028 [main] INFO  c.gettingstarted.MyAlgoLogic - [MYALGO] Algo Sees Book as: 
|----BID-----||----ASK----|
    134 @ 43    501 @ 98
    145 @ 76   200 @ 101
    300 @ 91  5000 @ 110
    200 @ 93  5600 @ 119
    100 @ 95   453 @ 123
    154 @ 98   645 @ 144
          -    665 @ 167
|------------||-----------|

22:53:37.028 [main] INFO  c.gettingstarted.TimedLogic - [TIMEDLOGIC] Market is closed
22:53:37.028 [main] INFO  c.sequencer.consumer.LoggingConsumer - [127] 
|----BID-----|
    134 @ 43
    145 @ 76
    300 @ 91
    200 @ 93
    100 @ 95
    154 @ 98
|----ASK-----|
    501 @ 98
   200 @ 101
  5000 @ 110
  5600 @ 119
   453 @ 123
   645 @ 144
   665 @ 167

22:53:37.028 [main] INFO  c.orderbook.OrderBook - [ORDERBOOK] Processing Mkt Data Update
22:53:37.028 [main] INFO  c.o.v.MutatingRemoveAllMarketDataOrdersVisitor - [ORDERBOOK] Removing market data order:MktData(price=43,quantity=134)
22:53:37.028 [main] INFO  c.o.v.MutatingRemoveAllMarketDataOrdersVisitor - [ORDERBOOK] Removing level:43
22:53:37.028 [main] DEBUG c.orderbook.OrderBook - [ORDERBOOK] ASK: Adding orderMktData(price=43,quantity=134)
22:53:37.028 [main] DEBUG c.orderbook.OrderBook - [ORDERBOOK] ASK: Adding orderMktData(price=76,quantity=145)
22:53:37.028 [main] DEBUG c.orderbook.OrderBook - [ORDERBOOK] ASK: Adding orderMktData(price=91,quantity=300)
22:53:37.028 [main] DEBUG c.orderbook.OrderBook - [ORDERBOOK] ASK: Adding orderMktData(price=93,quantity=200)
22:53:37.028 [main] DEBUG c.orderbook.OrderBook - [ORDERBOOK] ASK: Adding orderMktData(price=95,quantity=100)
22:53:37.028 [main] DEBUG c.orderbook.OrderBook - [ORDERBOOK] ASK: Adding orderMktData(price=98,quantity=154)
22:53:37.028 [main] INFO  c.o.v.MutatingMatchOneMarketDataOrderVisitor - [ORDERBOOK] visiting LevelOrderBookLevel(price=43,quantity=134)
22:53:37.028 [main] INFO  c.o.v.MutatingMatchOneMarketDataOrderVisitor - [ORDERBOOK] Can't match order:MktData(price=43,quantity=134)(MktData(price=98,quantity=154))
22:53:37.028 [main] INFO  c.o.v.MutatingRemoveAllMarketDataOrdersVisitor - [ORDERBOOK] Removing market data order:MktData(price=98,quantity=501)
22:53:37.028 [main] INFO  c.o.v.MutatingRemoveAllMarketDataOrdersVisitor - [ORDERBOOK] Removing level:98
22:53:37.028 [main] INFO  c.o.v.MutatingRemoveAllMarketDataOrdersVisitor - [ORDERBOOK] Removing market data order:MktData(price=101,quantity=200)
22:53:37.028 [main] INFO  c.o.v.MutatingRemoveAllMarketDataOrdersVisitor - [ORDERBOOK] Removing level:101
22:53:37.028 [main] INFO  c.o.v.MutatingRemoveAllMarketDataOrdersVisitor - [ORDERBOOK] Removing market data order:MktData(price=110,quantity=5000)
22:53:37.028 [main] INFO  c.o.v.MutatingRemoveAllMarketDataOrdersVisitor - [ORDERBOOK] Removing level:110
22:53:37.028 [main] INFO  c.o.v.MutatingRemoveAllMarketDataOrdersVisitor - [ORDERBOOK] Removing market data order:MktData(price=119,quantity=5600)
22:53:37.028 [main] INFO  c.o.v.MutatingRemoveAllMarketDataOrdersVisitor - [ORDERBOOK] Removing level:119
22:53:37.028 [main] INFO  c.o.v.MutatingRemoveAllMarketDataOrdersVisitor - [ORDERBOOK] Removing market data order:MktData(price=123,quantity=453)
22:53:37.028 [main] INFO  c.o.v.MutatingRemoveAllMarketDataOrdersVisitor - [ORDERBOOK] Removing level:123
22:53:37.028 [main] INFO  c.o.v.MutatingRemoveAllMarketDataOrdersVisitor - [ORDERBOOK] Removing market data order:MktData(price=144,quantity=645)
22:53:37.028 [main] INFO  c.o.v.MutatingRemoveAllMarketDataOrdersVisitor - [ORDERBOOK] Removing level:144
22:53:37.028 [main] INFO  c.o.v.MutatingRemoveAllMarketDataOrdersVisitor - [ORDERBOOK] Removing market data order:MktData(price=167,quantity=665)
22:53:37.028 [main] INFO  c.o.v.MutatingRemoveAllMarketDataOrdersVisitor - [ORDERBOOK] Removing level:167
22:53:37.028 [main] DEBUG c.orderbook.OrderBook - [ORDERBOOK] ASK: Adding orderMktData(price=98,quantity=501)
22:53:37.028 [main] DEBUG c.orderbook.OrderBook - [ORDERBOOK] ASK: Adding orderMktData(price=101,quantity=200)
22:53:37.028 [main] DEBUG c.orderbook.OrderBook - [ORDERBOOK] ASK: Adding orderMktData(price=110,quantity=5000)
22:53:37.028 [main] DEBUG c.orderbook.OrderBook - [ORDERBOOK] ASK: Adding orderMktData(price=119,quantity=5600)
22:53:37.028 [main] DEBUG c.orderbook.OrderBook - [ORDERBOOK] ASK: Adding orderMktData(price=123,quantity=453)
22:53:37.028 [main] DEBUG c.orderbook.OrderBook - [ORDERBOOK] ASK: Adding orderMktData(price=144,quantity=645)
22:53:37.028 [main] DEBUG c.orderbook.OrderBook - [ORDERBOOK] ASK: Adding orderMktData(price=167,quantity=665)
22:53:37.028 [main] DEBUG c.service.MarketDataService - [ALGO] BID: price:43 quantity:134
22:53:37.028 [main] DEBUG c.service.MarketDataService - [ALGO] BID: price:76 quantity:145
22:53:37.028 [main] DEBUG c.service.MarketDataService - [ALGO] BID: price:91 quantity:300
22:53:37.028 [main] DEBUG c.service.MarketDataService - [ALGO] BID: price:93 quantity:200
22:53:37.028 [main] DEBUG c.service.MarketDataService - [ALGO] BID: price:95 quantity:100
22:53:37.028 [main] DEBUG c.service.MarketDataService - [ALGO] BID: price:98 quantity:154
22:53:37.028 [main] DEBUG c.service.MarketDataService - [ALGO] ASK: price:98 quantity:501
22:53:37.028 [main] DEBUG c.service.MarketDataService - [ALGO] ASK: price:101 quantity:200
22:53:37.028 [main] DEBUG c.service.MarketDataService - [ALGO] ASK: price:110 quantity:5000
22:53:37.028 [main] DEBUG c.service.MarketDataService - [ALGO] ASK: price:119 quantity:5600
22:53:37.028 [main] DEBUG c.service.MarketDataService - [ALGO] ASK: price:123 quantity:453
22:53:37.028 [main] DEBUG c.service.MarketDataService - [ALGO] ASK: price:144 quantity:645
22:53:37.028 [main] DEBUG c.service.MarketDataService - [ALGO] ASK: price:167 quantity:665
22:53:37.028 [main] INFO  c.gettingstarted.MyAlgoLogic - [MYALGO] The state of the order book is:
|----BID-----||----ASK----|
    134 @ 43    501 @ 98
    145 @ 76   200 @ 101
    300 @ 91  5000 @ 110
    200 @ 93  5600 @ 119
    100 @ 95   453 @ 123
    154 @ 98   645 @ 144
          -    665 @ 167
|------------||-----------|

22:53:37.028 [main] INFO  c.gettingstarted.MyAlgoLogic - [MYALGO] Algo Sees Book as: 
|----BID-----||----ASK----|
    134 @ 43    501 @ 98
    145 @ 76   200 @ 101
    300 @ 91  5000 @ 110
    200 @ 93  5600 @ 119
    100 @ 95   453 @ 123
    154 @ 98   645 @ 144
          -    665 @ 167
|------------||-----------|

22:53:37.030 [main] INFO  c.gettingstarted.TimedLogic - [TIMEDLOGIC] Market is closed
22:53:37.032 [main] INFO  c.sequencer.consumer.LoggingConsumer - [128] 
|----BID-----|
    134 @ 43
    145 @ 76
    300 @ 91
    200 @ 93
    100 @ 95
    154 @ 98
|----ASK-----|
    501 @ 98
   200 @ 101
  5000 @ 110
  5600 @ 119
   453 @ 123
   645 @ 144
   665 @ 167

22:53:37.032 [main] INFO  c.orderbook.OrderBook - [ORDERBOOK] Processing Mkt Data Update
22:53:37.032 [main] INFO  c.o.v.MutatingRemoveAllMarketDataOrdersVisitor - [ORDERBOOK] Removing market data order:MktData(price=43,quantity=134)
22:53:37.032 [main] INFO  c.o.v.MutatingRemoveAllMarketDataOrdersVisitor - [ORDERBOOK] Removing level:43
22:53:37.032 [main] DEBUG c.orderbook.OrderBook - [ORDERBOOK] ASK: Adding orderMktData(price=43,quantity=134)
22:53:37.032 [main] DEBUG c.orderbook.OrderBook - [ORDERBOOK] ASK: Adding orderMktData(price=76,quantity=145)
22:53:37.032 [main] DEBUG c.orderbook.OrderBook - [ORDERBOOK] ASK: Adding orderMktData(price=91,quantity=300)
22:53:37.032 [main] DEBUG c.orderbook.OrderBook - [ORDERBOOK] ASK: Adding orderMktData(price=93,quantity=200)
22:53:37.032 [main] DEBUG c.orderbook.OrderBook - [ORDERBOOK] ASK: Adding orderMktData(price=95,quantity=100)
22:53:37.032 [main] DEBUG c.orderbook.OrderBook - [ORDERBOOK] ASK: Adding orderMktData(price=98,quantity=154)
22:53:37.032 [main] INFO  c.o.v.MutatingMatchOneMarketDataOrderVisitor - [ORDERBOOK] visiting LevelOrderBookLevel(price=43,quantity=134)
22:53:37.032 [main] INFO  c.o.v.MutatingMatchOneMarketDataOrderVisitor - [ORDERBOOK] Can't match order:MktData(price=43,quantity=134)(MktData(price=98,quantity=154))
22:53:37.032 [main] INFO  c.o.v.MutatingRemoveAllMarketDataOrdersVisitor - [ORDERBOOK] Removing market data order:MktData(price=98,quantity=501)
22:53:37.032 [main] INFO  c.o.v.MutatingRemoveAllMarketDataOrdersVisitor - [ORDERBOOK] Removing level:98
22:53:37.032 [main] INFO  c.o.v.MutatingRemoveAllMarketDataOrdersVisitor - [ORDERBOOK] Removing market data order:MktData(price=101,quantity=200)
22:53:37.032 [main] INFO  c.o.v.MutatingRemoveAllMarketDataOrdersVisitor - [ORDERBOOK] Removing level:101
22:53:37.032 [main] INFO  c.o.v.MutatingRemoveAllMarketDataOrdersVisitor - [ORDERBOOK] Removing market data order:MktData(price=110,quantity=5000)
22:53:37.032 [main] INFO  c.o.v.MutatingRemoveAllMarketDataOrdersVisitor - [ORDERBOOK] Removing level:110
22:53:37.032 [main] INFO  c.o.v.MutatingRemoveAllMarketDataOrdersVisitor - [ORDERBOOK] Removing market data order:MktData(price=119,quantity=5600)
22:53:37.032 [main] INFO  c.o.v.MutatingRemoveAllMarketDataOrdersVisitor - [ORDERBOOK] Removing level:119
22:53:37.032 [main] INFO  c.o.v.MutatingRemoveAllMarketDataOrdersVisitor - [ORDERBOOK] Removing market data order:MktData(price=123,quantity=453)
22:53:37.032 [main] INFO  c.o.v.MutatingRemoveAllMarketDataOrdersVisitor - [ORDERBOOK] Removing level:123
22:53:37.032 [main] INFO  c.o.v.MutatingRemoveAllMarketDataOrdersVisitor - [ORDERBOOK] Removing market data order:MktData(price=144,quantity=645)
22:53:37.032 [main] INFO  c.o.v.MutatingRemoveAllMarketDataOrdersVisitor - [ORDERBOOK] Removing level:144
22:53:37.032 [main] INFO  c.o.v.MutatingRemoveAllMarketDataOrdersVisitor - [ORDERBOOK] Removing market data order:MktData(price=167,quantity=665)
22:53:37.032 [main] INFO  c.o.v.MutatingRemoveAllMarketDataOrdersVisitor - [ORDERBOOK] Removing level:167
22:53:37.032 [main] DEBUG c.orderbook.OrderBook - [ORDERBOOK] ASK: Adding orderMktData(price=98,quantity=501)
22:53:37.032 [main] DEBUG c.orderbook.OrderBook - [ORDERBOOK] ASK: Adding orderMktData(price=101,quantity=200)
22:53:37.032 [main] DEBUG c.orderbook.OrderBook - [ORDERBOOK] ASK: Adding orderMktData(price=110,quantity=5000)
22:53:37.032 [main] DEBUG c.orderbook.OrderBook - [ORDERBOOK] ASK: Adding orderMktData(price=119,quantity=5600)
22:53:37.032 [main] DEBUG c.orderbook.OrderBook - [ORDERBOOK] ASK: Adding orderMktData(price=123,quantity=453)
22:53:37.032 [main] DEBUG c.orderbook.OrderBook - [ORDERBOOK] ASK: Adding orderMktData(price=144,quantity=645)
22:53:37.032 [main] DEBUG c.orderbook.OrderBook - [ORDERBOOK] ASK: Adding orderMktData(price=167,quantity=665)
22:53:37.116 [main] DEBUG c.service.MarketDataService - [ALGO] BID: price:43 quantity:134
22:53:37.116 [main] DEBUG c.service.MarketDataService - [ALGO] BID: price:76 quantity:145
22:53:37.116 [main] DEBUG c.service.MarketDataService - [ALGO] BID: price:91 quantity:300
22:53:37.116 [main] DEBUG c.service.MarketDataService - [ALGO] BID: price:93 quantity:200
22:53:37.116 [main] DEBUG c.service.MarketDataService - [ALGO] BID: price:95 quantity:100
22:53:37.116 [main] DEBUG c.service.MarketDataService - [ALGO] BID: price:98 quantity:154
22:53:37.116 [main] DEBUG c.service.MarketDataService - [ALGO] ASK: price:98 quantity:501
22:53:37.116 [main] DEBUG c.service.MarketDataService - [ALGO] ASK: price:101 quantity:200
22:53:37.116 [main] DEBUG c.service.MarketDataService - [ALGO] ASK: price:110 quantity:5000
22:53:37.116 [main] DEBUG c.service.MarketDataService - [ALGO] ASK: price:119 quantity:5600
22:53:37.116 [main] DEBUG c.service.MarketDataService - [ALGO] ASK: price:123 quantity:453
22:53:37.116 [main] DEBUG c.service.MarketDataService - [ALGO] ASK: price:144 quantity:645
22:53:37.116 [main] DEBUG c.service.MarketDataService - [ALGO] ASK: price:167 quantity:665
22:53:37.116 [main] INFO  c.gettingstarted.MyAlgoLogic - [MYALGO] The state of the order book is:
|----BID-----||----ASK----|
    134 @ 43    501 @ 98
    145 @ 76   200 @ 101
    300 @ 91  5000 @ 110
    200 @ 93  5600 @ 119
    100 @ 95   453 @ 123
    154 @ 98   645 @ 144
          -    665 @ 167
|------------||-----------|

22:53:37.122 [main] INFO  c.gettingstarted.MyAlgoLogic - [MYALGO] Algo Sees Book as: 
|----BID-----||----ASK----|
    134 @ 43    501 @ 98
    145 @ 76   200 @ 101
    300 @ 91  5000 @ 110
    200 @ 93  5600 @ 119
    100 @ 95   453 @ 123
    154 @ 98   645 @ 144
          -    665 @ 167
|------------||-----------|

22:53:37.122 [main] INFO  c.gettingstarted.TimedLogic - [TIMEDLOGIC] Market is closed
22:53:37.122 [main] INFO  c.sequencer.consumer.LoggingConsumer - [129] 
|----BID-----|
    134 @ 43
    145 @ 76
    300 @ 91
    200 @ 93
    100 @ 95
    154 @ 98
|----ASK-----|
    501 @ 98
   200 @ 101
  5000 @ 110
  5600 @ 119
   453 @ 123
   645 @ 144
   665 @ 167

22:53:37.122 [main] INFO  c.orderbook.OrderBook - [ORDERBOOK] Processing Mkt Data Update
22:53:37.122 [main] INFO  c.o.v.MutatingRemoveAllMarketDataOrdersVisitor - [ORDERBOOK] Removing market data order:MktData(price=43,quantity=134)
22:53:37.122 [main] INFO  c.o.v.MutatingRemoveAllMarketDataOrdersVisitor - [ORDERBOOK] Removing level:43
22:53:37.122 [main] DEBUG c.orderbook.OrderBook - [ORDERBOOK] ASK: Adding orderMktData(price=43,quantity=134)
22:53:37.122 [main] DEBUG c.orderbook.OrderBook - [ORDERBOOK] ASK: Adding orderMktData(price=76,quantity=145)
22:53:37.122 [main] DEBUG c.orderbook.OrderBook - [ORDERBOOK] ASK: Adding orderMktData(price=91,quantity=300)
22:53:37.124 [main] DEBUG c.orderbook.OrderBook - [ORDERBOOK] ASK: Adding orderMktData(price=93,quantity=200)
22:53:37.124 [main] DEBUG c.orderbook.OrderBook - [ORDERBOOK] ASK: Adding orderMktData(price=95,quantity=100)
22:53:37.124 [main] DEBUG c.orderbook.OrderBook - [ORDERBOOK] ASK: Adding orderMktData(price=98,quantity=154)
22:53:37.124 [main] INFO  c.o.v.MutatingMatchOneMarketDataOrderVisitor - [ORDERBOOK] visiting LevelOrderBookLevel(price=43,quantity=134)
22:53:37.124 [main] INFO  c.o.v.MutatingMatchOneMarketDataOrderVisitor - [ORDERBOOK] Can't match order:MktData(price=43,quantity=134)(MktData(price=98,quantity=154))
22:53:37.124 [main] INFO  c.o.v.MutatingRemoveAllMarketDataOrdersVisitor - [ORDERBOOK] Removing market data order:MktData(price=98,quantity=501)
22:53:37.124 [main] INFO  c.o.v.MutatingRemoveAllMarketDataOrdersVisitor - [ORDERBOOK] Removing level:98
22:53:37.124 [main] INFO  c.o.v.MutatingRemoveAllMarketDataOrdersVisitor - [ORDERBOOK] Removing market data order:MktData(price=101,quantity=200)
22:53:37.124 [main] INFO  c.o.v.MutatingRemoveAllMarketDataOrdersVisitor - [ORDERBOOK] Removing level:101
22:53:37.124 [main] INFO  c.o.v.MutatingRemoveAllMarketDataOrdersVisitor - [ORDERBOOK] Removing market data order:MktData(price=110,quantity=5000)
22:53:37.124 [main] INFO  c.o.v.MutatingRemoveAllMarketDataOrdersVisitor - [ORDERBOOK] Removing level:110
22:53:37.124 [main] INFO  c.o.v.MutatingRemoveAllMarketDataOrdersVisitor - [ORDERBOOK] Removing market data order:MktData(price=119,quantity=5600)
22:53:37.124 [main] INFO  c.o.v.MutatingRemoveAllMarketDataOrdersVisitor - [ORDERBOOK] Removing level:119
22:53:37.124 [main] INFO  c.o.v.MutatingRemoveAllMarketDataOrdersVisitor - [ORDERBOOK] Removing market data order:MktData(price=123,quantity=453)
22:53:37.124 [main] INFO  c.o.v.MutatingRemoveAllMarketDataOrdersVisitor - [ORDERBOOK] Removing level:123
22:53:37.124 [main] INFO  c.o.v.MutatingRemoveAllMarketDataOrdersVisitor - [ORDERBOOK] Removing market data order:MktData(price=144,quantity=645)
22:53:37.124 [main] INFO  c.o.v.MutatingRemoveAllMarketDataOrdersVisitor - [ORDERBOOK] Removing level:144
22:53:37.124 [main] INFO  c.o.v.MutatingRemoveAllMarketDataOrdersVisitor - [ORDERBOOK] Removing market data order:MktData(price=167,quantity=665)
22:53:37.124 [main] INFO  c.o.v.MutatingRemoveAllMarketDataOrdersVisitor - [ORDERBOOK] Removing level:167
22:53:37.124 [main] DEBUG c.orderbook.OrderBook - [ORDERBOOK] ASK: Adding orderMktData(price=98,quantity=501)
22:53:37.124 [main] DEBUG c.orderbook.OrderBook - [ORDERBOOK] ASK: Adding orderMktData(price=101,quantity=200)
22:53:37.124 [main] DEBUG c.orderbook.OrderBook - [ORDERBOOK] ASK: Adding orderMktData(price=110,quantity=5000)
22:53:37.124 [main] DEBUG c.orderbook.OrderBook - [ORDERBOOK] ASK: Adding orderMktData(price=119,quantity=5600)
22:53:37.124 [main] DEBUG c.orderbook.OrderBook - [ORDERBOOK] ASK: Adding orderMktData(price=123,quantity=453)
22:53:37.124 [main] DEBUG c.orderbook.OrderBook - [ORDERBOOK] ASK: Adding orderMktData(price=144,quantity=645)
22:53:37.124 [main] DEBUG c.orderbook.OrderBook - [ORDERBOOK] ASK: Adding orderMktData(price=167,quantity=665)
22:53:37.124 [main] DEBUG c.service.MarketDataService - [ALGO] BID: price:43 quantity:134
22:53:37.124 [main] DEBUG c.service.MarketDataService - [ALGO] BID: price:76 quantity:145
22:53:37.124 [main] DEBUG c.service.MarketDataService - [ALGO] BID: price:91 quantity:300
22:53:37.124 [main] DEBUG c.service.MarketDataService - [ALGO] BID: price:93 quantity:200
22:53:37.124 [main] DEBUG c.service.MarketDataService - [ALGO] BID: price:95 quantity:100
22:53:37.124 [main] DEBUG c.service.MarketDataService - [ALGO] BID: price:98 quantity:154
22:53:37.124 [main] DEBUG c.service.MarketDataService - [ALGO] ASK: price:98 quantity:501
22:53:37.124 [main] DEBUG c.service.MarketDataService - [ALGO] ASK: price:101 quantity:200
22:53:37.124 [main] DEBUG c.service.MarketDataService - [ALGO] ASK: price:110 quantity:5000
22:53:37.124 [main] DEBUG c.service.MarketDataService - [ALGO] ASK: price:119 quantity:5600
22:53:37.124 [main] DEBUG c.service.MarketDataService - [ALGO] ASK: price:123 quantity:453
22:53:37.124 [main] DEBUG c.service.MarketDataService - [ALGO] ASK: price:144 quantity:645
22:53:37.124 [main] DEBUG c.service.MarketDataService - [ALGO] ASK: price:167 quantity:665
22:53:37.124 [main] INFO  c.gettingstarted.MyAlgoLogic - [MYALGO] The state of the order book is:
|----BID-----||----ASK----|
    134 @ 43    501 @ 98
    145 @ 76   200 @ 101
    300 @ 91  5000 @ 110
    200 @ 93  5600 @ 119
    100 @ 95   453 @ 123
    154 @ 98   645 @ 144
          -    665 @ 167
|------------||-----------|

22:53:37.124 [main] INFO  c.gettingstarted.MyAlgoLogic - [MYALGO] Algo Sees Book as: 
|----BID-----||----ASK----|
    134 @ 43    501 @ 98
    145 @ 76   200 @ 101
    300 @ 91  5000 @ 110
    200 @ 93  5600 @ 119
    100 @ 95   453 @ 123
    154 @ 98   645 @ 144
          -    665 @ 167
|------------||-----------|

22:53:37.124 [main] INFO  c.gettingstarted.TimedLogic - [TIMEDLOGIC] Market is closed
22:53:37.124 [main] INFO  c.sequencer.consumer.LoggingConsumer - [130] 
|----BID-----|
    134 @ 43
    145 @ 76
    300 @ 91
    200 @ 93
    100 @ 95
    154 @ 98
|----ASK-----|
    501 @ 98
   200 @ 101
  5000 @ 110
  5600 @ 119
   453 @ 123
   645 @ 144
   665 @ 167

22:53:37.124 [main] INFO  c.orderbook.OrderBook - [ORDERBOOK] Processing Mkt Data Update
22:53:37.124 [main] INFO  c.o.v.MutatingRemoveAllMarketDataOrdersVisitor - [ORDERBOOK] Removing market data order:MktData(price=43,quantity=134)
22:53:37.124 [main] INFO  c.o.v.MutatingRemoveAllMarketDataOrdersVisitor - [ORDERBOOK] Removing level:43
22:53:37.124 [main] DEBUG c.orderbook.OrderBook - [ORDERBOOK] ASK: Adding orderMktData(price=43,quantity=134)
22:53:37.124 [main] DEBUG c.orderbook.OrderBook - [ORDERBOOK] ASK: Adding orderMktData(price=76,quantity=145)
22:53:37.124 [main] DEBUG c.orderbook.OrderBook - [ORDERBOOK] ASK: Adding orderMktData(price=91,quantity=300)
22:53:37.124 [main] DEBUG c.orderbook.OrderBook - [ORDERBOOK] ASK: Adding orderMktData(price=93,quantity=200)
22:53:37.124 [main] DEBUG c.orderbook.OrderBook - [ORDERBOOK] ASK: Adding orderMktData(price=95,quantity=100)
22:53:37.124 [main] DEBUG c.orderbook.OrderBook - [ORDERBOOK] ASK: Adding orderMktData(price=98,quantity=154)
22:53:37.124 [main] INFO  c.o.v.MutatingMatchOneMarketDataOrderVisitor - [ORDERBOOK] visiting LevelOrderBookLevel(price=43,quantity=134)
22:53:37.124 [main] INFO  c.o.v.MutatingMatchOneMarketDataOrderVisitor - [ORDERBOOK] Can't match order:MktData(price=43,quantity=134)(MktData(price=98,quantity=154))
22:53:37.124 [main] INFO  c.o.v.MutatingRemoveAllMarketDataOrdersVisitor - [ORDERBOOK] Removing market data order:MktData(price=98,quantity=501)
22:53:37.124 [main] INFO  c.o.v.MutatingRemoveAllMarketDataOrdersVisitor - [ORDERBOOK] Removing level:98
22:53:37.124 [main] INFO  c.o.v.MutatingRemoveAllMarketDataOrdersVisitor - [ORDERBOOK] Removing market data order:MktData(price=101,quantity=200)
22:53:37.124 [main] INFO  c.o.v.MutatingRemoveAllMarketDataOrdersVisitor - [ORDERBOOK] Removing level:101
22:53:37.124 [main] INFO  c.o.v.MutatingRemoveAllMarketDataOrdersVisitor - [ORDERBOOK] Removing market data order:MktData(price=110,quantity=5000)
22:53:37.124 [main] INFO  c.o.v.MutatingRemoveAllMarketDataOrdersVisitor - [ORDERBOOK] Removing level:110
22:53:37.124 [main] INFO  c.o.v.MutatingRemoveAllMarketDataOrdersVisitor - [ORDERBOOK] Removing market data order:MktData(price=119,quantity=5600)
22:53:37.124 [main] INFO  c.o.v.MutatingRemoveAllMarketDataOrdersVisitor - [ORDERBOOK] Removing level:119
22:53:37.124 [main] INFO  c.o.v.MutatingRemoveAllMarketDataOrdersVisitor - [ORDERBOOK] Removing market data order:MktData(price=123,quantity=453)
22:53:37.124 [main] INFO  c.o.v.MutatingRemoveAllMarketDataOrdersVisitor - [ORDERBOOK] Removing level:123
22:53:37.124 [main] INFO  c.o.v.MutatingRemoveAllMarketDataOrdersVisitor - [ORDERBOOK] Removing market data order:MktData(price=144,quantity=645)
22:53:37.124 [main] INFO  c.o.v.MutatingRemoveAllMarketDataOrdersVisitor - [ORDERBOOK] Removing level:144
22:53:37.124 [main] INFO  c.o.v.MutatingRemoveAllMarketDataOrdersVisitor - [ORDERBOOK] Removing market data order:MktData(price=167,quantity=665)
22:53:37.124 [main] INFO  c.o.v.MutatingRemoveAllMarketDataOrdersVisitor - [ORDERBOOK] Removing level:167
22:53:37.124 [main] DEBUG c.orderbook.OrderBook - [ORDERBOOK] ASK: Adding orderMktData(price=98,quantity=501)
22:53:37.124 [main] DEBUG c.orderbook.OrderBook - [ORDERBOOK] ASK: Adding orderMktData(price=101,quantity=200)
22:53:37.124 [main] DEBUG c.orderbook.OrderBook - [ORDERBOOK] ASK: Adding orderMktData(price=110,quantity=5000)
22:53:37.124 [main] DEBUG c.orderbook.OrderBook - [ORDERBOOK] ASK: Adding orderMktData(price=119,quantity=5600)
22:53:37.124 [main] DEBUG c.orderbook.OrderBook - [ORDERBOOK] ASK: Adding orderMktData(price=123,quantity=453)
22:53:37.124 [main] DEBUG c.orderbook.OrderBook - [ORDERBOOK] ASK: Adding orderMktData(price=144,quantity=645)
22:53:37.124 [main] DEBUG c.orderbook.OrderBook - [ORDERBOOK] ASK: Adding orderMktData(price=167,quantity=665)
22:53:37.124 [main] DEBUG c.service.MarketDataService - [ALGO] BID: price:43 quantity:134
22:53:37.124 [main] DEBUG c.service.MarketDataService - [ALGO] BID: price:76 quantity:145
22:53:37.124 [main] DEBUG c.service.MarketDataService - [ALGO] BID: price:91 quantity:300
22:53:37.124 [main] DEBUG c.service.MarketDataService - [ALGO] BID: price:93 quantity:200
22:53:37.124 [main] DEBUG c.service.MarketDataService - [ALGO] BID: price:95 quantity:100
22:53:37.124 [main] DEBUG c.service.MarketDataService - [ALGO] BID: price:98 quantity:154
22:53:37.124 [main] DEBUG c.service.MarketDataService - [ALGO] ASK: price:98 quantity:501
22:53:37.124 [main] DEBUG c.service.MarketDataService - [ALGO] ASK: price:101 quantity:200
22:53:37.124 [main] DEBUG c.service.MarketDataService - [ALGO] ASK: price:110 quantity:5000
22:53:37.124 [main] DEBUG c.service.MarketDataService - [ALGO] ASK: price:119 quantity:5600
22:53:37.124 [main] DEBUG c.service.MarketDataService - [ALGO] ASK: price:123 quantity:453
22:53:37.124 [main] DEBUG c.service.MarketDataService - [ALGO] ASK: price:144 quantity:645
22:53:37.124 [main] DEBUG c.service.MarketDataService - [ALGO] ASK: price:167 quantity:665
22:53:37.124 [main] INFO  c.gettingstarted.MyAlgoLogic - [MYALGO] The state of the order book is:
|----BID-----||----ASK----|
    134 @ 43    501 @ 98
    145 @ 76   200 @ 101
    300 @ 91  5000 @ 110
    200 @ 93  5600 @ 119
    100 @ 95   453 @ 123
    154 @ 98   645 @ 144
          -    665 @ 167
|------------||-----------|

22:53:37.124 [main] INFO  c.gettingstarted.MyAlgoLogic - [MYALGO] Algo Sees Book as: 
|----BID-----||----ASK----|
    134 @ 43    501 @ 98
    145 @ 76   200 @ 101
    300 @ 91  5000 @ 110
    200 @ 93  5600 @ 119
    100 @ 95   453 @ 123
    154 @ 98   645 @ 144
          -    665 @ 167
|------------||-----------|

22:53:37.124 [main] INFO  c.gettingstarted.TimedLogic - [TIMEDLOGIC] Market is closed
22:53:37.124 [main] INFO  c.sequencer.consumer.LoggingConsumer - [131] 
|----BID-----|
    134 @ 43
    145 @ 76
    300 @ 91
    200 @ 93
    100 @ 95
    154 @ 98
|----ASK-----|
    501 @ 98
   200 @ 101
  5000 @ 110
  5600 @ 119
   453 @ 123
   645 @ 144
   665 @ 167

22:53:37.124 [main] INFO  c.orderbook.OrderBook - [ORDERBOOK] Processing Mkt Data Update
22:53:37.124 [main] INFO  c.o.v.MutatingRemoveAllMarketDataOrdersVisitor - [ORDERBOOK] Removing market data order:MktData(price=43,quantity=134)
22:53:37.124 [main] INFO  c.o.v.MutatingRemoveAllMarketDataOrdersVisitor - [ORDERBOOK] Removing level:43
22:53:37.124 [main] DEBUG c.orderbook.OrderBook - [ORDERBOOK] ASK: Adding orderMktData(price=43,quantity=134)
22:53:37.124 [main] DEBUG c.orderbook.OrderBook - [ORDERBOOK] ASK: Adding orderMktData(price=76,quantity=145)
22:53:37.124 [main] DEBUG c.orderbook.OrderBook - [ORDERBOOK] ASK: Adding orderMktData(price=91,quantity=300)
22:53:37.124 [main] DEBUG c.orderbook.OrderBook - [ORDERBOOK] ASK: Adding orderMktData(price=93,quantity=200)
22:53:37.124 [main] DEBUG c.orderbook.OrderBook - [ORDERBOOK] ASK: Adding orderMktData(price=95,quantity=100)
22:53:37.124 [main] DEBUG c.orderbook.OrderBook - [ORDERBOOK] ASK: Adding orderMktData(price=98,quantity=154)
22:53:37.124 [main] INFO  c.o.v.MutatingMatchOneMarketDataOrderVisitor - [ORDERBOOK] visiting LevelOrderBookLevel(price=43,quantity=134)
22:53:37.124 [main] INFO  c.o.v.MutatingMatchOneMarketDataOrderVisitor - [ORDERBOOK] Can't match order:MktData(price=43,quantity=134)(MktData(price=98,quantity=154))
22:53:37.124 [main] INFO  c.o.v.MutatingRemoveAllMarketDataOrdersVisitor - [ORDERBOOK] Removing market data order:MktData(price=98,quantity=501)
22:53:37.124 [main] INFO  c.o.v.MutatingRemoveAllMarketDataOrdersVisitor - [ORDERBOOK] Removing level:98
22:53:37.124 [main] INFO  c.o.v.MutatingRemoveAllMarketDataOrdersVisitor - [ORDERBOOK] Removing market data order:MktData(price=101,quantity=200)
22:53:37.124 [main] INFO  c.o.v.MutatingRemoveAllMarketDataOrdersVisitor - [ORDERBOOK] Removing level:101
22:53:37.124 [main] INFO  c.o.v.MutatingRemoveAllMarketDataOrdersVisitor - [ORDERBOOK] Removing market data order:MktData(price=110,quantity=5000)
22:53:37.124 [main] INFO  c.o.v.MutatingRemoveAllMarketDataOrdersVisitor - [ORDERBOOK] Removing level:110
22:53:37.124 [main] INFO  c.o.v.MutatingRemoveAllMarketDataOrdersVisitor - [ORDERBOOK] Removing market data order:MktData(price=119,quantity=5600)
22:53:37.124 [main] INFO  c.o.v.MutatingRemoveAllMarketDataOrdersVisitor - [ORDERBOOK] Removing level:119
22:53:37.124 [main] INFO  c.o.v.MutatingRemoveAllMarketDataOrdersVisitor - [ORDERBOOK] Removing market data order:MktData(price=123,quantity=453)
22:53:37.124 [main] INFO  c.o.v.MutatingRemoveAllMarketDataOrdersVisitor - [ORDERBOOK] Removing level:123
22:53:37.124 [main] INFO  c.o.v.MutatingRemoveAllMarketDataOrdersVisitor - [ORDERBOOK] Removing market data order:MktData(price=144,quantity=645)
22:53:37.124 [main] INFO  c.o.v.MutatingRemoveAllMarketDataOrdersVisitor - [ORDERBOOK] Removing level:144
22:53:37.124 [main] INFO  c.o.v.MutatingRemoveAllMarketDataOrdersVisitor - [ORDERBOOK] Removing market data order:MktData(price=167,quantity=665)
22:53:37.124 [main] INFO  c.o.v.MutatingRemoveAllMarketDataOrdersVisitor - [ORDERBOOK] Removing level:167
22:53:37.124 [main] DEBUG c.orderbook.OrderBook - [ORDERBOOK] ASK: Adding orderMktData(price=98,quantity=501)
22:53:37.124 [main] DEBUG c.orderbook.OrderBook - [ORDERBOOK] ASK: Adding orderMktData(price=101,quantity=200)
22:53:37.124 [main] DEBUG c.orderbook.OrderBook - [ORDERBOOK] ASK: Adding orderMktData(price=110,quantity=5000)
22:53:37.124 [main] DEBUG c.orderbook.OrderBook - [ORDERBOOK] ASK: Adding orderMktData(price=119,quantity=5600)
22:53:37.124 [main] DEBUG c.orderbook.OrderBook - [ORDERBOOK] ASK: Adding orderMktData(price=123,quantity=453)
22:53:37.124 [main] DEBUG c.orderbook.OrderBook - [ORDERBOOK] ASK: Adding orderMktData(price=144,quantity=645)
22:53:37.124 [main] DEBUG c.orderbook.OrderBook - [ORDERBOOK] ASK: Adding orderMktData(price=167,quantity=665)
22:53:37.124 [main] DEBUG c.service.MarketDataService - [ALGO] BID: price:43 quantity:134
22:53:37.124 [main] DEBUG c.service.MarketDataService - [ALGO] BID: price:76 quantity:145
22:53:37.124 [main] DEBUG c.service.MarketDataService - [ALGO] BID: price:91 quantity:300
22:53:37.124 [main] DEBUG c.service.MarketDataService - [ALGO] BID: price:93 quantity:200
22:53:37.124 [main] DEBUG c.service.MarketDataService - [ALGO] BID: price:95 quantity:100
22:53:37.124 [main] DEBUG c.service.MarketDataService - [ALGO] BID: price:98 quantity:154
22:53:37.124 [main] DEBUG c.service.MarketDataService - [ALGO] ASK: price:98 quantity:501
22:53:37.124 [main] DEBUG c.service.MarketDataService - [ALGO] ASK: price:101 quantity:200
22:53:37.124 [main] DEBUG c.service.MarketDataService - [ALGO] ASK: price:110 quantity:5000
22:53:37.124 [main] DEBUG c.service.MarketDataService - [ALGO] ASK: price:119 quantity:5600
22:53:37.124 [main] DEBUG c.service.MarketDataService - [ALGO] ASK: price:123 quantity:453
22:53:37.124 [main] DEBUG c.service.MarketDataService - [ALGO] ASK: price:144 quantity:645
22:53:37.124 [main] DEBUG c.service.MarketDataService - [ALGO] ASK: price:167 quantity:665
22:53:37.124 [main] INFO  c.gettingstarted.MyAlgoLogic - [MYALGO] The state of the order book is:
|----BID-----||----ASK----|
    134 @ 43    501 @ 98
    145 @ 76   200 @ 101
    300 @ 91  5000 @ 110
    200 @ 93  5600 @ 119
    100 @ 95   453 @ 123
    154 @ 98   645 @ 144
          -    665 @ 167
|------------||-----------|

22:53:37.124 [main] INFO  c.gettingstarted.MyAlgoLogic - [MYALGO] Algo Sees Book as: 
|----BID-----||----ASK----|
    134 @ 43    501 @ 98
    145 @ 76   200 @ 101
    300 @ 91  5000 @ 110
    200 @ 93  5600 @ 119
    100 @ 95   453 @ 123
    154 @ 98   645 @ 144
          -    665 @ 167
|------------||-----------|

22:53:37.124 [main] INFO  c.gettingstarted.TimedLogic - [TIMEDLOGIC] Market is closed
22:53:37.124 [main] INFO  c.sequencer.consumer.LoggingConsumer - [132] 
|----BID-----|
    134 @ 43
    145 @ 76
    300 @ 91
    200 @ 93
    100 @ 95
    154 @ 98
|----ASK-----|
    501 @ 98
   200 @ 101
  5000 @ 110
  5600 @ 119
   453 @ 123
   645 @ 144
   665 @ 167

22:53:37.124 [main] INFO  c.orderbook.OrderBook - [ORDERBOOK] Processing Mkt Data Update
22:53:37.124 [main] INFO  c.o.v.MutatingRemoveAllMarketDataOrdersVisitor - [ORDERBOOK] Removing market data order:MktData(price=43,quantity=134)
22:53:37.124 [main] INFO  c.o.v.MutatingRemoveAllMarketDataOrdersVisitor - [ORDERBOOK] Removing level:43
22:53:37.124 [main] DEBUG c.orderbook.OrderBook - [ORDERBOOK] ASK: Adding orderMktData(price=43,quantity=134)
22:53:37.124 [main] DEBUG c.orderbook.OrderBook - [ORDERBOOK] ASK: Adding orderMktData(price=76,quantity=145)
22:53:37.124 [main] DEBUG c.orderbook.OrderBook - [ORDERBOOK] ASK: Adding orderMktData(price=91,quantity=300)
22:53:37.124 [main] DEBUG c.orderbook.OrderBook - [ORDERBOOK] ASK: Adding orderMktData(price=93,quantity=200)
22:53:37.124 [main] DEBUG c.orderbook.OrderBook - [ORDERBOOK] ASK: Adding orderMktData(price=95,quantity=100)
22:53:37.124 [main] DEBUG c.orderbook.OrderBook - [ORDERBOOK] ASK: Adding orderMktData(price=98,quantity=154)
22:53:37.124 [main] INFO  c.o.v.MutatingMatchOneMarketDataOrderVisitor - [ORDERBOOK] visiting LevelOrderBookLevel(price=43,quantity=134)
22:53:37.124 [main] INFO  c.o.v.MutatingMatchOneMarketDataOrderVisitor - [ORDERBOOK] Can't match order:MktData(price=43,quantity=134)(MktData(price=98,quantity=154))
22:53:37.124 [main] INFO  c.o.v.MutatingRemoveAllMarketDataOrdersVisitor - [ORDERBOOK] Removing market data order:MktData(price=98,quantity=501)
22:53:37.124 [main] INFO  c.o.v.MutatingRemoveAllMarketDataOrdersVisitor - [ORDERBOOK] Removing level:98
22:53:37.124 [main] INFO  c.o.v.MutatingRemoveAllMarketDataOrdersVisitor - [ORDERBOOK] Removing market data order:MktData(price=101,quantity=200)
22:53:37.124 [main] INFO  c.o.v.MutatingRemoveAllMarketDataOrdersVisitor - [ORDERBOOK] Removing level:101
22:53:37.124 [main] INFO  c.o.v.MutatingRemoveAllMarketDataOrdersVisitor - [ORDERBOOK] Removing market data order:MktData(price=110,quantity=5000)
22:53:37.124 [main] INFO  c.o.v.MutatingRemoveAllMarketDataOrdersVisitor - [ORDERBOOK] Removing level:110
22:53:37.124 [main] INFO  c.o.v.MutatingRemoveAllMarketDataOrdersVisitor - [ORDERBOOK] Removing market data order:MktData(price=119,quantity=5600)
22:53:37.124 [main] INFO  c.o.v.MutatingRemoveAllMarketDataOrdersVisitor - [ORDERBOOK] Removing level:119
22:53:37.124 [main] INFO  c.o.v.MutatingRemoveAllMarketDataOrdersVisitor - [ORDERBOOK] Removing market data order:MktData(price=123,quantity=453)
22:53:37.124 [main] INFO  c.o.v.MutatingRemoveAllMarketDataOrdersVisitor - [ORDERBOOK] Removing level:123
22:53:37.124 [main] INFO  c.o.v.MutatingRemoveAllMarketDataOrdersVisitor - [ORDERBOOK] Removing market data order:MktData(price=144,quantity=645)
22:53:37.124 [main] INFO  c.o.v.MutatingRemoveAllMarketDataOrdersVisitor - [ORDERBOOK] Removing level:144
22:53:37.124 [main] INFO  c.o.v.MutatingRemoveAllMarketDataOrdersVisitor - [ORDERBOOK] Removing market data order:MktData(price=167,quantity=665)
22:53:37.124 [main] INFO  c.o.v.MutatingRemoveAllMarketDataOrdersVisitor - [ORDERBOOK] Removing level:167
22:53:37.124 [main] DEBUG c.orderbook.OrderBook - [ORDERBOOK] ASK: Adding orderMktData(price=98,quantity=501)
22:53:37.124 [main] DEBUG c.orderbook.OrderBook - [ORDERBOOK] ASK: Adding orderMktData(price=101,quantity=200)
22:53:37.124 [main] DEBUG c.orderbook.OrderBook - [ORDERBOOK] ASK: Adding orderMktData(price=110,quantity=5000)
22:53:37.124 [main] DEBUG c.orderbook.OrderBook - [ORDERBOOK] ASK: Adding orderMktData(price=119,quantity=5600)
22:53:37.124 [main] DEBUG c.orderbook.OrderBook - [ORDERBOOK] ASK: Adding orderMktData(price=123,quantity=453)
22:53:37.124 [main] DEBUG c.orderbook.OrderBook - [ORDERBOOK] ASK: Adding orderMktData(price=144,quantity=645)
22:53:37.124 [main] DEBUG c.orderbook.OrderBook - [ORDERBOOK] ASK: Adding orderMktData(price=167,quantity=665)
22:53:37.124 [main] DEBUG c.service.MarketDataService - [ALGO] BID: price:43 quantity:134
22:53:37.124 [main] DEBUG c.service.MarketDataService - [ALGO] BID: price:76 quantity:145
22:53:37.124 [main] DEBUG c.service.MarketDataService - [ALGO] BID: price:91 quantity:300
22:53:37.124 [main] DEBUG c.service.MarketDataService - [ALGO] BID: price:93 quantity:200
22:53:37.124 [main] DEBUG c.service.MarketDataService - [ALGO] BID: price:95 quantity:100
22:53:37.124 [main] DEBUG c.service.MarketDataService - [ALGO] BID: price:98 quantity:154
22:53:37.124 [main] DEBUG c.service.MarketDataService - [ALGO] ASK: price:98 quantity:501
22:53:37.124 [main] DEBUG c.service.MarketDataService - [ALGO] ASK: price:101 quantity:200
22:53:37.124 [main] DEBUG c.service.MarketDataService - [ALGO] ASK: price:110 quantity:5000
22:53:37.124 [main] DEBUG c.service.MarketDataService - [ALGO] ASK: price:119 quantity:5600
22:53:37.124 [main] DEBUG c.service.MarketDataService - [ALGO] ASK: price:123 quantity:453
22:53:37.124 [main] DEBUG c.service.MarketDataService - [ALGO] ASK: price:144 quantity:645
22:53:37.124 [main] DEBUG c.service.MarketDataService - [ALGO] ASK: price:167 quantity:665
22:53:37.124 [main] INFO  c.gettingstarted.MyAlgoLogic - [MYALGO] The state of the order book is:
|----BID-----||----ASK----|
    134 @ 43    501 @ 98
    145 @ 76   200 @ 101
    300 @ 91  5000 @ 110
    200 @ 93  5600 @ 119
    100 @ 95   453 @ 123
    154 @ 98   645 @ 144
          -    665 @ 167
|------------||-----------|

22:53:37.124 [main] INFO  c.gettingstarted.MyAlgoLogic - [MYALGO] Algo Sees Book as: 
|----BID-----||----ASK----|
    134 @ 43    501 @ 98
    145 @ 76   200 @ 101
    300 @ 91  5000 @ 110
    200 @ 93  5600 @ 119
    100 @ 95   453 @ 123
    154 @ 98   645 @ 144
          -    665 @ 167
|------------||-----------|

22:53:37.124 [main] INFO  c.gettingstarted.TimedLogic - [TIMEDLOGIC] Market is closed
22:53:37.124 [main] INFO  c.sequencer.consumer.LoggingConsumer - [133] 
|----BID-----|
    134 @ 43
    145 @ 76
    300 @ 91
    200 @ 93
    100 @ 95
    154 @ 98
|----ASK-----|
    501 @ 98
   200 @ 101
  5000 @ 110
  5600 @ 119
   453 @ 123
   645 @ 144
   665 @ 167

22:53:37.124 [main] INFO  c.orderbook.OrderBook - [ORDERBOOK] Processing Mkt Data Update
22:53:37.124 [main] INFO  c.o.v.MutatingRemoveAllMarketDataOrdersVisitor - [ORDERBOOK] Removing market data order:MktData(price=43,quantity=134)
22:53:37.124 [main] INFO  c.o.v.MutatingRemoveAllMarketDataOrdersVisitor - [ORDERBOOK] Removing level:43
22:53:37.124 [main] DEBUG c.orderbook.OrderBook - [ORDERBOOK] ASK: Adding orderMktData(price=43,quantity=134)
22:53:37.124 [main] DEBUG c.orderbook.OrderBook - [ORDERBOOK] ASK: Adding orderMktData(price=76,quantity=145)
22:53:37.124 [main] DEBUG c.orderbook.OrderBook - [ORDERBOOK] ASK: Adding orderMktData(price=91,quantity=300)
22:53:37.124 [main] DEBUG c.orderbook.OrderBook - [ORDERBOOK] ASK: Adding orderMktData(price=93,quantity=200)
22:53:37.124 [main] DEBUG c.orderbook.OrderBook - [ORDERBOOK] ASK: Adding orderMktData(price=95,quantity=100)
22:53:37.124 [main] DEBUG c.orderbook.OrderBook - [ORDERBOOK] ASK: Adding orderMktData(price=98,quantity=154)
22:53:37.124 [main] INFO  c.o.v.MutatingMatchOneMarketDataOrderVisitor - [ORDERBOOK] visiting LevelOrderBookLevel(price=43,quantity=134)
22:53:37.124 [main] INFO  c.o.v.MutatingMatchOneMarketDataOrderVisitor - [ORDERBOOK] Can't match order:MktData(price=43,quantity=134)(MktData(price=98,quantity=154))
22:53:37.124 [main] INFO  c.o.v.MutatingRemoveAllMarketDataOrdersVisitor - [ORDERBOOK] Removing market data order:MktData(price=98,quantity=501)
22:53:37.124 [main] INFO  c.o.v.MutatingRemoveAllMarketDataOrdersVisitor - [ORDERBOOK] Removing level:98
22:53:37.124 [main] INFO  c.o.v.MutatingRemoveAllMarketDataOrdersVisitor - [ORDERBOOK] Removing market data order:MktData(price=101,quantity=200)
22:53:37.124 [main] INFO  c.o.v.MutatingRemoveAllMarketDataOrdersVisitor - [ORDERBOOK] Removing level:101
22:53:37.124 [main] INFO  c.o.v.MutatingRemoveAllMarketDataOrdersVisitor - [ORDERBOOK] Removing market data order:MktData(price=110,quantity=5000)
22:53:37.124 [main] INFO  c.o.v.MutatingRemoveAllMarketDataOrdersVisitor - [ORDERBOOK] Removing level:110
22:53:37.124 [main] INFO  c.o.v.MutatingRemoveAllMarketDataOrdersVisitor - [ORDERBOOK] Removing market data order:MktData(price=119,quantity=5600)
22:53:37.124 [main] INFO  c.o.v.MutatingRemoveAllMarketDataOrdersVisitor - [ORDERBOOK] Removing level:119
22:53:37.124 [main] INFO  c.o.v.MutatingRemoveAllMarketDataOrdersVisitor - [ORDERBOOK] Removing market data order:MktData(price=123,quantity=453)
22:53:37.124 [main] INFO  c.o.v.MutatingRemoveAllMarketDataOrdersVisitor - [ORDERBOOK] Removing level:123
22:53:37.124 [main] INFO  c.o.v.MutatingRemoveAllMarketDataOrdersVisitor - [ORDERBOOK] Removing market data order:MktData(price=144,quantity=645)
22:53:37.124 [main] INFO  c.o.v.MutatingRemoveAllMarketDataOrdersVisitor - [ORDERBOOK] Removing level:144
22:53:37.124 [main] INFO  c.o.v.MutatingRemoveAllMarketDataOrdersVisitor - [ORDERBOOK] Removing market data order:MktData(price=167,quantity=665)
22:53:37.124 [main] INFO  c.o.v.MutatingRemoveAllMarketDataOrdersVisitor - [ORDERBOOK] Removing level:167
22:53:37.124 [main] DEBUG c.orderbook.OrderBook - [ORDERBOOK] ASK: Adding orderMktData(price=98,quantity=501)
22:53:37.124 [main] DEBUG c.orderbook.OrderBook - [ORDERBOOK] ASK: Adding orderMktData(price=101,quantity=200)
22:53:37.124 [main] DEBUG c.orderbook.OrderBook - [ORDERBOOK] ASK: Adding orderMktData(price=110,quantity=5000)
22:53:37.124 [main] DEBUG c.orderbook.OrderBook - [ORDERBOOK] ASK: Adding orderMktData(price=119,quantity=5600)
22:53:37.124 [main] DEBUG c.orderbook.OrderBook - [ORDERBOOK] ASK: Adding orderMktData(price=123,quantity=453)
22:53:37.124 [main] DEBUG c.orderbook.OrderBook - [ORDERBOOK] ASK: Adding orderMktData(price=144,quantity=645)
22:53:37.124 [main] DEBUG c.orderbook.OrderBook - [ORDERBOOK] ASK: Adding orderMktData(price=167,quantity=665)
22:53:37.124 [main] DEBUG c.service.MarketDataService - [ALGO] BID: price:43 quantity:134
22:53:37.124 [main] DEBUG c.service.MarketDataService - [ALGO] BID: price:76 quantity:145
22:53:37.124 [main] DEBUG c.service.MarketDataService - [ALGO] BID: price:91 quantity:300
22:53:37.124 [main] DEBUG c.service.MarketDataService - [ALGO] BID: price:93 quantity:200
22:53:37.124 [main] DEBUG c.service.MarketDataService - [ALGO] BID: price:95 quantity:100
22:53:37.124 [main] DEBUG c.service.MarketDataService - [ALGO] BID: price:98 quantity:154
22:53:37.124 [main] DEBUG c.service.MarketDataService - [ALGO] ASK: price:98 quantity:501
22:53:37.124 [main] DEBUG c.service.MarketDataService - [ALGO] ASK: price:101 quantity:200
22:53:37.124 [main] DEBUG c.service.MarketDataService - [ALGO] ASK: price:110 quantity:5000
22:53:37.124 [main] DEBUG c.service.MarketDataService - [ALGO] ASK: price:119 quantity:5600
22:53:37.124 [main] DEBUG c.service.MarketDataService - [ALGO] ASK: price:123 quantity:453
22:53:37.124 [main] DEBUG c.service.MarketDataService - [ALGO] ASK: price:144 quantity:645
22:53:37.124 [main] DEBUG c.service.MarketDataService - [ALGO] ASK: price:167 quantity:665
22:53:37.124 [main] INFO  c.gettingstarted.MyAlgoLogic - [MYALGO] The state of the order book is:
|----BID-----||----ASK----|
    134 @ 43    501 @ 98
    145 @ 76   200 @ 101
    300 @ 91  5000 @ 110
    200 @ 93  5600 @ 119
    100 @ 95   453 @ 123
    154 @ 98   645 @ 144
          -    665 @ 167
|------------||-----------|

22:53:37.124 [main] INFO  c.gettingstarted.MyAlgoLogic - [MYALGO] Algo Sees Book as: 
|----BID-----||----ASK----|
    134 @ 43    501 @ 98
    145 @ 76   200 @ 101
    300 @ 91  5000 @ 110
    200 @ 93  5600 @ 119
    100 @ 95   453 @ 123
    154 @ 98   645 @ 144
          -    665 @ 167
|------------||-----------|

22:53:37.124 [main] INFO  c.gettingstarted.TimedLogic - [TIMEDLOGIC] Market is closed
22:53:37.124 [main] INFO  c.sequencer.consumer.LoggingConsumer - [134] 
|----BID-----|
    134 @ 43
    145 @ 76
    300 @ 91
    200 @ 93
    100 @ 95
    154 @ 98
|----ASK-----|
    501 @ 98
   200 @ 101
  5000 @ 110
  5600 @ 119
   453 @ 123
   645 @ 144
   665 @ 167

22:53:37.124 [main] INFO  c.orderbook.OrderBook - [ORDERBOOK] Processing Mkt Data Update
22:53:37.124 [main] INFO  c.o.v.MutatingRemoveAllMarketDataOrdersVisitor - [ORDERBOOK] Removing market data order:MktData(price=43,quantity=134)
22:53:37.124 [main] INFO  c.o.v.MutatingRemoveAllMarketDataOrdersVisitor - [ORDERBOOK] Removing level:43
22:53:37.124 [main] DEBUG c.orderbook.OrderBook - [ORDERBOOK] ASK: Adding orderMktData(price=43,quantity=134)
22:53:37.124 [main] DEBUG c.orderbook.OrderBook - [ORDERBOOK] ASK: Adding orderMktData(price=76,quantity=145)
22:53:37.124 [main] DEBUG c.orderbook.OrderBook - [ORDERBOOK] ASK: Adding orderMktData(price=91,quantity=300)
22:53:37.124 [main] DEBUG c.orderbook.OrderBook - [ORDERBOOK] ASK: Adding orderMktData(price=93,quantity=200)
22:53:37.124 [main] DEBUG c.orderbook.OrderBook - [ORDERBOOK] ASK: Adding orderMktData(price=95,quantity=100)
22:53:37.124 [main] DEBUG c.orderbook.OrderBook - [ORDERBOOK] ASK: Adding orderMktData(price=98,quantity=154)
22:53:37.124 [main] INFO  c.o.v.MutatingMatchOneMarketDataOrderVisitor - [ORDERBOOK] visiting LevelOrderBookLevel(price=43,quantity=134)
22:53:37.124 [main] INFO  c.o.v.MutatingMatchOneMarketDataOrderVisitor - [ORDERBOOK] Can't match order:MktData(price=43,quantity=134)(MktData(price=98,quantity=154))
22:53:37.124 [main] INFO  c.o.v.MutatingRemoveAllMarketDataOrdersVisitor - [ORDERBOOK] Removing market data order:MktData(price=98,quantity=501)
22:53:37.124 [main] INFO  c.o.v.MutatingRemoveAllMarketDataOrdersVisitor - [ORDERBOOK] Removing level:98
22:53:37.124 [main] INFO  c.o.v.MutatingRemoveAllMarketDataOrdersVisitor - [ORDERBOOK] Removing market data order:MktData(price=101,quantity=200)
22:53:37.124 [main] INFO  c.o.v.MutatingRemoveAllMarketDataOrdersVisitor - [ORDERBOOK] Removing level:101
22:53:37.124 [main] INFO  c.o.v.MutatingRemoveAllMarketDataOrdersVisitor - [ORDERBOOK] Removing market data order:MktData(price=110,quantity=5000)
22:53:37.124 [main] INFO  c.o.v.MutatingRemoveAllMarketDataOrdersVisitor - [ORDERBOOK] Removing level:110
22:53:37.124 [main] INFO  c.o.v.MutatingRemoveAllMarketDataOrdersVisitor - [ORDERBOOK] Removing market data order:MktData(price=119,quantity=5600)
22:53:37.124 [main] INFO  c.o.v.MutatingRemoveAllMarketDataOrdersVisitor - [ORDERBOOK] Removing level:119
22:53:37.124 [main] INFO  c.o.v.MutatingRemoveAllMarketDataOrdersVisitor - [ORDERBOOK] Removing market data order:MktData(price=123,quantity=453)
22:53:37.124 [main] INFO  c.o.v.MutatingRemoveAllMarketDataOrdersVisitor - [ORDERBOOK] Removing level:123
22:53:37.124 [main] INFO  c.o.v.MutatingRemoveAllMarketDataOrdersVisitor - [ORDERBOOK] Removing market data order:MktData(price=144,quantity=645)
22:53:37.124 [main] INFO  c.o.v.MutatingRemoveAllMarketDataOrdersVisitor - [ORDERBOOK] Removing level:144
22:53:37.124 [main] INFO  c.o.v.MutatingRemoveAllMarketDataOrdersVisitor - [ORDERBOOK] Removing market data order:MktData(price=167,quantity=665)
22:53:37.124 [main] INFO  c.o.v.MutatingRemoveAllMarketDataOrdersVisitor - [ORDERBOOK] Removing level:167
22:53:37.124 [main] DEBUG c.orderbook.OrderBook - [ORDERBOOK] ASK: Adding orderMktData(price=98,quantity=501)
22:53:37.124 [main] DEBUG c.orderbook.OrderBook - [ORDERBOOK] ASK: Adding orderMktData(price=101,quantity=200)
22:53:37.124 [main] DEBUG c.orderbook.OrderBook - [ORDERBOOK] ASK: Adding orderMktData(price=110,quantity=5000)
22:53:37.124 [main] DEBUG c.orderbook.OrderBook - [ORDERBOOK] ASK: Adding orderMktData(price=119,quantity=5600)
22:53:37.124 [main] DEBUG c.orderbook.OrderBook - [ORDERBOOK] ASK: Adding orderMktData(price=123,quantity=453)
22:53:37.124 [main] DEBUG c.orderbook.OrderBook - [ORDERBOOK] ASK: Adding orderMktData(price=144,quantity=645)
22:53:37.124 [main] DEBUG c.orderbook.OrderBook - [ORDERBOOK] ASK: Adding orderMktData(price=167,quantity=665)
22:53:37.124 [main] DEBUG c.service.MarketDataService - [ALGO] BID: price:43 quantity:134
22:53:37.124 [main] DEBUG c.service.MarketDataService - [ALGO] BID: price:76 quantity:145
22:53:37.124 [main] DEBUG c.service.MarketDataService - [ALGO] BID: price:91 quantity:300
22:53:37.124 [main] DEBUG c.service.MarketDataService - [ALGO] BID: price:93 quantity:200
22:53:37.124 [main] DEBUG c.service.MarketDataService - [ALGO] BID: price:95 quantity:100
22:53:37.124 [main] DEBUG c.service.MarketDataService - [ALGO] BID: price:98 quantity:154
22:53:37.124 [main] DEBUG c.service.MarketDataService - [ALGO] ASK: price:98 quantity:501
22:53:37.124 [main] DEBUG c.service.MarketDataService - [ALGO] ASK: price:101 quantity:200
22:53:37.124 [main] DEBUG c.service.MarketDataService - [ALGO] ASK: price:110 quantity:5000
22:53:37.124 [main] DEBUG c.service.MarketDataService - [ALGO] ASK: price:119 quantity:5600
22:53:37.124 [main] DEBUG c.service.MarketDataService - [ALGO] ASK: price:123 quantity:453
22:53:37.124 [main] DEBUG c.service.MarketDataService - [ALGO] ASK: price:144 quantity:645
22:53:37.124 [main] DEBUG c.service.MarketDataService - [ALGO] ASK: price:167 quantity:665
22:53:37.124 [main] INFO  c.gettingstarted.MyAlgoLogic - [MYALGO] The state of the order book is:
|----BID-----||----ASK----|
    134 @ 43    501 @ 98
    145 @ 76   200 @ 101
    300 @ 91  5000 @ 110
    200 @ 93  5600 @ 119
    100 @ 95   453 @ 123
    154 @ 98   645 @ 144
          -    665 @ 167
|------------||-----------|

22:53:37.133 [main] INFO  c.gettingstarted.MyAlgoLogic - [MYALGO] Algo Sees Book as: 
|----BID-----||----ASK----|
    134 @ 43    501 @ 98
    145 @ 76   200 @ 101
    300 @ 91  5000 @ 110
    200 @ 93  5600 @ 119
    100 @ 95   453 @ 123
    154 @ 98   645 @ 144
          -    665 @ 167
|------------||-----------|

22:53:37.133 [main] INFO  c.gettingstarted.TimedLogic - [TIMEDLOGIC] Market is closed
22:53:37.133 [main] INFO  c.sequencer.consumer.LoggingConsumer - [135] 
|----BID-----|
    134 @ 43
    145 @ 76
    300 @ 91
    200 @ 93
    100 @ 95
    154 @ 98
|----ASK-----|
    501 @ 98
   200 @ 101
  5000 @ 110
  5600 @ 119
   453 @ 123
   645 @ 144
   665 @ 167

22:53:37.133 [main] INFO  c.orderbook.OrderBook - [ORDERBOOK] Processing Mkt Data Update
22:53:37.133 [main] INFO  c.o.v.MutatingRemoveAllMarketDataOrdersVisitor - [ORDERBOOK] Removing market data order:MktData(price=43,quantity=134)
22:53:37.133 [main] INFO  c.o.v.MutatingRemoveAllMarketDataOrdersVisitor - [ORDERBOOK] Removing level:43
22:53:37.133 [main] DEBUG c.orderbook.OrderBook - [ORDERBOOK] ASK: Adding orderMktData(price=43,quantity=134)
22:53:37.133 [main] DEBUG c.orderbook.OrderBook - [ORDERBOOK] ASK: Adding orderMktData(price=76,quantity=145)
22:53:37.133 [main] DEBUG c.orderbook.OrderBook - [ORDERBOOK] ASK: Adding orderMktData(price=91,quantity=300)
22:53:37.133 [main] DEBUG c.orderbook.OrderBook - [ORDERBOOK] ASK: Adding orderMktData(price=93,quantity=200)
22:53:37.133 [main] DEBUG c.orderbook.OrderBook - [ORDERBOOK] ASK: Adding orderMktData(price=95,quantity=100)
22:53:37.133 [main] DEBUG c.orderbook.OrderBook - [ORDERBOOK] ASK: Adding orderMktData(price=98,quantity=154)
22:53:37.133 [main] INFO  c.o.v.MutatingMatchOneMarketDataOrderVisitor - [ORDERBOOK] visiting LevelOrderBookLevel(price=43,quantity=134)
22:53:37.133 [main] INFO  c.o.v.MutatingMatchOneMarketDataOrderVisitor - [ORDERBOOK] Can't match order:MktData(price=43,quantity=134)(MktData(price=98,quantity=154))
22:53:37.133 [main] INFO  c.o.v.MutatingRemoveAllMarketDataOrdersVisitor - [ORDERBOOK] Removing market data order:MktData(price=98,quantity=501)
22:53:37.133 [main] INFO  c.o.v.MutatingRemoveAllMarketDataOrdersVisitor - [ORDERBOOK] Removing level:98
22:53:37.133 [main] INFO  c.o.v.MutatingRemoveAllMarketDataOrdersVisitor - [ORDERBOOK] Removing market data order:MktData(price=101,quantity=200)
22:53:37.133 [main] INFO  c.o.v.MutatingRemoveAllMarketDataOrdersVisitor - [ORDERBOOK] Removing level:101
22:53:37.133 [main] INFO  c.o.v.MutatingRemoveAllMarketDataOrdersVisitor - [ORDERBOOK] Removing market data order:MktData(price=110,quantity=5000)
22:53:37.133 [main] INFO  c.o.v.MutatingRemoveAllMarketDataOrdersVisitor - [ORDERBOOK] Removing level:110
22:53:37.133 [main] INFO  c.o.v.MutatingRemoveAllMarketDataOrdersVisitor - [ORDERBOOK] Removing market data order:MktData(price=119,quantity=5600)
22:53:37.133 [main] INFO  c.o.v.MutatingRemoveAllMarketDataOrdersVisitor - [ORDERBOOK] Removing level:119
22:53:37.133 [main] INFO  c.o.v.MutatingRemoveAllMarketDataOrdersVisitor - [ORDERBOOK] Removing market data order:MktData(price=123,quantity=453)
22:53:37.133 [main] INFO  c.o.v.MutatingRemoveAllMarketDataOrdersVisitor - [ORDERBOOK] Removing level:123
22:53:37.133 [main] INFO  c.o.v.MutatingRemoveAllMarketDataOrdersVisitor - [ORDERBOOK] Removing market data order:MktData(price=144,quantity=645)
22:53:37.133 [main] INFO  c.o.v.MutatingRemoveAllMarketDataOrdersVisitor - [ORDERBOOK] Removing level:144
22:53:37.133 [main] INFO  c.o.v.MutatingRemoveAllMarketDataOrdersVisitor - [ORDERBOOK] Removing market data order:MktData(price=167,quantity=665)
22:53:37.133 [main] INFO  c.o.v.MutatingRemoveAllMarketDataOrdersVisitor - [ORDERBOOK] Removing level:167
22:53:37.133 [main] DEBUG c.orderbook.OrderBook - [ORDERBOOK] ASK: Adding orderMktData(price=98,quantity=501)
22:53:37.133 [main] DEBUG c.orderbook.OrderBook - [ORDERBOOK] ASK: Adding orderMktData(price=101,quantity=200)
22:53:37.133 [main] DEBUG c.orderbook.OrderBook - [ORDERBOOK] ASK: Adding orderMktData(price=110,quantity=5000)
22:53:37.133 [main] DEBUG c.orderbook.OrderBook - [ORDERBOOK] ASK: Adding orderMktData(price=119,quantity=5600)
22:53:37.133 [main] DEBUG c.orderbook.OrderBook - [ORDERBOOK] ASK: Adding orderMktData(price=123,quantity=453)
22:53:37.133 [main] DEBUG c.orderbook.OrderBook - [ORDERBOOK] ASK: Adding orderMktData(price=144,quantity=645)
22:53:37.133 [main] DEBUG c.orderbook.OrderBook - [ORDERBOOK] ASK: Adding orderMktData(price=167,quantity=665)
22:53:37.133 [main] DEBUG c.service.MarketDataService - [ALGO] BID: price:43 quantity:134
22:53:37.133 [main] DEBUG c.service.MarketDataService - [ALGO] BID: price:76 quantity:145
22:53:37.133 [main] DEBUG c.service.MarketDataService - [ALGO] BID: price:91 quantity:300
22:53:37.133 [main] DEBUG c.service.MarketDataService - [ALGO] BID: price:93 quantity:200
22:53:37.133 [main] DEBUG c.service.MarketDataService - [ALGO] BID: price:95 quantity:100
22:53:37.133 [main] DEBUG c.service.MarketDataService - [ALGO] BID: price:98 quantity:154
22:53:37.133 [main] DEBUG c.service.MarketDataService - [ALGO] ASK: price:98 quantity:501
22:53:37.133 [main] DEBUG c.service.MarketDataService - [ALGO] ASK: price:101 quantity:200
22:53:37.133 [main] DEBUG c.service.MarketDataService - [ALGO] ASK: price:110 quantity:5000
22:53:37.133 [main] DEBUG c.service.MarketDataService - [ALGO] ASK: price:119 quantity:5600
22:53:37.133 [main] DEBUG c.service.MarketDataService - [ALGO] ASK: price:123 quantity:453
22:53:37.133 [main] DEBUG c.service.MarketDataService - [ALGO] ASK: price:144 quantity:645
22:53:37.133 [main] DEBUG c.service.MarketDataService - [ALGO] ASK: price:167 quantity:665
22:53:37.133 [main] INFO  c.gettingstarted.MyAlgoLogic - [MYALGO] The state of the order book is:
|----BID-----||----ASK----|
    134 @ 43    501 @ 98
    145 @ 76   200 @ 101
    300 @ 91  5000 @ 110
    200 @ 93  5600 @ 119
    100 @ 95   453 @ 123
    154 @ 98   645 @ 144
          -    665 @ 167
|------------||-----------|

22:53:37.133 [main] INFO  c.gettingstarted.MyAlgoLogic - [MYALGO] Algo Sees Book as: 
|----BID-----||----ASK----|
    134 @ 43    501 @ 98
    145 @ 76   200 @ 101
    300 @ 91  5000 @ 110
    200 @ 93  5600 @ 119
    100 @ 95   453 @ 123
    154 @ 98   645 @ 144
          -    665 @ 167
|------------||-----------|

22:53:37.133 [main] INFO  c.gettingstarted.TimedLogic - [TIMEDLOGIC] Market is closed
22:53:37.133 [main] INFO  c.sequencer.consumer.LoggingConsumer - [136] 
|----BID-----|
    134 @ 43
    145 @ 76
    300 @ 91
    200 @ 93
    100 @ 95
    154 @ 98
|----ASK-----|
    501 @ 98
   200 @ 101
  5000 @ 110
  5600 @ 119
   453 @ 123
   645 @ 144
   665 @ 167

22:53:37.133 [main] INFO  c.orderbook.OrderBook - [ORDERBOOK] Processing Mkt Data Update
22:53:37.133 [main] INFO  c.o.v.MutatingRemoveAllMarketDataOrdersVisitor - [ORDERBOOK] Removing market data order:MktData(price=43,quantity=134)
22:53:37.133 [main] INFO  c.o.v.MutatingRemoveAllMarketDataOrdersVisitor - [ORDERBOOK] Removing level:43
22:53:37.133 [main] DEBUG c.orderbook.OrderBook - [ORDERBOOK] ASK: Adding orderMktData(price=43,quantity=134)
22:53:37.133 [main] DEBUG c.orderbook.OrderBook - [ORDERBOOK] ASK: Adding orderMktData(price=76,quantity=145)
22:53:37.133 [main] DEBUG c.orderbook.OrderBook - [ORDERBOOK] ASK: Adding orderMktData(price=91,quantity=300)
22:53:37.133 [main] DEBUG c.orderbook.OrderBook - [ORDERBOOK] ASK: Adding orderMktData(price=93,quantity=200)
22:53:37.133 [main] DEBUG c.orderbook.OrderBook - [ORDERBOOK] ASK: Adding orderMktData(price=95,quantity=100)
22:53:37.133 [main] DEBUG c.orderbook.OrderBook - [ORDERBOOK] ASK: Adding orderMktData(price=98,quantity=154)
22:53:37.133 [main] INFO  c.o.v.MutatingMatchOneMarketDataOrderVisitor - [ORDERBOOK] visiting LevelOrderBookLevel(price=43,quantity=134)
22:53:37.133 [main] INFO  c.o.v.MutatingMatchOneMarketDataOrderVisitor - [ORDERBOOK] Can't match order:MktData(price=43,quantity=134)(MktData(price=98,quantity=154))
22:53:37.133 [main] INFO  c.o.v.MutatingRemoveAllMarketDataOrdersVisitor - [ORDERBOOK] Removing market data order:MktData(price=98,quantity=501)
22:53:37.133 [main] INFO  c.o.v.MutatingRemoveAllMarketDataOrdersVisitor - [ORDERBOOK] Removing level:98
22:53:37.133 [main] INFO  c.o.v.MutatingRemoveAllMarketDataOrdersVisitor - [ORDERBOOK] Removing market data order:MktData(price=101,quantity=200)
22:53:37.133 [main] INFO  c.o.v.MutatingRemoveAllMarketDataOrdersVisitor - [ORDERBOOK] Removing level:101
22:53:37.133 [main] INFO  c.o.v.MutatingRemoveAllMarketDataOrdersVisitor - [ORDERBOOK] Removing market data order:MktData(price=110,quantity=5000)
22:53:37.133 [main] INFO  c.o.v.MutatingRemoveAllMarketDataOrdersVisitor - [ORDERBOOK] Removing level:110
22:53:37.133 [main] INFO  c.o.v.MutatingRemoveAllMarketDataOrdersVisitor - [ORDERBOOK] Removing market data order:MktData(price=119,quantity=5600)
22:53:37.133 [main] INFO  c.o.v.MutatingRemoveAllMarketDataOrdersVisitor - [ORDERBOOK] Removing level:119
22:53:37.133 [main] INFO  c.o.v.MutatingRemoveAllMarketDataOrdersVisitor - [ORDERBOOK] Removing market data order:MktData(price=123,quantity=453)
22:53:37.133 [main] INFO  c.o.v.MutatingRemoveAllMarketDataOrdersVisitor - [ORDERBOOK] Removing level:123
22:53:37.133 [main] INFO  c.o.v.MutatingRemoveAllMarketDataOrdersVisitor - [ORDERBOOK] Removing market data order:MktData(price=144,quantity=645)
22:53:37.133 [main] INFO  c.o.v.MutatingRemoveAllMarketDataOrdersVisitor - [ORDERBOOK] Removing level:144
22:53:37.133 [main] INFO  c.o.v.MutatingRemoveAllMarketDataOrdersVisitor - [ORDERBOOK] Removing market data order:MktData(price=167,quantity=665)
22:53:37.133 [main] INFO  c.o.v.MutatingRemoveAllMarketDataOrdersVisitor - [ORDERBOOK] Removing level:167
22:53:37.133 [main] DEBUG c.orderbook.OrderBook - [ORDERBOOK] ASK: Adding orderMktData(price=98,quantity=501)
22:53:37.133 [main] DEBUG c.orderbook.OrderBook - [ORDERBOOK] ASK: Adding orderMktData(price=101,quantity=200)
22:53:37.133 [main] DEBUG c.orderbook.OrderBook - [ORDERBOOK] ASK: Adding orderMktData(price=110,quantity=5000)
22:53:37.133 [main] DEBUG c.orderbook.OrderBook - [ORDERBOOK] ASK: Adding orderMktData(price=119,quantity=5600)
22:53:37.133 [main] DEBUG c.orderbook.OrderBook - [ORDERBOOK] ASK: Adding orderMktData(price=123,quantity=453)
22:53:37.133 [main] DEBUG c.orderbook.OrderBook - [ORDERBOOK] ASK: Adding orderMktData(price=144,quantity=645)
22:53:37.133 [main] DEBUG c.orderbook.OrderBook - [ORDERBOOK] ASK: Adding orderMktData(price=167,quantity=665)
22:53:37.133 [main] DEBUG c.service.MarketDataService - [ALGO] BID: price:43 quantity:134
22:53:37.133 [main] DEBUG c.service.MarketDataService - [ALGO] BID: price:76 quantity:145
22:53:37.133 [main] DEBUG c.service.MarketDataService - [ALGO] BID: price:91 quantity:300
22:53:37.133 [main] DEBUG c.service.MarketDataService - [ALGO] BID: price:93 quantity:200
22:53:37.133 [main] DEBUG c.service.MarketDataService - [ALGO] BID: price:95 quantity:100
22:53:37.133 [main] DEBUG c.service.MarketDataService - [ALGO] BID: price:98 quantity:154
22:53:37.133 [main] DEBUG c.service.MarketDataService - [ALGO] ASK: price:98 quantity:501
22:53:37.133 [main] DEBUG c.service.MarketDataService - [ALGO] ASK: price:101 quantity:200
22:53:37.133 [main] DEBUG c.service.MarketDataService - [ALGO] ASK: price:110 quantity:5000
22:53:37.133 [main] DEBUG c.service.MarketDataService - [ALGO] ASK: price:119 quantity:5600
22:53:37.133 [main] DEBUG c.service.MarketDataService - [ALGO] ASK: price:123 quantity:453
22:53:37.133 [main] DEBUG c.service.MarketDataService - [ALGO] ASK: price:144 quantity:645
22:53:37.133 [main] DEBUG c.service.MarketDataService - [ALGO] ASK: price:167 quantity:665
22:53:37.133 [main] INFO  c.gettingstarted.MyAlgoLogic - [MYALGO] The state of the order book is:
|----BID-----||----ASK----|
    134 @ 43    501 @ 98
    145 @ 76   200 @ 101
    300 @ 91  5000 @ 110
    200 @ 93  5600 @ 119
    100 @ 95   453 @ 123
    154 @ 98   645 @ 144
          -    665 @ 167
|------------||-----------|

22:53:37.133 [main] INFO  c.gettingstarted.MyAlgoLogic - [MYALGO] Algo Sees Book as: 
|----BID-----||----ASK----|
    134 @ 43    501 @ 98
    145 @ 76   200 @ 101
    300 @ 91  5000 @ 110
    200 @ 93  5600 @ 119
    100 @ 95   453 @ 123
    154 @ 98   645 @ 144
          -    665 @ 167
|------------||-----------|

22:53:37.133 [main] INFO  c.gettingstarted.TimedLogic - [TIMEDLOGIC] Market is closed
22:53:37.133 [main] INFO  c.sequencer.consumer.LoggingConsumer - [137] 
|----BID-----|
    134 @ 43
    145 @ 76
    300 @ 91
    200 @ 93
    100 @ 95
    154 @ 98
|----ASK-----|
    501 @ 98
   200 @ 101
  5000 @ 110
  5600 @ 119
   453 @ 123
   645 @ 144
   665 @ 167

22:53:37.133 [main] INFO  c.orderbook.OrderBook - [ORDERBOOK] Processing Mkt Data Update
22:53:37.133 [main] INFO  c.o.v.MutatingRemoveAllMarketDataOrdersVisitor - [ORDERBOOK] Removing market data order:MktData(price=43,quantity=134)
22:53:37.133 [main] INFO  c.o.v.MutatingRemoveAllMarketDataOrdersVisitor - [ORDERBOOK] Removing level:43
22:53:37.133 [main] DEBUG c.orderbook.OrderBook - [ORDERBOOK] ASK: Adding orderMktData(price=43,quantity=134)
22:53:37.133 [main] DEBUG c.orderbook.OrderBook - [ORDERBOOK] ASK: Adding orderMktData(price=76,quantity=145)
22:53:37.133 [main] DEBUG c.orderbook.OrderBook - [ORDERBOOK] ASK: Adding orderMktData(price=91,quantity=300)
22:53:37.133 [main] DEBUG c.orderbook.OrderBook - [ORDERBOOK] ASK: Adding orderMktData(price=93,quantity=200)
22:53:37.133 [main] DEBUG c.orderbook.OrderBook - [ORDERBOOK] ASK: Adding orderMktData(price=95,quantity=100)
22:53:37.133 [main] DEBUG c.orderbook.OrderBook - [ORDERBOOK] ASK: Adding orderMktData(price=98,quantity=154)
22:53:37.133 [main] INFO  c.o.v.MutatingMatchOneMarketDataOrderVisitor - [ORDERBOOK] visiting LevelOrderBookLevel(price=43,quantity=134)
22:53:37.133 [main] INFO  c.o.v.MutatingMatchOneMarketDataOrderVisitor - [ORDERBOOK] Can't match order:MktData(price=43,quantity=134)(MktData(price=98,quantity=154))
22:53:37.133 [main] INFO  c.o.v.MutatingRemoveAllMarketDataOrdersVisitor - [ORDERBOOK] Removing market data order:MktData(price=98,quantity=501)
22:53:37.133 [main] INFO  c.o.v.MutatingRemoveAllMarketDataOrdersVisitor - [ORDERBOOK] Removing level:98
22:53:37.133 [main] INFO  c.o.v.MutatingRemoveAllMarketDataOrdersVisitor - [ORDERBOOK] Removing market data order:MktData(price=101,quantity=200)
22:53:37.133 [main] INFO  c.o.v.MutatingRemoveAllMarketDataOrdersVisitor - [ORDERBOOK] Removing level:101
22:53:37.133 [main] INFO  c.o.v.MutatingRemoveAllMarketDataOrdersVisitor - [ORDERBOOK] Removing market data order:MktData(price=110,quantity=5000)
22:53:37.133 [main] INFO  c.o.v.MutatingRemoveAllMarketDataOrdersVisitor - [ORDERBOOK] Removing level:110
22:53:37.133 [main] INFO  c.o.v.MutatingRemoveAllMarketDataOrdersVisitor - [ORDERBOOK] Removing market data order:MktData(price=119,quantity=5600)
22:53:37.133 [main] INFO  c.o.v.MutatingRemoveAllMarketDataOrdersVisitor - [ORDERBOOK] Removing level:119
22:53:37.133 [main] INFO  c.o.v.MutatingRemoveAllMarketDataOrdersVisitor - [ORDERBOOK] Removing market data order:MktData(price=123,quantity=453)
22:53:37.133 [main] INFO  c.o.v.MutatingRemoveAllMarketDataOrdersVisitor - [ORDERBOOK] Removing level:123
22:53:37.133 [main] INFO  c.o.v.MutatingRemoveAllMarketDataOrdersVisitor - [ORDERBOOK] Removing market data order:MktData(price=144,quantity=645)
22:53:37.133 [main] INFO  c.o.v.MutatingRemoveAllMarketDataOrdersVisitor - [ORDERBOOK] Removing level:144
22:53:37.133 [main] INFO  c.o.v.MutatingRemoveAllMarketDataOrdersVisitor - [ORDERBOOK] Removing market data order:MktData(price=167,quantity=665)
22:53:37.133 [main] INFO  c.o.v.MutatingRemoveAllMarketDataOrdersVisitor - [ORDERBOOK] Removing level:167
22:53:37.133 [main] DEBUG c.orderbook.OrderBook - [ORDERBOOK] ASK: Adding orderMktData(price=98,quantity=501)
22:53:37.133 [main] DEBUG c.orderbook.OrderBook - [ORDERBOOK] ASK: Adding orderMktData(price=101,quantity=200)
22:53:37.133 [main] DEBUG c.orderbook.OrderBook - [ORDERBOOK] ASK: Adding orderMktData(price=110,quantity=5000)
22:53:37.133 [main] DEBUG c.orderbook.OrderBook - [ORDERBOOK] ASK: Adding orderMktData(price=119,quantity=5600)
22:53:37.133 [main] DEBUG c.orderbook.OrderBook - [ORDERBOOK] ASK: Adding orderMktData(price=123,quantity=453)
22:53:37.133 [main] DEBUG c.orderbook.OrderBook - [ORDERBOOK] ASK: Adding orderMktData(price=144,quantity=645)
22:53:37.133 [main] DEBUG c.orderbook.OrderBook - [ORDERBOOK] ASK: Adding orderMktData(price=167,quantity=665)
22:53:37.133 [main] DEBUG c.service.MarketDataService - [ALGO] BID: price:43 quantity:134
22:53:37.133 [main] DEBUG c.service.MarketDataService - [ALGO] BID: price:76 quantity:145
22:53:37.133 [main] DEBUG c.service.MarketDataService - [ALGO] BID: price:91 quantity:300
22:53:37.133 [main] DEBUG c.service.MarketDataService - [ALGO] BID: price:93 quantity:200
22:53:37.133 [main] DEBUG c.service.MarketDataService - [ALGO] BID: price:95 quantity:100
22:53:37.133 [main] DEBUG c.service.MarketDataService - [ALGO] BID: price:98 quantity:154
22:53:37.133 [main] DEBUG c.service.MarketDataService - [ALGO] ASK: price:98 quantity:501
22:53:37.133 [main] DEBUG c.service.MarketDataService - [ALGO] ASK: price:101 quantity:200
22:53:37.133 [main] DEBUG c.service.MarketDataService - [ALGO] ASK: price:110 quantity:5000
22:53:37.133 [main] DEBUG c.service.MarketDataService - [ALGO] ASK: price:119 quantity:5600
22:53:37.133 [main] DEBUG c.service.MarketDataService - [ALGO] ASK: price:123 quantity:453
22:53:37.133 [main] DEBUG c.service.MarketDataService - [ALGO] ASK: price:144 quantity:645
22:53:37.133 [main] DEBUG c.service.MarketDataService - [ALGO] ASK: price:167 quantity:665
22:53:37.133 [main] INFO  c.gettingstarted.MyAlgoLogic - [MYALGO] The state of the order book is:
|----BID-----||----ASK----|
    134 @ 43    501 @ 98
    145 @ 76   200 @ 101
    300 @ 91  5000 @ 110
    200 @ 93  5600 @ 119
    100 @ 95   453 @ 123
    154 @ 98   645 @ 144
          -    665 @ 167
|------------||-----------|

22:53:37.133 [main] INFO  c.gettingstarted.MyAlgoLogic - [MYALGO] Algo Sees Book as: 
|----BID-----||----ASK----|
    134 @ 43    501 @ 98
    145 @ 76   200 @ 101
    300 @ 91  5000 @ 110
    200 @ 93  5600 @ 119
    100 @ 95   453 @ 123
    154 @ 98   645 @ 144
          -    665 @ 167
|------------||-----------|

22:53:37.133 [main] INFO  c.gettingstarted.TimedLogic - [TIMEDLOGIC] Market is closed
22:53:37.133 [main] INFO  c.sequencer.consumer.LoggingConsumer - [138] 
|----BID-----|
    134 @ 43
    145 @ 76
    300 @ 91
    200 @ 93
    100 @ 95
    154 @ 98
|----ASK-----|
    501 @ 98
   200 @ 101
  5000 @ 110
  5600 @ 119
   453 @ 123
   645 @ 144
   665 @ 167

22:53:37.133 [main] INFO  c.orderbook.OrderBook - [ORDERBOOK] Processing Mkt Data Update
22:53:37.133 [main] INFO  c.o.v.MutatingRemoveAllMarketDataOrdersVisitor - [ORDERBOOK] Removing market data order:MktData(price=43,quantity=134)
22:53:37.133 [main] INFO  c.o.v.MutatingRemoveAllMarketDataOrdersVisitor - [ORDERBOOK] Removing level:43
22:53:37.133 [main] DEBUG c.orderbook.OrderBook - [ORDERBOOK] ASK: Adding orderMktData(price=43,quantity=134)
22:53:37.133 [main] DEBUG c.orderbook.OrderBook - [ORDERBOOK] ASK: Adding orderMktData(price=76,quantity=145)
22:53:37.133 [main] DEBUG c.orderbook.OrderBook - [ORDERBOOK] ASK: Adding orderMktData(price=91,quantity=300)
22:53:37.133 [main] DEBUG c.orderbook.OrderBook - [ORDERBOOK] ASK: Adding orderMktData(price=93,quantity=200)
22:53:37.133 [main] DEBUG c.orderbook.OrderBook - [ORDERBOOK] ASK: Adding orderMktData(price=95,quantity=100)
22:53:37.133 [main] DEBUG c.orderbook.OrderBook - [ORDERBOOK] ASK: Adding orderMktData(price=98,quantity=154)
22:53:37.133 [main] INFO  c.o.v.MutatingMatchOneMarketDataOrderVisitor - [ORDERBOOK] visiting LevelOrderBookLevel(price=43,quantity=134)
22:53:37.133 [main] INFO  c.o.v.MutatingMatchOneMarketDataOrderVisitor - [ORDERBOOK] Can't match order:MktData(price=43,quantity=134)(MktData(price=98,quantity=154))
22:53:37.133 [main] INFO  c.o.v.MutatingRemoveAllMarketDataOrdersVisitor - [ORDERBOOK] Removing market data order:MktData(price=98,quantity=501)
22:53:37.133 [main] INFO  c.o.v.MutatingRemoveAllMarketDataOrdersVisitor - [ORDERBOOK] Removing level:98
22:53:37.133 [main] INFO  c.o.v.MutatingRemoveAllMarketDataOrdersVisitor - [ORDERBOOK] Removing market data order:MktData(price=101,quantity=200)
22:53:37.133 [main] INFO  c.o.v.MutatingRemoveAllMarketDataOrdersVisitor - [ORDERBOOK] Removing level:101
22:53:37.133 [main] INFO  c.o.v.MutatingRemoveAllMarketDataOrdersVisitor - [ORDERBOOK] Removing market data order:MktData(price=110,quantity=5000)
22:53:37.133 [main] INFO  c.o.v.MutatingRemoveAllMarketDataOrdersVisitor - [ORDERBOOK] Removing level:110
22:53:37.133 [main] INFO  c.o.v.MutatingRemoveAllMarketDataOrdersVisitor - [ORDERBOOK] Removing market data order:MktData(price=119,quantity=5600)
22:53:37.133 [main] INFO  c.o.v.MutatingRemoveAllMarketDataOrdersVisitor - [ORDERBOOK] Removing level:119
22:53:37.133 [main] INFO  c.o.v.MutatingRemoveAllMarketDataOrdersVisitor - [ORDERBOOK] Removing market data order:MktData(price=123,quantity=453)
22:53:37.133 [main] INFO  c.o.v.MutatingRemoveAllMarketDataOrdersVisitor - [ORDERBOOK] Removing level:123
22:53:37.133 [main] INFO  c.o.v.MutatingRemoveAllMarketDataOrdersVisitor - [ORDERBOOK] Removing market data order:MktData(price=144,quantity=645)
22:53:37.133 [main] INFO  c.o.v.MutatingRemoveAllMarketDataOrdersVisitor - [ORDERBOOK] Removing level:144
22:53:37.133 [main] INFO  c.o.v.MutatingRemoveAllMarketDataOrdersVisitor - [ORDERBOOK] Removing market data order:MktData(price=167,quantity=665)
22:53:37.133 [main] INFO  c.o.v.MutatingRemoveAllMarketDataOrdersVisitor - [ORDERBOOK] Removing level:167
22:53:37.133 [main] DEBUG c.orderbook.OrderBook - [ORDERBOOK] ASK: Adding orderMktData(price=98,quantity=501)
22:53:37.133 [main] DEBUG c.orderbook.OrderBook - [ORDERBOOK] ASK: Adding orderMktData(price=101,quantity=200)
22:53:37.133 [main] DEBUG c.orderbook.OrderBook - [ORDERBOOK] ASK: Adding orderMktData(price=110,quantity=5000)
22:53:37.133 [main] DEBUG c.orderbook.OrderBook - [ORDERBOOK] ASK: Adding orderMktData(price=119,quantity=5600)
22:53:37.133 [main] DEBUG c.orderbook.OrderBook - [ORDERBOOK] ASK: Adding orderMktData(price=123,quantity=453)
22:53:37.133 [main] DEBUG c.orderbook.OrderBook - [ORDERBOOK] ASK: Adding orderMktData(price=144,quantity=645)
22:53:37.133 [main] DEBUG c.orderbook.OrderBook - [ORDERBOOK] ASK: Adding orderMktData(price=167,quantity=665)
22:53:37.133 [main] DEBUG c.service.MarketDataService - [ALGO] BID: price:43 quantity:134
22:53:37.133 [main] DEBUG c.service.MarketDataService - [ALGO] BID: price:76 quantity:145
22:53:37.133 [main] DEBUG c.service.MarketDataService - [ALGO] BID: price:91 quantity:300
22:53:37.133 [main] DEBUG c.service.MarketDataService - [ALGO] BID: price:93 quantity:200
22:53:37.133 [main] DEBUG c.service.MarketDataService - [ALGO] BID: price:95 quantity:100
22:53:37.133 [main] DEBUG c.service.MarketDataService - [ALGO] BID: price:98 quantity:154
22:53:37.133 [main] DEBUG c.service.MarketDataService - [ALGO] ASK: price:98 quantity:501
22:53:37.133 [main] DEBUG c.service.MarketDataService - [ALGO] ASK: price:101 quantity:200
22:53:37.133 [main] DEBUG c.service.MarketDataService - [ALGO] ASK: price:110 quantity:5000
22:53:37.133 [main] DEBUG c.service.MarketDataService - [ALGO] ASK: price:119 quantity:5600
22:53:37.133 [main] DEBUG c.service.MarketDataService - [ALGO] ASK: price:123 quantity:453
22:53:37.133 [main] DEBUG c.service.MarketDataService - [ALGO] ASK: price:144 quantity:645
22:53:37.133 [main] DEBUG c.service.MarketDataService - [ALGO] ASK: price:167 quantity:665
22:53:37.133 [main] INFO  c.gettingstarted.MyAlgoLogic - [MYALGO] The state of the order book is:
|----BID-----||----ASK----|
    134 @ 43    501 @ 98
    145 @ 76   200 @ 101
    300 @ 91  5000 @ 110
    200 @ 93  5600 @ 119
    100 @ 95   453 @ 123
    154 @ 98   645 @ 144
          -    665 @ 167
|------------||-----------|

22:53:37.133 [main] INFO  c.gettingstarted.MyAlgoLogic - [MYALGO] Algo Sees Book as: 
|----BID-----||----ASK----|
    134 @ 43    501 @ 98
    145 @ 76   200 @ 101
    300 @ 91  5000 @ 110
    200 @ 93  5600 @ 119
    100 @ 95   453 @ 123
    154 @ 98   645 @ 144
          -    665 @ 167
|------------||-----------|

22:53:37.133 [main] INFO  c.gettingstarted.TimedLogic - [TIMEDLOGIC] Market is closed
22:53:37.133 [main] INFO  c.sequencer.consumer.LoggingConsumer - [139] 
|----BID-----|
    134 @ 43
    145 @ 76
    300 @ 91
    200 @ 93
    100 @ 95
    154 @ 98
|----ASK-----|
    501 @ 98
   200 @ 101
  5000 @ 110
  5600 @ 119
   453 @ 123
   645 @ 144
   665 @ 167

22:53:37.133 [main] INFO  c.orderbook.OrderBook - [ORDERBOOK] Processing Mkt Data Update
22:53:37.133 [main] INFO  c.o.v.MutatingRemoveAllMarketDataOrdersVisitor - [ORDERBOOK] Removing market data order:MktData(price=43,quantity=134)
22:53:37.133 [main] INFO  c.o.v.MutatingRemoveAllMarketDataOrdersVisitor - [ORDERBOOK] Removing level:43
22:53:37.133 [main] DEBUG c.orderbook.OrderBook - [ORDERBOOK] ASK: Adding orderMktData(price=43,quantity=134)
22:53:37.133 [main] DEBUG c.orderbook.OrderBook - [ORDERBOOK] ASK: Adding orderMktData(price=76,quantity=145)
22:53:37.133 [main] DEBUG c.orderbook.OrderBook - [ORDERBOOK] ASK: Adding orderMktData(price=91,quantity=300)
22:53:37.133 [main] DEBUG c.orderbook.OrderBook - [ORDERBOOK] ASK: Adding orderMktData(price=93,quantity=200)
22:53:37.133 [main] DEBUG c.orderbook.OrderBook - [ORDERBOOK] ASK: Adding orderMktData(price=95,quantity=100)
22:53:37.133 [main] DEBUG c.orderbook.OrderBook - [ORDERBOOK] ASK: Adding orderMktData(price=98,quantity=154)
22:53:37.133 [main] INFO  c.o.v.MutatingMatchOneMarketDataOrderVisitor - [ORDERBOOK] visiting LevelOrderBookLevel(price=43,quantity=134)
22:53:37.133 [main] INFO  c.o.v.MutatingMatchOneMarketDataOrderVisitor - [ORDERBOOK] Can't match order:MktData(price=43,quantity=134)(MktData(price=98,quantity=154))
22:53:37.133 [main] INFO  c.o.v.MutatingRemoveAllMarketDataOrdersVisitor - [ORDERBOOK] Removing market data order:MktData(price=98,quantity=501)
22:53:37.133 [main] INFO  c.o.v.MutatingRemoveAllMarketDataOrdersVisitor - [ORDERBOOK] Removing level:98
22:53:37.133 [main] INFO  c.o.v.MutatingRemoveAllMarketDataOrdersVisitor - [ORDERBOOK] Removing market data order:MktData(price=101,quantity=200)
22:53:37.133 [main] INFO  c.o.v.MutatingRemoveAllMarketDataOrdersVisitor - [ORDERBOOK] Removing level:101
22:53:37.133 [main] INFO  c.o.v.MutatingRemoveAllMarketDataOrdersVisitor - [ORDERBOOK] Removing market data order:MktData(price=110,quantity=5000)
22:53:37.133 [main] INFO  c.o.v.MutatingRemoveAllMarketDataOrdersVisitor - [ORDERBOOK] Removing level:110
22:53:37.133 [main] INFO  c.o.v.MutatingRemoveAllMarketDataOrdersVisitor - [ORDERBOOK] Removing market data order:MktData(price=119,quantity=5600)
22:53:37.133 [main] INFO  c.o.v.MutatingRemoveAllMarketDataOrdersVisitor - [ORDERBOOK] Removing level:119
22:53:37.133 [main] INFO  c.o.v.MutatingRemoveAllMarketDataOrdersVisitor - [ORDERBOOK] Removing market data order:MktData(price=123,quantity=453)
22:53:37.133 [main] INFO  c.o.v.MutatingRemoveAllMarketDataOrdersVisitor - [ORDERBOOK] Removing level:123
22:53:37.133 [main] INFO  c.o.v.MutatingRemoveAllMarketDataOrdersVisitor - [ORDERBOOK] Removing market data order:MktData(price=144,quantity=645)
22:53:37.133 [main] INFO  c.o.v.MutatingRemoveAllMarketDataOrdersVisitor - [ORDERBOOK] Removing level:144
22:53:37.133 [main] INFO  c.o.v.MutatingRemoveAllMarketDataOrdersVisitor - [ORDERBOOK] Removing market data order:MktData(price=167,quantity=665)
22:53:37.133 [main] INFO  c.o.v.MutatingRemoveAllMarketDataOrdersVisitor - [ORDERBOOK] Removing level:167
22:53:37.133 [main] DEBUG c.orderbook.OrderBook - [ORDERBOOK] ASK: Adding orderMktData(price=98,quantity=501)
22:53:37.133 [main] DEBUG c.orderbook.OrderBook - [ORDERBOOK] ASK: Adding orderMktData(price=101,quantity=200)
22:53:37.133 [main] DEBUG c.orderbook.OrderBook - [ORDERBOOK] ASK: Adding orderMktData(price=110,quantity=5000)
22:53:37.133 [main] DEBUG c.orderbook.OrderBook - [ORDERBOOK] ASK: Adding orderMktData(price=119,quantity=5600)
22:53:37.133 [main] DEBUG c.orderbook.OrderBook - [ORDERBOOK] ASK: Adding orderMktData(price=123,quantity=453)
22:53:37.133 [main] DEBUG c.orderbook.OrderBook - [ORDERBOOK] ASK: Adding orderMktData(price=144,quantity=645)
22:53:37.133 [main] DEBUG c.orderbook.OrderBook - [ORDERBOOK] ASK: Adding orderMktData(price=167,quantity=665)
22:53:37.133 [main] DEBUG c.service.MarketDataService - [ALGO] BID: price:43 quantity:134
22:53:37.133 [main] DEBUG c.service.MarketDataService - [ALGO] BID: price:76 quantity:145
22:53:37.133 [main] DEBUG c.service.MarketDataService - [ALGO] BID: price:91 quantity:300
22:53:37.133 [main] DEBUG c.service.MarketDataService - [ALGO] BID: price:93 quantity:200
22:53:37.133 [main] DEBUG c.service.MarketDataService - [ALGO] BID: price:95 quantity:100
22:53:37.133 [main] DEBUG c.service.MarketDataService - [ALGO] BID: price:98 quantity:154
22:53:37.133 [main] DEBUG c.service.MarketDataService - [ALGO] ASK: price:98 quantity:501
22:53:37.133 [main] DEBUG c.service.MarketDataService - [ALGO] ASK: price:101 quantity:200
22:53:37.133 [main] DEBUG c.service.MarketDataService - [ALGO] ASK: price:110 quantity:5000
22:53:37.133 [main] DEBUG c.service.MarketDataService - [ALGO] ASK: price:119 quantity:5600
22:53:37.133 [main] DEBUG c.service.MarketDataService - [ALGO] ASK: price:123 quantity:453
22:53:37.133 [main] DEBUG c.service.MarketDataService - [ALGO] ASK: price:144 quantity:645
22:53:37.133 [main] DEBUG c.service.MarketDataService - [ALGO] ASK: price:167 quantity:665
22:53:37.133 [main] INFO  c.gettingstarted.MyAlgoLogic - [MYALGO] The state of the order book is:
|----BID-----||----ASK----|
    134 @ 43    501 @ 98
    145 @ 76   200 @ 101
    300 @ 91  5000 @ 110
    200 @ 93  5600 @ 119
    100 @ 95   453 @ 123
    154 @ 98   645 @ 144
          -    665 @ 167
|------------||-----------|

22:53:37.133 [main] INFO  c.gettingstarted.MyAlgoLogic - [MYALGO] Algo Sees Book as: 
|----BID-----||----ASK----|
    134 @ 43    501 @ 98
    145 @ 76   200 @ 101
    300 @ 91  5000 @ 110
    200 @ 93  5600 @ 119
    100 @ 95   453 @ 123
    154 @ 98   645 @ 144
          -    665 @ 167
|------------||-----------|

22:53:37.133 [main] INFO  c.gettingstarted.TimedLogic - [TIMEDLOGIC] Market is closed
22:53:37.133 [main] INFO  c.sequencer.consumer.LoggingConsumer - [140] 
|----BID-----|
    134 @ 43
    145 @ 76
    300 @ 91
    200 @ 93
    100 @ 95
    154 @ 98
|----ASK-----|
    501 @ 98
   200 @ 101
  5000 @ 110
  5600 @ 119
   453 @ 123
   645 @ 144
   665 @ 167

22:53:37.133 [main] INFO  c.orderbook.OrderBook - [ORDERBOOK] Processing Mkt Data Update
22:53:37.133 [main] INFO  c.o.v.MutatingRemoveAllMarketDataOrdersVisitor - [ORDERBOOK] Removing market data order:MktData(price=43,quantity=134)
22:53:37.133 [main] INFO  c.o.v.MutatingRemoveAllMarketDataOrdersVisitor - [ORDERBOOK] Removing level:43
22:53:37.133 [main] DEBUG c.orderbook.OrderBook - [ORDERBOOK] ASK: Adding orderMktData(price=43,quantity=134)
22:53:37.133 [main] DEBUG c.orderbook.OrderBook - [ORDERBOOK] ASK: Adding orderMktData(price=76,quantity=145)
22:53:37.133 [main] DEBUG c.orderbook.OrderBook - [ORDERBOOK] ASK: Adding orderMktData(price=91,quantity=300)
22:53:37.133 [main] DEBUG c.orderbook.OrderBook - [ORDERBOOK] ASK: Adding orderMktData(price=93,quantity=200)
22:53:37.133 [main] DEBUG c.orderbook.OrderBook - [ORDERBOOK] ASK: Adding orderMktData(price=95,quantity=100)
22:53:37.133 [main] DEBUG c.orderbook.OrderBook - [ORDERBOOK] ASK: Adding orderMktData(price=98,quantity=154)
22:53:37.133 [main] INFO  c.o.v.MutatingMatchOneMarketDataOrderVisitor - [ORDERBOOK] visiting LevelOrderBookLevel(price=43,quantity=134)
22:53:37.133 [main] INFO  c.o.v.MutatingMatchOneMarketDataOrderVisitor - [ORDERBOOK] Can't match order:MktData(price=43,quantity=134)(MktData(price=98,quantity=154))
22:53:37.133 [main] INFO  c.o.v.MutatingRemoveAllMarketDataOrdersVisitor - [ORDERBOOK] Removing market data order:MktData(price=98,quantity=501)
22:53:37.133 [main] INFO  c.o.v.MutatingRemoveAllMarketDataOrdersVisitor - [ORDERBOOK] Removing level:98
22:53:37.133 [main] INFO  c.o.v.MutatingRemoveAllMarketDataOrdersVisitor - [ORDERBOOK] Removing market data order:MktData(price=101,quantity=200)
22:53:37.133 [main] INFO  c.o.v.MutatingRemoveAllMarketDataOrdersVisitor - [ORDERBOOK] Removing level:101
22:53:37.133 [main] INFO  c.o.v.MutatingRemoveAllMarketDataOrdersVisitor - [ORDERBOOK] Removing market data order:MktData(price=110,quantity=5000)
22:53:37.133 [main] INFO  c.o.v.MutatingRemoveAllMarketDataOrdersVisitor - [ORDERBOOK] Removing level:110
22:53:37.133 [main] INFO  c.o.v.MutatingRemoveAllMarketDataOrdersVisitor - [ORDERBOOK] Removing market data order:MktData(price=119,quantity=5600)
22:53:37.133 [main] INFO  c.o.v.MutatingRemoveAllMarketDataOrdersVisitor - [ORDERBOOK] Removing level:119
22:53:37.133 [main] INFO  c.o.v.MutatingRemoveAllMarketDataOrdersVisitor - [ORDERBOOK] Removing market data order:MktData(price=123,quantity=453)
22:53:37.133 [main] INFO  c.o.v.MutatingRemoveAllMarketDataOrdersVisitor - [ORDERBOOK] Removing level:123
22:53:37.133 [main] INFO  c.o.v.MutatingRemoveAllMarketDataOrdersVisitor - [ORDERBOOK] Removing market data order:MktData(price=144,quantity=645)
22:53:37.133 [main] INFO  c.o.v.MutatingRemoveAllMarketDataOrdersVisitor - [ORDERBOOK] Removing level:144
22:53:37.133 [main] INFO  c.o.v.MutatingRemoveAllMarketDataOrdersVisitor - [ORDERBOOK] Removing market data order:MktData(price=167,quantity=665)
22:53:37.133 [main] INFO  c.o.v.MutatingRemoveAllMarketDataOrdersVisitor - [ORDERBOOK] Removing level:167
22:53:37.133 [main] DEBUG c.orderbook.OrderBook - [ORDERBOOK] ASK: Adding orderMktData(price=98,quantity=501)
22:53:37.133 [main] DEBUG c.orderbook.OrderBook - [ORDERBOOK] ASK: Adding orderMktData(price=101,quantity=200)
22:53:37.133 [main] DEBUG c.orderbook.OrderBook - [ORDERBOOK] ASK: Adding orderMktData(price=110,quantity=5000)
22:53:37.133 [main] DEBUG c.orderbook.OrderBook - [ORDERBOOK] ASK: Adding orderMktData(price=119,quantity=5600)
22:53:37.133 [main] DEBUG c.orderbook.OrderBook - [ORDERBOOK] ASK: Adding orderMktData(price=123,quantity=453)
22:53:37.133 [main] DEBUG c.orderbook.OrderBook - [ORDERBOOK] ASK: Adding orderMktData(price=144,quantity=645)
22:53:37.133 [main] DEBUG c.orderbook.OrderBook - [ORDERBOOK] ASK: Adding orderMktData(price=167,quantity=665)
22:53:37.133 [main] DEBUG c.service.MarketDataService - [ALGO] BID: price:43 quantity:134
22:53:37.133 [main] DEBUG c.service.MarketDataService - [ALGO] BID: price:76 quantity:145
22:53:37.133 [main] DEBUG c.service.MarketDataService - [ALGO] BID: price:91 quantity:300
22:53:37.133 [main] DEBUG c.service.MarketDataService - [ALGO] BID: price:93 quantity:200
22:53:37.133 [main] DEBUG c.service.MarketDataService - [ALGO] BID: price:95 quantity:100
22:53:37.133 [main] DEBUG c.service.MarketDataService - [ALGO] BID: price:98 quantity:154
22:53:37.133 [main] DEBUG c.service.MarketDataService - [ALGO] ASK: price:98 quantity:501
22:53:37.133 [main] DEBUG c.service.MarketDataService - [ALGO] ASK: price:101 quantity:200
22:53:37.133 [main] DEBUG c.service.MarketDataService - [ALGO] ASK: price:110 quantity:5000
22:53:37.133 [main] DEBUG c.service.MarketDataService - [ALGO] ASK: price:119 quantity:5600
22:53:37.133 [main] DEBUG c.service.MarketDataService - [ALGO] ASK: price:123 quantity:453
22:53:37.133 [main] DEBUG c.service.MarketDataService - [ALGO] ASK: price:144 quantity:645
22:53:37.133 [main] DEBUG c.service.MarketDataService - [ALGO] ASK: price:167 quantity:665
22:53:37.133 [main] INFO  c.gettingstarted.MyAlgoLogic - [MYALGO] The state of the order book is:
|----BID-----||----ASK----|
    134 @ 43    501 @ 98
    145 @ 76   200 @ 101
    300 @ 91  5000 @ 110
    200 @ 93  5600 @ 119
    100 @ 95   453 @ 123
    154 @ 98   645 @ 144
          -    665 @ 167
|------------||-----------|

22:53:37.133 [main] INFO  c.gettingstarted.MyAlgoLogic - [MYALGO] Algo Sees Book as: 
|----BID-----||----ASK----|
    134 @ 43    501 @ 98
    145 @ 76   200 @ 101
    300 @ 91  5000 @ 110
    200 @ 93  5600 @ 119
    100 @ 95   453 @ 123
    154 @ 98   645 @ 144
          -    665 @ 167
|------------||-----------|

22:53:37.133 [main] INFO  c.gettingstarted.TimedLogic - [TIMEDLOGIC] Market is closed
22:53:37.133 [main] INFO  c.sequencer.consumer.LoggingConsumer - [141] 
|----BID-----|
    134 @ 43
    145 @ 76
    300 @ 91
    200 @ 93
    100 @ 95
    154 @ 98
|----ASK-----|
    501 @ 98
   200 @ 101
  5000 @ 110
  5600 @ 119
   453 @ 123
   645 @ 144
   665 @ 167

22:53:37.133 [main] INFO  c.orderbook.OrderBook - [ORDERBOOK] Processing Mkt Data Update
22:53:37.133 [main] INFO  c.o.v.MutatingRemoveAllMarketDataOrdersVisitor - [ORDERBOOK] Removing market data order:MktData(price=43,quantity=134)
22:53:37.133 [main] INFO  c.o.v.MutatingRemoveAllMarketDataOrdersVisitor - [ORDERBOOK] Removing level:43
22:53:37.133 [main] DEBUG c.orderbook.OrderBook - [ORDERBOOK] ASK: Adding orderMktData(price=43,quantity=134)
22:53:37.133 [main] DEBUG c.orderbook.OrderBook - [ORDERBOOK] ASK: Adding orderMktData(price=76,quantity=145)
22:53:37.133 [main] DEBUG c.orderbook.OrderBook - [ORDERBOOK] ASK: Adding orderMktData(price=91,quantity=300)
22:53:37.133 [main] DEBUG c.orderbook.OrderBook - [ORDERBOOK] ASK: Adding orderMktData(price=93,quantity=200)
22:53:37.133 [main] DEBUG c.orderbook.OrderBook - [ORDERBOOK] ASK: Adding orderMktData(price=95,quantity=100)
22:53:37.133 [main] DEBUG c.orderbook.OrderBook - [ORDERBOOK] ASK: Adding orderMktData(price=98,quantity=154)
22:53:37.133 [main] INFO  c.o.v.MutatingMatchOneMarketDataOrderVisitor - [ORDERBOOK] visiting LevelOrderBookLevel(price=43,quantity=134)
22:53:37.133 [main] INFO  c.o.v.MutatingMatchOneMarketDataOrderVisitor - [ORDERBOOK] Can't match order:MktData(price=43,quantity=134)(MktData(price=98,quantity=154))
22:53:37.133 [main] INFO  c.o.v.MutatingRemoveAllMarketDataOrdersVisitor - [ORDERBOOK] Removing market data order:MktData(price=98,quantity=501)
22:53:37.133 [main] INFO  c.o.v.MutatingRemoveAllMarketDataOrdersVisitor - [ORDERBOOK] Removing level:98
22:53:37.133 [main] INFO  c.o.v.MutatingRemoveAllMarketDataOrdersVisitor - [ORDERBOOK] Removing market data order:MktData(price=101,quantity=200)
22:53:37.133 [main] INFO  c.o.v.MutatingRemoveAllMarketDataOrdersVisitor - [ORDERBOOK] Removing level:101
22:53:37.133 [main] INFO  c.o.v.MutatingRemoveAllMarketDataOrdersVisitor - [ORDERBOOK] Removing market data order:MktData(price=110,quantity=5000)
22:53:37.133 [main] INFO  c.o.v.MutatingRemoveAllMarketDataOrdersVisitor - [ORDERBOOK] Removing level:110
22:53:37.133 [main] INFO  c.o.v.MutatingRemoveAllMarketDataOrdersVisitor - [ORDERBOOK] Removing market data order:MktData(price=119,quantity=5600)
22:53:37.133 [main] INFO  c.o.v.MutatingRemoveAllMarketDataOrdersVisitor - [ORDERBOOK] Removing level:119
22:53:37.133 [main] INFO  c.o.v.MutatingRemoveAllMarketDataOrdersVisitor - [ORDERBOOK] Removing market data order:MktData(price=123,quantity=453)
22:53:37.133 [main] INFO  c.o.v.MutatingRemoveAllMarketDataOrdersVisitor - [ORDERBOOK] Removing level:123
22:53:37.133 [main] INFO  c.o.v.MutatingRemoveAllMarketDataOrdersVisitor - [ORDERBOOK] Removing market data order:MktData(price=144,quantity=645)
22:53:37.133 [main] INFO  c.o.v.MutatingRemoveAllMarketDataOrdersVisitor - [ORDERBOOK] Removing level:144
22:53:37.133 [main] INFO  c.o.v.MutatingRemoveAllMarketDataOrdersVisitor - [ORDERBOOK] Removing market data order:MktData(price=167,quantity=665)
22:53:37.133 [main] INFO  c.o.v.MutatingRemoveAllMarketDataOrdersVisitor - [ORDERBOOK] Removing level:167
22:53:37.133 [main] DEBUG c.orderbook.OrderBook - [ORDERBOOK] ASK: Adding orderMktData(price=98,quantity=501)
22:53:37.133 [main] DEBUG c.orderbook.OrderBook - [ORDERBOOK] ASK: Adding orderMktData(price=101,quantity=200)
22:53:37.133 [main] DEBUG c.orderbook.OrderBook - [ORDERBOOK] ASK: Adding orderMktData(price=110,quantity=5000)
22:53:37.133 [main] DEBUG c.orderbook.OrderBook - [ORDERBOOK] ASK: Adding orderMktData(price=119,quantity=5600)
22:53:37.133 [main] DEBUG c.orderbook.OrderBook - [ORDERBOOK] ASK: Adding orderMktData(price=123,quantity=453)
22:53:37.133 [main] DEBUG c.orderbook.OrderBook - [ORDERBOOK] ASK: Adding orderMktData(price=144,quantity=645)
22:53:37.133 [main] DEBUG c.orderbook.OrderBook - [ORDERBOOK] ASK: Adding orderMktData(price=167,quantity=665)
22:53:37.133 [main] DEBUG c.service.MarketDataService - [ALGO] BID: price:43 quantity:134
22:53:37.133 [main] DEBUG c.service.MarketDataService - [ALGO] BID: price:76 quantity:145
22:53:37.133 [main] DEBUG c.service.MarketDataService - [ALGO] BID: price:91 quantity:300
22:53:37.133 [main] DEBUG c.service.MarketDataService - [ALGO] BID: price:93 quantity:200
22:53:37.133 [main] DEBUG c.service.MarketDataService - [ALGO] BID: price:95 quantity:100
22:53:37.133 [main] DEBUG c.service.MarketDataService - [ALGO] BID: price:98 quantity:154
22:53:37.133 [main] DEBUG c.service.MarketDataService - [ALGO] ASK: price:98 quantity:501
22:53:37.133 [main] DEBUG c.service.MarketDataService - [ALGO] ASK: price:101 quantity:200
22:53:37.133 [main] DEBUG c.service.MarketDataService - [ALGO] ASK: price:110 quantity:5000
22:53:37.133 [main] DEBUG c.service.MarketDataService - [ALGO] ASK: price:119 quantity:5600
22:53:37.133 [main] DEBUG c.service.MarketDataService - [ALGO] ASK: price:123 quantity:453
22:53:37.133 [main] DEBUG c.service.MarketDataService - [ALGO] ASK: price:144 quantity:645
22:53:37.133 [main] DEBUG c.service.MarketDataService - [ALGO] ASK: price:167 quantity:665
22:53:37.133 [main] INFO  c.gettingstarted.MyAlgoLogic - [MYALGO] The state of the order book is:
|----BID-----||----ASK----|
    134 @ 43    501 @ 98
    145 @ 76   200 @ 101
    300 @ 91  5000 @ 110
    200 @ 93  5600 @ 119
    100 @ 95   453 @ 123
    154 @ 98   645 @ 144
          -    665 @ 167
|------------||-----------|

22:53:37.133 [main] INFO  c.gettingstarted.MyAlgoLogic - [MYALGO] Algo Sees Book as: 
|----BID-----||----ASK----|
    134 @ 43    501 @ 98
    145 @ 76   200 @ 101
    300 @ 91  5000 @ 110
    200 @ 93  5600 @ 119
    100 @ 95   453 @ 123
    154 @ 98   645 @ 144
          -    665 @ 167
|------------||-----------|

22:53:37.133 [main] INFO  c.gettingstarted.TimedLogic - [TIMEDLOGIC] Market is closed
22:53:37.133 [main] INFO  c.sequencer.consumer.LoggingConsumer - [142] 
|----BID-----|
    134 @ 43
    145 @ 76
    300 @ 91
    200 @ 93
    100 @ 95
    154 @ 98
|----ASK-----|
    501 @ 98
   200 @ 101
  5000 @ 110
  5600 @ 119
   453 @ 123
   645 @ 144
   665 @ 167

22:53:37.133 [main] INFO  c.orderbook.OrderBook - [ORDERBOOK] Processing Mkt Data Update
22:53:37.133 [main] INFO  c.o.v.MutatingRemoveAllMarketDataOrdersVisitor - [ORDERBOOK] Removing market data order:MktData(price=43,quantity=134)
22:53:37.133 [main] INFO  c.o.v.MutatingRemoveAllMarketDataOrdersVisitor - [ORDERBOOK] Removing level:43
22:53:37.133 [main] DEBUG c.orderbook.OrderBook - [ORDERBOOK] ASK: Adding orderMktData(price=43,quantity=134)
22:53:37.133 [main] DEBUG c.orderbook.OrderBook - [ORDERBOOK] ASK: Adding orderMktData(price=76,quantity=145)
22:53:37.133 [main] DEBUG c.orderbook.OrderBook - [ORDERBOOK] ASK: Adding orderMktData(price=91,quantity=300)
22:53:37.133 [main] DEBUG c.orderbook.OrderBook - [ORDERBOOK] ASK: Adding orderMktData(price=93,quantity=200)
22:53:37.133 [main] DEBUG c.orderbook.OrderBook - [ORDERBOOK] ASK: Adding orderMktData(price=95,quantity=100)
22:53:37.133 [main] DEBUG c.orderbook.OrderBook - [ORDERBOOK] ASK: Adding orderMktData(price=98,quantity=154)
22:53:37.133 [main] INFO  c.o.v.MutatingMatchOneMarketDataOrderVisitor - [ORDERBOOK] visiting LevelOrderBookLevel(price=43,quantity=134)
22:53:37.133 [main] INFO  c.o.v.MutatingMatchOneMarketDataOrderVisitor - [ORDERBOOK] Can't match order:MktData(price=43,quantity=134)(MktData(price=98,quantity=154))
22:53:37.133 [main] INFO  c.o.v.MutatingRemoveAllMarketDataOrdersVisitor - [ORDERBOOK] Removing market data order:MktData(price=98,quantity=501)
22:53:37.133 [main] INFO  c.o.v.MutatingRemoveAllMarketDataOrdersVisitor - [ORDERBOOK] Removing level:98
22:53:37.133 [main] INFO  c.o.v.MutatingRemoveAllMarketDataOrdersVisitor - [ORDERBOOK] Removing market data order:MktData(price=101,quantity=200)
22:53:37.133 [main] INFO  c.o.v.MutatingRemoveAllMarketDataOrdersVisitor - [ORDERBOOK] Removing level:101
22:53:37.133 [main] INFO  c.o.v.MutatingRemoveAllMarketDataOrdersVisitor - [ORDERBOOK] Removing market data order:MktData(price=110,quantity=5000)
22:53:37.133 [main] INFO  c.o.v.MutatingRemoveAllMarketDataOrdersVisitor - [ORDERBOOK] Removing level:110
22:53:37.133 [main] INFO  c.o.v.MutatingRemoveAllMarketDataOrdersVisitor - [ORDERBOOK] Removing market data order:MktData(price=119,quantity=5600)
22:53:37.133 [main] INFO  c.o.v.MutatingRemoveAllMarketDataOrdersVisitor - [ORDERBOOK] Removing level:119
22:53:37.133 [main] INFO  c.o.v.MutatingRemoveAllMarketDataOrdersVisitor - [ORDERBOOK] Removing market data order:MktData(price=123,quantity=453)
22:53:37.133 [main] INFO  c.o.v.MutatingRemoveAllMarketDataOrdersVisitor - [ORDERBOOK] Removing level:123
22:53:37.133 [main] INFO  c.o.v.MutatingRemoveAllMarketDataOrdersVisitor - [ORDERBOOK] Removing market data order:MktData(price=144,quantity=645)
22:53:37.133 [main] INFO  c.o.v.MutatingRemoveAllMarketDataOrdersVisitor - [ORDERBOOK] Removing level:144
22:53:37.133 [main] INFO  c.o.v.MutatingRemoveAllMarketDataOrdersVisitor - [ORDERBOOK] Removing market data order:MktData(price=167,quantity=665)
22:53:37.133 [main] INFO  c.o.v.MutatingRemoveAllMarketDataOrdersVisitor - [ORDERBOOK] Removing level:167
22:53:37.133 [main] DEBUG c.orderbook.OrderBook - [ORDERBOOK] ASK: Adding orderMktData(price=98,quantity=501)
22:53:37.133 [main] DEBUG c.orderbook.OrderBook - [ORDERBOOK] ASK: Adding orderMktData(price=101,quantity=200)
22:53:37.133 [main] DEBUG c.orderbook.OrderBook - [ORDERBOOK] ASK: Adding orderMktData(price=110,quantity=5000)
22:53:37.133 [main] DEBUG c.orderbook.OrderBook - [ORDERBOOK] ASK: Adding orderMktData(price=119,quantity=5600)
22:53:37.133 [main] DEBUG c.orderbook.OrderBook - [ORDERBOOK] ASK: Adding orderMktData(price=123,quantity=453)
22:53:37.133 [main] DEBUG c.orderbook.OrderBook - [ORDERBOOK] ASK: Adding orderMktData(price=144,quantity=645)
22:53:37.133 [main] DEBUG c.orderbook.OrderBook - [ORDERBOOK] ASK: Adding orderMktData(price=167,quantity=665)
22:53:37.150 [main] DEBUG c.service.MarketDataService - [ALGO] BID: price:43 quantity:134
22:53:37.150 [main] DEBUG c.service.MarketDataService - [ALGO] BID: price:76 quantity:145
22:53:37.150 [main] DEBUG c.service.MarketDataService - [ALGO] BID: price:91 quantity:300
22:53:37.150 [main] DEBUG c.service.MarketDataService - [ALGO] BID: price:93 quantity:200
22:53:37.150 [main] DEBUG c.service.MarketDataService - [ALGO] BID: price:95 quantity:100
22:53:37.150 [main] DEBUG c.service.MarketDataService - [ALGO] BID: price:98 quantity:154
22:53:37.150 [main] DEBUG c.service.MarketDataService - [ALGO] ASK: price:98 quantity:501
22:53:37.150 [main] DEBUG c.service.MarketDataService - [ALGO] ASK: price:101 quantity:200
22:53:37.150 [main] DEBUG c.service.MarketDataService - [ALGO] ASK: price:110 quantity:5000
22:53:37.150 [main] DEBUG c.service.MarketDataService - [ALGO] ASK: price:119 quantity:5600
22:53:37.150 [main] DEBUG c.service.MarketDataService - [ALGO] ASK: price:123 quantity:453
22:53:37.150 [main] DEBUG c.service.MarketDataService - [ALGO] ASK: price:144 quantity:645
22:53:37.150 [main] DEBUG c.service.MarketDataService - [ALGO] ASK: price:167 quantity:665
22:53:37.150 [main] INFO  c.gettingstarted.MyAlgoLogic - [MYALGO] The state of the order book is:
|----BID-----||----ASK----|
    134 @ 43    501 @ 98
    145 @ 76   200 @ 101
    300 @ 91  5000 @ 110
    200 @ 93  5600 @ 119
    100 @ 95   453 @ 123
    154 @ 98   645 @ 144
          -    665 @ 167
|------------||-----------|

22:53:37.150 [main] INFO  c.gettingstarted.MyAlgoLogic - [MYALGO] Algo Sees Book as: 
|----BID-----||----ASK----|
    134 @ 43    501 @ 98
    145 @ 76   200 @ 101
    300 @ 91  5000 @ 110
    200 @ 93  5600 @ 119
    100 @ 95   453 @ 123
    154 @ 98   645 @ 144
          -    665 @ 167
|------------||-----------|

22:53:37.150 [main] INFO  c.gettingstarted.TimedLogic - [TIMEDLOGIC] Market is closed
22:53:37.151 [main] INFO  c.sequencer.consumer.LoggingConsumer - [143] 
|----BID-----|
    134 @ 43
    145 @ 76
    300 @ 91
    200 @ 93
    100 @ 95
    154 @ 98
|----ASK-----|
    501 @ 98
   200 @ 101
  5000 @ 110
  5600 @ 119
   453 @ 123
   645 @ 144
   665 @ 167

22:53:37.151 [main] INFO  c.orderbook.OrderBook - [ORDERBOOK] Processing Mkt Data Update
22:53:37.151 [main] INFO  c.o.v.MutatingRemoveAllMarketDataOrdersVisitor - [ORDERBOOK] Removing market data order:MktData(price=43,quantity=134)
22:53:37.151 [main] INFO  c.o.v.MutatingRemoveAllMarketDataOrdersVisitor - [ORDERBOOK] Removing level:43
22:53:37.151 [main] DEBUG c.orderbook.OrderBook - [ORDERBOOK] ASK: Adding orderMktData(price=43,quantity=134)
22:53:37.151 [main] DEBUG c.orderbook.OrderBook - [ORDERBOOK] ASK: Adding orderMktData(price=76,quantity=145)
22:53:37.151 [main] DEBUG c.orderbook.OrderBook - [ORDERBOOK] ASK: Adding orderMktData(price=91,quantity=300)
22:53:37.151 [main] DEBUG c.orderbook.OrderBook - [ORDERBOOK] ASK: Adding orderMktData(price=93,quantity=200)
22:53:37.151 [main] DEBUG c.orderbook.OrderBook - [ORDERBOOK] ASK: Adding orderMktData(price=95,quantity=100)
22:53:37.151 [main] DEBUG c.orderbook.OrderBook - [ORDERBOOK] ASK: Adding orderMktData(price=98,quantity=154)
22:53:37.151 [main] INFO  c.o.v.MutatingMatchOneMarketDataOrderVisitor - [ORDERBOOK] visiting LevelOrderBookLevel(price=43,quantity=134)
22:53:37.151 [main] INFO  c.o.v.MutatingMatchOneMarketDataOrderVisitor - [ORDERBOOK] Can't match order:MktData(price=43,quantity=134)(MktData(price=98,quantity=154))
22:53:37.151 [main] INFO  c.o.v.MutatingRemoveAllMarketDataOrdersVisitor - [ORDERBOOK] Removing market data order:MktData(price=98,quantity=501)
22:53:37.151 [main] INFO  c.o.v.MutatingRemoveAllMarketDataOrdersVisitor - [ORDERBOOK] Removing level:98
22:53:37.151 [main] INFO  c.o.v.MutatingRemoveAllMarketDataOrdersVisitor - [ORDERBOOK] Removing market data order:MktData(price=101,quantity=200)
22:53:37.151 [main] INFO  c.o.v.MutatingRemoveAllMarketDataOrdersVisitor - [ORDERBOOK] Removing level:101
22:53:37.151 [main] INFO  c.o.v.MutatingRemoveAllMarketDataOrdersVisitor - [ORDERBOOK] Removing market data order:MktData(price=110,quantity=5000)
22:53:37.151 [main] INFO  c.o.v.MutatingRemoveAllMarketDataOrdersVisitor - [ORDERBOOK] Removing level:110
22:53:37.151 [main] INFO  c.o.v.MutatingRemoveAllMarketDataOrdersVisitor - [ORDERBOOK] Removing market data order:MktData(price=119,quantity=5600)
22:53:37.151 [main] INFO  c.o.v.MutatingRemoveAllMarketDataOrdersVisitor - [ORDERBOOK] Removing level:119
22:53:37.151 [main] INFO  c.o.v.MutatingRemoveAllMarketDataOrdersVisitor - [ORDERBOOK] Removing market data order:MktData(price=123,quantity=453)
22:53:37.151 [main] INFO  c.o.v.MutatingRemoveAllMarketDataOrdersVisitor - [ORDERBOOK] Removing level:123
22:53:37.151 [main] INFO  c.o.v.MutatingRemoveAllMarketDataOrdersVisitor - [ORDERBOOK] Removing market data order:MktData(price=144,quantity=645)
22:53:37.151 [main] INFO  c.o.v.MutatingRemoveAllMarketDataOrdersVisitor - [ORDERBOOK] Removing level:144
22:53:37.151 [main] INFO  c.o.v.MutatingRemoveAllMarketDataOrdersVisitor - [ORDERBOOK] Removing market data order:MktData(price=167,quantity=665)
22:53:37.151 [main] INFO  c.o.v.MutatingRemoveAllMarketDataOrdersVisitor - [ORDERBOOK] Removing level:167
22:53:37.151 [main] DEBUG c.orderbook.OrderBook - [ORDERBOOK] ASK: Adding orderMktData(price=98,quantity=501)
22:53:37.151 [main] DEBUG c.orderbook.OrderBook - [ORDERBOOK] ASK: Adding orderMktData(price=101,quantity=200)
22:53:37.151 [main] DEBUG c.orderbook.OrderBook - [ORDERBOOK] ASK: Adding orderMktData(price=110,quantity=5000)
22:53:37.151 [main] DEBUG c.orderbook.OrderBook - [ORDERBOOK] ASK: Adding orderMktData(price=119,quantity=5600)
22:53:37.151 [main] DEBUG c.orderbook.OrderBook - [ORDERBOOK] ASK: Adding orderMktData(price=123,quantity=453)
22:53:37.151 [main] DEBUG c.orderbook.OrderBook - [ORDERBOOK] ASK: Adding orderMktData(price=144,quantity=645)
22:53:37.151 [main] DEBUG c.orderbook.OrderBook - [ORDERBOOK] ASK: Adding orderMktData(price=167,quantity=665)
22:53:37.151 [main] DEBUG c.service.MarketDataService - [ALGO] BID: price:43 quantity:134
22:53:37.151 [main] DEBUG c.service.MarketDataService - [ALGO] BID: price:76 quantity:145
22:53:37.151 [main] DEBUG c.service.MarketDataService - [ALGO] BID: price:91 quantity:300
22:53:37.151 [main] DEBUG c.service.MarketDataService - [ALGO] BID: price:93 quantity:200
22:53:37.151 [main] DEBUG c.service.MarketDataService - [ALGO] BID: price:95 quantity:100
22:53:37.151 [main] DEBUG c.service.MarketDataService - [ALGO] BID: price:98 quantity:154
22:53:37.151 [main] DEBUG c.service.MarketDataService - [ALGO] ASK: price:98 quantity:501
22:53:37.151 [main] DEBUG c.service.MarketDataService - [ALGO] ASK: price:101 quantity:200
22:53:37.151 [main] DEBUG c.service.MarketDataService - [ALGO] ASK: price:110 quantity:5000
22:53:37.151 [main] DEBUG c.service.MarketDataService - [ALGO] ASK: price:119 quantity:5600
22:53:37.151 [main] DEBUG c.service.MarketDataService - [ALGO] ASK: price:123 quantity:453
22:53:37.151 [main] DEBUG c.service.MarketDataService - [ALGO] ASK: price:144 quantity:645
22:53:37.151 [main] DEBUG c.service.MarketDataService - [ALGO] ASK: price:167 quantity:665
22:53:37.151 [main] INFO  c.gettingstarted.MyAlgoLogic - [MYALGO] The state of the order book is:
|----BID-----||----ASK----|
    134 @ 43    501 @ 98
    145 @ 76   200 @ 101
    300 @ 91  5000 @ 110
    200 @ 93  5600 @ 119
    100 @ 95   453 @ 123
    154 @ 98   645 @ 144
          -    665 @ 167
|------------||-----------|

22:53:37.151 [main] INFO  c.gettingstarted.MyAlgoLogic - [MYALGO] Algo Sees Book as: 
|----BID-----||----ASK----|
    134 @ 43    501 @ 98
    145 @ 76   200 @ 101
    300 @ 91  5000 @ 110
    200 @ 93  5600 @ 119
    100 @ 95   453 @ 123
    154 @ 98   645 @ 144
          -    665 @ 167
|------------||-----------|

22:53:37.151 [main] INFO  c.gettingstarted.TimedLogic - [TIMEDLOGIC] Market is closed
22:53:37.151 [main] INFO  c.sequencer.consumer.LoggingConsumer - [144] 
|----BID-----|
    134 @ 43
    145 @ 76
    300 @ 91
    200 @ 93
    100 @ 95
    154 @ 98
|----ASK-----|
    501 @ 98
   200 @ 101
  5000 @ 110
  5600 @ 119
   453 @ 123
   645 @ 144
   665 @ 167

22:53:37.151 [main] INFO  c.orderbook.OrderBook - [ORDERBOOK] Processing Mkt Data Update
22:53:37.151 [main] INFO  c.o.v.MutatingRemoveAllMarketDataOrdersVisitor - [ORDERBOOK] Removing market data order:MktData(price=43,quantity=134)
22:53:37.151 [main] INFO  c.o.v.MutatingRemoveAllMarketDataOrdersVisitor - [ORDERBOOK] Removing level:43
22:53:37.151 [main] DEBUG c.orderbook.OrderBook - [ORDERBOOK] ASK: Adding orderMktData(price=43,quantity=134)
22:53:37.151 [main] DEBUG c.orderbook.OrderBook - [ORDERBOOK] ASK: Adding orderMktData(price=76,quantity=145)
22:53:37.151 [main] DEBUG c.orderbook.OrderBook - [ORDERBOOK] ASK: Adding orderMktData(price=91,quantity=300)
22:53:37.151 [main] DEBUG c.orderbook.OrderBook - [ORDERBOOK] ASK: Adding orderMktData(price=93,quantity=200)
22:53:37.151 [main] DEBUG c.orderbook.OrderBook - [ORDERBOOK] ASK: Adding orderMktData(price=95,quantity=100)
22:53:37.151 [main] DEBUG c.orderbook.OrderBook - [ORDERBOOK] ASK: Adding orderMktData(price=98,quantity=154)
22:53:37.151 [main] INFO  c.o.v.MutatingMatchOneMarketDataOrderVisitor - [ORDERBOOK] visiting LevelOrderBookLevel(price=43,quantity=134)
22:53:37.151 [main] INFO  c.o.v.MutatingMatchOneMarketDataOrderVisitor - [ORDERBOOK] Can't match order:MktData(price=43,quantity=134)(MktData(price=98,quantity=154))
22:53:37.151 [main] INFO  c.o.v.MutatingRemoveAllMarketDataOrdersVisitor - [ORDERBOOK] Removing market data order:MktData(price=98,quantity=501)
22:53:37.151 [main] INFO  c.o.v.MutatingRemoveAllMarketDataOrdersVisitor - [ORDERBOOK] Removing level:98
22:53:37.151 [main] INFO  c.o.v.MutatingRemoveAllMarketDataOrdersVisitor - [ORDERBOOK] Removing market data order:MktData(price=101,quantity=200)
22:53:37.151 [main] INFO  c.o.v.MutatingRemoveAllMarketDataOrdersVisitor - [ORDERBOOK] Removing level:101
22:53:37.151 [main] INFO  c.o.v.MutatingRemoveAllMarketDataOrdersVisitor - [ORDERBOOK] Removing market data order:MktData(price=110,quantity=5000)
22:53:37.151 [main] INFO  c.o.v.MutatingRemoveAllMarketDataOrdersVisitor - [ORDERBOOK] Removing level:110
22:53:37.151 [main] INFO  c.o.v.MutatingRemoveAllMarketDataOrdersVisitor - [ORDERBOOK] Removing market data order:MktData(price=119,quantity=5600)
22:53:37.151 [main] INFO  c.o.v.MutatingRemoveAllMarketDataOrdersVisitor - [ORDERBOOK] Removing level:119
22:53:37.151 [main] INFO  c.o.v.MutatingRemoveAllMarketDataOrdersVisitor - [ORDERBOOK] Removing market data order:MktData(price=123,quantity=453)
22:53:37.151 [main] INFO  c.o.v.MutatingRemoveAllMarketDataOrdersVisitor - [ORDERBOOK] Removing level:123
22:53:37.151 [main] INFO  c.o.v.MutatingRemoveAllMarketDataOrdersVisitor - [ORDERBOOK] Removing market data order:MktData(price=144,quantity=645)
22:53:37.151 [main] INFO  c.o.v.MutatingRemoveAllMarketDataOrdersVisitor - [ORDERBOOK] Removing level:144
22:53:37.151 [main] INFO  c.o.v.MutatingRemoveAllMarketDataOrdersVisitor - [ORDERBOOK] Removing market data order:MktData(price=167,quantity=665)
22:53:37.151 [main] INFO  c.o.v.MutatingRemoveAllMarketDataOrdersVisitor - [ORDERBOOK] Removing level:167
22:53:37.151 [main] DEBUG c.orderbook.OrderBook - [ORDERBOOK] ASK: Adding orderMktData(price=98,quantity=501)
22:53:37.151 [main] DEBUG c.orderbook.OrderBook - [ORDERBOOK] ASK: Adding orderMktData(price=101,quantity=200)
22:53:37.151 [main] DEBUG c.orderbook.OrderBook - [ORDERBOOK] ASK: Adding orderMktData(price=110,quantity=5000)
22:53:37.151 [main] DEBUG c.orderbook.OrderBook - [ORDERBOOK] ASK: Adding orderMktData(price=119,quantity=5600)
22:53:37.151 [main] DEBUG c.orderbook.OrderBook - [ORDERBOOK] ASK: Adding orderMktData(price=123,quantity=453)
22:53:37.151 [main] DEBUG c.orderbook.OrderBook - [ORDERBOOK] ASK: Adding orderMktData(price=144,quantity=645)
22:53:37.151 [main] DEBUG c.orderbook.OrderBook - [ORDERBOOK] ASK: Adding orderMktData(price=167,quantity=665)
22:53:37.151 [main] DEBUG c.service.MarketDataService - [ALGO] BID: price:43 quantity:134
22:53:37.151 [main] DEBUG c.service.MarketDataService - [ALGO] BID: price:76 quantity:145
22:53:37.151 [main] DEBUG c.service.MarketDataService - [ALGO] BID: price:91 quantity:300
22:53:37.151 [main] DEBUG c.service.MarketDataService - [ALGO] BID: price:93 quantity:200
22:53:37.151 [main] DEBUG c.service.MarketDataService - [ALGO] BID: price:95 quantity:100
22:53:37.151 [main] DEBUG c.service.MarketDataService - [ALGO] BID: price:98 quantity:154
22:53:37.151 [main] DEBUG c.service.MarketDataService - [ALGO] ASK: price:98 quantity:501
22:53:37.151 [main] DEBUG c.service.MarketDataService - [ALGO] ASK: price:101 quantity:200
22:53:37.151 [main] DEBUG c.service.MarketDataService - [ALGO] ASK: price:110 quantity:5000
22:53:37.151 [main] DEBUG c.service.MarketDataService - [ALGO] ASK: price:119 quantity:5600
22:53:37.151 [main] DEBUG c.service.MarketDataService - [ALGO] ASK: price:123 quantity:453
22:53:37.151 [main] DEBUG c.service.MarketDataService - [ALGO] ASK: price:144 quantity:645
22:53:37.151 [main] DEBUG c.service.MarketDataService - [ALGO] ASK: price:167 quantity:665
22:53:37.151 [main] INFO  c.gettingstarted.MyAlgoLogic - [MYALGO] The state of the order book is:
|----BID-----||----ASK----|
    134 @ 43    501 @ 98
    145 @ 76   200 @ 101
    300 @ 91  5000 @ 110
    200 @ 93  5600 @ 119
    100 @ 95   453 @ 123
    154 @ 98   645 @ 144
          -    665 @ 167
|------------||-----------|

22:53:37.151 [main] INFO  c.gettingstarted.MyAlgoLogic - [MYALGO] Algo Sees Book as: 
|----BID-----||----ASK----|
    134 @ 43    501 @ 98
    145 @ 76   200 @ 101
    300 @ 91  5000 @ 110
    200 @ 93  5600 @ 119
    100 @ 95   453 @ 123
    154 @ 98   645 @ 144
          -    665 @ 167
|------------||-----------|

22:53:37.151 [main] INFO  c.gettingstarted.TimedLogic - [TIMEDLOGIC] Market is closed
22:53:37.151 [main] INFO  c.sequencer.consumer.LoggingConsumer - [145] 
|----BID-----|
    134 @ 43
    145 @ 76
    300 @ 91
    200 @ 93
    100 @ 95
    154 @ 98
|----ASK-----|
    501 @ 98
   200 @ 101
  5000 @ 110
  5600 @ 119
   453 @ 123
   645 @ 144
   665 @ 167

22:53:37.151 [main] INFO  c.orderbook.OrderBook - [ORDERBOOK] Processing Mkt Data Update
22:53:37.151 [main] INFO  c.o.v.MutatingRemoveAllMarketDataOrdersVisitor - [ORDERBOOK] Removing market data order:MktData(price=43,quantity=134)
22:53:37.151 [main] INFO  c.o.v.MutatingRemoveAllMarketDataOrdersVisitor - [ORDERBOOK] Removing level:43
22:53:37.151 [main] DEBUG c.orderbook.OrderBook - [ORDERBOOK] ASK: Adding orderMktData(price=43,quantity=134)
22:53:37.151 [main] DEBUG c.orderbook.OrderBook - [ORDERBOOK] ASK: Adding orderMktData(price=76,quantity=145)
22:53:37.151 [main] DEBUG c.orderbook.OrderBook - [ORDERBOOK] ASK: Adding orderMktData(price=91,quantity=300)
22:53:37.151 [main] DEBUG c.orderbook.OrderBook - [ORDERBOOK] ASK: Adding orderMktData(price=93,quantity=200)
22:53:37.151 [main] DEBUG c.orderbook.OrderBook - [ORDERBOOK] ASK: Adding orderMktData(price=95,quantity=100)
22:53:37.151 [main] DEBUG c.orderbook.OrderBook - [ORDERBOOK] ASK: Adding orderMktData(price=98,quantity=154)
22:53:37.151 [main] INFO  c.o.v.MutatingMatchOneMarketDataOrderVisitor - [ORDERBOOK] visiting LevelOrderBookLevel(price=43,quantity=134)
22:53:37.151 [main] INFO  c.o.v.MutatingMatchOneMarketDataOrderVisitor - [ORDERBOOK] Can't match order:MktData(price=43,quantity=134)(MktData(price=98,quantity=154))
22:53:37.151 [main] INFO  c.o.v.MutatingRemoveAllMarketDataOrdersVisitor - [ORDERBOOK] Removing market data order:MktData(price=98,quantity=501)
22:53:37.151 [main] INFO  c.o.v.MutatingRemoveAllMarketDataOrdersVisitor - [ORDERBOOK] Removing level:98
22:53:37.151 [main] INFO  c.o.v.MutatingRemoveAllMarketDataOrdersVisitor - [ORDERBOOK] Removing market data order:MktData(price=101,quantity=200)
22:53:37.151 [main] INFO  c.o.v.MutatingRemoveAllMarketDataOrdersVisitor - [ORDERBOOK] Removing level:101
22:53:37.151 [main] INFO  c.o.v.MutatingRemoveAllMarketDataOrdersVisitor - [ORDERBOOK] Removing market data order:MktData(price=110,quantity=5000)
22:53:37.151 [main] INFO  c.o.v.MutatingRemoveAllMarketDataOrdersVisitor - [ORDERBOOK] Removing level:110
22:53:37.151 [main] INFO  c.o.v.MutatingRemoveAllMarketDataOrdersVisitor - [ORDERBOOK] Removing market data order:MktData(price=119,quantity=5600)
22:53:37.151 [main] INFO  c.o.v.MutatingRemoveAllMarketDataOrdersVisitor - [ORDERBOOK] Removing level:119
22:53:37.151 [main] INFO  c.o.v.MutatingRemoveAllMarketDataOrdersVisitor - [ORDERBOOK] Removing market data order:MktData(price=123,quantity=453)
22:53:37.151 [main] INFO  c.o.v.MutatingRemoveAllMarketDataOrdersVisitor - [ORDERBOOK] Removing level:123
22:53:37.151 [main] INFO  c.o.v.MutatingRemoveAllMarketDataOrdersVisitor - [ORDERBOOK] Removing market data order:MktData(price=144,quantity=645)
22:53:37.151 [main] INFO  c.o.v.MutatingRemoveAllMarketDataOrdersVisitor - [ORDERBOOK] Removing level:144
22:53:37.151 [main] INFO  c.o.v.MutatingRemoveAllMarketDataOrdersVisitor - [ORDERBOOK] Removing market data order:MktData(price=167,quantity=665)
22:53:37.151 [main] INFO  c.o.v.MutatingRemoveAllMarketDataOrdersVisitor - [ORDERBOOK] Removing level:167
22:53:37.151 [main] DEBUG c.orderbook.OrderBook - [ORDERBOOK] ASK: Adding orderMktData(price=98,quantity=501)
22:53:37.151 [main] DEBUG c.orderbook.OrderBook - [ORDERBOOK] ASK: Adding orderMktData(price=101,quantity=200)
22:53:37.151 [main] DEBUG c.orderbook.OrderBook - [ORDERBOOK] ASK: Adding orderMktData(price=110,quantity=5000)
22:53:37.151 [main] DEBUG c.orderbook.OrderBook - [ORDERBOOK] ASK: Adding orderMktData(price=119,quantity=5600)
22:53:37.151 [main] DEBUG c.orderbook.OrderBook - [ORDERBOOK] ASK: Adding orderMktData(price=123,quantity=453)
22:53:37.151 [main] DEBUG c.orderbook.OrderBook - [ORDERBOOK] ASK: Adding orderMktData(price=144,quantity=645)
22:53:37.151 [main] DEBUG c.orderbook.OrderBook - [ORDERBOOK] ASK: Adding orderMktData(price=167,quantity=665)
22:53:37.151 [main] DEBUG c.service.MarketDataService - [ALGO] BID: price:43 quantity:134
22:53:37.151 [main] DEBUG c.service.MarketDataService - [ALGO] BID: price:76 quantity:145
22:53:37.151 [main] DEBUG c.service.MarketDataService - [ALGO] BID: price:91 quantity:300
22:53:37.151 [main] DEBUG c.service.MarketDataService - [ALGO] BID: price:93 quantity:200
22:53:37.151 [main] DEBUG c.service.MarketDataService - [ALGO] BID: price:95 quantity:100
22:53:37.151 [main] DEBUG c.service.MarketDataService - [ALGO] BID: price:98 quantity:154
22:53:37.151 [main] DEBUG c.service.MarketDataService - [ALGO] ASK: price:98 quantity:501
22:53:37.151 [main] DEBUG c.service.MarketDataService - [ALGO] ASK: price:101 quantity:200
22:53:37.151 [main] DEBUG c.service.MarketDataService - [ALGO] ASK: price:110 quantity:5000
22:53:37.151 [main] DEBUG c.service.MarketDataService - [ALGO] ASK: price:119 quantity:5600
22:53:37.151 [main] DEBUG c.service.MarketDataService - [ALGO] ASK: price:123 quantity:453
22:53:37.151 [main] DEBUG c.service.MarketDataService - [ALGO] ASK: price:144 quantity:645
22:53:37.151 [main] DEBUG c.service.MarketDataService - [ALGO] ASK: price:167 quantity:665
22:53:37.151 [main] INFO  c.gettingstarted.MyAlgoLogic - [MYALGO] The state of the order book is:
|----BID-----||----ASK----|
    134 @ 43    501 @ 98
    145 @ 76   200 @ 101
    300 @ 91  5000 @ 110
    200 @ 93  5600 @ 119
    100 @ 95   453 @ 123
    154 @ 98   645 @ 144
          -    665 @ 167
|------------||-----------|

22:53:37.151 [main] INFO  c.gettingstarted.MyAlgoLogic - [MYALGO] Algo Sees Book as: 
|----BID-----||----ASK----|
    134 @ 43    501 @ 98
    145 @ 76   200 @ 101
    300 @ 91  5000 @ 110
    200 @ 93  5600 @ 119
    100 @ 95   453 @ 123
    154 @ 98   645 @ 144
          -    665 @ 167
|------------||-----------|

22:53:37.151 [main] INFO  c.gettingstarted.TimedLogic - [TIMEDLOGIC] Market is closed
22:53:37.153 [main] INFO  c.sequencer.consumer.LoggingConsumer - [146] 
|----BID-----|
    134 @ 43
    145 @ 76
    300 @ 91
    200 @ 93
    100 @ 95
    154 @ 98
|----ASK-----|
    501 @ 98
   200 @ 101
  5000 @ 110
  5600 @ 119
   453 @ 123
   645 @ 144
   665 @ 167

22:53:37.153 [main] INFO  c.orderbook.OrderBook - [ORDERBOOK] Processing Mkt Data Update
22:53:37.153 [main] INFO  c.o.v.MutatingRemoveAllMarketDataOrdersVisitor - [ORDERBOOK] Removing market data order:MktData(price=43,quantity=134)
22:53:37.153 [main] INFO  c.o.v.MutatingRemoveAllMarketDataOrdersVisitor - [ORDERBOOK] Removing level:43
22:53:37.153 [main] DEBUG c.orderbook.OrderBook - [ORDERBOOK] ASK: Adding orderMktData(price=43,quantity=134)
22:53:37.153 [main] DEBUG c.orderbook.OrderBook - [ORDERBOOK] ASK: Adding orderMktData(price=76,quantity=145)
22:53:37.153 [main] DEBUG c.orderbook.OrderBook - [ORDERBOOK] ASK: Adding orderMktData(price=91,quantity=300)
22:53:37.153 [main] DEBUG c.orderbook.OrderBook - [ORDERBOOK] ASK: Adding orderMktData(price=93,quantity=200)
22:53:37.153 [main] DEBUG c.orderbook.OrderBook - [ORDERBOOK] ASK: Adding orderMktData(price=95,quantity=100)
22:53:37.153 [main] DEBUG c.orderbook.OrderBook - [ORDERBOOK] ASK: Adding orderMktData(price=98,quantity=154)
22:53:37.153 [main] INFO  c.o.v.MutatingMatchOneMarketDataOrderVisitor - [ORDERBOOK] visiting LevelOrderBookLevel(price=43,quantity=134)
22:53:37.153 [main] INFO  c.o.v.MutatingMatchOneMarketDataOrderVisitor - [ORDERBOOK] Can't match order:MktData(price=43,quantity=134)(MktData(price=98,quantity=154))
22:53:37.153 [main] INFO  c.o.v.MutatingRemoveAllMarketDataOrdersVisitor - [ORDERBOOK] Removing market data order:MktData(price=98,quantity=501)
22:53:37.153 [main] INFO  c.o.v.MutatingRemoveAllMarketDataOrdersVisitor - [ORDERBOOK] Removing level:98
22:53:37.153 [main] INFO  c.o.v.MutatingRemoveAllMarketDataOrdersVisitor - [ORDERBOOK] Removing market data order:MktData(price=101,quantity=200)
22:53:37.153 [main] INFO  c.o.v.MutatingRemoveAllMarketDataOrdersVisitor - [ORDERBOOK] Removing level:101
22:53:37.153 [main] INFO  c.o.v.MutatingRemoveAllMarketDataOrdersVisitor - [ORDERBOOK] Removing market data order:MktData(price=110,quantity=5000)
22:53:37.153 [main] INFO  c.o.v.MutatingRemoveAllMarketDataOrdersVisitor - [ORDERBOOK] Removing level:110
22:53:37.153 [main] INFO  c.o.v.MutatingRemoveAllMarketDataOrdersVisitor - [ORDERBOOK] Removing market data order:MktData(price=119,quantity=5600)
22:53:37.153 [main] INFO  c.o.v.MutatingRemoveAllMarketDataOrdersVisitor - [ORDERBOOK] Removing level:119
22:53:37.153 [main] INFO  c.o.v.MutatingRemoveAllMarketDataOrdersVisitor - [ORDERBOOK] Removing market data order:MktData(price=123,quantity=453)
22:53:37.153 [main] INFO  c.o.v.MutatingRemoveAllMarketDataOrdersVisitor - [ORDERBOOK] Removing level:123
22:53:37.153 [main] INFO  c.o.v.MutatingRemoveAllMarketDataOrdersVisitor - [ORDERBOOK] Removing market data order:MktData(price=144,quantity=645)
22:53:37.153 [main] INFO  c.o.v.MutatingRemoveAllMarketDataOrdersVisitor - [ORDERBOOK] Removing level:144
22:53:37.153 [main] INFO  c.o.v.MutatingRemoveAllMarketDataOrdersVisitor - [ORDERBOOK] Removing market data order:MktData(price=167,quantity=665)
22:53:37.153 [main] INFO  c.o.v.MutatingRemoveAllMarketDataOrdersVisitor - [ORDERBOOK] Removing level:167
22:53:37.153 [main] DEBUG c.orderbook.OrderBook - [ORDERBOOK] ASK: Adding orderMktData(price=98,quantity=501)
22:53:37.153 [main] DEBUG c.orderbook.OrderBook - [ORDERBOOK] ASK: Adding orderMktData(price=101,quantity=200)
22:53:37.153 [main] DEBUG c.orderbook.OrderBook - [ORDERBOOK] ASK: Adding orderMktData(price=110,quantity=5000)
22:53:37.153 [main] DEBUG c.orderbook.OrderBook - [ORDERBOOK] ASK: Adding orderMktData(price=119,quantity=5600)
22:53:37.153 [main] DEBUG c.orderbook.OrderBook - [ORDERBOOK] ASK: Adding orderMktData(price=123,quantity=453)
22:53:37.153 [main] DEBUG c.orderbook.OrderBook - [ORDERBOOK] ASK: Adding orderMktData(price=144,quantity=645)
22:53:37.153 [main] DEBUG c.orderbook.OrderBook - [ORDERBOOK] ASK: Adding orderMktData(price=167,quantity=665)
22:53:37.153 [main] DEBUG c.service.MarketDataService - [ALGO] BID: price:43 quantity:134
22:53:37.153 [main] DEBUG c.service.MarketDataService - [ALGO] BID: price:76 quantity:145
22:53:37.153 [main] DEBUG c.service.MarketDataService - [ALGO] BID: price:91 quantity:300
22:53:37.153 [main] DEBUG c.service.MarketDataService - [ALGO] BID: price:93 quantity:200
22:53:37.153 [main] DEBUG c.service.MarketDataService - [ALGO] BID: price:95 quantity:100
22:53:37.153 [main] DEBUG c.service.MarketDataService - [ALGO] BID: price:98 quantity:154
22:53:37.153 [main] DEBUG c.service.MarketDataService - [ALGO] ASK: price:98 quantity:501
22:53:37.153 [main] DEBUG c.service.MarketDataService - [ALGO] ASK: price:101 quantity:200
22:53:37.153 [main] DEBUG c.service.MarketDataService - [ALGO] ASK: price:110 quantity:5000
22:53:37.153 [main] DEBUG c.service.MarketDataService - [ALGO] ASK: price:119 quantity:5600
22:53:37.153 [main] DEBUG c.service.MarketDataService - [ALGO] ASK: price:123 quantity:453
22:53:37.153 [main] DEBUG c.service.MarketDataService - [ALGO] ASK: price:144 quantity:645
22:53:37.153 [main] DEBUG c.service.MarketDataService - [ALGO] ASK: price:167 quantity:665
22:53:37.153 [main] INFO  c.gettingstarted.MyAlgoLogic - [MYALGO] The state of the order book is:
|----BID-----||----ASK----|
    134 @ 43    501 @ 98
    145 @ 76   200 @ 101
    300 @ 91  5000 @ 110
    200 @ 93  5600 @ 119
    100 @ 95   453 @ 123
    154 @ 98   645 @ 144
          -    665 @ 167
|------------||-----------|

22:53:37.153 [main] INFO  c.gettingstarted.MyAlgoLogic - [MYALGO] Algo Sees Book as: 
|----BID-----||----ASK----|
    134 @ 43    501 @ 98
    145 @ 76   200 @ 101
    300 @ 91  5000 @ 110
    200 @ 93  5600 @ 119
    100 @ 95   453 @ 123
    154 @ 98   645 @ 144
          -    665 @ 167
|------------||-----------|

22:53:37.153 [main] INFO  c.gettingstarted.TimedLogic - [TIMEDLOGIC] Market is closed
22:53:37.153 [main] INFO  c.sequencer.consumer.LoggingConsumer - [147] 
|----BID-----|
    134 @ 43
    145 @ 76
    300 @ 91
    200 @ 93
    100 @ 95
    154 @ 98
|----ASK-----|
    501 @ 98
   200 @ 101
  5000 @ 110
  5600 @ 119
   453 @ 123
   645 @ 144
   665 @ 167

22:53:37.153 [main] INFO  c.orderbook.OrderBook - [ORDERBOOK] Processing Mkt Data Update
22:53:37.153 [main] INFO  c.o.v.MutatingRemoveAllMarketDataOrdersVisitor - [ORDERBOOK] Removing market data order:MktData(price=43,quantity=134)
22:53:37.153 [main] INFO  c.o.v.MutatingRemoveAllMarketDataOrdersVisitor - [ORDERBOOK] Removing level:43
22:53:37.153 [main] DEBUG c.orderbook.OrderBook - [ORDERBOOK] ASK: Adding orderMktData(price=43,quantity=134)
22:53:37.153 [main] DEBUG c.orderbook.OrderBook - [ORDERBOOK] ASK: Adding orderMktData(price=76,quantity=145)
22:53:37.153 [main] DEBUG c.orderbook.OrderBook - [ORDERBOOK] ASK: Adding orderMktData(price=91,quantity=300)
22:53:37.153 [main] DEBUG c.orderbook.OrderBook - [ORDERBOOK] ASK: Adding orderMktData(price=93,quantity=200)
22:53:37.153 [main] DEBUG c.orderbook.OrderBook - [ORDERBOOK] ASK: Adding orderMktData(price=95,quantity=100)
22:53:37.153 [main] DEBUG c.orderbook.OrderBook - [ORDERBOOK] ASK: Adding orderMktData(price=98,quantity=154)
22:53:37.153 [main] INFO  c.o.v.MutatingMatchOneMarketDataOrderVisitor - [ORDERBOOK] visiting LevelOrderBookLevel(price=43,quantity=134)
22:53:37.153 [main] INFO  c.o.v.MutatingMatchOneMarketDataOrderVisitor - [ORDERBOOK] Can't match order:MktData(price=43,quantity=134)(MktData(price=98,quantity=154))
22:53:37.153 [main] INFO  c.o.v.MutatingRemoveAllMarketDataOrdersVisitor - [ORDERBOOK] Removing market data order:MktData(price=98,quantity=501)
22:53:37.153 [main] INFO  c.o.v.MutatingRemoveAllMarketDataOrdersVisitor - [ORDERBOOK] Removing level:98
22:53:37.153 [main] INFO  c.o.v.MutatingRemoveAllMarketDataOrdersVisitor - [ORDERBOOK] Removing market data order:MktData(price=101,quantity=200)
22:53:37.153 [main] INFO  c.o.v.MutatingRemoveAllMarketDataOrdersVisitor - [ORDERBOOK] Removing level:101
22:53:37.153 [main] INFO  c.o.v.MutatingRemoveAllMarketDataOrdersVisitor - [ORDERBOOK] Removing market data order:MktData(price=110,quantity=5000)
22:53:37.153 [main] INFO  c.o.v.MutatingRemoveAllMarketDataOrdersVisitor - [ORDERBOOK] Removing level:110
22:53:37.153 [main] INFO  c.o.v.MutatingRemoveAllMarketDataOrdersVisitor - [ORDERBOOK] Removing market data order:MktData(price=119,quantity=5600)
22:53:37.153 [main] INFO  c.o.v.MutatingRemoveAllMarketDataOrdersVisitor - [ORDERBOOK] Removing level:119
22:53:37.153 [main] INFO  c.o.v.MutatingRemoveAllMarketDataOrdersVisitor - [ORDERBOOK] Removing market data order:MktData(price=123,quantity=453)
22:53:37.153 [main] INFO  c.o.v.MutatingRemoveAllMarketDataOrdersVisitor - [ORDERBOOK] Removing level:123
22:53:37.153 [main] INFO  c.o.v.MutatingRemoveAllMarketDataOrdersVisitor - [ORDERBOOK] Removing market data order:MktData(price=144,quantity=645)
22:53:37.153 [main] INFO  c.o.v.MutatingRemoveAllMarketDataOrdersVisitor - [ORDERBOOK] Removing level:144
22:53:37.153 [main] INFO  c.o.v.MutatingRemoveAllMarketDataOrdersVisitor - [ORDERBOOK] Removing market data order:MktData(price=167,quantity=665)
22:53:37.153 [main] INFO  c.o.v.MutatingRemoveAllMarketDataOrdersVisitor - [ORDERBOOK] Removing level:167
22:53:37.153 [main] DEBUG c.orderbook.OrderBook - [ORDERBOOK] ASK: Adding orderMktData(price=98,quantity=501)
22:53:37.153 [main] DEBUG c.orderbook.OrderBook - [ORDERBOOK] ASK: Adding orderMktData(price=101,quantity=200)
22:53:37.153 [main] DEBUG c.orderbook.OrderBook - [ORDERBOOK] ASK: Adding orderMktData(price=110,quantity=5000)
22:53:37.153 [main] DEBUG c.orderbook.OrderBook - [ORDERBOOK] ASK: Adding orderMktData(price=119,quantity=5600)
22:53:37.153 [main] DEBUG c.orderbook.OrderBook - [ORDERBOOK] ASK: Adding orderMktData(price=123,quantity=453)
22:53:37.153 [main] DEBUG c.orderbook.OrderBook - [ORDERBOOK] ASK: Adding orderMktData(price=144,quantity=645)
22:53:37.153 [main] DEBUG c.orderbook.OrderBook - [ORDERBOOK] ASK: Adding orderMktData(price=167,quantity=665)
22:53:37.153 [main] DEBUG c.service.MarketDataService - [ALGO] BID: price:43 quantity:134
22:53:37.153 [main] DEBUG c.service.MarketDataService - [ALGO] BID: price:76 quantity:145
22:53:37.153 [main] DEBUG c.service.MarketDataService - [ALGO] BID: price:91 quantity:300
22:53:37.153 [main] DEBUG c.service.MarketDataService - [ALGO] BID: price:93 quantity:200
22:53:37.153 [main] DEBUG c.service.MarketDataService - [ALGO] BID: price:95 quantity:100
22:53:37.153 [main] DEBUG c.service.MarketDataService - [ALGO] BID: price:98 quantity:154
22:53:37.153 [main] DEBUG c.service.MarketDataService - [ALGO] ASK: price:98 quantity:501
22:53:37.153 [main] DEBUG c.service.MarketDataService - [ALGO] ASK: price:101 quantity:200
22:53:37.153 [main] DEBUG c.service.MarketDataService - [ALGO] ASK: price:110 quantity:5000
22:53:37.153 [main] DEBUG c.service.MarketDataService - [ALGO] ASK: price:119 quantity:5600
22:53:37.153 [main] DEBUG c.service.MarketDataService - [ALGO] ASK: price:123 quantity:453
22:53:37.153 [main] DEBUG c.service.MarketDataService - [ALGO] ASK: price:144 quantity:645
22:53:37.153 [main] DEBUG c.service.MarketDataService - [ALGO] ASK: price:167 quantity:665
22:53:37.153 [main] INFO  c.gettingstarted.MyAlgoLogic - [MYALGO] The state of the order book is:
|----BID-----||----ASK----|
    134 @ 43    501 @ 98
    145 @ 76   200 @ 101
    300 @ 91  5000 @ 110
    200 @ 93  5600 @ 119
    100 @ 95   453 @ 123
    154 @ 98   645 @ 144
          -    665 @ 167
|------------||-----------|

22:53:37.153 [main] INFO  c.gettingstarted.MyAlgoLogic - [MYALGO] Algo Sees Book as: 
|----BID-----||----ASK----|
    134 @ 43    501 @ 98
    145 @ 76   200 @ 101
    300 @ 91  5000 @ 110
    200 @ 93  5600 @ 119
    100 @ 95   453 @ 123
    154 @ 98   645 @ 144
          -    665 @ 167
|------------||-----------|

22:53:37.153 [main] INFO  c.gettingstarted.TimedLogic - [TIMEDLOGIC] Market is closed
22:53:37.153 [main] INFO  c.sequencer.consumer.LoggingConsumer - [148] 
|----BID-----|
    134 @ 43
    145 @ 76
    300 @ 91
    200 @ 93
    100 @ 95
    154 @ 98
|----ASK-----|
    501 @ 98
   200 @ 101
  5000 @ 110
  5600 @ 119
   453 @ 123
   645 @ 144
   665 @ 167

22:53:37.153 [main] INFO  c.orderbook.OrderBook - [ORDERBOOK] Processing Mkt Data Update
22:53:37.153 [main] INFO  c.o.v.MutatingRemoveAllMarketDataOrdersVisitor - [ORDERBOOK] Removing market data order:MktData(price=43,quantity=134)
22:53:37.153 [main] INFO  c.o.v.MutatingRemoveAllMarketDataOrdersVisitor - [ORDERBOOK] Removing level:43
22:53:37.153 [main] DEBUG c.orderbook.OrderBook - [ORDERBOOK] ASK: Adding orderMktData(price=43,quantity=134)
22:53:37.153 [main] DEBUG c.orderbook.OrderBook - [ORDERBOOK] ASK: Adding orderMktData(price=76,quantity=145)
22:53:37.153 [main] DEBUG c.orderbook.OrderBook - [ORDERBOOK] ASK: Adding orderMktData(price=91,quantity=300)
22:53:37.153 [main] DEBUG c.orderbook.OrderBook - [ORDERBOOK] ASK: Adding orderMktData(price=93,quantity=200)
22:53:37.153 [main] DEBUG c.orderbook.OrderBook - [ORDERBOOK] ASK: Adding orderMktData(price=95,quantity=100)
22:53:37.153 [main] DEBUG c.orderbook.OrderBook - [ORDERBOOK] ASK: Adding orderMktData(price=98,quantity=154)
22:53:37.153 [main] INFO  c.o.v.MutatingMatchOneMarketDataOrderVisitor - [ORDERBOOK] visiting LevelOrderBookLevel(price=43,quantity=134)
22:53:37.153 [main] INFO  c.o.v.MutatingMatchOneMarketDataOrderVisitor - [ORDERBOOK] Can't match order:MktData(price=43,quantity=134)(MktData(price=98,quantity=154))
22:53:37.153 [main] INFO  c.o.v.MutatingRemoveAllMarketDataOrdersVisitor - [ORDERBOOK] Removing market data order:MktData(price=98,quantity=501)
22:53:37.159 [main] INFO  c.o.v.MutatingRemoveAllMarketDataOrdersVisitor - [ORDERBOOK] Removing level:98
22:53:37.159 [main] INFO  c.o.v.MutatingRemoveAllMarketDataOrdersVisitor - [ORDERBOOK] Removing market data order:MktData(price=101,quantity=200)
22:53:37.159 [main] INFO  c.o.v.MutatingRemoveAllMarketDataOrdersVisitor - [ORDERBOOK] Removing level:101
22:53:37.159 [main] INFO  c.o.v.MutatingRemoveAllMarketDataOrdersVisitor - [ORDERBOOK] Removing market data order:MktData(price=110,quantity=5000)
22:53:37.159 [main] INFO  c.o.v.MutatingRemoveAllMarketDataOrdersVisitor - [ORDERBOOK] Removing level:110
22:53:37.159 [main] INFO  c.o.v.MutatingRemoveAllMarketDataOrdersVisitor - [ORDERBOOK] Removing market data order:MktData(price=119,quantity=5600)
22:53:37.159 [main] INFO  c.o.v.MutatingRemoveAllMarketDataOrdersVisitor - [ORDERBOOK] Removing level:119
22:53:37.159 [main] INFO  c.o.v.MutatingRemoveAllMarketDataOrdersVisitor - [ORDERBOOK] Removing market data order:MktData(price=123,quantity=453)
22:53:37.159 [main] INFO  c.o.v.MutatingRemoveAllMarketDataOrdersVisitor - [ORDERBOOK] Removing level:123
22:53:37.159 [main] INFO  c.o.v.MutatingRemoveAllMarketDataOrdersVisitor - [ORDERBOOK] Removing market data order:MktData(price=144,quantity=645)
22:53:37.159 [main] INFO  c.o.v.MutatingRemoveAllMarketDataOrdersVisitor - [ORDERBOOK] Removing level:144
22:53:37.159 [main] INFO  c.o.v.MutatingRemoveAllMarketDataOrdersVisitor - [ORDERBOOK] Removing market data order:MktData(price=167,quantity=665)
22:53:37.159 [main] INFO  c.o.v.MutatingRemoveAllMarketDataOrdersVisitor - [ORDERBOOK] Removing level:167
22:53:37.159 [main] DEBUG c.orderbook.OrderBook - [ORDERBOOK] ASK: Adding orderMktData(price=98,quantity=501)
22:53:37.159 [main] DEBUG c.orderbook.OrderBook - [ORDERBOOK] ASK: Adding orderMktData(price=101,quantity=200)
22:53:37.159 [main] DEBUG c.orderbook.OrderBook - [ORDERBOOK] ASK: Adding orderMktData(price=110,quantity=5000)
22:53:37.159 [main] DEBUG c.orderbook.OrderBook - [ORDERBOOK] ASK: Adding orderMktData(price=119,quantity=5600)
22:53:37.159 [main] DEBUG c.orderbook.OrderBook - [ORDERBOOK] ASK: Adding orderMktData(price=123,quantity=453)
22:53:37.159 [main] DEBUG c.orderbook.OrderBook - [ORDERBOOK] ASK: Adding orderMktData(price=144,quantity=645)
22:53:37.159 [main] DEBUG c.orderbook.OrderBook - [ORDERBOOK] ASK: Adding orderMktData(price=167,quantity=665)
22:53:37.159 [main] DEBUG c.service.MarketDataService - [ALGO] BID: price:43 quantity:134
22:53:37.159 [main] DEBUG c.service.MarketDataService - [ALGO] BID: price:76 quantity:145
22:53:37.159 [main] DEBUG c.service.MarketDataService - [ALGO] BID: price:91 quantity:300
22:53:37.159 [main] DEBUG c.service.MarketDataService - [ALGO] BID: price:93 quantity:200
22:53:37.159 [main] DEBUG c.service.MarketDataService - [ALGO] BID: price:95 quantity:100
22:53:37.159 [main] DEBUG c.service.MarketDataService - [ALGO] BID: price:98 quantity:154
22:53:37.159 [main] DEBUG c.service.MarketDataService - [ALGO] ASK: price:98 quantity:501
22:53:37.159 [main] DEBUG c.service.MarketDataService - [ALGO] ASK: price:101 quantity:200
22:53:37.159 [main] DEBUG c.service.MarketDataService - [ALGO] ASK: price:110 quantity:5000
22:53:37.159 [main] DEBUG c.service.MarketDataService - [ALGO] ASK: price:119 quantity:5600
22:53:37.159 [main] DEBUG c.service.MarketDataService - [ALGO] ASK: price:123 quantity:453
22:53:37.159 [main] DEBUG c.service.MarketDataService - [ALGO] ASK: price:144 quantity:645
22:53:37.159 [main] DEBUG c.service.MarketDataService - [ALGO] ASK: price:167 quantity:665
22:53:37.159 [main] INFO  c.gettingstarted.MyAlgoLogic - [MYALGO] The state of the order book is:
|----BID-----||----ASK----|
    134 @ 43    501 @ 98
    145 @ 76   200 @ 101
    300 @ 91  5000 @ 110
    200 @ 93  5600 @ 119
    100 @ 95   453 @ 123
    154 @ 98   645 @ 144
          -    665 @ 167
|------------||-----------|

22:53:37.159 [main] INFO  c.gettingstarted.MyAlgoLogic - [MYALGO] Algo Sees Book as: 
|----BID-----||----ASK----|
    134 @ 43    501 @ 98
    145 @ 76   200 @ 101
    300 @ 91  5000 @ 110
    200 @ 93  5600 @ 119
    100 @ 95   453 @ 123
    154 @ 98   645 @ 144
          -    665 @ 167
|------------||-----------|

22:53:37.159 [main] INFO  c.gettingstarted.TimedLogic - [TIMEDLOGIC] Market is closed
22:53:37.159 [main] INFO  c.sequencer.consumer.LoggingConsumer - [149] 
|----BID-----|
    134 @ 43
    145 @ 76
    300 @ 91
    200 @ 93
    100 @ 95
    154 @ 98
|----ASK-----|
    501 @ 98
   200 @ 101
  5000 @ 110
  5600 @ 119
   453 @ 123
   645 @ 144
   665 @ 167

22:53:37.159 [main] INFO  c.orderbook.OrderBook - [ORDERBOOK] Processing Mkt Data Update
22:53:37.159 [main] INFO  c.o.v.MutatingRemoveAllMarketDataOrdersVisitor - [ORDERBOOK] Removing market data order:MktData(price=43,quantity=134)
22:53:37.159 [main] INFO  c.o.v.MutatingRemoveAllMarketDataOrdersVisitor - [ORDERBOOK] Removing level:43
22:53:37.159 [main] DEBUG c.orderbook.OrderBook - [ORDERBOOK] ASK: Adding orderMktData(price=43,quantity=134)
22:53:37.159 [main] DEBUG c.orderbook.OrderBook - [ORDERBOOK] ASK: Adding orderMktData(price=76,quantity=145)
22:53:37.160 [main] DEBUG c.orderbook.OrderBook - [ORDERBOOK] ASK: Adding orderMktData(price=91,quantity=300)
22:53:37.160 [main] DEBUG c.orderbook.OrderBook - [ORDERBOOK] ASK: Adding orderMktData(price=93,quantity=200)
22:53:37.160 [main] DEBUG c.orderbook.OrderBook - [ORDERBOOK] ASK: Adding orderMktData(price=95,quantity=100)
22:53:37.160 [main] DEBUG c.orderbook.OrderBook - [ORDERBOOK] ASK: Adding orderMktData(price=98,quantity=154)
22:53:37.160 [main] INFO  c.o.v.MutatingMatchOneMarketDataOrderVisitor - [ORDERBOOK] visiting LevelOrderBookLevel(price=43,quantity=134)
22:53:37.160 [main] INFO  c.o.v.MutatingMatchOneMarketDataOrderVisitor - [ORDERBOOK] Can't match order:MktData(price=43,quantity=134)(MktData(price=98,quantity=154))
22:53:37.160 [main] INFO  c.o.v.MutatingRemoveAllMarketDataOrdersVisitor - [ORDERBOOK] Removing market data order:MktData(price=98,quantity=501)
22:53:37.160 [main] INFO  c.o.v.MutatingRemoveAllMarketDataOrdersVisitor - [ORDERBOOK] Removing level:98
22:53:37.160 [main] INFO  c.o.v.MutatingRemoveAllMarketDataOrdersVisitor - [ORDERBOOK] Removing market data order:MktData(price=101,quantity=200)
22:53:37.160 [main] INFO  c.o.v.MutatingRemoveAllMarketDataOrdersVisitor - [ORDERBOOK] Removing level:101
22:53:37.160 [main] INFO  c.o.v.MutatingRemoveAllMarketDataOrdersVisitor - [ORDERBOOK] Removing market data order:MktData(price=110,quantity=5000)
22:53:37.160 [main] INFO  c.o.v.MutatingRemoveAllMarketDataOrdersVisitor - [ORDERBOOK] Removing level:110
22:53:37.160 [main] INFO  c.o.v.MutatingRemoveAllMarketDataOrdersVisitor - [ORDERBOOK] Removing market data order:MktData(price=119,quantity=5600)
22:53:37.160 [main] INFO  c.o.v.MutatingRemoveAllMarketDataOrdersVisitor - [ORDERBOOK] Removing level:119
22:53:37.160 [main] INFO  c.o.v.MutatingRemoveAllMarketDataOrdersVisitor - [ORDERBOOK] Removing market data order:MktData(price=123,quantity=453)
22:53:37.160 [main] INFO  c.o.v.MutatingRemoveAllMarketDataOrdersVisitor - [ORDERBOOK] Removing level:123
22:53:37.160 [main] INFO  c.o.v.MutatingRemoveAllMarketDataOrdersVisitor - [ORDERBOOK] Removing market data order:MktData(price=144,quantity=645)
22:53:37.160 [main] INFO  c.o.v.MutatingRemoveAllMarketDataOrdersVisitor - [ORDERBOOK] Removing level:144
22:53:37.160 [main] INFO  c.o.v.MutatingRemoveAllMarketDataOrdersVisitor - [ORDERBOOK] Removing market data order:MktData(price=167,quantity=665)
22:53:37.160 [main] INFO  c.o.v.MutatingRemoveAllMarketDataOrdersVisitor - [ORDERBOOK] Removing level:167
22:53:37.160 [main] DEBUG c.orderbook.OrderBook - [ORDERBOOK] ASK: Adding orderMktData(price=98,quantity=501)
22:53:37.160 [main] DEBUG c.orderbook.OrderBook - [ORDERBOOK] ASK: Adding orderMktData(price=101,quantity=200)
22:53:37.160 [main] DEBUG c.orderbook.OrderBook - [ORDERBOOK] ASK: Adding orderMktData(price=110,quantity=5000)
22:53:37.160 [main] DEBUG c.orderbook.OrderBook - [ORDERBOOK] ASK: Adding orderMktData(price=119,quantity=5600)
22:53:37.160 [main] DEBUG c.orderbook.OrderBook - [ORDERBOOK] ASK: Adding orderMktData(price=123,quantity=453)
22:53:37.160 [main] DEBUG c.orderbook.OrderBook - [ORDERBOOK] ASK: Adding orderMktData(price=144,quantity=645)
22:53:37.160 [main] DEBUG c.orderbook.OrderBook - [ORDERBOOK] ASK: Adding orderMktData(price=167,quantity=665)
22:53:37.160 [main] DEBUG c.service.MarketDataService - [ALGO] BID: price:43 quantity:134
22:53:37.160 [main] DEBUG c.service.MarketDataService - [ALGO] BID: price:76 quantity:145
22:53:37.160 [main] DEBUG c.service.MarketDataService - [ALGO] BID: price:91 quantity:300
22:53:37.160 [main] DEBUG c.service.MarketDataService - [ALGO] BID: price:93 quantity:200
22:53:37.160 [main] DEBUG c.service.MarketDataService - [ALGO] BID: price:95 quantity:100
22:53:37.160 [main] DEBUG c.service.MarketDataService - [ALGO] BID: price:98 quantity:154
22:53:37.160 [main] DEBUG c.service.MarketDataService - [ALGO] ASK: price:98 quantity:501
22:53:37.160 [main] DEBUG c.service.MarketDataService - [ALGO] ASK: price:101 quantity:200
22:53:37.160 [main] DEBUG c.service.MarketDataService - [ALGO] ASK: price:110 quantity:5000
22:53:37.160 [main] DEBUG c.service.MarketDataService - [ALGO] ASK: price:119 quantity:5600
22:53:37.160 [main] DEBUG c.service.MarketDataService - [ALGO] ASK: price:123 quantity:453
22:53:37.160 [main] DEBUG c.service.MarketDataService - [ALGO] ASK: price:144 quantity:645
22:53:37.160 [main] DEBUG c.service.MarketDataService - [ALGO] ASK: price:167 quantity:665
22:53:37.160 [main] INFO  c.gettingstarted.MyAlgoLogic - [MYALGO] The state of the order book is:
|----BID-----||----ASK----|
    134 @ 43    501 @ 98
    145 @ 76   200 @ 101
    300 @ 91  5000 @ 110
    200 @ 93  5600 @ 119
    100 @ 95   453 @ 123
    154 @ 98   645 @ 144
          -    665 @ 167
|------------||-----------|

22:53:37.160 [main] INFO  c.gettingstarted.MyAlgoLogic - [MYALGO] Algo Sees Book as: 
|----BID-----||----ASK----|
    134 @ 43    501 @ 98
    145 @ 76   200 @ 101
    300 @ 91  5000 @ 110
    200 @ 93  5600 @ 119
    100 @ 95   453 @ 123
    154 @ 98   645 @ 144
          -    665 @ 167
|------------||-----------|

22:53:37.161 [main] INFO  c.gettingstarted.TimedLogic - [TIMEDLOGIC] Market is closed
22:53:37.161 [main] INFO  c.sequencer.consumer.LoggingConsumer - [150] 
|----BID-----|
    134 @ 43
    145 @ 76
    300 @ 91
    200 @ 93
    100 @ 95
    154 @ 98
|----ASK-----|
    501 @ 98
   200 @ 101
  5000 @ 110
  5600 @ 119
   453 @ 123
   645 @ 144
   665 @ 167

22:53:37.161 [main] INFO  c.orderbook.OrderBook - [ORDERBOOK] Processing Mkt Data Update
22:53:37.161 [main] INFO  c.o.v.MutatingRemoveAllMarketDataOrdersVisitor - [ORDERBOOK] Removing market data order:MktData(price=43,quantity=134)
22:53:37.161 [main] INFO  c.o.v.MutatingRemoveAllMarketDataOrdersVisitor - [ORDERBOOK] Removing level:43
22:53:37.161 [main] DEBUG c.orderbook.OrderBook - [ORDERBOOK] ASK: Adding orderMktData(price=43,quantity=134)
22:53:37.161 [main] DEBUG c.orderbook.OrderBook - [ORDERBOOK] ASK: Adding orderMktData(price=76,quantity=145)
22:53:37.161 [main] DEBUG c.orderbook.OrderBook - [ORDERBOOK] ASK: Adding orderMktData(price=91,quantity=300)
22:53:37.161 [main] DEBUG c.orderbook.OrderBook - [ORDERBOOK] ASK: Adding orderMktData(price=93,quantity=200)
22:53:37.161 [main] DEBUG c.orderbook.OrderBook - [ORDERBOOK] ASK: Adding orderMktData(price=95,quantity=100)
22:53:37.161 [main] DEBUG c.orderbook.OrderBook - [ORDERBOOK] ASK: Adding orderMktData(price=98,quantity=154)
22:53:37.161 [main] INFO  c.o.v.MutatingMatchOneMarketDataOrderVisitor - [ORDERBOOK] visiting LevelOrderBookLevel(price=43,quantity=134)
22:53:37.161 [main] INFO  c.o.v.MutatingMatchOneMarketDataOrderVisitor - [ORDERBOOK] Can't match order:MktData(price=43,quantity=134)(MktData(price=98,quantity=154))
22:53:37.161 [main] INFO  c.o.v.MutatingRemoveAllMarketDataOrdersVisitor - [ORDERBOOK] Removing market data order:MktData(price=98,quantity=501)
22:53:37.161 [main] INFO  c.o.v.MutatingRemoveAllMarketDataOrdersVisitor - [ORDERBOOK] Removing level:98
22:53:37.161 [main] INFO  c.o.v.MutatingRemoveAllMarketDataOrdersVisitor - [ORDERBOOK] Removing market data order:MktData(price=101,quantity=200)
22:53:37.161 [main] INFO  c.o.v.MutatingRemoveAllMarketDataOrdersVisitor - [ORDERBOOK] Removing level:101
22:53:37.161 [main] INFO  c.o.v.MutatingRemoveAllMarketDataOrdersVisitor - [ORDERBOOK] Removing market data order:MktData(price=110,quantity=5000)
22:53:37.161 [main] INFO  c.o.v.MutatingRemoveAllMarketDataOrdersVisitor - [ORDERBOOK] Removing level:110
22:53:37.161 [main] INFO  c.o.v.MutatingRemoveAllMarketDataOrdersVisitor - [ORDERBOOK] Removing market data order:MktData(price=119,quantity=5600)
22:53:37.161 [main] INFO  c.o.v.MutatingRemoveAllMarketDataOrdersVisitor - [ORDERBOOK] Removing level:119
22:53:37.161 [main] INFO  c.o.v.MutatingRemoveAllMarketDataOrdersVisitor - [ORDERBOOK] Removing market data order:MktData(price=123,quantity=453)
22:53:37.161 [main] INFO  c.o.v.MutatingRemoveAllMarketDataOrdersVisitor - [ORDERBOOK] Removing level:123
22:53:37.161 [main] INFO  c.o.v.MutatingRemoveAllMarketDataOrdersVisitor - [ORDERBOOK] Removing market data order:MktData(price=144,quantity=645)
22:53:37.161 [main] INFO  c.o.v.MutatingRemoveAllMarketDataOrdersVisitor - [ORDERBOOK] Removing level:144
22:53:37.161 [main] INFO  c.o.v.MutatingRemoveAllMarketDataOrdersVisitor - [ORDERBOOK] Removing market data order:MktData(price=167,quantity=665)
22:53:37.161 [main] INFO  c.o.v.MutatingRemoveAllMarketDataOrdersVisitor - [ORDERBOOK] Removing level:167
22:53:37.161 [main] DEBUG c.orderbook.OrderBook - [ORDERBOOK] ASK: Adding orderMktData(price=98,quantity=501)
22:53:37.161 [main] DEBUG c.orderbook.OrderBook - [ORDERBOOK] ASK: Adding orderMktData(price=101,quantity=200)
22:53:37.161 [main] DEBUG c.orderbook.OrderBook - [ORDERBOOK] ASK: Adding orderMktData(price=110,quantity=5000)
22:53:37.161 [main] DEBUG c.orderbook.OrderBook - [ORDERBOOK] ASK: Adding orderMktData(price=119,quantity=5600)
22:53:37.161 [main] DEBUG c.orderbook.OrderBook - [ORDERBOOK] ASK: Adding orderMktData(price=123,quantity=453)
22:53:37.161 [main] DEBUG c.orderbook.OrderBook - [ORDERBOOK] ASK: Adding orderMktData(price=144,quantity=645)
22:53:37.161 [main] DEBUG c.orderbook.OrderBook - [ORDERBOOK] ASK: Adding orderMktData(price=167,quantity=665)
22:53:37.161 [main] DEBUG c.service.MarketDataService - [ALGO] BID: price:43 quantity:134
22:53:37.161 [main] DEBUG c.service.MarketDataService - [ALGO] BID: price:76 quantity:145
22:53:37.161 [main] DEBUG c.service.MarketDataService - [ALGO] BID: price:91 quantity:300
22:53:37.161 [main] DEBUG c.service.MarketDataService - [ALGO] BID: price:93 quantity:200
22:53:37.161 [main] DEBUG c.service.MarketDataService - [ALGO] BID: price:95 quantity:100
22:53:37.161 [main] DEBUG c.service.MarketDataService - [ALGO] BID: price:98 quantity:154
22:53:37.161 [main] DEBUG c.service.MarketDataService - [ALGO] ASK: price:98 quantity:501
22:53:37.161 [main] DEBUG c.service.MarketDataService - [ALGO] ASK: price:101 quantity:200
22:53:37.161 [main] DEBUG c.service.MarketDataService - [ALGO] ASK: price:110 quantity:5000
22:53:37.161 [main] DEBUG c.service.MarketDataService - [ALGO] ASK: price:119 quantity:5600
22:53:37.161 [main] DEBUG c.service.MarketDataService - [ALGO] ASK: price:123 quantity:453
22:53:37.161 [main] DEBUG c.service.MarketDataService - [ALGO] ASK: price:144 quantity:645
22:53:37.161 [main] DEBUG c.service.MarketDataService - [ALGO] ASK: price:167 quantity:665
22:53:37.161 [main] INFO  c.gettingstarted.MyAlgoLogic - [MYALGO] The state of the order book is:
|----BID-----||----ASK----|
    134 @ 43    501 @ 98
    145 @ 76   200 @ 101
    300 @ 91  5000 @ 110
    200 @ 93  5600 @ 119
    100 @ 95   453 @ 123
    154 @ 98   645 @ 144
          -    665 @ 167
|------------||-----------|

22:53:37.161 [main] INFO  c.gettingstarted.MyAlgoLogic - [MYALGO] Algo Sees Book as: 
|----BID-----||----ASK----|
    134 @ 43    501 @ 98
    145 @ 76   200 @ 101
    300 @ 91  5000 @ 110
    200 @ 93  5600 @ 119
    100 @ 95   453 @ 123
    154 @ 98   645 @ 144
          -    665 @ 167
|------------||-----------|

22:53:37.161 [main] INFO  c.gettingstarted.TimedLogic - [TIMEDLOGIC] Market is closed
22:53:37.161 [main] INFO  c.sequencer.consumer.LoggingConsumer - [151] 
|----BID-----|
    134 @ 43
    145 @ 76
    300 @ 91
    200 @ 93
    100 @ 95
    154 @ 98
|----ASK-----|
    501 @ 98
   200 @ 101
  5000 @ 110
  5600 @ 119
   453 @ 123
   645 @ 144
   665 @ 167

22:53:37.161 [main] INFO  c.orderbook.OrderBook - [ORDERBOOK] Processing Mkt Data Update
22:53:37.161 [main] INFO  c.o.v.MutatingRemoveAllMarketDataOrdersVisitor - [ORDERBOOK] Removing market data order:MktData(price=43,quantity=134)
22:53:37.161 [main] INFO  c.o.v.MutatingRemoveAllMarketDataOrdersVisitor - [ORDERBOOK] Removing level:43
22:53:37.161 [main] DEBUG c.orderbook.OrderBook - [ORDERBOOK] ASK: Adding orderMktData(price=43,quantity=134)
22:53:37.161 [main] DEBUG c.orderbook.OrderBook - [ORDERBOOK] ASK: Adding orderMktData(price=76,quantity=145)
22:53:37.161 [main] DEBUG c.orderbook.OrderBook - [ORDERBOOK] ASK: Adding orderMktData(price=91,quantity=300)
22:53:37.161 [main] DEBUG c.orderbook.OrderBook - [ORDERBOOK] ASK: Adding orderMktData(price=93,quantity=200)
22:53:37.161 [main] DEBUG c.orderbook.OrderBook - [ORDERBOOK] ASK: Adding orderMktData(price=95,quantity=100)
22:53:37.161 [main] DEBUG c.orderbook.OrderBook - [ORDERBOOK] ASK: Adding orderMktData(price=98,quantity=154)
22:53:37.161 [main] INFO  c.o.v.MutatingMatchOneMarketDataOrderVisitor - [ORDERBOOK] visiting LevelOrderBookLevel(price=43,quantity=134)
22:53:37.161 [main] INFO  c.o.v.MutatingMatchOneMarketDataOrderVisitor - [ORDERBOOK] Can't match order:MktData(price=43,quantity=134)(MktData(price=98,quantity=154))
22:53:37.161 [main] INFO  c.o.v.MutatingRemoveAllMarketDataOrdersVisitor - [ORDERBOOK] Removing market data order:MktData(price=98,quantity=501)
22:53:37.161 [main] INFO  c.o.v.MutatingRemoveAllMarketDataOrdersVisitor - [ORDERBOOK] Removing level:98
22:53:37.161 [main] INFO  c.o.v.MutatingRemoveAllMarketDataOrdersVisitor - [ORDERBOOK] Removing market data order:MktData(price=101,quantity=200)
22:53:37.161 [main] INFO  c.o.v.MutatingRemoveAllMarketDataOrdersVisitor - [ORDERBOOK] Removing level:101
22:53:37.161 [main] INFO  c.o.v.MutatingRemoveAllMarketDataOrdersVisitor - [ORDERBOOK] Removing market data order:MktData(price=110,quantity=5000)
22:53:37.161 [main] INFO  c.o.v.MutatingRemoveAllMarketDataOrdersVisitor - [ORDERBOOK] Removing level:110
22:53:37.161 [main] INFO  c.o.v.MutatingRemoveAllMarketDataOrdersVisitor - [ORDERBOOK] Removing market data order:MktData(price=119,quantity=5600)
22:53:37.161 [main] INFO  c.o.v.MutatingRemoveAllMarketDataOrdersVisitor - [ORDERBOOK] Removing level:119
22:53:37.161 [main] INFO  c.o.v.MutatingRemoveAllMarketDataOrdersVisitor - [ORDERBOOK] Removing market data order:MktData(price=123,quantity=453)
22:53:37.161 [main] INFO  c.o.v.MutatingRemoveAllMarketDataOrdersVisitor - [ORDERBOOK] Removing level:123
22:53:37.161 [main] INFO  c.o.v.MutatingRemoveAllMarketDataOrdersVisitor - [ORDERBOOK] Removing market data order:MktData(price=144,quantity=645)
22:53:37.161 [main] INFO  c.o.v.MutatingRemoveAllMarketDataOrdersVisitor - [ORDERBOOK] Removing level:144
22:53:37.161 [main] INFO  c.o.v.MutatingRemoveAllMarketDataOrdersVisitor - [ORDERBOOK] Removing market data order:MktData(price=167,quantity=665)
22:53:37.161 [main] INFO  c.o.v.MutatingRemoveAllMarketDataOrdersVisitor - [ORDERBOOK] Removing level:167
22:53:37.161 [main] DEBUG c.orderbook.OrderBook - [ORDERBOOK] ASK: Adding orderMktData(price=98,quantity=501)
22:53:37.161 [main] DEBUG c.orderbook.OrderBook - [ORDERBOOK] ASK: Adding orderMktData(price=101,quantity=200)
22:53:37.161 [main] DEBUG c.orderbook.OrderBook - [ORDERBOOK] ASK: Adding orderMktData(price=110,quantity=5000)
22:53:37.161 [main] DEBUG c.orderbook.OrderBook - [ORDERBOOK] ASK: Adding orderMktData(price=119,quantity=5600)
22:53:37.161 [main] DEBUG c.orderbook.OrderBook - [ORDERBOOK] ASK: Adding orderMktData(price=123,quantity=453)
22:53:37.161 [main] DEBUG c.orderbook.OrderBook - [ORDERBOOK] ASK: Adding orderMktData(price=144,quantity=645)
22:53:37.161 [main] DEBUG c.orderbook.OrderBook - [ORDERBOOK] ASK: Adding orderMktData(price=167,quantity=665)
22:53:37.161 [main] DEBUG c.service.MarketDataService - [ALGO] BID: price:43 quantity:134
22:53:37.161 [main] DEBUG c.service.MarketDataService - [ALGO] BID: price:76 quantity:145
22:53:37.161 [main] DEBUG c.service.MarketDataService - [ALGO] BID: price:91 quantity:300
22:53:37.161 [main] DEBUG c.service.MarketDataService - [ALGO] BID: price:93 quantity:200
22:53:37.161 [main] DEBUG c.service.MarketDataService - [ALGO] BID: price:95 quantity:100
22:53:37.161 [main] DEBUG c.service.MarketDataService - [ALGO] BID: price:98 quantity:154
22:53:37.161 [main] DEBUG c.service.MarketDataService - [ALGO] ASK: price:98 quantity:501
22:53:37.161 [main] DEBUG c.service.MarketDataService - [ALGO] ASK: price:101 quantity:200
22:53:37.161 [main] DEBUG c.service.MarketDataService - [ALGO] ASK: price:110 quantity:5000
22:53:37.161 [main] DEBUG c.service.MarketDataService - [ALGO] ASK: price:119 quantity:5600
22:53:37.161 [main] DEBUG c.service.MarketDataService - [ALGO] ASK: price:123 quantity:453
22:53:37.161 [main] DEBUG c.service.MarketDataService - [ALGO] ASK: price:144 quantity:645
22:53:37.161 [main] DEBUG c.service.MarketDataService - [ALGO] ASK: price:167 quantity:665
22:53:37.161 [main] INFO  c.gettingstarted.MyAlgoLogic - [MYALGO] The state of the order book is:
|----BID-----||----ASK----|
    134 @ 43    501 @ 98
    145 @ 76   200 @ 101
    300 @ 91  5000 @ 110
    200 @ 93  5600 @ 119
    100 @ 95   453 @ 123
    154 @ 98   645 @ 144
          -    665 @ 167
|------------||-----------|

22:53:37.161 [main] INFO  c.gettingstarted.MyAlgoLogic - [MYALGO] Algo Sees Book as: 
|----BID-----||----ASK----|
    134 @ 43    501 @ 98
    145 @ 76   200 @ 101
    300 @ 91  5000 @ 110
    200 @ 93  5600 @ 119
    100 @ 95   453 @ 123
    154 @ 98   645 @ 144
          -    665 @ 167
|------------||-----------|

22:53:37.161 [main] INFO  c.gettingstarted.TimedLogic - [TIMEDLOGIC] Market is closed
22:53:37.161 [main] INFO  c.sequencer.consumer.LoggingConsumer - [152] 
|----BID-----|
    134 @ 43
    145 @ 76
    300 @ 91
    200 @ 93
    100 @ 95
    154 @ 98
|----ASK-----|
    501 @ 98
   200 @ 101
  5000 @ 110
  5600 @ 119
   453 @ 123
   645 @ 144
   665 @ 167

22:53:37.161 [main] INFO  c.orderbook.OrderBook - [ORDERBOOK] Processing Mkt Data Update
22:53:37.161 [main] INFO  c.o.v.MutatingRemoveAllMarketDataOrdersVisitor - [ORDERBOOK] Removing market data order:MktData(price=43,quantity=134)
22:53:37.161 [main] INFO  c.o.v.MutatingRemoveAllMarketDataOrdersVisitor - [ORDERBOOK] Removing level:43
22:53:37.161 [main] DEBUG c.orderbook.OrderBook - [ORDERBOOK] ASK: Adding orderMktData(price=43,quantity=134)
22:53:37.161 [main] DEBUG c.orderbook.OrderBook - [ORDERBOOK] ASK: Adding orderMktData(price=76,quantity=145)
22:53:37.161 [main] DEBUG c.orderbook.OrderBook - [ORDERBOOK] ASK: Adding orderMktData(price=91,quantity=300)
22:53:37.161 [main] DEBUG c.orderbook.OrderBook - [ORDERBOOK] ASK: Adding orderMktData(price=93,quantity=200)
22:53:37.161 [main] DEBUG c.orderbook.OrderBook - [ORDERBOOK] ASK: Adding orderMktData(price=95,quantity=100)
22:53:37.161 [main] DEBUG c.orderbook.OrderBook - [ORDERBOOK] ASK: Adding orderMktData(price=98,quantity=154)
22:53:37.161 [main] INFO  c.o.v.MutatingMatchOneMarketDataOrderVisitor - [ORDERBOOK] visiting LevelOrderBookLevel(price=43,quantity=134)
22:53:37.161 [main] INFO  c.o.v.MutatingMatchOneMarketDataOrderVisitor - [ORDERBOOK] Can't match order:MktData(price=43,quantity=134)(MktData(price=98,quantity=154))
22:53:37.161 [main] INFO  c.o.v.MutatingRemoveAllMarketDataOrdersVisitor - [ORDERBOOK] Removing market data order:MktData(price=98,quantity=501)
22:53:37.161 [main] INFO  c.o.v.MutatingRemoveAllMarketDataOrdersVisitor - [ORDERBOOK] Removing level:98
22:53:37.161 [main] INFO  c.o.v.MutatingRemoveAllMarketDataOrdersVisitor - [ORDERBOOK] Removing market data order:MktData(price=101,quantity=200)
22:53:37.161 [main] INFO  c.o.v.MutatingRemoveAllMarketDataOrdersVisitor - [ORDERBOOK] Removing level:101
22:53:37.161 [main] INFO  c.o.v.MutatingRemoveAllMarketDataOrdersVisitor - [ORDERBOOK] Removing market data order:MktData(price=110,quantity=5000)
22:53:37.161 [main] INFO  c.o.v.MutatingRemoveAllMarketDataOrdersVisitor - [ORDERBOOK] Removing level:110
22:53:37.161 [main] INFO  c.o.v.MutatingRemoveAllMarketDataOrdersVisitor - [ORDERBOOK] Removing market data order:MktData(price=119,quantity=5600)
22:53:37.161 [main] INFO  c.o.v.MutatingRemoveAllMarketDataOrdersVisitor - [ORDERBOOK] Removing level:119
22:53:37.161 [main] INFO  c.o.v.MutatingRemoveAllMarketDataOrdersVisitor - [ORDERBOOK] Removing market data order:MktData(price=123,quantity=453)
22:53:37.161 [main] INFO  c.o.v.MutatingRemoveAllMarketDataOrdersVisitor - [ORDERBOOK] Removing level:123
22:53:37.161 [main] INFO  c.o.v.MutatingRemoveAllMarketDataOrdersVisitor - [ORDERBOOK] Removing market data order:MktData(price=144,quantity=645)
22:53:37.161 [main] INFO  c.o.v.MutatingRemoveAllMarketDataOrdersVisitor - [ORDERBOOK] Removing level:144
22:53:37.161 [main] INFO  c.o.v.MutatingRemoveAllMarketDataOrdersVisitor - [ORDERBOOK] Removing market data order:MktData(price=167,quantity=665)
22:53:37.161 [main] INFO  c.o.v.MutatingRemoveAllMarketDataOrdersVisitor - [ORDERBOOK] Removing level:167
22:53:37.161 [main] DEBUG c.orderbook.OrderBook - [ORDERBOOK] ASK: Adding orderMktData(price=98,quantity=501)
22:53:37.161 [main] DEBUG c.orderbook.OrderBook - [ORDERBOOK] ASK: Adding orderMktData(price=101,quantity=200)
22:53:37.161 [main] DEBUG c.orderbook.OrderBook - [ORDERBOOK] ASK: Adding orderMktData(price=110,quantity=5000)
22:53:37.161 [main] DEBUG c.orderbook.OrderBook - [ORDERBOOK] ASK: Adding orderMktData(price=119,quantity=5600)
22:53:37.161 [main] DEBUG c.orderbook.OrderBook - [ORDERBOOK] ASK: Adding orderMktData(price=123,quantity=453)
22:53:37.161 [main] DEBUG c.orderbook.OrderBook - [ORDERBOOK] ASK: Adding orderMktData(price=144,quantity=645)
22:53:37.161 [main] DEBUG c.orderbook.OrderBook - [ORDERBOOK] ASK: Adding orderMktData(price=167,quantity=665)
22:53:37.161 [main] DEBUG c.service.MarketDataService - [ALGO] BID: price:43 quantity:134
22:53:37.161 [main] DEBUG c.service.MarketDataService - [ALGO] BID: price:76 quantity:145
22:53:37.161 [main] DEBUG c.service.MarketDataService - [ALGO] BID: price:91 quantity:300
22:53:37.161 [main] DEBUG c.service.MarketDataService - [ALGO] BID: price:93 quantity:200
22:53:37.161 [main] DEBUG c.service.MarketDataService - [ALGO] BID: price:95 quantity:100
22:53:37.161 [main] DEBUG c.service.MarketDataService - [ALGO] BID: price:98 quantity:154
22:53:37.161 [main] DEBUG c.service.MarketDataService - [ALGO] ASK: price:98 quantity:501
22:53:37.161 [main] DEBUG c.service.MarketDataService - [ALGO] ASK: price:101 quantity:200
22:53:37.161 [main] DEBUG c.service.MarketDataService - [ALGO] ASK: price:110 quantity:5000
22:53:37.161 [main] DEBUG c.service.MarketDataService - [ALGO] ASK: price:119 quantity:5600
22:53:37.161 [main] DEBUG c.service.MarketDataService - [ALGO] ASK: price:123 quantity:453
22:53:37.161 [main] DEBUG c.service.MarketDataService - [ALGO] ASK: price:144 quantity:645
22:53:37.161 [main] DEBUG c.service.MarketDataService - [ALGO] ASK: price:167 quantity:665
22:53:37.161 [main] INFO  c.gettingstarted.MyAlgoLogic - [MYALGO] The state of the order book is:
|----BID-----||----ASK----|
    134 @ 43    501 @ 98
    145 @ 76   200 @ 101
    300 @ 91  5000 @ 110
    200 @ 93  5600 @ 119
    100 @ 95   453 @ 123
    154 @ 98   645 @ 144
          -    665 @ 167
|------------||-----------|

22:53:37.161 [main] INFO  c.gettingstarted.MyAlgoLogic - [MYALGO] Algo Sees Book as: 
|----BID-----||----ASK----|
    134 @ 43    501 @ 98
    145 @ 76   200 @ 101
    300 @ 91  5000 @ 110
    200 @ 93  5600 @ 119
    100 @ 95   453 @ 123
    154 @ 98   645 @ 144
          -    665 @ 167
|------------||-----------|

22:53:37.161 [main] INFO  c.gettingstarted.TimedLogic - [TIMEDLOGIC] Market is closed
22:53:37.163 [main] INFO  c.sequencer.consumer.LoggingConsumer - [153] 
|----BID-----|
    134 @ 43
    145 @ 76
    300 @ 91
    200 @ 93
    100 @ 95
    154 @ 98
|----ASK-----|
    501 @ 98
   200 @ 101
  5000 @ 110
  5600 @ 119
   453 @ 123
   645 @ 144
   665 @ 167

22:53:37.163 [main] INFO  c.orderbook.OrderBook - [ORDERBOOK] Processing Mkt Data Update
22:53:37.163 [main] INFO  c.o.v.MutatingRemoveAllMarketDataOrdersVisitor - [ORDERBOOK] Removing market data order:MktData(price=43,quantity=134)
22:53:37.163 [main] INFO  c.o.v.MutatingRemoveAllMarketDataOrdersVisitor - [ORDERBOOK] Removing level:43
22:53:37.163 [main] DEBUG c.orderbook.OrderBook - [ORDERBOOK] ASK: Adding orderMktData(price=43,quantity=134)
22:53:37.163 [main] DEBUG c.orderbook.OrderBook - [ORDERBOOK] ASK: Adding orderMktData(price=76,quantity=145)
22:53:37.163 [main] DEBUG c.orderbook.OrderBook - [ORDERBOOK] ASK: Adding orderMktData(price=91,quantity=300)
22:53:37.163 [main] DEBUG c.orderbook.OrderBook - [ORDERBOOK] ASK: Adding orderMktData(price=93,quantity=200)
22:53:37.163 [main] DEBUG c.orderbook.OrderBook - [ORDERBOOK] ASK: Adding orderMktData(price=95,quantity=100)
22:53:37.163 [main] DEBUG c.orderbook.OrderBook - [ORDERBOOK] ASK: Adding orderMktData(price=98,quantity=154)
22:53:37.163 [main] INFO  c.o.v.MutatingMatchOneMarketDataOrderVisitor - [ORDERBOOK] visiting LevelOrderBookLevel(price=43,quantity=134)
22:53:37.163 [main] INFO  c.o.v.MutatingMatchOneMarketDataOrderVisitor - [ORDERBOOK] Can't match order:MktData(price=43,quantity=134)(MktData(price=98,quantity=154))
22:53:37.163 [main] INFO  c.o.v.MutatingRemoveAllMarketDataOrdersVisitor - [ORDERBOOK] Removing market data order:MktData(price=98,quantity=501)
22:53:37.163 [main] INFO  c.o.v.MutatingRemoveAllMarketDataOrdersVisitor - [ORDERBOOK] Removing level:98
22:53:37.163 [main] INFO  c.o.v.MutatingRemoveAllMarketDataOrdersVisitor - [ORDERBOOK] Removing market data order:MktData(price=101,quantity=200)
22:53:37.163 [main] INFO  c.o.v.MutatingRemoveAllMarketDataOrdersVisitor - [ORDERBOOK] Removing level:101
22:53:37.163 [main] INFO  c.o.v.MutatingRemoveAllMarketDataOrdersVisitor - [ORDERBOOK] Removing market data order:MktData(price=110,quantity=5000)
22:53:37.163 [main] INFO  c.o.v.MutatingRemoveAllMarketDataOrdersVisitor - [ORDERBOOK] Removing level:110
22:53:37.163 [main] INFO  c.o.v.MutatingRemoveAllMarketDataOrdersVisitor - [ORDERBOOK] Removing market data order:MktData(price=119,quantity=5600)
22:53:37.163 [main] INFO  c.o.v.MutatingRemoveAllMarketDataOrdersVisitor - [ORDERBOOK] Removing level:119
22:53:37.163 [main] INFO  c.o.v.MutatingRemoveAllMarketDataOrdersVisitor - [ORDERBOOK] Removing market data order:MktData(price=123,quantity=453)
22:53:37.163 [main] INFO  c.o.v.MutatingRemoveAllMarketDataOrdersVisitor - [ORDERBOOK] Removing level:123
22:53:37.163 [main] INFO  c.o.v.MutatingRemoveAllMarketDataOrdersVisitor - [ORDERBOOK] Removing market data order:MktData(price=144,quantity=645)
22:53:37.163 [main] INFO  c.o.v.MutatingRemoveAllMarketDataOrdersVisitor - [ORDERBOOK] Removing level:144
22:53:37.163 [main] INFO  c.o.v.MutatingRemoveAllMarketDataOrdersVisitor - [ORDERBOOK] Removing market data order:MktData(price=167,quantity=665)
22:53:37.163 [main] INFO  c.o.v.MutatingRemoveAllMarketDataOrdersVisitor - [ORDERBOOK] Removing level:167
22:53:37.163 [main] DEBUG c.orderbook.OrderBook - [ORDERBOOK] ASK: Adding orderMktData(price=98,quantity=501)
22:53:37.163 [main] DEBUG c.orderbook.OrderBook - [ORDERBOOK] ASK: Adding orderMktData(price=101,quantity=200)
22:53:37.163 [main] DEBUG c.orderbook.OrderBook - [ORDERBOOK] ASK: Adding orderMktData(price=110,quantity=5000)
22:53:37.163 [main] DEBUG c.orderbook.OrderBook - [ORDERBOOK] ASK: Adding orderMktData(price=119,quantity=5600)
22:53:37.163 [main] DEBUG c.orderbook.OrderBook - [ORDERBOOK] ASK: Adding orderMktData(price=123,quantity=453)
22:53:37.163 [main] DEBUG c.orderbook.OrderBook - [ORDERBOOK] ASK: Adding orderMktData(price=144,quantity=645)
22:53:37.163 [main] DEBUG c.orderbook.OrderBook - [ORDERBOOK] ASK: Adding orderMktData(price=167,quantity=665)
22:53:37.163 [main] DEBUG c.service.MarketDataService - [ALGO] BID: price:43 quantity:134
22:53:37.163 [main] DEBUG c.service.MarketDataService - [ALGO] BID: price:76 quantity:145
22:53:37.163 [main] DEBUG c.service.MarketDataService - [ALGO] BID: price:91 quantity:300
22:53:37.163 [main] DEBUG c.service.MarketDataService - [ALGO] BID: price:93 quantity:200
22:53:37.163 [main] DEBUG c.service.MarketDataService - [ALGO] BID: price:95 quantity:100
22:53:37.163 [main] DEBUG c.service.MarketDataService - [ALGO] BID: price:98 quantity:154
22:53:37.163 [main] DEBUG c.service.MarketDataService - [ALGO] ASK: price:98 quantity:501
22:53:37.163 [main] DEBUG c.service.MarketDataService - [ALGO] ASK: price:101 quantity:200
22:53:37.163 [main] DEBUG c.service.MarketDataService - [ALGO] ASK: price:110 quantity:5000
22:53:37.163 [main] DEBUG c.service.MarketDataService - [ALGO] ASK: price:119 quantity:5600
22:53:37.163 [main] DEBUG c.service.MarketDataService - [ALGO] ASK: price:123 quantity:453
22:53:37.163 [main] DEBUG c.service.MarketDataService - [ALGO] ASK: price:144 quantity:645
22:53:37.163 [main] DEBUG c.service.MarketDataService - [ALGO] ASK: price:167 quantity:665
22:53:37.163 [main] INFO  c.gettingstarted.MyAlgoLogic - [MYALGO] The state of the order book is:
|----BID-----||----ASK----|
    134 @ 43    501 @ 98
    145 @ 76   200 @ 101
    300 @ 91  5000 @ 110
    200 @ 93  5600 @ 119
    100 @ 95   453 @ 123
    154 @ 98   645 @ 144
          -    665 @ 167
|------------||-----------|

22:53:37.163 [main] INFO  c.gettingstarted.MyAlgoLogic - [MYALGO] Algo Sees Book as: 
|----BID-----||----ASK----|
    134 @ 43    501 @ 98
    145 @ 76   200 @ 101
    300 @ 91  5000 @ 110
    200 @ 93  5600 @ 119
    100 @ 95   453 @ 123
    154 @ 98   645 @ 144
          -    665 @ 167
|------------||-----------|

22:53:37.163 [main] INFO  c.gettingstarted.TimedLogic - [TIMEDLOGIC] Market is closed
22:53:37.163 [main] INFO  c.sequencer.consumer.LoggingConsumer - [154] 
|----BID-----|
    134 @ 43
    145 @ 76
    300 @ 91
    200 @ 93
    100 @ 95
    154 @ 98
|----ASK-----|
    501 @ 98
   200 @ 101
  5000 @ 110
  5600 @ 119
   453 @ 123
   645 @ 144
   665 @ 167

22:53:37.163 [main] INFO  c.orderbook.OrderBook - [ORDERBOOK] Processing Mkt Data Update
22:53:37.163 [main] INFO  c.o.v.MutatingRemoveAllMarketDataOrdersVisitor - [ORDERBOOK] Removing market data order:MktData(price=43,quantity=134)
22:53:37.163 [main] INFO  c.o.v.MutatingRemoveAllMarketDataOrdersVisitor - [ORDERBOOK] Removing level:43
22:53:37.163 [main] DEBUG c.orderbook.OrderBook - [ORDERBOOK] ASK: Adding orderMktData(price=43,quantity=134)
22:53:37.163 [main] DEBUG c.orderbook.OrderBook - [ORDERBOOK] ASK: Adding orderMktData(price=76,quantity=145)
22:53:37.163 [main] DEBUG c.orderbook.OrderBook - [ORDERBOOK] ASK: Adding orderMktData(price=91,quantity=300)
22:53:37.163 [main] DEBUG c.orderbook.OrderBook - [ORDERBOOK] ASK: Adding orderMktData(price=93,quantity=200)
22:53:37.163 [main] DEBUG c.orderbook.OrderBook - [ORDERBOOK] ASK: Adding orderMktData(price=95,quantity=100)
22:53:37.163 [main] DEBUG c.orderbook.OrderBook - [ORDERBOOK] ASK: Adding orderMktData(price=98,quantity=154)
22:53:37.163 [main] INFO  c.o.v.MutatingMatchOneMarketDataOrderVisitor - [ORDERBOOK] visiting LevelOrderBookLevel(price=43,quantity=134)
22:53:37.163 [main] INFO  c.o.v.MutatingMatchOneMarketDataOrderVisitor - [ORDERBOOK] Can't match order:MktData(price=43,quantity=134)(MktData(price=98,quantity=154))
22:53:37.163 [main] INFO  c.o.v.MutatingRemoveAllMarketDataOrdersVisitor - [ORDERBOOK] Removing market data order:MktData(price=98,quantity=501)
22:53:37.163 [main] INFO  c.o.v.MutatingRemoveAllMarketDataOrdersVisitor - [ORDERBOOK] Removing level:98
22:53:37.163 [main] INFO  c.o.v.MutatingRemoveAllMarketDataOrdersVisitor - [ORDERBOOK] Removing market data order:MktData(price=101,quantity=200)
22:53:37.163 [main] INFO  c.o.v.MutatingRemoveAllMarketDataOrdersVisitor - [ORDERBOOK] Removing level:101
22:53:37.163 [main] INFO  c.o.v.MutatingRemoveAllMarketDataOrdersVisitor - [ORDERBOOK] Removing market data order:MktData(price=110,quantity=5000)
22:53:37.163 [main] INFO  c.o.v.MutatingRemoveAllMarketDataOrdersVisitor - [ORDERBOOK] Removing level:110
22:53:37.163 [main] INFO  c.o.v.MutatingRemoveAllMarketDataOrdersVisitor - [ORDERBOOK] Removing market data order:MktData(price=119,quantity=5600)
22:53:37.163 [main] INFO  c.o.v.MutatingRemoveAllMarketDataOrdersVisitor - [ORDERBOOK] Removing level:119
22:53:37.163 [main] INFO  c.o.v.MutatingRemoveAllMarketDataOrdersVisitor - [ORDERBOOK] Removing market data order:MktData(price=123,quantity=453)
22:53:37.163 [main] INFO  c.o.v.MutatingRemoveAllMarketDataOrdersVisitor - [ORDERBOOK] Removing level:123
22:53:37.163 [main] INFO  c.o.v.MutatingRemoveAllMarketDataOrdersVisitor - [ORDERBOOK] Removing market data order:MktData(price=144,quantity=645)
22:53:37.163 [main] INFO  c.o.v.MutatingRemoveAllMarketDataOrdersVisitor - [ORDERBOOK] Removing level:144
22:53:37.163 [main] INFO  c.o.v.MutatingRemoveAllMarketDataOrdersVisitor - [ORDERBOOK] Removing market data order:MktData(price=167,quantity=665)
22:53:37.163 [main] INFO  c.o.v.MutatingRemoveAllMarketDataOrdersVisitor - [ORDERBOOK] Removing level:167
22:53:37.163 [main] DEBUG c.orderbook.OrderBook - [ORDERBOOK] ASK: Adding orderMktData(price=98,quantity=501)
22:53:37.163 [main] DEBUG c.orderbook.OrderBook - [ORDERBOOK] ASK: Adding orderMktData(price=101,quantity=200)
22:53:37.163 [main] DEBUG c.orderbook.OrderBook - [ORDERBOOK] ASK: Adding orderMktData(price=110,quantity=5000)
22:53:37.163 [main] DEBUG c.orderbook.OrderBook - [ORDERBOOK] ASK: Adding orderMktData(price=119,quantity=5600)
22:53:37.163 [main] DEBUG c.orderbook.OrderBook - [ORDERBOOK] ASK: Adding orderMktData(price=123,quantity=453)
22:53:37.163 [main] DEBUG c.orderbook.OrderBook - [ORDERBOOK] ASK: Adding orderMktData(price=144,quantity=645)
22:53:37.163 [main] DEBUG c.orderbook.OrderBook - [ORDERBOOK] ASK: Adding orderMktData(price=167,quantity=665)
22:53:37.163 [main] DEBUG c.service.MarketDataService - [ALGO] BID: price:43 quantity:134
22:53:37.163 [main] DEBUG c.service.MarketDataService - [ALGO] BID: price:76 quantity:145
22:53:37.163 [main] DEBUG c.service.MarketDataService - [ALGO] BID: price:91 quantity:300
22:53:37.163 [main] DEBUG c.service.MarketDataService - [ALGO] BID: price:93 quantity:200
22:53:37.163 [main] DEBUG c.service.MarketDataService - [ALGO] BID: price:95 quantity:100
22:53:37.163 [main] DEBUG c.service.MarketDataService - [ALGO] BID: price:98 quantity:154
22:53:37.163 [main] DEBUG c.service.MarketDataService - [ALGO] ASK: price:98 quantity:501
22:53:37.163 [main] DEBUG c.service.MarketDataService - [ALGO] ASK: price:101 quantity:200
22:53:37.163 [main] DEBUG c.service.MarketDataService - [ALGO] ASK: price:110 quantity:5000
22:53:37.163 [main] DEBUG c.service.MarketDataService - [ALGO] ASK: price:119 quantity:5600
22:53:37.163 [main] DEBUG c.service.MarketDataService - [ALGO] ASK: price:123 quantity:453
22:53:37.163 [main] DEBUG c.service.MarketDataService - [ALGO] ASK: price:144 quantity:645
22:53:37.163 [main] DEBUG c.service.MarketDataService - [ALGO] ASK: price:167 quantity:665
22:53:37.163 [main] INFO  c.gettingstarted.MyAlgoLogic - [MYALGO] The state of the order book is:
|----BID-----||----ASK----|
    134 @ 43    501 @ 98
    145 @ 76   200 @ 101
    300 @ 91  5000 @ 110
    200 @ 93  5600 @ 119
    100 @ 95   453 @ 123
    154 @ 98   645 @ 144
          -    665 @ 167
|------------||-----------|

22:53:37.163 [main] INFO  c.gettingstarted.MyAlgoLogic - [MYALGO] Algo Sees Book as: 
|----BID-----||----ASK----|
    134 @ 43    501 @ 98
    145 @ 76   200 @ 101
    300 @ 91  5000 @ 110
    200 @ 93  5600 @ 119
    100 @ 95   453 @ 123
    154 @ 98   645 @ 144
          -    665 @ 167
|------------||-----------|

22:53:37.163 [main] INFO  c.gettingstarted.TimedLogic - [TIMEDLOGIC] Market is closed
22:53:37.163 [main] INFO  c.sequencer.consumer.LoggingConsumer - [155] 
|----BID-----|
    134 @ 43
    145 @ 76
    300 @ 91
    200 @ 93
    100 @ 95
    154 @ 98
|----ASK-----|
    501 @ 98
   200 @ 101
  5000 @ 110
  5600 @ 119
   453 @ 123
   645 @ 144
   665 @ 167

22:53:37.163 [main] INFO  c.orderbook.OrderBook - [ORDERBOOK] Processing Mkt Data Update
22:53:37.163 [main] INFO  c.o.v.MutatingRemoveAllMarketDataOrdersVisitor - [ORDERBOOK] Removing market data order:MktData(price=43,quantity=134)
22:53:37.163 [main] INFO  c.o.v.MutatingRemoveAllMarketDataOrdersVisitor - [ORDERBOOK] Removing level:43
22:53:37.163 [main] DEBUG c.orderbook.OrderBook - [ORDERBOOK] ASK: Adding orderMktData(price=43,quantity=134)
22:53:37.163 [main] DEBUG c.orderbook.OrderBook - [ORDERBOOK] ASK: Adding orderMktData(price=76,quantity=145)
22:53:37.163 [main] DEBUG c.orderbook.OrderBook - [ORDERBOOK] ASK: Adding orderMktData(price=91,quantity=300)
22:53:37.163 [main] DEBUG c.orderbook.OrderBook - [ORDERBOOK] ASK: Adding orderMktData(price=93,quantity=200)
22:53:37.163 [main] DEBUG c.orderbook.OrderBook - [ORDERBOOK] ASK: Adding orderMktData(price=95,quantity=100)
22:53:37.163 [main] DEBUG c.orderbook.OrderBook - [ORDERBOOK] ASK: Adding orderMktData(price=98,quantity=154)
22:53:37.163 [main] INFO  c.o.v.MutatingMatchOneMarketDataOrderVisitor - [ORDERBOOK] visiting LevelOrderBookLevel(price=43,quantity=134)
22:53:37.163 [main] INFO  c.o.v.MutatingMatchOneMarketDataOrderVisitor - [ORDERBOOK] Can't match order:MktData(price=43,quantity=134)(MktData(price=98,quantity=154))
22:53:37.163 [main] INFO  c.o.v.MutatingRemoveAllMarketDataOrdersVisitor - [ORDERBOOK] Removing market data order:MktData(price=98,quantity=501)
22:53:37.163 [main] INFO  c.o.v.MutatingRemoveAllMarketDataOrdersVisitor - [ORDERBOOK] Removing level:98
22:53:37.163 [main] INFO  c.o.v.MutatingRemoveAllMarketDataOrdersVisitor - [ORDERBOOK] Removing market data order:MktData(price=101,quantity=200)
22:53:37.163 [main] INFO  c.o.v.MutatingRemoveAllMarketDataOrdersVisitor - [ORDERBOOK] Removing level:101
22:53:37.163 [main] INFO  c.o.v.MutatingRemoveAllMarketDataOrdersVisitor - [ORDERBOOK] Removing market data order:MktData(price=110,quantity=5000)
22:53:37.163 [main] INFO  c.o.v.MutatingRemoveAllMarketDataOrdersVisitor - [ORDERBOOK] Removing level:110
22:53:37.163 [main] INFO  c.o.v.MutatingRemoveAllMarketDataOrdersVisitor - [ORDERBOOK] Removing market data order:MktData(price=119,quantity=5600)
22:53:37.163 [main] INFO  c.o.v.MutatingRemoveAllMarketDataOrdersVisitor - [ORDERBOOK] Removing level:119
22:53:37.163 [main] INFO  c.o.v.MutatingRemoveAllMarketDataOrdersVisitor - [ORDERBOOK] Removing market data order:MktData(price=123,quantity=453)
22:53:37.163 [main] INFO  c.o.v.MutatingRemoveAllMarketDataOrdersVisitor - [ORDERBOOK] Removing level:123
22:53:37.163 [main] INFO  c.o.v.MutatingRemoveAllMarketDataOrdersVisitor - [ORDERBOOK] Removing market data order:MktData(price=144,quantity=645)
22:53:37.163 [main] INFO  c.o.v.MutatingRemoveAllMarketDataOrdersVisitor - [ORDERBOOK] Removing level:144
22:53:37.163 [main] INFO  c.o.v.MutatingRemoveAllMarketDataOrdersVisitor - [ORDERBOOK] Removing market data order:MktData(price=167,quantity=665)
22:53:37.163 [main] INFO  c.o.v.MutatingRemoveAllMarketDataOrdersVisitor - [ORDERBOOK] Removing level:167
22:53:37.163 [main] DEBUG c.orderbook.OrderBook - [ORDERBOOK] ASK: Adding orderMktData(price=98,quantity=501)
22:53:37.163 [main] DEBUG c.orderbook.OrderBook - [ORDERBOOK] ASK: Adding orderMktData(price=101,quantity=200)
22:53:37.163 [main] DEBUG c.orderbook.OrderBook - [ORDERBOOK] ASK: Adding orderMktData(price=110,quantity=5000)
22:53:37.163 [main] DEBUG c.orderbook.OrderBook - [ORDERBOOK] ASK: Adding orderMktData(price=119,quantity=5600)
22:53:37.163 [main] DEBUG c.orderbook.OrderBook - [ORDERBOOK] ASK: Adding orderMktData(price=123,quantity=453)
22:53:37.163 [main] DEBUG c.orderbook.OrderBook - [ORDERBOOK] ASK: Adding orderMktData(price=144,quantity=645)
22:53:37.163 [main] DEBUG c.orderbook.OrderBook - [ORDERBOOK] ASK: Adding orderMktData(price=167,quantity=665)
22:53:37.163 [main] DEBUG c.service.MarketDataService - [ALGO] BID: price:43 quantity:134
22:53:37.163 [main] DEBUG c.service.MarketDataService - [ALGO] BID: price:76 quantity:145
22:53:37.163 [main] DEBUG c.service.MarketDataService - [ALGO] BID: price:91 quantity:300
22:53:37.163 [main] DEBUG c.service.MarketDataService - [ALGO] BID: price:93 quantity:200
22:53:37.163 [main] DEBUG c.service.MarketDataService - [ALGO] BID: price:95 quantity:100
22:53:37.163 [main] DEBUG c.service.MarketDataService - [ALGO] BID: price:98 quantity:154
22:53:37.163 [main] DEBUG c.service.MarketDataService - [ALGO] ASK: price:98 quantity:501
22:53:37.163 [main] DEBUG c.service.MarketDataService - [ALGO] ASK: price:101 quantity:200
22:53:37.163 [main] DEBUG c.service.MarketDataService - [ALGO] ASK: price:110 quantity:5000
22:53:37.163 [main] DEBUG c.service.MarketDataService - [ALGO] ASK: price:119 quantity:5600
22:53:37.163 [main] DEBUG c.service.MarketDataService - [ALGO] ASK: price:123 quantity:453
22:53:37.163 [main] DEBUG c.service.MarketDataService - [ALGO] ASK: price:144 quantity:645
22:53:37.163 [main] DEBUG c.service.MarketDataService - [ALGO] ASK: price:167 quantity:665
22:53:37.163 [main] INFO  c.gettingstarted.MyAlgoLogic - [MYALGO] The state of the order book is:
|----BID-----||----ASK----|
    134 @ 43    501 @ 98
    145 @ 76   200 @ 101
    300 @ 91  5000 @ 110
    200 @ 93  5600 @ 119
    100 @ 95   453 @ 123
    154 @ 98   645 @ 144
          -    665 @ 167
|------------||-----------|

22:53:37.163 [main] INFO  c.gettingstarted.MyAlgoLogic - [MYALGO] Algo Sees Book as: 
|----BID-----||----ASK----|
    134 @ 43    501 @ 98
    145 @ 76   200 @ 101
    300 @ 91  5000 @ 110
    200 @ 93  5600 @ 119
    100 @ 95   453 @ 123
    154 @ 98   645 @ 144
          -    665 @ 167
|------------||-----------|

22:53:37.163 [main] INFO  c.gettingstarted.TimedLogic - [TIMEDLOGIC] Market is closed
22:53:37.163 [main] INFO  c.sequencer.consumer.LoggingConsumer - [156] 
|----BID-----|
    134 @ 43
    145 @ 76
    300 @ 91
    200 @ 93
    100 @ 95
    154 @ 98
|----ASK-----|
    501 @ 98
   200 @ 101
  5000 @ 110
  5600 @ 119
   453 @ 123
   645 @ 144
   665 @ 167

22:53:37.163 [main] INFO  c.orderbook.OrderBook - [ORDERBOOK] Processing Mkt Data Update
22:53:37.163 [main] INFO  c.o.v.MutatingRemoveAllMarketDataOrdersVisitor - [ORDERBOOK] Removing market data order:MktData(price=43,quantity=134)
22:53:37.163 [main] INFO  c.o.v.MutatingRemoveAllMarketDataOrdersVisitor - [ORDERBOOK] Removing level:43
22:53:37.163 [main] DEBUG c.orderbook.OrderBook - [ORDERBOOK] ASK: Adding orderMktData(price=43,quantity=134)
22:53:37.163 [main] DEBUG c.orderbook.OrderBook - [ORDERBOOK] ASK: Adding orderMktData(price=76,quantity=145)
22:53:37.163 [main] DEBUG c.orderbook.OrderBook - [ORDERBOOK] ASK: Adding orderMktData(price=91,quantity=300)
22:53:37.163 [main] DEBUG c.orderbook.OrderBook - [ORDERBOOK] ASK: Adding orderMktData(price=93,quantity=200)
22:53:37.163 [main] DEBUG c.orderbook.OrderBook - [ORDERBOOK] ASK: Adding orderMktData(price=95,quantity=100)
22:53:37.163 [main] DEBUG c.orderbook.OrderBook - [ORDERBOOK] ASK: Adding orderMktData(price=98,quantity=154)
22:53:37.163 [main] INFO  c.o.v.MutatingMatchOneMarketDataOrderVisitor - [ORDERBOOK] visiting LevelOrderBookLevel(price=43,quantity=134)
22:53:37.163 [main] INFO  c.o.v.MutatingMatchOneMarketDataOrderVisitor - [ORDERBOOK] Can't match order:MktData(price=43,quantity=134)(MktData(price=98,quantity=154))
22:53:37.163 [main] INFO  c.o.v.MutatingRemoveAllMarketDataOrdersVisitor - [ORDERBOOK] Removing market data order:MktData(price=98,quantity=501)
22:53:37.163 [main] INFO  c.o.v.MutatingRemoveAllMarketDataOrdersVisitor - [ORDERBOOK] Removing level:98
22:53:37.163 [main] INFO  c.o.v.MutatingRemoveAllMarketDataOrdersVisitor - [ORDERBOOK] Removing market data order:MktData(price=101,quantity=200)
22:53:37.163 [main] INFO  c.o.v.MutatingRemoveAllMarketDataOrdersVisitor - [ORDERBOOK] Removing level:101
22:53:37.163 [main] INFO  c.o.v.MutatingRemoveAllMarketDataOrdersVisitor - [ORDERBOOK] Removing market data order:MktData(price=110,quantity=5000)
22:53:37.163 [main] INFO  c.o.v.MutatingRemoveAllMarketDataOrdersVisitor - [ORDERBOOK] Removing level:110
22:53:37.163 [main] INFO  c.o.v.MutatingRemoveAllMarketDataOrdersVisitor - [ORDERBOOK] Removing market data order:MktData(price=119,quantity=5600)
22:53:37.163 [main] INFO  c.o.v.MutatingRemoveAllMarketDataOrdersVisitor - [ORDERBOOK] Removing level:119
22:53:37.163 [main] INFO  c.o.v.MutatingRemoveAllMarketDataOrdersVisitor - [ORDERBOOK] Removing market data order:MktData(price=123,quantity=453)
22:53:37.163 [main] INFO  c.o.v.MutatingRemoveAllMarketDataOrdersVisitor - [ORDERBOOK] Removing level:123
22:53:37.163 [main] INFO  c.o.v.MutatingRemoveAllMarketDataOrdersVisitor - [ORDERBOOK] Removing market data order:MktData(price=144,quantity=645)
22:53:37.163 [main] INFO  c.o.v.MutatingRemoveAllMarketDataOrdersVisitor - [ORDERBOOK] Removing level:144
22:53:37.163 [main] INFO  c.o.v.MutatingRemoveAllMarketDataOrdersVisitor - [ORDERBOOK] Removing market data order:MktData(price=167,quantity=665)
22:53:37.163 [main] INFO  c.o.v.MutatingRemoveAllMarketDataOrdersVisitor - [ORDERBOOK] Removing level:167
22:53:37.163 [main] DEBUG c.orderbook.OrderBook - [ORDERBOOK] ASK: Adding orderMktData(price=98,quantity=501)
22:53:37.163 [main] DEBUG c.orderbook.OrderBook - [ORDERBOOK] ASK: Adding orderMktData(price=101,quantity=200)
22:53:37.163 [main] DEBUG c.orderbook.OrderBook - [ORDERBOOK] ASK: Adding orderMktData(price=110,quantity=5000)
22:53:37.163 [main] DEBUG c.orderbook.OrderBook - [ORDERBOOK] ASK: Adding orderMktData(price=119,quantity=5600)
22:53:37.163 [main] DEBUG c.orderbook.OrderBook - [ORDERBOOK] ASK: Adding orderMktData(price=123,quantity=453)
22:53:37.163 [main] DEBUG c.orderbook.OrderBook - [ORDERBOOK] ASK: Adding orderMktData(price=144,quantity=645)
22:53:37.163 [main] DEBUG c.orderbook.OrderBook - [ORDERBOOK] ASK: Adding orderMktData(price=167,quantity=665)
22:53:37.163 [main] DEBUG c.service.MarketDataService - [ALGO] BID: price:43 quantity:134
22:53:37.163 [main] DEBUG c.service.MarketDataService - [ALGO] BID: price:76 quantity:145
22:53:37.163 [main] DEBUG c.service.MarketDataService - [ALGO] BID: price:91 quantity:300
22:53:37.163 [main] DEBUG c.service.MarketDataService - [ALGO] BID: price:93 quantity:200
22:53:37.163 [main] DEBUG c.service.MarketDataService - [ALGO] BID: price:95 quantity:100
22:53:37.163 [main] DEBUG c.service.MarketDataService - [ALGO] BID: price:98 quantity:154
22:53:37.163 [main] DEBUG c.service.MarketDataService - [ALGO] ASK: price:98 quantity:501
22:53:37.163 [main] DEBUG c.service.MarketDataService - [ALGO] ASK: price:101 quantity:200
22:53:37.163 [main] DEBUG c.service.MarketDataService - [ALGO] ASK: price:110 quantity:5000
22:53:37.163 [main] DEBUG c.service.MarketDataService - [ALGO] ASK: price:119 quantity:5600
22:53:37.163 [main] DEBUG c.service.MarketDataService - [ALGO] ASK: price:123 quantity:453
22:53:37.163 [main] DEBUG c.service.MarketDataService - [ALGO] ASK: price:144 quantity:645
22:53:37.163 [main] DEBUG c.service.MarketDataService - [ALGO] ASK: price:167 quantity:665
22:53:37.163 [main] INFO  c.gettingstarted.MyAlgoLogic - [MYALGO] The state of the order book is:
|----BID-----||----ASK----|
    134 @ 43    501 @ 98
    145 @ 76   200 @ 101
    300 @ 91  5000 @ 110
    200 @ 93  5600 @ 119
    100 @ 95   453 @ 123
    154 @ 98   645 @ 144
          -    665 @ 167
|------------||-----------|

22:53:37.163 [main] INFO  c.gettingstarted.MyAlgoLogic - [MYALGO] Algo Sees Book as: 
|----BID-----||----ASK----|
    134 @ 43    501 @ 98
    145 @ 76   200 @ 101
    300 @ 91  5000 @ 110
    200 @ 93  5600 @ 119
    100 @ 95   453 @ 123
    154 @ 98   645 @ 144
          -    665 @ 167
|------------||-----------|

22:53:37.163 [main] INFO  c.gettingstarted.TimedLogic - [TIMEDLOGIC] Market is closed
22:53:37.163 [main] INFO  c.sequencer.consumer.LoggingConsumer - [157] 
|----BID-----|
    134 @ 43
    145 @ 76
    300 @ 91
    200 @ 93
    100 @ 95
    154 @ 98
|----ASK-----|
    501 @ 98
   200 @ 101
  5000 @ 110
  5600 @ 119
   453 @ 123
   645 @ 144
   665 @ 167

22:53:37.163 [main] INFO  c.orderbook.OrderBook - [ORDERBOOK] Processing Mkt Data Update
22:53:37.163 [main] INFO  c.o.v.MutatingRemoveAllMarketDataOrdersVisitor - [ORDERBOOK] Removing market data order:MktData(price=43,quantity=134)
22:53:37.163 [main] INFO  c.o.v.MutatingRemoveAllMarketDataOrdersVisitor - [ORDERBOOK] Removing level:43
22:53:37.163 [main] DEBUG c.orderbook.OrderBook - [ORDERBOOK] ASK: Adding orderMktData(price=43,quantity=134)
22:53:37.163 [main] DEBUG c.orderbook.OrderBook - [ORDERBOOK] ASK: Adding orderMktData(price=76,quantity=145)
22:53:37.163 [main] DEBUG c.orderbook.OrderBook - [ORDERBOOK] ASK: Adding orderMktData(price=91,quantity=300)
22:53:37.163 [main] DEBUG c.orderbook.OrderBook - [ORDERBOOK] ASK: Adding orderMktData(price=93,quantity=200)
22:53:37.163 [main] DEBUG c.orderbook.OrderBook - [ORDERBOOK] ASK: Adding orderMktData(price=95,quantity=100)
22:53:37.163 [main] DEBUG c.orderbook.OrderBook - [ORDERBOOK] ASK: Adding orderMktData(price=98,quantity=154)
22:53:37.163 [main] INFO  c.o.v.MutatingMatchOneMarketDataOrderVisitor - [ORDERBOOK] visiting LevelOrderBookLevel(price=43,quantity=134)
22:53:37.163 [main] INFO  c.o.v.MutatingMatchOneMarketDataOrderVisitor - [ORDERBOOK] Can't match order:MktData(price=43,quantity=134)(MktData(price=98,quantity=154))
22:53:37.163 [main] INFO  c.o.v.MutatingRemoveAllMarketDataOrdersVisitor - [ORDERBOOK] Removing market data order:MktData(price=98,quantity=501)
22:53:37.163 [main] INFO  c.o.v.MutatingRemoveAllMarketDataOrdersVisitor - [ORDERBOOK] Removing level:98
22:53:37.163 [main] INFO  c.o.v.MutatingRemoveAllMarketDataOrdersVisitor - [ORDERBOOK] Removing market data order:MktData(price=101,quantity=200)
22:53:37.163 [main] INFO  c.o.v.MutatingRemoveAllMarketDataOrdersVisitor - [ORDERBOOK] Removing level:101
22:53:37.163 [main] INFO  c.o.v.MutatingRemoveAllMarketDataOrdersVisitor - [ORDERBOOK] Removing market data order:MktData(price=110,quantity=5000)
22:53:37.163 [main] INFO  c.o.v.MutatingRemoveAllMarketDataOrdersVisitor - [ORDERBOOK] Removing level:110
22:53:37.163 [main] INFO  c.o.v.MutatingRemoveAllMarketDataOrdersVisitor - [ORDERBOOK] Removing market data order:MktData(price=119,quantity=5600)
22:53:37.163 [main] INFO  c.o.v.MutatingRemoveAllMarketDataOrdersVisitor - [ORDERBOOK] Removing level:119
22:53:37.163 [main] INFO  c.o.v.MutatingRemoveAllMarketDataOrdersVisitor - [ORDERBOOK] Removing market data order:MktData(price=123,quantity=453)
22:53:37.163 [main] INFO  c.o.v.MutatingRemoveAllMarketDataOrdersVisitor - [ORDERBOOK] Removing level:123
22:53:37.163 [main] INFO  c.o.v.MutatingRemoveAllMarketDataOrdersVisitor - [ORDERBOOK] Removing market data order:MktData(price=144,quantity=645)
22:53:37.163 [main] INFO  c.o.v.MutatingRemoveAllMarketDataOrdersVisitor - [ORDERBOOK] Removing level:144
22:53:37.163 [main] INFO  c.o.v.MutatingRemoveAllMarketDataOrdersVisitor - [ORDERBOOK] Removing market data order:MktData(price=167,quantity=665)
22:53:37.163 [main] INFO  c.o.v.MutatingRemoveAllMarketDataOrdersVisitor - [ORDERBOOK] Removing level:167
22:53:37.163 [main] DEBUG c.orderbook.OrderBook - [ORDERBOOK] ASK: Adding orderMktData(price=98,quantity=501)
22:53:37.163 [main] DEBUG c.orderbook.OrderBook - [ORDERBOOK] ASK: Adding orderMktData(price=101,quantity=200)
22:53:37.163 [main] DEBUG c.orderbook.OrderBook - [ORDERBOOK] ASK: Adding orderMktData(price=110,quantity=5000)
22:53:37.163 [main] DEBUG c.orderbook.OrderBook - [ORDERBOOK] ASK: Adding orderMktData(price=119,quantity=5600)
22:53:37.163 [main] DEBUG c.orderbook.OrderBook - [ORDERBOOK] ASK: Adding orderMktData(price=123,quantity=453)
22:53:37.163 [main] DEBUG c.orderbook.OrderBook - [ORDERBOOK] ASK: Adding orderMktData(price=144,quantity=645)
22:53:37.163 [main] DEBUG c.orderbook.OrderBook - [ORDERBOOK] ASK: Adding orderMktData(price=167,quantity=665)
22:53:37.163 [main] DEBUG c.service.MarketDataService - [ALGO] BID: price:43 quantity:134
22:53:37.163 [main] DEBUG c.service.MarketDataService - [ALGO] BID: price:76 quantity:145
22:53:37.163 [main] DEBUG c.service.MarketDataService - [ALGO] BID: price:91 quantity:300
22:53:37.163 [main] DEBUG c.service.MarketDataService - [ALGO] BID: price:93 quantity:200
22:53:37.163 [main] DEBUG c.service.MarketDataService - [ALGO] BID: price:95 quantity:100
22:53:37.163 [main] DEBUG c.service.MarketDataService - [ALGO] BID: price:98 quantity:154
22:53:37.163 [main] DEBUG c.service.MarketDataService - [ALGO] ASK: price:98 quantity:501
22:53:37.163 [main] DEBUG c.service.MarketDataService - [ALGO] ASK: price:101 quantity:200
22:53:37.163 [main] DEBUG c.service.MarketDataService - [ALGO] ASK: price:110 quantity:5000
22:53:37.163 [main] DEBUG c.service.MarketDataService - [ALGO] ASK: price:119 quantity:5600
22:53:37.163 [main] DEBUG c.service.MarketDataService - [ALGO] ASK: price:123 quantity:453
22:53:37.163 [main] DEBUG c.service.MarketDataService - [ALGO] ASK: price:144 quantity:645
22:53:37.163 [main] DEBUG c.service.MarketDataService - [ALGO] ASK: price:167 quantity:665
22:53:37.163 [main] INFO  c.gettingstarted.MyAlgoLogic - [MYALGO] The state of the order book is:
|----BID-----||----ASK----|
    134 @ 43    501 @ 98
    145 @ 76   200 @ 101
    300 @ 91  5000 @ 110
    200 @ 93  5600 @ 119
    100 @ 95   453 @ 123
    154 @ 98   645 @ 144
          -    665 @ 167
|------------||-----------|

22:53:37.163 [main] INFO  c.gettingstarted.MyAlgoLogic - [MYALGO] Algo Sees Book as: 
|----BID-----||----ASK----|
    134 @ 43    501 @ 98
    145 @ 76   200 @ 101
    300 @ 91  5000 @ 110
    200 @ 93  5600 @ 119
    100 @ 95   453 @ 123
    154 @ 98   645 @ 144
          -    665 @ 167
|------------||-----------|

22:53:37.163 [main] INFO  c.gettingstarted.TimedLogic - [TIMEDLOGIC] Market is closed
22:53:37.172 [main] INFO  c.sequencer.consumer.LoggingConsumer - [158] 
|----BID-----|
    134 @ 43
    145 @ 76
    300 @ 91
    200 @ 93
    100 @ 95
    154 @ 98
|----ASK-----|
    501 @ 98
   200 @ 101
  5000 @ 110
  5600 @ 119
   453 @ 123
   645 @ 144
   665 @ 167

22:53:37.172 [main] INFO  c.orderbook.OrderBook - [ORDERBOOK] Processing Mkt Data Update
22:53:37.172 [main] INFO  c.o.v.MutatingRemoveAllMarketDataOrdersVisitor - [ORDERBOOK] Removing market data order:MktData(price=43,quantity=134)
22:53:37.172 [main] INFO  c.o.v.MutatingRemoveAllMarketDataOrdersVisitor - [ORDERBOOK] Removing level:43
22:53:37.172 [main] DEBUG c.orderbook.OrderBook - [ORDERBOOK] ASK: Adding orderMktData(price=43,quantity=134)
22:53:37.172 [main] DEBUG c.orderbook.OrderBook - [ORDERBOOK] ASK: Adding orderMktData(price=76,quantity=145)
22:53:37.172 [main] DEBUG c.orderbook.OrderBook - [ORDERBOOK] ASK: Adding orderMktData(price=91,quantity=300)
22:53:37.172 [main] DEBUG c.orderbook.OrderBook - [ORDERBOOK] ASK: Adding orderMktData(price=93,quantity=200)
22:53:37.172 [main] DEBUG c.orderbook.OrderBook - [ORDERBOOK] ASK: Adding orderMktData(price=95,quantity=100)
22:53:37.172 [main] DEBUG c.orderbook.OrderBook - [ORDERBOOK] ASK: Adding orderMktData(price=98,quantity=154)
22:53:37.172 [main] INFO  c.o.v.MutatingMatchOneMarketDataOrderVisitor - [ORDERBOOK] visiting LevelOrderBookLevel(price=43,quantity=134)
22:53:37.172 [main] INFO  c.o.v.MutatingMatchOneMarketDataOrderVisitor - [ORDERBOOK] Can't match order:MktData(price=43,quantity=134)(MktData(price=98,quantity=154))
22:53:37.172 [main] INFO  c.o.v.MutatingRemoveAllMarketDataOrdersVisitor - [ORDERBOOK] Removing market data order:MktData(price=98,quantity=501)
22:53:37.172 [main] INFO  c.o.v.MutatingRemoveAllMarketDataOrdersVisitor - [ORDERBOOK] Removing level:98
22:53:37.172 [main] INFO  c.o.v.MutatingRemoveAllMarketDataOrdersVisitor - [ORDERBOOK] Removing market data order:MktData(price=101,quantity=200)
22:53:37.172 [main] INFO  c.o.v.MutatingRemoveAllMarketDataOrdersVisitor - [ORDERBOOK] Removing level:101
22:53:37.172 [main] INFO  c.o.v.MutatingRemoveAllMarketDataOrdersVisitor - [ORDERBOOK] Removing market data order:MktData(price=110,quantity=5000)
22:53:37.172 [main] INFO  c.o.v.MutatingRemoveAllMarketDataOrdersVisitor - [ORDERBOOK] Removing level:110
22:53:37.172 [main] INFO  c.o.v.MutatingRemoveAllMarketDataOrdersVisitor - [ORDERBOOK] Removing market data order:MktData(price=119,quantity=5600)
22:53:37.172 [main] INFO  c.o.v.MutatingRemoveAllMarketDataOrdersVisitor - [ORDERBOOK] Removing level:119
22:53:37.172 [main] INFO  c.o.v.MutatingRemoveAllMarketDataOrdersVisitor - [ORDERBOOK] Removing market data order:MktData(price=123,quantity=453)
22:53:37.172 [main] INFO  c.o.v.MutatingRemoveAllMarketDataOrdersVisitor - [ORDERBOOK] Removing level:123
22:53:37.172 [main] INFO  c.o.v.MutatingRemoveAllMarketDataOrdersVisitor - [ORDERBOOK] Removing market data order:MktData(price=144,quantity=645)
22:53:37.172 [main] INFO  c.o.v.MutatingRemoveAllMarketDataOrdersVisitor - [ORDERBOOK] Removing level:144
22:53:37.172 [main] INFO  c.o.v.MutatingRemoveAllMarketDataOrdersVisitor - [ORDERBOOK] Removing market data order:MktData(price=167,quantity=665)
22:53:37.172 [main] INFO  c.o.v.MutatingRemoveAllMarketDataOrdersVisitor - [ORDERBOOK] Removing level:167
22:53:37.172 [main] DEBUG c.orderbook.OrderBook - [ORDERBOOK] ASK: Adding orderMktData(price=98,quantity=501)
22:53:37.172 [main] DEBUG c.orderbook.OrderBook - [ORDERBOOK] ASK: Adding orderMktData(price=101,quantity=200)
22:53:37.172 [main] DEBUG c.orderbook.OrderBook - [ORDERBOOK] ASK: Adding orderMktData(price=110,quantity=5000)
22:53:37.172 [main] DEBUG c.orderbook.OrderBook - [ORDERBOOK] ASK: Adding orderMktData(price=119,quantity=5600)
22:53:37.172 [main] DEBUG c.orderbook.OrderBook - [ORDERBOOK] ASK: Adding orderMktData(price=123,quantity=453)
22:53:37.172 [main] DEBUG c.orderbook.OrderBook - [ORDERBOOK] ASK: Adding orderMktData(price=144,quantity=645)
22:53:37.173 [main] DEBUG c.orderbook.OrderBook - [ORDERBOOK] ASK: Adding orderMktData(price=167,quantity=665)
22:53:37.173 [main] DEBUG c.service.MarketDataService - [ALGO] BID: price:43 quantity:134
22:53:37.173 [main] DEBUG c.service.MarketDataService - [ALGO] BID: price:76 quantity:145
22:53:37.173 [main] DEBUG c.service.MarketDataService - [ALGO] BID: price:91 quantity:300
22:53:37.173 [main] DEBUG c.service.MarketDataService - [ALGO] BID: price:93 quantity:200
22:53:37.173 [main] DEBUG c.service.MarketDataService - [ALGO] BID: price:95 quantity:100
22:53:37.173 [main] DEBUG c.service.MarketDataService - [ALGO] BID: price:98 quantity:154
22:53:37.173 [main] DEBUG c.service.MarketDataService - [ALGO] ASK: price:98 quantity:501
22:53:37.176 [main] DEBUG c.service.MarketDataService - [ALGO] ASK: price:101 quantity:200
22:53:37.176 [main] DEBUG c.service.MarketDataService - [ALGO] ASK: price:110 quantity:5000
22:53:37.176 [main] DEBUG c.service.MarketDataService - [ALGO] ASK: price:119 quantity:5600
22:53:37.176 [main] DEBUG c.service.MarketDataService - [ALGO] ASK: price:123 quantity:453
22:53:37.176 [main] DEBUG c.service.MarketDataService - [ALGO] ASK: price:144 quantity:645
22:53:37.176 [main] DEBUG c.service.MarketDataService - [ALGO] ASK: price:167 quantity:665
22:53:37.176 [main] INFO  c.gettingstarted.MyAlgoLogic - [MYALGO] The state of the order book is:
|----BID-----||----ASK----|
    134 @ 43    501 @ 98
    145 @ 76   200 @ 101
    300 @ 91  5000 @ 110
    200 @ 93  5600 @ 119
    100 @ 95   453 @ 123
    154 @ 98   645 @ 144
          -    665 @ 167
|------------||-----------|

22:53:37.176 [main] INFO  c.gettingstarted.MyAlgoLogic - [MYALGO] Algo Sees Book as: 
|----BID-----||----ASK----|
    134 @ 43    501 @ 98
    145 @ 76   200 @ 101
    300 @ 91  5000 @ 110
    200 @ 93  5600 @ 119
    100 @ 95   453 @ 123
    154 @ 98   645 @ 144
          -    665 @ 167
|------------||-----------|

22:53:37.176 [main] INFO  c.gettingstarted.TimedLogic - [TIMEDLOGIC] Market is closed
22:53:37.176 [main] INFO  c.sequencer.consumer.LoggingConsumer - [159] 
|----BID-----|
    134 @ 43
    145 @ 76
    300 @ 91
    200 @ 93
    100 @ 95
    154 @ 98
|----ASK-----|
    501 @ 98
   200 @ 101
  5000 @ 110
  5600 @ 119
   453 @ 123
   645 @ 144
   665 @ 167

22:53:37.176 [main] INFO  c.orderbook.OrderBook - [ORDERBOOK] Processing Mkt Data Update
22:53:37.176 [main] INFO  c.o.v.MutatingRemoveAllMarketDataOrdersVisitor - [ORDERBOOK] Removing market data order:MktData(price=43,quantity=134)
22:53:37.176 [main] INFO  c.o.v.MutatingRemoveAllMarketDataOrdersVisitor - [ORDERBOOK] Removing level:43
22:53:37.176 [main] DEBUG c.orderbook.OrderBook - [ORDERBOOK] ASK: Adding orderMktData(price=43,quantity=134)
22:53:37.176 [main] DEBUG c.orderbook.OrderBook - [ORDERBOOK] ASK: Adding orderMktData(price=76,quantity=145)
22:53:37.176 [main] DEBUG c.orderbook.OrderBook - [ORDERBOOK] ASK: Adding orderMktData(price=91,quantity=300)
22:53:37.176 [main] DEBUG c.orderbook.OrderBook - [ORDERBOOK] ASK: Adding orderMktData(price=93,quantity=200)
22:53:37.176 [main] DEBUG c.orderbook.OrderBook - [ORDERBOOK] ASK: Adding orderMktData(price=95,quantity=100)
22:53:37.176 [main] DEBUG c.orderbook.OrderBook - [ORDERBOOK] ASK: Adding orderMktData(price=98,quantity=154)
22:53:37.176 [main] INFO  c.o.v.MutatingMatchOneMarketDataOrderVisitor - [ORDERBOOK] visiting LevelOrderBookLevel(price=43,quantity=134)
22:53:37.176 [main] INFO  c.o.v.MutatingMatchOneMarketDataOrderVisitor - [ORDERBOOK] Can't match order:MktData(price=43,quantity=134)(MktData(price=98,quantity=154))
22:53:37.176 [main] INFO  c.o.v.MutatingRemoveAllMarketDataOrdersVisitor - [ORDERBOOK] Removing market data order:MktData(price=98,quantity=501)
22:53:37.176 [main] INFO  c.o.v.MutatingRemoveAllMarketDataOrdersVisitor - [ORDERBOOK] Removing level:98
22:53:37.176 [main] INFO  c.o.v.MutatingRemoveAllMarketDataOrdersVisitor - [ORDERBOOK] Removing market data order:MktData(price=101,quantity=200)
22:53:37.176 [main] INFO  c.o.v.MutatingRemoveAllMarketDataOrdersVisitor - [ORDERBOOK] Removing level:101
22:53:37.176 [main] INFO  c.o.v.MutatingRemoveAllMarketDataOrdersVisitor - [ORDERBOOK] Removing market data order:MktData(price=110,quantity=5000)
22:53:37.176 [main] INFO  c.o.v.MutatingRemoveAllMarketDataOrdersVisitor - [ORDERBOOK] Removing level:110
22:53:37.176 [main] INFO  c.o.v.MutatingRemoveAllMarketDataOrdersVisitor - [ORDERBOOK] Removing market data order:MktData(price=119,quantity=5600)
22:53:37.176 [main] INFO  c.o.v.MutatingRemoveAllMarketDataOrdersVisitor - [ORDERBOOK] Removing level:119
22:53:37.176 [main] INFO  c.o.v.MutatingRemoveAllMarketDataOrdersVisitor - [ORDERBOOK] Removing market data order:MktData(price=123,quantity=453)
22:53:37.176 [main] INFO  c.o.v.MutatingRemoveAllMarketDataOrdersVisitor - [ORDERBOOK] Removing level:123
22:53:37.176 [main] INFO  c.o.v.MutatingRemoveAllMarketDataOrdersVisitor - [ORDERBOOK] Removing market data order:MktData(price=144,quantity=645)
22:53:37.176 [main] INFO  c.o.v.MutatingRemoveAllMarketDataOrdersVisitor - [ORDERBOOK] Removing level:144
22:53:37.176 [main] INFO  c.o.v.MutatingRemoveAllMarketDataOrdersVisitor - [ORDERBOOK] Removing market data order:MktData(price=167,quantity=665)
22:53:37.176 [main] INFO  c.o.v.MutatingRemoveAllMarketDataOrdersVisitor - [ORDERBOOK] Removing level:167
22:53:37.176 [main] DEBUG c.orderbook.OrderBook - [ORDERBOOK] ASK: Adding orderMktData(price=98,quantity=501)
22:53:37.176 [main] DEBUG c.orderbook.OrderBook - [ORDERBOOK] ASK: Adding orderMktData(price=101,quantity=200)
22:53:37.176 [main] DEBUG c.orderbook.OrderBook - [ORDERBOOK] ASK: Adding orderMktData(price=110,quantity=5000)
22:53:37.176 [main] DEBUG c.orderbook.OrderBook - [ORDERBOOK] ASK: Adding orderMktData(price=119,quantity=5600)
22:53:37.176 [main] DEBUG c.orderbook.OrderBook - [ORDERBOOK] ASK: Adding orderMktData(price=123,quantity=453)
22:53:37.176 [main] DEBUG c.orderbook.OrderBook - [ORDERBOOK] ASK: Adding orderMktData(price=144,quantity=645)
22:53:37.176 [main] DEBUG c.orderbook.OrderBook - [ORDERBOOK] ASK: Adding orderMktData(price=167,quantity=665)
22:53:37.176 [main] DEBUG c.service.MarketDataService - [ALGO] BID: price:43 quantity:134
22:53:37.176 [main] DEBUG c.service.MarketDataService - [ALGO] BID: price:76 quantity:145
22:53:37.176 [main] DEBUG c.service.MarketDataService - [ALGO] BID: price:91 quantity:300
22:53:37.176 [main] DEBUG c.service.MarketDataService - [ALGO] BID: price:93 quantity:200
22:53:37.176 [main] DEBUG c.service.MarketDataService - [ALGO] BID: price:95 quantity:100
22:53:37.176 [main] DEBUG c.service.MarketDataService - [ALGO] BID: price:98 quantity:154
22:53:37.176 [main] DEBUG c.service.MarketDataService - [ALGO] ASK: price:98 quantity:501
22:53:37.176 [main] DEBUG c.service.MarketDataService - [ALGO] ASK: price:101 quantity:200
22:53:37.176 [main] DEBUG c.service.MarketDataService - [ALGO] ASK: price:110 quantity:5000
22:53:37.176 [main] DEBUG c.service.MarketDataService - [ALGO] ASK: price:119 quantity:5600
22:53:37.176 [main] DEBUG c.service.MarketDataService - [ALGO] ASK: price:123 quantity:453
22:53:37.176 [main] DEBUG c.service.MarketDataService - [ALGO] ASK: price:144 quantity:645
22:53:37.176 [main] DEBUG c.service.MarketDataService - [ALGO] ASK: price:167 quantity:665
22:53:37.176 [main] INFO  c.gettingstarted.MyAlgoLogic - [MYALGO] The state of the order book is:
|----BID-----||----ASK----|
    134 @ 43    501 @ 98
    145 @ 76   200 @ 101
    300 @ 91  5000 @ 110
    200 @ 93  5600 @ 119
    100 @ 95   453 @ 123
    154 @ 98   645 @ 144
          -    665 @ 167
|------------||-----------|

22:53:37.176 [main] INFO  c.gettingstarted.MyAlgoLogic - [MYALGO] Algo Sees Book as: 
|----BID-----||----ASK----|
    134 @ 43    501 @ 98
    145 @ 76   200 @ 101
    300 @ 91  5000 @ 110
    200 @ 93  5600 @ 119
    100 @ 95   453 @ 123
    154 @ 98   645 @ 144
          -    665 @ 167
|------------||-----------|

22:53:37.176 [main] INFO  c.gettingstarted.TimedLogic - [TIMEDLOGIC] Market is closed
22:53:37.176 [main] INFO  c.sequencer.consumer.LoggingConsumer - [160] 
|----BID-----|
    134 @ 43
    145 @ 76
    300 @ 91
    200 @ 93
    100 @ 95
    154 @ 98
|----ASK-----|
    501 @ 98
   200 @ 101
  5000 @ 110
  5600 @ 119
   453 @ 123
   645 @ 144
   665 @ 167

22:53:37.176 [main] INFO  c.orderbook.OrderBook - [ORDERBOOK] Processing Mkt Data Update
22:53:37.176 [main] INFO  c.o.v.MutatingRemoveAllMarketDataOrdersVisitor - [ORDERBOOK] Removing market data order:MktData(price=43,quantity=134)
22:53:37.176 [main] INFO  c.o.v.MutatingRemoveAllMarketDataOrdersVisitor - [ORDERBOOK] Removing level:43
22:53:37.176 [main] DEBUG c.orderbook.OrderBook - [ORDERBOOK] ASK: Adding orderMktData(price=43,quantity=134)
22:53:37.176 [main] DEBUG c.orderbook.OrderBook - [ORDERBOOK] ASK: Adding orderMktData(price=76,quantity=145)
22:53:37.176 [main] DEBUG c.orderbook.OrderBook - [ORDERBOOK] ASK: Adding orderMktData(price=91,quantity=300)
22:53:37.176 [main] DEBUG c.orderbook.OrderBook - [ORDERBOOK] ASK: Adding orderMktData(price=93,quantity=200)
22:53:37.176 [main] DEBUG c.orderbook.OrderBook - [ORDERBOOK] ASK: Adding orderMktData(price=95,quantity=100)
22:53:37.176 [main] DEBUG c.orderbook.OrderBook - [ORDERBOOK] ASK: Adding orderMktData(price=98,quantity=154)
22:53:37.176 [main] INFO  c.o.v.MutatingMatchOneMarketDataOrderVisitor - [ORDERBOOK] visiting LevelOrderBookLevel(price=43,quantity=134)
22:53:37.176 [main] INFO  c.o.v.MutatingMatchOneMarketDataOrderVisitor - [ORDERBOOK] Can't match order:MktData(price=43,quantity=134)(MktData(price=98,quantity=154))
22:53:37.176 [main] INFO  c.o.v.MutatingRemoveAllMarketDataOrdersVisitor - [ORDERBOOK] Removing market data order:MktData(price=98,quantity=501)
22:53:37.176 [main] INFO  c.o.v.MutatingRemoveAllMarketDataOrdersVisitor - [ORDERBOOK] Removing level:98
22:53:37.176 [main] INFO  c.o.v.MutatingRemoveAllMarketDataOrdersVisitor - [ORDERBOOK] Removing market data order:MktData(price=101,quantity=200)
22:53:37.176 [main] INFO  c.o.v.MutatingRemoveAllMarketDataOrdersVisitor - [ORDERBOOK] Removing level:101
22:53:37.176 [main] INFO  c.o.v.MutatingRemoveAllMarketDataOrdersVisitor - [ORDERBOOK] Removing market data order:MktData(price=110,quantity=5000)
22:53:37.176 [main] INFO  c.o.v.MutatingRemoveAllMarketDataOrdersVisitor - [ORDERBOOK] Removing level:110
22:53:37.176 [main] INFO  c.o.v.MutatingRemoveAllMarketDataOrdersVisitor - [ORDERBOOK] Removing market data order:MktData(price=119,quantity=5600)
22:53:37.176 [main] INFO  c.o.v.MutatingRemoveAllMarketDataOrdersVisitor - [ORDERBOOK] Removing level:119
22:53:37.176 [main] INFO  c.o.v.MutatingRemoveAllMarketDataOrdersVisitor - [ORDERBOOK] Removing market data order:MktData(price=123,quantity=453)
22:53:37.176 [main] INFO  c.o.v.MutatingRemoveAllMarketDataOrdersVisitor - [ORDERBOOK] Removing level:123
22:53:37.176 [main] INFO  c.o.v.MutatingRemoveAllMarketDataOrdersVisitor - [ORDERBOOK] Removing market data order:MktData(price=144,quantity=645)
22:53:37.176 [main] INFO  c.o.v.MutatingRemoveAllMarketDataOrdersVisitor - [ORDERBOOK] Removing level:144
22:53:37.176 [main] INFO  c.o.v.MutatingRemoveAllMarketDataOrdersVisitor - [ORDERBOOK] Removing market data order:MktData(price=167,quantity=665)
22:53:37.176 [main] INFO  c.o.v.MutatingRemoveAllMarketDataOrdersVisitor - [ORDERBOOK] Removing level:167
22:53:37.176 [main] DEBUG c.orderbook.OrderBook - [ORDERBOOK] ASK: Adding orderMktData(price=98,quantity=501)
22:53:37.176 [main] DEBUG c.orderbook.OrderBook - [ORDERBOOK] ASK: Adding orderMktData(price=101,quantity=200)
22:53:37.176 [main] DEBUG c.orderbook.OrderBook - [ORDERBOOK] ASK: Adding orderMktData(price=110,quantity=5000)
22:53:37.176 [main] DEBUG c.orderbook.OrderBook - [ORDERBOOK] ASK: Adding orderMktData(price=119,quantity=5600)
22:53:37.176 [main] DEBUG c.orderbook.OrderBook - [ORDERBOOK] ASK: Adding orderMktData(price=123,quantity=453)
22:53:37.176 [main] DEBUG c.orderbook.OrderBook - [ORDERBOOK] ASK: Adding orderMktData(price=144,quantity=645)
22:53:37.176 [main] DEBUG c.orderbook.OrderBook - [ORDERBOOK] ASK: Adding orderMktData(price=167,quantity=665)
22:53:37.176 [main] DEBUG c.service.MarketDataService - [ALGO] BID: price:43 quantity:134
22:53:37.176 [main] DEBUG c.service.MarketDataService - [ALGO] BID: price:76 quantity:145
22:53:37.176 [main] DEBUG c.service.MarketDataService - [ALGO] BID: price:91 quantity:300
22:53:37.176 [main] DEBUG c.service.MarketDataService - [ALGO] BID: price:93 quantity:200
22:53:37.176 [main] DEBUG c.service.MarketDataService - [ALGO] BID: price:95 quantity:100
22:53:37.176 [main] DEBUG c.service.MarketDataService - [ALGO] BID: price:98 quantity:154
22:53:37.176 [main] DEBUG c.service.MarketDataService - [ALGO] ASK: price:98 quantity:501
22:53:37.176 [main] DEBUG c.service.MarketDataService - [ALGO] ASK: price:101 quantity:200
22:53:37.176 [main] DEBUG c.service.MarketDataService - [ALGO] ASK: price:110 quantity:5000
22:53:37.176 [main] DEBUG c.service.MarketDataService - [ALGO] ASK: price:119 quantity:5600
22:53:37.176 [main] DEBUG c.service.MarketDataService - [ALGO] ASK: price:123 quantity:453
22:53:37.176 [main] DEBUG c.service.MarketDataService - [ALGO] ASK: price:144 quantity:645
22:53:37.176 [main] DEBUG c.service.MarketDataService - [ALGO] ASK: price:167 quantity:665
22:53:37.176 [main] INFO  c.gettingstarted.MyAlgoLogic - [MYALGO] The state of the order book is:
|----BID-----||----ASK----|
    134 @ 43    501 @ 98
    145 @ 76   200 @ 101
    300 @ 91  5000 @ 110
    200 @ 93  5600 @ 119
    100 @ 95   453 @ 123
    154 @ 98   645 @ 144
          -    665 @ 167
|------------||-----------|

22:53:37.176 [main] INFO  c.gettingstarted.MyAlgoLogic - [MYALGO] Algo Sees Book as: 
|----BID-----||----ASK----|
    134 @ 43    501 @ 98
    145 @ 76   200 @ 101
    300 @ 91  5000 @ 110
    200 @ 93  5600 @ 119
    100 @ 95   453 @ 123
    154 @ 98   645 @ 144
          -    665 @ 167
|------------||-----------|

22:53:37.176 [main] INFO  c.gettingstarted.TimedLogic - [TIMEDLOGIC] Market is closed
22:53:37.176 [main] INFO  c.sequencer.consumer.LoggingConsumer - [161] 
|----BID-----|
    134 @ 43
    145 @ 76
    300 @ 91
    200 @ 93
    100 @ 95
    154 @ 98
|----ASK-----|
    501 @ 98
   200 @ 101
  5000 @ 110
  5600 @ 119
   453 @ 123
   645 @ 144
   665 @ 167

22:53:37.176 [main] INFO  c.orderbook.OrderBook - [ORDERBOOK] Processing Mkt Data Update
22:53:37.176 [main] INFO  c.o.v.MutatingRemoveAllMarketDataOrdersVisitor - [ORDERBOOK] Removing market data order:MktData(price=43,quantity=134)
22:53:37.176 [main] INFO  c.o.v.MutatingRemoveAllMarketDataOrdersVisitor - [ORDERBOOK] Removing level:43
22:53:37.176 [main] DEBUG c.orderbook.OrderBook - [ORDERBOOK] ASK: Adding orderMktData(price=43,quantity=134)
22:53:37.176 [main] DEBUG c.orderbook.OrderBook - [ORDERBOOK] ASK: Adding orderMktData(price=76,quantity=145)
22:53:37.176 [main] DEBUG c.orderbook.OrderBook - [ORDERBOOK] ASK: Adding orderMktData(price=91,quantity=300)
22:53:37.176 [main] DEBUG c.orderbook.OrderBook - [ORDERBOOK] ASK: Adding orderMktData(price=93,quantity=200)
22:53:37.176 [main] DEBUG c.orderbook.OrderBook - [ORDERBOOK] ASK: Adding orderMktData(price=95,quantity=100)
22:53:37.176 [main] DEBUG c.orderbook.OrderBook - [ORDERBOOK] ASK: Adding orderMktData(price=98,quantity=154)
22:53:37.176 [main] INFO  c.o.v.MutatingMatchOneMarketDataOrderVisitor - [ORDERBOOK] visiting LevelOrderBookLevel(price=43,quantity=134)
22:53:37.176 [main] INFO  c.o.v.MutatingMatchOneMarketDataOrderVisitor - [ORDERBOOK] Can't match order:MktData(price=43,quantity=134)(MktData(price=98,quantity=154))
22:53:37.176 [main] INFO  c.o.v.MutatingRemoveAllMarketDataOrdersVisitor - [ORDERBOOK] Removing market data order:MktData(price=98,quantity=501)
22:53:37.176 [main] INFO  c.o.v.MutatingRemoveAllMarketDataOrdersVisitor - [ORDERBOOK] Removing level:98
22:53:37.176 [main] INFO  c.o.v.MutatingRemoveAllMarketDataOrdersVisitor - [ORDERBOOK] Removing market data order:MktData(price=101,quantity=200)
22:53:37.176 [main] INFO  c.o.v.MutatingRemoveAllMarketDataOrdersVisitor - [ORDERBOOK] Removing level:101
22:53:37.176 [main] INFO  c.o.v.MutatingRemoveAllMarketDataOrdersVisitor - [ORDERBOOK] Removing market data order:MktData(price=110,quantity=5000)
22:53:37.176 [main] INFO  c.o.v.MutatingRemoveAllMarketDataOrdersVisitor - [ORDERBOOK] Removing level:110
22:53:37.176 [main] INFO  c.o.v.MutatingRemoveAllMarketDataOrdersVisitor - [ORDERBOOK] Removing market data order:MktData(price=119,quantity=5600)
22:53:37.176 [main] INFO  c.o.v.MutatingRemoveAllMarketDataOrdersVisitor - [ORDERBOOK] Removing level:119
22:53:37.176 [main] INFO  c.o.v.MutatingRemoveAllMarketDataOrdersVisitor - [ORDERBOOK] Removing market data order:MktData(price=123,quantity=453)
22:53:37.176 [main] INFO  c.o.v.MutatingRemoveAllMarketDataOrdersVisitor - [ORDERBOOK] Removing level:123
22:53:37.176 [main] INFO  c.o.v.MutatingRemoveAllMarketDataOrdersVisitor - [ORDERBOOK] Removing market data order:MktData(price=144,quantity=645)
22:53:37.176 [main] INFO  c.o.v.MutatingRemoveAllMarketDataOrdersVisitor - [ORDERBOOK] Removing level:144
22:53:37.176 [main] INFO  c.o.v.MutatingRemoveAllMarketDataOrdersVisitor - [ORDERBOOK] Removing market data order:MktData(price=167,quantity=665)
22:53:37.176 [main] INFO  c.o.v.MutatingRemoveAllMarketDataOrdersVisitor - [ORDERBOOK] Removing level:167
22:53:37.176 [main] DEBUG c.orderbook.OrderBook - [ORDERBOOK] ASK: Adding orderMktData(price=98,quantity=501)
22:53:37.176 [main] DEBUG c.orderbook.OrderBook - [ORDERBOOK] ASK: Adding orderMktData(price=101,quantity=200)
22:53:37.176 [main] DEBUG c.orderbook.OrderBook - [ORDERBOOK] ASK: Adding orderMktData(price=110,quantity=5000)
22:53:37.182 [main] DEBUG c.orderbook.OrderBook - [ORDERBOOK] ASK: Adding orderMktData(price=119,quantity=5600)
22:53:37.182 [main] DEBUG c.orderbook.OrderBook - [ORDERBOOK] ASK: Adding orderMktData(price=123,quantity=453)
22:53:37.182 [main] DEBUG c.orderbook.OrderBook - [ORDERBOOK] ASK: Adding orderMktData(price=144,quantity=645)
22:53:37.182 [main] DEBUG c.orderbook.OrderBook - [ORDERBOOK] ASK: Adding orderMktData(price=167,quantity=665)
22:53:37.182 [main] DEBUG c.service.MarketDataService - [ALGO] BID: price:43 quantity:134
22:53:37.182 [main] DEBUG c.service.MarketDataService - [ALGO] BID: price:76 quantity:145
22:53:37.182 [main] DEBUG c.service.MarketDataService - [ALGO] BID: price:91 quantity:300
22:53:37.182 [main] DEBUG c.service.MarketDataService - [ALGO] BID: price:93 quantity:200
22:53:37.182 [main] DEBUG c.service.MarketDataService - [ALGO] BID: price:95 quantity:100
22:53:37.182 [main] DEBUG c.service.MarketDataService - [ALGO] BID: price:98 quantity:154
22:53:37.182 [main] DEBUG c.service.MarketDataService - [ALGO] ASK: price:98 quantity:501
22:53:37.182 [main] DEBUG c.service.MarketDataService - [ALGO] ASK: price:101 quantity:200
22:53:37.182 [main] DEBUG c.service.MarketDataService - [ALGO] ASK: price:110 quantity:5000
22:53:37.182 [main] DEBUG c.service.MarketDataService - [ALGO] ASK: price:119 quantity:5600
22:53:37.182 [main] DEBUG c.service.MarketDataService - [ALGO] ASK: price:123 quantity:453
22:53:37.182 [main] DEBUG c.service.MarketDataService - [ALGO] ASK: price:144 quantity:645
22:53:37.182 [main] DEBUG c.service.MarketDataService - [ALGO] ASK: price:167 quantity:665
22:53:37.182 [main] INFO  c.gettingstarted.MyAlgoLogic - [MYALGO] The state of the order book is:
|----BID-----||----ASK----|
    134 @ 43    501 @ 98
    145 @ 76   200 @ 101
    300 @ 91  5000 @ 110
    200 @ 93  5600 @ 119
    100 @ 95   453 @ 123
    154 @ 98   645 @ 144
          -    665 @ 167
|------------||-----------|

22:53:37.183 [main] INFO  c.gettingstarted.MyAlgoLogic - [MYALGO] Algo Sees Book as: 
|----BID-----||----ASK----|
    134 @ 43    501 @ 98
    145 @ 76   200 @ 101
    300 @ 91  5000 @ 110
    200 @ 93  5600 @ 119
    100 @ 95   453 @ 123
    154 @ 98   645 @ 144
          -    665 @ 167
|------------||-----------|

22:53:37.183 [main] INFO  c.gettingstarted.TimedLogic - [TIMEDLOGIC] Market is closed
22:53:37.183 [main] INFO  c.sequencer.consumer.LoggingConsumer - [162] 
|----BID-----|
    134 @ 43
    145 @ 76
    300 @ 91
    200 @ 93
    100 @ 95
    154 @ 98
|----ASK-----|
    501 @ 98
   200 @ 101
  5000 @ 110
  5600 @ 119
   453 @ 123
   645 @ 144
   665 @ 167

22:53:37.183 [main] INFO  c.orderbook.OrderBook - [ORDERBOOK] Processing Mkt Data Update
22:53:37.183 [main] INFO  c.o.v.MutatingRemoveAllMarketDataOrdersVisitor - [ORDERBOOK] Removing market data order:MktData(price=43,quantity=134)
22:53:37.183 [main] INFO  c.o.v.MutatingRemoveAllMarketDataOrdersVisitor - [ORDERBOOK] Removing level:43
22:53:37.183 [main] DEBUG c.orderbook.OrderBook - [ORDERBOOK] ASK: Adding orderMktData(price=43,quantity=134)
22:53:37.183 [main] DEBUG c.orderbook.OrderBook - [ORDERBOOK] ASK: Adding orderMktData(price=76,quantity=145)
22:53:37.183 [main] DEBUG c.orderbook.OrderBook - [ORDERBOOK] ASK: Adding orderMktData(price=91,quantity=300)
22:53:37.183 [main] DEBUG c.orderbook.OrderBook - [ORDERBOOK] ASK: Adding orderMktData(price=93,quantity=200)
22:53:37.183 [main] DEBUG c.orderbook.OrderBook - [ORDERBOOK] ASK: Adding orderMktData(price=95,quantity=100)
22:53:37.183 [main] DEBUG c.orderbook.OrderBook - [ORDERBOOK] ASK: Adding orderMktData(price=98,quantity=154)
22:53:37.183 [main] INFO  c.o.v.MutatingMatchOneMarketDataOrderVisitor - [ORDERBOOK] visiting LevelOrderBookLevel(price=43,quantity=134)
22:53:37.183 [main] INFO  c.o.v.MutatingMatchOneMarketDataOrderVisitor - [ORDERBOOK] Can't match order:MktData(price=43,quantity=134)(MktData(price=98,quantity=154))
22:53:37.183 [main] INFO  c.o.v.MutatingRemoveAllMarketDataOrdersVisitor - [ORDERBOOK] Removing market data order:MktData(price=98,quantity=501)
22:53:37.183 [main] INFO  c.o.v.MutatingRemoveAllMarketDataOrdersVisitor - [ORDERBOOK] Removing level:98
22:53:37.183 [main] INFO  c.o.v.MutatingRemoveAllMarketDataOrdersVisitor - [ORDERBOOK] Removing market data order:MktData(price=101,quantity=200)
22:53:37.183 [main] INFO  c.o.v.MutatingRemoveAllMarketDataOrdersVisitor - [ORDERBOOK] Removing level:101
22:53:37.183 [main] INFO  c.o.v.MutatingRemoveAllMarketDataOrdersVisitor - [ORDERBOOK] Removing market data order:MktData(price=110,quantity=5000)
22:53:37.183 [main] INFO  c.o.v.MutatingRemoveAllMarketDataOrdersVisitor - [ORDERBOOK] Removing level:110
22:53:37.183 [main] INFO  c.o.v.MutatingRemoveAllMarketDataOrdersVisitor - [ORDERBOOK] Removing market data order:MktData(price=119,quantity=5600)
22:53:37.183 [main] INFO  c.o.v.MutatingRemoveAllMarketDataOrdersVisitor - [ORDERBOOK] Removing level:119
22:53:37.183 [main] INFO  c.o.v.MutatingRemoveAllMarketDataOrdersVisitor - [ORDERBOOK] Removing market data order:MktData(price=123,quantity=453)
22:53:37.183 [main] INFO  c.o.v.MutatingRemoveAllMarketDataOrdersVisitor - [ORDERBOOK] Removing level:123
22:53:37.183 [main] INFO  c.o.v.MutatingRemoveAllMarketDataOrdersVisitor - [ORDERBOOK] Removing market data order:MktData(price=144,quantity=645)
22:53:37.183 [main] INFO  c.o.v.MutatingRemoveAllMarketDataOrdersVisitor - [ORDERBOOK] Removing level:144
22:53:37.183 [main] INFO  c.o.v.MutatingRemoveAllMarketDataOrdersVisitor - [ORDERBOOK] Removing market data order:MktData(price=167,quantity=665)
22:53:37.183 [main] INFO  c.o.v.MutatingRemoveAllMarketDataOrdersVisitor - [ORDERBOOK] Removing level:167
22:53:37.183 [main] DEBUG c.orderbook.OrderBook - [ORDERBOOK] ASK: Adding orderMktData(price=98,quantity=501)
22:53:37.183 [main] DEBUG c.orderbook.OrderBook - [ORDERBOOK] ASK: Adding orderMktData(price=101,quantity=200)
22:53:37.183 [main] DEBUG c.orderbook.OrderBook - [ORDERBOOK] ASK: Adding orderMktData(price=110,quantity=5000)
22:53:37.183 [main] DEBUG c.orderbook.OrderBook - [ORDERBOOK] ASK: Adding orderMktData(price=119,quantity=5600)
22:53:37.183 [main] DEBUG c.orderbook.OrderBook - [ORDERBOOK] ASK: Adding orderMktData(price=123,quantity=453)
22:53:37.183 [main] DEBUG c.orderbook.OrderBook - [ORDERBOOK] ASK: Adding orderMktData(price=144,quantity=645)
22:53:37.183 [main] DEBUG c.orderbook.OrderBook - [ORDERBOOK] ASK: Adding orderMktData(price=167,quantity=665)
22:53:37.183 [main] DEBUG c.service.MarketDataService - [ALGO] BID: price:43 quantity:134
22:53:37.183 [main] DEBUG c.service.MarketDataService - [ALGO] BID: price:76 quantity:145
22:53:37.183 [main] DEBUG c.service.MarketDataService - [ALGO] BID: price:91 quantity:300
22:53:37.183 [main] DEBUG c.service.MarketDataService - [ALGO] BID: price:93 quantity:200
22:53:37.183 [main] DEBUG c.service.MarketDataService - [ALGO] BID: price:95 quantity:100
22:53:37.183 [main] DEBUG c.service.MarketDataService - [ALGO] BID: price:98 quantity:154
22:53:37.183 [main] DEBUG c.service.MarketDataService - [ALGO] ASK: price:98 quantity:501
22:53:37.183 [main] DEBUG c.service.MarketDataService - [ALGO] ASK: price:101 quantity:200
22:53:37.183 [main] DEBUG c.service.MarketDataService - [ALGO] ASK: price:110 quantity:5000
22:53:37.183 [main] DEBUG c.service.MarketDataService - [ALGO] ASK: price:119 quantity:5600
22:53:37.183 [main] DEBUG c.service.MarketDataService - [ALGO] ASK: price:123 quantity:453
22:53:37.183 [main] DEBUG c.service.MarketDataService - [ALGO] ASK: price:144 quantity:645
22:53:37.183 [main] DEBUG c.service.MarketDataService - [ALGO] ASK: price:167 quantity:665
22:53:37.183 [main] INFO  c.gettingstarted.MyAlgoLogic - [MYALGO] The state of the order book is:
|----BID-----||----ASK----|
    134 @ 43    501 @ 98
    145 @ 76   200 @ 101
    300 @ 91  5000 @ 110
    200 @ 93  5600 @ 119
    100 @ 95   453 @ 123
    154 @ 98   645 @ 144
          -    665 @ 167
|------------||-----------|

22:53:37.183 [main] INFO  c.gettingstarted.MyAlgoLogic - [MYALGO] Algo Sees Book as: 
|----BID-----||----ASK----|
    134 @ 43    501 @ 98
    145 @ 76   200 @ 101
    300 @ 91  5000 @ 110
    200 @ 93  5600 @ 119
    100 @ 95   453 @ 123
    154 @ 98   645 @ 144
          -    665 @ 167
|------------||-----------|

22:53:37.183 [main] INFO  c.gettingstarted.TimedLogic - [TIMEDLOGIC] Market is closed
22:53:37.183 [main] INFO  c.sequencer.consumer.LoggingConsumer - [163] 
|----BID-----|
    134 @ 43
    145 @ 76
    300 @ 91
    200 @ 93
    100 @ 95
    154 @ 98
|----ASK-----|
    501 @ 98
   200 @ 101
  5000 @ 110
  5600 @ 119
   453 @ 123
   645 @ 144
   665 @ 167

22:53:37.183 [main] INFO  c.orderbook.OrderBook - [ORDERBOOK] Processing Mkt Data Update
22:53:37.183 [main] INFO  c.o.v.MutatingRemoveAllMarketDataOrdersVisitor - [ORDERBOOK] Removing market data order:MktData(price=43,quantity=134)
22:53:37.183 [main] INFO  c.o.v.MutatingRemoveAllMarketDataOrdersVisitor - [ORDERBOOK] Removing level:43
22:53:37.183 [main] DEBUG c.orderbook.OrderBook - [ORDERBOOK] ASK: Adding orderMktData(price=43,quantity=134)
22:53:37.183 [main] DEBUG c.orderbook.OrderBook - [ORDERBOOK] ASK: Adding orderMktData(price=76,quantity=145)
22:53:37.183 [main] DEBUG c.orderbook.OrderBook - [ORDERBOOK] ASK: Adding orderMktData(price=91,quantity=300)
22:53:37.183 [main] DEBUG c.orderbook.OrderBook - [ORDERBOOK] ASK: Adding orderMktData(price=93,quantity=200)
22:53:37.183 [main] DEBUG c.orderbook.OrderBook - [ORDERBOOK] ASK: Adding orderMktData(price=95,quantity=100)
22:53:37.183 [main] DEBUG c.orderbook.OrderBook - [ORDERBOOK] ASK: Adding orderMktData(price=98,quantity=154)
22:53:37.235 [main] INFO  c.o.v.MutatingMatchOneMarketDataOrderVisitor - [ORDERBOOK] visiting LevelOrderBookLevel(price=43,quantity=134)
22:53:37.235 [main] INFO  c.o.v.MutatingMatchOneMarketDataOrderVisitor - [ORDERBOOK] Can't match order:MktData(price=43,quantity=134)(MktData(price=98,quantity=154))
22:53:37.235 [main] INFO  c.o.v.MutatingRemoveAllMarketDataOrdersVisitor - [ORDERBOOK] Removing market data order:MktData(price=98,quantity=501)
22:53:37.235 [main] INFO  c.o.v.MutatingRemoveAllMarketDataOrdersVisitor - [ORDERBOOK] Removing level:98
22:53:37.235 [main] INFO  c.o.v.MutatingRemoveAllMarketDataOrdersVisitor - [ORDERBOOK] Removing market data order:MktData(price=101,quantity=200)
22:53:37.235 [main] INFO  c.o.v.MutatingRemoveAllMarketDataOrdersVisitor - [ORDERBOOK] Removing level:101
22:53:37.235 [main] INFO  c.o.v.MutatingRemoveAllMarketDataOrdersVisitor - [ORDERBOOK] Removing market data order:MktData(price=110,quantity=5000)
22:53:37.235 [main] INFO  c.o.v.MutatingRemoveAllMarketDataOrdersVisitor - [ORDERBOOK] Removing level:110
22:53:37.235 [main] INFO  c.o.v.MutatingRemoveAllMarketDataOrdersVisitor - [ORDERBOOK] Removing market data order:MktData(price=119,quantity=5600)
22:53:37.235 [main] INFO  c.o.v.MutatingRemoveAllMarketDataOrdersVisitor - [ORDERBOOK] Removing level:119
22:53:37.235 [main] INFO  c.o.v.MutatingRemoveAllMarketDataOrdersVisitor - [ORDERBOOK] Removing market data order:MktData(price=123,quantity=453)
22:53:37.235 [main] INFO  c.o.v.MutatingRemoveAllMarketDataOrdersVisitor - [ORDERBOOK] Removing level:123
22:53:37.235 [main] INFO  c.o.v.MutatingRemoveAllMarketDataOrdersVisitor - [ORDERBOOK] Removing market data order:MktData(price=144,quantity=645)
22:53:37.235 [main] INFO  c.o.v.MutatingRemoveAllMarketDataOrdersVisitor - [ORDERBOOK] Removing level:144
22:53:37.235 [main] INFO  c.o.v.MutatingRemoveAllMarketDataOrdersVisitor - [ORDERBOOK] Removing market data order:MktData(price=167,quantity=665)
22:53:37.235 [main] INFO  c.o.v.MutatingRemoveAllMarketDataOrdersVisitor - [ORDERBOOK] Removing level:167
22:53:37.235 [main] DEBUG c.orderbook.OrderBook - [ORDERBOOK] ASK: Adding orderMktData(price=98,quantity=501)
22:53:37.235 [main] DEBUG c.orderbook.OrderBook - [ORDERBOOK] ASK: Adding orderMktData(price=101,quantity=200)
22:53:37.235 [main] DEBUG c.orderbook.OrderBook - [ORDERBOOK] ASK: Adding orderMktData(price=110,quantity=5000)
22:53:37.235 [main] DEBUG c.orderbook.OrderBook - [ORDERBOOK] ASK: Adding orderMktData(price=119,quantity=5600)
22:53:37.235 [main] DEBUG c.orderbook.OrderBook - [ORDERBOOK] ASK: Adding orderMktData(price=123,quantity=453)
22:53:37.235 [main] DEBUG c.orderbook.OrderBook - [ORDERBOOK] ASK: Adding orderMktData(price=144,quantity=645)
22:53:37.235 [main] DEBUG c.orderbook.OrderBook - [ORDERBOOK] ASK: Adding orderMktData(price=167,quantity=665)
22:53:37.235 [main] DEBUG c.service.MarketDataService - [ALGO] BID: price:43 quantity:134
22:53:37.235 [main] DEBUG c.service.MarketDataService - [ALGO] BID: price:76 quantity:145
22:53:37.235 [main] DEBUG c.service.MarketDataService - [ALGO] BID: price:91 quantity:300
22:53:37.235 [main] DEBUG c.service.MarketDataService - [ALGO] BID: price:93 quantity:200
22:53:37.235 [main] DEBUG c.service.MarketDataService - [ALGO] BID: price:95 quantity:100
22:53:37.235 [main] DEBUG c.service.MarketDataService - [ALGO] BID: price:98 quantity:154
22:53:37.235 [main] DEBUG c.service.MarketDataService - [ALGO] ASK: price:98 quantity:501
22:53:37.235 [main] DEBUG c.service.MarketDataService - [ALGO] ASK: price:101 quantity:200
22:53:37.235 [main] DEBUG c.service.MarketDataService - [ALGO] ASK: price:110 quantity:5000
22:53:37.235 [main] DEBUG c.service.MarketDataService - [ALGO] ASK: price:119 quantity:5600
22:53:37.235 [main] DEBUG c.service.MarketDataService - [ALGO] ASK: price:123 quantity:453
22:53:37.235 [main] DEBUG c.service.MarketDataService - [ALGO] ASK: price:144 quantity:645
22:53:37.235 [main] DEBUG c.service.MarketDataService - [ALGO] ASK: price:167 quantity:665
22:53:37.235 [main] INFO  c.gettingstarted.MyAlgoLogic - [MYALGO] The state of the order book is:
|----BID-----||----ASK----|
    134 @ 43    501 @ 98
    145 @ 76   200 @ 101
    300 @ 91  5000 @ 110
    200 @ 93  5600 @ 119
    100 @ 95   453 @ 123
    154 @ 98   645 @ 144
          -    665 @ 167
|------------||-----------|

22:53:37.235 [main] INFO  c.gettingstarted.MyAlgoLogic - [MYALGO] Algo Sees Book as: 
|----BID-----||----ASK----|
    134 @ 43    501 @ 98
    145 @ 76   200 @ 101
    300 @ 91  5000 @ 110
    200 @ 93  5600 @ 119
    100 @ 95   453 @ 123
    154 @ 98   645 @ 144
          -    665 @ 167
|------------||-----------|

22:53:37.235 [main] INFO  c.gettingstarted.TimedLogic - [TIMEDLOGIC] Market is closed
22:53:37.235 [main] INFO  c.sequencer.consumer.LoggingConsumer - [164] 
|----BID-----|
    134 @ 43
    145 @ 76
    300 @ 91
    200 @ 93
    100 @ 95
    154 @ 98
|----ASK-----|
    501 @ 98
   200 @ 101
  5000 @ 110
  5600 @ 119
   453 @ 123
   645 @ 144
   665 @ 167

22:53:37.235 [main] INFO  c.orderbook.OrderBook - [ORDERBOOK] Processing Mkt Data Update
22:53:37.235 [main] INFO  c.o.v.MutatingRemoveAllMarketDataOrdersVisitor - [ORDERBOOK] Removing market data order:MktData(price=43,quantity=134)
22:53:37.235 [main] INFO  c.o.v.MutatingRemoveAllMarketDataOrdersVisitor - [ORDERBOOK] Removing level:43
22:53:37.235 [main] DEBUG c.orderbook.OrderBook - [ORDERBOOK] ASK: Adding orderMktData(price=43,quantity=134)
22:53:37.235 [main] DEBUG c.orderbook.OrderBook - [ORDERBOOK] ASK: Adding orderMktData(price=76,quantity=145)
22:53:37.235 [main] DEBUG c.orderbook.OrderBook - [ORDERBOOK] ASK: Adding orderMktData(price=91,quantity=300)
22:53:37.235 [main] DEBUG c.orderbook.OrderBook - [ORDERBOOK] ASK: Adding orderMktData(price=93,quantity=200)
22:53:37.235 [main] DEBUG c.orderbook.OrderBook - [ORDERBOOK] ASK: Adding orderMktData(price=95,quantity=100)
22:53:37.235 [main] DEBUG c.orderbook.OrderBook - [ORDERBOOK] ASK: Adding orderMktData(price=98,quantity=154)
22:53:37.235 [main] INFO  c.o.v.MutatingMatchOneMarketDataOrderVisitor - [ORDERBOOK] visiting LevelOrderBookLevel(price=43,quantity=134)
22:53:37.236 [main] INFO  c.o.v.MutatingMatchOneMarketDataOrderVisitor - [ORDERBOOK] Can't match order:MktData(price=43,quantity=134)(MktData(price=98,quantity=154))
22:53:37.236 [main] INFO  c.o.v.MutatingRemoveAllMarketDataOrdersVisitor - [ORDERBOOK] Removing market data order:MktData(price=98,quantity=501)
22:53:37.236 [main] INFO  c.o.v.MutatingRemoveAllMarketDataOrdersVisitor - [ORDERBOOK] Removing level:98
22:53:37.236 [main] INFO  c.o.v.MutatingRemoveAllMarketDataOrdersVisitor - [ORDERBOOK] Removing market data order:MktData(price=101,quantity=200)
22:53:37.236 [main] INFO  c.o.v.MutatingRemoveAllMarketDataOrdersVisitor - [ORDERBOOK] Removing level:101
22:53:37.236 [main] INFO  c.o.v.MutatingRemoveAllMarketDataOrdersVisitor - [ORDERBOOK] Removing market data order:MktData(price=110,quantity=5000)
22:53:37.236 [main] INFO  c.o.v.MutatingRemoveAllMarketDataOrdersVisitor - [ORDERBOOK] Removing level:110
22:53:37.236 [main] INFO  c.o.v.MutatingRemoveAllMarketDataOrdersVisitor - [ORDERBOOK] Removing market data order:MktData(price=119,quantity=5600)
22:53:37.236 [main] INFO  c.o.v.MutatingRemoveAllMarketDataOrdersVisitor - [ORDERBOOK] Removing level:119
22:53:37.236 [main] INFO  c.o.v.MutatingRemoveAllMarketDataOrdersVisitor - [ORDERBOOK] Removing market data order:MktData(price=123,quantity=453)
22:53:37.236 [main] INFO  c.o.v.MutatingRemoveAllMarketDataOrdersVisitor - [ORDERBOOK] Removing level:123
22:53:37.236 [main] INFO  c.o.v.MutatingRemoveAllMarketDataOrdersVisitor - [ORDERBOOK] Removing market data order:MktData(price=144,quantity=645)
22:53:37.236 [main] INFO  c.o.v.MutatingRemoveAllMarketDataOrdersVisitor - [ORDERBOOK] Removing level:144
22:53:37.236 [main] INFO  c.o.v.MutatingRemoveAllMarketDataOrdersVisitor - [ORDERBOOK] Removing market data order:MktData(price=167,quantity=665)
22:53:37.236 [main] INFO  c.o.v.MutatingRemoveAllMarketDataOrdersVisitor - [ORDERBOOK] Removing level:167
22:53:37.236 [main] DEBUG c.orderbook.OrderBook - [ORDERBOOK] ASK: Adding orderMktData(price=98,quantity=501)
22:53:37.236 [main] DEBUG c.orderbook.OrderBook - [ORDERBOOK] ASK: Adding orderMktData(price=101,quantity=200)
22:53:37.236 [main] DEBUG c.orderbook.OrderBook - [ORDERBOOK] ASK: Adding orderMktData(price=110,quantity=5000)
22:53:37.236 [main] DEBUG c.orderbook.OrderBook - [ORDERBOOK] ASK: Adding orderMktData(price=119,quantity=5600)
22:53:37.236 [main] DEBUG c.orderbook.OrderBook - [ORDERBOOK] ASK: Adding orderMktData(price=123,quantity=453)
22:53:37.236 [main] DEBUG c.orderbook.OrderBook - [ORDERBOOK] ASK: Adding orderMktData(price=144,quantity=645)
22:53:37.236 [main] DEBUG c.orderbook.OrderBook - [ORDERBOOK] ASK: Adding orderMktData(price=167,quantity=665)
22:53:37.236 [main] DEBUG c.service.MarketDataService - [ALGO] BID: price:43 quantity:134
22:53:37.236 [main] DEBUG c.service.MarketDataService - [ALGO] BID: price:76 quantity:145
22:53:37.236 [main] DEBUG c.service.MarketDataService - [ALGO] BID: price:91 quantity:300
22:53:37.236 [main] DEBUG c.service.MarketDataService - [ALGO] BID: price:93 quantity:200
22:53:37.236 [main] DEBUG c.service.MarketDataService - [ALGO] BID: price:95 quantity:100
22:53:37.236 [main] DEBUG c.service.MarketDataService - [ALGO] BID: price:98 quantity:154
22:53:37.236 [main] DEBUG c.service.MarketDataService - [ALGO] ASK: price:98 quantity:501
22:53:37.236 [main] DEBUG c.service.MarketDataService - [ALGO] ASK: price:101 quantity:200
22:53:37.236 [main] DEBUG c.service.MarketDataService - [ALGO] ASK: price:110 quantity:5000
22:53:37.236 [main] DEBUG c.service.MarketDataService - [ALGO] ASK: price:119 quantity:5600
22:53:37.236 [main] DEBUG c.service.MarketDataService - [ALGO] ASK: price:123 quantity:453
22:53:37.236 [main] DEBUG c.service.MarketDataService - [ALGO] ASK: price:144 quantity:645
22:53:37.236 [main] DEBUG c.service.MarketDataService - [ALGO] ASK: price:167 quantity:665
22:53:37.236 [main] INFO  c.gettingstarted.MyAlgoLogic - [MYALGO] The state of the order book is:
|----BID-----||----ASK----|
    134 @ 43    501 @ 98
    145 @ 76   200 @ 101
    300 @ 91  5000 @ 110
    200 @ 93  5600 @ 119
    100 @ 95   453 @ 123
    154 @ 98   645 @ 144
          -    665 @ 167
|------------||-----------|

22:53:37.236 [main] INFO  c.gettingstarted.MyAlgoLogic - [MYALGO] Algo Sees Book as: 
|----BID-----||----ASK----|
    134 @ 43    501 @ 98
    145 @ 76   200 @ 101
    300 @ 91  5000 @ 110
    200 @ 93  5600 @ 119
    100 @ 95   453 @ 123
    154 @ 98   645 @ 144
          -    665 @ 167
|------------||-----------|

22:53:37.236 [main] INFO  c.gettingstarted.TimedLogic - [TIMEDLOGIC] Market is closed
22:53:37.236 [main] INFO  c.sequencer.consumer.LoggingConsumer - [165] 
|----BID-----|
    134 @ 43
    145 @ 76
    300 @ 91
    200 @ 93
    100 @ 95
    154 @ 98
|----ASK-----|
    501 @ 98
   200 @ 101
  5000 @ 110
  5600 @ 119
   453 @ 123
   645 @ 144
   665 @ 167

22:53:37.236 [main] INFO  c.orderbook.OrderBook - [ORDERBOOK] Processing Mkt Data Update
22:53:37.236 [main] INFO  c.o.v.MutatingRemoveAllMarketDataOrdersVisitor - [ORDERBOOK] Removing market data order:MktData(price=43,quantity=134)
22:53:37.236 [main] INFO  c.o.v.MutatingRemoveAllMarketDataOrdersVisitor - [ORDERBOOK] Removing level:43
22:53:37.236 [main] DEBUG c.orderbook.OrderBook - [ORDERBOOK] ASK: Adding orderMktData(price=43,quantity=134)
22:53:37.236 [main] DEBUG c.orderbook.OrderBook - [ORDERBOOK] ASK: Adding orderMktData(price=76,quantity=145)
22:53:37.236 [main] DEBUG c.orderbook.OrderBook - [ORDERBOOK] ASK: Adding orderMktData(price=91,quantity=300)
22:53:37.236 [main] DEBUG c.orderbook.OrderBook - [ORDERBOOK] ASK: Adding orderMktData(price=93,quantity=200)
22:53:37.236 [main] DEBUG c.orderbook.OrderBook - [ORDERBOOK] ASK: Adding orderMktData(price=95,quantity=100)
22:53:37.236 [main] DEBUG c.orderbook.OrderBook - [ORDERBOOK] ASK: Adding orderMktData(price=98,quantity=154)
22:53:37.236 [main] INFO  c.o.v.MutatingMatchOneMarketDataOrderVisitor - [ORDERBOOK] visiting LevelOrderBookLevel(price=43,quantity=134)
22:53:37.236 [main] INFO  c.o.v.MutatingMatchOneMarketDataOrderVisitor - [ORDERBOOK] Can't match order:MktData(price=43,quantity=134)(MktData(price=98,quantity=154))
22:53:37.236 [main] INFO  c.o.v.MutatingRemoveAllMarketDataOrdersVisitor - [ORDERBOOK] Removing market data order:MktData(price=98,quantity=501)
22:53:37.236 [main] INFO  c.o.v.MutatingRemoveAllMarketDataOrdersVisitor - [ORDERBOOK] Removing level:98
22:53:37.236 [main] INFO  c.o.v.MutatingRemoveAllMarketDataOrdersVisitor - [ORDERBOOK] Removing market data order:MktData(price=101,quantity=200)
22:53:37.236 [main] INFO  c.o.v.MutatingRemoveAllMarketDataOrdersVisitor - [ORDERBOOK] Removing level:101
22:53:37.236 [main] INFO  c.o.v.MutatingRemoveAllMarketDataOrdersVisitor - [ORDERBOOK] Removing market data order:MktData(price=110,quantity=5000)
22:53:37.236 [main] INFO  c.o.v.MutatingRemoveAllMarketDataOrdersVisitor - [ORDERBOOK] Removing level:110
22:53:37.236 [main] INFO  c.o.v.MutatingRemoveAllMarketDataOrdersVisitor - [ORDERBOOK] Removing market data order:MktData(price=119,quantity=5600)
22:53:37.236 [main] INFO  c.o.v.MutatingRemoveAllMarketDataOrdersVisitor - [ORDERBOOK] Removing level:119
22:53:37.236 [main] INFO  c.o.v.MutatingRemoveAllMarketDataOrdersVisitor - [ORDERBOOK] Removing market data order:MktData(price=123,quantity=453)
22:53:37.236 [main] INFO  c.o.v.MutatingRemoveAllMarketDataOrdersVisitor - [ORDERBOOK] Removing level:123
22:53:37.236 [main] INFO  c.o.v.MutatingRemoveAllMarketDataOrdersVisitor - [ORDERBOOK] Removing market data order:MktData(price=144,quantity=645)
22:53:37.236 [main] INFO  c.o.v.MutatingRemoveAllMarketDataOrdersVisitor - [ORDERBOOK] Removing level:144
22:53:37.236 [main] INFO  c.o.v.MutatingRemoveAllMarketDataOrdersVisitor - [ORDERBOOK] Removing market data order:MktData(price=167,quantity=665)
22:53:37.236 [main] INFO  c.o.v.MutatingRemoveAllMarketDataOrdersVisitor - [ORDERBOOK] Removing level:167
22:53:37.236 [main] DEBUG c.orderbook.OrderBook - [ORDERBOOK] ASK: Adding orderMktData(price=98,quantity=501)
22:53:37.236 [main] DEBUG c.orderbook.OrderBook - [ORDERBOOK] ASK: Adding orderMktData(price=101,quantity=200)
22:53:37.236 [main] DEBUG c.orderbook.OrderBook - [ORDERBOOK] ASK: Adding orderMktData(price=110,quantity=5000)
22:53:37.236 [main] DEBUG c.orderbook.OrderBook - [ORDERBOOK] ASK: Adding orderMktData(price=119,quantity=5600)
22:53:37.236 [main] DEBUG c.orderbook.OrderBook - [ORDERBOOK] ASK: Adding orderMktData(price=123,quantity=453)
22:53:37.236 [main] DEBUG c.orderbook.OrderBook - [ORDERBOOK] ASK: Adding orderMktData(price=144,quantity=645)
22:53:37.236 [main] DEBUG c.orderbook.OrderBook - [ORDERBOOK] ASK: Adding orderMktData(price=167,quantity=665)
22:53:37.236 [main] DEBUG c.service.MarketDataService - [ALGO] BID: price:43 quantity:134
22:53:37.236 [main] DEBUG c.service.MarketDataService - [ALGO] BID: price:76 quantity:145
22:53:37.236 [main] DEBUG c.service.MarketDataService - [ALGO] BID: price:91 quantity:300
22:53:37.236 [main] DEBUG c.service.MarketDataService - [ALGO] BID: price:93 quantity:200
22:53:37.236 [main] DEBUG c.service.MarketDataService - [ALGO] BID: price:95 quantity:100
22:53:37.236 [main] DEBUG c.service.MarketDataService - [ALGO] BID: price:98 quantity:154
22:53:37.236 [main] DEBUG c.service.MarketDataService - [ALGO] ASK: price:98 quantity:501
22:53:37.236 [main] DEBUG c.service.MarketDataService - [ALGO] ASK: price:101 quantity:200
22:53:37.236 [main] DEBUG c.service.MarketDataService - [ALGO] ASK: price:110 quantity:5000
22:53:37.236 [main] DEBUG c.service.MarketDataService - [ALGO] ASK: price:119 quantity:5600
22:53:37.236 [main] DEBUG c.service.MarketDataService - [ALGO] ASK: price:123 quantity:453
22:53:37.236 [main] DEBUG c.service.MarketDataService - [ALGO] ASK: price:144 quantity:645
22:53:37.236 [main] DEBUG c.service.MarketDataService - [ALGO] ASK: price:167 quantity:665
22:53:37.236 [main] INFO  c.gettingstarted.MyAlgoLogic - [MYALGO] The state of the order book is:
|----BID-----||----ASK----|
    134 @ 43    501 @ 98
    145 @ 76   200 @ 101
    300 @ 91  5000 @ 110
    200 @ 93  5600 @ 119
    100 @ 95   453 @ 123
    154 @ 98   645 @ 144
          -    665 @ 167
|------------||-----------|

22:53:37.236 [main] INFO  c.gettingstarted.MyAlgoLogic - [MYALGO] Algo Sees Book as: 
|----BID-----||----ASK----|
    134 @ 43    501 @ 98
    145 @ 76   200 @ 101
    300 @ 91  5000 @ 110
    200 @ 93  5600 @ 119
    100 @ 95   453 @ 123
    154 @ 98   645 @ 144
          -    665 @ 167
|------------||-----------|

22:53:37.236 [main] INFO  c.gettingstarted.TimedLogic - [TIMEDLOGIC] Market is closed
22:53:37.236 [main] INFO  c.sequencer.consumer.LoggingConsumer - [166] 
|----BID-----|
    134 @ 43
    145 @ 76
    300 @ 91
    200 @ 93
    100 @ 95
    154 @ 98
|----ASK-----|
    501 @ 98
   200 @ 101
  5000 @ 110
  5600 @ 119
   453 @ 123
   645 @ 144
   665 @ 167

22:53:37.236 [main] INFO  c.orderbook.OrderBook - [ORDERBOOK] Processing Mkt Data Update
22:53:37.236 [main] INFO  c.o.v.MutatingRemoveAllMarketDataOrdersVisitor - [ORDERBOOK] Removing market data order:MktData(price=43,quantity=134)
22:53:37.236 [main] INFO  c.o.v.MutatingRemoveAllMarketDataOrdersVisitor - [ORDERBOOK] Removing level:43
22:53:37.236 [main] DEBUG c.orderbook.OrderBook - [ORDERBOOK] ASK: Adding orderMktData(price=43,quantity=134)
22:53:37.236 [main] DEBUG c.orderbook.OrderBook - [ORDERBOOK] ASK: Adding orderMktData(price=76,quantity=145)
22:53:37.236 [main] DEBUG c.orderbook.OrderBook - [ORDERBOOK] ASK: Adding orderMktData(price=91,quantity=300)
22:53:37.236 [main] DEBUG c.orderbook.OrderBook - [ORDERBOOK] ASK: Adding orderMktData(price=93,quantity=200)
22:53:37.236 [main] DEBUG c.orderbook.OrderBook - [ORDERBOOK] ASK: Adding orderMktData(price=95,quantity=100)
22:53:37.236 [main] DEBUG c.orderbook.OrderBook - [ORDERBOOK] ASK: Adding orderMktData(price=98,quantity=154)
22:53:37.236 [main] INFO  c.o.v.MutatingMatchOneMarketDataOrderVisitor - [ORDERBOOK] visiting LevelOrderBookLevel(price=43,quantity=134)
22:53:37.236 [main] INFO  c.o.v.MutatingMatchOneMarketDataOrderVisitor - [ORDERBOOK] Can't match order:MktData(price=43,quantity=134)(MktData(price=98,quantity=154))
22:53:37.236 [main] INFO  c.o.v.MutatingRemoveAllMarketDataOrdersVisitor - [ORDERBOOK] Removing market data order:MktData(price=98,quantity=501)
22:53:37.236 [main] INFO  c.o.v.MutatingRemoveAllMarketDataOrdersVisitor - [ORDERBOOK] Removing level:98
22:53:37.236 [main] INFO  c.o.v.MutatingRemoveAllMarketDataOrdersVisitor - [ORDERBOOK] Removing market data order:MktData(price=101,quantity=200)
22:53:37.236 [main] INFO  c.o.v.MutatingRemoveAllMarketDataOrdersVisitor - [ORDERBOOK] Removing level:101
22:53:37.236 [main] INFO  c.o.v.MutatingRemoveAllMarketDataOrdersVisitor - [ORDERBOOK] Removing market data order:MktData(price=110,quantity=5000)
22:53:37.236 [main] INFO  c.o.v.MutatingRemoveAllMarketDataOrdersVisitor - [ORDERBOOK] Removing level:110
22:53:37.236 [main] INFO  c.o.v.MutatingRemoveAllMarketDataOrdersVisitor - [ORDERBOOK] Removing market data order:MktData(price=119,quantity=5600)
22:53:37.236 [main] INFO  c.o.v.MutatingRemoveAllMarketDataOrdersVisitor - [ORDERBOOK] Removing level:119
22:53:37.236 [main] INFO  c.o.v.MutatingRemoveAllMarketDataOrdersVisitor - [ORDERBOOK] Removing market data order:MktData(price=123,quantity=453)
22:53:37.236 [main] INFO  c.o.v.MutatingRemoveAllMarketDataOrdersVisitor - [ORDERBOOK] Removing level:123
22:53:37.236 [main] INFO  c.o.v.MutatingRemoveAllMarketDataOrdersVisitor - [ORDERBOOK] Removing market data order:MktData(price=144,quantity=645)
22:53:37.236 [main] INFO  c.o.v.MutatingRemoveAllMarketDataOrdersVisitor - [ORDERBOOK] Removing level:144
22:53:37.236 [main] INFO  c.o.v.MutatingRemoveAllMarketDataOrdersVisitor - [ORDERBOOK] Removing market data order:MktData(price=167,quantity=665)
22:53:37.236 [main] INFO  c.o.v.MutatingRemoveAllMarketDataOrdersVisitor - [ORDERBOOK] Removing level:167
22:53:37.236 [main] DEBUG c.orderbook.OrderBook - [ORDERBOOK] ASK: Adding orderMktData(price=98,quantity=501)
22:53:37.236 [main] DEBUG c.orderbook.OrderBook - [ORDERBOOK] ASK: Adding orderMktData(price=101,quantity=200)
22:53:37.236 [main] DEBUG c.orderbook.OrderBook - [ORDERBOOK] ASK: Adding orderMktData(price=110,quantity=5000)
22:53:37.236 [main] DEBUG c.orderbook.OrderBook - [ORDERBOOK] ASK: Adding orderMktData(price=119,quantity=5600)
22:53:37.236 [main] DEBUG c.orderbook.OrderBook - [ORDERBOOK] ASK: Adding orderMktData(price=123,quantity=453)
22:53:37.236 [main] DEBUG c.orderbook.OrderBook - [ORDERBOOK] ASK: Adding orderMktData(price=144,quantity=645)
22:53:37.236 [main] DEBUG c.orderbook.OrderBook - [ORDERBOOK] ASK: Adding orderMktData(price=167,quantity=665)
22:53:37.236 [main] DEBUG c.service.MarketDataService - [ALGO] BID: price:43 quantity:134
22:53:37.236 [main] DEBUG c.service.MarketDataService - [ALGO] BID: price:76 quantity:145
22:53:37.236 [main] DEBUG c.service.MarketDataService - [ALGO] BID: price:91 quantity:300
22:53:37.236 [main] DEBUG c.service.MarketDataService - [ALGO] BID: price:93 quantity:200
22:53:37.236 [main] DEBUG c.service.MarketDataService - [ALGO] BID: price:95 quantity:100
22:53:37.236 [main] DEBUG c.service.MarketDataService - [ALGO] BID: price:98 quantity:154
22:53:37.236 [main] DEBUG c.service.MarketDataService - [ALGO] ASK: price:98 quantity:501
22:53:37.236 [main] DEBUG c.service.MarketDataService - [ALGO] ASK: price:101 quantity:200
22:53:37.236 [main] DEBUG c.service.MarketDataService - [ALGO] ASK: price:110 quantity:5000
22:53:37.236 [main] DEBUG c.service.MarketDataService - [ALGO] ASK: price:119 quantity:5600
22:53:37.236 [main] DEBUG c.service.MarketDataService - [ALGO] ASK: price:123 quantity:453
22:53:37.236 [main] DEBUG c.service.MarketDataService - [ALGO] ASK: price:144 quantity:645
22:53:37.236 [main] DEBUG c.service.MarketDataService - [ALGO] ASK: price:167 quantity:665
22:53:37.236 [main] INFO  c.gettingstarted.MyAlgoLogic - [MYALGO] The state of the order book is:
|----BID-----||----ASK----|
    134 @ 43    501 @ 98
    145 @ 76   200 @ 101
    300 @ 91  5000 @ 110
    200 @ 93  5600 @ 119
    100 @ 95   453 @ 123
    154 @ 98   645 @ 144
          -    665 @ 167
|------------||-----------|

22:53:37.236 [main] INFO  c.gettingstarted.MyAlgoLogic - [MYALGO] Algo Sees Book as: 
|----BID-----||----ASK----|
    134 @ 43    501 @ 98
    145 @ 76   200 @ 101
    300 @ 91  5000 @ 110
    200 @ 93  5600 @ 119
    100 @ 95   453 @ 123
    154 @ 98   645 @ 144
          -    665 @ 167
|------------||-----------|

22:53:37.236 [main] INFO  c.gettingstarted.TimedLogic - [TIMEDLOGIC] Market is closed
22:53:37.236 [main] INFO  c.sequencer.consumer.LoggingConsumer - [167] 
|----BID-----|
    134 @ 43
    145 @ 76
    300 @ 91
    200 @ 93
    100 @ 95
    154 @ 98
|----ASK-----|
    501 @ 98
   200 @ 101
  5000 @ 110
  5600 @ 119
   453 @ 123
   645 @ 144
   665 @ 167

22:53:37.236 [main] INFO  c.orderbook.OrderBook - [ORDERBOOK] Processing Mkt Data Update
22:53:37.236 [main] INFO  c.o.v.MutatingRemoveAllMarketDataOrdersVisitor - [ORDERBOOK] Removing market data order:MktData(price=43,quantity=134)
22:53:37.236 [main] INFO  c.o.v.MutatingRemoveAllMarketDataOrdersVisitor - [ORDERBOOK] Removing level:43
22:53:37.236 [main] DEBUG c.orderbook.OrderBook - [ORDERBOOK] ASK: Adding orderMktData(price=43,quantity=134)
22:53:37.236 [main] DEBUG c.orderbook.OrderBook - [ORDERBOOK] ASK: Adding orderMktData(price=76,quantity=145)
22:53:37.236 [main] DEBUG c.orderbook.OrderBook - [ORDERBOOK] ASK: Adding orderMktData(price=91,quantity=300)
22:53:37.236 [main] DEBUG c.orderbook.OrderBook - [ORDERBOOK] ASK: Adding orderMktData(price=93,quantity=200)
22:53:37.236 [main] DEBUG c.orderbook.OrderBook - [ORDERBOOK] ASK: Adding orderMktData(price=95,quantity=100)
22:53:37.236 [main] DEBUG c.orderbook.OrderBook - [ORDERBOOK] ASK: Adding orderMktData(price=98,quantity=154)
22:53:37.236 [main] INFO  c.o.v.MutatingMatchOneMarketDataOrderVisitor - [ORDERBOOK] visiting LevelOrderBookLevel(price=43,quantity=134)
22:53:37.236 [main] INFO  c.o.v.MutatingMatchOneMarketDataOrderVisitor - [ORDERBOOK] Can't match order:MktData(price=43,quantity=134)(MktData(price=98,quantity=154))
22:53:37.236 [main] INFO  c.o.v.MutatingRemoveAllMarketDataOrdersVisitor - [ORDERBOOK] Removing market data order:MktData(price=98,quantity=501)
22:53:37.236 [main] INFO  c.o.v.MutatingRemoveAllMarketDataOrdersVisitor - [ORDERBOOK] Removing level:98
22:53:37.236 [main] INFO  c.o.v.MutatingRemoveAllMarketDataOrdersVisitor - [ORDERBOOK] Removing market data order:MktData(price=101,quantity=200)
22:53:37.236 [main] INFO  c.o.v.MutatingRemoveAllMarketDataOrdersVisitor - [ORDERBOOK] Removing level:101
22:53:37.236 [main] INFO  c.o.v.MutatingRemoveAllMarketDataOrdersVisitor - [ORDERBOOK] Removing market data order:MktData(price=110,quantity=5000)
22:53:37.236 [main] INFO  c.o.v.MutatingRemoveAllMarketDataOrdersVisitor - [ORDERBOOK] Removing level:110
22:53:37.236 [main] INFO  c.o.v.MutatingRemoveAllMarketDataOrdersVisitor - [ORDERBOOK] Removing market data order:MktData(price=119,quantity=5600)
22:53:37.236 [main] INFO  c.o.v.MutatingRemoveAllMarketDataOrdersVisitor - [ORDERBOOK] Removing level:119
22:53:37.236 [main] INFO  c.o.v.MutatingRemoveAllMarketDataOrdersVisitor - [ORDERBOOK] Removing market data order:MktData(price=123,quantity=453)
22:53:37.236 [main] INFO  c.o.v.MutatingRemoveAllMarketDataOrdersVisitor - [ORDERBOOK] Removing level:123
22:53:37.236 [main] INFO  c.o.v.MutatingRemoveAllMarketDataOrdersVisitor - [ORDERBOOK] Removing market data order:MktData(price=144,quantity=645)
22:53:37.236 [main] INFO  c.o.v.MutatingRemoveAllMarketDataOrdersVisitor - [ORDERBOOK] Removing level:144
22:53:37.236 [main] INFO  c.o.v.MutatingRemoveAllMarketDataOrdersVisitor - [ORDERBOOK] Removing market data order:MktData(price=167,quantity=665)
22:53:37.236 [main] INFO  c.o.v.MutatingRemoveAllMarketDataOrdersVisitor - [ORDERBOOK] Removing level:167
22:53:37.236 [main] DEBUG c.orderbook.OrderBook - [ORDERBOOK] ASK: Adding orderMktData(price=98,quantity=501)
22:53:37.236 [main] DEBUG c.orderbook.OrderBook - [ORDERBOOK] ASK: Adding orderMktData(price=101,quantity=200)
22:53:37.236 [main] DEBUG c.orderbook.OrderBook - [ORDERBOOK] ASK: Adding orderMktData(price=110,quantity=5000)
22:53:37.236 [main] DEBUG c.orderbook.OrderBook - [ORDERBOOK] ASK: Adding orderMktData(price=119,quantity=5600)
22:53:37.236 [main] DEBUG c.orderbook.OrderBook - [ORDERBOOK] ASK: Adding orderMktData(price=123,quantity=453)
22:53:37.236 [main] DEBUG c.orderbook.OrderBook - [ORDERBOOK] ASK: Adding orderMktData(price=144,quantity=645)
22:53:37.236 [main] DEBUG c.orderbook.OrderBook - [ORDERBOOK] ASK: Adding orderMktData(price=167,quantity=665)
22:53:37.236 [main] DEBUG c.service.MarketDataService - [ALGO] BID: price:43 quantity:134
22:53:37.236 [main] DEBUG c.service.MarketDataService - [ALGO] BID: price:76 quantity:145
22:53:37.236 [main] DEBUG c.service.MarketDataService - [ALGO] BID: price:91 quantity:300
22:53:37.236 [main] DEBUG c.service.MarketDataService - [ALGO] BID: price:93 quantity:200
22:53:37.236 [main] DEBUG c.service.MarketDataService - [ALGO] BID: price:95 quantity:100
22:53:37.236 [main] DEBUG c.service.MarketDataService - [ALGO] BID: price:98 quantity:154
22:53:37.236 [main] DEBUG c.service.MarketDataService - [ALGO] ASK: price:98 quantity:501
22:53:37.236 [main] DEBUG c.service.MarketDataService - [ALGO] ASK: price:101 quantity:200
22:53:37.236 [main] DEBUG c.service.MarketDataService - [ALGO] ASK: price:110 quantity:5000
22:53:37.236 [main] DEBUG c.service.MarketDataService - [ALGO] ASK: price:119 quantity:5600
22:53:37.236 [main] DEBUG c.service.MarketDataService - [ALGO] ASK: price:123 quantity:453
22:53:37.236 [main] DEBUG c.service.MarketDataService - [ALGO] ASK: price:144 quantity:645
22:53:37.236 [main] DEBUG c.service.MarketDataService - [ALGO] ASK: price:167 quantity:665
22:53:37.236 [main] INFO  c.gettingstarted.MyAlgoLogic - [MYALGO] The state of the order book is:
|----BID-----||----ASK----|
    134 @ 43    501 @ 98
    145 @ 76   200 @ 101
    300 @ 91  5000 @ 110
    200 @ 93  5600 @ 119
    100 @ 95   453 @ 123
    154 @ 98   645 @ 144
          -    665 @ 167
|------------||-----------|

22:53:37.236 [main] INFO  c.gettingstarted.MyAlgoLogic - [MYALGO] Algo Sees Book as: 
|----BID-----||----ASK----|
    134 @ 43    501 @ 98
    145 @ 76   200 @ 101
    300 @ 91  5000 @ 110
    200 @ 93  5600 @ 119
    100 @ 95   453 @ 123
    154 @ 98   645 @ 144
          -    665 @ 167
|------------||-----------|

22:53:37.236 [main] INFO  c.gettingstarted.TimedLogic - [TIMEDLOGIC] Market is closed
22:53:37.236 [main] INFO  c.sequencer.consumer.LoggingConsumer - [168] 
|----BID-----|
    134 @ 43
    145 @ 76
    300 @ 91
    200 @ 93
    100 @ 95
    154 @ 98
|----ASK-----|
    501 @ 98
   200 @ 101
  5000 @ 110
  5600 @ 119
   453 @ 123
   645 @ 144
   665 @ 167

22:53:37.236 [main] INFO  c.orderbook.OrderBook - [ORDERBOOK] Processing Mkt Data Update
22:53:37.236 [main] INFO  c.o.v.MutatingRemoveAllMarketDataOrdersVisitor - [ORDERBOOK] Removing market data order:MktData(price=43,quantity=134)
22:53:37.236 [main] INFO  c.o.v.MutatingRemoveAllMarketDataOrdersVisitor - [ORDERBOOK] Removing level:43
22:53:37.236 [main] DEBUG c.orderbook.OrderBook - [ORDERBOOK] ASK: Adding orderMktData(price=43,quantity=134)
22:53:37.236 [main] DEBUG c.orderbook.OrderBook - [ORDERBOOK] ASK: Adding orderMktData(price=76,quantity=145)
22:53:37.236 [main] DEBUG c.orderbook.OrderBook - [ORDERBOOK] ASK: Adding orderMktData(price=91,quantity=300)
22:53:37.236 [main] DEBUG c.orderbook.OrderBook - [ORDERBOOK] ASK: Adding orderMktData(price=93,quantity=200)
22:53:37.236 [main] DEBUG c.orderbook.OrderBook - [ORDERBOOK] ASK: Adding orderMktData(price=95,quantity=100)
22:53:37.236 [main] DEBUG c.orderbook.OrderBook - [ORDERBOOK] ASK: Adding orderMktData(price=98,quantity=154)
22:53:37.236 [main] INFO  c.o.v.MutatingMatchOneMarketDataOrderVisitor - [ORDERBOOK] visiting LevelOrderBookLevel(price=43,quantity=134)
22:53:37.236 [main] INFO  c.o.v.MutatingMatchOneMarketDataOrderVisitor - [ORDERBOOK] Can't match order:MktData(price=43,quantity=134)(MktData(price=98,quantity=154))
22:53:37.236 [main] INFO  c.o.v.MutatingRemoveAllMarketDataOrdersVisitor - [ORDERBOOK] Removing market data order:MktData(price=98,quantity=501)
22:53:37.241 [main] INFO  c.o.v.MutatingRemoveAllMarketDataOrdersVisitor - [ORDERBOOK] Removing level:98
22:53:37.241 [main] INFO  c.o.v.MutatingRemoveAllMarketDataOrdersVisitor - [ORDERBOOK] Removing market data order:MktData(price=101,quantity=200)
22:53:37.241 [main] INFO  c.o.v.MutatingRemoveAllMarketDataOrdersVisitor - [ORDERBOOK] Removing level:101
22:53:37.241 [main] INFO  c.o.v.MutatingRemoveAllMarketDataOrdersVisitor - [ORDERBOOK] Removing market data order:MktData(price=110,quantity=5000)
22:53:37.241 [main] INFO  c.o.v.MutatingRemoveAllMarketDataOrdersVisitor - [ORDERBOOK] Removing level:110
22:53:37.241 [main] INFO  c.o.v.MutatingRemoveAllMarketDataOrdersVisitor - [ORDERBOOK] Removing market data order:MktData(price=119,quantity=5600)
22:53:37.241 [main] INFO  c.o.v.MutatingRemoveAllMarketDataOrdersVisitor - [ORDERBOOK] Removing level:119
22:53:37.241 [main] INFO  c.o.v.MutatingRemoveAllMarketDataOrdersVisitor - [ORDERBOOK] Removing market data order:MktData(price=123,quantity=453)
22:53:37.241 [main] INFO  c.o.v.MutatingRemoveAllMarketDataOrdersVisitor - [ORDERBOOK] Removing level:123
22:53:37.241 [main] INFO  c.o.v.MutatingRemoveAllMarketDataOrdersVisitor - [ORDERBOOK] Removing market data order:MktData(price=144,quantity=645)
22:53:37.241 [main] INFO  c.o.v.MutatingRemoveAllMarketDataOrdersVisitor - [ORDERBOOK] Removing level:144
22:53:37.241 [main] INFO  c.o.v.MutatingRemoveAllMarketDataOrdersVisitor - [ORDERBOOK] Removing market data order:MktData(price=167,quantity=665)
22:53:37.241 [main] INFO  c.o.v.MutatingRemoveAllMarketDataOrdersVisitor - [ORDERBOOK] Removing level:167
22:53:37.241 [main] DEBUG c.orderbook.OrderBook - [ORDERBOOK] ASK: Adding orderMktData(price=98,quantity=501)
22:53:37.241 [main] DEBUG c.orderbook.OrderBook - [ORDERBOOK] ASK: Adding orderMktData(price=101,quantity=200)
22:53:37.241 [main] DEBUG c.orderbook.OrderBook - [ORDERBOOK] ASK: Adding orderMktData(price=110,quantity=5000)
22:53:37.241 [main] DEBUG c.orderbook.OrderBook - [ORDERBOOK] ASK: Adding orderMktData(price=119,quantity=5600)
22:53:37.241 [main] DEBUG c.orderbook.OrderBook - [ORDERBOOK] ASK: Adding orderMktData(price=123,quantity=453)
22:53:37.241 [main] DEBUG c.orderbook.OrderBook - [ORDERBOOK] ASK: Adding orderMktData(price=144,quantity=645)
22:53:37.241 [main] DEBUG c.orderbook.OrderBook - [ORDERBOOK] ASK: Adding orderMktData(price=167,quantity=665)
22:53:37.241 [main] DEBUG c.service.MarketDataService - [ALGO] BID: price:43 quantity:134
22:53:37.241 [main] DEBUG c.service.MarketDataService - [ALGO] BID: price:76 quantity:145
22:53:37.241 [main] DEBUG c.service.MarketDataService - [ALGO] BID: price:91 quantity:300
22:53:37.241 [main] DEBUG c.service.MarketDataService - [ALGO] BID: price:93 quantity:200
22:53:37.241 [main] DEBUG c.service.MarketDataService - [ALGO] BID: price:95 quantity:100
22:53:37.241 [main] DEBUG c.service.MarketDataService - [ALGO] BID: price:98 quantity:154
22:53:37.241 [main] DEBUG c.service.MarketDataService - [ALGO] ASK: price:98 quantity:501
22:53:37.241 [main] DEBUG c.service.MarketDataService - [ALGO] ASK: price:101 quantity:200
22:53:37.241 [main] DEBUG c.service.MarketDataService - [ALGO] ASK: price:110 quantity:5000
22:53:37.241 [main] DEBUG c.service.MarketDataService - [ALGO] ASK: price:119 quantity:5600
22:53:37.241 [main] DEBUG c.service.MarketDataService - [ALGO] ASK: price:123 quantity:453
22:53:37.241 [main] DEBUG c.service.MarketDataService - [ALGO] ASK: price:144 quantity:645
22:53:37.241 [main] DEBUG c.service.MarketDataService - [ALGO] ASK: price:167 quantity:665
22:53:37.241 [main] INFO  c.gettingstarted.MyAlgoLogic - [MYALGO] The state of the order book is:
|----BID-----||----ASK----|
    134 @ 43    501 @ 98
    145 @ 76   200 @ 101
    300 @ 91  5000 @ 110
    200 @ 93  5600 @ 119
    100 @ 95   453 @ 123
    154 @ 98   645 @ 144
          -    665 @ 167
|------------||-----------|

22:53:37.242 [main] INFO  c.gettingstarted.MyAlgoLogic - [MYALGO] Algo Sees Book as: 
|----BID-----||----ASK----|
    134 @ 43    501 @ 98
    145 @ 76   200 @ 101
    300 @ 91  5000 @ 110
    200 @ 93  5600 @ 119
    100 @ 95   453 @ 123
    154 @ 98   645 @ 144
          -    665 @ 167
|------------||-----------|

22:53:37.242 [main] INFO  c.gettingstarted.TimedLogic - [TIMEDLOGIC] Market is closed
22:53:37.242 [main] INFO  c.sequencer.consumer.LoggingConsumer - [169] 
|----BID-----|
    134 @ 43
    145 @ 76
    300 @ 91
    200 @ 93
    100 @ 95
    154 @ 98
|----ASK-----|
    501 @ 98
   200 @ 101
  5000 @ 110
  5600 @ 119
   453 @ 123
   645 @ 144
   665 @ 167

22:53:37.242 [main] INFO  c.orderbook.OrderBook - [ORDERBOOK] Processing Mkt Data Update
22:53:37.242 [main] INFO  c.o.v.MutatingRemoveAllMarketDataOrdersVisitor - [ORDERBOOK] Removing market data order:MktData(price=43,quantity=134)
22:53:37.242 [main] INFO  c.o.v.MutatingRemoveAllMarketDataOrdersVisitor - [ORDERBOOK] Removing level:43
22:53:37.242 [main] DEBUG c.orderbook.OrderBook - [ORDERBOOK] ASK: Adding orderMktData(price=43,quantity=134)
22:53:37.242 [main] DEBUG c.orderbook.OrderBook - [ORDERBOOK] ASK: Adding orderMktData(price=76,quantity=145)
22:53:37.242 [main] DEBUG c.orderbook.OrderBook - [ORDERBOOK] ASK: Adding orderMktData(price=91,quantity=300)
22:53:37.242 [main] DEBUG c.orderbook.OrderBook - [ORDERBOOK] ASK: Adding orderMktData(price=93,quantity=200)
22:53:37.242 [main] DEBUG c.orderbook.OrderBook - [ORDERBOOK] ASK: Adding orderMktData(price=95,quantity=100)
22:53:37.242 [main] DEBUG c.orderbook.OrderBook - [ORDERBOOK] ASK: Adding orderMktData(price=98,quantity=154)
22:53:37.242 [main] INFO  c.o.v.MutatingMatchOneMarketDataOrderVisitor - [ORDERBOOK] visiting LevelOrderBookLevel(price=43,quantity=134)
22:53:37.242 [main] INFO  c.o.v.MutatingMatchOneMarketDataOrderVisitor - [ORDERBOOK] Can't match order:MktData(price=43,quantity=134)(MktData(price=98,quantity=154))
22:53:37.242 [main] INFO  c.o.v.MutatingRemoveAllMarketDataOrdersVisitor - [ORDERBOOK] Removing market data order:MktData(price=98,quantity=501)
22:53:37.242 [main] INFO  c.o.v.MutatingRemoveAllMarketDataOrdersVisitor - [ORDERBOOK] Removing level:98
22:53:37.242 [main] INFO  c.o.v.MutatingRemoveAllMarketDataOrdersVisitor - [ORDERBOOK] Removing market data order:MktData(price=101,quantity=200)
22:53:37.242 [main] INFO  c.o.v.MutatingRemoveAllMarketDataOrdersVisitor - [ORDERBOOK] Removing level:101
22:53:37.242 [main] INFO  c.o.v.MutatingRemoveAllMarketDataOrdersVisitor - [ORDERBOOK] Removing market data order:MktData(price=110,quantity=5000)
22:53:37.242 [main] INFO  c.o.v.MutatingRemoveAllMarketDataOrdersVisitor - [ORDERBOOK] Removing level:110
22:53:37.242 [main] INFO  c.o.v.MutatingRemoveAllMarketDataOrdersVisitor - [ORDERBOOK] Removing market data order:MktData(price=119,quantity=5600)
22:53:37.242 [main] INFO  c.o.v.MutatingRemoveAllMarketDataOrdersVisitor - [ORDERBOOK] Removing level:119
22:53:37.242 [main] INFO  c.o.v.MutatingRemoveAllMarketDataOrdersVisitor - [ORDERBOOK] Removing market data order:MktData(price=123,quantity=453)
22:53:37.242 [main] INFO  c.o.v.MutatingRemoveAllMarketDataOrdersVisitor - [ORDERBOOK] Removing level:123
22:53:37.242 [main] INFO  c.o.v.MutatingRemoveAllMarketDataOrdersVisitor - [ORDERBOOK] Removing market data order:MktData(price=144,quantity=645)
22:53:37.242 [main] INFO  c.o.v.MutatingRemoveAllMarketDataOrdersVisitor - [ORDERBOOK] Removing level:144
22:53:37.242 [main] INFO  c.o.v.MutatingRemoveAllMarketDataOrdersVisitor - [ORDERBOOK] Removing market data order:MktData(price=167,quantity=665)
22:53:37.242 [main] INFO  c.o.v.MutatingRemoveAllMarketDataOrdersVisitor - [ORDERBOOK] Removing level:167
22:53:37.242 [main] DEBUG c.orderbook.OrderBook - [ORDERBOOK] ASK: Adding orderMktData(price=98,quantity=501)
22:53:37.242 [main] DEBUG c.orderbook.OrderBook - [ORDERBOOK] ASK: Adding orderMktData(price=101,quantity=200)
22:53:37.242 [main] DEBUG c.orderbook.OrderBook - [ORDERBOOK] ASK: Adding orderMktData(price=110,quantity=5000)
22:53:37.242 [main] DEBUG c.orderbook.OrderBook - [ORDERBOOK] ASK: Adding orderMktData(price=119,quantity=5600)
22:53:37.242 [main] DEBUG c.orderbook.OrderBook - [ORDERBOOK] ASK: Adding orderMktData(price=123,quantity=453)
22:53:37.242 [main] DEBUG c.orderbook.OrderBook - [ORDERBOOK] ASK: Adding orderMktData(price=144,quantity=645)
22:53:37.242 [main] DEBUG c.orderbook.OrderBook - [ORDERBOOK] ASK: Adding orderMktData(price=167,quantity=665)
22:53:37.242 [main] DEBUG c.service.MarketDataService - [ALGO] BID: price:43 quantity:134
22:53:37.242 [main] DEBUG c.service.MarketDataService - [ALGO] BID: price:76 quantity:145
22:53:37.242 [main] DEBUG c.service.MarketDataService - [ALGO] BID: price:91 quantity:300
22:53:37.242 [main] DEBUG c.service.MarketDataService - [ALGO] BID: price:93 quantity:200
22:53:37.242 [main] DEBUG c.service.MarketDataService - [ALGO] BID: price:95 quantity:100
22:53:37.242 [main] DEBUG c.service.MarketDataService - [ALGO] BID: price:98 quantity:154
22:53:37.242 [main] DEBUG c.service.MarketDataService - [ALGO] ASK: price:98 quantity:501
22:53:37.242 [main] DEBUG c.service.MarketDataService - [ALGO] ASK: price:101 quantity:200
22:53:37.242 [main] DEBUG c.service.MarketDataService - [ALGO] ASK: price:110 quantity:5000
22:53:37.242 [main] DEBUG c.service.MarketDataService - [ALGO] ASK: price:119 quantity:5600
22:53:37.242 [main] DEBUG c.service.MarketDataService - [ALGO] ASK: price:123 quantity:453
22:53:37.242 [main] DEBUG c.service.MarketDataService - [ALGO] ASK: price:144 quantity:645
22:53:37.242 [main] DEBUG c.service.MarketDataService - [ALGO] ASK: price:167 quantity:665
22:53:37.242 [main] INFO  c.gettingstarted.MyAlgoLogic - [MYALGO] The state of the order book is:
|----BID-----||----ASK----|
    134 @ 43    501 @ 98
    145 @ 76   200 @ 101
    300 @ 91  5000 @ 110
    200 @ 93  5600 @ 119
    100 @ 95   453 @ 123
    154 @ 98   645 @ 144
          -    665 @ 167
|------------||-----------|

22:53:37.242 [main] INFO  c.gettingstarted.MyAlgoLogic - [MYALGO] Algo Sees Book as: 
|----BID-----||----ASK----|
    134 @ 43    501 @ 98
    145 @ 76   200 @ 101
    300 @ 91  5000 @ 110
    200 @ 93  5600 @ 119
    100 @ 95   453 @ 123
    154 @ 98   645 @ 144
          -    665 @ 167
|------------||-----------|

22:53:37.242 [main] INFO  c.gettingstarted.TimedLogic - [TIMEDLOGIC] Market is closed
22:53:37.242 [main] INFO  c.sequencer.consumer.LoggingConsumer - [170] 
|----BID-----|
    134 @ 43
    145 @ 76
    300 @ 91
    200 @ 93
    100 @ 95
    154 @ 98
|----ASK-----|
    501 @ 98
   200 @ 101
  5000 @ 110
  5600 @ 119
   453 @ 123
   645 @ 144
   665 @ 167

22:53:37.242 [main] INFO  c.orderbook.OrderBook - [ORDERBOOK] Processing Mkt Data Update
22:53:37.242 [main] INFO  c.o.v.MutatingRemoveAllMarketDataOrdersVisitor - [ORDERBOOK] Removing market data order:MktData(price=43,quantity=134)
22:53:37.242 [main] INFO  c.o.v.MutatingRemoveAllMarketDataOrdersVisitor - [ORDERBOOK] Removing level:43
22:53:37.242 [main] DEBUG c.orderbook.OrderBook - [ORDERBOOK] ASK: Adding orderMktData(price=43,quantity=134)
22:53:37.243 [main] DEBUG c.orderbook.OrderBook - [ORDERBOOK] ASK: Adding orderMktData(price=76,quantity=145)
22:53:37.243 [main] DEBUG c.orderbook.OrderBook - [ORDERBOOK] ASK: Adding orderMktData(price=91,quantity=300)
22:53:37.243 [main] DEBUG c.orderbook.OrderBook - [ORDERBOOK] ASK: Adding orderMktData(price=93,quantity=200)
22:53:37.243 [main] DEBUG c.orderbook.OrderBook - [ORDERBOOK] ASK: Adding orderMktData(price=95,quantity=100)
22:53:37.243 [main] DEBUG c.orderbook.OrderBook - [ORDERBOOK] ASK: Adding orderMktData(price=98,quantity=154)
22:53:37.243 [main] INFO  c.o.v.MutatingMatchOneMarketDataOrderVisitor - [ORDERBOOK] visiting LevelOrderBookLevel(price=43,quantity=134)
22:53:37.243 [main] INFO  c.o.v.MutatingMatchOneMarketDataOrderVisitor - [ORDERBOOK] Can't match order:MktData(price=43,quantity=134)(MktData(price=98,quantity=154))
22:53:37.243 [main] INFO  c.o.v.MutatingRemoveAllMarketDataOrdersVisitor - [ORDERBOOK] Removing market data order:MktData(price=98,quantity=501)
22:53:37.243 [main] INFO  c.o.v.MutatingRemoveAllMarketDataOrdersVisitor - [ORDERBOOK] Removing level:98
22:53:37.243 [main] INFO  c.o.v.MutatingRemoveAllMarketDataOrdersVisitor - [ORDERBOOK] Removing market data order:MktData(price=101,quantity=200)
22:53:37.243 [main] INFO  c.o.v.MutatingRemoveAllMarketDataOrdersVisitor - [ORDERBOOK] Removing level:101
22:53:37.243 [main] INFO  c.o.v.MutatingRemoveAllMarketDataOrdersVisitor - [ORDERBOOK] Removing market data order:MktData(price=110,quantity=5000)
22:53:37.243 [main] INFO  c.o.v.MutatingRemoveAllMarketDataOrdersVisitor - [ORDERBOOK] Removing level:110
22:53:37.243 [main] INFO  c.o.v.MutatingRemoveAllMarketDataOrdersVisitor - [ORDERBOOK] Removing market data order:MktData(price=119,quantity=5600)
22:53:37.243 [main] INFO  c.o.v.MutatingRemoveAllMarketDataOrdersVisitor - [ORDERBOOK] Removing level:119
22:53:37.243 [main] INFO  c.o.v.MutatingRemoveAllMarketDataOrdersVisitor - [ORDERBOOK] Removing market data order:MktData(price=123,quantity=453)
22:53:37.243 [main] INFO  c.o.v.MutatingRemoveAllMarketDataOrdersVisitor - [ORDERBOOK] Removing level:123
22:53:37.243 [main] INFO  c.o.v.MutatingRemoveAllMarketDataOrdersVisitor - [ORDERBOOK] Removing market data order:MktData(price=144,quantity=645)
22:53:37.243 [main] INFO  c.o.v.MutatingRemoveAllMarketDataOrdersVisitor - [ORDERBOOK] Removing level:144
22:53:37.243 [main] INFO  c.o.v.MutatingRemoveAllMarketDataOrdersVisitor - [ORDERBOOK] Removing market data order:MktData(price=167,quantity=665)
22:53:37.243 [main] INFO  c.o.v.MutatingRemoveAllMarketDataOrdersVisitor - [ORDERBOOK] Removing level:167
22:53:37.243 [main] DEBUG c.orderbook.OrderBook - [ORDERBOOK] ASK: Adding orderMktData(price=98,quantity=501)
22:53:37.243 [main] DEBUG c.orderbook.OrderBook - [ORDERBOOK] ASK: Adding orderMktData(price=101,quantity=200)
22:53:37.243 [main] DEBUG c.orderbook.OrderBook - [ORDERBOOK] ASK: Adding orderMktData(price=110,quantity=5000)
22:53:37.243 [main] DEBUG c.orderbook.OrderBook - [ORDERBOOK] ASK: Adding orderMktData(price=119,quantity=5600)
22:53:37.243 [main] DEBUG c.orderbook.OrderBook - [ORDERBOOK] ASK: Adding orderMktData(price=123,quantity=453)
22:53:37.243 [main] DEBUG c.orderbook.OrderBook - [ORDERBOOK] ASK: Adding orderMktData(price=144,quantity=645)
22:53:37.243 [main] DEBUG c.orderbook.OrderBook - [ORDERBOOK] ASK: Adding orderMktData(price=167,quantity=665)
22:53:37.243 [main] DEBUG c.service.MarketDataService - [ALGO] BID: price:43 quantity:134
22:53:37.243 [main] DEBUG c.service.MarketDataService - [ALGO] BID: price:76 quantity:145
22:53:37.243 [main] DEBUG c.service.MarketDataService - [ALGO] BID: price:91 quantity:300
22:53:37.243 [main] DEBUG c.service.MarketDataService - [ALGO] BID: price:93 quantity:200
22:53:37.243 [main] DEBUG c.service.MarketDataService - [ALGO] BID: price:95 quantity:100
22:53:37.243 [main] DEBUG c.service.MarketDataService - [ALGO] BID: price:98 quantity:154
22:53:37.243 [main] DEBUG c.service.MarketDataService - [ALGO] ASK: price:98 quantity:501
22:53:37.243 [main] DEBUG c.service.MarketDataService - [ALGO] ASK: price:101 quantity:200
22:53:37.243 [main] DEBUG c.service.MarketDataService - [ALGO] ASK: price:110 quantity:5000
22:53:37.243 [main] DEBUG c.service.MarketDataService - [ALGO] ASK: price:119 quantity:5600
22:53:37.243 [main] DEBUG c.service.MarketDataService - [ALGO] ASK: price:123 quantity:453
22:53:37.243 [main] DEBUG c.service.MarketDataService - [ALGO] ASK: price:144 quantity:645
22:53:37.243 [main] DEBUG c.service.MarketDataService - [ALGO] ASK: price:167 quantity:665
22:53:37.243 [main] INFO  c.gettingstarted.MyAlgoLogic - [MYALGO] The state of the order book is:
|----BID-----||----ASK----|
    134 @ 43    501 @ 98
    145 @ 76   200 @ 101
    300 @ 91  5000 @ 110
    200 @ 93  5600 @ 119
    100 @ 95   453 @ 123
    154 @ 98   645 @ 144
          -    665 @ 167
|------------||-----------|

22:53:37.243 [main] INFO  c.gettingstarted.MyAlgoLogic - [MYALGO] Algo Sees Book as: 
|----BID-----||----ASK----|
    134 @ 43    501 @ 98
    145 @ 76   200 @ 101
    300 @ 91  5000 @ 110
    200 @ 93  5600 @ 119
    100 @ 95   453 @ 123
    154 @ 98   645 @ 144
          -    665 @ 167
|------------||-----------|

22:53:37.243 [main] INFO  c.gettingstarted.TimedLogic - [TIMEDLOGIC] Market is closed
22:53:37.243 [main] INFO  c.sequencer.consumer.LoggingConsumer - [171] 
|----BID-----|
    134 @ 43
    145 @ 76
    300 @ 91
    200 @ 93
    100 @ 95
    154 @ 98
|----ASK-----|
    501 @ 98
   200 @ 101
  5000 @ 110
  5600 @ 119
   453 @ 123
   645 @ 144
   665 @ 167

22:53:37.243 [main] INFO  c.orderbook.OrderBook - [ORDERBOOK] Processing Mkt Data Update
22:53:37.243 [main] INFO  c.o.v.MutatingRemoveAllMarketDataOrdersVisitor - [ORDERBOOK] Removing market data order:MktData(price=43,quantity=134)
22:53:37.243 [main] INFO  c.o.v.MutatingRemoveAllMarketDataOrdersVisitor - [ORDERBOOK] Removing level:43
22:53:37.243 [main] DEBUG c.orderbook.OrderBook - [ORDERBOOK] ASK: Adding orderMktData(price=43,quantity=134)
22:53:37.243 [main] DEBUG c.orderbook.OrderBook - [ORDERBOOK] ASK: Adding orderMktData(price=76,quantity=145)
22:53:37.243 [main] DEBUG c.orderbook.OrderBook - [ORDERBOOK] ASK: Adding orderMktData(price=91,quantity=300)
22:53:37.243 [main] DEBUG c.orderbook.OrderBook - [ORDERBOOK] ASK: Adding orderMktData(price=93,quantity=200)
22:53:37.243 [main] DEBUG c.orderbook.OrderBook - [ORDERBOOK] ASK: Adding orderMktData(price=95,quantity=100)
22:53:37.243 [main] DEBUG c.orderbook.OrderBook - [ORDERBOOK] ASK: Adding orderMktData(price=98,quantity=154)
22:53:37.243 [main] INFO  c.o.v.MutatingMatchOneMarketDataOrderVisitor - [ORDERBOOK] visiting LevelOrderBookLevel(price=43,quantity=134)
22:53:37.243 [main] INFO  c.o.v.MutatingMatchOneMarketDataOrderVisitor - [ORDERBOOK] Can't match order:MktData(price=43,quantity=134)(MktData(price=98,quantity=154))
22:53:37.243 [main] INFO  c.o.v.MutatingRemoveAllMarketDataOrdersVisitor - [ORDERBOOK] Removing market data order:MktData(price=98,quantity=501)
22:53:37.243 [main] INFO  c.o.v.MutatingRemoveAllMarketDataOrdersVisitor - [ORDERBOOK] Removing level:98
22:53:37.243 [main] INFO  c.o.v.MutatingRemoveAllMarketDataOrdersVisitor - [ORDERBOOK] Removing market data order:MktData(price=101,quantity=200)
22:53:37.243 [main] INFO  c.o.v.MutatingRemoveAllMarketDataOrdersVisitor - [ORDERBOOK] Removing level:101
22:53:37.243 [main] INFO  c.o.v.MutatingRemoveAllMarketDataOrdersVisitor - [ORDERBOOK] Removing market data order:MktData(price=110,quantity=5000)
22:53:37.243 [main] INFO  c.o.v.MutatingRemoveAllMarketDataOrdersVisitor - [ORDERBOOK] Removing level:110
22:53:37.243 [main] INFO  c.o.v.MutatingRemoveAllMarketDataOrdersVisitor - [ORDERBOOK] Removing market data order:MktData(price=119,quantity=5600)
22:53:37.243 [main] INFO  c.o.v.MutatingRemoveAllMarketDataOrdersVisitor - [ORDERBOOK] Removing level:119
22:53:37.243 [main] INFO  c.o.v.MutatingRemoveAllMarketDataOrdersVisitor - [ORDERBOOK] Removing market data order:MktData(price=123,quantity=453)
22:53:37.243 [main] INFO  c.o.v.MutatingRemoveAllMarketDataOrdersVisitor - [ORDERBOOK] Removing level:123
22:53:37.243 [main] INFO  c.o.v.MutatingRemoveAllMarketDataOrdersVisitor - [ORDERBOOK] Removing market data order:MktData(price=144,quantity=645)
22:53:37.243 [main] INFO  c.o.v.MutatingRemoveAllMarketDataOrdersVisitor - [ORDERBOOK] Removing level:144
22:53:37.243 [main] INFO  c.o.v.MutatingRemoveAllMarketDataOrdersVisitor - [ORDERBOOK] Removing market data order:MktData(price=167,quantity=665)
22:53:37.243 [main] INFO  c.o.v.MutatingRemoveAllMarketDataOrdersVisitor - [ORDERBOOK] Removing level:167
22:53:37.243 [main] DEBUG c.orderbook.OrderBook - [ORDERBOOK] ASK: Adding orderMktData(price=98,quantity=501)
22:53:37.243 [main] DEBUG c.orderbook.OrderBook - [ORDERBOOK] ASK: Adding orderMktData(price=101,quantity=200)
22:53:37.243 [main] DEBUG c.orderbook.OrderBook - [ORDERBOOK] ASK: Adding orderMktData(price=110,quantity=5000)
22:53:37.243 [main] DEBUG c.orderbook.OrderBook - [ORDERBOOK] ASK: Adding orderMktData(price=119,quantity=5600)
22:53:37.243 [main] DEBUG c.orderbook.OrderBook - [ORDERBOOK] ASK: Adding orderMktData(price=123,quantity=453)
22:53:37.243 [main] DEBUG c.orderbook.OrderBook - [ORDERBOOK] ASK: Adding orderMktData(price=144,quantity=645)
22:53:37.243 [main] DEBUG c.orderbook.OrderBook - [ORDERBOOK] ASK: Adding orderMktData(price=167,quantity=665)
22:53:37.243 [main] DEBUG c.service.MarketDataService - [ALGO] BID: price:43 quantity:134
22:53:37.243 [main] DEBUG c.service.MarketDataService - [ALGO] BID: price:76 quantity:145
22:53:37.243 [main] DEBUG c.service.MarketDataService - [ALGO] BID: price:91 quantity:300
22:53:37.243 [main] DEBUG c.service.MarketDataService - [ALGO] BID: price:93 quantity:200
22:53:37.243 [main] DEBUG c.service.MarketDataService - [ALGO] BID: price:95 quantity:100
22:53:37.243 [main] DEBUG c.service.MarketDataService - [ALGO] BID: price:98 quantity:154
22:53:37.243 [main] DEBUG c.service.MarketDataService - [ALGO] ASK: price:98 quantity:501
22:53:37.243 [main] DEBUG c.service.MarketDataService - [ALGO] ASK: price:101 quantity:200
22:53:37.243 [main] DEBUG c.service.MarketDataService - [ALGO] ASK: price:110 quantity:5000
22:53:37.243 [main] DEBUG c.service.MarketDataService - [ALGO] ASK: price:119 quantity:5600
22:53:37.243 [main] DEBUG c.service.MarketDataService - [ALGO] ASK: price:123 quantity:453
22:53:37.243 [main] DEBUG c.service.MarketDataService - [ALGO] ASK: price:144 quantity:645
22:53:37.243 [main] DEBUG c.service.MarketDataService - [ALGO] ASK: price:167 quantity:665
22:53:37.243 [main] INFO  c.gettingstarted.MyAlgoLogic - [MYALGO] The state of the order book is:
|----BID-----||----ASK----|
    134 @ 43    501 @ 98
    145 @ 76   200 @ 101
    300 @ 91  5000 @ 110
    200 @ 93  5600 @ 119
    100 @ 95   453 @ 123
    154 @ 98   645 @ 144
          -    665 @ 167
|------------||-----------|

22:53:37.244 [main] INFO  c.gettingstarted.MyAlgoLogic - [MYALGO] Algo Sees Book as: 
|----BID-----||----ASK----|
    134 @ 43    501 @ 98
    145 @ 76   200 @ 101
    300 @ 91  5000 @ 110
    200 @ 93  5600 @ 119
    100 @ 95   453 @ 123
    154 @ 98   645 @ 144
          -    665 @ 167
|------------||-----------|

22:53:37.244 [main] INFO  c.gettingstarted.TimedLogic - [TIMEDLOGIC] Market is closed
22:53:37.244 [main] INFO  c.sequencer.consumer.LoggingConsumer - [172] 
|----BID-----|
    134 @ 43
    145 @ 76
    300 @ 91
    200 @ 93
    100 @ 95
    154 @ 98
|----ASK-----|
    501 @ 98
   200 @ 101
  5000 @ 110
  5600 @ 119
   453 @ 123
   645 @ 144
   665 @ 167

22:53:37.244 [main] INFO  c.orderbook.OrderBook - [ORDERBOOK] Processing Mkt Data Update
22:53:37.244 [main] INFO  c.o.v.MutatingRemoveAllMarketDataOrdersVisitor - [ORDERBOOK] Removing market data order:MktData(price=43,quantity=134)
22:53:37.244 [main] INFO  c.o.v.MutatingRemoveAllMarketDataOrdersVisitor - [ORDERBOOK] Removing level:43
22:53:37.244 [main] DEBUG c.orderbook.OrderBook - [ORDERBOOK] ASK: Adding orderMktData(price=43,quantity=134)
22:53:37.244 [main] DEBUG c.orderbook.OrderBook - [ORDERBOOK] ASK: Adding orderMktData(price=76,quantity=145)
22:53:37.244 [main] DEBUG c.orderbook.OrderBook - [ORDERBOOK] ASK: Adding orderMktData(price=91,quantity=300)
22:53:37.244 [main] DEBUG c.orderbook.OrderBook - [ORDERBOOK] ASK: Adding orderMktData(price=93,quantity=200)
22:53:37.244 [main] DEBUG c.orderbook.OrderBook - [ORDERBOOK] ASK: Adding orderMktData(price=95,quantity=100)
22:53:37.244 [main] DEBUG c.orderbook.OrderBook - [ORDERBOOK] ASK: Adding orderMktData(price=98,quantity=154)
22:53:37.244 [main] INFO  c.o.v.MutatingMatchOneMarketDataOrderVisitor - [ORDERBOOK] visiting LevelOrderBookLevel(price=43,quantity=134)
22:53:37.244 [main] INFO  c.o.v.MutatingMatchOneMarketDataOrderVisitor - [ORDERBOOK] Can't match order:MktData(price=43,quantity=134)(MktData(price=98,quantity=154))
22:53:37.244 [main] INFO  c.o.v.MutatingRemoveAllMarketDataOrdersVisitor - [ORDERBOOK] Removing market data order:MktData(price=98,quantity=501)
22:53:37.244 [main] INFO  c.o.v.MutatingRemoveAllMarketDataOrdersVisitor - [ORDERBOOK] Removing level:98
22:53:37.244 [main] INFO  c.o.v.MutatingRemoveAllMarketDataOrdersVisitor - [ORDERBOOK] Removing market data order:MktData(price=101,quantity=200)
22:53:37.244 [main] INFO  c.o.v.MutatingRemoveAllMarketDataOrdersVisitor - [ORDERBOOK] Removing level:101
22:53:37.244 [main] INFO  c.o.v.MutatingRemoveAllMarketDataOrdersVisitor - [ORDERBOOK] Removing market data order:MktData(price=110,quantity=5000)
22:53:37.244 [main] INFO  c.o.v.MutatingRemoveAllMarketDataOrdersVisitor - [ORDERBOOK] Removing level:110
22:53:37.244 [main] INFO  c.o.v.MutatingRemoveAllMarketDataOrdersVisitor - [ORDERBOOK] Removing market data order:MktData(price=119,quantity=5600)
22:53:37.244 [main] INFO  c.o.v.MutatingRemoveAllMarketDataOrdersVisitor - [ORDERBOOK] Removing level:119
22:53:37.244 [main] INFO  c.o.v.MutatingRemoveAllMarketDataOrdersVisitor - [ORDERBOOK] Removing market data order:MktData(price=123,quantity=453)
22:53:37.244 [main] INFO  c.o.v.MutatingRemoveAllMarketDataOrdersVisitor - [ORDERBOOK] Removing level:123
22:53:37.244 [main] INFO  c.o.v.MutatingRemoveAllMarketDataOrdersVisitor - [ORDERBOOK] Removing market data order:MktData(price=144,quantity=645)
22:53:37.244 [main] INFO  c.o.v.MutatingRemoveAllMarketDataOrdersVisitor - [ORDERBOOK] Removing level:144
22:53:37.244 [main] INFO  c.o.v.MutatingRemoveAllMarketDataOrdersVisitor - [ORDERBOOK] Removing market data order:MktData(price=167,quantity=665)
22:53:37.244 [main] INFO  c.o.v.MutatingRemoveAllMarketDataOrdersVisitor - [ORDERBOOK] Removing level:167
22:53:37.244 [main] DEBUG c.orderbook.OrderBook - [ORDERBOOK] ASK: Adding orderMktData(price=98,quantity=501)
22:53:37.244 [main] DEBUG c.orderbook.OrderBook - [ORDERBOOK] ASK: Adding orderMktData(price=101,quantity=200)
22:53:37.244 [main] DEBUG c.orderbook.OrderBook - [ORDERBOOK] ASK: Adding orderMktData(price=110,quantity=5000)
22:53:37.244 [main] DEBUG c.orderbook.OrderBook - [ORDERBOOK] ASK: Adding orderMktData(price=119,quantity=5600)
22:53:37.244 [main] DEBUG c.orderbook.OrderBook - [ORDERBOOK] ASK: Adding orderMktData(price=123,quantity=453)
22:53:37.244 [main] DEBUG c.orderbook.OrderBook - [ORDERBOOK] ASK: Adding orderMktData(price=144,quantity=645)
22:53:37.244 [main] DEBUG c.orderbook.OrderBook - [ORDERBOOK] ASK: Adding orderMktData(price=167,quantity=665)
22:53:37.244 [main] DEBUG c.service.MarketDataService - [ALGO] BID: price:43 quantity:134
22:53:37.244 [main] DEBUG c.service.MarketDataService - [ALGO] BID: price:76 quantity:145
22:53:37.244 [main] DEBUG c.service.MarketDataService - [ALGO] BID: price:91 quantity:300
22:53:37.244 [main] DEBUG c.service.MarketDataService - [ALGO] BID: price:93 quantity:200
22:53:37.244 [main] DEBUG c.service.MarketDataService - [ALGO] BID: price:95 quantity:100
22:53:37.244 [main] DEBUG c.service.MarketDataService - [ALGO] BID: price:98 quantity:154
22:53:37.244 [main] DEBUG c.service.MarketDataService - [ALGO] ASK: price:98 quantity:501
22:53:37.244 [main] DEBUG c.service.MarketDataService - [ALGO] ASK: price:101 quantity:200
22:53:37.244 [main] DEBUG c.service.MarketDataService - [ALGO] ASK: price:110 quantity:5000
22:53:37.244 [main] DEBUG c.service.MarketDataService - [ALGO] ASK: price:119 quantity:5600
22:53:37.244 [main] DEBUG c.service.MarketDataService - [ALGO] ASK: price:123 quantity:453
22:53:37.244 [main] DEBUG c.service.MarketDataService - [ALGO] ASK: price:144 quantity:645
22:53:37.244 [main] DEBUG c.service.MarketDataService - [ALGO] ASK: price:167 quantity:665
22:53:37.244 [main] INFO  c.gettingstarted.MyAlgoLogic - [MYALGO] The state of the order book is:
|----BID-----||----ASK----|
    134 @ 43    501 @ 98
    145 @ 76   200 @ 101
    300 @ 91  5000 @ 110
    200 @ 93  5600 @ 119
    100 @ 95   453 @ 123
    154 @ 98   645 @ 144
          -    665 @ 167
|------------||-----------|

22:53:37.244 [main] INFO  c.gettingstarted.MyAlgoLogic - [MYALGO] Algo Sees Book as: 
|----BID-----||----ASK----|
    134 @ 43    501 @ 98
    145 @ 76   200 @ 101
    300 @ 91  5000 @ 110
    200 @ 93  5600 @ 119
    100 @ 95   453 @ 123
    154 @ 98   645 @ 144
          -    665 @ 167
|------------||-----------|

22:53:37.244 [main] INFO  c.gettingstarted.TimedLogic - [TIMEDLOGIC] Market is closed
22:53:37.244 [main] INFO  c.sequencer.consumer.LoggingConsumer - [173] 
|----BID-----|
    134 @ 43
    145 @ 76
    300 @ 91
    200 @ 93
    100 @ 95
    154 @ 98
|----ASK-----|
    501 @ 98
   200 @ 101
  5000 @ 110
  5600 @ 119
   453 @ 123
   645 @ 144
   665 @ 167

22:53:37.244 [main] INFO  c.orderbook.OrderBook - [ORDERBOOK] Processing Mkt Data Update
22:53:37.244 [main] INFO  c.o.v.MutatingRemoveAllMarketDataOrdersVisitor - [ORDERBOOK] Removing market data order:MktData(price=43,quantity=134)
22:53:37.244 [main] INFO  c.o.v.MutatingRemoveAllMarketDataOrdersVisitor - [ORDERBOOK] Removing level:43
22:53:37.244 [main] DEBUG c.orderbook.OrderBook - [ORDERBOOK] ASK: Adding orderMktData(price=43,quantity=134)
22:53:37.244 [main] DEBUG c.orderbook.OrderBook - [ORDERBOOK] ASK: Adding orderMktData(price=76,quantity=145)
22:53:37.244 [main] DEBUG c.orderbook.OrderBook - [ORDERBOOK] ASK: Adding orderMktData(price=91,quantity=300)
22:53:37.244 [main] DEBUG c.orderbook.OrderBook - [ORDERBOOK] ASK: Adding orderMktData(price=93,quantity=200)
22:53:37.244 [main] DEBUG c.orderbook.OrderBook - [ORDERBOOK] ASK: Adding orderMktData(price=95,quantity=100)
22:53:37.244 [main] DEBUG c.orderbook.OrderBook - [ORDERBOOK] ASK: Adding orderMktData(price=98,quantity=154)
22:53:37.244 [main] INFO  c.o.v.MutatingMatchOneMarketDataOrderVisitor - [ORDERBOOK] visiting LevelOrderBookLevel(price=43,quantity=134)
22:53:37.244 [main] INFO  c.o.v.MutatingMatchOneMarketDataOrderVisitor - [ORDERBOOK] Can't match order:MktData(price=43,quantity=134)(MktData(price=98,quantity=154))
22:53:37.245 [main] INFO  c.o.v.MutatingRemoveAllMarketDataOrdersVisitor - [ORDERBOOK] Removing market data order:MktData(price=98,quantity=501)
22:53:37.245 [main] INFO  c.o.v.MutatingRemoveAllMarketDataOrdersVisitor - [ORDERBOOK] Removing level:98
22:53:37.245 [main] INFO  c.o.v.MutatingRemoveAllMarketDataOrdersVisitor - [ORDERBOOK] Removing market data order:MktData(price=101,quantity=200)
22:53:37.245 [main] INFO  c.o.v.MutatingRemoveAllMarketDataOrdersVisitor - [ORDERBOOK] Removing level:101
22:53:37.245 [main] INFO  c.o.v.MutatingRemoveAllMarketDataOrdersVisitor - [ORDERBOOK] Removing market data order:MktData(price=110,quantity=5000)
22:53:37.245 [main] INFO  c.o.v.MutatingRemoveAllMarketDataOrdersVisitor - [ORDERBOOK] Removing level:110
22:53:37.245 [main] INFO  c.o.v.MutatingRemoveAllMarketDataOrdersVisitor - [ORDERBOOK] Removing market data order:MktData(price=119,quantity=5600)
22:53:37.245 [main] INFO  c.o.v.MutatingRemoveAllMarketDataOrdersVisitor - [ORDERBOOK] Removing level:119
22:53:37.245 [main] INFO  c.o.v.MutatingRemoveAllMarketDataOrdersVisitor - [ORDERBOOK] Removing market data order:MktData(price=123,quantity=453)
22:53:37.245 [main] INFO  c.o.v.MutatingRemoveAllMarketDataOrdersVisitor - [ORDERBOOK] Removing level:123
22:53:37.245 [main] INFO  c.o.v.MutatingRemoveAllMarketDataOrdersVisitor - [ORDERBOOK] Removing market data order:MktData(price=144,quantity=645)
22:53:37.245 [main] INFO  c.o.v.MutatingRemoveAllMarketDataOrdersVisitor - [ORDERBOOK] Removing level:144
22:53:37.245 [main] INFO  c.o.v.MutatingRemoveAllMarketDataOrdersVisitor - [ORDERBOOK] Removing market data order:MktData(price=167,quantity=665)
22:53:37.245 [main] INFO  c.o.v.MutatingRemoveAllMarketDataOrdersVisitor - [ORDERBOOK] Removing level:167
22:53:37.245 [main] DEBUG c.orderbook.OrderBook - [ORDERBOOK] ASK: Adding orderMktData(price=98,quantity=501)
22:53:37.245 [main] DEBUG c.orderbook.OrderBook - [ORDERBOOK] ASK: Adding orderMktData(price=101,quantity=200)
22:53:37.245 [main] DEBUG c.orderbook.OrderBook - [ORDERBOOK] ASK: Adding orderMktData(price=110,quantity=5000)
22:53:37.245 [main] DEBUG c.orderbook.OrderBook - [ORDERBOOK] ASK: Adding orderMktData(price=119,quantity=5600)
22:53:37.245 [main] DEBUG c.orderbook.OrderBook - [ORDERBOOK] ASK: Adding orderMktData(price=123,quantity=453)
22:53:37.245 [main] DEBUG c.orderbook.OrderBook - [ORDERBOOK] ASK: Adding orderMktData(price=144,quantity=645)
22:53:37.245 [main] DEBUG c.orderbook.OrderBook - [ORDERBOOK] ASK: Adding orderMktData(price=167,quantity=665)
22:53:37.245 [main] DEBUG c.service.MarketDataService - [ALGO] BID: price:43 quantity:134
22:53:37.245 [main] DEBUG c.service.MarketDataService - [ALGO] BID: price:76 quantity:145
22:53:37.245 [main] DEBUG c.service.MarketDataService - [ALGO] BID: price:91 quantity:300
22:53:37.245 [main] DEBUG c.service.MarketDataService - [ALGO] BID: price:93 quantity:200
22:53:37.245 [main] DEBUG c.service.MarketDataService - [ALGO] BID: price:95 quantity:100
22:53:37.245 [main] DEBUG c.service.MarketDataService - [ALGO] BID: price:98 quantity:154
22:53:37.245 [main] DEBUG c.service.MarketDataService - [ALGO] ASK: price:98 quantity:501
22:53:37.245 [main] DEBUG c.service.MarketDataService - [ALGO] ASK: price:101 quantity:200
22:53:37.245 [main] DEBUG c.service.MarketDataService - [ALGO] ASK: price:110 quantity:5000
22:53:37.245 [main] DEBUG c.service.MarketDataService - [ALGO] ASK: price:119 quantity:5600
22:53:37.245 [main] DEBUG c.service.MarketDataService - [ALGO] ASK: price:123 quantity:453
22:53:37.245 [main] DEBUG c.service.MarketDataService - [ALGO] ASK: price:144 quantity:645
22:53:37.245 [main] DEBUG c.service.MarketDataService - [ALGO] ASK: price:167 quantity:665
22:53:37.245 [main] INFO  c.gettingstarted.MyAlgoLogic - [MYALGO] The state of the order book is:
|----BID-----||----ASK----|
    134 @ 43    501 @ 98
    145 @ 76   200 @ 101
    300 @ 91  5000 @ 110
    200 @ 93  5600 @ 119
    100 @ 95   453 @ 123
    154 @ 98   645 @ 144
          -    665 @ 167
|------------||-----------|

22:53:37.245 [main] INFO  c.gettingstarted.MyAlgoLogic - [MYALGO] Algo Sees Book as: 
|----BID-----||----ASK----|
    134 @ 43    501 @ 98
    145 @ 76   200 @ 101
    300 @ 91  5000 @ 110
    200 @ 93  5600 @ 119
    100 @ 95   453 @ 123
    154 @ 98   645 @ 144
          -    665 @ 167
|------------||-----------|

22:53:37.245 [main] INFO  c.gettingstarted.TimedLogic - [TIMEDLOGIC] Market is closed
22:53:37.245 [main] INFO  c.sequencer.consumer.LoggingConsumer - [174] 
|----BID-----|
    134 @ 43
    145 @ 76
    300 @ 91
    200 @ 93
    100 @ 95
    154 @ 98
|----ASK-----|
    501 @ 98
   200 @ 101
  5000 @ 110
  5600 @ 119
   453 @ 123
   645 @ 144
   665 @ 167

22:53:37.245 [main] INFO  c.orderbook.OrderBook - [ORDERBOOK] Processing Mkt Data Update
22:53:37.245 [main] INFO  c.o.v.MutatingRemoveAllMarketDataOrdersVisitor - [ORDERBOOK] Removing market data order:MktData(price=43,quantity=134)
22:53:37.245 [main] INFO  c.o.v.MutatingRemoveAllMarketDataOrdersVisitor - [ORDERBOOK] Removing level:43
22:53:37.245 [main] DEBUG c.orderbook.OrderBook - [ORDERBOOK] ASK: Adding orderMktData(price=43,quantity=134)
22:53:37.245 [main] DEBUG c.orderbook.OrderBook - [ORDERBOOK] ASK: Adding orderMktData(price=76,quantity=145)
22:53:37.245 [main] DEBUG c.orderbook.OrderBook - [ORDERBOOK] ASK: Adding orderMktData(price=91,quantity=300)
22:53:37.245 [main] DEBUG c.orderbook.OrderBook - [ORDERBOOK] ASK: Adding orderMktData(price=93,quantity=200)
22:53:37.245 [main] DEBUG c.orderbook.OrderBook - [ORDERBOOK] ASK: Adding orderMktData(price=95,quantity=100)
22:53:37.245 [main] DEBUG c.orderbook.OrderBook - [ORDERBOOK] ASK: Adding orderMktData(price=98,quantity=154)
22:53:37.245 [main] INFO  c.o.v.MutatingMatchOneMarketDataOrderVisitor - [ORDERBOOK] visiting LevelOrderBookLevel(price=43,quantity=134)
22:53:37.245 [main] INFO  c.o.v.MutatingMatchOneMarketDataOrderVisitor - [ORDERBOOK] Can't match order:MktData(price=43,quantity=134)(MktData(price=98,quantity=154))
22:53:37.245 [main] INFO  c.o.v.MutatingRemoveAllMarketDataOrdersVisitor - [ORDERBOOK] Removing market data order:MktData(price=98,quantity=501)
22:53:37.245 [main] INFO  c.o.v.MutatingRemoveAllMarketDataOrdersVisitor - [ORDERBOOK] Removing level:98
22:53:37.245 [main] INFO  c.o.v.MutatingRemoveAllMarketDataOrdersVisitor - [ORDERBOOK] Removing market data order:MktData(price=101,quantity=200)
22:53:37.245 [main] INFO  c.o.v.MutatingRemoveAllMarketDataOrdersVisitor - [ORDERBOOK] Removing level:101
22:53:37.245 [main] INFO  c.o.v.MutatingRemoveAllMarketDataOrdersVisitor - [ORDERBOOK] Removing market data order:MktData(price=110,quantity=5000)
22:53:37.245 [main] INFO  c.o.v.MutatingRemoveAllMarketDataOrdersVisitor - [ORDERBOOK] Removing level:110
22:53:37.245 [main] INFO  c.o.v.MutatingRemoveAllMarketDataOrdersVisitor - [ORDERBOOK] Removing market data order:MktData(price=119,quantity=5600)
22:53:37.245 [main] INFO  c.o.v.MutatingRemoveAllMarketDataOrdersVisitor - [ORDERBOOK] Removing level:119
22:53:37.245 [main] INFO  c.o.v.MutatingRemoveAllMarketDataOrdersVisitor - [ORDERBOOK] Removing market data order:MktData(price=123,quantity=453)
22:53:37.245 [main] INFO  c.o.v.MutatingRemoveAllMarketDataOrdersVisitor - [ORDERBOOK] Removing level:123
22:53:37.245 [main] INFO  c.o.v.MutatingRemoveAllMarketDataOrdersVisitor - [ORDERBOOK] Removing market data order:MktData(price=144,quantity=645)
22:53:37.245 [main] INFO  c.o.v.MutatingRemoveAllMarketDataOrdersVisitor - [ORDERBOOK] Removing level:144
22:53:37.245 [main] INFO  c.o.v.MutatingRemoveAllMarketDataOrdersVisitor - [ORDERBOOK] Removing market data order:MktData(price=167,quantity=665)
22:53:37.245 [main] INFO  c.o.v.MutatingRemoveAllMarketDataOrdersVisitor - [ORDERBOOK] Removing level:167
22:53:37.245 [main] DEBUG c.orderbook.OrderBook - [ORDERBOOK] ASK: Adding orderMktData(price=98,quantity=501)
22:53:37.245 [main] DEBUG c.orderbook.OrderBook - [ORDERBOOK] ASK: Adding orderMktData(price=101,quantity=200)
22:53:37.245 [main] DEBUG c.orderbook.OrderBook - [ORDERBOOK] ASK: Adding orderMktData(price=110,quantity=5000)
22:53:37.245 [main] DEBUG c.orderbook.OrderBook - [ORDERBOOK] ASK: Adding orderMktData(price=119,quantity=5600)
22:53:37.245 [main] DEBUG c.orderbook.OrderBook - [ORDERBOOK] ASK: Adding orderMktData(price=123,quantity=453)
22:53:37.245 [main] DEBUG c.orderbook.OrderBook - [ORDERBOOK] ASK: Adding orderMktData(price=144,quantity=645)
22:53:37.245 [main] DEBUG c.orderbook.OrderBook - [ORDERBOOK] ASK: Adding orderMktData(price=167,quantity=665)
22:53:37.245 [main] DEBUG c.service.MarketDataService - [ALGO] BID: price:43 quantity:134
22:53:37.245 [main] DEBUG c.service.MarketDataService - [ALGO] BID: price:76 quantity:145
22:53:37.245 [main] DEBUG c.service.MarketDataService - [ALGO] BID: price:91 quantity:300
22:53:37.245 [main] DEBUG c.service.MarketDataService - [ALGO] BID: price:93 quantity:200
22:53:37.245 [main] DEBUG c.service.MarketDataService - [ALGO] BID: price:95 quantity:100
22:53:37.245 [main] DEBUG c.service.MarketDataService - [ALGO] BID: price:98 quantity:154
22:53:37.245 [main] DEBUG c.service.MarketDataService - [ALGO] ASK: price:98 quantity:501
22:53:37.245 [main] DEBUG c.service.MarketDataService - [ALGO] ASK: price:101 quantity:200
22:53:37.245 [main] DEBUG c.service.MarketDataService - [ALGO] ASK: price:110 quantity:5000
22:53:37.245 [main] DEBUG c.service.MarketDataService - [ALGO] ASK: price:119 quantity:5600
22:53:37.245 [main] DEBUG c.service.MarketDataService - [ALGO] ASK: price:123 quantity:453
22:53:37.245 [main] DEBUG c.service.MarketDataService - [ALGO] ASK: price:144 quantity:645
22:53:37.245 [main] DEBUG c.service.MarketDataService - [ALGO] ASK: price:167 quantity:665
22:53:37.245 [main] INFO  c.gettingstarted.MyAlgoLogic - [MYALGO] The state of the order book is:
|----BID-----||----ASK----|
    134 @ 43    501 @ 98
    145 @ 76   200 @ 101
    300 @ 91  5000 @ 110
    200 @ 93  5600 @ 119
    100 @ 95   453 @ 123
    154 @ 98   645 @ 144
          -    665 @ 167
|------------||-----------|

22:53:37.245 [main] INFO  c.gettingstarted.MyAlgoLogic - [MYALGO] Algo Sees Book as: 
|----BID-----||----ASK----|
    134 @ 43    501 @ 98
    145 @ 76   200 @ 101
    300 @ 91  5000 @ 110
    200 @ 93  5600 @ 119
    100 @ 95   453 @ 123
    154 @ 98   645 @ 144
          -    665 @ 167
|------------||-----------|

22:53:37.245 [main] INFO  c.gettingstarted.TimedLogic - [TIMEDLOGIC] Market is closed
22:53:37.245 [main] INFO  c.sequencer.consumer.LoggingConsumer - [175] 
|----BID-----|
    134 @ 43
    145 @ 76
    300 @ 91
    200 @ 93
    100 @ 95
    154 @ 98
|----ASK-----|
    501 @ 98
   200 @ 101
  5000 @ 110
  5600 @ 119
   453 @ 123
   645 @ 144
   665 @ 167

22:53:37.245 [main] INFO  c.orderbook.OrderBook - [ORDERBOOK] Processing Mkt Data Update
22:53:37.245 [main] INFO  c.o.v.MutatingRemoveAllMarketDataOrdersVisitor - [ORDERBOOK] Removing market data order:MktData(price=43,quantity=134)
22:53:37.245 [main] INFO  c.o.v.MutatingRemoveAllMarketDataOrdersVisitor - [ORDERBOOK] Removing level:43
22:53:37.245 [main] DEBUG c.orderbook.OrderBook - [ORDERBOOK] ASK: Adding orderMktData(price=43,quantity=134)
22:53:37.245 [main] DEBUG c.orderbook.OrderBook - [ORDERBOOK] ASK: Adding orderMktData(price=76,quantity=145)
22:53:37.245 [main] DEBUG c.orderbook.OrderBook - [ORDERBOOK] ASK: Adding orderMktData(price=91,quantity=300)
22:53:37.245 [main] DEBUG c.orderbook.OrderBook - [ORDERBOOK] ASK: Adding orderMktData(price=93,quantity=200)
22:53:37.245 [main] DEBUG c.orderbook.OrderBook - [ORDERBOOK] ASK: Adding orderMktData(price=95,quantity=100)
22:53:37.245 [main] DEBUG c.orderbook.OrderBook - [ORDERBOOK] ASK: Adding orderMktData(price=98,quantity=154)
22:53:37.245 [main] INFO  c.o.v.MutatingMatchOneMarketDataOrderVisitor - [ORDERBOOK] visiting LevelOrderBookLevel(price=43,quantity=134)
22:53:37.245 [main] INFO  c.o.v.MutatingMatchOneMarketDataOrderVisitor - [ORDERBOOK] Can't match order:MktData(price=43,quantity=134)(MktData(price=98,quantity=154))
22:53:37.245 [main] INFO  c.o.v.MutatingRemoveAllMarketDataOrdersVisitor - [ORDERBOOK] Removing market data order:MktData(price=98,quantity=501)
22:53:37.245 [main] INFO  c.o.v.MutatingRemoveAllMarketDataOrdersVisitor - [ORDERBOOK] Removing level:98
22:53:37.245 [main] INFO  c.o.v.MutatingRemoveAllMarketDataOrdersVisitor - [ORDERBOOK] Removing market data order:MktData(price=101,quantity=200)
22:53:37.245 [main] INFO  c.o.v.MutatingRemoveAllMarketDataOrdersVisitor - [ORDERBOOK] Removing level:101
22:53:37.245 [main] INFO  c.o.v.MutatingRemoveAllMarketDataOrdersVisitor - [ORDERBOOK] Removing market data order:MktData(price=110,quantity=5000)
22:53:37.245 [main] INFO  c.o.v.MutatingRemoveAllMarketDataOrdersVisitor - [ORDERBOOK] Removing level:110
22:53:37.245 [main] INFO  c.o.v.MutatingRemoveAllMarketDataOrdersVisitor - [ORDERBOOK] Removing market data order:MktData(price=119,quantity=5600)
22:53:37.245 [main] INFO  c.o.v.MutatingRemoveAllMarketDataOrdersVisitor - [ORDERBOOK] Removing level:119
22:53:37.245 [main] INFO  c.o.v.MutatingRemoveAllMarketDataOrdersVisitor - [ORDERBOOK] Removing market data order:MktData(price=123,quantity=453)
22:53:37.245 [main] INFO  c.o.v.MutatingRemoveAllMarketDataOrdersVisitor - [ORDERBOOK] Removing level:123
22:53:37.245 [main] INFO  c.o.v.MutatingRemoveAllMarketDataOrdersVisitor - [ORDERBOOK] Removing market data order:MktData(price=144,quantity=645)
22:53:37.245 [main] INFO  c.o.v.MutatingRemoveAllMarketDataOrdersVisitor - [ORDERBOOK] Removing level:144
22:53:37.245 [main] INFO  c.o.v.MutatingRemoveAllMarketDataOrdersVisitor - [ORDERBOOK] Removing market data order:MktData(price=167,quantity=665)
22:53:37.245 [main] INFO  c.o.v.MutatingRemoveAllMarketDataOrdersVisitor - [ORDERBOOK] Removing level:167
22:53:37.245 [main] DEBUG c.orderbook.OrderBook - [ORDERBOOK] ASK: Adding orderMktData(price=98,quantity=501)
22:53:37.245 [main] DEBUG c.orderbook.OrderBook - [ORDERBOOK] ASK: Adding orderMktData(price=101,quantity=200)
22:53:37.245 [main] DEBUG c.orderbook.OrderBook - [ORDERBOOK] ASK: Adding orderMktData(price=110,quantity=5000)
22:53:37.245 [main] DEBUG c.orderbook.OrderBook - [ORDERBOOK] ASK: Adding orderMktData(price=119,quantity=5600)
22:53:37.245 [main] DEBUG c.orderbook.OrderBook - [ORDERBOOK] ASK: Adding orderMktData(price=123,quantity=453)
22:53:37.245 [main] DEBUG c.orderbook.OrderBook - [ORDERBOOK] ASK: Adding orderMktData(price=144,quantity=645)
22:53:37.245 [main] DEBUG c.orderbook.OrderBook - [ORDERBOOK] ASK: Adding orderMktData(price=167,quantity=665)
22:53:37.245 [main] DEBUG c.service.MarketDataService - [ALGO] BID: price:43 quantity:134
22:53:37.245 [main] DEBUG c.service.MarketDataService - [ALGO] BID: price:76 quantity:145
22:53:37.245 [main] DEBUG c.service.MarketDataService - [ALGO] BID: price:91 quantity:300
22:53:37.245 [main] DEBUG c.service.MarketDataService - [ALGO] BID: price:93 quantity:200
22:53:37.245 [main] DEBUG c.service.MarketDataService - [ALGO] BID: price:95 quantity:100
22:53:37.245 [main] DEBUG c.service.MarketDataService - [ALGO] BID: price:98 quantity:154
22:53:37.245 [main] DEBUG c.service.MarketDataService - [ALGO] ASK: price:98 quantity:501
22:53:37.245 [main] DEBUG c.service.MarketDataService - [ALGO] ASK: price:101 quantity:200
22:53:37.245 [main] DEBUG c.service.MarketDataService - [ALGO] ASK: price:110 quantity:5000
22:53:37.245 [main] DEBUG c.service.MarketDataService - [ALGO] ASK: price:119 quantity:5600
22:53:37.245 [main] DEBUG c.service.MarketDataService - [ALGO] ASK: price:123 quantity:453
22:53:37.245 [main] DEBUG c.service.MarketDataService - [ALGO] ASK: price:144 quantity:645
22:53:37.245 [main] DEBUG c.service.MarketDataService - [ALGO] ASK: price:167 quantity:665
22:53:37.245 [main] INFO  c.gettingstarted.MyAlgoLogic - [MYALGO] The state of the order book is:
|----BID-----||----ASK----|
    134 @ 43    501 @ 98
    145 @ 76   200 @ 101
    300 @ 91  5000 @ 110
    200 @ 93  5600 @ 119
    100 @ 95   453 @ 123
    154 @ 98   645 @ 144
          -    665 @ 167
|------------||-----------|

22:53:37.245 [main] INFO  c.gettingstarted.MyAlgoLogic - [MYALGO] Algo Sees Book as: 
|----BID-----||----ASK----|
    134 @ 43    501 @ 98
    145 @ 76   200 @ 101
    300 @ 91  5000 @ 110
    200 @ 93  5600 @ 119
    100 @ 95   453 @ 123
    154 @ 98   645 @ 144
          -    665 @ 167
|------------||-----------|

22:53:37.245 [main] INFO  c.gettingstarted.TimedLogic - [TIMEDLOGIC] Market is closed
22:53:37.245 [main] INFO  c.sequencer.consumer.LoggingConsumer - [176] 
|----BID-----|
    134 @ 43
    145 @ 76
    300 @ 91
    200 @ 93
    100 @ 95
    154 @ 98
|----ASK-----|
    501 @ 98
   200 @ 101
  5000 @ 110
  5600 @ 119
   453 @ 123
   645 @ 144
   665 @ 167

22:53:37.245 [main] INFO  c.orderbook.OrderBook - [ORDERBOOK] Processing Mkt Data Update
22:53:37.245 [main] INFO  c.o.v.MutatingRemoveAllMarketDataOrdersVisitor - [ORDERBOOK] Removing market data order:MktData(price=43,quantity=134)
22:53:37.245 [main] INFO  c.o.v.MutatingRemoveAllMarketDataOrdersVisitor - [ORDERBOOK] Removing level:43
22:53:37.245 [main] DEBUG c.orderbook.OrderBook - [ORDERBOOK] ASK: Adding orderMktData(price=43,quantity=134)
22:53:37.245 [main] DEBUG c.orderbook.OrderBook - [ORDERBOOK] ASK: Adding orderMktData(price=76,quantity=145)
22:53:37.245 [main] DEBUG c.orderbook.OrderBook - [ORDERBOOK] ASK: Adding orderMktData(price=91,quantity=300)
22:53:37.245 [main] DEBUG c.orderbook.OrderBook - [ORDERBOOK] ASK: Adding orderMktData(price=93,quantity=200)
22:53:37.245 [main] DEBUG c.orderbook.OrderBook - [ORDERBOOK] ASK: Adding orderMktData(price=95,quantity=100)
22:53:37.245 [main] DEBUG c.orderbook.OrderBook - [ORDERBOOK] ASK: Adding orderMktData(price=98,quantity=154)
22:53:37.245 [main] INFO  c.o.v.MutatingMatchOneMarketDataOrderVisitor - [ORDERBOOK] visiting LevelOrderBookLevel(price=43,quantity=134)
22:53:37.245 [main] INFO  c.o.v.MutatingMatchOneMarketDataOrderVisitor - [ORDERBOOK] Can't match order:MktData(price=43,quantity=134)(MktData(price=98,quantity=154))
22:53:37.245 [main] INFO  c.o.v.MutatingRemoveAllMarketDataOrdersVisitor - [ORDERBOOK] Removing market data order:MktData(price=98,quantity=501)
22:53:37.245 [main] INFO  c.o.v.MutatingRemoveAllMarketDataOrdersVisitor - [ORDERBOOK] Removing level:98
22:53:37.245 [main] INFO  c.o.v.MutatingRemoveAllMarketDataOrdersVisitor - [ORDERBOOK] Removing market data order:MktData(price=101,quantity=200)
22:53:37.245 [main] INFO  c.o.v.MutatingRemoveAllMarketDataOrdersVisitor - [ORDERBOOK] Removing level:101
22:53:37.245 [main] INFO  c.o.v.MutatingRemoveAllMarketDataOrdersVisitor - [ORDERBOOK] Removing market data order:MktData(price=110,quantity=5000)
22:53:37.245 [main] INFO  c.o.v.MutatingRemoveAllMarketDataOrdersVisitor - [ORDERBOOK] Removing level:110
22:53:37.245 [main] INFO  c.o.v.MutatingRemoveAllMarketDataOrdersVisitor - [ORDERBOOK] Removing market data order:MktData(price=119,quantity=5600)
22:53:37.245 [main] INFO  c.o.v.MutatingRemoveAllMarketDataOrdersVisitor - [ORDERBOOK] Removing level:119
22:53:37.245 [main] INFO  c.o.v.MutatingRemoveAllMarketDataOrdersVisitor - [ORDERBOOK] Removing market data order:MktData(price=123,quantity=453)
22:53:37.245 [main] INFO  c.o.v.MutatingRemoveAllMarketDataOrdersVisitor - [ORDERBOOK] Removing level:123
22:53:37.245 [main] INFO  c.o.v.MutatingRemoveAllMarketDataOrdersVisitor - [ORDERBOOK] Removing market data order:MktData(price=144,quantity=645)
22:53:37.245 [main] INFO  c.o.v.MutatingRemoveAllMarketDataOrdersVisitor - [ORDERBOOK] Removing level:144
22:53:37.245 [main] INFO  c.o.v.MutatingRemoveAllMarketDataOrdersVisitor - [ORDERBOOK] Removing market data order:MktData(price=167,quantity=665)
22:53:37.245 [main] INFO  c.o.v.MutatingRemoveAllMarketDataOrdersVisitor - [ORDERBOOK] Removing level:167
22:53:37.245 [main] DEBUG c.orderbook.OrderBook - [ORDERBOOK] ASK: Adding orderMktData(price=98,quantity=501)
22:53:37.245 [main] DEBUG c.orderbook.OrderBook - [ORDERBOOK] ASK: Adding orderMktData(price=101,quantity=200)
22:53:37.245 [main] DEBUG c.orderbook.OrderBook - [ORDERBOOK] ASK: Adding orderMktData(price=110,quantity=5000)
22:53:37.245 [main] DEBUG c.orderbook.OrderBook - [ORDERBOOK] ASK: Adding orderMktData(price=119,quantity=5600)
22:53:37.245 [main] DEBUG c.orderbook.OrderBook - [ORDERBOOK] ASK: Adding orderMktData(price=123,quantity=453)
22:53:37.245 [main] DEBUG c.orderbook.OrderBook - [ORDERBOOK] ASK: Adding orderMktData(price=144,quantity=645)
22:53:37.245 [main] DEBUG c.orderbook.OrderBook - [ORDERBOOK] ASK: Adding orderMktData(price=167,quantity=665)
22:53:37.245 [main] DEBUG c.service.MarketDataService - [ALGO] BID: price:43 quantity:134
22:53:37.245 [main] DEBUG c.service.MarketDataService - [ALGO] BID: price:76 quantity:145
22:53:37.245 [main] DEBUG c.service.MarketDataService - [ALGO] BID: price:91 quantity:300
22:53:37.245 [main] DEBUG c.service.MarketDataService - [ALGO] BID: price:93 quantity:200
22:53:37.245 [main] DEBUG c.service.MarketDataService - [ALGO] BID: price:95 quantity:100
22:53:37.245 [main] DEBUG c.service.MarketDataService - [ALGO] BID: price:98 quantity:154
22:53:37.245 [main] DEBUG c.service.MarketDataService - [ALGO] ASK: price:98 quantity:501
22:53:37.245 [main] DEBUG c.service.MarketDataService - [ALGO] ASK: price:101 quantity:200
22:53:37.245 [main] DEBUG c.service.MarketDataService - [ALGO] ASK: price:110 quantity:5000
22:53:37.245 [main] DEBUG c.service.MarketDataService - [ALGO] ASK: price:119 quantity:5600
22:53:37.245 [main] DEBUG c.service.MarketDataService - [ALGO] ASK: price:123 quantity:453
22:53:37.245 [main] DEBUG c.service.MarketDataService - [ALGO] ASK: price:144 quantity:645
22:53:37.245 [main] DEBUG c.service.MarketDataService - [ALGO] ASK: price:167 quantity:665
22:53:37.245 [main] INFO  c.gettingstarted.MyAlgoLogic - [MYALGO] The state of the order book is:
|----BID-----||----ASK----|
    134 @ 43    501 @ 98
    145 @ 76   200 @ 101
    300 @ 91  5000 @ 110
    200 @ 93  5600 @ 119
    100 @ 95   453 @ 123
    154 @ 98   645 @ 144
          -    665 @ 167
|------------||-----------|

22:53:37.245 [main] INFO  c.gettingstarted.MyAlgoLogic - [MYALGO] Algo Sees Book as: 
|----BID-----||----ASK----|
    134 @ 43    501 @ 98
    145 @ 76   200 @ 101
    300 @ 91  5000 @ 110
    200 @ 93  5600 @ 119
    100 @ 95   453 @ 123
    154 @ 98   645 @ 144
          -    665 @ 167
|------------||-----------|

22:53:37.245 [main] INFO  c.gettingstarted.TimedLogic - [TIMEDLOGIC] Market is closed
22:53:37.245 [main] INFO  c.sequencer.consumer.LoggingConsumer - [177] 
|----BID-----|
    134 @ 43
    145 @ 76
    300 @ 91
    200 @ 93
    100 @ 95
    154 @ 98
|----ASK-----|
    501 @ 98
   200 @ 101
  5000 @ 110
  5600 @ 119
   453 @ 123
   645 @ 144
   665 @ 167

22:53:37.245 [main] INFO  c.orderbook.OrderBook - [ORDERBOOK] Processing Mkt Data Update
22:53:37.245 [main] INFO  c.o.v.MutatingRemoveAllMarketDataOrdersVisitor - [ORDERBOOK] Removing market data order:MktData(price=43,quantity=134)
22:53:37.245 [main] INFO  c.o.v.MutatingRemoveAllMarketDataOrdersVisitor - [ORDERBOOK] Removing level:43
22:53:37.245 [main] DEBUG c.orderbook.OrderBook - [ORDERBOOK] ASK: Adding orderMktData(price=43,quantity=134)
22:53:37.245 [main] DEBUG c.orderbook.OrderBook - [ORDERBOOK] ASK: Adding orderMktData(price=76,quantity=145)
22:53:37.245 [main] DEBUG c.orderbook.OrderBook - [ORDERBOOK] ASK: Adding orderMktData(price=91,quantity=300)
22:53:37.245 [main] DEBUG c.orderbook.OrderBook - [ORDERBOOK] ASK: Adding orderMktData(price=93,quantity=200)
22:53:37.245 [main] DEBUG c.orderbook.OrderBook - [ORDERBOOK] ASK: Adding orderMktData(price=95,quantity=100)
22:53:37.245 [main] DEBUG c.orderbook.OrderBook - [ORDERBOOK] ASK: Adding orderMktData(price=98,quantity=154)
22:53:37.245 [main] INFO  c.o.v.MutatingMatchOneMarketDataOrderVisitor - [ORDERBOOK] visiting LevelOrderBookLevel(price=43,quantity=134)
22:53:37.245 [main] INFO  c.o.v.MutatingMatchOneMarketDataOrderVisitor - [ORDERBOOK] Can't match order:MktData(price=43,quantity=134)(MktData(price=98,quantity=154))
22:53:37.245 [main] INFO  c.o.v.MutatingRemoveAllMarketDataOrdersVisitor - [ORDERBOOK] Removing market data order:MktData(price=98,quantity=501)
22:53:37.245 [main] INFO  c.o.v.MutatingRemoveAllMarketDataOrdersVisitor - [ORDERBOOK] Removing level:98
22:53:37.245 [main] INFO  c.o.v.MutatingRemoveAllMarketDataOrdersVisitor - [ORDERBOOK] Removing market data order:MktData(price=101,quantity=200)
22:53:37.245 [main] INFO  c.o.v.MutatingRemoveAllMarketDataOrdersVisitor - [ORDERBOOK] Removing level:101
22:53:37.245 [main] INFO  c.o.v.MutatingRemoveAllMarketDataOrdersVisitor - [ORDERBOOK] Removing market data order:MktData(price=110,quantity=5000)
22:53:37.245 [main] INFO  c.o.v.MutatingRemoveAllMarketDataOrdersVisitor - [ORDERBOOK] Removing level:110
22:53:37.245 [main] INFO  c.o.v.MutatingRemoveAllMarketDataOrdersVisitor - [ORDERBOOK] Removing market data order:MktData(price=119,quantity=5600)
22:53:37.245 [main] INFO  c.o.v.MutatingRemoveAllMarketDataOrdersVisitor - [ORDERBOOK] Removing level:119
22:53:37.245 [main] INFO  c.o.v.MutatingRemoveAllMarketDataOrdersVisitor - [ORDERBOOK] Removing market data order:MktData(price=123,quantity=453)
22:53:37.245 [main] INFO  c.o.v.MutatingRemoveAllMarketDataOrdersVisitor - [ORDERBOOK] Removing level:123
22:53:37.245 [main] INFO  c.o.v.MutatingRemoveAllMarketDataOrdersVisitor - [ORDERBOOK] Removing market data order:MktData(price=144,quantity=645)
22:53:37.245 [main] INFO  c.o.v.MutatingRemoveAllMarketDataOrdersVisitor - [ORDERBOOK] Removing level:144
22:53:37.245 [main] INFO  c.o.v.MutatingRemoveAllMarketDataOrdersVisitor - [ORDERBOOK] Removing market data order:MktData(price=167,quantity=665)
22:53:37.245 [main] INFO  c.o.v.MutatingRemoveAllMarketDataOrdersVisitor - [ORDERBOOK] Removing level:167
22:53:37.245 [main] DEBUG c.orderbook.OrderBook - [ORDERBOOK] ASK: Adding orderMktData(price=98,quantity=501)
22:53:37.245 [main] DEBUG c.orderbook.OrderBook - [ORDERBOOK] ASK: Adding orderMktData(price=101,quantity=200)
22:53:37.245 [main] DEBUG c.orderbook.OrderBook - [ORDERBOOK] ASK: Adding orderMktData(price=110,quantity=5000)
22:53:37.245 [main] DEBUG c.orderbook.OrderBook - [ORDERBOOK] ASK: Adding orderMktData(price=119,quantity=5600)
22:53:37.245 [main] DEBUG c.orderbook.OrderBook - [ORDERBOOK] ASK: Adding orderMktData(price=123,quantity=453)
22:53:37.245 [main] DEBUG c.orderbook.OrderBook - [ORDERBOOK] ASK: Adding orderMktData(price=144,quantity=645)
22:53:37.245 [main] DEBUG c.orderbook.OrderBook - [ORDERBOOK] ASK: Adding orderMktData(price=167,quantity=665)
22:53:37.245 [main] DEBUG c.service.MarketDataService - [ALGO] BID: price:43 quantity:134
22:53:37.245 [main] DEBUG c.service.MarketDataService - [ALGO] BID: price:76 quantity:145
22:53:37.245 [main] DEBUG c.service.MarketDataService - [ALGO] BID: price:91 quantity:300
22:53:37.245 [main] DEBUG c.service.MarketDataService - [ALGO] BID: price:93 quantity:200
22:53:37.245 [main] DEBUG c.service.MarketDataService - [ALGO] BID: price:95 quantity:100
22:53:37.245 [main] DEBUG c.service.MarketDataService - [ALGO] BID: price:98 quantity:154
22:53:37.245 [main] DEBUG c.service.MarketDataService - [ALGO] ASK: price:98 quantity:501
22:53:37.245 [main] DEBUG c.service.MarketDataService - [ALGO] ASK: price:101 quantity:200
22:53:37.245 [main] DEBUG c.service.MarketDataService - [ALGO] ASK: price:110 quantity:5000
22:53:37.245 [main] DEBUG c.service.MarketDataService - [ALGO] ASK: price:119 quantity:5600
22:53:37.245 [main] DEBUG c.service.MarketDataService - [ALGO] ASK: price:123 quantity:453
22:53:37.245 [main] DEBUG c.service.MarketDataService - [ALGO] ASK: price:144 quantity:645
22:53:37.245 [main] DEBUG c.service.MarketDataService - [ALGO] ASK: price:167 quantity:665
22:53:37.245 [main] INFO  c.gettingstarted.MyAlgoLogic - [MYALGO] The state of the order book is:
|----BID-----||----ASK----|
    134 @ 43    501 @ 98
    145 @ 76   200 @ 101
    300 @ 91  5000 @ 110
    200 @ 93  5600 @ 119
    100 @ 95   453 @ 123
    154 @ 98   645 @ 144
          -    665 @ 167
|------------||-----------|

22:53:37.245 [main] INFO  c.gettingstarted.MyAlgoLogic - [MYALGO] Algo Sees Book as: 
|----BID-----||----ASK----|
    134 @ 43    501 @ 98
    145 @ 76   200 @ 101
    300 @ 91  5000 @ 110
    200 @ 93  5600 @ 119
    100 @ 95   453 @ 123
    154 @ 98   645 @ 144
          -    665 @ 167
|------------||-----------|

22:53:37.245 [main] INFO  c.gettingstarted.TimedLogic - [TIMEDLOGIC] Market is closed
22:53:37.245 [main] INFO  c.sequencer.consumer.LoggingConsumer - [178] 
|----BID-----|
    134 @ 43
    145 @ 76
    300 @ 91
    200 @ 93
    100 @ 95
    154 @ 98
|----ASK-----|
    501 @ 98
   200 @ 101
  5000 @ 110
  5600 @ 119
   453 @ 123
   645 @ 144
   665 @ 167

22:53:37.245 [main] INFO  c.orderbook.OrderBook - [ORDERBOOK] Processing Mkt Data Update
22:53:37.245 [main] INFO  c.o.v.MutatingRemoveAllMarketDataOrdersVisitor - [ORDERBOOK] Removing market data order:MktData(price=43,quantity=134)
22:53:37.245 [main] INFO  c.o.v.MutatingRemoveAllMarketDataOrdersVisitor - [ORDERBOOK] Removing level:43
22:53:37.245 [main] DEBUG c.orderbook.OrderBook - [ORDERBOOK] ASK: Adding orderMktData(price=43,quantity=134)
22:53:37.245 [main] DEBUG c.orderbook.OrderBook - [ORDERBOOK] ASK: Adding orderMktData(price=76,quantity=145)
22:53:37.245 [main] DEBUG c.orderbook.OrderBook - [ORDERBOOK] ASK: Adding orderMktData(price=91,quantity=300)
22:53:37.245 [main] DEBUG c.orderbook.OrderBook - [ORDERBOOK] ASK: Adding orderMktData(price=93,quantity=200)
22:53:37.245 [main] DEBUG c.orderbook.OrderBook - [ORDERBOOK] ASK: Adding orderMktData(price=95,quantity=100)
22:53:37.245 [main] DEBUG c.orderbook.OrderBook - [ORDERBOOK] ASK: Adding orderMktData(price=98,quantity=154)
22:53:37.245 [main] INFO  c.o.v.MutatingMatchOneMarketDataOrderVisitor - [ORDERBOOK] visiting LevelOrderBookLevel(price=43,quantity=134)
22:53:37.245 [main] INFO  c.o.v.MutatingMatchOneMarketDataOrderVisitor - [ORDERBOOK] Can't match order:MktData(price=43,quantity=134)(MktData(price=98,quantity=154))
22:53:37.245 [main] INFO  c.o.v.MutatingRemoveAllMarketDataOrdersVisitor - [ORDERBOOK] Removing market data order:MktData(price=98,quantity=501)
22:53:37.245 [main] INFO  c.o.v.MutatingRemoveAllMarketDataOrdersVisitor - [ORDERBOOK] Removing level:98
22:53:37.245 [main] INFO  c.o.v.MutatingRemoveAllMarketDataOrdersVisitor - [ORDERBOOK] Removing market data order:MktData(price=101,quantity=200)
22:53:37.245 [main] INFO  c.o.v.MutatingRemoveAllMarketDataOrdersVisitor - [ORDERBOOK] Removing level:101
22:53:37.245 [main] INFO  c.o.v.MutatingRemoveAllMarketDataOrdersVisitor - [ORDERBOOK] Removing market data order:MktData(price=110,quantity=5000)
22:53:37.245 [main] INFO  c.o.v.MutatingRemoveAllMarketDataOrdersVisitor - [ORDERBOOK] Removing level:110
22:53:37.245 [main] INFO  c.o.v.MutatingRemoveAllMarketDataOrdersVisitor - [ORDERBOOK] Removing market data order:MktData(price=119,quantity=5600)
22:53:37.245 [main] INFO  c.o.v.MutatingRemoveAllMarketDataOrdersVisitor - [ORDERBOOK] Removing level:119
22:53:37.245 [main] INFO  c.o.v.MutatingRemoveAllMarketDataOrdersVisitor - [ORDERBOOK] Removing market data order:MktData(price=123,quantity=453)
22:53:37.245 [main] INFO  c.o.v.MutatingRemoveAllMarketDataOrdersVisitor - [ORDERBOOK] Removing level:123
22:53:37.245 [main] INFO  c.o.v.MutatingRemoveAllMarketDataOrdersVisitor - [ORDERBOOK] Removing market data order:MktData(price=144,quantity=645)
22:53:37.245 [main] INFO  c.o.v.MutatingRemoveAllMarketDataOrdersVisitor - [ORDERBOOK] Removing level:144
22:53:37.245 [main] INFO  c.o.v.MutatingRemoveAllMarketDataOrdersVisitor - [ORDERBOOK] Removing market data order:MktData(price=167,quantity=665)
22:53:37.245 [main] INFO  c.o.v.MutatingRemoveAllMarketDataOrdersVisitor - [ORDERBOOK] Removing level:167
22:53:37.245 [main] DEBUG c.orderbook.OrderBook - [ORDERBOOK] ASK: Adding orderMktData(price=98,quantity=501)
22:53:37.245 [main] DEBUG c.orderbook.OrderBook - [ORDERBOOK] ASK: Adding orderMktData(price=101,quantity=200)
22:53:37.245 [main] DEBUG c.orderbook.OrderBook - [ORDERBOOK] ASK: Adding orderMktData(price=110,quantity=5000)
22:53:37.245 [main] DEBUG c.orderbook.OrderBook - [ORDERBOOK] ASK: Adding orderMktData(price=119,quantity=5600)
22:53:37.245 [main] DEBUG c.orderbook.OrderBook - [ORDERBOOK] ASK: Adding orderMktData(price=123,quantity=453)
22:53:37.245 [main] DEBUG c.orderbook.OrderBook - [ORDERBOOK] ASK: Adding orderMktData(price=144,quantity=645)
22:53:37.245 [main] DEBUG c.orderbook.OrderBook - [ORDERBOOK] ASK: Adding orderMktData(price=167,quantity=665)
22:53:37.245 [main] DEBUG c.service.MarketDataService - [ALGO] BID: price:43 quantity:134
22:53:37.245 [main] DEBUG c.service.MarketDataService - [ALGO] BID: price:76 quantity:145
22:53:37.245 [main] DEBUG c.service.MarketDataService - [ALGO] BID: price:91 quantity:300
22:53:37.245 [main] DEBUG c.service.MarketDataService - [ALGO] BID: price:93 quantity:200
22:53:37.245 [main] DEBUG c.service.MarketDataService - [ALGO] BID: price:95 quantity:100
22:53:37.245 [main] DEBUG c.service.MarketDataService - [ALGO] BID: price:98 quantity:154
22:53:37.245 [main] DEBUG c.service.MarketDataService - [ALGO] ASK: price:98 quantity:501
22:53:37.245 [main] DEBUG c.service.MarketDataService - [ALGO] ASK: price:101 quantity:200
22:53:37.245 [main] DEBUG c.service.MarketDataService - [ALGO] ASK: price:110 quantity:5000
22:53:37.245 [main] DEBUG c.service.MarketDataService - [ALGO] ASK: price:119 quantity:5600
22:53:37.245 [main] DEBUG c.service.MarketDataService - [ALGO] ASK: price:123 quantity:453
22:53:37.245 [main] DEBUG c.service.MarketDataService - [ALGO] ASK: price:144 quantity:645
22:53:37.245 [main] DEBUG c.service.MarketDataService - [ALGO] ASK: price:167 quantity:665
22:53:37.245 [main] INFO  c.gettingstarted.MyAlgoLogic - [MYALGO] The state of the order book is:
|----BID-----||----ASK----|
    134 @ 43    501 @ 98
    145 @ 76   200 @ 101
    300 @ 91  5000 @ 110
    200 @ 93  5600 @ 119
    100 @ 95   453 @ 123
    154 @ 98   645 @ 144
          -    665 @ 167
|------------||-----------|

22:53:37.245 [main] INFO  c.gettingstarted.MyAlgoLogic - [MYALGO] Algo Sees Book as: 
|----BID-----||----ASK----|
    134 @ 43    501 @ 98
    145 @ 76   200 @ 101
    300 @ 91  5000 @ 110
    200 @ 93  5600 @ 119
    100 @ 95   453 @ 123
    154 @ 98   645 @ 144
          -    665 @ 167
|------------||-----------|

22:53:37.245 [main] INFO  c.gettingstarted.TimedLogic - [TIMEDLOGIC] Market is closed
22:53:37.245 [main] INFO  c.sequencer.consumer.LoggingConsumer - [179] 
|----BID-----|
    134 @ 43
    145 @ 76
    300 @ 91
    200 @ 93
    100 @ 95
    154 @ 98
|----ASK-----|
    501 @ 98
   200 @ 101
  5000 @ 110
  5600 @ 119
   453 @ 123
   645 @ 144
   665 @ 167

22:53:37.245 [main] INFO  c.orderbook.OrderBook - [ORDERBOOK] Processing Mkt Data Update
22:53:37.245 [main] INFO  c.o.v.MutatingRemoveAllMarketDataOrdersVisitor - [ORDERBOOK] Removing market data order:MktData(price=43,quantity=134)
22:53:37.245 [main] INFO  c.o.v.MutatingRemoveAllMarketDataOrdersVisitor - [ORDERBOOK] Removing level:43
22:53:37.245 [main] DEBUG c.orderbook.OrderBook - [ORDERBOOK] ASK: Adding orderMktData(price=43,quantity=134)
22:53:37.245 [main] DEBUG c.orderbook.OrderBook - [ORDERBOOK] ASK: Adding orderMktData(price=76,quantity=145)
22:53:37.245 [main] DEBUG c.orderbook.OrderBook - [ORDERBOOK] ASK: Adding orderMktData(price=91,quantity=300)
22:53:37.245 [main] DEBUG c.orderbook.OrderBook - [ORDERBOOK] ASK: Adding orderMktData(price=93,quantity=200)
22:53:37.245 [main] DEBUG c.orderbook.OrderBook - [ORDERBOOK] ASK: Adding orderMktData(price=95,quantity=100)
22:53:37.245 [main] DEBUG c.orderbook.OrderBook - [ORDERBOOK] ASK: Adding orderMktData(price=98,quantity=154)
22:53:37.245 [main] INFO  c.o.v.MutatingMatchOneMarketDataOrderVisitor - [ORDERBOOK] visiting LevelOrderBookLevel(price=43,quantity=134)
22:53:37.245 [main] INFO  c.o.v.MutatingMatchOneMarketDataOrderVisitor - [ORDERBOOK] Can't match order:MktData(price=43,quantity=134)(MktData(price=98,quantity=154))
22:53:37.245 [main] INFO  c.o.v.MutatingRemoveAllMarketDataOrdersVisitor - [ORDERBOOK] Removing market data order:MktData(price=98,quantity=501)
22:53:37.245 [main] INFO  c.o.v.MutatingRemoveAllMarketDataOrdersVisitor - [ORDERBOOK] Removing level:98
22:53:37.245 [main] INFO  c.o.v.MutatingRemoveAllMarketDataOrdersVisitor - [ORDERBOOK] Removing market data order:MktData(price=101,quantity=200)
22:53:37.245 [main] INFO  c.o.v.MutatingRemoveAllMarketDataOrdersVisitor - [ORDERBOOK] Removing level:101
22:53:37.245 [main] INFO  c.o.v.MutatingRemoveAllMarketDataOrdersVisitor - [ORDERBOOK] Removing market data order:MktData(price=110,quantity=5000)
22:53:37.245 [main] INFO  c.o.v.MutatingRemoveAllMarketDataOrdersVisitor - [ORDERBOOK] Removing level:110
22:53:37.245 [main] INFO  c.o.v.MutatingRemoveAllMarketDataOrdersVisitor - [ORDERBOOK] Removing market data order:MktData(price=119,quantity=5600)
22:53:37.245 [main] INFO  c.o.v.MutatingRemoveAllMarketDataOrdersVisitor - [ORDERBOOK] Removing level:119
22:53:37.245 [main] INFO  c.o.v.MutatingRemoveAllMarketDataOrdersVisitor - [ORDERBOOK] Removing market data order:MktData(price=123,quantity=453)
22:53:37.245 [main] INFO  c.o.v.MutatingRemoveAllMarketDataOrdersVisitor - [ORDERBOOK] Removing level:123
22:53:37.245 [main] INFO  c.o.v.MutatingRemoveAllMarketDataOrdersVisitor - [ORDERBOOK] Removing market data order:MktData(price=144,quantity=645)
22:53:37.245 [main] INFO  c.o.v.MutatingRemoveAllMarketDataOrdersVisitor - [ORDERBOOK] Removing level:144
22:53:37.245 [main] INFO  c.o.v.MutatingRemoveAllMarketDataOrdersVisitor - [ORDERBOOK] Removing market data order:MktData(price=167,quantity=665)
22:53:37.245 [main] INFO  c.o.v.MutatingRemoveAllMarketDataOrdersVisitor - [ORDERBOOK] Removing level:167
22:53:37.245 [main] DEBUG c.orderbook.OrderBook - [ORDERBOOK] ASK: Adding orderMktData(price=98,quantity=501)
22:53:37.245 [main] DEBUG c.orderbook.OrderBook - [ORDERBOOK] ASK: Adding orderMktData(price=101,quantity=200)
22:53:37.245 [main] DEBUG c.orderbook.OrderBook - [ORDERBOOK] ASK: Adding orderMktData(price=110,quantity=5000)
22:53:37.245 [main] DEBUG c.orderbook.OrderBook - [ORDERBOOK] ASK: Adding orderMktData(price=119,quantity=5600)
22:53:37.245 [main] DEBUG c.orderbook.OrderBook - [ORDERBOOK] ASK: Adding orderMktData(price=123,quantity=453)
22:53:37.245 [main] DEBUG c.orderbook.OrderBook - [ORDERBOOK] ASK: Adding orderMktData(price=144,quantity=645)
22:53:37.245 [main] DEBUG c.orderbook.OrderBook - [ORDERBOOK] ASK: Adding orderMktData(price=167,quantity=665)
22:53:37.245 [main] DEBUG c.service.MarketDataService - [ALGO] BID: price:43 quantity:134
22:53:37.245 [main] DEBUG c.service.MarketDataService - [ALGO] BID: price:76 quantity:145
22:53:37.245 [main] DEBUG c.service.MarketDataService - [ALGO] BID: price:91 quantity:300
22:53:37.245 [main] DEBUG c.service.MarketDataService - [ALGO] BID: price:93 quantity:200
22:53:37.245 [main] DEBUG c.service.MarketDataService - [ALGO] BID: price:95 quantity:100
22:53:37.245 [main] DEBUG c.service.MarketDataService - [ALGO] BID: price:98 quantity:154
22:53:37.245 [main] DEBUG c.service.MarketDataService - [ALGO] ASK: price:98 quantity:501
22:53:37.245 [main] DEBUG c.service.MarketDataService - [ALGO] ASK: price:101 quantity:200
22:53:37.245 [main] DEBUG c.service.MarketDataService - [ALGO] ASK: price:110 quantity:5000
22:53:37.245 [main] DEBUG c.service.MarketDataService - [ALGO] ASK: price:119 quantity:5600
22:53:37.245 [main] DEBUG c.service.MarketDataService - [ALGO] ASK: price:123 quantity:453
22:53:37.245 [main] DEBUG c.service.MarketDataService - [ALGO] ASK: price:144 quantity:645
22:53:37.245 [main] DEBUG c.service.MarketDataService - [ALGO] ASK: price:167 quantity:665
22:53:37.245 [main] INFO  c.gettingstarted.MyAlgoLogic - [MYALGO] The state of the order book is:
|----BID-----||----ASK----|
    134 @ 43    501 @ 98
    145 @ 76   200 @ 101
    300 @ 91  5000 @ 110
    200 @ 93  5600 @ 119
    100 @ 95   453 @ 123
    154 @ 98   645 @ 144
          -    665 @ 167
|------------||-----------|

22:53:37.245 [main] INFO  c.gettingstarted.MyAlgoLogic - [MYALGO] Algo Sees Book as: 
|----BID-----||----ASK----|
    134 @ 43    501 @ 98
    145 @ 76   200 @ 101
    300 @ 91  5000 @ 110
    200 @ 93  5600 @ 119
    100 @ 95   453 @ 123
    154 @ 98   645 @ 144
          -    665 @ 167
|------------||-----------|

22:53:37.245 [main] INFO  c.gettingstarted.TimedLogic - [TIMEDLOGIC] Market is closed
22:53:37.245 [main] INFO  c.sequencer.consumer.LoggingConsumer - [180] 
|----BID-----|
    134 @ 43
    145 @ 76
    300 @ 91
    200 @ 93
    100 @ 95
    154 @ 98
|----ASK-----|
    501 @ 98
   200 @ 101
  5000 @ 110
  5600 @ 119
   453 @ 123
   645 @ 144
   665 @ 167

22:53:37.245 [main] INFO  c.orderbook.OrderBook - [ORDERBOOK] Processing Mkt Data Update
22:53:37.245 [main] INFO  c.o.v.MutatingRemoveAllMarketDataOrdersVisitor - [ORDERBOOK] Removing market data order:MktData(price=43,quantity=134)
22:53:37.245 [main] INFO  c.o.v.MutatingRemoveAllMarketDataOrdersVisitor - [ORDERBOOK] Removing level:43
22:53:37.245 [main] DEBUG c.orderbook.OrderBook - [ORDERBOOK] ASK: Adding orderMktData(price=43,quantity=134)
22:53:37.245 [main] DEBUG c.orderbook.OrderBook - [ORDERBOOK] ASK: Adding orderMktData(price=76,quantity=145)
22:53:37.245 [main] DEBUG c.orderbook.OrderBook - [ORDERBOOK] ASK: Adding orderMktData(price=91,quantity=300)
22:53:37.245 [main] DEBUG c.orderbook.OrderBook - [ORDERBOOK] ASK: Adding orderMktData(price=93,quantity=200)
22:53:37.245 [main] DEBUG c.orderbook.OrderBook - [ORDERBOOK] ASK: Adding orderMktData(price=95,quantity=100)
22:53:37.245 [main] DEBUG c.orderbook.OrderBook - [ORDERBOOK] ASK: Adding orderMktData(price=98,quantity=154)
22:53:37.245 [main] INFO  c.o.v.MutatingMatchOneMarketDataOrderVisitor - [ORDERBOOK] visiting LevelOrderBookLevel(price=43,quantity=134)
22:53:37.245 [main] INFO  c.o.v.MutatingMatchOneMarketDataOrderVisitor - [ORDERBOOK] Can't match order:MktData(price=43,quantity=134)(MktData(price=98,quantity=154))
22:53:37.245 [main] INFO  c.o.v.MutatingRemoveAllMarketDataOrdersVisitor - [ORDERBOOK] Removing market data order:MktData(price=98,quantity=501)
22:53:37.245 [main] INFO  c.o.v.MutatingRemoveAllMarketDataOrdersVisitor - [ORDERBOOK] Removing level:98
22:53:37.245 [main] INFO  c.o.v.MutatingRemoveAllMarketDataOrdersVisitor - [ORDERBOOK] Removing market data order:MktData(price=101,quantity=200)
22:53:37.245 [main] INFO  c.o.v.MutatingRemoveAllMarketDataOrdersVisitor - [ORDERBOOK] Removing level:101
22:53:37.245 [main] INFO  c.o.v.MutatingRemoveAllMarketDataOrdersVisitor - [ORDERBOOK] Removing market data order:MktData(price=110,quantity=5000)
22:53:37.245 [main] INFO  c.o.v.MutatingRemoveAllMarketDataOrdersVisitor - [ORDERBOOK] Removing level:110
22:53:37.245 [main] INFO  c.o.v.MutatingRemoveAllMarketDataOrdersVisitor - [ORDERBOOK] Removing market data order:MktData(price=119,quantity=5600)
22:53:37.245 [main] INFO  c.o.v.MutatingRemoveAllMarketDataOrdersVisitor - [ORDERBOOK] Removing level:119
22:53:37.245 [main] INFO  c.o.v.MutatingRemoveAllMarketDataOrdersVisitor - [ORDERBOOK] Removing market data order:MktData(price=123,quantity=453)
22:53:37.245 [main] INFO  c.o.v.MutatingRemoveAllMarketDataOrdersVisitor - [ORDERBOOK] Removing level:123
22:53:37.252 [main] INFO  c.o.v.MutatingRemoveAllMarketDataOrdersVisitor - [ORDERBOOK] Removing market data order:MktData(price=144,quantity=645)
22:53:37.252 [main] INFO  c.o.v.MutatingRemoveAllMarketDataOrdersVisitor - [ORDERBOOK] Removing level:144
22:53:37.252 [main] INFO  c.o.v.MutatingRemoveAllMarketDataOrdersVisitor - [ORDERBOOK] Removing market data order:MktData(price=167,quantity=665)
22:53:37.252 [main] INFO  c.o.v.MutatingRemoveAllMarketDataOrdersVisitor - [ORDERBOOK] Removing level:167
22:53:37.252 [main] DEBUG c.orderbook.OrderBook - [ORDERBOOK] ASK: Adding orderMktData(price=98,quantity=501)
22:53:37.252 [main] DEBUG c.orderbook.OrderBook - [ORDERBOOK] ASK: Adding orderMktData(price=101,quantity=200)
22:53:37.252 [main] DEBUG c.orderbook.OrderBook - [ORDERBOOK] ASK: Adding orderMktData(price=110,quantity=5000)
22:53:37.252 [main] DEBUG c.orderbook.OrderBook - [ORDERBOOK] ASK: Adding orderMktData(price=119,quantity=5600)
22:53:37.252 [main] DEBUG c.orderbook.OrderBook - [ORDERBOOK] ASK: Adding orderMktData(price=123,quantity=453)
22:53:37.252 [main] DEBUG c.orderbook.OrderBook - [ORDERBOOK] ASK: Adding orderMktData(price=144,quantity=645)
22:53:37.252 [main] DEBUG c.orderbook.OrderBook - [ORDERBOOK] ASK: Adding orderMktData(price=167,quantity=665)
22:53:37.252 [main] DEBUG c.service.MarketDataService - [ALGO] BID: price:43 quantity:134
22:53:37.252 [main] DEBUG c.service.MarketDataService - [ALGO] BID: price:76 quantity:145
22:53:37.252 [main] DEBUG c.service.MarketDataService - [ALGO] BID: price:91 quantity:300
22:53:37.252 [main] DEBUG c.service.MarketDataService - [ALGO] BID: price:93 quantity:200
22:53:37.252 [main] DEBUG c.service.MarketDataService - [ALGO] BID: price:95 quantity:100
22:53:37.252 [main] DEBUG c.service.MarketDataService - [ALGO] BID: price:98 quantity:154
22:53:37.252 [main] DEBUG c.service.MarketDataService - [ALGO] ASK: price:98 quantity:501
22:53:37.252 [main] DEBUG c.service.MarketDataService - [ALGO] ASK: price:101 quantity:200
22:53:37.252 [main] DEBUG c.service.MarketDataService - [ALGO] ASK: price:110 quantity:5000
22:53:37.252 [main] DEBUG c.service.MarketDataService - [ALGO] ASK: price:119 quantity:5600
22:53:37.252 [main] DEBUG c.service.MarketDataService - [ALGO] ASK: price:123 quantity:453
22:53:37.252 [main] DEBUG c.service.MarketDataService - [ALGO] ASK: price:144 quantity:645
22:53:37.252 [main] DEBUG c.service.MarketDataService - [ALGO] ASK: price:167 quantity:665
22:53:37.252 [main] INFO  c.gettingstarted.MyAlgoLogic - [MYALGO] The state of the order book is:
|----BID-----||----ASK----|
    134 @ 43    501 @ 98
    145 @ 76   200 @ 101
    300 @ 91  5000 @ 110
    200 @ 93  5600 @ 119
    100 @ 95   453 @ 123
    154 @ 98   645 @ 144
          -    665 @ 167
|------------||-----------|

22:53:37.252 [main] INFO  c.gettingstarted.MyAlgoLogic - [MYALGO] Algo Sees Book as: 
|----BID-----||----ASK----|
    134 @ 43    501 @ 98
    145 @ 76   200 @ 101
    300 @ 91  5000 @ 110
    200 @ 93  5600 @ 119
    100 @ 95   453 @ 123
    154 @ 98   645 @ 144
          -    665 @ 167
|------------||-----------|

22:53:37.252 [main] INFO  c.gettingstarted.TimedLogic - [TIMEDLOGIC] Market is closed
22:53:37.252 [main] INFO  c.sequencer.consumer.LoggingConsumer - [181] 
|----BID-----|
    134 @ 43
    145 @ 76
    300 @ 91
    200 @ 93
    100 @ 95
    154 @ 98
|----ASK-----|
    501 @ 98
   200 @ 101
  5000 @ 110
  5600 @ 119
   453 @ 123
   645 @ 144
   665 @ 167

22:53:37.252 [main] INFO  c.orderbook.OrderBook - [ORDERBOOK] Processing Mkt Data Update
22:53:37.252 [main] INFO  c.o.v.MutatingRemoveAllMarketDataOrdersVisitor - [ORDERBOOK] Removing market data order:MktData(price=43,quantity=134)
22:53:37.252 [main] INFO  c.o.v.MutatingRemoveAllMarketDataOrdersVisitor - [ORDERBOOK] Removing level:43
22:53:37.252 [main] DEBUG c.orderbook.OrderBook - [ORDERBOOK] ASK: Adding orderMktData(price=43,quantity=134)
22:53:37.252 [main] DEBUG c.orderbook.OrderBook - [ORDERBOOK] ASK: Adding orderMktData(price=76,quantity=145)
22:53:37.252 [main] DEBUG c.orderbook.OrderBook - [ORDERBOOK] ASK: Adding orderMktData(price=91,quantity=300)
22:53:37.252 [main] DEBUG c.orderbook.OrderBook - [ORDERBOOK] ASK: Adding orderMktData(price=93,quantity=200)
22:53:37.252 [main] DEBUG c.orderbook.OrderBook - [ORDERBOOK] ASK: Adding orderMktData(price=95,quantity=100)
22:53:37.252 [main] DEBUG c.orderbook.OrderBook - [ORDERBOOK] ASK: Adding orderMktData(price=98,quantity=154)
22:53:37.252 [main] INFO  c.o.v.MutatingMatchOneMarketDataOrderVisitor - [ORDERBOOK] visiting LevelOrderBookLevel(price=43,quantity=134)
22:53:37.252 [main] INFO  c.o.v.MutatingMatchOneMarketDataOrderVisitor - [ORDERBOOK] Can't match order:MktData(price=43,quantity=134)(MktData(price=98,quantity=154))
22:53:37.252 [main] INFO  c.o.v.MutatingRemoveAllMarketDataOrdersVisitor - [ORDERBOOK] Removing market data order:MktData(price=98,quantity=501)
22:53:37.252 [main] INFO  c.o.v.MutatingRemoveAllMarketDataOrdersVisitor - [ORDERBOOK] Removing level:98
22:53:37.252 [main] INFO  c.o.v.MutatingRemoveAllMarketDataOrdersVisitor - [ORDERBOOK] Removing market data order:MktData(price=101,quantity=200)
22:53:37.252 [main] INFO  c.o.v.MutatingRemoveAllMarketDataOrdersVisitor - [ORDERBOOK] Removing level:101
22:53:37.252 [main] INFO  c.o.v.MutatingRemoveAllMarketDataOrdersVisitor - [ORDERBOOK] Removing market data order:MktData(price=110,quantity=5000)
22:53:37.252 [main] INFO  c.o.v.MutatingRemoveAllMarketDataOrdersVisitor - [ORDERBOOK] Removing level:110
22:53:37.252 [main] INFO  c.o.v.MutatingRemoveAllMarketDataOrdersVisitor - [ORDERBOOK] Removing market data order:MktData(price=119,quantity=5600)
22:53:37.252 [main] INFO  c.o.v.MutatingRemoveAllMarketDataOrdersVisitor - [ORDERBOOK] Removing level:119
22:53:37.252 [main] INFO  c.o.v.MutatingRemoveAllMarketDataOrdersVisitor - [ORDERBOOK] Removing market data order:MktData(price=123,quantity=453)
22:53:37.252 [main] INFO  c.o.v.MutatingRemoveAllMarketDataOrdersVisitor - [ORDERBOOK] Removing level:123
22:53:37.252 [main] INFO  c.o.v.MutatingRemoveAllMarketDataOrdersVisitor - [ORDERBOOK] Removing market data order:MktData(price=144,quantity=645)
22:53:37.252 [main] INFO  c.o.v.MutatingRemoveAllMarketDataOrdersVisitor - [ORDERBOOK] Removing level:144
22:53:37.252 [main] INFO  c.o.v.MutatingRemoveAllMarketDataOrdersVisitor - [ORDERBOOK] Removing market data order:MktData(price=167,quantity=665)
22:53:37.252 [main] INFO  c.o.v.MutatingRemoveAllMarketDataOrdersVisitor - [ORDERBOOK] Removing level:167
22:53:37.252 [main] DEBUG c.orderbook.OrderBook - [ORDERBOOK] ASK: Adding orderMktData(price=98,quantity=501)
22:53:37.252 [main] DEBUG c.orderbook.OrderBook - [ORDERBOOK] ASK: Adding orderMktData(price=101,quantity=200)
22:53:37.252 [main] DEBUG c.orderbook.OrderBook - [ORDERBOOK] ASK: Adding orderMktData(price=110,quantity=5000)
22:53:37.254 [main] DEBUG c.orderbook.OrderBook - [ORDERBOOK] ASK: Adding orderMktData(price=119,quantity=5600)
22:53:37.254 [main] DEBUG c.orderbook.OrderBook - [ORDERBOOK] ASK: Adding orderMktData(price=123,quantity=453)
22:53:37.254 [main] DEBUG c.orderbook.OrderBook - [ORDERBOOK] ASK: Adding orderMktData(price=144,quantity=645)
22:53:37.254 [main] DEBUG c.orderbook.OrderBook - [ORDERBOOK] ASK: Adding orderMktData(price=167,quantity=665)
22:53:37.254 [main] DEBUG c.service.MarketDataService - [ALGO] BID: price:43 quantity:134
22:53:37.254 [main] DEBUG c.service.MarketDataService - [ALGO] BID: price:76 quantity:145
22:53:37.254 [main] DEBUG c.service.MarketDataService - [ALGO] BID: price:91 quantity:300
22:53:37.254 [main] DEBUG c.service.MarketDataService - [ALGO] BID: price:93 quantity:200
22:53:37.254 [main] DEBUG c.service.MarketDataService - [ALGO] BID: price:95 quantity:100
22:53:37.254 [main] DEBUG c.service.MarketDataService - [ALGO] BID: price:98 quantity:154
22:53:37.254 [main] DEBUG c.service.MarketDataService - [ALGO] ASK: price:98 quantity:501
22:53:37.254 [main] DEBUG c.service.MarketDataService - [ALGO] ASK: price:101 quantity:200
22:53:37.254 [main] DEBUG c.service.MarketDataService - [ALGO] ASK: price:110 quantity:5000
22:53:37.254 [main] DEBUG c.service.MarketDataService - [ALGO] ASK: price:119 quantity:5600
22:53:37.254 [main] DEBUG c.service.MarketDataService - [ALGO] ASK: price:123 quantity:453
22:53:37.254 [main] DEBUG c.service.MarketDataService - [ALGO] ASK: price:144 quantity:645
22:53:37.254 [main] DEBUG c.service.MarketDataService - [ALGO] ASK: price:167 quantity:665
22:53:37.254 [main] INFO  c.gettingstarted.MyAlgoLogic - [MYALGO] The state of the order book is:
|----BID-----||----ASK----|
    134 @ 43    501 @ 98
    145 @ 76   200 @ 101
    300 @ 91  5000 @ 110
    200 @ 93  5600 @ 119
    100 @ 95   453 @ 123
    154 @ 98   645 @ 144
          -    665 @ 167
|------------||-----------|

22:53:37.254 [main] INFO  c.gettingstarted.MyAlgoLogic - [MYALGO] Algo Sees Book as: 
|----BID-----||----ASK----|
    134 @ 43    501 @ 98
    145 @ 76   200 @ 101
    300 @ 91  5000 @ 110
    200 @ 93  5600 @ 119
    100 @ 95   453 @ 123
    154 @ 98   645 @ 144
          -    665 @ 167
|------------||-----------|

22:53:37.254 [main] INFO  c.gettingstarted.TimedLogic - [TIMEDLOGIC] Market is closed
22:53:37.254 [main] INFO  c.sequencer.consumer.LoggingConsumer - [182] 
|----BID-----|
    134 @ 43
    145 @ 76
    300 @ 91
    200 @ 93
    100 @ 95
    154 @ 98
|----ASK-----|
    501 @ 98
   200 @ 101
  5000 @ 110
  5600 @ 119
   453 @ 123
   645 @ 144
   665 @ 167

22:53:37.254 [main] INFO  c.orderbook.OrderBook - [ORDERBOOK] Processing Mkt Data Update
22:53:37.254 [main] INFO  c.o.v.MutatingRemoveAllMarketDataOrdersVisitor - [ORDERBOOK] Removing market data order:MktData(price=43,quantity=134)
22:53:37.254 [main] INFO  c.o.v.MutatingRemoveAllMarketDataOrdersVisitor - [ORDERBOOK] Removing level:43
22:53:37.254 [main] DEBUG c.orderbook.OrderBook - [ORDERBOOK] ASK: Adding orderMktData(price=43,quantity=134)
22:53:37.254 [main] DEBUG c.orderbook.OrderBook - [ORDERBOOK] ASK: Adding orderMktData(price=76,quantity=145)
22:53:37.254 [main] DEBUG c.orderbook.OrderBook - [ORDERBOOK] ASK: Adding orderMktData(price=91,quantity=300)
22:53:37.254 [main] DEBUG c.orderbook.OrderBook - [ORDERBOOK] ASK: Adding orderMktData(price=93,quantity=200)
22:53:37.254 [main] DEBUG c.orderbook.OrderBook - [ORDERBOOK] ASK: Adding orderMktData(price=95,quantity=100)
22:53:37.254 [main] DEBUG c.orderbook.OrderBook - [ORDERBOOK] ASK: Adding orderMktData(price=98,quantity=154)
22:53:37.254 [main] INFO  c.o.v.MutatingMatchOneMarketDataOrderVisitor - [ORDERBOOK] visiting LevelOrderBookLevel(price=43,quantity=134)
22:53:37.254 [main] INFO  c.o.v.MutatingMatchOneMarketDataOrderVisitor - [ORDERBOOK] Can't match order:MktData(price=43,quantity=134)(MktData(price=98,quantity=154))
22:53:37.254 [main] INFO  c.o.v.MutatingRemoveAllMarketDataOrdersVisitor - [ORDERBOOK] Removing market data order:MktData(price=98,quantity=501)
22:53:37.254 [main] INFO  c.o.v.MutatingRemoveAllMarketDataOrdersVisitor - [ORDERBOOK] Removing level:98
22:53:37.254 [main] INFO  c.o.v.MutatingRemoveAllMarketDataOrdersVisitor - [ORDERBOOK] Removing market data order:MktData(price=101,quantity=200)
22:53:37.254 [main] INFO  c.o.v.MutatingRemoveAllMarketDataOrdersVisitor - [ORDERBOOK] Removing level:101
22:53:37.254 [main] INFO  c.o.v.MutatingRemoveAllMarketDataOrdersVisitor - [ORDERBOOK] Removing market data order:MktData(price=110,quantity=5000)
22:53:37.254 [main] INFO  c.o.v.MutatingRemoveAllMarketDataOrdersVisitor - [ORDERBOOK] Removing level:110
22:53:37.254 [main] INFO  c.o.v.MutatingRemoveAllMarketDataOrdersVisitor - [ORDERBOOK] Removing market data order:MktData(price=119,quantity=5600)
22:53:37.254 [main] INFO  c.o.v.MutatingRemoveAllMarketDataOrdersVisitor - [ORDERBOOK] Removing level:119
22:53:37.254 [main] INFO  c.o.v.MutatingRemoveAllMarketDataOrdersVisitor - [ORDERBOOK] Removing market data order:MktData(price=123,quantity=453)
22:53:37.254 [main] INFO  c.o.v.MutatingRemoveAllMarketDataOrdersVisitor - [ORDERBOOK] Removing level:123
22:53:37.254 [main] INFO  c.o.v.MutatingRemoveAllMarketDataOrdersVisitor - [ORDERBOOK] Removing market data order:MktData(price=144,quantity=645)
22:53:37.254 [main] INFO  c.o.v.MutatingRemoveAllMarketDataOrdersVisitor - [ORDERBOOK] Removing level:144
22:53:37.254 [main] INFO  c.o.v.MutatingRemoveAllMarketDataOrdersVisitor - [ORDERBOOK] Removing market data order:MktData(price=167,quantity=665)
22:53:37.254 [main] INFO  c.o.v.MutatingRemoveAllMarketDataOrdersVisitor - [ORDERBOOK] Removing level:167
22:53:37.254 [main] DEBUG c.orderbook.OrderBook - [ORDERBOOK] ASK: Adding orderMktData(price=98,quantity=501)
22:53:37.254 [main] DEBUG c.orderbook.OrderBook - [ORDERBOOK] ASK: Adding orderMktData(price=101,quantity=200)
22:53:37.254 [main] DEBUG c.orderbook.OrderBook - [ORDERBOOK] ASK: Adding orderMktData(price=110,quantity=5000)
22:53:37.254 [main] DEBUG c.orderbook.OrderBook - [ORDERBOOK] ASK: Adding orderMktData(price=119,quantity=5600)
22:53:37.254 [main] DEBUG c.orderbook.OrderBook - [ORDERBOOK] ASK: Adding orderMktData(price=123,quantity=453)
22:53:37.254 [main] DEBUG c.orderbook.OrderBook - [ORDERBOOK] ASK: Adding orderMktData(price=144,quantity=645)
22:53:37.254 [main] DEBUG c.orderbook.OrderBook - [ORDERBOOK] ASK: Adding orderMktData(price=167,quantity=665)
22:53:37.254 [main] DEBUG c.service.MarketDataService - [ALGO] BID: price:43 quantity:134
22:53:37.254 [main] DEBUG c.service.MarketDataService - [ALGO] BID: price:76 quantity:145
22:53:37.254 [main] DEBUG c.service.MarketDataService - [ALGO] BID: price:91 quantity:300
22:53:37.254 [main] DEBUG c.service.MarketDataService - [ALGO] BID: price:93 quantity:200
22:53:37.254 [main] DEBUG c.service.MarketDataService - [ALGO] BID: price:95 quantity:100
22:53:37.254 [main] DEBUG c.service.MarketDataService - [ALGO] BID: price:98 quantity:154
22:53:37.254 [main] DEBUG c.service.MarketDataService - [ALGO] ASK: price:98 quantity:501
22:53:37.254 [main] DEBUG c.service.MarketDataService - [ALGO] ASK: price:101 quantity:200
22:53:37.254 [main] DEBUG c.service.MarketDataService - [ALGO] ASK: price:110 quantity:5000
22:53:37.254 [main] DEBUG c.service.MarketDataService - [ALGO] ASK: price:119 quantity:5600
22:53:37.254 [main] DEBUG c.service.MarketDataService - [ALGO] ASK: price:123 quantity:453
22:53:37.254 [main] DEBUG c.service.MarketDataService - [ALGO] ASK: price:144 quantity:645
22:53:37.254 [main] DEBUG c.service.MarketDataService - [ALGO] ASK: price:167 quantity:665
22:53:37.254 [main] INFO  c.gettingstarted.MyAlgoLogic - [MYALGO] The state of the order book is:
|----BID-----||----ASK----|
    134 @ 43    501 @ 98
    145 @ 76   200 @ 101
    300 @ 91  5000 @ 110
    200 @ 93  5600 @ 119
    100 @ 95   453 @ 123
    154 @ 98   645 @ 144
          -    665 @ 167
|------------||-----------|

22:53:37.254 [main] INFO  c.gettingstarted.MyAlgoLogic - [MYALGO] Algo Sees Book as: 
|----BID-----||----ASK----|
    134 @ 43    501 @ 98
    145 @ 76   200 @ 101
    300 @ 91  5000 @ 110
    200 @ 93  5600 @ 119
    100 @ 95   453 @ 123
    154 @ 98   645 @ 144
          -    665 @ 167
|------------||-----------|

22:53:37.254 [main] INFO  c.gettingstarted.TimedLogic - [TIMEDLOGIC] Market is closed
22:53:37.254 [main] INFO  c.sequencer.consumer.LoggingConsumer - [183] 
|----BID-----|
    134 @ 43
    145 @ 76
    300 @ 91
    200 @ 93
    100 @ 95
    154 @ 98
|----ASK-----|
    501 @ 98
   200 @ 101
  5000 @ 110
  5600 @ 119
   453 @ 123
   645 @ 144
   665 @ 167

22:53:37.254 [main] INFO  c.orderbook.OrderBook - [ORDERBOOK] Processing Mkt Data Update
22:53:37.254 [main] INFO  c.o.v.MutatingRemoveAllMarketDataOrdersVisitor - [ORDERBOOK] Removing market data order:MktData(price=43,quantity=134)
22:53:37.254 [main] INFO  c.o.v.MutatingRemoveAllMarketDataOrdersVisitor - [ORDERBOOK] Removing level:43
22:53:37.254 [main] DEBUG c.orderbook.OrderBook - [ORDERBOOK] ASK: Adding orderMktData(price=43,quantity=134)
22:53:37.254 [main] DEBUG c.orderbook.OrderBook - [ORDERBOOK] ASK: Adding orderMktData(price=76,quantity=145)
22:53:37.254 [main] DEBUG c.orderbook.OrderBook - [ORDERBOOK] ASK: Adding orderMktData(price=91,quantity=300)
22:53:37.254 [main] DEBUG c.orderbook.OrderBook - [ORDERBOOK] ASK: Adding orderMktData(price=93,quantity=200)
22:53:37.254 [main] DEBUG c.orderbook.OrderBook - [ORDERBOOK] ASK: Adding orderMktData(price=95,quantity=100)
22:53:37.254 [main] DEBUG c.orderbook.OrderBook - [ORDERBOOK] ASK: Adding orderMktData(price=98,quantity=154)
22:53:37.254 [main] INFO  c.o.v.MutatingMatchOneMarketDataOrderVisitor - [ORDERBOOK] visiting LevelOrderBookLevel(price=43,quantity=134)
22:53:37.254 [main] INFO  c.o.v.MutatingMatchOneMarketDataOrderVisitor - [ORDERBOOK] Can't match order:MktData(price=43,quantity=134)(MktData(price=98,quantity=154))
22:53:37.254 [main] INFO  c.o.v.MutatingRemoveAllMarketDataOrdersVisitor - [ORDERBOOK] Removing market data order:MktData(price=98,quantity=501)
22:53:37.254 [main] INFO  c.o.v.MutatingRemoveAllMarketDataOrdersVisitor - [ORDERBOOK] Removing level:98
22:53:37.254 [main] INFO  c.o.v.MutatingRemoveAllMarketDataOrdersVisitor - [ORDERBOOK] Removing market data order:MktData(price=101,quantity=200)
22:53:37.254 [main] INFO  c.o.v.MutatingRemoveAllMarketDataOrdersVisitor - [ORDERBOOK] Removing level:101
22:53:37.254 [main] INFO  c.o.v.MutatingRemoveAllMarketDataOrdersVisitor - [ORDERBOOK] Removing market data order:MktData(price=110,quantity=5000)
22:53:37.254 [main] INFO  c.o.v.MutatingRemoveAllMarketDataOrdersVisitor - [ORDERBOOK] Removing level:110
22:53:37.254 [main] INFO  c.o.v.MutatingRemoveAllMarketDataOrdersVisitor - [ORDERBOOK] Removing market data order:MktData(price=119,quantity=5600)
22:53:37.254 [main] INFO  c.o.v.MutatingRemoveAllMarketDataOrdersVisitor - [ORDERBOOK] Removing level:119
22:53:37.254 [main] INFO  c.o.v.MutatingRemoveAllMarketDataOrdersVisitor - [ORDERBOOK] Removing market data order:MktData(price=123,quantity=453)
22:53:37.254 [main] INFO  c.o.v.MutatingRemoveAllMarketDataOrdersVisitor - [ORDERBOOK] Removing level:123
22:53:37.254 [main] INFO  c.o.v.MutatingRemoveAllMarketDataOrdersVisitor - [ORDERBOOK] Removing market data order:MktData(price=144,quantity=645)
22:53:37.254 [main] INFO  c.o.v.MutatingRemoveAllMarketDataOrdersVisitor - [ORDERBOOK] Removing level:144
22:53:37.254 [main] INFO  c.o.v.MutatingRemoveAllMarketDataOrdersVisitor - [ORDERBOOK] Removing market data order:MktData(price=167,quantity=665)
22:53:37.254 [main] INFO  c.o.v.MutatingRemoveAllMarketDataOrdersVisitor - [ORDERBOOK] Removing level:167
22:53:37.254 [main] DEBUG c.orderbook.OrderBook - [ORDERBOOK] ASK: Adding orderMktData(price=98,quantity=501)
22:53:37.254 [main] DEBUG c.orderbook.OrderBook - [ORDERBOOK] ASK: Adding orderMktData(price=101,quantity=200)
22:53:37.254 [main] DEBUG c.orderbook.OrderBook - [ORDERBOOK] ASK: Adding orderMktData(price=110,quantity=5000)
22:53:37.254 [main] DEBUG c.orderbook.OrderBook - [ORDERBOOK] ASK: Adding orderMktData(price=119,quantity=5600)
22:53:37.254 [main] DEBUG c.orderbook.OrderBook - [ORDERBOOK] ASK: Adding orderMktData(price=123,quantity=453)
22:53:37.254 [main] DEBUG c.orderbook.OrderBook - [ORDERBOOK] ASK: Adding orderMktData(price=144,quantity=645)
22:53:37.254 [main] DEBUG c.orderbook.OrderBook - [ORDERBOOK] ASK: Adding orderMktData(price=167,quantity=665)
22:53:37.254 [main] DEBUG c.service.MarketDataService - [ALGO] BID: price:43 quantity:134
22:53:37.254 [main] DEBUG c.service.MarketDataService - [ALGO] BID: price:76 quantity:145
22:53:37.254 [main] DEBUG c.service.MarketDataService - [ALGO] BID: price:91 quantity:300
22:53:37.254 [main] DEBUG c.service.MarketDataService - [ALGO] BID: price:93 quantity:200
22:53:37.254 [main] DEBUG c.service.MarketDataService - [ALGO] BID: price:95 quantity:100
22:53:37.254 [main] DEBUG c.service.MarketDataService - [ALGO] BID: price:98 quantity:154
22:53:37.254 [main] DEBUG c.service.MarketDataService - [ALGO] ASK: price:98 quantity:501
22:53:37.254 [main] DEBUG c.service.MarketDataService - [ALGO] ASK: price:101 quantity:200
22:53:37.254 [main] DEBUG c.service.MarketDataService - [ALGO] ASK: price:110 quantity:5000
22:53:37.254 [main] DEBUG c.service.MarketDataService - [ALGO] ASK: price:119 quantity:5600
22:53:37.254 [main] DEBUG c.service.MarketDataService - [ALGO] ASK: price:123 quantity:453
22:53:37.254 [main] DEBUG c.service.MarketDataService - [ALGO] ASK: price:144 quantity:645
22:53:37.254 [main] DEBUG c.service.MarketDataService - [ALGO] ASK: price:167 quantity:665
22:53:37.254 [main] INFO  c.gettingstarted.MyAlgoLogic - [MYALGO] The state of the order book is:
|----BID-----||----ASK----|
    134 @ 43    501 @ 98
    145 @ 76   200 @ 101
    300 @ 91  5000 @ 110
    200 @ 93  5600 @ 119
    100 @ 95   453 @ 123
    154 @ 98   645 @ 144
          -    665 @ 167
|------------||-----------|

22:53:37.254 [main] INFO  c.gettingstarted.MyAlgoLogic - [MYALGO] Algo Sees Book as: 
|----BID-----||----ASK----|
    134 @ 43    501 @ 98
    145 @ 76   200 @ 101
    300 @ 91  5000 @ 110
    200 @ 93  5600 @ 119
    100 @ 95   453 @ 123
    154 @ 98   645 @ 144
          -    665 @ 167
|------------||-----------|

22:53:37.254 [main] INFO  c.gettingstarted.TimedLogic - [TIMEDLOGIC] Market is closed
22:53:37.254 [main] INFO  c.sequencer.consumer.LoggingConsumer - [184] 
|----BID-----|
    134 @ 43
    145 @ 76
    300 @ 91
    200 @ 93
    100 @ 95
    154 @ 98
|----ASK-----|
    501 @ 98
   200 @ 101
  5000 @ 110
  5600 @ 119
   453 @ 123
   645 @ 144
   665 @ 167

22:53:37.254 [main] INFO  c.orderbook.OrderBook - [ORDERBOOK] Processing Mkt Data Update
22:53:37.254 [main] INFO  c.o.v.MutatingRemoveAllMarketDataOrdersVisitor - [ORDERBOOK] Removing market data order:MktData(price=43,quantity=134)
22:53:37.254 [main] INFO  c.o.v.MutatingRemoveAllMarketDataOrdersVisitor - [ORDERBOOK] Removing level:43
22:53:37.254 [main] DEBUG c.orderbook.OrderBook - [ORDERBOOK] ASK: Adding orderMktData(price=43,quantity=134)
22:53:37.254 [main] DEBUG c.orderbook.OrderBook - [ORDERBOOK] ASK: Adding orderMktData(price=76,quantity=145)
22:53:37.254 [main] DEBUG c.orderbook.OrderBook - [ORDERBOOK] ASK: Adding orderMktData(price=91,quantity=300)
22:53:37.254 [main] DEBUG c.orderbook.OrderBook - [ORDERBOOK] ASK: Adding orderMktData(price=93,quantity=200)
22:53:37.254 [main] DEBUG c.orderbook.OrderBook - [ORDERBOOK] ASK: Adding orderMktData(price=95,quantity=100)
22:53:37.254 [main] DEBUG c.orderbook.OrderBook - [ORDERBOOK] ASK: Adding orderMktData(price=98,quantity=154)
22:53:37.254 [main] INFO  c.o.v.MutatingMatchOneMarketDataOrderVisitor - [ORDERBOOK] visiting LevelOrderBookLevel(price=43,quantity=134)
22:53:37.254 [main] INFO  c.o.v.MutatingMatchOneMarketDataOrderVisitor - [ORDERBOOK] Can't match order:MktData(price=43,quantity=134)(MktData(price=98,quantity=154))
22:53:37.254 [main] INFO  c.o.v.MutatingRemoveAllMarketDataOrdersVisitor - [ORDERBOOK] Removing market data order:MktData(price=98,quantity=501)
22:53:37.254 [main] INFO  c.o.v.MutatingRemoveAllMarketDataOrdersVisitor - [ORDERBOOK] Removing level:98
22:53:37.254 [main] INFO  c.o.v.MutatingRemoveAllMarketDataOrdersVisitor - [ORDERBOOK] Removing market data order:MktData(price=101,quantity=200)
22:53:37.254 [main] INFO  c.o.v.MutatingRemoveAllMarketDataOrdersVisitor - [ORDERBOOK] Removing level:101
22:53:37.254 [main] INFO  c.o.v.MutatingRemoveAllMarketDataOrdersVisitor - [ORDERBOOK] Removing market data order:MktData(price=110,quantity=5000)
22:53:37.254 [main] INFO  c.o.v.MutatingRemoveAllMarketDataOrdersVisitor - [ORDERBOOK] Removing level:110
22:53:37.254 [main] INFO  c.o.v.MutatingRemoveAllMarketDataOrdersVisitor - [ORDERBOOK] Removing market data order:MktData(price=119,quantity=5600)
22:53:37.254 [main] INFO  c.o.v.MutatingRemoveAllMarketDataOrdersVisitor - [ORDERBOOK] Removing level:119
22:53:37.254 [main] INFO  c.o.v.MutatingRemoveAllMarketDataOrdersVisitor - [ORDERBOOK] Removing market data order:MktData(price=123,quantity=453)
22:53:37.254 [main] INFO  c.o.v.MutatingRemoveAllMarketDataOrdersVisitor - [ORDERBOOK] Removing level:123
22:53:37.254 [main] INFO  c.o.v.MutatingRemoveAllMarketDataOrdersVisitor - [ORDERBOOK] Removing market data order:MktData(price=144,quantity=645)
22:53:37.254 [main] INFO  c.o.v.MutatingRemoveAllMarketDataOrdersVisitor - [ORDERBOOK] Removing level:144
22:53:37.254 [main] INFO  c.o.v.MutatingRemoveAllMarketDataOrdersVisitor - [ORDERBOOK] Removing market data order:MktData(price=167,quantity=665)
22:53:37.254 [main] INFO  c.o.v.MutatingRemoveAllMarketDataOrdersVisitor - [ORDERBOOK] Removing level:167
22:53:37.254 [main] DEBUG c.orderbook.OrderBook - [ORDERBOOK] ASK: Adding orderMktData(price=98,quantity=501)
22:53:37.254 [main] DEBUG c.orderbook.OrderBook - [ORDERBOOK] ASK: Adding orderMktData(price=101,quantity=200)
22:53:37.254 [main] DEBUG c.orderbook.OrderBook - [ORDERBOOK] ASK: Adding orderMktData(price=110,quantity=5000)
22:53:37.254 [main] DEBUG c.orderbook.OrderBook - [ORDERBOOK] ASK: Adding orderMktData(price=119,quantity=5600)
22:53:37.254 [main] DEBUG c.orderbook.OrderBook - [ORDERBOOK] ASK: Adding orderMktData(price=123,quantity=453)
22:53:37.254 [main] DEBUG c.orderbook.OrderBook - [ORDERBOOK] ASK: Adding orderMktData(price=144,quantity=645)
22:53:37.254 [main] DEBUG c.orderbook.OrderBook - [ORDERBOOK] ASK: Adding orderMktData(price=167,quantity=665)
22:53:37.254 [main] DEBUG c.service.MarketDataService - [ALGO] BID: price:43 quantity:134
22:53:37.254 [main] DEBUG c.service.MarketDataService - [ALGO] BID: price:76 quantity:145
22:53:37.254 [main] DEBUG c.service.MarketDataService - [ALGO] BID: price:91 quantity:300
22:53:37.254 [main] DEBUG c.service.MarketDataService - [ALGO] BID: price:93 quantity:200
22:53:37.254 [main] DEBUG c.service.MarketDataService - [ALGO] BID: price:95 quantity:100
22:53:37.254 [main] DEBUG c.service.MarketDataService - [ALGO] BID: price:98 quantity:154
22:53:37.254 [main] DEBUG c.service.MarketDataService - [ALGO] ASK: price:98 quantity:501
22:53:37.254 [main] DEBUG c.service.MarketDataService - [ALGO] ASK: price:101 quantity:200
22:53:37.254 [main] DEBUG c.service.MarketDataService - [ALGO] ASK: price:110 quantity:5000
22:53:37.254 [main] DEBUG c.service.MarketDataService - [ALGO] ASK: price:119 quantity:5600
22:53:37.254 [main] DEBUG c.service.MarketDataService - [ALGO] ASK: price:123 quantity:453
22:53:37.254 [main] DEBUG c.service.MarketDataService - [ALGO] ASK: price:144 quantity:645
22:53:37.254 [main] DEBUG c.service.MarketDataService - [ALGO] ASK: price:167 quantity:665
22:53:37.254 [main] INFO  c.gettingstarted.MyAlgoLogic - [MYALGO] The state of the order book is:
|----BID-----||----ASK----|
    134 @ 43    501 @ 98
    145 @ 76   200 @ 101
    300 @ 91  5000 @ 110
    200 @ 93  5600 @ 119
    100 @ 95   453 @ 123
    154 @ 98   645 @ 144
          -    665 @ 167
|------------||-----------|

22:53:37.254 [main] INFO  c.gettingstarted.MyAlgoLogic - [MYALGO] Algo Sees Book as: 
|----BID-----||----ASK----|
    134 @ 43    501 @ 98
    145 @ 76   200 @ 101
    300 @ 91  5000 @ 110
    200 @ 93  5600 @ 119
    100 @ 95   453 @ 123
    154 @ 98   645 @ 144
          -    665 @ 167
|------------||-----------|

22:53:37.254 [main] INFO  c.gettingstarted.TimedLogic - [TIMEDLOGIC] Market is closed
22:53:37.254 [main] INFO  c.sequencer.consumer.LoggingConsumer - [185] 
|----BID-----|
    134 @ 43
    145 @ 76
    300 @ 91
    200 @ 93
    100 @ 95
    154 @ 98
|----ASK-----|
    501 @ 98
   200 @ 101
  5000 @ 110
  5600 @ 119
   453 @ 123
   645 @ 144
   665 @ 167

22:53:37.254 [main] INFO  c.orderbook.OrderBook - [ORDERBOOK] Processing Mkt Data Update
22:53:37.254 [main] INFO  c.o.v.MutatingRemoveAllMarketDataOrdersVisitor - [ORDERBOOK] Removing market data order:MktData(price=43,quantity=134)
22:53:37.254 [main] INFO  c.o.v.MutatingRemoveAllMarketDataOrdersVisitor - [ORDERBOOK] Removing level:43
22:53:37.254 [main] DEBUG c.orderbook.OrderBook - [ORDERBOOK] ASK: Adding orderMktData(price=43,quantity=134)
22:53:37.254 [main] DEBUG c.orderbook.OrderBook - [ORDERBOOK] ASK: Adding orderMktData(price=76,quantity=145)
22:53:37.254 [main] DEBUG c.orderbook.OrderBook - [ORDERBOOK] ASK: Adding orderMktData(price=91,quantity=300)
22:53:37.254 [main] DEBUG c.orderbook.OrderBook - [ORDERBOOK] ASK: Adding orderMktData(price=93,quantity=200)
22:53:37.254 [main] DEBUG c.orderbook.OrderBook - [ORDERBOOK] ASK: Adding orderMktData(price=95,quantity=100)
22:53:37.254 [main] DEBUG c.orderbook.OrderBook - [ORDERBOOK] ASK: Adding orderMktData(price=98,quantity=154)
22:53:37.254 [main] INFO  c.o.v.MutatingMatchOneMarketDataOrderVisitor - [ORDERBOOK] visiting LevelOrderBookLevel(price=43,quantity=134)
22:53:37.254 [main] INFO  c.o.v.MutatingMatchOneMarketDataOrderVisitor - [ORDERBOOK] Can't match order:MktData(price=43,quantity=134)(MktData(price=98,quantity=154))
22:53:37.254 [main] INFO  c.o.v.MutatingRemoveAllMarketDataOrdersVisitor - [ORDERBOOK] Removing market data order:MktData(price=98,quantity=501)
22:53:37.254 [main] INFO  c.o.v.MutatingRemoveAllMarketDataOrdersVisitor - [ORDERBOOK] Removing level:98
22:53:37.254 [main] INFO  c.o.v.MutatingRemoveAllMarketDataOrdersVisitor - [ORDERBOOK] Removing market data order:MktData(price=101,quantity=200)
22:53:37.254 [main] INFO  c.o.v.MutatingRemoveAllMarketDataOrdersVisitor - [ORDERBOOK] Removing level:101
22:53:37.254 [main] INFO  c.o.v.MutatingRemoveAllMarketDataOrdersVisitor - [ORDERBOOK] Removing market data order:MktData(price=110,quantity=5000)
22:53:37.254 [main] INFO  c.o.v.MutatingRemoveAllMarketDataOrdersVisitor - [ORDERBOOK] Removing level:110
22:53:37.254 [main] INFO  c.o.v.MutatingRemoveAllMarketDataOrdersVisitor - [ORDERBOOK] Removing market data order:MktData(price=119,quantity=5600)
22:53:37.254 [main] INFO  c.o.v.MutatingRemoveAllMarketDataOrdersVisitor - [ORDERBOOK] Removing level:119
22:53:37.254 [main] INFO  c.o.v.MutatingRemoveAllMarketDataOrdersVisitor - [ORDERBOOK] Removing market data order:MktData(price=123,quantity=453)
22:53:37.254 [main] INFO  c.o.v.MutatingRemoveAllMarketDataOrdersVisitor - [ORDERBOOK] Removing level:123
22:53:37.254 [main] INFO  c.o.v.MutatingRemoveAllMarketDataOrdersVisitor - [ORDERBOOK] Removing market data order:MktData(price=144,quantity=645)
22:53:37.254 [main] INFO  c.o.v.MutatingRemoveAllMarketDataOrdersVisitor - [ORDERBOOK] Removing level:144
22:53:37.254 [main] INFO  c.o.v.MutatingRemoveAllMarketDataOrdersVisitor - [ORDERBOOK] Removing market data order:MktData(price=167,quantity=665)
22:53:37.254 [main] INFO  c.o.v.MutatingRemoveAllMarketDataOrdersVisitor - [ORDERBOOK] Removing level:167
22:53:37.254 [main] DEBUG c.orderbook.OrderBook - [ORDERBOOK] ASK: Adding orderMktData(price=98,quantity=501)
22:53:37.254 [main] DEBUG c.orderbook.OrderBook - [ORDERBOOK] ASK: Adding orderMktData(price=101,quantity=200)
22:53:37.254 [main] DEBUG c.orderbook.OrderBook - [ORDERBOOK] ASK: Adding orderMktData(price=110,quantity=5000)
22:53:37.254 [main] DEBUG c.orderbook.OrderBook - [ORDERBOOK] ASK: Adding orderMktData(price=119,quantity=5600)
22:53:37.254 [main] DEBUG c.orderbook.OrderBook - [ORDERBOOK] ASK: Adding orderMktData(price=123,quantity=453)
22:53:37.254 [main] DEBUG c.orderbook.OrderBook - [ORDERBOOK] ASK: Adding orderMktData(price=144,quantity=645)
22:53:37.254 [main] DEBUG c.orderbook.OrderBook - [ORDERBOOK] ASK: Adding orderMktData(price=167,quantity=665)
22:53:37.254 [main] DEBUG c.service.MarketDataService - [ALGO] BID: price:43 quantity:134
22:53:37.254 [main] DEBUG c.service.MarketDataService - [ALGO] BID: price:76 quantity:145
22:53:37.254 [main] DEBUG c.service.MarketDataService - [ALGO] BID: price:91 quantity:300
22:53:37.254 [main] DEBUG c.service.MarketDataService - [ALGO] BID: price:93 quantity:200
22:53:37.254 [main] DEBUG c.service.MarketDataService - [ALGO] BID: price:95 quantity:100
22:53:37.254 [main] DEBUG c.service.MarketDataService - [ALGO] BID: price:98 quantity:154
22:53:37.254 [main] DEBUG c.service.MarketDataService - [ALGO] ASK: price:98 quantity:501
22:53:37.254 [main] DEBUG c.service.MarketDataService - [ALGO] ASK: price:101 quantity:200
22:53:37.254 [main] DEBUG c.service.MarketDataService - [ALGO] ASK: price:110 quantity:5000
22:53:37.254 [main] DEBUG c.service.MarketDataService - [ALGO] ASK: price:119 quantity:5600
22:53:37.254 [main] DEBUG c.service.MarketDataService - [ALGO] ASK: price:123 quantity:453
22:53:37.254 [main] DEBUG c.service.MarketDataService - [ALGO] ASK: price:144 quantity:645
22:53:37.254 [main] DEBUG c.service.MarketDataService - [ALGO] ASK: price:167 quantity:665
22:53:37.254 [main] INFO  c.gettingstarted.MyAlgoLogic - [MYALGO] The state of the order book is:
|----BID-----||----ASK----|
    134 @ 43    501 @ 98
    145 @ 76   200 @ 101
    300 @ 91  5000 @ 110
    200 @ 93  5600 @ 119
    100 @ 95   453 @ 123
    154 @ 98   645 @ 144
          -    665 @ 167
|------------||-----------|

22:53:37.254 [main] INFO  c.gettingstarted.MyAlgoLogic - [MYALGO] Algo Sees Book as: 
|----BID-----||----ASK----|
    134 @ 43    501 @ 98
    145 @ 76   200 @ 101
    300 @ 91  5000 @ 110
    200 @ 93  5600 @ 119
    100 @ 95   453 @ 123
    154 @ 98   645 @ 144
          -    665 @ 167
|------------||-----------|

22:53:37.254 [main] INFO  c.gettingstarted.TimedLogic - [TIMEDLOGIC] Market is closed
22:53:37.254 [main] INFO  c.sequencer.consumer.LoggingConsumer - [186] 
|----BID-----|
    134 @ 43
    145 @ 76
    300 @ 91
    200 @ 93
    100 @ 95
    154 @ 98
|----ASK-----|
    501 @ 98
   200 @ 101
  5000 @ 110
  5600 @ 119
   453 @ 123
   645 @ 144
   665 @ 167

22:53:37.254 [main] INFO  c.orderbook.OrderBook - [ORDERBOOK] Processing Mkt Data Update
22:53:37.254 [main] INFO  c.o.v.MutatingRemoveAllMarketDataOrdersVisitor - [ORDERBOOK] Removing market data order:MktData(price=43,quantity=134)
22:53:37.254 [main] INFO  c.o.v.MutatingRemoveAllMarketDataOrdersVisitor - [ORDERBOOK] Removing level:43
22:53:37.254 [main] DEBUG c.orderbook.OrderBook - [ORDERBOOK] ASK: Adding orderMktData(price=43,quantity=134)
22:53:37.254 [main] DEBUG c.orderbook.OrderBook - [ORDERBOOK] ASK: Adding orderMktData(price=76,quantity=145)
22:53:37.254 [main] DEBUG c.orderbook.OrderBook - [ORDERBOOK] ASK: Adding orderMktData(price=91,quantity=300)
22:53:37.254 [main] DEBUG c.orderbook.OrderBook - [ORDERBOOK] ASK: Adding orderMktData(price=93,quantity=200)
22:53:37.254 [main] DEBUG c.orderbook.OrderBook - [ORDERBOOK] ASK: Adding orderMktData(price=95,quantity=100)
22:53:37.254 [main] DEBUG c.orderbook.OrderBook - [ORDERBOOK] ASK: Adding orderMktData(price=98,quantity=154)
22:53:37.254 [main] INFO  c.o.v.MutatingMatchOneMarketDataOrderVisitor - [ORDERBOOK] visiting LevelOrderBookLevel(price=43,quantity=134)
22:53:37.254 [main] INFO  c.o.v.MutatingMatchOneMarketDataOrderVisitor - [ORDERBOOK] Can't match order:MktData(price=43,quantity=134)(MktData(price=98,quantity=154))
22:53:37.254 [main] INFO  c.o.v.MutatingRemoveAllMarketDataOrdersVisitor - [ORDERBOOK] Removing market data order:MktData(price=98,quantity=501)
22:53:37.254 [main] INFO  c.o.v.MutatingRemoveAllMarketDataOrdersVisitor - [ORDERBOOK] Removing level:98
22:53:37.254 [main] INFO  c.o.v.MutatingRemoveAllMarketDataOrdersVisitor - [ORDERBOOK] Removing market data order:MktData(price=101,quantity=200)
22:53:37.254 [main] INFO  c.o.v.MutatingRemoveAllMarketDataOrdersVisitor - [ORDERBOOK] Removing level:101
22:53:37.254 [main] INFO  c.o.v.MutatingRemoveAllMarketDataOrdersVisitor - [ORDERBOOK] Removing market data order:MktData(price=110,quantity=5000)
22:53:37.254 [main] INFO  c.o.v.MutatingRemoveAllMarketDataOrdersVisitor - [ORDERBOOK] Removing level:110
22:53:37.254 [main] INFO  c.o.v.MutatingRemoveAllMarketDataOrdersVisitor - [ORDERBOOK] Removing market data order:MktData(price=119,quantity=5600)
22:53:37.254 [main] INFO  c.o.v.MutatingRemoveAllMarketDataOrdersVisitor - [ORDERBOOK] Removing level:119
22:53:37.254 [main] INFO  c.o.v.MutatingRemoveAllMarketDataOrdersVisitor - [ORDERBOOK] Removing market data order:MktData(price=123,quantity=453)
22:53:37.254 [main] INFO  c.o.v.MutatingRemoveAllMarketDataOrdersVisitor - [ORDERBOOK] Removing level:123
22:53:37.254 [main] INFO  c.o.v.MutatingRemoveAllMarketDataOrdersVisitor - [ORDERBOOK] Removing market data order:MktData(price=144,quantity=645)
22:53:37.254 [main] INFO  c.o.v.MutatingRemoveAllMarketDataOrdersVisitor - [ORDERBOOK] Removing level:144
22:53:37.254 [main] INFO  c.o.v.MutatingRemoveAllMarketDataOrdersVisitor - [ORDERBOOK] Removing market data order:MktData(price=167,quantity=665)
22:53:37.254 [main] INFO  c.o.v.MutatingRemoveAllMarketDataOrdersVisitor - [ORDERBOOK] Removing level:167
22:53:37.254 [main] DEBUG c.orderbook.OrderBook - [ORDERBOOK] ASK: Adding orderMktData(price=98,quantity=501)
22:53:37.254 [main] DEBUG c.orderbook.OrderBook - [ORDERBOOK] ASK: Adding orderMktData(price=101,quantity=200)
22:53:37.254 [main] DEBUG c.orderbook.OrderBook - [ORDERBOOK] ASK: Adding orderMktData(price=110,quantity=5000)
22:53:37.254 [main] DEBUG c.orderbook.OrderBook - [ORDERBOOK] ASK: Adding orderMktData(price=119,quantity=5600)
22:53:37.254 [main] DEBUG c.orderbook.OrderBook - [ORDERBOOK] ASK: Adding orderMktData(price=123,quantity=453)
22:53:37.254 [main] DEBUG c.orderbook.OrderBook - [ORDERBOOK] ASK: Adding orderMktData(price=144,quantity=645)
22:53:37.254 [main] DEBUG c.orderbook.OrderBook - [ORDERBOOK] ASK: Adding orderMktData(price=167,quantity=665)
22:53:37.254 [main] DEBUG c.service.MarketDataService - [ALGO] BID: price:43 quantity:134
22:53:37.254 [main] DEBUG c.service.MarketDataService - [ALGO] BID: price:76 quantity:145
22:53:37.254 [main] DEBUG c.service.MarketDataService - [ALGO] BID: price:91 quantity:300
22:53:37.254 [main] DEBUG c.service.MarketDataService - [ALGO] BID: price:93 quantity:200
22:53:37.254 [main] DEBUG c.service.MarketDataService - [ALGO] BID: price:95 quantity:100
22:53:37.254 [main] DEBUG c.service.MarketDataService - [ALGO] BID: price:98 quantity:154
22:53:37.254 [main] DEBUG c.service.MarketDataService - [ALGO] ASK: price:98 quantity:501
22:53:37.254 [main] DEBUG c.service.MarketDataService - [ALGO] ASK: price:101 quantity:200
22:53:37.254 [main] DEBUG c.service.MarketDataService - [ALGO] ASK: price:110 quantity:5000
22:53:37.254 [main] DEBUG c.service.MarketDataService - [ALGO] ASK: price:119 quantity:5600
22:53:37.254 [main] DEBUG c.service.MarketDataService - [ALGO] ASK: price:123 quantity:453
22:53:37.254 [main] DEBUG c.service.MarketDataService - [ALGO] ASK: price:144 quantity:645
22:53:37.254 [main] DEBUG c.service.MarketDataService - [ALGO] ASK: price:167 quantity:665
22:53:37.254 [main] INFO  c.gettingstarted.MyAlgoLogic - [MYALGO] The state of the order book is:
|----BID-----||----ASK----|
    134 @ 43    501 @ 98
    145 @ 76   200 @ 101
    300 @ 91  5000 @ 110
    200 @ 93  5600 @ 119
    100 @ 95   453 @ 123
    154 @ 98   645 @ 144
          -    665 @ 167
|------------||-----------|

22:53:37.254 [main] INFO  c.gettingstarted.MyAlgoLogic - [MYALGO] Algo Sees Book as: 
|----BID-----||----ASK----|
    134 @ 43    501 @ 98
    145 @ 76   200 @ 101
    300 @ 91  5000 @ 110
    200 @ 93  5600 @ 119
    100 @ 95   453 @ 123
    154 @ 98   645 @ 144
          -    665 @ 167
|------------||-----------|

22:53:37.254 [main] INFO  c.gettingstarted.TimedLogic - [TIMEDLOGIC] Market is closed
22:53:37.254 [main] INFO  c.sequencer.consumer.LoggingConsumer - [187] 
|----BID-----|
    134 @ 43
    145 @ 76
    300 @ 91
    200 @ 93
    100 @ 95
    154 @ 98
|----ASK-----|
    501 @ 98
   200 @ 101
  5000 @ 110
  5600 @ 119
   453 @ 123
   645 @ 144
   665 @ 167

22:53:37.254 [main] INFO  c.orderbook.OrderBook - [ORDERBOOK] Processing Mkt Data Update
22:53:37.254 [main] INFO  c.o.v.MutatingRemoveAllMarketDataOrdersVisitor - [ORDERBOOK] Removing market data order:MktData(price=43,quantity=134)
22:53:37.254 [main] INFO  c.o.v.MutatingRemoveAllMarketDataOrdersVisitor - [ORDERBOOK] Removing level:43
22:53:37.254 [main] DEBUG c.orderbook.OrderBook - [ORDERBOOK] ASK: Adding orderMktData(price=43,quantity=134)
22:53:37.254 [main] DEBUG c.orderbook.OrderBook - [ORDERBOOK] ASK: Adding orderMktData(price=76,quantity=145)
22:53:37.254 [main] DEBUG c.orderbook.OrderBook - [ORDERBOOK] ASK: Adding orderMktData(price=91,quantity=300)
22:53:37.254 [main] DEBUG c.orderbook.OrderBook - [ORDERBOOK] ASK: Adding orderMktData(price=93,quantity=200)
22:53:37.254 [main] DEBUG c.orderbook.OrderBook - [ORDERBOOK] ASK: Adding orderMktData(price=95,quantity=100)
22:53:37.254 [main] DEBUG c.orderbook.OrderBook - [ORDERBOOK] ASK: Adding orderMktData(price=98,quantity=154)
22:53:37.254 [main] INFO  c.o.v.MutatingMatchOneMarketDataOrderVisitor - [ORDERBOOK] visiting LevelOrderBookLevel(price=43,quantity=134)
22:53:37.254 [main] INFO  c.o.v.MutatingMatchOneMarketDataOrderVisitor - [ORDERBOOK] Can't match order:MktData(price=43,quantity=134)(MktData(price=98,quantity=154))
22:53:37.254 [main] INFO  c.o.v.MutatingRemoveAllMarketDataOrdersVisitor - [ORDERBOOK] Removing market data order:MktData(price=98,quantity=501)
22:53:37.254 [main] INFO  c.o.v.MutatingRemoveAllMarketDataOrdersVisitor - [ORDERBOOK] Removing level:98
22:53:37.254 [main] INFO  c.o.v.MutatingRemoveAllMarketDataOrdersVisitor - [ORDERBOOK] Removing market data order:MktData(price=101,quantity=200)
22:53:37.254 [main] INFO  c.o.v.MutatingRemoveAllMarketDataOrdersVisitor - [ORDERBOOK] Removing level:101
22:53:37.254 [main] INFO  c.o.v.MutatingRemoveAllMarketDataOrdersVisitor - [ORDERBOOK] Removing market data order:MktData(price=110,quantity=5000)
22:53:37.254 [main] INFO  c.o.v.MutatingRemoveAllMarketDataOrdersVisitor - [ORDERBOOK] Removing level:110
22:53:37.254 [main] INFO  c.o.v.MutatingRemoveAllMarketDataOrdersVisitor - [ORDERBOOK] Removing market data order:MktData(price=119,quantity=5600)
22:53:37.254 [main] INFO  c.o.v.MutatingRemoveAllMarketDataOrdersVisitor - [ORDERBOOK] Removing level:119
22:53:37.254 [main] INFO  c.o.v.MutatingRemoveAllMarketDataOrdersVisitor - [ORDERBOOK] Removing market data order:MktData(price=123,quantity=453)
22:53:37.254 [main] INFO  c.o.v.MutatingRemoveAllMarketDataOrdersVisitor - [ORDERBOOK] Removing level:123
22:53:37.254 [main] INFO  c.o.v.MutatingRemoveAllMarketDataOrdersVisitor - [ORDERBOOK] Removing market data order:MktData(price=144,quantity=645)
22:53:37.254 [main] INFO  c.o.v.MutatingRemoveAllMarketDataOrdersVisitor - [ORDERBOOK] Removing level:144
22:53:37.254 [main] INFO  c.o.v.MutatingRemoveAllMarketDataOrdersVisitor - [ORDERBOOK] Removing market data order:MktData(price=167,quantity=665)
22:53:37.254 [main] INFO  c.o.v.MutatingRemoveAllMarketDataOrdersVisitor - [ORDERBOOK] Removing level:167
22:53:37.254 [main] DEBUG c.orderbook.OrderBook - [ORDERBOOK] ASK: Adding orderMktData(price=98,quantity=501)
22:53:37.254 [main] DEBUG c.orderbook.OrderBook - [ORDERBOOK] ASK: Adding orderMktData(price=101,quantity=200)
22:53:37.254 [main] DEBUG c.orderbook.OrderBook - [ORDERBOOK] ASK: Adding orderMktData(price=110,quantity=5000)
22:53:37.254 [main] DEBUG c.orderbook.OrderBook - [ORDERBOOK] ASK: Adding orderMktData(price=119,quantity=5600)
22:53:37.254 [main] DEBUG c.orderbook.OrderBook - [ORDERBOOK] ASK: Adding orderMktData(price=123,quantity=453)
22:53:37.254 [main] DEBUG c.orderbook.OrderBook - [ORDERBOOK] ASK: Adding orderMktData(price=144,quantity=645)
22:53:37.254 [main] DEBUG c.orderbook.OrderBook - [ORDERBOOK] ASK: Adding orderMktData(price=167,quantity=665)
22:53:37.254 [main] DEBUG c.service.MarketDataService - [ALGO] BID: price:43 quantity:134
22:53:37.254 [main] DEBUG c.service.MarketDataService - [ALGO] BID: price:76 quantity:145
22:53:37.254 [main] DEBUG c.service.MarketDataService - [ALGO] BID: price:91 quantity:300
22:53:37.254 [main] DEBUG c.service.MarketDataService - [ALGO] BID: price:93 quantity:200
22:53:37.254 [main] DEBUG c.service.MarketDataService - [ALGO] BID: price:95 quantity:100
22:53:37.254 [main] DEBUG c.service.MarketDataService - [ALGO] BID: price:98 quantity:154
22:53:37.254 [main] DEBUG c.service.MarketDataService - [ALGO] ASK: price:98 quantity:501
22:53:37.254 [main] DEBUG c.service.MarketDataService - [ALGO] ASK: price:101 quantity:200
22:53:37.254 [main] DEBUG c.service.MarketDataService - [ALGO] ASK: price:110 quantity:5000
22:53:37.254 [main] DEBUG c.service.MarketDataService - [ALGO] ASK: price:119 quantity:5600
22:53:37.254 [main] DEBUG c.service.MarketDataService - [ALGO] ASK: price:123 quantity:453
22:53:37.254 [main] DEBUG c.service.MarketDataService - [ALGO] ASK: price:144 quantity:645
22:53:37.254 [main] DEBUG c.service.MarketDataService - [ALGO] ASK: price:167 quantity:665
22:53:37.254 [main] INFO  c.gettingstarted.MyAlgoLogic - [MYALGO] The state of the order book is:
|----BID-----||----ASK----|
    134 @ 43    501 @ 98
    145 @ 76   200 @ 101
    300 @ 91  5000 @ 110
    200 @ 93  5600 @ 119
    100 @ 95   453 @ 123
    154 @ 98   645 @ 144
          -    665 @ 167
|------------||-----------|

22:53:37.254 [main] INFO  c.gettingstarted.MyAlgoLogic - [MYALGO] Algo Sees Book as: 
|----BID-----||----ASK----|
    134 @ 43    501 @ 98
    145 @ 76   200 @ 101
    300 @ 91  5000 @ 110
    200 @ 93  5600 @ 119
    100 @ 95   453 @ 123
    154 @ 98   645 @ 144
          -    665 @ 167
|------------||-----------|

22:53:37.254 [main] INFO  c.gettingstarted.TimedLogic - [TIMEDLOGIC] Market is closed
22:53:37.254 [main] INFO  c.sequencer.consumer.LoggingConsumer - [188] 
|----BID-----|
    134 @ 43
    145 @ 76
    300 @ 91
    200 @ 93
    100 @ 95
    154 @ 98
|----ASK-----|
    501 @ 98
   200 @ 101
  5000 @ 110
  5600 @ 119
   453 @ 123
   645 @ 144
   665 @ 167

22:53:37.254 [main] INFO  c.orderbook.OrderBook - [ORDERBOOK] Processing Mkt Data Update
22:53:37.254 [main] INFO  c.o.v.MutatingRemoveAllMarketDataOrdersVisitor - [ORDERBOOK] Removing market data order:MktData(price=43,quantity=134)
22:53:37.254 [main] INFO  c.o.v.MutatingRemoveAllMarketDataOrdersVisitor - [ORDERBOOK] Removing level:43
22:53:37.254 [main] DEBUG c.orderbook.OrderBook - [ORDERBOOK] ASK: Adding orderMktData(price=43,quantity=134)
22:53:37.254 [main] DEBUG c.orderbook.OrderBook - [ORDERBOOK] ASK: Adding orderMktData(price=76,quantity=145)
22:53:37.254 [main] DEBUG c.orderbook.OrderBook - [ORDERBOOK] ASK: Adding orderMktData(price=91,quantity=300)
22:53:37.254 [main] DEBUG c.orderbook.OrderBook - [ORDERBOOK] ASK: Adding orderMktData(price=93,quantity=200)
22:53:37.254 [main] DEBUG c.orderbook.OrderBook - [ORDERBOOK] ASK: Adding orderMktData(price=95,quantity=100)
22:53:37.254 [main] DEBUG c.orderbook.OrderBook - [ORDERBOOK] ASK: Adding orderMktData(price=98,quantity=154)
22:53:37.254 [main] INFO  c.o.v.MutatingMatchOneMarketDataOrderVisitor - [ORDERBOOK] visiting LevelOrderBookLevel(price=43,quantity=134)
22:53:37.254 [main] INFO  c.o.v.MutatingMatchOneMarketDataOrderVisitor - [ORDERBOOK] Can't match order:MktData(price=43,quantity=134)(MktData(price=98,quantity=154))
22:53:37.254 [main] INFO  c.o.v.MutatingRemoveAllMarketDataOrdersVisitor - [ORDERBOOK] Removing market data order:MktData(price=98,quantity=501)
22:53:37.264 [main] INFO  c.o.v.MutatingRemoveAllMarketDataOrdersVisitor - [ORDERBOOK] Removing level:98
22:53:37.264 [main] INFO  c.o.v.MutatingRemoveAllMarketDataOrdersVisitor - [ORDERBOOK] Removing market data order:MktData(price=101,quantity=200)
22:53:37.264 [main] INFO  c.o.v.MutatingRemoveAllMarketDataOrdersVisitor - [ORDERBOOK] Removing level:101
22:53:37.264 [main] INFO  c.o.v.MutatingRemoveAllMarketDataOrdersVisitor - [ORDERBOOK] Removing market data order:MktData(price=110,quantity=5000)
22:53:37.264 [main] INFO  c.o.v.MutatingRemoveAllMarketDataOrdersVisitor - [ORDERBOOK] Removing level:110
22:53:37.264 [main] INFO  c.o.v.MutatingRemoveAllMarketDataOrdersVisitor - [ORDERBOOK] Removing market data order:MktData(price=119,quantity=5600)
22:53:37.264 [main] INFO  c.o.v.MutatingRemoveAllMarketDataOrdersVisitor - [ORDERBOOK] Removing level:119
22:53:37.264 [main] INFO  c.o.v.MutatingRemoveAllMarketDataOrdersVisitor - [ORDERBOOK] Removing market data order:MktData(price=123,quantity=453)
22:53:37.264 [main] INFO  c.o.v.MutatingRemoveAllMarketDataOrdersVisitor - [ORDERBOOK] Removing level:123
22:53:37.264 [main] INFO  c.o.v.MutatingRemoveAllMarketDataOrdersVisitor - [ORDERBOOK] Removing market data order:MktData(price=144,quantity=645)
22:53:37.264 [main] INFO  c.o.v.MutatingRemoveAllMarketDataOrdersVisitor - [ORDERBOOK] Removing level:144
22:53:37.264 [main] INFO  c.o.v.MutatingRemoveAllMarketDataOrdersVisitor - [ORDERBOOK] Removing market data order:MktData(price=167,quantity=665)
22:53:37.264 [main] INFO  c.o.v.MutatingRemoveAllMarketDataOrdersVisitor - [ORDERBOOK] Removing level:167
22:53:37.264 [main] DEBUG c.orderbook.OrderBook - [ORDERBOOK] ASK: Adding orderMktData(price=98,quantity=501)
22:53:37.264 [main] DEBUG c.orderbook.OrderBook - [ORDERBOOK] ASK: Adding orderMktData(price=101,quantity=200)
22:53:37.264 [main] DEBUG c.orderbook.OrderBook - [ORDERBOOK] ASK: Adding orderMktData(price=110,quantity=5000)
22:53:37.264 [main] DEBUG c.orderbook.OrderBook - [ORDERBOOK] ASK: Adding orderMktData(price=119,quantity=5600)
22:53:37.264 [main] DEBUG c.orderbook.OrderBook - [ORDERBOOK] ASK: Adding orderMktData(price=123,quantity=453)
22:53:37.264 [main] DEBUG c.orderbook.OrderBook - [ORDERBOOK] ASK: Adding orderMktData(price=144,quantity=645)
22:53:37.264 [main] DEBUG c.orderbook.OrderBook - [ORDERBOOK] ASK: Adding orderMktData(price=167,quantity=665)
22:53:37.264 [main] DEBUG c.service.MarketDataService - [ALGO] BID: price:43 quantity:134
22:53:37.264 [main] DEBUG c.service.MarketDataService - [ALGO] BID: price:76 quantity:145
22:53:37.264 [main] DEBUG c.service.MarketDataService - [ALGO] BID: price:91 quantity:300
22:53:37.264 [main] DEBUG c.service.MarketDataService - [ALGO] BID: price:93 quantity:200
22:53:37.264 [main] DEBUG c.service.MarketDataService - [ALGO] BID: price:95 quantity:100
22:53:37.264 [main] DEBUG c.service.MarketDataService - [ALGO] BID: price:98 quantity:154
22:53:37.264 [main] DEBUG c.service.MarketDataService - [ALGO] ASK: price:98 quantity:501
22:53:37.264 [main] DEBUG c.service.MarketDataService - [ALGO] ASK: price:101 quantity:200
22:53:37.264 [main] DEBUG c.service.MarketDataService - [ALGO] ASK: price:110 quantity:5000
22:53:37.264 [main] DEBUG c.service.MarketDataService - [ALGO] ASK: price:119 quantity:5600
22:53:37.264 [main] DEBUG c.service.MarketDataService - [ALGO] ASK: price:123 quantity:453
22:53:37.264 [main] DEBUG c.service.MarketDataService - [ALGO] ASK: price:144 quantity:645
22:53:37.264 [main] DEBUG c.service.MarketDataService - [ALGO] ASK: price:167 quantity:665
22:53:37.264 [main] INFO  c.gettingstarted.MyAlgoLogic - [MYALGO] The state of the order book is:
|----BID-----||----ASK----|
    134 @ 43    501 @ 98
    145 @ 76   200 @ 101
    300 @ 91  5000 @ 110
    200 @ 93  5600 @ 119
    100 @ 95   453 @ 123
    154 @ 98   645 @ 144
          -    665 @ 167
|------------||-----------|

22:53:37.264 [main] INFO  c.gettingstarted.MyAlgoLogic - [MYALGO] Algo Sees Book as: 
|----BID-----||----ASK----|
    134 @ 43    501 @ 98
    145 @ 76   200 @ 101
    300 @ 91  5000 @ 110
    200 @ 93  5600 @ 119
    100 @ 95   453 @ 123
    154 @ 98   645 @ 144
          -    665 @ 167
|------------||-----------|

22:53:37.264 [main] INFO  c.gettingstarted.TimedLogic - [TIMEDLOGIC] Market is closed
22:53:37.264 [main] INFO  c.sequencer.consumer.LoggingConsumer - [189] 
|----BID-----|
    134 @ 43
    145 @ 76
    300 @ 91
    200 @ 93
    100 @ 95
    154 @ 98
|----ASK-----|
    501 @ 98
   200 @ 101
  5000 @ 110
  5600 @ 119
   453 @ 123
   645 @ 144
   665 @ 167

22:53:37.264 [main] INFO  c.orderbook.OrderBook - [ORDERBOOK] Processing Mkt Data Update
22:53:37.264 [main] INFO  c.o.v.MutatingRemoveAllMarketDataOrdersVisitor - [ORDERBOOK] Removing market data order:MktData(price=43,quantity=134)
22:53:37.264 [main] INFO  c.o.v.MutatingRemoveAllMarketDataOrdersVisitor - [ORDERBOOK] Removing level:43
22:53:37.264 [main] DEBUG c.orderbook.OrderBook - [ORDERBOOK] ASK: Adding orderMktData(price=43,quantity=134)
22:53:37.264 [main] DEBUG c.orderbook.OrderBook - [ORDERBOOK] ASK: Adding orderMktData(price=76,quantity=145)
22:53:37.264 [main] DEBUG c.orderbook.OrderBook - [ORDERBOOK] ASK: Adding orderMktData(price=91,quantity=300)
22:53:37.264 [main] DEBUG c.orderbook.OrderBook - [ORDERBOOK] ASK: Adding orderMktData(price=93,quantity=200)
22:53:37.264 [main] DEBUG c.orderbook.OrderBook - [ORDERBOOK] ASK: Adding orderMktData(price=95,quantity=100)
22:53:37.264 [main] DEBUG c.orderbook.OrderBook - [ORDERBOOK] ASK: Adding orderMktData(price=98,quantity=154)
22:53:37.264 [main] INFO  c.o.v.MutatingMatchOneMarketDataOrderVisitor - [ORDERBOOK] visiting LevelOrderBookLevel(price=43,quantity=134)
22:53:37.264 [main] INFO  c.o.v.MutatingMatchOneMarketDataOrderVisitor - [ORDERBOOK] Can't match order:MktData(price=43,quantity=134)(MktData(price=98,quantity=154))
22:53:37.264 [main] INFO  c.o.v.MutatingRemoveAllMarketDataOrdersVisitor - [ORDERBOOK] Removing market data order:MktData(price=98,quantity=501)
22:53:37.264 [main] INFO  c.o.v.MutatingRemoveAllMarketDataOrdersVisitor - [ORDERBOOK] Removing level:98
22:53:37.264 [main] INFO  c.o.v.MutatingRemoveAllMarketDataOrdersVisitor - [ORDERBOOK] Removing market data order:MktData(price=101,quantity=200)
22:53:37.265 [main] INFO  c.o.v.MutatingRemoveAllMarketDataOrdersVisitor - [ORDERBOOK] Removing level:101
22:53:37.265 [main] INFO  c.o.v.MutatingRemoveAllMarketDataOrdersVisitor - [ORDERBOOK] Removing market data order:MktData(price=110,quantity=5000)
22:53:37.265 [main] INFO  c.o.v.MutatingRemoveAllMarketDataOrdersVisitor - [ORDERBOOK] Removing level:110
22:53:37.265 [main] INFO  c.o.v.MutatingRemoveAllMarketDataOrdersVisitor - [ORDERBOOK] Removing market data order:MktData(price=119,quantity=5600)
22:53:37.265 [main] INFO  c.o.v.MutatingRemoveAllMarketDataOrdersVisitor - [ORDERBOOK] Removing level:119
22:53:37.265 [main] INFO  c.o.v.MutatingRemoveAllMarketDataOrdersVisitor - [ORDERBOOK] Removing market data order:MktData(price=123,quantity=453)
22:53:37.265 [main] INFO  c.o.v.MutatingRemoveAllMarketDataOrdersVisitor - [ORDERBOOK] Removing level:123
22:53:37.265 [main] INFO  c.o.v.MutatingRemoveAllMarketDataOrdersVisitor - [ORDERBOOK] Removing market data order:MktData(price=144,quantity=645)
22:53:37.265 [main] INFO  c.o.v.MutatingRemoveAllMarketDataOrdersVisitor - [ORDERBOOK] Removing level:144
22:53:37.265 [main] INFO  c.o.v.MutatingRemoveAllMarketDataOrdersVisitor - [ORDERBOOK] Removing market data order:MktData(price=167,quantity=665)
22:53:37.265 [main] INFO  c.o.v.MutatingRemoveAllMarketDataOrdersVisitor - [ORDERBOOK] Removing level:167
22:53:37.265 [main] DEBUG c.orderbook.OrderBook - [ORDERBOOK] ASK: Adding orderMktData(price=98,quantity=501)
22:53:37.265 [main] DEBUG c.orderbook.OrderBook - [ORDERBOOK] ASK: Adding orderMktData(price=101,quantity=200)
22:53:37.265 [main] DEBUG c.orderbook.OrderBook - [ORDERBOOK] ASK: Adding orderMktData(price=110,quantity=5000)
22:53:37.265 [main] DEBUG c.orderbook.OrderBook - [ORDERBOOK] ASK: Adding orderMktData(price=119,quantity=5600)
22:53:37.265 [main] DEBUG c.orderbook.OrderBook - [ORDERBOOK] ASK: Adding orderMktData(price=123,quantity=453)
22:53:37.265 [main] DEBUG c.orderbook.OrderBook - [ORDERBOOK] ASK: Adding orderMktData(price=144,quantity=645)
22:53:37.265 [main] DEBUG c.orderbook.OrderBook - [ORDERBOOK] ASK: Adding orderMktData(price=167,quantity=665)
22:53:37.265 [main] DEBUG c.service.MarketDataService - [ALGO] BID: price:43 quantity:134
22:53:37.265 [main] DEBUG c.service.MarketDataService - [ALGO] BID: price:76 quantity:145
22:53:37.265 [main] DEBUG c.service.MarketDataService - [ALGO] BID: price:91 quantity:300
22:53:37.265 [main] DEBUG c.service.MarketDataService - [ALGO] BID: price:93 quantity:200
22:53:37.265 [main] DEBUG c.service.MarketDataService - [ALGO] BID: price:95 quantity:100
22:53:37.265 [main] DEBUG c.service.MarketDataService - [ALGO] BID: price:98 quantity:154
22:53:37.265 [main] DEBUG c.service.MarketDataService - [ALGO] ASK: price:98 quantity:501
22:53:37.265 [main] DEBUG c.service.MarketDataService - [ALGO] ASK: price:101 quantity:200
22:53:37.265 [main] DEBUG c.service.MarketDataService - [ALGO] ASK: price:110 quantity:5000
22:53:37.265 [main] DEBUG c.service.MarketDataService - [ALGO] ASK: price:119 quantity:5600
22:53:37.265 [main] DEBUG c.service.MarketDataService - [ALGO] ASK: price:123 quantity:453
22:53:37.265 [main] DEBUG c.service.MarketDataService - [ALGO] ASK: price:144 quantity:645
22:53:37.265 [main] DEBUG c.service.MarketDataService - [ALGO] ASK: price:167 quantity:665
22:53:37.265 [main] INFO  c.gettingstarted.MyAlgoLogic - [MYALGO] The state of the order book is:
|----BID-----||----ASK----|
    134 @ 43    501 @ 98
    145 @ 76   200 @ 101
    300 @ 91  5000 @ 110
    200 @ 93  5600 @ 119
    100 @ 95   453 @ 123
    154 @ 98   645 @ 144
          -    665 @ 167
|------------||-----------|

22:53:37.265 [main] INFO  c.gettingstarted.MyAlgoLogic - [MYALGO] Algo Sees Book as: 
|----BID-----||----ASK----|
    134 @ 43    501 @ 98
    145 @ 76   200 @ 101
    300 @ 91  5000 @ 110
    200 @ 93  5600 @ 119
    100 @ 95   453 @ 123
    154 @ 98   645 @ 144
          -    665 @ 167
|------------||-----------|

22:53:37.265 [main] INFO  c.gettingstarted.TimedLogic - [TIMEDLOGIC] Market is closed
22:53:37.265 [main] INFO  c.sequencer.consumer.LoggingConsumer - [190] 
|----BID-----|
    134 @ 43
    145 @ 76
    300 @ 91
    200 @ 93
    100 @ 95
    154 @ 98
|----ASK-----|
    501 @ 98
   200 @ 101
  5000 @ 110
  5600 @ 119
   453 @ 123
   645 @ 144
   665 @ 167

22:53:37.265 [main] INFO  c.orderbook.OrderBook - [ORDERBOOK] Processing Mkt Data Update
22:53:37.265 [main] INFO  c.o.v.MutatingRemoveAllMarketDataOrdersVisitor - [ORDERBOOK] Removing market data order:MktData(price=43,quantity=134)
22:53:37.265 [main] INFO  c.o.v.MutatingRemoveAllMarketDataOrdersVisitor - [ORDERBOOK] Removing level:43
22:53:37.265 [main] DEBUG c.orderbook.OrderBook - [ORDERBOOK] ASK: Adding orderMktData(price=43,quantity=134)
22:53:37.265 [main] DEBUG c.orderbook.OrderBook - [ORDERBOOK] ASK: Adding orderMktData(price=76,quantity=145)
22:53:37.265 [main] DEBUG c.orderbook.OrderBook - [ORDERBOOK] ASK: Adding orderMktData(price=91,quantity=300)
22:53:37.265 [main] DEBUG c.orderbook.OrderBook - [ORDERBOOK] ASK: Adding orderMktData(price=93,quantity=200)
22:53:37.265 [main] DEBUG c.orderbook.OrderBook - [ORDERBOOK] ASK: Adding orderMktData(price=95,quantity=100)
22:53:37.265 [main] DEBUG c.orderbook.OrderBook - [ORDERBOOK] ASK: Adding orderMktData(price=98,quantity=154)
22:53:37.265 [main] INFO  c.o.v.MutatingMatchOneMarketDataOrderVisitor - [ORDERBOOK] visiting LevelOrderBookLevel(price=43,quantity=134)
22:53:37.265 [main] INFO  c.o.v.MutatingMatchOneMarketDataOrderVisitor - [ORDERBOOK] Can't match order:MktData(price=43,quantity=134)(MktData(price=98,quantity=154))
22:53:37.265 [main] INFO  c.o.v.MutatingRemoveAllMarketDataOrdersVisitor - [ORDERBOOK] Removing market data order:MktData(price=98,quantity=501)
22:53:37.265 [main] INFO  c.o.v.MutatingRemoveAllMarketDataOrdersVisitor - [ORDERBOOK] Removing level:98
22:53:37.265 [main] INFO  c.o.v.MutatingRemoveAllMarketDataOrdersVisitor - [ORDERBOOK] Removing market data order:MktData(price=101,quantity=200)
22:53:37.265 [main] INFO  c.o.v.MutatingRemoveAllMarketDataOrdersVisitor - [ORDERBOOK] Removing level:101
22:53:37.265 [main] INFO  c.o.v.MutatingRemoveAllMarketDataOrdersVisitor - [ORDERBOOK] Removing market data order:MktData(price=110,quantity=5000)
22:53:37.265 [main] INFO  c.o.v.MutatingRemoveAllMarketDataOrdersVisitor - [ORDERBOOK] Removing level:110
22:53:37.265 [main] INFO  c.o.v.MutatingRemoveAllMarketDataOrdersVisitor - [ORDERBOOK] Removing market data order:MktData(price=119,quantity=5600)
22:53:37.265 [main] INFO  c.o.v.MutatingRemoveAllMarketDataOrdersVisitor - [ORDERBOOK] Removing level:119
22:53:37.265 [main] INFO  c.o.v.MutatingRemoveAllMarketDataOrdersVisitor - [ORDERBOOK] Removing market data order:MktData(price=123,quantity=453)
22:53:37.265 [main] INFO  c.o.v.MutatingRemoveAllMarketDataOrdersVisitor - [ORDERBOOK] Removing level:123
22:53:37.265 [main] INFO  c.o.v.MutatingRemoveAllMarketDataOrdersVisitor - [ORDERBOOK] Removing market data order:MktData(price=144,quantity=645)
22:53:37.265 [main] INFO  c.o.v.MutatingRemoveAllMarketDataOrdersVisitor - [ORDERBOOK] Removing level:144
22:53:37.265 [main] INFO  c.o.v.MutatingRemoveAllMarketDataOrdersVisitor - [ORDERBOOK] Removing market data order:MktData(price=167,quantity=665)
22:53:37.265 [main] INFO  c.o.v.MutatingRemoveAllMarketDataOrdersVisitor - [ORDERBOOK] Removing level:167
22:53:37.265 [main] DEBUG c.orderbook.OrderBook - [ORDERBOOK] ASK: Adding orderMktData(price=98,quantity=501)
22:53:37.265 [main] DEBUG c.orderbook.OrderBook - [ORDERBOOK] ASK: Adding orderMktData(price=101,quantity=200)
22:53:37.265 [main] DEBUG c.orderbook.OrderBook - [ORDERBOOK] ASK: Adding orderMktData(price=110,quantity=5000)
22:53:37.265 [main] DEBUG c.orderbook.OrderBook - [ORDERBOOK] ASK: Adding orderMktData(price=119,quantity=5600)
22:53:37.265 [main] DEBUG c.orderbook.OrderBook - [ORDERBOOK] ASK: Adding orderMktData(price=123,quantity=453)
22:53:37.265 [main] DEBUG c.orderbook.OrderBook - [ORDERBOOK] ASK: Adding orderMktData(price=144,quantity=645)
22:53:37.265 [main] DEBUG c.orderbook.OrderBook - [ORDERBOOK] ASK: Adding orderMktData(price=167,quantity=665)
22:53:37.265 [main] DEBUG c.service.MarketDataService - [ALGO] BID: price:43 quantity:134
22:53:37.265 [main] DEBUG c.service.MarketDataService - [ALGO] BID: price:76 quantity:145
22:53:37.265 [main] DEBUG c.service.MarketDataService - [ALGO] BID: price:91 quantity:300
22:53:37.265 [main] DEBUG c.service.MarketDataService - [ALGO] BID: price:93 quantity:200
22:53:37.265 [main] DEBUG c.service.MarketDataService - [ALGO] BID: price:95 quantity:100
22:53:37.265 [main] DEBUG c.service.MarketDataService - [ALGO] BID: price:98 quantity:154
22:53:37.265 [main] DEBUG c.service.MarketDataService - [ALGO] ASK: price:98 quantity:501
22:53:37.265 [main] DEBUG c.service.MarketDataService - [ALGO] ASK: price:101 quantity:200
22:53:37.265 [main] DEBUG c.service.MarketDataService - [ALGO] ASK: price:110 quantity:5000
22:53:37.265 [main] DEBUG c.service.MarketDataService - [ALGO] ASK: price:119 quantity:5600
22:53:37.265 [main] DEBUG c.service.MarketDataService - [ALGO] ASK: price:123 quantity:453
22:53:37.265 [main] DEBUG c.service.MarketDataService - [ALGO] ASK: price:144 quantity:645
22:53:37.265 [main] DEBUG c.service.MarketDataService - [ALGO] ASK: price:167 quantity:665
22:53:37.265 [main] INFO  c.gettingstarted.MyAlgoLogic - [MYALGO] The state of the order book is:
|----BID-----||----ASK----|
    134 @ 43    501 @ 98
    145 @ 76   200 @ 101
    300 @ 91  5000 @ 110
    200 @ 93  5600 @ 119
    100 @ 95   453 @ 123
    154 @ 98   645 @ 144
          -    665 @ 167
|------------||-----------|

22:53:37.265 [main] INFO  c.gettingstarted.MyAlgoLogic - [MYALGO] Algo Sees Book as: 
|----BID-----||----ASK----|
    134 @ 43    501 @ 98
    145 @ 76   200 @ 101
    300 @ 91  5000 @ 110
    200 @ 93  5600 @ 119
    100 @ 95   453 @ 123
    154 @ 98   645 @ 144
          -    665 @ 167
|------------||-----------|

22:53:37.265 [main] INFO  c.gettingstarted.TimedLogic - [TIMEDLOGIC] Market is closed
22:53:37.265 [main] INFO  c.sequencer.consumer.LoggingConsumer - [191] 
|----BID-----|
    134 @ 43
    145 @ 76
    300 @ 91
    200 @ 93
    100 @ 95
    154 @ 98
|----ASK-----|
    501 @ 98
   200 @ 101
  5000 @ 110
  5600 @ 119
   453 @ 123
   645 @ 144
   665 @ 167

22:53:37.265 [main] INFO  c.orderbook.OrderBook - [ORDERBOOK] Processing Mkt Data Update
22:53:37.265 [main] INFO  c.o.v.MutatingRemoveAllMarketDataOrdersVisitor - [ORDERBOOK] Removing market data order:MktData(price=43,quantity=134)
22:53:37.265 [main] INFO  c.o.v.MutatingRemoveAllMarketDataOrdersVisitor - [ORDERBOOK] Removing level:43
22:53:37.265 [main] DEBUG c.orderbook.OrderBook - [ORDERBOOK] ASK: Adding orderMktData(price=43,quantity=134)
22:53:37.265 [main] DEBUG c.orderbook.OrderBook - [ORDERBOOK] ASK: Adding orderMktData(price=76,quantity=145)
22:53:37.265 [main] DEBUG c.orderbook.OrderBook - [ORDERBOOK] ASK: Adding orderMktData(price=91,quantity=300)
22:53:37.265 [main] DEBUG c.orderbook.OrderBook - [ORDERBOOK] ASK: Adding orderMktData(price=93,quantity=200)
22:53:37.265 [main] DEBUG c.orderbook.OrderBook - [ORDERBOOK] ASK: Adding orderMktData(price=95,quantity=100)
22:53:37.265 [main] DEBUG c.orderbook.OrderBook - [ORDERBOOK] ASK: Adding orderMktData(price=98,quantity=154)
22:53:37.265 [main] INFO  c.o.v.MutatingMatchOneMarketDataOrderVisitor - [ORDERBOOK] visiting LevelOrderBookLevel(price=43,quantity=134)
22:53:37.265 [main] INFO  c.o.v.MutatingMatchOneMarketDataOrderVisitor - [ORDERBOOK] Can't match order:MktData(price=43,quantity=134)(MktData(price=98,quantity=154))
22:53:37.265 [main] INFO  c.o.v.MutatingRemoveAllMarketDataOrdersVisitor - [ORDERBOOK] Removing market data order:MktData(price=98,quantity=501)
22:53:37.265 [main] INFO  c.o.v.MutatingRemoveAllMarketDataOrdersVisitor - [ORDERBOOK] Removing level:98
22:53:37.265 [main] INFO  c.o.v.MutatingRemoveAllMarketDataOrdersVisitor - [ORDERBOOK] Removing market data order:MktData(price=101,quantity=200)
22:53:37.265 [main] INFO  c.o.v.MutatingRemoveAllMarketDataOrdersVisitor - [ORDERBOOK] Removing level:101
22:53:37.265 [main] INFO  c.o.v.MutatingRemoveAllMarketDataOrdersVisitor - [ORDERBOOK] Removing market data order:MktData(price=110,quantity=5000)
22:53:37.265 [main] INFO  c.o.v.MutatingRemoveAllMarketDataOrdersVisitor - [ORDERBOOK] Removing level:110
22:53:37.265 [main] INFO  c.o.v.MutatingRemoveAllMarketDataOrdersVisitor - [ORDERBOOK] Removing market data order:MktData(price=119,quantity=5600)
22:53:37.265 [main] INFO  c.o.v.MutatingRemoveAllMarketDataOrdersVisitor - [ORDERBOOK] Removing level:119
22:53:37.265 [main] INFO  c.o.v.MutatingRemoveAllMarketDataOrdersVisitor - [ORDERBOOK] Removing market data order:MktData(price=123,quantity=453)
22:53:37.265 [main] INFO  c.o.v.MutatingRemoveAllMarketDataOrdersVisitor - [ORDERBOOK] Removing level:123
22:53:37.265 [main] INFO  c.o.v.MutatingRemoveAllMarketDataOrdersVisitor - [ORDERBOOK] Removing market data order:MktData(price=144,quantity=645)
22:53:37.265 [main] INFO  c.o.v.MutatingRemoveAllMarketDataOrdersVisitor - [ORDERBOOK] Removing level:144
22:53:37.265 [main] INFO  c.o.v.MutatingRemoveAllMarketDataOrdersVisitor - [ORDERBOOK] Removing market data order:MktData(price=167,quantity=665)
22:53:37.265 [main] INFO  c.o.v.MutatingRemoveAllMarketDataOrdersVisitor - [ORDERBOOK] Removing level:167
22:53:37.265 [main] DEBUG c.orderbook.OrderBook - [ORDERBOOK] ASK: Adding orderMktData(price=98,quantity=501)
22:53:37.265 [main] DEBUG c.orderbook.OrderBook - [ORDERBOOK] ASK: Adding orderMktData(price=101,quantity=200)
22:53:37.265 [main] DEBUG c.orderbook.OrderBook - [ORDERBOOK] ASK: Adding orderMktData(price=110,quantity=5000)
22:53:37.265 [main] DEBUG c.orderbook.OrderBook - [ORDERBOOK] ASK: Adding orderMktData(price=119,quantity=5600)
22:53:37.265 [main] DEBUG c.orderbook.OrderBook - [ORDERBOOK] ASK: Adding orderMktData(price=123,quantity=453)
22:53:37.265 [main] DEBUG c.orderbook.OrderBook - [ORDERBOOK] ASK: Adding orderMktData(price=144,quantity=645)
22:53:37.265 [main] DEBUG c.orderbook.OrderBook - [ORDERBOOK] ASK: Adding orderMktData(price=167,quantity=665)
22:53:37.265 [main] DEBUG c.service.MarketDataService - [ALGO] BID: price:43 quantity:134
22:53:37.265 [main] DEBUG c.service.MarketDataService - [ALGO] BID: price:76 quantity:145
22:53:37.265 [main] DEBUG c.service.MarketDataService - [ALGO] BID: price:91 quantity:300
22:53:37.265 [main] DEBUG c.service.MarketDataService - [ALGO] BID: price:93 quantity:200
22:53:37.265 [main] DEBUG c.service.MarketDataService - [ALGO] BID: price:95 quantity:100
22:53:37.265 [main] DEBUG c.service.MarketDataService - [ALGO] BID: price:98 quantity:154
22:53:37.265 [main] DEBUG c.service.MarketDataService - [ALGO] ASK: price:98 quantity:501
22:53:37.265 [main] DEBUG c.service.MarketDataService - [ALGO] ASK: price:101 quantity:200
22:53:37.265 [main] DEBUG c.service.MarketDataService - [ALGO] ASK: price:110 quantity:5000
22:53:37.265 [main] DEBUG c.service.MarketDataService - [ALGO] ASK: price:119 quantity:5600
22:53:37.265 [main] DEBUG c.service.MarketDataService - [ALGO] ASK: price:123 quantity:453
22:53:37.265 [main] DEBUG c.service.MarketDataService - [ALGO] ASK: price:144 quantity:645
22:53:37.265 [main] DEBUG c.service.MarketDataService - [ALGO] ASK: price:167 quantity:665
22:53:37.265 [main] INFO  c.gettingstarted.MyAlgoLogic - [MYALGO] The state of the order book is:
|----BID-----||----ASK----|
    134 @ 43    501 @ 98
    145 @ 76   200 @ 101
    300 @ 91  5000 @ 110
    200 @ 93  5600 @ 119
    100 @ 95   453 @ 123
    154 @ 98   645 @ 144
          -    665 @ 167
|------------||-----------|

22:53:37.265 [main] INFO  c.gettingstarted.MyAlgoLogic - [MYALGO] Algo Sees Book as: 
|----BID-----||----ASK----|
    134 @ 43    501 @ 98
    145 @ 76   200 @ 101
    300 @ 91  5000 @ 110
    200 @ 93  5600 @ 119
    100 @ 95   453 @ 123
    154 @ 98   645 @ 144
          -    665 @ 167
|------------||-----------|

22:53:37.265 [main] INFO  c.gettingstarted.TimedLogic - [TIMEDLOGIC] Market is closed
22:53:37.272 [main] INFO  c.sequencer.consumer.LoggingConsumer - [192] 
|----BID-----|
    134 @ 43
    145 @ 76
    300 @ 91
    200 @ 93
    100 @ 95
    154 @ 98
|----ASK-----|
    501 @ 98
   200 @ 101
  5000 @ 110
  5600 @ 119
   453 @ 123
   645 @ 144
   665 @ 167

22:53:37.272 [main] INFO  c.orderbook.OrderBook - [ORDERBOOK] Processing Mkt Data Update
22:53:37.272 [main] INFO  c.o.v.MutatingRemoveAllMarketDataOrdersVisitor - [ORDERBOOK] Removing market data order:MktData(price=43,quantity=134)
22:53:37.272 [main] INFO  c.o.v.MutatingRemoveAllMarketDataOrdersVisitor - [ORDERBOOK] Removing level:43
22:53:37.272 [main] DEBUG c.orderbook.OrderBook - [ORDERBOOK] ASK: Adding orderMktData(price=43,quantity=134)
22:53:37.272 [main] DEBUG c.orderbook.OrderBook - [ORDERBOOK] ASK: Adding orderMktData(price=76,quantity=145)
22:53:37.272 [main] DEBUG c.orderbook.OrderBook - [ORDERBOOK] ASK: Adding orderMktData(price=91,quantity=300)
22:53:37.272 [main] DEBUG c.orderbook.OrderBook - [ORDERBOOK] ASK: Adding orderMktData(price=93,quantity=200)
22:53:37.272 [main] DEBUG c.orderbook.OrderBook - [ORDERBOOK] ASK: Adding orderMktData(price=95,quantity=100)
22:53:37.272 [main] DEBUG c.orderbook.OrderBook - [ORDERBOOK] ASK: Adding orderMktData(price=98,quantity=154)
22:53:37.272 [main] INFO  c.o.v.MutatingMatchOneMarketDataOrderVisitor - [ORDERBOOK] visiting LevelOrderBookLevel(price=43,quantity=134)
22:53:37.272 [main] INFO  c.o.v.MutatingMatchOneMarketDataOrderVisitor - [ORDERBOOK] Can't match order:MktData(price=43,quantity=134)(MktData(price=98,quantity=154))
22:53:37.272 [main] INFO  c.o.v.MutatingRemoveAllMarketDataOrdersVisitor - [ORDERBOOK] Removing market data order:MktData(price=98,quantity=501)
22:53:37.272 [main] INFO  c.o.v.MutatingRemoveAllMarketDataOrdersVisitor - [ORDERBOOK] Removing level:98
22:53:37.272 [main] INFO  c.o.v.MutatingRemoveAllMarketDataOrdersVisitor - [ORDERBOOK] Removing market data order:MktData(price=101,quantity=200)
22:53:37.272 [main] INFO  c.o.v.MutatingRemoveAllMarketDataOrdersVisitor - [ORDERBOOK] Removing level:101
22:53:37.272 [main] INFO  c.o.v.MutatingRemoveAllMarketDataOrdersVisitor - [ORDERBOOK] Removing market data order:MktData(price=110,quantity=5000)
22:53:37.272 [main] INFO  c.o.v.MutatingRemoveAllMarketDataOrdersVisitor - [ORDERBOOK] Removing level:110
22:53:37.272 [main] INFO  c.o.v.MutatingRemoveAllMarketDataOrdersVisitor - [ORDERBOOK] Removing market data order:MktData(price=119,quantity=5600)
22:53:37.272 [main] INFO  c.o.v.MutatingRemoveAllMarketDataOrdersVisitor - [ORDERBOOK] Removing level:119
22:53:37.272 [main] INFO  c.o.v.MutatingRemoveAllMarketDataOrdersVisitor - [ORDERBOOK] Removing market data order:MktData(price=123,quantity=453)
22:53:37.272 [main] INFO  c.o.v.MutatingRemoveAllMarketDataOrdersVisitor - [ORDERBOOK] Removing level:123
22:53:37.272 [main] INFO  c.o.v.MutatingRemoveAllMarketDataOrdersVisitor - [ORDERBOOK] Removing market data order:MktData(price=144,quantity=645)
22:53:37.272 [main] INFO  c.o.v.MutatingRemoveAllMarketDataOrdersVisitor - [ORDERBOOK] Removing level:144
22:53:37.272 [main] INFO  c.o.v.MutatingRemoveAllMarketDataOrdersVisitor - [ORDERBOOK] Removing market data order:MktData(price=167,quantity=665)
22:53:37.272 [main] INFO  c.o.v.MutatingRemoveAllMarketDataOrdersVisitor - [ORDERBOOK] Removing level:167
22:53:37.272 [main] DEBUG c.orderbook.OrderBook - [ORDERBOOK] ASK: Adding orderMktData(price=98,quantity=501)
22:53:37.272 [main] DEBUG c.orderbook.OrderBook - [ORDERBOOK] ASK: Adding orderMktData(price=101,quantity=200)
22:53:37.272 [main] DEBUG c.orderbook.OrderBook - [ORDERBOOK] ASK: Adding orderMktData(price=110,quantity=5000)
22:53:37.272 [main] DEBUG c.orderbook.OrderBook - [ORDERBOOK] ASK: Adding orderMktData(price=119,quantity=5600)
22:53:37.272 [main] DEBUG c.orderbook.OrderBook - [ORDERBOOK] ASK: Adding orderMktData(price=123,quantity=453)
22:53:37.272 [main] DEBUG c.orderbook.OrderBook - [ORDERBOOK] ASK: Adding orderMktData(price=144,quantity=645)
22:53:37.272 [main] DEBUG c.orderbook.OrderBook - [ORDERBOOK] ASK: Adding orderMktData(price=167,quantity=665)
22:53:37.272 [main] DEBUG c.service.MarketDataService - [ALGO] BID: price:43 quantity:134
22:53:37.272 [main] DEBUG c.service.MarketDataService - [ALGO] BID: price:76 quantity:145
22:53:37.272 [main] DEBUG c.service.MarketDataService - [ALGO] BID: price:91 quantity:300
22:53:37.272 [main] DEBUG c.service.MarketDataService - [ALGO] BID: price:93 quantity:200
22:53:37.272 [main] DEBUG c.service.MarketDataService - [ALGO] BID: price:95 quantity:100
22:53:37.272 [main] DEBUG c.service.MarketDataService - [ALGO] BID: price:98 quantity:154
22:53:37.272 [main] DEBUG c.service.MarketDataService - [ALGO] ASK: price:98 quantity:501
22:53:37.272 [main] DEBUG c.service.MarketDataService - [ALGO] ASK: price:101 quantity:200
22:53:37.272 [main] DEBUG c.service.MarketDataService - [ALGO] ASK: price:110 quantity:5000
22:53:37.272 [main] DEBUG c.service.MarketDataService - [ALGO] ASK: price:119 quantity:5600
22:53:37.272 [main] DEBUG c.service.MarketDataService - [ALGO] ASK: price:123 quantity:453
22:53:37.272 [main] DEBUG c.service.MarketDataService - [ALGO] ASK: price:144 quantity:645
22:53:37.272 [main] DEBUG c.service.MarketDataService - [ALGO] ASK: price:167 quantity:665
22:53:37.272 [main] INFO  c.gettingstarted.MyAlgoLogic - [MYALGO] The state of the order book is:
|----BID-----||----ASK----|
    134 @ 43    501 @ 98
    145 @ 76   200 @ 101
    300 @ 91  5000 @ 110
    200 @ 93  5600 @ 119
    100 @ 95   453 @ 123
    154 @ 98   645 @ 144
          -    665 @ 167
|------------||-----------|

22:53:37.272 [main] INFO  c.gettingstarted.MyAlgoLogic - [MYALGO] Algo Sees Book as: 
|----BID-----||----ASK----|
    134 @ 43    501 @ 98
    145 @ 76   200 @ 101
    300 @ 91  5000 @ 110
    200 @ 93  5600 @ 119
    100 @ 95   453 @ 123
    154 @ 98   645 @ 144
          -    665 @ 167
|------------||-----------|

22:53:37.272 [main] INFO  c.gettingstarted.TimedLogic - [TIMEDLOGIC] Market is closed
22:53:37.272 [main] INFO  c.sequencer.consumer.LoggingConsumer - [193] 
|----BID-----|
    134 @ 43
    145 @ 76
    300 @ 91
    200 @ 93
    100 @ 95
    154 @ 98
|----ASK-----|
    501 @ 98
   200 @ 101
  5000 @ 110
  5600 @ 119
   453 @ 123
   645 @ 144
   665 @ 167

22:53:37.272 [main] INFO  c.orderbook.OrderBook - [ORDERBOOK] Processing Mkt Data Update
22:53:37.272 [main] INFO  c.o.v.MutatingRemoveAllMarketDataOrdersVisitor - [ORDERBOOK] Removing market data order:MktData(price=43,quantity=134)
22:53:37.272 [main] INFO  c.o.v.MutatingRemoveAllMarketDataOrdersVisitor - [ORDERBOOK] Removing level:43
22:53:37.272 [main] DEBUG c.orderbook.OrderBook - [ORDERBOOK] ASK: Adding orderMktData(price=43,quantity=134)
22:53:37.272 [main] DEBUG c.orderbook.OrderBook - [ORDERBOOK] ASK: Adding orderMktData(price=76,quantity=145)
22:53:37.272 [main] DEBUG c.orderbook.OrderBook - [ORDERBOOK] ASK: Adding orderMktData(price=91,quantity=300)
22:53:37.272 [main] DEBUG c.orderbook.OrderBook - [ORDERBOOK] ASK: Adding orderMktData(price=93,quantity=200)
22:53:37.272 [main] DEBUG c.orderbook.OrderBook - [ORDERBOOK] ASK: Adding orderMktData(price=95,quantity=100)
22:53:37.272 [main] DEBUG c.orderbook.OrderBook - [ORDERBOOK] ASK: Adding orderMktData(price=98,quantity=154)
22:53:37.272 [main] INFO  c.o.v.MutatingMatchOneMarketDataOrderVisitor - [ORDERBOOK] visiting LevelOrderBookLevel(price=43,quantity=134)
22:53:37.272 [main] INFO  c.o.v.MutatingMatchOneMarketDataOrderVisitor - [ORDERBOOK] Can't match order:MktData(price=43,quantity=134)(MktData(price=98,quantity=154))
22:53:37.272 [main] INFO  c.o.v.MutatingRemoveAllMarketDataOrdersVisitor - [ORDERBOOK] Removing market data order:MktData(price=98,quantity=501)
22:53:37.272 [main] INFO  c.o.v.MutatingRemoveAllMarketDataOrdersVisitor - [ORDERBOOK] Removing level:98
22:53:37.272 [main] INFO  c.o.v.MutatingRemoveAllMarketDataOrdersVisitor - [ORDERBOOK] Removing market data order:MktData(price=101,quantity=200)
22:53:37.272 [main] INFO  c.o.v.MutatingRemoveAllMarketDataOrdersVisitor - [ORDERBOOK] Removing level:101
22:53:37.272 [main] INFO  c.o.v.MutatingRemoveAllMarketDataOrdersVisitor - [ORDERBOOK] Removing market data order:MktData(price=110,quantity=5000)
22:53:37.272 [main] INFO  c.o.v.MutatingRemoveAllMarketDataOrdersVisitor - [ORDERBOOK] Removing level:110
22:53:37.272 [main] INFO  c.o.v.MutatingRemoveAllMarketDataOrdersVisitor - [ORDERBOOK] Removing market data order:MktData(price=119,quantity=5600)
22:53:37.272 [main] INFO  c.o.v.MutatingRemoveAllMarketDataOrdersVisitor - [ORDERBOOK] Removing level:119
22:53:37.272 [main] INFO  c.o.v.MutatingRemoveAllMarketDataOrdersVisitor - [ORDERBOOK] Removing market data order:MktData(price=123,quantity=453)
22:53:37.272 [main] INFO  c.o.v.MutatingRemoveAllMarketDataOrdersVisitor - [ORDERBOOK] Removing level:123
22:53:37.272 [main] INFO  c.o.v.MutatingRemoveAllMarketDataOrdersVisitor - [ORDERBOOK] Removing market data order:MktData(price=144,quantity=645)
22:53:37.272 [main] INFO  c.o.v.MutatingRemoveAllMarketDataOrdersVisitor - [ORDERBOOK] Removing level:144
22:53:37.272 [main] INFO  c.o.v.MutatingRemoveAllMarketDataOrdersVisitor - [ORDERBOOK] Removing market data order:MktData(price=167,quantity=665)
22:53:37.272 [main] INFO  c.o.v.MutatingRemoveAllMarketDataOrdersVisitor - [ORDERBOOK] Removing level:167
22:53:37.272 [main] DEBUG c.orderbook.OrderBook - [ORDERBOOK] ASK: Adding orderMktData(price=98,quantity=501)
22:53:37.272 [main] DEBUG c.orderbook.OrderBook - [ORDERBOOK] ASK: Adding orderMktData(price=101,quantity=200)
22:53:37.272 [main] DEBUG c.orderbook.OrderBook - [ORDERBOOK] ASK: Adding orderMktData(price=110,quantity=5000)
22:53:37.272 [main] DEBUG c.orderbook.OrderBook - [ORDERBOOK] ASK: Adding orderMktData(price=119,quantity=5600)
22:53:37.272 [main] DEBUG c.orderbook.OrderBook - [ORDERBOOK] ASK: Adding orderMktData(price=123,quantity=453)
22:53:37.272 [main] DEBUG c.orderbook.OrderBook - [ORDERBOOK] ASK: Adding orderMktData(price=144,quantity=645)
22:53:37.272 [main] DEBUG c.orderbook.OrderBook - [ORDERBOOK] ASK: Adding orderMktData(price=167,quantity=665)
22:53:37.272 [main] DEBUG c.service.MarketDataService - [ALGO] BID: price:43 quantity:134
22:53:37.272 [main] DEBUG c.service.MarketDataService - [ALGO] BID: price:76 quantity:145
22:53:37.272 [main] DEBUG c.service.MarketDataService - [ALGO] BID: price:91 quantity:300
22:53:37.272 [main] DEBUG c.service.MarketDataService - [ALGO] BID: price:93 quantity:200
22:53:37.272 [main] DEBUG c.service.MarketDataService - [ALGO] BID: price:95 quantity:100
22:53:37.274 [main] DEBUG c.service.MarketDataService - [ALGO] BID: price:98 quantity:154
22:53:37.274 [main] DEBUG c.service.MarketDataService - [ALGO] ASK: price:98 quantity:501
22:53:37.274 [main] DEBUG c.service.MarketDataService - [ALGO] ASK: price:101 quantity:200
22:53:37.274 [main] DEBUG c.service.MarketDataService - [ALGO] ASK: price:110 quantity:5000
22:53:37.274 [main] DEBUG c.service.MarketDataService - [ALGO] ASK: price:119 quantity:5600
22:53:37.274 [main] DEBUG c.service.MarketDataService - [ALGO] ASK: price:123 quantity:453
22:53:37.274 [main] DEBUG c.service.MarketDataService - [ALGO] ASK: price:144 quantity:645
22:53:37.274 [main] DEBUG c.service.MarketDataService - [ALGO] ASK: price:167 quantity:665
22:53:37.274 [main] INFO  c.gettingstarted.MyAlgoLogic - [MYALGO] The state of the order book is:
|----BID-----||----ASK----|
    134 @ 43    501 @ 98
    145 @ 76   200 @ 101
    300 @ 91  5000 @ 110
    200 @ 93  5600 @ 119
    100 @ 95   453 @ 123
    154 @ 98   645 @ 144
          -    665 @ 167
|------------||-----------|

22:53:37.274 [main] INFO  c.gettingstarted.MyAlgoLogic - [MYALGO] Algo Sees Book as: 
|----BID-----||----ASK----|
    134 @ 43    501 @ 98
    145 @ 76   200 @ 101
    300 @ 91  5000 @ 110
    200 @ 93  5600 @ 119
    100 @ 95   453 @ 123
    154 @ 98   645 @ 144
          -    665 @ 167
|------------||-----------|

22:53:37.274 [main] INFO  c.gettingstarted.TimedLogic - [TIMEDLOGIC] Market is closed
22:53:37.274 [main] INFO  c.sequencer.consumer.LoggingConsumer - [194] 
|----BID-----|
    134 @ 43
    145 @ 76
    300 @ 91
    200 @ 93
    100 @ 95
    154 @ 98
|----ASK-----|
    501 @ 98
   200 @ 101
  5000 @ 110
  5600 @ 119
   453 @ 123
   645 @ 144
   665 @ 167

22:53:37.274 [main] INFO  c.orderbook.OrderBook - [ORDERBOOK] Processing Mkt Data Update
22:53:37.274 [main] INFO  c.o.v.MutatingRemoveAllMarketDataOrdersVisitor - [ORDERBOOK] Removing market data order:MktData(price=43,quantity=134)
22:53:37.274 [main] INFO  c.o.v.MutatingRemoveAllMarketDataOrdersVisitor - [ORDERBOOK] Removing level:43
22:53:37.274 [main] DEBUG c.orderbook.OrderBook - [ORDERBOOK] ASK: Adding orderMktData(price=43,quantity=134)
22:53:37.274 [main] DEBUG c.orderbook.OrderBook - [ORDERBOOK] ASK: Adding orderMktData(price=76,quantity=145)
22:53:37.274 [main] DEBUG c.orderbook.OrderBook - [ORDERBOOK] ASK: Adding orderMktData(price=91,quantity=300)
22:53:37.274 [main] DEBUG c.orderbook.OrderBook - [ORDERBOOK] ASK: Adding orderMktData(price=93,quantity=200)
22:53:37.274 [main] DEBUG c.orderbook.OrderBook - [ORDERBOOK] ASK: Adding orderMktData(price=95,quantity=100)
22:53:37.274 [main] DEBUG c.orderbook.OrderBook - [ORDERBOOK] ASK: Adding orderMktData(price=98,quantity=154)
22:53:37.274 [main] INFO  c.o.v.MutatingMatchOneMarketDataOrderVisitor - [ORDERBOOK] visiting LevelOrderBookLevel(price=43,quantity=134)
22:53:37.274 [main] INFO  c.o.v.MutatingMatchOneMarketDataOrderVisitor - [ORDERBOOK] Can't match order:MktData(price=43,quantity=134)(MktData(price=98,quantity=154))
22:53:37.274 [main] INFO  c.o.v.MutatingRemoveAllMarketDataOrdersVisitor - [ORDERBOOK] Removing market data order:MktData(price=98,quantity=501)
22:53:37.274 [main] INFO  c.o.v.MutatingRemoveAllMarketDataOrdersVisitor - [ORDERBOOK] Removing level:98
22:53:37.274 [main] INFO  c.o.v.MutatingRemoveAllMarketDataOrdersVisitor - [ORDERBOOK] Removing market data order:MktData(price=101,quantity=200)
22:53:37.274 [main] INFO  c.o.v.MutatingRemoveAllMarketDataOrdersVisitor - [ORDERBOOK] Removing level:101
22:53:37.274 [main] INFO  c.o.v.MutatingRemoveAllMarketDataOrdersVisitor - [ORDERBOOK] Removing market data order:MktData(price=110,quantity=5000)
22:53:37.274 [main] INFO  c.o.v.MutatingRemoveAllMarketDataOrdersVisitor - [ORDERBOOK] Removing level:110
22:53:37.274 [main] INFO  c.o.v.MutatingRemoveAllMarketDataOrdersVisitor - [ORDERBOOK] Removing market data order:MktData(price=119,quantity=5600)
22:53:37.274 [main] INFO  c.o.v.MutatingRemoveAllMarketDataOrdersVisitor - [ORDERBOOK] Removing level:119
22:53:37.274 [main] INFO  c.o.v.MutatingRemoveAllMarketDataOrdersVisitor - [ORDERBOOK] Removing market data order:MktData(price=123,quantity=453)
22:53:37.274 [main] INFO  c.o.v.MutatingRemoveAllMarketDataOrdersVisitor - [ORDERBOOK] Removing level:123
22:53:37.274 [main] INFO  c.o.v.MutatingRemoveAllMarketDataOrdersVisitor - [ORDERBOOK] Removing market data order:MktData(price=144,quantity=645)
22:53:37.274 [main] INFO  c.o.v.MutatingRemoveAllMarketDataOrdersVisitor - [ORDERBOOK] Removing level:144
22:53:37.274 [main] INFO  c.o.v.MutatingRemoveAllMarketDataOrdersVisitor - [ORDERBOOK] Removing market data order:MktData(price=167,quantity=665)
22:53:37.274 [main] INFO  c.o.v.MutatingRemoveAllMarketDataOrdersVisitor - [ORDERBOOK] Removing level:167
22:53:37.274 [main] DEBUG c.orderbook.OrderBook - [ORDERBOOK] ASK: Adding orderMktData(price=98,quantity=501)
22:53:37.274 [main] DEBUG c.orderbook.OrderBook - [ORDERBOOK] ASK: Adding orderMktData(price=101,quantity=200)
22:53:37.274 [main] DEBUG c.orderbook.OrderBook - [ORDERBOOK] ASK: Adding orderMktData(price=110,quantity=5000)
22:53:37.274 [main] DEBUG c.orderbook.OrderBook - [ORDERBOOK] ASK: Adding orderMktData(price=119,quantity=5600)
22:53:37.274 [main] DEBUG c.orderbook.OrderBook - [ORDERBOOK] ASK: Adding orderMktData(price=123,quantity=453)
22:53:37.274 [main] DEBUG c.orderbook.OrderBook - [ORDERBOOK] ASK: Adding orderMktData(price=144,quantity=645)
22:53:37.274 [main] DEBUG c.orderbook.OrderBook - [ORDERBOOK] ASK: Adding orderMktData(price=167,quantity=665)
22:53:37.274 [main] DEBUG c.service.MarketDataService - [ALGO] BID: price:43 quantity:134
22:53:37.274 [main] DEBUG c.service.MarketDataService - [ALGO] BID: price:76 quantity:145
22:53:37.274 [main] DEBUG c.service.MarketDataService - [ALGO] BID: price:91 quantity:300
22:53:37.274 [main] DEBUG c.service.MarketDataService - [ALGO] BID: price:93 quantity:200
22:53:37.274 [main] DEBUG c.service.MarketDataService - [ALGO] BID: price:95 quantity:100
22:53:37.274 [main] DEBUG c.service.MarketDataService - [ALGO] BID: price:98 quantity:154
22:53:37.274 [main] DEBUG c.service.MarketDataService - [ALGO] ASK: price:98 quantity:501
22:53:37.274 [main] DEBUG c.service.MarketDataService - [ALGO] ASK: price:101 quantity:200
22:53:37.274 [main] DEBUG c.service.MarketDataService - [ALGO] ASK: price:110 quantity:5000
22:53:37.274 [main] DEBUG c.service.MarketDataService - [ALGO] ASK: price:119 quantity:5600
22:53:37.274 [main] DEBUG c.service.MarketDataService - [ALGO] ASK: price:123 quantity:453
22:53:37.274 [main] DEBUG c.service.MarketDataService - [ALGO] ASK: price:144 quantity:645
22:53:37.274 [main] DEBUG c.service.MarketDataService - [ALGO] ASK: price:167 quantity:665
22:53:37.275 [main] INFO  c.gettingstarted.MyAlgoLogic - [MYALGO] The state of the order book is:
|----BID-----||----ASK----|
    134 @ 43    501 @ 98
    145 @ 76   200 @ 101
    300 @ 91  5000 @ 110
    200 @ 93  5600 @ 119
    100 @ 95   453 @ 123
    154 @ 98   645 @ 144
          -    665 @ 167
|------------||-----------|

22:53:37.275 [main] INFO  c.gettingstarted.MyAlgoLogic - [MYALGO] Algo Sees Book as: 
|----BID-----||----ASK----|
    134 @ 43    501 @ 98
    145 @ 76   200 @ 101
    300 @ 91  5000 @ 110
    200 @ 93  5600 @ 119
    100 @ 95   453 @ 123
    154 @ 98   645 @ 144
          -    665 @ 167
|------------||-----------|

22:53:37.275 [main] INFO  c.gettingstarted.TimedLogic - [TIMEDLOGIC] Market is closed
22:53:37.275 [main] INFO  c.sequencer.consumer.LoggingConsumer - [195] 
|----BID-----|
    134 @ 43
    145 @ 76
    300 @ 91
    200 @ 93
    100 @ 95
    154 @ 98
|----ASK-----|
    501 @ 98
   200 @ 101
  5000 @ 110
  5600 @ 119
   453 @ 123
   645 @ 144
   665 @ 167

22:53:37.275 [main] INFO  c.orderbook.OrderBook - [ORDERBOOK] Processing Mkt Data Update
22:53:37.275 [main] INFO  c.o.v.MutatingRemoveAllMarketDataOrdersVisitor - [ORDERBOOK] Removing market data order:MktData(price=43,quantity=134)
22:53:37.275 [main] INFO  c.o.v.MutatingRemoveAllMarketDataOrdersVisitor - [ORDERBOOK] Removing level:43
22:53:37.275 [main] DEBUG c.orderbook.OrderBook - [ORDERBOOK] ASK: Adding orderMktData(price=43,quantity=134)
22:53:37.275 [main] DEBUG c.orderbook.OrderBook - [ORDERBOOK] ASK: Adding orderMktData(price=76,quantity=145)
22:53:37.275 [main] DEBUG c.orderbook.OrderBook - [ORDERBOOK] ASK: Adding orderMktData(price=91,quantity=300)
22:53:37.275 [main] DEBUG c.orderbook.OrderBook - [ORDERBOOK] ASK: Adding orderMktData(price=93,quantity=200)
22:53:37.275 [main] DEBUG c.orderbook.OrderBook - [ORDERBOOK] ASK: Adding orderMktData(price=95,quantity=100)
22:53:37.275 [main] DEBUG c.orderbook.OrderBook - [ORDERBOOK] ASK: Adding orderMktData(price=98,quantity=154)
22:53:37.275 [main] INFO  c.o.v.MutatingMatchOneMarketDataOrderVisitor - [ORDERBOOK] visiting LevelOrderBookLevel(price=43,quantity=134)
22:53:37.275 [main] INFO  c.o.v.MutatingMatchOneMarketDataOrderVisitor - [ORDERBOOK] Can't match order:MktData(price=43,quantity=134)(MktData(price=98,quantity=154))
22:53:37.275 [main] INFO  c.o.v.MutatingRemoveAllMarketDataOrdersVisitor - [ORDERBOOK] Removing market data order:MktData(price=98,quantity=501)
22:53:37.275 [main] INFO  c.o.v.MutatingRemoveAllMarketDataOrdersVisitor - [ORDERBOOK] Removing level:98
22:53:37.275 [main] INFO  c.o.v.MutatingRemoveAllMarketDataOrdersVisitor - [ORDERBOOK] Removing market data order:MktData(price=101,quantity=200)
22:53:37.275 [main] INFO  c.o.v.MutatingRemoveAllMarketDataOrdersVisitor - [ORDERBOOK] Removing level:101
22:53:37.275 [main] INFO  c.o.v.MutatingRemoveAllMarketDataOrdersVisitor - [ORDERBOOK] Removing market data order:MktData(price=110,quantity=5000)
22:53:37.275 [main] INFO  c.o.v.MutatingRemoveAllMarketDataOrdersVisitor - [ORDERBOOK] Removing level:110
22:53:37.275 [main] INFO  c.o.v.MutatingRemoveAllMarketDataOrdersVisitor - [ORDERBOOK] Removing market data order:MktData(price=119,quantity=5600)
22:53:37.275 [main] INFO  c.o.v.MutatingRemoveAllMarketDataOrdersVisitor - [ORDERBOOK] Removing level:119
22:53:37.275 [main] INFO  c.o.v.MutatingRemoveAllMarketDataOrdersVisitor - [ORDERBOOK] Removing market data order:MktData(price=123,quantity=453)
22:53:37.275 [main] INFO  c.o.v.MutatingRemoveAllMarketDataOrdersVisitor - [ORDERBOOK] Removing level:123
22:53:37.275 [main] INFO  c.o.v.MutatingRemoveAllMarketDataOrdersVisitor - [ORDERBOOK] Removing market data order:MktData(price=144,quantity=645)
22:53:37.275 [main] INFO  c.o.v.MutatingRemoveAllMarketDataOrdersVisitor - [ORDERBOOK] Removing level:144
22:53:37.275 [main] INFO  c.o.v.MutatingRemoveAllMarketDataOrdersVisitor - [ORDERBOOK] Removing market data order:MktData(price=167,quantity=665)
22:53:37.275 [main] INFO  c.o.v.MutatingRemoveAllMarketDataOrdersVisitor - [ORDERBOOK] Removing level:167
22:53:37.275 [main] DEBUG c.orderbook.OrderBook - [ORDERBOOK] ASK: Adding orderMktData(price=98,quantity=501)
22:53:37.275 [main] DEBUG c.orderbook.OrderBook - [ORDERBOOK] ASK: Adding orderMktData(price=101,quantity=200)
22:53:37.275 [main] DEBUG c.orderbook.OrderBook - [ORDERBOOK] ASK: Adding orderMktData(price=110,quantity=5000)
22:53:37.275 [main] DEBUG c.orderbook.OrderBook - [ORDERBOOK] ASK: Adding orderMktData(price=119,quantity=5600)
22:53:37.275 [main] DEBUG c.orderbook.OrderBook - [ORDERBOOK] ASK: Adding orderMktData(price=123,quantity=453)
22:53:37.275 [main] DEBUG c.orderbook.OrderBook - [ORDERBOOK] ASK: Adding orderMktData(price=144,quantity=645)
22:53:37.275 [main] DEBUG c.orderbook.OrderBook - [ORDERBOOK] ASK: Adding orderMktData(price=167,quantity=665)
22:53:37.275 [main] DEBUG c.service.MarketDataService - [ALGO] BID: price:43 quantity:134
22:53:37.275 [main] DEBUG c.service.MarketDataService - [ALGO] BID: price:76 quantity:145
22:53:37.275 [main] DEBUG c.service.MarketDataService - [ALGO] BID: price:91 quantity:300
22:53:37.275 [main] DEBUG c.service.MarketDataService - [ALGO] BID: price:93 quantity:200
22:53:37.275 [main] DEBUG c.service.MarketDataService - [ALGO] BID: price:95 quantity:100
22:53:37.275 [main] DEBUG c.service.MarketDataService - [ALGO] BID: price:98 quantity:154
22:53:37.275 [main] DEBUG c.service.MarketDataService - [ALGO] ASK: price:98 quantity:501
22:53:37.275 [main] DEBUG c.service.MarketDataService - [ALGO] ASK: price:101 quantity:200
22:53:37.275 [main] DEBUG c.service.MarketDataService - [ALGO] ASK: price:110 quantity:5000
22:53:37.275 [main] DEBUG c.service.MarketDataService - [ALGO] ASK: price:119 quantity:5600
22:53:37.275 [main] DEBUG c.service.MarketDataService - [ALGO] ASK: price:123 quantity:453
22:53:37.275 [main] DEBUG c.service.MarketDataService - [ALGO] ASK: price:144 quantity:645
22:53:37.275 [main] DEBUG c.service.MarketDataService - [ALGO] ASK: price:167 quantity:665
22:53:37.275 [main] INFO  c.gettingstarted.MyAlgoLogic - [MYALGO] The state of the order book is:
|----BID-----||----ASK----|
    134 @ 43    501 @ 98
    145 @ 76   200 @ 101
    300 @ 91  5000 @ 110
    200 @ 93  5600 @ 119
    100 @ 95   453 @ 123
    154 @ 98   645 @ 144
          -    665 @ 167
|------------||-----------|

22:53:37.275 [main] INFO  c.gettingstarted.MyAlgoLogic - [MYALGO] Algo Sees Book as: 
|----BID-----||----ASK----|
    134 @ 43    501 @ 98
    145 @ 76   200 @ 101
    300 @ 91  5000 @ 110
    200 @ 93  5600 @ 119
    100 @ 95   453 @ 123
    154 @ 98   645 @ 144
          -    665 @ 167
|------------||-----------|

22:53:37.275 [main] INFO  c.gettingstarted.TimedLogic - [TIMEDLOGIC] Market is closed
22:53:37.275 [main] INFO  c.sequencer.consumer.LoggingConsumer - [196] 
|----BID-----|
    134 @ 43
    145 @ 76
    300 @ 91
    200 @ 93
    100 @ 95
    154 @ 98
|----ASK-----|
    501 @ 98
   200 @ 101
  5000 @ 110
  5600 @ 119
   453 @ 123
   645 @ 144
   665 @ 167

22:53:37.275 [main] INFO  c.orderbook.OrderBook - [ORDERBOOK] Processing Mkt Data Update
22:53:37.275 [main] INFO  c.o.v.MutatingRemoveAllMarketDataOrdersVisitor - [ORDERBOOK] Removing market data order:MktData(price=43,quantity=134)
22:53:37.275 [main] INFO  c.o.v.MutatingRemoveAllMarketDataOrdersVisitor - [ORDERBOOK] Removing level:43
22:53:37.275 [main] DEBUG c.orderbook.OrderBook - [ORDERBOOK] ASK: Adding orderMktData(price=43,quantity=134)
22:53:37.275 [main] DEBUG c.orderbook.OrderBook - [ORDERBOOK] ASK: Adding orderMktData(price=76,quantity=145)
22:53:37.275 [main] DEBUG c.orderbook.OrderBook - [ORDERBOOK] ASK: Adding orderMktData(price=91,quantity=300)
22:53:37.275 [main] DEBUG c.orderbook.OrderBook - [ORDERBOOK] ASK: Adding orderMktData(price=93,quantity=200)
22:53:37.275 [main] DEBUG c.orderbook.OrderBook - [ORDERBOOK] ASK: Adding orderMktData(price=95,quantity=100)
22:53:37.275 [main] DEBUG c.orderbook.OrderBook - [ORDERBOOK] ASK: Adding orderMktData(price=98,quantity=154)
22:53:37.275 [main] INFO  c.o.v.MutatingMatchOneMarketDataOrderVisitor - [ORDERBOOK] visiting LevelOrderBookLevel(price=43,quantity=134)
22:53:37.275 [main] INFO  c.o.v.MutatingMatchOneMarketDataOrderVisitor - [ORDERBOOK] Can't match order:MktData(price=43,quantity=134)(MktData(price=98,quantity=154))
22:53:37.275 [main] INFO  c.o.v.MutatingRemoveAllMarketDataOrdersVisitor - [ORDERBOOK] Removing market data order:MktData(price=98,quantity=501)
22:53:37.275 [main] INFO  c.o.v.MutatingRemoveAllMarketDataOrdersVisitor - [ORDERBOOK] Removing level:98
22:53:37.275 [main] INFO  c.o.v.MutatingRemoveAllMarketDataOrdersVisitor - [ORDERBOOK] Removing market data order:MktData(price=101,quantity=200)
22:53:37.275 [main] INFO  c.o.v.MutatingRemoveAllMarketDataOrdersVisitor - [ORDERBOOK] Removing level:101
22:53:37.275 [main] INFO  c.o.v.MutatingRemoveAllMarketDataOrdersVisitor - [ORDERBOOK] Removing market data order:MktData(price=110,quantity=5000)
22:53:37.275 [main] INFO  c.o.v.MutatingRemoveAllMarketDataOrdersVisitor - [ORDERBOOK] Removing level:110
22:53:37.275 [main] INFO  c.o.v.MutatingRemoveAllMarketDataOrdersVisitor - [ORDERBOOK] Removing market data order:MktData(price=119,quantity=5600)
22:53:37.275 [main] INFO  c.o.v.MutatingRemoveAllMarketDataOrdersVisitor - [ORDERBOOK] Removing level:119
22:53:37.275 [main] INFO  c.o.v.MutatingRemoveAllMarketDataOrdersVisitor - [ORDERBOOK] Removing market data order:MktData(price=123,quantity=453)
22:53:37.275 [main] INFO  c.o.v.MutatingRemoveAllMarketDataOrdersVisitor - [ORDERBOOK] Removing level:123
22:53:37.275 [main] INFO  c.o.v.MutatingRemoveAllMarketDataOrdersVisitor - [ORDERBOOK] Removing market data order:MktData(price=144,quantity=645)
22:53:37.275 [main] INFO  c.o.v.MutatingRemoveAllMarketDataOrdersVisitor - [ORDERBOOK] Removing level:144
22:53:37.275 [main] INFO  c.o.v.MutatingRemoveAllMarketDataOrdersVisitor - [ORDERBOOK] Removing market data order:MktData(price=167,quantity=665)
22:53:37.275 [main] INFO  c.o.v.MutatingRemoveAllMarketDataOrdersVisitor - [ORDERBOOK] Removing level:167
22:53:37.275 [main] DEBUG c.orderbook.OrderBook - [ORDERBOOK] ASK: Adding orderMktData(price=98,quantity=501)
22:53:37.275 [main] DEBUG c.orderbook.OrderBook - [ORDERBOOK] ASK: Adding orderMktData(price=101,quantity=200)
22:53:37.275 [main] DEBUG c.orderbook.OrderBook - [ORDERBOOK] ASK: Adding orderMktData(price=110,quantity=5000)
22:53:37.275 [main] DEBUG c.orderbook.OrderBook - [ORDERBOOK] ASK: Adding orderMktData(price=119,quantity=5600)
22:53:37.275 [main] DEBUG c.orderbook.OrderBook - [ORDERBOOK] ASK: Adding orderMktData(price=123,quantity=453)
22:53:37.275 [main] DEBUG c.orderbook.OrderBook - [ORDERBOOK] ASK: Adding orderMktData(price=144,quantity=645)
22:53:37.275 [main] DEBUG c.orderbook.OrderBook - [ORDERBOOK] ASK: Adding orderMktData(price=167,quantity=665)
22:53:37.275 [main] DEBUG c.service.MarketDataService - [ALGO] BID: price:43 quantity:134
22:53:37.275 [main] DEBUG c.service.MarketDataService - [ALGO] BID: price:76 quantity:145
22:53:37.275 [main] DEBUG c.service.MarketDataService - [ALGO] BID: price:91 quantity:300
22:53:37.275 [main] DEBUG c.service.MarketDataService - [ALGO] BID: price:93 quantity:200
22:53:37.275 [main] DEBUG c.service.MarketDataService - [ALGO] BID: price:95 quantity:100
22:53:37.275 [main] DEBUG c.service.MarketDataService - [ALGO] BID: price:98 quantity:154
22:53:37.275 [main] DEBUG c.service.MarketDataService - [ALGO] ASK: price:98 quantity:501
22:53:37.275 [main] DEBUG c.service.MarketDataService - [ALGO] ASK: price:101 quantity:200
22:53:37.275 [main] DEBUG c.service.MarketDataService - [ALGO] ASK: price:110 quantity:5000
22:53:37.275 [main] DEBUG c.service.MarketDataService - [ALGO] ASK: price:119 quantity:5600
22:53:37.275 [main] DEBUG c.service.MarketDataService - [ALGO] ASK: price:123 quantity:453
22:53:37.275 [main] DEBUG c.service.MarketDataService - [ALGO] ASK: price:144 quantity:645
22:53:37.275 [main] DEBUG c.service.MarketDataService - [ALGO] ASK: price:167 quantity:665
22:53:37.275 [main] INFO  c.gettingstarted.MyAlgoLogic - [MYALGO] The state of the order book is:
|----BID-----||----ASK----|
    134 @ 43    501 @ 98
    145 @ 76   200 @ 101
    300 @ 91  5000 @ 110
    200 @ 93  5600 @ 119
    100 @ 95   453 @ 123
    154 @ 98   645 @ 144
          -    665 @ 167
|------------||-----------|

22:53:37.275 [main] INFO  c.gettingstarted.MyAlgoLogic - [MYALGO] Algo Sees Book as: 
|----BID-----||----ASK----|
    134 @ 43    501 @ 98
    145 @ 76   200 @ 101
    300 @ 91  5000 @ 110
    200 @ 93  5600 @ 119
    100 @ 95   453 @ 123
    154 @ 98   645 @ 144
          -    665 @ 167
|------------||-----------|

22:53:37.275 [main] INFO  c.gettingstarted.TimedLogic - [TIMEDLOGIC] Market is closed
22:53:37.275 [main] INFO  c.sequencer.consumer.LoggingConsumer - [197] 
|----BID-----|
    134 @ 43
    145 @ 76
    300 @ 91
    200 @ 93
    100 @ 95
    154 @ 98
|----ASK-----|
    501 @ 98
   200 @ 101
  5000 @ 110
  5600 @ 119
   453 @ 123
   645 @ 144
   665 @ 167

22:53:37.275 [main] INFO  c.orderbook.OrderBook - [ORDERBOOK] Processing Mkt Data Update
22:53:37.275 [main] INFO  c.o.v.MutatingRemoveAllMarketDataOrdersVisitor - [ORDERBOOK] Removing market data order:MktData(price=43,quantity=134)
22:53:37.275 [main] INFO  c.o.v.MutatingRemoveAllMarketDataOrdersVisitor - [ORDERBOOK] Removing level:43
22:53:37.275 [main] DEBUG c.orderbook.OrderBook - [ORDERBOOK] ASK: Adding orderMktData(price=43,quantity=134)
22:53:37.275 [main] DEBUG c.orderbook.OrderBook - [ORDERBOOK] ASK: Adding orderMktData(price=76,quantity=145)
22:53:37.275 [main] DEBUG c.orderbook.OrderBook - [ORDERBOOK] ASK: Adding orderMktData(price=91,quantity=300)
22:53:37.275 [main] DEBUG c.orderbook.OrderBook - [ORDERBOOK] ASK: Adding orderMktData(price=93,quantity=200)
22:53:37.275 [main] DEBUG c.orderbook.OrderBook - [ORDERBOOK] ASK: Adding orderMktData(price=95,quantity=100)
22:53:37.275 [main] DEBUG c.orderbook.OrderBook - [ORDERBOOK] ASK: Adding orderMktData(price=98,quantity=154)
22:53:37.275 [main] INFO  c.o.v.MutatingMatchOneMarketDataOrderVisitor - [ORDERBOOK] visiting LevelOrderBookLevel(price=43,quantity=134)
22:53:37.275 [main] INFO  c.o.v.MutatingMatchOneMarketDataOrderVisitor - [ORDERBOOK] Can't match order:MktData(price=43,quantity=134)(MktData(price=98,quantity=154))
22:53:37.275 [main] INFO  c.o.v.MutatingRemoveAllMarketDataOrdersVisitor - [ORDERBOOK] Removing market data order:MktData(price=98,quantity=501)
22:53:37.275 [main] INFO  c.o.v.MutatingRemoveAllMarketDataOrdersVisitor - [ORDERBOOK] Removing level:98
22:53:37.275 [main] INFO  c.o.v.MutatingRemoveAllMarketDataOrdersVisitor - [ORDERBOOK] Removing market data order:MktData(price=101,quantity=200)
22:53:37.275 [main] INFO  c.o.v.MutatingRemoveAllMarketDataOrdersVisitor - [ORDERBOOK] Removing level:101
22:53:37.275 [main] INFO  c.o.v.MutatingRemoveAllMarketDataOrdersVisitor - [ORDERBOOK] Removing market data order:MktData(price=110,quantity=5000)
22:53:37.275 [main] INFO  c.o.v.MutatingRemoveAllMarketDataOrdersVisitor - [ORDERBOOK] Removing level:110
22:53:37.275 [main] INFO  c.o.v.MutatingRemoveAllMarketDataOrdersVisitor - [ORDERBOOK] Removing market data order:MktData(price=119,quantity=5600)
22:53:37.275 [main] INFO  c.o.v.MutatingRemoveAllMarketDataOrdersVisitor - [ORDERBOOK] Removing level:119
22:53:37.275 [main] INFO  c.o.v.MutatingRemoveAllMarketDataOrdersVisitor - [ORDERBOOK] Removing market data order:MktData(price=123,quantity=453)
22:53:37.275 [main] INFO  c.o.v.MutatingRemoveAllMarketDataOrdersVisitor - [ORDERBOOK] Removing level:123
22:53:37.275 [main] INFO  c.o.v.MutatingRemoveAllMarketDataOrdersVisitor - [ORDERBOOK] Removing market data order:MktData(price=144,quantity=645)
22:53:37.275 [main] INFO  c.o.v.MutatingRemoveAllMarketDataOrdersVisitor - [ORDERBOOK] Removing level:144
22:53:37.275 [main] INFO  c.o.v.MutatingRemoveAllMarketDataOrdersVisitor - [ORDERBOOK] Removing market data order:MktData(price=167,quantity=665)
22:53:37.275 [main] INFO  c.o.v.MutatingRemoveAllMarketDataOrdersVisitor - [ORDERBOOK] Removing level:167
22:53:37.275 [main] DEBUG c.orderbook.OrderBook - [ORDERBOOK] ASK: Adding orderMktData(price=98,quantity=501)
22:53:37.275 [main] DEBUG c.orderbook.OrderBook - [ORDERBOOK] ASK: Adding orderMktData(price=101,quantity=200)
22:53:37.275 [main] DEBUG c.orderbook.OrderBook - [ORDERBOOK] ASK: Adding orderMktData(price=110,quantity=5000)
22:53:37.275 [main] DEBUG c.orderbook.OrderBook - [ORDERBOOK] ASK: Adding orderMktData(price=119,quantity=5600)
22:53:37.275 [main] DEBUG c.orderbook.OrderBook - [ORDERBOOK] ASK: Adding orderMktData(price=123,quantity=453)
22:53:37.275 [main] DEBUG c.orderbook.OrderBook - [ORDERBOOK] ASK: Adding orderMktData(price=144,quantity=645)
22:53:37.275 [main] DEBUG c.orderbook.OrderBook - [ORDERBOOK] ASK: Adding orderMktData(price=167,quantity=665)
22:53:37.275 [main] DEBUG c.service.MarketDataService - [ALGO] BID: price:43 quantity:134
22:53:37.275 [main] DEBUG c.service.MarketDataService - [ALGO] BID: price:76 quantity:145
22:53:37.275 [main] DEBUG c.service.MarketDataService - [ALGO] BID: price:91 quantity:300
22:53:37.275 [main] DEBUG c.service.MarketDataService - [ALGO] BID: price:93 quantity:200
22:53:37.275 [main] DEBUG c.service.MarketDataService - [ALGO] BID: price:95 quantity:100
22:53:37.275 [main] DEBUG c.service.MarketDataService - [ALGO] BID: price:98 quantity:154
22:53:37.275 [main] DEBUG c.service.MarketDataService - [ALGO] ASK: price:98 quantity:501
22:53:37.275 [main] DEBUG c.service.MarketDataService - [ALGO] ASK: price:101 quantity:200
22:53:37.275 [main] DEBUG c.service.MarketDataService - [ALGO] ASK: price:110 quantity:5000
22:53:37.275 [main] DEBUG c.service.MarketDataService - [ALGO] ASK: price:119 quantity:5600
22:53:37.275 [main] DEBUG c.service.MarketDataService - [ALGO] ASK: price:123 quantity:453
22:53:37.275 [main] DEBUG c.service.MarketDataService - [ALGO] ASK: price:144 quantity:645
22:53:37.275 [main] DEBUG c.service.MarketDataService - [ALGO] ASK: price:167 quantity:665
22:53:37.275 [main] INFO  c.gettingstarted.MyAlgoLogic - [MYALGO] The state of the order book is:
|----BID-----||----ASK----|
    134 @ 43    501 @ 98
    145 @ 76   200 @ 101
    300 @ 91  5000 @ 110
    200 @ 93  5600 @ 119
    100 @ 95   453 @ 123
    154 @ 98   645 @ 144
          -    665 @ 167
|------------||-----------|

22:53:37.275 [main] INFO  c.gettingstarted.MyAlgoLogic - [MYALGO] Algo Sees Book as: 
|----BID-----||----ASK----|
    134 @ 43    501 @ 98
    145 @ 76   200 @ 101
    300 @ 91  5000 @ 110
    200 @ 93  5600 @ 119
    100 @ 95   453 @ 123
    154 @ 98   645 @ 144
          -    665 @ 167
|------------||-----------|

22:53:37.275 [main] INFO  c.gettingstarted.TimedLogic - [TIMEDLOGIC] Market is closed
22:53:37.275 [main] INFO  c.sequencer.consumer.LoggingConsumer - [198] 
|----BID-----|
    134 @ 43
    145 @ 76
    300 @ 91
    200 @ 93
    100 @ 95
    154 @ 98
|----ASK-----|
    501 @ 98
   200 @ 101
  5000 @ 110
  5600 @ 119
   453 @ 123
   645 @ 144
   665 @ 167

22:53:37.275 [main] INFO  c.orderbook.OrderBook - [ORDERBOOK] Processing Mkt Data Update
22:53:37.275 [main] INFO  c.o.v.MutatingRemoveAllMarketDataOrdersVisitor - [ORDERBOOK] Removing market data order:MktData(price=43,quantity=134)
22:53:37.275 [main] INFO  c.o.v.MutatingRemoveAllMarketDataOrdersVisitor - [ORDERBOOK] Removing level:43
22:53:37.275 [main] DEBUG c.orderbook.OrderBook - [ORDERBOOK] ASK: Adding orderMktData(price=43,quantity=134)
22:53:37.275 [main] DEBUG c.orderbook.OrderBook - [ORDERBOOK] ASK: Adding orderMktData(price=76,quantity=145)
22:53:37.275 [main] DEBUG c.orderbook.OrderBook - [ORDERBOOK] ASK: Adding orderMktData(price=91,quantity=300)
22:53:37.275 [main] DEBUG c.orderbook.OrderBook - [ORDERBOOK] ASK: Adding orderMktData(price=93,quantity=200)
22:53:37.275 [main] DEBUG c.orderbook.OrderBook - [ORDERBOOK] ASK: Adding orderMktData(price=95,quantity=100)
22:53:37.275 [main] DEBUG c.orderbook.OrderBook - [ORDERBOOK] ASK: Adding orderMktData(price=98,quantity=154)
22:53:37.275 [main] INFO  c.o.v.MutatingMatchOneMarketDataOrderVisitor - [ORDERBOOK] visiting LevelOrderBookLevel(price=43,quantity=134)
22:53:37.275 [main] INFO  c.o.v.MutatingMatchOneMarketDataOrderVisitor - [ORDERBOOK] Can't match order:MktData(price=43,quantity=134)(MktData(price=98,quantity=154))
22:53:37.275 [main] INFO  c.o.v.MutatingRemoveAllMarketDataOrdersVisitor - [ORDERBOOK] Removing market data order:MktData(price=98,quantity=501)
22:53:37.275 [main] INFO  c.o.v.MutatingRemoveAllMarketDataOrdersVisitor - [ORDERBOOK] Removing level:98
22:53:37.275 [main] INFO  c.o.v.MutatingRemoveAllMarketDataOrdersVisitor - [ORDERBOOK] Removing market data order:MktData(price=101,quantity=200)
22:53:37.275 [main] INFO  c.o.v.MutatingRemoveAllMarketDataOrdersVisitor - [ORDERBOOK] Removing level:101
22:53:37.275 [main] INFO  c.o.v.MutatingRemoveAllMarketDataOrdersVisitor - [ORDERBOOK] Removing market data order:MktData(price=110,quantity=5000)
22:53:37.275 [main] INFO  c.o.v.MutatingRemoveAllMarketDataOrdersVisitor - [ORDERBOOK] Removing level:110
22:53:37.275 [main] INFO  c.o.v.MutatingRemoveAllMarketDataOrdersVisitor - [ORDERBOOK] Removing market data order:MktData(price=119,quantity=5600)
22:53:37.275 [main] INFO  c.o.v.MutatingRemoveAllMarketDataOrdersVisitor - [ORDERBOOK] Removing level:119
22:53:37.275 [main] INFO  c.o.v.MutatingRemoveAllMarketDataOrdersVisitor - [ORDERBOOK] Removing market data order:MktData(price=123,quantity=453)
22:53:37.275 [main] INFO  c.o.v.MutatingRemoveAllMarketDataOrdersVisitor - [ORDERBOOK] Removing level:123
22:53:37.275 [main] INFO  c.o.v.MutatingRemoveAllMarketDataOrdersVisitor - [ORDERBOOK] Removing market data order:MktData(price=144,quantity=645)
22:53:37.275 [main] INFO  c.o.v.MutatingRemoveAllMarketDataOrdersVisitor - [ORDERBOOK] Removing level:144
22:53:37.275 [main] INFO  c.o.v.MutatingRemoveAllMarketDataOrdersVisitor - [ORDERBOOK] Removing market data order:MktData(price=167,quantity=665)
22:53:37.275 [main] INFO  c.o.v.MutatingRemoveAllMarketDataOrdersVisitor - [ORDERBOOK] Removing level:167
22:53:37.275 [main] DEBUG c.orderbook.OrderBook - [ORDERBOOK] ASK: Adding orderMktData(price=98,quantity=501)
22:53:37.275 [main] DEBUG c.orderbook.OrderBook - [ORDERBOOK] ASK: Adding orderMktData(price=101,quantity=200)
22:53:37.275 [main] DEBUG c.orderbook.OrderBook - [ORDERBOOK] ASK: Adding orderMktData(price=110,quantity=5000)
22:53:37.275 [main] DEBUG c.orderbook.OrderBook - [ORDERBOOK] ASK: Adding orderMktData(price=119,quantity=5600)
22:53:37.275 [main] DEBUG c.orderbook.OrderBook - [ORDERBOOK] ASK: Adding orderMktData(price=123,quantity=453)
22:53:37.275 [main] DEBUG c.orderbook.OrderBook - [ORDERBOOK] ASK: Adding orderMktData(price=144,quantity=645)
22:53:37.275 [main] DEBUG c.orderbook.OrderBook - [ORDERBOOK] ASK: Adding orderMktData(price=167,quantity=665)
22:53:37.275 [main] DEBUG c.service.MarketDataService - [ALGO] BID: price:43 quantity:134
22:53:37.275 [main] DEBUG c.service.MarketDataService - [ALGO] BID: price:76 quantity:145
22:53:37.275 [main] DEBUG c.service.MarketDataService - [ALGO] BID: price:91 quantity:300
22:53:37.275 [main] DEBUG c.service.MarketDataService - [ALGO] BID: price:93 quantity:200
22:53:37.275 [main] DEBUG c.service.MarketDataService - [ALGO] BID: price:95 quantity:100
22:53:37.275 [main] DEBUG c.service.MarketDataService - [ALGO] BID: price:98 quantity:154
22:53:37.275 [main] DEBUG c.service.MarketDataService - [ALGO] ASK: price:98 quantity:501
22:53:37.275 [main] DEBUG c.service.MarketDataService - [ALGO] ASK: price:101 quantity:200
22:53:37.275 [main] DEBUG c.service.MarketDataService - [ALGO] ASK: price:110 quantity:5000
22:53:37.275 [main] DEBUG c.service.MarketDataService - [ALGO] ASK: price:119 quantity:5600
22:53:37.275 [main] DEBUG c.service.MarketDataService - [ALGO] ASK: price:123 quantity:453
22:53:37.275 [main] DEBUG c.service.MarketDataService - [ALGO] ASK: price:144 quantity:645
22:53:37.275 [main] DEBUG c.service.MarketDataService - [ALGO] ASK: price:167 quantity:665
22:53:37.275 [main] INFO  c.gettingstarted.MyAlgoLogic - [MYALGO] The state of the order book is:
|----BID-----||----ASK----|
    134 @ 43    501 @ 98
    145 @ 76   200 @ 101
    300 @ 91  5000 @ 110
    200 @ 93  5600 @ 119
    100 @ 95   453 @ 123
    154 @ 98   645 @ 144
          -    665 @ 167
|------------||-----------|

22:53:37.275 [main] INFO  c.gettingstarted.MyAlgoLogic - [MYALGO] Algo Sees Book as: 
|----BID-----||----ASK----|
    134 @ 43    501 @ 98
    145 @ 76   200 @ 101
    300 @ 91  5000 @ 110
    200 @ 93  5600 @ 119
    100 @ 95   453 @ 123
    154 @ 98   645 @ 144
          -    665 @ 167
|------------||-----------|

22:53:37.275 [main] INFO  c.gettingstarted.TimedLogic - [TIMEDLOGIC] Market is closed
22:53:37.275 [main] INFO  c.sequencer.consumer.LoggingConsumer - [199] 
|----BID-----|
    134 @ 43
    145 @ 76
    300 @ 91
    200 @ 93
    100 @ 95
    154 @ 98
|----ASK-----|
    501 @ 98
   200 @ 101
  5000 @ 110
  5600 @ 119
   453 @ 123
   645 @ 144
   665 @ 167

22:53:37.275 [main] INFO  c.orderbook.OrderBook - [ORDERBOOK] Processing Mkt Data Update
22:53:37.275 [main] INFO  c.o.v.MutatingRemoveAllMarketDataOrdersVisitor - [ORDERBOOK] Removing market data order:MktData(price=43,quantity=134)
22:53:37.275 [main] INFO  c.o.v.MutatingRemoveAllMarketDataOrdersVisitor - [ORDERBOOK] Removing level:43
22:53:37.275 [main] DEBUG c.orderbook.OrderBook - [ORDERBOOK] ASK: Adding orderMktData(price=43,quantity=134)
22:53:37.275 [main] DEBUG c.orderbook.OrderBook - [ORDERBOOK] ASK: Adding orderMktData(price=76,quantity=145)
22:53:37.275 [main] DEBUG c.orderbook.OrderBook - [ORDERBOOK] ASK: Adding orderMktData(price=91,quantity=300)
22:53:37.275 [main] DEBUG c.orderbook.OrderBook - [ORDERBOOK] ASK: Adding orderMktData(price=93,quantity=200)
22:53:37.275 [main] DEBUG c.orderbook.OrderBook - [ORDERBOOK] ASK: Adding orderMktData(price=95,quantity=100)
22:53:37.275 [main] DEBUG c.orderbook.OrderBook - [ORDERBOOK] ASK: Adding orderMktData(price=98,quantity=154)
22:53:37.275 [main] INFO  c.o.v.MutatingMatchOneMarketDataOrderVisitor - [ORDERBOOK] visiting LevelOrderBookLevel(price=43,quantity=134)
22:53:37.275 [main] INFO  c.o.v.MutatingMatchOneMarketDataOrderVisitor - [ORDERBOOK] Can't match order:MktData(price=43,quantity=134)(MktData(price=98,quantity=154))
22:53:37.275 [main] INFO  c.o.v.MutatingRemoveAllMarketDataOrdersVisitor - [ORDERBOOK] Removing market data order:MktData(price=98,quantity=501)
22:53:37.275 [main] INFO  c.o.v.MutatingRemoveAllMarketDataOrdersVisitor - [ORDERBOOK] Removing level:98
22:53:37.275 [main] INFO  c.o.v.MutatingRemoveAllMarketDataOrdersVisitor - [ORDERBOOK] Removing market data order:MktData(price=101,quantity=200)
22:53:37.275 [main] INFO  c.o.v.MutatingRemoveAllMarketDataOrdersVisitor - [ORDERBOOK] Removing level:101
22:53:37.275 [main] INFO  c.o.v.MutatingRemoveAllMarketDataOrdersVisitor - [ORDERBOOK] Removing market data order:MktData(price=110,quantity=5000)
22:53:37.275 [main] INFO  c.o.v.MutatingRemoveAllMarketDataOrdersVisitor - [ORDERBOOK] Removing level:110
22:53:37.275 [main] INFO  c.o.v.MutatingRemoveAllMarketDataOrdersVisitor - [ORDERBOOK] Removing market data order:MktData(price=119,quantity=5600)
22:53:37.275 [main] INFO  c.o.v.MutatingRemoveAllMarketDataOrdersVisitor - [ORDERBOOK] Removing level:119
22:53:37.275 [main] INFO  c.o.v.MutatingRemoveAllMarketDataOrdersVisitor - [ORDERBOOK] Removing market data order:MktData(price=123,quantity=453)
22:53:37.275 [main] INFO  c.o.v.MutatingRemoveAllMarketDataOrdersVisitor - [ORDERBOOK] Removing level:123
22:53:37.275 [main] INFO  c.o.v.MutatingRemoveAllMarketDataOrdersVisitor - [ORDERBOOK] Removing market data order:MktData(price=144,quantity=645)
22:53:37.275 [main] INFO  c.o.v.MutatingRemoveAllMarketDataOrdersVisitor - [ORDERBOOK] Removing level:144
22:53:37.275 [main] INFO  c.o.v.MutatingRemoveAllMarketDataOrdersVisitor - [ORDERBOOK] Removing market data order:MktData(price=167,quantity=665)
22:53:37.275 [main] INFO  c.o.v.MutatingRemoveAllMarketDataOrdersVisitor - [ORDERBOOK] Removing level:167
22:53:37.275 [main] DEBUG c.orderbook.OrderBook - [ORDERBOOK] ASK: Adding orderMktData(price=98,quantity=501)
22:53:37.275 [main] DEBUG c.orderbook.OrderBook - [ORDERBOOK] ASK: Adding orderMktData(price=101,quantity=200)
22:53:37.275 [main] DEBUG c.orderbook.OrderBook - [ORDERBOOK] ASK: Adding orderMktData(price=110,quantity=5000)
22:53:37.275 [main] DEBUG c.orderbook.OrderBook - [ORDERBOOK] ASK: Adding orderMktData(price=119,quantity=5600)
22:53:37.275 [main] DEBUG c.orderbook.OrderBook - [ORDERBOOK] ASK: Adding orderMktData(price=123,quantity=453)
22:53:37.275 [main] DEBUG c.orderbook.OrderBook - [ORDERBOOK] ASK: Adding orderMktData(price=144,quantity=645)
22:53:37.275 [main] DEBUG c.orderbook.OrderBook - [ORDERBOOK] ASK: Adding orderMktData(price=167,quantity=665)
22:53:37.275 [main] DEBUG c.service.MarketDataService - [ALGO] BID: price:43 quantity:134
22:53:37.275 [main] DEBUG c.service.MarketDataService - [ALGO] BID: price:76 quantity:145
22:53:37.275 [main] DEBUG c.service.MarketDataService - [ALGO] BID: price:91 quantity:300
22:53:37.275 [main] DEBUG c.service.MarketDataService - [ALGO] BID: price:93 quantity:200
22:53:37.275 [main] DEBUG c.service.MarketDataService - [ALGO] BID: price:95 quantity:100
22:53:37.275 [main] DEBUG c.service.MarketDataService - [ALGO] BID: price:98 quantity:154
22:53:37.275 [main] DEBUG c.service.MarketDataService - [ALGO] ASK: price:98 quantity:501
22:53:37.275 [main] DEBUG c.service.MarketDataService - [ALGO] ASK: price:101 quantity:200
22:53:37.275 [main] DEBUG c.service.MarketDataService - [ALGO] ASK: price:110 quantity:5000
22:53:37.275 [main] DEBUG c.service.MarketDataService - [ALGO] ASK: price:119 quantity:5600
22:53:37.275 [main] DEBUG c.service.MarketDataService - [ALGO] ASK: price:123 quantity:453
22:53:37.275 [main] DEBUG c.service.MarketDataService - [ALGO] ASK: price:144 quantity:645
22:53:37.275 [main] DEBUG c.service.MarketDataService - [ALGO] ASK: price:167 quantity:665
22:53:37.275 [main] INFO  c.gettingstarted.MyAlgoLogic - [MYALGO] The state of the order book is:
|----BID-----||----ASK----|
    134 @ 43    501 @ 98
    145 @ 76   200 @ 101
    300 @ 91  5000 @ 110
    200 @ 93  5600 @ 119
    100 @ 95   453 @ 123
    154 @ 98   645 @ 144
          -    665 @ 167
|------------||-----------|

22:53:37.275 [main] INFO  c.gettingstarted.MyAlgoLogic - [MYALGO] Algo Sees Book as: 
|----BID-----||----ASK----|
    134 @ 43    501 @ 98
    145 @ 76   200 @ 101
    300 @ 91  5000 @ 110
    200 @ 93  5600 @ 119
    100 @ 95   453 @ 123
    154 @ 98   645 @ 144
          -    665 @ 167
|------------||-----------|

22:53:37.275 [main] INFO  c.gettingstarted.TimedLogic - [TIMEDLOGIC] Market is closed
22:53:37.275 [main] INFO  c.sequencer.consumer.LoggingConsumer - [200] 
|----BID-----|
    134 @ 43
    145 @ 76
    300 @ 91
    200 @ 93
    100 @ 95
    154 @ 98
|----ASK-----|
    501 @ 98
   200 @ 101
  5000 @ 110
  5600 @ 119
   453 @ 123
   645 @ 144
   665 @ 167

22:53:37.275 [main] INFO  c.orderbook.OrderBook - [ORDERBOOK] Processing Mkt Data Update
22:53:37.275 [main] INFO  c.o.v.MutatingRemoveAllMarketDataOrdersVisitor - [ORDERBOOK] Removing market data order:MktData(price=43,quantity=134)
22:53:37.275 [main] INFO  c.o.v.MutatingRemoveAllMarketDataOrdersVisitor - [ORDERBOOK] Removing level:43
22:53:37.275 [main] DEBUG c.orderbook.OrderBook - [ORDERBOOK] ASK: Adding orderMktData(price=43,quantity=134)
22:53:37.275 [main] DEBUG c.orderbook.OrderBook - [ORDERBOOK] ASK: Adding orderMktData(price=76,quantity=145)
22:53:37.275 [main] DEBUG c.orderbook.OrderBook - [ORDERBOOK] ASK: Adding orderMktData(price=91,quantity=300)
22:53:37.275 [main] DEBUG c.orderbook.OrderBook - [ORDERBOOK] ASK: Adding orderMktData(price=93,quantity=200)
22:53:37.275 [main] DEBUG c.orderbook.OrderBook - [ORDERBOOK] ASK: Adding orderMktData(price=95,quantity=100)
22:53:37.275 [main] DEBUG c.orderbook.OrderBook - [ORDERBOOK] ASK: Adding orderMktData(price=98,quantity=154)
22:53:37.275 [main] INFO  c.o.v.MutatingMatchOneMarketDataOrderVisitor - [ORDERBOOK] visiting LevelOrderBookLevel(price=43,quantity=134)
22:53:37.275 [main] INFO  c.o.v.MutatingMatchOneMarketDataOrderVisitor - [ORDERBOOK] Can't match order:MktData(price=43,quantity=134)(MktData(price=98,quantity=154))
22:53:37.275 [main] INFO  c.o.v.MutatingRemoveAllMarketDataOrdersVisitor - [ORDERBOOK] Removing market data order:MktData(price=98,quantity=501)
22:53:37.275 [main] INFO  c.o.v.MutatingRemoveAllMarketDataOrdersVisitor - [ORDERBOOK] Removing level:98
22:53:37.275 [main] INFO  c.o.v.MutatingRemoveAllMarketDataOrdersVisitor - [ORDERBOOK] Removing market data order:MktData(price=101,quantity=200)
22:53:37.275 [main] INFO  c.o.v.MutatingRemoveAllMarketDataOrdersVisitor - [ORDERBOOK] Removing level:101
22:53:37.275 [main] INFO  c.o.v.MutatingRemoveAllMarketDataOrdersVisitor - [ORDERBOOK] Removing market data order:MktData(price=110,quantity=5000)
22:53:37.275 [main] INFO  c.o.v.MutatingRemoveAllMarketDataOrdersVisitor - [ORDERBOOK] Removing level:110
22:53:37.275 [main] INFO  c.o.v.MutatingRemoveAllMarketDataOrdersVisitor - [ORDERBOOK] Removing market data order:MktData(price=119,quantity=5600)
22:53:37.275 [main] INFO  c.o.v.MutatingRemoveAllMarketDataOrdersVisitor - [ORDERBOOK] Removing level:119
22:53:37.275 [main] INFO  c.o.v.MutatingRemoveAllMarketDataOrdersVisitor - [ORDERBOOK] Removing market data order:MktData(price=123,quantity=453)
22:53:37.275 [main] INFO  c.o.v.MutatingRemoveAllMarketDataOrdersVisitor - [ORDERBOOK] Removing level:123
22:53:37.275 [main] INFO  c.o.v.MutatingRemoveAllMarketDataOrdersVisitor - [ORDERBOOK] Removing market data order:MktData(price=144,quantity=645)
22:53:37.275 [main] INFO  c.o.v.MutatingRemoveAllMarketDataOrdersVisitor - [ORDERBOOK] Removing level:144
22:53:37.275 [main] INFO  c.o.v.MutatingRemoveAllMarketDataOrdersVisitor - [ORDERBOOK] Removing market data order:MktData(price=167,quantity=665)
22:53:37.275 [main] INFO  c.o.v.MutatingRemoveAllMarketDataOrdersVisitor - [ORDERBOOK] Removing level:167
22:53:37.275 [main] DEBUG c.orderbook.OrderBook - [ORDERBOOK] ASK: Adding orderMktData(price=98,quantity=501)
22:53:37.275 [main] DEBUG c.orderbook.OrderBook - [ORDERBOOK] ASK: Adding orderMktData(price=101,quantity=200)
22:53:37.275 [main] DEBUG c.orderbook.OrderBook - [ORDERBOOK] ASK: Adding orderMktData(price=110,quantity=5000)
22:53:37.275 [main] DEBUG c.orderbook.OrderBook - [ORDERBOOK] ASK: Adding orderMktData(price=119,quantity=5600)
22:53:37.275 [main] DEBUG c.orderbook.OrderBook - [ORDERBOOK] ASK: Adding orderMktData(price=123,quantity=453)
22:53:37.275 [main] DEBUG c.orderbook.OrderBook - [ORDERBOOK] ASK: Adding orderMktData(price=144,quantity=645)
22:53:37.275 [main] DEBUG c.orderbook.OrderBook - [ORDERBOOK] ASK: Adding orderMktData(price=167,quantity=665)
22:53:37.275 [main] DEBUG c.service.MarketDataService - [ALGO] BID: price:43 quantity:134
22:53:37.275 [main] DEBUG c.service.MarketDataService - [ALGO] BID: price:76 quantity:145
22:53:37.275 [main] DEBUG c.service.MarketDataService - [ALGO] BID: price:91 quantity:300
22:53:37.275 [main] DEBUG c.service.MarketDataService - [ALGO] BID: price:93 quantity:200
22:53:37.275 [main] DEBUG c.service.MarketDataService - [ALGO] BID: price:95 quantity:100
22:53:37.275 [main] DEBUG c.service.MarketDataService - [ALGO] BID: price:98 quantity:154
22:53:37.275 [main] DEBUG c.service.MarketDataService - [ALGO] ASK: price:98 quantity:501
22:53:37.275 [main] DEBUG c.service.MarketDataService - [ALGO] ASK: price:101 quantity:200
22:53:37.275 [main] DEBUG c.service.MarketDataService - [ALGO] ASK: price:110 quantity:5000
22:53:37.275 [main] DEBUG c.service.MarketDataService - [ALGO] ASK: price:119 quantity:5600
22:53:37.275 [main] DEBUG c.service.MarketDataService - [ALGO] ASK: price:123 quantity:453
22:53:37.275 [main] DEBUG c.service.MarketDataService - [ALGO] ASK: price:144 quantity:645
22:53:37.275 [main] DEBUG c.service.MarketDataService - [ALGO] ASK: price:167 quantity:665
22:53:37.275 [main] INFO  c.gettingstarted.MyAlgoLogic - [MYALGO] The state of the order book is:
|----BID-----||----ASK----|
    134 @ 43    501 @ 98
    145 @ 76   200 @ 101
    300 @ 91  5000 @ 110
    200 @ 93  5600 @ 119
    100 @ 95   453 @ 123
    154 @ 98   645 @ 144
          -    665 @ 167
|------------||-----------|

22:53:37.275 [main] INFO  c.gettingstarted.MyAlgoLogic - [MYALGO] Algo Sees Book as: 
|----BID-----||----ASK----|
    134 @ 43    501 @ 98
    145 @ 76   200 @ 101
    300 @ 91  5000 @ 110
    200 @ 93  5600 @ 119
    100 @ 95   453 @ 123
    154 @ 98   645 @ 144
          -    665 @ 167
|------------||-----------|

22:53:37.275 [main] INFO  c.gettingstarted.TimedLogic - [TIMEDLOGIC] Market is closed
22:53:37.275 [main] INFO  c.sequencer.consumer.LoggingConsumer - [201] 
|----BID-----|
    134 @ 43
    145 @ 76
    300 @ 91
    200 @ 93
    100 @ 95
    154 @ 98
|----ASK-----|
    501 @ 98
   200 @ 101
  5000 @ 110
  5600 @ 119
   453 @ 123
   645 @ 144
   665 @ 167

22:53:37.275 [main] INFO  c.orderbook.OrderBook - [ORDERBOOK] Processing Mkt Data Update
22:53:37.275 [main] INFO  c.o.v.MutatingRemoveAllMarketDataOrdersVisitor - [ORDERBOOK] Removing market data order:MktData(price=43,quantity=134)
22:53:37.275 [main] INFO  c.o.v.MutatingRemoveAllMarketDataOrdersVisitor - [ORDERBOOK] Removing level:43
22:53:37.275 [main] DEBUG c.orderbook.OrderBook - [ORDERBOOK] ASK: Adding orderMktData(price=43,quantity=134)
22:53:37.275 [main] DEBUG c.orderbook.OrderBook - [ORDERBOOK] ASK: Adding orderMktData(price=76,quantity=145)
22:53:37.275 [main] DEBUG c.orderbook.OrderBook - [ORDERBOOK] ASK: Adding orderMktData(price=91,quantity=300)
22:53:37.275 [main] DEBUG c.orderbook.OrderBook - [ORDERBOOK] ASK: Adding orderMktData(price=93,quantity=200)
22:53:37.275 [main] DEBUG c.orderbook.OrderBook - [ORDERBOOK] ASK: Adding orderMktData(price=95,quantity=100)
22:53:37.275 [main] DEBUG c.orderbook.OrderBook - [ORDERBOOK] ASK: Adding orderMktData(price=98,quantity=154)
22:53:37.275 [main] INFO  c.o.v.MutatingMatchOneMarketDataOrderVisitor - [ORDERBOOK] visiting LevelOrderBookLevel(price=43,quantity=134)
22:53:37.275 [main] INFO  c.o.v.MutatingMatchOneMarketDataOrderVisitor - [ORDERBOOK] Can't match order:MktData(price=43,quantity=134)(MktData(price=98,quantity=154))
22:53:37.275 [main] INFO  c.o.v.MutatingRemoveAllMarketDataOrdersVisitor - [ORDERBOOK] Removing market data order:MktData(price=98,quantity=501)
22:53:37.275 [main] INFO  c.o.v.MutatingRemoveAllMarketDataOrdersVisitor - [ORDERBOOK] Removing level:98
22:53:37.275 [main] INFO  c.o.v.MutatingRemoveAllMarketDataOrdersVisitor - [ORDERBOOK] Removing market data order:MktData(price=101,quantity=200)
22:53:37.275 [main] INFO  c.o.v.MutatingRemoveAllMarketDataOrdersVisitor - [ORDERBOOK] Removing level:101
22:53:37.275 [main] INFO  c.o.v.MutatingRemoveAllMarketDataOrdersVisitor - [ORDERBOOK] Removing market data order:MktData(price=110,quantity=5000)
22:53:37.275 [main] INFO  c.o.v.MutatingRemoveAllMarketDataOrdersVisitor - [ORDERBOOK] Removing level:110
22:53:37.275 [main] INFO  c.o.v.MutatingRemoveAllMarketDataOrdersVisitor - [ORDERBOOK] Removing market data order:MktData(price=119,quantity=5600)
22:53:37.275 [main] INFO  c.o.v.MutatingRemoveAllMarketDataOrdersVisitor - [ORDERBOOK] Removing level:119
22:53:37.275 [main] INFO  c.o.v.MutatingRemoveAllMarketDataOrdersVisitor - [ORDERBOOK] Removing market data order:MktData(price=123,quantity=453)
22:53:37.275 [main] INFO  c.o.v.MutatingRemoveAllMarketDataOrdersVisitor - [ORDERBOOK] Removing level:123
22:53:37.275 [main] INFO  c.o.v.MutatingRemoveAllMarketDataOrdersVisitor - [ORDERBOOK] Removing market data order:MktData(price=144,quantity=645)
22:53:37.275 [main] INFO  c.o.v.MutatingRemoveAllMarketDataOrdersVisitor - [ORDERBOOK] Removing level:144
22:53:37.275 [main] INFO  c.o.v.MutatingRemoveAllMarketDataOrdersVisitor - [ORDERBOOK] Removing market data order:MktData(price=167,quantity=665)
22:53:37.275 [main] INFO  c.o.v.MutatingRemoveAllMarketDataOrdersVisitor - [ORDERBOOK] Removing level:167
22:53:37.275 [main] DEBUG c.orderbook.OrderBook - [ORDERBOOK] ASK: Adding orderMktData(price=98,quantity=501)
22:53:37.275 [main] DEBUG c.orderbook.OrderBook - [ORDERBOOK] ASK: Adding orderMktData(price=101,quantity=200)
22:53:37.275 [main] DEBUG c.orderbook.OrderBook - [ORDERBOOK] ASK: Adding orderMktData(price=110,quantity=5000)
22:53:37.275 [main] DEBUG c.orderbook.OrderBook - [ORDERBOOK] ASK: Adding orderMktData(price=119,quantity=5600)
22:53:37.275 [main] DEBUG c.orderbook.OrderBook - [ORDERBOOK] ASK: Adding orderMktData(price=123,quantity=453)
22:53:37.275 [main] DEBUG c.orderbook.OrderBook - [ORDERBOOK] ASK: Adding orderMktData(price=144,quantity=645)
22:53:37.275 [main] DEBUG c.orderbook.OrderBook - [ORDERBOOK] ASK: Adding orderMktData(price=167,quantity=665)
22:53:37.275 [main] DEBUG c.service.MarketDataService - [ALGO] BID: price:43 quantity:134
22:53:37.275 [main] DEBUG c.service.MarketDataService - [ALGO] BID: price:76 quantity:145
22:53:37.275 [main] DEBUG c.service.MarketDataService - [ALGO] BID: price:91 quantity:300
22:53:37.275 [main] DEBUG c.service.MarketDataService - [ALGO] BID: price:93 quantity:200
22:53:37.275 [main] DEBUG c.service.MarketDataService - [ALGO] BID: price:95 quantity:100
22:53:37.275 [main] DEBUG c.service.MarketDataService - [ALGO] BID: price:98 quantity:154
22:53:37.275 [main] DEBUG c.service.MarketDataService - [ALGO] ASK: price:98 quantity:501
22:53:37.275 [main] DEBUG c.service.MarketDataService - [ALGO] ASK: price:101 quantity:200
22:53:37.275 [main] DEBUG c.service.MarketDataService - [ALGO] ASK: price:110 quantity:5000
22:53:37.275 [main] DEBUG c.service.MarketDataService - [ALGO] ASK: price:119 quantity:5600
22:53:37.275 [main] DEBUG c.service.MarketDataService - [ALGO] ASK: price:123 quantity:453
22:53:37.275 [main] DEBUG c.service.MarketDataService - [ALGO] ASK: price:144 quantity:645
22:53:37.275 [main] DEBUG c.service.MarketDataService - [ALGO] ASK: price:167 quantity:665
22:53:37.275 [main] INFO  c.gettingstarted.MyAlgoLogic - [MYALGO] The state of the order book is:
|----BID-----||----ASK----|
    134 @ 43    501 @ 98
    145 @ 76   200 @ 101
    300 @ 91  5000 @ 110
    200 @ 93  5600 @ 119
    100 @ 95   453 @ 123
    154 @ 98   645 @ 144
          -    665 @ 167
|------------||-----------|

22:53:37.275 [main] INFO  c.gettingstarted.MyAlgoLogic - [MYALGO] Algo Sees Book as: 
|----BID-----||----ASK----|
    134 @ 43    501 @ 98
    145 @ 76   200 @ 101
    300 @ 91  5000 @ 110
    200 @ 93  5600 @ 119
    100 @ 95   453 @ 123
    154 @ 98   645 @ 144
          -    665 @ 167
|------------||-----------|

22:53:37.275 [main] INFO  c.gettingstarted.TimedLogic - [TIMEDLOGIC] Market is closed
22:53:37.275 [main] INFO  c.sequencer.consumer.LoggingConsumer - [202] 
|----BID-----|
    134 @ 43
    145 @ 76
    300 @ 91
    200 @ 93
    100 @ 95
    154 @ 98
|----ASK-----|
    501 @ 98
   200 @ 101
  5000 @ 110
  5600 @ 119
   453 @ 123
   645 @ 144
   665 @ 167

22:53:37.275 [main] INFO  c.orderbook.OrderBook - [ORDERBOOK] Processing Mkt Data Update
22:53:37.275 [main] INFO  c.o.v.MutatingRemoveAllMarketDataOrdersVisitor - [ORDERBOOK] Removing market data order:MktData(price=43,quantity=134)
22:53:37.275 [main] INFO  c.o.v.MutatingRemoveAllMarketDataOrdersVisitor - [ORDERBOOK] Removing level:43
22:53:37.275 [main] DEBUG c.orderbook.OrderBook - [ORDERBOOK] ASK: Adding orderMktData(price=43,quantity=134)
22:53:37.275 [main] DEBUG c.orderbook.OrderBook - [ORDERBOOK] ASK: Adding orderMktData(price=76,quantity=145)
22:53:37.275 [main] DEBUG c.orderbook.OrderBook - [ORDERBOOK] ASK: Adding orderMktData(price=91,quantity=300)
22:53:37.275 [main] DEBUG c.orderbook.OrderBook - [ORDERBOOK] ASK: Adding orderMktData(price=93,quantity=200)
22:53:37.275 [main] DEBUG c.orderbook.OrderBook - [ORDERBOOK] ASK: Adding orderMktData(price=95,quantity=100)
22:53:37.275 [main] DEBUG c.orderbook.OrderBook - [ORDERBOOK] ASK: Adding orderMktData(price=98,quantity=154)
22:53:37.275 [main] INFO  c.o.v.MutatingMatchOneMarketDataOrderVisitor - [ORDERBOOK] visiting LevelOrderBookLevel(price=43,quantity=134)
22:53:37.275 [main] INFO  c.o.v.MutatingMatchOneMarketDataOrderVisitor - [ORDERBOOK] Can't match order:MktData(price=43,quantity=134)(MktData(price=98,quantity=154))
22:53:37.275 [main] INFO  c.o.v.MutatingRemoveAllMarketDataOrdersVisitor - [ORDERBOOK] Removing market data order:MktData(price=98,quantity=501)
22:53:37.275 [main] INFO  c.o.v.MutatingRemoveAllMarketDataOrdersVisitor - [ORDERBOOK] Removing level:98
22:53:37.275 [main] INFO  c.o.v.MutatingRemoveAllMarketDataOrdersVisitor - [ORDERBOOK] Removing market data order:MktData(price=101,quantity=200)
22:53:37.275 [main] INFO  c.o.v.MutatingRemoveAllMarketDataOrdersVisitor - [ORDERBOOK] Removing level:101
22:53:37.275 [main] INFO  c.o.v.MutatingRemoveAllMarketDataOrdersVisitor - [ORDERBOOK] Removing market data order:MktData(price=110,quantity=5000)
22:53:37.275 [main] INFO  c.o.v.MutatingRemoveAllMarketDataOrdersVisitor - [ORDERBOOK] Removing level:110
22:53:37.275 [main] INFO  c.o.v.MutatingRemoveAllMarketDataOrdersVisitor - [ORDERBOOK] Removing market data order:MktData(price=119,quantity=5600)
22:53:37.275 [main] INFO  c.o.v.MutatingRemoveAllMarketDataOrdersVisitor - [ORDERBOOK] Removing level:119
22:53:37.275 [main] INFO  c.o.v.MutatingRemoveAllMarketDataOrdersVisitor - [ORDERBOOK] Removing market data order:MktData(price=123,quantity=453)
22:53:37.275 [main] INFO  c.o.v.MutatingRemoveAllMarketDataOrdersVisitor - [ORDERBOOK] Removing level:123
22:53:37.275 [main] INFO  c.o.v.MutatingRemoveAllMarketDataOrdersVisitor - [ORDERBOOK] Removing market data order:MktData(price=144,quantity=645)
22:53:37.275 [main] INFO  c.o.v.MutatingRemoveAllMarketDataOrdersVisitor - [ORDERBOOK] Removing level:144
22:53:37.275 [main] INFO  c.o.v.MutatingRemoveAllMarketDataOrdersVisitor - [ORDERBOOK] Removing market data order:MktData(price=167,quantity=665)
22:53:37.275 [main] INFO  c.o.v.MutatingRemoveAllMarketDataOrdersVisitor - [ORDERBOOK] Removing level:167
22:53:37.275 [main] DEBUG c.orderbook.OrderBook - [ORDERBOOK] ASK: Adding orderMktData(price=98,quantity=501)
22:53:37.275 [main] DEBUG c.orderbook.OrderBook - [ORDERBOOK] ASK: Adding orderMktData(price=101,quantity=200)
22:53:37.275 [main] DEBUG c.orderbook.OrderBook - [ORDERBOOK] ASK: Adding orderMktData(price=110,quantity=5000)
22:53:37.275 [main] DEBUG c.orderbook.OrderBook - [ORDERBOOK] ASK: Adding orderMktData(price=119,quantity=5600)
22:53:37.275 [main] DEBUG c.orderbook.OrderBook - [ORDERBOOK] ASK: Adding orderMktData(price=123,quantity=453)
22:53:37.275 [main] DEBUG c.orderbook.OrderBook - [ORDERBOOK] ASK: Adding orderMktData(price=144,quantity=645)
22:53:37.275 [main] DEBUG c.orderbook.OrderBook - [ORDERBOOK] ASK: Adding orderMktData(price=167,quantity=665)
22:53:37.275 [main] DEBUG c.service.MarketDataService - [ALGO] BID: price:43 quantity:134
22:53:37.275 [main] DEBUG c.service.MarketDataService - [ALGO] BID: price:76 quantity:145
22:53:37.275 [main] DEBUG c.service.MarketDataService - [ALGO] BID: price:91 quantity:300
22:53:37.275 [main] DEBUG c.service.MarketDataService - [ALGO] BID: price:93 quantity:200
22:53:37.275 [main] DEBUG c.service.MarketDataService - [ALGO] BID: price:95 quantity:100
22:53:37.275 [main] DEBUG c.service.MarketDataService - [ALGO] BID: price:98 quantity:154
22:53:37.275 [main] DEBUG c.service.MarketDataService - [ALGO] ASK: price:98 quantity:501
22:53:37.275 [main] DEBUG c.service.MarketDataService - [ALGO] ASK: price:101 quantity:200
22:53:37.275 [main] DEBUG c.service.MarketDataService - [ALGO] ASK: price:110 quantity:5000
22:53:37.275 [main] DEBUG c.service.MarketDataService - [ALGO] ASK: price:119 quantity:5600
22:53:37.275 [main] DEBUG c.service.MarketDataService - [ALGO] ASK: price:123 quantity:453
22:53:37.275 [main] DEBUG c.service.MarketDataService - [ALGO] ASK: price:144 quantity:645
22:53:37.275 [main] DEBUG c.service.MarketDataService - [ALGO] ASK: price:167 quantity:665
22:53:37.275 [main] INFO  c.gettingstarted.MyAlgoLogic - [MYALGO] The state of the order book is:
|----BID-----||----ASK----|
    134 @ 43    501 @ 98
    145 @ 76   200 @ 101
    300 @ 91  5000 @ 110
    200 @ 93  5600 @ 119
    100 @ 95   453 @ 123
    154 @ 98   645 @ 144
          -    665 @ 167
|------------||-----------|

22:53:37.275 [main] INFO  c.gettingstarted.MyAlgoLogic - [MYALGO] Algo Sees Book as: 
|----BID-----||----ASK----|
    134 @ 43    501 @ 98
    145 @ 76   200 @ 101
    300 @ 91  5000 @ 110
    200 @ 93  5600 @ 119
    100 @ 95   453 @ 123
    154 @ 98   645 @ 144
          -    665 @ 167
|------------||-----------|

22:53:37.275 [main] INFO  c.gettingstarted.TimedLogic - [TIMEDLOGIC] Market is closed
22:53:37.279 [main] INFO  c.sequencer.consumer.LoggingConsumer - [203] 
|----BID-----|
    134 @ 43
    145 @ 76
    300 @ 91
    200 @ 93
    100 @ 95
    154 @ 98
|----ASK-----|
    501 @ 98
   200 @ 101
  5000 @ 110
  5600 @ 119
   453 @ 123
   645 @ 144
   665 @ 167

22:53:37.279 [main] INFO  c.orderbook.OrderBook - [ORDERBOOK] Processing Mkt Data Update
22:53:37.279 [main] INFO  c.o.v.MutatingRemoveAllMarketDataOrdersVisitor - [ORDERBOOK] Removing market data order:MktData(price=43,quantity=134)
22:53:37.279 [main] INFO  c.o.v.MutatingRemoveAllMarketDataOrdersVisitor - [ORDERBOOK] Removing level:43
22:53:37.279 [main] DEBUG c.orderbook.OrderBook - [ORDERBOOK] ASK: Adding orderMktData(price=43,quantity=134)
22:53:37.279 [main] DEBUG c.orderbook.OrderBook - [ORDERBOOK] ASK: Adding orderMktData(price=76,quantity=145)
22:53:37.279 [main] DEBUG c.orderbook.OrderBook - [ORDERBOOK] ASK: Adding orderMktData(price=91,quantity=300)
22:53:37.279 [main] DEBUG c.orderbook.OrderBook - [ORDERBOOK] ASK: Adding orderMktData(price=93,quantity=200)
22:53:37.279 [main] DEBUG c.orderbook.OrderBook - [ORDERBOOK] ASK: Adding orderMktData(price=95,quantity=100)
22:53:37.279 [main] DEBUG c.orderbook.OrderBook - [ORDERBOOK] ASK: Adding orderMktData(price=98,quantity=154)
22:53:37.279 [main] INFO  c.o.v.MutatingMatchOneMarketDataOrderVisitor - [ORDERBOOK] visiting LevelOrderBookLevel(price=43,quantity=134)
22:53:37.279 [main] INFO  c.o.v.MutatingMatchOneMarketDataOrderVisitor - [ORDERBOOK] Can't match order:MktData(price=43,quantity=134)(MktData(price=98,quantity=154))
22:53:37.279 [main] INFO  c.o.v.MutatingRemoveAllMarketDataOrdersVisitor - [ORDERBOOK] Removing market data order:MktData(price=98,quantity=501)
22:53:37.279 [main] INFO  c.o.v.MutatingRemoveAllMarketDataOrdersVisitor - [ORDERBOOK] Removing level:98
22:53:37.279 [main] INFO  c.o.v.MutatingRemoveAllMarketDataOrdersVisitor - [ORDERBOOK] Removing market data order:MktData(price=101,quantity=200)
22:53:37.279 [main] INFO  c.o.v.MutatingRemoveAllMarketDataOrdersVisitor - [ORDERBOOK] Removing level:101
22:53:37.279 [main] INFO  c.o.v.MutatingRemoveAllMarketDataOrdersVisitor - [ORDERBOOK] Removing market data order:MktData(price=110,quantity=5000)
22:53:37.279 [main] INFO  c.o.v.MutatingRemoveAllMarketDataOrdersVisitor - [ORDERBOOK] Removing level:110
22:53:37.279 [main] INFO  c.o.v.MutatingRemoveAllMarketDataOrdersVisitor - [ORDERBOOK] Removing market data order:MktData(price=119,quantity=5600)
22:53:37.279 [main] INFO  c.o.v.MutatingRemoveAllMarketDataOrdersVisitor - [ORDERBOOK] Removing level:119
22:53:37.279 [main] INFO  c.o.v.MutatingRemoveAllMarketDataOrdersVisitor - [ORDERBOOK] Removing market data order:MktData(price=123,quantity=453)
22:53:37.279 [main] INFO  c.o.v.MutatingRemoveAllMarketDataOrdersVisitor - [ORDERBOOK] Removing level:123
22:53:37.279 [main] INFO  c.o.v.MutatingRemoveAllMarketDataOrdersVisitor - [ORDERBOOK] Removing market data order:MktData(price=144,quantity=645)
22:53:37.279 [main] INFO  c.o.v.MutatingRemoveAllMarketDataOrdersVisitor - [ORDERBOOK] Removing level:144
22:53:37.279 [main] INFO  c.o.v.MutatingRemoveAllMarketDataOrdersVisitor - [ORDERBOOK] Removing market data order:MktData(price=167,quantity=665)
22:53:37.279 [main] INFO  c.o.v.MutatingRemoveAllMarketDataOrdersVisitor - [ORDERBOOK] Removing level:167
22:53:37.279 [main] DEBUG c.orderbook.OrderBook - [ORDERBOOK] ASK: Adding orderMktData(price=98,quantity=501)
22:53:37.279 [main] DEBUG c.orderbook.OrderBook - [ORDERBOOK] ASK: Adding orderMktData(price=101,quantity=200)
22:53:37.279 [main] DEBUG c.orderbook.OrderBook - [ORDERBOOK] ASK: Adding orderMktData(price=110,quantity=5000)
22:53:37.279 [main] DEBUG c.orderbook.OrderBook - [ORDERBOOK] ASK: Adding orderMktData(price=119,quantity=5600)
22:53:37.279 [main] DEBUG c.orderbook.OrderBook - [ORDERBOOK] ASK: Adding orderMktData(price=123,quantity=453)
22:53:37.279 [main] DEBUG c.orderbook.OrderBook - [ORDERBOOK] ASK: Adding orderMktData(price=144,quantity=645)
22:53:37.279 [main] DEBUG c.orderbook.OrderBook - [ORDERBOOK] ASK: Adding orderMktData(price=167,quantity=665)
22:53:37.279 [main] DEBUG c.service.MarketDataService - [ALGO] BID: price:43 quantity:134
22:53:37.279 [main] DEBUG c.service.MarketDataService - [ALGO] BID: price:76 quantity:145
22:53:37.279 [main] DEBUG c.service.MarketDataService - [ALGO] BID: price:91 quantity:300
22:53:37.279 [main] DEBUG c.service.MarketDataService - [ALGO] BID: price:93 quantity:200
22:53:37.279 [main] DEBUG c.service.MarketDataService - [ALGO] BID: price:95 quantity:100
22:53:37.279 [main] DEBUG c.service.MarketDataService - [ALGO] BID: price:98 quantity:154
22:53:37.279 [main] DEBUG c.service.MarketDataService - [ALGO] ASK: price:98 quantity:501
22:53:37.279 [main] DEBUG c.service.MarketDataService - [ALGO] ASK: price:101 quantity:200
22:53:37.279 [main] DEBUG c.service.MarketDataService - [ALGO] ASK: price:110 quantity:5000
22:53:37.279 [main] DEBUG c.service.MarketDataService - [ALGO] ASK: price:119 quantity:5600
22:53:37.279 [main] DEBUG c.service.MarketDataService - [ALGO] ASK: price:123 quantity:453
22:53:37.279 [main] DEBUG c.service.MarketDataService - [ALGO] ASK: price:144 quantity:645
22:53:37.279 [main] DEBUG c.service.MarketDataService - [ALGO] ASK: price:167 quantity:665
22:53:37.279 [main] INFO  c.gettingstarted.MyAlgoLogic - [MYALGO] The state of the order book is:
|----BID-----||----ASK----|
    134 @ 43    501 @ 98
    145 @ 76   200 @ 101
    300 @ 91  5000 @ 110
    200 @ 93  5600 @ 119
    100 @ 95   453 @ 123
    154 @ 98   645 @ 144
          -    665 @ 167
|------------||-----------|

22:53:37.279 [main] INFO  c.gettingstarted.MyAlgoLogic - [MYALGO] Algo Sees Book as: 
|----BID-----||----ASK----|
    134 @ 43    501 @ 98
    145 @ 76   200 @ 101
    300 @ 91  5000 @ 110
    200 @ 93  5600 @ 119
    100 @ 95   453 @ 123
    154 @ 98   645 @ 144
          -    665 @ 167
|------------||-----------|

22:53:37.279 [main] INFO  c.gettingstarted.TimedLogic - [TIMEDLOGIC] Market is closed
22:53:37.279 [main] INFO  c.sequencer.consumer.LoggingConsumer - [204] 
|----BID-----|
    134 @ 43
    145 @ 76
    300 @ 91
    200 @ 93
    100 @ 95
    154 @ 98
|----ASK-----|
    501 @ 98
   200 @ 101
  5000 @ 110
  5600 @ 119
   453 @ 123
   645 @ 144
   665 @ 167

22:53:37.279 [main] INFO  c.orderbook.OrderBook - [ORDERBOOK] Processing Mkt Data Update
22:53:37.279 [main] INFO  c.o.v.MutatingRemoveAllMarketDataOrdersVisitor - [ORDERBOOK] Removing market data order:MktData(price=43,quantity=134)
22:53:37.279 [main] INFO  c.o.v.MutatingRemoveAllMarketDataOrdersVisitor - [ORDERBOOK] Removing level:43
22:53:37.279 [main] DEBUG c.orderbook.OrderBook - [ORDERBOOK] ASK: Adding orderMktData(price=43,quantity=134)
22:53:37.279 [main] DEBUG c.orderbook.OrderBook - [ORDERBOOK] ASK: Adding orderMktData(price=76,quantity=145)
22:53:37.279 [main] DEBUG c.orderbook.OrderBook - [ORDERBOOK] ASK: Adding orderMktData(price=91,quantity=300)
22:53:37.279 [main] DEBUG c.orderbook.OrderBook - [ORDERBOOK] ASK: Adding orderMktData(price=93,quantity=200)
22:53:37.279 [main] DEBUG c.orderbook.OrderBook - [ORDERBOOK] ASK: Adding orderMktData(price=95,quantity=100)
22:53:37.279 [main] DEBUG c.orderbook.OrderBook - [ORDERBOOK] ASK: Adding orderMktData(price=98,quantity=154)
22:53:37.279 [main] INFO  c.o.v.MutatingMatchOneMarketDataOrderVisitor - [ORDERBOOK] visiting LevelOrderBookLevel(price=43,quantity=134)
22:53:37.279 [main] INFO  c.o.v.MutatingMatchOneMarketDataOrderVisitor - [ORDERBOOK] Can't match order:MktData(price=43,quantity=134)(MktData(price=98,quantity=154))
22:53:37.279 [main] INFO  c.o.v.MutatingRemoveAllMarketDataOrdersVisitor - [ORDERBOOK] Removing market data order:MktData(price=98,quantity=501)
22:53:37.279 [main] INFO  c.o.v.MutatingRemoveAllMarketDataOrdersVisitor - [ORDERBOOK] Removing level:98
22:53:37.279 [main] INFO  c.o.v.MutatingRemoveAllMarketDataOrdersVisitor - [ORDERBOOK] Removing market data order:MktData(price=101,quantity=200)
22:53:37.279 [main] INFO  c.o.v.MutatingRemoveAllMarketDataOrdersVisitor - [ORDERBOOK] Removing level:101
22:53:37.279 [main] INFO  c.o.v.MutatingRemoveAllMarketDataOrdersVisitor - [ORDERBOOK] Removing market data order:MktData(price=110,quantity=5000)
22:53:37.279 [main] INFO  c.o.v.MutatingRemoveAllMarketDataOrdersVisitor - [ORDERBOOK] Removing level:110
22:53:37.279 [main] INFO  c.o.v.MutatingRemoveAllMarketDataOrdersVisitor - [ORDERBOOK] Removing market data order:MktData(price=119,quantity=5600)
22:53:37.279 [main] INFO  c.o.v.MutatingRemoveAllMarketDataOrdersVisitor - [ORDERBOOK] Removing level:119
22:53:37.280 [main] INFO  c.o.v.MutatingRemoveAllMarketDataOrdersVisitor - [ORDERBOOK] Removing market data order:MktData(price=123,quantity=453)
22:53:37.280 [main] INFO  c.o.v.MutatingRemoveAllMarketDataOrdersVisitor - [ORDERBOOK] Removing level:123
22:53:37.280 [main] INFO  c.o.v.MutatingRemoveAllMarketDataOrdersVisitor - [ORDERBOOK] Removing market data order:MktData(price=144,quantity=645)
22:53:37.280 [main] INFO  c.o.v.MutatingRemoveAllMarketDataOrdersVisitor - [ORDERBOOK] Removing level:144
22:53:37.280 [main] INFO  c.o.v.MutatingRemoveAllMarketDataOrdersVisitor - [ORDERBOOK] Removing market data order:MktData(price=167,quantity=665)
22:53:37.280 [main] INFO  c.o.v.MutatingRemoveAllMarketDataOrdersVisitor - [ORDERBOOK] Removing level:167
22:53:37.280 [main] DEBUG c.orderbook.OrderBook - [ORDERBOOK] ASK: Adding orderMktData(price=98,quantity=501)
22:53:37.280 [main] DEBUG c.orderbook.OrderBook - [ORDERBOOK] ASK: Adding orderMktData(price=101,quantity=200)
22:53:37.280 [main] DEBUG c.orderbook.OrderBook - [ORDERBOOK] ASK: Adding orderMktData(price=110,quantity=5000)
22:53:37.280 [main] DEBUG c.orderbook.OrderBook - [ORDERBOOK] ASK: Adding orderMktData(price=119,quantity=5600)
22:53:37.280 [main] DEBUG c.orderbook.OrderBook - [ORDERBOOK] ASK: Adding orderMktData(price=123,quantity=453)
22:53:37.280 [main] DEBUG c.orderbook.OrderBook - [ORDERBOOK] ASK: Adding orderMktData(price=144,quantity=645)
22:53:37.280 [main] DEBUG c.orderbook.OrderBook - [ORDERBOOK] ASK: Adding orderMktData(price=167,quantity=665)
22:53:37.280 [main] DEBUG c.service.MarketDataService - [ALGO] BID: price:43 quantity:134
22:53:37.280 [main] DEBUG c.service.MarketDataService - [ALGO] BID: price:76 quantity:145
22:53:37.280 [main] DEBUG c.service.MarketDataService - [ALGO] BID: price:91 quantity:300
22:53:37.280 [main] DEBUG c.service.MarketDataService - [ALGO] BID: price:93 quantity:200
22:53:37.280 [main] DEBUG c.service.MarketDataService - [ALGO] BID: price:95 quantity:100
22:53:37.280 [main] DEBUG c.service.MarketDataService - [ALGO] BID: price:98 quantity:154
22:53:37.280 [main] DEBUG c.service.MarketDataService - [ALGO] ASK: price:98 quantity:501
22:53:37.280 [main] DEBUG c.service.MarketDataService - [ALGO] ASK: price:101 quantity:200
22:53:37.280 [main] DEBUG c.service.MarketDataService - [ALGO] ASK: price:110 quantity:5000
22:53:37.280 [main] DEBUG c.service.MarketDataService - [ALGO] ASK: price:119 quantity:5600
22:53:37.280 [main] DEBUG c.service.MarketDataService - [ALGO] ASK: price:123 quantity:453
22:53:37.280 [main] DEBUG c.service.MarketDataService - [ALGO] ASK: price:144 quantity:645
22:53:37.280 [main] DEBUG c.service.MarketDataService - [ALGO] ASK: price:167 quantity:665
22:53:37.280 [main] INFO  c.gettingstarted.MyAlgoLogic - [MYALGO] The state of the order book is:
|----BID-----||----ASK----|
    134 @ 43    501 @ 98
    145 @ 76   200 @ 101
    300 @ 91  5000 @ 110
    200 @ 93  5600 @ 119
    100 @ 95   453 @ 123
    154 @ 98   645 @ 144
          -    665 @ 167
|------------||-----------|

22:53:37.280 [main] INFO  c.gettingstarted.MyAlgoLogic - [MYALGO] Algo Sees Book as: 
|----BID-----||----ASK----|
    134 @ 43    501 @ 98
    145 @ 76   200 @ 101
    300 @ 91  5000 @ 110
    200 @ 93  5600 @ 119
    100 @ 95   453 @ 123
    154 @ 98   645 @ 144
          -    665 @ 167
|------------||-----------|

22:53:37.280 [main] INFO  c.gettingstarted.TimedLogic - [TIMEDLOGIC] Market is closed
22:53:37.280 [main] INFO  c.sequencer.consumer.LoggingConsumer - [205] 
|----BID-----|
    134 @ 43
    145 @ 76
    300 @ 91
    200 @ 93
    100 @ 95
    154 @ 98
|----ASK-----|
    501 @ 98
   200 @ 101
  5000 @ 110
  5600 @ 119
   453 @ 123
   645 @ 144
   665 @ 167

22:53:37.280 [main] INFO  c.orderbook.OrderBook - [ORDERBOOK] Processing Mkt Data Update
22:53:37.280 [main] INFO  c.o.v.MutatingRemoveAllMarketDataOrdersVisitor - [ORDERBOOK] Removing market data order:MktData(price=43,quantity=134)
22:53:37.280 [main] INFO  c.o.v.MutatingRemoveAllMarketDataOrdersVisitor - [ORDERBOOK] Removing level:43
22:53:37.280 [main] DEBUG c.orderbook.OrderBook - [ORDERBOOK] ASK: Adding orderMktData(price=43,quantity=134)
22:53:37.280 [main] DEBUG c.orderbook.OrderBook - [ORDERBOOK] ASK: Adding orderMktData(price=76,quantity=145)
22:53:37.280 [main] DEBUG c.orderbook.OrderBook - [ORDERBOOK] ASK: Adding orderMktData(price=91,quantity=300)
22:53:37.280 [main] DEBUG c.orderbook.OrderBook - [ORDERBOOK] ASK: Adding orderMktData(price=93,quantity=200)
22:53:37.280 [main] DEBUG c.orderbook.OrderBook - [ORDERBOOK] ASK: Adding orderMktData(price=95,quantity=100)
22:53:37.280 [main] DEBUG c.orderbook.OrderBook - [ORDERBOOK] ASK: Adding orderMktData(price=98,quantity=154)
22:53:37.280 [main] INFO  c.o.v.MutatingMatchOneMarketDataOrderVisitor - [ORDERBOOK] visiting LevelOrderBookLevel(price=43,quantity=134)
22:53:37.280 [main] INFO  c.o.v.MutatingMatchOneMarketDataOrderVisitor - [ORDERBOOK] Can't match order:MktData(price=43,quantity=134)(MktData(price=98,quantity=154))
22:53:37.280 [main] INFO  c.o.v.MutatingRemoveAllMarketDataOrdersVisitor - [ORDERBOOK] Removing market data order:MktData(price=98,quantity=501)
22:53:37.280 [main] INFO  c.o.v.MutatingRemoveAllMarketDataOrdersVisitor - [ORDERBOOK] Removing level:98
22:53:37.280 [main] INFO  c.o.v.MutatingRemoveAllMarketDataOrdersVisitor - [ORDERBOOK] Removing market data order:MktData(price=101,quantity=200)
22:53:37.280 [main] INFO  c.o.v.MutatingRemoveAllMarketDataOrdersVisitor - [ORDERBOOK] Removing level:101
22:53:37.280 [main] INFO  c.o.v.MutatingRemoveAllMarketDataOrdersVisitor - [ORDERBOOK] Removing market data order:MktData(price=110,quantity=5000)
22:53:37.280 [main] INFO  c.o.v.MutatingRemoveAllMarketDataOrdersVisitor - [ORDERBOOK] Removing level:110
22:53:37.280 [main] INFO  c.o.v.MutatingRemoveAllMarketDataOrdersVisitor - [ORDERBOOK] Removing market data order:MktData(price=119,quantity=5600)
22:53:37.280 [main] INFO  c.o.v.MutatingRemoveAllMarketDataOrdersVisitor - [ORDERBOOK] Removing level:119
22:53:37.280 [main] INFO  c.o.v.MutatingRemoveAllMarketDataOrdersVisitor - [ORDERBOOK] Removing market data order:MktData(price=123,quantity=453)
22:53:37.280 [main] INFO  c.o.v.MutatingRemoveAllMarketDataOrdersVisitor - [ORDERBOOK] Removing level:123
22:53:37.280 [main] INFO  c.o.v.MutatingRemoveAllMarketDataOrdersVisitor - [ORDERBOOK] Removing market data order:MktData(price=144,quantity=645)
22:53:37.280 [main] INFO  c.o.v.MutatingRemoveAllMarketDataOrdersVisitor - [ORDERBOOK] Removing level:144
22:53:37.280 [main] INFO  c.o.v.MutatingRemoveAllMarketDataOrdersVisitor - [ORDERBOOK] Removing market data order:MktData(price=167,quantity=665)
22:53:37.280 [main] INFO  c.o.v.MutatingRemoveAllMarketDataOrdersVisitor - [ORDERBOOK] Removing level:167
22:53:37.280 [main] DEBUG c.orderbook.OrderBook - [ORDERBOOK] ASK: Adding orderMktData(price=98,quantity=501)
22:53:37.280 [main] DEBUG c.orderbook.OrderBook - [ORDERBOOK] ASK: Adding orderMktData(price=101,quantity=200)
22:53:37.280 [main] DEBUG c.orderbook.OrderBook - [ORDERBOOK] ASK: Adding orderMktData(price=110,quantity=5000)
22:53:37.280 [main] DEBUG c.orderbook.OrderBook - [ORDERBOOK] ASK: Adding orderMktData(price=119,quantity=5600)
22:53:37.280 [main] DEBUG c.orderbook.OrderBook - [ORDERBOOK] ASK: Adding orderMktData(price=123,quantity=453)
22:53:37.280 [main] DEBUG c.orderbook.OrderBook - [ORDERBOOK] ASK: Adding orderMktData(price=144,quantity=645)
22:53:37.280 [main] DEBUG c.orderbook.OrderBook - [ORDERBOOK] ASK: Adding orderMktData(price=167,quantity=665)
22:53:37.280 [main] DEBUG c.service.MarketDataService - [ALGO] BID: price:43 quantity:134
22:53:37.280 [main] DEBUG c.service.MarketDataService - [ALGO] BID: price:76 quantity:145
22:53:37.280 [main] DEBUG c.service.MarketDataService - [ALGO] BID: price:91 quantity:300
22:53:37.280 [main] DEBUG c.service.MarketDataService - [ALGO] BID: price:93 quantity:200
22:53:37.280 [main] DEBUG c.service.MarketDataService - [ALGO] BID: price:95 quantity:100
22:53:37.280 [main] DEBUG c.service.MarketDataService - [ALGO] BID: price:98 quantity:154
22:53:37.280 [main] DEBUG c.service.MarketDataService - [ALGO] ASK: price:98 quantity:501
22:53:37.280 [main] DEBUG c.service.MarketDataService - [ALGO] ASK: price:101 quantity:200
22:53:37.280 [main] DEBUG c.service.MarketDataService - [ALGO] ASK: price:110 quantity:5000
22:53:37.280 [main] DEBUG c.service.MarketDataService - [ALGO] ASK: price:119 quantity:5600
22:53:37.280 [main] DEBUG c.service.MarketDataService - [ALGO] ASK: price:123 quantity:453
22:53:37.280 [main] DEBUG c.service.MarketDataService - [ALGO] ASK: price:144 quantity:645
22:53:37.280 [main] DEBUG c.service.MarketDataService - [ALGO] ASK: price:167 quantity:665
22:53:37.280 [main] INFO  c.gettingstarted.MyAlgoLogic - [MYALGO] The state of the order book is:
|----BID-----||----ASK----|
    134 @ 43    501 @ 98
    145 @ 76   200 @ 101
    300 @ 91  5000 @ 110
    200 @ 93  5600 @ 119
    100 @ 95   453 @ 123
    154 @ 98   645 @ 144
          -    665 @ 167
|------------||-----------|

22:53:37.280 [main] INFO  c.gettingstarted.MyAlgoLogic - [MYALGO] Algo Sees Book as: 
|----BID-----||----ASK----|
    134 @ 43    501 @ 98
    145 @ 76   200 @ 101
    300 @ 91  5000 @ 110
    200 @ 93  5600 @ 119
    100 @ 95   453 @ 123
    154 @ 98   645 @ 144
          -    665 @ 167
|------------||-----------|

22:53:37.280 [main] INFO  c.gettingstarted.TimedLogic - [TIMEDLOGIC] Market is closed
22:53:37.280 [main] INFO  c.sequencer.consumer.LoggingConsumer - [206] 
|----BID-----|
    134 @ 43
    145 @ 76
    300 @ 91
    200 @ 93
    100 @ 95
    154 @ 98
|----ASK-----|
    501 @ 98
   200 @ 101
  5000 @ 110
  5600 @ 119
   453 @ 123
   645 @ 144
   665 @ 167

22:53:37.280 [main] INFO  c.orderbook.OrderBook - [ORDERBOOK] Processing Mkt Data Update
22:53:37.280 [main] INFO  c.o.v.MutatingRemoveAllMarketDataOrdersVisitor - [ORDERBOOK] Removing market data order:MktData(price=43,quantity=134)
22:53:37.280 [main] INFO  c.o.v.MutatingRemoveAllMarketDataOrdersVisitor - [ORDERBOOK] Removing level:43
22:53:37.280 [main] DEBUG c.orderbook.OrderBook - [ORDERBOOK] ASK: Adding orderMktData(price=43,quantity=134)
22:53:37.280 [main] DEBUG c.orderbook.OrderBook - [ORDERBOOK] ASK: Adding orderMktData(price=76,quantity=145)
22:53:37.280 [main] DEBUG c.orderbook.OrderBook - [ORDERBOOK] ASK: Adding orderMktData(price=91,quantity=300)
22:53:37.280 [main] DEBUG c.orderbook.OrderBook - [ORDERBOOK] ASK: Adding orderMktData(price=93,quantity=200)
22:53:37.280 [main] DEBUG c.orderbook.OrderBook - [ORDERBOOK] ASK: Adding orderMktData(price=95,quantity=100)
22:53:37.280 [main] DEBUG c.orderbook.OrderBook - [ORDERBOOK] ASK: Adding orderMktData(price=98,quantity=154)
22:53:37.280 [main] INFO  c.o.v.MutatingMatchOneMarketDataOrderVisitor - [ORDERBOOK] visiting LevelOrderBookLevel(price=43,quantity=134)
22:53:37.280 [main] INFO  c.o.v.MutatingMatchOneMarketDataOrderVisitor - [ORDERBOOK] Can't match order:MktData(price=43,quantity=134)(MktData(price=98,quantity=154))
22:53:37.280 [main] INFO  c.o.v.MutatingRemoveAllMarketDataOrdersVisitor - [ORDERBOOK] Removing market data order:MktData(price=98,quantity=501)
22:53:37.280 [main] INFO  c.o.v.MutatingRemoveAllMarketDataOrdersVisitor - [ORDERBOOK] Removing level:98
22:53:37.280 [main] INFO  c.o.v.MutatingRemoveAllMarketDataOrdersVisitor - [ORDERBOOK] Removing market data order:MktData(price=101,quantity=200)
22:53:37.280 [main] INFO  c.o.v.MutatingRemoveAllMarketDataOrdersVisitor - [ORDERBOOK] Removing level:101
22:53:37.280 [main] INFO  c.o.v.MutatingRemoveAllMarketDataOrdersVisitor - [ORDERBOOK] Removing market data order:MktData(price=110,quantity=5000)
22:53:37.280 [main] INFO  c.o.v.MutatingRemoveAllMarketDataOrdersVisitor - [ORDERBOOK] Removing level:110
22:53:37.280 [main] INFO  c.o.v.MutatingRemoveAllMarketDataOrdersVisitor - [ORDERBOOK] Removing market data order:MktData(price=119,quantity=5600)
22:53:37.280 [main] INFO  c.o.v.MutatingRemoveAllMarketDataOrdersVisitor - [ORDERBOOK] Removing level:119
22:53:37.280 [main] INFO  c.o.v.MutatingRemoveAllMarketDataOrdersVisitor - [ORDERBOOK] Removing market data order:MktData(price=123,quantity=453)
22:53:37.280 [main] INFO  c.o.v.MutatingRemoveAllMarketDataOrdersVisitor - [ORDERBOOK] Removing level:123
22:53:37.280 [main] INFO  c.o.v.MutatingRemoveAllMarketDataOrdersVisitor - [ORDERBOOK] Removing market data order:MktData(price=144,quantity=645)
22:53:37.280 [main] INFO  c.o.v.MutatingRemoveAllMarketDataOrdersVisitor - [ORDERBOOK] Removing level:144
22:53:37.280 [main] INFO  c.o.v.MutatingRemoveAllMarketDataOrdersVisitor - [ORDERBOOK] Removing market data order:MktData(price=167,quantity=665)
22:53:37.280 [main] INFO  c.o.v.MutatingRemoveAllMarketDataOrdersVisitor - [ORDERBOOK] Removing level:167
22:53:37.280 [main] DEBUG c.orderbook.OrderBook - [ORDERBOOK] ASK: Adding orderMktData(price=98,quantity=501)
22:53:37.280 [main] DEBUG c.orderbook.OrderBook - [ORDERBOOK] ASK: Adding orderMktData(price=101,quantity=200)
22:53:37.280 [main] DEBUG c.orderbook.OrderBook - [ORDERBOOK] ASK: Adding orderMktData(price=110,quantity=5000)
22:53:37.280 [main] DEBUG c.orderbook.OrderBook - [ORDERBOOK] ASK: Adding orderMktData(price=119,quantity=5600)
22:53:37.280 [main] DEBUG c.orderbook.OrderBook - [ORDERBOOK] ASK: Adding orderMktData(price=123,quantity=453)
22:53:37.280 [main] DEBUG c.orderbook.OrderBook - [ORDERBOOK] ASK: Adding orderMktData(price=144,quantity=645)
22:53:37.280 [main] DEBUG c.orderbook.OrderBook - [ORDERBOOK] ASK: Adding orderMktData(price=167,quantity=665)
22:53:37.280 [main] DEBUG c.service.MarketDataService - [ALGO] BID: price:43 quantity:134
22:53:37.280 [main] DEBUG c.service.MarketDataService - [ALGO] BID: price:76 quantity:145
22:53:37.280 [main] DEBUG c.service.MarketDataService - [ALGO] BID: price:91 quantity:300
22:53:37.280 [main] DEBUG c.service.MarketDataService - [ALGO] BID: price:93 quantity:200
22:53:37.280 [main] DEBUG c.service.MarketDataService - [ALGO] BID: price:95 quantity:100
22:53:37.280 [main] DEBUG c.service.MarketDataService - [ALGO] BID: price:98 quantity:154
22:53:37.280 [main] DEBUG c.service.MarketDataService - [ALGO] ASK: price:98 quantity:501
22:53:37.280 [main] DEBUG c.service.MarketDataService - [ALGO] ASK: price:101 quantity:200
22:53:37.280 [main] DEBUG c.service.MarketDataService - [ALGO] ASK: price:110 quantity:5000
22:53:37.280 [main] DEBUG c.service.MarketDataService - [ALGO] ASK: price:119 quantity:5600
22:53:37.280 [main] DEBUG c.service.MarketDataService - [ALGO] ASK: price:123 quantity:453
22:53:37.280 [main] DEBUG c.service.MarketDataService - [ALGO] ASK: price:144 quantity:645
22:53:37.280 [main] DEBUG c.service.MarketDataService - [ALGO] ASK: price:167 quantity:665
22:53:37.280 [main] INFO  c.gettingstarted.MyAlgoLogic - [MYALGO] The state of the order book is:
|----BID-----||----ASK----|
    134 @ 43    501 @ 98
    145 @ 76   200 @ 101
    300 @ 91  5000 @ 110
    200 @ 93  5600 @ 119
    100 @ 95   453 @ 123
    154 @ 98   645 @ 144
          -    665 @ 167
|------------||-----------|

22:53:37.280 [main] INFO  c.gettingstarted.MyAlgoLogic - [MYALGO] Algo Sees Book as: 
|----BID-----||----ASK----|
    134 @ 43    501 @ 98
    145 @ 76   200 @ 101
    300 @ 91  5000 @ 110
    200 @ 93  5600 @ 119
    100 @ 95   453 @ 123
    154 @ 98   645 @ 144
          -    665 @ 167
|------------||-----------|

22:53:37.280 [main] INFO  c.gettingstarted.TimedLogic - [TIMEDLOGIC] Market is closed
22:53:37.280 [main] INFO  c.sequencer.consumer.LoggingConsumer - [207] 
|----BID-----|
    134 @ 43
    145 @ 76
    300 @ 91
    200 @ 93
    100 @ 95
    154 @ 98
|----ASK-----|
    501 @ 98
   200 @ 101
  5000 @ 110
  5600 @ 119
   453 @ 123
   645 @ 144
   665 @ 167

22:53:37.280 [main] INFO  c.orderbook.OrderBook - [ORDERBOOK] Processing Mkt Data Update
22:53:37.280 [main] INFO  c.o.v.MutatingRemoveAllMarketDataOrdersVisitor - [ORDERBOOK] Removing market data order:MktData(price=43,quantity=134)
22:53:37.280 [main] INFO  c.o.v.MutatingRemoveAllMarketDataOrdersVisitor - [ORDERBOOK] Removing level:43
22:53:37.280 [main] DEBUG c.orderbook.OrderBook - [ORDERBOOK] ASK: Adding orderMktData(price=43,quantity=134)
22:53:37.280 [main] DEBUG c.orderbook.OrderBook - [ORDERBOOK] ASK: Adding orderMktData(price=76,quantity=145)
22:53:37.280 [main] DEBUG c.orderbook.OrderBook - [ORDERBOOK] ASK: Adding orderMktData(price=91,quantity=300)
22:53:37.280 [main] DEBUG c.orderbook.OrderBook - [ORDERBOOK] ASK: Adding orderMktData(price=93,quantity=200)
22:53:37.280 [main] DEBUG c.orderbook.OrderBook - [ORDERBOOK] ASK: Adding orderMktData(price=95,quantity=100)
22:53:37.280 [main] DEBUG c.orderbook.OrderBook - [ORDERBOOK] ASK: Adding orderMktData(price=98,quantity=154)
22:53:37.280 [main] INFO  c.o.v.MutatingMatchOneMarketDataOrderVisitor - [ORDERBOOK] visiting LevelOrderBookLevel(price=43,quantity=134)
22:53:37.280 [main] INFO  c.o.v.MutatingMatchOneMarketDataOrderVisitor - [ORDERBOOK] Can't match order:MktData(price=43,quantity=134)(MktData(price=98,quantity=154))
22:53:37.280 [main] INFO  c.o.v.MutatingRemoveAllMarketDataOrdersVisitor - [ORDERBOOK] Removing market data order:MktData(price=98,quantity=501)
22:53:37.280 [main] INFO  c.o.v.MutatingRemoveAllMarketDataOrdersVisitor - [ORDERBOOK] Removing level:98
22:53:37.280 [main] INFO  c.o.v.MutatingRemoveAllMarketDataOrdersVisitor - [ORDERBOOK] Removing market data order:MktData(price=101,quantity=200)
22:53:37.280 [main] INFO  c.o.v.MutatingRemoveAllMarketDataOrdersVisitor - [ORDERBOOK] Removing level:101
22:53:37.280 [main] INFO  c.o.v.MutatingRemoveAllMarketDataOrdersVisitor - [ORDERBOOK] Removing market data order:MktData(price=110,quantity=5000)
22:53:37.280 [main] INFO  c.o.v.MutatingRemoveAllMarketDataOrdersVisitor - [ORDERBOOK] Removing level:110
22:53:37.280 [main] INFO  c.o.v.MutatingRemoveAllMarketDataOrdersVisitor - [ORDERBOOK] Removing market data order:MktData(price=119,quantity=5600)
22:53:37.280 [main] INFO  c.o.v.MutatingRemoveAllMarketDataOrdersVisitor - [ORDERBOOK] Removing level:119
22:53:37.280 [main] INFO  c.o.v.MutatingRemoveAllMarketDataOrdersVisitor - [ORDERBOOK] Removing market data order:MktData(price=123,quantity=453)
22:53:37.280 [main] INFO  c.o.v.MutatingRemoveAllMarketDataOrdersVisitor - [ORDERBOOK] Removing level:123
22:53:37.280 [main] INFO  c.o.v.MutatingRemoveAllMarketDataOrdersVisitor - [ORDERBOOK] Removing market data order:MktData(price=144,quantity=645)
22:53:37.280 [main] INFO  c.o.v.MutatingRemoveAllMarketDataOrdersVisitor - [ORDERBOOK] Removing level:144
22:53:37.280 [main] INFO  c.o.v.MutatingRemoveAllMarketDataOrdersVisitor - [ORDERBOOK] Removing market data order:MktData(price=167,quantity=665)
22:53:37.280 [main] INFO  c.o.v.MutatingRemoveAllMarketDataOrdersVisitor - [ORDERBOOK] Removing level:167
22:53:37.280 [main] DEBUG c.orderbook.OrderBook - [ORDERBOOK] ASK: Adding orderMktData(price=98,quantity=501)
22:53:37.280 [main] DEBUG c.orderbook.OrderBook - [ORDERBOOK] ASK: Adding orderMktData(price=101,quantity=200)
22:53:37.280 [main] DEBUG c.orderbook.OrderBook - [ORDERBOOK] ASK: Adding orderMktData(price=110,quantity=5000)
22:53:37.280 [main] DEBUG c.orderbook.OrderBook - [ORDERBOOK] ASK: Adding orderMktData(price=119,quantity=5600)
22:53:37.280 [main] DEBUG c.orderbook.OrderBook - [ORDERBOOK] ASK: Adding orderMktData(price=123,quantity=453)
22:53:37.280 [main] DEBUG c.orderbook.OrderBook - [ORDERBOOK] ASK: Adding orderMktData(price=144,quantity=645)
22:53:37.280 [main] DEBUG c.orderbook.OrderBook - [ORDERBOOK] ASK: Adding orderMktData(price=167,quantity=665)
22:53:37.280 [main] DEBUG c.service.MarketDataService - [ALGO] BID: price:43 quantity:134
22:53:37.280 [main] DEBUG c.service.MarketDataService - [ALGO] BID: price:76 quantity:145
22:53:37.280 [main] DEBUG c.service.MarketDataService - [ALGO] BID: price:91 quantity:300
22:53:37.280 [main] DEBUG c.service.MarketDataService - [ALGO] BID: price:93 quantity:200
22:53:37.280 [main] DEBUG c.service.MarketDataService - [ALGO] BID: price:95 quantity:100
22:53:37.280 [main] DEBUG c.service.MarketDataService - [ALGO] BID: price:98 quantity:154
22:53:37.280 [main] DEBUG c.service.MarketDataService - [ALGO] ASK: price:98 quantity:501
22:53:37.280 [main] DEBUG c.service.MarketDataService - [ALGO] ASK: price:101 quantity:200
22:53:37.280 [main] DEBUG c.service.MarketDataService - [ALGO] ASK: price:110 quantity:5000
22:53:37.280 [main] DEBUG c.service.MarketDataService - [ALGO] ASK: price:119 quantity:5600
22:53:37.280 [main] DEBUG c.service.MarketDataService - [ALGO] ASK: price:123 quantity:453
22:53:37.280 [main] DEBUG c.service.MarketDataService - [ALGO] ASK: price:144 quantity:645
22:53:37.280 [main] DEBUG c.service.MarketDataService - [ALGO] ASK: price:167 quantity:665
22:53:37.280 [main] INFO  c.gettingstarted.MyAlgoLogic - [MYALGO] The state of the order book is:
|----BID-----||----ASK----|
    134 @ 43    501 @ 98
    145 @ 76   200 @ 101
    300 @ 91  5000 @ 110
    200 @ 93  5600 @ 119
    100 @ 95   453 @ 123
    154 @ 98   645 @ 144
          -    665 @ 167
|------------||-----------|

22:53:37.280 [main] INFO  c.gettingstarted.MyAlgoLogic - [MYALGO] Algo Sees Book as: 
|----BID-----||----ASK----|
    134 @ 43    501 @ 98
    145 @ 76   200 @ 101
    300 @ 91  5000 @ 110
    200 @ 93  5600 @ 119
    100 @ 95   453 @ 123
    154 @ 98   645 @ 144
          -    665 @ 167
|------------||-----------|

22:53:37.280 [main] INFO  c.gettingstarted.TimedLogic - [TIMEDLOGIC] Market is closed
22:53:37.280 [main] INFO  c.sequencer.consumer.LoggingConsumer - [208] 
|----BID-----|
    134 @ 43
    145 @ 76
    300 @ 91
    200 @ 93
    100 @ 95
    154 @ 98
|----ASK-----|
    501 @ 98
   200 @ 101
  5000 @ 110
  5600 @ 119
   453 @ 123
   645 @ 144
   665 @ 167

22:53:37.280 [main] INFO  c.orderbook.OrderBook - [ORDERBOOK] Processing Mkt Data Update
22:53:37.280 [main] INFO  c.o.v.MutatingRemoveAllMarketDataOrdersVisitor - [ORDERBOOK] Removing market data order:MktData(price=43,quantity=134)
22:53:37.280 [main] INFO  c.o.v.MutatingRemoveAllMarketDataOrdersVisitor - [ORDERBOOK] Removing level:43
22:53:37.280 [main] DEBUG c.orderbook.OrderBook - [ORDERBOOK] ASK: Adding orderMktData(price=43,quantity=134)
22:53:37.280 [main] DEBUG c.orderbook.OrderBook - [ORDERBOOK] ASK: Adding orderMktData(price=76,quantity=145)
22:53:37.280 [main] DEBUG c.orderbook.OrderBook - [ORDERBOOK] ASK: Adding orderMktData(price=91,quantity=300)
22:53:37.280 [main] DEBUG c.orderbook.OrderBook - [ORDERBOOK] ASK: Adding orderMktData(price=93,quantity=200)
22:53:37.280 [main] DEBUG c.orderbook.OrderBook - [ORDERBOOK] ASK: Adding orderMktData(price=95,quantity=100)
22:53:37.280 [main] DEBUG c.orderbook.OrderBook - [ORDERBOOK] ASK: Adding orderMktData(price=98,quantity=154)
22:53:37.280 [main] INFO  c.o.v.MutatingMatchOneMarketDataOrderVisitor - [ORDERBOOK] visiting LevelOrderBookLevel(price=43,quantity=134)
22:53:37.280 [main] INFO  c.o.v.MutatingMatchOneMarketDataOrderVisitor - [ORDERBOOK] Can't match order:MktData(price=43,quantity=134)(MktData(price=98,quantity=154))
22:53:37.280 [main] INFO  c.o.v.MutatingRemoveAllMarketDataOrdersVisitor - [ORDERBOOK] Removing market data order:MktData(price=98,quantity=501)
22:53:37.280 [main] INFO  c.o.v.MutatingRemoveAllMarketDataOrdersVisitor - [ORDERBOOK] Removing level:98
22:53:37.280 [main] INFO  c.o.v.MutatingRemoveAllMarketDataOrdersVisitor - [ORDERBOOK] Removing market data order:MktData(price=101,quantity=200)
22:53:37.280 [main] INFO  c.o.v.MutatingRemoveAllMarketDataOrdersVisitor - [ORDERBOOK] Removing level:101
22:53:37.280 [main] INFO  c.o.v.MutatingRemoveAllMarketDataOrdersVisitor - [ORDERBOOK] Removing market data order:MktData(price=110,quantity=5000)
22:53:37.280 [main] INFO  c.o.v.MutatingRemoveAllMarketDataOrdersVisitor - [ORDERBOOK] Removing level:110
22:53:37.280 [main] INFO  c.o.v.MutatingRemoveAllMarketDataOrdersVisitor - [ORDERBOOK] Removing market data order:MktData(price=119,quantity=5600)
22:53:37.280 [main] INFO  c.o.v.MutatingRemoveAllMarketDataOrdersVisitor - [ORDERBOOK] Removing level:119
22:53:37.280 [main] INFO  c.o.v.MutatingRemoveAllMarketDataOrdersVisitor - [ORDERBOOK] Removing market data order:MktData(price=123,quantity=453)
22:53:37.280 [main] INFO  c.o.v.MutatingRemoveAllMarketDataOrdersVisitor - [ORDERBOOK] Removing level:123
22:53:37.280 [main] INFO  c.o.v.MutatingRemoveAllMarketDataOrdersVisitor - [ORDERBOOK] Removing market data order:MktData(price=144,quantity=645)
22:53:37.280 [main] INFO  c.o.v.MutatingRemoveAllMarketDataOrdersVisitor - [ORDERBOOK] Removing level:144
22:53:37.280 [main] INFO  c.o.v.MutatingRemoveAllMarketDataOrdersVisitor - [ORDERBOOK] Removing market data order:MktData(price=167,quantity=665)
22:53:37.280 [main] INFO  c.o.v.MutatingRemoveAllMarketDataOrdersVisitor - [ORDERBOOK] Removing level:167
22:53:37.280 [main] DEBUG c.orderbook.OrderBook - [ORDERBOOK] ASK: Adding orderMktData(price=98,quantity=501)
22:53:37.280 [main] DEBUG c.orderbook.OrderBook - [ORDERBOOK] ASK: Adding orderMktData(price=101,quantity=200)
22:53:37.280 [main] DEBUG c.orderbook.OrderBook - [ORDERBOOK] ASK: Adding orderMktData(price=110,quantity=5000)
22:53:37.280 [main] DEBUG c.orderbook.OrderBook - [ORDERBOOK] ASK: Adding orderMktData(price=119,quantity=5600)
22:53:37.280 [main] DEBUG c.orderbook.OrderBook - [ORDERBOOK] ASK: Adding orderMktData(price=123,quantity=453)
22:53:37.280 [main] DEBUG c.orderbook.OrderBook - [ORDERBOOK] ASK: Adding orderMktData(price=144,quantity=645)
22:53:37.280 [main] DEBUG c.orderbook.OrderBook - [ORDERBOOK] ASK: Adding orderMktData(price=167,quantity=665)
22:53:37.280 [main] DEBUG c.service.MarketDataService - [ALGO] BID: price:43 quantity:134
22:53:37.280 [main] DEBUG c.service.MarketDataService - [ALGO] BID: price:76 quantity:145
22:53:37.280 [main] DEBUG c.service.MarketDataService - [ALGO] BID: price:91 quantity:300
22:53:37.280 [main] DEBUG c.service.MarketDataService - [ALGO] BID: price:93 quantity:200
22:53:37.280 [main] DEBUG c.service.MarketDataService - [ALGO] BID: price:95 quantity:100
22:53:37.280 [main] DEBUG c.service.MarketDataService - [ALGO] BID: price:98 quantity:154
22:53:37.280 [main] DEBUG c.service.MarketDataService - [ALGO] ASK: price:98 quantity:501
22:53:37.280 [main] DEBUG c.service.MarketDataService - [ALGO] ASK: price:101 quantity:200
22:53:37.280 [main] DEBUG c.service.MarketDataService - [ALGO] ASK: price:110 quantity:5000
22:53:37.280 [main] DEBUG c.service.MarketDataService - [ALGO] ASK: price:119 quantity:5600
22:53:37.280 [main] DEBUG c.service.MarketDataService - [ALGO] ASK: price:123 quantity:453
22:53:37.280 [main] DEBUG c.service.MarketDataService - [ALGO] ASK: price:144 quantity:645
22:53:37.280 [main] DEBUG c.service.MarketDataService - [ALGO] ASK: price:167 quantity:665
22:53:37.280 [main] INFO  c.gettingstarted.MyAlgoLogic - [MYALGO] The state of the order book is:
|----BID-----||----ASK----|
    134 @ 43    501 @ 98
    145 @ 76   200 @ 101
    300 @ 91  5000 @ 110
    200 @ 93  5600 @ 119
    100 @ 95   453 @ 123
    154 @ 98   645 @ 144
          -    665 @ 167
|------------||-----------|

22:53:37.280 [main] INFO  c.gettingstarted.MyAlgoLogic - [MYALGO] Algo Sees Book as: 
|----BID-----||----ASK----|
    134 @ 43    501 @ 98
    145 @ 76   200 @ 101
    300 @ 91  5000 @ 110
    200 @ 93  5600 @ 119
    100 @ 95   453 @ 123
    154 @ 98   645 @ 144
          -    665 @ 167
|------------||-----------|

22:53:37.280 [main] INFO  c.gettingstarted.TimedLogic - [TIMEDLOGIC] Market is closed
22:53:37.280 [main] INFO  c.sequencer.consumer.LoggingConsumer - [209] 
|----BID-----|
    134 @ 43
    145 @ 76
    300 @ 91
    200 @ 93
    100 @ 95
    154 @ 98
|----ASK-----|
    501 @ 98
   200 @ 101
  5000 @ 110
  5600 @ 119
   453 @ 123
   645 @ 144
   665 @ 167

22:53:37.280 [main] INFO  c.orderbook.OrderBook - [ORDERBOOK] Processing Mkt Data Update
22:53:37.280 [main] INFO  c.o.v.MutatingRemoveAllMarketDataOrdersVisitor - [ORDERBOOK] Removing market data order:MktData(price=43,quantity=134)
22:53:37.280 [main] INFO  c.o.v.MutatingRemoveAllMarketDataOrdersVisitor - [ORDERBOOK] Removing level:43
22:53:37.280 [main] DEBUG c.orderbook.OrderBook - [ORDERBOOK] ASK: Adding orderMktData(price=43,quantity=134)
22:53:37.280 [main] DEBUG c.orderbook.OrderBook - [ORDERBOOK] ASK: Adding orderMktData(price=76,quantity=145)
22:53:37.280 [main] DEBUG c.orderbook.OrderBook - [ORDERBOOK] ASK: Adding orderMktData(price=91,quantity=300)
22:53:37.280 [main] DEBUG c.orderbook.OrderBook - [ORDERBOOK] ASK: Adding orderMktData(price=93,quantity=200)
22:53:37.280 [main] DEBUG c.orderbook.OrderBook - [ORDERBOOK] ASK: Adding orderMktData(price=95,quantity=100)
22:53:37.280 [main] DEBUG c.orderbook.OrderBook - [ORDERBOOK] ASK: Adding orderMktData(price=98,quantity=154)
22:53:37.280 [main] INFO  c.o.v.MutatingMatchOneMarketDataOrderVisitor - [ORDERBOOK] visiting LevelOrderBookLevel(price=43,quantity=134)
22:53:37.280 [main] INFO  c.o.v.MutatingMatchOneMarketDataOrderVisitor - [ORDERBOOK] Can't match order:MktData(price=43,quantity=134)(MktData(price=98,quantity=154))
22:53:37.280 [main] INFO  c.o.v.MutatingRemoveAllMarketDataOrdersVisitor - [ORDERBOOK] Removing market data order:MktData(price=98,quantity=501)
22:53:37.280 [main] INFO  c.o.v.MutatingRemoveAllMarketDataOrdersVisitor - [ORDERBOOK] Removing level:98
22:53:37.280 [main] INFO  c.o.v.MutatingRemoveAllMarketDataOrdersVisitor - [ORDERBOOK] Removing market data order:MktData(price=101,quantity=200)
22:53:37.280 [main] INFO  c.o.v.MutatingRemoveAllMarketDataOrdersVisitor - [ORDERBOOK] Removing level:101
22:53:37.280 [main] INFO  c.o.v.MutatingRemoveAllMarketDataOrdersVisitor - [ORDERBOOK] Removing market data order:MktData(price=110,quantity=5000)
22:53:37.280 [main] INFO  c.o.v.MutatingRemoveAllMarketDataOrdersVisitor - [ORDERBOOK] Removing level:110
22:53:37.280 [main] INFO  c.o.v.MutatingRemoveAllMarketDataOrdersVisitor - [ORDERBOOK] Removing market data order:MktData(price=119,quantity=5600)
22:53:37.280 [main] INFO  c.o.v.MutatingRemoveAllMarketDataOrdersVisitor - [ORDERBOOK] Removing level:119
22:53:37.280 [main] INFO  c.o.v.MutatingRemoveAllMarketDataOrdersVisitor - [ORDERBOOK] Removing market data order:MktData(price=123,quantity=453)
22:53:37.280 [main] INFO  c.o.v.MutatingRemoveAllMarketDataOrdersVisitor - [ORDERBOOK] Removing level:123
22:53:37.280 [main] INFO  c.o.v.MutatingRemoveAllMarketDataOrdersVisitor - [ORDERBOOK] Removing market data order:MktData(price=144,quantity=645)
22:53:37.280 [main] INFO  c.o.v.MutatingRemoveAllMarketDataOrdersVisitor - [ORDERBOOK] Removing level:144
22:53:37.280 [main] INFO  c.o.v.MutatingRemoveAllMarketDataOrdersVisitor - [ORDERBOOK] Removing market data order:MktData(price=167,quantity=665)
22:53:37.280 [main] INFO  c.o.v.MutatingRemoveAllMarketDataOrdersVisitor - [ORDERBOOK] Removing level:167
22:53:37.280 [main] DEBUG c.orderbook.OrderBook - [ORDERBOOK] ASK: Adding orderMktData(price=98,quantity=501)
22:53:37.280 [main] DEBUG c.orderbook.OrderBook - [ORDERBOOK] ASK: Adding orderMktData(price=101,quantity=200)
22:53:37.280 [main] DEBUG c.orderbook.OrderBook - [ORDERBOOK] ASK: Adding orderMktData(price=110,quantity=5000)
22:53:37.280 [main] DEBUG c.orderbook.OrderBook - [ORDERBOOK] ASK: Adding orderMktData(price=119,quantity=5600)
22:53:37.280 [main] DEBUG c.orderbook.OrderBook - [ORDERBOOK] ASK: Adding orderMktData(price=123,quantity=453)
22:53:37.280 [main] DEBUG c.orderbook.OrderBook - [ORDERBOOK] ASK: Adding orderMktData(price=144,quantity=645)
22:53:37.280 [main] DEBUG c.orderbook.OrderBook - [ORDERBOOK] ASK: Adding orderMktData(price=167,quantity=665)
22:53:37.280 [main] DEBUG c.service.MarketDataService - [ALGO] BID: price:43 quantity:134
22:53:37.280 [main] DEBUG c.service.MarketDataService - [ALGO] BID: price:76 quantity:145
22:53:37.280 [main] DEBUG c.service.MarketDataService - [ALGO] BID: price:91 quantity:300
22:53:37.280 [main] DEBUG c.service.MarketDataService - [ALGO] BID: price:93 quantity:200
22:53:37.280 [main] DEBUG c.service.MarketDataService - [ALGO] BID: price:95 quantity:100
22:53:37.280 [main] DEBUG c.service.MarketDataService - [ALGO] BID: price:98 quantity:154
22:53:37.280 [main] DEBUG c.service.MarketDataService - [ALGO] ASK: price:98 quantity:501
22:53:37.280 [main] DEBUG c.service.MarketDataService - [ALGO] ASK: price:101 quantity:200
22:53:37.280 [main] DEBUG c.service.MarketDataService - [ALGO] ASK: price:110 quantity:5000
22:53:37.280 [main] DEBUG c.service.MarketDataService - [ALGO] ASK: price:119 quantity:5600
22:53:37.280 [main] DEBUG c.service.MarketDataService - [ALGO] ASK: price:123 quantity:453
22:53:37.280 [main] DEBUG c.service.MarketDataService - [ALGO] ASK: price:144 quantity:645
22:53:37.280 [main] DEBUG c.service.MarketDataService - [ALGO] ASK: price:167 quantity:665
22:53:37.280 [main] INFO  c.gettingstarted.MyAlgoLogic - [MYALGO] The state of the order book is:
|----BID-----||----ASK----|
    134 @ 43    501 @ 98
    145 @ 76   200 @ 101
    300 @ 91  5000 @ 110
    200 @ 93  5600 @ 119
    100 @ 95   453 @ 123
    154 @ 98   645 @ 144
          -    665 @ 167
|------------||-----------|

22:53:37.280 [main] INFO  c.gettingstarted.MyAlgoLogic - [MYALGO] Algo Sees Book as: 
|----BID-----||----ASK----|
    134 @ 43    501 @ 98
    145 @ 76   200 @ 101
    300 @ 91  5000 @ 110
    200 @ 93  5600 @ 119
    100 @ 95   453 @ 123
    154 @ 98   645 @ 144
          -    665 @ 167
|------------||-----------|

22:53:37.280 [main] INFO  c.gettingstarted.TimedLogic - [TIMEDLOGIC] Market is closed
22:53:37.280 [main] INFO  c.sequencer.consumer.LoggingConsumer - [210] 
|----BID-----|
    134 @ 43
    145 @ 76
    300 @ 91
    200 @ 93
    100 @ 95
    154 @ 98
|----ASK-----|
    501 @ 98
   200 @ 101
  5000 @ 110
  5600 @ 119
   453 @ 123
   645 @ 144
   665 @ 167

22:53:37.280 [main] INFO  c.orderbook.OrderBook - [ORDERBOOK] Processing Mkt Data Update
22:53:37.280 [main] INFO  c.o.v.MutatingRemoveAllMarketDataOrdersVisitor - [ORDERBOOK] Removing market data order:MktData(price=43,quantity=134)
22:53:37.280 [main] INFO  c.o.v.MutatingRemoveAllMarketDataOrdersVisitor - [ORDERBOOK] Removing level:43
22:53:37.280 [main] DEBUG c.orderbook.OrderBook - [ORDERBOOK] ASK: Adding orderMktData(price=43,quantity=134)
22:53:37.280 [main] DEBUG c.orderbook.OrderBook - [ORDERBOOK] ASK: Adding orderMktData(price=76,quantity=145)
22:53:37.280 [main] DEBUG c.orderbook.OrderBook - [ORDERBOOK] ASK: Adding orderMktData(price=91,quantity=300)
22:53:37.280 [main] DEBUG c.orderbook.OrderBook - [ORDERBOOK] ASK: Adding orderMktData(price=93,quantity=200)
22:53:37.280 [main] DEBUG c.orderbook.OrderBook - [ORDERBOOK] ASK: Adding orderMktData(price=95,quantity=100)
22:53:37.280 [main] DEBUG c.orderbook.OrderBook - [ORDERBOOK] ASK: Adding orderMktData(price=98,quantity=154)
22:53:37.280 [main] INFO  c.o.v.MutatingMatchOneMarketDataOrderVisitor - [ORDERBOOK] visiting LevelOrderBookLevel(price=43,quantity=134)
22:53:37.280 [main] INFO  c.o.v.MutatingMatchOneMarketDataOrderVisitor - [ORDERBOOK] Can't match order:MktData(price=43,quantity=134)(MktData(price=98,quantity=154))
22:53:37.280 [main] INFO  c.o.v.MutatingRemoveAllMarketDataOrdersVisitor - [ORDERBOOK] Removing market data order:MktData(price=98,quantity=501)
22:53:37.280 [main] INFO  c.o.v.MutatingRemoveAllMarketDataOrdersVisitor - [ORDERBOOK] Removing level:98
22:53:37.280 [main] INFO  c.o.v.MutatingRemoveAllMarketDataOrdersVisitor - [ORDERBOOK] Removing market data order:MktData(price=101,quantity=200)
22:53:37.280 [main] INFO  c.o.v.MutatingRemoveAllMarketDataOrdersVisitor - [ORDERBOOK] Removing level:101
22:53:37.280 [main] INFO  c.o.v.MutatingRemoveAllMarketDataOrdersVisitor - [ORDERBOOK] Removing market data order:MktData(price=110,quantity=5000)
22:53:37.280 [main] INFO  c.o.v.MutatingRemoveAllMarketDataOrdersVisitor - [ORDERBOOK] Removing level:110
22:53:37.280 [main] INFO  c.o.v.MutatingRemoveAllMarketDataOrdersVisitor - [ORDERBOOK] Removing market data order:MktData(price=119,quantity=5600)
22:53:37.280 [main] INFO  c.o.v.MutatingRemoveAllMarketDataOrdersVisitor - [ORDERBOOK] Removing level:119
22:53:37.280 [main] INFO  c.o.v.MutatingRemoveAllMarketDataOrdersVisitor - [ORDERBOOK] Removing market data order:MktData(price=123,quantity=453)
22:53:37.280 [main] INFO  c.o.v.MutatingRemoveAllMarketDataOrdersVisitor - [ORDERBOOK] Removing level:123
22:53:37.280 [main] INFO  c.o.v.MutatingRemoveAllMarketDataOrdersVisitor - [ORDERBOOK] Removing market data order:MktData(price=144,quantity=645)
22:53:37.280 [main] INFO  c.o.v.MutatingRemoveAllMarketDataOrdersVisitor - [ORDERBOOK] Removing level:144
22:53:37.280 [main] INFO  c.o.v.MutatingRemoveAllMarketDataOrdersVisitor - [ORDERBOOK] Removing market data order:MktData(price=167,quantity=665)
22:53:37.280 [main] INFO  c.o.v.MutatingRemoveAllMarketDataOrdersVisitor - [ORDERBOOK] Removing level:167
22:53:37.280 [main] DEBUG c.orderbook.OrderBook - [ORDERBOOK] ASK: Adding orderMktData(price=98,quantity=501)
22:53:37.280 [main] DEBUG c.orderbook.OrderBook - [ORDERBOOK] ASK: Adding orderMktData(price=101,quantity=200)
22:53:37.280 [main] DEBUG c.orderbook.OrderBook - [ORDERBOOK] ASK: Adding orderMktData(price=110,quantity=5000)
22:53:37.280 [main] DEBUG c.orderbook.OrderBook - [ORDERBOOK] ASK: Adding orderMktData(price=119,quantity=5600)
22:53:37.280 [main] DEBUG c.orderbook.OrderBook - [ORDERBOOK] ASK: Adding orderMktData(price=123,quantity=453)
22:53:37.280 [main] DEBUG c.orderbook.OrderBook - [ORDERBOOK] ASK: Adding orderMktData(price=144,quantity=645)
22:53:37.280 [main] DEBUG c.orderbook.OrderBook - [ORDERBOOK] ASK: Adding orderMktData(price=167,quantity=665)
22:53:37.280 [main] DEBUG c.service.MarketDataService - [ALGO] BID: price:43 quantity:134
22:53:37.280 [main] DEBUG c.service.MarketDataService - [ALGO] BID: price:76 quantity:145
22:53:37.280 [main] DEBUG c.service.MarketDataService - [ALGO] BID: price:91 quantity:300
22:53:37.280 [main] DEBUG c.service.MarketDataService - [ALGO] BID: price:93 quantity:200
22:53:37.280 [main] DEBUG c.service.MarketDataService - [ALGO] BID: price:95 quantity:100
22:53:37.280 [main] DEBUG c.service.MarketDataService - [ALGO] BID: price:98 quantity:154
22:53:37.280 [main] DEBUG c.service.MarketDataService - [ALGO] ASK: price:98 quantity:501
22:53:37.280 [main] DEBUG c.service.MarketDataService - [ALGO] ASK: price:101 quantity:200
22:53:37.280 [main] DEBUG c.service.MarketDataService - [ALGO] ASK: price:110 quantity:5000
22:53:37.283 [main] DEBUG c.service.MarketDataService - [ALGO] ASK: price:119 quantity:5600
22:53:37.283 [main] DEBUG c.service.MarketDataService - [ALGO] ASK: price:123 quantity:453
22:53:37.283 [main] DEBUG c.service.MarketDataService - [ALGO] ASK: price:144 quantity:645
22:53:37.283 [main] DEBUG c.service.MarketDataService - [ALGO] ASK: price:167 quantity:665
22:53:37.283 [main] INFO  c.gettingstarted.MyAlgoLogic - [MYALGO] The state of the order book is:
|----BID-----||----ASK----|
    134 @ 43    501 @ 98
    145 @ 76   200 @ 101
    300 @ 91  5000 @ 110
    200 @ 93  5600 @ 119
    100 @ 95   453 @ 123
    154 @ 98   645 @ 144
          -    665 @ 167
|------------||-----------|

22:53:37.283 [main] INFO  c.gettingstarted.MyAlgoLogic - [MYALGO] Algo Sees Book as: 
|----BID-----||----ASK----|
    134 @ 43    501 @ 98
    145 @ 76   200 @ 101
    300 @ 91  5000 @ 110
    200 @ 93  5600 @ 119
    100 @ 95   453 @ 123
    154 @ 98   645 @ 144
          -    665 @ 167
|------------||-----------|

22:53:37.283 [main] INFO  c.gettingstarted.TimedLogic - [TIMEDLOGIC] Market is closed
22:53:37.283 [main] INFO  c.sequencer.consumer.LoggingConsumer - [211] 
|----BID-----|
    134 @ 43
    145 @ 76
    300 @ 91
    200 @ 93
    100 @ 95
    154 @ 98
|----ASK-----|
    501 @ 98
   200 @ 101
  5000 @ 110
  5600 @ 119
   453 @ 123
   645 @ 144
   665 @ 167

22:53:37.283 [main] INFO  c.orderbook.OrderBook - [ORDERBOOK] Processing Mkt Data Update
22:53:37.283 [main] INFO  c.o.v.MutatingRemoveAllMarketDataOrdersVisitor - [ORDERBOOK] Removing market data order:MktData(price=43,quantity=134)
22:53:37.283 [main] INFO  c.o.v.MutatingRemoveAllMarketDataOrdersVisitor - [ORDERBOOK] Removing level:43
22:53:37.283 [main] DEBUG c.orderbook.OrderBook - [ORDERBOOK] ASK: Adding orderMktData(price=43,quantity=134)
22:53:37.283 [main] DEBUG c.orderbook.OrderBook - [ORDERBOOK] ASK: Adding orderMktData(price=76,quantity=145)
22:53:37.283 [main] DEBUG c.orderbook.OrderBook - [ORDERBOOK] ASK: Adding orderMktData(price=91,quantity=300)
22:53:37.283 [main] DEBUG c.orderbook.OrderBook - [ORDERBOOK] ASK: Adding orderMktData(price=93,quantity=200)
22:53:37.283 [main] DEBUG c.orderbook.OrderBook - [ORDERBOOK] ASK: Adding orderMktData(price=95,quantity=100)
22:53:37.283 [main] DEBUG c.orderbook.OrderBook - [ORDERBOOK] ASK: Adding orderMktData(price=98,quantity=154)
22:53:37.283 [main] INFO  c.o.v.MutatingMatchOneMarketDataOrderVisitor - [ORDERBOOK] visiting LevelOrderBookLevel(price=43,quantity=134)
22:53:37.283 [main] INFO  c.o.v.MutatingMatchOneMarketDataOrderVisitor - [ORDERBOOK] Can't match order:MktData(price=43,quantity=134)(MktData(price=98,quantity=154))
22:53:37.283 [main] INFO  c.o.v.MutatingRemoveAllMarketDataOrdersVisitor - [ORDERBOOK] Removing market data order:MktData(price=98,quantity=501)
22:53:37.283 [main] INFO  c.o.v.MutatingRemoveAllMarketDataOrdersVisitor - [ORDERBOOK] Removing level:98
22:53:37.283 [main] INFO  c.o.v.MutatingRemoveAllMarketDataOrdersVisitor - [ORDERBOOK] Removing market data order:MktData(price=101,quantity=200)
22:53:37.283 [main] INFO  c.o.v.MutatingRemoveAllMarketDataOrdersVisitor - [ORDERBOOK] Removing level:101
22:53:37.283 [main] INFO  c.o.v.MutatingRemoveAllMarketDataOrdersVisitor - [ORDERBOOK] Removing market data order:MktData(price=110,quantity=5000)
22:53:37.283 [main] INFO  c.o.v.MutatingRemoveAllMarketDataOrdersVisitor - [ORDERBOOK] Removing level:110
22:53:37.283 [main] INFO  c.o.v.MutatingRemoveAllMarketDataOrdersVisitor - [ORDERBOOK] Removing market data order:MktData(price=119,quantity=5600)
22:53:37.283 [main] INFO  c.o.v.MutatingRemoveAllMarketDataOrdersVisitor - [ORDERBOOK] Removing level:119
22:53:37.283 [main] INFO  c.o.v.MutatingRemoveAllMarketDataOrdersVisitor - [ORDERBOOK] Removing market data order:MktData(price=123,quantity=453)
22:53:37.283 [main] INFO  c.o.v.MutatingRemoveAllMarketDataOrdersVisitor - [ORDERBOOK] Removing level:123
22:53:37.283 [main] INFO  c.o.v.MutatingRemoveAllMarketDataOrdersVisitor - [ORDERBOOK] Removing market data order:MktData(price=144,quantity=645)
22:53:37.283 [main] INFO  c.o.v.MutatingRemoveAllMarketDataOrdersVisitor - [ORDERBOOK] Removing level:144
22:53:37.283 [main] INFO  c.o.v.MutatingRemoveAllMarketDataOrdersVisitor - [ORDERBOOK] Removing market data order:MktData(price=167,quantity=665)
22:53:37.283 [main] INFO  c.o.v.MutatingRemoveAllMarketDataOrdersVisitor - [ORDERBOOK] Removing level:167
22:53:37.283 [main] DEBUG c.orderbook.OrderBook - [ORDERBOOK] ASK: Adding orderMktData(price=98,quantity=501)
22:53:37.283 [main] DEBUG c.orderbook.OrderBook - [ORDERBOOK] ASK: Adding orderMktData(price=101,quantity=200)
22:53:37.283 [main] DEBUG c.orderbook.OrderBook - [ORDERBOOK] ASK: Adding orderMktData(price=110,quantity=5000)
22:53:37.283 [main] DEBUG c.orderbook.OrderBook - [ORDERBOOK] ASK: Adding orderMktData(price=119,quantity=5600)
22:53:37.283 [main] DEBUG c.orderbook.OrderBook - [ORDERBOOK] ASK: Adding orderMktData(price=123,quantity=453)
22:53:37.283 [main] DEBUG c.orderbook.OrderBook - [ORDERBOOK] ASK: Adding orderMktData(price=144,quantity=645)
22:53:37.283 [main] DEBUG c.orderbook.OrderBook - [ORDERBOOK] ASK: Adding orderMktData(price=167,quantity=665)
22:53:37.283 [main] DEBUG c.service.MarketDataService - [ALGO] BID: price:43 quantity:134
22:53:37.283 [main] DEBUG c.service.MarketDataService - [ALGO] BID: price:76 quantity:145
22:53:37.283 [main] DEBUG c.service.MarketDataService - [ALGO] BID: price:91 quantity:300
22:53:37.283 [main] DEBUG c.service.MarketDataService - [ALGO] BID: price:93 quantity:200
22:53:37.283 [main] DEBUG c.service.MarketDataService - [ALGO] BID: price:95 quantity:100
22:53:37.283 [main] DEBUG c.service.MarketDataService - [ALGO] BID: price:98 quantity:154
22:53:37.283 [main] DEBUG c.service.MarketDataService - [ALGO] ASK: price:98 quantity:501
22:53:37.283 [main] DEBUG c.service.MarketDataService - [ALGO] ASK: price:101 quantity:200
22:53:37.283 [main] DEBUG c.service.MarketDataService - [ALGO] ASK: price:110 quantity:5000
22:53:37.283 [main] DEBUG c.service.MarketDataService - [ALGO] ASK: price:119 quantity:5600
22:53:37.283 [main] DEBUG c.service.MarketDataService - [ALGO] ASK: price:123 quantity:453
22:53:37.283 [main] DEBUG c.service.MarketDataService - [ALGO] ASK: price:144 quantity:645
22:53:37.283 [main] DEBUG c.service.MarketDataService - [ALGO] ASK: price:167 quantity:665
22:53:37.283 [main] INFO  c.gettingstarted.MyAlgoLogic - [MYALGO] The state of the order book is:
|----BID-----||----ASK----|
    134 @ 43    501 @ 98
    145 @ 76   200 @ 101
    300 @ 91  5000 @ 110
    200 @ 93  5600 @ 119
    100 @ 95   453 @ 123
    154 @ 98   645 @ 144
          -    665 @ 167
|------------||-----------|

22:53:37.283 [main] INFO  c.gettingstarted.MyAlgoLogic - [MYALGO] Algo Sees Book as: 
|----BID-----||----ASK----|
    134 @ 43    501 @ 98
    145 @ 76   200 @ 101
    300 @ 91  5000 @ 110
    200 @ 93  5600 @ 119
    100 @ 95   453 @ 123
    154 @ 98   645 @ 144
          -    665 @ 167
|------------||-----------|

22:53:37.283 [main] INFO  c.gettingstarted.TimedLogic - [TIMEDLOGIC] Market is closed
22:53:37.283 [main] INFO  c.sequencer.consumer.LoggingConsumer - [212] 
|----BID-----|
    134 @ 43
    145 @ 76
    300 @ 91
    200 @ 93
    100 @ 95
    154 @ 98
|----ASK-----|
    501 @ 98
   200 @ 101
  5000 @ 110
  5600 @ 119
   453 @ 123
   645 @ 144
   665 @ 167

22:53:37.283 [main] INFO  c.orderbook.OrderBook - [ORDERBOOK] Processing Mkt Data Update
22:53:37.283 [main] INFO  c.o.v.MutatingRemoveAllMarketDataOrdersVisitor - [ORDERBOOK] Removing market data order:MktData(price=43,quantity=134)
22:53:37.283 [main] INFO  c.o.v.MutatingRemoveAllMarketDataOrdersVisitor - [ORDERBOOK] Removing level:43
22:53:37.283 [main] DEBUG c.orderbook.OrderBook - [ORDERBOOK] ASK: Adding orderMktData(price=43,quantity=134)
22:53:37.283 [main] DEBUG c.orderbook.OrderBook - [ORDERBOOK] ASK: Adding orderMktData(price=76,quantity=145)
22:53:37.283 [main] DEBUG c.orderbook.OrderBook - [ORDERBOOK] ASK: Adding orderMktData(price=91,quantity=300)
22:53:37.283 [main] DEBUG c.orderbook.OrderBook - [ORDERBOOK] ASK: Adding orderMktData(price=93,quantity=200)
22:53:37.283 [main] DEBUG c.orderbook.OrderBook - [ORDERBOOK] ASK: Adding orderMktData(price=95,quantity=100)
22:53:37.283 [main] DEBUG c.orderbook.OrderBook - [ORDERBOOK] ASK: Adding orderMktData(price=98,quantity=154)
22:53:37.283 [main] INFO  c.o.v.MutatingMatchOneMarketDataOrderVisitor - [ORDERBOOK] visiting LevelOrderBookLevel(price=43,quantity=134)
22:53:37.283 [main] INFO  c.o.v.MutatingMatchOneMarketDataOrderVisitor - [ORDERBOOK] Can't match order:MktData(price=43,quantity=134)(MktData(price=98,quantity=154))
22:53:37.283 [main] INFO  c.o.v.MutatingRemoveAllMarketDataOrdersVisitor - [ORDERBOOK] Removing market data order:MktData(price=98,quantity=501)
22:53:37.283 [main] INFO  c.o.v.MutatingRemoveAllMarketDataOrdersVisitor - [ORDERBOOK] Removing level:98
22:53:37.283 [main] INFO  c.o.v.MutatingRemoveAllMarketDataOrdersVisitor - [ORDERBOOK] Removing market data order:MktData(price=101,quantity=200)
22:53:37.283 [main] INFO  c.o.v.MutatingRemoveAllMarketDataOrdersVisitor - [ORDERBOOK] Removing level:101
22:53:37.283 [main] INFO  c.o.v.MutatingRemoveAllMarketDataOrdersVisitor - [ORDERBOOK] Removing market data order:MktData(price=110,quantity=5000)
22:53:37.283 [main] INFO  c.o.v.MutatingRemoveAllMarketDataOrdersVisitor - [ORDERBOOK] Removing level:110
22:53:37.283 [main] INFO  c.o.v.MutatingRemoveAllMarketDataOrdersVisitor - [ORDERBOOK] Removing market data order:MktData(price=119,quantity=5600)
22:53:37.283 [main] INFO  c.o.v.MutatingRemoveAllMarketDataOrdersVisitor - [ORDERBOOK] Removing level:119
22:53:37.283 [main] INFO  c.o.v.MutatingRemoveAllMarketDataOrdersVisitor - [ORDERBOOK] Removing market data order:MktData(price=123,quantity=453)
22:53:37.283 [main] INFO  c.o.v.MutatingRemoveAllMarketDataOrdersVisitor - [ORDERBOOK] Removing level:123
22:53:37.283 [main] INFO  c.o.v.MutatingRemoveAllMarketDataOrdersVisitor - [ORDERBOOK] Removing market data order:MktData(price=144,quantity=645)
22:53:37.283 [main] INFO  c.o.v.MutatingRemoveAllMarketDataOrdersVisitor - [ORDERBOOK] Removing level:144
22:53:37.283 [main] INFO  c.o.v.MutatingRemoveAllMarketDataOrdersVisitor - [ORDERBOOK] Removing market data order:MktData(price=167,quantity=665)
22:53:37.283 [main] INFO  c.o.v.MutatingRemoveAllMarketDataOrdersVisitor - [ORDERBOOK] Removing level:167
22:53:37.283 [main] DEBUG c.orderbook.OrderBook - [ORDERBOOK] ASK: Adding orderMktData(price=98,quantity=501)
22:53:37.283 [main] DEBUG c.orderbook.OrderBook - [ORDERBOOK] ASK: Adding orderMktData(price=101,quantity=200)
22:53:37.283 [main] DEBUG c.orderbook.OrderBook - [ORDERBOOK] ASK: Adding orderMktData(price=110,quantity=5000)
22:53:37.283 [main] DEBUG c.orderbook.OrderBook - [ORDERBOOK] ASK: Adding orderMktData(price=119,quantity=5600)
22:53:37.283 [main] DEBUG c.orderbook.OrderBook - [ORDERBOOK] ASK: Adding orderMktData(price=123,quantity=453)
22:53:37.283 [main] DEBUG c.orderbook.OrderBook - [ORDERBOOK] ASK: Adding orderMktData(price=144,quantity=645)
22:53:37.283 [main] DEBUG c.orderbook.OrderBook - [ORDERBOOK] ASK: Adding orderMktData(price=167,quantity=665)
22:53:37.283 [main] DEBUG c.service.MarketDataService - [ALGO] BID: price:43 quantity:134
22:53:37.283 [main] DEBUG c.service.MarketDataService - [ALGO] BID: price:76 quantity:145
22:53:37.283 [main] DEBUG c.service.MarketDataService - [ALGO] BID: price:91 quantity:300
22:53:37.283 [main] DEBUG c.service.MarketDataService - [ALGO] BID: price:93 quantity:200
22:53:37.283 [main] DEBUG c.service.MarketDataService - [ALGO] BID: price:95 quantity:100
22:53:37.283 [main] DEBUG c.service.MarketDataService - [ALGO] BID: price:98 quantity:154
22:53:37.283 [main] DEBUG c.service.MarketDataService - [ALGO] ASK: price:98 quantity:501
22:53:37.283 [main] DEBUG c.service.MarketDataService - [ALGO] ASK: price:101 quantity:200
22:53:37.283 [main] DEBUG c.service.MarketDataService - [ALGO] ASK: price:110 quantity:5000
22:53:37.283 [main] DEBUG c.service.MarketDataService - [ALGO] ASK: price:119 quantity:5600
22:53:37.283 [main] DEBUG c.service.MarketDataService - [ALGO] ASK: price:123 quantity:453
22:53:37.283 [main] DEBUG c.service.MarketDataService - [ALGO] ASK: price:144 quantity:645
22:53:37.283 [main] DEBUG c.service.MarketDataService - [ALGO] ASK: price:167 quantity:665
22:53:37.283 [main] INFO  c.gettingstarted.MyAlgoLogic - [MYALGO] The state of the order book is:
|----BID-----||----ASK----|
    134 @ 43    501 @ 98
    145 @ 76   200 @ 101
    300 @ 91  5000 @ 110
    200 @ 93  5600 @ 119
    100 @ 95   453 @ 123
    154 @ 98   645 @ 144
          -    665 @ 167
|------------||-----------|

22:53:37.283 [main] INFO  c.gettingstarted.MyAlgoLogic - [MYALGO] Algo Sees Book as: 
|----BID-----||----ASK----|
    134 @ 43    501 @ 98
    145 @ 76   200 @ 101
    300 @ 91  5000 @ 110
    200 @ 93  5600 @ 119
    100 @ 95   453 @ 123
    154 @ 98   645 @ 144
          -    665 @ 167
|------------||-----------|

22:53:37.283 [main] INFO  c.gettingstarted.TimedLogic - [TIMEDLOGIC] Market is closed
22:53:37.283 [main] INFO  c.sequencer.consumer.LoggingConsumer - [213] 
|----BID-----|
    134 @ 43
    145 @ 76
    300 @ 91
    200 @ 93
    100 @ 95
    154 @ 98
|----ASK-----|
    501 @ 98
   200 @ 101
  5000 @ 110
  5600 @ 119
   453 @ 123
   645 @ 144
   665 @ 167

22:53:37.283 [main] INFO  c.orderbook.OrderBook - [ORDERBOOK] Processing Mkt Data Update
22:53:37.283 [main] INFO  c.o.v.MutatingRemoveAllMarketDataOrdersVisitor - [ORDERBOOK] Removing market data order:MktData(price=43,quantity=134)
22:53:37.283 [main] INFO  c.o.v.MutatingRemoveAllMarketDataOrdersVisitor - [ORDERBOOK] Removing level:43
22:53:37.283 [main] DEBUG c.orderbook.OrderBook - [ORDERBOOK] ASK: Adding orderMktData(price=43,quantity=134)
22:53:37.283 [main] DEBUG c.orderbook.OrderBook - [ORDERBOOK] ASK: Adding orderMktData(price=76,quantity=145)
22:53:37.283 [main] DEBUG c.orderbook.OrderBook - [ORDERBOOK] ASK: Adding orderMktData(price=91,quantity=300)
22:53:37.283 [main] DEBUG c.orderbook.OrderBook - [ORDERBOOK] ASK: Adding orderMktData(price=93,quantity=200)
22:53:37.283 [main] DEBUG c.orderbook.OrderBook - [ORDERBOOK] ASK: Adding orderMktData(price=95,quantity=100)
22:53:37.283 [main] DEBUG c.orderbook.OrderBook - [ORDERBOOK] ASK: Adding orderMktData(price=98,quantity=154)
22:53:37.283 [main] INFO  c.o.v.MutatingMatchOneMarketDataOrderVisitor - [ORDERBOOK] visiting LevelOrderBookLevel(price=43,quantity=134)
22:53:37.283 [main] INFO  c.o.v.MutatingMatchOneMarketDataOrderVisitor - [ORDERBOOK] Can't match order:MktData(price=43,quantity=134)(MktData(price=98,quantity=154))
22:53:37.283 [main] INFO  c.o.v.MutatingRemoveAllMarketDataOrdersVisitor - [ORDERBOOK] Removing market data order:MktData(price=98,quantity=501)
22:53:37.283 [main] INFO  c.o.v.MutatingRemoveAllMarketDataOrdersVisitor - [ORDERBOOK] Removing level:98
22:53:37.283 [main] INFO  c.o.v.MutatingRemoveAllMarketDataOrdersVisitor - [ORDERBOOK] Removing market data order:MktData(price=101,quantity=200)
22:53:37.283 [main] INFO  c.o.v.MutatingRemoveAllMarketDataOrdersVisitor - [ORDERBOOK] Removing level:101
22:53:37.283 [main] INFO  c.o.v.MutatingRemoveAllMarketDataOrdersVisitor - [ORDERBOOK] Removing market data order:MktData(price=110,quantity=5000)
22:53:37.283 [main] INFO  c.o.v.MutatingRemoveAllMarketDataOrdersVisitor - [ORDERBOOK] Removing level:110
22:53:37.283 [main] INFO  c.o.v.MutatingRemoveAllMarketDataOrdersVisitor - [ORDERBOOK] Removing market data order:MktData(price=119,quantity=5600)
22:53:37.283 [main] INFO  c.o.v.MutatingRemoveAllMarketDataOrdersVisitor - [ORDERBOOK] Removing level:119
22:53:37.283 [main] INFO  c.o.v.MutatingRemoveAllMarketDataOrdersVisitor - [ORDERBOOK] Removing market data order:MktData(price=123,quantity=453)
22:53:37.283 [main] INFO  c.o.v.MutatingRemoveAllMarketDataOrdersVisitor - [ORDERBOOK] Removing level:123
22:53:37.283 [main] INFO  c.o.v.MutatingRemoveAllMarketDataOrdersVisitor - [ORDERBOOK] Removing market data order:MktData(price=144,quantity=645)
22:53:37.283 [main] INFO  c.o.v.MutatingRemoveAllMarketDataOrdersVisitor - [ORDERBOOK] Removing level:144
22:53:37.283 [main] INFO  c.o.v.MutatingRemoveAllMarketDataOrdersVisitor - [ORDERBOOK] Removing market data order:MktData(price=167,quantity=665)
22:53:37.283 [main] INFO  c.o.v.MutatingRemoveAllMarketDataOrdersVisitor - [ORDERBOOK] Removing level:167
22:53:37.283 [main] DEBUG c.orderbook.OrderBook - [ORDERBOOK] ASK: Adding orderMktData(price=98,quantity=501)
22:53:37.283 [main] DEBUG c.orderbook.OrderBook - [ORDERBOOK] ASK: Adding orderMktData(price=101,quantity=200)
22:53:37.283 [main] DEBUG c.orderbook.OrderBook - [ORDERBOOK] ASK: Adding orderMktData(price=110,quantity=5000)
22:53:37.283 [main] DEBUG c.orderbook.OrderBook - [ORDERBOOK] ASK: Adding orderMktData(price=119,quantity=5600)
22:53:37.283 [main] DEBUG c.orderbook.OrderBook - [ORDERBOOK] ASK: Adding orderMktData(price=123,quantity=453)
22:53:37.283 [main] DEBUG c.orderbook.OrderBook - [ORDERBOOK] ASK: Adding orderMktData(price=144,quantity=645)
22:53:37.283 [main] DEBUG c.orderbook.OrderBook - [ORDERBOOK] ASK: Adding orderMktData(price=167,quantity=665)
22:53:37.283 [main] DEBUG c.service.MarketDataService - [ALGO] BID: price:43 quantity:134
22:53:37.283 [main] DEBUG c.service.MarketDataService - [ALGO] BID: price:76 quantity:145
22:53:37.283 [main] DEBUG c.service.MarketDataService - [ALGO] BID: price:91 quantity:300
22:53:37.283 [main] DEBUG c.service.MarketDataService - [ALGO] BID: price:93 quantity:200
22:53:37.283 [main] DEBUG c.service.MarketDataService - [ALGO] BID: price:95 quantity:100
22:53:37.283 [main] DEBUG c.service.MarketDataService - [ALGO] BID: price:98 quantity:154
22:53:37.283 [main] DEBUG c.service.MarketDataService - [ALGO] ASK: price:98 quantity:501
22:53:37.283 [main] DEBUG c.service.MarketDataService - [ALGO] ASK: price:101 quantity:200
22:53:37.283 [main] DEBUG c.service.MarketDataService - [ALGO] ASK: price:110 quantity:5000
22:53:37.283 [main] DEBUG c.service.MarketDataService - [ALGO] ASK: price:119 quantity:5600
22:53:37.283 [main] DEBUG c.service.MarketDataService - [ALGO] ASK: price:123 quantity:453
22:53:37.283 [main] DEBUG c.service.MarketDataService - [ALGO] ASK: price:144 quantity:645
22:53:37.283 [main] DEBUG c.service.MarketDataService - [ALGO] ASK: price:167 quantity:665
22:53:37.283 [main] INFO  c.gettingstarted.MyAlgoLogic - [MYALGO] The state of the order book is:
|----BID-----||----ASK----|
    134 @ 43    501 @ 98
    145 @ 76   200 @ 101
    300 @ 91  5000 @ 110
    200 @ 93  5600 @ 119
    100 @ 95   453 @ 123
    154 @ 98   645 @ 144
          -    665 @ 167
|------------||-----------|

22:53:37.283 [main] INFO  c.gettingstarted.MyAlgoLogic - [MYALGO] Algo Sees Book as: 
|----BID-----||----ASK----|
    134 @ 43    501 @ 98
    145 @ 76   200 @ 101
    300 @ 91  5000 @ 110
    200 @ 93  5600 @ 119
    100 @ 95   453 @ 123
    154 @ 98   645 @ 144
          -    665 @ 167
|------------||-----------|

22:53:37.283 [main] INFO  c.gettingstarted.TimedLogic - [TIMEDLOGIC] Market is closed
22:53:37.283 [main] INFO  c.sequencer.consumer.LoggingConsumer - [214] 
|----BID-----|
    134 @ 43
    145 @ 76
    300 @ 91
    200 @ 93
    100 @ 95
    154 @ 98
|----ASK-----|
    501 @ 98
   200 @ 101
  5000 @ 110
  5600 @ 119
   453 @ 123
   645 @ 144
   665 @ 167

22:53:37.283 [main] INFO  c.orderbook.OrderBook - [ORDERBOOK] Processing Mkt Data Update
22:53:37.283 [main] INFO  c.o.v.MutatingRemoveAllMarketDataOrdersVisitor - [ORDERBOOK] Removing market data order:MktData(price=43,quantity=134)
22:53:37.283 [main] INFO  c.o.v.MutatingRemoveAllMarketDataOrdersVisitor - [ORDERBOOK] Removing level:43
22:53:37.283 [main] DEBUG c.orderbook.OrderBook - [ORDERBOOK] ASK: Adding orderMktData(price=43,quantity=134)
22:53:37.283 [main] DEBUG c.orderbook.OrderBook - [ORDERBOOK] ASK: Adding orderMktData(price=76,quantity=145)
22:53:37.283 [main] DEBUG c.orderbook.OrderBook - [ORDERBOOK] ASK: Adding orderMktData(price=91,quantity=300)
22:53:37.283 [main] DEBUG c.orderbook.OrderBook - [ORDERBOOK] ASK: Adding orderMktData(price=93,quantity=200)
22:53:37.283 [main] DEBUG c.orderbook.OrderBook - [ORDERBOOK] ASK: Adding orderMktData(price=95,quantity=100)
22:53:37.283 [main] DEBUG c.orderbook.OrderBook - [ORDERBOOK] ASK: Adding orderMktData(price=98,quantity=154)
22:53:37.283 [main] INFO  c.o.v.MutatingMatchOneMarketDataOrderVisitor - [ORDERBOOK] visiting LevelOrderBookLevel(price=43,quantity=134)
22:53:37.283 [main] INFO  c.o.v.MutatingMatchOneMarketDataOrderVisitor - [ORDERBOOK] Can't match order:MktData(price=43,quantity=134)(MktData(price=98,quantity=154))
22:53:37.283 [main] INFO  c.o.v.MutatingRemoveAllMarketDataOrdersVisitor - [ORDERBOOK] Removing market data order:MktData(price=98,quantity=501)
22:53:37.283 [main] INFO  c.o.v.MutatingRemoveAllMarketDataOrdersVisitor - [ORDERBOOK] Removing level:98
22:53:37.283 [main] INFO  c.o.v.MutatingRemoveAllMarketDataOrdersVisitor - [ORDERBOOK] Removing market data order:MktData(price=101,quantity=200)
22:53:37.283 [main] INFO  c.o.v.MutatingRemoveAllMarketDataOrdersVisitor - [ORDERBOOK] Removing level:101
22:53:37.283 [main] INFO  c.o.v.MutatingRemoveAllMarketDataOrdersVisitor - [ORDERBOOK] Removing market data order:MktData(price=110,quantity=5000)
22:53:37.283 [main] INFO  c.o.v.MutatingRemoveAllMarketDataOrdersVisitor - [ORDERBOOK] Removing level:110
22:53:37.283 [main] INFO  c.o.v.MutatingRemoveAllMarketDataOrdersVisitor - [ORDERBOOK] Removing market data order:MktData(price=119,quantity=5600)
22:53:37.283 [main] INFO  c.o.v.MutatingRemoveAllMarketDataOrdersVisitor - [ORDERBOOK] Removing level:119
22:53:37.283 [main] INFO  c.o.v.MutatingRemoveAllMarketDataOrdersVisitor - [ORDERBOOK] Removing market data order:MktData(price=123,quantity=453)
22:53:37.283 [main] INFO  c.o.v.MutatingRemoveAllMarketDataOrdersVisitor - [ORDERBOOK] Removing level:123
22:53:37.283 [main] INFO  c.o.v.MutatingRemoveAllMarketDataOrdersVisitor - [ORDERBOOK] Removing market data order:MktData(price=144,quantity=645)
22:53:37.283 [main] INFO  c.o.v.MutatingRemoveAllMarketDataOrdersVisitor - [ORDERBOOK] Removing level:144
22:53:37.283 [main] INFO  c.o.v.MutatingRemoveAllMarketDataOrdersVisitor - [ORDERBOOK] Removing market data order:MktData(price=167,quantity=665)
22:53:37.283 [main] INFO  c.o.v.MutatingRemoveAllMarketDataOrdersVisitor - [ORDERBOOK] Removing level:167
22:53:37.283 [main] DEBUG c.orderbook.OrderBook - [ORDERBOOK] ASK: Adding orderMktData(price=98,quantity=501)
22:53:37.283 [main] DEBUG c.orderbook.OrderBook - [ORDERBOOK] ASK: Adding orderMktData(price=101,quantity=200)
22:53:37.283 [main] DEBUG c.orderbook.OrderBook - [ORDERBOOK] ASK: Adding orderMktData(price=110,quantity=5000)
22:53:37.283 [main] DEBUG c.orderbook.OrderBook - [ORDERBOOK] ASK: Adding orderMktData(price=119,quantity=5600)
22:53:37.283 [main] DEBUG c.orderbook.OrderBook - [ORDERBOOK] ASK: Adding orderMktData(price=123,quantity=453)
22:53:37.283 [main] DEBUG c.orderbook.OrderBook - [ORDERBOOK] ASK: Adding orderMktData(price=144,quantity=645)
22:53:37.283 [main] DEBUG c.orderbook.OrderBook - [ORDERBOOK] ASK: Adding orderMktData(price=167,quantity=665)
22:53:37.283 [main] DEBUG c.service.MarketDataService - [ALGO] BID: price:43 quantity:134
22:53:37.283 [main] DEBUG c.service.MarketDataService - [ALGO] BID: price:76 quantity:145
22:53:37.283 [main] DEBUG c.service.MarketDataService - [ALGO] BID: price:91 quantity:300
22:53:37.283 [main] DEBUG c.service.MarketDataService - [ALGO] BID: price:93 quantity:200
22:53:37.283 [main] DEBUG c.service.MarketDataService - [ALGO] BID: price:95 quantity:100
22:53:37.283 [main] DEBUG c.service.MarketDataService - [ALGO] BID: price:98 quantity:154
22:53:37.283 [main] DEBUG c.service.MarketDataService - [ALGO] ASK: price:98 quantity:501
22:53:37.283 [main] DEBUG c.service.MarketDataService - [ALGO] ASK: price:101 quantity:200
22:53:37.283 [main] DEBUG c.service.MarketDataService - [ALGO] ASK: price:110 quantity:5000
22:53:37.283 [main] DEBUG c.service.MarketDataService - [ALGO] ASK: price:119 quantity:5600
22:53:37.283 [main] DEBUG c.service.MarketDataService - [ALGO] ASK: price:123 quantity:453
22:53:37.283 [main] DEBUG c.service.MarketDataService - [ALGO] ASK: price:144 quantity:645
22:53:37.283 [main] DEBUG c.service.MarketDataService - [ALGO] ASK: price:167 quantity:665
22:53:37.283 [main] INFO  c.gettingstarted.MyAlgoLogic - [MYALGO] The state of the order book is:
|----BID-----||----ASK----|
    134 @ 43    501 @ 98
    145 @ 76   200 @ 101
    300 @ 91  5000 @ 110
    200 @ 93  5600 @ 119
    100 @ 95   453 @ 123
    154 @ 98   645 @ 144
          -    665 @ 167
|------------||-----------|

22:53:37.285 [main] INFO  c.gettingstarted.MyAlgoLogic - [MYALGO] Algo Sees Book as: 
|----BID-----||----ASK----|
    134 @ 43    501 @ 98
    145 @ 76   200 @ 101
    300 @ 91  5000 @ 110
    200 @ 93  5600 @ 119
    100 @ 95   453 @ 123
    154 @ 98   645 @ 144
          -    665 @ 167
|------------||-----------|

22:53:37.285 [main] INFO  c.gettingstarted.TimedLogic - [TIMEDLOGIC] Market is closed
22:53:37.285 [main] INFO  c.sequencer.consumer.LoggingConsumer - [215] 
|----BID-----|
    134 @ 43
    145 @ 76
    300 @ 91
    200 @ 93
    100 @ 95
    154 @ 98
|----ASK-----|
    501 @ 98
   200 @ 101
  5000 @ 110
  5600 @ 119
   453 @ 123
   645 @ 144
   665 @ 167

22:53:37.285 [main] INFO  c.orderbook.OrderBook - [ORDERBOOK] Processing Mkt Data Update
22:53:37.285 [main] INFO  c.o.v.MutatingRemoveAllMarketDataOrdersVisitor - [ORDERBOOK] Removing market data order:MktData(price=43,quantity=134)
22:53:37.285 [main] INFO  c.o.v.MutatingRemoveAllMarketDataOrdersVisitor - [ORDERBOOK] Removing level:43
22:53:37.285 [main] DEBUG c.orderbook.OrderBook - [ORDERBOOK] ASK: Adding orderMktData(price=43,quantity=134)
22:53:37.285 [main] DEBUG c.orderbook.OrderBook - [ORDERBOOK] ASK: Adding orderMktData(price=76,quantity=145)
22:53:37.285 [main] DEBUG c.orderbook.OrderBook - [ORDERBOOK] ASK: Adding orderMktData(price=91,quantity=300)
22:53:37.285 [main] DEBUG c.orderbook.OrderBook - [ORDERBOOK] ASK: Adding orderMktData(price=93,quantity=200)
22:53:37.285 [main] DEBUG c.orderbook.OrderBook - [ORDERBOOK] ASK: Adding orderMktData(price=95,quantity=100)
22:53:37.285 [main] DEBUG c.orderbook.OrderBook - [ORDERBOOK] ASK: Adding orderMktData(price=98,quantity=154)
22:53:37.285 [main] INFO  c.o.v.MutatingMatchOneMarketDataOrderVisitor - [ORDERBOOK] visiting LevelOrderBookLevel(price=43,quantity=134)
22:53:37.285 [main] INFO  c.o.v.MutatingMatchOneMarketDataOrderVisitor - [ORDERBOOK] Can't match order:MktData(price=43,quantity=134)(MktData(price=98,quantity=154))
22:53:37.285 [main] INFO  c.o.v.MutatingRemoveAllMarketDataOrdersVisitor - [ORDERBOOK] Removing market data order:MktData(price=98,quantity=501)
22:53:37.285 [main] INFO  c.o.v.MutatingRemoveAllMarketDataOrdersVisitor - [ORDERBOOK] Removing level:98
22:53:37.285 [main] INFO  c.o.v.MutatingRemoveAllMarketDataOrdersVisitor - [ORDERBOOK] Removing market data order:MktData(price=101,quantity=200)
22:53:37.285 [main] INFO  c.o.v.MutatingRemoveAllMarketDataOrdersVisitor - [ORDERBOOK] Removing level:101
22:53:37.285 [main] INFO  c.o.v.MutatingRemoveAllMarketDataOrdersVisitor - [ORDERBOOK] Removing market data order:MktData(price=110,quantity=5000)
22:53:37.285 [main] INFO  c.o.v.MutatingRemoveAllMarketDataOrdersVisitor - [ORDERBOOK] Removing level:110
22:53:37.285 [main] INFO  c.o.v.MutatingRemoveAllMarketDataOrdersVisitor - [ORDERBOOK] Removing market data order:MktData(price=119,quantity=5600)
22:53:37.285 [main] INFO  c.o.v.MutatingRemoveAllMarketDataOrdersVisitor - [ORDERBOOK] Removing level:119
22:53:37.285 [main] INFO  c.o.v.MutatingRemoveAllMarketDataOrdersVisitor - [ORDERBOOK] Removing market data order:MktData(price=123,quantity=453)
22:53:37.285 [main] INFO  c.o.v.MutatingRemoveAllMarketDataOrdersVisitor - [ORDERBOOK] Removing level:123
22:53:37.285 [main] INFO  c.o.v.MutatingRemoveAllMarketDataOrdersVisitor - [ORDERBOOK] Removing market data order:MktData(price=144,quantity=645)
22:53:37.285 [main] INFO  c.o.v.MutatingRemoveAllMarketDataOrdersVisitor - [ORDERBOOK] Removing level:144
22:53:37.285 [main] INFO  c.o.v.MutatingRemoveAllMarketDataOrdersVisitor - [ORDERBOOK] Removing market data order:MktData(price=167,quantity=665)
22:53:37.285 [main] INFO  c.o.v.MutatingRemoveAllMarketDataOrdersVisitor - [ORDERBOOK] Removing level:167
22:53:37.285 [main] DEBUG c.orderbook.OrderBook - [ORDERBOOK] ASK: Adding orderMktData(price=98,quantity=501)
22:53:37.285 [main] DEBUG c.orderbook.OrderBook - [ORDERBOOK] ASK: Adding orderMktData(price=101,quantity=200)
22:53:37.285 [main] DEBUG c.orderbook.OrderBook - [ORDERBOOK] ASK: Adding orderMktData(price=110,quantity=5000)
22:53:37.285 [main] DEBUG c.orderbook.OrderBook - [ORDERBOOK] ASK: Adding orderMktData(price=119,quantity=5600)
22:53:37.285 [main] DEBUG c.orderbook.OrderBook - [ORDERBOOK] ASK: Adding orderMktData(price=123,quantity=453)
22:53:37.285 [main] DEBUG c.orderbook.OrderBook - [ORDERBOOK] ASK: Adding orderMktData(price=144,quantity=645)
22:53:37.285 [main] DEBUG c.orderbook.OrderBook - [ORDERBOOK] ASK: Adding orderMktData(price=167,quantity=665)
22:53:37.285 [main] DEBUG c.service.MarketDataService - [ALGO] BID: price:43 quantity:134
22:53:37.285 [main] DEBUG c.service.MarketDataService - [ALGO] BID: price:76 quantity:145
22:53:37.285 [main] DEBUG c.service.MarketDataService - [ALGO] BID: price:91 quantity:300
22:53:37.285 [main] DEBUG c.service.MarketDataService - [ALGO] BID: price:93 quantity:200
22:53:37.285 [main] DEBUG c.service.MarketDataService - [ALGO] BID: price:95 quantity:100
22:53:37.285 [main] DEBUG c.service.MarketDataService - [ALGO] BID: price:98 quantity:154
22:53:37.285 [main] DEBUG c.service.MarketDataService - [ALGO] ASK: price:98 quantity:501
22:53:37.285 [main] DEBUG c.service.MarketDataService - [ALGO] ASK: price:101 quantity:200
22:53:37.285 [main] DEBUG c.service.MarketDataService - [ALGO] ASK: price:110 quantity:5000
22:53:37.285 [main] DEBUG c.service.MarketDataService - [ALGO] ASK: price:119 quantity:5600
22:53:37.285 [main] DEBUG c.service.MarketDataService - [ALGO] ASK: price:123 quantity:453
22:53:37.285 [main] DEBUG c.service.MarketDataService - [ALGO] ASK: price:144 quantity:645
22:53:37.285 [main] DEBUG c.service.MarketDataService - [ALGO] ASK: price:167 quantity:665
22:53:37.285 [main] INFO  c.gettingstarted.MyAlgoLogic - [MYALGO] The state of the order book is:
|----BID-----||----ASK----|
    134 @ 43    501 @ 98
    145 @ 76   200 @ 101
    300 @ 91  5000 @ 110
    200 @ 93  5600 @ 119
    100 @ 95   453 @ 123
    154 @ 98   645 @ 144
          -    665 @ 167
|------------||-----------|

22:53:37.285 [main] INFO  c.gettingstarted.MyAlgoLogic - [MYALGO] Algo Sees Book as: 
|----BID-----||----ASK----|
    134 @ 43    501 @ 98
    145 @ 76   200 @ 101
    300 @ 91  5000 @ 110
    200 @ 93  5600 @ 119
    100 @ 95   453 @ 123
    154 @ 98   645 @ 144
          -    665 @ 167
|------------||-----------|

22:53:37.298 [main] INFO  c.gettingstarted.TimedLogic - [TIMEDLOGIC] Market is closed
22:53:37.298 [main] INFO  c.sequencer.consumer.LoggingConsumer - [216] 
|----BID-----|
    134 @ 43
    145 @ 76
    300 @ 91
    200 @ 93
    100 @ 95
    154 @ 98
|----ASK-----|
    501 @ 98
   200 @ 101
  5000 @ 110
  5600 @ 119
   453 @ 123
   645 @ 144
   665 @ 167

22:53:37.298 [main] INFO  c.orderbook.OrderBook - [ORDERBOOK] Processing Mkt Data Update
22:53:37.298 [main] INFO  c.o.v.MutatingRemoveAllMarketDataOrdersVisitor - [ORDERBOOK] Removing market data order:MktData(price=43,quantity=134)
22:53:37.298 [main] INFO  c.o.v.MutatingRemoveAllMarketDataOrdersVisitor - [ORDERBOOK] Removing level:43
22:53:37.298 [main] DEBUG c.orderbook.OrderBook - [ORDERBOOK] ASK: Adding orderMktData(price=43,quantity=134)
22:53:37.298 [main] DEBUG c.orderbook.OrderBook - [ORDERBOOK] ASK: Adding orderMktData(price=76,quantity=145)
22:53:37.298 [main] DEBUG c.orderbook.OrderBook - [ORDERBOOK] ASK: Adding orderMktData(price=91,quantity=300)
22:53:37.298 [main] DEBUG c.orderbook.OrderBook - [ORDERBOOK] ASK: Adding orderMktData(price=93,quantity=200)
22:53:37.298 [main] DEBUG c.orderbook.OrderBook - [ORDERBOOK] ASK: Adding orderMktData(price=95,quantity=100)
22:53:37.298 [main] DEBUG c.orderbook.OrderBook - [ORDERBOOK] ASK: Adding orderMktData(price=98,quantity=154)
22:53:37.298 [main] INFO  c.o.v.MutatingMatchOneMarketDataOrderVisitor - [ORDERBOOK] visiting LevelOrderBookLevel(price=43,quantity=134)
22:53:37.299 [main] INFO  c.o.v.MutatingMatchOneMarketDataOrderVisitor - [ORDERBOOK] Can't match order:MktData(price=43,quantity=134)(MktData(price=98,quantity=154))
22:53:37.299 [main] INFO  c.o.v.MutatingRemoveAllMarketDataOrdersVisitor - [ORDERBOOK] Removing market data order:MktData(price=98,quantity=501)
22:53:37.299 [main] INFO  c.o.v.MutatingRemoveAllMarketDataOrdersVisitor - [ORDERBOOK] Removing level:98
22:53:37.299 [main] INFO  c.o.v.MutatingRemoveAllMarketDataOrdersVisitor - [ORDERBOOK] Removing market data order:MktData(price=101,quantity=200)
22:53:37.299 [main] INFO  c.o.v.MutatingRemoveAllMarketDataOrdersVisitor - [ORDERBOOK] Removing level:101
22:53:37.299 [main] INFO  c.o.v.MutatingRemoveAllMarketDataOrdersVisitor - [ORDERBOOK] Removing market data order:MktData(price=110,quantity=5000)
22:53:37.299 [main] INFO  c.o.v.MutatingRemoveAllMarketDataOrdersVisitor - [ORDERBOOK] Removing level:110
22:53:37.299 [main] INFO  c.o.v.MutatingRemoveAllMarketDataOrdersVisitor - [ORDERBOOK] Removing market data order:MktData(price=119,quantity=5600)
22:53:37.299 [main] INFO  c.o.v.MutatingRemoveAllMarketDataOrdersVisitor - [ORDERBOOK] Removing level:119
22:53:37.299 [main] INFO  c.o.v.MutatingRemoveAllMarketDataOrdersVisitor - [ORDERBOOK] Removing market data order:MktData(price=123,quantity=453)
22:53:37.299 [main] INFO  c.o.v.MutatingRemoveAllMarketDataOrdersVisitor - [ORDERBOOK] Removing level:123
22:53:37.299 [main] INFO  c.o.v.MutatingRemoveAllMarketDataOrdersVisitor - [ORDERBOOK] Removing market data order:MktData(price=144,quantity=645)
22:53:37.299 [main] INFO  c.o.v.MutatingRemoveAllMarketDataOrdersVisitor - [ORDERBOOK] Removing level:144
22:53:37.299 [main] INFO  c.o.v.MutatingRemoveAllMarketDataOrdersVisitor - [ORDERBOOK] Removing market data order:MktData(price=167,quantity=665)
22:53:37.299 [main] INFO  c.o.v.MutatingRemoveAllMarketDataOrdersVisitor - [ORDERBOOK] Removing level:167
22:53:37.299 [main] DEBUG c.orderbook.OrderBook - [ORDERBOOK] ASK: Adding orderMktData(price=98,quantity=501)
22:53:37.299 [main] DEBUG c.orderbook.OrderBook - [ORDERBOOK] ASK: Adding orderMktData(price=101,quantity=200)
22:53:37.299 [main] DEBUG c.orderbook.OrderBook - [ORDERBOOK] ASK: Adding orderMktData(price=110,quantity=5000)
22:53:37.299 [main] DEBUG c.orderbook.OrderBook - [ORDERBOOK] ASK: Adding orderMktData(price=119,quantity=5600)
22:53:37.299 [main] DEBUG c.orderbook.OrderBook - [ORDERBOOK] ASK: Adding orderMktData(price=123,quantity=453)
22:53:37.299 [main] DEBUG c.orderbook.OrderBook - [ORDERBOOK] ASK: Adding orderMktData(price=144,quantity=645)
22:53:37.301 [main] DEBUG c.orderbook.OrderBook - [ORDERBOOK] ASK: Adding orderMktData(price=167,quantity=665)
22:53:37.301 [main] DEBUG c.service.MarketDataService - [ALGO] BID: price:43 quantity:134
22:53:37.301 [main] DEBUG c.service.MarketDataService - [ALGO] BID: price:76 quantity:145
22:53:37.301 [main] DEBUG c.service.MarketDataService - [ALGO] BID: price:91 quantity:300
22:53:37.301 [main] DEBUG c.service.MarketDataService - [ALGO] BID: price:93 quantity:200
22:53:37.301 [main] DEBUG c.service.MarketDataService - [ALGO] BID: price:95 quantity:100
22:53:37.301 [main] DEBUG c.service.MarketDataService - [ALGO] BID: price:98 quantity:154
22:53:37.301 [main] DEBUG c.service.MarketDataService - [ALGO] ASK: price:98 quantity:501
22:53:37.301 [main] DEBUG c.service.MarketDataService - [ALGO] ASK: price:101 quantity:200
22:53:37.301 [main] DEBUG c.service.MarketDataService - [ALGO] ASK: price:110 quantity:5000
22:53:37.301 [main] DEBUG c.service.MarketDataService - [ALGO] ASK: price:119 quantity:5600
22:53:37.301 [main] DEBUG c.service.MarketDataService - [ALGO] ASK: price:123 quantity:453
22:53:37.301 [main] DEBUG c.service.MarketDataService - [ALGO] ASK: price:144 quantity:645
22:53:37.301 [main] DEBUG c.service.MarketDataService - [ALGO] ASK: price:167 quantity:665
22:53:37.301 [main] INFO  c.gettingstarted.MyAlgoLogic - [MYALGO] The state of the order book is:
|----BID-----||----ASK----|
    134 @ 43    501 @ 98
    145 @ 76   200 @ 101
    300 @ 91  5000 @ 110
    200 @ 93  5600 @ 119
    100 @ 95   453 @ 123
    154 @ 98   645 @ 144
          -    665 @ 167
|------------||-----------|

22:53:37.301 [main] INFO  c.gettingstarted.MyAlgoLogic - [MYALGO] Algo Sees Book as: 
|----BID-----||----ASK----|
    134 @ 43    501 @ 98
    145 @ 76   200 @ 101
    300 @ 91  5000 @ 110
    200 @ 93  5600 @ 119
    100 @ 95   453 @ 123
    154 @ 98   645 @ 144
          -    665 @ 167
|------------||-----------|

22:53:37.301 [main] INFO  c.gettingstarted.TimedLogic - [TIMEDLOGIC] Market is closed
22:53:37.301 [main] INFO  c.sequencer.consumer.LoggingConsumer - [217] 
|----BID-----|
    134 @ 43
    145 @ 76
    300 @ 91
    200 @ 93
    100 @ 95
    154 @ 98
|----ASK-----|
    501 @ 98
   200 @ 101
  5000 @ 110
  5600 @ 119
   453 @ 123
   645 @ 144
   665 @ 167

22:53:37.301 [main] INFO  c.orderbook.OrderBook - [ORDERBOOK] Processing Mkt Data Update
22:53:37.301 [main] INFO  c.o.v.MutatingRemoveAllMarketDataOrdersVisitor - [ORDERBOOK] Removing market data order:MktData(price=43,quantity=134)
22:53:37.301 [main] INFO  c.o.v.MutatingRemoveAllMarketDataOrdersVisitor - [ORDERBOOK] Removing level:43
22:53:37.301 [main] DEBUG c.orderbook.OrderBook - [ORDERBOOK] ASK: Adding orderMktData(price=43,quantity=134)
22:53:37.301 [main] DEBUG c.orderbook.OrderBook - [ORDERBOOK] ASK: Adding orderMktData(price=76,quantity=145)
22:53:37.301 [main] DEBUG c.orderbook.OrderBook - [ORDERBOOK] ASK: Adding orderMktData(price=91,quantity=300)
22:53:37.301 [main] DEBUG c.orderbook.OrderBook - [ORDERBOOK] ASK: Adding orderMktData(price=93,quantity=200)
22:53:37.301 [main] DEBUG c.orderbook.OrderBook - [ORDERBOOK] ASK: Adding orderMktData(price=95,quantity=100)
22:53:37.301 [main] DEBUG c.orderbook.OrderBook - [ORDERBOOK] ASK: Adding orderMktData(price=98,quantity=154)
22:53:37.301 [main] INFO  c.o.v.MutatingMatchOneMarketDataOrderVisitor - [ORDERBOOK] visiting LevelOrderBookLevel(price=43,quantity=134)
22:53:37.301 [main] INFO  c.o.v.MutatingMatchOneMarketDataOrderVisitor - [ORDERBOOK] Can't match order:MktData(price=43,quantity=134)(MktData(price=98,quantity=154))
22:53:37.301 [main] INFO  c.o.v.MutatingRemoveAllMarketDataOrdersVisitor - [ORDERBOOK] Removing market data order:MktData(price=98,quantity=501)
22:53:37.301 [main] INFO  c.o.v.MutatingRemoveAllMarketDataOrdersVisitor - [ORDERBOOK] Removing level:98
22:53:37.301 [main] INFO  c.o.v.MutatingRemoveAllMarketDataOrdersVisitor - [ORDERBOOK] Removing market data order:MktData(price=101,quantity=200)
22:53:37.301 [main] INFO  c.o.v.MutatingRemoveAllMarketDataOrdersVisitor - [ORDERBOOK] Removing level:101
22:53:37.301 [main] INFO  c.o.v.MutatingRemoveAllMarketDataOrdersVisitor - [ORDERBOOK] Removing market data order:MktData(price=110,quantity=5000)
22:53:37.301 [main] INFO  c.o.v.MutatingRemoveAllMarketDataOrdersVisitor - [ORDERBOOK] Removing level:110
22:53:37.301 [main] INFO  c.o.v.MutatingRemoveAllMarketDataOrdersVisitor - [ORDERBOOK] Removing market data order:MktData(price=119,quantity=5600)
22:53:37.301 [main] INFO  c.o.v.MutatingRemoveAllMarketDataOrdersVisitor - [ORDERBOOK] Removing level:119
22:53:37.301 [main] INFO  c.o.v.MutatingRemoveAllMarketDataOrdersVisitor - [ORDERBOOK] Removing market data order:MktData(price=123,quantity=453)
22:53:37.301 [main] INFO  c.o.v.MutatingRemoveAllMarketDataOrdersVisitor - [ORDERBOOK] Removing level:123
22:53:37.301 [main] INFO  c.o.v.MutatingRemoveAllMarketDataOrdersVisitor - [ORDERBOOK] Removing market data order:MktData(price=144,quantity=645)
22:53:37.301 [main] INFO  c.o.v.MutatingRemoveAllMarketDataOrdersVisitor - [ORDERBOOK] Removing level:144
22:53:37.301 [main] INFO  c.o.v.MutatingRemoveAllMarketDataOrdersVisitor - [ORDERBOOK] Removing market data order:MktData(price=167,quantity=665)
22:53:37.301 [main] INFO  c.o.v.MutatingRemoveAllMarketDataOrdersVisitor - [ORDERBOOK] Removing level:167
22:53:37.301 [main] DEBUG c.orderbook.OrderBook - [ORDERBOOK] ASK: Adding orderMktData(price=98,quantity=501)
22:53:37.301 [main] DEBUG c.orderbook.OrderBook - [ORDERBOOK] ASK: Adding orderMktData(price=101,quantity=200)
22:53:37.301 [main] DEBUG c.orderbook.OrderBook - [ORDERBOOK] ASK: Adding orderMktData(price=110,quantity=5000)
22:53:37.301 [main] DEBUG c.orderbook.OrderBook - [ORDERBOOK] ASK: Adding orderMktData(price=119,quantity=5600)
22:53:37.301 [main] DEBUG c.orderbook.OrderBook - [ORDERBOOK] ASK: Adding orderMktData(price=123,quantity=453)
22:53:37.301 [main] DEBUG c.orderbook.OrderBook - [ORDERBOOK] ASK: Adding orderMktData(price=144,quantity=645)
22:53:37.301 [main] DEBUG c.orderbook.OrderBook - [ORDERBOOK] ASK: Adding orderMktData(price=167,quantity=665)
22:53:37.301 [main] DEBUG c.service.MarketDataService - [ALGO] BID: price:43 quantity:134
22:53:37.301 [main] DEBUG c.service.MarketDataService - [ALGO] BID: price:76 quantity:145
22:53:37.301 [main] DEBUG c.service.MarketDataService - [ALGO] BID: price:91 quantity:300
22:53:37.301 [main] DEBUG c.service.MarketDataService - [ALGO] BID: price:93 quantity:200
22:53:37.301 [main] DEBUG c.service.MarketDataService - [ALGO] BID: price:95 quantity:100
22:53:37.301 [main] DEBUG c.service.MarketDataService - [ALGO] BID: price:98 quantity:154
22:53:37.301 [main] DEBUG c.service.MarketDataService - [ALGO] ASK: price:98 quantity:501
22:53:37.301 [main] DEBUG c.service.MarketDataService - [ALGO] ASK: price:101 quantity:200
22:53:37.301 [main] DEBUG c.service.MarketDataService - [ALGO] ASK: price:110 quantity:5000
22:53:37.301 [main] DEBUG c.service.MarketDataService - [ALGO] ASK: price:119 quantity:5600
22:53:37.301 [main] DEBUG c.service.MarketDataService - [ALGO] ASK: price:123 quantity:453
22:53:37.301 [main] DEBUG c.service.MarketDataService - [ALGO] ASK: price:144 quantity:645
22:53:37.301 [main] DEBUG c.service.MarketDataService - [ALGO] ASK: price:167 quantity:665
22:53:37.301 [main] INFO  c.gettingstarted.MyAlgoLogic - [MYALGO] The state of the order book is:
|----BID-----||----ASK----|
    134 @ 43    501 @ 98
    145 @ 76   200 @ 101
    300 @ 91  5000 @ 110
    200 @ 93  5600 @ 119
    100 @ 95   453 @ 123
    154 @ 98   645 @ 144
          -    665 @ 167
|------------||-----------|

22:53:37.301 [main] INFO  c.gettingstarted.MyAlgoLogic - [MYALGO] Algo Sees Book as: 
|----BID-----||----ASK----|
    134 @ 43    501 @ 98
    145 @ 76   200 @ 101
    300 @ 91  5000 @ 110
    200 @ 93  5600 @ 119
    100 @ 95   453 @ 123
    154 @ 98   645 @ 144
          -    665 @ 167
|------------||-----------|

22:53:37.301 [main] INFO  c.gettingstarted.TimedLogic - [TIMEDLOGIC] Market is closed
22:53:37.301 [main] INFO  c.sequencer.consumer.LoggingConsumer - [218] 
|----BID-----|
    134 @ 43
    145 @ 76
    300 @ 91
    200 @ 93
    100 @ 95
    154 @ 98
|----ASK-----|
    501 @ 98
   200 @ 101
  5000 @ 110
  5600 @ 119
   453 @ 123
   645 @ 144
   665 @ 167

22:53:37.301 [main] INFO  c.orderbook.OrderBook - [ORDERBOOK] Processing Mkt Data Update
22:53:37.301 [main] INFO  c.o.v.MutatingRemoveAllMarketDataOrdersVisitor - [ORDERBOOK] Removing market data order:MktData(price=43,quantity=134)
22:53:37.301 [main] INFO  c.o.v.MutatingRemoveAllMarketDataOrdersVisitor - [ORDERBOOK] Removing level:43
22:53:37.301 [main] DEBUG c.orderbook.OrderBook - [ORDERBOOK] ASK: Adding orderMktData(price=43,quantity=134)
22:53:37.301 [main] DEBUG c.orderbook.OrderBook - [ORDERBOOK] ASK: Adding orderMktData(price=76,quantity=145)
22:53:37.301 [main] DEBUG c.orderbook.OrderBook - [ORDERBOOK] ASK: Adding orderMktData(price=91,quantity=300)
22:53:37.301 [main] DEBUG c.orderbook.OrderBook - [ORDERBOOK] ASK: Adding orderMktData(price=93,quantity=200)
22:53:37.301 [main] DEBUG c.orderbook.OrderBook - [ORDERBOOK] ASK: Adding orderMktData(price=95,quantity=100)
22:53:37.301 [main] DEBUG c.orderbook.OrderBook - [ORDERBOOK] ASK: Adding orderMktData(price=98,quantity=154)
22:53:37.301 [main] INFO  c.o.v.MutatingMatchOneMarketDataOrderVisitor - [ORDERBOOK] visiting LevelOrderBookLevel(price=43,quantity=134)
22:53:37.301 [main] INFO  c.o.v.MutatingMatchOneMarketDataOrderVisitor - [ORDERBOOK] Can't match order:MktData(price=43,quantity=134)(MktData(price=98,quantity=154))
22:53:37.301 [main] INFO  c.o.v.MutatingRemoveAllMarketDataOrdersVisitor - [ORDERBOOK] Removing market data order:MktData(price=98,quantity=501)
22:53:37.301 [main] INFO  c.o.v.MutatingRemoveAllMarketDataOrdersVisitor - [ORDERBOOK] Removing level:98
22:53:37.301 [main] INFO  c.o.v.MutatingRemoveAllMarketDataOrdersVisitor - [ORDERBOOK] Removing market data order:MktData(price=101,quantity=200)
22:53:37.301 [main] INFO  c.o.v.MutatingRemoveAllMarketDataOrdersVisitor - [ORDERBOOK] Removing level:101
22:53:37.301 [main] INFO  c.o.v.MutatingRemoveAllMarketDataOrdersVisitor - [ORDERBOOK] Removing market data order:MktData(price=110,quantity=5000)
22:53:37.301 [main] INFO  c.o.v.MutatingRemoveAllMarketDataOrdersVisitor - [ORDERBOOK] Removing level:110
22:53:37.301 [main] INFO  c.o.v.MutatingRemoveAllMarketDataOrdersVisitor - [ORDERBOOK] Removing market data order:MktData(price=119,quantity=5600)
22:53:37.301 [main] INFO  c.o.v.MutatingRemoveAllMarketDataOrdersVisitor - [ORDERBOOK] Removing level:119
22:53:37.301 [main] INFO  c.o.v.MutatingRemoveAllMarketDataOrdersVisitor - [ORDERBOOK] Removing market data order:MktData(price=123,quantity=453)
22:53:37.301 [main] INFO  c.o.v.MutatingRemoveAllMarketDataOrdersVisitor - [ORDERBOOK] Removing level:123
22:53:37.301 [main] INFO  c.o.v.MutatingRemoveAllMarketDataOrdersVisitor - [ORDERBOOK] Removing market data order:MktData(price=144,quantity=645)
22:53:37.301 [main] INFO  c.o.v.MutatingRemoveAllMarketDataOrdersVisitor - [ORDERBOOK] Removing level:144
22:53:37.301 [main] INFO  c.o.v.MutatingRemoveAllMarketDataOrdersVisitor - [ORDERBOOK] Removing market data order:MktData(price=167,quantity=665)
22:53:37.301 [main] INFO  c.o.v.MutatingRemoveAllMarketDataOrdersVisitor - [ORDERBOOK] Removing level:167
22:53:37.301 [main] DEBUG c.orderbook.OrderBook - [ORDERBOOK] ASK: Adding orderMktData(price=98,quantity=501)
22:53:37.301 [main] DEBUG c.orderbook.OrderBook - [ORDERBOOK] ASK: Adding orderMktData(price=101,quantity=200)
22:53:37.301 [main] DEBUG c.orderbook.OrderBook - [ORDERBOOK] ASK: Adding orderMktData(price=110,quantity=5000)
22:53:37.301 [main] DEBUG c.orderbook.OrderBook - [ORDERBOOK] ASK: Adding orderMktData(price=119,quantity=5600)
22:53:37.301 [main] DEBUG c.orderbook.OrderBook - [ORDERBOOK] ASK: Adding orderMktData(price=123,quantity=453)
22:53:37.301 [main] DEBUG c.orderbook.OrderBook - [ORDERBOOK] ASK: Adding orderMktData(price=144,quantity=645)
22:53:37.301 [main] DEBUG c.orderbook.OrderBook - [ORDERBOOK] ASK: Adding orderMktData(price=167,quantity=665)
22:53:37.301 [main] DEBUG c.service.MarketDataService - [ALGO] BID: price:43 quantity:134
22:53:37.301 [main] DEBUG c.service.MarketDataService - [ALGO] BID: price:76 quantity:145
22:53:37.301 [main] DEBUG c.service.MarketDataService - [ALGO] BID: price:91 quantity:300
22:53:37.301 [main] DEBUG c.service.MarketDataService - [ALGO] BID: price:93 quantity:200
22:53:37.301 [main] DEBUG c.service.MarketDataService - [ALGO] BID: price:95 quantity:100
22:53:37.301 [main] DEBUG c.service.MarketDataService - [ALGO] BID: price:98 quantity:154
22:53:37.301 [main] DEBUG c.service.MarketDataService - [ALGO] ASK: price:98 quantity:501
22:53:37.301 [main] DEBUG c.service.MarketDataService - [ALGO] ASK: price:101 quantity:200
22:53:37.301 [main] DEBUG c.service.MarketDataService - [ALGO] ASK: price:110 quantity:5000
22:53:37.301 [main] DEBUG c.service.MarketDataService - [ALGO] ASK: price:119 quantity:5600
22:53:37.301 [main] DEBUG c.service.MarketDataService - [ALGO] ASK: price:123 quantity:453
22:53:37.301 [main] DEBUG c.service.MarketDataService - [ALGO] ASK: price:144 quantity:645
22:53:37.301 [main] DEBUG c.service.MarketDataService - [ALGO] ASK: price:167 quantity:665
22:53:37.301 [main] INFO  c.gettingstarted.MyAlgoLogic - [MYALGO] The state of the order book is:
|----BID-----||----ASK----|
    134 @ 43    501 @ 98
    145 @ 76   200 @ 101
    300 @ 91  5000 @ 110
    200 @ 93  5600 @ 119
    100 @ 95   453 @ 123
    154 @ 98   645 @ 144
          -    665 @ 167
|------------||-----------|

22:53:37.301 [main] INFO  c.gettingstarted.MyAlgoLogic - [MYALGO] Algo Sees Book as: 
|----BID-----||----ASK----|
    134 @ 43    501 @ 98
    145 @ 76   200 @ 101
    300 @ 91  5000 @ 110
    200 @ 93  5600 @ 119
    100 @ 95   453 @ 123
    154 @ 98   645 @ 144
          -    665 @ 167
|------------||-----------|

22:53:37.301 [main] INFO  c.gettingstarted.TimedLogic - [TIMEDLOGIC] Market is closed
22:53:37.301 [main] INFO  c.sequencer.consumer.LoggingConsumer - [219] 
|----BID-----|
    134 @ 43
    145 @ 76
    300 @ 91
    200 @ 93
    100 @ 95
    154 @ 98
|----ASK-----|
    501 @ 98
   200 @ 101
  5000 @ 110
  5600 @ 119
   453 @ 123
   645 @ 144
   665 @ 167

22:53:37.301 [main] INFO  c.orderbook.OrderBook - [ORDERBOOK] Processing Mkt Data Update
22:53:37.301 [main] INFO  c.o.v.MutatingRemoveAllMarketDataOrdersVisitor - [ORDERBOOK] Removing market data order:MktData(price=43,quantity=134)
22:53:37.301 [main] INFO  c.o.v.MutatingRemoveAllMarketDataOrdersVisitor - [ORDERBOOK] Removing level:43
22:53:37.301 [main] DEBUG c.orderbook.OrderBook - [ORDERBOOK] ASK: Adding orderMktData(price=43,quantity=134)
22:53:37.301 [main] DEBUG c.orderbook.OrderBook - [ORDERBOOK] ASK: Adding orderMktData(price=76,quantity=145)
22:53:37.301 [main] DEBUG c.orderbook.OrderBook - [ORDERBOOK] ASK: Adding orderMktData(price=91,quantity=300)
22:53:37.301 [main] DEBUG c.orderbook.OrderBook - [ORDERBOOK] ASK: Adding orderMktData(price=93,quantity=200)
22:53:37.301 [main] DEBUG c.orderbook.OrderBook - [ORDERBOOK] ASK: Adding orderMktData(price=95,quantity=100)
22:53:37.301 [main] DEBUG c.orderbook.OrderBook - [ORDERBOOK] ASK: Adding orderMktData(price=98,quantity=154)
22:53:37.301 [main] INFO  c.o.v.MutatingMatchOneMarketDataOrderVisitor - [ORDERBOOK] visiting LevelOrderBookLevel(price=43,quantity=134)
22:53:37.301 [main] INFO  c.o.v.MutatingMatchOneMarketDataOrderVisitor - [ORDERBOOK] Can't match order:MktData(price=43,quantity=134)(MktData(price=98,quantity=154))
22:53:37.301 [main] INFO  c.o.v.MutatingRemoveAllMarketDataOrdersVisitor - [ORDERBOOK] Removing market data order:MktData(price=98,quantity=501)
22:53:37.301 [main] INFO  c.o.v.MutatingRemoveAllMarketDataOrdersVisitor - [ORDERBOOK] Removing level:98
22:53:37.301 [main] INFO  c.o.v.MutatingRemoveAllMarketDataOrdersVisitor - [ORDERBOOK] Removing market data order:MktData(price=101,quantity=200)
22:53:37.301 [main] INFO  c.o.v.MutatingRemoveAllMarketDataOrdersVisitor - [ORDERBOOK] Removing level:101
22:53:37.301 [main] INFO  c.o.v.MutatingRemoveAllMarketDataOrdersVisitor - [ORDERBOOK] Removing market data order:MktData(price=110,quantity=5000)
22:53:37.301 [main] INFO  c.o.v.MutatingRemoveAllMarketDataOrdersVisitor - [ORDERBOOK] Removing level:110
22:53:37.301 [main] INFO  c.o.v.MutatingRemoveAllMarketDataOrdersVisitor - [ORDERBOOK] Removing market data order:MktData(price=119,quantity=5600)
22:53:37.301 [main] INFO  c.o.v.MutatingRemoveAllMarketDataOrdersVisitor - [ORDERBOOK] Removing level:119
22:53:37.301 [main] INFO  c.o.v.MutatingRemoveAllMarketDataOrdersVisitor - [ORDERBOOK] Removing market data order:MktData(price=123,quantity=453)
22:53:37.301 [main] INFO  c.o.v.MutatingRemoveAllMarketDataOrdersVisitor - [ORDERBOOK] Removing level:123
22:53:37.301 [main] INFO  c.o.v.MutatingRemoveAllMarketDataOrdersVisitor - [ORDERBOOK] Removing market data order:MktData(price=144,quantity=645)
22:53:37.301 [main] INFO  c.o.v.MutatingRemoveAllMarketDataOrdersVisitor - [ORDERBOOK] Removing level:144
22:53:37.301 [main] INFO  c.o.v.MutatingRemoveAllMarketDataOrdersVisitor - [ORDERBOOK] Removing market data order:MktData(price=167,quantity=665)
22:53:37.301 [main] INFO  c.o.v.MutatingRemoveAllMarketDataOrdersVisitor - [ORDERBOOK] Removing level:167
22:53:37.301 [main] DEBUG c.orderbook.OrderBook - [ORDERBOOK] ASK: Adding orderMktData(price=98,quantity=501)
22:53:37.301 [main] DEBUG c.orderbook.OrderBook - [ORDERBOOK] ASK: Adding orderMktData(price=101,quantity=200)
22:53:37.301 [main] DEBUG c.orderbook.OrderBook - [ORDERBOOK] ASK: Adding orderMktData(price=110,quantity=5000)
22:53:37.301 [main] DEBUG c.orderbook.OrderBook - [ORDERBOOK] ASK: Adding orderMktData(price=119,quantity=5600)
22:53:37.301 [main] DEBUG c.orderbook.OrderBook - [ORDERBOOK] ASK: Adding orderMktData(price=123,quantity=453)
22:53:37.301 [main] DEBUG c.orderbook.OrderBook - [ORDERBOOK] ASK: Adding orderMktData(price=144,quantity=645)
22:53:37.301 [main] DEBUG c.orderbook.OrderBook - [ORDERBOOK] ASK: Adding orderMktData(price=167,quantity=665)
22:53:37.301 [main] DEBUG c.service.MarketDataService - [ALGO] BID: price:43 quantity:134
22:53:37.301 [main] DEBUG c.service.MarketDataService - [ALGO] BID: price:76 quantity:145
22:53:37.301 [main] DEBUG c.service.MarketDataService - [ALGO] BID: price:91 quantity:300
22:53:37.301 [main] DEBUG c.service.MarketDataService - [ALGO] BID: price:93 quantity:200
22:53:37.301 [main] DEBUG c.service.MarketDataService - [ALGO] BID: price:95 quantity:100
22:53:37.301 [main] DEBUG c.service.MarketDataService - [ALGO] BID: price:98 quantity:154
22:53:37.301 [main] DEBUG c.service.MarketDataService - [ALGO] ASK: price:98 quantity:501
22:53:37.301 [main] DEBUG c.service.MarketDataService - [ALGO] ASK: price:101 quantity:200
22:53:37.301 [main] DEBUG c.service.MarketDataService - [ALGO] ASK: price:110 quantity:5000
22:53:37.301 [main] DEBUG c.service.MarketDataService - [ALGO] ASK: price:119 quantity:5600
22:53:37.301 [main] DEBUG c.service.MarketDataService - [ALGO] ASK: price:123 quantity:453
22:53:37.301 [main] DEBUG c.service.MarketDataService - [ALGO] ASK: price:144 quantity:645
22:53:37.301 [main] DEBUG c.service.MarketDataService - [ALGO] ASK: price:167 quantity:665
22:53:37.301 [main] INFO  c.gettingstarted.MyAlgoLogic - [MYALGO] The state of the order book is:
|----BID-----||----ASK----|
    134 @ 43    501 @ 98
    145 @ 76   200 @ 101
    300 @ 91  5000 @ 110
    200 @ 93  5600 @ 119
    100 @ 95   453 @ 123
    154 @ 98   645 @ 144
          -    665 @ 167
|------------||-----------|

22:53:37.301 [main] INFO  c.gettingstarted.MyAlgoLogic - [MYALGO] Algo Sees Book as: 
|----BID-----||----ASK----|
    134 @ 43    501 @ 98
    145 @ 76   200 @ 101
    300 @ 91  5000 @ 110
    200 @ 93  5600 @ 119
    100 @ 95   453 @ 123
    154 @ 98   645 @ 144
          -    665 @ 167
|------------||-----------|

22:53:37.301 [main] INFO  c.gettingstarted.TimedLogic - [TIMEDLOGIC] Market is closed
22:53:37.303 [main] INFO  c.sequencer.consumer.LoggingConsumer - [220] 
|----BID-----|
    134 @ 43
    145 @ 76
    300 @ 91
    200 @ 93
    100 @ 95
    154 @ 98
|----ASK-----|
    501 @ 98
   200 @ 101
  5000 @ 110
  5600 @ 119
   453 @ 123
   645 @ 144
   665 @ 167

22:53:37.303 [main] INFO  c.orderbook.OrderBook - [ORDERBOOK] Processing Mkt Data Update
22:53:37.303 [main] INFO  c.o.v.MutatingRemoveAllMarketDataOrdersVisitor - [ORDERBOOK] Removing market data order:MktData(price=43,quantity=134)
22:53:37.303 [main] INFO  c.o.v.MutatingRemoveAllMarketDataOrdersVisitor - [ORDERBOOK] Removing level:43
22:53:37.303 [main] DEBUG c.orderbook.OrderBook - [ORDERBOOK] ASK: Adding orderMktData(price=43,quantity=134)
22:53:37.303 [main] DEBUG c.orderbook.OrderBook - [ORDERBOOK] ASK: Adding orderMktData(price=76,quantity=145)
22:53:37.303 [main] DEBUG c.orderbook.OrderBook - [ORDERBOOK] ASK: Adding orderMktData(price=91,quantity=300)
22:53:37.303 [main] DEBUG c.orderbook.OrderBook - [ORDERBOOK] ASK: Adding orderMktData(price=93,quantity=200)
22:53:37.303 [main] DEBUG c.orderbook.OrderBook - [ORDERBOOK] ASK: Adding orderMktData(price=95,quantity=100)
22:53:37.303 [main] DEBUG c.orderbook.OrderBook - [ORDERBOOK] ASK: Adding orderMktData(price=98,quantity=154)
22:53:37.303 [main] INFO  c.o.v.MutatingMatchOneMarketDataOrderVisitor - [ORDERBOOK] visiting LevelOrderBookLevel(price=43,quantity=134)
22:53:37.303 [main] INFO  c.o.v.MutatingMatchOneMarketDataOrderVisitor - [ORDERBOOK] Can't match order:MktData(price=43,quantity=134)(MktData(price=98,quantity=154))
22:53:37.303 [main] INFO  c.o.v.MutatingRemoveAllMarketDataOrdersVisitor - [ORDERBOOK] Removing market data order:MktData(price=98,quantity=501)
22:53:37.303 [main] INFO  c.o.v.MutatingRemoveAllMarketDataOrdersVisitor - [ORDERBOOK] Removing level:98
22:53:37.303 [main] INFO  c.o.v.MutatingRemoveAllMarketDataOrdersVisitor - [ORDERBOOK] Removing market data order:MktData(price=101,quantity=200)
22:53:37.303 [main] INFO  c.o.v.MutatingRemoveAllMarketDataOrdersVisitor - [ORDERBOOK] Removing level:101
22:53:37.303 [main] INFO  c.o.v.MutatingRemoveAllMarketDataOrdersVisitor - [ORDERBOOK] Removing market data order:MktData(price=110,quantity=5000)
22:53:37.303 [main] INFO  c.o.v.MutatingRemoveAllMarketDataOrdersVisitor - [ORDERBOOK] Removing level:110
22:53:37.303 [main] INFO  c.o.v.MutatingRemoveAllMarketDataOrdersVisitor - [ORDERBOOK] Removing market data order:MktData(price=119,quantity=5600)
22:53:37.303 [main] INFO  c.o.v.MutatingRemoveAllMarketDataOrdersVisitor - [ORDERBOOK] Removing level:119
22:53:37.303 [main] INFO  c.o.v.MutatingRemoveAllMarketDataOrdersVisitor - [ORDERBOOK] Removing market data order:MktData(price=123,quantity=453)
22:53:37.303 [main] INFO  c.o.v.MutatingRemoveAllMarketDataOrdersVisitor - [ORDERBOOK] Removing level:123
22:53:37.303 [main] INFO  c.o.v.MutatingRemoveAllMarketDataOrdersVisitor - [ORDERBOOK] Removing market data order:MktData(price=144,quantity=645)
22:53:37.303 [main] INFO  c.o.v.MutatingRemoveAllMarketDataOrdersVisitor - [ORDERBOOK] Removing level:144
22:53:37.303 [main] INFO  c.o.v.MutatingRemoveAllMarketDataOrdersVisitor - [ORDERBOOK] Removing market data order:MktData(price=167,quantity=665)
22:53:37.303 [main] INFO  c.o.v.MutatingRemoveAllMarketDataOrdersVisitor - [ORDERBOOK] Removing level:167
22:53:37.303 [main] DEBUG c.orderbook.OrderBook - [ORDERBOOK] ASK: Adding orderMktData(price=98,quantity=501)
22:53:37.303 [main] DEBUG c.orderbook.OrderBook - [ORDERBOOK] ASK: Adding orderMktData(price=101,quantity=200)
22:53:37.303 [main] DEBUG c.orderbook.OrderBook - [ORDERBOOK] ASK: Adding orderMktData(price=110,quantity=5000)
22:53:37.303 [main] DEBUG c.orderbook.OrderBook - [ORDERBOOK] ASK: Adding orderMktData(price=119,quantity=5600)
22:53:37.303 [main] DEBUG c.orderbook.OrderBook - [ORDERBOOK] ASK: Adding orderMktData(price=123,quantity=453)
22:53:37.303 [main] DEBUG c.orderbook.OrderBook - [ORDERBOOK] ASK: Adding orderMktData(price=144,quantity=645)
22:53:37.303 [main] DEBUG c.orderbook.OrderBook - [ORDERBOOK] ASK: Adding orderMktData(price=167,quantity=665)
22:53:37.303 [main] DEBUG c.service.MarketDataService - [ALGO] BID: price:43 quantity:134
22:53:37.303 [main] DEBUG c.service.MarketDataService - [ALGO] BID: price:76 quantity:145
22:53:37.303 [main] DEBUG c.service.MarketDataService - [ALGO] BID: price:91 quantity:300
22:53:37.303 [main] DEBUG c.service.MarketDataService - [ALGO] BID: price:93 quantity:200
22:53:37.303 [main] DEBUG c.service.MarketDataService - [ALGO] BID: price:95 quantity:100
22:53:37.303 [main] DEBUG c.service.MarketDataService - [ALGO] BID: price:98 quantity:154
22:53:37.303 [main] DEBUG c.service.MarketDataService - [ALGO] ASK: price:98 quantity:501
22:53:37.303 [main] DEBUG c.service.MarketDataService - [ALGO] ASK: price:101 quantity:200
22:53:37.303 [main] DEBUG c.service.MarketDataService - [ALGO] ASK: price:110 quantity:5000
22:53:37.303 [main] DEBUG c.service.MarketDataService - [ALGO] ASK: price:119 quantity:5600
22:53:37.303 [main] DEBUG c.service.MarketDataService - [ALGO] ASK: price:123 quantity:453
22:53:37.303 [main] DEBUG c.service.MarketDataService - [ALGO] ASK: price:144 quantity:645
22:53:37.303 [main] DEBUG c.service.MarketDataService - [ALGO] ASK: price:167 quantity:665
22:53:37.303 [main] INFO  c.gettingstarted.MyAlgoLogic - [MYALGO] The state of the order book is:
|----BID-----||----ASK----|
    134 @ 43    501 @ 98
    145 @ 76   200 @ 101
    300 @ 91  5000 @ 110
    200 @ 93  5600 @ 119
    100 @ 95   453 @ 123
    154 @ 98   645 @ 144
          -    665 @ 167
|------------||-----------|

22:53:37.303 [main] INFO  c.gettingstarted.MyAlgoLogic - [MYALGO] Algo Sees Book as: 
|----BID-----||----ASK----|
    134 @ 43    501 @ 98
    145 @ 76   200 @ 101
    300 @ 91  5000 @ 110
    200 @ 93  5600 @ 119
    100 @ 95   453 @ 123
    154 @ 98   645 @ 144
          -    665 @ 167
|------------||-----------|

22:53:37.303 [main] INFO  c.gettingstarted.TimedLogic - [TIMEDLOGIC] Market is closed
22:53:37.303 [main] INFO  c.sequencer.consumer.LoggingConsumer - [221] 
|----BID-----|
    134 @ 43
    145 @ 76
    300 @ 91
    200 @ 93
    100 @ 95
    154 @ 98
|----ASK-----|
    501 @ 98
   200 @ 101
  5000 @ 110
  5600 @ 119
   453 @ 123
   645 @ 144
   665 @ 167

22:53:37.303 [main] INFO  c.orderbook.OrderBook - [ORDERBOOK] Processing Mkt Data Update
22:53:37.303 [main] INFO  c.o.v.MutatingRemoveAllMarketDataOrdersVisitor - [ORDERBOOK] Removing market data order:MktData(price=43,quantity=134)
22:53:37.303 [main] INFO  c.o.v.MutatingRemoveAllMarketDataOrdersVisitor - [ORDERBOOK] Removing level:43
22:53:37.303 [main] DEBUG c.orderbook.OrderBook - [ORDERBOOK] ASK: Adding orderMktData(price=43,quantity=134)
22:53:37.303 [main] DEBUG c.orderbook.OrderBook - [ORDERBOOK] ASK: Adding orderMktData(price=76,quantity=145)
22:53:37.303 [main] DEBUG c.orderbook.OrderBook - [ORDERBOOK] ASK: Adding orderMktData(price=91,quantity=300)
22:53:37.303 [main] DEBUG c.orderbook.OrderBook - [ORDERBOOK] ASK: Adding orderMktData(price=93,quantity=200)
22:53:37.303 [main] DEBUG c.orderbook.OrderBook - [ORDERBOOK] ASK: Adding orderMktData(price=95,quantity=100)
22:53:37.303 [main] DEBUG c.orderbook.OrderBook - [ORDERBOOK] ASK: Adding orderMktData(price=98,quantity=154)
22:53:37.303 [main] INFO  c.o.v.MutatingMatchOneMarketDataOrderVisitor - [ORDERBOOK] visiting LevelOrderBookLevel(price=43,quantity=134)
22:53:37.303 [main] INFO  c.o.v.MutatingMatchOneMarketDataOrderVisitor - [ORDERBOOK] Can't match order:MktData(price=43,quantity=134)(MktData(price=98,quantity=154))
22:53:37.303 [main] INFO  c.o.v.MutatingRemoveAllMarketDataOrdersVisitor - [ORDERBOOK] Removing market data order:MktData(price=98,quantity=501)
22:53:37.303 [main] INFO  c.o.v.MutatingRemoveAllMarketDataOrdersVisitor - [ORDERBOOK] Removing level:98
22:53:37.303 [main] INFO  c.o.v.MutatingRemoveAllMarketDataOrdersVisitor - [ORDERBOOK] Removing market data order:MktData(price=101,quantity=200)
22:53:37.303 [main] INFO  c.o.v.MutatingRemoveAllMarketDataOrdersVisitor - [ORDERBOOK] Removing level:101
22:53:37.303 [main] INFO  c.o.v.MutatingRemoveAllMarketDataOrdersVisitor - [ORDERBOOK] Removing market data order:MktData(price=110,quantity=5000)
22:53:37.303 [main] INFO  c.o.v.MutatingRemoveAllMarketDataOrdersVisitor - [ORDERBOOK] Removing level:110
22:53:37.303 [main] INFO  c.o.v.MutatingRemoveAllMarketDataOrdersVisitor - [ORDERBOOK] Removing market data order:MktData(price=119,quantity=5600)
22:53:37.303 [main] INFO  c.o.v.MutatingRemoveAllMarketDataOrdersVisitor - [ORDERBOOK] Removing level:119
22:53:37.303 [main] INFO  c.o.v.MutatingRemoveAllMarketDataOrdersVisitor - [ORDERBOOK] Removing market data order:MktData(price=123,quantity=453)
22:53:37.303 [main] INFO  c.o.v.MutatingRemoveAllMarketDataOrdersVisitor - [ORDERBOOK] Removing level:123
22:53:37.303 [main] INFO  c.o.v.MutatingRemoveAllMarketDataOrdersVisitor - [ORDERBOOK] Removing market data order:MktData(price=144,quantity=645)
22:53:37.303 [main] INFO  c.o.v.MutatingRemoveAllMarketDataOrdersVisitor - [ORDERBOOK] Removing level:144
22:53:37.303 [main] INFO  c.o.v.MutatingRemoveAllMarketDataOrdersVisitor - [ORDERBOOK] Removing market data order:MktData(price=167,quantity=665)
22:53:37.303 [main] INFO  c.o.v.MutatingRemoveAllMarketDataOrdersVisitor - [ORDERBOOK] Removing level:167
22:53:37.303 [main] DEBUG c.orderbook.OrderBook - [ORDERBOOK] ASK: Adding orderMktData(price=98,quantity=501)
22:53:37.303 [main] DEBUG c.orderbook.OrderBook - [ORDERBOOK] ASK: Adding orderMktData(price=101,quantity=200)
22:53:37.303 [main] DEBUG c.orderbook.OrderBook - [ORDERBOOK] ASK: Adding orderMktData(price=110,quantity=5000)
22:53:37.305 [main] DEBUG c.orderbook.OrderBook - [ORDERBOOK] ASK: Adding orderMktData(price=119,quantity=5600)
22:53:37.305 [main] DEBUG c.orderbook.OrderBook - [ORDERBOOK] ASK: Adding orderMktData(price=123,quantity=453)
22:53:37.305 [main] DEBUG c.orderbook.OrderBook - [ORDERBOOK] ASK: Adding orderMktData(price=144,quantity=645)
22:53:37.305 [main] DEBUG c.orderbook.OrderBook - [ORDERBOOK] ASK: Adding orderMktData(price=167,quantity=665)
22:53:37.305 [main] DEBUG c.service.MarketDataService - [ALGO] BID: price:43 quantity:134
22:53:37.305 [main] DEBUG c.service.MarketDataService - [ALGO] BID: price:76 quantity:145
22:53:37.305 [main] DEBUG c.service.MarketDataService - [ALGO] BID: price:91 quantity:300
22:53:37.305 [main] DEBUG c.service.MarketDataService - [ALGO] BID: price:93 quantity:200
22:53:37.305 [main] DEBUG c.service.MarketDataService - [ALGO] BID: price:95 quantity:100
22:53:37.305 [main] DEBUG c.service.MarketDataService - [ALGO] BID: price:98 quantity:154
22:53:37.305 [main] DEBUG c.service.MarketDataService - [ALGO] ASK: price:98 quantity:501
22:53:37.305 [main] DEBUG c.service.MarketDataService - [ALGO] ASK: price:101 quantity:200
22:53:37.305 [main] DEBUG c.service.MarketDataService - [ALGO] ASK: price:110 quantity:5000
22:53:37.305 [main] DEBUG c.service.MarketDataService - [ALGO] ASK: price:119 quantity:5600
22:53:37.305 [main] DEBUG c.service.MarketDataService - [ALGO] ASK: price:123 quantity:453
22:53:37.305 [main] DEBUG c.service.MarketDataService - [ALGO] ASK: price:144 quantity:645
22:53:37.305 [main] DEBUG c.service.MarketDataService - [ALGO] ASK: price:167 quantity:665
22:53:37.305 [main] INFO  c.gettingstarted.MyAlgoLogic - [MYALGO] The state of the order book is:
|----BID-----||----ASK----|
    134 @ 43    501 @ 98
    145 @ 76   200 @ 101
    300 @ 91  5000 @ 110
    200 @ 93  5600 @ 119
    100 @ 95   453 @ 123
    154 @ 98   645 @ 144
          -    665 @ 167
|------------||-----------|

22:53:37.305 [main] INFO  c.gettingstarted.MyAlgoLogic - [MYALGO] Algo Sees Book as: 
|----BID-----||----ASK----|
    134 @ 43    501 @ 98
    145 @ 76   200 @ 101
    300 @ 91  5000 @ 110
    200 @ 93  5600 @ 119
    100 @ 95   453 @ 123
    154 @ 98   645 @ 144
          -    665 @ 167
|------------||-----------|

22:53:37.306 [main] INFO  c.gettingstarted.TimedLogic - [TIMEDLOGIC] Market is closed
22:53:37.306 [main] INFO  c.sequencer.consumer.LoggingConsumer - [222] 
|----BID-----|
    134 @ 43
    145 @ 76
    300 @ 91
    200 @ 93
    100 @ 95
    154 @ 98
|----ASK-----|
    501 @ 98
   200 @ 101
  5000 @ 110
  5600 @ 119
   453 @ 123
   645 @ 144
   665 @ 167

22:53:37.307 [main] INFO  c.orderbook.OrderBook - [ORDERBOOK] Processing Mkt Data Update
22:53:37.307 [main] INFO  c.o.v.MutatingRemoveAllMarketDataOrdersVisitor - [ORDERBOOK] Removing market data order:MktData(price=43,quantity=134)
22:53:37.307 [main] INFO  c.o.v.MutatingRemoveAllMarketDataOrdersVisitor - [ORDERBOOK] Removing level:43
22:53:37.307 [main] DEBUG c.orderbook.OrderBook - [ORDERBOOK] ASK: Adding orderMktData(price=43,quantity=134)
22:53:37.307 [main] DEBUG c.orderbook.OrderBook - [ORDERBOOK] ASK: Adding orderMktData(price=76,quantity=145)
22:53:37.307 [main] DEBUG c.orderbook.OrderBook - [ORDERBOOK] ASK: Adding orderMktData(price=91,quantity=300)
22:53:37.307 [main] DEBUG c.orderbook.OrderBook - [ORDERBOOK] ASK: Adding orderMktData(price=93,quantity=200)
22:53:37.307 [main] DEBUG c.orderbook.OrderBook - [ORDERBOOK] ASK: Adding orderMktData(price=95,quantity=100)
22:53:37.307 [main] DEBUG c.orderbook.OrderBook - [ORDERBOOK] ASK: Adding orderMktData(price=98,quantity=154)
22:53:37.307 [main] INFO  c.o.v.MutatingMatchOneMarketDataOrderVisitor - [ORDERBOOK] visiting LevelOrderBookLevel(price=43,quantity=134)
22:53:37.307 [main] INFO  c.o.v.MutatingMatchOneMarketDataOrderVisitor - [ORDERBOOK] Can't match order:MktData(price=43,quantity=134)(MktData(price=98,quantity=154))
22:53:37.307 [main] INFO  c.o.v.MutatingRemoveAllMarketDataOrdersVisitor - [ORDERBOOK] Removing market data order:MktData(price=98,quantity=501)
22:53:37.307 [main] INFO  c.o.v.MutatingRemoveAllMarketDataOrdersVisitor - [ORDERBOOK] Removing level:98
22:53:37.307 [main] INFO  c.o.v.MutatingRemoveAllMarketDataOrdersVisitor - [ORDERBOOK] Removing market data order:MktData(price=101,quantity=200)
22:53:37.307 [main] INFO  c.o.v.MutatingRemoveAllMarketDataOrdersVisitor - [ORDERBOOK] Removing level:101
22:53:37.307 [main] INFO  c.o.v.MutatingRemoveAllMarketDataOrdersVisitor - [ORDERBOOK] Removing market data order:MktData(price=110,quantity=5000)
22:53:37.307 [main] INFO  c.o.v.MutatingRemoveAllMarketDataOrdersVisitor - [ORDERBOOK] Removing level:110
22:53:37.307 [main] INFO  c.o.v.MutatingRemoveAllMarketDataOrdersVisitor - [ORDERBOOK] Removing market data order:MktData(price=119,quantity=5600)
22:53:37.307 [main] INFO  c.o.v.MutatingRemoveAllMarketDataOrdersVisitor - [ORDERBOOK] Removing level:119
22:53:37.307 [main] INFO  c.o.v.MutatingRemoveAllMarketDataOrdersVisitor - [ORDERBOOK] Removing market data order:MktData(price=123,quantity=453)
22:53:37.307 [main] INFO  c.o.v.MutatingRemoveAllMarketDataOrdersVisitor - [ORDERBOOK] Removing level:123
22:53:37.307 [main] INFO  c.o.v.MutatingRemoveAllMarketDataOrdersVisitor - [ORDERBOOK] Removing market data order:MktData(price=144,quantity=645)
22:53:37.307 [main] INFO  c.o.v.MutatingRemoveAllMarketDataOrdersVisitor - [ORDERBOOK] Removing level:144
22:53:37.307 [main] INFO  c.o.v.MutatingRemoveAllMarketDataOrdersVisitor - [ORDERBOOK] Removing market data order:MktData(price=167,quantity=665)
22:53:37.307 [main] INFO  c.o.v.MutatingRemoveAllMarketDataOrdersVisitor - [ORDERBOOK] Removing level:167
22:53:37.307 [main] DEBUG c.orderbook.OrderBook - [ORDERBOOK] ASK: Adding orderMktData(price=98,quantity=501)
22:53:37.307 [main] DEBUG c.orderbook.OrderBook - [ORDERBOOK] ASK: Adding orderMktData(price=101,quantity=200)
22:53:37.307 [main] DEBUG c.orderbook.OrderBook - [ORDERBOOK] ASK: Adding orderMktData(price=110,quantity=5000)
22:53:37.307 [main] DEBUG c.orderbook.OrderBook - [ORDERBOOK] ASK: Adding orderMktData(price=119,quantity=5600)
22:53:37.307 [main] DEBUG c.orderbook.OrderBook - [ORDERBOOK] ASK: Adding orderMktData(price=123,quantity=453)
22:53:37.307 [main] DEBUG c.orderbook.OrderBook - [ORDERBOOK] ASK: Adding orderMktData(price=144,quantity=645)
22:53:37.307 [main] DEBUG c.orderbook.OrderBook - [ORDERBOOK] ASK: Adding orderMktData(price=167,quantity=665)
22:53:37.307 [main] DEBUG c.service.MarketDataService - [ALGO] BID: price:43 quantity:134
22:53:37.307 [main] DEBUG c.service.MarketDataService - [ALGO] BID: price:76 quantity:145
22:53:37.307 [main] DEBUG c.service.MarketDataService - [ALGO] BID: price:91 quantity:300
22:53:37.307 [main] DEBUG c.service.MarketDataService - [ALGO] BID: price:93 quantity:200
22:53:37.307 [main] DEBUG c.service.MarketDataService - [ALGO] BID: price:95 quantity:100
22:53:37.307 [main] DEBUG c.service.MarketDataService - [ALGO] BID: price:98 quantity:154
22:53:37.307 [main] DEBUG c.service.MarketDataService - [ALGO] ASK: price:98 quantity:501
22:53:37.307 [main] DEBUG c.service.MarketDataService - [ALGO] ASK: price:101 quantity:200
22:53:37.307 [main] DEBUG c.service.MarketDataService - [ALGO] ASK: price:110 quantity:5000
22:53:37.307 [main] DEBUG c.service.MarketDataService - [ALGO] ASK: price:119 quantity:5600
22:53:37.307 [main] DEBUG c.service.MarketDataService - [ALGO] ASK: price:123 quantity:453
22:53:37.307 [main] DEBUG c.service.MarketDataService - [ALGO] ASK: price:144 quantity:645
22:53:37.307 [main] DEBUG c.service.MarketDataService - [ALGO] ASK: price:167 quantity:665
22:53:37.308 [main] INFO  c.gettingstarted.MyAlgoLogic - [MYALGO] The state of the order book is:
|----BID-----||----ASK----|
    134 @ 43    501 @ 98
    145 @ 76   200 @ 101
    300 @ 91  5000 @ 110
    200 @ 93  5600 @ 119
    100 @ 95   453 @ 123
    154 @ 98   645 @ 144
          -    665 @ 167
|------------||-----------|

22:53:37.308 [main] INFO  c.gettingstarted.MyAlgoLogic - [MYALGO] Algo Sees Book as: 
|----BID-----||----ASK----|
    134 @ 43    501 @ 98
    145 @ 76   200 @ 101
    300 @ 91  5000 @ 110
    200 @ 93  5600 @ 119
    100 @ 95   453 @ 123
    154 @ 98   645 @ 144
          -    665 @ 167
|------------||-----------|

22:53:37.308 [main] INFO  c.gettingstarted.TimedLogic - [TIMEDLOGIC] Market is closed
22:53:37.308 [main] INFO  c.sequencer.consumer.LoggingConsumer - [223] 
|----BID-----|
    134 @ 43
    145 @ 76
    300 @ 91
    200 @ 93
    100 @ 95
    154 @ 98
|----ASK-----|
    501 @ 98
   200 @ 101
  5000 @ 110
  5600 @ 119
   453 @ 123
   645 @ 144
   665 @ 167

22:53:37.308 [main] INFO  c.orderbook.OrderBook - [ORDERBOOK] Processing Mkt Data Update
22:53:37.308 [main] INFO  c.o.v.MutatingRemoveAllMarketDataOrdersVisitor - [ORDERBOOK] Removing market data order:MktData(price=43,quantity=134)
22:53:37.308 [main] INFO  c.o.v.MutatingRemoveAllMarketDataOrdersVisitor - [ORDERBOOK] Removing level:43
22:53:37.308 [main] DEBUG c.orderbook.OrderBook - [ORDERBOOK] ASK: Adding orderMktData(price=43,quantity=134)
22:53:37.308 [main] DEBUG c.orderbook.OrderBook - [ORDERBOOK] ASK: Adding orderMktData(price=76,quantity=145)
22:53:37.308 [main] DEBUG c.orderbook.OrderBook - [ORDERBOOK] ASK: Adding orderMktData(price=91,quantity=300)
22:53:37.308 [main] DEBUG c.orderbook.OrderBook - [ORDERBOOK] ASK: Adding orderMktData(price=93,quantity=200)
22:53:37.308 [main] DEBUG c.orderbook.OrderBook - [ORDERBOOK] ASK: Adding orderMktData(price=95,quantity=100)
22:53:37.308 [main] DEBUG c.orderbook.OrderBook - [ORDERBOOK] ASK: Adding orderMktData(price=98,quantity=154)
22:53:37.308 [main] INFO  c.o.v.MutatingMatchOneMarketDataOrderVisitor - [ORDERBOOK] visiting LevelOrderBookLevel(price=43,quantity=134)
22:53:37.308 [main] INFO  c.o.v.MutatingMatchOneMarketDataOrderVisitor - [ORDERBOOK] Can't match order:MktData(price=43,quantity=134)(MktData(price=98,quantity=154))
22:53:37.308 [main] INFO  c.o.v.MutatingRemoveAllMarketDataOrdersVisitor - [ORDERBOOK] Removing market data order:MktData(price=98,quantity=501)
22:53:37.308 [main] INFO  c.o.v.MutatingRemoveAllMarketDataOrdersVisitor - [ORDERBOOK] Removing level:98
22:53:37.308 [main] INFO  c.o.v.MutatingRemoveAllMarketDataOrdersVisitor - [ORDERBOOK] Removing market data order:MktData(price=101,quantity=200)
22:53:37.308 [main] INFO  c.o.v.MutatingRemoveAllMarketDataOrdersVisitor - [ORDERBOOK] Removing level:101
22:53:37.308 [main] INFO  c.o.v.MutatingRemoveAllMarketDataOrdersVisitor - [ORDERBOOK] Removing market data order:MktData(price=110,quantity=5000)
22:53:37.308 [main] INFO  c.o.v.MutatingRemoveAllMarketDataOrdersVisitor - [ORDERBOOK] Removing level:110
22:53:37.308 [main] INFO  c.o.v.MutatingRemoveAllMarketDataOrdersVisitor - [ORDERBOOK] Removing market data order:MktData(price=119,quantity=5600)
22:53:37.308 [main] INFO  c.o.v.MutatingRemoveAllMarketDataOrdersVisitor - [ORDERBOOK] Removing level:119
22:53:37.308 [main] INFO  c.o.v.MutatingRemoveAllMarketDataOrdersVisitor - [ORDERBOOK] Removing market data order:MktData(price=123,quantity=453)
22:53:37.308 [main] INFO  c.o.v.MutatingRemoveAllMarketDataOrdersVisitor - [ORDERBOOK] Removing level:123
22:53:37.308 [main] INFO  c.o.v.MutatingRemoveAllMarketDataOrdersVisitor - [ORDERBOOK] Removing market data order:MktData(price=144,quantity=645)
22:53:37.308 [main] INFO  c.o.v.MutatingRemoveAllMarketDataOrdersVisitor - [ORDERBOOK] Removing level:144
22:53:37.308 [main] INFO  c.o.v.MutatingRemoveAllMarketDataOrdersVisitor - [ORDERBOOK] Removing market data order:MktData(price=167,quantity=665)
22:53:37.308 [main] INFO  c.o.v.MutatingRemoveAllMarketDataOrdersVisitor - [ORDERBOOK] Removing level:167
22:53:37.308 [main] DEBUG c.orderbook.OrderBook - [ORDERBOOK] ASK: Adding orderMktData(price=98,quantity=501)
22:53:37.308 [main] DEBUG c.orderbook.OrderBook - [ORDERBOOK] ASK: Adding orderMktData(price=101,quantity=200)
22:53:37.308 [main] DEBUG c.orderbook.OrderBook - [ORDERBOOK] ASK: Adding orderMktData(price=110,quantity=5000)
22:53:37.308 [main] DEBUG c.orderbook.OrderBook - [ORDERBOOK] ASK: Adding orderMktData(price=119,quantity=5600)
22:53:37.308 [main] DEBUG c.orderbook.OrderBook - [ORDERBOOK] ASK: Adding orderMktData(price=123,quantity=453)
22:53:37.308 [main] DEBUG c.orderbook.OrderBook - [ORDERBOOK] ASK: Adding orderMktData(price=144,quantity=645)
22:53:37.308 [main] DEBUG c.orderbook.OrderBook - [ORDERBOOK] ASK: Adding orderMktData(price=167,quantity=665)
22:53:37.308 [main] DEBUG c.service.MarketDataService - [ALGO] BID: price:43 quantity:134
22:53:37.308 [main] DEBUG c.service.MarketDataService - [ALGO] BID: price:76 quantity:145
22:53:37.308 [main] DEBUG c.service.MarketDataService - [ALGO] BID: price:91 quantity:300
22:53:37.308 [main] DEBUG c.service.MarketDataService - [ALGO] BID: price:93 quantity:200
22:53:37.308 [main] DEBUG c.service.MarketDataService - [ALGO] BID: price:95 quantity:100
22:53:37.308 [main] DEBUG c.service.MarketDataService - [ALGO] BID: price:98 quantity:154
22:53:37.308 [main] DEBUG c.service.MarketDataService - [ALGO] ASK: price:98 quantity:501
22:53:37.308 [main] DEBUG c.service.MarketDataService - [ALGO] ASK: price:101 quantity:200
22:53:37.308 [main] DEBUG c.service.MarketDataService - [ALGO] ASK: price:110 quantity:5000
22:53:37.308 [main] DEBUG c.service.MarketDataService - [ALGO] ASK: price:119 quantity:5600
22:53:37.308 [main] DEBUG c.service.MarketDataService - [ALGO] ASK: price:123 quantity:453
22:53:37.308 [main] DEBUG c.service.MarketDataService - [ALGO] ASK: price:144 quantity:645
22:53:37.308 [main] DEBUG c.service.MarketDataService - [ALGO] ASK: price:167 quantity:665
22:53:37.308 [main] INFO  c.gettingstarted.MyAlgoLogic - [MYALGO] The state of the order book is:
|----BID-----||----ASK----|
    134 @ 43    501 @ 98
    145 @ 76   200 @ 101
    300 @ 91  5000 @ 110
    200 @ 93  5600 @ 119
    100 @ 95   453 @ 123
    154 @ 98   645 @ 144
          -    665 @ 167
|------------||-----------|

22:53:37.308 [main] INFO  c.gettingstarted.MyAlgoLogic - [MYALGO] Algo Sees Book as: 
|----BID-----||----ASK----|
    134 @ 43    501 @ 98
    145 @ 76   200 @ 101
    300 @ 91  5000 @ 110
    200 @ 93  5600 @ 119
    100 @ 95   453 @ 123
    154 @ 98   645 @ 144
          -    665 @ 167
|------------||-----------|

22:53:37.308 [main] INFO  c.gettingstarted.TimedLogic - [TIMEDLOGIC] Market is closed
22:53:37.308 [main] INFO  c.sequencer.consumer.LoggingConsumer - [224] 
|----BID-----|
    134 @ 43
    145 @ 76
    300 @ 91
    200 @ 93
    100 @ 95
    154 @ 98
|----ASK-----|
    501 @ 98
   200 @ 101
  5000 @ 110
  5600 @ 119
   453 @ 123
   645 @ 144
   665 @ 167

22:53:37.308 [main] INFO  c.orderbook.OrderBook - [ORDERBOOK] Processing Mkt Data Update
22:53:37.308 [main] INFO  c.o.v.MutatingRemoveAllMarketDataOrdersVisitor - [ORDERBOOK] Removing market data order:MktData(price=43,quantity=134)
22:53:37.308 [main] INFO  c.o.v.MutatingRemoveAllMarketDataOrdersVisitor - [ORDERBOOK] Removing level:43
22:53:37.308 [main] DEBUG c.orderbook.OrderBook - [ORDERBOOK] ASK: Adding orderMktData(price=43,quantity=134)
22:53:37.308 [main] DEBUG c.orderbook.OrderBook - [ORDERBOOK] ASK: Adding orderMktData(price=76,quantity=145)
22:53:37.308 [main] DEBUG c.orderbook.OrderBook - [ORDERBOOK] ASK: Adding orderMktData(price=91,quantity=300)
22:53:37.308 [main] DEBUG c.orderbook.OrderBook - [ORDERBOOK] ASK: Adding orderMktData(price=93,quantity=200)
22:53:37.308 [main] DEBUG c.orderbook.OrderBook - [ORDERBOOK] ASK: Adding orderMktData(price=95,quantity=100)
22:53:37.308 [main] DEBUG c.orderbook.OrderBook - [ORDERBOOK] ASK: Adding orderMktData(price=98,quantity=154)
22:53:37.308 [main] INFO  c.o.v.MutatingMatchOneMarketDataOrderVisitor - [ORDERBOOK] visiting LevelOrderBookLevel(price=43,quantity=134)
22:53:37.308 [main] INFO  c.o.v.MutatingMatchOneMarketDataOrderVisitor - [ORDERBOOK] Can't match order:MktData(price=43,quantity=134)(MktData(price=98,quantity=154))
22:53:37.308 [main] INFO  c.o.v.MutatingRemoveAllMarketDataOrdersVisitor - [ORDERBOOK] Removing market data order:MktData(price=98,quantity=501)
22:53:37.308 [main] INFO  c.o.v.MutatingRemoveAllMarketDataOrdersVisitor - [ORDERBOOK] Removing level:98
22:53:37.308 [main] INFO  c.o.v.MutatingRemoveAllMarketDataOrdersVisitor - [ORDERBOOK] Removing market data order:MktData(price=101,quantity=200)
22:53:37.308 [main] INFO  c.o.v.MutatingRemoveAllMarketDataOrdersVisitor - [ORDERBOOK] Removing level:101
22:53:37.308 [main] INFO  c.o.v.MutatingRemoveAllMarketDataOrdersVisitor - [ORDERBOOK] Removing market data order:MktData(price=110,quantity=5000)
22:53:37.308 [main] INFO  c.o.v.MutatingRemoveAllMarketDataOrdersVisitor - [ORDERBOOK] Removing level:110
22:53:37.308 [main] INFO  c.o.v.MutatingRemoveAllMarketDataOrdersVisitor - [ORDERBOOK] Removing market data order:MktData(price=119,quantity=5600)
22:53:37.308 [main] INFO  c.o.v.MutatingRemoveAllMarketDataOrdersVisitor - [ORDERBOOK] Removing level:119
22:53:37.308 [main] INFO  c.o.v.MutatingRemoveAllMarketDataOrdersVisitor - [ORDERBOOK] Removing market data order:MktData(price=123,quantity=453)
22:53:37.308 [main] INFO  c.o.v.MutatingRemoveAllMarketDataOrdersVisitor - [ORDERBOOK] Removing level:123
22:53:37.308 [main] INFO  c.o.v.MutatingRemoveAllMarketDataOrdersVisitor - [ORDERBOOK] Removing market data order:MktData(price=144,quantity=645)
22:53:37.308 [main] INFO  c.o.v.MutatingRemoveAllMarketDataOrdersVisitor - [ORDERBOOK] Removing level:144
22:53:37.308 [main] INFO  c.o.v.MutatingRemoveAllMarketDataOrdersVisitor - [ORDERBOOK] Removing market data order:MktData(price=167,quantity=665)
22:53:37.308 [main] INFO  c.o.v.MutatingRemoveAllMarketDataOrdersVisitor - [ORDERBOOK] Removing level:167
22:53:37.308 [main] DEBUG c.orderbook.OrderBook - [ORDERBOOK] ASK: Adding orderMktData(price=98,quantity=501)
22:53:37.308 [main] DEBUG c.orderbook.OrderBook - [ORDERBOOK] ASK: Adding orderMktData(price=101,quantity=200)
22:53:37.308 [main] DEBUG c.orderbook.OrderBook - [ORDERBOOK] ASK: Adding orderMktData(price=110,quantity=5000)
22:53:37.308 [main] DEBUG c.orderbook.OrderBook - [ORDERBOOK] ASK: Adding orderMktData(price=119,quantity=5600)
22:53:37.308 [main] DEBUG c.orderbook.OrderBook - [ORDERBOOK] ASK: Adding orderMktData(price=123,quantity=453)
22:53:37.308 [main] DEBUG c.orderbook.OrderBook - [ORDERBOOK] ASK: Adding orderMktData(price=144,quantity=645)
22:53:37.308 [main] DEBUG c.orderbook.OrderBook - [ORDERBOOK] ASK: Adding orderMktData(price=167,quantity=665)
22:53:37.308 [main] DEBUG c.service.MarketDataService - [ALGO] BID: price:43 quantity:134
22:53:37.308 [main] DEBUG c.service.MarketDataService - [ALGO] BID: price:76 quantity:145
22:53:37.308 [main] DEBUG c.service.MarketDataService - [ALGO] BID: price:91 quantity:300
22:53:37.308 [main] DEBUG c.service.MarketDataService - [ALGO] BID: price:93 quantity:200
22:53:37.308 [main] DEBUG c.service.MarketDataService - [ALGO] BID: price:95 quantity:100
22:53:37.308 [main] DEBUG c.service.MarketDataService - [ALGO] BID: price:98 quantity:154
22:53:37.308 [main] DEBUG c.service.MarketDataService - [ALGO] ASK: price:98 quantity:501
22:53:37.308 [main] DEBUG c.service.MarketDataService - [ALGO] ASK: price:101 quantity:200
22:53:37.308 [main] DEBUG c.service.MarketDataService - [ALGO] ASK: price:110 quantity:5000
22:53:37.308 [main] DEBUG c.service.MarketDataService - [ALGO] ASK: price:119 quantity:5600
22:53:37.308 [main] DEBUG c.service.MarketDataService - [ALGO] ASK: price:123 quantity:453
22:53:37.308 [main] DEBUG c.service.MarketDataService - [ALGO] ASK: price:144 quantity:645
22:53:37.308 [main] DEBUG c.service.MarketDataService - [ALGO] ASK: price:167 quantity:665
22:53:37.308 [main] INFO  c.gettingstarted.MyAlgoLogic - [MYALGO] The state of the order book is:
|----BID-----||----ASK----|
    134 @ 43    501 @ 98
    145 @ 76   200 @ 101
    300 @ 91  5000 @ 110
    200 @ 93  5600 @ 119
    100 @ 95   453 @ 123
    154 @ 98   645 @ 144
          -    665 @ 167
|------------||-----------|

22:53:37.308 [main] INFO  c.gettingstarted.MyAlgoLogic - [MYALGO] Algo Sees Book as: 
|----BID-----||----ASK----|
    134 @ 43    501 @ 98
    145 @ 76   200 @ 101
    300 @ 91  5000 @ 110
    200 @ 93  5600 @ 119
    100 @ 95   453 @ 123
    154 @ 98   645 @ 144
          -    665 @ 167
|------------||-----------|

22:53:37.308 [main] INFO  c.gettingstarted.TimedLogic - [TIMEDLOGIC] Market is closed
22:53:37.308 [main] INFO  c.sequencer.consumer.LoggingConsumer - [225] 
|----BID-----|
    134 @ 43
    145 @ 76
    300 @ 91
    200 @ 93
    100 @ 95
    154 @ 98
|----ASK-----|
    501 @ 98
   200 @ 101
  5000 @ 110
  5600 @ 119
   453 @ 123
   645 @ 144
   665 @ 167

22:53:37.308 [main] INFO  c.orderbook.OrderBook - [ORDERBOOK] Processing Mkt Data Update
22:53:37.308 [main] INFO  c.o.v.MutatingRemoveAllMarketDataOrdersVisitor - [ORDERBOOK] Removing market data order:MktData(price=43,quantity=134)
22:53:37.308 [main] INFO  c.o.v.MutatingRemoveAllMarketDataOrdersVisitor - [ORDERBOOK] Removing level:43
22:53:37.308 [main] DEBUG c.orderbook.OrderBook - [ORDERBOOK] ASK: Adding orderMktData(price=43,quantity=134)
22:53:37.308 [main] DEBUG c.orderbook.OrderBook - [ORDERBOOK] ASK: Adding orderMktData(price=76,quantity=145)
22:53:37.308 [main] DEBUG c.orderbook.OrderBook - [ORDERBOOK] ASK: Adding orderMktData(price=91,quantity=300)
22:53:37.308 [main] DEBUG c.orderbook.OrderBook - [ORDERBOOK] ASK: Adding orderMktData(price=93,quantity=200)
22:53:37.308 [main] DEBUG c.orderbook.OrderBook - [ORDERBOOK] ASK: Adding orderMktData(price=95,quantity=100)
22:53:37.308 [main] DEBUG c.orderbook.OrderBook - [ORDERBOOK] ASK: Adding orderMktData(price=98,quantity=154)
22:53:37.308 [main] INFO  c.o.v.MutatingMatchOneMarketDataOrderVisitor - [ORDERBOOK] visiting LevelOrderBookLevel(price=43,quantity=134)
22:53:37.308 [main] INFO  c.o.v.MutatingMatchOneMarketDataOrderVisitor - [ORDERBOOK] Can't match order:MktData(price=43,quantity=134)(MktData(price=98,quantity=154))
22:53:37.308 [main] INFO  c.o.v.MutatingRemoveAllMarketDataOrdersVisitor - [ORDERBOOK] Removing market data order:MktData(price=98,quantity=501)
22:53:37.308 [main] INFO  c.o.v.MutatingRemoveAllMarketDataOrdersVisitor - [ORDERBOOK] Removing level:98
22:53:37.308 [main] INFO  c.o.v.MutatingRemoveAllMarketDataOrdersVisitor - [ORDERBOOK] Removing market data order:MktData(price=101,quantity=200)
22:53:37.308 [main] INFO  c.o.v.MutatingRemoveAllMarketDataOrdersVisitor - [ORDERBOOK] Removing level:101
22:53:37.308 [main] INFO  c.o.v.MutatingRemoveAllMarketDataOrdersVisitor - [ORDERBOOK] Removing market data order:MktData(price=110,quantity=5000)
22:53:37.308 [main] INFO  c.o.v.MutatingRemoveAllMarketDataOrdersVisitor - [ORDERBOOK] Removing level:110
22:53:37.308 [main] INFO  c.o.v.MutatingRemoveAllMarketDataOrdersVisitor - [ORDERBOOK] Removing market data order:MktData(price=119,quantity=5600)
22:53:37.308 [main] INFO  c.o.v.MutatingRemoveAllMarketDataOrdersVisitor - [ORDERBOOK] Removing level:119
22:53:37.308 [main] INFO  c.o.v.MutatingRemoveAllMarketDataOrdersVisitor - [ORDERBOOK] Removing market data order:MktData(price=123,quantity=453)
22:53:37.308 [main] INFO  c.o.v.MutatingRemoveAllMarketDataOrdersVisitor - [ORDERBOOK] Removing level:123
22:53:37.308 [main] INFO  c.o.v.MutatingRemoveAllMarketDataOrdersVisitor - [ORDERBOOK] Removing market data order:MktData(price=144,quantity=645)
22:53:37.308 [main] INFO  c.o.v.MutatingRemoveAllMarketDataOrdersVisitor - [ORDERBOOK] Removing level:144
22:53:37.308 [main] INFO  c.o.v.MutatingRemoveAllMarketDataOrdersVisitor - [ORDERBOOK] Removing market data order:MktData(price=167,quantity=665)
22:53:37.308 [main] INFO  c.o.v.MutatingRemoveAllMarketDataOrdersVisitor - [ORDERBOOK] Removing level:167
22:53:37.308 [main] DEBUG c.orderbook.OrderBook - [ORDERBOOK] ASK: Adding orderMktData(price=98,quantity=501)
22:53:37.308 [main] DEBUG c.orderbook.OrderBook - [ORDERBOOK] ASK: Adding orderMktData(price=101,quantity=200)
22:53:37.308 [main] DEBUG c.orderbook.OrderBook - [ORDERBOOK] ASK: Adding orderMktData(price=110,quantity=5000)
22:53:37.308 [main] DEBUG c.orderbook.OrderBook - [ORDERBOOK] ASK: Adding orderMktData(price=119,quantity=5600)
22:53:37.308 [main] DEBUG c.orderbook.OrderBook - [ORDERBOOK] ASK: Adding orderMktData(price=123,quantity=453)
22:53:37.308 [main] DEBUG c.orderbook.OrderBook - [ORDERBOOK] ASK: Adding orderMktData(price=144,quantity=645)
22:53:37.308 [main] DEBUG c.orderbook.OrderBook - [ORDERBOOK] ASK: Adding orderMktData(price=167,quantity=665)
22:53:37.308 [main] DEBUG c.service.MarketDataService - [ALGO] BID: price:43 quantity:134
22:53:37.308 [main] DEBUG c.service.MarketDataService - [ALGO] BID: price:76 quantity:145
22:53:37.308 [main] DEBUG c.service.MarketDataService - [ALGO] BID: price:91 quantity:300
22:53:37.308 [main] DEBUG c.service.MarketDataService - [ALGO] BID: price:93 quantity:200
22:53:37.308 [main] DEBUG c.service.MarketDataService - [ALGO] BID: price:95 quantity:100
22:53:37.308 [main] DEBUG c.service.MarketDataService - [ALGO] BID: price:98 quantity:154
22:53:37.308 [main] DEBUG c.service.MarketDataService - [ALGO] ASK: price:98 quantity:501
22:53:37.308 [main] DEBUG c.service.MarketDataService - [ALGO] ASK: price:101 quantity:200
22:53:37.308 [main] DEBUG c.service.MarketDataService - [ALGO] ASK: price:110 quantity:5000
22:53:37.308 [main] DEBUG c.service.MarketDataService - [ALGO] ASK: price:119 quantity:5600
22:53:37.308 [main] DEBUG c.service.MarketDataService - [ALGO] ASK: price:123 quantity:453
22:53:37.308 [main] DEBUG c.service.MarketDataService - [ALGO] ASK: price:144 quantity:645
22:53:37.308 [main] DEBUG c.service.MarketDataService - [ALGO] ASK: price:167 quantity:665
22:53:37.308 [main] INFO  c.gettingstarted.MyAlgoLogic - [MYALGO] The state of the order book is:
|----BID-----||----ASK----|
    134 @ 43    501 @ 98
    145 @ 76   200 @ 101
    300 @ 91  5000 @ 110
    200 @ 93  5600 @ 119
    100 @ 95   453 @ 123
    154 @ 98   645 @ 144
          -    665 @ 167
|------------||-----------|

22:53:37.308 [main] INFO  c.gettingstarted.MyAlgoLogic - [MYALGO] Algo Sees Book as: 
|----BID-----||----ASK----|
    134 @ 43    501 @ 98
    145 @ 76   200 @ 101
    300 @ 91  5000 @ 110
    200 @ 93  5600 @ 119
    100 @ 95   453 @ 123
    154 @ 98   645 @ 144
          -    665 @ 167
|------------||-----------|

22:53:37.308 [main] INFO  c.gettingstarted.TimedLogic - [TIMEDLOGIC] Market is closed
22:53:37.308 [main] INFO  c.sequencer.consumer.LoggingConsumer - [226] 
|----BID-----|
    134 @ 43
    145 @ 76
    300 @ 91
    200 @ 93
    100 @ 95
    154 @ 98
|----ASK-----|
    501 @ 98
   200 @ 101
  5000 @ 110
  5600 @ 119
   453 @ 123
   645 @ 144
   665 @ 167

22:53:37.308 [main] INFO  c.orderbook.OrderBook - [ORDERBOOK] Processing Mkt Data Update
22:53:37.308 [main] INFO  c.o.v.MutatingRemoveAllMarketDataOrdersVisitor - [ORDERBOOK] Removing market data order:MktData(price=43,quantity=134)
22:53:37.308 [main] INFO  c.o.v.MutatingRemoveAllMarketDataOrdersVisitor - [ORDERBOOK] Removing level:43
22:53:37.308 [main] DEBUG c.orderbook.OrderBook - [ORDERBOOK] ASK: Adding orderMktData(price=43,quantity=134)
22:53:37.308 [main] DEBUG c.orderbook.OrderBook - [ORDERBOOK] ASK: Adding orderMktData(price=76,quantity=145)
22:53:37.308 [main] DEBUG c.orderbook.OrderBook - [ORDERBOOK] ASK: Adding orderMktData(price=91,quantity=300)
22:53:37.308 [main] DEBUG c.orderbook.OrderBook - [ORDERBOOK] ASK: Adding orderMktData(price=93,quantity=200)
22:53:37.308 [main] DEBUG c.orderbook.OrderBook - [ORDERBOOK] ASK: Adding orderMktData(price=95,quantity=100)
22:53:37.308 [main] DEBUG c.orderbook.OrderBook - [ORDERBOOK] ASK: Adding orderMktData(price=98,quantity=154)
22:53:37.308 [main] INFO  c.o.v.MutatingMatchOneMarketDataOrderVisitor - [ORDERBOOK] visiting LevelOrderBookLevel(price=43,quantity=134)
22:53:37.308 [main] INFO  c.o.v.MutatingMatchOneMarketDataOrderVisitor - [ORDERBOOK] Can't match order:MktData(price=43,quantity=134)(MktData(price=98,quantity=154))
22:53:37.308 [main] INFO  c.o.v.MutatingRemoveAllMarketDataOrdersVisitor - [ORDERBOOK] Removing market data order:MktData(price=98,quantity=501)
22:53:37.308 [main] INFO  c.o.v.MutatingRemoveAllMarketDataOrdersVisitor - [ORDERBOOK] Removing level:98
22:53:37.308 [main] INFO  c.o.v.MutatingRemoveAllMarketDataOrdersVisitor - [ORDERBOOK] Removing market data order:MktData(price=101,quantity=200)
22:53:37.308 [main] INFO  c.o.v.MutatingRemoveAllMarketDataOrdersVisitor - [ORDERBOOK] Removing level:101
22:53:37.308 [main] INFO  c.o.v.MutatingRemoveAllMarketDataOrdersVisitor - [ORDERBOOK] Removing market data order:MktData(price=110,quantity=5000)
22:53:37.308 [main] INFO  c.o.v.MutatingRemoveAllMarketDataOrdersVisitor - [ORDERBOOK] Removing level:110
22:53:37.308 [main] INFO  c.o.v.MutatingRemoveAllMarketDataOrdersVisitor - [ORDERBOOK] Removing market data order:MktData(price=119,quantity=5600)
22:53:37.308 [main] INFO  c.o.v.MutatingRemoveAllMarketDataOrdersVisitor - [ORDERBOOK] Removing level:119
22:53:37.308 [main] INFO  c.o.v.MutatingRemoveAllMarketDataOrdersVisitor - [ORDERBOOK] Removing market data order:MktData(price=123,quantity=453)
22:53:37.308 [main] INFO  c.o.v.MutatingRemoveAllMarketDataOrdersVisitor - [ORDERBOOK] Removing level:123
22:53:37.308 [main] INFO  c.o.v.MutatingRemoveAllMarketDataOrdersVisitor - [ORDERBOOK] Removing market data order:MktData(price=144,quantity=645)
22:53:37.308 [main] INFO  c.o.v.MutatingRemoveAllMarketDataOrdersVisitor - [ORDERBOOK] Removing level:144
22:53:37.308 [main] INFO  c.o.v.MutatingRemoveAllMarketDataOrdersVisitor - [ORDERBOOK] Removing market data order:MktData(price=167,quantity=665)
22:53:37.308 [main] INFO  c.o.v.MutatingRemoveAllMarketDataOrdersVisitor - [ORDERBOOK] Removing level:167
22:53:37.308 [main] DEBUG c.orderbook.OrderBook - [ORDERBOOK] ASK: Adding orderMktData(price=98,quantity=501)
22:53:37.308 [main] DEBUG c.orderbook.OrderBook - [ORDERBOOK] ASK: Adding orderMktData(price=101,quantity=200)
22:53:37.308 [main] DEBUG c.orderbook.OrderBook - [ORDERBOOK] ASK: Adding orderMktData(price=110,quantity=5000)
22:53:37.308 [main] DEBUG c.orderbook.OrderBook - [ORDERBOOK] ASK: Adding orderMktData(price=119,quantity=5600)
22:53:37.308 [main] DEBUG c.orderbook.OrderBook - [ORDERBOOK] ASK: Adding orderMktData(price=123,quantity=453)
22:53:37.308 [main] DEBUG c.orderbook.OrderBook - [ORDERBOOK] ASK: Adding orderMktData(price=144,quantity=645)
22:53:37.308 [main] DEBUG c.orderbook.OrderBook - [ORDERBOOK] ASK: Adding orderMktData(price=167,quantity=665)
22:53:37.308 [main] DEBUG c.service.MarketDataService - [ALGO] BID: price:43 quantity:134
22:53:37.308 [main] DEBUG c.service.MarketDataService - [ALGO] BID: price:76 quantity:145
22:53:37.308 [main] DEBUG c.service.MarketDataService - [ALGO] BID: price:91 quantity:300
22:53:37.308 [main] DEBUG c.service.MarketDataService - [ALGO] BID: price:93 quantity:200
22:53:37.308 [main] DEBUG c.service.MarketDataService - [ALGO] BID: price:95 quantity:100
22:53:37.308 [main] DEBUG c.service.MarketDataService - [ALGO] BID: price:98 quantity:154
22:53:37.308 [main] DEBUG c.service.MarketDataService - [ALGO] ASK: price:98 quantity:501
22:53:37.308 [main] DEBUG c.service.MarketDataService - [ALGO] ASK: price:101 quantity:200
22:53:37.308 [main] DEBUG c.service.MarketDataService - [ALGO] ASK: price:110 quantity:5000
22:53:37.308 [main] DEBUG c.service.MarketDataService - [ALGO] ASK: price:119 quantity:5600
22:53:37.308 [main] DEBUG c.service.MarketDataService - [ALGO] ASK: price:123 quantity:453
22:53:37.308 [main] DEBUG c.service.MarketDataService - [ALGO] ASK: price:144 quantity:645
22:53:37.308 [main] DEBUG c.service.MarketDataService - [ALGO] ASK: price:167 quantity:665
22:53:37.308 [main] INFO  c.gettingstarted.MyAlgoLogic - [MYALGO] The state of the order book is:
|----BID-----||----ASK----|
    134 @ 43    501 @ 98
    145 @ 76   200 @ 101
    300 @ 91  5000 @ 110
    200 @ 93  5600 @ 119
    100 @ 95   453 @ 123
    154 @ 98   645 @ 144
          -    665 @ 167
|------------||-----------|

22:53:37.308 [main] INFO  c.gettingstarted.MyAlgoLogic - [MYALGO] Algo Sees Book as: 
|----BID-----||----ASK----|
    134 @ 43    501 @ 98
    145 @ 76   200 @ 101
    300 @ 91  5000 @ 110
    200 @ 93  5600 @ 119
    100 @ 95   453 @ 123
    154 @ 98   645 @ 144
          -    665 @ 167
|------------||-----------|

22:53:37.308 [main] INFO  c.gettingstarted.TimedLogic - [TIMEDLOGIC] Market is closed
22:53:37.308 [main] INFO  c.sequencer.consumer.LoggingConsumer - [227] 
|----BID-----|
    134 @ 43
    145 @ 76
    300 @ 91
    200 @ 93
    100 @ 95
    154 @ 98
|----ASK-----|
    501 @ 98
   200 @ 101
  5000 @ 110
  5600 @ 119
   453 @ 123
   645 @ 144
   665 @ 167

22:53:37.308 [main] INFO  c.orderbook.OrderBook - [ORDERBOOK] Processing Mkt Data Update
22:53:37.308 [main] INFO  c.o.v.MutatingRemoveAllMarketDataOrdersVisitor - [ORDERBOOK] Removing market data order:MktData(price=43,quantity=134)
22:53:37.308 [main] INFO  c.o.v.MutatingRemoveAllMarketDataOrdersVisitor - [ORDERBOOK] Removing level:43
22:53:37.308 [main] DEBUG c.orderbook.OrderBook - [ORDERBOOK] ASK: Adding orderMktData(price=43,quantity=134)
22:53:37.308 [main] DEBUG c.orderbook.OrderBook - [ORDERBOOK] ASK: Adding orderMktData(price=76,quantity=145)
22:53:37.308 [main] DEBUG c.orderbook.OrderBook - [ORDERBOOK] ASK: Adding orderMktData(price=91,quantity=300)
22:53:37.308 [main] DEBUG c.orderbook.OrderBook - [ORDERBOOK] ASK: Adding orderMktData(price=93,quantity=200)
22:53:37.308 [main] DEBUG c.orderbook.OrderBook - [ORDERBOOK] ASK: Adding orderMktData(price=95,quantity=100)
22:53:37.308 [main] DEBUG c.orderbook.OrderBook - [ORDERBOOK] ASK: Adding orderMktData(price=98,quantity=154)
22:53:37.308 [main] INFO  c.o.v.MutatingMatchOneMarketDataOrderVisitor - [ORDERBOOK] visiting LevelOrderBookLevel(price=43,quantity=134)
22:53:37.308 [main] INFO  c.o.v.MutatingMatchOneMarketDataOrderVisitor - [ORDERBOOK] Can't match order:MktData(price=43,quantity=134)(MktData(price=98,quantity=154))
22:53:37.308 [main] INFO  c.o.v.MutatingRemoveAllMarketDataOrdersVisitor - [ORDERBOOK] Removing market data order:MktData(price=98,quantity=501)
22:53:37.308 [main] INFO  c.o.v.MutatingRemoveAllMarketDataOrdersVisitor - [ORDERBOOK] Removing level:98
22:53:37.308 [main] INFO  c.o.v.MutatingRemoveAllMarketDataOrdersVisitor - [ORDERBOOK] Removing market data order:MktData(price=101,quantity=200)
22:53:37.308 [main] INFO  c.o.v.MutatingRemoveAllMarketDataOrdersVisitor - [ORDERBOOK] Removing level:101
22:53:37.308 [main] INFO  c.o.v.MutatingRemoveAllMarketDataOrdersVisitor - [ORDERBOOK] Removing market data order:MktData(price=110,quantity=5000)
22:53:37.308 [main] INFO  c.o.v.MutatingRemoveAllMarketDataOrdersVisitor - [ORDERBOOK] Removing level:110
22:53:37.308 [main] INFO  c.o.v.MutatingRemoveAllMarketDataOrdersVisitor - [ORDERBOOK] Removing market data order:MktData(price=119,quantity=5600)
22:53:37.308 [main] INFO  c.o.v.MutatingRemoveAllMarketDataOrdersVisitor - [ORDERBOOK] Removing level:119
22:53:37.308 [main] INFO  c.o.v.MutatingRemoveAllMarketDataOrdersVisitor - [ORDERBOOK] Removing market data order:MktData(price=123,quantity=453)
22:53:37.308 [main] INFO  c.o.v.MutatingRemoveAllMarketDataOrdersVisitor - [ORDERBOOK] Removing level:123
22:53:37.308 [main] INFO  c.o.v.MutatingRemoveAllMarketDataOrdersVisitor - [ORDERBOOK] Removing market data order:MktData(price=144,quantity=645)
22:53:37.308 [main] INFO  c.o.v.MutatingRemoveAllMarketDataOrdersVisitor - [ORDERBOOK] Removing level:144
22:53:37.308 [main] INFO  c.o.v.MutatingRemoveAllMarketDataOrdersVisitor - [ORDERBOOK] Removing market data order:MktData(price=167,quantity=665)
22:53:37.308 [main] INFO  c.o.v.MutatingRemoveAllMarketDataOrdersVisitor - [ORDERBOOK] Removing level:167
22:53:37.308 [main] DEBUG c.orderbook.OrderBook - [ORDERBOOK] ASK: Adding orderMktData(price=98,quantity=501)
22:53:37.308 [main] DEBUG c.orderbook.OrderBook - [ORDERBOOK] ASK: Adding orderMktData(price=101,quantity=200)
22:53:37.308 [main] DEBUG c.orderbook.OrderBook - [ORDERBOOK] ASK: Adding orderMktData(price=110,quantity=5000)
22:53:37.308 [main] DEBUG c.orderbook.OrderBook - [ORDERBOOK] ASK: Adding orderMktData(price=119,quantity=5600)
22:53:37.308 [main] DEBUG c.orderbook.OrderBook - [ORDERBOOK] ASK: Adding orderMktData(price=123,quantity=453)
22:53:37.308 [main] DEBUG c.orderbook.OrderBook - [ORDERBOOK] ASK: Adding orderMktData(price=144,quantity=645)
22:53:37.308 [main] DEBUG c.orderbook.OrderBook - [ORDERBOOK] ASK: Adding orderMktData(price=167,quantity=665)
22:53:37.308 [main] DEBUG c.service.MarketDataService - [ALGO] BID: price:43 quantity:134
22:53:37.308 [main] DEBUG c.service.MarketDataService - [ALGO] BID: price:76 quantity:145
22:53:37.308 [main] DEBUG c.service.MarketDataService - [ALGO] BID: price:91 quantity:300
22:53:37.308 [main] DEBUG c.service.MarketDataService - [ALGO] BID: price:93 quantity:200
22:53:37.308 [main] DEBUG c.service.MarketDataService - [ALGO] BID: price:95 quantity:100
22:53:37.308 [main] DEBUG c.service.MarketDataService - [ALGO] BID: price:98 quantity:154
22:53:37.308 [main] DEBUG c.service.MarketDataService - [ALGO] ASK: price:98 quantity:501
22:53:37.308 [main] DEBUG c.service.MarketDataService - [ALGO] ASK: price:101 quantity:200
22:53:37.308 [main] DEBUG c.service.MarketDataService - [ALGO] ASK: price:110 quantity:5000
22:53:37.308 [main] DEBUG c.service.MarketDataService - [ALGO] ASK: price:119 quantity:5600
22:53:37.308 [main] DEBUG c.service.MarketDataService - [ALGO] ASK: price:123 quantity:453
22:53:37.308 [main] DEBUG c.service.MarketDataService - [ALGO] ASK: price:144 quantity:645
22:53:37.308 [main] DEBUG c.service.MarketDataService - [ALGO] ASK: price:167 quantity:665
22:53:37.312 [main] INFO  c.gettingstarted.MyAlgoLogic - [MYALGO] The state of the order book is:
|----BID-----||----ASK----|
    134 @ 43    501 @ 98
    145 @ 76   200 @ 101
    300 @ 91  5000 @ 110
    200 @ 93  5600 @ 119
    100 @ 95   453 @ 123
    154 @ 98   645 @ 144
          -    665 @ 167
|------------||-----------|

22:53:37.312 [main] INFO  c.gettingstarted.MyAlgoLogic - [MYALGO] Algo Sees Book as: 
|----BID-----||----ASK----|
    134 @ 43    501 @ 98
    145 @ 76   200 @ 101
    300 @ 91  5000 @ 110
    200 @ 93  5600 @ 119
    100 @ 95   453 @ 123
    154 @ 98   645 @ 144
          -    665 @ 167
|------------||-----------|

22:53:37.312 [main] INFO  c.gettingstarted.TimedLogic - [TIMEDLOGIC] Market is closed
22:53:37.312 [main] INFO  c.sequencer.consumer.LoggingConsumer - [228] 
|----BID-----|
    134 @ 43
    145 @ 76
    300 @ 91
    200 @ 93
    100 @ 95
    154 @ 98
|----ASK-----|
    501 @ 98
   200 @ 101
  5000 @ 110
  5600 @ 119
   453 @ 123
   645 @ 144
   665 @ 167

22:53:37.312 [main] INFO  c.orderbook.OrderBook - [ORDERBOOK] Processing Mkt Data Update
22:53:37.312 [main] INFO  c.o.v.MutatingRemoveAllMarketDataOrdersVisitor - [ORDERBOOK] Removing market data order:MktData(price=43,quantity=134)
22:53:37.312 [main] INFO  c.o.v.MutatingRemoveAllMarketDataOrdersVisitor - [ORDERBOOK] Removing level:43
22:53:37.312 [main] DEBUG c.orderbook.OrderBook - [ORDERBOOK] ASK: Adding orderMktData(price=43,quantity=134)
22:53:37.312 [main] DEBUG c.orderbook.OrderBook - [ORDERBOOK] ASK: Adding orderMktData(price=76,quantity=145)
22:53:37.312 [main] DEBUG c.orderbook.OrderBook - [ORDERBOOK] ASK: Adding orderMktData(price=91,quantity=300)
22:53:37.312 [main] DEBUG c.orderbook.OrderBook - [ORDERBOOK] ASK: Adding orderMktData(price=93,quantity=200)
22:53:37.312 [main] DEBUG c.orderbook.OrderBook - [ORDERBOOK] ASK: Adding orderMktData(price=95,quantity=100)
22:53:37.312 [main] DEBUG c.orderbook.OrderBook - [ORDERBOOK] ASK: Adding orderMktData(price=98,quantity=154)
22:53:37.312 [main] INFO  c.o.v.MutatingMatchOneMarketDataOrderVisitor - [ORDERBOOK] visiting LevelOrderBookLevel(price=43,quantity=134)
22:53:37.312 [main] INFO  c.o.v.MutatingMatchOneMarketDataOrderVisitor - [ORDERBOOK] Can't match order:MktData(price=43,quantity=134)(MktData(price=98,quantity=154))
22:53:37.312 [main] INFO  c.o.v.MutatingRemoveAllMarketDataOrdersVisitor - [ORDERBOOK] Removing market data order:MktData(price=98,quantity=501)
22:53:37.312 [main] INFO  c.o.v.MutatingRemoveAllMarketDataOrdersVisitor - [ORDERBOOK] Removing level:98
22:53:37.312 [main] INFO  c.o.v.MutatingRemoveAllMarketDataOrdersVisitor - [ORDERBOOK] Removing market data order:MktData(price=101,quantity=200)
22:53:37.312 [main] INFO  c.o.v.MutatingRemoveAllMarketDataOrdersVisitor - [ORDERBOOK] Removing level:101
22:53:37.312 [main] INFO  c.o.v.MutatingRemoveAllMarketDataOrdersVisitor - [ORDERBOOK] Removing market data order:MktData(price=110,quantity=5000)
22:53:37.312 [main] INFO  c.o.v.MutatingRemoveAllMarketDataOrdersVisitor - [ORDERBOOK] Removing level:110
22:53:37.312 [main] INFO  c.o.v.MutatingRemoveAllMarketDataOrdersVisitor - [ORDERBOOK] Removing market data order:MktData(price=119,quantity=5600)
22:53:37.312 [main] INFO  c.o.v.MutatingRemoveAllMarketDataOrdersVisitor - [ORDERBOOK] Removing level:119
22:53:37.312 [main] INFO  c.o.v.MutatingRemoveAllMarketDataOrdersVisitor - [ORDERBOOK] Removing market data order:MktData(price=123,quantity=453)
22:53:37.312 [main] INFO  c.o.v.MutatingRemoveAllMarketDataOrdersVisitor - [ORDERBOOK] Removing level:123
22:53:37.312 [main] INFO  c.o.v.MutatingRemoveAllMarketDataOrdersVisitor - [ORDERBOOK] Removing market data order:MktData(price=144,quantity=645)
22:53:37.312 [main] INFO  c.o.v.MutatingRemoveAllMarketDataOrdersVisitor - [ORDERBOOK] Removing level:144
22:53:37.312 [main] INFO  c.o.v.MutatingRemoveAllMarketDataOrdersVisitor - [ORDERBOOK] Removing market data order:MktData(price=167,quantity=665)
22:53:37.312 [main] INFO  c.o.v.MutatingRemoveAllMarketDataOrdersVisitor - [ORDERBOOK] Removing level:167
22:53:37.312 [main] DEBUG c.orderbook.OrderBook - [ORDERBOOK] ASK: Adding orderMktData(price=98,quantity=501)
22:53:37.312 [main] DEBUG c.orderbook.OrderBook - [ORDERBOOK] ASK: Adding orderMktData(price=101,quantity=200)
22:53:37.312 [main] DEBUG c.orderbook.OrderBook - [ORDERBOOK] ASK: Adding orderMktData(price=110,quantity=5000)
22:53:37.312 [main] DEBUG c.orderbook.OrderBook - [ORDERBOOK] ASK: Adding orderMktData(price=119,quantity=5600)
22:53:37.312 [main] DEBUG c.orderbook.OrderBook - [ORDERBOOK] ASK: Adding orderMktData(price=123,quantity=453)
22:53:37.312 [main] DEBUG c.orderbook.OrderBook - [ORDERBOOK] ASK: Adding orderMktData(price=144,quantity=645)
22:53:37.312 [main] DEBUG c.orderbook.OrderBook - [ORDERBOOK] ASK: Adding orderMktData(price=167,quantity=665)
22:53:37.312 [main] DEBUG c.service.MarketDataService - [ALGO] BID: price:43 quantity:134
22:53:37.312 [main] DEBUG c.service.MarketDataService - [ALGO] BID: price:76 quantity:145
22:53:37.312 [main] DEBUG c.service.MarketDataService - [ALGO] BID: price:91 quantity:300
22:53:37.312 [main] DEBUG c.service.MarketDataService - [ALGO] BID: price:93 quantity:200
22:53:37.312 [main] DEBUG c.service.MarketDataService - [ALGO] BID: price:95 quantity:100
22:53:37.312 [main] DEBUG c.service.MarketDataService - [ALGO] BID: price:98 quantity:154
22:53:37.312 [main] DEBUG c.service.MarketDataService - [ALGO] ASK: price:98 quantity:501
22:53:37.312 [main] DEBUG c.service.MarketDataService - [ALGO] ASK: price:101 quantity:200
22:53:37.312 [main] DEBUG c.service.MarketDataService - [ALGO] ASK: price:110 quantity:5000
22:53:37.312 [main] DEBUG c.service.MarketDataService - [ALGO] ASK: price:119 quantity:5600
22:53:37.312 [main] DEBUG c.service.MarketDataService - [ALGO] ASK: price:123 quantity:453
22:53:37.312 [main] DEBUG c.service.MarketDataService - [ALGO] ASK: price:144 quantity:645
22:53:37.313 [main] DEBUG c.service.MarketDataService - [ALGO] ASK: price:167 quantity:665
22:53:37.313 [main] INFO  c.gettingstarted.MyAlgoLogic - [MYALGO] The state of the order book is:
|----BID-----||----ASK----|
    134 @ 43    501 @ 98
    145 @ 76   200 @ 101
    300 @ 91  5000 @ 110
    200 @ 93  5600 @ 119
    100 @ 95   453 @ 123
    154 @ 98   645 @ 144
          -    665 @ 167
|------------||-----------|

22:53:37.313 [main] INFO  c.gettingstarted.MyAlgoLogic - [MYALGO] Algo Sees Book as: 
|----BID-----||----ASK----|
    134 @ 43    501 @ 98
    145 @ 76   200 @ 101
    300 @ 91  5000 @ 110
    200 @ 93  5600 @ 119
    100 @ 95   453 @ 123
    154 @ 98   645 @ 144
          -    665 @ 167
|------------||-----------|

22:53:37.313 [main] INFO  c.gettingstarted.TimedLogic - [TIMEDLOGIC] Market is closed
22:53:37.313 [main] INFO  c.sequencer.consumer.LoggingConsumer - [229] 
|----BID-----|
    134 @ 43
    145 @ 76
    300 @ 91
    200 @ 93
    100 @ 95
    154 @ 98
|----ASK-----|
    501 @ 98
   200 @ 101
  5000 @ 110
  5600 @ 119
   453 @ 123
   645 @ 144
   665 @ 167

22:53:37.313 [main] INFO  c.orderbook.OrderBook - [ORDERBOOK] Processing Mkt Data Update
22:53:37.313 [main] INFO  c.o.v.MutatingRemoveAllMarketDataOrdersVisitor - [ORDERBOOK] Removing market data order:MktData(price=43,quantity=134)
22:53:37.313 [main] INFO  c.o.v.MutatingRemoveAllMarketDataOrdersVisitor - [ORDERBOOK] Removing level:43
22:53:37.313 [main] DEBUG c.orderbook.OrderBook - [ORDERBOOK] ASK: Adding orderMktData(price=43,quantity=134)
22:53:37.313 [main] DEBUG c.orderbook.OrderBook - [ORDERBOOK] ASK: Adding orderMktData(price=76,quantity=145)
22:53:37.313 [main] DEBUG c.orderbook.OrderBook - [ORDERBOOK] ASK: Adding orderMktData(price=91,quantity=300)
22:53:37.313 [main] DEBUG c.orderbook.OrderBook - [ORDERBOOK] ASK: Adding orderMktData(price=93,quantity=200)
22:53:37.313 [main] DEBUG c.orderbook.OrderBook - [ORDERBOOK] ASK: Adding orderMktData(price=95,quantity=100)
22:53:37.313 [main] DEBUG c.orderbook.OrderBook - [ORDERBOOK] ASK: Adding orderMktData(price=98,quantity=154)
22:53:37.313 [main] INFO  c.o.v.MutatingMatchOneMarketDataOrderVisitor - [ORDERBOOK] visiting LevelOrderBookLevel(price=43,quantity=134)
22:53:37.313 [main] INFO  c.o.v.MutatingMatchOneMarketDataOrderVisitor - [ORDERBOOK] Can't match order:MktData(price=43,quantity=134)(MktData(price=98,quantity=154))
22:53:37.313 [main] INFO  c.o.v.MutatingRemoveAllMarketDataOrdersVisitor - [ORDERBOOK] Removing market data order:MktData(price=98,quantity=501)
22:53:37.313 [main] INFO  c.o.v.MutatingRemoveAllMarketDataOrdersVisitor - [ORDERBOOK] Removing level:98
22:53:37.313 [main] INFO  c.o.v.MutatingRemoveAllMarketDataOrdersVisitor - [ORDERBOOK] Removing market data order:MktData(price=101,quantity=200)
22:53:37.313 [main] INFO  c.o.v.MutatingRemoveAllMarketDataOrdersVisitor - [ORDERBOOK] Removing level:101
22:53:37.313 [main] INFO  c.o.v.MutatingRemoveAllMarketDataOrdersVisitor - [ORDERBOOK] Removing market data order:MktData(price=110,quantity=5000)
22:53:37.313 [main] INFO  c.o.v.MutatingRemoveAllMarketDataOrdersVisitor - [ORDERBOOK] Removing level:110
22:53:37.313 [main] INFO  c.o.v.MutatingRemoveAllMarketDataOrdersVisitor - [ORDERBOOK] Removing market data order:MktData(price=119,quantity=5600)
22:53:37.313 [main] INFO  c.o.v.MutatingRemoveAllMarketDataOrdersVisitor - [ORDERBOOK] Removing level:119
22:53:37.313 [main] INFO  c.o.v.MutatingRemoveAllMarketDataOrdersVisitor - [ORDERBOOK] Removing market data order:MktData(price=123,quantity=453)
22:53:37.313 [main] INFO  c.o.v.MutatingRemoveAllMarketDataOrdersVisitor - [ORDERBOOK] Removing level:123
22:53:37.313 [main] INFO  c.o.v.MutatingRemoveAllMarketDataOrdersVisitor - [ORDERBOOK] Removing market data order:MktData(price=144,quantity=645)
22:53:37.313 [main] INFO  c.o.v.MutatingRemoveAllMarketDataOrdersVisitor - [ORDERBOOK] Removing level:144
22:53:37.313 [main] INFO  c.o.v.MutatingRemoveAllMarketDataOrdersVisitor - [ORDERBOOK] Removing market data order:MktData(price=167,quantity=665)
22:53:37.313 [main] INFO  c.o.v.MutatingRemoveAllMarketDataOrdersVisitor - [ORDERBOOK] Removing level:167
22:53:37.313 [main] DEBUG c.orderbook.OrderBook - [ORDERBOOK] ASK: Adding orderMktData(price=98,quantity=501)
22:53:37.313 [main] DEBUG c.orderbook.OrderBook - [ORDERBOOK] ASK: Adding orderMktData(price=101,quantity=200)
22:53:37.313 [main] DEBUG c.orderbook.OrderBook - [ORDERBOOK] ASK: Adding orderMktData(price=110,quantity=5000)
22:53:37.313 [main] DEBUG c.orderbook.OrderBook - [ORDERBOOK] ASK: Adding orderMktData(price=119,quantity=5600)
22:53:37.313 [main] DEBUG c.orderbook.OrderBook - [ORDERBOOK] ASK: Adding orderMktData(price=123,quantity=453)
22:53:37.313 [main] DEBUG c.orderbook.OrderBook - [ORDERBOOK] ASK: Adding orderMktData(price=144,quantity=645)
22:53:37.313 [main] DEBUG c.orderbook.OrderBook - [ORDERBOOK] ASK: Adding orderMktData(price=167,quantity=665)
22:53:37.313 [main] DEBUG c.service.MarketDataService - [ALGO] BID: price:43 quantity:134
22:53:37.313 [main] DEBUG c.service.MarketDataService - [ALGO] BID: price:76 quantity:145
22:53:37.313 [main] DEBUG c.service.MarketDataService - [ALGO] BID: price:91 quantity:300
22:53:37.313 [main] DEBUG c.service.MarketDataService - [ALGO] BID: price:93 quantity:200
22:53:37.313 [main] DEBUG c.service.MarketDataService - [ALGO] BID: price:95 quantity:100
22:53:37.313 [main] DEBUG c.service.MarketDataService - [ALGO] BID: price:98 quantity:154
22:53:37.313 [main] DEBUG c.service.MarketDataService - [ALGO] ASK: price:98 quantity:501
22:53:37.313 [main] DEBUG c.service.MarketDataService - [ALGO] ASK: price:101 quantity:200
22:53:37.313 [main] DEBUG c.service.MarketDataService - [ALGO] ASK: price:110 quantity:5000
22:53:37.313 [main] DEBUG c.service.MarketDataService - [ALGO] ASK: price:119 quantity:5600
22:53:37.313 [main] DEBUG c.service.MarketDataService - [ALGO] ASK: price:123 quantity:453
22:53:37.313 [main] DEBUG c.service.MarketDataService - [ALGO] ASK: price:144 quantity:645
22:53:37.313 [main] DEBUG c.service.MarketDataService - [ALGO] ASK: price:167 quantity:665
22:53:37.313 [main] INFO  c.gettingstarted.MyAlgoLogic - [MYALGO] The state of the order book is:
|----BID-----||----ASK----|
    134 @ 43    501 @ 98
    145 @ 76   200 @ 101
    300 @ 91  5000 @ 110
    200 @ 93  5600 @ 119
    100 @ 95   453 @ 123
    154 @ 98   645 @ 144
          -    665 @ 167
|------------||-----------|

22:53:37.313 [main] INFO  c.gettingstarted.MyAlgoLogic - [MYALGO] Algo Sees Book as: 
|----BID-----||----ASK----|
    134 @ 43    501 @ 98
    145 @ 76   200 @ 101
    300 @ 91  5000 @ 110
    200 @ 93  5600 @ 119
    100 @ 95   453 @ 123
    154 @ 98   645 @ 144
          -    665 @ 167
|------------||-----------|

22:53:37.313 [main] INFO  c.gettingstarted.TimedLogic - [TIMEDLOGIC] Market is closed
22:53:37.313 [main] INFO  c.sequencer.consumer.LoggingConsumer - [230] 
|----BID-----|
    134 @ 43
    145 @ 76
    300 @ 91
    200 @ 93
    100 @ 95
    154 @ 98
|----ASK-----|
    501 @ 98
   200 @ 101
  5000 @ 110
  5600 @ 119
   453 @ 123
   645 @ 144
   665 @ 167

22:53:37.313 [main] INFO  c.orderbook.OrderBook - [ORDERBOOK] Processing Mkt Data Update
22:53:37.313 [main] INFO  c.o.v.MutatingRemoveAllMarketDataOrdersVisitor - [ORDERBOOK] Removing market data order:MktData(price=43,quantity=134)
22:53:37.313 [main] INFO  c.o.v.MutatingRemoveAllMarketDataOrdersVisitor - [ORDERBOOK] Removing level:43
22:53:37.313 [main] DEBUG c.orderbook.OrderBook - [ORDERBOOK] ASK: Adding orderMktData(price=43,quantity=134)
22:53:37.313 [main] DEBUG c.orderbook.OrderBook - [ORDERBOOK] ASK: Adding orderMktData(price=76,quantity=145)
22:53:37.313 [main] DEBUG c.orderbook.OrderBook - [ORDERBOOK] ASK: Adding orderMktData(price=91,quantity=300)
22:53:37.313 [main] DEBUG c.orderbook.OrderBook - [ORDERBOOK] ASK: Adding orderMktData(price=93,quantity=200)
22:53:37.313 [main] DEBUG c.orderbook.OrderBook - [ORDERBOOK] ASK: Adding orderMktData(price=95,quantity=100)
22:53:37.313 [main] DEBUG c.orderbook.OrderBook - [ORDERBOOK] ASK: Adding orderMktData(price=98,quantity=154)
22:53:37.313 [main] INFO  c.o.v.MutatingMatchOneMarketDataOrderVisitor - [ORDERBOOK] visiting LevelOrderBookLevel(price=43,quantity=134)
22:53:37.313 [main] INFO  c.o.v.MutatingMatchOneMarketDataOrderVisitor - [ORDERBOOK] Can't match order:MktData(price=43,quantity=134)(MktData(price=98,quantity=154))
22:53:37.313 [main] INFO  c.o.v.MutatingRemoveAllMarketDataOrdersVisitor - [ORDERBOOK] Removing market data order:MktData(price=98,quantity=501)
22:53:37.313 [main] INFO  c.o.v.MutatingRemoveAllMarketDataOrdersVisitor - [ORDERBOOK] Removing level:98
22:53:37.313 [main] INFO  c.o.v.MutatingRemoveAllMarketDataOrdersVisitor - [ORDERBOOK] Removing market data order:MktData(price=101,quantity=200)
22:53:37.313 [main] INFO  c.o.v.MutatingRemoveAllMarketDataOrdersVisitor - [ORDERBOOK] Removing level:101
22:53:37.313 [main] INFO  c.o.v.MutatingRemoveAllMarketDataOrdersVisitor - [ORDERBOOK] Removing market data order:MktData(price=110,quantity=5000)
22:53:37.313 [main] INFO  c.o.v.MutatingRemoveAllMarketDataOrdersVisitor - [ORDERBOOK] Removing level:110
22:53:37.313 [main] INFO  c.o.v.MutatingRemoveAllMarketDataOrdersVisitor - [ORDERBOOK] Removing market data order:MktData(price=119,quantity=5600)
22:53:37.313 [main] INFO  c.o.v.MutatingRemoveAllMarketDataOrdersVisitor - [ORDERBOOK] Removing level:119
22:53:37.313 [main] INFO  c.o.v.MutatingRemoveAllMarketDataOrdersVisitor - [ORDERBOOK] Removing market data order:MktData(price=123,quantity=453)
22:53:37.313 [main] INFO  c.o.v.MutatingRemoveAllMarketDataOrdersVisitor - [ORDERBOOK] Removing level:123
22:53:37.313 [main] INFO  c.o.v.MutatingRemoveAllMarketDataOrdersVisitor - [ORDERBOOK] Removing market data order:MktData(price=144,quantity=645)
22:53:37.313 [main] INFO  c.o.v.MutatingRemoveAllMarketDataOrdersVisitor - [ORDERBOOK] Removing level:144
22:53:37.313 [main] INFO  c.o.v.MutatingRemoveAllMarketDataOrdersVisitor - [ORDERBOOK] Removing market data order:MktData(price=167,quantity=665)
22:53:37.313 [main] INFO  c.o.v.MutatingRemoveAllMarketDataOrdersVisitor - [ORDERBOOK] Removing level:167
22:53:37.313 [main] DEBUG c.orderbook.OrderBook - [ORDERBOOK] ASK: Adding orderMktData(price=98,quantity=501)
22:53:37.313 [main] DEBUG c.orderbook.OrderBook - [ORDERBOOK] ASK: Adding orderMktData(price=101,quantity=200)
22:53:37.313 [main] DEBUG c.orderbook.OrderBook - [ORDERBOOK] ASK: Adding orderMktData(price=110,quantity=5000)
22:53:37.313 [main] DEBUG c.orderbook.OrderBook - [ORDERBOOK] ASK: Adding orderMktData(price=119,quantity=5600)
22:53:37.313 [main] DEBUG c.orderbook.OrderBook - [ORDERBOOK] ASK: Adding orderMktData(price=123,quantity=453)
22:53:37.313 [main] DEBUG c.orderbook.OrderBook - [ORDERBOOK] ASK: Adding orderMktData(price=144,quantity=645)
22:53:37.313 [main] DEBUG c.orderbook.OrderBook - [ORDERBOOK] ASK: Adding orderMktData(price=167,quantity=665)
22:53:37.313 [main] DEBUG c.service.MarketDataService - [ALGO] BID: price:43 quantity:134
22:53:37.313 [main] DEBUG c.service.MarketDataService - [ALGO] BID: price:76 quantity:145
22:53:37.313 [main] DEBUG c.service.MarketDataService - [ALGO] BID: price:91 quantity:300
22:53:37.313 [main] DEBUG c.service.MarketDataService - [ALGO] BID: price:93 quantity:200
22:53:37.313 [main] DEBUG c.service.MarketDataService - [ALGO] BID: price:95 quantity:100
22:53:37.313 [main] DEBUG c.service.MarketDataService - [ALGO] BID: price:98 quantity:154
22:53:37.313 [main] DEBUG c.service.MarketDataService - [ALGO] ASK: price:98 quantity:501
22:53:37.313 [main] DEBUG c.service.MarketDataService - [ALGO] ASK: price:101 quantity:200
22:53:37.313 [main] DEBUG c.service.MarketDataService - [ALGO] ASK: price:110 quantity:5000
22:53:37.313 [main] DEBUG c.service.MarketDataService - [ALGO] ASK: price:119 quantity:5600
22:53:37.313 [main] DEBUG c.service.MarketDataService - [ALGO] ASK: price:123 quantity:453
22:53:37.313 [main] DEBUG c.service.MarketDataService - [ALGO] ASK: price:144 quantity:645
22:53:37.313 [main] DEBUG c.service.MarketDataService - [ALGO] ASK: price:167 quantity:665
22:53:37.313 [main] INFO  c.gettingstarted.MyAlgoLogic - [MYALGO] The state of the order book is:
|----BID-----||----ASK----|
    134 @ 43    501 @ 98
    145 @ 76   200 @ 101
    300 @ 91  5000 @ 110
    200 @ 93  5600 @ 119
    100 @ 95   453 @ 123
    154 @ 98   645 @ 144
          -    665 @ 167
|------------||-----------|

22:53:37.313 [main] INFO  c.gettingstarted.MyAlgoLogic - [MYALGO] Algo Sees Book as: 
|----BID-----||----ASK----|
    134 @ 43    501 @ 98
    145 @ 76   200 @ 101
    300 @ 91  5000 @ 110
    200 @ 93  5600 @ 119
    100 @ 95   453 @ 123
    154 @ 98   645 @ 144
          -    665 @ 167
|------------||-----------|

22:53:37.313 [main] INFO  c.gettingstarted.TimedLogic - [TIMEDLOGIC] Market is closed
22:53:37.313 [main] INFO  c.sequencer.consumer.LoggingConsumer - [231] 
|----BID-----|
    134 @ 43
    145 @ 76
    300 @ 91
    200 @ 93
    100 @ 95
    154 @ 98
|----ASK-----|
    501 @ 98
   200 @ 101
  5000 @ 110
  5600 @ 119
   453 @ 123
   645 @ 144
   665 @ 167

22:53:37.313 [main] INFO  c.orderbook.OrderBook - [ORDERBOOK] Processing Mkt Data Update
22:53:37.313 [main] INFO  c.o.v.MutatingRemoveAllMarketDataOrdersVisitor - [ORDERBOOK] Removing market data order:MktData(price=43,quantity=134)
22:53:37.313 [main] INFO  c.o.v.MutatingRemoveAllMarketDataOrdersVisitor - [ORDERBOOK] Removing level:43
22:53:37.313 [main] DEBUG c.orderbook.OrderBook - [ORDERBOOK] ASK: Adding orderMktData(price=43,quantity=134)
22:53:37.313 [main] DEBUG c.orderbook.OrderBook - [ORDERBOOK] ASK: Adding orderMktData(price=76,quantity=145)
22:53:37.313 [main] DEBUG c.orderbook.OrderBook - [ORDERBOOK] ASK: Adding orderMktData(price=91,quantity=300)
22:53:37.313 [main] DEBUG c.orderbook.OrderBook - [ORDERBOOK] ASK: Adding orderMktData(price=93,quantity=200)
22:53:37.313 [main] DEBUG c.orderbook.OrderBook - [ORDERBOOK] ASK: Adding orderMktData(price=95,quantity=100)
22:53:37.313 [main] DEBUG c.orderbook.OrderBook - [ORDERBOOK] ASK: Adding orderMktData(price=98,quantity=154)
22:53:37.313 [main] INFO  c.o.v.MutatingMatchOneMarketDataOrderVisitor - [ORDERBOOK] visiting LevelOrderBookLevel(price=43,quantity=134)
22:53:37.313 [main] INFO  c.o.v.MutatingMatchOneMarketDataOrderVisitor - [ORDERBOOK] Can't match order:MktData(price=43,quantity=134)(MktData(price=98,quantity=154))
22:53:37.313 [main] INFO  c.o.v.MutatingRemoveAllMarketDataOrdersVisitor - [ORDERBOOK] Removing market data order:MktData(price=98,quantity=501)
22:53:37.313 [main] INFO  c.o.v.MutatingRemoveAllMarketDataOrdersVisitor - [ORDERBOOK] Removing level:98
22:53:37.313 [main] INFO  c.o.v.MutatingRemoveAllMarketDataOrdersVisitor - [ORDERBOOK] Removing market data order:MktData(price=101,quantity=200)
22:53:37.313 [main] INFO  c.o.v.MutatingRemoveAllMarketDataOrdersVisitor - [ORDERBOOK] Removing level:101
22:53:37.313 [main] INFO  c.o.v.MutatingRemoveAllMarketDataOrdersVisitor - [ORDERBOOK] Removing market data order:MktData(price=110,quantity=5000)
22:53:37.313 [main] INFO  c.o.v.MutatingRemoveAllMarketDataOrdersVisitor - [ORDERBOOK] Removing level:110
22:53:37.313 [main] INFO  c.o.v.MutatingRemoveAllMarketDataOrdersVisitor - [ORDERBOOK] Removing market data order:MktData(price=119,quantity=5600)
22:53:37.313 [main] INFO  c.o.v.MutatingRemoveAllMarketDataOrdersVisitor - [ORDERBOOK] Removing level:119
22:53:37.313 [main] INFO  c.o.v.MutatingRemoveAllMarketDataOrdersVisitor - [ORDERBOOK] Removing market data order:MktData(price=123,quantity=453)
22:53:37.313 [main] INFO  c.o.v.MutatingRemoveAllMarketDataOrdersVisitor - [ORDERBOOK] Removing level:123
22:53:37.313 [main] INFO  c.o.v.MutatingRemoveAllMarketDataOrdersVisitor - [ORDERBOOK] Removing market data order:MktData(price=144,quantity=645)
22:53:37.313 [main] INFO  c.o.v.MutatingRemoveAllMarketDataOrdersVisitor - [ORDERBOOK] Removing level:144
22:53:37.313 [main] INFO  c.o.v.MutatingRemoveAllMarketDataOrdersVisitor - [ORDERBOOK] Removing market data order:MktData(price=167,quantity=665)
22:53:37.313 [main] INFO  c.o.v.MutatingRemoveAllMarketDataOrdersVisitor - [ORDERBOOK] Removing level:167
22:53:37.313 [main] DEBUG c.orderbook.OrderBook - [ORDERBOOK] ASK: Adding orderMktData(price=98,quantity=501)
22:53:37.313 [main] DEBUG c.orderbook.OrderBook - [ORDERBOOK] ASK: Adding orderMktData(price=101,quantity=200)
22:53:37.313 [main] DEBUG c.orderbook.OrderBook - [ORDERBOOK] ASK: Adding orderMktData(price=110,quantity=5000)
22:53:37.313 [main] DEBUG c.orderbook.OrderBook - [ORDERBOOK] ASK: Adding orderMktData(price=119,quantity=5600)
22:53:37.313 [main] DEBUG c.orderbook.OrderBook - [ORDERBOOK] ASK: Adding orderMktData(price=123,quantity=453)
22:53:37.313 [main] DEBUG c.orderbook.OrderBook - [ORDERBOOK] ASK: Adding orderMktData(price=144,quantity=645)
22:53:37.313 [main] DEBUG c.orderbook.OrderBook - [ORDERBOOK] ASK: Adding orderMktData(price=167,quantity=665)
22:53:37.313 [main] DEBUG c.service.MarketDataService - [ALGO] BID: price:43 quantity:134
22:53:37.313 [main] DEBUG c.service.MarketDataService - [ALGO] BID: price:76 quantity:145
22:53:37.313 [main] DEBUG c.service.MarketDataService - [ALGO] BID: price:91 quantity:300
22:53:37.313 [main] DEBUG c.service.MarketDataService - [ALGO] BID: price:93 quantity:200
22:53:37.313 [main] DEBUG c.service.MarketDataService - [ALGO] BID: price:95 quantity:100
22:53:37.313 [main] DEBUG c.service.MarketDataService - [ALGO] BID: price:98 quantity:154
22:53:37.313 [main] DEBUG c.service.MarketDataService - [ALGO] ASK: price:98 quantity:501
22:53:37.313 [main] DEBUG c.service.MarketDataService - [ALGO] ASK: price:101 quantity:200
22:53:37.313 [main] DEBUG c.service.MarketDataService - [ALGO] ASK: price:110 quantity:5000
22:53:37.313 [main] DEBUG c.service.MarketDataService - [ALGO] ASK: price:119 quantity:5600
22:53:37.313 [main] DEBUG c.service.MarketDataService - [ALGO] ASK: price:123 quantity:453
22:53:37.313 [main] DEBUG c.service.MarketDataService - [ALGO] ASK: price:144 quantity:645
22:53:37.313 [main] DEBUG c.service.MarketDataService - [ALGO] ASK: price:167 quantity:665
22:53:37.313 [main] INFO  c.gettingstarted.MyAlgoLogic - [MYALGO] The state of the order book is:
|----BID-----||----ASK----|
    134 @ 43    501 @ 98
    145 @ 76   200 @ 101
    300 @ 91  5000 @ 110
    200 @ 93  5600 @ 119
    100 @ 95   453 @ 123
    154 @ 98   645 @ 144
          -    665 @ 167
|------------||-----------|

22:53:37.313 [main] INFO  c.gettingstarted.MyAlgoLogic - [MYALGO] Algo Sees Book as: 
|----BID-----||----ASK----|
    134 @ 43    501 @ 98
    145 @ 76   200 @ 101
    300 @ 91  5000 @ 110
    200 @ 93  5600 @ 119
    100 @ 95   453 @ 123
    154 @ 98   645 @ 144
          -    665 @ 167
|------------||-----------|

22:53:37.313 [main] INFO  c.gettingstarted.TimedLogic - [TIMEDLOGIC] Market is closed
22:53:37.313 [main] INFO  c.sequencer.consumer.LoggingConsumer - [232] 
|----BID-----|
    134 @ 43
    145 @ 76
    300 @ 91
    200 @ 93
    100 @ 95
    154 @ 98
|----ASK-----|
    501 @ 98
   200 @ 101
  5000 @ 110
  5600 @ 119
   453 @ 123
   645 @ 144
   665 @ 167

22:53:37.313 [main] INFO  c.orderbook.OrderBook - [ORDERBOOK] Processing Mkt Data Update
22:53:37.313 [main] INFO  c.o.v.MutatingRemoveAllMarketDataOrdersVisitor - [ORDERBOOK] Removing market data order:MktData(price=43,quantity=134)
22:53:37.313 [main] INFO  c.o.v.MutatingRemoveAllMarketDataOrdersVisitor - [ORDERBOOK] Removing level:43
22:53:37.313 [main] DEBUG c.orderbook.OrderBook - [ORDERBOOK] ASK: Adding orderMktData(price=43,quantity=134)
22:53:37.315 [main] DEBUG c.orderbook.OrderBook - [ORDERBOOK] ASK: Adding orderMktData(price=76,quantity=145)
22:53:37.315 [main] DEBUG c.orderbook.OrderBook - [ORDERBOOK] ASK: Adding orderMktData(price=91,quantity=300)
22:53:37.315 [main] DEBUG c.orderbook.OrderBook - [ORDERBOOK] ASK: Adding orderMktData(price=93,quantity=200)
22:53:37.315 [main] DEBUG c.orderbook.OrderBook - [ORDERBOOK] ASK: Adding orderMktData(price=95,quantity=100)
22:53:37.315 [main] DEBUG c.orderbook.OrderBook - [ORDERBOOK] ASK: Adding orderMktData(price=98,quantity=154)
22:53:37.315 [main] INFO  c.o.v.MutatingMatchOneMarketDataOrderVisitor - [ORDERBOOK] visiting LevelOrderBookLevel(price=43,quantity=134)
22:53:37.315 [main] INFO  c.o.v.MutatingMatchOneMarketDataOrderVisitor - [ORDERBOOK] Can't match order:MktData(price=43,quantity=134)(MktData(price=98,quantity=154))
22:53:37.315 [main] INFO  c.o.v.MutatingRemoveAllMarketDataOrdersVisitor - [ORDERBOOK] Removing market data order:MktData(price=98,quantity=501)
22:53:37.315 [main] INFO  c.o.v.MutatingRemoveAllMarketDataOrdersVisitor - [ORDERBOOK] Removing level:98
22:53:37.315 [main] INFO  c.o.v.MutatingRemoveAllMarketDataOrdersVisitor - [ORDERBOOK] Removing market data order:MktData(price=101,quantity=200)
22:53:37.315 [main] INFO  c.o.v.MutatingRemoveAllMarketDataOrdersVisitor - [ORDERBOOK] Removing level:101
22:53:37.315 [main] INFO  c.o.v.MutatingRemoveAllMarketDataOrdersVisitor - [ORDERBOOK] Removing market data order:MktData(price=110,quantity=5000)
22:53:37.315 [main] INFO  c.o.v.MutatingRemoveAllMarketDataOrdersVisitor - [ORDERBOOK] Removing level:110
22:53:37.315 [main] INFO  c.o.v.MutatingRemoveAllMarketDataOrdersVisitor - [ORDERBOOK] Removing market data order:MktData(price=119,quantity=5600)
22:53:37.315 [main] INFO  c.o.v.MutatingRemoveAllMarketDataOrdersVisitor - [ORDERBOOK] Removing level:119
22:53:37.315 [main] INFO  c.o.v.MutatingRemoveAllMarketDataOrdersVisitor - [ORDERBOOK] Removing market data order:MktData(price=123,quantity=453)
22:53:37.315 [main] INFO  c.o.v.MutatingRemoveAllMarketDataOrdersVisitor - [ORDERBOOK] Removing level:123
22:53:37.315 [main] INFO  c.o.v.MutatingRemoveAllMarketDataOrdersVisitor - [ORDERBOOK] Removing market data order:MktData(price=144,quantity=645)
22:53:37.315 [main] INFO  c.o.v.MutatingRemoveAllMarketDataOrdersVisitor - [ORDERBOOK] Removing level:144
22:53:37.315 [main] INFO  c.o.v.MutatingRemoveAllMarketDataOrdersVisitor - [ORDERBOOK] Removing market data order:MktData(price=167,quantity=665)
22:53:37.315 [main] INFO  c.o.v.MutatingRemoveAllMarketDataOrdersVisitor - [ORDERBOOK] Removing level:167
22:53:37.315 [main] DEBUG c.orderbook.OrderBook - [ORDERBOOK] ASK: Adding orderMktData(price=98,quantity=501)
22:53:37.315 [main] DEBUG c.orderbook.OrderBook - [ORDERBOOK] ASK: Adding orderMktData(price=101,quantity=200)
22:53:37.315 [main] DEBUG c.orderbook.OrderBook - [ORDERBOOK] ASK: Adding orderMktData(price=110,quantity=5000)
22:53:37.315 [main] DEBUG c.orderbook.OrderBook - [ORDERBOOK] ASK: Adding orderMktData(price=119,quantity=5600)
22:53:37.315 [main] DEBUG c.orderbook.OrderBook - [ORDERBOOK] ASK: Adding orderMktData(price=123,quantity=453)
22:53:37.315 [main] DEBUG c.orderbook.OrderBook - [ORDERBOOK] ASK: Adding orderMktData(price=144,quantity=645)
22:53:37.315 [main] DEBUG c.orderbook.OrderBook - [ORDERBOOK] ASK: Adding orderMktData(price=167,quantity=665)
22:53:37.315 [main] DEBUG c.service.MarketDataService - [ALGO] BID: price:43 quantity:134
22:53:37.315 [main] DEBUG c.service.MarketDataService - [ALGO] BID: price:76 quantity:145
22:53:37.315 [main] DEBUG c.service.MarketDataService - [ALGO] BID: price:91 quantity:300
22:53:37.315 [main] DEBUG c.service.MarketDataService - [ALGO] BID: price:93 quantity:200
22:53:37.315 [main] DEBUG c.service.MarketDataService - [ALGO] BID: price:95 quantity:100
22:53:37.315 [main] DEBUG c.service.MarketDataService - [ALGO] BID: price:98 quantity:154
22:53:37.315 [main] DEBUG c.service.MarketDataService - [ALGO] ASK: price:98 quantity:501
22:53:37.315 [main] DEBUG c.service.MarketDataService - [ALGO] ASK: price:101 quantity:200
22:53:37.315 [main] DEBUG c.service.MarketDataService - [ALGO] ASK: price:110 quantity:5000
22:53:37.315 [main] DEBUG c.service.MarketDataService - [ALGO] ASK: price:119 quantity:5600
22:53:37.315 [main] DEBUG c.service.MarketDataService - [ALGO] ASK: price:123 quantity:453
22:53:37.315 [main] DEBUG c.service.MarketDataService - [ALGO] ASK: price:144 quantity:645
22:53:37.315 [main] DEBUG c.service.MarketDataService - [ALGO] ASK: price:167 quantity:665
22:53:37.315 [main] INFO  c.gettingstarted.MyAlgoLogic - [MYALGO] The state of the order book is:
|----BID-----||----ASK----|
    134 @ 43    501 @ 98
    145 @ 76   200 @ 101
    300 @ 91  5000 @ 110
    200 @ 93  5600 @ 119
    100 @ 95   453 @ 123
    154 @ 98   645 @ 144
          -    665 @ 167
|------------||-----------|

22:53:37.315 [main] INFO  c.gettingstarted.MyAlgoLogic - [MYALGO] Algo Sees Book as: 
|----BID-----||----ASK----|
    134 @ 43    501 @ 98
    145 @ 76   200 @ 101
    300 @ 91  5000 @ 110
    200 @ 93  5600 @ 119
    100 @ 95   453 @ 123
    154 @ 98   645 @ 144
          -    665 @ 167
|------------||-----------|

22:53:37.315 [main] INFO  c.gettingstarted.TimedLogic - [TIMEDLOGIC] Market is closed
22:53:37.315 [main] INFO  c.sequencer.consumer.LoggingConsumer - [233] 
|----BID-----|
    134 @ 43
    145 @ 76
    300 @ 91
    200 @ 93
    100 @ 95
    154 @ 98
|----ASK-----|
    501 @ 98
   200 @ 101
  5000 @ 110
  5600 @ 119
   453 @ 123
   645 @ 144
   665 @ 167

22:53:37.315 [main] INFO  c.orderbook.OrderBook - [ORDERBOOK] Processing Mkt Data Update
22:53:37.315 [main] INFO  c.o.v.MutatingRemoveAllMarketDataOrdersVisitor - [ORDERBOOK] Removing market data order:MktData(price=43,quantity=134)
22:53:37.315 [main] INFO  c.o.v.MutatingRemoveAllMarketDataOrdersVisitor - [ORDERBOOK] Removing level:43
22:53:37.315 [main] DEBUG c.orderbook.OrderBook - [ORDERBOOK] ASK: Adding orderMktData(price=43,quantity=134)
22:53:37.315 [main] DEBUG c.orderbook.OrderBook - [ORDERBOOK] ASK: Adding orderMktData(price=76,quantity=145)
22:53:37.315 [main] DEBUG c.orderbook.OrderBook - [ORDERBOOK] ASK: Adding orderMktData(price=91,quantity=300)
22:53:37.315 [main] DEBUG c.orderbook.OrderBook - [ORDERBOOK] ASK: Adding orderMktData(price=93,quantity=200)
22:53:37.315 [main] DEBUG c.orderbook.OrderBook - [ORDERBOOK] ASK: Adding orderMktData(price=95,quantity=100)
22:53:37.315 [main] DEBUG c.orderbook.OrderBook - [ORDERBOOK] ASK: Adding orderMktData(price=98,quantity=154)
22:53:37.315 [main] INFO  c.o.v.MutatingMatchOneMarketDataOrderVisitor - [ORDERBOOK] visiting LevelOrderBookLevel(price=43,quantity=134)
22:53:37.315 [main] INFO  c.o.v.MutatingMatchOneMarketDataOrderVisitor - [ORDERBOOK] Can't match order:MktData(price=43,quantity=134)(MktData(price=98,quantity=154))
22:53:37.315 [main] INFO  c.o.v.MutatingRemoveAllMarketDataOrdersVisitor - [ORDERBOOK] Removing market data order:MktData(price=98,quantity=501)
22:53:37.315 [main] INFO  c.o.v.MutatingRemoveAllMarketDataOrdersVisitor - [ORDERBOOK] Removing level:98
22:53:37.315 [main] INFO  c.o.v.MutatingRemoveAllMarketDataOrdersVisitor - [ORDERBOOK] Removing market data order:MktData(price=101,quantity=200)
22:53:37.315 [main] INFO  c.o.v.MutatingRemoveAllMarketDataOrdersVisitor - [ORDERBOOK] Removing level:101
22:53:37.315 [main] INFO  c.o.v.MutatingRemoveAllMarketDataOrdersVisitor - [ORDERBOOK] Removing market data order:MktData(price=110,quantity=5000)
22:53:37.315 [main] INFO  c.o.v.MutatingRemoveAllMarketDataOrdersVisitor - [ORDERBOOK] Removing level:110
22:53:37.315 [main] INFO  c.o.v.MutatingRemoveAllMarketDataOrdersVisitor - [ORDERBOOK] Removing market data order:MktData(price=119,quantity=5600)
22:53:37.315 [main] INFO  c.o.v.MutatingRemoveAllMarketDataOrdersVisitor - [ORDERBOOK] Removing level:119
22:53:37.315 [main] INFO  c.o.v.MutatingRemoveAllMarketDataOrdersVisitor - [ORDERBOOK] Removing market data order:MktData(price=123,quantity=453)
22:53:37.315 [main] INFO  c.o.v.MutatingRemoveAllMarketDataOrdersVisitor - [ORDERBOOK] Removing level:123
22:53:37.315 [main] INFO  c.o.v.MutatingRemoveAllMarketDataOrdersVisitor - [ORDERBOOK] Removing market data order:MktData(price=144,quantity=645)
22:53:37.315 [main] INFO  c.o.v.MutatingRemoveAllMarketDataOrdersVisitor - [ORDERBOOK] Removing level:144
22:53:37.315 [main] INFO  c.o.v.MutatingRemoveAllMarketDataOrdersVisitor - [ORDERBOOK] Removing market data order:MktData(price=167,quantity=665)
22:53:37.315 [main] INFO  c.o.v.MutatingRemoveAllMarketDataOrdersVisitor - [ORDERBOOK] Removing level:167
22:53:37.315 [main] DEBUG c.orderbook.OrderBook - [ORDERBOOK] ASK: Adding orderMktData(price=98,quantity=501)
22:53:37.315 [main] DEBUG c.orderbook.OrderBook - [ORDERBOOK] ASK: Adding orderMktData(price=101,quantity=200)
22:53:37.315 [main] DEBUG c.orderbook.OrderBook - [ORDERBOOK] ASK: Adding orderMktData(price=110,quantity=5000)
22:53:37.315 [main] DEBUG c.orderbook.OrderBook - [ORDERBOOK] ASK: Adding orderMktData(price=119,quantity=5600)
22:53:37.315 [main] DEBUG c.orderbook.OrderBook - [ORDERBOOK] ASK: Adding orderMktData(price=123,quantity=453)
22:53:37.315 [main] DEBUG c.orderbook.OrderBook - [ORDERBOOK] ASK: Adding orderMktData(price=144,quantity=645)
22:53:37.315 [main] DEBUG c.orderbook.OrderBook - [ORDERBOOK] ASK: Adding orderMktData(price=167,quantity=665)
22:53:37.315 [main] DEBUG c.service.MarketDataService - [ALGO] BID: price:43 quantity:134
22:53:37.315 [main] DEBUG c.service.MarketDataService - [ALGO] BID: price:76 quantity:145
22:53:37.315 [main] DEBUG c.service.MarketDataService - [ALGO] BID: price:91 quantity:300
22:53:37.315 [main] DEBUG c.service.MarketDataService - [ALGO] BID: price:93 quantity:200
22:53:37.315 [main] DEBUG c.service.MarketDataService - [ALGO] BID: price:95 quantity:100
22:53:37.315 [main] DEBUG c.service.MarketDataService - [ALGO] BID: price:98 quantity:154
22:53:37.315 [main] DEBUG c.service.MarketDataService - [ALGO] ASK: price:98 quantity:501
22:53:37.315 [main] DEBUG c.service.MarketDataService - [ALGO] ASK: price:101 quantity:200
22:53:37.315 [main] DEBUG c.service.MarketDataService - [ALGO] ASK: price:110 quantity:5000
22:53:37.315 [main] DEBUG c.service.MarketDataService - [ALGO] ASK: price:119 quantity:5600
22:53:37.315 [main] DEBUG c.service.MarketDataService - [ALGO] ASK: price:123 quantity:453
22:53:37.315 [main] DEBUG c.service.MarketDataService - [ALGO] ASK: price:144 quantity:645
22:53:37.315 [main] DEBUG c.service.MarketDataService - [ALGO] ASK: price:167 quantity:665
22:53:37.316 [main] INFO  c.gettingstarted.MyAlgoLogic - [MYALGO] The state of the order book is:
|----BID-----||----ASK----|
    134 @ 43    501 @ 98
    145 @ 76   200 @ 101
    300 @ 91  5000 @ 110
    200 @ 93  5600 @ 119
    100 @ 95   453 @ 123
    154 @ 98   645 @ 144
          -    665 @ 167
|------------||-----------|

22:53:37.316 [main] INFO  c.gettingstarted.MyAlgoLogic - [MYALGO] Algo Sees Book as: 
|----BID-----||----ASK----|
    134 @ 43    501 @ 98
    145 @ 76   200 @ 101
    300 @ 91  5000 @ 110
    200 @ 93  5600 @ 119
    100 @ 95   453 @ 123
    154 @ 98   645 @ 144
          -    665 @ 167
|------------||-----------|

22:53:37.316 [main] INFO  c.gettingstarted.TimedLogic - [TIMEDLOGIC] Market is closed
22:53:37.316 [main] INFO  c.sequencer.consumer.LoggingConsumer - [234] 
|----BID-----|
    134 @ 43
    145 @ 76
    300 @ 91
    200 @ 93
    100 @ 95
    154 @ 98
|----ASK-----|
    501 @ 98
   200 @ 101
  5000 @ 110
  5600 @ 119
   453 @ 123
   645 @ 144
   665 @ 167

22:53:37.316 [main] INFO  c.orderbook.OrderBook - [ORDERBOOK] Processing Mkt Data Update
22:53:37.316 [main] INFO  c.o.v.MutatingRemoveAllMarketDataOrdersVisitor - [ORDERBOOK] Removing market data order:MktData(price=43,quantity=134)
22:53:37.316 [main] INFO  c.o.v.MutatingRemoveAllMarketDataOrdersVisitor - [ORDERBOOK] Removing level:43
22:53:37.316 [main] DEBUG c.orderbook.OrderBook - [ORDERBOOK] ASK: Adding orderMktData(price=43,quantity=134)
22:53:37.316 [main] DEBUG c.orderbook.OrderBook - [ORDERBOOK] ASK: Adding orderMktData(price=76,quantity=145)
22:53:37.316 [main] DEBUG c.orderbook.OrderBook - [ORDERBOOK] ASK: Adding orderMktData(price=91,quantity=300)
22:53:37.316 [main] DEBUG c.orderbook.OrderBook - [ORDERBOOK] ASK: Adding orderMktData(price=93,quantity=200)
22:53:37.316 [main] DEBUG c.orderbook.OrderBook - [ORDERBOOK] ASK: Adding orderMktData(price=95,quantity=100)
22:53:37.316 [main] DEBUG c.orderbook.OrderBook - [ORDERBOOK] ASK: Adding orderMktData(price=98,quantity=154)
22:53:37.316 [main] INFO  c.o.v.MutatingMatchOneMarketDataOrderVisitor - [ORDERBOOK] visiting LevelOrderBookLevel(price=43,quantity=134)
22:53:37.316 [main] INFO  c.o.v.MutatingMatchOneMarketDataOrderVisitor - [ORDERBOOK] Can't match order:MktData(price=43,quantity=134)(MktData(price=98,quantity=154))
22:53:37.316 [main] INFO  c.o.v.MutatingRemoveAllMarketDataOrdersVisitor - [ORDERBOOK] Removing market data order:MktData(price=98,quantity=501)
22:53:37.316 [main] INFO  c.o.v.MutatingRemoveAllMarketDataOrdersVisitor - [ORDERBOOK] Removing level:98
22:53:37.316 [main] INFO  c.o.v.MutatingRemoveAllMarketDataOrdersVisitor - [ORDERBOOK] Removing market data order:MktData(price=101,quantity=200)
22:53:37.316 [main] INFO  c.o.v.MutatingRemoveAllMarketDataOrdersVisitor - [ORDERBOOK] Removing level:101
22:53:37.316 [main] INFO  c.o.v.MutatingRemoveAllMarketDataOrdersVisitor - [ORDERBOOK] Removing market data order:MktData(price=110,quantity=5000)
22:53:37.316 [main] INFO  c.o.v.MutatingRemoveAllMarketDataOrdersVisitor - [ORDERBOOK] Removing level:110
22:53:37.316 [main] INFO  c.o.v.MutatingRemoveAllMarketDataOrdersVisitor - [ORDERBOOK] Removing market data order:MktData(price=119,quantity=5600)
22:53:37.316 [main] INFO  c.o.v.MutatingRemoveAllMarketDataOrdersVisitor - [ORDERBOOK] Removing level:119
22:53:37.316 [main] INFO  c.o.v.MutatingRemoveAllMarketDataOrdersVisitor - [ORDERBOOK] Removing market data order:MktData(price=123,quantity=453)
22:53:37.316 [main] INFO  c.o.v.MutatingRemoveAllMarketDataOrdersVisitor - [ORDERBOOK] Removing level:123
22:53:37.316 [main] INFO  c.o.v.MutatingRemoveAllMarketDataOrdersVisitor - [ORDERBOOK] Removing market data order:MktData(price=144,quantity=645)
22:53:37.316 [main] INFO  c.o.v.MutatingRemoveAllMarketDataOrdersVisitor - [ORDERBOOK] Removing level:144
22:53:37.316 [main] INFO  c.o.v.MutatingRemoveAllMarketDataOrdersVisitor - [ORDERBOOK] Removing market data order:MktData(price=167,quantity=665)
22:53:37.316 [main] INFO  c.o.v.MutatingRemoveAllMarketDataOrdersVisitor - [ORDERBOOK] Removing level:167
22:53:37.316 [main] DEBUG c.orderbook.OrderBook - [ORDERBOOK] ASK: Adding orderMktData(price=98,quantity=501)
22:53:37.316 [main] DEBUG c.orderbook.OrderBook - [ORDERBOOK] ASK: Adding orderMktData(price=101,quantity=200)
22:53:37.316 [main] DEBUG c.orderbook.OrderBook - [ORDERBOOK] ASK: Adding orderMktData(price=110,quantity=5000)
22:53:37.316 [main] DEBUG c.orderbook.OrderBook - [ORDERBOOK] ASK: Adding orderMktData(price=119,quantity=5600)
22:53:37.316 [main] DEBUG c.orderbook.OrderBook - [ORDERBOOK] ASK: Adding orderMktData(price=123,quantity=453)
22:53:37.316 [main] DEBUG c.orderbook.OrderBook - [ORDERBOOK] ASK: Adding orderMktData(price=144,quantity=645)
22:53:37.316 [main] DEBUG c.orderbook.OrderBook - [ORDERBOOK] ASK: Adding orderMktData(price=167,quantity=665)
22:53:37.316 [main] DEBUG c.service.MarketDataService - [ALGO] BID: price:43 quantity:134
22:53:37.316 [main] DEBUG c.service.MarketDataService - [ALGO] BID: price:76 quantity:145
22:53:37.316 [main] DEBUG c.service.MarketDataService - [ALGO] BID: price:91 quantity:300
22:53:37.316 [main] DEBUG c.service.MarketDataService - [ALGO] BID: price:93 quantity:200
22:53:37.316 [main] DEBUG c.service.MarketDataService - [ALGO] BID: price:95 quantity:100
22:53:37.316 [main] DEBUG c.service.MarketDataService - [ALGO] BID: price:98 quantity:154
22:53:37.316 [main] DEBUG c.service.MarketDataService - [ALGO] ASK: price:98 quantity:501
22:53:37.316 [main] DEBUG c.service.MarketDataService - [ALGO] ASK: price:101 quantity:200
22:53:37.316 [main] DEBUG c.service.MarketDataService - [ALGO] ASK: price:110 quantity:5000
22:53:37.316 [main] DEBUG c.service.MarketDataService - [ALGO] ASK: price:119 quantity:5600
22:53:37.316 [main] DEBUG c.service.MarketDataService - [ALGO] ASK: price:123 quantity:453
22:53:37.316 [main] DEBUG c.service.MarketDataService - [ALGO] ASK: price:144 quantity:645
22:53:37.316 [main] DEBUG c.service.MarketDataService - [ALGO] ASK: price:167 quantity:665
22:53:37.316 [main] INFO  c.gettingstarted.MyAlgoLogic - [MYALGO] The state of the order book is:
|----BID-----||----ASK----|
    134 @ 43    501 @ 98
    145 @ 76   200 @ 101
    300 @ 91  5000 @ 110
    200 @ 93  5600 @ 119
    100 @ 95   453 @ 123
    154 @ 98   645 @ 144
          -    665 @ 167
|------------||-----------|

22:53:37.316 [main] INFO  c.gettingstarted.MyAlgoLogic - [MYALGO] Algo Sees Book as: 
|----BID-----||----ASK----|
    134 @ 43    501 @ 98
    145 @ 76   200 @ 101
    300 @ 91  5000 @ 110
    200 @ 93  5600 @ 119
    100 @ 95   453 @ 123
    154 @ 98   645 @ 144
          -    665 @ 167
|------------||-----------|

22:53:37.318 [main] INFO  c.gettingstarted.TimedLogic - [TIMEDLOGIC] Market is closed
22:53:37.318 [main] INFO  c.sequencer.consumer.LoggingConsumer - [235] 
|----BID-----|
    134 @ 43
    145 @ 76
    300 @ 91
    200 @ 93
    100 @ 95
    154 @ 98
|----ASK-----|
    501 @ 98
   200 @ 101
  5000 @ 110
  5600 @ 119
   453 @ 123
   645 @ 144
   665 @ 167

22:53:37.318 [main] INFO  c.orderbook.OrderBook - [ORDERBOOK] Processing Mkt Data Update
22:53:37.318 [main] INFO  c.o.v.MutatingRemoveAllMarketDataOrdersVisitor - [ORDERBOOK] Removing market data order:MktData(price=43,quantity=134)
22:53:37.318 [main] INFO  c.o.v.MutatingRemoveAllMarketDataOrdersVisitor - [ORDERBOOK] Removing level:43
22:53:37.318 [main] DEBUG c.orderbook.OrderBook - [ORDERBOOK] ASK: Adding orderMktData(price=43,quantity=134)
22:53:37.318 [main] DEBUG c.orderbook.OrderBook - [ORDERBOOK] ASK: Adding orderMktData(price=76,quantity=145)
22:53:37.318 [main] DEBUG c.orderbook.OrderBook - [ORDERBOOK] ASK: Adding orderMktData(price=91,quantity=300)
22:53:37.318 [main] DEBUG c.orderbook.OrderBook - [ORDERBOOK] ASK: Adding orderMktData(price=93,quantity=200)
22:53:37.318 [main] DEBUG c.orderbook.OrderBook - [ORDERBOOK] ASK: Adding orderMktData(price=95,quantity=100)
22:53:37.318 [main] DEBUG c.orderbook.OrderBook - [ORDERBOOK] ASK: Adding orderMktData(price=98,quantity=154)
22:53:37.318 [main] INFO  c.o.v.MutatingMatchOneMarketDataOrderVisitor - [ORDERBOOK] visiting LevelOrderBookLevel(price=43,quantity=134)
22:53:37.318 [main] INFO  c.o.v.MutatingMatchOneMarketDataOrderVisitor - [ORDERBOOK] Can't match order:MktData(price=43,quantity=134)(MktData(price=98,quantity=154))
22:53:37.318 [main] INFO  c.o.v.MutatingRemoveAllMarketDataOrdersVisitor - [ORDERBOOK] Removing market data order:MktData(price=98,quantity=501)
22:53:37.318 [main] INFO  c.o.v.MutatingRemoveAllMarketDataOrdersVisitor - [ORDERBOOK] Removing level:98
22:53:37.318 [main] INFO  c.o.v.MutatingRemoveAllMarketDataOrdersVisitor - [ORDERBOOK] Removing market data order:MktData(price=101,quantity=200)
22:53:37.318 [main] INFO  c.o.v.MutatingRemoveAllMarketDataOrdersVisitor - [ORDERBOOK] Removing level:101
22:53:37.318 [main] INFO  c.o.v.MutatingRemoveAllMarketDataOrdersVisitor - [ORDERBOOK] Removing market data order:MktData(price=110,quantity=5000)
22:53:37.318 [main] INFO  c.o.v.MutatingRemoveAllMarketDataOrdersVisitor - [ORDERBOOK] Removing level:110
22:53:37.318 [main] INFO  c.o.v.MutatingRemoveAllMarketDataOrdersVisitor - [ORDERBOOK] Removing market data order:MktData(price=119,quantity=5600)
22:53:37.318 [main] INFO  c.o.v.MutatingRemoveAllMarketDataOrdersVisitor - [ORDERBOOK] Removing level:119
22:53:37.318 [main] INFO  c.o.v.MutatingRemoveAllMarketDataOrdersVisitor - [ORDERBOOK] Removing market data order:MktData(price=123,quantity=453)
22:53:37.318 [main] INFO  c.o.v.MutatingRemoveAllMarketDataOrdersVisitor - [ORDERBOOK] Removing level:123
22:53:37.318 [main] INFO  c.o.v.MutatingRemoveAllMarketDataOrdersVisitor - [ORDERBOOK] Removing market data order:MktData(price=144,quantity=645)
22:53:37.318 [main] INFO  c.o.v.MutatingRemoveAllMarketDataOrdersVisitor - [ORDERBOOK] Removing level:144
22:53:37.318 [main] INFO  c.o.v.MutatingRemoveAllMarketDataOrdersVisitor - [ORDERBOOK] Removing market data order:MktData(price=167,quantity=665)
22:53:37.318 [main] INFO  c.o.v.MutatingRemoveAllMarketDataOrdersVisitor - [ORDERBOOK] Removing level:167
22:53:37.318 [main] DEBUG c.orderbook.OrderBook - [ORDERBOOK] ASK: Adding orderMktData(price=98,quantity=501)
22:53:37.318 [main] DEBUG c.orderbook.OrderBook - [ORDERBOOK] ASK: Adding orderMktData(price=101,quantity=200)
22:53:37.318 [main] DEBUG c.orderbook.OrderBook - [ORDERBOOK] ASK: Adding orderMktData(price=110,quantity=5000)
22:53:37.318 [main] DEBUG c.orderbook.OrderBook - [ORDERBOOK] ASK: Adding orderMktData(price=119,quantity=5600)
22:53:37.318 [main] DEBUG c.orderbook.OrderBook - [ORDERBOOK] ASK: Adding orderMktData(price=123,quantity=453)
22:53:37.318 [main] DEBUG c.orderbook.OrderBook - [ORDERBOOK] ASK: Adding orderMktData(price=144,quantity=645)
22:53:37.318 [main] DEBUG c.orderbook.OrderBook - [ORDERBOOK] ASK: Adding orderMktData(price=167,quantity=665)
22:53:37.318 [main] DEBUG c.service.MarketDataService - [ALGO] BID: price:43 quantity:134
22:53:37.318 [main] DEBUG c.service.MarketDataService - [ALGO] BID: price:76 quantity:145
22:53:37.318 [main] DEBUG c.service.MarketDataService - [ALGO] BID: price:91 quantity:300
22:53:37.318 [main] DEBUG c.service.MarketDataService - [ALGO] BID: price:93 quantity:200
22:53:37.318 [main] DEBUG c.service.MarketDataService - [ALGO] BID: price:95 quantity:100
22:53:37.318 [main] DEBUG c.service.MarketDataService - [ALGO] BID: price:98 quantity:154
22:53:37.318 [main] DEBUG c.service.MarketDataService - [ALGO] ASK: price:98 quantity:501
22:53:37.318 [main] DEBUG c.service.MarketDataService - [ALGO] ASK: price:101 quantity:200
22:53:37.318 [main] DEBUG c.service.MarketDataService - [ALGO] ASK: price:110 quantity:5000
22:53:37.318 [main] DEBUG c.service.MarketDataService - [ALGO] ASK: price:119 quantity:5600
22:53:37.318 [main] DEBUG c.service.MarketDataService - [ALGO] ASK: price:123 quantity:453
22:53:37.318 [main] DEBUG c.service.MarketDataService - [ALGO] ASK: price:144 quantity:645
22:53:37.318 [main] DEBUG c.service.MarketDataService - [ALGO] ASK: price:167 quantity:665
22:53:37.318 [main] INFO  c.gettingstarted.MyAlgoLogic - [MYALGO] The state of the order book is:
|----BID-----||----ASK----|
    134 @ 43    501 @ 98
    145 @ 76   200 @ 101
    300 @ 91  5000 @ 110
    200 @ 93  5600 @ 119
    100 @ 95   453 @ 123
    154 @ 98   645 @ 144
          -    665 @ 167
|------------||-----------|

22:53:37.318 [main] INFO  c.gettingstarted.MyAlgoLogic - [MYALGO] Algo Sees Book as: 
|----BID-----||----ASK----|
    134 @ 43    501 @ 98
    145 @ 76   200 @ 101
    300 @ 91  5000 @ 110
    200 @ 93  5600 @ 119
    100 @ 95   453 @ 123
    154 @ 98   645 @ 144
          -    665 @ 167
|------------||-----------|

22:53:37.318 [main] INFO  c.gettingstarted.TimedLogic - [TIMEDLOGIC] Market is closed
22:53:37.318 [main] INFO  c.sequencer.consumer.LoggingConsumer - [236] 
|----BID-----|
    134 @ 43
    145 @ 76
    300 @ 91
    200 @ 93
    100 @ 95
    154 @ 98
|----ASK-----|
    501 @ 98
   200 @ 101
  5000 @ 110
  5600 @ 119
   453 @ 123
   645 @ 144
   665 @ 167

22:53:37.318 [main] INFO  c.orderbook.OrderBook - [ORDERBOOK] Processing Mkt Data Update
22:53:37.318 [main] INFO  c.o.v.MutatingRemoveAllMarketDataOrdersVisitor - [ORDERBOOK] Removing market data order:MktData(price=43,quantity=134)
22:53:37.318 [main] INFO  c.o.v.MutatingRemoveAllMarketDataOrdersVisitor - [ORDERBOOK] Removing level:43
22:53:37.318 [main] DEBUG c.orderbook.OrderBook - [ORDERBOOK] ASK: Adding orderMktData(price=43,quantity=134)
22:53:37.318 [main] DEBUG c.orderbook.OrderBook - [ORDERBOOK] ASK: Adding orderMktData(price=76,quantity=145)
22:53:37.318 [main] DEBUG c.orderbook.OrderBook - [ORDERBOOK] ASK: Adding orderMktData(price=91,quantity=300)
22:53:37.318 [main] DEBUG c.orderbook.OrderBook - [ORDERBOOK] ASK: Adding orderMktData(price=93,quantity=200)
22:53:37.318 [main] DEBUG c.orderbook.OrderBook - [ORDERBOOK] ASK: Adding orderMktData(price=95,quantity=100)
22:53:37.318 [main] DEBUG c.orderbook.OrderBook - [ORDERBOOK] ASK: Adding orderMktData(price=98,quantity=154)
22:53:37.318 [main] INFO  c.o.v.MutatingMatchOneMarketDataOrderVisitor - [ORDERBOOK] visiting LevelOrderBookLevel(price=43,quantity=134)
22:53:37.318 [main] INFO  c.o.v.MutatingMatchOneMarketDataOrderVisitor - [ORDERBOOK] Can't match order:MktData(price=43,quantity=134)(MktData(price=98,quantity=154))
22:53:37.318 [main] INFO  c.o.v.MutatingRemoveAllMarketDataOrdersVisitor - [ORDERBOOK] Removing market data order:MktData(price=98,quantity=501)
22:53:37.318 [main] INFO  c.o.v.MutatingRemoveAllMarketDataOrdersVisitor - [ORDERBOOK] Removing level:98
22:53:37.318 [main] INFO  c.o.v.MutatingRemoveAllMarketDataOrdersVisitor - [ORDERBOOK] Removing market data order:MktData(price=101,quantity=200)
22:53:37.318 [main] INFO  c.o.v.MutatingRemoveAllMarketDataOrdersVisitor - [ORDERBOOK] Removing level:101
22:53:37.318 [main] INFO  c.o.v.MutatingRemoveAllMarketDataOrdersVisitor - [ORDERBOOK] Removing market data order:MktData(price=110,quantity=5000)
22:53:37.318 [main] INFO  c.o.v.MutatingRemoveAllMarketDataOrdersVisitor - [ORDERBOOK] Removing level:110
22:53:37.318 [main] INFO  c.o.v.MutatingRemoveAllMarketDataOrdersVisitor - [ORDERBOOK] Removing market data order:MktData(price=119,quantity=5600)
22:53:37.318 [main] INFO  c.o.v.MutatingRemoveAllMarketDataOrdersVisitor - [ORDERBOOK] Removing level:119
22:53:37.318 [main] INFO  c.o.v.MutatingRemoveAllMarketDataOrdersVisitor - [ORDERBOOK] Removing market data order:MktData(price=123,quantity=453)
22:53:37.318 [main] INFO  c.o.v.MutatingRemoveAllMarketDataOrdersVisitor - [ORDERBOOK] Removing level:123
22:53:37.318 [main] INFO  c.o.v.MutatingRemoveAllMarketDataOrdersVisitor - [ORDERBOOK] Removing market data order:MktData(price=144,quantity=645)
22:53:37.318 [main] INFO  c.o.v.MutatingRemoveAllMarketDataOrdersVisitor - [ORDERBOOK] Removing level:144
22:53:37.318 [main] INFO  c.o.v.MutatingRemoveAllMarketDataOrdersVisitor - [ORDERBOOK] Removing market data order:MktData(price=167,quantity=665)
22:53:37.318 [main] INFO  c.o.v.MutatingRemoveAllMarketDataOrdersVisitor - [ORDERBOOK] Removing level:167
22:53:37.318 [main] DEBUG c.orderbook.OrderBook - [ORDERBOOK] ASK: Adding orderMktData(price=98,quantity=501)
22:53:37.318 [main] DEBUG c.orderbook.OrderBook - [ORDERBOOK] ASK: Adding orderMktData(price=101,quantity=200)
22:53:37.318 [main] DEBUG c.orderbook.OrderBook - [ORDERBOOK] ASK: Adding orderMktData(price=110,quantity=5000)
22:53:37.318 [main] DEBUG c.orderbook.OrderBook - [ORDERBOOK] ASK: Adding orderMktData(price=119,quantity=5600)
22:53:37.318 [main] DEBUG c.orderbook.OrderBook - [ORDERBOOK] ASK: Adding orderMktData(price=123,quantity=453)
22:53:37.318 [main] DEBUG c.orderbook.OrderBook - [ORDERBOOK] ASK: Adding orderMktData(price=144,quantity=645)
22:53:37.318 [main] DEBUG c.orderbook.OrderBook - [ORDERBOOK] ASK: Adding orderMktData(price=167,quantity=665)
22:53:37.318 [main] DEBUG c.service.MarketDataService - [ALGO] BID: price:43 quantity:134
22:53:37.318 [main] DEBUG c.service.MarketDataService - [ALGO] BID: price:76 quantity:145
22:53:37.318 [main] DEBUG c.service.MarketDataService - [ALGO] BID: price:91 quantity:300
22:53:37.318 [main] DEBUG c.service.MarketDataService - [ALGO] BID: price:93 quantity:200
22:53:37.318 [main] DEBUG c.service.MarketDataService - [ALGO] BID: price:95 quantity:100
22:53:37.318 [main] DEBUG c.service.MarketDataService - [ALGO] BID: price:98 quantity:154
22:53:37.318 [main] DEBUG c.service.MarketDataService - [ALGO] ASK: price:98 quantity:501
22:53:37.318 [main] DEBUG c.service.MarketDataService - [ALGO] ASK: price:101 quantity:200
22:53:37.318 [main] DEBUG c.service.MarketDataService - [ALGO] ASK: price:110 quantity:5000
22:53:37.318 [main] DEBUG c.service.MarketDataService - [ALGO] ASK: price:119 quantity:5600
22:53:37.318 [main] DEBUG c.service.MarketDataService - [ALGO] ASK: price:123 quantity:453
22:53:37.318 [main] DEBUG c.service.MarketDataService - [ALGO] ASK: price:144 quantity:645
22:53:37.318 [main] DEBUG c.service.MarketDataService - [ALGO] ASK: price:167 quantity:665
22:53:37.318 [main] INFO  c.gettingstarted.MyAlgoLogic - [MYALGO] The state of the order book is:
|----BID-----||----ASK----|
    134 @ 43    501 @ 98
    145 @ 76   200 @ 101
    300 @ 91  5000 @ 110
    200 @ 93  5600 @ 119
    100 @ 95   453 @ 123
    154 @ 98   645 @ 144
          -    665 @ 167
|------------||-----------|

22:53:37.318 [main] INFO  c.gettingstarted.MyAlgoLogic - [MYALGO] Algo Sees Book as: 
|----BID-----||----ASK----|
    134 @ 43    501 @ 98
    145 @ 76   200 @ 101
    300 @ 91  5000 @ 110
    200 @ 93  5600 @ 119
    100 @ 95   453 @ 123
    154 @ 98   645 @ 144
          -    665 @ 167
|------------||-----------|

22:53:37.318 [main] INFO  c.gettingstarted.TimedLogic - [TIMEDLOGIC] Market is closed
22:53:37.318 [main] INFO  c.sequencer.consumer.LoggingConsumer - [237] 
|----BID-----|
    134 @ 43
    145 @ 76
    300 @ 91
    200 @ 93
    100 @ 95
    154 @ 98
|----ASK-----|
    501 @ 98
   200 @ 101
  5000 @ 110
  5600 @ 119
   453 @ 123
   645 @ 144
   665 @ 167

22:53:37.318 [main] INFO  c.orderbook.OrderBook - [ORDERBOOK] Processing Mkt Data Update
22:53:37.318 [main] INFO  c.o.v.MutatingRemoveAllMarketDataOrdersVisitor - [ORDERBOOK] Removing market data order:MktData(price=43,quantity=134)
22:53:37.318 [main] INFO  c.o.v.MutatingRemoveAllMarketDataOrdersVisitor - [ORDERBOOK] Removing level:43
22:53:37.318 [main] DEBUG c.orderbook.OrderBook - [ORDERBOOK] ASK: Adding orderMktData(price=43,quantity=134)
22:53:37.318 [main] DEBUG c.orderbook.OrderBook - [ORDERBOOK] ASK: Adding orderMktData(price=76,quantity=145)
22:53:37.318 [main] DEBUG c.orderbook.OrderBook - [ORDERBOOK] ASK: Adding orderMktData(price=91,quantity=300)
22:53:37.318 [main] DEBUG c.orderbook.OrderBook - [ORDERBOOK] ASK: Adding orderMktData(price=93,quantity=200)
22:53:37.318 [main] DEBUG c.orderbook.OrderBook - [ORDERBOOK] ASK: Adding orderMktData(price=95,quantity=100)
22:53:37.318 [main] DEBUG c.orderbook.OrderBook - [ORDERBOOK] ASK: Adding orderMktData(price=98,quantity=154)
22:53:37.318 [main] INFO  c.o.v.MutatingMatchOneMarketDataOrderVisitor - [ORDERBOOK] visiting LevelOrderBookLevel(price=43,quantity=134)
22:53:37.318 [main] INFO  c.o.v.MutatingMatchOneMarketDataOrderVisitor - [ORDERBOOK] Can't match order:MktData(price=43,quantity=134)(MktData(price=98,quantity=154))
22:53:37.318 [main] INFO  c.o.v.MutatingRemoveAllMarketDataOrdersVisitor - [ORDERBOOK] Removing market data order:MktData(price=98,quantity=501)
22:53:37.318 [main] INFO  c.o.v.MutatingRemoveAllMarketDataOrdersVisitor - [ORDERBOOK] Removing level:98
22:53:37.318 [main] INFO  c.o.v.MutatingRemoveAllMarketDataOrdersVisitor - [ORDERBOOK] Removing market data order:MktData(price=101,quantity=200)
22:53:37.318 [main] INFO  c.o.v.MutatingRemoveAllMarketDataOrdersVisitor - [ORDERBOOK] Removing level:101
22:53:37.318 [main] INFO  c.o.v.MutatingRemoveAllMarketDataOrdersVisitor - [ORDERBOOK] Removing market data order:MktData(price=110,quantity=5000)
22:53:37.318 [main] INFO  c.o.v.MutatingRemoveAllMarketDataOrdersVisitor - [ORDERBOOK] Removing level:110
22:53:37.318 [main] INFO  c.o.v.MutatingRemoveAllMarketDataOrdersVisitor - [ORDERBOOK] Removing market data order:MktData(price=119,quantity=5600)
22:53:37.318 [main] INFO  c.o.v.MutatingRemoveAllMarketDataOrdersVisitor - [ORDERBOOK] Removing level:119
22:53:37.318 [main] INFO  c.o.v.MutatingRemoveAllMarketDataOrdersVisitor - [ORDERBOOK] Removing market data order:MktData(price=123,quantity=453)
22:53:37.318 [main] INFO  c.o.v.MutatingRemoveAllMarketDataOrdersVisitor - [ORDERBOOK] Removing level:123
22:53:37.318 [main] INFO  c.o.v.MutatingRemoveAllMarketDataOrdersVisitor - [ORDERBOOK] Removing market data order:MktData(price=144,quantity=645)
22:53:37.318 [main] INFO  c.o.v.MutatingRemoveAllMarketDataOrdersVisitor - [ORDERBOOK] Removing level:144
22:53:37.318 [main] INFO  c.o.v.MutatingRemoveAllMarketDataOrdersVisitor - [ORDERBOOK] Removing market data order:MktData(price=167,quantity=665)
22:53:37.318 [main] INFO  c.o.v.MutatingRemoveAllMarketDataOrdersVisitor - [ORDERBOOK] Removing level:167
22:53:37.318 [main] DEBUG c.orderbook.OrderBook - [ORDERBOOK] ASK: Adding orderMktData(price=98,quantity=501)
22:53:37.318 [main] DEBUG c.orderbook.OrderBook - [ORDERBOOK] ASK: Adding orderMktData(price=101,quantity=200)
22:53:37.318 [main] DEBUG c.orderbook.OrderBook - [ORDERBOOK] ASK: Adding orderMktData(price=110,quantity=5000)
22:53:37.318 [main] DEBUG c.orderbook.OrderBook - [ORDERBOOK] ASK: Adding orderMktData(price=119,quantity=5600)
22:53:37.318 [main] DEBUG c.orderbook.OrderBook - [ORDERBOOK] ASK: Adding orderMktData(price=123,quantity=453)
22:53:37.318 [main] DEBUG c.orderbook.OrderBook - [ORDERBOOK] ASK: Adding orderMktData(price=144,quantity=645)
22:53:37.318 [main] DEBUG c.orderbook.OrderBook - [ORDERBOOK] ASK: Adding orderMktData(price=167,quantity=665)
22:53:37.318 [main] DEBUG c.service.MarketDataService - [ALGO] BID: price:43 quantity:134
22:53:37.318 [main] DEBUG c.service.MarketDataService - [ALGO] BID: price:76 quantity:145
22:53:37.318 [main] DEBUG c.service.MarketDataService - [ALGO] BID: price:91 quantity:300
22:53:37.318 [main] DEBUG c.service.MarketDataService - [ALGO] BID: price:93 quantity:200
22:53:37.318 [main] DEBUG c.service.MarketDataService - [ALGO] BID: price:95 quantity:100
22:53:37.318 [main] DEBUG c.service.MarketDataService - [ALGO] BID: price:98 quantity:154
22:53:37.318 [main] DEBUG c.service.MarketDataService - [ALGO] ASK: price:98 quantity:501
22:53:37.318 [main] DEBUG c.service.MarketDataService - [ALGO] ASK: price:101 quantity:200
22:53:37.318 [main] DEBUG c.service.MarketDataService - [ALGO] ASK: price:110 quantity:5000
22:53:37.318 [main] DEBUG c.service.MarketDataService - [ALGO] ASK: price:119 quantity:5600
22:53:37.318 [main] DEBUG c.service.MarketDataService - [ALGO] ASK: price:123 quantity:453
22:53:37.318 [main] DEBUG c.service.MarketDataService - [ALGO] ASK: price:144 quantity:645
22:53:37.318 [main] DEBUG c.service.MarketDataService - [ALGO] ASK: price:167 quantity:665
22:53:37.318 [main] INFO  c.gettingstarted.MyAlgoLogic - [MYALGO] The state of the order book is:
|----BID-----||----ASK----|
    134 @ 43    501 @ 98
    145 @ 76   200 @ 101
    300 @ 91  5000 @ 110
    200 @ 93  5600 @ 119
    100 @ 95   453 @ 123
    154 @ 98   645 @ 144
          -    665 @ 167
|------------||-----------|

22:53:37.318 [main] INFO  c.gettingstarted.MyAlgoLogic - [MYALGO] Algo Sees Book as: 
|----BID-----||----ASK----|
    134 @ 43    501 @ 98
    145 @ 76   200 @ 101
    300 @ 91  5000 @ 110
    200 @ 93  5600 @ 119
    100 @ 95   453 @ 123
    154 @ 98   645 @ 144
          -    665 @ 167
|------------||-----------|

22:53:37.318 [main] INFO  c.gettingstarted.TimedLogic - [TIMEDLOGIC] Market is closed
22:53:37.318 [main] INFO  c.sequencer.consumer.LoggingConsumer - [238] 
|----BID-----|
    134 @ 43
    145 @ 76
    300 @ 91
    200 @ 93
    100 @ 95
    154 @ 98
|----ASK-----|
    501 @ 98
   200 @ 101
  5000 @ 110
  5600 @ 119
   453 @ 123
   645 @ 144
   665 @ 167

22:53:37.318 [main] INFO  c.orderbook.OrderBook - [ORDERBOOK] Processing Mkt Data Update
22:53:37.318 [main] INFO  c.o.v.MutatingRemoveAllMarketDataOrdersVisitor - [ORDERBOOK] Removing market data order:MktData(price=43,quantity=134)
22:53:37.318 [main] INFO  c.o.v.MutatingRemoveAllMarketDataOrdersVisitor - [ORDERBOOK] Removing level:43
22:53:37.318 [main] DEBUG c.orderbook.OrderBook - [ORDERBOOK] ASK: Adding orderMktData(price=43,quantity=134)
22:53:37.318 [main] DEBUG c.orderbook.OrderBook - [ORDERBOOK] ASK: Adding orderMktData(price=76,quantity=145)
22:53:37.318 [main] DEBUG c.orderbook.OrderBook - [ORDERBOOK] ASK: Adding orderMktData(price=91,quantity=300)
22:53:37.318 [main] DEBUG c.orderbook.OrderBook - [ORDERBOOK] ASK: Adding orderMktData(price=93,quantity=200)
22:53:37.318 [main] DEBUG c.orderbook.OrderBook - [ORDERBOOK] ASK: Adding orderMktData(price=95,quantity=100)
22:53:37.318 [main] DEBUG c.orderbook.OrderBook - [ORDERBOOK] ASK: Adding orderMktData(price=98,quantity=154)
22:53:37.318 [main] INFO  c.o.v.MutatingMatchOneMarketDataOrderVisitor - [ORDERBOOK] visiting LevelOrderBookLevel(price=43,quantity=134)
22:53:37.318 [main] INFO  c.o.v.MutatingMatchOneMarketDataOrderVisitor - [ORDERBOOK] Can't match order:MktData(price=43,quantity=134)(MktData(price=98,quantity=154))
22:53:37.318 [main] INFO  c.o.v.MutatingRemoveAllMarketDataOrdersVisitor - [ORDERBOOK] Removing market data order:MktData(price=98,quantity=501)
22:53:37.318 [main] INFO  c.o.v.MutatingRemoveAllMarketDataOrdersVisitor - [ORDERBOOK] Removing level:98
22:53:37.318 [main] INFO  c.o.v.MutatingRemoveAllMarketDataOrdersVisitor - [ORDERBOOK] Removing market data order:MktData(price=101,quantity=200)
22:53:37.318 [main] INFO  c.o.v.MutatingRemoveAllMarketDataOrdersVisitor - [ORDERBOOK] Removing level:101
22:53:37.318 [main] INFO  c.o.v.MutatingRemoveAllMarketDataOrdersVisitor - [ORDERBOOK] Removing market data order:MktData(price=110,quantity=5000)
22:53:37.318 [main] INFO  c.o.v.MutatingRemoveAllMarketDataOrdersVisitor - [ORDERBOOK] Removing level:110
22:53:37.318 [main] INFO  c.o.v.MutatingRemoveAllMarketDataOrdersVisitor - [ORDERBOOK] Removing market data order:MktData(price=119,quantity=5600)
22:53:37.318 [main] INFO  c.o.v.MutatingRemoveAllMarketDataOrdersVisitor - [ORDERBOOK] Removing level:119
22:53:37.318 [main] INFO  c.o.v.MutatingRemoveAllMarketDataOrdersVisitor - [ORDERBOOK] Removing market data order:MktData(price=123,quantity=453)
22:53:37.318 [main] INFO  c.o.v.MutatingRemoveAllMarketDataOrdersVisitor - [ORDERBOOK] Removing level:123
22:53:37.318 [main] INFO  c.o.v.MutatingRemoveAllMarketDataOrdersVisitor - [ORDERBOOK] Removing market data order:MktData(price=144,quantity=645)
22:53:37.318 [main] INFO  c.o.v.MutatingRemoveAllMarketDataOrdersVisitor - [ORDERBOOK] Removing level:144
22:53:37.318 [main] INFO  c.o.v.MutatingRemoveAllMarketDataOrdersVisitor - [ORDERBOOK] Removing market data order:MktData(price=167,quantity=665)
22:53:37.318 [main] INFO  c.o.v.MutatingRemoveAllMarketDataOrdersVisitor - [ORDERBOOK] Removing level:167
22:53:37.318 [main] DEBUG c.orderbook.OrderBook - [ORDERBOOK] ASK: Adding orderMktData(price=98,quantity=501)
22:53:37.318 [main] DEBUG c.orderbook.OrderBook - [ORDERBOOK] ASK: Adding orderMktData(price=101,quantity=200)
22:53:37.318 [main] DEBUG c.orderbook.OrderBook - [ORDERBOOK] ASK: Adding orderMktData(price=110,quantity=5000)
22:53:37.318 [main] DEBUG c.orderbook.OrderBook - [ORDERBOOK] ASK: Adding orderMktData(price=119,quantity=5600)
22:53:37.318 [main] DEBUG c.orderbook.OrderBook - [ORDERBOOK] ASK: Adding orderMktData(price=123,quantity=453)
22:53:37.318 [main] DEBUG c.orderbook.OrderBook - [ORDERBOOK] ASK: Adding orderMktData(price=144,quantity=645)
22:53:37.318 [main] DEBUG c.orderbook.OrderBook - [ORDERBOOK] ASK: Adding orderMktData(price=167,quantity=665)
22:53:37.318 [main] DEBUG c.service.MarketDataService - [ALGO] BID: price:43 quantity:134
22:53:37.318 [main] DEBUG c.service.MarketDataService - [ALGO] BID: price:76 quantity:145
22:53:37.318 [main] DEBUG c.service.MarketDataService - [ALGO] BID: price:91 quantity:300
22:53:37.318 [main] DEBUG c.service.MarketDataService - [ALGO] BID: price:93 quantity:200
22:53:37.318 [main] DEBUG c.service.MarketDataService - [ALGO] BID: price:95 quantity:100
22:53:37.318 [main] DEBUG c.service.MarketDataService - [ALGO] BID: price:98 quantity:154
22:53:37.318 [main] DEBUG c.service.MarketDataService - [ALGO] ASK: price:98 quantity:501
22:53:37.318 [main] DEBUG c.service.MarketDataService - [ALGO] ASK: price:101 quantity:200
22:53:37.318 [main] DEBUG c.service.MarketDataService - [ALGO] ASK: price:110 quantity:5000
22:53:37.318 [main] DEBUG c.service.MarketDataService - [ALGO] ASK: price:119 quantity:5600
22:53:37.318 [main] DEBUG c.service.MarketDataService - [ALGO] ASK: price:123 quantity:453
22:53:37.318 [main] DEBUG c.service.MarketDataService - [ALGO] ASK: price:144 quantity:645
22:53:37.318 [main] DEBUG c.service.MarketDataService - [ALGO] ASK: price:167 quantity:665
22:53:37.318 [main] INFO  c.gettingstarted.MyAlgoLogic - [MYALGO] The state of the order book is:
|----BID-----||----ASK----|
    134 @ 43    501 @ 98
    145 @ 76   200 @ 101
    300 @ 91  5000 @ 110
    200 @ 93  5600 @ 119
    100 @ 95   453 @ 123
    154 @ 98   645 @ 144
          -    665 @ 167
|------------||-----------|

22:53:37.318 [main] INFO  c.gettingstarted.MyAlgoLogic - [MYALGO] Algo Sees Book as: 
|----BID-----||----ASK----|
    134 @ 43    501 @ 98
    145 @ 76   200 @ 101
    300 @ 91  5000 @ 110
    200 @ 93  5600 @ 119
    100 @ 95   453 @ 123
    154 @ 98   645 @ 144
          -    665 @ 167
|------------||-----------|

22:53:37.318 [main] INFO  c.gettingstarted.TimedLogic - [TIMEDLOGIC] Market is closed
22:53:37.318 [main] INFO  c.sequencer.consumer.LoggingConsumer - [239] 
|----BID-----|
    134 @ 43
    145 @ 76
    300 @ 91
    200 @ 93
    100 @ 95
    154 @ 98
|----ASK-----|
    501 @ 98
   200 @ 101
  5000 @ 110
  5600 @ 119
   453 @ 123
   645 @ 144
   665 @ 167

22:53:37.318 [main] INFO  c.orderbook.OrderBook - [ORDERBOOK] Processing Mkt Data Update
22:53:37.318 [main] INFO  c.o.v.MutatingRemoveAllMarketDataOrdersVisitor - [ORDERBOOK] Removing market data order:MktData(price=43,quantity=134)
22:53:37.318 [main] INFO  c.o.v.MutatingRemoveAllMarketDataOrdersVisitor - [ORDERBOOK] Removing level:43
22:53:37.318 [main] DEBUG c.orderbook.OrderBook - [ORDERBOOK] ASK: Adding orderMktData(price=43,quantity=134)
22:53:37.318 [main] DEBUG c.orderbook.OrderBook - [ORDERBOOK] ASK: Adding orderMktData(price=76,quantity=145)
22:53:37.318 [main] DEBUG c.orderbook.OrderBook - [ORDERBOOK] ASK: Adding orderMktData(price=91,quantity=300)
22:53:37.318 [main] DEBUG c.orderbook.OrderBook - [ORDERBOOK] ASK: Adding orderMktData(price=93,quantity=200)
22:53:37.318 [main] DEBUG c.orderbook.OrderBook - [ORDERBOOK] ASK: Adding orderMktData(price=95,quantity=100)
22:53:37.318 [main] DEBUG c.orderbook.OrderBook - [ORDERBOOK] ASK: Adding orderMktData(price=98,quantity=154)
22:53:37.318 [main] INFO  c.o.v.MutatingMatchOneMarketDataOrderVisitor - [ORDERBOOK] visiting LevelOrderBookLevel(price=43,quantity=134)
22:53:37.318 [main] INFO  c.o.v.MutatingMatchOneMarketDataOrderVisitor - [ORDERBOOK] Can't match order:MktData(price=43,quantity=134)(MktData(price=98,quantity=154))
22:53:37.318 [main] INFO  c.o.v.MutatingRemoveAllMarketDataOrdersVisitor - [ORDERBOOK] Removing market data order:MktData(price=98,quantity=501)
22:53:37.318 [main] INFO  c.o.v.MutatingRemoveAllMarketDataOrdersVisitor - [ORDERBOOK] Removing level:98
22:53:37.318 [main] INFO  c.o.v.MutatingRemoveAllMarketDataOrdersVisitor - [ORDERBOOK] Removing market data order:MktData(price=101,quantity=200)
22:53:37.318 [main] INFO  c.o.v.MutatingRemoveAllMarketDataOrdersVisitor - [ORDERBOOK] Removing level:101
22:53:37.318 [main] INFO  c.o.v.MutatingRemoveAllMarketDataOrdersVisitor - [ORDERBOOK] Removing market data order:MktData(price=110,quantity=5000)
22:53:37.318 [main] INFO  c.o.v.MutatingRemoveAllMarketDataOrdersVisitor - [ORDERBOOK] Removing level:110
22:53:37.318 [main] INFO  c.o.v.MutatingRemoveAllMarketDataOrdersVisitor - [ORDERBOOK] Removing market data order:MktData(price=119,quantity=5600)
22:53:37.318 [main] INFO  c.o.v.MutatingRemoveAllMarketDataOrdersVisitor - [ORDERBOOK] Removing level:119
22:53:37.318 [main] INFO  c.o.v.MutatingRemoveAllMarketDataOrdersVisitor - [ORDERBOOK] Removing market data order:MktData(price=123,quantity=453)
22:53:37.318 [main] INFO  c.o.v.MutatingRemoveAllMarketDataOrdersVisitor - [ORDERBOOK] Removing level:123
22:53:37.318 [main] INFO  c.o.v.MutatingRemoveAllMarketDataOrdersVisitor - [ORDERBOOK] Removing market data order:MktData(price=144,quantity=645)
22:53:37.318 [main] INFO  c.o.v.MutatingRemoveAllMarketDataOrdersVisitor - [ORDERBOOK] Removing level:144
22:53:37.318 [main] INFO  c.o.v.MutatingRemoveAllMarketDataOrdersVisitor - [ORDERBOOK] Removing market data order:MktData(price=167,quantity=665)
22:53:37.318 [main] INFO  c.o.v.MutatingRemoveAllMarketDataOrdersVisitor - [ORDERBOOK] Removing level:167
22:53:37.318 [main] DEBUG c.orderbook.OrderBook - [ORDERBOOK] ASK: Adding orderMktData(price=98,quantity=501)
22:53:37.318 [main] DEBUG c.orderbook.OrderBook - [ORDERBOOK] ASK: Adding orderMktData(price=101,quantity=200)
22:53:37.318 [main] DEBUG c.orderbook.OrderBook - [ORDERBOOK] ASK: Adding orderMktData(price=110,quantity=5000)
22:53:37.318 [main] DEBUG c.orderbook.OrderBook - [ORDERBOOK] ASK: Adding orderMktData(price=119,quantity=5600)
22:53:37.318 [main] DEBUG c.orderbook.OrderBook - [ORDERBOOK] ASK: Adding orderMktData(price=123,quantity=453)
22:53:37.318 [main] DEBUG c.orderbook.OrderBook - [ORDERBOOK] ASK: Adding orderMktData(price=144,quantity=645)
22:53:37.318 [main] DEBUG c.orderbook.OrderBook - [ORDERBOOK] ASK: Adding orderMktData(price=167,quantity=665)
22:53:37.318 [main] DEBUG c.service.MarketDataService - [ALGO] BID: price:43 quantity:134
22:53:37.318 [main] DEBUG c.service.MarketDataService - [ALGO] BID: price:76 quantity:145
22:53:37.318 [main] DEBUG c.service.MarketDataService - [ALGO] BID: price:91 quantity:300
22:53:37.318 [main] DEBUG c.service.MarketDataService - [ALGO] BID: price:93 quantity:200
22:53:37.318 [main] DEBUG c.service.MarketDataService - [ALGO] BID: price:95 quantity:100
22:53:37.318 [main] DEBUG c.service.MarketDataService - [ALGO] BID: price:98 quantity:154
22:53:37.318 [main] DEBUG c.service.MarketDataService - [ALGO] ASK: price:98 quantity:501
22:53:37.318 [main] DEBUG c.service.MarketDataService - [ALGO] ASK: price:101 quantity:200
22:53:37.318 [main] DEBUG c.service.MarketDataService - [ALGO] ASK: price:110 quantity:5000
22:53:37.318 [main] DEBUG c.service.MarketDataService - [ALGO] ASK: price:119 quantity:5600
22:53:37.318 [main] DEBUG c.service.MarketDataService - [ALGO] ASK: price:123 quantity:453
22:53:37.318 [main] DEBUG c.service.MarketDataService - [ALGO] ASK: price:144 quantity:645
22:53:37.318 [main] DEBUG c.service.MarketDataService - [ALGO] ASK: price:167 quantity:665
22:53:37.318 [main] INFO  c.gettingstarted.MyAlgoLogic - [MYALGO] The state of the order book is:
|----BID-----||----ASK----|
    134 @ 43    501 @ 98
    145 @ 76   200 @ 101
    300 @ 91  5000 @ 110
    200 @ 93  5600 @ 119
    100 @ 95   453 @ 123
    154 @ 98   645 @ 144
          -    665 @ 167
|------------||-----------|

22:53:37.318 [main] INFO  c.gettingstarted.MyAlgoLogic - [MYALGO] Algo Sees Book as: 
|----BID-----||----ASK----|
    134 @ 43    501 @ 98
    145 @ 76   200 @ 101
    300 @ 91  5000 @ 110
    200 @ 93  5600 @ 119
    100 @ 95   453 @ 123
    154 @ 98   645 @ 144
          -    665 @ 167
|------------||-----------|

22:53:37.318 [main] INFO  c.gettingstarted.TimedLogic - [TIMEDLOGIC] Market is closed
22:53:37.318 [main] INFO  c.sequencer.consumer.LoggingConsumer - [240] 
|----BID-----|
    134 @ 43
    145 @ 76
    300 @ 91
    200 @ 93
    100 @ 95
    154 @ 98
|----ASK-----|
    501 @ 98
   200 @ 101
  5000 @ 110
  5600 @ 119
   453 @ 123
   645 @ 144
   665 @ 167

22:53:37.318 [main] INFO  c.orderbook.OrderBook - [ORDERBOOK] Processing Mkt Data Update
22:53:37.318 [main] INFO  c.o.v.MutatingRemoveAllMarketDataOrdersVisitor - [ORDERBOOK] Removing market data order:MktData(price=43,quantity=134)
22:53:37.318 [main] INFO  c.o.v.MutatingRemoveAllMarketDataOrdersVisitor - [ORDERBOOK] Removing level:43
22:53:37.318 [main] DEBUG c.orderbook.OrderBook - [ORDERBOOK] ASK: Adding orderMktData(price=43,quantity=134)
22:53:37.318 [main] DEBUG c.orderbook.OrderBook - [ORDERBOOK] ASK: Adding orderMktData(price=76,quantity=145)
22:53:37.318 [main] DEBUG c.orderbook.OrderBook - [ORDERBOOK] ASK: Adding orderMktData(price=91,quantity=300)
22:53:37.318 [main] DEBUG c.orderbook.OrderBook - [ORDERBOOK] ASK: Adding orderMktData(price=93,quantity=200)
22:53:37.318 [main] DEBUG c.orderbook.OrderBook - [ORDERBOOK] ASK: Adding orderMktData(price=95,quantity=100)
22:53:37.318 [main] DEBUG c.orderbook.OrderBook - [ORDERBOOK] ASK: Adding orderMktData(price=98,quantity=154)
22:53:37.318 [main] INFO  c.o.v.MutatingMatchOneMarketDataOrderVisitor - [ORDERBOOK] visiting LevelOrderBookLevel(price=43,quantity=134)
22:53:37.318 [main] INFO  c.o.v.MutatingMatchOneMarketDataOrderVisitor - [ORDERBOOK] Can't match order:MktData(price=43,quantity=134)(MktData(price=98,quantity=154))
22:53:37.318 [main] INFO  c.o.v.MutatingRemoveAllMarketDataOrdersVisitor - [ORDERBOOK] Removing market data order:MktData(price=98,quantity=501)
22:53:37.318 [main] INFO  c.o.v.MutatingRemoveAllMarketDataOrdersVisitor - [ORDERBOOK] Removing level:98
22:53:37.318 [main] INFO  c.o.v.MutatingRemoveAllMarketDataOrdersVisitor - [ORDERBOOK] Removing market data order:MktData(price=101,quantity=200)
22:53:37.318 [main] INFO  c.o.v.MutatingRemoveAllMarketDataOrdersVisitor - [ORDERBOOK] Removing level:101
22:53:37.318 [main] INFO  c.o.v.MutatingRemoveAllMarketDataOrdersVisitor - [ORDERBOOK] Removing market data order:MktData(price=110,quantity=5000)
22:53:37.318 [main] INFO  c.o.v.MutatingRemoveAllMarketDataOrdersVisitor - [ORDERBOOK] Removing level:110
22:53:37.318 [main] INFO  c.o.v.MutatingRemoveAllMarketDataOrdersVisitor - [ORDERBOOK] Removing market data order:MktData(price=119,quantity=5600)
22:53:37.318 [main] INFO  c.o.v.MutatingRemoveAllMarketDataOrdersVisitor - [ORDERBOOK] Removing level:119
22:53:37.318 [main] INFO  c.o.v.MutatingRemoveAllMarketDataOrdersVisitor - [ORDERBOOK] Removing market data order:MktData(price=123,quantity=453)
22:53:37.318 [main] INFO  c.o.v.MutatingRemoveAllMarketDataOrdersVisitor - [ORDERBOOK] Removing level:123
22:53:37.318 [main] INFO  c.o.v.MutatingRemoveAllMarketDataOrdersVisitor - [ORDERBOOK] Removing market data order:MktData(price=144,quantity=645)
22:53:37.318 [main] INFO  c.o.v.MutatingRemoveAllMarketDataOrdersVisitor - [ORDERBOOK] Removing level:144
22:53:37.318 [main] INFO  c.o.v.MutatingRemoveAllMarketDataOrdersVisitor - [ORDERBOOK] Removing market data order:MktData(price=167,quantity=665)
22:53:37.318 [main] INFO  c.o.v.MutatingRemoveAllMarketDataOrdersVisitor - [ORDERBOOK] Removing level:167
22:53:37.318 [main] DEBUG c.orderbook.OrderBook - [ORDERBOOK] ASK: Adding orderMktData(price=98,quantity=501)
22:53:37.318 [main] DEBUG c.orderbook.OrderBook - [ORDERBOOK] ASK: Adding orderMktData(price=101,quantity=200)
22:53:37.318 [main] DEBUG c.orderbook.OrderBook - [ORDERBOOK] ASK: Adding orderMktData(price=110,quantity=5000)
22:53:37.318 [main] DEBUG c.orderbook.OrderBook - [ORDERBOOK] ASK: Adding orderMktData(price=119,quantity=5600)
22:53:37.318 [main] DEBUG c.orderbook.OrderBook - [ORDERBOOK] ASK: Adding orderMktData(price=123,quantity=453)
22:53:37.318 [main] DEBUG c.orderbook.OrderBook - [ORDERBOOK] ASK: Adding orderMktData(price=144,quantity=645)
22:53:37.318 [main] DEBUG c.orderbook.OrderBook - [ORDERBOOK] ASK: Adding orderMktData(price=167,quantity=665)
22:53:37.318 [main] DEBUG c.service.MarketDataService - [ALGO] BID: price:43 quantity:134
22:53:37.318 [main] DEBUG c.service.MarketDataService - [ALGO] BID: price:76 quantity:145
22:53:37.318 [main] DEBUG c.service.MarketDataService - [ALGO] BID: price:91 quantity:300
22:53:37.318 [main] DEBUG c.service.MarketDataService - [ALGO] BID: price:93 quantity:200
22:53:37.318 [main] DEBUG c.service.MarketDataService - [ALGO] BID: price:95 quantity:100
22:53:37.318 [main] DEBUG c.service.MarketDataService - [ALGO] BID: price:98 quantity:154
22:53:37.318 [main] DEBUG c.service.MarketDataService - [ALGO] ASK: price:98 quantity:501
22:53:37.318 [main] DEBUG c.service.MarketDataService - [ALGO] ASK: price:101 quantity:200
22:53:37.318 [main] DEBUG c.service.MarketDataService - [ALGO] ASK: price:110 quantity:5000
22:53:37.318 [main] DEBUG c.service.MarketDataService - [ALGO] ASK: price:119 quantity:5600
22:53:37.318 [main] DEBUG c.service.MarketDataService - [ALGO] ASK: price:123 quantity:453
22:53:37.318 [main] DEBUG c.service.MarketDataService - [ALGO] ASK: price:144 quantity:645
22:53:37.318 [main] DEBUG c.service.MarketDataService - [ALGO] ASK: price:167 quantity:665
22:53:37.318 [main] INFO  c.gettingstarted.MyAlgoLogic - [MYALGO] The state of the order book is:
|----BID-----||----ASK----|
    134 @ 43    501 @ 98
    145 @ 76   200 @ 101
    300 @ 91  5000 @ 110
    200 @ 93  5600 @ 119
    100 @ 95   453 @ 123
    154 @ 98   645 @ 144
          -    665 @ 167
|------------||-----------|

22:53:37.318 [main] INFO  c.gettingstarted.MyAlgoLogic - [MYALGO] Algo Sees Book as: 
|----BID-----||----ASK----|
    134 @ 43    501 @ 98
    145 @ 76   200 @ 101
    300 @ 91  5000 @ 110
    200 @ 93  5600 @ 119
    100 @ 95   453 @ 123
    154 @ 98   645 @ 144
          -    665 @ 167
|------------||-----------|

22:53:37.318 [main] INFO  c.gettingstarted.TimedLogic - [TIMEDLOGIC] Market is closed
22:53:37.318 [main] INFO  c.sequencer.consumer.LoggingConsumer - [241] 
|----BID-----|
    134 @ 43
    145 @ 76
    300 @ 91
    200 @ 93
    100 @ 95
    154 @ 98
|----ASK-----|
    501 @ 98
   200 @ 101
  5000 @ 110
  5600 @ 119
   453 @ 123
   645 @ 144
   665 @ 167

22:53:37.318 [main] INFO  c.orderbook.OrderBook - [ORDERBOOK] Processing Mkt Data Update
22:53:37.318 [main] INFO  c.o.v.MutatingRemoveAllMarketDataOrdersVisitor - [ORDERBOOK] Removing market data order:MktData(price=43,quantity=134)
22:53:37.318 [main] INFO  c.o.v.MutatingRemoveAllMarketDataOrdersVisitor - [ORDERBOOK] Removing level:43
22:53:37.318 [main] DEBUG c.orderbook.OrderBook - [ORDERBOOK] ASK: Adding orderMktData(price=43,quantity=134)
22:53:37.318 [main] DEBUG c.orderbook.OrderBook - [ORDERBOOK] ASK: Adding orderMktData(price=76,quantity=145)
22:53:37.318 [main] DEBUG c.orderbook.OrderBook - [ORDERBOOK] ASK: Adding orderMktData(price=91,quantity=300)
22:53:37.318 [main] DEBUG c.orderbook.OrderBook - [ORDERBOOK] ASK: Adding orderMktData(price=93,quantity=200)
22:53:37.318 [main] DEBUG c.orderbook.OrderBook - [ORDERBOOK] ASK: Adding orderMktData(price=95,quantity=100)
22:53:37.318 [main] DEBUG c.orderbook.OrderBook - [ORDERBOOK] ASK: Adding orderMktData(price=98,quantity=154)
22:53:37.318 [main] INFO  c.o.v.MutatingMatchOneMarketDataOrderVisitor - [ORDERBOOK] visiting LevelOrderBookLevel(price=43,quantity=134)
22:53:37.318 [main] INFO  c.o.v.MutatingMatchOneMarketDataOrderVisitor - [ORDERBOOK] Can't match order:MktData(price=43,quantity=134)(MktData(price=98,quantity=154))
22:53:37.318 [main] INFO  c.o.v.MutatingRemoveAllMarketDataOrdersVisitor - [ORDERBOOK] Removing market data order:MktData(price=98,quantity=501)
22:53:37.318 [main] INFO  c.o.v.MutatingRemoveAllMarketDataOrdersVisitor - [ORDERBOOK] Removing level:98
22:53:37.318 [main] INFO  c.o.v.MutatingRemoveAllMarketDataOrdersVisitor - [ORDERBOOK] Removing market data order:MktData(price=101,quantity=200)
22:53:37.318 [main] INFO  c.o.v.MutatingRemoveAllMarketDataOrdersVisitor - [ORDERBOOK] Removing level:101
22:53:37.318 [main] INFO  c.o.v.MutatingRemoveAllMarketDataOrdersVisitor - [ORDERBOOK] Removing market data order:MktData(price=110,quantity=5000)
22:53:37.318 [main] INFO  c.o.v.MutatingRemoveAllMarketDataOrdersVisitor - [ORDERBOOK] Removing level:110
22:53:37.318 [main] INFO  c.o.v.MutatingRemoveAllMarketDataOrdersVisitor - [ORDERBOOK] Removing market data order:MktData(price=119,quantity=5600)
22:53:37.318 [main] INFO  c.o.v.MutatingRemoveAllMarketDataOrdersVisitor - [ORDERBOOK] Removing level:119
22:53:37.318 [main] INFO  c.o.v.MutatingRemoveAllMarketDataOrdersVisitor - [ORDERBOOK] Removing market data order:MktData(price=123,quantity=453)
22:53:37.318 [main] INFO  c.o.v.MutatingRemoveAllMarketDataOrdersVisitor - [ORDERBOOK] Removing level:123
22:53:37.318 [main] INFO  c.o.v.MutatingRemoveAllMarketDataOrdersVisitor - [ORDERBOOK] Removing market data order:MktData(price=144,quantity=645)
22:53:37.318 [main] INFO  c.o.v.MutatingRemoveAllMarketDataOrdersVisitor - [ORDERBOOK] Removing level:144
22:53:37.318 [main] INFO  c.o.v.MutatingRemoveAllMarketDataOrdersVisitor - [ORDERBOOK] Removing market data order:MktData(price=167,quantity=665)
22:53:37.318 [main] INFO  c.o.v.MutatingRemoveAllMarketDataOrdersVisitor - [ORDERBOOK] Removing level:167
22:53:37.318 [main] DEBUG c.orderbook.OrderBook - [ORDERBOOK] ASK: Adding orderMktData(price=98,quantity=501)
22:53:37.318 [main] DEBUG c.orderbook.OrderBook - [ORDERBOOK] ASK: Adding orderMktData(price=101,quantity=200)
22:53:37.318 [main] DEBUG c.orderbook.OrderBook - [ORDERBOOK] ASK: Adding orderMktData(price=110,quantity=5000)
22:53:37.323 [main] DEBUG c.orderbook.OrderBook - [ORDERBOOK] ASK: Adding orderMktData(price=119,quantity=5600)
22:53:37.323 [main] DEBUG c.orderbook.OrderBook - [ORDERBOOK] ASK: Adding orderMktData(price=123,quantity=453)
22:53:37.323 [main] DEBUG c.orderbook.OrderBook - [ORDERBOOK] ASK: Adding orderMktData(price=144,quantity=645)
22:53:37.323 [main] DEBUG c.orderbook.OrderBook - [ORDERBOOK] ASK: Adding orderMktData(price=167,quantity=665)
22:53:37.323 [main] DEBUG c.service.MarketDataService - [ALGO] BID: price:43 quantity:134
22:53:37.323 [main] DEBUG c.service.MarketDataService - [ALGO] BID: price:76 quantity:145
22:53:37.323 [main] DEBUG c.service.MarketDataService - [ALGO] BID: price:91 quantity:300
22:53:37.323 [main] DEBUG c.service.MarketDataService - [ALGO] BID: price:93 quantity:200
22:53:37.323 [main] DEBUG c.service.MarketDataService - [ALGO] BID: price:95 quantity:100
22:53:37.323 [main] DEBUG c.service.MarketDataService - [ALGO] BID: price:98 quantity:154
22:53:37.323 [main] DEBUG c.service.MarketDataService - [ALGO] ASK: price:98 quantity:501
22:53:37.323 [main] DEBUG c.service.MarketDataService - [ALGO] ASK: price:101 quantity:200
22:53:37.323 [main] DEBUG c.service.MarketDataService - [ALGO] ASK: price:110 quantity:5000
22:53:37.323 [main] DEBUG c.service.MarketDataService - [ALGO] ASK: price:119 quantity:5600
22:53:37.323 [main] DEBUG c.service.MarketDataService - [ALGO] ASK: price:123 quantity:453
22:53:37.323 [main] DEBUG c.service.MarketDataService - [ALGO] ASK: price:144 quantity:645
22:53:37.323 [main] DEBUG c.service.MarketDataService - [ALGO] ASK: price:167 quantity:665
22:53:37.323 [main] INFO  c.gettingstarted.MyAlgoLogic - [MYALGO] The state of the order book is:
|----BID-----||----ASK----|
    134 @ 43    501 @ 98
    145 @ 76   200 @ 101
    300 @ 91  5000 @ 110
    200 @ 93  5600 @ 119
    100 @ 95   453 @ 123
    154 @ 98   645 @ 144
          -    665 @ 167
|------------||-----------|

22:53:37.323 [main] INFO  c.gettingstarted.MyAlgoLogic - [MYALGO] Algo Sees Book as: 
|----BID-----||----ASK----|
    134 @ 43    501 @ 98
    145 @ 76   200 @ 101
    300 @ 91  5000 @ 110
    200 @ 93  5600 @ 119
    100 @ 95   453 @ 123
    154 @ 98   645 @ 144
          -    665 @ 167
|------------||-----------|

22:53:37.323 [main] INFO  c.gettingstarted.TimedLogic - [TIMEDLOGIC] Market is closed
22:53:37.323 [main] INFO  c.sequencer.consumer.LoggingConsumer - [242] 
|----BID-----|
    134 @ 43
    145 @ 76
    300 @ 91
    200 @ 93
    100 @ 95
    154 @ 98
|----ASK-----|
    501 @ 98
   200 @ 101
  5000 @ 110
  5600 @ 119
   453 @ 123
   645 @ 144
   665 @ 167

22:53:37.323 [main] INFO  c.orderbook.OrderBook - [ORDERBOOK] Processing Mkt Data Update
22:53:37.323 [main] INFO  c.o.v.MutatingRemoveAllMarketDataOrdersVisitor - [ORDERBOOK] Removing market data order:MktData(price=43,quantity=134)
22:53:37.323 [main] INFO  c.o.v.MutatingRemoveAllMarketDataOrdersVisitor - [ORDERBOOK] Removing level:43
22:53:37.323 [main] DEBUG c.orderbook.OrderBook - [ORDERBOOK] ASK: Adding orderMktData(price=43,quantity=134)
22:53:37.323 [main] DEBUG c.orderbook.OrderBook - [ORDERBOOK] ASK: Adding orderMktData(price=76,quantity=145)
22:53:37.323 [main] DEBUG c.orderbook.OrderBook - [ORDERBOOK] ASK: Adding orderMktData(price=91,quantity=300)
22:53:37.323 [main] DEBUG c.orderbook.OrderBook - [ORDERBOOK] ASK: Adding orderMktData(price=93,quantity=200)
22:53:37.323 [main] DEBUG c.orderbook.OrderBook - [ORDERBOOK] ASK: Adding orderMktData(price=95,quantity=100)
22:53:37.323 [main] DEBUG c.orderbook.OrderBook - [ORDERBOOK] ASK: Adding orderMktData(price=98,quantity=154)
22:53:37.323 [main] INFO  c.o.v.MutatingMatchOneMarketDataOrderVisitor - [ORDERBOOK] visiting LevelOrderBookLevel(price=43,quantity=134)
22:53:37.325 [main] INFO  c.o.v.MutatingMatchOneMarketDataOrderVisitor - [ORDERBOOK] Can't match order:MktData(price=43,quantity=134)(MktData(price=98,quantity=154))
22:53:37.325 [main] INFO  c.o.v.MutatingRemoveAllMarketDataOrdersVisitor - [ORDERBOOK] Removing market data order:MktData(price=98,quantity=501)
22:53:37.325 [main] INFO  c.o.v.MutatingRemoveAllMarketDataOrdersVisitor - [ORDERBOOK] Removing level:98
22:53:37.325 [main] INFO  c.o.v.MutatingRemoveAllMarketDataOrdersVisitor - [ORDERBOOK] Removing market data order:MktData(price=101,quantity=200)
22:53:37.325 [main] INFO  c.o.v.MutatingRemoveAllMarketDataOrdersVisitor - [ORDERBOOK] Removing level:101
22:53:37.325 [main] INFO  c.o.v.MutatingRemoveAllMarketDataOrdersVisitor - [ORDERBOOK] Removing market data order:MktData(price=110,quantity=5000)
22:53:37.325 [main] INFO  c.o.v.MutatingRemoveAllMarketDataOrdersVisitor - [ORDERBOOK] Removing level:110
22:53:37.325 [main] INFO  c.o.v.MutatingRemoveAllMarketDataOrdersVisitor - [ORDERBOOK] Removing market data order:MktData(price=119,quantity=5600)
22:53:37.325 [main] INFO  c.o.v.MutatingRemoveAllMarketDataOrdersVisitor - [ORDERBOOK] Removing level:119
22:53:37.325 [main] INFO  c.o.v.MutatingRemoveAllMarketDataOrdersVisitor - [ORDERBOOK] Removing market data order:MktData(price=123,quantity=453)
22:53:37.325 [main] INFO  c.o.v.MutatingRemoveAllMarketDataOrdersVisitor - [ORDERBOOK] Removing level:123
22:53:37.325 [main] INFO  c.o.v.MutatingRemoveAllMarketDataOrdersVisitor - [ORDERBOOK] Removing market data order:MktData(price=144,quantity=645)
22:53:37.325 [main] INFO  c.o.v.MutatingRemoveAllMarketDataOrdersVisitor - [ORDERBOOK] Removing level:144
22:53:37.325 [main] INFO  c.o.v.MutatingRemoveAllMarketDataOrdersVisitor - [ORDERBOOK] Removing market data order:MktData(price=167,quantity=665)
22:53:37.325 [main] INFO  c.o.v.MutatingRemoveAllMarketDataOrdersVisitor - [ORDERBOOK] Removing level:167
22:53:37.325 [main] DEBUG c.orderbook.OrderBook - [ORDERBOOK] ASK: Adding orderMktData(price=98,quantity=501)
22:53:37.325 [main] DEBUG c.orderbook.OrderBook - [ORDERBOOK] ASK: Adding orderMktData(price=101,quantity=200)
22:53:37.325 [main] DEBUG c.orderbook.OrderBook - [ORDERBOOK] ASK: Adding orderMktData(price=110,quantity=5000)
22:53:37.325 [main] DEBUG c.orderbook.OrderBook - [ORDERBOOK] ASK: Adding orderMktData(price=119,quantity=5600)
22:53:37.325 [main] DEBUG c.orderbook.OrderBook - [ORDERBOOK] ASK: Adding orderMktData(price=123,quantity=453)
22:53:37.325 [main] DEBUG c.orderbook.OrderBook - [ORDERBOOK] ASK: Adding orderMktData(price=144,quantity=645)
22:53:37.325 [main] DEBUG c.orderbook.OrderBook - [ORDERBOOK] ASK: Adding orderMktData(price=167,quantity=665)
22:53:37.325 [main] DEBUG c.service.MarketDataService - [ALGO] BID: price:43 quantity:134
22:53:37.325 [main] DEBUG c.service.MarketDataService - [ALGO] BID: price:76 quantity:145
22:53:37.325 [main] DEBUG c.service.MarketDataService - [ALGO] BID: price:91 quantity:300
22:53:37.325 [main] DEBUG c.service.MarketDataService - [ALGO] BID: price:93 quantity:200
22:53:37.325 [main] DEBUG c.service.MarketDataService - [ALGO] BID: price:95 quantity:100
22:53:37.325 [main] DEBUG c.service.MarketDataService - [ALGO] BID: price:98 quantity:154
22:53:37.325 [main] DEBUG c.service.MarketDataService - [ALGO] ASK: price:98 quantity:501
22:53:37.325 [main] DEBUG c.service.MarketDataService - [ALGO] ASK: price:101 quantity:200
22:53:37.325 [main] DEBUG c.service.MarketDataService - [ALGO] ASK: price:110 quantity:5000
22:53:37.325 [main] DEBUG c.service.MarketDataService - [ALGO] ASK: price:119 quantity:5600
22:53:37.325 [main] DEBUG c.service.MarketDataService - [ALGO] ASK: price:123 quantity:453
22:53:37.325 [main] DEBUG c.service.MarketDataService - [ALGO] ASK: price:144 quantity:645
22:53:37.325 [main] DEBUG c.service.MarketDataService - [ALGO] ASK: price:167 quantity:665
22:53:37.325 [main] INFO  c.gettingstarted.MyAlgoLogic - [MYALGO] The state of the order book is:
|----BID-----||----ASK----|
    134 @ 43    501 @ 98
    145 @ 76   200 @ 101
    300 @ 91  5000 @ 110
    200 @ 93  5600 @ 119
    100 @ 95   453 @ 123
    154 @ 98   645 @ 144
          -    665 @ 167
|------------||-----------|

22:53:37.325 [main] INFO  c.gettingstarted.MyAlgoLogic - [MYALGO] Algo Sees Book as: 
|----BID-----||----ASK----|
    134 @ 43    501 @ 98
    145 @ 76   200 @ 101
    300 @ 91  5000 @ 110
    200 @ 93  5600 @ 119
    100 @ 95   453 @ 123
    154 @ 98   645 @ 144
          -    665 @ 167
|------------||-----------|

22:53:37.325 [main] INFO  c.gettingstarted.TimedLogic - [TIMEDLOGIC] Market is closed
22:53:37.325 [main] INFO  c.sequencer.consumer.LoggingConsumer - [243] 
|----BID-----|
    134 @ 43
    145 @ 76
    300 @ 91
    200 @ 93
    100 @ 95
    154 @ 98
|----ASK-----|
    501 @ 98
   200 @ 101
  5000 @ 110
  5600 @ 119
   453 @ 123
   645 @ 144
   665 @ 167

22:53:37.325 [main] INFO  c.orderbook.OrderBook - [ORDERBOOK] Processing Mkt Data Update
22:53:37.325 [main] INFO  c.o.v.MutatingRemoveAllMarketDataOrdersVisitor - [ORDERBOOK] Removing market data order:MktData(price=43,quantity=134)
22:53:37.325 [main] INFO  c.o.v.MutatingRemoveAllMarketDataOrdersVisitor - [ORDERBOOK] Removing level:43
22:53:37.325 [main] DEBUG c.orderbook.OrderBook - [ORDERBOOK] ASK: Adding orderMktData(price=43,quantity=134)
22:53:37.325 [main] DEBUG c.orderbook.OrderBook - [ORDERBOOK] ASK: Adding orderMktData(price=76,quantity=145)
22:53:37.325 [main] DEBUG c.orderbook.OrderBook - [ORDERBOOK] ASK: Adding orderMktData(price=91,quantity=300)
22:53:37.325 [main] DEBUG c.orderbook.OrderBook - [ORDERBOOK] ASK: Adding orderMktData(price=93,quantity=200)
22:53:37.325 [main] DEBUG c.orderbook.OrderBook - [ORDERBOOK] ASK: Adding orderMktData(price=95,quantity=100)
22:53:37.325 [main] DEBUG c.orderbook.OrderBook - [ORDERBOOK] ASK: Adding orderMktData(price=98,quantity=154)
22:53:37.325 [main] INFO  c.o.v.MutatingMatchOneMarketDataOrderVisitor - [ORDERBOOK] visiting LevelOrderBookLevel(price=43,quantity=134)
22:53:37.325 [main] INFO  c.o.v.MutatingMatchOneMarketDataOrderVisitor - [ORDERBOOK] Can't match order:MktData(price=43,quantity=134)(MktData(price=98,quantity=154))
22:53:37.325 [main] INFO  c.o.v.MutatingRemoveAllMarketDataOrdersVisitor - [ORDERBOOK] Removing market data order:MktData(price=98,quantity=501)
22:53:37.325 [main] INFO  c.o.v.MutatingRemoveAllMarketDataOrdersVisitor - [ORDERBOOK] Removing level:98
22:53:37.325 [main] INFO  c.o.v.MutatingRemoveAllMarketDataOrdersVisitor - [ORDERBOOK] Removing market data order:MktData(price=101,quantity=200)
22:53:37.325 [main] INFO  c.o.v.MutatingRemoveAllMarketDataOrdersVisitor - [ORDERBOOK] Removing level:101
22:53:37.325 [main] INFO  c.o.v.MutatingRemoveAllMarketDataOrdersVisitor - [ORDERBOOK] Removing market data order:MktData(price=110,quantity=5000)
22:53:37.325 [main] INFO  c.o.v.MutatingRemoveAllMarketDataOrdersVisitor - [ORDERBOOK] Removing level:110
22:53:37.325 [main] INFO  c.o.v.MutatingRemoveAllMarketDataOrdersVisitor - [ORDERBOOK] Removing market data order:MktData(price=119,quantity=5600)
22:53:37.325 [main] INFO  c.o.v.MutatingRemoveAllMarketDataOrdersVisitor - [ORDERBOOK] Removing level:119
22:53:37.325 [main] INFO  c.o.v.MutatingRemoveAllMarketDataOrdersVisitor - [ORDERBOOK] Removing market data order:MktData(price=123,quantity=453)
22:53:37.325 [main] INFO  c.o.v.MutatingRemoveAllMarketDataOrdersVisitor - [ORDERBOOK] Removing level:123
22:53:37.325 [main] INFO  c.o.v.MutatingRemoveAllMarketDataOrdersVisitor - [ORDERBOOK] Removing market data order:MktData(price=144,quantity=645)
22:53:37.325 [main] INFO  c.o.v.MutatingRemoveAllMarketDataOrdersVisitor - [ORDERBOOK] Removing level:144
22:53:37.325 [main] INFO  c.o.v.MutatingRemoveAllMarketDataOrdersVisitor - [ORDERBOOK] Removing market data order:MktData(price=167,quantity=665)
22:53:37.325 [main] INFO  c.o.v.MutatingRemoveAllMarketDataOrdersVisitor - [ORDERBOOK] Removing level:167
22:53:37.325 [main] DEBUG c.orderbook.OrderBook - [ORDERBOOK] ASK: Adding orderMktData(price=98,quantity=501)
22:53:37.325 [main] DEBUG c.orderbook.OrderBook - [ORDERBOOK] ASK: Adding orderMktData(price=101,quantity=200)
22:53:37.325 [main] DEBUG c.orderbook.OrderBook - [ORDERBOOK] ASK: Adding orderMktData(price=110,quantity=5000)
22:53:37.325 [main] DEBUG c.orderbook.OrderBook - [ORDERBOOK] ASK: Adding orderMktData(price=119,quantity=5600)
22:53:37.325 [main] DEBUG c.orderbook.OrderBook - [ORDERBOOK] ASK: Adding orderMktData(price=123,quantity=453)
22:53:37.325 [main] DEBUG c.orderbook.OrderBook - [ORDERBOOK] ASK: Adding orderMktData(price=144,quantity=645)
22:53:37.325 [main] DEBUG c.orderbook.OrderBook - [ORDERBOOK] ASK: Adding orderMktData(price=167,quantity=665)
22:53:37.325 [main] DEBUG c.service.MarketDataService - [ALGO] BID: price:43 quantity:134
22:53:37.325 [main] DEBUG c.service.MarketDataService - [ALGO] BID: price:76 quantity:145
22:53:37.325 [main] DEBUG c.service.MarketDataService - [ALGO] BID: price:91 quantity:300
22:53:37.325 [main] DEBUG c.service.MarketDataService - [ALGO] BID: price:93 quantity:200
22:53:37.325 [main] DEBUG c.service.MarketDataService - [ALGO] BID: price:95 quantity:100
22:53:37.325 [main] DEBUG c.service.MarketDataService - [ALGO] BID: price:98 quantity:154
22:53:37.325 [main] DEBUG c.service.MarketDataService - [ALGO] ASK: price:98 quantity:501
22:53:37.325 [main] DEBUG c.service.MarketDataService - [ALGO] ASK: price:101 quantity:200
22:53:37.325 [main] DEBUG c.service.MarketDataService - [ALGO] ASK: price:110 quantity:5000
22:53:37.325 [main] DEBUG c.service.MarketDataService - [ALGO] ASK: price:119 quantity:5600
22:53:37.325 [main] DEBUG c.service.MarketDataService - [ALGO] ASK: price:123 quantity:453
22:53:37.325 [main] DEBUG c.service.MarketDataService - [ALGO] ASK: price:144 quantity:645
22:53:37.325 [main] DEBUG c.service.MarketDataService - [ALGO] ASK: price:167 quantity:665
22:53:37.325 [main] INFO  c.gettingstarted.MyAlgoLogic - [MYALGO] The state of the order book is:
|----BID-----||----ASK----|
    134 @ 43    501 @ 98
    145 @ 76   200 @ 101
    300 @ 91  5000 @ 110
    200 @ 93  5600 @ 119
    100 @ 95   453 @ 123
    154 @ 98   645 @ 144
          -    665 @ 167
|------------||-----------|

22:53:37.325 [main] INFO  c.gettingstarted.MyAlgoLogic - [MYALGO] Algo Sees Book as: 
|----BID-----||----ASK----|
    134 @ 43    501 @ 98
    145 @ 76   200 @ 101
    300 @ 91  5000 @ 110
    200 @ 93  5600 @ 119
    100 @ 95   453 @ 123
    154 @ 98   645 @ 144
          -    665 @ 167
|------------||-----------|

22:53:37.325 [main] INFO  c.gettingstarted.TimedLogic - [TIMEDLOGIC] Market is closed
22:53:37.325 [main] INFO  c.sequencer.consumer.LoggingConsumer - [244] 
|----BID-----|
    134 @ 43
    145 @ 76
    300 @ 91
    200 @ 93
    100 @ 95
    154 @ 98
|----ASK-----|
    501 @ 98
   200 @ 101
  5000 @ 110
  5600 @ 119
   453 @ 123
   645 @ 144
   665 @ 167

22:53:37.325 [main] INFO  c.orderbook.OrderBook - [ORDERBOOK] Processing Mkt Data Update
22:53:37.325 [main] INFO  c.o.v.MutatingRemoveAllMarketDataOrdersVisitor - [ORDERBOOK] Removing market data order:MktData(price=43,quantity=134)
22:53:37.325 [main] INFO  c.o.v.MutatingRemoveAllMarketDataOrdersVisitor - [ORDERBOOK] Removing level:43
22:53:37.325 [main] DEBUG c.orderbook.OrderBook - [ORDERBOOK] ASK: Adding orderMktData(price=43,quantity=134)
22:53:37.325 [main] DEBUG c.orderbook.OrderBook - [ORDERBOOK] ASK: Adding orderMktData(price=76,quantity=145)
22:53:37.325 [main] DEBUG c.orderbook.OrderBook - [ORDERBOOK] ASK: Adding orderMktData(price=91,quantity=300)
22:53:37.325 [main] DEBUG c.orderbook.OrderBook - [ORDERBOOK] ASK: Adding orderMktData(price=93,quantity=200)
22:53:37.325 [main] DEBUG c.orderbook.OrderBook - [ORDERBOOK] ASK: Adding orderMktData(price=95,quantity=100)
22:53:37.325 [main] DEBUG c.orderbook.OrderBook - [ORDERBOOK] ASK: Adding orderMktData(price=98,quantity=154)
22:53:37.325 [main] INFO  c.o.v.MutatingMatchOneMarketDataOrderVisitor - [ORDERBOOK] visiting LevelOrderBookLevel(price=43,quantity=134)
22:53:37.325 [main] INFO  c.o.v.MutatingMatchOneMarketDataOrderVisitor - [ORDERBOOK] Can't match order:MktData(price=43,quantity=134)(MktData(price=98,quantity=154))
22:53:37.325 [main] INFO  c.o.v.MutatingRemoveAllMarketDataOrdersVisitor - [ORDERBOOK] Removing market data order:MktData(price=98,quantity=501)
22:53:37.325 [main] INFO  c.o.v.MutatingRemoveAllMarketDataOrdersVisitor - [ORDERBOOK] Removing level:98
22:53:37.325 [main] INFO  c.o.v.MutatingRemoveAllMarketDataOrdersVisitor - [ORDERBOOK] Removing market data order:MktData(price=101,quantity=200)
22:53:37.325 [main] INFO  c.o.v.MutatingRemoveAllMarketDataOrdersVisitor - [ORDERBOOK] Removing level:101
22:53:37.325 [main] INFO  c.o.v.MutatingRemoveAllMarketDataOrdersVisitor - [ORDERBOOK] Removing market data order:MktData(price=110,quantity=5000)
22:53:37.325 [main] INFO  c.o.v.MutatingRemoveAllMarketDataOrdersVisitor - [ORDERBOOK] Removing level:110
22:53:37.325 [main] INFO  c.o.v.MutatingRemoveAllMarketDataOrdersVisitor - [ORDERBOOK] Removing market data order:MktData(price=119,quantity=5600)
22:53:37.325 [main] INFO  c.o.v.MutatingRemoveAllMarketDataOrdersVisitor - [ORDERBOOK] Removing level:119
22:53:37.325 [main] INFO  c.o.v.MutatingRemoveAllMarketDataOrdersVisitor - [ORDERBOOK] Removing market data order:MktData(price=123,quantity=453)
22:53:37.325 [main] INFO  c.o.v.MutatingRemoveAllMarketDataOrdersVisitor - [ORDERBOOK] Removing level:123
22:53:37.325 [main] INFO  c.o.v.MutatingRemoveAllMarketDataOrdersVisitor - [ORDERBOOK] Removing market data order:MktData(price=144,quantity=645)
22:53:37.325 [main] INFO  c.o.v.MutatingRemoveAllMarketDataOrdersVisitor - [ORDERBOOK] Removing level:144
22:53:37.325 [main] INFO  c.o.v.MutatingRemoveAllMarketDataOrdersVisitor - [ORDERBOOK] Removing market data order:MktData(price=167,quantity=665)
22:53:37.325 [main] INFO  c.o.v.MutatingRemoveAllMarketDataOrdersVisitor - [ORDERBOOK] Removing level:167
22:53:37.325 [main] DEBUG c.orderbook.OrderBook - [ORDERBOOK] ASK: Adding orderMktData(price=98,quantity=501)
22:53:37.325 [main] DEBUG c.orderbook.OrderBook - [ORDERBOOK] ASK: Adding orderMktData(price=101,quantity=200)
22:53:37.325 [main] DEBUG c.orderbook.OrderBook - [ORDERBOOK] ASK: Adding orderMktData(price=110,quantity=5000)
22:53:37.325 [main] DEBUG c.orderbook.OrderBook - [ORDERBOOK] ASK: Adding orderMktData(price=119,quantity=5600)
22:53:37.325 [main] DEBUG c.orderbook.OrderBook - [ORDERBOOK] ASK: Adding orderMktData(price=123,quantity=453)
22:53:37.325 [main] DEBUG c.orderbook.OrderBook - [ORDERBOOK] ASK: Adding orderMktData(price=144,quantity=645)
22:53:37.325 [main] DEBUG c.orderbook.OrderBook - [ORDERBOOK] ASK: Adding orderMktData(price=167,quantity=665)
22:53:37.325 [main] DEBUG c.service.MarketDataService - [ALGO] BID: price:43 quantity:134
22:53:37.325 [main] DEBUG c.service.MarketDataService - [ALGO] BID: price:76 quantity:145
22:53:37.325 [main] DEBUG c.service.MarketDataService - [ALGO] BID: price:91 quantity:300
22:53:37.325 [main] DEBUG c.service.MarketDataService - [ALGO] BID: price:93 quantity:200
22:53:37.325 [main] DEBUG c.service.MarketDataService - [ALGO] BID: price:95 quantity:100
22:53:37.325 [main] DEBUG c.service.MarketDataService - [ALGO] BID: price:98 quantity:154
22:53:37.325 [main] DEBUG c.service.MarketDataService - [ALGO] ASK: price:98 quantity:501
22:53:37.325 [main] DEBUG c.service.MarketDataService - [ALGO] ASK: price:101 quantity:200
22:53:37.325 [main] DEBUG c.service.MarketDataService - [ALGO] ASK: price:110 quantity:5000
22:53:37.325 [main] DEBUG c.service.MarketDataService - [ALGO] ASK: price:119 quantity:5600
22:53:37.325 [main] DEBUG c.service.MarketDataService - [ALGO] ASK: price:123 quantity:453
22:53:37.325 [main] DEBUG c.service.MarketDataService - [ALGO] ASK: price:144 quantity:645
22:53:37.325 [main] DEBUG c.service.MarketDataService - [ALGO] ASK: price:167 quantity:665
22:53:37.325 [main] INFO  c.gettingstarted.MyAlgoLogic - [MYALGO] The state of the order book is:
|----BID-----||----ASK----|
    134 @ 43    501 @ 98
    145 @ 76   200 @ 101
    300 @ 91  5000 @ 110
    200 @ 93  5600 @ 119
    100 @ 95   453 @ 123
    154 @ 98   645 @ 144
          -    665 @ 167
|------------||-----------|

22:53:37.325 [main] INFO  c.gettingstarted.MyAlgoLogic - [MYALGO] Algo Sees Book as: 
|----BID-----||----ASK----|
    134 @ 43    501 @ 98
    145 @ 76   200 @ 101
    300 @ 91  5000 @ 110
    200 @ 93  5600 @ 119
    100 @ 95   453 @ 123
    154 @ 98   645 @ 144
          -    665 @ 167
|------------||-----------|

22:53:37.325 [main] INFO  c.gettingstarted.TimedLogic - [TIMEDLOGIC] Market is closed
22:53:37.325 [main] INFO  c.sequencer.consumer.LoggingConsumer - [245] 
|----BID-----|
    134 @ 43
    145 @ 76
    300 @ 91
    200 @ 93
    100 @ 95
    154 @ 98
|----ASK-----|
    501 @ 98
   200 @ 101
  5000 @ 110
  5600 @ 119
   453 @ 123
   645 @ 144
   665 @ 167

22:53:37.325 [main] INFO  c.orderbook.OrderBook - [ORDERBOOK] Processing Mkt Data Update
22:53:37.325 [main] INFO  c.o.v.MutatingRemoveAllMarketDataOrdersVisitor - [ORDERBOOK] Removing market data order:MktData(price=43,quantity=134)
22:53:37.325 [main] INFO  c.o.v.MutatingRemoveAllMarketDataOrdersVisitor - [ORDERBOOK] Removing level:43
22:53:37.325 [main] DEBUG c.orderbook.OrderBook - [ORDERBOOK] ASK: Adding orderMktData(price=43,quantity=134)
22:53:37.325 [main] DEBUG c.orderbook.OrderBook - [ORDERBOOK] ASK: Adding orderMktData(price=76,quantity=145)
22:53:37.325 [main] DEBUG c.orderbook.OrderBook - [ORDERBOOK] ASK: Adding orderMktData(price=91,quantity=300)
22:53:37.325 [main] DEBUG c.orderbook.OrderBook - [ORDERBOOK] ASK: Adding orderMktData(price=93,quantity=200)
22:53:37.325 [main] DEBUG c.orderbook.OrderBook - [ORDERBOOK] ASK: Adding orderMktData(price=95,quantity=100)
22:53:37.325 [main] DEBUG c.orderbook.OrderBook - [ORDERBOOK] ASK: Adding orderMktData(price=98,quantity=154)
22:53:37.325 [main] INFO  c.o.v.MutatingMatchOneMarketDataOrderVisitor - [ORDERBOOK] visiting LevelOrderBookLevel(price=43,quantity=134)
22:53:37.325 [main] INFO  c.o.v.MutatingMatchOneMarketDataOrderVisitor - [ORDERBOOK] Can't match order:MktData(price=43,quantity=134)(MktData(price=98,quantity=154))
22:53:37.325 [main] INFO  c.o.v.MutatingRemoveAllMarketDataOrdersVisitor - [ORDERBOOK] Removing market data order:MktData(price=98,quantity=501)
22:53:37.325 [main] INFO  c.o.v.MutatingRemoveAllMarketDataOrdersVisitor - [ORDERBOOK] Removing level:98
22:53:37.325 [main] INFO  c.o.v.MutatingRemoveAllMarketDataOrdersVisitor - [ORDERBOOK] Removing market data order:MktData(price=101,quantity=200)
22:53:37.325 [main] INFO  c.o.v.MutatingRemoveAllMarketDataOrdersVisitor - [ORDERBOOK] Removing level:101
22:53:37.325 [main] INFO  c.o.v.MutatingRemoveAllMarketDataOrdersVisitor - [ORDERBOOK] Removing market data order:MktData(price=110,quantity=5000)
22:53:37.325 [main] INFO  c.o.v.MutatingRemoveAllMarketDataOrdersVisitor - [ORDERBOOK] Removing level:110
22:53:37.325 [main] INFO  c.o.v.MutatingRemoveAllMarketDataOrdersVisitor - [ORDERBOOK] Removing market data order:MktData(price=119,quantity=5600)
22:53:37.325 [main] INFO  c.o.v.MutatingRemoveAllMarketDataOrdersVisitor - [ORDERBOOK] Removing level:119
22:53:37.325 [main] INFO  c.o.v.MutatingRemoveAllMarketDataOrdersVisitor - [ORDERBOOK] Removing market data order:MktData(price=123,quantity=453)
22:53:37.325 [main] INFO  c.o.v.MutatingRemoveAllMarketDataOrdersVisitor - [ORDERBOOK] Removing level:123
22:53:37.325 [main] INFO  c.o.v.MutatingRemoveAllMarketDataOrdersVisitor - [ORDERBOOK] Removing market data order:MktData(price=144,quantity=645)
22:53:37.325 [main] INFO  c.o.v.MutatingRemoveAllMarketDataOrdersVisitor - [ORDERBOOK] Removing level:144
22:53:37.325 [main] INFO  c.o.v.MutatingRemoveAllMarketDataOrdersVisitor - [ORDERBOOK] Removing market data order:MktData(price=167,quantity=665)
22:53:37.325 [main] INFO  c.o.v.MutatingRemoveAllMarketDataOrdersVisitor - [ORDERBOOK] Removing level:167
22:53:37.325 [main] DEBUG c.orderbook.OrderBook - [ORDERBOOK] ASK: Adding orderMktData(price=98,quantity=501)
22:53:37.325 [main] DEBUG c.orderbook.OrderBook - [ORDERBOOK] ASK: Adding orderMktData(price=101,quantity=200)
22:53:37.325 [main] DEBUG c.orderbook.OrderBook - [ORDERBOOK] ASK: Adding orderMktData(price=110,quantity=5000)
22:53:37.325 [main] DEBUG c.orderbook.OrderBook - [ORDERBOOK] ASK: Adding orderMktData(price=119,quantity=5600)
22:53:37.325 [main] DEBUG c.orderbook.OrderBook - [ORDERBOOK] ASK: Adding orderMktData(price=123,quantity=453)
22:53:37.325 [main] DEBUG c.orderbook.OrderBook - [ORDERBOOK] ASK: Adding orderMktData(price=144,quantity=645)
22:53:37.325 [main] DEBUG c.orderbook.OrderBook - [ORDERBOOK] ASK: Adding orderMktData(price=167,quantity=665)
22:53:37.325 [main] DEBUG c.service.MarketDataService - [ALGO] BID: price:43 quantity:134
22:53:37.325 [main] DEBUG c.service.MarketDataService - [ALGO] BID: price:76 quantity:145
22:53:37.325 [main] DEBUG c.service.MarketDataService - [ALGO] BID: price:91 quantity:300
22:53:37.325 [main] DEBUG c.service.MarketDataService - [ALGO] BID: price:93 quantity:200
22:53:37.325 [main] DEBUG c.service.MarketDataService - [ALGO] BID: price:95 quantity:100
22:53:37.325 [main] DEBUG c.service.MarketDataService - [ALGO] BID: price:98 quantity:154
22:53:37.325 [main] DEBUG c.service.MarketDataService - [ALGO] ASK: price:98 quantity:501
22:53:37.325 [main] DEBUG c.service.MarketDataService - [ALGO] ASK: price:101 quantity:200
22:53:37.325 [main] DEBUG c.service.MarketDataService - [ALGO] ASK: price:110 quantity:5000
22:53:37.325 [main] DEBUG c.service.MarketDataService - [ALGO] ASK: price:119 quantity:5600
22:53:37.325 [main] DEBUG c.service.MarketDataService - [ALGO] ASK: price:123 quantity:453
22:53:37.325 [main] DEBUG c.service.MarketDataService - [ALGO] ASK: price:144 quantity:645
22:53:37.325 [main] DEBUG c.service.MarketDataService - [ALGO] ASK: price:167 quantity:665
22:53:37.325 [main] INFO  c.gettingstarted.MyAlgoLogic - [MYALGO] The state of the order book is:
|----BID-----||----ASK----|
    134 @ 43    501 @ 98
    145 @ 76   200 @ 101
    300 @ 91  5000 @ 110
    200 @ 93  5600 @ 119
    100 @ 95   453 @ 123
    154 @ 98   645 @ 144
          -    665 @ 167
|------------||-----------|

22:53:37.325 [main] INFO  c.gettingstarted.MyAlgoLogic - [MYALGO] Algo Sees Book as: 
|----BID-----||----ASK----|
    134 @ 43    501 @ 98
    145 @ 76   200 @ 101
    300 @ 91  5000 @ 110
    200 @ 93  5600 @ 119
    100 @ 95   453 @ 123
    154 @ 98   645 @ 144
          -    665 @ 167
|------------||-----------|

22:53:37.325 [main] INFO  c.gettingstarted.TimedLogic - [TIMEDLOGIC] Market is closed
22:53:37.325 [main] INFO  c.sequencer.consumer.LoggingConsumer - [246] 
|----BID-----|
    134 @ 43
    145 @ 76
    300 @ 91
    200 @ 93
    100 @ 95
    154 @ 98
|----ASK-----|
    501 @ 98
   200 @ 101
  5000 @ 110
  5600 @ 119
   453 @ 123
   645 @ 144
   665 @ 167

22:53:37.325 [main] INFO  c.orderbook.OrderBook - [ORDERBOOK] Processing Mkt Data Update
22:53:37.325 [main] INFO  c.o.v.MutatingRemoveAllMarketDataOrdersVisitor - [ORDERBOOK] Removing market data order:MktData(price=43,quantity=134)
22:53:37.325 [main] INFO  c.o.v.MutatingRemoveAllMarketDataOrdersVisitor - [ORDERBOOK] Removing level:43
22:53:37.325 [main] DEBUG c.orderbook.OrderBook - [ORDERBOOK] ASK: Adding orderMktData(price=43,quantity=134)
22:53:37.325 [main] DEBUG c.orderbook.OrderBook - [ORDERBOOK] ASK: Adding orderMktData(price=76,quantity=145)
22:53:37.325 [main] DEBUG c.orderbook.OrderBook - [ORDERBOOK] ASK: Adding orderMktData(price=91,quantity=300)
22:53:37.325 [main] DEBUG c.orderbook.OrderBook - [ORDERBOOK] ASK: Adding orderMktData(price=93,quantity=200)
22:53:37.325 [main] DEBUG c.orderbook.OrderBook - [ORDERBOOK] ASK: Adding orderMktData(price=95,quantity=100)
22:53:37.325 [main] DEBUG c.orderbook.OrderBook - [ORDERBOOK] ASK: Adding orderMktData(price=98,quantity=154)
22:53:37.325 [main] INFO  c.o.v.MutatingMatchOneMarketDataOrderVisitor - [ORDERBOOK] visiting LevelOrderBookLevel(price=43,quantity=134)
22:53:37.325 [main] INFO  c.o.v.MutatingMatchOneMarketDataOrderVisitor - [ORDERBOOK] Can't match order:MktData(price=43,quantity=134)(MktData(price=98,quantity=154))
22:53:37.325 [main] INFO  c.o.v.MutatingRemoveAllMarketDataOrdersVisitor - [ORDERBOOK] Removing market data order:MktData(price=98,quantity=501)
22:53:37.325 [main] INFO  c.o.v.MutatingRemoveAllMarketDataOrdersVisitor - [ORDERBOOK] Removing level:98
22:53:37.325 [main] INFO  c.o.v.MutatingRemoveAllMarketDataOrdersVisitor - [ORDERBOOK] Removing market data order:MktData(price=101,quantity=200)
22:53:37.325 [main] INFO  c.o.v.MutatingRemoveAllMarketDataOrdersVisitor - [ORDERBOOK] Removing level:101
22:53:37.325 [main] INFO  c.o.v.MutatingRemoveAllMarketDataOrdersVisitor - [ORDERBOOK] Removing market data order:MktData(price=110,quantity=5000)
22:53:37.325 [main] INFO  c.o.v.MutatingRemoveAllMarketDataOrdersVisitor - [ORDERBOOK] Removing level:110
22:53:37.325 [main] INFO  c.o.v.MutatingRemoveAllMarketDataOrdersVisitor - [ORDERBOOK] Removing market data order:MktData(price=119,quantity=5600)
22:53:37.325 [main] INFO  c.o.v.MutatingRemoveAllMarketDataOrdersVisitor - [ORDERBOOK] Removing level:119
22:53:37.325 [main] INFO  c.o.v.MutatingRemoveAllMarketDataOrdersVisitor - [ORDERBOOK] Removing market data order:MktData(price=123,quantity=453)
22:53:37.325 [main] INFO  c.o.v.MutatingRemoveAllMarketDataOrdersVisitor - [ORDERBOOK] Removing level:123
22:53:37.325 [main] INFO  c.o.v.MutatingRemoveAllMarketDataOrdersVisitor - [ORDERBOOK] Removing market data order:MktData(price=144,quantity=645)
22:53:37.325 [main] INFO  c.o.v.MutatingRemoveAllMarketDataOrdersVisitor - [ORDERBOOK] Removing level:144
22:53:37.325 [main] INFO  c.o.v.MutatingRemoveAllMarketDataOrdersVisitor - [ORDERBOOK] Removing market data order:MktData(price=167,quantity=665)
22:53:37.325 [main] INFO  c.o.v.MutatingRemoveAllMarketDataOrdersVisitor - [ORDERBOOK] Removing level:167
22:53:37.325 [main] DEBUG c.orderbook.OrderBook - [ORDERBOOK] ASK: Adding orderMktData(price=98,quantity=501)
22:53:37.325 [main] DEBUG c.orderbook.OrderBook - [ORDERBOOK] ASK: Adding orderMktData(price=101,quantity=200)
22:53:37.325 [main] DEBUG c.orderbook.OrderBook - [ORDERBOOK] ASK: Adding orderMktData(price=110,quantity=5000)
22:53:37.325 [main] DEBUG c.orderbook.OrderBook - [ORDERBOOK] ASK: Adding orderMktData(price=119,quantity=5600)
22:53:37.325 [main] DEBUG c.orderbook.OrderBook - [ORDERBOOK] ASK: Adding orderMktData(price=123,quantity=453)
22:53:37.325 [main] DEBUG c.orderbook.OrderBook - [ORDERBOOK] ASK: Adding orderMktData(price=144,quantity=645)
22:53:37.325 [main] DEBUG c.orderbook.OrderBook - [ORDERBOOK] ASK: Adding orderMktData(price=167,quantity=665)
22:53:37.325 [main] DEBUG c.service.MarketDataService - [ALGO] BID: price:43 quantity:134
22:53:37.325 [main] DEBUG c.service.MarketDataService - [ALGO] BID: price:76 quantity:145
22:53:37.325 [main] DEBUG c.service.MarketDataService - [ALGO] BID: price:91 quantity:300
22:53:37.325 [main] DEBUG c.service.MarketDataService - [ALGO] BID: price:93 quantity:200
22:53:37.325 [main] DEBUG c.service.MarketDataService - [ALGO] BID: price:95 quantity:100
22:53:37.325 [main] DEBUG c.service.MarketDataService - [ALGO] BID: price:98 quantity:154
22:53:37.325 [main] DEBUG c.service.MarketDataService - [ALGO] ASK: price:98 quantity:501
22:53:37.325 [main] DEBUG c.service.MarketDataService - [ALGO] ASK: price:101 quantity:200
22:53:37.325 [main] DEBUG c.service.MarketDataService - [ALGO] ASK: price:110 quantity:5000
22:53:37.325 [main] DEBUG c.service.MarketDataService - [ALGO] ASK: price:119 quantity:5600
22:53:37.325 [main] DEBUG c.service.MarketDataService - [ALGO] ASK: price:123 quantity:453
22:53:37.325 [main] DEBUG c.service.MarketDataService - [ALGO] ASK: price:144 quantity:645
22:53:37.325 [main] DEBUG c.service.MarketDataService - [ALGO] ASK: price:167 quantity:665
22:53:37.325 [main] INFO  c.gettingstarted.MyAlgoLogic - [MYALGO] The state of the order book is:
|----BID-----||----ASK----|
    134 @ 43    501 @ 98
    145 @ 76   200 @ 101
    300 @ 91  5000 @ 110
    200 @ 93  5600 @ 119
    100 @ 95   453 @ 123
    154 @ 98   645 @ 144
          -    665 @ 167
|------------||-----------|

22:53:37.325 [main] INFO  c.gettingstarted.MyAlgoLogic - [MYALGO] Algo Sees Book as: 
|----BID-----||----ASK----|
    134 @ 43    501 @ 98
    145 @ 76   200 @ 101
    300 @ 91  5000 @ 110
    200 @ 93  5600 @ 119
    100 @ 95   453 @ 123
    154 @ 98   645 @ 144
          -    665 @ 167
|------------||-----------|

22:53:37.325 [main] INFO  c.gettingstarted.TimedLogic - [TIMEDLOGIC] Market is closed
22:53:37.325 [main] INFO  c.sequencer.consumer.LoggingConsumer - [247] 
|----BID-----|
    134 @ 43
    145 @ 76
    300 @ 91
    200 @ 93
    100 @ 95
    154 @ 98
|----ASK-----|
    501 @ 98
   200 @ 101
  5000 @ 110
  5600 @ 119
   453 @ 123
   645 @ 144
   665 @ 167

22:53:37.325 [main] INFO  c.orderbook.OrderBook - [ORDERBOOK] Processing Mkt Data Update
22:53:37.325 [main] INFO  c.o.v.MutatingRemoveAllMarketDataOrdersVisitor - [ORDERBOOK] Removing market data order:MktData(price=43,quantity=134)
22:53:37.325 [main] INFO  c.o.v.MutatingRemoveAllMarketDataOrdersVisitor - [ORDERBOOK] Removing level:43
22:53:37.325 [main] DEBUG c.orderbook.OrderBook - [ORDERBOOK] ASK: Adding orderMktData(price=43,quantity=134)
22:53:37.325 [main] DEBUG c.orderbook.OrderBook - [ORDERBOOK] ASK: Adding orderMktData(price=76,quantity=145)
22:53:37.325 [main] DEBUG c.orderbook.OrderBook - [ORDERBOOK] ASK: Adding orderMktData(price=91,quantity=300)
22:53:37.325 [main] DEBUG c.orderbook.OrderBook - [ORDERBOOK] ASK: Adding orderMktData(price=93,quantity=200)
22:53:37.325 [main] DEBUG c.orderbook.OrderBook - [ORDERBOOK] ASK: Adding orderMktData(price=95,quantity=100)
22:53:37.325 [main] DEBUG c.orderbook.OrderBook - [ORDERBOOK] ASK: Adding orderMktData(price=98,quantity=154)
22:53:37.325 [main] INFO  c.o.v.MutatingMatchOneMarketDataOrderVisitor - [ORDERBOOK] visiting LevelOrderBookLevel(price=43,quantity=134)
22:53:37.325 [main] INFO  c.o.v.MutatingMatchOneMarketDataOrderVisitor - [ORDERBOOK] Can't match order:MktData(price=43,quantity=134)(MktData(price=98,quantity=154))
22:53:37.325 [main] INFO  c.o.v.MutatingRemoveAllMarketDataOrdersVisitor - [ORDERBOOK] Removing market data order:MktData(price=98,quantity=501)
22:53:37.325 [main] INFO  c.o.v.MutatingRemoveAllMarketDataOrdersVisitor - [ORDERBOOK] Removing level:98
22:53:37.325 [main] INFO  c.o.v.MutatingRemoveAllMarketDataOrdersVisitor - [ORDERBOOK] Removing market data order:MktData(price=101,quantity=200)
22:53:37.325 [main] INFO  c.o.v.MutatingRemoveAllMarketDataOrdersVisitor - [ORDERBOOK] Removing level:101
22:53:37.325 [main] INFO  c.o.v.MutatingRemoveAllMarketDataOrdersVisitor - [ORDERBOOK] Removing market data order:MktData(price=110,quantity=5000)
22:53:37.325 [main] INFO  c.o.v.MutatingRemoveAllMarketDataOrdersVisitor - [ORDERBOOK] Removing level:110
22:53:37.325 [main] INFO  c.o.v.MutatingRemoveAllMarketDataOrdersVisitor - [ORDERBOOK] Removing market data order:MktData(price=119,quantity=5600)
22:53:37.325 [main] INFO  c.o.v.MutatingRemoveAllMarketDataOrdersVisitor - [ORDERBOOK] Removing level:119
22:53:37.325 [main] INFO  c.o.v.MutatingRemoveAllMarketDataOrdersVisitor - [ORDERBOOK] Removing market data order:MktData(price=123,quantity=453)
22:53:37.325 [main] INFO  c.o.v.MutatingRemoveAllMarketDataOrdersVisitor - [ORDERBOOK] Removing level:123
22:53:37.325 [main] INFO  c.o.v.MutatingRemoveAllMarketDataOrdersVisitor - [ORDERBOOK] Removing market data order:MktData(price=144,quantity=645)
22:53:37.325 [main] INFO  c.o.v.MutatingRemoveAllMarketDataOrdersVisitor - [ORDERBOOK] Removing level:144
22:53:37.325 [main] INFO  c.o.v.MutatingRemoveAllMarketDataOrdersVisitor - [ORDERBOOK] Removing market data order:MktData(price=167,quantity=665)
22:53:37.325 [main] INFO  c.o.v.MutatingRemoveAllMarketDataOrdersVisitor - [ORDERBOOK] Removing level:167
22:53:37.325 [main] DEBUG c.orderbook.OrderBook - [ORDERBOOK] ASK: Adding orderMktData(price=98,quantity=501)
22:53:37.325 [main] DEBUG c.orderbook.OrderBook - [ORDERBOOK] ASK: Adding orderMktData(price=101,quantity=200)
22:53:37.325 [main] DEBUG c.orderbook.OrderBook - [ORDERBOOK] ASK: Adding orderMktData(price=110,quantity=5000)
22:53:37.325 [main] DEBUG c.orderbook.OrderBook - [ORDERBOOK] ASK: Adding orderMktData(price=119,quantity=5600)
22:53:37.325 [main] DEBUG c.orderbook.OrderBook - [ORDERBOOK] ASK: Adding orderMktData(price=123,quantity=453)
22:53:37.325 [main] DEBUG c.orderbook.OrderBook - [ORDERBOOK] ASK: Adding orderMktData(price=144,quantity=645)
22:53:37.325 [main] DEBUG c.orderbook.OrderBook - [ORDERBOOK] ASK: Adding orderMktData(price=167,quantity=665)
22:53:37.325 [main] DEBUG c.service.MarketDataService - [ALGO] BID: price:43 quantity:134
22:53:37.325 [main] DEBUG c.service.MarketDataService - [ALGO] BID: price:76 quantity:145
22:53:37.325 [main] DEBUG c.service.MarketDataService - [ALGO] BID: price:91 quantity:300
22:53:37.325 [main] DEBUG c.service.MarketDataService - [ALGO] BID: price:93 quantity:200
22:53:37.325 [main] DEBUG c.service.MarketDataService - [ALGO] BID: price:95 quantity:100
22:53:37.325 [main] DEBUG c.service.MarketDataService - [ALGO] BID: price:98 quantity:154
22:53:37.325 [main] DEBUG c.service.MarketDataService - [ALGO] ASK: price:98 quantity:501
22:53:37.325 [main] DEBUG c.service.MarketDataService - [ALGO] ASK: price:101 quantity:200
22:53:37.325 [main] DEBUG c.service.MarketDataService - [ALGO] ASK: price:110 quantity:5000
22:53:37.325 [main] DEBUG c.service.MarketDataService - [ALGO] ASK: price:119 quantity:5600
22:53:37.325 [main] DEBUG c.service.MarketDataService - [ALGO] ASK: price:123 quantity:453
22:53:37.325 [main] DEBUG c.service.MarketDataService - [ALGO] ASK: price:144 quantity:645
22:53:37.325 [main] DEBUG c.service.MarketDataService - [ALGO] ASK: price:167 quantity:665
22:53:37.325 [main] INFO  c.gettingstarted.MyAlgoLogic - [MYALGO] The state of the order book is:
|----BID-----||----ASK----|
    134 @ 43    501 @ 98
    145 @ 76   200 @ 101
    300 @ 91  5000 @ 110
    200 @ 93  5600 @ 119
    100 @ 95   453 @ 123
    154 @ 98   645 @ 144
          -    665 @ 167
|------------||-----------|

22:53:37.325 [main] INFO  c.gettingstarted.MyAlgoLogic - [MYALGO] Algo Sees Book as: 
|----BID-----||----ASK----|
    134 @ 43    501 @ 98
    145 @ 76   200 @ 101
    300 @ 91  5000 @ 110
    200 @ 93  5600 @ 119
    100 @ 95   453 @ 123
    154 @ 98   645 @ 144
          -    665 @ 167
|------------||-----------|

22:53:37.325 [main] INFO  c.gettingstarted.TimedLogic - [TIMEDLOGIC] Market is closed
22:53:37.325 [main] INFO  c.sequencer.consumer.LoggingConsumer - [248] 
|----BID-----|
    134 @ 43
    145 @ 76
    300 @ 91
    200 @ 93
    100 @ 95
    154 @ 98
|----ASK-----|
    501 @ 98
   200 @ 101
  5000 @ 110
  5600 @ 119
   453 @ 123
   645 @ 144
   665 @ 167

22:53:37.325 [main] INFO  c.orderbook.OrderBook - [ORDERBOOK] Processing Mkt Data Update
22:53:37.325 [main] INFO  c.o.v.MutatingRemoveAllMarketDataOrdersVisitor - [ORDERBOOK] Removing market data order:MktData(price=43,quantity=134)
22:53:37.325 [main] INFO  c.o.v.MutatingRemoveAllMarketDataOrdersVisitor - [ORDERBOOK] Removing level:43
22:53:37.325 [main] DEBUG c.orderbook.OrderBook - [ORDERBOOK] ASK: Adding orderMktData(price=43,quantity=134)
22:53:37.325 [main] DEBUG c.orderbook.OrderBook - [ORDERBOOK] ASK: Adding orderMktData(price=76,quantity=145)
22:53:37.325 [main] DEBUG c.orderbook.OrderBook - [ORDERBOOK] ASK: Adding orderMktData(price=91,quantity=300)
22:53:37.325 [main] DEBUG c.orderbook.OrderBook - [ORDERBOOK] ASK: Adding orderMktData(price=93,quantity=200)
22:53:37.325 [main] DEBUG c.orderbook.OrderBook - [ORDERBOOK] ASK: Adding orderMktData(price=95,quantity=100)
22:53:37.325 [main] DEBUG c.orderbook.OrderBook - [ORDERBOOK] ASK: Adding orderMktData(price=98,quantity=154)
22:53:37.325 [main] INFO  c.o.v.MutatingMatchOneMarketDataOrderVisitor - [ORDERBOOK] visiting LevelOrderBookLevel(price=43,quantity=134)
22:53:37.325 [main] INFO  c.o.v.MutatingMatchOneMarketDataOrderVisitor - [ORDERBOOK] Can't match order:MktData(price=43,quantity=134)(MktData(price=98,quantity=154))
22:53:37.325 [main] INFO  c.o.v.MutatingRemoveAllMarketDataOrdersVisitor - [ORDERBOOK] Removing market data order:MktData(price=98,quantity=501)
22:53:37.325 [main] INFO  c.o.v.MutatingRemoveAllMarketDataOrdersVisitor - [ORDERBOOK] Removing level:98
22:53:37.325 [main] INFO  c.o.v.MutatingRemoveAllMarketDataOrdersVisitor - [ORDERBOOK] Removing market data order:MktData(price=101,quantity=200)
22:53:37.325 [main] INFO  c.o.v.MutatingRemoveAllMarketDataOrdersVisitor - [ORDERBOOK] Removing level:101
22:53:37.325 [main] INFO  c.o.v.MutatingRemoveAllMarketDataOrdersVisitor - [ORDERBOOK] Removing market data order:MktData(price=110,quantity=5000)
22:53:37.325 [main] INFO  c.o.v.MutatingRemoveAllMarketDataOrdersVisitor - [ORDERBOOK] Removing level:110
22:53:37.325 [main] INFO  c.o.v.MutatingRemoveAllMarketDataOrdersVisitor - [ORDERBOOK] Removing market data order:MktData(price=119,quantity=5600)
22:53:37.325 [main] INFO  c.o.v.MutatingRemoveAllMarketDataOrdersVisitor - [ORDERBOOK] Removing level:119
22:53:37.325 [main] INFO  c.o.v.MutatingRemoveAllMarketDataOrdersVisitor - [ORDERBOOK] Removing market data order:MktData(price=123,quantity=453)
22:53:37.325 [main] INFO  c.o.v.MutatingRemoveAllMarketDataOrdersVisitor - [ORDERBOOK] Removing level:123
22:53:37.325 [main] INFO  c.o.v.MutatingRemoveAllMarketDataOrdersVisitor - [ORDERBOOK] Removing market data order:MktData(price=144,quantity=645)
22:53:37.325 [main] INFO  c.o.v.MutatingRemoveAllMarketDataOrdersVisitor - [ORDERBOOK] Removing level:144
22:53:37.325 [main] INFO  c.o.v.MutatingRemoveAllMarketDataOrdersVisitor - [ORDERBOOK] Removing market data order:MktData(price=167,quantity=665)
22:53:37.325 [main] INFO  c.o.v.MutatingRemoveAllMarketDataOrdersVisitor - [ORDERBOOK] Removing level:167
22:53:37.325 [main] DEBUG c.orderbook.OrderBook - [ORDERBOOK] ASK: Adding orderMktData(price=98,quantity=501)
22:53:37.325 [main] DEBUG c.orderbook.OrderBook - [ORDERBOOK] ASK: Adding orderMktData(price=101,quantity=200)
22:53:37.325 [main] DEBUG c.orderbook.OrderBook - [ORDERBOOK] ASK: Adding orderMktData(price=110,quantity=5000)
22:53:37.325 [main] DEBUG c.orderbook.OrderBook - [ORDERBOOK] ASK: Adding orderMktData(price=119,quantity=5600)
22:53:37.325 [main] DEBUG c.orderbook.OrderBook - [ORDERBOOK] ASK: Adding orderMktData(price=123,quantity=453)
22:53:37.325 [main] DEBUG c.orderbook.OrderBook - [ORDERBOOK] ASK: Adding orderMktData(price=144,quantity=645)
22:53:37.325 [main] DEBUG c.orderbook.OrderBook - [ORDERBOOK] ASK: Adding orderMktData(price=167,quantity=665)
22:53:37.325 [main] DEBUG c.service.MarketDataService - [ALGO] BID: price:43 quantity:134
22:53:37.325 [main] DEBUG c.service.MarketDataService - [ALGO] BID: price:76 quantity:145
22:53:37.325 [main] DEBUG c.service.MarketDataService - [ALGO] BID: price:91 quantity:300
22:53:37.325 [main] DEBUG c.service.MarketDataService - [ALGO] BID: price:93 quantity:200
22:53:37.325 [main] DEBUG c.service.MarketDataService - [ALGO] BID: price:95 quantity:100
22:53:37.325 [main] DEBUG c.service.MarketDataService - [ALGO] BID: price:98 quantity:154
22:53:37.325 [main] DEBUG c.service.MarketDataService - [ALGO] ASK: price:98 quantity:501
22:53:37.325 [main] DEBUG c.service.MarketDataService - [ALGO] ASK: price:101 quantity:200
22:53:37.325 [main] DEBUG c.service.MarketDataService - [ALGO] ASK: price:110 quantity:5000
22:53:37.325 [main] DEBUG c.service.MarketDataService - [ALGO] ASK: price:119 quantity:5600
22:53:37.325 [main] DEBUG c.service.MarketDataService - [ALGO] ASK: price:123 quantity:453
22:53:37.325 [main] DEBUG c.service.MarketDataService - [ALGO] ASK: price:144 quantity:645
22:53:37.325 [main] DEBUG c.service.MarketDataService - [ALGO] ASK: price:167 quantity:665
22:53:37.325 [main] INFO  c.gettingstarted.MyAlgoLogic - [MYALGO] The state of the order book is:
|----BID-----||----ASK----|
    134 @ 43    501 @ 98
    145 @ 76   200 @ 101
    300 @ 91  5000 @ 110
    200 @ 93  5600 @ 119
    100 @ 95   453 @ 123
    154 @ 98   645 @ 144
          -    665 @ 167
|------------||-----------|

22:53:37.325 [main] INFO  c.gettingstarted.MyAlgoLogic - [MYALGO] Algo Sees Book as: 
|----BID-----||----ASK----|
    134 @ 43    501 @ 98
    145 @ 76   200 @ 101
    300 @ 91  5000 @ 110
    200 @ 93  5600 @ 119
    100 @ 95   453 @ 123
    154 @ 98   645 @ 144
          -    665 @ 167
|------------||-----------|

22:53:37.325 [main] INFO  c.gettingstarted.TimedLogic - [TIMEDLOGIC] Market is closed
22:53:37.331 [main] INFO  c.sequencer.consumer.LoggingConsumer - [249] 
|----BID-----|
    134 @ 43
    145 @ 76
    300 @ 91
    200 @ 93
    100 @ 95
    154 @ 98
|----ASK-----|
    501 @ 98
   200 @ 101
  5000 @ 110
  5600 @ 119
   453 @ 123
   645 @ 144
   665 @ 167

22:53:37.331 [main] INFO  c.orderbook.OrderBook - [ORDERBOOK] Processing Mkt Data Update
22:53:37.331 [main] INFO  c.o.v.MutatingRemoveAllMarketDataOrdersVisitor - [ORDERBOOK] Removing market data order:MktData(price=43,quantity=134)
22:53:37.331 [main] INFO  c.o.v.MutatingRemoveAllMarketDataOrdersVisitor - [ORDERBOOK] Removing level:43
22:53:37.331 [main] DEBUG c.orderbook.OrderBook - [ORDERBOOK] ASK: Adding orderMktData(price=43,quantity=134)
22:53:37.331 [main] DEBUG c.orderbook.OrderBook - [ORDERBOOK] ASK: Adding orderMktData(price=76,quantity=145)
22:53:37.331 [main] DEBUG c.orderbook.OrderBook - [ORDERBOOK] ASK: Adding orderMktData(price=91,quantity=300)
22:53:37.331 [main] DEBUG c.orderbook.OrderBook - [ORDERBOOK] ASK: Adding orderMktData(price=93,quantity=200)
22:53:37.331 [main] DEBUG c.orderbook.OrderBook - [ORDERBOOK] ASK: Adding orderMktData(price=95,quantity=100)
22:53:37.331 [main] DEBUG c.orderbook.OrderBook - [ORDERBOOK] ASK: Adding orderMktData(price=98,quantity=154)
22:53:37.331 [main] INFO  c.o.v.MutatingMatchOneMarketDataOrderVisitor - [ORDERBOOK] visiting LevelOrderBookLevel(price=43,quantity=134)
22:53:37.331 [main] INFO  c.o.v.MutatingMatchOneMarketDataOrderVisitor - [ORDERBOOK] Can't match order:MktData(price=43,quantity=134)(MktData(price=98,quantity=154))
22:53:37.331 [main] INFO  c.o.v.MutatingRemoveAllMarketDataOrdersVisitor - [ORDERBOOK] Removing market data order:MktData(price=98,quantity=501)
22:53:37.331 [main] INFO  c.o.v.MutatingRemoveAllMarketDataOrdersVisitor - [ORDERBOOK] Removing level:98
22:53:37.331 [main] INFO  c.o.v.MutatingRemoveAllMarketDataOrdersVisitor - [ORDERBOOK] Removing market data order:MktData(price=101,quantity=200)
22:53:37.331 [main] INFO  c.o.v.MutatingRemoveAllMarketDataOrdersVisitor - [ORDERBOOK] Removing level:101
22:53:37.331 [main] INFO  c.o.v.MutatingRemoveAllMarketDataOrdersVisitor - [ORDERBOOK] Removing market data order:MktData(price=110,quantity=5000)
22:53:37.331 [main] INFO  c.o.v.MutatingRemoveAllMarketDataOrdersVisitor - [ORDERBOOK] Removing level:110
22:53:37.331 [main] INFO  c.o.v.MutatingRemoveAllMarketDataOrdersVisitor - [ORDERBOOK] Removing market data order:MktData(price=119,quantity=5600)
22:53:37.331 [main] INFO  c.o.v.MutatingRemoveAllMarketDataOrdersVisitor - [ORDERBOOK] Removing level:119
22:53:37.331 [main] INFO  c.o.v.MutatingRemoveAllMarketDataOrdersVisitor - [ORDERBOOK] Removing market data order:MktData(price=123,quantity=453)
22:53:37.331 [main] INFO  c.o.v.MutatingRemoveAllMarketDataOrdersVisitor - [ORDERBOOK] Removing level:123
22:53:37.331 [main] INFO  c.o.v.MutatingRemoveAllMarketDataOrdersVisitor - [ORDERBOOK] Removing market data order:MktData(price=144,quantity=645)
22:53:37.331 [main] INFO  c.o.v.MutatingRemoveAllMarketDataOrdersVisitor - [ORDERBOOK] Removing level:144
22:53:37.331 [main] INFO  c.o.v.MutatingRemoveAllMarketDataOrdersVisitor - [ORDERBOOK] Removing market data order:MktData(price=167,quantity=665)
22:53:37.331 [main] INFO  c.o.v.MutatingRemoveAllMarketDataOrdersVisitor - [ORDERBOOK] Removing level:167
22:53:37.331 [main] DEBUG c.orderbook.OrderBook - [ORDERBOOK] ASK: Adding orderMktData(price=98,quantity=501)
22:53:37.331 [main] DEBUG c.orderbook.OrderBook - [ORDERBOOK] ASK: Adding orderMktData(price=101,quantity=200)
22:53:37.331 [main] DEBUG c.orderbook.OrderBook - [ORDERBOOK] ASK: Adding orderMktData(price=110,quantity=5000)
22:53:37.331 [main] DEBUG c.orderbook.OrderBook - [ORDERBOOK] ASK: Adding orderMktData(price=119,quantity=5600)
22:53:37.331 [main] DEBUG c.orderbook.OrderBook - [ORDERBOOK] ASK: Adding orderMktData(price=123,quantity=453)
22:53:37.331 [main] DEBUG c.orderbook.OrderBook - [ORDERBOOK] ASK: Adding orderMktData(price=144,quantity=645)
22:53:37.331 [main] DEBUG c.orderbook.OrderBook - [ORDERBOOK] ASK: Adding orderMktData(price=167,quantity=665)
22:53:37.331 [main] DEBUG c.service.MarketDataService - [ALGO] BID: price:43 quantity:134
22:53:37.331 [main] DEBUG c.service.MarketDataService - [ALGO] BID: price:76 quantity:145
22:53:37.331 [main] DEBUG c.service.MarketDataService - [ALGO] BID: price:91 quantity:300
22:53:37.331 [main] DEBUG c.service.MarketDataService - [ALGO] BID: price:93 quantity:200
22:53:37.331 [main] DEBUG c.service.MarketDataService - [ALGO] BID: price:95 quantity:100
22:53:37.331 [main] DEBUG c.service.MarketDataService - [ALGO] BID: price:98 quantity:154
22:53:37.331 [main] DEBUG c.service.MarketDataService - [ALGO] ASK: price:98 quantity:501
22:53:37.331 [main] DEBUG c.service.MarketDataService - [ALGO] ASK: price:101 quantity:200
22:53:37.331 [main] DEBUG c.service.MarketDataService - [ALGO] ASK: price:110 quantity:5000
22:53:37.331 [main] DEBUG c.service.MarketDataService - [ALGO] ASK: price:119 quantity:5600
22:53:37.331 [main] DEBUG c.service.MarketDataService - [ALGO] ASK: price:123 quantity:453
22:53:37.331 [main] DEBUG c.service.MarketDataService - [ALGO] ASK: price:144 quantity:645
22:53:37.331 [main] DEBUG c.service.MarketDataService - [ALGO] ASK: price:167 quantity:665
22:53:37.331 [main] INFO  c.gettingstarted.MyAlgoLogic - [MYALGO] The state of the order book is:
|----BID-----||----ASK----|
    134 @ 43    501 @ 98
    145 @ 76   200 @ 101
    300 @ 91  5000 @ 110
    200 @ 93  5600 @ 119
    100 @ 95   453 @ 123
    154 @ 98   645 @ 144
          -    665 @ 167
|------------||-----------|

22:53:37.331 [main] INFO  c.gettingstarted.MyAlgoLogic - [MYALGO] Algo Sees Book as: 
|----BID-----||----ASK----|
    134 @ 43    501 @ 98
    145 @ 76   200 @ 101
    300 @ 91  5000 @ 110
    200 @ 93  5600 @ 119
    100 @ 95   453 @ 123
    154 @ 98   645 @ 144
          -    665 @ 167
|------------||-----------|

22:53:37.331 [main] INFO  c.gettingstarted.TimedLogic - [TIMEDLOGIC] Market is closed
22:53:37.331 [main] INFO  c.sequencer.consumer.LoggingConsumer - [250] 
|----BID-----|
    134 @ 43
    145 @ 76
    300 @ 91
    200 @ 93
    100 @ 95
    154 @ 98
|----ASK-----|
    501 @ 98
   200 @ 101
  5000 @ 110
  5600 @ 119
   453 @ 123
   645 @ 144
   665 @ 167

22:53:37.331 [main] INFO  c.orderbook.OrderBook - [ORDERBOOK] Processing Mkt Data Update
22:53:37.331 [main] INFO  c.o.v.MutatingRemoveAllMarketDataOrdersVisitor - [ORDERBOOK] Removing market data order:MktData(price=43,quantity=134)
22:53:37.331 [main] INFO  c.o.v.MutatingRemoveAllMarketDataOrdersVisitor - [ORDERBOOK] Removing level:43
22:53:37.331 [main] DEBUG c.orderbook.OrderBook - [ORDERBOOK] ASK: Adding orderMktData(price=43,quantity=134)
22:53:37.331 [main] DEBUG c.orderbook.OrderBook - [ORDERBOOK] ASK: Adding orderMktData(price=76,quantity=145)
22:53:37.331 [main] DEBUG c.orderbook.OrderBook - [ORDERBOOK] ASK: Adding orderMktData(price=91,quantity=300)
22:53:37.331 [main] DEBUG c.orderbook.OrderBook - [ORDERBOOK] ASK: Adding orderMktData(price=93,quantity=200)
22:53:37.331 [main] DEBUG c.orderbook.OrderBook - [ORDERBOOK] ASK: Adding orderMktData(price=95,quantity=100)
22:53:37.331 [main] DEBUG c.orderbook.OrderBook - [ORDERBOOK] ASK: Adding orderMktData(price=98,quantity=154)
22:53:37.331 [main] INFO  c.o.v.MutatingMatchOneMarketDataOrderVisitor - [ORDERBOOK] visiting LevelOrderBookLevel(price=43,quantity=134)
22:53:37.331 [main] INFO  c.o.v.MutatingMatchOneMarketDataOrderVisitor - [ORDERBOOK] Can't match order:MktData(price=43,quantity=134)(MktData(price=98,quantity=154))
22:53:37.331 [main] INFO  c.o.v.MutatingRemoveAllMarketDataOrdersVisitor - [ORDERBOOK] Removing market data order:MktData(price=98,quantity=501)
22:53:37.331 [main] INFO  c.o.v.MutatingRemoveAllMarketDataOrdersVisitor - [ORDERBOOK] Removing level:98
22:53:37.331 [main] INFO  c.o.v.MutatingRemoveAllMarketDataOrdersVisitor - [ORDERBOOK] Removing market data order:MktData(price=101,quantity=200)
22:53:37.331 [main] INFO  c.o.v.MutatingRemoveAllMarketDataOrdersVisitor - [ORDERBOOK] Removing level:101
22:53:37.331 [main] INFO  c.o.v.MutatingRemoveAllMarketDataOrdersVisitor - [ORDERBOOK] Removing market data order:MktData(price=110,quantity=5000)
22:53:37.331 [main] INFO  c.o.v.MutatingRemoveAllMarketDataOrdersVisitor - [ORDERBOOK] Removing level:110
22:53:37.331 [main] INFO  c.o.v.MutatingRemoveAllMarketDataOrdersVisitor - [ORDERBOOK] Removing market data order:MktData(price=119,quantity=5600)
22:53:37.331 [main] INFO  c.o.v.MutatingRemoveAllMarketDataOrdersVisitor - [ORDERBOOK] Removing level:119
22:53:37.331 [main] INFO  c.o.v.MutatingRemoveAllMarketDataOrdersVisitor - [ORDERBOOK] Removing market data order:MktData(price=123,quantity=453)
22:53:37.332 [main] INFO  c.o.v.MutatingRemoveAllMarketDataOrdersVisitor - [ORDERBOOK] Removing level:123
22:53:37.332 [main] INFO  c.o.v.MutatingRemoveAllMarketDataOrdersVisitor - [ORDERBOOK] Removing market data order:MktData(price=144,quantity=645)
22:53:37.332 [main] INFO  c.o.v.MutatingRemoveAllMarketDataOrdersVisitor - [ORDERBOOK] Removing level:144
22:53:37.332 [main] INFO  c.o.v.MutatingRemoveAllMarketDataOrdersVisitor - [ORDERBOOK] Removing market data order:MktData(price=167,quantity=665)
22:53:37.332 [main] INFO  c.o.v.MutatingRemoveAllMarketDataOrdersVisitor - [ORDERBOOK] Removing level:167
22:53:37.332 [main] DEBUG c.orderbook.OrderBook - [ORDERBOOK] ASK: Adding orderMktData(price=98,quantity=501)
22:53:37.332 [main] DEBUG c.orderbook.OrderBook - [ORDERBOOK] ASK: Adding orderMktData(price=101,quantity=200)
22:53:37.332 [main] DEBUG c.orderbook.OrderBook - [ORDERBOOK] ASK: Adding orderMktData(price=110,quantity=5000)
22:53:37.332 [main] DEBUG c.orderbook.OrderBook - [ORDERBOOK] ASK: Adding orderMktData(price=119,quantity=5600)
22:53:37.332 [main] DEBUG c.orderbook.OrderBook - [ORDERBOOK] ASK: Adding orderMktData(price=123,quantity=453)
22:53:37.332 [main] DEBUG c.orderbook.OrderBook - [ORDERBOOK] ASK: Adding orderMktData(price=144,quantity=645)
22:53:37.332 [main] DEBUG c.orderbook.OrderBook - [ORDERBOOK] ASK: Adding orderMktData(price=167,quantity=665)
22:53:37.332 [main] DEBUG c.service.MarketDataService - [ALGO] BID: price:43 quantity:134
22:53:37.332 [main] DEBUG c.service.MarketDataService - [ALGO] BID: price:76 quantity:145
22:53:37.332 [main] DEBUG c.service.MarketDataService - [ALGO] BID: price:91 quantity:300
22:53:37.332 [main] DEBUG c.service.MarketDataService - [ALGO] BID: price:93 quantity:200
22:53:37.332 [main] DEBUG c.service.MarketDataService - [ALGO] BID: price:95 quantity:100
22:53:37.332 [main] DEBUG c.service.MarketDataService - [ALGO] BID: price:98 quantity:154
22:53:37.332 [main] DEBUG c.service.MarketDataService - [ALGO] ASK: price:98 quantity:501
22:53:37.332 [main] DEBUG c.service.MarketDataService - [ALGO] ASK: price:101 quantity:200
22:53:37.332 [main] DEBUG c.service.MarketDataService - [ALGO] ASK: price:110 quantity:5000
22:53:37.332 [main] DEBUG c.service.MarketDataService - [ALGO] ASK: price:119 quantity:5600
22:53:37.332 [main] DEBUG c.service.MarketDataService - [ALGO] ASK: price:123 quantity:453
22:53:37.332 [main] DEBUG c.service.MarketDataService - [ALGO] ASK: price:144 quantity:645
22:53:37.332 [main] DEBUG c.service.MarketDataService - [ALGO] ASK: price:167 quantity:665
22:53:37.332 [main] INFO  c.gettingstarted.MyAlgoLogic - [MYALGO] The state of the order book is:
|----BID-----||----ASK----|
    134 @ 43    501 @ 98
    145 @ 76   200 @ 101
    300 @ 91  5000 @ 110
    200 @ 93  5600 @ 119
    100 @ 95   453 @ 123
    154 @ 98   645 @ 144
          -    665 @ 167
|------------||-----------|

22:53:37.332 [main] INFO  c.gettingstarted.MyAlgoLogic - [MYALGO] Algo Sees Book as: 
|----BID-----||----ASK----|
    134 @ 43    501 @ 98
    145 @ 76   200 @ 101
    300 @ 91  5000 @ 110
    200 @ 93  5600 @ 119
    100 @ 95   453 @ 123
    154 @ 98   645 @ 144
          -    665 @ 167
|------------||-----------|

22:53:37.332 [main] INFO  c.gettingstarted.TimedLogic - [TIMEDLOGIC] Market is closed
22:53:37.332 [main] INFO  c.gettingstarted.MyAlgoLogic - [MYALGOBACKTEST] orders have exceeded target.
]]></system-out>
  </testcase>
  <testcase name="testMarketOpen" classname="codingblackfemales.gettingstarted.MyAlgoBackTest" time="0.014">
    <failure type="java.lang.AssertionError"><![CDATA[java.lang.AssertionError
	at org.junit.Assert.fail(Assert.java:86)
	at org.junit.Assert.assertTrue(Assert.java:41)
	at org.junit.Assert.assertTrue(Assert.java:52)
	at codingblackfemales.gettingstarted.MyAlgoBackTest.testMarketOpen(MyAlgoBackTest.java:97)
	at java.base/jdk.internal.reflect.NativeMethodAccessorImpl.invoke0(Native Method)
	at java.base/jdk.internal.reflect.NativeMethodAccessorImpl.invoke(NativeMethodAccessorImpl.java:77)
	at java.base/jdk.internal.reflect.DelegatingMethodAccessorImpl.invoke(DelegatingMethodAccessorImpl.java:43)
	at java.base/java.lang.reflect.Method.invoke(Method.java:568)
	at org.junit.runners.model.FrameworkMethod$1.runReflectiveCall(FrameworkMethod.java:47)
	at org.junit.internal.runners.model.ReflectiveCallable.run(ReflectiveCallable.java:12)
	at org.junit.runners.model.FrameworkMethod.invokeExplosively(FrameworkMethod.java:44)
	at org.junit.internal.runners.statements.InvokeMethod.evaluate(InvokeMethod.java:17)
	at org.junit.runners.ParentRunner.runLeaf(ParentRunner.java:271)
	at org.junit.runners.BlockJUnit4ClassRunner.runChild(BlockJUnit4ClassRunner.java:70)
	at org.junit.runners.BlockJUnit4ClassRunner.runChild(BlockJUnit4ClassRunner.java:50)
	at org.junit.runners.ParentRunner$3.run(ParentRunner.java:238)
	at org.junit.runners.ParentRunner$1.schedule(ParentRunner.java:63)
	at org.junit.runners.ParentRunner.runChildren(ParentRunner.java:236)
	at org.junit.runners.ParentRunner.access$000(ParentRunner.java:53)
	at org.junit.runners.ParentRunner$2.evaluate(ParentRunner.java:229)
	at org.junit.runners.ParentRunner.run(ParentRunner.java:309)
	at org.apache.maven.surefire.junit4.JUnit4Provider.execute(JUnit4Provider.java:316)
	at org.apache.maven.surefire.junit4.JUnit4Provider.executeWithRerun(JUnit4Provider.java:240)
	at org.apache.maven.surefire.junit4.JUnit4Provider.executeTestSet(JUnit4Provider.java:214)
	at org.apache.maven.surefire.junit4.JUnit4Provider.invoke(JUnit4Provider.java:155)
	at org.apache.maven.surefire.booter.ForkedBooter.runSuitesInProcess(ForkedBooter.java:385)
	at org.apache.maven.surefire.booter.ForkedBooter.execute(ForkedBooter.java:162)
	at org.apache.maven.surefire.booter.ForkedBooter.run(ForkedBooter.java:507)
	at org.apache.maven.surefire.booter.ForkedBooter.main(ForkedBooter.java:495)
]]></failure>
    <system-out><![CDATA[22:53:37.333 [main] INFO  c.gettingstarted.TimedLogic - [TIMEDLOGIC] Market is closed
]]></system-out>
  </testcase>
  <testcase name="testMarketClosed" classname="codingblackfemales.gettingstarted.MyAlgoBackTest" time="0.001">
    <system-out><![CDATA[22:53:37.344 [main] INFO  c.gettingstarted.TimedLogic - [TIMEDLOGIC] Market is closed
]]></system-out>
  </testcase>
  <testcase name="testExampleBackTest" classname="codingblackfemales.gettingstarted.MyAlgoBackTest" time="0.001">
    <failure message="expected:&lt;0&gt; but was:&lt;16&gt;" type="java.lang.AssertionError"><![CDATA[java.lang.AssertionError: expected:<0> but was:<16>
	at org.junit.Assert.fail(Assert.java:88)
	at org.junit.Assert.failNotEquals(Assert.java:743)
	at org.junit.Assert.assertEquals(Assert.java:118)
	at org.junit.Assert.assertEquals(Assert.java:555)
	at org.junit.Assert.assertEquals(Assert.java:542)
	at codingblackfemales.gettingstarted.MyAlgoBackTest.testExampleBackTest(MyAlgoBackTest.java:52)
	at java.base/jdk.internal.reflect.NativeMethodAccessorImpl.invoke0(Native Method)
	at java.base/jdk.internal.reflect.NativeMethodAccessorImpl.invoke(NativeMethodAccessorImpl.java:77)
	at java.base/jdk.internal.reflect.DelegatingMethodAccessorImpl.invoke(DelegatingMethodAccessorImpl.java:43)
	at java.base/java.lang.reflect.Method.invoke(Method.java:568)
	at org.junit.runners.model.FrameworkMethod$1.runReflectiveCall(FrameworkMethod.java:47)
	at org.junit.internal.runners.model.ReflectiveCallable.run(ReflectiveCallable.java:12)
	at org.junit.runners.model.FrameworkMethod.invokeExplosively(FrameworkMethod.java:44)
	at org.junit.internal.runners.statements.InvokeMethod.evaluate(InvokeMethod.java:17)
	at org.junit.runners.ParentRunner.runLeaf(ParentRunner.java:271)
	at org.junit.runners.BlockJUnit4ClassRunner.runChild(BlockJUnit4ClassRunner.java:70)
	at org.junit.runners.BlockJUnit4ClassRunner.runChild(BlockJUnit4ClassRunner.java:50)
	at org.junit.runners.ParentRunner$3.run(ParentRunner.java:238)
	at org.junit.runners.ParentRunner$1.schedule(ParentRunner.java:63)
	at org.junit.runners.ParentRunner.runChildren(ParentRunner.java:236)
	at org.junit.runners.ParentRunner.access$000(ParentRunner.java:53)
	at org.junit.runners.ParentRunner$2.evaluate(ParentRunner.java:229)
	at org.junit.runners.ParentRunner.run(ParentRunner.java:309)
	at org.apache.maven.surefire.junit4.JUnit4Provider.execute(JUnit4Provider.java:316)
	at org.apache.maven.surefire.junit4.JUnit4Provider.executeWithRerun(JUnit4Provider.java:240)
	at org.apache.maven.surefire.junit4.JUnit4Provider.executeTestSet(JUnit4Provider.java:214)
	at org.apache.maven.surefire.junit4.JUnit4Provider.invoke(JUnit4Provider.java:155)
	at org.apache.maven.surefire.booter.ForkedBooter.runSuitesInProcess(ForkedBooter.java:385)
	at org.apache.maven.surefire.booter.ForkedBooter.execute(ForkedBooter.java:162)
	at org.apache.maven.surefire.booter.ForkedBooter.run(ForkedBooter.java:507)
	at org.apache.maven.surefire.booter.ForkedBooter.main(ForkedBooter.java:495)
]]></failure>
    <system-out><![CDATA[22:53:37.345 [main] INFO  c.sequencer.consumer.LoggingConsumer - [1] 
|----BID-----|
    100 @ 98
    200 @ 95
    300 @ 91
|----ASK-----|
   101 @ 100
   200 @ 110
  5000 @ 115
  5600 @ 119

22:53:37.345 [main] INFO  c.orderbook.OrderBook - [ORDERBOOK] Processing Mkt Data Update
22:53:37.345 [main] DEBUG c.orderbook.OrderBook - [ORDERBOOK] ASK: Adding orderMktData(price=98,quantity=100)
22:53:37.345 [main] DEBUG c.orderbook.OrderBook - [ORDERBOOK] ASK: Adding orderMktData(price=95,quantity=200)
22:53:37.345 [main] DEBUG c.orderbook.OrderBook - [ORDERBOOK] ASK: Adding orderMktData(price=91,quantity=300)
22:53:37.345 [main] DEBUG c.orderbook.OrderBook - [ORDERBOOK] ASK: Adding orderMktData(price=100,quantity=101)
22:53:37.345 [main] DEBUG c.orderbook.OrderBook - [ORDERBOOK] ASK: Adding orderMktData(price=110,quantity=200)
22:53:37.345 [main] DEBUG c.orderbook.OrderBook - [ORDERBOOK] ASK: Adding orderMktData(price=115,quantity=5000)
22:53:37.345 [main] DEBUG c.orderbook.OrderBook - [ORDERBOOK] ASK: Adding orderMktData(price=119,quantity=5600)
22:53:37.345 [main] DEBUG c.service.MarketDataService - [ALGO] BID: price:98 quantity:100
22:53:37.345 [main] DEBUG c.service.MarketDataService - [ALGO] BID: price:95 quantity:200
22:53:37.345 [main] DEBUG c.service.MarketDataService - [ALGO] BID: price:91 quantity:300
22:53:37.345 [main] DEBUG c.service.MarketDataService - [ALGO] ASK: price:100 quantity:101
22:53:37.345 [main] DEBUG c.service.MarketDataService - [ALGO] ASK: price:110 quantity:200
22:53:37.345 [main] DEBUG c.service.MarketDataService - [ALGO] ASK: price:115 quantity:5000
22:53:37.345 [main] DEBUG c.service.MarketDataService - [ALGO] ASK: price:119 quantity:5600
22:53:37.345 [main] INFO  c.gettingstarted.MyAlgoLogic - [MYALGO] The state of the order book is:
|----BID-----||----ASK----|
    100 @ 98   101 @ 100
    200 @ 95   200 @ 110
    300 @ 91  5000 @ 115
          -   5600 @ 119
|------------||-----------|

22:53:37.345 [main] INFO  c.gettingstarted.MyAlgoLogic - [MYALGO] Algo Sees Book as: 
|----BID-----||----ASK----|
    100 @ 98   101 @ 100
    200 @ 95   200 @ 110
    300 @ 91  5000 @ 115
          -   5600 @ 119
|------------||-----------|

22:53:37.345 [main] INFO  c.gettingstarted.TimedLogic - [TIMEDLOGIC] Market is closed
]]></system-out>
  </testcase>
  <testcase name="testOrderPlacement" classname="codingblackfemales.gettingstarted.MyAlgoBackTest" time="0.0">
    <system-out><![CDATA[22:53:37.346 [main] INFO  c.sequencer.consumer.LoggingConsumer - [1] 
|----BID-----|
    154 @ 98
|----ASK-----|
   453 @ 123

22:53:37.346 [main] INFO  c.orderbook.OrderBook - [ORDERBOOK] Processing Mkt Data Update
22:53:37.346 [main] DEBUG c.orderbook.OrderBook - [ORDERBOOK] ASK: Adding orderMktData(price=98,quantity=154)
22:53:37.346 [main] DEBUG c.orderbook.OrderBook - [ORDERBOOK] ASK: Adding orderMktData(price=123,quantity=453)
22:53:37.346 [main] DEBUG c.service.MarketDataService - [ALGO] BID: price:98 quantity:154
22:53:37.346 [main] DEBUG c.service.MarketDataService - [ALGO] ASK: price:123 quantity:453
22:53:37.347 [main] INFO  c.gettingstarted.MyAlgoLogic - [MYALGO] The state of the order book is:
|----BID-----||----ASK----|
    154 @ 98   453 @ 123
|------------||-----------|

22:53:37.347 [main] INFO  c.gettingstarted.MyAlgoLogic - [MYALGO] Algo Sees Book as: 
|----BID-----||----ASK----|
    154 @ 98   453 @ 123
|------------||-----------|

22:53:37.347 [main] INFO  c.gettingstarted.TimedLogic - [TIMEDLOGIC] Market is closed
]]></system-out>
  </testcase>
  <testcase name="testsCancelledOrders" classname="codingblackfemales.gettingstarted.MyAlgoBackTest" time="0.012">
    <system-out><![CDATA[22:53:37.350 [main] INFO  c.sequencer.consumer.LoggingConsumer - [1] 
|----BID-----|
    100 @ 95
    200 @ 93
    300 @ 91
|----ASK-----|
    501 @ 98
   200 @ 101
  5000 @ 110
  5600 @ 119

22:53:37.351 [main] INFO  c.orderbook.OrderBook - [ORDERBOOK] Processing Mkt Data Update
22:53:37.351 [main] DEBUG c.orderbook.OrderBook - [ORDERBOOK] ASK: Adding orderMktData(price=95,quantity=100)
22:53:37.351 [main] DEBUG c.orderbook.OrderBook - [ORDERBOOK] ASK: Adding orderMktData(price=93,quantity=200)
22:53:37.351 [main] DEBUG c.orderbook.OrderBook - [ORDERBOOK] ASK: Adding orderMktData(price=91,quantity=300)
22:53:37.351 [main] DEBUG c.orderbook.OrderBook - [ORDERBOOK] ASK: Adding orderMktData(price=98,quantity=501)
22:53:37.351 [main] DEBUG c.orderbook.OrderBook - [ORDERBOOK] ASK: Adding orderMktData(price=101,quantity=200)
22:53:37.351 [main] DEBUG c.orderbook.OrderBook - [ORDERBOOK] ASK: Adding orderMktData(price=110,quantity=5000)
22:53:37.351 [main] DEBUG c.orderbook.OrderBook - [ORDERBOOK] ASK: Adding orderMktData(price=119,quantity=5600)
22:53:37.351 [main] DEBUG c.service.MarketDataService - [ALGO] BID: price:95 quantity:100
22:53:37.351 [main] DEBUG c.service.MarketDataService - [ALGO] BID: price:93 quantity:200
22:53:37.351 [main] DEBUG c.service.MarketDataService - [ALGO] BID: price:91 quantity:300
22:53:37.351 [main] DEBUG c.service.MarketDataService - [ALGO] ASK: price:98 quantity:501
22:53:37.351 [main] DEBUG c.service.MarketDataService - [ALGO] ASK: price:101 quantity:200
22:53:37.351 [main] DEBUG c.service.MarketDataService - [ALGO] ASK: price:110 quantity:5000
22:53:37.351 [main] DEBUG c.service.MarketDataService - [ALGO] ASK: price:119 quantity:5600
22:53:37.351 [main] INFO  c.gettingstarted.MyAlgoLogic - [MYALGO] The state of the order book is:
|----BID-----||----ASK----|
    100 @ 95    501 @ 98
    200 @ 93   200 @ 101
    300 @ 91  5000 @ 110
          -   5600 @ 119
|------------||-----------|

22:53:37.351 [main] INFO  c.gettingstarted.MyAlgoLogic - [MYALGO] Algo Sees Book as: 
|----BID-----||----ASK----|
    100 @ 95    501 @ 98
    200 @ 93   200 @ 101
    300 @ 91  5000 @ 110
          -   5600 @ 119
|------------||-----------|

22:53:37.351 [main] INFO  c.gettingstarted.TimedLogic - [TIMEDLOGIC] Market is closed
]]></system-out>
  </testcase>
</testsuite>