<?xml version="1.0" encoding="UTF-8"?>
<testsuite xmlns:xsi="http://www.w3.org/2001/XMLSchema-instance" xsi:noNamespaceSchemaLocation="https://maven.apache.org/surefire/maven-surefire-plugin/xsd/surefire-test-report-3.0.xsd" version="3.0" name="codingblackfemales.gettingstarted.MyAlgoTest" time="0.697" tests="5" errors="1" skipped="0" failures="1">
  <properties>
    <property name="java.specification.version" value="17"/>
    <property name="sun.cpu.isalist" value="amd64"/>
    <property name="sun.jnu.encoding" value="Cp1252"/>
    <property name="java.class.path" value="C:\Users\admin\Desktop\Sherelles Stuff\UBS-Assignments\finalCopy\codingblackfemales\algo-coding-exercise\getting-started\target\test-classes;C:\Users\admin\Desktop\Sherelles Stuff\UBS-Assignments\finalCopy\codingblackfemales\algo-coding-exercise\getting-started\target\classes;C:\Users\admin\Desktop\Sherelles Stuff\UBS-Assignments\finalCopy\codingblackfemales\algo-coding-exercise\algo\target\classes;C:\Users\admin\Desktop\Sherelles Stuff\UBS-Assignments\finalCopy\codingblackfemales\algo-coding-exercise\dictionary\target\classes;C:\Users\admin\.m2\repository\org\agrona\agrona\1.16.0\agrona-1.16.0.jar;C:\Users\admin\Desktop\Sherelles Stuff\UBS-Assignments\finalCopy\codingblackfemales\algo-coding-exercise\sequencer\target\classes;C:\Users\admin\.m2\repository\com\google\code\gson\gson\2.10.1\gson-2.10.1.jar;C:\Users\admin\.m2\repository\org\apache\commons\commons-lang3\3.12.0\commons-lang3-3.12.0.jar;C:\Users\admin\Desktop\Sherelles Stuff\UBS-Assignments\finalCopy\codingblackfemales\algo-coding-exercise\backtest\target\classes;C:\Users\admin\Desktop\Sherelles Stuff\UBS-Assignments\finalCopy\codingblackfemales\algo-coding-exercise\collection\target\classes;C:\Users\admin\Desktop\Sherelles Stuff\UBS-Assignments\finalCopy\codingblackfemales\algo-coding-exercise\sequencer\target\test-classes;C:\Users\admin\.m2\repository\junit\junit\4.11\junit-4.11.jar;C:\Users\admin\.m2\repository\org\hamcrest\hamcrest-core\1.3\hamcrest-core-1.3.jar;C:\Users\admin\.m2\repository\uk\co\real-logic\sbe-all\1.26.0\sbe-all-1.26.0.jar;C:\Users\admin\.m2\repository\org\mockito\mockito-core\5.4.0\mockito-core-5.4.0.jar;C:\Users\admin\.m2\repository\net\bytebuddy\byte-buddy\1.14.5\byte-buddy-1.14.5.jar;C:\Users\admin\.m2\repository\net\bytebuddy\byte-buddy-agent\1.14.5\byte-buddy-agent-1.14.5.jar;C:\Users\admin\.m2\repository\org\objenesis\objenesis\3.3\objenesis-3.3.jar;C:\Users\admin\.m2\repository\ch\qos\logback\logback-core\1.3.5\logback-core-1.3.5.jar;C:\Users\admin\.m2\repository\org\slf4j\slf4j-api\2.0.4\slf4j-api-2.0.4.jar;C:\Users\admin\.m2\repository\ch\qos\logback\logback-classic\1.3.5\logback-classic-1.3.5.jar;"/>
    <property name="java.vm.vendor" value="Oracle Corporation"/>
    <property name="sun.arch.data.model" value="64"/>
    <property name="user.variant" value=""/>
    <property name="java.vendor.url" value="https://java.oracle.com/"/>
    <property name="user.timezone" value="Europe/London"/>
    <property name="os.name" value="Windows 10"/>
    <property name="java.vm.specification.version" value="17"/>
    <property name="sun.java.launcher" value="SUN_STANDARD"/>
    <property name="user.country" value="GB"/>
    <property name="sun.boot.library.path" value="C:\Program Files\Java\jdk-17\bin"/>
    <property name="sun.java.command" value="C:\Users\admin\AppData\Local\Temp\surefire404261321234249111\surefirebooter-20231004225817770_26.jar C:\Users\admin\AppData\Local\Temp\surefire404261321234249111 2023-10-04T22-58-09_036-jvmRun1 surefire-20231004225817770_24tmp surefire_2-20231004225817770_25tmp"/>
    <property name="jdk.debug" value="release"/>
    <property name="surefire.test.class.path" value="C:\Users\admin\Desktop\Sherelles Stuff\UBS-Assignments\finalCopy\codingblackfemales\algo-coding-exercise\getting-started\target\test-classes;C:\Users\admin\Desktop\Sherelles Stuff\UBS-Assignments\finalCopy\codingblackfemales\algo-coding-exercise\getting-started\target\classes;C:\Users\admin\Desktop\Sherelles Stuff\UBS-Assignments\finalCopy\codingblackfemales\algo-coding-exercise\algo\target\classes;C:\Users\admin\Desktop\Sherelles Stuff\UBS-Assignments\finalCopy\codingblackfemales\algo-coding-exercise\dictionary\target\classes;C:\Users\admin\.m2\repository\org\agrona\agrona\1.16.0\agrona-1.16.0.jar;C:\Users\admin\Desktop\Sherelles Stuff\UBS-Assignments\finalCopy\codingblackfemales\algo-coding-exercise\sequencer\target\classes;C:\Users\admin\.m2\repository\com\google\code\gson\gson\2.10.1\gson-2.10.1.jar;C:\Users\admin\.m2\repository\org\apache\commons\commons-lang3\3.12.0\commons-lang3-3.12.0.jar;C:\Users\admin\Desktop\Sherelles Stuff\UBS-Assignments\finalCopy\codingblackfemales\algo-coding-exercise\backtest\target\classes;C:\Users\admin\Desktop\Sherelles Stuff\UBS-Assignments\finalCopy\codingblackfemales\algo-coding-exercise\collection\target\classes;C:\Users\admin\Desktop\Sherelles Stuff\UBS-Assignments\finalCopy\codingblackfemales\algo-coding-exercise\sequencer\target\test-classes;C:\Users\admin\.m2\repository\junit\junit\4.11\junit-4.11.jar;C:\Users\admin\.m2\repository\org\hamcrest\hamcrest-core\1.3\hamcrest-core-1.3.jar;C:\Users\admin\.m2\repository\uk\co\real-logic\sbe-all\1.26.0\sbe-all-1.26.0.jar;C:\Users\admin\.m2\repository\org\mockito\mockito-core\5.4.0\mockito-core-5.4.0.jar;C:\Users\admin\.m2\repository\net\bytebuddy\byte-buddy\1.14.5\byte-buddy-1.14.5.jar;C:\Users\admin\.m2\repository\net\bytebuddy\byte-buddy-agent\1.14.5\byte-buddy-agent-1.14.5.jar;C:\Users\admin\.m2\repository\org\objenesis\objenesis\3.3\objenesis-3.3.jar;C:\Users\admin\.m2\repository\ch\qos\logback\logback-core\1.3.5\logback-core-1.3.5.jar;C:\Users\admin\.m2\repository\org\slf4j\slf4j-api\2.0.4\slf4j-api-2.0.4.jar;C:\Users\admin\.m2\repository\ch\qos\logback\logback-classic\1.3.5\logback-classic-1.3.5.jar;"/>
    <property name="sun.cpu.endian" value="little"/>
    <property name="user.home" value="C:\Users\admin"/>
    <property name="user.language" value="en"/>
    <property name="java.specification.vendor" value="Oracle Corporation"/>
    <property name="java.version.date" value="2023-04-18"/>
    <property name="java.home" value="C:\Program Files\Java\jdk-17"/>
    <property name="file.separator" value="\"/>
    <property name="basedir" value="C:\Users\admin\Desktop\Sherelles Stuff\UBS-Assignments\finalCopy\codingblackfemales\algo-coding-exercise\getting-started"/>
    <property name="java.vm.compressedOopsMode" value="Zero based"/>
    <property name="line.separator" value="&#10;"/>
    <property name="java.vm.specification.vendor" value="Oracle Corporation"/>
    <property name="java.specification.name" value="Java Platform API Specification"/>
    <property name="surefire.real.class.path" value="C:\Users\admin\AppData\Local\Temp\surefire404261321234249111\surefirebooter-20231004225817770_26.jar"/>
    <property name="user.script" value=""/>
    <property name="sun.management.compiler" value="HotSpot 64-Bit Tiered Compilers"/>
    <property name="java.runtime.version" value="17.0.7+8-LTS-224"/>
    <property name="user.name" value="admin"/>
    <property name="path.separator" value=";"/>
    <property name="os.version" value="10.0"/>
    <property name="java.runtime.name" value="Java(TM) SE Runtime Environment"/>
    <property name="file.encoding" value="Cp1252"/>
    <property name="java.vm.name" value="Java HotSpot(TM) 64-Bit Server VM"/>
    <property name="localRepository" value="C:\Users\admin\.m2\repository"/>
    <property name="java.vendor.url.bug" value="https://bugreport.java.com/bugreport/"/>
    <property name="java.io.tmpdir" value="C:\Users\admin\AppData\Local\Temp\"/>
    <property name="java.version" value="17.0.7"/>
    <property name="user.dir" value="C:\Users\admin\Desktop\Sherelles Stuff\UBS-Assignments\finalCopy\codingblackfemales\algo-coding-exercise\getting-started"/>
    <property name="os.arch" value="amd64"/>
    <property name="java.vm.specification.name" value="Java Virtual Machine Specification"/>
    <property name="sun.os.patch.level" value=""/>
    <property name="native.encoding" value="Cp1252"/>
    <property name="java.library.path" value="C:\Program Files\Java\jdk-17\bin;C:\WINDOWS\Sun\Java\bin;C:\WINDOWS\system32;C:\WINDOWS;C:\Program Files\Common Files\Oracle\Java\javapath;C:\WINDOWS\system32;C:\WINDOWS;C:\WINDOWS\System32\Wbem;C:\WINDOWS\System32\WindowsPowerShell\v1.0\;C:\WINDOWS\System32\OpenSSH\;C:\Program Files\dotnet\;C:\Program Files (x86)\Intel\Intel(R) Management Engine Components\DAL;C:\Program Files\Intel\Intel(R) Management Engine Components\DAL;C:\Program Files (x86)\NVIDIA Corporation\PhysX\Common;C:\Program Files\Git\cmd;C:\Program Files\apache-maven-3.9.4\bin;C:\Users\admin\AppData\Local\Microsoft\WindowsApps;;C:\Users\admin\AppData\Local\Programs\Microsoft VS Code\bin;."/>
    <property name="java.vm.info" value="mixed mode, sharing"/>
    <property name="java.vendor" value="Oracle Corporation"/>
    <property name="java.vm.version" value="17.0.7+8-LTS-224"/>
    <property name="sun.io.unicode.encoding" value="UnicodeLittle"/>
    <property name="java.class.version" value="61.0"/>
  </properties>
  <testcase name="noActionTest" classname="codingblackfemales.gettingstarted.MyAlgoTest" time="0.001">
    <error message="Cannot read field &quot;quantity&quot; because &quot;farTouch&quot; is null" type="java.lang.NullPointerException"><![CDATA[java.lang.NullPointerException: Cannot read field "quantity" because "farTouch" is null
	at codingblackfemales.gettingstarted.MyAlgoLogic.evaluate(MyAlgoLogic.java:55)
	at codingblackfemales.container.AlgoContainer.runAlgoLogic(AlgoContainer.java:57)
	at codingblackfemales.container.AlgoContainer.onMessage(AlgoContainer.java:49)
	at codingblackfemales.sequencer.net.TestNetwork.dispatch(TestNetwork.java:15)
	at codingblackfemales.sequencer.DefaultSequencer.dispatchToNetwork(DefaultSequencer.java:95)
	at codingblackfemales.sequencer.DefaultSequencer.sequenceAndDispatchMessage(DefaultSequencer.java:91)
	at codingblackfemales.sequencer.DefaultSequencer.onCommand(DefaultSequencer.java:50)
	at codingblackfemales.sequencer.marketdata.SequencerTestCase.send(SequencerTestCase.java:17)
	at codingblackfemales.gettingstarted.MyAlgoTest.noActionTest(MyAlgoTest.java:96)
	at java.base/jdk.internal.reflect.NativeMethodAccessorImpl.invoke0(Native Method)
	at java.base/jdk.internal.reflect.NativeMethodAccessorImpl.invoke(NativeMethodAccessorImpl.java:77)
	at java.base/jdk.internal.reflect.DelegatingMethodAccessorImpl.invoke(DelegatingMethodAccessorImpl.java:43)
	at java.base/java.lang.reflect.Method.invoke(Method.java:568)
	at org.junit.runners.model.FrameworkMethod$1.runReflectiveCall(FrameworkMethod.java:47)
	at org.junit.internal.runners.model.ReflectiveCallable.run(ReflectiveCallable.java:12)
	at org.junit.runners.model.FrameworkMethod.invokeExplosively(FrameworkMethod.java:44)
	at org.junit.internal.runners.statements.InvokeMethod.evaluate(InvokeMethod.java:17)
	at org.junit.runners.ParentRunner.runLeaf(ParentRunner.java:271)
	at org.junit.runners.BlockJUnit4ClassRunner.runChild(BlockJUnit4ClassRunner.java:70)
	at org.junit.runners.BlockJUnit4ClassRunner.runChild(BlockJUnit4ClassRunner.java:50)
	at org.junit.runners.ParentRunner$3.run(ParentRunner.java:238)
	at org.junit.runners.ParentRunner$1.schedule(ParentRunner.java:63)
	at org.junit.runners.ParentRunner.runChildren(ParentRunner.java:236)
	at org.junit.runners.ParentRunner.access$000(ParentRunner.java:53)
	at org.junit.runners.ParentRunner$2.evaluate(ParentRunner.java:229)
	at org.junit.runners.ParentRunner.run(ParentRunner.java:309)
	at org.apache.maven.surefire.junit4.JUnit4Provider.execute(JUnit4Provider.java:316)
	at org.apache.maven.surefire.junit4.JUnit4Provider.executeWithRerun(JUnit4Provider.java:240)
	at org.apache.maven.surefire.junit4.JUnit4Provider.executeTestSet(JUnit4Provider.java:214)
	at org.apache.maven.surefire.junit4.JUnit4Provider.invoke(JUnit4Provider.java:155)
	at org.apache.maven.surefire.booter.ForkedBooter.runSuitesInProcess(ForkedBooter.java:385)
	at org.apache.maven.surefire.booter.ForkedBooter.execute(ForkedBooter.java:162)
	at org.apache.maven.surefire.booter.ForkedBooter.run(ForkedBooter.java:507)
	at org.apache.maven.surefire.booter.ForkedBooter.main(ForkedBooter.java:495)
]]></error>
    <system-out><![CDATA[22:58:18.837 [main] INFO  c.sequencer.consumer.LoggingConsumer - [1] 
|----BID-----|
|----ASK-----|

22:58:18.838 [main] INFO  c.gettingstarted.MyAlgoLogic - [MYALGO] The state of the order book is:
|----BID-----||----ASK----|
|------------||-----------|

22:58:18.838 [main] INFO  c.gettingstarted.MyAlgoLogic - [MYALGO] Algo Sees Book as: 
|----BID-----||----ASK----|
|------------||-----------|

]]></system-out>
  </testcase>
  <testcase name="testDispatchThroughSequencer" classname="codingblackfemales.gettingstarted.MyAlgoTest" time="0.248">
    <failure message="expected:&lt;75&gt; but was:&lt;0&gt;" type="java.lang.AssertionError"><![CDATA[java.lang.AssertionError: expected:<75> but was:<0>
	at org.junit.Assert.fail(Assert.java:88)
	at org.junit.Assert.failNotEquals(Assert.java:743)
	at org.junit.Assert.assertEquals(Assert.java:118)
	at org.junit.Assert.assertEquals(Assert.java:555)
	at org.junit.Assert.assertEquals(Assert.java:542)
	at codingblackfemales.gettingstarted.MyAlgoTest.testDispatchThroughSequencer(MyAlgoTest.java:53)
	at java.base/jdk.internal.reflect.NativeMethodAccessorImpl.invoke0(Native Method)
	at java.base/jdk.internal.reflect.NativeMethodAccessorImpl.invoke(NativeMethodAccessorImpl.java:77)
	at java.base/jdk.internal.reflect.DelegatingMethodAccessorImpl.invoke(DelegatingMethodAccessorImpl.java:43)
	at java.base/java.lang.reflect.Method.invoke(Method.java:568)
	at org.junit.runners.model.FrameworkMethod$1.runReflectiveCall(FrameworkMethod.java:47)
	at org.junit.internal.runners.model.ReflectiveCallable.run(ReflectiveCallable.java:12)
	at org.junit.runners.model.FrameworkMethod.invokeExplosively(FrameworkMethod.java:44)
	at org.junit.internal.runners.statements.InvokeMethod.evaluate(InvokeMethod.java:17)
	at org.junit.runners.ParentRunner.runLeaf(ParentRunner.java:271)
	at org.junit.runners.BlockJUnit4ClassRunner.runChild(BlockJUnit4ClassRunner.java:70)
	at org.junit.runners.BlockJUnit4ClassRunner.runChild(BlockJUnit4ClassRunner.java:50)
	at org.junit.runners.ParentRunner$3.run(ParentRunner.java:238)
	at org.junit.runners.ParentRunner$1.schedule(ParentRunner.java:63)
	at org.junit.runners.ParentRunner.runChildren(ParentRunner.java:236)
	at org.junit.runners.ParentRunner.access$000(ParentRunner.java:53)
	at org.junit.runners.ParentRunner$2.evaluate(ParentRunner.java:229)
	at org.junit.runners.ParentRunner.run(ParentRunner.java:309)
	at org.apache.maven.surefire.junit4.JUnit4Provider.execute(JUnit4Provider.java:316)
	at org.apache.maven.surefire.junit4.JUnit4Provider.executeWithRerun(JUnit4Provider.java:240)
	at org.apache.maven.surefire.junit4.JUnit4Provider.executeTestSet(JUnit4Provider.java:214)
	at org.apache.maven.surefire.junit4.JUnit4Provider.invoke(JUnit4Provider.java:155)
	at org.apache.maven.surefire.booter.ForkedBooter.runSuitesInProcess(ForkedBooter.java:385)
	at org.apache.maven.surefire.booter.ForkedBooter.execute(ForkedBooter.java:162)
	at org.apache.maven.surefire.booter.ForkedBooter.run(ForkedBooter.java:507)
	at org.apache.maven.surefire.booter.ForkedBooter.main(ForkedBooter.java:495)
]]></failure>
    <system-out><![CDATA[22:58:18.838 [main] INFO  c.sequencer.consumer.LoggingConsumer - [1] 
|----BID-----|
   101 @ 100
   200 @ 110
  5000 @ 115
|----ASK-----|
    100 @ 98
    200 @ 95
    300 @ 91

22:58:18.838 [main] DEBUG c.service.MarketDataService - [ALGO] BID: price:100 quantity:101
22:58:18.838 [main] DEBUG c.service.MarketDataService - [ALGO] BID: price:110 quantity:200
22:58:18.838 [main] DEBUG c.service.MarketDataService - [ALGO] BID: price:115 quantity:5000
22:58:18.838 [main] DEBUG c.service.MarketDataService - [ALGO] ASK: price:98 quantity:100
22:58:18.838 [main] DEBUG c.service.MarketDataService - [ALGO] ASK: price:95 quantity:200
22:58:18.846 [main] DEBUG c.service.MarketDataService - [ALGO] ASK: price:91 quantity:300
22:58:18.846 [main] INFO  c.gettingstarted.MyAlgoLogic - [MYALGO] The state of the order book is:
|----BID-----||----ASK----|
   101 @ 100    100 @ 98
   200 @ 110    200 @ 95
  5000 @ 115    300 @ 91
|------------||-----------|

22:58:18.846 [main] INFO  c.gettingstarted.MyAlgoLogic - [MYALGO] Algo Sees Book as: 
|----BID-----||----ASK----|
   101 @ 100    100 @ 98
   200 @ 110    200 @ 95
  5000 @ 115    300 @ 91
|------------||-----------|

22:58:18.846 [main] INFO  c.gettingstarted.MyAlgoLogic - [Sheza5] market monitor size is 0
22:58:18.846 [main] INFO  c.gettingstarted.MyAlgoLogic - [MYALGO] Initial quantity100 price 98
Current market monitor list is 
MYALGO- Current market monitor size is 0
22:58:18.846 [main] INFO  c.gettingstarted.TimedLogic - [TIMEDLOGIC] Market is open
22:58:18.846 [main] INFO  c.gettingstarted.MyAlgoLogic - [MYALGO] Adding order for100@98
total order count is 0
22:58:18.846 [main] INFO  c.gettingstarted.MyAlgoLogic - [Sheza6] market monitor size is 0
22:58:18.846 [main] INFO  c.container.Actioner - [ALGO] Actioner, sending action:CreateChildOrder(side=BUY,quantity=100,price=98)
22:58:18.846 [main] INFO  c.sequencer.consumer.LoggingConsumer - [2] [CreateOrder](sbeTemplateId=4|sbeSchemaId=2|sbeSchemaVersion=0|sbeBlockLength=33):instrumentId=0|price=98|quantity=100|side=BUY|orderId=2
22:58:18.846 [main] INFO  c.gettingstarted.MyAlgoLogic - [MYALGO] The state of the order book is:
|----BID-----||----ASK----|
   101 @ 100    100 @ 98
   200 @ 110    200 @ 95
  5000 @ 115    300 @ 91
|------------||-----------|

22:58:18.855 [main] INFO  c.gettingstarted.MyAlgoLogic - [MYALGO] Algo Sees Book as: 
|----BID-----||----ASK----|
   101 @ 100    100 @ 98
   200 @ 110    200 @ 95
  5000 @ 115    300 @ 91
|------------||-----------|

22:58:18.855 [main] INFO  c.gettingstarted.MyAlgoLogic - [Sheza5] market monitor size is 0
22:58:18.855 [main] INFO  c.gettingstarted.MyAlgoLogic - [MYALGO] Initial quantity100 price 98
Current market monitor list is 
MYALGO- Current market monitor size is 0
22:58:18.855 [main] INFO  c.gettingstarted.TimedLogic - [TIMEDLOGIC] Market is open
22:58:18.855 [main] INFO  c.gettingstarted.MyAlgoLogic - [MYALGO] Adding order for100@98
total order count is 1
22:58:18.855 [main] INFO  c.gettingstarted.MyAlgoLogic - [Sheza6] market monitor size is 0
22:58:18.855 [main] INFO  c.container.Actioner - [ALGO] Actioner, sending action:CreateChildOrder(side=BUY,quantity=100,price=98)
22:58:18.856 [main] INFO  c.sequencer.consumer.LoggingConsumer - [3] [CreateOrder](sbeTemplateId=4|sbeSchemaId=2|sbeSchemaVersion=0|sbeBlockLength=33):instrumentId=0|price=98|quantity=100|side=BUY|orderId=3
22:58:18.856 [main] INFO  c.gettingstarted.MyAlgoLogic - [MYALGO] The state of the order book is:
|----BID-----||----ASK----|
   101 @ 100    100 @ 98
   200 @ 110    200 @ 95
  5000 @ 115    300 @ 91
|------------||-----------|

22:58:18.856 [main] INFO  c.gettingstarted.MyAlgoLogic - [MYALGO] Algo Sees Book as: 
|----BID-----||----ASK----|
   101 @ 100    100 @ 98
   200 @ 110    200 @ 95
  5000 @ 115    300 @ 91
|------------||-----------|

22:58:18.856 [main] INFO  c.gettingstarted.MyAlgoLogic - [Sheza5] market monitor size is 0
22:58:18.856 [main] INFO  c.gettingstarted.MyAlgoLogic - [MYALGO] Initial quantity100 price 98
Current market monitor list is 
MYALGO- Current market monitor size is 0
22:58:18.856 [main] INFO  c.gettingstarted.TimedLogic - [TIMEDLOGIC] Market is open
22:58:18.857 [main] INFO  c.gettingstarted.MyAlgoLogic - [MYALGO] Adding order for100@98
total order count is 2
22:58:18.858 [main] INFO  c.gettingstarted.MyAlgoLogic - [Sheza6] market monitor size is 0
22:58:18.858 [main] INFO  c.container.Actioner - [ALGO] Actioner, sending action:CreateChildOrder(side=BUY,quantity=100,price=98)
22:58:18.858 [main] INFO  c.sequencer.consumer.LoggingConsumer - [4] [CreateOrder](sbeTemplateId=4|sbeSchemaId=2|sbeSchemaVersion=0|sbeBlockLength=33):instrumentId=0|price=98|quantity=100|side=BUY|orderId=4
22:58:18.858 [main] INFO  c.gettingstarted.MyAlgoLogic - [MYALGO] The state of the order book is:
|----BID-----||----ASK----|
   101 @ 100    100 @ 98
   200 @ 110    200 @ 95
  5000 @ 115    300 @ 91
|------------||-----------|

22:58:18.859 [main] INFO  c.gettingstarted.MyAlgoLogic - [MYALGO] Algo Sees Book as: 
|----BID-----||----ASK----|
   101 @ 100    100 @ 98
   200 @ 110    200 @ 95
  5000 @ 115    300 @ 91
|------------||-----------|

22:58:18.859 [main] INFO  c.gettingstarted.MyAlgoLogic - [Sheza5] market monitor size is 0
22:58:18.859 [main] INFO  c.gettingstarted.MyAlgoLogic - [MYALGO] Initial quantity100 price 98
Current market monitor list is 
MYALGO- Current market monitor size is 0
22:58:18.859 [main] INFO  c.gettingstarted.TimedLogic - [TIMEDLOGIC] Market is open
22:58:18.859 [main] INFO  c.gettingstarted.MyAlgoLogic - [MYALGO] Adding order for100@98
total order count is 3
22:58:18.859 [main] INFO  c.gettingstarted.MyAlgoLogic - [Sheza6] market monitor size is 0
22:58:18.859 [main] INFO  c.container.Actioner - [ALGO] Actioner, sending action:CreateChildOrder(side=BUY,quantity=100,price=98)
22:58:18.859 [main] INFO  c.sequencer.consumer.LoggingConsumer - [5] [CreateOrder](sbeTemplateId=4|sbeSchemaId=2|sbeSchemaVersion=0|sbeBlockLength=33):instrumentId=0|price=98|quantity=100|side=BUY|orderId=5
22:58:18.859 [main] INFO  c.gettingstarted.MyAlgoLogic - [MYALGO] The state of the order book is:
|----BID-----||----ASK----|
   101 @ 100    100 @ 98
   200 @ 110    200 @ 95
  5000 @ 115    300 @ 91
|------------||-----------|

22:58:18.860 [main] INFO  c.gettingstarted.MyAlgoLogic - [MYALGO] Algo Sees Book as: 
|----BID-----||----ASK----|
   101 @ 100    100 @ 98
   200 @ 110    200 @ 95
  5000 @ 115    300 @ 91
|------------||-----------|

22:58:18.860 [main] INFO  c.gettingstarted.MyAlgoLogic - [Sheza5] market monitor size is 0
22:58:18.860 [main] INFO  c.gettingstarted.MyAlgoLogic - [MYALGO] Initial quantity100 price 98
Current market monitor list is 
MYALGO- Current market monitor size is 0
22:58:18.860 [main] INFO  c.gettingstarted.TimedLogic - [TIMEDLOGIC] Market is open
22:58:18.860 [main] INFO  c.gettingstarted.MyAlgoLogic - [MYALGO] Adding order for100@98
total order count is 4
22:58:18.860 [main] INFO  c.gettingstarted.MyAlgoLogic - [Sheza6] market monitor size is 0
22:58:18.861 [main] INFO  c.container.Actioner - [ALGO] Actioner, sending action:CreateChildOrder(side=BUY,quantity=100,price=98)
22:58:18.861 [main] INFO  c.sequencer.consumer.LoggingConsumer - [6] [CreateOrder](sbeTemplateId=4|sbeSchemaId=2|sbeSchemaVersion=0|sbeBlockLength=33):instrumentId=0|price=98|quantity=100|side=BUY|orderId=6
22:58:18.861 [main] INFO  c.gettingstarted.MyAlgoLogic - [MYALGO] The state of the order book is:
|----BID-----||----ASK----|
   101 @ 100    100 @ 98
   200 @ 110    200 @ 95
  5000 @ 115    300 @ 91
|------------||-----------|

22:58:18.861 [main] INFO  c.gettingstarted.MyAlgoLogic - [MYALGO] Algo Sees Book as: 
|----BID-----||----ASK----|
   101 @ 100    100 @ 98
   200 @ 110    200 @ 95
  5000 @ 115    300 @ 91
|------------||-----------|

22:58:18.861 [main] INFO  c.gettingstarted.MyAlgoLogic - [Sheza5] market monitor size is 0
22:58:18.861 [main] INFO  c.gettingstarted.MyAlgoLogic - [MYALGO] Initial quantity100 price 98
Current market monitor list is 
MYALGO- Current market monitor size is 0
22:58:18.862 [main] INFO  c.gettingstarted.TimedLogic - [TIMEDLOGIC] Market is open
22:58:18.863 [main] INFO  c.gettingstarted.MyAlgoLogic - [MYALGO] Adding order for100@98
total order count is 5
22:58:18.863 [main] INFO  c.gettingstarted.MyAlgoLogic - [Sheza6] market monitor size is 0
22:58:18.863 [main] INFO  c.container.Actioner - [ALGO] Actioner, sending action:CreateChildOrder(side=BUY,quantity=100,price=98)
22:58:18.863 [main] INFO  c.sequencer.consumer.LoggingConsumer - [7] [CreateOrder](sbeTemplateId=4|sbeSchemaId=2|sbeSchemaVersion=0|sbeBlockLength=33):instrumentId=0|price=98|quantity=100|side=BUY|orderId=7
22:58:18.863 [main] INFO  c.gettingstarted.MyAlgoLogic - [MYALGO] The state of the order book is:
|----BID-----||----ASK----|
   101 @ 100    100 @ 98
   200 @ 110    200 @ 95
  5000 @ 115    300 @ 91
|------------||-----------|

22:58:18.864 [main] INFO  c.gettingstarted.MyAlgoLogic - [MYALGO] Algo Sees Book as: 
|----BID-----||----ASK----|
   101 @ 100    100 @ 98
   200 @ 110    200 @ 95
  5000 @ 115    300 @ 91
|------------||-----------|

22:58:18.864 [main] INFO  c.gettingstarted.MyAlgoLogic - [Sheza5] market monitor size is 0
22:58:18.864 [main] INFO  c.gettingstarted.MyAlgoLogic - [MYALGO] Initial quantity100 price 98
Current market monitor list is 
MYALGO- Current market monitor size is 0
22:58:18.864 [main] INFO  c.gettingstarted.TimedLogic - [TIMEDLOGIC] Market is open
22:58:18.864 [main] INFO  c.gettingstarted.MyAlgoLogic - [MYALGO] Adding order for100@98
total order count is 6
22:58:18.864 [main] INFO  c.gettingstarted.MyAlgoLogic - [Sheza6] market monitor size is 0
22:58:18.864 [main] INFO  c.container.Actioner - [ALGO] Actioner, sending action:CreateChildOrder(side=BUY,quantity=100,price=98)
22:58:18.864 [main] INFO  c.sequencer.consumer.LoggingConsumer - [8] [CreateOrder](sbeTemplateId=4|sbeSchemaId=2|sbeSchemaVersion=0|sbeBlockLength=33):instrumentId=0|price=98|quantity=100|side=BUY|orderId=8
22:58:18.865 [main] INFO  c.gettingstarted.MyAlgoLogic - [MYALGO] The state of the order book is:
|----BID-----||----ASK----|
   101 @ 100    100 @ 98
   200 @ 110    200 @ 95
  5000 @ 115    300 @ 91
|------------||-----------|

22:58:18.865 [main] INFO  c.gettingstarted.MyAlgoLogic - [MYALGO] Algo Sees Book as: 
|----BID-----||----ASK----|
   101 @ 100    100 @ 98
   200 @ 110    200 @ 95
  5000 @ 115    300 @ 91
|------------||-----------|

22:58:18.865 [main] INFO  c.gettingstarted.MyAlgoLogic - [Sheza5] market monitor size is 0
22:58:18.865 [main] INFO  c.gettingstarted.MyAlgoLogic - [MYALGO] Initial quantity100 price 98
Current market monitor list is 
MYALGO- Current market monitor size is 0
22:58:18.865 [main] INFO  c.gettingstarted.TimedLogic - [TIMEDLOGIC] Market is open
22:58:18.865 [main] INFO  c.gettingstarted.MyAlgoLogic - [MYALGO] Adding order for100@98
total order count is 7
22:58:18.867 [main] INFO  c.gettingstarted.MyAlgoLogic - [Sheza6] market monitor size is 0
22:58:18.867 [main] INFO  c.container.Actioner - [ALGO] Actioner, sending action:CreateChildOrder(side=BUY,quantity=100,price=98)
22:58:18.868 [main] INFO  c.sequencer.consumer.LoggingConsumer - [9] [CreateOrder](sbeTemplateId=4|sbeSchemaId=2|sbeSchemaVersion=0|sbeBlockLength=33):instrumentId=0|price=98|quantity=100|side=BUY|orderId=9
22:58:18.868 [main] INFO  c.gettingstarted.MyAlgoLogic - [MYALGO] The state of the order book is:
|----BID-----||----ASK----|
   101 @ 100    100 @ 98
   200 @ 110    200 @ 95
  5000 @ 115    300 @ 91
|------------||-----------|

22:58:18.868 [main] INFO  c.gettingstarted.MyAlgoLogic - [MYALGO] Algo Sees Book as: 
|----BID-----||----ASK----|
   101 @ 100    100 @ 98
   200 @ 110    200 @ 95
  5000 @ 115    300 @ 91
|------------||-----------|

22:58:18.868 [main] INFO  c.gettingstarted.MyAlgoLogic - [Sheza5] market monitor size is 0
22:58:18.868 [main] INFO  c.gettingstarted.MyAlgoLogic - [MYALGO] Initial quantity100 price 98
Current market monitor list is 
MYALGO- Current market monitor size is 0
22:58:18.870 [main] INFO  c.gettingstarted.TimedLogic - [TIMEDLOGIC] Market is open
22:58:18.871 [main] INFO  c.gettingstarted.MyAlgoLogic - [MYALGO] Adding order for100@98
total order count is 8
22:58:18.871 [main] INFO  c.gettingstarted.MyAlgoLogic - [Sheza6] market monitor size is 0
22:58:18.871 [main] INFO  c.container.Actioner - [ALGO] Actioner, sending action:CreateChildOrder(side=BUY,quantity=100,price=98)
22:58:18.871 [main] INFO  c.sequencer.consumer.LoggingConsumer - [10] [CreateOrder](sbeTemplateId=4|sbeSchemaId=2|sbeSchemaVersion=0|sbeBlockLength=33):instrumentId=0|price=98|quantity=100|side=BUY|orderId=10
22:58:18.872 [main] INFO  c.gettingstarted.MyAlgoLogic - [MYALGO] The state of the order book is:
|----BID-----||----ASK----|
   101 @ 100    100 @ 98
   200 @ 110    200 @ 95
  5000 @ 115    300 @ 91
|------------||-----------|

22:58:18.873 [main] INFO  c.gettingstarted.MyAlgoLogic - [MYALGO] Algo Sees Book as: 
|----BID-----||----ASK----|
   101 @ 100    100 @ 98
   200 @ 110    200 @ 95
  5000 @ 115    300 @ 91
|------------||-----------|

22:58:18.873 [main] INFO  c.gettingstarted.MyAlgoLogic - [Sheza5] market monitor size is 0
22:58:18.874 [main] INFO  c.gettingstarted.MyAlgoLogic - [MYALGO] Initial quantity100 price 98
Current market monitor list is 
MYALGO- Current market monitor size is 0
22:58:18.874 [main] INFO  c.gettingstarted.TimedLogic - [TIMEDLOGIC] Market is open
22:58:18.876 [main] INFO  c.gettingstarted.MyAlgoLogic - [MYALGO] Adding order for100@98
total order count is 9
22:58:18.876 [main] INFO  c.gettingstarted.MyAlgoLogic - [Sheza6] market monitor size is 0
22:58:18.876 [main] INFO  c.container.Actioner - [ALGO] Actioner, sending action:CreateChildOrder(side=BUY,quantity=100,price=98)
22:58:18.876 [main] INFO  c.sequencer.consumer.LoggingConsumer - [11] [CreateOrder](sbeTemplateId=4|sbeSchemaId=2|sbeSchemaVersion=0|sbeBlockLength=33):instrumentId=0|price=98|quantity=100|side=BUY|orderId=11
22:58:18.876 [main] INFO  c.gettingstarted.MyAlgoLogic - [MYALGO] The state of the order book is:
|----BID-----||----ASK----|
   101 @ 100    100 @ 98
   200 @ 110    200 @ 95
  5000 @ 115    300 @ 91
|------------||-----------|

22:58:18.876 [main] INFO  c.gettingstarted.MyAlgoLogic - [MYALGO] Algo Sees Book as: 
|----BID-----||----ASK----|
   101 @ 100    100 @ 98
   200 @ 110    200 @ 95
  5000 @ 115    300 @ 91
|------------||-----------|

22:58:18.876 [main] INFO  c.gettingstarted.MyAlgoLogic - [Sheza5] market monitor size is 0
22:58:18.876 [main] INFO  c.gettingstarted.MyAlgoLogic - [MYALGO] Initial quantity100 price 98
Current market monitor list is 
MYALGO- Current market monitor size is 0
22:58:18.876 [main] INFO  c.gettingstarted.TimedLogic - [TIMEDLOGIC] Market is open
22:58:18.876 [main] INFO  c.gettingstarted.MyAlgoLogic - [MYALGO] Adding order for100@98
total order count is 10
22:58:18.876 [main] INFO  c.gettingstarted.MyAlgoLogic - [Sheza6] market monitor size is 0
22:58:18.876 [main] INFO  c.container.Actioner - [ALGO] Actioner, sending action:CreateChildOrder(side=BUY,quantity=100,price=98)
22:58:18.876 [main] INFO  c.sequencer.consumer.LoggingConsumer - [12] [CreateOrder](sbeTemplateId=4|sbeSchemaId=2|sbeSchemaVersion=0|sbeBlockLength=33):instrumentId=0|price=98|quantity=100|side=BUY|orderId=12
22:58:18.876 [main] INFO  c.gettingstarted.MyAlgoLogic - [MYALGO] The state of the order book is:
|----BID-----||----ASK----|
   101 @ 100    100 @ 98
   200 @ 110    200 @ 95
  5000 @ 115    300 @ 91
|------------||-----------|

22:58:18.876 [main] INFO  c.gettingstarted.MyAlgoLogic - [MYALGO] Algo Sees Book as: 
|----BID-----||----ASK----|
   101 @ 100    100 @ 98
   200 @ 110    200 @ 95
  5000 @ 115    300 @ 91
|------------||-----------|

22:58:18.876 [main] INFO  c.gettingstarted.MyAlgoLogic - [Sheza5] market monitor size is 0
22:58:18.877 [main] INFO  c.gettingstarted.MyAlgoLogic - [MYALGO] Initial quantity100 price 98
Current market monitor list is 
MYALGO- Current market monitor size is 0
22:58:18.877 [main] INFO  c.gettingstarted.TimedLogic - [TIMEDLOGIC] Market is open
22:58:18.879 [main] INFO  c.gettingstarted.MyAlgoLogic - [MYALGO] Adding order for100@98
total order count is 11
22:58:18.879 [main] INFO  c.gettingstarted.MyAlgoLogic - [Sheza6] market monitor size is 0
22:58:18.879 [main] INFO  c.container.Actioner - [ALGO] Actioner, sending action:CreateChildOrder(side=BUY,quantity=100,price=98)
22:58:18.879 [main] INFO  c.sequencer.consumer.LoggingConsumer - [13] [CreateOrder](sbeTemplateId=4|sbeSchemaId=2|sbeSchemaVersion=0|sbeBlockLength=33):instrumentId=0|price=98|quantity=100|side=BUY|orderId=13
22:58:18.879 [main] INFO  c.gettingstarted.MyAlgoLogic - [MYALGO] The state of the order book is:
|----BID-----||----ASK----|
   101 @ 100    100 @ 98
   200 @ 110    200 @ 95
  5000 @ 115    300 @ 91
|------------||-----------|

22:58:18.879 [main] INFO  c.gettingstarted.MyAlgoLogic - [MYALGO] Algo Sees Book as: 
|----BID-----||----ASK----|
   101 @ 100    100 @ 98
   200 @ 110    200 @ 95
  5000 @ 115    300 @ 91
|------------||-----------|

22:58:18.879 [main] INFO  c.gettingstarted.MyAlgoLogic - [Sheza5] market monitor size is 0
22:58:18.879 [main] INFO  c.gettingstarted.MyAlgoLogic - [MYALGO] Initial quantity100 price 98
Current market monitor list is 
MYALGO- Current market monitor size is 0
22:58:18.880 [main] INFO  c.gettingstarted.TimedLogic - [TIMEDLOGIC] Market is open
22:58:18.881 [main] INFO  c.gettingstarted.MyAlgoLogic - [MYALGO] Adding order for100@98
total order count is 12
22:58:18.881 [main] INFO  c.gettingstarted.MyAlgoLogic - [Sheza6] market monitor size is 0
22:58:18.881 [main] INFO  c.container.Actioner - [ALGO] Actioner, sending action:CreateChildOrder(side=BUY,quantity=100,price=98)
22:58:18.881 [main] INFO  c.sequencer.consumer.LoggingConsumer - [14] [CreateOrder](sbeTemplateId=4|sbeSchemaId=2|sbeSchemaVersion=0|sbeBlockLength=33):instrumentId=0|price=98|quantity=100|side=BUY|orderId=14
22:58:18.881 [main] INFO  c.gettingstarted.MyAlgoLogic - [MYALGO] The state of the order book is:
|----BID-----||----ASK----|
   101 @ 100    100 @ 98
   200 @ 110    200 @ 95
  5000 @ 115    300 @ 91
|------------||-----------|

22:58:18.881 [main] INFO  c.gettingstarted.MyAlgoLogic - [MYALGO] Algo Sees Book as: 
|----BID-----||----ASK----|
   101 @ 100    100 @ 98
   200 @ 110    200 @ 95
  5000 @ 115    300 @ 91
|------------||-----------|

22:58:18.881 [main] INFO  c.gettingstarted.MyAlgoLogic - [Sheza5] market monitor size is 0
22:58:18.881 [main] INFO  c.gettingstarted.MyAlgoLogic - [MYALGO] Initial quantity100 price 98
Current market monitor list is 
MYALGO- Current market monitor size is 0
22:58:18.882 [main] INFO  c.gettingstarted.TimedLogic - [TIMEDLOGIC] Market is open
22:58:18.882 [main] INFO  c.gettingstarted.MyAlgoLogic - [MYALGO] Adding order for100@98
total order count is 13
22:58:18.882 [main] INFO  c.gettingstarted.MyAlgoLogic - [Sheza6] market monitor size is 0
22:58:18.882 [main] INFO  c.container.Actioner - [ALGO] Actioner, sending action:CreateChildOrder(side=BUY,quantity=100,price=98)
22:58:18.882 [main] INFO  c.sequencer.consumer.LoggingConsumer - [15] [CreateOrder](sbeTemplateId=4|sbeSchemaId=2|sbeSchemaVersion=0|sbeBlockLength=33):instrumentId=0|price=98|quantity=100|side=BUY|orderId=15
22:58:18.882 [main] INFO  c.gettingstarted.MyAlgoLogic - [MYALGO] The state of the order book is:
|----BID-----||----ASK----|
   101 @ 100    100 @ 98
   200 @ 110    200 @ 95
  5000 @ 115    300 @ 91
|------------||-----------|

22:58:18.882 [main] INFO  c.gettingstarted.MyAlgoLogic - [MYALGO] Algo Sees Book as: 
|----BID-----||----ASK----|
   101 @ 100    100 @ 98
   200 @ 110    200 @ 95
  5000 @ 115    300 @ 91
|------------||-----------|

22:58:18.882 [main] INFO  c.gettingstarted.MyAlgoLogic - [Sheza5] market monitor size is 0
22:58:18.882 [main] INFO  c.gettingstarted.MyAlgoLogic - [MYALGO] Initial quantity100 price 98
Current market monitor list is 
MYALGO- Current market monitor size is 0
22:58:18.882 [main] INFO  c.gettingstarted.TimedLogic - [TIMEDLOGIC] Market is open
22:58:18.882 [main] INFO  c.gettingstarted.MyAlgoLogic - [MYALGO] Adding order for100@98
total order count is 14
22:58:18.882 [main] INFO  c.gettingstarted.MyAlgoLogic - [Sheza6] market monitor size is 0
22:58:18.882 [main] INFO  c.container.Actioner - [ALGO] Actioner, sending action:CreateChildOrder(side=BUY,quantity=100,price=98)
22:58:18.883 [main] INFO  c.sequencer.consumer.LoggingConsumer - [16] [CreateOrder](sbeTemplateId=4|sbeSchemaId=2|sbeSchemaVersion=0|sbeBlockLength=33):instrumentId=0|price=98|quantity=100|side=BUY|orderId=16
22:58:18.883 [main] INFO  c.gettingstarted.MyAlgoLogic - [MYALGO] The state of the order book is:
|----BID-----||----ASK----|
   101 @ 100    100 @ 98
   200 @ 110    200 @ 95
  5000 @ 115    300 @ 91
|------------||-----------|

22:58:18.884 [main] INFO  c.gettingstarted.MyAlgoLogic - [MYALGO] Algo Sees Book as: 
|----BID-----||----ASK----|
   101 @ 100    100 @ 98
   200 @ 110    200 @ 95
  5000 @ 115    300 @ 91
|------------||-----------|

22:58:18.885 [main] INFO  c.gettingstarted.MyAlgoLogic - [Sheza5] market monitor size is 0
22:58:18.886 [main] INFO  c.gettingstarted.MyAlgoLogic - [MYALGO] Initial quantity100 price 98
Current market monitor list is 
MYALGO- Current market monitor size is 0
22:58:18.886 [main] INFO  c.gettingstarted.TimedLogic - [TIMEDLOGIC] Market is open
22:58:18.887 [main] INFO  c.gettingstarted.MyAlgoLogic - [MYALGO] Adding order for100@98
total order count is 15
22:58:18.887 [main] INFO  c.gettingstarted.MyAlgoLogic - [Sheza6] market monitor size is 0
22:58:18.888 [main] INFO  c.container.Actioner - [ALGO] Actioner, sending action:CreateChildOrder(side=BUY,quantity=100,price=98)
22:58:18.888 [main] INFO  c.sequencer.consumer.LoggingConsumer - [17] [CreateOrder](sbeTemplateId=4|sbeSchemaId=2|sbeSchemaVersion=0|sbeBlockLength=33):instrumentId=0|price=98|quantity=100|side=BUY|orderId=17
22:58:18.890 [main] INFO  c.gettingstarted.MyAlgoLogic - [MYALGO] The state of the order book is:
|----BID-----||----ASK----|
   101 @ 100    100 @ 98
   200 @ 110    200 @ 95
  5000 @ 115    300 @ 91
|------------||-----------|

22:58:18.891 [main] INFO  c.gettingstarted.MyAlgoLogic - [MYALGO] Algo Sees Book as: 
|----BID-----||----ASK----|
   101 @ 100    100 @ 98
   200 @ 110    200 @ 95
  5000 @ 115    300 @ 91
|------------||-----------|

22:58:18.893 [pool-5-thread-1] INFO  c.gettingstarted.TimedLogic - [TIMEDLOGIC] data harvesting
Current market monitor list is 
22:58:18.893 [pool-10-thread-1] INFO  c.gettingstarted.TimedLogic - [TIMEDLOGIC] data harvesting
Current market monitor list is 
22:58:18.892 [main] INFO  c.gettingstarted.MyAlgoLogic - [Sheza5] market monitor size is 0
22:58:18.893 [pool-6-thread-1] INFO  c.gettingstarted.TimedLogic - [TIMEDLOGIC] data harvesting
Current market monitor list is 
22:58:18.893 [main] INFO  c.gettingstarted.MyAlgoLogic - [MYALGO] Initial quantity100 price 98
Current market monitor list is 
MYALGO- Current market monitor size is 0
22:58:18.893 [main] INFO  c.gettingstarted.TimedLogic - [TIMEDLOGIC] Market is open
22:58:18.893 [pool-7-thread-1] INFO  c.gettingstarted.TimedLogic - [TIMEDLOGIC] data harvesting
Current market monitor list is 
22:58:18.893 [pool-4-thread-1] INFO  c.gettingstarted.TimedLogic - [TIMEDLOGIC] data harvesting
Current market monitor list is 
22:58:18.894 [pool-9-thread-1] INFO  c.gettingstarted.TimedLogic - [TIMEDLOGIC] data harvesting
Current market monitor list is 
22:58:18.894 [pool-8-thread-1] INFO  c.gettingstarted.TimedLogic - [TIMEDLOGIC] data harvesting
Current market monitor list is 
22:58:18.893 [pool-3-thread-1] INFO  c.gettingstarted.TimedLogic - [TIMEDLOGIC] data harvesting
Current market monitor list is 
22:58:18.894 [main] INFO  c.gettingstarted.MyAlgoLogic - [MYALGO] Adding order for100@98
total order count is 16
22:58:18.894 [main] INFO  c.gettingstarted.MyAlgoLogic - [Sheza6] market monitor size is 0
22:58:18.894 [main] INFO  c.container.Actioner - [ALGO] Actioner, sending action:CreateChildOrder(side=BUY,quantity=100,price=98)
22:58:18.895 [main] INFO  c.sequencer.consumer.LoggingConsumer - [18] [CreateOrder](sbeTemplateId=4|sbeSchemaId=2|sbeSchemaVersion=0|sbeBlockLength=33):instrumentId=0|price=98|quantity=100|side=BUY|orderId=18
22:58:18.895 [main] INFO  c.gettingstarted.MyAlgoLogic - [MYALGO] The state of the order book is:
|----BID-----||----ASK----|
   101 @ 100    100 @ 98
   200 @ 110    200 @ 95
  5000 @ 115    300 @ 91
|------------||-----------|

22:58:18.895 [main] INFO  c.gettingstarted.MyAlgoLogic - [MYALGO] Algo Sees Book as: 
|----BID-----||----ASK----|
   101 @ 100    100 @ 98
   200 @ 110    200 @ 95
  5000 @ 115    300 @ 91
|------------||-----------|

22:58:18.895 [main] INFO  c.gettingstarted.MyAlgoLogic - [Sheza5] market monitor size is 0
22:58:18.895 [main] INFO  c.gettingstarted.MyAlgoLogic - [MYALGO] Initial quantity100 price 98
Current market monitor list is 
yolo Price: 115, Quantity: 5000Current time: 22:58:18.802264100
yolo Price: 119, Quantity: 5600Current time: 22:58:18.806253700
MYALGO- Current market monitor size is 0
22:58:18.895 [main] INFO  c.gettingstarted.TimedLogic - [TIMEDLOGIC] Market is open
22:58:18.895 [pool-6-thread-1] INFO  c.gettingstarted.TimedLogic - [Sheza2] market monitor size is 1
Current market monitor size is 1
yolo Price: 119, Quantity: 5600Current time: 22:58:18.810043400
22:58:18.895 [pool-8-thread-1] INFO  c.gettingstarted.TimedLogic - [Sheza2] market monitor size is 1
Current market monitor size is 1
22:58:18.895 [pool-9-thread-1] INFO  c.gettingstarted.TimedLogic - [Sheza2] market monitor size is 1
Current market monitor size is 1
22:58:18.895 [pool-8-thread-1] INFO  c.gettingstarted.TimedLogic - [Sheza3] market monitor size is 1
22:58:18.895 [pool-9-thread-1] INFO  c.gettingstarted.TimedLogic - [Sheza3] market monitor size is 1
yolo Price: 100, Quantity: 101Current time: 22:58:18.793180800
22:58:18.895 [pool-6-thread-1] INFO  c.gettingstarted.TimedLogic - [Sheza3] market monitor size is 1
22:58:18.895 [pool-3-thread-1] INFO  c.gettingstarted.TimedLogic - [Sheza2] market monitor size is 1
yolo Price: 115, Quantity: 5000Current time: 22:58:18.804258700
Current market monitor size is 1
yolo Price: 110, Quantity: 200Current time: 22:58:18.797311900
22:58:18.895 [pool-3-thread-1] INFO  c.gettingstarted.TimedLogic - [Sheza3] market monitor size is 1
22:58:18.895 [pool-7-thread-1] INFO  c.gettingstarted.TimedLogic - [Sheza2] market monitor size is 1
Current market monitor size is 1
22:58:18.895 [pool-4-thread-1] INFO  c.gettingstarted.TimedLogic - [Sheza2] market monitor size is 1
Current market monitor size is 1
22:58:18.895 [pool-7-thread-1] INFO  c.gettingstarted.TimedLogic - [Sheza3] market monitor size is 1
yolo Price: 110, Quantity: 200Current time: 22:58:18.799210100
22:58:18.895 [pool-4-thread-1] INFO  c.gettingstarted.TimedLogic - [Sheza3] market monitor size is 1
22:58:18.895 [pool-5-thread-1] INFO  c.gettingstarted.TimedLogic - [Sheza2] market monitor size is 1
Current market monitor size is 1
22:58:18.895 [pool-5-thread-1] INFO  c.gettingstarted.TimedLogic - [Sheza3] market monitor size is 1
22:58:18.896 [main] INFO  c.gettingstarted.MyAlgoLogic - [MYALGO] Adding order for100@98
total order count is 17
22:58:18.896 [main] INFO  c.gettingstarted.MyAlgoLogic - [Sheza6] market monitor size is 0
22:58:18.896 [main] INFO  c.container.Actioner - [ALGO] Actioner, sending action:CreateChildOrder(side=BUY,quantity=100,price=98)
22:58:18.896 [main] INFO  c.sequencer.consumer.LoggingConsumer - [19] [CreateOrder](sbeTemplateId=4|sbeSchemaId=2|sbeSchemaVersion=0|sbeBlockLength=33):instrumentId=0|price=98|quantity=100|side=BUY|orderId=19
22:58:18.896 [main] INFO  c.gettingstarted.MyAlgoLogic - [MYALGO] The state of the order book is:
|----BID-----||----ASK----|
   101 @ 100    100 @ 98
   200 @ 110    200 @ 95
  5000 @ 115    300 @ 91
|------------||-----------|

22:58:18.896 [main] INFO  c.gettingstarted.MyAlgoLogic - [MYALGO] Algo Sees Book as: 
|----BID-----||----ASK----|
   101 @ 100    100 @ 98
   200 @ 110    200 @ 95
  5000 @ 115    300 @ 91
|------------||-----------|

22:58:18.896 [main] INFO  c.gettingstarted.MyAlgoLogic - [Sheza5] market monitor size is 0
22:58:18.896 [main] INFO  c.gettingstarted.MyAlgoLogic - [MYALGO] Initial quantity100 price 98
Current market monitor list is 
MYALGO- Current market monitor size is 0
yolo Price: 98, Quantity: 100Current time: 22:58:18.846759800
22:58:18.896 [pool-10-thread-1] INFO  c.gettingstarted.TimedLogic - [Sheza2] market monitor size is 1
Current market monitor size is 1
22:58:18.896 [main] INFO  c.gettingstarted.TimedLogic - [TIMEDLOGIC] Market is open
22:58:18.896 [pool-10-thread-1] INFO  c.gettingstarted.TimedLogic - [Sheza3] market monitor size is 1
22:58:18.897 [main] INFO  c.gettingstarted.MyAlgoLogic - [MYALGO] Adding order for100@98
total order count is 18
22:58:18.897 [main] INFO  c.gettingstarted.MyAlgoLogic - [Sheza6] market monitor size is 0
22:58:18.897 [main] INFO  c.container.Actioner - [ALGO] Actioner, sending action:CreateChildOrder(side=BUY,quantity=100,price=98)
22:58:18.897 [main] INFO  c.sequencer.consumer.LoggingConsumer - [20] [CreateOrder](sbeTemplateId=4|sbeSchemaId=2|sbeSchemaVersion=0|sbeBlockLength=33):instrumentId=0|price=98|quantity=100|side=BUY|orderId=20
22:58:18.897 [main] INFO  c.gettingstarted.MyAlgoLogic - [MYALGO] The state of the order book is:
|----BID-----||----ASK----|
   101 @ 100    100 @ 98
   200 @ 110    200 @ 95
  5000 @ 115    300 @ 91
|------------||-----------|

22:58:18.897 [main] INFO  c.gettingstarted.MyAlgoLogic - [MYALGO] Algo Sees Book as: 
|----BID-----||----ASK----|
   101 @ 100    100 @ 98
   200 @ 110    200 @ 95
  5000 @ 115    300 @ 91
|------------||-----------|

22:58:18.897 [main] INFO  c.gettingstarted.MyAlgoLogic - [Sheza5] market monitor size is 0
22:58:18.897 [main] INFO  c.gettingstarted.MyAlgoLogic - [MYALGO] Initial quantity100 price 98
Current market monitor list is 
MYALGO- Current market monitor size is 0
22:58:18.897 [main] INFO  c.gettingstarted.TimedLogic - [TIMEDLOGIC] Market is open
22:58:18.897 [main] INFO  c.gettingstarted.MyAlgoLogic - [MYALGO] Adding order for100@98
total order count is 19
22:58:18.898 [main] INFO  c.gettingstarted.MyAlgoLogic - [Sheza6] market monitor size is 0
22:58:18.898 [main] INFO  c.container.Actioner - [ALGO] Actioner, sending action:CreateChildOrder(side=BUY,quantity=100,price=98)
22:58:18.898 [main] INFO  c.sequencer.consumer.LoggingConsumer - [21] [CreateOrder](sbeTemplateId=4|sbeSchemaId=2|sbeSchemaVersion=0|sbeBlockLength=33):instrumentId=0|price=98|quantity=100|side=BUY|orderId=21
22:58:18.898 [main] INFO  c.gettingstarted.MyAlgoLogic - [MYALGO] The state of the order book is:
|----BID-----||----ASK----|
   101 @ 100    100 @ 98
   200 @ 110    200 @ 95
  5000 @ 115    300 @ 91
|------------||-----------|

22:58:18.899 [main] INFO  c.gettingstarted.MyAlgoLogic - [MYALGO] Algo Sees Book as: 
|----BID-----||----ASK----|
   101 @ 100    100 @ 98
   200 @ 110    200 @ 95
  5000 @ 115    300 @ 91
|------------||-----------|

22:58:18.899 [main] INFO  c.gettingstarted.MyAlgoLogic - [Sheza5] market monitor size is 0
22:58:18.899 [main] INFO  c.gettingstarted.MyAlgoLogic - [MYALGO] Initial quantity100 price 98
Current market monitor list is 
MYALGO- Current market monitor size is 0
22:58:18.900 [main] INFO  c.gettingstarted.TimedLogic - [TIMEDLOGIC] Market is open
22:58:18.900 [main] INFO  c.gettingstarted.MyAlgoLogic - [MYALGO] Adding order for100@98
total order count is 20
22:58:18.900 [main] INFO  c.gettingstarted.MyAlgoLogic - [Sheza6] market monitor size is 0
22:58:18.900 [main] INFO  c.container.Actioner - [ALGO] Actioner, sending action:CreateChildOrder(side=BUY,quantity=100,price=98)
22:58:18.902 [main] INFO  c.sequencer.consumer.LoggingConsumer - [22] [CreateOrder](sbeTemplateId=4|sbeSchemaId=2|sbeSchemaVersion=0|sbeBlockLength=33):instrumentId=0|price=98|quantity=100|side=BUY|orderId=22
22:58:18.902 [pool-11-thread-1] INFO  c.gettingstarted.TimedLogic - [TIMEDLOGIC] data harvesting
Current market monitor list is 
yolo Price: 98, Quantity: 100Current time: 22:58:18.855533500
22:58:18.902 [main] INFO  c.gettingstarted.MyAlgoLogic - [MYALGO] The state of the order book is:
|----BID-----||----ASK----|
   101 @ 100    100 @ 98
   200 @ 110    200 @ 95
  5000 @ 115    300 @ 91
|------------||-----------|

22:58:18.903 [pool-11-thread-1] INFO  c.gettingstarted.TimedLogic - [Sheza2] market monitor size is 1
Current market monitor size is 1
22:58:18.903 [main] INFO  c.gettingstarted.MyAlgoLogic - [MYALGO] Algo Sees Book as: 
|----BID-----||----ASK----|
   101 @ 100    100 @ 98
   200 @ 110    200 @ 95
  5000 @ 115    300 @ 91
|------------||-----------|

22:58:18.903 [main] INFO  c.gettingstarted.MyAlgoLogic - [Sheza5] market monitor size is 0
22:58:18.903 [pool-11-thread-1] INFO  c.gettingstarted.TimedLogic - [Sheza3] market monitor size is 1
22:58:18.903 [main] INFO  c.gettingstarted.MyAlgoLogic - [MYALGO] Initial quantity100 price 98
Current market monitor list is 
MYALGO- Current market monitor size is 0
22:58:18.903 [main] INFO  c.gettingstarted.TimedLogic - [TIMEDLOGIC] Market is open
22:58:18.903 [main] INFO  c.gettingstarted.MyAlgoLogic - [MYALGO] Adding order for100@98
total order count is 21
22:58:18.903 [main] INFO  c.gettingstarted.MyAlgoLogic - [Sheza6] market monitor size is 0
22:58:18.903 [main] INFO  c.container.Actioner - [ALGO] Actioner, sending action:CreateChildOrder(side=BUY,quantity=100,price=98)
22:58:18.903 [main] INFO  c.sequencer.consumer.LoggingConsumer - [23] [CreateOrder](sbeTemplateId=4|sbeSchemaId=2|sbeSchemaVersion=0|sbeBlockLength=33):instrumentId=0|price=98|quantity=100|side=BUY|orderId=23
22:58:18.903 [main] INFO  c.gettingstarted.MyAlgoLogic - [MYALGO] The state of the order book is:
|----BID-----||----ASK----|
   101 @ 100    100 @ 98
   200 @ 110    200 @ 95
  5000 @ 115    300 @ 91
|------------||-----------|

22:58:18.903 [main] INFO  c.gettingstarted.MyAlgoLogic - [MYALGO] Algo Sees Book as: 
|----BID-----||----ASK----|
   101 @ 100    100 @ 98
   200 @ 110    200 @ 95
  5000 @ 115    300 @ 91
|------------||-----------|

22:58:18.903 [main] INFO  c.gettingstarted.MyAlgoLogic - [Sheza5] market monitor size is 0
22:58:18.903 [main] INFO  c.gettingstarted.MyAlgoLogic - [MYALGO] Initial quantity100 price 98
Current market monitor list is 
MYALGO- Current market monitor size is 0
22:58:18.903 [main] INFO  c.gettingstarted.TimedLogic - [TIMEDLOGIC] Market is open
22:58:18.903 [main] INFO  c.gettingstarted.MyAlgoLogic - [MYALGO] Adding order for100@98
total order count is 22
22:58:18.903 [main] INFO  c.gettingstarted.MyAlgoLogic - [Sheza6] market monitor size is 0
22:58:18.903 [main] INFO  c.container.Actioner - [ALGO] Actioner, sending action:CreateChildOrder(side=BUY,quantity=100,price=98)
22:58:18.903 [main] INFO  c.sequencer.consumer.LoggingConsumer - [24] [CreateOrder](sbeTemplateId=4|sbeSchemaId=2|sbeSchemaVersion=0|sbeBlockLength=33):instrumentId=0|price=98|quantity=100|side=BUY|orderId=24
22:58:18.903 [main] INFO  c.gettingstarted.MyAlgoLogic - [MYALGO] The state of the order book is:
|----BID-----||----ASK----|
   101 @ 100    100 @ 98
   200 @ 110    200 @ 95
  5000 @ 115    300 @ 91
|------------||-----------|

22:58:18.903 [main] INFO  c.gettingstarted.MyAlgoLogic - [MYALGO] Algo Sees Book as: 
|----BID-----||----ASK----|
   101 @ 100    100 @ 98
   200 @ 110    200 @ 95
  5000 @ 115    300 @ 91
|------------||-----------|

22:58:18.903 [main] INFO  c.gettingstarted.MyAlgoLogic - [Sheza5] market monitor size is 0
22:58:18.903 [main] INFO  c.gettingstarted.MyAlgoLogic - [MYALGO] Initial quantity100 price 98
Current market monitor list is 
MYALGO- Current market monitor size is 0
22:58:18.903 [pool-13-thread-1] INFO  c.gettingstarted.TimedLogic - [TIMEDLOGIC] data harvesting
Current market monitor list is 
yolo Price: 98, Quantity: 100Current time: 22:58:18.859344600
22:58:18.903 [main] INFO  c.gettingstarted.TimedLogic - [TIMEDLOGIC] Market is open
22:58:18.903 [pool-13-thread-1] INFO  c.gettingstarted.TimedLogic - [Sheza2] market monitor size is 1
Current market monitor size is 1
22:58:18.903 [pool-13-thread-1] INFO  c.gettingstarted.TimedLogic - [Sheza3] market monitor size is 1
22:58:18.909 [main] INFO  c.gettingstarted.MyAlgoLogic - [MYALGO] Adding order for100@98
total order count is 23
22:58:18.909 [main] INFO  c.gettingstarted.MyAlgoLogic - [Sheza6] market monitor size is 0
22:58:18.909 [main] INFO  c.container.Actioner - [ALGO] Actioner, sending action:CreateChildOrder(side=BUY,quantity=100,price=98)
22:58:18.909 [main] INFO  c.sequencer.consumer.LoggingConsumer - [25] [CreateOrder](sbeTemplateId=4|sbeSchemaId=2|sbeSchemaVersion=0|sbeBlockLength=33):instrumentId=0|price=98|quantity=100|side=BUY|orderId=25
22:58:18.909 [main] INFO  c.gettingstarted.MyAlgoLogic - [MYALGO] The state of the order book is:
|----BID-----||----ASK----|
   101 @ 100    100 @ 98
   200 @ 110    200 @ 95
  5000 @ 115    300 @ 91
|------------||-----------|

22:58:18.909 [main] INFO  c.gettingstarted.MyAlgoLogic - [MYALGO] Algo Sees Book as: 
|----BID-----||----ASK----|
   101 @ 100    100 @ 98
   200 @ 110    200 @ 95
  5000 @ 115    300 @ 91
|------------||-----------|

22:58:18.909 [main] INFO  c.gettingstarted.MyAlgoLogic - [Sheza5] market monitor size is 0
22:58:18.909 [main] INFO  c.gettingstarted.MyAlgoLogic - [MYALGO] Initial quantity100 price 98
Current market monitor list is 
22:58:18.909 [pool-14-thread-1] INFO  c.gettingstarted.TimedLogic - [TIMEDLOGIC] data harvesting
Current market monitor list is 
yolo Price: 98, Quantity: 100Current time: 22:58:18.860291300
22:58:18.910 [pool-14-thread-1] INFO  c.gettingstarted.TimedLogic - [Sheza2] market monitor size is 1
Current market monitor size is 1
22:58:18.910 [pool-14-thread-1] INFO  c.gettingstarted.TimedLogic - [Sheza3] market monitor size is 1
MYALGO- Current market monitor size is 0
22:58:18.910 [main] INFO  c.gettingstarted.TimedLogic - [TIMEDLOGIC] Market is open
22:58:18.911 [main] INFO  c.gettingstarted.MyAlgoLogic - [MYALGO] Adding order for100@98
total order count is 24
22:58:18.911 [main] INFO  c.gettingstarted.MyAlgoLogic - [Sheza6] market monitor size is 0
22:58:18.911 [main] INFO  c.container.Actioner - [ALGO] Actioner, sending action:CreateChildOrder(side=BUY,quantity=100,price=98)
22:58:18.911 [main] INFO  c.sequencer.consumer.LoggingConsumer - [26] [CreateOrder](sbeTemplateId=4|sbeSchemaId=2|sbeSchemaVersion=0|sbeBlockLength=33):instrumentId=0|price=98|quantity=100|side=BUY|orderId=26
22:58:18.911 [main] INFO  c.gettingstarted.MyAlgoLogic - [MYALGO] The state of the order book is:
|----BID-----||----ASK----|
   101 @ 100    100 @ 98
   200 @ 110    200 @ 95
  5000 @ 115    300 @ 91
|------------||-----------|

22:58:18.911 [main] INFO  c.gettingstarted.MyAlgoLogic - [MYALGO] Algo Sees Book as: 
|----BID-----||----ASK----|
   101 @ 100    100 @ 98
   200 @ 110    200 @ 95
  5000 @ 115    300 @ 91
|------------||-----------|

22:58:18.911 [main] INFO  c.gettingstarted.MyAlgoLogic - [Sheza5] market monitor size is 0
22:58:18.912 [main] INFO  c.gettingstarted.MyAlgoLogic - [MYALGO] Initial quantity100 price 98
Current market monitor list is 
MYALGO- Current market monitor size is 0
22:58:18.912 [main] INFO  c.gettingstarted.TimedLogic - [TIMEDLOGIC] Market is open
22:58:18.912 [main] INFO  c.gettingstarted.MyAlgoLogic - [MYALGO] Adding order for100@98
total order count is 25
22:58:18.912 [main] INFO  c.gettingstarted.MyAlgoLogic - [Sheza6] market monitor size is 0
22:58:18.912 [main] INFO  c.container.Actioner - [ALGO] Actioner, sending action:CreateChildOrder(side=BUY,quantity=100,price=98)
22:58:18.912 [main] INFO  c.sequencer.consumer.LoggingConsumer - [27] [CreateOrder](sbeTemplateId=4|sbeSchemaId=2|sbeSchemaVersion=0|sbeBlockLength=33):instrumentId=0|price=98|quantity=100|side=BUY|orderId=27
22:58:18.912 [main] INFO  c.gettingstarted.MyAlgoLogic - [MYALGO] The state of the order book is:
|----BID-----||----ASK----|
   101 @ 100    100 @ 98
   200 @ 110    200 @ 95
  5000 @ 115    300 @ 91
|------------||-----------|

22:58:18.912 [main] INFO  c.gettingstarted.MyAlgoLogic - [MYALGO] Algo Sees Book as: 
|----BID-----||----ASK----|
   101 @ 100    100 @ 98
   200 @ 110    200 @ 95
  5000 @ 115    300 @ 91
|------------||-----------|

22:58:18.912 [main] INFO  c.gettingstarted.MyAlgoLogic - [Sheza5] market monitor size is 0
22:58:18.912 [main] INFO  c.gettingstarted.MyAlgoLogic - [MYALGO] Initial quantity100 price 98
Current market monitor list is 
MYALGO- Current market monitor size is 0
22:58:18.912 [pool-15-thread-1] INFO  c.gettingstarted.TimedLogic - [TIMEDLOGIC] data harvesting
Current market monitor list is 
yolo Price: 98, Quantity: 100Current time: 22:58:18.863255800
22:58:18.912 [pool-15-thread-1] INFO  c.gettingstarted.TimedLogic - [Sheza2] market monitor size is 1
Current market monitor size is 1
22:58:18.912 [pool-15-thread-1] INFO  c.gettingstarted.TimedLogic - [Sheza3] market monitor size is 1
22:58:18.912 [main] INFO  c.gettingstarted.TimedLogic - [TIMEDLOGIC] Market is open
22:58:18.912 [main] INFO  c.gettingstarted.MyAlgoLogic - [MYALGO] Adding order for100@98
total order count is 26
22:58:18.912 [main] INFO  c.gettingstarted.MyAlgoLogic - [Sheza6] market monitor size is 0
22:58:18.912 [main] INFO  c.container.Actioner - [ALGO] Actioner, sending action:CreateChildOrder(side=BUY,quantity=100,price=98)
22:58:18.912 [main] INFO  c.sequencer.consumer.LoggingConsumer - [28] [CreateOrder](sbeTemplateId=4|sbeSchemaId=2|sbeSchemaVersion=0|sbeBlockLength=33):instrumentId=0|price=98|quantity=100|side=BUY|orderId=28
22:58:18.912 [main] INFO  c.gettingstarted.MyAlgoLogic - [MYALGO] The state of the order book is:
|----BID-----||----ASK----|
   101 @ 100    100 @ 98
   200 @ 110    200 @ 95
  5000 @ 115    300 @ 91
|------------||-----------|

22:58:18.912 [main] INFO  c.gettingstarted.MyAlgoLogic - [MYALGO] Algo Sees Book as: 
|----BID-----||----ASK----|
   101 @ 100    100 @ 98
   200 @ 110    200 @ 95
  5000 @ 115    300 @ 91
|------------||-----------|

22:58:18.912 [main] INFO  c.gettingstarted.MyAlgoLogic - [Sheza5] market monitor size is 0
22:58:18.912 [main] INFO  c.gettingstarted.MyAlgoLogic - [MYALGO] Initial quantity100 price 98
Current market monitor list is 
MYALGO- Current market monitor size is 0
22:58:18.912 [main] INFO  c.gettingstarted.TimedLogic - [TIMEDLOGIC] Market is open
22:58:18.912 [main] INFO  c.gettingstarted.MyAlgoLogic - [MYALGO] Adding order for100@98
total order count is 27
22:58:18.912 [main] INFO  c.gettingstarted.MyAlgoLogic - [Sheza6] market monitor size is 0
22:58:18.912 [main] INFO  c.container.Actioner - [ALGO] Actioner, sending action:CreateChildOrder(side=BUY,quantity=100,price=98)
22:58:18.912 [main] INFO  c.sequencer.consumer.LoggingConsumer - [29] [CreateOrder](sbeTemplateId=4|sbeSchemaId=2|sbeSchemaVersion=0|sbeBlockLength=33):instrumentId=0|price=98|quantity=100|side=BUY|orderId=29
22:58:18.912 [main] INFO  c.gettingstarted.MyAlgoLogic - [MYALGO] The state of the order book is:
|----BID-----||----ASK----|
   101 @ 100    100 @ 98
   200 @ 110    200 @ 95
  5000 @ 115    300 @ 91
|------------||-----------|

22:58:18.912 [pool-16-thread-1] INFO  c.gettingstarted.TimedLogic - [TIMEDLOGIC] data harvesting
Current market monitor list is 
22:58:18.912 [main] INFO  c.gettingstarted.MyAlgoLogic - [MYALGO] Algo Sees Book as: 
|----BID-----||----ASK----|
   101 @ 100    100 @ 98
   200 @ 110    200 @ 95
  5000 @ 115    300 @ 91
|------------||-----------|

yolo Price: 98, Quantity: 100Current time: 22:58:18.864252900
22:58:18.912 [pool-16-thread-1] INFO  c.gettingstarted.TimedLogic - [Sheza2] market monitor size is 1
Current market monitor size is 1
22:58:18.912 [main] INFO  c.gettingstarted.MyAlgoLogic - [Sheza5] market monitor size is 0
22:58:18.916 [main] INFO  c.gettingstarted.MyAlgoLogic - [MYALGO] Initial quantity100 price 98
Current market monitor list is 
MYALGO- Current market monitor size is 0
22:58:18.916 [main] INFO  c.gettingstarted.TimedLogic - [TIMEDLOGIC] Market is open
22:58:18.912 [pool-16-thread-1] INFO  c.gettingstarted.TimedLogic - [Sheza3] market monitor size is 1
22:58:18.916 [main] INFO  c.gettingstarted.MyAlgoLogic - [MYALGO] Adding order for100@98
total order count is 28
22:58:18.916 [main] INFO  c.gettingstarted.MyAlgoLogic - [Sheza6] market monitor size is 0
22:58:18.916 [main] INFO  c.container.Actioner - [ALGO] Actioner, sending action:CreateChildOrder(side=BUY,quantity=100,price=98)
22:58:18.916 [main] INFO  c.sequencer.consumer.LoggingConsumer - [30] [CreateOrder](sbeTemplateId=4|sbeSchemaId=2|sbeSchemaVersion=0|sbeBlockLength=33):instrumentId=0|price=98|quantity=100|side=BUY|orderId=30
22:58:18.916 [main] INFO  c.gettingstarted.MyAlgoLogic - [MYALGO] The state of the order book is:
|----BID-----||----ASK----|
   101 @ 100    100 @ 98
   200 @ 110    200 @ 95
  5000 @ 115    300 @ 91
|------------||-----------|

22:58:18.916 [main] INFO  c.gettingstarted.MyAlgoLogic - [MYALGO] Algo Sees Book as: 
|----BID-----||----ASK----|
   101 @ 100    100 @ 98
   200 @ 110    200 @ 95
  5000 @ 115    300 @ 91
|------------||-----------|

22:58:18.916 [main] INFO  c.gettingstarted.MyAlgoLogic - [Sheza5] market monitor size is 0
22:58:18.916 [main] INFO  c.gettingstarted.MyAlgoLogic - [MYALGO] Initial quantity100 price 98
Current market monitor list is 
MYALGO- Current market monitor size is 0
22:58:18.916 [main] INFO  c.gettingstarted.TimedLogic - [TIMEDLOGIC] Market is open
22:58:18.916 [pool-17-thread-1] INFO  c.gettingstarted.TimedLogic - [TIMEDLOGIC] data harvesting
Current market monitor list is 
yolo Price: 98, Quantity: 100Current time: 22:58:18.865741800
22:58:18.916 [pool-17-thread-1] INFO  c.gettingstarted.TimedLogic - [Sheza2] market monitor size is 1
Current market monitor size is 1
22:58:18.918 [pool-17-thread-1] INFO  c.gettingstarted.TimedLogic - [Sheza3] market monitor size is 1
22:58:18.916 [main] INFO  c.gettingstarted.MyAlgoLogic - [MYALGO] Adding order for100@98
total order count is 29
22:58:18.918 [main] INFO  c.gettingstarted.MyAlgoLogic - [Sheza6] market monitor size is 0
22:58:18.918 [main] INFO  c.container.Actioner - [ALGO] Actioner, sending action:CreateChildOrder(side=BUY,quantity=100,price=98)
22:58:18.918 [main] INFO  c.sequencer.consumer.LoggingConsumer - [31] [CreateOrder](sbeTemplateId=4|sbeSchemaId=2|sbeSchemaVersion=0|sbeBlockLength=33):instrumentId=0|price=98|quantity=100|side=BUY|orderId=31
22:58:18.918 [main] INFO  c.gettingstarted.MyAlgoLogic - [MYALGO] The state of the order book is:
|----BID-----||----ASK----|
   101 @ 100    100 @ 98
   200 @ 110    200 @ 95
  5000 @ 115    300 @ 91
|------------||-----------|

22:58:18.919 [pool-18-thread-1] INFO  c.gettingstarted.TimedLogic - [TIMEDLOGIC] data harvesting
Current market monitor list is 
yolo Price: 98, Quantity: 100Current time: 22:58:18.870846200
22:58:18.919 [pool-18-thread-1] INFO  c.gettingstarted.TimedLogic - [Sheza2] market monitor size is 1
Current market monitor size is 1
22:58:18.919 [pool-18-thread-1] INFO  c.gettingstarted.TimedLogic - [Sheza3] market monitor size is 1
22:58:18.920 [pool-19-thread-1] INFO  c.gettingstarted.TimedLogic - [TIMEDLOGIC] data harvesting
Current market monitor list is 
yolo Price: 98, Quantity: 100Current time: 22:58:18.874833300
22:58:18.920 [pool-20-thread-1] INFO  c.gettingstarted.TimedLogic - [TIMEDLOGIC] data harvesting
Current market monitor list is 
22:58:18.920 [pool-19-thread-1] INFO  c.gettingstarted.TimedLogic - [Sheza2] market monitor size is 1
Current market monitor size is 1
yolo Price: 98, Quantity: 100Current time: 22:58:18.876968400
22:58:18.920 [pool-19-thread-1] INFO  c.gettingstarted.TimedLogic - [Sheza3] market monitor size is 1
22:58:18.920 [pool-20-thread-1] INFO  c.gettingstarted.TimedLogic - [Sheza2] market monitor size is 1
Current market monitor size is 1
22:58:18.920 [pool-20-thread-1] INFO  c.gettingstarted.TimedLogic - [Sheza3] market monitor size is 1
22:58:18.921 [pool-22-thread-1] INFO  c.gettingstarted.TimedLogic - [TIMEDLOGIC] data harvesting
Current market monitor list is 
22:58:18.921 [pool-21-thread-1] INFO  c.gettingstarted.TimedLogic - [TIMEDLOGIC] data harvesting
yolo Price: 98, Quantity: 100Current time: 22:58:18.880958400
Current market monitor list is 
yolo Price: 98, Quantity: 100Current time: 22:58:18.877965600
22:58:18.921 [pool-22-thread-1] INFO  c.gettingstarted.TimedLogic - [Sheza2] market monitor size is 1
Current market monitor size is 1
22:58:18.921 [pool-21-thread-1] INFO  c.gettingstarted.TimedLogic - [Sheza2] market monitor size is 1
Current market monitor size is 1
22:58:18.921 [pool-22-thread-1] INFO  c.gettingstarted.TimedLogic - [Sheza3] market monitor size is 1
22:58:18.921 [pool-21-thread-1] INFO  c.gettingstarted.TimedLogic - [Sheza3] market monitor size is 1
22:58:18.921 [pool-2-thread-1] INFO  c.gettingstarted.TimedLogic - [TIMEDLOGIC] data harvesting
Current market monitor list is 
yolo Price: 100, Quantity: 101Current time: 22:58:18.751905
22:58:18.922 [pool-2-thread-1] INFO  c.gettingstarted.TimedLogic - [Sheza2] market monitor size is 1
Current market monitor size is 1
22:58:18.922 [pool-2-thread-1] INFO  c.gettingstarted.TimedLogic - [Sheza3] market monitor size is 1
22:58:18.923 [main] INFO  c.gettingstarted.MyAlgoLogic - [MYALGO] Algo Sees Book as: 
|----BID-----||----ASK----|
   101 @ 100    100 @ 98
   200 @ 110    200 @ 95
  5000 @ 115    300 @ 91
|------------||-----------|

22:58:18.923 [main] INFO  c.gettingstarted.MyAlgoLogic - [Sheza5] market monitor size is 0
22:58:18.924 [main] INFO  c.gettingstarted.MyAlgoLogic - [MYALGO] Initial quantity100 price 98
Current market monitor list is 
MYALGO- Current market monitor size is 0
22:58:18.924 [main] INFO  c.gettingstarted.TimedLogic - [TIMEDLOGIC] Market is open
22:58:18.924 [main] INFO  c.gettingstarted.MyAlgoLogic - [MYALGO] Adding order for100@98
total order count is 30
22:58:18.924 [main] INFO  c.gettingstarted.MyAlgoLogic - [Sheza6] market monitor size is 0
22:58:18.924 [main] INFO  c.container.Actioner - [ALGO] Actioner, sending action:CreateChildOrder(side=BUY,quantity=100,price=98)
22:58:18.924 [main] INFO  c.sequencer.consumer.LoggingConsumer - [32] [CreateOrder](sbeTemplateId=4|sbeSchemaId=2|sbeSchemaVersion=0|sbeBlockLength=33):instrumentId=0|price=98|quantity=100|side=BUY|orderId=32
22:58:18.924 [main] INFO  c.gettingstarted.MyAlgoLogic - [MYALGO] The state of the order book is:
|----BID-----||----ASK----|
   101 @ 100    100 @ 98
   200 @ 110    200 @ 95
  5000 @ 115    300 @ 91
|------------||-----------|

22:58:18.924 [main] INFO  c.gettingstarted.MyAlgoLogic - [MYALGO] Algo Sees Book as: 
|----BID-----||----ASK----|
   101 @ 100    100 @ 98
   200 @ 110    200 @ 95
  5000 @ 115    300 @ 91
|------------||-----------|

22:58:18.924 [main] INFO  c.gettingstarted.MyAlgoLogic - [Sheza5] market monitor size is 0
22:58:18.925 [main] INFO  c.gettingstarted.MyAlgoLogic - [MYALGO] Initial quantity100 price 98
Current market monitor list is 
MYALGO- Current market monitor size is 0
22:58:18.926 [main] INFO  c.gettingstarted.TimedLogic - [TIMEDLOGIC] Market is open
22:58:18.926 [main] INFO  c.gettingstarted.MyAlgoLogic - [MYALGO] Adding order for100@98
total order count is 31
22:58:18.926 [main] INFO  c.gettingstarted.MyAlgoLogic - [Sheza6] market monitor size is 0
22:58:18.926 [main] INFO  c.container.Actioner - [ALGO] Actioner, sending action:CreateChildOrder(side=BUY,quantity=100,price=98)
22:58:18.926 [main] INFO  c.sequencer.consumer.LoggingConsumer - [33] [CreateOrder](sbeTemplateId=4|sbeSchemaId=2|sbeSchemaVersion=0|sbeBlockLength=33):instrumentId=0|price=98|quantity=100|side=BUY|orderId=33
22:58:18.926 [main] INFO  c.gettingstarted.MyAlgoLogic - [MYALGO] The state of the order book is:
|----BID-----||----ASK----|
   101 @ 100    100 @ 98
   200 @ 110    200 @ 95
  5000 @ 115    300 @ 91
|------------||-----------|

22:58:18.926 [main] INFO  c.gettingstarted.MyAlgoLogic - [MYALGO] Algo Sees Book as: 
|----BID-----||----ASK----|
   101 @ 100    100 @ 98
   200 @ 110    200 @ 95
  5000 @ 115    300 @ 91
|------------||-----------|

22:58:18.926 [main] INFO  c.gettingstarted.MyAlgoLogic - [Sheza5] market monitor size is 0
22:58:18.926 [main] INFO  c.gettingstarted.MyAlgoLogic - [MYALGO] Initial quantity100 price 98
Current market monitor list is 
MYALGO- Current market monitor size is 0
22:58:18.926 [main] INFO  c.gettingstarted.TimedLogic - [TIMEDLOGIC] Market is open
22:58:18.927 [main] INFO  c.gettingstarted.MyAlgoLogic - [MYALGO] Adding order for100@98
total order count is 32
22:58:18.927 [main] INFO  c.gettingstarted.MyAlgoLogic - [Sheza6] market monitor size is 0
22:58:18.927 [main] INFO  c.container.Actioner - [ALGO] Actioner, sending action:CreateChildOrder(side=BUY,quantity=100,price=98)
22:58:18.927 [main] INFO  c.sequencer.consumer.LoggingConsumer - [34] [CreateOrder](sbeTemplateId=4|sbeSchemaId=2|sbeSchemaVersion=0|sbeBlockLength=33):instrumentId=0|price=98|quantity=100|side=BUY|orderId=34
22:58:18.927 [main] INFO  c.gettingstarted.MyAlgoLogic - [MYALGO] The state of the order book is:
|----BID-----||----ASK----|
   101 @ 100    100 @ 98
   200 @ 110    200 @ 95
  5000 @ 115    300 @ 91
|------------||-----------|

22:58:18.927 [main] INFO  c.gettingstarted.MyAlgoLogic - [MYALGO] Algo Sees Book as: 
|----BID-----||----ASK----|
   101 @ 100    100 @ 98
   200 @ 110    200 @ 95
  5000 @ 115    300 @ 91
|------------||-----------|

22:58:18.927 [main] INFO  c.gettingstarted.MyAlgoLogic - [Sheza5] market monitor size is 0
22:58:18.927 [main] INFO  c.gettingstarted.MyAlgoLogic - [MYALGO] Initial quantity100 price 98
Current market monitor list is 
MYALGO- Current market monitor size is 0
22:58:18.927 [main] INFO  c.gettingstarted.TimedLogic - [TIMEDLOGIC] Market is open
22:58:18.927 [main] INFO  c.gettingstarted.MyAlgoLogic - [MYALGO] Adding order for100@98
total order count is 33
22:58:18.927 [main] INFO  c.gettingstarted.MyAlgoLogic - [Sheza6] market monitor size is 0
22:58:18.927 [main] INFO  c.container.Actioner - [ALGO] Actioner, sending action:CreateChildOrder(side=BUY,quantity=100,price=98)
22:58:18.927 [main] INFO  c.sequencer.consumer.LoggingConsumer - [35] [CreateOrder](sbeTemplateId=4|sbeSchemaId=2|sbeSchemaVersion=0|sbeBlockLength=33):instrumentId=0|price=98|quantity=100|side=BUY|orderId=35
22:58:18.928 [main] INFO  c.gettingstarted.MyAlgoLogic - [MYALGO] The state of the order book is:
|----BID-----||----ASK----|
   101 @ 100    100 @ 98
   200 @ 110    200 @ 95
  5000 @ 115    300 @ 91
|------------||-----------|

22:58:18.928 [main] INFO  c.gettingstarted.MyAlgoLogic - [MYALGO] Algo Sees Book as: 
|----BID-----||----ASK----|
   101 @ 100    100 @ 98
   200 @ 110    200 @ 95
  5000 @ 115    300 @ 91
|------------||-----------|

22:58:18.928 [main] INFO  c.gettingstarted.MyAlgoLogic - [Sheza5] market monitor size is 0
22:58:18.928 [main] INFO  c.gettingstarted.MyAlgoLogic - [MYALGO] Initial quantity100 price 98
Current market monitor list is 
MYALGO- Current market monitor size is 0
22:58:18.928 [main] INFO  c.gettingstarted.TimedLogic - [TIMEDLOGIC] Market is open
22:58:18.928 [main] INFO  c.gettingstarted.MyAlgoLogic - [MYALGO] Adding order for100@98
total order count is 34
22:58:18.928 [main] INFO  c.gettingstarted.MyAlgoLogic - [Sheza6] market monitor size is 0
22:58:18.928 [main] INFO  c.container.Actioner - [ALGO] Actioner, sending action:CreateChildOrder(side=BUY,quantity=100,price=98)
22:58:18.928 [main] INFO  c.sequencer.consumer.LoggingConsumer - [36] [CreateOrder](sbeTemplateId=4|sbeSchemaId=2|sbeSchemaVersion=0|sbeBlockLength=33):instrumentId=0|price=98|quantity=100|side=BUY|orderId=36
22:58:18.928 [main] INFO  c.gettingstarted.MyAlgoLogic - [MYALGO] The state of the order book is:
|----BID-----||----ASK----|
   101 @ 100    100 @ 98
   200 @ 110    200 @ 95
  5000 @ 115    300 @ 91
|------------||-----------|

22:58:18.928 [main] INFO  c.gettingstarted.MyAlgoLogic - [MYALGO] Algo Sees Book as: 
|----BID-----||----ASK----|
   101 @ 100    100 @ 98
   200 @ 110    200 @ 95
  5000 @ 115    300 @ 91
|------------||-----------|

22:58:18.928 [main] INFO  c.gettingstarted.MyAlgoLogic - [Sheza5] market monitor size is 0
22:58:18.928 [main] INFO  c.gettingstarted.MyAlgoLogic - [MYALGO] Initial quantity100 price 98
Current market monitor list is 
MYALGO- Current market monitor size is 0
22:58:18.928 [main] INFO  c.gettingstarted.TimedLogic - [TIMEDLOGIC] Market is open
22:58:18.928 [main] INFO  c.gettingstarted.MyAlgoLogic - [MYALGO] Adding order for100@98
total order count is 35
22:58:18.928 [main] INFO  c.gettingstarted.MyAlgoLogic - [Sheza6] market monitor size is 0
22:58:18.928 [main] INFO  c.container.Actioner - [ALGO] Actioner, sending action:CreateChildOrder(side=BUY,quantity=100,price=98)
22:58:18.928 [main] INFO  c.sequencer.consumer.LoggingConsumer - [37] [CreateOrder](sbeTemplateId=4|sbeSchemaId=2|sbeSchemaVersion=0|sbeBlockLength=33):instrumentId=0|price=98|quantity=100|side=BUY|orderId=37
22:58:18.928 [main] INFO  c.gettingstarted.MyAlgoLogic - [MYALGO] The state of the order book is:
|----BID-----||----ASK----|
   101 @ 100    100 @ 98
   200 @ 110    200 @ 95
  5000 @ 115    300 @ 91
|------------||-----------|

22:58:18.928 [main] INFO  c.gettingstarted.MyAlgoLogic - [MYALGO] Algo Sees Book as: 
|----BID-----||----ASK----|
   101 @ 100    100 @ 98
   200 @ 110    200 @ 95
  5000 @ 115    300 @ 91
|------------||-----------|

22:58:18.928 [main] INFO  c.gettingstarted.MyAlgoLogic - [Sheza5] market monitor size is 0
22:58:18.928 [main] INFO  c.gettingstarted.MyAlgoLogic - [MYALGO] Initial quantity100 price 98
Current market monitor list is 
MYALGO- Current market monitor size is 0
22:58:18.928 [main] INFO  c.gettingstarted.TimedLogic - [TIMEDLOGIC] Market is open
22:58:18.928 [main] INFO  c.gettingstarted.MyAlgoLogic - [MYALGO] Adding order for100@98
total order count is 36
22:58:18.928 [main] INFO  c.gettingstarted.MyAlgoLogic - [Sheza6] market monitor size is 0
22:58:18.928 [main] INFO  c.container.Actioner - [ALGO] Actioner, sending action:CreateChildOrder(side=BUY,quantity=100,price=98)
22:58:18.928 [main] INFO  c.sequencer.consumer.LoggingConsumer - [38] [CreateOrder](sbeTemplateId=4|sbeSchemaId=2|sbeSchemaVersion=0|sbeBlockLength=33):instrumentId=0|price=98|quantity=100|side=BUY|orderId=38
22:58:18.928 [main] INFO  c.gettingstarted.MyAlgoLogic - [MYALGO] The state of the order book is:
|----BID-----||----ASK----|
   101 @ 100    100 @ 98
   200 @ 110    200 @ 95
  5000 @ 115    300 @ 91
|------------||-----------|

22:58:18.928 [main] INFO  c.gettingstarted.MyAlgoLogic - [MYALGO] Algo Sees Book as: 
|----BID-----||----ASK----|
   101 @ 100    100 @ 98
   200 @ 110    200 @ 95
  5000 @ 115    300 @ 91
|------------||-----------|

22:58:18.928 [main] INFO  c.gettingstarted.MyAlgoLogic - [Sheza5] market monitor size is 0
22:58:18.928 [main] INFO  c.gettingstarted.MyAlgoLogic - [MYALGO] Initial quantity100 price 98
Current market monitor list is 
MYALGO- Current market monitor size is 0
22:58:18.928 [main] INFO  c.gettingstarted.TimedLogic - [TIMEDLOGIC] Market is open
22:58:18.928 [main] INFO  c.gettingstarted.MyAlgoLogic - [MYALGO] Adding order for100@98
total order count is 37
22:58:18.933 [main] INFO  c.gettingstarted.MyAlgoLogic - [Sheza6] market monitor size is 0
22:58:18.933 [main] INFO  c.container.Actioner - [ALGO] Actioner, sending action:CreateChildOrder(side=BUY,quantity=100,price=98)
22:58:18.933 [main] INFO  c.sequencer.consumer.LoggingConsumer - [39] [CreateOrder](sbeTemplateId=4|sbeSchemaId=2|sbeSchemaVersion=0|sbeBlockLength=33):instrumentId=0|price=98|quantity=100|side=BUY|orderId=39
22:58:18.933 [main] INFO  c.gettingstarted.MyAlgoLogic - [MYALGO] The state of the order book is:
|----BID-----||----ASK----|
   101 @ 100    100 @ 98
   200 @ 110    200 @ 95
  5000 @ 115    300 @ 91
|------------||-----------|

22:58:18.935 [main] INFO  c.gettingstarted.MyAlgoLogic - [MYALGO] Algo Sees Book as: 
|----BID-----||----ASK----|
   101 @ 100    100 @ 98
   200 @ 110    200 @ 95
  5000 @ 115    300 @ 91
|------------||-----------|

22:58:18.935 [main] INFO  c.gettingstarted.MyAlgoLogic - [Sheza5] market monitor size is 0
22:58:18.935 [main] INFO  c.gettingstarted.MyAlgoLogic - [MYALGO] Initial quantity100 price 98
Current market monitor list is 
MYALGO- Current market monitor size is 0
22:58:18.935 [main] INFO  c.gettingstarted.TimedLogic - [TIMEDLOGIC] Market is open
22:58:18.935 [main] INFO  c.gettingstarted.MyAlgoLogic - [MYALGO] Adding order for100@98
total order count is 38
22:58:18.935 [main] INFO  c.gettingstarted.MyAlgoLogic - [Sheza6] market monitor size is 0
22:58:18.935 [main] INFO  c.container.Actioner - [ALGO] Actioner, sending action:CreateChildOrder(side=BUY,quantity=100,price=98)
22:58:18.935 [main] INFO  c.sequencer.consumer.LoggingConsumer - [40] [CreateOrder](sbeTemplateId=4|sbeSchemaId=2|sbeSchemaVersion=0|sbeBlockLength=33):instrumentId=0|price=98|quantity=100|side=BUY|orderId=40
22:58:18.935 [main] INFO  c.gettingstarted.MyAlgoLogic - [MYALGO] The state of the order book is:
|----BID-----||----ASK----|
   101 @ 100    100 @ 98
   200 @ 110    200 @ 95
  5000 @ 115    300 @ 91
|------------||-----------|

22:58:18.935 [main] INFO  c.gettingstarted.MyAlgoLogic - [MYALGO] Algo Sees Book as: 
|----BID-----||----ASK----|
   101 @ 100    100 @ 98
   200 @ 110    200 @ 95
  5000 @ 115    300 @ 91
|------------||-----------|

22:58:18.935 [main] INFO  c.gettingstarted.MyAlgoLogic - [Sheza5] market monitor size is 0
22:58:18.935 [main] INFO  c.gettingstarted.MyAlgoLogic - [MYALGO] Initial quantity100 price 98
Current market monitor list is 
MYALGO- Current market monitor size is 0
22:58:18.935 [main] INFO  c.gettingstarted.TimedLogic - [TIMEDLOGIC] Market is open
22:58:18.935 [main] INFO  c.gettingstarted.MyAlgoLogic - [MYALGO] Adding order for100@98
total order count is 39
22:58:18.935 [pool-23-thread-1] INFO  c.gettingstarted.TimedLogic - [TIMEDLOGIC] data harvesting
Current market monitor list is 
22:58:18.935 [main] INFO  c.gettingstarted.MyAlgoLogic - [Sheza6] market monitor size is 0
yolo Price: 98, Quantity: 100Current time: 22:58:18.882110600
22:58:18.935 [main] INFO  c.container.Actioner - [ALGO] Actioner, sending action:CreateChildOrder(side=BUY,quantity=100,price=98)
22:58:18.935 [pool-23-thread-1] INFO  c.gettingstarted.TimedLogic - [Sheza2] market monitor size is 1
Current market monitor size is 1
22:58:18.935 [pool-23-thread-1] INFO  c.gettingstarted.TimedLogic - [Sheza3] market monitor size is 1
22:58:18.935 [main] INFO  c.sequencer.consumer.LoggingConsumer - [41] [CreateOrder](sbeTemplateId=4|sbeSchemaId=2|sbeSchemaVersion=0|sbeBlockLength=33):instrumentId=0|price=98|quantity=100|side=BUY|orderId=41
22:58:18.935 [main] INFO  c.gettingstarted.MyAlgoLogic - [MYALGO] The state of the order book is:
|----BID-----||----ASK----|
   101 @ 100    100 @ 98
   200 @ 110    200 @ 95
  5000 @ 115    300 @ 91
|------------||-----------|

22:58:18.935 [main] INFO  c.gettingstarted.MyAlgoLogic - [MYALGO] Algo Sees Book as: 
|----BID-----||----ASK----|
   101 @ 100    100 @ 98
   200 @ 110    200 @ 95
  5000 @ 115    300 @ 91
|------------||-----------|

22:58:18.935 [main] INFO  c.gettingstarted.MyAlgoLogic - [Sheza5] market monitor size is 0
22:58:18.935 [main] INFO  c.gettingstarted.MyAlgoLogic - [MYALGO] Initial quantity100 price 98
Current market monitor list is 
MYALGO- Current market monitor size is 0
22:58:18.935 [main] INFO  c.gettingstarted.TimedLogic - [TIMEDLOGIC] Market is open
22:58:18.935 [main] INFO  c.gettingstarted.MyAlgoLogic - [MYALGO] Adding order for100@98
total order count is 40
22:58:18.935 [main] INFO  c.gettingstarted.MyAlgoLogic - [Sheza6] market monitor size is 0
22:58:18.935 [main] INFO  c.container.Actioner - [ALGO] Actioner, sending action:CreateChildOrder(side=BUY,quantity=100,price=98)
22:58:18.940 [main] INFO  c.sequencer.consumer.LoggingConsumer - [42] [CreateOrder](sbeTemplateId=4|sbeSchemaId=2|sbeSchemaVersion=0|sbeBlockLength=33):instrumentId=0|price=98|quantity=100|side=BUY|orderId=42
22:58:18.940 [main] INFO  c.gettingstarted.MyAlgoLogic - [MYALGO] The state of the order book is:
|----BID-----||----ASK----|
   101 @ 100    100 @ 98
   200 @ 110    200 @ 95
  5000 @ 115    300 @ 91
|------------||-----------|

22:58:18.940 [main] INFO  c.gettingstarted.MyAlgoLogic - [MYALGO] Algo Sees Book as: 
|----BID-----||----ASK----|
   101 @ 100    100 @ 98
   200 @ 110    200 @ 95
  5000 @ 115    300 @ 91
|------------||-----------|

22:58:18.940 [main] INFO  c.gettingstarted.MyAlgoLogic - [Sheza5] market monitor size is 0
22:58:18.940 [main] INFO  c.gettingstarted.MyAlgoLogic - [MYALGO] Initial quantity100 price 98
Current market monitor list is 
MYALGO- Current market monitor size is 0
22:58:18.940 [main] INFO  c.gettingstarted.TimedLogic - [TIMEDLOGIC] Market is open
22:58:18.940 [main] INFO  c.gettingstarted.MyAlgoLogic - [MYALGO] Adding order for100@98
total order count is 41
22:58:18.940 [main] INFO  c.gettingstarted.MyAlgoLogic - [Sheza6] market monitor size is 0
22:58:18.940 [main] INFO  c.container.Actioner - [ALGO] Actioner, sending action:CreateChildOrder(side=BUY,quantity=100,price=98)
22:58:18.940 [main] INFO  c.sequencer.consumer.LoggingConsumer - [43] [CreateOrder](sbeTemplateId=4|sbeSchemaId=2|sbeSchemaVersion=0|sbeBlockLength=33):instrumentId=0|price=98|quantity=100|side=BUY|orderId=43
22:58:18.940 [main] INFO  c.gettingstarted.MyAlgoLogic - [MYALGO] The state of the order book is:
|----BID-----||----ASK----|
   101 @ 100    100 @ 98
   200 @ 110    200 @ 95
  5000 @ 115    300 @ 91
|------------||-----------|

22:58:18.940 [main] INFO  c.gettingstarted.MyAlgoLogic - [MYALGO] Algo Sees Book as: 
|----BID-----||----ASK----|
   101 @ 100    100 @ 98
   200 @ 110    200 @ 95
  5000 @ 115    300 @ 91
|------------||-----------|

22:58:18.940 [main] INFO  c.gettingstarted.MyAlgoLogic - [Sheza5] market monitor size is 0
22:58:18.940 [main] INFO  c.gettingstarted.MyAlgoLogic - [MYALGO] Initial quantity100 price 98
Current market monitor list is 
MYALGO- Current market monitor size is 0
22:58:18.940 [main] INFO  c.gettingstarted.TimedLogic - [TIMEDLOGIC] Market is open
22:58:18.941 [main] INFO  c.gettingstarted.MyAlgoLogic - [MYALGO] Adding order for100@98
total order count is 42
22:58:18.941 [main] INFO  c.gettingstarted.MyAlgoLogic - [Sheza6] market monitor size is 0
22:58:18.941 [main] INFO  c.container.Actioner - [ALGO] Actioner, sending action:CreateChildOrder(side=BUY,quantity=100,price=98)
22:58:18.941 [main] INFO  c.sequencer.consumer.LoggingConsumer - [44] [CreateOrder](sbeTemplateId=4|sbeSchemaId=2|sbeSchemaVersion=0|sbeBlockLength=33):instrumentId=0|price=98|quantity=100|side=BUY|orderId=44
22:58:18.942 [main] INFO  c.gettingstarted.MyAlgoLogic - [MYALGO] The state of the order book is:
|----BID-----||----ASK----|
   101 @ 100    100 @ 98
   200 @ 110    200 @ 95
  5000 @ 115    300 @ 91
|------------||-----------|

22:58:18.942 [main] INFO  c.gettingstarted.MyAlgoLogic - [MYALGO] Algo Sees Book as: 
|----BID-----||----ASK----|
   101 @ 100    100 @ 98
   200 @ 110    200 @ 95
  5000 @ 115    300 @ 91
|------------||-----------|

22:58:18.942 [main] INFO  c.gettingstarted.MyAlgoLogic - [Sheza5] market monitor size is 0
22:58:18.942 [main] INFO  c.gettingstarted.MyAlgoLogic - [MYALGO] Initial quantity100 price 98
Current market monitor list is 
MYALGO- Current market monitor size is 0
22:58:18.942 [main] INFO  c.gettingstarted.TimedLogic - [TIMEDLOGIC] Market is open
22:58:18.942 [main] INFO  c.gettingstarted.MyAlgoLogic - [MYALGO] Adding order for100@98
total order count is 43
22:58:18.942 [main] INFO  c.gettingstarted.MyAlgoLogic - [Sheza6] market monitor size is 0
22:58:18.942 [main] INFO  c.container.Actioner - [ALGO] Actioner, sending action:CreateChildOrder(side=BUY,quantity=100,price=98)
22:58:18.942 [main] INFO  c.sequencer.consumer.LoggingConsumer - [45] [CreateOrder](sbeTemplateId=4|sbeSchemaId=2|sbeSchemaVersion=0|sbeBlockLength=33):instrumentId=0|price=98|quantity=100|side=BUY|orderId=45
22:58:18.942 [main] INFO  c.gettingstarted.MyAlgoLogic - [MYALGO] The state of the order book is:
|----BID-----||----ASK----|
   101 @ 100    100 @ 98
   200 @ 110    200 @ 95
  5000 @ 115    300 @ 91
|------------||-----------|

22:58:18.942 [main] INFO  c.gettingstarted.MyAlgoLogic - [MYALGO] Algo Sees Book as: 
|----BID-----||----ASK----|
   101 @ 100    100 @ 98
   200 @ 110    200 @ 95
  5000 @ 115    300 @ 91
|------------||-----------|

22:58:18.942 [main] INFO  c.gettingstarted.MyAlgoLogic - [Sheza5] market monitor size is 0
22:58:18.942 [main] INFO  c.gettingstarted.MyAlgoLogic - [MYALGO] Initial quantity100 price 98
Current market monitor list is 
MYALGO- Current market monitor size is 0
22:58:18.942 [main] INFO  c.gettingstarted.TimedLogic - [TIMEDLOGIC] Market is open
22:58:18.943 [main] INFO  c.gettingstarted.MyAlgoLogic - [MYALGO] Adding order for100@98
total order count is 44
22:58:18.943 [main] INFO  c.gettingstarted.MyAlgoLogic - [Sheza6] market monitor size is 0
22:58:18.943 [main] INFO  c.container.Actioner - [ALGO] Actioner, sending action:CreateChildOrder(side=BUY,quantity=100,price=98)
22:58:18.943 [main] INFO  c.sequencer.consumer.LoggingConsumer - [46] [CreateOrder](sbeTemplateId=4|sbeSchemaId=2|sbeSchemaVersion=0|sbeBlockLength=33):instrumentId=0|price=98|quantity=100|side=BUY|orderId=46
22:58:18.943 [main] INFO  c.gettingstarted.MyAlgoLogic - [MYALGO] The state of the order book is:
|----BID-----||----ASK----|
   101 @ 100    100 @ 98
   200 @ 110    200 @ 95
  5000 @ 115    300 @ 91
|------------||-----------|

22:58:18.943 [main] INFO  c.gettingstarted.MyAlgoLogic - [MYALGO] Algo Sees Book as: 
|----BID-----||----ASK----|
   101 @ 100    100 @ 98
   200 @ 110    200 @ 95
  5000 @ 115    300 @ 91
|------------||-----------|

22:58:18.943 [main] INFO  c.gettingstarted.MyAlgoLogic - [Sheza5] market monitor size is 0
22:58:18.943 [main] INFO  c.gettingstarted.MyAlgoLogic - [MYALGO] Initial quantity100 price 98
Current market monitor list is 
MYALGO- Current market monitor size is 0
22:58:18.943 [main] INFO  c.gettingstarted.TimedLogic - [TIMEDLOGIC] Market is open
22:58:18.943 [main] INFO  c.gettingstarted.MyAlgoLogic - [MYALGO] Adding order for100@98
total order count is 45
22:58:18.943 [main] INFO  c.gettingstarted.MyAlgoLogic - [Sheza6] market monitor size is 0
22:58:18.943 [main] INFO  c.container.Actioner - [ALGO] Actioner, sending action:CreateChildOrder(side=BUY,quantity=100,price=98)
22:58:18.943 [main] INFO  c.sequencer.consumer.LoggingConsumer - [47] [CreateOrder](sbeTemplateId=4|sbeSchemaId=2|sbeSchemaVersion=0|sbeBlockLength=33):instrumentId=0|price=98|quantity=100|side=BUY|orderId=47
22:58:18.943 [main] INFO  c.gettingstarted.MyAlgoLogic - [MYALGO] The state of the order book is:
|----BID-----||----ASK----|
   101 @ 100    100 @ 98
   200 @ 110    200 @ 95
  5000 @ 115    300 @ 91
|------------||-----------|

22:58:18.943 [main] INFO  c.gettingstarted.MyAlgoLogic - [MYALGO] Algo Sees Book as: 
|----BID-----||----ASK----|
   101 @ 100    100 @ 98
   200 @ 110    200 @ 95
  5000 @ 115    300 @ 91
|------------||-----------|

22:58:18.944 [main] INFO  c.gettingstarted.MyAlgoLogic - [Sheza5] market monitor size is 0
22:58:18.944 [main] INFO  c.gettingstarted.MyAlgoLogic - [MYALGO] Initial quantity100 price 98
Current market monitor list is 
MYALGO- Current market monitor size is 0
22:58:18.944 [main] INFO  c.gettingstarted.TimedLogic - [TIMEDLOGIC] Market is open
22:58:18.944 [main] INFO  c.gettingstarted.MyAlgoLogic - [MYALGO] Adding order for100@98
total order count is 46
22:58:18.944 [main] INFO  c.gettingstarted.MyAlgoLogic - [Sheza6] market monitor size is 0
22:58:18.944 [main] INFO  c.container.Actioner - [ALGO] Actioner, sending action:CreateChildOrder(side=BUY,quantity=100,price=98)
22:58:18.944 [main] INFO  c.sequencer.consumer.LoggingConsumer - [48] [CreateOrder](sbeTemplateId=4|sbeSchemaId=2|sbeSchemaVersion=0|sbeBlockLength=33):instrumentId=0|price=98|quantity=100|side=BUY|orderId=48
22:58:18.944 [main] INFO  c.gettingstarted.MyAlgoLogic - [MYALGO] The state of the order book is:
|----BID-----||----ASK----|
   101 @ 100    100 @ 98
   200 @ 110    200 @ 95
  5000 @ 115    300 @ 91
|------------||-----------|

22:58:18.944 [main] INFO  c.gettingstarted.MyAlgoLogic - [MYALGO] Algo Sees Book as: 
|----BID-----||----ASK----|
   101 @ 100    100 @ 98
   200 @ 110    200 @ 95
  5000 @ 115    300 @ 91
|------------||-----------|

22:58:18.944 [main] INFO  c.gettingstarted.MyAlgoLogic - [Sheza5] market monitor size is 0
22:58:18.944 [main] INFO  c.gettingstarted.MyAlgoLogic - [MYALGO] Initial quantity100 price 98
Current market monitor list is 
MYALGO- Current market monitor size is 0
22:58:18.944 [main] INFO  c.gettingstarted.TimedLogic - [TIMEDLOGIC] Market is open
22:58:18.945 [main] INFO  c.gettingstarted.MyAlgoLogic - [MYALGO] Adding order for100@98
total order count is 47
22:58:18.945 [main] INFO  c.gettingstarted.MyAlgoLogic - [Sheza6] market monitor size is 0
22:58:18.945 [main] INFO  c.container.Actioner - [ALGO] Actioner, sending action:CreateChildOrder(side=BUY,quantity=100,price=98)
22:58:18.945 [main] INFO  c.sequencer.consumer.LoggingConsumer - [49] [CreateOrder](sbeTemplateId=4|sbeSchemaId=2|sbeSchemaVersion=0|sbeBlockLength=33):instrumentId=0|price=98|quantity=100|side=BUY|orderId=49
22:58:18.945 [main] INFO  c.gettingstarted.MyAlgoLogic - [MYALGO] The state of the order book is:
|----BID-----||----ASK----|
   101 @ 100    100 @ 98
   200 @ 110    200 @ 95
  5000 @ 115    300 @ 91
|------------||-----------|

22:58:18.945 [main] INFO  c.gettingstarted.MyAlgoLogic - [MYALGO] Algo Sees Book as: 
|----BID-----||----ASK----|
   101 @ 100    100 @ 98
   200 @ 110    200 @ 95
  5000 @ 115    300 @ 91
|------------||-----------|

22:58:18.945 [main] INFO  c.gettingstarted.MyAlgoLogic - [Sheza5] market monitor size is 0
22:58:18.945 [main] INFO  c.gettingstarted.MyAlgoLogic - [MYALGO] Initial quantity100 price 98
Current market monitor list is 
MYALGO- Current market monitor size is 0
22:58:18.945 [main] INFO  c.gettingstarted.TimedLogic - [TIMEDLOGIC] Market is open
22:58:18.945 [main] INFO  c.gettingstarted.MyAlgoLogic - [MYALGO] Adding order for100@98
total order count is 48
22:58:18.945 [main] INFO  c.gettingstarted.MyAlgoLogic - [Sheza6] market monitor size is 0
22:58:18.945 [main] INFO  c.container.Actioner - [ALGO] Actioner, sending action:CreateChildOrder(side=BUY,quantity=100,price=98)
22:58:18.945 [main] INFO  c.sequencer.consumer.LoggingConsumer - [50] [CreateOrder](sbeTemplateId=4|sbeSchemaId=2|sbeSchemaVersion=0|sbeBlockLength=33):instrumentId=0|price=98|quantity=100|side=BUY|orderId=50
22:58:18.946 [main] INFO  c.gettingstarted.MyAlgoLogic - [MYALGO] The state of the order book is:
|----BID-----||----ASK----|
   101 @ 100    100 @ 98
   200 @ 110    200 @ 95
  5000 @ 115    300 @ 91
|------------||-----------|

22:58:18.947 [main] INFO  c.gettingstarted.MyAlgoLogic - [MYALGO] Algo Sees Book as: 
|----BID-----||----ASK----|
   101 @ 100    100 @ 98
   200 @ 110    200 @ 95
  5000 @ 115    300 @ 91
|------------||-----------|

22:58:18.947 [main] INFO  c.gettingstarted.MyAlgoLogic - [Sheza5] market monitor size is 0
22:58:18.947 [main] INFO  c.gettingstarted.MyAlgoLogic - [MYALGO] Initial quantity100 price 98
Current market monitor list is 
MYALGO- Current market monitor size is 0
22:58:18.953 [main] INFO  c.gettingstarted.TimedLogic - [TIMEDLOGIC] Market is open
22:58:18.955 [main] INFO  c.gettingstarted.MyAlgoLogic - [MYALGO] Adding order for100@98
total order count is 49
22:58:18.955 [main] INFO  c.gettingstarted.MyAlgoLogic - [Sheza6] market monitor size is 0
22:58:18.955 [main] INFO  c.container.Actioner - [ALGO] Actioner, sending action:CreateChildOrder(side=BUY,quantity=100,price=98)
22:58:18.955 [main] INFO  c.sequencer.consumer.LoggingConsumer - [51] [CreateOrder](sbeTemplateId=4|sbeSchemaId=2|sbeSchemaVersion=0|sbeBlockLength=33):instrumentId=0|price=98|quantity=100|side=BUY|orderId=51
22:58:18.955 [main] INFO  c.gettingstarted.MyAlgoLogic - [MYALGO] The state of the order book is:
|----BID-----||----ASK----|
   101 @ 100    100 @ 98
   200 @ 110    200 @ 95
  5000 @ 115    300 @ 91
|------------||-----------|

22:58:18.955 [main] INFO  c.gettingstarted.MyAlgoLogic - [MYALGO] Algo Sees Book as: 
|----BID-----||----ASK----|
   101 @ 100    100 @ 98
   200 @ 110    200 @ 95
  5000 @ 115    300 @ 91
|------------||-----------|

22:58:18.955 [main] INFO  c.gettingstarted.MyAlgoLogic - [Sheza5] market monitor size is 0
22:58:18.955 [main] INFO  c.gettingstarted.MyAlgoLogic - [MYALGO] Initial quantity100 price 98
Current market monitor list is 
MYALGO- Current market monitor size is 0
22:58:18.955 [main] INFO  c.gettingstarted.TimedLogic - [TIMEDLOGIC] Market is open
22:58:18.955 [main] INFO  c.gettingstarted.MyAlgoLogic - [MYALGO] Adding order for100@98
total order count is 50
22:58:18.955 [main] INFO  c.gettingstarted.MyAlgoLogic - [Sheza6] market monitor size is 0
22:58:18.955 [main] INFO  c.container.Actioner - [ALGO] Actioner, sending action:CreateChildOrder(side=BUY,quantity=100,price=98)
22:58:18.955 [main] INFO  c.sequencer.consumer.LoggingConsumer - [52] [CreateOrder](sbeTemplateId=4|sbeSchemaId=2|sbeSchemaVersion=0|sbeBlockLength=33):instrumentId=0|price=98|quantity=100|side=BUY|orderId=52
22:58:18.955 [main] INFO  c.gettingstarted.MyAlgoLogic - [MYALGO] The state of the order book is:
|----BID-----||----ASK----|
   101 @ 100    100 @ 98
   200 @ 110    200 @ 95
  5000 @ 115    300 @ 91
|------------||-----------|

22:58:18.955 [main] INFO  c.gettingstarted.MyAlgoLogic - [MYALGO] Algo Sees Book as: 
|----BID-----||----ASK----|
   101 @ 100    100 @ 98
   200 @ 110    200 @ 95
  5000 @ 115    300 @ 91
|------------||-----------|

22:58:18.955 [main] INFO  c.gettingstarted.MyAlgoLogic - [Sheza5] market monitor size is 0
22:58:18.955 [main] INFO  c.gettingstarted.MyAlgoLogic - [MYALGO] Initial quantity100 price 98
Current market monitor list is 
MYALGO- Current market monitor size is 0
22:58:18.955 [main] INFO  c.gettingstarted.TimedLogic - [TIMEDLOGIC] Market is open
22:58:18.955 [main] INFO  c.gettingstarted.MyAlgoLogic - [MYALGO] Adding order for100@98
total order count is 51
22:58:18.955 [main] INFO  c.gettingstarted.MyAlgoLogic - [Sheza6] market monitor size is 0
22:58:18.955 [main] INFO  c.container.Actioner - [ALGO] Actioner, sending action:CreateChildOrder(side=BUY,quantity=100,price=98)
22:58:18.955 [main] INFO  c.sequencer.consumer.LoggingConsumer - [53] [CreateOrder](sbeTemplateId=4|sbeSchemaId=2|sbeSchemaVersion=0|sbeBlockLength=33):instrumentId=0|price=98|quantity=100|side=BUY|orderId=53
22:58:18.955 [main] INFO  c.gettingstarted.MyAlgoLogic - [MYALGO] The state of the order book is:
|----BID-----||----ASK----|
   101 @ 100    100 @ 98
   200 @ 110    200 @ 95
  5000 @ 115    300 @ 91
|------------||-----------|

22:58:18.955 [main] INFO  c.gettingstarted.MyAlgoLogic - [MYALGO] Algo Sees Book as: 
|----BID-----||----ASK----|
   101 @ 100    100 @ 98
   200 @ 110    200 @ 95
  5000 @ 115    300 @ 91
|------------||-----------|

22:58:18.955 [main] INFO  c.gettingstarted.MyAlgoLogic - [Sheza5] market monitor size is 0
22:58:18.955 [main] INFO  c.gettingstarted.MyAlgoLogic - [MYALGO] Initial quantity100 price 98
Current market monitor list is 
MYALGO- Current market monitor size is 0
22:58:18.955 [main] INFO  c.gettingstarted.TimedLogic - [TIMEDLOGIC] Market is open
22:58:18.955 [main] INFO  c.gettingstarted.MyAlgoLogic - [MYALGO] Adding order for100@98
total order count is 52
22:58:18.955 [main] INFO  c.gettingstarted.MyAlgoLogic - [Sheza6] market monitor size is 0
22:58:18.955 [main] INFO  c.container.Actioner - [ALGO] Actioner, sending action:CreateChildOrder(side=BUY,quantity=100,price=98)
22:58:18.955 [main] INFO  c.sequencer.consumer.LoggingConsumer - [54] [CreateOrder](sbeTemplateId=4|sbeSchemaId=2|sbeSchemaVersion=0|sbeBlockLength=33):instrumentId=0|price=98|quantity=100|side=BUY|orderId=54
22:58:18.955 [main] INFO  c.gettingstarted.MyAlgoLogic - [MYALGO] The state of the order book is:
|----BID-----||----ASK----|
   101 @ 100    100 @ 98
   200 @ 110    200 @ 95
  5000 @ 115    300 @ 91
|------------||-----------|

22:58:18.955 [main] INFO  c.gettingstarted.MyAlgoLogic - [MYALGO] Algo Sees Book as: 
|----BID-----||----ASK----|
   101 @ 100    100 @ 98
   200 @ 110    200 @ 95
  5000 @ 115    300 @ 91
|------------||-----------|

22:58:18.955 [main] INFO  c.gettingstarted.MyAlgoLogic - [Sheza5] market monitor size is 0
22:58:18.955 [main] INFO  c.gettingstarted.MyAlgoLogic - [MYALGO] Initial quantity100 price 98
Current market monitor list is 
MYALGO- Current market monitor size is 0
22:58:18.955 [main] INFO  c.gettingstarted.TimedLogic - [TIMEDLOGIC] Market is open
22:58:18.955 [main] INFO  c.gettingstarted.MyAlgoLogic - [MYALGO] Adding order for100@98
total order count is 53
22:58:18.955 [main] INFO  c.gettingstarted.MyAlgoLogic - [Sheza6] market monitor size is 0
22:58:18.955 [main] INFO  c.container.Actioner - [ALGO] Actioner, sending action:CreateChildOrder(side=BUY,quantity=100,price=98)
22:58:18.955 [main] INFO  c.sequencer.consumer.LoggingConsumer - [55] [CreateOrder](sbeTemplateId=4|sbeSchemaId=2|sbeSchemaVersion=0|sbeBlockLength=33):instrumentId=0|price=98|quantity=100|side=BUY|orderId=55
22:58:18.955 [main] INFO  c.gettingstarted.MyAlgoLogic - [MYALGO] The state of the order book is:
|----BID-----||----ASK----|
   101 @ 100    100 @ 98
   200 @ 110    200 @ 95
  5000 @ 115    300 @ 91
|------------||-----------|

22:58:18.955 [main] INFO  c.gettingstarted.MyAlgoLogic - [MYALGO] Algo Sees Book as: 
|----BID-----||----ASK----|
   101 @ 100    100 @ 98
   200 @ 110    200 @ 95
  5000 @ 115    300 @ 91
|------------||-----------|

22:58:18.955 [main] INFO  c.gettingstarted.MyAlgoLogic - [Sheza5] market monitor size is 0
22:58:18.955 [main] INFO  c.gettingstarted.MyAlgoLogic - [MYALGO] Initial quantity100 price 98
Current market monitor list is 
MYALGO- Current market monitor size is 0
22:58:18.963 [main] INFO  c.gettingstarted.TimedLogic - [TIMEDLOGIC] Market is open
22:58:18.965 [main] INFO  c.gettingstarted.MyAlgoLogic - [MYALGO] Adding order for100@98
total order count is 54
22:58:18.965 [main] INFO  c.gettingstarted.MyAlgoLogic - [Sheza6] market monitor size is 0
22:58:18.965 [main] INFO  c.container.Actioner - [ALGO] Actioner, sending action:CreateChildOrder(side=BUY,quantity=100,price=98)
22:58:18.965 [main] INFO  c.sequencer.consumer.LoggingConsumer - [56] [CreateOrder](sbeTemplateId=4|sbeSchemaId=2|sbeSchemaVersion=0|sbeBlockLength=33):instrumentId=0|price=98|quantity=100|side=BUY|orderId=56
22:58:18.965 [main] INFO  c.gettingstarted.MyAlgoLogic - [MYALGO] The state of the order book is:
|----BID-----||----ASK----|
   101 @ 100    100 @ 98
   200 @ 110    200 @ 95
  5000 @ 115    300 @ 91
|------------||-----------|

22:58:18.965 [main] INFO  c.gettingstarted.MyAlgoLogic - [MYALGO] Algo Sees Book as: 
|----BID-----||----ASK----|
   101 @ 100    100 @ 98
   200 @ 110    200 @ 95
  5000 @ 115    300 @ 91
|------------||-----------|

22:58:18.965 [main] INFO  c.gettingstarted.MyAlgoLogic - [Sheza5] market monitor size is 0
22:58:18.965 [main] INFO  c.gettingstarted.MyAlgoLogic - [MYALGO] Initial quantity100 price 98
Current market monitor list is 
MYALGO- Current market monitor size is 0
22:58:18.965 [main] INFO  c.gettingstarted.TimedLogic - [TIMEDLOGIC] Market is open
22:58:18.965 [main] INFO  c.gettingstarted.MyAlgoLogic - [MYALGO] Adding order for100@98
total order count is 55
22:58:18.965 [main] INFO  c.gettingstarted.MyAlgoLogic - [Sheza6] market monitor size is 0
22:58:18.965 [main] INFO  c.container.Actioner - [ALGO] Actioner, sending action:CreateChildOrder(side=BUY,quantity=100,price=98)
22:58:18.965 [main] INFO  c.sequencer.consumer.LoggingConsumer - [57] [CreateOrder](sbeTemplateId=4|sbeSchemaId=2|sbeSchemaVersion=0|sbeBlockLength=33):instrumentId=0|price=98|quantity=100|side=BUY|orderId=57
22:58:18.965 [main] INFO  c.gettingstarted.MyAlgoLogic - [MYALGO] The state of the order book is:
|----BID-----||----ASK----|
   101 @ 100    100 @ 98
   200 @ 110    200 @ 95
  5000 @ 115    300 @ 91
|------------||-----------|

22:58:18.965 [main] INFO  c.gettingstarted.MyAlgoLogic - [MYALGO] Algo Sees Book as: 
|----BID-----||----ASK----|
   101 @ 100    100 @ 98
   200 @ 110    200 @ 95
  5000 @ 115    300 @ 91
|------------||-----------|

22:58:18.965 [main] INFO  c.gettingstarted.MyAlgoLogic - [Sheza5] market monitor size is 0
22:58:18.965 [main] INFO  c.gettingstarted.MyAlgoLogic - [MYALGO] Initial quantity100 price 98
Current market monitor list is 
MYALGO- Current market monitor size is 0
22:58:18.965 [main] INFO  c.gettingstarted.TimedLogic - [TIMEDLOGIC] Market is open
22:58:18.965 [main] INFO  c.gettingstarted.MyAlgoLogic - [MYALGO] Adding order for100@98
total order count is 56
22:58:18.965 [main] INFO  c.gettingstarted.MyAlgoLogic - [Sheza6] market monitor size is 0
22:58:18.965 [main] INFO  c.container.Actioner - [ALGO] Actioner, sending action:CreateChildOrder(side=BUY,quantity=100,price=98)
22:58:18.965 [main] INFO  c.sequencer.consumer.LoggingConsumer - [58] [CreateOrder](sbeTemplateId=4|sbeSchemaId=2|sbeSchemaVersion=0|sbeBlockLength=33):instrumentId=0|price=98|quantity=100|side=BUY|orderId=58
22:58:18.965 [main] INFO  c.gettingstarted.MyAlgoLogic - [MYALGO] The state of the order book is:
|----BID-----||----ASK----|
   101 @ 100    100 @ 98
   200 @ 110    200 @ 95
  5000 @ 115    300 @ 91
|------------||-----------|

22:58:18.965 [main] INFO  c.gettingstarted.MyAlgoLogic - [MYALGO] Algo Sees Book as: 
|----BID-----||----ASK----|
   101 @ 100    100 @ 98
   200 @ 110    200 @ 95
  5000 @ 115    300 @ 91
|------------||-----------|

22:58:18.973 [main] INFO  c.gettingstarted.MyAlgoLogic - [Sheza5] market monitor size is 0
22:58:18.973 [main] INFO  c.gettingstarted.MyAlgoLogic - [MYALGO] Initial quantity100 price 98
Current market monitor list is 
MYALGO- Current market monitor size is 0
22:58:18.973 [main] INFO  c.gettingstarted.TimedLogic - [TIMEDLOGIC] Market is open
22:58:18.973 [main] INFO  c.gettingstarted.MyAlgoLogic - [MYALGO] Adding order for100@98
total order count is 57
22:58:18.973 [main] INFO  c.gettingstarted.MyAlgoLogic - [Sheza6] market monitor size is 0
22:58:18.973 [main] INFO  c.container.Actioner - [ALGO] Actioner, sending action:CreateChildOrder(side=BUY,quantity=100,price=98)
22:58:18.973 [main] INFO  c.sequencer.consumer.LoggingConsumer - [59] [CreateOrder](sbeTemplateId=4|sbeSchemaId=2|sbeSchemaVersion=0|sbeBlockLength=33):instrumentId=0|price=98|quantity=100|side=BUY|orderId=59
22:58:18.973 [main] INFO  c.gettingstarted.MyAlgoLogic - [MYALGO] The state of the order book is:
|----BID-----||----ASK----|
   101 @ 100    100 @ 98
   200 @ 110    200 @ 95
  5000 @ 115    300 @ 91
|------------||-----------|

22:58:18.973 [main] INFO  c.gettingstarted.MyAlgoLogic - [MYALGO] Algo Sees Book as: 
|----BID-----||----ASK----|
   101 @ 100    100 @ 98
   200 @ 110    200 @ 95
  5000 @ 115    300 @ 91
|------------||-----------|

22:58:18.973 [main] INFO  c.gettingstarted.MyAlgoLogic - [Sheza5] market monitor size is 0
22:58:18.973 [main] INFO  c.gettingstarted.MyAlgoLogic - [MYALGO] Initial quantity100 price 98
Current market monitor list is 
MYALGO- Current market monitor size is 0
22:58:18.973 [main] INFO  c.gettingstarted.TimedLogic - [TIMEDLOGIC] Market is open
22:58:18.973 [main] INFO  c.gettingstarted.MyAlgoLogic - [MYALGO] Adding order for100@98
total order count is 58
22:58:18.973 [main] INFO  c.gettingstarted.MyAlgoLogic - [Sheza6] market monitor size is 0
22:58:18.973 [main] INFO  c.container.Actioner - [ALGO] Actioner, sending action:CreateChildOrder(side=BUY,quantity=100,price=98)
22:58:18.973 [main] INFO  c.sequencer.consumer.LoggingConsumer - [60] [CreateOrder](sbeTemplateId=4|sbeSchemaId=2|sbeSchemaVersion=0|sbeBlockLength=33):instrumentId=0|price=98|quantity=100|side=BUY|orderId=60
22:58:18.973 [main] INFO  c.gettingstarted.MyAlgoLogic - [MYALGO] The state of the order book is:
|----BID-----||----ASK----|
   101 @ 100    100 @ 98
   200 @ 110    200 @ 95
  5000 @ 115    300 @ 91
|------------||-----------|

22:58:18.975 [main] INFO  c.gettingstarted.MyAlgoLogic - [MYALGO] Algo Sees Book as: 
|----BID-----||----ASK----|
   101 @ 100    100 @ 98
   200 @ 110    200 @ 95
  5000 @ 115    300 @ 91
|------------||-----------|

22:58:18.975 [main] INFO  c.gettingstarted.MyAlgoLogic - [Sheza5] market monitor size is 0
22:58:18.975 [main] INFO  c.gettingstarted.MyAlgoLogic - [MYALGO] Initial quantity100 price 98
Current market monitor list is 
MYALGO- Current market monitor size is 0
22:58:18.975 [main] INFO  c.gettingstarted.TimedLogic - [TIMEDLOGIC] Market is open
22:58:18.975 [main] INFO  c.gettingstarted.MyAlgoLogic - [MYALGO] Adding order for100@98
total order count is 59
22:58:18.975 [main] INFO  c.gettingstarted.MyAlgoLogic - [Sheza6] market monitor size is 0
22:58:18.975 [main] INFO  c.container.Actioner - [ALGO] Actioner, sending action:CreateChildOrder(side=BUY,quantity=100,price=98)
22:58:18.975 [main] INFO  c.sequencer.consumer.LoggingConsumer - [61] [CreateOrder](sbeTemplateId=4|sbeSchemaId=2|sbeSchemaVersion=0|sbeBlockLength=33):instrumentId=0|price=98|quantity=100|side=BUY|orderId=61
22:58:18.975 [main] INFO  c.gettingstarted.MyAlgoLogic - [MYALGO] The state of the order book is:
|----BID-----||----ASK----|
   101 @ 100    100 @ 98
   200 @ 110    200 @ 95
  5000 @ 115    300 @ 91
|------------||-----------|

22:58:18.975 [main] INFO  c.gettingstarted.MyAlgoLogic - [MYALGO] Algo Sees Book as: 
|----BID-----||----ASK----|
   101 @ 100    100 @ 98
   200 @ 110    200 @ 95
  5000 @ 115    300 @ 91
|------------||-----------|

22:58:18.975 [main] INFO  c.gettingstarted.MyAlgoLogic - [Sheza5] market monitor size is 0
22:58:18.975 [main] INFO  c.gettingstarted.MyAlgoLogic - [MYALGO] Initial quantity100 price 98
Current market monitor list is 
MYALGO- Current market monitor size is 0
22:58:18.975 [main] INFO  c.gettingstarted.TimedLogic - [TIMEDLOGIC] Market is open
22:58:18.975 [main] INFO  c.gettingstarted.MyAlgoLogic - [MYALGO] Adding order for100@98
total order count is 60
22:58:18.975 [main] INFO  c.gettingstarted.MyAlgoLogic - [Sheza6] market monitor size is 0
22:58:18.975 [main] INFO  c.container.Actioner - [ALGO] Actioner, sending action:CreateChildOrder(side=BUY,quantity=100,price=98)
22:58:18.983 [main] INFO  c.sequencer.consumer.LoggingConsumer - [62] [CreateOrder](sbeTemplateId=4|sbeSchemaId=2|sbeSchemaVersion=0|sbeBlockLength=33):instrumentId=0|price=98|quantity=100|side=BUY|orderId=62
22:58:18.983 [main] INFO  c.gettingstarted.MyAlgoLogic - [MYALGO] The state of the order book is:
|----BID-----||----ASK----|
   101 @ 100    100 @ 98
   200 @ 110    200 @ 95
  5000 @ 115    300 @ 91
|------------||-----------|

22:58:18.983 [main] INFO  c.gettingstarted.MyAlgoLogic - [MYALGO] Algo Sees Book as: 
|----BID-----||----ASK----|
   101 @ 100    100 @ 98
   200 @ 110    200 @ 95
  5000 @ 115    300 @ 91
|------------||-----------|

22:58:18.983 [main] INFO  c.gettingstarted.MyAlgoLogic - [Sheza5] market monitor size is 0
22:58:18.983 [main] INFO  c.gettingstarted.MyAlgoLogic - [MYALGO] Initial quantity100 price 98
Current market monitor list is 
MYALGO- Current market monitor size is 0
22:58:18.983 [main] INFO  c.gettingstarted.TimedLogic - [TIMEDLOGIC] Market is open
22:58:18.990 [main] INFO  c.gettingstarted.MyAlgoLogic - [MYALGO] Adding order for100@98
total order count is 61
22:58:18.990 [main] INFO  c.gettingstarted.MyAlgoLogic - [Sheza6] market monitor size is 0
22:58:18.990 [main] INFO  c.container.Actioner - [ALGO] Actioner, sending action:CreateChildOrder(side=BUY,quantity=100,price=98)
22:58:18.990 [main] INFO  c.sequencer.consumer.LoggingConsumer - [63] [CreateOrder](sbeTemplateId=4|sbeSchemaId=2|sbeSchemaVersion=0|sbeBlockLength=33):instrumentId=0|price=98|quantity=100|side=BUY|orderId=63
22:58:18.990 [main] INFO  c.gettingstarted.MyAlgoLogic - [MYALGO] The state of the order book is:
|----BID-----||----ASK----|
   101 @ 100    100 @ 98
   200 @ 110    200 @ 95
  5000 @ 115    300 @ 91
|------------||-----------|

22:58:18.990 [main] INFO  c.gettingstarted.MyAlgoLogic - [MYALGO] Algo Sees Book as: 
|----BID-----||----ASK----|
   101 @ 100    100 @ 98
   200 @ 110    200 @ 95
  5000 @ 115    300 @ 91
|------------||-----------|

22:58:18.990 [main] INFO  c.gettingstarted.MyAlgoLogic - [Sheza5] market monitor size is 0
22:58:18.990 [main] INFO  c.gettingstarted.MyAlgoLogic - [MYALGO] Initial quantity100 price 98
Current market monitor list is 
MYALGO- Current market monitor size is 0
22:58:18.990 [main] INFO  c.gettingstarted.TimedLogic - [TIMEDLOGIC] Market is open
22:58:18.991 [main] INFO  c.gettingstarted.MyAlgoLogic - [MYALGO] Adding order for100@98
total order count is 62
22:58:18.991 [main] INFO  c.gettingstarted.MyAlgoLogic - [Sheza6] market monitor size is 0
22:58:18.991 [main] INFO  c.container.Actioner - [ALGO] Actioner, sending action:CreateChildOrder(side=BUY,quantity=100,price=98)
22:58:18.991 [main] INFO  c.sequencer.consumer.LoggingConsumer - [64] [CreateOrder](sbeTemplateId=4|sbeSchemaId=2|sbeSchemaVersion=0|sbeBlockLength=33):instrumentId=0|price=98|quantity=100|side=BUY|orderId=64
22:58:18.991 [main] INFO  c.gettingstarted.MyAlgoLogic - [MYALGO] The state of the order book is:
|----BID-----||----ASK----|
   101 @ 100    100 @ 98
   200 @ 110    200 @ 95
  5000 @ 115    300 @ 91
|------------||-----------|

22:58:18.991 [main] INFO  c.gettingstarted.MyAlgoLogic - [MYALGO] Algo Sees Book as: 
|----BID-----||----ASK----|
   101 @ 100    100 @ 98
   200 @ 110    200 @ 95
  5000 @ 115    300 @ 91
|------------||-----------|

22:58:18.991 [main] INFO  c.gettingstarted.MyAlgoLogic - [Sheza5] market monitor size is 0
22:58:18.991 [main] INFO  c.gettingstarted.MyAlgoLogic - [MYALGO] Initial quantity100 price 98
Current market monitor list is 
MYALGO- Current market monitor size is 0
22:58:18.991 [main] INFO  c.gettingstarted.TimedLogic - [TIMEDLOGIC] Market is open
22:58:18.991 [main] INFO  c.gettingstarted.MyAlgoLogic - [MYALGO] Adding order for100@98
total order count is 63
22:58:18.991 [main] INFO  c.gettingstarted.MyAlgoLogic - [Sheza6] market monitor size is 0
22:58:18.991 [main] INFO  c.container.Actioner - [ALGO] Actioner, sending action:CreateChildOrder(side=BUY,quantity=100,price=98)
22:58:18.991 [main] INFO  c.sequencer.consumer.LoggingConsumer - [65] [CreateOrder](sbeTemplateId=4|sbeSchemaId=2|sbeSchemaVersion=0|sbeBlockLength=33):instrumentId=0|price=98|quantity=100|side=BUY|orderId=65
22:58:18.991 [main] INFO  c.gettingstarted.MyAlgoLogic - [MYALGO] The state of the order book is:
|----BID-----||----ASK----|
   101 @ 100    100 @ 98
   200 @ 110    200 @ 95
  5000 @ 115    300 @ 91
|------------||-----------|

22:58:18.991 [main] INFO  c.gettingstarted.MyAlgoLogic - [MYALGO] Algo Sees Book as: 
|----BID-----||----ASK----|
   101 @ 100    100 @ 98
   200 @ 110    200 @ 95
  5000 @ 115    300 @ 91
|------------||-----------|

22:58:18.991 [main] INFO  c.gettingstarted.MyAlgoLogic - [Sheza5] market monitor size is 0
22:58:18.991 [main] INFO  c.gettingstarted.MyAlgoLogic - [MYALGO] Initial quantity100 price 98
Current market monitor list is 
MYALGO- Current market monitor size is 0
22:58:18.991 [main] INFO  c.gettingstarted.TimedLogic - [TIMEDLOGIC] Market is open
22:58:18.991 [main] INFO  c.gettingstarted.MyAlgoLogic - [MYALGO] Adding order for100@98
total order count is 64
22:58:18.991 [main] INFO  c.gettingstarted.MyAlgoLogic - [Sheza6] market monitor size is 0
22:58:18.991 [main] INFO  c.container.Actioner - [ALGO] Actioner, sending action:CreateChildOrder(side=BUY,quantity=100,price=98)
22:58:18.991 [main] INFO  c.sequencer.consumer.LoggingConsumer - [66] [CreateOrder](sbeTemplateId=4|sbeSchemaId=2|sbeSchemaVersion=0|sbeBlockLength=33):instrumentId=0|price=98|quantity=100|side=BUY|orderId=66
22:58:18.991 [main] INFO  c.gettingstarted.MyAlgoLogic - [MYALGO] The state of the order book is:
|----BID-----||----ASK----|
   101 @ 100    100 @ 98
   200 @ 110    200 @ 95
  5000 @ 115    300 @ 91
|------------||-----------|

22:58:18.991 [main] INFO  c.gettingstarted.MyAlgoLogic - [MYALGO] Algo Sees Book as: 
|----BID-----||----ASK----|
   101 @ 100    100 @ 98
   200 @ 110    200 @ 95
  5000 @ 115    300 @ 91
|------------||-----------|

22:58:18.991 [main] INFO  c.gettingstarted.MyAlgoLogic - [Sheza5] market monitor size is 0
22:58:18.991 [main] INFO  c.gettingstarted.MyAlgoLogic - [MYALGO] Initial quantity100 price 98
Current market monitor list is 
MYALGO- Current market monitor size is 0
22:58:18.991 [main] INFO  c.gettingstarted.TimedLogic - [TIMEDLOGIC] Market is open
22:58:18.993 [main] INFO  c.gettingstarted.MyAlgoLogic - [MYALGO] Adding order for100@98
total order count is 65
22:58:18.993 [main] INFO  c.gettingstarted.MyAlgoLogic - [Sheza6] market monitor size is 0
22:58:18.993 [main] INFO  c.container.Actioner - [ALGO] Actioner, sending action:CreateChildOrder(side=BUY,quantity=100,price=98)
22:58:18.993 [main] INFO  c.sequencer.consumer.LoggingConsumer - [67] [CreateOrder](sbeTemplateId=4|sbeSchemaId=2|sbeSchemaVersion=0|sbeBlockLength=33):instrumentId=0|price=98|quantity=100|side=BUY|orderId=67
22:58:18.993 [main] INFO  c.gettingstarted.MyAlgoLogic - [MYALGO] The state of the order book is:
|----BID-----||----ASK----|
   101 @ 100    100 @ 98
   200 @ 110    200 @ 95
  5000 @ 115    300 @ 91
|------------||-----------|

22:58:18.993 [main] INFO  c.gettingstarted.MyAlgoLogic - [MYALGO] Algo Sees Book as: 
|----BID-----||----ASK----|
   101 @ 100    100 @ 98
   200 @ 110    200 @ 95
  5000 @ 115    300 @ 91
|------------||-----------|

22:58:18.993 [main] INFO  c.gettingstarted.MyAlgoLogic - [Sheza5] market monitor size is 0
22:58:18.993 [main] INFO  c.gettingstarted.MyAlgoLogic - [MYALGO] Initial quantity100 price 98
Current market monitor list is 
MYALGO- Current market monitor size is 0
22:58:18.993 [main] INFO  c.gettingstarted.TimedLogic - [TIMEDLOGIC] Market is open
22:58:18.993 [main] INFO  c.gettingstarted.MyAlgoLogic - [MYALGO] Adding order for100@98
total order count is 66
22:58:18.993 [main] INFO  c.gettingstarted.MyAlgoLogic - [Sheza6] market monitor size is 0
22:58:18.993 [main] INFO  c.container.Actioner - [ALGO] Actioner, sending action:CreateChildOrder(side=BUY,quantity=100,price=98)
22:58:18.995 [main] INFO  c.sequencer.consumer.LoggingConsumer - [68] [CreateOrder](sbeTemplateId=4|sbeSchemaId=2|sbeSchemaVersion=0|sbeBlockLength=33):instrumentId=0|price=98|quantity=100|side=BUY|orderId=68
22:58:18.995 [main] INFO  c.gettingstarted.MyAlgoLogic - [MYALGO] The state of the order book is:
|----BID-----||----ASK----|
   101 @ 100    100 @ 98
   200 @ 110    200 @ 95
  5000 @ 115    300 @ 91
|------------||-----------|

22:58:18.995 [main] INFO  c.gettingstarted.MyAlgoLogic - [MYALGO] Algo Sees Book as: 
|----BID-----||----ASK----|
   101 @ 100    100 @ 98
   200 @ 110    200 @ 95
  5000 @ 115    300 @ 91
|------------||-----------|

22:58:18.995 [main] INFO  c.gettingstarted.MyAlgoLogic - [Sheza5] market monitor size is 0
22:58:18.995 [main] INFO  c.gettingstarted.MyAlgoLogic - [MYALGO] Initial quantity100 price 98
Current market monitor list is 
MYALGO- Current market monitor size is 0
22:58:18.995 [main] INFO  c.gettingstarted.TimedLogic - [TIMEDLOGIC] Market is open
22:58:18.996 [main] INFO  c.gettingstarted.MyAlgoLogic - [MYALGO] Adding order for100@98
total order count is 67
22:58:18.996 [main] INFO  c.gettingstarted.MyAlgoLogic - [Sheza6] market monitor size is 0
22:58:18.996 [main] INFO  c.container.Actioner - [ALGO] Actioner, sending action:CreateChildOrder(side=BUY,quantity=100,price=98)
22:58:18.996 [main] INFO  c.sequencer.consumer.LoggingConsumer - [69] [CreateOrder](sbeTemplateId=4|sbeSchemaId=2|sbeSchemaVersion=0|sbeBlockLength=33):instrumentId=0|price=98|quantity=100|side=BUY|orderId=69
22:58:18.996 [main] INFO  c.gettingstarted.MyAlgoLogic - [MYALGO] The state of the order book is:
|----BID-----||----ASK----|
   101 @ 100    100 @ 98
   200 @ 110    200 @ 95
  5000 @ 115    300 @ 91
|------------||-----------|

22:58:18.996 [main] INFO  c.gettingstarted.MyAlgoLogic - [MYALGO] Algo Sees Book as: 
|----BID-----||----ASK----|
   101 @ 100    100 @ 98
   200 @ 110    200 @ 95
  5000 @ 115    300 @ 91
|------------||-----------|

22:58:18.996 [main] INFO  c.gettingstarted.MyAlgoLogic - [Sheza5] market monitor size is 0
22:58:18.996 [main] INFO  c.gettingstarted.MyAlgoLogic - [MYALGO] Initial quantity100 price 98
Current market monitor list is 
MYALGO- Current market monitor size is 0
22:58:18.996 [main] INFO  c.gettingstarted.TimedLogic - [TIMEDLOGIC] Market is open
22:58:18.996 [main] INFO  c.gettingstarted.MyAlgoLogic - [MYALGO] Adding order for100@98
total order count is 68
22:58:18.996 [main] INFO  c.gettingstarted.MyAlgoLogic - [Sheza6] market monitor size is 0
22:58:18.996 [main] INFO  c.container.Actioner - [ALGO] Actioner, sending action:CreateChildOrder(side=BUY,quantity=100,price=98)
22:58:18.996 [main] INFO  c.sequencer.consumer.LoggingConsumer - [70] [CreateOrder](sbeTemplateId=4|sbeSchemaId=2|sbeSchemaVersion=0|sbeBlockLength=33):instrumentId=0|price=98|quantity=100|side=BUY|orderId=70
22:58:18.996 [main] INFO  c.gettingstarted.MyAlgoLogic - [MYALGO] The state of the order book is:
|----BID-----||----ASK----|
   101 @ 100    100 @ 98
   200 @ 110    200 @ 95
  5000 @ 115    300 @ 91
|------------||-----------|

22:58:18.996 [main] INFO  c.gettingstarted.MyAlgoLogic - [MYALGO] Algo Sees Book as: 
|----BID-----||----ASK----|
   101 @ 100    100 @ 98
   200 @ 110    200 @ 95
  5000 @ 115    300 @ 91
|------------||-----------|

22:58:18.996 [main] INFO  c.gettingstarted.MyAlgoLogic - [Sheza5] market monitor size is 0
22:58:18.996 [main] INFO  c.gettingstarted.MyAlgoLogic - [MYALGO] Initial quantity100 price 98
Current market monitor list is 
MYALGO- Current market monitor size is 0
22:58:18.996 [main] INFO  c.gettingstarted.TimedLogic - [TIMEDLOGIC] Market is open
22:58:18.996 [main] INFO  c.gettingstarted.MyAlgoLogic - [MYALGO] Adding order for100@98
total order count is 69
22:58:18.996 [main] INFO  c.gettingstarted.MyAlgoLogic - [Sheza6] market monitor size is 0
22:58:18.996 [main] INFO  c.container.Actioner - [ALGO] Actioner, sending action:CreateChildOrder(side=BUY,quantity=100,price=98)
22:58:18.996 [main] INFO  c.sequencer.consumer.LoggingConsumer - [71] [CreateOrder](sbeTemplateId=4|sbeSchemaId=2|sbeSchemaVersion=0|sbeBlockLength=33):instrumentId=0|price=98|quantity=100|side=BUY|orderId=71
22:58:18.996 [main] INFO  c.gettingstarted.MyAlgoLogic - [MYALGO] The state of the order book is:
|----BID-----||----ASK----|
   101 @ 100    100 @ 98
   200 @ 110    200 @ 95
  5000 @ 115    300 @ 91
|------------||-----------|

22:58:18.996 [main] INFO  c.gettingstarted.MyAlgoLogic - [MYALGO] Algo Sees Book as: 
|----BID-----||----ASK----|
   101 @ 100    100 @ 98
   200 @ 110    200 @ 95
  5000 @ 115    300 @ 91
|------------||-----------|

22:58:18.996 [main] INFO  c.gettingstarted.MyAlgoLogic - [Sheza5] market monitor size is 0
22:58:18.996 [main] INFO  c.gettingstarted.MyAlgoLogic - [MYALGO] Initial quantity100 price 98
Current market monitor list is 
MYALGO- Current market monitor size is 0
22:58:18.996 [main] INFO  c.gettingstarted.TimedLogic - [TIMEDLOGIC] Market is open
22:58:18.996 [main] INFO  c.gettingstarted.MyAlgoLogic - [MYALGO] Adding order for100@98
total order count is 70
22:58:18.996 [main] INFO  c.gettingstarted.MyAlgoLogic - [Sheza6] market monitor size is 0
22:58:18.996 [main] INFO  c.container.Actioner - [ALGO] Actioner, sending action:CreateChildOrder(side=BUY,quantity=100,price=98)
22:58:18.996 [main] INFO  c.sequencer.consumer.LoggingConsumer - [72] [CreateOrder](sbeTemplateId=4|sbeSchemaId=2|sbeSchemaVersion=0|sbeBlockLength=33):instrumentId=0|price=98|quantity=100|side=BUY|orderId=72
22:58:18.996 [main] INFO  c.gettingstarted.MyAlgoLogic - [MYALGO] The state of the order book is:
|----BID-----||----ASK----|
   101 @ 100    100 @ 98
   200 @ 110    200 @ 95
  5000 @ 115    300 @ 91
|------------||-----------|

22:58:18.996 [main] INFO  c.gettingstarted.MyAlgoLogic - [MYALGO] Algo Sees Book as: 
|----BID-----||----ASK----|
   101 @ 100    100 @ 98
   200 @ 110    200 @ 95
  5000 @ 115    300 @ 91
|------------||-----------|

22:58:18.996 [main] INFO  c.gettingstarted.MyAlgoLogic - [Sheza5] market monitor size is 0
22:58:18.996 [main] INFO  c.gettingstarted.MyAlgoLogic - [MYALGO] Initial quantity100 price 98
Current market monitor list is 
MYALGO- Current market monitor size is 0
22:58:18.996 [main] INFO  c.gettingstarted.TimedLogic - [TIMEDLOGIC] Market is open
22:58:18.996 [main] INFO  c.gettingstarted.MyAlgoLogic - [MYALGO] Adding order for100@98
total order count is 71
22:58:18.996 [main] INFO  c.gettingstarted.MyAlgoLogic - [Sheza6] market monitor size is 0
22:58:18.996 [main] INFO  c.container.Actioner - [ALGO] Actioner, sending action:CreateChildOrder(side=BUY,quantity=100,price=98)
22:58:18.996 [main] INFO  c.sequencer.consumer.LoggingConsumer - [73] [CreateOrder](sbeTemplateId=4|sbeSchemaId=2|sbeSchemaVersion=0|sbeBlockLength=33):instrumentId=0|price=98|quantity=100|side=BUY|orderId=73
22:58:18.996 [main] INFO  c.gettingstarted.MyAlgoLogic - [MYALGO] The state of the order book is:
|----BID-----||----ASK----|
   101 @ 100    100 @ 98
   200 @ 110    200 @ 95
  5000 @ 115    300 @ 91
|------------||-----------|

22:58:18.996 [main] INFO  c.gettingstarted.MyAlgoLogic - [MYALGO] Algo Sees Book as: 
|----BID-----||----ASK----|
   101 @ 100    100 @ 98
   200 @ 110    200 @ 95
  5000 @ 115    300 @ 91
|------------||-----------|

22:58:18.996 [main] INFO  c.gettingstarted.MyAlgoLogic - [Sheza5] market monitor size is 0
22:58:18.996 [main] INFO  c.gettingstarted.MyAlgoLogic - [MYALGO] Initial quantity100 price 98
Current market monitor list is 
MYALGO- Current market monitor size is 0
22:58:18.996 [main] INFO  c.gettingstarted.TimedLogic - [TIMEDLOGIC] Market is open
22:58:18.996 [main] INFO  c.gettingstarted.MyAlgoLogic - [MYALGO] Adding order for100@98
total order count is 72
22:58:18.996 [main] INFO  c.gettingstarted.MyAlgoLogic - [Sheza6] market monitor size is 0
22:58:18.996 [main] INFO  c.container.Actioner - [ALGO] Actioner, sending action:CreateChildOrder(side=BUY,quantity=100,price=98)
22:58:18.996 [main] INFO  c.sequencer.consumer.LoggingConsumer - [74] [CreateOrder](sbeTemplateId=4|sbeSchemaId=2|sbeSchemaVersion=0|sbeBlockLength=33):instrumentId=0|price=98|quantity=100|side=BUY|orderId=74
22:58:18.996 [main] INFO  c.gettingstarted.MyAlgoLogic - [MYALGO] The state of the order book is:
|----BID-----||----ASK----|
   101 @ 100    100 @ 98
   200 @ 110    200 @ 95
  5000 @ 115    300 @ 91
|------------||-----------|

22:58:18.996 [main] INFO  c.gettingstarted.MyAlgoLogic - [MYALGO] Algo Sees Book as: 
|----BID-----||----ASK----|
   101 @ 100    100 @ 98
   200 @ 110    200 @ 95
  5000 @ 115    300 @ 91
|------------||-----------|

22:58:18.996 [main] INFO  c.gettingstarted.MyAlgoLogic - [Sheza5] market monitor size is 0
22:58:18.996 [main] INFO  c.gettingstarted.MyAlgoLogic - [MYALGO] Initial quantity100 price 98
Current market monitor list is 
MYALGO- Current market monitor size is 0
22:58:18.996 [main] INFO  c.gettingstarted.TimedLogic - [TIMEDLOGIC] Market is open
22:58:18.996 [main] INFO  c.gettingstarted.MyAlgoLogic - [MYALGO] Adding order for100@98
total order count is 73
22:58:18.996 [main] INFO  c.gettingstarted.MyAlgoLogic - [Sheza6] market monitor size is 0
22:58:18.996 [main] INFO  c.container.Actioner - [ALGO] Actioner, sending action:CreateChildOrder(side=BUY,quantity=100,price=98)
22:58:18.996 [main] INFO  c.sequencer.consumer.LoggingConsumer - [75] [CreateOrder](sbeTemplateId=4|sbeSchemaId=2|sbeSchemaVersion=0|sbeBlockLength=33):instrumentId=0|price=98|quantity=100|side=BUY|orderId=75
22:58:18.996 [main] INFO  c.gettingstarted.MyAlgoLogic - [MYALGO] The state of the order book is:
|----BID-----||----ASK----|
   101 @ 100    100 @ 98
   200 @ 110    200 @ 95
  5000 @ 115    300 @ 91
|------------||-----------|

22:58:18.996 [main] INFO  c.gettingstarted.MyAlgoLogic - [MYALGO] Algo Sees Book as: 
|----BID-----||----ASK----|
   101 @ 100    100 @ 98
   200 @ 110    200 @ 95
  5000 @ 115    300 @ 91
|------------||-----------|

22:58:18.996 [main] INFO  c.gettingstarted.MyAlgoLogic - [Sheza5] market monitor size is 0
22:58:18.996 [main] INFO  c.gettingstarted.MyAlgoLogic - [MYALGO] Initial quantity100 price 98
Current market monitor list is 
MYALGO- Current market monitor size is 0
22:58:18.996 [main] INFO  c.gettingstarted.TimedLogic - [TIMEDLOGIC] Market is open
22:58:18.996 [main] INFO  c.gettingstarted.MyAlgoLogic - [MYALGO] Adding order for100@98
total order count is 74
22:58:18.996 [main] INFO  c.gettingstarted.MyAlgoLogic - [Sheza6] market monitor size is 0
22:58:18.996 [main] INFO  c.container.Actioner - [ALGO] Actioner, sending action:CreateChildOrder(side=BUY,quantity=100,price=98)
22:58:18.996 [main] INFO  c.sequencer.consumer.LoggingConsumer - [76] [CreateOrder](sbeTemplateId=4|sbeSchemaId=2|sbeSchemaVersion=0|sbeBlockLength=33):instrumentId=0|price=98|quantity=100|side=BUY|orderId=76
22:58:18.996 [main] INFO  c.gettingstarted.MyAlgoLogic - [MYALGO] The state of the order book is:
|----BID-----||----ASK----|
   101 @ 100    100 @ 98
   200 @ 110    200 @ 95
  5000 @ 115    300 @ 91
|------------||-----------|

22:58:18.996 [main] INFO  c.gettingstarted.MyAlgoLogic - [MYALGO] Algo Sees Book as: 
|----BID-----||----ASK----|
   101 @ 100    100 @ 98
   200 @ 110    200 @ 95
  5000 @ 115    300 @ 91
|------------||-----------|

22:58:19.004 [main] INFO  c.gettingstarted.MyAlgoLogic - [Sheza5] market monitor size is 0
22:58:19.004 [main] INFO  c.gettingstarted.MyAlgoLogic - [MYALGO] Initial quantity100 price 98
Current market monitor list is 
MYALGO- Current market monitor size is 0
22:58:19.004 [main] INFO  c.gettingstarted.TimedLogic - [TIMEDLOGIC] Market is open
22:58:19.004 [main] INFO  c.gettingstarted.MyAlgoLogic - [MYALGO] Have:75 children, want 5, done.
22:58:19.004 [main] INFO  c.gettingstarted.MyAlgoLogic - [MYALGO] active orders are 75
22:58:19.004 [main] INFO  c.gettingstarted.MyAlgoLogic - [MYALGO] Cancelling order:codingblackfemales.sotw.ChildOrder@2a266d09
22:58:19.004 [main] INFO  c.gettingstarted.MyAlgoLogic - [MYALGO] option is present, number of active orders are 75
22:58:19.007 [main] INFO  c.container.Actioner - [ALGO] Actioner, sending action:CancelChildOrder(codingblackfemales.sotw.ChildOrder@2a266d09)
22:58:19.007 [main] INFO  c.sequencer.consumer.LoggingConsumer - [77] [CancelOrder](sbeTemplateId=5|sbeSchemaId=2|sbeSchemaVersion=0|sbeBlockLength=8):orderId=2
22:58:19.007 [main] INFO  c.gettingstarted.MyAlgoLogic - [MYALGO] The state of the order book is:
|----BID-----||----ASK----|
   101 @ 100    100 @ 98
   200 @ 110    200 @ 95
  5000 @ 115    300 @ 91
|------------||-----------|

22:58:19.007 [main] INFO  c.gettingstarted.MyAlgoLogic - [MYALGO] Algo Sees Book as: 
|----BID-----||----ASK----|
   101 @ 100    100 @ 98
   200 @ 110    200 @ 95
  5000 @ 115    300 @ 91
|------------||-----------|

22:58:19.007 [main] INFO  c.gettingstarted.MyAlgoLogic - [Sheza5] market monitor size is 0
22:58:19.007 [main] INFO  c.gettingstarted.MyAlgoLogic - [MYALGO] Initial quantity100 price 98
Current market monitor list is 
MYALGO- Current market monitor size is 0
22:58:19.007 [main] INFO  c.gettingstarted.TimedLogic - [TIMEDLOGIC] Market is open
22:58:19.007 [main] INFO  c.gettingstarted.MyAlgoLogic - [MYALGO] Have:74 children, want 5, done.
22:58:19.007 [main] INFO  c.gettingstarted.MyAlgoLogic - [MYALGO] active orders are 74
22:58:19.007 [main] INFO  c.gettingstarted.MyAlgoLogic - [MYALGO] Cancelling order:codingblackfemales.sotw.ChildOrder@574b560f
22:58:19.007 [main] INFO  c.gettingstarted.MyAlgoLogic - [MYALGO] option is present, number of active orders are 74
22:58:19.007 [main] INFO  c.container.Actioner - [ALGO] Actioner, sending action:CancelChildOrder(codingblackfemales.sotw.ChildOrder@574b560f)
22:58:19.007 [main] INFO  c.sequencer.consumer.LoggingConsumer - [78] [CancelOrder](sbeTemplateId=5|sbeSchemaId=2|sbeSchemaVersion=0|sbeBlockLength=8):orderId=3
22:58:19.007 [main] INFO  c.gettingstarted.MyAlgoLogic - [MYALGO] The state of the order book is:
|----BID-----||----ASK----|
   101 @ 100    100 @ 98
   200 @ 110    200 @ 95
  5000 @ 115    300 @ 91
|------------||-----------|

22:58:19.007 [main] INFO  c.gettingstarted.MyAlgoLogic - [MYALGO] Algo Sees Book as: 
|----BID-----||----ASK----|
   101 @ 100    100 @ 98
   200 @ 110    200 @ 95
  5000 @ 115    300 @ 91
|------------||-----------|

22:58:19.007 [main] INFO  c.gettingstarted.MyAlgoLogic - [Sheza5] market monitor size is 0
22:58:19.007 [main] INFO  c.gettingstarted.MyAlgoLogic - [MYALGO] Initial quantity100 price 98
Current market monitor list is 
MYALGO- Current market monitor size is 0
22:58:19.007 [main] INFO  c.gettingstarted.TimedLogic - [TIMEDLOGIC] Market is open
22:58:19.016 [main] INFO  c.gettingstarted.MyAlgoLogic - [MYALGO] Have:73 children, want 5, done.
22:58:19.016 [main] INFO  c.gettingstarted.MyAlgoLogic - [MYALGO] active orders are 73
22:58:19.016 [main] INFO  c.gettingstarted.MyAlgoLogic - [MYALGO] Cancelling order:codingblackfemales.sotw.ChildOrder@ba54932
22:58:19.016 [main] INFO  c.gettingstarted.MyAlgoLogic - [MYALGO] option is present, number of active orders are 73
22:58:19.016 [main] INFO  c.container.Actioner - [ALGO] Actioner, sending action:CancelChildOrder(codingblackfemales.sotw.ChildOrder@ba54932)
22:58:19.016 [main] INFO  c.sequencer.consumer.LoggingConsumer - [79] [CancelOrder](sbeTemplateId=5|sbeSchemaId=2|sbeSchemaVersion=0|sbeBlockLength=8):orderId=4
22:58:19.016 [main] INFO  c.gettingstarted.MyAlgoLogic - [MYALGO] The state of the order book is:
|----BID-----||----ASK----|
   101 @ 100    100 @ 98
   200 @ 110    200 @ 95
  5000 @ 115    300 @ 91
|------------||-----------|

22:58:19.016 [main] INFO  c.gettingstarted.MyAlgoLogic - [MYALGO] Algo Sees Book as: 
|----BID-----||----ASK----|
   101 @ 100    100 @ 98
   200 @ 110    200 @ 95
  5000 @ 115    300 @ 91
|------------||-----------|

22:58:19.016 [main] INFO  c.gettingstarted.MyAlgoLogic - [Sheza5] market monitor size is 0
22:58:19.016 [main] INFO  c.gettingstarted.MyAlgoLogic - [MYALGO] Initial quantity100 price 98
Current market monitor list is 
MYALGO- Current market monitor size is 0
22:58:19.016 [main] INFO  c.gettingstarted.TimedLogic - [TIMEDLOGIC] Market is open
22:58:19.016 [main] INFO  c.gettingstarted.MyAlgoLogic - [MYALGO] Have:72 children, want 5, done.
22:58:19.016 [main] INFO  c.gettingstarted.MyAlgoLogic - [MYALGO] active orders are 72
22:58:19.016 [main] INFO  c.gettingstarted.MyAlgoLogic - [MYALGO] Cancelling order:codingblackfemales.sotw.ChildOrder@28975c28
22:58:19.016 [main] INFO  c.gettingstarted.MyAlgoLogic - [MYALGO] option is present, number of active orders are 72
22:58:19.016 [main] INFO  c.container.Actioner - [ALGO] Actioner, sending action:CancelChildOrder(codingblackfemales.sotw.ChildOrder@28975c28)
22:58:19.016 [main] INFO  c.sequencer.consumer.LoggingConsumer - [80] [CancelOrder](sbeTemplateId=5|sbeSchemaId=2|sbeSchemaVersion=0|sbeBlockLength=8):orderId=5
22:58:19.016 [main] INFO  c.gettingstarted.MyAlgoLogic - [MYALGO] The state of the order book is:
|----BID-----||----ASK----|
   101 @ 100    100 @ 98
   200 @ 110    200 @ 95
  5000 @ 115    300 @ 91
|------------||-----------|

22:58:19.016 [main] INFO  c.gettingstarted.MyAlgoLogic - [MYALGO] Algo Sees Book as: 
|----BID-----||----ASK----|
   101 @ 100    100 @ 98
   200 @ 110    200 @ 95
  5000 @ 115    300 @ 91
|------------||-----------|

22:58:19.016 [main] INFO  c.gettingstarted.MyAlgoLogic - [Sheza5] market monitor size is 0
22:58:19.016 [main] INFO  c.gettingstarted.MyAlgoLogic - [MYALGO] Initial quantity100 price 98
Current market monitor list is 
MYALGO- Current market monitor size is 0
22:58:19.016 [main] INFO  c.gettingstarted.TimedLogic - [TIMEDLOGIC] Market is open
22:58:19.016 [main] INFO  c.gettingstarted.MyAlgoLogic - [MYALGO] Have:71 children, want 5, done.
22:58:19.016 [main] INFO  c.gettingstarted.MyAlgoLogic - [MYALGO] active orders are 71
22:58:19.016 [main] INFO  c.gettingstarted.MyAlgoLogic - [MYALGO] Cancelling order:codingblackfemales.sotw.ChildOrder@3943a2be
22:58:19.016 [main] INFO  c.gettingstarted.MyAlgoLogic - [MYALGO] option is present, number of active orders are 71
22:58:19.016 [main] INFO  c.container.Actioner - [ALGO] Actioner, sending action:CancelChildOrder(codingblackfemales.sotw.ChildOrder@3943a2be)
22:58:19.016 [main] INFO  c.sequencer.consumer.LoggingConsumer - [81] [CancelOrder](sbeTemplateId=5|sbeSchemaId=2|sbeSchemaVersion=0|sbeBlockLength=8):orderId=6
22:58:19.016 [main] INFO  c.gettingstarted.MyAlgoLogic - [MYALGO] The state of the order book is:
|----BID-----||----ASK----|
   101 @ 100    100 @ 98
   200 @ 110    200 @ 95
  5000 @ 115    300 @ 91
|------------||-----------|

22:58:19.016 [main] INFO  c.gettingstarted.MyAlgoLogic - [MYALGO] Algo Sees Book as: 
|----BID-----||----ASK----|
   101 @ 100    100 @ 98
   200 @ 110    200 @ 95
  5000 @ 115    300 @ 91
|------------||-----------|

22:58:19.016 [main] INFO  c.gettingstarted.MyAlgoLogic - [Sheza5] market monitor size is 0
22:58:19.016 [main] INFO  c.gettingstarted.MyAlgoLogic - [MYALGO] Initial quantity100 price 98
Current market monitor list is 
MYALGO- Current market monitor size is 0
22:58:19.016 [main] INFO  c.gettingstarted.TimedLogic - [TIMEDLOGIC] Market is open
22:58:19.016 [main] INFO  c.gettingstarted.MyAlgoLogic - [MYALGO] Have:70 children, want 5, done.
22:58:19.016 [main] INFO  c.gettingstarted.MyAlgoLogic - [MYALGO] active orders are 70
22:58:19.016 [main] INFO  c.gettingstarted.MyAlgoLogic - [MYALGO] Cancelling order:codingblackfemales.sotw.ChildOrder@343570b7
22:58:19.016 [main] INFO  c.gettingstarted.MyAlgoLogic - [MYALGO] option is present, number of active orders are 70
22:58:19.016 [main] INFO  c.container.Actioner - [ALGO] Actioner, sending action:CancelChildOrder(codingblackfemales.sotw.ChildOrder@343570b7)
22:58:19.016 [main] INFO  c.sequencer.consumer.LoggingConsumer - [82] [CancelOrder](sbeTemplateId=5|sbeSchemaId=2|sbeSchemaVersion=0|sbeBlockLength=8):orderId=7
22:58:19.016 [main] INFO  c.gettingstarted.MyAlgoLogic - [MYALGO] The state of the order book is:
|----BID-----||----ASK----|
   101 @ 100    100 @ 98
   200 @ 110    200 @ 95
  5000 @ 115    300 @ 91
|------------||-----------|

22:58:19.016 [main] INFO  c.gettingstarted.MyAlgoLogic - [MYALGO] Algo Sees Book as: 
|----BID-----||----ASK----|
   101 @ 100    100 @ 98
   200 @ 110    200 @ 95
  5000 @ 115    300 @ 91
|------------||-----------|

22:58:19.016 [main] INFO  c.gettingstarted.MyAlgoLogic - [Sheza5] market monitor size is 0
22:58:19.016 [main] INFO  c.gettingstarted.MyAlgoLogic - [MYALGO] Initial quantity100 price 98
Current market monitor list is 
MYALGO- Current market monitor size is 0
22:58:19.016 [main] INFO  c.gettingstarted.TimedLogic - [TIMEDLOGIC] Market is open
22:58:19.016 [main] INFO  c.gettingstarted.MyAlgoLogic - [MYALGO] Have:69 children, want 5, done.
22:58:19.016 [main] INFO  c.gettingstarted.MyAlgoLogic - [MYALGO] active orders are 69
22:58:19.016 [main] INFO  c.gettingstarted.MyAlgoLogic - [MYALGO] Cancelling order:codingblackfemales.sotw.ChildOrder@157853da
22:58:19.016 [main] INFO  c.gettingstarted.MyAlgoLogic - [MYALGO] option is present, number of active orders are 69
22:58:19.016 [main] INFO  c.container.Actioner - [ALGO] Actioner, sending action:CancelChildOrder(codingblackfemales.sotw.ChildOrder@157853da)
22:58:19.016 [main] INFO  c.sequencer.consumer.LoggingConsumer - [83] [CancelOrder](sbeTemplateId=5|sbeSchemaId=2|sbeSchemaVersion=0|sbeBlockLength=8):orderId=8
22:58:19.016 [main] INFO  c.gettingstarted.MyAlgoLogic - [MYALGO] The state of the order book is:
|----BID-----||----ASK----|
   101 @ 100    100 @ 98
   200 @ 110    200 @ 95
  5000 @ 115    300 @ 91
|------------||-----------|

22:58:19.016 [main] INFO  c.gettingstarted.MyAlgoLogic - [MYALGO] Algo Sees Book as: 
|----BID-----||----ASK----|
   101 @ 100    100 @ 98
   200 @ 110    200 @ 95
  5000 @ 115    300 @ 91
|------------||-----------|

22:58:19.016 [main] INFO  c.gettingstarted.MyAlgoLogic - [Sheza5] market monitor size is 0
22:58:19.016 [main] INFO  c.gettingstarted.MyAlgoLogic - [MYALGO] Initial quantity100 price 98
Current market monitor list is 
MYALGO- Current market monitor size is 0
22:58:19.016 [main] INFO  c.gettingstarted.TimedLogic - [TIMEDLOGIC] Market is open
22:58:19.016 [main] INFO  c.gettingstarted.MyAlgoLogic - [MYALGO] Have:68 children, want 5, done.
22:58:19.016 [main] INFO  c.gettingstarted.MyAlgoLogic - [MYALGO] active orders are 68
22:58:19.016 [main] INFO  c.gettingstarted.MyAlgoLogic - [MYALGO] Cancelling order:codingblackfemales.sotw.ChildOrder@71c3b41
22:58:19.016 [main] INFO  c.gettingstarted.MyAlgoLogic - [MYALGO] option is present, number of active orders are 68
22:58:19.016 [main] INFO  c.container.Actioner - [ALGO] Actioner, sending action:CancelChildOrder(codingblackfemales.sotw.ChildOrder@71c3b41)
22:58:19.016 [main] INFO  c.sequencer.consumer.LoggingConsumer - [84] [CancelOrder](sbeTemplateId=5|sbeSchemaId=2|sbeSchemaVersion=0|sbeBlockLength=8):orderId=9
22:58:19.016 [main] INFO  c.gettingstarted.MyAlgoLogic - [MYALGO] The state of the order book is:
|----BID-----||----ASK----|
   101 @ 100    100 @ 98
   200 @ 110    200 @ 95
  5000 @ 115    300 @ 91
|------------||-----------|

22:58:19.016 [main] INFO  c.gettingstarted.MyAlgoLogic - [MYALGO] Algo Sees Book as: 
|----BID-----||----ASK----|
   101 @ 100    100 @ 98
   200 @ 110    200 @ 95
  5000 @ 115    300 @ 91
|------------||-----------|

22:58:19.016 [main] INFO  c.gettingstarted.MyAlgoLogic - [Sheza5] market monitor size is 0
22:58:19.016 [main] INFO  c.gettingstarted.MyAlgoLogic - [MYALGO] Initial quantity100 price 98
Current market monitor list is 
MYALGO- Current market monitor size is 0
22:58:19.016 [main] INFO  c.gettingstarted.TimedLogic - [TIMEDLOGIC] Market is open
22:58:19.016 [main] INFO  c.gettingstarted.MyAlgoLogic - [MYALGO] Have:67 children, want 5, done.
22:58:19.016 [main] INFO  c.gettingstarted.MyAlgoLogic - [MYALGO] active orders are 67
22:58:19.016 [main] INFO  c.gettingstarted.MyAlgoLogic - [MYALGO] Cancelling order:codingblackfemales.sotw.ChildOrder@236e3f4e
22:58:19.016 [main] INFO  c.gettingstarted.MyAlgoLogic - [MYALGO] option is present, number of active orders are 67
22:58:19.016 [main] INFO  c.container.Actioner - [ALGO] Actioner, sending action:CancelChildOrder(codingblackfemales.sotw.ChildOrder@236e3f4e)
22:58:19.016 [main] INFO  c.sequencer.consumer.LoggingConsumer - [85] [CancelOrder](sbeTemplateId=5|sbeSchemaId=2|sbeSchemaVersion=0|sbeBlockLength=8):orderId=10
22:58:19.016 [main] INFO  c.gettingstarted.MyAlgoLogic - [MYALGO] The state of the order book is:
|----BID-----||----ASK----|
   101 @ 100    100 @ 98
   200 @ 110    200 @ 95
  5000 @ 115    300 @ 91
|------------||-----------|

22:58:19.016 [main] INFO  c.gettingstarted.MyAlgoLogic - [MYALGO] Algo Sees Book as: 
|----BID-----||----ASK----|
   101 @ 100    100 @ 98
   200 @ 110    200 @ 95
  5000 @ 115    300 @ 91
|------------||-----------|

22:58:19.016 [main] INFO  c.gettingstarted.MyAlgoLogic - [Sheza5] market monitor size is 0
22:58:19.016 [main] INFO  c.gettingstarted.MyAlgoLogic - [MYALGO] Initial quantity100 price 98
Current market monitor list is 
MYALGO- Current market monitor size is 0
22:58:19.016 [main] INFO  c.gettingstarted.TimedLogic - [TIMEDLOGIC] Market is open
22:58:19.016 [main] INFO  c.gettingstarted.MyAlgoLogic - [MYALGO] Have:66 children, want 5, done.
22:58:19.016 [main] INFO  c.gettingstarted.MyAlgoLogic - [MYALGO] active orders are 66
22:58:19.016 [main] INFO  c.gettingstarted.MyAlgoLogic - [MYALGO] Cancelling order:codingblackfemales.sotw.ChildOrder@3cc1435c
22:58:19.016 [main] INFO  c.gettingstarted.MyAlgoLogic - [MYALGO] option is present, number of active orders are 66
22:58:19.016 [main] INFO  c.container.Actioner - [ALGO] Actioner, sending action:CancelChildOrder(codingblackfemales.sotw.ChildOrder@3cc1435c)
22:58:19.016 [main] INFO  c.sequencer.consumer.LoggingConsumer - [86] [CancelOrder](sbeTemplateId=5|sbeSchemaId=2|sbeSchemaVersion=0|sbeBlockLength=8):orderId=11
22:58:19.016 [main] INFO  c.gettingstarted.MyAlgoLogic - [MYALGO] The state of the order book is:
|----BID-----||----ASK----|
   101 @ 100    100 @ 98
   200 @ 110    200 @ 95
  5000 @ 115    300 @ 91
|------------||-----------|

22:58:19.016 [main] INFO  c.gettingstarted.MyAlgoLogic - [MYALGO] Algo Sees Book as: 
|----BID-----||----ASK----|
   101 @ 100    100 @ 98
   200 @ 110    200 @ 95
  5000 @ 115    300 @ 91
|------------||-----------|

22:58:19.016 [main] INFO  c.gettingstarted.MyAlgoLogic - [Sheza5] market monitor size is 0
22:58:19.016 [main] INFO  c.gettingstarted.MyAlgoLogic - [MYALGO] Initial quantity100 price 98
Current market monitor list is 
MYALGO- Current market monitor size is 0
22:58:19.016 [main] INFO  c.gettingstarted.TimedLogic - [TIMEDLOGIC] Market is open
22:58:19.016 [main] INFO  c.gettingstarted.MyAlgoLogic - [MYALGO] Have:65 children, want 5, done.
22:58:19.016 [main] INFO  c.gettingstarted.MyAlgoLogic - [MYALGO] active orders are 65
22:58:19.016 [main] INFO  c.gettingstarted.MyAlgoLogic - [MYALGO] Cancelling order:codingblackfemales.sotw.ChildOrder@6bf0219d
22:58:19.016 [main] INFO  c.gettingstarted.MyAlgoLogic - [MYALGO] option is present, number of active orders are 65
22:58:19.016 [main] INFO  c.container.Actioner - [ALGO] Actioner, sending action:CancelChildOrder(codingblackfemales.sotw.ChildOrder@6bf0219d)
22:58:19.016 [main] INFO  c.sequencer.consumer.LoggingConsumer - [87] [CancelOrder](sbeTemplateId=5|sbeSchemaId=2|sbeSchemaVersion=0|sbeBlockLength=8):orderId=12
22:58:19.016 [main] INFO  c.gettingstarted.MyAlgoLogic - [MYALGO] The state of the order book is:
|----BID-----||----ASK----|
   101 @ 100    100 @ 98
   200 @ 110    200 @ 95
  5000 @ 115    300 @ 91
|------------||-----------|

22:58:19.016 [main] INFO  c.gettingstarted.MyAlgoLogic - [MYALGO] Algo Sees Book as: 
|----BID-----||----ASK----|
   101 @ 100    100 @ 98
   200 @ 110    200 @ 95
  5000 @ 115    300 @ 91
|------------||-----------|

22:58:19.016 [main] INFO  c.gettingstarted.MyAlgoLogic - [Sheza5] market monitor size is 0
22:58:19.016 [main] INFO  c.gettingstarted.MyAlgoLogic - [MYALGO] Initial quantity100 price 98
Current market monitor list is 
MYALGO- Current market monitor size is 0
22:58:19.016 [main] INFO  c.gettingstarted.TimedLogic - [TIMEDLOGIC] Market is open
22:58:19.016 [main] INFO  c.gettingstarted.MyAlgoLogic - [MYALGO] Have:64 children, want 5, done.
22:58:19.016 [main] INFO  c.gettingstarted.MyAlgoLogic - [MYALGO] active orders are 64
22:58:19.016 [main] INFO  c.gettingstarted.MyAlgoLogic - [MYALGO] Cancelling order:codingblackfemales.sotw.ChildOrder@dd0c991
22:58:19.016 [main] INFO  c.gettingstarted.MyAlgoLogic - [MYALGO] option is present, number of active orders are 64
22:58:19.016 [main] INFO  c.container.Actioner - [ALGO] Actioner, sending action:CancelChildOrder(codingblackfemales.sotw.ChildOrder@dd0c991)
22:58:19.016 [main] INFO  c.sequencer.consumer.LoggingConsumer - [88] [CancelOrder](sbeTemplateId=5|sbeSchemaId=2|sbeSchemaVersion=0|sbeBlockLength=8):orderId=13
22:58:19.016 [main] INFO  c.gettingstarted.MyAlgoLogic - [MYALGO] The state of the order book is:
|----BID-----||----ASK----|
   101 @ 100    100 @ 98
   200 @ 110    200 @ 95
  5000 @ 115    300 @ 91
|------------||-----------|

22:58:19.016 [main] INFO  c.gettingstarted.MyAlgoLogic - [MYALGO] Algo Sees Book as: 
|----BID-----||----ASK----|
   101 @ 100    100 @ 98
   200 @ 110    200 @ 95
  5000 @ 115    300 @ 91
|------------||-----------|

22:58:19.016 [main] INFO  c.gettingstarted.MyAlgoLogic - [Sheza5] market monitor size is 0
22:58:19.016 [main] INFO  c.gettingstarted.MyAlgoLogic - [MYALGO] Initial quantity100 price 98
Current market monitor list is 
MYALGO- Current market monitor size is 0
22:58:19.016 [main] INFO  c.gettingstarted.TimedLogic - [TIMEDLOGIC] Market is open
22:58:19.016 [main] INFO  c.gettingstarted.MyAlgoLogic - [MYALGO] Have:63 children, want 5, done.
22:58:19.016 [main] INFO  c.gettingstarted.MyAlgoLogic - [MYALGO] active orders are 63
22:58:19.016 [main] INFO  c.gettingstarted.MyAlgoLogic - [MYALGO] Cancelling order:codingblackfemales.sotw.ChildOrder@5f16132a
22:58:19.016 [main] INFO  c.gettingstarted.MyAlgoLogic - [MYALGO] option is present, number of active orders are 63
22:58:19.016 [main] INFO  c.container.Actioner - [ALGO] Actioner, sending action:CancelChildOrder(codingblackfemales.sotw.ChildOrder@5f16132a)
22:58:19.016 [main] INFO  c.sequencer.consumer.LoggingConsumer - [89] [CancelOrder](sbeTemplateId=5|sbeSchemaId=2|sbeSchemaVersion=0|sbeBlockLength=8):orderId=14
22:58:19.016 [main] INFO  c.gettingstarted.MyAlgoLogic - [MYALGO] The state of the order book is:
|----BID-----||----ASK----|
   101 @ 100    100 @ 98
   200 @ 110    200 @ 95
  5000 @ 115    300 @ 91
|------------||-----------|

22:58:19.016 [main] INFO  c.gettingstarted.MyAlgoLogic - [MYALGO] Algo Sees Book as: 
|----BID-----||----ASK----|
   101 @ 100    100 @ 98
   200 @ 110    200 @ 95
  5000 @ 115    300 @ 91
|------------||-----------|

22:58:19.016 [main] INFO  c.gettingstarted.MyAlgoLogic - [Sheza5] market monitor size is 0
22:58:19.016 [main] INFO  c.gettingstarted.MyAlgoLogic - [MYALGO] Initial quantity100 price 98
Current market monitor list is 
MYALGO- Current market monitor size is 0
22:58:19.016 [main] INFO  c.gettingstarted.TimedLogic - [TIMEDLOGIC] Market is open
22:58:19.016 [main] INFO  c.gettingstarted.MyAlgoLogic - [MYALGO] Have:62 children, want 5, done.
22:58:19.016 [main] INFO  c.gettingstarted.MyAlgoLogic - [MYALGO] active orders are 62
22:58:19.016 [main] INFO  c.gettingstarted.MyAlgoLogic - [MYALGO] Cancelling order:codingblackfemales.sotw.ChildOrder@69fb6037
22:58:19.016 [main] INFO  c.gettingstarted.MyAlgoLogic - [MYALGO] option is present, number of active orders are 62
22:58:19.016 [main] INFO  c.container.Actioner - [ALGO] Actioner, sending action:CancelChildOrder(codingblackfemales.sotw.ChildOrder@69fb6037)
22:58:19.016 [main] INFO  c.sequencer.consumer.LoggingConsumer - [90] [CancelOrder](sbeTemplateId=5|sbeSchemaId=2|sbeSchemaVersion=0|sbeBlockLength=8):orderId=15
22:58:19.024 [main] INFO  c.gettingstarted.MyAlgoLogic - [MYALGO] The state of the order book is:
|----BID-----||----ASK----|
   101 @ 100    100 @ 98
   200 @ 110    200 @ 95
  5000 @ 115    300 @ 91
|------------||-----------|

22:58:19.024 [main] INFO  c.gettingstarted.MyAlgoLogic - [MYALGO] Algo Sees Book as: 
|----BID-----||----ASK----|
   101 @ 100    100 @ 98
   200 @ 110    200 @ 95
  5000 @ 115    300 @ 91
|------------||-----------|

22:58:19.024 [main] INFO  c.gettingstarted.MyAlgoLogic - [Sheza5] market monitor size is 0
22:58:19.024 [main] INFO  c.gettingstarted.MyAlgoLogic - [MYALGO] Initial quantity100 price 98
Current market monitor list is 
MYALGO- Current market monitor size is 0
22:58:19.024 [main] INFO  c.gettingstarted.TimedLogic - [TIMEDLOGIC] Market is open
22:58:19.024 [main] INFO  c.gettingstarted.MyAlgoLogic - [MYALGO] Have:61 children, want 5, done.
22:58:19.024 [main] INFO  c.gettingstarted.MyAlgoLogic - [MYALGO] active orders are 61
22:58:19.024 [main] INFO  c.gettingstarted.MyAlgoLogic - [MYALGO] Cancelling order:codingblackfemales.sotw.ChildOrder@36d585c
22:58:19.024 [main] INFO  c.gettingstarted.MyAlgoLogic - [MYALGO] option is present, number of active orders are 61
22:58:19.024 [main] INFO  c.container.Actioner - [ALGO] Actioner, sending action:CancelChildOrder(codingblackfemales.sotw.ChildOrder@36d585c)
22:58:19.024 [main] INFO  c.sequencer.consumer.LoggingConsumer - [91] [CancelOrder](sbeTemplateId=5|sbeSchemaId=2|sbeSchemaVersion=0|sbeBlockLength=8):orderId=16
22:58:19.026 [main] INFO  c.gettingstarted.MyAlgoLogic - [MYALGO] The state of the order book is:
|----BID-----||----ASK----|
   101 @ 100    100 @ 98
   200 @ 110    200 @ 95
  5000 @ 115    300 @ 91
|------------||-----------|

22:58:19.026 [main] INFO  c.gettingstarted.MyAlgoLogic - [MYALGO] Algo Sees Book as: 
|----BID-----||----ASK----|
   101 @ 100    100 @ 98
   200 @ 110    200 @ 95
  5000 @ 115    300 @ 91
|------------||-----------|

22:58:19.026 [main] INFO  c.gettingstarted.MyAlgoLogic - [Sheza5] market monitor size is 0
22:58:19.026 [main] INFO  c.gettingstarted.MyAlgoLogic - [MYALGO] Initial quantity100 price 98
Current market monitor list is 
MYALGO- Current market monitor size is 0
22:58:19.026 [main] INFO  c.gettingstarted.TimedLogic - [TIMEDLOGIC] Market is open
22:58:19.026 [main] INFO  c.gettingstarted.MyAlgoLogic - [MYALGO] Have:60 children, want 5, done.
22:58:19.026 [main] INFO  c.gettingstarted.MyAlgoLogic - [MYALGO] active orders are 60
22:58:19.026 [main] INFO  c.gettingstarted.MyAlgoLogic - [MYALGO] Cancelling order:codingblackfemales.sotw.ChildOrder@87a85e1
22:58:19.026 [main] INFO  c.gettingstarted.MyAlgoLogic - [MYALGO] option is present, number of active orders are 60
22:58:19.026 [main] INFO  c.container.Actioner - [ALGO] Actioner, sending action:CancelChildOrder(codingblackfemales.sotw.ChildOrder@87a85e1)
22:58:19.026 [main] INFO  c.sequencer.consumer.LoggingConsumer - [92] [CancelOrder](sbeTemplateId=5|sbeSchemaId=2|sbeSchemaVersion=0|sbeBlockLength=8):orderId=17
22:58:19.026 [main] INFO  c.gettingstarted.MyAlgoLogic - [MYALGO] The state of the order book is:
|----BID-----||----ASK----|
   101 @ 100    100 @ 98
   200 @ 110    200 @ 95
  5000 @ 115    300 @ 91
|------------||-----------|

22:58:19.026 [main] INFO  c.gettingstarted.MyAlgoLogic - [MYALGO] Algo Sees Book as: 
|----BID-----||----ASK----|
   101 @ 100    100 @ 98
   200 @ 110    200 @ 95
  5000 @ 115    300 @ 91
|------------||-----------|

22:58:19.026 [main] INFO  c.gettingstarted.MyAlgoLogic - [Sheza5] market monitor size is 0
22:58:19.026 [main] INFO  c.gettingstarted.MyAlgoLogic - [MYALGO] Initial quantity100 price 98
Current market monitor list is 
MYALGO- Current market monitor size is 0
22:58:19.026 [main] INFO  c.gettingstarted.TimedLogic - [TIMEDLOGIC] Market is open
22:58:19.026 [main] INFO  c.gettingstarted.MyAlgoLogic - [MYALGO] Have:59 children, want 5, done.
22:58:19.026 [main] INFO  c.gettingstarted.MyAlgoLogic - [MYALGO] active orders are 59
22:58:19.026 [main] INFO  c.gettingstarted.MyAlgoLogic - [MYALGO] Cancelling order:codingblackfemales.sotw.ChildOrder@671a5887
22:58:19.026 [main] INFO  c.gettingstarted.MyAlgoLogic - [MYALGO] option is present, number of active orders are 59
22:58:19.026 [main] INFO  c.container.Actioner - [ALGO] Actioner, sending action:CancelChildOrder(codingblackfemales.sotw.ChildOrder@671a5887)
22:58:19.026 [main] INFO  c.sequencer.consumer.LoggingConsumer - [93] [CancelOrder](sbeTemplateId=5|sbeSchemaId=2|sbeSchemaVersion=0|sbeBlockLength=8):orderId=18
22:58:19.026 [main] INFO  c.gettingstarted.MyAlgoLogic - [MYALGO] The state of the order book is:
|----BID-----||----ASK----|
   101 @ 100    100 @ 98
   200 @ 110    200 @ 95
  5000 @ 115    300 @ 91
|------------||-----------|

22:58:19.026 [main] INFO  c.gettingstarted.MyAlgoLogic - [MYALGO] Algo Sees Book as: 
|----BID-----||----ASK----|
   101 @ 100    100 @ 98
   200 @ 110    200 @ 95
  5000 @ 115    300 @ 91
|------------||-----------|

22:58:19.026 [main] INFO  c.gettingstarted.MyAlgoLogic - [Sheza5] market monitor size is 0
22:58:19.026 [main] INFO  c.gettingstarted.MyAlgoLogic - [MYALGO] Initial quantity100 price 98
Current market monitor list is 
MYALGO- Current market monitor size is 0
22:58:19.026 [main] INFO  c.gettingstarted.TimedLogic - [TIMEDLOGIC] Market is open
22:58:19.026 [main] INFO  c.gettingstarted.MyAlgoLogic - [MYALGO] Have:58 children, want 5, done.
22:58:19.026 [main] INFO  c.gettingstarted.MyAlgoLogic - [MYALGO] active orders are 58
22:58:19.026 [main] INFO  c.gettingstarted.MyAlgoLogic - [MYALGO] Cancelling order:codingblackfemales.sotw.ChildOrder@5552768b
22:58:19.026 [main] INFO  c.gettingstarted.MyAlgoLogic - [MYALGO] option is present, number of active orders are 58
22:58:19.026 [main] INFO  c.container.Actioner - [ALGO] Actioner, sending action:CancelChildOrder(codingblackfemales.sotw.ChildOrder@5552768b)
22:58:19.026 [main] INFO  c.sequencer.consumer.LoggingConsumer - [94] [CancelOrder](sbeTemplateId=5|sbeSchemaId=2|sbeSchemaVersion=0|sbeBlockLength=8):orderId=19
22:58:19.026 [main] INFO  c.gettingstarted.MyAlgoLogic - [MYALGO] The state of the order book is:
|----BID-----||----ASK----|
   101 @ 100    100 @ 98
   200 @ 110    200 @ 95
  5000 @ 115    300 @ 91
|------------||-----------|

22:58:19.026 [main] INFO  c.gettingstarted.MyAlgoLogic - [MYALGO] Algo Sees Book as: 
|----BID-----||----ASK----|
   101 @ 100    100 @ 98
   200 @ 110    200 @ 95
  5000 @ 115    300 @ 91
|------------||-----------|

22:58:19.026 [main] INFO  c.gettingstarted.MyAlgoLogic - [Sheza5] market monitor size is 0
22:58:19.026 [main] INFO  c.gettingstarted.MyAlgoLogic - [MYALGO] Initial quantity100 price 98
Current market monitor list is 
MYALGO- Current market monitor size is 0
22:58:19.026 [main] INFO  c.gettingstarted.TimedLogic - [TIMEDLOGIC] Market is open
22:58:19.026 [main] INFO  c.gettingstarted.MyAlgoLogic - [MYALGO] Have:57 children, want 5, done.
22:58:19.026 [main] INFO  c.gettingstarted.MyAlgoLogic - [MYALGO] active orders are 57
22:58:19.026 [main] INFO  c.gettingstarted.MyAlgoLogic - [MYALGO] Cancelling order:codingblackfemales.sotw.ChildOrder@3c947bc5
22:58:19.026 [main] INFO  c.gettingstarted.MyAlgoLogic - [MYALGO] option is present, number of active orders are 57
22:58:19.026 [main] INFO  c.container.Actioner - [ALGO] Actioner, sending action:CancelChildOrder(codingblackfemales.sotw.ChildOrder@3c947bc5)
22:58:19.026 [main] INFO  c.sequencer.consumer.LoggingConsumer - [95] [CancelOrder](sbeTemplateId=5|sbeSchemaId=2|sbeSchemaVersion=0|sbeBlockLength=8):orderId=20
22:58:19.026 [main] INFO  c.gettingstarted.MyAlgoLogic - [MYALGO] The state of the order book is:
|----BID-----||----ASK----|
   101 @ 100    100 @ 98
   200 @ 110    200 @ 95
  5000 @ 115    300 @ 91
|------------||-----------|

22:58:19.026 [main] INFO  c.gettingstarted.MyAlgoLogic - [MYALGO] Algo Sees Book as: 
|----BID-----||----ASK----|
   101 @ 100    100 @ 98
   200 @ 110    200 @ 95
  5000 @ 115    300 @ 91
|------------||-----------|

22:58:19.026 [main] INFO  c.gettingstarted.MyAlgoLogic - [Sheza5] market monitor size is 0
22:58:19.026 [main] INFO  c.gettingstarted.MyAlgoLogic - [MYALGO] Initial quantity100 price 98
Current market monitor list is 
MYALGO- Current market monitor size is 0
22:58:19.026 [main] INFO  c.gettingstarted.TimedLogic - [TIMEDLOGIC] Market is open
22:58:19.026 [main] INFO  c.gettingstarted.MyAlgoLogic - [MYALGO] Have:56 children, want 5, done.
22:58:19.026 [main] INFO  c.gettingstarted.MyAlgoLogic - [MYALGO] active orders are 56
22:58:19.026 [main] INFO  c.gettingstarted.MyAlgoLogic - [MYALGO] Cancelling order:codingblackfemales.sotw.ChildOrder@609db43b
22:58:19.026 [main] INFO  c.gettingstarted.MyAlgoLogic - [MYALGO] option is present, number of active orders are 56
22:58:19.026 [main] INFO  c.container.Actioner - [ALGO] Actioner, sending action:CancelChildOrder(codingblackfemales.sotw.ChildOrder@609db43b)
22:58:19.026 [main] INFO  c.sequencer.consumer.LoggingConsumer - [96] [CancelOrder](sbeTemplateId=5|sbeSchemaId=2|sbeSchemaVersion=0|sbeBlockLength=8):orderId=21
22:58:19.026 [main] INFO  c.gettingstarted.MyAlgoLogic - [MYALGO] The state of the order book is:
|----BID-----||----ASK----|
   101 @ 100    100 @ 98
   200 @ 110    200 @ 95
  5000 @ 115    300 @ 91
|------------||-----------|

22:58:19.026 [main] INFO  c.gettingstarted.MyAlgoLogic - [MYALGO] Algo Sees Book as: 
|----BID-----||----ASK----|
   101 @ 100    100 @ 98
   200 @ 110    200 @ 95
  5000 @ 115    300 @ 91
|------------||-----------|

22:58:19.026 [main] INFO  c.gettingstarted.MyAlgoLogic - [Sheza5] market monitor size is 0
22:58:19.026 [main] INFO  c.gettingstarted.MyAlgoLogic - [MYALGO] Initial quantity100 price 98
Current market monitor list is 
MYALGO- Current market monitor size is 0
22:58:19.026 [main] INFO  c.gettingstarted.TimedLogic - [TIMEDLOGIC] Market is open
22:58:19.026 [main] INFO  c.gettingstarted.MyAlgoLogic - [MYALGO] Have:55 children, want 5, done.
22:58:19.026 [main] INFO  c.gettingstarted.MyAlgoLogic - [MYALGO] active orders are 55
22:58:19.026 [main] INFO  c.gettingstarted.MyAlgoLogic - [MYALGO] Cancelling order:codingblackfemales.sotw.ChildOrder@55f616cf
22:58:19.026 [main] INFO  c.gettingstarted.MyAlgoLogic - [MYALGO] option is present, number of active orders are 55
22:58:19.026 [main] INFO  c.container.Actioner - [ALGO] Actioner, sending action:CancelChildOrder(codingblackfemales.sotw.ChildOrder@55f616cf)
22:58:19.026 [main] INFO  c.sequencer.consumer.LoggingConsumer - [97] [CancelOrder](sbeTemplateId=5|sbeSchemaId=2|sbeSchemaVersion=0|sbeBlockLength=8):orderId=22
22:58:19.030 [main] INFO  c.gettingstarted.MyAlgoLogic - [MYALGO] The state of the order book is:
|----BID-----||----ASK----|
   101 @ 100    100 @ 98
   200 @ 110    200 @ 95
  5000 @ 115    300 @ 91
|------------||-----------|

22:58:19.030 [main] INFO  c.gettingstarted.MyAlgoLogic - [MYALGO] Algo Sees Book as: 
|----BID-----||----ASK----|
   101 @ 100    100 @ 98
   200 @ 110    200 @ 95
  5000 @ 115    300 @ 91
|------------||-----------|

22:58:19.030 [main] INFO  c.gettingstarted.MyAlgoLogic - [Sheza5] market monitor size is 0
22:58:19.030 [main] INFO  c.gettingstarted.MyAlgoLogic - [MYALGO] Initial quantity100 price 98
Current market monitor list is 
MYALGO- Current market monitor size is 0
22:58:19.030 [main] INFO  c.gettingstarted.TimedLogic - [TIMEDLOGIC] Market is open
22:58:19.030 [main] INFO  c.gettingstarted.MyAlgoLogic - [MYALGO] Have:54 children, want 5, done.
22:58:19.030 [main] INFO  c.gettingstarted.MyAlgoLogic - [MYALGO] active orders are 54
22:58:19.030 [main] INFO  c.gettingstarted.MyAlgoLogic - [MYALGO] Cancelling order:codingblackfemales.sotw.ChildOrder@1356d4d4
22:58:19.030 [main] INFO  c.gettingstarted.MyAlgoLogic - [MYALGO] option is present, number of active orders are 54
22:58:19.030 [main] INFO  c.container.Actioner - [ALGO] Actioner, sending action:CancelChildOrder(codingblackfemales.sotw.ChildOrder@1356d4d4)
22:58:19.030 [main] INFO  c.sequencer.consumer.LoggingConsumer - [98] [CancelOrder](sbeTemplateId=5|sbeSchemaId=2|sbeSchemaVersion=0|sbeBlockLength=8):orderId=23
22:58:19.030 [main] INFO  c.gettingstarted.MyAlgoLogic - [MYALGO] The state of the order book is:
|----BID-----||----ASK----|
   101 @ 100    100 @ 98
   200 @ 110    200 @ 95
  5000 @ 115    300 @ 91
|------------||-----------|

22:58:19.030 [main] INFO  c.gettingstarted.MyAlgoLogic - [MYALGO] Algo Sees Book as: 
|----BID-----||----ASK----|
   101 @ 100    100 @ 98
   200 @ 110    200 @ 95
  5000 @ 115    300 @ 91
|------------||-----------|

22:58:19.030 [main] INFO  c.gettingstarted.MyAlgoLogic - [Sheza5] market monitor size is 0
22:58:19.030 [main] INFO  c.gettingstarted.MyAlgoLogic - [MYALGO] Initial quantity100 price 98
Current market monitor list is 
MYALGO- Current market monitor size is 0
22:58:19.030 [main] INFO  c.gettingstarted.TimedLogic - [TIMEDLOGIC] Market is open
22:58:19.030 [main] INFO  c.gettingstarted.MyAlgoLogic - [MYALGO] Have:53 children, want 5, done.
22:58:19.030 [main] INFO  c.gettingstarted.MyAlgoLogic - [MYALGO] active orders are 53
22:58:19.030 [main] INFO  c.gettingstarted.MyAlgoLogic - [MYALGO] Cancelling order:codingblackfemales.sotw.ChildOrder@c03cf28
22:58:19.030 [main] INFO  c.gettingstarted.MyAlgoLogic - [MYALGO] option is present, number of active orders are 53
22:58:19.030 [main] INFO  c.container.Actioner - [ALGO] Actioner, sending action:CancelChildOrder(codingblackfemales.sotw.ChildOrder@c03cf28)
22:58:19.030 [main] INFO  c.sequencer.consumer.LoggingConsumer - [99] [CancelOrder](sbeTemplateId=5|sbeSchemaId=2|sbeSchemaVersion=0|sbeBlockLength=8):orderId=24
22:58:19.030 [main] INFO  c.gettingstarted.MyAlgoLogic - [MYALGO] The state of the order book is:
|----BID-----||----ASK----|
   101 @ 100    100 @ 98
   200 @ 110    200 @ 95
  5000 @ 115    300 @ 91
|------------||-----------|

22:58:19.030 [main] INFO  c.gettingstarted.MyAlgoLogic - [MYALGO] Algo Sees Book as: 
|----BID-----||----ASK----|
   101 @ 100    100 @ 98
   200 @ 110    200 @ 95
  5000 @ 115    300 @ 91
|------------||-----------|

22:58:19.030 [main] INFO  c.gettingstarted.MyAlgoLogic - [Sheza5] market monitor size is 0
22:58:19.030 [main] INFO  c.gettingstarted.MyAlgoLogic - [MYALGO] Initial quantity100 price 98
Current market monitor list is 
MYALGO- Current market monitor size is 0
22:58:19.030 [main] INFO  c.gettingstarted.TimedLogic - [TIMEDLOGIC] Market is open
22:58:19.030 [main] INFO  c.gettingstarted.MyAlgoLogic - [MYALGO] Have:52 children, want 5, done.
22:58:19.030 [main] INFO  c.gettingstarted.MyAlgoLogic - [MYALGO] active orders are 52
22:58:19.030 [main] INFO  c.gettingstarted.MyAlgoLogic - [MYALGO] Cancelling order:codingblackfemales.sotw.ChildOrder@1329eff
22:58:19.030 [main] INFO  c.gettingstarted.MyAlgoLogic - [MYALGO] option is present, number of active orders are 52
22:58:19.030 [main] INFO  c.container.Actioner - [ALGO] Actioner, sending action:CancelChildOrder(codingblackfemales.sotw.ChildOrder@1329eff)
22:58:19.030 [main] INFO  c.sequencer.consumer.LoggingConsumer - [100] [CancelOrder](sbeTemplateId=5|sbeSchemaId=2|sbeSchemaVersion=0|sbeBlockLength=8):orderId=25
22:58:19.030 [main] INFO  c.gettingstarted.MyAlgoLogic - [MYALGO] The state of the order book is:
|----BID-----||----ASK----|
   101 @ 100    100 @ 98
   200 @ 110    200 @ 95
  5000 @ 115    300 @ 91
|------------||-----------|

22:58:19.030 [main] INFO  c.gettingstarted.MyAlgoLogic - [MYALGO] Algo Sees Book as: 
|----BID-----||----ASK----|
   101 @ 100    100 @ 98
   200 @ 110    200 @ 95
  5000 @ 115    300 @ 91
|------------||-----------|

22:58:19.030 [main] INFO  c.gettingstarted.MyAlgoLogic - [Sheza5] market monitor size is 0
22:58:19.030 [main] INFO  c.gettingstarted.MyAlgoLogic - [MYALGO] Initial quantity100 price 98
Current market monitor list is 
MYALGO- Current market monitor size is 0
22:58:19.030 [main] INFO  c.gettingstarted.TimedLogic - [TIMEDLOGIC] Market is open
22:58:19.030 [main] INFO  c.gettingstarted.MyAlgoLogic - [MYALGO] Have:51 children, want 5, done.
22:58:19.030 [main] INFO  c.gettingstarted.MyAlgoLogic - [MYALGO] active orders are 51
22:58:19.030 [main] INFO  c.gettingstarted.MyAlgoLogic - [MYALGO] Cancelling order:codingblackfemales.sotw.ChildOrder@6497b078
22:58:19.030 [main] INFO  c.gettingstarted.MyAlgoLogic - [MYALGO] option is present, number of active orders are 51
22:58:19.030 [main] INFO  c.container.Actioner - [ALGO] Actioner, sending action:CancelChildOrder(codingblackfemales.sotw.ChildOrder@6497b078)
22:58:19.030 [main] INFO  c.sequencer.consumer.LoggingConsumer - [101] [CancelOrder](sbeTemplateId=5|sbeSchemaId=2|sbeSchemaVersion=0|sbeBlockLength=8):orderId=26
22:58:19.030 [main] INFO  c.gettingstarted.MyAlgoLogic - [MYALGO] The state of the order book is:
|----BID-----||----ASK----|
   101 @ 100    100 @ 98
   200 @ 110    200 @ 95
  5000 @ 115    300 @ 91
|------------||-----------|

22:58:19.030 [main] INFO  c.gettingstarted.MyAlgoLogic - [MYALGO] Algo Sees Book as: 
|----BID-----||----ASK----|
   101 @ 100    100 @ 98
   200 @ 110    200 @ 95
  5000 @ 115    300 @ 91
|------------||-----------|

22:58:19.030 [main] INFO  c.gettingstarted.MyAlgoLogic - [Sheza5] market monitor size is 0
22:58:19.030 [main] INFO  c.gettingstarted.MyAlgoLogic - [MYALGO] Initial quantity100 price 98
Current market monitor list is 
MYALGO- Current market monitor size is 0
22:58:19.030 [main] INFO  c.gettingstarted.TimedLogic - [TIMEDLOGIC] Market is open
22:58:19.030 [main] INFO  c.gettingstarted.MyAlgoLogic - [MYALGO] Have:50 children, want 5, done.
22:58:19.030 [main] INFO  c.gettingstarted.MyAlgoLogic - [MYALGO] active orders are 50
22:58:19.030 [main] INFO  c.gettingstarted.MyAlgoLogic - [MYALGO] Cancelling order:codingblackfemales.sotw.ChildOrder@41c2284a
22:58:19.030 [main] INFO  c.gettingstarted.MyAlgoLogic - [MYALGO] option is present, number of active orders are 50
22:58:19.030 [main] INFO  c.container.Actioner - [ALGO] Actioner, sending action:CancelChildOrder(codingblackfemales.sotw.ChildOrder@41c2284a)
22:58:19.030 [main] INFO  c.sequencer.consumer.LoggingConsumer - [102] [CancelOrder](sbeTemplateId=5|sbeSchemaId=2|sbeSchemaVersion=0|sbeBlockLength=8):orderId=27
22:58:19.030 [main] INFO  c.gettingstarted.MyAlgoLogic - [MYALGO] The state of the order book is:
|----BID-----||----ASK----|
   101 @ 100    100 @ 98
   200 @ 110    200 @ 95
  5000 @ 115    300 @ 91
|------------||-----------|

22:58:19.030 [main] INFO  c.gettingstarted.MyAlgoLogic - [MYALGO] Algo Sees Book as: 
|----BID-----||----ASK----|
   101 @ 100    100 @ 98
   200 @ 110    200 @ 95
  5000 @ 115    300 @ 91
|------------||-----------|

22:58:19.030 [main] INFO  c.gettingstarted.MyAlgoLogic - [Sheza5] market monitor size is 0
22:58:19.030 [main] INFO  c.gettingstarted.MyAlgoLogic - [MYALGO] Initial quantity100 price 98
Current market monitor list is 
MYALGO- Current market monitor size is 0
22:58:19.030 [main] INFO  c.gettingstarted.TimedLogic - [TIMEDLOGIC] Market is open
22:58:19.030 [main] INFO  c.gettingstarted.MyAlgoLogic - [MYALGO] Have:49 children, want 5, done.
22:58:19.030 [main] INFO  c.gettingstarted.MyAlgoLogic - [MYALGO] active orders are 49
22:58:19.030 [main] INFO  c.gettingstarted.MyAlgoLogic - [MYALGO] Cancelling order:codingblackfemales.sotw.ChildOrder@53aad5d5
22:58:19.030 [main] INFO  c.gettingstarted.MyAlgoLogic - [MYALGO] option is present, number of active orders are 49
22:58:19.030 [main] INFO  c.container.Actioner - [ALGO] Actioner, sending action:CancelChildOrder(codingblackfemales.sotw.ChildOrder@53aad5d5)
22:58:19.030 [main] INFO  c.sequencer.consumer.LoggingConsumer - [103] [CancelOrder](sbeTemplateId=5|sbeSchemaId=2|sbeSchemaVersion=0|sbeBlockLength=8):orderId=28
22:58:19.030 [main] INFO  c.gettingstarted.MyAlgoLogic - [MYALGO] The state of the order book is:
|----BID-----||----ASK----|
   101 @ 100    100 @ 98
   200 @ 110    200 @ 95
  5000 @ 115    300 @ 91
|------------||-----------|

22:58:19.030 [main] INFO  c.gettingstarted.MyAlgoLogic - [MYALGO] Algo Sees Book as: 
|----BID-----||----ASK----|
   101 @ 100    100 @ 98
   200 @ 110    200 @ 95
  5000 @ 115    300 @ 91
|------------||-----------|

22:58:19.030 [main] INFO  c.gettingstarted.MyAlgoLogic - [Sheza5] market monitor size is 0
22:58:19.030 [main] INFO  c.gettingstarted.MyAlgoLogic - [MYALGO] Initial quantity100 price 98
Current market monitor list is 
MYALGO- Current market monitor size is 0
22:58:19.030 [main] INFO  c.gettingstarted.TimedLogic - [TIMEDLOGIC] Market is open
22:58:19.034 [main] INFO  c.gettingstarted.MyAlgoLogic - [MYALGO] Have:48 children, want 5, done.
22:58:19.034 [main] INFO  c.gettingstarted.MyAlgoLogic - [MYALGO] active orders are 48
22:58:19.034 [main] INFO  c.gettingstarted.MyAlgoLogic - [MYALGO] Cancelling order:codingblackfemales.sotw.ChildOrder@46fa7c39
22:58:19.034 [main] INFO  c.gettingstarted.MyAlgoLogic - [MYALGO] option is present, number of active orders are 48
22:58:19.034 [main] INFO  c.container.Actioner - [ALGO] Actioner, sending action:CancelChildOrder(codingblackfemales.sotw.ChildOrder@46fa7c39)
22:58:19.034 [main] INFO  c.sequencer.consumer.LoggingConsumer - [104] [CancelOrder](sbeTemplateId=5|sbeSchemaId=2|sbeSchemaVersion=0|sbeBlockLength=8):orderId=29
22:58:19.034 [main] INFO  c.gettingstarted.MyAlgoLogic - [MYALGO] The state of the order book is:
|----BID-----||----ASK----|
   101 @ 100    100 @ 98
   200 @ 110    200 @ 95
  5000 @ 115    300 @ 91
|------------||-----------|

22:58:19.034 [main] INFO  c.gettingstarted.MyAlgoLogic - [MYALGO] Algo Sees Book as: 
|----BID-----||----ASK----|
   101 @ 100    100 @ 98
   200 @ 110    200 @ 95
  5000 @ 115    300 @ 91
|------------||-----------|

22:58:19.034 [main] INFO  c.gettingstarted.MyAlgoLogic - [Sheza5] market monitor size is 0
22:58:19.034 [main] INFO  c.gettingstarted.MyAlgoLogic - [MYALGO] Initial quantity100 price 98
Current market monitor list is 
MYALGO- Current market monitor size is 0
22:58:19.034 [main] INFO  c.gettingstarted.TimedLogic - [TIMEDLOGIC] Market is open
22:58:19.034 [main] INFO  c.gettingstarted.MyAlgoLogic - [MYALGO] Have:47 children, want 5, done.
22:58:19.034 [main] INFO  c.gettingstarted.MyAlgoLogic - [MYALGO] active orders are 47
22:58:19.034 [main] INFO  c.gettingstarted.MyAlgoLogic - [MYALGO] Cancelling order:codingblackfemales.sotw.ChildOrder@1fb700ee
22:58:19.034 [main] INFO  c.gettingstarted.MyAlgoLogic - [MYALGO] option is present, number of active orders are 47
22:58:19.034 [main] INFO  c.container.Actioner - [ALGO] Actioner, sending action:CancelChildOrder(codingblackfemales.sotw.ChildOrder@1fb700ee)
22:58:19.034 [main] INFO  c.sequencer.consumer.LoggingConsumer - [105] [CancelOrder](sbeTemplateId=5|sbeSchemaId=2|sbeSchemaVersion=0|sbeBlockLength=8):orderId=30
22:58:19.034 [main] INFO  c.gettingstarted.MyAlgoLogic - [MYALGO] The state of the order book is:
|----BID-----||----ASK----|
   101 @ 100    100 @ 98
   200 @ 110    200 @ 95
  5000 @ 115    300 @ 91
|------------||-----------|

22:58:19.034 [main] INFO  c.gettingstarted.MyAlgoLogic - [MYALGO] Algo Sees Book as: 
|----BID-----||----ASK----|
   101 @ 100    100 @ 98
   200 @ 110    200 @ 95
  5000 @ 115    300 @ 91
|------------||-----------|

22:58:19.034 [main] INFO  c.gettingstarted.MyAlgoLogic - [Sheza5] market monitor size is 0
22:58:19.034 [main] INFO  c.gettingstarted.MyAlgoLogic - [MYALGO] Initial quantity100 price 98
Current market monitor list is 
MYALGO- Current market monitor size is 0
22:58:19.034 [main] INFO  c.gettingstarted.TimedLogic - [TIMEDLOGIC] Market is open
22:58:19.034 [main] INFO  c.gettingstarted.MyAlgoLogic - [MYALGO] Have:46 children, want 5, done.
22:58:19.034 [main] INFO  c.gettingstarted.MyAlgoLogic - [MYALGO] active orders are 46
22:58:19.034 [main] INFO  c.gettingstarted.MyAlgoLogic - [MYALGO] Cancelling order:codingblackfemales.sotw.ChildOrder@4f67eb2a
22:58:19.034 [main] INFO  c.gettingstarted.MyAlgoLogic - [MYALGO] option is present, number of active orders are 46
22:58:19.034 [main] INFO  c.container.Actioner - [ALGO] Actioner, sending action:CancelChildOrder(codingblackfemales.sotw.ChildOrder@4f67eb2a)
22:58:19.034 [main] INFO  c.sequencer.consumer.LoggingConsumer - [106] [CancelOrder](sbeTemplateId=5|sbeSchemaId=2|sbeSchemaVersion=0|sbeBlockLength=8):orderId=31
22:58:19.034 [main] INFO  c.gettingstarted.MyAlgoLogic - [MYALGO] The state of the order book is:
|----BID-----||----ASK----|
   101 @ 100    100 @ 98
   200 @ 110    200 @ 95
  5000 @ 115    300 @ 91
|------------||-----------|

22:58:19.034 [main] INFO  c.gettingstarted.MyAlgoLogic - [MYALGO] Algo Sees Book as: 
|----BID-----||----ASK----|
   101 @ 100    100 @ 98
   200 @ 110    200 @ 95
  5000 @ 115    300 @ 91
|------------||-----------|

22:58:19.034 [main] INFO  c.gettingstarted.MyAlgoLogic - [Sheza5] market monitor size is 0
22:58:19.034 [main] INFO  c.gettingstarted.MyAlgoLogic - [MYALGO] Initial quantity100 price 98
Current market monitor list is 
MYALGO- Current market monitor size is 0
22:58:19.034 [main] INFO  c.gettingstarted.TimedLogic - [TIMEDLOGIC] Market is open
22:58:19.036 [main] INFO  c.gettingstarted.MyAlgoLogic - [MYALGO] Have:45 children, want 5, done.
22:58:19.036 [main] INFO  c.gettingstarted.MyAlgoLogic - [MYALGO] active orders are 45
22:58:19.036 [main] INFO  c.gettingstarted.MyAlgoLogic - [MYALGO] Cancelling order:codingblackfemales.sotw.ChildOrder@4a668b6e
22:58:19.036 [main] INFO  c.gettingstarted.MyAlgoLogic - [MYALGO] option is present, number of active orders are 45
22:58:19.036 [main] INFO  c.container.Actioner - [ALGO] Actioner, sending action:CancelChildOrder(codingblackfemales.sotw.ChildOrder@4a668b6e)
22:58:19.036 [main] INFO  c.sequencer.consumer.LoggingConsumer - [107] [CancelOrder](sbeTemplateId=5|sbeSchemaId=2|sbeSchemaVersion=0|sbeBlockLength=8):orderId=32
22:58:19.036 [main] INFO  c.gettingstarted.MyAlgoLogic - [MYALGO] The state of the order book is:
|----BID-----||----ASK----|
   101 @ 100    100 @ 98
   200 @ 110    200 @ 95
  5000 @ 115    300 @ 91
|------------||-----------|

22:58:19.036 [main] INFO  c.gettingstarted.MyAlgoLogic - [MYALGO] Algo Sees Book as: 
|----BID-----||----ASK----|
   101 @ 100    100 @ 98
   200 @ 110    200 @ 95
  5000 @ 115    300 @ 91
|------------||-----------|

22:58:19.036 [main] INFO  c.gettingstarted.MyAlgoLogic - [Sheza5] market monitor size is 0
22:58:19.036 [main] INFO  c.gettingstarted.MyAlgoLogic - [MYALGO] Initial quantity100 price 98
Current market monitor list is 
MYALGO- Current market monitor size is 0
22:58:19.036 [main] INFO  c.gettingstarted.TimedLogic - [TIMEDLOGIC] Market is open
22:58:19.036 [main] INFO  c.gettingstarted.MyAlgoLogic - [MYALGO] Have:44 children, want 5, done.
22:58:19.036 [main] INFO  c.gettingstarted.MyAlgoLogic - [MYALGO] active orders are 44
22:58:19.036 [main] INFO  c.gettingstarted.MyAlgoLogic - [MYALGO] Cancelling order:codingblackfemales.sotw.ChildOrder@5f683daf
22:58:19.036 [main] INFO  c.gettingstarted.MyAlgoLogic - [MYALGO] option is present, number of active orders are 44
22:58:19.036 [main] INFO  c.container.Actioner - [ALGO] Actioner, sending action:CancelChildOrder(codingblackfemales.sotw.ChildOrder@5f683daf)
22:58:19.036 [main] INFO  c.sequencer.consumer.LoggingConsumer - [108] [CancelOrder](sbeTemplateId=5|sbeSchemaId=2|sbeSchemaVersion=0|sbeBlockLength=8):orderId=33
22:58:19.036 [main] INFO  c.gettingstarted.MyAlgoLogic - [MYALGO] The state of the order book is:
|----BID-----||----ASK----|
   101 @ 100    100 @ 98
   200 @ 110    200 @ 95
  5000 @ 115    300 @ 91
|------------||-----------|

22:58:19.036 [main] INFO  c.gettingstarted.MyAlgoLogic - [MYALGO] Algo Sees Book as: 
|----BID-----||----ASK----|
   101 @ 100    100 @ 98
   200 @ 110    200 @ 95
  5000 @ 115    300 @ 91
|------------||-----------|

22:58:19.036 [main] INFO  c.gettingstarted.MyAlgoLogic - [Sheza5] market monitor size is 0
22:58:19.036 [main] INFO  c.gettingstarted.MyAlgoLogic - [MYALGO] Initial quantity100 price 98
Current market monitor list is 
MYALGO- Current market monitor size is 0
22:58:19.036 [main] INFO  c.gettingstarted.TimedLogic - [TIMEDLOGIC] Market is open
22:58:19.036 [main] INFO  c.gettingstarted.MyAlgoLogic - [MYALGO] Have:43 children, want 5, done.
22:58:19.036 [main] INFO  c.gettingstarted.MyAlgoLogic - [MYALGO] active orders are 43
22:58:19.036 [main] INFO  c.gettingstarted.MyAlgoLogic - [MYALGO] Cancelling order:codingblackfemales.sotw.ChildOrder@78ffe6dc
22:58:19.036 [main] INFO  c.gettingstarted.MyAlgoLogic - [MYALGO] option is present, number of active orders are 43
22:58:19.036 [main] INFO  c.container.Actioner - [ALGO] Actioner, sending action:CancelChildOrder(codingblackfemales.sotw.ChildOrder@78ffe6dc)
22:58:19.036 [main] INFO  c.sequencer.consumer.LoggingConsumer - [109] [CancelOrder](sbeTemplateId=5|sbeSchemaId=2|sbeSchemaVersion=0|sbeBlockLength=8):orderId=34
22:58:19.036 [main] INFO  c.gettingstarted.MyAlgoLogic - [MYALGO] The state of the order book is:
|----BID-----||----ASK----|
   101 @ 100    100 @ 98
   200 @ 110    200 @ 95
  5000 @ 115    300 @ 91
|------------||-----------|

22:58:19.036 [main] INFO  c.gettingstarted.MyAlgoLogic - [MYALGO] Algo Sees Book as: 
|----BID-----||----ASK----|
   101 @ 100    100 @ 98
   200 @ 110    200 @ 95
  5000 @ 115    300 @ 91
|------------||-----------|

22:58:19.036 [main] INFO  c.gettingstarted.MyAlgoLogic - [Sheza5] market monitor size is 0
22:58:19.036 [main] INFO  c.gettingstarted.MyAlgoLogic - [MYALGO] Initial quantity100 price 98
Current market monitor list is 
MYALGO- Current market monitor size is 0
22:58:19.036 [main] INFO  c.gettingstarted.TimedLogic - [TIMEDLOGIC] Market is open
22:58:19.036 [main] INFO  c.gettingstarted.MyAlgoLogic - [MYALGO] Have:42 children, want 5, done.
22:58:19.036 [main] INFO  c.gettingstarted.MyAlgoLogic - [MYALGO] active orders are 42
22:58:19.036 [main] INFO  c.gettingstarted.MyAlgoLogic - [MYALGO] Cancelling order:codingblackfemales.sotw.ChildOrder@8317c52
22:58:19.036 [main] INFO  c.gettingstarted.MyAlgoLogic - [MYALGO] option is present, number of active orders are 42
22:58:19.036 [main] INFO  c.container.Actioner - [ALGO] Actioner, sending action:CancelChildOrder(codingblackfemales.sotw.ChildOrder@8317c52)
22:58:19.036 [main] INFO  c.sequencer.consumer.LoggingConsumer - [110] [CancelOrder](sbeTemplateId=5|sbeSchemaId=2|sbeSchemaVersion=0|sbeBlockLength=8):orderId=35
22:58:19.036 [main] INFO  c.gettingstarted.MyAlgoLogic - [MYALGO] The state of the order book is:
|----BID-----||----ASK----|
   101 @ 100    100 @ 98
   200 @ 110    200 @ 95
  5000 @ 115    300 @ 91
|------------||-----------|

22:58:19.036 [main] INFO  c.gettingstarted.MyAlgoLogic - [MYALGO] Algo Sees Book as: 
|----BID-----||----ASK----|
   101 @ 100    100 @ 98
   200 @ 110    200 @ 95
  5000 @ 115    300 @ 91
|------------||-----------|

22:58:19.036 [main] INFO  c.gettingstarted.MyAlgoLogic - [Sheza5] market monitor size is 0
22:58:19.036 [main] INFO  c.gettingstarted.MyAlgoLogic - [MYALGO] Initial quantity100 price 98
Current market monitor list is 
MYALGO- Current market monitor size is 0
22:58:19.036 [main] INFO  c.gettingstarted.TimedLogic - [TIMEDLOGIC] Market is open
22:58:19.036 [main] INFO  c.gettingstarted.MyAlgoLogic - [MYALGO] Have:41 children, want 5, done.
22:58:19.036 [main] INFO  c.gettingstarted.MyAlgoLogic - [MYALGO] active orders are 41
22:58:19.036 [main] INFO  c.gettingstarted.MyAlgoLogic - [MYALGO] Cancelling order:codingblackfemales.sotw.ChildOrder@76f2bbc1
22:58:19.036 [main] INFO  c.gettingstarted.MyAlgoLogic - [MYALGO] option is present, number of active orders are 41
22:58:19.036 [main] INFO  c.container.Actioner - [ALGO] Actioner, sending action:CancelChildOrder(codingblackfemales.sotw.ChildOrder@76f2bbc1)
22:58:19.036 [main] INFO  c.sequencer.consumer.LoggingConsumer - [111] [CancelOrder](sbeTemplateId=5|sbeSchemaId=2|sbeSchemaVersion=0|sbeBlockLength=8):orderId=36
22:58:19.036 [main] INFO  c.gettingstarted.MyAlgoLogic - [MYALGO] The state of the order book is:
|----BID-----||----ASK----|
   101 @ 100    100 @ 98
   200 @ 110    200 @ 95
  5000 @ 115    300 @ 91
|------------||-----------|

22:58:19.036 [main] INFO  c.gettingstarted.MyAlgoLogic - [MYALGO] Algo Sees Book as: 
|----BID-----||----ASK----|
   101 @ 100    100 @ 98
   200 @ 110    200 @ 95
  5000 @ 115    300 @ 91
|------------||-----------|

22:58:19.036 [main] INFO  c.gettingstarted.MyAlgoLogic - [Sheza5] market monitor size is 0
22:58:19.036 [main] INFO  c.gettingstarted.MyAlgoLogic - [MYALGO] Initial quantity100 price 98
Current market monitor list is 
MYALGO- Current market monitor size is 0
22:58:19.036 [main] INFO  c.gettingstarted.TimedLogic - [TIMEDLOGIC] Market is open
22:58:19.036 [main] INFO  c.gettingstarted.MyAlgoLogic - [MYALGO] Have:40 children, want 5, done.
22:58:19.036 [main] INFO  c.gettingstarted.MyAlgoLogic - [MYALGO] active orders are 40
22:58:19.036 [main] INFO  c.gettingstarted.MyAlgoLogic - [MYALGO] Cancelling order:codingblackfemales.sotw.ChildOrder@68e965f5
22:58:19.036 [main] INFO  c.gettingstarted.MyAlgoLogic - [MYALGO] option is present, number of active orders are 40
22:58:19.036 [main] INFO  c.container.Actioner - [ALGO] Actioner, sending action:CancelChildOrder(codingblackfemales.sotw.ChildOrder@68e965f5)
22:58:19.036 [main] INFO  c.sequencer.consumer.LoggingConsumer - [112] [CancelOrder](sbeTemplateId=5|sbeSchemaId=2|sbeSchemaVersion=0|sbeBlockLength=8):orderId=37
22:58:19.036 [main] INFO  c.gettingstarted.MyAlgoLogic - [MYALGO] The state of the order book is:
|----BID-----||----ASK----|
   101 @ 100    100 @ 98
   200 @ 110    200 @ 95
  5000 @ 115    300 @ 91
|------------||-----------|

22:58:19.036 [main] INFO  c.gettingstarted.MyAlgoLogic - [MYALGO] Algo Sees Book as: 
|----BID-----||----ASK----|
   101 @ 100    100 @ 98
   200 @ 110    200 @ 95
  5000 @ 115    300 @ 91
|------------||-----------|

22:58:19.036 [main] INFO  c.gettingstarted.MyAlgoLogic - [Sheza5] market monitor size is 0
22:58:19.036 [main] INFO  c.gettingstarted.MyAlgoLogic - [MYALGO] Initial quantity100 price 98
Current market monitor list is 
MYALGO- Current market monitor size is 0
22:58:19.036 [main] INFO  c.gettingstarted.TimedLogic - [TIMEDLOGIC] Market is open
22:58:19.036 [main] INFO  c.gettingstarted.MyAlgoLogic - [MYALGO] Have:39 children, want 5, done.
22:58:19.036 [main] INFO  c.gettingstarted.MyAlgoLogic - [MYALGO] active orders are 39
22:58:19.036 [main] INFO  c.gettingstarted.MyAlgoLogic - [MYALGO] Cancelling order:codingblackfemales.sotw.ChildOrder@6f27a732
22:58:19.036 [main] INFO  c.gettingstarted.MyAlgoLogic - [MYALGO] option is present, number of active orders are 39
22:58:19.036 [main] INFO  c.container.Actioner - [ALGO] Actioner, sending action:CancelChildOrder(codingblackfemales.sotw.ChildOrder@6f27a732)
22:58:19.036 [main] INFO  c.sequencer.consumer.LoggingConsumer - [113] [CancelOrder](sbeTemplateId=5|sbeSchemaId=2|sbeSchemaVersion=0|sbeBlockLength=8):orderId=38
22:58:19.036 [main] INFO  c.gettingstarted.MyAlgoLogic - [MYALGO] The state of the order book is:
|----BID-----||----ASK----|
   101 @ 100    100 @ 98
   200 @ 110    200 @ 95
  5000 @ 115    300 @ 91
|------------||-----------|

22:58:19.036 [main] INFO  c.gettingstarted.MyAlgoLogic - [MYALGO] Algo Sees Book as: 
|----BID-----||----ASK----|
   101 @ 100    100 @ 98
   200 @ 110    200 @ 95
  5000 @ 115    300 @ 91
|------------||-----------|

22:58:19.036 [main] INFO  c.gettingstarted.MyAlgoLogic - [Sheza5] market monitor size is 0
22:58:19.036 [main] INFO  c.gettingstarted.MyAlgoLogic - [MYALGO] Initial quantity100 price 98
Current market monitor list is 
MYALGO- Current market monitor size is 0
22:58:19.036 [main] INFO  c.gettingstarted.TimedLogic - [TIMEDLOGIC] Market is open
22:58:19.036 [main] INFO  c.gettingstarted.MyAlgoLogic - [MYALGO] Have:38 children, want 5, done.
22:58:19.036 [main] INFO  c.gettingstarted.MyAlgoLogic - [MYALGO] active orders are 38
22:58:19.036 [main] INFO  c.gettingstarted.MyAlgoLogic - [MYALGO] Cancelling order:codingblackfemales.sotw.ChildOrder@6c779568
22:58:19.036 [main] INFO  c.gettingstarted.MyAlgoLogic - [MYALGO] option is present, number of active orders are 38
22:58:19.036 [main] INFO  c.container.Actioner - [ALGO] Actioner, sending action:CancelChildOrder(codingblackfemales.sotw.ChildOrder@6c779568)
22:58:19.036 [main] INFO  c.sequencer.consumer.LoggingConsumer - [114] [CancelOrder](sbeTemplateId=5|sbeSchemaId=2|sbeSchemaVersion=0|sbeBlockLength=8):orderId=39
22:58:19.044 [main] INFO  c.gettingstarted.MyAlgoLogic - [MYALGO] The state of the order book is:
|----BID-----||----ASK----|
   101 @ 100    100 @ 98
   200 @ 110    200 @ 95
  5000 @ 115    300 @ 91
|------------||-----------|

22:58:19.044 [main] INFO  c.gettingstarted.MyAlgoLogic - [MYALGO] Algo Sees Book as: 
|----BID-----||----ASK----|
   101 @ 100    100 @ 98
   200 @ 110    200 @ 95
  5000 @ 115    300 @ 91
|------------||-----------|

22:58:19.044 [main] INFO  c.gettingstarted.MyAlgoLogic - [Sheza5] market monitor size is 0
22:58:19.044 [main] INFO  c.gettingstarted.MyAlgoLogic - [MYALGO] Initial quantity100 price 98
Current market monitor list is 
MYALGO- Current market monitor size is 0
22:58:19.044 [main] INFO  c.gettingstarted.TimedLogic - [TIMEDLOGIC] Market is open
22:58:19.044 [main] INFO  c.gettingstarted.MyAlgoLogic - [MYALGO] Have:37 children, want 5, done.
22:58:19.044 [main] INFO  c.gettingstarted.MyAlgoLogic - [MYALGO] active orders are 37
22:58:19.044 [main] INFO  c.gettingstarted.MyAlgoLogic - [MYALGO] Cancelling order:codingblackfemales.sotw.ChildOrder@f381794
22:58:19.044 [main] INFO  c.gettingstarted.MyAlgoLogic - [MYALGO] option is present, number of active orders are 37
22:58:19.044 [main] INFO  c.container.Actioner - [ALGO] Actioner, sending action:CancelChildOrder(codingblackfemales.sotw.ChildOrder@f381794)
22:58:19.044 [main] INFO  c.sequencer.consumer.LoggingConsumer - [115] [CancelOrder](sbeTemplateId=5|sbeSchemaId=2|sbeSchemaVersion=0|sbeBlockLength=8):orderId=40
22:58:19.044 [main] INFO  c.gettingstarted.MyAlgoLogic - [MYALGO] The state of the order book is:
|----BID-----||----ASK----|
   101 @ 100    100 @ 98
   200 @ 110    200 @ 95
  5000 @ 115    300 @ 91
|------------||-----------|

22:58:19.044 [main] INFO  c.gettingstarted.MyAlgoLogic - [MYALGO] Algo Sees Book as: 
|----BID-----||----ASK----|
   101 @ 100    100 @ 98
   200 @ 110    200 @ 95
  5000 @ 115    300 @ 91
|------------||-----------|

22:58:19.044 [main] INFO  c.gettingstarted.MyAlgoLogic - [Sheza5] market monitor size is 0
22:58:19.044 [main] INFO  c.gettingstarted.MyAlgoLogic - [MYALGO] Initial quantity100 price 98
Current market monitor list is 
MYALGO- Current market monitor size is 0
22:58:19.044 [main] INFO  c.gettingstarted.TimedLogic - [TIMEDLOGIC] Market is open
22:58:19.047 [main] INFO  c.gettingstarted.MyAlgoLogic - [MYALGO] Have:36 children, want 5, done.
22:58:19.051 [main] INFO  c.gettingstarted.MyAlgoLogic - [MYALGO] active orders are 36
22:58:19.052 [main] INFO  c.gettingstarted.MyAlgoLogic - [MYALGO] Cancelling order:codingblackfemales.sotw.ChildOrder@2cdd0d4b
22:58:19.052 [main] INFO  c.gettingstarted.MyAlgoLogic - [MYALGO] option is present, number of active orders are 36
22:58:19.052 [main] INFO  c.container.Actioner - [ALGO] Actioner, sending action:CancelChildOrder(codingblackfemales.sotw.ChildOrder@2cdd0d4b)
22:58:19.052 [main] INFO  c.sequencer.consumer.LoggingConsumer - [116] [CancelOrder](sbeTemplateId=5|sbeSchemaId=2|sbeSchemaVersion=0|sbeBlockLength=8):orderId=41
22:58:19.053 [main] INFO  c.gettingstarted.MyAlgoLogic - [MYALGO] The state of the order book is:
|----BID-----||----ASK----|
   101 @ 100    100 @ 98
   200 @ 110    200 @ 95
  5000 @ 115    300 @ 91
|------------||-----------|

22:58:19.053 [main] INFO  c.gettingstarted.MyAlgoLogic - [MYALGO] Algo Sees Book as: 
|----BID-----||----ASK----|
   101 @ 100    100 @ 98
   200 @ 110    200 @ 95
  5000 @ 115    300 @ 91
|------------||-----------|

22:58:19.053 [main] INFO  c.gettingstarted.MyAlgoLogic - [Sheza5] market monitor size is 0
22:58:19.053 [main] INFO  c.gettingstarted.MyAlgoLogic - [MYALGO] Initial quantity100 price 98
Current market monitor list is 
MYALGO- Current market monitor size is 0
22:58:19.053 [main] INFO  c.gettingstarted.TimedLogic - [TIMEDLOGIC] Market is open
22:58:19.053 [main] INFO  c.gettingstarted.MyAlgoLogic - [MYALGO] Have:35 children, want 5, done.
22:58:19.053 [main] INFO  c.gettingstarted.MyAlgoLogic - [MYALGO] active orders are 35
22:58:19.053 [main] INFO  c.gettingstarted.MyAlgoLogic - [MYALGO] Cancelling order:codingblackfemales.sotw.ChildOrder@7e9131d5
22:58:19.053 [main] INFO  c.gettingstarted.MyAlgoLogic - [MYALGO] option is present, number of active orders are 35
22:58:19.053 [main] INFO  c.container.Actioner - [ALGO] Actioner, sending action:CancelChildOrder(codingblackfemales.sotw.ChildOrder@7e9131d5)
22:58:19.053 [main] INFO  c.sequencer.consumer.LoggingConsumer - [117] [CancelOrder](sbeTemplateId=5|sbeSchemaId=2|sbeSchemaVersion=0|sbeBlockLength=8):orderId=42
22:58:19.053 [main] INFO  c.gettingstarted.MyAlgoLogic - [MYALGO] The state of the order book is:
|----BID-----||----ASK----|
   101 @ 100    100 @ 98
   200 @ 110    200 @ 95
  5000 @ 115    300 @ 91
|------------||-----------|

22:58:19.053 [main] INFO  c.gettingstarted.MyAlgoLogic - [MYALGO] Algo Sees Book as: 
|----BID-----||----ASK----|
   101 @ 100    100 @ 98
   200 @ 110    200 @ 95
  5000 @ 115    300 @ 91
|------------||-----------|

22:58:19.053 [main] INFO  c.gettingstarted.MyAlgoLogic - [Sheza5] market monitor size is 0
22:58:19.053 [main] INFO  c.gettingstarted.MyAlgoLogic - [MYALGO] Initial quantity100 price 98
Current market monitor list is 
MYALGO- Current market monitor size is 0
22:58:19.060 [main] INFO  c.gettingstarted.TimedLogic - [TIMEDLOGIC] Market is open
22:58:19.060 [main] INFO  c.gettingstarted.MyAlgoLogic - [MYALGO] Have:34 children, want 5, done.
22:58:19.060 [main] INFO  c.gettingstarted.MyAlgoLogic - [MYALGO] active orders are 34
22:58:19.060 [main] INFO  c.gettingstarted.MyAlgoLogic - [MYALGO] Cancelling order:codingblackfemales.sotw.ChildOrder@2e1d27ba
22:58:19.060 [main] INFO  c.gettingstarted.MyAlgoLogic - [MYALGO] option is present, number of active orders are 34
22:58:19.060 [main] INFO  c.container.Actioner - [ALGO] Actioner, sending action:CancelChildOrder(codingblackfemales.sotw.ChildOrder@2e1d27ba)
22:58:19.060 [main] INFO  c.sequencer.consumer.LoggingConsumer - [118] [CancelOrder](sbeTemplateId=5|sbeSchemaId=2|sbeSchemaVersion=0|sbeBlockLength=8):orderId=43
22:58:19.060 [main] INFO  c.gettingstarted.MyAlgoLogic - [MYALGO] The state of the order book is:
|----BID-----||----ASK----|
   101 @ 100    100 @ 98
   200 @ 110    200 @ 95
  5000 @ 115    300 @ 91
|------------||-----------|

22:58:19.060 [main] INFO  c.gettingstarted.MyAlgoLogic - [MYALGO] Algo Sees Book as: 
|----BID-----||----ASK----|
   101 @ 100    100 @ 98
   200 @ 110    200 @ 95
  5000 @ 115    300 @ 91
|------------||-----------|

22:58:19.060 [main] INFO  c.gettingstarted.MyAlgoLogic - [Sheza5] market monitor size is 0
22:58:19.061 [main] INFO  c.gettingstarted.MyAlgoLogic - [MYALGO] Initial quantity100 price 98
Current market monitor list is 
MYALGO- Current market monitor size is 0
22:58:19.061 [main] INFO  c.gettingstarted.TimedLogic - [TIMEDLOGIC] Market is open
22:58:19.061 [main] INFO  c.gettingstarted.MyAlgoLogic - [MYALGO] Have:33 children, want 5, done.
22:58:19.061 [main] INFO  c.gettingstarted.MyAlgoLogic - [MYALGO] active orders are 33
22:58:19.061 [main] INFO  c.gettingstarted.MyAlgoLogic - [MYALGO] Cancelling order:codingblackfemales.sotw.ChildOrder@61d6015a
22:58:19.061 [main] INFO  c.gettingstarted.MyAlgoLogic - [MYALGO] option is present, number of active orders are 33
22:58:19.061 [main] INFO  c.container.Actioner - [ALGO] Actioner, sending action:CancelChildOrder(codingblackfemales.sotw.ChildOrder@61d6015a)
22:58:19.062 [main] INFO  c.sequencer.consumer.LoggingConsumer - [119] [CancelOrder](sbeTemplateId=5|sbeSchemaId=2|sbeSchemaVersion=0|sbeBlockLength=8):orderId=44
22:58:19.062 [main] INFO  c.gettingstarted.MyAlgoLogic - [MYALGO] The state of the order book is:
|----BID-----||----ASK----|
   101 @ 100    100 @ 98
   200 @ 110    200 @ 95
  5000 @ 115    300 @ 91
|------------||-----------|

22:58:19.063 [main] INFO  c.gettingstarted.MyAlgoLogic - [MYALGO] Algo Sees Book as: 
|----BID-----||----ASK----|
   101 @ 100    100 @ 98
   200 @ 110    200 @ 95
  5000 @ 115    300 @ 91
|------------||-----------|

22:58:19.063 [main] INFO  c.gettingstarted.MyAlgoLogic - [Sheza5] market monitor size is 0
22:58:19.063 [main] INFO  c.gettingstarted.MyAlgoLogic - [MYALGO] Initial quantity100 price 98
Current market monitor list is 
MYALGO- Current market monitor size is 0
22:58:19.063 [main] INFO  c.gettingstarted.TimedLogic - [TIMEDLOGIC] Market is open
22:58:19.063 [main] INFO  c.gettingstarted.MyAlgoLogic - [MYALGO] Have:32 children, want 5, done.
22:58:19.063 [main] INFO  c.gettingstarted.MyAlgoLogic - [MYALGO] active orders are 32
22:58:19.063 [main] INFO  c.gettingstarted.MyAlgoLogic - [MYALGO] Cancelling order:codingblackfemales.sotw.ChildOrder@2525ff7e
22:58:19.063 [main] INFO  c.gettingstarted.MyAlgoLogic - [MYALGO] option is present, number of active orders are 32
22:58:19.063 [main] INFO  c.container.Actioner - [ALGO] Actioner, sending action:CancelChildOrder(codingblackfemales.sotw.ChildOrder@2525ff7e)
22:58:19.063 [main] INFO  c.sequencer.consumer.LoggingConsumer - [120] [CancelOrder](sbeTemplateId=5|sbeSchemaId=2|sbeSchemaVersion=0|sbeBlockLength=8):orderId=45
22:58:19.063 [main] INFO  c.gettingstarted.MyAlgoLogic - [MYALGO] The state of the order book is:
|----BID-----||----ASK----|
   101 @ 100    100 @ 98
   200 @ 110    200 @ 95
  5000 @ 115    300 @ 91
|------------||-----------|

22:58:19.064 [main] INFO  c.gettingstarted.MyAlgoLogic - [MYALGO] Algo Sees Book as: 
|----BID-----||----ASK----|
   101 @ 100    100 @ 98
   200 @ 110    200 @ 95
  5000 @ 115    300 @ 91
|------------||-----------|

22:58:19.064 [main] INFO  c.gettingstarted.MyAlgoLogic - [Sheza5] market monitor size is 0
22:58:19.064 [main] INFO  c.gettingstarted.MyAlgoLogic - [MYALGO] Initial quantity100 price 98
Current market monitor list is 
MYALGO- Current market monitor size is 0
22:58:19.065 [main] INFO  c.gettingstarted.TimedLogic - [TIMEDLOGIC] Market is open
22:58:19.065 [main] INFO  c.gettingstarted.MyAlgoLogic - [MYALGO] Have:31 children, want 5, done.
22:58:19.065 [main] INFO  c.gettingstarted.MyAlgoLogic - [MYALGO] active orders are 31
22:58:19.065 [main] INFO  c.gettingstarted.MyAlgoLogic - [MYALGO] Cancelling order:codingblackfemales.sotw.ChildOrder@524d6d96
22:58:19.065 [main] INFO  c.gettingstarted.MyAlgoLogic - [MYALGO] option is present, number of active orders are 31
22:58:19.065 [main] INFO  c.container.Actioner - [ALGO] Actioner, sending action:CancelChildOrder(codingblackfemales.sotw.ChildOrder@524d6d96)
22:58:19.065 [main] INFO  c.sequencer.consumer.LoggingConsumer - [121] [CancelOrder](sbeTemplateId=5|sbeSchemaId=2|sbeSchemaVersion=0|sbeBlockLength=8):orderId=46
22:58:19.065 [main] INFO  c.gettingstarted.MyAlgoLogic - [MYALGO] The state of the order book is:
|----BID-----||----ASK----|
   101 @ 100    100 @ 98
   200 @ 110    200 @ 95
  5000 @ 115    300 @ 91
|------------||-----------|

22:58:19.066 [main] INFO  c.gettingstarted.MyAlgoLogic - [MYALGO] Algo Sees Book as: 
|----BID-----||----ASK----|
   101 @ 100    100 @ 98
   200 @ 110    200 @ 95
  5000 @ 115    300 @ 91
|------------||-----------|

22:58:19.066 [main] INFO  c.gettingstarted.MyAlgoLogic - [Sheza5] market monitor size is 0
22:58:19.066 [main] INFO  c.gettingstarted.MyAlgoLogic - [MYALGO] Initial quantity100 price 98
Current market monitor list is 
MYALGO- Current market monitor size is 0
22:58:19.066 [main] INFO  c.gettingstarted.TimedLogic - [TIMEDLOGIC] Market is open
22:58:19.066 [main] INFO  c.gettingstarted.MyAlgoLogic - [MYALGO] Have:30 children, want 5, done.
22:58:19.066 [main] INFO  c.gettingstarted.MyAlgoLogic - [MYALGO] active orders are 30
22:58:19.066 [main] INFO  c.gettingstarted.MyAlgoLogic - [MYALGO] Cancelling order:codingblackfemales.sotw.ChildOrder@152aa092
22:58:19.066 [main] INFO  c.gettingstarted.MyAlgoLogic - [MYALGO] option is present, number of active orders are 30
22:58:19.066 [main] INFO  c.container.Actioner - [ALGO] Actioner, sending action:CancelChildOrder(codingblackfemales.sotw.ChildOrder@152aa092)
22:58:19.066 [main] INFO  c.sequencer.consumer.LoggingConsumer - [122] [CancelOrder](sbeTemplateId=5|sbeSchemaId=2|sbeSchemaVersion=0|sbeBlockLength=8):orderId=47
22:58:19.066 [main] INFO  c.gettingstarted.MyAlgoLogic - [MYALGO] The state of the order book is:
|----BID-----||----ASK----|
   101 @ 100    100 @ 98
   200 @ 110    200 @ 95
  5000 @ 115    300 @ 91
|------------||-----------|

22:58:19.067 [main] INFO  c.gettingstarted.MyAlgoLogic - [MYALGO] Algo Sees Book as: 
|----BID-----||----ASK----|
   101 @ 100    100 @ 98
   200 @ 110    200 @ 95
  5000 @ 115    300 @ 91
|------------||-----------|

22:58:19.067 [main] INFO  c.gettingstarted.MyAlgoLogic - [Sheza5] market monitor size is 0
22:58:19.067 [main] INFO  c.gettingstarted.MyAlgoLogic - [MYALGO] Initial quantity100 price 98
Current market monitor list is 
MYALGO- Current market monitor size is 0
22:58:19.067 [main] INFO  c.gettingstarted.TimedLogic - [TIMEDLOGIC] Market is open
22:58:19.067 [main] INFO  c.gettingstarted.MyAlgoLogic - [MYALGO] Have:29 children, want 5, done.
22:58:19.067 [main] INFO  c.gettingstarted.MyAlgoLogic - [MYALGO] active orders are 29
22:58:19.067 [main] INFO  c.gettingstarted.MyAlgoLogic - [MYALGO] Cancelling order:codingblackfemales.sotw.ChildOrder@44a7bfbc
22:58:19.067 [main] INFO  c.gettingstarted.MyAlgoLogic - [MYALGO] option is present, number of active orders are 29
22:58:19.067 [main] INFO  c.container.Actioner - [ALGO] Actioner, sending action:CancelChildOrder(codingblackfemales.sotw.ChildOrder@44a7bfbc)
22:58:19.067 [main] INFO  c.sequencer.consumer.LoggingConsumer - [123] [CancelOrder](sbeTemplateId=5|sbeSchemaId=2|sbeSchemaVersion=0|sbeBlockLength=8):orderId=48
22:58:19.067 [main] INFO  c.gettingstarted.MyAlgoLogic - [MYALGO] The state of the order book is:
|----BID-----||----ASK----|
   101 @ 100    100 @ 98
   200 @ 110    200 @ 95
  5000 @ 115    300 @ 91
|------------||-----------|

22:58:19.067 [main] INFO  c.gettingstarted.MyAlgoLogic - [MYALGO] Algo Sees Book as: 
|----BID-----||----ASK----|
   101 @ 100    100 @ 98
   200 @ 110    200 @ 95
  5000 @ 115    300 @ 91
|------------||-----------|

22:58:19.067 [main] INFO  c.gettingstarted.MyAlgoLogic - [Sheza5] market monitor size is 0
22:58:19.067 [main] INFO  c.gettingstarted.MyAlgoLogic - [MYALGO] Initial quantity100 price 98
Current market monitor list is 
MYALGO- Current market monitor size is 0
22:58:19.067 [main] INFO  c.gettingstarted.TimedLogic - [TIMEDLOGIC] Market is open
22:58:19.067 [main] INFO  c.gettingstarted.MyAlgoLogic - [MYALGO] Have:28 children, want 5, done.
22:58:19.067 [main] INFO  c.gettingstarted.MyAlgoLogic - [MYALGO] active orders are 28
22:58:19.067 [main] INFO  c.gettingstarted.MyAlgoLogic - [MYALGO] Cancelling order:codingblackfemales.sotw.ChildOrder@4ef37659
22:58:19.067 [main] INFO  c.gettingstarted.MyAlgoLogic - [MYALGO] option is present, number of active orders are 28
22:58:19.067 [main] INFO  c.container.Actioner - [ALGO] Actioner, sending action:CancelChildOrder(codingblackfemales.sotw.ChildOrder@4ef37659)
22:58:19.067 [main] INFO  c.sequencer.consumer.LoggingConsumer - [124] [CancelOrder](sbeTemplateId=5|sbeSchemaId=2|sbeSchemaVersion=0|sbeBlockLength=8):orderId=49
22:58:19.067 [main] INFO  c.gettingstarted.MyAlgoLogic - [MYALGO] The state of the order book is:
|----BID-----||----ASK----|
   101 @ 100    100 @ 98
   200 @ 110    200 @ 95
  5000 @ 115    300 @ 91
|------------||-----------|

22:58:19.067 [main] INFO  c.gettingstarted.MyAlgoLogic - [MYALGO] Algo Sees Book as: 
|----BID-----||----ASK----|
   101 @ 100    100 @ 98
   200 @ 110    200 @ 95
  5000 @ 115    300 @ 91
|------------||-----------|

22:58:19.067 [main] INFO  c.gettingstarted.MyAlgoLogic - [Sheza5] market monitor size is 0
22:58:19.067 [main] INFO  c.gettingstarted.MyAlgoLogic - [MYALGO] Initial quantity100 price 98
Current market monitor list is 
MYALGO- Current market monitor size is 0
22:58:19.067 [main] INFO  c.gettingstarted.TimedLogic - [TIMEDLOGIC] Market is open
22:58:19.067 [main] INFO  c.gettingstarted.MyAlgoLogic - [MYALGO] Have:27 children, want 5, done.
22:58:19.067 [main] INFO  c.gettingstarted.MyAlgoLogic - [MYALGO] active orders are 27
22:58:19.067 [main] INFO  c.gettingstarted.MyAlgoLogic - [MYALGO] Cancelling order:codingblackfemales.sotw.ChildOrder@776b83cc
22:58:19.067 [main] INFO  c.gettingstarted.MyAlgoLogic - [MYALGO] option is present, number of active orders are 27
22:58:19.067 [main] INFO  c.container.Actioner - [ALGO] Actioner, sending action:CancelChildOrder(codingblackfemales.sotw.ChildOrder@776b83cc)
22:58:19.067 [main] INFO  c.sequencer.consumer.LoggingConsumer - [125] [CancelOrder](sbeTemplateId=5|sbeSchemaId=2|sbeSchemaVersion=0|sbeBlockLength=8):orderId=50
22:58:19.067 [main] INFO  c.gettingstarted.MyAlgoLogic - [MYALGO] The state of the order book is:
|----BID-----||----ASK----|
   101 @ 100    100 @ 98
   200 @ 110    200 @ 95
  5000 @ 115    300 @ 91
|------------||-----------|

22:58:19.067 [main] INFO  c.gettingstarted.MyAlgoLogic - [MYALGO] Algo Sees Book as: 
|----BID-----||----ASK----|
   101 @ 100    100 @ 98
   200 @ 110    200 @ 95
  5000 @ 115    300 @ 91
|------------||-----------|

22:58:19.067 [main] INFO  c.gettingstarted.MyAlgoLogic - [Sheza5] market monitor size is 0
22:58:19.067 [main] INFO  c.gettingstarted.MyAlgoLogic - [MYALGO] Initial quantity100 price 98
Current market monitor list is 
MYALGO- Current market monitor size is 0
22:58:19.067 [main] INFO  c.gettingstarted.TimedLogic - [TIMEDLOGIC] Market is open
22:58:19.067 [main] INFO  c.gettingstarted.MyAlgoLogic - [MYALGO] Have:26 children, want 5, done.
22:58:19.067 [main] INFO  c.gettingstarted.MyAlgoLogic - [MYALGO] active orders are 26
22:58:19.067 [main] INFO  c.gettingstarted.MyAlgoLogic - [MYALGO] Cancelling order:codingblackfemales.sotw.ChildOrder@37858383
22:58:19.067 [main] INFO  c.gettingstarted.MyAlgoLogic - [MYALGO] option is present, number of active orders are 26
22:58:19.067 [main] INFO  c.container.Actioner - [ALGO] Actioner, sending action:CancelChildOrder(codingblackfemales.sotw.ChildOrder@37858383)
22:58:19.067 [main] INFO  c.sequencer.consumer.LoggingConsumer - [126] [CancelOrder](sbeTemplateId=5|sbeSchemaId=2|sbeSchemaVersion=0|sbeBlockLength=8):orderId=51
22:58:19.067 [main] INFO  c.gettingstarted.MyAlgoLogic - [MYALGO] The state of the order book is:
|----BID-----||----ASK----|
   101 @ 100    100 @ 98
   200 @ 110    200 @ 95
  5000 @ 115    300 @ 91
|------------||-----------|

22:58:19.067 [main] INFO  c.gettingstarted.MyAlgoLogic - [MYALGO] Algo Sees Book as: 
|----BID-----||----ASK----|
   101 @ 100    100 @ 98
   200 @ 110    200 @ 95
  5000 @ 115    300 @ 91
|------------||-----------|

22:58:19.067 [main] INFO  c.gettingstarted.MyAlgoLogic - [Sheza5] market monitor size is 0
22:58:19.067 [main] INFO  c.gettingstarted.MyAlgoLogic - [MYALGO] Initial quantity100 price 98
Current market monitor list is 
MYALGO- Current market monitor size is 0
22:58:19.067 [main] INFO  c.gettingstarted.TimedLogic - [TIMEDLOGIC] Market is open
22:58:19.067 [main] INFO  c.gettingstarted.MyAlgoLogic - [MYALGO] Have:25 children, want 5, done.
22:58:19.067 [main] INFO  c.gettingstarted.MyAlgoLogic - [MYALGO] active orders are 25
22:58:19.067 [main] INFO  c.gettingstarted.MyAlgoLogic - [MYALGO] Cancelling order:codingblackfemales.sotw.ChildOrder@4e268090
22:58:19.067 [main] INFO  c.gettingstarted.MyAlgoLogic - [MYALGO] option is present, number of active orders are 25
22:58:19.067 [main] INFO  c.container.Actioner - [ALGO] Actioner, sending action:CancelChildOrder(codingblackfemales.sotw.ChildOrder@4e268090)
22:58:19.067 [main] INFO  c.sequencer.consumer.LoggingConsumer - [127] [CancelOrder](sbeTemplateId=5|sbeSchemaId=2|sbeSchemaVersion=0|sbeBlockLength=8):orderId=52
22:58:19.067 [main] INFO  c.gettingstarted.MyAlgoLogic - [MYALGO] The state of the order book is:
|----BID-----||----ASK----|
   101 @ 100    100 @ 98
   200 @ 110    200 @ 95
  5000 @ 115    300 @ 91
|------------||-----------|

22:58:19.067 [main] INFO  c.gettingstarted.MyAlgoLogic - [MYALGO] Algo Sees Book as: 
|----BID-----||----ASK----|
   101 @ 100    100 @ 98
   200 @ 110    200 @ 95
  5000 @ 115    300 @ 91
|------------||-----------|

22:58:19.067 [main] INFO  c.gettingstarted.MyAlgoLogic - [Sheza5] market monitor size is 0
22:58:19.076 [main] INFO  c.gettingstarted.MyAlgoLogic - [MYALGO] Initial quantity100 price 98
Current market monitor list is 
MYALGO- Current market monitor size is 0
22:58:19.076 [main] INFO  c.gettingstarted.TimedLogic - [TIMEDLOGIC] Market is open
22:58:19.076 [main] INFO  c.gettingstarted.MyAlgoLogic - [MYALGO] Have:24 children, want 5, done.
22:58:19.076 [main] INFO  c.gettingstarted.MyAlgoLogic - [MYALGO] active orders are 24
22:58:19.076 [main] INFO  c.gettingstarted.MyAlgoLogic - [MYALGO] Cancelling order:codingblackfemales.sotw.ChildOrder@1bb266b3
22:58:19.076 [main] INFO  c.gettingstarted.MyAlgoLogic - [MYALGO] option is present, number of active orders are 24
22:58:19.076 [main] INFO  c.container.Actioner - [ALGO] Actioner, sending action:CancelChildOrder(codingblackfemales.sotw.ChildOrder@1bb266b3)
22:58:19.076 [main] INFO  c.sequencer.consumer.LoggingConsumer - [128] [CancelOrder](sbeTemplateId=5|sbeSchemaId=2|sbeSchemaVersion=0|sbeBlockLength=8):orderId=53
22:58:19.076 [main] INFO  c.gettingstarted.MyAlgoLogic - [MYALGO] The state of the order book is:
|----BID-----||----ASK----|
   101 @ 100    100 @ 98
   200 @ 110    200 @ 95
  5000 @ 115    300 @ 91
|------------||-----------|

22:58:19.076 [main] INFO  c.gettingstarted.MyAlgoLogic - [MYALGO] Algo Sees Book as: 
|----BID-----||----ASK----|
   101 @ 100    100 @ 98
   200 @ 110    200 @ 95
  5000 @ 115    300 @ 91
|------------||-----------|

22:58:19.076 [main] INFO  c.gettingstarted.MyAlgoLogic - [Sheza5] market monitor size is 0
22:58:19.076 [main] INFO  c.gettingstarted.MyAlgoLogic - [MYALGO] Initial quantity100 price 98
Current market monitor list is 
MYALGO- Current market monitor size is 0
22:58:19.076 [main] INFO  c.gettingstarted.TimedLogic - [TIMEDLOGIC] Market is open
22:58:19.076 [main] INFO  c.gettingstarted.MyAlgoLogic - [MYALGO] Have:23 children, want 5, done.
22:58:19.076 [main] INFO  c.gettingstarted.MyAlgoLogic - [MYALGO] active orders are 23
22:58:19.076 [main] INFO  c.gettingstarted.MyAlgoLogic - [MYALGO] Cancelling order:codingblackfemales.sotw.ChildOrder@306cf3ea
22:58:19.076 [main] INFO  c.gettingstarted.MyAlgoLogic - [MYALGO] option is present, number of active orders are 23
22:58:19.076 [main] INFO  c.container.Actioner - [ALGO] Actioner, sending action:CancelChildOrder(codingblackfemales.sotw.ChildOrder@306cf3ea)
22:58:19.076 [main] INFO  c.sequencer.consumer.LoggingConsumer - [129] [CancelOrder](sbeTemplateId=5|sbeSchemaId=2|sbeSchemaVersion=0|sbeBlockLength=8):orderId=54
22:58:19.076 [main] INFO  c.gettingstarted.MyAlgoLogic - [MYALGO] The state of the order book is:
|----BID-----||----ASK----|
   101 @ 100    100 @ 98
   200 @ 110    200 @ 95
  5000 @ 115    300 @ 91
|------------||-----------|

22:58:19.076 [main] INFO  c.gettingstarted.MyAlgoLogic - [MYALGO] Algo Sees Book as: 
|----BID-----||----ASK----|
   101 @ 100    100 @ 98
   200 @ 110    200 @ 95
  5000 @ 115    300 @ 91
|------------||-----------|

22:58:19.076 [main] INFO  c.gettingstarted.MyAlgoLogic - [Sheza5] market monitor size is 0
22:58:19.076 [main] INFO  c.gettingstarted.MyAlgoLogic - [MYALGO] Initial quantity100 price 98
Current market monitor list is 
MYALGO- Current market monitor size is 0
22:58:19.076 [main] INFO  c.gettingstarted.TimedLogic - [TIMEDLOGIC] Market is open
22:58:19.076 [main] INFO  c.gettingstarted.MyAlgoLogic - [MYALGO] Have:22 children, want 5, done.
22:58:19.076 [main] INFO  c.gettingstarted.MyAlgoLogic - [MYALGO] active orders are 22
22:58:19.076 [main] INFO  c.gettingstarted.MyAlgoLogic - [MYALGO] Cancelling order:codingblackfemales.sotw.ChildOrder@2beee7ff
22:58:19.076 [main] INFO  c.gettingstarted.MyAlgoLogic - [MYALGO] option is present, number of active orders are 22
22:58:19.076 [main] INFO  c.container.Actioner - [ALGO] Actioner, sending action:CancelChildOrder(codingblackfemales.sotw.ChildOrder@2beee7ff)
22:58:19.076 [main] INFO  c.sequencer.consumer.LoggingConsumer - [130] [CancelOrder](sbeTemplateId=5|sbeSchemaId=2|sbeSchemaVersion=0|sbeBlockLength=8):orderId=55
22:58:19.076 [main] INFO  c.gettingstarted.MyAlgoLogic - [MYALGO] The state of the order book is:
|----BID-----||----ASK----|
   101 @ 100    100 @ 98
   200 @ 110    200 @ 95
  5000 @ 115    300 @ 91
|------------||-----------|

22:58:19.086 [main] INFO  c.gettingstarted.MyAlgoLogic - [MYALGO] Algo Sees Book as: 
|----BID-----||----ASK----|
   101 @ 100    100 @ 98
   200 @ 110    200 @ 95
  5000 @ 115    300 @ 91
|------------||-----------|

22:58:19.086 [main] INFO  c.gettingstarted.MyAlgoLogic - [Sheza5] market monitor size is 0
22:58:19.086 [main] INFO  c.gettingstarted.MyAlgoLogic - [MYALGO] Initial quantity100 price 98
Current market monitor list is 
MYALGO- Current market monitor size is 0
22:58:19.086 [main] INFO  c.gettingstarted.TimedLogic - [TIMEDLOGIC] Market is open
22:58:19.086 [main] INFO  c.gettingstarted.MyAlgoLogic - [MYALGO] Have:21 children, want 5, done.
22:58:19.086 [main] INFO  c.gettingstarted.MyAlgoLogic - [MYALGO] active orders are 21
22:58:19.086 [main] INFO  c.gettingstarted.MyAlgoLogic - [MYALGO] Cancelling order:codingblackfemales.sotw.ChildOrder@5136d012
22:58:19.086 [main] INFO  c.gettingstarted.MyAlgoLogic - [MYALGO] option is present, number of active orders are 21
22:58:19.086 [main] INFO  c.container.Actioner - [ALGO] Actioner, sending action:CancelChildOrder(codingblackfemales.sotw.ChildOrder@5136d012)
22:58:19.086 [main] INFO  c.sequencer.consumer.LoggingConsumer - [131] [CancelOrder](sbeTemplateId=5|sbeSchemaId=2|sbeSchemaVersion=0|sbeBlockLength=8):orderId=56
22:58:19.086 [main] INFO  c.gettingstarted.MyAlgoLogic - [MYALGO] The state of the order book is:
|----BID-----||----ASK----|
   101 @ 100    100 @ 98
   200 @ 110    200 @ 95
  5000 @ 115    300 @ 91
|------------||-----------|

22:58:19.086 [main] INFO  c.gettingstarted.MyAlgoLogic - [MYALGO] Algo Sees Book as: 
|----BID-----||----ASK----|
   101 @ 100    100 @ 98
   200 @ 110    200 @ 95
  5000 @ 115    300 @ 91
|------------||-----------|

22:58:19.086 [main] INFO  c.gettingstarted.MyAlgoLogic - [Sheza5] market monitor size is 0
22:58:19.086 [main] INFO  c.gettingstarted.MyAlgoLogic - [MYALGO] Initial quantity100 price 98
Current market monitor list is 
MYALGO- Current market monitor size is 0
22:58:19.086 [main] INFO  c.gettingstarted.TimedLogic - [TIMEDLOGIC] Market is open
22:58:19.086 [main] INFO  c.gettingstarted.MyAlgoLogic - [MYALGO] Have:20 children, want 5, done.
22:58:19.086 [main] INFO  c.gettingstarted.MyAlgoLogic - [MYALGO] active orders are 20
22:58:19.086 [main] INFO  c.gettingstarted.MyAlgoLogic - [MYALGO] Cancelling order:codingblackfemales.sotw.ChildOrder@5939a379
22:58:19.086 [main] INFO  c.gettingstarted.MyAlgoLogic - [MYALGO] option is present, number of active orders are 20
22:58:19.086 [main] INFO  c.container.Actioner - [ALGO] Actioner, sending action:CancelChildOrder(codingblackfemales.sotw.ChildOrder@5939a379)
22:58:19.086 [main] INFO  c.sequencer.consumer.LoggingConsumer - [132] [CancelOrder](sbeTemplateId=5|sbeSchemaId=2|sbeSchemaVersion=0|sbeBlockLength=8):orderId=57
22:58:19.086 [main] INFO  c.gettingstarted.MyAlgoLogic - [MYALGO] The state of the order book is:
|----BID-----||----ASK----|
   101 @ 100    100 @ 98
   200 @ 110    200 @ 95
  5000 @ 115    300 @ 91
|------------||-----------|

22:58:19.086 [main] INFO  c.gettingstarted.MyAlgoLogic - [MYALGO] Algo Sees Book as: 
|----BID-----||----ASK----|
   101 @ 100    100 @ 98
   200 @ 110    200 @ 95
  5000 @ 115    300 @ 91
|------------||-----------|

22:58:19.086 [main] INFO  c.gettingstarted.MyAlgoLogic - [Sheza5] market monitor size is 0
22:58:19.086 [main] INFO  c.gettingstarted.MyAlgoLogic - [MYALGO] Initial quantity100 price 98
Current market monitor list is 
MYALGO- Current market monitor size is 0
22:58:19.086 [main] INFO  c.gettingstarted.TimedLogic - [TIMEDLOGIC] Market is open
22:58:19.086 [main] INFO  c.gettingstarted.MyAlgoLogic - [MYALGO] Have:19 children, want 5, done.
22:58:19.086 [main] INFO  c.gettingstarted.MyAlgoLogic - [MYALGO] active orders are 19
22:58:19.086 [main] INFO  c.gettingstarted.MyAlgoLogic - [MYALGO] Cancelling order:codingblackfemales.sotw.ChildOrder@e1de817
22:58:19.086 [main] INFO  c.gettingstarted.MyAlgoLogic - [MYALGO] option is present, number of active orders are 19
22:58:19.086 [main] INFO  c.container.Actioner - [ALGO] Actioner, sending action:CancelChildOrder(codingblackfemales.sotw.ChildOrder@e1de817)
22:58:19.086 [main] INFO  c.sequencer.consumer.LoggingConsumer - [133] [CancelOrder](sbeTemplateId=5|sbeSchemaId=2|sbeSchemaVersion=0|sbeBlockLength=8):orderId=58
22:58:19.086 [main] INFO  c.gettingstarted.MyAlgoLogic - [MYALGO] The state of the order book is:
|----BID-----||----ASK----|
   101 @ 100    100 @ 98
   200 @ 110    200 @ 95
  5000 @ 115    300 @ 91
|------------||-----------|

22:58:19.086 [main] INFO  c.gettingstarted.MyAlgoLogic - [MYALGO] Algo Sees Book as: 
|----BID-----||----ASK----|
   101 @ 100    100 @ 98
   200 @ 110    200 @ 95
  5000 @ 115    300 @ 91
|------------||-----------|

22:58:19.086 [main] INFO  c.gettingstarted.MyAlgoLogic - [Sheza5] market monitor size is 0
22:58:19.086 [main] INFO  c.gettingstarted.MyAlgoLogic - [MYALGO] Initial quantity100 price 98
Current market monitor list is 
MYALGO- Current market monitor size is 0
22:58:19.086 [main] INFO  c.gettingstarted.TimedLogic - [TIMEDLOGIC] Market is open
22:58:19.086 [main] INFO  c.gettingstarted.MyAlgoLogic - [MYALGO] Have:18 children, want 5, done.
22:58:19.086 [main] INFO  c.gettingstarted.MyAlgoLogic - [MYALGO] active orders are 18
22:58:19.086 [main] INFO  c.gettingstarted.MyAlgoLogic - [MYALGO] Cancelling order:codingblackfemales.sotw.ChildOrder@52102734
22:58:19.086 [main] INFO  c.gettingstarted.MyAlgoLogic - [MYALGO] option is present, number of active orders are 18
22:58:19.086 [main] INFO  c.container.Actioner - [ALGO] Actioner, sending action:CancelChildOrder(codingblackfemales.sotw.ChildOrder@52102734)
22:58:19.086 [main] INFO  c.sequencer.consumer.LoggingConsumer - [134] [CancelOrder](sbeTemplateId=5|sbeSchemaId=2|sbeSchemaVersion=0|sbeBlockLength=8):orderId=59
22:58:19.086 [main] INFO  c.gettingstarted.MyAlgoLogic - [MYALGO] The state of the order book is:
|----BID-----||----ASK----|
   101 @ 100    100 @ 98
   200 @ 110    200 @ 95
  5000 @ 115    300 @ 91
|------------||-----------|

22:58:19.086 [main] INFO  c.gettingstarted.MyAlgoLogic - [MYALGO] Algo Sees Book as: 
|----BID-----||----ASK----|
   101 @ 100    100 @ 98
   200 @ 110    200 @ 95
  5000 @ 115    300 @ 91
|------------||-----------|

22:58:19.086 [main] INFO  c.gettingstarted.MyAlgoLogic - [Sheza5] market monitor size is 0
22:58:19.086 [main] INFO  c.gettingstarted.MyAlgoLogic - [MYALGO] Initial quantity100 price 98
Current market monitor list is 
MYALGO- Current market monitor size is 0
22:58:19.086 [main] INFO  c.gettingstarted.TimedLogic - [TIMEDLOGIC] Market is open
22:58:19.086 [main] INFO  c.gettingstarted.MyAlgoLogic - [MYALGO] Have:17 children, want 5, done.
22:58:19.086 [main] INFO  c.gettingstarted.MyAlgoLogic - [MYALGO] active orders are 17
22:58:19.086 [main] INFO  c.gettingstarted.MyAlgoLogic - [MYALGO] Cancelling order:codingblackfemales.sotw.ChildOrder@3541cb24
22:58:19.086 [main] INFO  c.gettingstarted.MyAlgoLogic - [MYALGO] option is present, number of active orders are 17
22:58:19.086 [main] INFO  c.container.Actioner - [ALGO] Actioner, sending action:CancelChildOrder(codingblackfemales.sotw.ChildOrder@3541cb24)
22:58:19.086 [main] INFO  c.sequencer.consumer.LoggingConsumer - [135] [CancelOrder](sbeTemplateId=5|sbeSchemaId=2|sbeSchemaVersion=0|sbeBlockLength=8):orderId=60
22:58:19.086 [main] INFO  c.gettingstarted.MyAlgoLogic - [MYALGO] The state of the order book is:
|----BID-----||----ASK----|
   101 @ 100    100 @ 98
   200 @ 110    200 @ 95
  5000 @ 115    300 @ 91
|------------||-----------|

22:58:19.086 [main] INFO  c.gettingstarted.MyAlgoLogic - [MYALGO] Algo Sees Book as: 
|----BID-----||----ASK----|
   101 @ 100    100 @ 98
   200 @ 110    200 @ 95
  5000 @ 115    300 @ 91
|------------||-----------|

22:58:19.086 [main] INFO  c.gettingstarted.MyAlgoLogic - [Sheza5] market monitor size is 0
22:58:19.086 [main] INFO  c.gettingstarted.MyAlgoLogic - [MYALGO] Initial quantity100 price 98
Current market monitor list is 
MYALGO- Current market monitor size is 0
22:58:19.086 [main] INFO  c.gettingstarted.TimedLogic - [TIMEDLOGIC] Market is open
22:58:19.086 [main] INFO  c.gettingstarted.MyAlgoLogic - [MYALGO] Have:16 children, want 5, done.
22:58:19.086 [main] INFO  c.gettingstarted.MyAlgoLogic - [MYALGO] active orders are 16
22:58:19.086 [main] INFO  c.gettingstarted.MyAlgoLogic - [MYALGO] Cancelling order:codingblackfemales.sotw.ChildOrder@2177849e
22:58:19.086 [main] INFO  c.gettingstarted.MyAlgoLogic - [MYALGO] option is present, number of active orders are 16
22:58:19.086 [main] INFO  c.container.Actioner - [ALGO] Actioner, sending action:CancelChildOrder(codingblackfemales.sotw.ChildOrder@2177849e)
22:58:19.086 [main] INFO  c.sequencer.consumer.LoggingConsumer - [136] [CancelOrder](sbeTemplateId=5|sbeSchemaId=2|sbeSchemaVersion=0|sbeBlockLength=8):orderId=61
22:58:19.086 [main] INFO  c.gettingstarted.MyAlgoLogic - [MYALGO] The state of the order book is:
|----BID-----||----ASK----|
   101 @ 100    100 @ 98
   200 @ 110    200 @ 95
  5000 @ 115    300 @ 91
|------------||-----------|

22:58:19.086 [main] INFO  c.gettingstarted.MyAlgoLogic - [MYALGO] Algo Sees Book as: 
|----BID-----||----ASK----|
   101 @ 100    100 @ 98
   200 @ 110    200 @ 95
  5000 @ 115    300 @ 91
|------------||-----------|

22:58:19.086 [main] INFO  c.gettingstarted.MyAlgoLogic - [Sheza5] market monitor size is 0
22:58:19.086 [main] INFO  c.gettingstarted.MyAlgoLogic - [MYALGO] Initial quantity100 price 98
Current market monitor list is 
MYALGO- Current market monitor size is 0
22:58:19.086 [main] INFO  c.gettingstarted.TimedLogic - [TIMEDLOGIC] Market is open
22:58:19.086 [main] INFO  c.gettingstarted.MyAlgoLogic - [MYALGO] Have:15 children, want 5, done.
22:58:19.086 [main] INFO  c.gettingstarted.MyAlgoLogic - [MYALGO] active orders are 15
22:58:19.086 [main] INFO  c.gettingstarted.MyAlgoLogic - [MYALGO] Cancelling order:codingblackfemales.sotw.ChildOrder@40cb8df7
22:58:19.086 [main] INFO  c.gettingstarted.MyAlgoLogic - [MYALGO] option is present, number of active orders are 15
22:58:19.086 [main] INFO  c.container.Actioner - [ALGO] Actioner, sending action:CancelChildOrder(codingblackfemales.sotw.ChildOrder@40cb8df7)
22:58:19.086 [main] INFO  c.sequencer.consumer.LoggingConsumer - [137] [CancelOrder](sbeTemplateId=5|sbeSchemaId=2|sbeSchemaVersion=0|sbeBlockLength=8):orderId=62
22:58:19.086 [main] INFO  c.gettingstarted.MyAlgoLogic - [MYALGO] The state of the order book is:
|----BID-----||----ASK----|
   101 @ 100    100 @ 98
   200 @ 110    200 @ 95
  5000 @ 115    300 @ 91
|------------||-----------|

22:58:19.086 [main] INFO  c.gettingstarted.MyAlgoLogic - [MYALGO] Algo Sees Book as: 
|----BID-----||----ASK----|
   101 @ 100    100 @ 98
   200 @ 110    200 @ 95
  5000 @ 115    300 @ 91
|------------||-----------|

22:58:19.086 [main] INFO  c.gettingstarted.MyAlgoLogic - [Sheza5] market monitor size is 0
22:58:19.086 [main] INFO  c.gettingstarted.MyAlgoLogic - [MYALGO] Initial quantity100 price 98
Current market monitor list is 
MYALGO- Current market monitor size is 0
22:58:19.086 [main] INFO  c.gettingstarted.TimedLogic - [TIMEDLOGIC] Market is open
22:58:19.086 [main] INFO  c.gettingstarted.MyAlgoLogic - [MYALGO] Have:14 children, want 5, done.
22:58:19.086 [main] INFO  c.gettingstarted.MyAlgoLogic - [MYALGO] active orders are 14
22:58:19.086 [main] INFO  c.gettingstarted.MyAlgoLogic - [MYALGO] Cancelling order:codingblackfemales.sotw.ChildOrder@13b13b5d
22:58:19.086 [main] INFO  c.gettingstarted.MyAlgoLogic - [MYALGO] option is present, number of active orders are 14
22:58:19.086 [main] INFO  c.container.Actioner - [ALGO] Actioner, sending action:CancelChildOrder(codingblackfemales.sotw.ChildOrder@13b13b5d)
22:58:19.086 [main] INFO  c.sequencer.consumer.LoggingConsumer - [138] [CancelOrder](sbeTemplateId=5|sbeSchemaId=2|sbeSchemaVersion=0|sbeBlockLength=8):orderId=63
22:58:19.086 [main] INFO  c.gettingstarted.MyAlgoLogic - [MYALGO] The state of the order book is:
|----BID-----||----ASK----|
   101 @ 100    100 @ 98
   200 @ 110    200 @ 95
  5000 @ 115    300 @ 91
|------------||-----------|

22:58:19.086 [main] INFO  c.gettingstarted.MyAlgoLogic - [MYALGO] Algo Sees Book as: 
|----BID-----||----ASK----|
   101 @ 100    100 @ 98
   200 @ 110    200 @ 95
  5000 @ 115    300 @ 91
|------------||-----------|

22:58:19.086 [main] INFO  c.gettingstarted.MyAlgoLogic - [Sheza5] market monitor size is 0
22:58:19.086 [main] INFO  c.gettingstarted.MyAlgoLogic - [MYALGO] Initial quantity100 price 98
Current market monitor list is 
MYALGO- Current market monitor size is 0
22:58:19.086 [main] INFO  c.gettingstarted.TimedLogic - [TIMEDLOGIC] Market is open
22:58:19.086 [main] INFO  c.gettingstarted.MyAlgoLogic - [MYALGO] Have:13 children, want 5, done.
22:58:19.086 [main] INFO  c.gettingstarted.MyAlgoLogic - [MYALGO] active orders are 13
22:58:19.086 [main] INFO  c.gettingstarted.MyAlgoLogic - [MYALGO] Cancelling order:codingblackfemales.sotw.ChildOrder@2892dae4
22:58:19.086 [main] INFO  c.gettingstarted.MyAlgoLogic - [MYALGO] option is present, number of active orders are 13
22:58:19.086 [main] INFO  c.container.Actioner - [ALGO] Actioner, sending action:CancelChildOrder(codingblackfemales.sotw.ChildOrder@2892dae4)
22:58:19.086 [main] INFO  c.sequencer.consumer.LoggingConsumer - [139] [CancelOrder](sbeTemplateId=5|sbeSchemaId=2|sbeSchemaVersion=0|sbeBlockLength=8):orderId=64
22:58:19.095 [main] INFO  c.gettingstarted.MyAlgoLogic - [MYALGO] The state of the order book is:
|----BID-----||----ASK----|
   101 @ 100    100 @ 98
   200 @ 110    200 @ 95
  5000 @ 115    300 @ 91
|------------||-----------|

22:58:19.095 [main] INFO  c.gettingstarted.MyAlgoLogic - [MYALGO] Algo Sees Book as: 
|----BID-----||----ASK----|
   101 @ 100    100 @ 98
   200 @ 110    200 @ 95
  5000 @ 115    300 @ 91
|------------||-----------|

22:58:19.095 [main] INFO  c.gettingstarted.MyAlgoLogic - [Sheza5] market monitor size is 0
22:58:19.095 [main] INFO  c.gettingstarted.MyAlgoLogic - [MYALGO] Initial quantity100 price 98
Current market monitor list is 
MYALGO- Current market monitor size is 0
22:58:19.095 [main] INFO  c.gettingstarted.TimedLogic - [TIMEDLOGIC] Market is open
22:58:19.095 [main] INFO  c.gettingstarted.MyAlgoLogic - [MYALGO] Have:12 children, want 5, done.
22:58:19.095 [main] INFO  c.gettingstarted.MyAlgoLogic - [MYALGO] active orders are 12
22:58:19.095 [main] INFO  c.gettingstarted.MyAlgoLogic - [MYALGO] Cancelling order:codingblackfemales.sotw.ChildOrder@355ce81c
22:58:19.095 [main] INFO  c.gettingstarted.MyAlgoLogic - [MYALGO] option is present, number of active orders are 12
22:58:19.095 [main] INFO  c.container.Actioner - [ALGO] Actioner, sending action:CancelChildOrder(codingblackfemales.sotw.ChildOrder@355ce81c)
22:58:19.095 [main] INFO  c.sequencer.consumer.LoggingConsumer - [140] [CancelOrder](sbeTemplateId=5|sbeSchemaId=2|sbeSchemaVersion=0|sbeBlockLength=8):orderId=65
22:58:19.095 [main] INFO  c.gettingstarted.MyAlgoLogic - [MYALGO] The state of the order book is:
|----BID-----||----ASK----|
   101 @ 100    100 @ 98
   200 @ 110    200 @ 95
  5000 @ 115    300 @ 91
|------------||-----------|

22:58:19.095 [main] INFO  c.gettingstarted.MyAlgoLogic - [MYALGO] Algo Sees Book as: 
|----BID-----||----ASK----|
   101 @ 100    100 @ 98
   200 @ 110    200 @ 95
  5000 @ 115    300 @ 91
|------------||-----------|

22:58:19.096 [main] INFO  c.gettingstarted.MyAlgoLogic - [Sheza5] market monitor size is 0
22:58:19.096 [main] INFO  c.gettingstarted.MyAlgoLogic - [MYALGO] Initial quantity100 price 98
Current market monitor list is 
MYALGO- Current market monitor size is 0
22:58:19.096 [main] INFO  c.gettingstarted.TimedLogic - [TIMEDLOGIC] Market is open
22:58:19.096 [main] INFO  c.gettingstarted.MyAlgoLogic - [MYALGO] Have:11 children, want 5, done.
22:58:19.096 [main] INFO  c.gettingstarted.MyAlgoLogic - [MYALGO] active orders are 11
22:58:19.096 [main] INFO  c.gettingstarted.MyAlgoLogic - [MYALGO] Cancelling order:codingblackfemales.sotw.ChildOrder@29647f75
22:58:19.096 [main] INFO  c.gettingstarted.MyAlgoLogic - [MYALGO] option is present, number of active orders are 11
22:58:19.096 [main] INFO  c.container.Actioner - [ALGO] Actioner, sending action:CancelChildOrder(codingblackfemales.sotw.ChildOrder@29647f75)
22:58:19.096 [main] INFO  c.sequencer.consumer.LoggingConsumer - [141] [CancelOrder](sbeTemplateId=5|sbeSchemaId=2|sbeSchemaVersion=0|sbeBlockLength=8):orderId=66
22:58:19.096 [main] INFO  c.gettingstarted.MyAlgoLogic - [MYALGO] The state of the order book is:
|----BID-----||----ASK----|
   101 @ 100    100 @ 98
   200 @ 110    200 @ 95
  5000 @ 115    300 @ 91
|------------||-----------|

22:58:19.096 [main] INFO  c.gettingstarted.MyAlgoLogic - [MYALGO] Algo Sees Book as: 
|----BID-----||----ASK----|
   101 @ 100    100 @ 98
   200 @ 110    200 @ 95
  5000 @ 115    300 @ 91
|------------||-----------|

22:58:19.096 [main] INFO  c.gettingstarted.MyAlgoLogic - [Sheza5] market monitor size is 0
22:58:19.096 [main] INFO  c.gettingstarted.MyAlgoLogic - [MYALGO] Initial quantity100 price 98
Current market monitor list is 
MYALGO- Current market monitor size is 0
22:58:19.096 [main] INFO  c.gettingstarted.TimedLogic - [TIMEDLOGIC] Market is open
22:58:19.096 [main] INFO  c.gettingstarted.MyAlgoLogic - [MYALGO] Have:10 children, want 5, done.
22:58:19.096 [main] INFO  c.gettingstarted.MyAlgoLogic - [MYALGO] active orders are 10
22:58:19.096 [main] INFO  c.gettingstarted.MyAlgoLogic - [MYALGO] Cancelling order:codingblackfemales.sotw.ChildOrder@3315d2d7
22:58:19.096 [main] INFO  c.gettingstarted.MyAlgoLogic - [MYALGO] option is present, number of active orders are 10
22:58:19.096 [main] INFO  c.container.Actioner - [ALGO] Actioner, sending action:CancelChildOrder(codingblackfemales.sotw.ChildOrder@3315d2d7)
22:58:19.096 [main] INFO  c.sequencer.consumer.LoggingConsumer - [142] [CancelOrder](sbeTemplateId=5|sbeSchemaId=2|sbeSchemaVersion=0|sbeBlockLength=8):orderId=67
22:58:19.096 [main] INFO  c.gettingstarted.MyAlgoLogic - [MYALGO] The state of the order book is:
|----BID-----||----ASK----|
   101 @ 100    100 @ 98
   200 @ 110    200 @ 95
  5000 @ 115    300 @ 91
|------------||-----------|

22:58:19.096 [main] INFO  c.gettingstarted.MyAlgoLogic - [MYALGO] Algo Sees Book as: 
|----BID-----||----ASK----|
   101 @ 100    100 @ 98
   200 @ 110    200 @ 95
  5000 @ 115    300 @ 91
|------------||-----------|

22:58:19.096 [main] INFO  c.gettingstarted.MyAlgoLogic - [Sheza5] market monitor size is 0
22:58:19.096 [main] INFO  c.gettingstarted.MyAlgoLogic - [MYALGO] Initial quantity100 price 98
Current market monitor list is 
MYALGO- Current market monitor size is 0
22:58:19.096 [main] INFO  c.gettingstarted.TimedLogic - [TIMEDLOGIC] Market is open
22:58:19.096 [main] INFO  c.gettingstarted.MyAlgoLogic - [MYALGO] Have:9 children, want 5, done.
22:58:19.096 [main] INFO  c.gettingstarted.MyAlgoLogic - [MYALGO] active orders are 9
22:58:19.096 [main] INFO  c.gettingstarted.MyAlgoLogic - [MYALGO] Cancelling order:codingblackfemales.sotw.ChildOrder@d6e7bab
22:58:19.096 [main] INFO  c.gettingstarted.MyAlgoLogic - [MYALGO] option is present, number of active orders are 9
22:58:19.096 [main] INFO  c.container.Actioner - [ALGO] Actioner, sending action:CancelChildOrder(codingblackfemales.sotw.ChildOrder@d6e7bab)
22:58:19.096 [main] INFO  c.sequencer.consumer.LoggingConsumer - [143] [CancelOrder](sbeTemplateId=5|sbeSchemaId=2|sbeSchemaVersion=0|sbeBlockLength=8):orderId=68
22:58:19.096 [main] INFO  c.gettingstarted.MyAlgoLogic - [MYALGO] The state of the order book is:
|----BID-----||----ASK----|
   101 @ 100    100 @ 98
   200 @ 110    200 @ 95
  5000 @ 115    300 @ 91
|------------||-----------|

22:58:19.096 [main] INFO  c.gettingstarted.MyAlgoLogic - [MYALGO] Algo Sees Book as: 
|----BID-----||----ASK----|
   101 @ 100    100 @ 98
   200 @ 110    200 @ 95
  5000 @ 115    300 @ 91
|------------||-----------|

22:58:19.096 [main] INFO  c.gettingstarted.MyAlgoLogic - [Sheza5] market monitor size is 0
22:58:19.096 [main] INFO  c.gettingstarted.MyAlgoLogic - [MYALGO] Initial quantity100 price 98
Current market monitor list is 
MYALGO- Current market monitor size is 0
22:58:19.096 [main] INFO  c.gettingstarted.TimedLogic - [TIMEDLOGIC] Market is open
22:58:19.096 [main] INFO  c.gettingstarted.MyAlgoLogic - [MYALGO] Have:8 children, want 5, done.
22:58:19.096 [main] INFO  c.gettingstarted.MyAlgoLogic - [MYALGO] active orders are 8
22:58:19.096 [main] INFO  c.gettingstarted.MyAlgoLogic - [MYALGO] Cancelling order:codingblackfemales.sotw.ChildOrder@5fa07e12
22:58:19.096 [main] INFO  c.gettingstarted.MyAlgoLogic - [MYALGO] option is present, number of active orders are 8
22:58:19.096 [main] INFO  c.container.Actioner - [ALGO] Actioner, sending action:CancelChildOrder(codingblackfemales.sotw.ChildOrder@5fa07e12)
22:58:19.096 [main] INFO  c.sequencer.consumer.LoggingConsumer - [144] [CancelOrder](sbeTemplateId=5|sbeSchemaId=2|sbeSchemaVersion=0|sbeBlockLength=8):orderId=69
22:58:19.096 [main] INFO  c.gettingstarted.MyAlgoLogic - [MYALGO] The state of the order book is:
|----BID-----||----ASK----|
   101 @ 100    100 @ 98
   200 @ 110    200 @ 95
  5000 @ 115    300 @ 91
|------------||-----------|

22:58:19.096 [main] INFO  c.gettingstarted.MyAlgoLogic - [MYALGO] Algo Sees Book as: 
|----BID-----||----ASK----|
   101 @ 100    100 @ 98
   200 @ 110    200 @ 95
  5000 @ 115    300 @ 91
|------------||-----------|

22:58:19.096 [main] INFO  c.gettingstarted.MyAlgoLogic - [Sheza5] market monitor size is 0
22:58:19.096 [main] INFO  c.gettingstarted.MyAlgoLogic - [MYALGO] Initial quantity100 price 98
Current market monitor list is 
MYALGO- Current market monitor size is 0
22:58:19.096 [main] INFO  c.gettingstarted.TimedLogic - [TIMEDLOGIC] Market is open
]]></system-out>
  </testcase>
  <testcase name="testLogging" classname="codingblackfemales.gettingstarted.MyAlgoTest" time="0.003">
    <system-out><![CDATA[22:58:19.111 [main] INFO  c.gettingstarted.MyAlgoLogic - We are testing the logging function.
22:58:19.111 [main] WARN  c.gettingstarted.MyAlgoLogic - We are testing the warnig method that comes with the logger.
]]></system-out>
  </testcase>
  <testcase name="testMaximumOrderCount" classname="codingblackfemales.gettingstarted.MyAlgoTest" time="0.225">
    <system-out><![CDATA[22:58:19.111 [main] INFO  c.sequencer.consumer.LoggingConsumer - [1] 
|----BID-----|
   160 @ 110
   220 @ 120
|----ASK-----|
     95 @ 97
    150 @ 94

22:58:19.111 [main] DEBUG c.service.MarketDataService - [ALGO] BID: price:110 quantity:160
22:58:19.111 [main] DEBUG c.service.MarketDataService - [ALGO] BID: price:120 quantity:220
22:58:19.111 [main] DEBUG c.service.MarketDataService - [ALGO] ASK: price:97 quantity:95
22:58:19.111 [main] DEBUG c.service.MarketDataService - [ALGO] ASK: price:94 quantity:150
22:58:19.111 [main] INFO  c.gettingstarted.MyAlgoLogic - [MYALGO] The state of the order book is:
|----BID-----||----ASK----|
   160 @ 110     95 @ 97
   220 @ 120    150 @ 94
|------------||-----------|

22:58:19.111 [main] INFO  c.gettingstarted.MyAlgoLogic - [MYALGO] Algo Sees Book as: 
|----BID-----||----ASK----|
   160 @ 110     95 @ 97
   220 @ 120    150 @ 94
|------------||-----------|

22:58:19.111 [main] INFO  c.gettingstarted.MyAlgoLogic - [Sheza5] market monitor size is 0
22:58:19.111 [main] INFO  c.gettingstarted.MyAlgoLogic - [MYALGO] Initial quantity95 price 97
Current market monitor list is 
MYALGO- Current market monitor size is 0
22:58:19.111 [main] INFO  c.gettingstarted.TimedLogic - [TIMEDLOGIC] Market is open
22:58:19.114 [main] INFO  c.gettingstarted.MyAlgoLogic - [MYALGO] Adding order for95@97
total order count is 0
22:58:19.114 [main] INFO  c.gettingstarted.MyAlgoLogic - [Sheza6] market monitor size is 0
22:58:19.114 [main] INFO  c.container.Actioner - [ALGO] Actioner, sending action:CreateChildOrder(side=BUY,quantity=95,price=97)
22:58:19.114 [main] INFO  c.sequencer.consumer.LoggingConsumer - [2] [CreateOrder](sbeTemplateId=4|sbeSchemaId=2|sbeSchemaVersion=0|sbeBlockLength=33):instrumentId=0|price=97|quantity=95|side=BUY|orderId=2
22:58:19.114 [main] INFO  c.gettingstarted.MyAlgoLogic - [MYALGO] The state of the order book is:
|----BID-----||----ASK----|
   160 @ 110     95 @ 97
   220 @ 120    150 @ 94
|------------||-----------|

22:58:19.114 [main] INFO  c.gettingstarted.MyAlgoLogic - [MYALGO] Algo Sees Book as: 
|----BID-----||----ASK----|
   160 @ 110     95 @ 97
   220 @ 120    150 @ 94
|------------||-----------|

22:58:19.114 [main] INFO  c.gettingstarted.MyAlgoLogic - [Sheza5] market monitor size is 0
22:58:19.114 [main] INFO  c.gettingstarted.MyAlgoLogic - [MYALGO] Initial quantity95 price 97
Current market monitor list is 
MYALGO- Current market monitor size is 0
22:58:19.114 [main] INFO  c.gettingstarted.TimedLogic - [TIMEDLOGIC] Market is open
22:58:19.114 [main] INFO  c.gettingstarted.MyAlgoLogic - [MYALGO] Adding order for95@97
total order count is 1
22:58:19.114 [main] INFO  c.gettingstarted.MyAlgoLogic - [Sheza6] market monitor size is 0
22:58:19.114 [main] INFO  c.container.Actioner - [ALGO] Actioner, sending action:CreateChildOrder(side=BUY,quantity=95,price=97)
22:58:19.114 [main] INFO  c.sequencer.consumer.LoggingConsumer - [3] [CreateOrder](sbeTemplateId=4|sbeSchemaId=2|sbeSchemaVersion=0|sbeBlockLength=33):instrumentId=0|price=97|quantity=95|side=BUY|orderId=3
22:58:19.114 [main] INFO  c.gettingstarted.MyAlgoLogic - [MYALGO] The state of the order book is:
|----BID-----||----ASK----|
   160 @ 110     95 @ 97
   220 @ 120    150 @ 94
|------------||-----------|

22:58:19.114 [main] INFO  c.gettingstarted.MyAlgoLogic - [MYALGO] Algo Sees Book as: 
|----BID-----||----ASK----|
   160 @ 110     95 @ 97
   220 @ 120    150 @ 94
|------------||-----------|

22:58:19.114 [main] INFO  c.gettingstarted.MyAlgoLogic - [Sheza5] market monitor size is 0
22:58:19.114 [main] INFO  c.gettingstarted.MyAlgoLogic - [MYALGO] Initial quantity95 price 97
Current market monitor list is 
MYALGO- Current market monitor size is 0
22:58:19.114 [main] INFO  c.gettingstarted.TimedLogic - [TIMEDLOGIC] Market is open
22:58:19.116 [main] INFO  c.gettingstarted.MyAlgoLogic - [MYALGO] Adding order for95@97
total order count is 2
22:58:19.116 [main] INFO  c.gettingstarted.MyAlgoLogic - [Sheza6] market monitor size is 0
22:58:19.116 [main] INFO  c.container.Actioner - [ALGO] Actioner, sending action:CreateChildOrder(side=BUY,quantity=95,price=97)
22:58:19.116 [main] INFO  c.sequencer.consumer.LoggingConsumer - [4] [CreateOrder](sbeTemplateId=4|sbeSchemaId=2|sbeSchemaVersion=0|sbeBlockLength=33):instrumentId=0|price=97|quantity=95|side=BUY|orderId=4
22:58:19.116 [main] INFO  c.gettingstarted.MyAlgoLogic - [MYALGO] The state of the order book is:
|----BID-----||----ASK----|
   160 @ 110     95 @ 97
   220 @ 120    150 @ 94
|------------||-----------|

22:58:19.116 [main] INFO  c.gettingstarted.MyAlgoLogic - [MYALGO] Algo Sees Book as: 
|----BID-----||----ASK----|
   160 @ 110     95 @ 97
   220 @ 120    150 @ 94
|------------||-----------|

22:58:19.116 [main] INFO  c.gettingstarted.MyAlgoLogic - [Sheza5] market monitor size is 0
22:58:19.116 [main] INFO  c.gettingstarted.MyAlgoLogic - [MYALGO] Initial quantity95 price 97
Current market monitor list is 
MYALGO- Current market monitor size is 0
22:58:19.116 [main] INFO  c.gettingstarted.TimedLogic - [TIMEDLOGIC] Market is open
22:58:19.116 [main] INFO  c.gettingstarted.MyAlgoLogic - [MYALGO] Adding order for95@97
total order count is 3
22:58:19.116 [main] INFO  c.gettingstarted.MyAlgoLogic - [Sheza6] market monitor size is 0
22:58:19.116 [main] INFO  c.container.Actioner - [ALGO] Actioner, sending action:CreateChildOrder(side=BUY,quantity=95,price=97)
22:58:19.116 [main] INFO  c.sequencer.consumer.LoggingConsumer - [5] [CreateOrder](sbeTemplateId=4|sbeSchemaId=2|sbeSchemaVersion=0|sbeBlockLength=33):instrumentId=0|price=97|quantity=95|side=BUY|orderId=5
22:58:19.116 [main] INFO  c.gettingstarted.MyAlgoLogic - [MYALGO] The state of the order book is:
|----BID-----||----ASK----|
   160 @ 110     95 @ 97
   220 @ 120    150 @ 94
|------------||-----------|

22:58:19.116 [main] INFO  c.gettingstarted.MyAlgoLogic - [MYALGO] Algo Sees Book as: 
|----BID-----||----ASK----|
   160 @ 110     95 @ 97
   220 @ 120    150 @ 94
|------------||-----------|

22:58:19.116 [main] INFO  c.gettingstarted.MyAlgoLogic - [Sheza5] market monitor size is 0
22:58:19.116 [main] INFO  c.gettingstarted.MyAlgoLogic - [MYALGO] Initial quantity95 price 97
Current market monitor list is 
MYALGO- Current market monitor size is 0
22:58:19.116 [main] INFO  c.gettingstarted.TimedLogic - [TIMEDLOGIC] Market is open
22:58:19.116 [main] INFO  c.gettingstarted.MyAlgoLogic - [MYALGO] Adding order for95@97
total order count is 4
22:58:19.116 [main] INFO  c.gettingstarted.MyAlgoLogic - [Sheza6] market monitor size is 0
22:58:19.116 [main] INFO  c.container.Actioner - [ALGO] Actioner, sending action:CreateChildOrder(side=BUY,quantity=95,price=97)
22:58:19.116 [main] INFO  c.sequencer.consumer.LoggingConsumer - [6] [CreateOrder](sbeTemplateId=4|sbeSchemaId=2|sbeSchemaVersion=0|sbeBlockLength=33):instrumentId=0|price=97|quantity=95|side=BUY|orderId=6
22:58:19.116 [main] INFO  c.gettingstarted.MyAlgoLogic - [MYALGO] The state of the order book is:
|----BID-----||----ASK----|
   160 @ 110     95 @ 97
   220 @ 120    150 @ 94
|------------||-----------|

22:58:19.116 [main] INFO  c.gettingstarted.MyAlgoLogic - [MYALGO] Algo Sees Book as: 
|----BID-----||----ASK----|
   160 @ 110     95 @ 97
   220 @ 120    150 @ 94
|------------||-----------|

22:58:19.116 [main] INFO  c.gettingstarted.MyAlgoLogic - [Sheza5] market monitor size is 0
22:58:19.116 [main] INFO  c.gettingstarted.MyAlgoLogic - [MYALGO] Initial quantity95 price 97
Current market monitor list is 
MYALGO- Current market monitor size is 0
22:58:19.116 [main] INFO  c.gettingstarted.TimedLogic - [TIMEDLOGIC] Market is open
22:58:19.116 [main] INFO  c.gettingstarted.MyAlgoLogic - [MYALGO] Adding order for95@97
total order count is 5
22:58:19.116 [main] INFO  c.gettingstarted.MyAlgoLogic - [Sheza6] market monitor size is 0
22:58:19.116 [main] INFO  c.container.Actioner - [ALGO] Actioner, sending action:CreateChildOrder(side=BUY,quantity=95,price=97)
22:58:19.116 [main] INFO  c.sequencer.consumer.LoggingConsumer - [7] [CreateOrder](sbeTemplateId=4|sbeSchemaId=2|sbeSchemaVersion=0|sbeBlockLength=33):instrumentId=0|price=97|quantity=95|side=BUY|orderId=7
22:58:19.116 [main] INFO  c.gettingstarted.MyAlgoLogic - [MYALGO] The state of the order book is:
|----BID-----||----ASK----|
   160 @ 110     95 @ 97
   220 @ 120    150 @ 94
|------------||-----------|

22:58:19.116 [main] INFO  c.gettingstarted.MyAlgoLogic - [MYALGO] Algo Sees Book as: 
|----BID-----||----ASK----|
   160 @ 110     95 @ 97
   220 @ 120    150 @ 94
|------------||-----------|

22:58:19.116 [main] INFO  c.gettingstarted.MyAlgoLogic - [Sheza5] market monitor size is 0
22:58:19.116 [main] INFO  c.gettingstarted.MyAlgoLogic - [MYALGO] Initial quantity95 price 97
Current market monitor list is 
MYALGO- Current market monitor size is 0
22:58:19.116 [main] INFO  c.gettingstarted.TimedLogic - [TIMEDLOGIC] Market is open
22:58:19.116 [main] INFO  c.gettingstarted.MyAlgoLogic - [MYALGO] Adding order for95@97
total order count is 6
22:58:19.116 [main] INFO  c.gettingstarted.MyAlgoLogic - [Sheza6] market monitor size is 0
22:58:19.116 [main] INFO  c.container.Actioner - [ALGO] Actioner, sending action:CreateChildOrder(side=BUY,quantity=95,price=97)
22:58:19.116 [main] INFO  c.sequencer.consumer.LoggingConsumer - [8] [CreateOrder](sbeTemplateId=4|sbeSchemaId=2|sbeSchemaVersion=0|sbeBlockLength=33):instrumentId=0|price=97|quantity=95|side=BUY|orderId=8
22:58:19.116 [main] INFO  c.gettingstarted.MyAlgoLogic - [MYALGO] The state of the order book is:
|----BID-----||----ASK----|
   160 @ 110     95 @ 97
   220 @ 120    150 @ 94
|------------||-----------|

22:58:19.116 [main] INFO  c.gettingstarted.MyAlgoLogic - [MYALGO] Algo Sees Book as: 
|----BID-----||----ASK----|
   160 @ 110     95 @ 97
   220 @ 120    150 @ 94
|------------||-----------|

22:58:19.116 [main] INFO  c.gettingstarted.MyAlgoLogic - [Sheza5] market monitor size is 0
22:58:19.116 [main] INFO  c.gettingstarted.MyAlgoLogic - [MYALGO] Initial quantity95 price 97
Current market monitor list is 
MYALGO- Current market monitor size is 0
22:58:19.116 [main] INFO  c.gettingstarted.TimedLogic - [TIMEDLOGIC] Market is open
22:58:19.116 [main] INFO  c.gettingstarted.MyAlgoLogic - [MYALGO] Adding order for95@97
total order count is 7
22:58:19.116 [main] INFO  c.gettingstarted.MyAlgoLogic - [Sheza6] market monitor size is 0
22:58:19.116 [main] INFO  c.container.Actioner - [ALGO] Actioner, sending action:CreateChildOrder(side=BUY,quantity=95,price=97)
22:58:19.116 [main] INFO  c.sequencer.consumer.LoggingConsumer - [9] [CreateOrder](sbeTemplateId=4|sbeSchemaId=2|sbeSchemaVersion=0|sbeBlockLength=33):instrumentId=0|price=97|quantity=95|side=BUY|orderId=9
22:58:19.116 [main] INFO  c.gettingstarted.MyAlgoLogic - [MYALGO] The state of the order book is:
|----BID-----||----ASK----|
   160 @ 110     95 @ 97
   220 @ 120    150 @ 94
|------------||-----------|

22:58:19.116 [main] INFO  c.gettingstarted.MyAlgoLogic - [MYALGO] Algo Sees Book as: 
|----BID-----||----ASK----|
   160 @ 110     95 @ 97
   220 @ 120    150 @ 94
|------------||-----------|

22:58:19.116 [main] INFO  c.gettingstarted.MyAlgoLogic - [Sheza5] market monitor size is 0
22:58:19.116 [main] INFO  c.gettingstarted.MyAlgoLogic - [MYALGO] Initial quantity95 price 97
Current market monitor list is 
MYALGO- Current market monitor size is 0
22:58:19.116 [main] INFO  c.gettingstarted.TimedLogic - [TIMEDLOGIC] Market is open
22:58:19.116 [main] INFO  c.gettingstarted.MyAlgoLogic - [MYALGO] Adding order for95@97
total order count is 8
22:58:19.116 [main] INFO  c.gettingstarted.MyAlgoLogic - [Sheza6] market monitor size is 0
22:58:19.116 [main] INFO  c.container.Actioner - [ALGO] Actioner, sending action:CreateChildOrder(side=BUY,quantity=95,price=97)
22:58:19.116 [main] INFO  c.sequencer.consumer.LoggingConsumer - [10] [CreateOrder](sbeTemplateId=4|sbeSchemaId=2|sbeSchemaVersion=0|sbeBlockLength=33):instrumentId=0|price=97|quantity=95|side=BUY|orderId=10
22:58:19.116 [main] INFO  c.gettingstarted.MyAlgoLogic - [MYALGO] The state of the order book is:
|----BID-----||----ASK----|
   160 @ 110     95 @ 97
   220 @ 120    150 @ 94
|------------||-----------|

22:58:19.116 [main] INFO  c.gettingstarted.MyAlgoLogic - [MYALGO] Algo Sees Book as: 
|----BID-----||----ASK----|
   160 @ 110     95 @ 97
   220 @ 120    150 @ 94
|------------||-----------|

22:58:19.116 [main] INFO  c.gettingstarted.MyAlgoLogic - [Sheza5] market monitor size is 0
22:58:19.116 [main] INFO  c.gettingstarted.MyAlgoLogic - [MYALGO] Initial quantity95 price 97
Current market monitor list is 
MYALGO- Current market monitor size is 0
22:58:19.116 [main] INFO  c.gettingstarted.TimedLogic - [TIMEDLOGIC] Market is open
22:58:19.116 [main] INFO  c.gettingstarted.MyAlgoLogic - [MYALGO] Adding order for95@97
total order count is 9
22:58:19.116 [main] INFO  c.gettingstarted.MyAlgoLogic - [Sheza6] market monitor size is 0
22:58:19.116 [main] INFO  c.container.Actioner - [ALGO] Actioner, sending action:CreateChildOrder(side=BUY,quantity=95,price=97)
22:58:19.116 [main] INFO  c.sequencer.consumer.LoggingConsumer - [11] [CreateOrder](sbeTemplateId=4|sbeSchemaId=2|sbeSchemaVersion=0|sbeBlockLength=33):instrumentId=0|price=97|quantity=95|side=BUY|orderId=11
22:58:19.116 [main] INFO  c.gettingstarted.MyAlgoLogic - [MYALGO] The state of the order book is:
|----BID-----||----ASK----|
   160 @ 110     95 @ 97
   220 @ 120    150 @ 94
|------------||-----------|

22:58:19.116 [main] INFO  c.gettingstarted.MyAlgoLogic - [MYALGO] Algo Sees Book as: 
|----BID-----||----ASK----|
   160 @ 110     95 @ 97
   220 @ 120    150 @ 94
|------------||-----------|

22:58:19.116 [main] INFO  c.gettingstarted.MyAlgoLogic - [Sheza5] market monitor size is 0
22:58:19.116 [main] INFO  c.gettingstarted.MyAlgoLogic - [MYALGO] Initial quantity95 price 97
Current market monitor list is 
MYALGO- Current market monitor size is 0
22:58:19.116 [main] INFO  c.gettingstarted.TimedLogic - [TIMEDLOGIC] Market is open
22:58:19.116 [main] INFO  c.gettingstarted.MyAlgoLogic - [MYALGO] Adding order for95@97
total order count is 10
22:58:19.116 [main] INFO  c.gettingstarted.MyAlgoLogic - [Sheza6] market monitor size is 0
22:58:19.116 [main] INFO  c.container.Actioner - [ALGO] Actioner, sending action:CreateChildOrder(side=BUY,quantity=95,price=97)
22:58:19.116 [main] INFO  c.sequencer.consumer.LoggingConsumer - [12] [CreateOrder](sbeTemplateId=4|sbeSchemaId=2|sbeSchemaVersion=0|sbeBlockLength=33):instrumentId=0|price=97|quantity=95|side=BUY|orderId=12
22:58:19.116 [main] INFO  c.gettingstarted.MyAlgoLogic - [MYALGO] The state of the order book is:
|----BID-----||----ASK----|
   160 @ 110     95 @ 97
   220 @ 120    150 @ 94
|------------||-----------|

22:58:19.116 [main] INFO  c.gettingstarted.MyAlgoLogic - [MYALGO] Algo Sees Book as: 
|----BID-----||----ASK----|
   160 @ 110     95 @ 97
   220 @ 120    150 @ 94
|------------||-----------|

22:58:19.116 [main] INFO  c.gettingstarted.MyAlgoLogic - [Sheza5] market monitor size is 0
22:58:19.116 [main] INFO  c.gettingstarted.MyAlgoLogic - [MYALGO] Initial quantity95 price 97
Current market monitor list is 
MYALGO- Current market monitor size is 0
22:58:19.116 [main] INFO  c.gettingstarted.TimedLogic - [TIMEDLOGIC] Market is open
22:58:19.116 [main] INFO  c.gettingstarted.MyAlgoLogic - [MYALGO] Adding order for95@97
total order count is 11
22:58:19.116 [main] INFO  c.gettingstarted.MyAlgoLogic - [Sheza6] market monitor size is 0
22:58:19.116 [main] INFO  c.container.Actioner - [ALGO] Actioner, sending action:CreateChildOrder(side=BUY,quantity=95,price=97)
22:58:19.116 [main] INFO  c.sequencer.consumer.LoggingConsumer - [13] [CreateOrder](sbeTemplateId=4|sbeSchemaId=2|sbeSchemaVersion=0|sbeBlockLength=33):instrumentId=0|price=97|quantity=95|side=BUY|orderId=13
22:58:19.116 [main] INFO  c.gettingstarted.MyAlgoLogic - [MYALGO] The state of the order book is:
|----BID-----||----ASK----|
   160 @ 110     95 @ 97
   220 @ 120    150 @ 94
|------------||-----------|

22:58:19.116 [main] INFO  c.gettingstarted.MyAlgoLogic - [MYALGO] Algo Sees Book as: 
|----BID-----||----ASK----|
   160 @ 110     95 @ 97
   220 @ 120    150 @ 94
|------------||-----------|

22:58:19.116 [main] INFO  c.gettingstarted.MyAlgoLogic - [Sheza5] market monitor size is 0
22:58:19.116 [main] INFO  c.gettingstarted.MyAlgoLogic - [MYALGO] Initial quantity95 price 97
Current market monitor list is 
MYALGO- Current market monitor size is 0
22:58:19.116 [main] INFO  c.gettingstarted.TimedLogic - [TIMEDLOGIC] Market is open
22:58:19.116 [main] INFO  c.gettingstarted.MyAlgoLogic - [MYALGO] Adding order for95@97
total order count is 12
22:58:19.116 [main] INFO  c.gettingstarted.MyAlgoLogic - [Sheza6] market monitor size is 0
22:58:19.116 [main] INFO  c.container.Actioner - [ALGO] Actioner, sending action:CreateChildOrder(side=BUY,quantity=95,price=97)
22:58:19.116 [main] INFO  c.sequencer.consumer.LoggingConsumer - [14] [CreateOrder](sbeTemplateId=4|sbeSchemaId=2|sbeSchemaVersion=0|sbeBlockLength=33):instrumentId=0|price=97|quantity=95|side=BUY|orderId=14
22:58:19.116 [main] INFO  c.gettingstarted.MyAlgoLogic - [MYALGO] The state of the order book is:
|----BID-----||----ASK----|
   160 @ 110     95 @ 97
   220 @ 120    150 @ 94
|------------||-----------|

22:58:19.116 [main] INFO  c.gettingstarted.MyAlgoLogic - [MYALGO] Algo Sees Book as: 
|----BID-----||----ASK----|
   160 @ 110     95 @ 97
   220 @ 120    150 @ 94
|------------||-----------|

22:58:19.116 [main] INFO  c.gettingstarted.MyAlgoLogic - [Sheza5] market monitor size is 0
22:58:19.116 [main] INFO  c.gettingstarted.MyAlgoLogic - [MYALGO] Initial quantity95 price 97
Current market monitor list is 
MYALGO- Current market monitor size is 0
22:58:19.116 [main] INFO  c.gettingstarted.TimedLogic - [TIMEDLOGIC] Market is open
22:58:19.116 [main] INFO  c.gettingstarted.MyAlgoLogic - [MYALGO] Adding order for95@97
total order count is 13
22:58:19.116 [main] INFO  c.gettingstarted.MyAlgoLogic - [Sheza6] market monitor size is 0
22:58:19.116 [main] INFO  c.container.Actioner - [ALGO] Actioner, sending action:CreateChildOrder(side=BUY,quantity=95,price=97)
22:58:19.116 [main] INFO  c.sequencer.consumer.LoggingConsumer - [15] [CreateOrder](sbeTemplateId=4|sbeSchemaId=2|sbeSchemaVersion=0|sbeBlockLength=33):instrumentId=0|price=97|quantity=95|side=BUY|orderId=15
22:58:19.116 [main] INFO  c.gettingstarted.MyAlgoLogic - [MYALGO] The state of the order book is:
|----BID-----||----ASK----|
   160 @ 110     95 @ 97
   220 @ 120    150 @ 94
|------------||-----------|

22:58:19.116 [main] INFO  c.gettingstarted.MyAlgoLogic - [MYALGO] Algo Sees Book as: 
|----BID-----||----ASK----|
   160 @ 110     95 @ 97
   220 @ 120    150 @ 94
|------------||-----------|

22:58:19.116 [main] INFO  c.gettingstarted.MyAlgoLogic - [Sheza5] market monitor size is 0
22:58:19.116 [main] INFO  c.gettingstarted.MyAlgoLogic - [MYALGO] Initial quantity95 price 97
Current market monitor list is 
MYALGO- Current market monitor size is 0
22:58:19.116 [main] INFO  c.gettingstarted.TimedLogic - [TIMEDLOGIC] Market is open
22:58:19.116 [main] INFO  c.gettingstarted.MyAlgoLogic - [MYALGO] Adding order for95@97
total order count is 14
22:58:19.116 [main] INFO  c.gettingstarted.MyAlgoLogic - [Sheza6] market monitor size is 0
22:58:19.116 [main] INFO  c.container.Actioner - [ALGO] Actioner, sending action:CreateChildOrder(side=BUY,quantity=95,price=97)
22:58:19.116 [main] INFO  c.sequencer.consumer.LoggingConsumer - [16] [CreateOrder](sbeTemplateId=4|sbeSchemaId=2|sbeSchemaVersion=0|sbeBlockLength=33):instrumentId=0|price=97|quantity=95|side=BUY|orderId=16
22:58:19.116 [main] INFO  c.gettingstarted.MyAlgoLogic - [MYALGO] The state of the order book is:
|----BID-----||----ASK----|
   160 @ 110     95 @ 97
   220 @ 120    150 @ 94
|------------||-----------|

22:58:19.116 [main] INFO  c.gettingstarted.MyAlgoLogic - [MYALGO] Algo Sees Book as: 
|----BID-----||----ASK----|
   160 @ 110     95 @ 97
   220 @ 120    150 @ 94
|------------||-----------|

22:58:19.116 [main] INFO  c.gettingstarted.MyAlgoLogic - [Sheza5] market monitor size is 0
22:58:19.116 [main] INFO  c.gettingstarted.MyAlgoLogic - [MYALGO] Initial quantity95 price 97
Current market monitor list is 
MYALGO- Current market monitor size is 0
22:58:19.116 [main] INFO  c.gettingstarted.TimedLogic - [TIMEDLOGIC] Market is open
22:58:19.116 [main] INFO  c.gettingstarted.MyAlgoLogic - [MYALGO] Adding order for95@97
total order count is 15
22:58:19.116 [main] INFO  c.gettingstarted.MyAlgoLogic - [Sheza6] market monitor size is 0
22:58:19.116 [main] INFO  c.container.Actioner - [ALGO] Actioner, sending action:CreateChildOrder(side=BUY,quantity=95,price=97)
22:58:19.116 [main] INFO  c.sequencer.consumer.LoggingConsumer - [17] [CreateOrder](sbeTemplateId=4|sbeSchemaId=2|sbeSchemaVersion=0|sbeBlockLength=33):instrumentId=0|price=97|quantity=95|side=BUY|orderId=17
22:58:19.116 [main] INFO  c.gettingstarted.MyAlgoLogic - [MYALGO] The state of the order book is:
|----BID-----||----ASK----|
   160 @ 110     95 @ 97
   220 @ 120    150 @ 94
|------------||-----------|

22:58:19.116 [main] INFO  c.gettingstarted.MyAlgoLogic - [MYALGO] Algo Sees Book as: 
|----BID-----||----ASK----|
   160 @ 110     95 @ 97
   220 @ 120    150 @ 94
|------------||-----------|

22:58:19.116 [main] INFO  c.gettingstarted.MyAlgoLogic - [Sheza5] market monitor size is 0
22:58:19.116 [main] INFO  c.gettingstarted.MyAlgoLogic - [MYALGO] Initial quantity95 price 97
Current market monitor list is 
MYALGO- Current market monitor size is 0
22:58:19.116 [main] INFO  c.gettingstarted.TimedLogic - [TIMEDLOGIC] Market is open
22:58:19.116 [main] INFO  c.gettingstarted.MyAlgoLogic - [MYALGO] Adding order for95@97
total order count is 16
22:58:19.116 [main] INFO  c.gettingstarted.MyAlgoLogic - [Sheza6] market monitor size is 0
22:58:19.116 [main] INFO  c.container.Actioner - [ALGO] Actioner, sending action:CreateChildOrder(side=BUY,quantity=95,price=97)
22:58:19.116 [main] INFO  c.sequencer.consumer.LoggingConsumer - [18] [CreateOrder](sbeTemplateId=4|sbeSchemaId=2|sbeSchemaVersion=0|sbeBlockLength=33):instrumentId=0|price=97|quantity=95|side=BUY|orderId=18
22:58:19.116 [main] INFO  c.gettingstarted.MyAlgoLogic - [MYALGO] The state of the order book is:
|----BID-----||----ASK----|
   160 @ 110     95 @ 97
   220 @ 120    150 @ 94
|------------||-----------|

22:58:19.116 [main] INFO  c.gettingstarted.MyAlgoLogic - [MYALGO] Algo Sees Book as: 
|----BID-----||----ASK----|
   160 @ 110     95 @ 97
   220 @ 120    150 @ 94
|------------||-----------|

22:58:19.116 [main] INFO  c.gettingstarted.MyAlgoLogic - [Sheza5] market monitor size is 0
22:58:19.116 [main] INFO  c.gettingstarted.MyAlgoLogic - [MYALGO] Initial quantity95 price 97
Current market monitor list is 
MYALGO- Current market monitor size is 0
22:58:19.116 [main] INFO  c.gettingstarted.TimedLogic - [TIMEDLOGIC] Market is open
22:58:19.116 [main] INFO  c.gettingstarted.MyAlgoLogic - [MYALGO] Adding order for95@97
total order count is 17
22:58:19.116 [main] INFO  c.gettingstarted.MyAlgoLogic - [Sheza6] market monitor size is 0
22:58:19.116 [main] INFO  c.container.Actioner - [ALGO] Actioner, sending action:CreateChildOrder(side=BUY,quantity=95,price=97)
22:58:19.116 [main] INFO  c.sequencer.consumer.LoggingConsumer - [19] [CreateOrder](sbeTemplateId=4|sbeSchemaId=2|sbeSchemaVersion=0|sbeBlockLength=33):instrumentId=0|price=97|quantity=95|side=BUY|orderId=19
22:58:19.116 [main] INFO  c.gettingstarted.MyAlgoLogic - [MYALGO] The state of the order book is:
|----BID-----||----ASK----|
   160 @ 110     95 @ 97
   220 @ 120    150 @ 94
|------------||-----------|

22:58:19.116 [main] INFO  c.gettingstarted.MyAlgoLogic - [MYALGO] Algo Sees Book as: 
|----BID-----||----ASK----|
   160 @ 110     95 @ 97
   220 @ 120    150 @ 94
|------------||-----------|

22:58:19.116 [main] INFO  c.gettingstarted.MyAlgoLogic - [Sheza5] market monitor size is 0
22:58:19.116 [main] INFO  c.gettingstarted.MyAlgoLogic - [MYALGO] Initial quantity95 price 97
Current market monitor list is 
MYALGO- Current market monitor size is 0
22:58:19.116 [main] INFO  c.gettingstarted.TimedLogic - [TIMEDLOGIC] Market is open
22:58:19.116 [main] INFO  c.gettingstarted.MyAlgoLogic - [MYALGO] Adding order for95@97
total order count is 18
22:58:19.116 [main] INFO  c.gettingstarted.MyAlgoLogic - [Sheza6] market monitor size is 0
22:58:19.116 [main] INFO  c.container.Actioner - [ALGO] Actioner, sending action:CreateChildOrder(side=BUY,quantity=95,price=97)
22:58:19.116 [main] INFO  c.sequencer.consumer.LoggingConsumer - [20] [CreateOrder](sbeTemplateId=4|sbeSchemaId=2|sbeSchemaVersion=0|sbeBlockLength=33):instrumentId=0|price=97|quantity=95|side=BUY|orderId=20
22:58:19.116 [main] INFO  c.gettingstarted.MyAlgoLogic - [MYALGO] The state of the order book is:
|----BID-----||----ASK----|
   160 @ 110     95 @ 97
   220 @ 120    150 @ 94
|------------||-----------|

22:58:19.116 [main] INFO  c.gettingstarted.MyAlgoLogic - [MYALGO] Algo Sees Book as: 
|----BID-----||----ASK----|
   160 @ 110     95 @ 97
   220 @ 120    150 @ 94
|------------||-----------|

22:58:19.116 [main] INFO  c.gettingstarted.MyAlgoLogic - [Sheza5] market monitor size is 0
22:58:19.116 [main] INFO  c.gettingstarted.MyAlgoLogic - [MYALGO] Initial quantity95 price 97
Current market monitor list is 
MYALGO- Current market monitor size is 0
22:58:19.116 [main] INFO  c.gettingstarted.TimedLogic - [TIMEDLOGIC] Market is open
22:58:19.116 [main] INFO  c.gettingstarted.MyAlgoLogic - [MYALGO] Adding order for95@97
total order count is 19
22:58:19.116 [main] INFO  c.gettingstarted.MyAlgoLogic - [Sheza6] market monitor size is 0
22:58:19.116 [main] INFO  c.container.Actioner - [ALGO] Actioner, sending action:CreateChildOrder(side=BUY,quantity=95,price=97)
22:58:19.116 [main] INFO  c.sequencer.consumer.LoggingConsumer - [21] [CreateOrder](sbeTemplateId=4|sbeSchemaId=2|sbeSchemaVersion=0|sbeBlockLength=33):instrumentId=0|price=97|quantity=95|side=BUY|orderId=21
22:58:19.116 [main] INFO  c.gettingstarted.MyAlgoLogic - [MYALGO] The state of the order book is:
|----BID-----||----ASK----|
   160 @ 110     95 @ 97
   220 @ 120    150 @ 94
|------------||-----------|

22:58:19.116 [main] INFO  c.gettingstarted.MyAlgoLogic - [MYALGO] Algo Sees Book as: 
|----BID-----||----ASK----|
   160 @ 110     95 @ 97
   220 @ 120    150 @ 94
|------------||-----------|

22:58:19.116 [main] INFO  c.gettingstarted.MyAlgoLogic - [Sheza5] market monitor size is 0
22:58:19.116 [main] INFO  c.gettingstarted.MyAlgoLogic - [MYALGO] Initial quantity95 price 97
Current market monitor list is 
MYALGO- Current market monitor size is 0
22:58:19.116 [main] INFO  c.gettingstarted.TimedLogic - [TIMEDLOGIC] Market is open
22:58:19.123 [main] INFO  c.gettingstarted.MyAlgoLogic - [MYALGO] Adding order for95@97
total order count is 20
22:58:19.123 [main] INFO  c.gettingstarted.MyAlgoLogic - [Sheza6] market monitor size is 0
22:58:19.123 [main] INFO  c.container.Actioner - [ALGO] Actioner, sending action:CreateChildOrder(side=BUY,quantity=95,price=97)
22:58:19.123 [main] INFO  c.sequencer.consumer.LoggingConsumer - [22] [CreateOrder](sbeTemplateId=4|sbeSchemaId=2|sbeSchemaVersion=0|sbeBlockLength=33):instrumentId=0|price=97|quantity=95|side=BUY|orderId=22
22:58:19.123 [main] INFO  c.gettingstarted.MyAlgoLogic - [MYALGO] The state of the order book is:
|----BID-----||----ASK----|
   160 @ 110     95 @ 97
   220 @ 120    150 @ 94
|------------||-----------|

22:58:19.123 [main] INFO  c.gettingstarted.MyAlgoLogic - [MYALGO] Algo Sees Book as: 
|----BID-----||----ASK----|
   160 @ 110     95 @ 97
   220 @ 120    150 @ 94
|------------||-----------|

22:58:19.123 [main] INFO  c.gettingstarted.MyAlgoLogic - [Sheza5] market monitor size is 0
22:58:19.123 [main] INFO  c.gettingstarted.MyAlgoLogic - [MYALGO] Initial quantity95 price 97
Current market monitor list is 
MYALGO- Current market monitor size is 0
22:58:19.123 [main] INFO  c.gettingstarted.TimedLogic - [TIMEDLOGIC] Market is open
22:58:19.123 [main] INFO  c.gettingstarted.MyAlgoLogic - [MYALGO] Adding order for95@97
total order count is 21
22:58:19.123 [main] INFO  c.gettingstarted.MyAlgoLogic - [Sheza6] market monitor size is 0
22:58:19.123 [main] INFO  c.container.Actioner - [ALGO] Actioner, sending action:CreateChildOrder(side=BUY,quantity=95,price=97)
22:58:19.123 [main] INFO  c.sequencer.consumer.LoggingConsumer - [23] [CreateOrder](sbeTemplateId=4|sbeSchemaId=2|sbeSchemaVersion=0|sbeBlockLength=33):instrumentId=0|price=97|quantity=95|side=BUY|orderId=23
22:58:19.123 [main] INFO  c.gettingstarted.MyAlgoLogic - [MYALGO] The state of the order book is:
|----BID-----||----ASK----|
   160 @ 110     95 @ 97
   220 @ 120    150 @ 94
|------------||-----------|

22:58:19.123 [main] INFO  c.gettingstarted.MyAlgoLogic - [MYALGO] Algo Sees Book as: 
|----BID-----||----ASK----|
   160 @ 110     95 @ 97
   220 @ 120    150 @ 94
|------------||-----------|

22:58:19.123 [main] INFO  c.gettingstarted.MyAlgoLogic - [Sheza5] market monitor size is 0
22:58:19.123 [main] INFO  c.gettingstarted.MyAlgoLogic - [MYALGO] Initial quantity95 price 97
Current market monitor list is 
MYALGO- Current market monitor size is 0
22:58:19.123 [main] INFO  c.gettingstarted.TimedLogic - [TIMEDLOGIC] Market is open
22:58:19.123 [main] INFO  c.gettingstarted.MyAlgoLogic - [MYALGO] Adding order for95@97
total order count is 22
22:58:19.123 [main] INFO  c.gettingstarted.MyAlgoLogic - [Sheza6] market monitor size is 0
22:58:19.123 [main] INFO  c.container.Actioner - [ALGO] Actioner, sending action:CreateChildOrder(side=BUY,quantity=95,price=97)
22:58:19.123 [main] INFO  c.sequencer.consumer.LoggingConsumer - [24] [CreateOrder](sbeTemplateId=4|sbeSchemaId=2|sbeSchemaVersion=0|sbeBlockLength=33):instrumentId=0|price=97|quantity=95|side=BUY|orderId=24
22:58:19.123 [main] INFO  c.gettingstarted.MyAlgoLogic - [MYALGO] The state of the order book is:
|----BID-----||----ASK----|
   160 @ 110     95 @ 97
   220 @ 120    150 @ 94
|------------||-----------|

22:58:19.123 [main] INFO  c.gettingstarted.MyAlgoLogic - [MYALGO] Algo Sees Book as: 
|----BID-----||----ASK----|
   160 @ 110     95 @ 97
   220 @ 120    150 @ 94
|------------||-----------|

22:58:19.124 [main] INFO  c.gettingstarted.MyAlgoLogic - [Sheza5] market monitor size is 0
22:58:19.124 [main] INFO  c.gettingstarted.MyAlgoLogic - [MYALGO] Initial quantity95 price 97
Current market monitor list is 
MYALGO- Current market monitor size is 0
22:58:19.124 [main] INFO  c.gettingstarted.TimedLogic - [TIMEDLOGIC] Market is open
22:58:19.124 [main] INFO  c.gettingstarted.MyAlgoLogic - [MYALGO] Adding order for95@97
total order count is 23
22:58:19.124 [main] INFO  c.gettingstarted.MyAlgoLogic - [Sheza6] market monitor size is 0
22:58:19.124 [main] INFO  c.container.Actioner - [ALGO] Actioner, sending action:CreateChildOrder(side=BUY,quantity=95,price=97)
22:58:19.124 [main] INFO  c.sequencer.consumer.LoggingConsumer - [25] [CreateOrder](sbeTemplateId=4|sbeSchemaId=2|sbeSchemaVersion=0|sbeBlockLength=33):instrumentId=0|price=97|quantity=95|side=BUY|orderId=25
22:58:19.124 [main] INFO  c.gettingstarted.MyAlgoLogic - [MYALGO] The state of the order book is:
|----BID-----||----ASK----|
   160 @ 110     95 @ 97
   220 @ 120    150 @ 94
|------------||-----------|

22:58:19.124 [main] INFO  c.gettingstarted.MyAlgoLogic - [MYALGO] Algo Sees Book as: 
|----BID-----||----ASK----|
   160 @ 110     95 @ 97
   220 @ 120    150 @ 94
|------------||-----------|

22:58:19.124 [main] INFO  c.gettingstarted.MyAlgoLogic - [Sheza5] market monitor size is 0
22:58:19.124 [main] INFO  c.gettingstarted.MyAlgoLogic - [MYALGO] Initial quantity95 price 97
Current market monitor list is 
MYALGO- Current market monitor size is 0
22:58:19.124 [main] INFO  c.gettingstarted.TimedLogic - [TIMEDLOGIC] Market is open
22:58:19.124 [main] INFO  c.gettingstarted.MyAlgoLogic - [MYALGO] Adding order for95@97
total order count is 24
22:58:19.124 [main] INFO  c.gettingstarted.MyAlgoLogic - [Sheza6] market monitor size is 0
22:58:19.124 [main] INFO  c.container.Actioner - [ALGO] Actioner, sending action:CreateChildOrder(side=BUY,quantity=95,price=97)
22:58:19.124 [main] INFO  c.sequencer.consumer.LoggingConsumer - [26] [CreateOrder](sbeTemplateId=4|sbeSchemaId=2|sbeSchemaVersion=0|sbeBlockLength=33):instrumentId=0|price=97|quantity=95|side=BUY|orderId=26
22:58:19.124 [main] INFO  c.gettingstarted.MyAlgoLogic - [MYALGO] The state of the order book is:
|----BID-----||----ASK----|
   160 @ 110     95 @ 97
   220 @ 120    150 @ 94
|------------||-----------|

22:58:19.124 [main] INFO  c.gettingstarted.MyAlgoLogic - [MYALGO] Algo Sees Book as: 
|----BID-----||----ASK----|
   160 @ 110     95 @ 97
   220 @ 120    150 @ 94
|------------||-----------|

22:58:19.124 [main] INFO  c.gettingstarted.MyAlgoLogic - [Sheza5] market monitor size is 0
22:58:19.124 [main] INFO  c.gettingstarted.MyAlgoLogic - [MYALGO] Initial quantity95 price 97
Current market monitor list is 
MYALGO- Current market monitor size is 0
22:58:19.124 [main] INFO  c.gettingstarted.TimedLogic - [TIMEDLOGIC] Market is open
22:58:19.124 [main] INFO  c.gettingstarted.MyAlgoLogic - [MYALGO] Adding order for95@97
total order count is 25
22:58:19.124 [main] INFO  c.gettingstarted.MyAlgoLogic - [Sheza6] market monitor size is 0
22:58:19.124 [main] INFO  c.container.Actioner - [ALGO] Actioner, sending action:CreateChildOrder(side=BUY,quantity=95,price=97)
22:58:19.124 [main] INFO  c.sequencer.consumer.LoggingConsumer - [27] [CreateOrder](sbeTemplateId=4|sbeSchemaId=2|sbeSchemaVersion=0|sbeBlockLength=33):instrumentId=0|price=97|quantity=95|side=BUY|orderId=27
22:58:19.124 [main] INFO  c.gettingstarted.MyAlgoLogic - [MYALGO] The state of the order book is:
|----BID-----||----ASK----|
   160 @ 110     95 @ 97
   220 @ 120    150 @ 94
|------------||-----------|

22:58:19.124 [main] INFO  c.gettingstarted.MyAlgoLogic - [MYALGO] Algo Sees Book as: 
|----BID-----||----ASK----|
   160 @ 110     95 @ 97
   220 @ 120    150 @ 94
|------------||-----------|

22:58:19.124 [main] INFO  c.gettingstarted.MyAlgoLogic - [Sheza5] market monitor size is 0
22:58:19.124 [main] INFO  c.gettingstarted.MyAlgoLogic - [MYALGO] Initial quantity95 price 97
Current market monitor list is 
MYALGO- Current market monitor size is 0
22:58:19.124 [main] INFO  c.gettingstarted.TimedLogic - [TIMEDLOGIC] Market is open
22:58:19.124 [main] INFO  c.gettingstarted.MyAlgoLogic - [MYALGO] Adding order for95@97
total order count is 26
22:58:19.124 [main] INFO  c.gettingstarted.MyAlgoLogic - [Sheza6] market monitor size is 0
22:58:19.124 [main] INFO  c.container.Actioner - [ALGO] Actioner, sending action:CreateChildOrder(side=BUY,quantity=95,price=97)
22:58:19.124 [main] INFO  c.sequencer.consumer.LoggingConsumer - [28] [CreateOrder](sbeTemplateId=4|sbeSchemaId=2|sbeSchemaVersion=0|sbeBlockLength=33):instrumentId=0|price=97|quantity=95|side=BUY|orderId=28
22:58:19.124 [main] INFO  c.gettingstarted.MyAlgoLogic - [MYALGO] The state of the order book is:
|----BID-----||----ASK----|
   160 @ 110     95 @ 97
   220 @ 120    150 @ 94
|------------||-----------|

22:58:19.124 [main] INFO  c.gettingstarted.MyAlgoLogic - [MYALGO] Algo Sees Book as: 
|----BID-----||----ASK----|
   160 @ 110     95 @ 97
   220 @ 120    150 @ 94
|------------||-----------|

22:58:19.124 [main] INFO  c.gettingstarted.MyAlgoLogic - [Sheza5] market monitor size is 0
22:58:19.124 [main] INFO  c.gettingstarted.MyAlgoLogic - [MYALGO] Initial quantity95 price 97
Current market monitor list is 
MYALGO- Current market monitor size is 0
22:58:19.124 [main] INFO  c.gettingstarted.TimedLogic - [TIMEDLOGIC] Market is open
22:58:19.124 [main] INFO  c.gettingstarted.MyAlgoLogic - [MYALGO] Adding order for95@97
total order count is 27
22:58:19.124 [main] INFO  c.gettingstarted.MyAlgoLogic - [Sheza6] market monitor size is 0
22:58:19.124 [main] INFO  c.container.Actioner - [ALGO] Actioner, sending action:CreateChildOrder(side=BUY,quantity=95,price=97)
22:58:19.124 [main] INFO  c.sequencer.consumer.LoggingConsumer - [29] [CreateOrder](sbeTemplateId=4|sbeSchemaId=2|sbeSchemaVersion=0|sbeBlockLength=33):instrumentId=0|price=97|quantity=95|side=BUY|orderId=29
22:58:19.124 [main] INFO  c.gettingstarted.MyAlgoLogic - [MYALGO] The state of the order book is:
|----BID-----||----ASK----|
   160 @ 110     95 @ 97
   220 @ 120    150 @ 94
|------------||-----------|

22:58:19.124 [main] INFO  c.gettingstarted.MyAlgoLogic - [MYALGO] Algo Sees Book as: 
|----BID-----||----ASK----|
   160 @ 110     95 @ 97
   220 @ 120    150 @ 94
|------------||-----------|

22:58:19.124 [main] INFO  c.gettingstarted.MyAlgoLogic - [Sheza5] market monitor size is 0
22:58:19.124 [main] INFO  c.gettingstarted.MyAlgoLogic - [MYALGO] Initial quantity95 price 97
Current market monitor list is 
MYALGO- Current market monitor size is 0
22:58:19.124 [main] INFO  c.gettingstarted.TimedLogic - [TIMEDLOGIC] Market is open
22:58:19.126 [main] INFO  c.gettingstarted.MyAlgoLogic - [MYALGO] Adding order for95@97
total order count is 28
22:58:19.126 [main] INFO  c.gettingstarted.MyAlgoLogic - [Sheza6] market monitor size is 0
22:58:19.126 [main] INFO  c.container.Actioner - [ALGO] Actioner, sending action:CreateChildOrder(side=BUY,quantity=95,price=97)
22:58:19.126 [main] INFO  c.sequencer.consumer.LoggingConsumer - [30] [CreateOrder](sbeTemplateId=4|sbeSchemaId=2|sbeSchemaVersion=0|sbeBlockLength=33):instrumentId=0|price=97|quantity=95|side=BUY|orderId=30
22:58:19.126 [main] INFO  c.gettingstarted.MyAlgoLogic - [MYALGO] The state of the order book is:
|----BID-----||----ASK----|
   160 @ 110     95 @ 97
   220 @ 120    150 @ 94
|------------||-----------|

22:58:19.126 [main] INFO  c.gettingstarted.MyAlgoLogic - [MYALGO] Algo Sees Book as: 
|----BID-----||----ASK----|
   160 @ 110     95 @ 97
   220 @ 120    150 @ 94
|------------||-----------|

22:58:19.126 [main] INFO  c.gettingstarted.MyAlgoLogic - [Sheza5] market monitor size is 0
22:58:19.126 [main] INFO  c.gettingstarted.MyAlgoLogic - [MYALGO] Initial quantity95 price 97
Current market monitor list is 
MYALGO- Current market monitor size is 0
22:58:19.126 [main] INFO  c.gettingstarted.TimedLogic - [TIMEDLOGIC] Market is open
22:58:19.126 [main] INFO  c.gettingstarted.MyAlgoLogic - [MYALGO] Adding order for95@97
total order count is 29
22:58:19.126 [main] INFO  c.gettingstarted.MyAlgoLogic - [Sheza6] market monitor size is 0
22:58:19.126 [main] INFO  c.container.Actioner - [ALGO] Actioner, sending action:CreateChildOrder(side=BUY,quantity=95,price=97)
22:58:19.126 [main] INFO  c.sequencer.consumer.LoggingConsumer - [31] [CreateOrder](sbeTemplateId=4|sbeSchemaId=2|sbeSchemaVersion=0|sbeBlockLength=33):instrumentId=0|price=97|quantity=95|side=BUY|orderId=31
22:58:19.126 [main] INFO  c.gettingstarted.MyAlgoLogic - [MYALGO] The state of the order book is:
|----BID-----||----ASK----|
   160 @ 110     95 @ 97
   220 @ 120    150 @ 94
|------------||-----------|

22:58:19.126 [main] INFO  c.gettingstarted.MyAlgoLogic - [MYALGO] Algo Sees Book as: 
|----BID-----||----ASK----|
   160 @ 110     95 @ 97
   220 @ 120    150 @ 94
|------------||-----------|

22:58:19.126 [main] INFO  c.gettingstarted.MyAlgoLogic - [Sheza5] market monitor size is 0
22:58:19.126 [main] INFO  c.gettingstarted.MyAlgoLogic - [MYALGO] Initial quantity95 price 97
Current market monitor list is 
MYALGO- Current market monitor size is 0
22:58:19.126 [main] INFO  c.gettingstarted.TimedLogic - [TIMEDLOGIC] Market is open
22:58:19.138 [pool-25-thread-1] INFO  c.gettingstarted.TimedLogic - [TIMEDLOGIC] data harvesting
Current market monitor list is 
yolo Price: 98, Quantity: 100Current time: 22:58:18.886355800
22:58:19.138 [pool-25-thread-1] INFO  c.gettingstarted.TimedLogic - [Sheza2] market monitor size is 1
Current market monitor size is 1
22:58:19.138 [pool-25-thread-1] INFO  c.gettingstarted.TimedLogic - [Sheza3] market monitor size is 1
22:58:19.138 [pool-24-thread-1] INFO  c.gettingstarted.TimedLogic - [TIMEDLOGIC] data harvesting
Current market monitor list is 
yolo Price: 98, Quantity: 100Current time: 22:58:18.882909500
22:58:19.138 [pool-24-thread-1] INFO  c.gettingstarted.TimedLogic - [Sheza2] market monitor size is 1
Current market monitor size is 1
22:58:19.138 [pool-24-thread-1] INFO  c.gettingstarted.TimedLogic - [Sheza3] market monitor size is 1
22:58:19.143 [main] INFO  c.gettingstarted.MyAlgoLogic - [MYALGO] Adding order for95@97
total order count is 30
22:58:19.143 [main] INFO  c.gettingstarted.MyAlgoLogic - [Sheza6] market monitor size is 0
22:58:19.143 [main] INFO  c.container.Actioner - [ALGO] Actioner, sending action:CreateChildOrder(side=BUY,quantity=95,price=97)
22:58:19.143 [main] INFO  c.sequencer.consumer.LoggingConsumer - [32] [CreateOrder](sbeTemplateId=4|sbeSchemaId=2|sbeSchemaVersion=0|sbeBlockLength=33):instrumentId=0|price=97|quantity=95|side=BUY|orderId=32
22:58:19.143 [main] INFO  c.gettingstarted.MyAlgoLogic - [MYALGO] The state of the order book is:
|----BID-----||----ASK----|
   160 @ 110     95 @ 97
   220 @ 120    150 @ 94
|------------||-----------|

22:58:19.143 [main] INFO  c.gettingstarted.MyAlgoLogic - [MYALGO] Algo Sees Book as: 
|----BID-----||----ASK----|
   160 @ 110     95 @ 97
   220 @ 120    150 @ 94
|------------||-----------|

22:58:19.143 [main] INFO  c.gettingstarted.MyAlgoLogic - [Sheza5] market monitor size is 0
22:58:19.143 [main] INFO  c.gettingstarted.MyAlgoLogic - [MYALGO] Initial quantity95 price 97
Current market monitor list is 
MYALGO- Current market monitor size is 0
22:58:19.143 [main] INFO  c.gettingstarted.TimedLogic - [TIMEDLOGIC] Market is open
22:58:19.143 [main] INFO  c.gettingstarted.MyAlgoLogic - [MYALGO] Adding order for95@97
total order count is 31
22:58:19.143 [main] INFO  c.gettingstarted.MyAlgoLogic - [Sheza6] market monitor size is 0
22:58:19.143 [main] INFO  c.container.Actioner - [ALGO] Actioner, sending action:CreateChildOrder(side=BUY,quantity=95,price=97)
22:58:19.143 [main] INFO  c.sequencer.consumer.LoggingConsumer - [33] [CreateOrder](sbeTemplateId=4|sbeSchemaId=2|sbeSchemaVersion=0|sbeBlockLength=33):instrumentId=0|price=97|quantity=95|side=BUY|orderId=33
22:58:19.143 [main] INFO  c.gettingstarted.MyAlgoLogic - [MYALGO] The state of the order book is:
|----BID-----||----ASK----|
   160 @ 110     95 @ 97
   220 @ 120    150 @ 94
|------------||-----------|

22:58:19.143 [main] INFO  c.gettingstarted.MyAlgoLogic - [MYALGO] Algo Sees Book as: 
|----BID-----||----ASK----|
   160 @ 110     95 @ 97
   220 @ 120    150 @ 94
|------------||-----------|

22:58:19.143 [main] INFO  c.gettingstarted.MyAlgoLogic - [Sheza5] market monitor size is 0
22:58:19.143 [main] INFO  c.gettingstarted.MyAlgoLogic - [MYALGO] Initial quantity95 price 97
Current market monitor list is 
MYALGO- Current market monitor size is 0
22:58:19.143 [main] INFO  c.gettingstarted.TimedLogic - [TIMEDLOGIC] Market is open
22:58:19.144 [main] INFO  c.gettingstarted.MyAlgoLogic - [MYALGO] Adding order for95@97
total order count is 32
22:58:19.144 [main] INFO  c.gettingstarted.MyAlgoLogic - [Sheza6] market monitor size is 0
22:58:19.144 [main] INFO  c.container.Actioner - [ALGO] Actioner, sending action:CreateChildOrder(side=BUY,quantity=95,price=97)
22:58:19.144 [main] INFO  c.sequencer.consumer.LoggingConsumer - [34] [CreateOrder](sbeTemplateId=4|sbeSchemaId=2|sbeSchemaVersion=0|sbeBlockLength=33):instrumentId=0|price=97|quantity=95|side=BUY|orderId=34
22:58:19.144 [main] INFO  c.gettingstarted.MyAlgoLogic - [MYALGO] The state of the order book is:
|----BID-----||----ASK----|
   160 @ 110     95 @ 97
   220 @ 120    150 @ 94
|------------||-----------|

22:58:19.144 [main] INFO  c.gettingstarted.MyAlgoLogic - [MYALGO] Algo Sees Book as: 
|----BID-----||----ASK----|
   160 @ 110     95 @ 97
   220 @ 120    150 @ 94
|------------||-----------|

22:58:19.144 [main] INFO  c.gettingstarted.MyAlgoLogic - [Sheza5] market monitor size is 0
22:58:19.144 [main] INFO  c.gettingstarted.MyAlgoLogic - [MYALGO] Initial quantity95 price 97
Current market monitor list is 
MYALGO- Current market monitor size is 0
22:58:19.144 [main] INFO  c.gettingstarted.TimedLogic - [TIMEDLOGIC] Market is open
22:58:19.145 [main] INFO  c.gettingstarted.MyAlgoLogic - [MYALGO] Adding order for95@97
total order count is 33
22:58:19.145 [main] INFO  c.gettingstarted.MyAlgoLogic - [Sheza6] market monitor size is 0
22:58:19.145 [main] INFO  c.container.Actioner - [ALGO] Actioner, sending action:CreateChildOrder(side=BUY,quantity=95,price=97)
22:58:19.145 [main] INFO  c.sequencer.consumer.LoggingConsumer - [35] [CreateOrder](sbeTemplateId=4|sbeSchemaId=2|sbeSchemaVersion=0|sbeBlockLength=33):instrumentId=0|price=97|quantity=95|side=BUY|orderId=35
22:58:19.145 [main] INFO  c.gettingstarted.MyAlgoLogic - [MYALGO] The state of the order book is:
|----BID-----||----ASK----|
   160 @ 110     95 @ 97
   220 @ 120    150 @ 94
|------------||-----------|

22:58:19.145 [main] INFO  c.gettingstarted.MyAlgoLogic - [MYALGO] Algo Sees Book as: 
|----BID-----||----ASK----|
   160 @ 110     95 @ 97
   220 @ 120    150 @ 94
|------------||-----------|

22:58:19.145 [main] INFO  c.gettingstarted.MyAlgoLogic - [Sheza5] market monitor size is 0
22:58:19.145 [main] INFO  c.gettingstarted.MyAlgoLogic - [MYALGO] Initial quantity95 price 97
Current market monitor list is 
MYALGO- Current market monitor size is 0
22:58:19.145 [main] INFO  c.gettingstarted.TimedLogic - [TIMEDLOGIC] Market is open
22:58:19.145 [main] INFO  c.gettingstarted.MyAlgoLogic - [MYALGO] Adding order for95@97
total order count is 34
22:58:19.145 [main] INFO  c.gettingstarted.MyAlgoLogic - [Sheza6] market monitor size is 0
22:58:19.145 [main] INFO  c.container.Actioner - [ALGO] Actioner, sending action:CreateChildOrder(side=BUY,quantity=95,price=97)
22:58:19.145 [main] INFO  c.sequencer.consumer.LoggingConsumer - [36] [CreateOrder](sbeTemplateId=4|sbeSchemaId=2|sbeSchemaVersion=0|sbeBlockLength=33):instrumentId=0|price=97|quantity=95|side=BUY|orderId=36
22:58:19.145 [main] INFO  c.gettingstarted.MyAlgoLogic - [MYALGO] The state of the order book is:
|----BID-----||----ASK----|
   160 @ 110     95 @ 97
   220 @ 120    150 @ 94
|------------||-----------|

22:58:19.145 [main] INFO  c.gettingstarted.MyAlgoLogic - [MYALGO] Algo Sees Book as: 
|----BID-----||----ASK----|
   160 @ 110     95 @ 97
   220 @ 120    150 @ 94
|------------||-----------|

22:58:19.145 [main] INFO  c.gettingstarted.MyAlgoLogic - [Sheza5] market monitor size is 0
22:58:19.145 [main] INFO  c.gettingstarted.MyAlgoLogic - [MYALGO] Initial quantity95 price 97
Current market monitor list is 
MYALGO- Current market monitor size is 0
22:58:19.145 [main] INFO  c.gettingstarted.TimedLogic - [TIMEDLOGIC] Market is open
22:58:19.145 [main] INFO  c.gettingstarted.MyAlgoLogic - [MYALGO] Adding order for95@97
total order count is 35
22:58:19.145 [main] INFO  c.gettingstarted.MyAlgoLogic - [Sheza6] market monitor size is 0
22:58:19.145 [main] INFO  c.container.Actioner - [ALGO] Actioner, sending action:CreateChildOrder(side=BUY,quantity=95,price=97)
22:58:19.145 [main] INFO  c.sequencer.consumer.LoggingConsumer - [37] [CreateOrder](sbeTemplateId=4|sbeSchemaId=2|sbeSchemaVersion=0|sbeBlockLength=33):instrumentId=0|price=97|quantity=95|side=BUY|orderId=37
22:58:19.145 [main] INFO  c.gettingstarted.MyAlgoLogic - [MYALGO] The state of the order book is:
|----BID-----||----ASK----|
   160 @ 110     95 @ 97
   220 @ 120    150 @ 94
|------------||-----------|

22:58:19.145 [main] INFO  c.gettingstarted.MyAlgoLogic - [MYALGO] Algo Sees Book as: 
|----BID-----||----ASK----|
   160 @ 110     95 @ 97
   220 @ 120    150 @ 94
|------------||-----------|

22:58:19.145 [main] INFO  c.gettingstarted.MyAlgoLogic - [Sheza5] market monitor size is 0
22:58:19.145 [main] INFO  c.gettingstarted.MyAlgoLogic - [MYALGO] Initial quantity95 price 97
Current market monitor list is 
MYALGO- Current market monitor size is 0
22:58:19.145 [main] INFO  c.gettingstarted.TimedLogic - [TIMEDLOGIC] Market is open
22:58:19.145 [main] INFO  c.gettingstarted.MyAlgoLogic - [MYALGO] Adding order for95@97
total order count is 36
22:58:19.145 [main] INFO  c.gettingstarted.MyAlgoLogic - [Sheza6] market monitor size is 0
22:58:19.145 [main] INFO  c.container.Actioner - [ALGO] Actioner, sending action:CreateChildOrder(side=BUY,quantity=95,price=97)
22:58:19.145 [main] INFO  c.sequencer.consumer.LoggingConsumer - [38] [CreateOrder](sbeTemplateId=4|sbeSchemaId=2|sbeSchemaVersion=0|sbeBlockLength=33):instrumentId=0|price=97|quantity=95|side=BUY|orderId=38
22:58:19.146 [main] INFO  c.gettingstarted.MyAlgoLogic - [MYALGO] The state of the order book is:
|----BID-----||----ASK----|
   160 @ 110     95 @ 97
   220 @ 120    150 @ 94
|------------||-----------|

22:58:19.146 [main] INFO  c.gettingstarted.MyAlgoLogic - [MYALGO] Algo Sees Book as: 
|----BID-----||----ASK----|
   160 @ 110     95 @ 97
   220 @ 120    150 @ 94
|------------||-----------|

22:58:19.146 [main] INFO  c.gettingstarted.MyAlgoLogic - [Sheza5] market monitor size is 0
22:58:19.146 [main] INFO  c.gettingstarted.MyAlgoLogic - [MYALGO] Initial quantity95 price 97
Current market monitor list is 
MYALGO- Current market monitor size is 0
22:58:19.146 [main] INFO  c.gettingstarted.TimedLogic - [TIMEDLOGIC] Market is open
22:58:19.146 [main] INFO  c.gettingstarted.MyAlgoLogic - [MYALGO] Adding order for95@97
total order count is 37
22:58:19.146 [main] INFO  c.gettingstarted.MyAlgoLogic - [Sheza6] market monitor size is 0
22:58:19.147 [main] INFO  c.container.Actioner - [ALGO] Actioner, sending action:CreateChildOrder(side=BUY,quantity=95,price=97)
22:58:19.147 [main] INFO  c.sequencer.consumer.LoggingConsumer - [39] [CreateOrder](sbeTemplateId=4|sbeSchemaId=2|sbeSchemaVersion=0|sbeBlockLength=33):instrumentId=0|price=97|quantity=95|side=BUY|orderId=39
22:58:19.147 [main] INFO  c.gettingstarted.MyAlgoLogic - [MYALGO] The state of the order book is:
|----BID-----||----ASK----|
   160 @ 110     95 @ 97
   220 @ 120    150 @ 94
|------------||-----------|

22:58:19.147 [main] INFO  c.gettingstarted.MyAlgoLogic - [MYALGO] Algo Sees Book as: 
|----BID-----||----ASK----|
   160 @ 110     95 @ 97
   220 @ 120    150 @ 94
|------------||-----------|

22:58:19.147 [main] INFO  c.gettingstarted.MyAlgoLogic - [Sheza5] market monitor size is 0
22:58:19.147 [main] INFO  c.gettingstarted.MyAlgoLogic - [MYALGO] Initial quantity95 price 97
Current market monitor list is 
MYALGO- Current market monitor size is 0
22:58:19.147 [main] INFO  c.gettingstarted.TimedLogic - [TIMEDLOGIC] Market is open
22:58:19.148 [main] INFO  c.gettingstarted.MyAlgoLogic - [MYALGO] Adding order for95@97
total order count is 38
22:58:19.148 [main] INFO  c.gettingstarted.MyAlgoLogic - [Sheza6] market monitor size is 0
22:58:19.148 [main] INFO  c.container.Actioner - [ALGO] Actioner, sending action:CreateChildOrder(side=BUY,quantity=95,price=97)
22:58:19.148 [main] INFO  c.sequencer.consumer.LoggingConsumer - [40] [CreateOrder](sbeTemplateId=4|sbeSchemaId=2|sbeSchemaVersion=0|sbeBlockLength=33):instrumentId=0|price=97|quantity=95|side=BUY|orderId=40
22:58:19.148 [main] INFO  c.gettingstarted.MyAlgoLogic - [MYALGO] The state of the order book is:
|----BID-----||----ASK----|
   160 @ 110     95 @ 97
   220 @ 120    150 @ 94
|------------||-----------|

22:58:19.148 [main] INFO  c.gettingstarted.MyAlgoLogic - [MYALGO] Algo Sees Book as: 
|----BID-----||----ASK----|
   160 @ 110     95 @ 97
   220 @ 120    150 @ 94
|------------||-----------|

22:58:19.148 [main] INFO  c.gettingstarted.MyAlgoLogic - [Sheza5] market monitor size is 0
22:58:19.148 [main] INFO  c.gettingstarted.MyAlgoLogic - [MYALGO] Initial quantity95 price 97
Current market monitor list is 
MYALGO- Current market monitor size is 0
22:58:19.148 [main] INFO  c.gettingstarted.TimedLogic - [TIMEDLOGIC] Market is open
22:58:19.148 [main] INFO  c.gettingstarted.MyAlgoLogic - [MYALGO] Adding order for95@97
total order count is 39
22:58:19.148 [main] INFO  c.gettingstarted.MyAlgoLogic - [Sheza6] market monitor size is 0
22:58:19.148 [main] INFO  c.container.Actioner - [ALGO] Actioner, sending action:CreateChildOrder(side=BUY,quantity=95,price=97)
22:58:19.148 [main] INFO  c.sequencer.consumer.LoggingConsumer - [41] [CreateOrder](sbeTemplateId=4|sbeSchemaId=2|sbeSchemaVersion=0|sbeBlockLength=33):instrumentId=0|price=97|quantity=95|side=BUY|orderId=41
22:58:19.148 [main] INFO  c.gettingstarted.MyAlgoLogic - [MYALGO] The state of the order book is:
|----BID-----||----ASK----|
   160 @ 110     95 @ 97
   220 @ 120    150 @ 94
|------------||-----------|

22:58:19.150 [main] INFO  c.gettingstarted.MyAlgoLogic - [MYALGO] Algo Sees Book as: 
|----BID-----||----ASK----|
   160 @ 110     95 @ 97
   220 @ 120    150 @ 94
|------------||-----------|

22:58:19.150 [main] INFO  c.gettingstarted.MyAlgoLogic - [Sheza5] market monitor size is 0
22:58:19.150 [main] INFO  c.gettingstarted.MyAlgoLogic - [MYALGO] Initial quantity95 price 97
Current market monitor list is 
MYALGO- Current market monitor size is 0
22:58:19.150 [main] INFO  c.gettingstarted.TimedLogic - [TIMEDLOGIC] Market is open
22:58:19.151 [main] INFO  c.gettingstarted.MyAlgoLogic - [MYALGO] Adding order for95@97
total order count is 40
22:58:19.151 [main] INFO  c.gettingstarted.MyAlgoLogic - [Sheza6] market monitor size is 0
22:58:19.151 [main] INFO  c.container.Actioner - [ALGO] Actioner, sending action:CreateChildOrder(side=BUY,quantity=95,price=97)
22:58:19.151 [main] INFO  c.sequencer.consumer.LoggingConsumer - [42] [CreateOrder](sbeTemplateId=4|sbeSchemaId=2|sbeSchemaVersion=0|sbeBlockLength=33):instrumentId=0|price=97|quantity=95|side=BUY|orderId=42
22:58:19.151 [main] INFO  c.gettingstarted.MyAlgoLogic - [MYALGO] The state of the order book is:
|----BID-----||----ASK----|
   160 @ 110     95 @ 97
   220 @ 120    150 @ 94
|------------||-----------|

22:58:19.151 [main] INFO  c.gettingstarted.MyAlgoLogic - [MYALGO] Algo Sees Book as: 
|----BID-----||----ASK----|
   160 @ 110     95 @ 97
   220 @ 120    150 @ 94
|------------||-----------|

22:58:19.151 [main] INFO  c.gettingstarted.MyAlgoLogic - [Sheza5] market monitor size is 0
22:58:19.151 [main] INFO  c.gettingstarted.MyAlgoLogic - [MYALGO] Initial quantity95 price 97
Current market monitor list is 
MYALGO- Current market monitor size is 0
22:58:19.151 [main] INFO  c.gettingstarted.TimedLogic - [TIMEDLOGIC] Market is open
22:58:19.151 [main] INFO  c.gettingstarted.MyAlgoLogic - [MYALGO] Adding order for95@97
total order count is 41
22:58:19.151 [main] INFO  c.gettingstarted.MyAlgoLogic - [Sheza6] market monitor size is 0
22:58:19.151 [main] INFO  c.container.Actioner - [ALGO] Actioner, sending action:CreateChildOrder(side=BUY,quantity=95,price=97)
22:58:19.151 [main] INFO  c.sequencer.consumer.LoggingConsumer - [43] [CreateOrder](sbeTemplateId=4|sbeSchemaId=2|sbeSchemaVersion=0|sbeBlockLength=33):instrumentId=0|price=97|quantity=95|side=BUY|orderId=43
22:58:19.151 [main] INFO  c.gettingstarted.MyAlgoLogic - [MYALGO] The state of the order book is:
|----BID-----||----ASK----|
   160 @ 110     95 @ 97
   220 @ 120    150 @ 94
|------------||-----------|

22:58:19.151 [main] INFO  c.gettingstarted.MyAlgoLogic - [MYALGO] Algo Sees Book as: 
|----BID-----||----ASK----|
   160 @ 110     95 @ 97
   220 @ 120    150 @ 94
|------------||-----------|

22:58:19.151 [main] INFO  c.gettingstarted.MyAlgoLogic - [Sheza5] market monitor size is 0
22:58:19.151 [main] INFO  c.gettingstarted.MyAlgoLogic - [MYALGO] Initial quantity95 price 97
Current market monitor list is 
MYALGO- Current market monitor size is 0
22:58:19.151 [main] INFO  c.gettingstarted.TimedLogic - [TIMEDLOGIC] Market is open
22:58:19.154 [main] INFO  c.gettingstarted.MyAlgoLogic - [MYALGO] Adding order for95@97
total order count is 42
22:58:19.154 [main] INFO  c.gettingstarted.MyAlgoLogic - [Sheza6] market monitor size is 0
22:58:19.154 [main] INFO  c.container.Actioner - [ALGO] Actioner, sending action:CreateChildOrder(side=BUY,quantity=95,price=97)
22:58:19.154 [main] INFO  c.sequencer.consumer.LoggingConsumer - [44] [CreateOrder](sbeTemplateId=4|sbeSchemaId=2|sbeSchemaVersion=0|sbeBlockLength=33):instrumentId=0|price=97|quantity=95|side=BUY|orderId=44
22:58:19.154 [main] INFO  c.gettingstarted.MyAlgoLogic - [MYALGO] The state of the order book is:
|----BID-----||----ASK----|
   160 @ 110     95 @ 97
   220 @ 120    150 @ 94
|------------||-----------|

22:58:19.154 [main] INFO  c.gettingstarted.MyAlgoLogic - [MYALGO] Algo Sees Book as: 
|----BID-----||----ASK----|
   160 @ 110     95 @ 97
   220 @ 120    150 @ 94
|------------||-----------|

22:58:19.154 [main] INFO  c.gettingstarted.MyAlgoLogic - [Sheza5] market monitor size is 0
22:58:19.155 [main] INFO  c.gettingstarted.MyAlgoLogic - [MYALGO] Initial quantity95 price 97
Current market monitor list is 
MYALGO- Current market monitor size is 0
22:58:19.155 [main] INFO  c.gettingstarted.TimedLogic - [TIMEDLOGIC] Market is open
22:58:19.155 [main] INFO  c.gettingstarted.MyAlgoLogic - [MYALGO] Adding order for95@97
total order count is 43
22:58:19.155 [main] INFO  c.gettingstarted.MyAlgoLogic - [Sheza6] market monitor size is 0
22:58:19.155 [main] INFO  c.container.Actioner - [ALGO] Actioner, sending action:CreateChildOrder(side=BUY,quantity=95,price=97)
22:58:19.155 [main] INFO  c.sequencer.consumer.LoggingConsumer - [45] [CreateOrder](sbeTemplateId=4|sbeSchemaId=2|sbeSchemaVersion=0|sbeBlockLength=33):instrumentId=0|price=97|quantity=95|side=BUY|orderId=45
22:58:19.155 [main] INFO  c.gettingstarted.MyAlgoLogic - [MYALGO] The state of the order book is:
|----BID-----||----ASK----|
   160 @ 110     95 @ 97
   220 @ 120    150 @ 94
|------------||-----------|

22:58:19.155 [main] INFO  c.gettingstarted.MyAlgoLogic - [MYALGO] Algo Sees Book as: 
|----BID-----||----ASK----|
   160 @ 110     95 @ 97
   220 @ 120    150 @ 94
|------------||-----------|

22:58:19.155 [main] INFO  c.gettingstarted.MyAlgoLogic - [Sheza5] market monitor size is 0
22:58:19.155 [main] INFO  c.gettingstarted.MyAlgoLogic - [MYALGO] Initial quantity95 price 97
Current market monitor list is 
MYALGO- Current market monitor size is 0
22:58:19.155 [main] INFO  c.gettingstarted.TimedLogic - [TIMEDLOGIC] Market is open
22:58:19.155 [main] INFO  c.gettingstarted.MyAlgoLogic - [MYALGO] Adding order for95@97
total order count is 44
22:58:19.155 [main] INFO  c.gettingstarted.MyAlgoLogic - [Sheza6] market monitor size is 0
22:58:19.155 [main] INFO  c.container.Actioner - [ALGO] Actioner, sending action:CreateChildOrder(side=BUY,quantity=95,price=97)
22:58:19.155 [main] INFO  c.sequencer.consumer.LoggingConsumer - [46] [CreateOrder](sbeTemplateId=4|sbeSchemaId=2|sbeSchemaVersion=0|sbeBlockLength=33):instrumentId=0|price=97|quantity=95|side=BUY|orderId=46
22:58:19.155 [main] INFO  c.gettingstarted.MyAlgoLogic - [MYALGO] The state of the order book is:
|----BID-----||----ASK----|
   160 @ 110     95 @ 97
   220 @ 120    150 @ 94
|------------||-----------|

22:58:19.155 [main] INFO  c.gettingstarted.MyAlgoLogic - [MYALGO] Algo Sees Book as: 
|----BID-----||----ASK----|
   160 @ 110     95 @ 97
   220 @ 120    150 @ 94
|------------||-----------|

22:58:19.155 [main] INFO  c.gettingstarted.MyAlgoLogic - [Sheza5] market monitor size is 0
22:58:19.155 [main] INFO  c.gettingstarted.MyAlgoLogic - [MYALGO] Initial quantity95 price 97
Current market monitor list is 
MYALGO- Current market monitor size is 0
22:58:19.155 [main] INFO  c.gettingstarted.TimedLogic - [TIMEDLOGIC] Market is open
22:58:19.156 [main] INFO  c.gettingstarted.MyAlgoLogic - [MYALGO] Adding order for95@97
total order count is 45
22:58:19.156 [main] INFO  c.gettingstarted.MyAlgoLogic - [Sheza6] market monitor size is 0
22:58:19.156 [main] INFO  c.container.Actioner - [ALGO] Actioner, sending action:CreateChildOrder(side=BUY,quantity=95,price=97)
22:58:19.156 [main] INFO  c.sequencer.consumer.LoggingConsumer - [47] [CreateOrder](sbeTemplateId=4|sbeSchemaId=2|sbeSchemaVersion=0|sbeBlockLength=33):instrumentId=0|price=97|quantity=95|side=BUY|orderId=47
22:58:19.156 [main] INFO  c.gettingstarted.MyAlgoLogic - [MYALGO] The state of the order book is:
|----BID-----||----ASK----|
   160 @ 110     95 @ 97
   220 @ 120    150 @ 94
|------------||-----------|

22:58:19.156 [main] INFO  c.gettingstarted.MyAlgoLogic - [MYALGO] Algo Sees Book as: 
|----BID-----||----ASK----|
   160 @ 110     95 @ 97
   220 @ 120    150 @ 94
|------------||-----------|

22:58:19.156 [main] INFO  c.gettingstarted.MyAlgoLogic - [Sheza5] market monitor size is 0
22:58:19.156 [main] INFO  c.gettingstarted.MyAlgoLogic - [MYALGO] Initial quantity95 price 97
Current market monitor list is 
MYALGO- Current market monitor size is 0
22:58:19.156 [main] INFO  c.gettingstarted.TimedLogic - [TIMEDLOGIC] Market is open
22:58:19.157 [main] INFO  c.gettingstarted.MyAlgoLogic - [MYALGO] Adding order for95@97
total order count is 46
22:58:19.157 [main] INFO  c.gettingstarted.MyAlgoLogic - [Sheza6] market monitor size is 0
22:58:19.157 [main] INFO  c.container.Actioner - [ALGO] Actioner, sending action:CreateChildOrder(side=BUY,quantity=95,price=97)
22:58:19.157 [main] INFO  c.sequencer.consumer.LoggingConsumer - [48] [CreateOrder](sbeTemplateId=4|sbeSchemaId=2|sbeSchemaVersion=0|sbeBlockLength=33):instrumentId=0|price=97|quantity=95|side=BUY|orderId=48
22:58:19.157 [main] INFO  c.gettingstarted.MyAlgoLogic - [MYALGO] The state of the order book is:
|----BID-----||----ASK----|
   160 @ 110     95 @ 97
   220 @ 120    150 @ 94
|------------||-----------|

22:58:19.157 [main] INFO  c.gettingstarted.MyAlgoLogic - [MYALGO] Algo Sees Book as: 
|----BID-----||----ASK----|
   160 @ 110     95 @ 97
   220 @ 120    150 @ 94
|------------||-----------|

22:58:19.157 [main] INFO  c.gettingstarted.MyAlgoLogic - [Sheza5] market monitor size is 0
22:58:19.157 [main] INFO  c.gettingstarted.MyAlgoLogic - [MYALGO] Initial quantity95 price 97
Current market monitor list is 
MYALGO- Current market monitor size is 0
22:58:19.157 [main] INFO  c.gettingstarted.TimedLogic - [TIMEDLOGIC] Market is open
22:58:19.157 [main] INFO  c.gettingstarted.MyAlgoLogic - [MYALGO] Adding order for95@97
total order count is 47
22:58:19.157 [main] INFO  c.gettingstarted.MyAlgoLogic - [Sheza6] market monitor size is 0
22:58:19.157 [main] INFO  c.container.Actioner - [ALGO] Actioner, sending action:CreateChildOrder(side=BUY,quantity=95,price=97)
22:58:19.157 [main] INFO  c.sequencer.consumer.LoggingConsumer - [49] [CreateOrder](sbeTemplateId=4|sbeSchemaId=2|sbeSchemaVersion=0|sbeBlockLength=33):instrumentId=0|price=97|quantity=95|side=BUY|orderId=49
22:58:19.157 [main] INFO  c.gettingstarted.MyAlgoLogic - [MYALGO] The state of the order book is:
|----BID-----||----ASK----|
   160 @ 110     95 @ 97
   220 @ 120    150 @ 94
|------------||-----------|

22:58:19.157 [main] INFO  c.gettingstarted.MyAlgoLogic - [MYALGO] Algo Sees Book as: 
|----BID-----||----ASK----|
   160 @ 110     95 @ 97
   220 @ 120    150 @ 94
|------------||-----------|

22:58:19.157 [main] INFO  c.gettingstarted.MyAlgoLogic - [Sheza5] market monitor size is 0
22:58:19.157 [main] INFO  c.gettingstarted.MyAlgoLogic - [MYALGO] Initial quantity95 price 97
Current market monitor list is 
MYALGO- Current market monitor size is 0
22:58:19.157 [main] INFO  c.gettingstarted.TimedLogic - [TIMEDLOGIC] Market is open
22:58:19.157 [main] INFO  c.gettingstarted.MyAlgoLogic - [MYALGO] Adding order for95@97
total order count is 48
22:58:19.157 [main] INFO  c.gettingstarted.MyAlgoLogic - [Sheza6] market monitor size is 0
22:58:19.157 [main] INFO  c.container.Actioner - [ALGO] Actioner, sending action:CreateChildOrder(side=BUY,quantity=95,price=97)
22:58:19.157 [main] INFO  c.sequencer.consumer.LoggingConsumer - [50] [CreateOrder](sbeTemplateId=4|sbeSchemaId=2|sbeSchemaVersion=0|sbeBlockLength=33):instrumentId=0|price=97|quantity=95|side=BUY|orderId=50
22:58:19.157 [main] INFO  c.gettingstarted.MyAlgoLogic - [MYALGO] The state of the order book is:
|----BID-----||----ASK----|
   160 @ 110     95 @ 97
   220 @ 120    150 @ 94
|------------||-----------|

22:58:19.157 [main] INFO  c.gettingstarted.MyAlgoLogic - [MYALGO] Algo Sees Book as: 
|----BID-----||----ASK----|
   160 @ 110     95 @ 97
   220 @ 120    150 @ 94
|------------||-----------|

22:58:19.157 [main] INFO  c.gettingstarted.MyAlgoLogic - [Sheza5] market monitor size is 0
22:58:19.157 [main] INFO  c.gettingstarted.MyAlgoLogic - [MYALGO] Initial quantity95 price 97
Current market monitor list is 
MYALGO- Current market monitor size is 0
22:58:19.157 [main] INFO  c.gettingstarted.TimedLogic - [TIMEDLOGIC] Market is open
22:58:19.157 [main] INFO  c.gettingstarted.MyAlgoLogic - [MYALGO] Adding order for95@97
total order count is 49
22:58:19.157 [main] INFO  c.gettingstarted.MyAlgoLogic - [Sheza6] market monitor size is 0
22:58:19.157 [main] INFO  c.container.Actioner - [ALGO] Actioner, sending action:CreateChildOrder(side=BUY,quantity=95,price=97)
22:58:19.157 [main] INFO  c.sequencer.consumer.LoggingConsumer - [51] [CreateOrder](sbeTemplateId=4|sbeSchemaId=2|sbeSchemaVersion=0|sbeBlockLength=33):instrumentId=0|price=97|quantity=95|side=BUY|orderId=51
22:58:19.157 [main] INFO  c.gettingstarted.MyAlgoLogic - [MYALGO] The state of the order book is:
|----BID-----||----ASK----|
   160 @ 110     95 @ 97
   220 @ 120    150 @ 94
|------------||-----------|

22:58:19.157 [main] INFO  c.gettingstarted.MyAlgoLogic - [MYALGO] Algo Sees Book as: 
|----BID-----||----ASK----|
   160 @ 110     95 @ 97
   220 @ 120    150 @ 94
|------------||-----------|

22:58:19.157 [main] INFO  c.gettingstarted.MyAlgoLogic - [Sheza5] market monitor size is 0
22:58:19.157 [main] INFO  c.gettingstarted.MyAlgoLogic - [MYALGO] Initial quantity95 price 97
Current market monitor list is 
MYALGO- Current market monitor size is 0
22:58:19.157 [main] INFO  c.gettingstarted.TimedLogic - [TIMEDLOGIC] Market is open
22:58:19.157 [main] INFO  c.gettingstarted.MyAlgoLogic - [MYALGO] Adding order for95@97
total order count is 50
22:58:19.157 [main] INFO  c.gettingstarted.MyAlgoLogic - [Sheza6] market monitor size is 0
22:58:19.157 [main] INFO  c.container.Actioner - [ALGO] Actioner, sending action:CreateChildOrder(side=BUY,quantity=95,price=97)
22:58:19.157 [main] INFO  c.sequencer.consumer.LoggingConsumer - [52] [CreateOrder](sbeTemplateId=4|sbeSchemaId=2|sbeSchemaVersion=0|sbeBlockLength=33):instrumentId=0|price=97|quantity=95|side=BUY|orderId=52
22:58:19.157 [main] INFO  c.gettingstarted.MyAlgoLogic - [MYALGO] The state of the order book is:
|----BID-----||----ASK----|
   160 @ 110     95 @ 97
   220 @ 120    150 @ 94
|------------||-----------|

22:58:19.157 [main] INFO  c.gettingstarted.MyAlgoLogic - [MYALGO] Algo Sees Book as: 
|----BID-----||----ASK----|
   160 @ 110     95 @ 97
   220 @ 120    150 @ 94
|------------||-----------|

22:58:19.157 [main] INFO  c.gettingstarted.MyAlgoLogic - [Sheza5] market monitor size is 0
22:58:19.157 [main] INFO  c.gettingstarted.MyAlgoLogic - [MYALGO] Initial quantity95 price 97
Current market monitor list is 
MYALGO- Current market monitor size is 0
22:58:19.157 [main] INFO  c.gettingstarted.TimedLogic - [TIMEDLOGIC] Market is open
22:58:19.157 [main] INFO  c.gettingstarted.MyAlgoLogic - [MYALGO] Adding order for95@97
total order count is 51
22:58:19.157 [main] INFO  c.gettingstarted.MyAlgoLogic - [Sheza6] market monitor size is 0
22:58:19.157 [main] INFO  c.container.Actioner - [ALGO] Actioner, sending action:CreateChildOrder(side=BUY,quantity=95,price=97)
22:58:19.157 [main] INFO  c.sequencer.consumer.LoggingConsumer - [53] [CreateOrder](sbeTemplateId=4|sbeSchemaId=2|sbeSchemaVersion=0|sbeBlockLength=33):instrumentId=0|price=97|quantity=95|side=BUY|orderId=53
22:58:19.157 [main] INFO  c.gettingstarted.MyAlgoLogic - [MYALGO] The state of the order book is:
|----BID-----||----ASK----|
   160 @ 110     95 @ 97
   220 @ 120    150 @ 94
|------------||-----------|

22:58:19.157 [main] INFO  c.gettingstarted.MyAlgoLogic - [MYALGO] Algo Sees Book as: 
|----BID-----||----ASK----|
   160 @ 110     95 @ 97
   220 @ 120    150 @ 94
|------------||-----------|

22:58:19.157 [main] INFO  c.gettingstarted.MyAlgoLogic - [Sheza5] market monitor size is 0
22:58:19.157 [main] INFO  c.gettingstarted.MyAlgoLogic - [MYALGO] Initial quantity95 price 97
Current market monitor list is 
MYALGO- Current market monitor size is 0
22:58:19.157 [main] INFO  c.gettingstarted.TimedLogic - [TIMEDLOGIC] Market is open
22:58:19.159 [main] INFO  c.gettingstarted.MyAlgoLogic - [MYALGO] Adding order for95@97
total order count is 52
22:58:19.159 [main] INFO  c.gettingstarted.MyAlgoLogic - [Sheza6] market monitor size is 0
22:58:19.159 [main] INFO  c.container.Actioner - [ALGO] Actioner, sending action:CreateChildOrder(side=BUY,quantity=95,price=97)
22:58:19.159 [main] INFO  c.sequencer.consumer.LoggingConsumer - [54] [CreateOrder](sbeTemplateId=4|sbeSchemaId=2|sbeSchemaVersion=0|sbeBlockLength=33):instrumentId=0|price=97|quantity=95|side=BUY|orderId=54
22:58:19.159 [main] INFO  c.gettingstarted.MyAlgoLogic - [MYALGO] The state of the order book is:
|----BID-----||----ASK----|
   160 @ 110     95 @ 97
   220 @ 120    150 @ 94
|------------||-----------|

22:58:19.159 [main] INFO  c.gettingstarted.MyAlgoLogic - [MYALGO] Algo Sees Book as: 
|----BID-----||----ASK----|
   160 @ 110     95 @ 97
   220 @ 120    150 @ 94
|------------||-----------|

22:58:19.159 [main] INFO  c.gettingstarted.MyAlgoLogic - [Sheza5] market monitor size is 0
22:58:19.159 [main] INFO  c.gettingstarted.MyAlgoLogic - [MYALGO] Initial quantity95 price 97
Current market monitor list is 
MYALGO- Current market monitor size is 0
22:58:19.159 [main] INFO  c.gettingstarted.TimedLogic - [TIMEDLOGIC] Market is open
22:58:19.159 [main] INFO  c.gettingstarted.MyAlgoLogic - [MYALGO] Adding order for95@97
total order count is 53
22:58:19.159 [main] INFO  c.gettingstarted.MyAlgoLogic - [Sheza6] market monitor size is 0
22:58:19.159 [main] INFO  c.container.Actioner - [ALGO] Actioner, sending action:CreateChildOrder(side=BUY,quantity=95,price=97)
22:58:19.159 [main] INFO  c.sequencer.consumer.LoggingConsumer - [55] [CreateOrder](sbeTemplateId=4|sbeSchemaId=2|sbeSchemaVersion=0|sbeBlockLength=33):instrumentId=0|price=97|quantity=95|side=BUY|orderId=55
22:58:19.159 [main] INFO  c.gettingstarted.MyAlgoLogic - [MYALGO] The state of the order book is:
|----BID-----||----ASK----|
   160 @ 110     95 @ 97
   220 @ 120    150 @ 94
|------------||-----------|

22:58:19.159 [main] INFO  c.gettingstarted.MyAlgoLogic - [MYALGO] Algo Sees Book as: 
|----BID-----||----ASK----|
   160 @ 110     95 @ 97
   220 @ 120    150 @ 94
|------------||-----------|

22:58:19.159 [main] INFO  c.gettingstarted.MyAlgoLogic - [Sheza5] market monitor size is 0
22:58:19.159 [main] INFO  c.gettingstarted.MyAlgoLogic - [MYALGO] Initial quantity95 price 97
Current market monitor list is 
MYALGO- Current market monitor size is 0
22:58:19.160 [main] INFO  c.gettingstarted.TimedLogic - [TIMEDLOGIC] Market is open
22:58:19.160 [main] INFO  c.gettingstarted.MyAlgoLogic - [MYALGO] Adding order for95@97
total order count is 54
22:58:19.160 [main] INFO  c.gettingstarted.MyAlgoLogic - [Sheza6] market monitor size is 0
22:58:19.160 [main] INFO  c.container.Actioner - [ALGO] Actioner, sending action:CreateChildOrder(side=BUY,quantity=95,price=97)
22:58:19.160 [main] INFO  c.sequencer.consumer.LoggingConsumer - [56] [CreateOrder](sbeTemplateId=4|sbeSchemaId=2|sbeSchemaVersion=0|sbeBlockLength=33):instrumentId=0|price=97|quantity=95|side=BUY|orderId=56
22:58:19.160 [main] INFO  c.gettingstarted.MyAlgoLogic - [MYALGO] The state of the order book is:
|----BID-----||----ASK----|
   160 @ 110     95 @ 97
   220 @ 120    150 @ 94
|------------||-----------|

22:58:19.160 [main] INFO  c.gettingstarted.MyAlgoLogic - [MYALGO] Algo Sees Book as: 
|----BID-----||----ASK----|
   160 @ 110     95 @ 97
   220 @ 120    150 @ 94
|------------||-----------|

22:58:19.160 [main] INFO  c.gettingstarted.MyAlgoLogic - [Sheza5] market monitor size is 0
22:58:19.160 [main] INFO  c.gettingstarted.MyAlgoLogic - [MYALGO] Initial quantity95 price 97
Current market monitor list is 
MYALGO- Current market monitor size is 0
22:58:19.160 [main] INFO  c.gettingstarted.TimedLogic - [TIMEDLOGIC] Market is open
22:58:19.160 [main] INFO  c.gettingstarted.MyAlgoLogic - [MYALGO] Adding order for95@97
total order count is 55
22:58:19.160 [main] INFO  c.gettingstarted.MyAlgoLogic - [Sheza6] market monitor size is 0
22:58:19.160 [main] INFO  c.container.Actioner - [ALGO] Actioner, sending action:CreateChildOrder(side=BUY,quantity=95,price=97)
22:58:19.160 [main] INFO  c.sequencer.consumer.LoggingConsumer - [57] [CreateOrder](sbeTemplateId=4|sbeSchemaId=2|sbeSchemaVersion=0|sbeBlockLength=33):instrumentId=0|price=97|quantity=95|side=BUY|orderId=57
22:58:19.161 [main] INFO  c.gettingstarted.MyAlgoLogic - [MYALGO] The state of the order book is:
|----BID-----||----ASK----|
   160 @ 110     95 @ 97
   220 @ 120    150 @ 94
|------------||-----------|

22:58:19.161 [main] INFO  c.gettingstarted.MyAlgoLogic - [MYALGO] Algo Sees Book as: 
|----BID-----||----ASK----|
   160 @ 110     95 @ 97
   220 @ 120    150 @ 94
|------------||-----------|

22:58:19.161 [main] INFO  c.gettingstarted.MyAlgoLogic - [Sheza5] market monitor size is 0
22:58:19.161 [main] INFO  c.gettingstarted.MyAlgoLogic - [MYALGO] Initial quantity95 price 97
Current market monitor list is 
MYALGO- Current market monitor size is 0
22:58:19.161 [main] INFO  c.gettingstarted.TimedLogic - [TIMEDLOGIC] Market is open
22:58:19.162 [main] INFO  c.gettingstarted.MyAlgoLogic - [MYALGO] Adding order for95@97
total order count is 56
22:58:19.162 [main] INFO  c.gettingstarted.MyAlgoLogic - [Sheza6] market monitor size is 0
22:58:19.162 [main] INFO  c.container.Actioner - [ALGO] Actioner, sending action:CreateChildOrder(side=BUY,quantity=95,price=97)
22:58:19.162 [main] INFO  c.sequencer.consumer.LoggingConsumer - [58] [CreateOrder](sbeTemplateId=4|sbeSchemaId=2|sbeSchemaVersion=0|sbeBlockLength=33):instrumentId=0|price=97|quantity=95|side=BUY|orderId=58
22:58:19.162 [main] INFO  c.gettingstarted.MyAlgoLogic - [MYALGO] The state of the order book is:
|----BID-----||----ASK----|
   160 @ 110     95 @ 97
   220 @ 120    150 @ 94
|------------||-----------|

22:58:19.163 [main] INFO  c.gettingstarted.MyAlgoLogic - [MYALGO] Algo Sees Book as: 
|----BID-----||----ASK----|
   160 @ 110     95 @ 97
   220 @ 120    150 @ 94
|------------||-----------|

22:58:19.163 [main] INFO  c.gettingstarted.MyAlgoLogic - [Sheza5] market monitor size is 0
22:58:19.163 [main] INFO  c.gettingstarted.MyAlgoLogic - [MYALGO] Initial quantity95 price 97
Current market monitor list is 
MYALGO- Current market monitor size is 0
22:58:19.163 [main] INFO  c.gettingstarted.TimedLogic - [TIMEDLOGIC] Market is open
22:58:19.164 [main] INFO  c.gettingstarted.MyAlgoLogic - [MYALGO] Adding order for95@97
total order count is 57
22:58:19.164 [main] INFO  c.gettingstarted.MyAlgoLogic - [Sheza6] market monitor size is 0
22:58:19.164 [main] INFO  c.container.Actioner - [ALGO] Actioner, sending action:CreateChildOrder(side=BUY,quantity=95,price=97)
22:58:19.164 [main] INFO  c.sequencer.consumer.LoggingConsumer - [59] [CreateOrder](sbeTemplateId=4|sbeSchemaId=2|sbeSchemaVersion=0|sbeBlockLength=33):instrumentId=0|price=97|quantity=95|side=BUY|orderId=59
22:58:19.164 [main] INFO  c.gettingstarted.MyAlgoLogic - [MYALGO] The state of the order book is:
|----BID-----||----ASK----|
   160 @ 110     95 @ 97
   220 @ 120    150 @ 94
|------------||-----------|

22:58:19.164 [main] INFO  c.gettingstarted.MyAlgoLogic - [MYALGO] Algo Sees Book as: 
|----BID-----||----ASK----|
   160 @ 110     95 @ 97
   220 @ 120    150 @ 94
|------------||-----------|

22:58:19.165 [main] INFO  c.gettingstarted.MyAlgoLogic - [Sheza5] market monitor size is 0
22:58:19.165 [main] INFO  c.gettingstarted.MyAlgoLogic - [MYALGO] Initial quantity95 price 97
Current market monitor list is 
MYALGO- Current market monitor size is 0
22:58:19.165 [main] INFO  c.gettingstarted.TimedLogic - [TIMEDLOGIC] Market is open
22:58:19.165 [main] INFO  c.gettingstarted.MyAlgoLogic - [MYALGO] Adding order for95@97
total order count is 58
22:58:19.165 [main] INFO  c.gettingstarted.MyAlgoLogic - [Sheza6] market monitor size is 0
22:58:19.165 [main] INFO  c.container.Actioner - [ALGO] Actioner, sending action:CreateChildOrder(side=BUY,quantity=95,price=97)
22:58:19.165 [main] INFO  c.sequencer.consumer.LoggingConsumer - [60] [CreateOrder](sbeTemplateId=4|sbeSchemaId=2|sbeSchemaVersion=0|sbeBlockLength=33):instrumentId=0|price=97|quantity=95|side=BUY|orderId=60
22:58:19.165 [main] INFO  c.gettingstarted.MyAlgoLogic - [MYALGO] The state of the order book is:
|----BID-----||----ASK----|
   160 @ 110     95 @ 97
   220 @ 120    150 @ 94
|------------||-----------|

22:58:19.165 [main] INFO  c.gettingstarted.MyAlgoLogic - [MYALGO] Algo Sees Book as: 
|----BID-----||----ASK----|
   160 @ 110     95 @ 97
   220 @ 120    150 @ 94
|------------||-----------|

22:58:19.165 [main] INFO  c.gettingstarted.MyAlgoLogic - [Sheza5] market monitor size is 0
22:58:19.165 [main] INFO  c.gettingstarted.MyAlgoLogic - [MYALGO] Initial quantity95 price 97
Current market monitor list is 
MYALGO- Current market monitor size is 0
22:58:19.165 [main] INFO  c.gettingstarted.TimedLogic - [TIMEDLOGIC] Market is open
22:58:19.165 [main] INFO  c.gettingstarted.MyAlgoLogic - [MYALGO] Adding order for95@97
total order count is 59
22:58:19.165 [main] INFO  c.gettingstarted.MyAlgoLogic - [Sheza6] market monitor size is 0
22:58:19.165 [main] INFO  c.container.Actioner - [ALGO] Actioner, sending action:CreateChildOrder(side=BUY,quantity=95,price=97)
22:58:19.165 [main] INFO  c.sequencer.consumer.LoggingConsumer - [61] [CreateOrder](sbeTemplateId=4|sbeSchemaId=2|sbeSchemaVersion=0|sbeBlockLength=33):instrumentId=0|price=97|quantity=95|side=BUY|orderId=61
22:58:19.167 [main] INFO  c.gettingstarted.MyAlgoLogic - [MYALGO] The state of the order book is:
|----BID-----||----ASK----|
   160 @ 110     95 @ 97
   220 @ 120    150 @ 94
|------------||-----------|

22:58:19.167 [main] INFO  c.gettingstarted.MyAlgoLogic - [MYALGO] Algo Sees Book as: 
|----BID-----||----ASK----|
   160 @ 110     95 @ 97
   220 @ 120    150 @ 94
|------------||-----------|

22:58:19.167 [main] INFO  c.gettingstarted.MyAlgoLogic - [Sheza5] market monitor size is 0
22:58:19.167 [main] INFO  c.gettingstarted.MyAlgoLogic - [MYALGO] Initial quantity95 price 97
Current market monitor list is 
MYALGO- Current market monitor size is 0
22:58:19.167 [main] INFO  c.gettingstarted.TimedLogic - [TIMEDLOGIC] Market is open
22:58:19.167 [main] INFO  c.gettingstarted.MyAlgoLogic - [MYALGO] Adding order for95@97
total order count is 60
22:58:19.167 [main] INFO  c.gettingstarted.MyAlgoLogic - [Sheza6] market monitor size is 0
22:58:19.167 [main] INFO  c.container.Actioner - [ALGO] Actioner, sending action:CreateChildOrder(side=BUY,quantity=95,price=97)
22:58:19.167 [main] INFO  c.sequencer.consumer.LoggingConsumer - [62] [CreateOrder](sbeTemplateId=4|sbeSchemaId=2|sbeSchemaVersion=0|sbeBlockLength=33):instrumentId=0|price=97|quantity=95|side=BUY|orderId=62
22:58:19.167 [main] INFO  c.gettingstarted.MyAlgoLogic - [MYALGO] The state of the order book is:
|----BID-----||----ASK----|
   160 @ 110     95 @ 97
   220 @ 120    150 @ 94
|------------||-----------|

22:58:19.167 [main] INFO  c.gettingstarted.MyAlgoLogic - [MYALGO] Algo Sees Book as: 
|----BID-----||----ASK----|
   160 @ 110     95 @ 97
   220 @ 120    150 @ 94
|------------||-----------|

22:58:19.167 [main] INFO  c.gettingstarted.MyAlgoLogic - [Sheza5] market monitor size is 0
22:58:19.167 [main] INFO  c.gettingstarted.MyAlgoLogic - [MYALGO] Initial quantity95 price 97
Current market monitor list is 
MYALGO- Current market monitor size is 0
22:58:19.167 [main] INFO  c.gettingstarted.TimedLogic - [TIMEDLOGIC] Market is open
22:58:19.167 [main] INFO  c.gettingstarted.MyAlgoLogic - [MYALGO] Adding order for95@97
total order count is 61
22:58:19.167 [main] INFO  c.gettingstarted.MyAlgoLogic - [Sheza6] market monitor size is 0
22:58:19.167 [main] INFO  c.container.Actioner - [ALGO] Actioner, sending action:CreateChildOrder(side=BUY,quantity=95,price=97)
22:58:19.167 [main] INFO  c.sequencer.consumer.LoggingConsumer - [63] [CreateOrder](sbeTemplateId=4|sbeSchemaId=2|sbeSchemaVersion=0|sbeBlockLength=33):instrumentId=0|price=97|quantity=95|side=BUY|orderId=63
22:58:19.167 [main] INFO  c.gettingstarted.MyAlgoLogic - [MYALGO] The state of the order book is:
|----BID-----||----ASK----|
   160 @ 110     95 @ 97
   220 @ 120    150 @ 94
|------------||-----------|

22:58:19.167 [main] INFO  c.gettingstarted.MyAlgoLogic - [MYALGO] Algo Sees Book as: 
|----BID-----||----ASK----|
   160 @ 110     95 @ 97
   220 @ 120    150 @ 94
|------------||-----------|

22:58:19.167 [main] INFO  c.gettingstarted.MyAlgoLogic - [Sheza5] market monitor size is 0
22:58:19.167 [main] INFO  c.gettingstarted.MyAlgoLogic - [MYALGO] Initial quantity95 price 97
Current market monitor list is 
MYALGO- Current market monitor size is 0
22:58:19.167 [main] INFO  c.gettingstarted.TimedLogic - [TIMEDLOGIC] Market is open
22:58:19.173 [main] INFO  c.gettingstarted.MyAlgoLogic - [MYALGO] Adding order for95@97
total order count is 62
22:58:19.173 [main] INFO  c.gettingstarted.MyAlgoLogic - [Sheza6] market monitor size is 0
22:58:19.173 [main] INFO  c.container.Actioner - [ALGO] Actioner, sending action:CreateChildOrder(side=BUY,quantity=95,price=97)
22:58:19.173 [main] INFO  c.sequencer.consumer.LoggingConsumer - [64] [CreateOrder](sbeTemplateId=4|sbeSchemaId=2|sbeSchemaVersion=0|sbeBlockLength=33):instrumentId=0|price=97|quantity=95|side=BUY|orderId=64
22:58:19.173 [main] INFO  c.gettingstarted.MyAlgoLogic - [MYALGO] The state of the order book is:
|----BID-----||----ASK----|
   160 @ 110     95 @ 97
   220 @ 120    150 @ 94
|------------||-----------|

22:58:19.173 [main] INFO  c.gettingstarted.MyAlgoLogic - [MYALGO] Algo Sees Book as: 
|----BID-----||----ASK----|
   160 @ 110     95 @ 97
   220 @ 120    150 @ 94
|------------||-----------|

22:58:19.173 [main] INFO  c.gettingstarted.MyAlgoLogic - [Sheza5] market monitor size is 0
22:58:19.173 [main] INFO  c.gettingstarted.MyAlgoLogic - [MYALGO] Initial quantity95 price 97
Current market monitor list is 
MYALGO- Current market monitor size is 0
22:58:19.173 [main] INFO  c.gettingstarted.TimedLogic - [TIMEDLOGIC] Market is open
22:58:19.173 [main] INFO  c.gettingstarted.MyAlgoLogic - [MYALGO] Adding order for95@97
total order count is 63
22:58:19.173 [main] INFO  c.gettingstarted.MyAlgoLogic - [Sheza6] market monitor size is 0
22:58:19.173 [main] INFO  c.container.Actioner - [ALGO] Actioner, sending action:CreateChildOrder(side=BUY,quantity=95,price=97)
22:58:19.173 [main] INFO  c.sequencer.consumer.LoggingConsumer - [65] [CreateOrder](sbeTemplateId=4|sbeSchemaId=2|sbeSchemaVersion=0|sbeBlockLength=33):instrumentId=0|price=97|quantity=95|side=BUY|orderId=65
22:58:19.173 [main] INFO  c.gettingstarted.MyAlgoLogic - [MYALGO] The state of the order book is:
|----BID-----||----ASK----|
   160 @ 110     95 @ 97
   220 @ 120    150 @ 94
|------------||-----------|

22:58:19.173 [main] INFO  c.gettingstarted.MyAlgoLogic - [MYALGO] Algo Sees Book as: 
|----BID-----||----ASK----|
   160 @ 110     95 @ 97
   220 @ 120    150 @ 94
|------------||-----------|

22:58:19.173 [main] INFO  c.gettingstarted.MyAlgoLogic - [Sheza5] market monitor size is 0
22:58:19.173 [main] INFO  c.gettingstarted.MyAlgoLogic - [MYALGO] Initial quantity95 price 97
Current market monitor list is 
MYALGO- Current market monitor size is 0
22:58:19.173 [main] INFO  c.gettingstarted.TimedLogic - [TIMEDLOGIC] Market is open
22:58:19.174 [main] INFO  c.gettingstarted.MyAlgoLogic - [MYALGO] Adding order for95@97
total order count is 64
22:58:19.174 [main] INFO  c.gettingstarted.MyAlgoLogic - [Sheza6] market monitor size is 0
22:58:19.174 [main] INFO  c.container.Actioner - [ALGO] Actioner, sending action:CreateChildOrder(side=BUY,quantity=95,price=97)
22:58:19.174 [main] INFO  c.sequencer.consumer.LoggingConsumer - [66] [CreateOrder](sbeTemplateId=4|sbeSchemaId=2|sbeSchemaVersion=0|sbeBlockLength=33):instrumentId=0|price=97|quantity=95|side=BUY|orderId=66
22:58:19.174 [main] INFO  c.gettingstarted.MyAlgoLogic - [MYALGO] The state of the order book is:
|----BID-----||----ASK----|
   160 @ 110     95 @ 97
   220 @ 120    150 @ 94
|------------||-----------|

22:58:19.174 [main] INFO  c.gettingstarted.MyAlgoLogic - [MYALGO] Algo Sees Book as: 
|----BID-----||----ASK----|
   160 @ 110     95 @ 97
   220 @ 120    150 @ 94
|------------||-----------|

22:58:19.174 [main] INFO  c.gettingstarted.MyAlgoLogic - [Sheza5] market monitor size is 0
22:58:19.174 [main] INFO  c.gettingstarted.MyAlgoLogic - [MYALGO] Initial quantity95 price 97
Current market monitor list is 
MYALGO- Current market monitor size is 0
22:58:19.174 [main] INFO  c.gettingstarted.TimedLogic - [TIMEDLOGIC] Market is open
22:58:19.174 [main] INFO  c.gettingstarted.MyAlgoLogic - [MYALGO] Adding order for95@97
total order count is 65
22:58:19.174 [main] INFO  c.gettingstarted.MyAlgoLogic - [Sheza6] market monitor size is 0
22:58:19.174 [main] INFO  c.container.Actioner - [ALGO] Actioner, sending action:CreateChildOrder(side=BUY,quantity=95,price=97)
22:58:19.175 [main] INFO  c.sequencer.consumer.LoggingConsumer - [67] [CreateOrder](sbeTemplateId=4|sbeSchemaId=2|sbeSchemaVersion=0|sbeBlockLength=33):instrumentId=0|price=97|quantity=95|side=BUY|orderId=67
22:58:19.175 [main] INFO  c.gettingstarted.MyAlgoLogic - [MYALGO] The state of the order book is:
|----BID-----||----ASK----|
   160 @ 110     95 @ 97
   220 @ 120    150 @ 94
|------------||-----------|

22:58:19.175 [main] INFO  c.gettingstarted.MyAlgoLogic - [MYALGO] Algo Sees Book as: 
|----BID-----||----ASK----|
   160 @ 110     95 @ 97
   220 @ 120    150 @ 94
|------------||-----------|

22:58:19.175 [main] INFO  c.gettingstarted.MyAlgoLogic - [Sheza5] market monitor size is 0
22:58:19.175 [main] INFO  c.gettingstarted.MyAlgoLogic - [MYALGO] Initial quantity95 price 97
Current market monitor list is 
MYALGO- Current market monitor size is 0
22:58:19.175 [main] INFO  c.gettingstarted.TimedLogic - [TIMEDLOGIC] Market is open
22:58:19.175 [main] INFO  c.gettingstarted.MyAlgoLogic - [MYALGO] Adding order for95@97
total order count is 66
22:58:19.175 [main] INFO  c.gettingstarted.MyAlgoLogic - [Sheza6] market monitor size is 0
22:58:19.175 [main] INFO  c.container.Actioner - [ALGO] Actioner, sending action:CreateChildOrder(side=BUY,quantity=95,price=97)
22:58:19.175 [main] INFO  c.sequencer.consumer.LoggingConsumer - [68] [CreateOrder](sbeTemplateId=4|sbeSchemaId=2|sbeSchemaVersion=0|sbeBlockLength=33):instrumentId=0|price=97|quantity=95|side=BUY|orderId=68
22:58:19.175 [main] INFO  c.gettingstarted.MyAlgoLogic - [MYALGO] The state of the order book is:
|----BID-----||----ASK----|
   160 @ 110     95 @ 97
   220 @ 120    150 @ 94
|------------||-----------|

22:58:19.175 [main] INFO  c.gettingstarted.MyAlgoLogic - [MYALGO] Algo Sees Book as: 
|----BID-----||----ASK----|
   160 @ 110     95 @ 97
   220 @ 120    150 @ 94
|------------||-----------|

22:58:19.175 [main] INFO  c.gettingstarted.MyAlgoLogic - [Sheza5] market monitor size is 0
22:58:19.175 [main] INFO  c.gettingstarted.MyAlgoLogic - [MYALGO] Initial quantity95 price 97
Current market monitor list is 
MYALGO- Current market monitor size is 0
22:58:19.175 [main] INFO  c.gettingstarted.TimedLogic - [TIMEDLOGIC] Market is open
22:58:19.175 [main] INFO  c.gettingstarted.MyAlgoLogic - [MYALGO] Adding order for95@97
total order count is 67
22:58:19.175 [main] INFO  c.gettingstarted.MyAlgoLogic - [Sheza6] market monitor size is 0
22:58:19.175 [main] INFO  c.container.Actioner - [ALGO] Actioner, sending action:CreateChildOrder(side=BUY,quantity=95,price=97)
22:58:19.176 [main] INFO  c.sequencer.consumer.LoggingConsumer - [69] [CreateOrder](sbeTemplateId=4|sbeSchemaId=2|sbeSchemaVersion=0|sbeBlockLength=33):instrumentId=0|price=97|quantity=95|side=BUY|orderId=69
22:58:19.176 [main] INFO  c.gettingstarted.MyAlgoLogic - [MYALGO] The state of the order book is:
|----BID-----||----ASK----|
   160 @ 110     95 @ 97
   220 @ 120    150 @ 94
|------------||-----------|

22:58:19.176 [main] INFO  c.gettingstarted.MyAlgoLogic - [MYALGO] Algo Sees Book as: 
|----BID-----||----ASK----|
   160 @ 110     95 @ 97
   220 @ 120    150 @ 94
|------------||-----------|

22:58:19.176 [main] INFO  c.gettingstarted.MyAlgoLogic - [Sheza5] market monitor size is 0
22:58:19.176 [main] INFO  c.gettingstarted.MyAlgoLogic - [MYALGO] Initial quantity95 price 97
Current market monitor list is 
MYALGO- Current market monitor size is 0
22:58:19.176 [main] INFO  c.gettingstarted.TimedLogic - [TIMEDLOGIC] Market is open
22:58:19.176 [main] INFO  c.gettingstarted.MyAlgoLogic - [MYALGO] Adding order for95@97
total order count is 68
22:58:19.176 [main] INFO  c.gettingstarted.MyAlgoLogic - [Sheza6] market monitor size is 0
22:58:19.176 [main] INFO  c.container.Actioner - [ALGO] Actioner, sending action:CreateChildOrder(side=BUY,quantity=95,price=97)
22:58:19.176 [main] INFO  c.sequencer.consumer.LoggingConsumer - [70] [CreateOrder](sbeTemplateId=4|sbeSchemaId=2|sbeSchemaVersion=0|sbeBlockLength=33):instrumentId=0|price=97|quantity=95|side=BUY|orderId=70
22:58:19.176 [main] INFO  c.gettingstarted.MyAlgoLogic - [MYALGO] The state of the order book is:
|----BID-----||----ASK----|
   160 @ 110     95 @ 97
   220 @ 120    150 @ 94
|------------||-----------|

22:58:19.176 [main] INFO  c.gettingstarted.MyAlgoLogic - [MYALGO] Algo Sees Book as: 
|----BID-----||----ASK----|
   160 @ 110     95 @ 97
   220 @ 120    150 @ 94
|------------||-----------|

22:58:19.176 [main] INFO  c.gettingstarted.MyAlgoLogic - [Sheza5] market monitor size is 0
22:58:19.176 [main] INFO  c.gettingstarted.MyAlgoLogic - [MYALGO] Initial quantity95 price 97
Current market monitor list is 
MYALGO- Current market monitor size is 0
22:58:19.176 [main] INFO  c.gettingstarted.TimedLogic - [TIMEDLOGIC] Market is open
22:58:19.176 [main] INFO  c.gettingstarted.MyAlgoLogic - [MYALGO] Adding order for95@97
total order count is 69
22:58:19.176 [main] INFO  c.gettingstarted.MyAlgoLogic - [Sheza6] market monitor size is 0
22:58:19.176 [main] INFO  c.container.Actioner - [ALGO] Actioner, sending action:CreateChildOrder(side=BUY,quantity=95,price=97)
22:58:19.176 [main] INFO  c.sequencer.consumer.LoggingConsumer - [71] [CreateOrder](sbeTemplateId=4|sbeSchemaId=2|sbeSchemaVersion=0|sbeBlockLength=33):instrumentId=0|price=97|quantity=95|side=BUY|orderId=71
22:58:19.176 [main] INFO  c.gettingstarted.MyAlgoLogic - [MYALGO] The state of the order book is:
|----BID-----||----ASK----|
   160 @ 110     95 @ 97
   220 @ 120    150 @ 94
|------------||-----------|

22:58:19.176 [main] INFO  c.gettingstarted.MyAlgoLogic - [MYALGO] Algo Sees Book as: 
|----BID-----||----ASK----|
   160 @ 110     95 @ 97
   220 @ 120    150 @ 94
|------------||-----------|

22:58:19.176 [main] INFO  c.gettingstarted.MyAlgoLogic - [Sheza5] market monitor size is 0
22:58:19.176 [main] INFO  c.gettingstarted.MyAlgoLogic - [MYALGO] Initial quantity95 price 97
Current market monitor list is 
MYALGO- Current market monitor size is 0
22:58:19.176 [main] INFO  c.gettingstarted.TimedLogic - [TIMEDLOGIC] Market is open
22:58:19.177 [main] INFO  c.gettingstarted.MyAlgoLogic - [MYALGO] Adding order for95@97
total order count is 70
22:58:19.177 [main] INFO  c.gettingstarted.MyAlgoLogic - [Sheza6] market monitor size is 0
22:58:19.177 [main] INFO  c.container.Actioner - [ALGO] Actioner, sending action:CreateChildOrder(side=BUY,quantity=95,price=97)
22:58:19.177 [main] INFO  c.sequencer.consumer.LoggingConsumer - [72] [CreateOrder](sbeTemplateId=4|sbeSchemaId=2|sbeSchemaVersion=0|sbeBlockLength=33):instrumentId=0|price=97|quantity=95|side=BUY|orderId=72
22:58:19.177 [main] INFO  c.gettingstarted.MyAlgoLogic - [MYALGO] The state of the order book is:
|----BID-----||----ASK----|
   160 @ 110     95 @ 97
   220 @ 120    150 @ 94
|------------||-----------|

22:58:19.177 [main] INFO  c.gettingstarted.MyAlgoLogic - [MYALGO] Algo Sees Book as: 
|----BID-----||----ASK----|
   160 @ 110     95 @ 97
   220 @ 120    150 @ 94
|------------||-----------|

22:58:19.177 [main] INFO  c.gettingstarted.MyAlgoLogic - [Sheza5] market monitor size is 0
22:58:19.177 [main] INFO  c.gettingstarted.MyAlgoLogic - [MYALGO] Initial quantity95 price 97
Current market monitor list is 
MYALGO- Current market monitor size is 0
22:58:19.177 [main] INFO  c.gettingstarted.TimedLogic - [TIMEDLOGIC] Market is open
22:58:19.178 [main] INFO  c.gettingstarted.MyAlgoLogic - [MYALGO] Adding order for95@97
total order count is 71
22:58:19.178 [main] INFO  c.gettingstarted.MyAlgoLogic - [Sheza6] market monitor size is 0
22:58:19.178 [main] INFO  c.container.Actioner - [ALGO] Actioner, sending action:CreateChildOrder(side=BUY,quantity=95,price=97)
22:58:19.178 [main] INFO  c.sequencer.consumer.LoggingConsumer - [73] [CreateOrder](sbeTemplateId=4|sbeSchemaId=2|sbeSchemaVersion=0|sbeBlockLength=33):instrumentId=0|price=97|quantity=95|side=BUY|orderId=73
22:58:19.178 [main] INFO  c.gettingstarted.MyAlgoLogic - [MYALGO] The state of the order book is:
|----BID-----||----ASK----|
   160 @ 110     95 @ 97
   220 @ 120    150 @ 94
|------------||-----------|

22:58:19.178 [main] INFO  c.gettingstarted.MyAlgoLogic - [MYALGO] Algo Sees Book as: 
|----BID-----||----ASK----|
   160 @ 110     95 @ 97
   220 @ 120    150 @ 94
|------------||-----------|

22:58:19.179 [main] INFO  c.gettingstarted.MyAlgoLogic - [Sheza5] market monitor size is 0
22:58:19.179 [main] INFO  c.gettingstarted.MyAlgoLogic - [MYALGO] Initial quantity95 price 97
Current market monitor list is 
MYALGO- Current market monitor size is 0
22:58:19.179 [main] INFO  c.gettingstarted.TimedLogic - [TIMEDLOGIC] Market is open
22:58:19.179 [main] INFO  c.gettingstarted.MyAlgoLogic - [MYALGO] Adding order for95@97
total order count is 72
22:58:19.179 [main] INFO  c.gettingstarted.MyAlgoLogic - [Sheza6] market monitor size is 0
22:58:19.180 [pool-27-thread-1] INFO  c.gettingstarted.TimedLogic - [TIMEDLOGIC] data harvesting
Current market monitor list is 
yolo Price: 98, Quantity: 100Current time: 22:58:18.895604
22:58:19.180 [pool-27-thread-1] INFO  c.gettingstarted.TimedLogic - [Sheza2] market monitor size is 1
Current market monitor size is 1
22:58:19.180 [pool-27-thread-1] INFO  c.gettingstarted.TimedLogic - [Sheza3] market monitor size is 1
22:58:19.180 [pool-28-thread-1] INFO  c.gettingstarted.TimedLogic - [TIMEDLOGIC] data harvesting
Current market monitor list is 
yolo Price: 98, Quantity: 100Current time: 22:58:18.896981600
22:58:19.180 [pool-28-thread-1] INFO  c.gettingstarted.TimedLogic - [Sheza2] market monitor size is 1
Current market monitor size is 1
22:58:19.180 [pool-28-thread-1] INFO  c.gettingstarted.TimedLogic - [Sheza3] market monitor size is 1
22:58:19.187 [pool-29-thread-1] INFO  c.gettingstarted.TimedLogic - [TIMEDLOGIC] data harvesting
Current market monitor list is 
yolo Price: 98, Quantity: 100Current time: 22:58:18.897942600
22:58:19.187 [pool-29-thread-1] INFO  c.gettingstarted.TimedLogic - [Sheza2] market monitor size is 1
Current market monitor size is 1
22:58:19.187 [pool-29-thread-1] INFO  c.gettingstarted.TimedLogic - [Sheza3] market monitor size is 1
22:58:19.188 [pool-26-thread-1] INFO  c.gettingstarted.TimedLogic - [TIMEDLOGIC] data harvesting
Current market monitor list is 
yolo Price: 98, Quantity: 100Current time: 22:58:18.893538700
22:58:19.188 [pool-26-thread-1] INFO  c.gettingstarted.TimedLogic - [Sheza2] market monitor size is 1
Current market monitor size is 1
22:58:19.188 [pool-26-thread-1] INFO  c.gettingstarted.TimedLogic - [Sheza3] market monitor size is 1
22:58:19.188 [pool-30-thread-1] INFO  c.gettingstarted.TimedLogic - [TIMEDLOGIC] data harvesting
Current market monitor list is 
yolo Price: 98, Quantity: 100Current time: 22:58:18.900805400
22:58:19.188 [pool-30-thread-1] INFO  c.gettingstarted.TimedLogic - [Sheza2] market monitor size is 1
Current market monitor size is 1
22:58:19.188 [pool-30-thread-1] INFO  c.gettingstarted.TimedLogic - [Sheza3] market monitor size is 1
22:58:19.189 [pool-31-thread-1] INFO  c.gettingstarted.TimedLogic - [TIMEDLOGIC] data harvesting
Current market monitor list is 
yolo Price: 98, Quantity: 100Current time: 22:58:18.903521200
22:58:19.189 [pool-31-thread-1] INFO  c.gettingstarted.TimedLogic - [Sheza2] market monitor size is 1
Current market monitor size is 1
22:58:19.189 [pool-31-thread-1] INFO  c.gettingstarted.TimedLogic - [Sheza3] market monitor size is 1
22:58:19.191 [pool-32-thread-1] INFO  c.gettingstarted.TimedLogic - [TIMEDLOGIC] data harvesting
Current market monitor list is 
yolo Price: 98, Quantity: 100Current time: 22:58:18.903521200
22:58:19.191 [pool-32-thread-1] INFO  c.gettingstarted.TimedLogic - [Sheza2] market monitor size is 1
Current market monitor size is 1
22:58:19.191 [pool-32-thread-1] INFO  c.gettingstarted.TimedLogic - [Sheza3] market monitor size is 1
22:58:19.191 [pool-33-thread-1] INFO  c.gettingstarted.TimedLogic - [TIMEDLOGIC] data harvesting
Current market monitor list is 
yolo Price: 98, Quantity: 100Current time: 22:58:18.903521200
22:58:19.191 [pool-33-thread-1] INFO  c.gettingstarted.TimedLogic - [Sheza2] market monitor size is 1
Current market monitor size is 1
22:58:19.191 [pool-33-thread-1] INFO  c.gettingstarted.TimedLogic - [Sheza3] market monitor size is 1
22:58:19.193 [pool-34-thread-1] INFO  c.gettingstarted.TimedLogic - [TIMEDLOGIC] data harvesting
Current market monitor list is 
yolo Price: 98, Quantity: 100Current time: 22:58:18.911145200
22:58:19.194 [pool-34-thread-1] INFO  c.gettingstarted.TimedLogic - [Sheza2] market monitor size is 1
Current market monitor size is 1
22:58:19.194 [pool-34-thread-1] INFO  c.gettingstarted.TimedLogic - [Sheza3] market monitor size is 1
22:58:19.196 [pool-35-thread-1] INFO  c.gettingstarted.TimedLogic - [TIMEDLOGIC] data harvesting
Current market monitor list is 
yolo Price: 98, Quantity: 100Current time: 22:58:18.912142
22:58:19.196 [pool-35-thread-1] INFO  c.gettingstarted.TimedLogic - [Sheza2] market monitor size is 1
Current market monitor size is 1
22:58:19.196 [pool-35-thread-1] INFO  c.gettingstarted.TimedLogic - [Sheza3] market monitor size is 1
22:58:19.196 [pool-36-thread-1] INFO  c.gettingstarted.TimedLogic - [TIMEDLOGIC] data harvesting
Current market monitor list is 
yolo Price: 98, Quantity: 100Current time: 22:58:18.912142
22:58:19.196 [pool-36-thread-1] INFO  c.gettingstarted.TimedLogic - [Sheza2] market monitor size is 1
Current market monitor size is 1
22:58:19.196 [pool-36-thread-1] INFO  c.gettingstarted.TimedLogic - [Sheza3] market monitor size is 1
22:58:19.197 [pool-37-thread-1] INFO  c.gettingstarted.TimedLogic - [TIMEDLOGIC] data harvesting
Current market monitor list is 
yolo Price: 98, Quantity: 100Current time: 22:58:18.912142
22:58:19.197 [pool-37-thread-1] INFO  c.gettingstarted.TimedLogic - [Sheza2] market monitor size is 1
Current market monitor size is 1
22:58:19.197 [pool-37-thread-1] INFO  c.gettingstarted.TimedLogic - [Sheza3] market monitor size is 1
22:58:19.198 [pool-38-thread-1] INFO  c.gettingstarted.TimedLogic - [TIMEDLOGIC] data harvesting
Current market monitor list is 
yolo Price: 98, Quantity: 100Current time: 22:58:18.916914100
22:58:19.198 [pool-38-thread-1] INFO  c.gettingstarted.TimedLogic - [Sheza2] market monitor size is 1
Current market monitor size is 1
22:58:19.198 [pool-38-thread-1] INFO  c.gettingstarted.TimedLogic - [Sheza3] market monitor size is 1
22:58:19.199 [pool-39-thread-1] INFO  c.gettingstarted.TimedLogic - [TIMEDLOGIC] data harvesting
Current market monitor list is 
yolo Price: 98, Quantity: 100Current time: 22:58:18.916914100
22:58:19.199 [pool-39-thread-1] INFO  c.gettingstarted.TimedLogic - [Sheza2] market monitor size is 1
Current market monitor size is 1
22:58:19.199 [pool-39-thread-1] INFO  c.gettingstarted.TimedLogic - [Sheza3] market monitor size is 1
22:58:19.200 [pool-40-thread-1] INFO  c.gettingstarted.TimedLogic - [TIMEDLOGIC] data harvesting
Current market monitor list is 
yolo Price: 98, Quantity: 100Current time: 22:58:18.924886400
22:58:19.200 [pool-40-thread-1] INFO  c.gettingstarted.TimedLogic - [Sheza2] market monitor size is 1
Current market monitor size is 1
22:58:19.200 [pool-40-thread-1] INFO  c.gettingstarted.TimedLogic - [Sheza3] market monitor size is 1
22:58:19.200 [pool-41-thread-1] INFO  c.gettingstarted.TimedLogic - [TIMEDLOGIC] data harvesting
Current market monitor list is 
yolo Price: 98, Quantity: 100Current time: 22:58:18.926037400
22:58:19.200 [pool-41-thread-1] INFO  c.gettingstarted.TimedLogic - [Sheza2] market monitor size is 1
Current market monitor size is 1
22:58:19.200 [pool-41-thread-1] INFO  c.gettingstarted.TimedLogic - [Sheza3] market monitor size is 1
22:58:19.200 [pool-42-thread-1] INFO  c.gettingstarted.TimedLogic - [TIMEDLOGIC] data harvesting
Current market monitor list is 
yolo Price: 98, Quantity: 100Current time: 22:58:18.926037400
22:58:19.200 [pool-42-thread-1] INFO  c.gettingstarted.TimedLogic - [Sheza2] market monitor size is 1
Current market monitor size is 1
22:58:19.200 [pool-42-thread-1] INFO  c.gettingstarted.TimedLogic - [Sheza3] market monitor size is 1
22:58:19.203 [pool-43-thread-1] INFO  c.gettingstarted.TimedLogic - [TIMEDLOGIC] data harvesting
Current market monitor list is 
yolo Price: 98, Quantity: 100Current time: 22:58:18.927160400
22:58:19.203 [pool-43-thread-1] INFO  c.gettingstarted.TimedLogic - [Sheza2] market monitor size is 1
Current market monitor size is 1
22:58:19.203 [pool-43-thread-1] INFO  c.gettingstarted.TimedLogic - [Sheza3] market monitor size is 1
22:58:19.203 [pool-44-thread-1] INFO  c.gettingstarted.TimedLogic - [TIMEDLOGIC] data harvesting
Current market monitor list is 
yolo Price: 98, Quantity: 100Current time: 22:58:18.928156900
22:58:19.203 [pool-44-thread-1] INFO  c.gettingstarted.TimedLogic - [Sheza2] market monitor size is 1
Current market monitor size is 1
22:58:19.203 [pool-44-thread-1] INFO  c.gettingstarted.TimedLogic - [Sheza3] market monitor size is 1
22:58:19.208 [pool-46-thread-1] INFO  c.gettingstarted.TimedLogic - [TIMEDLOGIC] data harvesting
Current market monitor list is 
yolo Price: 98, Quantity: 100Current time: 22:58:18.928156900
22:58:19.208 [pool-46-thread-1] INFO  c.gettingstarted.TimedLogic - [Sheza2] market monitor size is 1
Current market monitor size is 1
22:58:19.208 [pool-46-thread-1] INFO  c.gettingstarted.TimedLogic - [Sheza3] market monitor size is 1
22:58:19.209 [pool-47-thread-1] INFO  c.gettingstarted.TimedLogic - [TIMEDLOGIC] data harvesting
Current market monitor list is 
yolo Price: 98, Quantity: 100Current time: 22:58:18.928156900
22:58:19.209 [pool-47-thread-1] INFO  c.gettingstarted.TimedLogic - [Sheza2] market monitor size is 1
Current market monitor size is 1
22:58:19.209 [pool-47-thread-1] INFO  c.gettingstarted.TimedLogic - [Sheza3] market monitor size is 1
22:58:19.216 [pool-49-thread-1] INFO  c.gettingstarted.TimedLogic - [TIMEDLOGIC] data harvesting
Current market monitor list is 
yolo Price: 98, Quantity: 100Current time: 22:58:18.935257600
22:58:19.216 [pool-49-thread-1] INFO  c.gettingstarted.TimedLogic - [Sheza2] market monitor size is 1
Current market monitor size is 1
22:58:19.216 [pool-49-thread-1] INFO  c.gettingstarted.TimedLogic - [Sheza3] market monitor size is 1
22:58:19.217 [pool-48-thread-1] INFO  c.gettingstarted.TimedLogic - [TIMEDLOGIC] data harvesting
Current market monitor list is 
yolo Price: 98, Quantity: 100Current time: 22:58:18.935257600
22:58:19.217 [pool-48-thread-1] INFO  c.gettingstarted.TimedLogic - [Sheza2] market monitor size is 1
Current market monitor size is 1
22:58:19.217 [pool-48-thread-1] INFO  c.gettingstarted.TimedLogic - [Sheza3] market monitor size is 1
22:58:19.217 [pool-50-thread-1] INFO  c.gettingstarted.TimedLogic - [TIMEDLOGIC] data harvesting
Current market monitor list is 
yolo Price: 98, Quantity: 100Current time: 22:58:18.935257600
22:58:19.217 [pool-50-thread-1] INFO  c.gettingstarted.TimedLogic - [Sheza2] market monitor size is 1
Current market monitor size is 1
22:58:19.218 [pool-50-thread-1] INFO  c.gettingstarted.TimedLogic - [Sheza3] market monitor size is 1
22:58:19.218 [pool-51-thread-1] INFO  c.gettingstarted.TimedLogic - [TIMEDLOGIC] data harvesting
Current market monitor list is 
yolo Price: 98, Quantity: 100Current time: 22:58:18.940743200
22:58:19.218 [pool-52-thread-1] INFO  c.gettingstarted.TimedLogic - [TIMEDLOGIC] data harvesting
22:58:19.218 [pool-51-thread-1] INFO  c.gettingstarted.TimedLogic - [Sheza2] market monitor size is 1
Current market monitor list is 
Current market monitor size is 1
22:58:19.218 [pool-51-thread-1] INFO  c.gettingstarted.TimedLogic - [Sheza3] market monitor size is 1
yolo Price: 98, Quantity: 100Current time: 22:58:18.940743200
22:58:19.218 [pool-52-thread-1] INFO  c.gettingstarted.TimedLogic - [Sheza2] market monitor size is 1
Current market monitor size is 1
22:58:19.218 [pool-52-thread-1] INFO  c.gettingstarted.TimedLogic - [Sheza3] market monitor size is 1
22:58:19.219 [pool-53-thread-1] INFO  c.gettingstarted.TimedLogic - [TIMEDLOGIC] data harvesting
Current market monitor list is 
yolo Price: 98, Quantity: 100Current time: 22:58:18.942263500
22:58:19.219 [pool-53-thread-1] INFO  c.gettingstarted.TimedLogic - [Sheza2] market monitor size is 1
Current market monitor size is 1
22:58:19.219 [pool-53-thread-1] INFO  c.gettingstarted.TimedLogic - [Sheza3] market monitor size is 1
22:58:19.219 [pool-54-thread-1] INFO  c.gettingstarted.TimedLogic - [TIMEDLOGIC] data harvesting
Current market monitor list is 
yolo Price: 98, Quantity: 100Current time: 22:58:18.942263500
22:58:19.219 [pool-54-thread-1] INFO  c.gettingstarted.TimedLogic - [Sheza2] market monitor size is 1
Current market monitor size is 1
22:58:19.219 [pool-54-thread-1] INFO  c.gettingstarted.TimedLogic - [Sheza3] market monitor size is 1
22:58:19.219 [pool-55-thread-1] INFO  c.gettingstarted.TimedLogic - [TIMEDLOGIC] data harvesting
Current market monitor list is 
yolo Price: 98, Quantity: 100Current time: 22:58:18.943295600
22:58:19.219 [pool-55-thread-1] INFO  c.gettingstarted.TimedLogic - [Sheza2] market monitor size is 1
Current market monitor size is 1
22:58:19.219 [pool-55-thread-1] INFO  c.gettingstarted.TimedLogic - [Sheza3] market monitor size is 1
22:58:19.253 [pool-56-thread-1] INFO  c.gettingstarted.TimedLogic - [TIMEDLOGIC] data harvesting
Current market monitor list is 
yolo Price: 98, Quantity: 100Current time: 22:58:18.944295500
22:58:19.253 [pool-56-thread-1] INFO  c.gettingstarted.TimedLogic - [Sheza2] market monitor size is 1
Current market monitor size is 1
22:58:19.253 [pool-56-thread-1] INFO  c.gettingstarted.TimedLogic - [Sheza3] market monitor size is 1
22:58:19.253 [main] INFO  c.container.Actioner - [ALGO] Actioner, sending action:CreateChildOrder(side=BUY,quantity=95,price=97)
22:58:19.253 [main] INFO  c.sequencer.consumer.LoggingConsumer - [74] [CreateOrder](sbeTemplateId=4|sbeSchemaId=2|sbeSchemaVersion=0|sbeBlockLength=33):instrumentId=0|price=97|quantity=95|side=BUY|orderId=74
22:58:19.253 [main] INFO  c.gettingstarted.MyAlgoLogic - [MYALGO] The state of the order book is:
|----BID-----||----ASK----|
   160 @ 110     95 @ 97
   220 @ 120    150 @ 94
|------------||-----------|

22:58:19.254 [main] INFO  c.gettingstarted.MyAlgoLogic - [MYALGO] Algo Sees Book as: 
|----BID-----||----ASK----|
   160 @ 110     95 @ 97
   220 @ 120    150 @ 94
|------------||-----------|

22:58:19.254 [main] INFO  c.gettingstarted.MyAlgoLogic - [Sheza5] market monitor size is 0
22:58:19.254 [main] INFO  c.gettingstarted.MyAlgoLogic - [MYALGO] Initial quantity95 price 97
Current market monitor list is 
MYALGO- Current market monitor size is 0
22:58:19.254 [main] INFO  c.gettingstarted.TimedLogic - [TIMEDLOGIC] Market is open
22:58:19.259 [main] INFO  c.gettingstarted.MyAlgoLogic - [MYALGO] Adding order for95@97
total order count is 73
22:58:19.259 [main] INFO  c.gettingstarted.MyAlgoLogic - [Sheza6] market monitor size is 0
22:58:19.259 [main] INFO  c.container.Actioner - [ALGO] Actioner, sending action:CreateChildOrder(side=BUY,quantity=95,price=97)
22:58:19.259 [main] INFO  c.sequencer.consumer.LoggingConsumer - [75] [CreateOrder](sbeTemplateId=4|sbeSchemaId=2|sbeSchemaVersion=0|sbeBlockLength=33):instrumentId=0|price=97|quantity=95|side=BUY|orderId=75
22:58:19.260 [main] INFO  c.gettingstarted.MyAlgoLogic - [MYALGO] The state of the order book is:
|----BID-----||----ASK----|
   160 @ 110     95 @ 97
   220 @ 120    150 @ 94
|------------||-----------|

22:58:19.260 [main] INFO  c.gettingstarted.MyAlgoLogic - [MYALGO] Algo Sees Book as: 
|----BID-----||----ASK----|
   160 @ 110     95 @ 97
   220 @ 120    150 @ 94
|------------||-----------|

22:58:19.260 [main] INFO  c.gettingstarted.MyAlgoLogic - [Sheza5] market monitor size is 0
22:58:19.260 [main] INFO  c.gettingstarted.MyAlgoLogic - [MYALGO] Initial quantity95 price 97
Current market monitor list is 
MYALGO- Current market monitor size is 0
22:58:19.261 [main] INFO  c.gettingstarted.TimedLogic - [TIMEDLOGIC] Market is open
22:58:19.263 [main] INFO  c.gettingstarted.MyAlgoLogic - [MYALGO] Adding order for95@97
total order count is 74
22:58:19.263 [main] INFO  c.gettingstarted.MyAlgoLogic - [Sheza6] market monitor size is 0
22:58:19.263 [main] INFO  c.container.Actioner - [ALGO] Actioner, sending action:CreateChildOrder(side=BUY,quantity=95,price=97)
22:58:19.263 [main] INFO  c.sequencer.consumer.LoggingConsumer - [76] [CreateOrder](sbeTemplateId=4|sbeSchemaId=2|sbeSchemaVersion=0|sbeBlockLength=33):instrumentId=0|price=97|quantity=95|side=BUY|orderId=76
22:58:19.263 [main] INFO  c.gettingstarted.MyAlgoLogic - [MYALGO] The state of the order book is:
|----BID-----||----ASK----|
   160 @ 110     95 @ 97
   220 @ 120    150 @ 94
|------------||-----------|

22:58:19.263 [main] INFO  c.gettingstarted.MyAlgoLogic - [MYALGO] Algo Sees Book as: 
|----BID-----||----ASK----|
   160 @ 110     95 @ 97
   220 @ 120    150 @ 94
|------------||-----------|

22:58:19.263 [main] INFO  c.gettingstarted.MyAlgoLogic - [Sheza5] market monitor size is 0
22:58:19.263 [main] INFO  c.gettingstarted.MyAlgoLogic - [MYALGO] Initial quantity95 price 97
Current market monitor list is 
MYALGO- Current market monitor size is 0
22:58:19.263 [pool-57-thread-1] INFO  c.gettingstarted.TimedLogic - [TIMEDLOGIC] data harvesting
Current market monitor list is 
yolo Price: 98, Quantity: 100Current time: 22:58:18.945337800
22:58:19.272 [pool-57-thread-1] INFO  c.gettingstarted.TimedLogic - [Sheza2] market monitor size is 1
Current market monitor size is 1
22:58:19.272 [pool-57-thread-1] INFO  c.gettingstarted.TimedLogic - [Sheza3] market monitor size is 1
22:58:19.272 [pool-59-thread-1] INFO  c.gettingstarted.TimedLogic - [TIMEDLOGIC] data harvesting
Current market monitor list is 
yolo Price: 98, Quantity: 100Current time: 22:58:18.953402100
22:58:19.272 [pool-59-thread-1] INFO  c.gettingstarted.TimedLogic - [Sheza2] market monitor size is 1
Current market monitor size is 1
22:58:19.272 [pool-59-thread-1] INFO  c.gettingstarted.TimedLogic - [Sheza3] market monitor size is 1
22:58:19.272 [pool-140-thread-1] INFO  c.gettingstarted.TimedLogic - [TIMEDLOGIC] data harvesting
Current market monitor list is 
yolo Price: 97, Quantity: 95Current time: 22:58:19.160751400
22:58:19.272 [pool-140-thread-1] INFO  c.gettingstarted.TimedLogic - [Sheza2] market monitor size is 1
Current market monitor size is 1
22:58:19.272 [pool-140-thread-1] INFO  c.gettingstarted.TimedLogic - [Sheza3] market monitor size is 1
22:58:19.272 [pool-134-thread-1] INFO  c.gettingstarted.TimedLogic - [TIMEDLOGIC] data harvesting
Current market monitor list is 
yolo Price: 97, Quantity: 95Current time: 22:58:19.157390900
22:58:19.273 [pool-134-thread-1] INFO  c.gettingstarted.TimedLogic - [Sheza2] market monitor size is 1
Current market monitor size is 1
22:58:19.273 [pool-134-thread-1] INFO  c.gettingstarted.TimedLogic - [Sheza3] market monitor size is 1
22:58:19.273 [pool-136-thread-1] INFO  c.gettingstarted.TimedLogic - [TIMEDLOGIC] data harvesting
Current market monitor list is 
yolo Price: 97, Quantity: 95Current time: 22:58:19.157390900
22:58:19.273 [pool-136-thread-1] INFO  c.gettingstarted.TimedLogic - [Sheza2] market monitor size is 1
Current market monitor size is 1
22:58:19.273 [pool-136-thread-1] INFO  c.gettingstarted.TimedLogic - [Sheza3] market monitor size is 1
22:58:19.273 [pool-141-thread-1] INFO  c.gettingstarted.TimedLogic - [TIMEDLOGIC] data harvesting
Current market monitor list is 
yolo Price: 97, Quantity: 95Current time: 22:58:19.162303900
22:58:19.273 [pool-141-thread-1] INFO  c.gettingstarted.TimedLogic - [Sheza2] market monitor size is 1
Current market monitor size is 1
22:58:19.273 [pool-141-thread-1] INFO  c.gettingstarted.TimedLogic - [Sheza3] market monitor size is 1
22:58:19.273 [pool-142-thread-1] INFO  c.gettingstarted.TimedLogic - [TIMEDLOGIC] data harvesting
Current market monitor list is 
yolo Price: 97, Quantity: 95Current time: 22:58:19.163374700
22:58:19.273 [pool-142-thread-1] INFO  c.gettingstarted.TimedLogic - [Sheza2] market monitor size is 1
Current market monitor size is 1
22:58:19.273 [pool-142-thread-1] INFO  c.gettingstarted.TimedLogic - [Sheza3] market monitor size is 1
22:58:19.273 [pool-138-thread-1] INFO  c.gettingstarted.TimedLogic - [TIMEDLOGIC] data harvesting
Current market monitor list is 
yolo Price: 97, Quantity: 95Current time: 22:58:19.159652900
22:58:19.273 [pool-138-thread-1] INFO  c.gettingstarted.TimedLogic - [Sheza2] market monitor size is 1
Current market monitor size is 1
22:58:19.273 [pool-138-thread-1] INFO  c.gettingstarted.TimedLogic - [Sheza3] market monitor size is 1
22:58:19.273 [pool-139-thread-1] INFO  c.gettingstarted.TimedLogic - [TIMEDLOGIC] data harvesting
Current market monitor list is 
yolo Price: 97, Quantity: 95Current time: 22:58:19.160649
22:58:19.273 [pool-139-thread-1] INFO  c.gettingstarted.TimedLogic - [Sheza2] market monitor size is 1
Current market monitor size is 1
22:58:19.273 [pool-139-thread-1] INFO  c.gettingstarted.TimedLogic - [Sheza3] market monitor size is 1
22:58:19.273 [pool-135-thread-1] INFO  c.gettingstarted.TimedLogic - [TIMEDLOGIC] data harvesting
Current market monitor list is 
yolo Price: 97, Quantity: 95Current time: 22:58:19.157390900
22:58:19.273 [pool-135-thread-1] INFO  c.gettingstarted.TimedLogic - [Sheza2] market monitor size is 1
Current market monitor size is 1
22:58:19.273 [pool-135-thread-1] INFO  c.gettingstarted.TimedLogic - [Sheza3] market monitor size is 1
22:58:19.276 [pool-144-thread-1] INFO  c.gettingstarted.TimedLogic - [TIMEDLOGIC] data harvesting
Current market monitor list is 
yolo Price: 97, Quantity: 95Current time: 22:58:19.165592200
22:58:19.277 [pool-144-thread-1] INFO  c.gettingstarted.TimedLogic - [Sheza2] market monitor size is 1
Current market monitor size is 1
22:58:19.277 [pool-144-thread-1] INFO  c.gettingstarted.TimedLogic - [Sheza3] market monitor size is 1
22:58:19.265 [main] INFO  c.gettingstarted.TimedLogic - [TIMEDLOGIC] Market is open
22:58:19.290 [main] INFO  c.gettingstarted.MyAlgoLogic - [MYALGO] Have:75 children, want 5, done.
22:58:19.290 [main] INFO  c.gettingstarted.MyAlgoLogic - [MYALGO] active orders are 75
22:58:19.290 [main] INFO  c.gettingstarted.MyAlgoLogic - [MYALGO] Cancelling order:codingblackfemales.sotw.ChildOrder@b62d79
22:58:19.290 [main] INFO  c.gettingstarted.MyAlgoLogic - [MYALGO] option is present, number of active orders are 75
22:58:19.290 [main] INFO  c.container.Actioner - [ALGO] Actioner, sending action:CancelChildOrder(codingblackfemales.sotw.ChildOrder@b62d79)
22:58:19.290 [main] INFO  c.sequencer.consumer.LoggingConsumer - [77] [CancelOrder](sbeTemplateId=5|sbeSchemaId=2|sbeSchemaVersion=0|sbeBlockLength=8):orderId=2
22:58:19.297 [main] INFO  c.gettingstarted.MyAlgoLogic - [MYALGO] The state of the order book is:
|----BID-----||----ASK----|
   160 @ 110     95 @ 97
   220 @ 120    150 @ 94
|------------||-----------|

22:58:19.297 [main] INFO  c.gettingstarted.MyAlgoLogic - [MYALGO] Algo Sees Book as: 
|----BID-----||----ASK----|
   160 @ 110     95 @ 97
   220 @ 120    150 @ 94
|------------||-----------|

22:58:19.297 [main] INFO  c.gettingstarted.MyAlgoLogic - [Sheza5] market monitor size is 0
22:58:19.297 [main] INFO  c.gettingstarted.MyAlgoLogic - [MYALGO] Initial quantity95 price 97
Current market monitor list is 
MYALGO- Current market monitor size is 0
22:58:19.297 [main] INFO  c.gettingstarted.TimedLogic - [TIMEDLOGIC] Market is open
22:58:19.297 [main] INFO  c.gettingstarted.MyAlgoLogic - [MYALGO] Have:74 children, want 5, done.
22:58:19.297 [main] INFO  c.gettingstarted.MyAlgoLogic - [MYALGO] active orders are 74
22:58:19.297 [main] INFO  c.gettingstarted.MyAlgoLogic - [MYALGO] Cancelling order:codingblackfemales.sotw.ChildOrder@6631f5ca
22:58:19.297 [main] INFO  c.gettingstarted.MyAlgoLogic - [MYALGO] option is present, number of active orders are 74
22:58:19.297 [main] INFO  c.container.Actioner - [ALGO] Actioner, sending action:CancelChildOrder(codingblackfemales.sotw.ChildOrder@6631f5ca)
22:58:19.297 [main] INFO  c.sequencer.consumer.LoggingConsumer - [78] [CancelOrder](sbeTemplateId=5|sbeSchemaId=2|sbeSchemaVersion=0|sbeBlockLength=8):orderId=3
22:58:19.297 [main] INFO  c.gettingstarted.MyAlgoLogic - [MYALGO] The state of the order book is:
|----BID-----||----ASK----|
   160 @ 110     95 @ 97
   220 @ 120    150 @ 94
|------------||-----------|

22:58:19.297 [main] INFO  c.gettingstarted.MyAlgoLogic - [MYALGO] Algo Sees Book as: 
|----BID-----||----ASK----|
   160 @ 110     95 @ 97
   220 @ 120    150 @ 94
|------------||-----------|

22:58:19.297 [main] INFO  c.gettingstarted.MyAlgoLogic - [Sheza5] market monitor size is 0
22:58:19.297 [main] INFO  c.gettingstarted.MyAlgoLogic - [MYALGO] Initial quantity95 price 97
Current market monitor list is 
MYALGO- Current market monitor size is 0
22:58:19.297 [main] INFO  c.gettingstarted.TimedLogic - [TIMEDLOGIC] Market is open
22:58:19.297 [main] INFO  c.gettingstarted.MyAlgoLogic - [MYALGO] Have:73 children, want 5, done.
22:58:19.297 [main] INFO  c.gettingstarted.MyAlgoLogic - [MYALGO] active orders are 73
22:58:19.297 [main] INFO  c.gettingstarted.MyAlgoLogic - [MYALGO] Cancelling order:codingblackfemales.sotw.ChildOrder@5ace1ed4
22:58:19.297 [main] INFO  c.gettingstarted.MyAlgoLogic - [MYALGO] option is present, number of active orders are 73
22:58:19.297 [main] INFO  c.container.Actioner - [ALGO] Actioner, sending action:CancelChildOrder(codingblackfemales.sotw.ChildOrder@5ace1ed4)
22:58:19.297 [main] INFO  c.sequencer.consumer.LoggingConsumer - [79] [CancelOrder](sbeTemplateId=5|sbeSchemaId=2|sbeSchemaVersion=0|sbeBlockLength=8):orderId=4
22:58:19.297 [main] INFO  c.gettingstarted.MyAlgoLogic - [MYALGO] The state of the order book is:
|----BID-----||----ASK----|
   160 @ 110     95 @ 97
   220 @ 120    150 @ 94
|------------||-----------|

22:58:19.297 [main] INFO  c.gettingstarted.MyAlgoLogic - [MYALGO] Algo Sees Book as: 
|----BID-----||----ASK----|
   160 @ 110     95 @ 97
   220 @ 120    150 @ 94
|------------||-----------|

22:58:19.297 [main] INFO  c.gettingstarted.MyAlgoLogic - [Sheza5] market monitor size is 0
22:58:19.297 [main] INFO  c.gettingstarted.MyAlgoLogic - [MYALGO] Initial quantity95 price 97
Current market monitor list is 
MYALGO- Current market monitor size is 0
22:58:19.297 [main] INFO  c.gettingstarted.TimedLogic - [TIMEDLOGIC] Market is open
22:58:19.297 [main] INFO  c.gettingstarted.MyAlgoLogic - [MYALGO] Have:72 children, want 5, done.
22:58:19.297 [main] INFO  c.gettingstarted.MyAlgoLogic - [MYALGO] active orders are 72
22:58:19.297 [main] INFO  c.gettingstarted.MyAlgoLogic - [MYALGO] Cancelling order:codingblackfemales.sotw.ChildOrder@1613674b
22:58:19.297 [main] INFO  c.gettingstarted.MyAlgoLogic - [MYALGO] option is present, number of active orders are 72
22:58:19.297 [main] INFO  c.container.Actioner - [ALGO] Actioner, sending action:CancelChildOrder(codingblackfemales.sotw.ChildOrder@1613674b)
22:58:19.297 [main] INFO  c.sequencer.consumer.LoggingConsumer - [80] [CancelOrder](sbeTemplateId=5|sbeSchemaId=2|sbeSchemaVersion=0|sbeBlockLength=8):orderId=5
22:58:19.297 [main] INFO  c.gettingstarted.MyAlgoLogic - [MYALGO] The state of the order book is:
|----BID-----||----ASK----|
   160 @ 110     95 @ 97
   220 @ 120    150 @ 94
|------------||-----------|

22:58:19.297 [main] INFO  c.gettingstarted.MyAlgoLogic - [MYALGO] Algo Sees Book as: 
|----BID-----||----ASK----|
   160 @ 110     95 @ 97
   220 @ 120    150 @ 94
|------------||-----------|

22:58:19.297 [main] INFO  c.gettingstarted.MyAlgoLogic - [Sheza5] market monitor size is 0
22:58:19.297 [main] INFO  c.gettingstarted.MyAlgoLogic - [MYALGO] Initial quantity95 price 97
Current market monitor list is 
MYALGO- Current market monitor size is 0
22:58:19.297 [main] INFO  c.gettingstarted.TimedLogic - [TIMEDLOGIC] Market is open
22:58:19.297 [main] INFO  c.gettingstarted.MyAlgoLogic - [MYALGO] Have:71 children, want 5, done.
22:58:19.297 [main] INFO  c.gettingstarted.MyAlgoLogic - [MYALGO] active orders are 71
22:58:19.297 [main] INFO  c.gettingstarted.MyAlgoLogic - [MYALGO] Cancelling order:codingblackfemales.sotw.ChildOrder@27ff5d15
22:58:19.297 [main] INFO  c.gettingstarted.MyAlgoLogic - [MYALGO] option is present, number of active orders are 71
22:58:19.297 [main] INFO  c.container.Actioner - [ALGO] Actioner, sending action:CancelChildOrder(codingblackfemales.sotw.ChildOrder@27ff5d15)
22:58:19.297 [main] INFO  c.sequencer.consumer.LoggingConsumer - [81] [CancelOrder](sbeTemplateId=5|sbeSchemaId=2|sbeSchemaVersion=0|sbeBlockLength=8):orderId=6
22:58:19.297 [main] INFO  c.gettingstarted.MyAlgoLogic - [MYALGO] The state of the order book is:
|----BID-----||----ASK----|
   160 @ 110     95 @ 97
   220 @ 120    150 @ 94
|------------||-----------|

22:58:19.297 [main] INFO  c.gettingstarted.MyAlgoLogic - [MYALGO] Algo Sees Book as: 
|----BID-----||----ASK----|
   160 @ 110     95 @ 97
   220 @ 120    150 @ 94
|------------||-----------|

22:58:19.297 [main] INFO  c.gettingstarted.MyAlgoLogic - [Sheza5] market monitor size is 0
22:58:19.297 [main] INFO  c.gettingstarted.MyAlgoLogic - [MYALGO] Initial quantity95 price 97
Current market monitor list is 
MYALGO- Current market monitor size is 0
22:58:19.297 [main] INFO  c.gettingstarted.TimedLogic - [TIMEDLOGIC] Market is open
22:58:19.297 [main] INFO  c.gettingstarted.MyAlgoLogic - [MYALGO] Have:70 children, want 5, done.
22:58:19.297 [main] INFO  c.gettingstarted.MyAlgoLogic - [MYALGO] active orders are 70
22:58:19.297 [main] INFO  c.gettingstarted.MyAlgoLogic - [MYALGO] Cancelling order:codingblackfemales.sotw.ChildOrder@4e096385
22:58:19.297 [main] INFO  c.gettingstarted.MyAlgoLogic - [MYALGO] option is present, number of active orders are 70
22:58:19.297 [main] INFO  c.container.Actioner - [ALGO] Actioner, sending action:CancelChildOrder(codingblackfemales.sotw.ChildOrder@4e096385)
22:58:19.297 [main] INFO  c.sequencer.consumer.LoggingConsumer - [82] [CancelOrder](sbeTemplateId=5|sbeSchemaId=2|sbeSchemaVersion=0|sbeBlockLength=8):orderId=7
22:58:19.297 [main] INFO  c.gettingstarted.MyAlgoLogic - [MYALGO] The state of the order book is:
|----BID-----||----ASK----|
   160 @ 110     95 @ 97
   220 @ 120    150 @ 94
|------------||-----------|

22:58:19.297 [main] INFO  c.gettingstarted.MyAlgoLogic - [MYALGO] Algo Sees Book as: 
|----BID-----||----ASK----|
   160 @ 110     95 @ 97
   220 @ 120    150 @ 94
|------------||-----------|

22:58:19.297 [main] INFO  c.gettingstarted.MyAlgoLogic - [Sheza5] market monitor size is 0
22:58:19.297 [main] INFO  c.gettingstarted.MyAlgoLogic - [MYALGO] Initial quantity95 price 97
Current market monitor list is 
MYALGO- Current market monitor size is 0
22:58:19.297 [main] INFO  c.gettingstarted.TimedLogic - [TIMEDLOGIC] Market is open
22:58:19.297 [main] INFO  c.gettingstarted.MyAlgoLogic - [MYALGO] Have:69 children, want 5, done.
22:58:19.297 [main] INFO  c.gettingstarted.MyAlgoLogic - [MYALGO] active orders are 69
22:58:19.297 [main] INFO  c.gettingstarted.MyAlgoLogic - [MYALGO] Cancelling order:codingblackfemales.sotw.ChildOrder@649bec2e
22:58:19.297 [main] INFO  c.gettingstarted.MyAlgoLogic - [MYALGO] option is present, number of active orders are 69
22:58:19.297 [main] INFO  c.container.Actioner - [ALGO] Actioner, sending action:CancelChildOrder(codingblackfemales.sotw.ChildOrder@649bec2e)
22:58:19.297 [main] INFO  c.sequencer.consumer.LoggingConsumer - [83] [CancelOrder](sbeTemplateId=5|sbeSchemaId=2|sbeSchemaVersion=0|sbeBlockLength=8):orderId=8
22:58:19.297 [main] INFO  c.gettingstarted.MyAlgoLogic - [MYALGO] The state of the order book is:
|----BID-----||----ASK----|
   160 @ 110     95 @ 97
   220 @ 120    150 @ 94
|------------||-----------|

22:58:19.297 [main] INFO  c.gettingstarted.MyAlgoLogic - [MYALGO] Algo Sees Book as: 
|----BID-----||----ASK----|
   160 @ 110     95 @ 97
   220 @ 120    150 @ 94
|------------||-----------|

22:58:19.297 [main] INFO  c.gettingstarted.MyAlgoLogic - [Sheza5] market monitor size is 0
22:58:19.297 [main] INFO  c.gettingstarted.MyAlgoLogic - [MYALGO] Initial quantity95 price 97
Current market monitor list is 
MYALGO- Current market monitor size is 0
22:58:19.297 [main] INFO  c.gettingstarted.TimedLogic - [TIMEDLOGIC] Market is open
22:58:19.299 [main] INFO  c.gettingstarted.MyAlgoLogic - [MYALGO] Have:68 children, want 5, done.
22:58:19.299 [main] INFO  c.gettingstarted.MyAlgoLogic - [MYALGO] active orders are 68
22:58:19.299 [main] INFO  c.gettingstarted.MyAlgoLogic - [MYALGO] Cancelling order:codingblackfemales.sotw.ChildOrder@693fe6c9
22:58:19.299 [main] INFO  c.gettingstarted.MyAlgoLogic - [MYALGO] option is present, number of active orders are 68
22:58:19.299 [main] INFO  c.container.Actioner - [ALGO] Actioner, sending action:CancelChildOrder(codingblackfemales.sotw.ChildOrder@693fe6c9)
22:58:19.299 [main] INFO  c.sequencer.consumer.LoggingConsumer - [84] [CancelOrder](sbeTemplateId=5|sbeSchemaId=2|sbeSchemaVersion=0|sbeBlockLength=8):orderId=9
22:58:19.299 [main] INFO  c.gettingstarted.MyAlgoLogic - [MYALGO] The state of the order book is:
|----BID-----||----ASK----|
   160 @ 110     95 @ 97
   220 @ 120    150 @ 94
|------------||-----------|

22:58:19.299 [main] INFO  c.gettingstarted.MyAlgoLogic - [MYALGO] Algo Sees Book as: 
|----BID-----||----ASK----|
   160 @ 110     95 @ 97
   220 @ 120    150 @ 94
|------------||-----------|

22:58:19.299 [main] INFO  c.gettingstarted.MyAlgoLogic - [Sheza5] market monitor size is 0
22:58:19.299 [main] INFO  c.gettingstarted.MyAlgoLogic - [MYALGO] Initial quantity95 price 97
Current market monitor list is 
MYALGO- Current market monitor size is 0
22:58:19.299 [main] INFO  c.gettingstarted.TimedLogic - [TIMEDLOGIC] Market is open
22:58:19.299 [main] INFO  c.gettingstarted.MyAlgoLogic - [MYALGO] Have:67 children, want 5, done.
22:58:19.299 [main] INFO  c.gettingstarted.MyAlgoLogic - [MYALGO] active orders are 67
22:58:19.299 [main] INFO  c.gettingstarted.MyAlgoLogic - [MYALGO] Cancelling order:codingblackfemales.sotw.ChildOrder@34f5090e
22:58:19.299 [main] INFO  c.gettingstarted.MyAlgoLogic - [MYALGO] option is present, number of active orders are 67
22:58:19.299 [main] INFO  c.container.Actioner - [ALGO] Actioner, sending action:CancelChildOrder(codingblackfemales.sotw.ChildOrder@34f5090e)
22:58:19.299 [main] INFO  c.sequencer.consumer.LoggingConsumer - [85] [CancelOrder](sbeTemplateId=5|sbeSchemaId=2|sbeSchemaVersion=0|sbeBlockLength=8):orderId=10
22:58:19.299 [main] INFO  c.gettingstarted.MyAlgoLogic - [MYALGO] The state of the order book is:
|----BID-----||----ASK----|
   160 @ 110     95 @ 97
   220 @ 120    150 @ 94
|------------||-----------|

22:58:19.299 [main] INFO  c.gettingstarted.MyAlgoLogic - [MYALGO] Algo Sees Book as: 
|----BID-----||----ASK----|
   160 @ 110     95 @ 97
   220 @ 120    150 @ 94
|------------||-----------|

22:58:19.299 [main] INFO  c.gettingstarted.MyAlgoLogic - [Sheza5] market monitor size is 0
22:58:19.299 [main] INFO  c.gettingstarted.MyAlgoLogic - [MYALGO] Initial quantity95 price 97
Current market monitor list is 
MYALGO- Current market monitor size is 0
22:58:19.299 [main] INFO  c.gettingstarted.TimedLogic - [TIMEDLOGIC] Market is open
22:58:19.299 [main] INFO  c.gettingstarted.MyAlgoLogic - [MYALGO] Have:66 children, want 5, done.
22:58:19.299 [main] INFO  c.gettingstarted.MyAlgoLogic - [MYALGO] active orders are 66
22:58:19.299 [main] INFO  c.gettingstarted.MyAlgoLogic - [MYALGO] Cancelling order:codingblackfemales.sotw.ChildOrder@31e5415e
22:58:19.299 [main] INFO  c.gettingstarted.MyAlgoLogic - [MYALGO] option is present, number of active orders are 66
22:58:19.299 [main] INFO  c.container.Actioner - [ALGO] Actioner, sending action:CancelChildOrder(codingblackfemales.sotw.ChildOrder@31e5415e)
22:58:19.299 [main] INFO  c.sequencer.consumer.LoggingConsumer - [86] [CancelOrder](sbeTemplateId=5|sbeSchemaId=2|sbeSchemaVersion=0|sbeBlockLength=8):orderId=11
22:58:19.299 [main] INFO  c.gettingstarted.MyAlgoLogic - [MYALGO] The state of the order book is:
|----BID-----||----ASK----|
   160 @ 110     95 @ 97
   220 @ 120    150 @ 94
|------------||-----------|

22:58:19.299 [main] INFO  c.gettingstarted.MyAlgoLogic - [MYALGO] Algo Sees Book as: 
|----BID-----||----ASK----|
   160 @ 110     95 @ 97
   220 @ 120    150 @ 94
|------------||-----------|

22:58:19.299 [main] INFO  c.gettingstarted.MyAlgoLogic - [Sheza5] market monitor size is 0
22:58:19.299 [main] INFO  c.gettingstarted.MyAlgoLogic - [MYALGO] Initial quantity95 price 97
Current market monitor list is 
MYALGO- Current market monitor size is 0
22:58:19.299 [main] INFO  c.gettingstarted.TimedLogic - [TIMEDLOGIC] Market is open
22:58:19.299 [main] INFO  c.gettingstarted.MyAlgoLogic - [MYALGO] Have:65 children, want 5, done.
22:58:19.299 [main] INFO  c.gettingstarted.MyAlgoLogic - [MYALGO] active orders are 65
22:58:19.299 [main] INFO  c.gettingstarted.MyAlgoLogic - [MYALGO] Cancelling order:codingblackfemales.sotw.ChildOrder@a2431d0
22:58:19.299 [main] INFO  c.gettingstarted.MyAlgoLogic - [MYALGO] option is present, number of active orders are 65
22:58:19.299 [main] INFO  c.container.Actioner - [ALGO] Actioner, sending action:CancelChildOrder(codingblackfemales.sotw.ChildOrder@a2431d0)
22:58:19.299 [main] INFO  c.sequencer.consumer.LoggingConsumer - [87] [CancelOrder](sbeTemplateId=5|sbeSchemaId=2|sbeSchemaVersion=0|sbeBlockLength=8):orderId=12
22:58:19.299 [main] INFO  c.gettingstarted.MyAlgoLogic - [MYALGO] The state of the order book is:
|----BID-----||----ASK----|
   160 @ 110     95 @ 97
   220 @ 120    150 @ 94
|------------||-----------|

22:58:19.299 [main] INFO  c.gettingstarted.MyAlgoLogic - [MYALGO] Algo Sees Book as: 
|----BID-----||----ASK----|
   160 @ 110     95 @ 97
   220 @ 120    150 @ 94
|------------||-----------|

22:58:19.299 [main] INFO  c.gettingstarted.MyAlgoLogic - [Sheza5] market monitor size is 0
22:58:19.299 [main] INFO  c.gettingstarted.MyAlgoLogic - [MYALGO] Initial quantity95 price 97
Current market monitor list is 
MYALGO- Current market monitor size is 0
22:58:19.299 [main] INFO  c.gettingstarted.TimedLogic - [TIMEDLOGIC] Market is open
22:58:19.299 [main] INFO  c.gettingstarted.MyAlgoLogic - [MYALGO] Have:64 children, want 5, done.
22:58:19.299 [main] INFO  c.gettingstarted.MyAlgoLogic - [MYALGO] active orders are 64
22:58:19.299 [main] INFO  c.gettingstarted.MyAlgoLogic - [MYALGO] Cancelling order:codingblackfemales.sotw.ChildOrder@1cbb87f3
22:58:19.299 [main] INFO  c.gettingstarted.MyAlgoLogic - [MYALGO] option is present, number of active orders are 64
22:58:19.299 [main] INFO  c.container.Actioner - [ALGO] Actioner, sending action:CancelChildOrder(codingblackfemales.sotw.ChildOrder@1cbb87f3)
22:58:19.299 [main] INFO  c.sequencer.consumer.LoggingConsumer - [88] [CancelOrder](sbeTemplateId=5|sbeSchemaId=2|sbeSchemaVersion=0|sbeBlockLength=8):orderId=13
22:58:19.299 [main] INFO  c.gettingstarted.MyAlgoLogic - [MYALGO] The state of the order book is:
|----BID-----||----ASK----|
   160 @ 110     95 @ 97
   220 @ 120    150 @ 94
|------------||-----------|

22:58:19.299 [main] INFO  c.gettingstarted.MyAlgoLogic - [MYALGO] Algo Sees Book as: 
|----BID-----||----ASK----|
   160 @ 110     95 @ 97
   220 @ 120    150 @ 94
|------------||-----------|

22:58:19.299 [main] INFO  c.gettingstarted.MyAlgoLogic - [Sheza5] market monitor size is 0
22:58:19.299 [main] INFO  c.gettingstarted.MyAlgoLogic - [MYALGO] Initial quantity95 price 97
Current market monitor list is 
MYALGO- Current market monitor size is 0
22:58:19.299 [main] INFO  c.gettingstarted.TimedLogic - [TIMEDLOGIC] Market is open
22:58:19.299 [main] INFO  c.gettingstarted.MyAlgoLogic - [MYALGO] Have:63 children, want 5, done.
22:58:19.299 [main] INFO  c.gettingstarted.MyAlgoLogic - [MYALGO] active orders are 63
22:58:19.299 [main] INFO  c.gettingstarted.MyAlgoLogic - [MYALGO] Cancelling order:codingblackfemales.sotw.ChildOrder@1a4013
22:58:19.299 [main] INFO  c.gettingstarted.MyAlgoLogic - [MYALGO] option is present, number of active orders are 63
22:58:19.299 [main] INFO  c.container.Actioner - [ALGO] Actioner, sending action:CancelChildOrder(codingblackfemales.sotw.ChildOrder@1a4013)
22:58:19.299 [main] INFO  c.sequencer.consumer.LoggingConsumer - [89] [CancelOrder](sbeTemplateId=5|sbeSchemaId=2|sbeSchemaVersion=0|sbeBlockLength=8):orderId=14
22:58:19.299 [main] INFO  c.gettingstarted.MyAlgoLogic - [MYALGO] The state of the order book is:
|----BID-----||----ASK----|
   160 @ 110     95 @ 97
   220 @ 120    150 @ 94
|------------||-----------|

22:58:19.299 [main] INFO  c.gettingstarted.MyAlgoLogic - [MYALGO] Algo Sees Book as: 
|----BID-----||----ASK----|
   160 @ 110     95 @ 97
   220 @ 120    150 @ 94
|------------||-----------|

22:58:19.299 [main] INFO  c.gettingstarted.MyAlgoLogic - [Sheza5] market monitor size is 0
22:58:19.299 [main] INFO  c.gettingstarted.MyAlgoLogic - [MYALGO] Initial quantity95 price 97
Current market monitor list is 
MYALGO- Current market monitor size is 0
22:58:19.299 [main] INFO  c.gettingstarted.TimedLogic - [TIMEDLOGIC] Market is open
22:58:19.299 [main] INFO  c.gettingstarted.MyAlgoLogic - [MYALGO] Have:62 children, want 5, done.
22:58:19.299 [main] INFO  c.gettingstarted.MyAlgoLogic - [MYALGO] active orders are 62
22:58:19.299 [main] INFO  c.gettingstarted.MyAlgoLogic - [MYALGO] Cancelling order:codingblackfemales.sotw.ChildOrder@1b6e1eff
22:58:19.299 [main] INFO  c.gettingstarted.MyAlgoLogic - [MYALGO] option is present, number of active orders are 62
22:58:19.299 [main] INFO  c.container.Actioner - [ALGO] Actioner, sending action:CancelChildOrder(codingblackfemales.sotw.ChildOrder@1b6e1eff)
22:58:19.299 [main] INFO  c.sequencer.consumer.LoggingConsumer - [90] [CancelOrder](sbeTemplateId=5|sbeSchemaId=2|sbeSchemaVersion=0|sbeBlockLength=8):orderId=15
22:58:19.299 [main] INFO  c.gettingstarted.MyAlgoLogic - [MYALGO] The state of the order book is:
|----BID-----||----ASK----|
   160 @ 110     95 @ 97
   220 @ 120    150 @ 94
|------------||-----------|

22:58:19.299 [main] INFO  c.gettingstarted.MyAlgoLogic - [MYALGO] Algo Sees Book as: 
|----BID-----||----ASK----|
   160 @ 110     95 @ 97
   220 @ 120    150 @ 94
|------------||-----------|

22:58:19.299 [main] INFO  c.gettingstarted.MyAlgoLogic - [Sheza5] market monitor size is 0
22:58:19.299 [main] INFO  c.gettingstarted.MyAlgoLogic - [MYALGO] Initial quantity95 price 97
Current market monitor list is 
MYALGO- Current market monitor size is 0
22:58:19.299 [main] INFO  c.gettingstarted.TimedLogic - [TIMEDLOGIC] Market is open
22:58:19.299 [main] INFO  c.gettingstarted.MyAlgoLogic - [MYALGO] Have:61 children, want 5, done.
22:58:19.299 [main] INFO  c.gettingstarted.MyAlgoLogic - [MYALGO] active orders are 61
22:58:19.299 [main] INFO  c.gettingstarted.MyAlgoLogic - [MYALGO] Cancelling order:codingblackfemales.sotw.ChildOrder@306f16f3
22:58:19.299 [main] INFO  c.gettingstarted.MyAlgoLogic - [MYALGO] option is present, number of active orders are 61
22:58:19.299 [main] INFO  c.container.Actioner - [ALGO] Actioner, sending action:CancelChildOrder(codingblackfemales.sotw.ChildOrder@306f16f3)
22:58:19.299 [main] INFO  c.sequencer.consumer.LoggingConsumer - [91] [CancelOrder](sbeTemplateId=5|sbeSchemaId=2|sbeSchemaVersion=0|sbeBlockLength=8):orderId=16
22:58:19.299 [main] INFO  c.gettingstarted.MyAlgoLogic - [MYALGO] The state of the order book is:
|----BID-----||----ASK----|
   160 @ 110     95 @ 97
   220 @ 120    150 @ 94
|------------||-----------|

22:58:19.299 [main] INFO  c.gettingstarted.MyAlgoLogic - [MYALGO] Algo Sees Book as: 
|----BID-----||----ASK----|
   160 @ 110     95 @ 97
   220 @ 120    150 @ 94
|------------||-----------|

22:58:19.299 [main] INFO  c.gettingstarted.MyAlgoLogic - [Sheza5] market monitor size is 0
22:58:19.299 [main] INFO  c.gettingstarted.MyAlgoLogic - [MYALGO] Initial quantity95 price 97
Current market monitor list is 
MYALGO- Current market monitor size is 0
22:58:19.299 [main] INFO  c.gettingstarted.TimedLogic - [TIMEDLOGIC] Market is open
22:58:19.299 [main] INFO  c.gettingstarted.MyAlgoLogic - [MYALGO] Have:60 children, want 5, done.
22:58:19.299 [main] INFO  c.gettingstarted.MyAlgoLogic - [MYALGO] active orders are 60
22:58:19.299 [main] INFO  c.gettingstarted.MyAlgoLogic - [MYALGO] Cancelling order:codingblackfemales.sotw.ChildOrder@702b8b12
22:58:19.299 [main] INFO  c.gettingstarted.MyAlgoLogic - [MYALGO] option is present, number of active orders are 60
22:58:19.299 [main] INFO  c.container.Actioner - [ALGO] Actioner, sending action:CancelChildOrder(codingblackfemales.sotw.ChildOrder@702b8b12)
22:58:19.299 [main] INFO  c.sequencer.consumer.LoggingConsumer - [92] [CancelOrder](sbeTemplateId=5|sbeSchemaId=2|sbeSchemaVersion=0|sbeBlockLength=8):orderId=17
22:58:19.299 [main] INFO  c.gettingstarted.MyAlgoLogic - [MYALGO] The state of the order book is:
|----BID-----||----ASK----|
   160 @ 110     95 @ 97
   220 @ 120    150 @ 94
|------------||-----------|

22:58:19.299 [main] INFO  c.gettingstarted.MyAlgoLogic - [MYALGO] Algo Sees Book as: 
|----BID-----||----ASK----|
   160 @ 110     95 @ 97
   220 @ 120    150 @ 94
|------------||-----------|

22:58:19.299 [main] INFO  c.gettingstarted.MyAlgoLogic - [Sheza5] market monitor size is 0
22:58:19.299 [main] INFO  c.gettingstarted.MyAlgoLogic - [MYALGO] Initial quantity95 price 97
Current market monitor list is 
MYALGO- Current market monitor size is 0
22:58:19.299 [main] INFO  c.gettingstarted.TimedLogic - [TIMEDLOGIC] Market is open
22:58:19.299 [main] INFO  c.gettingstarted.MyAlgoLogic - [MYALGO] Have:59 children, want 5, done.
22:58:19.299 [main] INFO  c.gettingstarted.MyAlgoLogic - [MYALGO] active orders are 59
22:58:19.299 [main] INFO  c.gettingstarted.MyAlgoLogic - [MYALGO] Cancelling order:codingblackfemales.sotw.ChildOrder@22e357dc
22:58:19.299 [main] INFO  c.gettingstarted.MyAlgoLogic - [MYALGO] option is present, number of active orders are 59
22:58:19.299 [main] INFO  c.container.Actioner - [ALGO] Actioner, sending action:CancelChildOrder(codingblackfemales.sotw.ChildOrder@22e357dc)
22:58:19.299 [main] INFO  c.sequencer.consumer.LoggingConsumer - [93] [CancelOrder](sbeTemplateId=5|sbeSchemaId=2|sbeSchemaVersion=0|sbeBlockLength=8):orderId=18
22:58:19.299 [main] INFO  c.gettingstarted.MyAlgoLogic - [MYALGO] The state of the order book is:
|----BID-----||----ASK----|
   160 @ 110     95 @ 97
   220 @ 120    150 @ 94
|------------||-----------|

22:58:19.299 [main] INFO  c.gettingstarted.MyAlgoLogic - [MYALGO] Algo Sees Book as: 
|----BID-----||----ASK----|
   160 @ 110     95 @ 97
   220 @ 120    150 @ 94
|------------||-----------|

22:58:19.299 [main] INFO  c.gettingstarted.MyAlgoLogic - [Sheza5] market monitor size is 0
22:58:19.299 [main] INFO  c.gettingstarted.MyAlgoLogic - [MYALGO] Initial quantity95 price 97
Current market monitor list is 
MYALGO- Current market monitor size is 0
22:58:19.299 [main] INFO  c.gettingstarted.TimedLogic - [TIMEDLOGIC] Market is open
22:58:19.299 [main] INFO  c.gettingstarted.MyAlgoLogic - [MYALGO] Have:58 children, want 5, done.
22:58:19.299 [main] INFO  c.gettingstarted.MyAlgoLogic - [MYALGO] active orders are 58
22:58:19.299 [main] INFO  c.gettingstarted.MyAlgoLogic - [MYALGO] Cancelling order:codingblackfemales.sotw.ChildOrder@49912c99
22:58:19.299 [main] INFO  c.gettingstarted.MyAlgoLogic - [MYALGO] option is present, number of active orders are 58
22:58:19.299 [main] INFO  c.container.Actioner - [ALGO] Actioner, sending action:CancelChildOrder(codingblackfemales.sotw.ChildOrder@49912c99)
22:58:19.299 [main] INFO  c.sequencer.consumer.LoggingConsumer - [94] [CancelOrder](sbeTemplateId=5|sbeSchemaId=2|sbeSchemaVersion=0|sbeBlockLength=8):orderId=19
22:58:19.307 [main] INFO  c.gettingstarted.MyAlgoLogic - [MYALGO] The state of the order book is:
|----BID-----||----ASK----|
   160 @ 110     95 @ 97
   220 @ 120    150 @ 94
|------------||-----------|

22:58:19.307 [main] INFO  c.gettingstarted.MyAlgoLogic - [MYALGO] Algo Sees Book as: 
|----BID-----||----ASK----|
   160 @ 110     95 @ 97
   220 @ 120    150 @ 94
|------------||-----------|

22:58:19.307 [main] INFO  c.gettingstarted.MyAlgoLogic - [Sheza5] market monitor size is 0
22:58:19.307 [main] INFO  c.gettingstarted.MyAlgoLogic - [MYALGO] Initial quantity95 price 97
Current market monitor list is 
MYALGO- Current market monitor size is 0
22:58:19.307 [main] INFO  c.gettingstarted.TimedLogic - [TIMEDLOGIC] Market is open
22:58:19.307 [main] INFO  c.gettingstarted.MyAlgoLogic - [MYALGO] Have:57 children, want 5, done.
22:58:19.307 [main] INFO  c.gettingstarted.MyAlgoLogic - [MYALGO] active orders are 57
22:58:19.307 [main] INFO  c.gettingstarted.MyAlgoLogic - [MYALGO] Cancelling order:codingblackfemales.sotw.ChildOrder@10163d6
22:58:19.307 [main] INFO  c.gettingstarted.MyAlgoLogic - [MYALGO] option is present, number of active orders are 57
22:58:19.307 [main] INFO  c.container.Actioner - [ALGO] Actioner, sending action:CancelChildOrder(codingblackfemales.sotw.ChildOrder@10163d6)
22:58:19.307 [main] INFO  c.sequencer.consumer.LoggingConsumer - [95] [CancelOrder](sbeTemplateId=5|sbeSchemaId=2|sbeSchemaVersion=0|sbeBlockLength=8):orderId=20
22:58:19.307 [main] INFO  c.gettingstarted.MyAlgoLogic - [MYALGO] The state of the order book is:
|----BID-----||----ASK----|
   160 @ 110     95 @ 97
   220 @ 120    150 @ 94
|------------||-----------|

22:58:19.307 [main] INFO  c.gettingstarted.MyAlgoLogic - [MYALGO] Algo Sees Book as: 
|----BID-----||----ASK----|
   160 @ 110     95 @ 97
   220 @ 120    150 @ 94
|------------||-----------|

22:58:19.307 [main] INFO  c.gettingstarted.MyAlgoLogic - [Sheza5] market monitor size is 0
22:58:19.307 [main] INFO  c.gettingstarted.MyAlgoLogic - [MYALGO] Initial quantity95 price 97
Current market monitor list is 
MYALGO- Current market monitor size is 0
22:58:19.307 [main] INFO  c.gettingstarted.TimedLogic - [TIMEDLOGIC] Market is open
22:58:19.307 [main] INFO  c.gettingstarted.MyAlgoLogic - [MYALGO] Have:56 children, want 5, done.
22:58:19.307 [main] INFO  c.gettingstarted.MyAlgoLogic - [MYALGO] active orders are 56
22:58:19.307 [main] INFO  c.gettingstarted.MyAlgoLogic - [MYALGO] Cancelling order:codingblackfemales.sotw.ChildOrder@2dde1bff
22:58:19.307 [main] INFO  c.gettingstarted.MyAlgoLogic - [MYALGO] option is present, number of active orders are 56
22:58:19.307 [main] INFO  c.container.Actioner - [ALGO] Actioner, sending action:CancelChildOrder(codingblackfemales.sotw.ChildOrder@2dde1bff)
22:58:19.307 [main] INFO  c.sequencer.consumer.LoggingConsumer - [96] [CancelOrder](sbeTemplateId=5|sbeSchemaId=2|sbeSchemaVersion=0|sbeBlockLength=8):orderId=21
22:58:19.307 [main] INFO  c.gettingstarted.MyAlgoLogic - [MYALGO] The state of the order book is:
|----BID-----||----ASK----|
   160 @ 110     95 @ 97
   220 @ 120    150 @ 94
|------------||-----------|

22:58:19.307 [main] INFO  c.gettingstarted.MyAlgoLogic - [MYALGO] Algo Sees Book as: 
|----BID-----||----ASK----|
   160 @ 110     95 @ 97
   220 @ 120    150 @ 94
|------------||-----------|

22:58:19.307 [main] INFO  c.gettingstarted.MyAlgoLogic - [Sheza5] market monitor size is 0
22:58:19.307 [main] INFO  c.gettingstarted.MyAlgoLogic - [MYALGO] Initial quantity95 price 97
Current market monitor list is 
MYALGO- Current market monitor size is 0
22:58:19.307 [main] INFO  c.gettingstarted.TimedLogic - [TIMEDLOGIC] Market is open
22:58:19.307 [main] INFO  c.gettingstarted.MyAlgoLogic - [MYALGO] Have:55 children, want 5, done.
22:58:19.307 [main] INFO  c.gettingstarted.MyAlgoLogic - [MYALGO] active orders are 55
22:58:19.307 [main] INFO  c.gettingstarted.MyAlgoLogic - [MYALGO] Cancelling order:codingblackfemales.sotw.ChildOrder@15bbf42f
22:58:19.307 [main] INFO  c.gettingstarted.MyAlgoLogic - [MYALGO] option is present, number of active orders are 55
22:58:19.307 [main] INFO  c.container.Actioner - [ALGO] Actioner, sending action:CancelChildOrder(codingblackfemales.sotw.ChildOrder@15bbf42f)
22:58:19.307 [main] INFO  c.sequencer.consumer.LoggingConsumer - [97] [CancelOrder](sbeTemplateId=5|sbeSchemaId=2|sbeSchemaVersion=0|sbeBlockLength=8):orderId=22
22:58:19.307 [main] INFO  c.gettingstarted.MyAlgoLogic - [MYALGO] The state of the order book is:
|----BID-----||----ASK----|
   160 @ 110     95 @ 97
   220 @ 120    150 @ 94
|------------||-----------|

22:58:19.307 [main] INFO  c.gettingstarted.MyAlgoLogic - [MYALGO] Algo Sees Book as: 
|----BID-----||----ASK----|
   160 @ 110     95 @ 97
   220 @ 120    150 @ 94
|------------||-----------|

22:58:19.307 [main] INFO  c.gettingstarted.MyAlgoLogic - [Sheza5] market monitor size is 0
22:58:19.307 [main] INFO  c.gettingstarted.MyAlgoLogic - [MYALGO] Initial quantity95 price 97
Current market monitor list is 
MYALGO- Current market monitor size is 0
22:58:19.307 [main] INFO  c.gettingstarted.TimedLogic - [TIMEDLOGIC] Market is open
22:58:19.307 [main] INFO  c.gettingstarted.MyAlgoLogic - [MYALGO] Have:54 children, want 5, done.
22:58:19.307 [main] INFO  c.gettingstarted.MyAlgoLogic - [MYALGO] active orders are 54
22:58:19.307 [main] INFO  c.gettingstarted.MyAlgoLogic - [MYALGO] Cancelling order:codingblackfemales.sotw.ChildOrder@550ee7e5
22:58:19.307 [main] INFO  c.gettingstarted.MyAlgoLogic - [MYALGO] option is present, number of active orders are 54
22:58:19.307 [main] INFO  c.container.Actioner - [ALGO] Actioner, sending action:CancelChildOrder(codingblackfemales.sotw.ChildOrder@550ee7e5)
22:58:19.307 [main] INFO  c.sequencer.consumer.LoggingConsumer - [98] [CancelOrder](sbeTemplateId=5|sbeSchemaId=2|sbeSchemaVersion=0|sbeBlockLength=8):orderId=23
22:58:19.307 [main] INFO  c.gettingstarted.MyAlgoLogic - [MYALGO] The state of the order book is:
|----BID-----||----ASK----|
   160 @ 110     95 @ 97
   220 @ 120    150 @ 94
|------------||-----------|

22:58:19.307 [main] INFO  c.gettingstarted.MyAlgoLogic - [MYALGO] Algo Sees Book as: 
|----BID-----||----ASK----|
   160 @ 110     95 @ 97
   220 @ 120    150 @ 94
|------------||-----------|

22:58:19.307 [main] INFO  c.gettingstarted.MyAlgoLogic - [Sheza5] market monitor size is 0
22:58:19.307 [main] INFO  c.gettingstarted.MyAlgoLogic - [MYALGO] Initial quantity95 price 97
Current market monitor list is 
MYALGO- Current market monitor size is 0
22:58:19.307 [main] INFO  c.gettingstarted.TimedLogic - [TIMEDLOGIC] Market is open
22:58:19.307 [main] INFO  c.gettingstarted.MyAlgoLogic - [MYALGO] Have:53 children, want 5, done.
22:58:19.309 [main] INFO  c.gettingstarted.MyAlgoLogic - [MYALGO] active orders are 53
22:58:19.309 [main] INFO  c.gettingstarted.MyAlgoLogic - [MYALGO] Cancelling order:codingblackfemales.sotw.ChildOrder@5f9b2141
22:58:19.309 [main] INFO  c.gettingstarted.MyAlgoLogic - [MYALGO] option is present, number of active orders are 53
22:58:19.309 [main] INFO  c.container.Actioner - [ALGO] Actioner, sending action:CancelChildOrder(codingblackfemales.sotw.ChildOrder@5f9b2141)
22:58:19.309 [main] INFO  c.sequencer.consumer.LoggingConsumer - [99] [CancelOrder](sbeTemplateId=5|sbeSchemaId=2|sbeSchemaVersion=0|sbeBlockLength=8):orderId=24
22:58:19.309 [main] INFO  c.gettingstarted.MyAlgoLogic - [MYALGO] The state of the order book is:
|----BID-----||----ASK----|
   160 @ 110     95 @ 97
   220 @ 120    150 @ 94
|------------||-----------|

22:58:19.309 [main] INFO  c.gettingstarted.MyAlgoLogic - [MYALGO] Algo Sees Book as: 
|----BID-----||----ASK----|
   160 @ 110     95 @ 97
   220 @ 120    150 @ 94
|------------||-----------|

22:58:19.309 [main] INFO  c.gettingstarted.MyAlgoLogic - [Sheza5] market monitor size is 0
22:58:19.309 [main] INFO  c.gettingstarted.MyAlgoLogic - [MYALGO] Initial quantity95 price 97
Current market monitor list is 
MYALGO- Current market monitor size is 0
22:58:19.309 [main] INFO  c.gettingstarted.TimedLogic - [TIMEDLOGIC] Market is open
22:58:19.309 [main] INFO  c.gettingstarted.MyAlgoLogic - [MYALGO] Have:52 children, want 5, done.
22:58:19.309 [main] INFO  c.gettingstarted.MyAlgoLogic - [MYALGO] active orders are 52
22:58:19.309 [main] INFO  c.gettingstarted.MyAlgoLogic - [MYALGO] Cancelling order:codingblackfemales.sotw.ChildOrder@247d8ae
22:58:19.309 [main] INFO  c.gettingstarted.MyAlgoLogic - [MYALGO] option is present, number of active orders are 52
22:58:19.309 [main] INFO  c.container.Actioner - [ALGO] Actioner, sending action:CancelChildOrder(codingblackfemales.sotw.ChildOrder@247d8ae)
22:58:19.309 [main] INFO  c.sequencer.consumer.LoggingConsumer - [100] [CancelOrder](sbeTemplateId=5|sbeSchemaId=2|sbeSchemaVersion=0|sbeBlockLength=8):orderId=25
22:58:19.309 [main] INFO  c.gettingstarted.MyAlgoLogic - [MYALGO] The state of the order book is:
|----BID-----||----ASK----|
   160 @ 110     95 @ 97
   220 @ 120    150 @ 94
|------------||-----------|

22:58:19.309 [main] INFO  c.gettingstarted.MyAlgoLogic - [MYALGO] Algo Sees Book as: 
|----BID-----||----ASK----|
   160 @ 110     95 @ 97
   220 @ 120    150 @ 94
|------------||-----------|

22:58:19.309 [main] INFO  c.gettingstarted.MyAlgoLogic - [Sheza5] market monitor size is 0
22:58:19.309 [main] INFO  c.gettingstarted.MyAlgoLogic - [MYALGO] Initial quantity95 price 97
Current market monitor list is 
MYALGO- Current market monitor size is 0
22:58:19.309 [main] INFO  c.gettingstarted.TimedLogic - [TIMEDLOGIC] Market is open
22:58:19.309 [main] INFO  c.gettingstarted.MyAlgoLogic - [MYALGO] Have:51 children, want 5, done.
22:58:19.309 [main] INFO  c.gettingstarted.MyAlgoLogic - [MYALGO] active orders are 51
22:58:19.309 [main] INFO  c.gettingstarted.MyAlgoLogic - [MYALGO] Cancelling order:codingblackfemales.sotw.ChildOrder@48974e45
22:58:19.309 [main] INFO  c.gettingstarted.MyAlgoLogic - [MYALGO] option is present, number of active orders are 51
22:58:19.309 [main] INFO  c.container.Actioner - [ALGO] Actioner, sending action:CancelChildOrder(codingblackfemales.sotw.ChildOrder@48974e45)
22:58:19.309 [main] INFO  c.sequencer.consumer.LoggingConsumer - [101] [CancelOrder](sbeTemplateId=5|sbeSchemaId=2|sbeSchemaVersion=0|sbeBlockLength=8):orderId=26
22:58:19.309 [main] INFO  c.gettingstarted.MyAlgoLogic - [MYALGO] The state of the order book is:
|----BID-----||----ASK----|
   160 @ 110     95 @ 97
   220 @ 120    150 @ 94
|------------||-----------|

22:58:19.309 [main] INFO  c.gettingstarted.MyAlgoLogic - [MYALGO] Algo Sees Book as: 
|----BID-----||----ASK----|
   160 @ 110     95 @ 97
   220 @ 120    150 @ 94
|------------||-----------|

22:58:19.309 [main] INFO  c.gettingstarted.MyAlgoLogic - [Sheza5] market monitor size is 0
22:58:19.309 [main] INFO  c.gettingstarted.MyAlgoLogic - [MYALGO] Initial quantity95 price 97
Current market monitor list is 
MYALGO- Current market monitor size is 0
22:58:19.309 [main] INFO  c.gettingstarted.TimedLogic - [TIMEDLOGIC] Market is open
22:58:19.309 [main] INFO  c.gettingstarted.MyAlgoLogic - [MYALGO] Have:50 children, want 5, done.
22:58:19.309 [main] INFO  c.gettingstarted.MyAlgoLogic - [MYALGO] active orders are 50
22:58:19.309 [main] INFO  c.gettingstarted.MyAlgoLogic - [MYALGO] Cancelling order:codingblackfemales.sotw.ChildOrder@6a84a97d
22:58:19.309 [main] INFO  c.gettingstarted.MyAlgoLogic - [MYALGO] option is present, number of active orders are 50
22:58:19.309 [main] INFO  c.container.Actioner - [ALGO] Actioner, sending action:CancelChildOrder(codingblackfemales.sotw.ChildOrder@6a84a97d)
22:58:19.309 [main] INFO  c.sequencer.consumer.LoggingConsumer - [102] [CancelOrder](sbeTemplateId=5|sbeSchemaId=2|sbeSchemaVersion=0|sbeBlockLength=8):orderId=27
22:58:19.309 [main] INFO  c.gettingstarted.MyAlgoLogic - [MYALGO] The state of the order book is:
|----BID-----||----ASK----|
   160 @ 110     95 @ 97
   220 @ 120    150 @ 94
|------------||-----------|

22:58:19.309 [main] INFO  c.gettingstarted.MyAlgoLogic - [MYALGO] Algo Sees Book as: 
|----BID-----||----ASK----|
   160 @ 110     95 @ 97
   220 @ 120    150 @ 94
|------------||-----------|

22:58:19.309 [main] INFO  c.gettingstarted.MyAlgoLogic - [Sheza5] market monitor size is 0
22:58:19.309 [main] INFO  c.gettingstarted.MyAlgoLogic - [MYALGO] Initial quantity95 price 97
Current market monitor list is 
MYALGO- Current market monitor size is 0
22:58:19.309 [main] INFO  c.gettingstarted.TimedLogic - [TIMEDLOGIC] Market is open
22:58:19.309 [main] INFO  c.gettingstarted.MyAlgoLogic - [MYALGO] Have:49 children, want 5, done.
22:58:19.309 [main] INFO  c.gettingstarted.MyAlgoLogic - [MYALGO] active orders are 49
22:58:19.309 [main] INFO  c.gettingstarted.MyAlgoLogic - [MYALGO] Cancelling order:codingblackfemales.sotw.ChildOrder@6c130c45
22:58:19.309 [main] INFO  c.gettingstarted.MyAlgoLogic - [MYALGO] option is present, number of active orders are 49
22:58:19.309 [main] INFO  c.container.Actioner - [ALGO] Actioner, sending action:CancelChildOrder(codingblackfemales.sotw.ChildOrder@6c130c45)
22:58:19.309 [main] INFO  c.sequencer.consumer.LoggingConsumer - [103] [CancelOrder](sbeTemplateId=5|sbeSchemaId=2|sbeSchemaVersion=0|sbeBlockLength=8):orderId=28
22:58:19.309 [main] INFO  c.gettingstarted.MyAlgoLogic - [MYALGO] The state of the order book is:
|----BID-----||----ASK----|
   160 @ 110     95 @ 97
   220 @ 120    150 @ 94
|------------||-----------|

22:58:19.309 [main] INFO  c.gettingstarted.MyAlgoLogic - [MYALGO] Algo Sees Book as: 
|----BID-----||----ASK----|
   160 @ 110     95 @ 97
   220 @ 120    150 @ 94
|------------||-----------|

22:58:19.309 [main] INFO  c.gettingstarted.MyAlgoLogic - [Sheza5] market monitor size is 0
22:58:19.309 [main] INFO  c.gettingstarted.MyAlgoLogic - [MYALGO] Initial quantity95 price 97
Current market monitor list is 
MYALGO- Current market monitor size is 0
22:58:19.309 [main] INFO  c.gettingstarted.TimedLogic - [TIMEDLOGIC] Market is open
22:58:19.309 [main] INFO  c.gettingstarted.MyAlgoLogic - [MYALGO] Have:48 children, want 5, done.
22:58:19.309 [main] INFO  c.gettingstarted.MyAlgoLogic - [MYALGO] active orders are 48
22:58:19.309 [main] INFO  c.gettingstarted.MyAlgoLogic - [MYALGO] Cancelling order:codingblackfemales.sotw.ChildOrder@50ad3bc1
22:58:19.309 [main] INFO  c.gettingstarted.MyAlgoLogic - [MYALGO] option is present, number of active orders are 48
22:58:19.309 [main] INFO  c.container.Actioner - [ALGO] Actioner, sending action:CancelChildOrder(codingblackfemales.sotw.ChildOrder@50ad3bc1)
22:58:19.309 [main] INFO  c.sequencer.consumer.LoggingConsumer - [104] [CancelOrder](sbeTemplateId=5|sbeSchemaId=2|sbeSchemaVersion=0|sbeBlockLength=8):orderId=29
22:58:19.309 [main] INFO  c.gettingstarted.MyAlgoLogic - [MYALGO] The state of the order book is:
|----BID-----||----ASK----|
   160 @ 110     95 @ 97
   220 @ 120    150 @ 94
|------------||-----------|

22:58:19.309 [main] INFO  c.gettingstarted.MyAlgoLogic - [MYALGO] Algo Sees Book as: 
|----BID-----||----ASK----|
   160 @ 110     95 @ 97
   220 @ 120    150 @ 94
|------------||-----------|

22:58:19.309 [main] INFO  c.gettingstarted.MyAlgoLogic - [Sheza5] market monitor size is 0
22:58:19.309 [main] INFO  c.gettingstarted.MyAlgoLogic - [MYALGO] Initial quantity95 price 97
Current market monitor list is 
MYALGO- Current market monitor size is 0
22:58:19.309 [main] INFO  c.gettingstarted.TimedLogic - [TIMEDLOGIC] Market is open
22:58:19.309 [main] INFO  c.gettingstarted.MyAlgoLogic - [MYALGO] Have:47 children, want 5, done.
22:58:19.309 [main] INFO  c.gettingstarted.MyAlgoLogic - [MYALGO] active orders are 47
22:58:19.309 [main] INFO  c.gettingstarted.MyAlgoLogic - [MYALGO] Cancelling order:codingblackfemales.sotw.ChildOrder@223aa2f7
22:58:19.309 [main] INFO  c.gettingstarted.MyAlgoLogic - [MYALGO] option is present, number of active orders are 47
22:58:19.309 [main] INFO  c.container.Actioner - [ALGO] Actioner, sending action:CancelChildOrder(codingblackfemales.sotw.ChildOrder@223aa2f7)
22:58:19.309 [main] INFO  c.sequencer.consumer.LoggingConsumer - [105] [CancelOrder](sbeTemplateId=5|sbeSchemaId=2|sbeSchemaVersion=0|sbeBlockLength=8):orderId=30
22:58:19.309 [main] INFO  c.gettingstarted.MyAlgoLogic - [MYALGO] The state of the order book is:
|----BID-----||----ASK----|
   160 @ 110     95 @ 97
   220 @ 120    150 @ 94
|------------||-----------|

22:58:19.309 [main] INFO  c.gettingstarted.MyAlgoLogic - [MYALGO] Algo Sees Book as: 
|----BID-----||----ASK----|
   160 @ 110     95 @ 97
   220 @ 120    150 @ 94
|------------||-----------|

22:58:19.309 [main] INFO  c.gettingstarted.MyAlgoLogic - [Sheza5] market monitor size is 0
22:58:19.309 [main] INFO  c.gettingstarted.MyAlgoLogic - [MYALGO] Initial quantity95 price 97
Current market monitor list is 
MYALGO- Current market monitor size is 0
22:58:19.309 [main] INFO  c.gettingstarted.TimedLogic - [TIMEDLOGIC] Market is open
22:58:19.309 [main] INFO  c.gettingstarted.MyAlgoLogic - [MYALGO] Have:46 children, want 5, done.
22:58:19.309 [main] INFO  c.gettingstarted.MyAlgoLogic - [MYALGO] active orders are 46
22:58:19.309 [main] INFO  c.gettingstarted.MyAlgoLogic - [MYALGO] Cancelling order:codingblackfemales.sotw.ChildOrder@6d3a388c
22:58:19.309 [main] INFO  c.gettingstarted.MyAlgoLogic - [MYALGO] option is present, number of active orders are 46
22:58:19.309 [main] INFO  c.container.Actioner - [ALGO] Actioner, sending action:CancelChildOrder(codingblackfemales.sotw.ChildOrder@6d3a388c)
22:58:19.309 [main] INFO  c.sequencer.consumer.LoggingConsumer - [106] [CancelOrder](sbeTemplateId=5|sbeSchemaId=2|sbeSchemaVersion=0|sbeBlockLength=8):orderId=31
22:58:19.309 [main] INFO  c.gettingstarted.MyAlgoLogic - [MYALGO] The state of the order book is:
|----BID-----||----ASK----|
   160 @ 110     95 @ 97
   220 @ 120    150 @ 94
|------------||-----------|

22:58:19.309 [main] INFO  c.gettingstarted.MyAlgoLogic - [MYALGO] Algo Sees Book as: 
|----BID-----||----ASK----|
   160 @ 110     95 @ 97
   220 @ 120    150 @ 94
|------------||-----------|

22:58:19.309 [main] INFO  c.gettingstarted.MyAlgoLogic - [Sheza5] market monitor size is 0
22:58:19.309 [main] INFO  c.gettingstarted.MyAlgoLogic - [MYALGO] Initial quantity95 price 97
Current market monitor list is 
MYALGO- Current market monitor size is 0
22:58:19.309 [main] INFO  c.gettingstarted.TimedLogic - [TIMEDLOGIC] Market is open
22:58:19.309 [main] INFO  c.gettingstarted.MyAlgoLogic - [MYALGO] Have:45 children, want 5, done.
22:58:19.309 [main] INFO  c.gettingstarted.MyAlgoLogic - [MYALGO] active orders are 45
22:58:19.309 [main] INFO  c.gettingstarted.MyAlgoLogic - [MYALGO] Cancelling order:codingblackfemales.sotw.ChildOrder@193f604a
22:58:19.309 [main] INFO  c.gettingstarted.MyAlgoLogic - [MYALGO] option is present, number of active orders are 45
22:58:19.309 [main] INFO  c.container.Actioner - [ALGO] Actioner, sending action:CancelChildOrder(codingblackfemales.sotw.ChildOrder@193f604a)
22:58:19.309 [main] INFO  c.sequencer.consumer.LoggingConsumer - [107] [CancelOrder](sbeTemplateId=5|sbeSchemaId=2|sbeSchemaVersion=0|sbeBlockLength=8):orderId=32
22:58:19.309 [main] INFO  c.gettingstarted.MyAlgoLogic - [MYALGO] The state of the order book is:
|----BID-----||----ASK----|
   160 @ 110     95 @ 97
   220 @ 120    150 @ 94
|------------||-----------|

22:58:19.309 [main] INFO  c.gettingstarted.MyAlgoLogic - [MYALGO] Algo Sees Book as: 
|----BID-----||----ASK----|
   160 @ 110     95 @ 97
   220 @ 120    150 @ 94
|------------||-----------|

22:58:19.309 [main] INFO  c.gettingstarted.MyAlgoLogic - [Sheza5] market monitor size is 0
22:58:19.309 [main] INFO  c.gettingstarted.MyAlgoLogic - [MYALGO] Initial quantity95 price 97
Current market monitor list is 
MYALGO- Current market monitor size is 0
22:58:19.309 [main] INFO  c.gettingstarted.TimedLogic - [TIMEDLOGIC] Market is open
22:58:19.309 [main] INFO  c.gettingstarted.MyAlgoLogic - [MYALGO] Have:44 children, want 5, done.
22:58:19.309 [main] INFO  c.gettingstarted.MyAlgoLogic - [MYALGO] active orders are 44
22:58:19.309 [main] INFO  c.gettingstarted.MyAlgoLogic - [MYALGO] Cancelling order:codingblackfemales.sotw.ChildOrder@20f5239f
22:58:19.309 [main] INFO  c.gettingstarted.MyAlgoLogic - [MYALGO] option is present, number of active orders are 44
22:58:19.309 [main] INFO  c.container.Actioner - [ALGO] Actioner, sending action:CancelChildOrder(codingblackfemales.sotw.ChildOrder@20f5239f)
22:58:19.309 [main] INFO  c.sequencer.consumer.LoggingConsumer - [108] [CancelOrder](sbeTemplateId=5|sbeSchemaId=2|sbeSchemaVersion=0|sbeBlockLength=8):orderId=33
22:58:19.309 [main] INFO  c.gettingstarted.MyAlgoLogic - [MYALGO] The state of the order book is:
|----BID-----||----ASK----|
   160 @ 110     95 @ 97
   220 @ 120    150 @ 94
|------------||-----------|

22:58:19.309 [main] INFO  c.gettingstarted.MyAlgoLogic - [MYALGO] Algo Sees Book as: 
|----BID-----||----ASK----|
   160 @ 110     95 @ 97
   220 @ 120    150 @ 94
|------------||-----------|

22:58:19.309 [main] INFO  c.gettingstarted.MyAlgoLogic - [Sheza5] market monitor size is 0
22:58:19.309 [main] INFO  c.gettingstarted.MyAlgoLogic - [MYALGO] Initial quantity95 price 97
Current market monitor list is 
MYALGO- Current market monitor size is 0
22:58:19.309 [main] INFO  c.gettingstarted.TimedLogic - [TIMEDLOGIC] Market is open
22:58:19.309 [main] INFO  c.gettingstarted.MyAlgoLogic - [MYALGO] Have:43 children, want 5, done.
22:58:19.309 [main] INFO  c.gettingstarted.MyAlgoLogic - [MYALGO] active orders are 43
22:58:19.309 [main] INFO  c.gettingstarted.MyAlgoLogic - [MYALGO] Cancelling order:codingblackfemales.sotw.ChildOrder@57af006c
22:58:19.309 [main] INFO  c.gettingstarted.MyAlgoLogic - [MYALGO] option is present, number of active orders are 43
22:58:19.309 [main] INFO  c.container.Actioner - [ALGO] Actioner, sending action:CancelChildOrder(codingblackfemales.sotw.ChildOrder@57af006c)
22:58:19.309 [main] INFO  c.sequencer.consumer.LoggingConsumer - [109] [CancelOrder](sbeTemplateId=5|sbeSchemaId=2|sbeSchemaVersion=0|sbeBlockLength=8):orderId=34
22:58:19.309 [main] INFO  c.gettingstarted.MyAlgoLogic - [MYALGO] The state of the order book is:
|----BID-----||----ASK----|
   160 @ 110     95 @ 97
   220 @ 120    150 @ 94
|------------||-----------|

22:58:19.309 [main] INFO  c.gettingstarted.MyAlgoLogic - [MYALGO] Algo Sees Book as: 
|----BID-----||----ASK----|
   160 @ 110     95 @ 97
   220 @ 120    150 @ 94
|------------||-----------|

22:58:19.309 [main] INFO  c.gettingstarted.MyAlgoLogic - [Sheza5] market monitor size is 0
22:58:19.309 [main] INFO  c.gettingstarted.MyAlgoLogic - [MYALGO] Initial quantity95 price 97
Current market monitor list is 
MYALGO- Current market monitor size is 0
22:58:19.309 [main] INFO  c.gettingstarted.TimedLogic - [TIMEDLOGIC] Market is open
22:58:19.309 [main] INFO  c.gettingstarted.MyAlgoLogic - [MYALGO] Have:42 children, want 5, done.
22:58:19.309 [main] INFO  c.gettingstarted.MyAlgoLogic - [MYALGO] active orders are 42
22:58:19.309 [main] INFO  c.gettingstarted.MyAlgoLogic - [MYALGO] Cancelling order:codingblackfemales.sotw.ChildOrder@6bedbc4d
22:58:19.309 [main] INFO  c.gettingstarted.MyAlgoLogic - [MYALGO] option is present, number of active orders are 42
22:58:19.309 [main] INFO  c.container.Actioner - [ALGO] Actioner, sending action:CancelChildOrder(codingblackfemales.sotw.ChildOrder@6bedbc4d)
22:58:19.309 [main] INFO  c.sequencer.consumer.LoggingConsumer - [110] [CancelOrder](sbeTemplateId=5|sbeSchemaId=2|sbeSchemaVersion=0|sbeBlockLength=8):orderId=35
22:58:19.309 [main] INFO  c.gettingstarted.MyAlgoLogic - [MYALGO] The state of the order book is:
|----BID-----||----ASK----|
   160 @ 110     95 @ 97
   220 @ 120    150 @ 94
|------------||-----------|

22:58:19.309 [main] INFO  c.gettingstarted.MyAlgoLogic - [MYALGO] Algo Sees Book as: 
|----BID-----||----ASK----|
   160 @ 110     95 @ 97
   220 @ 120    150 @ 94
|------------||-----------|

22:58:19.309 [main] INFO  c.gettingstarted.MyAlgoLogic - [Sheza5] market monitor size is 0
22:58:19.309 [main] INFO  c.gettingstarted.MyAlgoLogic - [MYALGO] Initial quantity95 price 97
Current market monitor list is 
MYALGO- Current market monitor size is 0
22:58:19.309 [main] INFO  c.gettingstarted.TimedLogic - [TIMEDLOGIC] Market is open
22:58:19.309 [main] INFO  c.gettingstarted.MyAlgoLogic - [MYALGO] Have:41 children, want 5, done.
22:58:19.309 [main] INFO  c.gettingstarted.MyAlgoLogic - [MYALGO] active orders are 41
22:58:19.309 [main] INFO  c.gettingstarted.MyAlgoLogic - [MYALGO] Cancelling order:codingblackfemales.sotw.ChildOrder@932bc4a
22:58:19.309 [main] INFO  c.gettingstarted.MyAlgoLogic - [MYALGO] option is present, number of active orders are 41
22:58:19.309 [main] INFO  c.container.Actioner - [ALGO] Actioner, sending action:CancelChildOrder(codingblackfemales.sotw.ChildOrder@932bc4a)
22:58:19.309 [main] INFO  c.sequencer.consumer.LoggingConsumer - [111] [CancelOrder](sbeTemplateId=5|sbeSchemaId=2|sbeSchemaVersion=0|sbeBlockLength=8):orderId=36
22:58:19.309 [main] INFO  c.gettingstarted.MyAlgoLogic - [MYALGO] The state of the order book is:
|----BID-----||----ASK----|
   160 @ 110     95 @ 97
   220 @ 120    150 @ 94
|------------||-----------|

22:58:19.309 [main] INFO  c.gettingstarted.MyAlgoLogic - [MYALGO] Algo Sees Book as: 
|----BID-----||----ASK----|
   160 @ 110     95 @ 97
   220 @ 120    150 @ 94
|------------||-----------|

22:58:19.309 [main] INFO  c.gettingstarted.MyAlgoLogic - [Sheza5] market monitor size is 0
22:58:19.309 [main] INFO  c.gettingstarted.MyAlgoLogic - [MYALGO] Initial quantity95 price 97
Current market monitor list is 
MYALGO- Current market monitor size is 0
22:58:19.309 [main] INFO  c.gettingstarted.TimedLogic - [TIMEDLOGIC] Market is open
22:58:19.309 [main] INFO  c.gettingstarted.MyAlgoLogic - [MYALGO] Have:40 children, want 5, done.
22:58:19.309 [main] INFO  c.gettingstarted.MyAlgoLogic - [MYALGO] active orders are 40
22:58:19.309 [main] INFO  c.gettingstarted.MyAlgoLogic - [MYALGO] Cancelling order:codingblackfemales.sotw.ChildOrder@d29f28
22:58:19.309 [main] INFO  c.gettingstarted.MyAlgoLogic - [MYALGO] option is present, number of active orders are 40
22:58:19.309 [main] INFO  c.container.Actioner - [ALGO] Actioner, sending action:CancelChildOrder(codingblackfemales.sotw.ChildOrder@d29f28)
22:58:19.309 [main] INFO  c.sequencer.consumer.LoggingConsumer - [112] [CancelOrder](sbeTemplateId=5|sbeSchemaId=2|sbeSchemaVersion=0|sbeBlockLength=8):orderId=37
22:58:19.317 [main] INFO  c.gettingstarted.MyAlgoLogic - [MYALGO] The state of the order book is:
|----BID-----||----ASK----|
   160 @ 110     95 @ 97
   220 @ 120    150 @ 94
|------------||-----------|

22:58:19.317 [main] INFO  c.gettingstarted.MyAlgoLogic - [MYALGO] Algo Sees Book as: 
|----BID-----||----ASK----|
   160 @ 110     95 @ 97
   220 @ 120    150 @ 94
|------------||-----------|

22:58:19.317 [main] INFO  c.gettingstarted.MyAlgoLogic - [Sheza5] market monitor size is 0
22:58:19.317 [main] INFO  c.gettingstarted.MyAlgoLogic - [MYALGO] Initial quantity95 price 97
Current market monitor list is 
MYALGO- Current market monitor size is 0
22:58:19.317 [main] INFO  c.gettingstarted.TimedLogic - [TIMEDLOGIC] Market is open
22:58:19.317 [main] INFO  c.gettingstarted.MyAlgoLogic - [MYALGO] Have:39 children, want 5, done.
22:58:19.317 [main] INFO  c.gettingstarted.MyAlgoLogic - [MYALGO] active orders are 39
22:58:19.317 [main] INFO  c.gettingstarted.MyAlgoLogic - [MYALGO] Cancelling order:codingblackfemales.sotw.ChildOrder@2fd1433e
22:58:19.317 [main] INFO  c.gettingstarted.MyAlgoLogic - [MYALGO] option is present, number of active orders are 39
22:58:19.317 [main] INFO  c.container.Actioner - [ALGO] Actioner, sending action:CancelChildOrder(codingblackfemales.sotw.ChildOrder@2fd1433e)
22:58:19.317 [main] INFO  c.sequencer.consumer.LoggingConsumer - [113] [CancelOrder](sbeTemplateId=5|sbeSchemaId=2|sbeSchemaVersion=0|sbeBlockLength=8):orderId=38
22:58:19.317 [main] INFO  c.gettingstarted.MyAlgoLogic - [MYALGO] The state of the order book is:
|----BID-----||----ASK----|
   160 @ 110     95 @ 97
   220 @ 120    150 @ 94
|------------||-----------|

22:58:19.317 [main] INFO  c.gettingstarted.MyAlgoLogic - [MYALGO] Algo Sees Book as: 
|----BID-----||----ASK----|
   160 @ 110     95 @ 97
   220 @ 120    150 @ 94
|------------||-----------|

22:58:19.317 [main] INFO  c.gettingstarted.MyAlgoLogic - [Sheza5] market monitor size is 0
22:58:19.317 [main] INFO  c.gettingstarted.MyAlgoLogic - [MYALGO] Initial quantity95 price 97
Current market monitor list is 
MYALGO- Current market monitor size is 0
22:58:19.317 [main] INFO  c.gettingstarted.TimedLogic - [TIMEDLOGIC] Market is open
22:58:19.317 [main] INFO  c.gettingstarted.MyAlgoLogic - [MYALGO] Have:38 children, want 5, done.
22:58:19.317 [main] INFO  c.gettingstarted.MyAlgoLogic - [MYALGO] active orders are 38
22:58:19.317 [main] INFO  c.gettingstarted.MyAlgoLogic - [MYALGO] Cancelling order:codingblackfemales.sotw.ChildOrder@29d89d5d
22:58:19.317 [main] INFO  c.gettingstarted.MyAlgoLogic - [MYALGO] option is present, number of active orders are 38
22:58:19.317 [main] INFO  c.container.Actioner - [ALGO] Actioner, sending action:CancelChildOrder(codingblackfemales.sotw.ChildOrder@29d89d5d)
22:58:19.317 [main] INFO  c.sequencer.consumer.LoggingConsumer - [114] [CancelOrder](sbeTemplateId=5|sbeSchemaId=2|sbeSchemaVersion=0|sbeBlockLength=8):orderId=39
22:58:19.317 [main] INFO  c.gettingstarted.MyAlgoLogic - [MYALGO] The state of the order book is:
|----BID-----||----ASK----|
   160 @ 110     95 @ 97
   220 @ 120    150 @ 94
|------------||-----------|

22:58:19.317 [main] INFO  c.gettingstarted.MyAlgoLogic - [MYALGO] Algo Sees Book as: 
|----BID-----||----ASK----|
   160 @ 110     95 @ 97
   220 @ 120    150 @ 94
|------------||-----------|

22:58:19.317 [main] INFO  c.gettingstarted.MyAlgoLogic - [Sheza5] market monitor size is 0
22:58:19.317 [main] INFO  c.gettingstarted.MyAlgoLogic - [MYALGO] Initial quantity95 price 97
Current market monitor list is 
MYALGO- Current market monitor size is 0
22:58:19.319 [main] INFO  c.gettingstarted.TimedLogic - [TIMEDLOGIC] Market is open
22:58:19.319 [main] INFO  c.gettingstarted.MyAlgoLogic - [MYALGO] Have:37 children, want 5, done.
22:58:19.319 [main] INFO  c.gettingstarted.MyAlgoLogic - [MYALGO] active orders are 37
22:58:19.319 [main] INFO  c.gettingstarted.MyAlgoLogic - [MYALGO] Cancelling order:codingblackfemales.sotw.ChildOrder@3514a4c0
22:58:19.319 [main] INFO  c.gettingstarted.MyAlgoLogic - [MYALGO] option is present, number of active orders are 37
22:58:19.319 [main] INFO  c.container.Actioner - [ALGO] Actioner, sending action:CancelChildOrder(codingblackfemales.sotw.ChildOrder@3514a4c0)
22:58:19.319 [main] INFO  c.sequencer.consumer.LoggingConsumer - [115] [CancelOrder](sbeTemplateId=5|sbeSchemaId=2|sbeSchemaVersion=0|sbeBlockLength=8):orderId=40
22:58:19.319 [main] INFO  c.gettingstarted.MyAlgoLogic - [MYALGO] The state of the order book is:
|----BID-----||----ASK----|
   160 @ 110     95 @ 97
   220 @ 120    150 @ 94
|------------||-----------|

22:58:19.319 [main] INFO  c.gettingstarted.MyAlgoLogic - [MYALGO] Algo Sees Book as: 
|----BID-----||----ASK----|
   160 @ 110     95 @ 97
   220 @ 120    150 @ 94
|------------||-----------|

22:58:19.319 [main] INFO  c.gettingstarted.MyAlgoLogic - [Sheza5] market monitor size is 0
22:58:19.319 [main] INFO  c.gettingstarted.MyAlgoLogic - [MYALGO] Initial quantity95 price 97
Current market monitor list is 
MYALGO- Current market monitor size is 0
22:58:19.319 [main] INFO  c.gettingstarted.TimedLogic - [TIMEDLOGIC] Market is open
22:58:19.319 [main] INFO  c.gettingstarted.MyAlgoLogic - [MYALGO] Have:36 children, want 5, done.
22:58:19.319 [main] INFO  c.gettingstarted.MyAlgoLogic - [MYALGO] active orders are 36
22:58:19.319 [main] INFO  c.gettingstarted.MyAlgoLogic - [MYALGO] Cancelling order:codingblackfemales.sotw.ChildOrder@212b5695
22:58:19.319 [main] INFO  c.gettingstarted.MyAlgoLogic - [MYALGO] option is present, number of active orders are 36
22:58:19.319 [main] INFO  c.container.Actioner - [ALGO] Actioner, sending action:CancelChildOrder(codingblackfemales.sotw.ChildOrder@212b5695)
22:58:19.319 [main] INFO  c.sequencer.consumer.LoggingConsumer - [116] [CancelOrder](sbeTemplateId=5|sbeSchemaId=2|sbeSchemaVersion=0|sbeBlockLength=8):orderId=41
22:58:19.319 [main] INFO  c.gettingstarted.MyAlgoLogic - [MYALGO] The state of the order book is:
|----BID-----||----ASK----|
   160 @ 110     95 @ 97
   220 @ 120    150 @ 94
|------------||-----------|

22:58:19.319 [main] INFO  c.gettingstarted.MyAlgoLogic - [MYALGO] Algo Sees Book as: 
|----BID-----||----ASK----|
   160 @ 110     95 @ 97
   220 @ 120    150 @ 94
|------------||-----------|

22:58:19.319 [main] INFO  c.gettingstarted.MyAlgoLogic - [Sheza5] market monitor size is 0
22:58:19.319 [main] INFO  c.gettingstarted.MyAlgoLogic - [MYALGO] Initial quantity95 price 97
Current market monitor list is 
MYALGO- Current market monitor size is 0
22:58:19.319 [main] INFO  c.gettingstarted.TimedLogic - [TIMEDLOGIC] Market is open
22:58:19.319 [main] INFO  c.gettingstarted.MyAlgoLogic - [MYALGO] Have:35 children, want 5, done.
22:58:19.319 [main] INFO  c.gettingstarted.MyAlgoLogic - [MYALGO] active orders are 35
22:58:19.319 [main] INFO  c.gettingstarted.MyAlgoLogic - [MYALGO] Cancelling order:codingblackfemales.sotw.ChildOrder@446293d
22:58:19.319 [main] INFO  c.gettingstarted.MyAlgoLogic - [MYALGO] option is present, number of active orders are 35
22:58:19.319 [main] INFO  c.container.Actioner - [ALGO] Actioner, sending action:CancelChildOrder(codingblackfemales.sotw.ChildOrder@446293d)
22:58:19.319 [main] INFO  c.sequencer.consumer.LoggingConsumer - [117] [CancelOrder](sbeTemplateId=5|sbeSchemaId=2|sbeSchemaVersion=0|sbeBlockLength=8):orderId=42
22:58:19.319 [main] INFO  c.gettingstarted.MyAlgoLogic - [MYALGO] The state of the order book is:
|----BID-----||----ASK----|
   160 @ 110     95 @ 97
   220 @ 120    150 @ 94
|------------||-----------|

22:58:19.319 [main] INFO  c.gettingstarted.MyAlgoLogic - [MYALGO] Algo Sees Book as: 
|----BID-----||----ASK----|
   160 @ 110     95 @ 97
   220 @ 120    150 @ 94
|------------||-----------|

22:58:19.319 [main] INFO  c.gettingstarted.MyAlgoLogic - [Sheza5] market monitor size is 0
22:58:19.319 [main] INFO  c.gettingstarted.MyAlgoLogic - [MYALGO] Initial quantity95 price 97
Current market monitor list is 
MYALGO- Current market monitor size is 0
22:58:19.319 [main] INFO  c.gettingstarted.TimedLogic - [TIMEDLOGIC] Market is open
22:58:19.319 [main] INFO  c.gettingstarted.MyAlgoLogic - [MYALGO] Have:34 children, want 5, done.
22:58:19.319 [main] INFO  c.gettingstarted.MyAlgoLogic - [MYALGO] active orders are 34
22:58:19.319 [main] INFO  c.gettingstarted.MyAlgoLogic - [MYALGO] Cancelling order:codingblackfemales.sotw.ChildOrder@69997e9d
22:58:19.319 [main] INFO  c.gettingstarted.MyAlgoLogic - [MYALGO] option is present, number of active orders are 34
22:58:19.319 [main] INFO  c.container.Actioner - [ALGO] Actioner, sending action:CancelChildOrder(codingblackfemales.sotw.ChildOrder@69997e9d)
22:58:19.319 [main] INFO  c.sequencer.consumer.LoggingConsumer - [118] [CancelOrder](sbeTemplateId=5|sbeSchemaId=2|sbeSchemaVersion=0|sbeBlockLength=8):orderId=43
22:58:19.319 [main] INFO  c.gettingstarted.MyAlgoLogic - [MYALGO] The state of the order book is:
|----BID-----||----ASK----|
   160 @ 110     95 @ 97
   220 @ 120    150 @ 94
|------------||-----------|

22:58:19.319 [main] INFO  c.gettingstarted.MyAlgoLogic - [MYALGO] Algo Sees Book as: 
|----BID-----||----ASK----|
   160 @ 110     95 @ 97
   220 @ 120    150 @ 94
|------------||-----------|

22:58:19.319 [main] INFO  c.gettingstarted.MyAlgoLogic - [Sheza5] market monitor size is 0
22:58:19.319 [main] INFO  c.gettingstarted.MyAlgoLogic - [MYALGO] Initial quantity95 price 97
Current market monitor list is 
MYALGO- Current market monitor size is 0
22:58:19.319 [main] INFO  c.gettingstarted.TimedLogic - [TIMEDLOGIC] Market is open
22:58:19.319 [main] INFO  c.gettingstarted.MyAlgoLogic - [MYALGO] Have:33 children, want 5, done.
22:58:19.319 [main] INFO  c.gettingstarted.MyAlgoLogic - [MYALGO] active orders are 33
22:58:19.319 [main] INFO  c.gettingstarted.MyAlgoLogic - [MYALGO] Cancelling order:codingblackfemales.sotw.ChildOrder@793be5ca
22:58:19.319 [main] INFO  c.gettingstarted.MyAlgoLogic - [MYALGO] option is present, number of active orders are 33
22:58:19.319 [main] INFO  c.container.Actioner - [ALGO] Actioner, sending action:CancelChildOrder(codingblackfemales.sotw.ChildOrder@793be5ca)
22:58:19.319 [main] INFO  c.sequencer.consumer.LoggingConsumer - [119] [CancelOrder](sbeTemplateId=5|sbeSchemaId=2|sbeSchemaVersion=0|sbeBlockLength=8):orderId=44
22:58:19.319 [main] INFO  c.gettingstarted.MyAlgoLogic - [MYALGO] The state of the order book is:
|----BID-----||----ASK----|
   160 @ 110     95 @ 97
   220 @ 120    150 @ 94
|------------||-----------|

22:58:19.319 [main] INFO  c.gettingstarted.MyAlgoLogic - [MYALGO] Algo Sees Book as: 
|----BID-----||----ASK----|
   160 @ 110     95 @ 97
   220 @ 120    150 @ 94
|------------||-----------|

22:58:19.319 [main] INFO  c.gettingstarted.MyAlgoLogic - [Sheza5] market monitor size is 0
22:58:19.319 [main] INFO  c.gettingstarted.MyAlgoLogic - [MYALGO] Initial quantity95 price 97
Current market monitor list is 
MYALGO- Current market monitor size is 0
22:58:19.319 [main] INFO  c.gettingstarted.TimedLogic - [TIMEDLOGIC] Market is open
22:58:19.319 [main] INFO  c.gettingstarted.MyAlgoLogic - [MYALGO] Have:32 children, want 5, done.
22:58:19.319 [main] INFO  c.gettingstarted.MyAlgoLogic - [MYALGO] active orders are 32
22:58:19.319 [main] INFO  c.gettingstarted.MyAlgoLogic - [MYALGO] Cancelling order:codingblackfemales.sotw.ChildOrder@2df9b86
22:58:19.319 [main] INFO  c.gettingstarted.MyAlgoLogic - [MYALGO] option is present, number of active orders are 32
22:58:19.319 [main] INFO  c.container.Actioner - [ALGO] Actioner, sending action:CancelChildOrder(codingblackfemales.sotw.ChildOrder@2df9b86)
22:58:19.319 [main] INFO  c.sequencer.consumer.LoggingConsumer - [120] [CancelOrder](sbeTemplateId=5|sbeSchemaId=2|sbeSchemaVersion=0|sbeBlockLength=8):orderId=45
22:58:19.319 [main] INFO  c.gettingstarted.MyAlgoLogic - [MYALGO] The state of the order book is:
|----BID-----||----ASK----|
   160 @ 110     95 @ 97
   220 @ 120    150 @ 94
|------------||-----------|

22:58:19.319 [main] INFO  c.gettingstarted.MyAlgoLogic - [MYALGO] Algo Sees Book as: 
|----BID-----||----ASK----|
   160 @ 110     95 @ 97
   220 @ 120    150 @ 94
|------------||-----------|

22:58:19.319 [main] INFO  c.gettingstarted.MyAlgoLogic - [Sheza5] market monitor size is 0
22:58:19.319 [main] INFO  c.gettingstarted.MyAlgoLogic - [MYALGO] Initial quantity95 price 97
Current market monitor list is 
MYALGO- Current market monitor size is 0
22:58:19.319 [main] INFO  c.gettingstarted.TimedLogic - [TIMEDLOGIC] Market is open
22:58:19.319 [main] INFO  c.gettingstarted.MyAlgoLogic - [MYALGO] Have:31 children, want 5, done.
22:58:19.319 [main] INFO  c.gettingstarted.MyAlgoLogic - [MYALGO] active orders are 31
22:58:19.319 [main] INFO  c.gettingstarted.MyAlgoLogic - [MYALGO] Cancelling order:codingblackfemales.sotw.ChildOrder@37654521
22:58:19.319 [main] INFO  c.gettingstarted.MyAlgoLogic - [MYALGO] option is present, number of active orders are 31
22:58:19.319 [main] INFO  c.container.Actioner - [ALGO] Actioner, sending action:CancelChildOrder(codingblackfemales.sotw.ChildOrder@37654521)
22:58:19.319 [main] INFO  c.sequencer.consumer.LoggingConsumer - [121] [CancelOrder](sbeTemplateId=5|sbeSchemaId=2|sbeSchemaVersion=0|sbeBlockLength=8):orderId=46
22:58:19.319 [main] INFO  c.gettingstarted.MyAlgoLogic - [MYALGO] The state of the order book is:
|----BID-----||----ASK----|
   160 @ 110     95 @ 97
   220 @ 120    150 @ 94
|------------||-----------|

22:58:19.319 [main] INFO  c.gettingstarted.MyAlgoLogic - [MYALGO] Algo Sees Book as: 
|----BID-----||----ASK----|
   160 @ 110     95 @ 97
   220 @ 120    150 @ 94
|------------||-----------|

22:58:19.319 [main] INFO  c.gettingstarted.MyAlgoLogic - [Sheza5] market monitor size is 0
22:58:19.319 [main] INFO  c.gettingstarted.MyAlgoLogic - [MYALGO] Initial quantity95 price 97
Current market monitor list is 
MYALGO- Current market monitor size is 0
22:58:19.319 [main] INFO  c.gettingstarted.TimedLogic - [TIMEDLOGIC] Market is open
22:58:19.319 [main] INFO  c.gettingstarted.MyAlgoLogic - [MYALGO] Have:30 children, want 5, done.
22:58:19.319 [main] INFO  c.gettingstarted.MyAlgoLogic - [MYALGO] active orders are 30
22:58:19.319 [main] INFO  c.gettingstarted.MyAlgoLogic - [MYALGO] Cancelling order:codingblackfemales.sotw.ChildOrder@15aab8c6
22:58:19.319 [main] INFO  c.gettingstarted.MyAlgoLogic - [MYALGO] option is present, number of active orders are 30
22:58:19.319 [main] INFO  c.container.Actioner - [ALGO] Actioner, sending action:CancelChildOrder(codingblackfemales.sotw.ChildOrder@15aab8c6)
22:58:19.319 [main] INFO  c.sequencer.consumer.LoggingConsumer - [122] [CancelOrder](sbeTemplateId=5|sbeSchemaId=2|sbeSchemaVersion=0|sbeBlockLength=8):orderId=47
22:58:19.319 [main] INFO  c.gettingstarted.MyAlgoLogic - [MYALGO] The state of the order book is:
|----BID-----||----ASK----|
   160 @ 110     95 @ 97
   220 @ 120    150 @ 94
|------------||-----------|

22:58:19.319 [main] INFO  c.gettingstarted.MyAlgoLogic - [MYALGO] Algo Sees Book as: 
|----BID-----||----ASK----|
   160 @ 110     95 @ 97
   220 @ 120    150 @ 94
|------------||-----------|

22:58:19.319 [main] INFO  c.gettingstarted.MyAlgoLogic - [Sheza5] market monitor size is 0
22:58:19.319 [main] INFO  c.gettingstarted.MyAlgoLogic - [MYALGO] Initial quantity95 price 97
Current market monitor list is 
MYALGO- Current market monitor size is 0
22:58:19.319 [main] INFO  c.gettingstarted.TimedLogic - [TIMEDLOGIC] Market is open
22:58:19.319 [main] INFO  c.gettingstarted.MyAlgoLogic - [MYALGO] Have:29 children, want 5, done.
22:58:19.319 [main] INFO  c.gettingstarted.MyAlgoLogic - [MYALGO] active orders are 29
22:58:19.319 [main] INFO  c.gettingstarted.MyAlgoLogic - [MYALGO] Cancelling order:codingblackfemales.sotw.ChildOrder@33990a0c
22:58:19.319 [main] INFO  c.gettingstarted.MyAlgoLogic - [MYALGO] option is present, number of active orders are 29
22:58:19.319 [main] INFO  c.container.Actioner - [ALGO] Actioner, sending action:CancelChildOrder(codingblackfemales.sotw.ChildOrder@33990a0c)
22:58:19.319 [main] INFO  c.sequencer.consumer.LoggingConsumer - [123] [CancelOrder](sbeTemplateId=5|sbeSchemaId=2|sbeSchemaVersion=0|sbeBlockLength=8):orderId=48
22:58:19.319 [main] INFO  c.gettingstarted.MyAlgoLogic - [MYALGO] The state of the order book is:
|----BID-----||----ASK----|
   160 @ 110     95 @ 97
   220 @ 120    150 @ 94
|------------||-----------|

22:58:19.319 [main] INFO  c.gettingstarted.MyAlgoLogic - [MYALGO] Algo Sees Book as: 
|----BID-----||----ASK----|
   160 @ 110     95 @ 97
   220 @ 120    150 @ 94
|------------||-----------|

22:58:19.319 [main] INFO  c.gettingstarted.MyAlgoLogic - [Sheza5] market monitor size is 0
22:58:19.319 [main] INFO  c.gettingstarted.MyAlgoLogic - [MYALGO] Initial quantity95 price 97
Current market monitor list is 
MYALGO- Current market monitor size is 0
22:58:19.319 [main] INFO  c.gettingstarted.TimedLogic - [TIMEDLOGIC] Market is open
22:58:19.319 [main] INFO  c.gettingstarted.MyAlgoLogic - [MYALGO] Have:28 children, want 5, done.
22:58:19.319 [main] INFO  c.gettingstarted.MyAlgoLogic - [MYALGO] active orders are 28
22:58:19.319 [main] INFO  c.gettingstarted.MyAlgoLogic - [MYALGO] Cancelling order:codingblackfemales.sotw.ChildOrder@4de4b452
22:58:19.319 [main] INFO  c.gettingstarted.MyAlgoLogic - [MYALGO] option is present, number of active orders are 28
22:58:19.319 [main] INFO  c.container.Actioner - [ALGO] Actioner, sending action:CancelChildOrder(codingblackfemales.sotw.ChildOrder@4de4b452)
22:58:19.319 [main] INFO  c.sequencer.consumer.LoggingConsumer - [124] [CancelOrder](sbeTemplateId=5|sbeSchemaId=2|sbeSchemaVersion=0|sbeBlockLength=8):orderId=49
22:58:19.319 [main] INFO  c.gettingstarted.MyAlgoLogic - [MYALGO] The state of the order book is:
|----BID-----||----ASK----|
   160 @ 110     95 @ 97
   220 @ 120    150 @ 94
|------------||-----------|

22:58:19.319 [main] INFO  c.gettingstarted.MyAlgoLogic - [MYALGO] Algo Sees Book as: 
|----BID-----||----ASK----|
   160 @ 110     95 @ 97
   220 @ 120    150 @ 94
|------------||-----------|

22:58:19.319 [main] INFO  c.gettingstarted.MyAlgoLogic - [Sheza5] market monitor size is 0
22:58:19.319 [main] INFO  c.gettingstarted.MyAlgoLogic - [MYALGO] Initial quantity95 price 97
Current market monitor list is 
MYALGO- Current market monitor size is 0
22:58:19.319 [main] INFO  c.gettingstarted.TimedLogic - [TIMEDLOGIC] Market is open
22:58:19.319 [main] INFO  c.gettingstarted.MyAlgoLogic - [MYALGO] Have:27 children, want 5, done.
22:58:19.319 [main] INFO  c.gettingstarted.MyAlgoLogic - [MYALGO] active orders are 27
22:58:19.319 [main] INFO  c.gettingstarted.MyAlgoLogic - [MYALGO] Cancelling order:codingblackfemales.sotw.ChildOrder@50b5ac82
22:58:19.319 [main] INFO  c.gettingstarted.MyAlgoLogic - [MYALGO] option is present, number of active orders are 27
22:58:19.319 [main] INFO  c.container.Actioner - [ALGO] Actioner, sending action:CancelChildOrder(codingblackfemales.sotw.ChildOrder@50b5ac82)
22:58:19.319 [main] INFO  c.sequencer.consumer.LoggingConsumer - [125] [CancelOrder](sbeTemplateId=5|sbeSchemaId=2|sbeSchemaVersion=0|sbeBlockLength=8):orderId=50
22:58:19.319 [main] INFO  c.gettingstarted.MyAlgoLogic - [MYALGO] The state of the order book is:
|----BID-----||----ASK----|
   160 @ 110     95 @ 97
   220 @ 120    150 @ 94
|------------||-----------|

22:58:19.319 [main] INFO  c.gettingstarted.MyAlgoLogic - [MYALGO] Algo Sees Book as: 
|----BID-----||----ASK----|
   160 @ 110     95 @ 97
   220 @ 120    150 @ 94
|------------||-----------|

22:58:19.319 [main] INFO  c.gettingstarted.MyAlgoLogic - [Sheza5] market monitor size is 0
22:58:19.319 [main] INFO  c.gettingstarted.MyAlgoLogic - [MYALGO] Initial quantity95 price 97
Current market monitor list is 
MYALGO- Current market monitor size is 0
22:58:19.319 [main] INFO  c.gettingstarted.TimedLogic - [TIMEDLOGIC] Market is open
22:58:19.319 [main] INFO  c.gettingstarted.MyAlgoLogic - [MYALGO] Have:26 children, want 5, done.
22:58:19.319 [main] INFO  c.gettingstarted.MyAlgoLogic - [MYALGO] active orders are 26
22:58:19.319 [main] INFO  c.gettingstarted.MyAlgoLogic - [MYALGO] Cancelling order:codingblackfemales.sotw.ChildOrder@101952da
22:58:19.319 [main] INFO  c.gettingstarted.MyAlgoLogic - [MYALGO] option is present, number of active orders are 26
22:58:19.319 [main] INFO  c.container.Actioner - [ALGO] Actioner, sending action:CancelChildOrder(codingblackfemales.sotw.ChildOrder@101952da)
22:58:19.319 [main] INFO  c.sequencer.consumer.LoggingConsumer - [126] [CancelOrder](sbeTemplateId=5|sbeSchemaId=2|sbeSchemaVersion=0|sbeBlockLength=8):orderId=51
22:58:19.319 [main] INFO  c.gettingstarted.MyAlgoLogic - [MYALGO] The state of the order book is:
|----BID-----||----ASK----|
   160 @ 110     95 @ 97
   220 @ 120    150 @ 94
|------------||-----------|

22:58:19.319 [main] INFO  c.gettingstarted.MyAlgoLogic - [MYALGO] Algo Sees Book as: 
|----BID-----||----ASK----|
   160 @ 110     95 @ 97
   220 @ 120    150 @ 94
|------------||-----------|

22:58:19.319 [main] INFO  c.gettingstarted.MyAlgoLogic - [Sheza5] market monitor size is 0
22:58:19.319 [main] INFO  c.gettingstarted.MyAlgoLogic - [MYALGO] Initial quantity95 price 97
Current market monitor list is 
MYALGO- Current market monitor size is 0
22:58:19.319 [main] INFO  c.gettingstarted.TimedLogic - [TIMEDLOGIC] Market is open
22:58:19.319 [main] INFO  c.gettingstarted.MyAlgoLogic - [MYALGO] Have:25 children, want 5, done.
22:58:19.319 [main] INFO  c.gettingstarted.MyAlgoLogic - [MYALGO] active orders are 25
22:58:19.319 [main] INFO  c.gettingstarted.MyAlgoLogic - [MYALGO] Cancelling order:codingblackfemales.sotw.ChildOrder@6babf3bf
22:58:19.319 [main] INFO  c.gettingstarted.MyAlgoLogic - [MYALGO] option is present, number of active orders are 25
22:58:19.319 [main] INFO  c.container.Actioner - [ALGO] Actioner, sending action:CancelChildOrder(codingblackfemales.sotw.ChildOrder@6babf3bf)
22:58:19.319 [main] INFO  c.sequencer.consumer.LoggingConsumer - [127] [CancelOrder](sbeTemplateId=5|sbeSchemaId=2|sbeSchemaVersion=0|sbeBlockLength=8):orderId=52
22:58:19.319 [main] INFO  c.gettingstarted.MyAlgoLogic - [MYALGO] The state of the order book is:
|----BID-----||----ASK----|
   160 @ 110     95 @ 97
   220 @ 120    150 @ 94
|------------||-----------|

22:58:19.319 [main] INFO  c.gettingstarted.MyAlgoLogic - [MYALGO] Algo Sees Book as: 
|----BID-----||----ASK----|
   160 @ 110     95 @ 97
   220 @ 120    150 @ 94
|------------||-----------|

22:58:19.319 [main] INFO  c.gettingstarted.MyAlgoLogic - [Sheza5] market monitor size is 0
22:58:19.319 [main] INFO  c.gettingstarted.MyAlgoLogic - [MYALGO] Initial quantity95 price 97
Current market monitor list is 
MYALGO- Current market monitor size is 0
22:58:19.319 [main] INFO  c.gettingstarted.TimedLogic - [TIMEDLOGIC] Market is open
22:58:19.319 [main] INFO  c.gettingstarted.MyAlgoLogic - [MYALGO] Have:24 children, want 5, done.
22:58:19.319 [main] INFO  c.gettingstarted.MyAlgoLogic - [MYALGO] active orders are 24
22:58:19.319 [main] INFO  c.gettingstarted.MyAlgoLogic - [MYALGO] Cancelling order:codingblackfemales.sotw.ChildOrder@3059cbc
22:58:19.319 [main] INFO  c.gettingstarted.MyAlgoLogic - [MYALGO] option is present, number of active orders are 24
22:58:19.319 [main] INFO  c.container.Actioner - [ALGO] Actioner, sending action:CancelChildOrder(codingblackfemales.sotw.ChildOrder@3059cbc)
22:58:19.319 [main] INFO  c.sequencer.consumer.LoggingConsumer - [128] [CancelOrder](sbeTemplateId=5|sbeSchemaId=2|sbeSchemaVersion=0|sbeBlockLength=8):orderId=53
22:58:19.319 [main] INFO  c.gettingstarted.MyAlgoLogic - [MYALGO] The state of the order book is:
|----BID-----||----ASK----|
   160 @ 110     95 @ 97
   220 @ 120    150 @ 94
|------------||-----------|

22:58:19.319 [main] INFO  c.gettingstarted.MyAlgoLogic - [MYALGO] Algo Sees Book as: 
|----BID-----||----ASK----|
   160 @ 110     95 @ 97
   220 @ 120    150 @ 94
|------------||-----------|

22:58:19.319 [main] INFO  c.gettingstarted.MyAlgoLogic - [Sheza5] market monitor size is 0
22:58:19.319 [main] INFO  c.gettingstarted.MyAlgoLogic - [MYALGO] Initial quantity95 price 97
Current market monitor list is 
MYALGO- Current market monitor size is 0
22:58:19.319 [main] INFO  c.gettingstarted.TimedLogic - [TIMEDLOGIC] Market is open
22:58:19.319 [main] INFO  c.gettingstarted.MyAlgoLogic - [MYALGO] Have:23 children, want 5, done.
22:58:19.319 [main] INFO  c.gettingstarted.MyAlgoLogic - [MYALGO] active orders are 23
22:58:19.319 [main] INFO  c.gettingstarted.MyAlgoLogic - [MYALGO] Cancelling order:codingblackfemales.sotw.ChildOrder@7ea9e1e2
22:58:19.319 [main] INFO  c.gettingstarted.MyAlgoLogic - [MYALGO] option is present, number of active orders are 23
22:58:19.319 [main] INFO  c.container.Actioner - [ALGO] Actioner, sending action:CancelChildOrder(codingblackfemales.sotw.ChildOrder@7ea9e1e2)
22:58:19.319 [main] INFO  c.sequencer.consumer.LoggingConsumer - [129] [CancelOrder](sbeTemplateId=5|sbeSchemaId=2|sbeSchemaVersion=0|sbeBlockLength=8):orderId=54
22:58:19.319 [main] INFO  c.gettingstarted.MyAlgoLogic - [MYALGO] The state of the order book is:
|----BID-----||----ASK----|
   160 @ 110     95 @ 97
   220 @ 120    150 @ 94
|------------||-----------|

22:58:19.319 [main] INFO  c.gettingstarted.MyAlgoLogic - [MYALGO] Algo Sees Book as: 
|----BID-----||----ASK----|
   160 @ 110     95 @ 97
   220 @ 120    150 @ 94
|------------||-----------|

22:58:19.319 [main] INFO  c.gettingstarted.MyAlgoLogic - [Sheza5] market monitor size is 0
22:58:19.319 [main] INFO  c.gettingstarted.MyAlgoLogic - [MYALGO] Initial quantity95 price 97
Current market monitor list is 
MYALGO- Current market monitor size is 0
22:58:19.319 [main] INFO  c.gettingstarted.TimedLogic - [TIMEDLOGIC] Market is open
22:58:19.319 [main] INFO  c.gettingstarted.MyAlgoLogic - [MYALGO] Have:22 children, want 5, done.
22:58:19.319 [main] INFO  c.gettingstarted.MyAlgoLogic - [MYALGO] active orders are 22
22:58:19.319 [main] INFO  c.gettingstarted.MyAlgoLogic - [MYALGO] Cancelling order:codingblackfemales.sotw.ChildOrder@24fcf36f
22:58:19.319 [main] INFO  c.gettingstarted.MyAlgoLogic - [MYALGO] option is present, number of active orders are 22
22:58:19.319 [main] INFO  c.container.Actioner - [ALGO] Actioner, sending action:CancelChildOrder(codingblackfemales.sotw.ChildOrder@24fcf36f)
22:58:19.319 [main] INFO  c.sequencer.consumer.LoggingConsumer - [130] [CancelOrder](sbeTemplateId=5|sbeSchemaId=2|sbeSchemaVersion=0|sbeBlockLength=8):orderId=55
22:58:19.319 [main] INFO  c.gettingstarted.MyAlgoLogic - [MYALGO] The state of the order book is:
|----BID-----||----ASK----|
   160 @ 110     95 @ 97
   220 @ 120    150 @ 94
|------------||-----------|

22:58:19.319 [main] INFO  c.gettingstarted.MyAlgoLogic - [MYALGO] Algo Sees Book as: 
|----BID-----||----ASK----|
   160 @ 110     95 @ 97
   220 @ 120    150 @ 94
|------------||-----------|

22:58:19.319 [main] INFO  c.gettingstarted.MyAlgoLogic - [Sheza5] market monitor size is 0
22:58:19.319 [main] INFO  c.gettingstarted.MyAlgoLogic - [MYALGO] Initial quantity95 price 97
Current market monitor list is 
MYALGO- Current market monitor size is 0
22:58:19.319 [main] INFO  c.gettingstarted.TimedLogic - [TIMEDLOGIC] Market is open
22:58:19.319 [main] INFO  c.gettingstarted.MyAlgoLogic - [MYALGO] Have:21 children, want 5, done.
22:58:19.319 [main] INFO  c.gettingstarted.MyAlgoLogic - [MYALGO] active orders are 21
22:58:19.319 [main] INFO  c.gettingstarted.MyAlgoLogic - [MYALGO] Cancelling order:codingblackfemales.sotw.ChildOrder@10feca44
22:58:19.319 [main] INFO  c.gettingstarted.MyAlgoLogic - [MYALGO] option is present, number of active orders are 21
22:58:19.319 [main] INFO  c.container.Actioner - [ALGO] Actioner, sending action:CancelChildOrder(codingblackfemales.sotw.ChildOrder@10feca44)
22:58:19.319 [main] INFO  c.sequencer.consumer.LoggingConsumer - [131] [CancelOrder](sbeTemplateId=5|sbeSchemaId=2|sbeSchemaVersion=0|sbeBlockLength=8):orderId=56
22:58:19.319 [pool-143-thread-1] INFO  c.gettingstarted.TimedLogic - [TIMEDLOGIC] data harvesting
Current market monitor list is 
yolo Price: 97, Quantity: 95Current time: 22:58:19.165035700
22:58:19.319 [pool-143-thread-1] INFO  c.gettingstarted.TimedLogic - [Sheza2] market monitor size is 1
Current market monitor size is 1
22:58:19.319 [pool-143-thread-1] INFO  c.gettingstarted.TimedLogic - [Sheza3] market monitor size is 1
22:58:19.319 [main] INFO  c.gettingstarted.MyAlgoLogic - [MYALGO] The state of the order book is:
|----BID-----||----ASK----|
   160 @ 110     95 @ 97
   220 @ 120    150 @ 94
|------------||-----------|

22:58:19.319 [main] INFO  c.gettingstarted.MyAlgoLogic - [MYALGO] Algo Sees Book as: 
|----BID-----||----ASK----|
   160 @ 110     95 @ 97
   220 @ 120    150 @ 94
|------------||-----------|

22:58:19.319 [main] INFO  c.gettingstarted.MyAlgoLogic - [Sheza5] market monitor size is 0
22:58:19.319 [main] INFO  c.gettingstarted.MyAlgoLogic - [MYALGO] Initial quantity95 price 97
Current market monitor list is 
MYALGO- Current market monitor size is 0
22:58:19.319 [main] INFO  c.gettingstarted.TimedLogic - [TIMEDLOGIC] Market is open
22:58:19.319 [main] INFO  c.gettingstarted.MyAlgoLogic - [MYALGO] Have:20 children, want 5, done.
22:58:19.319 [main] INFO  c.gettingstarted.MyAlgoLogic - [MYALGO] active orders are 20
22:58:19.319 [main] INFO  c.gettingstarted.MyAlgoLogic - [MYALGO] Cancelling order:codingblackfemales.sotw.ChildOrder@3fb1549b
22:58:19.319 [main] INFO  c.gettingstarted.MyAlgoLogic - [MYALGO] option is present, number of active orders are 20
22:58:19.319 [main] INFO  c.container.Actioner - [ALGO] Actioner, sending action:CancelChildOrder(codingblackfemales.sotw.ChildOrder@3fb1549b)
22:58:19.319 [main] INFO  c.sequencer.consumer.LoggingConsumer - [132] [CancelOrder](sbeTemplateId=5|sbeSchemaId=2|sbeSchemaVersion=0|sbeBlockLength=8):orderId=57
22:58:19.319 [main] INFO  c.gettingstarted.MyAlgoLogic - [MYALGO] The state of the order book is:
|----BID-----||----ASK----|
   160 @ 110     95 @ 97
   220 @ 120    150 @ 94
|------------||-----------|

22:58:19.319 [main] INFO  c.gettingstarted.MyAlgoLogic - [MYALGO] Algo Sees Book as: 
|----BID-----||----ASK----|
   160 @ 110     95 @ 97
   220 @ 120    150 @ 94
|------------||-----------|

22:58:19.319 [main] INFO  c.gettingstarted.MyAlgoLogic - [Sheza5] market monitor size is 0
22:58:19.319 [main] INFO  c.gettingstarted.MyAlgoLogic - [MYALGO] Initial quantity95 price 97
Current market monitor list is 
MYALGO- Current market monitor size is 0
22:58:19.319 [main] INFO  c.gettingstarted.TimedLogic - [TIMEDLOGIC] Market is open
22:58:19.319 [main] INFO  c.gettingstarted.MyAlgoLogic - [MYALGO] Have:19 children, want 5, done.
22:58:19.319 [main] INFO  c.gettingstarted.MyAlgoLogic - [MYALGO] active orders are 19
22:58:19.319 [main] INFO  c.gettingstarted.MyAlgoLogic - [MYALGO] Cancelling order:codingblackfemales.sotw.ChildOrder@ea6147e
22:58:19.319 [main] INFO  c.gettingstarted.MyAlgoLogic - [MYALGO] option is present, number of active orders are 19
22:58:19.319 [main] INFO  c.container.Actioner - [ALGO] Actioner, sending action:CancelChildOrder(codingblackfemales.sotw.ChildOrder@ea6147e)
22:58:19.319 [main] INFO  c.sequencer.consumer.LoggingConsumer - [133] [CancelOrder](sbeTemplateId=5|sbeSchemaId=2|sbeSchemaVersion=0|sbeBlockLength=8):orderId=58
22:58:19.319 [main] INFO  c.gettingstarted.MyAlgoLogic - [MYALGO] The state of the order book is:
|----BID-----||----ASK----|
   160 @ 110     95 @ 97
   220 @ 120    150 @ 94
|------------||-----------|

22:58:19.319 [main] INFO  c.gettingstarted.MyAlgoLogic - [MYALGO] Algo Sees Book as: 
|----BID-----||----ASK----|
   160 @ 110     95 @ 97
   220 @ 120    150 @ 94
|------------||-----------|

22:58:19.319 [main] INFO  c.gettingstarted.MyAlgoLogic - [Sheza5] market monitor size is 0
22:58:19.319 [main] INFO  c.gettingstarted.MyAlgoLogic - [MYALGO] Initial quantity95 price 97
Current market monitor list is 
MYALGO- Current market monitor size is 0
22:58:19.319 [main] INFO  c.gettingstarted.TimedLogic - [TIMEDLOGIC] Market is open
22:58:19.319 [main] INFO  c.gettingstarted.MyAlgoLogic - [MYALGO] Have:18 children, want 5, done.
22:58:19.319 [main] INFO  c.gettingstarted.MyAlgoLogic - [MYALGO] active orders are 18
22:58:19.319 [main] INFO  c.gettingstarted.MyAlgoLogic - [MYALGO] Cancelling order:codingblackfemales.sotw.ChildOrder@4d02f94e
22:58:19.319 [main] INFO  c.gettingstarted.MyAlgoLogic - [MYALGO] option is present, number of active orders are 18
22:58:19.319 [main] INFO  c.container.Actioner - [ALGO] Actioner, sending action:CancelChildOrder(codingblackfemales.sotw.ChildOrder@4d02f94e)
22:58:19.319 [main] INFO  c.sequencer.consumer.LoggingConsumer - [134] [CancelOrder](sbeTemplateId=5|sbeSchemaId=2|sbeSchemaVersion=0|sbeBlockLength=8):orderId=59
22:58:19.319 [main] INFO  c.gettingstarted.MyAlgoLogic - [MYALGO] The state of the order book is:
|----BID-----||----ASK----|
   160 @ 110     95 @ 97
   220 @ 120    150 @ 94
|------------||-----------|

22:58:19.319 [main] INFO  c.gettingstarted.MyAlgoLogic - [MYALGO] Algo Sees Book as: 
|----BID-----||----ASK----|
   160 @ 110     95 @ 97
   220 @ 120    150 @ 94
|------------||-----------|

22:58:19.319 [main] INFO  c.gettingstarted.MyAlgoLogic - [Sheza5] market monitor size is 0
22:58:19.319 [main] INFO  c.gettingstarted.MyAlgoLogic - [MYALGO] Initial quantity95 price 97
Current market monitor list is 
MYALGO- Current market monitor size is 0
22:58:19.319 [main] INFO  c.gettingstarted.TimedLogic - [TIMEDLOGIC] Market is open
22:58:19.319 [main] INFO  c.gettingstarted.MyAlgoLogic - [MYALGO] Have:17 children, want 5, done.
22:58:19.319 [main] INFO  c.gettingstarted.MyAlgoLogic - [MYALGO] active orders are 17
22:58:19.319 [main] INFO  c.gettingstarted.MyAlgoLogic - [MYALGO] Cancelling order:codingblackfemales.sotw.ChildOrder@2b48a640
22:58:19.319 [main] INFO  c.gettingstarted.MyAlgoLogic - [MYALGO] option is present, number of active orders are 17
22:58:19.319 [main] INFO  c.container.Actioner - [ALGO] Actioner, sending action:CancelChildOrder(codingblackfemales.sotw.ChildOrder@2b48a640)
22:58:19.319 [main] INFO  c.sequencer.consumer.LoggingConsumer - [135] [CancelOrder](sbeTemplateId=5|sbeSchemaId=2|sbeSchemaVersion=0|sbeBlockLength=8):orderId=60
22:58:19.319 [main] INFO  c.gettingstarted.MyAlgoLogic - [MYALGO] The state of the order book is:
|----BID-----||----ASK----|
   160 @ 110     95 @ 97
   220 @ 120    150 @ 94
|------------||-----------|

22:58:19.319 [main] INFO  c.gettingstarted.MyAlgoLogic - [MYALGO] Algo Sees Book as: 
|----BID-----||----ASK----|
   160 @ 110     95 @ 97
   220 @ 120    150 @ 94
|------------||-----------|

22:58:19.319 [main] INFO  c.gettingstarted.MyAlgoLogic - [Sheza5] market monitor size is 0
22:58:19.319 [main] INFO  c.gettingstarted.MyAlgoLogic - [MYALGO] Initial quantity95 price 97
Current market monitor list is 
MYALGO- Current market monitor size is 0
22:58:19.319 [main] INFO  c.gettingstarted.TimedLogic - [TIMEDLOGIC] Market is open
22:58:19.319 [main] INFO  c.gettingstarted.MyAlgoLogic - [MYALGO] Have:16 children, want 5, done.
22:58:19.319 [main] INFO  c.gettingstarted.MyAlgoLogic - [MYALGO] active orders are 16
22:58:19.319 [main] INFO  c.gettingstarted.MyAlgoLogic - [MYALGO] Cancelling order:codingblackfemales.sotw.ChildOrder@1e683a3e
22:58:19.319 [main] INFO  c.gettingstarted.MyAlgoLogic - [MYALGO] option is present, number of active orders are 16
22:58:19.319 [main] INFO  c.container.Actioner - [ALGO] Actioner, sending action:CancelChildOrder(codingblackfemales.sotw.ChildOrder@1e683a3e)
22:58:19.319 [main] INFO  c.sequencer.consumer.LoggingConsumer - [136] [CancelOrder](sbeTemplateId=5|sbeSchemaId=2|sbeSchemaVersion=0|sbeBlockLength=8):orderId=61
22:58:19.319 [main] INFO  c.gettingstarted.MyAlgoLogic - [MYALGO] The state of the order book is:
|----BID-----||----ASK----|
   160 @ 110     95 @ 97
   220 @ 120    150 @ 94
|------------||-----------|

22:58:19.319 [main] INFO  c.gettingstarted.MyAlgoLogic - [MYALGO] Algo Sees Book as: 
|----BID-----||----ASK----|
   160 @ 110     95 @ 97
   220 @ 120    150 @ 94
|------------||-----------|

22:58:19.319 [main] INFO  c.gettingstarted.MyAlgoLogic - [Sheza5] market monitor size is 0
22:58:19.319 [main] INFO  c.gettingstarted.MyAlgoLogic - [MYALGO] Initial quantity95 price 97
Current market monitor list is 
MYALGO- Current market monitor size is 0
22:58:19.319 [main] INFO  c.gettingstarted.TimedLogic - [TIMEDLOGIC] Market is open
22:58:19.319 [main] INFO  c.gettingstarted.MyAlgoLogic - [MYALGO] Have:15 children, want 5, done.
22:58:19.319 [main] INFO  c.gettingstarted.MyAlgoLogic - [MYALGO] active orders are 15
22:58:19.319 [main] INFO  c.gettingstarted.MyAlgoLogic - [MYALGO] Cancelling order:codingblackfemales.sotw.ChildOrder@2053d869
22:58:19.319 [main] INFO  c.gettingstarted.MyAlgoLogic - [MYALGO] option is present, number of active orders are 15
22:58:19.319 [main] INFO  c.container.Actioner - [ALGO] Actioner, sending action:CancelChildOrder(codingblackfemales.sotw.ChildOrder@2053d869)
22:58:19.319 [main] INFO  c.sequencer.consumer.LoggingConsumer - [137] [CancelOrder](sbeTemplateId=5|sbeSchemaId=2|sbeSchemaVersion=0|sbeBlockLength=8):orderId=62
22:58:19.319 [main] INFO  c.gettingstarted.MyAlgoLogic - [MYALGO] The state of the order book is:
|----BID-----||----ASK----|
   160 @ 110     95 @ 97
   220 @ 120    150 @ 94
|------------||-----------|

22:58:19.319 [main] INFO  c.gettingstarted.MyAlgoLogic - [MYALGO] Algo Sees Book as: 
|----BID-----||----ASK----|
   160 @ 110     95 @ 97
   220 @ 120    150 @ 94
|------------||-----------|

22:58:19.319 [main] INFO  c.gettingstarted.MyAlgoLogic - [Sheza5] market monitor size is 0
22:58:19.319 [main] INFO  c.gettingstarted.MyAlgoLogic - [MYALGO] Initial quantity95 price 97
Current market monitor list is 
MYALGO- Current market monitor size is 0
22:58:19.319 [main] INFO  c.gettingstarted.TimedLogic - [TIMEDLOGIC] Market is open
22:58:19.319 [main] INFO  c.gettingstarted.MyAlgoLogic - [MYALGO] Have:14 children, want 5, done.
22:58:19.319 [main] INFO  c.gettingstarted.MyAlgoLogic - [MYALGO] active orders are 14
22:58:19.319 [main] INFO  c.gettingstarted.MyAlgoLogic - [MYALGO] Cancelling order:codingblackfemales.sotw.ChildOrder@7a419da4
22:58:19.319 [main] INFO  c.gettingstarted.MyAlgoLogic - [MYALGO] option is present, number of active orders are 14
22:58:19.319 [main] INFO  c.container.Actioner - [ALGO] Actioner, sending action:CancelChildOrder(codingblackfemales.sotw.ChildOrder@7a419da4)
22:58:19.319 [main] INFO  c.sequencer.consumer.LoggingConsumer - [138] [CancelOrder](sbeTemplateId=5|sbeSchemaId=2|sbeSchemaVersion=0|sbeBlockLength=8):orderId=63
22:58:19.319 [main] INFO  c.gettingstarted.MyAlgoLogic - [MYALGO] The state of the order book is:
|----BID-----||----ASK----|
   160 @ 110     95 @ 97
   220 @ 120    150 @ 94
|------------||-----------|

22:58:19.319 [main] INFO  c.gettingstarted.MyAlgoLogic - [MYALGO] Algo Sees Book as: 
|----BID-----||----ASK----|
   160 @ 110     95 @ 97
   220 @ 120    150 @ 94
|------------||-----------|

22:58:19.319 [main] INFO  c.gettingstarted.MyAlgoLogic - [Sheza5] market monitor size is 0
22:58:19.319 [main] INFO  c.gettingstarted.MyAlgoLogic - [MYALGO] Initial quantity95 price 97
Current market monitor list is 
MYALGO- Current market monitor size is 0
22:58:19.319 [main] INFO  c.gettingstarted.TimedLogic - [TIMEDLOGIC] Market is open
22:58:19.319 [main] INFO  c.gettingstarted.MyAlgoLogic - [MYALGO] Have:13 children, want 5, done.
22:58:19.319 [main] INFO  c.gettingstarted.MyAlgoLogic - [MYALGO] active orders are 13
22:58:19.319 [main] INFO  c.gettingstarted.MyAlgoLogic - [MYALGO] Cancelling order:codingblackfemales.sotw.ChildOrder@14555e0a
22:58:19.319 [main] INFO  c.gettingstarted.MyAlgoLogic - [MYALGO] option is present, number of active orders are 13
22:58:19.319 [main] INFO  c.container.Actioner - [ALGO] Actioner, sending action:CancelChildOrder(codingblackfemales.sotw.ChildOrder@14555e0a)
22:58:19.319 [main] INFO  c.sequencer.consumer.LoggingConsumer - [139] [CancelOrder](sbeTemplateId=5|sbeSchemaId=2|sbeSchemaVersion=0|sbeBlockLength=8):orderId=64
22:58:19.319 [main] INFO  c.gettingstarted.MyAlgoLogic - [MYALGO] The state of the order book is:
|----BID-----||----ASK----|
   160 @ 110     95 @ 97
   220 @ 120    150 @ 94
|------------||-----------|

22:58:19.319 [main] INFO  c.gettingstarted.MyAlgoLogic - [MYALGO] Algo Sees Book as: 
|----BID-----||----ASK----|
   160 @ 110     95 @ 97
   220 @ 120    150 @ 94
|------------||-----------|

22:58:19.319 [main] INFO  c.gettingstarted.MyAlgoLogic - [Sheza5] market monitor size is 0
22:58:19.319 [main] INFO  c.gettingstarted.MyAlgoLogic - [MYALGO] Initial quantity95 price 97
Current market monitor list is 
MYALGO- Current market monitor size is 0
22:58:19.319 [main] INFO  c.gettingstarted.TimedLogic - [TIMEDLOGIC] Market is open
22:58:19.319 [main] INFO  c.gettingstarted.MyAlgoLogic - [MYALGO] Have:12 children, want 5, done.
22:58:19.319 [main] INFO  c.gettingstarted.MyAlgoLogic - [MYALGO] active orders are 12
22:58:19.319 [main] INFO  c.gettingstarted.MyAlgoLogic - [MYALGO] Cancelling order:codingblackfemales.sotw.ChildOrder@4bb33f74
22:58:19.319 [main] INFO  c.gettingstarted.MyAlgoLogic - [MYALGO] option is present, number of active orders are 12
22:58:19.319 [main] INFO  c.container.Actioner - [ALGO] Actioner, sending action:CancelChildOrder(codingblackfemales.sotw.ChildOrder@4bb33f74)
22:58:19.319 [main] INFO  c.sequencer.consumer.LoggingConsumer - [140] [CancelOrder](sbeTemplateId=5|sbeSchemaId=2|sbeSchemaVersion=0|sbeBlockLength=8):orderId=65
22:58:19.319 [main] INFO  c.gettingstarted.MyAlgoLogic - [MYALGO] The state of the order book is:
|----BID-----||----ASK----|
   160 @ 110     95 @ 97
   220 @ 120    150 @ 94
|------------||-----------|

22:58:19.319 [main] INFO  c.gettingstarted.MyAlgoLogic - [MYALGO] Algo Sees Book as: 
|----BID-----||----ASK----|
   160 @ 110     95 @ 97
   220 @ 120    150 @ 94
|------------||-----------|

22:58:19.319 [main] INFO  c.gettingstarted.MyAlgoLogic - [Sheza5] market monitor size is 0
22:58:19.319 [main] INFO  c.gettingstarted.MyAlgoLogic - [MYALGO] Initial quantity95 price 97
Current market monitor list is 
MYALGO- Current market monitor size is 0
22:58:19.319 [main] INFO  c.gettingstarted.TimedLogic - [TIMEDLOGIC] Market is open
22:58:19.319 [main] INFO  c.gettingstarted.MyAlgoLogic - [MYALGO] Have:11 children, want 5, done.
22:58:19.319 [main] INFO  c.gettingstarted.MyAlgoLogic - [MYALGO] active orders are 11
22:58:19.319 [main] INFO  c.gettingstarted.MyAlgoLogic - [MYALGO] Cancelling order:codingblackfemales.sotw.ChildOrder@759d26fb
22:58:19.319 [main] INFO  c.gettingstarted.MyAlgoLogic - [MYALGO] option is present, number of active orders are 11
22:58:19.319 [main] INFO  c.container.Actioner - [ALGO] Actioner, sending action:CancelChildOrder(codingblackfemales.sotw.ChildOrder@759d26fb)
22:58:19.319 [main] INFO  c.sequencer.consumer.LoggingConsumer - [141] [CancelOrder](sbeTemplateId=5|sbeSchemaId=2|sbeSchemaVersion=0|sbeBlockLength=8):orderId=66
22:58:19.319 [main] INFO  c.gettingstarted.MyAlgoLogic - [MYALGO] The state of the order book is:
|----BID-----||----ASK----|
   160 @ 110     95 @ 97
   220 @ 120    150 @ 94
|------------||-----------|

22:58:19.319 [main] INFO  c.gettingstarted.MyAlgoLogic - [MYALGO] Algo Sees Book as: 
|----BID-----||----ASK----|
   160 @ 110     95 @ 97
   220 @ 120    150 @ 94
|------------||-----------|

22:58:19.319 [main] INFO  c.gettingstarted.MyAlgoLogic - [Sheza5] market monitor size is 0
22:58:19.319 [main] INFO  c.gettingstarted.MyAlgoLogic - [MYALGO] Initial quantity95 price 97
Current market monitor list is 
MYALGO- Current market monitor size is 0
22:58:19.319 [main] INFO  c.gettingstarted.TimedLogic - [TIMEDLOGIC] Market is open
22:58:19.319 [main] INFO  c.gettingstarted.MyAlgoLogic - [MYALGO] Have:10 children, want 5, done.
22:58:19.319 [main] INFO  c.gettingstarted.MyAlgoLogic - [MYALGO] active orders are 10
22:58:19.319 [main] INFO  c.gettingstarted.MyAlgoLogic - [MYALGO] Cancelling order:codingblackfemales.sotw.ChildOrder@3c73951
22:58:19.319 [main] INFO  c.gettingstarted.MyAlgoLogic - [MYALGO] option is present, number of active orders are 10
22:58:19.319 [main] INFO  c.container.Actioner - [ALGO] Actioner, sending action:CancelChildOrder(codingblackfemales.sotw.ChildOrder@3c73951)
22:58:19.319 [main] INFO  c.sequencer.consumer.LoggingConsumer - [142] [CancelOrder](sbeTemplateId=5|sbeSchemaId=2|sbeSchemaVersion=0|sbeBlockLength=8):orderId=67
22:58:19.319 [main] INFO  c.gettingstarted.MyAlgoLogic - [MYALGO] The state of the order book is:
|----BID-----||----ASK----|
   160 @ 110     95 @ 97
   220 @ 120    150 @ 94
|------------||-----------|

22:58:19.319 [main] INFO  c.gettingstarted.MyAlgoLogic - [MYALGO] Algo Sees Book as: 
|----BID-----||----ASK----|
   160 @ 110     95 @ 97
   220 @ 120    150 @ 94
|------------||-----------|

22:58:19.319 [main] INFO  c.gettingstarted.MyAlgoLogic - [Sheza5] market monitor size is 0
22:58:19.319 [main] INFO  c.gettingstarted.MyAlgoLogic - [MYALGO] Initial quantity95 price 97
Current market monitor list is 
MYALGO- Current market monitor size is 0
22:58:19.319 [main] INFO  c.gettingstarted.TimedLogic - [TIMEDLOGIC] Market is open
22:58:19.319 [main] INFO  c.gettingstarted.MyAlgoLogic - [MYALGO] Have:9 children, want 5, done.
22:58:19.319 [main] INFO  c.gettingstarted.MyAlgoLogic - [MYALGO] active orders are 9
22:58:19.319 [main] INFO  c.gettingstarted.MyAlgoLogic - [MYALGO] Cancelling order:codingblackfemales.sotw.ChildOrder@3d5c822d
22:58:19.319 [main] INFO  c.gettingstarted.MyAlgoLogic - [MYALGO] option is present, number of active orders are 9
22:58:19.319 [main] INFO  c.container.Actioner - [ALGO] Actioner, sending action:CancelChildOrder(codingblackfemales.sotw.ChildOrder@3d5c822d)
22:58:19.319 [main] INFO  c.sequencer.consumer.LoggingConsumer - [143] [CancelOrder](sbeTemplateId=5|sbeSchemaId=2|sbeSchemaVersion=0|sbeBlockLength=8):orderId=68
22:58:19.319 [main] INFO  c.gettingstarted.MyAlgoLogic - [MYALGO] The state of the order book is:
|----BID-----||----ASK----|
   160 @ 110     95 @ 97
   220 @ 120    150 @ 94
|------------||-----------|

22:58:19.319 [main] INFO  c.gettingstarted.MyAlgoLogic - [MYALGO] Algo Sees Book as: 
|----BID-----||----ASK----|
   160 @ 110     95 @ 97
   220 @ 120    150 @ 94
|------------||-----------|

22:58:19.319 [main] INFO  c.gettingstarted.MyAlgoLogic - [Sheza5] market monitor size is 0
22:58:19.319 [main] INFO  c.gettingstarted.MyAlgoLogic - [MYALGO] Initial quantity95 price 97
Current market monitor list is 
MYALGO- Current market monitor size is 0
22:58:19.319 [main] INFO  c.gettingstarted.TimedLogic - [TIMEDLOGIC] Market is open
22:58:19.319 [main] INFO  c.gettingstarted.MyAlgoLogic - [MYALGO] Have:8 children, want 5, done.
22:58:19.319 [main] INFO  c.gettingstarted.MyAlgoLogic - [MYALGO] active orders are 8
22:58:19.319 [main] INFO  c.gettingstarted.MyAlgoLogic - [MYALGO] Cancelling order:codingblackfemales.sotw.ChildOrder@6f46426d
22:58:19.319 [main] INFO  c.gettingstarted.MyAlgoLogic - [MYALGO] option is present, number of active orders are 8
22:58:19.319 [main] INFO  c.container.Actioner - [ALGO] Actioner, sending action:CancelChildOrder(codingblackfemales.sotw.ChildOrder@6f46426d)
22:58:19.319 [main] INFO  c.sequencer.consumer.LoggingConsumer - [144] [CancelOrder](sbeTemplateId=5|sbeSchemaId=2|sbeSchemaVersion=0|sbeBlockLength=8):orderId=69
22:58:19.319 [main] INFO  c.gettingstarted.MyAlgoLogic - [MYALGO] The state of the order book is:
|----BID-----||----ASK----|
   160 @ 110     95 @ 97
   220 @ 120    150 @ 94
|------------||-----------|

22:58:19.319 [main] INFO  c.gettingstarted.MyAlgoLogic - [MYALGO] Algo Sees Book as: 
|----BID-----||----ASK----|
   160 @ 110     95 @ 97
   220 @ 120    150 @ 94
|------------||-----------|

22:58:19.319 [main] INFO  c.gettingstarted.MyAlgoLogic - [Sheza5] market monitor size is 0
22:58:19.319 [main] INFO  c.gettingstarted.MyAlgoLogic - [MYALGO] Initial quantity95 price 97
Current market monitor list is 
MYALGO- Current market monitor size is 0
22:58:19.319 [main] INFO  c.gettingstarted.TimedLogic - [TIMEDLOGIC] Market is open
]]></system-out>
  </testcase>
  <testcase name="checkIfOrdersCancelled" classname="codingblackfemales.gettingstarted.MyAlgoTest" time="0.22">
    <system-out><![CDATA[22:58:19.319 [main] INFO  c.sequencer.consumer.LoggingConsumer - [1] 
|----BID-----|
   101 @ 100
   200 @ 110
  5000 @ 115
|----ASK-----|
    100 @ 98
    200 @ 95
    300 @ 91

22:58:19.319 [main] DEBUG c.service.MarketDataService - [ALGO] BID: price:100 quantity:101
22:58:19.319 [main] DEBUG c.service.MarketDataService - [ALGO] BID: price:110 quantity:200
22:58:19.319 [main] DEBUG c.service.MarketDataService - [ALGO] BID: price:115 quantity:5000
22:58:19.319 [main] DEBUG c.service.MarketDataService - [ALGO] ASK: price:98 quantity:100
22:58:19.319 [main] DEBUG c.service.MarketDataService - [ALGO] ASK: price:95 quantity:200
22:58:19.319 [main] DEBUG c.service.MarketDataService - [ALGO] ASK: price:91 quantity:300
22:58:19.319 [main] INFO  c.gettingstarted.MyAlgoLogic - [MYALGO] The state of the order book is:
|----BID-----||----ASK----|
   101 @ 100    100 @ 98
   200 @ 110    200 @ 95
  5000 @ 115    300 @ 91
|------------||-----------|

22:58:19.319 [main] INFO  c.gettingstarted.MyAlgoLogic - [MYALGO] Algo Sees Book as: 
|----BID-----||----ASK----|
   101 @ 100    100 @ 98
   200 @ 110    200 @ 95
  5000 @ 115    300 @ 91
|------------||-----------|

22:58:19.319 [main] INFO  c.gettingstarted.MyAlgoLogic - [Sheza5] market monitor size is 0
22:58:19.319 [main] INFO  c.gettingstarted.MyAlgoLogic - [MYALGO] Initial quantity100 price 98
Current market monitor list is 
MYALGO- Current market monitor size is 0
22:58:19.319 [main] INFO  c.gettingstarted.TimedLogic - [TIMEDLOGIC] Market is open
22:58:19.319 [main] INFO  c.gettingstarted.MyAlgoLogic - [MYALGO] Adding order for100@98
total order count is 0
22:58:19.319 [main] INFO  c.gettingstarted.MyAlgoLogic - [Sheza6] market monitor size is 0
22:58:19.319 [main] INFO  c.container.Actioner - [ALGO] Actioner, sending action:CreateChildOrder(side=BUY,quantity=100,price=98)
22:58:19.319 [main] INFO  c.sequencer.consumer.LoggingConsumer - [2] [CreateOrder](sbeTemplateId=4|sbeSchemaId=2|sbeSchemaVersion=0|sbeBlockLength=33):instrumentId=0|price=98|quantity=100|side=BUY|orderId=2
22:58:19.319 [main] INFO  c.gettingstarted.MyAlgoLogic - [MYALGO] The state of the order book is:
|----BID-----||----ASK----|
   101 @ 100    100 @ 98
   200 @ 110    200 @ 95
  5000 @ 115    300 @ 91
|------------||-----------|

22:58:19.319 [main] INFO  c.gettingstarted.MyAlgoLogic - [MYALGO] Algo Sees Book as: 
|----BID-----||----ASK----|
   101 @ 100    100 @ 98
   200 @ 110    200 @ 95
  5000 @ 115    300 @ 91
|------------||-----------|

22:58:19.319 [main] INFO  c.gettingstarted.MyAlgoLogic - [Sheza5] market monitor size is 0
22:58:19.319 [main] INFO  c.gettingstarted.MyAlgoLogic - [MYALGO] Initial quantity100 price 98
Current market monitor list is 
MYALGO- Current market monitor size is 0
22:58:19.319 [main] INFO  c.gettingstarted.TimedLogic - [TIMEDLOGIC] Market is open
22:58:19.319 [main] INFO  c.gettingstarted.MyAlgoLogic - [MYALGO] Adding order for100@98
total order count is 1
22:58:19.319 [main] INFO  c.gettingstarted.MyAlgoLogic - [Sheza6] market monitor size is 0
22:58:19.319 [main] INFO  c.container.Actioner - [ALGO] Actioner, sending action:CreateChildOrder(side=BUY,quantity=100,price=98)
22:58:19.319 [main] INFO  c.sequencer.consumer.LoggingConsumer - [3] [CreateOrder](sbeTemplateId=4|sbeSchemaId=2|sbeSchemaVersion=0|sbeBlockLength=33):instrumentId=0|price=98|quantity=100|side=BUY|orderId=3
22:58:19.319 [main] INFO  c.gettingstarted.MyAlgoLogic - [MYALGO] The state of the order book is:
|----BID-----||----ASK----|
   101 @ 100    100 @ 98
   200 @ 110    200 @ 95
  5000 @ 115    300 @ 91
|------------||-----------|

22:58:19.319 [main] INFO  c.gettingstarted.MyAlgoLogic - [MYALGO] Algo Sees Book as: 
|----BID-----||----ASK----|
   101 @ 100    100 @ 98
   200 @ 110    200 @ 95
  5000 @ 115    300 @ 91
|------------||-----------|

22:58:19.319 [main] INFO  c.gettingstarted.MyAlgoLogic - [Sheza5] market monitor size is 0
22:58:19.319 [main] INFO  c.gettingstarted.MyAlgoLogic - [MYALGO] Initial quantity100 price 98
Current market monitor list is 
MYALGO- Current market monitor size is 0
22:58:19.319 [main] INFO  c.gettingstarted.TimedLogic - [TIMEDLOGIC] Market is open
22:58:19.319 [main] INFO  c.gettingstarted.MyAlgoLogic - [MYALGO] Adding order for100@98
total order count is 2
22:58:19.319 [main] INFO  c.gettingstarted.MyAlgoLogic - [Sheza6] market monitor size is 0
22:58:19.319 [main] INFO  c.container.Actioner - [ALGO] Actioner, sending action:CreateChildOrder(side=BUY,quantity=100,price=98)
22:58:19.319 [main] INFO  c.sequencer.consumer.LoggingConsumer - [4] [CreateOrder](sbeTemplateId=4|sbeSchemaId=2|sbeSchemaVersion=0|sbeBlockLength=33):instrumentId=0|price=98|quantity=100|side=BUY|orderId=4
22:58:19.319 [main] INFO  c.gettingstarted.MyAlgoLogic - [MYALGO] The state of the order book is:
|----BID-----||----ASK----|
   101 @ 100    100 @ 98
   200 @ 110    200 @ 95
  5000 @ 115    300 @ 91
|------------||-----------|

22:58:19.319 [main] INFO  c.gettingstarted.MyAlgoLogic - [MYALGO] Algo Sees Book as: 
|----BID-----||----ASK----|
   101 @ 100    100 @ 98
   200 @ 110    200 @ 95
  5000 @ 115    300 @ 91
|------------||-----------|

22:58:19.319 [main] INFO  c.gettingstarted.MyAlgoLogic - [Sheza5] market monitor size is 0
22:58:19.319 [main] INFO  c.gettingstarted.MyAlgoLogic - [MYALGO] Initial quantity100 price 98
Current market monitor list is 
MYALGO- Current market monitor size is 0
22:58:19.319 [main] INFO  c.gettingstarted.TimedLogic - [TIMEDLOGIC] Market is open
22:58:19.319 [main] INFO  c.gettingstarted.MyAlgoLogic - [MYALGO] Adding order for100@98
total order count is 3
22:58:19.319 [main] INFO  c.gettingstarted.MyAlgoLogic - [Sheza6] market monitor size is 0
22:58:19.319 [main] INFO  c.container.Actioner - [ALGO] Actioner, sending action:CreateChildOrder(side=BUY,quantity=100,price=98)
22:58:19.319 [main] INFO  c.sequencer.consumer.LoggingConsumer - [5] [CreateOrder](sbeTemplateId=4|sbeSchemaId=2|sbeSchemaVersion=0|sbeBlockLength=33):instrumentId=0|price=98|quantity=100|side=BUY|orderId=5
22:58:19.319 [main] INFO  c.gettingstarted.MyAlgoLogic - [MYALGO] The state of the order book is:
|----BID-----||----ASK----|
   101 @ 100    100 @ 98
   200 @ 110    200 @ 95
  5000 @ 115    300 @ 91
|------------||-----------|

22:58:19.328 [main] INFO  c.gettingstarted.MyAlgoLogic - [MYALGO] Algo Sees Book as: 
|----BID-----||----ASK----|
   101 @ 100    100 @ 98
   200 @ 110    200 @ 95
  5000 @ 115    300 @ 91
|------------||-----------|

22:58:19.328 [main] INFO  c.gettingstarted.MyAlgoLogic - [Sheza5] market monitor size is 0
22:58:19.328 [main] INFO  c.gettingstarted.MyAlgoLogic - [MYALGO] Initial quantity100 price 98
Current market monitor list is 
MYALGO- Current market monitor size is 0
22:58:19.328 [main] INFO  c.gettingstarted.TimedLogic - [TIMEDLOGIC] Market is open
22:58:19.328 [main] INFO  c.gettingstarted.MyAlgoLogic - [MYALGO] Adding order for100@98
total order count is 4
22:58:19.328 [main] INFO  c.gettingstarted.MyAlgoLogic - [Sheza6] market monitor size is 0
22:58:19.328 [main] INFO  c.container.Actioner - [ALGO] Actioner, sending action:CreateChildOrder(side=BUY,quantity=100,price=98)
22:58:19.328 [main] INFO  c.sequencer.consumer.LoggingConsumer - [6] [CreateOrder](sbeTemplateId=4|sbeSchemaId=2|sbeSchemaVersion=0|sbeBlockLength=33):instrumentId=0|price=98|quantity=100|side=BUY|orderId=6
22:58:19.328 [main] INFO  c.gettingstarted.MyAlgoLogic - [MYALGO] The state of the order book is:
|----BID-----||----ASK----|
   101 @ 100    100 @ 98
   200 @ 110    200 @ 95
  5000 @ 115    300 @ 91
|------------||-----------|

22:58:19.328 [main] INFO  c.gettingstarted.MyAlgoLogic - [MYALGO] Algo Sees Book as: 
|----BID-----||----ASK----|
   101 @ 100    100 @ 98
   200 @ 110    200 @ 95
  5000 @ 115    300 @ 91
|------------||-----------|

22:58:19.328 [main] INFO  c.gettingstarted.MyAlgoLogic - [Sheza5] market monitor size is 0
22:58:19.328 [main] INFO  c.gettingstarted.MyAlgoLogic - [MYALGO] Initial quantity100 price 98
Current market monitor list is 
MYALGO- Current market monitor size is 0
22:58:19.328 [main] INFO  c.gettingstarted.TimedLogic - [TIMEDLOGIC] Market is open
22:58:19.328 [main] INFO  c.gettingstarted.MyAlgoLogic - [MYALGO] Adding order for100@98
total order count is 5
22:58:19.328 [main] INFO  c.gettingstarted.MyAlgoLogic - [Sheza6] market monitor size is 0
22:58:19.328 [main] INFO  c.container.Actioner - [ALGO] Actioner, sending action:CreateChildOrder(side=BUY,quantity=100,price=98)
22:58:19.328 [main] INFO  c.sequencer.consumer.LoggingConsumer - [7] [CreateOrder](sbeTemplateId=4|sbeSchemaId=2|sbeSchemaVersion=0|sbeBlockLength=33):instrumentId=0|price=98|quantity=100|side=BUY|orderId=7
22:58:19.328 [main] INFO  c.gettingstarted.MyAlgoLogic - [MYALGO] The state of the order book is:
|----BID-----||----ASK----|
   101 @ 100    100 @ 98
   200 @ 110    200 @ 95
  5000 @ 115    300 @ 91
|------------||-----------|

22:58:19.328 [main] INFO  c.gettingstarted.MyAlgoLogic - [MYALGO] Algo Sees Book as: 
|----BID-----||----ASK----|
   101 @ 100    100 @ 98
   200 @ 110    200 @ 95
  5000 @ 115    300 @ 91
|------------||-----------|

22:58:19.328 [main] INFO  c.gettingstarted.MyAlgoLogic - [Sheza5] market monitor size is 0
22:58:19.328 [main] INFO  c.gettingstarted.MyAlgoLogic - [MYALGO] Initial quantity100 price 98
Current market monitor list is 
MYALGO- Current market monitor size is 0
22:58:19.328 [main] INFO  c.gettingstarted.TimedLogic - [TIMEDLOGIC] Market is open
22:58:19.328 [main] INFO  c.gettingstarted.MyAlgoLogic - [MYALGO] Adding order for100@98
total order count is 6
22:58:19.328 [main] INFO  c.gettingstarted.MyAlgoLogic - [Sheza6] market monitor size is 0
22:58:19.328 [main] INFO  c.container.Actioner - [ALGO] Actioner, sending action:CreateChildOrder(side=BUY,quantity=100,price=98)
22:58:19.328 [main] INFO  c.sequencer.consumer.LoggingConsumer - [8] [CreateOrder](sbeTemplateId=4|sbeSchemaId=2|sbeSchemaVersion=0|sbeBlockLength=33):instrumentId=0|price=98|quantity=100|side=BUY|orderId=8
22:58:19.329 [main] INFO  c.gettingstarted.MyAlgoLogic - [MYALGO] The state of the order book is:
|----BID-----||----ASK----|
   101 @ 100    100 @ 98
   200 @ 110    200 @ 95
  5000 @ 115    300 @ 91
|------------||-----------|

22:58:19.329 [main] INFO  c.gettingstarted.MyAlgoLogic - [MYALGO] Algo Sees Book as: 
|----BID-----||----ASK----|
   101 @ 100    100 @ 98
   200 @ 110    200 @ 95
  5000 @ 115    300 @ 91
|------------||-----------|

22:58:19.329 [main] INFO  c.gettingstarted.MyAlgoLogic - [Sheza5] market monitor size is 0
22:58:19.329 [main] INFO  c.gettingstarted.MyAlgoLogic - [MYALGO] Initial quantity100 price 98
Current market monitor list is 
MYALGO- Current market monitor size is 0
22:58:19.329 [main] INFO  c.gettingstarted.TimedLogic - [TIMEDLOGIC] Market is open
22:58:19.329 [main] INFO  c.gettingstarted.MyAlgoLogic - [MYALGO] Adding order for100@98
total order count is 7
22:58:19.329 [main] INFO  c.gettingstarted.MyAlgoLogic - [Sheza6] market monitor size is 0
22:58:19.329 [main] INFO  c.container.Actioner - [ALGO] Actioner, sending action:CreateChildOrder(side=BUY,quantity=100,price=98)
22:58:19.329 [main] INFO  c.sequencer.consumer.LoggingConsumer - [9] [CreateOrder](sbeTemplateId=4|sbeSchemaId=2|sbeSchemaVersion=0|sbeBlockLength=33):instrumentId=0|price=98|quantity=100|side=BUY|orderId=9
22:58:19.329 [main] INFO  c.gettingstarted.MyAlgoLogic - [MYALGO] The state of the order book is:
|----BID-----||----ASK----|
   101 @ 100    100 @ 98
   200 @ 110    200 @ 95
  5000 @ 115    300 @ 91
|------------||-----------|

22:58:19.329 [main] INFO  c.gettingstarted.MyAlgoLogic - [MYALGO] Algo Sees Book as: 
|----BID-----||----ASK----|
   101 @ 100    100 @ 98
   200 @ 110    200 @ 95
  5000 @ 115    300 @ 91
|------------||-----------|

22:58:19.329 [main] INFO  c.gettingstarted.MyAlgoLogic - [Sheza5] market monitor size is 0
22:58:19.329 [main] INFO  c.gettingstarted.MyAlgoLogic - [MYALGO] Initial quantity100 price 98
Current market monitor list is 
MYALGO- Current market monitor size is 0
22:58:19.329 [main] INFO  c.gettingstarted.TimedLogic - [TIMEDLOGIC] Market is open
22:58:19.329 [main] INFO  c.gettingstarted.MyAlgoLogic - [MYALGO] Adding order for100@98
total order count is 8
22:58:19.329 [main] INFO  c.gettingstarted.MyAlgoLogic - [Sheza6] market monitor size is 0
22:58:19.329 [main] INFO  c.container.Actioner - [ALGO] Actioner, sending action:CreateChildOrder(side=BUY,quantity=100,price=98)
22:58:19.329 [main] INFO  c.sequencer.consumer.LoggingConsumer - [10] [CreateOrder](sbeTemplateId=4|sbeSchemaId=2|sbeSchemaVersion=0|sbeBlockLength=33):instrumentId=0|price=98|quantity=100|side=BUY|orderId=10
22:58:19.329 [main] INFO  c.gettingstarted.MyAlgoLogic - [MYALGO] The state of the order book is:
|----BID-----||----ASK----|
   101 @ 100    100 @ 98
   200 @ 110    200 @ 95
  5000 @ 115    300 @ 91
|------------||-----------|

22:58:19.329 [main] INFO  c.gettingstarted.MyAlgoLogic - [MYALGO] Algo Sees Book as: 
|----BID-----||----ASK----|
   101 @ 100    100 @ 98
   200 @ 110    200 @ 95
  5000 @ 115    300 @ 91
|------------||-----------|

22:58:19.329 [main] INFO  c.gettingstarted.MyAlgoLogic - [Sheza5] market monitor size is 0
22:58:19.329 [main] INFO  c.gettingstarted.MyAlgoLogic - [MYALGO] Initial quantity100 price 98
Current market monitor list is 
MYALGO- Current market monitor size is 0
22:58:19.329 [main] INFO  c.gettingstarted.TimedLogic - [TIMEDLOGIC] Market is open
22:58:19.329 [main] INFO  c.gettingstarted.MyAlgoLogic - [MYALGO] Adding order for100@98
total order count is 9
22:58:19.329 [main] INFO  c.gettingstarted.MyAlgoLogic - [Sheza6] market monitor size is 0
22:58:19.329 [main] INFO  c.container.Actioner - [ALGO] Actioner, sending action:CreateChildOrder(side=BUY,quantity=100,price=98)
22:58:19.329 [main] INFO  c.sequencer.consumer.LoggingConsumer - [11] [CreateOrder](sbeTemplateId=4|sbeSchemaId=2|sbeSchemaVersion=0|sbeBlockLength=33):instrumentId=0|price=98|quantity=100|side=BUY|orderId=11
22:58:19.329 [main] INFO  c.gettingstarted.MyAlgoLogic - [MYALGO] The state of the order book is:
|----BID-----||----ASK----|
   101 @ 100    100 @ 98
   200 @ 110    200 @ 95
  5000 @ 115    300 @ 91
|------------||-----------|

22:58:19.329 [main] INFO  c.gettingstarted.MyAlgoLogic - [MYALGO] Algo Sees Book as: 
|----BID-----||----ASK----|
   101 @ 100    100 @ 98
   200 @ 110    200 @ 95
  5000 @ 115    300 @ 91
|------------||-----------|

22:58:19.329 [main] INFO  c.gettingstarted.MyAlgoLogic - [Sheza5] market monitor size is 0
22:58:19.329 [main] INFO  c.gettingstarted.MyAlgoLogic - [MYALGO] Initial quantity100 price 98
Current market monitor list is 
MYALGO- Current market monitor size is 0
22:58:19.329 [main] INFO  c.gettingstarted.TimedLogic - [TIMEDLOGIC] Market is open
22:58:19.330 [main] INFO  c.gettingstarted.MyAlgoLogic - [MYALGO] Adding order for100@98
total order count is 10
22:58:19.330 [main] INFO  c.gettingstarted.MyAlgoLogic - [Sheza6] market monitor size is 0
22:58:19.330 [main] INFO  c.container.Actioner - [ALGO] Actioner, sending action:CreateChildOrder(side=BUY,quantity=100,price=98)
22:58:19.330 [main] INFO  c.sequencer.consumer.LoggingConsumer - [12] [CreateOrder](sbeTemplateId=4|sbeSchemaId=2|sbeSchemaVersion=0|sbeBlockLength=33):instrumentId=0|price=98|quantity=100|side=BUY|orderId=12
22:58:19.330 [main] INFO  c.gettingstarted.MyAlgoLogic - [MYALGO] The state of the order book is:
|----BID-----||----ASK----|
   101 @ 100    100 @ 98
   200 @ 110    200 @ 95
  5000 @ 115    300 @ 91
|------------||-----------|

22:58:19.330 [main] INFO  c.gettingstarted.MyAlgoLogic - [MYALGO] Algo Sees Book as: 
|----BID-----||----ASK----|
   101 @ 100    100 @ 98
   200 @ 110    200 @ 95
  5000 @ 115    300 @ 91
|------------||-----------|

22:58:19.330 [main] INFO  c.gettingstarted.MyAlgoLogic - [Sheza5] market monitor size is 0
22:58:19.330 [main] INFO  c.gettingstarted.MyAlgoLogic - [MYALGO] Initial quantity100 price 98
Current market monitor list is 
MYALGO- Current market monitor size is 0
22:58:19.330 [main] INFO  c.gettingstarted.TimedLogic - [TIMEDLOGIC] Market is open
22:58:19.330 [main] INFO  c.gettingstarted.MyAlgoLogic - [MYALGO] Adding order for100@98
total order count is 11
22:58:19.330 [main] INFO  c.gettingstarted.MyAlgoLogic - [Sheza6] market monitor size is 0
22:58:19.330 [main] INFO  c.container.Actioner - [ALGO] Actioner, sending action:CreateChildOrder(side=BUY,quantity=100,price=98)
22:58:19.330 [main] INFO  c.sequencer.consumer.LoggingConsumer - [13] [CreateOrder](sbeTemplateId=4|sbeSchemaId=2|sbeSchemaVersion=0|sbeBlockLength=33):instrumentId=0|price=98|quantity=100|side=BUY|orderId=13
22:58:19.330 [main] INFO  c.gettingstarted.MyAlgoLogic - [MYALGO] The state of the order book is:
|----BID-----||----ASK----|
   101 @ 100    100 @ 98
   200 @ 110    200 @ 95
  5000 @ 115    300 @ 91
|------------||-----------|

22:58:19.330 [main] INFO  c.gettingstarted.MyAlgoLogic - [MYALGO] Algo Sees Book as: 
|----BID-----||----ASK----|
   101 @ 100    100 @ 98
   200 @ 110    200 @ 95
  5000 @ 115    300 @ 91
|------------||-----------|

22:58:19.330 [main] INFO  c.gettingstarted.MyAlgoLogic - [Sheza5] market monitor size is 0
22:58:19.330 [main] INFO  c.gettingstarted.MyAlgoLogic - [MYALGO] Initial quantity100 price 98
Current market monitor list is 
MYALGO- Current market monitor size is 0
22:58:19.330 [main] INFO  c.gettingstarted.TimedLogic - [TIMEDLOGIC] Market is open
22:58:19.330 [main] INFO  c.gettingstarted.MyAlgoLogic - [MYALGO] Adding order for100@98
total order count is 12
22:58:19.330 [main] INFO  c.gettingstarted.MyAlgoLogic - [Sheza6] market monitor size is 0
22:58:19.330 [main] INFO  c.container.Actioner - [ALGO] Actioner, sending action:CreateChildOrder(side=BUY,quantity=100,price=98)
22:58:19.330 [main] INFO  c.sequencer.consumer.LoggingConsumer - [14] [CreateOrder](sbeTemplateId=4|sbeSchemaId=2|sbeSchemaVersion=0|sbeBlockLength=33):instrumentId=0|price=98|quantity=100|side=BUY|orderId=14
22:58:19.330 [main] INFO  c.gettingstarted.MyAlgoLogic - [MYALGO] The state of the order book is:
|----BID-----||----ASK----|
   101 @ 100    100 @ 98
   200 @ 110    200 @ 95
  5000 @ 115    300 @ 91
|------------||-----------|

22:58:19.330 [main] INFO  c.gettingstarted.MyAlgoLogic - [MYALGO] Algo Sees Book as: 
|----BID-----||----ASK----|
   101 @ 100    100 @ 98
   200 @ 110    200 @ 95
  5000 @ 115    300 @ 91
|------------||-----------|

22:58:19.330 [main] INFO  c.gettingstarted.MyAlgoLogic - [Sheza5] market monitor size is 0
22:58:19.330 [main] INFO  c.gettingstarted.MyAlgoLogic - [MYALGO] Initial quantity100 price 98
Current market monitor list is 
MYALGO- Current market monitor size is 0
22:58:19.330 [main] INFO  c.gettingstarted.TimedLogic - [TIMEDLOGIC] Market is open
22:58:19.330 [main] INFO  c.gettingstarted.MyAlgoLogic - [MYALGO] Adding order for100@98
total order count is 13
22:58:19.330 [main] INFO  c.gettingstarted.MyAlgoLogic - [Sheza6] market monitor size is 0
22:58:19.330 [main] INFO  c.container.Actioner - [ALGO] Actioner, sending action:CreateChildOrder(side=BUY,quantity=100,price=98)
22:58:19.330 [main] INFO  c.sequencer.consumer.LoggingConsumer - [15] [CreateOrder](sbeTemplateId=4|sbeSchemaId=2|sbeSchemaVersion=0|sbeBlockLength=33):instrumentId=0|price=98|quantity=100|side=BUY|orderId=15
22:58:19.330 [main] INFO  c.gettingstarted.MyAlgoLogic - [MYALGO] The state of the order book is:
|----BID-----||----ASK----|
   101 @ 100    100 @ 98
   200 @ 110    200 @ 95
  5000 @ 115    300 @ 91
|------------||-----------|

22:58:19.330 [main] INFO  c.gettingstarted.MyAlgoLogic - [MYALGO] Algo Sees Book as: 
|----BID-----||----ASK----|
   101 @ 100    100 @ 98
   200 @ 110    200 @ 95
  5000 @ 115    300 @ 91
|------------||-----------|

22:58:19.330 [main] INFO  c.gettingstarted.MyAlgoLogic - [Sheza5] market monitor size is 0
22:58:19.330 [main] INFO  c.gettingstarted.MyAlgoLogic - [MYALGO] Initial quantity100 price 98
Current market monitor list is 
MYALGO- Current market monitor size is 0
22:58:19.330 [main] INFO  c.gettingstarted.TimedLogic - [TIMEDLOGIC] Market is open
22:58:19.330 [main] INFO  c.gettingstarted.MyAlgoLogic - [MYALGO] Adding order for100@98
total order count is 14
22:58:19.330 [main] INFO  c.gettingstarted.MyAlgoLogic - [Sheza6] market monitor size is 0
22:58:19.330 [main] INFO  c.container.Actioner - [ALGO] Actioner, sending action:CreateChildOrder(side=BUY,quantity=100,price=98)
22:58:19.330 [main] INFO  c.sequencer.consumer.LoggingConsumer - [16] [CreateOrder](sbeTemplateId=4|sbeSchemaId=2|sbeSchemaVersion=0|sbeBlockLength=33):instrumentId=0|price=98|quantity=100|side=BUY|orderId=16
22:58:19.330 [main] INFO  c.gettingstarted.MyAlgoLogic - [MYALGO] The state of the order book is:
|----BID-----||----ASK----|
   101 @ 100    100 @ 98
   200 @ 110    200 @ 95
  5000 @ 115    300 @ 91
|------------||-----------|

22:58:19.330 [main] INFO  c.gettingstarted.MyAlgoLogic - [MYALGO] Algo Sees Book as: 
|----BID-----||----ASK----|
   101 @ 100    100 @ 98
   200 @ 110    200 @ 95
  5000 @ 115    300 @ 91
|------------||-----------|

22:58:19.330 [main] INFO  c.gettingstarted.MyAlgoLogic - [Sheza5] market monitor size is 0
22:58:19.330 [main] INFO  c.gettingstarted.MyAlgoLogic - [MYALGO] Initial quantity100 price 98
Current market monitor list is 
MYALGO- Current market monitor size is 0
22:58:19.330 [main] INFO  c.gettingstarted.TimedLogic - [TIMEDLOGIC] Market is open
22:58:19.330 [main] INFO  c.gettingstarted.MyAlgoLogic - [MYALGO] Adding order for100@98
total order count is 15
22:58:19.330 [main] INFO  c.gettingstarted.MyAlgoLogic - [Sheza6] market monitor size is 0
22:58:19.330 [main] INFO  c.container.Actioner - [ALGO] Actioner, sending action:CreateChildOrder(side=BUY,quantity=100,price=98)
22:58:19.330 [main] INFO  c.sequencer.consumer.LoggingConsumer - [17] [CreateOrder](sbeTemplateId=4|sbeSchemaId=2|sbeSchemaVersion=0|sbeBlockLength=33):instrumentId=0|price=98|quantity=100|side=BUY|orderId=17
22:58:19.330 [main] INFO  c.gettingstarted.MyAlgoLogic - [MYALGO] The state of the order book is:
|----BID-----||----ASK----|
   101 @ 100    100 @ 98
   200 @ 110    200 @ 95
  5000 @ 115    300 @ 91
|------------||-----------|

22:58:19.330 [main] INFO  c.gettingstarted.MyAlgoLogic - [MYALGO] Algo Sees Book as: 
|----BID-----||----ASK----|
   101 @ 100    100 @ 98
   200 @ 110    200 @ 95
  5000 @ 115    300 @ 91
|------------||-----------|

22:58:19.330 [main] INFO  c.gettingstarted.MyAlgoLogic - [Sheza5] market monitor size is 0
22:58:19.330 [main] INFO  c.gettingstarted.MyAlgoLogic - [MYALGO] Initial quantity100 price 98
Current market monitor list is 
MYALGO- Current market monitor size is 0
22:58:19.330 [main] INFO  c.gettingstarted.TimedLogic - [TIMEDLOGIC] Market is open
22:58:19.330 [main] INFO  c.gettingstarted.MyAlgoLogic - [MYALGO] Adding order for100@98
total order count is 16
22:58:19.330 [main] INFO  c.gettingstarted.MyAlgoLogic - [Sheza6] market monitor size is 0
22:58:19.330 [main] INFO  c.container.Actioner - [ALGO] Actioner, sending action:CreateChildOrder(side=BUY,quantity=100,price=98)
22:58:19.330 [main] INFO  c.sequencer.consumer.LoggingConsumer - [18] [CreateOrder](sbeTemplateId=4|sbeSchemaId=2|sbeSchemaVersion=0|sbeBlockLength=33):instrumentId=0|price=98|quantity=100|side=BUY|orderId=18
22:58:19.330 [main] INFO  c.gettingstarted.MyAlgoLogic - [MYALGO] The state of the order book is:
|----BID-----||----ASK----|
   101 @ 100    100 @ 98
   200 @ 110    200 @ 95
  5000 @ 115    300 @ 91
|------------||-----------|

22:58:19.330 [main] INFO  c.gettingstarted.MyAlgoLogic - [MYALGO] Algo Sees Book as: 
|----BID-----||----ASK----|
   101 @ 100    100 @ 98
   200 @ 110    200 @ 95
  5000 @ 115    300 @ 91
|------------||-----------|

22:58:19.330 [main] INFO  c.gettingstarted.MyAlgoLogic - [Sheza5] market monitor size is 0
22:58:19.330 [main] INFO  c.gettingstarted.MyAlgoLogic - [MYALGO] Initial quantity100 price 98
Current market monitor list is 
MYALGO- Current market monitor size is 0
22:58:19.330 [main] INFO  c.gettingstarted.TimedLogic - [TIMEDLOGIC] Market is open
22:58:19.330 [main] INFO  c.gettingstarted.MyAlgoLogic - [MYALGO] Adding order for100@98
total order count is 17
22:58:19.330 [main] INFO  c.gettingstarted.MyAlgoLogic - [Sheza6] market monitor size is 0
22:58:19.330 [main] INFO  c.container.Actioner - [ALGO] Actioner, sending action:CreateChildOrder(side=BUY,quantity=100,price=98)
22:58:19.330 [main] INFO  c.sequencer.consumer.LoggingConsumer - [19] [CreateOrder](sbeTemplateId=4|sbeSchemaId=2|sbeSchemaVersion=0|sbeBlockLength=33):instrumentId=0|price=98|quantity=100|side=BUY|orderId=19
22:58:19.330 [main] INFO  c.gettingstarted.MyAlgoLogic - [MYALGO] The state of the order book is:
|----BID-----||----ASK----|
   101 @ 100    100 @ 98
   200 @ 110    200 @ 95
  5000 @ 115    300 @ 91
|------------||-----------|

22:58:19.330 [main] INFO  c.gettingstarted.MyAlgoLogic - [MYALGO] Algo Sees Book as: 
|----BID-----||----ASK----|
   101 @ 100    100 @ 98
   200 @ 110    200 @ 95
  5000 @ 115    300 @ 91
|------------||-----------|

22:58:19.330 [main] INFO  c.gettingstarted.MyAlgoLogic - [Sheza5] market monitor size is 0
22:58:19.330 [main] INFO  c.gettingstarted.MyAlgoLogic - [MYALGO] Initial quantity100 price 98
Current market monitor list is 
MYALGO- Current market monitor size is 0
22:58:19.330 [main] INFO  c.gettingstarted.TimedLogic - [TIMEDLOGIC] Market is open
22:58:19.330 [main] INFO  c.gettingstarted.MyAlgoLogic - [MYALGO] Adding order for100@98
total order count is 18
22:58:19.330 [main] INFO  c.gettingstarted.MyAlgoLogic - [Sheza6] market monitor size is 0
22:58:19.330 [main] INFO  c.container.Actioner - [ALGO] Actioner, sending action:CreateChildOrder(side=BUY,quantity=100,price=98)
22:58:19.330 [main] INFO  c.sequencer.consumer.LoggingConsumer - [20] [CreateOrder](sbeTemplateId=4|sbeSchemaId=2|sbeSchemaVersion=0|sbeBlockLength=33):instrumentId=0|price=98|quantity=100|side=BUY|orderId=20
22:58:19.330 [main] INFO  c.gettingstarted.MyAlgoLogic - [MYALGO] The state of the order book is:
|----BID-----||----ASK----|
   101 @ 100    100 @ 98
   200 @ 110    200 @ 95
  5000 @ 115    300 @ 91
|------------||-----------|

22:58:19.330 [main] INFO  c.gettingstarted.MyAlgoLogic - [MYALGO] Algo Sees Book as: 
|----BID-----||----ASK----|
   101 @ 100    100 @ 98
   200 @ 110    200 @ 95
  5000 @ 115    300 @ 91
|------------||-----------|

22:58:19.330 [main] INFO  c.gettingstarted.MyAlgoLogic - [Sheza5] market monitor size is 0
22:58:19.330 [main] INFO  c.gettingstarted.MyAlgoLogic - [MYALGO] Initial quantity100 price 98
Current market monitor list is 
MYALGO- Current market monitor size is 0
22:58:19.330 [main] INFO  c.gettingstarted.TimedLogic - [TIMEDLOGIC] Market is open
22:58:19.330 [main] INFO  c.gettingstarted.MyAlgoLogic - [MYALGO] Adding order for100@98
total order count is 19
22:58:19.330 [main] INFO  c.gettingstarted.MyAlgoLogic - [Sheza6] market monitor size is 0
22:58:19.330 [main] INFO  c.container.Actioner - [ALGO] Actioner, sending action:CreateChildOrder(side=BUY,quantity=100,price=98)
22:58:19.330 [main] INFO  c.sequencer.consumer.LoggingConsumer - [21] [CreateOrder](sbeTemplateId=4|sbeSchemaId=2|sbeSchemaVersion=0|sbeBlockLength=33):instrumentId=0|price=98|quantity=100|side=BUY|orderId=21
22:58:19.330 [main] INFO  c.gettingstarted.MyAlgoLogic - [MYALGO] The state of the order book is:
|----BID-----||----ASK----|
   101 @ 100    100 @ 98
   200 @ 110    200 @ 95
  5000 @ 115    300 @ 91
|------------||-----------|

22:58:19.330 [main] INFO  c.gettingstarted.MyAlgoLogic - [MYALGO] Algo Sees Book as: 
|----BID-----||----ASK----|
   101 @ 100    100 @ 98
   200 @ 110    200 @ 95
  5000 @ 115    300 @ 91
|------------||-----------|

22:58:19.330 [main] INFO  c.gettingstarted.MyAlgoLogic - [Sheza5] market monitor size is 0
22:58:19.330 [main] INFO  c.gettingstarted.MyAlgoLogic - [MYALGO] Initial quantity100 price 98
Current market monitor list is 
MYALGO- Current market monitor size is 0
22:58:19.330 [main] INFO  c.gettingstarted.TimedLogic - [TIMEDLOGIC] Market is open
22:58:19.330 [main] INFO  c.gettingstarted.MyAlgoLogic - [MYALGO] Adding order for100@98
total order count is 20
22:58:19.330 [main] INFO  c.gettingstarted.MyAlgoLogic - [Sheza6] market monitor size is 0
22:58:19.330 [main] INFO  c.container.Actioner - [ALGO] Actioner, sending action:CreateChildOrder(side=BUY,quantity=100,price=98)
22:58:19.330 [main] INFO  c.sequencer.consumer.LoggingConsumer - [22] [CreateOrder](sbeTemplateId=4|sbeSchemaId=2|sbeSchemaVersion=0|sbeBlockLength=33):instrumentId=0|price=98|quantity=100|side=BUY|orderId=22
22:58:19.330 [main] INFO  c.gettingstarted.MyAlgoLogic - [MYALGO] The state of the order book is:
|----BID-----||----ASK----|
   101 @ 100    100 @ 98
   200 @ 110    200 @ 95
  5000 @ 115    300 @ 91
|------------||-----------|

22:58:19.330 [main] INFO  c.gettingstarted.MyAlgoLogic - [MYALGO] Algo Sees Book as: 
|----BID-----||----ASK----|
   101 @ 100    100 @ 98
   200 @ 110    200 @ 95
  5000 @ 115    300 @ 91
|------------||-----------|

22:58:19.330 [main] INFO  c.gettingstarted.MyAlgoLogic - [Sheza5] market monitor size is 0
22:58:19.330 [main] INFO  c.gettingstarted.MyAlgoLogic - [MYALGO] Initial quantity100 price 98
Current market monitor list is 
MYALGO- Current market monitor size is 0
22:58:19.330 [main] INFO  c.gettingstarted.TimedLogic - [TIMEDLOGIC] Market is open
22:58:19.330 [main] INFO  c.gettingstarted.MyAlgoLogic - [MYALGO] Adding order for100@98
total order count is 21
22:58:19.330 [main] INFO  c.gettingstarted.MyAlgoLogic - [Sheza6] market monitor size is 0
22:58:19.330 [main] INFO  c.container.Actioner - [ALGO] Actioner, sending action:CreateChildOrder(side=BUY,quantity=100,price=98)
22:58:19.330 [main] INFO  c.sequencer.consumer.LoggingConsumer - [23] [CreateOrder](sbeTemplateId=4|sbeSchemaId=2|sbeSchemaVersion=0|sbeBlockLength=33):instrumentId=0|price=98|quantity=100|side=BUY|orderId=23
22:58:19.330 [main] INFO  c.gettingstarted.MyAlgoLogic - [MYALGO] The state of the order book is:
|----BID-----||----ASK----|
   101 @ 100    100 @ 98
   200 @ 110    200 @ 95
  5000 @ 115    300 @ 91
|------------||-----------|

22:58:19.330 [main] INFO  c.gettingstarted.MyAlgoLogic - [MYALGO] Algo Sees Book as: 
|----BID-----||----ASK----|
   101 @ 100    100 @ 98
   200 @ 110    200 @ 95
  5000 @ 115    300 @ 91
|------------||-----------|

22:58:19.330 [main] INFO  c.gettingstarted.MyAlgoLogic - [Sheza5] market monitor size is 0
22:58:19.330 [main] INFO  c.gettingstarted.MyAlgoLogic - [MYALGO] Initial quantity100 price 98
Current market monitor list is 
MYALGO- Current market monitor size is 0
22:58:19.330 [main] INFO  c.gettingstarted.TimedLogic - [TIMEDLOGIC] Market is open
22:58:19.330 [main] INFO  c.gettingstarted.MyAlgoLogic - [MYALGO] Adding order for100@98
total order count is 22
22:58:19.330 [main] INFO  c.gettingstarted.MyAlgoLogic - [Sheza6] market monitor size is 0
22:58:19.330 [main] INFO  c.container.Actioner - [ALGO] Actioner, sending action:CreateChildOrder(side=BUY,quantity=100,price=98)
22:58:19.330 [main] INFO  c.sequencer.consumer.LoggingConsumer - [24] [CreateOrder](sbeTemplateId=4|sbeSchemaId=2|sbeSchemaVersion=0|sbeBlockLength=33):instrumentId=0|price=98|quantity=100|side=BUY|orderId=24
22:58:19.330 [main] INFO  c.gettingstarted.MyAlgoLogic - [MYALGO] The state of the order book is:
|----BID-----||----ASK----|
   101 @ 100    100 @ 98
   200 @ 110    200 @ 95
  5000 @ 115    300 @ 91
|------------||-----------|

22:58:19.330 [main] INFO  c.gettingstarted.MyAlgoLogic - [MYALGO] Algo Sees Book as: 
|----BID-----||----ASK----|
   101 @ 100    100 @ 98
   200 @ 110    200 @ 95
  5000 @ 115    300 @ 91
|------------||-----------|

22:58:19.330 [main] INFO  c.gettingstarted.MyAlgoLogic - [Sheza5] market monitor size is 0
22:58:19.330 [main] INFO  c.gettingstarted.MyAlgoLogic - [MYALGO] Initial quantity100 price 98
Current market monitor list is 
MYALGO- Current market monitor size is 0
22:58:19.330 [main] INFO  c.gettingstarted.TimedLogic - [TIMEDLOGIC] Market is open
22:58:19.330 [main] INFO  c.gettingstarted.MyAlgoLogic - [MYALGO] Adding order for100@98
total order count is 23
22:58:19.330 [main] INFO  c.gettingstarted.MyAlgoLogic - [Sheza6] market monitor size is 0
22:58:19.330 [main] INFO  c.container.Actioner - [ALGO] Actioner, sending action:CreateChildOrder(side=BUY,quantity=100,price=98)
22:58:19.330 [main] INFO  c.sequencer.consumer.LoggingConsumer - [25] [CreateOrder](sbeTemplateId=4|sbeSchemaId=2|sbeSchemaVersion=0|sbeBlockLength=33):instrumentId=0|price=98|quantity=100|side=BUY|orderId=25
22:58:19.330 [main] INFO  c.gettingstarted.MyAlgoLogic - [MYALGO] The state of the order book is:
|----BID-----||----ASK----|
   101 @ 100    100 @ 98
   200 @ 110    200 @ 95
  5000 @ 115    300 @ 91
|------------||-----------|

22:58:19.330 [main] INFO  c.gettingstarted.MyAlgoLogic - [MYALGO] Algo Sees Book as: 
|----BID-----||----ASK----|
   101 @ 100    100 @ 98
   200 @ 110    200 @ 95
  5000 @ 115    300 @ 91
|------------||-----------|

22:58:19.330 [main] INFO  c.gettingstarted.MyAlgoLogic - [Sheza5] market monitor size is 0
22:58:19.330 [main] INFO  c.gettingstarted.MyAlgoLogic - [MYALGO] Initial quantity100 price 98
Current market monitor list is 
MYALGO- Current market monitor size is 0
22:58:19.330 [main] INFO  c.gettingstarted.TimedLogic - [TIMEDLOGIC] Market is open
22:58:19.330 [main] INFO  c.gettingstarted.MyAlgoLogic - [MYALGO] Adding order for100@98
total order count is 24
22:58:19.330 [main] INFO  c.gettingstarted.MyAlgoLogic - [Sheza6] market monitor size is 0
22:58:19.330 [main] INFO  c.container.Actioner - [ALGO] Actioner, sending action:CreateChildOrder(side=BUY,quantity=100,price=98)
22:58:19.330 [main] INFO  c.sequencer.consumer.LoggingConsumer - [26] [CreateOrder](sbeTemplateId=4|sbeSchemaId=2|sbeSchemaVersion=0|sbeBlockLength=33):instrumentId=0|price=98|quantity=100|side=BUY|orderId=26
22:58:19.330 [main] INFO  c.gettingstarted.MyAlgoLogic - [MYALGO] The state of the order book is:
|----BID-----||----ASK----|
   101 @ 100    100 @ 98
   200 @ 110    200 @ 95
  5000 @ 115    300 @ 91
|------------||-----------|

22:58:19.330 [main] INFO  c.gettingstarted.MyAlgoLogic - [MYALGO] Algo Sees Book as: 
|----BID-----||----ASK----|
   101 @ 100    100 @ 98
   200 @ 110    200 @ 95
  5000 @ 115    300 @ 91
|------------||-----------|

22:58:19.330 [main] INFO  c.gettingstarted.MyAlgoLogic - [Sheza5] market monitor size is 0
22:58:19.330 [main] INFO  c.gettingstarted.MyAlgoLogic - [MYALGO] Initial quantity100 price 98
Current market monitor list is 
MYALGO- Current market monitor size is 0
22:58:19.330 [main] INFO  c.gettingstarted.TimedLogic - [TIMEDLOGIC] Market is open
22:58:19.330 [main] INFO  c.gettingstarted.MyAlgoLogic - [MYALGO] Adding order for100@98
total order count is 25
22:58:19.330 [main] INFO  c.gettingstarted.MyAlgoLogic - [Sheza6] market monitor size is 0
22:58:19.330 [main] INFO  c.container.Actioner - [ALGO] Actioner, sending action:CreateChildOrder(side=BUY,quantity=100,price=98)
22:58:19.330 [main] INFO  c.sequencer.consumer.LoggingConsumer - [27] [CreateOrder](sbeTemplateId=4|sbeSchemaId=2|sbeSchemaVersion=0|sbeBlockLength=33):instrumentId=0|price=98|quantity=100|side=BUY|orderId=27
22:58:19.330 [main] INFO  c.gettingstarted.MyAlgoLogic - [MYALGO] The state of the order book is:
|----BID-----||----ASK----|
   101 @ 100    100 @ 98
   200 @ 110    200 @ 95
  5000 @ 115    300 @ 91
|------------||-----------|

22:58:19.330 [main] INFO  c.gettingstarted.MyAlgoLogic - [MYALGO] Algo Sees Book as: 
|----BID-----||----ASK----|
   101 @ 100    100 @ 98
   200 @ 110    200 @ 95
  5000 @ 115    300 @ 91
|------------||-----------|

22:58:19.330 [main] INFO  c.gettingstarted.MyAlgoLogic - [Sheza5] market monitor size is 0
22:58:19.330 [main] INFO  c.gettingstarted.MyAlgoLogic - [MYALGO] Initial quantity100 price 98
Current market monitor list is 
MYALGO- Current market monitor size is 0
22:58:19.330 [main] INFO  c.gettingstarted.TimedLogic - [TIMEDLOGIC] Market is open
22:58:19.330 [main] INFO  c.gettingstarted.MyAlgoLogic - [MYALGO] Adding order for100@98
total order count is 26
22:58:19.330 [main] INFO  c.gettingstarted.MyAlgoLogic - [Sheza6] market monitor size is 0
22:58:19.330 [main] INFO  c.container.Actioner - [ALGO] Actioner, sending action:CreateChildOrder(side=BUY,quantity=100,price=98)
22:58:19.330 [main] INFO  c.sequencer.consumer.LoggingConsumer - [28] [CreateOrder](sbeTemplateId=4|sbeSchemaId=2|sbeSchemaVersion=0|sbeBlockLength=33):instrumentId=0|price=98|quantity=100|side=BUY|orderId=28
22:58:19.330 [main] INFO  c.gettingstarted.MyAlgoLogic - [MYALGO] The state of the order book is:
|----BID-----||----ASK----|
   101 @ 100    100 @ 98
   200 @ 110    200 @ 95
  5000 @ 115    300 @ 91
|------------||-----------|

22:58:19.330 [main] INFO  c.gettingstarted.MyAlgoLogic - [MYALGO] Algo Sees Book as: 
|----BID-----||----ASK----|
   101 @ 100    100 @ 98
   200 @ 110    200 @ 95
  5000 @ 115    300 @ 91
|------------||-----------|

22:58:19.330 [main] INFO  c.gettingstarted.MyAlgoLogic - [Sheza5] market monitor size is 0
22:58:19.330 [main] INFO  c.gettingstarted.MyAlgoLogic - [MYALGO] Initial quantity100 price 98
Current market monitor list is 
MYALGO- Current market monitor size is 0
22:58:19.330 [main] INFO  c.gettingstarted.TimedLogic - [TIMEDLOGIC] Market is open
22:58:19.330 [main] INFO  c.gettingstarted.MyAlgoLogic - [MYALGO] Adding order for100@98
total order count is 27
22:58:19.330 [main] INFO  c.gettingstarted.MyAlgoLogic - [Sheza6] market monitor size is 0
22:58:19.330 [main] INFO  c.container.Actioner - [ALGO] Actioner, sending action:CreateChildOrder(side=BUY,quantity=100,price=98)
22:58:19.330 [main] INFO  c.sequencer.consumer.LoggingConsumer - [29] [CreateOrder](sbeTemplateId=4|sbeSchemaId=2|sbeSchemaVersion=0|sbeBlockLength=33):instrumentId=0|price=98|quantity=100|side=BUY|orderId=29
22:58:19.330 [main] INFO  c.gettingstarted.MyAlgoLogic - [MYALGO] The state of the order book is:
|----BID-----||----ASK----|
   101 @ 100    100 @ 98
   200 @ 110    200 @ 95
  5000 @ 115    300 @ 91
|------------||-----------|

22:58:19.330 [main] INFO  c.gettingstarted.MyAlgoLogic - [MYALGO] Algo Sees Book as: 
|----BID-----||----ASK----|
   101 @ 100    100 @ 98
   200 @ 110    200 @ 95
  5000 @ 115    300 @ 91
|------------||-----------|

22:58:19.330 [main] INFO  c.gettingstarted.MyAlgoLogic - [Sheza5] market monitor size is 0
22:58:19.330 [main] INFO  c.gettingstarted.MyAlgoLogic - [MYALGO] Initial quantity100 price 98
Current market monitor list is 
MYALGO- Current market monitor size is 0
22:58:19.330 [main] INFO  c.gettingstarted.TimedLogic - [TIMEDLOGIC] Market is open
22:58:19.330 [main] INFO  c.gettingstarted.MyAlgoLogic - [MYALGO] Adding order for100@98
total order count is 28
22:58:19.330 [main] INFO  c.gettingstarted.MyAlgoLogic - [Sheza6] market monitor size is 0
22:58:19.330 [main] INFO  c.container.Actioner - [ALGO] Actioner, sending action:CreateChildOrder(side=BUY,quantity=100,price=98)
22:58:19.330 [main] INFO  c.sequencer.consumer.LoggingConsumer - [30] [CreateOrder](sbeTemplateId=4|sbeSchemaId=2|sbeSchemaVersion=0|sbeBlockLength=33):instrumentId=0|price=98|quantity=100|side=BUY|orderId=30
22:58:19.330 [main] INFO  c.gettingstarted.MyAlgoLogic - [MYALGO] The state of the order book is:
|----BID-----||----ASK----|
   101 @ 100    100 @ 98
   200 @ 110    200 @ 95
  5000 @ 115    300 @ 91
|------------||-----------|

22:58:19.330 [main] INFO  c.gettingstarted.MyAlgoLogic - [MYALGO] Algo Sees Book as: 
|----BID-----||----ASK----|
   101 @ 100    100 @ 98
   200 @ 110    200 @ 95
  5000 @ 115    300 @ 91
|------------||-----------|

22:58:19.330 [main] INFO  c.gettingstarted.MyAlgoLogic - [Sheza5] market monitor size is 0
22:58:19.337 [main] INFO  c.gettingstarted.MyAlgoLogic - [MYALGO] Initial quantity100 price 98
Current market monitor list is 
MYALGO- Current market monitor size is 0
22:58:19.337 [main] INFO  c.gettingstarted.TimedLogic - [TIMEDLOGIC] Market is open
22:58:19.337 [main] INFO  c.gettingstarted.MyAlgoLogic - [MYALGO] Adding order for100@98
total order count is 29
22:58:19.337 [main] INFO  c.gettingstarted.MyAlgoLogic - [Sheza6] market monitor size is 0
22:58:19.337 [main] INFO  c.container.Actioner - [ALGO] Actioner, sending action:CreateChildOrder(side=BUY,quantity=100,price=98)
22:58:19.337 [main] INFO  c.sequencer.consumer.LoggingConsumer - [31] [CreateOrder](sbeTemplateId=4|sbeSchemaId=2|sbeSchemaVersion=0|sbeBlockLength=33):instrumentId=0|price=98|quantity=100|side=BUY|orderId=31
22:58:19.337 [main] INFO  c.gettingstarted.MyAlgoLogic - [MYALGO] The state of the order book is:
|----BID-----||----ASK----|
   101 @ 100    100 @ 98
   200 @ 110    200 @ 95
  5000 @ 115    300 @ 91
|------------||-----------|

22:58:19.337 [main] INFO  c.gettingstarted.MyAlgoLogic - [MYALGO] Algo Sees Book as: 
|----BID-----||----ASK----|
   101 @ 100    100 @ 98
   200 @ 110    200 @ 95
  5000 @ 115    300 @ 91
|------------||-----------|

22:58:19.337 [main] INFO  c.gettingstarted.MyAlgoLogic - [Sheza5] market monitor size is 0
22:58:19.337 [main] INFO  c.gettingstarted.MyAlgoLogic - [MYALGO] Initial quantity100 price 98
Current market monitor list is 
MYALGO- Current market monitor size is 0
22:58:19.337 [main] INFO  c.gettingstarted.TimedLogic - [TIMEDLOGIC] Market is open
22:58:19.337 [main] INFO  c.gettingstarted.MyAlgoLogic - [MYALGO] Adding order for100@98
total order count is 30
22:58:19.337 [main] INFO  c.gettingstarted.MyAlgoLogic - [Sheza6] market monitor size is 0
22:58:19.337 [main] INFO  c.container.Actioner - [ALGO] Actioner, sending action:CreateChildOrder(side=BUY,quantity=100,price=98)
22:58:19.337 [main] INFO  c.sequencer.consumer.LoggingConsumer - [32] [CreateOrder](sbeTemplateId=4|sbeSchemaId=2|sbeSchemaVersion=0|sbeBlockLength=33):instrumentId=0|price=98|quantity=100|side=BUY|orderId=32
22:58:19.337 [main] INFO  c.gettingstarted.MyAlgoLogic - [MYALGO] The state of the order book is:
|----BID-----||----ASK----|
   101 @ 100    100 @ 98
   200 @ 110    200 @ 95
  5000 @ 115    300 @ 91
|------------||-----------|

22:58:19.337 [main] INFO  c.gettingstarted.MyAlgoLogic - [MYALGO] Algo Sees Book as: 
|----BID-----||----ASK----|
   101 @ 100    100 @ 98
   200 @ 110    200 @ 95
  5000 @ 115    300 @ 91
|------------||-----------|

22:58:19.337 [main] INFO  c.gettingstarted.MyAlgoLogic - [Sheza5] market monitor size is 0
22:58:19.337 [main] INFO  c.gettingstarted.MyAlgoLogic - [MYALGO] Initial quantity100 price 98
Current market monitor list is 
MYALGO- Current market monitor size is 0
22:58:19.337 [main] INFO  c.gettingstarted.TimedLogic - [TIMEDLOGIC] Market is open
22:58:19.337 [main] INFO  c.gettingstarted.MyAlgoLogic - [MYALGO] Adding order for100@98
total order count is 31
22:58:19.337 [main] INFO  c.gettingstarted.MyAlgoLogic - [Sheza6] market monitor size is 0
22:58:19.337 [main] INFO  c.container.Actioner - [ALGO] Actioner, sending action:CreateChildOrder(side=BUY,quantity=100,price=98)
22:58:19.337 [main] INFO  c.sequencer.consumer.LoggingConsumer - [33] [CreateOrder](sbeTemplateId=4|sbeSchemaId=2|sbeSchemaVersion=0|sbeBlockLength=33):instrumentId=0|price=98|quantity=100|side=BUY|orderId=33
22:58:19.337 [main] INFO  c.gettingstarted.MyAlgoLogic - [MYALGO] The state of the order book is:
|----BID-----||----ASK----|
   101 @ 100    100 @ 98
   200 @ 110    200 @ 95
  5000 @ 115    300 @ 91
|------------||-----------|

22:58:19.337 [main] INFO  c.gettingstarted.MyAlgoLogic - [MYALGO] Algo Sees Book as: 
|----BID-----||----ASK----|
   101 @ 100    100 @ 98
   200 @ 110    200 @ 95
  5000 @ 115    300 @ 91
|------------||-----------|

22:58:19.337 [main] INFO  c.gettingstarted.MyAlgoLogic - [Sheza5] market monitor size is 0
22:58:19.337 [main] INFO  c.gettingstarted.MyAlgoLogic - [MYALGO] Initial quantity100 price 98
Current market monitor list is 
MYALGO- Current market monitor size is 0
22:58:19.337 [main] INFO  c.gettingstarted.TimedLogic - [TIMEDLOGIC] Market is open
22:58:19.337 [main] INFO  c.gettingstarted.MyAlgoLogic - [MYALGO] Adding order for100@98
total order count is 32
22:58:19.337 [main] INFO  c.gettingstarted.MyAlgoLogic - [Sheza6] market monitor size is 0
22:58:19.337 [main] INFO  c.container.Actioner - [ALGO] Actioner, sending action:CreateChildOrder(side=BUY,quantity=100,price=98)
22:58:19.337 [main] INFO  c.sequencer.consumer.LoggingConsumer - [34] [CreateOrder](sbeTemplateId=4|sbeSchemaId=2|sbeSchemaVersion=0|sbeBlockLength=33):instrumentId=0|price=98|quantity=100|side=BUY|orderId=34
22:58:19.337 [main] INFO  c.gettingstarted.MyAlgoLogic - [MYALGO] The state of the order book is:
|----BID-----||----ASK----|
   101 @ 100    100 @ 98
   200 @ 110    200 @ 95
  5000 @ 115    300 @ 91
|------------||-----------|

22:58:19.337 [main] INFO  c.gettingstarted.MyAlgoLogic - [MYALGO] Algo Sees Book as: 
|----BID-----||----ASK----|
   101 @ 100    100 @ 98
   200 @ 110    200 @ 95
  5000 @ 115    300 @ 91
|------------||-----------|

22:58:19.337 [main] INFO  c.gettingstarted.MyAlgoLogic - [Sheza5] market monitor size is 0
22:58:19.337 [main] INFO  c.gettingstarted.MyAlgoLogic - [MYALGO] Initial quantity100 price 98
Current market monitor list is 
MYALGO- Current market monitor size is 0
22:58:19.337 [main] INFO  c.gettingstarted.TimedLogic - [TIMEDLOGIC] Market is open
22:58:19.337 [main] INFO  c.gettingstarted.MyAlgoLogic - [MYALGO] Adding order for100@98
total order count is 33
22:58:19.337 [main] INFO  c.gettingstarted.MyAlgoLogic - [Sheza6] market monitor size is 0
22:58:19.337 [main] INFO  c.container.Actioner - [ALGO] Actioner, sending action:CreateChildOrder(side=BUY,quantity=100,price=98)
22:58:19.339 [main] INFO  c.sequencer.consumer.LoggingConsumer - [35] [CreateOrder](sbeTemplateId=4|sbeSchemaId=2|sbeSchemaVersion=0|sbeBlockLength=33):instrumentId=0|price=98|quantity=100|side=BUY|orderId=35
22:58:19.339 [main] INFO  c.gettingstarted.MyAlgoLogic - [MYALGO] The state of the order book is:
|----BID-----||----ASK----|
   101 @ 100    100 @ 98
   200 @ 110    200 @ 95
  5000 @ 115    300 @ 91
|------------||-----------|

22:58:19.339 [main] INFO  c.gettingstarted.MyAlgoLogic - [MYALGO] Algo Sees Book as: 
|----BID-----||----ASK----|
   101 @ 100    100 @ 98
   200 @ 110    200 @ 95
  5000 @ 115    300 @ 91
|------------||-----------|

22:58:19.339 [main] INFO  c.gettingstarted.MyAlgoLogic - [Sheza5] market monitor size is 0
22:58:19.339 [main] INFO  c.gettingstarted.MyAlgoLogic - [MYALGO] Initial quantity100 price 98
Current market monitor list is 
MYALGO- Current market monitor size is 0
22:58:19.339 [main] INFO  c.gettingstarted.TimedLogic - [TIMEDLOGIC] Market is open
22:58:19.339 [pool-145-thread-1] INFO  c.gettingstarted.TimedLogic - [TIMEDLOGIC] data harvesting
Current market monitor list is 
yolo Price: 97, Quantity: 95Current time: 22:58:19.167633100
22:58:19.339 [pool-145-thread-1] INFO  c.gettingstarted.TimedLogic - [Sheza2] market monitor size is 1
Current market monitor size is 1
22:58:19.339 [pool-145-thread-1] INFO  c.gettingstarted.TimedLogic - [Sheza3] market monitor size is 1
22:58:19.339 [main] INFO  c.gettingstarted.MyAlgoLogic - [MYALGO] Adding order for100@98
total order count is 34
22:58:19.339 [main] INFO  c.gettingstarted.MyAlgoLogic - [Sheza6] market monitor size is 0
22:58:19.339 [main] INFO  c.container.Actioner - [ALGO] Actioner, sending action:CreateChildOrder(side=BUY,quantity=100,price=98)
22:58:19.339 [main] INFO  c.sequencer.consumer.LoggingConsumer - [36] [CreateOrder](sbeTemplateId=4|sbeSchemaId=2|sbeSchemaVersion=0|sbeBlockLength=33):instrumentId=0|price=98|quantity=100|side=BUY|orderId=36
22:58:19.339 [main] INFO  c.gettingstarted.MyAlgoLogic - [MYALGO] The state of the order book is:
|----BID-----||----ASK----|
   101 @ 100    100 @ 98
   200 @ 110    200 @ 95
  5000 @ 115    300 @ 91
|------------||-----------|

22:58:19.339 [main] INFO  c.gettingstarted.MyAlgoLogic - [MYALGO] Algo Sees Book as: 
|----BID-----||----ASK----|
   101 @ 100    100 @ 98
   200 @ 110    200 @ 95
  5000 @ 115    300 @ 91
|------------||-----------|

22:58:19.339 [main] INFO  c.gettingstarted.MyAlgoLogic - [Sheza5] market monitor size is 0
22:58:19.339 [main] INFO  c.gettingstarted.MyAlgoLogic - [MYALGO] Initial quantity100 price 98
Current market monitor list is 
MYALGO- Current market monitor size is 0
22:58:19.339 [main] INFO  c.gettingstarted.TimedLogic - [TIMEDLOGIC] Market is open
22:58:19.339 [main] INFO  c.gettingstarted.MyAlgoLogic - [MYALGO] Adding order for100@98
total order count is 35
22:58:19.339 [main] INFO  c.gettingstarted.MyAlgoLogic - [Sheza6] market monitor size is 0
22:58:19.339 [main] INFO  c.container.Actioner - [ALGO] Actioner, sending action:CreateChildOrder(side=BUY,quantity=100,price=98)
22:58:19.339 [main] INFO  c.sequencer.consumer.LoggingConsumer - [37] [CreateOrder](sbeTemplateId=4|sbeSchemaId=2|sbeSchemaVersion=0|sbeBlockLength=33):instrumentId=0|price=98|quantity=100|side=BUY|orderId=37
22:58:19.339 [main] INFO  c.gettingstarted.MyAlgoLogic - [MYALGO] The state of the order book is:
|----BID-----||----ASK----|
   101 @ 100    100 @ 98
   200 @ 110    200 @ 95
  5000 @ 115    300 @ 91
|------------||-----------|

22:58:19.339 [main] INFO  c.gettingstarted.MyAlgoLogic - [MYALGO] Algo Sees Book as: 
|----BID-----||----ASK----|
   101 @ 100    100 @ 98
   200 @ 110    200 @ 95
  5000 @ 115    300 @ 91
|------------||-----------|

22:58:19.339 [main] INFO  c.gettingstarted.MyAlgoLogic - [Sheza5] market monitor size is 0
22:58:19.339 [main] INFO  c.gettingstarted.MyAlgoLogic - [MYALGO] Initial quantity100 price 98
Current market monitor list is 
MYALGO- Current market monitor size is 0
22:58:19.339 [main] INFO  c.gettingstarted.TimedLogic - [TIMEDLOGIC] Market is open
22:58:19.347 [pool-146-thread-1] INFO  c.gettingstarted.TimedLogic - [TIMEDLOGIC] data harvesting
Current market monitor list is 
yolo Price: 97, Quantity: 95Current time: 22:58:19.167633100
22:58:19.347 [pool-146-thread-1] INFO  c.gettingstarted.TimedLogic - [Sheza2] market monitor size is 1
Current market monitor size is 1
22:58:19.347 [pool-146-thread-1] INFO  c.gettingstarted.TimedLogic - [Sheza3] market monitor size is 1
22:58:19.348 [pool-147-thread-1] INFO  c.gettingstarted.TimedLogic - [TIMEDLOGIC] data harvesting
Current market monitor list is 
yolo Price: 97, Quantity: 95Current time: 22:58:19.167633100
22:58:19.348 [pool-147-thread-1] INFO  c.gettingstarted.TimedLogic - [Sheza2] market monitor size is 1
Current market monitor size is 1
22:58:19.348 [pool-147-thread-1] INFO  c.gettingstarted.TimedLogic - [Sheza3] market monitor size is 1
22:58:19.350 [pool-149-thread-1] INFO  c.gettingstarted.TimedLogic - [TIMEDLOGIC] data harvesting
Current market monitor list is 
yolo Price: 97, Quantity: 95Current time: 22:58:19.173854900
22:58:19.350 [pool-149-thread-1] INFO  c.gettingstarted.TimedLogic - [Sheza2] market monitor size is 1
Current market monitor size is 1
22:58:19.350 [pool-149-thread-1] INFO  c.gettingstarted.TimedLogic - [Sheza3] market monitor size is 1
22:58:19.353 [pool-148-thread-1] INFO  c.gettingstarted.TimedLogic - [TIMEDLOGIC] data harvesting
Current market monitor list is 
yolo Price: 97, Quantity: 95Current time: 22:58:19.173854900
22:58:19.353 [pool-148-thread-1] INFO  c.gettingstarted.TimedLogic - [Sheza2] market monitor size is 1
Current market monitor size is 1
22:58:19.353 [pool-148-thread-1] INFO  c.gettingstarted.TimedLogic - [Sheza3] market monitor size is 1
22:58:19.353 [pool-150-thread-1] INFO  c.gettingstarted.TimedLogic - [TIMEDLOGIC] data harvesting
Current market monitor list is 
yolo Price: 97, Quantity: 95Current time: 22:58:19.174887300
22:58:19.353 [pool-150-thread-1] INFO  c.gettingstarted.TimedLogic - [Sheza2] market monitor size is 1
Current market monitor size is 1
22:58:19.353 [pool-150-thread-1] INFO  c.gettingstarted.TimedLogic - [Sheza3] market monitor size is 1
22:58:19.357 [pool-151-thread-1] INFO  c.gettingstarted.TimedLogic - [TIMEDLOGIC] data harvesting
Current market monitor list is 
yolo Price: 97, Quantity: 95Current time: 22:58:19.175848500
22:58:19.357 [pool-151-thread-1] INFO  c.gettingstarted.TimedLogic - [Sheza2] market monitor size is 1
Current market monitor size is 1
22:58:19.357 [pool-151-thread-1] INFO  c.gettingstarted.TimedLogic - [Sheza3] market monitor size is 1
22:58:19.360 [pool-153-thread-1] INFO  c.gettingstarted.TimedLogic - [TIMEDLOGIC] data harvesting
Current market monitor list is 
yolo Price: 97, Quantity: 95Current time: 22:58:19.176809400
22:58:19.360 [pool-153-thread-1] INFO  c.gettingstarted.TimedLogic - [Sheza2] market monitor size is 1
Current market monitor size is 1
22:58:19.360 [pool-153-thread-1] INFO  c.gettingstarted.TimedLogic - [Sheza3] market monitor size is 1
22:58:19.369 [pool-152-thread-1] INFO  c.gettingstarted.TimedLogic - [TIMEDLOGIC] data harvesting
Current market monitor list is 
yolo Price: 97, Quantity: 95Current time: 22:58:19.175848500
22:58:19.369 [pool-152-thread-1] INFO  c.gettingstarted.TimedLogic - [Sheza2] market monitor size is 1
Current market monitor size is 1
22:58:19.369 [pool-152-thread-1] INFO  c.gettingstarted.TimedLogic - [Sheza3] market monitor size is 1
22:58:19.371 [pool-154-thread-1] INFO  c.gettingstarted.TimedLogic - [TIMEDLOGIC] data harvesting
Current market monitor list is 
yolo Price: 97, Quantity: 95Current time: 22:58:19.176809400
22:58:19.371 [pool-154-thread-1] INFO  c.gettingstarted.TimedLogic - [Sheza2] market monitor size is 1
Current market monitor size is 1
22:58:19.371 [pool-154-thread-1] INFO  c.gettingstarted.TimedLogic - [Sheza3] market monitor size is 1
22:58:19.371 [pool-155-thread-1] INFO  c.gettingstarted.TimedLogic - [TIMEDLOGIC] data harvesting
Current market monitor list is 
yolo Price: 97, Quantity: 95Current time: 22:58:19.176809400
22:58:19.371 [pool-155-thread-1] INFO  c.gettingstarted.TimedLogic - [Sheza2] market monitor size is 1
Current market monitor size is 1
22:58:19.371 [pool-155-thread-1] INFO  c.gettingstarted.TimedLogic - [Sheza3] market monitor size is 1
22:58:19.380 [pool-156-thread-1] INFO  c.gettingstarted.TimedLogic - [TIMEDLOGIC] data harvesting
Current market monitor list is 
yolo Price: 97, Quantity: 95Current time: 22:58:19.177829800
22:58:19.380 [pool-156-thread-1] INFO  c.gettingstarted.TimedLogic - [Sheza2] market monitor size is 1
Current market monitor size is 1
22:58:19.380 [pool-156-thread-1] INFO  c.gettingstarted.TimedLogic - [Sheza3] market monitor size is 1
22:58:19.380 [pool-157-thread-1] INFO  c.gettingstarted.TimedLogic - [TIMEDLOGIC] data harvesting
Current market monitor list is 
yolo Price: 97, Quantity: 95Current time: 22:58:19.179807900
22:58:19.380 [pool-157-thread-1] INFO  c.gettingstarted.TimedLogic - [Sheza2] market monitor size is 1
Current market monitor size is 1
22:58:19.380 [pool-157-thread-1] INFO  c.gettingstarted.TimedLogic - [Sheza3] market monitor size is 1
22:58:19.390 [pool-94-thread-1] INFO  c.gettingstarted.TimedLogic - [TIMEDLOGIC] data harvesting
Current market monitor list is 
yolo Price: 97, Quantity: 95Current time: 22:58:19.116930200
22:58:19.390 [pool-94-thread-1] INFO  c.gettingstarted.TimedLogic - [Sheza2] market monitor size is 1
Current market monitor size is 1
22:58:19.390 [pool-94-thread-1] INFO  c.gettingstarted.TimedLogic - [Sheza3] market monitor size is 1
22:58:19.390 [pool-114-thread-1] INFO  c.gettingstarted.TimedLogic - [TIMEDLOGIC] data harvesting
Current market monitor list is 
yolo Price: 97, Quantity: 95Current time: 22:58:19.126731100
22:58:19.390 [pool-114-thread-1] INFO  c.gettingstarted.TimedLogic - [Sheza2] market monitor size is 1
Current market monitor size is 1
22:58:19.390 [pool-114-thread-1] INFO  c.gettingstarted.TimedLogic - [Sheza3] market monitor size is 1
22:58:19.399 [pool-68-thread-1] INFO  c.gettingstarted.TimedLogic - [TIMEDLOGIC] data harvesting
Current market monitor list is 
yolo Price: 98, Quantity: 100Current time: 22:58:18.973598100
22:58:19.399 [pool-68-thread-1] INFO  c.gettingstarted.TimedLogic - [Sheza2] market monitor size is 1
Current market monitor size is 1
22:58:19.399 [pool-68-thread-1] INFO  c.gettingstarted.TimedLogic - [Sheza3] market monitor size is 1
22:58:19.399 [pool-132-thread-1] INFO  c.gettingstarted.TimedLogic - [TIMEDLOGIC] data harvesting
Current market monitor list is 
yolo Price: 97, Quantity: 95Current time: 22:58:19.157390900
22:58:19.399 [pool-132-thread-1] INFO  c.gettingstarted.TimedLogic - [Sheza2] market monitor size is 1
Current market monitor size is 1
22:58:19.399 [pool-132-thread-1] INFO  c.gettingstarted.TimedLogic - [Sheza3] market monitor size is 1
22:58:19.399 [pool-133-thread-1] INFO  c.gettingstarted.TimedLogic - [TIMEDLOGIC] data harvesting
Current market monitor list is 
yolo Price: 97, Quantity: 95Current time: 22:58:19.157390900
22:58:19.399 [pool-133-thread-1] INFO  c.gettingstarted.TimedLogic - [Sheza2] market monitor size is 1
Current market monitor size is 1
22:58:19.399 [pool-133-thread-1] INFO  c.gettingstarted.TimedLogic - [Sheza3] market monitor size is 1
22:58:19.399 [pool-131-thread-1] INFO  c.gettingstarted.TimedLogic - [TIMEDLOGIC] data harvesting
Current market monitor list is 
yolo Price: 97, Quantity: 95Current time: 22:58:19.156873100
22:58:19.399 [pool-131-thread-1] INFO  c.gettingstarted.TimedLogic - [Sheza2] market monitor size is 1
Current market monitor size is 1
22:58:19.399 [pool-131-thread-1] INFO  c.gettingstarted.TimedLogic - [Sheza3] market monitor size is 1
22:58:19.399 [pool-130-thread-1] INFO  c.gettingstarted.TimedLogic - [TIMEDLOGIC] data harvesting
Current market monitor list is 
yolo Price: 97, Quantity: 95Current time: 22:58:19.155871600
22:58:19.399 [pool-130-thread-1] INFO  c.gettingstarted.TimedLogic - [Sheza2] market monitor size is 1
Current market monitor size is 1
22:58:19.399 [pool-130-thread-1] INFO  c.gettingstarted.TimedLogic - [Sheza3] market monitor size is 1
22:58:19.399 [pool-129-thread-1] INFO  c.gettingstarted.TimedLogic - [TIMEDLOGIC] data harvesting
Current market monitor list is 
yolo Price: 97, Quantity: 95Current time: 22:58:19.155871600
22:58:19.399 [pool-129-thread-1] INFO  c.gettingstarted.TimedLogic - [Sheza2] market monitor size is 1
Current market monitor size is 1
22:58:19.399 [pool-129-thread-1] INFO  c.gettingstarted.TimedLogic - [Sheza3] market monitor size is 1
22:58:19.409 [pool-127-thread-1] INFO  c.gettingstarted.TimedLogic - [TIMEDLOGIC] data harvesting
Current market monitor list is 
yolo Price: 97, Quantity: 95Current time: 22:58:19.151733300
22:58:19.409 [pool-127-thread-1] INFO  c.gettingstarted.TimedLogic - [Sheza2] market monitor size is 1
Current market monitor size is 1
22:58:19.409 [pool-127-thread-1] INFO  c.gettingstarted.TimedLogic - [Sheza3] market monitor size is 1
22:58:19.409 [pool-125-thread-1] INFO  c.gettingstarted.TimedLogic - [TIMEDLOGIC] data harvesting
Current market monitor list is 
yolo Price: 97, Quantity: 95Current time: 22:58:19.150737400
22:58:19.409 [pool-125-thread-1] INFO  c.gettingstarted.TimedLogic - [Sheza2] market monitor size is 1
Current market monitor size is 1
22:58:19.409 [pool-125-thread-1] INFO  c.gettingstarted.TimedLogic - [Sheza3] market monitor size is 1
22:58:19.409 [pool-128-thread-1] INFO  c.gettingstarted.TimedLogic - [TIMEDLOGIC] data harvesting
Current market monitor list is 
yolo Price: 97, Quantity: 95Current time: 22:58:19.155237700
22:58:19.409 [pool-128-thread-1] INFO  c.gettingstarted.TimedLogic - [Sheza2] market monitor size is 1
Current market monitor size is 1
22:58:19.409 [pool-128-thread-1] INFO  c.gettingstarted.TimedLogic - [Sheza3] market monitor size is 1
22:58:19.418 [pool-126-thread-1] INFO  c.gettingstarted.TimedLogic - [TIMEDLOGIC] data harvesting
Current market monitor list is 
yolo Price: 97, Quantity: 95Current time: 22:58:19.151733300
22:58:19.418 [pool-126-thread-1] INFO  c.gettingstarted.TimedLogic - [Sheza2] market monitor size is 1
Current market monitor size is 1
22:58:19.418 [pool-126-thread-1] INFO  c.gettingstarted.TimedLogic - [Sheza3] market monitor size is 1
22:58:19.420 [pool-123-thread-1] INFO  c.gettingstarted.TimedLogic - [TIMEDLOGIC] data harvesting
Current market monitor list is 
yolo Price: 97, Quantity: 95Current time: 22:58:19.147301200
22:58:19.420 [pool-123-thread-1] INFO  c.gettingstarted.TimedLogic - [Sheza2] market monitor size is 1
Current market monitor size is 1
22:58:19.420 [pool-123-thread-1] INFO  c.gettingstarted.TimedLogic - [Sheza3] market monitor size is 1
22:58:19.420 [pool-117-thread-1] INFO  c.gettingstarted.TimedLogic - [TIMEDLOGIC] data harvesting
Current market monitor list is 
yolo Price: 97, Quantity: 95Current time: 22:58:19.143298200
22:58:19.420 [pool-117-thread-1] INFO  c.gettingstarted.TimedLogic - [Sheza2] market monitor size is 1
Current market monitor size is 1
22:58:19.420 [pool-117-thread-1] INFO  c.gettingstarted.TimedLogic - [Sheza3] market monitor size is 1
22:58:19.420 [pool-124-thread-1] INFO  c.gettingstarted.TimedLogic - [TIMEDLOGIC] data harvesting
Current market monitor list is 
yolo Price: 97, Quantity: 95Current time: 22:58:19.148304900
22:58:19.420 [pool-124-thread-1] INFO  c.gettingstarted.TimedLogic - [Sheza2] market monitor size is 1
Current market monitor size is 1
22:58:19.420 [pool-124-thread-1] INFO  c.gettingstarted.TimedLogic - [Sheza3] market monitor size is 1
22:58:19.420 [pool-122-thread-1] INFO  c.gettingstarted.TimedLogic - [TIMEDLOGIC] data harvesting
Current market monitor list is 
yolo Price: 97, Quantity: 95Current time: 22:58:19.146254900
22:58:19.420 [pool-122-thread-1] INFO  c.gettingstarted.TimedLogic - [Sheza2] market monitor size is 1
Current market monitor size is 1
22:58:19.420 [pool-122-thread-1] INFO  c.gettingstarted.TimedLogic - [Sheza3] market monitor size is 1
22:58:19.423 [pool-121-thread-1] INFO  c.gettingstarted.TimedLogic - [TIMEDLOGIC] data harvesting
Current market monitor list is 
yolo Price: 97, Quantity: 95Current time: 22:58:19.145244500
22:58:19.423 [pool-121-thread-1] INFO  c.gettingstarted.TimedLogic - [Sheza2] market monitor size is 1
Current market monitor size is 1
22:58:19.423 [pool-121-thread-1] INFO  c.gettingstarted.TimedLogic - [Sheza3] market monitor size is 1
22:58:19.425 [pool-120-thread-1] INFO  c.gettingstarted.TimedLogic - [TIMEDLOGIC] data harvesting
Current market monitor list is 
yolo Price: 97, Quantity: 95Current time: 22:58:19.145244500
22:58:19.425 [pool-120-thread-1] INFO  c.gettingstarted.TimedLogic - [Sheza2] market monitor size is 1
Current market monitor size is 1
22:58:19.425 [pool-120-thread-1] INFO  c.gettingstarted.TimedLogic - [Sheza3] market monitor size is 1
22:58:19.425 [pool-119-thread-1] INFO  c.gettingstarted.TimedLogic - [TIMEDLOGIC] data harvesting
Current market monitor list is 
yolo Price: 97, Quantity: 95Current time: 22:58:19.145244500
22:58:19.425 [pool-119-thread-1] INFO  c.gettingstarted.TimedLogic - [Sheza2] market monitor size is 1
Current market monitor size is 1
22:58:19.425 [pool-119-thread-1] INFO  c.gettingstarted.TimedLogic - [Sheza3] market monitor size is 1
22:58:19.425 [pool-118-thread-1] INFO  c.gettingstarted.TimedLogic - [TIMEDLOGIC] data harvesting
Current market monitor list is 
yolo Price: 97, Quantity: 95Current time: 22:58:19.144550300
22:58:19.425 [pool-118-thread-1] INFO  c.gettingstarted.TimedLogic - [Sheza2] market monitor size is 1
Current market monitor size is 1
22:58:19.425 [pool-118-thread-1] INFO  c.gettingstarted.TimedLogic - [Sheza3] market monitor size is 1
22:58:19.428 [pool-115-thread-1] INFO  c.gettingstarted.TimedLogic - [TIMEDLOGIC] data harvesting
Current market monitor list is 
yolo Price: 97, Quantity: 95Current time: 22:58:19.126731100
22:58:19.428 [pool-115-thread-1] INFO  c.gettingstarted.TimedLogic - [Sheza2] market monitor size is 1
Current market monitor size is 1
22:58:19.428 [pool-115-thread-1] INFO  c.gettingstarted.TimedLogic - [Sheza3] market monitor size is 1
22:58:19.429 [pool-113-thread-1] INFO  c.gettingstarted.TimedLogic - [TIMEDLOGIC] data harvesting
Current market monitor list is 
yolo Price: 97, Quantity: 95Current time: 22:58:19.124894500
22:58:19.429 [pool-113-thread-1] INFO  c.gettingstarted.TimedLogic - [Sheza2] market monitor size is 1
Current market monitor size is 1
22:58:19.429 [pool-113-thread-1] INFO  c.gettingstarted.TimedLogic - [Sheza3] market monitor size is 1
22:58:19.430 [pool-112-thread-1] INFO  c.gettingstarted.TimedLogic - [TIMEDLOGIC] data harvesting
Current market monitor list is 
yolo Price: 97, Quantity: 95Current time: 22:58:19.124894500
22:58:19.430 [pool-112-thread-1] INFO  c.gettingstarted.TimedLogic - [Sheza2] market monitor size is 1
Current market monitor size is 1
22:58:19.430 [pool-112-thread-1] INFO  c.gettingstarted.TimedLogic - [Sheza3] market monitor size is 1
22:58:19.430 [pool-111-thread-1] INFO  c.gettingstarted.TimedLogic - [TIMEDLOGIC] data harvesting
Current market monitor list is 
yolo Price: 97, Quantity: 95Current time: 22:58:19.124894500
22:58:19.430 [pool-111-thread-1] INFO  c.gettingstarted.TimedLogic - [Sheza2] market monitor size is 1
Current market monitor size is 1
22:58:19.430 [pool-111-thread-1] INFO  c.gettingstarted.TimedLogic - [Sheza3] market monitor size is 1
22:58:19.431 [pool-110-thread-1] INFO  c.gettingstarted.TimedLogic - [TIMEDLOGIC] data harvesting
Current market monitor list is 
yolo Price: 97, Quantity: 95Current time: 22:58:19.124894500
22:58:19.431 [pool-110-thread-1] INFO  c.gettingstarted.TimedLogic - [Sheza2] market monitor size is 1
Current market monitor size is 1
22:58:19.431 [pool-110-thread-1] INFO  c.gettingstarted.TimedLogic - [Sheza3] market monitor size is 1
22:58:19.432 [pool-109-thread-1] INFO  c.gettingstarted.TimedLogic - [TIMEDLOGIC] data harvesting
Current market monitor list is 
yolo Price: 97, Quantity: 95Current time: 22:58:19.124894500
22:58:19.432 [pool-109-thread-1] INFO  c.gettingstarted.TimedLogic - [Sheza2] market monitor size is 1
Current market monitor size is 1
22:58:19.432 [pool-109-thread-1] INFO  c.gettingstarted.TimedLogic - [Sheza3] market monitor size is 1
22:58:19.437 [pool-62-thread-1] INFO  c.gettingstarted.TimedLogic - [TIMEDLOGIC] data harvesting
Current market monitor list is 
yolo Price: 98, Quantity: 100Current time: 22:58:18.955447400
22:58:19.437 [pool-64-thread-1] INFO  c.gettingstarted.TimedLogic - [TIMEDLOGIC] data harvesting
Current market monitor list is 
22:58:19.437 [pool-62-thread-1] INFO  c.gettingstarted.TimedLogic - [Sheza2] market monitor size is 1
Current market monitor size is 1
22:58:19.437 [pool-62-thread-1] INFO  c.gettingstarted.TimedLogic - [Sheza3] market monitor size is 1
yolo Price: 98, Quantity: 100Current time: 22:58:18.963532100
22:58:19.437 [pool-64-thread-1] INFO  c.gettingstarted.TimedLogic - [Sheza2] market monitor size is 1
Current market monitor size is 1
22:58:19.437 [pool-64-thread-1] INFO  c.gettingstarted.TimedLogic - [Sheza3] market monitor size is 1
22:58:19.437 [pool-81-thread-1] INFO  c.gettingstarted.TimedLogic - [TIMEDLOGIC] data harvesting
Current market monitor list is 
yolo Price: 98, Quantity: 100Current time: 22:58:18.996662400
22:58:19.437 [pool-81-thread-1] INFO  c.gettingstarted.TimedLogic - [Sheza2] market monitor size is 1
Current market monitor size is 1
22:58:19.437 [pool-81-thread-1] INFO  c.gettingstarted.TimedLogic - [Sheza3] market monitor size is 1
22:58:19.437 [pool-100-thread-1] INFO  c.gettingstarted.TimedLogic - [TIMEDLOGIC] data harvesting
Current market monitor list is 
yolo Price: 97, Quantity: 95Current time: 22:58:19.116930200
22:58:19.437 [pool-100-thread-1] INFO  c.gettingstarted.TimedLogic - [Sheza2] market monitor size is 1
Current market monitor size is 1
22:58:19.437 [pool-100-thread-1] INFO  c.gettingstarted.TimedLogic - [Sheza3] market monitor size is 1
22:58:19.439 [pool-79-thread-1] INFO  c.gettingstarted.TimedLogic - [TIMEDLOGIC] data harvesting
Current market monitor list is 
yolo Price: 98, Quantity: 100Current time: 22:58:18.996662400
22:58:19.439 [pool-79-thread-1] INFO  c.gettingstarted.TimedLogic - [Sheza2] market monitor size is 1
Current market monitor size is 1
22:58:19.439 [pool-79-thread-1] INFO  c.gettingstarted.TimedLogic - [Sheza3] market monitor size is 1
22:58:19.439 [pool-82-thread-1] INFO  c.gettingstarted.TimedLogic - [TIMEDLOGIC] data harvesting
Current market monitor list is 
yolo Price: 98, Quantity: 100Current time: 22:58:18.996662400
22:58:19.439 [pool-82-thread-1] INFO  c.gettingstarted.TimedLogic - [Sheza2] market monitor size is 1
Current market monitor size is 1
22:58:19.439 [pool-82-thread-1] INFO  c.gettingstarted.TimedLogic - [Sheza3] market monitor size is 1
22:58:19.439 [pool-98-thread-1] INFO  c.gettingstarted.TimedLogic - [TIMEDLOGIC] data harvesting
Current market monitor list is 
yolo Price: 97, Quantity: 95Current time: 22:58:19.116930200
22:58:19.439 [pool-98-thread-1] INFO  c.gettingstarted.TimedLogic - [Sheza2] market monitor size is 1
Current market monitor size is 1
22:58:19.439 [pool-98-thread-1] INFO  c.gettingstarted.TimedLogic - [Sheza3] market monitor size is 1
22:58:19.439 [pool-66-thread-1] INFO  c.gettingstarted.TimedLogic - [TIMEDLOGIC] data harvesting
Current market monitor list is 
yolo Price: 98, Quantity: 100Current time: 22:58:18.965573100
22:58:19.439 [pool-66-thread-1] INFO  c.gettingstarted.TimedLogic - [Sheza2] market monitor size is 1
Current market monitor size is 1
22:58:19.439 [pool-66-thread-1] INFO  c.gettingstarted.TimedLogic - [Sheza3] market monitor size is 1
22:58:19.439 [pool-116-thread-1] INFO  c.gettingstarted.TimedLogic - [TIMEDLOGIC] data harvesting
Current market monitor list is 
yolo Price: 97, Quantity: 95Current time: 22:58:19.143298200
22:58:19.439 [pool-116-thread-1] INFO  c.gettingstarted.TimedLogic - [Sheza2] market monitor size is 1
Current market monitor size is 1
22:58:19.439 [pool-116-thread-1] INFO  c.gettingstarted.TimedLogic - [Sheza3] market monitor size is 1
22:58:19.440 [pool-104-thread-1] INFO  c.gettingstarted.TimedLogic - [TIMEDLOGIC] data harvesting
Current market monitor list is 
yolo Price: 97, Quantity: 95Current time: 22:58:19.116930200
22:58:19.440 [pool-104-thread-1] INFO  c.gettingstarted.TimedLogic - [Sheza2] market monitor size is 1
Current market monitor size is 1
22:58:19.440 [pool-104-thread-1] INFO  c.gettingstarted.TimedLogic - [Sheza3] market monitor size is 1
22:58:19.440 [pool-70-thread-1] INFO  c.gettingstarted.TimedLogic - [TIMEDLOGIC] data harvesting
Current market monitor list is 
yolo Price: 98, Quantity: 100Current time: 22:58:18.975615800
22:58:19.440 [pool-70-thread-1] INFO  c.gettingstarted.TimedLogic - [Sheza2] market monitor size is 1
Current market monitor size is 1
22:58:19.440 [pool-70-thread-1] INFO  c.gettingstarted.TimedLogic - [Sheza3] market monitor size is 1
22:58:19.441 [pool-92-thread-1] INFO  c.gettingstarted.TimedLogic - [TIMEDLOGIC] data harvesting
Current market monitor list is 
yolo Price: 97, Quantity: 95Current time: 22:58:19.116930200
22:58:19.441 [pool-92-thread-1] INFO  c.gettingstarted.TimedLogic - [Sheza2] market monitor size is 1
22:58:19.441 [pool-58-thread-1] INFO  c.gettingstarted.TimedLogic - [TIMEDLOGIC] data harvesting
Current market monitor list is 
Current market monitor size is 1
yolo Price: 98, Quantity: 100Current time: 22:58:18.945337800
22:58:19.441 [pool-92-thread-1] INFO  c.gettingstarted.TimedLogic - [Sheza3] market monitor size is 1
22:58:19.441 [pool-58-thread-1] INFO  c.gettingstarted.TimedLogic - [Sheza2] market monitor size is 1
Current market monitor size is 1
22:58:19.441 [pool-58-thread-1] INFO  c.gettingstarted.TimedLogic - [Sheza3] market monitor size is 1
22:58:19.442 [pool-137-thread-1] INFO  c.gettingstarted.TimedLogic - [TIMEDLOGIC] data harvesting
Current market monitor list is 
yolo Price: 97, Quantity: 95Current time: 22:58:19.157390900
22:58:19.443 [pool-137-thread-1] INFO  c.gettingstarted.TimedLogic - [Sheza2] market monitor size is 1
Current market monitor size is 1
22:58:19.443 [pool-137-thread-1] INFO  c.gettingstarted.TimedLogic - [Sheza3] market monitor size is 1
22:58:19.445 [main] INFO  c.gettingstarted.MyAlgoLogic - [MYALGO] Adding order for100@98
total order count is 36
22:58:19.445 [main] INFO  c.gettingstarted.MyAlgoLogic - [Sheza6] market monitor size is 0
22:58:19.445 [main] INFO  c.container.Actioner - [ALGO] Actioner, sending action:CreateChildOrder(side=BUY,quantity=100,price=98)
22:58:19.445 [main] INFO  c.sequencer.consumer.LoggingConsumer - [38] [CreateOrder](sbeTemplateId=4|sbeSchemaId=2|sbeSchemaVersion=0|sbeBlockLength=33):instrumentId=0|price=98|quantity=100|side=BUY|orderId=38
22:58:19.446 [main] INFO  c.gettingstarted.MyAlgoLogic - [MYALGO] The state of the order book is:
|----BID-----||----ASK----|
   101 @ 100    100 @ 98
   200 @ 110    200 @ 95
  5000 @ 115    300 @ 91
|------------||-----------|

22:58:19.446 [main] INFO  c.gettingstarted.MyAlgoLogic - [MYALGO] Algo Sees Book as: 
|----BID-----||----ASK----|
   101 @ 100    100 @ 98
   200 @ 110    200 @ 95
  5000 @ 115    300 @ 91
|------------||-----------|

22:58:19.446 [main] INFO  c.gettingstarted.MyAlgoLogic - [Sheza5] market monitor size is 0
22:58:19.446 [main] INFO  c.gettingstarted.MyAlgoLogic - [MYALGO] Initial quantity100 price 98
Current market monitor list is 
MYALGO- Current market monitor size is 0
22:58:19.446 [main] INFO  c.gettingstarted.TimedLogic - [TIMEDLOGIC] Market is open
22:58:19.451 [main] INFO  c.gettingstarted.MyAlgoLogic - [MYALGO] Adding order for100@98
total order count is 37
22:58:19.451 [main] INFO  c.gettingstarted.MyAlgoLogic - [Sheza6] market monitor size is 0
22:58:19.451 [main] INFO  c.container.Actioner - [ALGO] Actioner, sending action:CreateChildOrder(side=BUY,quantity=100,price=98)
22:58:19.451 [main] INFO  c.sequencer.consumer.LoggingConsumer - [39] [CreateOrder](sbeTemplateId=4|sbeSchemaId=2|sbeSchemaVersion=0|sbeBlockLength=33):instrumentId=0|price=98|quantity=100|side=BUY|orderId=39
22:58:19.451 [main] INFO  c.gettingstarted.MyAlgoLogic - [MYALGO] The state of the order book is:
|----BID-----||----ASK----|
   101 @ 100    100 @ 98
   200 @ 110    200 @ 95
  5000 @ 115    300 @ 91
|------------||-----------|

22:58:19.451 [main] INFO  c.gettingstarted.MyAlgoLogic - [MYALGO] Algo Sees Book as: 
|----BID-----||----ASK----|
   101 @ 100    100 @ 98
   200 @ 110    200 @ 95
  5000 @ 115    300 @ 91
|------------||-----------|

22:58:19.451 [main] INFO  c.gettingstarted.MyAlgoLogic - [Sheza5] market monitor size is 0
22:58:19.451 [main] INFO  c.gettingstarted.MyAlgoLogic - [MYALGO] Initial quantity100 price 98
Current market monitor list is 
MYALGO- Current market monitor size is 0
22:58:19.451 [main] INFO  c.gettingstarted.TimedLogic - [TIMEDLOGIC] Market is open
22:58:19.459 [main] INFO  c.gettingstarted.MyAlgoLogic - [MYALGO] Adding order for100@98
total order count is 38
22:58:19.459 [main] INFO  c.gettingstarted.MyAlgoLogic - [Sheza6] market monitor size is 0
22:58:19.459 [main] INFO  c.container.Actioner - [ALGO] Actioner, sending action:CreateChildOrder(side=BUY,quantity=100,price=98)
22:58:19.459 [main] INFO  c.sequencer.consumer.LoggingConsumer - [40] [CreateOrder](sbeTemplateId=4|sbeSchemaId=2|sbeSchemaVersion=0|sbeBlockLength=33):instrumentId=0|price=98|quantity=100|side=BUY|orderId=40
22:58:19.459 [main] INFO  c.gettingstarted.MyAlgoLogic - [MYALGO] The state of the order book is:
|----BID-----||----ASK----|
   101 @ 100    100 @ 98
   200 @ 110    200 @ 95
  5000 @ 115    300 @ 91
|------------||-----------|

22:58:19.459 [main] INFO  c.gettingstarted.MyAlgoLogic - [MYALGO] Algo Sees Book as: 
|----BID-----||----ASK----|
   101 @ 100    100 @ 98
   200 @ 110    200 @ 95
  5000 @ 115    300 @ 91
|------------||-----------|

22:58:19.459 [main] INFO  c.gettingstarted.MyAlgoLogic - [Sheza5] market monitor size is 0
22:58:19.459 [main] INFO  c.gettingstarted.MyAlgoLogic - [MYALGO] Initial quantity100 price 98
Current market monitor list is 
MYALGO- Current market monitor size is 0
22:58:19.459 [main] INFO  c.gettingstarted.TimedLogic - [TIMEDLOGIC] Market is open
22:58:19.459 [main] INFO  c.gettingstarted.MyAlgoLogic - [MYALGO] Adding order for100@98
total order count is 39
22:58:19.459 [main] INFO  c.gettingstarted.MyAlgoLogic - [Sheza6] market monitor size is 0
22:58:19.459 [main] INFO  c.container.Actioner - [ALGO] Actioner, sending action:CreateChildOrder(side=BUY,quantity=100,price=98)
22:58:19.459 [main] INFO  c.sequencer.consumer.LoggingConsumer - [41] [CreateOrder](sbeTemplateId=4|sbeSchemaId=2|sbeSchemaVersion=0|sbeBlockLength=33):instrumentId=0|price=98|quantity=100|side=BUY|orderId=41
22:58:19.459 [main] INFO  c.gettingstarted.MyAlgoLogic - [MYALGO] The state of the order book is:
|----BID-----||----ASK----|
   101 @ 100    100 @ 98
   200 @ 110    200 @ 95
  5000 @ 115    300 @ 91
|------------||-----------|

22:58:19.459 [main] INFO  c.gettingstarted.MyAlgoLogic - [MYALGO] Algo Sees Book as: 
|----BID-----||----ASK----|
   101 @ 100    100 @ 98
   200 @ 110    200 @ 95
  5000 @ 115    300 @ 91
|------------||-----------|

22:58:19.459 [main] INFO  c.gettingstarted.MyAlgoLogic - [Sheza5] market monitor size is 0
22:58:19.459 [main] INFO  c.gettingstarted.MyAlgoLogic - [MYALGO] Initial quantity100 price 98
Current market monitor list is 
MYALGO- Current market monitor size is 0
22:58:19.459 [main] INFO  c.gettingstarted.TimedLogic - [TIMEDLOGIC] Market is open
22:58:19.459 [main] INFO  c.gettingstarted.MyAlgoLogic - [MYALGO] Adding order for100@98
total order count is 40
22:58:19.459 [main] INFO  c.gettingstarted.MyAlgoLogic - [Sheza6] market monitor size is 0
22:58:19.459 [main] INFO  c.container.Actioner - [ALGO] Actioner, sending action:CreateChildOrder(side=BUY,quantity=100,price=98)
22:58:19.459 [main] INFO  c.sequencer.consumer.LoggingConsumer - [42] [CreateOrder](sbeTemplateId=4|sbeSchemaId=2|sbeSchemaVersion=0|sbeBlockLength=33):instrumentId=0|price=98|quantity=100|side=BUY|orderId=42
22:58:19.459 [main] INFO  c.gettingstarted.MyAlgoLogic - [MYALGO] The state of the order book is:
|----BID-----||----ASK----|
   101 @ 100    100 @ 98
   200 @ 110    200 @ 95
  5000 @ 115    300 @ 91
|------------||-----------|

22:58:19.459 [main] INFO  c.gettingstarted.MyAlgoLogic - [MYALGO] Algo Sees Book as: 
|----BID-----||----ASK----|
   101 @ 100    100 @ 98
   200 @ 110    200 @ 95
  5000 @ 115    300 @ 91
|------------||-----------|

22:58:19.459 [main] INFO  c.gettingstarted.MyAlgoLogic - [Sheza5] market monitor size is 0
22:58:19.459 [main] INFO  c.gettingstarted.MyAlgoLogic - [MYALGO] Initial quantity100 price 98
Current market monitor list is 
MYALGO- Current market monitor size is 0
22:58:19.459 [main] INFO  c.gettingstarted.TimedLogic - [TIMEDLOGIC] Market is open
22:58:19.459 [main] INFO  c.gettingstarted.MyAlgoLogic - [MYALGO] Adding order for100@98
total order count is 41
22:58:19.459 [main] INFO  c.gettingstarted.MyAlgoLogic - [Sheza6] market monitor size is 0
22:58:19.459 [main] INFO  c.container.Actioner - [ALGO] Actioner, sending action:CreateChildOrder(side=BUY,quantity=100,price=98)
22:58:19.459 [main] INFO  c.sequencer.consumer.LoggingConsumer - [43] [CreateOrder](sbeTemplateId=4|sbeSchemaId=2|sbeSchemaVersion=0|sbeBlockLength=33):instrumentId=0|price=98|quantity=100|side=BUY|orderId=43
22:58:19.459 [main] INFO  c.gettingstarted.MyAlgoLogic - [MYALGO] The state of the order book is:
|----BID-----||----ASK----|
   101 @ 100    100 @ 98
   200 @ 110    200 @ 95
  5000 @ 115    300 @ 91
|------------||-----------|

22:58:19.459 [main] INFO  c.gettingstarted.MyAlgoLogic - [MYALGO] Algo Sees Book as: 
|----BID-----||----ASK----|
   101 @ 100    100 @ 98
   200 @ 110    200 @ 95
  5000 @ 115    300 @ 91
|------------||-----------|

22:58:19.459 [main] INFO  c.gettingstarted.MyAlgoLogic - [Sheza5] market monitor size is 0
22:58:19.459 [main] INFO  c.gettingstarted.MyAlgoLogic - [MYALGO] Initial quantity100 price 98
Current market monitor list is 
MYALGO- Current market monitor size is 0
22:58:19.459 [main] INFO  c.gettingstarted.TimedLogic - [TIMEDLOGIC] Market is open
22:58:19.467 [main] INFO  c.gettingstarted.MyAlgoLogic - [MYALGO] Adding order for100@98
total order count is 42
22:58:19.467 [main] INFO  c.gettingstarted.MyAlgoLogic - [Sheza6] market monitor size is 0
22:58:19.467 [main] INFO  c.container.Actioner - [ALGO] Actioner, sending action:CreateChildOrder(side=BUY,quantity=100,price=98)
22:58:19.467 [main] INFO  c.sequencer.consumer.LoggingConsumer - [44] [CreateOrder](sbeTemplateId=4|sbeSchemaId=2|sbeSchemaVersion=0|sbeBlockLength=33):instrumentId=0|price=98|quantity=100|side=BUY|orderId=44
22:58:19.467 [main] INFO  c.gettingstarted.MyAlgoLogic - [MYALGO] The state of the order book is:
|----BID-----||----ASK----|
   101 @ 100    100 @ 98
   200 @ 110    200 @ 95
  5000 @ 115    300 @ 91
|------------||-----------|

22:58:19.467 [main] INFO  c.gettingstarted.MyAlgoLogic - [MYALGO] Algo Sees Book as: 
|----BID-----||----ASK----|
   101 @ 100    100 @ 98
   200 @ 110    200 @ 95
  5000 @ 115    300 @ 91
|------------||-----------|

22:58:19.467 [main] INFO  c.gettingstarted.MyAlgoLogic - [Sheza5] market monitor size is 0
22:58:19.467 [main] INFO  c.gettingstarted.MyAlgoLogic - [MYALGO] Initial quantity100 price 98
Current market monitor list is 
MYALGO- Current market monitor size is 0
22:58:19.467 [main] INFO  c.gettingstarted.TimedLogic - [TIMEDLOGIC] Market is open
22:58:19.467 [main] INFO  c.gettingstarted.MyAlgoLogic - [MYALGO] Adding order for100@98
total order count is 43
22:58:19.467 [main] INFO  c.gettingstarted.MyAlgoLogic - [Sheza6] market monitor size is 0
22:58:19.467 [main] INFO  c.container.Actioner - [ALGO] Actioner, sending action:CreateChildOrder(side=BUY,quantity=100,price=98)
22:58:19.467 [main] INFO  c.sequencer.consumer.LoggingConsumer - [45] [CreateOrder](sbeTemplateId=4|sbeSchemaId=2|sbeSchemaVersion=0|sbeBlockLength=33):instrumentId=0|price=98|quantity=100|side=BUY|orderId=45
22:58:19.467 [main] INFO  c.gettingstarted.MyAlgoLogic - [MYALGO] The state of the order book is:
|----BID-----||----ASK----|
   101 @ 100    100 @ 98
   200 @ 110    200 @ 95
  5000 @ 115    300 @ 91
|------------||-----------|

22:58:19.467 [main] INFO  c.gettingstarted.MyAlgoLogic - [MYALGO] Algo Sees Book as: 
|----BID-----||----ASK----|
   101 @ 100    100 @ 98
   200 @ 110    200 @ 95
  5000 @ 115    300 @ 91
|------------||-----------|

22:58:19.467 [main] INFO  c.gettingstarted.MyAlgoLogic - [Sheza5] market monitor size is 0
22:58:19.467 [main] INFO  c.gettingstarted.MyAlgoLogic - [MYALGO] Initial quantity100 price 98
Current market monitor list is 
MYALGO- Current market monitor size is 0
22:58:19.467 [main] INFO  c.gettingstarted.TimedLogic - [TIMEDLOGIC] Market is open
22:58:19.467 [main] INFO  c.gettingstarted.MyAlgoLogic - [MYALGO] Adding order for100@98
total order count is 44
22:58:19.467 [main] INFO  c.gettingstarted.MyAlgoLogic - [Sheza6] market monitor size is 0
22:58:19.467 [main] INFO  c.container.Actioner - [ALGO] Actioner, sending action:CreateChildOrder(side=BUY,quantity=100,price=98)
22:58:19.467 [main] INFO  c.sequencer.consumer.LoggingConsumer - [46] [CreateOrder](sbeTemplateId=4|sbeSchemaId=2|sbeSchemaVersion=0|sbeBlockLength=33):instrumentId=0|price=98|quantity=100|side=BUY|orderId=46
22:58:19.467 [main] INFO  c.gettingstarted.MyAlgoLogic - [MYALGO] The state of the order book is:
|----BID-----||----ASK----|
   101 @ 100    100 @ 98
   200 @ 110    200 @ 95
  5000 @ 115    300 @ 91
|------------||-----------|

22:58:19.467 [main] INFO  c.gettingstarted.MyAlgoLogic - [MYALGO] Algo Sees Book as: 
|----BID-----||----ASK----|
   101 @ 100    100 @ 98
   200 @ 110    200 @ 95
  5000 @ 115    300 @ 91
|------------||-----------|

22:58:19.467 [main] INFO  c.gettingstarted.MyAlgoLogic - [Sheza5] market monitor size is 0
22:58:19.467 [main] INFO  c.gettingstarted.MyAlgoLogic - [MYALGO] Initial quantity100 price 98
Current market monitor list is 
MYALGO- Current market monitor size is 0
22:58:19.467 [main] INFO  c.gettingstarted.TimedLogic - [TIMEDLOGIC] Market is open
22:58:19.467 [main] INFO  c.gettingstarted.MyAlgoLogic - [MYALGO] Adding order for100@98
total order count is 45
22:58:19.467 [main] INFO  c.gettingstarted.MyAlgoLogic - [Sheza6] market monitor size is 0
22:58:19.467 [main] INFO  c.container.Actioner - [ALGO] Actioner, sending action:CreateChildOrder(side=BUY,quantity=100,price=98)
22:58:19.467 [main] INFO  c.sequencer.consumer.LoggingConsumer - [47] [CreateOrder](sbeTemplateId=4|sbeSchemaId=2|sbeSchemaVersion=0|sbeBlockLength=33):instrumentId=0|price=98|quantity=100|side=BUY|orderId=47
22:58:19.467 [main] INFO  c.gettingstarted.MyAlgoLogic - [MYALGO] The state of the order book is:
|----BID-----||----ASK----|
   101 @ 100    100 @ 98
   200 @ 110    200 @ 95
  5000 @ 115    300 @ 91
|------------||-----------|

22:58:19.467 [main] INFO  c.gettingstarted.MyAlgoLogic - [MYALGO] Algo Sees Book as: 
|----BID-----||----ASK----|
   101 @ 100    100 @ 98
   200 @ 110    200 @ 95
  5000 @ 115    300 @ 91
|------------||-----------|

22:58:19.467 [main] INFO  c.gettingstarted.MyAlgoLogic - [Sheza5] market monitor size is 0
22:58:19.467 [main] INFO  c.gettingstarted.MyAlgoLogic - [MYALGO] Initial quantity100 price 98
Current market monitor list is 
MYALGO- Current market monitor size is 0
22:58:19.467 [main] INFO  c.gettingstarted.TimedLogic - [TIMEDLOGIC] Market is open
22:58:19.467 [main] INFO  c.gettingstarted.MyAlgoLogic - [MYALGO] Adding order for100@98
total order count is 46
22:58:19.467 [main] INFO  c.gettingstarted.MyAlgoLogic - [Sheza6] market monitor size is 0
22:58:19.467 [main] INFO  c.container.Actioner - [ALGO] Actioner, sending action:CreateChildOrder(side=BUY,quantity=100,price=98)
22:58:19.467 [main] INFO  c.sequencer.consumer.LoggingConsumer - [48] [CreateOrder](sbeTemplateId=4|sbeSchemaId=2|sbeSchemaVersion=0|sbeBlockLength=33):instrumentId=0|price=98|quantity=100|side=BUY|orderId=48
22:58:19.467 [main] INFO  c.gettingstarted.MyAlgoLogic - [MYALGO] The state of the order book is:
|----BID-----||----ASK----|
   101 @ 100    100 @ 98
   200 @ 110    200 @ 95
  5000 @ 115    300 @ 91
|------------||-----------|

22:58:19.467 [main] INFO  c.gettingstarted.MyAlgoLogic - [MYALGO] Algo Sees Book as: 
|----BID-----||----ASK----|
   101 @ 100    100 @ 98
   200 @ 110    200 @ 95
  5000 @ 115    300 @ 91
|------------||-----------|

22:58:19.467 [main] INFO  c.gettingstarted.MyAlgoLogic - [Sheza5] market monitor size is 0
22:58:19.467 [main] INFO  c.gettingstarted.MyAlgoLogic - [MYALGO] Initial quantity100 price 98
Current market monitor list is 
MYALGO- Current market monitor size is 0
22:58:19.467 [main] INFO  c.gettingstarted.TimedLogic - [TIMEDLOGIC] Market is open
22:58:19.467 [main] INFO  c.gettingstarted.MyAlgoLogic - [MYALGO] Adding order for100@98
total order count is 47
22:58:19.467 [main] INFO  c.gettingstarted.MyAlgoLogic - [Sheza6] market monitor size is 0
22:58:19.467 [main] INFO  c.container.Actioner - [ALGO] Actioner, sending action:CreateChildOrder(side=BUY,quantity=100,price=98)
22:58:19.467 [main] INFO  c.sequencer.consumer.LoggingConsumer - [49] [CreateOrder](sbeTemplateId=4|sbeSchemaId=2|sbeSchemaVersion=0|sbeBlockLength=33):instrumentId=0|price=98|quantity=100|side=BUY|orderId=49
22:58:19.467 [main] INFO  c.gettingstarted.MyAlgoLogic - [MYALGO] The state of the order book is:
|----BID-----||----ASK----|
   101 @ 100    100 @ 98
   200 @ 110    200 @ 95
  5000 @ 115    300 @ 91
|------------||-----------|

22:58:19.467 [main] INFO  c.gettingstarted.MyAlgoLogic - [MYALGO] Algo Sees Book as: 
|----BID-----||----ASK----|
   101 @ 100    100 @ 98
   200 @ 110    200 @ 95
  5000 @ 115    300 @ 91
|------------||-----------|

22:58:19.467 [main] INFO  c.gettingstarted.MyAlgoLogic - [Sheza5] market monitor size is 0
22:58:19.467 [main] INFO  c.gettingstarted.MyAlgoLogic - [MYALGO] Initial quantity100 price 98
Current market monitor list is 
MYALGO- Current market monitor size is 0
22:58:19.467 [main] INFO  c.gettingstarted.TimedLogic - [TIMEDLOGIC] Market is open
22:58:19.467 [main] INFO  c.gettingstarted.MyAlgoLogic - [MYALGO] Adding order for100@98
total order count is 48
22:58:19.467 [main] INFO  c.gettingstarted.MyAlgoLogic - [Sheza6] market monitor size is 0
22:58:19.467 [main] INFO  c.container.Actioner - [ALGO] Actioner, sending action:CreateChildOrder(side=BUY,quantity=100,price=98)
22:58:19.467 [main] INFO  c.sequencer.consumer.LoggingConsumer - [50] [CreateOrder](sbeTemplateId=4|sbeSchemaId=2|sbeSchemaVersion=0|sbeBlockLength=33):instrumentId=0|price=98|quantity=100|side=BUY|orderId=50
22:58:19.467 [main] INFO  c.gettingstarted.MyAlgoLogic - [MYALGO] The state of the order book is:
|----BID-----||----ASK----|
   101 @ 100    100 @ 98
   200 @ 110    200 @ 95
  5000 @ 115    300 @ 91
|------------||-----------|

22:58:19.467 [main] INFO  c.gettingstarted.MyAlgoLogic - [MYALGO] Algo Sees Book as: 
|----BID-----||----ASK----|
   101 @ 100    100 @ 98
   200 @ 110    200 @ 95
  5000 @ 115    300 @ 91
|------------||-----------|

22:58:19.467 [main] INFO  c.gettingstarted.MyAlgoLogic - [Sheza5] market monitor size is 0
22:58:19.467 [main] INFO  c.gettingstarted.MyAlgoLogic - [MYALGO] Initial quantity100 price 98
Current market monitor list is 
MYALGO- Current market monitor size is 0
22:58:19.467 [main] INFO  c.gettingstarted.TimedLogic - [TIMEDLOGIC] Market is open
22:58:19.467 [main] INFO  c.gettingstarted.MyAlgoLogic - [MYALGO] Adding order for100@98
total order count is 49
22:58:19.467 [main] INFO  c.gettingstarted.MyAlgoLogic - [Sheza6] market monitor size is 0
22:58:19.467 [main] INFO  c.container.Actioner - [ALGO] Actioner, sending action:CreateChildOrder(side=BUY,quantity=100,price=98)
22:58:19.467 [main] INFO  c.sequencer.consumer.LoggingConsumer - [51] [CreateOrder](sbeTemplateId=4|sbeSchemaId=2|sbeSchemaVersion=0|sbeBlockLength=33):instrumentId=0|price=98|quantity=100|side=BUY|orderId=51
22:58:19.467 [main] INFO  c.gettingstarted.MyAlgoLogic - [MYALGO] The state of the order book is:
|----BID-----||----ASK----|
   101 @ 100    100 @ 98
   200 @ 110    200 @ 95
  5000 @ 115    300 @ 91
|------------||-----------|

22:58:19.467 [main] INFO  c.gettingstarted.MyAlgoLogic - [MYALGO] Algo Sees Book as: 
|----BID-----||----ASK----|
   101 @ 100    100 @ 98
   200 @ 110    200 @ 95
  5000 @ 115    300 @ 91
|------------||-----------|

22:58:19.467 [main] INFO  c.gettingstarted.MyAlgoLogic - [Sheza5] market monitor size is 0
22:58:19.467 [main] INFO  c.gettingstarted.MyAlgoLogic - [MYALGO] Initial quantity100 price 98
Current market monitor list is 
MYALGO- Current market monitor size is 0
22:58:19.467 [main] INFO  c.gettingstarted.TimedLogic - [TIMEDLOGIC] Market is open
22:58:19.467 [main] INFO  c.gettingstarted.MyAlgoLogic - [MYALGO] Adding order for100@98
total order count is 50
22:58:19.467 [main] INFO  c.gettingstarted.MyAlgoLogic - [Sheza6] market monitor size is 0
22:58:19.467 [main] INFO  c.container.Actioner - [ALGO] Actioner, sending action:CreateChildOrder(side=BUY,quantity=100,price=98)
22:58:19.467 [main] INFO  c.sequencer.consumer.LoggingConsumer - [52] [CreateOrder](sbeTemplateId=4|sbeSchemaId=2|sbeSchemaVersion=0|sbeBlockLength=33):instrumentId=0|price=98|quantity=100|side=BUY|orderId=52
22:58:19.467 [main] INFO  c.gettingstarted.MyAlgoLogic - [MYALGO] The state of the order book is:
|----BID-----||----ASK----|
   101 @ 100    100 @ 98
   200 @ 110    200 @ 95
  5000 @ 115    300 @ 91
|------------||-----------|

22:58:19.467 [main] INFO  c.gettingstarted.MyAlgoLogic - [MYALGO] Algo Sees Book as: 
|----BID-----||----ASK----|
   101 @ 100    100 @ 98
   200 @ 110    200 @ 95
  5000 @ 115    300 @ 91
|------------||-----------|

22:58:19.467 [main] INFO  c.gettingstarted.MyAlgoLogic - [Sheza5] market monitor size is 0
22:58:19.467 [main] INFO  c.gettingstarted.MyAlgoLogic - [MYALGO] Initial quantity100 price 98
Current market monitor list is 
MYALGO- Current market monitor size is 0
22:58:19.467 [main] INFO  c.gettingstarted.TimedLogic - [TIMEDLOGIC] Market is open
22:58:19.467 [main] INFO  c.gettingstarted.MyAlgoLogic - [MYALGO] Adding order for100@98
total order count is 51
22:58:19.467 [main] INFO  c.gettingstarted.MyAlgoLogic - [Sheza6] market monitor size is 0
22:58:19.467 [main] INFO  c.container.Actioner - [ALGO] Actioner, sending action:CreateChildOrder(side=BUY,quantity=100,price=98)
22:58:19.467 [main] INFO  c.sequencer.consumer.LoggingConsumer - [53] [CreateOrder](sbeTemplateId=4|sbeSchemaId=2|sbeSchemaVersion=0|sbeBlockLength=33):instrumentId=0|price=98|quantity=100|side=BUY|orderId=53
22:58:19.467 [main] INFO  c.gettingstarted.MyAlgoLogic - [MYALGO] The state of the order book is:
|----BID-----||----ASK----|
   101 @ 100    100 @ 98
   200 @ 110    200 @ 95
  5000 @ 115    300 @ 91
|------------||-----------|

22:58:19.467 [main] INFO  c.gettingstarted.MyAlgoLogic - [MYALGO] Algo Sees Book as: 
|----BID-----||----ASK----|
   101 @ 100    100 @ 98
   200 @ 110    200 @ 95
  5000 @ 115    300 @ 91
|------------||-----------|

22:58:19.467 [main] INFO  c.gettingstarted.MyAlgoLogic - [Sheza5] market monitor size is 0
22:58:19.467 [main] INFO  c.gettingstarted.MyAlgoLogic - [MYALGO] Initial quantity100 price 98
Current market monitor list is 
MYALGO- Current market monitor size is 0
22:58:19.467 [main] INFO  c.gettingstarted.TimedLogic - [TIMEDLOGIC] Market is open
22:58:19.467 [main] INFO  c.gettingstarted.MyAlgoLogic - [MYALGO] Adding order for100@98
total order count is 52
22:58:19.467 [main] INFO  c.gettingstarted.MyAlgoLogic - [Sheza6] market monitor size is 0
22:58:19.467 [main] INFO  c.container.Actioner - [ALGO] Actioner, sending action:CreateChildOrder(side=BUY,quantity=100,price=98)
22:58:19.467 [main] INFO  c.sequencer.consumer.LoggingConsumer - [54] [CreateOrder](sbeTemplateId=4|sbeSchemaId=2|sbeSchemaVersion=0|sbeBlockLength=33):instrumentId=0|price=98|quantity=100|side=BUY|orderId=54
22:58:19.467 [main] INFO  c.gettingstarted.MyAlgoLogic - [MYALGO] The state of the order book is:
|----BID-----||----ASK----|
   101 @ 100    100 @ 98
   200 @ 110    200 @ 95
  5000 @ 115    300 @ 91
|------------||-----------|

22:58:19.467 [main] INFO  c.gettingstarted.MyAlgoLogic - [MYALGO] Algo Sees Book as: 
|----BID-----||----ASK----|
   101 @ 100    100 @ 98
   200 @ 110    200 @ 95
  5000 @ 115    300 @ 91
|------------||-----------|

22:58:19.467 [main] INFO  c.gettingstarted.MyAlgoLogic - [Sheza5] market monitor size is 0
22:58:19.467 [main] INFO  c.gettingstarted.MyAlgoLogic - [MYALGO] Initial quantity100 price 98
Current market monitor list is 
MYALGO- Current market monitor size is 0
22:58:19.467 [main] INFO  c.gettingstarted.TimedLogic - [TIMEDLOGIC] Market is open
22:58:19.467 [main] INFO  c.gettingstarted.MyAlgoLogic - [MYALGO] Adding order for100@98
total order count is 53
22:58:19.467 [main] INFO  c.gettingstarted.MyAlgoLogic - [Sheza6] market monitor size is 0
22:58:19.467 [main] INFO  c.container.Actioner - [ALGO] Actioner, sending action:CreateChildOrder(side=BUY,quantity=100,price=98)
22:58:19.467 [main] INFO  c.sequencer.consumer.LoggingConsumer - [55] [CreateOrder](sbeTemplateId=4|sbeSchemaId=2|sbeSchemaVersion=0|sbeBlockLength=33):instrumentId=0|price=98|quantity=100|side=BUY|orderId=55
22:58:19.467 [main] INFO  c.gettingstarted.MyAlgoLogic - [MYALGO] The state of the order book is:
|----BID-----||----ASK----|
   101 @ 100    100 @ 98
   200 @ 110    200 @ 95
  5000 @ 115    300 @ 91
|------------||-----------|

22:58:19.467 [main] INFO  c.gettingstarted.MyAlgoLogic - [MYALGO] Algo Sees Book as: 
|----BID-----||----ASK----|
   101 @ 100    100 @ 98
   200 @ 110    200 @ 95
  5000 @ 115    300 @ 91
|------------||-----------|

22:58:19.467 [main] INFO  c.gettingstarted.MyAlgoLogic - [Sheza5] market monitor size is 0
22:58:19.467 [main] INFO  c.gettingstarted.MyAlgoLogic - [MYALGO] Initial quantity100 price 98
Current market monitor list is 
MYALGO- Current market monitor size is 0
22:58:19.467 [main] INFO  c.gettingstarted.TimedLogic - [TIMEDLOGIC] Market is open
22:58:19.467 [main] INFO  c.gettingstarted.MyAlgoLogic - [MYALGO] Adding order for100@98
total order count is 54
22:58:19.467 [main] INFO  c.gettingstarted.MyAlgoLogic - [Sheza6] market monitor size is 0
22:58:19.467 [main] INFO  c.container.Actioner - [ALGO] Actioner, sending action:CreateChildOrder(side=BUY,quantity=100,price=98)
22:58:19.467 [main] INFO  c.sequencer.consumer.LoggingConsumer - [56] [CreateOrder](sbeTemplateId=4|sbeSchemaId=2|sbeSchemaVersion=0|sbeBlockLength=33):instrumentId=0|price=98|quantity=100|side=BUY|orderId=56
22:58:19.467 [main] INFO  c.gettingstarted.MyAlgoLogic - [MYALGO] The state of the order book is:
|----BID-----||----ASK----|
   101 @ 100    100 @ 98
   200 @ 110    200 @ 95
  5000 @ 115    300 @ 91
|------------||-----------|

22:58:19.467 [main] INFO  c.gettingstarted.MyAlgoLogic - [MYALGO] Algo Sees Book as: 
|----BID-----||----ASK----|
   101 @ 100    100 @ 98
   200 @ 110    200 @ 95
  5000 @ 115    300 @ 91
|------------||-----------|

22:58:19.467 [main] INFO  c.gettingstarted.MyAlgoLogic - [Sheza5] market monitor size is 0
22:58:19.467 [main] INFO  c.gettingstarted.MyAlgoLogic - [MYALGO] Initial quantity100 price 98
Current market monitor list is 
MYALGO- Current market monitor size is 0
22:58:19.467 [main] INFO  c.gettingstarted.TimedLogic - [TIMEDLOGIC] Market is open
22:58:19.472 [main] INFO  c.gettingstarted.MyAlgoLogic - [MYALGO] Adding order for100@98
total order count is 55
22:58:19.472 [main] INFO  c.gettingstarted.MyAlgoLogic - [Sheza6] market monitor size is 0
22:58:19.472 [main] INFO  c.container.Actioner - [ALGO] Actioner, sending action:CreateChildOrder(side=BUY,quantity=100,price=98)
22:58:19.472 [main] INFO  c.sequencer.consumer.LoggingConsumer - [57] [CreateOrder](sbeTemplateId=4|sbeSchemaId=2|sbeSchemaVersion=0|sbeBlockLength=33):instrumentId=0|price=98|quantity=100|side=BUY|orderId=57
22:58:19.472 [main] INFO  c.gettingstarted.MyAlgoLogic - [MYALGO] The state of the order book is:
|----BID-----||----ASK----|
   101 @ 100    100 @ 98
   200 @ 110    200 @ 95
  5000 @ 115    300 @ 91
|------------||-----------|

22:58:19.472 [main] INFO  c.gettingstarted.MyAlgoLogic - [MYALGO] Algo Sees Book as: 
|----BID-----||----ASK----|
   101 @ 100    100 @ 98
   200 @ 110    200 @ 95
  5000 @ 115    300 @ 91
|------------||-----------|

22:58:19.472 [main] INFO  c.gettingstarted.MyAlgoLogic - [Sheza5] market monitor size is 0
22:58:19.472 [main] INFO  c.gettingstarted.MyAlgoLogic - [MYALGO] Initial quantity100 price 98
Current market monitor list is 
MYALGO- Current market monitor size is 0
22:58:19.472 [main] INFO  c.gettingstarted.TimedLogic - [TIMEDLOGIC] Market is open
22:58:19.472 [main] INFO  c.gettingstarted.MyAlgoLogic - [MYALGO] Adding order for100@98
total order count is 56
22:58:19.472 [main] INFO  c.gettingstarted.MyAlgoLogic - [Sheza6] market monitor size is 0
22:58:19.472 [main] INFO  c.container.Actioner - [ALGO] Actioner, sending action:CreateChildOrder(side=BUY,quantity=100,price=98)
22:58:19.472 [main] INFO  c.sequencer.consumer.LoggingConsumer - [58] [CreateOrder](sbeTemplateId=4|sbeSchemaId=2|sbeSchemaVersion=0|sbeBlockLength=33):instrumentId=0|price=98|quantity=100|side=BUY|orderId=58
22:58:19.472 [main] INFO  c.gettingstarted.MyAlgoLogic - [MYALGO] The state of the order book is:
|----BID-----||----ASK----|
   101 @ 100    100 @ 98
   200 @ 110    200 @ 95
  5000 @ 115    300 @ 91
|------------||-----------|

22:58:19.472 [main] INFO  c.gettingstarted.MyAlgoLogic - [MYALGO] Algo Sees Book as: 
|----BID-----||----ASK----|
   101 @ 100    100 @ 98
   200 @ 110    200 @ 95
  5000 @ 115    300 @ 91
|------------||-----------|

22:58:19.472 [main] INFO  c.gettingstarted.MyAlgoLogic - [Sheza5] market monitor size is 0
22:58:19.472 [main] INFO  c.gettingstarted.MyAlgoLogic - [MYALGO] Initial quantity100 price 98
Current market monitor list is 
MYALGO- Current market monitor size is 0
22:58:19.472 [main] INFO  c.gettingstarted.TimedLogic - [TIMEDLOGIC] Market is open
22:58:19.472 [main] INFO  c.gettingstarted.MyAlgoLogic - [MYALGO] Adding order for100@98
total order count is 57
22:58:19.472 [main] INFO  c.gettingstarted.MyAlgoLogic - [Sheza6] market monitor size is 0
22:58:19.472 [main] INFO  c.container.Actioner - [ALGO] Actioner, sending action:CreateChildOrder(side=BUY,quantity=100,price=98)
22:58:19.472 [main] INFO  c.sequencer.consumer.LoggingConsumer - [59] [CreateOrder](sbeTemplateId=4|sbeSchemaId=2|sbeSchemaVersion=0|sbeBlockLength=33):instrumentId=0|price=98|quantity=100|side=BUY|orderId=59
22:58:19.473 [main] INFO  c.gettingstarted.MyAlgoLogic - [MYALGO] The state of the order book is:
|----BID-----||----ASK----|
   101 @ 100    100 @ 98
   200 @ 110    200 @ 95
  5000 @ 115    300 @ 91
|------------||-----------|

22:58:19.473 [main] INFO  c.gettingstarted.MyAlgoLogic - [MYALGO] Algo Sees Book as: 
|----BID-----||----ASK----|
   101 @ 100    100 @ 98
   200 @ 110    200 @ 95
  5000 @ 115    300 @ 91
|------------||-----------|

22:58:19.473 [main] INFO  c.gettingstarted.MyAlgoLogic - [Sheza5] market monitor size is 0
22:58:19.473 [main] INFO  c.gettingstarted.MyAlgoLogic - [MYALGO] Initial quantity100 price 98
Current market monitor list is 
MYALGO- Current market monitor size is 0
22:58:19.473 [main] INFO  c.gettingstarted.TimedLogic - [TIMEDLOGIC] Market is open
22:58:19.473 [main] INFO  c.gettingstarted.MyAlgoLogic - [MYALGO] Adding order for100@98
total order count is 58
22:58:19.473 [main] INFO  c.gettingstarted.MyAlgoLogic - [Sheza6] market monitor size is 0
22:58:19.473 [main] INFO  c.container.Actioner - [ALGO] Actioner, sending action:CreateChildOrder(side=BUY,quantity=100,price=98)
22:58:19.473 [main] INFO  c.sequencer.consumer.LoggingConsumer - [60] [CreateOrder](sbeTemplateId=4|sbeSchemaId=2|sbeSchemaVersion=0|sbeBlockLength=33):instrumentId=0|price=98|quantity=100|side=BUY|orderId=60
22:58:19.473 [main] INFO  c.gettingstarted.MyAlgoLogic - [MYALGO] The state of the order book is:
|----BID-----||----ASK----|
   101 @ 100    100 @ 98
   200 @ 110    200 @ 95
  5000 @ 115    300 @ 91
|------------||-----------|

22:58:19.473 [main] INFO  c.gettingstarted.MyAlgoLogic - [MYALGO] Algo Sees Book as: 
|----BID-----||----ASK----|
   101 @ 100    100 @ 98
   200 @ 110    200 @ 95
  5000 @ 115    300 @ 91
|------------||-----------|

22:58:19.473 [main] INFO  c.gettingstarted.MyAlgoLogic - [Sheza5] market monitor size is 0
22:58:19.473 [main] INFO  c.gettingstarted.MyAlgoLogic - [MYALGO] Initial quantity100 price 98
Current market monitor list is 
MYALGO- Current market monitor size is 0
22:58:19.473 [main] INFO  c.gettingstarted.TimedLogic - [TIMEDLOGIC] Market is open
22:58:19.473 [main] INFO  c.gettingstarted.MyAlgoLogic - [MYALGO] Adding order for100@98
total order count is 59
22:58:19.473 [main] INFO  c.gettingstarted.MyAlgoLogic - [Sheza6] market monitor size is 0
22:58:19.473 [main] INFO  c.container.Actioner - [ALGO] Actioner, sending action:CreateChildOrder(side=BUY,quantity=100,price=98)
22:58:19.473 [main] INFO  c.sequencer.consumer.LoggingConsumer - [61] [CreateOrder](sbeTemplateId=4|sbeSchemaId=2|sbeSchemaVersion=0|sbeBlockLength=33):instrumentId=0|price=98|quantity=100|side=BUY|orderId=61
22:58:19.473 [main] INFO  c.gettingstarted.MyAlgoLogic - [MYALGO] The state of the order book is:
|----BID-----||----ASK----|
   101 @ 100    100 @ 98
   200 @ 110    200 @ 95
  5000 @ 115    300 @ 91
|------------||-----------|

22:58:19.473 [main] INFO  c.gettingstarted.MyAlgoLogic - [MYALGO] Algo Sees Book as: 
|----BID-----||----ASK----|
   101 @ 100    100 @ 98
   200 @ 110    200 @ 95
  5000 @ 115    300 @ 91
|------------||-----------|

22:58:19.473 [main] INFO  c.gettingstarted.MyAlgoLogic - [Sheza5] market monitor size is 0
22:58:19.473 [main] INFO  c.gettingstarted.MyAlgoLogic - [MYALGO] Initial quantity100 price 98
Current market monitor list is 
MYALGO- Current market monitor size is 0
22:58:19.473 [main] INFO  c.gettingstarted.TimedLogic - [TIMEDLOGIC] Market is open
22:58:19.473 [main] INFO  c.gettingstarted.MyAlgoLogic - [MYALGO] Adding order for100@98
total order count is 60
22:58:19.473 [main] INFO  c.gettingstarted.MyAlgoLogic - [Sheza6] market monitor size is 0
22:58:19.473 [main] INFO  c.container.Actioner - [ALGO] Actioner, sending action:CreateChildOrder(side=BUY,quantity=100,price=98)
22:58:19.473 [main] INFO  c.sequencer.consumer.LoggingConsumer - [62] [CreateOrder](sbeTemplateId=4|sbeSchemaId=2|sbeSchemaVersion=0|sbeBlockLength=33):instrumentId=0|price=98|quantity=100|side=BUY|orderId=62
22:58:19.473 [main] INFO  c.gettingstarted.MyAlgoLogic - [MYALGO] The state of the order book is:
|----BID-----||----ASK----|
   101 @ 100    100 @ 98
   200 @ 110    200 @ 95
  5000 @ 115    300 @ 91
|------------||-----------|

22:58:19.473 [main] INFO  c.gettingstarted.MyAlgoLogic - [MYALGO] Algo Sees Book as: 
|----BID-----||----ASK----|
   101 @ 100    100 @ 98
   200 @ 110    200 @ 95
  5000 @ 115    300 @ 91
|------------||-----------|

22:58:19.473 [main] INFO  c.gettingstarted.MyAlgoLogic - [Sheza5] market monitor size is 0
22:58:19.473 [main] INFO  c.gettingstarted.MyAlgoLogic - [MYALGO] Initial quantity100 price 98
Current market monitor list is 
MYALGO- Current market monitor size is 0
22:58:19.473 [main] INFO  c.gettingstarted.TimedLogic - [TIMEDLOGIC] Market is open
22:58:19.473 [main] INFO  c.gettingstarted.MyAlgoLogic - [MYALGO] Adding order for100@98
total order count is 61
22:58:19.473 [main] INFO  c.gettingstarted.MyAlgoLogic - [Sheza6] market monitor size is 0
22:58:19.473 [main] INFO  c.container.Actioner - [ALGO] Actioner, sending action:CreateChildOrder(side=BUY,quantity=100,price=98)
22:58:19.473 [main] INFO  c.sequencer.consumer.LoggingConsumer - [63] [CreateOrder](sbeTemplateId=4|sbeSchemaId=2|sbeSchemaVersion=0|sbeBlockLength=33):instrumentId=0|price=98|quantity=100|side=BUY|orderId=63
22:58:19.473 [main] INFO  c.gettingstarted.MyAlgoLogic - [MYALGO] The state of the order book is:
|----BID-----||----ASK----|
   101 @ 100    100 @ 98
   200 @ 110    200 @ 95
  5000 @ 115    300 @ 91
|------------||-----------|

22:58:19.473 [main] INFO  c.gettingstarted.MyAlgoLogic - [MYALGO] Algo Sees Book as: 
|----BID-----||----ASK----|
   101 @ 100    100 @ 98
   200 @ 110    200 @ 95
  5000 @ 115    300 @ 91
|------------||-----------|

22:58:19.473 [main] INFO  c.gettingstarted.MyAlgoLogic - [Sheza5] market monitor size is 0
22:58:19.473 [main] INFO  c.gettingstarted.MyAlgoLogic - [MYALGO] Initial quantity100 price 98
Current market monitor list is 
MYALGO- Current market monitor size is 0
22:58:19.475 [main] INFO  c.gettingstarted.TimedLogic - [TIMEDLOGIC] Market is open
22:58:19.475 [main] INFO  c.gettingstarted.MyAlgoLogic - [MYALGO] Adding order for100@98
total order count is 62
22:58:19.475 [main] INFO  c.gettingstarted.MyAlgoLogic - [Sheza6] market monitor size is 0
22:58:19.475 [main] INFO  c.container.Actioner - [ALGO] Actioner, sending action:CreateChildOrder(side=BUY,quantity=100,price=98)
22:58:19.475 [main] INFO  c.sequencer.consumer.LoggingConsumer - [64] [CreateOrder](sbeTemplateId=4|sbeSchemaId=2|sbeSchemaVersion=0|sbeBlockLength=33):instrumentId=0|price=98|quantity=100|side=BUY|orderId=64
22:58:19.475 [main] INFO  c.gettingstarted.MyAlgoLogic - [MYALGO] The state of the order book is:
|----BID-----||----ASK----|
   101 @ 100    100 @ 98
   200 @ 110    200 @ 95
  5000 @ 115    300 @ 91
|------------||-----------|

22:58:19.475 [main] INFO  c.gettingstarted.MyAlgoLogic - [MYALGO] Algo Sees Book as: 
|----BID-----||----ASK----|
   101 @ 100    100 @ 98
   200 @ 110    200 @ 95
  5000 @ 115    300 @ 91
|------------||-----------|

22:58:19.475 [main] INFO  c.gettingstarted.MyAlgoLogic - [Sheza5] market monitor size is 0
22:58:19.475 [main] INFO  c.gettingstarted.MyAlgoLogic - [MYALGO] Initial quantity100 price 98
Current market monitor list is 
MYALGO- Current market monitor size is 0
22:58:19.475 [main] INFO  c.gettingstarted.TimedLogic - [TIMEDLOGIC] Market is open
22:58:19.475 [pool-107-thread-1] INFO  c.gettingstarted.TimedLogic - [TIMEDLOGIC] data harvesting
Current market monitor list is 
yolo Price: 97, Quantity: 95Current time: 22:58:19.123809400
22:58:19.475 [pool-107-thread-1] INFO  c.gettingstarted.TimedLogic - [Sheza2] market monitor size is 1
Current market monitor size is 1
22:58:19.475 [pool-107-thread-1] INFO  c.gettingstarted.TimedLogic - [Sheza3] market monitor size is 1
22:58:19.475 [main] INFO  c.gettingstarted.MyAlgoLogic - [MYALGO] Adding order for100@98
total order count is 63
22:58:19.475 [main] INFO  c.gettingstarted.MyAlgoLogic - [Sheza6] market monitor size is 0
22:58:19.475 [main] INFO  c.container.Actioner - [ALGO] Actioner, sending action:CreateChildOrder(side=BUY,quantity=100,price=98)
22:58:19.475 [main] INFO  c.sequencer.consumer.LoggingConsumer - [65] [CreateOrder](sbeTemplateId=4|sbeSchemaId=2|sbeSchemaVersion=0|sbeBlockLength=33):instrumentId=0|price=98|quantity=100|side=BUY|orderId=65
22:58:19.475 [main] INFO  c.gettingstarted.MyAlgoLogic - [MYALGO] The state of the order book is:
|----BID-----||----ASK----|
   101 @ 100    100 @ 98
   200 @ 110    200 @ 95
  5000 @ 115    300 @ 91
|------------||-----------|

22:58:19.476 [main] INFO  c.gettingstarted.MyAlgoLogic - [MYALGO] Algo Sees Book as: 
|----BID-----||----ASK----|
   101 @ 100    100 @ 98
   200 @ 110    200 @ 95
  5000 @ 115    300 @ 91
|------------||-----------|

22:58:19.476 [main] INFO  c.gettingstarted.MyAlgoLogic - [Sheza5] market monitor size is 0
22:58:19.476 [main] INFO  c.gettingstarted.MyAlgoLogic - [MYALGO] Initial quantity100 price 98
Current market monitor list is 
MYALGO- Current market monitor size is 0
22:58:19.476 [main] INFO  c.gettingstarted.TimedLogic - [TIMEDLOGIC] Market is open
22:58:19.477 [main] INFO  c.gettingstarted.MyAlgoLogic - [MYALGO] Adding order for100@98
total order count is 64
22:58:19.477 [main] INFO  c.gettingstarted.MyAlgoLogic - [Sheza6] market monitor size is 0
22:58:19.477 [main] INFO  c.container.Actioner - [ALGO] Actioner, sending action:CreateChildOrder(side=BUY,quantity=100,price=98)
22:58:19.477 [main] INFO  c.sequencer.consumer.LoggingConsumer - [66] [CreateOrder](sbeTemplateId=4|sbeSchemaId=2|sbeSchemaVersion=0|sbeBlockLength=33):instrumentId=0|price=98|quantity=100|side=BUY|orderId=66
22:58:19.477 [main] INFO  c.gettingstarted.MyAlgoLogic - [MYALGO] The state of the order book is:
|----BID-----||----ASK----|
   101 @ 100    100 @ 98
   200 @ 110    200 @ 95
  5000 @ 115    300 @ 91
|------------||-----------|

22:58:19.477 [main] INFO  c.gettingstarted.MyAlgoLogic - [MYALGO] Algo Sees Book as: 
|----BID-----||----ASK----|
   101 @ 100    100 @ 98
   200 @ 110    200 @ 95
  5000 @ 115    300 @ 91
|------------||-----------|

22:58:19.477 [main] INFO  c.gettingstarted.MyAlgoLogic - [Sheza5] market monitor size is 0
22:58:19.477 [main] INFO  c.gettingstarted.MyAlgoLogic - [MYALGO] Initial quantity100 price 98
Current market monitor list is 
MYALGO- Current market monitor size is 0
22:58:19.477 [main] INFO  c.gettingstarted.TimedLogic - [TIMEDLOGIC] Market is open
22:58:19.478 [main] INFO  c.gettingstarted.MyAlgoLogic - [MYALGO] Adding order for100@98
total order count is 65
22:58:19.478 [main] INFO  c.gettingstarted.MyAlgoLogic - [Sheza6] market monitor size is 0
22:58:19.478 [main] INFO  c.container.Actioner - [ALGO] Actioner, sending action:CreateChildOrder(side=BUY,quantity=100,price=98)
22:58:19.478 [main] INFO  c.sequencer.consumer.LoggingConsumer - [67] [CreateOrder](sbeTemplateId=4|sbeSchemaId=2|sbeSchemaVersion=0|sbeBlockLength=33):instrumentId=0|price=98|quantity=100|side=BUY|orderId=67
22:58:19.478 [main] INFO  c.gettingstarted.MyAlgoLogic - [MYALGO] The state of the order book is:
|----BID-----||----ASK----|
   101 @ 100    100 @ 98
   200 @ 110    200 @ 95
  5000 @ 115    300 @ 91
|------------||-----------|

22:58:19.478 [main] INFO  c.gettingstarted.MyAlgoLogic - [MYALGO] Algo Sees Book as: 
|----BID-----||----ASK----|
   101 @ 100    100 @ 98
   200 @ 110    200 @ 95
  5000 @ 115    300 @ 91
|------------||-----------|

22:58:19.478 [main] INFO  c.gettingstarted.MyAlgoLogic - [Sheza5] market monitor size is 0
22:58:19.478 [main] INFO  c.gettingstarted.MyAlgoLogic - [MYALGO] Initial quantity100 price 98
Current market monitor list is 
MYALGO- Current market monitor size is 0
22:58:19.478 [main] INFO  c.gettingstarted.TimedLogic - [TIMEDLOGIC] Market is open
22:58:19.478 [main] INFO  c.gettingstarted.MyAlgoLogic - [MYALGO] Adding order for100@98
total order count is 66
22:58:19.478 [main] INFO  c.gettingstarted.MyAlgoLogic - [Sheza6] market monitor size is 0
22:58:19.478 [main] INFO  c.container.Actioner - [ALGO] Actioner, sending action:CreateChildOrder(side=BUY,quantity=100,price=98)
22:58:19.478 [main] INFO  c.sequencer.consumer.LoggingConsumer - [68] [CreateOrder](sbeTemplateId=4|sbeSchemaId=2|sbeSchemaVersion=0|sbeBlockLength=33):instrumentId=0|price=98|quantity=100|side=BUY|orderId=68
22:58:19.478 [main] INFO  c.gettingstarted.MyAlgoLogic - [MYALGO] The state of the order book is:
|----BID-----||----ASK----|
   101 @ 100    100 @ 98
   200 @ 110    200 @ 95
  5000 @ 115    300 @ 91
|------------||-----------|

22:58:19.478 [main] INFO  c.gettingstarted.MyAlgoLogic - [MYALGO] Algo Sees Book as: 
|----BID-----||----ASK----|
   101 @ 100    100 @ 98
   200 @ 110    200 @ 95
  5000 @ 115    300 @ 91
|------------||-----------|

22:58:19.478 [main] INFO  c.gettingstarted.MyAlgoLogic - [Sheza5] market monitor size is 0
22:58:19.478 [main] INFO  c.gettingstarted.MyAlgoLogic - [MYALGO] Initial quantity100 price 98
Current market monitor list is 
MYALGO- Current market monitor size is 0
22:58:19.478 [main] INFO  c.gettingstarted.TimedLogic - [TIMEDLOGIC] Market is open
22:58:19.478 [main] INFO  c.gettingstarted.MyAlgoLogic - [MYALGO] Adding order for100@98
total order count is 67
22:58:19.478 [main] INFO  c.gettingstarted.MyAlgoLogic - [Sheza6] market monitor size is 0
22:58:19.478 [main] INFO  c.container.Actioner - [ALGO] Actioner, sending action:CreateChildOrder(side=BUY,quantity=100,price=98)
22:58:19.478 [main] INFO  c.sequencer.consumer.LoggingConsumer - [69] [CreateOrder](sbeTemplateId=4|sbeSchemaId=2|sbeSchemaVersion=0|sbeBlockLength=33):instrumentId=0|price=98|quantity=100|side=BUY|orderId=69
22:58:19.479 [main] INFO  c.gettingstarted.MyAlgoLogic - [MYALGO] The state of the order book is:
|----BID-----||----ASK----|
   101 @ 100    100 @ 98
   200 @ 110    200 @ 95
  5000 @ 115    300 @ 91
|------------||-----------|

22:58:19.479 [main] INFO  c.gettingstarted.MyAlgoLogic - [MYALGO] Algo Sees Book as: 
|----BID-----||----ASK----|
   101 @ 100    100 @ 98
   200 @ 110    200 @ 95
  5000 @ 115    300 @ 91
|------------||-----------|

22:58:19.479 [main] INFO  c.gettingstarted.MyAlgoLogic - [Sheza5] market monitor size is 0
22:58:19.479 [main] INFO  c.gettingstarted.MyAlgoLogic - [MYALGO] Initial quantity100 price 98
Current market monitor list is 
MYALGO- Current market monitor size is 0
22:58:19.479 [main] INFO  c.gettingstarted.TimedLogic - [TIMEDLOGIC] Market is open
22:58:19.479 [main] INFO  c.gettingstarted.MyAlgoLogic - [MYALGO] Adding order for100@98
total order count is 68
22:58:19.479 [main] INFO  c.gettingstarted.MyAlgoLogic - [Sheza6] market monitor size is 0
22:58:19.479 [main] INFO  c.container.Actioner - [ALGO] Actioner, sending action:CreateChildOrder(side=BUY,quantity=100,price=98)
22:58:19.479 [main] INFO  c.sequencer.consumer.LoggingConsumer - [70] [CreateOrder](sbeTemplateId=4|sbeSchemaId=2|sbeSchemaVersion=0|sbeBlockLength=33):instrumentId=0|price=98|quantity=100|side=BUY|orderId=70
22:58:19.479 [main] INFO  c.gettingstarted.MyAlgoLogic - [MYALGO] The state of the order book is:
|----BID-----||----ASK----|
   101 @ 100    100 @ 98
   200 @ 110    200 @ 95
  5000 @ 115    300 @ 91
|------------||-----------|

22:58:19.479 [main] INFO  c.gettingstarted.MyAlgoLogic - [MYALGO] Algo Sees Book as: 
|----BID-----||----ASK----|
   101 @ 100    100 @ 98
   200 @ 110    200 @ 95
  5000 @ 115    300 @ 91
|------------||-----------|

22:58:19.479 [main] INFO  c.gettingstarted.MyAlgoLogic - [Sheza5] market monitor size is 0
22:58:19.479 [main] INFO  c.gettingstarted.MyAlgoLogic - [MYALGO] Initial quantity100 price 98
Current market monitor list is 
MYALGO- Current market monitor size is 0
22:58:19.479 [main] INFO  c.gettingstarted.TimedLogic - [TIMEDLOGIC] Market is open
22:58:19.479 [main] INFO  c.gettingstarted.MyAlgoLogic - [MYALGO] Adding order for100@98
total order count is 69
22:58:19.479 [main] INFO  c.gettingstarted.MyAlgoLogic - [Sheza6] market monitor size is 0
22:58:19.479 [main] INFO  c.container.Actioner - [ALGO] Actioner, sending action:CreateChildOrder(side=BUY,quantity=100,price=98)
22:58:19.479 [main] INFO  c.sequencer.consumer.LoggingConsumer - [71] [CreateOrder](sbeTemplateId=4|sbeSchemaId=2|sbeSchemaVersion=0|sbeBlockLength=33):instrumentId=0|price=98|quantity=100|side=BUY|orderId=71
22:58:19.479 [main] INFO  c.gettingstarted.MyAlgoLogic - [MYALGO] The state of the order book is:
|----BID-----||----ASK----|
   101 @ 100    100 @ 98
   200 @ 110    200 @ 95
  5000 @ 115    300 @ 91
|------------||-----------|

22:58:19.479 [main] INFO  c.gettingstarted.MyAlgoLogic - [MYALGO] Algo Sees Book as: 
|----BID-----||----ASK----|
   101 @ 100    100 @ 98
   200 @ 110    200 @ 95
  5000 @ 115    300 @ 91
|------------||-----------|

22:58:19.479 [main] INFO  c.gettingstarted.MyAlgoLogic - [Sheza5] market monitor size is 0
22:58:19.479 [main] INFO  c.gettingstarted.MyAlgoLogic - [MYALGO] Initial quantity100 price 98
Current market monitor list is 
MYALGO- Current market monitor size is 0
22:58:19.479 [main] INFO  c.gettingstarted.TimedLogic - [TIMEDLOGIC] Market is open
22:58:19.482 [main] INFO  c.gettingstarted.MyAlgoLogic - [MYALGO] Adding order for100@98
total order count is 70
22:58:19.482 [main] INFO  c.gettingstarted.MyAlgoLogic - [Sheza6] market monitor size is 0
22:58:19.482 [main] INFO  c.container.Actioner - [ALGO] Actioner, sending action:CreateChildOrder(side=BUY,quantity=100,price=98)
22:58:19.482 [main] INFO  c.sequencer.consumer.LoggingConsumer - [72] [CreateOrder](sbeTemplateId=4|sbeSchemaId=2|sbeSchemaVersion=0|sbeBlockLength=33):instrumentId=0|price=98|quantity=100|side=BUY|orderId=72
22:58:19.482 [main] INFO  c.gettingstarted.MyAlgoLogic - [MYALGO] The state of the order book is:
|----BID-----||----ASK----|
   101 @ 100    100 @ 98
   200 @ 110    200 @ 95
  5000 @ 115    300 @ 91
|------------||-----------|

22:58:19.482 [main] INFO  c.gettingstarted.MyAlgoLogic - [MYALGO] Algo Sees Book as: 
|----BID-----||----ASK----|
   101 @ 100    100 @ 98
   200 @ 110    200 @ 95
  5000 @ 115    300 @ 91
|------------||-----------|

22:58:19.482 [main] INFO  c.gettingstarted.MyAlgoLogic - [Sheza5] market monitor size is 0
22:58:19.483 [main] INFO  c.gettingstarted.MyAlgoLogic - [MYALGO] Initial quantity100 price 98
Current market monitor list is 
MYALGO- Current market monitor size is 0
22:58:19.483 [main] INFO  c.gettingstarted.TimedLogic - [TIMEDLOGIC] Market is open
22:58:19.483 [main] INFO  c.gettingstarted.MyAlgoLogic - [MYALGO] Adding order for100@98
total order count is 71
22:58:19.483 [main] INFO  c.gettingstarted.MyAlgoLogic - [Sheza6] market monitor size is 0
22:58:19.483 [main] INFO  c.container.Actioner - [ALGO] Actioner, sending action:CreateChildOrder(side=BUY,quantity=100,price=98)
22:58:19.483 [main] INFO  c.sequencer.consumer.LoggingConsumer - [73] [CreateOrder](sbeTemplateId=4|sbeSchemaId=2|sbeSchemaVersion=0|sbeBlockLength=33):instrumentId=0|price=98|quantity=100|side=BUY|orderId=73
22:58:19.483 [main] INFO  c.gettingstarted.MyAlgoLogic - [MYALGO] The state of the order book is:
|----BID-----||----ASK----|
   101 @ 100    100 @ 98
   200 @ 110    200 @ 95
  5000 @ 115    300 @ 91
|------------||-----------|

22:58:19.483 [main] INFO  c.gettingstarted.MyAlgoLogic - [MYALGO] Algo Sees Book as: 
|----BID-----||----ASK----|
   101 @ 100    100 @ 98
   200 @ 110    200 @ 95
  5000 @ 115    300 @ 91
|------------||-----------|

22:58:19.483 [main] INFO  c.gettingstarted.MyAlgoLogic - [Sheza5] market monitor size is 0
22:58:19.483 [main] INFO  c.gettingstarted.MyAlgoLogic - [MYALGO] Initial quantity100 price 98
Current market monitor list is 
MYALGO- Current market monitor size is 0
22:58:19.483 [main] INFO  c.gettingstarted.TimedLogic - [TIMEDLOGIC] Market is open
22:58:19.483 [main] INFO  c.gettingstarted.MyAlgoLogic - [MYALGO] Adding order for100@98
total order count is 72
22:58:19.483 [main] INFO  c.gettingstarted.MyAlgoLogic - [Sheza6] market monitor size is 0
22:58:19.483 [main] INFO  c.container.Actioner - [ALGO] Actioner, sending action:CreateChildOrder(side=BUY,quantity=100,price=98)
22:58:19.485 [main] INFO  c.sequencer.consumer.LoggingConsumer - [74] [CreateOrder](sbeTemplateId=4|sbeSchemaId=2|sbeSchemaVersion=0|sbeBlockLength=33):instrumentId=0|price=98|quantity=100|side=BUY|orderId=74
22:58:19.485 [main] INFO  c.gettingstarted.MyAlgoLogic - [MYALGO] The state of the order book is:
|----BID-----||----ASK----|
   101 @ 100    100 @ 98
   200 @ 110    200 @ 95
  5000 @ 115    300 @ 91
|------------||-----------|

22:58:19.485 [main] INFO  c.gettingstarted.MyAlgoLogic - [MYALGO] Algo Sees Book as: 
|----BID-----||----ASK----|
   101 @ 100    100 @ 98
   200 @ 110    200 @ 95
  5000 @ 115    300 @ 91
|------------||-----------|

22:58:19.485 [main] INFO  c.gettingstarted.MyAlgoLogic - [Sheza5] market monitor size is 0
22:58:19.485 [main] INFO  c.gettingstarted.MyAlgoLogic - [MYALGO] Initial quantity100 price 98
Current market monitor list is 
MYALGO- Current market monitor size is 0
22:58:19.485 [main] INFO  c.gettingstarted.TimedLogic - [TIMEDLOGIC] Market is open
22:58:19.485 [pool-108-thread-1] INFO  c.gettingstarted.TimedLogic - [TIMEDLOGIC] data harvesting
Current market monitor list is 
yolo Price: 97, Quantity: 95Current time: 22:58:19.124894500
22:58:19.485 [pool-108-thread-1] INFO  c.gettingstarted.TimedLogic - [Sheza2] market monitor size is 1
Current market monitor size is 1
22:58:19.485 [main] INFO  c.gettingstarted.MyAlgoLogic - [MYALGO] Adding order for100@98
total order count is 73
22:58:19.485 [pool-108-thread-1] INFO  c.gettingstarted.TimedLogic - [Sheza3] market monitor size is 1
22:58:19.485 [main] INFO  c.gettingstarted.MyAlgoLogic - [Sheza6] market monitor size is 0
22:58:19.485 [main] INFO  c.container.Actioner - [ALGO] Actioner, sending action:CreateChildOrder(side=BUY,quantity=100,price=98)
22:58:19.485 [main] INFO  c.sequencer.consumer.LoggingConsumer - [75] [CreateOrder](sbeTemplateId=4|sbeSchemaId=2|sbeSchemaVersion=0|sbeBlockLength=33):instrumentId=0|price=98|quantity=100|side=BUY|orderId=75
22:58:19.486 [main] INFO  c.gettingstarted.MyAlgoLogic - [MYALGO] The state of the order book is:
|----BID-----||----ASK----|
   101 @ 100    100 @ 98
   200 @ 110    200 @ 95
  5000 @ 115    300 @ 91
|------------||-----------|

22:58:19.486 [main] INFO  c.gettingstarted.MyAlgoLogic - [MYALGO] Algo Sees Book as: 
|----BID-----||----ASK----|
   101 @ 100    100 @ 98
   200 @ 110    200 @ 95
  5000 @ 115    300 @ 91
|------------||-----------|

22:58:19.486 [main] INFO  c.gettingstarted.MyAlgoLogic - [Sheza5] market monitor size is 0
22:58:19.486 [main] INFO  c.gettingstarted.MyAlgoLogic - [MYALGO] Initial quantity100 price 98
Current market monitor list is 
MYALGO- Current market monitor size is 0
22:58:19.487 [main] INFO  c.gettingstarted.TimedLogic - [TIMEDLOGIC] Market is open
22:58:19.488 [main] INFO  c.gettingstarted.MyAlgoLogic - [MYALGO] Adding order for100@98
total order count is 74
22:58:19.488 [main] INFO  c.gettingstarted.MyAlgoLogic - [Sheza6] market monitor size is 0
22:58:19.488 [main] INFO  c.container.Actioner - [ALGO] Actioner, sending action:CreateChildOrder(side=BUY,quantity=100,price=98)
22:58:19.488 [main] INFO  c.sequencer.consumer.LoggingConsumer - [76] [CreateOrder](sbeTemplateId=4|sbeSchemaId=2|sbeSchemaVersion=0|sbeBlockLength=33):instrumentId=0|price=98|quantity=100|side=BUY|orderId=76
22:58:19.488 [main] INFO  c.gettingstarted.MyAlgoLogic - [MYALGO] The state of the order book is:
|----BID-----||----ASK----|
   101 @ 100    100 @ 98
   200 @ 110    200 @ 95
  5000 @ 115    300 @ 91
|------------||-----------|

22:58:19.488 [main] INFO  c.gettingstarted.MyAlgoLogic - [MYALGO] Algo Sees Book as: 
|----BID-----||----ASK----|
   101 @ 100    100 @ 98
   200 @ 110    200 @ 95
  5000 @ 115    300 @ 91
|------------||-----------|

22:58:19.488 [main] INFO  c.gettingstarted.MyAlgoLogic - [Sheza5] market monitor size is 0
22:58:19.489 [main] INFO  c.gettingstarted.MyAlgoLogic - [MYALGO] Initial quantity100 price 98
Current market monitor list is 
MYALGO- Current market monitor size is 0
22:58:19.489 [main] INFO  c.gettingstarted.TimedLogic - [TIMEDLOGIC] Market is open
22:58:19.489 [main] INFO  c.gettingstarted.MyAlgoLogic - [MYALGO] Have:75 children, want 5, done.
22:58:19.489 [main] INFO  c.gettingstarted.MyAlgoLogic - [MYALGO] active orders are 75
22:58:19.489 [main] INFO  c.gettingstarted.MyAlgoLogic - [MYALGO] Cancelling order:codingblackfemales.sotw.ChildOrder@1e04fa0a
22:58:19.489 [main] INFO  c.gettingstarted.MyAlgoLogic - [MYALGO] option is present, number of active orders are 75
22:58:19.489 [main] INFO  c.container.Actioner - [ALGO] Actioner, sending action:CancelChildOrder(codingblackfemales.sotw.ChildOrder@1e04fa0a)
22:58:19.489 [main] INFO  c.sequencer.consumer.LoggingConsumer - [77] [CancelOrder](sbeTemplateId=5|sbeSchemaId=2|sbeSchemaVersion=0|sbeBlockLength=8):orderId=2
22:58:19.489 [main] INFO  c.gettingstarted.MyAlgoLogic - [MYALGO] The state of the order book is:
|----BID-----||----ASK----|
   101 @ 100    100 @ 98
   200 @ 110    200 @ 95
  5000 @ 115    300 @ 91
|------------||-----------|

22:58:19.489 [main] INFO  c.gettingstarted.MyAlgoLogic - [MYALGO] Algo Sees Book as: 
|----BID-----||----ASK----|
   101 @ 100    100 @ 98
   200 @ 110    200 @ 95
  5000 @ 115    300 @ 91
|------------||-----------|

22:58:19.489 [main] INFO  c.gettingstarted.MyAlgoLogic - [Sheza5] market monitor size is 0
22:58:19.489 [main] INFO  c.gettingstarted.MyAlgoLogic - [MYALGO] Initial quantity100 price 98
Current market monitor list is 
MYALGO- Current market monitor size is 0
22:58:19.489 [main] INFO  c.gettingstarted.TimedLogic - [TIMEDLOGIC] Market is open
22:58:19.489 [main] INFO  c.gettingstarted.MyAlgoLogic - [MYALGO] Have:74 children, want 5, done.
22:58:19.489 [main] INFO  c.gettingstarted.MyAlgoLogic - [MYALGO] active orders are 74
22:58:19.489 [main] INFO  c.gettingstarted.MyAlgoLogic - [MYALGO] Cancelling order:codingblackfemales.sotw.ChildOrder@1af2d44a
22:58:19.489 [main] INFO  c.gettingstarted.MyAlgoLogic - [MYALGO] option is present, number of active orders are 74
22:58:19.489 [main] INFO  c.container.Actioner - [ALGO] Actioner, sending action:CancelChildOrder(codingblackfemales.sotw.ChildOrder@1af2d44a)
22:58:19.489 [main] INFO  c.sequencer.consumer.LoggingConsumer - [78] [CancelOrder](sbeTemplateId=5|sbeSchemaId=2|sbeSchemaVersion=0|sbeBlockLength=8):orderId=3
22:58:19.489 [main] INFO  c.gettingstarted.MyAlgoLogic - [MYALGO] The state of the order book is:
|----BID-----||----ASK----|
   101 @ 100    100 @ 98
   200 @ 110    200 @ 95
  5000 @ 115    300 @ 91
|------------||-----------|

22:58:19.489 [main] INFO  c.gettingstarted.MyAlgoLogic - [MYALGO] Algo Sees Book as: 
|----BID-----||----ASK----|
   101 @ 100    100 @ 98
   200 @ 110    200 @ 95
  5000 @ 115    300 @ 91
|------------||-----------|

22:58:19.489 [main] INFO  c.gettingstarted.MyAlgoLogic - [Sheza5] market monitor size is 0
22:58:19.489 [main] INFO  c.gettingstarted.MyAlgoLogic - [MYALGO] Initial quantity100 price 98
Current market monitor list is 
MYALGO- Current market monitor size is 0
22:58:19.489 [main] INFO  c.gettingstarted.TimedLogic - [TIMEDLOGIC] Market is open
22:58:19.489 [main] INFO  c.gettingstarted.MyAlgoLogic - [MYALGO] Have:73 children, want 5, done.
22:58:19.489 [main] INFO  c.gettingstarted.MyAlgoLogic - [MYALGO] active orders are 73
22:58:19.489 [main] INFO  c.gettingstarted.MyAlgoLogic - [MYALGO] Cancelling order:codingblackfemales.sotw.ChildOrder@18d87d80
22:58:19.489 [main] INFO  c.gettingstarted.MyAlgoLogic - [MYALGO] option is present, number of active orders are 73
22:58:19.489 [main] INFO  c.container.Actioner - [ALGO] Actioner, sending action:CancelChildOrder(codingblackfemales.sotw.ChildOrder@18d87d80)
22:58:19.489 [main] INFO  c.sequencer.consumer.LoggingConsumer - [79] [CancelOrder](sbeTemplateId=5|sbeSchemaId=2|sbeSchemaVersion=0|sbeBlockLength=8):orderId=4
22:58:19.489 [main] INFO  c.gettingstarted.MyAlgoLogic - [MYALGO] The state of the order book is:
|----BID-----||----ASK----|
   101 @ 100    100 @ 98
   200 @ 110    200 @ 95
  5000 @ 115    300 @ 91
|------------||-----------|

22:58:19.490 [main] INFO  c.gettingstarted.MyAlgoLogic - [MYALGO] Algo Sees Book as: 
|----BID-----||----ASK----|
   101 @ 100    100 @ 98
   200 @ 110    200 @ 95
  5000 @ 115    300 @ 91
|------------||-----------|

22:58:19.490 [main] INFO  c.gettingstarted.MyAlgoLogic - [Sheza5] market monitor size is 0
22:58:19.490 [main] INFO  c.gettingstarted.MyAlgoLogic - [MYALGO] Initial quantity100 price 98
Current market monitor list is 
MYALGO- Current market monitor size is 0
22:58:19.490 [main] INFO  c.gettingstarted.TimedLogic - [TIMEDLOGIC] Market is open
22:58:19.490 [main] INFO  c.gettingstarted.MyAlgoLogic - [MYALGO] Have:72 children, want 5, done.
22:58:19.490 [main] INFO  c.gettingstarted.MyAlgoLogic - [MYALGO] active orders are 72
22:58:19.490 [main] INFO  c.gettingstarted.MyAlgoLogic - [MYALGO] Cancelling order:codingblackfemales.sotw.ChildOrder@618425b5
22:58:19.490 [main] INFO  c.gettingstarted.MyAlgoLogic - [MYALGO] option is present, number of active orders are 72
22:58:19.490 [main] INFO  c.container.Actioner - [ALGO] Actioner, sending action:CancelChildOrder(codingblackfemales.sotw.ChildOrder@618425b5)
22:58:19.490 [main] INFO  c.sequencer.consumer.LoggingConsumer - [80] [CancelOrder](sbeTemplateId=5|sbeSchemaId=2|sbeSchemaVersion=0|sbeBlockLength=8):orderId=5
22:58:19.490 [main] INFO  c.gettingstarted.MyAlgoLogic - [MYALGO] The state of the order book is:
|----BID-----||----ASK----|
   101 @ 100    100 @ 98
   200 @ 110    200 @ 95
  5000 @ 115    300 @ 91
|------------||-----------|

22:58:19.490 [main] INFO  c.gettingstarted.MyAlgoLogic - [MYALGO] Algo Sees Book as: 
|----BID-----||----ASK----|
   101 @ 100    100 @ 98
   200 @ 110    200 @ 95
  5000 @ 115    300 @ 91
|------------||-----------|

22:58:19.490 [main] INFO  c.gettingstarted.MyAlgoLogic - [Sheza5] market monitor size is 0
22:58:19.490 [main] INFO  c.gettingstarted.MyAlgoLogic - [MYALGO] Initial quantity100 price 98
Current market monitor list is 
MYALGO- Current market monitor size is 0
22:58:19.490 [main] INFO  c.gettingstarted.TimedLogic - [TIMEDLOGIC] Market is open
22:58:19.490 [main] INFO  c.gettingstarted.MyAlgoLogic - [MYALGO] Have:71 children, want 5, done.
22:58:19.490 [main] INFO  c.gettingstarted.MyAlgoLogic - [MYALGO] active orders are 71
22:58:19.490 [main] INFO  c.gettingstarted.MyAlgoLogic - [MYALGO] Cancelling order:codingblackfemales.sotw.ChildOrder@58695725
22:58:19.490 [main] INFO  c.gettingstarted.MyAlgoLogic - [MYALGO] option is present, number of active orders are 71
22:58:19.490 [main] INFO  c.container.Actioner - [ALGO] Actioner, sending action:CancelChildOrder(codingblackfemales.sotw.ChildOrder@58695725)
22:58:19.490 [main] INFO  c.sequencer.consumer.LoggingConsumer - [81] [CancelOrder](sbeTemplateId=5|sbeSchemaId=2|sbeSchemaVersion=0|sbeBlockLength=8):orderId=6
22:58:19.490 [main] INFO  c.gettingstarted.MyAlgoLogic - [MYALGO] The state of the order book is:
|----BID-----||----ASK----|
   101 @ 100    100 @ 98
   200 @ 110    200 @ 95
  5000 @ 115    300 @ 91
|------------||-----------|

22:58:19.490 [main] INFO  c.gettingstarted.MyAlgoLogic - [MYALGO] Algo Sees Book as: 
|----BID-----||----ASK----|
   101 @ 100    100 @ 98
   200 @ 110    200 @ 95
  5000 @ 115    300 @ 91
|------------||-----------|

22:58:19.490 [main] INFO  c.gettingstarted.MyAlgoLogic - [Sheza5] market monitor size is 0
22:58:19.490 [main] INFO  c.gettingstarted.MyAlgoLogic - [MYALGO] Initial quantity100 price 98
Current market monitor list is 
MYALGO- Current market monitor size is 0
22:58:19.490 [main] INFO  c.gettingstarted.TimedLogic - [TIMEDLOGIC] Market is open
22:58:19.490 [main] INFO  c.gettingstarted.MyAlgoLogic - [MYALGO] Have:70 children, want 5, done.
22:58:19.490 [main] INFO  c.gettingstarted.MyAlgoLogic - [MYALGO] active orders are 70
22:58:19.490 [main] INFO  c.gettingstarted.MyAlgoLogic - [MYALGO] Cancelling order:codingblackfemales.sotw.ChildOrder@543588e6
22:58:19.490 [main] INFO  c.gettingstarted.MyAlgoLogic - [MYALGO] option is present, number of active orders are 70
22:58:19.490 [main] INFO  c.container.Actioner - [ALGO] Actioner, sending action:CancelChildOrder(codingblackfemales.sotw.ChildOrder@543588e6)
22:58:19.490 [main] INFO  c.sequencer.consumer.LoggingConsumer - [82] [CancelOrder](sbeTemplateId=5|sbeSchemaId=2|sbeSchemaVersion=0|sbeBlockLength=8):orderId=7
22:58:19.490 [main] INFO  c.gettingstarted.MyAlgoLogic - [MYALGO] The state of the order book is:
|----BID-----||----ASK----|
   101 @ 100    100 @ 98
   200 @ 110    200 @ 95
  5000 @ 115    300 @ 91
|------------||-----------|

22:58:19.490 [main] INFO  c.gettingstarted.MyAlgoLogic - [MYALGO] Algo Sees Book as: 
|----BID-----||----ASK----|
   101 @ 100    100 @ 98
   200 @ 110    200 @ 95
  5000 @ 115    300 @ 91
|------------||-----------|

22:58:19.490 [main] INFO  c.gettingstarted.MyAlgoLogic - [Sheza5] market monitor size is 0
22:58:19.490 [main] INFO  c.gettingstarted.MyAlgoLogic - [MYALGO] Initial quantity100 price 98
Current market monitor list is 
MYALGO- Current market monitor size is 0
22:58:19.490 [main] INFO  c.gettingstarted.TimedLogic - [TIMEDLOGIC] Market is open
22:58:19.490 [main] INFO  c.gettingstarted.MyAlgoLogic - [MYALGO] Have:69 children, want 5, done.
22:58:19.490 [main] INFO  c.gettingstarted.MyAlgoLogic - [MYALGO] active orders are 69
22:58:19.490 [main] INFO  c.gettingstarted.MyAlgoLogic - [MYALGO] Cancelling order:codingblackfemales.sotw.ChildOrder@f5acb9d
22:58:19.490 [main] INFO  c.gettingstarted.MyAlgoLogic - [MYALGO] option is present, number of active orders are 69
22:58:19.490 [main] INFO  c.container.Actioner - [ALGO] Actioner, sending action:CancelChildOrder(codingblackfemales.sotw.ChildOrder@f5acb9d)
22:58:19.490 [main] INFO  c.sequencer.consumer.LoggingConsumer - [83] [CancelOrder](sbeTemplateId=5|sbeSchemaId=2|sbeSchemaVersion=0|sbeBlockLength=8):orderId=8
22:58:19.490 [main] INFO  c.gettingstarted.MyAlgoLogic - [MYALGO] The state of the order book is:
|----BID-----||----ASK----|
   101 @ 100    100 @ 98
   200 @ 110    200 @ 95
  5000 @ 115    300 @ 91
|------------||-----------|

22:58:19.490 [main] INFO  c.gettingstarted.MyAlgoLogic - [MYALGO] Algo Sees Book as: 
|----BID-----||----ASK----|
   101 @ 100    100 @ 98
   200 @ 110    200 @ 95
  5000 @ 115    300 @ 91
|------------||-----------|

22:58:19.490 [main] INFO  c.gettingstarted.MyAlgoLogic - [Sheza5] market monitor size is 0
22:58:19.490 [main] INFO  c.gettingstarted.MyAlgoLogic - [MYALGO] Initial quantity100 price 98
Current market monitor list is 
MYALGO- Current market monitor size is 0
22:58:19.490 [main] INFO  c.gettingstarted.TimedLogic - [TIMEDLOGIC] Market is open
22:58:19.490 [main] INFO  c.gettingstarted.MyAlgoLogic - [MYALGO] Have:68 children, want 5, done.
22:58:19.490 [main] INFO  c.gettingstarted.MyAlgoLogic - [MYALGO] active orders are 68
22:58:19.490 [main] INFO  c.gettingstarted.MyAlgoLogic - [MYALGO] Cancelling order:codingblackfemales.sotw.ChildOrder@4fb3ee4e
22:58:19.490 [main] INFO  c.gettingstarted.MyAlgoLogic - [MYALGO] option is present, number of active orders are 68
22:58:19.490 [main] INFO  c.container.Actioner - [ALGO] Actioner, sending action:CancelChildOrder(codingblackfemales.sotw.ChildOrder@4fb3ee4e)
22:58:19.490 [main] INFO  c.sequencer.consumer.LoggingConsumer - [84] [CancelOrder](sbeTemplateId=5|sbeSchemaId=2|sbeSchemaVersion=0|sbeBlockLength=8):orderId=9
22:58:19.490 [main] INFO  c.gettingstarted.MyAlgoLogic - [MYALGO] The state of the order book is:
|----BID-----||----ASK----|
   101 @ 100    100 @ 98
   200 @ 110    200 @ 95
  5000 @ 115    300 @ 91
|------------||-----------|

22:58:19.490 [main] INFO  c.gettingstarted.MyAlgoLogic - [MYALGO] Algo Sees Book as: 
|----BID-----||----ASK----|
   101 @ 100    100 @ 98
   200 @ 110    200 @ 95
  5000 @ 115    300 @ 91
|------------||-----------|

22:58:19.490 [main] INFO  c.gettingstarted.MyAlgoLogic - [Sheza5] market monitor size is 0
22:58:19.490 [main] INFO  c.gettingstarted.MyAlgoLogic - [MYALGO] Initial quantity100 price 98
Current market monitor list is 
MYALGO- Current market monitor size is 0
22:58:19.491 [main] INFO  c.gettingstarted.TimedLogic - [TIMEDLOGIC] Market is open
22:58:19.491 [main] INFO  c.gettingstarted.MyAlgoLogic - [MYALGO] Have:67 children, want 5, done.
22:58:19.491 [main] INFO  c.gettingstarted.MyAlgoLogic - [MYALGO] active orders are 67
22:58:19.491 [main] INFO  c.gettingstarted.MyAlgoLogic - [MYALGO] Cancelling order:codingblackfemales.sotw.ChildOrder@5d7148e2
22:58:19.491 [main] INFO  c.gettingstarted.MyAlgoLogic - [MYALGO] option is present, number of active orders are 67
22:58:19.491 [main] INFO  c.container.Actioner - [ALGO] Actioner, sending action:CancelChildOrder(codingblackfemales.sotw.ChildOrder@5d7148e2)
22:58:19.491 [main] INFO  c.sequencer.consumer.LoggingConsumer - [85] [CancelOrder](sbeTemplateId=5|sbeSchemaId=2|sbeSchemaVersion=0|sbeBlockLength=8):orderId=10
22:58:19.491 [main] INFO  c.gettingstarted.MyAlgoLogic - [MYALGO] The state of the order book is:
|----BID-----||----ASK----|
   101 @ 100    100 @ 98
   200 @ 110    200 @ 95
  5000 @ 115    300 @ 91
|------------||-----------|

22:58:19.491 [main] INFO  c.gettingstarted.MyAlgoLogic - [MYALGO] Algo Sees Book as: 
|----BID-----||----ASK----|
   101 @ 100    100 @ 98
   200 @ 110    200 @ 95
  5000 @ 115    300 @ 91
|------------||-----------|

22:58:19.491 [main] INFO  c.gettingstarted.MyAlgoLogic - [Sheza5] market monitor size is 0
22:58:19.491 [main] INFO  c.gettingstarted.MyAlgoLogic - [MYALGO] Initial quantity100 price 98
Current market monitor list is 
MYALGO- Current market monitor size is 0
22:58:19.491 [main] INFO  c.gettingstarted.TimedLogic - [TIMEDLOGIC] Market is open
22:58:19.491 [main] INFO  c.gettingstarted.MyAlgoLogic - [MYALGO] Have:66 children, want 5, done.
22:58:19.491 [main] INFO  c.gettingstarted.MyAlgoLogic - [MYALGO] active orders are 66
22:58:19.491 [main] INFO  c.gettingstarted.MyAlgoLogic - [MYALGO] Cancelling order:codingblackfemales.sotw.ChildOrder@25fb8912
22:58:19.491 [main] INFO  c.gettingstarted.MyAlgoLogic - [MYALGO] option is present, number of active orders are 66
22:58:19.491 [main] INFO  c.container.Actioner - [ALGO] Actioner, sending action:CancelChildOrder(codingblackfemales.sotw.ChildOrder@25fb8912)
22:58:19.491 [main] INFO  c.sequencer.consumer.LoggingConsumer - [86] [CancelOrder](sbeTemplateId=5|sbeSchemaId=2|sbeSchemaVersion=0|sbeBlockLength=8):orderId=11
22:58:19.491 [main] INFO  c.gettingstarted.MyAlgoLogic - [MYALGO] The state of the order book is:
|----BID-----||----ASK----|
   101 @ 100    100 @ 98
   200 @ 110    200 @ 95
  5000 @ 115    300 @ 91
|------------||-----------|

22:58:19.491 [main] INFO  c.gettingstarted.MyAlgoLogic - [MYALGO] Algo Sees Book as: 
|----BID-----||----ASK----|
   101 @ 100    100 @ 98
   200 @ 110    200 @ 95
  5000 @ 115    300 @ 91
|------------||-----------|

22:58:19.491 [main] INFO  c.gettingstarted.MyAlgoLogic - [Sheza5] market monitor size is 0
22:58:19.491 [main] INFO  c.gettingstarted.MyAlgoLogic - [MYALGO] Initial quantity100 price 98
Current market monitor list is 
MYALGO- Current market monitor size is 0
22:58:19.491 [main] INFO  c.gettingstarted.TimedLogic - [TIMEDLOGIC] Market is open
22:58:19.491 [main] INFO  c.gettingstarted.MyAlgoLogic - [MYALGO] Have:65 children, want 5, done.
22:58:19.491 [main] INFO  c.gettingstarted.MyAlgoLogic - [MYALGO] active orders are 65
22:58:19.491 [main] INFO  c.gettingstarted.MyAlgoLogic - [MYALGO] Cancelling order:codingblackfemales.sotw.ChildOrder@7c24b813
22:58:19.491 [main] INFO  c.gettingstarted.MyAlgoLogic - [MYALGO] option is present, number of active orders are 65
22:58:19.491 [main] INFO  c.container.Actioner - [ALGO] Actioner, sending action:CancelChildOrder(codingblackfemales.sotw.ChildOrder@7c24b813)
22:58:19.491 [main] INFO  c.sequencer.consumer.LoggingConsumer - [87] [CancelOrder](sbeTemplateId=5|sbeSchemaId=2|sbeSchemaVersion=0|sbeBlockLength=8):orderId=12
22:58:19.491 [main] INFO  c.gettingstarted.MyAlgoLogic - [MYALGO] The state of the order book is:
|----BID-----||----ASK----|
   101 @ 100    100 @ 98
   200 @ 110    200 @ 95
  5000 @ 115    300 @ 91
|------------||-----------|

22:58:19.491 [main] INFO  c.gettingstarted.MyAlgoLogic - [MYALGO] Algo Sees Book as: 
|----BID-----||----ASK----|
   101 @ 100    100 @ 98
   200 @ 110    200 @ 95
  5000 @ 115    300 @ 91
|------------||-----------|

22:58:19.491 [main] INFO  c.gettingstarted.MyAlgoLogic - [Sheza5] market monitor size is 0
22:58:19.491 [main] INFO  c.gettingstarted.MyAlgoLogic - [MYALGO] Initial quantity100 price 98
Current market monitor list is 
MYALGO- Current market monitor size is 0
22:58:19.491 [main] INFO  c.gettingstarted.TimedLogic - [TIMEDLOGIC] Market is open
22:58:19.491 [main] INFO  c.gettingstarted.MyAlgoLogic - [MYALGO] Have:64 children, want 5, done.
22:58:19.491 [main] INFO  c.gettingstarted.MyAlgoLogic - [MYALGO] active orders are 64
22:58:19.491 [main] INFO  c.gettingstarted.MyAlgoLogic - [MYALGO] Cancelling order:codingblackfemales.sotw.ChildOrder@2c35e847
22:58:19.491 [main] INFO  c.gettingstarted.MyAlgoLogic - [MYALGO] option is present, number of active orders are 64
22:58:19.491 [main] INFO  c.container.Actioner - [ALGO] Actioner, sending action:CancelChildOrder(codingblackfemales.sotw.ChildOrder@2c35e847)
22:58:19.491 [main] INFO  c.sequencer.consumer.LoggingConsumer - [88] [CancelOrder](sbeTemplateId=5|sbeSchemaId=2|sbeSchemaVersion=0|sbeBlockLength=8):orderId=13
22:58:19.491 [main] INFO  c.gettingstarted.MyAlgoLogic - [MYALGO] The state of the order book is:
|----BID-----||----ASK----|
   101 @ 100    100 @ 98
   200 @ 110    200 @ 95
  5000 @ 115    300 @ 91
|------------||-----------|

22:58:19.491 [main] INFO  c.gettingstarted.MyAlgoLogic - [MYALGO] Algo Sees Book as: 
|----BID-----||----ASK----|
   101 @ 100    100 @ 98
   200 @ 110    200 @ 95
  5000 @ 115    300 @ 91
|------------||-----------|

22:58:19.491 [main] INFO  c.gettingstarted.MyAlgoLogic - [Sheza5] market monitor size is 0
22:58:19.491 [main] INFO  c.gettingstarted.MyAlgoLogic - [MYALGO] Initial quantity100 price 98
Current market monitor list is 
MYALGO- Current market monitor size is 0
22:58:19.491 [main] INFO  c.gettingstarted.TimedLogic - [TIMEDLOGIC] Market is open
22:58:19.491 [main] INFO  c.gettingstarted.MyAlgoLogic - [MYALGO] Have:63 children, want 5, done.
22:58:19.491 [main] INFO  c.gettingstarted.MyAlgoLogic - [MYALGO] active orders are 63
22:58:19.491 [main] INFO  c.gettingstarted.MyAlgoLogic - [MYALGO] Cancelling order:codingblackfemales.sotw.ChildOrder@7bd4937b
22:58:19.491 [main] INFO  c.gettingstarted.MyAlgoLogic - [MYALGO] option is present, number of active orders are 63
22:58:19.491 [main] INFO  c.container.Actioner - [ALGO] Actioner, sending action:CancelChildOrder(codingblackfemales.sotw.ChildOrder@7bd4937b)
22:58:19.491 [main] INFO  c.sequencer.consumer.LoggingConsumer - [89] [CancelOrder](sbeTemplateId=5|sbeSchemaId=2|sbeSchemaVersion=0|sbeBlockLength=8):orderId=14
22:58:19.492 [main] INFO  c.gettingstarted.MyAlgoLogic - [MYALGO] The state of the order book is:
|----BID-----||----ASK----|
   101 @ 100    100 @ 98
   200 @ 110    200 @ 95
  5000 @ 115    300 @ 91
|------------||-----------|

22:58:19.492 [main] INFO  c.gettingstarted.MyAlgoLogic - [MYALGO] Algo Sees Book as: 
|----BID-----||----ASK----|
   101 @ 100    100 @ 98
   200 @ 110    200 @ 95
  5000 @ 115    300 @ 91
|------------||-----------|

22:58:19.492 [main] INFO  c.gettingstarted.MyAlgoLogic - [Sheza5] market monitor size is 0
22:58:19.492 [main] INFO  c.gettingstarted.MyAlgoLogic - [MYALGO] Initial quantity100 price 98
Current market monitor list is 
MYALGO- Current market monitor size is 0
22:58:19.492 [main] INFO  c.gettingstarted.TimedLogic - [TIMEDLOGIC] Market is open
22:58:19.492 [main] INFO  c.gettingstarted.MyAlgoLogic - [MYALGO] Have:62 children, want 5, done.
22:58:19.492 [main] INFO  c.gettingstarted.MyAlgoLogic - [MYALGO] active orders are 62
22:58:19.492 [main] INFO  c.gettingstarted.MyAlgoLogic - [MYALGO] Cancelling order:codingblackfemales.sotw.ChildOrder@21e360a
22:58:19.492 [main] INFO  c.gettingstarted.MyAlgoLogic - [MYALGO] option is present, number of active orders are 62
22:58:19.492 [main] INFO  c.container.Actioner - [ALGO] Actioner, sending action:CancelChildOrder(codingblackfemales.sotw.ChildOrder@21e360a)
22:58:19.492 [main] INFO  c.sequencer.consumer.LoggingConsumer - [90] [CancelOrder](sbeTemplateId=5|sbeSchemaId=2|sbeSchemaVersion=0|sbeBlockLength=8):orderId=15
22:58:19.492 [main] INFO  c.gettingstarted.MyAlgoLogic - [MYALGO] The state of the order book is:
|----BID-----||----ASK----|
   101 @ 100    100 @ 98
   200 @ 110    200 @ 95
  5000 @ 115    300 @ 91
|------------||-----------|

22:58:19.492 [main] INFO  c.gettingstarted.MyAlgoLogic - [MYALGO] Algo Sees Book as: 
|----BID-----||----ASK----|
   101 @ 100    100 @ 98
   200 @ 110    200 @ 95
  5000 @ 115    300 @ 91
|------------||-----------|

22:58:19.492 [main] INFO  c.gettingstarted.MyAlgoLogic - [Sheza5] market monitor size is 0
22:58:19.492 [main] INFO  c.gettingstarted.MyAlgoLogic - [MYALGO] Initial quantity100 price 98
Current market monitor list is 
MYALGO- Current market monitor size is 0
22:58:19.492 [main] INFO  c.gettingstarted.TimedLogic - [TIMEDLOGIC] Market is open
22:58:19.492 [main] INFO  c.gettingstarted.MyAlgoLogic - [MYALGO] Have:61 children, want 5, done.
22:58:19.492 [main] INFO  c.gettingstarted.MyAlgoLogic - [MYALGO] active orders are 61
22:58:19.492 [main] INFO  c.gettingstarted.MyAlgoLogic - [MYALGO] Cancelling order:codingblackfemales.sotw.ChildOrder@5ba3f27a
22:58:19.492 [main] INFO  c.gettingstarted.MyAlgoLogic - [MYALGO] option is present, number of active orders are 61
22:58:19.492 [main] INFO  c.container.Actioner - [ALGO] Actioner, sending action:CancelChildOrder(codingblackfemales.sotw.ChildOrder@5ba3f27a)
22:58:19.492 [main] INFO  c.sequencer.consumer.LoggingConsumer - [91] [CancelOrder](sbeTemplateId=5|sbeSchemaId=2|sbeSchemaVersion=0|sbeBlockLength=8):orderId=16
22:58:19.492 [main] INFO  c.gettingstarted.MyAlgoLogic - [MYALGO] The state of the order book is:
|----BID-----||----ASK----|
   101 @ 100    100 @ 98
   200 @ 110    200 @ 95
  5000 @ 115    300 @ 91
|------------||-----------|

22:58:19.492 [main] INFO  c.gettingstarted.MyAlgoLogic - [MYALGO] Algo Sees Book as: 
|----BID-----||----ASK----|
   101 @ 100    100 @ 98
   200 @ 110    200 @ 95
  5000 @ 115    300 @ 91
|------------||-----------|

22:58:19.492 [main] INFO  c.gettingstarted.MyAlgoLogic - [Sheza5] market monitor size is 0
22:58:19.492 [main] INFO  c.gettingstarted.MyAlgoLogic - [MYALGO] Initial quantity100 price 98
Current market monitor list is 
MYALGO- Current market monitor size is 0
22:58:19.492 [main] INFO  c.gettingstarted.TimedLogic - [TIMEDLOGIC] Market is open
22:58:19.492 [main] INFO  c.gettingstarted.MyAlgoLogic - [MYALGO] Have:60 children, want 5, done.
22:58:19.492 [main] INFO  c.gettingstarted.MyAlgoLogic - [MYALGO] active orders are 60
22:58:19.492 [main] INFO  c.gettingstarted.MyAlgoLogic - [MYALGO] Cancelling order:codingblackfemales.sotw.ChildOrder@58d75e99
22:58:19.492 [main] INFO  c.gettingstarted.MyAlgoLogic - [MYALGO] option is present, number of active orders are 60
22:58:19.492 [main] INFO  c.container.Actioner - [ALGO] Actioner, sending action:CancelChildOrder(codingblackfemales.sotw.ChildOrder@58d75e99)
22:58:19.492 [main] INFO  c.sequencer.consumer.LoggingConsumer - [92] [CancelOrder](sbeTemplateId=5|sbeSchemaId=2|sbeSchemaVersion=0|sbeBlockLength=8):orderId=17
22:58:19.492 [main] INFO  c.gettingstarted.MyAlgoLogic - [MYALGO] The state of the order book is:
|----BID-----||----ASK----|
   101 @ 100    100 @ 98
   200 @ 110    200 @ 95
  5000 @ 115    300 @ 91
|------------||-----------|

22:58:19.492 [main] INFO  c.gettingstarted.MyAlgoLogic - [MYALGO] Algo Sees Book as: 
|----BID-----||----ASK----|
   101 @ 100    100 @ 98
   200 @ 110    200 @ 95
  5000 @ 115    300 @ 91
|------------||-----------|

22:58:19.492 [main] INFO  c.gettingstarted.MyAlgoLogic - [Sheza5] market monitor size is 0
22:58:19.492 [main] INFO  c.gettingstarted.MyAlgoLogic - [MYALGO] Initial quantity100 price 98
Current market monitor list is 
MYALGO- Current market monitor size is 0
22:58:19.492 [main] INFO  c.gettingstarted.TimedLogic - [TIMEDLOGIC] Market is open
22:58:19.492 [main] INFO  c.gettingstarted.MyAlgoLogic - [MYALGO] Have:59 children, want 5, done.
22:58:19.492 [main] INFO  c.gettingstarted.MyAlgoLogic - [MYALGO] active orders are 59
22:58:19.492 [main] INFO  c.gettingstarted.MyAlgoLogic - [MYALGO] Cancelling order:codingblackfemales.sotw.ChildOrder@74751b3
22:58:19.492 [main] INFO  c.gettingstarted.MyAlgoLogic - [MYALGO] option is present, number of active orders are 59
22:58:19.492 [main] INFO  c.container.Actioner - [ALGO] Actioner, sending action:CancelChildOrder(codingblackfemales.sotw.ChildOrder@74751b3)
22:58:19.492 [main] INFO  c.sequencer.consumer.LoggingConsumer - [93] [CancelOrder](sbeTemplateId=5|sbeSchemaId=2|sbeSchemaVersion=0|sbeBlockLength=8):orderId=18
22:58:19.492 [main] INFO  c.gettingstarted.MyAlgoLogic - [MYALGO] The state of the order book is:
|----BID-----||----ASK----|
   101 @ 100    100 @ 98
   200 @ 110    200 @ 95
  5000 @ 115    300 @ 91
|------------||-----------|

22:58:19.492 [main] INFO  c.gettingstarted.MyAlgoLogic - [MYALGO] Algo Sees Book as: 
|----BID-----||----ASK----|
   101 @ 100    100 @ 98
   200 @ 110    200 @ 95
  5000 @ 115    300 @ 91
|------------||-----------|

22:58:19.492 [main] INFO  c.gettingstarted.MyAlgoLogic - [Sheza5] market monitor size is 0
22:58:19.492 [main] INFO  c.gettingstarted.MyAlgoLogic - [MYALGO] Initial quantity100 price 98
Current market monitor list is 
MYALGO- Current market monitor size is 0
22:58:19.492 [main] INFO  c.gettingstarted.TimedLogic - [TIMEDLOGIC] Market is open
22:58:19.492 [main] INFO  c.gettingstarted.MyAlgoLogic - [MYALGO] Have:58 children, want 5, done.
22:58:19.492 [main] INFO  c.gettingstarted.MyAlgoLogic - [MYALGO] active orders are 58
22:58:19.492 [main] INFO  c.gettingstarted.MyAlgoLogic - [MYALGO] Cancelling order:codingblackfemales.sotw.ChildOrder@741a8937
22:58:19.492 [main] INFO  c.gettingstarted.MyAlgoLogic - [MYALGO] option is present, number of active orders are 58
22:58:19.492 [main] INFO  c.container.Actioner - [ALGO] Actioner, sending action:CancelChildOrder(codingblackfemales.sotw.ChildOrder@741a8937)
22:58:19.492 [main] INFO  c.sequencer.consumer.LoggingConsumer - [94] [CancelOrder](sbeTemplateId=5|sbeSchemaId=2|sbeSchemaVersion=0|sbeBlockLength=8):orderId=19
22:58:19.492 [main] INFO  c.gettingstarted.MyAlgoLogic - [MYALGO] The state of the order book is:
|----BID-----||----ASK----|
   101 @ 100    100 @ 98
   200 @ 110    200 @ 95
  5000 @ 115    300 @ 91
|------------||-----------|

22:58:19.492 [main] INFO  c.gettingstarted.MyAlgoLogic - [MYALGO] Algo Sees Book as: 
|----BID-----||----ASK----|
   101 @ 100    100 @ 98
   200 @ 110    200 @ 95
  5000 @ 115    300 @ 91
|------------||-----------|

22:58:19.492 [main] INFO  c.gettingstarted.MyAlgoLogic - [Sheza5] market monitor size is 0
22:58:19.492 [main] INFO  c.gettingstarted.MyAlgoLogic - [MYALGO] Initial quantity100 price 98
Current market monitor list is 
MYALGO- Current market monitor size is 0
22:58:19.492 [main] INFO  c.gettingstarted.TimedLogic - [TIMEDLOGIC] Market is open
22:58:19.492 [main] INFO  c.gettingstarted.MyAlgoLogic - [MYALGO] Have:57 children, want 5, done.
22:58:19.492 [main] INFO  c.gettingstarted.MyAlgoLogic - [MYALGO] active orders are 57
22:58:19.492 [main] INFO  c.gettingstarted.MyAlgoLogic - [MYALGO] Cancelling order:codingblackfemales.sotw.ChildOrder@306e95ec
22:58:19.492 [main] INFO  c.gettingstarted.MyAlgoLogic - [MYALGO] option is present, number of active orders are 57
22:58:19.492 [main] INFO  c.container.Actioner - [ALGO] Actioner, sending action:CancelChildOrder(codingblackfemales.sotw.ChildOrder@306e95ec)
22:58:19.492 [main] INFO  c.sequencer.consumer.LoggingConsumer - [95] [CancelOrder](sbeTemplateId=5|sbeSchemaId=2|sbeSchemaVersion=0|sbeBlockLength=8):orderId=20
22:58:19.493 [main] INFO  c.gettingstarted.MyAlgoLogic - [MYALGO] The state of the order book is:
|----BID-----||----ASK----|
   101 @ 100    100 @ 98
   200 @ 110    200 @ 95
  5000 @ 115    300 @ 91
|------------||-----------|

22:58:19.493 [main] INFO  c.gettingstarted.MyAlgoLogic - [MYALGO] Algo Sees Book as: 
|----BID-----||----ASK----|
   101 @ 100    100 @ 98
   200 @ 110    200 @ 95
  5000 @ 115    300 @ 91
|------------||-----------|

22:58:19.493 [main] INFO  c.gettingstarted.MyAlgoLogic - [Sheza5] market monitor size is 0
22:58:19.493 [main] INFO  c.gettingstarted.MyAlgoLogic - [MYALGO] Initial quantity100 price 98
Current market monitor list is 
MYALGO- Current market monitor size is 0
22:58:19.493 [main] INFO  c.gettingstarted.TimedLogic - [TIMEDLOGIC] Market is open
22:58:19.493 [main] INFO  c.gettingstarted.MyAlgoLogic - [MYALGO] Have:56 children, want 5, done.
22:58:19.493 [main] INFO  c.gettingstarted.MyAlgoLogic - [MYALGO] active orders are 56
22:58:19.493 [main] INFO  c.gettingstarted.MyAlgoLogic - [MYALGO] Cancelling order:codingblackfemales.sotw.ChildOrder@52af26ee
22:58:19.493 [main] INFO  c.gettingstarted.MyAlgoLogic - [MYALGO] option is present, number of active orders are 56
22:58:19.493 [main] INFO  c.container.Actioner - [ALGO] Actioner, sending action:CancelChildOrder(codingblackfemales.sotw.ChildOrder@52af26ee)
22:58:19.493 [main] INFO  c.sequencer.consumer.LoggingConsumer - [96] [CancelOrder](sbeTemplateId=5|sbeSchemaId=2|sbeSchemaVersion=0|sbeBlockLength=8):orderId=21
22:58:19.493 [main] INFO  c.gettingstarted.MyAlgoLogic - [MYALGO] The state of the order book is:
|----BID-----||----ASK----|
   101 @ 100    100 @ 98
   200 @ 110    200 @ 95
  5000 @ 115    300 @ 91
|------------||-----------|

22:58:19.493 [main] INFO  c.gettingstarted.MyAlgoLogic - [MYALGO] Algo Sees Book as: 
|----BID-----||----ASK----|
   101 @ 100    100 @ 98
   200 @ 110    200 @ 95
  5000 @ 115    300 @ 91
|------------||-----------|

22:58:19.493 [main] INFO  c.gettingstarted.MyAlgoLogic - [Sheza5] market monitor size is 0
22:58:19.493 [main] INFO  c.gettingstarted.MyAlgoLogic - [MYALGO] Initial quantity100 price 98
Current market monitor list is 
MYALGO- Current market monitor size is 0
22:58:19.493 [main] INFO  c.gettingstarted.TimedLogic - [TIMEDLOGIC] Market is open
22:58:19.493 [main] INFO  c.gettingstarted.MyAlgoLogic - [MYALGO] Have:55 children, want 5, done.
22:58:19.493 [main] INFO  c.gettingstarted.MyAlgoLogic - [MYALGO] active orders are 55
22:58:19.493 [main] INFO  c.gettingstarted.MyAlgoLogic - [MYALGO] Cancelling order:codingblackfemales.sotw.ChildOrder@6fd83fc1
22:58:19.493 [main] INFO  c.gettingstarted.MyAlgoLogic - [MYALGO] option is present, number of active orders are 55
22:58:19.493 [main] INFO  c.container.Actioner - [ALGO] Actioner, sending action:CancelChildOrder(codingblackfemales.sotw.ChildOrder@6fd83fc1)
22:58:19.493 [main] INFO  c.sequencer.consumer.LoggingConsumer - [97] [CancelOrder](sbeTemplateId=5|sbeSchemaId=2|sbeSchemaVersion=0|sbeBlockLength=8):orderId=22
22:58:19.493 [main] INFO  c.gettingstarted.MyAlgoLogic - [MYALGO] The state of the order book is:
|----BID-----||----ASK----|
   101 @ 100    100 @ 98
   200 @ 110    200 @ 95
  5000 @ 115    300 @ 91
|------------||-----------|

22:58:19.493 [main] INFO  c.gettingstarted.MyAlgoLogic - [MYALGO] Algo Sees Book as: 
|----BID-----||----ASK----|
   101 @ 100    100 @ 98
   200 @ 110    200 @ 95
  5000 @ 115    300 @ 91
|------------||-----------|

22:58:19.493 [main] INFO  c.gettingstarted.MyAlgoLogic - [Sheza5] market monitor size is 0
22:58:19.493 [main] INFO  c.gettingstarted.MyAlgoLogic - [MYALGO] Initial quantity100 price 98
Current market monitor list is 
MYALGO- Current market monitor size is 0
22:58:19.493 [main] INFO  c.gettingstarted.TimedLogic - [TIMEDLOGIC] Market is open
22:58:19.493 [main] INFO  c.gettingstarted.MyAlgoLogic - [MYALGO] Have:54 children, want 5, done.
22:58:19.493 [main] INFO  c.gettingstarted.MyAlgoLogic - [MYALGO] active orders are 54
22:58:19.493 [main] INFO  c.gettingstarted.MyAlgoLogic - [MYALGO] Cancelling order:codingblackfemales.sotw.ChildOrder@4f2b503c
22:58:19.493 [main] INFO  c.gettingstarted.MyAlgoLogic - [MYALGO] option is present, number of active orders are 54
22:58:19.493 [main] INFO  c.container.Actioner - [ALGO] Actioner, sending action:CancelChildOrder(codingblackfemales.sotw.ChildOrder@4f2b503c)
22:58:19.493 [main] INFO  c.sequencer.consumer.LoggingConsumer - [98] [CancelOrder](sbeTemplateId=5|sbeSchemaId=2|sbeSchemaVersion=0|sbeBlockLength=8):orderId=23
22:58:19.493 [main] INFO  c.gettingstarted.MyAlgoLogic - [MYALGO] The state of the order book is:
|----BID-----||----ASK----|
   101 @ 100    100 @ 98
   200 @ 110    200 @ 95
  5000 @ 115    300 @ 91
|------------||-----------|

22:58:19.493 [main] INFO  c.gettingstarted.MyAlgoLogic - [MYALGO] Algo Sees Book as: 
|----BID-----||----ASK----|
   101 @ 100    100 @ 98
   200 @ 110    200 @ 95
  5000 @ 115    300 @ 91
|------------||-----------|

22:58:19.493 [main] INFO  c.gettingstarted.MyAlgoLogic - [Sheza5] market monitor size is 0
22:58:19.493 [main] INFO  c.gettingstarted.MyAlgoLogic - [MYALGO] Initial quantity100 price 98
Current market monitor list is 
MYALGO- Current market monitor size is 0
22:58:19.493 [main] INFO  c.gettingstarted.TimedLogic - [TIMEDLOGIC] Market is open
22:58:19.493 [main] INFO  c.gettingstarted.MyAlgoLogic - [MYALGO] Have:53 children, want 5, done.
22:58:19.493 [main] INFO  c.gettingstarted.MyAlgoLogic - [MYALGO] active orders are 53
22:58:19.493 [main] INFO  c.gettingstarted.MyAlgoLogic - [MYALGO] Cancelling order:codingblackfemales.sotw.ChildOrder@bae7dc0
22:58:19.493 [main] INFO  c.gettingstarted.MyAlgoLogic - [MYALGO] option is present, number of active orders are 53
22:58:19.493 [main] INFO  c.container.Actioner - [ALGO] Actioner, sending action:CancelChildOrder(codingblackfemales.sotw.ChildOrder@bae7dc0)
22:58:19.493 [main] INFO  c.sequencer.consumer.LoggingConsumer - [99] [CancelOrder](sbeTemplateId=5|sbeSchemaId=2|sbeSchemaVersion=0|sbeBlockLength=8):orderId=24
22:58:19.493 [main] INFO  c.gettingstarted.MyAlgoLogic - [MYALGO] The state of the order book is:
|----BID-----||----ASK----|
   101 @ 100    100 @ 98
   200 @ 110    200 @ 95
  5000 @ 115    300 @ 91
|------------||-----------|

22:58:19.493 [main] INFO  c.gettingstarted.MyAlgoLogic - [MYALGO] Algo Sees Book as: 
|----BID-----||----ASK----|
   101 @ 100    100 @ 98
   200 @ 110    200 @ 95
  5000 @ 115    300 @ 91
|------------||-----------|

22:58:19.493 [main] INFO  c.gettingstarted.MyAlgoLogic - [Sheza5] market monitor size is 0
22:58:19.493 [main] INFO  c.gettingstarted.MyAlgoLogic - [MYALGO] Initial quantity100 price 98
Current market monitor list is 
MYALGO- Current market monitor size is 0
22:58:19.493 [main] INFO  c.gettingstarted.TimedLogic - [TIMEDLOGIC] Market is open
22:58:19.493 [main] INFO  c.gettingstarted.MyAlgoLogic - [MYALGO] Have:52 children, want 5, done.
22:58:19.493 [main] INFO  c.gettingstarted.MyAlgoLogic - [MYALGO] active orders are 52
22:58:19.493 [main] INFO  c.gettingstarted.MyAlgoLogic - [MYALGO] Cancelling order:codingblackfemales.sotw.ChildOrder@209da20d
22:58:19.493 [main] INFO  c.gettingstarted.MyAlgoLogic - [MYALGO] option is present, number of active orders are 52
22:58:19.493 [main] INFO  c.container.Actioner - [ALGO] Actioner, sending action:CancelChildOrder(codingblackfemales.sotw.ChildOrder@209da20d)
22:58:19.493 [main] INFO  c.sequencer.consumer.LoggingConsumer - [100] [CancelOrder](sbeTemplateId=5|sbeSchemaId=2|sbeSchemaVersion=0|sbeBlockLength=8):orderId=25
22:58:19.493 [main] INFO  c.gettingstarted.MyAlgoLogic - [MYALGO] The state of the order book is:
|----BID-----||----ASK----|
   101 @ 100    100 @ 98
   200 @ 110    200 @ 95
  5000 @ 115    300 @ 91
|------------||-----------|

22:58:19.493 [main] INFO  c.gettingstarted.MyAlgoLogic - [MYALGO] Algo Sees Book as: 
|----BID-----||----ASK----|
   101 @ 100    100 @ 98
   200 @ 110    200 @ 95
  5000 @ 115    300 @ 91
|------------||-----------|

22:58:19.493 [main] INFO  c.gettingstarted.MyAlgoLogic - [Sheza5] market monitor size is 0
22:58:19.493 [main] INFO  c.gettingstarted.MyAlgoLogic - [MYALGO] Initial quantity100 price 98
Current market monitor list is 
MYALGO- Current market monitor size is 0
22:58:19.493 [main] INFO  c.gettingstarted.TimedLogic - [TIMEDLOGIC] Market is open
22:58:19.493 [main] INFO  c.gettingstarted.MyAlgoLogic - [MYALGO] Have:51 children, want 5, done.
22:58:19.493 [main] INFO  c.gettingstarted.MyAlgoLogic - [MYALGO] active orders are 51
22:58:19.493 [main] INFO  c.gettingstarted.MyAlgoLogic - [MYALGO] Cancelling order:codingblackfemales.sotw.ChildOrder@e15b7e8
22:58:19.493 [main] INFO  c.gettingstarted.MyAlgoLogic - [MYALGO] option is present, number of active orders are 51
22:58:19.493 [main] INFO  c.container.Actioner - [ALGO] Actioner, sending action:CancelChildOrder(codingblackfemales.sotw.ChildOrder@e15b7e8)
22:58:19.493 [main] INFO  c.sequencer.consumer.LoggingConsumer - [101] [CancelOrder](sbeTemplateId=5|sbeSchemaId=2|sbeSchemaVersion=0|sbeBlockLength=8):orderId=26
22:58:19.493 [main] INFO  c.gettingstarted.MyAlgoLogic - [MYALGO] The state of the order book is:
|----BID-----||----ASK----|
   101 @ 100    100 @ 98
   200 @ 110    200 @ 95
  5000 @ 115    300 @ 91
|------------||-----------|

22:58:19.493 [main] INFO  c.gettingstarted.MyAlgoLogic - [MYALGO] Algo Sees Book as: 
|----BID-----||----ASK----|
   101 @ 100    100 @ 98
   200 @ 110    200 @ 95
  5000 @ 115    300 @ 91
|------------||-----------|

22:58:19.493 [main] INFO  c.gettingstarted.MyAlgoLogic - [Sheza5] market monitor size is 0
22:58:19.493 [main] INFO  c.gettingstarted.MyAlgoLogic - [MYALGO] Initial quantity100 price 98
Current market monitor list is 
MYALGO- Current market monitor size is 0
22:58:19.493 [main] INFO  c.gettingstarted.TimedLogic - [TIMEDLOGIC] Market is open
22:58:19.493 [main] INFO  c.gettingstarted.MyAlgoLogic - [MYALGO] Have:50 children, want 5, done.
22:58:19.493 [main] INFO  c.gettingstarted.MyAlgoLogic - [MYALGO] active orders are 50
22:58:19.493 [main] INFO  c.gettingstarted.MyAlgoLogic - [MYALGO] Cancelling order:codingblackfemales.sotw.ChildOrder@1b2abca6
22:58:19.493 [main] INFO  c.gettingstarted.MyAlgoLogic - [MYALGO] option is present, number of active orders are 50
22:58:19.493 [main] INFO  c.container.Actioner - [ALGO] Actioner, sending action:CancelChildOrder(codingblackfemales.sotw.ChildOrder@1b2abca6)
22:58:19.493 [main] INFO  c.sequencer.consumer.LoggingConsumer - [102] [CancelOrder](sbeTemplateId=5|sbeSchemaId=2|sbeSchemaVersion=0|sbeBlockLength=8):orderId=27
22:58:19.493 [main] INFO  c.gettingstarted.MyAlgoLogic - [MYALGO] The state of the order book is:
|----BID-----||----ASK----|
   101 @ 100    100 @ 98
   200 @ 110    200 @ 95
  5000 @ 115    300 @ 91
|------------||-----------|

22:58:19.493 [main] INFO  c.gettingstarted.MyAlgoLogic - [MYALGO] Algo Sees Book as: 
|----BID-----||----ASK----|
   101 @ 100    100 @ 98
   200 @ 110    200 @ 95
  5000 @ 115    300 @ 91
|------------||-----------|

22:58:19.493 [main] INFO  c.gettingstarted.MyAlgoLogic - [Sheza5] market monitor size is 0
22:58:19.493 [main] INFO  c.gettingstarted.MyAlgoLogic - [MYALGO] Initial quantity100 price 98
Current market monitor list is 
MYALGO- Current market monitor size is 0
22:58:19.493 [main] INFO  c.gettingstarted.TimedLogic - [TIMEDLOGIC] Market is open
22:58:19.493 [main] INFO  c.gettingstarted.MyAlgoLogic - [MYALGO] Have:49 children, want 5, done.
22:58:19.493 [main] INFO  c.gettingstarted.MyAlgoLogic - [MYALGO] active orders are 49
22:58:19.493 [main] INFO  c.gettingstarted.MyAlgoLogic - [MYALGO] Cancelling order:codingblackfemales.sotw.ChildOrder@6392827e
22:58:19.493 [main] INFO  c.gettingstarted.MyAlgoLogic - [MYALGO] option is present, number of active orders are 49
22:58:19.493 [main] INFO  c.container.Actioner - [ALGO] Actioner, sending action:CancelChildOrder(codingblackfemales.sotw.ChildOrder@6392827e)
22:58:19.493 [main] INFO  c.sequencer.consumer.LoggingConsumer - [103] [CancelOrder](sbeTemplateId=5|sbeSchemaId=2|sbeSchemaVersion=0|sbeBlockLength=8):orderId=28
22:58:19.493 [main] INFO  c.gettingstarted.MyAlgoLogic - [MYALGO] The state of the order book is:
|----BID-----||----ASK----|
   101 @ 100    100 @ 98
   200 @ 110    200 @ 95
  5000 @ 115    300 @ 91
|------------||-----------|

22:58:19.493 [main] INFO  c.gettingstarted.MyAlgoLogic - [MYALGO] Algo Sees Book as: 
|----BID-----||----ASK----|
   101 @ 100    100 @ 98
   200 @ 110    200 @ 95
  5000 @ 115    300 @ 91
|------------||-----------|

22:58:19.493 [main] INFO  c.gettingstarted.MyAlgoLogic - [Sheza5] market monitor size is 0
22:58:19.493 [main] INFO  c.gettingstarted.MyAlgoLogic - [MYALGO] Initial quantity100 price 98
Current market monitor list is 
MYALGO- Current market monitor size is 0
22:58:19.493 [main] INFO  c.gettingstarted.TimedLogic - [TIMEDLOGIC] Market is open
22:58:19.493 [main] INFO  c.gettingstarted.MyAlgoLogic - [MYALGO] Have:48 children, want 5, done.
22:58:19.493 [main] INFO  c.gettingstarted.MyAlgoLogic - [MYALGO] active orders are 48
22:58:19.493 [main] INFO  c.gettingstarted.MyAlgoLogic - [MYALGO] Cancelling order:codingblackfemales.sotw.ChildOrder@2ed2d9cb
22:58:19.493 [main] INFO  c.gettingstarted.MyAlgoLogic - [MYALGO] option is present, number of active orders are 48
22:58:19.493 [main] INFO  c.container.Actioner - [ALGO] Actioner, sending action:CancelChildOrder(codingblackfemales.sotw.ChildOrder@2ed2d9cb)
22:58:19.493 [main] INFO  c.sequencer.consumer.LoggingConsumer - [104] [CancelOrder](sbeTemplateId=5|sbeSchemaId=2|sbeSchemaVersion=0|sbeBlockLength=8):orderId=29
22:58:19.493 [main] INFO  c.gettingstarted.MyAlgoLogic - [MYALGO] The state of the order book is:
|----BID-----||----ASK----|
   101 @ 100    100 @ 98
   200 @ 110    200 @ 95
  5000 @ 115    300 @ 91
|------------||-----------|

22:58:19.493 [main] INFO  c.gettingstarted.MyAlgoLogic - [MYALGO] Algo Sees Book as: 
|----BID-----||----ASK----|
   101 @ 100    100 @ 98
   200 @ 110    200 @ 95
  5000 @ 115    300 @ 91
|------------||-----------|

22:58:19.493 [main] INFO  c.gettingstarted.MyAlgoLogic - [Sheza5] market monitor size is 0
22:58:19.493 [main] INFO  c.gettingstarted.MyAlgoLogic - [MYALGO] Initial quantity100 price 98
Current market monitor list is 
MYALGO- Current market monitor size is 0
22:58:19.493 [main] INFO  c.gettingstarted.TimedLogic - [TIMEDLOGIC] Market is open
22:58:19.493 [main] INFO  c.gettingstarted.MyAlgoLogic - [MYALGO] Have:47 children, want 5, done.
22:58:19.493 [main] INFO  c.gettingstarted.MyAlgoLogic - [MYALGO] active orders are 47
22:58:19.493 [main] INFO  c.gettingstarted.MyAlgoLogic - [MYALGO] Cancelling order:codingblackfemales.sotw.ChildOrder@d5b810e
22:58:19.493 [main] INFO  c.gettingstarted.MyAlgoLogic - [MYALGO] option is present, number of active orders are 47
22:58:19.493 [main] INFO  c.container.Actioner - [ALGO] Actioner, sending action:CancelChildOrder(codingblackfemales.sotw.ChildOrder@d5b810e)
22:58:19.493 [main] INFO  c.sequencer.consumer.LoggingConsumer - [105] [CancelOrder](sbeTemplateId=5|sbeSchemaId=2|sbeSchemaVersion=0|sbeBlockLength=8):orderId=30
22:58:19.493 [main] INFO  c.gettingstarted.MyAlgoLogic - [MYALGO] The state of the order book is:
|----BID-----||----ASK----|
   101 @ 100    100 @ 98
   200 @ 110    200 @ 95
  5000 @ 115    300 @ 91
|------------||-----------|

22:58:19.493 [main] INFO  c.gettingstarted.MyAlgoLogic - [MYALGO] Algo Sees Book as: 
|----BID-----||----ASK----|
   101 @ 100    100 @ 98
   200 @ 110    200 @ 95
  5000 @ 115    300 @ 91
|------------||-----------|

22:58:19.493 [main] INFO  c.gettingstarted.MyAlgoLogic - [Sheza5] market monitor size is 0
22:58:19.493 [main] INFO  c.gettingstarted.MyAlgoLogic - [MYALGO] Initial quantity100 price 98
Current market monitor list is 
MYALGO- Current market monitor size is 0
22:58:19.493 [main] INFO  c.gettingstarted.TimedLogic - [TIMEDLOGIC] Market is open
22:58:19.493 [main] INFO  c.gettingstarted.MyAlgoLogic - [MYALGO] Have:46 children, want 5, done.
22:58:19.493 [main] INFO  c.gettingstarted.MyAlgoLogic - [MYALGO] active orders are 46
22:58:19.493 [main] INFO  c.gettingstarted.MyAlgoLogic - [MYALGO] Cancelling order:codingblackfemales.sotw.ChildOrder@43dac38f
22:58:19.493 [main] INFO  c.gettingstarted.MyAlgoLogic - [MYALGO] option is present, number of active orders are 46
22:58:19.493 [main] INFO  c.container.Actioner - [ALGO] Actioner, sending action:CancelChildOrder(codingblackfemales.sotw.ChildOrder@43dac38f)
22:58:19.493 [main] INFO  c.sequencer.consumer.LoggingConsumer - [106] [CancelOrder](sbeTemplateId=5|sbeSchemaId=2|sbeSchemaVersion=0|sbeBlockLength=8):orderId=31
22:58:19.493 [main] INFO  c.gettingstarted.MyAlgoLogic - [MYALGO] The state of the order book is:
|----BID-----||----ASK----|
   101 @ 100    100 @ 98
   200 @ 110    200 @ 95
  5000 @ 115    300 @ 91
|------------||-----------|

22:58:19.493 [main] INFO  c.gettingstarted.MyAlgoLogic - [MYALGO] Algo Sees Book as: 
|----BID-----||----ASK----|
   101 @ 100    100 @ 98
   200 @ 110    200 @ 95
  5000 @ 115    300 @ 91
|------------||-----------|

22:58:19.493 [main] INFO  c.gettingstarted.MyAlgoLogic - [Sheza5] market monitor size is 0
22:58:19.493 [main] INFO  c.gettingstarted.MyAlgoLogic - [MYALGO] Initial quantity100 price 98
Current market monitor list is 
MYALGO- Current market monitor size is 0
22:58:19.493 [main] INFO  c.gettingstarted.TimedLogic - [TIMEDLOGIC] Market is open
22:58:19.493 [main] INFO  c.gettingstarted.MyAlgoLogic - [MYALGO] Have:45 children, want 5, done.
22:58:19.493 [main] INFO  c.gettingstarted.MyAlgoLogic - [MYALGO] active orders are 45
22:58:19.493 [main] INFO  c.gettingstarted.MyAlgoLogic - [MYALGO] Cancelling order:codingblackfemales.sotw.ChildOrder@342c38f8
22:58:19.493 [main] INFO  c.gettingstarted.MyAlgoLogic - [MYALGO] option is present, number of active orders are 45
22:58:19.493 [main] INFO  c.container.Actioner - [ALGO] Actioner, sending action:CancelChildOrder(codingblackfemales.sotw.ChildOrder@342c38f8)
22:58:19.493 [main] INFO  c.sequencer.consumer.LoggingConsumer - [107] [CancelOrder](sbeTemplateId=5|sbeSchemaId=2|sbeSchemaVersion=0|sbeBlockLength=8):orderId=32
22:58:19.493 [main] INFO  c.gettingstarted.MyAlgoLogic - [MYALGO] The state of the order book is:
|----BID-----||----ASK----|
   101 @ 100    100 @ 98
   200 @ 110    200 @ 95
  5000 @ 115    300 @ 91
|------------||-----------|

22:58:19.493 [main] INFO  c.gettingstarted.MyAlgoLogic - [MYALGO] Algo Sees Book as: 
|----BID-----||----ASK----|
   101 @ 100    100 @ 98
   200 @ 110    200 @ 95
  5000 @ 115    300 @ 91
|------------||-----------|

22:58:19.496 [pool-88-thread-1] INFO  c.gettingstarted.TimedLogic - [TIMEDLOGIC] data harvesting
Current market monitor list is 
yolo Price: 97, Quantity: 95Current time: 22:58:19.116930200
22:58:19.496 [pool-88-thread-1] INFO  c.gettingstarted.TimedLogic - [Sheza2] market monitor size is 1
Current market monitor size is 1
22:58:19.496 [pool-88-thread-1] INFO  c.gettingstarted.TimedLogic - [Sheza3] market monitor size is 1
22:58:19.496 [pool-97-thread-1] INFO  c.gettingstarted.TimedLogic - [TIMEDLOGIC] data harvesting
Current market monitor list is 
yolo Price: 97, Quantity: 95Current time: 22:58:19.116930200
22:58:19.496 [pool-97-thread-1] INFO  c.gettingstarted.TimedLogic - [Sheza2] market monitor size is 1
Current market monitor size is 1
22:58:19.496 [pool-97-thread-1] INFO  c.gettingstarted.TimedLogic - [Sheza3] market monitor size is 1
22:58:19.497 [pool-87-thread-1] INFO  c.gettingstarted.TimedLogic - [TIMEDLOGIC] data harvesting
Current market monitor list is 
yolo Price: 97, Quantity: 95Current time: 22:58:19.114914100
22:58:19.498 [pool-87-thread-1] INFO  c.gettingstarted.TimedLogic - [Sheza2] market monitor size is 1
Current market monitor size is 1
22:58:19.498 [pool-87-thread-1] INFO  c.gettingstarted.TimedLogic - [Sheza3] market monitor size is 1
22:58:19.498 [pool-101-thread-1] INFO  c.gettingstarted.TimedLogic - [TIMEDLOGIC] data harvesting
Current market monitor list is 
yolo Price: 97, Quantity: 95Current time: 22:58:19.116930200
22:58:19.498 [pool-101-thread-1] INFO  c.gettingstarted.TimedLogic - [Sheza2] market monitor size is 1
Current market monitor size is 1
22:58:19.498 [pool-101-thread-1] INFO  c.gettingstarted.TimedLogic - [Sheza3] market monitor size is 1
22:58:19.499 [pool-103-thread-1] INFO  c.gettingstarted.TimedLogic - [TIMEDLOGIC] data harvesting
Current market monitor list is 
yolo Price: 97, Quantity: 95Current time: 22:58:19.116930200
22:58:19.499 [pool-103-thread-1] INFO  c.gettingstarted.TimedLogic - [Sheza2] market monitor size is 1
Current market monitor size is 1
22:58:19.499 [pool-103-thread-1] INFO  c.gettingstarted.TimedLogic - [Sheza3] market monitor size is 1
22:58:19.499 [pool-74-thread-1] INFO  c.gettingstarted.TimedLogic - [TIMEDLOGIC] data harvesting
Current market monitor list is 
yolo Price: 98, Quantity: 100Current time: 22:58:18.991360700
22:58:19.500 [pool-74-thread-1] INFO  c.gettingstarted.TimedLogic - [Sheza2] market monitor size is 1
22:58:19.501 [pool-106-thread-1] INFO  c.gettingstarted.TimedLogic - [TIMEDLOGIC] data harvesting
Current market monitor list is 
yolo Price: 97, Quantity: 95Current time: 22:58:19.123809400
22:58:19.501 [pool-106-thread-1] INFO  c.gettingstarted.TimedLogic - [Sheza2] market monitor size is 1
Current market monitor size is 1
22:58:19.502 [pool-106-thread-1] INFO  c.gettingstarted.TimedLogic - [Sheza3] market monitor size is 1
22:58:19.510 [pool-93-thread-1] INFO  c.gettingstarted.TimedLogic - [TIMEDLOGIC] data harvesting
Current market monitor list is 
yolo Price: 97, Quantity: 95Current time: 22:58:19.116930200
22:58:19.510 [pool-93-thread-1] INFO  c.gettingstarted.TimedLogic - [Sheza2] market monitor size is 1
Current market monitor size is 1
22:58:19.510 [pool-93-thread-1] INFO  c.gettingstarted.TimedLogic - [Sheza3] market monitor size is 1
22:58:19.510 [pool-105-thread-1] INFO  c.gettingstarted.TimedLogic - [TIMEDLOGIC] data harvesting
Current market monitor list is 
yolo Price: 97, Quantity: 95Current time: 22:58:19.116930200
22:58:19.510 [pool-105-thread-1] INFO  c.gettingstarted.TimedLogic - [Sheza2] market monitor size is 1
Current market monitor size is 1
22:58:19.510 [pool-105-thread-1] INFO  c.gettingstarted.TimedLogic - [Sheza3] market monitor size is 1
22:58:19.532 [pool-158-thread-1] INFO  c.gettingstarted.TimedLogic - [TIMEDLOGIC] data harvesting
Current market monitor list is 
yolo Price: 97, Quantity: 95Current time: 22:58:19.254892900
22:58:19.532 [pool-158-thread-1] INFO  c.gettingstarted.TimedLogic - [Sheza2] market monitor size is 1
Current market monitor size is 1
22:58:19.532 [pool-158-thread-1] INFO  c.gettingstarted.TimedLogic - [Sheza3] market monitor size is 1
Current market monitor size is 1
22:58:19.532 [pool-74-thread-1] INFO  c.gettingstarted.TimedLogic - [Sheza3] market monitor size is 1
22:58:19.534 [main] INFO  c.gettingstarted.MyAlgoLogic - [Sheza5] market monitor size is 0
22:58:19.534 [main] INFO  c.gettingstarted.MyAlgoLogic - [MYALGO] Initial quantity100 price 98
Current market monitor list is 
MYALGO- Current market monitor size is 0
22:58:19.534 [main] INFO  c.gettingstarted.TimedLogic - [TIMEDLOGIC] Market is open
22:58:19.534 [main] INFO  c.gettingstarted.MyAlgoLogic - [MYALGO] Have:44 children, want 5, done.
22:58:19.534 [main] INFO  c.gettingstarted.MyAlgoLogic - [MYALGO] active orders are 44
22:58:19.534 [main] INFO  c.gettingstarted.MyAlgoLogic - [MYALGO] Cancelling order:codingblackfemales.sotw.ChildOrder@c88a337
22:58:19.534 [main] INFO  c.gettingstarted.MyAlgoLogic - [MYALGO] option is present, number of active orders are 44
22:58:19.534 [main] INFO  c.container.Actioner - [ALGO] Actioner, sending action:CancelChildOrder(codingblackfemales.sotw.ChildOrder@c88a337)
22:58:19.534 [main] INFO  c.sequencer.consumer.LoggingConsumer - [108] [CancelOrder](sbeTemplateId=5|sbeSchemaId=2|sbeSchemaVersion=0|sbeBlockLength=8):orderId=33
22:58:19.534 [main] INFO  c.gettingstarted.MyAlgoLogic - [MYALGO] The state of the order book is:
|----BID-----||----ASK----|
   101 @ 100    100 @ 98
   200 @ 110    200 @ 95
  5000 @ 115    300 @ 91
|------------||-----------|

22:58:19.534 [main] INFO  c.gettingstarted.MyAlgoLogic - [MYALGO] Algo Sees Book as: 
|----BID-----||----ASK----|
   101 @ 100    100 @ 98
   200 @ 110    200 @ 95
  5000 @ 115    300 @ 91
|------------||-----------|

22:58:19.534 [main] INFO  c.gettingstarted.MyAlgoLogic - [Sheza5] market monitor size is 0
22:58:19.534 [main] INFO  c.gettingstarted.MyAlgoLogic - [MYALGO] Initial quantity100 price 98
Current market monitor list is 
MYALGO- Current market monitor size is 0
22:58:19.534 [main] INFO  c.gettingstarted.TimedLogic - [TIMEDLOGIC] Market is open
22:58:19.534 [main] INFO  c.gettingstarted.MyAlgoLogic - [MYALGO] Have:43 children, want 5, done.
22:58:19.534 [main] INFO  c.gettingstarted.MyAlgoLogic - [MYALGO] active orders are 43
22:58:19.534 [main] INFO  c.gettingstarted.MyAlgoLogic - [MYALGO] Cancelling order:codingblackfemales.sotw.ChildOrder@5d0a1059
22:58:19.534 [main] INFO  c.gettingstarted.MyAlgoLogic - [MYALGO] option is present, number of active orders are 43
22:58:19.534 [main] INFO  c.container.Actioner - [ALGO] Actioner, sending action:CancelChildOrder(codingblackfemales.sotw.ChildOrder@5d0a1059)
22:58:19.534 [main] INFO  c.sequencer.consumer.LoggingConsumer - [109] [CancelOrder](sbeTemplateId=5|sbeSchemaId=2|sbeSchemaVersion=0|sbeBlockLength=8):orderId=34
22:58:19.534 [main] INFO  c.gettingstarted.MyAlgoLogic - [MYALGO] The state of the order book is:
|----BID-----||----ASK----|
   101 @ 100    100 @ 98
   200 @ 110    200 @ 95
  5000 @ 115    300 @ 91
|------------||-----------|

22:58:19.534 [main] INFO  c.gettingstarted.MyAlgoLogic - [MYALGO] Algo Sees Book as: 
|----BID-----||----ASK----|
   101 @ 100    100 @ 98
   200 @ 110    200 @ 95
  5000 @ 115    300 @ 91
|------------||-----------|

22:58:19.534 [main] INFO  c.gettingstarted.MyAlgoLogic - [Sheza5] market monitor size is 0
22:58:19.534 [main] INFO  c.gettingstarted.MyAlgoLogic - [MYALGO] Initial quantity100 price 98
Current market monitor list is 
MYALGO- Current market monitor size is 0
22:58:19.534 [main] INFO  c.gettingstarted.TimedLogic - [TIMEDLOGIC] Market is open
22:58:19.534 [main] INFO  c.gettingstarted.MyAlgoLogic - [MYALGO] Have:42 children, want 5, done.
22:58:19.534 [main] INFO  c.gettingstarted.MyAlgoLogic - [MYALGO] active orders are 42
22:58:19.534 [main] INFO  c.gettingstarted.MyAlgoLogic - [MYALGO] Cancelling order:codingblackfemales.sotw.ChildOrder@485966cc
22:58:19.534 [main] INFO  c.gettingstarted.MyAlgoLogic - [MYALGO] option is present, number of active orders are 42
22:58:19.534 [main] INFO  c.container.Actioner - [ALGO] Actioner, sending action:CancelChildOrder(codingblackfemales.sotw.ChildOrder@485966cc)
22:58:19.534 [main] INFO  c.sequencer.consumer.LoggingConsumer - [110] [CancelOrder](sbeTemplateId=5|sbeSchemaId=2|sbeSchemaVersion=0|sbeBlockLength=8):orderId=35
22:58:19.534 [main] INFO  c.gettingstarted.MyAlgoLogic - [MYALGO] The state of the order book is:
|----BID-----||----ASK----|
   101 @ 100    100 @ 98
   200 @ 110    200 @ 95
  5000 @ 115    300 @ 91
|------------||-----------|

22:58:19.534 [main] INFO  c.gettingstarted.MyAlgoLogic - [MYALGO] Algo Sees Book as: 
|----BID-----||----ASK----|
   101 @ 100    100 @ 98
   200 @ 110    200 @ 95
  5000 @ 115    300 @ 91
|------------||-----------|

22:58:19.534 [main] INFO  c.gettingstarted.MyAlgoLogic - [Sheza5] market monitor size is 0
22:58:19.534 [main] INFO  c.gettingstarted.MyAlgoLogic - [MYALGO] Initial quantity100 price 98
Current market monitor list is 
MYALGO- Current market monitor size is 0
22:58:19.534 [main] INFO  c.gettingstarted.TimedLogic - [TIMEDLOGIC] Market is open
22:58:19.534 [main] INFO  c.gettingstarted.MyAlgoLogic - [MYALGO] Have:41 children, want 5, done.
22:58:19.534 [main] INFO  c.gettingstarted.MyAlgoLogic - [MYALGO] active orders are 41
22:58:19.534 [main] INFO  c.gettingstarted.MyAlgoLogic - [MYALGO] Cancelling order:codingblackfemales.sotw.ChildOrder@1de76cc7
22:58:19.534 [main] INFO  c.gettingstarted.MyAlgoLogic - [MYALGO] option is present, number of active orders are 41
22:58:19.534 [main] INFO  c.container.Actioner - [ALGO] Actioner, sending action:CancelChildOrder(codingblackfemales.sotw.ChildOrder@1de76cc7)
22:58:19.534 [main] INFO  c.sequencer.consumer.LoggingConsumer - [111] [CancelOrder](sbeTemplateId=5|sbeSchemaId=2|sbeSchemaVersion=0|sbeBlockLength=8):orderId=36
22:58:19.534 [main] INFO  c.gettingstarted.MyAlgoLogic - [MYALGO] The state of the order book is:
|----BID-----||----ASK----|
   101 @ 100    100 @ 98
   200 @ 110    200 @ 95
  5000 @ 115    300 @ 91
|------------||-----------|

22:58:19.534 [main] INFO  c.gettingstarted.MyAlgoLogic - [MYALGO] Algo Sees Book as: 
|----BID-----||----ASK----|
   101 @ 100    100 @ 98
   200 @ 110    200 @ 95
  5000 @ 115    300 @ 91
|------------||-----------|

22:58:19.534 [main] INFO  c.gettingstarted.MyAlgoLogic - [Sheza5] market monitor size is 0
22:58:19.534 [main] INFO  c.gettingstarted.MyAlgoLogic - [MYALGO] Initial quantity100 price 98
Current market monitor list is 
MYALGO- Current market monitor size is 0
22:58:19.534 [main] INFO  c.gettingstarted.TimedLogic - [TIMEDLOGIC] Market is open
22:58:19.534 [main] INFO  c.gettingstarted.MyAlgoLogic - [MYALGO] Have:40 children, want 5, done.
22:58:19.534 [main] INFO  c.gettingstarted.MyAlgoLogic - [MYALGO] active orders are 40
22:58:19.534 [main] INFO  c.gettingstarted.MyAlgoLogic - [MYALGO] Cancelling order:codingblackfemales.sotw.ChildOrder@54bff557
22:58:19.534 [main] INFO  c.gettingstarted.MyAlgoLogic - [MYALGO] option is present, number of active orders are 40
22:58:19.534 [main] INFO  c.container.Actioner - [ALGO] Actioner, sending action:CancelChildOrder(codingblackfemales.sotw.ChildOrder@54bff557)
22:58:19.534 [main] INFO  c.sequencer.consumer.LoggingConsumer - [112] [CancelOrder](sbeTemplateId=5|sbeSchemaId=2|sbeSchemaVersion=0|sbeBlockLength=8):orderId=37
22:58:19.535 [main] INFO  c.gettingstarted.MyAlgoLogic - [MYALGO] The state of the order book is:
|----BID-----||----ASK----|
   101 @ 100    100 @ 98
   200 @ 110    200 @ 95
  5000 @ 115    300 @ 91
|------------||-----------|

22:58:19.535 [main] INFO  c.gettingstarted.MyAlgoLogic - [MYALGO] Algo Sees Book as: 
|----BID-----||----ASK----|
   101 @ 100    100 @ 98
   200 @ 110    200 @ 95
  5000 @ 115    300 @ 91
|------------||-----------|

22:58:19.535 [main] INFO  c.gettingstarted.MyAlgoLogic - [Sheza5] market monitor size is 0
22:58:19.535 [main] INFO  c.gettingstarted.MyAlgoLogic - [MYALGO] Initial quantity100 price 98
Current market monitor list is 
MYALGO- Current market monitor size is 0
22:58:19.535 [main] INFO  c.gettingstarted.TimedLogic - [TIMEDLOGIC] Market is open
22:58:19.535 [main] INFO  c.gettingstarted.MyAlgoLogic - [MYALGO] Have:39 children, want 5, done.
22:58:19.535 [main] INFO  c.gettingstarted.MyAlgoLogic - [MYALGO] active orders are 39
22:58:19.535 [main] INFO  c.gettingstarted.MyAlgoLogic - [MYALGO] Cancelling order:codingblackfemales.sotw.ChildOrder@593aaf41
22:58:19.535 [main] INFO  c.gettingstarted.MyAlgoLogic - [MYALGO] option is present, number of active orders are 39
22:58:19.535 [main] INFO  c.container.Actioner - [ALGO] Actioner, sending action:CancelChildOrder(codingblackfemales.sotw.ChildOrder@593aaf41)
22:58:19.535 [main] INFO  c.sequencer.consumer.LoggingConsumer - [113] [CancelOrder](sbeTemplateId=5|sbeSchemaId=2|sbeSchemaVersion=0|sbeBlockLength=8):orderId=38
22:58:19.535 [main] INFO  c.gettingstarted.MyAlgoLogic - [MYALGO] The state of the order book is:
|----BID-----||----ASK----|
   101 @ 100    100 @ 98
   200 @ 110    200 @ 95
  5000 @ 115    300 @ 91
|------------||-----------|

22:58:19.535 [main] INFO  c.gettingstarted.MyAlgoLogic - [MYALGO] Algo Sees Book as: 
|----BID-----||----ASK----|
   101 @ 100    100 @ 98
   200 @ 110    200 @ 95
  5000 @ 115    300 @ 91
|------------||-----------|

22:58:19.535 [main] INFO  c.gettingstarted.MyAlgoLogic - [Sheza5] market monitor size is 0
22:58:19.535 [main] INFO  c.gettingstarted.MyAlgoLogic - [MYALGO] Initial quantity100 price 98
Current market monitor list is 
MYALGO- Current market monitor size is 0
22:58:19.536 [main] INFO  c.gettingstarted.TimedLogic - [TIMEDLOGIC] Market is open
22:58:19.536 [main] INFO  c.gettingstarted.MyAlgoLogic - [MYALGO] Have:38 children, want 5, done.
22:58:19.536 [main] INFO  c.gettingstarted.MyAlgoLogic - [MYALGO] active orders are 38
22:58:19.536 [main] INFO  c.gettingstarted.MyAlgoLogic - [MYALGO] Cancelling order:codingblackfemales.sotw.ChildOrder@5a56cdac
22:58:19.536 [main] INFO  c.gettingstarted.MyAlgoLogic - [MYALGO] option is present, number of active orders are 38
22:58:19.536 [main] INFO  c.container.Actioner - [ALGO] Actioner, sending action:CancelChildOrder(codingblackfemales.sotw.ChildOrder@5a56cdac)
22:58:19.536 [main] INFO  c.sequencer.consumer.LoggingConsumer - [114] [CancelOrder](sbeTemplateId=5|sbeSchemaId=2|sbeSchemaVersion=0|sbeBlockLength=8):orderId=39
22:58:19.536 [main] INFO  c.gettingstarted.MyAlgoLogic - [MYALGO] The state of the order book is:
|----BID-----||----ASK----|
   101 @ 100    100 @ 98
   200 @ 110    200 @ 95
  5000 @ 115    300 @ 91
|------------||-----------|

22:58:19.536 [main] INFO  c.gettingstarted.MyAlgoLogic - [MYALGO] Algo Sees Book as: 
|----BID-----||----ASK----|
   101 @ 100    100 @ 98
   200 @ 110    200 @ 95
  5000 @ 115    300 @ 91
|------------||-----------|

22:58:19.536 [main] INFO  c.gettingstarted.MyAlgoLogic - [Sheza5] market monitor size is 0
22:58:19.536 [main] INFO  c.gettingstarted.MyAlgoLogic - [MYALGO] Initial quantity100 price 98
Current market monitor list is 
MYALGO- Current market monitor size is 0
22:58:19.536 [main] INFO  c.gettingstarted.TimedLogic - [TIMEDLOGIC] Market is open
22:58:19.536 [main] INFO  c.gettingstarted.MyAlgoLogic - [MYALGO] Have:37 children, want 5, done.
22:58:19.537 [main] INFO  c.gettingstarted.MyAlgoLogic - [MYALGO] active orders are 37
22:58:19.537 [main] INFO  c.gettingstarted.MyAlgoLogic - [MYALGO] Cancelling order:codingblackfemales.sotw.ChildOrder@7c711375
22:58:19.537 [main] INFO  c.gettingstarted.MyAlgoLogic - [MYALGO] option is present, number of active orders are 37
22:58:19.537 [main] INFO  c.container.Actioner - [ALGO] Actioner, sending action:CancelChildOrder(codingblackfemales.sotw.ChildOrder@7c711375)
22:58:19.537 [main] INFO  c.sequencer.consumer.LoggingConsumer - [115] [CancelOrder](sbeTemplateId=5|sbeSchemaId=2|sbeSchemaVersion=0|sbeBlockLength=8):orderId=40
22:58:19.537 [main] INFO  c.gettingstarted.MyAlgoLogic - [MYALGO] The state of the order book is:
|----BID-----||----ASK----|
   101 @ 100    100 @ 98
   200 @ 110    200 @ 95
  5000 @ 115    300 @ 91
|------------||-----------|

22:58:19.538 [main] INFO  c.gettingstarted.MyAlgoLogic - [MYALGO] Algo Sees Book as: 
|----BID-----||----ASK----|
   101 @ 100    100 @ 98
   200 @ 110    200 @ 95
  5000 @ 115    300 @ 91
|------------||-----------|

22:58:19.538 [main] INFO  c.gettingstarted.MyAlgoLogic - [Sheza5] market monitor size is 0
22:58:19.539 [main] INFO  c.gettingstarted.MyAlgoLogic - [MYALGO] Initial quantity100 price 98
Current market monitor list is 
MYALGO- Current market monitor size is 0
22:58:19.540 [main] INFO  c.gettingstarted.TimedLogic - [TIMEDLOGIC] Market is open
22:58:19.540 [main] INFO  c.gettingstarted.MyAlgoLogic - [MYALGO] Have:36 children, want 5, done.
22:58:19.540 [main] INFO  c.gettingstarted.MyAlgoLogic - [MYALGO] active orders are 36
22:58:19.540 [main] INFO  c.gettingstarted.MyAlgoLogic - [MYALGO] Cancelling order:codingblackfemales.sotw.ChildOrder@57cf54e1
22:58:19.540 [main] INFO  c.gettingstarted.MyAlgoLogic - [MYALGO] option is present, number of active orders are 36
22:58:19.540 [main] INFO  c.container.Actioner - [ALGO] Actioner, sending action:CancelChildOrder(codingblackfemales.sotw.ChildOrder@57cf54e1)
22:58:19.540 [main] INFO  c.sequencer.consumer.LoggingConsumer - [116] [CancelOrder](sbeTemplateId=5|sbeSchemaId=2|sbeSchemaVersion=0|sbeBlockLength=8):orderId=41
22:58:19.540 [main] INFO  c.gettingstarted.MyAlgoLogic - [MYALGO] The state of the order book is:
|----BID-----||----ASK----|
   101 @ 100    100 @ 98
   200 @ 110    200 @ 95
  5000 @ 115    300 @ 91
|------------||-----------|

22:58:19.540 [main] INFO  c.gettingstarted.MyAlgoLogic - [MYALGO] Algo Sees Book as: 
|----BID-----||----ASK----|
   101 @ 100    100 @ 98
   200 @ 110    200 @ 95
  5000 @ 115    300 @ 91
|------------||-----------|

22:58:19.540 [main] INFO  c.gettingstarted.MyAlgoLogic - [Sheza5] market monitor size is 0
22:58:19.540 [main] INFO  c.gettingstarted.MyAlgoLogic - [MYALGO] Initial quantity100 price 98
Current market monitor list is 
MYALGO- Current market monitor size is 0
22:58:19.540 [main] INFO  c.gettingstarted.TimedLogic - [TIMEDLOGIC] Market is open
22:58:19.540 [main] INFO  c.gettingstarted.MyAlgoLogic - [MYALGO] Have:35 children, want 5, done.
22:58:19.540 [main] INFO  c.gettingstarted.MyAlgoLogic - [MYALGO] active orders are 35
22:58:19.540 [main] INFO  c.gettingstarted.MyAlgoLogic - [MYALGO] Cancelling order:codingblackfemales.sotw.ChildOrder@5b03b9fe
22:58:19.540 [main] INFO  c.gettingstarted.MyAlgoLogic - [MYALGO] option is present, number of active orders are 35
22:58:19.541 [main] INFO  c.container.Actioner - [ALGO] Actioner, sending action:CancelChildOrder(codingblackfemales.sotw.ChildOrder@5b03b9fe)
22:58:19.541 [main] INFO  c.sequencer.consumer.LoggingConsumer - [117] [CancelOrder](sbeTemplateId=5|sbeSchemaId=2|sbeSchemaVersion=0|sbeBlockLength=8):orderId=42
22:58:19.541 [main] INFO  c.gettingstarted.MyAlgoLogic - [MYALGO] The state of the order book is:
|----BID-----||----ASK----|
   101 @ 100    100 @ 98
   200 @ 110    200 @ 95
  5000 @ 115    300 @ 91
|------------||-----------|

22:58:19.541 [main] INFO  c.gettingstarted.MyAlgoLogic - [MYALGO] Algo Sees Book as: 
|----BID-----||----ASK----|
   101 @ 100    100 @ 98
   200 @ 110    200 @ 95
  5000 @ 115    300 @ 91
|------------||-----------|

22:58:19.541 [main] INFO  c.gettingstarted.MyAlgoLogic - [Sheza5] market monitor size is 0
22:58:19.541 [main] INFO  c.gettingstarted.MyAlgoLogic - [MYALGO] Initial quantity100 price 98
Current market monitor list is 
MYALGO- Current market monitor size is 0
22:58:19.541 [main] INFO  c.gettingstarted.TimedLogic - [TIMEDLOGIC] Market is open
22:58:19.541 [main] INFO  c.gettingstarted.MyAlgoLogic - [MYALGO] Have:34 children, want 5, done.
22:58:19.541 [main] INFO  c.gettingstarted.MyAlgoLogic - [MYALGO] active orders are 34
22:58:19.541 [main] INFO  c.gettingstarted.MyAlgoLogic - [MYALGO] Cancelling order:codingblackfemales.sotw.ChildOrder@37d4349f
22:58:19.541 [main] INFO  c.gettingstarted.MyAlgoLogic - [MYALGO] option is present, number of active orders are 34
22:58:19.541 [main] INFO  c.container.Actioner - [ALGO] Actioner, sending action:CancelChildOrder(codingblackfemales.sotw.ChildOrder@37d4349f)
22:58:19.543 [main] INFO  c.sequencer.consumer.LoggingConsumer - [118] [CancelOrder](sbeTemplateId=5|sbeSchemaId=2|sbeSchemaVersion=0|sbeBlockLength=8):orderId=43
22:58:19.543 [main] INFO  c.gettingstarted.MyAlgoLogic - [MYALGO] The state of the order book is:
|----BID-----||----ASK----|
   101 @ 100    100 @ 98
   200 @ 110    200 @ 95
  5000 @ 115    300 @ 91
|------------||-----------|

22:58:19.543 [main] INFO  c.gettingstarted.MyAlgoLogic - [MYALGO] Algo Sees Book as: 
|----BID-----||----ASK----|
   101 @ 100    100 @ 98
   200 @ 110    200 @ 95
  5000 @ 115    300 @ 91
|------------||-----------|

22:58:19.543 [main] INFO  c.gettingstarted.MyAlgoLogic - [Sheza5] market monitor size is 0
22:58:19.543 [main] INFO  c.gettingstarted.MyAlgoLogic - [MYALGO] Initial quantity100 price 98
Current market monitor list is 
MYALGO- Current market monitor size is 0
22:58:19.543 [main] INFO  c.gettingstarted.TimedLogic - [TIMEDLOGIC] Market is open
22:58:19.543 [main] INFO  c.gettingstarted.MyAlgoLogic - [MYALGO] Have:33 children, want 5, done.
22:58:19.543 [main] INFO  c.gettingstarted.MyAlgoLogic - [MYALGO] active orders are 33
22:58:19.543 [main] INFO  c.gettingstarted.MyAlgoLogic - [MYALGO] Cancelling order:codingblackfemales.sotw.ChildOrder@434a63ab
22:58:19.543 [main] INFO  c.gettingstarted.MyAlgoLogic - [MYALGO] option is present, number of active orders are 33
22:58:19.543 [main] INFO  c.container.Actioner - [ALGO] Actioner, sending action:CancelChildOrder(codingblackfemales.sotw.ChildOrder@434a63ab)
22:58:19.543 [main] INFO  c.sequencer.consumer.LoggingConsumer - [119] [CancelOrder](sbeTemplateId=5|sbeSchemaId=2|sbeSchemaVersion=0|sbeBlockLength=8):orderId=44
22:58:19.543 [main] INFO  c.gettingstarted.MyAlgoLogic - [MYALGO] The state of the order book is:
|----BID-----||----ASK----|
   101 @ 100    100 @ 98
   200 @ 110    200 @ 95
  5000 @ 115    300 @ 91
|------------||-----------|

22:58:19.543 [main] INFO  c.gettingstarted.MyAlgoLogic - [MYALGO] Algo Sees Book as: 
|----BID-----||----ASK----|
   101 @ 100    100 @ 98
   200 @ 110    200 @ 95
  5000 @ 115    300 @ 91
|------------||-----------|

22:58:19.543 [main] INFO  c.gettingstarted.MyAlgoLogic - [Sheza5] market monitor size is 0
22:58:19.543 [main] INFO  c.gettingstarted.MyAlgoLogic - [MYALGO] Initial quantity100 price 98
Current market monitor list is 
MYALGO- Current market monitor size is 0
22:58:19.543 [main] INFO  c.gettingstarted.TimedLogic - [TIMEDLOGIC] Market is open
22:58:19.543 [main] INFO  c.gettingstarted.MyAlgoLogic - [MYALGO] Have:32 children, want 5, done.
22:58:19.543 [main] INFO  c.gettingstarted.MyAlgoLogic - [MYALGO] active orders are 32
22:58:19.543 [main] INFO  c.gettingstarted.MyAlgoLogic - [MYALGO] Cancelling order:codingblackfemales.sotw.ChildOrder@6e0f5f7f
22:58:19.543 [main] INFO  c.gettingstarted.MyAlgoLogic - [MYALGO] option is present, number of active orders are 32
22:58:19.543 [main] INFO  c.container.Actioner - [ALGO] Actioner, sending action:CancelChildOrder(codingblackfemales.sotw.ChildOrder@6e0f5f7f)
22:58:19.543 [main] INFO  c.sequencer.consumer.LoggingConsumer - [120] [CancelOrder](sbeTemplateId=5|sbeSchemaId=2|sbeSchemaVersion=0|sbeBlockLength=8):orderId=45
22:58:19.544 [main] INFO  c.gettingstarted.MyAlgoLogic - [MYALGO] The state of the order book is:
|----BID-----||----ASK----|
   101 @ 100    100 @ 98
   200 @ 110    200 @ 95
  5000 @ 115    300 @ 91
|------------||-----------|

22:58:19.544 [main] INFO  c.gettingstarted.MyAlgoLogic - [MYALGO] Algo Sees Book as: 
|----BID-----||----ASK----|
   101 @ 100    100 @ 98
   200 @ 110    200 @ 95
  5000 @ 115    300 @ 91
|------------||-----------|

22:58:19.544 [main] INFO  c.gettingstarted.MyAlgoLogic - [Sheza5] market monitor size is 0
22:58:19.544 [main] INFO  c.gettingstarted.MyAlgoLogic - [MYALGO] Initial quantity100 price 98
Current market monitor list is 
MYALGO- Current market monitor size is 0
22:58:19.544 [main] INFO  c.gettingstarted.TimedLogic - [TIMEDLOGIC] Market is open
22:58:19.544 [main] INFO  c.gettingstarted.MyAlgoLogic - [MYALGO] Have:31 children, want 5, done.
22:58:19.544 [main] INFO  c.gettingstarted.MyAlgoLogic - [MYALGO] active orders are 31
22:58:19.544 [main] INFO  c.gettingstarted.MyAlgoLogic - [MYALGO] Cancelling order:codingblackfemales.sotw.ChildOrder@2805d709
22:58:19.544 [main] INFO  c.gettingstarted.MyAlgoLogic - [MYALGO] option is present, number of active orders are 31
22:58:19.544 [main] INFO  c.container.Actioner - [ALGO] Actioner, sending action:CancelChildOrder(codingblackfemales.sotw.ChildOrder@2805d709)
22:58:19.544 [main] INFO  c.sequencer.consumer.LoggingConsumer - [121] [CancelOrder](sbeTemplateId=5|sbeSchemaId=2|sbeSchemaVersion=0|sbeBlockLength=8):orderId=46
22:58:19.544 [main] INFO  c.gettingstarted.MyAlgoLogic - [MYALGO] The state of the order book is:
|----BID-----||----ASK----|
   101 @ 100    100 @ 98
   200 @ 110    200 @ 95
  5000 @ 115    300 @ 91
|------------||-----------|

22:58:19.544 [main] INFO  c.gettingstarted.MyAlgoLogic - [MYALGO] Algo Sees Book as: 
|----BID-----||----ASK----|
   101 @ 100    100 @ 98
   200 @ 110    200 @ 95
  5000 @ 115    300 @ 91
|------------||-----------|

22:58:19.544 [main] INFO  c.gettingstarted.MyAlgoLogic - [Sheza5] market monitor size is 0
22:58:19.544 [main] INFO  c.gettingstarted.MyAlgoLogic - [MYALGO] Initial quantity100 price 98
Current market monitor list is 
MYALGO- Current market monitor size is 0
22:58:19.544 [main] INFO  c.gettingstarted.TimedLogic - [TIMEDLOGIC] Market is open
22:58:19.544 [main] INFO  c.gettingstarted.MyAlgoLogic - [MYALGO] Have:30 children, want 5, done.
22:58:19.544 [main] INFO  c.gettingstarted.MyAlgoLogic - [MYALGO] active orders are 30
22:58:19.544 [main] INFO  c.gettingstarted.MyAlgoLogic - [MYALGO] Cancelling order:codingblackfemales.sotw.ChildOrder@3ee37e5a
22:58:19.544 [main] INFO  c.gettingstarted.MyAlgoLogic - [MYALGO] option is present, number of active orders are 30
22:58:19.544 [main] INFO  c.container.Actioner - [ALGO] Actioner, sending action:CancelChildOrder(codingblackfemales.sotw.ChildOrder@3ee37e5a)
22:58:19.544 [main] INFO  c.sequencer.consumer.LoggingConsumer - [122] [CancelOrder](sbeTemplateId=5|sbeSchemaId=2|sbeSchemaVersion=0|sbeBlockLength=8):orderId=47
22:58:19.544 [main] INFO  c.gettingstarted.MyAlgoLogic - [MYALGO] The state of the order book is:
|----BID-----||----ASK----|
   101 @ 100    100 @ 98
   200 @ 110    200 @ 95
  5000 @ 115    300 @ 91
|------------||-----------|

22:58:19.544 [main] INFO  c.gettingstarted.MyAlgoLogic - [MYALGO] Algo Sees Book as: 
|----BID-----||----ASK----|
   101 @ 100    100 @ 98
   200 @ 110    200 @ 95
  5000 @ 115    300 @ 91
|------------||-----------|

22:58:19.544 [main] INFO  c.gettingstarted.MyAlgoLogic - [Sheza5] market monitor size is 0
22:58:19.544 [main] INFO  c.gettingstarted.MyAlgoLogic - [MYALGO] Initial quantity100 price 98
Current market monitor list is 
MYALGO- Current market monitor size is 0
22:58:19.544 [main] INFO  c.gettingstarted.TimedLogic - [TIMEDLOGIC] Market is open
22:58:19.544 [main] INFO  c.gettingstarted.MyAlgoLogic - [MYALGO] Have:29 children, want 5, done.
22:58:19.544 [main] INFO  c.gettingstarted.MyAlgoLogic - [MYALGO] active orders are 29
22:58:19.544 [main] INFO  c.gettingstarted.MyAlgoLogic - [MYALGO] Cancelling order:codingblackfemales.sotw.ChildOrder@2ea41516
22:58:19.544 [main] INFO  c.gettingstarted.MyAlgoLogic - [MYALGO] option is present, number of active orders are 29
22:58:19.544 [main] INFO  c.container.Actioner - [ALGO] Actioner, sending action:CancelChildOrder(codingblackfemales.sotw.ChildOrder@2ea41516)
22:58:19.544 [main] INFO  c.sequencer.consumer.LoggingConsumer - [123] [CancelOrder](sbeTemplateId=5|sbeSchemaId=2|sbeSchemaVersion=0|sbeBlockLength=8):orderId=48
22:58:19.544 [main] INFO  c.gettingstarted.MyAlgoLogic - [MYALGO] The state of the order book is:
|----BID-----||----ASK----|
   101 @ 100    100 @ 98
   200 @ 110    200 @ 95
  5000 @ 115    300 @ 91
|------------||-----------|

22:58:19.544 [main] INFO  c.gettingstarted.MyAlgoLogic - [MYALGO] Algo Sees Book as: 
|----BID-----||----ASK----|
   101 @ 100    100 @ 98
   200 @ 110    200 @ 95
  5000 @ 115    300 @ 91
|------------||-----------|

22:58:19.544 [main] INFO  c.gettingstarted.MyAlgoLogic - [Sheza5] market monitor size is 0
22:58:19.544 [main] INFO  c.gettingstarted.MyAlgoLogic - [MYALGO] Initial quantity100 price 98
Current market monitor list is 
MYALGO- Current market monitor size is 0
22:58:19.544 [main] INFO  c.gettingstarted.TimedLogic - [TIMEDLOGIC] Market is open
22:58:19.544 [main] INFO  c.gettingstarted.MyAlgoLogic - [MYALGO] Have:28 children, want 5, done.
22:58:19.544 [main] INFO  c.gettingstarted.MyAlgoLogic - [MYALGO] active orders are 28
22:58:19.544 [main] INFO  c.gettingstarted.MyAlgoLogic - [MYALGO] Cancelling order:codingblackfemales.sotw.ChildOrder@3a44431a
22:58:19.544 [main] INFO  c.gettingstarted.MyAlgoLogic - [MYALGO] option is present, number of active orders are 28
22:58:19.544 [main] INFO  c.container.Actioner - [ALGO] Actioner, sending action:CancelChildOrder(codingblackfemales.sotw.ChildOrder@3a44431a)
22:58:19.544 [main] INFO  c.sequencer.consumer.LoggingConsumer - [124] [CancelOrder](sbeTemplateId=5|sbeSchemaId=2|sbeSchemaVersion=0|sbeBlockLength=8):orderId=49
22:58:19.545 [main] INFO  c.gettingstarted.MyAlgoLogic - [MYALGO] The state of the order book is:
|----BID-----||----ASK----|
   101 @ 100    100 @ 98
   200 @ 110    200 @ 95
  5000 @ 115    300 @ 91
|------------||-----------|

22:58:19.545 [main] INFO  c.gettingstarted.MyAlgoLogic - [MYALGO] Algo Sees Book as: 
|----BID-----||----ASK----|
   101 @ 100    100 @ 98
   200 @ 110    200 @ 95
  5000 @ 115    300 @ 91
|------------||-----------|

22:58:19.545 [main] INFO  c.gettingstarted.MyAlgoLogic - [Sheza5] market monitor size is 0
22:58:19.545 [main] INFO  c.gettingstarted.MyAlgoLogic - [MYALGO] Initial quantity100 price 98
Current market monitor list is 
MYALGO- Current market monitor size is 0
22:58:19.545 [main] INFO  c.gettingstarted.TimedLogic - [TIMEDLOGIC] Market is open
22:58:19.545 [main] INFO  c.gettingstarted.MyAlgoLogic - [MYALGO] Have:27 children, want 5, done.
22:58:19.545 [main] INFO  c.gettingstarted.MyAlgoLogic - [MYALGO] active orders are 27
22:58:19.545 [main] INFO  c.gettingstarted.MyAlgoLogic - [MYALGO] Cancelling order:codingblackfemales.sotw.ChildOrder@3c7f66c4
22:58:19.545 [main] INFO  c.gettingstarted.MyAlgoLogic - [MYALGO] option is present, number of active orders are 27
22:58:19.545 [main] INFO  c.container.Actioner - [ALGO] Actioner, sending action:CancelChildOrder(codingblackfemales.sotw.ChildOrder@3c7f66c4)
22:58:19.545 [main] INFO  c.sequencer.consumer.LoggingConsumer - [125] [CancelOrder](sbeTemplateId=5|sbeSchemaId=2|sbeSchemaVersion=0|sbeBlockLength=8):orderId=50
22:58:19.545 [main] INFO  c.gettingstarted.MyAlgoLogic - [MYALGO] The state of the order book is:
|----BID-----||----ASK----|
   101 @ 100    100 @ 98
   200 @ 110    200 @ 95
  5000 @ 115    300 @ 91
|------------||-----------|

22:58:19.545 [main] INFO  c.gettingstarted.MyAlgoLogic - [MYALGO] Algo Sees Book as: 
|----BID-----||----ASK----|
   101 @ 100    100 @ 98
   200 @ 110    200 @ 95
  5000 @ 115    300 @ 91
|------------||-----------|

22:58:19.545 [main] INFO  c.gettingstarted.MyAlgoLogic - [Sheza5] market monitor size is 0
22:58:19.545 [main] INFO  c.gettingstarted.MyAlgoLogic - [MYALGO] Initial quantity100 price 98
Current market monitor list is 
MYALGO- Current market monitor size is 0
22:58:19.545 [main] INFO  c.gettingstarted.TimedLogic - [TIMEDLOGIC] Market is open
22:58:19.545 [main] INFO  c.gettingstarted.MyAlgoLogic - [MYALGO] Have:26 children, want 5, done.
22:58:19.545 [main] INFO  c.gettingstarted.MyAlgoLogic - [MYALGO] active orders are 26
22:58:19.545 [main] INFO  c.gettingstarted.MyAlgoLogic - [MYALGO] Cancelling order:codingblackfemales.sotw.ChildOrder@194bcebf
22:58:19.545 [main] INFO  c.gettingstarted.MyAlgoLogic - [MYALGO] option is present, number of active orders are 26
22:58:19.545 [main] INFO  c.container.Actioner - [ALGO] Actioner, sending action:CancelChildOrder(codingblackfemales.sotw.ChildOrder@194bcebf)
22:58:19.545 [main] INFO  c.sequencer.consumer.LoggingConsumer - [126] [CancelOrder](sbeTemplateId=5|sbeSchemaId=2|sbeSchemaVersion=0|sbeBlockLength=8):orderId=51
22:58:19.545 [main] INFO  c.gettingstarted.MyAlgoLogic - [MYALGO] The state of the order book is:
|----BID-----||----ASK----|
   101 @ 100    100 @ 98
   200 @ 110    200 @ 95
  5000 @ 115    300 @ 91
|------------||-----------|

22:58:19.545 [main] INFO  c.gettingstarted.MyAlgoLogic - [MYALGO] Algo Sees Book as: 
|----BID-----||----ASK----|
   101 @ 100    100 @ 98
   200 @ 110    200 @ 95
  5000 @ 115    300 @ 91
|------------||-----------|

22:58:19.545 [main] INFO  c.gettingstarted.MyAlgoLogic - [Sheza5] market monitor size is 0
22:58:19.545 [main] INFO  c.gettingstarted.MyAlgoLogic - [MYALGO] Initial quantity100 price 98
Current market monitor list is 
MYALGO- Current market monitor size is 0
22:58:19.545 [main] INFO  c.gettingstarted.TimedLogic - [TIMEDLOGIC] Market is open
22:58:19.545 [main] INFO  c.gettingstarted.MyAlgoLogic - [MYALGO] Have:25 children, want 5, done.
22:58:19.545 [main] INFO  c.gettingstarted.MyAlgoLogic - [MYALGO] active orders are 25
22:58:19.545 [main] INFO  c.gettingstarted.MyAlgoLogic - [MYALGO] Cancelling order:codingblackfemales.sotw.ChildOrder@17497425
22:58:19.545 [main] INFO  c.gettingstarted.MyAlgoLogic - [MYALGO] option is present, number of active orders are 25
22:58:19.545 [main] INFO  c.container.Actioner - [ALGO] Actioner, sending action:CancelChildOrder(codingblackfemales.sotw.ChildOrder@17497425)
22:58:19.545 [main] INFO  c.sequencer.consumer.LoggingConsumer - [127] [CancelOrder](sbeTemplateId=5|sbeSchemaId=2|sbeSchemaVersion=0|sbeBlockLength=8):orderId=52
22:58:19.545 [main] INFO  c.gettingstarted.MyAlgoLogic - [MYALGO] The state of the order book is:
|----BID-----||----ASK----|
   101 @ 100    100 @ 98
   200 @ 110    200 @ 95
  5000 @ 115    300 @ 91
|------------||-----------|

22:58:19.545 [main] INFO  c.gettingstarted.MyAlgoLogic - [MYALGO] Algo Sees Book as: 
|----BID-----||----ASK----|
   101 @ 100    100 @ 98
   200 @ 110    200 @ 95
  5000 @ 115    300 @ 91
|------------||-----------|

22:58:19.545 [main] INFO  c.gettingstarted.MyAlgoLogic - [Sheza5] market monitor size is 0
22:58:19.545 [main] INFO  c.gettingstarted.MyAlgoLogic - [MYALGO] Initial quantity100 price 98
Current market monitor list is 
MYALGO- Current market monitor size is 0
22:58:19.545 [main] INFO  c.gettingstarted.TimedLogic - [TIMEDLOGIC] Market is open
22:58:19.545 [main] INFO  c.gettingstarted.MyAlgoLogic - [MYALGO] Have:24 children, want 5, done.
22:58:19.545 [main] INFO  c.gettingstarted.MyAlgoLogic - [MYALGO] active orders are 24
22:58:19.545 [main] INFO  c.gettingstarted.MyAlgoLogic - [MYALGO] Cancelling order:codingblackfemales.sotw.ChildOrder@f0da945
22:58:19.545 [main] INFO  c.gettingstarted.MyAlgoLogic - [MYALGO] option is present, number of active orders are 24
22:58:19.545 [main] INFO  c.container.Actioner - [ALGO] Actioner, sending action:CancelChildOrder(codingblackfemales.sotw.ChildOrder@f0da945)
22:58:19.545 [main] INFO  c.sequencer.consumer.LoggingConsumer - [128] [CancelOrder](sbeTemplateId=5|sbeSchemaId=2|sbeSchemaVersion=0|sbeBlockLength=8):orderId=53
22:58:19.545 [main] INFO  c.gettingstarted.MyAlgoLogic - [MYALGO] The state of the order book is:
|----BID-----||----ASK----|
   101 @ 100    100 @ 98
   200 @ 110    200 @ 95
  5000 @ 115    300 @ 91
|------------||-----------|

22:58:19.545 [main] INFO  c.gettingstarted.MyAlgoLogic - [MYALGO] Algo Sees Book as: 
|----BID-----||----ASK----|
   101 @ 100    100 @ 98
   200 @ 110    200 @ 95
  5000 @ 115    300 @ 91
|------------||-----------|

22:58:19.545 [main] INFO  c.gettingstarted.MyAlgoLogic - [Sheza5] market monitor size is 0
22:58:19.545 [main] INFO  c.gettingstarted.MyAlgoLogic - [MYALGO] Initial quantity100 price 98
Current market monitor list is 
MYALGO- Current market monitor size is 0
22:58:19.545 [main] INFO  c.gettingstarted.TimedLogic - [TIMEDLOGIC] Market is open
22:58:19.545 [main] INFO  c.gettingstarted.MyAlgoLogic - [MYALGO] Have:23 children, want 5, done.
22:58:19.545 [main] INFO  c.gettingstarted.MyAlgoLogic - [MYALGO] active orders are 23
22:58:19.545 [main] INFO  c.gettingstarted.MyAlgoLogic - [MYALGO] Cancelling order:codingblackfemales.sotw.ChildOrder@4803b726
22:58:19.545 [main] INFO  c.gettingstarted.MyAlgoLogic - [MYALGO] option is present, number of active orders are 23
22:58:19.545 [main] INFO  c.container.Actioner - [ALGO] Actioner, sending action:CancelChildOrder(codingblackfemales.sotw.ChildOrder@4803b726)
22:58:19.545 [main] INFO  c.sequencer.consumer.LoggingConsumer - [129] [CancelOrder](sbeTemplateId=5|sbeSchemaId=2|sbeSchemaVersion=0|sbeBlockLength=8):orderId=54
22:58:19.545 [main] INFO  c.gettingstarted.MyAlgoLogic - [MYALGO] The state of the order book is:
|----BID-----||----ASK----|
   101 @ 100    100 @ 98
   200 @ 110    200 @ 95
  5000 @ 115    300 @ 91
|------------||-----------|

22:58:19.545 [main] INFO  c.gettingstarted.MyAlgoLogic - [MYALGO] Algo Sees Book as: 
|----BID-----||----ASK----|
   101 @ 100    100 @ 98
   200 @ 110    200 @ 95
  5000 @ 115    300 @ 91
|------------||-----------|

22:58:19.545 [main] INFO  c.gettingstarted.MyAlgoLogic - [Sheza5] market monitor size is 0
22:58:19.545 [main] INFO  c.gettingstarted.MyAlgoLogic - [MYALGO] Initial quantity100 price 98
Current market monitor list is 
MYALGO- Current market monitor size is 0
22:58:19.545 [main] INFO  c.gettingstarted.TimedLogic - [TIMEDLOGIC] Market is open
22:58:19.545 [main] INFO  c.gettingstarted.MyAlgoLogic - [MYALGO] Have:22 children, want 5, done.
22:58:19.545 [main] INFO  c.gettingstarted.MyAlgoLogic - [MYALGO] active orders are 22
22:58:19.545 [main] INFO  c.gettingstarted.MyAlgoLogic - [MYALGO] Cancelling order:codingblackfemales.sotw.ChildOrder@ffaa6af
22:58:19.545 [main] INFO  c.gettingstarted.MyAlgoLogic - [MYALGO] option is present, number of active orders are 22
22:58:19.545 [main] INFO  c.container.Actioner - [ALGO] Actioner, sending action:CancelChildOrder(codingblackfemales.sotw.ChildOrder@ffaa6af)
22:58:19.545 [main] INFO  c.sequencer.consumer.LoggingConsumer - [130] [CancelOrder](sbeTemplateId=5|sbeSchemaId=2|sbeSchemaVersion=0|sbeBlockLength=8):orderId=55
22:58:19.545 [main] INFO  c.gettingstarted.MyAlgoLogic - [MYALGO] The state of the order book is:
|----BID-----||----ASK----|
   101 @ 100    100 @ 98
   200 @ 110    200 @ 95
  5000 @ 115    300 @ 91
|------------||-----------|

22:58:19.545 [main] INFO  c.gettingstarted.MyAlgoLogic - [MYALGO] Algo Sees Book as: 
|----BID-----||----ASK----|
   101 @ 100    100 @ 98
   200 @ 110    200 @ 95
  5000 @ 115    300 @ 91
|------------||-----------|

22:58:19.545 [main] INFO  c.gettingstarted.MyAlgoLogic - [Sheza5] market monitor size is 0
22:58:19.545 [main] INFO  c.gettingstarted.MyAlgoLogic - [MYALGO] Initial quantity100 price 98
Current market monitor list is 
MYALGO- Current market monitor size is 0
22:58:19.545 [main] INFO  c.gettingstarted.TimedLogic - [TIMEDLOGIC] Market is open
22:58:19.545 [main] INFO  c.gettingstarted.MyAlgoLogic - [MYALGO] Have:21 children, want 5, done.
22:58:19.545 [main] INFO  c.gettingstarted.MyAlgoLogic - [MYALGO] active orders are 21
22:58:19.545 [main] INFO  c.gettingstarted.MyAlgoLogic - [MYALGO] Cancelling order:codingblackfemales.sotw.ChildOrder@53ce1329
22:58:19.545 [main] INFO  c.gettingstarted.MyAlgoLogic - [MYALGO] option is present, number of active orders are 21
22:58:19.545 [main] INFO  c.container.Actioner - [ALGO] Actioner, sending action:CancelChildOrder(codingblackfemales.sotw.ChildOrder@53ce1329)
22:58:19.545 [main] INFO  c.sequencer.consumer.LoggingConsumer - [131] [CancelOrder](sbeTemplateId=5|sbeSchemaId=2|sbeSchemaVersion=0|sbeBlockLength=8):orderId=56
22:58:19.545 [main] INFO  c.gettingstarted.MyAlgoLogic - [MYALGO] The state of the order book is:
|----BID-----||----ASK----|
   101 @ 100    100 @ 98
   200 @ 110    200 @ 95
  5000 @ 115    300 @ 91
|------------||-----------|

22:58:19.545 [main] INFO  c.gettingstarted.MyAlgoLogic - [MYALGO] Algo Sees Book as: 
|----BID-----||----ASK----|
   101 @ 100    100 @ 98
   200 @ 110    200 @ 95
  5000 @ 115    300 @ 91
|------------||-----------|

22:58:19.545 [main] INFO  c.gettingstarted.MyAlgoLogic - [Sheza5] market monitor size is 0
22:58:19.545 [main] INFO  c.gettingstarted.MyAlgoLogic - [MYALGO] Initial quantity100 price 98
Current market monitor list is 
MYALGO- Current market monitor size is 0
22:58:19.545 [main] INFO  c.gettingstarted.TimedLogic - [TIMEDLOGIC] Market is open
22:58:19.545 [main] INFO  c.gettingstarted.MyAlgoLogic - [MYALGO] Have:20 children, want 5, done.
22:58:19.545 [main] INFO  c.gettingstarted.MyAlgoLogic - [MYALGO] active orders are 20
22:58:19.545 [main] INFO  c.gettingstarted.MyAlgoLogic - [MYALGO] Cancelling order:codingblackfemales.sotw.ChildOrder@316bcf94
22:58:19.545 [main] INFO  c.gettingstarted.MyAlgoLogic - [MYALGO] option is present, number of active orders are 20
22:58:19.545 [main] INFO  c.container.Actioner - [ALGO] Actioner, sending action:CancelChildOrder(codingblackfemales.sotw.ChildOrder@316bcf94)
22:58:19.545 [main] INFO  c.sequencer.consumer.LoggingConsumer - [132] [CancelOrder](sbeTemplateId=5|sbeSchemaId=2|sbeSchemaVersion=0|sbeBlockLength=8):orderId=57
22:58:19.547 [main] INFO  c.gettingstarted.MyAlgoLogic - [MYALGO] The state of the order book is:
|----BID-----||----ASK----|
   101 @ 100    100 @ 98
   200 @ 110    200 @ 95
  5000 @ 115    300 @ 91
|------------||-----------|

22:58:19.547 [main] INFO  c.gettingstarted.MyAlgoLogic - [MYALGO] Algo Sees Book as: 
|----BID-----||----ASK----|
   101 @ 100    100 @ 98
   200 @ 110    200 @ 95
  5000 @ 115    300 @ 91
|------------||-----------|

22:58:19.547 [main] INFO  c.gettingstarted.MyAlgoLogic - [Sheza5] market monitor size is 0
22:58:19.547 [main] INFO  c.gettingstarted.MyAlgoLogic - [MYALGO] Initial quantity100 price 98
Current market monitor list is 
MYALGO- Current market monitor size is 0
22:58:19.547 [main] INFO  c.gettingstarted.TimedLogic - [TIMEDLOGIC] Market is open
22:58:19.547 [main] INFO  c.gettingstarted.MyAlgoLogic - [MYALGO] Have:19 children, want 5, done.
22:58:19.547 [main] INFO  c.gettingstarted.MyAlgoLogic - [MYALGO] active orders are 19
22:58:19.547 [main] INFO  c.gettingstarted.MyAlgoLogic - [MYALGO] Cancelling order:codingblackfemales.sotw.ChildOrder@6404f418
22:58:19.547 [main] INFO  c.gettingstarted.MyAlgoLogic - [MYALGO] option is present, number of active orders are 19
22:58:19.547 [main] INFO  c.container.Actioner - [ALGO] Actioner, sending action:CancelChildOrder(codingblackfemales.sotw.ChildOrder@6404f418)
22:58:19.547 [main] INFO  c.sequencer.consumer.LoggingConsumer - [133] [CancelOrder](sbeTemplateId=5|sbeSchemaId=2|sbeSchemaVersion=0|sbeBlockLength=8):orderId=58
22:58:19.547 [main] INFO  c.gettingstarted.MyAlgoLogic - [MYALGO] The state of the order book is:
|----BID-----||----ASK----|
   101 @ 100    100 @ 98
   200 @ 110    200 @ 95
  5000 @ 115    300 @ 91
|------------||-----------|

22:58:19.548 [main] INFO  c.gettingstarted.MyAlgoLogic - [MYALGO] Algo Sees Book as: 
|----BID-----||----ASK----|
   101 @ 100    100 @ 98
   200 @ 110    200 @ 95
  5000 @ 115    300 @ 91
|------------||-----------|

22:58:19.548 [main] INFO  c.gettingstarted.MyAlgoLogic - [Sheza5] market monitor size is 0
22:58:19.548 [main] INFO  c.gettingstarted.MyAlgoLogic - [MYALGO] Initial quantity100 price 98
Current market monitor list is 
MYALGO- Current market monitor size is 0
22:58:19.548 [main] INFO  c.gettingstarted.TimedLogic - [TIMEDLOGIC] Market is open
22:58:19.548 [main] INFO  c.gettingstarted.MyAlgoLogic - [MYALGO] Have:18 children, want 5, done.
22:58:19.548 [main] INFO  c.gettingstarted.MyAlgoLogic - [MYALGO] active orders are 18
22:58:19.548 [main] INFO  c.gettingstarted.MyAlgoLogic - [MYALGO] Cancelling order:codingblackfemales.sotw.ChildOrder@3e11f9e9
22:58:19.548 [main] INFO  c.gettingstarted.MyAlgoLogic - [MYALGO] option is present, number of active orders are 18
22:58:19.548 [main] INFO  c.container.Actioner - [ALGO] Actioner, sending action:CancelChildOrder(codingblackfemales.sotw.ChildOrder@3e11f9e9)
22:58:19.548 [main] INFO  c.sequencer.consumer.LoggingConsumer - [134] [CancelOrder](sbeTemplateId=5|sbeSchemaId=2|sbeSchemaVersion=0|sbeBlockLength=8):orderId=59
22:58:19.548 [main] INFO  c.gettingstarted.MyAlgoLogic - [MYALGO] The state of the order book is:
|----BID-----||----ASK----|
   101 @ 100    100 @ 98
   200 @ 110    200 @ 95
  5000 @ 115    300 @ 91
|------------||-----------|

22:58:19.548 [main] INFO  c.gettingstarted.MyAlgoLogic - [MYALGO] Algo Sees Book as: 
|----BID-----||----ASK----|
   101 @ 100    100 @ 98
   200 @ 110    200 @ 95
  5000 @ 115    300 @ 91
|------------||-----------|

22:58:19.548 [main] INFO  c.gettingstarted.MyAlgoLogic - [Sheza5] market monitor size is 0
22:58:19.548 [main] INFO  c.gettingstarted.MyAlgoLogic - [MYALGO] Initial quantity100 price 98
Current market monitor list is 
MYALGO- Current market monitor size is 0
22:58:19.548 [main] INFO  c.gettingstarted.TimedLogic - [TIMEDLOGIC] Market is open
22:58:19.548 [main] INFO  c.gettingstarted.MyAlgoLogic - [MYALGO] Have:17 children, want 5, done.
22:58:19.548 [main] INFO  c.gettingstarted.MyAlgoLogic - [MYALGO] active orders are 17
22:58:19.549 [main] INFO  c.gettingstarted.MyAlgoLogic - [MYALGO] Cancelling order:codingblackfemales.sotw.ChildOrder@1de5f259
22:58:19.549 [main] INFO  c.gettingstarted.MyAlgoLogic - [MYALGO] option is present, number of active orders are 17
22:58:19.549 [main] INFO  c.container.Actioner - [ALGO] Actioner, sending action:CancelChildOrder(codingblackfemales.sotw.ChildOrder@1de5f259)
22:58:19.549 [main] INFO  c.sequencer.consumer.LoggingConsumer - [135] [CancelOrder](sbeTemplateId=5|sbeSchemaId=2|sbeSchemaVersion=0|sbeBlockLength=8):orderId=60
22:58:19.549 [main] INFO  c.gettingstarted.MyAlgoLogic - [MYALGO] The state of the order book is:
|----BID-----||----ASK----|
   101 @ 100    100 @ 98
   200 @ 110    200 @ 95
  5000 @ 115    300 @ 91
|------------||-----------|

22:58:19.549 [main] INFO  c.gettingstarted.MyAlgoLogic - [MYALGO] Algo Sees Book as: 
|----BID-----||----ASK----|
   101 @ 100    100 @ 98
   200 @ 110    200 @ 95
  5000 @ 115    300 @ 91
|------------||-----------|

22:58:19.549 [main] INFO  c.gettingstarted.MyAlgoLogic - [Sheza5] market monitor size is 0
22:58:19.549 [main] INFO  c.gettingstarted.MyAlgoLogic - [MYALGO] Initial quantity100 price 98
Current market monitor list is 
MYALGO- Current market monitor size is 0
22:58:19.550 [main] INFO  c.gettingstarted.TimedLogic - [TIMEDLOGIC] Market is open
22:58:19.550 [main] INFO  c.gettingstarted.MyAlgoLogic - [MYALGO] Have:16 children, want 5, done.
22:58:19.550 [main] INFO  c.gettingstarted.MyAlgoLogic - [MYALGO] active orders are 16
22:58:19.550 [main] INFO  c.gettingstarted.MyAlgoLogic - [MYALGO] Cancelling order:codingblackfemales.sotw.ChildOrder@729d991e
22:58:19.550 [main] INFO  c.gettingstarted.MyAlgoLogic - [MYALGO] option is present, number of active orders are 16
22:58:19.550 [main] INFO  c.container.Actioner - [ALGO] Actioner, sending action:CancelChildOrder(codingblackfemales.sotw.ChildOrder@729d991e)
22:58:19.550 [main] INFO  c.sequencer.consumer.LoggingConsumer - [136] [CancelOrder](sbeTemplateId=5|sbeSchemaId=2|sbeSchemaVersion=0|sbeBlockLength=8):orderId=61
22:58:19.550 [main] INFO  c.gettingstarted.MyAlgoLogic - [MYALGO] The state of the order book is:
|----BID-----||----ASK----|
   101 @ 100    100 @ 98
   200 @ 110    200 @ 95
  5000 @ 115    300 @ 91
|------------||-----------|

22:58:19.550 [main] INFO  c.gettingstarted.MyAlgoLogic - [MYALGO] Algo Sees Book as: 
|----BID-----||----ASK----|
   101 @ 100    100 @ 98
   200 @ 110    200 @ 95
  5000 @ 115    300 @ 91
|------------||-----------|

22:58:19.550 [main] INFO  c.gettingstarted.MyAlgoLogic - [Sheza5] market monitor size is 0
22:58:19.550 [main] INFO  c.gettingstarted.MyAlgoLogic - [MYALGO] Initial quantity100 price 98
Current market monitor list is 
MYALGO- Current market monitor size is 0
22:58:19.550 [main] INFO  c.gettingstarted.TimedLogic - [TIMEDLOGIC] Market is open
22:58:19.550 [main] INFO  c.gettingstarted.MyAlgoLogic - [MYALGO] Have:15 children, want 5, done.
22:58:19.550 [main] INFO  c.gettingstarted.MyAlgoLogic - [MYALGO] active orders are 15
22:58:19.551 [main] INFO  c.gettingstarted.MyAlgoLogic - [MYALGO] Cancelling order:codingblackfemales.sotw.ChildOrder@31fa1761
22:58:19.551 [main] INFO  c.gettingstarted.MyAlgoLogic - [MYALGO] option is present, number of active orders are 15
22:58:19.551 [main] INFO  c.container.Actioner - [ALGO] Actioner, sending action:CancelChildOrder(codingblackfemales.sotw.ChildOrder@31fa1761)
22:58:19.551 [main] INFO  c.sequencer.consumer.LoggingConsumer - [137] [CancelOrder](sbeTemplateId=5|sbeSchemaId=2|sbeSchemaVersion=0|sbeBlockLength=8):orderId=62
22:58:19.551 [main] INFO  c.gettingstarted.MyAlgoLogic - [MYALGO] The state of the order book is:
|----BID-----||----ASK----|
   101 @ 100    100 @ 98
   200 @ 110    200 @ 95
  5000 @ 115    300 @ 91
|------------||-----------|

22:58:19.551 [main] INFO  c.gettingstarted.MyAlgoLogic - [MYALGO] Algo Sees Book as: 
|----BID-----||----ASK----|
   101 @ 100    100 @ 98
   200 @ 110    200 @ 95
  5000 @ 115    300 @ 91
|------------||-----------|

22:58:19.551 [main] INFO  c.gettingstarted.MyAlgoLogic - [Sheza5] market monitor size is 0
22:58:19.551 [main] INFO  c.gettingstarted.MyAlgoLogic - [MYALGO] Initial quantity100 price 98
Current market monitor list is 
MYALGO- Current market monitor size is 0
22:58:19.551 [main] INFO  c.gettingstarted.TimedLogic - [TIMEDLOGIC] Market is open
22:58:19.551 [main] INFO  c.gettingstarted.MyAlgoLogic - [MYALGO] Have:14 children, want 5, done.
22:58:19.551 [main] INFO  c.gettingstarted.MyAlgoLogic - [MYALGO] active orders are 14
22:58:19.551 [main] INFO  c.gettingstarted.MyAlgoLogic - [MYALGO] Cancelling order:codingblackfemales.sotw.ChildOrder@957e06
22:58:19.551 [main] INFO  c.gettingstarted.MyAlgoLogic - [MYALGO] option is present, number of active orders are 14
22:58:19.551 [main] INFO  c.container.Actioner - [ALGO] Actioner, sending action:CancelChildOrder(codingblackfemales.sotw.ChildOrder@957e06)
22:58:19.551 [main] INFO  c.sequencer.consumer.LoggingConsumer - [138] [CancelOrder](sbeTemplateId=5|sbeSchemaId=2|sbeSchemaVersion=0|sbeBlockLength=8):orderId=63
22:58:19.552 [main] INFO  c.gettingstarted.MyAlgoLogic - [MYALGO] The state of the order book is:
|----BID-----||----ASK----|
   101 @ 100    100 @ 98
   200 @ 110    200 @ 95
  5000 @ 115    300 @ 91
|------------||-----------|

22:58:19.552 [main] INFO  c.gettingstarted.MyAlgoLogic - [MYALGO] Algo Sees Book as: 
|----BID-----||----ASK----|
   101 @ 100    100 @ 98
   200 @ 110    200 @ 95
  5000 @ 115    300 @ 91
|------------||-----------|

22:58:19.552 [main] INFO  c.gettingstarted.MyAlgoLogic - [Sheza5] market monitor size is 0
22:58:19.552 [main] INFO  c.gettingstarted.MyAlgoLogic - [MYALGO] Initial quantity100 price 98
Current market monitor list is 
MYALGO- Current market monitor size is 0
22:58:19.552 [main] INFO  c.gettingstarted.TimedLogic - [TIMEDLOGIC] Market is open
22:58:19.552 [main] INFO  c.gettingstarted.MyAlgoLogic - [MYALGO] Have:13 children, want 5, done.
22:58:19.552 [main] INFO  c.gettingstarted.MyAlgoLogic - [MYALGO] active orders are 13
22:58:19.552 [main] INFO  c.gettingstarted.MyAlgoLogic - [MYALGO] Cancelling order:codingblackfemales.sotw.ChildOrder@32502377
22:58:19.552 [main] INFO  c.gettingstarted.MyAlgoLogic - [MYALGO] option is present, number of active orders are 13
22:58:19.552 [main] INFO  c.container.Actioner - [ALGO] Actioner, sending action:CancelChildOrder(codingblackfemales.sotw.ChildOrder@32502377)
22:58:19.552 [main] INFO  c.sequencer.consumer.LoggingConsumer - [139] [CancelOrder](sbeTemplateId=5|sbeSchemaId=2|sbeSchemaVersion=0|sbeBlockLength=8):orderId=64
22:58:19.552 [main] INFO  c.gettingstarted.MyAlgoLogic - [MYALGO] The state of the order book is:
|----BID-----||----ASK----|
   101 @ 100    100 @ 98
   200 @ 110    200 @ 95
  5000 @ 115    300 @ 91
|------------||-----------|

22:58:19.553 [main] INFO  c.gettingstarted.MyAlgoLogic - [MYALGO] Algo Sees Book as: 
|----BID-----||----ASK----|
   101 @ 100    100 @ 98
   200 @ 110    200 @ 95
  5000 @ 115    300 @ 91
|------------||-----------|

22:58:19.553 [main] INFO  c.gettingstarted.MyAlgoLogic - [Sheza5] market monitor size is 0
22:58:19.553 [main] INFO  c.gettingstarted.MyAlgoLogic - [MYALGO] Initial quantity100 price 98
Current market monitor list is 
MYALGO- Current market monitor size is 0
22:58:19.553 [main] INFO  c.gettingstarted.TimedLogic - [TIMEDLOGIC] Market is open
22:58:19.553 [main] INFO  c.gettingstarted.MyAlgoLogic - [MYALGO] Have:12 children, want 5, done.
22:58:19.553 [main] INFO  c.gettingstarted.MyAlgoLogic - [MYALGO] active orders are 12
22:58:19.553 [main] INFO  c.gettingstarted.MyAlgoLogic - [MYALGO] Cancelling order:codingblackfemales.sotw.ChildOrder@2c1b194a
22:58:19.553 [main] INFO  c.gettingstarted.MyAlgoLogic - [MYALGO] option is present, number of active orders are 12
22:58:19.553 [main] INFO  c.container.Actioner - [ALGO] Actioner, sending action:CancelChildOrder(codingblackfemales.sotw.ChildOrder@2c1b194a)
22:58:19.553 [main] INFO  c.sequencer.consumer.LoggingConsumer - [140] [CancelOrder](sbeTemplateId=5|sbeSchemaId=2|sbeSchemaVersion=0|sbeBlockLength=8):orderId=65
22:58:19.553 [main] INFO  c.gettingstarted.MyAlgoLogic - [MYALGO] The state of the order book is:
|----BID-----||----ASK----|
   101 @ 100    100 @ 98
   200 @ 110    200 @ 95
  5000 @ 115    300 @ 91
|------------||-----------|

22:58:19.553 [main] INFO  c.gettingstarted.MyAlgoLogic - [MYALGO] Algo Sees Book as: 
|----BID-----||----ASK----|
   101 @ 100    100 @ 98
   200 @ 110    200 @ 95
  5000 @ 115    300 @ 91
|------------||-----------|

22:58:19.553 [main] INFO  c.gettingstarted.MyAlgoLogic - [Sheza5] market monitor size is 0
22:58:19.553 [main] INFO  c.gettingstarted.MyAlgoLogic - [MYALGO] Initial quantity100 price 98
Current market monitor list is 
MYALGO- Current market monitor size is 0
22:58:19.553 [main] INFO  c.gettingstarted.TimedLogic - [TIMEDLOGIC] Market is open
22:58:19.553 [main] INFO  c.gettingstarted.MyAlgoLogic - [MYALGO] Have:11 children, want 5, done.
22:58:19.553 [main] INFO  c.gettingstarted.MyAlgoLogic - [MYALGO] active orders are 11
22:58:19.553 [main] INFO  c.gettingstarted.MyAlgoLogic - [MYALGO] Cancelling order:codingblackfemales.sotw.ChildOrder@4dbb42b7
22:58:19.553 [main] INFO  c.gettingstarted.MyAlgoLogic - [MYALGO] option is present, number of active orders are 11
22:58:19.558 [main] INFO  c.container.Actioner - [ALGO] Actioner, sending action:CancelChildOrder(codingblackfemales.sotw.ChildOrder@4dbb42b7)
22:58:19.558 [main] INFO  c.sequencer.consumer.LoggingConsumer - [141] [CancelOrder](sbeTemplateId=5|sbeSchemaId=2|sbeSchemaVersion=0|sbeBlockLength=8):orderId=66
22:58:19.558 [main] INFO  c.gettingstarted.MyAlgoLogic - [MYALGO] The state of the order book is:
|----BID-----||----ASK----|
   101 @ 100    100 @ 98
   200 @ 110    200 @ 95
  5000 @ 115    300 @ 91
|------------||-----------|

22:58:19.558 [main] INFO  c.gettingstarted.MyAlgoLogic - [MYALGO] Algo Sees Book as: 
|----BID-----||----ASK----|
   101 @ 100    100 @ 98
   200 @ 110    200 @ 95
  5000 @ 115    300 @ 91
|------------||-----------|

22:58:19.558 [main] INFO  c.gettingstarted.MyAlgoLogic - [Sheza5] market monitor size is 0
22:58:19.558 [main] INFO  c.gettingstarted.MyAlgoLogic - [MYALGO] Initial quantity100 price 98
Current market monitor list is 
MYALGO- Current market monitor size is 0
22:58:19.558 [main] INFO  c.gettingstarted.TimedLogic - [TIMEDLOGIC] Market is open
22:58:19.558 [main] INFO  c.gettingstarted.MyAlgoLogic - [MYALGO] Have:10 children, want 5, done.
22:58:19.558 [main] INFO  c.gettingstarted.MyAlgoLogic - [MYALGO] active orders are 10
22:58:19.558 [main] INFO  c.gettingstarted.MyAlgoLogic - [MYALGO] Cancelling order:codingblackfemales.sotw.ChildOrder@66f57048
22:58:19.558 [main] INFO  c.gettingstarted.MyAlgoLogic - [MYALGO] option is present, number of active orders are 10
22:58:19.558 [main] INFO  c.container.Actioner - [ALGO] Actioner, sending action:CancelChildOrder(codingblackfemales.sotw.ChildOrder@66f57048)
22:58:19.558 [main] INFO  c.sequencer.consumer.LoggingConsumer - [142] [CancelOrder](sbeTemplateId=5|sbeSchemaId=2|sbeSchemaVersion=0|sbeBlockLength=8):orderId=67
22:58:19.558 [main] INFO  c.gettingstarted.MyAlgoLogic - [MYALGO] The state of the order book is:
|----BID-----||----ASK----|
   101 @ 100    100 @ 98
   200 @ 110    200 @ 95
  5000 @ 115    300 @ 91
|------------||-----------|

22:58:19.558 [main] INFO  c.gettingstarted.MyAlgoLogic - [MYALGO] Algo Sees Book as: 
|----BID-----||----ASK----|
   101 @ 100    100 @ 98
   200 @ 110    200 @ 95
  5000 @ 115    300 @ 91
|------------||-----------|

22:58:19.558 [main] INFO  c.gettingstarted.MyAlgoLogic - [Sheza5] market monitor size is 0
22:58:19.558 [main] INFO  c.gettingstarted.MyAlgoLogic - [MYALGO] Initial quantity100 price 98
Current market monitor list is 
MYALGO- Current market monitor size is 0
22:58:19.558 [main] INFO  c.gettingstarted.TimedLogic - [TIMEDLOGIC] Market is open
22:58:19.558 [main] INFO  c.gettingstarted.MyAlgoLogic - [MYALGO] Have:9 children, want 5, done.
22:58:19.558 [main] INFO  c.gettingstarted.MyAlgoLogic - [MYALGO] active orders are 9
22:58:19.558 [main] INFO  c.gettingstarted.MyAlgoLogic - [MYALGO] Cancelling order:codingblackfemales.sotw.ChildOrder@550dbc7a
22:58:19.558 [main] INFO  c.gettingstarted.MyAlgoLogic - [MYALGO] option is present, number of active orders are 9
22:58:19.558 [main] INFO  c.container.Actioner - [ALGO] Actioner, sending action:CancelChildOrder(codingblackfemales.sotw.ChildOrder@550dbc7a)
22:58:19.558 [main] INFO  c.sequencer.consumer.LoggingConsumer - [143] [CancelOrder](sbeTemplateId=5|sbeSchemaId=2|sbeSchemaVersion=0|sbeBlockLength=8):orderId=68
22:58:19.558 [main] INFO  c.gettingstarted.MyAlgoLogic - [MYALGO] The state of the order book is:
|----BID-----||----ASK----|
   101 @ 100    100 @ 98
   200 @ 110    200 @ 95
  5000 @ 115    300 @ 91
|------------||-----------|

22:58:19.558 [main] INFO  c.gettingstarted.MyAlgoLogic - [MYALGO] Algo Sees Book as: 
|----BID-----||----ASK----|
   101 @ 100    100 @ 98
   200 @ 110    200 @ 95
  5000 @ 115    300 @ 91
|------------||-----------|

22:58:19.558 [main] INFO  c.gettingstarted.MyAlgoLogic - [Sheza5] market monitor size is 0
22:58:19.558 [main] INFO  c.gettingstarted.MyAlgoLogic - [MYALGO] Initial quantity100 price 98
Current market monitor list is 
MYALGO- Current market monitor size is 0
22:58:19.558 [main] INFO  c.gettingstarted.TimedLogic - [TIMEDLOGIC] Market is open
22:58:19.558 [main] INFO  c.gettingstarted.MyAlgoLogic - [MYALGO] Have:8 children, want 5, done.
22:58:19.558 [main] INFO  c.gettingstarted.MyAlgoLogic - [MYALGO] active orders are 8
22:58:19.558 [main] INFO  c.gettingstarted.MyAlgoLogic - [MYALGO] Cancelling order:codingblackfemales.sotw.ChildOrder@21282ed8
22:58:19.558 [main] INFO  c.gettingstarted.MyAlgoLogic - [MYALGO] option is present, number of active orders are 8
22:58:19.558 [main] INFO  c.container.Actioner - [ALGO] Actioner, sending action:CancelChildOrder(codingblackfemales.sotw.ChildOrder@21282ed8)
22:58:19.558 [main] INFO  c.sequencer.consumer.LoggingConsumer - [144] [CancelOrder](sbeTemplateId=5|sbeSchemaId=2|sbeSchemaVersion=0|sbeBlockLength=8):orderId=69
22:58:19.558 [main] INFO  c.gettingstarted.MyAlgoLogic - [MYALGO] The state of the order book is:
|----BID-----||----ASK----|
   101 @ 100    100 @ 98
   200 @ 110    200 @ 95
  5000 @ 115    300 @ 91
|------------||-----------|

22:58:19.558 [main] INFO  c.gettingstarted.MyAlgoLogic - [MYALGO] Algo Sees Book as: 
|----BID-----||----ASK----|
   101 @ 100    100 @ 98
   200 @ 110    200 @ 95
  5000 @ 115    300 @ 91
|------------||-----------|

22:58:19.558 [main] INFO  c.gettingstarted.MyAlgoLogic - [Sheza5] market monitor size is 0
22:58:19.558 [main] INFO  c.gettingstarted.MyAlgoLogic - [MYALGO] Initial quantity100 price 98
Current market monitor list is 
MYALGO- Current market monitor size is 0
22:58:19.558 [main] INFO  c.gettingstarted.TimedLogic - [TIMEDLOGIC] Market is open
]]></system-out>
  </testcase>
</testsuite>