<?xml version="1.0" encoding="UTF-8"?>
<testsuite xmlns:xsi="http://www.w3.org/2001/XMLSchema-instance" xsi:noNamespaceSchemaLocation="https://maven.apache.org/surefire/maven-surefire-plugin/xsd/surefire-test-report-3.0.xsd" version="3.0" name="codingblackfemales.gettingstarted.MyAlgoBackTest" time="1.031" tests="1" errors="1" skipped="0" failures="0">
  <properties>
    <property name="java.specification.version" value="17"/>
    <property name="sun.cpu.isalist" value="amd64"/>
    <property name="sun.jnu.encoding" value="Cp1252"/>
    <property name="java.class.path" value="C:\Users\admin\Desktop\Sherelles Stuff\UBS-Assignments\finalCopy\codingblackfemales\algo-coding-exercise\getting-started\target\test-classes;C:\Users\admin\Desktop\Sherelles Stuff\UBS-Assignments\finalCopy\codingblackfemales\algo-coding-exercise\getting-started\target\classes;C:\Users\admin\Desktop\Sherelles Stuff\UBS-Assignments\finalCopy\codingblackfemales\algo-coding-exercise\algo\target\classes;C:\Users\admin\Desktop\Sherelles Stuff\UBS-Assignments\finalCopy\codingblackfemales\algo-coding-exercise\dictionary\target\classes;C:\Users\admin\.m2\repository\org\agrona\agrona\1.16.0\agrona-1.16.0.jar;C:\Users\admin\Desktop\Sherelles Stuff\UBS-Assignments\finalCopy\codingblackfemales\algo-coding-exercise\sequencer\target\classes;C:\Users\admin\.m2\repository\com\google\code\gson\gson\2.10.1\gson-2.10.1.jar;C:\Users\admin\.m2\repository\org\apache\commons\commons-lang3\3.12.0\commons-lang3-3.12.0.jar;C:\Users\admin\Desktop\Sherelles Stuff\UBS-Assignments\finalCopy\codingblackfemales\algo-coding-exercise\backtest\target\classes;C:\Users\admin\Desktop\Sherelles Stuff\UBS-Assignments\finalCopy\codingblackfemales\algo-coding-exercise\collection\target\classes;C:\Users\admin\Desktop\Sherelles Stuff\UBS-Assignments\finalCopy\codingblackfemales\algo-coding-exercise\sequencer\target\test-classes;C:\Users\admin\.m2\repository\junit\junit\4.11\junit-4.11.jar;C:\Users\admin\.m2\repository\org\hamcrest\hamcrest-core\1.3\hamcrest-core-1.3.jar;C:\Users\admin\.m2\repository\uk\co\real-logic\sbe-all\1.26.0\sbe-all-1.26.0.jar;C:\Users\admin\.m2\repository\org\mockito\mockito-core\5.4.0\mockito-core-5.4.0.jar;C:\Users\admin\.m2\repository\net\bytebuddy\byte-buddy\1.14.5\byte-buddy-1.14.5.jar;C:\Users\admin\.m2\repository\net\bytebuddy\byte-buddy-agent\1.14.5\byte-buddy-agent-1.14.5.jar;C:\Users\admin\.m2\repository\org\objenesis\objenesis\3.3\objenesis-3.3.jar;C:\Users\admin\.m2\repository\ch\qos\logback\logback-core\1.3.5\logback-core-1.3.5.jar;C:\Users\admin\.m2\repository\org\slf4j\slf4j-api\2.0.4\slf4j-api-2.0.4.jar;C:\Users\admin\.m2\repository\ch\qos\logback\logback-classic\1.3.5\logback-classic-1.3.5.jar;"/>
    <property name="java.vm.vendor" value="Oracle Corporation"/>
    <property name="sun.arch.data.model" value="64"/>
    <property name="user.variant" value=""/>
    <property name="java.vendor.url" value="https://java.oracle.com/"/>
    <property name="user.timezone" value="Europe/London"/>
    <property name="os.name" value="Windows 10"/>
    <property name="java.vm.specification.version" value="17"/>
    <property name="sun.java.launcher" value="SUN_STANDARD"/>
    <property name="user.country" value="GB"/>
    <property name="sun.boot.library.path" value="C:\Program Files\Java\jdk-17\bin"/>
    <property name="sun.java.command" value="C:\Users\admin\AppData\Local\Temp\surefire1857250464851318909\surefirebooter-20231005033842350_26.jar C:\Users\admin\AppData\Local\Temp\surefire1857250464851318909 2023-10-05T03-38-35_656-jvmRun1 surefire-20231005033842350_24tmp surefire_2-20231005033842350_25tmp"/>
    <property name="jdk.debug" value="release"/>
    <property name="surefire.test.class.path" value="C:\Users\admin\Desktop\Sherelles Stuff\UBS-Assignments\finalCopy\codingblackfemales\algo-coding-exercise\getting-started\target\test-classes;C:\Users\admin\Desktop\Sherelles Stuff\UBS-Assignments\finalCopy\codingblackfemales\algo-coding-exercise\getting-started\target\classes;C:\Users\admin\Desktop\Sherelles Stuff\UBS-Assignments\finalCopy\codingblackfemales\algo-coding-exercise\algo\target\classes;C:\Users\admin\Desktop\Sherelles Stuff\UBS-Assignments\finalCopy\codingblackfemales\algo-coding-exercise\dictionary\target\classes;C:\Users\admin\.m2\repository\org\agrona\agrona\1.16.0\agrona-1.16.0.jar;C:\Users\admin\Desktop\Sherelles Stuff\UBS-Assignments\finalCopy\codingblackfemales\algo-coding-exercise\sequencer\target\classes;C:\Users\admin\.m2\repository\com\google\code\gson\gson\2.10.1\gson-2.10.1.jar;C:\Users\admin\.m2\repository\org\apache\commons\commons-lang3\3.12.0\commons-lang3-3.12.0.jar;C:\Users\admin\Desktop\Sherelles Stuff\UBS-Assignments\finalCopy\codingblackfemales\algo-coding-exercise\backtest\target\classes;C:\Users\admin\Desktop\Sherelles Stuff\UBS-Assignments\finalCopy\codingblackfemales\algo-coding-exercise\collection\target\classes;C:\Users\admin\Desktop\Sherelles Stuff\UBS-Assignments\finalCopy\codingblackfemales\algo-coding-exercise\sequencer\target\test-classes;C:\Users\admin\.m2\repository\junit\junit\4.11\junit-4.11.jar;C:\Users\admin\.m2\repository\org\hamcrest\hamcrest-core\1.3\hamcrest-core-1.3.jar;C:\Users\admin\.m2\repository\uk\co\real-logic\sbe-all\1.26.0\sbe-all-1.26.0.jar;C:\Users\admin\.m2\repository\org\mockito\mockito-core\5.4.0\mockito-core-5.4.0.jar;C:\Users\admin\.m2\repository\net\bytebuddy\byte-buddy\1.14.5\byte-buddy-1.14.5.jar;C:\Users\admin\.m2\repository\net\bytebuddy\byte-buddy-agent\1.14.5\byte-buddy-agent-1.14.5.jar;C:\Users\admin\.m2\repository\org\objenesis\objenesis\3.3\objenesis-3.3.jar;C:\Users\admin\.m2\repository\ch\qos\logback\logback-core\1.3.5\logback-core-1.3.5.jar;C:\Users\admin\.m2\repository\org\slf4j\slf4j-api\2.0.4\slf4j-api-2.0.4.jar;C:\Users\admin\.m2\repository\ch\qos\logback\logback-classic\1.3.5\logback-classic-1.3.5.jar;"/>
    <property name="sun.cpu.endian" value="little"/>
    <property name="user.home" value="C:\Users\admin"/>
    <property name="user.language" value="en"/>
    <property name="java.specification.vendor" value="Oracle Corporation"/>
    <property name="java.version.date" value="2023-04-18"/>
    <property name="java.home" value="C:\Program Files\Java\jdk-17"/>
    <property name="file.separator" value="\"/>
    <property name="basedir" value="C:\Users\admin\Desktop\Sherelles Stuff\UBS-Assignments\finalCopy\codingblackfemales\algo-coding-exercise\getting-started"/>
    <property name="java.vm.compressedOopsMode" value="Zero based"/>
    <property name="line.separator" value="&#10;"/>
    <property name="java.vm.specification.vendor" value="Oracle Corporation"/>
    <property name="java.specification.name" value="Java Platform API Specification"/>
    <property name="surefire.real.class.path" value="C:\Users\admin\AppData\Local\Temp\surefire1857250464851318909\surefirebooter-20231005033842350_26.jar"/>
    <property name="user.script" value=""/>
    <property name="sun.management.compiler" value="HotSpot 64-Bit Tiered Compilers"/>
    <property name="java.runtime.version" value="17.0.7+8-LTS-224"/>
    <property name="user.name" value="admin"/>
    <property name="path.separator" value=";"/>
    <property name="os.version" value="10.0"/>
    <property name="java.runtime.name" value="Java(TM) SE Runtime Environment"/>
    <property name="file.encoding" value="Cp1252"/>
    <property name="java.vm.name" value="Java HotSpot(TM) 64-Bit Server VM"/>
    <property name="localRepository" value="C:\Users\admin\.m2\repository"/>
    <property name="java.vendor.url.bug" value="https://bugreport.java.com/bugreport/"/>
    <property name="java.io.tmpdir" value="C:\Users\admin\AppData\Local\Temp\"/>
    <property name="java.version" value="17.0.7"/>
    <property name="user.dir" value="C:\Users\admin\Desktop\Sherelles Stuff\UBS-Assignments\finalCopy\codingblackfemales\algo-coding-exercise\getting-started"/>
    <property name="os.arch" value="amd64"/>
    <property name="java.vm.specification.name" value="Java Virtual Machine Specification"/>
    <property name="sun.os.patch.level" value=""/>
    <property name="native.encoding" value="Cp1252"/>
    <property name="java.library.path" value="C:\Program Files\Java\jdk-17\bin;C:\WINDOWS\Sun\Java\bin;C:\WINDOWS\system32;C:\WINDOWS;C:\Program Files\Common Files\Oracle\Java\javapath;C:\WINDOWS\system32;C:\WINDOWS;C:\WINDOWS\System32\Wbem;C:\WINDOWS\System32\WindowsPowerShell\v1.0\;C:\WINDOWS\System32\OpenSSH\;C:\Program Files\dotnet\;C:\Program Files (x86)\Intel\Intel(R) Management Engine Components\DAL;C:\Program Files\Intel\Intel(R) Management Engine Components\DAL;C:\Program Files (x86)\NVIDIA Corporation\PhysX\Common;C:\Program Files\Git\cmd;C:\Program Files\apache-maven-3.9.4\bin;C:\Users\admin\AppData\Local\Microsoft\WindowsApps;;C:\Users\admin\AppData\Local\Programs\Microsoft VS Code\bin;."/>
    <property name="java.vm.info" value="mixed mode, sharing"/>
    <property name="java.vendor" value="Oracle Corporation"/>
    <property name="java.vm.version" value="17.0.7+8-LTS-224"/>
    <property name="sun.io.unicode.encoding" value="UnicodeLittle"/>
    <property name="java.class.version" value="61.0"/>
  </properties>
  <testcase name="testExampleBackTest" classname="codingblackfemales.gettingstarted.MyAlgoBackTest" time="0.107">
    <error message="Cannot read field &quot;quantity&quot; because &quot;level&quot; is null" type="java.lang.NullPointerException"><![CDATA[java.lang.NullPointerException: Cannot read field "quantity" because "level" is null
	at codingblackfemales.util.Util.orderBookToString(Util.java:36)
	at codingblackfemales.gettingstarted.MyAlgoLogic.evaluate(MyAlgoLogic.java:38)
	at codingblackfemales.container.AlgoContainer.runAlgoLogic(AlgoContainer.java:57)
	at codingblackfemales.container.AlgoContainer.onMessage(AlgoContainer.java:49)
	at codingblackfemales.sequencer.net.TestNetwork.dispatch(TestNetwork.java:15)
	at codingblackfemales.sequencer.DefaultSequencer.dispatchToNetwork(DefaultSequencer.java:95)
	at codingblackfemales.sequencer.DefaultSequencer.sequenceAndDispatchMessage(DefaultSequencer.java:91)
	at codingblackfemales.sequencer.DefaultSequencer.onCommand(DefaultSequencer.java:50)
	at codingblackfemales.orderbook.channel.MarketDataChannel.publish(MarketDataChannel.java:20)
	at codingblackfemales.orderbook.OrderBook.publishBook(OrderBook.java:188)
	at codingblackfemales.orderbook.OrderBook.onLimitOrder(OrderBook.java:174)
	at codingblackfemales.orderbook.consumer.OrderBookInboundOrderConsumer.onCreateOrder(OrderBookInboundOrderConsumer.java:24)
	at codingblackfemales.sequencer.event.OrderEventListener.onMessage(OrderEventListener.java:33)
	at codingblackfemales.sequencer.net.TestNetwork.dispatch(TestNetwork.java:15)
	at codingblackfemales.sequencer.DefaultSequencer.dispatchToNetwork(DefaultSequencer.java:95)
	at codingblackfemales.sequencer.DefaultSequencer.sequenceAndDispatchMessage(DefaultSequencer.java:91)
	at codingblackfemales.sequencer.DefaultSequencer.onCommand(DefaultSequencer.java:47)
	at codingblackfemales.action.CreateChildOrder.apply(CreateChildOrder.java:47)
	at codingblackfemales.container.Actioner.processAction(Actioner.java:20)
	at codingblackfemales.container.AlgoContainer.runAlgoLogic(AlgoContainer.java:62)
	at codingblackfemales.container.AlgoContainer.onMessage(AlgoContainer.java:49)
	at codingblackfemales.sequencer.net.TestNetwork.dispatch(TestNetwork.java:15)
	at codingblackfemales.sequencer.DefaultSequencer.dispatchToNetwork(DefaultSequencer.java:95)
	at codingblackfemales.sequencer.DefaultSequencer.sequenceAndDispatchMessage(DefaultSequencer.java:91)
	at codingblackfemales.sequencer.DefaultSequencer.onCommand(DefaultSequencer.java:50)
	at codingblackfemales.orderbook.channel.OrderChannel.publishFill(OrderChannel.java:40)
	at codingblackfemales.orderbook.visitor.MutatingMatchOneOrderVisitor.publishFill(MutatingMatchOneOrderVisitor.java:79)
	at codingblackfemales.orderbook.visitor.MutatingMatchOneOrderVisitor.visitOrder(MutatingMatchOneOrderVisitor.java:52)
	at codingblackfemales.orderbook.order.DefaultOrderFlyweight.accept(DefaultOrderFlyweight.java:12)
	at codingblackfemales.orderbook.OrderBookLevel.accept(OrderBookLevel.java:67)
	at codingblackfemales.orderbook.OrderBookSide.visitOneLevel(OrderBookSide.java:67)
	at codingblackfemales.orderbook.OrderBookSide.accept(OrderBookSide.java:42)
	at codingblackfemales.orderbook.OrderBook.matchOrder(OrderBook.java:142)
	at codingblackfemales.orderbook.OrderBook.onLimitOrder(OrderBook.java:169)
	at codingblackfemales.orderbook.consumer.OrderBookInboundOrderConsumer.onCreateOrder(OrderBookInboundOrderConsumer.java:24)
	at codingblackfemales.sequencer.event.OrderEventListener.onMessage(OrderEventListener.java:33)
	at codingblackfemales.sequencer.net.TestNetwork.dispatch(TestNetwork.java:15)
	at codingblackfemales.sequencer.DefaultSequencer.dispatchToNetwork(DefaultSequencer.java:95)
	at codingblackfemales.sequencer.DefaultSequencer.sequenceAndDispatchMessage(DefaultSequencer.java:91)
	at codingblackfemales.sequencer.DefaultSequencer.onCommand(DefaultSequencer.java:47)
	at codingblackfemales.action.CreateChildOrder.apply(CreateChildOrder.java:47)
	at codingblackfemales.container.Actioner.processAction(Actioner.java:20)
	at codingblackfemales.container.AlgoContainer.runAlgoLogic(AlgoContainer.java:62)
	at codingblackfemales.container.AlgoContainer.onMessage(AlgoContainer.java:49)
	at codingblackfemales.sequencer.net.TestNetwork.dispatch(TestNetwork.java:15)
	at codingblackfemales.sequencer.DefaultSequencer.dispatchToNetwork(DefaultSequencer.java:95)
	at codingblackfemales.sequencer.DefaultSequencer.sequenceAndDispatchMessage(DefaultSequencer.java:91)
	at codingblackfemales.sequencer.DefaultSequencer.onCommand(DefaultSequencer.java:50)
	at codingblackfemales.orderbook.channel.MarketDataChannel.publish(MarketDataChannel.java:20)
	at codingblackfemales.orderbook.OrderBook.publishBook(OrderBook.java:188)
	at codingblackfemales.orderbook.OrderBook.onLimitOrder(OrderBook.java:174)
	at codingblackfemales.orderbook.consumer.OrderBookInboundOrderConsumer.onCreateOrder(OrderBookInboundOrderConsumer.java:24)
	at codingblackfemales.sequencer.event.OrderEventListener.onMessage(OrderEventListener.java:33)
	at codingblackfemales.sequencer.net.TestNetwork.dispatch(TestNetwork.java:15)
	at codingblackfemales.sequencer.DefaultSequencer.dispatchToNetwork(DefaultSequencer.java:95)
	at codingblackfemales.sequencer.DefaultSequencer.sequenceAndDispatchMessage(DefaultSequencer.java:91)
	at codingblackfemales.sequencer.DefaultSequencer.onCommand(DefaultSequencer.java:47)
	at codingblackfemales.action.CreateChildOrder.apply(CreateChildOrder.java:47)
	at codingblackfemales.container.Actioner.processAction(Actioner.java:20)
	at codingblackfemales.container.AlgoContainer.runAlgoLogic(AlgoContainer.java:62)
	at codingblackfemales.container.AlgoContainer.onMessage(AlgoContainer.java:49)
	at codingblackfemales.sequencer.net.TestNetwork.dispatch(TestNetwork.java:15)
	at codingblackfemales.sequencer.DefaultSequencer.dispatchToNetwork(DefaultSequencer.java:95)
	at codingblackfemales.sequencer.DefaultSequencer.sequenceAndDispatchMessage(DefaultSequencer.java:91)
	at codingblackfemales.sequencer.DefaultSequencer.onCommand(DefaultSequencer.java:50)
	at codingblackfemales.orderbook.channel.OrderChannel.publishFill(OrderChannel.java:40)
	at codingblackfemales.orderbook.visitor.MutatingMatchOneOrderVisitor.publishFill(MutatingMatchOneOrderVisitor.java:79)
	at codingblackfemales.orderbook.visitor.MutatingMatchOneOrderVisitor.visitOrder(MutatingMatchOneOrderVisitor.java:52)
	at codingblackfemales.orderbook.order.DefaultOrderFlyweight.accept(DefaultOrderFlyweight.java:12)
	at codingblackfemales.orderbook.OrderBookLevel.accept(OrderBookLevel.java:67)
	at codingblackfemales.orderbook.OrderBookSide.visitOneLevel(OrderBookSide.java:67)
	at codingblackfemales.orderbook.OrderBookSide.accept(OrderBookSide.java:42)
	at codingblackfemales.orderbook.OrderBook.matchOrder(OrderBook.java:142)
	at codingblackfemales.orderbook.OrderBook.onLimitOrder(OrderBook.java:169)
	at codingblackfemales.orderbook.consumer.OrderBookInboundOrderConsumer.onCreateOrder(OrderBookInboundOrderConsumer.java:24)
	at codingblackfemales.sequencer.event.OrderEventListener.onMessage(OrderEventListener.java:33)
	at codingblackfemales.sequencer.net.TestNetwork.dispatch(TestNetwork.java:15)
	at codingblackfemales.sequencer.DefaultSequencer.dispatchToNetwork(DefaultSequencer.java:95)
	at codingblackfemales.sequencer.DefaultSequencer.sequenceAndDispatchMessage(DefaultSequencer.java:91)
	at codingblackfemales.sequencer.DefaultSequencer.onCommand(DefaultSequencer.java:47)
	at codingblackfemales.action.CreateChildOrder.apply(CreateChildOrder.java:47)
	at codingblackfemales.container.Actioner.processAction(Actioner.java:20)
	at codingblackfemales.container.AlgoContainer.runAlgoLogic(AlgoContainer.java:62)
	at codingblackfemales.container.AlgoContainer.onMessage(AlgoContainer.java:49)
	at codingblackfemales.sequencer.net.TestNetwork.dispatch(TestNetwork.java:15)
	at codingblackfemales.sequencer.DefaultSequencer.dispatchToNetwork(DefaultSequencer.java:95)
	at codingblackfemales.sequencer.DefaultSequencer.sequenceAndDispatchMessage(DefaultSequencer.java:91)
	at codingblackfemales.sequencer.DefaultSequencer.onCommand(DefaultSequencer.java:50)
	at codingblackfemales.orderbook.channel.MarketDataChannel.publish(MarketDataChannel.java:20)
	at codingblackfemales.orderbook.OrderBook.publishBook(OrderBook.java:188)
	at codingblackfemales.orderbook.OrderBook.onLimitOrder(OrderBook.java:174)
	at codingblackfemales.orderbook.consumer.OrderBookInboundOrderConsumer.onCreateOrder(OrderBookInboundOrderConsumer.java:24)
	at codingblackfemales.sequencer.event.OrderEventListener.onMessage(OrderEventListener.java:33)
	at codingblackfemales.sequencer.net.TestNetwork.dispatch(TestNetwork.java:15)
	at codingblackfemales.sequencer.DefaultSequencer.dispatchToNetwork(DefaultSequencer.java:95)
	at codingblackfemales.sequencer.DefaultSequencer.sequenceAndDispatchMessage(DefaultSequencer.java:91)
	at codingblackfemales.sequencer.DefaultSequencer.onCommand(DefaultSequencer.java:47)
	at codingblackfemales.action.CreateChildOrder.apply(CreateChildOrder.java:47)
	at codingblackfemales.container.Actioner.processAction(Actioner.java:20)
	at codingblackfemales.container.AlgoContainer.runAlgoLogic(AlgoContainer.java:62)
	at codingblackfemales.container.AlgoContainer.onMessage(AlgoContainer.java:49)
	at codingblackfemales.sequencer.net.TestNetwork.dispatch(TestNetwork.java:15)
	at codingblackfemales.sequencer.DefaultSequencer.dispatchToNetwork(DefaultSequencer.java:95)
	at codingblackfemales.sequencer.DefaultSequencer.sequenceAndDispatchMessage(DefaultSequencer.java:91)
	at codingblackfemales.sequencer.DefaultSequencer.onCommand(DefaultSequencer.java:50)
	at codingblackfemales.orderbook.channel.OrderChannel.publishFill(OrderChannel.java:40)
	at codingblackfemales.orderbook.visitor.MutatingMatchOneOrderVisitor.publishFill(MutatingMatchOneOrderVisitor.java:79)
	at codingblackfemales.orderbook.visitor.MutatingMatchOneOrderVisitor.visitOrder(MutatingMatchOneOrderVisitor.java:52)
	at codingblackfemales.orderbook.order.DefaultOrderFlyweight.accept(DefaultOrderFlyweight.java:12)
	at codingblackfemales.orderbook.OrderBookLevel.accept(OrderBookLevel.java:67)
	at codingblackfemales.orderbook.OrderBookSide.visitOneLevel(OrderBookSide.java:67)
	at codingblackfemales.orderbook.OrderBookSide.accept(OrderBookSide.java:42)
	at codingblackfemales.orderbook.OrderBook.matchOrder(OrderBook.java:142)
	at codingblackfemales.orderbook.OrderBook.onLimitOrder(OrderBook.java:169)
	at codingblackfemales.orderbook.consumer.OrderBookInboundOrderConsumer.onCreateOrder(OrderBookInboundOrderConsumer.java:24)
	at codingblackfemales.sequencer.event.OrderEventListener.onMessage(OrderEventListener.java:33)
	at codingblackfemales.sequencer.net.TestNetwork.dispatch(TestNetwork.java:15)
	at codingblackfemales.sequencer.DefaultSequencer.dispatchToNetwork(DefaultSequencer.java:95)
	at codingblackfemales.sequencer.DefaultSequencer.sequenceAndDispatchMessage(DefaultSequencer.java:91)
	at codingblackfemales.sequencer.DefaultSequencer.onCommand(DefaultSequencer.java:47)
	at codingblackfemales.action.CreateChildOrder.apply(CreateChildOrder.java:47)
	at codingblackfemales.container.Actioner.processAction(Actioner.java:20)
	at codingblackfemales.container.AlgoContainer.runAlgoLogic(AlgoContainer.java:62)
	at codingblackfemales.container.AlgoContainer.onMessage(AlgoContainer.java:49)
	at codingblackfemales.sequencer.net.TestNetwork.dispatch(TestNetwork.java:15)
	at codingblackfemales.sequencer.DefaultSequencer.dispatchToNetwork(DefaultSequencer.java:95)
	at codingblackfemales.sequencer.DefaultSequencer.sequenceAndDispatchMessage(DefaultSequencer.java:91)
	at codingblackfemales.sequencer.DefaultSequencer.onCommand(DefaultSequencer.java:50)
	at codingblackfemales.orderbook.channel.MarketDataChannel.publish(MarketDataChannel.java:20)
	at codingblackfemales.orderbook.OrderBook.publishBook(OrderBook.java:188)
	at codingblackfemales.orderbook.OrderBook.onLimitOrder(OrderBook.java:174)
	at codingblackfemales.orderbook.consumer.OrderBookInboundOrderConsumer.onCreateOrder(OrderBookInboundOrderConsumer.java:24)
	at codingblackfemales.sequencer.event.OrderEventListener.onMessage(OrderEventListener.java:33)
	at codingblackfemales.sequencer.net.TestNetwork.dispatch(TestNetwork.java:15)
	at codingblackfemales.sequencer.DefaultSequencer.dispatchToNetwork(DefaultSequencer.java:95)
	at codingblackfemales.sequencer.DefaultSequencer.sequenceAndDispatchMessage(DefaultSequencer.java:91)
	at codingblackfemales.sequencer.DefaultSequencer.onCommand(DefaultSequencer.java:47)
	at codingblackfemales.action.CreateChildOrder.apply(CreateChildOrder.java:47)
	at codingblackfemales.container.Actioner.processAction(Actioner.java:20)
	at codingblackfemales.container.AlgoContainer.runAlgoLogic(AlgoContainer.java:62)
	at codingblackfemales.container.AlgoContainer.onMessage(AlgoContainer.java:49)
	at codingblackfemales.sequencer.net.TestNetwork.dispatch(TestNetwork.java:15)
	at codingblackfemales.sequencer.DefaultSequencer.dispatchToNetwork(DefaultSequencer.java:95)
	at codingblackfemales.sequencer.DefaultSequencer.sequenceAndDispatchMessage(DefaultSequencer.java:91)
	at codingblackfemales.sequencer.DefaultSequencer.onCommand(DefaultSequencer.java:50)
	at codingblackfemales.orderbook.channel.OrderChannel.publishFill(OrderChannel.java:40)
	at codingblackfemales.orderbook.visitor.MutatingMatchOneOrderVisitor.publishFill(MutatingMatchOneOrderVisitor.java:79)
	at codingblackfemales.orderbook.visitor.MutatingMatchOneOrderVisitor.visitOrder(MutatingMatchOneOrderVisitor.java:52)
	at codingblackfemales.orderbook.order.DefaultOrderFlyweight.accept(DefaultOrderFlyweight.java:12)
	at codingblackfemales.orderbook.OrderBookLevel.accept(OrderBookLevel.java:67)
	at codingblackfemales.orderbook.OrderBookSide.visitOneLevel(OrderBookSide.java:67)
	at codingblackfemales.orderbook.OrderBookSide.accept(OrderBookSide.java:42)
	at codingblackfemales.orderbook.OrderBook.matchOrder(OrderBook.java:142)
	at codingblackfemales.orderbook.OrderBook.onLimitOrder(OrderBook.java:169)
	at codingblackfemales.orderbook.consumer.OrderBookInboundOrderConsumer.onCreateOrder(OrderBookInboundOrderConsumer.java:24)
	at codingblackfemales.sequencer.event.OrderEventListener.onMessage(OrderEventListener.java:33)
	at codingblackfemales.sequencer.net.TestNetwork.dispatch(TestNetwork.java:15)
	at codingblackfemales.sequencer.DefaultSequencer.dispatchToNetwork(DefaultSequencer.java:95)
	at codingblackfemales.sequencer.DefaultSequencer.sequenceAndDispatchMessage(DefaultSequencer.java:91)
	at codingblackfemales.sequencer.DefaultSequencer.onCommand(DefaultSequencer.java:47)
	at codingblackfemales.action.CreateChildOrder.apply(CreateChildOrder.java:47)
	at codingblackfemales.container.Actioner.processAction(Actioner.java:20)
	at codingblackfemales.container.AlgoContainer.runAlgoLogic(AlgoContainer.java:62)
	at codingblackfemales.container.AlgoContainer.onMessage(AlgoContainer.java:49)
	at codingblackfemales.sequencer.net.TestNetwork.dispatch(TestNetwork.java:15)
	at codingblackfemales.sequencer.DefaultSequencer.dispatchToNetwork(DefaultSequencer.java:95)
	at codingblackfemales.sequencer.DefaultSequencer.sequenceAndDispatchMessage(DefaultSequencer.java:91)
	at codingblackfemales.sequencer.DefaultSequencer.onCommand(DefaultSequencer.java:50)
	at codingblackfemales.sequencer.marketdata.SequencerTestCase.send(SequencerTestCase.java:17)
	at codingblackfemales.gettingstarted.MyAlgoBackTest.testExampleBackTest(MyAlgoBackTest.java:41)
	at java.base/jdk.internal.reflect.NativeMethodAccessorImpl.invoke0(Native Method)
	at java.base/jdk.internal.reflect.NativeMethodAccessorImpl.invoke(NativeMethodAccessorImpl.java:77)
	at java.base/jdk.internal.reflect.DelegatingMethodAccessorImpl.invoke(DelegatingMethodAccessorImpl.java:43)
	at java.base/java.lang.reflect.Method.invoke(Method.java:568)
	at org.junit.runners.model.FrameworkMethod$1.runReflectiveCall(FrameworkMethod.java:47)
	at org.junit.internal.runners.model.ReflectiveCallable.run(ReflectiveCallable.java:12)
	at org.junit.runners.model.FrameworkMethod.invokeExplosively(FrameworkMethod.java:44)
	at org.junit.internal.runners.statements.InvokeMethod.evaluate(InvokeMethod.java:17)
	at org.junit.runners.ParentRunner.runLeaf(ParentRunner.java:271)
	at org.junit.runners.BlockJUnit4ClassRunner.runChild(BlockJUnit4ClassRunner.java:70)
	at org.junit.runners.BlockJUnit4ClassRunner.runChild(BlockJUnit4ClassRunner.java:50)
	at org.junit.runners.ParentRunner$3.run(ParentRunner.java:238)
	at org.junit.runners.ParentRunner$1.schedule(ParentRunner.java:63)
	at org.junit.runners.ParentRunner.runChildren(ParentRunner.java:236)
	at org.junit.runners.ParentRunner.access$000(ParentRunner.java:53)
	at org.junit.runners.ParentRunner$2.evaluate(ParentRunner.java:229)
	at org.junit.runners.ParentRunner.run(ParentRunner.java:309)
	at org.apache.maven.surefire.junit4.JUnit4Provider.execute(JUnit4Provider.java:316)
	at org.apache.maven.surefire.junit4.JUnit4Provider.executeWithRerun(JUnit4Provider.java:240)
	at org.apache.maven.surefire.junit4.JUnit4Provider.executeTestSet(JUnit4Provider.java:214)
	at org.apache.maven.surefire.junit4.JUnit4Provider.invoke(JUnit4Provider.java:155)
	at org.apache.maven.surefire.booter.ForkedBooter.runSuitesInProcess(ForkedBooter.java:385)
	at org.apache.maven.surefire.booter.ForkedBooter.execute(ForkedBooter.java:162)
	at org.apache.maven.surefire.booter.ForkedBooter.run(ForkedBooter.java:507)
	at org.apache.maven.surefire.booter.ForkedBooter.main(ForkedBooter.java:495)
]]></error>
    <system-out><![CDATA[03:38:43.662 [main] INFO  c.sequencer.consumer.LoggingConsumer - [1] 
|----BID-----|
    100 @ 98
    200 @ 95
    300 @ 91
|----ASK-----|
   101 @ 100
   200 @ 110
  5000 @ 115
  5600 @ 119

03:38:43.667 [main] INFO  c.orderbook.OrderBook - [ORDERBOOK] Processing Mkt Data Update
03:38:43.669 [main] DEBUG c.orderbook.OrderBook - [ORDERBOOK] ASK: Adding orderMktData(price=98,quantity=100)
03:38:43.669 [main] DEBUG c.orderbook.OrderBook - [ORDERBOOK] ASK: Adding orderMktData(price=95,quantity=200)
03:38:43.669 [main] DEBUG c.orderbook.OrderBook - [ORDERBOOK] ASK: Adding orderMktData(price=91,quantity=300)
03:38:43.670 [main] DEBUG c.orderbook.OrderBook - [ORDERBOOK] ASK: Adding orderMktData(price=100,quantity=101)
03:38:43.670 [main] DEBUG c.orderbook.OrderBook - [ORDERBOOK] ASK: Adding orderMktData(price=110,quantity=200)
03:38:43.670 [main] DEBUG c.orderbook.OrderBook - [ORDERBOOK] ASK: Adding orderMktData(price=115,quantity=5000)
03:38:43.670 [main] DEBUG c.orderbook.OrderBook - [ORDERBOOK] ASK: Adding orderMktData(price=119,quantity=5600)
03:38:43.670 [main] DEBUG c.service.MarketDataService - [ALGO] BID: price:98 quantity:100
03:38:43.670 [main] DEBUG c.service.MarketDataService - [ALGO] BID: price:95 quantity:200
03:38:43.670 [main] DEBUG c.service.MarketDataService - [ALGO] BID: price:91 quantity:300
03:38:43.671 [main] DEBUG c.service.MarketDataService - [ALGO] ASK: price:100 quantity:101
03:38:43.671 [main] DEBUG c.service.MarketDataService - [ALGO] ASK: price:110 quantity:200
03:38:43.671 [main] DEBUG c.service.MarketDataService - [ALGO] ASK: price:115 quantity:5000
03:38:43.671 [main] DEBUG c.service.MarketDataService - [ALGO] ASK: price:119 quantity:5600
03:38:43.676 [main] INFO  c.gettingstarted.MyAlgoLogic - [MYALGO] The state of the order book is:
|----BID-----||----ASK----|
    100 @ 98   101 @ 100
    200 @ 95   200 @ 110
    300 @ 91  5000 @ 115
          -   5600 @ 119
|------------||-----------|

03:38:43.678 [main] INFO  c.gettingstarted.MyAlgoLogic - [MYALGO] Algo Sees Book as: 
|----BID-----||----ASK----|
    100 @ 98   101 @ 100
    200 @ 95   200 @ 110
    300 @ 91  5000 @ 115
          -   5600 @ 119
|------------||-----------|

03:38:43.680 [main] INFO  c.gettingstarted.MyAlgoLogic - [MYALGO] Initial quantity101 price 100
03:38:43.681 [main] INFO  c.gettingstarted.TimedLogic - [TIMEDLOGIC] Market is open
03:38:43.683 [main] INFO  c.gettingstarted.MyAlgoLogic - [MYALGO] Adding order for101@100
03:38:43.683 [main] INFO  c.gettingstarted.MyAlgoLogic - [Sheza6] markets monitor size is 0
03:38:43.699 [main] INFO  c.container.Actioner - [ALGO] Actioner, sending action:CreateChildOrder(side=BUY,quantity=101,price=100)
03:38:43.700 [main] INFO  c.sequencer.consumer.LoggingConsumer - [2] [CreateOrder](sbeTemplateId=4|sbeSchemaId=2|sbeSchemaVersion=0|sbeBlockLength=33):instrumentId=0|price=100|quantity=101|side=BUY|orderId=2
03:38:43.703 [main] INFO  c.o.v.MutatingMatchOneOrderVisitor - [ORDERBOOK] visiting LevelOrderBookLevel(price=100,quantity=101)
03:38:43.708 [main] INFO  c.o.v.MutatingMatchOneOrderVisitor - [ORDERBOOK] Have found order we can match:MktData(price=100,quantity=101)(Limit(side=BUY,orderId=2,price=100,quantity=101))
03:38:43.711 [main] INFO  c.o.v.MutatingMatchOneOrderVisitor - [ORDERBOOK] Filled 101@100 for order:Limit(side=BUY,orderId=2,price=100,quantity=101)
03:38:43.713 [main] INFO  c.orderbook.channel.OrderChannel - [ORDERBOOK] publishing fill to stream: [FillOrder](sbeTemplateId=10|sbeSchemaId=2|sbeSchemaVersion=0|sbeBlockLength=24):orderId=2|quantity=101|price=100
03:38:43.713 [main] INFO  c.sequencer.consumer.LoggingConsumer - [3] [FillOrder](sbeTemplateId=10|sbeSchemaId=2|sbeSchemaVersion=0|sbeBlockLength=24):orderId=2|quantity=101|price=100
03:38:43.716 [main] INFO  c.gettingstarted.MyAlgoLogic - [MYALGO] The state of the order book is:
|----BID-----||----ASK----|
    100 @ 98   101 @ 100
    200 @ 95   200 @ 110
    300 @ 91  5000 @ 115
          -   5600 @ 119
|------------||-----------|

03:38:43.717 [main] INFO  c.gettingstarted.MyAlgoLogic - [MYALGO] Algo Sees Book as: 
|----BID-----||----ASK----|
    100 @ 98   101 @ 100
    200 @ 95   200 @ 110
    300 @ 91  5000 @ 115
          -   5600 @ 119
|------------||-----------|

03:38:43.717 [main] INFO  c.gettingstarted.MyAlgoLogic - [MYALGO] Initial quantity101 price 100
03:38:43.717 [main] INFO  c.gettingstarted.TimedLogic - [TIMEDLOGIC] Market is open
03:38:43.717 [main] INFO  c.gettingstarted.MyAlgoLogic - [MYALGO] Adding order for101@100
03:38:43.718 [main] INFO  c.gettingstarted.MyAlgoLogic - [Sheza6] markets monitor size is 0
03:38:43.718 [main] INFO  c.container.Actioner - [ALGO] Actioner, sending action:CreateChildOrder(side=BUY,quantity=101,price=100)
03:38:43.718 [main] INFO  c.sequencer.consumer.LoggingConsumer - [4] [CreateOrder](sbeTemplateId=4|sbeSchemaId=2|sbeSchemaVersion=0|sbeBlockLength=33):instrumentId=0|price=100|quantity=101|side=BUY|orderId=3
03:38:43.718 [main] INFO  c.orderbook.OrderBook - [ORDERBOOK] Adding passive limit order to BID bookLimit(side=BUY,orderId=3,price=100,quantity=101)
03:38:43.718 [main] DEBUG c.o.v.ReadOnlyMarketDataChannelPublishVisitor - Bid Side Size: 3
03:38:43.719 [main] DEBUG c.o.v.ReadOnlyMarketDataChannelPublishVisitor - Adding Mkt Data Msg BID: Price=98 Qty=100
03:38:43.719 [main] DEBUG c.o.v.ReadOnlyMarketDataChannelPublishVisitor - Adding Mkt Data Msg BID: Price=95 Qty=200
03:38:43.719 [main] DEBUG c.o.v.ReadOnlyMarketDataChannelPublishVisitor - Adding Mkt Data Msg BID: Price=91 Qty=300
03:38:43.719 [main] DEBUG c.o.v.ReadOnlyMarketDataChannelPublishVisitor - Ask Side Size: 3
03:38:43.719 [main] DEBUG c.o.v.ReadOnlyMarketDataChannelPublishVisitor - Adding Mkt Data Msg ASK: Price=110 Qty=200
03:38:43.719 [main] DEBUG c.o.v.ReadOnlyMarketDataChannelPublishVisitor - Adding Mkt Data Msg ASK: Price=115 Qty=5000
03:38:43.719 [main] DEBUG c.o.v.ReadOnlyMarketDataChannelPublishVisitor - Adding Mkt Data Msg ASK: Price=119 Qty=5600
03:38:43.719 [main] INFO  c.o.channel.MarketDataChannel - [ORDERBOOK] Sending market data update...
03:38:43.720 [main] INFO  c.sequencer.consumer.LoggingConsumer - [5] 
|----BID-----|
    100 @ 98
    200 @ 95
    300 @ 91
|----ASK-----|
   200 @ 110
  5000 @ 115
  5600 @ 119

03:38:43.720 [main] DEBUG c.service.MarketDataService - [ALGO] BID: price:98 quantity:100
03:38:43.720 [main] DEBUG c.service.MarketDataService - [ALGO] BID: price:95 quantity:200
03:38:43.720 [main] DEBUG c.service.MarketDataService - [ALGO] BID: price:91 quantity:300
03:38:43.720 [main] DEBUG c.service.MarketDataService - [ALGO] ASK: price:110 quantity:200
03:38:43.720 [main] DEBUG c.service.MarketDataService - [ALGO] ASK: price:115 quantity:5000
03:38:43.720 [main] DEBUG c.service.MarketDataService - [ALGO] ASK: price:119 quantity:5600
03:38:43.721 [main] INFO  c.gettingstarted.MyAlgoLogic - [MYALGO] The state of the order book is:
|----BID-----||----ASK----|
    100 @ 98   200 @ 110
    200 @ 95  5000 @ 115
    300 @ 91  5600 @ 119
|------------||-----------|

03:38:43.721 [main] INFO  c.gettingstarted.MyAlgoLogic - [MYALGO] Algo Sees Book as: 
|----BID-----||----ASK----|
    100 @ 98   200 @ 110
    200 @ 95  5000 @ 115
    300 @ 91  5600 @ 119
|------------||-----------|

03:38:43.721 [main] INFO  c.gettingstarted.MyAlgoLogic - [MYALGO] Initial quantity200 price 110
03:38:43.721 [main] INFO  c.gettingstarted.TimedLogic - [TIMEDLOGIC] Market is open
03:38:43.721 [main] INFO  c.gettingstarted.MyAlgoLogic - [MYALGO] Adding order for200@110
03:38:43.722 [main] INFO  c.gettingstarted.MyAlgoLogic - [Sheza6] markets monitor size is 0
03:38:43.722 [main] INFO  c.container.Actioner - [ALGO] Actioner, sending action:CreateChildOrder(side=BUY,quantity=200,price=110)
03:38:43.722 [main] INFO  c.sequencer.consumer.LoggingConsumer - [6] [CreateOrder](sbeTemplateId=4|sbeSchemaId=2|sbeSchemaVersion=0|sbeBlockLength=33):instrumentId=0|price=110|quantity=200|side=BUY|orderId=4
03:38:43.722 [main] INFO  c.o.v.MutatingMatchOneOrderVisitor - [ORDERBOOK] visiting LevelOrderBookLevel(price=110,quantity=200)
03:38:43.722 [main] INFO  c.o.v.MutatingMatchOneOrderVisitor - [ORDERBOOK] Have found order we can match:MktData(price=110,quantity=200)(Limit(side=BUY,orderId=4,price=110,quantity=200))
03:38:43.722 [main] INFO  c.o.v.MutatingMatchOneOrderVisitor - [ORDERBOOK] Filled 200@110 for order:Limit(side=BUY,orderId=4,price=110,quantity=200)
03:38:43.722 [main] INFO  c.orderbook.channel.OrderChannel - [ORDERBOOK] publishing fill to stream: [FillOrder](sbeTemplateId=10|sbeSchemaId=2|sbeSchemaVersion=0|sbeBlockLength=24):orderId=4|quantity=200|price=110
03:38:43.722 [main] INFO  c.sequencer.consumer.LoggingConsumer - [7] [FillOrder](sbeTemplateId=10|sbeSchemaId=2|sbeSchemaVersion=0|sbeBlockLength=24):orderId=4|quantity=200|price=110
03:38:43.723 [main] INFO  c.gettingstarted.MyAlgoLogic - [MYALGO] The state of the order book is:
|----BID-----||----ASK----|
    100 @ 98   200 @ 110
    200 @ 95  5000 @ 115
    300 @ 91  5600 @ 119
|------------||-----------|

03:38:43.723 [main] INFO  c.gettingstarted.MyAlgoLogic - [MYALGO] Algo Sees Book as: 
|----BID-----||----ASK----|
    100 @ 98   200 @ 110
    200 @ 95  5000 @ 115
    300 @ 91  5600 @ 119
|------------||-----------|

03:38:43.723 [main] INFO  c.gettingstarted.MyAlgoLogic - [MYALGO] Initial quantity200 price 110
03:38:43.723 [main] INFO  c.gettingstarted.TimedLogic - [TIMEDLOGIC] Market is open
03:38:43.724 [main] INFO  c.gettingstarted.MyAlgoLogic - [MYALGO] Adding order for200@110
03:38:43.724 [main] INFO  c.gettingstarted.MyAlgoLogic - [Sheza6] markets monitor size is 0
03:38:43.724 [main] INFO  c.container.Actioner - [ALGO] Actioner, sending action:CreateChildOrder(side=BUY,quantity=200,price=110)
03:38:43.724 [main] INFO  c.sequencer.consumer.LoggingConsumer - [8] [CreateOrder](sbeTemplateId=4|sbeSchemaId=2|sbeSchemaVersion=0|sbeBlockLength=33):instrumentId=0|price=110|quantity=200|side=BUY|orderId=5
03:38:43.724 [main] INFO  c.orderbook.OrderBook - [ORDERBOOK] Adding passive limit order to BID bookLimit(side=BUY,orderId=5,price=110,quantity=200)
03:38:43.724 [main] DEBUG c.o.v.ReadOnlyMarketDataChannelPublishVisitor - Bid Side Size: 3
03:38:43.724 [main] DEBUG c.o.v.ReadOnlyMarketDataChannelPublishVisitor - Adding Mkt Data Msg BID: Price=98 Qty=100
03:38:43.724 [main] DEBUG c.o.v.ReadOnlyMarketDataChannelPublishVisitor - Adding Mkt Data Msg BID: Price=95 Qty=200
03:38:43.724 [main] DEBUG c.o.v.ReadOnlyMarketDataChannelPublishVisitor - Adding Mkt Data Msg BID: Price=91 Qty=300
03:38:43.724 [main] DEBUG c.o.v.ReadOnlyMarketDataChannelPublishVisitor - Ask Side Size: 2
03:38:43.725 [main] DEBUG c.o.v.ReadOnlyMarketDataChannelPublishVisitor - Adding Mkt Data Msg ASK: Price=115 Qty=5000
03:38:43.725 [main] DEBUG c.o.v.ReadOnlyMarketDataChannelPublishVisitor - Adding Mkt Data Msg ASK: Price=119 Qty=5600
03:38:43.725 [main] INFO  c.o.channel.MarketDataChannel - [ORDERBOOK] Sending market data update...
03:38:43.725 [main] INFO  c.sequencer.consumer.LoggingConsumer - [9] 
|----BID-----|
    100 @ 98
    200 @ 95
    300 @ 91
|----ASK-----|
  5000 @ 115
  5600 @ 119

03:38:43.725 [main] DEBUG c.service.MarketDataService - [ALGO] BID: price:98 quantity:100
03:38:43.725 [main] DEBUG c.service.MarketDataService - [ALGO] BID: price:95 quantity:200
03:38:43.725 [main] DEBUG c.service.MarketDataService - [ALGO] BID: price:91 quantity:300
03:38:43.725 [main] DEBUG c.service.MarketDataService - [ALGO] ASK: price:115 quantity:5000
03:38:43.726 [main] DEBUG c.service.MarketDataService - [ALGO] ASK: price:119 quantity:5600
03:38:43.726 [main] INFO  c.gettingstarted.MyAlgoLogic - [MYALGO] The state of the order book is:
|----BID-----||----ASK----|
    100 @ 98  5000 @ 115
    200 @ 95  5600 @ 119
    300 @ 91          - 
|------------||-----------|

03:38:43.726 [main] INFO  c.gettingstarted.MyAlgoLogic - [MYALGO] Algo Sees Book as: 
|----BID-----||----ASK----|
    100 @ 98  5000 @ 115
    200 @ 95  5600 @ 119
    300 @ 91          - 
|------------||-----------|

03:38:43.727 [main] INFO  c.gettingstarted.MyAlgoLogic - [MYALGO] Initial quantity5000 price 115
03:38:43.727 [main] INFO  c.gettingstarted.TimedLogic - [TIMEDLOGIC] Market is open
03:38:43.727 [main] INFO  c.gettingstarted.MyAlgoLogic - [MYALGO] Adding order for5000@115
03:38:43.727 [main] INFO  c.gettingstarted.MyAlgoLogic - [Sheza6] markets monitor size is 0
03:38:43.727 [main] INFO  c.container.Actioner - [ALGO] Actioner, sending action:CreateChildOrder(side=BUY,quantity=5000,price=115)
03:38:43.727 [main] INFO  c.sequencer.consumer.LoggingConsumer - [10] [CreateOrder](sbeTemplateId=4|sbeSchemaId=2|sbeSchemaVersion=0|sbeBlockLength=33):instrumentId=0|price=115|quantity=5000|side=BUY|orderId=6
03:38:43.728 [main] INFO  c.o.v.MutatingMatchOneOrderVisitor - [ORDERBOOK] visiting LevelOrderBookLevel(price=115,quantity=5000)
03:38:43.728 [main] INFO  c.o.v.MutatingMatchOneOrderVisitor - [ORDERBOOK] Have found order we can match:MktData(price=115,quantity=5000)(Limit(side=BUY,orderId=6,price=115,quantity=5000))
03:38:43.728 [main] INFO  c.o.v.MutatingMatchOneOrderVisitor - [ORDERBOOK] Filled 5000@115 for order:Limit(side=BUY,orderId=6,price=115,quantity=5000)
03:38:43.728 [main] INFO  c.orderbook.channel.OrderChannel - [ORDERBOOK] publishing fill to stream: [FillOrder](sbeTemplateId=10|sbeSchemaId=2|sbeSchemaVersion=0|sbeBlockLength=24):orderId=6|quantity=5000|price=115
03:38:43.728 [main] INFO  c.sequencer.consumer.LoggingConsumer - [11] [FillOrder](sbeTemplateId=10|sbeSchemaId=2|sbeSchemaVersion=0|sbeBlockLength=24):orderId=6|quantity=5000|price=115
03:38:43.728 [main] INFO  c.gettingstarted.MyAlgoLogic - [MYALGO] The state of the order book is:
|----BID-----||----ASK----|
    100 @ 98  5000 @ 115
    200 @ 95  5600 @ 119
    300 @ 91          - 
|------------||-----------|

03:38:43.729 [main] INFO  c.gettingstarted.MyAlgoLogic - [MYALGO] Algo Sees Book as: 
|----BID-----||----ASK----|
    100 @ 98  5000 @ 115
    200 @ 95  5600 @ 119
    300 @ 91          - 
|------------||-----------|

03:38:43.729 [main] INFO  c.gettingstarted.MyAlgoLogic - [MYALGO] Initial quantity5000 price 115
03:38:43.729 [main] INFO  c.gettingstarted.TimedLogic - [TIMEDLOGIC] Market is open
03:38:43.729 [main] INFO  c.gettingstarted.MyAlgoLogic - [MYALGO] Adding order for5000@115
03:38:43.729 [main] INFO  c.gettingstarted.MyAlgoLogic - [Sheza6] markets monitor size is 0
03:38:43.731 [main] INFO  c.container.Actioner - [ALGO] Actioner, sending action:CreateChildOrder(side=BUY,quantity=5000,price=115)
03:38:43.731 [main] INFO  c.sequencer.consumer.LoggingConsumer - [12] [CreateOrder](sbeTemplateId=4|sbeSchemaId=2|sbeSchemaVersion=0|sbeBlockLength=33):instrumentId=0|price=115|quantity=5000|side=BUY|orderId=7
03:38:43.731 [main] INFO  c.orderbook.OrderBook - [ORDERBOOK] Adding passive limit order to BID bookLimit(side=BUY,orderId=7,price=115,quantity=5000)
03:38:43.731 [main] DEBUG c.o.v.ReadOnlyMarketDataChannelPublishVisitor - Bid Side Size: 3
03:38:43.732 [main] DEBUG c.o.v.ReadOnlyMarketDataChannelPublishVisitor - Adding Mkt Data Msg BID: Price=98 Qty=100
03:38:43.732 [main] DEBUG c.o.v.ReadOnlyMarketDataChannelPublishVisitor - Adding Mkt Data Msg BID: Price=95 Qty=200
03:38:43.732 [main] DEBUG c.o.v.ReadOnlyMarketDataChannelPublishVisitor - Adding Mkt Data Msg BID: Price=91 Qty=300
03:38:43.732 [main] DEBUG c.o.v.ReadOnlyMarketDataChannelPublishVisitor - Ask Side Size: 1
03:38:43.733 [main] DEBUG c.o.v.ReadOnlyMarketDataChannelPublishVisitor - Adding Mkt Data Msg ASK: Price=119 Qty=5600
03:38:43.733 [main] INFO  c.o.channel.MarketDataChannel - [ORDERBOOK] Sending market data update...
03:38:43.733 [main] INFO  c.sequencer.consumer.LoggingConsumer - [13] 
|----BID-----|
    100 @ 98
    200 @ 95
    300 @ 91
|----ASK-----|
  5600 @ 119

03:38:43.733 [main] DEBUG c.service.MarketDataService - [ALGO] BID: price:98 quantity:100
03:38:43.733 [main] DEBUG c.service.MarketDataService - [ALGO] BID: price:95 quantity:200
03:38:43.734 [main] DEBUG c.service.MarketDataService - [ALGO] BID: price:91 quantity:300
03:38:43.735 [main] DEBUG c.service.MarketDataService - [ALGO] ASK: price:119 quantity:5600
03:38:43.736 [main] INFO  c.gettingstarted.MyAlgoLogic - [MYALGO] The state of the order book is:
|----BID-----||----ASK----|
    100 @ 98  5600 @ 119
    200 @ 95          - 
    300 @ 91          - 
|------------||-----------|

03:38:43.736 [main] INFO  c.gettingstarted.MyAlgoLogic - [MYALGO] Algo Sees Book as: 
|----BID-----||----ASK----|
    100 @ 98  5600 @ 119
    200 @ 95          - 
    300 @ 91          - 
|------------||-----------|

03:38:43.737 [main] INFO  c.gettingstarted.MyAlgoLogic - [MYALGO] Initial quantity5600 price 119
03:38:43.737 [main] INFO  c.gettingstarted.TimedLogic - [TIMEDLOGIC] Market is open
03:38:43.737 [main] INFO  c.gettingstarted.MyAlgoLogic - [MYALGO] Adding order for5600@119
03:38:43.737 [main] INFO  c.gettingstarted.MyAlgoLogic - [Sheza6] markets monitor size is 0
03:38:43.737 [main] INFO  c.container.Actioner - [ALGO] Actioner, sending action:CreateChildOrder(side=BUY,quantity=5600,price=119)
03:38:43.737 [main] INFO  c.sequencer.consumer.LoggingConsumer - [14] [CreateOrder](sbeTemplateId=4|sbeSchemaId=2|sbeSchemaVersion=0|sbeBlockLength=33):instrumentId=0|price=119|quantity=5600|side=BUY|orderId=8
03:38:43.737 [main] INFO  c.o.v.MutatingMatchOneOrderVisitor - [ORDERBOOK] visiting LevelOrderBookLevel(price=119,quantity=5600)
03:38:43.737 [main] INFO  c.o.v.MutatingMatchOneOrderVisitor - [ORDERBOOK] Have found order we can match:MktData(price=119,quantity=5600)(Limit(side=BUY,orderId=8,price=119,quantity=5600))
03:38:43.737 [main] INFO  c.o.v.MutatingMatchOneOrderVisitor - [ORDERBOOK] Filled 5600@119 for order:Limit(side=BUY,orderId=8,price=119,quantity=5600)
03:38:43.738 [main] INFO  c.orderbook.channel.OrderChannel - [ORDERBOOK] publishing fill to stream: [FillOrder](sbeTemplateId=10|sbeSchemaId=2|sbeSchemaVersion=0|sbeBlockLength=24):orderId=8|quantity=5600|price=119
03:38:43.738 [main] INFO  c.sequencer.consumer.LoggingConsumer - [15] [FillOrder](sbeTemplateId=10|sbeSchemaId=2|sbeSchemaVersion=0|sbeBlockLength=24):orderId=8|quantity=5600|price=119
03:38:43.738 [main] INFO  c.gettingstarted.MyAlgoLogic - [MYALGO] The state of the order book is:
|----BID-----||----ASK----|
    100 @ 98  5600 @ 119
    200 @ 95          - 
    300 @ 91          - 
|------------||-----------|

03:38:43.738 [main] INFO  c.gettingstarted.MyAlgoLogic - [MYALGO] Algo Sees Book as: 
|----BID-----||----ASK----|
    100 @ 98  5600 @ 119
    200 @ 95          - 
    300 @ 91          - 
|------------||-----------|

03:38:43.738 [main] INFO  c.gettingstarted.MyAlgoLogic - [MYALGO] Initial quantity5600 price 119
03:38:43.738 [main] INFO  c.gettingstarted.TimedLogic - [TIMEDLOGIC] Market is open
03:38:43.739 [main] INFO  c.gettingstarted.MyAlgoLogic - [MYALGO] Adding order for5600@119
03:38:43.739 [main] INFO  c.gettingstarted.MyAlgoLogic - [Sheza6] markets monitor size is 0
03:38:43.739 [main] INFO  c.container.Actioner - [ALGO] Actioner, sending action:CreateChildOrder(side=BUY,quantity=5600,price=119)
03:38:43.739 [main] INFO  c.sequencer.consumer.LoggingConsumer - [16] [CreateOrder](sbeTemplateId=4|sbeSchemaId=2|sbeSchemaVersion=0|sbeBlockLength=33):instrumentId=0|price=119|quantity=5600|side=BUY|orderId=9
03:38:43.739 [main] INFO  c.orderbook.OrderBook - [ORDERBOOK] Adding passive limit order to BID bookLimit(side=BUY,orderId=9,price=119,quantity=5600)
03:38:43.739 [main] DEBUG c.o.v.ReadOnlyMarketDataChannelPublishVisitor - Bid Side Size: 3
03:38:43.739 [main] DEBUG c.o.v.ReadOnlyMarketDataChannelPublishVisitor - Adding Mkt Data Msg BID: Price=98 Qty=100
03:38:43.739 [main] DEBUG c.o.v.ReadOnlyMarketDataChannelPublishVisitor - Adding Mkt Data Msg BID: Price=95 Qty=200
03:38:43.739 [main] DEBUG c.o.v.ReadOnlyMarketDataChannelPublishVisitor - Adding Mkt Data Msg BID: Price=91 Qty=300
03:38:43.739 [main] INFO  c.o.channel.MarketDataChannel - [ORDERBOOK] Sending market data update...
03:38:43.740 [main] INFO  c.sequencer.consumer.LoggingConsumer - [17] 
|----BID-----|
    100 @ 98
    200 @ 95
    300 @ 91
|----ASK-----|

03:38:43.740 [main] DEBUG c.service.MarketDataService - [ALGO] BID: price:98 quantity:100
03:38:43.740 [main] DEBUG c.service.MarketDataService - [ALGO] BID: price:95 quantity:200
03:38:43.740 [main] DEBUG c.service.MarketDataService - [ALGO] BID: price:91 quantity:300
]]></system-out>
  </testcase>
</testsuite>