<?xml version="1.0" encoding="UTF-8"?>
<testsuite xmlns:xsi="http://www.w3.org/2001/XMLSchema-instance" xsi:noNamespaceSchemaLocation="https://maven.apache.org/surefire/maven-surefire-plugin/xsd/surefire-test-report-3.0.xsd" version="3.0" name="codingblackfemales.gettingstarted.MyAlgoTest" time="0.125" tests="1" errors="0" skipped="0" failures="0">
  <properties>
    <property name="java.specification.version" value="17"/>
    <property name="sun.cpu.isalist" value="amd64"/>
    <property name="sun.jnu.encoding" value="Cp1252"/>
    <property name="java.class.path" value="C:\Users\admin\Desktop\Sherelles Stuff\UBS-Assignments\codingblackfemales\codingblackfemales\algo-coding-exercise\getting-started\target\test-classes;C:\Users\admin\Desktop\Sherelles Stuff\UBS-Assignments\codingblackfemales\codingblackfemales\algo-coding-exercise\getting-started\target\classes;C:\Users\admin\Desktop\Sherelles Stuff\UBS-Assignments\codingblackfemales\codingblackfemales\algo-coding-exercise\algo\target\classes;C:\Users\admin\Desktop\Sherelles Stuff\UBS-Assignments\codingblackfemales\codingblackfemales\algo-coding-exercise\dictionary\target\classes;C:\Users\admin\.m2\repository\org\agrona\agrona\1.16.0\agrona-1.16.0.jar;C:\Users\admin\Desktop\Sherelles Stuff\UBS-Assignments\codingblackfemales\codingblackfemales\algo-coding-exercise\sequencer\target\classes;C:\Users\admin\.m2\repository\com\google\code\gson\gson\2.10.1\gson-2.10.1.jar;C:\Users\admin\.m2\repository\org\apache\commons\commons-lang3\3.12.0\commons-lang3-3.12.0.jar;C:\Users\admin\Desktop\Sherelles Stuff\UBS-Assignments\codingblackfemales\codingblackfemales\algo-coding-exercise\backtest\target\classes;C:\Users\admin\Desktop\Sherelles Stuff\UBS-Assignments\codingblackfemales\codingblackfemales\algo-coding-exercise\collection\target\classes;C:\Users\admin\Desktop\Sherelles Stuff\UBS-Assignments\codingblackfemales\codingblackfemales\algo-coding-exercise\sequencer\target\test-classes;C:\Users\admin\.m2\repository\junit\junit\4.11\junit-4.11.jar;C:\Users\admin\.m2\repository\org\hamcrest\hamcrest-core\1.3\hamcrest-core-1.3.jar;C:\Users\admin\.m2\repository\uk\co\real-logic\sbe-all\1.26.0\sbe-all-1.26.0.jar;C:\Users\admin\.m2\repository\org\mockito\mockito-core\5.4.0\mockito-core-5.4.0.jar;C:\Users\admin\.m2\repository\net\bytebuddy\byte-buddy\1.14.5\byte-buddy-1.14.5.jar;C:\Users\admin\.m2\repository\net\bytebuddy\byte-buddy-agent\1.14.5\byte-buddy-agent-1.14.5.jar;C:\Users\admin\.m2\repository\org\objenesis\objenesis\3.3\objenesis-3.3.jar;C:\Users\admin\.m2\repository\ch\qos\logback\logback-core\1.3.5\logback-core-1.3.5.jar;C:\Users\admin\.m2\repository\org\slf4j\slf4j-api\2.0.4\slf4j-api-2.0.4.jar;C:\Users\admin\.m2\repository\ch\qos\logback\logback-classic\1.3.5\logback-classic-1.3.5.jar;"/>
    <property name="java.vm.vendor" value="Oracle Corporation"/>
    <property name="sun.arch.data.model" value="64"/>
    <property name="user.variant" value=""/>
    <property name="java.vendor.url" value="https://java.oracle.com/"/>
    <property name="user.timezone" value="Europe/London"/>
    <property name="os.name" value="Windows 10"/>
    <property name="java.vm.specification.version" value="17"/>
    <property name="sun.java.launcher" value="SUN_STANDARD"/>
    <property name="user.country" value="GB"/>
    <property name="sun.boot.library.path" value="C:\Program Files\Java\jdk-17\bin"/>
    <property name="sun.java.command" value="C:\Users\admin\AppData\Local\Temp\surefire10763565061386535683\surefirebooter-20230928161438439_26.jar C:\Users\admin\AppData\Local\Temp\surefire10763565061386535683 2023-09-28T16-14-31_609-jvmRun1 surefire-20230928161438439_24tmp surefire_2-20230928161438439_25tmp"/>
    <property name="jdk.debug" value="release"/>
    <property name="surefire.test.class.path" value="C:\Users\admin\Desktop\Sherelles Stuff\UBS-Assignments\codingblackfemales\codingblackfemales\algo-coding-exercise\getting-started\target\test-classes;C:\Users\admin\Desktop\Sherelles Stuff\UBS-Assignments\codingblackfemales\codingblackfemales\algo-coding-exercise\getting-started\target\classes;C:\Users\admin\Desktop\Sherelles Stuff\UBS-Assignments\codingblackfemales\codingblackfemales\algo-coding-exercise\algo\target\classes;C:\Users\admin\Desktop\Sherelles Stuff\UBS-Assignments\codingblackfemales\codingblackfemales\algo-coding-exercise\dictionary\target\classes;C:\Users\admin\.m2\repository\org\agrona\agrona\1.16.0\agrona-1.16.0.jar;C:\Users\admin\Desktop\Sherelles Stuff\UBS-Assignments\codingblackfemales\codingblackfemales\algo-coding-exercise\sequencer\target\classes;C:\Users\admin\.m2\repository\com\google\code\gson\gson\2.10.1\gson-2.10.1.jar;C:\Users\admin\.m2\repository\org\apache\commons\commons-lang3\3.12.0\commons-lang3-3.12.0.jar;C:\Users\admin\Desktop\Sherelles Stuff\UBS-Assignments\codingblackfemales\codingblackfemales\algo-coding-exercise\backtest\target\classes;C:\Users\admin\Desktop\Sherelles Stuff\UBS-Assignments\codingblackfemales\codingblackfemales\algo-coding-exercise\collection\target\classes;C:\Users\admin\Desktop\Sherelles Stuff\UBS-Assignments\codingblackfemales\codingblackfemales\algo-coding-exercise\sequencer\target\test-classes;C:\Users\admin\.m2\repository\junit\junit\4.11\junit-4.11.jar;C:\Users\admin\.m2\repository\org\hamcrest\hamcrest-core\1.3\hamcrest-core-1.3.jar;C:\Users\admin\.m2\repository\uk\co\real-logic\sbe-all\1.26.0\sbe-all-1.26.0.jar;C:\Users\admin\.m2\repository\org\mockito\mockito-core\5.4.0\mockito-core-5.4.0.jar;C:\Users\admin\.m2\repository\net\bytebuddy\byte-buddy\1.14.5\byte-buddy-1.14.5.jar;C:\Users\admin\.m2\repository\net\bytebuddy\byte-buddy-agent\1.14.5\byte-buddy-agent-1.14.5.jar;C:\Users\admin\.m2\repository\org\objenesis\objenesis\3.3\objenesis-3.3.jar;C:\Users\admin\.m2\repository\ch\qos\logback\logback-core\1.3.5\logback-core-1.3.5.jar;C:\Users\admin\.m2\repository\org\slf4j\slf4j-api\2.0.4\slf4j-api-2.0.4.jar;C:\Users\admin\.m2\repository\ch\qos\logback\logback-classic\1.3.5\logback-classic-1.3.5.jar;"/>
    <property name="sun.cpu.endian" value="little"/>
    <property name="user.home" value="C:\Users\admin"/>
    <property name="user.language" value="en"/>
    <property name="java.specification.vendor" value="Oracle Corporation"/>
    <property name="java.version.date" value="2023-04-18"/>
    <property name="java.home" value="C:\Program Files\Java\jdk-17"/>
    <property name="file.separator" value="\"/>
    <property name="basedir" value="C:\Users\admin\Desktop\Sherelles Stuff\UBS-Assignments\codingblackfemales\codingblackfemales\algo-coding-exercise\getting-started"/>
    <property name="java.vm.compressedOopsMode" value="Zero based"/>
    <property name="line.separator" value="&#10;"/>
    <property name="java.vm.specification.vendor" value="Oracle Corporation"/>
    <property name="java.specification.name" value="Java Platform API Specification"/>
    <property name="surefire.real.class.path" value="C:\Users\admin\AppData\Local\Temp\surefire10763565061386535683\surefirebooter-20230928161438439_26.jar"/>
    <property name="user.script" value=""/>
    <property name="sun.management.compiler" value="HotSpot 64-Bit Tiered Compilers"/>
    <property name="java.runtime.version" value="17.0.7+8-LTS-224"/>
    <property name="user.name" value="admin"/>
    <property name="path.separator" value=";"/>
    <property name="os.version" value="10.0"/>
    <property name="java.runtime.name" value="Java(TM) SE Runtime Environment"/>
    <property name="file.encoding" value="Cp1252"/>
    <property name="java.vm.name" value="Java HotSpot(TM) 64-Bit Server VM"/>
    <property name="localRepository" value="C:\Users\admin\.m2\repository"/>
    <property name="java.vendor.url.bug" value="https://bugreport.java.com/bugreport/"/>
    <property name="java.io.tmpdir" value="C:\Users\admin\AppData\Local\Temp\"/>
    <property name="java.version" value="17.0.7"/>
    <property name="user.dir" value="C:\Users\admin\Desktop\Sherelles Stuff\UBS-Assignments\codingblackfemales\codingblackfemales\algo-coding-exercise\getting-started"/>
    <property name="os.arch" value="amd64"/>
    <property name="java.vm.specification.name" value="Java Virtual Machine Specification"/>
    <property name="sun.os.patch.level" value=""/>
    <property name="native.encoding" value="Cp1252"/>
    <property name="java.library.path" value="C:\Program Files\Java\jdk-17\bin;C:\WINDOWS\Sun\Java\bin;C:\WINDOWS\system32;C:\WINDOWS;C:\Program Files\Common Files\Oracle\Java\javapath;C:\WINDOWS\system32;C:\WINDOWS;C:\WINDOWS\System32\Wbem;C:\WINDOWS\System32\WindowsPowerShell\v1.0\;C:\WINDOWS\System32\OpenSSH\;C:\Program Files\dotnet\;C:\Program Files (x86)\Intel\Intel(R) Management Engine Components\DAL;C:\Program Files\Intel\Intel(R) Management Engine Components\DAL;C:\Program Files (x86)\NVIDIA Corporation\PhysX\Common;C:\Program Files\Git\cmd;C:\Program Files\apache-maven-3.9.4\bin;C:\Users\admin\AppData\Local\Microsoft\WindowsApps;;C:\Users\admin\AppData\Local\Programs\Microsoft VS Code\bin;."/>
    <property name="java.vm.info" value="mixed mode, sharing"/>
    <property name="java.vendor" value="Oracle Corporation"/>
    <property name="java.vm.version" value="17.0.7+8-LTS-224"/>
    <property name="sun.io.unicode.encoding" value="UnicodeLittle"/>
    <property name="java.class.version" value="61.0"/>
  </properties>
  <testcase name="testDispatchThroughSequencer" classname="codingblackfemales.gettingstarted.MyAlgoTest" time="0.125">
    <system-out><![CDATA[16:14:39.299 [main] INFO  c.sequencer.consumer.LoggingConsumer - [1] 
|----BID-----|
   101 @ 100
   200 @ 110
  5000 @ 115
|----ASK-----|
    100 @ 98
    200 @ 95
    300 @ 91

16:14:39.299 [main] DEBUG c.service.MarketDataService - [ALGO] BID: price:100 quantity:101
16:14:39.299 [main] DEBUG c.service.MarketDataService - [ALGO] BID: price:110 quantity:200
16:14:39.299 [main] DEBUG c.service.MarketDataService - [ALGO] BID: price:115 quantity:5000
16:14:39.299 [main] DEBUG c.service.MarketDataService - [ALGO] ASK: price:98 quantity:100
16:14:39.299 [main] DEBUG c.service.MarketDataService - [ALGO] ASK: price:95 quantity:200
16:14:39.299 [main] DEBUG c.service.MarketDataService - [ALGO] ASK: price:91 quantity:300
16:14:39.299 [main] INFO  c.gettingstarted.MyAlgoLogic - [MYALGO] In Algo Logic.... HeLlO
16:14:39.299 [main] INFO  c.gettingstarted.MyAlgoLogic - [MYALGO] The state of the order book is:
|----BID-----||----ASK----|
   101 @ 100    100 @ 98
   200 @ 110    200 @ 95
  5000 @ 115    300 @ 91
|------------||-----------|

bid level is: BID[101@100] long bif level is: 3
ask level is: ASK[100@98] bid at 3
ASK[100@98]far touch 98price46
16:14:39.299 [main] INFO  c.gettingstarted.MyAlgoLogic - [MYALGO] Have:0 children, want 45, joining passive side of book with: 46 @ 98
CreateChildOrder(side=BUY,quantity=46,price=98)
active orders are []
16:14:39.299 [main] INFO  c.container.Actioner - [ALGO] Actioner, sending action:CreateChildOrder(side=BUY,quantity=46,price=98)
16:14:39.299 [main] INFO  c.sequencer.consumer.LoggingConsumer - [2] [CreateOrder](sbeTemplateId=4|sbeSchemaId=2|sbeSchemaVersion=0|sbeBlockLength=33):instrumentId=0|price=98|quantity=46|side=BUY|orderId=2
16:14:39.299 [main] INFO  c.gettingstarted.MyAlgoLogic - [MYALGO] In Algo Logic.... HeLlO
16:14:39.299 [main] INFO  c.gettingstarted.MyAlgoLogic - [MYALGO] The state of the order book is:
|----BID-----||----ASK----|
   101 @ 100    100 @ 98
   200 @ 110    200 @ 95
  5000 @ 115    300 @ 91
|------------||-----------|

bid level is: BID[101@100] long bif level is: 3
ask level is: ASK[100@98] bid at 3
ASK[100@98]far touch 98price46
16:14:39.299 [main] INFO  c.gettingstarted.MyAlgoLogic - [MYALGO] Have:1 children, want 45, joining passive side of book with: 46 @ 98
CreateChildOrder(side=BUY,quantity=46,price=98)
active orders are [codingblackfemales.sotw.ChildOrder@fd07cbb]
16:14:39.299 [main] INFO  c.container.Actioner - [ALGO] Actioner, sending action:CreateChildOrder(side=BUY,quantity=46,price=98)
16:14:39.299 [main] INFO  c.sequencer.consumer.LoggingConsumer - [3] [CreateOrder](sbeTemplateId=4|sbeSchemaId=2|sbeSchemaVersion=0|sbeBlockLength=33):instrumentId=0|price=98|quantity=46|side=BUY|orderId=3
16:14:39.299 [main] INFO  c.gettingstarted.MyAlgoLogic - [MYALGO] In Algo Logic.... HeLlO
16:14:39.299 [main] INFO  c.gettingstarted.MyAlgoLogic - [MYALGO] The state of the order book is:
|----BID-----||----ASK----|
   101 @ 100    100 @ 98
   200 @ 110    200 @ 95
  5000 @ 115    300 @ 91
|------------||-----------|

bid level is: BID[101@100] long bif level is: 3
ask level is: ASK[100@98] bid at 3
ASK[100@98]far touch 98price46
16:14:39.299 [main] INFO  c.gettingstarted.MyAlgoLogic - [MYALGO] Have:2 children, want 45, joining passive side of book with: 46 @ 98
CreateChildOrder(side=BUY,quantity=46,price=98)
active orders are [codingblackfemales.sotw.ChildOrder@fd07cbb, codingblackfemales.sotw.ChildOrder@3571b748]
16:14:39.299 [main] INFO  c.container.Actioner - [ALGO] Actioner, sending action:CreateChildOrder(side=BUY,quantity=46,price=98)
16:14:39.299 [main] INFO  c.sequencer.consumer.LoggingConsumer - [4] [CreateOrder](sbeTemplateId=4|sbeSchemaId=2|sbeSchemaVersion=0|sbeBlockLength=33):instrumentId=0|price=98|quantity=46|side=BUY|orderId=4
16:14:39.299 [main] INFO  c.gettingstarted.MyAlgoLogic - [MYALGO] In Algo Logic.... HeLlO
16:14:39.299 [main] INFO  c.gettingstarted.MyAlgoLogic - [MYALGO] The state of the order book is:
|----BID-----||----ASK----|
   101 @ 100    100 @ 98
   200 @ 110    200 @ 95
  5000 @ 115    300 @ 91
|------------||-----------|

bid level is: BID[101@100] long bif level is: 3
ask level is: ASK[100@98] bid at 3
ASK[100@98]far touch 98price46
16:14:39.299 [main] INFO  c.gettingstarted.MyAlgoLogic - [MYALGO] Have:3 children, want 45, joining passive side of book with: 46 @ 98
CreateChildOrder(side=BUY,quantity=46,price=98)
active orders are [codingblackfemales.sotw.ChildOrder@fd07cbb, codingblackfemales.sotw.ChildOrder@3571b748, codingblackfemales.sotw.ChildOrder@3e96bacf]
16:14:39.299 [main] INFO  c.container.Actioner - [ALGO] Actioner, sending action:CreateChildOrder(side=BUY,quantity=46,price=98)
16:14:39.299 [main] INFO  c.sequencer.consumer.LoggingConsumer - [5] [CreateOrder](sbeTemplateId=4|sbeSchemaId=2|sbeSchemaVersion=0|sbeBlockLength=33):instrumentId=0|price=98|quantity=46|side=BUY|orderId=5
16:14:39.299 [main] INFO  c.gettingstarted.MyAlgoLogic - [MYALGO] In Algo Logic.... HeLlO
16:14:39.299 [main] INFO  c.gettingstarted.MyAlgoLogic - [MYALGO] The state of the order book is:
|----BID-----||----ASK----|
   101 @ 100    100 @ 98
   200 @ 110    200 @ 95
  5000 @ 115    300 @ 91
|------------||-----------|

bid level is: BID[101@100] long bif level is: 3
ask level is: ASK[100@98] bid at 3
ASK[100@98]far touch 98price46
16:14:39.299 [main] INFO  c.gettingstarted.MyAlgoLogic - [MYALGO] Have:4 children, want 45, joining passive side of book with: 46 @ 98
CreateChildOrder(side=BUY,quantity=46,price=98)
active orders are [codingblackfemales.sotw.ChildOrder@fd07cbb, codingblackfemales.sotw.ChildOrder@3571b748, codingblackfemales.sotw.ChildOrder@3e96bacf, codingblackfemales.sotw.ChildOrder@484970b0]
16:14:39.299 [main] INFO  c.container.Actioner - [ALGO] Actioner, sending action:CreateChildOrder(side=BUY,quantity=46,price=98)
16:14:39.299 [main] INFO  c.sequencer.consumer.LoggingConsumer - [6] [CreateOrder](sbeTemplateId=4|sbeSchemaId=2|sbeSchemaVersion=0|sbeBlockLength=33):instrumentId=0|price=98|quantity=46|side=BUY|orderId=6
16:14:39.299 [main] INFO  c.gettingstarted.MyAlgoLogic - [MYALGO] In Algo Logic.... HeLlO
16:14:39.299 [main] INFO  c.gettingstarted.MyAlgoLogic - [MYALGO] The state of the order book is:
|----BID-----||----ASK----|
   101 @ 100    100 @ 98
   200 @ 110    200 @ 95
  5000 @ 115    300 @ 91
|------------||-----------|

bid level is: BID[101@100] long bif level is: 3
ask level is: ASK[100@98] bid at 3
ASK[100@98]far touch 98price46
16:14:39.299 [main] INFO  c.gettingstarted.MyAlgoLogic - [MYALGO] Have:5 children, want 45, joining passive side of book with: 46 @ 98
CreateChildOrder(side=BUY,quantity=46,price=98)
active orders are [codingblackfemales.sotw.ChildOrder@fd07cbb, codingblackfemales.sotw.ChildOrder@3571b748, codingblackfemales.sotw.ChildOrder@3e96bacf, codingblackfemales.sotw.ChildOrder@484970b0, codingblackfemales.sotw.ChildOrder@4470f8a6]
16:14:39.299 [main] INFO  c.container.Actioner - [ALGO] Actioner, sending action:CreateChildOrder(side=BUY,quantity=46,price=98)
16:14:39.299 [main] INFO  c.sequencer.consumer.LoggingConsumer - [7] [CreateOrder](sbeTemplateId=4|sbeSchemaId=2|sbeSchemaVersion=0|sbeBlockLength=33):instrumentId=0|price=98|quantity=46|side=BUY|orderId=7
16:14:39.299 [main] INFO  c.gettingstarted.MyAlgoLogic - [MYALGO] In Algo Logic.... HeLlO
16:14:39.299 [main] INFO  c.gettingstarted.MyAlgoLogic - [MYALGO] The state of the order book is:
|----BID-----||----ASK----|
   101 @ 100    100 @ 98
   200 @ 110    200 @ 95
  5000 @ 115    300 @ 91
|------------||-----------|

bid level is: BID[101@100] long bif level is: 3
ask level is: ASK[100@98] bid at 3
ASK[100@98]far touch 98price46
16:14:39.299 [main] INFO  c.gettingstarted.MyAlgoLogic - [MYALGO] Have:6 children, want 45, joining passive side of book with: 46 @ 98
CreateChildOrder(side=BUY,quantity=46,price=98)
active orders are [codingblackfemales.sotw.ChildOrder@fd07cbb, codingblackfemales.sotw.ChildOrder@3571b748, codingblackfemales.sotw.ChildOrder@3e96bacf, codingblackfemales.sotw.ChildOrder@484970b0, codingblackfemales.sotw.ChildOrder@4470f8a6, codingblackfemales.sotw.ChildOrder@7c83dc97]
16:14:39.299 [main] INFO  c.container.Actioner - [ALGO] Actioner, sending action:CreateChildOrder(side=BUY,quantity=46,price=98)
16:14:39.299 [main] INFO  c.sequencer.consumer.LoggingConsumer - [8] [CreateOrder](sbeTemplateId=4|sbeSchemaId=2|sbeSchemaVersion=0|sbeBlockLength=33):instrumentId=0|price=98|quantity=46|side=BUY|orderId=8
16:14:39.299 [main] INFO  c.gettingstarted.MyAlgoLogic - [MYALGO] In Algo Logic.... HeLlO
16:14:39.299 [main] INFO  c.gettingstarted.MyAlgoLogic - [MYALGO] The state of the order book is:
|----BID-----||----ASK----|
   101 @ 100    100 @ 98
   200 @ 110    200 @ 95
  5000 @ 115    300 @ 91
|------------||-----------|

bid level is: BID[101@100] long bif level is: 3
ask level is: ASK[100@98] bid at 3
ASK[100@98]far touch 98price46
16:14:39.299 [main] INFO  c.gettingstarted.MyAlgoLogic - [MYALGO] Have:7 children, want 45, joining passive side of book with: 46 @ 98
CreateChildOrder(side=BUY,quantity=46,price=98)
active orders are [codingblackfemales.sotw.ChildOrder@fd07cbb, codingblackfemales.sotw.ChildOrder@3571b748, codingblackfemales.sotw.ChildOrder@3e96bacf, codingblackfemales.sotw.ChildOrder@484970b0, codingblackfemales.sotw.ChildOrder@4470f8a6, codingblackfemales.sotw.ChildOrder@7c83dc97, codingblackfemales.sotw.ChildOrder@7748410a]
16:14:39.299 [main] INFO  c.container.Actioner - [ALGO] Actioner, sending action:CreateChildOrder(side=BUY,quantity=46,price=98)
16:14:39.299 [main] INFO  c.sequencer.consumer.LoggingConsumer - [9] [CreateOrder](sbeTemplateId=4|sbeSchemaId=2|sbeSchemaVersion=0|sbeBlockLength=33):instrumentId=0|price=98|quantity=46|side=BUY|orderId=9
16:14:39.299 [main] INFO  c.gettingstarted.MyAlgoLogic - [MYALGO] In Algo Logic.... HeLlO
16:14:39.299 [main] INFO  c.gettingstarted.MyAlgoLogic - [MYALGO] The state of the order book is:
|----BID-----||----ASK----|
   101 @ 100    100 @ 98
   200 @ 110    200 @ 95
  5000 @ 115    300 @ 91
|------------||-----------|

bid level is: BID[101@100] long bif level is: 3
ask level is: ASK[100@98] bid at 3
ASK[100@98]far touch 98price46
16:14:39.299 [main] INFO  c.gettingstarted.MyAlgoLogic - [MYALGO] Have:8 children, want 45, joining passive side of book with: 46 @ 98
CreateChildOrder(side=BUY,quantity=46,price=98)
active orders are [codingblackfemales.sotw.ChildOrder@fd07cbb, codingblackfemales.sotw.ChildOrder@3571b748, codingblackfemales.sotw.ChildOrder@3e96bacf, codingblackfemales.sotw.ChildOrder@484970b0, codingblackfemales.sotw.ChildOrder@4470f8a6, codingblackfemales.sotw.ChildOrder@7c83dc97, codingblackfemales.sotw.ChildOrder@7748410a, codingblackfemales.sotw.ChildOrder@740773a3]
16:14:39.299 [main] INFO  c.container.Actioner - [ALGO] Actioner, sending action:CreateChildOrder(side=BUY,quantity=46,price=98)
16:14:39.299 [main] INFO  c.sequencer.consumer.LoggingConsumer - [10] [CreateOrder](sbeTemplateId=4|sbeSchemaId=2|sbeSchemaVersion=0|sbeBlockLength=33):instrumentId=0|price=98|quantity=46|side=BUY|orderId=10
16:14:39.299 [main] INFO  c.gettingstarted.MyAlgoLogic - [MYALGO] In Algo Logic.... HeLlO
16:14:39.299 [main] INFO  c.gettingstarted.MyAlgoLogic - [MYALGO] The state of the order book is:
|----BID-----||----ASK----|
   101 @ 100    100 @ 98
   200 @ 110    200 @ 95
  5000 @ 115    300 @ 91
|------------||-----------|

bid level is: BID[101@100] long bif level is: 3
ask level is: ASK[100@98] bid at 3
ASK[100@98]far touch 98price46
16:14:39.299 [main] INFO  c.gettingstarted.MyAlgoLogic - [MYALGO] Have:9 children, want 45, joining passive side of book with: 46 @ 98
CreateChildOrder(side=BUY,quantity=46,price=98)
active orders are [codingblackfemales.sotw.ChildOrder@fd07cbb, codingblackfemales.sotw.ChildOrder@3571b748, codingblackfemales.sotw.ChildOrder@3e96bacf, codingblackfemales.sotw.ChildOrder@484970b0, codingblackfemales.sotw.ChildOrder@4470f8a6, codingblackfemales.sotw.ChildOrder@7c83dc97, codingblackfemales.sotw.ChildOrder@7748410a, codingblackfemales.sotw.ChildOrder@740773a3, codingblackfemales.sotw.ChildOrder@37f1104d]
16:14:39.299 [main] INFO  c.container.Actioner - [ALGO] Actioner, sending action:CreateChildOrder(side=BUY,quantity=46,price=98)
16:14:39.299 [main] INFO  c.sequencer.consumer.LoggingConsumer - [11] [CreateOrder](sbeTemplateId=4|sbeSchemaId=2|sbeSchemaVersion=0|sbeBlockLength=33):instrumentId=0|price=98|quantity=46|side=BUY|orderId=11
16:14:39.299 [main] INFO  c.gettingstarted.MyAlgoLogic - [MYALGO] In Algo Logic.... HeLlO
16:14:39.299 [main] INFO  c.gettingstarted.MyAlgoLogic - [MYALGO] The state of the order book is:
|----BID-----||----ASK----|
   101 @ 100    100 @ 98
   200 @ 110    200 @ 95
  5000 @ 115    300 @ 91
|------------||-----------|

bid level is: BID[101@100] long bif level is: 3
ask level is: ASK[100@98] bid at 3
ASK[100@98]far touch 98price46
16:14:39.299 [main] INFO  c.gettingstarted.MyAlgoLogic - [MYALGO] Have:10 children, want 45, joining passive side of book with: 46 @ 98
CreateChildOrder(side=BUY,quantity=46,price=98)
active orders are [codingblackfemales.sotw.ChildOrder@fd07cbb, codingblackfemales.sotw.ChildOrder@3571b748, codingblackfemales.sotw.ChildOrder@3e96bacf, codingblackfemales.sotw.ChildOrder@484970b0, codingblackfemales.sotw.ChildOrder@4470f8a6, codingblackfemales.sotw.ChildOrder@7c83dc97, codingblackfemales.sotw.ChildOrder@7748410a, codingblackfemales.sotw.ChildOrder@740773a3, codingblackfemales.sotw.ChildOrder@37f1104d, codingblackfemales.sotw.ChildOrder@55740540]
16:14:39.299 [main] INFO  c.container.Actioner - [ALGO] Actioner, sending action:CreateChildOrder(side=BUY,quantity=46,price=98)
16:14:39.299 [main] INFO  c.sequencer.consumer.LoggingConsumer - [12] [CreateOrder](sbeTemplateId=4|sbeSchemaId=2|sbeSchemaVersion=0|sbeBlockLength=33):instrumentId=0|price=98|quantity=46|side=BUY|orderId=12
16:14:39.299 [main] INFO  c.gettingstarted.MyAlgoLogic - [MYALGO] In Algo Logic.... HeLlO
16:14:39.299 [main] INFO  c.gettingstarted.MyAlgoLogic - [MYALGO] The state of the order book is:
|----BID-----||----ASK----|
   101 @ 100    100 @ 98
   200 @ 110    200 @ 95
  5000 @ 115    300 @ 91
|------------||-----------|

bid level is: BID[101@100] long bif level is: 3
ask level is: ASK[100@98] bid at 3
ASK[100@98]far touch 98price46
16:14:39.299 [main] INFO  c.gettingstarted.MyAlgoLogic - [MYALGO] Have:11 children, want 45, joining passive side of book with: 46 @ 98
CreateChildOrder(side=BUY,quantity=46,price=98)
active orders are [codingblackfemales.sotw.ChildOrder@fd07cbb, codingblackfemales.sotw.ChildOrder@3571b748, codingblackfemales.sotw.ChildOrder@3e96bacf, codingblackfemales.sotw.ChildOrder@484970b0, codingblackfemales.sotw.ChildOrder@4470f8a6, codingblackfemales.sotw.ChildOrder@7c83dc97, codingblackfemales.sotw.ChildOrder@7748410a, codingblackfemales.sotw.ChildOrder@740773a3, codingblackfemales.sotw.ChildOrder@37f1104d, codingblackfemales.sotw.ChildOrder@55740540, codingblackfemales.sotw.ChildOrder@60015ef5]
16:14:39.299 [main] INFO  c.container.Actioner - [ALGO] Actioner, sending action:CreateChildOrder(side=BUY,quantity=46,price=98)
16:14:39.299 [main] INFO  c.sequencer.consumer.LoggingConsumer - [13] [CreateOrder](sbeTemplateId=4|sbeSchemaId=2|sbeSchemaVersion=0|sbeBlockLength=33):instrumentId=0|price=98|quantity=46|side=BUY|orderId=13
16:14:39.299 [main] INFO  c.gettingstarted.MyAlgoLogic - [MYALGO] In Algo Logic.... HeLlO
16:14:39.299 [main] INFO  c.gettingstarted.MyAlgoLogic - [MYALGO] The state of the order book is:
|----BID-----||----ASK----|
   101 @ 100    100 @ 98
   200 @ 110    200 @ 95
  5000 @ 115    300 @ 91
|------------||-----------|

bid level is: BID[101@100] long bif level is: 3
ask level is: ASK[100@98] bid at 3
ASK[100@98]far touch 98price46
16:14:39.299 [main] INFO  c.gettingstarted.MyAlgoLogic - [MYALGO] Have:12 children, want 45, joining passive side of book with: 46 @ 98
CreateChildOrder(side=BUY,quantity=46,price=98)
active orders are [codingblackfemales.sotw.ChildOrder@fd07cbb, codingblackfemales.sotw.ChildOrder@3571b748, codingblackfemales.sotw.ChildOrder@3e96bacf, codingblackfemales.sotw.ChildOrder@484970b0, codingblackfemales.sotw.ChildOrder@4470f8a6, codingblackfemales.sotw.ChildOrder@7c83dc97, codingblackfemales.sotw.ChildOrder@7748410a, codingblackfemales.sotw.ChildOrder@740773a3, codingblackfemales.sotw.ChildOrder@37f1104d, codingblackfemales.sotw.ChildOrder@55740540, codingblackfemales.sotw.ChildOrder@60015ef5, codingblackfemales.sotw.ChildOrder@2f54a33d]
16:14:39.299 [main] INFO  c.container.Actioner - [ALGO] Actioner, sending action:CreateChildOrder(side=BUY,quantity=46,price=98)
16:14:39.299 [main] INFO  c.sequencer.consumer.LoggingConsumer - [14] [CreateOrder](sbeTemplateId=4|sbeSchemaId=2|sbeSchemaVersion=0|sbeBlockLength=33):instrumentId=0|price=98|quantity=46|side=BUY|orderId=14
16:14:39.299 [main] INFO  c.gettingstarted.MyAlgoLogic - [MYALGO] In Algo Logic.... HeLlO
16:14:39.299 [main] INFO  c.gettingstarted.MyAlgoLogic - [MYALGO] The state of the order book is:
|----BID-----||----ASK----|
   101 @ 100    100 @ 98
   200 @ 110    200 @ 95
  5000 @ 115    300 @ 91
|------------||-----------|

bid level is: BID[101@100] long bif level is: 3
ask level is: ASK[100@98] bid at 3
ASK[100@98]far touch 98price46
16:14:39.299 [main] INFO  c.gettingstarted.MyAlgoLogic - [MYALGO] Have:13 children, want 45, joining passive side of book with: 46 @ 98
CreateChildOrder(side=BUY,quantity=46,price=98)
active orders are [codingblackfemales.sotw.ChildOrder@fd07cbb, codingblackfemales.sotw.ChildOrder@3571b748, codingblackfemales.sotw.ChildOrder@3e96bacf, codingblackfemales.sotw.ChildOrder@484970b0, codingblackfemales.sotw.ChildOrder@4470f8a6, codingblackfemales.sotw.ChildOrder@7c83dc97, codingblackfemales.sotw.ChildOrder@7748410a, codingblackfemales.sotw.ChildOrder@740773a3, codingblackfemales.sotw.ChildOrder@37f1104d, codingblackfemales.sotw.ChildOrder@55740540, codingblackfemales.sotw.ChildOrder@60015ef5, codingblackfemales.sotw.ChildOrder@2f54a33d, codingblackfemales.sotw.ChildOrder@1018bde2]
16:14:39.299 [main] INFO  c.container.Actioner - [ALGO] Actioner, sending action:CreateChildOrder(side=BUY,quantity=46,price=98)
16:14:39.299 [main] INFO  c.sequencer.consumer.LoggingConsumer - [15] [CreateOrder](sbeTemplateId=4|sbeSchemaId=2|sbeSchemaVersion=0|sbeBlockLength=33):instrumentId=0|price=98|quantity=46|side=BUY|orderId=15
16:14:39.299 [main] INFO  c.gettingstarted.MyAlgoLogic - [MYALGO] In Algo Logic.... HeLlO
16:14:39.299 [main] INFO  c.gettingstarted.MyAlgoLogic - [MYALGO] The state of the order book is:
|----BID-----||----ASK----|
   101 @ 100    100 @ 98
   200 @ 110    200 @ 95
  5000 @ 115    300 @ 91
|------------||-----------|

bid level is: BID[101@100] long bif level is: 3
ask level is: ASK[100@98] bid at 3
ASK[100@98]far touch 98price46
16:14:39.299 [main] INFO  c.gettingstarted.MyAlgoLogic - [MYALGO] Have:14 children, want 45, joining passive side of book with: 46 @ 98
CreateChildOrder(side=BUY,quantity=46,price=98)
active orders are [codingblackfemales.sotw.ChildOrder@fd07cbb, codingblackfemales.sotw.ChildOrder@3571b748, codingblackfemales.sotw.ChildOrder@3e96bacf, codingblackfemales.sotw.ChildOrder@484970b0, codingblackfemales.sotw.ChildOrder@4470f8a6, codingblackfemales.sotw.ChildOrder@7c83dc97, codingblackfemales.sotw.ChildOrder@7748410a, codingblackfemales.sotw.ChildOrder@740773a3, codingblackfemales.sotw.ChildOrder@37f1104d, codingblackfemales.sotw.ChildOrder@55740540, codingblackfemales.sotw.ChildOrder@60015ef5, codingblackfemales.sotw.ChildOrder@2f54a33d, codingblackfemales.sotw.ChildOrder@1018bde2, codingblackfemales.sotw.ChildOrder@65b3f4a4]
16:14:39.299 [main] INFO  c.container.Actioner - [ALGO] Actioner, sending action:CreateChildOrder(side=BUY,quantity=46,price=98)
16:14:39.299 [main] INFO  c.sequencer.consumer.LoggingConsumer - [16] [CreateOrder](sbeTemplateId=4|sbeSchemaId=2|sbeSchemaVersion=0|sbeBlockLength=33):instrumentId=0|price=98|quantity=46|side=BUY|orderId=16
16:14:39.299 [main] INFO  c.gettingstarted.MyAlgoLogic - [MYALGO] In Algo Logic.... HeLlO
16:14:39.299 [main] INFO  c.gettingstarted.MyAlgoLogic - [MYALGO] The state of the order book is:
|----BID-----||----ASK----|
   101 @ 100    100 @ 98
   200 @ 110    200 @ 95
  5000 @ 115    300 @ 91
|------------||-----------|

bid level is: BID[101@100] long bif level is: 3
ask level is: ASK[100@98] bid at 3
ASK[100@98]far touch 98price46
16:14:39.299 [main] INFO  c.gettingstarted.MyAlgoLogic - [MYALGO] Have:15 children, want 45, joining passive side of book with: 46 @ 98
CreateChildOrder(side=BUY,quantity=46,price=98)
active orders are [codingblackfemales.sotw.ChildOrder@fd07cbb, codingblackfemales.sotw.ChildOrder@3571b748, codingblackfemales.sotw.ChildOrder@3e96bacf, codingblackfemales.sotw.ChildOrder@484970b0, codingblackfemales.sotw.ChildOrder@4470f8a6, codingblackfemales.sotw.ChildOrder@7c83dc97, codingblackfemales.sotw.ChildOrder@7748410a, codingblackfemales.sotw.ChildOrder@740773a3, codingblackfemales.sotw.ChildOrder@37f1104d, codingblackfemales.sotw.ChildOrder@55740540, codingblackfemales.sotw.ChildOrder@60015ef5, codingblackfemales.sotw.ChildOrder@2f54a33d, codingblackfemales.sotw.ChildOrder@1018bde2, codingblackfemales.sotw.ChildOrder@65b3f4a4, codingblackfemales.sotw.ChildOrder@f2ff811]
16:14:39.299 [main] INFO  c.container.Actioner - [ALGO] Actioner, sending action:CreateChildOrder(side=BUY,quantity=46,price=98)
16:14:39.299 [main] INFO  c.sequencer.consumer.LoggingConsumer - [17] [CreateOrder](sbeTemplateId=4|sbeSchemaId=2|sbeSchemaVersion=0|sbeBlockLength=33):instrumentId=0|price=98|quantity=46|side=BUY|orderId=17
16:14:39.299 [main] INFO  c.gettingstarted.MyAlgoLogic - [MYALGO] In Algo Logic.... HeLlO
16:14:39.299 [main] INFO  c.gettingstarted.MyAlgoLogic - [MYALGO] The state of the order book is:
|----BID-----||----ASK----|
   101 @ 100    100 @ 98
   200 @ 110    200 @ 95
  5000 @ 115    300 @ 91
|------------||-----------|

bid level is: BID[101@100] long bif level is: 3
ask level is: ASK[100@98] bid at 3
ASK[100@98]far touch 98price46
16:14:39.299 [main] INFO  c.gettingstarted.MyAlgoLogic - [MYALGO] Have:16 children, want 45, joining passive side of book with: 46 @ 98
CreateChildOrder(side=BUY,quantity=46,price=98)
active orders are [codingblackfemales.sotw.ChildOrder@fd07cbb, codingblackfemales.sotw.ChildOrder@3571b748, codingblackfemales.sotw.ChildOrder@3e96bacf, codingblackfemales.sotw.ChildOrder@484970b0, codingblackfemales.sotw.ChildOrder@4470f8a6, codingblackfemales.sotw.ChildOrder@7c83dc97, codingblackfemales.sotw.ChildOrder@7748410a, codingblackfemales.sotw.ChildOrder@740773a3, codingblackfemales.sotw.ChildOrder@37f1104d, codingblackfemales.sotw.ChildOrder@55740540, codingblackfemales.sotw.ChildOrder@60015ef5, codingblackfemales.sotw.ChildOrder@2f54a33d, codingblackfemales.sotw.ChildOrder@1018bde2, codingblackfemales.sotw.ChildOrder@65b3f4a4, codingblackfemales.sotw.ChildOrder@f2ff811, codingblackfemales.sotw.ChildOrder@568ff82]
16:14:39.299 [main] INFO  c.container.Actioner - [ALGO] Actioner, sending action:CreateChildOrder(side=BUY,quantity=46,price=98)
16:14:39.299 [main] INFO  c.sequencer.consumer.LoggingConsumer - [18] [CreateOrder](sbeTemplateId=4|sbeSchemaId=2|sbeSchemaVersion=0|sbeBlockLength=33):instrumentId=0|price=98|quantity=46|side=BUY|orderId=18
16:14:39.299 [main] INFO  c.gettingstarted.MyAlgoLogic - [MYALGO] In Algo Logic.... HeLlO
16:14:39.299 [main] INFO  c.gettingstarted.MyAlgoLogic - [MYALGO] The state of the order book is:
|----BID-----||----ASK----|
   101 @ 100    100 @ 98
   200 @ 110    200 @ 95
  5000 @ 115    300 @ 91
|------------||-----------|

bid level is: BID[101@100] long bif level is: 3
ask level is: ASK[100@98] bid at 3
ASK[100@98]far touch 98price46
16:14:39.299 [main] INFO  c.gettingstarted.MyAlgoLogic - [MYALGO] Have:17 children, want 45, joining passive side of book with: 46 @ 98
CreateChildOrder(side=BUY,quantity=46,price=98)
active orders are [codingblackfemales.sotw.ChildOrder@fd07cbb, codingblackfemales.sotw.ChildOrder@3571b748, codingblackfemales.sotw.ChildOrder@3e96bacf, codingblackfemales.sotw.ChildOrder@484970b0, codingblackfemales.sotw.ChildOrder@4470f8a6, codingblackfemales.sotw.ChildOrder@7c83dc97, codingblackfemales.sotw.ChildOrder@7748410a, codingblackfemales.sotw.ChildOrder@740773a3, codingblackfemales.sotw.ChildOrder@37f1104d, codingblackfemales.sotw.ChildOrder@55740540, codingblackfemales.sotw.ChildOrder@60015ef5, codingblackfemales.sotw.ChildOrder@2f54a33d, codingblackfemales.sotw.ChildOrder@1018bde2, codingblackfemales.sotw.ChildOrder@65b3f4a4, codingblackfemales.sotw.ChildOrder@f2ff811, codingblackfemales.sotw.ChildOrder@568ff82, codingblackfemales.sotw.ChildOrder@50caa560]
16:14:39.299 [main] INFO  c.container.Actioner - [ALGO] Actioner, sending action:CreateChildOrder(side=BUY,quantity=46,price=98)
16:14:39.299 [main] INFO  c.sequencer.consumer.LoggingConsumer - [19] [CreateOrder](sbeTemplateId=4|sbeSchemaId=2|sbeSchemaVersion=0|sbeBlockLength=33):instrumentId=0|price=98|quantity=46|side=BUY|orderId=19
16:14:39.299 [main] INFO  c.gettingstarted.MyAlgoLogic - [MYALGO] In Algo Logic.... HeLlO
16:14:39.299 [main] INFO  c.gettingstarted.MyAlgoLogic - [MYALGO] The state of the order book is:
|----BID-----||----ASK----|
   101 @ 100    100 @ 98
   200 @ 110    200 @ 95
  5000 @ 115    300 @ 91
|------------||-----------|

bid level is: BID[101@100] long bif level is: 3
ask level is: ASK[100@98] bid at 3
ASK[100@98]far touch 98price46
16:14:39.299 [main] INFO  c.gettingstarted.MyAlgoLogic - [MYALGO] Have:18 children, want 45, joining passive side of book with: 46 @ 98
CreateChildOrder(side=BUY,quantity=46,price=98)
active orders are [codingblackfemales.sotw.ChildOrder@fd07cbb, codingblackfemales.sotw.ChildOrder@3571b748, codingblackfemales.sotw.ChildOrder@3e96bacf, codingblackfemales.sotw.ChildOrder@484970b0, codingblackfemales.sotw.ChildOrder@4470f8a6, codingblackfemales.sotw.ChildOrder@7c83dc97, codingblackfemales.sotw.ChildOrder@7748410a, codingblackfemales.sotw.ChildOrder@740773a3, codingblackfemales.sotw.ChildOrder@37f1104d, codingblackfemales.sotw.ChildOrder@55740540, codingblackfemales.sotw.ChildOrder@60015ef5, codingblackfemales.sotw.ChildOrder@2f54a33d, codingblackfemales.sotw.ChildOrder@1018bde2, codingblackfemales.sotw.ChildOrder@65b3f4a4, codingblackfemales.sotw.ChildOrder@f2ff811, codingblackfemales.sotw.ChildOrder@568ff82, codingblackfemales.sotw.ChildOrder@50caa560, codingblackfemales.sotw.ChildOrder@2a266d09]
16:14:39.299 [main] INFO  c.container.Actioner - [ALGO] Actioner, sending action:CreateChildOrder(side=BUY,quantity=46,price=98)
16:14:39.299 [main] INFO  c.sequencer.consumer.LoggingConsumer - [20] [CreateOrder](sbeTemplateId=4|sbeSchemaId=2|sbeSchemaVersion=0|sbeBlockLength=33):instrumentId=0|price=98|quantity=46|side=BUY|orderId=20
16:14:39.299 [main] INFO  c.gettingstarted.MyAlgoLogic - [MYALGO] In Algo Logic.... HeLlO
16:14:39.299 [main] INFO  c.gettingstarted.MyAlgoLogic - [MYALGO] The state of the order book is:
|----BID-----||----ASK----|
   101 @ 100    100 @ 98
   200 @ 110    200 @ 95
  5000 @ 115    300 @ 91
|------------||-----------|

bid level is: BID[101@100] long bif level is: 3
ask level is: ASK[100@98] bid at 3
ASK[100@98]far touch 98price46
16:14:39.299 [main] INFO  c.gettingstarted.MyAlgoLogic - [MYALGO] Have:19 children, want 45, joining passive side of book with: 46 @ 98
CreateChildOrder(side=BUY,quantity=46,price=98)
active orders are [codingblackfemales.sotw.ChildOrder@fd07cbb, codingblackfemales.sotw.ChildOrder@3571b748, codingblackfemales.sotw.ChildOrder@3e96bacf, codingblackfemales.sotw.ChildOrder@484970b0, codingblackfemales.sotw.ChildOrder@4470f8a6, codingblackfemales.sotw.ChildOrder@7c83dc97, codingblackfemales.sotw.ChildOrder@7748410a, codingblackfemales.sotw.ChildOrder@740773a3, codingblackfemales.sotw.ChildOrder@37f1104d, codingblackfemales.sotw.ChildOrder@55740540, codingblackfemales.sotw.ChildOrder@60015ef5, codingblackfemales.sotw.ChildOrder@2f54a33d, codingblackfemales.sotw.ChildOrder@1018bde2, codingblackfemales.sotw.ChildOrder@65b3f4a4, codingblackfemales.sotw.ChildOrder@f2ff811, codingblackfemales.sotw.ChildOrder@568ff82, codingblackfemales.sotw.ChildOrder@50caa560, codingblackfemales.sotw.ChildOrder@2a266d09, codingblackfemales.sotw.ChildOrder@5ab9e72c]
16:14:39.299 [main] INFO  c.container.Actioner - [ALGO] Actioner, sending action:CreateChildOrder(side=BUY,quantity=46,price=98)
16:14:39.299 [main] INFO  c.sequencer.consumer.LoggingConsumer - [21] [CreateOrder](sbeTemplateId=4|sbeSchemaId=2|sbeSchemaVersion=0|sbeBlockLength=33):instrumentId=0|price=98|quantity=46|side=BUY|orderId=21
16:14:39.299 [main] INFO  c.gettingstarted.MyAlgoLogic - [MYALGO] In Algo Logic.... HeLlO
16:14:39.299 [main] INFO  c.gettingstarted.MyAlgoLogic - [MYALGO] The state of the order book is:
|----BID-----||----ASK----|
   101 @ 100    100 @ 98
   200 @ 110    200 @ 95
  5000 @ 115    300 @ 91
|------------||-----------|

bid level is: BID[101@100] long bif level is: 3
ask level is: ASK[100@98] bid at 3
ASK[100@98]far touch 98price46
16:14:39.299 [main] INFO  c.gettingstarted.MyAlgoLogic - [MYALGO] Have:20 children, want 45, joining passive side of book with: 46 @ 98
CreateChildOrder(side=BUY,quantity=46,price=98)
active orders are [codingblackfemales.sotw.ChildOrder@fd07cbb, codingblackfemales.sotw.ChildOrder@3571b748, codingblackfemales.sotw.ChildOrder@3e96bacf, codingblackfemales.sotw.ChildOrder@484970b0, codingblackfemales.sotw.ChildOrder@4470f8a6, codingblackfemales.sotw.ChildOrder@7c83dc97, codingblackfemales.sotw.ChildOrder@7748410a, codingblackfemales.sotw.ChildOrder@740773a3, codingblackfemales.sotw.ChildOrder@37f1104d, codingblackfemales.sotw.ChildOrder@55740540, codingblackfemales.sotw.ChildOrder@60015ef5, codingblackfemales.sotw.ChildOrder@2f54a33d, codingblackfemales.sotw.ChildOrder@1018bde2, codingblackfemales.sotw.ChildOrder@65b3f4a4, codingblackfemales.sotw.ChildOrder@f2ff811, codingblackfemales.sotw.ChildOrder@568ff82, codingblackfemales.sotw.ChildOrder@50caa560, codingblackfemales.sotw.ChildOrder@2a266d09, codingblackfemales.sotw.ChildOrder@5ab9e72c, codingblackfemales.sotw.ChildOrder@186f8716]
16:14:39.299 [main] INFO  c.container.Actioner - [ALGO] Actioner, sending action:CreateChildOrder(side=BUY,quantity=46,price=98)
16:14:39.299 [main] INFO  c.sequencer.consumer.LoggingConsumer - [22] [CreateOrder](sbeTemplateId=4|sbeSchemaId=2|sbeSchemaVersion=0|sbeBlockLength=33):instrumentId=0|price=98|quantity=46|side=BUY|orderId=22
16:14:39.299 [main] INFO  c.gettingstarted.MyAlgoLogic - [MYALGO] In Algo Logic.... HeLlO
16:14:39.299 [main] INFO  c.gettingstarted.MyAlgoLogic - [MYALGO] The state of the order book is:
|----BID-----||----ASK----|
   101 @ 100    100 @ 98
   200 @ 110    200 @ 95
  5000 @ 115    300 @ 91
|------------||-----------|

bid level is: BID[101@100] long bif level is: 3
ask level is: ASK[100@98] bid at 3
ASK[100@98]far touch 98price46
16:14:39.299 [main] INFO  c.gettingstarted.MyAlgoLogic - [MYALGO] Have:21 children, want 45, joining passive side of book with: 46 @ 98
CreateChildOrder(side=BUY,quantity=46,price=98)
active orders are [codingblackfemales.sotw.ChildOrder@fd07cbb, codingblackfemales.sotw.ChildOrder@3571b748, codingblackfemales.sotw.ChildOrder@3e96bacf, codingblackfemales.sotw.ChildOrder@484970b0, codingblackfemales.sotw.ChildOrder@4470f8a6, codingblackfemales.sotw.ChildOrder@7c83dc97, codingblackfemales.sotw.ChildOrder@7748410a, codingblackfemales.sotw.ChildOrder@740773a3, codingblackfemales.sotw.ChildOrder@37f1104d, codingblackfemales.sotw.ChildOrder@55740540, codingblackfemales.sotw.ChildOrder@60015ef5, codingblackfemales.sotw.ChildOrder@2f54a33d, codingblackfemales.sotw.ChildOrder@1018bde2, codingblackfemales.sotw.ChildOrder@65b3f4a4, codingblackfemales.sotw.ChildOrder@f2ff811, codingblackfemales.sotw.ChildOrder@568ff82, codingblackfemales.sotw.ChildOrder@50caa560, codingblackfemales.sotw.ChildOrder@2a266d09, codingblackfemales.sotw.ChildOrder@5ab9e72c, codingblackfemales.sotw.ChildOrder@186f8716, codingblackfemales.sotw.ChildOrder@1d8bd0de]
16:14:39.299 [main] INFO  c.container.Actioner - [ALGO] Actioner, sending action:CreateChildOrder(side=BUY,quantity=46,price=98)
16:14:39.299 [main] INFO  c.sequencer.consumer.LoggingConsumer - [23] [CreateOrder](sbeTemplateId=4|sbeSchemaId=2|sbeSchemaVersion=0|sbeBlockLength=33):instrumentId=0|price=98|quantity=46|side=BUY|orderId=23
16:14:39.299 [main] INFO  c.gettingstarted.MyAlgoLogic - [MYALGO] In Algo Logic.... HeLlO
16:14:39.299 [main] INFO  c.gettingstarted.MyAlgoLogic - [MYALGO] The state of the order book is:
|----BID-----||----ASK----|
   101 @ 100    100 @ 98
   200 @ 110    200 @ 95
  5000 @ 115    300 @ 91
|------------||-----------|

bid level is: BID[101@100] long bif level is: 3
ask level is: ASK[100@98] bid at 3
ASK[100@98]far touch 98price46
16:14:39.299 [main] INFO  c.gettingstarted.MyAlgoLogic - [MYALGO] Have:22 children, want 45, joining passive side of book with: 46 @ 98
CreateChildOrder(side=BUY,quantity=46,price=98)
active orders are [codingblackfemales.sotw.ChildOrder@fd07cbb, codingblackfemales.sotw.ChildOrder@3571b748, codingblackfemales.sotw.ChildOrder@3e96bacf, codingblackfemales.sotw.ChildOrder@484970b0, codingblackfemales.sotw.ChildOrder@4470f8a6, codingblackfemales.sotw.ChildOrder@7c83dc97, codingblackfemales.sotw.ChildOrder@7748410a, codingblackfemales.sotw.ChildOrder@740773a3, codingblackfemales.sotw.ChildOrder@37f1104d, codingblackfemales.sotw.ChildOrder@55740540, codingblackfemales.sotw.ChildOrder@60015ef5, codingblackfemales.sotw.ChildOrder@2f54a33d, codingblackfemales.sotw.ChildOrder@1018bde2, codingblackfemales.sotw.ChildOrder@65b3f4a4, codingblackfemales.sotw.ChildOrder@f2ff811, codingblackfemales.sotw.ChildOrder@568ff82, codingblackfemales.sotw.ChildOrder@50caa560, codingblackfemales.sotw.ChildOrder@2a266d09, codingblackfemales.sotw.ChildOrder@5ab9e72c, codingblackfemales.sotw.ChildOrder@186f8716, codingblackfemales.sotw.ChildOrder@1d8bd0de, codingblackfemales.sotw.ChildOrder@45ca843]
16:14:39.299 [main] INFO  c.container.Actioner - [ALGO] Actioner, sending action:CreateChildOrder(side=BUY,quantity=46,price=98)
16:14:39.299 [main] INFO  c.sequencer.consumer.LoggingConsumer - [24] [CreateOrder](sbeTemplateId=4|sbeSchemaId=2|sbeSchemaVersion=0|sbeBlockLength=33):instrumentId=0|price=98|quantity=46|side=BUY|orderId=24
16:14:39.299 [main] INFO  c.gettingstarted.MyAlgoLogic - [MYALGO] In Algo Logic.... HeLlO
16:14:39.299 [main] INFO  c.gettingstarted.MyAlgoLogic - [MYALGO] The state of the order book is:
|----BID-----||----ASK----|
   101 @ 100    100 @ 98
   200 @ 110    200 @ 95
  5000 @ 115    300 @ 91
|------------||-----------|

bid level is: BID[101@100] long bif level is: 3
ask level is: ASK[100@98] bid at 3
ASK[100@98]far touch 98price46
16:14:39.299 [main] INFO  c.gettingstarted.MyAlgoLogic - [MYALGO] Have:23 children, want 45, joining passive side of book with: 46 @ 98
CreateChildOrder(side=BUY,quantity=46,price=98)
active orders are [codingblackfemales.sotw.ChildOrder@fd07cbb, codingblackfemales.sotw.ChildOrder@3571b748, codingblackfemales.sotw.ChildOrder@3e96bacf, codingblackfemales.sotw.ChildOrder@484970b0, codingblackfemales.sotw.ChildOrder@4470f8a6, codingblackfemales.sotw.ChildOrder@7c83dc97, codingblackfemales.sotw.ChildOrder@7748410a, codingblackfemales.sotw.ChildOrder@740773a3, codingblackfemales.sotw.ChildOrder@37f1104d, codingblackfemales.sotw.ChildOrder@55740540, codingblackfemales.sotw.ChildOrder@60015ef5, codingblackfemales.sotw.ChildOrder@2f54a33d, codingblackfemales.sotw.ChildOrder@1018bde2, codingblackfemales.sotw.ChildOrder@65b3f4a4, codingblackfemales.sotw.ChildOrder@f2ff811, codingblackfemales.sotw.ChildOrder@568ff82, codingblackfemales.sotw.ChildOrder@50caa560, codingblackfemales.sotw.ChildOrder@2a266d09, codingblackfemales.sotw.ChildOrder@5ab9e72c, codingblackfemales.sotw.ChildOrder@186f8716, codingblackfemales.sotw.ChildOrder@1d8bd0de, codingblackfemales.sotw.ChildOrder@45ca843, codingblackfemales.sotw.ChildOrder@11c9af63]
16:14:39.299 [main] INFO  c.container.Actioner - [ALGO] Actioner, sending action:CreateChildOrder(side=BUY,quantity=46,price=98)
16:14:39.299 [main] INFO  c.sequencer.consumer.LoggingConsumer - [25] [CreateOrder](sbeTemplateId=4|sbeSchemaId=2|sbeSchemaVersion=0|sbeBlockLength=33):instrumentId=0|price=98|quantity=46|side=BUY|orderId=25
16:14:39.299 [main] INFO  c.gettingstarted.MyAlgoLogic - [MYALGO] In Algo Logic.... HeLlO
16:14:39.299 [main] INFO  c.gettingstarted.MyAlgoLogic - [MYALGO] The state of the order book is:
|----BID-----||----ASK----|
   101 @ 100    100 @ 98
   200 @ 110    200 @ 95
  5000 @ 115    300 @ 91
|------------||-----------|

bid level is: BID[101@100] long bif level is: 3
ask level is: ASK[100@98] bid at 3
ASK[100@98]far touch 98price46
16:14:39.299 [main] INFO  c.gettingstarted.MyAlgoLogic - [MYALGO] Have:24 children, want 45, joining passive side of book with: 46 @ 98
CreateChildOrder(side=BUY,quantity=46,price=98)
active orders are [codingblackfemales.sotw.ChildOrder@fd07cbb, codingblackfemales.sotw.ChildOrder@3571b748, codingblackfemales.sotw.ChildOrder@3e96bacf, codingblackfemales.sotw.ChildOrder@484970b0, codingblackfemales.sotw.ChildOrder@4470f8a6, codingblackfemales.sotw.ChildOrder@7c83dc97, codingblackfemales.sotw.ChildOrder@7748410a, codingblackfemales.sotw.ChildOrder@740773a3, codingblackfemales.sotw.ChildOrder@37f1104d, codingblackfemales.sotw.ChildOrder@55740540, codingblackfemales.sotw.ChildOrder@60015ef5, codingblackfemales.sotw.ChildOrder@2f54a33d, codingblackfemales.sotw.ChildOrder@1018bde2, codingblackfemales.sotw.ChildOrder@65b3f4a4, codingblackfemales.sotw.ChildOrder@f2ff811, codingblackfemales.sotw.ChildOrder@568ff82, codingblackfemales.sotw.ChildOrder@50caa560, codingblackfemales.sotw.ChildOrder@2a266d09, codingblackfemales.sotw.ChildOrder@5ab9e72c, codingblackfemales.sotw.ChildOrder@186f8716, codingblackfemales.sotw.ChildOrder@1d8bd0de, codingblackfemales.sotw.ChildOrder@45ca843, codingblackfemales.sotw.ChildOrder@11c9af63, codingblackfemales.sotw.ChildOrder@757acd7b]
16:14:39.299 [main] INFO  c.container.Actioner - [ALGO] Actioner, sending action:CreateChildOrder(side=BUY,quantity=46,price=98)
16:14:39.299 [main] INFO  c.sequencer.consumer.LoggingConsumer - [26] [CreateOrder](sbeTemplateId=4|sbeSchemaId=2|sbeSchemaVersion=0|sbeBlockLength=33):instrumentId=0|price=98|quantity=46|side=BUY|orderId=26
16:14:39.299 [main] INFO  c.gettingstarted.MyAlgoLogic - [MYALGO] In Algo Logic.... HeLlO
16:14:39.299 [main] INFO  c.gettingstarted.MyAlgoLogic - [MYALGO] The state of the order book is:
|----BID-----||----ASK----|
   101 @ 100    100 @ 98
   200 @ 110    200 @ 95
  5000 @ 115    300 @ 91
|------------||-----------|

bid level is: BID[101@100] long bif level is: 3
ask level is: ASK[100@98] bid at 3
ASK[100@98]far touch 98price46
16:14:39.299 [main] INFO  c.gettingstarted.MyAlgoLogic - [MYALGO] Have:25 children, want 45, joining passive side of book with: 46 @ 98
CreateChildOrder(side=BUY,quantity=46,price=98)
active orders are [codingblackfemales.sotw.ChildOrder@fd07cbb, codingblackfemales.sotw.ChildOrder@3571b748, codingblackfemales.sotw.ChildOrder@3e96bacf, codingblackfemales.sotw.ChildOrder@484970b0, codingblackfemales.sotw.ChildOrder@4470f8a6, codingblackfemales.sotw.ChildOrder@7c83dc97, codingblackfemales.sotw.ChildOrder@7748410a, codingblackfemales.sotw.ChildOrder@740773a3, codingblackfemales.sotw.ChildOrder@37f1104d, codingblackfemales.sotw.ChildOrder@55740540, codingblackfemales.sotw.ChildOrder@60015ef5, codingblackfemales.sotw.ChildOrder@2f54a33d, codingblackfemales.sotw.ChildOrder@1018bde2, codingblackfemales.sotw.ChildOrder@65b3f4a4, codingblackfemales.sotw.ChildOrder@f2ff811, codingblackfemales.sotw.ChildOrder@568ff82, codingblackfemales.sotw.ChildOrder@50caa560, codingblackfemales.sotw.ChildOrder@2a266d09, codingblackfemales.sotw.ChildOrder@5ab9e72c, codingblackfemales.sotw.ChildOrder@186f8716, codingblackfemales.sotw.ChildOrder@1d8bd0de, codingblackfemales.sotw.ChildOrder@45ca843, codingblackfemales.sotw.ChildOrder@11c9af63, codingblackfemales.sotw.ChildOrder@757acd7b, codingblackfemales.sotw.ChildOrder@36b4fe2a]
16:14:39.299 [main] INFO  c.container.Actioner - [ALGO] Actioner, sending action:CreateChildOrder(side=BUY,quantity=46,price=98)
16:14:39.314 [main] INFO  c.sequencer.consumer.LoggingConsumer - [27] [CreateOrder](sbeTemplateId=4|sbeSchemaId=2|sbeSchemaVersion=0|sbeBlockLength=33):instrumentId=0|price=98|quantity=46|side=BUY|orderId=27
16:14:39.314 [main] INFO  c.gettingstarted.MyAlgoLogic - [MYALGO] In Algo Logic.... HeLlO
16:14:39.314 [main] INFO  c.gettingstarted.MyAlgoLogic - [MYALGO] The state of the order book is:
|----BID-----||----ASK----|
   101 @ 100    100 @ 98
   200 @ 110    200 @ 95
  5000 @ 115    300 @ 91
|------------||-----------|

bid level is: BID[101@100] long bif level is: 3
ask level is: ASK[100@98] bid at 3
ASK[100@98]far touch 98price46
16:14:39.314 [main] INFO  c.gettingstarted.MyAlgoLogic - [MYALGO] Have:26 children, want 45, joining passive side of book with: 46 @ 98
CreateChildOrder(side=BUY,quantity=46,price=98)
active orders are [codingblackfemales.sotw.ChildOrder@fd07cbb, codingblackfemales.sotw.ChildOrder@3571b748, codingblackfemales.sotw.ChildOrder@3e96bacf, codingblackfemales.sotw.ChildOrder@484970b0, codingblackfemales.sotw.ChildOrder@4470f8a6, codingblackfemales.sotw.ChildOrder@7c83dc97, codingblackfemales.sotw.ChildOrder@7748410a, codingblackfemales.sotw.ChildOrder@740773a3, codingblackfemales.sotw.ChildOrder@37f1104d, codingblackfemales.sotw.ChildOrder@55740540, codingblackfemales.sotw.ChildOrder@60015ef5, codingblackfemales.sotw.ChildOrder@2f54a33d, codingblackfemales.sotw.ChildOrder@1018bde2, codingblackfemales.sotw.ChildOrder@65b3f4a4, codingblackfemales.sotw.ChildOrder@f2ff811, codingblackfemales.sotw.ChildOrder@568ff82, codingblackfemales.sotw.ChildOrder@50caa560, codingblackfemales.sotw.ChildOrder@2a266d09, codingblackfemales.sotw.ChildOrder@5ab9e72c, codingblackfemales.sotw.ChildOrder@186f8716, codingblackfemales.sotw.ChildOrder@1d8bd0de, codingblackfemales.sotw.ChildOrder@45ca843, codingblackfemales.sotw.ChildOrder@11c9af63, codingblackfemales.sotw.ChildOrder@757acd7b, codingblackfemales.sotw.ChildOrder@36b4fe2a, codingblackfemales.sotw.ChildOrder@574b560f]
16:14:39.314 [main] INFO  c.container.Actioner - [ALGO] Actioner, sending action:CreateChildOrder(side=BUY,quantity=46,price=98)
16:14:39.314 [main] INFO  c.sequencer.consumer.LoggingConsumer - [28] [CreateOrder](sbeTemplateId=4|sbeSchemaId=2|sbeSchemaVersion=0|sbeBlockLength=33):instrumentId=0|price=98|quantity=46|side=BUY|orderId=28
16:14:39.314 [main] INFO  c.gettingstarted.MyAlgoLogic - [MYALGO] In Algo Logic.... HeLlO
16:14:39.314 [main] INFO  c.gettingstarted.MyAlgoLogic - [MYALGO] The state of the order book is:
|----BID-----||----ASK----|
   101 @ 100    100 @ 98
   200 @ 110    200 @ 95
  5000 @ 115    300 @ 91
|------------||-----------|

bid level is: BID[101@100] long bif level is: 3
ask level is: ASK[100@98] bid at 3
ASK[100@98]far touch 98price46
16:14:39.314 [main] INFO  c.gettingstarted.MyAlgoLogic - [MYALGO] Have:27 children, want 45, joining passive side of book with: 46 @ 98
CreateChildOrder(side=BUY,quantity=46,price=98)
active orders are [codingblackfemales.sotw.ChildOrder@fd07cbb, codingblackfemales.sotw.ChildOrder@3571b748, codingblackfemales.sotw.ChildOrder@3e96bacf, codingblackfemales.sotw.ChildOrder@484970b0, codingblackfemales.sotw.ChildOrder@4470f8a6, codingblackfemales.sotw.ChildOrder@7c83dc97, codingblackfemales.sotw.ChildOrder@7748410a, codingblackfemales.sotw.ChildOrder@740773a3, codingblackfemales.sotw.ChildOrder@37f1104d, codingblackfemales.sotw.ChildOrder@55740540, codingblackfemales.sotw.ChildOrder@60015ef5, codingblackfemales.sotw.ChildOrder@2f54a33d, codingblackfemales.sotw.ChildOrder@1018bde2, codingblackfemales.sotw.ChildOrder@65b3f4a4, codingblackfemales.sotw.ChildOrder@f2ff811, codingblackfemales.sotw.ChildOrder@568ff82, codingblackfemales.sotw.ChildOrder@50caa560, codingblackfemales.sotw.ChildOrder@2a266d09, codingblackfemales.sotw.ChildOrder@5ab9e72c, codingblackfemales.sotw.ChildOrder@186f8716, codingblackfemales.sotw.ChildOrder@1d8bd0de, codingblackfemales.sotw.ChildOrder@45ca843, codingblackfemales.sotw.ChildOrder@11c9af63, codingblackfemales.sotw.ChildOrder@757acd7b, codingblackfemales.sotw.ChildOrder@36b4fe2a, codingblackfemales.sotw.ChildOrder@574b560f, codingblackfemales.sotw.ChildOrder@ba54932]
16:14:39.314 [main] INFO  c.container.Actioner - [ALGO] Actioner, sending action:CreateChildOrder(side=BUY,quantity=46,price=98)
16:14:39.314 [main] INFO  c.sequencer.consumer.LoggingConsumer - [29] [CreateOrder](sbeTemplateId=4|sbeSchemaId=2|sbeSchemaVersion=0|sbeBlockLength=33):instrumentId=0|price=98|quantity=46|side=BUY|orderId=29
16:14:39.314 [main] INFO  c.gettingstarted.MyAlgoLogic - [MYALGO] In Algo Logic.... HeLlO
16:14:39.314 [main] INFO  c.gettingstarted.MyAlgoLogic - [MYALGO] The state of the order book is:
|----BID-----||----ASK----|
   101 @ 100    100 @ 98
   200 @ 110    200 @ 95
  5000 @ 115    300 @ 91
|------------||-----------|

bid level is: BID[101@100] long bif level is: 3
ask level is: ASK[100@98] bid at 3
ASK[100@98]far touch 98price46
16:14:39.314 [main] INFO  c.gettingstarted.MyAlgoLogic - [MYALGO] Have:28 children, want 45, joining passive side of book with: 46 @ 98
CreateChildOrder(side=BUY,quantity=46,price=98)
active orders are [codingblackfemales.sotw.ChildOrder@fd07cbb, codingblackfemales.sotw.ChildOrder@3571b748, codingblackfemales.sotw.ChildOrder@3e96bacf, codingblackfemales.sotw.ChildOrder@484970b0, codingblackfemales.sotw.ChildOrder@4470f8a6, codingblackfemales.sotw.ChildOrder@7c83dc97, codingblackfemales.sotw.ChildOrder@7748410a, codingblackfemales.sotw.ChildOrder@740773a3, codingblackfemales.sotw.ChildOrder@37f1104d, codingblackfemales.sotw.ChildOrder@55740540, codingblackfemales.sotw.ChildOrder@60015ef5, codingblackfemales.sotw.ChildOrder@2f54a33d, codingblackfemales.sotw.ChildOrder@1018bde2, codingblackfemales.sotw.ChildOrder@65b3f4a4, codingblackfemales.sotw.ChildOrder@f2ff811, codingblackfemales.sotw.ChildOrder@568ff82, codingblackfemales.sotw.ChildOrder@50caa560, codingblackfemales.sotw.ChildOrder@2a266d09, codingblackfemales.sotw.ChildOrder@5ab9e72c, codingblackfemales.sotw.ChildOrder@186f8716, codingblackfemales.sotw.ChildOrder@1d8bd0de, codingblackfemales.sotw.ChildOrder@45ca843, codingblackfemales.sotw.ChildOrder@11c9af63, codingblackfemales.sotw.ChildOrder@757acd7b, codingblackfemales.sotw.ChildOrder@36b4fe2a, codingblackfemales.sotw.ChildOrder@574b560f, codingblackfemales.sotw.ChildOrder@ba54932, codingblackfemales.sotw.ChildOrder@28975c28]
16:14:39.314 [main] INFO  c.container.Actioner - [ALGO] Actioner, sending action:CreateChildOrder(side=BUY,quantity=46,price=98)
16:14:39.314 [main] INFO  c.sequencer.consumer.LoggingConsumer - [30] [CreateOrder](sbeTemplateId=4|sbeSchemaId=2|sbeSchemaVersion=0|sbeBlockLength=33):instrumentId=0|price=98|quantity=46|side=BUY|orderId=30
16:14:39.314 [main] INFO  c.gettingstarted.MyAlgoLogic - [MYALGO] In Algo Logic.... HeLlO
16:14:39.314 [main] INFO  c.gettingstarted.MyAlgoLogic - [MYALGO] The state of the order book is:
|----BID-----||----ASK----|
   101 @ 100    100 @ 98
   200 @ 110    200 @ 95
  5000 @ 115    300 @ 91
|------------||-----------|

bid level is: BID[101@100] long bif level is: 3
ask level is: ASK[100@98] bid at 3
ASK[100@98]far touch 98price46
16:14:39.314 [main] INFO  c.gettingstarted.MyAlgoLogic - [MYALGO] Have:29 children, want 45, joining passive side of book with: 46 @ 98
CreateChildOrder(side=BUY,quantity=46,price=98)
active orders are [codingblackfemales.sotw.ChildOrder@fd07cbb, codingblackfemales.sotw.ChildOrder@3571b748, codingblackfemales.sotw.ChildOrder@3e96bacf, codingblackfemales.sotw.ChildOrder@484970b0, codingblackfemales.sotw.ChildOrder@4470f8a6, codingblackfemales.sotw.ChildOrder@7c83dc97, codingblackfemales.sotw.ChildOrder@7748410a, codingblackfemales.sotw.ChildOrder@740773a3, codingblackfemales.sotw.ChildOrder@37f1104d, codingblackfemales.sotw.ChildOrder@55740540, codingblackfemales.sotw.ChildOrder@60015ef5, codingblackfemales.sotw.ChildOrder@2f54a33d, codingblackfemales.sotw.ChildOrder@1018bde2, codingblackfemales.sotw.ChildOrder@65b3f4a4, codingblackfemales.sotw.ChildOrder@f2ff811, codingblackfemales.sotw.ChildOrder@568ff82, codingblackfemales.sotw.ChildOrder@50caa560, codingblackfemales.sotw.ChildOrder@2a266d09, codingblackfemales.sotw.ChildOrder@5ab9e72c, codingblackfemales.sotw.ChildOrder@186f8716, codingblackfemales.sotw.ChildOrder@1d8bd0de, codingblackfemales.sotw.ChildOrder@45ca843, codingblackfemales.sotw.ChildOrder@11c9af63, codingblackfemales.sotw.ChildOrder@757acd7b, codingblackfemales.sotw.ChildOrder@36b4fe2a, codingblackfemales.sotw.ChildOrder@574b560f, codingblackfemales.sotw.ChildOrder@ba54932, codingblackfemales.sotw.ChildOrder@28975c28, codingblackfemales.sotw.ChildOrder@3943a2be]
16:14:39.314 [main] INFO  c.container.Actioner - [ALGO] Actioner, sending action:CreateChildOrder(side=BUY,quantity=46,price=98)
16:14:39.314 [main] INFO  c.sequencer.consumer.LoggingConsumer - [31] [CreateOrder](sbeTemplateId=4|sbeSchemaId=2|sbeSchemaVersion=0|sbeBlockLength=33):instrumentId=0|price=98|quantity=46|side=BUY|orderId=31
16:14:39.314 [main] INFO  c.gettingstarted.MyAlgoLogic - [MYALGO] In Algo Logic.... HeLlO
16:14:39.314 [main] INFO  c.gettingstarted.MyAlgoLogic - [MYALGO] The state of the order book is:
|----BID-----||----ASK----|
   101 @ 100    100 @ 98
   200 @ 110    200 @ 95
  5000 @ 115    300 @ 91
|------------||-----------|

bid level is: BID[101@100] long bif level is: 3
ask level is: ASK[100@98] bid at 3
ASK[100@98]far touch 98price46
16:14:39.314 [main] INFO  c.gettingstarted.MyAlgoLogic - [MYALGO] Have:30 children, want 45, joining passive side of book with: 46 @ 98
CreateChildOrder(side=BUY,quantity=46,price=98)
active orders are [codingblackfemales.sotw.ChildOrder@fd07cbb, codingblackfemales.sotw.ChildOrder@3571b748, codingblackfemales.sotw.ChildOrder@3e96bacf, codingblackfemales.sotw.ChildOrder@484970b0, codingblackfemales.sotw.ChildOrder@4470f8a6, codingblackfemales.sotw.ChildOrder@7c83dc97, codingblackfemales.sotw.ChildOrder@7748410a, codingblackfemales.sotw.ChildOrder@740773a3, codingblackfemales.sotw.ChildOrder@37f1104d, codingblackfemales.sotw.ChildOrder@55740540, codingblackfemales.sotw.ChildOrder@60015ef5, codingblackfemales.sotw.ChildOrder@2f54a33d, codingblackfemales.sotw.ChildOrder@1018bde2, codingblackfemales.sotw.ChildOrder@65b3f4a4, codingblackfemales.sotw.ChildOrder@f2ff811, codingblackfemales.sotw.ChildOrder@568ff82, codingblackfemales.sotw.ChildOrder@50caa560, codingblackfemales.sotw.ChildOrder@2a266d09, codingblackfemales.sotw.ChildOrder@5ab9e72c, codingblackfemales.sotw.ChildOrder@186f8716, codingblackfemales.sotw.ChildOrder@1d8bd0de, codingblackfemales.sotw.ChildOrder@45ca843, codingblackfemales.sotw.ChildOrder@11c9af63, codingblackfemales.sotw.ChildOrder@757acd7b, codingblackfemales.sotw.ChildOrder@36b4fe2a, codingblackfemales.sotw.ChildOrder@574b560f, codingblackfemales.sotw.ChildOrder@ba54932, codingblackfemales.sotw.ChildOrder@28975c28, codingblackfemales.sotw.ChildOrder@3943a2be, codingblackfemales.sotw.ChildOrder@343570b7]
16:14:39.314 [main] INFO  c.container.Actioner - [ALGO] Actioner, sending action:CreateChildOrder(side=BUY,quantity=46,price=98)
16:14:39.314 [main] INFO  c.sequencer.consumer.LoggingConsumer - [32] [CreateOrder](sbeTemplateId=4|sbeSchemaId=2|sbeSchemaVersion=0|sbeBlockLength=33):instrumentId=0|price=98|quantity=46|side=BUY|orderId=32
16:14:39.314 [main] INFO  c.gettingstarted.MyAlgoLogic - [MYALGO] In Algo Logic.... HeLlO
16:14:39.314 [main] INFO  c.gettingstarted.MyAlgoLogic - [MYALGO] The state of the order book is:
|----BID-----||----ASK----|
   101 @ 100    100 @ 98
   200 @ 110    200 @ 95
  5000 @ 115    300 @ 91
|------------||-----------|

bid level is: BID[101@100] long bif level is: 3
ask level is: ASK[100@98] bid at 3
ASK[100@98]far touch 98price46
16:14:39.314 [main] INFO  c.gettingstarted.MyAlgoLogic - [MYALGO] Have:31 children, want 45, joining passive side of book with: 46 @ 98
CreateChildOrder(side=BUY,quantity=46,price=98)
active orders are [codingblackfemales.sotw.ChildOrder@fd07cbb, codingblackfemales.sotw.ChildOrder@3571b748, codingblackfemales.sotw.ChildOrder@3e96bacf, codingblackfemales.sotw.ChildOrder@484970b0, codingblackfemales.sotw.ChildOrder@4470f8a6, codingblackfemales.sotw.ChildOrder@7c83dc97, codingblackfemales.sotw.ChildOrder@7748410a, codingblackfemales.sotw.ChildOrder@740773a3, codingblackfemales.sotw.ChildOrder@37f1104d, codingblackfemales.sotw.ChildOrder@55740540, codingblackfemales.sotw.ChildOrder@60015ef5, codingblackfemales.sotw.ChildOrder@2f54a33d, codingblackfemales.sotw.ChildOrder@1018bde2, codingblackfemales.sotw.ChildOrder@65b3f4a4, codingblackfemales.sotw.ChildOrder@f2ff811, codingblackfemales.sotw.ChildOrder@568ff82, codingblackfemales.sotw.ChildOrder@50caa560, codingblackfemales.sotw.ChildOrder@2a266d09, codingblackfemales.sotw.ChildOrder@5ab9e72c, codingblackfemales.sotw.ChildOrder@186f8716, codingblackfemales.sotw.ChildOrder@1d8bd0de, codingblackfemales.sotw.ChildOrder@45ca843, codingblackfemales.sotw.ChildOrder@11c9af63, codingblackfemales.sotw.ChildOrder@757acd7b, codingblackfemales.sotw.ChildOrder@36b4fe2a, codingblackfemales.sotw.ChildOrder@574b560f, codingblackfemales.sotw.ChildOrder@ba54932, codingblackfemales.sotw.ChildOrder@28975c28, codingblackfemales.sotw.ChildOrder@3943a2be, codingblackfemales.sotw.ChildOrder@343570b7, codingblackfemales.sotw.ChildOrder@157853da]
16:14:39.314 [main] INFO  c.container.Actioner - [ALGO] Actioner, sending action:CreateChildOrder(side=BUY,quantity=46,price=98)
16:14:39.314 [main] INFO  c.sequencer.consumer.LoggingConsumer - [33] [CreateOrder](sbeTemplateId=4|sbeSchemaId=2|sbeSchemaVersion=0|sbeBlockLength=33):instrumentId=0|price=98|quantity=46|side=BUY|orderId=33
16:14:39.314 [main] INFO  c.gettingstarted.MyAlgoLogic - [MYALGO] In Algo Logic.... HeLlO
16:14:39.314 [main] INFO  c.gettingstarted.MyAlgoLogic - [MYALGO] The state of the order book is:
|----BID-----||----ASK----|
   101 @ 100    100 @ 98
   200 @ 110    200 @ 95
  5000 @ 115    300 @ 91
|------------||-----------|

bid level is: BID[101@100] long bif level is: 3
ask level is: ASK[100@98] bid at 3
ASK[100@98]far touch 98price46
16:14:39.314 [main] INFO  c.gettingstarted.MyAlgoLogic - [MYALGO] Have:32 children, want 45, joining passive side of book with: 46 @ 98
CreateChildOrder(side=BUY,quantity=46,price=98)
active orders are [codingblackfemales.sotw.ChildOrder@fd07cbb, codingblackfemales.sotw.ChildOrder@3571b748, codingblackfemales.sotw.ChildOrder@3e96bacf, codingblackfemales.sotw.ChildOrder@484970b0, codingblackfemales.sotw.ChildOrder@4470f8a6, codingblackfemales.sotw.ChildOrder@7c83dc97, codingblackfemales.sotw.ChildOrder@7748410a, codingblackfemales.sotw.ChildOrder@740773a3, codingblackfemales.sotw.ChildOrder@37f1104d, codingblackfemales.sotw.ChildOrder@55740540, codingblackfemales.sotw.ChildOrder@60015ef5, codingblackfemales.sotw.ChildOrder@2f54a33d, codingblackfemales.sotw.ChildOrder@1018bde2, codingblackfemales.sotw.ChildOrder@65b3f4a4, codingblackfemales.sotw.ChildOrder@f2ff811, codingblackfemales.sotw.ChildOrder@568ff82, codingblackfemales.sotw.ChildOrder@50caa560, codingblackfemales.sotw.ChildOrder@2a266d09, codingblackfemales.sotw.ChildOrder@5ab9e72c, codingblackfemales.sotw.ChildOrder@186f8716, codingblackfemales.sotw.ChildOrder@1d8bd0de, codingblackfemales.sotw.ChildOrder@45ca843, codingblackfemales.sotw.ChildOrder@11c9af63, codingblackfemales.sotw.ChildOrder@757acd7b, codingblackfemales.sotw.ChildOrder@36b4fe2a, codingblackfemales.sotw.ChildOrder@574b560f, codingblackfemales.sotw.ChildOrder@ba54932, codingblackfemales.sotw.ChildOrder@28975c28, codingblackfemales.sotw.ChildOrder@3943a2be, codingblackfemales.sotw.ChildOrder@343570b7, codingblackfemales.sotw.ChildOrder@157853da, codingblackfemales.sotw.ChildOrder@71c3b41]
16:14:39.314 [main] INFO  c.container.Actioner - [ALGO] Actioner, sending action:CreateChildOrder(side=BUY,quantity=46,price=98)
16:14:39.314 [main] INFO  c.sequencer.consumer.LoggingConsumer - [34] [CreateOrder](sbeTemplateId=4|sbeSchemaId=2|sbeSchemaVersion=0|sbeBlockLength=33):instrumentId=0|price=98|quantity=46|side=BUY|orderId=34
16:14:39.314 [main] INFO  c.gettingstarted.MyAlgoLogic - [MYALGO] In Algo Logic.... HeLlO
16:14:39.314 [main] INFO  c.gettingstarted.MyAlgoLogic - [MYALGO] The state of the order book is:
|----BID-----||----ASK----|
   101 @ 100    100 @ 98
   200 @ 110    200 @ 95
  5000 @ 115    300 @ 91
|------------||-----------|

bid level is: BID[101@100] long bif level is: 3
ask level is: ASK[100@98] bid at 3
ASK[100@98]far touch 98price46
16:14:39.314 [main] INFO  c.gettingstarted.MyAlgoLogic - [MYALGO] Have:33 children, want 45, joining passive side of book with: 46 @ 98
CreateChildOrder(side=BUY,quantity=46,price=98)
active orders are [codingblackfemales.sotw.ChildOrder@fd07cbb, codingblackfemales.sotw.ChildOrder@3571b748, codingblackfemales.sotw.ChildOrder@3e96bacf, codingblackfemales.sotw.ChildOrder@484970b0, codingblackfemales.sotw.ChildOrder@4470f8a6, codingblackfemales.sotw.ChildOrder@7c83dc97, codingblackfemales.sotw.ChildOrder@7748410a, codingblackfemales.sotw.ChildOrder@740773a3, codingblackfemales.sotw.ChildOrder@37f1104d, codingblackfemales.sotw.ChildOrder@55740540, codingblackfemales.sotw.ChildOrder@60015ef5, codingblackfemales.sotw.ChildOrder@2f54a33d, codingblackfemales.sotw.ChildOrder@1018bde2, codingblackfemales.sotw.ChildOrder@65b3f4a4, codingblackfemales.sotw.ChildOrder@f2ff811, codingblackfemales.sotw.ChildOrder@568ff82, codingblackfemales.sotw.ChildOrder@50caa560, codingblackfemales.sotw.ChildOrder@2a266d09, codingblackfemales.sotw.ChildOrder@5ab9e72c, codingblackfemales.sotw.ChildOrder@186f8716, codingblackfemales.sotw.ChildOrder@1d8bd0de, codingblackfemales.sotw.ChildOrder@45ca843, codingblackfemales.sotw.ChildOrder@11c9af63, codingblackfemales.sotw.ChildOrder@757acd7b, codingblackfemales.sotw.ChildOrder@36b4fe2a, codingblackfemales.sotw.ChildOrder@574b560f, codingblackfemales.sotw.ChildOrder@ba54932, codingblackfemales.sotw.ChildOrder@28975c28, codingblackfemales.sotw.ChildOrder@3943a2be, codingblackfemales.sotw.ChildOrder@343570b7, codingblackfemales.sotw.ChildOrder@157853da, codingblackfemales.sotw.ChildOrder@71c3b41, codingblackfemales.sotw.ChildOrder@236e3f4e]
16:14:39.314 [main] INFO  c.container.Actioner - [ALGO] Actioner, sending action:CreateChildOrder(side=BUY,quantity=46,price=98)
16:14:39.314 [main] INFO  c.sequencer.consumer.LoggingConsumer - [35] [CreateOrder](sbeTemplateId=4|sbeSchemaId=2|sbeSchemaVersion=0|sbeBlockLength=33):instrumentId=0|price=98|quantity=46|side=BUY|orderId=35
16:14:39.314 [main] INFO  c.gettingstarted.MyAlgoLogic - [MYALGO] In Algo Logic.... HeLlO
16:14:39.314 [main] INFO  c.gettingstarted.MyAlgoLogic - [MYALGO] The state of the order book is:
|----BID-----||----ASK----|
   101 @ 100    100 @ 98
   200 @ 110    200 @ 95
  5000 @ 115    300 @ 91
|------------||-----------|

bid level is: BID[101@100] long bif level is: 3
ask level is: ASK[100@98] bid at 3
ASK[100@98]far touch 98price46
16:14:39.314 [main] INFO  c.gettingstarted.MyAlgoLogic - [MYALGO] Have:34 children, want 45, joining passive side of book with: 46 @ 98
CreateChildOrder(side=BUY,quantity=46,price=98)
active orders are [codingblackfemales.sotw.ChildOrder@fd07cbb, codingblackfemales.sotw.ChildOrder@3571b748, codingblackfemales.sotw.ChildOrder@3e96bacf, codingblackfemales.sotw.ChildOrder@484970b0, codingblackfemales.sotw.ChildOrder@4470f8a6, codingblackfemales.sotw.ChildOrder@7c83dc97, codingblackfemales.sotw.ChildOrder@7748410a, codingblackfemales.sotw.ChildOrder@740773a3, codingblackfemales.sotw.ChildOrder@37f1104d, codingblackfemales.sotw.ChildOrder@55740540, codingblackfemales.sotw.ChildOrder@60015ef5, codingblackfemales.sotw.ChildOrder@2f54a33d, codingblackfemales.sotw.ChildOrder@1018bde2, codingblackfemales.sotw.ChildOrder@65b3f4a4, codingblackfemales.sotw.ChildOrder@f2ff811, codingblackfemales.sotw.ChildOrder@568ff82, codingblackfemales.sotw.ChildOrder@50caa560, codingblackfemales.sotw.ChildOrder@2a266d09, codingblackfemales.sotw.ChildOrder@5ab9e72c, codingblackfemales.sotw.ChildOrder@186f8716, codingblackfemales.sotw.ChildOrder@1d8bd0de, codingblackfemales.sotw.ChildOrder@45ca843, codingblackfemales.sotw.ChildOrder@11c9af63, codingblackfemales.sotw.ChildOrder@757acd7b, codingblackfemales.sotw.ChildOrder@36b4fe2a, codingblackfemales.sotw.ChildOrder@574b560f, codingblackfemales.sotw.ChildOrder@ba54932, codingblackfemales.sotw.ChildOrder@28975c28, codingblackfemales.sotw.ChildOrder@3943a2be, codingblackfemales.sotw.ChildOrder@343570b7, codingblackfemales.sotw.ChildOrder@157853da, codingblackfemales.sotw.ChildOrder@71c3b41, codingblackfemales.sotw.ChildOrder@236e3f4e, codingblackfemales.sotw.ChildOrder@3cc1435c]
16:14:39.314 [main] INFO  c.container.Actioner - [ALGO] Actioner, sending action:CreateChildOrder(side=BUY,quantity=46,price=98)
16:14:39.314 [main] INFO  c.sequencer.consumer.LoggingConsumer - [36] [CreateOrder](sbeTemplateId=4|sbeSchemaId=2|sbeSchemaVersion=0|sbeBlockLength=33):instrumentId=0|price=98|quantity=46|side=BUY|orderId=36
16:14:39.314 [main] INFO  c.gettingstarted.MyAlgoLogic - [MYALGO] In Algo Logic.... HeLlO
16:14:39.314 [main] INFO  c.gettingstarted.MyAlgoLogic - [MYALGO] The state of the order book is:
|----BID-----||----ASK----|
   101 @ 100    100 @ 98
   200 @ 110    200 @ 95
  5000 @ 115    300 @ 91
|------------||-----------|

bid level is: BID[101@100] long bif level is: 3
ask level is: ASK[100@98] bid at 3
ASK[100@98]far touch 98price46
16:14:39.314 [main] INFO  c.gettingstarted.MyAlgoLogic - [MYALGO] Have:35 children, want 45, joining passive side of book with: 46 @ 98
CreateChildOrder(side=BUY,quantity=46,price=98)
active orders are [codingblackfemales.sotw.ChildOrder@fd07cbb, codingblackfemales.sotw.ChildOrder@3571b748, codingblackfemales.sotw.ChildOrder@3e96bacf, codingblackfemales.sotw.ChildOrder@484970b0, codingblackfemales.sotw.ChildOrder@4470f8a6, codingblackfemales.sotw.ChildOrder@7c83dc97, codingblackfemales.sotw.ChildOrder@7748410a, codingblackfemales.sotw.ChildOrder@740773a3, codingblackfemales.sotw.ChildOrder@37f1104d, codingblackfemales.sotw.ChildOrder@55740540, codingblackfemales.sotw.ChildOrder@60015ef5, codingblackfemales.sotw.ChildOrder@2f54a33d, codingblackfemales.sotw.ChildOrder@1018bde2, codingblackfemales.sotw.ChildOrder@65b3f4a4, codingblackfemales.sotw.ChildOrder@f2ff811, codingblackfemales.sotw.ChildOrder@568ff82, codingblackfemales.sotw.ChildOrder@50caa560, codingblackfemales.sotw.ChildOrder@2a266d09, codingblackfemales.sotw.ChildOrder@5ab9e72c, codingblackfemales.sotw.ChildOrder@186f8716, codingblackfemales.sotw.ChildOrder@1d8bd0de, codingblackfemales.sotw.ChildOrder@45ca843, codingblackfemales.sotw.ChildOrder@11c9af63, codingblackfemales.sotw.ChildOrder@757acd7b, codingblackfemales.sotw.ChildOrder@36b4fe2a, codingblackfemales.sotw.ChildOrder@574b560f, codingblackfemales.sotw.ChildOrder@ba54932, codingblackfemales.sotw.ChildOrder@28975c28, codingblackfemales.sotw.ChildOrder@3943a2be, codingblackfemales.sotw.ChildOrder@343570b7, codingblackfemales.sotw.ChildOrder@157853da, codingblackfemales.sotw.ChildOrder@71c3b41, codingblackfemales.sotw.ChildOrder@236e3f4e, codingblackfemales.sotw.ChildOrder@3cc1435c, codingblackfemales.sotw.ChildOrder@6bf0219d]
16:14:39.314 [main] INFO  c.container.Actioner - [ALGO] Actioner, sending action:CreateChildOrder(side=BUY,quantity=46,price=98)
16:14:39.314 [main] INFO  c.sequencer.consumer.LoggingConsumer - [37] [CreateOrder](sbeTemplateId=4|sbeSchemaId=2|sbeSchemaVersion=0|sbeBlockLength=33):instrumentId=0|price=98|quantity=46|side=BUY|orderId=37
16:14:39.314 [main] INFO  c.gettingstarted.MyAlgoLogic - [MYALGO] In Algo Logic.... HeLlO
16:14:39.314 [main] INFO  c.gettingstarted.MyAlgoLogic - [MYALGO] The state of the order book is:
|----BID-----||----ASK----|
   101 @ 100    100 @ 98
   200 @ 110    200 @ 95
  5000 @ 115    300 @ 91
|------------||-----------|

bid level is: BID[101@100] long bif level is: 3
ask level is: ASK[100@98] bid at 3
ASK[100@98]far touch 98price46
16:14:39.314 [main] INFO  c.gettingstarted.MyAlgoLogic - [MYALGO] Have:36 children, want 45, joining passive side of book with: 46 @ 98
CreateChildOrder(side=BUY,quantity=46,price=98)
active orders are [codingblackfemales.sotw.ChildOrder@fd07cbb, codingblackfemales.sotw.ChildOrder@3571b748, codingblackfemales.sotw.ChildOrder@3e96bacf, codingblackfemales.sotw.ChildOrder@484970b0, codingblackfemales.sotw.ChildOrder@4470f8a6, codingblackfemales.sotw.ChildOrder@7c83dc97, codingblackfemales.sotw.ChildOrder@7748410a, codingblackfemales.sotw.ChildOrder@740773a3, codingblackfemales.sotw.ChildOrder@37f1104d, codingblackfemales.sotw.ChildOrder@55740540, codingblackfemales.sotw.ChildOrder@60015ef5, codingblackfemales.sotw.ChildOrder@2f54a33d, codingblackfemales.sotw.ChildOrder@1018bde2, codingblackfemales.sotw.ChildOrder@65b3f4a4, codingblackfemales.sotw.ChildOrder@f2ff811, codingblackfemales.sotw.ChildOrder@568ff82, codingblackfemales.sotw.ChildOrder@50caa560, codingblackfemales.sotw.ChildOrder@2a266d09, codingblackfemales.sotw.ChildOrder@5ab9e72c, codingblackfemales.sotw.ChildOrder@186f8716, codingblackfemales.sotw.ChildOrder@1d8bd0de, codingblackfemales.sotw.ChildOrder@45ca843, codingblackfemales.sotw.ChildOrder@11c9af63, codingblackfemales.sotw.ChildOrder@757acd7b, codingblackfemales.sotw.ChildOrder@36b4fe2a, codingblackfemales.sotw.ChildOrder@574b560f, codingblackfemales.sotw.ChildOrder@ba54932, codingblackfemales.sotw.ChildOrder@28975c28, codingblackfemales.sotw.ChildOrder@3943a2be, codingblackfemales.sotw.ChildOrder@343570b7, codingblackfemales.sotw.ChildOrder@157853da, codingblackfemales.sotw.ChildOrder@71c3b41, codingblackfemales.sotw.ChildOrder@236e3f4e, codingblackfemales.sotw.ChildOrder@3cc1435c, codingblackfemales.sotw.ChildOrder@6bf0219d, codingblackfemales.sotw.ChildOrder@dd0c991]
16:14:39.314 [main] INFO  c.container.Actioner - [ALGO] Actioner, sending action:CreateChildOrder(side=BUY,quantity=46,price=98)
16:14:39.314 [main] INFO  c.sequencer.consumer.LoggingConsumer - [38] [CreateOrder](sbeTemplateId=4|sbeSchemaId=2|sbeSchemaVersion=0|sbeBlockLength=33):instrumentId=0|price=98|quantity=46|side=BUY|orderId=38
16:14:39.314 [main] INFO  c.gettingstarted.MyAlgoLogic - [MYALGO] In Algo Logic.... HeLlO
16:14:39.314 [main] INFO  c.gettingstarted.MyAlgoLogic - [MYALGO] The state of the order book is:
|----BID-----||----ASK----|
   101 @ 100    100 @ 98
   200 @ 110    200 @ 95
  5000 @ 115    300 @ 91
|------------||-----------|

bid level is: BID[101@100] long bif level is: 3
ask level is: ASK[100@98] bid at 3
ASK[100@98]far touch 98price46
16:14:39.314 [main] INFO  c.gettingstarted.MyAlgoLogic - [MYALGO] Have:37 children, want 45, joining passive side of book with: 46 @ 98
CreateChildOrder(side=BUY,quantity=46,price=98)
active orders are [codingblackfemales.sotw.ChildOrder@fd07cbb, codingblackfemales.sotw.ChildOrder@3571b748, codingblackfemales.sotw.ChildOrder@3e96bacf, codingblackfemales.sotw.ChildOrder@484970b0, codingblackfemales.sotw.ChildOrder@4470f8a6, codingblackfemales.sotw.ChildOrder@7c83dc97, codingblackfemales.sotw.ChildOrder@7748410a, codingblackfemales.sotw.ChildOrder@740773a3, codingblackfemales.sotw.ChildOrder@37f1104d, codingblackfemales.sotw.ChildOrder@55740540, codingblackfemales.sotw.ChildOrder@60015ef5, codingblackfemales.sotw.ChildOrder@2f54a33d, codingblackfemales.sotw.ChildOrder@1018bde2, codingblackfemales.sotw.ChildOrder@65b3f4a4, codingblackfemales.sotw.ChildOrder@f2ff811, codingblackfemales.sotw.ChildOrder@568ff82, codingblackfemales.sotw.ChildOrder@50caa560, codingblackfemales.sotw.ChildOrder@2a266d09, codingblackfemales.sotw.ChildOrder@5ab9e72c, codingblackfemales.sotw.ChildOrder@186f8716, codingblackfemales.sotw.ChildOrder@1d8bd0de, codingblackfemales.sotw.ChildOrder@45ca843, codingblackfemales.sotw.ChildOrder@11c9af63, codingblackfemales.sotw.ChildOrder@757acd7b, codingblackfemales.sotw.ChildOrder@36b4fe2a, codingblackfemales.sotw.ChildOrder@574b560f, codingblackfemales.sotw.ChildOrder@ba54932, codingblackfemales.sotw.ChildOrder@28975c28, codingblackfemales.sotw.ChildOrder@3943a2be, codingblackfemales.sotw.ChildOrder@343570b7, codingblackfemales.sotw.ChildOrder@157853da, codingblackfemales.sotw.ChildOrder@71c3b41, codingblackfemales.sotw.ChildOrder@236e3f4e, codingblackfemales.sotw.ChildOrder@3cc1435c, codingblackfemales.sotw.ChildOrder@6bf0219d, codingblackfemales.sotw.ChildOrder@dd0c991, codingblackfemales.sotw.ChildOrder@5f16132a]
16:14:39.314 [main] INFO  c.container.Actioner - [ALGO] Actioner, sending action:CreateChildOrder(side=BUY,quantity=46,price=98)
16:14:39.314 [main] INFO  c.sequencer.consumer.LoggingConsumer - [39] [CreateOrder](sbeTemplateId=4|sbeSchemaId=2|sbeSchemaVersion=0|sbeBlockLength=33):instrumentId=0|price=98|quantity=46|side=BUY|orderId=39
16:14:39.314 [main] INFO  c.gettingstarted.MyAlgoLogic - [MYALGO] In Algo Logic.... HeLlO
16:14:39.314 [main] INFO  c.gettingstarted.MyAlgoLogic - [MYALGO] The state of the order book is:
|----BID-----||----ASK----|
   101 @ 100    100 @ 98
   200 @ 110    200 @ 95
  5000 @ 115    300 @ 91
|------------||-----------|

bid level is: BID[101@100] long bif level is: 3
ask level is: ASK[100@98] bid at 3
ASK[100@98]far touch 98price46
16:14:39.314 [main] INFO  c.gettingstarted.MyAlgoLogic - [MYALGO] Have:38 children, want 45, joining passive side of book with: 46 @ 98
CreateChildOrder(side=BUY,quantity=46,price=98)
active orders are [codingblackfemales.sotw.ChildOrder@fd07cbb, codingblackfemales.sotw.ChildOrder@3571b748, codingblackfemales.sotw.ChildOrder@3e96bacf, codingblackfemales.sotw.ChildOrder@484970b0, codingblackfemales.sotw.ChildOrder@4470f8a6, codingblackfemales.sotw.ChildOrder@7c83dc97, codingblackfemales.sotw.ChildOrder@7748410a, codingblackfemales.sotw.ChildOrder@740773a3, codingblackfemales.sotw.ChildOrder@37f1104d, codingblackfemales.sotw.ChildOrder@55740540, codingblackfemales.sotw.ChildOrder@60015ef5, codingblackfemales.sotw.ChildOrder@2f54a33d, codingblackfemales.sotw.ChildOrder@1018bde2, codingblackfemales.sotw.ChildOrder@65b3f4a4, codingblackfemales.sotw.ChildOrder@f2ff811, codingblackfemales.sotw.ChildOrder@568ff82, codingblackfemales.sotw.ChildOrder@50caa560, codingblackfemales.sotw.ChildOrder@2a266d09, codingblackfemales.sotw.ChildOrder@5ab9e72c, codingblackfemales.sotw.ChildOrder@186f8716, codingblackfemales.sotw.ChildOrder@1d8bd0de, codingblackfemales.sotw.ChildOrder@45ca843, codingblackfemales.sotw.ChildOrder@11c9af63, codingblackfemales.sotw.ChildOrder@757acd7b, codingblackfemales.sotw.ChildOrder@36b4fe2a, codingblackfemales.sotw.ChildOrder@574b560f, codingblackfemales.sotw.ChildOrder@ba54932, codingblackfemales.sotw.ChildOrder@28975c28, codingblackfemales.sotw.ChildOrder@3943a2be, codingblackfemales.sotw.ChildOrder@343570b7, codingblackfemales.sotw.ChildOrder@157853da, codingblackfemales.sotw.ChildOrder@71c3b41, codingblackfemales.sotw.ChildOrder@236e3f4e, codingblackfemales.sotw.ChildOrder@3cc1435c, codingblackfemales.sotw.ChildOrder@6bf0219d, codingblackfemales.sotw.ChildOrder@dd0c991, codingblackfemales.sotw.ChildOrder@5f16132a, codingblackfemales.sotw.ChildOrder@69fb6037]
16:14:39.314 [main] INFO  c.container.Actioner - [ALGO] Actioner, sending action:CreateChildOrder(side=BUY,quantity=46,price=98)
16:14:39.314 [main] INFO  c.sequencer.consumer.LoggingConsumer - [40] [CreateOrder](sbeTemplateId=4|sbeSchemaId=2|sbeSchemaVersion=0|sbeBlockLength=33):instrumentId=0|price=98|quantity=46|side=BUY|orderId=40
16:14:39.314 [main] INFO  c.gettingstarted.MyAlgoLogic - [MYALGO] In Algo Logic.... HeLlO
16:14:39.314 [main] INFO  c.gettingstarted.MyAlgoLogic - [MYALGO] The state of the order book is:
|----BID-----||----ASK----|
   101 @ 100    100 @ 98
   200 @ 110    200 @ 95
  5000 @ 115    300 @ 91
|------------||-----------|

bid level is: BID[101@100] long bif level is: 3
ask level is: ASK[100@98] bid at 3
ASK[100@98]far touch 98price46
16:14:39.314 [main] INFO  c.gettingstarted.MyAlgoLogic - [MYALGO] Have:39 children, want 45, joining passive side of book with: 46 @ 98
CreateChildOrder(side=BUY,quantity=46,price=98)
active orders are [codingblackfemales.sotw.ChildOrder@fd07cbb, codingblackfemales.sotw.ChildOrder@3571b748, codingblackfemales.sotw.ChildOrder@3e96bacf, codingblackfemales.sotw.ChildOrder@484970b0, codingblackfemales.sotw.ChildOrder@4470f8a6, codingblackfemales.sotw.ChildOrder@7c83dc97, codingblackfemales.sotw.ChildOrder@7748410a, codingblackfemales.sotw.ChildOrder@740773a3, codingblackfemales.sotw.ChildOrder@37f1104d, codingblackfemales.sotw.ChildOrder@55740540, codingblackfemales.sotw.ChildOrder@60015ef5, codingblackfemales.sotw.ChildOrder@2f54a33d, codingblackfemales.sotw.ChildOrder@1018bde2, codingblackfemales.sotw.ChildOrder@65b3f4a4, codingblackfemales.sotw.ChildOrder@f2ff811, codingblackfemales.sotw.ChildOrder@568ff82, codingblackfemales.sotw.ChildOrder@50caa560, codingblackfemales.sotw.ChildOrder@2a266d09, codingblackfemales.sotw.ChildOrder@5ab9e72c, codingblackfemales.sotw.ChildOrder@186f8716, codingblackfemales.sotw.ChildOrder@1d8bd0de, codingblackfemales.sotw.ChildOrder@45ca843, codingblackfemales.sotw.ChildOrder@11c9af63, codingblackfemales.sotw.ChildOrder@757acd7b, codingblackfemales.sotw.ChildOrder@36b4fe2a, codingblackfemales.sotw.ChildOrder@574b560f, codingblackfemales.sotw.ChildOrder@ba54932, codingblackfemales.sotw.ChildOrder@28975c28, codingblackfemales.sotw.ChildOrder@3943a2be, codingblackfemales.sotw.ChildOrder@343570b7, codingblackfemales.sotw.ChildOrder@157853da, codingblackfemales.sotw.ChildOrder@71c3b41, codingblackfemales.sotw.ChildOrder@236e3f4e, codingblackfemales.sotw.ChildOrder@3cc1435c, codingblackfemales.sotw.ChildOrder@6bf0219d, codingblackfemales.sotw.ChildOrder@dd0c991, codingblackfemales.sotw.ChildOrder@5f16132a, codingblackfemales.sotw.ChildOrder@69fb6037, codingblackfemales.sotw.ChildOrder@36d585c]
16:14:39.314 [main] INFO  c.container.Actioner - [ALGO] Actioner, sending action:CreateChildOrder(side=BUY,quantity=46,price=98)
16:14:39.314 [main] INFO  c.sequencer.consumer.LoggingConsumer - [41] [CreateOrder](sbeTemplateId=4|sbeSchemaId=2|sbeSchemaVersion=0|sbeBlockLength=33):instrumentId=0|price=98|quantity=46|side=BUY|orderId=41
16:14:39.314 [main] INFO  c.gettingstarted.MyAlgoLogic - [MYALGO] In Algo Logic.... HeLlO
16:14:39.314 [main] INFO  c.gettingstarted.MyAlgoLogic - [MYALGO] The state of the order book is:
|----BID-----||----ASK----|
   101 @ 100    100 @ 98
   200 @ 110    200 @ 95
  5000 @ 115    300 @ 91
|------------||-----------|

bid level is: BID[101@100] long bif level is: 3
ask level is: ASK[100@98] bid at 3
ASK[100@98]far touch 98price46
16:14:39.314 [main] INFO  c.gettingstarted.MyAlgoLogic - [MYALGO] Have:40 children, want 45, joining passive side of book with: 46 @ 98
CreateChildOrder(side=BUY,quantity=46,price=98)
active orders are [codingblackfemales.sotw.ChildOrder@fd07cbb, codingblackfemales.sotw.ChildOrder@3571b748, codingblackfemales.sotw.ChildOrder@3e96bacf, codingblackfemales.sotw.ChildOrder@484970b0, codingblackfemales.sotw.ChildOrder@4470f8a6, codingblackfemales.sotw.ChildOrder@7c83dc97, codingblackfemales.sotw.ChildOrder@7748410a, codingblackfemales.sotw.ChildOrder@740773a3, codingblackfemales.sotw.ChildOrder@37f1104d, codingblackfemales.sotw.ChildOrder@55740540, codingblackfemales.sotw.ChildOrder@60015ef5, codingblackfemales.sotw.ChildOrder@2f54a33d, codingblackfemales.sotw.ChildOrder@1018bde2, codingblackfemales.sotw.ChildOrder@65b3f4a4, codingblackfemales.sotw.ChildOrder@f2ff811, codingblackfemales.sotw.ChildOrder@568ff82, codingblackfemales.sotw.ChildOrder@50caa560, codingblackfemales.sotw.ChildOrder@2a266d09, codingblackfemales.sotw.ChildOrder@5ab9e72c, codingblackfemales.sotw.ChildOrder@186f8716, codingblackfemales.sotw.ChildOrder@1d8bd0de, codingblackfemales.sotw.ChildOrder@45ca843, codingblackfemales.sotw.ChildOrder@11c9af63, codingblackfemales.sotw.ChildOrder@757acd7b, codingblackfemales.sotw.ChildOrder@36b4fe2a, codingblackfemales.sotw.ChildOrder@574b560f, codingblackfemales.sotw.ChildOrder@ba54932, codingblackfemales.sotw.ChildOrder@28975c28, codingblackfemales.sotw.ChildOrder@3943a2be, codingblackfemales.sotw.ChildOrder@343570b7, codingblackfemales.sotw.ChildOrder@157853da, codingblackfemales.sotw.ChildOrder@71c3b41, codingblackfemales.sotw.ChildOrder@236e3f4e, codingblackfemales.sotw.ChildOrder@3cc1435c, codingblackfemales.sotw.ChildOrder@6bf0219d, codingblackfemales.sotw.ChildOrder@dd0c991, codingblackfemales.sotw.ChildOrder@5f16132a, codingblackfemales.sotw.ChildOrder@69fb6037, codingblackfemales.sotw.ChildOrder@36d585c, codingblackfemales.sotw.ChildOrder@87a85e1]
16:14:39.314 [main] INFO  c.container.Actioner - [ALGO] Actioner, sending action:CreateChildOrder(side=BUY,quantity=46,price=98)
16:14:39.314 [main] INFO  c.sequencer.consumer.LoggingConsumer - [42] [CreateOrder](sbeTemplateId=4|sbeSchemaId=2|sbeSchemaVersion=0|sbeBlockLength=33):instrumentId=0|price=98|quantity=46|side=BUY|orderId=42
16:14:39.314 [main] INFO  c.gettingstarted.MyAlgoLogic - [MYALGO] In Algo Logic.... HeLlO
16:14:39.314 [main] INFO  c.gettingstarted.MyAlgoLogic - [MYALGO] The state of the order book is:
|----BID-----||----ASK----|
   101 @ 100    100 @ 98
   200 @ 110    200 @ 95
  5000 @ 115    300 @ 91
|------------||-----------|

bid level is: BID[101@100] long bif level is: 3
ask level is: ASK[100@98] bid at 3
ASK[100@98]far touch 98price46
16:14:39.314 [main] INFO  c.gettingstarted.MyAlgoLogic - [MYALGO] Have:41 children, want 45, joining passive side of book with: 46 @ 98
CreateChildOrder(side=BUY,quantity=46,price=98)
active orders are [codingblackfemales.sotw.ChildOrder@fd07cbb, codingblackfemales.sotw.ChildOrder@3571b748, codingblackfemales.sotw.ChildOrder@3e96bacf, codingblackfemales.sotw.ChildOrder@484970b0, codingblackfemales.sotw.ChildOrder@4470f8a6, codingblackfemales.sotw.ChildOrder@7c83dc97, codingblackfemales.sotw.ChildOrder@7748410a, codingblackfemales.sotw.ChildOrder@740773a3, codingblackfemales.sotw.ChildOrder@37f1104d, codingblackfemales.sotw.ChildOrder@55740540, codingblackfemales.sotw.ChildOrder@60015ef5, codingblackfemales.sotw.ChildOrder@2f54a33d, codingblackfemales.sotw.ChildOrder@1018bde2, codingblackfemales.sotw.ChildOrder@65b3f4a4, codingblackfemales.sotw.ChildOrder@f2ff811, codingblackfemales.sotw.ChildOrder@568ff82, codingblackfemales.sotw.ChildOrder@50caa560, codingblackfemales.sotw.ChildOrder@2a266d09, codingblackfemales.sotw.ChildOrder@5ab9e72c, codingblackfemales.sotw.ChildOrder@186f8716, codingblackfemales.sotw.ChildOrder@1d8bd0de, codingblackfemales.sotw.ChildOrder@45ca843, codingblackfemales.sotw.ChildOrder@11c9af63, codingblackfemales.sotw.ChildOrder@757acd7b, codingblackfemales.sotw.ChildOrder@36b4fe2a, codingblackfemales.sotw.ChildOrder@574b560f, codingblackfemales.sotw.ChildOrder@ba54932, codingblackfemales.sotw.ChildOrder@28975c28, codingblackfemales.sotw.ChildOrder@3943a2be, codingblackfemales.sotw.ChildOrder@343570b7, codingblackfemales.sotw.ChildOrder@157853da, codingblackfemales.sotw.ChildOrder@71c3b41, codingblackfemales.sotw.ChildOrder@236e3f4e, codingblackfemales.sotw.ChildOrder@3cc1435c, codingblackfemales.sotw.ChildOrder@6bf0219d, codingblackfemales.sotw.ChildOrder@dd0c991, codingblackfemales.sotw.ChildOrder@5f16132a, codingblackfemales.sotw.ChildOrder@69fb6037, codingblackfemales.sotw.ChildOrder@36d585c, codingblackfemales.sotw.ChildOrder@87a85e1, codingblackfemales.sotw.ChildOrder@671a5887]
16:14:39.314 [main] INFO  c.container.Actioner - [ALGO] Actioner, sending action:CreateChildOrder(side=BUY,quantity=46,price=98)
16:14:39.314 [main] INFO  c.sequencer.consumer.LoggingConsumer - [43] [CreateOrder](sbeTemplateId=4|sbeSchemaId=2|sbeSchemaVersion=0|sbeBlockLength=33):instrumentId=0|price=98|quantity=46|side=BUY|orderId=43
16:14:39.314 [main] INFO  c.gettingstarted.MyAlgoLogic - [MYALGO] In Algo Logic.... HeLlO
16:14:39.314 [main] INFO  c.gettingstarted.MyAlgoLogic - [MYALGO] The state of the order book is:
|----BID-----||----ASK----|
   101 @ 100    100 @ 98
   200 @ 110    200 @ 95
  5000 @ 115    300 @ 91
|------------||-----------|

bid level is: BID[101@100] long bif level is: 3
ask level is: ASK[100@98] bid at 3
ASK[100@98]far touch 98price46
16:14:39.314 [main] INFO  c.gettingstarted.MyAlgoLogic - [MYALGO] Have:42 children, want 45, joining passive side of book with: 46 @ 98
CreateChildOrder(side=BUY,quantity=46,price=98)
active orders are [codingblackfemales.sotw.ChildOrder@fd07cbb, codingblackfemales.sotw.ChildOrder@3571b748, codingblackfemales.sotw.ChildOrder@3e96bacf, codingblackfemales.sotw.ChildOrder@484970b0, codingblackfemales.sotw.ChildOrder@4470f8a6, codingblackfemales.sotw.ChildOrder@7c83dc97, codingblackfemales.sotw.ChildOrder@7748410a, codingblackfemales.sotw.ChildOrder@740773a3, codingblackfemales.sotw.ChildOrder@37f1104d, codingblackfemales.sotw.ChildOrder@55740540, codingblackfemales.sotw.ChildOrder@60015ef5, codingblackfemales.sotw.ChildOrder@2f54a33d, codingblackfemales.sotw.ChildOrder@1018bde2, codingblackfemales.sotw.ChildOrder@65b3f4a4, codingblackfemales.sotw.ChildOrder@f2ff811, codingblackfemales.sotw.ChildOrder@568ff82, codingblackfemales.sotw.ChildOrder@50caa560, codingblackfemales.sotw.ChildOrder@2a266d09, codingblackfemales.sotw.ChildOrder@5ab9e72c, codingblackfemales.sotw.ChildOrder@186f8716, codingblackfemales.sotw.ChildOrder@1d8bd0de, codingblackfemales.sotw.ChildOrder@45ca843, codingblackfemales.sotw.ChildOrder@11c9af63, codingblackfemales.sotw.ChildOrder@757acd7b, codingblackfemales.sotw.ChildOrder@36b4fe2a, codingblackfemales.sotw.ChildOrder@574b560f, codingblackfemales.sotw.ChildOrder@ba54932, codingblackfemales.sotw.ChildOrder@28975c28, codingblackfemales.sotw.ChildOrder@3943a2be, codingblackfemales.sotw.ChildOrder@343570b7, codingblackfemales.sotw.ChildOrder@157853da, codingblackfemales.sotw.ChildOrder@71c3b41, codingblackfemales.sotw.ChildOrder@236e3f4e, codingblackfemales.sotw.ChildOrder@3cc1435c, codingblackfemales.sotw.ChildOrder@6bf0219d, codingblackfemales.sotw.ChildOrder@dd0c991, codingblackfemales.sotw.ChildOrder@5f16132a, codingblackfemales.sotw.ChildOrder@69fb6037, codingblackfemales.sotw.ChildOrder@36d585c, codingblackfemales.sotw.ChildOrder@87a85e1, codingblackfemales.sotw.ChildOrder@671a5887, codingblackfemales.sotw.ChildOrder@5552768b]
16:14:39.314 [main] INFO  c.container.Actioner - [ALGO] Actioner, sending action:CreateChildOrder(side=BUY,quantity=46,price=98)
16:14:39.314 [main] INFO  c.sequencer.consumer.LoggingConsumer - [44] [CreateOrder](sbeTemplateId=4|sbeSchemaId=2|sbeSchemaVersion=0|sbeBlockLength=33):instrumentId=0|price=98|quantity=46|side=BUY|orderId=44
16:14:39.314 [main] INFO  c.gettingstarted.MyAlgoLogic - [MYALGO] In Algo Logic.... HeLlO
16:14:39.314 [main] INFO  c.gettingstarted.MyAlgoLogic - [MYALGO] The state of the order book is:
|----BID-----||----ASK----|
   101 @ 100    100 @ 98
   200 @ 110    200 @ 95
  5000 @ 115    300 @ 91
|------------||-----------|

bid level is: BID[101@100] long bif level is: 3
ask level is: ASK[100@98] bid at 3
ASK[100@98]far touch 98price46
16:14:39.314 [main] INFO  c.gettingstarted.MyAlgoLogic - [MYALGO] Have:43 children, want 45, joining passive side of book with: 46 @ 98
CreateChildOrder(side=BUY,quantity=46,price=98)
active orders are [codingblackfemales.sotw.ChildOrder@fd07cbb, codingblackfemales.sotw.ChildOrder@3571b748, codingblackfemales.sotw.ChildOrder@3e96bacf, codingblackfemales.sotw.ChildOrder@484970b0, codingblackfemales.sotw.ChildOrder@4470f8a6, codingblackfemales.sotw.ChildOrder@7c83dc97, codingblackfemales.sotw.ChildOrder@7748410a, codingblackfemales.sotw.ChildOrder@740773a3, codingblackfemales.sotw.ChildOrder@37f1104d, codingblackfemales.sotw.ChildOrder@55740540, codingblackfemales.sotw.ChildOrder@60015ef5, codingblackfemales.sotw.ChildOrder@2f54a33d, codingblackfemales.sotw.ChildOrder@1018bde2, codingblackfemales.sotw.ChildOrder@65b3f4a4, codingblackfemales.sotw.ChildOrder@f2ff811, codingblackfemales.sotw.ChildOrder@568ff82, codingblackfemales.sotw.ChildOrder@50caa560, codingblackfemales.sotw.ChildOrder@2a266d09, codingblackfemales.sotw.ChildOrder@5ab9e72c, codingblackfemales.sotw.ChildOrder@186f8716, codingblackfemales.sotw.ChildOrder@1d8bd0de, codingblackfemales.sotw.ChildOrder@45ca843, codingblackfemales.sotw.ChildOrder@11c9af63, codingblackfemales.sotw.ChildOrder@757acd7b, codingblackfemales.sotw.ChildOrder@36b4fe2a, codingblackfemales.sotw.ChildOrder@574b560f, codingblackfemales.sotw.ChildOrder@ba54932, codingblackfemales.sotw.ChildOrder@28975c28, codingblackfemales.sotw.ChildOrder@3943a2be, codingblackfemales.sotw.ChildOrder@343570b7, codingblackfemales.sotw.ChildOrder@157853da, codingblackfemales.sotw.ChildOrder@71c3b41, codingblackfemales.sotw.ChildOrder@236e3f4e, codingblackfemales.sotw.ChildOrder@3cc1435c, codingblackfemales.sotw.ChildOrder@6bf0219d, codingblackfemales.sotw.ChildOrder@dd0c991, codingblackfemales.sotw.ChildOrder@5f16132a, codingblackfemales.sotw.ChildOrder@69fb6037, codingblackfemales.sotw.ChildOrder@36d585c, codingblackfemales.sotw.ChildOrder@87a85e1, codingblackfemales.sotw.ChildOrder@671a5887, codingblackfemales.sotw.ChildOrder@5552768b, codingblackfemales.sotw.ChildOrder@3c947bc5]
16:14:39.314 [main] INFO  c.container.Actioner - [ALGO] Actioner, sending action:CreateChildOrder(side=BUY,quantity=46,price=98)
16:14:39.314 [main] INFO  c.sequencer.consumer.LoggingConsumer - [45] [CreateOrder](sbeTemplateId=4|sbeSchemaId=2|sbeSchemaVersion=0|sbeBlockLength=33):instrumentId=0|price=98|quantity=46|side=BUY|orderId=45
16:14:39.314 [main] INFO  c.gettingstarted.MyAlgoLogic - [MYALGO] In Algo Logic.... HeLlO
16:14:39.314 [main] INFO  c.gettingstarted.MyAlgoLogic - [MYALGO] The state of the order book is:
|----BID-----||----ASK----|
   101 @ 100    100 @ 98
   200 @ 110    200 @ 95
  5000 @ 115    300 @ 91
|------------||-----------|

bid level is: BID[101@100] long bif level is: 3
ask level is: ASK[100@98] bid at 3
ASK[100@98]far touch 98price46
16:14:39.314 [main] INFO  c.gettingstarted.MyAlgoLogic - [MYALGO] Have:44 children, want 45, joining passive side of book with: 46 @ 98
CreateChildOrder(side=BUY,quantity=46,price=98)
active orders are [codingblackfemales.sotw.ChildOrder@fd07cbb, codingblackfemales.sotw.ChildOrder@3571b748, codingblackfemales.sotw.ChildOrder@3e96bacf, codingblackfemales.sotw.ChildOrder@484970b0, codingblackfemales.sotw.ChildOrder@4470f8a6, codingblackfemales.sotw.ChildOrder@7c83dc97, codingblackfemales.sotw.ChildOrder@7748410a, codingblackfemales.sotw.ChildOrder@740773a3, codingblackfemales.sotw.ChildOrder@37f1104d, codingblackfemales.sotw.ChildOrder@55740540, codingblackfemales.sotw.ChildOrder@60015ef5, codingblackfemales.sotw.ChildOrder@2f54a33d, codingblackfemales.sotw.ChildOrder@1018bde2, codingblackfemales.sotw.ChildOrder@65b3f4a4, codingblackfemales.sotw.ChildOrder@f2ff811, codingblackfemales.sotw.ChildOrder@568ff82, codingblackfemales.sotw.ChildOrder@50caa560, codingblackfemales.sotw.ChildOrder@2a266d09, codingblackfemales.sotw.ChildOrder@5ab9e72c, codingblackfemales.sotw.ChildOrder@186f8716, codingblackfemales.sotw.ChildOrder@1d8bd0de, codingblackfemales.sotw.ChildOrder@45ca843, codingblackfemales.sotw.ChildOrder@11c9af63, codingblackfemales.sotw.ChildOrder@757acd7b, codingblackfemales.sotw.ChildOrder@36b4fe2a, codingblackfemales.sotw.ChildOrder@574b560f, codingblackfemales.sotw.ChildOrder@ba54932, codingblackfemales.sotw.ChildOrder@28975c28, codingblackfemales.sotw.ChildOrder@3943a2be, codingblackfemales.sotw.ChildOrder@343570b7, codingblackfemales.sotw.ChildOrder@157853da, codingblackfemales.sotw.ChildOrder@71c3b41, codingblackfemales.sotw.ChildOrder@236e3f4e, codingblackfemales.sotw.ChildOrder@3cc1435c, codingblackfemales.sotw.ChildOrder@6bf0219d, codingblackfemales.sotw.ChildOrder@dd0c991, codingblackfemales.sotw.ChildOrder@5f16132a, codingblackfemales.sotw.ChildOrder@69fb6037, codingblackfemales.sotw.ChildOrder@36d585c, codingblackfemales.sotw.ChildOrder@87a85e1, codingblackfemales.sotw.ChildOrder@671a5887, codingblackfemales.sotw.ChildOrder@5552768b, codingblackfemales.sotw.ChildOrder@3c947bc5, codingblackfemales.sotw.ChildOrder@609db43b]
16:14:39.314 [main] INFO  c.container.Actioner - [ALGO] Actioner, sending action:CreateChildOrder(side=BUY,quantity=46,price=98)
16:14:39.314 [main] INFO  c.sequencer.consumer.LoggingConsumer - [46] [CreateOrder](sbeTemplateId=4|sbeSchemaId=2|sbeSchemaVersion=0|sbeBlockLength=33):instrumentId=0|price=98|quantity=46|side=BUY|orderId=46
16:14:39.314 [main] INFO  c.gettingstarted.MyAlgoLogic - [MYALGO] In Algo Logic.... HeLlO
16:14:39.314 [main] INFO  c.gettingstarted.MyAlgoLogic - [MYALGO] The state of the order book is:
|----BID-----||----ASK----|
   101 @ 100    100 @ 98
   200 @ 110    200 @ 95
  5000 @ 115    300 @ 91
|------------||-----------|

total order count is45
16:14:39.314 [main] INFO  c.gettingstarted.MyAlgoLogic - [MYALGO] option is present total order count is45
16:14:39.314 [main] INFO  c.gettingstarted.MyAlgoLogic - [MYALGO] option is present, active orders are [codingblackfemales.sotw.ChildOrder@fd07cbb, codingblackfemales.sotw.ChildOrder@3571b748, codingblackfemales.sotw.ChildOrder@3e96bacf, codingblackfemales.sotw.ChildOrder@484970b0, codingblackfemales.sotw.ChildOrder@4470f8a6, codingblackfemales.sotw.ChildOrder@7c83dc97, codingblackfemales.sotw.ChildOrder@7748410a, codingblackfemales.sotw.ChildOrder@740773a3, codingblackfemales.sotw.ChildOrder@37f1104d, codingblackfemales.sotw.ChildOrder@55740540, codingblackfemales.sotw.ChildOrder@60015ef5, codingblackfemales.sotw.ChildOrder@2f54a33d, codingblackfemales.sotw.ChildOrder@1018bde2, codingblackfemales.sotw.ChildOrder@65b3f4a4, codingblackfemales.sotw.ChildOrder@f2ff811, codingblackfemales.sotw.ChildOrder@568ff82, codingblackfemales.sotw.ChildOrder@50caa560, codingblackfemales.sotw.ChildOrder@2a266d09, codingblackfemales.sotw.ChildOrder@5ab9e72c, codingblackfemales.sotw.ChildOrder@186f8716, codingblackfemales.sotw.ChildOrder@1d8bd0de, codingblackfemales.sotw.ChildOrder@45ca843, codingblackfemales.sotw.ChildOrder@11c9af63, codingblackfemales.sotw.ChildOrder@757acd7b, codingblackfemales.sotw.ChildOrder@36b4fe2a, codingblackfemales.sotw.ChildOrder@574b560f, codingblackfemales.sotw.ChildOrder@ba54932, codingblackfemales.sotw.ChildOrder@28975c28, codingblackfemales.sotw.ChildOrder@3943a2be, codingblackfemales.sotw.ChildOrder@343570b7, codingblackfemales.sotw.ChildOrder@157853da, codingblackfemales.sotw.ChildOrder@71c3b41, codingblackfemales.sotw.ChildOrder@236e3f4e, codingblackfemales.sotw.ChildOrder@3cc1435c, codingblackfemales.sotw.ChildOrder@6bf0219d, codingblackfemales.sotw.ChildOrder@dd0c991, codingblackfemales.sotw.ChildOrder@5f16132a, codingblackfemales.sotw.ChildOrder@69fb6037, codingblackfemales.sotw.ChildOrder@36d585c, codingblackfemales.sotw.ChildOrder@87a85e1, codingblackfemales.sotw.ChildOrder@671a5887, codingblackfemales.sotw.ChildOrder@5552768b, codingblackfemales.sotw.ChildOrder@3c947bc5, codingblackfemales.sotw.ChildOrder@609db43b, codingblackfemales.sotw.ChildOrder@55f616cf]
active orders are [codingblackfemales.sotw.ChildOrder@fd07cbb, codingblackfemales.sotw.ChildOrder@3571b748, codingblackfemales.sotw.ChildOrder@3e96bacf, codingblackfemales.sotw.ChildOrder@484970b0, codingblackfemales.sotw.ChildOrder@4470f8a6, codingblackfemales.sotw.ChildOrder@7c83dc97, codingblackfemales.sotw.ChildOrder@7748410a, codingblackfemales.sotw.ChildOrder@740773a3, codingblackfemales.sotw.ChildOrder@37f1104d, codingblackfemales.sotw.ChildOrder@55740540, codingblackfemales.sotw.ChildOrder@60015ef5, codingblackfemales.sotw.ChildOrder@2f54a33d, codingblackfemales.sotw.ChildOrder@1018bde2, codingblackfemales.sotw.ChildOrder@65b3f4a4, codingblackfemales.sotw.ChildOrder@f2ff811, codingblackfemales.sotw.ChildOrder@568ff82, codingblackfemales.sotw.ChildOrder@50caa560, codingblackfemales.sotw.ChildOrder@2a266d09, codingblackfemales.sotw.ChildOrder@5ab9e72c, codingblackfemales.sotw.ChildOrder@186f8716, codingblackfemales.sotw.ChildOrder@1d8bd0de, codingblackfemales.sotw.ChildOrder@45ca843, codingblackfemales.sotw.ChildOrder@11c9af63, codingblackfemales.sotw.ChildOrder@757acd7b, codingblackfemales.sotw.ChildOrder@36b4fe2a, codingblackfemales.sotw.ChildOrder@574b560f, codingblackfemales.sotw.ChildOrder@ba54932, codingblackfemales.sotw.ChildOrder@28975c28, codingblackfemales.sotw.ChildOrder@3943a2be, codingblackfemales.sotw.ChildOrder@343570b7, codingblackfemales.sotw.ChildOrder@157853da, codingblackfemales.sotw.ChildOrder@71c3b41, codingblackfemales.sotw.ChildOrder@236e3f4e, codingblackfemales.sotw.ChildOrder@3cc1435c, codingblackfemales.sotw.ChildOrder@6bf0219d, codingblackfemales.sotw.ChildOrder@dd0c991, codingblackfemales.sotw.ChildOrder@5f16132a, codingblackfemales.sotw.ChildOrder@69fb6037, codingblackfemales.sotw.ChildOrder@36d585c, codingblackfemales.sotw.ChildOrder@87a85e1, codingblackfemales.sotw.ChildOrder@671a5887, codingblackfemales.sotw.ChildOrder@5552768b, codingblackfemales.sotw.ChildOrder@3c947bc5, codingblackfemales.sotw.ChildOrder@609db43b, codingblackfemales.sotw.ChildOrder@55f616cf]
16:14:39.314 [main] INFO  c.gettingstarted.MyAlgoLogic - [MYALGO] option is present active orders are:[codingblackfemales.sotw.ChildOrder@fd07cbb, codingblackfemales.sotw.ChildOrder@3571b748, codingblackfemales.sotw.ChildOrder@3e96bacf, codingblackfemales.sotw.ChildOrder@484970b0, codingblackfemales.sotw.ChildOrder@4470f8a6, codingblackfemales.sotw.ChildOrder@7c83dc97, codingblackfemales.sotw.ChildOrder@7748410a, codingblackfemales.sotw.ChildOrder@740773a3, codingblackfemales.sotw.ChildOrder@37f1104d, codingblackfemales.sotw.ChildOrder@55740540, codingblackfemales.sotw.ChildOrder@60015ef5, codingblackfemales.sotw.ChildOrder@2f54a33d, codingblackfemales.sotw.ChildOrder@1018bde2, codingblackfemales.sotw.ChildOrder@65b3f4a4, codingblackfemales.sotw.ChildOrder@f2ff811, codingblackfemales.sotw.ChildOrder@568ff82, codingblackfemales.sotw.ChildOrder@50caa560, codingblackfemales.sotw.ChildOrder@2a266d09, codingblackfemales.sotw.ChildOrder@5ab9e72c, codingblackfemales.sotw.ChildOrder@186f8716, codingblackfemales.sotw.ChildOrder@1d8bd0de, codingblackfemales.sotw.ChildOrder@45ca843, codingblackfemales.sotw.ChildOrder@11c9af63, codingblackfemales.sotw.ChildOrder@757acd7b, codingblackfemales.sotw.ChildOrder@36b4fe2a, codingblackfemales.sotw.ChildOrder@574b560f, codingblackfemales.sotw.ChildOrder@ba54932, codingblackfemales.sotw.ChildOrder@28975c28, codingblackfemales.sotw.ChildOrder@3943a2be, codingblackfemales.sotw.ChildOrder@343570b7, codingblackfemales.sotw.ChildOrder@157853da, codingblackfemales.sotw.ChildOrder@71c3b41, codingblackfemales.sotw.ChildOrder@236e3f4e, codingblackfemales.sotw.ChildOrder@3cc1435c, codingblackfemales.sotw.ChildOrder@6bf0219d, codingblackfemales.sotw.ChildOrder@dd0c991, codingblackfemales.sotw.ChildOrder@5f16132a, codingblackfemales.sotw.ChildOrder@69fb6037, codingblackfemales.sotw.ChildOrder@36d585c, codingblackfemales.sotw.ChildOrder@87a85e1, codingblackfemales.sotw.ChildOrder@671a5887, codingblackfemales.sotw.ChildOrder@5552768b, codingblackfemales.sotw.ChildOrder@3c947bc5, codingblackfemales.sotw.ChildOrder@609db43b, codingblackfemales.sotw.ChildOrder@55f616cf]
option is present.
16:14:39.314 [main] INFO  c.gettingstarted.MyAlgoLogic - [MYALGO] Cancelling order:codingblackfemales.sotw.ChildOrder@fd07cbb
child order is codingblackfemales.sotw.ChildOrder@fd07cbb
Child order is cancelled.
16:14:39.314 [main] INFO  c.container.Actioner - [ALGO] Actioner, sending action:CancelChildOrder(codingblackfemales.sotw.ChildOrder@fd07cbb)
16:14:39.314 [main] INFO  c.sequencer.consumer.LoggingConsumer - [47] [CancelOrder](sbeTemplateId=5|sbeSchemaId=2|sbeSchemaVersion=0|sbeBlockLength=8):orderId=2
16:14:39.314 [main] INFO  c.gettingstarted.MyAlgoLogic - [MYALGO] In Algo Logic.... HeLlO
16:14:39.314 [main] INFO  c.gettingstarted.MyAlgoLogic - [MYALGO] The state of the order book is:
|----BID-----||----ASK----|
   101 @ 100    100 @ 98
   200 @ 110    200 @ 95
  5000 @ 115    300 @ 91
|------------||-----------|

total order count is45
16:14:39.314 [main] INFO  c.gettingstarted.MyAlgoLogic - [MYALGO] option is present total order count is45
16:14:39.314 [main] INFO  c.gettingstarted.MyAlgoLogic - [MYALGO] option is present, active orders are [codingblackfemales.sotw.ChildOrder@3571b748, codingblackfemales.sotw.ChildOrder@3e96bacf, codingblackfemales.sotw.ChildOrder@484970b0, codingblackfemales.sotw.ChildOrder@4470f8a6, codingblackfemales.sotw.ChildOrder@7c83dc97, codingblackfemales.sotw.ChildOrder@7748410a, codingblackfemales.sotw.ChildOrder@740773a3, codingblackfemales.sotw.ChildOrder@37f1104d, codingblackfemales.sotw.ChildOrder@55740540, codingblackfemales.sotw.ChildOrder@60015ef5, codingblackfemales.sotw.ChildOrder@2f54a33d, codingblackfemales.sotw.ChildOrder@1018bde2, codingblackfemales.sotw.ChildOrder@65b3f4a4, codingblackfemales.sotw.ChildOrder@f2ff811, codingblackfemales.sotw.ChildOrder@568ff82, codingblackfemales.sotw.ChildOrder@50caa560, codingblackfemales.sotw.ChildOrder@2a266d09, codingblackfemales.sotw.ChildOrder@5ab9e72c, codingblackfemales.sotw.ChildOrder@186f8716, codingblackfemales.sotw.ChildOrder@1d8bd0de, codingblackfemales.sotw.ChildOrder@45ca843, codingblackfemales.sotw.ChildOrder@11c9af63, codingblackfemales.sotw.ChildOrder@757acd7b, codingblackfemales.sotw.ChildOrder@36b4fe2a, codingblackfemales.sotw.ChildOrder@574b560f, codingblackfemales.sotw.ChildOrder@ba54932, codingblackfemales.sotw.ChildOrder@28975c28, codingblackfemales.sotw.ChildOrder@3943a2be, codingblackfemales.sotw.ChildOrder@343570b7, codingblackfemales.sotw.ChildOrder@157853da, codingblackfemales.sotw.ChildOrder@71c3b41, codingblackfemales.sotw.ChildOrder@236e3f4e, codingblackfemales.sotw.ChildOrder@3cc1435c, codingblackfemales.sotw.ChildOrder@6bf0219d, codingblackfemales.sotw.ChildOrder@dd0c991, codingblackfemales.sotw.ChildOrder@5f16132a, codingblackfemales.sotw.ChildOrder@69fb6037, codingblackfemales.sotw.ChildOrder@36d585c, codingblackfemales.sotw.ChildOrder@87a85e1, codingblackfemales.sotw.ChildOrder@671a5887, codingblackfemales.sotw.ChildOrder@5552768b, codingblackfemales.sotw.ChildOrder@3c947bc5, codingblackfemales.sotw.ChildOrder@609db43b, codingblackfemales.sotw.ChildOrder@55f616cf]
active orders are [codingblackfemales.sotw.ChildOrder@3571b748, codingblackfemales.sotw.ChildOrder@3e96bacf, codingblackfemales.sotw.ChildOrder@484970b0, codingblackfemales.sotw.ChildOrder@4470f8a6, codingblackfemales.sotw.ChildOrder@7c83dc97, codingblackfemales.sotw.ChildOrder@7748410a, codingblackfemales.sotw.ChildOrder@740773a3, codingblackfemales.sotw.ChildOrder@37f1104d, codingblackfemales.sotw.ChildOrder@55740540, codingblackfemales.sotw.ChildOrder@60015ef5, codingblackfemales.sotw.ChildOrder@2f54a33d, codingblackfemales.sotw.ChildOrder@1018bde2, codingblackfemales.sotw.ChildOrder@65b3f4a4, codingblackfemales.sotw.ChildOrder@f2ff811, codingblackfemales.sotw.ChildOrder@568ff82, codingblackfemales.sotw.ChildOrder@50caa560, codingblackfemales.sotw.ChildOrder@2a266d09, codingblackfemales.sotw.ChildOrder@5ab9e72c, codingblackfemales.sotw.ChildOrder@186f8716, codingblackfemales.sotw.ChildOrder@1d8bd0de, codingblackfemales.sotw.ChildOrder@45ca843, codingblackfemales.sotw.ChildOrder@11c9af63, codingblackfemales.sotw.ChildOrder@757acd7b, codingblackfemales.sotw.ChildOrder@36b4fe2a, codingblackfemales.sotw.ChildOrder@574b560f, codingblackfemales.sotw.ChildOrder@ba54932, codingblackfemales.sotw.ChildOrder@28975c28, codingblackfemales.sotw.ChildOrder@3943a2be, codingblackfemales.sotw.ChildOrder@343570b7, codingblackfemales.sotw.ChildOrder@157853da, codingblackfemales.sotw.ChildOrder@71c3b41, codingblackfemales.sotw.ChildOrder@236e3f4e, codingblackfemales.sotw.ChildOrder@3cc1435c, codingblackfemales.sotw.ChildOrder@6bf0219d, codingblackfemales.sotw.ChildOrder@dd0c991, codingblackfemales.sotw.ChildOrder@5f16132a, codingblackfemales.sotw.ChildOrder@69fb6037, codingblackfemales.sotw.ChildOrder@36d585c, codingblackfemales.sotw.ChildOrder@87a85e1, codingblackfemales.sotw.ChildOrder@671a5887, codingblackfemales.sotw.ChildOrder@5552768b, codingblackfemales.sotw.ChildOrder@3c947bc5, codingblackfemales.sotw.ChildOrder@609db43b, codingblackfemales.sotw.ChildOrder@55f616cf]
16:14:39.330 [main] INFO  c.gettingstarted.MyAlgoLogic - [MYALGO] option is present active orders are:[codingblackfemales.sotw.ChildOrder@3571b748, codingblackfemales.sotw.ChildOrder@3e96bacf, codingblackfemales.sotw.ChildOrder@484970b0, codingblackfemales.sotw.ChildOrder@4470f8a6, codingblackfemales.sotw.ChildOrder@7c83dc97, codingblackfemales.sotw.ChildOrder@7748410a, codingblackfemales.sotw.ChildOrder@740773a3, codingblackfemales.sotw.ChildOrder@37f1104d, codingblackfemales.sotw.ChildOrder@55740540, codingblackfemales.sotw.ChildOrder@60015ef5, codingblackfemales.sotw.ChildOrder@2f54a33d, codingblackfemales.sotw.ChildOrder@1018bde2, codingblackfemales.sotw.ChildOrder@65b3f4a4, codingblackfemales.sotw.ChildOrder@f2ff811, codingblackfemales.sotw.ChildOrder@568ff82, codingblackfemales.sotw.ChildOrder@50caa560, codingblackfemales.sotw.ChildOrder@2a266d09, codingblackfemales.sotw.ChildOrder@5ab9e72c, codingblackfemales.sotw.ChildOrder@186f8716, codingblackfemales.sotw.ChildOrder@1d8bd0de, codingblackfemales.sotw.ChildOrder@45ca843, codingblackfemales.sotw.ChildOrder@11c9af63, codingblackfemales.sotw.ChildOrder@757acd7b, codingblackfemales.sotw.ChildOrder@36b4fe2a, codingblackfemales.sotw.ChildOrder@574b560f, codingblackfemales.sotw.ChildOrder@ba54932, codingblackfemales.sotw.ChildOrder@28975c28, codingblackfemales.sotw.ChildOrder@3943a2be, codingblackfemales.sotw.ChildOrder@343570b7, codingblackfemales.sotw.ChildOrder@157853da, codingblackfemales.sotw.ChildOrder@71c3b41, codingblackfemales.sotw.ChildOrder@236e3f4e, codingblackfemales.sotw.ChildOrder@3cc1435c, codingblackfemales.sotw.ChildOrder@6bf0219d, codingblackfemales.sotw.ChildOrder@dd0c991, codingblackfemales.sotw.ChildOrder@5f16132a, codingblackfemales.sotw.ChildOrder@69fb6037, codingblackfemales.sotw.ChildOrder@36d585c, codingblackfemales.sotw.ChildOrder@87a85e1, codingblackfemales.sotw.ChildOrder@671a5887, codingblackfemales.sotw.ChildOrder@5552768b, codingblackfemales.sotw.ChildOrder@3c947bc5, codingblackfemales.sotw.ChildOrder@609db43b, codingblackfemales.sotw.ChildOrder@55f616cf]
option is present.
16:14:39.330 [main] INFO  c.gettingstarted.MyAlgoLogic - [MYALGO] Cancelling order:codingblackfemales.sotw.ChildOrder@3571b748
child order is codingblackfemales.sotw.ChildOrder@3571b748
Child order is cancelled.
16:14:39.330 [main] INFO  c.container.Actioner - [ALGO] Actioner, sending action:CancelChildOrder(codingblackfemales.sotw.ChildOrder@3571b748)
16:14:39.330 [main] INFO  c.sequencer.consumer.LoggingConsumer - [48] [CancelOrder](sbeTemplateId=5|sbeSchemaId=2|sbeSchemaVersion=0|sbeBlockLength=8):orderId=3
16:14:39.330 [main] INFO  c.gettingstarted.MyAlgoLogic - [MYALGO] In Algo Logic.... HeLlO
16:14:39.330 [main] INFO  c.gettingstarted.MyAlgoLogic - [MYALGO] The state of the order book is:
|----BID-----||----ASK----|
   101 @ 100    100 @ 98
   200 @ 110    200 @ 95
  5000 @ 115    300 @ 91
|------------||-----------|

total order count is45
16:14:39.330 [main] INFO  c.gettingstarted.MyAlgoLogic - [MYALGO] option is present total order count is45
16:14:39.330 [main] INFO  c.gettingstarted.MyAlgoLogic - [MYALGO] option is present, active orders are [codingblackfemales.sotw.ChildOrder@3e96bacf, codingblackfemales.sotw.ChildOrder@484970b0, codingblackfemales.sotw.ChildOrder@4470f8a6, codingblackfemales.sotw.ChildOrder@7c83dc97, codingblackfemales.sotw.ChildOrder@7748410a, codingblackfemales.sotw.ChildOrder@740773a3, codingblackfemales.sotw.ChildOrder@37f1104d, codingblackfemales.sotw.ChildOrder@55740540, codingblackfemales.sotw.ChildOrder@60015ef5, codingblackfemales.sotw.ChildOrder@2f54a33d, codingblackfemales.sotw.ChildOrder@1018bde2, codingblackfemales.sotw.ChildOrder@65b3f4a4, codingblackfemales.sotw.ChildOrder@f2ff811, codingblackfemales.sotw.ChildOrder@568ff82, codingblackfemales.sotw.ChildOrder@50caa560, codingblackfemales.sotw.ChildOrder@2a266d09, codingblackfemales.sotw.ChildOrder@5ab9e72c, codingblackfemales.sotw.ChildOrder@186f8716, codingblackfemales.sotw.ChildOrder@1d8bd0de, codingblackfemales.sotw.ChildOrder@45ca843, codingblackfemales.sotw.ChildOrder@11c9af63, codingblackfemales.sotw.ChildOrder@757acd7b, codingblackfemales.sotw.ChildOrder@36b4fe2a, codingblackfemales.sotw.ChildOrder@574b560f, codingblackfemales.sotw.ChildOrder@ba54932, codingblackfemales.sotw.ChildOrder@28975c28, codingblackfemales.sotw.ChildOrder@3943a2be, codingblackfemales.sotw.ChildOrder@343570b7, codingblackfemales.sotw.ChildOrder@157853da, codingblackfemales.sotw.ChildOrder@71c3b41, codingblackfemales.sotw.ChildOrder@236e3f4e, codingblackfemales.sotw.ChildOrder@3cc1435c, codingblackfemales.sotw.ChildOrder@6bf0219d, codingblackfemales.sotw.ChildOrder@dd0c991, codingblackfemales.sotw.ChildOrder@5f16132a, codingblackfemales.sotw.ChildOrder@69fb6037, codingblackfemales.sotw.ChildOrder@36d585c, codingblackfemales.sotw.ChildOrder@87a85e1, codingblackfemales.sotw.ChildOrder@671a5887, codingblackfemales.sotw.ChildOrder@5552768b, codingblackfemales.sotw.ChildOrder@3c947bc5, codingblackfemales.sotw.ChildOrder@609db43b, codingblackfemales.sotw.ChildOrder@55f616cf]
active orders are [codingblackfemales.sotw.ChildOrder@3e96bacf, codingblackfemales.sotw.ChildOrder@484970b0, codingblackfemales.sotw.ChildOrder@4470f8a6, codingblackfemales.sotw.ChildOrder@7c83dc97, codingblackfemales.sotw.ChildOrder@7748410a, codingblackfemales.sotw.ChildOrder@740773a3, codingblackfemales.sotw.ChildOrder@37f1104d, codingblackfemales.sotw.ChildOrder@55740540, codingblackfemales.sotw.ChildOrder@60015ef5, codingblackfemales.sotw.ChildOrder@2f54a33d, codingblackfemales.sotw.ChildOrder@1018bde2, codingblackfemales.sotw.ChildOrder@65b3f4a4, codingblackfemales.sotw.ChildOrder@f2ff811, codingblackfemales.sotw.ChildOrder@568ff82, codingblackfemales.sotw.ChildOrder@50caa560, codingblackfemales.sotw.ChildOrder@2a266d09, codingblackfemales.sotw.ChildOrder@5ab9e72c, codingblackfemales.sotw.ChildOrder@186f8716, codingblackfemales.sotw.ChildOrder@1d8bd0de, codingblackfemales.sotw.ChildOrder@45ca843, codingblackfemales.sotw.ChildOrder@11c9af63, codingblackfemales.sotw.ChildOrder@757acd7b, codingblackfemales.sotw.ChildOrder@36b4fe2a, codingblackfemales.sotw.ChildOrder@574b560f, codingblackfemales.sotw.ChildOrder@ba54932, codingblackfemales.sotw.ChildOrder@28975c28, codingblackfemales.sotw.ChildOrder@3943a2be, codingblackfemales.sotw.ChildOrder@343570b7, codingblackfemales.sotw.ChildOrder@157853da, codingblackfemales.sotw.ChildOrder@71c3b41, codingblackfemales.sotw.ChildOrder@236e3f4e, codingblackfemales.sotw.ChildOrder@3cc1435c, codingblackfemales.sotw.ChildOrder@6bf0219d, codingblackfemales.sotw.ChildOrder@dd0c991, codingblackfemales.sotw.ChildOrder@5f16132a, codingblackfemales.sotw.ChildOrder@69fb6037, codingblackfemales.sotw.ChildOrder@36d585c, codingblackfemales.sotw.ChildOrder@87a85e1, codingblackfemales.sotw.ChildOrder@671a5887, codingblackfemales.sotw.ChildOrder@5552768b, codingblackfemales.sotw.ChildOrder@3c947bc5, codingblackfemales.sotw.ChildOrder@609db43b, codingblackfemales.sotw.ChildOrder@55f616cf]
16:14:39.330 [main] INFO  c.gettingstarted.MyAlgoLogic - [MYALGO] option is present active orders are:[codingblackfemales.sotw.ChildOrder@3e96bacf, codingblackfemales.sotw.ChildOrder@484970b0, codingblackfemales.sotw.ChildOrder@4470f8a6, codingblackfemales.sotw.ChildOrder@7c83dc97, codingblackfemales.sotw.ChildOrder@7748410a, codingblackfemales.sotw.ChildOrder@740773a3, codingblackfemales.sotw.ChildOrder@37f1104d, codingblackfemales.sotw.ChildOrder@55740540, codingblackfemales.sotw.ChildOrder@60015ef5, codingblackfemales.sotw.ChildOrder@2f54a33d, codingblackfemales.sotw.ChildOrder@1018bde2, codingblackfemales.sotw.ChildOrder@65b3f4a4, codingblackfemales.sotw.ChildOrder@f2ff811, codingblackfemales.sotw.ChildOrder@568ff82, codingblackfemales.sotw.ChildOrder@50caa560, codingblackfemales.sotw.ChildOrder@2a266d09, codingblackfemales.sotw.ChildOrder@5ab9e72c, codingblackfemales.sotw.ChildOrder@186f8716, codingblackfemales.sotw.ChildOrder@1d8bd0de, codingblackfemales.sotw.ChildOrder@45ca843, codingblackfemales.sotw.ChildOrder@11c9af63, codingblackfemales.sotw.ChildOrder@757acd7b, codingblackfemales.sotw.ChildOrder@36b4fe2a, codingblackfemales.sotw.ChildOrder@574b560f, codingblackfemales.sotw.ChildOrder@ba54932, codingblackfemales.sotw.ChildOrder@28975c28, codingblackfemales.sotw.ChildOrder@3943a2be, codingblackfemales.sotw.ChildOrder@343570b7, codingblackfemales.sotw.ChildOrder@157853da, codingblackfemales.sotw.ChildOrder@71c3b41, codingblackfemales.sotw.ChildOrder@236e3f4e, codingblackfemales.sotw.ChildOrder@3cc1435c, codingblackfemales.sotw.ChildOrder@6bf0219d, codingblackfemales.sotw.ChildOrder@dd0c991, codingblackfemales.sotw.ChildOrder@5f16132a, codingblackfemales.sotw.ChildOrder@69fb6037, codingblackfemales.sotw.ChildOrder@36d585c, codingblackfemales.sotw.ChildOrder@87a85e1, codingblackfemales.sotw.ChildOrder@671a5887, codingblackfemales.sotw.ChildOrder@5552768b, codingblackfemales.sotw.ChildOrder@3c947bc5, codingblackfemales.sotw.ChildOrder@609db43b, codingblackfemales.sotw.ChildOrder@55f616cf]
option is present.
16:14:39.330 [main] INFO  c.gettingstarted.MyAlgoLogic - [MYALGO] Cancelling order:codingblackfemales.sotw.ChildOrder@3e96bacf
child order is codingblackfemales.sotw.ChildOrder@3e96bacf
Child order is cancelled.
16:14:39.330 [main] INFO  c.container.Actioner - [ALGO] Actioner, sending action:CancelChildOrder(codingblackfemales.sotw.ChildOrder@3e96bacf)
16:14:39.330 [main] INFO  c.sequencer.consumer.LoggingConsumer - [49] [CancelOrder](sbeTemplateId=5|sbeSchemaId=2|sbeSchemaVersion=0|sbeBlockLength=8):orderId=4
16:14:39.330 [main] INFO  c.gettingstarted.MyAlgoLogic - [MYALGO] In Algo Logic.... HeLlO
16:14:39.330 [main] INFO  c.gettingstarted.MyAlgoLogic - [MYALGO] The state of the order book is:
|----BID-----||----ASK----|
   101 @ 100    100 @ 98
   200 @ 110    200 @ 95
  5000 @ 115    300 @ 91
|------------||-----------|

total order count is45
16:14:39.330 [main] INFO  c.gettingstarted.MyAlgoLogic - [MYALGO] option is present total order count is45
16:14:39.330 [main] INFO  c.gettingstarted.MyAlgoLogic - [MYALGO] option is present, active orders are [codingblackfemales.sotw.ChildOrder@484970b0, codingblackfemales.sotw.ChildOrder@4470f8a6, codingblackfemales.sotw.ChildOrder@7c83dc97, codingblackfemales.sotw.ChildOrder@7748410a, codingblackfemales.sotw.ChildOrder@740773a3, codingblackfemales.sotw.ChildOrder@37f1104d, codingblackfemales.sotw.ChildOrder@55740540, codingblackfemales.sotw.ChildOrder@60015ef5, codingblackfemales.sotw.ChildOrder@2f54a33d, codingblackfemales.sotw.ChildOrder@1018bde2, codingblackfemales.sotw.ChildOrder@65b3f4a4, codingblackfemales.sotw.ChildOrder@f2ff811, codingblackfemales.sotw.ChildOrder@568ff82, codingblackfemales.sotw.ChildOrder@50caa560, codingblackfemales.sotw.ChildOrder@2a266d09, codingblackfemales.sotw.ChildOrder@5ab9e72c, codingblackfemales.sotw.ChildOrder@186f8716, codingblackfemales.sotw.ChildOrder@1d8bd0de, codingblackfemales.sotw.ChildOrder@45ca843, codingblackfemales.sotw.ChildOrder@11c9af63, codingblackfemales.sotw.ChildOrder@757acd7b, codingblackfemales.sotw.ChildOrder@36b4fe2a, codingblackfemales.sotw.ChildOrder@574b560f, codingblackfemales.sotw.ChildOrder@ba54932, codingblackfemales.sotw.ChildOrder@28975c28, codingblackfemales.sotw.ChildOrder@3943a2be, codingblackfemales.sotw.ChildOrder@343570b7, codingblackfemales.sotw.ChildOrder@157853da, codingblackfemales.sotw.ChildOrder@71c3b41, codingblackfemales.sotw.ChildOrder@236e3f4e, codingblackfemales.sotw.ChildOrder@3cc1435c, codingblackfemales.sotw.ChildOrder@6bf0219d, codingblackfemales.sotw.ChildOrder@dd0c991, codingblackfemales.sotw.ChildOrder@5f16132a, codingblackfemales.sotw.ChildOrder@69fb6037, codingblackfemales.sotw.ChildOrder@36d585c, codingblackfemales.sotw.ChildOrder@87a85e1, codingblackfemales.sotw.ChildOrder@671a5887, codingblackfemales.sotw.ChildOrder@5552768b, codingblackfemales.sotw.ChildOrder@3c947bc5, codingblackfemales.sotw.ChildOrder@609db43b, codingblackfemales.sotw.ChildOrder@55f616cf]
active orders are [codingblackfemales.sotw.ChildOrder@484970b0, codingblackfemales.sotw.ChildOrder@4470f8a6, codingblackfemales.sotw.ChildOrder@7c83dc97, codingblackfemales.sotw.ChildOrder@7748410a, codingblackfemales.sotw.ChildOrder@740773a3, codingblackfemales.sotw.ChildOrder@37f1104d, codingblackfemales.sotw.ChildOrder@55740540, codingblackfemales.sotw.ChildOrder@60015ef5, codingblackfemales.sotw.ChildOrder@2f54a33d, codingblackfemales.sotw.ChildOrder@1018bde2, codingblackfemales.sotw.ChildOrder@65b3f4a4, codingblackfemales.sotw.ChildOrder@f2ff811, codingblackfemales.sotw.ChildOrder@568ff82, codingblackfemales.sotw.ChildOrder@50caa560, codingblackfemales.sotw.ChildOrder@2a266d09, codingblackfemales.sotw.ChildOrder@5ab9e72c, codingblackfemales.sotw.ChildOrder@186f8716, codingblackfemales.sotw.ChildOrder@1d8bd0de, codingblackfemales.sotw.ChildOrder@45ca843, codingblackfemales.sotw.ChildOrder@11c9af63, codingblackfemales.sotw.ChildOrder@757acd7b, codingblackfemales.sotw.ChildOrder@36b4fe2a, codingblackfemales.sotw.ChildOrder@574b560f, codingblackfemales.sotw.ChildOrder@ba54932, codingblackfemales.sotw.ChildOrder@28975c28, codingblackfemales.sotw.ChildOrder@3943a2be, codingblackfemales.sotw.ChildOrder@343570b7, codingblackfemales.sotw.ChildOrder@157853da, codingblackfemales.sotw.ChildOrder@71c3b41, codingblackfemales.sotw.ChildOrder@236e3f4e, codingblackfemales.sotw.ChildOrder@3cc1435c, codingblackfemales.sotw.ChildOrder@6bf0219d, codingblackfemales.sotw.ChildOrder@dd0c991, codingblackfemales.sotw.ChildOrder@5f16132a, codingblackfemales.sotw.ChildOrder@69fb6037, codingblackfemales.sotw.ChildOrder@36d585c, codingblackfemales.sotw.ChildOrder@87a85e1, codingblackfemales.sotw.ChildOrder@671a5887, codingblackfemales.sotw.ChildOrder@5552768b, codingblackfemales.sotw.ChildOrder@3c947bc5, codingblackfemales.sotw.ChildOrder@609db43b, codingblackfemales.sotw.ChildOrder@55f616cf]
16:14:39.330 [main] INFO  c.gettingstarted.MyAlgoLogic - [MYALGO] option is present active orders are:[codingblackfemales.sotw.ChildOrder@484970b0, codingblackfemales.sotw.ChildOrder@4470f8a6, codingblackfemales.sotw.ChildOrder@7c83dc97, codingblackfemales.sotw.ChildOrder@7748410a, codingblackfemales.sotw.ChildOrder@740773a3, codingblackfemales.sotw.ChildOrder@37f1104d, codingblackfemales.sotw.ChildOrder@55740540, codingblackfemales.sotw.ChildOrder@60015ef5, codingblackfemales.sotw.ChildOrder@2f54a33d, codingblackfemales.sotw.ChildOrder@1018bde2, codingblackfemales.sotw.ChildOrder@65b3f4a4, codingblackfemales.sotw.ChildOrder@f2ff811, codingblackfemales.sotw.ChildOrder@568ff82, codingblackfemales.sotw.ChildOrder@50caa560, codingblackfemales.sotw.ChildOrder@2a266d09, codingblackfemales.sotw.ChildOrder@5ab9e72c, codingblackfemales.sotw.ChildOrder@186f8716, codingblackfemales.sotw.ChildOrder@1d8bd0de, codingblackfemales.sotw.ChildOrder@45ca843, codingblackfemales.sotw.ChildOrder@11c9af63, codingblackfemales.sotw.ChildOrder@757acd7b, codingblackfemales.sotw.ChildOrder@36b4fe2a, codingblackfemales.sotw.ChildOrder@574b560f, codingblackfemales.sotw.ChildOrder@ba54932, codingblackfemales.sotw.ChildOrder@28975c28, codingblackfemales.sotw.ChildOrder@3943a2be, codingblackfemales.sotw.ChildOrder@343570b7, codingblackfemales.sotw.ChildOrder@157853da, codingblackfemales.sotw.ChildOrder@71c3b41, codingblackfemales.sotw.ChildOrder@236e3f4e, codingblackfemales.sotw.ChildOrder@3cc1435c, codingblackfemales.sotw.ChildOrder@6bf0219d, codingblackfemales.sotw.ChildOrder@dd0c991, codingblackfemales.sotw.ChildOrder@5f16132a, codingblackfemales.sotw.ChildOrder@69fb6037, codingblackfemales.sotw.ChildOrder@36d585c, codingblackfemales.sotw.ChildOrder@87a85e1, codingblackfemales.sotw.ChildOrder@671a5887, codingblackfemales.sotw.ChildOrder@5552768b, codingblackfemales.sotw.ChildOrder@3c947bc5, codingblackfemales.sotw.ChildOrder@609db43b, codingblackfemales.sotw.ChildOrder@55f616cf]
option is present.
16:14:39.330 [main] INFO  c.gettingstarted.MyAlgoLogic - [MYALGO] Cancelling order:codingblackfemales.sotw.ChildOrder@484970b0
child order is codingblackfemales.sotw.ChildOrder@484970b0
Child order is cancelled.
16:14:39.330 [main] INFO  c.container.Actioner - [ALGO] Actioner, sending action:CancelChildOrder(codingblackfemales.sotw.ChildOrder@484970b0)
16:14:39.330 [main] INFO  c.sequencer.consumer.LoggingConsumer - [50] [CancelOrder](sbeTemplateId=5|sbeSchemaId=2|sbeSchemaVersion=0|sbeBlockLength=8):orderId=5
16:14:39.330 [main] INFO  c.gettingstarted.MyAlgoLogic - [MYALGO] In Algo Logic.... HeLlO
16:14:39.330 [main] INFO  c.gettingstarted.MyAlgoLogic - [MYALGO] The state of the order book is:
|----BID-----||----ASK----|
   101 @ 100    100 @ 98
   200 @ 110    200 @ 95
  5000 @ 115    300 @ 91
|------------||-----------|

total order count is45
16:14:39.330 [main] INFO  c.gettingstarted.MyAlgoLogic - [MYALGO] option is present total order count is45
16:14:39.330 [main] INFO  c.gettingstarted.MyAlgoLogic - [MYALGO] option is present, active orders are [codingblackfemales.sotw.ChildOrder@4470f8a6, codingblackfemales.sotw.ChildOrder@7c83dc97, codingblackfemales.sotw.ChildOrder@7748410a, codingblackfemales.sotw.ChildOrder@740773a3, codingblackfemales.sotw.ChildOrder@37f1104d, codingblackfemales.sotw.ChildOrder@55740540, codingblackfemales.sotw.ChildOrder@60015ef5, codingblackfemales.sotw.ChildOrder@2f54a33d, codingblackfemales.sotw.ChildOrder@1018bde2, codingblackfemales.sotw.ChildOrder@65b3f4a4, codingblackfemales.sotw.ChildOrder@f2ff811, codingblackfemales.sotw.ChildOrder@568ff82, codingblackfemales.sotw.ChildOrder@50caa560, codingblackfemales.sotw.ChildOrder@2a266d09, codingblackfemales.sotw.ChildOrder@5ab9e72c, codingblackfemales.sotw.ChildOrder@186f8716, codingblackfemales.sotw.ChildOrder@1d8bd0de, codingblackfemales.sotw.ChildOrder@45ca843, codingblackfemales.sotw.ChildOrder@11c9af63, codingblackfemales.sotw.ChildOrder@757acd7b, codingblackfemales.sotw.ChildOrder@36b4fe2a, codingblackfemales.sotw.ChildOrder@574b560f, codingblackfemales.sotw.ChildOrder@ba54932, codingblackfemales.sotw.ChildOrder@28975c28, codingblackfemales.sotw.ChildOrder@3943a2be, codingblackfemales.sotw.ChildOrder@343570b7, codingblackfemales.sotw.ChildOrder@157853da, codingblackfemales.sotw.ChildOrder@71c3b41, codingblackfemales.sotw.ChildOrder@236e3f4e, codingblackfemales.sotw.ChildOrder@3cc1435c, codingblackfemales.sotw.ChildOrder@6bf0219d, codingblackfemales.sotw.ChildOrder@dd0c991, codingblackfemales.sotw.ChildOrder@5f16132a, codingblackfemales.sotw.ChildOrder@69fb6037, codingblackfemales.sotw.ChildOrder@36d585c, codingblackfemales.sotw.ChildOrder@87a85e1, codingblackfemales.sotw.ChildOrder@671a5887, codingblackfemales.sotw.ChildOrder@5552768b, codingblackfemales.sotw.ChildOrder@3c947bc5, codingblackfemales.sotw.ChildOrder@609db43b, codingblackfemales.sotw.ChildOrder@55f616cf]
active orders are [codingblackfemales.sotw.ChildOrder@4470f8a6, codingblackfemales.sotw.ChildOrder@7c83dc97, codingblackfemales.sotw.ChildOrder@7748410a, codingblackfemales.sotw.ChildOrder@740773a3, codingblackfemales.sotw.ChildOrder@37f1104d, codingblackfemales.sotw.ChildOrder@55740540, codingblackfemales.sotw.ChildOrder@60015ef5, codingblackfemales.sotw.ChildOrder@2f54a33d, codingblackfemales.sotw.ChildOrder@1018bde2, codingblackfemales.sotw.ChildOrder@65b3f4a4, codingblackfemales.sotw.ChildOrder@f2ff811, codingblackfemales.sotw.ChildOrder@568ff82, codingblackfemales.sotw.ChildOrder@50caa560, codingblackfemales.sotw.ChildOrder@2a266d09, codingblackfemales.sotw.ChildOrder@5ab9e72c, codingblackfemales.sotw.ChildOrder@186f8716, codingblackfemales.sotw.ChildOrder@1d8bd0de, codingblackfemales.sotw.ChildOrder@45ca843, codingblackfemales.sotw.ChildOrder@11c9af63, codingblackfemales.sotw.ChildOrder@757acd7b, codingblackfemales.sotw.ChildOrder@36b4fe2a, codingblackfemales.sotw.ChildOrder@574b560f, codingblackfemales.sotw.ChildOrder@ba54932, codingblackfemales.sotw.ChildOrder@28975c28, codingblackfemales.sotw.ChildOrder@3943a2be, codingblackfemales.sotw.ChildOrder@343570b7, codingblackfemales.sotw.ChildOrder@157853da, codingblackfemales.sotw.ChildOrder@71c3b41, codingblackfemales.sotw.ChildOrder@236e3f4e, codingblackfemales.sotw.ChildOrder@3cc1435c, codingblackfemales.sotw.ChildOrder@6bf0219d, codingblackfemales.sotw.ChildOrder@dd0c991, codingblackfemales.sotw.ChildOrder@5f16132a, codingblackfemales.sotw.ChildOrder@69fb6037, codingblackfemales.sotw.ChildOrder@36d585c, codingblackfemales.sotw.ChildOrder@87a85e1, codingblackfemales.sotw.ChildOrder@671a5887, codingblackfemales.sotw.ChildOrder@5552768b, codingblackfemales.sotw.ChildOrder@3c947bc5, codingblackfemales.sotw.ChildOrder@609db43b, codingblackfemales.sotw.ChildOrder@55f616cf]
16:14:39.330 [main] INFO  c.gettingstarted.MyAlgoLogic - [MYALGO] option is present active orders are:[codingblackfemales.sotw.ChildOrder@4470f8a6, codingblackfemales.sotw.ChildOrder@7c83dc97, codingblackfemales.sotw.ChildOrder@7748410a, codingblackfemales.sotw.ChildOrder@740773a3, codingblackfemales.sotw.ChildOrder@37f1104d, codingblackfemales.sotw.ChildOrder@55740540, codingblackfemales.sotw.ChildOrder@60015ef5, codingblackfemales.sotw.ChildOrder@2f54a33d, codingblackfemales.sotw.ChildOrder@1018bde2, codingblackfemales.sotw.ChildOrder@65b3f4a4, codingblackfemales.sotw.ChildOrder@f2ff811, codingblackfemales.sotw.ChildOrder@568ff82, codingblackfemales.sotw.ChildOrder@50caa560, codingblackfemales.sotw.ChildOrder@2a266d09, codingblackfemales.sotw.ChildOrder@5ab9e72c, codingblackfemales.sotw.ChildOrder@186f8716, codingblackfemales.sotw.ChildOrder@1d8bd0de, codingblackfemales.sotw.ChildOrder@45ca843, codingblackfemales.sotw.ChildOrder@11c9af63, codingblackfemales.sotw.ChildOrder@757acd7b, codingblackfemales.sotw.ChildOrder@36b4fe2a, codingblackfemales.sotw.ChildOrder@574b560f, codingblackfemales.sotw.ChildOrder@ba54932, codingblackfemales.sotw.ChildOrder@28975c28, codingblackfemales.sotw.ChildOrder@3943a2be, codingblackfemales.sotw.ChildOrder@343570b7, codingblackfemales.sotw.ChildOrder@157853da, codingblackfemales.sotw.ChildOrder@71c3b41, codingblackfemales.sotw.ChildOrder@236e3f4e, codingblackfemales.sotw.ChildOrder@3cc1435c, codingblackfemales.sotw.ChildOrder@6bf0219d, codingblackfemales.sotw.ChildOrder@dd0c991, codingblackfemales.sotw.ChildOrder@5f16132a, codingblackfemales.sotw.ChildOrder@69fb6037, codingblackfemales.sotw.ChildOrder@36d585c, codingblackfemales.sotw.ChildOrder@87a85e1, codingblackfemales.sotw.ChildOrder@671a5887, codingblackfemales.sotw.ChildOrder@5552768b, codingblackfemales.sotw.ChildOrder@3c947bc5, codingblackfemales.sotw.ChildOrder@609db43b, codingblackfemales.sotw.ChildOrder@55f616cf]
option is present.
16:14:39.330 [main] INFO  c.gettingstarted.MyAlgoLogic - [MYALGO] Cancelling order:codingblackfemales.sotw.ChildOrder@4470f8a6
child order is codingblackfemales.sotw.ChildOrder@4470f8a6
Child order is cancelled.
16:14:39.330 [main] INFO  c.container.Actioner - [ALGO] Actioner, sending action:CancelChildOrder(codingblackfemales.sotw.ChildOrder@4470f8a6)
16:14:39.330 [main] INFO  c.sequencer.consumer.LoggingConsumer - [51] [CancelOrder](sbeTemplateId=5|sbeSchemaId=2|sbeSchemaVersion=0|sbeBlockLength=8):orderId=6
16:14:39.330 [main] INFO  c.gettingstarted.MyAlgoLogic - [MYALGO] In Algo Logic.... HeLlO
16:14:39.330 [main] INFO  c.gettingstarted.MyAlgoLogic - [MYALGO] The state of the order book is:
|----BID-----||----ASK----|
   101 @ 100    100 @ 98
   200 @ 110    200 @ 95
  5000 @ 115    300 @ 91
|------------||-----------|

total order count is45
16:14:39.330 [main] INFO  c.gettingstarted.MyAlgoLogic - [MYALGO] option is present total order count is45
16:14:39.330 [main] INFO  c.gettingstarted.MyAlgoLogic - [MYALGO] option is present, active orders are [codingblackfemales.sotw.ChildOrder@7c83dc97, codingblackfemales.sotw.ChildOrder@7748410a, codingblackfemales.sotw.ChildOrder@740773a3, codingblackfemales.sotw.ChildOrder@37f1104d, codingblackfemales.sotw.ChildOrder@55740540, codingblackfemales.sotw.ChildOrder@60015ef5, codingblackfemales.sotw.ChildOrder@2f54a33d, codingblackfemales.sotw.ChildOrder@1018bde2, codingblackfemales.sotw.ChildOrder@65b3f4a4, codingblackfemales.sotw.ChildOrder@f2ff811, codingblackfemales.sotw.ChildOrder@568ff82, codingblackfemales.sotw.ChildOrder@50caa560, codingblackfemales.sotw.ChildOrder@2a266d09, codingblackfemales.sotw.ChildOrder@5ab9e72c, codingblackfemales.sotw.ChildOrder@186f8716, codingblackfemales.sotw.ChildOrder@1d8bd0de, codingblackfemales.sotw.ChildOrder@45ca843, codingblackfemales.sotw.ChildOrder@11c9af63, codingblackfemales.sotw.ChildOrder@757acd7b, codingblackfemales.sotw.ChildOrder@36b4fe2a, codingblackfemales.sotw.ChildOrder@574b560f, codingblackfemales.sotw.ChildOrder@ba54932, codingblackfemales.sotw.ChildOrder@28975c28, codingblackfemales.sotw.ChildOrder@3943a2be, codingblackfemales.sotw.ChildOrder@343570b7, codingblackfemales.sotw.ChildOrder@157853da, codingblackfemales.sotw.ChildOrder@71c3b41, codingblackfemales.sotw.ChildOrder@236e3f4e, codingblackfemales.sotw.ChildOrder@3cc1435c, codingblackfemales.sotw.ChildOrder@6bf0219d, codingblackfemales.sotw.ChildOrder@dd0c991, codingblackfemales.sotw.ChildOrder@5f16132a, codingblackfemales.sotw.ChildOrder@69fb6037, codingblackfemales.sotw.ChildOrder@36d585c, codingblackfemales.sotw.ChildOrder@87a85e1, codingblackfemales.sotw.ChildOrder@671a5887, codingblackfemales.sotw.ChildOrder@5552768b, codingblackfemales.sotw.ChildOrder@3c947bc5, codingblackfemales.sotw.ChildOrder@609db43b, codingblackfemales.sotw.ChildOrder@55f616cf]
active orders are [codingblackfemales.sotw.ChildOrder@7c83dc97, codingblackfemales.sotw.ChildOrder@7748410a, codingblackfemales.sotw.ChildOrder@740773a3, codingblackfemales.sotw.ChildOrder@37f1104d, codingblackfemales.sotw.ChildOrder@55740540, codingblackfemales.sotw.ChildOrder@60015ef5, codingblackfemales.sotw.ChildOrder@2f54a33d, codingblackfemales.sotw.ChildOrder@1018bde2, codingblackfemales.sotw.ChildOrder@65b3f4a4, codingblackfemales.sotw.ChildOrder@f2ff811, codingblackfemales.sotw.ChildOrder@568ff82, codingblackfemales.sotw.ChildOrder@50caa560, codingblackfemales.sotw.ChildOrder@2a266d09, codingblackfemales.sotw.ChildOrder@5ab9e72c, codingblackfemales.sotw.ChildOrder@186f8716, codingblackfemales.sotw.ChildOrder@1d8bd0de, codingblackfemales.sotw.ChildOrder@45ca843, codingblackfemales.sotw.ChildOrder@11c9af63, codingblackfemales.sotw.ChildOrder@757acd7b, codingblackfemales.sotw.ChildOrder@36b4fe2a, codingblackfemales.sotw.ChildOrder@574b560f, codingblackfemales.sotw.ChildOrder@ba54932, codingblackfemales.sotw.ChildOrder@28975c28, codingblackfemales.sotw.ChildOrder@3943a2be, codingblackfemales.sotw.ChildOrder@343570b7, codingblackfemales.sotw.ChildOrder@157853da, codingblackfemales.sotw.ChildOrder@71c3b41, codingblackfemales.sotw.ChildOrder@236e3f4e, codingblackfemales.sotw.ChildOrder@3cc1435c, codingblackfemales.sotw.ChildOrder@6bf0219d, codingblackfemales.sotw.ChildOrder@dd0c991, codingblackfemales.sotw.ChildOrder@5f16132a, codingblackfemales.sotw.ChildOrder@69fb6037, codingblackfemales.sotw.ChildOrder@36d585c, codingblackfemales.sotw.ChildOrder@87a85e1, codingblackfemales.sotw.ChildOrder@671a5887, codingblackfemales.sotw.ChildOrder@5552768b, codingblackfemales.sotw.ChildOrder@3c947bc5, codingblackfemales.sotw.ChildOrder@609db43b, codingblackfemales.sotw.ChildOrder@55f616cf]
16:14:39.330 [main] INFO  c.gettingstarted.MyAlgoLogic - [MYALGO] option is present active orders are:[codingblackfemales.sotw.ChildOrder@7c83dc97, codingblackfemales.sotw.ChildOrder@7748410a, codingblackfemales.sotw.ChildOrder@740773a3, codingblackfemales.sotw.ChildOrder@37f1104d, codingblackfemales.sotw.ChildOrder@55740540, codingblackfemales.sotw.ChildOrder@60015ef5, codingblackfemales.sotw.ChildOrder@2f54a33d, codingblackfemales.sotw.ChildOrder@1018bde2, codingblackfemales.sotw.ChildOrder@65b3f4a4, codingblackfemales.sotw.ChildOrder@f2ff811, codingblackfemales.sotw.ChildOrder@568ff82, codingblackfemales.sotw.ChildOrder@50caa560, codingblackfemales.sotw.ChildOrder@2a266d09, codingblackfemales.sotw.ChildOrder@5ab9e72c, codingblackfemales.sotw.ChildOrder@186f8716, codingblackfemales.sotw.ChildOrder@1d8bd0de, codingblackfemales.sotw.ChildOrder@45ca843, codingblackfemales.sotw.ChildOrder@11c9af63, codingblackfemales.sotw.ChildOrder@757acd7b, codingblackfemales.sotw.ChildOrder@36b4fe2a, codingblackfemales.sotw.ChildOrder@574b560f, codingblackfemales.sotw.ChildOrder@ba54932, codingblackfemales.sotw.ChildOrder@28975c28, codingblackfemales.sotw.ChildOrder@3943a2be, codingblackfemales.sotw.ChildOrder@343570b7, codingblackfemales.sotw.ChildOrder@157853da, codingblackfemales.sotw.ChildOrder@71c3b41, codingblackfemales.sotw.ChildOrder@236e3f4e, codingblackfemales.sotw.ChildOrder@3cc1435c, codingblackfemales.sotw.ChildOrder@6bf0219d, codingblackfemales.sotw.ChildOrder@dd0c991, codingblackfemales.sotw.ChildOrder@5f16132a, codingblackfemales.sotw.ChildOrder@69fb6037, codingblackfemales.sotw.ChildOrder@36d585c, codingblackfemales.sotw.ChildOrder@87a85e1, codingblackfemales.sotw.ChildOrder@671a5887, codingblackfemales.sotw.ChildOrder@5552768b, codingblackfemales.sotw.ChildOrder@3c947bc5, codingblackfemales.sotw.ChildOrder@609db43b, codingblackfemales.sotw.ChildOrder@55f616cf]
option is present.
16:14:39.330 [main] INFO  c.gettingstarted.MyAlgoLogic - [MYALGO] Cancelling order:codingblackfemales.sotw.ChildOrder@7c83dc97
child order is codingblackfemales.sotw.ChildOrder@7c83dc97
Child order is cancelled.
16:14:39.330 [main] INFO  c.container.Actioner - [ALGO] Actioner, sending action:CancelChildOrder(codingblackfemales.sotw.ChildOrder@7c83dc97)
16:14:39.330 [main] INFO  c.sequencer.consumer.LoggingConsumer - [52] [CancelOrder](sbeTemplateId=5|sbeSchemaId=2|sbeSchemaVersion=0|sbeBlockLength=8):orderId=7
16:14:39.330 [main] INFO  c.gettingstarted.MyAlgoLogic - [MYALGO] In Algo Logic.... HeLlO
16:14:39.330 [main] INFO  c.gettingstarted.MyAlgoLogic - [MYALGO] The state of the order book is:
|----BID-----||----ASK----|
   101 @ 100    100 @ 98
   200 @ 110    200 @ 95
  5000 @ 115    300 @ 91
|------------||-----------|

total order count is45
16:14:39.330 [main] INFO  c.gettingstarted.MyAlgoLogic - [MYALGO] option is present total order count is45
16:14:39.330 [main] INFO  c.gettingstarted.MyAlgoLogic - [MYALGO] option is present, active orders are [codingblackfemales.sotw.ChildOrder@7748410a, codingblackfemales.sotw.ChildOrder@740773a3, codingblackfemales.sotw.ChildOrder@37f1104d, codingblackfemales.sotw.ChildOrder@55740540, codingblackfemales.sotw.ChildOrder@60015ef5, codingblackfemales.sotw.ChildOrder@2f54a33d, codingblackfemales.sotw.ChildOrder@1018bde2, codingblackfemales.sotw.ChildOrder@65b3f4a4, codingblackfemales.sotw.ChildOrder@f2ff811, codingblackfemales.sotw.ChildOrder@568ff82, codingblackfemales.sotw.ChildOrder@50caa560, codingblackfemales.sotw.ChildOrder@2a266d09, codingblackfemales.sotw.ChildOrder@5ab9e72c, codingblackfemales.sotw.ChildOrder@186f8716, codingblackfemales.sotw.ChildOrder@1d8bd0de, codingblackfemales.sotw.ChildOrder@45ca843, codingblackfemales.sotw.ChildOrder@11c9af63, codingblackfemales.sotw.ChildOrder@757acd7b, codingblackfemales.sotw.ChildOrder@36b4fe2a, codingblackfemales.sotw.ChildOrder@574b560f, codingblackfemales.sotw.ChildOrder@ba54932, codingblackfemales.sotw.ChildOrder@28975c28, codingblackfemales.sotw.ChildOrder@3943a2be, codingblackfemales.sotw.ChildOrder@343570b7, codingblackfemales.sotw.ChildOrder@157853da, codingblackfemales.sotw.ChildOrder@71c3b41, codingblackfemales.sotw.ChildOrder@236e3f4e, codingblackfemales.sotw.ChildOrder@3cc1435c, codingblackfemales.sotw.ChildOrder@6bf0219d, codingblackfemales.sotw.ChildOrder@dd0c991, codingblackfemales.sotw.ChildOrder@5f16132a, codingblackfemales.sotw.ChildOrder@69fb6037, codingblackfemales.sotw.ChildOrder@36d585c, codingblackfemales.sotw.ChildOrder@87a85e1, codingblackfemales.sotw.ChildOrder@671a5887, codingblackfemales.sotw.ChildOrder@5552768b, codingblackfemales.sotw.ChildOrder@3c947bc5, codingblackfemales.sotw.ChildOrder@609db43b, codingblackfemales.sotw.ChildOrder@55f616cf]
active orders are [codingblackfemales.sotw.ChildOrder@7748410a, codingblackfemales.sotw.ChildOrder@740773a3, codingblackfemales.sotw.ChildOrder@37f1104d, codingblackfemales.sotw.ChildOrder@55740540, codingblackfemales.sotw.ChildOrder@60015ef5, codingblackfemales.sotw.ChildOrder@2f54a33d, codingblackfemales.sotw.ChildOrder@1018bde2, codingblackfemales.sotw.ChildOrder@65b3f4a4, codingblackfemales.sotw.ChildOrder@f2ff811, codingblackfemales.sotw.ChildOrder@568ff82, codingblackfemales.sotw.ChildOrder@50caa560, codingblackfemales.sotw.ChildOrder@2a266d09, codingblackfemales.sotw.ChildOrder@5ab9e72c, codingblackfemales.sotw.ChildOrder@186f8716, codingblackfemales.sotw.ChildOrder@1d8bd0de, codingblackfemales.sotw.ChildOrder@45ca843, codingblackfemales.sotw.ChildOrder@11c9af63, codingblackfemales.sotw.ChildOrder@757acd7b, codingblackfemales.sotw.ChildOrder@36b4fe2a, codingblackfemales.sotw.ChildOrder@574b560f, codingblackfemales.sotw.ChildOrder@ba54932, codingblackfemales.sotw.ChildOrder@28975c28, codingblackfemales.sotw.ChildOrder@3943a2be, codingblackfemales.sotw.ChildOrder@343570b7, codingblackfemales.sotw.ChildOrder@157853da, codingblackfemales.sotw.ChildOrder@71c3b41, codingblackfemales.sotw.ChildOrder@236e3f4e, codingblackfemales.sotw.ChildOrder@3cc1435c, codingblackfemales.sotw.ChildOrder@6bf0219d, codingblackfemales.sotw.ChildOrder@dd0c991, codingblackfemales.sotw.ChildOrder@5f16132a, codingblackfemales.sotw.ChildOrder@69fb6037, codingblackfemales.sotw.ChildOrder@36d585c, codingblackfemales.sotw.ChildOrder@87a85e1, codingblackfemales.sotw.ChildOrder@671a5887, codingblackfemales.sotw.ChildOrder@5552768b, codingblackfemales.sotw.ChildOrder@3c947bc5, codingblackfemales.sotw.ChildOrder@609db43b, codingblackfemales.sotw.ChildOrder@55f616cf]
16:14:39.330 [main] INFO  c.gettingstarted.MyAlgoLogic - [MYALGO] option is present active orders are:[codingblackfemales.sotw.ChildOrder@7748410a, codingblackfemales.sotw.ChildOrder@740773a3, codingblackfemales.sotw.ChildOrder@37f1104d, codingblackfemales.sotw.ChildOrder@55740540, codingblackfemales.sotw.ChildOrder@60015ef5, codingblackfemales.sotw.ChildOrder@2f54a33d, codingblackfemales.sotw.ChildOrder@1018bde2, codingblackfemales.sotw.ChildOrder@65b3f4a4, codingblackfemales.sotw.ChildOrder@f2ff811, codingblackfemales.sotw.ChildOrder@568ff82, codingblackfemales.sotw.ChildOrder@50caa560, codingblackfemales.sotw.ChildOrder@2a266d09, codingblackfemales.sotw.ChildOrder@5ab9e72c, codingblackfemales.sotw.ChildOrder@186f8716, codingblackfemales.sotw.ChildOrder@1d8bd0de, codingblackfemales.sotw.ChildOrder@45ca843, codingblackfemales.sotw.ChildOrder@11c9af63, codingblackfemales.sotw.ChildOrder@757acd7b, codingblackfemales.sotw.ChildOrder@36b4fe2a, codingblackfemales.sotw.ChildOrder@574b560f, codingblackfemales.sotw.ChildOrder@ba54932, codingblackfemales.sotw.ChildOrder@28975c28, codingblackfemales.sotw.ChildOrder@3943a2be, codingblackfemales.sotw.ChildOrder@343570b7, codingblackfemales.sotw.ChildOrder@157853da, codingblackfemales.sotw.ChildOrder@71c3b41, codingblackfemales.sotw.ChildOrder@236e3f4e, codingblackfemales.sotw.ChildOrder@3cc1435c, codingblackfemales.sotw.ChildOrder@6bf0219d, codingblackfemales.sotw.ChildOrder@dd0c991, codingblackfemales.sotw.ChildOrder@5f16132a, codingblackfemales.sotw.ChildOrder@69fb6037, codingblackfemales.sotw.ChildOrder@36d585c, codingblackfemales.sotw.ChildOrder@87a85e1, codingblackfemales.sotw.ChildOrder@671a5887, codingblackfemales.sotw.ChildOrder@5552768b, codingblackfemales.sotw.ChildOrder@3c947bc5, codingblackfemales.sotw.ChildOrder@609db43b, codingblackfemales.sotw.ChildOrder@55f616cf]
option is present.
16:14:39.330 [main] INFO  c.gettingstarted.MyAlgoLogic - [MYALGO] Cancelling order:codingblackfemales.sotw.ChildOrder@7748410a
child order is codingblackfemales.sotw.ChildOrder@7748410a
Child order is cancelled.
16:14:39.330 [main] INFO  c.container.Actioner - [ALGO] Actioner, sending action:CancelChildOrder(codingblackfemales.sotw.ChildOrder@7748410a)
16:14:39.330 [main] INFO  c.sequencer.consumer.LoggingConsumer - [53] [CancelOrder](sbeTemplateId=5|sbeSchemaId=2|sbeSchemaVersion=0|sbeBlockLength=8):orderId=8
16:14:39.330 [main] INFO  c.gettingstarted.MyAlgoLogic - [MYALGO] In Algo Logic.... HeLlO
16:14:39.330 [main] INFO  c.gettingstarted.MyAlgoLogic - [MYALGO] The state of the order book is:
|----BID-----||----ASK----|
   101 @ 100    100 @ 98
   200 @ 110    200 @ 95
  5000 @ 115    300 @ 91
|------------||-----------|

total order count is45
16:14:39.330 [main] INFO  c.gettingstarted.MyAlgoLogic - [MYALGO] option is present total order count is45
16:14:39.330 [main] INFO  c.gettingstarted.MyAlgoLogic - [MYALGO] option is present, active orders are [codingblackfemales.sotw.ChildOrder@740773a3, codingblackfemales.sotw.ChildOrder@37f1104d, codingblackfemales.sotw.ChildOrder@55740540, codingblackfemales.sotw.ChildOrder@60015ef5, codingblackfemales.sotw.ChildOrder@2f54a33d, codingblackfemales.sotw.ChildOrder@1018bde2, codingblackfemales.sotw.ChildOrder@65b3f4a4, codingblackfemales.sotw.ChildOrder@f2ff811, codingblackfemales.sotw.ChildOrder@568ff82, codingblackfemales.sotw.ChildOrder@50caa560, codingblackfemales.sotw.ChildOrder@2a266d09, codingblackfemales.sotw.ChildOrder@5ab9e72c, codingblackfemales.sotw.ChildOrder@186f8716, codingblackfemales.sotw.ChildOrder@1d8bd0de, codingblackfemales.sotw.ChildOrder@45ca843, codingblackfemales.sotw.ChildOrder@11c9af63, codingblackfemales.sotw.ChildOrder@757acd7b, codingblackfemales.sotw.ChildOrder@36b4fe2a, codingblackfemales.sotw.ChildOrder@574b560f, codingblackfemales.sotw.ChildOrder@ba54932, codingblackfemales.sotw.ChildOrder@28975c28, codingblackfemales.sotw.ChildOrder@3943a2be, codingblackfemales.sotw.ChildOrder@343570b7, codingblackfemales.sotw.ChildOrder@157853da, codingblackfemales.sotw.ChildOrder@71c3b41, codingblackfemales.sotw.ChildOrder@236e3f4e, codingblackfemales.sotw.ChildOrder@3cc1435c, codingblackfemales.sotw.ChildOrder@6bf0219d, codingblackfemales.sotw.ChildOrder@dd0c991, codingblackfemales.sotw.ChildOrder@5f16132a, codingblackfemales.sotw.ChildOrder@69fb6037, codingblackfemales.sotw.ChildOrder@36d585c, codingblackfemales.sotw.ChildOrder@87a85e1, codingblackfemales.sotw.ChildOrder@671a5887, codingblackfemales.sotw.ChildOrder@5552768b, codingblackfemales.sotw.ChildOrder@3c947bc5, codingblackfemales.sotw.ChildOrder@609db43b, codingblackfemales.sotw.ChildOrder@55f616cf]
active orders are [codingblackfemales.sotw.ChildOrder@740773a3, codingblackfemales.sotw.ChildOrder@37f1104d, codingblackfemales.sotw.ChildOrder@55740540, codingblackfemales.sotw.ChildOrder@60015ef5, codingblackfemales.sotw.ChildOrder@2f54a33d, codingblackfemales.sotw.ChildOrder@1018bde2, codingblackfemales.sotw.ChildOrder@65b3f4a4, codingblackfemales.sotw.ChildOrder@f2ff811, codingblackfemales.sotw.ChildOrder@568ff82, codingblackfemales.sotw.ChildOrder@50caa560, codingblackfemales.sotw.ChildOrder@2a266d09, codingblackfemales.sotw.ChildOrder@5ab9e72c, codingblackfemales.sotw.ChildOrder@186f8716, codingblackfemales.sotw.ChildOrder@1d8bd0de, codingblackfemales.sotw.ChildOrder@45ca843, codingblackfemales.sotw.ChildOrder@11c9af63, codingblackfemales.sotw.ChildOrder@757acd7b, codingblackfemales.sotw.ChildOrder@36b4fe2a, codingblackfemales.sotw.ChildOrder@574b560f, codingblackfemales.sotw.ChildOrder@ba54932, codingblackfemales.sotw.ChildOrder@28975c28, codingblackfemales.sotw.ChildOrder@3943a2be, codingblackfemales.sotw.ChildOrder@343570b7, codingblackfemales.sotw.ChildOrder@157853da, codingblackfemales.sotw.ChildOrder@71c3b41, codingblackfemales.sotw.ChildOrder@236e3f4e, codingblackfemales.sotw.ChildOrder@3cc1435c, codingblackfemales.sotw.ChildOrder@6bf0219d, codingblackfemales.sotw.ChildOrder@dd0c991, codingblackfemales.sotw.ChildOrder@5f16132a, codingblackfemales.sotw.ChildOrder@69fb6037, codingblackfemales.sotw.ChildOrder@36d585c, codingblackfemales.sotw.ChildOrder@87a85e1, codingblackfemales.sotw.ChildOrder@671a5887, codingblackfemales.sotw.ChildOrder@5552768b, codingblackfemales.sotw.ChildOrder@3c947bc5, codingblackfemales.sotw.ChildOrder@609db43b, codingblackfemales.sotw.ChildOrder@55f616cf]
16:14:39.330 [main] INFO  c.gettingstarted.MyAlgoLogic - [MYALGO] option is present active orders are:[codingblackfemales.sotw.ChildOrder@740773a3, codingblackfemales.sotw.ChildOrder@37f1104d, codingblackfemales.sotw.ChildOrder@55740540, codingblackfemales.sotw.ChildOrder@60015ef5, codingblackfemales.sotw.ChildOrder@2f54a33d, codingblackfemales.sotw.ChildOrder@1018bde2, codingblackfemales.sotw.ChildOrder@65b3f4a4, codingblackfemales.sotw.ChildOrder@f2ff811, codingblackfemales.sotw.ChildOrder@568ff82, codingblackfemales.sotw.ChildOrder@50caa560, codingblackfemales.sotw.ChildOrder@2a266d09, codingblackfemales.sotw.ChildOrder@5ab9e72c, codingblackfemales.sotw.ChildOrder@186f8716, codingblackfemales.sotw.ChildOrder@1d8bd0de, codingblackfemales.sotw.ChildOrder@45ca843, codingblackfemales.sotw.ChildOrder@11c9af63, codingblackfemales.sotw.ChildOrder@757acd7b, codingblackfemales.sotw.ChildOrder@36b4fe2a, codingblackfemales.sotw.ChildOrder@574b560f, codingblackfemales.sotw.ChildOrder@ba54932, codingblackfemales.sotw.ChildOrder@28975c28, codingblackfemales.sotw.ChildOrder@3943a2be, codingblackfemales.sotw.ChildOrder@343570b7, codingblackfemales.sotw.ChildOrder@157853da, codingblackfemales.sotw.ChildOrder@71c3b41, codingblackfemales.sotw.ChildOrder@236e3f4e, codingblackfemales.sotw.ChildOrder@3cc1435c, codingblackfemales.sotw.ChildOrder@6bf0219d, codingblackfemales.sotw.ChildOrder@dd0c991, codingblackfemales.sotw.ChildOrder@5f16132a, codingblackfemales.sotw.ChildOrder@69fb6037, codingblackfemales.sotw.ChildOrder@36d585c, codingblackfemales.sotw.ChildOrder@87a85e1, codingblackfemales.sotw.ChildOrder@671a5887, codingblackfemales.sotw.ChildOrder@5552768b, codingblackfemales.sotw.ChildOrder@3c947bc5, codingblackfemales.sotw.ChildOrder@609db43b, codingblackfemales.sotw.ChildOrder@55f616cf]
option is present.
16:14:39.330 [main] INFO  c.gettingstarted.MyAlgoLogic - [MYALGO] Cancelling order:codingblackfemales.sotw.ChildOrder@740773a3
child order is codingblackfemales.sotw.ChildOrder@740773a3
Child order is cancelled.
16:14:39.330 [main] INFO  c.container.Actioner - [ALGO] Actioner, sending action:CancelChildOrder(codingblackfemales.sotw.ChildOrder@740773a3)
16:14:39.330 [main] INFO  c.sequencer.consumer.LoggingConsumer - [54] [CancelOrder](sbeTemplateId=5|sbeSchemaId=2|sbeSchemaVersion=0|sbeBlockLength=8):orderId=9
16:14:39.330 [main] INFO  c.gettingstarted.MyAlgoLogic - [MYALGO] In Algo Logic.... HeLlO
16:14:39.330 [main] INFO  c.gettingstarted.MyAlgoLogic - [MYALGO] The state of the order book is:
|----BID-----||----ASK----|
   101 @ 100    100 @ 98
   200 @ 110    200 @ 95
  5000 @ 115    300 @ 91
|------------||-----------|

total order count is45
16:14:39.330 [main] INFO  c.gettingstarted.MyAlgoLogic - [MYALGO] option is present total order count is45
16:14:39.330 [main] INFO  c.gettingstarted.MyAlgoLogic - [MYALGO] option is present, active orders are [codingblackfemales.sotw.ChildOrder@37f1104d, codingblackfemales.sotw.ChildOrder@55740540, codingblackfemales.sotw.ChildOrder@60015ef5, codingblackfemales.sotw.ChildOrder@2f54a33d, codingblackfemales.sotw.ChildOrder@1018bde2, codingblackfemales.sotw.ChildOrder@65b3f4a4, codingblackfemales.sotw.ChildOrder@f2ff811, codingblackfemales.sotw.ChildOrder@568ff82, codingblackfemales.sotw.ChildOrder@50caa560, codingblackfemales.sotw.ChildOrder@2a266d09, codingblackfemales.sotw.ChildOrder@5ab9e72c, codingblackfemales.sotw.ChildOrder@186f8716, codingblackfemales.sotw.ChildOrder@1d8bd0de, codingblackfemales.sotw.ChildOrder@45ca843, codingblackfemales.sotw.ChildOrder@11c9af63, codingblackfemales.sotw.ChildOrder@757acd7b, codingblackfemales.sotw.ChildOrder@36b4fe2a, codingblackfemales.sotw.ChildOrder@574b560f, codingblackfemales.sotw.ChildOrder@ba54932, codingblackfemales.sotw.ChildOrder@28975c28, codingblackfemales.sotw.ChildOrder@3943a2be, codingblackfemales.sotw.ChildOrder@343570b7, codingblackfemales.sotw.ChildOrder@157853da, codingblackfemales.sotw.ChildOrder@71c3b41, codingblackfemales.sotw.ChildOrder@236e3f4e, codingblackfemales.sotw.ChildOrder@3cc1435c, codingblackfemales.sotw.ChildOrder@6bf0219d, codingblackfemales.sotw.ChildOrder@dd0c991, codingblackfemales.sotw.ChildOrder@5f16132a, codingblackfemales.sotw.ChildOrder@69fb6037, codingblackfemales.sotw.ChildOrder@36d585c, codingblackfemales.sotw.ChildOrder@87a85e1, codingblackfemales.sotw.ChildOrder@671a5887, codingblackfemales.sotw.ChildOrder@5552768b, codingblackfemales.sotw.ChildOrder@3c947bc5, codingblackfemales.sotw.ChildOrder@609db43b, codingblackfemales.sotw.ChildOrder@55f616cf]
active orders are [codingblackfemales.sotw.ChildOrder@37f1104d, codingblackfemales.sotw.ChildOrder@55740540, codingblackfemales.sotw.ChildOrder@60015ef5, codingblackfemales.sotw.ChildOrder@2f54a33d, codingblackfemales.sotw.ChildOrder@1018bde2, codingblackfemales.sotw.ChildOrder@65b3f4a4, codingblackfemales.sotw.ChildOrder@f2ff811, codingblackfemales.sotw.ChildOrder@568ff82, codingblackfemales.sotw.ChildOrder@50caa560, codingblackfemales.sotw.ChildOrder@2a266d09, codingblackfemales.sotw.ChildOrder@5ab9e72c, codingblackfemales.sotw.ChildOrder@186f8716, codingblackfemales.sotw.ChildOrder@1d8bd0de, codingblackfemales.sotw.ChildOrder@45ca843, codingblackfemales.sotw.ChildOrder@11c9af63, codingblackfemales.sotw.ChildOrder@757acd7b, codingblackfemales.sotw.ChildOrder@36b4fe2a, codingblackfemales.sotw.ChildOrder@574b560f, codingblackfemales.sotw.ChildOrder@ba54932, codingblackfemales.sotw.ChildOrder@28975c28, codingblackfemales.sotw.ChildOrder@3943a2be, codingblackfemales.sotw.ChildOrder@343570b7, codingblackfemales.sotw.ChildOrder@157853da, codingblackfemales.sotw.ChildOrder@71c3b41, codingblackfemales.sotw.ChildOrder@236e3f4e, codingblackfemales.sotw.ChildOrder@3cc1435c, codingblackfemales.sotw.ChildOrder@6bf0219d, codingblackfemales.sotw.ChildOrder@dd0c991, codingblackfemales.sotw.ChildOrder@5f16132a, codingblackfemales.sotw.ChildOrder@69fb6037, codingblackfemales.sotw.ChildOrder@36d585c, codingblackfemales.sotw.ChildOrder@87a85e1, codingblackfemales.sotw.ChildOrder@671a5887, codingblackfemales.sotw.ChildOrder@5552768b, codingblackfemales.sotw.ChildOrder@3c947bc5, codingblackfemales.sotw.ChildOrder@609db43b, codingblackfemales.sotw.ChildOrder@55f616cf]
16:14:39.330 [main] INFO  c.gettingstarted.MyAlgoLogic - [MYALGO] option is present active orders are:[codingblackfemales.sotw.ChildOrder@37f1104d, codingblackfemales.sotw.ChildOrder@55740540, codingblackfemales.sotw.ChildOrder@60015ef5, codingblackfemales.sotw.ChildOrder@2f54a33d, codingblackfemales.sotw.ChildOrder@1018bde2, codingblackfemales.sotw.ChildOrder@65b3f4a4, codingblackfemales.sotw.ChildOrder@f2ff811, codingblackfemales.sotw.ChildOrder@568ff82, codingblackfemales.sotw.ChildOrder@50caa560, codingblackfemales.sotw.ChildOrder@2a266d09, codingblackfemales.sotw.ChildOrder@5ab9e72c, codingblackfemales.sotw.ChildOrder@186f8716, codingblackfemales.sotw.ChildOrder@1d8bd0de, codingblackfemales.sotw.ChildOrder@45ca843, codingblackfemales.sotw.ChildOrder@11c9af63, codingblackfemales.sotw.ChildOrder@757acd7b, codingblackfemales.sotw.ChildOrder@36b4fe2a, codingblackfemales.sotw.ChildOrder@574b560f, codingblackfemales.sotw.ChildOrder@ba54932, codingblackfemales.sotw.ChildOrder@28975c28, codingblackfemales.sotw.ChildOrder@3943a2be, codingblackfemales.sotw.ChildOrder@343570b7, codingblackfemales.sotw.ChildOrder@157853da, codingblackfemales.sotw.ChildOrder@71c3b41, codingblackfemales.sotw.ChildOrder@236e3f4e, codingblackfemales.sotw.ChildOrder@3cc1435c, codingblackfemales.sotw.ChildOrder@6bf0219d, codingblackfemales.sotw.ChildOrder@dd0c991, codingblackfemales.sotw.ChildOrder@5f16132a, codingblackfemales.sotw.ChildOrder@69fb6037, codingblackfemales.sotw.ChildOrder@36d585c, codingblackfemales.sotw.ChildOrder@87a85e1, codingblackfemales.sotw.ChildOrder@671a5887, codingblackfemales.sotw.ChildOrder@5552768b, codingblackfemales.sotw.ChildOrder@3c947bc5, codingblackfemales.sotw.ChildOrder@609db43b, codingblackfemales.sotw.ChildOrder@55f616cf]
option is present.
16:14:39.330 [main] INFO  c.gettingstarted.MyAlgoLogic - [MYALGO] Cancelling order:codingblackfemales.sotw.ChildOrder@37f1104d
child order is codingblackfemales.sotw.ChildOrder@37f1104d
Child order is cancelled.
16:14:39.330 [main] INFO  c.container.Actioner - [ALGO] Actioner, sending action:CancelChildOrder(codingblackfemales.sotw.ChildOrder@37f1104d)
16:14:39.330 [main] INFO  c.sequencer.consumer.LoggingConsumer - [55] [CancelOrder](sbeTemplateId=5|sbeSchemaId=2|sbeSchemaVersion=0|sbeBlockLength=8):orderId=10
16:14:39.330 [main] INFO  c.gettingstarted.MyAlgoLogic - [MYALGO] In Algo Logic.... HeLlO
16:14:39.330 [main] INFO  c.gettingstarted.MyAlgoLogic - [MYALGO] The state of the order book is:
|----BID-----||----ASK----|
   101 @ 100    100 @ 98
   200 @ 110    200 @ 95
  5000 @ 115    300 @ 91
|------------||-----------|

total order count is45
16:14:39.330 [main] INFO  c.gettingstarted.MyAlgoLogic - [MYALGO] option is present total order count is45
16:14:39.330 [main] INFO  c.gettingstarted.MyAlgoLogic - [MYALGO] option is present, active orders are [codingblackfemales.sotw.ChildOrder@55740540, codingblackfemales.sotw.ChildOrder@60015ef5, codingblackfemales.sotw.ChildOrder@2f54a33d, codingblackfemales.sotw.ChildOrder@1018bde2, codingblackfemales.sotw.ChildOrder@65b3f4a4, codingblackfemales.sotw.ChildOrder@f2ff811, codingblackfemales.sotw.ChildOrder@568ff82, codingblackfemales.sotw.ChildOrder@50caa560, codingblackfemales.sotw.ChildOrder@2a266d09, codingblackfemales.sotw.ChildOrder@5ab9e72c, codingblackfemales.sotw.ChildOrder@186f8716, codingblackfemales.sotw.ChildOrder@1d8bd0de, codingblackfemales.sotw.ChildOrder@45ca843, codingblackfemales.sotw.ChildOrder@11c9af63, codingblackfemales.sotw.ChildOrder@757acd7b, codingblackfemales.sotw.ChildOrder@36b4fe2a, codingblackfemales.sotw.ChildOrder@574b560f, codingblackfemales.sotw.ChildOrder@ba54932, codingblackfemales.sotw.ChildOrder@28975c28, codingblackfemales.sotw.ChildOrder@3943a2be, codingblackfemales.sotw.ChildOrder@343570b7, codingblackfemales.sotw.ChildOrder@157853da, codingblackfemales.sotw.ChildOrder@71c3b41, codingblackfemales.sotw.ChildOrder@236e3f4e, codingblackfemales.sotw.ChildOrder@3cc1435c, codingblackfemales.sotw.ChildOrder@6bf0219d, codingblackfemales.sotw.ChildOrder@dd0c991, codingblackfemales.sotw.ChildOrder@5f16132a, codingblackfemales.sotw.ChildOrder@69fb6037, codingblackfemales.sotw.ChildOrder@36d585c, codingblackfemales.sotw.ChildOrder@87a85e1, codingblackfemales.sotw.ChildOrder@671a5887, codingblackfemales.sotw.ChildOrder@5552768b, codingblackfemales.sotw.ChildOrder@3c947bc5, codingblackfemales.sotw.ChildOrder@609db43b, codingblackfemales.sotw.ChildOrder@55f616cf]
active orders are [codingblackfemales.sotw.ChildOrder@55740540, codingblackfemales.sotw.ChildOrder@60015ef5, codingblackfemales.sotw.ChildOrder@2f54a33d, codingblackfemales.sotw.ChildOrder@1018bde2, codingblackfemales.sotw.ChildOrder@65b3f4a4, codingblackfemales.sotw.ChildOrder@f2ff811, codingblackfemales.sotw.ChildOrder@568ff82, codingblackfemales.sotw.ChildOrder@50caa560, codingblackfemales.sotw.ChildOrder@2a266d09, codingblackfemales.sotw.ChildOrder@5ab9e72c, codingblackfemales.sotw.ChildOrder@186f8716, codingblackfemales.sotw.ChildOrder@1d8bd0de, codingblackfemales.sotw.ChildOrder@45ca843, codingblackfemales.sotw.ChildOrder@11c9af63, codingblackfemales.sotw.ChildOrder@757acd7b, codingblackfemales.sotw.ChildOrder@36b4fe2a, codingblackfemales.sotw.ChildOrder@574b560f, codingblackfemales.sotw.ChildOrder@ba54932, codingblackfemales.sotw.ChildOrder@28975c28, codingblackfemales.sotw.ChildOrder@3943a2be, codingblackfemales.sotw.ChildOrder@343570b7, codingblackfemales.sotw.ChildOrder@157853da, codingblackfemales.sotw.ChildOrder@71c3b41, codingblackfemales.sotw.ChildOrder@236e3f4e, codingblackfemales.sotw.ChildOrder@3cc1435c, codingblackfemales.sotw.ChildOrder@6bf0219d, codingblackfemales.sotw.ChildOrder@dd0c991, codingblackfemales.sotw.ChildOrder@5f16132a, codingblackfemales.sotw.ChildOrder@69fb6037, codingblackfemales.sotw.ChildOrder@36d585c, codingblackfemales.sotw.ChildOrder@87a85e1, codingblackfemales.sotw.ChildOrder@671a5887, codingblackfemales.sotw.ChildOrder@5552768b, codingblackfemales.sotw.ChildOrder@3c947bc5, codingblackfemales.sotw.ChildOrder@609db43b, codingblackfemales.sotw.ChildOrder@55f616cf]
16:14:39.330 [main] INFO  c.gettingstarted.MyAlgoLogic - [MYALGO] option is present active orders are:[codingblackfemales.sotw.ChildOrder@55740540, codingblackfemales.sotw.ChildOrder@60015ef5, codingblackfemales.sotw.ChildOrder@2f54a33d, codingblackfemales.sotw.ChildOrder@1018bde2, codingblackfemales.sotw.ChildOrder@65b3f4a4, codingblackfemales.sotw.ChildOrder@f2ff811, codingblackfemales.sotw.ChildOrder@568ff82, codingblackfemales.sotw.ChildOrder@50caa560, codingblackfemales.sotw.ChildOrder@2a266d09, codingblackfemales.sotw.ChildOrder@5ab9e72c, codingblackfemales.sotw.ChildOrder@186f8716, codingblackfemales.sotw.ChildOrder@1d8bd0de, codingblackfemales.sotw.ChildOrder@45ca843, codingblackfemales.sotw.ChildOrder@11c9af63, codingblackfemales.sotw.ChildOrder@757acd7b, codingblackfemales.sotw.ChildOrder@36b4fe2a, codingblackfemales.sotw.ChildOrder@574b560f, codingblackfemales.sotw.ChildOrder@ba54932, codingblackfemales.sotw.ChildOrder@28975c28, codingblackfemales.sotw.ChildOrder@3943a2be, codingblackfemales.sotw.ChildOrder@343570b7, codingblackfemales.sotw.ChildOrder@157853da, codingblackfemales.sotw.ChildOrder@71c3b41, codingblackfemales.sotw.ChildOrder@236e3f4e, codingblackfemales.sotw.ChildOrder@3cc1435c, codingblackfemales.sotw.ChildOrder@6bf0219d, codingblackfemales.sotw.ChildOrder@dd0c991, codingblackfemales.sotw.ChildOrder@5f16132a, codingblackfemales.sotw.ChildOrder@69fb6037, codingblackfemales.sotw.ChildOrder@36d585c, codingblackfemales.sotw.ChildOrder@87a85e1, codingblackfemales.sotw.ChildOrder@671a5887, codingblackfemales.sotw.ChildOrder@5552768b, codingblackfemales.sotw.ChildOrder@3c947bc5, codingblackfemales.sotw.ChildOrder@609db43b, codingblackfemales.sotw.ChildOrder@55f616cf]
option is present.
16:14:39.330 [main] INFO  c.gettingstarted.MyAlgoLogic - [MYALGO] Cancelling order:codingblackfemales.sotw.ChildOrder@55740540
child order is codingblackfemales.sotw.ChildOrder@55740540
Child order is cancelled.
16:14:39.330 [main] INFO  c.container.Actioner - [ALGO] Actioner, sending action:CancelChildOrder(codingblackfemales.sotw.ChildOrder@55740540)
16:14:39.330 [main] INFO  c.sequencer.consumer.LoggingConsumer - [56] [CancelOrder](sbeTemplateId=5|sbeSchemaId=2|sbeSchemaVersion=0|sbeBlockLength=8):orderId=11
16:14:39.330 [main] INFO  c.gettingstarted.MyAlgoLogic - [MYALGO] In Algo Logic.... HeLlO
16:14:39.330 [main] INFO  c.gettingstarted.MyAlgoLogic - [MYALGO] The state of the order book is:
|----BID-----||----ASK----|
   101 @ 100    100 @ 98
   200 @ 110    200 @ 95
  5000 @ 115    300 @ 91
|------------||-----------|

total order count is45
16:14:39.330 [main] INFO  c.gettingstarted.MyAlgoLogic - [MYALGO] option is present total order count is45
16:14:39.330 [main] INFO  c.gettingstarted.MyAlgoLogic - [MYALGO] option is present, active orders are [codingblackfemales.sotw.ChildOrder@60015ef5, codingblackfemales.sotw.ChildOrder@2f54a33d, codingblackfemales.sotw.ChildOrder@1018bde2, codingblackfemales.sotw.ChildOrder@65b3f4a4, codingblackfemales.sotw.ChildOrder@f2ff811, codingblackfemales.sotw.ChildOrder@568ff82, codingblackfemales.sotw.ChildOrder@50caa560, codingblackfemales.sotw.ChildOrder@2a266d09, codingblackfemales.sotw.ChildOrder@5ab9e72c, codingblackfemales.sotw.ChildOrder@186f8716, codingblackfemales.sotw.ChildOrder@1d8bd0de, codingblackfemales.sotw.ChildOrder@45ca843, codingblackfemales.sotw.ChildOrder@11c9af63, codingblackfemales.sotw.ChildOrder@757acd7b, codingblackfemales.sotw.ChildOrder@36b4fe2a, codingblackfemales.sotw.ChildOrder@574b560f, codingblackfemales.sotw.ChildOrder@ba54932, codingblackfemales.sotw.ChildOrder@28975c28, codingblackfemales.sotw.ChildOrder@3943a2be, codingblackfemales.sotw.ChildOrder@343570b7, codingblackfemales.sotw.ChildOrder@157853da, codingblackfemales.sotw.ChildOrder@71c3b41, codingblackfemales.sotw.ChildOrder@236e3f4e, codingblackfemales.sotw.ChildOrder@3cc1435c, codingblackfemales.sotw.ChildOrder@6bf0219d, codingblackfemales.sotw.ChildOrder@dd0c991, codingblackfemales.sotw.ChildOrder@5f16132a, codingblackfemales.sotw.ChildOrder@69fb6037, codingblackfemales.sotw.ChildOrder@36d585c, codingblackfemales.sotw.ChildOrder@87a85e1, codingblackfemales.sotw.ChildOrder@671a5887, codingblackfemales.sotw.ChildOrder@5552768b, codingblackfemales.sotw.ChildOrder@3c947bc5, codingblackfemales.sotw.ChildOrder@609db43b, codingblackfemales.sotw.ChildOrder@55f616cf]
active orders are [codingblackfemales.sotw.ChildOrder@60015ef5, codingblackfemales.sotw.ChildOrder@2f54a33d, codingblackfemales.sotw.ChildOrder@1018bde2, codingblackfemales.sotw.ChildOrder@65b3f4a4, codingblackfemales.sotw.ChildOrder@f2ff811, codingblackfemales.sotw.ChildOrder@568ff82, codingblackfemales.sotw.ChildOrder@50caa560, codingblackfemales.sotw.ChildOrder@2a266d09, codingblackfemales.sotw.ChildOrder@5ab9e72c, codingblackfemales.sotw.ChildOrder@186f8716, codingblackfemales.sotw.ChildOrder@1d8bd0de, codingblackfemales.sotw.ChildOrder@45ca843, codingblackfemales.sotw.ChildOrder@11c9af63, codingblackfemales.sotw.ChildOrder@757acd7b, codingblackfemales.sotw.ChildOrder@36b4fe2a, codingblackfemales.sotw.ChildOrder@574b560f, codingblackfemales.sotw.ChildOrder@ba54932, codingblackfemales.sotw.ChildOrder@28975c28, codingblackfemales.sotw.ChildOrder@3943a2be, codingblackfemales.sotw.ChildOrder@343570b7, codingblackfemales.sotw.ChildOrder@157853da, codingblackfemales.sotw.ChildOrder@71c3b41, codingblackfemales.sotw.ChildOrder@236e3f4e, codingblackfemales.sotw.ChildOrder@3cc1435c, codingblackfemales.sotw.ChildOrder@6bf0219d, codingblackfemales.sotw.ChildOrder@dd0c991, codingblackfemales.sotw.ChildOrder@5f16132a, codingblackfemales.sotw.ChildOrder@69fb6037, codingblackfemales.sotw.ChildOrder@36d585c, codingblackfemales.sotw.ChildOrder@87a85e1, codingblackfemales.sotw.ChildOrder@671a5887, codingblackfemales.sotw.ChildOrder@5552768b, codingblackfemales.sotw.ChildOrder@3c947bc5, codingblackfemales.sotw.ChildOrder@609db43b, codingblackfemales.sotw.ChildOrder@55f616cf]
16:14:39.330 [main] INFO  c.gettingstarted.MyAlgoLogic - [MYALGO] option is present active orders are:[codingblackfemales.sotw.ChildOrder@60015ef5, codingblackfemales.sotw.ChildOrder@2f54a33d, codingblackfemales.sotw.ChildOrder@1018bde2, codingblackfemales.sotw.ChildOrder@65b3f4a4, codingblackfemales.sotw.ChildOrder@f2ff811, codingblackfemales.sotw.ChildOrder@568ff82, codingblackfemales.sotw.ChildOrder@50caa560, codingblackfemales.sotw.ChildOrder@2a266d09, codingblackfemales.sotw.ChildOrder@5ab9e72c, codingblackfemales.sotw.ChildOrder@186f8716, codingblackfemales.sotw.ChildOrder@1d8bd0de, codingblackfemales.sotw.ChildOrder@45ca843, codingblackfemales.sotw.ChildOrder@11c9af63, codingblackfemales.sotw.ChildOrder@757acd7b, codingblackfemales.sotw.ChildOrder@36b4fe2a, codingblackfemales.sotw.ChildOrder@574b560f, codingblackfemales.sotw.ChildOrder@ba54932, codingblackfemales.sotw.ChildOrder@28975c28, codingblackfemales.sotw.ChildOrder@3943a2be, codingblackfemales.sotw.ChildOrder@343570b7, codingblackfemales.sotw.ChildOrder@157853da, codingblackfemales.sotw.ChildOrder@71c3b41, codingblackfemales.sotw.ChildOrder@236e3f4e, codingblackfemales.sotw.ChildOrder@3cc1435c, codingblackfemales.sotw.ChildOrder@6bf0219d, codingblackfemales.sotw.ChildOrder@dd0c991, codingblackfemales.sotw.ChildOrder@5f16132a, codingblackfemales.sotw.ChildOrder@69fb6037, codingblackfemales.sotw.ChildOrder@36d585c, codingblackfemales.sotw.ChildOrder@87a85e1, codingblackfemales.sotw.ChildOrder@671a5887, codingblackfemales.sotw.ChildOrder@5552768b, codingblackfemales.sotw.ChildOrder@3c947bc5, codingblackfemales.sotw.ChildOrder@609db43b, codingblackfemales.sotw.ChildOrder@55f616cf]
option is present.
16:14:39.330 [main] INFO  c.gettingstarted.MyAlgoLogic - [MYALGO] Cancelling order:codingblackfemales.sotw.ChildOrder@60015ef5
child order is codingblackfemales.sotw.ChildOrder@60015ef5
Child order is cancelled.
16:14:39.330 [main] INFO  c.container.Actioner - [ALGO] Actioner, sending action:CancelChildOrder(codingblackfemales.sotw.ChildOrder@60015ef5)
16:14:39.330 [main] INFO  c.sequencer.consumer.LoggingConsumer - [57] [CancelOrder](sbeTemplateId=5|sbeSchemaId=2|sbeSchemaVersion=0|sbeBlockLength=8):orderId=12
16:14:39.330 [main] INFO  c.gettingstarted.MyAlgoLogic - [MYALGO] In Algo Logic.... HeLlO
16:14:39.330 [main] INFO  c.gettingstarted.MyAlgoLogic - [MYALGO] The state of the order book is:
|----BID-----||----ASK----|
   101 @ 100    100 @ 98
   200 @ 110    200 @ 95
  5000 @ 115    300 @ 91
|------------||-----------|

total order count is45
16:14:39.330 [main] INFO  c.gettingstarted.MyAlgoLogic - [MYALGO] option is present total order count is45
16:14:39.330 [main] INFO  c.gettingstarted.MyAlgoLogic - [MYALGO] option is present, active orders are [codingblackfemales.sotw.ChildOrder@2f54a33d, codingblackfemales.sotw.ChildOrder@1018bde2, codingblackfemales.sotw.ChildOrder@65b3f4a4, codingblackfemales.sotw.ChildOrder@f2ff811, codingblackfemales.sotw.ChildOrder@568ff82, codingblackfemales.sotw.ChildOrder@50caa560, codingblackfemales.sotw.ChildOrder@2a266d09, codingblackfemales.sotw.ChildOrder@5ab9e72c, codingblackfemales.sotw.ChildOrder@186f8716, codingblackfemales.sotw.ChildOrder@1d8bd0de, codingblackfemales.sotw.ChildOrder@45ca843, codingblackfemales.sotw.ChildOrder@11c9af63, codingblackfemales.sotw.ChildOrder@757acd7b, codingblackfemales.sotw.ChildOrder@36b4fe2a, codingblackfemales.sotw.ChildOrder@574b560f, codingblackfemales.sotw.ChildOrder@ba54932, codingblackfemales.sotw.ChildOrder@28975c28, codingblackfemales.sotw.ChildOrder@3943a2be, codingblackfemales.sotw.ChildOrder@343570b7, codingblackfemales.sotw.ChildOrder@157853da, codingblackfemales.sotw.ChildOrder@71c3b41, codingblackfemales.sotw.ChildOrder@236e3f4e, codingblackfemales.sotw.ChildOrder@3cc1435c, codingblackfemales.sotw.ChildOrder@6bf0219d, codingblackfemales.sotw.ChildOrder@dd0c991, codingblackfemales.sotw.ChildOrder@5f16132a, codingblackfemales.sotw.ChildOrder@69fb6037, codingblackfemales.sotw.ChildOrder@36d585c, codingblackfemales.sotw.ChildOrder@87a85e1, codingblackfemales.sotw.ChildOrder@671a5887, codingblackfemales.sotw.ChildOrder@5552768b, codingblackfemales.sotw.ChildOrder@3c947bc5, codingblackfemales.sotw.ChildOrder@609db43b, codingblackfemales.sotw.ChildOrder@55f616cf]
active orders are [codingblackfemales.sotw.ChildOrder@2f54a33d, codingblackfemales.sotw.ChildOrder@1018bde2, codingblackfemales.sotw.ChildOrder@65b3f4a4, codingblackfemales.sotw.ChildOrder@f2ff811, codingblackfemales.sotw.ChildOrder@568ff82, codingblackfemales.sotw.ChildOrder@50caa560, codingblackfemales.sotw.ChildOrder@2a266d09, codingblackfemales.sotw.ChildOrder@5ab9e72c, codingblackfemales.sotw.ChildOrder@186f8716, codingblackfemales.sotw.ChildOrder@1d8bd0de, codingblackfemales.sotw.ChildOrder@45ca843, codingblackfemales.sotw.ChildOrder@11c9af63, codingblackfemales.sotw.ChildOrder@757acd7b, codingblackfemales.sotw.ChildOrder@36b4fe2a, codingblackfemales.sotw.ChildOrder@574b560f, codingblackfemales.sotw.ChildOrder@ba54932, codingblackfemales.sotw.ChildOrder@28975c28, codingblackfemales.sotw.ChildOrder@3943a2be, codingblackfemales.sotw.ChildOrder@343570b7, codingblackfemales.sotw.ChildOrder@157853da, codingblackfemales.sotw.ChildOrder@71c3b41, codingblackfemales.sotw.ChildOrder@236e3f4e, codingblackfemales.sotw.ChildOrder@3cc1435c, codingblackfemales.sotw.ChildOrder@6bf0219d, codingblackfemales.sotw.ChildOrder@dd0c991, codingblackfemales.sotw.ChildOrder@5f16132a, codingblackfemales.sotw.ChildOrder@69fb6037, codingblackfemales.sotw.ChildOrder@36d585c, codingblackfemales.sotw.ChildOrder@87a85e1, codingblackfemales.sotw.ChildOrder@671a5887, codingblackfemales.sotw.ChildOrder@5552768b, codingblackfemales.sotw.ChildOrder@3c947bc5, codingblackfemales.sotw.ChildOrder@609db43b, codingblackfemales.sotw.ChildOrder@55f616cf]
16:14:39.330 [main] INFO  c.gettingstarted.MyAlgoLogic - [MYALGO] option is present active orders are:[codingblackfemales.sotw.ChildOrder@2f54a33d, codingblackfemales.sotw.ChildOrder@1018bde2, codingblackfemales.sotw.ChildOrder@65b3f4a4, codingblackfemales.sotw.ChildOrder@f2ff811, codingblackfemales.sotw.ChildOrder@568ff82, codingblackfemales.sotw.ChildOrder@50caa560, codingblackfemales.sotw.ChildOrder@2a266d09, codingblackfemales.sotw.ChildOrder@5ab9e72c, codingblackfemales.sotw.ChildOrder@186f8716, codingblackfemales.sotw.ChildOrder@1d8bd0de, codingblackfemales.sotw.ChildOrder@45ca843, codingblackfemales.sotw.ChildOrder@11c9af63, codingblackfemales.sotw.ChildOrder@757acd7b, codingblackfemales.sotw.ChildOrder@36b4fe2a, codingblackfemales.sotw.ChildOrder@574b560f, codingblackfemales.sotw.ChildOrder@ba54932, codingblackfemales.sotw.ChildOrder@28975c28, codingblackfemales.sotw.ChildOrder@3943a2be, codingblackfemales.sotw.ChildOrder@343570b7, codingblackfemales.sotw.ChildOrder@157853da, codingblackfemales.sotw.ChildOrder@71c3b41, codingblackfemales.sotw.ChildOrder@236e3f4e, codingblackfemales.sotw.ChildOrder@3cc1435c, codingblackfemales.sotw.ChildOrder@6bf0219d, codingblackfemales.sotw.ChildOrder@dd0c991, codingblackfemales.sotw.ChildOrder@5f16132a, codingblackfemales.sotw.ChildOrder@69fb6037, codingblackfemales.sotw.ChildOrder@36d585c, codingblackfemales.sotw.ChildOrder@87a85e1, codingblackfemales.sotw.ChildOrder@671a5887, codingblackfemales.sotw.ChildOrder@5552768b, codingblackfemales.sotw.ChildOrder@3c947bc5, codingblackfemales.sotw.ChildOrder@609db43b, codingblackfemales.sotw.ChildOrder@55f616cf]
option is present.
16:14:39.330 [main] INFO  c.gettingstarted.MyAlgoLogic - [MYALGO] Cancelling order:codingblackfemales.sotw.ChildOrder@2f54a33d
child order is codingblackfemales.sotw.ChildOrder@2f54a33d
Child order is cancelled.
16:14:39.330 [main] INFO  c.container.Actioner - [ALGO] Actioner, sending action:CancelChildOrder(codingblackfemales.sotw.ChildOrder@2f54a33d)
16:14:39.330 [main] INFO  c.sequencer.consumer.LoggingConsumer - [58] [CancelOrder](sbeTemplateId=5|sbeSchemaId=2|sbeSchemaVersion=0|sbeBlockLength=8):orderId=13
16:14:39.330 [main] INFO  c.gettingstarted.MyAlgoLogic - [MYALGO] In Algo Logic.... HeLlO
16:14:39.330 [main] INFO  c.gettingstarted.MyAlgoLogic - [MYALGO] The state of the order book is:
|----BID-----||----ASK----|
   101 @ 100    100 @ 98
   200 @ 110    200 @ 95
  5000 @ 115    300 @ 91
|------------||-----------|

total order count is45
16:14:39.330 [main] INFO  c.gettingstarted.MyAlgoLogic - [MYALGO] option is present total order count is45
16:14:39.330 [main] INFO  c.gettingstarted.MyAlgoLogic - [MYALGO] option is present, active orders are [codingblackfemales.sotw.ChildOrder@1018bde2, codingblackfemales.sotw.ChildOrder@65b3f4a4, codingblackfemales.sotw.ChildOrder@f2ff811, codingblackfemales.sotw.ChildOrder@568ff82, codingblackfemales.sotw.ChildOrder@50caa560, codingblackfemales.sotw.ChildOrder@2a266d09, codingblackfemales.sotw.ChildOrder@5ab9e72c, codingblackfemales.sotw.ChildOrder@186f8716, codingblackfemales.sotw.ChildOrder@1d8bd0de, codingblackfemales.sotw.ChildOrder@45ca843, codingblackfemales.sotw.ChildOrder@11c9af63, codingblackfemales.sotw.ChildOrder@757acd7b, codingblackfemales.sotw.ChildOrder@36b4fe2a, codingblackfemales.sotw.ChildOrder@574b560f, codingblackfemales.sotw.ChildOrder@ba54932, codingblackfemales.sotw.ChildOrder@28975c28, codingblackfemales.sotw.ChildOrder@3943a2be, codingblackfemales.sotw.ChildOrder@343570b7, codingblackfemales.sotw.ChildOrder@157853da, codingblackfemales.sotw.ChildOrder@71c3b41, codingblackfemales.sotw.ChildOrder@236e3f4e, codingblackfemales.sotw.ChildOrder@3cc1435c, codingblackfemales.sotw.ChildOrder@6bf0219d, codingblackfemales.sotw.ChildOrder@dd0c991, codingblackfemales.sotw.ChildOrder@5f16132a, codingblackfemales.sotw.ChildOrder@69fb6037, codingblackfemales.sotw.ChildOrder@36d585c, codingblackfemales.sotw.ChildOrder@87a85e1, codingblackfemales.sotw.ChildOrder@671a5887, codingblackfemales.sotw.ChildOrder@5552768b, codingblackfemales.sotw.ChildOrder@3c947bc5, codingblackfemales.sotw.ChildOrder@609db43b, codingblackfemales.sotw.ChildOrder@55f616cf]
active orders are [codingblackfemales.sotw.ChildOrder@1018bde2, codingblackfemales.sotw.ChildOrder@65b3f4a4, codingblackfemales.sotw.ChildOrder@f2ff811, codingblackfemales.sotw.ChildOrder@568ff82, codingblackfemales.sotw.ChildOrder@50caa560, codingblackfemales.sotw.ChildOrder@2a266d09, codingblackfemales.sotw.ChildOrder@5ab9e72c, codingblackfemales.sotw.ChildOrder@186f8716, codingblackfemales.sotw.ChildOrder@1d8bd0de, codingblackfemales.sotw.ChildOrder@45ca843, codingblackfemales.sotw.ChildOrder@11c9af63, codingblackfemales.sotw.ChildOrder@757acd7b, codingblackfemales.sotw.ChildOrder@36b4fe2a, codingblackfemales.sotw.ChildOrder@574b560f, codingblackfemales.sotw.ChildOrder@ba54932, codingblackfemales.sotw.ChildOrder@28975c28, codingblackfemales.sotw.ChildOrder@3943a2be, codingblackfemales.sotw.ChildOrder@343570b7, codingblackfemales.sotw.ChildOrder@157853da, codingblackfemales.sotw.ChildOrder@71c3b41, codingblackfemales.sotw.ChildOrder@236e3f4e, codingblackfemales.sotw.ChildOrder@3cc1435c, codingblackfemales.sotw.ChildOrder@6bf0219d, codingblackfemales.sotw.ChildOrder@dd0c991, codingblackfemales.sotw.ChildOrder@5f16132a, codingblackfemales.sotw.ChildOrder@69fb6037, codingblackfemales.sotw.ChildOrder@36d585c, codingblackfemales.sotw.ChildOrder@87a85e1, codingblackfemales.sotw.ChildOrder@671a5887, codingblackfemales.sotw.ChildOrder@5552768b, codingblackfemales.sotw.ChildOrder@3c947bc5, codingblackfemales.sotw.ChildOrder@609db43b, codingblackfemales.sotw.ChildOrder@55f616cf]
16:14:39.330 [main] INFO  c.gettingstarted.MyAlgoLogic - [MYALGO] option is present active orders are:[codingblackfemales.sotw.ChildOrder@1018bde2, codingblackfemales.sotw.ChildOrder@65b3f4a4, codingblackfemales.sotw.ChildOrder@f2ff811, codingblackfemales.sotw.ChildOrder@568ff82, codingblackfemales.sotw.ChildOrder@50caa560, codingblackfemales.sotw.ChildOrder@2a266d09, codingblackfemales.sotw.ChildOrder@5ab9e72c, codingblackfemales.sotw.ChildOrder@186f8716, codingblackfemales.sotw.ChildOrder@1d8bd0de, codingblackfemales.sotw.ChildOrder@45ca843, codingblackfemales.sotw.ChildOrder@11c9af63, codingblackfemales.sotw.ChildOrder@757acd7b, codingblackfemales.sotw.ChildOrder@36b4fe2a, codingblackfemales.sotw.ChildOrder@574b560f, codingblackfemales.sotw.ChildOrder@ba54932, codingblackfemales.sotw.ChildOrder@28975c28, codingblackfemales.sotw.ChildOrder@3943a2be, codingblackfemales.sotw.ChildOrder@343570b7, codingblackfemales.sotw.ChildOrder@157853da, codingblackfemales.sotw.ChildOrder@71c3b41, codingblackfemales.sotw.ChildOrder@236e3f4e, codingblackfemales.sotw.ChildOrder@3cc1435c, codingblackfemales.sotw.ChildOrder@6bf0219d, codingblackfemales.sotw.ChildOrder@dd0c991, codingblackfemales.sotw.ChildOrder@5f16132a, codingblackfemales.sotw.ChildOrder@69fb6037, codingblackfemales.sotw.ChildOrder@36d585c, codingblackfemales.sotw.ChildOrder@87a85e1, codingblackfemales.sotw.ChildOrder@671a5887, codingblackfemales.sotw.ChildOrder@5552768b, codingblackfemales.sotw.ChildOrder@3c947bc5, codingblackfemales.sotw.ChildOrder@609db43b, codingblackfemales.sotw.ChildOrder@55f616cf]
option is present.
16:14:39.330 [main] INFO  c.gettingstarted.MyAlgoLogic - [MYALGO] Cancelling order:codingblackfemales.sotw.ChildOrder@1018bde2
child order is codingblackfemales.sotw.ChildOrder@1018bde2
Child order is cancelled.
16:14:39.330 [main] INFO  c.container.Actioner - [ALGO] Actioner, sending action:CancelChildOrder(codingblackfemales.sotw.ChildOrder@1018bde2)
16:14:39.330 [main] INFO  c.sequencer.consumer.LoggingConsumer - [59] [CancelOrder](sbeTemplateId=5|sbeSchemaId=2|sbeSchemaVersion=0|sbeBlockLength=8):orderId=14
16:14:39.330 [main] INFO  c.gettingstarted.MyAlgoLogic - [MYALGO] In Algo Logic.... HeLlO
16:14:39.330 [main] INFO  c.gettingstarted.MyAlgoLogic - [MYALGO] The state of the order book is:
|----BID-----||----ASK----|
   101 @ 100    100 @ 98
   200 @ 110    200 @ 95
  5000 @ 115    300 @ 91
|------------||-----------|

total order count is45
16:14:39.330 [main] INFO  c.gettingstarted.MyAlgoLogic - [MYALGO] option is present total order count is45
16:14:39.330 [main] INFO  c.gettingstarted.MyAlgoLogic - [MYALGO] option is present, active orders are [codingblackfemales.sotw.ChildOrder@65b3f4a4, codingblackfemales.sotw.ChildOrder@f2ff811, codingblackfemales.sotw.ChildOrder@568ff82, codingblackfemales.sotw.ChildOrder@50caa560, codingblackfemales.sotw.ChildOrder@2a266d09, codingblackfemales.sotw.ChildOrder@5ab9e72c, codingblackfemales.sotw.ChildOrder@186f8716, codingblackfemales.sotw.ChildOrder@1d8bd0de, codingblackfemales.sotw.ChildOrder@45ca843, codingblackfemales.sotw.ChildOrder@11c9af63, codingblackfemales.sotw.ChildOrder@757acd7b, codingblackfemales.sotw.ChildOrder@36b4fe2a, codingblackfemales.sotw.ChildOrder@574b560f, codingblackfemales.sotw.ChildOrder@ba54932, codingblackfemales.sotw.ChildOrder@28975c28, codingblackfemales.sotw.ChildOrder@3943a2be, codingblackfemales.sotw.ChildOrder@343570b7, codingblackfemales.sotw.ChildOrder@157853da, codingblackfemales.sotw.ChildOrder@71c3b41, codingblackfemales.sotw.ChildOrder@236e3f4e, codingblackfemales.sotw.ChildOrder@3cc1435c, codingblackfemales.sotw.ChildOrder@6bf0219d, codingblackfemales.sotw.ChildOrder@dd0c991, codingblackfemales.sotw.ChildOrder@5f16132a, codingblackfemales.sotw.ChildOrder@69fb6037, codingblackfemales.sotw.ChildOrder@36d585c, codingblackfemales.sotw.ChildOrder@87a85e1, codingblackfemales.sotw.ChildOrder@671a5887, codingblackfemales.sotw.ChildOrder@5552768b, codingblackfemales.sotw.ChildOrder@3c947bc5, codingblackfemales.sotw.ChildOrder@609db43b, codingblackfemales.sotw.ChildOrder@55f616cf]
active orders are [codingblackfemales.sotw.ChildOrder@65b3f4a4, codingblackfemales.sotw.ChildOrder@f2ff811, codingblackfemales.sotw.ChildOrder@568ff82, codingblackfemales.sotw.ChildOrder@50caa560, codingblackfemales.sotw.ChildOrder@2a266d09, codingblackfemales.sotw.ChildOrder@5ab9e72c, codingblackfemales.sotw.ChildOrder@186f8716, codingblackfemales.sotw.ChildOrder@1d8bd0de, codingblackfemales.sotw.ChildOrder@45ca843, codingblackfemales.sotw.ChildOrder@11c9af63, codingblackfemales.sotw.ChildOrder@757acd7b, codingblackfemales.sotw.ChildOrder@36b4fe2a, codingblackfemales.sotw.ChildOrder@574b560f, codingblackfemales.sotw.ChildOrder@ba54932, codingblackfemales.sotw.ChildOrder@28975c28, codingblackfemales.sotw.ChildOrder@3943a2be, codingblackfemales.sotw.ChildOrder@343570b7, codingblackfemales.sotw.ChildOrder@157853da, codingblackfemales.sotw.ChildOrder@71c3b41, codingblackfemales.sotw.ChildOrder@236e3f4e, codingblackfemales.sotw.ChildOrder@3cc1435c, codingblackfemales.sotw.ChildOrder@6bf0219d, codingblackfemales.sotw.ChildOrder@dd0c991, codingblackfemales.sotw.ChildOrder@5f16132a, codingblackfemales.sotw.ChildOrder@69fb6037, codingblackfemales.sotw.ChildOrder@36d585c, codingblackfemales.sotw.ChildOrder@87a85e1, codingblackfemales.sotw.ChildOrder@671a5887, codingblackfemales.sotw.ChildOrder@5552768b, codingblackfemales.sotw.ChildOrder@3c947bc5, codingblackfemales.sotw.ChildOrder@609db43b, codingblackfemales.sotw.ChildOrder@55f616cf]
16:14:39.330 [main] INFO  c.gettingstarted.MyAlgoLogic - [MYALGO] option is present active orders are:[codingblackfemales.sotw.ChildOrder@65b3f4a4, codingblackfemales.sotw.ChildOrder@f2ff811, codingblackfemales.sotw.ChildOrder@568ff82, codingblackfemales.sotw.ChildOrder@50caa560, codingblackfemales.sotw.ChildOrder@2a266d09, codingblackfemales.sotw.ChildOrder@5ab9e72c, codingblackfemales.sotw.ChildOrder@186f8716, codingblackfemales.sotw.ChildOrder@1d8bd0de, codingblackfemales.sotw.ChildOrder@45ca843, codingblackfemales.sotw.ChildOrder@11c9af63, codingblackfemales.sotw.ChildOrder@757acd7b, codingblackfemales.sotw.ChildOrder@36b4fe2a, codingblackfemales.sotw.ChildOrder@574b560f, codingblackfemales.sotw.ChildOrder@ba54932, codingblackfemales.sotw.ChildOrder@28975c28, codingblackfemales.sotw.ChildOrder@3943a2be, codingblackfemales.sotw.ChildOrder@343570b7, codingblackfemales.sotw.ChildOrder@157853da, codingblackfemales.sotw.ChildOrder@71c3b41, codingblackfemales.sotw.ChildOrder@236e3f4e, codingblackfemales.sotw.ChildOrder@3cc1435c, codingblackfemales.sotw.ChildOrder@6bf0219d, codingblackfemales.sotw.ChildOrder@dd0c991, codingblackfemales.sotw.ChildOrder@5f16132a, codingblackfemales.sotw.ChildOrder@69fb6037, codingblackfemales.sotw.ChildOrder@36d585c, codingblackfemales.sotw.ChildOrder@87a85e1, codingblackfemales.sotw.ChildOrder@671a5887, codingblackfemales.sotw.ChildOrder@5552768b, codingblackfemales.sotw.ChildOrder@3c947bc5, codingblackfemales.sotw.ChildOrder@609db43b, codingblackfemales.sotw.ChildOrder@55f616cf]
option is present.
16:14:39.330 [main] INFO  c.gettingstarted.MyAlgoLogic - [MYALGO] Cancelling order:codingblackfemales.sotw.ChildOrder@65b3f4a4
child order is codingblackfemales.sotw.ChildOrder@65b3f4a4
Child order is cancelled.
16:14:39.330 [main] INFO  c.container.Actioner - [ALGO] Actioner, sending action:CancelChildOrder(codingblackfemales.sotw.ChildOrder@65b3f4a4)
16:14:39.330 [main] INFO  c.sequencer.consumer.LoggingConsumer - [60] [CancelOrder](sbeTemplateId=5|sbeSchemaId=2|sbeSchemaVersion=0|sbeBlockLength=8):orderId=15
16:14:39.330 [main] INFO  c.gettingstarted.MyAlgoLogic - [MYALGO] In Algo Logic.... HeLlO
16:14:39.330 [main] INFO  c.gettingstarted.MyAlgoLogic - [MYALGO] The state of the order book is:
|----BID-----||----ASK----|
   101 @ 100    100 @ 98
   200 @ 110    200 @ 95
  5000 @ 115    300 @ 91
|------------||-----------|

total order count is45
16:14:39.330 [main] INFO  c.gettingstarted.MyAlgoLogic - [MYALGO] option is present total order count is45
16:14:39.330 [main] INFO  c.gettingstarted.MyAlgoLogic - [MYALGO] option is present, active orders are [codingblackfemales.sotw.ChildOrder@f2ff811, codingblackfemales.sotw.ChildOrder@568ff82, codingblackfemales.sotw.ChildOrder@50caa560, codingblackfemales.sotw.ChildOrder@2a266d09, codingblackfemales.sotw.ChildOrder@5ab9e72c, codingblackfemales.sotw.ChildOrder@186f8716, codingblackfemales.sotw.ChildOrder@1d8bd0de, codingblackfemales.sotw.ChildOrder@45ca843, codingblackfemales.sotw.ChildOrder@11c9af63, codingblackfemales.sotw.ChildOrder@757acd7b, codingblackfemales.sotw.ChildOrder@36b4fe2a, codingblackfemales.sotw.ChildOrder@574b560f, codingblackfemales.sotw.ChildOrder@ba54932, codingblackfemales.sotw.ChildOrder@28975c28, codingblackfemales.sotw.ChildOrder@3943a2be, codingblackfemales.sotw.ChildOrder@343570b7, codingblackfemales.sotw.ChildOrder@157853da, codingblackfemales.sotw.ChildOrder@71c3b41, codingblackfemales.sotw.ChildOrder@236e3f4e, codingblackfemales.sotw.ChildOrder@3cc1435c, codingblackfemales.sotw.ChildOrder@6bf0219d, codingblackfemales.sotw.ChildOrder@dd0c991, codingblackfemales.sotw.ChildOrder@5f16132a, codingblackfemales.sotw.ChildOrder@69fb6037, codingblackfemales.sotw.ChildOrder@36d585c, codingblackfemales.sotw.ChildOrder@87a85e1, codingblackfemales.sotw.ChildOrder@671a5887, codingblackfemales.sotw.ChildOrder@5552768b, codingblackfemales.sotw.ChildOrder@3c947bc5, codingblackfemales.sotw.ChildOrder@609db43b, codingblackfemales.sotw.ChildOrder@55f616cf]
active orders are [codingblackfemales.sotw.ChildOrder@f2ff811, codingblackfemales.sotw.ChildOrder@568ff82, codingblackfemales.sotw.ChildOrder@50caa560, codingblackfemales.sotw.ChildOrder@2a266d09, codingblackfemales.sotw.ChildOrder@5ab9e72c, codingblackfemales.sotw.ChildOrder@186f8716, codingblackfemales.sotw.ChildOrder@1d8bd0de, codingblackfemales.sotw.ChildOrder@45ca843, codingblackfemales.sotw.ChildOrder@11c9af63, codingblackfemales.sotw.ChildOrder@757acd7b, codingblackfemales.sotw.ChildOrder@36b4fe2a, codingblackfemales.sotw.ChildOrder@574b560f, codingblackfemales.sotw.ChildOrder@ba54932, codingblackfemales.sotw.ChildOrder@28975c28, codingblackfemales.sotw.ChildOrder@3943a2be, codingblackfemales.sotw.ChildOrder@343570b7, codingblackfemales.sotw.ChildOrder@157853da, codingblackfemales.sotw.ChildOrder@71c3b41, codingblackfemales.sotw.ChildOrder@236e3f4e, codingblackfemales.sotw.ChildOrder@3cc1435c, codingblackfemales.sotw.ChildOrder@6bf0219d, codingblackfemales.sotw.ChildOrder@dd0c991, codingblackfemales.sotw.ChildOrder@5f16132a, codingblackfemales.sotw.ChildOrder@69fb6037, codingblackfemales.sotw.ChildOrder@36d585c, codingblackfemales.sotw.ChildOrder@87a85e1, codingblackfemales.sotw.ChildOrder@671a5887, codingblackfemales.sotw.ChildOrder@5552768b, codingblackfemales.sotw.ChildOrder@3c947bc5, codingblackfemales.sotw.ChildOrder@609db43b, codingblackfemales.sotw.ChildOrder@55f616cf]
16:14:39.330 [main] INFO  c.gettingstarted.MyAlgoLogic - [MYALGO] option is present active orders are:[codingblackfemales.sotw.ChildOrder@f2ff811, codingblackfemales.sotw.ChildOrder@568ff82, codingblackfemales.sotw.ChildOrder@50caa560, codingblackfemales.sotw.ChildOrder@2a266d09, codingblackfemales.sotw.ChildOrder@5ab9e72c, codingblackfemales.sotw.ChildOrder@186f8716, codingblackfemales.sotw.ChildOrder@1d8bd0de, codingblackfemales.sotw.ChildOrder@45ca843, codingblackfemales.sotw.ChildOrder@11c9af63, codingblackfemales.sotw.ChildOrder@757acd7b, codingblackfemales.sotw.ChildOrder@36b4fe2a, codingblackfemales.sotw.ChildOrder@574b560f, codingblackfemales.sotw.ChildOrder@ba54932, codingblackfemales.sotw.ChildOrder@28975c28, codingblackfemales.sotw.ChildOrder@3943a2be, codingblackfemales.sotw.ChildOrder@343570b7, codingblackfemales.sotw.ChildOrder@157853da, codingblackfemales.sotw.ChildOrder@71c3b41, codingblackfemales.sotw.ChildOrder@236e3f4e, codingblackfemales.sotw.ChildOrder@3cc1435c, codingblackfemales.sotw.ChildOrder@6bf0219d, codingblackfemales.sotw.ChildOrder@dd0c991, codingblackfemales.sotw.ChildOrder@5f16132a, codingblackfemales.sotw.ChildOrder@69fb6037, codingblackfemales.sotw.ChildOrder@36d585c, codingblackfemales.sotw.ChildOrder@87a85e1, codingblackfemales.sotw.ChildOrder@671a5887, codingblackfemales.sotw.ChildOrder@5552768b, codingblackfemales.sotw.ChildOrder@3c947bc5, codingblackfemales.sotw.ChildOrder@609db43b, codingblackfemales.sotw.ChildOrder@55f616cf]
option is present.
16:14:39.330 [main] INFO  c.gettingstarted.MyAlgoLogic - [MYALGO] Cancelling order:codingblackfemales.sotw.ChildOrder@f2ff811
child order is codingblackfemales.sotw.ChildOrder@f2ff811
Child order is cancelled.
16:14:39.330 [main] INFO  c.container.Actioner - [ALGO] Actioner, sending action:CancelChildOrder(codingblackfemales.sotw.ChildOrder@f2ff811)
16:14:39.330 [main] INFO  c.sequencer.consumer.LoggingConsumer - [61] [CancelOrder](sbeTemplateId=5|sbeSchemaId=2|sbeSchemaVersion=0|sbeBlockLength=8):orderId=16
16:14:39.330 [main] INFO  c.gettingstarted.MyAlgoLogic - [MYALGO] In Algo Logic.... HeLlO
16:14:39.330 [main] INFO  c.gettingstarted.MyAlgoLogic - [MYALGO] The state of the order book is:
|----BID-----||----ASK----|
   101 @ 100    100 @ 98
   200 @ 110    200 @ 95
  5000 @ 115    300 @ 91
|------------||-----------|

total order count is45
16:14:39.330 [main] INFO  c.gettingstarted.MyAlgoLogic - [MYALGO] option is present total order count is45
16:14:39.330 [main] INFO  c.gettingstarted.MyAlgoLogic - [MYALGO] option is present, active orders are [codingblackfemales.sotw.ChildOrder@568ff82, codingblackfemales.sotw.ChildOrder@50caa560, codingblackfemales.sotw.ChildOrder@2a266d09, codingblackfemales.sotw.ChildOrder@5ab9e72c, codingblackfemales.sotw.ChildOrder@186f8716, codingblackfemales.sotw.ChildOrder@1d8bd0de, codingblackfemales.sotw.ChildOrder@45ca843, codingblackfemales.sotw.ChildOrder@11c9af63, codingblackfemales.sotw.ChildOrder@757acd7b, codingblackfemales.sotw.ChildOrder@36b4fe2a, codingblackfemales.sotw.ChildOrder@574b560f, codingblackfemales.sotw.ChildOrder@ba54932, codingblackfemales.sotw.ChildOrder@28975c28, codingblackfemales.sotw.ChildOrder@3943a2be, codingblackfemales.sotw.ChildOrder@343570b7, codingblackfemales.sotw.ChildOrder@157853da, codingblackfemales.sotw.ChildOrder@71c3b41, codingblackfemales.sotw.ChildOrder@236e3f4e, codingblackfemales.sotw.ChildOrder@3cc1435c, codingblackfemales.sotw.ChildOrder@6bf0219d, codingblackfemales.sotw.ChildOrder@dd0c991, codingblackfemales.sotw.ChildOrder@5f16132a, codingblackfemales.sotw.ChildOrder@69fb6037, codingblackfemales.sotw.ChildOrder@36d585c, codingblackfemales.sotw.ChildOrder@87a85e1, codingblackfemales.sotw.ChildOrder@671a5887, codingblackfemales.sotw.ChildOrder@5552768b, codingblackfemales.sotw.ChildOrder@3c947bc5, codingblackfemales.sotw.ChildOrder@609db43b, codingblackfemales.sotw.ChildOrder@55f616cf]
active orders are [codingblackfemales.sotw.ChildOrder@568ff82, codingblackfemales.sotw.ChildOrder@50caa560, codingblackfemales.sotw.ChildOrder@2a266d09, codingblackfemales.sotw.ChildOrder@5ab9e72c, codingblackfemales.sotw.ChildOrder@186f8716, codingblackfemales.sotw.ChildOrder@1d8bd0de, codingblackfemales.sotw.ChildOrder@45ca843, codingblackfemales.sotw.ChildOrder@11c9af63, codingblackfemales.sotw.ChildOrder@757acd7b, codingblackfemales.sotw.ChildOrder@36b4fe2a, codingblackfemales.sotw.ChildOrder@574b560f, codingblackfemales.sotw.ChildOrder@ba54932, codingblackfemales.sotw.ChildOrder@28975c28, codingblackfemales.sotw.ChildOrder@3943a2be, codingblackfemales.sotw.ChildOrder@343570b7, codingblackfemales.sotw.ChildOrder@157853da, codingblackfemales.sotw.ChildOrder@71c3b41, codingblackfemales.sotw.ChildOrder@236e3f4e, codingblackfemales.sotw.ChildOrder@3cc1435c, codingblackfemales.sotw.ChildOrder@6bf0219d, codingblackfemales.sotw.ChildOrder@dd0c991, codingblackfemales.sotw.ChildOrder@5f16132a, codingblackfemales.sotw.ChildOrder@69fb6037, codingblackfemales.sotw.ChildOrder@36d585c, codingblackfemales.sotw.ChildOrder@87a85e1, codingblackfemales.sotw.ChildOrder@671a5887, codingblackfemales.sotw.ChildOrder@5552768b, codingblackfemales.sotw.ChildOrder@3c947bc5, codingblackfemales.sotw.ChildOrder@609db43b, codingblackfemales.sotw.ChildOrder@55f616cf]
16:14:39.330 [main] INFO  c.gettingstarted.MyAlgoLogic - [MYALGO] option is present active orders are:[codingblackfemales.sotw.ChildOrder@568ff82, codingblackfemales.sotw.ChildOrder@50caa560, codingblackfemales.sotw.ChildOrder@2a266d09, codingblackfemales.sotw.ChildOrder@5ab9e72c, codingblackfemales.sotw.ChildOrder@186f8716, codingblackfemales.sotw.ChildOrder@1d8bd0de, codingblackfemales.sotw.ChildOrder@45ca843, codingblackfemales.sotw.ChildOrder@11c9af63, codingblackfemales.sotw.ChildOrder@757acd7b, codingblackfemales.sotw.ChildOrder@36b4fe2a, codingblackfemales.sotw.ChildOrder@574b560f, codingblackfemales.sotw.ChildOrder@ba54932, codingblackfemales.sotw.ChildOrder@28975c28, codingblackfemales.sotw.ChildOrder@3943a2be, codingblackfemales.sotw.ChildOrder@343570b7, codingblackfemales.sotw.ChildOrder@157853da, codingblackfemales.sotw.ChildOrder@71c3b41, codingblackfemales.sotw.ChildOrder@236e3f4e, codingblackfemales.sotw.ChildOrder@3cc1435c, codingblackfemales.sotw.ChildOrder@6bf0219d, codingblackfemales.sotw.ChildOrder@dd0c991, codingblackfemales.sotw.ChildOrder@5f16132a, codingblackfemales.sotw.ChildOrder@69fb6037, codingblackfemales.sotw.ChildOrder@36d585c, codingblackfemales.sotw.ChildOrder@87a85e1, codingblackfemales.sotw.ChildOrder@671a5887, codingblackfemales.sotw.ChildOrder@5552768b, codingblackfemales.sotw.ChildOrder@3c947bc5, codingblackfemales.sotw.ChildOrder@609db43b, codingblackfemales.sotw.ChildOrder@55f616cf]
option is present.
16:14:39.330 [main] INFO  c.gettingstarted.MyAlgoLogic - [MYALGO] Cancelling order:codingblackfemales.sotw.ChildOrder@568ff82
child order is codingblackfemales.sotw.ChildOrder@568ff82
Child order is cancelled.
16:14:39.330 [main] INFO  c.container.Actioner - [ALGO] Actioner, sending action:CancelChildOrder(codingblackfemales.sotw.ChildOrder@568ff82)
16:14:39.330 [main] INFO  c.sequencer.consumer.LoggingConsumer - [62] [CancelOrder](sbeTemplateId=5|sbeSchemaId=2|sbeSchemaVersion=0|sbeBlockLength=8):orderId=17
16:14:39.330 [main] INFO  c.gettingstarted.MyAlgoLogic - [MYALGO] In Algo Logic.... HeLlO
16:14:39.330 [main] INFO  c.gettingstarted.MyAlgoLogic - [MYALGO] The state of the order book is:
|----BID-----||----ASK----|
   101 @ 100    100 @ 98
   200 @ 110    200 @ 95
  5000 @ 115    300 @ 91
|------------||-----------|

total order count is45
16:14:39.330 [main] INFO  c.gettingstarted.MyAlgoLogic - [MYALGO] option is present total order count is45
16:14:39.330 [main] INFO  c.gettingstarted.MyAlgoLogic - [MYALGO] option is present, active orders are [codingblackfemales.sotw.ChildOrder@50caa560, codingblackfemales.sotw.ChildOrder@2a266d09, codingblackfemales.sotw.ChildOrder@5ab9e72c, codingblackfemales.sotw.ChildOrder@186f8716, codingblackfemales.sotw.ChildOrder@1d8bd0de, codingblackfemales.sotw.ChildOrder@45ca843, codingblackfemales.sotw.ChildOrder@11c9af63, codingblackfemales.sotw.ChildOrder@757acd7b, codingblackfemales.sotw.ChildOrder@36b4fe2a, codingblackfemales.sotw.ChildOrder@574b560f, codingblackfemales.sotw.ChildOrder@ba54932, codingblackfemales.sotw.ChildOrder@28975c28, codingblackfemales.sotw.ChildOrder@3943a2be, codingblackfemales.sotw.ChildOrder@343570b7, codingblackfemales.sotw.ChildOrder@157853da, codingblackfemales.sotw.ChildOrder@71c3b41, codingblackfemales.sotw.ChildOrder@236e3f4e, codingblackfemales.sotw.ChildOrder@3cc1435c, codingblackfemales.sotw.ChildOrder@6bf0219d, codingblackfemales.sotw.ChildOrder@dd0c991, codingblackfemales.sotw.ChildOrder@5f16132a, codingblackfemales.sotw.ChildOrder@69fb6037, codingblackfemales.sotw.ChildOrder@36d585c, codingblackfemales.sotw.ChildOrder@87a85e1, codingblackfemales.sotw.ChildOrder@671a5887, codingblackfemales.sotw.ChildOrder@5552768b, codingblackfemales.sotw.ChildOrder@3c947bc5, codingblackfemales.sotw.ChildOrder@609db43b, codingblackfemales.sotw.ChildOrder@55f616cf]
active orders are [codingblackfemales.sotw.ChildOrder@50caa560, codingblackfemales.sotw.ChildOrder@2a266d09, codingblackfemales.sotw.ChildOrder@5ab9e72c, codingblackfemales.sotw.ChildOrder@186f8716, codingblackfemales.sotw.ChildOrder@1d8bd0de, codingblackfemales.sotw.ChildOrder@45ca843, codingblackfemales.sotw.ChildOrder@11c9af63, codingblackfemales.sotw.ChildOrder@757acd7b, codingblackfemales.sotw.ChildOrder@36b4fe2a, codingblackfemales.sotw.ChildOrder@574b560f, codingblackfemales.sotw.ChildOrder@ba54932, codingblackfemales.sotw.ChildOrder@28975c28, codingblackfemales.sotw.ChildOrder@3943a2be, codingblackfemales.sotw.ChildOrder@343570b7, codingblackfemales.sotw.ChildOrder@157853da, codingblackfemales.sotw.ChildOrder@71c3b41, codingblackfemales.sotw.ChildOrder@236e3f4e, codingblackfemales.sotw.ChildOrder@3cc1435c, codingblackfemales.sotw.ChildOrder@6bf0219d, codingblackfemales.sotw.ChildOrder@dd0c991, codingblackfemales.sotw.ChildOrder@5f16132a, codingblackfemales.sotw.ChildOrder@69fb6037, codingblackfemales.sotw.ChildOrder@36d585c, codingblackfemales.sotw.ChildOrder@87a85e1, codingblackfemales.sotw.ChildOrder@671a5887, codingblackfemales.sotw.ChildOrder@5552768b, codingblackfemales.sotw.ChildOrder@3c947bc5, codingblackfemales.sotw.ChildOrder@609db43b, codingblackfemales.sotw.ChildOrder@55f616cf]
16:14:39.330 [main] INFO  c.gettingstarted.MyAlgoLogic - [MYALGO] option is present active orders are:[codingblackfemales.sotw.ChildOrder@50caa560, codingblackfemales.sotw.ChildOrder@2a266d09, codingblackfemales.sotw.ChildOrder@5ab9e72c, codingblackfemales.sotw.ChildOrder@186f8716, codingblackfemales.sotw.ChildOrder@1d8bd0de, codingblackfemales.sotw.ChildOrder@45ca843, codingblackfemales.sotw.ChildOrder@11c9af63, codingblackfemales.sotw.ChildOrder@757acd7b, codingblackfemales.sotw.ChildOrder@36b4fe2a, codingblackfemales.sotw.ChildOrder@574b560f, codingblackfemales.sotw.ChildOrder@ba54932, codingblackfemales.sotw.ChildOrder@28975c28, codingblackfemales.sotw.ChildOrder@3943a2be, codingblackfemales.sotw.ChildOrder@343570b7, codingblackfemales.sotw.ChildOrder@157853da, codingblackfemales.sotw.ChildOrder@71c3b41, codingblackfemales.sotw.ChildOrder@236e3f4e, codingblackfemales.sotw.ChildOrder@3cc1435c, codingblackfemales.sotw.ChildOrder@6bf0219d, codingblackfemales.sotw.ChildOrder@dd0c991, codingblackfemales.sotw.ChildOrder@5f16132a, codingblackfemales.sotw.ChildOrder@69fb6037, codingblackfemales.sotw.ChildOrder@36d585c, codingblackfemales.sotw.ChildOrder@87a85e1, codingblackfemales.sotw.ChildOrder@671a5887, codingblackfemales.sotw.ChildOrder@5552768b, codingblackfemales.sotw.ChildOrder@3c947bc5, codingblackfemales.sotw.ChildOrder@609db43b, codingblackfemales.sotw.ChildOrder@55f616cf]
option is present.
16:14:39.330 [main] INFO  c.gettingstarted.MyAlgoLogic - [MYALGO] Cancelling order:codingblackfemales.sotw.ChildOrder@50caa560
child order is codingblackfemales.sotw.ChildOrder@50caa560
Child order is cancelled.
16:14:39.330 [main] INFO  c.container.Actioner - [ALGO] Actioner, sending action:CancelChildOrder(codingblackfemales.sotw.ChildOrder@50caa560)
16:14:39.330 [main] INFO  c.sequencer.consumer.LoggingConsumer - [63] [CancelOrder](sbeTemplateId=5|sbeSchemaId=2|sbeSchemaVersion=0|sbeBlockLength=8):orderId=18
16:14:39.330 [main] INFO  c.gettingstarted.MyAlgoLogic - [MYALGO] In Algo Logic.... HeLlO
16:14:39.330 [main] INFO  c.gettingstarted.MyAlgoLogic - [MYALGO] The state of the order book is:
|----BID-----||----ASK----|
   101 @ 100    100 @ 98
   200 @ 110    200 @ 95
  5000 @ 115    300 @ 91
|------------||-----------|

total order count is45
16:14:39.330 [main] INFO  c.gettingstarted.MyAlgoLogic - [MYALGO] option is present total order count is45
16:14:39.330 [main] INFO  c.gettingstarted.MyAlgoLogic - [MYALGO] option is present, active orders are [codingblackfemales.sotw.ChildOrder@2a266d09, codingblackfemales.sotw.ChildOrder@5ab9e72c, codingblackfemales.sotw.ChildOrder@186f8716, codingblackfemales.sotw.ChildOrder@1d8bd0de, codingblackfemales.sotw.ChildOrder@45ca843, codingblackfemales.sotw.ChildOrder@11c9af63, codingblackfemales.sotw.ChildOrder@757acd7b, codingblackfemales.sotw.ChildOrder@36b4fe2a, codingblackfemales.sotw.ChildOrder@574b560f, codingblackfemales.sotw.ChildOrder@ba54932, codingblackfemales.sotw.ChildOrder@28975c28, codingblackfemales.sotw.ChildOrder@3943a2be, codingblackfemales.sotw.ChildOrder@343570b7, codingblackfemales.sotw.ChildOrder@157853da, codingblackfemales.sotw.ChildOrder@71c3b41, codingblackfemales.sotw.ChildOrder@236e3f4e, codingblackfemales.sotw.ChildOrder@3cc1435c, codingblackfemales.sotw.ChildOrder@6bf0219d, codingblackfemales.sotw.ChildOrder@dd0c991, codingblackfemales.sotw.ChildOrder@5f16132a, codingblackfemales.sotw.ChildOrder@69fb6037, codingblackfemales.sotw.ChildOrder@36d585c, codingblackfemales.sotw.ChildOrder@87a85e1, codingblackfemales.sotw.ChildOrder@671a5887, codingblackfemales.sotw.ChildOrder@5552768b, codingblackfemales.sotw.ChildOrder@3c947bc5, codingblackfemales.sotw.ChildOrder@609db43b, codingblackfemales.sotw.ChildOrder@55f616cf]
active orders are [codingblackfemales.sotw.ChildOrder@2a266d09, codingblackfemales.sotw.ChildOrder@5ab9e72c, codingblackfemales.sotw.ChildOrder@186f8716, codingblackfemales.sotw.ChildOrder@1d8bd0de, codingblackfemales.sotw.ChildOrder@45ca843, codingblackfemales.sotw.ChildOrder@11c9af63, codingblackfemales.sotw.ChildOrder@757acd7b, codingblackfemales.sotw.ChildOrder@36b4fe2a, codingblackfemales.sotw.ChildOrder@574b560f, codingblackfemales.sotw.ChildOrder@ba54932, codingblackfemales.sotw.ChildOrder@28975c28, codingblackfemales.sotw.ChildOrder@3943a2be, codingblackfemales.sotw.ChildOrder@343570b7, codingblackfemales.sotw.ChildOrder@157853da, codingblackfemales.sotw.ChildOrder@71c3b41, codingblackfemales.sotw.ChildOrder@236e3f4e, codingblackfemales.sotw.ChildOrder@3cc1435c, codingblackfemales.sotw.ChildOrder@6bf0219d, codingblackfemales.sotw.ChildOrder@dd0c991, codingblackfemales.sotw.ChildOrder@5f16132a, codingblackfemales.sotw.ChildOrder@69fb6037, codingblackfemales.sotw.ChildOrder@36d585c, codingblackfemales.sotw.ChildOrder@87a85e1, codingblackfemales.sotw.ChildOrder@671a5887, codingblackfemales.sotw.ChildOrder@5552768b, codingblackfemales.sotw.ChildOrder@3c947bc5, codingblackfemales.sotw.ChildOrder@609db43b, codingblackfemales.sotw.ChildOrder@55f616cf]
16:14:39.330 [main] INFO  c.gettingstarted.MyAlgoLogic - [MYALGO] option is present active orders are:[codingblackfemales.sotw.ChildOrder@2a266d09, codingblackfemales.sotw.ChildOrder@5ab9e72c, codingblackfemales.sotw.ChildOrder@186f8716, codingblackfemales.sotw.ChildOrder@1d8bd0de, codingblackfemales.sotw.ChildOrder@45ca843, codingblackfemales.sotw.ChildOrder@11c9af63, codingblackfemales.sotw.ChildOrder@757acd7b, codingblackfemales.sotw.ChildOrder@36b4fe2a, codingblackfemales.sotw.ChildOrder@574b560f, codingblackfemales.sotw.ChildOrder@ba54932, codingblackfemales.sotw.ChildOrder@28975c28, codingblackfemales.sotw.ChildOrder@3943a2be, codingblackfemales.sotw.ChildOrder@343570b7, codingblackfemales.sotw.ChildOrder@157853da, codingblackfemales.sotw.ChildOrder@71c3b41, codingblackfemales.sotw.ChildOrder@236e3f4e, codingblackfemales.sotw.ChildOrder@3cc1435c, codingblackfemales.sotw.ChildOrder@6bf0219d, codingblackfemales.sotw.ChildOrder@dd0c991, codingblackfemales.sotw.ChildOrder@5f16132a, codingblackfemales.sotw.ChildOrder@69fb6037, codingblackfemales.sotw.ChildOrder@36d585c, codingblackfemales.sotw.ChildOrder@87a85e1, codingblackfemales.sotw.ChildOrder@671a5887, codingblackfemales.sotw.ChildOrder@5552768b, codingblackfemales.sotw.ChildOrder@3c947bc5, codingblackfemales.sotw.ChildOrder@609db43b, codingblackfemales.sotw.ChildOrder@55f616cf]
option is present.
16:14:39.330 [main] INFO  c.gettingstarted.MyAlgoLogic - [MYALGO] Cancelling order:codingblackfemales.sotw.ChildOrder@2a266d09
child order is codingblackfemales.sotw.ChildOrder@2a266d09
Child order is cancelled.
16:14:39.330 [main] INFO  c.container.Actioner - [ALGO] Actioner, sending action:CancelChildOrder(codingblackfemales.sotw.ChildOrder@2a266d09)
16:14:39.330 [main] INFO  c.sequencer.consumer.LoggingConsumer - [64] [CancelOrder](sbeTemplateId=5|sbeSchemaId=2|sbeSchemaVersion=0|sbeBlockLength=8):orderId=19
16:14:39.330 [main] INFO  c.gettingstarted.MyAlgoLogic - [MYALGO] In Algo Logic.... HeLlO
16:14:39.330 [main] INFO  c.gettingstarted.MyAlgoLogic - [MYALGO] The state of the order book is:
|----BID-----||----ASK----|
   101 @ 100    100 @ 98
   200 @ 110    200 @ 95
  5000 @ 115    300 @ 91
|------------||-----------|

total order count is45
16:14:39.330 [main] INFO  c.gettingstarted.MyAlgoLogic - [MYALGO] option is present total order count is45
16:14:39.330 [main] INFO  c.gettingstarted.MyAlgoLogic - [MYALGO] option is present, active orders are [codingblackfemales.sotw.ChildOrder@5ab9e72c, codingblackfemales.sotw.ChildOrder@186f8716, codingblackfemales.sotw.ChildOrder@1d8bd0de, codingblackfemales.sotw.ChildOrder@45ca843, codingblackfemales.sotw.ChildOrder@11c9af63, codingblackfemales.sotw.ChildOrder@757acd7b, codingblackfemales.sotw.ChildOrder@36b4fe2a, codingblackfemales.sotw.ChildOrder@574b560f, codingblackfemales.sotw.ChildOrder@ba54932, codingblackfemales.sotw.ChildOrder@28975c28, codingblackfemales.sotw.ChildOrder@3943a2be, codingblackfemales.sotw.ChildOrder@343570b7, codingblackfemales.sotw.ChildOrder@157853da, codingblackfemales.sotw.ChildOrder@71c3b41, codingblackfemales.sotw.ChildOrder@236e3f4e, codingblackfemales.sotw.ChildOrder@3cc1435c, codingblackfemales.sotw.ChildOrder@6bf0219d, codingblackfemales.sotw.ChildOrder@dd0c991, codingblackfemales.sotw.ChildOrder@5f16132a, codingblackfemales.sotw.ChildOrder@69fb6037, codingblackfemales.sotw.ChildOrder@36d585c, codingblackfemales.sotw.ChildOrder@87a85e1, codingblackfemales.sotw.ChildOrder@671a5887, codingblackfemales.sotw.ChildOrder@5552768b, codingblackfemales.sotw.ChildOrder@3c947bc5, codingblackfemales.sotw.ChildOrder@609db43b, codingblackfemales.sotw.ChildOrder@55f616cf]
active orders are [codingblackfemales.sotw.ChildOrder@5ab9e72c, codingblackfemales.sotw.ChildOrder@186f8716, codingblackfemales.sotw.ChildOrder@1d8bd0de, codingblackfemales.sotw.ChildOrder@45ca843, codingblackfemales.sotw.ChildOrder@11c9af63, codingblackfemales.sotw.ChildOrder@757acd7b, codingblackfemales.sotw.ChildOrder@36b4fe2a, codingblackfemales.sotw.ChildOrder@574b560f, codingblackfemales.sotw.ChildOrder@ba54932, codingblackfemales.sotw.ChildOrder@28975c28, codingblackfemales.sotw.ChildOrder@3943a2be, codingblackfemales.sotw.ChildOrder@343570b7, codingblackfemales.sotw.ChildOrder@157853da, codingblackfemales.sotw.ChildOrder@71c3b41, codingblackfemales.sotw.ChildOrder@236e3f4e, codingblackfemales.sotw.ChildOrder@3cc1435c, codingblackfemales.sotw.ChildOrder@6bf0219d, codingblackfemales.sotw.ChildOrder@dd0c991, codingblackfemales.sotw.ChildOrder@5f16132a, codingblackfemales.sotw.ChildOrder@69fb6037, codingblackfemales.sotw.ChildOrder@36d585c, codingblackfemales.sotw.ChildOrder@87a85e1, codingblackfemales.sotw.ChildOrder@671a5887, codingblackfemales.sotw.ChildOrder@5552768b, codingblackfemales.sotw.ChildOrder@3c947bc5, codingblackfemales.sotw.ChildOrder@609db43b, codingblackfemales.sotw.ChildOrder@55f616cf]
16:14:39.330 [main] INFO  c.gettingstarted.MyAlgoLogic - [MYALGO] option is present active orders are:[codingblackfemales.sotw.ChildOrder@5ab9e72c, codingblackfemales.sotw.ChildOrder@186f8716, codingblackfemales.sotw.ChildOrder@1d8bd0de, codingblackfemales.sotw.ChildOrder@45ca843, codingblackfemales.sotw.ChildOrder@11c9af63, codingblackfemales.sotw.ChildOrder@757acd7b, codingblackfemales.sotw.ChildOrder@36b4fe2a, codingblackfemales.sotw.ChildOrder@574b560f, codingblackfemales.sotw.ChildOrder@ba54932, codingblackfemales.sotw.ChildOrder@28975c28, codingblackfemales.sotw.ChildOrder@3943a2be, codingblackfemales.sotw.ChildOrder@343570b7, codingblackfemales.sotw.ChildOrder@157853da, codingblackfemales.sotw.ChildOrder@71c3b41, codingblackfemales.sotw.ChildOrder@236e3f4e, codingblackfemales.sotw.ChildOrder@3cc1435c, codingblackfemales.sotw.ChildOrder@6bf0219d, codingblackfemales.sotw.ChildOrder@dd0c991, codingblackfemales.sotw.ChildOrder@5f16132a, codingblackfemales.sotw.ChildOrder@69fb6037, codingblackfemales.sotw.ChildOrder@36d585c, codingblackfemales.sotw.ChildOrder@87a85e1, codingblackfemales.sotw.ChildOrder@671a5887, codingblackfemales.sotw.ChildOrder@5552768b, codingblackfemales.sotw.ChildOrder@3c947bc5, codingblackfemales.sotw.ChildOrder@609db43b, codingblackfemales.sotw.ChildOrder@55f616cf]
option is present.
16:14:39.330 [main] INFO  c.gettingstarted.MyAlgoLogic - [MYALGO] Cancelling order:codingblackfemales.sotw.ChildOrder@5ab9e72c
child order is codingblackfemales.sotw.ChildOrder@5ab9e72c
Child order is cancelled.
16:14:39.330 [main] INFO  c.container.Actioner - [ALGO] Actioner, sending action:CancelChildOrder(codingblackfemales.sotw.ChildOrder@5ab9e72c)
16:14:39.330 [main] INFO  c.sequencer.consumer.LoggingConsumer - [65] [CancelOrder](sbeTemplateId=5|sbeSchemaId=2|sbeSchemaVersion=0|sbeBlockLength=8):orderId=20
16:14:39.330 [main] INFO  c.gettingstarted.MyAlgoLogic - [MYALGO] In Algo Logic.... HeLlO
16:14:39.330 [main] INFO  c.gettingstarted.MyAlgoLogic - [MYALGO] The state of the order book is:
|----BID-----||----ASK----|
   101 @ 100    100 @ 98
   200 @ 110    200 @ 95
  5000 @ 115    300 @ 91
|------------||-----------|

total order count is45
16:14:39.330 [main] INFO  c.gettingstarted.MyAlgoLogic - [MYALGO] option is present total order count is45
16:14:39.330 [main] INFO  c.gettingstarted.MyAlgoLogic - [MYALGO] option is present, active orders are [codingblackfemales.sotw.ChildOrder@186f8716, codingblackfemales.sotw.ChildOrder@1d8bd0de, codingblackfemales.sotw.ChildOrder@45ca843, codingblackfemales.sotw.ChildOrder@11c9af63, codingblackfemales.sotw.ChildOrder@757acd7b, codingblackfemales.sotw.ChildOrder@36b4fe2a, codingblackfemales.sotw.ChildOrder@574b560f, codingblackfemales.sotw.ChildOrder@ba54932, codingblackfemales.sotw.ChildOrder@28975c28, codingblackfemales.sotw.ChildOrder@3943a2be, codingblackfemales.sotw.ChildOrder@343570b7, codingblackfemales.sotw.ChildOrder@157853da, codingblackfemales.sotw.ChildOrder@71c3b41, codingblackfemales.sotw.ChildOrder@236e3f4e, codingblackfemales.sotw.ChildOrder@3cc1435c, codingblackfemales.sotw.ChildOrder@6bf0219d, codingblackfemales.sotw.ChildOrder@dd0c991, codingblackfemales.sotw.ChildOrder@5f16132a, codingblackfemales.sotw.ChildOrder@69fb6037, codingblackfemales.sotw.ChildOrder@36d585c, codingblackfemales.sotw.ChildOrder@87a85e1, codingblackfemales.sotw.ChildOrder@671a5887, codingblackfemales.sotw.ChildOrder@5552768b, codingblackfemales.sotw.ChildOrder@3c947bc5, codingblackfemales.sotw.ChildOrder@609db43b, codingblackfemales.sotw.ChildOrder@55f616cf]
active orders are [codingblackfemales.sotw.ChildOrder@186f8716, codingblackfemales.sotw.ChildOrder@1d8bd0de, codingblackfemales.sotw.ChildOrder@45ca843, codingblackfemales.sotw.ChildOrder@11c9af63, codingblackfemales.sotw.ChildOrder@757acd7b, codingblackfemales.sotw.ChildOrder@36b4fe2a, codingblackfemales.sotw.ChildOrder@574b560f, codingblackfemales.sotw.ChildOrder@ba54932, codingblackfemales.sotw.ChildOrder@28975c28, codingblackfemales.sotw.ChildOrder@3943a2be, codingblackfemales.sotw.ChildOrder@343570b7, codingblackfemales.sotw.ChildOrder@157853da, codingblackfemales.sotw.ChildOrder@71c3b41, codingblackfemales.sotw.ChildOrder@236e3f4e, codingblackfemales.sotw.ChildOrder@3cc1435c, codingblackfemales.sotw.ChildOrder@6bf0219d, codingblackfemales.sotw.ChildOrder@dd0c991, codingblackfemales.sotw.ChildOrder@5f16132a, codingblackfemales.sotw.ChildOrder@69fb6037, codingblackfemales.sotw.ChildOrder@36d585c, codingblackfemales.sotw.ChildOrder@87a85e1, codingblackfemales.sotw.ChildOrder@671a5887, codingblackfemales.sotw.ChildOrder@5552768b, codingblackfemales.sotw.ChildOrder@3c947bc5, codingblackfemales.sotw.ChildOrder@609db43b, codingblackfemales.sotw.ChildOrder@55f616cf]
16:14:39.330 [main] INFO  c.gettingstarted.MyAlgoLogic - [MYALGO] option is present active orders are:[codingblackfemales.sotw.ChildOrder@186f8716, codingblackfemales.sotw.ChildOrder@1d8bd0de, codingblackfemales.sotw.ChildOrder@45ca843, codingblackfemales.sotw.ChildOrder@11c9af63, codingblackfemales.sotw.ChildOrder@757acd7b, codingblackfemales.sotw.ChildOrder@36b4fe2a, codingblackfemales.sotw.ChildOrder@574b560f, codingblackfemales.sotw.ChildOrder@ba54932, codingblackfemales.sotw.ChildOrder@28975c28, codingblackfemales.sotw.ChildOrder@3943a2be, codingblackfemales.sotw.ChildOrder@343570b7, codingblackfemales.sotw.ChildOrder@157853da, codingblackfemales.sotw.ChildOrder@71c3b41, codingblackfemales.sotw.ChildOrder@236e3f4e, codingblackfemales.sotw.ChildOrder@3cc1435c, codingblackfemales.sotw.ChildOrder@6bf0219d, codingblackfemales.sotw.ChildOrder@dd0c991, codingblackfemales.sotw.ChildOrder@5f16132a, codingblackfemales.sotw.ChildOrder@69fb6037, codingblackfemales.sotw.ChildOrder@36d585c, codingblackfemales.sotw.ChildOrder@87a85e1, codingblackfemales.sotw.ChildOrder@671a5887, codingblackfemales.sotw.ChildOrder@5552768b, codingblackfemales.sotw.ChildOrder@3c947bc5, codingblackfemales.sotw.ChildOrder@609db43b, codingblackfemales.sotw.ChildOrder@55f616cf]
option is present.
16:14:39.330 [main] INFO  c.gettingstarted.MyAlgoLogic - [MYALGO] Cancelling order:codingblackfemales.sotw.ChildOrder@186f8716
child order is codingblackfemales.sotw.ChildOrder@186f8716
Child order is cancelled.
16:14:39.330 [main] INFO  c.container.Actioner - [ALGO] Actioner, sending action:CancelChildOrder(codingblackfemales.sotw.ChildOrder@186f8716)
16:14:39.330 [main] INFO  c.sequencer.consumer.LoggingConsumer - [66] [CancelOrder](sbeTemplateId=5|sbeSchemaId=2|sbeSchemaVersion=0|sbeBlockLength=8):orderId=21
16:14:39.330 [main] INFO  c.gettingstarted.MyAlgoLogic - [MYALGO] In Algo Logic.... HeLlO
16:14:39.330 [main] INFO  c.gettingstarted.MyAlgoLogic - [MYALGO] The state of the order book is:
|----BID-----||----ASK----|
   101 @ 100    100 @ 98
   200 @ 110    200 @ 95
  5000 @ 115    300 @ 91
|------------||-----------|

total order count is45
16:14:39.330 [main] INFO  c.gettingstarted.MyAlgoLogic - [MYALGO] option is present total order count is45
16:14:39.330 [main] INFO  c.gettingstarted.MyAlgoLogic - [MYALGO] option is present, active orders are [codingblackfemales.sotw.ChildOrder@1d8bd0de, codingblackfemales.sotw.ChildOrder@45ca843, codingblackfemales.sotw.ChildOrder@11c9af63, codingblackfemales.sotw.ChildOrder@757acd7b, codingblackfemales.sotw.ChildOrder@36b4fe2a, codingblackfemales.sotw.ChildOrder@574b560f, codingblackfemales.sotw.ChildOrder@ba54932, codingblackfemales.sotw.ChildOrder@28975c28, codingblackfemales.sotw.ChildOrder@3943a2be, codingblackfemales.sotw.ChildOrder@343570b7, codingblackfemales.sotw.ChildOrder@157853da, codingblackfemales.sotw.ChildOrder@71c3b41, codingblackfemales.sotw.ChildOrder@236e3f4e, codingblackfemales.sotw.ChildOrder@3cc1435c, codingblackfemales.sotw.ChildOrder@6bf0219d, codingblackfemales.sotw.ChildOrder@dd0c991, codingblackfemales.sotw.ChildOrder@5f16132a, codingblackfemales.sotw.ChildOrder@69fb6037, codingblackfemales.sotw.ChildOrder@36d585c, codingblackfemales.sotw.ChildOrder@87a85e1, codingblackfemales.sotw.ChildOrder@671a5887, codingblackfemales.sotw.ChildOrder@5552768b, codingblackfemales.sotw.ChildOrder@3c947bc5, codingblackfemales.sotw.ChildOrder@609db43b, codingblackfemales.sotw.ChildOrder@55f616cf]
active orders are [codingblackfemales.sotw.ChildOrder@1d8bd0de, codingblackfemales.sotw.ChildOrder@45ca843, codingblackfemales.sotw.ChildOrder@11c9af63, codingblackfemales.sotw.ChildOrder@757acd7b, codingblackfemales.sotw.ChildOrder@36b4fe2a, codingblackfemales.sotw.ChildOrder@574b560f, codingblackfemales.sotw.ChildOrder@ba54932, codingblackfemales.sotw.ChildOrder@28975c28, codingblackfemales.sotw.ChildOrder@3943a2be, codingblackfemales.sotw.ChildOrder@343570b7, codingblackfemales.sotw.ChildOrder@157853da, codingblackfemales.sotw.ChildOrder@71c3b41, codingblackfemales.sotw.ChildOrder@236e3f4e, codingblackfemales.sotw.ChildOrder@3cc1435c, codingblackfemales.sotw.ChildOrder@6bf0219d, codingblackfemales.sotw.ChildOrder@dd0c991, codingblackfemales.sotw.ChildOrder@5f16132a, codingblackfemales.sotw.ChildOrder@69fb6037, codingblackfemales.sotw.ChildOrder@36d585c, codingblackfemales.sotw.ChildOrder@87a85e1, codingblackfemales.sotw.ChildOrder@671a5887, codingblackfemales.sotw.ChildOrder@5552768b, codingblackfemales.sotw.ChildOrder@3c947bc5, codingblackfemales.sotw.ChildOrder@609db43b, codingblackfemales.sotw.ChildOrder@55f616cf]
16:14:39.330 [main] INFO  c.gettingstarted.MyAlgoLogic - [MYALGO] option is present active orders are:[codingblackfemales.sotw.ChildOrder@1d8bd0de, codingblackfemales.sotw.ChildOrder@45ca843, codingblackfemales.sotw.ChildOrder@11c9af63, codingblackfemales.sotw.ChildOrder@757acd7b, codingblackfemales.sotw.ChildOrder@36b4fe2a, codingblackfemales.sotw.ChildOrder@574b560f, codingblackfemales.sotw.ChildOrder@ba54932, codingblackfemales.sotw.ChildOrder@28975c28, codingblackfemales.sotw.ChildOrder@3943a2be, codingblackfemales.sotw.ChildOrder@343570b7, codingblackfemales.sotw.ChildOrder@157853da, codingblackfemales.sotw.ChildOrder@71c3b41, codingblackfemales.sotw.ChildOrder@236e3f4e, codingblackfemales.sotw.ChildOrder@3cc1435c, codingblackfemales.sotw.ChildOrder@6bf0219d, codingblackfemales.sotw.ChildOrder@dd0c991, codingblackfemales.sotw.ChildOrder@5f16132a, codingblackfemales.sotw.ChildOrder@69fb6037, codingblackfemales.sotw.ChildOrder@36d585c, codingblackfemales.sotw.ChildOrder@87a85e1, codingblackfemales.sotw.ChildOrder@671a5887, codingblackfemales.sotw.ChildOrder@5552768b, codingblackfemales.sotw.ChildOrder@3c947bc5, codingblackfemales.sotw.ChildOrder@609db43b, codingblackfemales.sotw.ChildOrder@55f616cf]
option is present.
16:14:39.330 [main] INFO  c.gettingstarted.MyAlgoLogic - [MYALGO] Cancelling order:codingblackfemales.sotw.ChildOrder@1d8bd0de
child order is codingblackfemales.sotw.ChildOrder@1d8bd0de
Child order is cancelled.
16:14:39.330 [main] INFO  c.container.Actioner - [ALGO] Actioner, sending action:CancelChildOrder(codingblackfemales.sotw.ChildOrder@1d8bd0de)
16:14:39.330 [main] INFO  c.sequencer.consumer.LoggingConsumer - [67] [CancelOrder](sbeTemplateId=5|sbeSchemaId=2|sbeSchemaVersion=0|sbeBlockLength=8):orderId=22
16:14:39.330 [main] INFO  c.gettingstarted.MyAlgoLogic - [MYALGO] In Algo Logic.... HeLlO
16:14:39.330 [main] INFO  c.gettingstarted.MyAlgoLogic - [MYALGO] The state of the order book is:
|----BID-----||----ASK----|
   101 @ 100    100 @ 98
   200 @ 110    200 @ 95
  5000 @ 115    300 @ 91
|------------||-----------|

total order count is45
16:14:39.330 [main] INFO  c.gettingstarted.MyAlgoLogic - [MYALGO] option is present total order count is45
16:14:39.330 [main] INFO  c.gettingstarted.MyAlgoLogic - [MYALGO] option is present, active orders are [codingblackfemales.sotw.ChildOrder@45ca843, codingblackfemales.sotw.ChildOrder@11c9af63, codingblackfemales.sotw.ChildOrder@757acd7b, codingblackfemales.sotw.ChildOrder@36b4fe2a, codingblackfemales.sotw.ChildOrder@574b560f, codingblackfemales.sotw.ChildOrder@ba54932, codingblackfemales.sotw.ChildOrder@28975c28, codingblackfemales.sotw.ChildOrder@3943a2be, codingblackfemales.sotw.ChildOrder@343570b7, codingblackfemales.sotw.ChildOrder@157853da, codingblackfemales.sotw.ChildOrder@71c3b41, codingblackfemales.sotw.ChildOrder@236e3f4e, codingblackfemales.sotw.ChildOrder@3cc1435c, codingblackfemales.sotw.ChildOrder@6bf0219d, codingblackfemales.sotw.ChildOrder@dd0c991, codingblackfemales.sotw.ChildOrder@5f16132a, codingblackfemales.sotw.ChildOrder@69fb6037, codingblackfemales.sotw.ChildOrder@36d585c, codingblackfemales.sotw.ChildOrder@87a85e1, codingblackfemales.sotw.ChildOrder@671a5887, codingblackfemales.sotw.ChildOrder@5552768b, codingblackfemales.sotw.ChildOrder@3c947bc5, codingblackfemales.sotw.ChildOrder@609db43b, codingblackfemales.sotw.ChildOrder@55f616cf]
active orders are [codingblackfemales.sotw.ChildOrder@45ca843, codingblackfemales.sotw.ChildOrder@11c9af63, codingblackfemales.sotw.ChildOrder@757acd7b, codingblackfemales.sotw.ChildOrder@36b4fe2a, codingblackfemales.sotw.ChildOrder@574b560f, codingblackfemales.sotw.ChildOrder@ba54932, codingblackfemales.sotw.ChildOrder@28975c28, codingblackfemales.sotw.ChildOrder@3943a2be, codingblackfemales.sotw.ChildOrder@343570b7, codingblackfemales.sotw.ChildOrder@157853da, codingblackfemales.sotw.ChildOrder@71c3b41, codingblackfemales.sotw.ChildOrder@236e3f4e, codingblackfemales.sotw.ChildOrder@3cc1435c, codingblackfemales.sotw.ChildOrder@6bf0219d, codingblackfemales.sotw.ChildOrder@dd0c991, codingblackfemales.sotw.ChildOrder@5f16132a, codingblackfemales.sotw.ChildOrder@69fb6037, codingblackfemales.sotw.ChildOrder@36d585c, codingblackfemales.sotw.ChildOrder@87a85e1, codingblackfemales.sotw.ChildOrder@671a5887, codingblackfemales.sotw.ChildOrder@5552768b, codingblackfemales.sotw.ChildOrder@3c947bc5, codingblackfemales.sotw.ChildOrder@609db43b, codingblackfemales.sotw.ChildOrder@55f616cf]
16:14:39.330 [main] INFO  c.gettingstarted.MyAlgoLogic - [MYALGO] option is present active orders are:[codingblackfemales.sotw.ChildOrder@45ca843, codingblackfemales.sotw.ChildOrder@11c9af63, codingblackfemales.sotw.ChildOrder@757acd7b, codingblackfemales.sotw.ChildOrder@36b4fe2a, codingblackfemales.sotw.ChildOrder@574b560f, codingblackfemales.sotw.ChildOrder@ba54932, codingblackfemales.sotw.ChildOrder@28975c28, codingblackfemales.sotw.ChildOrder@3943a2be, codingblackfemales.sotw.ChildOrder@343570b7, codingblackfemales.sotw.ChildOrder@157853da, codingblackfemales.sotw.ChildOrder@71c3b41, codingblackfemales.sotw.ChildOrder@236e3f4e, codingblackfemales.sotw.ChildOrder@3cc1435c, codingblackfemales.sotw.ChildOrder@6bf0219d, codingblackfemales.sotw.ChildOrder@dd0c991, codingblackfemales.sotw.ChildOrder@5f16132a, codingblackfemales.sotw.ChildOrder@69fb6037, codingblackfemales.sotw.ChildOrder@36d585c, codingblackfemales.sotw.ChildOrder@87a85e1, codingblackfemales.sotw.ChildOrder@671a5887, codingblackfemales.sotw.ChildOrder@5552768b, codingblackfemales.sotw.ChildOrder@3c947bc5, codingblackfemales.sotw.ChildOrder@609db43b, codingblackfemales.sotw.ChildOrder@55f616cf]
option is present.
16:14:39.330 [main] INFO  c.gettingstarted.MyAlgoLogic - [MYALGO] Cancelling order:codingblackfemales.sotw.ChildOrder@45ca843
child order is codingblackfemales.sotw.ChildOrder@45ca843
Child order is cancelled.
16:14:39.330 [main] INFO  c.container.Actioner - [ALGO] Actioner, sending action:CancelChildOrder(codingblackfemales.sotw.ChildOrder@45ca843)
16:14:39.330 [main] INFO  c.sequencer.consumer.LoggingConsumer - [68] [CancelOrder](sbeTemplateId=5|sbeSchemaId=2|sbeSchemaVersion=0|sbeBlockLength=8):orderId=23
16:14:39.330 [main] INFO  c.gettingstarted.MyAlgoLogic - [MYALGO] In Algo Logic.... HeLlO
16:14:39.330 [main] INFO  c.gettingstarted.MyAlgoLogic - [MYALGO] The state of the order book is:
|----BID-----||----ASK----|
   101 @ 100    100 @ 98
   200 @ 110    200 @ 95
  5000 @ 115    300 @ 91
|------------||-----------|

total order count is45
16:14:39.330 [main] INFO  c.gettingstarted.MyAlgoLogic - [MYALGO] option is present total order count is45
16:14:39.330 [main] INFO  c.gettingstarted.MyAlgoLogic - [MYALGO] option is present, active orders are [codingblackfemales.sotw.ChildOrder@11c9af63, codingblackfemales.sotw.ChildOrder@757acd7b, codingblackfemales.sotw.ChildOrder@36b4fe2a, codingblackfemales.sotw.ChildOrder@574b560f, codingblackfemales.sotw.ChildOrder@ba54932, codingblackfemales.sotw.ChildOrder@28975c28, codingblackfemales.sotw.ChildOrder@3943a2be, codingblackfemales.sotw.ChildOrder@343570b7, codingblackfemales.sotw.ChildOrder@157853da, codingblackfemales.sotw.ChildOrder@71c3b41, codingblackfemales.sotw.ChildOrder@236e3f4e, codingblackfemales.sotw.ChildOrder@3cc1435c, codingblackfemales.sotw.ChildOrder@6bf0219d, codingblackfemales.sotw.ChildOrder@dd0c991, codingblackfemales.sotw.ChildOrder@5f16132a, codingblackfemales.sotw.ChildOrder@69fb6037, codingblackfemales.sotw.ChildOrder@36d585c, codingblackfemales.sotw.ChildOrder@87a85e1, codingblackfemales.sotw.ChildOrder@671a5887, codingblackfemales.sotw.ChildOrder@5552768b, codingblackfemales.sotw.ChildOrder@3c947bc5, codingblackfemales.sotw.ChildOrder@609db43b, codingblackfemales.sotw.ChildOrder@55f616cf]
active orders are [codingblackfemales.sotw.ChildOrder@11c9af63, codingblackfemales.sotw.ChildOrder@757acd7b, codingblackfemales.sotw.ChildOrder@36b4fe2a, codingblackfemales.sotw.ChildOrder@574b560f, codingblackfemales.sotw.ChildOrder@ba54932, codingblackfemales.sotw.ChildOrder@28975c28, codingblackfemales.sotw.ChildOrder@3943a2be, codingblackfemales.sotw.ChildOrder@343570b7, codingblackfemales.sotw.ChildOrder@157853da, codingblackfemales.sotw.ChildOrder@71c3b41, codingblackfemales.sotw.ChildOrder@236e3f4e, codingblackfemales.sotw.ChildOrder@3cc1435c, codingblackfemales.sotw.ChildOrder@6bf0219d, codingblackfemales.sotw.ChildOrder@dd0c991, codingblackfemales.sotw.ChildOrder@5f16132a, codingblackfemales.sotw.ChildOrder@69fb6037, codingblackfemales.sotw.ChildOrder@36d585c, codingblackfemales.sotw.ChildOrder@87a85e1, codingblackfemales.sotw.ChildOrder@671a5887, codingblackfemales.sotw.ChildOrder@5552768b, codingblackfemales.sotw.ChildOrder@3c947bc5, codingblackfemales.sotw.ChildOrder@609db43b, codingblackfemales.sotw.ChildOrder@55f616cf]
16:14:39.330 [main] INFO  c.gettingstarted.MyAlgoLogic - [MYALGO] option is present active orders are:[codingblackfemales.sotw.ChildOrder@11c9af63, codingblackfemales.sotw.ChildOrder@757acd7b, codingblackfemales.sotw.ChildOrder@36b4fe2a, codingblackfemales.sotw.ChildOrder@574b560f, codingblackfemales.sotw.ChildOrder@ba54932, codingblackfemales.sotw.ChildOrder@28975c28, codingblackfemales.sotw.ChildOrder@3943a2be, codingblackfemales.sotw.ChildOrder@343570b7, codingblackfemales.sotw.ChildOrder@157853da, codingblackfemales.sotw.ChildOrder@71c3b41, codingblackfemales.sotw.ChildOrder@236e3f4e, codingblackfemales.sotw.ChildOrder@3cc1435c, codingblackfemales.sotw.ChildOrder@6bf0219d, codingblackfemales.sotw.ChildOrder@dd0c991, codingblackfemales.sotw.ChildOrder@5f16132a, codingblackfemales.sotw.ChildOrder@69fb6037, codingblackfemales.sotw.ChildOrder@36d585c, codingblackfemales.sotw.ChildOrder@87a85e1, codingblackfemales.sotw.ChildOrder@671a5887, codingblackfemales.sotw.ChildOrder@5552768b, codingblackfemales.sotw.ChildOrder@3c947bc5, codingblackfemales.sotw.ChildOrder@609db43b, codingblackfemales.sotw.ChildOrder@55f616cf]
option is present.
16:14:39.330 [main] INFO  c.gettingstarted.MyAlgoLogic - [MYALGO] Cancelling order:codingblackfemales.sotw.ChildOrder@11c9af63
child order is codingblackfemales.sotw.ChildOrder@11c9af63
Child order is cancelled.
16:14:39.330 [main] INFO  c.container.Actioner - [ALGO] Actioner, sending action:CancelChildOrder(codingblackfemales.sotw.ChildOrder@11c9af63)
16:14:39.330 [main] INFO  c.sequencer.consumer.LoggingConsumer - [69] [CancelOrder](sbeTemplateId=5|sbeSchemaId=2|sbeSchemaVersion=0|sbeBlockLength=8):orderId=24
16:14:39.330 [main] INFO  c.gettingstarted.MyAlgoLogic - [MYALGO] In Algo Logic.... HeLlO
16:14:39.330 [main] INFO  c.gettingstarted.MyAlgoLogic - [MYALGO] The state of the order book is:
|----BID-----||----ASK----|
   101 @ 100    100 @ 98
   200 @ 110    200 @ 95
  5000 @ 115    300 @ 91
|------------||-----------|

total order count is45
16:14:39.330 [main] INFO  c.gettingstarted.MyAlgoLogic - [MYALGO] option is present total order count is45
16:14:39.330 [main] INFO  c.gettingstarted.MyAlgoLogic - [MYALGO] option is present, active orders are [codingblackfemales.sotw.ChildOrder@757acd7b, codingblackfemales.sotw.ChildOrder@36b4fe2a, codingblackfemales.sotw.ChildOrder@574b560f, codingblackfemales.sotw.ChildOrder@ba54932, codingblackfemales.sotw.ChildOrder@28975c28, codingblackfemales.sotw.ChildOrder@3943a2be, codingblackfemales.sotw.ChildOrder@343570b7, codingblackfemales.sotw.ChildOrder@157853da, codingblackfemales.sotw.ChildOrder@71c3b41, codingblackfemales.sotw.ChildOrder@236e3f4e, codingblackfemales.sotw.ChildOrder@3cc1435c, codingblackfemales.sotw.ChildOrder@6bf0219d, codingblackfemales.sotw.ChildOrder@dd0c991, codingblackfemales.sotw.ChildOrder@5f16132a, codingblackfemales.sotw.ChildOrder@69fb6037, codingblackfemales.sotw.ChildOrder@36d585c, codingblackfemales.sotw.ChildOrder@87a85e1, codingblackfemales.sotw.ChildOrder@671a5887, codingblackfemales.sotw.ChildOrder@5552768b, codingblackfemales.sotw.ChildOrder@3c947bc5, codingblackfemales.sotw.ChildOrder@609db43b, codingblackfemales.sotw.ChildOrder@55f616cf]
active orders are [codingblackfemales.sotw.ChildOrder@757acd7b, codingblackfemales.sotw.ChildOrder@36b4fe2a, codingblackfemales.sotw.ChildOrder@574b560f, codingblackfemales.sotw.ChildOrder@ba54932, codingblackfemales.sotw.ChildOrder@28975c28, codingblackfemales.sotw.ChildOrder@3943a2be, codingblackfemales.sotw.ChildOrder@343570b7, codingblackfemales.sotw.ChildOrder@157853da, codingblackfemales.sotw.ChildOrder@71c3b41, codingblackfemales.sotw.ChildOrder@236e3f4e, codingblackfemales.sotw.ChildOrder@3cc1435c, codingblackfemales.sotw.ChildOrder@6bf0219d, codingblackfemales.sotw.ChildOrder@dd0c991, codingblackfemales.sotw.ChildOrder@5f16132a, codingblackfemales.sotw.ChildOrder@69fb6037, codingblackfemales.sotw.ChildOrder@36d585c, codingblackfemales.sotw.ChildOrder@87a85e1, codingblackfemales.sotw.ChildOrder@671a5887, codingblackfemales.sotw.ChildOrder@5552768b, codingblackfemales.sotw.ChildOrder@3c947bc5, codingblackfemales.sotw.ChildOrder@609db43b, codingblackfemales.sotw.ChildOrder@55f616cf]
16:14:39.330 [main] INFO  c.gettingstarted.MyAlgoLogic - [MYALGO] option is present active orders are:[codingblackfemales.sotw.ChildOrder@757acd7b, codingblackfemales.sotw.ChildOrder@36b4fe2a, codingblackfemales.sotw.ChildOrder@574b560f, codingblackfemales.sotw.ChildOrder@ba54932, codingblackfemales.sotw.ChildOrder@28975c28, codingblackfemales.sotw.ChildOrder@3943a2be, codingblackfemales.sotw.ChildOrder@343570b7, codingblackfemales.sotw.ChildOrder@157853da, codingblackfemales.sotw.ChildOrder@71c3b41, codingblackfemales.sotw.ChildOrder@236e3f4e, codingblackfemales.sotw.ChildOrder@3cc1435c, codingblackfemales.sotw.ChildOrder@6bf0219d, codingblackfemales.sotw.ChildOrder@dd0c991, codingblackfemales.sotw.ChildOrder@5f16132a, codingblackfemales.sotw.ChildOrder@69fb6037, codingblackfemales.sotw.ChildOrder@36d585c, codingblackfemales.sotw.ChildOrder@87a85e1, codingblackfemales.sotw.ChildOrder@671a5887, codingblackfemales.sotw.ChildOrder@5552768b, codingblackfemales.sotw.ChildOrder@3c947bc5, codingblackfemales.sotw.ChildOrder@609db43b, codingblackfemales.sotw.ChildOrder@55f616cf]
option is present.
16:14:39.330 [main] INFO  c.gettingstarted.MyAlgoLogic - [MYALGO] Cancelling order:codingblackfemales.sotw.ChildOrder@757acd7b
child order is codingblackfemales.sotw.ChildOrder@757acd7b
Child order is cancelled.
16:14:39.330 [main] INFO  c.container.Actioner - [ALGO] Actioner, sending action:CancelChildOrder(codingblackfemales.sotw.ChildOrder@757acd7b)
16:14:39.330 [main] INFO  c.sequencer.consumer.LoggingConsumer - [70] [CancelOrder](sbeTemplateId=5|sbeSchemaId=2|sbeSchemaVersion=0|sbeBlockLength=8):orderId=25
16:14:39.330 [main] INFO  c.gettingstarted.MyAlgoLogic - [MYALGO] In Algo Logic.... HeLlO
16:14:39.330 [main] INFO  c.gettingstarted.MyAlgoLogic - [MYALGO] The state of the order book is:
|----BID-----||----ASK----|
   101 @ 100    100 @ 98
   200 @ 110    200 @ 95
  5000 @ 115    300 @ 91
|------------||-----------|

total order count is45
16:14:39.330 [main] INFO  c.gettingstarted.MyAlgoLogic - [MYALGO] option is present total order count is45
16:14:39.330 [main] INFO  c.gettingstarted.MyAlgoLogic - [MYALGO] option is present, active orders are [codingblackfemales.sotw.ChildOrder@36b4fe2a, codingblackfemales.sotw.ChildOrder@574b560f, codingblackfemales.sotw.ChildOrder@ba54932, codingblackfemales.sotw.ChildOrder@28975c28, codingblackfemales.sotw.ChildOrder@3943a2be, codingblackfemales.sotw.ChildOrder@343570b7, codingblackfemales.sotw.ChildOrder@157853da, codingblackfemales.sotw.ChildOrder@71c3b41, codingblackfemales.sotw.ChildOrder@236e3f4e, codingblackfemales.sotw.ChildOrder@3cc1435c, codingblackfemales.sotw.ChildOrder@6bf0219d, codingblackfemales.sotw.ChildOrder@dd0c991, codingblackfemales.sotw.ChildOrder@5f16132a, codingblackfemales.sotw.ChildOrder@69fb6037, codingblackfemales.sotw.ChildOrder@36d585c, codingblackfemales.sotw.ChildOrder@87a85e1, codingblackfemales.sotw.ChildOrder@671a5887, codingblackfemales.sotw.ChildOrder@5552768b, codingblackfemales.sotw.ChildOrder@3c947bc5, codingblackfemales.sotw.ChildOrder@609db43b, codingblackfemales.sotw.ChildOrder@55f616cf]
active orders are [codingblackfemales.sotw.ChildOrder@36b4fe2a, codingblackfemales.sotw.ChildOrder@574b560f, codingblackfemales.sotw.ChildOrder@ba54932, codingblackfemales.sotw.ChildOrder@28975c28, codingblackfemales.sotw.ChildOrder@3943a2be, codingblackfemales.sotw.ChildOrder@343570b7, codingblackfemales.sotw.ChildOrder@157853da, codingblackfemales.sotw.ChildOrder@71c3b41, codingblackfemales.sotw.ChildOrder@236e3f4e, codingblackfemales.sotw.ChildOrder@3cc1435c, codingblackfemales.sotw.ChildOrder@6bf0219d, codingblackfemales.sotw.ChildOrder@dd0c991, codingblackfemales.sotw.ChildOrder@5f16132a, codingblackfemales.sotw.ChildOrder@69fb6037, codingblackfemales.sotw.ChildOrder@36d585c, codingblackfemales.sotw.ChildOrder@87a85e1, codingblackfemales.sotw.ChildOrder@671a5887, codingblackfemales.sotw.ChildOrder@5552768b, codingblackfemales.sotw.ChildOrder@3c947bc5, codingblackfemales.sotw.ChildOrder@609db43b, codingblackfemales.sotw.ChildOrder@55f616cf]
16:14:39.330 [main] INFO  c.gettingstarted.MyAlgoLogic - [MYALGO] option is present active orders are:[codingblackfemales.sotw.ChildOrder@36b4fe2a, codingblackfemales.sotw.ChildOrder@574b560f, codingblackfemales.sotw.ChildOrder@ba54932, codingblackfemales.sotw.ChildOrder@28975c28, codingblackfemales.sotw.ChildOrder@3943a2be, codingblackfemales.sotw.ChildOrder@343570b7, codingblackfemales.sotw.ChildOrder@157853da, codingblackfemales.sotw.ChildOrder@71c3b41, codingblackfemales.sotw.ChildOrder@236e3f4e, codingblackfemales.sotw.ChildOrder@3cc1435c, codingblackfemales.sotw.ChildOrder@6bf0219d, codingblackfemales.sotw.ChildOrder@dd0c991, codingblackfemales.sotw.ChildOrder@5f16132a, codingblackfemales.sotw.ChildOrder@69fb6037, codingblackfemales.sotw.ChildOrder@36d585c, codingblackfemales.sotw.ChildOrder@87a85e1, codingblackfemales.sotw.ChildOrder@671a5887, codingblackfemales.sotw.ChildOrder@5552768b, codingblackfemales.sotw.ChildOrder@3c947bc5, codingblackfemales.sotw.ChildOrder@609db43b, codingblackfemales.sotw.ChildOrder@55f616cf]
option is present.
16:14:39.330 [main] INFO  c.gettingstarted.MyAlgoLogic - [MYALGO] Cancelling order:codingblackfemales.sotw.ChildOrder@36b4fe2a
child order is codingblackfemales.sotw.ChildOrder@36b4fe2a
Child order is cancelled.
16:14:39.330 [main] INFO  c.container.Actioner - [ALGO] Actioner, sending action:CancelChildOrder(codingblackfemales.sotw.ChildOrder@36b4fe2a)
16:14:39.330 [main] INFO  c.sequencer.consumer.LoggingConsumer - [71] [CancelOrder](sbeTemplateId=5|sbeSchemaId=2|sbeSchemaVersion=0|sbeBlockLength=8):orderId=26
16:14:39.330 [main] INFO  c.gettingstarted.MyAlgoLogic - [MYALGO] In Algo Logic.... HeLlO
16:14:39.346 [main] INFO  c.gettingstarted.MyAlgoLogic - [MYALGO] The state of the order book is:
|----BID-----||----ASK----|
   101 @ 100    100 @ 98
   200 @ 110    200 @ 95
  5000 @ 115    300 @ 91
|------------||-----------|

total order count is45
16:14:39.346 [main] INFO  c.gettingstarted.MyAlgoLogic - [MYALGO] option is present total order count is45
16:14:39.346 [main] INFO  c.gettingstarted.MyAlgoLogic - [MYALGO] option is present, active orders are [codingblackfemales.sotw.ChildOrder@574b560f, codingblackfemales.sotw.ChildOrder@ba54932, codingblackfemales.sotw.ChildOrder@28975c28, codingblackfemales.sotw.ChildOrder@3943a2be, codingblackfemales.sotw.ChildOrder@343570b7, codingblackfemales.sotw.ChildOrder@157853da, codingblackfemales.sotw.ChildOrder@71c3b41, codingblackfemales.sotw.ChildOrder@236e3f4e, codingblackfemales.sotw.ChildOrder@3cc1435c, codingblackfemales.sotw.ChildOrder@6bf0219d, codingblackfemales.sotw.ChildOrder@dd0c991, codingblackfemales.sotw.ChildOrder@5f16132a, codingblackfemales.sotw.ChildOrder@69fb6037, codingblackfemales.sotw.ChildOrder@36d585c, codingblackfemales.sotw.ChildOrder@87a85e1, codingblackfemales.sotw.ChildOrder@671a5887, codingblackfemales.sotw.ChildOrder@5552768b, codingblackfemales.sotw.ChildOrder@3c947bc5, codingblackfemales.sotw.ChildOrder@609db43b, codingblackfemales.sotw.ChildOrder@55f616cf]
active orders are [codingblackfemales.sotw.ChildOrder@574b560f, codingblackfemales.sotw.ChildOrder@ba54932, codingblackfemales.sotw.ChildOrder@28975c28, codingblackfemales.sotw.ChildOrder@3943a2be, codingblackfemales.sotw.ChildOrder@343570b7, codingblackfemales.sotw.ChildOrder@157853da, codingblackfemales.sotw.ChildOrder@71c3b41, codingblackfemales.sotw.ChildOrder@236e3f4e, codingblackfemales.sotw.ChildOrder@3cc1435c, codingblackfemales.sotw.ChildOrder@6bf0219d, codingblackfemales.sotw.ChildOrder@dd0c991, codingblackfemales.sotw.ChildOrder@5f16132a, codingblackfemales.sotw.ChildOrder@69fb6037, codingblackfemales.sotw.ChildOrder@36d585c, codingblackfemales.sotw.ChildOrder@87a85e1, codingblackfemales.sotw.ChildOrder@671a5887, codingblackfemales.sotw.ChildOrder@5552768b, codingblackfemales.sotw.ChildOrder@3c947bc5, codingblackfemales.sotw.ChildOrder@609db43b, codingblackfemales.sotw.ChildOrder@55f616cf]
16:14:39.346 [main] INFO  c.gettingstarted.MyAlgoLogic - [MYALGO] option is present active orders are:[codingblackfemales.sotw.ChildOrder@574b560f, codingblackfemales.sotw.ChildOrder@ba54932, codingblackfemales.sotw.ChildOrder@28975c28, codingblackfemales.sotw.ChildOrder@3943a2be, codingblackfemales.sotw.ChildOrder@343570b7, codingblackfemales.sotw.ChildOrder@157853da, codingblackfemales.sotw.ChildOrder@71c3b41, codingblackfemales.sotw.ChildOrder@236e3f4e, codingblackfemales.sotw.ChildOrder@3cc1435c, codingblackfemales.sotw.ChildOrder@6bf0219d, codingblackfemales.sotw.ChildOrder@dd0c991, codingblackfemales.sotw.ChildOrder@5f16132a, codingblackfemales.sotw.ChildOrder@69fb6037, codingblackfemales.sotw.ChildOrder@36d585c, codingblackfemales.sotw.ChildOrder@87a85e1, codingblackfemales.sotw.ChildOrder@671a5887, codingblackfemales.sotw.ChildOrder@5552768b, codingblackfemales.sotw.ChildOrder@3c947bc5, codingblackfemales.sotw.ChildOrder@609db43b, codingblackfemales.sotw.ChildOrder@55f616cf]
option is present.
16:14:39.346 [main] INFO  c.gettingstarted.MyAlgoLogic - [MYALGO] Cancelling order:codingblackfemales.sotw.ChildOrder@574b560f
child order is codingblackfemales.sotw.ChildOrder@574b560f
Child order is cancelled.
16:14:39.346 [main] INFO  c.container.Actioner - [ALGO] Actioner, sending action:CancelChildOrder(codingblackfemales.sotw.ChildOrder@574b560f)
16:14:39.346 [main] INFO  c.sequencer.consumer.LoggingConsumer - [72] [CancelOrder](sbeTemplateId=5|sbeSchemaId=2|sbeSchemaVersion=0|sbeBlockLength=8):orderId=27
16:14:39.346 [main] INFO  c.gettingstarted.MyAlgoLogic - [MYALGO] In Algo Logic.... HeLlO
16:14:39.346 [main] INFO  c.gettingstarted.MyAlgoLogic - [MYALGO] The state of the order book is:
|----BID-----||----ASK----|
   101 @ 100    100 @ 98
   200 @ 110    200 @ 95
  5000 @ 115    300 @ 91
|------------||-----------|

total order count is45
16:14:39.346 [main] INFO  c.gettingstarted.MyAlgoLogic - [MYALGO] option is present total order count is45
16:14:39.346 [main] INFO  c.gettingstarted.MyAlgoLogic - [MYALGO] option is present, active orders are [codingblackfemales.sotw.ChildOrder@ba54932, codingblackfemales.sotw.ChildOrder@28975c28, codingblackfemales.sotw.ChildOrder@3943a2be, codingblackfemales.sotw.ChildOrder@343570b7, codingblackfemales.sotw.ChildOrder@157853da, codingblackfemales.sotw.ChildOrder@71c3b41, codingblackfemales.sotw.ChildOrder@236e3f4e, codingblackfemales.sotw.ChildOrder@3cc1435c, codingblackfemales.sotw.ChildOrder@6bf0219d, codingblackfemales.sotw.ChildOrder@dd0c991, codingblackfemales.sotw.ChildOrder@5f16132a, codingblackfemales.sotw.ChildOrder@69fb6037, codingblackfemales.sotw.ChildOrder@36d585c, codingblackfemales.sotw.ChildOrder@87a85e1, codingblackfemales.sotw.ChildOrder@671a5887, codingblackfemales.sotw.ChildOrder@5552768b, codingblackfemales.sotw.ChildOrder@3c947bc5, codingblackfemales.sotw.ChildOrder@609db43b, codingblackfemales.sotw.ChildOrder@55f616cf]
active orders are [codingblackfemales.sotw.ChildOrder@ba54932, codingblackfemales.sotw.ChildOrder@28975c28, codingblackfemales.sotw.ChildOrder@3943a2be, codingblackfemales.sotw.ChildOrder@343570b7, codingblackfemales.sotw.ChildOrder@157853da, codingblackfemales.sotw.ChildOrder@71c3b41, codingblackfemales.sotw.ChildOrder@236e3f4e, codingblackfemales.sotw.ChildOrder@3cc1435c, codingblackfemales.sotw.ChildOrder@6bf0219d, codingblackfemales.sotw.ChildOrder@dd0c991, codingblackfemales.sotw.ChildOrder@5f16132a, codingblackfemales.sotw.ChildOrder@69fb6037, codingblackfemales.sotw.ChildOrder@36d585c, codingblackfemales.sotw.ChildOrder@87a85e1, codingblackfemales.sotw.ChildOrder@671a5887, codingblackfemales.sotw.ChildOrder@5552768b, codingblackfemales.sotw.ChildOrder@3c947bc5, codingblackfemales.sotw.ChildOrder@609db43b, codingblackfemales.sotw.ChildOrder@55f616cf]
16:14:39.346 [main] INFO  c.gettingstarted.MyAlgoLogic - [MYALGO] option is present active orders are:[codingblackfemales.sotw.ChildOrder@ba54932, codingblackfemales.sotw.ChildOrder@28975c28, codingblackfemales.sotw.ChildOrder@3943a2be, codingblackfemales.sotw.ChildOrder@343570b7, codingblackfemales.sotw.ChildOrder@157853da, codingblackfemales.sotw.ChildOrder@71c3b41, codingblackfemales.sotw.ChildOrder@236e3f4e, codingblackfemales.sotw.ChildOrder@3cc1435c, codingblackfemales.sotw.ChildOrder@6bf0219d, codingblackfemales.sotw.ChildOrder@dd0c991, codingblackfemales.sotw.ChildOrder@5f16132a, codingblackfemales.sotw.ChildOrder@69fb6037, codingblackfemales.sotw.ChildOrder@36d585c, codingblackfemales.sotw.ChildOrder@87a85e1, codingblackfemales.sotw.ChildOrder@671a5887, codingblackfemales.sotw.ChildOrder@5552768b, codingblackfemales.sotw.ChildOrder@3c947bc5, codingblackfemales.sotw.ChildOrder@609db43b, codingblackfemales.sotw.ChildOrder@55f616cf]
option is present.
16:14:39.346 [main] INFO  c.gettingstarted.MyAlgoLogic - [MYALGO] Cancelling order:codingblackfemales.sotw.ChildOrder@ba54932
child order is codingblackfemales.sotw.ChildOrder@ba54932
Child order is cancelled.
16:14:39.346 [main] INFO  c.container.Actioner - [ALGO] Actioner, sending action:CancelChildOrder(codingblackfemales.sotw.ChildOrder@ba54932)
16:14:39.346 [main] INFO  c.sequencer.consumer.LoggingConsumer - [73] [CancelOrder](sbeTemplateId=5|sbeSchemaId=2|sbeSchemaVersion=0|sbeBlockLength=8):orderId=28
16:14:39.346 [main] INFO  c.gettingstarted.MyAlgoLogic - [MYALGO] In Algo Logic.... HeLlO
16:14:39.346 [main] INFO  c.gettingstarted.MyAlgoLogic - [MYALGO] The state of the order book is:
|----BID-----||----ASK----|
   101 @ 100    100 @ 98
   200 @ 110    200 @ 95
  5000 @ 115    300 @ 91
|------------||-----------|

total order count is45
16:14:39.346 [main] INFO  c.gettingstarted.MyAlgoLogic - [MYALGO] option is present total order count is45
16:14:39.346 [main] INFO  c.gettingstarted.MyAlgoLogic - [MYALGO] option is present, active orders are [codingblackfemales.sotw.ChildOrder@28975c28, codingblackfemales.sotw.ChildOrder@3943a2be, codingblackfemales.sotw.ChildOrder@343570b7, codingblackfemales.sotw.ChildOrder@157853da, codingblackfemales.sotw.ChildOrder@71c3b41, codingblackfemales.sotw.ChildOrder@236e3f4e, codingblackfemales.sotw.ChildOrder@3cc1435c, codingblackfemales.sotw.ChildOrder@6bf0219d, codingblackfemales.sotw.ChildOrder@dd0c991, codingblackfemales.sotw.ChildOrder@5f16132a, codingblackfemales.sotw.ChildOrder@69fb6037, codingblackfemales.sotw.ChildOrder@36d585c, codingblackfemales.sotw.ChildOrder@87a85e1, codingblackfemales.sotw.ChildOrder@671a5887, codingblackfemales.sotw.ChildOrder@5552768b, codingblackfemales.sotw.ChildOrder@3c947bc5, codingblackfemales.sotw.ChildOrder@609db43b, codingblackfemales.sotw.ChildOrder@55f616cf]
active orders are [codingblackfemales.sotw.ChildOrder@28975c28, codingblackfemales.sotw.ChildOrder@3943a2be, codingblackfemales.sotw.ChildOrder@343570b7, codingblackfemales.sotw.ChildOrder@157853da, codingblackfemales.sotw.ChildOrder@71c3b41, codingblackfemales.sotw.ChildOrder@236e3f4e, codingblackfemales.sotw.ChildOrder@3cc1435c, codingblackfemales.sotw.ChildOrder@6bf0219d, codingblackfemales.sotw.ChildOrder@dd0c991, codingblackfemales.sotw.ChildOrder@5f16132a, codingblackfemales.sotw.ChildOrder@69fb6037, codingblackfemales.sotw.ChildOrder@36d585c, codingblackfemales.sotw.ChildOrder@87a85e1, codingblackfemales.sotw.ChildOrder@671a5887, codingblackfemales.sotw.ChildOrder@5552768b, codingblackfemales.sotw.ChildOrder@3c947bc5, codingblackfemales.sotw.ChildOrder@609db43b, codingblackfemales.sotw.ChildOrder@55f616cf]
16:14:39.346 [main] INFO  c.gettingstarted.MyAlgoLogic - [MYALGO] option is present active orders are:[codingblackfemales.sotw.ChildOrder@28975c28, codingblackfemales.sotw.ChildOrder@3943a2be, codingblackfemales.sotw.ChildOrder@343570b7, codingblackfemales.sotw.ChildOrder@157853da, codingblackfemales.sotw.ChildOrder@71c3b41, codingblackfemales.sotw.ChildOrder@236e3f4e, codingblackfemales.sotw.ChildOrder@3cc1435c, codingblackfemales.sotw.ChildOrder@6bf0219d, codingblackfemales.sotw.ChildOrder@dd0c991, codingblackfemales.sotw.ChildOrder@5f16132a, codingblackfemales.sotw.ChildOrder@69fb6037, codingblackfemales.sotw.ChildOrder@36d585c, codingblackfemales.sotw.ChildOrder@87a85e1, codingblackfemales.sotw.ChildOrder@671a5887, codingblackfemales.sotw.ChildOrder@5552768b, codingblackfemales.sotw.ChildOrder@3c947bc5, codingblackfemales.sotw.ChildOrder@609db43b, codingblackfemales.sotw.ChildOrder@55f616cf]
option is present.
16:14:39.346 [main] INFO  c.gettingstarted.MyAlgoLogic - [MYALGO] Cancelling order:codingblackfemales.sotw.ChildOrder@28975c28
child order is codingblackfemales.sotw.ChildOrder@28975c28
Child order is cancelled.
16:14:39.346 [main] INFO  c.container.Actioner - [ALGO] Actioner, sending action:CancelChildOrder(codingblackfemales.sotw.ChildOrder@28975c28)
16:14:39.346 [main] INFO  c.sequencer.consumer.LoggingConsumer - [74] [CancelOrder](sbeTemplateId=5|sbeSchemaId=2|sbeSchemaVersion=0|sbeBlockLength=8):orderId=29
16:14:39.346 [main] INFO  c.gettingstarted.MyAlgoLogic - [MYALGO] In Algo Logic.... HeLlO
16:14:39.346 [main] INFO  c.gettingstarted.MyAlgoLogic - [MYALGO] The state of the order book is:
|----BID-----||----ASK----|
   101 @ 100    100 @ 98
   200 @ 110    200 @ 95
  5000 @ 115    300 @ 91
|------------||-----------|

total order count is45
16:14:39.346 [main] INFO  c.gettingstarted.MyAlgoLogic - [MYALGO] option is present total order count is45
16:14:39.346 [main] INFO  c.gettingstarted.MyAlgoLogic - [MYALGO] option is present, active orders are [codingblackfemales.sotw.ChildOrder@3943a2be, codingblackfemales.sotw.ChildOrder@343570b7, codingblackfemales.sotw.ChildOrder@157853da, codingblackfemales.sotw.ChildOrder@71c3b41, codingblackfemales.sotw.ChildOrder@236e3f4e, codingblackfemales.sotw.ChildOrder@3cc1435c, codingblackfemales.sotw.ChildOrder@6bf0219d, codingblackfemales.sotw.ChildOrder@dd0c991, codingblackfemales.sotw.ChildOrder@5f16132a, codingblackfemales.sotw.ChildOrder@69fb6037, codingblackfemales.sotw.ChildOrder@36d585c, codingblackfemales.sotw.ChildOrder@87a85e1, codingblackfemales.sotw.ChildOrder@671a5887, codingblackfemales.sotw.ChildOrder@5552768b, codingblackfemales.sotw.ChildOrder@3c947bc5, codingblackfemales.sotw.ChildOrder@609db43b, codingblackfemales.sotw.ChildOrder@55f616cf]
active orders are [codingblackfemales.sotw.ChildOrder@3943a2be, codingblackfemales.sotw.ChildOrder@343570b7, codingblackfemales.sotw.ChildOrder@157853da, codingblackfemales.sotw.ChildOrder@71c3b41, codingblackfemales.sotw.ChildOrder@236e3f4e, codingblackfemales.sotw.ChildOrder@3cc1435c, codingblackfemales.sotw.ChildOrder@6bf0219d, codingblackfemales.sotw.ChildOrder@dd0c991, codingblackfemales.sotw.ChildOrder@5f16132a, codingblackfemales.sotw.ChildOrder@69fb6037, codingblackfemales.sotw.ChildOrder@36d585c, codingblackfemales.sotw.ChildOrder@87a85e1, codingblackfemales.sotw.ChildOrder@671a5887, codingblackfemales.sotw.ChildOrder@5552768b, codingblackfemales.sotw.ChildOrder@3c947bc5, codingblackfemales.sotw.ChildOrder@609db43b, codingblackfemales.sotw.ChildOrder@55f616cf]
16:14:39.346 [main] INFO  c.gettingstarted.MyAlgoLogic - [MYALGO] option is present active orders are:[codingblackfemales.sotw.ChildOrder@3943a2be, codingblackfemales.sotw.ChildOrder@343570b7, codingblackfemales.sotw.ChildOrder@157853da, codingblackfemales.sotw.ChildOrder@71c3b41, codingblackfemales.sotw.ChildOrder@236e3f4e, codingblackfemales.sotw.ChildOrder@3cc1435c, codingblackfemales.sotw.ChildOrder@6bf0219d, codingblackfemales.sotw.ChildOrder@dd0c991, codingblackfemales.sotw.ChildOrder@5f16132a, codingblackfemales.sotw.ChildOrder@69fb6037, codingblackfemales.sotw.ChildOrder@36d585c, codingblackfemales.sotw.ChildOrder@87a85e1, codingblackfemales.sotw.ChildOrder@671a5887, codingblackfemales.sotw.ChildOrder@5552768b, codingblackfemales.sotw.ChildOrder@3c947bc5, codingblackfemales.sotw.ChildOrder@609db43b, codingblackfemales.sotw.ChildOrder@55f616cf]
option is present.
16:14:39.346 [main] INFO  c.gettingstarted.MyAlgoLogic - [MYALGO] Cancelling order:codingblackfemales.sotw.ChildOrder@3943a2be
child order is codingblackfemales.sotw.ChildOrder@3943a2be
Child order is cancelled.
16:14:39.346 [main] INFO  c.container.Actioner - [ALGO] Actioner, sending action:CancelChildOrder(codingblackfemales.sotw.ChildOrder@3943a2be)
16:14:39.346 [main] INFO  c.sequencer.consumer.LoggingConsumer - [75] [CancelOrder](sbeTemplateId=5|sbeSchemaId=2|sbeSchemaVersion=0|sbeBlockLength=8):orderId=30
16:14:39.346 [main] INFO  c.gettingstarted.MyAlgoLogic - [MYALGO] In Algo Logic.... HeLlO
16:14:39.346 [main] INFO  c.gettingstarted.MyAlgoLogic - [MYALGO] The state of the order book is:
|----BID-----||----ASK----|
   101 @ 100    100 @ 98
   200 @ 110    200 @ 95
  5000 @ 115    300 @ 91
|------------||-----------|

total order count is45
16:14:39.346 [main] INFO  c.gettingstarted.MyAlgoLogic - [MYALGO] option is present total order count is45
16:14:39.346 [main] INFO  c.gettingstarted.MyAlgoLogic - [MYALGO] option is present, active orders are [codingblackfemales.sotw.ChildOrder@343570b7, codingblackfemales.sotw.ChildOrder@157853da, codingblackfemales.sotw.ChildOrder@71c3b41, codingblackfemales.sotw.ChildOrder@236e3f4e, codingblackfemales.sotw.ChildOrder@3cc1435c, codingblackfemales.sotw.ChildOrder@6bf0219d, codingblackfemales.sotw.ChildOrder@dd0c991, codingblackfemales.sotw.ChildOrder@5f16132a, codingblackfemales.sotw.ChildOrder@69fb6037, codingblackfemales.sotw.ChildOrder@36d585c, codingblackfemales.sotw.ChildOrder@87a85e1, codingblackfemales.sotw.ChildOrder@671a5887, codingblackfemales.sotw.ChildOrder@5552768b, codingblackfemales.sotw.ChildOrder@3c947bc5, codingblackfemales.sotw.ChildOrder@609db43b, codingblackfemales.sotw.ChildOrder@55f616cf]
active orders are [codingblackfemales.sotw.ChildOrder@343570b7, codingblackfemales.sotw.ChildOrder@157853da, codingblackfemales.sotw.ChildOrder@71c3b41, codingblackfemales.sotw.ChildOrder@236e3f4e, codingblackfemales.sotw.ChildOrder@3cc1435c, codingblackfemales.sotw.ChildOrder@6bf0219d, codingblackfemales.sotw.ChildOrder@dd0c991, codingblackfemales.sotw.ChildOrder@5f16132a, codingblackfemales.sotw.ChildOrder@69fb6037, codingblackfemales.sotw.ChildOrder@36d585c, codingblackfemales.sotw.ChildOrder@87a85e1, codingblackfemales.sotw.ChildOrder@671a5887, codingblackfemales.sotw.ChildOrder@5552768b, codingblackfemales.sotw.ChildOrder@3c947bc5, codingblackfemales.sotw.ChildOrder@609db43b, codingblackfemales.sotw.ChildOrder@55f616cf]
16:14:39.346 [main] INFO  c.gettingstarted.MyAlgoLogic - [MYALGO] option is present active orders are:[codingblackfemales.sotw.ChildOrder@343570b7, codingblackfemales.sotw.ChildOrder@157853da, codingblackfemales.sotw.ChildOrder@71c3b41, codingblackfemales.sotw.ChildOrder@236e3f4e, codingblackfemales.sotw.ChildOrder@3cc1435c, codingblackfemales.sotw.ChildOrder@6bf0219d, codingblackfemales.sotw.ChildOrder@dd0c991, codingblackfemales.sotw.ChildOrder@5f16132a, codingblackfemales.sotw.ChildOrder@69fb6037, codingblackfemales.sotw.ChildOrder@36d585c, codingblackfemales.sotw.ChildOrder@87a85e1, codingblackfemales.sotw.ChildOrder@671a5887, codingblackfemales.sotw.ChildOrder@5552768b, codingblackfemales.sotw.ChildOrder@3c947bc5, codingblackfemales.sotw.ChildOrder@609db43b, codingblackfemales.sotw.ChildOrder@55f616cf]
option is present.
16:14:39.346 [main] INFO  c.gettingstarted.MyAlgoLogic - [MYALGO] Cancelling order:codingblackfemales.sotw.ChildOrder@343570b7
child order is codingblackfemales.sotw.ChildOrder@343570b7
Child order is cancelled.
16:14:39.346 [main] INFO  c.container.Actioner - [ALGO] Actioner, sending action:CancelChildOrder(codingblackfemales.sotw.ChildOrder@343570b7)
16:14:39.346 [main] INFO  c.sequencer.consumer.LoggingConsumer - [76] [CancelOrder](sbeTemplateId=5|sbeSchemaId=2|sbeSchemaVersion=0|sbeBlockLength=8):orderId=31
16:14:39.346 [main] INFO  c.gettingstarted.MyAlgoLogic - [MYALGO] In Algo Logic.... HeLlO
16:14:39.346 [main] INFO  c.gettingstarted.MyAlgoLogic - [MYALGO] The state of the order book is:
|----BID-----||----ASK----|
   101 @ 100    100 @ 98
   200 @ 110    200 @ 95
  5000 @ 115    300 @ 91
|------------||-----------|

total order count is45
16:14:39.346 [main] INFO  c.gettingstarted.MyAlgoLogic - [MYALGO] option is present total order count is45
16:14:39.346 [main] INFO  c.gettingstarted.MyAlgoLogic - [MYALGO] option is present, active orders are [codingblackfemales.sotw.ChildOrder@157853da, codingblackfemales.sotw.ChildOrder@71c3b41, codingblackfemales.sotw.ChildOrder@236e3f4e, codingblackfemales.sotw.ChildOrder@3cc1435c, codingblackfemales.sotw.ChildOrder@6bf0219d, codingblackfemales.sotw.ChildOrder@dd0c991, codingblackfemales.sotw.ChildOrder@5f16132a, codingblackfemales.sotw.ChildOrder@69fb6037, codingblackfemales.sotw.ChildOrder@36d585c, codingblackfemales.sotw.ChildOrder@87a85e1, codingblackfemales.sotw.ChildOrder@671a5887, codingblackfemales.sotw.ChildOrder@5552768b, codingblackfemales.sotw.ChildOrder@3c947bc5, codingblackfemales.sotw.ChildOrder@609db43b, codingblackfemales.sotw.ChildOrder@55f616cf]
active orders are [codingblackfemales.sotw.ChildOrder@157853da, codingblackfemales.sotw.ChildOrder@71c3b41, codingblackfemales.sotw.ChildOrder@236e3f4e, codingblackfemales.sotw.ChildOrder@3cc1435c, codingblackfemales.sotw.ChildOrder@6bf0219d, codingblackfemales.sotw.ChildOrder@dd0c991, codingblackfemales.sotw.ChildOrder@5f16132a, codingblackfemales.sotw.ChildOrder@69fb6037, codingblackfemales.sotw.ChildOrder@36d585c, codingblackfemales.sotw.ChildOrder@87a85e1, codingblackfemales.sotw.ChildOrder@671a5887, codingblackfemales.sotw.ChildOrder@5552768b, codingblackfemales.sotw.ChildOrder@3c947bc5, codingblackfemales.sotw.ChildOrder@609db43b, codingblackfemales.sotw.ChildOrder@55f616cf]
16:14:39.346 [main] INFO  c.gettingstarted.MyAlgoLogic - [MYALGO] option is present active orders are:[codingblackfemales.sotw.ChildOrder@157853da, codingblackfemales.sotw.ChildOrder@71c3b41, codingblackfemales.sotw.ChildOrder@236e3f4e, codingblackfemales.sotw.ChildOrder@3cc1435c, codingblackfemales.sotw.ChildOrder@6bf0219d, codingblackfemales.sotw.ChildOrder@dd0c991, codingblackfemales.sotw.ChildOrder@5f16132a, codingblackfemales.sotw.ChildOrder@69fb6037, codingblackfemales.sotw.ChildOrder@36d585c, codingblackfemales.sotw.ChildOrder@87a85e1, codingblackfemales.sotw.ChildOrder@671a5887, codingblackfemales.sotw.ChildOrder@5552768b, codingblackfemales.sotw.ChildOrder@3c947bc5, codingblackfemales.sotw.ChildOrder@609db43b, codingblackfemales.sotw.ChildOrder@55f616cf]
option is present.
16:14:39.346 [main] INFO  c.gettingstarted.MyAlgoLogic - [MYALGO] Cancelling order:codingblackfemales.sotw.ChildOrder@157853da
child order is codingblackfemales.sotw.ChildOrder@157853da
Child order is cancelled.
16:14:39.346 [main] INFO  c.container.Actioner - [ALGO] Actioner, sending action:CancelChildOrder(codingblackfemales.sotw.ChildOrder@157853da)
16:14:39.346 [main] INFO  c.sequencer.consumer.LoggingConsumer - [77] [CancelOrder](sbeTemplateId=5|sbeSchemaId=2|sbeSchemaVersion=0|sbeBlockLength=8):orderId=32
16:14:39.346 [main] INFO  c.gettingstarted.MyAlgoLogic - [MYALGO] In Algo Logic.... HeLlO
16:14:39.346 [main] INFO  c.gettingstarted.MyAlgoLogic - [MYALGO] The state of the order book is:
|----BID-----||----ASK----|
   101 @ 100    100 @ 98
   200 @ 110    200 @ 95
  5000 @ 115    300 @ 91
|------------||-----------|

total order count is45
16:14:39.346 [main] INFO  c.gettingstarted.MyAlgoLogic - [MYALGO] option is present total order count is45
16:14:39.346 [main] INFO  c.gettingstarted.MyAlgoLogic - [MYALGO] option is present, active orders are [codingblackfemales.sotw.ChildOrder@71c3b41, codingblackfemales.sotw.ChildOrder@236e3f4e, codingblackfemales.sotw.ChildOrder@3cc1435c, codingblackfemales.sotw.ChildOrder@6bf0219d, codingblackfemales.sotw.ChildOrder@dd0c991, codingblackfemales.sotw.ChildOrder@5f16132a, codingblackfemales.sotw.ChildOrder@69fb6037, codingblackfemales.sotw.ChildOrder@36d585c, codingblackfemales.sotw.ChildOrder@87a85e1, codingblackfemales.sotw.ChildOrder@671a5887, codingblackfemales.sotw.ChildOrder@5552768b, codingblackfemales.sotw.ChildOrder@3c947bc5, codingblackfemales.sotw.ChildOrder@609db43b, codingblackfemales.sotw.ChildOrder@55f616cf]
active orders are [codingblackfemales.sotw.ChildOrder@71c3b41, codingblackfemales.sotw.ChildOrder@236e3f4e, codingblackfemales.sotw.ChildOrder@3cc1435c, codingblackfemales.sotw.ChildOrder@6bf0219d, codingblackfemales.sotw.ChildOrder@dd0c991, codingblackfemales.sotw.ChildOrder@5f16132a, codingblackfemales.sotw.ChildOrder@69fb6037, codingblackfemales.sotw.ChildOrder@36d585c, codingblackfemales.sotw.ChildOrder@87a85e1, codingblackfemales.sotw.ChildOrder@671a5887, codingblackfemales.sotw.ChildOrder@5552768b, codingblackfemales.sotw.ChildOrder@3c947bc5, codingblackfemales.sotw.ChildOrder@609db43b, codingblackfemales.sotw.ChildOrder@55f616cf]
16:14:39.346 [main] INFO  c.gettingstarted.MyAlgoLogic - [MYALGO] option is present active orders are:[codingblackfemales.sotw.ChildOrder@71c3b41, codingblackfemales.sotw.ChildOrder@236e3f4e, codingblackfemales.sotw.ChildOrder@3cc1435c, codingblackfemales.sotw.ChildOrder@6bf0219d, codingblackfemales.sotw.ChildOrder@dd0c991, codingblackfemales.sotw.ChildOrder@5f16132a, codingblackfemales.sotw.ChildOrder@69fb6037, codingblackfemales.sotw.ChildOrder@36d585c, codingblackfemales.sotw.ChildOrder@87a85e1, codingblackfemales.sotw.ChildOrder@671a5887, codingblackfemales.sotw.ChildOrder@5552768b, codingblackfemales.sotw.ChildOrder@3c947bc5, codingblackfemales.sotw.ChildOrder@609db43b, codingblackfemales.sotw.ChildOrder@55f616cf]
option is present.
16:14:39.346 [main] INFO  c.gettingstarted.MyAlgoLogic - [MYALGO] Cancelling order:codingblackfemales.sotw.ChildOrder@71c3b41
child order is codingblackfemales.sotw.ChildOrder@71c3b41
Child order is cancelled.
16:14:39.346 [main] INFO  c.container.Actioner - [ALGO] Actioner, sending action:CancelChildOrder(codingblackfemales.sotw.ChildOrder@71c3b41)
16:14:39.346 [main] INFO  c.sequencer.consumer.LoggingConsumer - [78] [CancelOrder](sbeTemplateId=5|sbeSchemaId=2|sbeSchemaVersion=0|sbeBlockLength=8):orderId=33
16:14:39.346 [main] INFO  c.gettingstarted.MyAlgoLogic - [MYALGO] In Algo Logic.... HeLlO
16:14:39.346 [main] INFO  c.gettingstarted.MyAlgoLogic - [MYALGO] The state of the order book is:
|----BID-----||----ASK----|
   101 @ 100    100 @ 98
   200 @ 110    200 @ 95
  5000 @ 115    300 @ 91
|------------||-----------|

total order count is45
16:14:39.346 [main] INFO  c.gettingstarted.MyAlgoLogic - [MYALGO] option is present total order count is45
16:14:39.346 [main] INFO  c.gettingstarted.MyAlgoLogic - [MYALGO] option is present, active orders are [codingblackfemales.sotw.ChildOrder@236e3f4e, codingblackfemales.sotw.ChildOrder@3cc1435c, codingblackfemales.sotw.ChildOrder@6bf0219d, codingblackfemales.sotw.ChildOrder@dd0c991, codingblackfemales.sotw.ChildOrder@5f16132a, codingblackfemales.sotw.ChildOrder@69fb6037, codingblackfemales.sotw.ChildOrder@36d585c, codingblackfemales.sotw.ChildOrder@87a85e1, codingblackfemales.sotw.ChildOrder@671a5887, codingblackfemales.sotw.ChildOrder@5552768b, codingblackfemales.sotw.ChildOrder@3c947bc5, codingblackfemales.sotw.ChildOrder@609db43b, codingblackfemales.sotw.ChildOrder@55f616cf]
active orders are [codingblackfemales.sotw.ChildOrder@236e3f4e, codingblackfemales.sotw.ChildOrder@3cc1435c, codingblackfemales.sotw.ChildOrder@6bf0219d, codingblackfemales.sotw.ChildOrder@dd0c991, codingblackfemales.sotw.ChildOrder@5f16132a, codingblackfemales.sotw.ChildOrder@69fb6037, codingblackfemales.sotw.ChildOrder@36d585c, codingblackfemales.sotw.ChildOrder@87a85e1, codingblackfemales.sotw.ChildOrder@671a5887, codingblackfemales.sotw.ChildOrder@5552768b, codingblackfemales.sotw.ChildOrder@3c947bc5, codingblackfemales.sotw.ChildOrder@609db43b, codingblackfemales.sotw.ChildOrder@55f616cf]
16:14:39.346 [main] INFO  c.gettingstarted.MyAlgoLogic - [MYALGO] option is present active orders are:[codingblackfemales.sotw.ChildOrder@236e3f4e, codingblackfemales.sotw.ChildOrder@3cc1435c, codingblackfemales.sotw.ChildOrder@6bf0219d, codingblackfemales.sotw.ChildOrder@dd0c991, codingblackfemales.sotw.ChildOrder@5f16132a, codingblackfemales.sotw.ChildOrder@69fb6037, codingblackfemales.sotw.ChildOrder@36d585c, codingblackfemales.sotw.ChildOrder@87a85e1, codingblackfemales.sotw.ChildOrder@671a5887, codingblackfemales.sotw.ChildOrder@5552768b, codingblackfemales.sotw.ChildOrder@3c947bc5, codingblackfemales.sotw.ChildOrder@609db43b, codingblackfemales.sotw.ChildOrder@55f616cf]
option is present.
16:14:39.346 [main] INFO  c.gettingstarted.MyAlgoLogic - [MYALGO] Cancelling order:codingblackfemales.sotw.ChildOrder@236e3f4e
child order is codingblackfemales.sotw.ChildOrder@236e3f4e
Child order is cancelled.
16:14:39.346 [main] INFO  c.container.Actioner - [ALGO] Actioner, sending action:CancelChildOrder(codingblackfemales.sotw.ChildOrder@236e3f4e)
16:14:39.346 [main] INFO  c.sequencer.consumer.LoggingConsumer - [79] [CancelOrder](sbeTemplateId=5|sbeSchemaId=2|sbeSchemaVersion=0|sbeBlockLength=8):orderId=34
16:14:39.346 [main] INFO  c.gettingstarted.MyAlgoLogic - [MYALGO] In Algo Logic.... HeLlO
16:14:39.346 [main] INFO  c.gettingstarted.MyAlgoLogic - [MYALGO] The state of the order book is:
|----BID-----||----ASK----|
   101 @ 100    100 @ 98
   200 @ 110    200 @ 95
  5000 @ 115    300 @ 91
|------------||-----------|

total order count is45
16:14:39.346 [main] INFO  c.gettingstarted.MyAlgoLogic - [MYALGO] option is present total order count is45
16:14:39.346 [main] INFO  c.gettingstarted.MyAlgoLogic - [MYALGO] option is present, active orders are [codingblackfemales.sotw.ChildOrder@3cc1435c, codingblackfemales.sotw.ChildOrder@6bf0219d, codingblackfemales.sotw.ChildOrder@dd0c991, codingblackfemales.sotw.ChildOrder@5f16132a, codingblackfemales.sotw.ChildOrder@69fb6037, codingblackfemales.sotw.ChildOrder@36d585c, codingblackfemales.sotw.ChildOrder@87a85e1, codingblackfemales.sotw.ChildOrder@671a5887, codingblackfemales.sotw.ChildOrder@5552768b, codingblackfemales.sotw.ChildOrder@3c947bc5, codingblackfemales.sotw.ChildOrder@609db43b, codingblackfemales.sotw.ChildOrder@55f616cf]
active orders are [codingblackfemales.sotw.ChildOrder@3cc1435c, codingblackfemales.sotw.ChildOrder@6bf0219d, codingblackfemales.sotw.ChildOrder@dd0c991, codingblackfemales.sotw.ChildOrder@5f16132a, codingblackfemales.sotw.ChildOrder@69fb6037, codingblackfemales.sotw.ChildOrder@36d585c, codingblackfemales.sotw.ChildOrder@87a85e1, codingblackfemales.sotw.ChildOrder@671a5887, codingblackfemales.sotw.ChildOrder@5552768b, codingblackfemales.sotw.ChildOrder@3c947bc5, codingblackfemales.sotw.ChildOrder@609db43b, codingblackfemales.sotw.ChildOrder@55f616cf]
16:14:39.346 [main] INFO  c.gettingstarted.MyAlgoLogic - [MYALGO] option is present active orders are:[codingblackfemales.sotw.ChildOrder@3cc1435c, codingblackfemales.sotw.ChildOrder@6bf0219d, codingblackfemales.sotw.ChildOrder@dd0c991, codingblackfemales.sotw.ChildOrder@5f16132a, codingblackfemales.sotw.ChildOrder@69fb6037, codingblackfemales.sotw.ChildOrder@36d585c, codingblackfemales.sotw.ChildOrder@87a85e1, codingblackfemales.sotw.ChildOrder@671a5887, codingblackfemales.sotw.ChildOrder@5552768b, codingblackfemales.sotw.ChildOrder@3c947bc5, codingblackfemales.sotw.ChildOrder@609db43b, codingblackfemales.sotw.ChildOrder@55f616cf]
option is present.
16:14:39.346 [main] INFO  c.gettingstarted.MyAlgoLogic - [MYALGO] Cancelling order:codingblackfemales.sotw.ChildOrder@3cc1435c
child order is codingblackfemales.sotw.ChildOrder@3cc1435c
Child order is cancelled.
16:14:39.346 [main] INFO  c.container.Actioner - [ALGO] Actioner, sending action:CancelChildOrder(codingblackfemales.sotw.ChildOrder@3cc1435c)
16:14:39.346 [main] INFO  c.sequencer.consumer.LoggingConsumer - [80] [CancelOrder](sbeTemplateId=5|sbeSchemaId=2|sbeSchemaVersion=0|sbeBlockLength=8):orderId=35
16:14:39.346 [main] INFO  c.gettingstarted.MyAlgoLogic - [MYALGO] In Algo Logic.... HeLlO
16:14:39.346 [main] INFO  c.gettingstarted.MyAlgoLogic - [MYALGO] The state of the order book is:
|----BID-----||----ASK----|
   101 @ 100    100 @ 98
   200 @ 110    200 @ 95
  5000 @ 115    300 @ 91
|------------||-----------|

total order count is45
16:14:39.346 [main] INFO  c.gettingstarted.MyAlgoLogic - [MYALGO] option is present total order count is45
16:14:39.346 [main] INFO  c.gettingstarted.MyAlgoLogic - [MYALGO] option is present, active orders are [codingblackfemales.sotw.ChildOrder@6bf0219d, codingblackfemales.sotw.ChildOrder@dd0c991, codingblackfemales.sotw.ChildOrder@5f16132a, codingblackfemales.sotw.ChildOrder@69fb6037, codingblackfemales.sotw.ChildOrder@36d585c, codingblackfemales.sotw.ChildOrder@87a85e1, codingblackfemales.sotw.ChildOrder@671a5887, codingblackfemales.sotw.ChildOrder@5552768b, codingblackfemales.sotw.ChildOrder@3c947bc5, codingblackfemales.sotw.ChildOrder@609db43b, codingblackfemales.sotw.ChildOrder@55f616cf]
active orders are [codingblackfemales.sotw.ChildOrder@6bf0219d, codingblackfemales.sotw.ChildOrder@dd0c991, codingblackfemales.sotw.ChildOrder@5f16132a, codingblackfemales.sotw.ChildOrder@69fb6037, codingblackfemales.sotw.ChildOrder@36d585c, codingblackfemales.sotw.ChildOrder@87a85e1, codingblackfemales.sotw.ChildOrder@671a5887, codingblackfemales.sotw.ChildOrder@5552768b, codingblackfemales.sotw.ChildOrder@3c947bc5, codingblackfemales.sotw.ChildOrder@609db43b, codingblackfemales.sotw.ChildOrder@55f616cf]
16:14:39.346 [main] INFO  c.gettingstarted.MyAlgoLogic - [MYALGO] option is present active orders are:[codingblackfemales.sotw.ChildOrder@6bf0219d, codingblackfemales.sotw.ChildOrder@dd0c991, codingblackfemales.sotw.ChildOrder@5f16132a, codingblackfemales.sotw.ChildOrder@69fb6037, codingblackfemales.sotw.ChildOrder@36d585c, codingblackfemales.sotw.ChildOrder@87a85e1, codingblackfemales.sotw.ChildOrder@671a5887, codingblackfemales.sotw.ChildOrder@5552768b, codingblackfemales.sotw.ChildOrder@3c947bc5, codingblackfemales.sotw.ChildOrder@609db43b, codingblackfemales.sotw.ChildOrder@55f616cf]
option is present.
16:14:39.346 [main] INFO  c.gettingstarted.MyAlgoLogic - [MYALGO] Cancelling order:codingblackfemales.sotw.ChildOrder@6bf0219d
child order is codingblackfemales.sotw.ChildOrder@6bf0219d
Child order is cancelled.
16:14:39.346 [main] INFO  c.container.Actioner - [ALGO] Actioner, sending action:CancelChildOrder(codingblackfemales.sotw.ChildOrder@6bf0219d)
16:14:39.346 [main] INFO  c.sequencer.consumer.LoggingConsumer - [81] [CancelOrder](sbeTemplateId=5|sbeSchemaId=2|sbeSchemaVersion=0|sbeBlockLength=8):orderId=36
16:14:39.346 [main] INFO  c.gettingstarted.MyAlgoLogic - [MYALGO] In Algo Logic.... HeLlO
16:14:39.346 [main] INFO  c.gettingstarted.MyAlgoLogic - [MYALGO] The state of the order book is:
|----BID-----||----ASK----|
   101 @ 100    100 @ 98
   200 @ 110    200 @ 95
  5000 @ 115    300 @ 91
|------------||-----------|

]]></system-out>
  </testcase>
</testsuite>