<?xml version="1.0" encoding="UTF-8"?>
<testsuite xmlns:xsi="http://www.w3.org/2001/XMLSchema-instance" xsi:noNamespaceSchemaLocation="https://maven.apache.org/surefire/maven-surefire-plugin/xsd/surefire-test-report-3.0.xsd" version="3.0" name="codingblackfemales.gettingstarted.MyAlgoBackTest" time="0.894" tests="6" errors="0" skipped="0" failures="4">
  <properties>
    <property name="java.specification.version" value="17"/>
    <property name="sun.cpu.isalist" value="amd64"/>
    <property name="sun.jnu.encoding" value="Cp1252"/>
    <property name="java.class.path" value="C:\Users\admin\Desktop\Sherelles Stuff\UBS-Assignments\finalCopy\codingblackfemales\algo-coding-exercise\getting-started\target\test-classes;C:\Users\admin\Desktop\Sherelles Stuff\UBS-Assignments\finalCopy\codingblackfemales\algo-coding-exercise\getting-started\target\classes;C:\Users\admin\Desktop\Sherelles Stuff\UBS-Assignments\finalCopy\codingblackfemales\algo-coding-exercise\algo\target\classes;C:\Users\admin\Desktop\Sherelles Stuff\UBS-Assignments\finalCopy\codingblackfemales\algo-coding-exercise\dictionary\target\classes;C:\Users\admin\.m2\repository\org\agrona\agrona\1.16.0\agrona-1.16.0.jar;C:\Users\admin\Desktop\Sherelles Stuff\UBS-Assignments\finalCopy\codingblackfemales\algo-coding-exercise\sequencer\target\classes;C:\Users\admin\.m2\repository\com\google\code\gson\gson\2.10.1\gson-2.10.1.jar;C:\Users\admin\.m2\repository\org\apache\commons\commons-lang3\3.12.0\commons-lang3-3.12.0.jar;C:\Users\admin\Desktop\Sherelles Stuff\UBS-Assignments\finalCopy\codingblackfemales\algo-coding-exercise\backtest\target\classes;C:\Users\admin\Desktop\Sherelles Stuff\UBS-Assignments\finalCopy\codingblackfemales\algo-coding-exercise\collection\target\classes;C:\Users\admin\Desktop\Sherelles Stuff\UBS-Assignments\finalCopy\codingblackfemales\algo-coding-exercise\sequencer\target\test-classes;C:\Users\admin\.m2\repository\junit\junit\4.11\junit-4.11.jar;C:\Users\admin\.m2\repository\org\hamcrest\hamcrest-core\1.3\hamcrest-core-1.3.jar;C:\Users\admin\.m2\repository\uk\co\real-logic\sbe-all\1.26.0\sbe-all-1.26.0.jar;C:\Users\admin\.m2\repository\org\mockito\mockito-core\5.4.0\mockito-core-5.4.0.jar;C:\Users\admin\.m2\repository\net\bytebuddy\byte-buddy\1.14.5\byte-buddy-1.14.5.jar;C:\Users\admin\.m2\repository\net\bytebuddy\byte-buddy-agent\1.14.5\byte-buddy-agent-1.14.5.jar;C:\Users\admin\.m2\repository\org\objenesis\objenesis\3.3\objenesis-3.3.jar;C:\Users\admin\.m2\repository\ch\qos\logback\logback-core\1.3.5\logback-core-1.3.5.jar;C:\Users\admin\.m2\repository\org\slf4j\slf4j-api\2.0.4\slf4j-api-2.0.4.jar;C:\Users\admin\.m2\repository\ch\qos\logback\logback-classic\1.3.5\logback-classic-1.3.5.jar;"/>
    <property name="java.vm.vendor" value="Oracle Corporation"/>
    <property name="sun.arch.data.model" value="64"/>
    <property name="user.variant" value=""/>
    <property name="java.vendor.url" value="https://java.oracle.com/"/>
    <property name="user.timezone" value="Europe/London"/>
    <property name="os.name" value="Windows 10"/>
    <property name="java.vm.specification.version" value="17"/>
    <property name="sun.java.launcher" value="SUN_STANDARD"/>
    <property name="user.country" value="GB"/>
    <property name="sun.boot.library.path" value="C:\Program Files\Java\jdk-17\bin"/>
    <property name="sun.java.command" value="C:\Users\admin\AppData\Local\Temp\surefire12091331326363450673\surefirebooter-20231005231521358_26.jar C:\Users\admin\AppData\Local\Temp\surefire12091331326363450673 2023-10-05T23-15-13_315-jvmRun1 surefire-20231005231521358_24tmp surefire_2-20231005231521358_25tmp"/>
    <property name="jdk.debug" value="release"/>
    <property name="surefire.test.class.path" value="C:\Users\admin\Desktop\Sherelles Stuff\UBS-Assignments\finalCopy\codingblackfemales\algo-coding-exercise\getting-started\target\test-classes;C:\Users\admin\Desktop\Sherelles Stuff\UBS-Assignments\finalCopy\codingblackfemales\algo-coding-exercise\getting-started\target\classes;C:\Users\admin\Desktop\Sherelles Stuff\UBS-Assignments\finalCopy\codingblackfemales\algo-coding-exercise\algo\target\classes;C:\Users\admin\Desktop\Sherelles Stuff\UBS-Assignments\finalCopy\codingblackfemales\algo-coding-exercise\dictionary\target\classes;C:\Users\admin\.m2\repository\org\agrona\agrona\1.16.0\agrona-1.16.0.jar;C:\Users\admin\Desktop\Sherelles Stuff\UBS-Assignments\finalCopy\codingblackfemales\algo-coding-exercise\sequencer\target\classes;C:\Users\admin\.m2\repository\com\google\code\gson\gson\2.10.1\gson-2.10.1.jar;C:\Users\admin\.m2\repository\org\apache\commons\commons-lang3\3.12.0\commons-lang3-3.12.0.jar;C:\Users\admin\Desktop\Sherelles Stuff\UBS-Assignments\finalCopy\codingblackfemales\algo-coding-exercise\backtest\target\classes;C:\Users\admin\Desktop\Sherelles Stuff\UBS-Assignments\finalCopy\codingblackfemales\algo-coding-exercise\collection\target\classes;C:\Users\admin\Desktop\Sherelles Stuff\UBS-Assignments\finalCopy\codingblackfemales\algo-coding-exercise\sequencer\target\test-classes;C:\Users\admin\.m2\repository\junit\junit\4.11\junit-4.11.jar;C:\Users\admin\.m2\repository\org\hamcrest\hamcrest-core\1.3\hamcrest-core-1.3.jar;C:\Users\admin\.m2\repository\uk\co\real-logic\sbe-all\1.26.0\sbe-all-1.26.0.jar;C:\Users\admin\.m2\repository\org\mockito\mockito-core\5.4.0\mockito-core-5.4.0.jar;C:\Users\admin\.m2\repository\net\bytebuddy\byte-buddy\1.14.5\byte-buddy-1.14.5.jar;C:\Users\admin\.m2\repository\net\bytebuddy\byte-buddy-agent\1.14.5\byte-buddy-agent-1.14.5.jar;C:\Users\admin\.m2\repository\org\objenesis\objenesis\3.3\objenesis-3.3.jar;C:\Users\admin\.m2\repository\ch\qos\logback\logback-core\1.3.5\logback-core-1.3.5.jar;C:\Users\admin\.m2\repository\org\slf4j\slf4j-api\2.0.4\slf4j-api-2.0.4.jar;C:\Users\admin\.m2\repository\ch\qos\logback\logback-classic\1.3.5\logback-classic-1.3.5.jar;"/>
    <property name="sun.cpu.endian" value="little"/>
    <property name="user.home" value="C:\Users\admin"/>
    <property name="user.language" value="en"/>
    <property name="java.specification.vendor" value="Oracle Corporation"/>
    <property name="java.version.date" value="2023-04-18"/>
    <property name="java.home" value="C:\Program Files\Java\jdk-17"/>
    <property name="file.separator" value="\"/>
    <property name="basedir" value="C:\Users\admin\Desktop\Sherelles Stuff\UBS-Assignments\finalCopy\codingblackfemales\algo-coding-exercise\getting-started"/>
    <property name="java.vm.compressedOopsMode" value="Zero based"/>
    <property name="line.separator" value="&#10;"/>
    <property name="java.vm.specification.vendor" value="Oracle Corporation"/>
    <property name="java.specification.name" value="Java Platform API Specification"/>
    <property name="surefire.real.class.path" value="C:\Users\admin\AppData\Local\Temp\surefire12091331326363450673\surefirebooter-20231005231521358_26.jar"/>
    <property name="user.script" value=""/>
    <property name="sun.management.compiler" value="HotSpot 64-Bit Tiered Compilers"/>
    <property name="java.runtime.version" value="17.0.7+8-LTS-224"/>
    <property name="user.name" value="admin"/>
    <property name="path.separator" value=";"/>
    <property name="os.version" value="10.0"/>
    <property name="java.runtime.name" value="Java(TM) SE Runtime Environment"/>
    <property name="file.encoding" value="Cp1252"/>
    <property name="java.vm.name" value="Java HotSpot(TM) 64-Bit Server VM"/>
    <property name="localRepository" value="C:\Users\admin\.m2\repository"/>
    <property name="java.vendor.url.bug" value="https://bugreport.java.com/bugreport/"/>
    <property name="java.io.tmpdir" value="C:\Users\admin\AppData\Local\Temp\"/>
    <property name="java.version" value="17.0.7"/>
    <property name="user.dir" value="C:\Users\admin\Desktop\Sherelles Stuff\UBS-Assignments\finalCopy\codingblackfemales\algo-coding-exercise\getting-started"/>
    <property name="os.arch" value="amd64"/>
    <property name="java.vm.specification.name" value="Java Virtual Machine Specification"/>
    <property name="sun.os.patch.level" value=""/>
    <property name="native.encoding" value="Cp1252"/>
    <property name="java.library.path" value="C:\Program Files\Java\jdk-17\bin;C:\WINDOWS\Sun\Java\bin;C:\WINDOWS\system32;C:\WINDOWS;C:\Program Files\Common Files\Oracle\Java\javapath;C:\WINDOWS\system32;C:\WINDOWS;C:\WINDOWS\System32\Wbem;C:\WINDOWS\System32\WindowsPowerShell\v1.0\;C:\WINDOWS\System32\OpenSSH\;C:\Program Files\dotnet\;C:\Program Files (x86)\Intel\Intel(R) Management Engine Components\DAL;C:\Program Files\Intel\Intel(R) Management Engine Components\DAL;C:\Program Files (x86)\NVIDIA Corporation\PhysX\Common;C:\Program Files\Git\cmd;C:\Program Files\apache-maven-3.9.4\bin;C:\Users\admin\AppData\Local\Microsoft\WindowsApps;;C:\Users\admin\AppData\Local\Programs\Microsoft VS Code\bin;."/>
    <property name="java.vm.info" value="mixed mode, sharing"/>
    <property name="java.vendor" value="Oracle Corporation"/>
    <property name="java.vm.version" value="17.0.7+8-LTS-224"/>
    <property name="sun.io.unicode.encoding" value="UnicodeLittle"/>
    <property name="java.class.version" value="61.0"/>
  </properties>
  <testcase name="monteCarloSim" classname="codingblackfemales.gettingstarted.MyAlgoBackTest" time="0.396">
    <system-out><![CDATA[23:15:22.237 [main] INFO  c.sequencer.consumer.LoggingConsumer - [1] 
|----BID-----|
    134 @ 43
    145 @ 76
    300 @ 91
    200 @ 93
    100 @ 95
    154 @ 98
|----ASK-----|
    501 @ 98
   200 @ 101
  5000 @ 110
  5600 @ 119
   453 @ 123
   645 @ 144
   665 @ 167

23:15:22.243 [main] INFO  c.orderbook.OrderBook - [ORDERBOOK] Processing Mkt Data Update
23:15:22.246 [main] DEBUG c.orderbook.OrderBook - [ORDERBOOK] ASK: Adding orderMktData(price=43,quantity=134)
23:15:22.246 [main] DEBUG c.orderbook.OrderBook - [ORDERBOOK] ASK: Adding orderMktData(price=76,quantity=145)
23:15:22.247 [main] DEBUG c.orderbook.OrderBook - [ORDERBOOK] ASK: Adding orderMktData(price=91,quantity=300)
23:15:22.247 [main] DEBUG c.orderbook.OrderBook - [ORDERBOOK] ASK: Adding orderMktData(price=93,quantity=200)
23:15:22.247 [main] DEBUG c.orderbook.OrderBook - [ORDERBOOK] ASK: Adding orderMktData(price=95,quantity=100)
23:15:22.247 [main] DEBUG c.orderbook.OrderBook - [ORDERBOOK] ASK: Adding orderMktData(price=98,quantity=154)
23:15:22.247 [main] DEBUG c.orderbook.OrderBook - [ORDERBOOK] ASK: Adding orderMktData(price=98,quantity=501)
23:15:22.247 [main] DEBUG c.orderbook.OrderBook - [ORDERBOOK] ASK: Adding orderMktData(price=101,quantity=200)
23:15:22.247 [main] DEBUG c.orderbook.OrderBook - [ORDERBOOK] ASK: Adding orderMktData(price=110,quantity=5000)
23:15:22.247 [main] DEBUG c.orderbook.OrderBook - [ORDERBOOK] ASK: Adding orderMktData(price=119,quantity=5600)
23:15:22.247 [main] DEBUG c.orderbook.OrderBook - [ORDERBOOK] ASK: Adding orderMktData(price=123,quantity=453)
23:15:22.248 [main] DEBUG c.orderbook.OrderBook - [ORDERBOOK] ASK: Adding orderMktData(price=144,quantity=645)
23:15:22.248 [main] DEBUG c.orderbook.OrderBook - [ORDERBOOK] ASK: Adding orderMktData(price=167,quantity=665)
23:15:22.248 [main] DEBUG c.service.MarketDataService - [ALGO] BID: price:43 quantity:134
23:15:22.249 [main] DEBUG c.service.MarketDataService - [ALGO] BID: price:76 quantity:145
23:15:22.249 [main] DEBUG c.service.MarketDataService - [ALGO] BID: price:91 quantity:300
23:15:22.249 [main] DEBUG c.service.MarketDataService - [ALGO] BID: price:93 quantity:200
23:15:22.249 [main] DEBUG c.service.MarketDataService - [ALGO] BID: price:95 quantity:100
23:15:22.249 [main] DEBUG c.service.MarketDataService - [ALGO] BID: price:98 quantity:154
23:15:22.249 [main] DEBUG c.service.MarketDataService - [ALGO] ASK: price:98 quantity:501
23:15:22.249 [main] DEBUG c.service.MarketDataService - [ALGO] ASK: price:101 quantity:200
23:15:22.249 [main] DEBUG c.service.MarketDataService - [ALGO] ASK: price:110 quantity:5000
23:15:22.249 [main] DEBUG c.service.MarketDataService - [ALGO] ASK: price:119 quantity:5600
23:15:22.249 [main] DEBUG c.service.MarketDataService - [ALGO] ASK: price:123 quantity:453
23:15:22.250 [main] DEBUG c.service.MarketDataService - [ALGO] ASK: price:144 quantity:645
23:15:22.250 [main] DEBUG c.service.MarketDataService - [ALGO] ASK: price:167 quantity:665
23:15:22.256 [main] INFO  c.gettingstarted.MyAlgoLogic - [MYALGO] The state of the order book is:
|----BID-----||----ASK----|
    134 @ 43    501 @ 98
    145 @ 76   200 @ 101
    300 @ 91  5000 @ 110
    200 @ 93  5600 @ 119
    100 @ 95   453 @ 123
    154 @ 98   645 @ 144
          -    665 @ 167
|------------||-----------|

23:15:22.257 [main] INFO  c.gettingstarted.MyAlgoLogic - [MYALGO] Algo Sees Book as: 
|----BID-----||----ASK----|
    134 @ 43    501 @ 98
    145 @ 76   200 @ 101
    300 @ 91  5000 @ 110
    200 @ 93  5600 @ 119
    100 @ 95   453 @ 123
    154 @ 98   645 @ 144
          -    665 @ 167
|------------||-----------|

23:15:22.260 [main] INFO  c.gettingstarted.TimedLogic - [TIMEDLOGIC] Market is closed
23:15:22.261 [main] INFO  c.sequencer.consumer.LoggingConsumer - [2] 
|----BID-----|
    134 @ 43
    145 @ 76
    300 @ 91
    200 @ 93
    100 @ 95
    154 @ 98
|----ASK-----|
    501 @ 98
   200 @ 101
  5000 @ 110
  5600 @ 119
   453 @ 123
   645 @ 144
   665 @ 167

23:15:22.262 [main] INFO  c.orderbook.OrderBook - [ORDERBOOK] Processing Mkt Data Update
23:15:22.262 [main] INFO  c.o.v.MutatingRemoveAllMarketDataOrdersVisitor - [ORDERBOOK] Removing market data order:MktData(price=43,quantity=134)
23:15:22.263 [main] INFO  c.o.v.MutatingRemoveAllMarketDataOrdersVisitor - [ORDERBOOK] Removing level:43
23:15:22.264 [main] DEBUG c.orderbook.OrderBook - [ORDERBOOK] ASK: Adding orderMktData(price=43,quantity=134)
23:15:22.264 [main] DEBUG c.orderbook.OrderBook - [ORDERBOOK] ASK: Adding orderMktData(price=76,quantity=145)
23:15:22.264 [main] DEBUG c.orderbook.OrderBook - [ORDERBOOK] ASK: Adding orderMktData(price=91,quantity=300)
23:15:22.264 [main] DEBUG c.orderbook.OrderBook - [ORDERBOOK] ASK: Adding orderMktData(price=93,quantity=200)
23:15:22.264 [main] DEBUG c.orderbook.OrderBook - [ORDERBOOK] ASK: Adding orderMktData(price=95,quantity=100)
23:15:22.264 [main] DEBUG c.orderbook.OrderBook - [ORDERBOOK] ASK: Adding orderMktData(price=98,quantity=154)
23:15:22.267 [main] INFO  c.o.v.MutatingMatchOneMarketDataOrderVisitor - [ORDERBOOK] visiting LevelOrderBookLevel(price=43,quantity=134)
23:15:22.268 [main] INFO  c.o.v.MutatingMatchOneMarketDataOrderVisitor - [ORDERBOOK] Can't match order:MktData(price=43,quantity=134)(MktData(price=98,quantity=154))
23:15:22.268 [main] INFO  c.o.v.MutatingRemoveAllMarketDataOrdersVisitor - [ORDERBOOK] Removing market data order:MktData(price=98,quantity=501)
23:15:22.268 [main] INFO  c.o.v.MutatingRemoveAllMarketDataOrdersVisitor - [ORDERBOOK] Removing level:98
23:15:22.268 [main] INFO  c.o.v.MutatingRemoveAllMarketDataOrdersVisitor - [ORDERBOOK] Removing market data order:MktData(price=101,quantity=200)
23:15:22.268 [main] INFO  c.o.v.MutatingRemoveAllMarketDataOrdersVisitor - [ORDERBOOK] Removing level:101
23:15:22.268 [main] INFO  c.o.v.MutatingRemoveAllMarketDataOrdersVisitor - [ORDERBOOK] Removing market data order:MktData(price=110,quantity=5000)
23:15:22.268 [main] INFO  c.o.v.MutatingRemoveAllMarketDataOrdersVisitor - [ORDERBOOK] Removing level:110
23:15:22.268 [main] INFO  c.o.v.MutatingRemoveAllMarketDataOrdersVisitor - [ORDERBOOK] Removing market data order:MktData(price=119,quantity=5600)
23:15:22.268 [main] INFO  c.o.v.MutatingRemoveAllMarketDataOrdersVisitor - [ORDERBOOK] Removing level:119
23:15:22.269 [main] INFO  c.o.v.MutatingRemoveAllMarketDataOrdersVisitor - [ORDERBOOK] Removing market data order:MktData(price=123,quantity=453)
23:15:22.269 [main] INFO  c.o.v.MutatingRemoveAllMarketDataOrdersVisitor - [ORDERBOOK] Removing level:123
23:15:22.269 [main] INFO  c.o.v.MutatingRemoveAllMarketDataOrdersVisitor - [ORDERBOOK] Removing market data order:MktData(price=144,quantity=645)
23:15:22.269 [main] INFO  c.o.v.MutatingRemoveAllMarketDataOrdersVisitor - [ORDERBOOK] Removing level:144
23:15:22.269 [main] INFO  c.o.v.MutatingRemoveAllMarketDataOrdersVisitor - [ORDERBOOK] Removing market data order:MktData(price=167,quantity=665)
23:15:22.269 [main] INFO  c.o.v.MutatingRemoveAllMarketDataOrdersVisitor - [ORDERBOOK] Removing level:167
23:15:22.269 [main] DEBUG c.orderbook.OrderBook - [ORDERBOOK] ASK: Adding orderMktData(price=98,quantity=501)
23:15:22.269 [main] DEBUG c.orderbook.OrderBook - [ORDERBOOK] ASK: Adding orderMktData(price=101,quantity=200)
23:15:22.269 [main] DEBUG c.orderbook.OrderBook - [ORDERBOOK] ASK: Adding orderMktData(price=110,quantity=5000)
23:15:22.269 [main] DEBUG c.orderbook.OrderBook - [ORDERBOOK] ASK: Adding orderMktData(price=119,quantity=5600)
23:15:22.269 [main] DEBUG c.orderbook.OrderBook - [ORDERBOOK] ASK: Adding orderMktData(price=123,quantity=453)
23:15:22.269 [main] DEBUG c.orderbook.OrderBook - [ORDERBOOK] ASK: Adding orderMktData(price=144,quantity=645)
23:15:22.270 [main] DEBUG c.orderbook.OrderBook - [ORDERBOOK] ASK: Adding orderMktData(price=167,quantity=665)
23:15:22.270 [main] DEBUG c.service.MarketDataService - [ALGO] BID: price:43 quantity:134
23:15:22.270 [main] DEBUG c.service.MarketDataService - [ALGO] BID: price:76 quantity:145
23:15:22.270 [main] DEBUG c.service.MarketDataService - [ALGO] BID: price:91 quantity:300
23:15:22.270 [main] DEBUG c.service.MarketDataService - [ALGO] BID: price:93 quantity:200
23:15:22.270 [main] DEBUG c.service.MarketDataService - [ALGO] BID: price:95 quantity:100
23:15:22.270 [main] DEBUG c.service.MarketDataService - [ALGO] BID: price:98 quantity:154
23:15:22.270 [main] DEBUG c.service.MarketDataService - [ALGO] ASK: price:98 quantity:501
23:15:22.270 [main] DEBUG c.service.MarketDataService - [ALGO] ASK: price:101 quantity:200
23:15:22.270 [main] DEBUG c.service.MarketDataService - [ALGO] ASK: price:110 quantity:5000
23:15:22.271 [main] DEBUG c.service.MarketDataService - [ALGO] ASK: price:119 quantity:5600
23:15:22.272 [main] DEBUG c.service.MarketDataService - [ALGO] ASK: price:123 quantity:453
23:15:22.272 [main] DEBUG c.service.MarketDataService - [ALGO] ASK: price:144 quantity:645
23:15:22.272 [main] DEBUG c.service.MarketDataService - [ALGO] ASK: price:167 quantity:665
23:15:22.272 [main] INFO  c.gettingstarted.MyAlgoLogic - [MYALGO] The state of the order book is:
|----BID-----||----ASK----|
    134 @ 43    501 @ 98
    145 @ 76   200 @ 101
    300 @ 91  5000 @ 110
    200 @ 93  5600 @ 119
    100 @ 95   453 @ 123
    154 @ 98   645 @ 144
          -    665 @ 167
|------------||-----------|

23:15:22.273 [main] INFO  c.gettingstarted.MyAlgoLogic - [MYALGO] Algo Sees Book as: 
|----BID-----||----ASK----|
    134 @ 43    501 @ 98
    145 @ 76   200 @ 101
    300 @ 91  5000 @ 110
    200 @ 93  5600 @ 119
    100 @ 95   453 @ 123
    154 @ 98   645 @ 144
          -    665 @ 167
|------------||-----------|

23:15:22.273 [main] INFO  c.gettingstarted.TimedLogic - [TIMEDLOGIC] Market is closed
23:15:22.274 [main] INFO  c.sequencer.consumer.LoggingConsumer - [3] 
|----BID-----|
    134 @ 43
    145 @ 76
    300 @ 91
    200 @ 93
    100 @ 95
    154 @ 98
|----ASK-----|
    501 @ 98
   200 @ 101
  5000 @ 110
  5600 @ 119
   453 @ 123
   645 @ 144
   665 @ 167

23:15:22.274 [main] INFO  c.orderbook.OrderBook - [ORDERBOOK] Processing Mkt Data Update
23:15:22.274 [main] INFO  c.o.v.MutatingRemoveAllMarketDataOrdersVisitor - [ORDERBOOK] Removing market data order:MktData(price=43,quantity=134)
23:15:22.274 [main] INFO  c.o.v.MutatingRemoveAllMarketDataOrdersVisitor - [ORDERBOOK] Removing level:43
23:15:22.274 [main] DEBUG c.orderbook.OrderBook - [ORDERBOOK] ASK: Adding orderMktData(price=43,quantity=134)
23:15:22.274 [main] DEBUG c.orderbook.OrderBook - [ORDERBOOK] ASK: Adding orderMktData(price=76,quantity=145)
23:15:22.274 [main] DEBUG c.orderbook.OrderBook - [ORDERBOOK] ASK: Adding orderMktData(price=91,quantity=300)
23:15:22.274 [main] DEBUG c.orderbook.OrderBook - [ORDERBOOK] ASK: Adding orderMktData(price=93,quantity=200)
23:15:22.275 [main] DEBUG c.orderbook.OrderBook - [ORDERBOOK] ASK: Adding orderMktData(price=95,quantity=100)
23:15:22.275 [main] DEBUG c.orderbook.OrderBook - [ORDERBOOK] ASK: Adding orderMktData(price=98,quantity=154)
23:15:22.275 [main] INFO  c.o.v.MutatingMatchOneMarketDataOrderVisitor - [ORDERBOOK] visiting LevelOrderBookLevel(price=43,quantity=134)
23:15:22.275 [main] INFO  c.o.v.MutatingMatchOneMarketDataOrderVisitor - [ORDERBOOK] Can't match order:MktData(price=43,quantity=134)(MktData(price=98,quantity=154))
23:15:22.275 [main] INFO  c.o.v.MutatingRemoveAllMarketDataOrdersVisitor - [ORDERBOOK] Removing market data order:MktData(price=98,quantity=501)
23:15:22.275 [main] INFO  c.o.v.MutatingRemoveAllMarketDataOrdersVisitor - [ORDERBOOK] Removing level:98
23:15:22.275 [main] INFO  c.o.v.MutatingRemoveAllMarketDataOrdersVisitor - [ORDERBOOK] Removing market data order:MktData(price=101,quantity=200)
23:15:22.275 [main] INFO  c.o.v.MutatingRemoveAllMarketDataOrdersVisitor - [ORDERBOOK] Removing level:101
23:15:22.275 [main] INFO  c.o.v.MutatingRemoveAllMarketDataOrdersVisitor - [ORDERBOOK] Removing market data order:MktData(price=110,quantity=5000)
23:15:22.275 [main] INFO  c.o.v.MutatingRemoveAllMarketDataOrdersVisitor - [ORDERBOOK] Removing level:110
23:15:22.275 [main] INFO  c.o.v.MutatingRemoveAllMarketDataOrdersVisitor - [ORDERBOOK] Removing market data order:MktData(price=119,quantity=5600)
23:15:22.275 [main] INFO  c.o.v.MutatingRemoveAllMarketDataOrdersVisitor - [ORDERBOOK] Removing level:119
23:15:22.276 [main] INFO  c.o.v.MutatingRemoveAllMarketDataOrdersVisitor - [ORDERBOOK] Removing market data order:MktData(price=123,quantity=453)
23:15:22.276 [main] INFO  c.o.v.MutatingRemoveAllMarketDataOrdersVisitor - [ORDERBOOK] Removing level:123
23:15:22.276 [main] INFO  c.o.v.MutatingRemoveAllMarketDataOrdersVisitor - [ORDERBOOK] Removing market data order:MktData(price=144,quantity=645)
23:15:22.276 [main] INFO  c.o.v.MutatingRemoveAllMarketDataOrdersVisitor - [ORDERBOOK] Removing level:144
23:15:22.276 [main] INFO  c.o.v.MutatingRemoveAllMarketDataOrdersVisitor - [ORDERBOOK] Removing market data order:MktData(price=167,quantity=665)
23:15:22.276 [main] INFO  c.o.v.MutatingRemoveAllMarketDataOrdersVisitor - [ORDERBOOK] Removing level:167
23:15:22.276 [main] DEBUG c.orderbook.OrderBook - [ORDERBOOK] ASK: Adding orderMktData(price=98,quantity=501)
23:15:22.276 [main] DEBUG c.orderbook.OrderBook - [ORDERBOOK] ASK: Adding orderMktData(price=101,quantity=200)
23:15:22.276 [main] DEBUG c.orderbook.OrderBook - [ORDERBOOK] ASK: Adding orderMktData(price=110,quantity=5000)
23:15:22.276 [main] DEBUG c.orderbook.OrderBook - [ORDERBOOK] ASK: Adding orderMktData(price=119,quantity=5600)
23:15:22.276 [main] DEBUG c.orderbook.OrderBook - [ORDERBOOK] ASK: Adding orderMktData(price=123,quantity=453)
23:15:22.276 [main] DEBUG c.orderbook.OrderBook - [ORDERBOOK] ASK: Adding orderMktData(price=144,quantity=645)
23:15:22.276 [main] DEBUG c.orderbook.OrderBook - [ORDERBOOK] ASK: Adding orderMktData(price=167,quantity=665)
23:15:22.277 [main] DEBUG c.service.MarketDataService - [ALGO] BID: price:43 quantity:134
23:15:22.277 [main] DEBUG c.service.MarketDataService - [ALGO] BID: price:76 quantity:145
23:15:22.277 [main] DEBUG c.service.MarketDataService - [ALGO] BID: price:91 quantity:300
23:15:22.277 [main] DEBUG c.service.MarketDataService - [ALGO] BID: price:93 quantity:200
23:15:22.277 [main] DEBUG c.service.MarketDataService - [ALGO] BID: price:95 quantity:100
23:15:22.277 [main] DEBUG c.service.MarketDataService - [ALGO] BID: price:98 quantity:154
23:15:22.277 [main] DEBUG c.service.MarketDataService - [ALGO] ASK: price:98 quantity:501
23:15:22.277 [main] DEBUG c.service.MarketDataService - [ALGO] ASK: price:101 quantity:200
23:15:22.277 [main] DEBUG c.service.MarketDataService - [ALGO] ASK: price:110 quantity:5000
23:15:22.277 [main] DEBUG c.service.MarketDataService - [ALGO] ASK: price:119 quantity:5600
23:15:22.277 [main] DEBUG c.service.MarketDataService - [ALGO] ASK: price:123 quantity:453
23:15:22.277 [main] DEBUG c.service.MarketDataService - [ALGO] ASK: price:144 quantity:645
23:15:22.277 [main] DEBUG c.service.MarketDataService - [ALGO] ASK: price:167 quantity:665
23:15:22.278 [main] INFO  c.gettingstarted.MyAlgoLogic - [MYALGO] The state of the order book is:
|----BID-----||----ASK----|
    134 @ 43    501 @ 98
    145 @ 76   200 @ 101
    300 @ 91  5000 @ 110
    200 @ 93  5600 @ 119
    100 @ 95   453 @ 123
    154 @ 98   645 @ 144
          -    665 @ 167
|------------||-----------|

23:15:22.279 [main] INFO  c.gettingstarted.MyAlgoLogic - [MYALGO] Algo Sees Book as: 
|----BID-----||----ASK----|
    134 @ 43    501 @ 98
    145 @ 76   200 @ 101
    300 @ 91  5000 @ 110
    200 @ 93  5600 @ 119
    100 @ 95   453 @ 123
    154 @ 98   645 @ 144
          -    665 @ 167
|------------||-----------|

23:15:22.279 [main] INFO  c.gettingstarted.TimedLogic - [TIMEDLOGIC] Market is closed
23:15:22.279 [main] INFO  c.sequencer.consumer.LoggingConsumer - [4] 
|----BID-----|
    134 @ 43
    145 @ 76
    300 @ 91
    200 @ 93
    100 @ 95
    154 @ 98
|----ASK-----|
    501 @ 98
   200 @ 101
  5000 @ 110
  5600 @ 119
   453 @ 123
   645 @ 144
   665 @ 167

23:15:22.279 [main] INFO  c.orderbook.OrderBook - [ORDERBOOK] Processing Mkt Data Update
23:15:22.279 [main] INFO  c.o.v.MutatingRemoveAllMarketDataOrdersVisitor - [ORDERBOOK] Removing market data order:MktData(price=43,quantity=134)
23:15:22.280 [main] INFO  c.o.v.MutatingRemoveAllMarketDataOrdersVisitor - [ORDERBOOK] Removing level:43
23:15:22.280 [main] DEBUG c.orderbook.OrderBook - [ORDERBOOK] ASK: Adding orderMktData(price=43,quantity=134)
23:15:22.280 [main] DEBUG c.orderbook.OrderBook - [ORDERBOOK] ASK: Adding orderMktData(price=76,quantity=145)
23:15:22.280 [main] DEBUG c.orderbook.OrderBook - [ORDERBOOK] ASK: Adding orderMktData(price=91,quantity=300)
23:15:22.280 [main] DEBUG c.orderbook.OrderBook - [ORDERBOOK] ASK: Adding orderMktData(price=93,quantity=200)
23:15:22.280 [main] DEBUG c.orderbook.OrderBook - [ORDERBOOK] ASK: Adding orderMktData(price=95,quantity=100)
23:15:22.280 [main] DEBUG c.orderbook.OrderBook - [ORDERBOOK] ASK: Adding orderMktData(price=98,quantity=154)
23:15:22.280 [main] INFO  c.o.v.MutatingMatchOneMarketDataOrderVisitor - [ORDERBOOK] visiting LevelOrderBookLevel(price=43,quantity=134)
23:15:22.280 [main] INFO  c.o.v.MutatingMatchOneMarketDataOrderVisitor - [ORDERBOOK] Can't match order:MktData(price=43,quantity=134)(MktData(price=98,quantity=154))
23:15:22.280 [main] INFO  c.o.v.MutatingRemoveAllMarketDataOrdersVisitor - [ORDERBOOK] Removing market data order:MktData(price=98,quantity=501)
23:15:22.280 [main] INFO  c.o.v.MutatingRemoveAllMarketDataOrdersVisitor - [ORDERBOOK] Removing level:98
23:15:22.280 [main] INFO  c.o.v.MutatingRemoveAllMarketDataOrdersVisitor - [ORDERBOOK] Removing market data order:MktData(price=101,quantity=200)
23:15:22.280 [main] INFO  c.o.v.MutatingRemoveAllMarketDataOrdersVisitor - [ORDERBOOK] Removing level:101
23:15:22.280 [main] INFO  c.o.v.MutatingRemoveAllMarketDataOrdersVisitor - [ORDERBOOK] Removing market data order:MktData(price=110,quantity=5000)
23:15:22.280 [main] INFO  c.o.v.MutatingRemoveAllMarketDataOrdersVisitor - [ORDERBOOK] Removing level:110
23:15:22.281 [main] INFO  c.o.v.MutatingRemoveAllMarketDataOrdersVisitor - [ORDERBOOK] Removing market data order:MktData(price=119,quantity=5600)
23:15:22.281 [main] INFO  c.o.v.MutatingRemoveAllMarketDataOrdersVisitor - [ORDERBOOK] Removing level:119
23:15:22.281 [main] INFO  c.o.v.MutatingRemoveAllMarketDataOrdersVisitor - [ORDERBOOK] Removing market data order:MktData(price=123,quantity=453)
23:15:22.281 [main] INFO  c.o.v.MutatingRemoveAllMarketDataOrdersVisitor - [ORDERBOOK] Removing level:123
23:15:22.281 [main] INFO  c.o.v.MutatingRemoveAllMarketDataOrdersVisitor - [ORDERBOOK] Removing market data order:MktData(price=144,quantity=645)
23:15:22.281 [main] INFO  c.o.v.MutatingRemoveAllMarketDataOrdersVisitor - [ORDERBOOK] Removing level:144
23:15:22.281 [main] INFO  c.o.v.MutatingRemoveAllMarketDataOrdersVisitor - [ORDERBOOK] Removing market data order:MktData(price=167,quantity=665)
23:15:22.281 [main] INFO  c.o.v.MutatingRemoveAllMarketDataOrdersVisitor - [ORDERBOOK] Removing level:167
23:15:22.281 [main] DEBUG c.orderbook.OrderBook - [ORDERBOOK] ASK: Adding orderMktData(price=98,quantity=501)
23:15:22.281 [main] DEBUG c.orderbook.OrderBook - [ORDERBOOK] ASK: Adding orderMktData(price=101,quantity=200)
23:15:22.281 [main] DEBUG c.orderbook.OrderBook - [ORDERBOOK] ASK: Adding orderMktData(price=110,quantity=5000)
23:15:22.281 [main] DEBUG c.orderbook.OrderBook - [ORDERBOOK] ASK: Adding orderMktData(price=119,quantity=5600)
23:15:22.281 [main] DEBUG c.orderbook.OrderBook - [ORDERBOOK] ASK: Adding orderMktData(price=123,quantity=453)
23:15:22.281 [main] DEBUG c.orderbook.OrderBook - [ORDERBOOK] ASK: Adding orderMktData(price=144,quantity=645)
23:15:22.282 [main] DEBUG c.orderbook.OrderBook - [ORDERBOOK] ASK: Adding orderMktData(price=167,quantity=665)
23:15:22.282 [main] DEBUG c.service.MarketDataService - [ALGO] BID: price:43 quantity:134
23:15:22.282 [main] DEBUG c.service.MarketDataService - [ALGO] BID: price:76 quantity:145
23:15:22.282 [main] DEBUG c.service.MarketDataService - [ALGO] BID: price:91 quantity:300
23:15:22.282 [main] DEBUG c.service.MarketDataService - [ALGO] BID: price:93 quantity:200
23:15:22.282 [main] DEBUG c.service.MarketDataService - [ALGO] BID: price:95 quantity:100
23:15:22.282 [main] DEBUG c.service.MarketDataService - [ALGO] BID: price:98 quantity:154
23:15:22.282 [main] DEBUG c.service.MarketDataService - [ALGO] ASK: price:98 quantity:501
23:15:22.282 [main] DEBUG c.service.MarketDataService - [ALGO] ASK: price:101 quantity:200
23:15:22.285 [main] DEBUG c.service.MarketDataService - [ALGO] ASK: price:110 quantity:5000
23:15:22.285 [main] DEBUG c.service.MarketDataService - [ALGO] ASK: price:119 quantity:5600
23:15:22.285 [main] DEBUG c.service.MarketDataService - [ALGO] ASK: price:123 quantity:453
23:15:22.285 [main] DEBUG c.service.MarketDataService - [ALGO] ASK: price:144 quantity:645
23:15:22.285 [main] DEBUG c.service.MarketDataService - [ALGO] ASK: price:167 quantity:665
23:15:22.286 [main] INFO  c.gettingstarted.MyAlgoLogic - [MYALGO] The state of the order book is:
|----BID-----||----ASK----|
    134 @ 43    501 @ 98
    145 @ 76   200 @ 101
    300 @ 91  5000 @ 110
    200 @ 93  5600 @ 119
    100 @ 95   453 @ 123
    154 @ 98   645 @ 144
          -    665 @ 167
|------------||-----------|

23:15:22.286 [main] INFO  c.gettingstarted.MyAlgoLogic - [MYALGO] Algo Sees Book as: 
|----BID-----||----ASK----|
    134 @ 43    501 @ 98
    145 @ 76   200 @ 101
    300 @ 91  5000 @ 110
    200 @ 93  5600 @ 119
    100 @ 95   453 @ 123
    154 @ 98   645 @ 144
          -    665 @ 167
|------------||-----------|

23:15:22.286 [main] INFO  c.gettingstarted.TimedLogic - [TIMEDLOGIC] Market is closed
23:15:22.287 [main] INFO  c.sequencer.consumer.LoggingConsumer - [5] 
|----BID-----|
    134 @ 43
    145 @ 76
    300 @ 91
    200 @ 93
    100 @ 95
    154 @ 98
|----ASK-----|
    501 @ 98
   200 @ 101
  5000 @ 110
  5600 @ 119
   453 @ 123
   645 @ 144
   665 @ 167

23:15:22.287 [main] INFO  c.orderbook.OrderBook - [ORDERBOOK] Processing Mkt Data Update
23:15:22.287 [main] INFO  c.o.v.MutatingRemoveAllMarketDataOrdersVisitor - [ORDERBOOK] Removing market data order:MktData(price=43,quantity=134)
23:15:22.287 [main] INFO  c.o.v.MutatingRemoveAllMarketDataOrdersVisitor - [ORDERBOOK] Removing level:43
23:15:22.287 [main] DEBUG c.orderbook.OrderBook - [ORDERBOOK] ASK: Adding orderMktData(price=43,quantity=134)
23:15:22.287 [main] DEBUG c.orderbook.OrderBook - [ORDERBOOK] ASK: Adding orderMktData(price=76,quantity=145)
23:15:22.287 [main] DEBUG c.orderbook.OrderBook - [ORDERBOOK] ASK: Adding orderMktData(price=91,quantity=300)
23:15:22.287 [main] DEBUG c.orderbook.OrderBook - [ORDERBOOK] ASK: Adding orderMktData(price=93,quantity=200)
23:15:22.287 [main] DEBUG c.orderbook.OrderBook - [ORDERBOOK] ASK: Adding orderMktData(price=95,quantity=100)
23:15:22.287 [main] DEBUG c.orderbook.OrderBook - [ORDERBOOK] ASK: Adding orderMktData(price=98,quantity=154)
23:15:22.288 [main] INFO  c.o.v.MutatingMatchOneMarketDataOrderVisitor - [ORDERBOOK] visiting LevelOrderBookLevel(price=43,quantity=134)
23:15:22.288 [main] INFO  c.o.v.MutatingMatchOneMarketDataOrderVisitor - [ORDERBOOK] Can't match order:MktData(price=43,quantity=134)(MktData(price=98,quantity=154))
23:15:22.288 [main] INFO  c.o.v.MutatingRemoveAllMarketDataOrdersVisitor - [ORDERBOOK] Removing market data order:MktData(price=98,quantity=501)
23:15:22.288 [main] INFO  c.o.v.MutatingRemoveAllMarketDataOrdersVisitor - [ORDERBOOK] Removing level:98
23:15:22.288 [main] INFO  c.o.v.MutatingRemoveAllMarketDataOrdersVisitor - [ORDERBOOK] Removing market data order:MktData(price=101,quantity=200)
23:15:22.288 [main] INFO  c.o.v.MutatingRemoveAllMarketDataOrdersVisitor - [ORDERBOOK] Removing level:101
23:15:22.288 [main] INFO  c.o.v.MutatingRemoveAllMarketDataOrdersVisitor - [ORDERBOOK] Removing market data order:MktData(price=110,quantity=5000)
23:15:22.288 [main] INFO  c.o.v.MutatingRemoveAllMarketDataOrdersVisitor - [ORDERBOOK] Removing level:110
23:15:22.288 [main] INFO  c.o.v.MutatingRemoveAllMarketDataOrdersVisitor - [ORDERBOOK] Removing market data order:MktData(price=119,quantity=5600)
23:15:22.288 [main] INFO  c.o.v.MutatingRemoveAllMarketDataOrdersVisitor - [ORDERBOOK] Removing level:119
23:15:22.288 [main] INFO  c.o.v.MutatingRemoveAllMarketDataOrdersVisitor - [ORDERBOOK] Removing market data order:MktData(price=123,quantity=453)
23:15:22.288 [main] INFO  c.o.v.MutatingRemoveAllMarketDataOrdersVisitor - [ORDERBOOK] Removing level:123
23:15:22.288 [main] INFO  c.o.v.MutatingRemoveAllMarketDataOrdersVisitor - [ORDERBOOK] Removing market data order:MktData(price=144,quantity=645)
23:15:22.288 [main] INFO  c.o.v.MutatingRemoveAllMarketDataOrdersVisitor - [ORDERBOOK] Removing level:144
23:15:22.288 [main] INFO  c.o.v.MutatingRemoveAllMarketDataOrdersVisitor - [ORDERBOOK] Removing market data order:MktData(price=167,quantity=665)
23:15:22.288 [main] INFO  c.o.v.MutatingRemoveAllMarketDataOrdersVisitor - [ORDERBOOK] Removing level:167
23:15:22.289 [main] DEBUG c.orderbook.OrderBook - [ORDERBOOK] ASK: Adding orderMktData(price=98,quantity=501)
23:15:22.289 [main] DEBUG c.orderbook.OrderBook - [ORDERBOOK] ASK: Adding orderMktData(price=101,quantity=200)
23:15:22.289 [main] DEBUG c.orderbook.OrderBook - [ORDERBOOK] ASK: Adding orderMktData(price=110,quantity=5000)
23:15:22.289 [main] DEBUG c.orderbook.OrderBook - [ORDERBOOK] ASK: Adding orderMktData(price=119,quantity=5600)
23:15:22.289 [main] DEBUG c.orderbook.OrderBook - [ORDERBOOK] ASK: Adding orderMktData(price=123,quantity=453)
23:15:22.289 [main] DEBUG c.orderbook.OrderBook - [ORDERBOOK] ASK: Adding orderMktData(price=144,quantity=645)
23:15:22.289 [main] DEBUG c.orderbook.OrderBook - [ORDERBOOK] ASK: Adding orderMktData(price=167,quantity=665)
23:15:22.289 [main] DEBUG c.service.MarketDataService - [ALGO] BID: price:43 quantity:134
23:15:22.289 [main] DEBUG c.service.MarketDataService - [ALGO] BID: price:76 quantity:145
23:15:22.289 [main] DEBUG c.service.MarketDataService - [ALGO] BID: price:91 quantity:300
23:15:22.289 [main] DEBUG c.service.MarketDataService - [ALGO] BID: price:93 quantity:200
23:15:22.289 [main] DEBUG c.service.MarketDataService - [ALGO] BID: price:95 quantity:100
23:15:22.289 [main] DEBUG c.service.MarketDataService - [ALGO] BID: price:98 quantity:154
23:15:22.289 [main] DEBUG c.service.MarketDataService - [ALGO] ASK: price:98 quantity:501
23:15:22.290 [main] DEBUG c.service.MarketDataService - [ALGO] ASK: price:101 quantity:200
23:15:22.290 [main] DEBUG c.service.MarketDataService - [ALGO] ASK: price:110 quantity:5000
23:15:22.290 [main] DEBUG c.service.MarketDataService - [ALGO] ASK: price:119 quantity:5600
23:15:22.290 [main] DEBUG c.service.MarketDataService - [ALGO] ASK: price:123 quantity:453
23:15:22.290 [main] DEBUG c.service.MarketDataService - [ALGO] ASK: price:144 quantity:645
23:15:22.290 [main] DEBUG c.service.MarketDataService - [ALGO] ASK: price:167 quantity:665
23:15:22.290 [main] INFO  c.gettingstarted.MyAlgoLogic - [MYALGO] The state of the order book is:
|----BID-----||----ASK----|
    134 @ 43    501 @ 98
    145 @ 76   200 @ 101
    300 @ 91  5000 @ 110
    200 @ 93  5600 @ 119
    100 @ 95   453 @ 123
    154 @ 98   645 @ 144
          -    665 @ 167
|------------||-----------|

23:15:22.291 [main] INFO  c.gettingstarted.MyAlgoLogic - [MYALGO] Algo Sees Book as: 
|----BID-----||----ASK----|
    134 @ 43    501 @ 98
    145 @ 76   200 @ 101
    300 @ 91  5000 @ 110
    200 @ 93  5600 @ 119
    100 @ 95   453 @ 123
    154 @ 98   645 @ 144
          -    665 @ 167
|------------||-----------|

23:15:22.291 [main] INFO  c.gettingstarted.TimedLogic - [TIMEDLOGIC] Market is closed
23:15:22.291 [main] INFO  c.sequencer.consumer.LoggingConsumer - [6] 
|----BID-----|
    134 @ 43
    145 @ 76
    300 @ 91
    200 @ 93
    100 @ 95
    154 @ 98
|----ASK-----|
    501 @ 98
   200 @ 101
  5000 @ 110
  5600 @ 119
   453 @ 123
   645 @ 144
   665 @ 167

23:15:22.291 [main] INFO  c.orderbook.OrderBook - [ORDERBOOK] Processing Mkt Data Update
23:15:22.291 [main] INFO  c.o.v.MutatingRemoveAllMarketDataOrdersVisitor - [ORDERBOOK] Removing market data order:MktData(price=43,quantity=134)
23:15:22.291 [main] INFO  c.o.v.MutatingRemoveAllMarketDataOrdersVisitor - [ORDERBOOK] Removing level:43
23:15:22.292 [main] DEBUG c.orderbook.OrderBook - [ORDERBOOK] ASK: Adding orderMktData(price=43,quantity=134)
23:15:22.292 [main] DEBUG c.orderbook.OrderBook - [ORDERBOOK] ASK: Adding orderMktData(price=76,quantity=145)
23:15:22.292 [main] DEBUG c.orderbook.OrderBook - [ORDERBOOK] ASK: Adding orderMktData(price=91,quantity=300)
23:15:22.292 [main] DEBUG c.orderbook.OrderBook - [ORDERBOOK] ASK: Adding orderMktData(price=93,quantity=200)
23:15:22.292 [main] DEBUG c.orderbook.OrderBook - [ORDERBOOK] ASK: Adding orderMktData(price=95,quantity=100)
23:15:22.292 [main] DEBUG c.orderbook.OrderBook - [ORDERBOOK] ASK: Adding orderMktData(price=98,quantity=154)
23:15:22.292 [main] INFO  c.o.v.MutatingMatchOneMarketDataOrderVisitor - [ORDERBOOK] visiting LevelOrderBookLevel(price=43,quantity=134)
23:15:22.292 [main] INFO  c.o.v.MutatingMatchOneMarketDataOrderVisitor - [ORDERBOOK] Can't match order:MktData(price=43,quantity=134)(MktData(price=98,quantity=154))
23:15:22.292 [main] INFO  c.o.v.MutatingRemoveAllMarketDataOrdersVisitor - [ORDERBOOK] Removing market data order:MktData(price=98,quantity=501)
23:15:22.292 [main] INFO  c.o.v.MutatingRemoveAllMarketDataOrdersVisitor - [ORDERBOOK] Removing level:98
23:15:22.292 [main] INFO  c.o.v.MutatingRemoveAllMarketDataOrdersVisitor - [ORDERBOOK] Removing market data order:MktData(price=101,quantity=200)
23:15:22.292 [main] INFO  c.o.v.MutatingRemoveAllMarketDataOrdersVisitor - [ORDERBOOK] Removing level:101
23:15:22.292 [main] INFO  c.o.v.MutatingRemoveAllMarketDataOrdersVisitor - [ORDERBOOK] Removing market data order:MktData(price=110,quantity=5000)
23:15:22.292 [main] INFO  c.o.v.MutatingRemoveAllMarketDataOrdersVisitor - [ORDERBOOK] Removing level:110
23:15:22.292 [main] INFO  c.o.v.MutatingRemoveAllMarketDataOrdersVisitor - [ORDERBOOK] Removing market data order:MktData(price=119,quantity=5600)
23:15:22.292 [main] INFO  c.o.v.MutatingRemoveAllMarketDataOrdersVisitor - [ORDERBOOK] Removing level:119
23:15:22.293 [main] INFO  c.o.v.MutatingRemoveAllMarketDataOrdersVisitor - [ORDERBOOK] Removing market data order:MktData(price=123,quantity=453)
23:15:22.293 [main] INFO  c.o.v.MutatingRemoveAllMarketDataOrdersVisitor - [ORDERBOOK] Removing level:123
23:15:22.293 [main] INFO  c.o.v.MutatingRemoveAllMarketDataOrdersVisitor - [ORDERBOOK] Removing market data order:MktData(price=144,quantity=645)
23:15:22.293 [main] INFO  c.o.v.MutatingRemoveAllMarketDataOrdersVisitor - [ORDERBOOK] Removing level:144
23:15:22.293 [main] INFO  c.o.v.MutatingRemoveAllMarketDataOrdersVisitor - [ORDERBOOK] Removing market data order:MktData(price=167,quantity=665)
23:15:22.293 [main] INFO  c.o.v.MutatingRemoveAllMarketDataOrdersVisitor - [ORDERBOOK] Removing level:167
23:15:22.293 [main] DEBUG c.orderbook.OrderBook - [ORDERBOOK] ASK: Adding orderMktData(price=98,quantity=501)
23:15:22.293 [main] DEBUG c.orderbook.OrderBook - [ORDERBOOK] ASK: Adding orderMktData(price=101,quantity=200)
23:15:22.293 [main] DEBUG c.orderbook.OrderBook - [ORDERBOOK] ASK: Adding orderMktData(price=110,quantity=5000)
23:15:22.293 [main] DEBUG c.orderbook.OrderBook - [ORDERBOOK] ASK: Adding orderMktData(price=119,quantity=5600)
23:15:22.293 [main] DEBUG c.orderbook.OrderBook - [ORDERBOOK] ASK: Adding orderMktData(price=123,quantity=453)
23:15:22.293 [main] DEBUG c.orderbook.OrderBook - [ORDERBOOK] ASK: Adding orderMktData(price=144,quantity=645)
23:15:22.293 [main] DEBUG c.orderbook.OrderBook - [ORDERBOOK] ASK: Adding orderMktData(price=167,quantity=665)
23:15:22.293 [main] DEBUG c.service.MarketDataService - [ALGO] BID: price:43 quantity:134
23:15:22.294 [main] DEBUG c.service.MarketDataService - [ALGO] BID: price:76 quantity:145
23:15:22.294 [main] DEBUG c.service.MarketDataService - [ALGO] BID: price:91 quantity:300
23:15:22.294 [main] DEBUG c.service.MarketDataService - [ALGO] BID: price:93 quantity:200
23:15:22.294 [main] DEBUG c.service.MarketDataService - [ALGO] BID: price:95 quantity:100
23:15:22.294 [main] DEBUG c.service.MarketDataService - [ALGO] BID: price:98 quantity:154
23:15:22.294 [main] DEBUG c.service.MarketDataService - [ALGO] ASK: price:98 quantity:501
23:15:22.294 [main] DEBUG c.service.MarketDataService - [ALGO] ASK: price:101 quantity:200
23:15:22.294 [main] DEBUG c.service.MarketDataService - [ALGO] ASK: price:110 quantity:5000
23:15:22.294 [main] DEBUG c.service.MarketDataService - [ALGO] ASK: price:119 quantity:5600
23:15:22.294 [main] DEBUG c.service.MarketDataService - [ALGO] ASK: price:123 quantity:453
23:15:22.294 [main] DEBUG c.service.MarketDataService - [ALGO] ASK: price:144 quantity:645
23:15:22.294 [main] DEBUG c.service.MarketDataService - [ALGO] ASK: price:167 quantity:665
23:15:22.295 [main] INFO  c.gettingstarted.MyAlgoLogic - [MYALGO] The state of the order book is:
|----BID-----||----ASK----|
    134 @ 43    501 @ 98
    145 @ 76   200 @ 101
    300 @ 91  5000 @ 110
    200 @ 93  5600 @ 119
    100 @ 95   453 @ 123
    154 @ 98   645 @ 144
          -    665 @ 167
|------------||-----------|

23:15:22.295 [main] INFO  c.gettingstarted.MyAlgoLogic - [MYALGO] Algo Sees Book as: 
|----BID-----||----ASK----|
    134 @ 43    501 @ 98
    145 @ 76   200 @ 101
    300 @ 91  5000 @ 110
    200 @ 93  5600 @ 119
    100 @ 95   453 @ 123
    154 @ 98   645 @ 144
          -    665 @ 167
|------------||-----------|

23:15:22.295 [main] INFO  c.gettingstarted.TimedLogic - [TIMEDLOGIC] Market is closed
23:15:22.295 [main] INFO  c.sequencer.consumer.LoggingConsumer - [7] 
|----BID-----|
    134 @ 43
    145 @ 76
    300 @ 91
    200 @ 93
    100 @ 95
    154 @ 98
|----ASK-----|
    501 @ 98
   200 @ 101
  5000 @ 110
  5600 @ 119
   453 @ 123
   645 @ 144
   665 @ 167

23:15:22.295 [main] INFO  c.orderbook.OrderBook - [ORDERBOOK] Processing Mkt Data Update
23:15:22.296 [main] INFO  c.o.v.MutatingRemoveAllMarketDataOrdersVisitor - [ORDERBOOK] Removing market data order:MktData(price=43,quantity=134)
23:15:22.296 [main] INFO  c.o.v.MutatingRemoveAllMarketDataOrdersVisitor - [ORDERBOOK] Removing level:43
23:15:22.296 [main] DEBUG c.orderbook.OrderBook - [ORDERBOOK] ASK: Adding orderMktData(price=43,quantity=134)
23:15:22.296 [main] DEBUG c.orderbook.OrderBook - [ORDERBOOK] ASK: Adding orderMktData(price=76,quantity=145)
23:15:22.296 [main] DEBUG c.orderbook.OrderBook - [ORDERBOOK] ASK: Adding orderMktData(price=91,quantity=300)
23:15:22.296 [main] DEBUG c.orderbook.OrderBook - [ORDERBOOK] ASK: Adding orderMktData(price=93,quantity=200)
23:15:22.296 [main] DEBUG c.orderbook.OrderBook - [ORDERBOOK] ASK: Adding orderMktData(price=95,quantity=100)
23:15:22.296 [main] DEBUG c.orderbook.OrderBook - [ORDERBOOK] ASK: Adding orderMktData(price=98,quantity=154)
23:15:22.296 [main] INFO  c.o.v.MutatingMatchOneMarketDataOrderVisitor - [ORDERBOOK] visiting LevelOrderBookLevel(price=43,quantity=134)
23:15:22.296 [main] INFO  c.o.v.MutatingMatchOneMarketDataOrderVisitor - [ORDERBOOK] Can't match order:MktData(price=43,quantity=134)(MktData(price=98,quantity=154))
23:15:22.296 [main] INFO  c.o.v.MutatingRemoveAllMarketDataOrdersVisitor - [ORDERBOOK] Removing market data order:MktData(price=98,quantity=501)
23:15:22.296 [main] INFO  c.o.v.MutatingRemoveAllMarketDataOrdersVisitor - [ORDERBOOK] Removing level:98
23:15:22.296 [main] INFO  c.o.v.MutatingRemoveAllMarketDataOrdersVisitor - [ORDERBOOK] Removing market data order:MktData(price=101,quantity=200)
23:15:22.296 [main] INFO  c.o.v.MutatingRemoveAllMarketDataOrdersVisitor - [ORDERBOOK] Removing level:101
23:15:22.296 [main] INFO  c.o.v.MutatingRemoveAllMarketDataOrdersVisitor - [ORDERBOOK] Removing market data order:MktData(price=110,quantity=5000)
23:15:22.296 [main] INFO  c.o.v.MutatingRemoveAllMarketDataOrdersVisitor - [ORDERBOOK] Removing level:110
23:15:22.297 [main] INFO  c.o.v.MutatingRemoveAllMarketDataOrdersVisitor - [ORDERBOOK] Removing market data order:MktData(price=119,quantity=5600)
23:15:22.297 [main] INFO  c.o.v.MutatingRemoveAllMarketDataOrdersVisitor - [ORDERBOOK] Removing level:119
23:15:22.297 [main] INFO  c.o.v.MutatingRemoveAllMarketDataOrdersVisitor - [ORDERBOOK] Removing market data order:MktData(price=123,quantity=453)
23:15:22.297 [main] INFO  c.o.v.MutatingRemoveAllMarketDataOrdersVisitor - [ORDERBOOK] Removing level:123
23:15:22.297 [main] INFO  c.o.v.MutatingRemoveAllMarketDataOrdersVisitor - [ORDERBOOK] Removing market data order:MktData(price=144,quantity=645)
23:15:22.297 [main] INFO  c.o.v.MutatingRemoveAllMarketDataOrdersVisitor - [ORDERBOOK] Removing level:144
23:15:22.297 [main] INFO  c.o.v.MutatingRemoveAllMarketDataOrdersVisitor - [ORDERBOOK] Removing market data order:MktData(price=167,quantity=665)
23:15:22.297 [main] INFO  c.o.v.MutatingRemoveAllMarketDataOrdersVisitor - [ORDERBOOK] Removing level:167
23:15:22.297 [main] DEBUG c.orderbook.OrderBook - [ORDERBOOK] ASK: Adding orderMktData(price=98,quantity=501)
23:15:22.297 [main] DEBUG c.orderbook.OrderBook - [ORDERBOOK] ASK: Adding orderMktData(price=101,quantity=200)
23:15:22.297 [main] DEBUG c.orderbook.OrderBook - [ORDERBOOK] ASK: Adding orderMktData(price=110,quantity=5000)
23:15:22.297 [main] DEBUG c.orderbook.OrderBook - [ORDERBOOK] ASK: Adding orderMktData(price=119,quantity=5600)
23:15:22.297 [main] DEBUG c.orderbook.OrderBook - [ORDERBOOK] ASK: Adding orderMktData(price=123,quantity=453)
23:15:22.297 [main] DEBUG c.orderbook.OrderBook - [ORDERBOOK] ASK: Adding orderMktData(price=144,quantity=645)
23:15:22.297 [main] DEBUG c.orderbook.OrderBook - [ORDERBOOK] ASK: Adding orderMktData(price=167,quantity=665)
23:15:22.297 [main] DEBUG c.service.MarketDataService - [ALGO] BID: price:43 quantity:134
23:15:22.297 [main] DEBUG c.service.MarketDataService - [ALGO] BID: price:76 quantity:145
23:15:22.297 [main] DEBUG c.service.MarketDataService - [ALGO] BID: price:91 quantity:300
23:15:22.298 [main] DEBUG c.service.MarketDataService - [ALGO] BID: price:93 quantity:200
23:15:22.298 [main] DEBUG c.service.MarketDataService - [ALGO] BID: price:95 quantity:100
23:15:22.298 [main] DEBUG c.service.MarketDataService - [ALGO] BID: price:98 quantity:154
23:15:22.298 [main] DEBUG c.service.MarketDataService - [ALGO] ASK: price:98 quantity:501
23:15:22.298 [main] DEBUG c.service.MarketDataService - [ALGO] ASK: price:101 quantity:200
23:15:22.298 [main] DEBUG c.service.MarketDataService - [ALGO] ASK: price:110 quantity:5000
23:15:22.298 [main] DEBUG c.service.MarketDataService - [ALGO] ASK: price:119 quantity:5600
23:15:22.298 [main] DEBUG c.service.MarketDataService - [ALGO] ASK: price:123 quantity:453
23:15:22.298 [main] DEBUG c.service.MarketDataService - [ALGO] ASK: price:144 quantity:645
23:15:22.298 [main] DEBUG c.service.MarketDataService - [ALGO] ASK: price:167 quantity:665
23:15:22.298 [main] INFO  c.gettingstarted.MyAlgoLogic - [MYALGO] The state of the order book is:
|----BID-----||----ASK----|
    134 @ 43    501 @ 98
    145 @ 76   200 @ 101
    300 @ 91  5000 @ 110
    200 @ 93  5600 @ 119
    100 @ 95   453 @ 123
    154 @ 98   645 @ 144
          -    665 @ 167
|------------||-----------|

23:15:22.299 [main] INFO  c.gettingstarted.MyAlgoLogic - [MYALGO] Algo Sees Book as: 
|----BID-----||----ASK----|
    134 @ 43    501 @ 98
    145 @ 76   200 @ 101
    300 @ 91  5000 @ 110
    200 @ 93  5600 @ 119
    100 @ 95   453 @ 123
    154 @ 98   645 @ 144
          -    665 @ 167
|------------||-----------|

23:15:22.299 [main] INFO  c.gettingstarted.TimedLogic - [TIMEDLOGIC] Market is closed
23:15:22.299 [main] INFO  c.sequencer.consumer.LoggingConsumer - [8] 
|----BID-----|
    134 @ 43
    145 @ 76
    300 @ 91
    200 @ 93
    100 @ 95
    154 @ 98
|----ASK-----|
    501 @ 98
   200 @ 101
  5000 @ 110
  5600 @ 119
   453 @ 123
   645 @ 144
   665 @ 167

23:15:22.299 [main] INFO  c.orderbook.OrderBook - [ORDERBOOK] Processing Mkt Data Update
23:15:22.299 [main] INFO  c.o.v.MutatingRemoveAllMarketDataOrdersVisitor - [ORDERBOOK] Removing market data order:MktData(price=43,quantity=134)
23:15:22.300 [main] INFO  c.o.v.MutatingRemoveAllMarketDataOrdersVisitor - [ORDERBOOK] Removing level:43
23:15:22.300 [main] DEBUG c.orderbook.OrderBook - [ORDERBOOK] ASK: Adding orderMktData(price=43,quantity=134)
23:15:22.300 [main] DEBUG c.orderbook.OrderBook - [ORDERBOOK] ASK: Adding orderMktData(price=76,quantity=145)
23:15:22.300 [main] DEBUG c.orderbook.OrderBook - [ORDERBOOK] ASK: Adding orderMktData(price=91,quantity=300)
23:15:22.300 [main] DEBUG c.orderbook.OrderBook - [ORDERBOOK] ASK: Adding orderMktData(price=93,quantity=200)
23:15:22.300 [main] DEBUG c.orderbook.OrderBook - [ORDERBOOK] ASK: Adding orderMktData(price=95,quantity=100)
23:15:22.300 [main] DEBUG c.orderbook.OrderBook - [ORDERBOOK] ASK: Adding orderMktData(price=98,quantity=154)
23:15:22.300 [main] INFO  c.o.v.MutatingMatchOneMarketDataOrderVisitor - [ORDERBOOK] visiting LevelOrderBookLevel(price=43,quantity=134)
23:15:22.300 [main] INFO  c.o.v.MutatingMatchOneMarketDataOrderVisitor - [ORDERBOOK] Can't match order:MktData(price=43,quantity=134)(MktData(price=98,quantity=154))
23:15:22.300 [main] INFO  c.o.v.MutatingRemoveAllMarketDataOrdersVisitor - [ORDERBOOK] Removing market data order:MktData(price=98,quantity=501)
23:15:22.300 [main] INFO  c.o.v.MutatingRemoveAllMarketDataOrdersVisitor - [ORDERBOOK] Removing level:98
23:15:22.300 [main] INFO  c.o.v.MutatingRemoveAllMarketDataOrdersVisitor - [ORDERBOOK] Removing market data order:MktData(price=101,quantity=200)
23:15:22.300 [main] INFO  c.o.v.MutatingRemoveAllMarketDataOrdersVisitor - [ORDERBOOK] Removing level:101
23:15:22.300 [main] INFO  c.o.v.MutatingRemoveAllMarketDataOrdersVisitor - [ORDERBOOK] Removing market data order:MktData(price=110,quantity=5000)
23:15:22.300 [main] INFO  c.o.v.MutatingRemoveAllMarketDataOrdersVisitor - [ORDERBOOK] Removing level:110
23:15:22.300 [main] INFO  c.o.v.MutatingRemoveAllMarketDataOrdersVisitor - [ORDERBOOK] Removing market data order:MktData(price=119,quantity=5600)
23:15:22.301 [main] INFO  c.o.v.MutatingRemoveAllMarketDataOrdersVisitor - [ORDERBOOK] Removing level:119
23:15:22.301 [main] INFO  c.o.v.MutatingRemoveAllMarketDataOrdersVisitor - [ORDERBOOK] Removing market data order:MktData(price=123,quantity=453)
23:15:22.301 [main] INFO  c.o.v.MutatingRemoveAllMarketDataOrdersVisitor - [ORDERBOOK] Removing level:123
23:15:22.301 [main] INFO  c.o.v.MutatingRemoveAllMarketDataOrdersVisitor - [ORDERBOOK] Removing market data order:MktData(price=144,quantity=645)
23:15:22.301 [main] INFO  c.o.v.MutatingRemoveAllMarketDataOrdersVisitor - [ORDERBOOK] Removing level:144
23:15:22.301 [main] INFO  c.o.v.MutatingRemoveAllMarketDataOrdersVisitor - [ORDERBOOK] Removing market data order:MktData(price=167,quantity=665)
23:15:22.301 [main] INFO  c.o.v.MutatingRemoveAllMarketDataOrdersVisitor - [ORDERBOOK] Removing level:167
23:15:22.301 [main] DEBUG c.orderbook.OrderBook - [ORDERBOOK] ASK: Adding orderMktData(price=98,quantity=501)
23:15:22.301 [main] DEBUG c.orderbook.OrderBook - [ORDERBOOK] ASK: Adding orderMktData(price=101,quantity=200)
23:15:22.301 [main] DEBUG c.orderbook.OrderBook - [ORDERBOOK] ASK: Adding orderMktData(price=110,quantity=5000)
23:15:22.301 [main] DEBUG c.orderbook.OrderBook - [ORDERBOOK] ASK: Adding orderMktData(price=119,quantity=5600)
23:15:22.301 [main] DEBUG c.orderbook.OrderBook - [ORDERBOOK] ASK: Adding orderMktData(price=123,quantity=453)
23:15:22.301 [main] DEBUG c.orderbook.OrderBook - [ORDERBOOK] ASK: Adding orderMktData(price=144,quantity=645)
23:15:22.301 [main] DEBUG c.orderbook.OrderBook - [ORDERBOOK] ASK: Adding orderMktData(price=167,quantity=665)
23:15:22.301 [main] DEBUG c.service.MarketDataService - [ALGO] BID: price:43 quantity:134
23:15:22.302 [main] DEBUG c.service.MarketDataService - [ALGO] BID: price:76 quantity:145
23:15:22.302 [main] DEBUG c.service.MarketDataService - [ALGO] BID: price:91 quantity:300
23:15:22.302 [main] DEBUG c.service.MarketDataService - [ALGO] BID: price:93 quantity:200
23:15:22.302 [main] DEBUG c.service.MarketDataService - [ALGO] BID: price:95 quantity:100
23:15:22.302 [main] DEBUG c.service.MarketDataService - [ALGO] BID: price:98 quantity:154
23:15:22.302 [main] DEBUG c.service.MarketDataService - [ALGO] ASK: price:98 quantity:501
23:15:22.302 [main] DEBUG c.service.MarketDataService - [ALGO] ASK: price:101 quantity:200
23:15:22.302 [main] DEBUG c.service.MarketDataService - [ALGO] ASK: price:110 quantity:5000
23:15:22.302 [main] DEBUG c.service.MarketDataService - [ALGO] ASK: price:119 quantity:5600
23:15:22.302 [main] DEBUG c.service.MarketDataService - [ALGO] ASK: price:123 quantity:453
23:15:22.302 [main] DEBUG c.service.MarketDataService - [ALGO] ASK: price:144 quantity:645
23:15:22.303 [main] DEBUG c.service.MarketDataService - [ALGO] ASK: price:167 quantity:665
23:15:22.303 [main] INFO  c.gettingstarted.MyAlgoLogic - [MYALGO] The state of the order book is:
|----BID-----||----ASK----|
    134 @ 43    501 @ 98
    145 @ 76   200 @ 101
    300 @ 91  5000 @ 110
    200 @ 93  5600 @ 119
    100 @ 95   453 @ 123
    154 @ 98   645 @ 144
          -    665 @ 167
|------------||-----------|

23:15:22.304 [main] INFO  c.gettingstarted.MyAlgoLogic - [MYALGO] Algo Sees Book as: 
|----BID-----||----ASK----|
    134 @ 43    501 @ 98
    145 @ 76   200 @ 101
    300 @ 91  5000 @ 110
    200 @ 93  5600 @ 119
    100 @ 95   453 @ 123
    154 @ 98   645 @ 144
          -    665 @ 167
|------------||-----------|

23:15:22.306 [main] INFO  c.gettingstarted.TimedLogic - [TIMEDLOGIC] Market is closed
23:15:22.307 [main] INFO  c.sequencer.consumer.LoggingConsumer - [9] 
|----BID-----|
    134 @ 43
    145 @ 76
    300 @ 91
    200 @ 93
    100 @ 95
    154 @ 98
|----ASK-----|
    501 @ 98
   200 @ 101
  5000 @ 110
  5600 @ 119
   453 @ 123
   645 @ 144
   665 @ 167

23:15:22.307 [main] INFO  c.orderbook.OrderBook - [ORDERBOOK] Processing Mkt Data Update
23:15:22.307 [main] INFO  c.o.v.MutatingRemoveAllMarketDataOrdersVisitor - [ORDERBOOK] Removing market data order:MktData(price=43,quantity=134)
23:15:22.307 [main] INFO  c.o.v.MutatingRemoveAllMarketDataOrdersVisitor - [ORDERBOOK] Removing level:43
23:15:22.308 [main] DEBUG c.orderbook.OrderBook - [ORDERBOOK] ASK: Adding orderMktData(price=43,quantity=134)
23:15:22.308 [main] DEBUG c.orderbook.OrderBook - [ORDERBOOK] ASK: Adding orderMktData(price=76,quantity=145)
23:15:22.309 [main] DEBUG c.orderbook.OrderBook - [ORDERBOOK] ASK: Adding orderMktData(price=91,quantity=300)
23:15:22.309 [main] DEBUG c.orderbook.OrderBook - [ORDERBOOK] ASK: Adding orderMktData(price=93,quantity=200)
23:15:22.309 [main] DEBUG c.orderbook.OrderBook - [ORDERBOOK] ASK: Adding orderMktData(price=95,quantity=100)
23:15:22.309 [main] DEBUG c.orderbook.OrderBook - [ORDERBOOK] ASK: Adding orderMktData(price=98,quantity=154)
23:15:22.309 [main] INFO  c.o.v.MutatingMatchOneMarketDataOrderVisitor - [ORDERBOOK] visiting LevelOrderBookLevel(price=43,quantity=134)
23:15:22.309 [main] INFO  c.o.v.MutatingMatchOneMarketDataOrderVisitor - [ORDERBOOK] Can't match order:MktData(price=43,quantity=134)(MktData(price=98,quantity=154))
23:15:22.310 [main] INFO  c.o.v.MutatingRemoveAllMarketDataOrdersVisitor - [ORDERBOOK] Removing market data order:MktData(price=98,quantity=501)
23:15:22.310 [main] INFO  c.o.v.MutatingRemoveAllMarketDataOrdersVisitor - [ORDERBOOK] Removing level:98
23:15:22.310 [main] INFO  c.o.v.MutatingRemoveAllMarketDataOrdersVisitor - [ORDERBOOK] Removing market data order:MktData(price=101,quantity=200)
23:15:22.310 [main] INFO  c.o.v.MutatingRemoveAllMarketDataOrdersVisitor - [ORDERBOOK] Removing level:101
23:15:22.310 [main] INFO  c.o.v.MutatingRemoveAllMarketDataOrdersVisitor - [ORDERBOOK] Removing market data order:MktData(price=110,quantity=5000)
23:15:22.310 [main] INFO  c.o.v.MutatingRemoveAllMarketDataOrdersVisitor - [ORDERBOOK] Removing level:110
23:15:22.310 [main] INFO  c.o.v.MutatingRemoveAllMarketDataOrdersVisitor - [ORDERBOOK] Removing market data order:MktData(price=119,quantity=5600)
23:15:22.310 [main] INFO  c.o.v.MutatingRemoveAllMarketDataOrdersVisitor - [ORDERBOOK] Removing level:119
23:15:22.310 [main] INFO  c.o.v.MutatingRemoveAllMarketDataOrdersVisitor - [ORDERBOOK] Removing market data order:MktData(price=123,quantity=453)
23:15:22.310 [main] INFO  c.o.v.MutatingRemoveAllMarketDataOrdersVisitor - [ORDERBOOK] Removing level:123
23:15:22.310 [main] INFO  c.o.v.MutatingRemoveAllMarketDataOrdersVisitor - [ORDERBOOK] Removing market data order:MktData(price=144,quantity=645)
23:15:22.310 [main] INFO  c.o.v.MutatingRemoveAllMarketDataOrdersVisitor - [ORDERBOOK] Removing level:144
23:15:22.310 [main] INFO  c.o.v.MutatingRemoveAllMarketDataOrdersVisitor - [ORDERBOOK] Removing market data order:MktData(price=167,quantity=665)
23:15:22.310 [main] INFO  c.o.v.MutatingRemoveAllMarketDataOrdersVisitor - [ORDERBOOK] Removing level:167
23:15:22.310 [main] DEBUG c.orderbook.OrderBook - [ORDERBOOK] ASK: Adding orderMktData(price=98,quantity=501)
23:15:22.310 [main] DEBUG c.orderbook.OrderBook - [ORDERBOOK] ASK: Adding orderMktData(price=101,quantity=200)
23:15:22.310 [main] DEBUG c.orderbook.OrderBook - [ORDERBOOK] ASK: Adding orderMktData(price=110,quantity=5000)
23:15:22.310 [main] DEBUG c.orderbook.OrderBook - [ORDERBOOK] ASK: Adding orderMktData(price=119,quantity=5600)
23:15:22.310 [main] DEBUG c.orderbook.OrderBook - [ORDERBOOK] ASK: Adding orderMktData(price=123,quantity=453)
23:15:22.310 [main] DEBUG c.orderbook.OrderBook - [ORDERBOOK] ASK: Adding orderMktData(price=144,quantity=645)
23:15:22.311 [main] DEBUG c.orderbook.OrderBook - [ORDERBOOK] ASK: Adding orderMktData(price=167,quantity=665)
23:15:22.311 [main] DEBUG c.service.MarketDataService - [ALGO] BID: price:43 quantity:134
23:15:22.311 [main] DEBUG c.service.MarketDataService - [ALGO] BID: price:76 quantity:145
23:15:22.311 [main] DEBUG c.service.MarketDataService - [ALGO] BID: price:91 quantity:300
23:15:22.311 [main] DEBUG c.service.MarketDataService - [ALGO] BID: price:93 quantity:200
23:15:22.311 [main] DEBUG c.service.MarketDataService - [ALGO] BID: price:95 quantity:100
23:15:22.311 [main] DEBUG c.service.MarketDataService - [ALGO] BID: price:98 quantity:154
23:15:22.311 [main] DEBUG c.service.MarketDataService - [ALGO] ASK: price:98 quantity:501
23:15:22.311 [main] DEBUG c.service.MarketDataService - [ALGO] ASK: price:101 quantity:200
23:15:22.311 [main] DEBUG c.service.MarketDataService - [ALGO] ASK: price:110 quantity:5000
23:15:22.311 [main] DEBUG c.service.MarketDataService - [ALGO] ASK: price:119 quantity:5600
23:15:22.311 [main] DEBUG c.service.MarketDataService - [ALGO] ASK: price:123 quantity:453
23:15:22.311 [main] DEBUG c.service.MarketDataService - [ALGO] ASK: price:144 quantity:645
23:15:22.311 [main] DEBUG c.service.MarketDataService - [ALGO] ASK: price:167 quantity:665
23:15:22.311 [main] INFO  c.gettingstarted.MyAlgoLogic - [MYALGO] The state of the order book is:
|----BID-----||----ASK----|
    134 @ 43    501 @ 98
    145 @ 76   200 @ 101
    300 @ 91  5000 @ 110
    200 @ 93  5600 @ 119
    100 @ 95   453 @ 123
    154 @ 98   645 @ 144
          -    665 @ 167
|------------||-----------|

23:15:22.312 [main] INFO  c.gettingstarted.MyAlgoLogic - [MYALGO] Algo Sees Book as: 
|----BID-----||----ASK----|
    134 @ 43    501 @ 98
    145 @ 76   200 @ 101
    300 @ 91  5000 @ 110
    200 @ 93  5600 @ 119
    100 @ 95   453 @ 123
    154 @ 98   645 @ 144
          -    665 @ 167
|------------||-----------|

23:15:22.312 [main] INFO  c.gettingstarted.TimedLogic - [TIMEDLOGIC] Market is closed
23:15:22.312 [main] INFO  c.sequencer.consumer.LoggingConsumer - [10] 
|----BID-----|
    134 @ 43
    145 @ 76
    300 @ 91
    200 @ 93
    100 @ 95
    154 @ 98
|----ASK-----|
    501 @ 98
   200 @ 101
  5000 @ 110
  5600 @ 119
   453 @ 123
   645 @ 144
   665 @ 167

23:15:22.312 [main] INFO  c.orderbook.OrderBook - [ORDERBOOK] Processing Mkt Data Update
23:15:22.312 [main] INFO  c.o.v.MutatingRemoveAllMarketDataOrdersVisitor - [ORDERBOOK] Removing market data order:MktData(price=43,quantity=134)
23:15:22.312 [main] INFO  c.o.v.MutatingRemoveAllMarketDataOrdersVisitor - [ORDERBOOK] Removing level:43
23:15:22.312 [main] DEBUG c.orderbook.OrderBook - [ORDERBOOK] ASK: Adding orderMktData(price=43,quantity=134)
23:15:22.312 [main] DEBUG c.orderbook.OrderBook - [ORDERBOOK] ASK: Adding orderMktData(price=76,quantity=145)
23:15:22.312 [main] DEBUG c.orderbook.OrderBook - [ORDERBOOK] ASK: Adding orderMktData(price=91,quantity=300)
23:15:22.312 [main] DEBUG c.orderbook.OrderBook - [ORDERBOOK] ASK: Adding orderMktData(price=93,quantity=200)
23:15:22.312 [main] DEBUG c.orderbook.OrderBook - [ORDERBOOK] ASK: Adding orderMktData(price=95,quantity=100)
23:15:22.313 [main] DEBUG c.orderbook.OrderBook - [ORDERBOOK] ASK: Adding orderMktData(price=98,quantity=154)
23:15:22.313 [main] INFO  c.o.v.MutatingMatchOneMarketDataOrderVisitor - [ORDERBOOK] visiting LevelOrderBookLevel(price=43,quantity=134)
23:15:22.313 [main] INFO  c.o.v.MutatingMatchOneMarketDataOrderVisitor - [ORDERBOOK] Can't match order:MktData(price=43,quantity=134)(MktData(price=98,quantity=154))
23:15:22.313 [main] INFO  c.o.v.MutatingRemoveAllMarketDataOrdersVisitor - [ORDERBOOK] Removing market data order:MktData(price=98,quantity=501)
23:15:22.313 [main] INFO  c.o.v.MutatingRemoveAllMarketDataOrdersVisitor - [ORDERBOOK] Removing level:98
23:15:22.313 [main] INFO  c.o.v.MutatingRemoveAllMarketDataOrdersVisitor - [ORDERBOOK] Removing market data order:MktData(price=101,quantity=200)
23:15:22.313 [main] INFO  c.o.v.MutatingRemoveAllMarketDataOrdersVisitor - [ORDERBOOK] Removing level:101
23:15:22.313 [main] INFO  c.o.v.MutatingRemoveAllMarketDataOrdersVisitor - [ORDERBOOK] Removing market data order:MktData(price=110,quantity=5000)
23:15:22.313 [main] INFO  c.o.v.MutatingRemoveAllMarketDataOrdersVisitor - [ORDERBOOK] Removing level:110
23:15:22.313 [main] INFO  c.o.v.MutatingRemoveAllMarketDataOrdersVisitor - [ORDERBOOK] Removing market data order:MktData(price=119,quantity=5600)
23:15:22.313 [main] INFO  c.o.v.MutatingRemoveAllMarketDataOrdersVisitor - [ORDERBOOK] Removing level:119
23:15:22.313 [main] INFO  c.o.v.MutatingRemoveAllMarketDataOrdersVisitor - [ORDERBOOK] Removing market data order:MktData(price=123,quantity=453)
23:15:22.313 [main] INFO  c.o.v.MutatingRemoveAllMarketDataOrdersVisitor - [ORDERBOOK] Removing level:123
23:15:22.313 [main] INFO  c.o.v.MutatingRemoveAllMarketDataOrdersVisitor - [ORDERBOOK] Removing market data order:MktData(price=144,quantity=645)
23:15:22.313 [main] INFO  c.o.v.MutatingRemoveAllMarketDataOrdersVisitor - [ORDERBOOK] Removing level:144
23:15:22.313 [main] INFO  c.o.v.MutatingRemoveAllMarketDataOrdersVisitor - [ORDERBOOK] Removing market data order:MktData(price=167,quantity=665)
23:15:22.313 [main] INFO  c.o.v.MutatingRemoveAllMarketDataOrdersVisitor - [ORDERBOOK] Removing level:167
23:15:22.313 [main] DEBUG c.orderbook.OrderBook - [ORDERBOOK] ASK: Adding orderMktData(price=98,quantity=501)
23:15:22.313 [main] DEBUG c.orderbook.OrderBook - [ORDERBOOK] ASK: Adding orderMktData(price=101,quantity=200)
23:15:22.313 [main] DEBUG c.orderbook.OrderBook - [ORDERBOOK] ASK: Adding orderMktData(price=110,quantity=5000)
23:15:22.313 [main] DEBUG c.orderbook.OrderBook - [ORDERBOOK] ASK: Adding orderMktData(price=119,quantity=5600)
23:15:22.314 [main] DEBUG c.orderbook.OrderBook - [ORDERBOOK] ASK: Adding orderMktData(price=123,quantity=453)
23:15:22.314 [main] DEBUG c.orderbook.OrderBook - [ORDERBOOK] ASK: Adding orderMktData(price=144,quantity=645)
23:15:22.314 [main] DEBUG c.orderbook.OrderBook - [ORDERBOOK] ASK: Adding orderMktData(price=167,quantity=665)
23:15:22.314 [main] DEBUG c.service.MarketDataService - [ALGO] BID: price:43 quantity:134
23:15:22.314 [main] DEBUG c.service.MarketDataService - [ALGO] BID: price:76 quantity:145
23:15:22.314 [main] DEBUG c.service.MarketDataService - [ALGO] BID: price:91 quantity:300
23:15:22.314 [main] DEBUG c.service.MarketDataService - [ALGO] BID: price:93 quantity:200
23:15:22.314 [main] DEBUG c.service.MarketDataService - [ALGO] BID: price:95 quantity:100
23:15:22.314 [main] DEBUG c.service.MarketDataService - [ALGO] BID: price:98 quantity:154
23:15:22.314 [main] DEBUG c.service.MarketDataService - [ALGO] ASK: price:98 quantity:501
23:15:22.314 [main] DEBUG c.service.MarketDataService - [ALGO] ASK: price:101 quantity:200
23:15:22.314 [main] DEBUG c.service.MarketDataService - [ALGO] ASK: price:110 quantity:5000
23:15:22.314 [main] DEBUG c.service.MarketDataService - [ALGO] ASK: price:119 quantity:5600
23:15:22.314 [main] DEBUG c.service.MarketDataService - [ALGO] ASK: price:123 quantity:453
23:15:22.314 [main] DEBUG c.service.MarketDataService - [ALGO] ASK: price:144 quantity:645
23:15:22.314 [main] DEBUG c.service.MarketDataService - [ALGO] ASK: price:167 quantity:665
23:15:22.315 [main] INFO  c.gettingstarted.MyAlgoLogic - [MYALGO] The state of the order book is:
|----BID-----||----ASK----|
    134 @ 43    501 @ 98
    145 @ 76   200 @ 101
    300 @ 91  5000 @ 110
    200 @ 93  5600 @ 119
    100 @ 95   453 @ 123
    154 @ 98   645 @ 144
          -    665 @ 167
|------------||-----------|

23:15:22.315 [main] INFO  c.gettingstarted.MyAlgoLogic - [MYALGO] Algo Sees Book as: 
|----BID-----||----ASK----|
    134 @ 43    501 @ 98
    145 @ 76   200 @ 101
    300 @ 91  5000 @ 110
    200 @ 93  5600 @ 119
    100 @ 95   453 @ 123
    154 @ 98   645 @ 144
          -    665 @ 167
|------------||-----------|

23:15:22.315 [main] INFO  c.gettingstarted.TimedLogic - [TIMEDLOGIC] Market is closed
23:15:22.315 [main] INFO  c.sequencer.consumer.LoggingConsumer - [11] 
|----BID-----|
    134 @ 43
    145 @ 76
    300 @ 91
    200 @ 93
    100 @ 95
    154 @ 98
|----ASK-----|
    501 @ 98
   200 @ 101
  5000 @ 110
  5600 @ 119
   453 @ 123
   645 @ 144
   665 @ 167

23:15:22.315 [main] INFO  c.orderbook.OrderBook - [ORDERBOOK] Processing Mkt Data Update
23:15:22.315 [main] INFO  c.o.v.MutatingRemoveAllMarketDataOrdersVisitor - [ORDERBOOK] Removing market data order:MktData(price=43,quantity=134)
23:15:22.316 [main] INFO  c.o.v.MutatingRemoveAllMarketDataOrdersVisitor - [ORDERBOOK] Removing level:43
23:15:22.316 [main] DEBUG c.orderbook.OrderBook - [ORDERBOOK] ASK: Adding orderMktData(price=43,quantity=134)
23:15:22.316 [main] DEBUG c.orderbook.OrderBook - [ORDERBOOK] ASK: Adding orderMktData(price=76,quantity=145)
23:15:22.316 [main] DEBUG c.orderbook.OrderBook - [ORDERBOOK] ASK: Adding orderMktData(price=91,quantity=300)
23:15:22.316 [main] DEBUG c.orderbook.OrderBook - [ORDERBOOK] ASK: Adding orderMktData(price=93,quantity=200)
23:15:22.316 [main] DEBUG c.orderbook.OrderBook - [ORDERBOOK] ASK: Adding orderMktData(price=95,quantity=100)
23:15:22.316 [main] DEBUG c.orderbook.OrderBook - [ORDERBOOK] ASK: Adding orderMktData(price=98,quantity=154)
23:15:22.316 [main] INFO  c.o.v.MutatingMatchOneMarketDataOrderVisitor - [ORDERBOOK] visiting LevelOrderBookLevel(price=43,quantity=134)
23:15:22.316 [main] INFO  c.o.v.MutatingMatchOneMarketDataOrderVisitor - [ORDERBOOK] Can't match order:MktData(price=43,quantity=134)(MktData(price=98,quantity=154))
23:15:22.316 [main] INFO  c.o.v.MutatingRemoveAllMarketDataOrdersVisitor - [ORDERBOOK] Removing market data order:MktData(price=98,quantity=501)
23:15:22.316 [main] INFO  c.o.v.MutatingRemoveAllMarketDataOrdersVisitor - [ORDERBOOK] Removing level:98
23:15:22.316 [main] INFO  c.o.v.MutatingRemoveAllMarketDataOrdersVisitor - [ORDERBOOK] Removing market data order:MktData(price=101,quantity=200)
23:15:22.316 [main] INFO  c.o.v.MutatingRemoveAllMarketDataOrdersVisitor - [ORDERBOOK] Removing level:101
23:15:22.316 [main] INFO  c.o.v.MutatingRemoveAllMarketDataOrdersVisitor - [ORDERBOOK] Removing market data order:MktData(price=110,quantity=5000)
23:15:22.316 [main] INFO  c.o.v.MutatingRemoveAllMarketDataOrdersVisitor - [ORDERBOOK] Removing level:110
23:15:22.316 [main] INFO  c.o.v.MutatingRemoveAllMarketDataOrdersVisitor - [ORDERBOOK] Removing market data order:MktData(price=119,quantity=5600)
23:15:22.316 [main] INFO  c.o.v.MutatingRemoveAllMarketDataOrdersVisitor - [ORDERBOOK] Removing level:119
23:15:22.316 [main] INFO  c.o.v.MutatingRemoveAllMarketDataOrdersVisitor - [ORDERBOOK] Removing market data order:MktData(price=123,quantity=453)
23:15:22.316 [main] INFO  c.o.v.MutatingRemoveAllMarketDataOrdersVisitor - [ORDERBOOK] Removing level:123
23:15:22.316 [main] INFO  c.o.v.MutatingRemoveAllMarketDataOrdersVisitor - [ORDERBOOK] Removing market data order:MktData(price=144,quantity=645)
23:15:22.317 [main] INFO  c.o.v.MutatingRemoveAllMarketDataOrdersVisitor - [ORDERBOOK] Removing level:144
23:15:22.317 [main] INFO  c.o.v.MutatingRemoveAllMarketDataOrdersVisitor - [ORDERBOOK] Removing market data order:MktData(price=167,quantity=665)
23:15:22.317 [main] INFO  c.o.v.MutatingRemoveAllMarketDataOrdersVisitor - [ORDERBOOK] Removing level:167
23:15:22.317 [main] DEBUG c.orderbook.OrderBook - [ORDERBOOK] ASK: Adding orderMktData(price=98,quantity=501)
23:15:22.317 [main] DEBUG c.orderbook.OrderBook - [ORDERBOOK] ASK: Adding orderMktData(price=101,quantity=200)
23:15:22.317 [main] DEBUG c.orderbook.OrderBook - [ORDERBOOK] ASK: Adding orderMktData(price=110,quantity=5000)
23:15:22.317 [main] DEBUG c.orderbook.OrderBook - [ORDERBOOK] ASK: Adding orderMktData(price=119,quantity=5600)
23:15:22.317 [main] DEBUG c.orderbook.OrderBook - [ORDERBOOK] ASK: Adding orderMktData(price=123,quantity=453)
23:15:22.317 [main] DEBUG c.orderbook.OrderBook - [ORDERBOOK] ASK: Adding orderMktData(price=144,quantity=645)
23:15:22.317 [main] DEBUG c.orderbook.OrderBook - [ORDERBOOK] ASK: Adding orderMktData(price=167,quantity=665)
23:15:22.317 [main] DEBUG c.service.MarketDataService - [ALGO] BID: price:43 quantity:134
23:15:22.317 [main] DEBUG c.service.MarketDataService - [ALGO] BID: price:76 quantity:145
23:15:22.317 [main] DEBUG c.service.MarketDataService - [ALGO] BID: price:91 quantity:300
23:15:22.317 [main] DEBUG c.service.MarketDataService - [ALGO] BID: price:93 quantity:200
23:15:22.317 [main] DEBUG c.service.MarketDataService - [ALGO] BID: price:95 quantity:100
23:15:22.317 [main] DEBUG c.service.MarketDataService - [ALGO] BID: price:98 quantity:154
23:15:22.317 [main] DEBUG c.service.MarketDataService - [ALGO] ASK: price:98 quantity:501
23:15:22.318 [main] DEBUG c.service.MarketDataService - [ALGO] ASK: price:101 quantity:200
23:15:22.318 [main] DEBUG c.service.MarketDataService - [ALGO] ASK: price:110 quantity:5000
23:15:22.318 [main] DEBUG c.service.MarketDataService - [ALGO] ASK: price:119 quantity:5600
23:15:22.318 [main] DEBUG c.service.MarketDataService - [ALGO] ASK: price:123 quantity:453
23:15:22.318 [main] DEBUG c.service.MarketDataService - [ALGO] ASK: price:144 quantity:645
23:15:22.318 [main] DEBUG c.service.MarketDataService - [ALGO] ASK: price:167 quantity:665
23:15:22.318 [main] INFO  c.gettingstarted.MyAlgoLogic - [MYALGO] The state of the order book is:
|----BID-----||----ASK----|
    134 @ 43    501 @ 98
    145 @ 76   200 @ 101
    300 @ 91  5000 @ 110
    200 @ 93  5600 @ 119
    100 @ 95   453 @ 123
    154 @ 98   645 @ 144
          -    665 @ 167
|------------||-----------|

23:15:22.318 [main] INFO  c.gettingstarted.MyAlgoLogic - [MYALGO] Algo Sees Book as: 
|----BID-----||----ASK----|
    134 @ 43    501 @ 98
    145 @ 76   200 @ 101
    300 @ 91  5000 @ 110
    200 @ 93  5600 @ 119
    100 @ 95   453 @ 123
    154 @ 98   645 @ 144
          -    665 @ 167
|------------||-----------|

23:15:22.318 [main] INFO  c.gettingstarted.TimedLogic - [TIMEDLOGIC] Market is closed
23:15:22.319 [main] INFO  c.sequencer.consumer.LoggingConsumer - [12] 
|----BID-----|
    134 @ 43
    145 @ 76
    300 @ 91
    200 @ 93
    100 @ 95
    154 @ 98
|----ASK-----|
    501 @ 98
   200 @ 101
  5000 @ 110
  5600 @ 119
   453 @ 123
   645 @ 144
   665 @ 167

23:15:22.319 [main] INFO  c.orderbook.OrderBook - [ORDERBOOK] Processing Mkt Data Update
23:15:22.319 [main] INFO  c.o.v.MutatingRemoveAllMarketDataOrdersVisitor - [ORDERBOOK] Removing market data order:MktData(price=43,quantity=134)
23:15:22.319 [main] INFO  c.o.v.MutatingRemoveAllMarketDataOrdersVisitor - [ORDERBOOK] Removing level:43
23:15:22.319 [main] DEBUG c.orderbook.OrderBook - [ORDERBOOK] ASK: Adding orderMktData(price=43,quantity=134)
23:15:22.319 [main] DEBUG c.orderbook.OrderBook - [ORDERBOOK] ASK: Adding orderMktData(price=76,quantity=145)
23:15:22.319 [main] DEBUG c.orderbook.OrderBook - [ORDERBOOK] ASK: Adding orderMktData(price=91,quantity=300)
23:15:22.319 [main] DEBUG c.orderbook.OrderBook - [ORDERBOOK] ASK: Adding orderMktData(price=93,quantity=200)
23:15:22.319 [main] DEBUG c.orderbook.OrderBook - [ORDERBOOK] ASK: Adding orderMktData(price=95,quantity=100)
23:15:22.319 [main] DEBUG c.orderbook.OrderBook - [ORDERBOOK] ASK: Adding orderMktData(price=98,quantity=154)
23:15:22.319 [main] INFO  c.o.v.MutatingMatchOneMarketDataOrderVisitor - [ORDERBOOK] visiting LevelOrderBookLevel(price=43,quantity=134)
23:15:22.319 [main] INFO  c.o.v.MutatingMatchOneMarketDataOrderVisitor - [ORDERBOOK] Can't match order:MktData(price=43,quantity=134)(MktData(price=98,quantity=154))
23:15:22.319 [main] INFO  c.o.v.MutatingRemoveAllMarketDataOrdersVisitor - [ORDERBOOK] Removing market data order:MktData(price=98,quantity=501)
23:15:22.319 [main] INFO  c.o.v.MutatingRemoveAllMarketDataOrdersVisitor - [ORDERBOOK] Removing level:98
23:15:22.319 [main] INFO  c.o.v.MutatingRemoveAllMarketDataOrdersVisitor - [ORDERBOOK] Removing market data order:MktData(price=101,quantity=200)
23:15:22.319 [main] INFO  c.o.v.MutatingRemoveAllMarketDataOrdersVisitor - [ORDERBOOK] Removing level:101
23:15:22.319 [main] INFO  c.o.v.MutatingRemoveAllMarketDataOrdersVisitor - [ORDERBOOK] Removing market data order:MktData(price=110,quantity=5000)
23:15:22.320 [main] INFO  c.o.v.MutatingRemoveAllMarketDataOrdersVisitor - [ORDERBOOK] Removing level:110
23:15:22.320 [main] INFO  c.o.v.MutatingRemoveAllMarketDataOrdersVisitor - [ORDERBOOK] Removing market data order:MktData(price=119,quantity=5600)
23:15:22.320 [main] INFO  c.o.v.MutatingRemoveAllMarketDataOrdersVisitor - [ORDERBOOK] Removing level:119
23:15:22.320 [main] INFO  c.o.v.MutatingRemoveAllMarketDataOrdersVisitor - [ORDERBOOK] Removing market data order:MktData(price=123,quantity=453)
23:15:22.320 [main] INFO  c.o.v.MutatingRemoveAllMarketDataOrdersVisitor - [ORDERBOOK] Removing level:123
23:15:22.320 [main] INFO  c.o.v.MutatingRemoveAllMarketDataOrdersVisitor - [ORDERBOOK] Removing market data order:MktData(price=144,quantity=645)
23:15:22.320 [main] INFO  c.o.v.MutatingRemoveAllMarketDataOrdersVisitor - [ORDERBOOK] Removing level:144
23:15:22.320 [main] INFO  c.o.v.MutatingRemoveAllMarketDataOrdersVisitor - [ORDERBOOK] Removing market data order:MktData(price=167,quantity=665)
23:15:22.320 [main] INFO  c.o.v.MutatingRemoveAllMarketDataOrdersVisitor - [ORDERBOOK] Removing level:167
23:15:22.320 [main] DEBUG c.orderbook.OrderBook - [ORDERBOOK] ASK: Adding orderMktData(price=98,quantity=501)
23:15:22.320 [main] DEBUG c.orderbook.OrderBook - [ORDERBOOK] ASK: Adding orderMktData(price=101,quantity=200)
23:15:22.320 [main] DEBUG c.orderbook.OrderBook - [ORDERBOOK] ASK: Adding orderMktData(price=110,quantity=5000)
23:15:22.320 [main] DEBUG c.orderbook.OrderBook - [ORDERBOOK] ASK: Adding orderMktData(price=119,quantity=5600)
23:15:22.320 [main] DEBUG c.orderbook.OrderBook - [ORDERBOOK] ASK: Adding orderMktData(price=123,quantity=453)
23:15:22.320 [main] DEBUG c.orderbook.OrderBook - [ORDERBOOK] ASK: Adding orderMktData(price=144,quantity=645)
23:15:22.320 [main] DEBUG c.orderbook.OrderBook - [ORDERBOOK] ASK: Adding orderMktData(price=167,quantity=665)
23:15:22.320 [main] DEBUG c.service.MarketDataService - [ALGO] BID: price:43 quantity:134
23:15:22.320 [main] DEBUG c.service.MarketDataService - [ALGO] BID: price:76 quantity:145
23:15:22.320 [main] DEBUG c.service.MarketDataService - [ALGO] BID: price:91 quantity:300
23:15:22.321 [main] DEBUG c.service.MarketDataService - [ALGO] BID: price:93 quantity:200
23:15:22.321 [main] DEBUG c.service.MarketDataService - [ALGO] BID: price:95 quantity:100
23:15:22.321 [main] DEBUG c.service.MarketDataService - [ALGO] BID: price:98 quantity:154
23:15:22.321 [main] DEBUG c.service.MarketDataService - [ALGO] ASK: price:98 quantity:501
23:15:22.321 [main] DEBUG c.service.MarketDataService - [ALGO] ASK: price:101 quantity:200
23:15:22.321 [main] DEBUG c.service.MarketDataService - [ALGO] ASK: price:110 quantity:5000
23:15:22.321 [main] DEBUG c.service.MarketDataService - [ALGO] ASK: price:119 quantity:5600
23:15:22.321 [main] DEBUG c.service.MarketDataService - [ALGO] ASK: price:123 quantity:453
23:15:22.321 [main] DEBUG c.service.MarketDataService - [ALGO] ASK: price:144 quantity:645
23:15:22.321 [main] DEBUG c.service.MarketDataService - [ALGO] ASK: price:167 quantity:665
23:15:22.322 [main] INFO  c.gettingstarted.MyAlgoLogic - [MYALGO] The state of the order book is:
|----BID-----||----ASK----|
    134 @ 43    501 @ 98
    145 @ 76   200 @ 101
    300 @ 91  5000 @ 110
    200 @ 93  5600 @ 119
    100 @ 95   453 @ 123
    154 @ 98   645 @ 144
          -    665 @ 167
|------------||-----------|

23:15:22.322 [main] INFO  c.gettingstarted.MyAlgoLogic - [MYALGO] Algo Sees Book as: 
|----BID-----||----ASK----|
    134 @ 43    501 @ 98
    145 @ 76   200 @ 101
    300 @ 91  5000 @ 110
    200 @ 93  5600 @ 119
    100 @ 95   453 @ 123
    154 @ 98   645 @ 144
          -    665 @ 167
|------------||-----------|

23:15:22.322 [main] INFO  c.gettingstarted.TimedLogic - [TIMEDLOGIC] Market is closed
23:15:22.322 [main] INFO  c.sequencer.consumer.LoggingConsumer - [13] 
|----BID-----|
    134 @ 43
    145 @ 76
    300 @ 91
    200 @ 93
    100 @ 95
    154 @ 98
|----ASK-----|
    501 @ 98
   200 @ 101
  5000 @ 110
  5600 @ 119
   453 @ 123
   645 @ 144
   665 @ 167

23:15:22.322 [main] INFO  c.orderbook.OrderBook - [ORDERBOOK] Processing Mkt Data Update
23:15:22.322 [main] INFO  c.o.v.MutatingRemoveAllMarketDataOrdersVisitor - [ORDERBOOK] Removing market data order:MktData(price=43,quantity=134)
23:15:22.322 [main] INFO  c.o.v.MutatingRemoveAllMarketDataOrdersVisitor - [ORDERBOOK] Removing level:43
23:15:22.322 [main] DEBUG c.orderbook.OrderBook - [ORDERBOOK] ASK: Adding orderMktData(price=43,quantity=134)
23:15:22.323 [main] DEBUG c.orderbook.OrderBook - [ORDERBOOK] ASK: Adding orderMktData(price=76,quantity=145)
23:15:22.323 [main] DEBUG c.orderbook.OrderBook - [ORDERBOOK] ASK: Adding orderMktData(price=91,quantity=300)
23:15:22.323 [main] DEBUG c.orderbook.OrderBook - [ORDERBOOK] ASK: Adding orderMktData(price=93,quantity=200)
23:15:22.323 [main] DEBUG c.orderbook.OrderBook - [ORDERBOOK] ASK: Adding orderMktData(price=95,quantity=100)
23:15:22.323 [main] DEBUG c.orderbook.OrderBook - [ORDERBOOK] ASK: Adding orderMktData(price=98,quantity=154)
23:15:22.323 [main] INFO  c.o.v.MutatingMatchOneMarketDataOrderVisitor - [ORDERBOOK] visiting LevelOrderBookLevel(price=43,quantity=134)
23:15:22.323 [main] INFO  c.o.v.MutatingMatchOneMarketDataOrderVisitor - [ORDERBOOK] Can't match order:MktData(price=43,quantity=134)(MktData(price=98,quantity=154))
23:15:22.323 [main] INFO  c.o.v.MutatingRemoveAllMarketDataOrdersVisitor - [ORDERBOOK] Removing market data order:MktData(price=98,quantity=501)
23:15:22.323 [main] INFO  c.o.v.MutatingRemoveAllMarketDataOrdersVisitor - [ORDERBOOK] Removing level:98
23:15:22.323 [main] INFO  c.o.v.MutatingRemoveAllMarketDataOrdersVisitor - [ORDERBOOK] Removing market data order:MktData(price=101,quantity=200)
23:15:22.323 [main] INFO  c.o.v.MutatingRemoveAllMarketDataOrdersVisitor - [ORDERBOOK] Removing level:101
23:15:22.323 [main] INFO  c.o.v.MutatingRemoveAllMarketDataOrdersVisitor - [ORDERBOOK] Removing market data order:MktData(price=110,quantity=5000)
23:15:22.323 [main] INFO  c.o.v.MutatingRemoveAllMarketDataOrdersVisitor - [ORDERBOOK] Removing level:110
23:15:22.323 [main] INFO  c.o.v.MutatingRemoveAllMarketDataOrdersVisitor - [ORDERBOOK] Removing market data order:MktData(price=119,quantity=5600)
23:15:22.323 [main] INFO  c.o.v.MutatingRemoveAllMarketDataOrdersVisitor - [ORDERBOOK] Removing level:119
23:15:22.323 [main] INFO  c.o.v.MutatingRemoveAllMarketDataOrdersVisitor - [ORDERBOOK] Removing market data order:MktData(price=123,quantity=453)
23:15:22.323 [main] INFO  c.o.v.MutatingRemoveAllMarketDataOrdersVisitor - [ORDERBOOK] Removing level:123
23:15:22.323 [main] INFO  c.o.v.MutatingRemoveAllMarketDataOrdersVisitor - [ORDERBOOK] Removing market data order:MktData(price=144,quantity=645)
23:15:22.323 [main] INFO  c.o.v.MutatingRemoveAllMarketDataOrdersVisitor - [ORDERBOOK] Removing level:144
23:15:22.323 [main] INFO  c.o.v.MutatingRemoveAllMarketDataOrdersVisitor - [ORDERBOOK] Removing market data order:MktData(price=167,quantity=665)
23:15:22.323 [main] INFO  c.o.v.MutatingRemoveAllMarketDataOrdersVisitor - [ORDERBOOK] Removing level:167
23:15:22.323 [main] DEBUG c.orderbook.OrderBook - [ORDERBOOK] ASK: Adding orderMktData(price=98,quantity=501)
23:15:22.324 [main] DEBUG c.orderbook.OrderBook - [ORDERBOOK] ASK: Adding orderMktData(price=101,quantity=200)
23:15:22.324 [main] DEBUG c.orderbook.OrderBook - [ORDERBOOK] ASK: Adding orderMktData(price=110,quantity=5000)
23:15:22.324 [main] DEBUG c.orderbook.OrderBook - [ORDERBOOK] ASK: Adding orderMktData(price=119,quantity=5600)
23:15:22.324 [main] DEBUG c.orderbook.OrderBook - [ORDERBOOK] ASK: Adding orderMktData(price=123,quantity=453)
23:15:22.324 [main] DEBUG c.orderbook.OrderBook - [ORDERBOOK] ASK: Adding orderMktData(price=144,quantity=645)
23:15:22.324 [main] DEBUG c.orderbook.OrderBook - [ORDERBOOK] ASK: Adding orderMktData(price=167,quantity=665)
23:15:22.324 [main] DEBUG c.service.MarketDataService - [ALGO] BID: price:43 quantity:134
23:15:22.324 [main] DEBUG c.service.MarketDataService - [ALGO] BID: price:76 quantity:145
23:15:22.324 [main] DEBUG c.service.MarketDataService - [ALGO] BID: price:91 quantity:300
23:15:22.324 [main] DEBUG c.service.MarketDataService - [ALGO] BID: price:93 quantity:200
23:15:22.324 [main] DEBUG c.service.MarketDataService - [ALGO] BID: price:95 quantity:100
23:15:22.324 [main] DEBUG c.service.MarketDataService - [ALGO] BID: price:98 quantity:154
23:15:22.324 [main] DEBUG c.service.MarketDataService - [ALGO] ASK: price:98 quantity:501
23:15:22.324 [main] DEBUG c.service.MarketDataService - [ALGO] ASK: price:101 quantity:200
23:15:22.324 [main] DEBUG c.service.MarketDataService - [ALGO] ASK: price:110 quantity:5000
23:15:22.324 [main] DEBUG c.service.MarketDataService - [ALGO] ASK: price:119 quantity:5600
23:15:22.324 [main] DEBUG c.service.MarketDataService - [ALGO] ASK: price:123 quantity:453
23:15:22.325 [main] DEBUG c.service.MarketDataService - [ALGO] ASK: price:144 quantity:645
23:15:22.325 [main] DEBUG c.service.MarketDataService - [ALGO] ASK: price:167 quantity:665
23:15:22.325 [main] INFO  c.gettingstarted.MyAlgoLogic - [MYALGO] The state of the order book is:
|----BID-----||----ASK----|
    134 @ 43    501 @ 98
    145 @ 76   200 @ 101
    300 @ 91  5000 @ 110
    200 @ 93  5600 @ 119
    100 @ 95   453 @ 123
    154 @ 98   645 @ 144
          -    665 @ 167
|------------||-----------|

23:15:22.326 [main] INFO  c.gettingstarted.MyAlgoLogic - [MYALGO] Algo Sees Book as: 
|----BID-----||----ASK----|
    134 @ 43    501 @ 98
    145 @ 76   200 @ 101
    300 @ 91  5000 @ 110
    200 @ 93  5600 @ 119
    100 @ 95   453 @ 123
    154 @ 98   645 @ 144
          -    665 @ 167
|------------||-----------|

23:15:22.326 [main] INFO  c.gettingstarted.TimedLogic - [TIMEDLOGIC] Market is closed
23:15:22.326 [main] INFO  c.sequencer.consumer.LoggingConsumer - [14] 
|----BID-----|
    134 @ 43
    145 @ 76
    300 @ 91
    200 @ 93
    100 @ 95
    154 @ 98
|----ASK-----|
    501 @ 98
   200 @ 101
  5000 @ 110
  5600 @ 119
   453 @ 123
   645 @ 144
   665 @ 167

23:15:22.326 [main] INFO  c.orderbook.OrderBook - [ORDERBOOK] Processing Mkt Data Update
23:15:22.326 [main] INFO  c.o.v.MutatingRemoveAllMarketDataOrdersVisitor - [ORDERBOOK] Removing market data order:MktData(price=43,quantity=134)
23:15:22.326 [main] INFO  c.o.v.MutatingRemoveAllMarketDataOrdersVisitor - [ORDERBOOK] Removing level:43
23:15:22.326 [main] DEBUG c.orderbook.OrderBook - [ORDERBOOK] ASK: Adding orderMktData(price=43,quantity=134)
23:15:22.326 [main] DEBUG c.orderbook.OrderBook - [ORDERBOOK] ASK: Adding orderMktData(price=76,quantity=145)
23:15:22.326 [main] DEBUG c.orderbook.OrderBook - [ORDERBOOK] ASK: Adding orderMktData(price=91,quantity=300)
23:15:22.326 [main] DEBUG c.orderbook.OrderBook - [ORDERBOOK] ASK: Adding orderMktData(price=93,quantity=200)
23:15:22.326 [main] DEBUG c.orderbook.OrderBook - [ORDERBOOK] ASK: Adding orderMktData(price=95,quantity=100)
23:15:22.326 [main] DEBUG c.orderbook.OrderBook - [ORDERBOOK] ASK: Adding orderMktData(price=98,quantity=154)
23:15:22.327 [main] INFO  c.o.v.MutatingMatchOneMarketDataOrderVisitor - [ORDERBOOK] visiting LevelOrderBookLevel(price=43,quantity=134)
23:15:22.327 [main] INFO  c.o.v.MutatingMatchOneMarketDataOrderVisitor - [ORDERBOOK] Can't match order:MktData(price=43,quantity=134)(MktData(price=98,quantity=154))
23:15:22.327 [main] INFO  c.o.v.MutatingRemoveAllMarketDataOrdersVisitor - [ORDERBOOK] Removing market data order:MktData(price=98,quantity=501)
23:15:22.327 [main] INFO  c.o.v.MutatingRemoveAllMarketDataOrdersVisitor - [ORDERBOOK] Removing level:98
23:15:22.327 [main] INFO  c.o.v.MutatingRemoveAllMarketDataOrdersVisitor - [ORDERBOOK] Removing market data order:MktData(price=101,quantity=200)
23:15:22.327 [main] INFO  c.o.v.MutatingRemoveAllMarketDataOrdersVisitor - [ORDERBOOK] Removing level:101
23:15:22.327 [main] INFO  c.o.v.MutatingRemoveAllMarketDataOrdersVisitor - [ORDERBOOK] Removing market data order:MktData(price=110,quantity=5000)
23:15:22.327 [main] INFO  c.o.v.MutatingRemoveAllMarketDataOrdersVisitor - [ORDERBOOK] Removing level:110
23:15:22.327 [main] INFO  c.o.v.MutatingRemoveAllMarketDataOrdersVisitor - [ORDERBOOK] Removing market data order:MktData(price=119,quantity=5600)
23:15:22.327 [main] INFO  c.o.v.MutatingRemoveAllMarketDataOrdersVisitor - [ORDERBOOK] Removing level:119
23:15:22.327 [main] INFO  c.o.v.MutatingRemoveAllMarketDataOrdersVisitor - [ORDERBOOK] Removing market data order:MktData(price=123,quantity=453)
23:15:22.327 [main] INFO  c.o.v.MutatingRemoveAllMarketDataOrdersVisitor - [ORDERBOOK] Removing level:123
23:15:22.327 [main] INFO  c.o.v.MutatingRemoveAllMarketDataOrdersVisitor - [ORDERBOOK] Removing market data order:MktData(price=144,quantity=645)
23:15:22.327 [main] INFO  c.o.v.MutatingRemoveAllMarketDataOrdersVisitor - [ORDERBOOK] Removing level:144
23:15:22.327 [main] INFO  c.o.v.MutatingRemoveAllMarketDataOrdersVisitor - [ORDERBOOK] Removing market data order:MktData(price=167,quantity=665)
23:15:22.327 [main] INFO  c.o.v.MutatingRemoveAllMarketDataOrdersVisitor - [ORDERBOOK] Removing level:167
23:15:22.327 [main] DEBUG c.orderbook.OrderBook - [ORDERBOOK] ASK: Adding orderMktData(price=98,quantity=501)
23:15:22.327 [main] DEBUG c.orderbook.OrderBook - [ORDERBOOK] ASK: Adding orderMktData(price=101,quantity=200)
23:15:22.327 [main] DEBUG c.orderbook.OrderBook - [ORDERBOOK] ASK: Adding orderMktData(price=110,quantity=5000)
23:15:22.327 [main] DEBUG c.orderbook.OrderBook - [ORDERBOOK] ASK: Adding orderMktData(price=119,quantity=5600)
23:15:22.327 [main] DEBUG c.orderbook.OrderBook - [ORDERBOOK] ASK: Adding orderMktData(price=123,quantity=453)
23:15:22.327 [main] DEBUG c.orderbook.OrderBook - [ORDERBOOK] ASK: Adding orderMktData(price=144,quantity=645)
23:15:22.327 [main] DEBUG c.orderbook.OrderBook - [ORDERBOOK] ASK: Adding orderMktData(price=167,quantity=665)
23:15:22.328 [main] DEBUG c.service.MarketDataService - [ALGO] BID: price:43 quantity:134
23:15:22.328 [main] DEBUG c.service.MarketDataService - [ALGO] BID: price:76 quantity:145
23:15:22.328 [main] DEBUG c.service.MarketDataService - [ALGO] BID: price:91 quantity:300
23:15:22.328 [main] DEBUG c.service.MarketDataService - [ALGO] BID: price:93 quantity:200
23:15:22.328 [main] DEBUG c.service.MarketDataService - [ALGO] BID: price:95 quantity:100
23:15:22.328 [main] DEBUG c.service.MarketDataService - [ALGO] BID: price:98 quantity:154
23:15:22.328 [main] DEBUG c.service.MarketDataService - [ALGO] ASK: price:98 quantity:501
23:15:22.328 [main] DEBUG c.service.MarketDataService - [ALGO] ASK: price:101 quantity:200
23:15:22.328 [main] DEBUG c.service.MarketDataService - [ALGO] ASK: price:110 quantity:5000
23:15:22.328 [main] DEBUG c.service.MarketDataService - [ALGO] ASK: price:119 quantity:5600
23:15:22.328 [main] DEBUG c.service.MarketDataService - [ALGO] ASK: price:123 quantity:453
23:15:22.328 [main] DEBUG c.service.MarketDataService - [ALGO] ASK: price:144 quantity:645
23:15:22.328 [main] DEBUG c.service.MarketDataService - [ALGO] ASK: price:167 quantity:665
23:15:22.328 [main] INFO  c.gettingstarted.MyAlgoLogic - [MYALGO] The state of the order book is:
|----BID-----||----ASK----|
    134 @ 43    501 @ 98
    145 @ 76   200 @ 101
    300 @ 91  5000 @ 110
    200 @ 93  5600 @ 119
    100 @ 95   453 @ 123
    154 @ 98   645 @ 144
          -    665 @ 167
|------------||-----------|

23:15:22.328 [main] INFO  c.gettingstarted.MyAlgoLogic - [MYALGO] Algo Sees Book as: 
|----BID-----||----ASK----|
    134 @ 43    501 @ 98
    145 @ 76   200 @ 101
    300 @ 91  5000 @ 110
    200 @ 93  5600 @ 119
    100 @ 95   453 @ 123
    154 @ 98   645 @ 144
          -    665 @ 167
|------------||-----------|

23:15:22.329 [main] INFO  c.gettingstarted.TimedLogic - [TIMEDLOGIC] Market is closed
23:15:22.330 [main] INFO  c.sequencer.consumer.LoggingConsumer - [15] 
|----BID-----|
    134 @ 43
    145 @ 76
    300 @ 91
    200 @ 93
    100 @ 95
    154 @ 98
|----ASK-----|
    501 @ 98
   200 @ 101
  5000 @ 110
  5600 @ 119
   453 @ 123
   645 @ 144
   665 @ 167

23:15:22.330 [main] INFO  c.orderbook.OrderBook - [ORDERBOOK] Processing Mkt Data Update
23:15:22.330 [main] INFO  c.o.v.MutatingRemoveAllMarketDataOrdersVisitor - [ORDERBOOK] Removing market data order:MktData(price=43,quantity=134)
23:15:22.330 [main] INFO  c.o.v.MutatingRemoveAllMarketDataOrdersVisitor - [ORDERBOOK] Removing level:43
23:15:22.330 [main] DEBUG c.orderbook.OrderBook - [ORDERBOOK] ASK: Adding orderMktData(price=43,quantity=134)
23:15:22.330 [main] DEBUG c.orderbook.OrderBook - [ORDERBOOK] ASK: Adding orderMktData(price=76,quantity=145)
23:15:22.330 [main] DEBUG c.orderbook.OrderBook - [ORDERBOOK] ASK: Adding orderMktData(price=91,quantity=300)
23:15:22.330 [main] DEBUG c.orderbook.OrderBook - [ORDERBOOK] ASK: Adding orderMktData(price=93,quantity=200)
23:15:22.330 [main] DEBUG c.orderbook.OrderBook - [ORDERBOOK] ASK: Adding orderMktData(price=95,quantity=100)
23:15:22.330 [main] DEBUG c.orderbook.OrderBook - [ORDERBOOK] ASK: Adding orderMktData(price=98,quantity=154)
23:15:22.330 [main] INFO  c.o.v.MutatingMatchOneMarketDataOrderVisitor - [ORDERBOOK] visiting LevelOrderBookLevel(price=43,quantity=134)
23:15:22.330 [main] INFO  c.o.v.MutatingMatchOneMarketDataOrderVisitor - [ORDERBOOK] Can't match order:MktData(price=43,quantity=134)(MktData(price=98,quantity=154))
23:15:22.330 [main] INFO  c.o.v.MutatingRemoveAllMarketDataOrdersVisitor - [ORDERBOOK] Removing market data order:MktData(price=98,quantity=501)
23:15:22.330 [main] INFO  c.o.v.MutatingRemoveAllMarketDataOrdersVisitor - [ORDERBOOK] Removing level:98
23:15:22.330 [main] INFO  c.o.v.MutatingRemoveAllMarketDataOrdersVisitor - [ORDERBOOK] Removing market data order:MktData(price=101,quantity=200)
23:15:22.330 [main] INFO  c.o.v.MutatingRemoveAllMarketDataOrdersVisitor - [ORDERBOOK] Removing level:101
23:15:22.330 [main] INFO  c.o.v.MutatingRemoveAllMarketDataOrdersVisitor - [ORDERBOOK] Removing market data order:MktData(price=110,quantity=5000)
23:15:22.330 [main] INFO  c.o.v.MutatingRemoveAllMarketDataOrdersVisitor - [ORDERBOOK] Removing level:110
23:15:22.331 [main] INFO  c.o.v.MutatingRemoveAllMarketDataOrdersVisitor - [ORDERBOOK] Removing market data order:MktData(price=119,quantity=5600)
23:15:22.331 [main] INFO  c.o.v.MutatingRemoveAllMarketDataOrdersVisitor - [ORDERBOOK] Removing level:119
23:15:22.331 [main] INFO  c.o.v.MutatingRemoveAllMarketDataOrdersVisitor - [ORDERBOOK] Removing market data order:MktData(price=123,quantity=453)
23:15:22.331 [main] INFO  c.o.v.MutatingRemoveAllMarketDataOrdersVisitor - [ORDERBOOK] Removing level:123
23:15:22.331 [main] INFO  c.o.v.MutatingRemoveAllMarketDataOrdersVisitor - [ORDERBOOK] Removing market data order:MktData(price=144,quantity=645)
23:15:22.331 [main] INFO  c.o.v.MutatingRemoveAllMarketDataOrdersVisitor - [ORDERBOOK] Removing level:144
23:15:22.331 [main] INFO  c.o.v.MutatingRemoveAllMarketDataOrdersVisitor - [ORDERBOOK] Removing market data order:MktData(price=167,quantity=665)
23:15:22.331 [main] INFO  c.o.v.MutatingRemoveAllMarketDataOrdersVisitor - [ORDERBOOK] Removing level:167
23:15:22.331 [main] DEBUG c.orderbook.OrderBook - [ORDERBOOK] ASK: Adding orderMktData(price=98,quantity=501)
23:15:22.331 [main] DEBUG c.orderbook.OrderBook - [ORDERBOOK] ASK: Adding orderMktData(price=101,quantity=200)
23:15:22.331 [main] DEBUG c.orderbook.OrderBook - [ORDERBOOK] ASK: Adding orderMktData(price=110,quantity=5000)
23:15:22.331 [main] DEBUG c.orderbook.OrderBook - [ORDERBOOK] ASK: Adding orderMktData(price=119,quantity=5600)
23:15:22.331 [main] DEBUG c.orderbook.OrderBook - [ORDERBOOK] ASK: Adding orderMktData(price=123,quantity=453)
23:15:22.331 [main] DEBUG c.orderbook.OrderBook - [ORDERBOOK] ASK: Adding orderMktData(price=144,quantity=645)
23:15:22.331 [main] DEBUG c.orderbook.OrderBook - [ORDERBOOK] ASK: Adding orderMktData(price=167,quantity=665)
23:15:22.331 [main] DEBUG c.service.MarketDataService - [ALGO] BID: price:43 quantity:134
23:15:22.331 [main] DEBUG c.service.MarketDataService - [ALGO] BID: price:76 quantity:145
23:15:22.331 [main] DEBUG c.service.MarketDataService - [ALGO] BID: price:91 quantity:300
23:15:22.331 [main] DEBUG c.service.MarketDataService - [ALGO] BID: price:93 quantity:200
23:15:22.331 [main] DEBUG c.service.MarketDataService - [ALGO] BID: price:95 quantity:100
23:15:22.331 [main] DEBUG c.service.MarketDataService - [ALGO] BID: price:98 quantity:154
23:15:22.331 [main] DEBUG c.service.MarketDataService - [ALGO] ASK: price:98 quantity:501
23:15:22.331 [main] DEBUG c.service.MarketDataService - [ALGO] ASK: price:101 quantity:200
23:15:22.331 [main] DEBUG c.service.MarketDataService - [ALGO] ASK: price:110 quantity:5000
23:15:22.331 [main] DEBUG c.service.MarketDataService - [ALGO] ASK: price:119 quantity:5600
23:15:22.331 [main] DEBUG c.service.MarketDataService - [ALGO] ASK: price:123 quantity:453
23:15:22.331 [main] DEBUG c.service.MarketDataService - [ALGO] ASK: price:144 quantity:645
23:15:22.332 [main] DEBUG c.service.MarketDataService - [ALGO] ASK: price:167 quantity:665
23:15:22.332 [main] INFO  c.gettingstarted.MyAlgoLogic - [MYALGO] The state of the order book is:
|----BID-----||----ASK----|
    134 @ 43    501 @ 98
    145 @ 76   200 @ 101
    300 @ 91  5000 @ 110
    200 @ 93  5600 @ 119
    100 @ 95   453 @ 123
    154 @ 98   645 @ 144
          -    665 @ 167
|------------||-----------|

23:15:22.332 [main] INFO  c.gettingstarted.MyAlgoLogic - [MYALGO] Algo Sees Book as: 
|----BID-----||----ASK----|
    134 @ 43    501 @ 98
    145 @ 76   200 @ 101
    300 @ 91  5000 @ 110
    200 @ 93  5600 @ 119
    100 @ 95   453 @ 123
    154 @ 98   645 @ 144
          -    665 @ 167
|------------||-----------|

23:15:22.332 [main] INFO  c.gettingstarted.TimedLogic - [TIMEDLOGIC] Market is closed
23:15:22.332 [main] INFO  c.sequencer.consumer.LoggingConsumer - [16] 
|----BID-----|
    134 @ 43
    145 @ 76
    300 @ 91
    200 @ 93
    100 @ 95
    154 @ 98
|----ASK-----|
    501 @ 98
   200 @ 101
  5000 @ 110
  5600 @ 119
   453 @ 123
   645 @ 144
   665 @ 167

23:15:22.332 [main] INFO  c.orderbook.OrderBook - [ORDERBOOK] Processing Mkt Data Update
23:15:22.332 [main] INFO  c.o.v.MutatingRemoveAllMarketDataOrdersVisitor - [ORDERBOOK] Removing market data order:MktData(price=43,quantity=134)
23:15:22.332 [main] INFO  c.o.v.MutatingRemoveAllMarketDataOrdersVisitor - [ORDERBOOK] Removing level:43
23:15:22.332 [main] DEBUG c.orderbook.OrderBook - [ORDERBOOK] ASK: Adding orderMktData(price=43,quantity=134)
23:15:22.332 [main] DEBUG c.orderbook.OrderBook - [ORDERBOOK] ASK: Adding orderMktData(price=76,quantity=145)
23:15:22.332 [main] DEBUG c.orderbook.OrderBook - [ORDERBOOK] ASK: Adding orderMktData(price=91,quantity=300)
23:15:22.333 [main] DEBUG c.orderbook.OrderBook - [ORDERBOOK] ASK: Adding orderMktData(price=93,quantity=200)
23:15:22.333 [main] DEBUG c.orderbook.OrderBook - [ORDERBOOK] ASK: Adding orderMktData(price=95,quantity=100)
23:15:22.333 [main] DEBUG c.orderbook.OrderBook - [ORDERBOOK] ASK: Adding orderMktData(price=98,quantity=154)
23:15:22.333 [main] INFO  c.o.v.MutatingMatchOneMarketDataOrderVisitor - [ORDERBOOK] visiting LevelOrderBookLevel(price=43,quantity=134)
23:15:22.333 [main] INFO  c.o.v.MutatingMatchOneMarketDataOrderVisitor - [ORDERBOOK] Can't match order:MktData(price=43,quantity=134)(MktData(price=98,quantity=154))
23:15:22.333 [main] INFO  c.o.v.MutatingRemoveAllMarketDataOrdersVisitor - [ORDERBOOK] Removing market data order:MktData(price=98,quantity=501)
23:15:22.333 [main] INFO  c.o.v.MutatingRemoveAllMarketDataOrdersVisitor - [ORDERBOOK] Removing level:98
23:15:22.333 [main] INFO  c.o.v.MutatingRemoveAllMarketDataOrdersVisitor - [ORDERBOOK] Removing market data order:MktData(price=101,quantity=200)
23:15:22.333 [main] INFO  c.o.v.MutatingRemoveAllMarketDataOrdersVisitor - [ORDERBOOK] Removing level:101
23:15:22.333 [main] INFO  c.o.v.MutatingRemoveAllMarketDataOrdersVisitor - [ORDERBOOK] Removing market data order:MktData(price=110,quantity=5000)
23:15:22.333 [main] INFO  c.o.v.MutatingRemoveAllMarketDataOrdersVisitor - [ORDERBOOK] Removing level:110
23:15:22.333 [main] INFO  c.o.v.MutatingRemoveAllMarketDataOrdersVisitor - [ORDERBOOK] Removing market data order:MktData(price=119,quantity=5600)
23:15:22.333 [main] INFO  c.o.v.MutatingRemoveAllMarketDataOrdersVisitor - [ORDERBOOK] Removing level:119
23:15:22.333 [main] INFO  c.o.v.MutatingRemoveAllMarketDataOrdersVisitor - [ORDERBOOK] Removing market data order:MktData(price=123,quantity=453)
23:15:22.333 [main] INFO  c.o.v.MutatingRemoveAllMarketDataOrdersVisitor - [ORDERBOOK] Removing level:123
23:15:22.333 [main] INFO  c.o.v.MutatingRemoveAllMarketDataOrdersVisitor - [ORDERBOOK] Removing market data order:MktData(price=144,quantity=645)
23:15:22.333 [main] INFO  c.o.v.MutatingRemoveAllMarketDataOrdersVisitor - [ORDERBOOK] Removing level:144
23:15:22.333 [main] INFO  c.o.v.MutatingRemoveAllMarketDataOrdersVisitor - [ORDERBOOK] Removing market data order:MktData(price=167,quantity=665)
23:15:22.333 [main] INFO  c.o.v.MutatingRemoveAllMarketDataOrdersVisitor - [ORDERBOOK] Removing level:167
23:15:22.333 [main] DEBUG c.orderbook.OrderBook - [ORDERBOOK] ASK: Adding orderMktData(price=98,quantity=501)
23:15:22.333 [main] DEBUG c.orderbook.OrderBook - [ORDERBOOK] ASK: Adding orderMktData(price=101,quantity=200)
23:15:22.333 [main] DEBUG c.orderbook.OrderBook - [ORDERBOOK] ASK: Adding orderMktData(price=110,quantity=5000)
23:15:22.333 [main] DEBUG c.orderbook.OrderBook - [ORDERBOOK] ASK: Adding orderMktData(price=119,quantity=5600)
23:15:22.333 [main] DEBUG c.orderbook.OrderBook - [ORDERBOOK] ASK: Adding orderMktData(price=123,quantity=453)
23:15:22.333 [main] DEBUG c.orderbook.OrderBook - [ORDERBOOK] ASK: Adding orderMktData(price=144,quantity=645)
23:15:22.333 [main] DEBUG c.orderbook.OrderBook - [ORDERBOOK] ASK: Adding orderMktData(price=167,quantity=665)
23:15:22.334 [main] DEBUG c.service.MarketDataService - [ALGO] BID: price:43 quantity:134
23:15:22.334 [main] DEBUG c.service.MarketDataService - [ALGO] BID: price:76 quantity:145
23:15:22.334 [main] DEBUG c.service.MarketDataService - [ALGO] BID: price:91 quantity:300
23:15:22.334 [main] DEBUG c.service.MarketDataService - [ALGO] BID: price:93 quantity:200
23:15:22.334 [main] DEBUG c.service.MarketDataService - [ALGO] BID: price:95 quantity:100
23:15:22.334 [main] DEBUG c.service.MarketDataService - [ALGO] BID: price:98 quantity:154
23:15:22.334 [main] DEBUG c.service.MarketDataService - [ALGO] ASK: price:98 quantity:501
23:15:22.334 [main] DEBUG c.service.MarketDataService - [ALGO] ASK: price:101 quantity:200
23:15:22.334 [main] DEBUG c.service.MarketDataService - [ALGO] ASK: price:110 quantity:5000
23:15:22.334 [main] DEBUG c.service.MarketDataService - [ALGO] ASK: price:119 quantity:5600
23:15:22.334 [main] DEBUG c.service.MarketDataService - [ALGO] ASK: price:123 quantity:453
23:15:22.334 [main] DEBUG c.service.MarketDataService - [ALGO] ASK: price:144 quantity:645
23:15:22.334 [main] DEBUG c.service.MarketDataService - [ALGO] ASK: price:167 quantity:665
23:15:22.334 [main] INFO  c.gettingstarted.MyAlgoLogic - [MYALGO] The state of the order book is:
|----BID-----||----ASK----|
    134 @ 43    501 @ 98
    145 @ 76   200 @ 101
    300 @ 91  5000 @ 110
    200 @ 93  5600 @ 119
    100 @ 95   453 @ 123
    154 @ 98   645 @ 144
          -    665 @ 167
|------------||-----------|

23:15:22.334 [main] INFO  c.gettingstarted.MyAlgoLogic - [MYALGO] Algo Sees Book as: 
|----BID-----||----ASK----|
    134 @ 43    501 @ 98
    145 @ 76   200 @ 101
    300 @ 91  5000 @ 110
    200 @ 93  5600 @ 119
    100 @ 95   453 @ 123
    154 @ 98   645 @ 144
          -    665 @ 167
|------------||-----------|

23:15:22.334 [main] INFO  c.gettingstarted.TimedLogic - [TIMEDLOGIC] Market is closed
23:15:22.335 [main] INFO  c.sequencer.consumer.LoggingConsumer - [17] 
|----BID-----|
    134 @ 43
    145 @ 76
    300 @ 91
    200 @ 93
    100 @ 95
    154 @ 98
|----ASK-----|
    501 @ 98
   200 @ 101
  5000 @ 110
  5600 @ 119
   453 @ 123
   645 @ 144
   665 @ 167

23:15:22.335 [main] INFO  c.orderbook.OrderBook - [ORDERBOOK] Processing Mkt Data Update
23:15:22.335 [main] INFO  c.o.v.MutatingRemoveAllMarketDataOrdersVisitor - [ORDERBOOK] Removing market data order:MktData(price=43,quantity=134)
23:15:22.335 [main] INFO  c.o.v.MutatingRemoveAllMarketDataOrdersVisitor - [ORDERBOOK] Removing level:43
23:15:22.335 [main] DEBUG c.orderbook.OrderBook - [ORDERBOOK] ASK: Adding orderMktData(price=43,quantity=134)
23:15:22.335 [main] DEBUG c.orderbook.OrderBook - [ORDERBOOK] ASK: Adding orderMktData(price=76,quantity=145)
23:15:22.335 [main] DEBUG c.orderbook.OrderBook - [ORDERBOOK] ASK: Adding orderMktData(price=91,quantity=300)
23:15:22.335 [main] DEBUG c.orderbook.OrderBook - [ORDERBOOK] ASK: Adding orderMktData(price=93,quantity=200)
23:15:22.335 [main] DEBUG c.orderbook.OrderBook - [ORDERBOOK] ASK: Adding orderMktData(price=95,quantity=100)
23:15:22.335 [main] DEBUG c.orderbook.OrderBook - [ORDERBOOK] ASK: Adding orderMktData(price=98,quantity=154)
23:15:22.335 [main] INFO  c.o.v.MutatingMatchOneMarketDataOrderVisitor - [ORDERBOOK] visiting LevelOrderBookLevel(price=43,quantity=134)
23:15:22.335 [main] INFO  c.o.v.MutatingMatchOneMarketDataOrderVisitor - [ORDERBOOK] Can't match order:MktData(price=43,quantity=134)(MktData(price=98,quantity=154))
23:15:22.335 [main] INFO  c.o.v.MutatingRemoveAllMarketDataOrdersVisitor - [ORDERBOOK] Removing market data order:MktData(price=98,quantity=501)
23:15:22.335 [main] INFO  c.o.v.MutatingRemoveAllMarketDataOrdersVisitor - [ORDERBOOK] Removing level:98
23:15:22.335 [main] INFO  c.o.v.MutatingRemoveAllMarketDataOrdersVisitor - [ORDERBOOK] Removing market data order:MktData(price=101,quantity=200)
23:15:22.335 [main] INFO  c.o.v.MutatingRemoveAllMarketDataOrdersVisitor - [ORDERBOOK] Removing level:101
23:15:22.335 [main] INFO  c.o.v.MutatingRemoveAllMarketDataOrdersVisitor - [ORDERBOOK] Removing market data order:MktData(price=110,quantity=5000)
23:15:22.335 [main] INFO  c.o.v.MutatingRemoveAllMarketDataOrdersVisitor - [ORDERBOOK] Removing level:110
23:15:22.335 [main] INFO  c.o.v.MutatingRemoveAllMarketDataOrdersVisitor - [ORDERBOOK] Removing market data order:MktData(price=119,quantity=5600)
23:15:22.335 [main] INFO  c.o.v.MutatingRemoveAllMarketDataOrdersVisitor - [ORDERBOOK] Removing level:119
23:15:22.335 [main] INFO  c.o.v.MutatingRemoveAllMarketDataOrdersVisitor - [ORDERBOOK] Removing market data order:MktData(price=123,quantity=453)
23:15:22.335 [main] INFO  c.o.v.MutatingRemoveAllMarketDataOrdersVisitor - [ORDERBOOK] Removing level:123
23:15:22.336 [main] INFO  c.o.v.MutatingRemoveAllMarketDataOrdersVisitor - [ORDERBOOK] Removing market data order:MktData(price=144,quantity=645)
23:15:22.336 [main] INFO  c.o.v.MutatingRemoveAllMarketDataOrdersVisitor - [ORDERBOOK] Removing level:144
23:15:22.336 [main] INFO  c.o.v.MutatingRemoveAllMarketDataOrdersVisitor - [ORDERBOOK] Removing market data order:MktData(price=167,quantity=665)
23:15:22.336 [main] INFO  c.o.v.MutatingRemoveAllMarketDataOrdersVisitor - [ORDERBOOK] Removing level:167
23:15:22.336 [main] DEBUG c.orderbook.OrderBook - [ORDERBOOK] ASK: Adding orderMktData(price=98,quantity=501)
23:15:22.336 [main] DEBUG c.orderbook.OrderBook - [ORDERBOOK] ASK: Adding orderMktData(price=101,quantity=200)
23:15:22.336 [main] DEBUG c.orderbook.OrderBook - [ORDERBOOK] ASK: Adding orderMktData(price=110,quantity=5000)
23:15:22.336 [main] DEBUG c.orderbook.OrderBook - [ORDERBOOK] ASK: Adding orderMktData(price=119,quantity=5600)
23:15:22.336 [main] DEBUG c.orderbook.OrderBook - [ORDERBOOK] ASK: Adding orderMktData(price=123,quantity=453)
23:15:22.336 [main] DEBUG c.orderbook.OrderBook - [ORDERBOOK] ASK: Adding orderMktData(price=144,quantity=645)
23:15:22.336 [main] DEBUG c.orderbook.OrderBook - [ORDERBOOK] ASK: Adding orderMktData(price=167,quantity=665)
23:15:22.336 [main] DEBUG c.service.MarketDataService - [ALGO] BID: price:43 quantity:134
23:15:22.336 [main] DEBUG c.service.MarketDataService - [ALGO] BID: price:76 quantity:145
23:15:22.336 [main] DEBUG c.service.MarketDataService - [ALGO] BID: price:91 quantity:300
23:15:22.336 [main] DEBUG c.service.MarketDataService - [ALGO] BID: price:93 quantity:200
23:15:22.336 [main] DEBUG c.service.MarketDataService - [ALGO] BID: price:95 quantity:100
23:15:22.336 [main] DEBUG c.service.MarketDataService - [ALGO] BID: price:98 quantity:154
23:15:22.336 [main] DEBUG c.service.MarketDataService - [ALGO] ASK: price:98 quantity:501
23:15:22.336 [main] DEBUG c.service.MarketDataService - [ALGO] ASK: price:101 quantity:200
23:15:22.336 [main] DEBUG c.service.MarketDataService - [ALGO] ASK: price:110 quantity:5000
23:15:22.336 [main] DEBUG c.service.MarketDataService - [ALGO] ASK: price:119 quantity:5600
23:15:22.336 [main] DEBUG c.service.MarketDataService - [ALGO] ASK: price:123 quantity:453
23:15:22.336 [main] DEBUG c.service.MarketDataService - [ALGO] ASK: price:144 quantity:645
23:15:22.336 [main] DEBUG c.service.MarketDataService - [ALGO] ASK: price:167 quantity:665
23:15:22.337 [main] INFO  c.gettingstarted.MyAlgoLogic - [MYALGO] The state of the order book is:
|----BID-----||----ASK----|
    134 @ 43    501 @ 98
    145 @ 76   200 @ 101
    300 @ 91  5000 @ 110
    200 @ 93  5600 @ 119
    100 @ 95   453 @ 123
    154 @ 98   645 @ 144
          -    665 @ 167
|------------||-----------|

23:15:22.337 [main] INFO  c.gettingstarted.MyAlgoLogic - [MYALGO] Algo Sees Book as: 
|----BID-----||----ASK----|
    134 @ 43    501 @ 98
    145 @ 76   200 @ 101
    300 @ 91  5000 @ 110
    200 @ 93  5600 @ 119
    100 @ 95   453 @ 123
    154 @ 98   645 @ 144
          -    665 @ 167
|------------||-----------|

23:15:22.337 [main] INFO  c.gettingstarted.TimedLogic - [TIMEDLOGIC] Market is closed
23:15:22.337 [main] INFO  c.sequencer.consumer.LoggingConsumer - [18] 
|----BID-----|
    134 @ 43
    145 @ 76
    300 @ 91
    200 @ 93
    100 @ 95
    154 @ 98
|----ASK-----|
    501 @ 98
   200 @ 101
  5000 @ 110
  5600 @ 119
   453 @ 123
   645 @ 144
   665 @ 167

23:15:22.337 [main] INFO  c.orderbook.OrderBook - [ORDERBOOK] Processing Mkt Data Update
23:15:22.337 [main] INFO  c.o.v.MutatingRemoveAllMarketDataOrdersVisitor - [ORDERBOOK] Removing market data order:MktData(price=43,quantity=134)
23:15:22.338 [main] INFO  c.o.v.MutatingRemoveAllMarketDataOrdersVisitor - [ORDERBOOK] Removing level:43
23:15:22.338 [main] DEBUG c.orderbook.OrderBook - [ORDERBOOK] ASK: Adding orderMktData(price=43,quantity=134)
23:15:22.338 [main] DEBUG c.orderbook.OrderBook - [ORDERBOOK] ASK: Adding orderMktData(price=76,quantity=145)
23:15:22.338 [main] DEBUG c.orderbook.OrderBook - [ORDERBOOK] ASK: Adding orderMktData(price=91,quantity=300)
23:15:22.338 [main] DEBUG c.orderbook.OrderBook - [ORDERBOOK] ASK: Adding orderMktData(price=93,quantity=200)
23:15:22.338 [main] DEBUG c.orderbook.OrderBook - [ORDERBOOK] ASK: Adding orderMktData(price=95,quantity=100)
23:15:22.338 [main] DEBUG c.orderbook.OrderBook - [ORDERBOOK] ASK: Adding orderMktData(price=98,quantity=154)
23:15:22.338 [main] INFO  c.o.v.MutatingMatchOneMarketDataOrderVisitor - [ORDERBOOK] visiting LevelOrderBookLevel(price=43,quantity=134)
23:15:22.338 [main] INFO  c.o.v.MutatingMatchOneMarketDataOrderVisitor - [ORDERBOOK] Can't match order:MktData(price=43,quantity=134)(MktData(price=98,quantity=154))
23:15:22.338 [main] INFO  c.o.v.MutatingRemoveAllMarketDataOrdersVisitor - [ORDERBOOK] Removing market data order:MktData(price=98,quantity=501)
23:15:22.338 [main] INFO  c.o.v.MutatingRemoveAllMarketDataOrdersVisitor - [ORDERBOOK] Removing level:98
23:15:22.338 [main] INFO  c.o.v.MutatingRemoveAllMarketDataOrdersVisitor - [ORDERBOOK] Removing market data order:MktData(price=101,quantity=200)
23:15:22.338 [main] INFO  c.o.v.MutatingRemoveAllMarketDataOrdersVisitor - [ORDERBOOK] Removing level:101
23:15:22.338 [main] INFO  c.o.v.MutatingRemoveAllMarketDataOrdersVisitor - [ORDERBOOK] Removing market data order:MktData(price=110,quantity=5000)
23:15:22.339 [main] INFO  c.o.v.MutatingRemoveAllMarketDataOrdersVisitor - [ORDERBOOK] Removing level:110
23:15:22.339 [main] INFO  c.o.v.MutatingRemoveAllMarketDataOrdersVisitor - [ORDERBOOK] Removing market data order:MktData(price=119,quantity=5600)
23:15:22.339 [main] INFO  c.o.v.MutatingRemoveAllMarketDataOrdersVisitor - [ORDERBOOK] Removing level:119
23:15:22.339 [main] INFO  c.o.v.MutatingRemoveAllMarketDataOrdersVisitor - [ORDERBOOK] Removing market data order:MktData(price=123,quantity=453)
23:15:22.339 [main] INFO  c.o.v.MutatingRemoveAllMarketDataOrdersVisitor - [ORDERBOOK] Removing level:123
23:15:22.339 [main] INFO  c.o.v.MutatingRemoveAllMarketDataOrdersVisitor - [ORDERBOOK] Removing market data order:MktData(price=144,quantity=645)
23:15:22.339 [main] INFO  c.o.v.MutatingRemoveAllMarketDataOrdersVisitor - [ORDERBOOK] Removing level:144
23:15:22.339 [main] INFO  c.o.v.MutatingRemoveAllMarketDataOrdersVisitor - [ORDERBOOK] Removing market data order:MktData(price=167,quantity=665)
23:15:22.339 [main] INFO  c.o.v.MutatingRemoveAllMarketDataOrdersVisitor - [ORDERBOOK] Removing level:167
23:15:22.339 [main] DEBUG c.orderbook.OrderBook - [ORDERBOOK] ASK: Adding orderMktData(price=98,quantity=501)
23:15:22.339 [main] DEBUG c.orderbook.OrderBook - [ORDERBOOK] ASK: Adding orderMktData(price=101,quantity=200)
23:15:22.339 [main] DEBUG c.orderbook.OrderBook - [ORDERBOOK] ASK: Adding orderMktData(price=110,quantity=5000)
23:15:22.339 [main] DEBUG c.orderbook.OrderBook - [ORDERBOOK] ASK: Adding orderMktData(price=119,quantity=5600)
23:15:22.339 [main] DEBUG c.orderbook.OrderBook - [ORDERBOOK] ASK: Adding orderMktData(price=123,quantity=453)
23:15:22.339 [main] DEBUG c.orderbook.OrderBook - [ORDERBOOK] ASK: Adding orderMktData(price=144,quantity=645)
23:15:22.339 [main] DEBUG c.orderbook.OrderBook - [ORDERBOOK] ASK: Adding orderMktData(price=167,quantity=665)
23:15:22.339 [main] DEBUG c.service.MarketDataService - [ALGO] BID: price:43 quantity:134
23:15:22.339 [main] DEBUG c.service.MarketDataService - [ALGO] BID: price:76 quantity:145
23:15:22.339 [main] DEBUG c.service.MarketDataService - [ALGO] BID: price:91 quantity:300
23:15:22.339 [main] DEBUG c.service.MarketDataService - [ALGO] BID: price:93 quantity:200
23:15:22.339 [main] DEBUG c.service.MarketDataService - [ALGO] BID: price:95 quantity:100
23:15:22.339 [main] DEBUG c.service.MarketDataService - [ALGO] BID: price:98 quantity:154
23:15:22.339 [main] DEBUG c.service.MarketDataService - [ALGO] ASK: price:98 quantity:501
23:15:22.339 [main] DEBUG c.service.MarketDataService - [ALGO] ASK: price:101 quantity:200
23:15:22.339 [main] DEBUG c.service.MarketDataService - [ALGO] ASK: price:110 quantity:5000
23:15:22.339 [main] DEBUG c.service.MarketDataService - [ALGO] ASK: price:119 quantity:5600
23:15:22.339 [main] DEBUG c.service.MarketDataService - [ALGO] ASK: price:123 quantity:453
23:15:22.339 [main] DEBUG c.service.MarketDataService - [ALGO] ASK: price:144 quantity:645
23:15:22.339 [main] DEBUG c.service.MarketDataService - [ALGO] ASK: price:167 quantity:665
23:15:22.340 [main] INFO  c.gettingstarted.MyAlgoLogic - [MYALGO] The state of the order book is:
|----BID-----||----ASK----|
    134 @ 43    501 @ 98
    145 @ 76   200 @ 101
    300 @ 91  5000 @ 110
    200 @ 93  5600 @ 119
    100 @ 95   453 @ 123
    154 @ 98   645 @ 144
          -    665 @ 167
|------------||-----------|

23:15:22.340 [main] INFO  c.gettingstarted.MyAlgoLogic - [MYALGO] Algo Sees Book as: 
|----BID-----||----ASK----|
    134 @ 43    501 @ 98
    145 @ 76   200 @ 101
    300 @ 91  5000 @ 110
    200 @ 93  5600 @ 119
    100 @ 95   453 @ 123
    154 @ 98   645 @ 144
          -    665 @ 167
|------------||-----------|

23:15:22.340 [main] INFO  c.gettingstarted.TimedLogic - [TIMEDLOGIC] Market is closed
23:15:22.340 [main] INFO  c.sequencer.consumer.LoggingConsumer - [19] 
|----BID-----|
    134 @ 43
    145 @ 76
    300 @ 91
    200 @ 93
    100 @ 95
    154 @ 98
|----ASK-----|
    501 @ 98
   200 @ 101
  5000 @ 110
  5600 @ 119
   453 @ 123
   645 @ 144
   665 @ 167

23:15:22.340 [main] INFO  c.orderbook.OrderBook - [ORDERBOOK] Processing Mkt Data Update
23:15:22.340 [main] INFO  c.o.v.MutatingRemoveAllMarketDataOrdersVisitor - [ORDERBOOK] Removing market data order:MktData(price=43,quantity=134)
23:15:22.340 [main] INFO  c.o.v.MutatingRemoveAllMarketDataOrdersVisitor - [ORDERBOOK] Removing level:43
23:15:22.341 [main] DEBUG c.orderbook.OrderBook - [ORDERBOOK] ASK: Adding orderMktData(price=43,quantity=134)
23:15:22.341 [main] DEBUG c.orderbook.OrderBook - [ORDERBOOK] ASK: Adding orderMktData(price=76,quantity=145)
23:15:22.341 [main] DEBUG c.orderbook.OrderBook - [ORDERBOOK] ASK: Adding orderMktData(price=91,quantity=300)
23:15:22.341 [main] DEBUG c.orderbook.OrderBook - [ORDERBOOK] ASK: Adding orderMktData(price=93,quantity=200)
23:15:22.341 [main] DEBUG c.orderbook.OrderBook - [ORDERBOOK] ASK: Adding orderMktData(price=95,quantity=100)
23:15:22.341 [main] DEBUG c.orderbook.OrderBook - [ORDERBOOK] ASK: Adding orderMktData(price=98,quantity=154)
23:15:22.341 [main] INFO  c.o.v.MutatingMatchOneMarketDataOrderVisitor - [ORDERBOOK] visiting LevelOrderBookLevel(price=43,quantity=134)
23:15:22.341 [main] INFO  c.o.v.MutatingMatchOneMarketDataOrderVisitor - [ORDERBOOK] Can't match order:MktData(price=43,quantity=134)(MktData(price=98,quantity=154))
23:15:22.341 [main] INFO  c.o.v.MutatingRemoveAllMarketDataOrdersVisitor - [ORDERBOOK] Removing market data order:MktData(price=98,quantity=501)
23:15:22.341 [main] INFO  c.o.v.MutatingRemoveAllMarketDataOrdersVisitor - [ORDERBOOK] Removing level:98
23:15:22.341 [main] INFO  c.o.v.MutatingRemoveAllMarketDataOrdersVisitor - [ORDERBOOK] Removing market data order:MktData(price=101,quantity=200)
23:15:22.341 [main] INFO  c.o.v.MutatingRemoveAllMarketDataOrdersVisitor - [ORDERBOOK] Removing level:101
23:15:22.341 [main] INFO  c.o.v.MutatingRemoveAllMarketDataOrdersVisitor - [ORDERBOOK] Removing market data order:MktData(price=110,quantity=5000)
23:15:22.341 [main] INFO  c.o.v.MutatingRemoveAllMarketDataOrdersVisitor - [ORDERBOOK] Removing level:110
23:15:22.341 [main] INFO  c.o.v.MutatingRemoveAllMarketDataOrdersVisitor - [ORDERBOOK] Removing market data order:MktData(price=119,quantity=5600)
23:15:22.341 [main] INFO  c.o.v.MutatingRemoveAllMarketDataOrdersVisitor - [ORDERBOOK] Removing level:119
23:15:22.341 [main] INFO  c.o.v.MutatingRemoveAllMarketDataOrdersVisitor - [ORDERBOOK] Removing market data order:MktData(price=123,quantity=453)
23:15:22.341 [main] INFO  c.o.v.MutatingRemoveAllMarketDataOrdersVisitor - [ORDERBOOK] Removing level:123
23:15:22.341 [main] INFO  c.o.v.MutatingRemoveAllMarketDataOrdersVisitor - [ORDERBOOK] Removing market data order:MktData(price=144,quantity=645)
23:15:22.341 [main] INFO  c.o.v.MutatingRemoveAllMarketDataOrdersVisitor - [ORDERBOOK] Removing level:144
23:15:22.341 [main] INFO  c.o.v.MutatingRemoveAllMarketDataOrdersVisitor - [ORDERBOOK] Removing market data order:MktData(price=167,quantity=665)
23:15:22.341 [main] INFO  c.o.v.MutatingRemoveAllMarketDataOrdersVisitor - [ORDERBOOK] Removing level:167
23:15:22.341 [main] DEBUG c.orderbook.OrderBook - [ORDERBOOK] ASK: Adding orderMktData(price=98,quantity=501)
23:15:22.341 [main] DEBUG c.orderbook.OrderBook - [ORDERBOOK] ASK: Adding orderMktData(price=101,quantity=200)
23:15:22.341 [main] DEBUG c.orderbook.OrderBook - [ORDERBOOK] ASK: Adding orderMktData(price=110,quantity=5000)
23:15:22.341 [main] DEBUG c.orderbook.OrderBook - [ORDERBOOK] ASK: Adding orderMktData(price=119,quantity=5600)
23:15:22.342 [main] DEBUG c.orderbook.OrderBook - [ORDERBOOK] ASK: Adding orderMktData(price=123,quantity=453)
23:15:22.342 [main] DEBUG c.orderbook.OrderBook - [ORDERBOOK] ASK: Adding orderMktData(price=144,quantity=645)
23:15:22.342 [main] DEBUG c.orderbook.OrderBook - [ORDERBOOK] ASK: Adding orderMktData(price=167,quantity=665)
23:15:22.342 [main] DEBUG c.service.MarketDataService - [ALGO] BID: price:43 quantity:134
23:15:22.342 [main] DEBUG c.service.MarketDataService - [ALGO] BID: price:76 quantity:145
23:15:22.342 [main] DEBUG c.service.MarketDataService - [ALGO] BID: price:91 quantity:300
23:15:22.342 [main] DEBUG c.service.MarketDataService - [ALGO] BID: price:93 quantity:200
23:15:22.342 [main] DEBUG c.service.MarketDataService - [ALGO] BID: price:95 quantity:100
23:15:22.342 [main] DEBUG c.service.MarketDataService - [ALGO] BID: price:98 quantity:154
23:15:22.342 [main] DEBUG c.service.MarketDataService - [ALGO] ASK: price:98 quantity:501
23:15:22.342 [main] DEBUG c.service.MarketDataService - [ALGO] ASK: price:101 quantity:200
23:15:22.342 [main] DEBUG c.service.MarketDataService - [ALGO] ASK: price:110 quantity:5000
23:15:22.342 [main] DEBUG c.service.MarketDataService - [ALGO] ASK: price:119 quantity:5600
23:15:22.342 [main] DEBUG c.service.MarketDataService - [ALGO] ASK: price:123 quantity:453
23:15:22.342 [main] DEBUG c.service.MarketDataService - [ALGO] ASK: price:144 quantity:645
23:15:22.342 [main] DEBUG c.service.MarketDataService - [ALGO] ASK: price:167 quantity:665
23:15:22.342 [main] INFO  c.gettingstarted.MyAlgoLogic - [MYALGO] The state of the order book is:
|----BID-----||----ASK----|
    134 @ 43    501 @ 98
    145 @ 76   200 @ 101
    300 @ 91  5000 @ 110
    200 @ 93  5600 @ 119
    100 @ 95   453 @ 123
    154 @ 98   645 @ 144
          -    665 @ 167
|------------||-----------|

23:15:22.342 [main] INFO  c.gettingstarted.MyAlgoLogic - [MYALGO] Algo Sees Book as: 
|----BID-----||----ASK----|
    134 @ 43    501 @ 98
    145 @ 76   200 @ 101
    300 @ 91  5000 @ 110
    200 @ 93  5600 @ 119
    100 @ 95   453 @ 123
    154 @ 98   645 @ 144
          -    665 @ 167
|------------||-----------|

23:15:22.342 [main] INFO  c.gettingstarted.TimedLogic - [TIMEDLOGIC] Market is closed
23:15:22.343 [main] INFO  c.sequencer.consumer.LoggingConsumer - [20] 
|----BID-----|
    134 @ 43
    145 @ 76
    300 @ 91
    200 @ 93
    100 @ 95
    154 @ 98
|----ASK-----|
    501 @ 98
   200 @ 101
  5000 @ 110
  5600 @ 119
   453 @ 123
   645 @ 144
   665 @ 167

23:15:22.343 [main] INFO  c.orderbook.OrderBook - [ORDERBOOK] Processing Mkt Data Update
23:15:22.343 [main] INFO  c.o.v.MutatingRemoveAllMarketDataOrdersVisitor - [ORDERBOOK] Removing market data order:MktData(price=43,quantity=134)
23:15:22.343 [main] INFO  c.o.v.MutatingRemoveAllMarketDataOrdersVisitor - [ORDERBOOK] Removing level:43
23:15:22.343 [main] DEBUG c.orderbook.OrderBook - [ORDERBOOK] ASK: Adding orderMktData(price=43,quantity=134)
23:15:22.343 [main] DEBUG c.orderbook.OrderBook - [ORDERBOOK] ASK: Adding orderMktData(price=76,quantity=145)
23:15:22.343 [main] DEBUG c.orderbook.OrderBook - [ORDERBOOK] ASK: Adding orderMktData(price=91,quantity=300)
23:15:22.343 [main] DEBUG c.orderbook.OrderBook - [ORDERBOOK] ASK: Adding orderMktData(price=93,quantity=200)
23:15:22.343 [main] DEBUG c.orderbook.OrderBook - [ORDERBOOK] ASK: Adding orderMktData(price=95,quantity=100)
23:15:22.343 [main] DEBUG c.orderbook.OrderBook - [ORDERBOOK] ASK: Adding orderMktData(price=98,quantity=154)
23:15:22.343 [main] INFO  c.o.v.MutatingMatchOneMarketDataOrderVisitor - [ORDERBOOK] visiting LevelOrderBookLevel(price=43,quantity=134)
23:15:22.343 [main] INFO  c.o.v.MutatingMatchOneMarketDataOrderVisitor - [ORDERBOOK] Can't match order:MktData(price=43,quantity=134)(MktData(price=98,quantity=154))
23:15:22.343 [main] INFO  c.o.v.MutatingRemoveAllMarketDataOrdersVisitor - [ORDERBOOK] Removing market data order:MktData(price=98,quantity=501)
23:15:22.343 [main] INFO  c.o.v.MutatingRemoveAllMarketDataOrdersVisitor - [ORDERBOOK] Removing level:98
23:15:22.343 [main] INFO  c.o.v.MutatingRemoveAllMarketDataOrdersVisitor - [ORDERBOOK] Removing market data order:MktData(price=101,quantity=200)
23:15:22.343 [main] INFO  c.o.v.MutatingRemoveAllMarketDataOrdersVisitor - [ORDERBOOK] Removing level:101
23:15:22.343 [main] INFO  c.o.v.MutatingRemoveAllMarketDataOrdersVisitor - [ORDERBOOK] Removing market data order:MktData(price=110,quantity=5000)
23:15:22.343 [main] INFO  c.o.v.MutatingRemoveAllMarketDataOrdersVisitor - [ORDERBOOK] Removing level:110
23:15:22.343 [main] INFO  c.o.v.MutatingRemoveAllMarketDataOrdersVisitor - [ORDERBOOK] Removing market data order:MktData(price=119,quantity=5600)
23:15:22.343 [main] INFO  c.o.v.MutatingRemoveAllMarketDataOrdersVisitor - [ORDERBOOK] Removing level:119
23:15:22.343 [main] INFO  c.o.v.MutatingRemoveAllMarketDataOrdersVisitor - [ORDERBOOK] Removing market data order:MktData(price=123,quantity=453)
23:15:22.343 [main] INFO  c.o.v.MutatingRemoveAllMarketDataOrdersVisitor - [ORDERBOOK] Removing level:123
23:15:22.343 [main] INFO  c.o.v.MutatingRemoveAllMarketDataOrdersVisitor - [ORDERBOOK] Removing market data order:MktData(price=144,quantity=645)
23:15:22.343 [main] INFO  c.o.v.MutatingRemoveAllMarketDataOrdersVisitor - [ORDERBOOK] Removing level:144
23:15:22.343 [main] INFO  c.o.v.MutatingRemoveAllMarketDataOrdersVisitor - [ORDERBOOK] Removing market data order:MktData(price=167,quantity=665)
23:15:22.344 [main] INFO  c.o.v.MutatingRemoveAllMarketDataOrdersVisitor - [ORDERBOOK] Removing level:167
23:15:22.344 [main] DEBUG c.orderbook.OrderBook - [ORDERBOOK] ASK: Adding orderMktData(price=98,quantity=501)
23:15:22.344 [main] DEBUG c.orderbook.OrderBook - [ORDERBOOK] ASK: Adding orderMktData(price=101,quantity=200)
23:15:22.344 [main] DEBUG c.orderbook.OrderBook - [ORDERBOOK] ASK: Adding orderMktData(price=110,quantity=5000)
23:15:22.344 [main] DEBUG c.orderbook.OrderBook - [ORDERBOOK] ASK: Adding orderMktData(price=119,quantity=5600)
23:15:22.344 [main] DEBUG c.orderbook.OrderBook - [ORDERBOOK] ASK: Adding orderMktData(price=123,quantity=453)
23:15:22.344 [main] DEBUG c.orderbook.OrderBook - [ORDERBOOK] ASK: Adding orderMktData(price=144,quantity=645)
23:15:22.344 [main] DEBUG c.orderbook.OrderBook - [ORDERBOOK] ASK: Adding orderMktData(price=167,quantity=665)
23:15:22.344 [main] DEBUG c.service.MarketDataService - [ALGO] BID: price:43 quantity:134
23:15:22.344 [main] DEBUG c.service.MarketDataService - [ALGO] BID: price:76 quantity:145
23:15:22.344 [main] DEBUG c.service.MarketDataService - [ALGO] BID: price:91 quantity:300
23:15:22.344 [main] DEBUG c.service.MarketDataService - [ALGO] BID: price:93 quantity:200
23:15:22.344 [main] DEBUG c.service.MarketDataService - [ALGO] BID: price:95 quantity:100
23:15:22.344 [main] DEBUG c.service.MarketDataService - [ALGO] BID: price:98 quantity:154
23:15:22.344 [main] DEBUG c.service.MarketDataService - [ALGO] ASK: price:98 quantity:501
23:15:22.344 [main] DEBUG c.service.MarketDataService - [ALGO] ASK: price:101 quantity:200
23:15:22.344 [main] DEBUG c.service.MarketDataService - [ALGO] ASK: price:110 quantity:5000
23:15:22.344 [main] DEBUG c.service.MarketDataService - [ALGO] ASK: price:119 quantity:5600
23:15:22.344 [main] DEBUG c.service.MarketDataService - [ALGO] ASK: price:123 quantity:453
23:15:22.344 [main] DEBUG c.service.MarketDataService - [ALGO] ASK: price:144 quantity:645
23:15:22.344 [main] DEBUG c.service.MarketDataService - [ALGO] ASK: price:167 quantity:665
23:15:22.344 [main] INFO  c.gettingstarted.MyAlgoLogic - [MYALGO] The state of the order book is:
|----BID-----||----ASK----|
    134 @ 43    501 @ 98
    145 @ 76   200 @ 101
    300 @ 91  5000 @ 110
    200 @ 93  5600 @ 119
    100 @ 95   453 @ 123
    154 @ 98   645 @ 144
          -    665 @ 167
|------------||-----------|

23:15:22.344 [main] INFO  c.gettingstarted.MyAlgoLogic - [MYALGO] Algo Sees Book as: 
|----BID-----||----ASK----|
    134 @ 43    501 @ 98
    145 @ 76   200 @ 101
    300 @ 91  5000 @ 110
    200 @ 93  5600 @ 119
    100 @ 95   453 @ 123
    154 @ 98   645 @ 144
          -    665 @ 167
|------------||-----------|

23:15:22.345 [main] INFO  c.gettingstarted.TimedLogic - [TIMEDLOGIC] Market is closed
23:15:22.345 [main] INFO  c.sequencer.consumer.LoggingConsumer - [21] 
|----BID-----|
    134 @ 43
    145 @ 76
    300 @ 91
    200 @ 93
    100 @ 95
    154 @ 98
|----ASK-----|
    501 @ 98
   200 @ 101
  5000 @ 110
  5600 @ 119
   453 @ 123
   645 @ 144
   665 @ 167

23:15:22.345 [main] INFO  c.orderbook.OrderBook - [ORDERBOOK] Processing Mkt Data Update
23:15:22.345 [main] INFO  c.o.v.MutatingRemoveAllMarketDataOrdersVisitor - [ORDERBOOK] Removing market data order:MktData(price=43,quantity=134)
23:15:22.345 [main] INFO  c.o.v.MutatingRemoveAllMarketDataOrdersVisitor - [ORDERBOOK] Removing level:43
23:15:22.345 [main] DEBUG c.orderbook.OrderBook - [ORDERBOOK] ASK: Adding orderMktData(price=43,quantity=134)
23:15:22.345 [main] DEBUG c.orderbook.OrderBook - [ORDERBOOK] ASK: Adding orderMktData(price=76,quantity=145)
23:15:22.345 [main] DEBUG c.orderbook.OrderBook - [ORDERBOOK] ASK: Adding orderMktData(price=91,quantity=300)
23:15:22.345 [main] DEBUG c.orderbook.OrderBook - [ORDERBOOK] ASK: Adding orderMktData(price=93,quantity=200)
23:15:22.345 [main] DEBUG c.orderbook.OrderBook - [ORDERBOOK] ASK: Adding orderMktData(price=95,quantity=100)
23:15:22.345 [main] DEBUG c.orderbook.OrderBook - [ORDERBOOK] ASK: Adding orderMktData(price=98,quantity=154)
23:15:22.345 [main] INFO  c.o.v.MutatingMatchOneMarketDataOrderVisitor - [ORDERBOOK] visiting LevelOrderBookLevel(price=43,quantity=134)
23:15:22.345 [main] INFO  c.o.v.MutatingMatchOneMarketDataOrderVisitor - [ORDERBOOK] Can't match order:MktData(price=43,quantity=134)(MktData(price=98,quantity=154))
23:15:22.345 [main] INFO  c.o.v.MutatingRemoveAllMarketDataOrdersVisitor - [ORDERBOOK] Removing market data order:MktData(price=98,quantity=501)
23:15:22.345 [main] INFO  c.o.v.MutatingRemoveAllMarketDataOrdersVisitor - [ORDERBOOK] Removing level:98
23:15:22.345 [main] INFO  c.o.v.MutatingRemoveAllMarketDataOrdersVisitor - [ORDERBOOK] Removing market data order:MktData(price=101,quantity=200)
23:15:22.345 [main] INFO  c.o.v.MutatingRemoveAllMarketDataOrdersVisitor - [ORDERBOOK] Removing level:101
23:15:22.345 [main] INFO  c.o.v.MutatingRemoveAllMarketDataOrdersVisitor - [ORDERBOOK] Removing market data order:MktData(price=110,quantity=5000)
23:15:22.345 [main] INFO  c.o.v.MutatingRemoveAllMarketDataOrdersVisitor - [ORDERBOOK] Removing level:110
23:15:22.345 [main] INFO  c.o.v.MutatingRemoveAllMarketDataOrdersVisitor - [ORDERBOOK] Removing market data order:MktData(price=119,quantity=5600)
23:15:22.345 [main] INFO  c.o.v.MutatingRemoveAllMarketDataOrdersVisitor - [ORDERBOOK] Removing level:119
23:15:22.348 [main] INFO  c.o.v.MutatingRemoveAllMarketDataOrdersVisitor - [ORDERBOOK] Removing market data order:MktData(price=123,quantity=453)
23:15:22.348 [main] INFO  c.o.v.MutatingRemoveAllMarketDataOrdersVisitor - [ORDERBOOK] Removing level:123
23:15:22.348 [main] INFO  c.o.v.MutatingRemoveAllMarketDataOrdersVisitor - [ORDERBOOK] Removing market data order:MktData(price=144,quantity=645)
23:15:22.348 [main] INFO  c.o.v.MutatingRemoveAllMarketDataOrdersVisitor - [ORDERBOOK] Removing level:144
23:15:22.348 [main] INFO  c.o.v.MutatingRemoveAllMarketDataOrdersVisitor - [ORDERBOOK] Removing market data order:MktData(price=167,quantity=665)
23:15:22.348 [main] INFO  c.o.v.MutatingRemoveAllMarketDataOrdersVisitor - [ORDERBOOK] Removing level:167
23:15:22.348 [main] DEBUG c.orderbook.OrderBook - [ORDERBOOK] ASK: Adding orderMktData(price=98,quantity=501)
23:15:22.348 [main] DEBUG c.orderbook.OrderBook - [ORDERBOOK] ASK: Adding orderMktData(price=101,quantity=200)
23:15:22.348 [main] DEBUG c.orderbook.OrderBook - [ORDERBOOK] ASK: Adding orderMktData(price=110,quantity=5000)
23:15:22.348 [main] DEBUG c.orderbook.OrderBook - [ORDERBOOK] ASK: Adding orderMktData(price=119,quantity=5600)
23:15:22.348 [main] DEBUG c.orderbook.OrderBook - [ORDERBOOK] ASK: Adding orderMktData(price=123,quantity=453)
23:15:22.348 [main] DEBUG c.orderbook.OrderBook - [ORDERBOOK] ASK: Adding orderMktData(price=144,quantity=645)
23:15:22.348 [main] DEBUG c.orderbook.OrderBook - [ORDERBOOK] ASK: Adding orderMktData(price=167,quantity=665)
23:15:22.348 [main] DEBUG c.service.MarketDataService - [ALGO] BID: price:43 quantity:134
23:15:22.348 [main] DEBUG c.service.MarketDataService - [ALGO] BID: price:76 quantity:145
23:15:22.348 [main] DEBUG c.service.MarketDataService - [ALGO] BID: price:91 quantity:300
23:15:22.348 [main] DEBUG c.service.MarketDataService - [ALGO] BID: price:93 quantity:200
23:15:22.348 [main] DEBUG c.service.MarketDataService - [ALGO] BID: price:95 quantity:100
23:15:22.349 [main] DEBUG c.service.MarketDataService - [ALGO] BID: price:98 quantity:154
23:15:22.349 [main] DEBUG c.service.MarketDataService - [ALGO] ASK: price:98 quantity:501
23:15:22.349 [main] DEBUG c.service.MarketDataService - [ALGO] ASK: price:101 quantity:200
23:15:22.349 [main] DEBUG c.service.MarketDataService - [ALGO] ASK: price:110 quantity:5000
23:15:22.349 [main] DEBUG c.service.MarketDataService - [ALGO] ASK: price:119 quantity:5600
23:15:22.349 [main] DEBUG c.service.MarketDataService - [ALGO] ASK: price:123 quantity:453
23:15:22.349 [main] DEBUG c.service.MarketDataService - [ALGO] ASK: price:144 quantity:645
23:15:22.349 [main] DEBUG c.service.MarketDataService - [ALGO] ASK: price:167 quantity:665
23:15:22.349 [main] INFO  c.gettingstarted.MyAlgoLogic - [MYALGO] The state of the order book is:
|----BID-----||----ASK----|
    134 @ 43    501 @ 98
    145 @ 76   200 @ 101
    300 @ 91  5000 @ 110
    200 @ 93  5600 @ 119
    100 @ 95   453 @ 123
    154 @ 98   645 @ 144
          -    665 @ 167
|------------||-----------|

23:15:22.349 [main] INFO  c.gettingstarted.MyAlgoLogic - [MYALGO] Algo Sees Book as: 
|----BID-----||----ASK----|
    134 @ 43    501 @ 98
    145 @ 76   200 @ 101
    300 @ 91  5000 @ 110
    200 @ 93  5600 @ 119
    100 @ 95   453 @ 123
    154 @ 98   645 @ 144
          -    665 @ 167
|------------||-----------|

23:15:22.349 [main] INFO  c.gettingstarted.TimedLogic - [TIMEDLOGIC] Market is closed
23:15:22.349 [main] INFO  c.sequencer.consumer.LoggingConsumer - [22] 
|----BID-----|
    134 @ 43
    145 @ 76
    300 @ 91
    200 @ 93
    100 @ 95
    154 @ 98
|----ASK-----|
    501 @ 98
   200 @ 101
  5000 @ 110
  5600 @ 119
   453 @ 123
   645 @ 144
   665 @ 167

23:15:22.349 [main] INFO  c.orderbook.OrderBook - [ORDERBOOK] Processing Mkt Data Update
23:15:22.349 [main] INFO  c.o.v.MutatingRemoveAllMarketDataOrdersVisitor - [ORDERBOOK] Removing market data order:MktData(price=43,quantity=134)
23:15:22.349 [main] INFO  c.o.v.MutatingRemoveAllMarketDataOrdersVisitor - [ORDERBOOK] Removing level:43
23:15:22.349 [main] DEBUG c.orderbook.OrderBook - [ORDERBOOK] ASK: Adding orderMktData(price=43,quantity=134)
23:15:22.349 [main] DEBUG c.orderbook.OrderBook - [ORDERBOOK] ASK: Adding orderMktData(price=76,quantity=145)
23:15:22.349 [main] DEBUG c.orderbook.OrderBook - [ORDERBOOK] ASK: Adding orderMktData(price=91,quantity=300)
23:15:22.349 [main] DEBUG c.orderbook.OrderBook - [ORDERBOOK] ASK: Adding orderMktData(price=93,quantity=200)
23:15:22.349 [main] DEBUG c.orderbook.OrderBook - [ORDERBOOK] ASK: Adding orderMktData(price=95,quantity=100)
23:15:22.349 [main] DEBUG c.orderbook.OrderBook - [ORDERBOOK] ASK: Adding orderMktData(price=98,quantity=154)
23:15:22.350 [main] INFO  c.o.v.MutatingMatchOneMarketDataOrderVisitor - [ORDERBOOK] visiting LevelOrderBookLevel(price=43,quantity=134)
23:15:22.350 [main] INFO  c.o.v.MutatingMatchOneMarketDataOrderVisitor - [ORDERBOOK] Can't match order:MktData(price=43,quantity=134)(MktData(price=98,quantity=154))
23:15:22.350 [main] INFO  c.o.v.MutatingRemoveAllMarketDataOrdersVisitor - [ORDERBOOK] Removing market data order:MktData(price=98,quantity=501)
23:15:22.350 [main] INFO  c.o.v.MutatingRemoveAllMarketDataOrdersVisitor - [ORDERBOOK] Removing level:98
23:15:22.350 [main] INFO  c.o.v.MutatingRemoveAllMarketDataOrdersVisitor - [ORDERBOOK] Removing market data order:MktData(price=101,quantity=200)
23:15:22.350 [main] INFO  c.o.v.MutatingRemoveAllMarketDataOrdersVisitor - [ORDERBOOK] Removing level:101
23:15:22.350 [main] INFO  c.o.v.MutatingRemoveAllMarketDataOrdersVisitor - [ORDERBOOK] Removing market data order:MktData(price=110,quantity=5000)
23:15:22.350 [main] INFO  c.o.v.MutatingRemoveAllMarketDataOrdersVisitor - [ORDERBOOK] Removing level:110
23:15:22.350 [main] INFO  c.o.v.MutatingRemoveAllMarketDataOrdersVisitor - [ORDERBOOK] Removing market data order:MktData(price=119,quantity=5600)
23:15:22.350 [main] INFO  c.o.v.MutatingRemoveAllMarketDataOrdersVisitor - [ORDERBOOK] Removing level:119
23:15:22.350 [main] INFO  c.o.v.MutatingRemoveAllMarketDataOrdersVisitor - [ORDERBOOK] Removing market data order:MktData(price=123,quantity=453)
23:15:22.350 [main] INFO  c.o.v.MutatingRemoveAllMarketDataOrdersVisitor - [ORDERBOOK] Removing level:123
23:15:22.350 [main] INFO  c.o.v.MutatingRemoveAllMarketDataOrdersVisitor - [ORDERBOOK] Removing market data order:MktData(price=144,quantity=645)
23:15:22.350 [main] INFO  c.o.v.MutatingRemoveAllMarketDataOrdersVisitor - [ORDERBOOK] Removing level:144
23:15:22.350 [main] INFO  c.o.v.MutatingRemoveAllMarketDataOrdersVisitor - [ORDERBOOK] Removing market data order:MktData(price=167,quantity=665)
23:15:22.350 [main] INFO  c.o.v.MutatingRemoveAllMarketDataOrdersVisitor - [ORDERBOOK] Removing level:167
23:15:22.350 [main] DEBUG c.orderbook.OrderBook - [ORDERBOOK] ASK: Adding orderMktData(price=98,quantity=501)
23:15:22.350 [main] DEBUG c.orderbook.OrderBook - [ORDERBOOK] ASK: Adding orderMktData(price=101,quantity=200)
23:15:22.350 [main] DEBUG c.orderbook.OrderBook - [ORDERBOOK] ASK: Adding orderMktData(price=110,quantity=5000)
23:15:22.350 [main] DEBUG c.orderbook.OrderBook - [ORDERBOOK] ASK: Adding orderMktData(price=119,quantity=5600)
23:15:22.350 [main] DEBUG c.orderbook.OrderBook - [ORDERBOOK] ASK: Adding orderMktData(price=123,quantity=453)
23:15:22.350 [main] DEBUG c.orderbook.OrderBook - [ORDERBOOK] ASK: Adding orderMktData(price=144,quantity=645)
23:15:22.350 [main] DEBUG c.orderbook.OrderBook - [ORDERBOOK] ASK: Adding orderMktData(price=167,quantity=665)
23:15:22.350 [main] DEBUG c.service.MarketDataService - [ALGO] BID: price:43 quantity:134
23:15:22.350 [main] DEBUG c.service.MarketDataService - [ALGO] BID: price:76 quantity:145
23:15:22.350 [main] DEBUG c.service.MarketDataService - [ALGO] BID: price:91 quantity:300
23:15:22.350 [main] DEBUG c.service.MarketDataService - [ALGO] BID: price:93 quantity:200
23:15:22.350 [main] DEBUG c.service.MarketDataService - [ALGO] BID: price:95 quantity:100
23:15:22.350 [main] DEBUG c.service.MarketDataService - [ALGO] BID: price:98 quantity:154
23:15:22.350 [main] DEBUG c.service.MarketDataService - [ALGO] ASK: price:98 quantity:501
23:15:22.350 [main] DEBUG c.service.MarketDataService - [ALGO] ASK: price:101 quantity:200
23:15:22.350 [main] DEBUG c.service.MarketDataService - [ALGO] ASK: price:110 quantity:5000
23:15:22.350 [main] DEBUG c.service.MarketDataService - [ALGO] ASK: price:119 quantity:5600
23:15:22.350 [main] DEBUG c.service.MarketDataService - [ALGO] ASK: price:123 quantity:453
23:15:22.350 [main] DEBUG c.service.MarketDataService - [ALGO] ASK: price:144 quantity:645
23:15:22.350 [main] DEBUG c.service.MarketDataService - [ALGO] ASK: price:167 quantity:665
23:15:22.351 [main] INFO  c.gettingstarted.MyAlgoLogic - [MYALGO] The state of the order book is:
|----BID-----||----ASK----|
    134 @ 43    501 @ 98
    145 @ 76   200 @ 101
    300 @ 91  5000 @ 110
    200 @ 93  5600 @ 119
    100 @ 95   453 @ 123
    154 @ 98   645 @ 144
          -    665 @ 167
|------------||-----------|

23:15:22.351 [main] INFO  c.gettingstarted.MyAlgoLogic - [MYALGO] Algo Sees Book as: 
|----BID-----||----ASK----|
    134 @ 43    501 @ 98
    145 @ 76   200 @ 101
    300 @ 91  5000 @ 110
    200 @ 93  5600 @ 119
    100 @ 95   453 @ 123
    154 @ 98   645 @ 144
          -    665 @ 167
|------------||-----------|

23:15:22.351 [main] INFO  c.gettingstarted.TimedLogic - [TIMEDLOGIC] Market is closed
23:15:22.351 [main] INFO  c.sequencer.consumer.LoggingConsumer - [23] 
|----BID-----|
    134 @ 43
    145 @ 76
    300 @ 91
    200 @ 93
    100 @ 95
    154 @ 98
|----ASK-----|
    501 @ 98
   200 @ 101
  5000 @ 110
  5600 @ 119
   453 @ 123
   645 @ 144
   665 @ 167

23:15:22.351 [main] INFO  c.orderbook.OrderBook - [ORDERBOOK] Processing Mkt Data Update
23:15:22.351 [main] INFO  c.o.v.MutatingRemoveAllMarketDataOrdersVisitor - [ORDERBOOK] Removing market data order:MktData(price=43,quantity=134)
23:15:22.351 [main] INFO  c.o.v.MutatingRemoveAllMarketDataOrdersVisitor - [ORDERBOOK] Removing level:43
23:15:22.351 [main] DEBUG c.orderbook.OrderBook - [ORDERBOOK] ASK: Adding orderMktData(price=43,quantity=134)
23:15:22.351 [main] DEBUG c.orderbook.OrderBook - [ORDERBOOK] ASK: Adding orderMktData(price=76,quantity=145)
23:15:22.351 [main] DEBUG c.orderbook.OrderBook - [ORDERBOOK] ASK: Adding orderMktData(price=91,quantity=300)
23:15:22.351 [main] DEBUG c.orderbook.OrderBook - [ORDERBOOK] ASK: Adding orderMktData(price=93,quantity=200)
23:15:22.351 [main] DEBUG c.orderbook.OrderBook - [ORDERBOOK] ASK: Adding orderMktData(price=95,quantity=100)
23:15:22.351 [main] DEBUG c.orderbook.OrderBook - [ORDERBOOK] ASK: Adding orderMktData(price=98,quantity=154)
23:15:22.351 [main] INFO  c.o.v.MutatingMatchOneMarketDataOrderVisitor - [ORDERBOOK] visiting LevelOrderBookLevel(price=43,quantity=134)
23:15:22.351 [main] INFO  c.o.v.MutatingMatchOneMarketDataOrderVisitor - [ORDERBOOK] Can't match order:MktData(price=43,quantity=134)(MktData(price=98,quantity=154))
23:15:22.351 [main] INFO  c.o.v.MutatingRemoveAllMarketDataOrdersVisitor - [ORDERBOOK] Removing market data order:MktData(price=98,quantity=501)
23:15:22.351 [main] INFO  c.o.v.MutatingRemoveAllMarketDataOrdersVisitor - [ORDERBOOK] Removing level:98
23:15:22.351 [main] INFO  c.o.v.MutatingRemoveAllMarketDataOrdersVisitor - [ORDERBOOK] Removing market data order:MktData(price=101,quantity=200)
23:15:22.351 [main] INFO  c.o.v.MutatingRemoveAllMarketDataOrdersVisitor - [ORDERBOOK] Removing level:101
23:15:22.351 [main] INFO  c.o.v.MutatingRemoveAllMarketDataOrdersVisitor - [ORDERBOOK] Removing market data order:MktData(price=110,quantity=5000)
23:15:22.351 [main] INFO  c.o.v.MutatingRemoveAllMarketDataOrdersVisitor - [ORDERBOOK] Removing level:110
23:15:22.351 [main] INFO  c.o.v.MutatingRemoveAllMarketDataOrdersVisitor - [ORDERBOOK] Removing market data order:MktData(price=119,quantity=5600)
23:15:22.351 [main] INFO  c.o.v.MutatingRemoveAllMarketDataOrdersVisitor - [ORDERBOOK] Removing level:119
23:15:22.351 [main] INFO  c.o.v.MutatingRemoveAllMarketDataOrdersVisitor - [ORDERBOOK] Removing market data order:MktData(price=123,quantity=453)
23:15:22.351 [main] INFO  c.o.v.MutatingRemoveAllMarketDataOrdersVisitor - [ORDERBOOK] Removing level:123
23:15:22.351 [main] INFO  c.o.v.MutatingRemoveAllMarketDataOrdersVisitor - [ORDERBOOK] Removing market data order:MktData(price=144,quantity=645)
23:15:22.351 [main] INFO  c.o.v.MutatingRemoveAllMarketDataOrdersVisitor - [ORDERBOOK] Removing level:144
23:15:22.351 [main] INFO  c.o.v.MutatingRemoveAllMarketDataOrdersVisitor - [ORDERBOOK] Removing market data order:MktData(price=167,quantity=665)
23:15:22.351 [main] INFO  c.o.v.MutatingRemoveAllMarketDataOrdersVisitor - [ORDERBOOK] Removing level:167
23:15:22.351 [main] DEBUG c.orderbook.OrderBook - [ORDERBOOK] ASK: Adding orderMktData(price=98,quantity=501)
23:15:22.351 [main] DEBUG c.orderbook.OrderBook - [ORDERBOOK] ASK: Adding orderMktData(price=101,quantity=200)
23:15:22.352 [main] DEBUG c.orderbook.OrderBook - [ORDERBOOK] ASK: Adding orderMktData(price=110,quantity=5000)
23:15:22.352 [main] DEBUG c.orderbook.OrderBook - [ORDERBOOK] ASK: Adding orderMktData(price=119,quantity=5600)
23:15:22.352 [main] DEBUG c.orderbook.OrderBook - [ORDERBOOK] ASK: Adding orderMktData(price=123,quantity=453)
23:15:22.352 [main] DEBUG c.orderbook.OrderBook - [ORDERBOOK] ASK: Adding orderMktData(price=144,quantity=645)
23:15:22.352 [main] DEBUG c.orderbook.OrderBook - [ORDERBOOK] ASK: Adding orderMktData(price=167,quantity=665)
23:15:22.352 [main] DEBUG c.service.MarketDataService - [ALGO] BID: price:43 quantity:134
23:15:22.352 [main] DEBUG c.service.MarketDataService - [ALGO] BID: price:76 quantity:145
23:15:22.352 [main] DEBUG c.service.MarketDataService - [ALGO] BID: price:91 quantity:300
23:15:22.352 [main] DEBUG c.service.MarketDataService - [ALGO] BID: price:93 quantity:200
23:15:22.352 [main] DEBUG c.service.MarketDataService - [ALGO] BID: price:95 quantity:100
23:15:22.352 [main] DEBUG c.service.MarketDataService - [ALGO] BID: price:98 quantity:154
23:15:22.352 [main] DEBUG c.service.MarketDataService - [ALGO] ASK: price:98 quantity:501
23:15:22.352 [main] DEBUG c.service.MarketDataService - [ALGO] ASK: price:101 quantity:200
23:15:22.352 [main] DEBUG c.service.MarketDataService - [ALGO] ASK: price:110 quantity:5000
23:15:22.352 [main] DEBUG c.service.MarketDataService - [ALGO] ASK: price:119 quantity:5600
23:15:22.352 [main] DEBUG c.service.MarketDataService - [ALGO] ASK: price:123 quantity:453
23:15:22.352 [main] DEBUG c.service.MarketDataService - [ALGO] ASK: price:144 quantity:645
23:15:22.352 [main] DEBUG c.service.MarketDataService - [ALGO] ASK: price:167 quantity:665
23:15:22.352 [main] INFO  c.gettingstarted.MyAlgoLogic - [MYALGO] The state of the order book is:
|----BID-----||----ASK----|
    134 @ 43    501 @ 98
    145 @ 76   200 @ 101
    300 @ 91  5000 @ 110
    200 @ 93  5600 @ 119
    100 @ 95   453 @ 123
    154 @ 98   645 @ 144
          -    665 @ 167
|------------||-----------|

23:15:22.352 [main] INFO  c.gettingstarted.MyAlgoLogic - [MYALGO] Algo Sees Book as: 
|----BID-----||----ASK----|
    134 @ 43    501 @ 98
    145 @ 76   200 @ 101
    300 @ 91  5000 @ 110
    200 @ 93  5600 @ 119
    100 @ 95   453 @ 123
    154 @ 98   645 @ 144
          -    665 @ 167
|------------||-----------|

23:15:22.352 [main] INFO  c.gettingstarted.TimedLogic - [TIMEDLOGIC] Market is closed
23:15:22.352 [main] INFO  c.sequencer.consumer.LoggingConsumer - [24] 
|----BID-----|
    134 @ 43
    145 @ 76
    300 @ 91
    200 @ 93
    100 @ 95
    154 @ 98
|----ASK-----|
    501 @ 98
   200 @ 101
  5000 @ 110
  5600 @ 119
   453 @ 123
   645 @ 144
   665 @ 167

23:15:22.352 [main] INFO  c.orderbook.OrderBook - [ORDERBOOK] Processing Mkt Data Update
23:15:22.352 [main] INFO  c.o.v.MutatingRemoveAllMarketDataOrdersVisitor - [ORDERBOOK] Removing market data order:MktData(price=43,quantity=134)
23:15:22.352 [main] INFO  c.o.v.MutatingRemoveAllMarketDataOrdersVisitor - [ORDERBOOK] Removing level:43
23:15:22.352 [main] DEBUG c.orderbook.OrderBook - [ORDERBOOK] ASK: Adding orderMktData(price=43,quantity=134)
23:15:22.352 [main] DEBUG c.orderbook.OrderBook - [ORDERBOOK] ASK: Adding orderMktData(price=76,quantity=145)
23:15:22.352 [main] DEBUG c.orderbook.OrderBook - [ORDERBOOK] ASK: Adding orderMktData(price=91,quantity=300)
23:15:22.352 [main] DEBUG c.orderbook.OrderBook - [ORDERBOOK] ASK: Adding orderMktData(price=93,quantity=200)
23:15:22.352 [main] DEBUG c.orderbook.OrderBook - [ORDERBOOK] ASK: Adding orderMktData(price=95,quantity=100)
23:15:22.352 [main] DEBUG c.orderbook.OrderBook - [ORDERBOOK] ASK: Adding orderMktData(price=98,quantity=154)
23:15:22.353 [main] INFO  c.o.v.MutatingMatchOneMarketDataOrderVisitor - [ORDERBOOK] visiting LevelOrderBookLevel(price=43,quantity=134)
23:15:22.353 [main] INFO  c.o.v.MutatingMatchOneMarketDataOrderVisitor - [ORDERBOOK] Can't match order:MktData(price=43,quantity=134)(MktData(price=98,quantity=154))
23:15:22.353 [main] INFO  c.o.v.MutatingRemoveAllMarketDataOrdersVisitor - [ORDERBOOK] Removing market data order:MktData(price=98,quantity=501)
23:15:22.353 [main] INFO  c.o.v.MutatingRemoveAllMarketDataOrdersVisitor - [ORDERBOOK] Removing level:98
23:15:22.353 [main] INFO  c.o.v.MutatingRemoveAllMarketDataOrdersVisitor - [ORDERBOOK] Removing market data order:MktData(price=101,quantity=200)
23:15:22.353 [main] INFO  c.o.v.MutatingRemoveAllMarketDataOrdersVisitor - [ORDERBOOK] Removing level:101
23:15:22.353 [main] INFO  c.o.v.MutatingRemoveAllMarketDataOrdersVisitor - [ORDERBOOK] Removing market data order:MktData(price=110,quantity=5000)
23:15:22.353 [main] INFO  c.o.v.MutatingRemoveAllMarketDataOrdersVisitor - [ORDERBOOK] Removing level:110
23:15:22.353 [main] INFO  c.o.v.MutatingRemoveAllMarketDataOrdersVisitor - [ORDERBOOK] Removing market data order:MktData(price=119,quantity=5600)
23:15:22.353 [main] INFO  c.o.v.MutatingRemoveAllMarketDataOrdersVisitor - [ORDERBOOK] Removing level:119
23:15:22.353 [main] INFO  c.o.v.MutatingRemoveAllMarketDataOrdersVisitor - [ORDERBOOK] Removing market data order:MktData(price=123,quantity=453)
23:15:22.353 [main] INFO  c.o.v.MutatingRemoveAllMarketDataOrdersVisitor - [ORDERBOOK] Removing level:123
23:15:22.353 [main] INFO  c.o.v.MutatingRemoveAllMarketDataOrdersVisitor - [ORDERBOOK] Removing market data order:MktData(price=144,quantity=645)
23:15:22.353 [main] INFO  c.o.v.MutatingRemoveAllMarketDataOrdersVisitor - [ORDERBOOK] Removing level:144
23:15:22.353 [main] INFO  c.o.v.MutatingRemoveAllMarketDataOrdersVisitor - [ORDERBOOK] Removing market data order:MktData(price=167,quantity=665)
23:15:22.353 [main] INFO  c.o.v.MutatingRemoveAllMarketDataOrdersVisitor - [ORDERBOOK] Removing level:167
23:15:22.353 [main] DEBUG c.orderbook.OrderBook - [ORDERBOOK] ASK: Adding orderMktData(price=98,quantity=501)
23:15:22.353 [main] DEBUG c.orderbook.OrderBook - [ORDERBOOK] ASK: Adding orderMktData(price=101,quantity=200)
23:15:22.353 [main] DEBUG c.orderbook.OrderBook - [ORDERBOOK] ASK: Adding orderMktData(price=110,quantity=5000)
23:15:22.353 [main] DEBUG c.orderbook.OrderBook - [ORDERBOOK] ASK: Adding orderMktData(price=119,quantity=5600)
23:15:22.353 [main] DEBUG c.orderbook.OrderBook - [ORDERBOOK] ASK: Adding orderMktData(price=123,quantity=453)
23:15:22.353 [main] DEBUG c.orderbook.OrderBook - [ORDERBOOK] ASK: Adding orderMktData(price=144,quantity=645)
23:15:22.353 [main] DEBUG c.orderbook.OrderBook - [ORDERBOOK] ASK: Adding orderMktData(price=167,quantity=665)
23:15:22.353 [main] DEBUG c.service.MarketDataService - [ALGO] BID: price:43 quantity:134
23:15:22.353 [main] DEBUG c.service.MarketDataService - [ALGO] BID: price:76 quantity:145
23:15:22.353 [main] DEBUG c.service.MarketDataService - [ALGO] BID: price:91 quantity:300
23:15:22.353 [main] DEBUG c.service.MarketDataService - [ALGO] BID: price:93 quantity:200
23:15:22.353 [main] DEBUG c.service.MarketDataService - [ALGO] BID: price:95 quantity:100
23:15:22.353 [main] DEBUG c.service.MarketDataService - [ALGO] BID: price:98 quantity:154
23:15:22.353 [main] DEBUG c.service.MarketDataService - [ALGO] ASK: price:98 quantity:501
23:15:22.353 [main] DEBUG c.service.MarketDataService - [ALGO] ASK: price:101 quantity:200
23:15:22.353 [main] DEBUG c.service.MarketDataService - [ALGO] ASK: price:110 quantity:5000
23:15:22.353 [main] DEBUG c.service.MarketDataService - [ALGO] ASK: price:119 quantity:5600
23:15:22.353 [main] DEBUG c.service.MarketDataService - [ALGO] ASK: price:123 quantity:453
23:15:22.353 [main] DEBUG c.service.MarketDataService - [ALGO] ASK: price:144 quantity:645
23:15:22.353 [main] DEBUG c.service.MarketDataService - [ALGO] ASK: price:167 quantity:665
23:15:22.353 [main] INFO  c.gettingstarted.MyAlgoLogic - [MYALGO] The state of the order book is:
|----BID-----||----ASK----|
    134 @ 43    501 @ 98
    145 @ 76   200 @ 101
    300 @ 91  5000 @ 110
    200 @ 93  5600 @ 119
    100 @ 95   453 @ 123
    154 @ 98   645 @ 144
          -    665 @ 167
|------------||-----------|

23:15:22.353 [main] INFO  c.gettingstarted.MyAlgoLogic - [MYALGO] Algo Sees Book as: 
|----BID-----||----ASK----|
    134 @ 43    501 @ 98
    145 @ 76   200 @ 101
    300 @ 91  5000 @ 110
    200 @ 93  5600 @ 119
    100 @ 95   453 @ 123
    154 @ 98   645 @ 144
          -    665 @ 167
|------------||-----------|

23:15:22.354 [main] INFO  c.gettingstarted.TimedLogic - [TIMEDLOGIC] Market is closed
23:15:22.354 [main] INFO  c.sequencer.consumer.LoggingConsumer - [25] 
|----BID-----|
    134 @ 43
    145 @ 76
    300 @ 91
    200 @ 93
    100 @ 95
    154 @ 98
|----ASK-----|
    501 @ 98
   200 @ 101
  5000 @ 110
  5600 @ 119
   453 @ 123
   645 @ 144
   665 @ 167

23:15:22.354 [main] INFO  c.orderbook.OrderBook - [ORDERBOOK] Processing Mkt Data Update
23:15:22.354 [main] INFO  c.o.v.MutatingRemoveAllMarketDataOrdersVisitor - [ORDERBOOK] Removing market data order:MktData(price=43,quantity=134)
23:15:22.355 [main] INFO  c.o.v.MutatingRemoveAllMarketDataOrdersVisitor - [ORDERBOOK] Removing level:43
23:15:22.356 [main] DEBUG c.orderbook.OrderBook - [ORDERBOOK] ASK: Adding orderMktData(price=43,quantity=134)
23:15:22.356 [main] DEBUG c.orderbook.OrderBook - [ORDERBOOK] ASK: Adding orderMktData(price=76,quantity=145)
23:15:22.356 [main] DEBUG c.orderbook.OrderBook - [ORDERBOOK] ASK: Adding orderMktData(price=91,quantity=300)
23:15:22.356 [main] DEBUG c.orderbook.OrderBook - [ORDERBOOK] ASK: Adding orderMktData(price=93,quantity=200)
23:15:22.356 [main] DEBUG c.orderbook.OrderBook - [ORDERBOOK] ASK: Adding orderMktData(price=95,quantity=100)
23:15:22.356 [main] DEBUG c.orderbook.OrderBook - [ORDERBOOK] ASK: Adding orderMktData(price=98,quantity=154)
23:15:22.356 [main] INFO  c.o.v.MutatingMatchOneMarketDataOrderVisitor - [ORDERBOOK] visiting LevelOrderBookLevel(price=43,quantity=134)
23:15:22.356 [main] INFO  c.o.v.MutatingMatchOneMarketDataOrderVisitor - [ORDERBOOK] Can't match order:MktData(price=43,quantity=134)(MktData(price=98,quantity=154))
23:15:22.356 [main] INFO  c.o.v.MutatingRemoveAllMarketDataOrdersVisitor - [ORDERBOOK] Removing market data order:MktData(price=98,quantity=501)
23:15:22.356 [main] INFO  c.o.v.MutatingRemoveAllMarketDataOrdersVisitor - [ORDERBOOK] Removing level:98
23:15:22.356 [main] INFO  c.o.v.MutatingRemoveAllMarketDataOrdersVisitor - [ORDERBOOK] Removing market data order:MktData(price=101,quantity=200)
23:15:22.356 [main] INFO  c.o.v.MutatingRemoveAllMarketDataOrdersVisitor - [ORDERBOOK] Removing level:101
23:15:22.356 [main] INFO  c.o.v.MutatingRemoveAllMarketDataOrdersVisitor - [ORDERBOOK] Removing market data order:MktData(price=110,quantity=5000)
23:15:22.356 [main] INFO  c.o.v.MutatingRemoveAllMarketDataOrdersVisitor - [ORDERBOOK] Removing level:110
23:15:22.356 [main] INFO  c.o.v.MutatingRemoveAllMarketDataOrdersVisitor - [ORDERBOOK] Removing market data order:MktData(price=119,quantity=5600)
23:15:22.356 [main] INFO  c.o.v.MutatingRemoveAllMarketDataOrdersVisitor - [ORDERBOOK] Removing level:119
23:15:22.356 [main] INFO  c.o.v.MutatingRemoveAllMarketDataOrdersVisitor - [ORDERBOOK] Removing market data order:MktData(price=123,quantity=453)
23:15:22.356 [main] INFO  c.o.v.MutatingRemoveAllMarketDataOrdersVisitor - [ORDERBOOK] Removing level:123
23:15:22.356 [main] INFO  c.o.v.MutatingRemoveAllMarketDataOrdersVisitor - [ORDERBOOK] Removing market data order:MktData(price=144,quantity=645)
23:15:22.356 [main] INFO  c.o.v.MutatingRemoveAllMarketDataOrdersVisitor - [ORDERBOOK] Removing level:144
23:15:22.356 [main] INFO  c.o.v.MutatingRemoveAllMarketDataOrdersVisitor - [ORDERBOOK] Removing market data order:MktData(price=167,quantity=665)
23:15:22.356 [main] INFO  c.o.v.MutatingRemoveAllMarketDataOrdersVisitor - [ORDERBOOK] Removing level:167
23:15:22.356 [main] DEBUG c.orderbook.OrderBook - [ORDERBOOK] ASK: Adding orderMktData(price=98,quantity=501)
23:15:22.356 [main] DEBUG c.orderbook.OrderBook - [ORDERBOOK] ASK: Adding orderMktData(price=101,quantity=200)
23:15:22.356 [main] DEBUG c.orderbook.OrderBook - [ORDERBOOK] ASK: Adding orderMktData(price=110,quantity=5000)
23:15:22.356 [main] DEBUG c.orderbook.OrderBook - [ORDERBOOK] ASK: Adding orderMktData(price=119,quantity=5600)
23:15:22.357 [main] DEBUG c.orderbook.OrderBook - [ORDERBOOK] ASK: Adding orderMktData(price=123,quantity=453)
23:15:22.357 [main] DEBUG c.orderbook.OrderBook - [ORDERBOOK] ASK: Adding orderMktData(price=144,quantity=645)
23:15:22.357 [main] DEBUG c.orderbook.OrderBook - [ORDERBOOK] ASK: Adding orderMktData(price=167,quantity=665)
23:15:22.357 [main] DEBUG c.service.MarketDataService - [ALGO] BID: price:43 quantity:134
23:15:22.357 [main] DEBUG c.service.MarketDataService - [ALGO] BID: price:76 quantity:145
23:15:22.357 [main] DEBUG c.service.MarketDataService - [ALGO] BID: price:91 quantity:300
23:15:22.357 [main] DEBUG c.service.MarketDataService - [ALGO] BID: price:93 quantity:200
23:15:22.357 [main] DEBUG c.service.MarketDataService - [ALGO] BID: price:95 quantity:100
23:15:22.357 [main] DEBUG c.service.MarketDataService - [ALGO] BID: price:98 quantity:154
23:15:22.357 [main] DEBUG c.service.MarketDataService - [ALGO] ASK: price:98 quantity:501
23:15:22.357 [main] DEBUG c.service.MarketDataService - [ALGO] ASK: price:101 quantity:200
23:15:22.357 [main] DEBUG c.service.MarketDataService - [ALGO] ASK: price:110 quantity:5000
23:15:22.357 [main] DEBUG c.service.MarketDataService - [ALGO] ASK: price:119 quantity:5600
23:15:22.357 [main] DEBUG c.service.MarketDataService - [ALGO] ASK: price:123 quantity:453
23:15:22.357 [main] DEBUG c.service.MarketDataService - [ALGO] ASK: price:144 quantity:645
23:15:22.357 [main] DEBUG c.service.MarketDataService - [ALGO] ASK: price:167 quantity:665
23:15:22.357 [main] INFO  c.gettingstarted.MyAlgoLogic - [MYALGO] The state of the order book is:
|----BID-----||----ASK----|
    134 @ 43    501 @ 98
    145 @ 76   200 @ 101
    300 @ 91  5000 @ 110
    200 @ 93  5600 @ 119
    100 @ 95   453 @ 123
    154 @ 98   645 @ 144
          -    665 @ 167
|------------||-----------|

23:15:22.357 [main] INFO  c.gettingstarted.MyAlgoLogic - [MYALGO] Algo Sees Book as: 
|----BID-----||----ASK----|
    134 @ 43    501 @ 98
    145 @ 76   200 @ 101
    300 @ 91  5000 @ 110
    200 @ 93  5600 @ 119
    100 @ 95   453 @ 123
    154 @ 98   645 @ 144
          -    665 @ 167
|------------||-----------|

23:15:22.357 [main] INFO  c.gettingstarted.TimedLogic - [TIMEDLOGIC] Market is closed
23:15:22.357 [main] INFO  c.sequencer.consumer.LoggingConsumer - [26] 
|----BID-----|
    134 @ 43
    145 @ 76
    300 @ 91
    200 @ 93
    100 @ 95
    154 @ 98
|----ASK-----|
    501 @ 98
   200 @ 101
  5000 @ 110
  5600 @ 119
   453 @ 123
   645 @ 144
   665 @ 167

23:15:22.357 [main] INFO  c.orderbook.OrderBook - [ORDERBOOK] Processing Mkt Data Update
23:15:22.357 [main] INFO  c.o.v.MutatingRemoveAllMarketDataOrdersVisitor - [ORDERBOOK] Removing market data order:MktData(price=43,quantity=134)
23:15:22.357 [main] INFO  c.o.v.MutatingRemoveAllMarketDataOrdersVisitor - [ORDERBOOK] Removing level:43
23:15:22.357 [main] DEBUG c.orderbook.OrderBook - [ORDERBOOK] ASK: Adding orderMktData(price=43,quantity=134)
23:15:22.357 [main] DEBUG c.orderbook.OrderBook - [ORDERBOOK] ASK: Adding orderMktData(price=76,quantity=145)
23:15:22.357 [main] DEBUG c.orderbook.OrderBook - [ORDERBOOK] ASK: Adding orderMktData(price=91,quantity=300)
23:15:22.357 [main] DEBUG c.orderbook.OrderBook - [ORDERBOOK] ASK: Adding orderMktData(price=93,quantity=200)
23:15:22.357 [main] DEBUG c.orderbook.OrderBook - [ORDERBOOK] ASK: Adding orderMktData(price=95,quantity=100)
23:15:22.357 [main] DEBUG c.orderbook.OrderBook - [ORDERBOOK] ASK: Adding orderMktData(price=98,quantity=154)
23:15:22.357 [main] INFO  c.o.v.MutatingMatchOneMarketDataOrderVisitor - [ORDERBOOK] visiting LevelOrderBookLevel(price=43,quantity=134)
23:15:22.358 [main] INFO  c.o.v.MutatingMatchOneMarketDataOrderVisitor - [ORDERBOOK] Can't match order:MktData(price=43,quantity=134)(MktData(price=98,quantity=154))
23:15:22.358 [main] INFO  c.o.v.MutatingRemoveAllMarketDataOrdersVisitor - [ORDERBOOK] Removing market data order:MktData(price=98,quantity=501)
23:15:22.358 [main] INFO  c.o.v.MutatingRemoveAllMarketDataOrdersVisitor - [ORDERBOOK] Removing level:98
23:15:22.358 [main] INFO  c.o.v.MutatingRemoveAllMarketDataOrdersVisitor - [ORDERBOOK] Removing market data order:MktData(price=101,quantity=200)
23:15:22.358 [main] INFO  c.o.v.MutatingRemoveAllMarketDataOrdersVisitor - [ORDERBOOK] Removing level:101
23:15:22.358 [main] INFO  c.o.v.MutatingRemoveAllMarketDataOrdersVisitor - [ORDERBOOK] Removing market data order:MktData(price=110,quantity=5000)
23:15:22.358 [main] INFO  c.o.v.MutatingRemoveAllMarketDataOrdersVisitor - [ORDERBOOK] Removing level:110
23:15:22.358 [main] INFO  c.o.v.MutatingRemoveAllMarketDataOrdersVisitor - [ORDERBOOK] Removing market data order:MktData(price=119,quantity=5600)
23:15:22.358 [main] INFO  c.o.v.MutatingRemoveAllMarketDataOrdersVisitor - [ORDERBOOK] Removing level:119
23:15:22.358 [main] INFO  c.o.v.MutatingRemoveAllMarketDataOrdersVisitor - [ORDERBOOK] Removing market data order:MktData(price=123,quantity=453)
23:15:22.358 [main] INFO  c.o.v.MutatingRemoveAllMarketDataOrdersVisitor - [ORDERBOOK] Removing level:123
23:15:22.358 [main] INFO  c.o.v.MutatingRemoveAllMarketDataOrdersVisitor - [ORDERBOOK] Removing market data order:MktData(price=144,quantity=645)
23:15:22.358 [main] INFO  c.o.v.MutatingRemoveAllMarketDataOrdersVisitor - [ORDERBOOK] Removing level:144
23:15:22.358 [main] INFO  c.o.v.MutatingRemoveAllMarketDataOrdersVisitor - [ORDERBOOK] Removing market data order:MktData(price=167,quantity=665)
23:15:22.358 [main] INFO  c.o.v.MutatingRemoveAllMarketDataOrdersVisitor - [ORDERBOOK] Removing level:167
23:15:22.358 [main] DEBUG c.orderbook.OrderBook - [ORDERBOOK] ASK: Adding orderMktData(price=98,quantity=501)
23:15:22.358 [main] DEBUG c.orderbook.OrderBook - [ORDERBOOK] ASK: Adding orderMktData(price=101,quantity=200)
23:15:22.358 [main] DEBUG c.orderbook.OrderBook - [ORDERBOOK] ASK: Adding orderMktData(price=110,quantity=5000)
23:15:22.358 [main] DEBUG c.orderbook.OrderBook - [ORDERBOOK] ASK: Adding orderMktData(price=119,quantity=5600)
23:15:22.358 [main] DEBUG c.orderbook.OrderBook - [ORDERBOOK] ASK: Adding orderMktData(price=123,quantity=453)
23:15:22.358 [main] DEBUG c.orderbook.OrderBook - [ORDERBOOK] ASK: Adding orderMktData(price=144,quantity=645)
23:15:22.358 [main] DEBUG c.orderbook.OrderBook - [ORDERBOOK] ASK: Adding orderMktData(price=167,quantity=665)
23:15:22.358 [main] DEBUG c.service.MarketDataService - [ALGO] BID: price:43 quantity:134
23:15:22.358 [main] DEBUG c.service.MarketDataService - [ALGO] BID: price:76 quantity:145
23:15:22.358 [main] DEBUG c.service.MarketDataService - [ALGO] BID: price:91 quantity:300
23:15:22.358 [main] DEBUG c.service.MarketDataService - [ALGO] BID: price:93 quantity:200
23:15:22.358 [main] DEBUG c.service.MarketDataService - [ALGO] BID: price:95 quantity:100
23:15:22.358 [main] DEBUG c.service.MarketDataService - [ALGO] BID: price:98 quantity:154
23:15:22.358 [main] DEBUG c.service.MarketDataService - [ALGO] ASK: price:98 quantity:501
23:15:22.358 [main] DEBUG c.service.MarketDataService - [ALGO] ASK: price:101 quantity:200
23:15:22.358 [main] DEBUG c.service.MarketDataService - [ALGO] ASK: price:110 quantity:5000
23:15:22.358 [main] DEBUG c.service.MarketDataService - [ALGO] ASK: price:119 quantity:5600
23:15:22.358 [main] DEBUG c.service.MarketDataService - [ALGO] ASK: price:123 quantity:453
23:15:22.358 [main] DEBUG c.service.MarketDataService - [ALGO] ASK: price:144 quantity:645
23:15:22.358 [main] DEBUG c.service.MarketDataService - [ALGO] ASK: price:167 quantity:665
23:15:22.358 [main] INFO  c.gettingstarted.MyAlgoLogic - [MYALGO] The state of the order book is:
|----BID-----||----ASK----|
    134 @ 43    501 @ 98
    145 @ 76   200 @ 101
    300 @ 91  5000 @ 110
    200 @ 93  5600 @ 119
    100 @ 95   453 @ 123
    154 @ 98   645 @ 144
          -    665 @ 167
|------------||-----------|

23:15:22.358 [main] INFO  c.gettingstarted.MyAlgoLogic - [MYALGO] Algo Sees Book as: 
|----BID-----||----ASK----|
    134 @ 43    501 @ 98
    145 @ 76   200 @ 101
    300 @ 91  5000 @ 110
    200 @ 93  5600 @ 119
    100 @ 95   453 @ 123
    154 @ 98   645 @ 144
          -    665 @ 167
|------------||-----------|

23:15:22.358 [main] INFO  c.gettingstarted.TimedLogic - [TIMEDLOGIC] Market is closed
23:15:22.358 [main] INFO  c.sequencer.consumer.LoggingConsumer - [27] 
|----BID-----|
    134 @ 43
    145 @ 76
    300 @ 91
    200 @ 93
    100 @ 95
    154 @ 98
|----ASK-----|
    501 @ 98
   200 @ 101
  5000 @ 110
  5600 @ 119
   453 @ 123
   645 @ 144
   665 @ 167

23:15:22.359 [main] INFO  c.orderbook.OrderBook - [ORDERBOOK] Processing Mkt Data Update
23:15:22.359 [main] INFO  c.o.v.MutatingRemoveAllMarketDataOrdersVisitor - [ORDERBOOK] Removing market data order:MktData(price=43,quantity=134)
23:15:22.359 [main] INFO  c.o.v.MutatingRemoveAllMarketDataOrdersVisitor - [ORDERBOOK] Removing level:43
23:15:22.359 [main] DEBUG c.orderbook.OrderBook - [ORDERBOOK] ASK: Adding orderMktData(price=43,quantity=134)
23:15:22.359 [main] DEBUG c.orderbook.OrderBook - [ORDERBOOK] ASK: Adding orderMktData(price=76,quantity=145)
23:15:22.359 [main] DEBUG c.orderbook.OrderBook - [ORDERBOOK] ASK: Adding orderMktData(price=91,quantity=300)
23:15:22.359 [main] DEBUG c.orderbook.OrderBook - [ORDERBOOK] ASK: Adding orderMktData(price=93,quantity=200)
23:15:22.359 [main] DEBUG c.orderbook.OrderBook - [ORDERBOOK] ASK: Adding orderMktData(price=95,quantity=100)
23:15:22.359 [main] DEBUG c.orderbook.OrderBook - [ORDERBOOK] ASK: Adding orderMktData(price=98,quantity=154)
23:15:22.359 [main] INFO  c.o.v.MutatingMatchOneMarketDataOrderVisitor - [ORDERBOOK] visiting LevelOrderBookLevel(price=43,quantity=134)
23:15:22.359 [main] INFO  c.o.v.MutatingMatchOneMarketDataOrderVisitor - [ORDERBOOK] Can't match order:MktData(price=43,quantity=134)(MktData(price=98,quantity=154))
23:15:22.359 [main] INFO  c.o.v.MutatingRemoveAllMarketDataOrdersVisitor - [ORDERBOOK] Removing market data order:MktData(price=98,quantity=501)
23:15:22.359 [main] INFO  c.o.v.MutatingRemoveAllMarketDataOrdersVisitor - [ORDERBOOK] Removing level:98
23:15:22.359 [main] INFO  c.o.v.MutatingRemoveAllMarketDataOrdersVisitor - [ORDERBOOK] Removing market data order:MktData(price=101,quantity=200)
23:15:22.359 [main] INFO  c.o.v.MutatingRemoveAllMarketDataOrdersVisitor - [ORDERBOOK] Removing level:101
23:15:22.359 [main] INFO  c.o.v.MutatingRemoveAllMarketDataOrdersVisitor - [ORDERBOOK] Removing market data order:MktData(price=110,quantity=5000)
23:15:22.359 [main] INFO  c.o.v.MutatingRemoveAllMarketDataOrdersVisitor - [ORDERBOOK] Removing level:110
23:15:22.359 [main] INFO  c.o.v.MutatingRemoveAllMarketDataOrdersVisitor - [ORDERBOOK] Removing market data order:MktData(price=119,quantity=5600)
23:15:22.359 [main] INFO  c.o.v.MutatingRemoveAllMarketDataOrdersVisitor - [ORDERBOOK] Removing level:119
23:15:22.359 [main] INFO  c.o.v.MutatingRemoveAllMarketDataOrdersVisitor - [ORDERBOOK] Removing market data order:MktData(price=123,quantity=453)
23:15:22.359 [main] INFO  c.o.v.MutatingRemoveAllMarketDataOrdersVisitor - [ORDERBOOK] Removing level:123
23:15:22.359 [main] INFO  c.o.v.MutatingRemoveAllMarketDataOrdersVisitor - [ORDERBOOK] Removing market data order:MktData(price=144,quantity=645)
23:15:22.359 [main] INFO  c.o.v.MutatingRemoveAllMarketDataOrdersVisitor - [ORDERBOOK] Removing level:144
23:15:22.359 [main] INFO  c.o.v.MutatingRemoveAllMarketDataOrdersVisitor - [ORDERBOOK] Removing market data order:MktData(price=167,quantity=665)
23:15:22.359 [main] INFO  c.o.v.MutatingRemoveAllMarketDataOrdersVisitor - [ORDERBOOK] Removing level:167
23:15:22.359 [main] DEBUG c.orderbook.OrderBook - [ORDERBOOK] ASK: Adding orderMktData(price=98,quantity=501)
23:15:22.359 [main] DEBUG c.orderbook.OrderBook - [ORDERBOOK] ASK: Adding orderMktData(price=101,quantity=200)
23:15:22.359 [main] DEBUG c.orderbook.OrderBook - [ORDERBOOK] ASK: Adding orderMktData(price=110,quantity=5000)
23:15:22.359 [main] DEBUG c.orderbook.OrderBook - [ORDERBOOK] ASK: Adding orderMktData(price=119,quantity=5600)
23:15:22.359 [main] DEBUG c.orderbook.OrderBook - [ORDERBOOK] ASK: Adding orderMktData(price=123,quantity=453)
23:15:22.359 [main] DEBUG c.orderbook.OrderBook - [ORDERBOOK] ASK: Adding orderMktData(price=144,quantity=645)
23:15:22.359 [main] DEBUG c.orderbook.OrderBook - [ORDERBOOK] ASK: Adding orderMktData(price=167,quantity=665)
23:15:22.359 [main] DEBUG c.service.MarketDataService - [ALGO] BID: price:43 quantity:134
23:15:22.359 [main] DEBUG c.service.MarketDataService - [ALGO] BID: price:76 quantity:145
23:15:22.359 [main] DEBUG c.service.MarketDataService - [ALGO] BID: price:91 quantity:300
23:15:22.359 [main] DEBUG c.service.MarketDataService - [ALGO] BID: price:93 quantity:200
23:15:22.359 [main] DEBUG c.service.MarketDataService - [ALGO] BID: price:95 quantity:100
23:15:22.359 [main] DEBUG c.service.MarketDataService - [ALGO] BID: price:98 quantity:154
23:15:22.359 [main] DEBUG c.service.MarketDataService - [ALGO] ASK: price:98 quantity:501
23:15:22.359 [main] DEBUG c.service.MarketDataService - [ALGO] ASK: price:101 quantity:200
23:15:22.359 [main] DEBUG c.service.MarketDataService - [ALGO] ASK: price:110 quantity:5000
23:15:22.359 [main] DEBUG c.service.MarketDataService - [ALGO] ASK: price:119 quantity:5600
23:15:22.359 [main] DEBUG c.service.MarketDataService - [ALGO] ASK: price:123 quantity:453
23:15:22.359 [main] DEBUG c.service.MarketDataService - [ALGO] ASK: price:144 quantity:645
23:15:22.359 [main] DEBUG c.service.MarketDataService - [ALGO] ASK: price:167 quantity:665
23:15:22.359 [main] INFO  c.gettingstarted.MyAlgoLogic - [MYALGO] The state of the order book is:
|----BID-----||----ASK----|
    134 @ 43    501 @ 98
    145 @ 76   200 @ 101
    300 @ 91  5000 @ 110
    200 @ 93  5600 @ 119
    100 @ 95   453 @ 123
    154 @ 98   645 @ 144
          -    665 @ 167
|------------||-----------|

23:15:22.359 [main] INFO  c.gettingstarted.MyAlgoLogic - [MYALGO] Algo Sees Book as: 
|----BID-----||----ASK----|
    134 @ 43    501 @ 98
    145 @ 76   200 @ 101
    300 @ 91  5000 @ 110
    200 @ 93  5600 @ 119
    100 @ 95   453 @ 123
    154 @ 98   645 @ 144
          -    665 @ 167
|------------||-----------|

23:15:22.360 [main] INFO  c.gettingstarted.TimedLogic - [TIMEDLOGIC] Market is closed
23:15:22.360 [main] INFO  c.sequencer.consumer.LoggingConsumer - [28] 
|----BID-----|
    134 @ 43
    145 @ 76
    300 @ 91
    200 @ 93
    100 @ 95
    154 @ 98
|----ASK-----|
    501 @ 98
   200 @ 101
  5000 @ 110
  5600 @ 119
   453 @ 123
   645 @ 144
   665 @ 167

23:15:22.360 [main] INFO  c.orderbook.OrderBook - [ORDERBOOK] Processing Mkt Data Update
23:15:22.360 [main] INFO  c.o.v.MutatingRemoveAllMarketDataOrdersVisitor - [ORDERBOOK] Removing market data order:MktData(price=43,quantity=134)
23:15:22.360 [main] INFO  c.o.v.MutatingRemoveAllMarketDataOrdersVisitor - [ORDERBOOK] Removing level:43
23:15:22.362 [main] DEBUG c.orderbook.OrderBook - [ORDERBOOK] ASK: Adding orderMktData(price=43,quantity=134)
23:15:22.362 [main] DEBUG c.orderbook.OrderBook - [ORDERBOOK] ASK: Adding orderMktData(price=76,quantity=145)
23:15:22.362 [main] DEBUG c.orderbook.OrderBook - [ORDERBOOK] ASK: Adding orderMktData(price=91,quantity=300)
23:15:22.363 [main] DEBUG c.orderbook.OrderBook - [ORDERBOOK] ASK: Adding orderMktData(price=93,quantity=200)
23:15:22.363 [main] DEBUG c.orderbook.OrderBook - [ORDERBOOK] ASK: Adding orderMktData(price=95,quantity=100)
23:15:22.363 [main] DEBUG c.orderbook.OrderBook - [ORDERBOOK] ASK: Adding orderMktData(price=98,quantity=154)
23:15:22.363 [main] INFO  c.o.v.MutatingMatchOneMarketDataOrderVisitor - [ORDERBOOK] visiting LevelOrderBookLevel(price=43,quantity=134)
23:15:22.363 [main] INFO  c.o.v.MutatingMatchOneMarketDataOrderVisitor - [ORDERBOOK] Can't match order:MktData(price=43,quantity=134)(MktData(price=98,quantity=154))
23:15:22.363 [main] INFO  c.o.v.MutatingRemoveAllMarketDataOrdersVisitor - [ORDERBOOK] Removing market data order:MktData(price=98,quantity=501)
23:15:22.363 [main] INFO  c.o.v.MutatingRemoveAllMarketDataOrdersVisitor - [ORDERBOOK] Removing level:98
23:15:22.363 [main] INFO  c.o.v.MutatingRemoveAllMarketDataOrdersVisitor - [ORDERBOOK] Removing market data order:MktData(price=101,quantity=200)
23:15:22.363 [main] INFO  c.o.v.MutatingRemoveAllMarketDataOrdersVisitor - [ORDERBOOK] Removing level:101
23:15:22.363 [main] INFO  c.o.v.MutatingRemoveAllMarketDataOrdersVisitor - [ORDERBOOK] Removing market data order:MktData(price=110,quantity=5000)
23:15:22.363 [main] INFO  c.o.v.MutatingRemoveAllMarketDataOrdersVisitor - [ORDERBOOK] Removing level:110
23:15:22.363 [main] INFO  c.o.v.MutatingRemoveAllMarketDataOrdersVisitor - [ORDERBOOK] Removing market data order:MktData(price=119,quantity=5600)
23:15:22.363 [main] INFO  c.o.v.MutatingRemoveAllMarketDataOrdersVisitor - [ORDERBOOK] Removing level:119
23:15:22.363 [main] INFO  c.o.v.MutatingRemoveAllMarketDataOrdersVisitor - [ORDERBOOK] Removing market data order:MktData(price=123,quantity=453)
23:15:22.363 [main] INFO  c.o.v.MutatingRemoveAllMarketDataOrdersVisitor - [ORDERBOOK] Removing level:123
23:15:22.363 [main] INFO  c.o.v.MutatingRemoveAllMarketDataOrdersVisitor - [ORDERBOOK] Removing market data order:MktData(price=144,quantity=645)
23:15:22.363 [main] INFO  c.o.v.MutatingRemoveAllMarketDataOrdersVisitor - [ORDERBOOK] Removing level:144
23:15:22.363 [main] INFO  c.o.v.MutatingRemoveAllMarketDataOrdersVisitor - [ORDERBOOK] Removing market data order:MktData(price=167,quantity=665)
23:15:22.363 [main] INFO  c.o.v.MutatingRemoveAllMarketDataOrdersVisitor - [ORDERBOOK] Removing level:167
23:15:22.363 [main] DEBUG c.orderbook.OrderBook - [ORDERBOOK] ASK: Adding orderMktData(price=98,quantity=501)
23:15:22.363 [main] DEBUG c.orderbook.OrderBook - [ORDERBOOK] ASK: Adding orderMktData(price=101,quantity=200)
23:15:22.363 [main] DEBUG c.orderbook.OrderBook - [ORDERBOOK] ASK: Adding orderMktData(price=110,quantity=5000)
23:15:22.363 [main] DEBUG c.orderbook.OrderBook - [ORDERBOOK] ASK: Adding orderMktData(price=119,quantity=5600)
23:15:22.363 [main] DEBUG c.orderbook.OrderBook - [ORDERBOOK] ASK: Adding orderMktData(price=123,quantity=453)
23:15:22.363 [main] DEBUG c.orderbook.OrderBook - [ORDERBOOK] ASK: Adding orderMktData(price=144,quantity=645)
23:15:22.363 [main] DEBUG c.orderbook.OrderBook - [ORDERBOOK] ASK: Adding orderMktData(price=167,quantity=665)
23:15:22.363 [main] DEBUG c.service.MarketDataService - [ALGO] BID: price:43 quantity:134
23:15:22.363 [main] DEBUG c.service.MarketDataService - [ALGO] BID: price:76 quantity:145
23:15:22.363 [main] DEBUG c.service.MarketDataService - [ALGO] BID: price:91 quantity:300
23:15:22.363 [main] DEBUG c.service.MarketDataService - [ALGO] BID: price:93 quantity:200
23:15:22.363 [main] DEBUG c.service.MarketDataService - [ALGO] BID: price:95 quantity:100
23:15:22.363 [main] DEBUG c.service.MarketDataService - [ALGO] BID: price:98 quantity:154
23:15:22.363 [main] DEBUG c.service.MarketDataService - [ALGO] ASK: price:98 quantity:501
23:15:22.363 [main] DEBUG c.service.MarketDataService - [ALGO] ASK: price:101 quantity:200
23:15:22.363 [main] DEBUG c.service.MarketDataService - [ALGO] ASK: price:110 quantity:5000
23:15:22.363 [main] DEBUG c.service.MarketDataService - [ALGO] ASK: price:119 quantity:5600
23:15:22.363 [main] DEBUG c.service.MarketDataService - [ALGO] ASK: price:123 quantity:453
23:15:22.363 [main] DEBUG c.service.MarketDataService - [ALGO] ASK: price:144 quantity:645
23:15:22.363 [main] DEBUG c.service.MarketDataService - [ALGO] ASK: price:167 quantity:665
23:15:22.363 [main] INFO  c.gettingstarted.MyAlgoLogic - [MYALGO] The state of the order book is:
|----BID-----||----ASK----|
    134 @ 43    501 @ 98
    145 @ 76   200 @ 101
    300 @ 91  5000 @ 110
    200 @ 93  5600 @ 119
    100 @ 95   453 @ 123
    154 @ 98   645 @ 144
          -    665 @ 167
|------------||-----------|

23:15:22.363 [main] INFO  c.gettingstarted.MyAlgoLogic - [MYALGO] Algo Sees Book as: 
|----BID-----||----ASK----|
    134 @ 43    501 @ 98
    145 @ 76   200 @ 101
    300 @ 91  5000 @ 110
    200 @ 93  5600 @ 119
    100 @ 95   453 @ 123
    154 @ 98   645 @ 144
          -    665 @ 167
|------------||-----------|

23:15:22.363 [main] INFO  c.gettingstarted.TimedLogic - [TIMEDLOGIC] Market is closed
23:15:22.363 [main] INFO  c.sequencer.consumer.LoggingConsumer - [29] 
|----BID-----|
    134 @ 43
    145 @ 76
    300 @ 91
    200 @ 93
    100 @ 95
    154 @ 98
|----ASK-----|
    501 @ 98
   200 @ 101
  5000 @ 110
  5600 @ 119
   453 @ 123
   645 @ 144
   665 @ 167

23:15:22.363 [main] INFO  c.orderbook.OrderBook - [ORDERBOOK] Processing Mkt Data Update
23:15:22.363 [main] INFO  c.o.v.MutatingRemoveAllMarketDataOrdersVisitor - [ORDERBOOK] Removing market data order:MktData(price=43,quantity=134)
23:15:22.363 [main] INFO  c.o.v.MutatingRemoveAllMarketDataOrdersVisitor - [ORDERBOOK] Removing level:43
23:15:22.363 [main] DEBUG c.orderbook.OrderBook - [ORDERBOOK] ASK: Adding orderMktData(price=43,quantity=134)
23:15:22.363 [main] DEBUG c.orderbook.OrderBook - [ORDERBOOK] ASK: Adding orderMktData(price=76,quantity=145)
23:15:22.363 [main] DEBUG c.orderbook.OrderBook - [ORDERBOOK] ASK: Adding orderMktData(price=91,quantity=300)
23:15:22.363 [main] DEBUG c.orderbook.OrderBook - [ORDERBOOK] ASK: Adding orderMktData(price=93,quantity=200)
23:15:22.364 [main] DEBUG c.orderbook.OrderBook - [ORDERBOOK] ASK: Adding orderMktData(price=95,quantity=100)
23:15:22.364 [main] DEBUG c.orderbook.OrderBook - [ORDERBOOK] ASK: Adding orderMktData(price=98,quantity=154)
23:15:22.364 [main] INFO  c.o.v.MutatingMatchOneMarketDataOrderVisitor - [ORDERBOOK] visiting LevelOrderBookLevel(price=43,quantity=134)
23:15:22.364 [main] INFO  c.o.v.MutatingMatchOneMarketDataOrderVisitor - [ORDERBOOK] Can't match order:MktData(price=43,quantity=134)(MktData(price=98,quantity=154))
23:15:22.364 [main] INFO  c.o.v.MutatingRemoveAllMarketDataOrdersVisitor - [ORDERBOOK] Removing market data order:MktData(price=98,quantity=501)
23:15:22.364 [main] INFO  c.o.v.MutatingRemoveAllMarketDataOrdersVisitor - [ORDERBOOK] Removing level:98
23:15:22.364 [main] INFO  c.o.v.MutatingRemoveAllMarketDataOrdersVisitor - [ORDERBOOK] Removing market data order:MktData(price=101,quantity=200)
23:15:22.364 [main] INFO  c.o.v.MutatingRemoveAllMarketDataOrdersVisitor - [ORDERBOOK] Removing level:101
23:15:22.364 [main] INFO  c.o.v.MutatingRemoveAllMarketDataOrdersVisitor - [ORDERBOOK] Removing market data order:MktData(price=110,quantity=5000)
23:15:22.364 [main] INFO  c.o.v.MutatingRemoveAllMarketDataOrdersVisitor - [ORDERBOOK] Removing level:110
23:15:22.364 [main] INFO  c.o.v.MutatingRemoveAllMarketDataOrdersVisitor - [ORDERBOOK] Removing market data order:MktData(price=119,quantity=5600)
23:15:22.364 [main] INFO  c.o.v.MutatingRemoveAllMarketDataOrdersVisitor - [ORDERBOOK] Removing level:119
23:15:22.364 [main] INFO  c.o.v.MutatingRemoveAllMarketDataOrdersVisitor - [ORDERBOOK] Removing market data order:MktData(price=123,quantity=453)
23:15:22.364 [main] INFO  c.o.v.MutatingRemoveAllMarketDataOrdersVisitor - [ORDERBOOK] Removing level:123
23:15:22.364 [main] INFO  c.o.v.MutatingRemoveAllMarketDataOrdersVisitor - [ORDERBOOK] Removing market data order:MktData(price=144,quantity=645)
23:15:22.364 [main] INFO  c.o.v.MutatingRemoveAllMarketDataOrdersVisitor - [ORDERBOOK] Removing level:144
23:15:22.364 [main] INFO  c.o.v.MutatingRemoveAllMarketDataOrdersVisitor - [ORDERBOOK] Removing market data order:MktData(price=167,quantity=665)
23:15:22.364 [main] INFO  c.o.v.MutatingRemoveAllMarketDataOrdersVisitor - [ORDERBOOK] Removing level:167
23:15:22.364 [main] DEBUG c.orderbook.OrderBook - [ORDERBOOK] ASK: Adding orderMktData(price=98,quantity=501)
23:15:22.364 [main] DEBUG c.orderbook.OrderBook - [ORDERBOOK] ASK: Adding orderMktData(price=101,quantity=200)
23:15:22.364 [main] DEBUG c.orderbook.OrderBook - [ORDERBOOK] ASK: Adding orderMktData(price=110,quantity=5000)
23:15:22.364 [main] DEBUG c.orderbook.OrderBook - [ORDERBOOK] ASK: Adding orderMktData(price=119,quantity=5600)
23:15:22.364 [main] DEBUG c.orderbook.OrderBook - [ORDERBOOK] ASK: Adding orderMktData(price=123,quantity=453)
23:15:22.364 [main] DEBUG c.orderbook.OrderBook - [ORDERBOOK] ASK: Adding orderMktData(price=144,quantity=645)
23:15:22.364 [main] DEBUG c.orderbook.OrderBook - [ORDERBOOK] ASK: Adding orderMktData(price=167,quantity=665)
23:15:22.364 [main] DEBUG c.service.MarketDataService - [ALGO] BID: price:43 quantity:134
23:15:22.364 [main] DEBUG c.service.MarketDataService - [ALGO] BID: price:76 quantity:145
23:15:22.364 [main] DEBUG c.service.MarketDataService - [ALGO] BID: price:91 quantity:300
23:15:22.364 [main] DEBUG c.service.MarketDataService - [ALGO] BID: price:93 quantity:200
23:15:22.364 [main] DEBUG c.service.MarketDataService - [ALGO] BID: price:95 quantity:100
23:15:22.364 [main] DEBUG c.service.MarketDataService - [ALGO] BID: price:98 quantity:154
23:15:22.364 [main] DEBUG c.service.MarketDataService - [ALGO] ASK: price:98 quantity:501
23:15:22.364 [main] DEBUG c.service.MarketDataService - [ALGO] ASK: price:101 quantity:200
23:15:22.364 [main] DEBUG c.service.MarketDataService - [ALGO] ASK: price:110 quantity:5000
23:15:22.364 [main] DEBUG c.service.MarketDataService - [ALGO] ASK: price:119 quantity:5600
23:15:22.364 [main] DEBUG c.service.MarketDataService - [ALGO] ASK: price:123 quantity:453
23:15:22.364 [main] DEBUG c.service.MarketDataService - [ALGO] ASK: price:144 quantity:645
23:15:22.364 [main] DEBUG c.service.MarketDataService - [ALGO] ASK: price:167 quantity:665
23:15:22.364 [main] INFO  c.gettingstarted.MyAlgoLogic - [MYALGO] The state of the order book is:
|----BID-----||----ASK----|
    134 @ 43    501 @ 98
    145 @ 76   200 @ 101
    300 @ 91  5000 @ 110
    200 @ 93  5600 @ 119
    100 @ 95   453 @ 123
    154 @ 98   645 @ 144
          -    665 @ 167
|------------||-----------|

23:15:22.364 [main] INFO  c.gettingstarted.MyAlgoLogic - [MYALGO] Algo Sees Book as: 
|----BID-----||----ASK----|
    134 @ 43    501 @ 98
    145 @ 76   200 @ 101
    300 @ 91  5000 @ 110
    200 @ 93  5600 @ 119
    100 @ 95   453 @ 123
    154 @ 98   645 @ 144
          -    665 @ 167
|------------||-----------|

23:15:22.364 [main] INFO  c.gettingstarted.TimedLogic - [TIMEDLOGIC] Market is closed
23:15:22.364 [main] INFO  c.sequencer.consumer.LoggingConsumer - [30] 
|----BID-----|
    134 @ 43
    145 @ 76
    300 @ 91
    200 @ 93
    100 @ 95
    154 @ 98
|----ASK-----|
    501 @ 98
   200 @ 101
  5000 @ 110
  5600 @ 119
   453 @ 123
   645 @ 144
   665 @ 167

23:15:22.364 [main] INFO  c.orderbook.OrderBook - [ORDERBOOK] Processing Mkt Data Update
23:15:22.364 [main] INFO  c.o.v.MutatingRemoveAllMarketDataOrdersVisitor - [ORDERBOOK] Removing market data order:MktData(price=43,quantity=134)
23:15:22.364 [main] INFO  c.o.v.MutatingRemoveAllMarketDataOrdersVisitor - [ORDERBOOK] Removing level:43
23:15:22.364 [main] DEBUG c.orderbook.OrderBook - [ORDERBOOK] ASK: Adding orderMktData(price=43,quantity=134)
23:15:22.364 [main] DEBUG c.orderbook.OrderBook - [ORDERBOOK] ASK: Adding orderMktData(price=76,quantity=145)
23:15:22.364 [main] DEBUG c.orderbook.OrderBook - [ORDERBOOK] ASK: Adding orderMktData(price=91,quantity=300)
23:15:22.364 [main] DEBUG c.orderbook.OrderBook - [ORDERBOOK] ASK: Adding orderMktData(price=93,quantity=200)
23:15:22.364 [main] DEBUG c.orderbook.OrderBook - [ORDERBOOK] ASK: Adding orderMktData(price=95,quantity=100)
23:15:22.365 [main] DEBUG c.orderbook.OrderBook - [ORDERBOOK] ASK: Adding orderMktData(price=98,quantity=154)
23:15:22.365 [main] INFO  c.o.v.MutatingMatchOneMarketDataOrderVisitor - [ORDERBOOK] visiting LevelOrderBookLevel(price=43,quantity=134)
23:15:22.365 [main] INFO  c.o.v.MutatingMatchOneMarketDataOrderVisitor - [ORDERBOOK] Can't match order:MktData(price=43,quantity=134)(MktData(price=98,quantity=154))
23:15:22.365 [main] INFO  c.o.v.MutatingRemoveAllMarketDataOrdersVisitor - [ORDERBOOK] Removing market data order:MktData(price=98,quantity=501)
23:15:22.365 [main] INFO  c.o.v.MutatingRemoveAllMarketDataOrdersVisitor - [ORDERBOOK] Removing level:98
23:15:22.365 [main] INFO  c.o.v.MutatingRemoveAllMarketDataOrdersVisitor - [ORDERBOOK] Removing market data order:MktData(price=101,quantity=200)
23:15:22.365 [main] INFO  c.o.v.MutatingRemoveAllMarketDataOrdersVisitor - [ORDERBOOK] Removing level:101
23:15:22.365 [main] INFO  c.o.v.MutatingRemoveAllMarketDataOrdersVisitor - [ORDERBOOK] Removing market data order:MktData(price=110,quantity=5000)
23:15:22.365 [main] INFO  c.o.v.MutatingRemoveAllMarketDataOrdersVisitor - [ORDERBOOK] Removing level:110
23:15:22.365 [main] INFO  c.o.v.MutatingRemoveAllMarketDataOrdersVisitor - [ORDERBOOK] Removing market data order:MktData(price=119,quantity=5600)
23:15:22.365 [main] INFO  c.o.v.MutatingRemoveAllMarketDataOrdersVisitor - [ORDERBOOK] Removing level:119
23:15:22.365 [main] INFO  c.o.v.MutatingRemoveAllMarketDataOrdersVisitor - [ORDERBOOK] Removing market data order:MktData(price=123,quantity=453)
23:15:22.365 [main] INFO  c.o.v.MutatingRemoveAllMarketDataOrdersVisitor - [ORDERBOOK] Removing level:123
23:15:22.365 [main] INFO  c.o.v.MutatingRemoveAllMarketDataOrdersVisitor - [ORDERBOOK] Removing market data order:MktData(price=144,quantity=645)
23:15:22.365 [main] INFO  c.o.v.MutatingRemoveAllMarketDataOrdersVisitor - [ORDERBOOK] Removing level:144
23:15:22.365 [main] INFO  c.o.v.MutatingRemoveAllMarketDataOrdersVisitor - [ORDERBOOK] Removing market data order:MktData(price=167,quantity=665)
23:15:22.365 [main] INFO  c.o.v.MutatingRemoveAllMarketDataOrdersVisitor - [ORDERBOOK] Removing level:167
23:15:22.365 [main] DEBUG c.orderbook.OrderBook - [ORDERBOOK] ASK: Adding orderMktData(price=98,quantity=501)
23:15:22.365 [main] DEBUG c.orderbook.OrderBook - [ORDERBOOK] ASK: Adding orderMktData(price=101,quantity=200)
23:15:22.365 [main] DEBUG c.orderbook.OrderBook - [ORDERBOOK] ASK: Adding orderMktData(price=110,quantity=5000)
23:15:22.365 [main] DEBUG c.orderbook.OrderBook - [ORDERBOOK] ASK: Adding orderMktData(price=119,quantity=5600)
23:15:22.365 [main] DEBUG c.orderbook.OrderBook - [ORDERBOOK] ASK: Adding orderMktData(price=123,quantity=453)
23:15:22.365 [main] DEBUG c.orderbook.OrderBook - [ORDERBOOK] ASK: Adding orderMktData(price=144,quantity=645)
23:15:22.365 [main] DEBUG c.orderbook.OrderBook - [ORDERBOOK] ASK: Adding orderMktData(price=167,quantity=665)
23:15:22.365 [main] DEBUG c.service.MarketDataService - [ALGO] BID: price:43 quantity:134
23:15:22.365 [main] DEBUG c.service.MarketDataService - [ALGO] BID: price:76 quantity:145
23:15:22.365 [main] DEBUG c.service.MarketDataService - [ALGO] BID: price:91 quantity:300
23:15:22.365 [main] DEBUG c.service.MarketDataService - [ALGO] BID: price:93 quantity:200
23:15:22.365 [main] DEBUG c.service.MarketDataService - [ALGO] BID: price:95 quantity:100
23:15:22.365 [main] DEBUG c.service.MarketDataService - [ALGO] BID: price:98 quantity:154
23:15:22.365 [main] DEBUG c.service.MarketDataService - [ALGO] ASK: price:98 quantity:501
23:15:22.365 [main] DEBUG c.service.MarketDataService - [ALGO] ASK: price:101 quantity:200
23:15:22.365 [main] DEBUG c.service.MarketDataService - [ALGO] ASK: price:110 quantity:5000
23:15:22.365 [main] DEBUG c.service.MarketDataService - [ALGO] ASK: price:119 quantity:5600
23:15:22.365 [main] DEBUG c.service.MarketDataService - [ALGO] ASK: price:123 quantity:453
23:15:22.365 [main] DEBUG c.service.MarketDataService - [ALGO] ASK: price:144 quantity:645
23:15:22.365 [main] DEBUG c.service.MarketDataService - [ALGO] ASK: price:167 quantity:665
23:15:22.365 [main] INFO  c.gettingstarted.MyAlgoLogic - [MYALGO] The state of the order book is:
|----BID-----||----ASK----|
    134 @ 43    501 @ 98
    145 @ 76   200 @ 101
    300 @ 91  5000 @ 110
    200 @ 93  5600 @ 119
    100 @ 95   453 @ 123
    154 @ 98   645 @ 144
          -    665 @ 167
|------------||-----------|

23:15:22.365 [main] INFO  c.gettingstarted.MyAlgoLogic - [MYALGO] Algo Sees Book as: 
|----BID-----||----ASK----|
    134 @ 43    501 @ 98
    145 @ 76   200 @ 101
    300 @ 91  5000 @ 110
    200 @ 93  5600 @ 119
    100 @ 95   453 @ 123
    154 @ 98   645 @ 144
          -    665 @ 167
|------------||-----------|

23:15:22.365 [main] INFO  c.gettingstarted.TimedLogic - [TIMEDLOGIC] Market is closed
23:15:22.365 [main] INFO  c.sequencer.consumer.LoggingConsumer - [31] 
|----BID-----|
    134 @ 43
    145 @ 76
    300 @ 91
    200 @ 93
    100 @ 95
    154 @ 98
|----ASK-----|
    501 @ 98
   200 @ 101
  5000 @ 110
  5600 @ 119
   453 @ 123
   645 @ 144
   665 @ 167

23:15:22.365 [main] INFO  c.orderbook.OrderBook - [ORDERBOOK] Processing Mkt Data Update
23:15:22.365 [main] INFO  c.o.v.MutatingRemoveAllMarketDataOrdersVisitor - [ORDERBOOK] Removing market data order:MktData(price=43,quantity=134)
23:15:22.365 [main] INFO  c.o.v.MutatingRemoveAllMarketDataOrdersVisitor - [ORDERBOOK] Removing level:43
23:15:22.365 [main] DEBUG c.orderbook.OrderBook - [ORDERBOOK] ASK: Adding orderMktData(price=43,quantity=134)
23:15:22.365 [main] DEBUG c.orderbook.OrderBook - [ORDERBOOK] ASK: Adding orderMktData(price=76,quantity=145)
23:15:22.365 [main] DEBUG c.orderbook.OrderBook - [ORDERBOOK] ASK: Adding orderMktData(price=91,quantity=300)
23:15:22.365 [main] DEBUG c.orderbook.OrderBook - [ORDERBOOK] ASK: Adding orderMktData(price=93,quantity=200)
23:15:22.365 [main] DEBUG c.orderbook.OrderBook - [ORDERBOOK] ASK: Adding orderMktData(price=95,quantity=100)
23:15:22.365 [main] DEBUG c.orderbook.OrderBook - [ORDERBOOK] ASK: Adding orderMktData(price=98,quantity=154)
23:15:22.365 [main] INFO  c.o.v.MutatingMatchOneMarketDataOrderVisitor - [ORDERBOOK] visiting LevelOrderBookLevel(price=43,quantity=134)
23:15:22.365 [main] INFO  c.o.v.MutatingMatchOneMarketDataOrderVisitor - [ORDERBOOK] Can't match order:MktData(price=43,quantity=134)(MktData(price=98,quantity=154))
23:15:22.366 [main] INFO  c.o.v.MutatingRemoveAllMarketDataOrdersVisitor - [ORDERBOOK] Removing market data order:MktData(price=98,quantity=501)
23:15:22.366 [main] INFO  c.o.v.MutatingRemoveAllMarketDataOrdersVisitor - [ORDERBOOK] Removing level:98
23:15:22.366 [main] INFO  c.o.v.MutatingRemoveAllMarketDataOrdersVisitor - [ORDERBOOK] Removing market data order:MktData(price=101,quantity=200)
23:15:22.366 [main] INFO  c.o.v.MutatingRemoveAllMarketDataOrdersVisitor - [ORDERBOOK] Removing level:101
23:15:22.366 [main] INFO  c.o.v.MutatingRemoveAllMarketDataOrdersVisitor - [ORDERBOOK] Removing market data order:MktData(price=110,quantity=5000)
23:15:22.366 [main] INFO  c.o.v.MutatingRemoveAllMarketDataOrdersVisitor - [ORDERBOOK] Removing level:110
23:15:22.366 [main] INFO  c.o.v.MutatingRemoveAllMarketDataOrdersVisitor - [ORDERBOOK] Removing market data order:MktData(price=119,quantity=5600)
23:15:22.366 [main] INFO  c.o.v.MutatingRemoveAllMarketDataOrdersVisitor - [ORDERBOOK] Removing level:119
23:15:22.366 [main] INFO  c.o.v.MutatingRemoveAllMarketDataOrdersVisitor - [ORDERBOOK] Removing market data order:MktData(price=123,quantity=453)
23:15:22.366 [main] INFO  c.o.v.MutatingRemoveAllMarketDataOrdersVisitor - [ORDERBOOK] Removing level:123
23:15:22.366 [main] INFO  c.o.v.MutatingRemoveAllMarketDataOrdersVisitor - [ORDERBOOK] Removing market data order:MktData(price=144,quantity=645)
23:15:22.366 [main] INFO  c.o.v.MutatingRemoveAllMarketDataOrdersVisitor - [ORDERBOOK] Removing level:144
23:15:22.366 [main] INFO  c.o.v.MutatingRemoveAllMarketDataOrdersVisitor - [ORDERBOOK] Removing market data order:MktData(price=167,quantity=665)
23:15:22.366 [main] INFO  c.o.v.MutatingRemoveAllMarketDataOrdersVisitor - [ORDERBOOK] Removing level:167
23:15:22.366 [main] DEBUG c.orderbook.OrderBook - [ORDERBOOK] ASK: Adding orderMktData(price=98,quantity=501)
23:15:22.366 [main] DEBUG c.orderbook.OrderBook - [ORDERBOOK] ASK: Adding orderMktData(price=101,quantity=200)
23:15:22.366 [main] DEBUG c.orderbook.OrderBook - [ORDERBOOK] ASK: Adding orderMktData(price=110,quantity=5000)
23:15:22.366 [main] DEBUG c.orderbook.OrderBook - [ORDERBOOK] ASK: Adding orderMktData(price=119,quantity=5600)
23:15:22.366 [main] DEBUG c.orderbook.OrderBook - [ORDERBOOK] ASK: Adding orderMktData(price=123,quantity=453)
23:15:22.366 [main] DEBUG c.orderbook.OrderBook - [ORDERBOOK] ASK: Adding orderMktData(price=144,quantity=645)
23:15:22.366 [main] DEBUG c.orderbook.OrderBook - [ORDERBOOK] ASK: Adding orderMktData(price=167,quantity=665)
23:15:22.366 [main] DEBUG c.service.MarketDataService - [ALGO] BID: price:43 quantity:134
23:15:22.366 [main] DEBUG c.service.MarketDataService - [ALGO] BID: price:76 quantity:145
23:15:22.366 [main] DEBUG c.service.MarketDataService - [ALGO] BID: price:91 quantity:300
23:15:22.366 [main] DEBUG c.service.MarketDataService - [ALGO] BID: price:93 quantity:200
23:15:22.366 [main] DEBUG c.service.MarketDataService - [ALGO] BID: price:95 quantity:100
23:15:22.366 [main] DEBUG c.service.MarketDataService - [ALGO] BID: price:98 quantity:154
23:15:22.366 [main] DEBUG c.service.MarketDataService - [ALGO] ASK: price:98 quantity:501
23:15:22.366 [main] DEBUG c.service.MarketDataService - [ALGO] ASK: price:101 quantity:200
23:15:22.366 [main] DEBUG c.service.MarketDataService - [ALGO] ASK: price:110 quantity:5000
23:15:22.366 [main] DEBUG c.service.MarketDataService - [ALGO] ASK: price:119 quantity:5600
23:15:22.366 [main] DEBUG c.service.MarketDataService - [ALGO] ASK: price:123 quantity:453
23:15:22.366 [main] DEBUG c.service.MarketDataService - [ALGO] ASK: price:144 quantity:645
23:15:22.366 [main] DEBUG c.service.MarketDataService - [ALGO] ASK: price:167 quantity:665
23:15:22.366 [main] INFO  c.gettingstarted.MyAlgoLogic - [MYALGO] The state of the order book is:
|----BID-----||----ASK----|
    134 @ 43    501 @ 98
    145 @ 76   200 @ 101
    300 @ 91  5000 @ 110
    200 @ 93  5600 @ 119
    100 @ 95   453 @ 123
    154 @ 98   645 @ 144
          -    665 @ 167
|------------||-----------|

23:15:22.366 [main] INFO  c.gettingstarted.MyAlgoLogic - [MYALGO] Algo Sees Book as: 
|----BID-----||----ASK----|
    134 @ 43    501 @ 98
    145 @ 76   200 @ 101
    300 @ 91  5000 @ 110
    200 @ 93  5600 @ 119
    100 @ 95   453 @ 123
    154 @ 98   645 @ 144
          -    665 @ 167
|------------||-----------|

23:15:22.366 [main] INFO  c.gettingstarted.TimedLogic - [TIMEDLOGIC] Market is closed
23:15:22.366 [main] INFO  c.sequencer.consumer.LoggingConsumer - [32] 
|----BID-----|
    134 @ 43
    145 @ 76
    300 @ 91
    200 @ 93
    100 @ 95
    154 @ 98
|----ASK-----|
    501 @ 98
   200 @ 101
  5000 @ 110
  5600 @ 119
   453 @ 123
   645 @ 144
   665 @ 167

23:15:22.366 [main] INFO  c.orderbook.OrderBook - [ORDERBOOK] Processing Mkt Data Update
23:15:22.366 [main] INFO  c.o.v.MutatingRemoveAllMarketDataOrdersVisitor - [ORDERBOOK] Removing market data order:MktData(price=43,quantity=134)
23:15:22.366 [main] INFO  c.o.v.MutatingRemoveAllMarketDataOrdersVisitor - [ORDERBOOK] Removing level:43
23:15:22.366 [main] DEBUG c.orderbook.OrderBook - [ORDERBOOK] ASK: Adding orderMktData(price=43,quantity=134)
23:15:22.366 [main] DEBUG c.orderbook.OrderBook - [ORDERBOOK] ASK: Adding orderMktData(price=76,quantity=145)
23:15:22.366 [main] DEBUG c.orderbook.OrderBook - [ORDERBOOK] ASK: Adding orderMktData(price=91,quantity=300)
23:15:22.366 [main] DEBUG c.orderbook.OrderBook - [ORDERBOOK] ASK: Adding orderMktData(price=93,quantity=200)
23:15:22.366 [main] DEBUG c.orderbook.OrderBook - [ORDERBOOK] ASK: Adding orderMktData(price=95,quantity=100)
23:15:22.366 [main] DEBUG c.orderbook.OrderBook - [ORDERBOOK] ASK: Adding orderMktData(price=98,quantity=154)
23:15:22.366 [main] INFO  c.o.v.MutatingMatchOneMarketDataOrderVisitor - [ORDERBOOK] visiting LevelOrderBookLevel(price=43,quantity=134)
23:15:22.366 [main] INFO  c.o.v.MutatingMatchOneMarketDataOrderVisitor - [ORDERBOOK] Can't match order:MktData(price=43,quantity=134)(MktData(price=98,quantity=154))
23:15:22.366 [main] INFO  c.o.v.MutatingRemoveAllMarketDataOrdersVisitor - [ORDERBOOK] Removing market data order:MktData(price=98,quantity=501)
23:15:22.366 [main] INFO  c.o.v.MutatingRemoveAllMarketDataOrdersVisitor - [ORDERBOOK] Removing level:98
23:15:22.366 [main] INFO  c.o.v.MutatingRemoveAllMarketDataOrdersVisitor - [ORDERBOOK] Removing market data order:MktData(price=101,quantity=200)
23:15:22.366 [main] INFO  c.o.v.MutatingRemoveAllMarketDataOrdersVisitor - [ORDERBOOK] Removing level:101
23:15:22.366 [main] INFO  c.o.v.MutatingRemoveAllMarketDataOrdersVisitor - [ORDERBOOK] Removing market data order:MktData(price=110,quantity=5000)
23:15:22.366 [main] INFO  c.o.v.MutatingRemoveAllMarketDataOrdersVisitor - [ORDERBOOK] Removing level:110
23:15:22.366 [main] INFO  c.o.v.MutatingRemoveAllMarketDataOrdersVisitor - [ORDERBOOK] Removing market data order:MktData(price=119,quantity=5600)
23:15:22.366 [main] INFO  c.o.v.MutatingRemoveAllMarketDataOrdersVisitor - [ORDERBOOK] Removing level:119
23:15:22.367 [main] INFO  c.o.v.MutatingRemoveAllMarketDataOrdersVisitor - [ORDERBOOK] Removing market data order:MktData(price=123,quantity=453)
23:15:22.367 [main] INFO  c.o.v.MutatingRemoveAllMarketDataOrdersVisitor - [ORDERBOOK] Removing level:123
23:15:22.367 [main] INFO  c.o.v.MutatingRemoveAllMarketDataOrdersVisitor - [ORDERBOOK] Removing market data order:MktData(price=144,quantity=645)
23:15:22.367 [main] INFO  c.o.v.MutatingRemoveAllMarketDataOrdersVisitor - [ORDERBOOK] Removing level:144
23:15:22.367 [main] INFO  c.o.v.MutatingRemoveAllMarketDataOrdersVisitor - [ORDERBOOK] Removing market data order:MktData(price=167,quantity=665)
23:15:22.367 [main] INFO  c.o.v.MutatingRemoveAllMarketDataOrdersVisitor - [ORDERBOOK] Removing level:167
23:15:22.367 [main] DEBUG c.orderbook.OrderBook - [ORDERBOOK] ASK: Adding orderMktData(price=98,quantity=501)
23:15:22.367 [main] DEBUG c.orderbook.OrderBook - [ORDERBOOK] ASK: Adding orderMktData(price=101,quantity=200)
23:15:22.367 [main] DEBUG c.orderbook.OrderBook - [ORDERBOOK] ASK: Adding orderMktData(price=110,quantity=5000)
23:15:22.367 [main] DEBUG c.orderbook.OrderBook - [ORDERBOOK] ASK: Adding orderMktData(price=119,quantity=5600)
23:15:22.367 [main] DEBUG c.orderbook.OrderBook - [ORDERBOOK] ASK: Adding orderMktData(price=123,quantity=453)
23:15:22.367 [main] DEBUG c.orderbook.OrderBook - [ORDERBOOK] ASK: Adding orderMktData(price=144,quantity=645)
23:15:22.367 [main] DEBUG c.orderbook.OrderBook - [ORDERBOOK] ASK: Adding orderMktData(price=167,quantity=665)
23:15:22.367 [main] DEBUG c.service.MarketDataService - [ALGO] BID: price:43 quantity:134
23:15:22.367 [main] DEBUG c.service.MarketDataService - [ALGO] BID: price:76 quantity:145
23:15:22.367 [main] DEBUG c.service.MarketDataService - [ALGO] BID: price:91 quantity:300
23:15:22.367 [main] DEBUG c.service.MarketDataService - [ALGO] BID: price:93 quantity:200
23:15:22.367 [main] DEBUG c.service.MarketDataService - [ALGO] BID: price:95 quantity:100
23:15:22.367 [main] DEBUG c.service.MarketDataService - [ALGO] BID: price:98 quantity:154
23:15:22.367 [main] DEBUG c.service.MarketDataService - [ALGO] ASK: price:98 quantity:501
23:15:22.367 [main] DEBUG c.service.MarketDataService - [ALGO] ASK: price:101 quantity:200
23:15:22.367 [main] DEBUG c.service.MarketDataService - [ALGO] ASK: price:110 quantity:5000
23:15:22.367 [main] DEBUG c.service.MarketDataService - [ALGO] ASK: price:119 quantity:5600
23:15:22.367 [main] DEBUG c.service.MarketDataService - [ALGO] ASK: price:123 quantity:453
23:15:22.367 [main] DEBUG c.service.MarketDataService - [ALGO] ASK: price:144 quantity:645
23:15:22.367 [main] DEBUG c.service.MarketDataService - [ALGO] ASK: price:167 quantity:665
23:15:22.367 [main] INFO  c.gettingstarted.MyAlgoLogic - [MYALGO] The state of the order book is:
|----BID-----||----ASK----|
    134 @ 43    501 @ 98
    145 @ 76   200 @ 101
    300 @ 91  5000 @ 110
    200 @ 93  5600 @ 119
    100 @ 95   453 @ 123
    154 @ 98   645 @ 144
          -    665 @ 167
|------------||-----------|

23:15:22.367 [main] INFO  c.gettingstarted.MyAlgoLogic - [MYALGO] Algo Sees Book as: 
|----BID-----||----ASK----|
    134 @ 43    501 @ 98
    145 @ 76   200 @ 101
    300 @ 91  5000 @ 110
    200 @ 93  5600 @ 119
    100 @ 95   453 @ 123
    154 @ 98   645 @ 144
          -    665 @ 167
|------------||-----------|

23:15:22.367 [main] INFO  c.gettingstarted.TimedLogic - [TIMEDLOGIC] Market is closed
23:15:22.367 [main] INFO  c.sequencer.consumer.LoggingConsumer - [33] 
|----BID-----|
    134 @ 43
    145 @ 76
    300 @ 91
    200 @ 93
    100 @ 95
    154 @ 98
|----ASK-----|
    501 @ 98
   200 @ 101
  5000 @ 110
  5600 @ 119
   453 @ 123
   645 @ 144
   665 @ 167

23:15:22.367 [main] INFO  c.orderbook.OrderBook - [ORDERBOOK] Processing Mkt Data Update
23:15:22.367 [main] INFO  c.o.v.MutatingRemoveAllMarketDataOrdersVisitor - [ORDERBOOK] Removing market data order:MktData(price=43,quantity=134)
23:15:22.367 [main] INFO  c.o.v.MutatingRemoveAllMarketDataOrdersVisitor - [ORDERBOOK] Removing level:43
23:15:22.367 [main] DEBUG c.orderbook.OrderBook - [ORDERBOOK] ASK: Adding orderMktData(price=43,quantity=134)
23:15:22.367 [main] DEBUG c.orderbook.OrderBook - [ORDERBOOK] ASK: Adding orderMktData(price=76,quantity=145)
23:15:22.367 [main] DEBUG c.orderbook.OrderBook - [ORDERBOOK] ASK: Adding orderMktData(price=91,quantity=300)
23:15:22.367 [main] DEBUG c.orderbook.OrderBook - [ORDERBOOK] ASK: Adding orderMktData(price=93,quantity=200)
23:15:22.367 [main] DEBUG c.orderbook.OrderBook - [ORDERBOOK] ASK: Adding orderMktData(price=95,quantity=100)
23:15:22.367 [main] DEBUG c.orderbook.OrderBook - [ORDERBOOK] ASK: Adding orderMktData(price=98,quantity=154)
23:15:22.367 [main] INFO  c.o.v.MutatingMatchOneMarketDataOrderVisitor - [ORDERBOOK] visiting LevelOrderBookLevel(price=43,quantity=134)
23:15:22.367 [main] INFO  c.o.v.MutatingMatchOneMarketDataOrderVisitor - [ORDERBOOK] Can't match order:MktData(price=43,quantity=134)(MktData(price=98,quantity=154))
23:15:22.367 [main] INFO  c.o.v.MutatingRemoveAllMarketDataOrdersVisitor - [ORDERBOOK] Removing market data order:MktData(price=98,quantity=501)
23:15:22.367 [main] INFO  c.o.v.MutatingRemoveAllMarketDataOrdersVisitor - [ORDERBOOK] Removing level:98
23:15:22.367 [main] INFO  c.o.v.MutatingRemoveAllMarketDataOrdersVisitor - [ORDERBOOK] Removing market data order:MktData(price=101,quantity=200)
23:15:22.367 [main] INFO  c.o.v.MutatingRemoveAllMarketDataOrdersVisitor - [ORDERBOOK] Removing level:101
23:15:22.367 [main] INFO  c.o.v.MutatingRemoveAllMarketDataOrdersVisitor - [ORDERBOOK] Removing market data order:MktData(price=110,quantity=5000)
23:15:22.367 [main] INFO  c.o.v.MutatingRemoveAllMarketDataOrdersVisitor - [ORDERBOOK] Removing level:110
23:15:22.367 [main] INFO  c.o.v.MutatingRemoveAllMarketDataOrdersVisitor - [ORDERBOOK] Removing market data order:MktData(price=119,quantity=5600)
23:15:22.367 [main] INFO  c.o.v.MutatingRemoveAllMarketDataOrdersVisitor - [ORDERBOOK] Removing level:119
23:15:22.367 [main] INFO  c.o.v.MutatingRemoveAllMarketDataOrdersVisitor - [ORDERBOOK] Removing market data order:MktData(price=123,quantity=453)
23:15:22.367 [main] INFO  c.o.v.MutatingRemoveAllMarketDataOrdersVisitor - [ORDERBOOK] Removing level:123
23:15:22.367 [main] INFO  c.o.v.MutatingRemoveAllMarketDataOrdersVisitor - [ORDERBOOK] Removing market data order:MktData(price=144,quantity=645)
23:15:22.367 [main] INFO  c.o.v.MutatingRemoveAllMarketDataOrdersVisitor - [ORDERBOOK] Removing level:144
23:15:22.367 [main] INFO  c.o.v.MutatingRemoveAllMarketDataOrdersVisitor - [ORDERBOOK] Removing market data order:MktData(price=167,quantity=665)
23:15:22.367 [main] INFO  c.o.v.MutatingRemoveAllMarketDataOrdersVisitor - [ORDERBOOK] Removing level:167
23:15:22.367 [main] DEBUG c.orderbook.OrderBook - [ORDERBOOK] ASK: Adding orderMktData(price=98,quantity=501)
23:15:22.367 [main] DEBUG c.orderbook.OrderBook - [ORDERBOOK] ASK: Adding orderMktData(price=101,quantity=200)
23:15:22.367 [main] DEBUG c.orderbook.OrderBook - [ORDERBOOK] ASK: Adding orderMktData(price=110,quantity=5000)
23:15:22.367 [main] DEBUG c.orderbook.OrderBook - [ORDERBOOK] ASK: Adding orderMktData(price=119,quantity=5600)
23:15:22.367 [main] DEBUG c.orderbook.OrderBook - [ORDERBOOK] ASK: Adding orderMktData(price=123,quantity=453)
23:15:22.367 [main] DEBUG c.orderbook.OrderBook - [ORDERBOOK] ASK: Adding orderMktData(price=144,quantity=645)
23:15:22.367 [main] DEBUG c.orderbook.OrderBook - [ORDERBOOK] ASK: Adding orderMktData(price=167,quantity=665)
23:15:22.367 [main] DEBUG c.service.MarketDataService - [ALGO] BID: price:43 quantity:134
23:15:22.367 [main] DEBUG c.service.MarketDataService - [ALGO] BID: price:76 quantity:145
23:15:22.367 [main] DEBUG c.service.MarketDataService - [ALGO] BID: price:91 quantity:300
23:15:22.367 [main] DEBUG c.service.MarketDataService - [ALGO] BID: price:93 quantity:200
23:15:22.367 [main] DEBUG c.service.MarketDataService - [ALGO] BID: price:95 quantity:100
23:15:22.367 [main] DEBUG c.service.MarketDataService - [ALGO] BID: price:98 quantity:154
23:15:22.367 [main] DEBUG c.service.MarketDataService - [ALGO] ASK: price:98 quantity:501
23:15:22.367 [main] DEBUG c.service.MarketDataService - [ALGO] ASK: price:101 quantity:200
23:15:22.367 [main] DEBUG c.service.MarketDataService - [ALGO] ASK: price:110 quantity:5000
23:15:22.367 [main] DEBUG c.service.MarketDataService - [ALGO] ASK: price:119 quantity:5600
23:15:22.367 [main] DEBUG c.service.MarketDataService - [ALGO] ASK: price:123 quantity:453
23:15:22.367 [main] DEBUG c.service.MarketDataService - [ALGO] ASK: price:144 quantity:645
23:15:22.367 [main] DEBUG c.service.MarketDataService - [ALGO] ASK: price:167 quantity:665
23:15:22.367 [main] INFO  c.gettingstarted.MyAlgoLogic - [MYALGO] The state of the order book is:
|----BID-----||----ASK----|
    134 @ 43    501 @ 98
    145 @ 76   200 @ 101
    300 @ 91  5000 @ 110
    200 @ 93  5600 @ 119
    100 @ 95   453 @ 123
    154 @ 98   645 @ 144
          -    665 @ 167
|------------||-----------|

23:15:22.367 [main] INFO  c.gettingstarted.MyAlgoLogic - [MYALGO] Algo Sees Book as: 
|----BID-----||----ASK----|
    134 @ 43    501 @ 98
    145 @ 76   200 @ 101
    300 @ 91  5000 @ 110
    200 @ 93  5600 @ 119
    100 @ 95   453 @ 123
    154 @ 98   645 @ 144
          -    665 @ 167
|------------||-----------|

23:15:22.367 [main] INFO  c.gettingstarted.TimedLogic - [TIMEDLOGIC] Market is closed
23:15:22.367 [main] INFO  c.sequencer.consumer.LoggingConsumer - [34] 
|----BID-----|
    134 @ 43
    145 @ 76
    300 @ 91
    200 @ 93
    100 @ 95
    154 @ 98
|----ASK-----|
    501 @ 98
   200 @ 101
  5000 @ 110
  5600 @ 119
   453 @ 123
   645 @ 144
   665 @ 167

23:15:22.367 [main] INFO  c.orderbook.OrderBook - [ORDERBOOK] Processing Mkt Data Update
23:15:22.367 [main] INFO  c.o.v.MutatingRemoveAllMarketDataOrdersVisitor - [ORDERBOOK] Removing market data order:MktData(price=43,quantity=134)
23:15:22.367 [main] INFO  c.o.v.MutatingRemoveAllMarketDataOrdersVisitor - [ORDERBOOK] Removing level:43
23:15:22.367 [main] DEBUG c.orderbook.OrderBook - [ORDERBOOK] ASK: Adding orderMktData(price=43,quantity=134)
23:15:22.367 [main] DEBUG c.orderbook.OrderBook - [ORDERBOOK] ASK: Adding orderMktData(price=76,quantity=145)
23:15:22.367 [main] DEBUG c.orderbook.OrderBook - [ORDERBOOK] ASK: Adding orderMktData(price=91,quantity=300)
23:15:22.367 [main] DEBUG c.orderbook.OrderBook - [ORDERBOOK] ASK: Adding orderMktData(price=93,quantity=200)
23:15:22.367 [main] DEBUG c.orderbook.OrderBook - [ORDERBOOK] ASK: Adding orderMktData(price=95,quantity=100)
23:15:22.367 [main] DEBUG c.orderbook.OrderBook - [ORDERBOOK] ASK: Adding orderMktData(price=98,quantity=154)
23:15:22.367 [main] INFO  c.o.v.MutatingMatchOneMarketDataOrderVisitor - [ORDERBOOK] visiting LevelOrderBookLevel(price=43,quantity=134)
23:15:22.367 [main] INFO  c.o.v.MutatingMatchOneMarketDataOrderVisitor - [ORDERBOOK] Can't match order:MktData(price=43,quantity=134)(MktData(price=98,quantity=154))
23:15:22.367 [main] INFO  c.o.v.MutatingRemoveAllMarketDataOrdersVisitor - [ORDERBOOK] Removing market data order:MktData(price=98,quantity=501)
23:15:22.367 [main] INFO  c.o.v.MutatingRemoveAllMarketDataOrdersVisitor - [ORDERBOOK] Removing level:98
23:15:22.367 [main] INFO  c.o.v.MutatingRemoveAllMarketDataOrdersVisitor - [ORDERBOOK] Removing market data order:MktData(price=101,quantity=200)
23:15:22.368 [main] INFO  c.o.v.MutatingRemoveAllMarketDataOrdersVisitor - [ORDERBOOK] Removing level:101
23:15:22.368 [main] INFO  c.o.v.MutatingRemoveAllMarketDataOrdersVisitor - [ORDERBOOK] Removing market data order:MktData(price=110,quantity=5000)
23:15:22.368 [main] INFO  c.o.v.MutatingRemoveAllMarketDataOrdersVisitor - [ORDERBOOK] Removing level:110
23:15:22.368 [main] INFO  c.o.v.MutatingRemoveAllMarketDataOrdersVisitor - [ORDERBOOK] Removing market data order:MktData(price=119,quantity=5600)
23:15:22.368 [main] INFO  c.o.v.MutatingRemoveAllMarketDataOrdersVisitor - [ORDERBOOK] Removing level:119
23:15:22.368 [main] INFO  c.o.v.MutatingRemoveAllMarketDataOrdersVisitor - [ORDERBOOK] Removing market data order:MktData(price=123,quantity=453)
23:15:22.368 [main] INFO  c.o.v.MutatingRemoveAllMarketDataOrdersVisitor - [ORDERBOOK] Removing level:123
23:15:22.368 [main] INFO  c.o.v.MutatingRemoveAllMarketDataOrdersVisitor - [ORDERBOOK] Removing market data order:MktData(price=144,quantity=645)
23:15:22.368 [main] INFO  c.o.v.MutatingRemoveAllMarketDataOrdersVisitor - [ORDERBOOK] Removing level:144
23:15:22.368 [main] INFO  c.o.v.MutatingRemoveAllMarketDataOrdersVisitor - [ORDERBOOK] Removing market data order:MktData(price=167,quantity=665)
23:15:22.368 [main] INFO  c.o.v.MutatingRemoveAllMarketDataOrdersVisitor - [ORDERBOOK] Removing level:167
23:15:22.368 [main] DEBUG c.orderbook.OrderBook - [ORDERBOOK] ASK: Adding orderMktData(price=98,quantity=501)
23:15:22.368 [main] DEBUG c.orderbook.OrderBook - [ORDERBOOK] ASK: Adding orderMktData(price=101,quantity=200)
23:15:22.368 [main] DEBUG c.orderbook.OrderBook - [ORDERBOOK] ASK: Adding orderMktData(price=110,quantity=5000)
23:15:22.368 [main] DEBUG c.orderbook.OrderBook - [ORDERBOOK] ASK: Adding orderMktData(price=119,quantity=5600)
23:15:22.368 [main] DEBUG c.orderbook.OrderBook - [ORDERBOOK] ASK: Adding orderMktData(price=123,quantity=453)
23:15:22.368 [main] DEBUG c.orderbook.OrderBook - [ORDERBOOK] ASK: Adding orderMktData(price=144,quantity=645)
23:15:22.368 [main] DEBUG c.orderbook.OrderBook - [ORDERBOOK] ASK: Adding orderMktData(price=167,quantity=665)
23:15:22.368 [main] DEBUG c.service.MarketDataService - [ALGO] BID: price:43 quantity:134
23:15:22.368 [main] DEBUG c.service.MarketDataService - [ALGO] BID: price:76 quantity:145
23:15:22.368 [main] DEBUG c.service.MarketDataService - [ALGO] BID: price:91 quantity:300
23:15:22.368 [main] DEBUG c.service.MarketDataService - [ALGO] BID: price:93 quantity:200
23:15:22.368 [main] DEBUG c.service.MarketDataService - [ALGO] BID: price:95 quantity:100
23:15:22.369 [main] DEBUG c.service.MarketDataService - [ALGO] BID: price:98 quantity:154
23:15:22.369 [main] DEBUG c.service.MarketDataService - [ALGO] ASK: price:98 quantity:501
23:15:22.369 [main] DEBUG c.service.MarketDataService - [ALGO] ASK: price:101 quantity:200
23:15:22.369 [main] DEBUG c.service.MarketDataService - [ALGO] ASK: price:110 quantity:5000
23:15:22.369 [main] DEBUG c.service.MarketDataService - [ALGO] ASK: price:119 quantity:5600
23:15:22.369 [main] DEBUG c.service.MarketDataService - [ALGO] ASK: price:123 quantity:453
23:15:22.369 [main] DEBUG c.service.MarketDataService - [ALGO] ASK: price:144 quantity:645
23:15:22.369 [main] DEBUG c.service.MarketDataService - [ALGO] ASK: price:167 quantity:665
23:15:22.369 [main] INFO  c.gettingstarted.MyAlgoLogic - [MYALGO] The state of the order book is:
|----BID-----||----ASK----|
    134 @ 43    501 @ 98
    145 @ 76   200 @ 101
    300 @ 91  5000 @ 110
    200 @ 93  5600 @ 119
    100 @ 95   453 @ 123
    154 @ 98   645 @ 144
          -    665 @ 167
|------------||-----------|

23:15:22.369 [main] INFO  c.gettingstarted.MyAlgoLogic - [MYALGO] Algo Sees Book as: 
|----BID-----||----ASK----|
    134 @ 43    501 @ 98
    145 @ 76   200 @ 101
    300 @ 91  5000 @ 110
    200 @ 93  5600 @ 119
    100 @ 95   453 @ 123
    154 @ 98   645 @ 144
          -    665 @ 167
|------------||-----------|

23:15:22.369 [main] INFO  c.gettingstarted.TimedLogic - [TIMEDLOGIC] Market is closed
23:15:22.372 [main] INFO  c.sequencer.consumer.LoggingConsumer - [35] 
|----BID-----|
    134 @ 43
    145 @ 76
    300 @ 91
    200 @ 93
    100 @ 95
    154 @ 98
|----ASK-----|
    501 @ 98
   200 @ 101
  5000 @ 110
  5600 @ 119
   453 @ 123
   645 @ 144
   665 @ 167

23:15:22.372 [main] INFO  c.orderbook.OrderBook - [ORDERBOOK] Processing Mkt Data Update
23:15:22.372 [main] INFO  c.o.v.MutatingRemoveAllMarketDataOrdersVisitor - [ORDERBOOK] Removing market data order:MktData(price=43,quantity=134)
23:15:22.372 [main] INFO  c.o.v.MutatingRemoveAllMarketDataOrdersVisitor - [ORDERBOOK] Removing level:43
23:15:22.372 [main] DEBUG c.orderbook.OrderBook - [ORDERBOOK] ASK: Adding orderMktData(price=43,quantity=134)
23:15:22.372 [main] DEBUG c.orderbook.OrderBook - [ORDERBOOK] ASK: Adding orderMktData(price=76,quantity=145)
23:15:22.372 [main] DEBUG c.orderbook.OrderBook - [ORDERBOOK] ASK: Adding orderMktData(price=91,quantity=300)
23:15:22.372 [main] DEBUG c.orderbook.OrderBook - [ORDERBOOK] ASK: Adding orderMktData(price=93,quantity=200)
23:15:22.372 [main] DEBUG c.orderbook.OrderBook - [ORDERBOOK] ASK: Adding orderMktData(price=95,quantity=100)
23:15:22.372 [main] DEBUG c.orderbook.OrderBook - [ORDERBOOK] ASK: Adding orderMktData(price=98,quantity=154)
23:15:22.372 [main] INFO  c.o.v.MutatingMatchOneMarketDataOrderVisitor - [ORDERBOOK] visiting LevelOrderBookLevel(price=43,quantity=134)
23:15:22.372 [main] INFO  c.o.v.MutatingMatchOneMarketDataOrderVisitor - [ORDERBOOK] Can't match order:MktData(price=43,quantity=134)(MktData(price=98,quantity=154))
23:15:22.372 [main] INFO  c.o.v.MutatingRemoveAllMarketDataOrdersVisitor - [ORDERBOOK] Removing market data order:MktData(price=98,quantity=501)
23:15:22.372 [main] INFO  c.o.v.MutatingRemoveAllMarketDataOrdersVisitor - [ORDERBOOK] Removing level:98
23:15:22.372 [main] INFO  c.o.v.MutatingRemoveAllMarketDataOrdersVisitor - [ORDERBOOK] Removing market data order:MktData(price=101,quantity=200)
23:15:22.372 [main] INFO  c.o.v.MutatingRemoveAllMarketDataOrdersVisitor - [ORDERBOOK] Removing level:101
23:15:22.372 [main] INFO  c.o.v.MutatingRemoveAllMarketDataOrdersVisitor - [ORDERBOOK] Removing market data order:MktData(price=110,quantity=5000)
23:15:22.373 [main] INFO  c.o.v.MutatingRemoveAllMarketDataOrdersVisitor - [ORDERBOOK] Removing level:110
23:15:22.373 [main] INFO  c.o.v.MutatingRemoveAllMarketDataOrdersVisitor - [ORDERBOOK] Removing market data order:MktData(price=119,quantity=5600)
23:15:22.373 [main] INFO  c.o.v.MutatingRemoveAllMarketDataOrdersVisitor - [ORDERBOOK] Removing level:119
23:15:22.373 [main] INFO  c.o.v.MutatingRemoveAllMarketDataOrdersVisitor - [ORDERBOOK] Removing market data order:MktData(price=123,quantity=453)
23:15:22.373 [main] INFO  c.o.v.MutatingRemoveAllMarketDataOrdersVisitor - [ORDERBOOK] Removing level:123
23:15:22.373 [main] INFO  c.o.v.MutatingRemoveAllMarketDataOrdersVisitor - [ORDERBOOK] Removing market data order:MktData(price=144,quantity=645)
23:15:22.373 [main] INFO  c.o.v.MutatingRemoveAllMarketDataOrdersVisitor - [ORDERBOOK] Removing level:144
23:15:22.373 [main] INFO  c.o.v.MutatingRemoveAllMarketDataOrdersVisitor - [ORDERBOOK] Removing market data order:MktData(price=167,quantity=665)
23:15:22.373 [main] INFO  c.o.v.MutatingRemoveAllMarketDataOrdersVisitor - [ORDERBOOK] Removing level:167
23:15:22.373 [main] DEBUG c.orderbook.OrderBook - [ORDERBOOK] ASK: Adding orderMktData(price=98,quantity=501)
23:15:22.373 [main] DEBUG c.orderbook.OrderBook - [ORDERBOOK] ASK: Adding orderMktData(price=101,quantity=200)
23:15:22.373 [main] DEBUG c.orderbook.OrderBook - [ORDERBOOK] ASK: Adding orderMktData(price=110,quantity=5000)
23:15:22.373 [main] DEBUG c.orderbook.OrderBook - [ORDERBOOK] ASK: Adding orderMktData(price=119,quantity=5600)
23:15:22.373 [main] DEBUG c.orderbook.OrderBook - [ORDERBOOK] ASK: Adding orderMktData(price=123,quantity=453)
23:15:22.373 [main] DEBUG c.orderbook.OrderBook - [ORDERBOOK] ASK: Adding orderMktData(price=144,quantity=645)
23:15:22.373 [main] DEBUG c.orderbook.OrderBook - [ORDERBOOK] ASK: Adding orderMktData(price=167,quantity=665)
23:15:22.373 [main] DEBUG c.service.MarketDataService - [ALGO] BID: price:43 quantity:134
23:15:22.373 [main] DEBUG c.service.MarketDataService - [ALGO] BID: price:76 quantity:145
23:15:22.373 [main] DEBUG c.service.MarketDataService - [ALGO] BID: price:91 quantity:300
23:15:22.373 [main] DEBUG c.service.MarketDataService - [ALGO] BID: price:93 quantity:200
23:15:22.373 [main] DEBUG c.service.MarketDataService - [ALGO] BID: price:95 quantity:100
23:15:22.373 [main] DEBUG c.service.MarketDataService - [ALGO] BID: price:98 quantity:154
23:15:22.373 [main] DEBUG c.service.MarketDataService - [ALGO] ASK: price:98 quantity:501
23:15:22.373 [main] DEBUG c.service.MarketDataService - [ALGO] ASK: price:101 quantity:200
23:15:22.373 [main] DEBUG c.service.MarketDataService - [ALGO] ASK: price:110 quantity:5000
23:15:22.373 [main] DEBUG c.service.MarketDataService - [ALGO] ASK: price:119 quantity:5600
23:15:22.373 [main] DEBUG c.service.MarketDataService - [ALGO] ASK: price:123 quantity:453
23:15:22.373 [main] DEBUG c.service.MarketDataService - [ALGO] ASK: price:144 quantity:645
23:15:22.373 [main] DEBUG c.service.MarketDataService - [ALGO] ASK: price:167 quantity:665
23:15:22.374 [main] INFO  c.gettingstarted.MyAlgoLogic - [MYALGO] The state of the order book is:
|----BID-----||----ASK----|
    134 @ 43    501 @ 98
    145 @ 76   200 @ 101
    300 @ 91  5000 @ 110
    200 @ 93  5600 @ 119
    100 @ 95   453 @ 123
    154 @ 98   645 @ 144
          -    665 @ 167
|------------||-----------|

23:15:22.374 [main] INFO  c.gettingstarted.MyAlgoLogic - [MYALGO] Algo Sees Book as: 
|----BID-----||----ASK----|
    134 @ 43    501 @ 98
    145 @ 76   200 @ 101
    300 @ 91  5000 @ 110
    200 @ 93  5600 @ 119
    100 @ 95   453 @ 123
    154 @ 98   645 @ 144
          -    665 @ 167
|------------||-----------|

23:15:22.374 [main] INFO  c.gettingstarted.TimedLogic - [TIMEDLOGIC] Market is closed
23:15:22.375 [main] INFO  c.sequencer.consumer.LoggingConsumer - [36] 
|----BID-----|
    134 @ 43
    145 @ 76
    300 @ 91
    200 @ 93
    100 @ 95
    154 @ 98
|----ASK-----|
    501 @ 98
   200 @ 101
  5000 @ 110
  5600 @ 119
   453 @ 123
   645 @ 144
   665 @ 167

23:15:22.375 [main] INFO  c.orderbook.OrderBook - [ORDERBOOK] Processing Mkt Data Update
23:15:22.375 [main] INFO  c.o.v.MutatingRemoveAllMarketDataOrdersVisitor - [ORDERBOOK] Removing market data order:MktData(price=43,quantity=134)
23:15:22.375 [main] INFO  c.o.v.MutatingRemoveAllMarketDataOrdersVisitor - [ORDERBOOK] Removing level:43
23:15:22.375 [main] DEBUG c.orderbook.OrderBook - [ORDERBOOK] ASK: Adding orderMktData(price=43,quantity=134)
23:15:22.375 [main] DEBUG c.orderbook.OrderBook - [ORDERBOOK] ASK: Adding orderMktData(price=76,quantity=145)
23:15:22.375 [main] DEBUG c.orderbook.OrderBook - [ORDERBOOK] ASK: Adding orderMktData(price=91,quantity=300)
23:15:22.375 [main] DEBUG c.orderbook.OrderBook - [ORDERBOOK] ASK: Adding orderMktData(price=93,quantity=200)
23:15:22.375 [main] DEBUG c.orderbook.OrderBook - [ORDERBOOK] ASK: Adding orderMktData(price=95,quantity=100)
23:15:22.375 [main] DEBUG c.orderbook.OrderBook - [ORDERBOOK] ASK: Adding orderMktData(price=98,quantity=154)
23:15:22.375 [main] INFO  c.o.v.MutatingMatchOneMarketDataOrderVisitor - [ORDERBOOK] visiting LevelOrderBookLevel(price=43,quantity=134)
23:15:22.375 [main] INFO  c.o.v.MutatingMatchOneMarketDataOrderVisitor - [ORDERBOOK] Can't match order:MktData(price=43,quantity=134)(MktData(price=98,quantity=154))
23:15:22.375 [main] INFO  c.o.v.MutatingRemoveAllMarketDataOrdersVisitor - [ORDERBOOK] Removing market data order:MktData(price=98,quantity=501)
23:15:22.375 [main] INFO  c.o.v.MutatingRemoveAllMarketDataOrdersVisitor - [ORDERBOOK] Removing level:98
23:15:22.375 [main] INFO  c.o.v.MutatingRemoveAllMarketDataOrdersVisitor - [ORDERBOOK] Removing market data order:MktData(price=101,quantity=200)
23:15:22.375 [main] INFO  c.o.v.MutatingRemoveAllMarketDataOrdersVisitor - [ORDERBOOK] Removing level:101
23:15:22.375 [main] INFO  c.o.v.MutatingRemoveAllMarketDataOrdersVisitor - [ORDERBOOK] Removing market data order:MktData(price=110,quantity=5000)
23:15:22.375 [main] INFO  c.o.v.MutatingRemoveAllMarketDataOrdersVisitor - [ORDERBOOK] Removing level:110
23:15:22.375 [main] INFO  c.o.v.MutatingRemoveAllMarketDataOrdersVisitor - [ORDERBOOK] Removing market data order:MktData(price=119,quantity=5600)
23:15:22.375 [main] INFO  c.o.v.MutatingRemoveAllMarketDataOrdersVisitor - [ORDERBOOK] Removing level:119
23:15:22.375 [main] INFO  c.o.v.MutatingRemoveAllMarketDataOrdersVisitor - [ORDERBOOK] Removing market data order:MktData(price=123,quantity=453)
23:15:22.375 [main] INFO  c.o.v.MutatingRemoveAllMarketDataOrdersVisitor - [ORDERBOOK] Removing level:123
23:15:22.375 [main] INFO  c.o.v.MutatingRemoveAllMarketDataOrdersVisitor - [ORDERBOOK] Removing market data order:MktData(price=144,quantity=645)
23:15:22.375 [main] INFO  c.o.v.MutatingRemoveAllMarketDataOrdersVisitor - [ORDERBOOK] Removing level:144
23:15:22.375 [main] INFO  c.o.v.MutatingRemoveAllMarketDataOrdersVisitor - [ORDERBOOK] Removing market data order:MktData(price=167,quantity=665)
23:15:22.375 [main] INFO  c.o.v.MutatingRemoveAllMarketDataOrdersVisitor - [ORDERBOOK] Removing level:167
23:15:22.375 [main] DEBUG c.orderbook.OrderBook - [ORDERBOOK] ASK: Adding orderMktData(price=98,quantity=501)
23:15:22.375 [main] DEBUG c.orderbook.OrderBook - [ORDERBOOK] ASK: Adding orderMktData(price=101,quantity=200)
23:15:22.375 [main] DEBUG c.orderbook.OrderBook - [ORDERBOOK] ASK: Adding orderMktData(price=110,quantity=5000)
23:15:22.375 [main] DEBUG c.orderbook.OrderBook - [ORDERBOOK] ASK: Adding orderMktData(price=119,quantity=5600)
23:15:22.375 [main] DEBUG c.orderbook.OrderBook - [ORDERBOOK] ASK: Adding orderMktData(price=123,quantity=453)
23:15:22.375 [main] DEBUG c.orderbook.OrderBook - [ORDERBOOK] ASK: Adding orderMktData(price=144,quantity=645)
23:15:22.375 [main] DEBUG c.orderbook.OrderBook - [ORDERBOOK] ASK: Adding orderMktData(price=167,quantity=665)
23:15:22.375 [main] DEBUG c.service.MarketDataService - [ALGO] BID: price:43 quantity:134
23:15:22.375 [main] DEBUG c.service.MarketDataService - [ALGO] BID: price:76 quantity:145
23:15:22.375 [main] DEBUG c.service.MarketDataService - [ALGO] BID: price:91 quantity:300
23:15:22.375 [main] DEBUG c.service.MarketDataService - [ALGO] BID: price:93 quantity:200
23:15:22.375 [main] DEBUG c.service.MarketDataService - [ALGO] BID: price:95 quantity:100
23:15:22.375 [main] DEBUG c.service.MarketDataService - [ALGO] BID: price:98 quantity:154
23:15:22.375 [main] DEBUG c.service.MarketDataService - [ALGO] ASK: price:98 quantity:501
23:15:22.375 [main] DEBUG c.service.MarketDataService - [ALGO] ASK: price:101 quantity:200
23:15:22.375 [main] DEBUG c.service.MarketDataService - [ALGO] ASK: price:110 quantity:5000
23:15:22.375 [main] DEBUG c.service.MarketDataService - [ALGO] ASK: price:119 quantity:5600
23:15:22.375 [main] DEBUG c.service.MarketDataService - [ALGO] ASK: price:123 quantity:453
23:15:22.375 [main] DEBUG c.service.MarketDataService - [ALGO] ASK: price:144 quantity:645
23:15:22.375 [main] DEBUG c.service.MarketDataService - [ALGO] ASK: price:167 quantity:665
23:15:22.375 [main] INFO  c.gettingstarted.MyAlgoLogic - [MYALGO] The state of the order book is:
|----BID-----||----ASK----|
    134 @ 43    501 @ 98
    145 @ 76   200 @ 101
    300 @ 91  5000 @ 110
    200 @ 93  5600 @ 119
    100 @ 95   453 @ 123
    154 @ 98   645 @ 144
          -    665 @ 167
|------------||-----------|

23:15:22.375 [main] INFO  c.gettingstarted.MyAlgoLogic - [MYALGO] Algo Sees Book as: 
|----BID-----||----ASK----|
    134 @ 43    501 @ 98
    145 @ 76   200 @ 101
    300 @ 91  5000 @ 110
    200 @ 93  5600 @ 119
    100 @ 95   453 @ 123
    154 @ 98   645 @ 144
          -    665 @ 167
|------------||-----------|

23:15:22.375 [main] INFO  c.gettingstarted.TimedLogic - [TIMEDLOGIC] Market is closed
23:15:22.375 [main] INFO  c.sequencer.consumer.LoggingConsumer - [37] 
|----BID-----|
    134 @ 43
    145 @ 76
    300 @ 91
    200 @ 93
    100 @ 95
    154 @ 98
|----ASK-----|
    501 @ 98
   200 @ 101
  5000 @ 110
  5600 @ 119
   453 @ 123
   645 @ 144
   665 @ 167

23:15:22.375 [main] INFO  c.orderbook.OrderBook - [ORDERBOOK] Processing Mkt Data Update
23:15:22.375 [main] INFO  c.o.v.MutatingRemoveAllMarketDataOrdersVisitor - [ORDERBOOK] Removing market data order:MktData(price=43,quantity=134)
23:15:22.375 [main] INFO  c.o.v.MutatingRemoveAllMarketDataOrdersVisitor - [ORDERBOOK] Removing level:43
23:15:22.375 [main] DEBUG c.orderbook.OrderBook - [ORDERBOOK] ASK: Adding orderMktData(price=43,quantity=134)
23:15:22.375 [main] DEBUG c.orderbook.OrderBook - [ORDERBOOK] ASK: Adding orderMktData(price=76,quantity=145)
23:15:22.375 [main] DEBUG c.orderbook.OrderBook - [ORDERBOOK] ASK: Adding orderMktData(price=91,quantity=300)
23:15:22.375 [main] DEBUG c.orderbook.OrderBook - [ORDERBOOK] ASK: Adding orderMktData(price=93,quantity=200)
23:15:22.375 [main] DEBUG c.orderbook.OrderBook - [ORDERBOOK] ASK: Adding orderMktData(price=95,quantity=100)
23:15:22.375 [main] DEBUG c.orderbook.OrderBook - [ORDERBOOK] ASK: Adding orderMktData(price=98,quantity=154)
23:15:22.375 [main] INFO  c.o.v.MutatingMatchOneMarketDataOrderVisitor - [ORDERBOOK] visiting LevelOrderBookLevel(price=43,quantity=134)
23:15:22.375 [main] INFO  c.o.v.MutatingMatchOneMarketDataOrderVisitor - [ORDERBOOK] Can't match order:MktData(price=43,quantity=134)(MktData(price=98,quantity=154))
23:15:22.375 [main] INFO  c.o.v.MutatingRemoveAllMarketDataOrdersVisitor - [ORDERBOOK] Removing market data order:MktData(price=98,quantity=501)
23:15:22.375 [main] INFO  c.o.v.MutatingRemoveAllMarketDataOrdersVisitor - [ORDERBOOK] Removing level:98
23:15:22.375 [main] INFO  c.o.v.MutatingRemoveAllMarketDataOrdersVisitor - [ORDERBOOK] Removing market data order:MktData(price=101,quantity=200)
23:15:22.375 [main] INFO  c.o.v.MutatingRemoveAllMarketDataOrdersVisitor - [ORDERBOOK] Removing level:101
23:15:22.375 [main] INFO  c.o.v.MutatingRemoveAllMarketDataOrdersVisitor - [ORDERBOOK] Removing market data order:MktData(price=110,quantity=5000)
23:15:22.375 [main] INFO  c.o.v.MutatingRemoveAllMarketDataOrdersVisitor - [ORDERBOOK] Removing level:110
23:15:22.375 [main] INFO  c.o.v.MutatingRemoveAllMarketDataOrdersVisitor - [ORDERBOOK] Removing market data order:MktData(price=119,quantity=5600)
23:15:22.375 [main] INFO  c.o.v.MutatingRemoveAllMarketDataOrdersVisitor - [ORDERBOOK] Removing level:119
23:15:22.375 [main] INFO  c.o.v.MutatingRemoveAllMarketDataOrdersVisitor - [ORDERBOOK] Removing market data order:MktData(price=123,quantity=453)
23:15:22.375 [main] INFO  c.o.v.MutatingRemoveAllMarketDataOrdersVisitor - [ORDERBOOK] Removing level:123
23:15:22.375 [main] INFO  c.o.v.MutatingRemoveAllMarketDataOrdersVisitor - [ORDERBOOK] Removing market data order:MktData(price=144,quantity=645)
23:15:22.375 [main] INFO  c.o.v.MutatingRemoveAllMarketDataOrdersVisitor - [ORDERBOOK] Removing level:144
23:15:22.375 [main] INFO  c.o.v.MutatingRemoveAllMarketDataOrdersVisitor - [ORDERBOOK] Removing market data order:MktData(price=167,quantity=665)
23:15:22.375 [main] INFO  c.o.v.MutatingRemoveAllMarketDataOrdersVisitor - [ORDERBOOK] Removing level:167
23:15:22.375 [main] DEBUG c.orderbook.OrderBook - [ORDERBOOK] ASK: Adding orderMktData(price=98,quantity=501)
23:15:22.375 [main] DEBUG c.orderbook.OrderBook - [ORDERBOOK] ASK: Adding orderMktData(price=101,quantity=200)
23:15:22.375 [main] DEBUG c.orderbook.OrderBook - [ORDERBOOK] ASK: Adding orderMktData(price=110,quantity=5000)
23:15:22.375 [main] DEBUG c.orderbook.OrderBook - [ORDERBOOK] ASK: Adding orderMktData(price=119,quantity=5600)
23:15:22.375 [main] DEBUG c.orderbook.OrderBook - [ORDERBOOK] ASK: Adding orderMktData(price=123,quantity=453)
23:15:22.375 [main] DEBUG c.orderbook.OrderBook - [ORDERBOOK] ASK: Adding orderMktData(price=144,quantity=645)
23:15:22.375 [main] DEBUG c.orderbook.OrderBook - [ORDERBOOK] ASK: Adding orderMktData(price=167,quantity=665)
23:15:22.375 [main] DEBUG c.service.MarketDataService - [ALGO] BID: price:43 quantity:134
23:15:22.375 [main] DEBUG c.service.MarketDataService - [ALGO] BID: price:76 quantity:145
23:15:22.375 [main] DEBUG c.service.MarketDataService - [ALGO] BID: price:91 quantity:300
23:15:22.375 [main] DEBUG c.service.MarketDataService - [ALGO] BID: price:93 quantity:200
23:15:22.375 [main] DEBUG c.service.MarketDataService - [ALGO] BID: price:95 quantity:100
23:15:22.375 [main] DEBUG c.service.MarketDataService - [ALGO] BID: price:98 quantity:154
23:15:22.375 [main] DEBUG c.service.MarketDataService - [ALGO] ASK: price:98 quantity:501
23:15:22.375 [main] DEBUG c.service.MarketDataService - [ALGO] ASK: price:101 quantity:200
23:15:22.375 [main] DEBUG c.service.MarketDataService - [ALGO] ASK: price:110 quantity:5000
23:15:22.375 [main] DEBUG c.service.MarketDataService - [ALGO] ASK: price:119 quantity:5600
23:15:22.375 [main] DEBUG c.service.MarketDataService - [ALGO] ASK: price:123 quantity:453
23:15:22.375 [main] DEBUG c.service.MarketDataService - [ALGO] ASK: price:144 quantity:645
23:15:22.375 [main] DEBUG c.service.MarketDataService - [ALGO] ASK: price:167 quantity:665
23:15:22.375 [main] INFO  c.gettingstarted.MyAlgoLogic - [MYALGO] The state of the order book is:
|----BID-----||----ASK----|
    134 @ 43    501 @ 98
    145 @ 76   200 @ 101
    300 @ 91  5000 @ 110
    200 @ 93  5600 @ 119
    100 @ 95   453 @ 123
    154 @ 98   645 @ 144
          -    665 @ 167
|------------||-----------|

23:15:22.375 [main] INFO  c.gettingstarted.MyAlgoLogic - [MYALGO] Algo Sees Book as: 
|----BID-----||----ASK----|
    134 @ 43    501 @ 98
    145 @ 76   200 @ 101
    300 @ 91  5000 @ 110
    200 @ 93  5600 @ 119
    100 @ 95   453 @ 123
    154 @ 98   645 @ 144
          -    665 @ 167
|------------||-----------|

23:15:22.375 [main] INFO  c.gettingstarted.TimedLogic - [TIMEDLOGIC] Market is closed
23:15:22.376 [main] INFO  c.sequencer.consumer.LoggingConsumer - [38] 
|----BID-----|
    134 @ 43
    145 @ 76
    300 @ 91
    200 @ 93
    100 @ 95
    154 @ 98
|----ASK-----|
    501 @ 98
   200 @ 101
  5000 @ 110
  5600 @ 119
   453 @ 123
   645 @ 144
   665 @ 167

23:15:22.376 [main] INFO  c.orderbook.OrderBook - [ORDERBOOK] Processing Mkt Data Update
23:15:22.376 [main] INFO  c.o.v.MutatingRemoveAllMarketDataOrdersVisitor - [ORDERBOOK] Removing market data order:MktData(price=43,quantity=134)
23:15:22.376 [main] INFO  c.o.v.MutatingRemoveAllMarketDataOrdersVisitor - [ORDERBOOK] Removing level:43
23:15:22.376 [main] DEBUG c.orderbook.OrderBook - [ORDERBOOK] ASK: Adding orderMktData(price=43,quantity=134)
23:15:22.376 [main] DEBUG c.orderbook.OrderBook - [ORDERBOOK] ASK: Adding orderMktData(price=76,quantity=145)
23:15:22.376 [main] DEBUG c.orderbook.OrderBook - [ORDERBOOK] ASK: Adding orderMktData(price=91,quantity=300)
23:15:22.376 [main] DEBUG c.orderbook.OrderBook - [ORDERBOOK] ASK: Adding orderMktData(price=93,quantity=200)
23:15:22.376 [main] DEBUG c.orderbook.OrderBook - [ORDERBOOK] ASK: Adding orderMktData(price=95,quantity=100)
23:15:22.376 [main] DEBUG c.orderbook.OrderBook - [ORDERBOOK] ASK: Adding orderMktData(price=98,quantity=154)
23:15:22.376 [main] INFO  c.o.v.MutatingMatchOneMarketDataOrderVisitor - [ORDERBOOK] visiting LevelOrderBookLevel(price=43,quantity=134)
23:15:22.376 [main] INFO  c.o.v.MutatingMatchOneMarketDataOrderVisitor - [ORDERBOOK] Can't match order:MktData(price=43,quantity=134)(MktData(price=98,quantity=154))
23:15:22.376 [main] INFO  c.o.v.MutatingRemoveAllMarketDataOrdersVisitor - [ORDERBOOK] Removing market data order:MktData(price=98,quantity=501)
23:15:22.376 [main] INFO  c.o.v.MutatingRemoveAllMarketDataOrdersVisitor - [ORDERBOOK] Removing level:98
23:15:22.376 [main] INFO  c.o.v.MutatingRemoveAllMarketDataOrdersVisitor - [ORDERBOOK] Removing market data order:MktData(price=101,quantity=200)
23:15:22.376 [main] INFO  c.o.v.MutatingRemoveAllMarketDataOrdersVisitor - [ORDERBOOK] Removing level:101
23:15:22.376 [main] INFO  c.o.v.MutatingRemoveAllMarketDataOrdersVisitor - [ORDERBOOK] Removing market data order:MktData(price=110,quantity=5000)
23:15:22.376 [main] INFO  c.o.v.MutatingRemoveAllMarketDataOrdersVisitor - [ORDERBOOK] Removing level:110
23:15:22.376 [main] INFO  c.o.v.MutatingRemoveAllMarketDataOrdersVisitor - [ORDERBOOK] Removing market data order:MktData(price=119,quantity=5600)
23:15:22.376 [main] INFO  c.o.v.MutatingRemoveAllMarketDataOrdersVisitor - [ORDERBOOK] Removing level:119
23:15:22.376 [main] INFO  c.o.v.MutatingRemoveAllMarketDataOrdersVisitor - [ORDERBOOK] Removing market data order:MktData(price=123,quantity=453)
23:15:22.376 [main] INFO  c.o.v.MutatingRemoveAllMarketDataOrdersVisitor - [ORDERBOOK] Removing level:123
23:15:22.376 [main] INFO  c.o.v.MutatingRemoveAllMarketDataOrdersVisitor - [ORDERBOOK] Removing market data order:MktData(price=144,quantity=645)
23:15:22.376 [main] INFO  c.o.v.MutatingRemoveAllMarketDataOrdersVisitor - [ORDERBOOK] Removing level:144
23:15:22.376 [main] INFO  c.o.v.MutatingRemoveAllMarketDataOrdersVisitor - [ORDERBOOK] Removing market data order:MktData(price=167,quantity=665)
23:15:22.376 [main] INFO  c.o.v.MutatingRemoveAllMarketDataOrdersVisitor - [ORDERBOOK] Removing level:167
23:15:22.376 [main] DEBUG c.orderbook.OrderBook - [ORDERBOOK] ASK: Adding orderMktData(price=98,quantity=501)
23:15:22.376 [main] DEBUG c.orderbook.OrderBook - [ORDERBOOK] ASK: Adding orderMktData(price=101,quantity=200)
23:15:22.376 [main] DEBUG c.orderbook.OrderBook - [ORDERBOOK] ASK: Adding orderMktData(price=110,quantity=5000)
23:15:22.376 [main] DEBUG c.orderbook.OrderBook - [ORDERBOOK] ASK: Adding orderMktData(price=119,quantity=5600)
23:15:22.377 [main] DEBUG c.orderbook.OrderBook - [ORDERBOOK] ASK: Adding orderMktData(price=123,quantity=453)
23:15:22.377 [main] DEBUG c.orderbook.OrderBook - [ORDERBOOK] ASK: Adding orderMktData(price=144,quantity=645)
23:15:22.377 [main] DEBUG c.orderbook.OrderBook - [ORDERBOOK] ASK: Adding orderMktData(price=167,quantity=665)
23:15:22.377 [main] DEBUG c.service.MarketDataService - [ALGO] BID: price:43 quantity:134
23:15:22.377 [main] DEBUG c.service.MarketDataService - [ALGO] BID: price:76 quantity:145
23:15:22.377 [main] DEBUG c.service.MarketDataService - [ALGO] BID: price:91 quantity:300
23:15:22.377 [main] DEBUG c.service.MarketDataService - [ALGO] BID: price:93 quantity:200
23:15:22.377 [main] DEBUG c.service.MarketDataService - [ALGO] BID: price:95 quantity:100
23:15:22.377 [main] DEBUG c.service.MarketDataService - [ALGO] BID: price:98 quantity:154
23:15:22.377 [main] DEBUG c.service.MarketDataService - [ALGO] ASK: price:98 quantity:501
23:15:22.377 [main] DEBUG c.service.MarketDataService - [ALGO] ASK: price:101 quantity:200
23:15:22.377 [main] DEBUG c.service.MarketDataService - [ALGO] ASK: price:110 quantity:5000
23:15:22.377 [main] DEBUG c.service.MarketDataService - [ALGO] ASK: price:119 quantity:5600
23:15:22.377 [main] DEBUG c.service.MarketDataService - [ALGO] ASK: price:123 quantity:453
23:15:22.377 [main] DEBUG c.service.MarketDataService - [ALGO] ASK: price:144 quantity:645
23:15:22.377 [main] DEBUG c.service.MarketDataService - [ALGO] ASK: price:167 quantity:665
23:15:22.377 [main] INFO  c.gettingstarted.MyAlgoLogic - [MYALGO] The state of the order book is:
|----BID-----||----ASK----|
    134 @ 43    501 @ 98
    145 @ 76   200 @ 101
    300 @ 91  5000 @ 110
    200 @ 93  5600 @ 119
    100 @ 95   453 @ 123
    154 @ 98   645 @ 144
          -    665 @ 167
|------------||-----------|

23:15:22.377 [main] INFO  c.gettingstarted.MyAlgoLogic - [MYALGO] Algo Sees Book as: 
|----BID-----||----ASK----|
    134 @ 43    501 @ 98
    145 @ 76   200 @ 101
    300 @ 91  5000 @ 110
    200 @ 93  5600 @ 119
    100 @ 95   453 @ 123
    154 @ 98   645 @ 144
          -    665 @ 167
|------------||-----------|

23:15:22.377 [main] INFO  c.gettingstarted.TimedLogic - [TIMEDLOGIC] Market is closed
23:15:22.377 [main] INFO  c.sequencer.consumer.LoggingConsumer - [39] 
|----BID-----|
    134 @ 43
    145 @ 76
    300 @ 91
    200 @ 93
    100 @ 95
    154 @ 98
|----ASK-----|
    501 @ 98
   200 @ 101
  5000 @ 110
  5600 @ 119
   453 @ 123
   645 @ 144
   665 @ 167

23:15:22.377 [main] INFO  c.orderbook.OrderBook - [ORDERBOOK] Processing Mkt Data Update
23:15:22.377 [main] INFO  c.o.v.MutatingRemoveAllMarketDataOrdersVisitor - [ORDERBOOK] Removing market data order:MktData(price=43,quantity=134)
23:15:22.377 [main] INFO  c.o.v.MutatingRemoveAllMarketDataOrdersVisitor - [ORDERBOOK] Removing level:43
23:15:22.377 [main] DEBUG c.orderbook.OrderBook - [ORDERBOOK] ASK: Adding orderMktData(price=43,quantity=134)
23:15:22.377 [main] DEBUG c.orderbook.OrderBook - [ORDERBOOK] ASK: Adding orderMktData(price=76,quantity=145)
23:15:22.377 [main] DEBUG c.orderbook.OrderBook - [ORDERBOOK] ASK: Adding orderMktData(price=91,quantity=300)
23:15:22.377 [main] DEBUG c.orderbook.OrderBook - [ORDERBOOK] ASK: Adding orderMktData(price=93,quantity=200)
23:15:22.377 [main] DEBUG c.orderbook.OrderBook - [ORDERBOOK] ASK: Adding orderMktData(price=95,quantity=100)
23:15:22.377 [main] DEBUG c.orderbook.OrderBook - [ORDERBOOK] ASK: Adding orderMktData(price=98,quantity=154)
23:15:22.377 [main] INFO  c.o.v.MutatingMatchOneMarketDataOrderVisitor - [ORDERBOOK] visiting LevelOrderBookLevel(price=43,quantity=134)
23:15:22.377 [main] INFO  c.o.v.MutatingMatchOneMarketDataOrderVisitor - [ORDERBOOK] Can't match order:MktData(price=43,quantity=134)(MktData(price=98,quantity=154))
23:15:22.377 [main] INFO  c.o.v.MutatingRemoveAllMarketDataOrdersVisitor - [ORDERBOOK] Removing market data order:MktData(price=98,quantity=501)
23:15:22.377 [main] INFO  c.o.v.MutatingRemoveAllMarketDataOrdersVisitor - [ORDERBOOK] Removing level:98
23:15:22.377 [main] INFO  c.o.v.MutatingRemoveAllMarketDataOrdersVisitor - [ORDERBOOK] Removing market data order:MktData(price=101,quantity=200)
23:15:22.377 [main] INFO  c.o.v.MutatingRemoveAllMarketDataOrdersVisitor - [ORDERBOOK] Removing level:101
23:15:22.377 [main] INFO  c.o.v.MutatingRemoveAllMarketDataOrdersVisitor - [ORDERBOOK] Removing market data order:MktData(price=110,quantity=5000)
23:15:22.377 [main] INFO  c.o.v.MutatingRemoveAllMarketDataOrdersVisitor - [ORDERBOOK] Removing level:110
23:15:22.377 [main] INFO  c.o.v.MutatingRemoveAllMarketDataOrdersVisitor - [ORDERBOOK] Removing market data order:MktData(price=119,quantity=5600)
23:15:22.377 [main] INFO  c.o.v.MutatingRemoveAllMarketDataOrdersVisitor - [ORDERBOOK] Removing level:119
23:15:22.377 [main] INFO  c.o.v.MutatingRemoveAllMarketDataOrdersVisitor - [ORDERBOOK] Removing market data order:MktData(price=123,quantity=453)
23:15:22.377 [main] INFO  c.o.v.MutatingRemoveAllMarketDataOrdersVisitor - [ORDERBOOK] Removing level:123
23:15:22.377 [main] INFO  c.o.v.MutatingRemoveAllMarketDataOrdersVisitor - [ORDERBOOK] Removing market data order:MktData(price=144,quantity=645)
23:15:22.377 [main] INFO  c.o.v.MutatingRemoveAllMarketDataOrdersVisitor - [ORDERBOOK] Removing level:144
23:15:22.377 [main] INFO  c.o.v.MutatingRemoveAllMarketDataOrdersVisitor - [ORDERBOOK] Removing market data order:MktData(price=167,quantity=665)
23:15:22.377 [main] INFO  c.o.v.MutatingRemoveAllMarketDataOrdersVisitor - [ORDERBOOK] Removing level:167
23:15:22.377 [main] DEBUG c.orderbook.OrderBook - [ORDERBOOK] ASK: Adding orderMktData(price=98,quantity=501)
23:15:22.377 [main] DEBUG c.orderbook.OrderBook - [ORDERBOOK] ASK: Adding orderMktData(price=101,quantity=200)
23:15:22.377 [main] DEBUG c.orderbook.OrderBook - [ORDERBOOK] ASK: Adding orderMktData(price=110,quantity=5000)
23:15:22.377 [main] DEBUG c.orderbook.OrderBook - [ORDERBOOK] ASK: Adding orderMktData(price=119,quantity=5600)
23:15:22.377 [main] DEBUG c.orderbook.OrderBook - [ORDERBOOK] ASK: Adding orderMktData(price=123,quantity=453)
23:15:22.377 [main] DEBUG c.orderbook.OrderBook - [ORDERBOOK] ASK: Adding orderMktData(price=144,quantity=645)
23:15:22.377 [main] DEBUG c.orderbook.OrderBook - [ORDERBOOK] ASK: Adding orderMktData(price=167,quantity=665)
23:15:22.377 [main] DEBUG c.service.MarketDataService - [ALGO] BID: price:43 quantity:134
23:15:22.377 [main] DEBUG c.service.MarketDataService - [ALGO] BID: price:76 quantity:145
23:15:22.377 [main] DEBUG c.service.MarketDataService - [ALGO] BID: price:91 quantity:300
23:15:22.377 [main] DEBUG c.service.MarketDataService - [ALGO] BID: price:93 quantity:200
23:15:22.377 [main] DEBUG c.service.MarketDataService - [ALGO] BID: price:95 quantity:100
23:15:22.377 [main] DEBUG c.service.MarketDataService - [ALGO] BID: price:98 quantity:154
23:15:22.377 [main] DEBUG c.service.MarketDataService - [ALGO] ASK: price:98 quantity:501
23:15:22.377 [main] DEBUG c.service.MarketDataService - [ALGO] ASK: price:101 quantity:200
23:15:22.377 [main] DEBUG c.service.MarketDataService - [ALGO] ASK: price:110 quantity:5000
23:15:22.377 [main] DEBUG c.service.MarketDataService - [ALGO] ASK: price:119 quantity:5600
23:15:22.377 [main] DEBUG c.service.MarketDataService - [ALGO] ASK: price:123 quantity:453
23:15:22.377 [main] DEBUG c.service.MarketDataService - [ALGO] ASK: price:144 quantity:645
23:15:22.377 [main] DEBUG c.service.MarketDataService - [ALGO] ASK: price:167 quantity:665
23:15:22.377 [main] INFO  c.gettingstarted.MyAlgoLogic - [MYALGO] The state of the order book is:
|----BID-----||----ASK----|
    134 @ 43    501 @ 98
    145 @ 76   200 @ 101
    300 @ 91  5000 @ 110
    200 @ 93  5600 @ 119
    100 @ 95   453 @ 123
    154 @ 98   645 @ 144
          -    665 @ 167
|------------||-----------|

23:15:22.377 [main] INFO  c.gettingstarted.MyAlgoLogic - [MYALGO] Algo Sees Book as: 
|----BID-----||----ASK----|
    134 @ 43    501 @ 98
    145 @ 76   200 @ 101
    300 @ 91  5000 @ 110
    200 @ 93  5600 @ 119
    100 @ 95   453 @ 123
    154 @ 98   645 @ 144
          -    665 @ 167
|------------||-----------|

23:15:22.377 [main] INFO  c.gettingstarted.TimedLogic - [TIMEDLOGIC] Market is closed
23:15:22.377 [main] INFO  c.sequencer.consumer.LoggingConsumer - [40] 
|----BID-----|
    134 @ 43
    145 @ 76
    300 @ 91
    200 @ 93
    100 @ 95
    154 @ 98
|----ASK-----|
    501 @ 98
   200 @ 101
  5000 @ 110
  5600 @ 119
   453 @ 123
   645 @ 144
   665 @ 167

23:15:22.377 [main] INFO  c.orderbook.OrderBook - [ORDERBOOK] Processing Mkt Data Update
23:15:22.377 [main] INFO  c.o.v.MutatingRemoveAllMarketDataOrdersVisitor - [ORDERBOOK] Removing market data order:MktData(price=43,quantity=134)
23:15:22.377 [main] INFO  c.o.v.MutatingRemoveAllMarketDataOrdersVisitor - [ORDERBOOK] Removing level:43
23:15:22.377 [main] DEBUG c.orderbook.OrderBook - [ORDERBOOK] ASK: Adding orderMktData(price=43,quantity=134)
23:15:22.377 [main] DEBUG c.orderbook.OrderBook - [ORDERBOOK] ASK: Adding orderMktData(price=76,quantity=145)
23:15:22.377 [main] DEBUG c.orderbook.OrderBook - [ORDERBOOK] ASK: Adding orderMktData(price=91,quantity=300)
23:15:22.377 [main] DEBUG c.orderbook.OrderBook - [ORDERBOOK] ASK: Adding orderMktData(price=93,quantity=200)
23:15:22.377 [main] DEBUG c.orderbook.OrderBook - [ORDERBOOK] ASK: Adding orderMktData(price=95,quantity=100)
23:15:22.377 [main] DEBUG c.orderbook.OrderBook - [ORDERBOOK] ASK: Adding orderMktData(price=98,quantity=154)
23:15:22.377 [main] INFO  c.o.v.MutatingMatchOneMarketDataOrderVisitor - [ORDERBOOK] visiting LevelOrderBookLevel(price=43,quantity=134)
23:15:22.377 [main] INFO  c.o.v.MutatingMatchOneMarketDataOrderVisitor - [ORDERBOOK] Can't match order:MktData(price=43,quantity=134)(MktData(price=98,quantity=154))
23:15:22.377 [main] INFO  c.o.v.MutatingRemoveAllMarketDataOrdersVisitor - [ORDERBOOK] Removing market data order:MktData(price=98,quantity=501)
23:15:22.377 [main] INFO  c.o.v.MutatingRemoveAllMarketDataOrdersVisitor - [ORDERBOOK] Removing level:98
23:15:22.377 [main] INFO  c.o.v.MutatingRemoveAllMarketDataOrdersVisitor - [ORDERBOOK] Removing market data order:MktData(price=101,quantity=200)
23:15:22.377 [main] INFO  c.o.v.MutatingRemoveAllMarketDataOrdersVisitor - [ORDERBOOK] Removing level:101
23:15:22.377 [main] INFO  c.o.v.MutatingRemoveAllMarketDataOrdersVisitor - [ORDERBOOK] Removing market data order:MktData(price=110,quantity=5000)
23:15:22.377 [main] INFO  c.o.v.MutatingRemoveAllMarketDataOrdersVisitor - [ORDERBOOK] Removing level:110
23:15:22.377 [main] INFO  c.o.v.MutatingRemoveAllMarketDataOrdersVisitor - [ORDERBOOK] Removing market data order:MktData(price=119,quantity=5600)
23:15:22.377 [main] INFO  c.o.v.MutatingRemoveAllMarketDataOrdersVisitor - [ORDERBOOK] Removing level:119
23:15:22.377 [main] INFO  c.o.v.MutatingRemoveAllMarketDataOrdersVisitor - [ORDERBOOK] Removing market data order:MktData(price=123,quantity=453)
23:15:22.377 [main] INFO  c.o.v.MutatingRemoveAllMarketDataOrdersVisitor - [ORDERBOOK] Removing level:123
23:15:22.377 [main] INFO  c.o.v.MutatingRemoveAllMarketDataOrdersVisitor - [ORDERBOOK] Removing market data order:MktData(price=144,quantity=645)
23:15:22.377 [main] INFO  c.o.v.MutatingRemoveAllMarketDataOrdersVisitor - [ORDERBOOK] Removing level:144
23:15:22.377 [main] INFO  c.o.v.MutatingRemoveAllMarketDataOrdersVisitor - [ORDERBOOK] Removing market data order:MktData(price=167,quantity=665)
23:15:22.377 [main] INFO  c.o.v.MutatingRemoveAllMarketDataOrdersVisitor - [ORDERBOOK] Removing level:167
23:15:22.377 [main] DEBUG c.orderbook.OrderBook - [ORDERBOOK] ASK: Adding orderMktData(price=98,quantity=501)
23:15:22.377 [main] DEBUG c.orderbook.OrderBook - [ORDERBOOK] ASK: Adding orderMktData(price=101,quantity=200)
23:15:22.377 [main] DEBUG c.orderbook.OrderBook - [ORDERBOOK] ASK: Adding orderMktData(price=110,quantity=5000)
23:15:22.377 [main] DEBUG c.orderbook.OrderBook - [ORDERBOOK] ASK: Adding orderMktData(price=119,quantity=5600)
23:15:22.377 [main] DEBUG c.orderbook.OrderBook - [ORDERBOOK] ASK: Adding orderMktData(price=123,quantity=453)
23:15:22.377 [main] DEBUG c.orderbook.OrderBook - [ORDERBOOK] ASK: Adding orderMktData(price=144,quantity=645)
23:15:22.377 [main] DEBUG c.orderbook.OrderBook - [ORDERBOOK] ASK: Adding orderMktData(price=167,quantity=665)
23:15:22.377 [main] DEBUG c.service.MarketDataService - [ALGO] BID: price:43 quantity:134
23:15:22.377 [main] DEBUG c.service.MarketDataService - [ALGO] BID: price:76 quantity:145
23:15:22.377 [main] DEBUG c.service.MarketDataService - [ALGO] BID: price:91 quantity:300
23:15:22.377 [main] DEBUG c.service.MarketDataService - [ALGO] BID: price:93 quantity:200
23:15:22.377 [main] DEBUG c.service.MarketDataService - [ALGO] BID: price:95 quantity:100
23:15:22.378 [main] DEBUG c.service.MarketDataService - [ALGO] BID: price:98 quantity:154
23:15:22.378 [main] DEBUG c.service.MarketDataService - [ALGO] ASK: price:98 quantity:501
23:15:22.378 [main] DEBUG c.service.MarketDataService - [ALGO] ASK: price:101 quantity:200
23:15:22.378 [main] DEBUG c.service.MarketDataService - [ALGO] ASK: price:110 quantity:5000
23:15:22.378 [main] DEBUG c.service.MarketDataService - [ALGO] ASK: price:119 quantity:5600
23:15:22.378 [main] DEBUG c.service.MarketDataService - [ALGO] ASK: price:123 quantity:453
23:15:22.378 [main] DEBUG c.service.MarketDataService - [ALGO] ASK: price:144 quantity:645
23:15:22.378 [main] DEBUG c.service.MarketDataService - [ALGO] ASK: price:167 quantity:665
23:15:22.378 [main] INFO  c.gettingstarted.MyAlgoLogic - [MYALGO] The state of the order book is:
|----BID-----||----ASK----|
    134 @ 43    501 @ 98
    145 @ 76   200 @ 101
    300 @ 91  5000 @ 110
    200 @ 93  5600 @ 119
    100 @ 95   453 @ 123
    154 @ 98   645 @ 144
          -    665 @ 167
|------------||-----------|

23:15:22.378 [main] INFO  c.gettingstarted.MyAlgoLogic - [MYALGO] Algo Sees Book as: 
|----BID-----||----ASK----|
    134 @ 43    501 @ 98
    145 @ 76   200 @ 101
    300 @ 91  5000 @ 110
    200 @ 93  5600 @ 119
    100 @ 95   453 @ 123
    154 @ 98   645 @ 144
          -    665 @ 167
|------------||-----------|

23:15:22.378 [main] INFO  c.gettingstarted.TimedLogic - [TIMEDLOGIC] Market is closed
23:15:22.378 [main] INFO  c.sequencer.consumer.LoggingConsumer - [41] 
|----BID-----|
    134 @ 43
    145 @ 76
    300 @ 91
    200 @ 93
    100 @ 95
    154 @ 98
|----ASK-----|
    501 @ 98
   200 @ 101
  5000 @ 110
  5600 @ 119
   453 @ 123
   645 @ 144
   665 @ 167

23:15:22.378 [main] INFO  c.orderbook.OrderBook - [ORDERBOOK] Processing Mkt Data Update
23:15:22.378 [main] INFO  c.o.v.MutatingRemoveAllMarketDataOrdersVisitor - [ORDERBOOK] Removing market data order:MktData(price=43,quantity=134)
23:15:22.378 [main] INFO  c.o.v.MutatingRemoveAllMarketDataOrdersVisitor - [ORDERBOOK] Removing level:43
23:15:22.378 [main] DEBUG c.orderbook.OrderBook - [ORDERBOOK] ASK: Adding orderMktData(price=43,quantity=134)
23:15:22.378 [main] DEBUG c.orderbook.OrderBook - [ORDERBOOK] ASK: Adding orderMktData(price=76,quantity=145)
23:15:22.378 [main] DEBUG c.orderbook.OrderBook - [ORDERBOOK] ASK: Adding orderMktData(price=91,quantity=300)
23:15:22.378 [main] DEBUG c.orderbook.OrderBook - [ORDERBOOK] ASK: Adding orderMktData(price=93,quantity=200)
23:15:22.378 [main] DEBUG c.orderbook.OrderBook - [ORDERBOOK] ASK: Adding orderMktData(price=95,quantity=100)
23:15:22.378 [main] DEBUG c.orderbook.OrderBook - [ORDERBOOK] ASK: Adding orderMktData(price=98,quantity=154)
23:15:22.378 [main] INFO  c.o.v.MutatingMatchOneMarketDataOrderVisitor - [ORDERBOOK] visiting LevelOrderBookLevel(price=43,quantity=134)
23:15:22.378 [main] INFO  c.o.v.MutatingMatchOneMarketDataOrderVisitor - [ORDERBOOK] Can't match order:MktData(price=43,quantity=134)(MktData(price=98,quantity=154))
23:15:22.378 [main] INFO  c.o.v.MutatingRemoveAllMarketDataOrdersVisitor - [ORDERBOOK] Removing market data order:MktData(price=98,quantity=501)
23:15:22.378 [main] INFO  c.o.v.MutatingRemoveAllMarketDataOrdersVisitor - [ORDERBOOK] Removing level:98
23:15:22.378 [main] INFO  c.o.v.MutatingRemoveAllMarketDataOrdersVisitor - [ORDERBOOK] Removing market data order:MktData(price=101,quantity=200)
23:15:22.378 [main] INFO  c.o.v.MutatingRemoveAllMarketDataOrdersVisitor - [ORDERBOOK] Removing level:101
23:15:22.378 [main] INFO  c.o.v.MutatingRemoveAllMarketDataOrdersVisitor - [ORDERBOOK] Removing market data order:MktData(price=110,quantity=5000)
23:15:22.378 [main] INFO  c.o.v.MutatingRemoveAllMarketDataOrdersVisitor - [ORDERBOOK] Removing level:110
23:15:22.378 [main] INFO  c.o.v.MutatingRemoveAllMarketDataOrdersVisitor - [ORDERBOOK] Removing market data order:MktData(price=119,quantity=5600)
23:15:22.378 [main] INFO  c.o.v.MutatingRemoveAllMarketDataOrdersVisitor - [ORDERBOOK] Removing level:119
23:15:22.378 [main] INFO  c.o.v.MutatingRemoveAllMarketDataOrdersVisitor - [ORDERBOOK] Removing market data order:MktData(price=123,quantity=453)
23:15:22.379 [main] INFO  c.o.v.MutatingRemoveAllMarketDataOrdersVisitor - [ORDERBOOK] Removing level:123
23:15:22.379 [main] INFO  c.o.v.MutatingRemoveAllMarketDataOrdersVisitor - [ORDERBOOK] Removing market data order:MktData(price=144,quantity=645)
23:15:22.379 [main] INFO  c.o.v.MutatingRemoveAllMarketDataOrdersVisitor - [ORDERBOOK] Removing level:144
23:15:22.379 [main] INFO  c.o.v.MutatingRemoveAllMarketDataOrdersVisitor - [ORDERBOOK] Removing market data order:MktData(price=167,quantity=665)
23:15:22.379 [main] INFO  c.o.v.MutatingRemoveAllMarketDataOrdersVisitor - [ORDERBOOK] Removing level:167
23:15:22.380 [main] DEBUG c.orderbook.OrderBook - [ORDERBOOK] ASK: Adding orderMktData(price=98,quantity=501)
23:15:22.380 [main] DEBUG c.orderbook.OrderBook - [ORDERBOOK] ASK: Adding orderMktData(price=101,quantity=200)
23:15:22.380 [main] DEBUG c.orderbook.OrderBook - [ORDERBOOK] ASK: Adding orderMktData(price=110,quantity=5000)
23:15:22.380 [main] DEBUG c.orderbook.OrderBook - [ORDERBOOK] ASK: Adding orderMktData(price=119,quantity=5600)
23:15:22.380 [main] DEBUG c.orderbook.OrderBook - [ORDERBOOK] ASK: Adding orderMktData(price=123,quantity=453)
23:15:22.380 [main] DEBUG c.orderbook.OrderBook - [ORDERBOOK] ASK: Adding orderMktData(price=144,quantity=645)
23:15:22.380 [main] DEBUG c.orderbook.OrderBook - [ORDERBOOK] ASK: Adding orderMktData(price=167,quantity=665)
23:15:22.380 [main] DEBUG c.service.MarketDataService - [ALGO] BID: price:43 quantity:134
23:15:22.380 [main] DEBUG c.service.MarketDataService - [ALGO] BID: price:76 quantity:145
23:15:22.380 [main] DEBUG c.service.MarketDataService - [ALGO] BID: price:91 quantity:300
23:15:22.380 [main] DEBUG c.service.MarketDataService - [ALGO] BID: price:93 quantity:200
23:15:22.380 [main] DEBUG c.service.MarketDataService - [ALGO] BID: price:95 quantity:100
23:15:22.380 [main] DEBUG c.service.MarketDataService - [ALGO] BID: price:98 quantity:154
23:15:22.380 [main] DEBUG c.service.MarketDataService - [ALGO] ASK: price:98 quantity:501
23:15:22.380 [main] DEBUG c.service.MarketDataService - [ALGO] ASK: price:101 quantity:200
23:15:22.380 [main] DEBUG c.service.MarketDataService - [ALGO] ASK: price:110 quantity:5000
23:15:22.380 [main] DEBUG c.service.MarketDataService - [ALGO] ASK: price:119 quantity:5600
23:15:22.380 [main] DEBUG c.service.MarketDataService - [ALGO] ASK: price:123 quantity:453
23:15:22.380 [main] DEBUG c.service.MarketDataService - [ALGO] ASK: price:144 quantity:645
23:15:22.380 [main] DEBUG c.service.MarketDataService - [ALGO] ASK: price:167 quantity:665
23:15:22.380 [main] INFO  c.gettingstarted.MyAlgoLogic - [MYALGO] The state of the order book is:
|----BID-----||----ASK----|
    134 @ 43    501 @ 98
    145 @ 76   200 @ 101
    300 @ 91  5000 @ 110
    200 @ 93  5600 @ 119
    100 @ 95   453 @ 123
    154 @ 98   645 @ 144
          -    665 @ 167
|------------||-----------|

23:15:22.380 [main] INFO  c.gettingstarted.MyAlgoLogic - [MYALGO] Algo Sees Book as: 
|----BID-----||----ASK----|
    134 @ 43    501 @ 98
    145 @ 76   200 @ 101
    300 @ 91  5000 @ 110
    200 @ 93  5600 @ 119
    100 @ 95   453 @ 123
    154 @ 98   645 @ 144
          -    665 @ 167
|------------||-----------|

23:15:22.380 [main] INFO  c.gettingstarted.TimedLogic - [TIMEDLOGIC] Market is closed
23:15:22.380 [main] INFO  c.sequencer.consumer.LoggingConsumer - [42] 
|----BID-----|
    134 @ 43
    145 @ 76
    300 @ 91
    200 @ 93
    100 @ 95
    154 @ 98
|----ASK-----|
    501 @ 98
   200 @ 101
  5000 @ 110
  5600 @ 119
   453 @ 123
   645 @ 144
   665 @ 167

23:15:22.380 [main] INFO  c.orderbook.OrderBook - [ORDERBOOK] Processing Mkt Data Update
23:15:22.380 [main] INFO  c.o.v.MutatingRemoveAllMarketDataOrdersVisitor - [ORDERBOOK] Removing market data order:MktData(price=43,quantity=134)
23:15:22.380 [main] INFO  c.o.v.MutatingRemoveAllMarketDataOrdersVisitor - [ORDERBOOK] Removing level:43
23:15:22.380 [main] DEBUG c.orderbook.OrderBook - [ORDERBOOK] ASK: Adding orderMktData(price=43,quantity=134)
23:15:22.380 [main] DEBUG c.orderbook.OrderBook - [ORDERBOOK] ASK: Adding orderMktData(price=76,quantity=145)
23:15:22.380 [main] DEBUG c.orderbook.OrderBook - [ORDERBOOK] ASK: Adding orderMktData(price=91,quantity=300)
23:15:22.380 [main] DEBUG c.orderbook.OrderBook - [ORDERBOOK] ASK: Adding orderMktData(price=93,quantity=200)
23:15:22.380 [main] DEBUG c.orderbook.OrderBook - [ORDERBOOK] ASK: Adding orderMktData(price=95,quantity=100)
23:15:22.380 [main] DEBUG c.orderbook.OrderBook - [ORDERBOOK] ASK: Adding orderMktData(price=98,quantity=154)
23:15:22.380 [main] INFO  c.o.v.MutatingMatchOneMarketDataOrderVisitor - [ORDERBOOK] visiting LevelOrderBookLevel(price=43,quantity=134)
23:15:22.380 [main] INFO  c.o.v.MutatingMatchOneMarketDataOrderVisitor - [ORDERBOOK] Can't match order:MktData(price=43,quantity=134)(MktData(price=98,quantity=154))
23:15:22.380 [main] INFO  c.o.v.MutatingRemoveAllMarketDataOrdersVisitor - [ORDERBOOK] Removing market data order:MktData(price=98,quantity=501)
23:15:22.380 [main] INFO  c.o.v.MutatingRemoveAllMarketDataOrdersVisitor - [ORDERBOOK] Removing level:98
23:15:22.380 [main] INFO  c.o.v.MutatingRemoveAllMarketDataOrdersVisitor - [ORDERBOOK] Removing market data order:MktData(price=101,quantity=200)
23:15:22.380 [main] INFO  c.o.v.MutatingRemoveAllMarketDataOrdersVisitor - [ORDERBOOK] Removing level:101
23:15:22.380 [main] INFO  c.o.v.MutatingRemoveAllMarketDataOrdersVisitor - [ORDERBOOK] Removing market data order:MktData(price=110,quantity=5000)
23:15:22.380 [main] INFO  c.o.v.MutatingRemoveAllMarketDataOrdersVisitor - [ORDERBOOK] Removing level:110
23:15:22.381 [main] INFO  c.o.v.MutatingRemoveAllMarketDataOrdersVisitor - [ORDERBOOK] Removing market data order:MktData(price=119,quantity=5600)
23:15:22.381 [main] INFO  c.o.v.MutatingRemoveAllMarketDataOrdersVisitor - [ORDERBOOK] Removing level:119
23:15:22.381 [main] INFO  c.o.v.MutatingRemoveAllMarketDataOrdersVisitor - [ORDERBOOK] Removing market data order:MktData(price=123,quantity=453)
23:15:22.381 [main] INFO  c.o.v.MutatingRemoveAllMarketDataOrdersVisitor - [ORDERBOOK] Removing level:123
23:15:22.381 [main] INFO  c.o.v.MutatingRemoveAllMarketDataOrdersVisitor - [ORDERBOOK] Removing market data order:MktData(price=144,quantity=645)
23:15:22.381 [main] INFO  c.o.v.MutatingRemoveAllMarketDataOrdersVisitor - [ORDERBOOK] Removing level:144
23:15:22.381 [main] INFO  c.o.v.MutatingRemoveAllMarketDataOrdersVisitor - [ORDERBOOK] Removing market data order:MktData(price=167,quantity=665)
23:15:22.381 [main] INFO  c.o.v.MutatingRemoveAllMarketDataOrdersVisitor - [ORDERBOOK] Removing level:167
23:15:22.381 [main] DEBUG c.orderbook.OrderBook - [ORDERBOOK] ASK: Adding orderMktData(price=98,quantity=501)
23:15:22.381 [main] DEBUG c.orderbook.OrderBook - [ORDERBOOK] ASK: Adding orderMktData(price=101,quantity=200)
23:15:22.381 [main] DEBUG c.orderbook.OrderBook - [ORDERBOOK] ASK: Adding orderMktData(price=110,quantity=5000)
23:15:22.381 [main] DEBUG c.orderbook.OrderBook - [ORDERBOOK] ASK: Adding orderMktData(price=119,quantity=5600)
23:15:22.381 [main] DEBUG c.orderbook.OrderBook - [ORDERBOOK] ASK: Adding orderMktData(price=123,quantity=453)
23:15:22.381 [main] DEBUG c.orderbook.OrderBook - [ORDERBOOK] ASK: Adding orderMktData(price=144,quantity=645)
23:15:22.381 [main] DEBUG c.orderbook.OrderBook - [ORDERBOOK] ASK: Adding orderMktData(price=167,quantity=665)
23:15:22.381 [main] DEBUG c.service.MarketDataService - [ALGO] BID: price:43 quantity:134
23:15:22.381 [main] DEBUG c.service.MarketDataService - [ALGO] BID: price:76 quantity:145
23:15:22.381 [main] DEBUG c.service.MarketDataService - [ALGO] BID: price:91 quantity:300
23:15:22.381 [main] DEBUG c.service.MarketDataService - [ALGO] BID: price:93 quantity:200
23:15:22.381 [main] DEBUG c.service.MarketDataService - [ALGO] BID: price:95 quantity:100
23:15:22.381 [main] DEBUG c.service.MarketDataService - [ALGO] BID: price:98 quantity:154
23:15:22.381 [main] DEBUG c.service.MarketDataService - [ALGO] ASK: price:98 quantity:501
23:15:22.381 [main] DEBUG c.service.MarketDataService - [ALGO] ASK: price:101 quantity:200
23:15:22.381 [main] DEBUG c.service.MarketDataService - [ALGO] ASK: price:110 quantity:5000
23:15:22.381 [main] DEBUG c.service.MarketDataService - [ALGO] ASK: price:119 quantity:5600
23:15:22.381 [main] DEBUG c.service.MarketDataService - [ALGO] ASK: price:123 quantity:453
23:15:22.381 [main] DEBUG c.service.MarketDataService - [ALGO] ASK: price:144 quantity:645
23:15:22.381 [main] DEBUG c.service.MarketDataService - [ALGO] ASK: price:167 quantity:665
23:15:22.381 [main] INFO  c.gettingstarted.MyAlgoLogic - [MYALGO] The state of the order book is:
|----BID-----||----ASK----|
    134 @ 43    501 @ 98
    145 @ 76   200 @ 101
    300 @ 91  5000 @ 110
    200 @ 93  5600 @ 119
    100 @ 95   453 @ 123
    154 @ 98   645 @ 144
          -    665 @ 167
|------------||-----------|

23:15:22.381 [main] INFO  c.gettingstarted.MyAlgoLogic - [MYALGO] Algo Sees Book as: 
|----BID-----||----ASK----|
    134 @ 43    501 @ 98
    145 @ 76   200 @ 101
    300 @ 91  5000 @ 110
    200 @ 93  5600 @ 119
    100 @ 95   453 @ 123
    154 @ 98   645 @ 144
          -    665 @ 167
|------------||-----------|

23:15:22.381 [main] INFO  c.gettingstarted.TimedLogic - [TIMEDLOGIC] Market is closed
23:15:22.381 [main] INFO  c.sequencer.consumer.LoggingConsumer - [43] 
|----BID-----|
    134 @ 43
    145 @ 76
    300 @ 91
    200 @ 93
    100 @ 95
    154 @ 98
|----ASK-----|
    501 @ 98
   200 @ 101
  5000 @ 110
  5600 @ 119
   453 @ 123
   645 @ 144
   665 @ 167

23:15:22.381 [main] INFO  c.orderbook.OrderBook - [ORDERBOOK] Processing Mkt Data Update
23:15:22.381 [main] INFO  c.o.v.MutatingRemoveAllMarketDataOrdersVisitor - [ORDERBOOK] Removing market data order:MktData(price=43,quantity=134)
23:15:22.381 [main] INFO  c.o.v.MutatingRemoveAllMarketDataOrdersVisitor - [ORDERBOOK] Removing level:43
23:15:22.381 [main] DEBUG c.orderbook.OrderBook - [ORDERBOOK] ASK: Adding orderMktData(price=43,quantity=134)
23:15:22.381 [main] DEBUG c.orderbook.OrderBook - [ORDERBOOK] ASK: Adding orderMktData(price=76,quantity=145)
23:15:22.381 [main] DEBUG c.orderbook.OrderBook - [ORDERBOOK] ASK: Adding orderMktData(price=91,quantity=300)
23:15:22.381 [main] DEBUG c.orderbook.OrderBook - [ORDERBOOK] ASK: Adding orderMktData(price=93,quantity=200)
23:15:22.381 [main] DEBUG c.orderbook.OrderBook - [ORDERBOOK] ASK: Adding orderMktData(price=95,quantity=100)
23:15:22.381 [main] DEBUG c.orderbook.OrderBook - [ORDERBOOK] ASK: Adding orderMktData(price=98,quantity=154)
23:15:22.381 [main] INFO  c.o.v.MutatingMatchOneMarketDataOrderVisitor - [ORDERBOOK] visiting LevelOrderBookLevel(price=43,quantity=134)
23:15:22.381 [main] INFO  c.o.v.MutatingMatchOneMarketDataOrderVisitor - [ORDERBOOK] Can't match order:MktData(price=43,quantity=134)(MktData(price=98,quantity=154))
23:15:22.381 [main] INFO  c.o.v.MutatingRemoveAllMarketDataOrdersVisitor - [ORDERBOOK] Removing market data order:MktData(price=98,quantity=501)
23:15:22.381 [main] INFO  c.o.v.MutatingRemoveAllMarketDataOrdersVisitor - [ORDERBOOK] Removing level:98
23:15:22.381 [main] INFO  c.o.v.MutatingRemoveAllMarketDataOrdersVisitor - [ORDERBOOK] Removing market data order:MktData(price=101,quantity=200)
23:15:22.381 [main] INFO  c.o.v.MutatingRemoveAllMarketDataOrdersVisitor - [ORDERBOOK] Removing level:101
23:15:22.381 [main] INFO  c.o.v.MutatingRemoveAllMarketDataOrdersVisitor - [ORDERBOOK] Removing market data order:MktData(price=110,quantity=5000)
23:15:22.381 [main] INFO  c.o.v.MutatingRemoveAllMarketDataOrdersVisitor - [ORDERBOOK] Removing level:110
23:15:22.381 [main] INFO  c.o.v.MutatingRemoveAllMarketDataOrdersVisitor - [ORDERBOOK] Removing market data order:MktData(price=119,quantity=5600)
23:15:22.381 [main] INFO  c.o.v.MutatingRemoveAllMarketDataOrdersVisitor - [ORDERBOOK] Removing level:119
23:15:22.381 [main] INFO  c.o.v.MutatingRemoveAllMarketDataOrdersVisitor - [ORDERBOOK] Removing market data order:MktData(price=123,quantity=453)
23:15:22.381 [main] INFO  c.o.v.MutatingRemoveAllMarketDataOrdersVisitor - [ORDERBOOK] Removing level:123
23:15:22.381 [main] INFO  c.o.v.MutatingRemoveAllMarketDataOrdersVisitor - [ORDERBOOK] Removing market data order:MktData(price=144,quantity=645)
23:15:22.381 [main] INFO  c.o.v.MutatingRemoveAllMarketDataOrdersVisitor - [ORDERBOOK] Removing level:144
23:15:22.381 [main] INFO  c.o.v.MutatingRemoveAllMarketDataOrdersVisitor - [ORDERBOOK] Removing market data order:MktData(price=167,quantity=665)
23:15:22.381 [main] INFO  c.o.v.MutatingRemoveAllMarketDataOrdersVisitor - [ORDERBOOK] Removing level:167
23:15:22.381 [main] DEBUG c.orderbook.OrderBook - [ORDERBOOK] ASK: Adding orderMktData(price=98,quantity=501)
23:15:22.381 [main] DEBUG c.orderbook.OrderBook - [ORDERBOOK] ASK: Adding orderMktData(price=101,quantity=200)
23:15:22.381 [main] DEBUG c.orderbook.OrderBook - [ORDERBOOK] ASK: Adding orderMktData(price=110,quantity=5000)
23:15:22.381 [main] DEBUG c.orderbook.OrderBook - [ORDERBOOK] ASK: Adding orderMktData(price=119,quantity=5600)
23:15:22.381 [main] DEBUG c.orderbook.OrderBook - [ORDERBOOK] ASK: Adding orderMktData(price=123,quantity=453)
23:15:22.381 [main] DEBUG c.orderbook.OrderBook - [ORDERBOOK] ASK: Adding orderMktData(price=144,quantity=645)
23:15:22.381 [main] DEBUG c.orderbook.OrderBook - [ORDERBOOK] ASK: Adding orderMktData(price=167,quantity=665)
23:15:22.381 [main] DEBUG c.service.MarketDataService - [ALGO] BID: price:43 quantity:134
23:15:22.381 [main] DEBUG c.service.MarketDataService - [ALGO] BID: price:76 quantity:145
23:15:22.381 [main] DEBUG c.service.MarketDataService - [ALGO] BID: price:91 quantity:300
23:15:22.381 [main] DEBUG c.service.MarketDataService - [ALGO] BID: price:93 quantity:200
23:15:22.381 [main] DEBUG c.service.MarketDataService - [ALGO] BID: price:95 quantity:100
23:15:22.381 [main] DEBUG c.service.MarketDataService - [ALGO] BID: price:98 quantity:154
23:15:22.381 [main] DEBUG c.service.MarketDataService - [ALGO] ASK: price:98 quantity:501
23:15:22.381 [main] DEBUG c.service.MarketDataService - [ALGO] ASK: price:101 quantity:200
23:15:22.381 [main] DEBUG c.service.MarketDataService - [ALGO] ASK: price:110 quantity:5000
23:15:22.381 [main] DEBUG c.service.MarketDataService - [ALGO] ASK: price:119 quantity:5600
23:15:22.381 [main] DEBUG c.service.MarketDataService - [ALGO] ASK: price:123 quantity:453
23:15:22.381 [main] DEBUG c.service.MarketDataService - [ALGO] ASK: price:144 quantity:645
23:15:22.381 [main] DEBUG c.service.MarketDataService - [ALGO] ASK: price:167 quantity:665
23:15:22.381 [main] INFO  c.gettingstarted.MyAlgoLogic - [MYALGO] The state of the order book is:
|----BID-----||----ASK----|
    134 @ 43    501 @ 98
    145 @ 76   200 @ 101
    300 @ 91  5000 @ 110
    200 @ 93  5600 @ 119
    100 @ 95   453 @ 123
    154 @ 98   645 @ 144
          -    665 @ 167
|------------||-----------|

23:15:22.382 [main] INFO  c.gettingstarted.MyAlgoLogic - [MYALGO] Algo Sees Book as: 
|----BID-----||----ASK----|
    134 @ 43    501 @ 98
    145 @ 76   200 @ 101
    300 @ 91  5000 @ 110
    200 @ 93  5600 @ 119
    100 @ 95   453 @ 123
    154 @ 98   645 @ 144
          -    665 @ 167
|------------||-----------|

23:15:22.382 [main] INFO  c.gettingstarted.TimedLogic - [TIMEDLOGIC] Market is closed
23:15:22.382 [main] INFO  c.sequencer.consumer.LoggingConsumer - [44] 
|----BID-----|
    134 @ 43
    145 @ 76
    300 @ 91
    200 @ 93
    100 @ 95
    154 @ 98
|----ASK-----|
    501 @ 98
   200 @ 101
  5000 @ 110
  5600 @ 119
   453 @ 123
   645 @ 144
   665 @ 167

23:15:22.382 [main] INFO  c.orderbook.OrderBook - [ORDERBOOK] Processing Mkt Data Update
23:15:22.382 [main] INFO  c.o.v.MutatingRemoveAllMarketDataOrdersVisitor - [ORDERBOOK] Removing market data order:MktData(price=43,quantity=134)
23:15:22.382 [main] INFO  c.o.v.MutatingRemoveAllMarketDataOrdersVisitor - [ORDERBOOK] Removing level:43
23:15:22.382 [main] DEBUG c.orderbook.OrderBook - [ORDERBOOK] ASK: Adding orderMktData(price=43,quantity=134)
23:15:22.383 [main] DEBUG c.orderbook.OrderBook - [ORDERBOOK] ASK: Adding orderMktData(price=76,quantity=145)
23:15:22.383 [main] DEBUG c.orderbook.OrderBook - [ORDERBOOK] ASK: Adding orderMktData(price=91,quantity=300)
23:15:22.383 [main] DEBUG c.orderbook.OrderBook - [ORDERBOOK] ASK: Adding orderMktData(price=93,quantity=200)
23:15:22.383 [main] DEBUG c.orderbook.OrderBook - [ORDERBOOK] ASK: Adding orderMktData(price=95,quantity=100)
23:15:22.383 [main] DEBUG c.orderbook.OrderBook - [ORDERBOOK] ASK: Adding orderMktData(price=98,quantity=154)
23:15:22.383 [main] INFO  c.o.v.MutatingMatchOneMarketDataOrderVisitor - [ORDERBOOK] visiting LevelOrderBookLevel(price=43,quantity=134)
23:15:22.383 [main] INFO  c.o.v.MutatingMatchOneMarketDataOrderVisitor - [ORDERBOOK] Can't match order:MktData(price=43,quantity=134)(MktData(price=98,quantity=154))
23:15:22.383 [main] INFO  c.o.v.MutatingRemoveAllMarketDataOrdersVisitor - [ORDERBOOK] Removing market data order:MktData(price=98,quantity=501)
23:15:22.383 [main] INFO  c.o.v.MutatingRemoveAllMarketDataOrdersVisitor - [ORDERBOOK] Removing level:98
23:15:22.383 [main] INFO  c.o.v.MutatingRemoveAllMarketDataOrdersVisitor - [ORDERBOOK] Removing market data order:MktData(price=101,quantity=200)
23:15:22.383 [main] INFO  c.o.v.MutatingRemoveAllMarketDataOrdersVisitor - [ORDERBOOK] Removing level:101
23:15:22.383 [main] INFO  c.o.v.MutatingRemoveAllMarketDataOrdersVisitor - [ORDERBOOK] Removing market data order:MktData(price=110,quantity=5000)
23:15:22.383 [main] INFO  c.o.v.MutatingRemoveAllMarketDataOrdersVisitor - [ORDERBOOK] Removing level:110
23:15:22.383 [main] INFO  c.o.v.MutatingRemoveAllMarketDataOrdersVisitor - [ORDERBOOK] Removing market data order:MktData(price=119,quantity=5600)
23:15:22.383 [main] INFO  c.o.v.MutatingRemoveAllMarketDataOrdersVisitor - [ORDERBOOK] Removing level:119
23:15:22.383 [main] INFO  c.o.v.MutatingRemoveAllMarketDataOrdersVisitor - [ORDERBOOK] Removing market data order:MktData(price=123,quantity=453)
23:15:22.383 [main] INFO  c.o.v.MutatingRemoveAllMarketDataOrdersVisitor - [ORDERBOOK] Removing level:123
23:15:22.383 [main] INFO  c.o.v.MutatingRemoveAllMarketDataOrdersVisitor - [ORDERBOOK] Removing market data order:MktData(price=144,quantity=645)
23:15:22.383 [main] INFO  c.o.v.MutatingRemoveAllMarketDataOrdersVisitor - [ORDERBOOK] Removing level:144
23:15:22.383 [main] INFO  c.o.v.MutatingRemoveAllMarketDataOrdersVisitor - [ORDERBOOK] Removing market data order:MktData(price=167,quantity=665)
23:15:22.383 [main] INFO  c.o.v.MutatingRemoveAllMarketDataOrdersVisitor - [ORDERBOOK] Removing level:167
23:15:22.383 [main] DEBUG c.orderbook.OrderBook - [ORDERBOOK] ASK: Adding orderMktData(price=98,quantity=501)
23:15:22.383 [main] DEBUG c.orderbook.OrderBook - [ORDERBOOK] ASK: Adding orderMktData(price=101,quantity=200)
23:15:22.383 [main] DEBUG c.orderbook.OrderBook - [ORDERBOOK] ASK: Adding orderMktData(price=110,quantity=5000)
23:15:22.383 [main] DEBUG c.orderbook.OrderBook - [ORDERBOOK] ASK: Adding orderMktData(price=119,quantity=5600)
23:15:22.383 [main] DEBUG c.orderbook.OrderBook - [ORDERBOOK] ASK: Adding orderMktData(price=123,quantity=453)
23:15:22.383 [main] DEBUG c.orderbook.OrderBook - [ORDERBOOK] ASK: Adding orderMktData(price=144,quantity=645)
23:15:22.383 [main] DEBUG c.orderbook.OrderBook - [ORDERBOOK] ASK: Adding orderMktData(price=167,quantity=665)
23:15:22.383 [main] DEBUG c.service.MarketDataService - [ALGO] BID: price:43 quantity:134
23:15:22.383 [main] DEBUG c.service.MarketDataService - [ALGO] BID: price:76 quantity:145
23:15:22.383 [main] DEBUG c.service.MarketDataService - [ALGO] BID: price:91 quantity:300
23:15:22.383 [main] DEBUG c.service.MarketDataService - [ALGO] BID: price:93 quantity:200
23:15:22.383 [main] DEBUG c.service.MarketDataService - [ALGO] BID: price:95 quantity:100
23:15:22.383 [main] DEBUG c.service.MarketDataService - [ALGO] BID: price:98 quantity:154
23:15:22.383 [main] DEBUG c.service.MarketDataService - [ALGO] ASK: price:98 quantity:501
23:15:22.383 [main] DEBUG c.service.MarketDataService - [ALGO] ASK: price:101 quantity:200
23:15:22.383 [main] DEBUG c.service.MarketDataService - [ALGO] ASK: price:110 quantity:5000
23:15:22.383 [main] DEBUG c.service.MarketDataService - [ALGO] ASK: price:119 quantity:5600
23:15:22.383 [main] DEBUG c.service.MarketDataService - [ALGO] ASK: price:123 quantity:453
23:15:22.383 [main] DEBUG c.service.MarketDataService - [ALGO] ASK: price:144 quantity:645
23:15:22.383 [main] DEBUG c.service.MarketDataService - [ALGO] ASK: price:167 quantity:665
23:15:22.383 [main] INFO  c.gettingstarted.MyAlgoLogic - [MYALGO] The state of the order book is:
|----BID-----||----ASK----|
    134 @ 43    501 @ 98
    145 @ 76   200 @ 101
    300 @ 91  5000 @ 110
    200 @ 93  5600 @ 119
    100 @ 95   453 @ 123
    154 @ 98   645 @ 144
          -    665 @ 167
|------------||-----------|

23:15:22.383 [main] INFO  c.gettingstarted.MyAlgoLogic - [MYALGO] Algo Sees Book as: 
|----BID-----||----ASK----|
    134 @ 43    501 @ 98
    145 @ 76   200 @ 101
    300 @ 91  5000 @ 110
    200 @ 93  5600 @ 119
    100 @ 95   453 @ 123
    154 @ 98   645 @ 144
          -    665 @ 167
|------------||-----------|

23:15:22.383 [main] INFO  c.gettingstarted.TimedLogic - [TIMEDLOGIC] Market is closed
23:15:22.383 [main] INFO  c.sequencer.consumer.LoggingConsumer - [45] 
|----BID-----|
    134 @ 43
    145 @ 76
    300 @ 91
    200 @ 93
    100 @ 95
    154 @ 98
|----ASK-----|
    501 @ 98
   200 @ 101
  5000 @ 110
  5600 @ 119
   453 @ 123
   645 @ 144
   665 @ 167

23:15:22.383 [main] INFO  c.orderbook.OrderBook - [ORDERBOOK] Processing Mkt Data Update
23:15:22.383 [main] INFO  c.o.v.MutatingRemoveAllMarketDataOrdersVisitor - [ORDERBOOK] Removing market data order:MktData(price=43,quantity=134)
23:15:22.383 [main] INFO  c.o.v.MutatingRemoveAllMarketDataOrdersVisitor - [ORDERBOOK] Removing level:43
23:15:22.383 [main] DEBUG c.orderbook.OrderBook - [ORDERBOOK] ASK: Adding orderMktData(price=43,quantity=134)
23:15:22.383 [main] DEBUG c.orderbook.OrderBook - [ORDERBOOK] ASK: Adding orderMktData(price=76,quantity=145)
23:15:22.383 [main] DEBUG c.orderbook.OrderBook - [ORDERBOOK] ASK: Adding orderMktData(price=91,quantity=300)
23:15:22.383 [main] DEBUG c.orderbook.OrderBook - [ORDERBOOK] ASK: Adding orderMktData(price=93,quantity=200)
23:15:22.383 [main] DEBUG c.orderbook.OrderBook - [ORDERBOOK] ASK: Adding orderMktData(price=95,quantity=100)
23:15:22.383 [main] DEBUG c.orderbook.OrderBook - [ORDERBOOK] ASK: Adding orderMktData(price=98,quantity=154)
23:15:22.383 [main] INFO  c.o.v.MutatingMatchOneMarketDataOrderVisitor - [ORDERBOOK] visiting LevelOrderBookLevel(price=43,quantity=134)
23:15:22.383 [main] INFO  c.o.v.MutatingMatchOneMarketDataOrderVisitor - [ORDERBOOK] Can't match order:MktData(price=43,quantity=134)(MktData(price=98,quantity=154))
23:15:22.383 [main] INFO  c.o.v.MutatingRemoveAllMarketDataOrdersVisitor - [ORDERBOOK] Removing market data order:MktData(price=98,quantity=501)
23:15:22.383 [main] INFO  c.o.v.MutatingRemoveAllMarketDataOrdersVisitor - [ORDERBOOK] Removing level:98
23:15:22.383 [main] INFO  c.o.v.MutatingRemoveAllMarketDataOrdersVisitor - [ORDERBOOK] Removing market data order:MktData(price=101,quantity=200)
23:15:22.383 [main] INFO  c.o.v.MutatingRemoveAllMarketDataOrdersVisitor - [ORDERBOOK] Removing level:101
23:15:22.383 [main] INFO  c.o.v.MutatingRemoveAllMarketDataOrdersVisitor - [ORDERBOOK] Removing market data order:MktData(price=110,quantity=5000)
23:15:22.383 [main] INFO  c.o.v.MutatingRemoveAllMarketDataOrdersVisitor - [ORDERBOOK] Removing level:110
23:15:22.383 [main] INFO  c.o.v.MutatingRemoveAllMarketDataOrdersVisitor - [ORDERBOOK] Removing market data order:MktData(price=119,quantity=5600)
23:15:22.383 [main] INFO  c.o.v.MutatingRemoveAllMarketDataOrdersVisitor - [ORDERBOOK] Removing level:119
23:15:22.383 [main] INFO  c.o.v.MutatingRemoveAllMarketDataOrdersVisitor - [ORDERBOOK] Removing market data order:MktData(price=123,quantity=453)
23:15:22.383 [main] INFO  c.o.v.MutatingRemoveAllMarketDataOrdersVisitor - [ORDERBOOK] Removing level:123
23:15:22.383 [main] INFO  c.o.v.MutatingRemoveAllMarketDataOrdersVisitor - [ORDERBOOK] Removing market data order:MktData(price=144,quantity=645)
23:15:22.383 [main] INFO  c.o.v.MutatingRemoveAllMarketDataOrdersVisitor - [ORDERBOOK] Removing level:144
23:15:22.383 [main] INFO  c.o.v.MutatingRemoveAllMarketDataOrdersVisitor - [ORDERBOOK] Removing market data order:MktData(price=167,quantity=665)
23:15:22.383 [main] INFO  c.o.v.MutatingRemoveAllMarketDataOrdersVisitor - [ORDERBOOK] Removing level:167
23:15:22.383 [main] DEBUG c.orderbook.OrderBook - [ORDERBOOK] ASK: Adding orderMktData(price=98,quantity=501)
23:15:22.383 [main] DEBUG c.orderbook.OrderBook - [ORDERBOOK] ASK: Adding orderMktData(price=101,quantity=200)
23:15:22.383 [main] DEBUG c.orderbook.OrderBook - [ORDERBOOK] ASK: Adding orderMktData(price=110,quantity=5000)
23:15:22.383 [main] DEBUG c.orderbook.OrderBook - [ORDERBOOK] ASK: Adding orderMktData(price=119,quantity=5600)
23:15:22.383 [main] DEBUG c.orderbook.OrderBook - [ORDERBOOK] ASK: Adding orderMktData(price=123,quantity=453)
23:15:22.383 [main] DEBUG c.orderbook.OrderBook - [ORDERBOOK] ASK: Adding orderMktData(price=144,quantity=645)
23:15:22.383 [main] DEBUG c.orderbook.OrderBook - [ORDERBOOK] ASK: Adding orderMktData(price=167,quantity=665)
23:15:22.383 [main] DEBUG c.service.MarketDataService - [ALGO] BID: price:43 quantity:134
23:15:22.383 [main] DEBUG c.service.MarketDataService - [ALGO] BID: price:76 quantity:145
23:15:22.383 [main] DEBUG c.service.MarketDataService - [ALGO] BID: price:91 quantity:300
23:15:22.383 [main] DEBUG c.service.MarketDataService - [ALGO] BID: price:93 quantity:200
23:15:22.383 [main] DEBUG c.service.MarketDataService - [ALGO] BID: price:95 quantity:100
23:15:22.383 [main] DEBUG c.service.MarketDataService - [ALGO] BID: price:98 quantity:154
23:15:22.383 [main] DEBUG c.service.MarketDataService - [ALGO] ASK: price:98 quantity:501
23:15:22.383 [main] DEBUG c.service.MarketDataService - [ALGO] ASK: price:101 quantity:200
23:15:22.383 [main] DEBUG c.service.MarketDataService - [ALGO] ASK: price:110 quantity:5000
23:15:22.383 [main] DEBUG c.service.MarketDataService - [ALGO] ASK: price:119 quantity:5600
23:15:22.383 [main] DEBUG c.service.MarketDataService - [ALGO] ASK: price:123 quantity:453
23:15:22.383 [main] DEBUG c.service.MarketDataService - [ALGO] ASK: price:144 quantity:645
23:15:22.383 [main] DEBUG c.service.MarketDataService - [ALGO] ASK: price:167 quantity:665
23:15:22.383 [main] INFO  c.gettingstarted.MyAlgoLogic - [MYALGO] The state of the order book is:
|----BID-----||----ASK----|
    134 @ 43    501 @ 98
    145 @ 76   200 @ 101
    300 @ 91  5000 @ 110
    200 @ 93  5600 @ 119
    100 @ 95   453 @ 123
    154 @ 98   645 @ 144
          -    665 @ 167
|------------||-----------|

23:15:22.383 [main] INFO  c.gettingstarted.MyAlgoLogic - [MYALGO] Algo Sees Book as: 
|----BID-----||----ASK----|
    134 @ 43    501 @ 98
    145 @ 76   200 @ 101
    300 @ 91  5000 @ 110
    200 @ 93  5600 @ 119
    100 @ 95   453 @ 123
    154 @ 98   645 @ 144
          -    665 @ 167
|------------||-----------|

23:15:22.383 [main] INFO  c.gettingstarted.TimedLogic - [TIMEDLOGIC] Market is closed
23:15:22.383 [main] INFO  c.sequencer.consumer.LoggingConsumer - [46] 
|----BID-----|
    134 @ 43
    145 @ 76
    300 @ 91
    200 @ 93
    100 @ 95
    154 @ 98
|----ASK-----|
    501 @ 98
   200 @ 101
  5000 @ 110
  5600 @ 119
   453 @ 123
   645 @ 144
   665 @ 167

23:15:22.383 [main] INFO  c.orderbook.OrderBook - [ORDERBOOK] Processing Mkt Data Update
23:15:22.383 [main] INFO  c.o.v.MutatingRemoveAllMarketDataOrdersVisitor - [ORDERBOOK] Removing market data order:MktData(price=43,quantity=134)
23:15:22.383 [main] INFO  c.o.v.MutatingRemoveAllMarketDataOrdersVisitor - [ORDERBOOK] Removing level:43
23:15:22.383 [main] DEBUG c.orderbook.OrderBook - [ORDERBOOK] ASK: Adding orderMktData(price=43,quantity=134)
23:15:22.383 [main] DEBUG c.orderbook.OrderBook - [ORDERBOOK] ASK: Adding orderMktData(price=76,quantity=145)
23:15:22.383 [main] DEBUG c.orderbook.OrderBook - [ORDERBOOK] ASK: Adding orderMktData(price=91,quantity=300)
23:15:22.383 [main] DEBUG c.orderbook.OrderBook - [ORDERBOOK] ASK: Adding orderMktData(price=93,quantity=200)
23:15:22.383 [main] DEBUG c.orderbook.OrderBook - [ORDERBOOK] ASK: Adding orderMktData(price=95,quantity=100)
23:15:22.383 [main] DEBUG c.orderbook.OrderBook - [ORDERBOOK] ASK: Adding orderMktData(price=98,quantity=154)
23:15:22.383 [main] INFO  c.o.v.MutatingMatchOneMarketDataOrderVisitor - [ORDERBOOK] visiting LevelOrderBookLevel(price=43,quantity=134)
23:15:22.383 [main] INFO  c.o.v.MutatingMatchOneMarketDataOrderVisitor - [ORDERBOOK] Can't match order:MktData(price=43,quantity=134)(MktData(price=98,quantity=154))
23:15:22.383 [main] INFO  c.o.v.MutatingRemoveAllMarketDataOrdersVisitor - [ORDERBOOK] Removing market data order:MktData(price=98,quantity=501)
23:15:22.383 [main] INFO  c.o.v.MutatingRemoveAllMarketDataOrdersVisitor - [ORDERBOOK] Removing level:98
23:15:22.383 [main] INFO  c.o.v.MutatingRemoveAllMarketDataOrdersVisitor - [ORDERBOOK] Removing market data order:MktData(price=101,quantity=200)
23:15:22.383 [main] INFO  c.o.v.MutatingRemoveAllMarketDataOrdersVisitor - [ORDERBOOK] Removing level:101
23:15:22.383 [main] INFO  c.o.v.MutatingRemoveAllMarketDataOrdersVisitor - [ORDERBOOK] Removing market data order:MktData(price=110,quantity=5000)
23:15:22.383 [main] INFO  c.o.v.MutatingRemoveAllMarketDataOrdersVisitor - [ORDERBOOK] Removing level:110
23:15:22.383 [main] INFO  c.o.v.MutatingRemoveAllMarketDataOrdersVisitor - [ORDERBOOK] Removing market data order:MktData(price=119,quantity=5600)
23:15:22.383 [main] INFO  c.o.v.MutatingRemoveAllMarketDataOrdersVisitor - [ORDERBOOK] Removing level:119
23:15:22.383 [main] INFO  c.o.v.MutatingRemoveAllMarketDataOrdersVisitor - [ORDERBOOK] Removing market data order:MktData(price=123,quantity=453)
23:15:22.383 [main] INFO  c.o.v.MutatingRemoveAllMarketDataOrdersVisitor - [ORDERBOOK] Removing level:123
23:15:22.383 [main] INFO  c.o.v.MutatingRemoveAllMarketDataOrdersVisitor - [ORDERBOOK] Removing market data order:MktData(price=144,quantity=645)
23:15:22.383 [main] INFO  c.o.v.MutatingRemoveAllMarketDataOrdersVisitor - [ORDERBOOK] Removing level:144
23:15:22.383 [main] INFO  c.o.v.MutatingRemoveAllMarketDataOrdersVisitor - [ORDERBOOK] Removing market data order:MktData(price=167,quantity=665)
23:15:22.383 [main] INFO  c.o.v.MutatingRemoveAllMarketDataOrdersVisitor - [ORDERBOOK] Removing level:167
23:15:22.383 [main] DEBUG c.orderbook.OrderBook - [ORDERBOOK] ASK: Adding orderMktData(price=98,quantity=501)
23:15:22.383 [main] DEBUG c.orderbook.OrderBook - [ORDERBOOK] ASK: Adding orderMktData(price=101,quantity=200)
23:15:22.383 [main] DEBUG c.orderbook.OrderBook - [ORDERBOOK] ASK: Adding orderMktData(price=110,quantity=5000)
23:15:22.383 [main] DEBUG c.orderbook.OrderBook - [ORDERBOOK] ASK: Adding orderMktData(price=119,quantity=5600)
23:15:22.383 [main] DEBUG c.orderbook.OrderBook - [ORDERBOOK] ASK: Adding orderMktData(price=123,quantity=453)
23:15:22.383 [main] DEBUG c.orderbook.OrderBook - [ORDERBOOK] ASK: Adding orderMktData(price=144,quantity=645)
23:15:22.383 [main] DEBUG c.orderbook.OrderBook - [ORDERBOOK] ASK: Adding orderMktData(price=167,quantity=665)
23:15:22.383 [main] DEBUG c.service.MarketDataService - [ALGO] BID: price:43 quantity:134
23:15:22.383 [main] DEBUG c.service.MarketDataService - [ALGO] BID: price:76 quantity:145
23:15:22.383 [main] DEBUG c.service.MarketDataService - [ALGO] BID: price:91 quantity:300
23:15:22.383 [main] DEBUG c.service.MarketDataService - [ALGO] BID: price:93 quantity:200
23:15:22.383 [main] DEBUG c.service.MarketDataService - [ALGO] BID: price:95 quantity:100
23:15:22.383 [main] DEBUG c.service.MarketDataService - [ALGO] BID: price:98 quantity:154
23:15:22.383 [main] DEBUG c.service.MarketDataService - [ALGO] ASK: price:98 quantity:501
23:15:22.383 [main] DEBUG c.service.MarketDataService - [ALGO] ASK: price:101 quantity:200
23:15:22.383 [main] DEBUG c.service.MarketDataService - [ALGO] ASK: price:110 quantity:5000
23:15:22.384 [main] DEBUG c.service.MarketDataService - [ALGO] ASK: price:119 quantity:5600
23:15:22.384 [main] DEBUG c.service.MarketDataService - [ALGO] ASK: price:123 quantity:453
23:15:22.384 [main] DEBUG c.service.MarketDataService - [ALGO] ASK: price:144 quantity:645
23:15:22.384 [main] DEBUG c.service.MarketDataService - [ALGO] ASK: price:167 quantity:665
23:15:22.384 [main] INFO  c.gettingstarted.MyAlgoLogic - [MYALGO] The state of the order book is:
|----BID-----||----ASK----|
    134 @ 43    501 @ 98
    145 @ 76   200 @ 101
    300 @ 91  5000 @ 110
    200 @ 93  5600 @ 119
    100 @ 95   453 @ 123
    154 @ 98   645 @ 144
          -    665 @ 167
|------------||-----------|

23:15:22.384 [main] INFO  c.gettingstarted.MyAlgoLogic - [MYALGO] Algo Sees Book as: 
|----BID-----||----ASK----|
    134 @ 43    501 @ 98
    145 @ 76   200 @ 101
    300 @ 91  5000 @ 110
    200 @ 93  5600 @ 119
    100 @ 95   453 @ 123
    154 @ 98   645 @ 144
          -    665 @ 167
|------------||-----------|

23:15:22.384 [main] INFO  c.gettingstarted.TimedLogic - [TIMEDLOGIC] Market is closed
23:15:22.384 [main] INFO  c.sequencer.consumer.LoggingConsumer - [47] 
|----BID-----|
    134 @ 43
    145 @ 76
    300 @ 91
    200 @ 93
    100 @ 95
    154 @ 98
|----ASK-----|
    501 @ 98
   200 @ 101
  5000 @ 110
  5600 @ 119
   453 @ 123
   645 @ 144
   665 @ 167

23:15:22.384 [main] INFO  c.orderbook.OrderBook - [ORDERBOOK] Processing Mkt Data Update
23:15:22.384 [main] INFO  c.o.v.MutatingRemoveAllMarketDataOrdersVisitor - [ORDERBOOK] Removing market data order:MktData(price=43,quantity=134)
23:15:22.384 [main] INFO  c.o.v.MutatingRemoveAllMarketDataOrdersVisitor - [ORDERBOOK] Removing level:43
23:15:22.384 [main] DEBUG c.orderbook.OrderBook - [ORDERBOOK] ASK: Adding orderMktData(price=43,quantity=134)
23:15:22.384 [main] DEBUG c.orderbook.OrderBook - [ORDERBOOK] ASK: Adding orderMktData(price=76,quantity=145)
23:15:22.384 [main] DEBUG c.orderbook.OrderBook - [ORDERBOOK] ASK: Adding orderMktData(price=91,quantity=300)
23:15:22.385 [main] DEBUG c.orderbook.OrderBook - [ORDERBOOK] ASK: Adding orderMktData(price=93,quantity=200)
23:15:22.385 [main] DEBUG c.orderbook.OrderBook - [ORDERBOOK] ASK: Adding orderMktData(price=95,quantity=100)
23:15:22.385 [main] DEBUG c.orderbook.OrderBook - [ORDERBOOK] ASK: Adding orderMktData(price=98,quantity=154)
23:15:22.385 [main] INFO  c.o.v.MutatingMatchOneMarketDataOrderVisitor - [ORDERBOOK] visiting LevelOrderBookLevel(price=43,quantity=134)
23:15:22.385 [main] INFO  c.o.v.MutatingMatchOneMarketDataOrderVisitor - [ORDERBOOK] Can't match order:MktData(price=43,quantity=134)(MktData(price=98,quantity=154))
23:15:22.385 [main] INFO  c.o.v.MutatingRemoveAllMarketDataOrdersVisitor - [ORDERBOOK] Removing market data order:MktData(price=98,quantity=501)
23:15:22.385 [main] INFO  c.o.v.MutatingRemoveAllMarketDataOrdersVisitor - [ORDERBOOK] Removing level:98
23:15:22.385 [main] INFO  c.o.v.MutatingRemoveAllMarketDataOrdersVisitor - [ORDERBOOK] Removing market data order:MktData(price=101,quantity=200)
23:15:22.385 [main] INFO  c.o.v.MutatingRemoveAllMarketDataOrdersVisitor - [ORDERBOOK] Removing level:101
23:15:22.385 [main] INFO  c.o.v.MutatingRemoveAllMarketDataOrdersVisitor - [ORDERBOOK] Removing market data order:MktData(price=110,quantity=5000)
23:15:22.385 [main] INFO  c.o.v.MutatingRemoveAllMarketDataOrdersVisitor - [ORDERBOOK] Removing level:110
23:15:22.385 [main] INFO  c.o.v.MutatingRemoveAllMarketDataOrdersVisitor - [ORDERBOOK] Removing market data order:MktData(price=119,quantity=5600)
23:15:22.385 [main] INFO  c.o.v.MutatingRemoveAllMarketDataOrdersVisitor - [ORDERBOOK] Removing level:119
23:15:22.385 [main] INFO  c.o.v.MutatingRemoveAllMarketDataOrdersVisitor - [ORDERBOOK] Removing market data order:MktData(price=123,quantity=453)
23:15:22.385 [main] INFO  c.o.v.MutatingRemoveAllMarketDataOrdersVisitor - [ORDERBOOK] Removing level:123
23:15:22.385 [main] INFO  c.o.v.MutatingRemoveAllMarketDataOrdersVisitor - [ORDERBOOK] Removing market data order:MktData(price=144,quantity=645)
23:15:22.385 [main] INFO  c.o.v.MutatingRemoveAllMarketDataOrdersVisitor - [ORDERBOOK] Removing level:144
23:15:22.385 [main] INFO  c.o.v.MutatingRemoveAllMarketDataOrdersVisitor - [ORDERBOOK] Removing market data order:MktData(price=167,quantity=665)
23:15:22.385 [main] INFO  c.o.v.MutatingRemoveAllMarketDataOrdersVisitor - [ORDERBOOK] Removing level:167
23:15:22.385 [main] DEBUG c.orderbook.OrderBook - [ORDERBOOK] ASK: Adding orderMktData(price=98,quantity=501)
23:15:22.385 [main] DEBUG c.orderbook.OrderBook - [ORDERBOOK] ASK: Adding orderMktData(price=101,quantity=200)
23:15:22.385 [main] DEBUG c.orderbook.OrderBook - [ORDERBOOK] ASK: Adding orderMktData(price=110,quantity=5000)
23:15:22.385 [main] DEBUG c.orderbook.OrderBook - [ORDERBOOK] ASK: Adding orderMktData(price=119,quantity=5600)
23:15:22.385 [main] DEBUG c.orderbook.OrderBook - [ORDERBOOK] ASK: Adding orderMktData(price=123,quantity=453)
23:15:22.385 [main] DEBUG c.orderbook.OrderBook - [ORDERBOOK] ASK: Adding orderMktData(price=144,quantity=645)
23:15:22.385 [main] DEBUG c.orderbook.OrderBook - [ORDERBOOK] ASK: Adding orderMktData(price=167,quantity=665)
23:15:22.385 [main] DEBUG c.service.MarketDataService - [ALGO] BID: price:43 quantity:134
23:15:22.385 [main] DEBUG c.service.MarketDataService - [ALGO] BID: price:76 quantity:145
23:15:22.385 [main] DEBUG c.service.MarketDataService - [ALGO] BID: price:91 quantity:300
23:15:22.385 [main] DEBUG c.service.MarketDataService - [ALGO] BID: price:93 quantity:200
23:15:22.385 [main] DEBUG c.service.MarketDataService - [ALGO] BID: price:95 quantity:100
23:15:22.385 [main] DEBUG c.service.MarketDataService - [ALGO] BID: price:98 quantity:154
23:15:22.385 [main] DEBUG c.service.MarketDataService - [ALGO] ASK: price:98 quantity:501
23:15:22.385 [main] DEBUG c.service.MarketDataService - [ALGO] ASK: price:101 quantity:200
23:15:22.385 [main] DEBUG c.service.MarketDataService - [ALGO] ASK: price:110 quantity:5000
23:15:22.385 [main] DEBUG c.service.MarketDataService - [ALGO] ASK: price:119 quantity:5600
23:15:22.385 [main] DEBUG c.service.MarketDataService - [ALGO] ASK: price:123 quantity:453
23:15:22.385 [main] DEBUG c.service.MarketDataService - [ALGO] ASK: price:144 quantity:645
23:15:22.385 [main] DEBUG c.service.MarketDataService - [ALGO] ASK: price:167 quantity:665
23:15:22.385 [main] INFO  c.gettingstarted.MyAlgoLogic - [MYALGO] The state of the order book is:
|----BID-----||----ASK----|
    134 @ 43    501 @ 98
    145 @ 76   200 @ 101
    300 @ 91  5000 @ 110
    200 @ 93  5600 @ 119
    100 @ 95   453 @ 123
    154 @ 98   645 @ 144
          -    665 @ 167
|------------||-----------|

23:15:22.385 [main] INFO  c.gettingstarted.MyAlgoLogic - [MYALGO] Algo Sees Book as: 
|----BID-----||----ASK----|
    134 @ 43    501 @ 98
    145 @ 76   200 @ 101
    300 @ 91  5000 @ 110
    200 @ 93  5600 @ 119
    100 @ 95   453 @ 123
    154 @ 98   645 @ 144
          -    665 @ 167
|------------||-----------|

23:15:22.385 [main] INFO  c.gettingstarted.TimedLogic - [TIMEDLOGIC] Market is closed
23:15:22.385 [main] INFO  c.sequencer.consumer.LoggingConsumer - [48] 
|----BID-----|
    134 @ 43
    145 @ 76
    300 @ 91
    200 @ 93
    100 @ 95
    154 @ 98
|----ASK-----|
    501 @ 98
   200 @ 101
  5000 @ 110
  5600 @ 119
   453 @ 123
   645 @ 144
   665 @ 167

23:15:22.385 [main] INFO  c.orderbook.OrderBook - [ORDERBOOK] Processing Mkt Data Update
23:15:22.385 [main] INFO  c.o.v.MutatingRemoveAllMarketDataOrdersVisitor - [ORDERBOOK] Removing market data order:MktData(price=43,quantity=134)
23:15:22.385 [main] INFO  c.o.v.MutatingRemoveAllMarketDataOrdersVisitor - [ORDERBOOK] Removing level:43
23:15:22.385 [main] DEBUG c.orderbook.OrderBook - [ORDERBOOK] ASK: Adding orderMktData(price=43,quantity=134)
23:15:22.385 [main] DEBUG c.orderbook.OrderBook - [ORDERBOOK] ASK: Adding orderMktData(price=76,quantity=145)
23:15:22.385 [main] DEBUG c.orderbook.OrderBook - [ORDERBOOK] ASK: Adding orderMktData(price=91,quantity=300)
23:15:22.385 [main] DEBUG c.orderbook.OrderBook - [ORDERBOOK] ASK: Adding orderMktData(price=93,quantity=200)
23:15:22.385 [main] DEBUG c.orderbook.OrderBook - [ORDERBOOK] ASK: Adding orderMktData(price=95,quantity=100)
23:15:22.385 [main] DEBUG c.orderbook.OrderBook - [ORDERBOOK] ASK: Adding orderMktData(price=98,quantity=154)
23:15:22.385 [main] INFO  c.o.v.MutatingMatchOneMarketDataOrderVisitor - [ORDERBOOK] visiting LevelOrderBookLevel(price=43,quantity=134)
23:15:22.385 [main] INFO  c.o.v.MutatingMatchOneMarketDataOrderVisitor - [ORDERBOOK] Can't match order:MktData(price=43,quantity=134)(MktData(price=98,quantity=154))
23:15:22.385 [main] INFO  c.o.v.MutatingRemoveAllMarketDataOrdersVisitor - [ORDERBOOK] Removing market data order:MktData(price=98,quantity=501)
23:15:22.385 [main] INFO  c.o.v.MutatingRemoveAllMarketDataOrdersVisitor - [ORDERBOOK] Removing level:98
23:15:22.385 [main] INFO  c.o.v.MutatingRemoveAllMarketDataOrdersVisitor - [ORDERBOOK] Removing market data order:MktData(price=101,quantity=200)
23:15:22.385 [main] INFO  c.o.v.MutatingRemoveAllMarketDataOrdersVisitor - [ORDERBOOK] Removing level:101
23:15:22.385 [main] INFO  c.o.v.MutatingRemoveAllMarketDataOrdersVisitor - [ORDERBOOK] Removing market data order:MktData(price=110,quantity=5000)
23:15:22.385 [main] INFO  c.o.v.MutatingRemoveAllMarketDataOrdersVisitor - [ORDERBOOK] Removing level:110
23:15:22.385 [main] INFO  c.o.v.MutatingRemoveAllMarketDataOrdersVisitor - [ORDERBOOK] Removing market data order:MktData(price=119,quantity=5600)
23:15:22.385 [main] INFO  c.o.v.MutatingRemoveAllMarketDataOrdersVisitor - [ORDERBOOK] Removing level:119
23:15:22.385 [main] INFO  c.o.v.MutatingRemoveAllMarketDataOrdersVisitor - [ORDERBOOK] Removing market data order:MktData(price=123,quantity=453)
23:15:22.385 [main] INFO  c.o.v.MutatingRemoveAllMarketDataOrdersVisitor - [ORDERBOOK] Removing level:123
23:15:22.385 [main] INFO  c.o.v.MutatingRemoveAllMarketDataOrdersVisitor - [ORDERBOOK] Removing market data order:MktData(price=144,quantity=645)
23:15:22.385 [main] INFO  c.o.v.MutatingRemoveAllMarketDataOrdersVisitor - [ORDERBOOK] Removing level:144
23:15:22.385 [main] INFO  c.o.v.MutatingRemoveAllMarketDataOrdersVisitor - [ORDERBOOK] Removing market data order:MktData(price=167,quantity=665)
23:15:22.385 [main] INFO  c.o.v.MutatingRemoveAllMarketDataOrdersVisitor - [ORDERBOOK] Removing level:167
23:15:22.385 [main] DEBUG c.orderbook.OrderBook - [ORDERBOOK] ASK: Adding orderMktData(price=98,quantity=501)
23:15:22.385 [main] DEBUG c.orderbook.OrderBook - [ORDERBOOK] ASK: Adding orderMktData(price=101,quantity=200)
23:15:22.385 [main] DEBUG c.orderbook.OrderBook - [ORDERBOOK] ASK: Adding orderMktData(price=110,quantity=5000)
23:15:22.385 [main] DEBUG c.orderbook.OrderBook - [ORDERBOOK] ASK: Adding orderMktData(price=119,quantity=5600)
23:15:22.385 [main] DEBUG c.orderbook.OrderBook - [ORDERBOOK] ASK: Adding orderMktData(price=123,quantity=453)
23:15:22.385 [main] DEBUG c.orderbook.OrderBook - [ORDERBOOK] ASK: Adding orderMktData(price=144,quantity=645)
23:15:22.385 [main] DEBUG c.orderbook.OrderBook - [ORDERBOOK] ASK: Adding orderMktData(price=167,quantity=665)
23:15:22.386 [main] DEBUG c.service.MarketDataService - [ALGO] BID: price:43 quantity:134
23:15:22.386 [main] DEBUG c.service.MarketDataService - [ALGO] BID: price:76 quantity:145
23:15:22.386 [main] DEBUG c.service.MarketDataService - [ALGO] BID: price:91 quantity:300
23:15:22.386 [main] DEBUG c.service.MarketDataService - [ALGO] BID: price:93 quantity:200
23:15:22.386 [main] DEBUG c.service.MarketDataService - [ALGO] BID: price:95 quantity:100
23:15:22.386 [main] DEBUG c.service.MarketDataService - [ALGO] BID: price:98 quantity:154
23:15:22.386 [main] DEBUG c.service.MarketDataService - [ALGO] ASK: price:98 quantity:501
23:15:22.386 [main] DEBUG c.service.MarketDataService - [ALGO] ASK: price:101 quantity:200
23:15:22.386 [main] DEBUG c.service.MarketDataService - [ALGO] ASK: price:110 quantity:5000
23:15:22.386 [main] DEBUG c.service.MarketDataService - [ALGO] ASK: price:119 quantity:5600
23:15:22.386 [main] DEBUG c.service.MarketDataService - [ALGO] ASK: price:123 quantity:453
23:15:22.386 [main] DEBUG c.service.MarketDataService - [ALGO] ASK: price:144 quantity:645
23:15:22.386 [main] DEBUG c.service.MarketDataService - [ALGO] ASK: price:167 quantity:665
23:15:22.386 [main] INFO  c.gettingstarted.MyAlgoLogic - [MYALGO] The state of the order book is:
|----BID-----||----ASK----|
    134 @ 43    501 @ 98
    145 @ 76   200 @ 101
    300 @ 91  5000 @ 110
    200 @ 93  5600 @ 119
    100 @ 95   453 @ 123
    154 @ 98   645 @ 144
          -    665 @ 167
|------------||-----------|

23:15:22.386 [main] INFO  c.gettingstarted.MyAlgoLogic - [MYALGO] Algo Sees Book as: 
|----BID-----||----ASK----|
    134 @ 43    501 @ 98
    145 @ 76   200 @ 101
    300 @ 91  5000 @ 110
    200 @ 93  5600 @ 119
    100 @ 95   453 @ 123
    154 @ 98   645 @ 144
          -    665 @ 167
|------------||-----------|

23:15:22.386 [main] INFO  c.gettingstarted.TimedLogic - [TIMEDLOGIC] Market is closed
23:15:22.386 [main] INFO  c.sequencer.consumer.LoggingConsumer - [49] 
|----BID-----|
    134 @ 43
    145 @ 76
    300 @ 91
    200 @ 93
    100 @ 95
    154 @ 98
|----ASK-----|
    501 @ 98
   200 @ 101
  5000 @ 110
  5600 @ 119
   453 @ 123
   645 @ 144
   665 @ 167

23:15:22.386 [main] INFO  c.orderbook.OrderBook - [ORDERBOOK] Processing Mkt Data Update
23:15:22.387 [main] INFO  c.o.v.MutatingRemoveAllMarketDataOrdersVisitor - [ORDERBOOK] Removing market data order:MktData(price=43,quantity=134)
23:15:22.387 [main] INFO  c.o.v.MutatingRemoveAllMarketDataOrdersVisitor - [ORDERBOOK] Removing level:43
23:15:22.387 [main] DEBUG c.orderbook.OrderBook - [ORDERBOOK] ASK: Adding orderMktData(price=43,quantity=134)
23:15:22.387 [main] DEBUG c.orderbook.OrderBook - [ORDERBOOK] ASK: Adding orderMktData(price=76,quantity=145)
23:15:22.387 [main] DEBUG c.orderbook.OrderBook - [ORDERBOOK] ASK: Adding orderMktData(price=91,quantity=300)
23:15:22.387 [main] DEBUG c.orderbook.OrderBook - [ORDERBOOK] ASK: Adding orderMktData(price=93,quantity=200)
23:15:22.387 [main] DEBUG c.orderbook.OrderBook - [ORDERBOOK] ASK: Adding orderMktData(price=95,quantity=100)
23:15:22.387 [main] DEBUG c.orderbook.OrderBook - [ORDERBOOK] ASK: Adding orderMktData(price=98,quantity=154)
23:15:22.387 [main] INFO  c.o.v.MutatingMatchOneMarketDataOrderVisitor - [ORDERBOOK] visiting LevelOrderBookLevel(price=43,quantity=134)
23:15:22.387 [main] INFO  c.o.v.MutatingMatchOneMarketDataOrderVisitor - [ORDERBOOK] Can't match order:MktData(price=43,quantity=134)(MktData(price=98,quantity=154))
23:15:22.387 [main] INFO  c.o.v.MutatingRemoveAllMarketDataOrdersVisitor - [ORDERBOOK] Removing market data order:MktData(price=98,quantity=501)
23:15:22.387 [main] INFO  c.o.v.MutatingRemoveAllMarketDataOrdersVisitor - [ORDERBOOK] Removing level:98
23:15:22.387 [main] INFO  c.o.v.MutatingRemoveAllMarketDataOrdersVisitor - [ORDERBOOK] Removing market data order:MktData(price=101,quantity=200)
23:15:22.387 [main] INFO  c.o.v.MutatingRemoveAllMarketDataOrdersVisitor - [ORDERBOOK] Removing level:101
23:15:22.387 [main] INFO  c.o.v.MutatingRemoveAllMarketDataOrdersVisitor - [ORDERBOOK] Removing market data order:MktData(price=110,quantity=5000)
23:15:22.387 [main] INFO  c.o.v.MutatingRemoveAllMarketDataOrdersVisitor - [ORDERBOOK] Removing level:110
23:15:22.387 [main] INFO  c.o.v.MutatingRemoveAllMarketDataOrdersVisitor - [ORDERBOOK] Removing market data order:MktData(price=119,quantity=5600)
23:15:22.387 [main] INFO  c.o.v.MutatingRemoveAllMarketDataOrdersVisitor - [ORDERBOOK] Removing level:119
23:15:22.387 [main] INFO  c.o.v.MutatingRemoveAllMarketDataOrdersVisitor - [ORDERBOOK] Removing market data order:MktData(price=123,quantity=453)
23:15:22.387 [main] INFO  c.o.v.MutatingRemoveAllMarketDataOrdersVisitor - [ORDERBOOK] Removing level:123
23:15:22.387 [main] INFO  c.o.v.MutatingRemoveAllMarketDataOrdersVisitor - [ORDERBOOK] Removing market data order:MktData(price=144,quantity=645)
23:15:22.387 [main] INFO  c.o.v.MutatingRemoveAllMarketDataOrdersVisitor - [ORDERBOOK] Removing level:144
23:15:22.388 [main] INFO  c.o.v.MutatingRemoveAllMarketDataOrdersVisitor - [ORDERBOOK] Removing market data order:MktData(price=167,quantity=665)
23:15:22.388 [main] INFO  c.o.v.MutatingRemoveAllMarketDataOrdersVisitor - [ORDERBOOK] Removing level:167
23:15:22.388 [main] DEBUG c.orderbook.OrderBook - [ORDERBOOK] ASK: Adding orderMktData(price=98,quantity=501)
23:15:22.388 [main] DEBUG c.orderbook.OrderBook - [ORDERBOOK] ASK: Adding orderMktData(price=101,quantity=200)
23:15:22.388 [main] DEBUG c.orderbook.OrderBook - [ORDERBOOK] ASK: Adding orderMktData(price=110,quantity=5000)
23:15:22.388 [main] DEBUG c.orderbook.OrderBook - [ORDERBOOK] ASK: Adding orderMktData(price=119,quantity=5600)
23:15:22.388 [main] DEBUG c.orderbook.OrderBook - [ORDERBOOK] ASK: Adding orderMktData(price=123,quantity=453)
23:15:22.388 [main] DEBUG c.orderbook.OrderBook - [ORDERBOOK] ASK: Adding orderMktData(price=144,quantity=645)
23:15:22.388 [main] DEBUG c.orderbook.OrderBook - [ORDERBOOK] ASK: Adding orderMktData(price=167,quantity=665)
23:15:22.388 [main] DEBUG c.service.MarketDataService - [ALGO] BID: price:43 quantity:134
23:15:22.388 [main] DEBUG c.service.MarketDataService - [ALGO] BID: price:76 quantity:145
23:15:22.388 [main] DEBUG c.service.MarketDataService - [ALGO] BID: price:91 quantity:300
23:15:22.388 [main] DEBUG c.service.MarketDataService - [ALGO] BID: price:93 quantity:200
23:15:22.388 [main] DEBUG c.service.MarketDataService - [ALGO] BID: price:95 quantity:100
23:15:22.388 [main] DEBUG c.service.MarketDataService - [ALGO] BID: price:98 quantity:154
23:15:22.388 [main] DEBUG c.service.MarketDataService - [ALGO] ASK: price:98 quantity:501
23:15:22.388 [main] DEBUG c.service.MarketDataService - [ALGO] ASK: price:101 quantity:200
23:15:22.388 [main] DEBUG c.service.MarketDataService - [ALGO] ASK: price:110 quantity:5000
23:15:22.388 [main] DEBUG c.service.MarketDataService - [ALGO] ASK: price:119 quantity:5600
23:15:22.388 [main] DEBUG c.service.MarketDataService - [ALGO] ASK: price:123 quantity:453
23:15:22.388 [main] DEBUG c.service.MarketDataService - [ALGO] ASK: price:144 quantity:645
23:15:22.388 [main] DEBUG c.service.MarketDataService - [ALGO] ASK: price:167 quantity:665
23:15:22.388 [main] INFO  c.gettingstarted.MyAlgoLogic - [MYALGO] The state of the order book is:
|----BID-----||----ASK----|
    134 @ 43    501 @ 98
    145 @ 76   200 @ 101
    300 @ 91  5000 @ 110
    200 @ 93  5600 @ 119
    100 @ 95   453 @ 123
    154 @ 98   645 @ 144
          -    665 @ 167
|------------||-----------|

23:15:22.388 [main] INFO  c.gettingstarted.MyAlgoLogic - [MYALGO] Algo Sees Book as: 
|----BID-----||----ASK----|
    134 @ 43    501 @ 98
    145 @ 76   200 @ 101
    300 @ 91  5000 @ 110
    200 @ 93  5600 @ 119
    100 @ 95   453 @ 123
    154 @ 98   645 @ 144
          -    665 @ 167
|------------||-----------|

23:15:22.388 [main] INFO  c.gettingstarted.TimedLogic - [TIMEDLOGIC] Market is closed
23:15:22.388 [main] INFO  c.sequencer.consumer.LoggingConsumer - [50] 
|----BID-----|
    134 @ 43
    145 @ 76
    300 @ 91
    200 @ 93
    100 @ 95
    154 @ 98
|----ASK-----|
    501 @ 98
   200 @ 101
  5000 @ 110
  5600 @ 119
   453 @ 123
   645 @ 144
   665 @ 167

23:15:22.388 [main] INFO  c.orderbook.OrderBook - [ORDERBOOK] Processing Mkt Data Update
23:15:22.388 [main] INFO  c.o.v.MutatingRemoveAllMarketDataOrdersVisitor - [ORDERBOOK] Removing market data order:MktData(price=43,quantity=134)
23:15:22.388 [main] INFO  c.o.v.MutatingRemoveAllMarketDataOrdersVisitor - [ORDERBOOK] Removing level:43
23:15:22.388 [main] DEBUG c.orderbook.OrderBook - [ORDERBOOK] ASK: Adding orderMktData(price=43,quantity=134)
23:15:22.388 [main] DEBUG c.orderbook.OrderBook - [ORDERBOOK] ASK: Adding orderMktData(price=76,quantity=145)
23:15:22.388 [main] DEBUG c.orderbook.OrderBook - [ORDERBOOK] ASK: Adding orderMktData(price=91,quantity=300)
23:15:22.388 [main] DEBUG c.orderbook.OrderBook - [ORDERBOOK] ASK: Adding orderMktData(price=93,quantity=200)
23:15:22.388 [main] DEBUG c.orderbook.OrderBook - [ORDERBOOK] ASK: Adding orderMktData(price=95,quantity=100)
23:15:22.388 [main] DEBUG c.orderbook.OrderBook - [ORDERBOOK] ASK: Adding orderMktData(price=98,quantity=154)
23:15:22.388 [main] INFO  c.o.v.MutatingMatchOneMarketDataOrderVisitor - [ORDERBOOK] visiting LevelOrderBookLevel(price=43,quantity=134)
23:15:22.388 [main] INFO  c.o.v.MutatingMatchOneMarketDataOrderVisitor - [ORDERBOOK] Can't match order:MktData(price=43,quantity=134)(MktData(price=98,quantity=154))
23:15:22.388 [main] INFO  c.o.v.MutatingRemoveAllMarketDataOrdersVisitor - [ORDERBOOK] Removing market data order:MktData(price=98,quantity=501)
23:15:22.388 [main] INFO  c.o.v.MutatingRemoveAllMarketDataOrdersVisitor - [ORDERBOOK] Removing level:98
23:15:22.388 [main] INFO  c.o.v.MutatingRemoveAllMarketDataOrdersVisitor - [ORDERBOOK] Removing market data order:MktData(price=101,quantity=200)
23:15:22.388 [main] INFO  c.o.v.MutatingRemoveAllMarketDataOrdersVisitor - [ORDERBOOK] Removing level:101
23:15:22.388 [main] INFO  c.o.v.MutatingRemoveAllMarketDataOrdersVisitor - [ORDERBOOK] Removing market data order:MktData(price=110,quantity=5000)
23:15:22.388 [main] INFO  c.o.v.MutatingRemoveAllMarketDataOrdersVisitor - [ORDERBOOK] Removing level:110
23:15:22.388 [main] INFO  c.o.v.MutatingRemoveAllMarketDataOrdersVisitor - [ORDERBOOK] Removing market data order:MktData(price=119,quantity=5600)
23:15:22.388 [main] INFO  c.o.v.MutatingRemoveAllMarketDataOrdersVisitor - [ORDERBOOK] Removing level:119
23:15:22.388 [main] INFO  c.o.v.MutatingRemoveAllMarketDataOrdersVisitor - [ORDERBOOK] Removing market data order:MktData(price=123,quantity=453)
23:15:22.388 [main] INFO  c.o.v.MutatingRemoveAllMarketDataOrdersVisitor - [ORDERBOOK] Removing level:123
23:15:22.388 [main] INFO  c.o.v.MutatingRemoveAllMarketDataOrdersVisitor - [ORDERBOOK] Removing market data order:MktData(price=144,quantity=645)
23:15:22.388 [main] INFO  c.o.v.MutatingRemoveAllMarketDataOrdersVisitor - [ORDERBOOK] Removing level:144
23:15:22.388 [main] INFO  c.o.v.MutatingRemoveAllMarketDataOrdersVisitor - [ORDERBOOK] Removing market data order:MktData(price=167,quantity=665)
23:15:22.388 [main] INFO  c.o.v.MutatingRemoveAllMarketDataOrdersVisitor - [ORDERBOOK] Removing level:167
23:15:22.388 [main] DEBUG c.orderbook.OrderBook - [ORDERBOOK] ASK: Adding orderMktData(price=98,quantity=501)
23:15:22.388 [main] DEBUG c.orderbook.OrderBook - [ORDERBOOK] ASK: Adding orderMktData(price=101,quantity=200)
23:15:22.388 [main] DEBUG c.orderbook.OrderBook - [ORDERBOOK] ASK: Adding orderMktData(price=110,quantity=5000)
23:15:22.388 [main] DEBUG c.orderbook.OrderBook - [ORDERBOOK] ASK: Adding orderMktData(price=119,quantity=5600)
23:15:22.388 [main] DEBUG c.orderbook.OrderBook - [ORDERBOOK] ASK: Adding orderMktData(price=123,quantity=453)
23:15:22.388 [main] DEBUG c.orderbook.OrderBook - [ORDERBOOK] ASK: Adding orderMktData(price=144,quantity=645)
23:15:22.388 [main] DEBUG c.orderbook.OrderBook - [ORDERBOOK] ASK: Adding orderMktData(price=167,quantity=665)
23:15:22.388 [main] DEBUG c.service.MarketDataService - [ALGO] BID: price:43 quantity:134
23:15:22.389 [main] DEBUG c.service.MarketDataService - [ALGO] BID: price:76 quantity:145
23:15:22.389 [main] DEBUG c.service.MarketDataService - [ALGO] BID: price:91 quantity:300
23:15:22.389 [main] DEBUG c.service.MarketDataService - [ALGO] BID: price:93 quantity:200
23:15:22.389 [main] DEBUG c.service.MarketDataService - [ALGO] BID: price:95 quantity:100
23:15:22.389 [main] DEBUG c.service.MarketDataService - [ALGO] BID: price:98 quantity:154
23:15:22.389 [main] DEBUG c.service.MarketDataService - [ALGO] ASK: price:98 quantity:501
23:15:22.389 [main] DEBUG c.service.MarketDataService - [ALGO] ASK: price:101 quantity:200
23:15:22.389 [main] DEBUG c.service.MarketDataService - [ALGO] ASK: price:110 quantity:5000
23:15:22.389 [main] DEBUG c.service.MarketDataService - [ALGO] ASK: price:119 quantity:5600
23:15:22.389 [main] DEBUG c.service.MarketDataService - [ALGO] ASK: price:123 quantity:453
23:15:22.389 [main] DEBUG c.service.MarketDataService - [ALGO] ASK: price:144 quantity:645
23:15:22.389 [main] DEBUG c.service.MarketDataService - [ALGO] ASK: price:167 quantity:665
23:15:22.389 [main] INFO  c.gettingstarted.MyAlgoLogic - [MYALGO] The state of the order book is:
|----BID-----||----ASK----|
    134 @ 43    501 @ 98
    145 @ 76   200 @ 101
    300 @ 91  5000 @ 110
    200 @ 93  5600 @ 119
    100 @ 95   453 @ 123
    154 @ 98   645 @ 144
          -    665 @ 167
|------------||-----------|

23:15:22.389 [main] INFO  c.gettingstarted.MyAlgoLogic - [MYALGO] Algo Sees Book as: 
|----BID-----||----ASK----|
    134 @ 43    501 @ 98
    145 @ 76   200 @ 101
    300 @ 91  5000 @ 110
    200 @ 93  5600 @ 119
    100 @ 95   453 @ 123
    154 @ 98   645 @ 144
          -    665 @ 167
|------------||-----------|

23:15:22.389 [main] INFO  c.gettingstarted.TimedLogic - [TIMEDLOGIC] Market is closed
23:15:22.389 [main] INFO  c.sequencer.consumer.LoggingConsumer - [51] 
|----BID-----|
    134 @ 43
    145 @ 76
    300 @ 91
    200 @ 93
    100 @ 95
    154 @ 98
|----ASK-----|
    501 @ 98
   200 @ 101
  5000 @ 110
  5600 @ 119
   453 @ 123
   645 @ 144
   665 @ 167

23:15:22.389 [main] INFO  c.orderbook.OrderBook - [ORDERBOOK] Processing Mkt Data Update
23:15:22.389 [main] INFO  c.o.v.MutatingRemoveAllMarketDataOrdersVisitor - [ORDERBOOK] Removing market data order:MktData(price=43,quantity=134)
23:15:22.389 [main] INFO  c.o.v.MutatingRemoveAllMarketDataOrdersVisitor - [ORDERBOOK] Removing level:43
23:15:22.389 [main] DEBUG c.orderbook.OrderBook - [ORDERBOOK] ASK: Adding orderMktData(price=43,quantity=134)
23:15:22.389 [main] DEBUG c.orderbook.OrderBook - [ORDERBOOK] ASK: Adding orderMktData(price=76,quantity=145)
23:15:22.389 [main] DEBUG c.orderbook.OrderBook - [ORDERBOOK] ASK: Adding orderMktData(price=91,quantity=300)
23:15:22.390 [main] DEBUG c.orderbook.OrderBook - [ORDERBOOK] ASK: Adding orderMktData(price=93,quantity=200)
23:15:22.390 [main] DEBUG c.orderbook.OrderBook - [ORDERBOOK] ASK: Adding orderMktData(price=95,quantity=100)
23:15:22.390 [main] DEBUG c.orderbook.OrderBook - [ORDERBOOK] ASK: Adding orderMktData(price=98,quantity=154)
23:15:22.390 [main] INFO  c.o.v.MutatingMatchOneMarketDataOrderVisitor - [ORDERBOOK] visiting LevelOrderBookLevel(price=43,quantity=134)
23:15:22.390 [main] INFO  c.o.v.MutatingMatchOneMarketDataOrderVisitor - [ORDERBOOK] Can't match order:MktData(price=43,quantity=134)(MktData(price=98,quantity=154))
23:15:22.390 [main] INFO  c.o.v.MutatingRemoveAllMarketDataOrdersVisitor - [ORDERBOOK] Removing market data order:MktData(price=98,quantity=501)
23:15:22.390 [main] INFO  c.o.v.MutatingRemoveAllMarketDataOrdersVisitor - [ORDERBOOK] Removing level:98
23:15:22.390 [main] INFO  c.o.v.MutatingRemoveAllMarketDataOrdersVisitor - [ORDERBOOK] Removing market data order:MktData(price=101,quantity=200)
23:15:22.390 [main] INFO  c.o.v.MutatingRemoveAllMarketDataOrdersVisitor - [ORDERBOOK] Removing level:101
23:15:22.390 [main] INFO  c.o.v.MutatingRemoveAllMarketDataOrdersVisitor - [ORDERBOOK] Removing market data order:MktData(price=110,quantity=5000)
23:15:22.390 [main] INFO  c.o.v.MutatingRemoveAllMarketDataOrdersVisitor - [ORDERBOOK] Removing level:110
23:15:22.390 [main] INFO  c.o.v.MutatingRemoveAllMarketDataOrdersVisitor - [ORDERBOOK] Removing market data order:MktData(price=119,quantity=5600)
23:15:22.390 [main] INFO  c.o.v.MutatingRemoveAllMarketDataOrdersVisitor - [ORDERBOOK] Removing level:119
23:15:22.390 [main] INFO  c.o.v.MutatingRemoveAllMarketDataOrdersVisitor - [ORDERBOOK] Removing market data order:MktData(price=123,quantity=453)
23:15:22.390 [main] INFO  c.o.v.MutatingRemoveAllMarketDataOrdersVisitor - [ORDERBOOK] Removing level:123
23:15:22.390 [main] INFO  c.o.v.MutatingRemoveAllMarketDataOrdersVisitor - [ORDERBOOK] Removing market data order:MktData(price=144,quantity=645)
23:15:22.390 [main] INFO  c.o.v.MutatingRemoveAllMarketDataOrdersVisitor - [ORDERBOOK] Removing level:144
23:15:22.390 [main] INFO  c.o.v.MutatingRemoveAllMarketDataOrdersVisitor - [ORDERBOOK] Removing market data order:MktData(price=167,quantity=665)
23:15:22.390 [main] INFO  c.o.v.MutatingRemoveAllMarketDataOrdersVisitor - [ORDERBOOK] Removing level:167
23:15:22.390 [main] DEBUG c.orderbook.OrderBook - [ORDERBOOK] ASK: Adding orderMktData(price=98,quantity=501)
23:15:22.390 [main] DEBUG c.orderbook.OrderBook - [ORDERBOOK] ASK: Adding orderMktData(price=101,quantity=200)
23:15:22.390 [main] DEBUG c.orderbook.OrderBook - [ORDERBOOK] ASK: Adding orderMktData(price=110,quantity=5000)
23:15:22.390 [main] DEBUG c.orderbook.OrderBook - [ORDERBOOK] ASK: Adding orderMktData(price=119,quantity=5600)
23:15:22.390 [main] DEBUG c.orderbook.OrderBook - [ORDERBOOK] ASK: Adding orderMktData(price=123,quantity=453)
23:15:22.390 [main] DEBUG c.orderbook.OrderBook - [ORDERBOOK] ASK: Adding orderMktData(price=144,quantity=645)
23:15:22.390 [main] DEBUG c.orderbook.OrderBook - [ORDERBOOK] ASK: Adding orderMktData(price=167,quantity=665)
23:15:22.390 [main] DEBUG c.service.MarketDataService - [ALGO] BID: price:43 quantity:134
23:15:22.390 [main] DEBUG c.service.MarketDataService - [ALGO] BID: price:76 quantity:145
23:15:22.390 [main] DEBUG c.service.MarketDataService - [ALGO] BID: price:91 quantity:300
23:15:22.390 [main] DEBUG c.service.MarketDataService - [ALGO] BID: price:93 quantity:200
23:15:22.390 [main] DEBUG c.service.MarketDataService - [ALGO] BID: price:95 quantity:100
23:15:22.390 [main] DEBUG c.service.MarketDataService - [ALGO] BID: price:98 quantity:154
23:15:22.390 [main] DEBUG c.service.MarketDataService - [ALGO] ASK: price:98 quantity:501
23:15:22.390 [main] DEBUG c.service.MarketDataService - [ALGO] ASK: price:101 quantity:200
23:15:22.390 [main] DEBUG c.service.MarketDataService - [ALGO] ASK: price:110 quantity:5000
23:15:22.390 [main] DEBUG c.service.MarketDataService - [ALGO] ASK: price:119 quantity:5600
23:15:22.390 [main] DEBUG c.service.MarketDataService - [ALGO] ASK: price:123 quantity:453
23:15:22.390 [main] DEBUG c.service.MarketDataService - [ALGO] ASK: price:144 quantity:645
23:15:22.390 [main] DEBUG c.service.MarketDataService - [ALGO] ASK: price:167 quantity:665
23:15:22.390 [main] INFO  c.gettingstarted.MyAlgoLogic - [MYALGO] The state of the order book is:
|----BID-----||----ASK----|
    134 @ 43    501 @ 98
    145 @ 76   200 @ 101
    300 @ 91  5000 @ 110
    200 @ 93  5600 @ 119
    100 @ 95   453 @ 123
    154 @ 98   645 @ 144
          -    665 @ 167
|------------||-----------|

23:15:22.390 [main] INFO  c.gettingstarted.MyAlgoLogic - [MYALGO] Algo Sees Book as: 
|----BID-----||----ASK----|
    134 @ 43    501 @ 98
    145 @ 76   200 @ 101
    300 @ 91  5000 @ 110
    200 @ 93  5600 @ 119
    100 @ 95   453 @ 123
    154 @ 98   645 @ 144
          -    665 @ 167
|------------||-----------|

23:15:22.390 [main] INFO  c.gettingstarted.TimedLogic - [TIMEDLOGIC] Market is closed
23:15:22.390 [main] INFO  c.sequencer.consumer.LoggingConsumer - [52] 
|----BID-----|
    134 @ 43
    145 @ 76
    300 @ 91
    200 @ 93
    100 @ 95
    154 @ 98
|----ASK-----|
    501 @ 98
   200 @ 101
  5000 @ 110
  5600 @ 119
   453 @ 123
   645 @ 144
   665 @ 167

23:15:22.390 [main] INFO  c.orderbook.OrderBook - [ORDERBOOK] Processing Mkt Data Update
23:15:22.390 [main] INFO  c.o.v.MutatingRemoveAllMarketDataOrdersVisitor - [ORDERBOOK] Removing market data order:MktData(price=43,quantity=134)
23:15:22.390 [main] INFO  c.o.v.MutatingRemoveAllMarketDataOrdersVisitor - [ORDERBOOK] Removing level:43
23:15:22.390 [main] DEBUG c.orderbook.OrderBook - [ORDERBOOK] ASK: Adding orderMktData(price=43,quantity=134)
23:15:22.390 [main] DEBUG c.orderbook.OrderBook - [ORDERBOOK] ASK: Adding orderMktData(price=76,quantity=145)
23:15:22.390 [main] DEBUG c.orderbook.OrderBook - [ORDERBOOK] ASK: Adding orderMktData(price=91,quantity=300)
23:15:22.390 [main] DEBUG c.orderbook.OrderBook - [ORDERBOOK] ASK: Adding orderMktData(price=93,quantity=200)
23:15:22.390 [main] DEBUG c.orderbook.OrderBook - [ORDERBOOK] ASK: Adding orderMktData(price=95,quantity=100)
23:15:22.390 [main] DEBUG c.orderbook.OrderBook - [ORDERBOOK] ASK: Adding orderMktData(price=98,quantity=154)
23:15:22.390 [main] INFO  c.o.v.MutatingMatchOneMarketDataOrderVisitor - [ORDERBOOK] visiting LevelOrderBookLevel(price=43,quantity=134)
23:15:22.390 [main] INFO  c.o.v.MutatingMatchOneMarketDataOrderVisitor - [ORDERBOOK] Can't match order:MktData(price=43,quantity=134)(MktData(price=98,quantity=154))
23:15:22.390 [main] INFO  c.o.v.MutatingRemoveAllMarketDataOrdersVisitor - [ORDERBOOK] Removing market data order:MktData(price=98,quantity=501)
23:15:22.390 [main] INFO  c.o.v.MutatingRemoveAllMarketDataOrdersVisitor - [ORDERBOOK] Removing level:98
23:15:22.390 [main] INFO  c.o.v.MutatingRemoveAllMarketDataOrdersVisitor - [ORDERBOOK] Removing market data order:MktData(price=101,quantity=200)
23:15:22.390 [main] INFO  c.o.v.MutatingRemoveAllMarketDataOrdersVisitor - [ORDERBOOK] Removing level:101
23:15:22.390 [main] INFO  c.o.v.MutatingRemoveAllMarketDataOrdersVisitor - [ORDERBOOK] Removing market data order:MktData(price=110,quantity=5000)
23:15:22.390 [main] INFO  c.o.v.MutatingRemoveAllMarketDataOrdersVisitor - [ORDERBOOK] Removing level:110
23:15:22.390 [main] INFO  c.o.v.MutatingRemoveAllMarketDataOrdersVisitor - [ORDERBOOK] Removing market data order:MktData(price=119,quantity=5600)
23:15:22.390 [main] INFO  c.o.v.MutatingRemoveAllMarketDataOrdersVisitor - [ORDERBOOK] Removing level:119
23:15:22.390 [main] INFO  c.o.v.MutatingRemoveAllMarketDataOrdersVisitor - [ORDERBOOK] Removing market data order:MktData(price=123,quantity=453)
23:15:22.390 [main] INFO  c.o.v.MutatingRemoveAllMarketDataOrdersVisitor - [ORDERBOOK] Removing level:123
23:15:22.390 [main] INFO  c.o.v.MutatingRemoveAllMarketDataOrdersVisitor - [ORDERBOOK] Removing market data order:MktData(price=144,quantity=645)
23:15:22.390 [main] INFO  c.o.v.MutatingRemoveAllMarketDataOrdersVisitor - [ORDERBOOK] Removing level:144
23:15:22.390 [main] INFO  c.o.v.MutatingRemoveAllMarketDataOrdersVisitor - [ORDERBOOK] Removing market data order:MktData(price=167,quantity=665)
23:15:22.390 [main] INFO  c.o.v.MutatingRemoveAllMarketDataOrdersVisitor - [ORDERBOOK] Removing level:167
23:15:22.390 [main] DEBUG c.orderbook.OrderBook - [ORDERBOOK] ASK: Adding orderMktData(price=98,quantity=501)
23:15:22.390 [main] DEBUG c.orderbook.OrderBook - [ORDERBOOK] ASK: Adding orderMktData(price=101,quantity=200)
23:15:22.390 [main] DEBUG c.orderbook.OrderBook - [ORDERBOOK] ASK: Adding orderMktData(price=110,quantity=5000)
23:15:22.390 [main] DEBUG c.orderbook.OrderBook - [ORDERBOOK] ASK: Adding orderMktData(price=119,quantity=5600)
23:15:22.390 [main] DEBUG c.orderbook.OrderBook - [ORDERBOOK] ASK: Adding orderMktData(price=123,quantity=453)
23:15:22.390 [main] DEBUG c.orderbook.OrderBook - [ORDERBOOK] ASK: Adding orderMktData(price=144,quantity=645)
23:15:22.390 [main] DEBUG c.orderbook.OrderBook - [ORDERBOOK] ASK: Adding orderMktData(price=167,quantity=665)
23:15:22.390 [main] DEBUG c.service.MarketDataService - [ALGO] BID: price:43 quantity:134
23:15:22.390 [main] DEBUG c.service.MarketDataService - [ALGO] BID: price:76 quantity:145
23:15:22.390 [main] DEBUG c.service.MarketDataService - [ALGO] BID: price:91 quantity:300
23:15:22.390 [main] DEBUG c.service.MarketDataService - [ALGO] BID: price:93 quantity:200
23:15:22.390 [main] DEBUG c.service.MarketDataService - [ALGO] BID: price:95 quantity:100
23:15:22.390 [main] DEBUG c.service.MarketDataService - [ALGO] BID: price:98 quantity:154
23:15:22.390 [main] DEBUG c.service.MarketDataService - [ALGO] ASK: price:98 quantity:501
23:15:22.390 [main] DEBUG c.service.MarketDataService - [ALGO] ASK: price:101 quantity:200
23:15:22.390 [main] DEBUG c.service.MarketDataService - [ALGO] ASK: price:110 quantity:5000
23:15:22.390 [main] DEBUG c.service.MarketDataService - [ALGO] ASK: price:119 quantity:5600
23:15:22.390 [main] DEBUG c.service.MarketDataService - [ALGO] ASK: price:123 quantity:453
23:15:22.390 [main] DEBUG c.service.MarketDataService - [ALGO] ASK: price:144 quantity:645
23:15:22.390 [main] DEBUG c.service.MarketDataService - [ALGO] ASK: price:167 quantity:665
23:15:22.390 [main] INFO  c.gettingstarted.MyAlgoLogic - [MYALGO] The state of the order book is:
|----BID-----||----ASK----|
    134 @ 43    501 @ 98
    145 @ 76   200 @ 101
    300 @ 91  5000 @ 110
    200 @ 93  5600 @ 119
    100 @ 95   453 @ 123
    154 @ 98   645 @ 144
          -    665 @ 167
|------------||-----------|

23:15:22.390 [main] INFO  c.gettingstarted.MyAlgoLogic - [MYALGO] Algo Sees Book as: 
|----BID-----||----ASK----|
    134 @ 43    501 @ 98
    145 @ 76   200 @ 101
    300 @ 91  5000 @ 110
    200 @ 93  5600 @ 119
    100 @ 95   453 @ 123
    154 @ 98   645 @ 144
          -    665 @ 167
|------------||-----------|

23:15:22.390 [main] INFO  c.gettingstarted.TimedLogic - [TIMEDLOGIC] Market is closed
23:15:22.390 [main] INFO  c.sequencer.consumer.LoggingConsumer - [53] 
|----BID-----|
    134 @ 43
    145 @ 76
    300 @ 91
    200 @ 93
    100 @ 95
    154 @ 98
|----ASK-----|
    501 @ 98
   200 @ 101
  5000 @ 110
  5600 @ 119
   453 @ 123
   645 @ 144
   665 @ 167

23:15:22.390 [main] INFO  c.orderbook.OrderBook - [ORDERBOOK] Processing Mkt Data Update
23:15:22.390 [main] INFO  c.o.v.MutatingRemoveAllMarketDataOrdersVisitor - [ORDERBOOK] Removing market data order:MktData(price=43,quantity=134)
23:15:22.390 [main] INFO  c.o.v.MutatingRemoveAllMarketDataOrdersVisitor - [ORDERBOOK] Removing level:43
23:15:22.391 [main] DEBUG c.orderbook.OrderBook - [ORDERBOOK] ASK: Adding orderMktData(price=43,quantity=134)
23:15:22.391 [main] DEBUG c.orderbook.OrderBook - [ORDERBOOK] ASK: Adding orderMktData(price=76,quantity=145)
23:15:22.391 [main] DEBUG c.orderbook.OrderBook - [ORDERBOOK] ASK: Adding orderMktData(price=91,quantity=300)
23:15:22.391 [main] DEBUG c.orderbook.OrderBook - [ORDERBOOK] ASK: Adding orderMktData(price=93,quantity=200)
23:15:22.391 [main] DEBUG c.orderbook.OrderBook - [ORDERBOOK] ASK: Adding orderMktData(price=95,quantity=100)
23:15:22.391 [main] DEBUG c.orderbook.OrderBook - [ORDERBOOK] ASK: Adding orderMktData(price=98,quantity=154)
23:15:22.391 [main] INFO  c.o.v.MutatingMatchOneMarketDataOrderVisitor - [ORDERBOOK] visiting LevelOrderBookLevel(price=43,quantity=134)
23:15:22.391 [main] INFO  c.o.v.MutatingMatchOneMarketDataOrderVisitor - [ORDERBOOK] Can't match order:MktData(price=43,quantity=134)(MktData(price=98,quantity=154))
23:15:22.391 [main] INFO  c.o.v.MutatingRemoveAllMarketDataOrdersVisitor - [ORDERBOOK] Removing market data order:MktData(price=98,quantity=501)
23:15:22.391 [main] INFO  c.o.v.MutatingRemoveAllMarketDataOrdersVisitor - [ORDERBOOK] Removing level:98
23:15:22.391 [main] INFO  c.o.v.MutatingRemoveAllMarketDataOrdersVisitor - [ORDERBOOK] Removing market data order:MktData(price=101,quantity=200)
23:15:22.391 [main] INFO  c.o.v.MutatingRemoveAllMarketDataOrdersVisitor - [ORDERBOOK] Removing level:101
23:15:22.391 [main] INFO  c.o.v.MutatingRemoveAllMarketDataOrdersVisitor - [ORDERBOOK] Removing market data order:MktData(price=110,quantity=5000)
23:15:22.391 [main] INFO  c.o.v.MutatingRemoveAllMarketDataOrdersVisitor - [ORDERBOOK] Removing level:110
23:15:22.391 [main] INFO  c.o.v.MutatingRemoveAllMarketDataOrdersVisitor - [ORDERBOOK] Removing market data order:MktData(price=119,quantity=5600)
23:15:22.391 [main] INFO  c.o.v.MutatingRemoveAllMarketDataOrdersVisitor - [ORDERBOOK] Removing level:119
23:15:22.391 [main] INFO  c.o.v.MutatingRemoveAllMarketDataOrdersVisitor - [ORDERBOOK] Removing market data order:MktData(price=123,quantity=453)
23:15:22.391 [main] INFO  c.o.v.MutatingRemoveAllMarketDataOrdersVisitor - [ORDERBOOK] Removing level:123
23:15:22.391 [main] INFO  c.o.v.MutatingRemoveAllMarketDataOrdersVisitor - [ORDERBOOK] Removing market data order:MktData(price=144,quantity=645)
23:15:22.391 [main] INFO  c.o.v.MutatingRemoveAllMarketDataOrdersVisitor - [ORDERBOOK] Removing level:144
23:15:22.391 [main] INFO  c.o.v.MutatingRemoveAllMarketDataOrdersVisitor - [ORDERBOOK] Removing market data order:MktData(price=167,quantity=665)
23:15:22.391 [main] INFO  c.o.v.MutatingRemoveAllMarketDataOrdersVisitor - [ORDERBOOK] Removing level:167
23:15:22.391 [main] DEBUG c.orderbook.OrderBook - [ORDERBOOK] ASK: Adding orderMktData(price=98,quantity=501)
23:15:22.391 [main] DEBUG c.orderbook.OrderBook - [ORDERBOOK] ASK: Adding orderMktData(price=101,quantity=200)
23:15:22.391 [main] DEBUG c.orderbook.OrderBook - [ORDERBOOK] ASK: Adding orderMktData(price=110,quantity=5000)
23:15:22.391 [main] DEBUG c.orderbook.OrderBook - [ORDERBOOK] ASK: Adding orderMktData(price=119,quantity=5600)
23:15:22.391 [main] DEBUG c.orderbook.OrderBook - [ORDERBOOK] ASK: Adding orderMktData(price=123,quantity=453)
23:15:22.391 [main] DEBUG c.orderbook.OrderBook - [ORDERBOOK] ASK: Adding orderMktData(price=144,quantity=645)
23:15:22.391 [main] DEBUG c.orderbook.OrderBook - [ORDERBOOK] ASK: Adding orderMktData(price=167,quantity=665)
23:15:22.391 [main] DEBUG c.service.MarketDataService - [ALGO] BID: price:43 quantity:134
23:15:22.391 [main] DEBUG c.service.MarketDataService - [ALGO] BID: price:76 quantity:145
23:15:22.391 [main] DEBUG c.service.MarketDataService - [ALGO] BID: price:91 quantity:300
23:15:22.391 [main] DEBUG c.service.MarketDataService - [ALGO] BID: price:93 quantity:200
23:15:22.391 [main] DEBUG c.service.MarketDataService - [ALGO] BID: price:95 quantity:100
23:15:22.391 [main] DEBUG c.service.MarketDataService - [ALGO] BID: price:98 quantity:154
23:15:22.391 [main] DEBUG c.service.MarketDataService - [ALGO] ASK: price:98 quantity:501
23:15:22.391 [main] DEBUG c.service.MarketDataService - [ALGO] ASK: price:101 quantity:200
23:15:22.391 [main] DEBUG c.service.MarketDataService - [ALGO] ASK: price:110 quantity:5000
23:15:22.391 [main] DEBUG c.service.MarketDataService - [ALGO] ASK: price:119 quantity:5600
23:15:22.391 [main] DEBUG c.service.MarketDataService - [ALGO] ASK: price:123 quantity:453
23:15:22.391 [main] DEBUG c.service.MarketDataService - [ALGO] ASK: price:144 quantity:645
23:15:22.391 [main] DEBUG c.service.MarketDataService - [ALGO] ASK: price:167 quantity:665
23:15:22.391 [main] INFO  c.gettingstarted.MyAlgoLogic - [MYALGO] The state of the order book is:
|----BID-----||----ASK----|
    134 @ 43    501 @ 98
    145 @ 76   200 @ 101
    300 @ 91  5000 @ 110
    200 @ 93  5600 @ 119
    100 @ 95   453 @ 123
    154 @ 98   645 @ 144
          -    665 @ 167
|------------||-----------|

23:15:22.391 [main] INFO  c.gettingstarted.MyAlgoLogic - [MYALGO] Algo Sees Book as: 
|----BID-----||----ASK----|
    134 @ 43    501 @ 98
    145 @ 76   200 @ 101
    300 @ 91  5000 @ 110
    200 @ 93  5600 @ 119
    100 @ 95   453 @ 123
    154 @ 98   645 @ 144
          -    665 @ 167
|------------||-----------|

23:15:22.391 [main] INFO  c.gettingstarted.TimedLogic - [TIMEDLOGIC] Market is closed
23:15:22.391 [main] INFO  c.sequencer.consumer.LoggingConsumer - [54] 
|----BID-----|
    134 @ 43
    145 @ 76
    300 @ 91
    200 @ 93
    100 @ 95
    154 @ 98
|----ASK-----|
    501 @ 98
   200 @ 101
  5000 @ 110
  5600 @ 119
   453 @ 123
   645 @ 144
   665 @ 167

23:15:22.391 [main] INFO  c.orderbook.OrderBook - [ORDERBOOK] Processing Mkt Data Update
23:15:22.391 [main] INFO  c.o.v.MutatingRemoveAllMarketDataOrdersVisitor - [ORDERBOOK] Removing market data order:MktData(price=43,quantity=134)
23:15:22.391 [main] INFO  c.o.v.MutatingRemoveAllMarketDataOrdersVisitor - [ORDERBOOK] Removing level:43
23:15:22.391 [main] DEBUG c.orderbook.OrderBook - [ORDERBOOK] ASK: Adding orderMktData(price=43,quantity=134)
23:15:22.391 [main] DEBUG c.orderbook.OrderBook - [ORDERBOOK] ASK: Adding orderMktData(price=76,quantity=145)
23:15:22.391 [main] DEBUG c.orderbook.OrderBook - [ORDERBOOK] ASK: Adding orderMktData(price=91,quantity=300)
23:15:22.391 [main] DEBUG c.orderbook.OrderBook - [ORDERBOOK] ASK: Adding orderMktData(price=93,quantity=200)
23:15:22.391 [main] DEBUG c.orderbook.OrderBook - [ORDERBOOK] ASK: Adding orderMktData(price=95,quantity=100)
23:15:22.391 [main] DEBUG c.orderbook.OrderBook - [ORDERBOOK] ASK: Adding orderMktData(price=98,quantity=154)
23:15:22.391 [main] INFO  c.o.v.MutatingMatchOneMarketDataOrderVisitor - [ORDERBOOK] visiting LevelOrderBookLevel(price=43,quantity=134)
23:15:22.391 [main] INFO  c.o.v.MutatingMatchOneMarketDataOrderVisitor - [ORDERBOOK] Can't match order:MktData(price=43,quantity=134)(MktData(price=98,quantity=154))
23:15:22.391 [main] INFO  c.o.v.MutatingRemoveAllMarketDataOrdersVisitor - [ORDERBOOK] Removing market data order:MktData(price=98,quantity=501)
23:15:22.391 [main] INFO  c.o.v.MutatingRemoveAllMarketDataOrdersVisitor - [ORDERBOOK] Removing level:98
23:15:22.391 [main] INFO  c.o.v.MutatingRemoveAllMarketDataOrdersVisitor - [ORDERBOOK] Removing market data order:MktData(price=101,quantity=200)
23:15:22.391 [main] INFO  c.o.v.MutatingRemoveAllMarketDataOrdersVisitor - [ORDERBOOK] Removing level:101
23:15:22.391 [main] INFO  c.o.v.MutatingRemoveAllMarketDataOrdersVisitor - [ORDERBOOK] Removing market data order:MktData(price=110,quantity=5000)
23:15:22.391 [main] INFO  c.o.v.MutatingRemoveAllMarketDataOrdersVisitor - [ORDERBOOK] Removing level:110
23:15:22.391 [main] INFO  c.o.v.MutatingRemoveAllMarketDataOrdersVisitor - [ORDERBOOK] Removing market data order:MktData(price=119,quantity=5600)
23:15:22.391 [main] INFO  c.o.v.MutatingRemoveAllMarketDataOrdersVisitor - [ORDERBOOK] Removing level:119
23:15:22.391 [main] INFO  c.o.v.MutatingRemoveAllMarketDataOrdersVisitor - [ORDERBOOK] Removing market data order:MktData(price=123,quantity=453)
23:15:22.391 [main] INFO  c.o.v.MutatingRemoveAllMarketDataOrdersVisitor - [ORDERBOOK] Removing level:123
23:15:22.391 [main] INFO  c.o.v.MutatingRemoveAllMarketDataOrdersVisitor - [ORDERBOOK] Removing market data order:MktData(price=144,quantity=645)
23:15:22.391 [main] INFO  c.o.v.MutatingRemoveAllMarketDataOrdersVisitor - [ORDERBOOK] Removing level:144
23:15:22.391 [main] INFO  c.o.v.MutatingRemoveAllMarketDataOrdersVisitor - [ORDERBOOK] Removing market data order:MktData(price=167,quantity=665)
23:15:22.391 [main] INFO  c.o.v.MutatingRemoveAllMarketDataOrdersVisitor - [ORDERBOOK] Removing level:167
23:15:22.391 [main] DEBUG c.orderbook.OrderBook - [ORDERBOOK] ASK: Adding orderMktData(price=98,quantity=501)
23:15:22.391 [main] DEBUG c.orderbook.OrderBook - [ORDERBOOK] ASK: Adding orderMktData(price=101,quantity=200)
23:15:22.391 [main] DEBUG c.orderbook.OrderBook - [ORDERBOOK] ASK: Adding orderMktData(price=110,quantity=5000)
23:15:22.391 [main] DEBUG c.orderbook.OrderBook - [ORDERBOOK] ASK: Adding orderMktData(price=119,quantity=5600)
23:15:22.391 [main] DEBUG c.orderbook.OrderBook - [ORDERBOOK] ASK: Adding orderMktData(price=123,quantity=453)
23:15:22.391 [main] DEBUG c.orderbook.OrderBook - [ORDERBOOK] ASK: Adding orderMktData(price=144,quantity=645)
23:15:22.391 [main] DEBUG c.orderbook.OrderBook - [ORDERBOOK] ASK: Adding orderMktData(price=167,quantity=665)
23:15:22.391 [main] DEBUG c.service.MarketDataService - [ALGO] BID: price:43 quantity:134
23:15:22.391 [main] DEBUG c.service.MarketDataService - [ALGO] BID: price:76 quantity:145
23:15:22.391 [main] DEBUG c.service.MarketDataService - [ALGO] BID: price:91 quantity:300
23:15:22.391 [main] DEBUG c.service.MarketDataService - [ALGO] BID: price:93 quantity:200
23:15:22.391 [main] DEBUG c.service.MarketDataService - [ALGO] BID: price:95 quantity:100
23:15:22.391 [main] DEBUG c.service.MarketDataService - [ALGO] BID: price:98 quantity:154
23:15:22.391 [main] DEBUG c.service.MarketDataService - [ALGO] ASK: price:98 quantity:501
23:15:22.391 [main] DEBUG c.service.MarketDataService - [ALGO] ASK: price:101 quantity:200
23:15:22.391 [main] DEBUG c.service.MarketDataService - [ALGO] ASK: price:110 quantity:5000
23:15:22.391 [main] DEBUG c.service.MarketDataService - [ALGO] ASK: price:119 quantity:5600
23:15:22.391 [main] DEBUG c.service.MarketDataService - [ALGO] ASK: price:123 quantity:453
23:15:22.391 [main] DEBUG c.service.MarketDataService - [ALGO] ASK: price:144 quantity:645
23:15:22.391 [main] DEBUG c.service.MarketDataService - [ALGO] ASK: price:167 quantity:665
23:15:22.391 [main] INFO  c.gettingstarted.MyAlgoLogic - [MYALGO] The state of the order book is:
|----BID-----||----ASK----|
    134 @ 43    501 @ 98
    145 @ 76   200 @ 101
    300 @ 91  5000 @ 110
    200 @ 93  5600 @ 119
    100 @ 95   453 @ 123
    154 @ 98   645 @ 144
          -    665 @ 167
|------------||-----------|

23:15:22.392 [main] INFO  c.gettingstarted.MyAlgoLogic - [MYALGO] Algo Sees Book as: 
|----BID-----||----ASK----|
    134 @ 43    501 @ 98
    145 @ 76   200 @ 101
    300 @ 91  5000 @ 110
    200 @ 93  5600 @ 119
    100 @ 95   453 @ 123
    154 @ 98   645 @ 144
          -    665 @ 167
|------------||-----------|

23:15:22.392 [main] INFO  c.gettingstarted.TimedLogic - [TIMEDLOGIC] Market is closed
23:15:22.393 [main] INFO  c.sequencer.consumer.LoggingConsumer - [55] 
|----BID-----|
    134 @ 43
    145 @ 76
    300 @ 91
    200 @ 93
    100 @ 95
    154 @ 98
|----ASK-----|
    501 @ 98
   200 @ 101
  5000 @ 110
  5600 @ 119
   453 @ 123
   645 @ 144
   665 @ 167

23:15:22.393 [main] INFO  c.orderbook.OrderBook - [ORDERBOOK] Processing Mkt Data Update
23:15:22.393 [main] INFO  c.o.v.MutatingRemoveAllMarketDataOrdersVisitor - [ORDERBOOK] Removing market data order:MktData(price=43,quantity=134)
23:15:22.393 [main] INFO  c.o.v.MutatingRemoveAllMarketDataOrdersVisitor - [ORDERBOOK] Removing level:43
23:15:22.393 [main] DEBUG c.orderbook.OrderBook - [ORDERBOOK] ASK: Adding orderMktData(price=43,quantity=134)
23:15:22.393 [main] DEBUG c.orderbook.OrderBook - [ORDERBOOK] ASK: Adding orderMktData(price=76,quantity=145)
23:15:22.393 [main] DEBUG c.orderbook.OrderBook - [ORDERBOOK] ASK: Adding orderMktData(price=91,quantity=300)
23:15:22.393 [main] DEBUG c.orderbook.OrderBook - [ORDERBOOK] ASK: Adding orderMktData(price=93,quantity=200)
23:15:22.393 [main] DEBUG c.orderbook.OrderBook - [ORDERBOOK] ASK: Adding orderMktData(price=95,quantity=100)
23:15:22.393 [main] DEBUG c.orderbook.OrderBook - [ORDERBOOK] ASK: Adding orderMktData(price=98,quantity=154)
23:15:22.393 [main] INFO  c.o.v.MutatingMatchOneMarketDataOrderVisitor - [ORDERBOOK] visiting LevelOrderBookLevel(price=43,quantity=134)
23:15:22.393 [main] INFO  c.o.v.MutatingMatchOneMarketDataOrderVisitor - [ORDERBOOK] Can't match order:MktData(price=43,quantity=134)(MktData(price=98,quantity=154))
23:15:22.393 [main] INFO  c.o.v.MutatingRemoveAllMarketDataOrdersVisitor - [ORDERBOOK] Removing market data order:MktData(price=98,quantity=501)
23:15:22.393 [main] INFO  c.o.v.MutatingRemoveAllMarketDataOrdersVisitor - [ORDERBOOK] Removing level:98
23:15:22.393 [main] INFO  c.o.v.MutatingRemoveAllMarketDataOrdersVisitor - [ORDERBOOK] Removing market data order:MktData(price=101,quantity=200)
23:15:22.393 [main] INFO  c.o.v.MutatingRemoveAllMarketDataOrdersVisitor - [ORDERBOOK] Removing level:101
23:15:22.393 [main] INFO  c.o.v.MutatingRemoveAllMarketDataOrdersVisitor - [ORDERBOOK] Removing market data order:MktData(price=110,quantity=5000)
23:15:22.393 [main] INFO  c.o.v.MutatingRemoveAllMarketDataOrdersVisitor - [ORDERBOOK] Removing level:110
23:15:22.393 [main] INFO  c.o.v.MutatingRemoveAllMarketDataOrdersVisitor - [ORDERBOOK] Removing market data order:MktData(price=119,quantity=5600)
23:15:22.393 [main] INFO  c.o.v.MutatingRemoveAllMarketDataOrdersVisitor - [ORDERBOOK] Removing level:119
23:15:22.393 [main] INFO  c.o.v.MutatingRemoveAllMarketDataOrdersVisitor - [ORDERBOOK] Removing market data order:MktData(price=123,quantity=453)
23:15:22.393 [main] INFO  c.o.v.MutatingRemoveAllMarketDataOrdersVisitor - [ORDERBOOK] Removing level:123
23:15:22.393 [main] INFO  c.o.v.MutatingRemoveAllMarketDataOrdersVisitor - [ORDERBOOK] Removing market data order:MktData(price=144,quantity=645)
23:15:22.393 [main] INFO  c.o.v.MutatingRemoveAllMarketDataOrdersVisitor - [ORDERBOOK] Removing level:144
23:15:22.393 [main] INFO  c.o.v.MutatingRemoveAllMarketDataOrdersVisitor - [ORDERBOOK] Removing market data order:MktData(price=167,quantity=665)
23:15:22.393 [main] INFO  c.o.v.MutatingRemoveAllMarketDataOrdersVisitor - [ORDERBOOK] Removing level:167
23:15:22.393 [main] DEBUG c.orderbook.OrderBook - [ORDERBOOK] ASK: Adding orderMktData(price=98,quantity=501)
23:15:22.393 [main] DEBUG c.orderbook.OrderBook - [ORDERBOOK] ASK: Adding orderMktData(price=101,quantity=200)
23:15:22.393 [main] DEBUG c.orderbook.OrderBook - [ORDERBOOK] ASK: Adding orderMktData(price=110,quantity=5000)
23:15:22.393 [main] DEBUG c.orderbook.OrderBook - [ORDERBOOK] ASK: Adding orderMktData(price=119,quantity=5600)
23:15:22.393 [main] DEBUG c.orderbook.OrderBook - [ORDERBOOK] ASK: Adding orderMktData(price=123,quantity=453)
23:15:22.393 [main] DEBUG c.orderbook.OrderBook - [ORDERBOOK] ASK: Adding orderMktData(price=144,quantity=645)
23:15:22.393 [main] DEBUG c.orderbook.OrderBook - [ORDERBOOK] ASK: Adding orderMktData(price=167,quantity=665)
23:15:22.393 [main] DEBUG c.service.MarketDataService - [ALGO] BID: price:43 quantity:134
23:15:22.393 [main] DEBUG c.service.MarketDataService - [ALGO] BID: price:76 quantity:145
23:15:22.393 [main] DEBUG c.service.MarketDataService - [ALGO] BID: price:91 quantity:300
23:15:22.393 [main] DEBUG c.service.MarketDataService - [ALGO] BID: price:93 quantity:200
23:15:22.393 [main] DEBUG c.service.MarketDataService - [ALGO] BID: price:95 quantity:100
23:15:22.393 [main] DEBUG c.service.MarketDataService - [ALGO] BID: price:98 quantity:154
23:15:22.393 [main] DEBUG c.service.MarketDataService - [ALGO] ASK: price:98 quantity:501
23:15:22.393 [main] DEBUG c.service.MarketDataService - [ALGO] ASK: price:101 quantity:200
23:15:22.393 [main] DEBUG c.service.MarketDataService - [ALGO] ASK: price:110 quantity:5000
23:15:22.393 [main] DEBUG c.service.MarketDataService - [ALGO] ASK: price:119 quantity:5600
23:15:22.393 [main] DEBUG c.service.MarketDataService - [ALGO] ASK: price:123 quantity:453
23:15:22.393 [main] DEBUG c.service.MarketDataService - [ALGO] ASK: price:144 quantity:645
23:15:22.393 [main] DEBUG c.service.MarketDataService - [ALGO] ASK: price:167 quantity:665
23:15:22.393 [main] INFO  c.gettingstarted.MyAlgoLogic - [MYALGO] The state of the order book is:
|----BID-----||----ASK----|
    134 @ 43    501 @ 98
    145 @ 76   200 @ 101
    300 @ 91  5000 @ 110
    200 @ 93  5600 @ 119
    100 @ 95   453 @ 123
    154 @ 98   645 @ 144
          -    665 @ 167
|------------||-----------|

23:15:22.393 [main] INFO  c.gettingstarted.MyAlgoLogic - [MYALGO] Algo Sees Book as: 
|----BID-----||----ASK----|
    134 @ 43    501 @ 98
    145 @ 76   200 @ 101
    300 @ 91  5000 @ 110
    200 @ 93  5600 @ 119
    100 @ 95   453 @ 123
    154 @ 98   645 @ 144
          -    665 @ 167
|------------||-----------|

23:15:22.393 [main] INFO  c.gettingstarted.TimedLogic - [TIMEDLOGIC] Market is closed
23:15:22.394 [main] INFO  c.sequencer.consumer.LoggingConsumer - [56] 
|----BID-----|
    134 @ 43
    145 @ 76
    300 @ 91
    200 @ 93
    100 @ 95
    154 @ 98
|----ASK-----|
    501 @ 98
   200 @ 101
  5000 @ 110
  5600 @ 119
   453 @ 123
   645 @ 144
   665 @ 167

23:15:22.394 [main] INFO  c.orderbook.OrderBook - [ORDERBOOK] Processing Mkt Data Update
23:15:22.394 [main] INFO  c.o.v.MutatingRemoveAllMarketDataOrdersVisitor - [ORDERBOOK] Removing market data order:MktData(price=43,quantity=134)
23:15:22.394 [main] INFO  c.o.v.MutatingRemoveAllMarketDataOrdersVisitor - [ORDERBOOK] Removing level:43
23:15:22.394 [main] DEBUG c.orderbook.OrderBook - [ORDERBOOK] ASK: Adding orderMktData(price=43,quantity=134)
23:15:22.394 [main] DEBUG c.orderbook.OrderBook - [ORDERBOOK] ASK: Adding orderMktData(price=76,quantity=145)
23:15:22.394 [main] DEBUG c.orderbook.OrderBook - [ORDERBOOK] ASK: Adding orderMktData(price=91,quantity=300)
23:15:22.394 [main] DEBUG c.orderbook.OrderBook - [ORDERBOOK] ASK: Adding orderMktData(price=93,quantity=200)
23:15:22.394 [main] DEBUG c.orderbook.OrderBook - [ORDERBOOK] ASK: Adding orderMktData(price=95,quantity=100)
23:15:22.394 [main] DEBUG c.orderbook.OrderBook - [ORDERBOOK] ASK: Adding orderMktData(price=98,quantity=154)
23:15:22.394 [main] INFO  c.o.v.MutatingMatchOneMarketDataOrderVisitor - [ORDERBOOK] visiting LevelOrderBookLevel(price=43,quantity=134)
23:15:22.394 [main] INFO  c.o.v.MutatingMatchOneMarketDataOrderVisitor - [ORDERBOOK] Can't match order:MktData(price=43,quantity=134)(MktData(price=98,quantity=154))
23:15:22.394 [main] INFO  c.o.v.MutatingRemoveAllMarketDataOrdersVisitor - [ORDERBOOK] Removing market data order:MktData(price=98,quantity=501)
23:15:22.394 [main] INFO  c.o.v.MutatingRemoveAllMarketDataOrdersVisitor - [ORDERBOOK] Removing level:98
23:15:22.394 [main] INFO  c.o.v.MutatingRemoveAllMarketDataOrdersVisitor - [ORDERBOOK] Removing market data order:MktData(price=101,quantity=200)
23:15:22.394 [main] INFO  c.o.v.MutatingRemoveAllMarketDataOrdersVisitor - [ORDERBOOK] Removing level:101
23:15:22.394 [main] INFO  c.o.v.MutatingRemoveAllMarketDataOrdersVisitor - [ORDERBOOK] Removing market data order:MktData(price=110,quantity=5000)
23:15:22.394 [main] INFO  c.o.v.MutatingRemoveAllMarketDataOrdersVisitor - [ORDERBOOK] Removing level:110
23:15:22.394 [main] INFO  c.o.v.MutatingRemoveAllMarketDataOrdersVisitor - [ORDERBOOK] Removing market data order:MktData(price=119,quantity=5600)
23:15:22.394 [main] INFO  c.o.v.MutatingRemoveAllMarketDataOrdersVisitor - [ORDERBOOK] Removing level:119
23:15:22.394 [main] INFO  c.o.v.MutatingRemoveAllMarketDataOrdersVisitor - [ORDERBOOK] Removing market data order:MktData(price=123,quantity=453)
23:15:22.394 [main] INFO  c.o.v.MutatingRemoveAllMarketDataOrdersVisitor - [ORDERBOOK] Removing level:123
23:15:22.394 [main] INFO  c.o.v.MutatingRemoveAllMarketDataOrdersVisitor - [ORDERBOOK] Removing market data order:MktData(price=144,quantity=645)
23:15:22.394 [main] INFO  c.o.v.MutatingRemoveAllMarketDataOrdersVisitor - [ORDERBOOK] Removing level:144
23:15:22.394 [main] INFO  c.o.v.MutatingRemoveAllMarketDataOrdersVisitor - [ORDERBOOK] Removing market data order:MktData(price=167,quantity=665)
23:15:22.394 [main] INFO  c.o.v.MutatingRemoveAllMarketDataOrdersVisitor - [ORDERBOOK] Removing level:167
23:15:22.394 [main] DEBUG c.orderbook.OrderBook - [ORDERBOOK] ASK: Adding orderMktData(price=98,quantity=501)
23:15:22.394 [main] DEBUG c.orderbook.OrderBook - [ORDERBOOK] ASK: Adding orderMktData(price=101,quantity=200)
23:15:22.394 [main] DEBUG c.orderbook.OrderBook - [ORDERBOOK] ASK: Adding orderMktData(price=110,quantity=5000)
23:15:22.394 [main] DEBUG c.orderbook.OrderBook - [ORDERBOOK] ASK: Adding orderMktData(price=119,quantity=5600)
23:15:22.394 [main] DEBUG c.orderbook.OrderBook - [ORDERBOOK] ASK: Adding orderMktData(price=123,quantity=453)
23:15:22.394 [main] DEBUG c.orderbook.OrderBook - [ORDERBOOK] ASK: Adding orderMktData(price=144,quantity=645)
23:15:22.394 [main] DEBUG c.orderbook.OrderBook - [ORDERBOOK] ASK: Adding orderMktData(price=167,quantity=665)
23:15:22.394 [main] DEBUG c.service.MarketDataService - [ALGO] BID: price:43 quantity:134
23:15:22.394 [main] DEBUG c.service.MarketDataService - [ALGO] BID: price:76 quantity:145
23:15:22.394 [main] DEBUG c.service.MarketDataService - [ALGO] BID: price:91 quantity:300
23:15:22.394 [main] DEBUG c.service.MarketDataService - [ALGO] BID: price:93 quantity:200
23:15:22.394 [main] DEBUG c.service.MarketDataService - [ALGO] BID: price:95 quantity:100
23:15:22.394 [main] DEBUG c.service.MarketDataService - [ALGO] BID: price:98 quantity:154
23:15:22.394 [main] DEBUG c.service.MarketDataService - [ALGO] ASK: price:98 quantity:501
23:15:22.394 [main] DEBUG c.service.MarketDataService - [ALGO] ASK: price:101 quantity:200
23:15:22.394 [main] DEBUG c.service.MarketDataService - [ALGO] ASK: price:110 quantity:5000
23:15:22.394 [main] DEBUG c.service.MarketDataService - [ALGO] ASK: price:119 quantity:5600
23:15:22.394 [main] DEBUG c.service.MarketDataService - [ALGO] ASK: price:123 quantity:453
23:15:22.394 [main] DEBUG c.service.MarketDataService - [ALGO] ASK: price:144 quantity:645
23:15:22.394 [main] DEBUG c.service.MarketDataService - [ALGO] ASK: price:167 quantity:665
23:15:22.394 [main] INFO  c.gettingstarted.MyAlgoLogic - [MYALGO] The state of the order book is:
|----BID-----||----ASK----|
    134 @ 43    501 @ 98
    145 @ 76   200 @ 101
    300 @ 91  5000 @ 110
    200 @ 93  5600 @ 119
    100 @ 95   453 @ 123
    154 @ 98   645 @ 144
          -    665 @ 167
|------------||-----------|

23:15:22.394 [main] INFO  c.gettingstarted.MyAlgoLogic - [MYALGO] Algo Sees Book as: 
|----BID-----||----ASK----|
    134 @ 43    501 @ 98
    145 @ 76   200 @ 101
    300 @ 91  5000 @ 110
    200 @ 93  5600 @ 119
    100 @ 95   453 @ 123
    154 @ 98   645 @ 144
          -    665 @ 167
|------------||-----------|

23:15:22.394 [main] INFO  c.gettingstarted.TimedLogic - [TIMEDLOGIC] Market is closed
23:15:22.394 [main] INFO  c.sequencer.consumer.LoggingConsumer - [57] 
|----BID-----|
    134 @ 43
    145 @ 76
    300 @ 91
    200 @ 93
    100 @ 95
    154 @ 98
|----ASK-----|
    501 @ 98
   200 @ 101
  5000 @ 110
  5600 @ 119
   453 @ 123
   645 @ 144
   665 @ 167

23:15:22.394 [main] INFO  c.orderbook.OrderBook - [ORDERBOOK] Processing Mkt Data Update
23:15:22.394 [main] INFO  c.o.v.MutatingRemoveAllMarketDataOrdersVisitor - [ORDERBOOK] Removing market data order:MktData(price=43,quantity=134)
23:15:22.394 [main] INFO  c.o.v.MutatingRemoveAllMarketDataOrdersVisitor - [ORDERBOOK] Removing level:43
23:15:22.394 [main] DEBUG c.orderbook.OrderBook - [ORDERBOOK] ASK: Adding orderMktData(price=43,quantity=134)
23:15:22.394 [main] DEBUG c.orderbook.OrderBook - [ORDERBOOK] ASK: Adding orderMktData(price=76,quantity=145)
23:15:22.394 [main] DEBUG c.orderbook.OrderBook - [ORDERBOOK] ASK: Adding orderMktData(price=91,quantity=300)
23:15:22.394 [main] DEBUG c.orderbook.OrderBook - [ORDERBOOK] ASK: Adding orderMktData(price=93,quantity=200)
23:15:22.394 [main] DEBUG c.orderbook.OrderBook - [ORDERBOOK] ASK: Adding orderMktData(price=95,quantity=100)
23:15:22.394 [main] DEBUG c.orderbook.OrderBook - [ORDERBOOK] ASK: Adding orderMktData(price=98,quantity=154)
23:15:22.394 [main] INFO  c.o.v.MutatingMatchOneMarketDataOrderVisitor - [ORDERBOOK] visiting LevelOrderBookLevel(price=43,quantity=134)
23:15:22.394 [main] INFO  c.o.v.MutatingMatchOneMarketDataOrderVisitor - [ORDERBOOK] Can't match order:MktData(price=43,quantity=134)(MktData(price=98,quantity=154))
23:15:22.394 [main] INFO  c.o.v.MutatingRemoveAllMarketDataOrdersVisitor - [ORDERBOOK] Removing market data order:MktData(price=98,quantity=501)
23:15:22.394 [main] INFO  c.o.v.MutatingRemoveAllMarketDataOrdersVisitor - [ORDERBOOK] Removing level:98
23:15:22.394 [main] INFO  c.o.v.MutatingRemoveAllMarketDataOrdersVisitor - [ORDERBOOK] Removing market data order:MktData(price=101,quantity=200)
23:15:22.394 [main] INFO  c.o.v.MutatingRemoveAllMarketDataOrdersVisitor - [ORDERBOOK] Removing level:101
23:15:22.394 [main] INFO  c.o.v.MutatingRemoveAllMarketDataOrdersVisitor - [ORDERBOOK] Removing market data order:MktData(price=110,quantity=5000)
23:15:22.394 [main] INFO  c.o.v.MutatingRemoveAllMarketDataOrdersVisitor - [ORDERBOOK] Removing level:110
23:15:22.394 [main] INFO  c.o.v.MutatingRemoveAllMarketDataOrdersVisitor - [ORDERBOOK] Removing market data order:MktData(price=119,quantity=5600)
23:15:22.394 [main] INFO  c.o.v.MutatingRemoveAllMarketDataOrdersVisitor - [ORDERBOOK] Removing level:119
23:15:22.395 [main] INFO  c.o.v.MutatingRemoveAllMarketDataOrdersVisitor - [ORDERBOOK] Removing market data order:MktData(price=123,quantity=453)
23:15:22.395 [main] INFO  c.o.v.MutatingRemoveAllMarketDataOrdersVisitor - [ORDERBOOK] Removing level:123
23:15:22.395 [main] INFO  c.o.v.MutatingRemoveAllMarketDataOrdersVisitor - [ORDERBOOK] Removing market data order:MktData(price=144,quantity=645)
23:15:22.395 [main] INFO  c.o.v.MutatingRemoveAllMarketDataOrdersVisitor - [ORDERBOOK] Removing level:144
23:15:22.395 [main] INFO  c.o.v.MutatingRemoveAllMarketDataOrdersVisitor - [ORDERBOOK] Removing market data order:MktData(price=167,quantity=665)
23:15:22.395 [main] INFO  c.o.v.MutatingRemoveAllMarketDataOrdersVisitor - [ORDERBOOK] Removing level:167
23:15:22.395 [main] DEBUG c.orderbook.OrderBook - [ORDERBOOK] ASK: Adding orderMktData(price=98,quantity=501)
23:15:22.395 [main] DEBUG c.orderbook.OrderBook - [ORDERBOOK] ASK: Adding orderMktData(price=101,quantity=200)
23:15:22.395 [main] DEBUG c.orderbook.OrderBook - [ORDERBOOK] ASK: Adding orderMktData(price=110,quantity=5000)
23:15:22.395 [main] DEBUG c.orderbook.OrderBook - [ORDERBOOK] ASK: Adding orderMktData(price=119,quantity=5600)
23:15:22.395 [main] DEBUG c.orderbook.OrderBook - [ORDERBOOK] ASK: Adding orderMktData(price=123,quantity=453)
23:15:22.395 [main] DEBUG c.orderbook.OrderBook - [ORDERBOOK] ASK: Adding orderMktData(price=144,quantity=645)
23:15:22.395 [main] DEBUG c.orderbook.OrderBook - [ORDERBOOK] ASK: Adding orderMktData(price=167,quantity=665)
23:15:22.395 [main] DEBUG c.service.MarketDataService - [ALGO] BID: price:43 quantity:134
23:15:22.395 [main] DEBUG c.service.MarketDataService - [ALGO] BID: price:76 quantity:145
23:15:22.395 [main] DEBUG c.service.MarketDataService - [ALGO] BID: price:91 quantity:300
23:15:22.395 [main] DEBUG c.service.MarketDataService - [ALGO] BID: price:93 quantity:200
23:15:22.395 [main] DEBUG c.service.MarketDataService - [ALGO] BID: price:95 quantity:100
23:15:22.395 [main] DEBUG c.service.MarketDataService - [ALGO] BID: price:98 quantity:154
23:15:22.395 [main] DEBUG c.service.MarketDataService - [ALGO] ASK: price:98 quantity:501
23:15:22.395 [main] DEBUG c.service.MarketDataService - [ALGO] ASK: price:101 quantity:200
23:15:22.395 [main] DEBUG c.service.MarketDataService - [ALGO] ASK: price:110 quantity:5000
23:15:22.395 [main] DEBUG c.service.MarketDataService - [ALGO] ASK: price:119 quantity:5600
23:15:22.395 [main] DEBUG c.service.MarketDataService - [ALGO] ASK: price:123 quantity:453
23:15:22.395 [main] DEBUG c.service.MarketDataService - [ALGO] ASK: price:144 quantity:645
23:15:22.395 [main] DEBUG c.service.MarketDataService - [ALGO] ASK: price:167 quantity:665
23:15:22.395 [main] INFO  c.gettingstarted.MyAlgoLogic - [MYALGO] The state of the order book is:
|----BID-----||----ASK----|
    134 @ 43    501 @ 98
    145 @ 76   200 @ 101
    300 @ 91  5000 @ 110
    200 @ 93  5600 @ 119
    100 @ 95   453 @ 123
    154 @ 98   645 @ 144
          -    665 @ 167
|------------||-----------|

23:15:22.395 [main] INFO  c.gettingstarted.MyAlgoLogic - [MYALGO] Algo Sees Book as: 
|----BID-----||----ASK----|
    134 @ 43    501 @ 98
    145 @ 76   200 @ 101
    300 @ 91  5000 @ 110
    200 @ 93  5600 @ 119
    100 @ 95   453 @ 123
    154 @ 98   645 @ 144
          -    665 @ 167
|------------||-----------|

23:15:22.395 [main] INFO  c.gettingstarted.TimedLogic - [TIMEDLOGIC] Market is closed
23:15:22.395 [main] INFO  c.sequencer.consumer.LoggingConsumer - [58] 
|----BID-----|
    134 @ 43
    145 @ 76
    300 @ 91
    200 @ 93
    100 @ 95
    154 @ 98
|----ASK-----|
    501 @ 98
   200 @ 101
  5000 @ 110
  5600 @ 119
   453 @ 123
   645 @ 144
   665 @ 167

23:15:22.395 [main] INFO  c.orderbook.OrderBook - [ORDERBOOK] Processing Mkt Data Update
23:15:22.395 [main] INFO  c.o.v.MutatingRemoveAllMarketDataOrdersVisitor - [ORDERBOOK] Removing market data order:MktData(price=43,quantity=134)
23:15:22.395 [main] INFO  c.o.v.MutatingRemoveAllMarketDataOrdersVisitor - [ORDERBOOK] Removing level:43
23:15:22.395 [main] DEBUG c.orderbook.OrderBook - [ORDERBOOK] ASK: Adding orderMktData(price=43,quantity=134)
23:15:22.395 [main] DEBUG c.orderbook.OrderBook - [ORDERBOOK] ASK: Adding orderMktData(price=76,quantity=145)
23:15:22.395 [main] DEBUG c.orderbook.OrderBook - [ORDERBOOK] ASK: Adding orderMktData(price=91,quantity=300)
23:15:22.395 [main] DEBUG c.orderbook.OrderBook - [ORDERBOOK] ASK: Adding orderMktData(price=93,quantity=200)
23:15:22.395 [main] DEBUG c.orderbook.OrderBook - [ORDERBOOK] ASK: Adding orderMktData(price=95,quantity=100)
23:15:22.395 [main] DEBUG c.orderbook.OrderBook - [ORDERBOOK] ASK: Adding orderMktData(price=98,quantity=154)
23:15:22.395 [main] INFO  c.o.v.MutatingMatchOneMarketDataOrderVisitor - [ORDERBOOK] visiting LevelOrderBookLevel(price=43,quantity=134)
23:15:22.395 [main] INFO  c.o.v.MutatingMatchOneMarketDataOrderVisitor - [ORDERBOOK] Can't match order:MktData(price=43,quantity=134)(MktData(price=98,quantity=154))
23:15:22.395 [main] INFO  c.o.v.MutatingRemoveAllMarketDataOrdersVisitor - [ORDERBOOK] Removing market data order:MktData(price=98,quantity=501)
23:15:22.395 [main] INFO  c.o.v.MutatingRemoveAllMarketDataOrdersVisitor - [ORDERBOOK] Removing level:98
23:15:22.395 [main] INFO  c.o.v.MutatingRemoveAllMarketDataOrdersVisitor - [ORDERBOOK] Removing market data order:MktData(price=101,quantity=200)
23:15:22.395 [main] INFO  c.o.v.MutatingRemoveAllMarketDataOrdersVisitor - [ORDERBOOK] Removing level:101
23:15:22.395 [main] INFO  c.o.v.MutatingRemoveAllMarketDataOrdersVisitor - [ORDERBOOK] Removing market data order:MktData(price=110,quantity=5000)
23:15:22.395 [main] INFO  c.o.v.MutatingRemoveAllMarketDataOrdersVisitor - [ORDERBOOK] Removing level:110
23:15:22.395 [main] INFO  c.o.v.MutatingRemoveAllMarketDataOrdersVisitor - [ORDERBOOK] Removing market data order:MktData(price=119,quantity=5600)
23:15:22.395 [main] INFO  c.o.v.MutatingRemoveAllMarketDataOrdersVisitor - [ORDERBOOK] Removing level:119
23:15:22.395 [main] INFO  c.o.v.MutatingRemoveAllMarketDataOrdersVisitor - [ORDERBOOK] Removing market data order:MktData(price=123,quantity=453)
23:15:22.395 [main] INFO  c.o.v.MutatingRemoveAllMarketDataOrdersVisitor - [ORDERBOOK] Removing level:123
23:15:22.395 [main] INFO  c.o.v.MutatingRemoveAllMarketDataOrdersVisitor - [ORDERBOOK] Removing market data order:MktData(price=144,quantity=645)
23:15:22.395 [main] INFO  c.o.v.MutatingRemoveAllMarketDataOrdersVisitor - [ORDERBOOK] Removing level:144
23:15:22.395 [main] INFO  c.o.v.MutatingRemoveAllMarketDataOrdersVisitor - [ORDERBOOK] Removing market data order:MktData(price=167,quantity=665)
23:15:22.395 [main] INFO  c.o.v.MutatingRemoveAllMarketDataOrdersVisitor - [ORDERBOOK] Removing level:167
23:15:22.395 [main] DEBUG c.orderbook.OrderBook - [ORDERBOOK] ASK: Adding orderMktData(price=98,quantity=501)
23:15:22.395 [main] DEBUG c.orderbook.OrderBook - [ORDERBOOK] ASK: Adding orderMktData(price=101,quantity=200)
23:15:22.395 [main] DEBUG c.orderbook.OrderBook - [ORDERBOOK] ASK: Adding orderMktData(price=110,quantity=5000)
23:15:22.395 [main] DEBUG c.orderbook.OrderBook - [ORDERBOOK] ASK: Adding orderMktData(price=119,quantity=5600)
23:15:22.395 [main] DEBUG c.orderbook.OrderBook - [ORDERBOOK] ASK: Adding orderMktData(price=123,quantity=453)
23:15:22.395 [main] DEBUG c.orderbook.OrderBook - [ORDERBOOK] ASK: Adding orderMktData(price=144,quantity=645)
23:15:22.395 [main] DEBUG c.orderbook.OrderBook - [ORDERBOOK] ASK: Adding orderMktData(price=167,quantity=665)
23:15:22.395 [main] DEBUG c.service.MarketDataService - [ALGO] BID: price:43 quantity:134
23:15:22.395 [main] DEBUG c.service.MarketDataService - [ALGO] BID: price:76 quantity:145
23:15:22.395 [main] DEBUG c.service.MarketDataService - [ALGO] BID: price:91 quantity:300
23:15:22.395 [main] DEBUG c.service.MarketDataService - [ALGO] BID: price:93 quantity:200
23:15:22.395 [main] DEBUG c.service.MarketDataService - [ALGO] BID: price:95 quantity:100
23:15:22.395 [main] DEBUG c.service.MarketDataService - [ALGO] BID: price:98 quantity:154
23:15:22.395 [main] DEBUG c.service.MarketDataService - [ALGO] ASK: price:98 quantity:501
23:15:22.395 [main] DEBUG c.service.MarketDataService - [ALGO] ASK: price:101 quantity:200
23:15:22.395 [main] DEBUG c.service.MarketDataService - [ALGO] ASK: price:110 quantity:5000
23:15:22.395 [main] DEBUG c.service.MarketDataService - [ALGO] ASK: price:119 quantity:5600
23:15:22.395 [main] DEBUG c.service.MarketDataService - [ALGO] ASK: price:123 quantity:453
23:15:22.395 [main] DEBUG c.service.MarketDataService - [ALGO] ASK: price:144 quantity:645
23:15:22.395 [main] DEBUG c.service.MarketDataService - [ALGO] ASK: price:167 quantity:665
23:15:22.395 [main] INFO  c.gettingstarted.MyAlgoLogic - [MYALGO] The state of the order book is:
|----BID-----||----ASK----|
    134 @ 43    501 @ 98
    145 @ 76   200 @ 101
    300 @ 91  5000 @ 110
    200 @ 93  5600 @ 119
    100 @ 95   453 @ 123
    154 @ 98   645 @ 144
          -    665 @ 167
|------------||-----------|

23:15:22.395 [main] INFO  c.gettingstarted.MyAlgoLogic - [MYALGO] Algo Sees Book as: 
|----BID-----||----ASK----|
    134 @ 43    501 @ 98
    145 @ 76   200 @ 101
    300 @ 91  5000 @ 110
    200 @ 93  5600 @ 119
    100 @ 95   453 @ 123
    154 @ 98   645 @ 144
          -    665 @ 167
|------------||-----------|

23:15:22.396 [main] INFO  c.gettingstarted.TimedLogic - [TIMEDLOGIC] Market is closed
23:15:22.396 [main] INFO  c.sequencer.consumer.LoggingConsumer - [59] 
|----BID-----|
    134 @ 43
    145 @ 76
    300 @ 91
    200 @ 93
    100 @ 95
    154 @ 98
|----ASK-----|
    501 @ 98
   200 @ 101
  5000 @ 110
  5600 @ 119
   453 @ 123
   645 @ 144
   665 @ 167

23:15:22.396 [main] INFO  c.orderbook.OrderBook - [ORDERBOOK] Processing Mkt Data Update
23:15:22.396 [main] INFO  c.o.v.MutatingRemoveAllMarketDataOrdersVisitor - [ORDERBOOK] Removing market data order:MktData(price=43,quantity=134)
23:15:22.396 [main] INFO  c.o.v.MutatingRemoveAllMarketDataOrdersVisitor - [ORDERBOOK] Removing level:43
23:15:22.396 [main] DEBUG c.orderbook.OrderBook - [ORDERBOOK] ASK: Adding orderMktData(price=43,quantity=134)
23:15:22.396 [main] DEBUG c.orderbook.OrderBook - [ORDERBOOK] ASK: Adding orderMktData(price=76,quantity=145)
23:15:22.396 [main] DEBUG c.orderbook.OrderBook - [ORDERBOOK] ASK: Adding orderMktData(price=91,quantity=300)
23:15:22.396 [main] DEBUG c.orderbook.OrderBook - [ORDERBOOK] ASK: Adding orderMktData(price=93,quantity=200)
23:15:22.396 [main] DEBUG c.orderbook.OrderBook - [ORDERBOOK] ASK: Adding orderMktData(price=95,quantity=100)
23:15:22.396 [main] DEBUG c.orderbook.OrderBook - [ORDERBOOK] ASK: Adding orderMktData(price=98,quantity=154)
23:15:22.396 [main] INFO  c.o.v.MutatingMatchOneMarketDataOrderVisitor - [ORDERBOOK] visiting LevelOrderBookLevel(price=43,quantity=134)
23:15:22.396 [main] INFO  c.o.v.MutatingMatchOneMarketDataOrderVisitor - [ORDERBOOK] Can't match order:MktData(price=43,quantity=134)(MktData(price=98,quantity=154))
23:15:22.396 [main] INFO  c.o.v.MutatingRemoveAllMarketDataOrdersVisitor - [ORDERBOOK] Removing market data order:MktData(price=98,quantity=501)
23:15:22.396 [main] INFO  c.o.v.MutatingRemoveAllMarketDataOrdersVisitor - [ORDERBOOK] Removing level:98
23:15:22.396 [main] INFO  c.o.v.MutatingRemoveAllMarketDataOrdersVisitor - [ORDERBOOK] Removing market data order:MktData(price=101,quantity=200)
23:15:22.396 [main] INFO  c.o.v.MutatingRemoveAllMarketDataOrdersVisitor - [ORDERBOOK] Removing level:101
23:15:22.396 [main] INFO  c.o.v.MutatingRemoveAllMarketDataOrdersVisitor - [ORDERBOOK] Removing market data order:MktData(price=110,quantity=5000)
23:15:22.396 [main] INFO  c.o.v.MutatingRemoveAllMarketDataOrdersVisitor - [ORDERBOOK] Removing level:110
23:15:22.396 [main] INFO  c.o.v.MutatingRemoveAllMarketDataOrdersVisitor - [ORDERBOOK] Removing market data order:MktData(price=119,quantity=5600)
23:15:22.396 [main] INFO  c.o.v.MutatingRemoveAllMarketDataOrdersVisitor - [ORDERBOOK] Removing level:119
23:15:22.396 [main] INFO  c.o.v.MutatingRemoveAllMarketDataOrdersVisitor - [ORDERBOOK] Removing market data order:MktData(price=123,quantity=453)
23:15:22.396 [main] INFO  c.o.v.MutatingRemoveAllMarketDataOrdersVisitor - [ORDERBOOK] Removing level:123
23:15:22.396 [main] INFO  c.o.v.MutatingRemoveAllMarketDataOrdersVisitor - [ORDERBOOK] Removing market data order:MktData(price=144,quantity=645)
23:15:22.396 [main] INFO  c.o.v.MutatingRemoveAllMarketDataOrdersVisitor - [ORDERBOOK] Removing level:144
23:15:22.396 [main] INFO  c.o.v.MutatingRemoveAllMarketDataOrdersVisitor - [ORDERBOOK] Removing market data order:MktData(price=167,quantity=665)
23:15:22.396 [main] INFO  c.o.v.MutatingRemoveAllMarketDataOrdersVisitor - [ORDERBOOK] Removing level:167
23:15:22.396 [main] DEBUG c.orderbook.OrderBook - [ORDERBOOK] ASK: Adding orderMktData(price=98,quantity=501)
23:15:22.396 [main] DEBUG c.orderbook.OrderBook - [ORDERBOOK] ASK: Adding orderMktData(price=101,quantity=200)
23:15:22.396 [main] DEBUG c.orderbook.OrderBook - [ORDERBOOK] ASK: Adding orderMktData(price=110,quantity=5000)
23:15:22.396 [main] DEBUG c.orderbook.OrderBook - [ORDERBOOK] ASK: Adding orderMktData(price=119,quantity=5600)
23:15:22.396 [main] DEBUG c.orderbook.OrderBook - [ORDERBOOK] ASK: Adding orderMktData(price=123,quantity=453)
23:15:22.396 [main] DEBUG c.orderbook.OrderBook - [ORDERBOOK] ASK: Adding orderMktData(price=144,quantity=645)
23:15:22.396 [main] DEBUG c.orderbook.OrderBook - [ORDERBOOK] ASK: Adding orderMktData(price=167,quantity=665)
23:15:22.396 [main] DEBUG c.service.MarketDataService - [ALGO] BID: price:43 quantity:134
23:15:22.396 [main] DEBUG c.service.MarketDataService - [ALGO] BID: price:76 quantity:145
23:15:22.396 [main] DEBUG c.service.MarketDataService - [ALGO] BID: price:91 quantity:300
23:15:22.396 [main] DEBUG c.service.MarketDataService - [ALGO] BID: price:93 quantity:200
23:15:22.396 [main] DEBUG c.service.MarketDataService - [ALGO] BID: price:95 quantity:100
23:15:22.396 [main] DEBUG c.service.MarketDataService - [ALGO] BID: price:98 quantity:154
23:15:22.396 [main] DEBUG c.service.MarketDataService - [ALGO] ASK: price:98 quantity:501
23:15:22.396 [main] DEBUG c.service.MarketDataService - [ALGO] ASK: price:101 quantity:200
23:15:22.396 [main] DEBUG c.service.MarketDataService - [ALGO] ASK: price:110 quantity:5000
23:15:22.396 [main] DEBUG c.service.MarketDataService - [ALGO] ASK: price:119 quantity:5600
23:15:22.396 [main] DEBUG c.service.MarketDataService - [ALGO] ASK: price:123 quantity:453
23:15:22.396 [main] DEBUG c.service.MarketDataService - [ALGO] ASK: price:144 quantity:645
23:15:22.396 [main] DEBUG c.service.MarketDataService - [ALGO] ASK: price:167 quantity:665
23:15:22.396 [main] INFO  c.gettingstarted.MyAlgoLogic - [MYALGO] The state of the order book is:
|----BID-----||----ASK----|
    134 @ 43    501 @ 98
    145 @ 76   200 @ 101
    300 @ 91  5000 @ 110
    200 @ 93  5600 @ 119
    100 @ 95   453 @ 123
    154 @ 98   645 @ 144
          -    665 @ 167
|------------||-----------|

23:15:22.396 [main] INFO  c.gettingstarted.MyAlgoLogic - [MYALGO] Algo Sees Book as: 
|----BID-----||----ASK----|
    134 @ 43    501 @ 98
    145 @ 76   200 @ 101
    300 @ 91  5000 @ 110
    200 @ 93  5600 @ 119
    100 @ 95   453 @ 123
    154 @ 98   645 @ 144
          -    665 @ 167
|------------||-----------|

23:15:22.396 [main] INFO  c.gettingstarted.TimedLogic - [TIMEDLOGIC] Market is closed
23:15:22.396 [main] INFO  c.sequencer.consumer.LoggingConsumer - [60] 
|----BID-----|
    134 @ 43
    145 @ 76
    300 @ 91
    200 @ 93
    100 @ 95
    154 @ 98
|----ASK-----|
    501 @ 98
   200 @ 101
  5000 @ 110
  5600 @ 119
   453 @ 123
   645 @ 144
   665 @ 167

23:15:22.396 [main] INFO  c.orderbook.OrderBook - [ORDERBOOK] Processing Mkt Data Update
23:15:22.396 [main] INFO  c.o.v.MutatingRemoveAllMarketDataOrdersVisitor - [ORDERBOOK] Removing market data order:MktData(price=43,quantity=134)
23:15:22.396 [main] INFO  c.o.v.MutatingRemoveAllMarketDataOrdersVisitor - [ORDERBOOK] Removing level:43
23:15:22.396 [main] DEBUG c.orderbook.OrderBook - [ORDERBOOK] ASK: Adding orderMktData(price=43,quantity=134)
23:15:22.396 [main] DEBUG c.orderbook.OrderBook - [ORDERBOOK] ASK: Adding orderMktData(price=76,quantity=145)
23:15:22.396 [main] DEBUG c.orderbook.OrderBook - [ORDERBOOK] ASK: Adding orderMktData(price=91,quantity=300)
23:15:22.396 [main] DEBUG c.orderbook.OrderBook - [ORDERBOOK] ASK: Adding orderMktData(price=93,quantity=200)
23:15:22.396 [main] DEBUG c.orderbook.OrderBook - [ORDERBOOK] ASK: Adding orderMktData(price=95,quantity=100)
23:15:22.396 [main] DEBUG c.orderbook.OrderBook - [ORDERBOOK] ASK: Adding orderMktData(price=98,quantity=154)
23:15:22.396 [main] INFO  c.o.v.MutatingMatchOneMarketDataOrderVisitor - [ORDERBOOK] visiting LevelOrderBookLevel(price=43,quantity=134)
23:15:22.396 [main] INFO  c.o.v.MutatingMatchOneMarketDataOrderVisitor - [ORDERBOOK] Can't match order:MktData(price=43,quantity=134)(MktData(price=98,quantity=154))
23:15:22.396 [main] INFO  c.o.v.MutatingRemoveAllMarketDataOrdersVisitor - [ORDERBOOK] Removing market data order:MktData(price=98,quantity=501)
23:15:22.396 [main] INFO  c.o.v.MutatingRemoveAllMarketDataOrdersVisitor - [ORDERBOOK] Removing level:98
23:15:22.396 [main] INFO  c.o.v.MutatingRemoveAllMarketDataOrdersVisitor - [ORDERBOOK] Removing market data order:MktData(price=101,quantity=200)
23:15:22.396 [main] INFO  c.o.v.MutatingRemoveAllMarketDataOrdersVisitor - [ORDERBOOK] Removing level:101
23:15:22.396 [main] INFO  c.o.v.MutatingRemoveAllMarketDataOrdersVisitor - [ORDERBOOK] Removing market data order:MktData(price=110,quantity=5000)
23:15:22.396 [main] INFO  c.o.v.MutatingRemoveAllMarketDataOrdersVisitor - [ORDERBOOK] Removing level:110
23:15:22.396 [main] INFO  c.o.v.MutatingRemoveAllMarketDataOrdersVisitor - [ORDERBOOK] Removing market data order:MktData(price=119,quantity=5600)
23:15:22.396 [main] INFO  c.o.v.MutatingRemoveAllMarketDataOrdersVisitor - [ORDERBOOK] Removing level:119
23:15:22.396 [main] INFO  c.o.v.MutatingRemoveAllMarketDataOrdersVisitor - [ORDERBOOK] Removing market data order:MktData(price=123,quantity=453)
23:15:22.396 [main] INFO  c.o.v.MutatingRemoveAllMarketDataOrdersVisitor - [ORDERBOOK] Removing level:123
23:15:22.396 [main] INFO  c.o.v.MutatingRemoveAllMarketDataOrdersVisitor - [ORDERBOOK] Removing market data order:MktData(price=144,quantity=645)
23:15:22.396 [main] INFO  c.o.v.MutatingRemoveAllMarketDataOrdersVisitor - [ORDERBOOK] Removing level:144
23:15:22.396 [main] INFO  c.o.v.MutatingRemoveAllMarketDataOrdersVisitor - [ORDERBOOK] Removing market data order:MktData(price=167,quantity=665)
23:15:22.396 [main] INFO  c.o.v.MutatingRemoveAllMarketDataOrdersVisitor - [ORDERBOOK] Removing level:167
23:15:22.396 [main] DEBUG c.orderbook.OrderBook - [ORDERBOOK] ASK: Adding orderMktData(price=98,quantity=501)
23:15:22.396 [main] DEBUG c.orderbook.OrderBook - [ORDERBOOK] ASK: Adding orderMktData(price=101,quantity=200)
23:15:22.396 [main] DEBUG c.orderbook.OrderBook - [ORDERBOOK] ASK: Adding orderMktData(price=110,quantity=5000)
23:15:22.396 [main] DEBUG c.orderbook.OrderBook - [ORDERBOOK] ASK: Adding orderMktData(price=119,quantity=5600)
23:15:22.396 [main] DEBUG c.orderbook.OrderBook - [ORDERBOOK] ASK: Adding orderMktData(price=123,quantity=453)
23:15:22.396 [main] DEBUG c.orderbook.OrderBook - [ORDERBOOK] ASK: Adding orderMktData(price=144,quantity=645)
23:15:22.396 [main] DEBUG c.orderbook.OrderBook - [ORDERBOOK] ASK: Adding orderMktData(price=167,quantity=665)
23:15:22.397 [main] DEBUG c.service.MarketDataService - [ALGO] BID: price:43 quantity:134
23:15:22.397 [main] DEBUG c.service.MarketDataService - [ALGO] BID: price:76 quantity:145
23:15:22.397 [main] DEBUG c.service.MarketDataService - [ALGO] BID: price:91 quantity:300
23:15:22.397 [main] DEBUG c.service.MarketDataService - [ALGO] BID: price:93 quantity:200
23:15:22.397 [main] DEBUG c.service.MarketDataService - [ALGO] BID: price:95 quantity:100
23:15:22.397 [main] DEBUG c.service.MarketDataService - [ALGO] BID: price:98 quantity:154
23:15:22.397 [main] DEBUG c.service.MarketDataService - [ALGO] ASK: price:98 quantity:501
23:15:22.397 [main] DEBUG c.service.MarketDataService - [ALGO] ASK: price:101 quantity:200
23:15:22.397 [main] DEBUG c.service.MarketDataService - [ALGO] ASK: price:110 quantity:5000
23:15:22.397 [main] DEBUG c.service.MarketDataService - [ALGO] ASK: price:119 quantity:5600
23:15:22.397 [main] DEBUG c.service.MarketDataService - [ALGO] ASK: price:123 quantity:453
23:15:22.397 [main] DEBUG c.service.MarketDataService - [ALGO] ASK: price:144 quantity:645
23:15:22.397 [main] DEBUG c.service.MarketDataService - [ALGO] ASK: price:167 quantity:665
23:15:22.397 [main] INFO  c.gettingstarted.MyAlgoLogic - [MYALGO] The state of the order book is:
|----BID-----||----ASK----|
    134 @ 43    501 @ 98
    145 @ 76   200 @ 101
    300 @ 91  5000 @ 110
    200 @ 93  5600 @ 119
    100 @ 95   453 @ 123
    154 @ 98   645 @ 144
          -    665 @ 167
|------------||-----------|

23:15:22.397 [main] INFO  c.gettingstarted.MyAlgoLogic - [MYALGO] Algo Sees Book as: 
|----BID-----||----ASK----|
    134 @ 43    501 @ 98
    145 @ 76   200 @ 101
    300 @ 91  5000 @ 110
    200 @ 93  5600 @ 119
    100 @ 95   453 @ 123
    154 @ 98   645 @ 144
          -    665 @ 167
|------------||-----------|

23:15:22.397 [main] INFO  c.gettingstarted.TimedLogic - [TIMEDLOGIC] Market is closed
23:15:22.397 [main] INFO  c.sequencer.consumer.LoggingConsumer - [61] 
|----BID-----|
    134 @ 43
    145 @ 76
    300 @ 91
    200 @ 93
    100 @ 95
    154 @ 98
|----ASK-----|
    501 @ 98
   200 @ 101
  5000 @ 110
  5600 @ 119
   453 @ 123
   645 @ 144
   665 @ 167

23:15:22.397 [main] INFO  c.orderbook.OrderBook - [ORDERBOOK] Processing Mkt Data Update
23:15:22.397 [main] INFO  c.o.v.MutatingRemoveAllMarketDataOrdersVisitor - [ORDERBOOK] Removing market data order:MktData(price=43,quantity=134)
23:15:22.397 [main] INFO  c.o.v.MutatingRemoveAllMarketDataOrdersVisitor - [ORDERBOOK] Removing level:43
23:15:22.397 [main] DEBUG c.orderbook.OrderBook - [ORDERBOOK] ASK: Adding orderMktData(price=43,quantity=134)
23:15:22.397 [main] DEBUG c.orderbook.OrderBook - [ORDERBOOK] ASK: Adding orderMktData(price=76,quantity=145)
23:15:22.397 [main] DEBUG c.orderbook.OrderBook - [ORDERBOOK] ASK: Adding orderMktData(price=91,quantity=300)
23:15:22.397 [main] DEBUG c.orderbook.OrderBook - [ORDERBOOK] ASK: Adding orderMktData(price=93,quantity=200)
23:15:22.397 [main] DEBUG c.orderbook.OrderBook - [ORDERBOOK] ASK: Adding orderMktData(price=95,quantity=100)
23:15:22.397 [main] DEBUG c.orderbook.OrderBook - [ORDERBOOK] ASK: Adding orderMktData(price=98,quantity=154)
23:15:22.397 [main] INFO  c.o.v.MutatingMatchOneMarketDataOrderVisitor - [ORDERBOOK] visiting LevelOrderBookLevel(price=43,quantity=134)
23:15:22.397 [main] INFO  c.o.v.MutatingMatchOneMarketDataOrderVisitor - [ORDERBOOK] Can't match order:MktData(price=43,quantity=134)(MktData(price=98,quantity=154))
23:15:22.397 [main] INFO  c.o.v.MutatingRemoveAllMarketDataOrdersVisitor - [ORDERBOOK] Removing market data order:MktData(price=98,quantity=501)
23:15:22.397 [main] INFO  c.o.v.MutatingRemoveAllMarketDataOrdersVisitor - [ORDERBOOK] Removing level:98
23:15:22.397 [main] INFO  c.o.v.MutatingRemoveAllMarketDataOrdersVisitor - [ORDERBOOK] Removing market data order:MktData(price=101,quantity=200)
23:15:22.397 [main] INFO  c.o.v.MutatingRemoveAllMarketDataOrdersVisitor - [ORDERBOOK] Removing level:101
23:15:22.397 [main] INFO  c.o.v.MutatingRemoveAllMarketDataOrdersVisitor - [ORDERBOOK] Removing market data order:MktData(price=110,quantity=5000)
23:15:22.397 [main] INFO  c.o.v.MutatingRemoveAllMarketDataOrdersVisitor - [ORDERBOOK] Removing level:110
23:15:22.397 [main] INFO  c.o.v.MutatingRemoveAllMarketDataOrdersVisitor - [ORDERBOOK] Removing market data order:MktData(price=119,quantity=5600)
23:15:22.397 [main] INFO  c.o.v.MutatingRemoveAllMarketDataOrdersVisitor - [ORDERBOOK] Removing level:119
23:15:22.397 [main] INFO  c.o.v.MutatingRemoveAllMarketDataOrdersVisitor - [ORDERBOOK] Removing market data order:MktData(price=123,quantity=453)
23:15:22.397 [main] INFO  c.o.v.MutatingRemoveAllMarketDataOrdersVisitor - [ORDERBOOK] Removing level:123
23:15:22.397 [main] INFO  c.o.v.MutatingRemoveAllMarketDataOrdersVisitor - [ORDERBOOK] Removing market data order:MktData(price=144,quantity=645)
23:15:22.397 [main] INFO  c.o.v.MutatingRemoveAllMarketDataOrdersVisitor - [ORDERBOOK] Removing level:144
23:15:22.397 [main] INFO  c.o.v.MutatingRemoveAllMarketDataOrdersVisitor - [ORDERBOOK] Removing market data order:MktData(price=167,quantity=665)
23:15:22.397 [main] INFO  c.o.v.MutatingRemoveAllMarketDataOrdersVisitor - [ORDERBOOK] Removing level:167
23:15:22.397 [main] DEBUG c.orderbook.OrderBook - [ORDERBOOK] ASK: Adding orderMktData(price=98,quantity=501)
23:15:22.397 [main] DEBUG c.orderbook.OrderBook - [ORDERBOOK] ASK: Adding orderMktData(price=101,quantity=200)
23:15:22.398 [main] DEBUG c.orderbook.OrderBook - [ORDERBOOK] ASK: Adding orderMktData(price=110,quantity=5000)
23:15:22.398 [main] DEBUG c.orderbook.OrderBook - [ORDERBOOK] ASK: Adding orderMktData(price=119,quantity=5600)
23:15:22.398 [main] DEBUG c.orderbook.OrderBook - [ORDERBOOK] ASK: Adding orderMktData(price=123,quantity=453)
23:15:22.398 [main] DEBUG c.orderbook.OrderBook - [ORDERBOOK] ASK: Adding orderMktData(price=144,quantity=645)
23:15:22.398 [main] DEBUG c.orderbook.OrderBook - [ORDERBOOK] ASK: Adding orderMktData(price=167,quantity=665)
23:15:22.399 [main] DEBUG c.service.MarketDataService - [ALGO] BID: price:43 quantity:134
23:15:22.399 [main] DEBUG c.service.MarketDataService - [ALGO] BID: price:76 quantity:145
23:15:22.399 [main] DEBUG c.service.MarketDataService - [ALGO] BID: price:91 quantity:300
23:15:22.399 [main] DEBUG c.service.MarketDataService - [ALGO] BID: price:93 quantity:200
23:15:22.399 [main] DEBUG c.service.MarketDataService - [ALGO] BID: price:95 quantity:100
23:15:22.399 [main] DEBUG c.service.MarketDataService - [ALGO] BID: price:98 quantity:154
23:15:22.399 [main] DEBUG c.service.MarketDataService - [ALGO] ASK: price:98 quantity:501
23:15:22.399 [main] DEBUG c.service.MarketDataService - [ALGO] ASK: price:101 quantity:200
23:15:22.399 [main] DEBUG c.service.MarketDataService - [ALGO] ASK: price:110 quantity:5000
23:15:22.399 [main] DEBUG c.service.MarketDataService - [ALGO] ASK: price:119 quantity:5600
23:15:22.399 [main] DEBUG c.service.MarketDataService - [ALGO] ASK: price:123 quantity:453
23:15:22.399 [main] DEBUG c.service.MarketDataService - [ALGO] ASK: price:144 quantity:645
23:15:22.399 [main] DEBUG c.service.MarketDataService - [ALGO] ASK: price:167 quantity:665
23:15:22.399 [main] INFO  c.gettingstarted.MyAlgoLogic - [MYALGO] The state of the order book is:
|----BID-----||----ASK----|
    134 @ 43    501 @ 98
    145 @ 76   200 @ 101
    300 @ 91  5000 @ 110
    200 @ 93  5600 @ 119
    100 @ 95   453 @ 123
    154 @ 98   645 @ 144
          -    665 @ 167
|------------||-----------|

23:15:22.399 [main] INFO  c.gettingstarted.MyAlgoLogic - [MYALGO] Algo Sees Book as: 
|----BID-----||----ASK----|
    134 @ 43    501 @ 98
    145 @ 76   200 @ 101
    300 @ 91  5000 @ 110
    200 @ 93  5600 @ 119
    100 @ 95   453 @ 123
    154 @ 98   645 @ 144
          -    665 @ 167
|------------||-----------|

23:15:22.399 [main] INFO  c.gettingstarted.TimedLogic - [TIMEDLOGIC] Market is closed
23:15:22.399 [main] INFO  c.sequencer.consumer.LoggingConsumer - [62] 
|----BID-----|
    134 @ 43
    145 @ 76
    300 @ 91
    200 @ 93
    100 @ 95
    154 @ 98
|----ASK-----|
    501 @ 98
   200 @ 101
  5000 @ 110
  5600 @ 119
   453 @ 123
   645 @ 144
   665 @ 167

23:15:22.399 [main] INFO  c.orderbook.OrderBook - [ORDERBOOK] Processing Mkt Data Update
23:15:22.399 [main] INFO  c.o.v.MutatingRemoveAllMarketDataOrdersVisitor - [ORDERBOOK] Removing market data order:MktData(price=43,quantity=134)
23:15:22.399 [main] INFO  c.o.v.MutatingRemoveAllMarketDataOrdersVisitor - [ORDERBOOK] Removing level:43
23:15:22.399 [main] DEBUG c.orderbook.OrderBook - [ORDERBOOK] ASK: Adding orderMktData(price=43,quantity=134)
23:15:22.399 [main] DEBUG c.orderbook.OrderBook - [ORDERBOOK] ASK: Adding orderMktData(price=76,quantity=145)
23:15:22.399 [main] DEBUG c.orderbook.OrderBook - [ORDERBOOK] ASK: Adding orderMktData(price=91,quantity=300)
23:15:22.399 [main] DEBUG c.orderbook.OrderBook - [ORDERBOOK] ASK: Adding orderMktData(price=93,quantity=200)
23:15:22.399 [main] DEBUG c.orderbook.OrderBook - [ORDERBOOK] ASK: Adding orderMktData(price=95,quantity=100)
23:15:22.399 [main] DEBUG c.orderbook.OrderBook - [ORDERBOOK] ASK: Adding orderMktData(price=98,quantity=154)
23:15:22.399 [main] INFO  c.o.v.MutatingMatchOneMarketDataOrderVisitor - [ORDERBOOK] visiting LevelOrderBookLevel(price=43,quantity=134)
23:15:22.399 [main] INFO  c.o.v.MutatingMatchOneMarketDataOrderVisitor - [ORDERBOOK] Can't match order:MktData(price=43,quantity=134)(MktData(price=98,quantity=154))
23:15:22.399 [main] INFO  c.o.v.MutatingRemoveAllMarketDataOrdersVisitor - [ORDERBOOK] Removing market data order:MktData(price=98,quantity=501)
23:15:22.399 [main] INFO  c.o.v.MutatingRemoveAllMarketDataOrdersVisitor - [ORDERBOOK] Removing level:98
23:15:22.399 [main] INFO  c.o.v.MutatingRemoveAllMarketDataOrdersVisitor - [ORDERBOOK] Removing market data order:MktData(price=101,quantity=200)
23:15:22.399 [main] INFO  c.o.v.MutatingRemoveAllMarketDataOrdersVisitor - [ORDERBOOK] Removing level:101
23:15:22.399 [main] INFO  c.o.v.MutatingRemoveAllMarketDataOrdersVisitor - [ORDERBOOK] Removing market data order:MktData(price=110,quantity=5000)
23:15:22.399 [main] INFO  c.o.v.MutatingRemoveAllMarketDataOrdersVisitor - [ORDERBOOK] Removing level:110
23:15:22.399 [main] INFO  c.o.v.MutatingRemoveAllMarketDataOrdersVisitor - [ORDERBOOK] Removing market data order:MktData(price=119,quantity=5600)
23:15:22.399 [main] INFO  c.o.v.MutatingRemoveAllMarketDataOrdersVisitor - [ORDERBOOK] Removing level:119
23:15:22.399 [main] INFO  c.o.v.MutatingRemoveAllMarketDataOrdersVisitor - [ORDERBOOK] Removing market data order:MktData(price=123,quantity=453)
23:15:22.399 [main] INFO  c.o.v.MutatingRemoveAllMarketDataOrdersVisitor - [ORDERBOOK] Removing level:123
23:15:22.399 [main] INFO  c.o.v.MutatingRemoveAllMarketDataOrdersVisitor - [ORDERBOOK] Removing market data order:MktData(price=144,quantity=645)
23:15:22.399 [main] INFO  c.o.v.MutatingRemoveAllMarketDataOrdersVisitor - [ORDERBOOK] Removing level:144
23:15:22.399 [main] INFO  c.o.v.MutatingRemoveAllMarketDataOrdersVisitor - [ORDERBOOK] Removing market data order:MktData(price=167,quantity=665)
23:15:22.399 [main] INFO  c.o.v.MutatingRemoveAllMarketDataOrdersVisitor - [ORDERBOOK] Removing level:167
23:15:22.399 [main] DEBUG c.orderbook.OrderBook - [ORDERBOOK] ASK: Adding orderMktData(price=98,quantity=501)
23:15:22.399 [main] DEBUG c.orderbook.OrderBook - [ORDERBOOK] ASK: Adding orderMktData(price=101,quantity=200)
23:15:22.399 [main] DEBUG c.orderbook.OrderBook - [ORDERBOOK] ASK: Adding orderMktData(price=110,quantity=5000)
23:15:22.399 [main] DEBUG c.orderbook.OrderBook - [ORDERBOOK] ASK: Adding orderMktData(price=119,quantity=5600)
23:15:22.399 [main] DEBUG c.orderbook.OrderBook - [ORDERBOOK] ASK: Adding orderMktData(price=123,quantity=453)
23:15:22.399 [main] DEBUG c.orderbook.OrderBook - [ORDERBOOK] ASK: Adding orderMktData(price=144,quantity=645)
23:15:22.399 [main] DEBUG c.orderbook.OrderBook - [ORDERBOOK] ASK: Adding orderMktData(price=167,quantity=665)
23:15:22.399 [main] DEBUG c.service.MarketDataService - [ALGO] BID: price:43 quantity:134
23:15:22.399 [main] DEBUG c.service.MarketDataService - [ALGO] BID: price:76 quantity:145
23:15:22.399 [main] DEBUG c.service.MarketDataService - [ALGO] BID: price:91 quantity:300
23:15:22.399 [main] DEBUG c.service.MarketDataService - [ALGO] BID: price:93 quantity:200
23:15:22.399 [main] DEBUG c.service.MarketDataService - [ALGO] BID: price:95 quantity:100
23:15:22.399 [main] DEBUG c.service.MarketDataService - [ALGO] BID: price:98 quantity:154
23:15:22.399 [main] DEBUG c.service.MarketDataService - [ALGO] ASK: price:98 quantity:501
23:15:22.399 [main] DEBUG c.service.MarketDataService - [ALGO] ASK: price:101 quantity:200
23:15:22.399 [main] DEBUG c.service.MarketDataService - [ALGO] ASK: price:110 quantity:5000
23:15:22.399 [main] DEBUG c.service.MarketDataService - [ALGO] ASK: price:119 quantity:5600
23:15:22.399 [main] DEBUG c.service.MarketDataService - [ALGO] ASK: price:123 quantity:453
23:15:22.399 [main] DEBUG c.service.MarketDataService - [ALGO] ASK: price:144 quantity:645
23:15:22.399 [main] DEBUG c.service.MarketDataService - [ALGO] ASK: price:167 quantity:665
23:15:22.399 [main] INFO  c.gettingstarted.MyAlgoLogic - [MYALGO] The state of the order book is:
|----BID-----||----ASK----|
    134 @ 43    501 @ 98
    145 @ 76   200 @ 101
    300 @ 91  5000 @ 110
    200 @ 93  5600 @ 119
    100 @ 95   453 @ 123
    154 @ 98   645 @ 144
          -    665 @ 167
|------------||-----------|

23:15:22.399 [main] INFO  c.gettingstarted.MyAlgoLogic - [MYALGO] Algo Sees Book as: 
|----BID-----||----ASK----|
    134 @ 43    501 @ 98
    145 @ 76   200 @ 101
    300 @ 91  5000 @ 110
    200 @ 93  5600 @ 119
    100 @ 95   453 @ 123
    154 @ 98   645 @ 144
          -    665 @ 167
|------------||-----------|

23:15:22.399 [main] INFO  c.gettingstarted.TimedLogic - [TIMEDLOGIC] Market is closed
23:15:22.400 [main] INFO  c.sequencer.consumer.LoggingConsumer - [63] 
|----BID-----|
    134 @ 43
    145 @ 76
    300 @ 91
    200 @ 93
    100 @ 95
    154 @ 98
|----ASK-----|
    501 @ 98
   200 @ 101
  5000 @ 110
  5600 @ 119
   453 @ 123
   645 @ 144
   665 @ 167

23:15:22.400 [main] INFO  c.orderbook.OrderBook - [ORDERBOOK] Processing Mkt Data Update
23:15:22.400 [main] INFO  c.o.v.MutatingRemoveAllMarketDataOrdersVisitor - [ORDERBOOK] Removing market data order:MktData(price=43,quantity=134)
23:15:22.400 [main] INFO  c.o.v.MutatingRemoveAllMarketDataOrdersVisitor - [ORDERBOOK] Removing level:43
23:15:22.400 [main] DEBUG c.orderbook.OrderBook - [ORDERBOOK] ASK: Adding orderMktData(price=43,quantity=134)
23:15:22.400 [main] DEBUG c.orderbook.OrderBook - [ORDERBOOK] ASK: Adding orderMktData(price=76,quantity=145)
23:15:22.400 [main] DEBUG c.orderbook.OrderBook - [ORDERBOOK] ASK: Adding orderMktData(price=91,quantity=300)
23:15:22.400 [main] DEBUG c.orderbook.OrderBook - [ORDERBOOK] ASK: Adding orderMktData(price=93,quantity=200)
23:15:22.400 [main] DEBUG c.orderbook.OrderBook - [ORDERBOOK] ASK: Adding orderMktData(price=95,quantity=100)
23:15:22.400 [main] DEBUG c.orderbook.OrderBook - [ORDERBOOK] ASK: Adding orderMktData(price=98,quantity=154)
23:15:22.400 [main] INFO  c.o.v.MutatingMatchOneMarketDataOrderVisitor - [ORDERBOOK] visiting LevelOrderBookLevel(price=43,quantity=134)
23:15:22.400 [main] INFO  c.o.v.MutatingMatchOneMarketDataOrderVisitor - [ORDERBOOK] Can't match order:MktData(price=43,quantity=134)(MktData(price=98,quantity=154))
23:15:22.400 [main] INFO  c.o.v.MutatingRemoveAllMarketDataOrdersVisitor - [ORDERBOOK] Removing market data order:MktData(price=98,quantity=501)
23:15:22.400 [main] INFO  c.o.v.MutatingRemoveAllMarketDataOrdersVisitor - [ORDERBOOK] Removing level:98
23:15:22.400 [main] INFO  c.o.v.MutatingRemoveAllMarketDataOrdersVisitor - [ORDERBOOK] Removing market data order:MktData(price=101,quantity=200)
23:15:22.400 [main] INFO  c.o.v.MutatingRemoveAllMarketDataOrdersVisitor - [ORDERBOOK] Removing level:101
23:15:22.400 [main] INFO  c.o.v.MutatingRemoveAllMarketDataOrdersVisitor - [ORDERBOOK] Removing market data order:MktData(price=110,quantity=5000)
23:15:22.400 [main] INFO  c.o.v.MutatingRemoveAllMarketDataOrdersVisitor - [ORDERBOOK] Removing level:110
23:15:22.400 [main] INFO  c.o.v.MutatingRemoveAllMarketDataOrdersVisitor - [ORDERBOOK] Removing market data order:MktData(price=119,quantity=5600)
23:15:22.400 [main] INFO  c.o.v.MutatingRemoveAllMarketDataOrdersVisitor - [ORDERBOOK] Removing level:119
23:15:22.400 [main] INFO  c.o.v.MutatingRemoveAllMarketDataOrdersVisitor - [ORDERBOOK] Removing market data order:MktData(price=123,quantity=453)
23:15:22.400 [main] INFO  c.o.v.MutatingRemoveAllMarketDataOrdersVisitor - [ORDERBOOK] Removing level:123
23:15:22.400 [main] INFO  c.o.v.MutatingRemoveAllMarketDataOrdersVisitor - [ORDERBOOK] Removing market data order:MktData(price=144,quantity=645)
23:15:22.400 [main] INFO  c.o.v.MutatingRemoveAllMarketDataOrdersVisitor - [ORDERBOOK] Removing level:144
23:15:22.400 [main] INFO  c.o.v.MutatingRemoveAllMarketDataOrdersVisitor - [ORDERBOOK] Removing market data order:MktData(price=167,quantity=665)
23:15:22.400 [main] INFO  c.o.v.MutatingRemoveAllMarketDataOrdersVisitor - [ORDERBOOK] Removing level:167
23:15:22.400 [main] DEBUG c.orderbook.OrderBook - [ORDERBOOK] ASK: Adding orderMktData(price=98,quantity=501)
23:15:22.400 [main] DEBUG c.orderbook.OrderBook - [ORDERBOOK] ASK: Adding orderMktData(price=101,quantity=200)
23:15:22.400 [main] DEBUG c.orderbook.OrderBook - [ORDERBOOK] ASK: Adding orderMktData(price=110,quantity=5000)
23:15:22.400 [main] DEBUG c.orderbook.OrderBook - [ORDERBOOK] ASK: Adding orderMktData(price=119,quantity=5600)
23:15:22.400 [main] DEBUG c.orderbook.OrderBook - [ORDERBOOK] ASK: Adding orderMktData(price=123,quantity=453)
23:15:22.400 [main] DEBUG c.orderbook.OrderBook - [ORDERBOOK] ASK: Adding orderMktData(price=144,quantity=645)
23:15:22.400 [main] DEBUG c.orderbook.OrderBook - [ORDERBOOK] ASK: Adding orderMktData(price=167,quantity=665)
23:15:22.400 [main] DEBUG c.service.MarketDataService - [ALGO] BID: price:43 quantity:134
23:15:22.400 [main] DEBUG c.service.MarketDataService - [ALGO] BID: price:76 quantity:145
23:15:22.400 [main] DEBUG c.service.MarketDataService - [ALGO] BID: price:91 quantity:300
23:15:22.400 [main] DEBUG c.service.MarketDataService - [ALGO] BID: price:93 quantity:200
23:15:22.400 [main] DEBUG c.service.MarketDataService - [ALGO] BID: price:95 quantity:100
23:15:22.400 [main] DEBUG c.service.MarketDataService - [ALGO] BID: price:98 quantity:154
23:15:22.400 [main] DEBUG c.service.MarketDataService - [ALGO] ASK: price:98 quantity:501
23:15:22.400 [main] DEBUG c.service.MarketDataService - [ALGO] ASK: price:101 quantity:200
23:15:22.400 [main] DEBUG c.service.MarketDataService - [ALGO] ASK: price:110 quantity:5000
23:15:22.400 [main] DEBUG c.service.MarketDataService - [ALGO] ASK: price:119 quantity:5600
23:15:22.400 [main] DEBUG c.service.MarketDataService - [ALGO] ASK: price:123 quantity:453
23:15:22.400 [main] DEBUG c.service.MarketDataService - [ALGO] ASK: price:144 quantity:645
23:15:22.400 [main] DEBUG c.service.MarketDataService - [ALGO] ASK: price:167 quantity:665
23:15:22.400 [main] INFO  c.gettingstarted.MyAlgoLogic - [MYALGO] The state of the order book is:
|----BID-----||----ASK----|
    134 @ 43    501 @ 98
    145 @ 76   200 @ 101
    300 @ 91  5000 @ 110
    200 @ 93  5600 @ 119
    100 @ 95   453 @ 123
    154 @ 98   645 @ 144
          -    665 @ 167
|------------||-----------|

23:15:22.400 [main] INFO  c.gettingstarted.MyAlgoLogic - [MYALGO] Algo Sees Book as: 
|----BID-----||----ASK----|
    134 @ 43    501 @ 98
    145 @ 76   200 @ 101
    300 @ 91  5000 @ 110
    200 @ 93  5600 @ 119
    100 @ 95   453 @ 123
    154 @ 98   645 @ 144
          -    665 @ 167
|------------||-----------|

23:15:22.400 [main] INFO  c.gettingstarted.TimedLogic - [TIMEDLOGIC] Market is closed
23:15:22.400 [main] INFO  c.sequencer.consumer.LoggingConsumer - [64] 
|----BID-----|
    134 @ 43
    145 @ 76
    300 @ 91
    200 @ 93
    100 @ 95
    154 @ 98
|----ASK-----|
    501 @ 98
   200 @ 101
  5000 @ 110
  5600 @ 119
   453 @ 123
   645 @ 144
   665 @ 167

23:15:22.400 [main] INFO  c.orderbook.OrderBook - [ORDERBOOK] Processing Mkt Data Update
23:15:22.400 [main] INFO  c.o.v.MutatingRemoveAllMarketDataOrdersVisitor - [ORDERBOOK] Removing market data order:MktData(price=43,quantity=134)
23:15:22.400 [main] INFO  c.o.v.MutatingRemoveAllMarketDataOrdersVisitor - [ORDERBOOK] Removing level:43
23:15:22.400 [main] DEBUG c.orderbook.OrderBook - [ORDERBOOK] ASK: Adding orderMktData(price=43,quantity=134)
23:15:22.400 [main] DEBUG c.orderbook.OrderBook - [ORDERBOOK] ASK: Adding orderMktData(price=76,quantity=145)
23:15:22.400 [main] DEBUG c.orderbook.OrderBook - [ORDERBOOK] ASK: Adding orderMktData(price=91,quantity=300)
23:15:22.400 [main] DEBUG c.orderbook.OrderBook - [ORDERBOOK] ASK: Adding orderMktData(price=93,quantity=200)
23:15:22.400 [main] DEBUG c.orderbook.OrderBook - [ORDERBOOK] ASK: Adding orderMktData(price=95,quantity=100)
23:15:22.400 [main] DEBUG c.orderbook.OrderBook - [ORDERBOOK] ASK: Adding orderMktData(price=98,quantity=154)
23:15:22.400 [main] INFO  c.o.v.MutatingMatchOneMarketDataOrderVisitor - [ORDERBOOK] visiting LevelOrderBookLevel(price=43,quantity=134)
23:15:22.400 [main] INFO  c.o.v.MutatingMatchOneMarketDataOrderVisitor - [ORDERBOOK] Can't match order:MktData(price=43,quantity=134)(MktData(price=98,quantity=154))
23:15:22.400 [main] INFO  c.o.v.MutatingRemoveAllMarketDataOrdersVisitor - [ORDERBOOK] Removing market data order:MktData(price=98,quantity=501)
23:15:22.400 [main] INFO  c.o.v.MutatingRemoveAllMarketDataOrdersVisitor - [ORDERBOOK] Removing level:98
23:15:22.400 [main] INFO  c.o.v.MutatingRemoveAllMarketDataOrdersVisitor - [ORDERBOOK] Removing market data order:MktData(price=101,quantity=200)
23:15:22.400 [main] INFO  c.o.v.MutatingRemoveAllMarketDataOrdersVisitor - [ORDERBOOK] Removing level:101
23:15:22.400 [main] INFO  c.o.v.MutatingRemoveAllMarketDataOrdersVisitor - [ORDERBOOK] Removing market data order:MktData(price=110,quantity=5000)
23:15:22.400 [main] INFO  c.o.v.MutatingRemoveAllMarketDataOrdersVisitor - [ORDERBOOK] Removing level:110
23:15:22.400 [main] INFO  c.o.v.MutatingRemoveAllMarketDataOrdersVisitor - [ORDERBOOK] Removing market data order:MktData(price=119,quantity=5600)
23:15:22.400 [main] INFO  c.o.v.MutatingRemoveAllMarketDataOrdersVisitor - [ORDERBOOK] Removing level:119
23:15:22.400 [main] INFO  c.o.v.MutatingRemoveAllMarketDataOrdersVisitor - [ORDERBOOK] Removing market data order:MktData(price=123,quantity=453)
23:15:22.400 [main] INFO  c.o.v.MutatingRemoveAllMarketDataOrdersVisitor - [ORDERBOOK] Removing level:123
23:15:22.400 [main] INFO  c.o.v.MutatingRemoveAllMarketDataOrdersVisitor - [ORDERBOOK] Removing market data order:MktData(price=144,quantity=645)
23:15:22.400 [main] INFO  c.o.v.MutatingRemoveAllMarketDataOrdersVisitor - [ORDERBOOK] Removing level:144
23:15:22.401 [main] INFO  c.o.v.MutatingRemoveAllMarketDataOrdersVisitor - [ORDERBOOK] Removing market data order:MktData(price=167,quantity=665)
23:15:22.401 [main] INFO  c.o.v.MutatingRemoveAllMarketDataOrdersVisitor - [ORDERBOOK] Removing level:167
23:15:22.401 [main] DEBUG c.orderbook.OrderBook - [ORDERBOOK] ASK: Adding orderMktData(price=98,quantity=501)
23:15:22.401 [main] DEBUG c.orderbook.OrderBook - [ORDERBOOK] ASK: Adding orderMktData(price=101,quantity=200)
23:15:22.401 [main] DEBUG c.orderbook.OrderBook - [ORDERBOOK] ASK: Adding orderMktData(price=110,quantity=5000)
23:15:22.401 [main] DEBUG c.orderbook.OrderBook - [ORDERBOOK] ASK: Adding orderMktData(price=119,quantity=5600)
23:15:22.401 [main] DEBUG c.orderbook.OrderBook - [ORDERBOOK] ASK: Adding orderMktData(price=123,quantity=453)
23:15:22.401 [main] DEBUG c.orderbook.OrderBook - [ORDERBOOK] ASK: Adding orderMktData(price=144,quantity=645)
23:15:22.401 [main] DEBUG c.orderbook.OrderBook - [ORDERBOOK] ASK: Adding orderMktData(price=167,quantity=665)
23:15:22.401 [main] DEBUG c.service.MarketDataService - [ALGO] BID: price:43 quantity:134
23:15:22.401 [main] DEBUG c.service.MarketDataService - [ALGO] BID: price:76 quantity:145
23:15:22.401 [main] DEBUG c.service.MarketDataService - [ALGO] BID: price:91 quantity:300
23:15:22.401 [main] DEBUG c.service.MarketDataService - [ALGO] BID: price:93 quantity:200
23:15:22.401 [main] DEBUG c.service.MarketDataService - [ALGO] BID: price:95 quantity:100
23:15:22.401 [main] DEBUG c.service.MarketDataService - [ALGO] BID: price:98 quantity:154
23:15:22.401 [main] DEBUG c.service.MarketDataService - [ALGO] ASK: price:98 quantity:501
23:15:22.401 [main] DEBUG c.service.MarketDataService - [ALGO] ASK: price:101 quantity:200
23:15:22.401 [main] DEBUG c.service.MarketDataService - [ALGO] ASK: price:110 quantity:5000
23:15:22.401 [main] DEBUG c.service.MarketDataService - [ALGO] ASK: price:119 quantity:5600
23:15:22.401 [main] DEBUG c.service.MarketDataService - [ALGO] ASK: price:123 quantity:453
23:15:22.401 [main] DEBUG c.service.MarketDataService - [ALGO] ASK: price:144 quantity:645
23:15:22.401 [main] DEBUG c.service.MarketDataService - [ALGO] ASK: price:167 quantity:665
23:15:22.401 [main] INFO  c.gettingstarted.MyAlgoLogic - [MYALGO] The state of the order book is:
|----BID-----||----ASK----|
    134 @ 43    501 @ 98
    145 @ 76   200 @ 101
    300 @ 91  5000 @ 110
    200 @ 93  5600 @ 119
    100 @ 95   453 @ 123
    154 @ 98   645 @ 144
          -    665 @ 167
|------------||-----------|

23:15:22.401 [main] INFO  c.gettingstarted.MyAlgoLogic - [MYALGO] Algo Sees Book as: 
|----BID-----||----ASK----|
    134 @ 43    501 @ 98
    145 @ 76   200 @ 101
    300 @ 91  5000 @ 110
    200 @ 93  5600 @ 119
    100 @ 95   453 @ 123
    154 @ 98   645 @ 144
          -    665 @ 167
|------------||-----------|

23:15:22.401 [main] INFO  c.gettingstarted.TimedLogic - [TIMEDLOGIC] Market is closed
23:15:22.401 [main] INFO  c.sequencer.consumer.LoggingConsumer - [65] 
|----BID-----|
    134 @ 43
    145 @ 76
    300 @ 91
    200 @ 93
    100 @ 95
    154 @ 98
|----ASK-----|
    501 @ 98
   200 @ 101
  5000 @ 110
  5600 @ 119
   453 @ 123
   645 @ 144
   665 @ 167

23:15:22.401 [main] INFO  c.orderbook.OrderBook - [ORDERBOOK] Processing Mkt Data Update
23:15:22.401 [main] INFO  c.o.v.MutatingRemoveAllMarketDataOrdersVisitor - [ORDERBOOK] Removing market data order:MktData(price=43,quantity=134)
23:15:22.401 [main] INFO  c.o.v.MutatingRemoveAllMarketDataOrdersVisitor - [ORDERBOOK] Removing level:43
23:15:22.401 [main] DEBUG c.orderbook.OrderBook - [ORDERBOOK] ASK: Adding orderMktData(price=43,quantity=134)
23:15:22.401 [main] DEBUG c.orderbook.OrderBook - [ORDERBOOK] ASK: Adding orderMktData(price=76,quantity=145)
23:15:22.401 [main] DEBUG c.orderbook.OrderBook - [ORDERBOOK] ASK: Adding orderMktData(price=91,quantity=300)
23:15:22.401 [main] DEBUG c.orderbook.OrderBook - [ORDERBOOK] ASK: Adding orderMktData(price=93,quantity=200)
23:15:22.401 [main] DEBUG c.orderbook.OrderBook - [ORDERBOOK] ASK: Adding orderMktData(price=95,quantity=100)
23:15:22.401 [main] DEBUG c.orderbook.OrderBook - [ORDERBOOK] ASK: Adding orderMktData(price=98,quantity=154)
23:15:22.401 [main] INFO  c.o.v.MutatingMatchOneMarketDataOrderVisitor - [ORDERBOOK] visiting LevelOrderBookLevel(price=43,quantity=134)
23:15:22.401 [main] INFO  c.o.v.MutatingMatchOneMarketDataOrderVisitor - [ORDERBOOK] Can't match order:MktData(price=43,quantity=134)(MktData(price=98,quantity=154))
23:15:22.401 [main] INFO  c.o.v.MutatingRemoveAllMarketDataOrdersVisitor - [ORDERBOOK] Removing market data order:MktData(price=98,quantity=501)
23:15:22.401 [main] INFO  c.o.v.MutatingRemoveAllMarketDataOrdersVisitor - [ORDERBOOK] Removing level:98
23:15:22.401 [main] INFO  c.o.v.MutatingRemoveAllMarketDataOrdersVisitor - [ORDERBOOK] Removing market data order:MktData(price=101,quantity=200)
23:15:22.401 [main] INFO  c.o.v.MutatingRemoveAllMarketDataOrdersVisitor - [ORDERBOOK] Removing level:101
23:15:22.401 [main] INFO  c.o.v.MutatingRemoveAllMarketDataOrdersVisitor - [ORDERBOOK] Removing market data order:MktData(price=110,quantity=5000)
23:15:22.401 [main] INFO  c.o.v.MutatingRemoveAllMarketDataOrdersVisitor - [ORDERBOOK] Removing level:110
23:15:22.401 [main] INFO  c.o.v.MutatingRemoveAllMarketDataOrdersVisitor - [ORDERBOOK] Removing market data order:MktData(price=119,quantity=5600)
23:15:22.401 [main] INFO  c.o.v.MutatingRemoveAllMarketDataOrdersVisitor - [ORDERBOOK] Removing level:119
23:15:22.401 [main] INFO  c.o.v.MutatingRemoveAllMarketDataOrdersVisitor - [ORDERBOOK] Removing market data order:MktData(price=123,quantity=453)
23:15:22.401 [main] INFO  c.o.v.MutatingRemoveAllMarketDataOrdersVisitor - [ORDERBOOK] Removing level:123
23:15:22.401 [main] INFO  c.o.v.MutatingRemoveAllMarketDataOrdersVisitor - [ORDERBOOK] Removing market data order:MktData(price=144,quantity=645)
23:15:22.401 [main] INFO  c.o.v.MutatingRemoveAllMarketDataOrdersVisitor - [ORDERBOOK] Removing level:144
23:15:22.401 [main] INFO  c.o.v.MutatingRemoveAllMarketDataOrdersVisitor - [ORDERBOOK] Removing market data order:MktData(price=167,quantity=665)
23:15:22.401 [main] INFO  c.o.v.MutatingRemoveAllMarketDataOrdersVisitor - [ORDERBOOK] Removing level:167
23:15:22.401 [main] DEBUG c.orderbook.OrderBook - [ORDERBOOK] ASK: Adding orderMktData(price=98,quantity=501)
23:15:22.401 [main] DEBUG c.orderbook.OrderBook - [ORDERBOOK] ASK: Adding orderMktData(price=101,quantity=200)
23:15:22.401 [main] DEBUG c.orderbook.OrderBook - [ORDERBOOK] ASK: Adding orderMktData(price=110,quantity=5000)
23:15:22.401 [main] DEBUG c.orderbook.OrderBook - [ORDERBOOK] ASK: Adding orderMktData(price=119,quantity=5600)
23:15:22.401 [main] DEBUG c.orderbook.OrderBook - [ORDERBOOK] ASK: Adding orderMktData(price=123,quantity=453)
23:15:22.401 [main] DEBUG c.orderbook.OrderBook - [ORDERBOOK] ASK: Adding orderMktData(price=144,quantity=645)
23:15:22.401 [main] DEBUG c.orderbook.OrderBook - [ORDERBOOK] ASK: Adding orderMktData(price=167,quantity=665)
23:15:22.401 [main] DEBUG c.service.MarketDataService - [ALGO] BID: price:43 quantity:134
23:15:22.401 [main] DEBUG c.service.MarketDataService - [ALGO] BID: price:76 quantity:145
23:15:22.401 [main] DEBUG c.service.MarketDataService - [ALGO] BID: price:91 quantity:300
23:15:22.402 [main] DEBUG c.service.MarketDataService - [ALGO] BID: price:93 quantity:200
23:15:22.403 [main] DEBUG c.service.MarketDataService - [ALGO] BID: price:95 quantity:100
23:15:22.403 [main] DEBUG c.service.MarketDataService - [ALGO] BID: price:98 quantity:154
23:15:22.403 [main] DEBUG c.service.MarketDataService - [ALGO] ASK: price:98 quantity:501
23:15:22.403 [main] DEBUG c.service.MarketDataService - [ALGO] ASK: price:101 quantity:200
23:15:22.403 [main] DEBUG c.service.MarketDataService - [ALGO] ASK: price:110 quantity:5000
23:15:22.403 [main] DEBUG c.service.MarketDataService - [ALGO] ASK: price:119 quantity:5600
23:15:22.403 [main] DEBUG c.service.MarketDataService - [ALGO] ASK: price:123 quantity:453
23:15:22.403 [main] DEBUG c.service.MarketDataService - [ALGO] ASK: price:144 quantity:645
23:15:22.403 [main] DEBUG c.service.MarketDataService - [ALGO] ASK: price:167 quantity:665
23:15:22.403 [main] INFO  c.gettingstarted.MyAlgoLogic - [MYALGO] The state of the order book is:
|----BID-----||----ASK----|
    134 @ 43    501 @ 98
    145 @ 76   200 @ 101
    300 @ 91  5000 @ 110
    200 @ 93  5600 @ 119
    100 @ 95   453 @ 123
    154 @ 98   645 @ 144
          -    665 @ 167
|------------||-----------|

23:15:22.403 [main] INFO  c.gettingstarted.MyAlgoLogic - [MYALGO] Algo Sees Book as: 
|----BID-----||----ASK----|
    134 @ 43    501 @ 98
    145 @ 76   200 @ 101
    300 @ 91  5000 @ 110
    200 @ 93  5600 @ 119
    100 @ 95   453 @ 123
    154 @ 98   645 @ 144
          -    665 @ 167
|------------||-----------|

23:15:22.403 [main] INFO  c.gettingstarted.TimedLogic - [TIMEDLOGIC] Market is closed
23:15:22.403 [main] INFO  c.sequencer.consumer.LoggingConsumer - [66] 
|----BID-----|
    134 @ 43
    145 @ 76
    300 @ 91
    200 @ 93
    100 @ 95
    154 @ 98
|----ASK-----|
    501 @ 98
   200 @ 101
  5000 @ 110
  5600 @ 119
   453 @ 123
   645 @ 144
   665 @ 167

23:15:22.403 [main] INFO  c.orderbook.OrderBook - [ORDERBOOK] Processing Mkt Data Update
23:15:22.403 [main] INFO  c.o.v.MutatingRemoveAllMarketDataOrdersVisitor - [ORDERBOOK] Removing market data order:MktData(price=43,quantity=134)
23:15:22.403 [main] INFO  c.o.v.MutatingRemoveAllMarketDataOrdersVisitor - [ORDERBOOK] Removing level:43
23:15:22.403 [main] DEBUG c.orderbook.OrderBook - [ORDERBOOK] ASK: Adding orderMktData(price=43,quantity=134)
23:15:22.403 [main] DEBUG c.orderbook.OrderBook - [ORDERBOOK] ASK: Adding orderMktData(price=76,quantity=145)
23:15:22.403 [main] DEBUG c.orderbook.OrderBook - [ORDERBOOK] ASK: Adding orderMktData(price=91,quantity=300)
23:15:22.403 [main] DEBUG c.orderbook.OrderBook - [ORDERBOOK] ASK: Adding orderMktData(price=93,quantity=200)
23:15:22.403 [main] DEBUG c.orderbook.OrderBook - [ORDERBOOK] ASK: Adding orderMktData(price=95,quantity=100)
23:15:22.403 [main] DEBUG c.orderbook.OrderBook - [ORDERBOOK] ASK: Adding orderMktData(price=98,quantity=154)
23:15:22.403 [main] INFO  c.o.v.MutatingMatchOneMarketDataOrderVisitor - [ORDERBOOK] visiting LevelOrderBookLevel(price=43,quantity=134)
23:15:22.403 [main] INFO  c.o.v.MutatingMatchOneMarketDataOrderVisitor - [ORDERBOOK] Can't match order:MktData(price=43,quantity=134)(MktData(price=98,quantity=154))
23:15:22.403 [main] INFO  c.o.v.MutatingRemoveAllMarketDataOrdersVisitor - [ORDERBOOK] Removing market data order:MktData(price=98,quantity=501)
23:15:22.403 [main] INFO  c.o.v.MutatingRemoveAllMarketDataOrdersVisitor - [ORDERBOOK] Removing level:98
23:15:22.403 [main] INFO  c.o.v.MutatingRemoveAllMarketDataOrdersVisitor - [ORDERBOOK] Removing market data order:MktData(price=101,quantity=200)
23:15:22.403 [main] INFO  c.o.v.MutatingRemoveAllMarketDataOrdersVisitor - [ORDERBOOK] Removing level:101
23:15:22.403 [main] INFO  c.o.v.MutatingRemoveAllMarketDataOrdersVisitor - [ORDERBOOK] Removing market data order:MktData(price=110,quantity=5000)
23:15:22.403 [main] INFO  c.o.v.MutatingRemoveAllMarketDataOrdersVisitor - [ORDERBOOK] Removing level:110
23:15:22.403 [main] INFO  c.o.v.MutatingRemoveAllMarketDataOrdersVisitor - [ORDERBOOK] Removing market data order:MktData(price=119,quantity=5600)
23:15:22.403 [main] INFO  c.o.v.MutatingRemoveAllMarketDataOrdersVisitor - [ORDERBOOK] Removing level:119
23:15:22.403 [main] INFO  c.o.v.MutatingRemoveAllMarketDataOrdersVisitor - [ORDERBOOK] Removing market data order:MktData(price=123,quantity=453)
23:15:22.403 [main] INFO  c.o.v.MutatingRemoveAllMarketDataOrdersVisitor - [ORDERBOOK] Removing level:123
23:15:22.403 [main] INFO  c.o.v.MutatingRemoveAllMarketDataOrdersVisitor - [ORDERBOOK] Removing market data order:MktData(price=144,quantity=645)
23:15:22.403 [main] INFO  c.o.v.MutatingRemoveAllMarketDataOrdersVisitor - [ORDERBOOK] Removing level:144
23:15:22.403 [main] INFO  c.o.v.MutatingRemoveAllMarketDataOrdersVisitor - [ORDERBOOK] Removing market data order:MktData(price=167,quantity=665)
23:15:22.403 [main] INFO  c.o.v.MutatingRemoveAllMarketDataOrdersVisitor - [ORDERBOOK] Removing level:167
23:15:22.403 [main] DEBUG c.orderbook.OrderBook - [ORDERBOOK] ASK: Adding orderMktData(price=98,quantity=501)
23:15:22.403 [main] DEBUG c.orderbook.OrderBook - [ORDERBOOK] ASK: Adding orderMktData(price=101,quantity=200)
23:15:22.403 [main] DEBUG c.orderbook.OrderBook - [ORDERBOOK] ASK: Adding orderMktData(price=110,quantity=5000)
23:15:22.403 [main] DEBUG c.orderbook.OrderBook - [ORDERBOOK] ASK: Adding orderMktData(price=119,quantity=5600)
23:15:22.403 [main] DEBUG c.orderbook.OrderBook - [ORDERBOOK] ASK: Adding orderMktData(price=123,quantity=453)
23:15:22.403 [main] DEBUG c.orderbook.OrderBook - [ORDERBOOK] ASK: Adding orderMktData(price=144,quantity=645)
23:15:22.403 [main] DEBUG c.orderbook.OrderBook - [ORDERBOOK] ASK: Adding orderMktData(price=167,quantity=665)
23:15:22.403 [main] DEBUG c.service.MarketDataService - [ALGO] BID: price:43 quantity:134
23:15:22.403 [main] DEBUG c.service.MarketDataService - [ALGO] BID: price:76 quantity:145
23:15:22.403 [main] DEBUG c.service.MarketDataService - [ALGO] BID: price:91 quantity:300
23:15:22.403 [main] DEBUG c.service.MarketDataService - [ALGO] BID: price:93 quantity:200
23:15:22.403 [main] DEBUG c.service.MarketDataService - [ALGO] BID: price:95 quantity:100
23:15:22.403 [main] DEBUG c.service.MarketDataService - [ALGO] BID: price:98 quantity:154
23:15:22.403 [main] DEBUG c.service.MarketDataService - [ALGO] ASK: price:98 quantity:501
23:15:22.403 [main] DEBUG c.service.MarketDataService - [ALGO] ASK: price:101 quantity:200
23:15:22.403 [main] DEBUG c.service.MarketDataService - [ALGO] ASK: price:110 quantity:5000
23:15:22.403 [main] DEBUG c.service.MarketDataService - [ALGO] ASK: price:119 quantity:5600
23:15:22.403 [main] DEBUG c.service.MarketDataService - [ALGO] ASK: price:123 quantity:453
23:15:22.403 [main] DEBUG c.service.MarketDataService - [ALGO] ASK: price:144 quantity:645
23:15:22.403 [main] DEBUG c.service.MarketDataService - [ALGO] ASK: price:167 quantity:665
23:15:22.403 [main] INFO  c.gettingstarted.MyAlgoLogic - [MYALGO] The state of the order book is:
|----BID-----||----ASK----|
    134 @ 43    501 @ 98
    145 @ 76   200 @ 101
    300 @ 91  5000 @ 110
    200 @ 93  5600 @ 119
    100 @ 95   453 @ 123
    154 @ 98   645 @ 144
          -    665 @ 167
|------------||-----------|

23:15:22.403 [main] INFO  c.gettingstarted.MyAlgoLogic - [MYALGO] Algo Sees Book as: 
|----BID-----||----ASK----|
    134 @ 43    501 @ 98
    145 @ 76   200 @ 101
    300 @ 91  5000 @ 110
    200 @ 93  5600 @ 119
    100 @ 95   453 @ 123
    154 @ 98   645 @ 144
          -    665 @ 167
|------------||-----------|

23:15:22.403 [main] INFO  c.gettingstarted.TimedLogic - [TIMEDLOGIC] Market is closed
23:15:22.403 [main] INFO  c.sequencer.consumer.LoggingConsumer - [67] 
|----BID-----|
    134 @ 43
    145 @ 76
    300 @ 91
    200 @ 93
    100 @ 95
    154 @ 98
|----ASK-----|
    501 @ 98
   200 @ 101
  5000 @ 110
  5600 @ 119
   453 @ 123
   645 @ 144
   665 @ 167

23:15:22.403 [main] INFO  c.orderbook.OrderBook - [ORDERBOOK] Processing Mkt Data Update
23:15:22.403 [main] INFO  c.o.v.MutatingRemoveAllMarketDataOrdersVisitor - [ORDERBOOK] Removing market data order:MktData(price=43,quantity=134)
23:15:22.403 [main] INFO  c.o.v.MutatingRemoveAllMarketDataOrdersVisitor - [ORDERBOOK] Removing level:43
23:15:22.403 [main] DEBUG c.orderbook.OrderBook - [ORDERBOOK] ASK: Adding orderMktData(price=43,quantity=134)
23:15:22.403 [main] DEBUG c.orderbook.OrderBook - [ORDERBOOK] ASK: Adding orderMktData(price=76,quantity=145)
23:15:22.403 [main] DEBUG c.orderbook.OrderBook - [ORDERBOOK] ASK: Adding orderMktData(price=91,quantity=300)
23:15:22.403 [main] DEBUG c.orderbook.OrderBook - [ORDERBOOK] ASK: Adding orderMktData(price=93,quantity=200)
23:15:22.403 [main] DEBUG c.orderbook.OrderBook - [ORDERBOOK] ASK: Adding orderMktData(price=95,quantity=100)
23:15:22.403 [main] DEBUG c.orderbook.OrderBook - [ORDERBOOK] ASK: Adding orderMktData(price=98,quantity=154)
23:15:22.403 [main] INFO  c.o.v.MutatingMatchOneMarketDataOrderVisitor - [ORDERBOOK] visiting LevelOrderBookLevel(price=43,quantity=134)
23:15:22.403 [main] INFO  c.o.v.MutatingMatchOneMarketDataOrderVisitor - [ORDERBOOK] Can't match order:MktData(price=43,quantity=134)(MktData(price=98,quantity=154))
23:15:22.403 [main] INFO  c.o.v.MutatingRemoveAllMarketDataOrdersVisitor - [ORDERBOOK] Removing market data order:MktData(price=98,quantity=501)
23:15:22.403 [main] INFO  c.o.v.MutatingRemoveAllMarketDataOrdersVisitor - [ORDERBOOK] Removing level:98
23:15:22.403 [main] INFO  c.o.v.MutatingRemoveAllMarketDataOrdersVisitor - [ORDERBOOK] Removing market data order:MktData(price=101,quantity=200)
23:15:22.403 [main] INFO  c.o.v.MutatingRemoveAllMarketDataOrdersVisitor - [ORDERBOOK] Removing level:101
23:15:22.403 [main] INFO  c.o.v.MutatingRemoveAllMarketDataOrdersVisitor - [ORDERBOOK] Removing market data order:MktData(price=110,quantity=5000)
23:15:22.403 [main] INFO  c.o.v.MutatingRemoveAllMarketDataOrdersVisitor - [ORDERBOOK] Removing level:110
23:15:22.403 [main] INFO  c.o.v.MutatingRemoveAllMarketDataOrdersVisitor - [ORDERBOOK] Removing market data order:MktData(price=119,quantity=5600)
23:15:22.404 [main] INFO  c.o.v.MutatingRemoveAllMarketDataOrdersVisitor - [ORDERBOOK] Removing level:119
23:15:22.404 [main] INFO  c.o.v.MutatingRemoveAllMarketDataOrdersVisitor - [ORDERBOOK] Removing market data order:MktData(price=123,quantity=453)
23:15:22.404 [main] INFO  c.o.v.MutatingRemoveAllMarketDataOrdersVisitor - [ORDERBOOK] Removing level:123
23:15:22.404 [main] INFO  c.o.v.MutatingRemoveAllMarketDataOrdersVisitor - [ORDERBOOK] Removing market data order:MktData(price=144,quantity=645)
23:15:22.404 [main] INFO  c.o.v.MutatingRemoveAllMarketDataOrdersVisitor - [ORDERBOOK] Removing level:144
23:15:22.404 [main] INFO  c.o.v.MutatingRemoveAllMarketDataOrdersVisitor - [ORDERBOOK] Removing market data order:MktData(price=167,quantity=665)
23:15:22.404 [main] INFO  c.o.v.MutatingRemoveAllMarketDataOrdersVisitor - [ORDERBOOK] Removing level:167
23:15:22.404 [main] DEBUG c.orderbook.OrderBook - [ORDERBOOK] ASK: Adding orderMktData(price=98,quantity=501)
23:15:22.404 [main] DEBUG c.orderbook.OrderBook - [ORDERBOOK] ASK: Adding orderMktData(price=101,quantity=200)
23:15:22.404 [main] DEBUG c.orderbook.OrderBook - [ORDERBOOK] ASK: Adding orderMktData(price=110,quantity=5000)
23:15:22.404 [main] DEBUG c.orderbook.OrderBook - [ORDERBOOK] ASK: Adding orderMktData(price=119,quantity=5600)
23:15:22.404 [main] DEBUG c.orderbook.OrderBook - [ORDERBOOK] ASK: Adding orderMktData(price=123,quantity=453)
23:15:22.404 [main] DEBUG c.orderbook.OrderBook - [ORDERBOOK] ASK: Adding orderMktData(price=144,quantity=645)
23:15:22.404 [main] DEBUG c.orderbook.OrderBook - [ORDERBOOK] ASK: Adding orderMktData(price=167,quantity=665)
23:15:22.404 [main] DEBUG c.service.MarketDataService - [ALGO] BID: price:43 quantity:134
23:15:22.404 [main] DEBUG c.service.MarketDataService - [ALGO] BID: price:76 quantity:145
23:15:22.404 [main] DEBUG c.service.MarketDataService - [ALGO] BID: price:91 quantity:300
23:15:22.404 [main] DEBUG c.service.MarketDataService - [ALGO] BID: price:93 quantity:200
23:15:22.404 [main] DEBUG c.service.MarketDataService - [ALGO] BID: price:95 quantity:100
23:15:22.404 [main] DEBUG c.service.MarketDataService - [ALGO] BID: price:98 quantity:154
23:15:22.404 [main] DEBUG c.service.MarketDataService - [ALGO] ASK: price:98 quantity:501
23:15:22.404 [main] DEBUG c.service.MarketDataService - [ALGO] ASK: price:101 quantity:200
23:15:22.404 [main] DEBUG c.service.MarketDataService - [ALGO] ASK: price:110 quantity:5000
23:15:22.404 [main] DEBUG c.service.MarketDataService - [ALGO] ASK: price:119 quantity:5600
23:15:22.404 [main] DEBUG c.service.MarketDataService - [ALGO] ASK: price:123 quantity:453
23:15:22.404 [main] DEBUG c.service.MarketDataService - [ALGO] ASK: price:144 quantity:645
23:15:22.404 [main] DEBUG c.service.MarketDataService - [ALGO] ASK: price:167 quantity:665
23:15:22.404 [main] INFO  c.gettingstarted.MyAlgoLogic - [MYALGO] The state of the order book is:
|----BID-----||----ASK----|
    134 @ 43    501 @ 98
    145 @ 76   200 @ 101
    300 @ 91  5000 @ 110
    200 @ 93  5600 @ 119
    100 @ 95   453 @ 123
    154 @ 98   645 @ 144
          -    665 @ 167
|------------||-----------|

23:15:22.404 [main] INFO  c.gettingstarted.MyAlgoLogic - [MYALGO] Algo Sees Book as: 
|----BID-----||----ASK----|
    134 @ 43    501 @ 98
    145 @ 76   200 @ 101
    300 @ 91  5000 @ 110
    200 @ 93  5600 @ 119
    100 @ 95   453 @ 123
    154 @ 98   645 @ 144
          -    665 @ 167
|------------||-----------|

23:15:22.404 [main] INFO  c.gettingstarted.TimedLogic - [TIMEDLOGIC] Market is closed
23:15:22.405 [main] INFO  c.sequencer.consumer.LoggingConsumer - [68] 
|----BID-----|
    134 @ 43
    145 @ 76
    300 @ 91
    200 @ 93
    100 @ 95
    154 @ 98
|----ASK-----|
    501 @ 98
   200 @ 101
  5000 @ 110
  5600 @ 119
   453 @ 123
   645 @ 144
   665 @ 167

23:15:22.406 [main] INFO  c.orderbook.OrderBook - [ORDERBOOK] Processing Mkt Data Update
23:15:22.406 [main] INFO  c.o.v.MutatingRemoveAllMarketDataOrdersVisitor - [ORDERBOOK] Removing market data order:MktData(price=43,quantity=134)
23:15:22.406 [main] INFO  c.o.v.MutatingRemoveAllMarketDataOrdersVisitor - [ORDERBOOK] Removing level:43
23:15:22.406 [main] DEBUG c.orderbook.OrderBook - [ORDERBOOK] ASK: Adding orderMktData(price=43,quantity=134)
23:15:22.406 [main] DEBUG c.orderbook.OrderBook - [ORDERBOOK] ASK: Adding orderMktData(price=76,quantity=145)
23:15:22.406 [main] DEBUG c.orderbook.OrderBook - [ORDERBOOK] ASK: Adding orderMktData(price=91,quantity=300)
23:15:22.406 [main] DEBUG c.orderbook.OrderBook - [ORDERBOOK] ASK: Adding orderMktData(price=93,quantity=200)
23:15:22.406 [main] DEBUG c.orderbook.OrderBook - [ORDERBOOK] ASK: Adding orderMktData(price=95,quantity=100)
23:15:22.406 [main] DEBUG c.orderbook.OrderBook - [ORDERBOOK] ASK: Adding orderMktData(price=98,quantity=154)
23:15:22.406 [main] INFO  c.o.v.MutatingMatchOneMarketDataOrderVisitor - [ORDERBOOK] visiting LevelOrderBookLevel(price=43,quantity=134)
23:15:22.406 [main] INFO  c.o.v.MutatingMatchOneMarketDataOrderVisitor - [ORDERBOOK] Can't match order:MktData(price=43,quantity=134)(MktData(price=98,quantity=154))
23:15:22.406 [main] INFO  c.o.v.MutatingRemoveAllMarketDataOrdersVisitor - [ORDERBOOK] Removing market data order:MktData(price=98,quantity=501)
23:15:22.406 [main] INFO  c.o.v.MutatingRemoveAllMarketDataOrdersVisitor - [ORDERBOOK] Removing level:98
23:15:22.406 [main] INFO  c.o.v.MutatingRemoveAllMarketDataOrdersVisitor - [ORDERBOOK] Removing market data order:MktData(price=101,quantity=200)
23:15:22.406 [main] INFO  c.o.v.MutatingRemoveAllMarketDataOrdersVisitor - [ORDERBOOK] Removing level:101
23:15:22.406 [main] INFO  c.o.v.MutatingRemoveAllMarketDataOrdersVisitor - [ORDERBOOK] Removing market data order:MktData(price=110,quantity=5000)
23:15:22.406 [main] INFO  c.o.v.MutatingRemoveAllMarketDataOrdersVisitor - [ORDERBOOK] Removing level:110
23:15:22.406 [main] INFO  c.o.v.MutatingRemoveAllMarketDataOrdersVisitor - [ORDERBOOK] Removing market data order:MktData(price=119,quantity=5600)
23:15:22.406 [main] INFO  c.o.v.MutatingRemoveAllMarketDataOrdersVisitor - [ORDERBOOK] Removing level:119
23:15:22.406 [main] INFO  c.o.v.MutatingRemoveAllMarketDataOrdersVisitor - [ORDERBOOK] Removing market data order:MktData(price=123,quantity=453)
23:15:22.406 [main] INFO  c.o.v.MutatingRemoveAllMarketDataOrdersVisitor - [ORDERBOOK] Removing level:123
23:15:22.406 [main] INFO  c.o.v.MutatingRemoveAllMarketDataOrdersVisitor - [ORDERBOOK] Removing market data order:MktData(price=144,quantity=645)
23:15:22.406 [main] INFO  c.o.v.MutatingRemoveAllMarketDataOrdersVisitor - [ORDERBOOK] Removing level:144
23:15:22.406 [main] INFO  c.o.v.MutatingRemoveAllMarketDataOrdersVisitor - [ORDERBOOK] Removing market data order:MktData(price=167,quantity=665)
23:15:22.406 [main] INFO  c.o.v.MutatingRemoveAllMarketDataOrdersVisitor - [ORDERBOOK] Removing level:167
23:15:22.406 [main] DEBUG c.orderbook.OrderBook - [ORDERBOOK] ASK: Adding orderMktData(price=98,quantity=501)
23:15:22.406 [main] DEBUG c.orderbook.OrderBook - [ORDERBOOK] ASK: Adding orderMktData(price=101,quantity=200)
23:15:22.406 [main] DEBUG c.orderbook.OrderBook - [ORDERBOOK] ASK: Adding orderMktData(price=110,quantity=5000)
23:15:22.406 [main] DEBUG c.orderbook.OrderBook - [ORDERBOOK] ASK: Adding orderMktData(price=119,quantity=5600)
23:15:22.406 [main] DEBUG c.orderbook.OrderBook - [ORDERBOOK] ASK: Adding orderMktData(price=123,quantity=453)
23:15:22.406 [main] DEBUG c.orderbook.OrderBook - [ORDERBOOK] ASK: Adding orderMktData(price=144,quantity=645)
23:15:22.406 [main] DEBUG c.orderbook.OrderBook - [ORDERBOOK] ASK: Adding orderMktData(price=167,quantity=665)
23:15:22.406 [main] DEBUG c.service.MarketDataService - [ALGO] BID: price:43 quantity:134
23:15:22.406 [main] DEBUG c.service.MarketDataService - [ALGO] BID: price:76 quantity:145
23:15:22.406 [main] DEBUG c.service.MarketDataService - [ALGO] BID: price:91 quantity:300
23:15:22.406 [main] DEBUG c.service.MarketDataService - [ALGO] BID: price:93 quantity:200
23:15:22.406 [main] DEBUG c.service.MarketDataService - [ALGO] BID: price:95 quantity:100
23:15:22.406 [main] DEBUG c.service.MarketDataService - [ALGO] BID: price:98 quantity:154
23:15:22.406 [main] DEBUG c.service.MarketDataService - [ALGO] ASK: price:98 quantity:501
23:15:22.406 [main] DEBUG c.service.MarketDataService - [ALGO] ASK: price:101 quantity:200
23:15:22.406 [main] DEBUG c.service.MarketDataService - [ALGO] ASK: price:110 quantity:5000
23:15:22.406 [main] DEBUG c.service.MarketDataService - [ALGO] ASK: price:119 quantity:5600
23:15:22.406 [main] DEBUG c.service.MarketDataService - [ALGO] ASK: price:123 quantity:453
23:15:22.406 [main] DEBUG c.service.MarketDataService - [ALGO] ASK: price:144 quantity:645
23:15:22.406 [main] DEBUG c.service.MarketDataService - [ALGO] ASK: price:167 quantity:665
23:15:22.406 [main] INFO  c.gettingstarted.MyAlgoLogic - [MYALGO] The state of the order book is:
|----BID-----||----ASK----|
    134 @ 43    501 @ 98
    145 @ 76   200 @ 101
    300 @ 91  5000 @ 110
    200 @ 93  5600 @ 119
    100 @ 95   453 @ 123
    154 @ 98   645 @ 144
          -    665 @ 167
|------------||-----------|

23:15:22.406 [main] INFO  c.gettingstarted.MyAlgoLogic - [MYALGO] Algo Sees Book as: 
|----BID-----||----ASK----|
    134 @ 43    501 @ 98
    145 @ 76   200 @ 101
    300 @ 91  5000 @ 110
    200 @ 93  5600 @ 119
    100 @ 95   453 @ 123
    154 @ 98   645 @ 144
          -    665 @ 167
|------------||-----------|

23:15:22.406 [main] INFO  c.gettingstarted.TimedLogic - [TIMEDLOGIC] Market is closed
23:15:22.406 [main] INFO  c.sequencer.consumer.LoggingConsumer - [69] 
|----BID-----|
    134 @ 43
    145 @ 76
    300 @ 91
    200 @ 93
    100 @ 95
    154 @ 98
|----ASK-----|
    501 @ 98
   200 @ 101
  5000 @ 110
  5600 @ 119
   453 @ 123
   645 @ 144
   665 @ 167

23:15:22.406 [main] INFO  c.orderbook.OrderBook - [ORDERBOOK] Processing Mkt Data Update
23:15:22.406 [main] INFO  c.o.v.MutatingRemoveAllMarketDataOrdersVisitor - [ORDERBOOK] Removing market data order:MktData(price=43,quantity=134)
23:15:22.406 [main] INFO  c.o.v.MutatingRemoveAllMarketDataOrdersVisitor - [ORDERBOOK] Removing level:43
23:15:22.406 [main] DEBUG c.orderbook.OrderBook - [ORDERBOOK] ASK: Adding orderMktData(price=43,quantity=134)
23:15:22.406 [main] DEBUG c.orderbook.OrderBook - [ORDERBOOK] ASK: Adding orderMktData(price=76,quantity=145)
23:15:22.406 [main] DEBUG c.orderbook.OrderBook - [ORDERBOOK] ASK: Adding orderMktData(price=91,quantity=300)
23:15:22.406 [main] DEBUG c.orderbook.OrderBook - [ORDERBOOK] ASK: Adding orderMktData(price=93,quantity=200)
23:15:22.406 [main] DEBUG c.orderbook.OrderBook - [ORDERBOOK] ASK: Adding orderMktData(price=95,quantity=100)
23:15:22.406 [main] DEBUG c.orderbook.OrderBook - [ORDERBOOK] ASK: Adding orderMktData(price=98,quantity=154)
23:15:22.406 [main] INFO  c.o.v.MutatingMatchOneMarketDataOrderVisitor - [ORDERBOOK] visiting LevelOrderBookLevel(price=43,quantity=134)
23:15:22.406 [main] INFO  c.o.v.MutatingMatchOneMarketDataOrderVisitor - [ORDERBOOK] Can't match order:MktData(price=43,quantity=134)(MktData(price=98,quantity=154))
23:15:22.406 [main] INFO  c.o.v.MutatingRemoveAllMarketDataOrdersVisitor - [ORDERBOOK] Removing market data order:MktData(price=98,quantity=501)
23:15:22.406 [main] INFO  c.o.v.MutatingRemoveAllMarketDataOrdersVisitor - [ORDERBOOK] Removing level:98
23:15:22.406 [main] INFO  c.o.v.MutatingRemoveAllMarketDataOrdersVisitor - [ORDERBOOK] Removing market data order:MktData(price=101,quantity=200)
23:15:22.406 [main] INFO  c.o.v.MutatingRemoveAllMarketDataOrdersVisitor - [ORDERBOOK] Removing level:101
23:15:22.406 [main] INFO  c.o.v.MutatingRemoveAllMarketDataOrdersVisitor - [ORDERBOOK] Removing market data order:MktData(price=110,quantity=5000)
23:15:22.406 [main] INFO  c.o.v.MutatingRemoveAllMarketDataOrdersVisitor - [ORDERBOOK] Removing level:110
23:15:22.406 [main] INFO  c.o.v.MutatingRemoveAllMarketDataOrdersVisitor - [ORDERBOOK] Removing market data order:MktData(price=119,quantity=5600)
23:15:22.406 [main] INFO  c.o.v.MutatingRemoveAllMarketDataOrdersVisitor - [ORDERBOOK] Removing level:119
23:15:22.406 [main] INFO  c.o.v.MutatingRemoveAllMarketDataOrdersVisitor - [ORDERBOOK] Removing market data order:MktData(price=123,quantity=453)
23:15:22.406 [main] INFO  c.o.v.MutatingRemoveAllMarketDataOrdersVisitor - [ORDERBOOK] Removing level:123
23:15:22.406 [main] INFO  c.o.v.MutatingRemoveAllMarketDataOrdersVisitor - [ORDERBOOK] Removing market data order:MktData(price=144,quantity=645)
23:15:22.406 [main] INFO  c.o.v.MutatingRemoveAllMarketDataOrdersVisitor - [ORDERBOOK] Removing level:144
23:15:22.406 [main] INFO  c.o.v.MutatingRemoveAllMarketDataOrdersVisitor - [ORDERBOOK] Removing market data order:MktData(price=167,quantity=665)
23:15:22.406 [main] INFO  c.o.v.MutatingRemoveAllMarketDataOrdersVisitor - [ORDERBOOK] Removing level:167
23:15:22.406 [main] DEBUG c.orderbook.OrderBook - [ORDERBOOK] ASK: Adding orderMktData(price=98,quantity=501)
23:15:22.406 [main] DEBUG c.orderbook.OrderBook - [ORDERBOOK] ASK: Adding orderMktData(price=101,quantity=200)
23:15:22.406 [main] DEBUG c.orderbook.OrderBook - [ORDERBOOK] ASK: Adding orderMktData(price=110,quantity=5000)
23:15:22.406 [main] DEBUG c.orderbook.OrderBook - [ORDERBOOK] ASK: Adding orderMktData(price=119,quantity=5600)
23:15:22.406 [main] DEBUG c.orderbook.OrderBook - [ORDERBOOK] ASK: Adding orderMktData(price=123,quantity=453)
23:15:22.406 [main] DEBUG c.orderbook.OrderBook - [ORDERBOOK] ASK: Adding orderMktData(price=144,quantity=645)
23:15:22.406 [main] DEBUG c.orderbook.OrderBook - [ORDERBOOK] ASK: Adding orderMktData(price=167,quantity=665)
23:15:22.406 [main] DEBUG c.service.MarketDataService - [ALGO] BID: price:43 quantity:134
23:15:22.406 [main] DEBUG c.service.MarketDataService - [ALGO] BID: price:76 quantity:145
23:15:22.406 [main] DEBUG c.service.MarketDataService - [ALGO] BID: price:91 quantity:300
23:15:22.406 [main] DEBUG c.service.MarketDataService - [ALGO] BID: price:93 quantity:200
23:15:22.406 [main] DEBUG c.service.MarketDataService - [ALGO] BID: price:95 quantity:100
23:15:22.406 [main] DEBUG c.service.MarketDataService - [ALGO] BID: price:98 quantity:154
23:15:22.406 [main] DEBUG c.service.MarketDataService - [ALGO] ASK: price:98 quantity:501
23:15:22.406 [main] DEBUG c.service.MarketDataService - [ALGO] ASK: price:101 quantity:200
23:15:22.406 [main] DEBUG c.service.MarketDataService - [ALGO] ASK: price:110 quantity:5000
23:15:22.406 [main] DEBUG c.service.MarketDataService - [ALGO] ASK: price:119 quantity:5600
23:15:22.406 [main] DEBUG c.service.MarketDataService - [ALGO] ASK: price:123 quantity:453
23:15:22.406 [main] DEBUG c.service.MarketDataService - [ALGO] ASK: price:144 quantity:645
23:15:22.406 [main] DEBUG c.service.MarketDataService - [ALGO] ASK: price:167 quantity:665
23:15:22.406 [main] INFO  c.gettingstarted.MyAlgoLogic - [MYALGO] The state of the order book is:
|----BID-----||----ASK----|
    134 @ 43    501 @ 98
    145 @ 76   200 @ 101
    300 @ 91  5000 @ 110
    200 @ 93  5600 @ 119
    100 @ 95   453 @ 123
    154 @ 98   645 @ 144
          -    665 @ 167
|------------||-----------|

23:15:22.406 [main] INFO  c.gettingstarted.MyAlgoLogic - [MYALGO] Algo Sees Book as: 
|----BID-----||----ASK----|
    134 @ 43    501 @ 98
    145 @ 76   200 @ 101
    300 @ 91  5000 @ 110
    200 @ 93  5600 @ 119
    100 @ 95   453 @ 123
    154 @ 98   645 @ 144
          -    665 @ 167
|------------||-----------|

23:15:22.407 [main] INFO  c.gettingstarted.TimedLogic - [TIMEDLOGIC] Market is closed
23:15:22.407 [main] INFO  c.sequencer.consumer.LoggingConsumer - [70] 
|----BID-----|
    134 @ 43
    145 @ 76
    300 @ 91
    200 @ 93
    100 @ 95
    154 @ 98
|----ASK-----|
    501 @ 98
   200 @ 101
  5000 @ 110
  5600 @ 119
   453 @ 123
   645 @ 144
   665 @ 167

23:15:22.407 [main] INFO  c.orderbook.OrderBook - [ORDERBOOK] Processing Mkt Data Update
23:15:22.407 [main] INFO  c.o.v.MutatingRemoveAllMarketDataOrdersVisitor - [ORDERBOOK] Removing market data order:MktData(price=43,quantity=134)
23:15:22.407 [main] INFO  c.o.v.MutatingRemoveAllMarketDataOrdersVisitor - [ORDERBOOK] Removing level:43
23:15:22.407 [main] DEBUG c.orderbook.OrderBook - [ORDERBOOK] ASK: Adding orderMktData(price=43,quantity=134)
23:15:22.407 [main] DEBUG c.orderbook.OrderBook - [ORDERBOOK] ASK: Adding orderMktData(price=76,quantity=145)
23:15:22.407 [main] DEBUG c.orderbook.OrderBook - [ORDERBOOK] ASK: Adding orderMktData(price=91,quantity=300)
23:15:22.407 [main] DEBUG c.orderbook.OrderBook - [ORDERBOOK] ASK: Adding orderMktData(price=93,quantity=200)
23:15:22.407 [main] DEBUG c.orderbook.OrderBook - [ORDERBOOK] ASK: Adding orderMktData(price=95,quantity=100)
23:15:22.407 [main] DEBUG c.orderbook.OrderBook - [ORDERBOOK] ASK: Adding orderMktData(price=98,quantity=154)
23:15:22.407 [main] INFO  c.o.v.MutatingMatchOneMarketDataOrderVisitor - [ORDERBOOK] visiting LevelOrderBookLevel(price=43,quantity=134)
23:15:22.407 [main] INFO  c.o.v.MutatingMatchOneMarketDataOrderVisitor - [ORDERBOOK] Can't match order:MktData(price=43,quantity=134)(MktData(price=98,quantity=154))
23:15:22.407 [main] INFO  c.o.v.MutatingRemoveAllMarketDataOrdersVisitor - [ORDERBOOK] Removing market data order:MktData(price=98,quantity=501)
23:15:22.407 [main] INFO  c.o.v.MutatingRemoveAllMarketDataOrdersVisitor - [ORDERBOOK] Removing level:98
23:15:22.407 [main] INFO  c.o.v.MutatingRemoveAllMarketDataOrdersVisitor - [ORDERBOOK] Removing market data order:MktData(price=101,quantity=200)
23:15:22.407 [main] INFO  c.o.v.MutatingRemoveAllMarketDataOrdersVisitor - [ORDERBOOK] Removing level:101
23:15:22.407 [main] INFO  c.o.v.MutatingRemoveAllMarketDataOrdersVisitor - [ORDERBOOK] Removing market data order:MktData(price=110,quantity=5000)
23:15:22.407 [main] INFO  c.o.v.MutatingRemoveAllMarketDataOrdersVisitor - [ORDERBOOK] Removing level:110
23:15:22.407 [main] INFO  c.o.v.MutatingRemoveAllMarketDataOrdersVisitor - [ORDERBOOK] Removing market data order:MktData(price=119,quantity=5600)
23:15:22.407 [main] INFO  c.o.v.MutatingRemoveAllMarketDataOrdersVisitor - [ORDERBOOK] Removing level:119
23:15:22.407 [main] INFO  c.o.v.MutatingRemoveAllMarketDataOrdersVisitor - [ORDERBOOK] Removing market data order:MktData(price=123,quantity=453)
23:15:22.407 [main] INFO  c.o.v.MutatingRemoveAllMarketDataOrdersVisitor - [ORDERBOOK] Removing level:123
23:15:22.407 [main] INFO  c.o.v.MutatingRemoveAllMarketDataOrdersVisitor - [ORDERBOOK] Removing market data order:MktData(price=144,quantity=645)
23:15:22.407 [main] INFO  c.o.v.MutatingRemoveAllMarketDataOrdersVisitor - [ORDERBOOK] Removing level:144
23:15:22.407 [main] INFO  c.o.v.MutatingRemoveAllMarketDataOrdersVisitor - [ORDERBOOK] Removing market data order:MktData(price=167,quantity=665)
23:15:22.407 [main] INFO  c.o.v.MutatingRemoveAllMarketDataOrdersVisitor - [ORDERBOOK] Removing level:167
23:15:22.407 [main] DEBUG c.orderbook.OrderBook - [ORDERBOOK] ASK: Adding orderMktData(price=98,quantity=501)
23:15:22.407 [main] DEBUG c.orderbook.OrderBook - [ORDERBOOK] ASK: Adding orderMktData(price=101,quantity=200)
23:15:22.407 [main] DEBUG c.orderbook.OrderBook - [ORDERBOOK] ASK: Adding orderMktData(price=110,quantity=5000)
23:15:22.407 [main] DEBUG c.orderbook.OrderBook - [ORDERBOOK] ASK: Adding orderMktData(price=119,quantity=5600)
23:15:22.407 [main] DEBUG c.orderbook.OrderBook - [ORDERBOOK] ASK: Adding orderMktData(price=123,quantity=453)
23:15:22.407 [main] DEBUG c.orderbook.OrderBook - [ORDERBOOK] ASK: Adding orderMktData(price=144,quantity=645)
23:15:22.407 [main] DEBUG c.orderbook.OrderBook - [ORDERBOOK] ASK: Adding orderMktData(price=167,quantity=665)
23:15:22.407 [main] DEBUG c.service.MarketDataService - [ALGO] BID: price:43 quantity:134
23:15:22.407 [main] DEBUG c.service.MarketDataService - [ALGO] BID: price:76 quantity:145
23:15:22.407 [main] DEBUG c.service.MarketDataService - [ALGO] BID: price:91 quantity:300
23:15:22.407 [main] DEBUG c.service.MarketDataService - [ALGO] BID: price:93 quantity:200
23:15:22.407 [main] DEBUG c.service.MarketDataService - [ALGO] BID: price:95 quantity:100
23:15:22.407 [main] DEBUG c.service.MarketDataService - [ALGO] BID: price:98 quantity:154
23:15:22.407 [main] DEBUG c.service.MarketDataService - [ALGO] ASK: price:98 quantity:501
23:15:22.407 [main] DEBUG c.service.MarketDataService - [ALGO] ASK: price:101 quantity:200
23:15:22.407 [main] DEBUG c.service.MarketDataService - [ALGO] ASK: price:110 quantity:5000
23:15:22.407 [main] DEBUG c.service.MarketDataService - [ALGO] ASK: price:119 quantity:5600
23:15:22.407 [main] DEBUG c.service.MarketDataService - [ALGO] ASK: price:123 quantity:453
23:15:22.407 [main] DEBUG c.service.MarketDataService - [ALGO] ASK: price:144 quantity:645
23:15:22.407 [main] DEBUG c.service.MarketDataService - [ALGO] ASK: price:167 quantity:665
23:15:22.408 [main] INFO  c.gettingstarted.MyAlgoLogic - [MYALGO] The state of the order book is:
|----BID-----||----ASK----|
    134 @ 43    501 @ 98
    145 @ 76   200 @ 101
    300 @ 91  5000 @ 110
    200 @ 93  5600 @ 119
    100 @ 95   453 @ 123
    154 @ 98   645 @ 144
          -    665 @ 167
|------------||-----------|

23:15:22.408 [main] INFO  c.gettingstarted.MyAlgoLogic - [MYALGO] Algo Sees Book as: 
|----BID-----||----ASK----|
    134 @ 43    501 @ 98
    145 @ 76   200 @ 101
    300 @ 91  5000 @ 110
    200 @ 93  5600 @ 119
    100 @ 95   453 @ 123
    154 @ 98   645 @ 144
          -    665 @ 167
|------------||-----------|

23:15:22.408 [main] INFO  c.gettingstarted.TimedLogic - [TIMEDLOGIC] Market is closed
23:15:22.408 [main] INFO  c.sequencer.consumer.LoggingConsumer - [71] 
|----BID-----|
    134 @ 43
    145 @ 76
    300 @ 91
    200 @ 93
    100 @ 95
    154 @ 98
|----ASK-----|
    501 @ 98
   200 @ 101
  5000 @ 110
  5600 @ 119
   453 @ 123
   645 @ 144
   665 @ 167

23:15:22.408 [main] INFO  c.orderbook.OrderBook - [ORDERBOOK] Processing Mkt Data Update
23:15:22.408 [main] INFO  c.o.v.MutatingRemoveAllMarketDataOrdersVisitor - [ORDERBOOK] Removing market data order:MktData(price=43,quantity=134)
23:15:22.408 [main] INFO  c.o.v.MutatingRemoveAllMarketDataOrdersVisitor - [ORDERBOOK] Removing level:43
23:15:22.408 [main] DEBUG c.orderbook.OrderBook - [ORDERBOOK] ASK: Adding orderMktData(price=43,quantity=134)
23:15:22.408 [main] DEBUG c.orderbook.OrderBook - [ORDERBOOK] ASK: Adding orderMktData(price=76,quantity=145)
23:15:22.408 [main] DEBUG c.orderbook.OrderBook - [ORDERBOOK] ASK: Adding orderMktData(price=91,quantity=300)
23:15:22.408 [main] DEBUG c.orderbook.OrderBook - [ORDERBOOK] ASK: Adding orderMktData(price=93,quantity=200)
23:15:22.408 [main] DEBUG c.orderbook.OrderBook - [ORDERBOOK] ASK: Adding orderMktData(price=95,quantity=100)
23:15:22.408 [main] DEBUG c.orderbook.OrderBook - [ORDERBOOK] ASK: Adding orderMktData(price=98,quantity=154)
23:15:22.408 [main] INFO  c.o.v.MutatingMatchOneMarketDataOrderVisitor - [ORDERBOOK] visiting LevelOrderBookLevel(price=43,quantity=134)
23:15:22.408 [main] INFO  c.o.v.MutatingMatchOneMarketDataOrderVisitor - [ORDERBOOK] Can't match order:MktData(price=43,quantity=134)(MktData(price=98,quantity=154))
23:15:22.408 [main] INFO  c.o.v.MutatingRemoveAllMarketDataOrdersVisitor - [ORDERBOOK] Removing market data order:MktData(price=98,quantity=501)
23:15:22.408 [main] INFO  c.o.v.MutatingRemoveAllMarketDataOrdersVisitor - [ORDERBOOK] Removing level:98
23:15:22.408 [main] INFO  c.o.v.MutatingRemoveAllMarketDataOrdersVisitor - [ORDERBOOK] Removing market data order:MktData(price=101,quantity=200)
23:15:22.408 [main] INFO  c.o.v.MutatingRemoveAllMarketDataOrdersVisitor - [ORDERBOOK] Removing level:101
23:15:22.408 [main] INFO  c.o.v.MutatingRemoveAllMarketDataOrdersVisitor - [ORDERBOOK] Removing market data order:MktData(price=110,quantity=5000)
23:15:22.408 [main] INFO  c.o.v.MutatingRemoveAllMarketDataOrdersVisitor - [ORDERBOOK] Removing level:110
23:15:22.408 [main] INFO  c.o.v.MutatingRemoveAllMarketDataOrdersVisitor - [ORDERBOOK] Removing market data order:MktData(price=119,quantity=5600)
23:15:22.408 [main] INFO  c.o.v.MutatingRemoveAllMarketDataOrdersVisitor - [ORDERBOOK] Removing level:119
23:15:22.408 [main] INFO  c.o.v.MutatingRemoveAllMarketDataOrdersVisitor - [ORDERBOOK] Removing market data order:MktData(price=123,quantity=453)
23:15:22.408 [main] INFO  c.o.v.MutatingRemoveAllMarketDataOrdersVisitor - [ORDERBOOK] Removing level:123
23:15:22.408 [main] INFO  c.o.v.MutatingRemoveAllMarketDataOrdersVisitor - [ORDERBOOK] Removing market data order:MktData(price=144,quantity=645)
23:15:22.408 [main] INFO  c.o.v.MutatingRemoveAllMarketDataOrdersVisitor - [ORDERBOOK] Removing level:144
23:15:22.408 [main] INFO  c.o.v.MutatingRemoveAllMarketDataOrdersVisitor - [ORDERBOOK] Removing market data order:MktData(price=167,quantity=665)
23:15:22.408 [main] INFO  c.o.v.MutatingRemoveAllMarketDataOrdersVisitor - [ORDERBOOK] Removing level:167
23:15:22.408 [main] DEBUG c.orderbook.OrderBook - [ORDERBOOK] ASK: Adding orderMktData(price=98,quantity=501)
23:15:22.408 [main] DEBUG c.orderbook.OrderBook - [ORDERBOOK] ASK: Adding orderMktData(price=101,quantity=200)
23:15:22.408 [main] DEBUG c.orderbook.OrderBook - [ORDERBOOK] ASK: Adding orderMktData(price=110,quantity=5000)
23:15:22.408 [main] DEBUG c.orderbook.OrderBook - [ORDERBOOK] ASK: Adding orderMktData(price=119,quantity=5600)
23:15:22.408 [main] DEBUG c.orderbook.OrderBook - [ORDERBOOK] ASK: Adding orderMktData(price=123,quantity=453)
23:15:22.408 [main] DEBUG c.orderbook.OrderBook - [ORDERBOOK] ASK: Adding orderMktData(price=144,quantity=645)
23:15:22.408 [main] DEBUG c.orderbook.OrderBook - [ORDERBOOK] ASK: Adding orderMktData(price=167,quantity=665)
23:15:22.409 [main] DEBUG c.service.MarketDataService - [ALGO] BID: price:43 quantity:134
23:15:22.409 [main] DEBUG c.service.MarketDataService - [ALGO] BID: price:76 quantity:145
23:15:22.409 [main] DEBUG c.service.MarketDataService - [ALGO] BID: price:91 quantity:300
23:15:22.409 [main] DEBUG c.service.MarketDataService - [ALGO] BID: price:93 quantity:200
23:15:22.409 [main] DEBUG c.service.MarketDataService - [ALGO] BID: price:95 quantity:100
23:15:22.409 [main] DEBUG c.service.MarketDataService - [ALGO] BID: price:98 quantity:154
23:15:22.409 [main] DEBUG c.service.MarketDataService - [ALGO] ASK: price:98 quantity:501
23:15:22.409 [main] DEBUG c.service.MarketDataService - [ALGO] ASK: price:101 quantity:200
23:15:22.409 [main] DEBUG c.service.MarketDataService - [ALGO] ASK: price:110 quantity:5000
23:15:22.409 [main] DEBUG c.service.MarketDataService - [ALGO] ASK: price:119 quantity:5600
23:15:22.409 [main] DEBUG c.service.MarketDataService - [ALGO] ASK: price:123 quantity:453
23:15:22.409 [main] DEBUG c.service.MarketDataService - [ALGO] ASK: price:144 quantity:645
23:15:22.409 [main] DEBUG c.service.MarketDataService - [ALGO] ASK: price:167 quantity:665
23:15:22.409 [main] INFO  c.gettingstarted.MyAlgoLogic - [MYALGO] The state of the order book is:
|----BID-----||----ASK----|
    134 @ 43    501 @ 98
    145 @ 76   200 @ 101
    300 @ 91  5000 @ 110
    200 @ 93  5600 @ 119
    100 @ 95   453 @ 123
    154 @ 98   645 @ 144
          -    665 @ 167
|------------||-----------|

23:15:22.409 [main] INFO  c.gettingstarted.MyAlgoLogic - [MYALGO] Algo Sees Book as: 
|----BID-----||----ASK----|
    134 @ 43    501 @ 98
    145 @ 76   200 @ 101
    300 @ 91  5000 @ 110
    200 @ 93  5600 @ 119
    100 @ 95   453 @ 123
    154 @ 98   645 @ 144
          -    665 @ 167
|------------||-----------|

23:15:22.409 [main] INFO  c.gettingstarted.TimedLogic - [TIMEDLOGIC] Market is closed
23:15:22.409 [main] INFO  c.sequencer.consumer.LoggingConsumer - [72] 
|----BID-----|
    134 @ 43
    145 @ 76
    300 @ 91
    200 @ 93
    100 @ 95
    154 @ 98
|----ASK-----|
    501 @ 98
   200 @ 101
  5000 @ 110
  5600 @ 119
   453 @ 123
   645 @ 144
   665 @ 167

23:15:22.409 [main] INFO  c.orderbook.OrderBook - [ORDERBOOK] Processing Mkt Data Update
23:15:22.409 [main] INFO  c.o.v.MutatingRemoveAllMarketDataOrdersVisitor - [ORDERBOOK] Removing market data order:MktData(price=43,quantity=134)
23:15:22.409 [main] INFO  c.o.v.MutatingRemoveAllMarketDataOrdersVisitor - [ORDERBOOK] Removing level:43
23:15:22.409 [main] DEBUG c.orderbook.OrderBook - [ORDERBOOK] ASK: Adding orderMktData(price=43,quantity=134)
23:15:22.409 [main] DEBUG c.orderbook.OrderBook - [ORDERBOOK] ASK: Adding orderMktData(price=76,quantity=145)
23:15:22.409 [main] DEBUG c.orderbook.OrderBook - [ORDERBOOK] ASK: Adding orderMktData(price=91,quantity=300)
23:15:22.409 [main] DEBUG c.orderbook.OrderBook - [ORDERBOOK] ASK: Adding orderMktData(price=93,quantity=200)
23:15:22.409 [main] DEBUG c.orderbook.OrderBook - [ORDERBOOK] ASK: Adding orderMktData(price=95,quantity=100)
23:15:22.409 [main] DEBUG c.orderbook.OrderBook - [ORDERBOOK] ASK: Adding orderMktData(price=98,quantity=154)
23:15:22.409 [main] INFO  c.o.v.MutatingMatchOneMarketDataOrderVisitor - [ORDERBOOK] visiting LevelOrderBookLevel(price=43,quantity=134)
23:15:22.409 [main] INFO  c.o.v.MutatingMatchOneMarketDataOrderVisitor - [ORDERBOOK] Can't match order:MktData(price=43,quantity=134)(MktData(price=98,quantity=154))
23:15:22.409 [main] INFO  c.o.v.MutatingRemoveAllMarketDataOrdersVisitor - [ORDERBOOK] Removing market data order:MktData(price=98,quantity=501)
23:15:22.409 [main] INFO  c.o.v.MutatingRemoveAllMarketDataOrdersVisitor - [ORDERBOOK] Removing level:98
23:15:22.409 [main] INFO  c.o.v.MutatingRemoveAllMarketDataOrdersVisitor - [ORDERBOOK] Removing market data order:MktData(price=101,quantity=200)
23:15:22.409 [main] INFO  c.o.v.MutatingRemoveAllMarketDataOrdersVisitor - [ORDERBOOK] Removing level:101
23:15:22.409 [main] INFO  c.o.v.MutatingRemoveAllMarketDataOrdersVisitor - [ORDERBOOK] Removing market data order:MktData(price=110,quantity=5000)
23:15:22.409 [main] INFO  c.o.v.MutatingRemoveAllMarketDataOrdersVisitor - [ORDERBOOK] Removing level:110
23:15:22.409 [main] INFO  c.o.v.MutatingRemoveAllMarketDataOrdersVisitor - [ORDERBOOK] Removing market data order:MktData(price=119,quantity=5600)
23:15:22.409 [main] INFO  c.o.v.MutatingRemoveAllMarketDataOrdersVisitor - [ORDERBOOK] Removing level:119
23:15:22.409 [main] INFO  c.o.v.MutatingRemoveAllMarketDataOrdersVisitor - [ORDERBOOK] Removing market data order:MktData(price=123,quantity=453)
23:15:22.409 [main] INFO  c.o.v.MutatingRemoveAllMarketDataOrdersVisitor - [ORDERBOOK] Removing level:123
23:15:22.409 [main] INFO  c.o.v.MutatingRemoveAllMarketDataOrdersVisitor - [ORDERBOOK] Removing market data order:MktData(price=144,quantity=645)
23:15:22.409 [main] INFO  c.o.v.MutatingRemoveAllMarketDataOrdersVisitor - [ORDERBOOK] Removing level:144
23:15:22.409 [main] INFO  c.o.v.MutatingRemoveAllMarketDataOrdersVisitor - [ORDERBOOK] Removing market data order:MktData(price=167,quantity=665)
23:15:22.409 [main] INFO  c.o.v.MutatingRemoveAllMarketDataOrdersVisitor - [ORDERBOOK] Removing level:167
23:15:22.409 [main] DEBUG c.orderbook.OrderBook - [ORDERBOOK] ASK: Adding orderMktData(price=98,quantity=501)
23:15:22.409 [main] DEBUG c.orderbook.OrderBook - [ORDERBOOK] ASK: Adding orderMktData(price=101,quantity=200)
23:15:22.409 [main] DEBUG c.orderbook.OrderBook - [ORDERBOOK] ASK: Adding orderMktData(price=110,quantity=5000)
23:15:22.409 [main] DEBUG c.orderbook.OrderBook - [ORDERBOOK] ASK: Adding orderMktData(price=119,quantity=5600)
23:15:22.409 [main] DEBUG c.orderbook.OrderBook - [ORDERBOOK] ASK: Adding orderMktData(price=123,quantity=453)
23:15:22.409 [main] DEBUG c.orderbook.OrderBook - [ORDERBOOK] ASK: Adding orderMktData(price=144,quantity=645)
23:15:22.409 [main] DEBUG c.orderbook.OrderBook - [ORDERBOOK] ASK: Adding orderMktData(price=167,quantity=665)
23:15:22.409 [main] DEBUG c.service.MarketDataService - [ALGO] BID: price:43 quantity:134
23:15:22.409 [main] DEBUG c.service.MarketDataService - [ALGO] BID: price:76 quantity:145
23:15:22.409 [main] DEBUG c.service.MarketDataService - [ALGO] BID: price:91 quantity:300
23:15:22.409 [main] DEBUG c.service.MarketDataService - [ALGO] BID: price:93 quantity:200
23:15:22.409 [main] DEBUG c.service.MarketDataService - [ALGO] BID: price:95 quantity:100
23:15:22.409 [main] DEBUG c.service.MarketDataService - [ALGO] BID: price:98 quantity:154
23:15:22.409 [main] DEBUG c.service.MarketDataService - [ALGO] ASK: price:98 quantity:501
23:15:22.409 [main] DEBUG c.service.MarketDataService - [ALGO] ASK: price:101 quantity:200
23:15:22.409 [main] DEBUG c.service.MarketDataService - [ALGO] ASK: price:110 quantity:5000
23:15:22.409 [main] DEBUG c.service.MarketDataService - [ALGO] ASK: price:119 quantity:5600
23:15:22.409 [main] DEBUG c.service.MarketDataService - [ALGO] ASK: price:123 quantity:453
23:15:22.409 [main] DEBUG c.service.MarketDataService - [ALGO] ASK: price:144 quantity:645
23:15:22.409 [main] DEBUG c.service.MarketDataService - [ALGO] ASK: price:167 quantity:665
23:15:22.410 [main] INFO  c.gettingstarted.MyAlgoLogic - [MYALGO] The state of the order book is:
|----BID-----||----ASK----|
    134 @ 43    501 @ 98
    145 @ 76   200 @ 101
    300 @ 91  5000 @ 110
    200 @ 93  5600 @ 119
    100 @ 95   453 @ 123
    154 @ 98   645 @ 144
          -    665 @ 167
|------------||-----------|

23:15:22.410 [main] INFO  c.gettingstarted.MyAlgoLogic - [MYALGO] Algo Sees Book as: 
|----BID-----||----ASK----|
    134 @ 43    501 @ 98
    145 @ 76   200 @ 101
    300 @ 91  5000 @ 110
    200 @ 93  5600 @ 119
    100 @ 95   453 @ 123
    154 @ 98   645 @ 144
          -    665 @ 167
|------------||-----------|

23:15:22.410 [main] INFO  c.gettingstarted.TimedLogic - [TIMEDLOGIC] Market is closed
23:15:22.410 [main] INFO  c.sequencer.consumer.LoggingConsumer - [73] 
|----BID-----|
    134 @ 43
    145 @ 76
    300 @ 91
    200 @ 93
    100 @ 95
    154 @ 98
|----ASK-----|
    501 @ 98
   200 @ 101
  5000 @ 110
  5600 @ 119
   453 @ 123
   645 @ 144
   665 @ 167

23:15:22.410 [main] INFO  c.orderbook.OrderBook - [ORDERBOOK] Processing Mkt Data Update
23:15:22.410 [main] INFO  c.o.v.MutatingRemoveAllMarketDataOrdersVisitor - [ORDERBOOK] Removing market data order:MktData(price=43,quantity=134)
23:15:22.410 [main] INFO  c.o.v.MutatingRemoveAllMarketDataOrdersVisitor - [ORDERBOOK] Removing level:43
23:15:22.410 [main] DEBUG c.orderbook.OrderBook - [ORDERBOOK] ASK: Adding orderMktData(price=43,quantity=134)
23:15:22.410 [main] DEBUG c.orderbook.OrderBook - [ORDERBOOK] ASK: Adding orderMktData(price=76,quantity=145)
23:15:22.410 [main] DEBUG c.orderbook.OrderBook - [ORDERBOOK] ASK: Adding orderMktData(price=91,quantity=300)
23:15:22.410 [main] DEBUG c.orderbook.OrderBook - [ORDERBOOK] ASK: Adding orderMktData(price=93,quantity=200)
23:15:22.410 [main] DEBUG c.orderbook.OrderBook - [ORDERBOOK] ASK: Adding orderMktData(price=95,quantity=100)
23:15:22.410 [main] DEBUG c.orderbook.OrderBook - [ORDERBOOK] ASK: Adding orderMktData(price=98,quantity=154)
23:15:22.410 [main] INFO  c.o.v.MutatingMatchOneMarketDataOrderVisitor - [ORDERBOOK] visiting LevelOrderBookLevel(price=43,quantity=134)
23:15:22.410 [main] INFO  c.o.v.MutatingMatchOneMarketDataOrderVisitor - [ORDERBOOK] Can't match order:MktData(price=43,quantity=134)(MktData(price=98,quantity=154))
23:15:22.410 [main] INFO  c.o.v.MutatingRemoveAllMarketDataOrdersVisitor - [ORDERBOOK] Removing market data order:MktData(price=98,quantity=501)
23:15:22.410 [main] INFO  c.o.v.MutatingRemoveAllMarketDataOrdersVisitor - [ORDERBOOK] Removing level:98
23:15:22.410 [main] INFO  c.o.v.MutatingRemoveAllMarketDataOrdersVisitor - [ORDERBOOK] Removing market data order:MktData(price=101,quantity=200)
23:15:22.410 [main] INFO  c.o.v.MutatingRemoveAllMarketDataOrdersVisitor - [ORDERBOOK] Removing level:101
23:15:22.410 [main] INFO  c.o.v.MutatingRemoveAllMarketDataOrdersVisitor - [ORDERBOOK] Removing market data order:MktData(price=110,quantity=5000)
23:15:22.410 [main] INFO  c.o.v.MutatingRemoveAllMarketDataOrdersVisitor - [ORDERBOOK] Removing level:110
23:15:22.410 [main] INFO  c.o.v.MutatingRemoveAllMarketDataOrdersVisitor - [ORDERBOOK] Removing market data order:MktData(price=119,quantity=5600)
23:15:22.411 [main] INFO  c.o.v.MutatingRemoveAllMarketDataOrdersVisitor - [ORDERBOOK] Removing level:119
23:15:22.411 [main] INFO  c.o.v.MutatingRemoveAllMarketDataOrdersVisitor - [ORDERBOOK] Removing market data order:MktData(price=123,quantity=453)
23:15:22.411 [main] INFO  c.o.v.MutatingRemoveAllMarketDataOrdersVisitor - [ORDERBOOK] Removing level:123
23:15:22.411 [main] INFO  c.o.v.MutatingRemoveAllMarketDataOrdersVisitor - [ORDERBOOK] Removing market data order:MktData(price=144,quantity=645)
23:15:22.411 [main] INFO  c.o.v.MutatingRemoveAllMarketDataOrdersVisitor - [ORDERBOOK] Removing level:144
23:15:22.411 [main] INFO  c.o.v.MutatingRemoveAllMarketDataOrdersVisitor - [ORDERBOOK] Removing market data order:MktData(price=167,quantity=665)
23:15:22.411 [main] INFO  c.o.v.MutatingRemoveAllMarketDataOrdersVisitor - [ORDERBOOK] Removing level:167
23:15:22.411 [main] DEBUG c.orderbook.OrderBook - [ORDERBOOK] ASK: Adding orderMktData(price=98,quantity=501)
23:15:22.411 [main] DEBUG c.orderbook.OrderBook - [ORDERBOOK] ASK: Adding orderMktData(price=101,quantity=200)
23:15:22.411 [main] DEBUG c.orderbook.OrderBook - [ORDERBOOK] ASK: Adding orderMktData(price=110,quantity=5000)
23:15:22.411 [main] DEBUG c.orderbook.OrderBook - [ORDERBOOK] ASK: Adding orderMktData(price=119,quantity=5600)
23:15:22.412 [main] DEBUG c.orderbook.OrderBook - [ORDERBOOK] ASK: Adding orderMktData(price=123,quantity=453)
23:15:22.412 [main] DEBUG c.orderbook.OrderBook - [ORDERBOOK] ASK: Adding orderMktData(price=144,quantity=645)
23:15:22.412 [main] DEBUG c.orderbook.OrderBook - [ORDERBOOK] ASK: Adding orderMktData(price=167,quantity=665)
23:15:22.412 [main] DEBUG c.service.MarketDataService - [ALGO] BID: price:43 quantity:134
23:15:22.412 [main] DEBUG c.service.MarketDataService - [ALGO] BID: price:76 quantity:145
23:15:22.412 [main] DEBUG c.service.MarketDataService - [ALGO] BID: price:91 quantity:300
23:15:22.412 [main] DEBUG c.service.MarketDataService - [ALGO] BID: price:93 quantity:200
23:15:22.412 [main] DEBUG c.service.MarketDataService - [ALGO] BID: price:95 quantity:100
23:15:22.412 [main] DEBUG c.service.MarketDataService - [ALGO] BID: price:98 quantity:154
23:15:22.412 [main] DEBUG c.service.MarketDataService - [ALGO] ASK: price:98 quantity:501
23:15:22.412 [main] DEBUG c.service.MarketDataService - [ALGO] ASK: price:101 quantity:200
23:15:22.412 [main] DEBUG c.service.MarketDataService - [ALGO] ASK: price:110 quantity:5000
23:15:22.412 [main] DEBUG c.service.MarketDataService - [ALGO] ASK: price:119 quantity:5600
23:15:22.412 [main] DEBUG c.service.MarketDataService - [ALGO] ASK: price:123 quantity:453
23:15:22.412 [main] DEBUG c.service.MarketDataService - [ALGO] ASK: price:144 quantity:645
23:15:22.412 [main] DEBUG c.service.MarketDataService - [ALGO] ASK: price:167 quantity:665
23:15:22.412 [main] INFO  c.gettingstarted.MyAlgoLogic - [MYALGO] The state of the order book is:
|----BID-----||----ASK----|
    134 @ 43    501 @ 98
    145 @ 76   200 @ 101
    300 @ 91  5000 @ 110
    200 @ 93  5600 @ 119
    100 @ 95   453 @ 123
    154 @ 98   645 @ 144
          -    665 @ 167
|------------||-----------|

23:15:22.412 [main] INFO  c.gettingstarted.MyAlgoLogic - [MYALGO] Algo Sees Book as: 
|----BID-----||----ASK----|
    134 @ 43    501 @ 98
    145 @ 76   200 @ 101
    300 @ 91  5000 @ 110
    200 @ 93  5600 @ 119
    100 @ 95   453 @ 123
    154 @ 98   645 @ 144
          -    665 @ 167
|------------||-----------|

23:15:22.412 [main] INFO  c.gettingstarted.TimedLogic - [TIMEDLOGIC] Market is closed
23:15:22.412 [main] INFO  c.sequencer.consumer.LoggingConsumer - [74] 
|----BID-----|
    134 @ 43
    145 @ 76
    300 @ 91
    200 @ 93
    100 @ 95
    154 @ 98
|----ASK-----|
    501 @ 98
   200 @ 101
  5000 @ 110
  5600 @ 119
   453 @ 123
   645 @ 144
   665 @ 167

23:15:22.412 [main] INFO  c.orderbook.OrderBook - [ORDERBOOK] Processing Mkt Data Update
23:15:22.412 [main] INFO  c.o.v.MutatingRemoveAllMarketDataOrdersVisitor - [ORDERBOOK] Removing market data order:MktData(price=43,quantity=134)
23:15:22.412 [main] INFO  c.o.v.MutatingRemoveAllMarketDataOrdersVisitor - [ORDERBOOK] Removing level:43
23:15:22.412 [main] DEBUG c.orderbook.OrderBook - [ORDERBOOK] ASK: Adding orderMktData(price=43,quantity=134)
23:15:22.412 [main] DEBUG c.orderbook.OrderBook - [ORDERBOOK] ASK: Adding orderMktData(price=76,quantity=145)
23:15:22.412 [main] DEBUG c.orderbook.OrderBook - [ORDERBOOK] ASK: Adding orderMktData(price=91,quantity=300)
23:15:22.412 [main] DEBUG c.orderbook.OrderBook - [ORDERBOOK] ASK: Adding orderMktData(price=93,quantity=200)
23:15:22.412 [main] DEBUG c.orderbook.OrderBook - [ORDERBOOK] ASK: Adding orderMktData(price=95,quantity=100)
23:15:22.412 [main] DEBUG c.orderbook.OrderBook - [ORDERBOOK] ASK: Adding orderMktData(price=98,quantity=154)
23:15:22.412 [main] INFO  c.o.v.MutatingMatchOneMarketDataOrderVisitor - [ORDERBOOK] visiting LevelOrderBookLevel(price=43,quantity=134)
23:15:22.412 [main] INFO  c.o.v.MutatingMatchOneMarketDataOrderVisitor - [ORDERBOOK] Can't match order:MktData(price=43,quantity=134)(MktData(price=98,quantity=154))
23:15:22.412 [main] INFO  c.o.v.MutatingRemoveAllMarketDataOrdersVisitor - [ORDERBOOK] Removing market data order:MktData(price=98,quantity=501)
23:15:22.412 [main] INFO  c.o.v.MutatingRemoveAllMarketDataOrdersVisitor - [ORDERBOOK] Removing level:98
23:15:22.412 [main] INFO  c.o.v.MutatingRemoveAllMarketDataOrdersVisitor - [ORDERBOOK] Removing market data order:MktData(price=101,quantity=200)
23:15:22.412 [main] INFO  c.o.v.MutatingRemoveAllMarketDataOrdersVisitor - [ORDERBOOK] Removing level:101
23:15:22.412 [main] INFO  c.o.v.MutatingRemoveAllMarketDataOrdersVisitor - [ORDERBOOK] Removing market data order:MktData(price=110,quantity=5000)
23:15:22.412 [main] INFO  c.o.v.MutatingRemoveAllMarketDataOrdersVisitor - [ORDERBOOK] Removing level:110
23:15:22.412 [main] INFO  c.o.v.MutatingRemoveAllMarketDataOrdersVisitor - [ORDERBOOK] Removing market data order:MktData(price=119,quantity=5600)
23:15:22.412 [main] INFO  c.o.v.MutatingRemoveAllMarketDataOrdersVisitor - [ORDERBOOK] Removing level:119
23:15:22.412 [main] INFO  c.o.v.MutatingRemoveAllMarketDataOrdersVisitor - [ORDERBOOK] Removing market data order:MktData(price=123,quantity=453)
23:15:22.412 [main] INFO  c.o.v.MutatingRemoveAllMarketDataOrdersVisitor - [ORDERBOOK] Removing level:123
23:15:22.412 [main] INFO  c.o.v.MutatingRemoveAllMarketDataOrdersVisitor - [ORDERBOOK] Removing market data order:MktData(price=144,quantity=645)
23:15:22.413 [main] INFO  c.o.v.MutatingRemoveAllMarketDataOrdersVisitor - [ORDERBOOK] Removing level:144
23:15:22.413 [main] INFO  c.o.v.MutatingRemoveAllMarketDataOrdersVisitor - [ORDERBOOK] Removing market data order:MktData(price=167,quantity=665)
23:15:22.413 [main] INFO  c.o.v.MutatingRemoveAllMarketDataOrdersVisitor - [ORDERBOOK] Removing level:167
23:15:22.413 [main] DEBUG c.orderbook.OrderBook - [ORDERBOOK] ASK: Adding orderMktData(price=98,quantity=501)
23:15:22.413 [main] DEBUG c.orderbook.OrderBook - [ORDERBOOK] ASK: Adding orderMktData(price=101,quantity=200)
23:15:22.413 [main] DEBUG c.orderbook.OrderBook - [ORDERBOOK] ASK: Adding orderMktData(price=110,quantity=5000)
23:15:22.413 [main] DEBUG c.orderbook.OrderBook - [ORDERBOOK] ASK: Adding orderMktData(price=119,quantity=5600)
23:15:22.413 [main] DEBUG c.orderbook.OrderBook - [ORDERBOOK] ASK: Adding orderMktData(price=123,quantity=453)
23:15:22.413 [main] DEBUG c.orderbook.OrderBook - [ORDERBOOK] ASK: Adding orderMktData(price=144,quantity=645)
23:15:22.413 [main] DEBUG c.orderbook.OrderBook - [ORDERBOOK] ASK: Adding orderMktData(price=167,quantity=665)
23:15:22.413 [main] DEBUG c.service.MarketDataService - [ALGO] BID: price:43 quantity:134
23:15:22.413 [main] DEBUG c.service.MarketDataService - [ALGO] BID: price:76 quantity:145
23:15:22.413 [main] DEBUG c.service.MarketDataService - [ALGO] BID: price:91 quantity:300
23:15:22.413 [main] DEBUG c.service.MarketDataService - [ALGO] BID: price:93 quantity:200
23:15:22.413 [main] DEBUG c.service.MarketDataService - [ALGO] BID: price:95 quantity:100
23:15:22.413 [main] DEBUG c.service.MarketDataService - [ALGO] BID: price:98 quantity:154
23:15:22.413 [main] DEBUG c.service.MarketDataService - [ALGO] ASK: price:98 quantity:501
23:15:22.413 [main] DEBUG c.service.MarketDataService - [ALGO] ASK: price:101 quantity:200
23:15:22.413 [main] DEBUG c.service.MarketDataService - [ALGO] ASK: price:110 quantity:5000
23:15:22.413 [main] DEBUG c.service.MarketDataService - [ALGO] ASK: price:119 quantity:5600
23:15:22.413 [main] DEBUG c.service.MarketDataService - [ALGO] ASK: price:123 quantity:453
23:15:22.413 [main] DEBUG c.service.MarketDataService - [ALGO] ASK: price:144 quantity:645
23:15:22.413 [main] DEBUG c.service.MarketDataService - [ALGO] ASK: price:167 quantity:665
23:15:22.413 [main] INFO  c.gettingstarted.MyAlgoLogic - [MYALGO] The state of the order book is:
|----BID-----||----ASK----|
    134 @ 43    501 @ 98
    145 @ 76   200 @ 101
    300 @ 91  5000 @ 110
    200 @ 93  5600 @ 119
    100 @ 95   453 @ 123
    154 @ 98   645 @ 144
          -    665 @ 167
|------------||-----------|

23:15:22.413 [main] INFO  c.gettingstarted.MyAlgoLogic - [MYALGO] Algo Sees Book as: 
|----BID-----||----ASK----|
    134 @ 43    501 @ 98
    145 @ 76   200 @ 101
    300 @ 91  5000 @ 110
    200 @ 93  5600 @ 119
    100 @ 95   453 @ 123
    154 @ 98   645 @ 144
          -    665 @ 167
|------------||-----------|

23:15:22.413 [main] INFO  c.gettingstarted.TimedLogic - [TIMEDLOGIC] Market is closed
23:15:22.414 [main] INFO  c.sequencer.consumer.LoggingConsumer - [75] 
|----BID-----|
    134 @ 43
    145 @ 76
    300 @ 91
    200 @ 93
    100 @ 95
    154 @ 98
|----ASK-----|
    501 @ 98
   200 @ 101
  5000 @ 110
  5600 @ 119
   453 @ 123
   645 @ 144
   665 @ 167

23:15:22.414 [main] INFO  c.orderbook.OrderBook - [ORDERBOOK] Processing Mkt Data Update
23:15:22.414 [main] INFO  c.o.v.MutatingRemoveAllMarketDataOrdersVisitor - [ORDERBOOK] Removing market data order:MktData(price=43,quantity=134)
23:15:22.414 [main] INFO  c.o.v.MutatingRemoveAllMarketDataOrdersVisitor - [ORDERBOOK] Removing level:43
23:15:22.414 [main] DEBUG c.orderbook.OrderBook - [ORDERBOOK] ASK: Adding orderMktData(price=43,quantity=134)
23:15:22.414 [main] DEBUG c.orderbook.OrderBook - [ORDERBOOK] ASK: Adding orderMktData(price=76,quantity=145)
23:15:22.414 [main] DEBUG c.orderbook.OrderBook - [ORDERBOOK] ASK: Adding orderMktData(price=91,quantity=300)
23:15:22.414 [main] DEBUG c.orderbook.OrderBook - [ORDERBOOK] ASK: Adding orderMktData(price=93,quantity=200)
23:15:22.414 [main] DEBUG c.orderbook.OrderBook - [ORDERBOOK] ASK: Adding orderMktData(price=95,quantity=100)
23:15:22.414 [main] DEBUG c.orderbook.OrderBook - [ORDERBOOK] ASK: Adding orderMktData(price=98,quantity=154)
23:15:22.414 [main] INFO  c.o.v.MutatingMatchOneMarketDataOrderVisitor - [ORDERBOOK] visiting LevelOrderBookLevel(price=43,quantity=134)
23:15:22.414 [main] INFO  c.o.v.MutatingMatchOneMarketDataOrderVisitor - [ORDERBOOK] Can't match order:MktData(price=43,quantity=134)(MktData(price=98,quantity=154))
23:15:22.414 [main] INFO  c.o.v.MutatingRemoveAllMarketDataOrdersVisitor - [ORDERBOOK] Removing market data order:MktData(price=98,quantity=501)
23:15:22.414 [main] INFO  c.o.v.MutatingRemoveAllMarketDataOrdersVisitor - [ORDERBOOK] Removing level:98
23:15:22.414 [main] INFO  c.o.v.MutatingRemoveAllMarketDataOrdersVisitor - [ORDERBOOK] Removing market data order:MktData(price=101,quantity=200)
23:15:22.414 [main] INFO  c.o.v.MutatingRemoveAllMarketDataOrdersVisitor - [ORDERBOOK] Removing level:101
23:15:22.414 [main] INFO  c.o.v.MutatingRemoveAllMarketDataOrdersVisitor - [ORDERBOOK] Removing market data order:MktData(price=110,quantity=5000)
23:15:22.414 [main] INFO  c.o.v.MutatingRemoveAllMarketDataOrdersVisitor - [ORDERBOOK] Removing level:110
23:15:22.414 [main] INFO  c.o.v.MutatingRemoveAllMarketDataOrdersVisitor - [ORDERBOOK] Removing market data order:MktData(price=119,quantity=5600)
23:15:22.414 [main] INFO  c.o.v.MutatingRemoveAllMarketDataOrdersVisitor - [ORDERBOOK] Removing level:119
23:15:22.414 [main] INFO  c.o.v.MutatingRemoveAllMarketDataOrdersVisitor - [ORDERBOOK] Removing market data order:MktData(price=123,quantity=453)
23:15:22.414 [main] INFO  c.o.v.MutatingRemoveAllMarketDataOrdersVisitor - [ORDERBOOK] Removing level:123
23:15:22.414 [main] INFO  c.o.v.MutatingRemoveAllMarketDataOrdersVisitor - [ORDERBOOK] Removing market data order:MktData(price=144,quantity=645)
23:15:22.414 [main] INFO  c.o.v.MutatingRemoveAllMarketDataOrdersVisitor - [ORDERBOOK] Removing level:144
23:15:22.414 [main] INFO  c.o.v.MutatingRemoveAllMarketDataOrdersVisitor - [ORDERBOOK] Removing market data order:MktData(price=167,quantity=665)
23:15:22.414 [main] INFO  c.o.v.MutatingRemoveAllMarketDataOrdersVisitor - [ORDERBOOK] Removing level:167
23:15:22.414 [main] DEBUG c.orderbook.OrderBook - [ORDERBOOK] ASK: Adding orderMktData(price=98,quantity=501)
23:15:22.414 [main] DEBUG c.orderbook.OrderBook - [ORDERBOOK] ASK: Adding orderMktData(price=101,quantity=200)
23:15:22.414 [main] DEBUG c.orderbook.OrderBook - [ORDERBOOK] ASK: Adding orderMktData(price=110,quantity=5000)
23:15:22.414 [main] DEBUG c.orderbook.OrderBook - [ORDERBOOK] ASK: Adding orderMktData(price=119,quantity=5600)
23:15:22.414 [main] DEBUG c.orderbook.OrderBook - [ORDERBOOK] ASK: Adding orderMktData(price=123,quantity=453)
23:15:22.414 [main] DEBUG c.orderbook.OrderBook - [ORDERBOOK] ASK: Adding orderMktData(price=144,quantity=645)
23:15:22.414 [main] DEBUG c.orderbook.OrderBook - [ORDERBOOK] ASK: Adding orderMktData(price=167,quantity=665)
23:15:22.414 [main] DEBUG c.service.MarketDataService - [ALGO] BID: price:43 quantity:134
23:15:22.414 [main] DEBUG c.service.MarketDataService - [ALGO] BID: price:76 quantity:145
23:15:22.414 [main] DEBUG c.service.MarketDataService - [ALGO] BID: price:91 quantity:300
23:15:22.414 [main] DEBUG c.service.MarketDataService - [ALGO] BID: price:93 quantity:200
23:15:22.414 [main] DEBUG c.service.MarketDataService - [ALGO] BID: price:95 quantity:100
23:15:22.414 [main] DEBUG c.service.MarketDataService - [ALGO] BID: price:98 quantity:154
23:15:22.414 [main] DEBUG c.service.MarketDataService - [ALGO] ASK: price:98 quantity:501
23:15:22.414 [main] DEBUG c.service.MarketDataService - [ALGO] ASK: price:101 quantity:200
23:15:22.414 [main] DEBUG c.service.MarketDataService - [ALGO] ASK: price:110 quantity:5000
23:15:22.414 [main] DEBUG c.service.MarketDataService - [ALGO] ASK: price:119 quantity:5600
23:15:22.414 [main] DEBUG c.service.MarketDataService - [ALGO] ASK: price:123 quantity:453
23:15:22.414 [main] DEBUG c.service.MarketDataService - [ALGO] ASK: price:144 quantity:645
23:15:22.414 [main] DEBUG c.service.MarketDataService - [ALGO] ASK: price:167 quantity:665
23:15:22.414 [main] INFO  c.gettingstarted.MyAlgoLogic - [MYALGO] The state of the order book is:
|----BID-----||----ASK----|
    134 @ 43    501 @ 98
    145 @ 76   200 @ 101
    300 @ 91  5000 @ 110
    200 @ 93  5600 @ 119
    100 @ 95   453 @ 123
    154 @ 98   645 @ 144
          -    665 @ 167
|------------||-----------|

23:15:22.415 [main] INFO  c.gettingstarted.MyAlgoLogic - [MYALGO] Algo Sees Book as: 
|----BID-----||----ASK----|
    134 @ 43    501 @ 98
    145 @ 76   200 @ 101
    300 @ 91  5000 @ 110
    200 @ 93  5600 @ 119
    100 @ 95   453 @ 123
    154 @ 98   645 @ 144
          -    665 @ 167
|------------||-----------|

23:15:22.415 [main] INFO  c.gettingstarted.TimedLogic - [TIMEDLOGIC] Market is closed
23:15:22.415 [main] INFO  c.sequencer.consumer.LoggingConsumer - [76] 
|----BID-----|
    134 @ 43
    145 @ 76
    300 @ 91
    200 @ 93
    100 @ 95
    154 @ 98
|----ASK-----|
    501 @ 98
   200 @ 101
  5000 @ 110
  5600 @ 119
   453 @ 123
   645 @ 144
   665 @ 167

23:15:22.415 [main] INFO  c.orderbook.OrderBook - [ORDERBOOK] Processing Mkt Data Update
23:15:22.415 [main] INFO  c.o.v.MutatingRemoveAllMarketDataOrdersVisitor - [ORDERBOOK] Removing market data order:MktData(price=43,quantity=134)
23:15:22.415 [main] INFO  c.o.v.MutatingRemoveAllMarketDataOrdersVisitor - [ORDERBOOK] Removing level:43
23:15:22.415 [main] DEBUG c.orderbook.OrderBook - [ORDERBOOK] ASK: Adding orderMktData(price=43,quantity=134)
23:15:22.415 [main] DEBUG c.orderbook.OrderBook - [ORDERBOOK] ASK: Adding orderMktData(price=76,quantity=145)
23:15:22.415 [main] DEBUG c.orderbook.OrderBook - [ORDERBOOK] ASK: Adding orderMktData(price=91,quantity=300)
23:15:22.415 [main] DEBUG c.orderbook.OrderBook - [ORDERBOOK] ASK: Adding orderMktData(price=93,quantity=200)
23:15:22.415 [main] DEBUG c.orderbook.OrderBook - [ORDERBOOK] ASK: Adding orderMktData(price=95,quantity=100)
23:15:22.415 [main] DEBUG c.orderbook.OrderBook - [ORDERBOOK] ASK: Adding orderMktData(price=98,quantity=154)
23:15:22.415 [main] INFO  c.o.v.MutatingMatchOneMarketDataOrderVisitor - [ORDERBOOK] visiting LevelOrderBookLevel(price=43,quantity=134)
23:15:22.415 [main] INFO  c.o.v.MutatingMatchOneMarketDataOrderVisitor - [ORDERBOOK] Can't match order:MktData(price=43,quantity=134)(MktData(price=98,quantity=154))
23:15:22.415 [main] INFO  c.o.v.MutatingRemoveAllMarketDataOrdersVisitor - [ORDERBOOK] Removing market data order:MktData(price=98,quantity=501)
23:15:22.415 [main] INFO  c.o.v.MutatingRemoveAllMarketDataOrdersVisitor - [ORDERBOOK] Removing level:98
23:15:22.415 [main] INFO  c.o.v.MutatingRemoveAllMarketDataOrdersVisitor - [ORDERBOOK] Removing market data order:MktData(price=101,quantity=200)
23:15:22.415 [main] INFO  c.o.v.MutatingRemoveAllMarketDataOrdersVisitor - [ORDERBOOK] Removing level:101
23:15:22.415 [main] INFO  c.o.v.MutatingRemoveAllMarketDataOrdersVisitor - [ORDERBOOK] Removing market data order:MktData(price=110,quantity=5000)
23:15:22.415 [main] INFO  c.o.v.MutatingRemoveAllMarketDataOrdersVisitor - [ORDERBOOK] Removing level:110
23:15:22.415 [main] INFO  c.o.v.MutatingRemoveAllMarketDataOrdersVisitor - [ORDERBOOK] Removing market data order:MktData(price=119,quantity=5600)
23:15:22.415 [main] INFO  c.o.v.MutatingRemoveAllMarketDataOrdersVisitor - [ORDERBOOK] Removing level:119
23:15:22.415 [main] INFO  c.o.v.MutatingRemoveAllMarketDataOrdersVisitor - [ORDERBOOK] Removing market data order:MktData(price=123,quantity=453)
23:15:22.415 [main] INFO  c.o.v.MutatingRemoveAllMarketDataOrdersVisitor - [ORDERBOOK] Removing level:123
23:15:22.415 [main] INFO  c.o.v.MutatingRemoveAllMarketDataOrdersVisitor - [ORDERBOOK] Removing market data order:MktData(price=144,quantity=645)
23:15:22.415 [main] INFO  c.o.v.MutatingRemoveAllMarketDataOrdersVisitor - [ORDERBOOK] Removing level:144
23:15:22.415 [main] INFO  c.o.v.MutatingRemoveAllMarketDataOrdersVisitor - [ORDERBOOK] Removing market data order:MktData(price=167,quantity=665)
23:15:22.415 [main] INFO  c.o.v.MutatingRemoveAllMarketDataOrdersVisitor - [ORDERBOOK] Removing level:167
23:15:22.415 [main] DEBUG c.orderbook.OrderBook - [ORDERBOOK] ASK: Adding orderMktData(price=98,quantity=501)
23:15:22.415 [main] DEBUG c.orderbook.OrderBook - [ORDERBOOK] ASK: Adding orderMktData(price=101,quantity=200)
23:15:22.415 [main] DEBUG c.orderbook.OrderBook - [ORDERBOOK] ASK: Adding orderMktData(price=110,quantity=5000)
23:15:22.415 [main] DEBUG c.orderbook.OrderBook - [ORDERBOOK] ASK: Adding orderMktData(price=119,quantity=5600)
23:15:22.415 [main] DEBUG c.orderbook.OrderBook - [ORDERBOOK] ASK: Adding orderMktData(price=123,quantity=453)
23:15:22.415 [main] DEBUG c.orderbook.OrderBook - [ORDERBOOK] ASK: Adding orderMktData(price=144,quantity=645)
23:15:22.415 [main] DEBUG c.orderbook.OrderBook - [ORDERBOOK] ASK: Adding orderMktData(price=167,quantity=665)
23:15:22.415 [main] DEBUG c.service.MarketDataService - [ALGO] BID: price:43 quantity:134
23:15:22.415 [main] DEBUG c.service.MarketDataService - [ALGO] BID: price:76 quantity:145
23:15:22.415 [main] DEBUG c.service.MarketDataService - [ALGO] BID: price:91 quantity:300
23:15:22.415 [main] DEBUG c.service.MarketDataService - [ALGO] BID: price:93 quantity:200
23:15:22.415 [main] DEBUG c.service.MarketDataService - [ALGO] BID: price:95 quantity:100
23:15:22.415 [main] DEBUG c.service.MarketDataService - [ALGO] BID: price:98 quantity:154
23:15:22.415 [main] DEBUG c.service.MarketDataService - [ALGO] ASK: price:98 quantity:501
23:15:22.415 [main] DEBUG c.service.MarketDataService - [ALGO] ASK: price:101 quantity:200
23:15:22.415 [main] DEBUG c.service.MarketDataService - [ALGO] ASK: price:110 quantity:5000
23:15:22.415 [main] DEBUG c.service.MarketDataService - [ALGO] ASK: price:119 quantity:5600
23:15:22.415 [main] DEBUG c.service.MarketDataService - [ALGO] ASK: price:123 quantity:453
23:15:22.415 [main] DEBUG c.service.MarketDataService - [ALGO] ASK: price:144 quantity:645
23:15:22.415 [main] DEBUG c.service.MarketDataService - [ALGO] ASK: price:167 quantity:665
23:15:22.415 [main] INFO  c.gettingstarted.MyAlgoLogic - [MYALGO] The state of the order book is:
|----BID-----||----ASK----|
    134 @ 43    501 @ 98
    145 @ 76   200 @ 101
    300 @ 91  5000 @ 110
    200 @ 93  5600 @ 119
    100 @ 95   453 @ 123
    154 @ 98   645 @ 144
          -    665 @ 167
|------------||-----------|

23:15:22.415 [main] INFO  c.gettingstarted.MyAlgoLogic - [MYALGO] Algo Sees Book as: 
|----BID-----||----ASK----|
    134 @ 43    501 @ 98
    145 @ 76   200 @ 101
    300 @ 91  5000 @ 110
    200 @ 93  5600 @ 119
    100 @ 95   453 @ 123
    154 @ 98   645 @ 144
          -    665 @ 167
|------------||-----------|

23:15:22.415 [main] INFO  c.gettingstarted.TimedLogic - [TIMEDLOGIC] Market is closed
23:15:22.415 [main] INFO  c.sequencer.consumer.LoggingConsumer - [77] 
|----BID-----|
    134 @ 43
    145 @ 76
    300 @ 91
    200 @ 93
    100 @ 95
    154 @ 98
|----ASK-----|
    501 @ 98
   200 @ 101
  5000 @ 110
  5600 @ 119
   453 @ 123
   645 @ 144
   665 @ 167

23:15:22.415 [main] INFO  c.orderbook.OrderBook - [ORDERBOOK] Processing Mkt Data Update
23:15:22.415 [main] INFO  c.o.v.MutatingRemoveAllMarketDataOrdersVisitor - [ORDERBOOK] Removing market data order:MktData(price=43,quantity=134)
23:15:22.416 [main] INFO  c.o.v.MutatingRemoveAllMarketDataOrdersVisitor - [ORDERBOOK] Removing level:43
23:15:22.416 [main] DEBUG c.orderbook.OrderBook - [ORDERBOOK] ASK: Adding orderMktData(price=43,quantity=134)
23:15:22.416 [main] DEBUG c.orderbook.OrderBook - [ORDERBOOK] ASK: Adding orderMktData(price=76,quantity=145)
23:15:22.416 [main] DEBUG c.orderbook.OrderBook - [ORDERBOOK] ASK: Adding orderMktData(price=91,quantity=300)
23:15:22.416 [main] DEBUG c.orderbook.OrderBook - [ORDERBOOK] ASK: Adding orderMktData(price=93,quantity=200)
23:15:22.416 [main] DEBUG c.orderbook.OrderBook - [ORDERBOOK] ASK: Adding orderMktData(price=95,quantity=100)
23:15:22.416 [main] DEBUG c.orderbook.OrderBook - [ORDERBOOK] ASK: Adding orderMktData(price=98,quantity=154)
23:15:22.416 [main] INFO  c.o.v.MutatingMatchOneMarketDataOrderVisitor - [ORDERBOOK] visiting LevelOrderBookLevel(price=43,quantity=134)
23:15:22.416 [main] INFO  c.o.v.MutatingMatchOneMarketDataOrderVisitor - [ORDERBOOK] Can't match order:MktData(price=43,quantity=134)(MktData(price=98,quantity=154))
23:15:22.416 [main] INFO  c.o.v.MutatingRemoveAllMarketDataOrdersVisitor - [ORDERBOOK] Removing market data order:MktData(price=98,quantity=501)
23:15:22.416 [main] INFO  c.o.v.MutatingRemoveAllMarketDataOrdersVisitor - [ORDERBOOK] Removing level:98
23:15:22.416 [main] INFO  c.o.v.MutatingRemoveAllMarketDataOrdersVisitor - [ORDERBOOK] Removing market data order:MktData(price=101,quantity=200)
23:15:22.416 [main] INFO  c.o.v.MutatingRemoveAllMarketDataOrdersVisitor - [ORDERBOOK] Removing level:101
23:15:22.416 [main] INFO  c.o.v.MutatingRemoveAllMarketDataOrdersVisitor - [ORDERBOOK] Removing market data order:MktData(price=110,quantity=5000)
23:15:22.416 [main] INFO  c.o.v.MutatingRemoveAllMarketDataOrdersVisitor - [ORDERBOOK] Removing level:110
23:15:22.416 [main] INFO  c.o.v.MutatingRemoveAllMarketDataOrdersVisitor - [ORDERBOOK] Removing market data order:MktData(price=119,quantity=5600)
23:15:22.416 [main] INFO  c.o.v.MutatingRemoveAllMarketDataOrdersVisitor - [ORDERBOOK] Removing level:119
23:15:22.416 [main] INFO  c.o.v.MutatingRemoveAllMarketDataOrdersVisitor - [ORDERBOOK] Removing market data order:MktData(price=123,quantity=453)
23:15:22.416 [main] INFO  c.o.v.MutatingRemoveAllMarketDataOrdersVisitor - [ORDERBOOK] Removing level:123
23:15:22.416 [main] INFO  c.o.v.MutatingRemoveAllMarketDataOrdersVisitor - [ORDERBOOK] Removing market data order:MktData(price=144,quantity=645)
23:15:22.416 [main] INFO  c.o.v.MutatingRemoveAllMarketDataOrdersVisitor - [ORDERBOOK] Removing level:144
23:15:22.416 [main] INFO  c.o.v.MutatingRemoveAllMarketDataOrdersVisitor - [ORDERBOOK] Removing market data order:MktData(price=167,quantity=665)
23:15:22.416 [main] INFO  c.o.v.MutatingRemoveAllMarketDataOrdersVisitor - [ORDERBOOK] Removing level:167
23:15:22.416 [main] DEBUG c.orderbook.OrderBook - [ORDERBOOK] ASK: Adding orderMktData(price=98,quantity=501)
23:15:22.416 [main] DEBUG c.orderbook.OrderBook - [ORDERBOOK] ASK: Adding orderMktData(price=101,quantity=200)
23:15:22.416 [main] DEBUG c.orderbook.OrderBook - [ORDERBOOK] ASK: Adding orderMktData(price=110,quantity=5000)
23:15:22.416 [main] DEBUG c.orderbook.OrderBook - [ORDERBOOK] ASK: Adding orderMktData(price=119,quantity=5600)
23:15:22.416 [main] DEBUG c.orderbook.OrderBook - [ORDERBOOK] ASK: Adding orderMktData(price=123,quantity=453)
23:15:22.416 [main] DEBUG c.orderbook.OrderBook - [ORDERBOOK] ASK: Adding orderMktData(price=144,quantity=645)
23:15:22.416 [main] DEBUG c.orderbook.OrderBook - [ORDERBOOK] ASK: Adding orderMktData(price=167,quantity=665)
23:15:22.416 [main] DEBUG c.service.MarketDataService - [ALGO] BID: price:43 quantity:134
23:15:22.416 [main] DEBUG c.service.MarketDataService - [ALGO] BID: price:76 quantity:145
23:15:22.416 [main] DEBUG c.service.MarketDataService - [ALGO] BID: price:91 quantity:300
23:15:22.416 [main] DEBUG c.service.MarketDataService - [ALGO] BID: price:93 quantity:200
23:15:22.416 [main] DEBUG c.service.MarketDataService - [ALGO] BID: price:95 quantity:100
23:15:22.416 [main] DEBUG c.service.MarketDataService - [ALGO] BID: price:98 quantity:154
23:15:22.416 [main] DEBUG c.service.MarketDataService - [ALGO] ASK: price:98 quantity:501
23:15:22.416 [main] DEBUG c.service.MarketDataService - [ALGO] ASK: price:101 quantity:200
23:15:22.416 [main] DEBUG c.service.MarketDataService - [ALGO] ASK: price:110 quantity:5000
23:15:22.416 [main] DEBUG c.service.MarketDataService - [ALGO] ASK: price:119 quantity:5600
23:15:22.416 [main] DEBUG c.service.MarketDataService - [ALGO] ASK: price:123 quantity:453
23:15:22.416 [main] DEBUG c.service.MarketDataService - [ALGO] ASK: price:144 quantity:645
23:15:22.416 [main] DEBUG c.service.MarketDataService - [ALGO] ASK: price:167 quantity:665
23:15:22.417 [main] INFO  c.gettingstarted.MyAlgoLogic - [MYALGO] The state of the order book is:
|----BID-----||----ASK----|
    134 @ 43    501 @ 98
    145 @ 76   200 @ 101
    300 @ 91  5000 @ 110
    200 @ 93  5600 @ 119
    100 @ 95   453 @ 123
    154 @ 98   645 @ 144
          -    665 @ 167
|------------||-----------|

23:15:22.417 [main] INFO  c.gettingstarted.MyAlgoLogic - [MYALGO] Algo Sees Book as: 
|----BID-----||----ASK----|
    134 @ 43    501 @ 98
    145 @ 76   200 @ 101
    300 @ 91  5000 @ 110
    200 @ 93  5600 @ 119
    100 @ 95   453 @ 123
    154 @ 98   645 @ 144
          -    665 @ 167
|------------||-----------|

23:15:22.417 [main] INFO  c.gettingstarted.TimedLogic - [TIMEDLOGIC] Market is closed
23:15:22.417 [main] INFO  c.sequencer.consumer.LoggingConsumer - [78] 
|----BID-----|
    134 @ 43
    145 @ 76
    300 @ 91
    200 @ 93
    100 @ 95
    154 @ 98
|----ASK-----|
    501 @ 98
   200 @ 101
  5000 @ 110
  5600 @ 119
   453 @ 123
   645 @ 144
   665 @ 167

23:15:22.418 [main] INFO  c.orderbook.OrderBook - [ORDERBOOK] Processing Mkt Data Update
23:15:22.418 [main] INFO  c.o.v.MutatingRemoveAllMarketDataOrdersVisitor - [ORDERBOOK] Removing market data order:MktData(price=43,quantity=134)
23:15:22.418 [main] INFO  c.o.v.MutatingRemoveAllMarketDataOrdersVisitor - [ORDERBOOK] Removing level:43
23:15:22.418 [main] DEBUG c.orderbook.OrderBook - [ORDERBOOK] ASK: Adding orderMktData(price=43,quantity=134)
23:15:22.418 [main] DEBUG c.orderbook.OrderBook - [ORDERBOOK] ASK: Adding orderMktData(price=76,quantity=145)
23:15:22.418 [main] DEBUG c.orderbook.OrderBook - [ORDERBOOK] ASK: Adding orderMktData(price=91,quantity=300)
23:15:22.418 [main] DEBUG c.orderbook.OrderBook - [ORDERBOOK] ASK: Adding orderMktData(price=93,quantity=200)
23:15:22.418 [main] DEBUG c.orderbook.OrderBook - [ORDERBOOK] ASK: Adding orderMktData(price=95,quantity=100)
23:15:22.418 [main] DEBUG c.orderbook.OrderBook - [ORDERBOOK] ASK: Adding orderMktData(price=98,quantity=154)
23:15:22.418 [main] INFO  c.o.v.MutatingMatchOneMarketDataOrderVisitor - [ORDERBOOK] visiting LevelOrderBookLevel(price=43,quantity=134)
23:15:22.418 [main] INFO  c.o.v.MutatingMatchOneMarketDataOrderVisitor - [ORDERBOOK] Can't match order:MktData(price=43,quantity=134)(MktData(price=98,quantity=154))
23:15:22.418 [main] INFO  c.o.v.MutatingRemoveAllMarketDataOrdersVisitor - [ORDERBOOK] Removing market data order:MktData(price=98,quantity=501)
23:15:22.418 [main] INFO  c.o.v.MutatingRemoveAllMarketDataOrdersVisitor - [ORDERBOOK] Removing level:98
23:15:22.418 [main] INFO  c.o.v.MutatingRemoveAllMarketDataOrdersVisitor - [ORDERBOOK] Removing market data order:MktData(price=101,quantity=200)
23:15:22.418 [main] INFO  c.o.v.MutatingRemoveAllMarketDataOrdersVisitor - [ORDERBOOK] Removing level:101
23:15:22.418 [main] INFO  c.o.v.MutatingRemoveAllMarketDataOrdersVisitor - [ORDERBOOK] Removing market data order:MktData(price=110,quantity=5000)
23:15:22.418 [main] INFO  c.o.v.MutatingRemoveAllMarketDataOrdersVisitor - [ORDERBOOK] Removing level:110
23:15:22.418 [main] INFO  c.o.v.MutatingRemoveAllMarketDataOrdersVisitor - [ORDERBOOK] Removing market data order:MktData(price=119,quantity=5600)
23:15:22.418 [main] INFO  c.o.v.MutatingRemoveAllMarketDataOrdersVisitor - [ORDERBOOK] Removing level:119
23:15:22.418 [main] INFO  c.o.v.MutatingRemoveAllMarketDataOrdersVisitor - [ORDERBOOK] Removing market data order:MktData(price=123,quantity=453)
23:15:22.418 [main] INFO  c.o.v.MutatingRemoveAllMarketDataOrdersVisitor - [ORDERBOOK] Removing level:123
23:15:22.418 [main] INFO  c.o.v.MutatingRemoveAllMarketDataOrdersVisitor - [ORDERBOOK] Removing market data order:MktData(price=144,quantity=645)
23:15:22.418 [main] INFO  c.o.v.MutatingRemoveAllMarketDataOrdersVisitor - [ORDERBOOK] Removing level:144
23:15:22.418 [main] INFO  c.o.v.MutatingRemoveAllMarketDataOrdersVisitor - [ORDERBOOK] Removing market data order:MktData(price=167,quantity=665)
23:15:22.418 [main] INFO  c.o.v.MutatingRemoveAllMarketDataOrdersVisitor - [ORDERBOOK] Removing level:167
23:15:22.418 [main] DEBUG c.orderbook.OrderBook - [ORDERBOOK] ASK: Adding orderMktData(price=98,quantity=501)
23:15:22.418 [main] DEBUG c.orderbook.OrderBook - [ORDERBOOK] ASK: Adding orderMktData(price=101,quantity=200)
23:15:22.418 [main] DEBUG c.orderbook.OrderBook - [ORDERBOOK] ASK: Adding orderMktData(price=110,quantity=5000)
23:15:22.418 [main] DEBUG c.orderbook.OrderBook - [ORDERBOOK] ASK: Adding orderMktData(price=119,quantity=5600)
23:15:22.418 [main] DEBUG c.orderbook.OrderBook - [ORDERBOOK] ASK: Adding orderMktData(price=123,quantity=453)
23:15:22.418 [main] DEBUG c.orderbook.OrderBook - [ORDERBOOK] ASK: Adding orderMktData(price=144,quantity=645)
23:15:22.418 [main] DEBUG c.orderbook.OrderBook - [ORDERBOOK] ASK: Adding orderMktData(price=167,quantity=665)
23:15:22.418 [main] DEBUG c.service.MarketDataService - [ALGO] BID: price:43 quantity:134
23:15:22.418 [main] DEBUG c.service.MarketDataService - [ALGO] BID: price:76 quantity:145
23:15:22.418 [main] DEBUG c.service.MarketDataService - [ALGO] BID: price:91 quantity:300
23:15:22.418 [main] DEBUG c.service.MarketDataService - [ALGO] BID: price:93 quantity:200
23:15:22.418 [main] DEBUG c.service.MarketDataService - [ALGO] BID: price:95 quantity:100
23:15:22.418 [main] DEBUG c.service.MarketDataService - [ALGO] BID: price:98 quantity:154
23:15:22.418 [main] DEBUG c.service.MarketDataService - [ALGO] ASK: price:98 quantity:501
23:15:22.418 [main] DEBUG c.service.MarketDataService - [ALGO] ASK: price:101 quantity:200
23:15:22.418 [main] DEBUG c.service.MarketDataService - [ALGO] ASK: price:110 quantity:5000
23:15:22.418 [main] DEBUG c.service.MarketDataService - [ALGO] ASK: price:119 quantity:5600
23:15:22.418 [main] DEBUG c.service.MarketDataService - [ALGO] ASK: price:123 quantity:453
23:15:22.418 [main] DEBUG c.service.MarketDataService - [ALGO] ASK: price:144 quantity:645
23:15:22.418 [main] DEBUG c.service.MarketDataService - [ALGO] ASK: price:167 quantity:665
23:15:22.418 [main] INFO  c.gettingstarted.MyAlgoLogic - [MYALGO] The state of the order book is:
|----BID-----||----ASK----|
    134 @ 43    501 @ 98
    145 @ 76   200 @ 101
    300 @ 91  5000 @ 110
    200 @ 93  5600 @ 119
    100 @ 95   453 @ 123
    154 @ 98   645 @ 144
          -    665 @ 167
|------------||-----------|

23:15:22.418 [main] INFO  c.gettingstarted.MyAlgoLogic - [MYALGO] Algo Sees Book as: 
|----BID-----||----ASK----|
    134 @ 43    501 @ 98
    145 @ 76   200 @ 101
    300 @ 91  5000 @ 110
    200 @ 93  5600 @ 119
    100 @ 95   453 @ 123
    154 @ 98   645 @ 144
          -    665 @ 167
|------------||-----------|

23:15:22.418 [main] INFO  c.gettingstarted.TimedLogic - [TIMEDLOGIC] Market is closed
23:15:22.418 [main] INFO  c.sequencer.consumer.LoggingConsumer - [79] 
|----BID-----|
    134 @ 43
    145 @ 76
    300 @ 91
    200 @ 93
    100 @ 95
    154 @ 98
|----ASK-----|
    501 @ 98
   200 @ 101
  5000 @ 110
  5600 @ 119
   453 @ 123
   645 @ 144
   665 @ 167

23:15:22.418 [main] INFO  c.orderbook.OrderBook - [ORDERBOOK] Processing Mkt Data Update
23:15:22.418 [main] INFO  c.o.v.MutatingRemoveAllMarketDataOrdersVisitor - [ORDERBOOK] Removing market data order:MktData(price=43,quantity=134)
23:15:22.418 [main] INFO  c.o.v.MutatingRemoveAllMarketDataOrdersVisitor - [ORDERBOOK] Removing level:43
23:15:22.418 [main] DEBUG c.orderbook.OrderBook - [ORDERBOOK] ASK: Adding orderMktData(price=43,quantity=134)
23:15:22.418 [main] DEBUG c.orderbook.OrderBook - [ORDERBOOK] ASK: Adding orderMktData(price=76,quantity=145)
23:15:22.418 [main] DEBUG c.orderbook.OrderBook - [ORDERBOOK] ASK: Adding orderMktData(price=91,quantity=300)
23:15:22.418 [main] DEBUG c.orderbook.OrderBook - [ORDERBOOK] ASK: Adding orderMktData(price=93,quantity=200)
23:15:22.418 [main] DEBUG c.orderbook.OrderBook - [ORDERBOOK] ASK: Adding orderMktData(price=95,quantity=100)
23:15:22.418 [main] DEBUG c.orderbook.OrderBook - [ORDERBOOK] ASK: Adding orderMktData(price=98,quantity=154)
23:15:22.418 [main] INFO  c.o.v.MutatingMatchOneMarketDataOrderVisitor - [ORDERBOOK] visiting LevelOrderBookLevel(price=43,quantity=134)
23:15:22.418 [main] INFO  c.o.v.MutatingMatchOneMarketDataOrderVisitor - [ORDERBOOK] Can't match order:MktData(price=43,quantity=134)(MktData(price=98,quantity=154))
23:15:22.418 [main] INFO  c.o.v.MutatingRemoveAllMarketDataOrdersVisitor - [ORDERBOOK] Removing market data order:MktData(price=98,quantity=501)
23:15:22.418 [main] INFO  c.o.v.MutatingRemoveAllMarketDataOrdersVisitor - [ORDERBOOK] Removing level:98
23:15:22.418 [main] INFO  c.o.v.MutatingRemoveAllMarketDataOrdersVisitor - [ORDERBOOK] Removing market data order:MktData(price=101,quantity=200)
23:15:22.418 [main] INFO  c.o.v.MutatingRemoveAllMarketDataOrdersVisitor - [ORDERBOOK] Removing level:101
23:15:22.418 [main] INFO  c.o.v.MutatingRemoveAllMarketDataOrdersVisitor - [ORDERBOOK] Removing market data order:MktData(price=110,quantity=5000)
23:15:22.418 [main] INFO  c.o.v.MutatingRemoveAllMarketDataOrdersVisitor - [ORDERBOOK] Removing level:110
23:15:22.418 [main] INFO  c.o.v.MutatingRemoveAllMarketDataOrdersVisitor - [ORDERBOOK] Removing market data order:MktData(price=119,quantity=5600)
23:15:22.418 [main] INFO  c.o.v.MutatingRemoveAllMarketDataOrdersVisitor - [ORDERBOOK] Removing level:119
23:15:22.418 [main] INFO  c.o.v.MutatingRemoveAllMarketDataOrdersVisitor - [ORDERBOOK] Removing market data order:MktData(price=123,quantity=453)
23:15:22.418 [main] INFO  c.o.v.MutatingRemoveAllMarketDataOrdersVisitor - [ORDERBOOK] Removing level:123
23:15:22.418 [main] INFO  c.o.v.MutatingRemoveAllMarketDataOrdersVisitor - [ORDERBOOK] Removing market data order:MktData(price=144,quantity=645)
23:15:22.418 [main] INFO  c.o.v.MutatingRemoveAllMarketDataOrdersVisitor - [ORDERBOOK] Removing level:144
23:15:22.418 [main] INFO  c.o.v.MutatingRemoveAllMarketDataOrdersVisitor - [ORDERBOOK] Removing market data order:MktData(price=167,quantity=665)
23:15:22.418 [main] INFO  c.o.v.MutatingRemoveAllMarketDataOrdersVisitor - [ORDERBOOK] Removing level:167
23:15:22.418 [main] DEBUG c.orderbook.OrderBook - [ORDERBOOK] ASK: Adding orderMktData(price=98,quantity=501)
23:15:22.418 [main] DEBUG c.orderbook.OrderBook - [ORDERBOOK] ASK: Adding orderMktData(price=101,quantity=200)
23:15:22.418 [main] DEBUG c.orderbook.OrderBook - [ORDERBOOK] ASK: Adding orderMktData(price=110,quantity=5000)
23:15:22.418 [main] DEBUG c.orderbook.OrderBook - [ORDERBOOK] ASK: Adding orderMktData(price=119,quantity=5600)
23:15:22.418 [main] DEBUG c.orderbook.OrderBook - [ORDERBOOK] ASK: Adding orderMktData(price=123,quantity=453)
23:15:22.418 [main] DEBUG c.orderbook.OrderBook - [ORDERBOOK] ASK: Adding orderMktData(price=144,quantity=645)
23:15:22.418 [main] DEBUG c.orderbook.OrderBook - [ORDERBOOK] ASK: Adding orderMktData(price=167,quantity=665)
23:15:22.418 [main] DEBUG c.service.MarketDataService - [ALGO] BID: price:43 quantity:134
23:15:22.419 [main] DEBUG c.service.MarketDataService - [ALGO] BID: price:76 quantity:145
23:15:22.419 [main] DEBUG c.service.MarketDataService - [ALGO] BID: price:91 quantity:300
23:15:22.419 [main] DEBUG c.service.MarketDataService - [ALGO] BID: price:93 quantity:200
23:15:22.419 [main] DEBUG c.service.MarketDataService - [ALGO] BID: price:95 quantity:100
23:15:22.419 [main] DEBUG c.service.MarketDataService - [ALGO] BID: price:98 quantity:154
23:15:22.419 [main] DEBUG c.service.MarketDataService - [ALGO] ASK: price:98 quantity:501
23:15:22.419 [main] DEBUG c.service.MarketDataService - [ALGO] ASK: price:101 quantity:200
23:15:22.419 [main] DEBUG c.service.MarketDataService - [ALGO] ASK: price:110 quantity:5000
23:15:22.419 [main] DEBUG c.service.MarketDataService - [ALGO] ASK: price:119 quantity:5600
23:15:22.419 [main] DEBUG c.service.MarketDataService - [ALGO] ASK: price:123 quantity:453
23:15:22.419 [main] DEBUG c.service.MarketDataService - [ALGO] ASK: price:144 quantity:645
23:15:22.419 [main] DEBUG c.service.MarketDataService - [ALGO] ASK: price:167 quantity:665
23:15:22.419 [main] INFO  c.gettingstarted.MyAlgoLogic - [MYALGO] The state of the order book is:
|----BID-----||----ASK----|
    134 @ 43    501 @ 98
    145 @ 76   200 @ 101
    300 @ 91  5000 @ 110
    200 @ 93  5600 @ 119
    100 @ 95   453 @ 123
    154 @ 98   645 @ 144
          -    665 @ 167
|------------||-----------|

23:15:22.419 [main] INFO  c.gettingstarted.MyAlgoLogic - [MYALGO] Algo Sees Book as: 
|----BID-----||----ASK----|
    134 @ 43    501 @ 98
    145 @ 76   200 @ 101
    300 @ 91  5000 @ 110
    200 @ 93  5600 @ 119
    100 @ 95   453 @ 123
    154 @ 98   645 @ 144
          -    665 @ 167
|------------||-----------|

23:15:22.419 [main] INFO  c.gettingstarted.TimedLogic - [TIMEDLOGIC] Market is closed
23:15:22.419 [main] INFO  c.sequencer.consumer.LoggingConsumer - [80] 
|----BID-----|
    134 @ 43
    145 @ 76
    300 @ 91
    200 @ 93
    100 @ 95
    154 @ 98
|----ASK-----|
    501 @ 98
   200 @ 101
  5000 @ 110
  5600 @ 119
   453 @ 123
   645 @ 144
   665 @ 167

23:15:22.419 [main] INFO  c.orderbook.OrderBook - [ORDERBOOK] Processing Mkt Data Update
23:15:22.419 [main] INFO  c.o.v.MutatingRemoveAllMarketDataOrdersVisitor - [ORDERBOOK] Removing market data order:MktData(price=43,quantity=134)
23:15:22.419 [main] INFO  c.o.v.MutatingRemoveAllMarketDataOrdersVisitor - [ORDERBOOK] Removing level:43
23:15:22.419 [main] DEBUG c.orderbook.OrderBook - [ORDERBOOK] ASK: Adding orderMktData(price=43,quantity=134)
23:15:22.419 [main] DEBUG c.orderbook.OrderBook - [ORDERBOOK] ASK: Adding orderMktData(price=76,quantity=145)
23:15:22.419 [main] DEBUG c.orderbook.OrderBook - [ORDERBOOK] ASK: Adding orderMktData(price=91,quantity=300)
23:15:22.419 [main] DEBUG c.orderbook.OrderBook - [ORDERBOOK] ASK: Adding orderMktData(price=93,quantity=200)
23:15:22.419 [main] DEBUG c.orderbook.OrderBook - [ORDERBOOK] ASK: Adding orderMktData(price=95,quantity=100)
23:15:22.419 [main] DEBUG c.orderbook.OrderBook - [ORDERBOOK] ASK: Adding orderMktData(price=98,quantity=154)
23:15:22.419 [main] INFO  c.o.v.MutatingMatchOneMarketDataOrderVisitor - [ORDERBOOK] visiting LevelOrderBookLevel(price=43,quantity=134)
23:15:22.419 [main] INFO  c.o.v.MutatingMatchOneMarketDataOrderVisitor - [ORDERBOOK] Can't match order:MktData(price=43,quantity=134)(MktData(price=98,quantity=154))
23:15:22.419 [main] INFO  c.o.v.MutatingRemoveAllMarketDataOrdersVisitor - [ORDERBOOK] Removing market data order:MktData(price=98,quantity=501)
23:15:22.419 [main] INFO  c.o.v.MutatingRemoveAllMarketDataOrdersVisitor - [ORDERBOOK] Removing level:98
23:15:22.419 [main] INFO  c.o.v.MutatingRemoveAllMarketDataOrdersVisitor - [ORDERBOOK] Removing market data order:MktData(price=101,quantity=200)
23:15:22.419 [main] INFO  c.o.v.MutatingRemoveAllMarketDataOrdersVisitor - [ORDERBOOK] Removing level:101
23:15:22.419 [main] INFO  c.o.v.MutatingRemoveAllMarketDataOrdersVisitor - [ORDERBOOK] Removing market data order:MktData(price=110,quantity=5000)
23:15:22.419 [main] INFO  c.o.v.MutatingRemoveAllMarketDataOrdersVisitor - [ORDERBOOK] Removing level:110
23:15:22.419 [main] INFO  c.o.v.MutatingRemoveAllMarketDataOrdersVisitor - [ORDERBOOK] Removing market data order:MktData(price=119,quantity=5600)
23:15:22.419 [main] INFO  c.o.v.MutatingRemoveAllMarketDataOrdersVisitor - [ORDERBOOK] Removing level:119
23:15:22.419 [main] INFO  c.o.v.MutatingRemoveAllMarketDataOrdersVisitor - [ORDERBOOK] Removing market data order:MktData(price=123,quantity=453)
23:15:22.419 [main] INFO  c.o.v.MutatingRemoveAllMarketDataOrdersVisitor - [ORDERBOOK] Removing level:123
23:15:22.419 [main] INFO  c.o.v.MutatingRemoveAllMarketDataOrdersVisitor - [ORDERBOOK] Removing market data order:MktData(price=144,quantity=645)
23:15:22.419 [main] INFO  c.o.v.MutatingRemoveAllMarketDataOrdersVisitor - [ORDERBOOK] Removing level:144
23:15:22.419 [main] INFO  c.o.v.MutatingRemoveAllMarketDataOrdersVisitor - [ORDERBOOK] Removing market data order:MktData(price=167,quantity=665)
23:15:22.419 [main] INFO  c.o.v.MutatingRemoveAllMarketDataOrdersVisitor - [ORDERBOOK] Removing level:167
23:15:22.419 [main] DEBUG c.orderbook.OrderBook - [ORDERBOOK] ASK: Adding orderMktData(price=98,quantity=501)
23:15:22.419 [main] DEBUG c.orderbook.OrderBook - [ORDERBOOK] ASK: Adding orderMktData(price=101,quantity=200)
23:15:22.419 [main] DEBUG c.orderbook.OrderBook - [ORDERBOOK] ASK: Adding orderMktData(price=110,quantity=5000)
23:15:22.419 [main] DEBUG c.orderbook.OrderBook - [ORDERBOOK] ASK: Adding orderMktData(price=119,quantity=5600)
23:15:22.419 [main] DEBUG c.orderbook.OrderBook - [ORDERBOOK] ASK: Adding orderMktData(price=123,quantity=453)
23:15:22.419 [main] DEBUG c.orderbook.OrderBook - [ORDERBOOK] ASK: Adding orderMktData(price=144,quantity=645)
23:15:22.419 [main] DEBUG c.orderbook.OrderBook - [ORDERBOOK] ASK: Adding orderMktData(price=167,quantity=665)
23:15:22.419 [main] DEBUG c.service.MarketDataService - [ALGO] BID: price:43 quantity:134
23:15:22.419 [main] DEBUG c.service.MarketDataService - [ALGO] BID: price:76 quantity:145
23:15:22.419 [main] DEBUG c.service.MarketDataService - [ALGO] BID: price:91 quantity:300
23:15:22.419 [main] DEBUG c.service.MarketDataService - [ALGO] BID: price:93 quantity:200
23:15:22.419 [main] DEBUG c.service.MarketDataService - [ALGO] BID: price:95 quantity:100
23:15:22.419 [main] DEBUG c.service.MarketDataService - [ALGO] BID: price:98 quantity:154
23:15:22.419 [main] DEBUG c.service.MarketDataService - [ALGO] ASK: price:98 quantity:501
23:15:22.419 [main] DEBUG c.service.MarketDataService - [ALGO] ASK: price:101 quantity:200
23:15:22.419 [main] DEBUG c.service.MarketDataService - [ALGO] ASK: price:110 quantity:5000
23:15:22.419 [main] DEBUG c.service.MarketDataService - [ALGO] ASK: price:119 quantity:5600
23:15:22.419 [main] DEBUG c.service.MarketDataService - [ALGO] ASK: price:123 quantity:453
23:15:22.419 [main] DEBUG c.service.MarketDataService - [ALGO] ASK: price:144 quantity:645
23:15:22.419 [main] DEBUG c.service.MarketDataService - [ALGO] ASK: price:167 quantity:665
23:15:22.419 [main] INFO  c.gettingstarted.MyAlgoLogic - [MYALGO] The state of the order book is:
|----BID-----||----ASK----|
    134 @ 43    501 @ 98
    145 @ 76   200 @ 101
    300 @ 91  5000 @ 110
    200 @ 93  5600 @ 119
    100 @ 95   453 @ 123
    154 @ 98   645 @ 144
          -    665 @ 167
|------------||-----------|

23:15:22.419 [main] INFO  c.gettingstarted.MyAlgoLogic - [MYALGO] Algo Sees Book as: 
|----BID-----||----ASK----|
    134 @ 43    501 @ 98
    145 @ 76   200 @ 101
    300 @ 91  5000 @ 110
    200 @ 93  5600 @ 119
    100 @ 95   453 @ 123
    154 @ 98   645 @ 144
          -    665 @ 167
|------------||-----------|

23:15:22.419 [main] INFO  c.gettingstarted.TimedLogic - [TIMEDLOGIC] Market is closed
23:15:22.420 [main] INFO  c.sequencer.consumer.LoggingConsumer - [81] 
|----BID-----|
    134 @ 43
    145 @ 76
    300 @ 91
    200 @ 93
    100 @ 95
    154 @ 98
|----ASK-----|
    501 @ 98
   200 @ 101
  5000 @ 110
  5600 @ 119
   453 @ 123
   645 @ 144
   665 @ 167

23:15:22.421 [main] INFO  c.orderbook.OrderBook - [ORDERBOOK] Processing Mkt Data Update
23:15:22.421 [main] INFO  c.o.v.MutatingRemoveAllMarketDataOrdersVisitor - [ORDERBOOK] Removing market data order:MktData(price=43,quantity=134)
23:15:22.421 [main] INFO  c.o.v.MutatingRemoveAllMarketDataOrdersVisitor - [ORDERBOOK] Removing level:43
23:15:22.421 [main] DEBUG c.orderbook.OrderBook - [ORDERBOOK] ASK: Adding orderMktData(price=43,quantity=134)
23:15:22.421 [main] DEBUG c.orderbook.OrderBook - [ORDERBOOK] ASK: Adding orderMktData(price=76,quantity=145)
23:15:22.421 [main] DEBUG c.orderbook.OrderBook - [ORDERBOOK] ASK: Adding orderMktData(price=91,quantity=300)
23:15:22.421 [main] DEBUG c.orderbook.OrderBook - [ORDERBOOK] ASK: Adding orderMktData(price=93,quantity=200)
23:15:22.421 [main] DEBUG c.orderbook.OrderBook - [ORDERBOOK] ASK: Adding orderMktData(price=95,quantity=100)
23:15:22.421 [main] DEBUG c.orderbook.OrderBook - [ORDERBOOK] ASK: Adding orderMktData(price=98,quantity=154)
23:15:22.421 [main] INFO  c.o.v.MutatingMatchOneMarketDataOrderVisitor - [ORDERBOOK] visiting LevelOrderBookLevel(price=43,quantity=134)
23:15:22.421 [main] INFO  c.o.v.MutatingMatchOneMarketDataOrderVisitor - [ORDERBOOK] Can't match order:MktData(price=43,quantity=134)(MktData(price=98,quantity=154))
23:15:22.421 [main] INFO  c.o.v.MutatingRemoveAllMarketDataOrdersVisitor - [ORDERBOOK] Removing market data order:MktData(price=98,quantity=501)
23:15:22.421 [main] INFO  c.o.v.MutatingRemoveAllMarketDataOrdersVisitor - [ORDERBOOK] Removing level:98
23:15:22.421 [main] INFO  c.o.v.MutatingRemoveAllMarketDataOrdersVisitor - [ORDERBOOK] Removing market data order:MktData(price=101,quantity=200)
23:15:22.421 [main] INFO  c.o.v.MutatingRemoveAllMarketDataOrdersVisitor - [ORDERBOOK] Removing level:101
23:15:22.421 [main] INFO  c.o.v.MutatingRemoveAllMarketDataOrdersVisitor - [ORDERBOOK] Removing market data order:MktData(price=110,quantity=5000)
23:15:22.421 [main] INFO  c.o.v.MutatingRemoveAllMarketDataOrdersVisitor - [ORDERBOOK] Removing level:110
23:15:22.421 [main] INFO  c.o.v.MutatingRemoveAllMarketDataOrdersVisitor - [ORDERBOOK] Removing market data order:MktData(price=119,quantity=5600)
23:15:22.421 [main] INFO  c.o.v.MutatingRemoveAllMarketDataOrdersVisitor - [ORDERBOOK] Removing level:119
23:15:22.421 [main] INFO  c.o.v.MutatingRemoveAllMarketDataOrdersVisitor - [ORDERBOOK] Removing market data order:MktData(price=123,quantity=453)
23:15:22.421 [main] INFO  c.o.v.MutatingRemoveAllMarketDataOrdersVisitor - [ORDERBOOK] Removing level:123
23:15:22.421 [main] INFO  c.o.v.MutatingRemoveAllMarketDataOrdersVisitor - [ORDERBOOK] Removing market data order:MktData(price=144,quantity=645)
23:15:22.421 [main] INFO  c.o.v.MutatingRemoveAllMarketDataOrdersVisitor - [ORDERBOOK] Removing level:144
23:15:22.421 [main] INFO  c.o.v.MutatingRemoveAllMarketDataOrdersVisitor - [ORDERBOOK] Removing market data order:MktData(price=167,quantity=665)
23:15:22.421 [main] INFO  c.o.v.MutatingRemoveAllMarketDataOrdersVisitor - [ORDERBOOK] Removing level:167
23:15:22.421 [main] DEBUG c.orderbook.OrderBook - [ORDERBOOK] ASK: Adding orderMktData(price=98,quantity=501)
23:15:22.421 [main] DEBUG c.orderbook.OrderBook - [ORDERBOOK] ASK: Adding orderMktData(price=101,quantity=200)
23:15:22.421 [main] DEBUG c.orderbook.OrderBook - [ORDERBOOK] ASK: Adding orderMktData(price=110,quantity=5000)
23:15:22.421 [main] DEBUG c.orderbook.OrderBook - [ORDERBOOK] ASK: Adding orderMktData(price=119,quantity=5600)
23:15:22.421 [main] DEBUG c.orderbook.OrderBook - [ORDERBOOK] ASK: Adding orderMktData(price=123,quantity=453)
23:15:22.421 [main] DEBUG c.orderbook.OrderBook - [ORDERBOOK] ASK: Adding orderMktData(price=144,quantity=645)
23:15:22.421 [main] DEBUG c.orderbook.OrderBook - [ORDERBOOK] ASK: Adding orderMktData(price=167,quantity=665)
23:15:22.421 [main] DEBUG c.service.MarketDataService - [ALGO] BID: price:43 quantity:134
23:15:22.421 [main] DEBUG c.service.MarketDataService - [ALGO] BID: price:76 quantity:145
23:15:22.421 [main] DEBUG c.service.MarketDataService - [ALGO] BID: price:91 quantity:300
23:15:22.421 [main] DEBUG c.service.MarketDataService - [ALGO] BID: price:93 quantity:200
23:15:22.421 [main] DEBUG c.service.MarketDataService - [ALGO] BID: price:95 quantity:100
23:15:22.421 [main] DEBUG c.service.MarketDataService - [ALGO] BID: price:98 quantity:154
23:15:22.421 [main] DEBUG c.service.MarketDataService - [ALGO] ASK: price:98 quantity:501
23:15:22.421 [main] DEBUG c.service.MarketDataService - [ALGO] ASK: price:101 quantity:200
23:15:22.421 [main] DEBUG c.service.MarketDataService - [ALGO] ASK: price:110 quantity:5000
23:15:22.421 [main] DEBUG c.service.MarketDataService - [ALGO] ASK: price:119 quantity:5600
23:15:22.421 [main] DEBUG c.service.MarketDataService - [ALGO] ASK: price:123 quantity:453
23:15:22.421 [main] DEBUG c.service.MarketDataService - [ALGO] ASK: price:144 quantity:645
23:15:22.421 [main] DEBUG c.service.MarketDataService - [ALGO] ASK: price:167 quantity:665
23:15:22.422 [main] INFO  c.gettingstarted.MyAlgoLogic - [MYALGO] The state of the order book is:
|----BID-----||----ASK----|
    134 @ 43    501 @ 98
    145 @ 76   200 @ 101
    300 @ 91  5000 @ 110
    200 @ 93  5600 @ 119
    100 @ 95   453 @ 123
    154 @ 98   645 @ 144
          -    665 @ 167
|------------||-----------|

23:15:22.422 [main] INFO  c.gettingstarted.MyAlgoLogic - [MYALGO] Algo Sees Book as: 
|----BID-----||----ASK----|
    134 @ 43    501 @ 98
    145 @ 76   200 @ 101
    300 @ 91  5000 @ 110
    200 @ 93  5600 @ 119
    100 @ 95   453 @ 123
    154 @ 98   645 @ 144
          -    665 @ 167
|------------||-----------|

23:15:22.422 [main] INFO  c.gettingstarted.TimedLogic - [TIMEDLOGIC] Market is closed
23:15:22.422 [main] INFO  c.sequencer.consumer.LoggingConsumer - [82] 
|----BID-----|
    134 @ 43
    145 @ 76
    300 @ 91
    200 @ 93
    100 @ 95
    154 @ 98
|----ASK-----|
    501 @ 98
   200 @ 101
  5000 @ 110
  5600 @ 119
   453 @ 123
   645 @ 144
   665 @ 167

23:15:22.422 [main] INFO  c.orderbook.OrderBook - [ORDERBOOK] Processing Mkt Data Update
23:15:22.422 [main] INFO  c.o.v.MutatingRemoveAllMarketDataOrdersVisitor - [ORDERBOOK] Removing market data order:MktData(price=43,quantity=134)
23:15:22.422 [main] INFO  c.o.v.MutatingRemoveAllMarketDataOrdersVisitor - [ORDERBOOK] Removing level:43
23:15:22.422 [main] DEBUG c.orderbook.OrderBook - [ORDERBOOK] ASK: Adding orderMktData(price=43,quantity=134)
23:15:22.422 [main] DEBUG c.orderbook.OrderBook - [ORDERBOOK] ASK: Adding orderMktData(price=76,quantity=145)
23:15:22.422 [main] DEBUG c.orderbook.OrderBook - [ORDERBOOK] ASK: Adding orderMktData(price=91,quantity=300)
23:15:22.422 [main] DEBUG c.orderbook.OrderBook - [ORDERBOOK] ASK: Adding orderMktData(price=93,quantity=200)
23:15:22.422 [main] DEBUG c.orderbook.OrderBook - [ORDERBOOK] ASK: Adding orderMktData(price=95,quantity=100)
23:15:22.422 [main] DEBUG c.orderbook.OrderBook - [ORDERBOOK] ASK: Adding orderMktData(price=98,quantity=154)
23:15:22.422 [main] INFO  c.o.v.MutatingMatchOneMarketDataOrderVisitor - [ORDERBOOK] visiting LevelOrderBookLevel(price=43,quantity=134)
23:15:22.422 [main] INFO  c.o.v.MutatingMatchOneMarketDataOrderVisitor - [ORDERBOOK] Can't match order:MktData(price=43,quantity=134)(MktData(price=98,quantity=154))
23:15:22.422 [main] INFO  c.o.v.MutatingRemoveAllMarketDataOrdersVisitor - [ORDERBOOK] Removing market data order:MktData(price=98,quantity=501)
23:15:22.422 [main] INFO  c.o.v.MutatingRemoveAllMarketDataOrdersVisitor - [ORDERBOOK] Removing level:98
23:15:22.422 [main] INFO  c.o.v.MutatingRemoveAllMarketDataOrdersVisitor - [ORDERBOOK] Removing market data order:MktData(price=101,quantity=200)
23:15:22.422 [main] INFO  c.o.v.MutatingRemoveAllMarketDataOrdersVisitor - [ORDERBOOK] Removing level:101
23:15:22.422 [main] INFO  c.o.v.MutatingRemoveAllMarketDataOrdersVisitor - [ORDERBOOK] Removing market data order:MktData(price=110,quantity=5000)
23:15:22.422 [main] INFO  c.o.v.MutatingRemoveAllMarketDataOrdersVisitor - [ORDERBOOK] Removing level:110
23:15:22.422 [main] INFO  c.o.v.MutatingRemoveAllMarketDataOrdersVisitor - [ORDERBOOK] Removing market data order:MktData(price=119,quantity=5600)
23:15:22.422 [main] INFO  c.o.v.MutatingRemoveAllMarketDataOrdersVisitor - [ORDERBOOK] Removing level:119
23:15:22.422 [main] INFO  c.o.v.MutatingRemoveAllMarketDataOrdersVisitor - [ORDERBOOK] Removing market data order:MktData(price=123,quantity=453)
23:15:22.422 [main] INFO  c.o.v.MutatingRemoveAllMarketDataOrdersVisitor - [ORDERBOOK] Removing level:123
23:15:22.422 [main] INFO  c.o.v.MutatingRemoveAllMarketDataOrdersVisitor - [ORDERBOOK] Removing market data order:MktData(price=144,quantity=645)
23:15:22.422 [main] INFO  c.o.v.MutatingRemoveAllMarketDataOrdersVisitor - [ORDERBOOK] Removing level:144
23:15:22.422 [main] INFO  c.o.v.MutatingRemoveAllMarketDataOrdersVisitor - [ORDERBOOK] Removing market data order:MktData(price=167,quantity=665)
23:15:22.422 [main] INFO  c.o.v.MutatingRemoveAllMarketDataOrdersVisitor - [ORDERBOOK] Removing level:167
23:15:22.422 [main] DEBUG c.orderbook.OrderBook - [ORDERBOOK] ASK: Adding orderMktData(price=98,quantity=501)
23:15:22.422 [main] DEBUG c.orderbook.OrderBook - [ORDERBOOK] ASK: Adding orderMktData(price=101,quantity=200)
23:15:22.422 [main] DEBUG c.orderbook.OrderBook - [ORDERBOOK] ASK: Adding orderMktData(price=110,quantity=5000)
23:15:22.422 [main] DEBUG c.orderbook.OrderBook - [ORDERBOOK] ASK: Adding orderMktData(price=119,quantity=5600)
23:15:22.422 [main] DEBUG c.orderbook.OrderBook - [ORDERBOOK] ASK: Adding orderMktData(price=123,quantity=453)
23:15:22.422 [main] DEBUG c.orderbook.OrderBook - [ORDERBOOK] ASK: Adding orderMktData(price=144,quantity=645)
23:15:22.422 [main] DEBUG c.orderbook.OrderBook - [ORDERBOOK] ASK: Adding orderMktData(price=167,quantity=665)
23:15:22.422 [main] DEBUG c.service.MarketDataService - [ALGO] BID: price:43 quantity:134
23:15:22.422 [main] DEBUG c.service.MarketDataService - [ALGO] BID: price:76 quantity:145
23:15:22.422 [main] DEBUG c.service.MarketDataService - [ALGO] BID: price:91 quantity:300
23:15:22.422 [main] DEBUG c.service.MarketDataService - [ALGO] BID: price:93 quantity:200
23:15:22.422 [main] DEBUG c.service.MarketDataService - [ALGO] BID: price:95 quantity:100
23:15:22.422 [main] DEBUG c.service.MarketDataService - [ALGO] BID: price:98 quantity:154
23:15:22.422 [main] DEBUG c.service.MarketDataService - [ALGO] ASK: price:98 quantity:501
23:15:22.422 [main] DEBUG c.service.MarketDataService - [ALGO] ASK: price:101 quantity:200
23:15:22.422 [main] DEBUG c.service.MarketDataService - [ALGO] ASK: price:110 quantity:5000
23:15:22.422 [main] DEBUG c.service.MarketDataService - [ALGO] ASK: price:119 quantity:5600
23:15:22.422 [main] DEBUG c.service.MarketDataService - [ALGO] ASK: price:123 quantity:453
23:15:22.422 [main] DEBUG c.service.MarketDataService - [ALGO] ASK: price:144 quantity:645
23:15:22.422 [main] DEBUG c.service.MarketDataService - [ALGO] ASK: price:167 quantity:665
23:15:22.422 [main] INFO  c.gettingstarted.MyAlgoLogic - [MYALGO] The state of the order book is:
|----BID-----||----ASK----|
    134 @ 43    501 @ 98
    145 @ 76   200 @ 101
    300 @ 91  5000 @ 110
    200 @ 93  5600 @ 119
    100 @ 95   453 @ 123
    154 @ 98   645 @ 144
          -    665 @ 167
|------------||-----------|

23:15:22.422 [main] INFO  c.gettingstarted.MyAlgoLogic - [MYALGO] Algo Sees Book as: 
|----BID-----||----ASK----|
    134 @ 43    501 @ 98
    145 @ 76   200 @ 101
    300 @ 91  5000 @ 110
    200 @ 93  5600 @ 119
    100 @ 95   453 @ 123
    154 @ 98   645 @ 144
          -    665 @ 167
|------------||-----------|

23:15:22.422 [main] INFO  c.gettingstarted.TimedLogic - [TIMEDLOGIC] Market is closed
23:15:22.423 [main] INFO  c.sequencer.consumer.LoggingConsumer - [83] 
|----BID-----|
    134 @ 43
    145 @ 76
    300 @ 91
    200 @ 93
    100 @ 95
    154 @ 98
|----ASK-----|
    501 @ 98
   200 @ 101
  5000 @ 110
  5600 @ 119
   453 @ 123
   645 @ 144
   665 @ 167

23:15:22.423 [main] INFO  c.orderbook.OrderBook - [ORDERBOOK] Processing Mkt Data Update
23:15:22.423 [main] INFO  c.o.v.MutatingRemoveAllMarketDataOrdersVisitor - [ORDERBOOK] Removing market data order:MktData(price=43,quantity=134)
23:15:22.423 [main] INFO  c.o.v.MutatingRemoveAllMarketDataOrdersVisitor - [ORDERBOOK] Removing level:43
23:15:22.423 [main] DEBUG c.orderbook.OrderBook - [ORDERBOOK] ASK: Adding orderMktData(price=43,quantity=134)
23:15:22.423 [main] DEBUG c.orderbook.OrderBook - [ORDERBOOK] ASK: Adding orderMktData(price=76,quantity=145)
23:15:22.423 [main] DEBUG c.orderbook.OrderBook - [ORDERBOOK] ASK: Adding orderMktData(price=91,quantity=300)
23:15:22.423 [main] DEBUG c.orderbook.OrderBook - [ORDERBOOK] ASK: Adding orderMktData(price=93,quantity=200)
23:15:22.423 [main] DEBUG c.orderbook.OrderBook - [ORDERBOOK] ASK: Adding orderMktData(price=95,quantity=100)
23:15:22.423 [main] DEBUG c.orderbook.OrderBook - [ORDERBOOK] ASK: Adding orderMktData(price=98,quantity=154)
23:15:22.423 [main] INFO  c.o.v.MutatingMatchOneMarketDataOrderVisitor - [ORDERBOOK] visiting LevelOrderBookLevel(price=43,quantity=134)
23:15:22.423 [main] INFO  c.o.v.MutatingMatchOneMarketDataOrderVisitor - [ORDERBOOK] Can't match order:MktData(price=43,quantity=134)(MktData(price=98,quantity=154))
23:15:22.423 [main] INFO  c.o.v.MutatingRemoveAllMarketDataOrdersVisitor - [ORDERBOOK] Removing market data order:MktData(price=98,quantity=501)
23:15:22.423 [main] INFO  c.o.v.MutatingRemoveAllMarketDataOrdersVisitor - [ORDERBOOK] Removing level:98
23:15:22.423 [main] INFO  c.o.v.MutatingRemoveAllMarketDataOrdersVisitor - [ORDERBOOK] Removing market data order:MktData(price=101,quantity=200)
23:15:22.423 [main] INFO  c.o.v.MutatingRemoveAllMarketDataOrdersVisitor - [ORDERBOOK] Removing level:101
23:15:22.423 [main] INFO  c.o.v.MutatingRemoveAllMarketDataOrdersVisitor - [ORDERBOOK] Removing market data order:MktData(price=110,quantity=5000)
23:15:22.423 [main] INFO  c.o.v.MutatingRemoveAllMarketDataOrdersVisitor - [ORDERBOOK] Removing level:110
23:15:22.423 [main] INFO  c.o.v.MutatingRemoveAllMarketDataOrdersVisitor - [ORDERBOOK] Removing market data order:MktData(price=119,quantity=5600)
23:15:22.423 [main] INFO  c.o.v.MutatingRemoveAllMarketDataOrdersVisitor - [ORDERBOOK] Removing level:119
23:15:22.423 [main] INFO  c.o.v.MutatingRemoveAllMarketDataOrdersVisitor - [ORDERBOOK] Removing market data order:MktData(price=123,quantity=453)
23:15:22.423 [main] INFO  c.o.v.MutatingRemoveAllMarketDataOrdersVisitor - [ORDERBOOK] Removing level:123
23:15:22.423 [main] INFO  c.o.v.MutatingRemoveAllMarketDataOrdersVisitor - [ORDERBOOK] Removing market data order:MktData(price=144,quantity=645)
23:15:22.423 [main] INFO  c.o.v.MutatingRemoveAllMarketDataOrdersVisitor - [ORDERBOOK] Removing level:144
23:15:22.423 [main] INFO  c.o.v.MutatingRemoveAllMarketDataOrdersVisitor - [ORDERBOOK] Removing market data order:MktData(price=167,quantity=665)
23:15:22.423 [main] INFO  c.o.v.MutatingRemoveAllMarketDataOrdersVisitor - [ORDERBOOK] Removing level:167
23:15:22.423 [main] DEBUG c.orderbook.OrderBook - [ORDERBOOK] ASK: Adding orderMktData(price=98,quantity=501)
23:15:22.423 [main] DEBUG c.orderbook.OrderBook - [ORDERBOOK] ASK: Adding orderMktData(price=101,quantity=200)
23:15:22.423 [main] DEBUG c.orderbook.OrderBook - [ORDERBOOK] ASK: Adding orderMktData(price=110,quantity=5000)
23:15:22.423 [main] DEBUG c.orderbook.OrderBook - [ORDERBOOK] ASK: Adding orderMktData(price=119,quantity=5600)
23:15:22.423 [main] DEBUG c.orderbook.OrderBook - [ORDERBOOK] ASK: Adding orderMktData(price=123,quantity=453)
23:15:22.423 [main] DEBUG c.orderbook.OrderBook - [ORDERBOOK] ASK: Adding orderMktData(price=144,quantity=645)
23:15:22.423 [main] DEBUG c.orderbook.OrderBook - [ORDERBOOK] ASK: Adding orderMktData(price=167,quantity=665)
23:15:22.423 [main] DEBUG c.service.MarketDataService - [ALGO] BID: price:43 quantity:134
23:15:22.423 [main] DEBUG c.service.MarketDataService - [ALGO] BID: price:76 quantity:145
23:15:22.423 [main] DEBUG c.service.MarketDataService - [ALGO] BID: price:91 quantity:300
23:15:22.423 [main] DEBUG c.service.MarketDataService - [ALGO] BID: price:93 quantity:200
23:15:22.423 [main] DEBUG c.service.MarketDataService - [ALGO] BID: price:95 quantity:100
23:15:22.423 [main] DEBUG c.service.MarketDataService - [ALGO] BID: price:98 quantity:154
23:15:22.423 [main] DEBUG c.service.MarketDataService - [ALGO] ASK: price:98 quantity:501
23:15:22.423 [main] DEBUG c.service.MarketDataService - [ALGO] ASK: price:101 quantity:200
23:15:22.423 [main] DEBUG c.service.MarketDataService - [ALGO] ASK: price:110 quantity:5000
23:15:22.423 [main] DEBUG c.service.MarketDataService - [ALGO] ASK: price:119 quantity:5600
23:15:22.423 [main] DEBUG c.service.MarketDataService - [ALGO] ASK: price:123 quantity:453
23:15:22.423 [main] DEBUG c.service.MarketDataService - [ALGO] ASK: price:144 quantity:645
23:15:22.423 [main] DEBUG c.service.MarketDataService - [ALGO] ASK: price:167 quantity:665
23:15:22.423 [main] INFO  c.gettingstarted.MyAlgoLogic - [MYALGO] The state of the order book is:
|----BID-----||----ASK----|
    134 @ 43    501 @ 98
    145 @ 76   200 @ 101
    300 @ 91  5000 @ 110
    200 @ 93  5600 @ 119
    100 @ 95   453 @ 123
    154 @ 98   645 @ 144
          -    665 @ 167
|------------||-----------|

23:15:22.423 [main] INFO  c.gettingstarted.MyAlgoLogic - [MYALGO] Algo Sees Book as: 
|----BID-----||----ASK----|
    134 @ 43    501 @ 98
    145 @ 76   200 @ 101
    300 @ 91  5000 @ 110
    200 @ 93  5600 @ 119
    100 @ 95   453 @ 123
    154 @ 98   645 @ 144
          -    665 @ 167
|------------||-----------|

23:15:22.423 [main] INFO  c.gettingstarted.TimedLogic - [TIMEDLOGIC] Market is closed
23:15:22.423 [main] INFO  c.sequencer.consumer.LoggingConsumer - [84] 
|----BID-----|
    134 @ 43
    145 @ 76
    300 @ 91
    200 @ 93
    100 @ 95
    154 @ 98
|----ASK-----|
    501 @ 98
   200 @ 101
  5000 @ 110
  5600 @ 119
   453 @ 123
   645 @ 144
   665 @ 167

23:15:22.423 [main] INFO  c.orderbook.OrderBook - [ORDERBOOK] Processing Mkt Data Update
23:15:22.423 [main] INFO  c.o.v.MutatingRemoveAllMarketDataOrdersVisitor - [ORDERBOOK] Removing market data order:MktData(price=43,quantity=134)
23:15:22.423 [main] INFO  c.o.v.MutatingRemoveAllMarketDataOrdersVisitor - [ORDERBOOK] Removing level:43
23:15:22.423 [main] DEBUG c.orderbook.OrderBook - [ORDERBOOK] ASK: Adding orderMktData(price=43,quantity=134)
23:15:22.423 [main] DEBUG c.orderbook.OrderBook - [ORDERBOOK] ASK: Adding orderMktData(price=76,quantity=145)
23:15:22.423 [main] DEBUG c.orderbook.OrderBook - [ORDERBOOK] ASK: Adding orderMktData(price=91,quantity=300)
23:15:22.423 [main] DEBUG c.orderbook.OrderBook - [ORDERBOOK] ASK: Adding orderMktData(price=93,quantity=200)
23:15:22.423 [main] DEBUG c.orderbook.OrderBook - [ORDERBOOK] ASK: Adding orderMktData(price=95,quantity=100)
23:15:22.423 [main] DEBUG c.orderbook.OrderBook - [ORDERBOOK] ASK: Adding orderMktData(price=98,quantity=154)
23:15:22.423 [main] INFO  c.o.v.MutatingMatchOneMarketDataOrderVisitor - [ORDERBOOK] visiting LevelOrderBookLevel(price=43,quantity=134)
23:15:22.423 [main] INFO  c.o.v.MutatingMatchOneMarketDataOrderVisitor - [ORDERBOOK] Can't match order:MktData(price=43,quantity=134)(MktData(price=98,quantity=154))
23:15:22.423 [main] INFO  c.o.v.MutatingRemoveAllMarketDataOrdersVisitor - [ORDERBOOK] Removing market data order:MktData(price=98,quantity=501)
23:15:22.423 [main] INFO  c.o.v.MutatingRemoveAllMarketDataOrdersVisitor - [ORDERBOOK] Removing level:98
23:15:22.423 [main] INFO  c.o.v.MutatingRemoveAllMarketDataOrdersVisitor - [ORDERBOOK] Removing market data order:MktData(price=101,quantity=200)
23:15:22.423 [main] INFO  c.o.v.MutatingRemoveAllMarketDataOrdersVisitor - [ORDERBOOK] Removing level:101
23:15:22.423 [main] INFO  c.o.v.MutatingRemoveAllMarketDataOrdersVisitor - [ORDERBOOK] Removing market data order:MktData(price=110,quantity=5000)
23:15:22.423 [main] INFO  c.o.v.MutatingRemoveAllMarketDataOrdersVisitor - [ORDERBOOK] Removing level:110
23:15:22.423 [main] INFO  c.o.v.MutatingRemoveAllMarketDataOrdersVisitor - [ORDERBOOK] Removing market data order:MktData(price=119,quantity=5600)
23:15:22.423 [main] INFO  c.o.v.MutatingRemoveAllMarketDataOrdersVisitor - [ORDERBOOK] Removing level:119
23:15:22.423 [main] INFO  c.o.v.MutatingRemoveAllMarketDataOrdersVisitor - [ORDERBOOK] Removing market data order:MktData(price=123,quantity=453)
23:15:22.423 [main] INFO  c.o.v.MutatingRemoveAllMarketDataOrdersVisitor - [ORDERBOOK] Removing level:123
23:15:22.423 [main] INFO  c.o.v.MutatingRemoveAllMarketDataOrdersVisitor - [ORDERBOOK] Removing market data order:MktData(price=144,quantity=645)
23:15:22.423 [main] INFO  c.o.v.MutatingRemoveAllMarketDataOrdersVisitor - [ORDERBOOK] Removing level:144
23:15:22.424 [main] INFO  c.o.v.MutatingRemoveAllMarketDataOrdersVisitor - [ORDERBOOK] Removing market data order:MktData(price=167,quantity=665)
23:15:22.430 [main] INFO  c.o.v.MutatingRemoveAllMarketDataOrdersVisitor - [ORDERBOOK] Removing level:167
23:15:22.430 [main] DEBUG c.orderbook.OrderBook - [ORDERBOOK] ASK: Adding orderMktData(price=98,quantity=501)
23:15:22.430 [main] DEBUG c.orderbook.OrderBook - [ORDERBOOK] ASK: Adding orderMktData(price=101,quantity=200)
23:15:22.430 [main] DEBUG c.orderbook.OrderBook - [ORDERBOOK] ASK: Adding orderMktData(price=110,quantity=5000)
23:15:22.430 [main] DEBUG c.orderbook.OrderBook - [ORDERBOOK] ASK: Adding orderMktData(price=119,quantity=5600)
23:15:22.430 [main] DEBUG c.orderbook.OrderBook - [ORDERBOOK] ASK: Adding orderMktData(price=123,quantity=453)
23:15:22.430 [main] DEBUG c.orderbook.OrderBook - [ORDERBOOK] ASK: Adding orderMktData(price=144,quantity=645)
23:15:22.430 [main] DEBUG c.orderbook.OrderBook - [ORDERBOOK] ASK: Adding orderMktData(price=167,quantity=665)
23:15:22.430 [main] DEBUG c.service.MarketDataService - [ALGO] BID: price:43 quantity:134
23:15:22.430 [main] DEBUG c.service.MarketDataService - [ALGO] BID: price:76 quantity:145
23:15:22.430 [main] DEBUG c.service.MarketDataService - [ALGO] BID: price:91 quantity:300
23:15:22.430 [main] DEBUG c.service.MarketDataService - [ALGO] BID: price:93 quantity:200
23:15:22.430 [main] DEBUG c.service.MarketDataService - [ALGO] BID: price:95 quantity:100
23:15:22.430 [main] DEBUG c.service.MarketDataService - [ALGO] BID: price:98 quantity:154
23:15:22.430 [main] DEBUG c.service.MarketDataService - [ALGO] ASK: price:98 quantity:501
23:15:22.430 [main] DEBUG c.service.MarketDataService - [ALGO] ASK: price:101 quantity:200
23:15:22.430 [main] DEBUG c.service.MarketDataService - [ALGO] ASK: price:110 quantity:5000
23:15:22.430 [main] DEBUG c.service.MarketDataService - [ALGO] ASK: price:119 quantity:5600
23:15:22.430 [main] DEBUG c.service.MarketDataService - [ALGO] ASK: price:123 quantity:453
23:15:22.430 [main] DEBUG c.service.MarketDataService - [ALGO] ASK: price:144 quantity:645
23:15:22.430 [main] DEBUG c.service.MarketDataService - [ALGO] ASK: price:167 quantity:665
23:15:22.430 [main] INFO  c.gettingstarted.MyAlgoLogic - [MYALGO] The state of the order book is:
|----BID-----||----ASK----|
    134 @ 43    501 @ 98
    145 @ 76   200 @ 101
    300 @ 91  5000 @ 110
    200 @ 93  5600 @ 119
    100 @ 95   453 @ 123
    154 @ 98   645 @ 144
          -    665 @ 167
|------------||-----------|

23:15:22.430 [main] INFO  c.gettingstarted.MyAlgoLogic - [MYALGO] Algo Sees Book as: 
|----BID-----||----ASK----|
    134 @ 43    501 @ 98
    145 @ 76   200 @ 101
    300 @ 91  5000 @ 110
    200 @ 93  5600 @ 119
    100 @ 95   453 @ 123
    154 @ 98   645 @ 144
          -    665 @ 167
|------------||-----------|

23:15:22.430 [main] INFO  c.gettingstarted.TimedLogic - [TIMEDLOGIC] Market is closed
23:15:22.431 [main] INFO  c.sequencer.consumer.LoggingConsumer - [85] 
|----BID-----|
    134 @ 43
    145 @ 76
    300 @ 91
    200 @ 93
    100 @ 95
    154 @ 98
|----ASK-----|
    501 @ 98
   200 @ 101
  5000 @ 110
  5600 @ 119
   453 @ 123
   645 @ 144
   665 @ 167

23:15:22.431 [main] INFO  c.orderbook.OrderBook - [ORDERBOOK] Processing Mkt Data Update
23:15:22.431 [main] INFO  c.o.v.MutatingRemoveAllMarketDataOrdersVisitor - [ORDERBOOK] Removing market data order:MktData(price=43,quantity=134)
23:15:22.431 [main] INFO  c.o.v.MutatingRemoveAllMarketDataOrdersVisitor - [ORDERBOOK] Removing level:43
23:15:22.431 [main] DEBUG c.orderbook.OrderBook - [ORDERBOOK] ASK: Adding orderMktData(price=43,quantity=134)
23:15:22.431 [main] DEBUG c.orderbook.OrderBook - [ORDERBOOK] ASK: Adding orderMktData(price=76,quantity=145)
23:15:22.431 [main] DEBUG c.orderbook.OrderBook - [ORDERBOOK] ASK: Adding orderMktData(price=91,quantity=300)
23:15:22.431 [main] DEBUG c.orderbook.OrderBook - [ORDERBOOK] ASK: Adding orderMktData(price=93,quantity=200)
23:15:22.431 [main] DEBUG c.orderbook.OrderBook - [ORDERBOOK] ASK: Adding orderMktData(price=95,quantity=100)
23:15:22.431 [main] DEBUG c.orderbook.OrderBook - [ORDERBOOK] ASK: Adding orderMktData(price=98,quantity=154)
23:15:22.431 [main] INFO  c.o.v.MutatingMatchOneMarketDataOrderVisitor - [ORDERBOOK] visiting LevelOrderBookLevel(price=43,quantity=134)
23:15:22.431 [main] INFO  c.o.v.MutatingMatchOneMarketDataOrderVisitor - [ORDERBOOK] Can't match order:MktData(price=43,quantity=134)(MktData(price=98,quantity=154))
23:15:22.431 [main] INFO  c.o.v.MutatingRemoveAllMarketDataOrdersVisitor - [ORDERBOOK] Removing market data order:MktData(price=98,quantity=501)
23:15:22.431 [main] INFO  c.o.v.MutatingRemoveAllMarketDataOrdersVisitor - [ORDERBOOK] Removing level:98
23:15:22.431 [main] INFO  c.o.v.MutatingRemoveAllMarketDataOrdersVisitor - [ORDERBOOK] Removing market data order:MktData(price=101,quantity=200)
23:15:22.431 [main] INFO  c.o.v.MutatingRemoveAllMarketDataOrdersVisitor - [ORDERBOOK] Removing level:101
23:15:22.431 [main] INFO  c.o.v.MutatingRemoveAllMarketDataOrdersVisitor - [ORDERBOOK] Removing market data order:MktData(price=110,quantity=5000)
23:15:22.431 [main] INFO  c.o.v.MutatingRemoveAllMarketDataOrdersVisitor - [ORDERBOOK] Removing level:110
23:15:22.431 [main] INFO  c.o.v.MutatingRemoveAllMarketDataOrdersVisitor - [ORDERBOOK] Removing market data order:MktData(price=119,quantity=5600)
23:15:22.431 [main] INFO  c.o.v.MutatingRemoveAllMarketDataOrdersVisitor - [ORDERBOOK] Removing level:119
23:15:22.431 [main] INFO  c.o.v.MutatingRemoveAllMarketDataOrdersVisitor - [ORDERBOOK] Removing market data order:MktData(price=123,quantity=453)
23:15:22.431 [main] INFO  c.o.v.MutatingRemoveAllMarketDataOrdersVisitor - [ORDERBOOK] Removing level:123
23:15:22.431 [main] INFO  c.o.v.MutatingRemoveAllMarketDataOrdersVisitor - [ORDERBOOK] Removing market data order:MktData(price=144,quantity=645)
23:15:22.431 [main] INFO  c.o.v.MutatingRemoveAllMarketDataOrdersVisitor - [ORDERBOOK] Removing level:144
23:15:22.431 [main] INFO  c.o.v.MutatingRemoveAllMarketDataOrdersVisitor - [ORDERBOOK] Removing market data order:MktData(price=167,quantity=665)
23:15:22.431 [main] INFO  c.o.v.MutatingRemoveAllMarketDataOrdersVisitor - [ORDERBOOK] Removing level:167
23:15:22.431 [main] DEBUG c.orderbook.OrderBook - [ORDERBOOK] ASK: Adding orderMktData(price=98,quantity=501)
23:15:22.431 [main] DEBUG c.orderbook.OrderBook - [ORDERBOOK] ASK: Adding orderMktData(price=101,quantity=200)
23:15:22.431 [main] DEBUG c.orderbook.OrderBook - [ORDERBOOK] ASK: Adding orderMktData(price=110,quantity=5000)
23:15:22.431 [main] DEBUG c.orderbook.OrderBook - [ORDERBOOK] ASK: Adding orderMktData(price=119,quantity=5600)
23:15:22.431 [main] DEBUG c.orderbook.OrderBook - [ORDERBOOK] ASK: Adding orderMktData(price=123,quantity=453)
23:15:22.431 [main] DEBUG c.orderbook.OrderBook - [ORDERBOOK] ASK: Adding orderMktData(price=144,quantity=645)
23:15:22.431 [main] DEBUG c.orderbook.OrderBook - [ORDERBOOK] ASK: Adding orderMktData(price=167,quantity=665)
23:15:22.431 [main] DEBUG c.service.MarketDataService - [ALGO] BID: price:43 quantity:134
23:15:22.431 [main] DEBUG c.service.MarketDataService - [ALGO] BID: price:76 quantity:145
23:15:22.431 [main] DEBUG c.service.MarketDataService - [ALGO] BID: price:91 quantity:300
23:15:22.431 [main] DEBUG c.service.MarketDataService - [ALGO] BID: price:93 quantity:200
23:15:22.431 [main] DEBUG c.service.MarketDataService - [ALGO] BID: price:95 quantity:100
23:15:22.431 [main] DEBUG c.service.MarketDataService - [ALGO] BID: price:98 quantity:154
23:15:22.431 [main] DEBUG c.service.MarketDataService - [ALGO] ASK: price:98 quantity:501
23:15:22.431 [main] DEBUG c.service.MarketDataService - [ALGO] ASK: price:101 quantity:200
23:15:22.431 [main] DEBUG c.service.MarketDataService - [ALGO] ASK: price:110 quantity:5000
23:15:22.431 [main] DEBUG c.service.MarketDataService - [ALGO] ASK: price:119 quantity:5600
23:15:22.431 [main] DEBUG c.service.MarketDataService - [ALGO] ASK: price:123 quantity:453
23:15:22.431 [main] DEBUG c.service.MarketDataService - [ALGO] ASK: price:144 quantity:645
23:15:22.431 [main] DEBUG c.service.MarketDataService - [ALGO] ASK: price:167 quantity:665
23:15:22.431 [main] INFO  c.gettingstarted.MyAlgoLogic - [MYALGO] The state of the order book is:
|----BID-----||----ASK----|
    134 @ 43    501 @ 98
    145 @ 76   200 @ 101
    300 @ 91  5000 @ 110
    200 @ 93  5600 @ 119
    100 @ 95   453 @ 123
    154 @ 98   645 @ 144
          -    665 @ 167
|------------||-----------|

23:15:22.431 [main] INFO  c.gettingstarted.MyAlgoLogic - [MYALGO] Algo Sees Book as: 
|----BID-----||----ASK----|
    134 @ 43    501 @ 98
    145 @ 76   200 @ 101
    300 @ 91  5000 @ 110
    200 @ 93  5600 @ 119
    100 @ 95   453 @ 123
    154 @ 98   645 @ 144
          -    665 @ 167
|------------||-----------|

23:15:22.431 [main] INFO  c.gettingstarted.TimedLogic - [TIMEDLOGIC] Market is closed
23:15:22.432 [main] INFO  c.sequencer.consumer.LoggingConsumer - [86] 
|----BID-----|
    134 @ 43
    145 @ 76
    300 @ 91
    200 @ 93
    100 @ 95
    154 @ 98
|----ASK-----|
    501 @ 98
   200 @ 101
  5000 @ 110
  5600 @ 119
   453 @ 123
   645 @ 144
   665 @ 167

23:15:22.432 [main] INFO  c.orderbook.OrderBook - [ORDERBOOK] Processing Mkt Data Update
23:15:22.432 [main] INFO  c.o.v.MutatingRemoveAllMarketDataOrdersVisitor - [ORDERBOOK] Removing market data order:MktData(price=43,quantity=134)
23:15:22.432 [main] INFO  c.o.v.MutatingRemoveAllMarketDataOrdersVisitor - [ORDERBOOK] Removing level:43
23:15:22.432 [main] DEBUG c.orderbook.OrderBook - [ORDERBOOK] ASK: Adding orderMktData(price=43,quantity=134)
23:15:22.432 [main] DEBUG c.orderbook.OrderBook - [ORDERBOOK] ASK: Adding orderMktData(price=76,quantity=145)
23:15:22.433 [main] DEBUG c.orderbook.OrderBook - [ORDERBOOK] ASK: Adding orderMktData(price=91,quantity=300)
23:15:22.433 [main] DEBUG c.orderbook.OrderBook - [ORDERBOOK] ASK: Adding orderMktData(price=93,quantity=200)
23:15:22.433 [main] DEBUG c.orderbook.OrderBook - [ORDERBOOK] ASK: Adding orderMktData(price=95,quantity=100)
23:15:22.433 [main] DEBUG c.orderbook.OrderBook - [ORDERBOOK] ASK: Adding orderMktData(price=98,quantity=154)
23:15:22.433 [main] INFO  c.o.v.MutatingMatchOneMarketDataOrderVisitor - [ORDERBOOK] visiting LevelOrderBookLevel(price=43,quantity=134)
23:15:22.433 [main] INFO  c.o.v.MutatingMatchOneMarketDataOrderVisitor - [ORDERBOOK] Can't match order:MktData(price=43,quantity=134)(MktData(price=98,quantity=154))
23:15:22.433 [main] INFO  c.o.v.MutatingRemoveAllMarketDataOrdersVisitor - [ORDERBOOK] Removing market data order:MktData(price=98,quantity=501)
23:15:22.433 [main] INFO  c.o.v.MutatingRemoveAllMarketDataOrdersVisitor - [ORDERBOOK] Removing level:98
23:15:22.433 [main] INFO  c.o.v.MutatingRemoveAllMarketDataOrdersVisitor - [ORDERBOOK] Removing market data order:MktData(price=101,quantity=200)
23:15:22.433 [main] INFO  c.o.v.MutatingRemoveAllMarketDataOrdersVisitor - [ORDERBOOK] Removing level:101
23:15:22.433 [main] INFO  c.o.v.MutatingRemoveAllMarketDataOrdersVisitor - [ORDERBOOK] Removing market data order:MktData(price=110,quantity=5000)
23:15:22.433 [main] INFO  c.o.v.MutatingRemoveAllMarketDataOrdersVisitor - [ORDERBOOK] Removing level:110
23:15:22.433 [main] INFO  c.o.v.MutatingRemoveAllMarketDataOrdersVisitor - [ORDERBOOK] Removing market data order:MktData(price=119,quantity=5600)
23:15:22.433 [main] INFO  c.o.v.MutatingRemoveAllMarketDataOrdersVisitor - [ORDERBOOK] Removing level:119
23:15:22.433 [main] INFO  c.o.v.MutatingRemoveAllMarketDataOrdersVisitor - [ORDERBOOK] Removing market data order:MktData(price=123,quantity=453)
23:15:22.433 [main] INFO  c.o.v.MutatingRemoveAllMarketDataOrdersVisitor - [ORDERBOOK] Removing level:123
23:15:22.433 [main] INFO  c.o.v.MutatingRemoveAllMarketDataOrdersVisitor - [ORDERBOOK] Removing market data order:MktData(price=144,quantity=645)
23:15:22.433 [main] INFO  c.o.v.MutatingRemoveAllMarketDataOrdersVisitor - [ORDERBOOK] Removing level:144
23:15:22.433 [main] INFO  c.o.v.MutatingRemoveAllMarketDataOrdersVisitor - [ORDERBOOK] Removing market data order:MktData(price=167,quantity=665)
23:15:22.433 [main] INFO  c.o.v.MutatingRemoveAllMarketDataOrdersVisitor - [ORDERBOOK] Removing level:167
23:15:22.433 [main] DEBUG c.orderbook.OrderBook - [ORDERBOOK] ASK: Adding orderMktData(price=98,quantity=501)
23:15:22.433 [main] DEBUG c.orderbook.OrderBook - [ORDERBOOK] ASK: Adding orderMktData(price=101,quantity=200)
23:15:22.433 [main] DEBUG c.orderbook.OrderBook - [ORDERBOOK] ASK: Adding orderMktData(price=110,quantity=5000)
23:15:22.433 [main] DEBUG c.orderbook.OrderBook - [ORDERBOOK] ASK: Adding orderMktData(price=119,quantity=5600)
23:15:22.433 [main] DEBUG c.orderbook.OrderBook - [ORDERBOOK] ASK: Adding orderMktData(price=123,quantity=453)
23:15:22.433 [main] DEBUG c.orderbook.OrderBook - [ORDERBOOK] ASK: Adding orderMktData(price=144,quantity=645)
23:15:22.434 [main] DEBUG c.orderbook.OrderBook - [ORDERBOOK] ASK: Adding orderMktData(price=167,quantity=665)
23:15:22.434 [main] DEBUG c.service.MarketDataService - [ALGO] BID: price:43 quantity:134
23:15:22.434 [main] DEBUG c.service.MarketDataService - [ALGO] BID: price:76 quantity:145
23:15:22.434 [main] DEBUG c.service.MarketDataService - [ALGO] BID: price:91 quantity:300
23:15:22.434 [main] DEBUG c.service.MarketDataService - [ALGO] BID: price:93 quantity:200
23:15:22.434 [main] DEBUG c.service.MarketDataService - [ALGO] BID: price:95 quantity:100
23:15:22.434 [main] DEBUG c.service.MarketDataService - [ALGO] BID: price:98 quantity:154
23:15:22.434 [main] DEBUG c.service.MarketDataService - [ALGO] ASK: price:98 quantity:501
23:15:22.434 [main] DEBUG c.service.MarketDataService - [ALGO] ASK: price:101 quantity:200
23:15:22.434 [main] DEBUG c.service.MarketDataService - [ALGO] ASK: price:110 quantity:5000
23:15:22.434 [main] DEBUG c.service.MarketDataService - [ALGO] ASK: price:119 quantity:5600
23:15:22.434 [main] DEBUG c.service.MarketDataService - [ALGO] ASK: price:123 quantity:453
23:15:22.434 [main] DEBUG c.service.MarketDataService - [ALGO] ASK: price:144 quantity:645
23:15:22.434 [main] DEBUG c.service.MarketDataService - [ALGO] ASK: price:167 quantity:665
23:15:22.434 [main] INFO  c.gettingstarted.MyAlgoLogic - [MYALGO] The state of the order book is:
|----BID-----||----ASK----|
    134 @ 43    501 @ 98
    145 @ 76   200 @ 101
    300 @ 91  5000 @ 110
    200 @ 93  5600 @ 119
    100 @ 95   453 @ 123
    154 @ 98   645 @ 144
          -    665 @ 167
|------------||-----------|

23:15:22.434 [main] INFO  c.gettingstarted.MyAlgoLogic - [MYALGO] Algo Sees Book as: 
|----BID-----||----ASK----|
    134 @ 43    501 @ 98
    145 @ 76   200 @ 101
    300 @ 91  5000 @ 110
    200 @ 93  5600 @ 119
    100 @ 95   453 @ 123
    154 @ 98   645 @ 144
          -    665 @ 167
|------------||-----------|

23:15:22.434 [main] INFO  c.gettingstarted.TimedLogic - [TIMEDLOGIC] Market is closed
23:15:22.434 [main] INFO  c.sequencer.consumer.LoggingConsumer - [87] 
|----BID-----|
    134 @ 43
    145 @ 76
    300 @ 91
    200 @ 93
    100 @ 95
    154 @ 98
|----ASK-----|
    501 @ 98
   200 @ 101
  5000 @ 110
  5600 @ 119
   453 @ 123
   645 @ 144
   665 @ 167

23:15:22.434 [main] INFO  c.orderbook.OrderBook - [ORDERBOOK] Processing Mkt Data Update
23:15:22.434 [main] INFO  c.o.v.MutatingRemoveAllMarketDataOrdersVisitor - [ORDERBOOK] Removing market data order:MktData(price=43,quantity=134)
23:15:22.434 [main] INFO  c.o.v.MutatingRemoveAllMarketDataOrdersVisitor - [ORDERBOOK] Removing level:43
23:15:22.434 [main] DEBUG c.orderbook.OrderBook - [ORDERBOOK] ASK: Adding orderMktData(price=43,quantity=134)
23:15:22.434 [main] DEBUG c.orderbook.OrderBook - [ORDERBOOK] ASK: Adding orderMktData(price=76,quantity=145)
23:15:22.434 [main] DEBUG c.orderbook.OrderBook - [ORDERBOOK] ASK: Adding orderMktData(price=91,quantity=300)
23:15:22.434 [main] DEBUG c.orderbook.OrderBook - [ORDERBOOK] ASK: Adding orderMktData(price=93,quantity=200)
23:15:22.434 [main] DEBUG c.orderbook.OrderBook - [ORDERBOOK] ASK: Adding orderMktData(price=95,quantity=100)
23:15:22.434 [main] DEBUG c.orderbook.OrderBook - [ORDERBOOK] ASK: Adding orderMktData(price=98,quantity=154)
23:15:22.434 [main] INFO  c.o.v.MutatingMatchOneMarketDataOrderVisitor - [ORDERBOOK] visiting LevelOrderBookLevel(price=43,quantity=134)
23:15:22.434 [main] INFO  c.o.v.MutatingMatchOneMarketDataOrderVisitor - [ORDERBOOK] Can't match order:MktData(price=43,quantity=134)(MktData(price=98,quantity=154))
23:15:22.434 [main] INFO  c.o.v.MutatingRemoveAllMarketDataOrdersVisitor - [ORDERBOOK] Removing market data order:MktData(price=98,quantity=501)
23:15:22.434 [main] INFO  c.o.v.MutatingRemoveAllMarketDataOrdersVisitor - [ORDERBOOK] Removing level:98
23:15:22.434 [main] INFO  c.o.v.MutatingRemoveAllMarketDataOrdersVisitor - [ORDERBOOK] Removing market data order:MktData(price=101,quantity=200)
23:15:22.434 [main] INFO  c.o.v.MutatingRemoveAllMarketDataOrdersVisitor - [ORDERBOOK] Removing level:101
23:15:22.434 [main] INFO  c.o.v.MutatingRemoveAllMarketDataOrdersVisitor - [ORDERBOOK] Removing market data order:MktData(price=110,quantity=5000)
23:15:22.434 [main] INFO  c.o.v.MutatingRemoveAllMarketDataOrdersVisitor - [ORDERBOOK] Removing level:110
23:15:22.434 [main] INFO  c.o.v.MutatingRemoveAllMarketDataOrdersVisitor - [ORDERBOOK] Removing market data order:MktData(price=119,quantity=5600)
23:15:22.434 [main] INFO  c.o.v.MutatingRemoveAllMarketDataOrdersVisitor - [ORDERBOOK] Removing level:119
23:15:22.434 [main] INFO  c.o.v.MutatingRemoveAllMarketDataOrdersVisitor - [ORDERBOOK] Removing market data order:MktData(price=123,quantity=453)
23:15:22.434 [main] INFO  c.o.v.MutatingRemoveAllMarketDataOrdersVisitor - [ORDERBOOK] Removing level:123
23:15:22.434 [main] INFO  c.o.v.MutatingRemoveAllMarketDataOrdersVisitor - [ORDERBOOK] Removing market data order:MktData(price=144,quantity=645)
23:15:22.434 [main] INFO  c.o.v.MutatingRemoveAllMarketDataOrdersVisitor - [ORDERBOOK] Removing level:144
23:15:22.434 [main] INFO  c.o.v.MutatingRemoveAllMarketDataOrdersVisitor - [ORDERBOOK] Removing market data order:MktData(price=167,quantity=665)
23:15:22.434 [main] INFO  c.o.v.MutatingRemoveAllMarketDataOrdersVisitor - [ORDERBOOK] Removing level:167
23:15:22.434 [main] DEBUG c.orderbook.OrderBook - [ORDERBOOK] ASK: Adding orderMktData(price=98,quantity=501)
23:15:22.434 [main] DEBUG c.orderbook.OrderBook - [ORDERBOOK] ASK: Adding orderMktData(price=101,quantity=200)
23:15:22.434 [main] DEBUG c.orderbook.OrderBook - [ORDERBOOK] ASK: Adding orderMktData(price=110,quantity=5000)
23:15:22.434 [main] DEBUG c.orderbook.OrderBook - [ORDERBOOK] ASK: Adding orderMktData(price=119,quantity=5600)
23:15:22.434 [main] DEBUG c.orderbook.OrderBook - [ORDERBOOK] ASK: Adding orderMktData(price=123,quantity=453)
23:15:22.434 [main] DEBUG c.orderbook.OrderBook - [ORDERBOOK] ASK: Adding orderMktData(price=144,quantity=645)
23:15:22.434 [main] DEBUG c.orderbook.OrderBook - [ORDERBOOK] ASK: Adding orderMktData(price=167,quantity=665)
23:15:22.434 [main] DEBUG c.service.MarketDataService - [ALGO] BID: price:43 quantity:134
23:15:22.434 [main] DEBUG c.service.MarketDataService - [ALGO] BID: price:76 quantity:145
23:15:22.434 [main] DEBUG c.service.MarketDataService - [ALGO] BID: price:91 quantity:300
23:15:22.434 [main] DEBUG c.service.MarketDataService - [ALGO] BID: price:93 quantity:200
23:15:22.434 [main] DEBUG c.service.MarketDataService - [ALGO] BID: price:95 quantity:100
23:15:22.434 [main] DEBUG c.service.MarketDataService - [ALGO] BID: price:98 quantity:154
23:15:22.434 [main] DEBUG c.service.MarketDataService - [ALGO] ASK: price:98 quantity:501
23:15:22.434 [main] DEBUG c.service.MarketDataService - [ALGO] ASK: price:101 quantity:200
23:15:22.434 [main] DEBUG c.service.MarketDataService - [ALGO] ASK: price:110 quantity:5000
23:15:22.434 [main] DEBUG c.service.MarketDataService - [ALGO] ASK: price:119 quantity:5600
23:15:22.434 [main] DEBUG c.service.MarketDataService - [ALGO] ASK: price:123 quantity:453
23:15:22.434 [main] DEBUG c.service.MarketDataService - [ALGO] ASK: price:144 quantity:645
23:15:22.434 [main] DEBUG c.service.MarketDataService - [ALGO] ASK: price:167 quantity:665
23:15:22.435 [main] INFO  c.gettingstarted.MyAlgoLogic - [MYALGO] The state of the order book is:
|----BID-----||----ASK----|
    134 @ 43    501 @ 98
    145 @ 76   200 @ 101
    300 @ 91  5000 @ 110
    200 @ 93  5600 @ 119
    100 @ 95   453 @ 123
    154 @ 98   645 @ 144
          -    665 @ 167
|------------||-----------|

23:15:22.435 [main] INFO  c.gettingstarted.MyAlgoLogic - [MYALGO] Algo Sees Book as: 
|----BID-----||----ASK----|
    134 @ 43    501 @ 98
    145 @ 76   200 @ 101
    300 @ 91  5000 @ 110
    200 @ 93  5600 @ 119
    100 @ 95   453 @ 123
    154 @ 98   645 @ 144
          -    665 @ 167
|------------||-----------|

23:15:22.435 [main] INFO  c.gettingstarted.TimedLogic - [TIMEDLOGIC] Market is closed
23:15:22.435 [main] INFO  c.sequencer.consumer.LoggingConsumer - [88] 
|----BID-----|
    134 @ 43
    145 @ 76
    300 @ 91
    200 @ 93
    100 @ 95
    154 @ 98
|----ASK-----|
    501 @ 98
   200 @ 101
  5000 @ 110
  5600 @ 119
   453 @ 123
   645 @ 144
   665 @ 167

23:15:22.435 [main] INFO  c.orderbook.OrderBook - [ORDERBOOK] Processing Mkt Data Update
23:15:22.435 [main] INFO  c.o.v.MutatingRemoveAllMarketDataOrdersVisitor - [ORDERBOOK] Removing market data order:MktData(price=43,quantity=134)
23:15:22.435 [main] INFO  c.o.v.MutatingRemoveAllMarketDataOrdersVisitor - [ORDERBOOK] Removing level:43
23:15:22.435 [main] DEBUG c.orderbook.OrderBook - [ORDERBOOK] ASK: Adding orderMktData(price=43,quantity=134)
23:15:22.435 [main] DEBUG c.orderbook.OrderBook - [ORDERBOOK] ASK: Adding orderMktData(price=76,quantity=145)
23:15:22.435 [main] DEBUG c.orderbook.OrderBook - [ORDERBOOK] ASK: Adding orderMktData(price=91,quantity=300)
23:15:22.435 [main] DEBUG c.orderbook.OrderBook - [ORDERBOOK] ASK: Adding orderMktData(price=93,quantity=200)
23:15:22.435 [main] DEBUG c.orderbook.OrderBook - [ORDERBOOK] ASK: Adding orderMktData(price=95,quantity=100)
23:15:22.438 [main] DEBUG c.orderbook.OrderBook - [ORDERBOOK] ASK: Adding orderMktData(price=98,quantity=154)
23:15:22.439 [main] INFO  c.o.v.MutatingMatchOneMarketDataOrderVisitor - [ORDERBOOK] visiting LevelOrderBookLevel(price=43,quantity=134)
23:15:22.439 [main] INFO  c.o.v.MutatingMatchOneMarketDataOrderVisitor - [ORDERBOOK] Can't match order:MktData(price=43,quantity=134)(MktData(price=98,quantity=154))
23:15:22.439 [main] INFO  c.o.v.MutatingRemoveAllMarketDataOrdersVisitor - [ORDERBOOK] Removing market data order:MktData(price=98,quantity=501)
23:15:22.439 [main] INFO  c.o.v.MutatingRemoveAllMarketDataOrdersVisitor - [ORDERBOOK] Removing level:98
23:15:22.439 [main] INFO  c.o.v.MutatingRemoveAllMarketDataOrdersVisitor - [ORDERBOOK] Removing market data order:MktData(price=101,quantity=200)
23:15:22.439 [main] INFO  c.o.v.MutatingRemoveAllMarketDataOrdersVisitor - [ORDERBOOK] Removing level:101
23:15:22.439 [main] INFO  c.o.v.MutatingRemoveAllMarketDataOrdersVisitor - [ORDERBOOK] Removing market data order:MktData(price=110,quantity=5000)
23:15:22.439 [main] INFO  c.o.v.MutatingRemoveAllMarketDataOrdersVisitor - [ORDERBOOK] Removing level:110
23:15:22.439 [main] INFO  c.o.v.MutatingRemoveAllMarketDataOrdersVisitor - [ORDERBOOK] Removing market data order:MktData(price=119,quantity=5600)
23:15:22.439 [main] INFO  c.o.v.MutatingRemoveAllMarketDataOrdersVisitor - [ORDERBOOK] Removing level:119
23:15:22.439 [main] INFO  c.o.v.MutatingRemoveAllMarketDataOrdersVisitor - [ORDERBOOK] Removing market data order:MktData(price=123,quantity=453)
23:15:22.439 [main] INFO  c.o.v.MutatingRemoveAllMarketDataOrdersVisitor - [ORDERBOOK] Removing level:123
23:15:22.439 [main] INFO  c.o.v.MutatingRemoveAllMarketDataOrdersVisitor - [ORDERBOOK] Removing market data order:MktData(price=144,quantity=645)
23:15:22.439 [main] INFO  c.o.v.MutatingRemoveAllMarketDataOrdersVisitor - [ORDERBOOK] Removing level:144
23:15:22.439 [main] INFO  c.o.v.MutatingRemoveAllMarketDataOrdersVisitor - [ORDERBOOK] Removing market data order:MktData(price=167,quantity=665)
23:15:22.439 [main] INFO  c.o.v.MutatingRemoveAllMarketDataOrdersVisitor - [ORDERBOOK] Removing level:167
23:15:22.439 [main] DEBUG c.orderbook.OrderBook - [ORDERBOOK] ASK: Adding orderMktData(price=98,quantity=501)
23:15:22.439 [main] DEBUG c.orderbook.OrderBook - [ORDERBOOK] ASK: Adding orderMktData(price=101,quantity=200)
23:15:22.439 [main] DEBUG c.orderbook.OrderBook - [ORDERBOOK] ASK: Adding orderMktData(price=110,quantity=5000)
23:15:22.439 [main] DEBUG c.orderbook.OrderBook - [ORDERBOOK] ASK: Adding orderMktData(price=119,quantity=5600)
23:15:22.439 [main] DEBUG c.orderbook.OrderBook - [ORDERBOOK] ASK: Adding orderMktData(price=123,quantity=453)
23:15:22.439 [main] DEBUG c.orderbook.OrderBook - [ORDERBOOK] ASK: Adding orderMktData(price=144,quantity=645)
23:15:22.440 [main] DEBUG c.orderbook.OrderBook - [ORDERBOOK] ASK: Adding orderMktData(price=167,quantity=665)
23:15:22.440 [main] DEBUG c.service.MarketDataService - [ALGO] BID: price:43 quantity:134
23:15:22.440 [main] DEBUG c.service.MarketDataService - [ALGO] BID: price:76 quantity:145
23:15:22.440 [main] DEBUG c.service.MarketDataService - [ALGO] BID: price:91 quantity:300
23:15:22.440 [main] DEBUG c.service.MarketDataService - [ALGO] BID: price:93 quantity:200
23:15:22.440 [main] DEBUG c.service.MarketDataService - [ALGO] BID: price:95 quantity:100
23:15:22.440 [main] DEBUG c.service.MarketDataService - [ALGO] BID: price:98 quantity:154
23:15:22.440 [main] DEBUG c.service.MarketDataService - [ALGO] ASK: price:98 quantity:501
23:15:22.440 [main] DEBUG c.service.MarketDataService - [ALGO] ASK: price:101 quantity:200
23:15:22.440 [main] DEBUG c.service.MarketDataService - [ALGO] ASK: price:110 quantity:5000
23:15:22.440 [main] DEBUG c.service.MarketDataService - [ALGO] ASK: price:119 quantity:5600
23:15:22.440 [main] DEBUG c.service.MarketDataService - [ALGO] ASK: price:123 quantity:453
23:15:22.440 [main] DEBUG c.service.MarketDataService - [ALGO] ASK: price:144 quantity:645
23:15:22.440 [main] DEBUG c.service.MarketDataService - [ALGO] ASK: price:167 quantity:665
23:15:22.440 [main] INFO  c.gettingstarted.MyAlgoLogic - [MYALGO] The state of the order book is:
|----BID-----||----ASK----|
    134 @ 43    501 @ 98
    145 @ 76   200 @ 101
    300 @ 91  5000 @ 110
    200 @ 93  5600 @ 119
    100 @ 95   453 @ 123
    154 @ 98   645 @ 144
          -    665 @ 167
|------------||-----------|

23:15:22.440 [main] INFO  c.gettingstarted.MyAlgoLogic - [MYALGO] Algo Sees Book as: 
|----BID-----||----ASK----|
    134 @ 43    501 @ 98
    145 @ 76   200 @ 101
    300 @ 91  5000 @ 110
    200 @ 93  5600 @ 119
    100 @ 95   453 @ 123
    154 @ 98   645 @ 144
          -    665 @ 167
|------------||-----------|

23:15:22.440 [main] INFO  c.gettingstarted.TimedLogic - [TIMEDLOGIC] Market is closed
23:15:22.440 [main] INFO  c.sequencer.consumer.LoggingConsumer - [89] 
|----BID-----|
    134 @ 43
    145 @ 76
    300 @ 91
    200 @ 93
    100 @ 95
    154 @ 98
|----ASK-----|
    501 @ 98
   200 @ 101
  5000 @ 110
  5600 @ 119
   453 @ 123
   645 @ 144
   665 @ 167

23:15:22.440 [main] INFO  c.orderbook.OrderBook - [ORDERBOOK] Processing Mkt Data Update
23:15:22.440 [main] INFO  c.o.v.MutatingRemoveAllMarketDataOrdersVisitor - [ORDERBOOK] Removing market data order:MktData(price=43,quantity=134)
23:15:22.440 [main] INFO  c.o.v.MutatingRemoveAllMarketDataOrdersVisitor - [ORDERBOOK] Removing level:43
23:15:22.440 [main] DEBUG c.orderbook.OrderBook - [ORDERBOOK] ASK: Adding orderMktData(price=43,quantity=134)
23:15:22.440 [main] DEBUG c.orderbook.OrderBook - [ORDERBOOK] ASK: Adding orderMktData(price=76,quantity=145)
23:15:22.440 [main] DEBUG c.orderbook.OrderBook - [ORDERBOOK] ASK: Adding orderMktData(price=91,quantity=300)
23:15:22.440 [main] DEBUG c.orderbook.OrderBook - [ORDERBOOK] ASK: Adding orderMktData(price=93,quantity=200)
23:15:22.440 [main] DEBUG c.orderbook.OrderBook - [ORDERBOOK] ASK: Adding orderMktData(price=95,quantity=100)
23:15:22.440 [main] DEBUG c.orderbook.OrderBook - [ORDERBOOK] ASK: Adding orderMktData(price=98,quantity=154)
23:15:22.440 [main] INFO  c.o.v.MutatingMatchOneMarketDataOrderVisitor - [ORDERBOOK] visiting LevelOrderBookLevel(price=43,quantity=134)
23:15:22.440 [main] INFO  c.o.v.MutatingMatchOneMarketDataOrderVisitor - [ORDERBOOK] Can't match order:MktData(price=43,quantity=134)(MktData(price=98,quantity=154))
23:15:22.440 [main] INFO  c.o.v.MutatingRemoveAllMarketDataOrdersVisitor - [ORDERBOOK] Removing market data order:MktData(price=98,quantity=501)
23:15:22.440 [main] INFO  c.o.v.MutatingRemoveAllMarketDataOrdersVisitor - [ORDERBOOK] Removing level:98
23:15:22.440 [main] INFO  c.o.v.MutatingRemoveAllMarketDataOrdersVisitor - [ORDERBOOK] Removing market data order:MktData(price=101,quantity=200)
23:15:22.440 [main] INFO  c.o.v.MutatingRemoveAllMarketDataOrdersVisitor - [ORDERBOOK] Removing level:101
23:15:22.440 [main] INFO  c.o.v.MutatingRemoveAllMarketDataOrdersVisitor - [ORDERBOOK] Removing market data order:MktData(price=110,quantity=5000)
23:15:22.440 [main] INFO  c.o.v.MutatingRemoveAllMarketDataOrdersVisitor - [ORDERBOOK] Removing level:110
23:15:22.440 [main] INFO  c.o.v.MutatingRemoveAllMarketDataOrdersVisitor - [ORDERBOOK] Removing market data order:MktData(price=119,quantity=5600)
23:15:22.440 [main] INFO  c.o.v.MutatingRemoveAllMarketDataOrdersVisitor - [ORDERBOOK] Removing level:119
23:15:22.440 [main] INFO  c.o.v.MutatingRemoveAllMarketDataOrdersVisitor - [ORDERBOOK] Removing market data order:MktData(price=123,quantity=453)
23:15:22.440 [main] INFO  c.o.v.MutatingRemoveAllMarketDataOrdersVisitor - [ORDERBOOK] Removing level:123
23:15:22.440 [main] INFO  c.o.v.MutatingRemoveAllMarketDataOrdersVisitor - [ORDERBOOK] Removing market data order:MktData(price=144,quantity=645)
23:15:22.440 [main] INFO  c.o.v.MutatingRemoveAllMarketDataOrdersVisitor - [ORDERBOOK] Removing level:144
23:15:22.440 [main] INFO  c.o.v.MutatingRemoveAllMarketDataOrdersVisitor - [ORDERBOOK] Removing market data order:MktData(price=167,quantity=665)
23:15:22.440 [main] INFO  c.o.v.MutatingRemoveAllMarketDataOrdersVisitor - [ORDERBOOK] Removing level:167
23:15:22.440 [main] DEBUG c.orderbook.OrderBook - [ORDERBOOK] ASK: Adding orderMktData(price=98,quantity=501)
23:15:22.440 [main] DEBUG c.orderbook.OrderBook - [ORDERBOOK] ASK: Adding orderMktData(price=101,quantity=200)
23:15:22.440 [main] DEBUG c.orderbook.OrderBook - [ORDERBOOK] ASK: Adding orderMktData(price=110,quantity=5000)
23:15:22.440 [main] DEBUG c.orderbook.OrderBook - [ORDERBOOK] ASK: Adding orderMktData(price=119,quantity=5600)
23:15:22.440 [main] DEBUG c.orderbook.OrderBook - [ORDERBOOK] ASK: Adding orderMktData(price=123,quantity=453)
23:15:22.440 [main] DEBUG c.orderbook.OrderBook - [ORDERBOOK] ASK: Adding orderMktData(price=144,quantity=645)
23:15:22.440 [main] DEBUG c.orderbook.OrderBook - [ORDERBOOK] ASK: Adding orderMktData(price=167,quantity=665)
23:15:22.440 [main] DEBUG c.service.MarketDataService - [ALGO] BID: price:43 quantity:134
23:15:22.440 [main] DEBUG c.service.MarketDataService - [ALGO] BID: price:76 quantity:145
23:15:22.440 [main] DEBUG c.service.MarketDataService - [ALGO] BID: price:91 quantity:300
23:15:22.440 [main] DEBUG c.service.MarketDataService - [ALGO] BID: price:93 quantity:200
23:15:22.440 [main] DEBUG c.service.MarketDataService - [ALGO] BID: price:95 quantity:100
23:15:22.440 [main] DEBUG c.service.MarketDataService - [ALGO] BID: price:98 quantity:154
23:15:22.440 [main] DEBUG c.service.MarketDataService - [ALGO] ASK: price:98 quantity:501
23:15:22.440 [main] DEBUG c.service.MarketDataService - [ALGO] ASK: price:101 quantity:200
23:15:22.440 [main] DEBUG c.service.MarketDataService - [ALGO] ASK: price:110 quantity:5000
23:15:22.440 [main] DEBUG c.service.MarketDataService - [ALGO] ASK: price:119 quantity:5600
23:15:22.440 [main] DEBUG c.service.MarketDataService - [ALGO] ASK: price:123 quantity:453
23:15:22.440 [main] DEBUG c.service.MarketDataService - [ALGO] ASK: price:144 quantity:645
23:15:22.440 [main] DEBUG c.service.MarketDataService - [ALGO] ASK: price:167 quantity:665
23:15:22.440 [main] INFO  c.gettingstarted.MyAlgoLogic - [MYALGO] The state of the order book is:
|----BID-----||----ASK----|
    134 @ 43    501 @ 98
    145 @ 76   200 @ 101
    300 @ 91  5000 @ 110
    200 @ 93  5600 @ 119
    100 @ 95   453 @ 123
    154 @ 98   645 @ 144
          -    665 @ 167
|------------||-----------|

23:15:22.441 [main] INFO  c.gettingstarted.MyAlgoLogic - [MYALGO] Algo Sees Book as: 
|----BID-----||----ASK----|
    134 @ 43    501 @ 98
    145 @ 76   200 @ 101
    300 @ 91  5000 @ 110
    200 @ 93  5600 @ 119
    100 @ 95   453 @ 123
    154 @ 98   645 @ 144
          -    665 @ 167
|------------||-----------|

23:15:22.441 [main] INFO  c.gettingstarted.TimedLogic - [TIMEDLOGIC] Market is closed
23:15:22.441 [main] INFO  c.sequencer.consumer.LoggingConsumer - [90] 
|----BID-----|
    134 @ 43
    145 @ 76
    300 @ 91
    200 @ 93
    100 @ 95
    154 @ 98
|----ASK-----|
    501 @ 98
   200 @ 101
  5000 @ 110
  5600 @ 119
   453 @ 123
   645 @ 144
   665 @ 167

23:15:22.441 [main] INFO  c.orderbook.OrderBook - [ORDERBOOK] Processing Mkt Data Update
23:15:22.441 [main] INFO  c.o.v.MutatingRemoveAllMarketDataOrdersVisitor - [ORDERBOOK] Removing market data order:MktData(price=43,quantity=134)
23:15:22.441 [main] INFO  c.o.v.MutatingRemoveAllMarketDataOrdersVisitor - [ORDERBOOK] Removing level:43
23:15:22.441 [main] DEBUG c.orderbook.OrderBook - [ORDERBOOK] ASK: Adding orderMktData(price=43,quantity=134)
23:15:22.441 [main] DEBUG c.orderbook.OrderBook - [ORDERBOOK] ASK: Adding orderMktData(price=76,quantity=145)
23:15:22.441 [main] DEBUG c.orderbook.OrderBook - [ORDERBOOK] ASK: Adding orderMktData(price=91,quantity=300)
23:15:22.441 [main] DEBUG c.orderbook.OrderBook - [ORDERBOOK] ASK: Adding orderMktData(price=93,quantity=200)
23:15:22.441 [main] DEBUG c.orderbook.OrderBook - [ORDERBOOK] ASK: Adding orderMktData(price=95,quantity=100)
23:15:22.441 [main] DEBUG c.orderbook.OrderBook - [ORDERBOOK] ASK: Adding orderMktData(price=98,quantity=154)
23:15:22.441 [main] INFO  c.o.v.MutatingMatchOneMarketDataOrderVisitor - [ORDERBOOK] visiting LevelOrderBookLevel(price=43,quantity=134)
23:15:22.441 [main] INFO  c.o.v.MutatingMatchOneMarketDataOrderVisitor - [ORDERBOOK] Can't match order:MktData(price=43,quantity=134)(MktData(price=98,quantity=154))
23:15:22.441 [main] INFO  c.o.v.MutatingRemoveAllMarketDataOrdersVisitor - [ORDERBOOK] Removing market data order:MktData(price=98,quantity=501)
23:15:22.441 [main] INFO  c.o.v.MutatingRemoveAllMarketDataOrdersVisitor - [ORDERBOOK] Removing level:98
23:15:22.441 [main] INFO  c.o.v.MutatingRemoveAllMarketDataOrdersVisitor - [ORDERBOOK] Removing market data order:MktData(price=101,quantity=200)
23:15:22.441 [main] INFO  c.o.v.MutatingRemoveAllMarketDataOrdersVisitor - [ORDERBOOK] Removing level:101
23:15:22.441 [main] INFO  c.o.v.MutatingRemoveAllMarketDataOrdersVisitor - [ORDERBOOK] Removing market data order:MktData(price=110,quantity=5000)
23:15:22.441 [main] INFO  c.o.v.MutatingRemoveAllMarketDataOrdersVisitor - [ORDERBOOK] Removing level:110
23:15:22.441 [main] INFO  c.o.v.MutatingRemoveAllMarketDataOrdersVisitor - [ORDERBOOK] Removing market data order:MktData(price=119,quantity=5600)
23:15:22.441 [main] INFO  c.o.v.MutatingRemoveAllMarketDataOrdersVisitor - [ORDERBOOK] Removing level:119
23:15:22.441 [main] INFO  c.o.v.MutatingRemoveAllMarketDataOrdersVisitor - [ORDERBOOK] Removing market data order:MktData(price=123,quantity=453)
23:15:22.441 [main] INFO  c.o.v.MutatingRemoveAllMarketDataOrdersVisitor - [ORDERBOOK] Removing level:123
23:15:22.441 [main] INFO  c.o.v.MutatingRemoveAllMarketDataOrdersVisitor - [ORDERBOOK] Removing market data order:MktData(price=144,quantity=645)
23:15:22.441 [main] INFO  c.o.v.MutatingRemoveAllMarketDataOrdersVisitor - [ORDERBOOK] Removing level:144
23:15:22.441 [main] INFO  c.o.v.MutatingRemoveAllMarketDataOrdersVisitor - [ORDERBOOK] Removing market data order:MktData(price=167,quantity=665)
23:15:22.441 [main] INFO  c.o.v.MutatingRemoveAllMarketDataOrdersVisitor - [ORDERBOOK] Removing level:167
23:15:22.441 [main] DEBUG c.orderbook.OrderBook - [ORDERBOOK] ASK: Adding orderMktData(price=98,quantity=501)
23:15:22.441 [main] DEBUG c.orderbook.OrderBook - [ORDERBOOK] ASK: Adding orderMktData(price=101,quantity=200)
23:15:22.441 [main] DEBUG c.orderbook.OrderBook - [ORDERBOOK] ASK: Adding orderMktData(price=110,quantity=5000)
23:15:22.441 [main] DEBUG c.orderbook.OrderBook - [ORDERBOOK] ASK: Adding orderMktData(price=119,quantity=5600)
23:15:22.441 [main] DEBUG c.orderbook.OrderBook - [ORDERBOOK] ASK: Adding orderMktData(price=123,quantity=453)
23:15:22.441 [main] DEBUG c.orderbook.OrderBook - [ORDERBOOK] ASK: Adding orderMktData(price=144,quantity=645)
23:15:22.441 [main] DEBUG c.orderbook.OrderBook - [ORDERBOOK] ASK: Adding orderMktData(price=167,quantity=665)
23:15:22.441 [main] DEBUG c.service.MarketDataService - [ALGO] BID: price:43 quantity:134
23:15:22.441 [main] DEBUG c.service.MarketDataService - [ALGO] BID: price:76 quantity:145
23:15:22.441 [main] DEBUG c.service.MarketDataService - [ALGO] BID: price:91 quantity:300
23:15:22.441 [main] DEBUG c.service.MarketDataService - [ALGO] BID: price:93 quantity:200
23:15:22.441 [main] DEBUG c.service.MarketDataService - [ALGO] BID: price:95 quantity:100
23:15:22.441 [main] DEBUG c.service.MarketDataService - [ALGO] BID: price:98 quantity:154
23:15:22.441 [main] DEBUG c.service.MarketDataService - [ALGO] ASK: price:98 quantity:501
23:15:22.441 [main] DEBUG c.service.MarketDataService - [ALGO] ASK: price:101 quantity:200
23:15:22.441 [main] DEBUG c.service.MarketDataService - [ALGO] ASK: price:110 quantity:5000
23:15:22.441 [main] DEBUG c.service.MarketDataService - [ALGO] ASK: price:119 quantity:5600
23:15:22.441 [main] DEBUG c.service.MarketDataService - [ALGO] ASK: price:123 quantity:453
23:15:22.441 [main] DEBUG c.service.MarketDataService - [ALGO] ASK: price:144 quantity:645
23:15:22.441 [main] DEBUG c.service.MarketDataService - [ALGO] ASK: price:167 quantity:665
23:15:22.441 [main] INFO  c.gettingstarted.MyAlgoLogic - [MYALGO] The state of the order book is:
|----BID-----||----ASK----|
    134 @ 43    501 @ 98
    145 @ 76   200 @ 101
    300 @ 91  5000 @ 110
    200 @ 93  5600 @ 119
    100 @ 95   453 @ 123
    154 @ 98   645 @ 144
          -    665 @ 167
|------------||-----------|

23:15:22.441 [main] INFO  c.gettingstarted.MyAlgoLogic - [MYALGO] Algo Sees Book as: 
|----BID-----||----ASK----|
    134 @ 43    501 @ 98
    145 @ 76   200 @ 101
    300 @ 91  5000 @ 110
    200 @ 93  5600 @ 119
    100 @ 95   453 @ 123
    154 @ 98   645 @ 144
          -    665 @ 167
|------------||-----------|

23:15:22.442 [main] INFO  c.gettingstarted.TimedLogic - [TIMEDLOGIC] Market is closed
23:15:22.442 [main] INFO  c.sequencer.consumer.LoggingConsumer - [91] 
|----BID-----|
    134 @ 43
    145 @ 76
    300 @ 91
    200 @ 93
    100 @ 95
    154 @ 98
|----ASK-----|
    501 @ 98
   200 @ 101
  5000 @ 110
  5600 @ 119
   453 @ 123
   645 @ 144
   665 @ 167

23:15:22.442 [main] INFO  c.orderbook.OrderBook - [ORDERBOOK] Processing Mkt Data Update
23:15:22.442 [main] INFO  c.o.v.MutatingRemoveAllMarketDataOrdersVisitor - [ORDERBOOK] Removing market data order:MktData(price=43,quantity=134)
23:15:22.442 [main] INFO  c.o.v.MutatingRemoveAllMarketDataOrdersVisitor - [ORDERBOOK] Removing level:43
23:15:22.442 [main] DEBUG c.orderbook.OrderBook - [ORDERBOOK] ASK: Adding orderMktData(price=43,quantity=134)
23:15:22.442 [main] DEBUG c.orderbook.OrderBook - [ORDERBOOK] ASK: Adding orderMktData(price=76,quantity=145)
23:15:22.442 [main] DEBUG c.orderbook.OrderBook - [ORDERBOOK] ASK: Adding orderMktData(price=91,quantity=300)
23:15:22.442 [main] DEBUG c.orderbook.OrderBook - [ORDERBOOK] ASK: Adding orderMktData(price=93,quantity=200)
23:15:22.442 [main] DEBUG c.orderbook.OrderBook - [ORDERBOOK] ASK: Adding orderMktData(price=95,quantity=100)
23:15:22.442 [main] DEBUG c.orderbook.OrderBook - [ORDERBOOK] ASK: Adding orderMktData(price=98,quantity=154)
23:15:22.442 [main] INFO  c.o.v.MutatingMatchOneMarketDataOrderVisitor - [ORDERBOOK] visiting LevelOrderBookLevel(price=43,quantity=134)
23:15:22.442 [main] INFO  c.o.v.MutatingMatchOneMarketDataOrderVisitor - [ORDERBOOK] Can't match order:MktData(price=43,quantity=134)(MktData(price=98,quantity=154))
23:15:22.442 [main] INFO  c.o.v.MutatingRemoveAllMarketDataOrdersVisitor - [ORDERBOOK] Removing market data order:MktData(price=98,quantity=501)
23:15:22.442 [main] INFO  c.o.v.MutatingRemoveAllMarketDataOrdersVisitor - [ORDERBOOK] Removing level:98
23:15:22.442 [main] INFO  c.o.v.MutatingRemoveAllMarketDataOrdersVisitor - [ORDERBOOK] Removing market data order:MktData(price=101,quantity=200)
23:15:22.442 [main] INFO  c.o.v.MutatingRemoveAllMarketDataOrdersVisitor - [ORDERBOOK] Removing level:101
23:15:22.442 [main] INFO  c.o.v.MutatingRemoveAllMarketDataOrdersVisitor - [ORDERBOOK] Removing market data order:MktData(price=110,quantity=5000)
23:15:22.442 [main] INFO  c.o.v.MutatingRemoveAllMarketDataOrdersVisitor - [ORDERBOOK] Removing level:110
23:15:22.442 [main] INFO  c.o.v.MutatingRemoveAllMarketDataOrdersVisitor - [ORDERBOOK] Removing market data order:MktData(price=119,quantity=5600)
23:15:22.442 [main] INFO  c.o.v.MutatingRemoveAllMarketDataOrdersVisitor - [ORDERBOOK] Removing level:119
23:15:22.442 [main] INFO  c.o.v.MutatingRemoveAllMarketDataOrdersVisitor - [ORDERBOOK] Removing market data order:MktData(price=123,quantity=453)
23:15:22.442 [main] INFO  c.o.v.MutatingRemoveAllMarketDataOrdersVisitor - [ORDERBOOK] Removing level:123
23:15:22.442 [main] INFO  c.o.v.MutatingRemoveAllMarketDataOrdersVisitor - [ORDERBOOK] Removing market data order:MktData(price=144,quantity=645)
23:15:22.442 [main] INFO  c.o.v.MutatingRemoveAllMarketDataOrdersVisitor - [ORDERBOOK] Removing level:144
23:15:22.442 [main] INFO  c.o.v.MutatingRemoveAllMarketDataOrdersVisitor - [ORDERBOOK] Removing market data order:MktData(price=167,quantity=665)
23:15:22.442 [main] INFO  c.o.v.MutatingRemoveAllMarketDataOrdersVisitor - [ORDERBOOK] Removing level:167
23:15:22.442 [main] DEBUG c.orderbook.OrderBook - [ORDERBOOK] ASK: Adding orderMktData(price=98,quantity=501)
23:15:22.442 [main] DEBUG c.orderbook.OrderBook - [ORDERBOOK] ASK: Adding orderMktData(price=101,quantity=200)
23:15:22.442 [main] DEBUG c.orderbook.OrderBook - [ORDERBOOK] ASK: Adding orderMktData(price=110,quantity=5000)
23:15:22.442 [main] DEBUG c.orderbook.OrderBook - [ORDERBOOK] ASK: Adding orderMktData(price=119,quantity=5600)
23:15:22.442 [main] DEBUG c.orderbook.OrderBook - [ORDERBOOK] ASK: Adding orderMktData(price=123,quantity=453)
23:15:22.442 [main] DEBUG c.orderbook.OrderBook - [ORDERBOOK] ASK: Adding orderMktData(price=144,quantity=645)
23:15:22.442 [main] DEBUG c.orderbook.OrderBook - [ORDERBOOK] ASK: Adding orderMktData(price=167,quantity=665)
23:15:22.442 [main] DEBUG c.service.MarketDataService - [ALGO] BID: price:43 quantity:134
23:15:22.442 [main] DEBUG c.service.MarketDataService - [ALGO] BID: price:76 quantity:145
23:15:22.442 [main] DEBUG c.service.MarketDataService - [ALGO] BID: price:91 quantity:300
23:15:22.442 [main] DEBUG c.service.MarketDataService - [ALGO] BID: price:93 quantity:200
23:15:22.442 [main] DEBUG c.service.MarketDataService - [ALGO] BID: price:95 quantity:100
23:15:22.442 [main] DEBUG c.service.MarketDataService - [ALGO] BID: price:98 quantity:154
23:15:22.442 [main] DEBUG c.service.MarketDataService - [ALGO] ASK: price:98 quantity:501
23:15:22.442 [main] DEBUG c.service.MarketDataService - [ALGO] ASK: price:101 quantity:200
23:15:22.442 [main] DEBUG c.service.MarketDataService - [ALGO] ASK: price:110 quantity:5000
23:15:22.442 [main] DEBUG c.service.MarketDataService - [ALGO] ASK: price:119 quantity:5600
23:15:22.442 [main] DEBUG c.service.MarketDataService - [ALGO] ASK: price:123 quantity:453
23:15:22.442 [main] DEBUG c.service.MarketDataService - [ALGO] ASK: price:144 quantity:645
23:15:22.442 [main] DEBUG c.service.MarketDataService - [ALGO] ASK: price:167 quantity:665
23:15:22.442 [main] INFO  c.gettingstarted.MyAlgoLogic - [MYALGO] The state of the order book is:
|----BID-----||----ASK----|
    134 @ 43    501 @ 98
    145 @ 76   200 @ 101
    300 @ 91  5000 @ 110
    200 @ 93  5600 @ 119
    100 @ 95   453 @ 123
    154 @ 98   645 @ 144
          -    665 @ 167
|------------||-----------|

23:15:22.442 [main] INFO  c.gettingstarted.MyAlgoLogic - [MYALGO] Algo Sees Book as: 
|----BID-----||----ASK----|
    134 @ 43    501 @ 98
    145 @ 76   200 @ 101
    300 @ 91  5000 @ 110
    200 @ 93  5600 @ 119
    100 @ 95   453 @ 123
    154 @ 98   645 @ 144
          -    665 @ 167
|------------||-----------|

23:15:22.442 [main] INFO  c.gettingstarted.TimedLogic - [TIMEDLOGIC] Market is closed
23:15:22.442 [main] INFO  c.sequencer.consumer.LoggingConsumer - [92] 
|----BID-----|
    134 @ 43
    145 @ 76
    300 @ 91
    200 @ 93
    100 @ 95
    154 @ 98
|----ASK-----|
    501 @ 98
   200 @ 101
  5000 @ 110
  5600 @ 119
   453 @ 123
   645 @ 144
   665 @ 167

23:15:22.442 [main] INFO  c.orderbook.OrderBook - [ORDERBOOK] Processing Mkt Data Update
23:15:22.442 [main] INFO  c.o.v.MutatingRemoveAllMarketDataOrdersVisitor - [ORDERBOOK] Removing market data order:MktData(price=43,quantity=134)
23:15:22.442 [main] INFO  c.o.v.MutatingRemoveAllMarketDataOrdersVisitor - [ORDERBOOK] Removing level:43
23:15:22.442 [main] DEBUG c.orderbook.OrderBook - [ORDERBOOK] ASK: Adding orderMktData(price=43,quantity=134)
23:15:22.442 [main] DEBUG c.orderbook.OrderBook - [ORDERBOOK] ASK: Adding orderMktData(price=76,quantity=145)
23:15:22.442 [main] DEBUG c.orderbook.OrderBook - [ORDERBOOK] ASK: Adding orderMktData(price=91,quantity=300)
23:15:22.442 [main] DEBUG c.orderbook.OrderBook - [ORDERBOOK] ASK: Adding orderMktData(price=93,quantity=200)
23:15:22.442 [main] DEBUG c.orderbook.OrderBook - [ORDERBOOK] ASK: Adding orderMktData(price=95,quantity=100)
23:15:22.442 [main] DEBUG c.orderbook.OrderBook - [ORDERBOOK] ASK: Adding orderMktData(price=98,quantity=154)
23:15:22.442 [main] INFO  c.o.v.MutatingMatchOneMarketDataOrderVisitor - [ORDERBOOK] visiting LevelOrderBookLevel(price=43,quantity=134)
23:15:22.442 [main] INFO  c.o.v.MutatingMatchOneMarketDataOrderVisitor - [ORDERBOOK] Can't match order:MktData(price=43,quantity=134)(MktData(price=98,quantity=154))
23:15:22.442 [main] INFO  c.o.v.MutatingRemoveAllMarketDataOrdersVisitor - [ORDERBOOK] Removing market data order:MktData(price=98,quantity=501)
23:15:22.442 [main] INFO  c.o.v.MutatingRemoveAllMarketDataOrdersVisitor - [ORDERBOOK] Removing level:98
23:15:22.442 [main] INFO  c.o.v.MutatingRemoveAllMarketDataOrdersVisitor - [ORDERBOOK] Removing market data order:MktData(price=101,quantity=200)
23:15:22.442 [main] INFO  c.o.v.MutatingRemoveAllMarketDataOrdersVisitor - [ORDERBOOK] Removing level:101
23:15:22.442 [main] INFO  c.o.v.MutatingRemoveAllMarketDataOrdersVisitor - [ORDERBOOK] Removing market data order:MktData(price=110,quantity=5000)
23:15:22.442 [main] INFO  c.o.v.MutatingRemoveAllMarketDataOrdersVisitor - [ORDERBOOK] Removing level:110
23:15:22.442 [main] INFO  c.o.v.MutatingRemoveAllMarketDataOrdersVisitor - [ORDERBOOK] Removing market data order:MktData(price=119,quantity=5600)
23:15:22.443 [main] INFO  c.o.v.MutatingRemoveAllMarketDataOrdersVisitor - [ORDERBOOK] Removing level:119
23:15:22.443 [main] INFO  c.o.v.MutatingRemoveAllMarketDataOrdersVisitor - [ORDERBOOK] Removing market data order:MktData(price=123,quantity=453)
23:15:22.443 [main] INFO  c.o.v.MutatingRemoveAllMarketDataOrdersVisitor - [ORDERBOOK] Removing level:123
23:15:22.443 [main] INFO  c.o.v.MutatingRemoveAllMarketDataOrdersVisitor - [ORDERBOOK] Removing market data order:MktData(price=144,quantity=645)
23:15:22.443 [main] INFO  c.o.v.MutatingRemoveAllMarketDataOrdersVisitor - [ORDERBOOK] Removing level:144
23:15:22.443 [main] INFO  c.o.v.MutatingRemoveAllMarketDataOrdersVisitor - [ORDERBOOK] Removing market data order:MktData(price=167,quantity=665)
23:15:22.443 [main] INFO  c.o.v.MutatingRemoveAllMarketDataOrdersVisitor - [ORDERBOOK] Removing level:167
23:15:22.443 [main] DEBUG c.orderbook.OrderBook - [ORDERBOOK] ASK: Adding orderMktData(price=98,quantity=501)
23:15:22.443 [main] DEBUG c.orderbook.OrderBook - [ORDERBOOK] ASK: Adding orderMktData(price=101,quantity=200)
23:15:22.443 [main] DEBUG c.orderbook.OrderBook - [ORDERBOOK] ASK: Adding orderMktData(price=110,quantity=5000)
23:15:22.443 [main] DEBUG c.orderbook.OrderBook - [ORDERBOOK] ASK: Adding orderMktData(price=119,quantity=5600)
23:15:22.443 [main] DEBUG c.orderbook.OrderBook - [ORDERBOOK] ASK: Adding orderMktData(price=123,quantity=453)
23:15:22.443 [main] DEBUG c.orderbook.OrderBook - [ORDERBOOK] ASK: Adding orderMktData(price=144,quantity=645)
23:15:22.443 [main] DEBUG c.orderbook.OrderBook - [ORDERBOOK] ASK: Adding orderMktData(price=167,quantity=665)
23:15:22.443 [main] DEBUG c.service.MarketDataService - [ALGO] BID: price:43 quantity:134
23:15:22.443 [main] DEBUG c.service.MarketDataService - [ALGO] BID: price:76 quantity:145
23:15:22.443 [main] DEBUG c.service.MarketDataService - [ALGO] BID: price:91 quantity:300
23:15:22.443 [main] DEBUG c.service.MarketDataService - [ALGO] BID: price:93 quantity:200
23:15:22.443 [main] DEBUG c.service.MarketDataService - [ALGO] BID: price:95 quantity:100
23:15:22.443 [main] DEBUG c.service.MarketDataService - [ALGO] BID: price:98 quantity:154
23:15:22.443 [main] DEBUG c.service.MarketDataService - [ALGO] ASK: price:98 quantity:501
23:15:22.443 [main] DEBUG c.service.MarketDataService - [ALGO] ASK: price:101 quantity:200
23:15:22.443 [main] DEBUG c.service.MarketDataService - [ALGO] ASK: price:110 quantity:5000
23:15:22.443 [main] DEBUG c.service.MarketDataService - [ALGO] ASK: price:119 quantity:5600
23:15:22.443 [main] DEBUG c.service.MarketDataService - [ALGO] ASK: price:123 quantity:453
23:15:22.443 [main] DEBUG c.service.MarketDataService - [ALGO] ASK: price:144 quantity:645
23:15:22.443 [main] DEBUG c.service.MarketDataService - [ALGO] ASK: price:167 quantity:665
23:15:22.443 [main] INFO  c.gettingstarted.MyAlgoLogic - [MYALGO] The state of the order book is:
|----BID-----||----ASK----|
    134 @ 43    501 @ 98
    145 @ 76   200 @ 101
    300 @ 91  5000 @ 110
    200 @ 93  5600 @ 119
    100 @ 95   453 @ 123
    154 @ 98   645 @ 144
          -    665 @ 167
|------------||-----------|

23:15:22.443 [main] INFO  c.gettingstarted.MyAlgoLogic - [MYALGO] Algo Sees Book as: 
|----BID-----||----ASK----|
    134 @ 43    501 @ 98
    145 @ 76   200 @ 101
    300 @ 91  5000 @ 110
    200 @ 93  5600 @ 119
    100 @ 95   453 @ 123
    154 @ 98   645 @ 144
          -    665 @ 167
|------------||-----------|

23:15:22.443 [main] INFO  c.gettingstarted.TimedLogic - [TIMEDLOGIC] Market is closed
23:15:22.443 [main] INFO  c.sequencer.consumer.LoggingConsumer - [93] 
|----BID-----|
    134 @ 43
    145 @ 76
    300 @ 91
    200 @ 93
    100 @ 95
    154 @ 98
|----ASK-----|
    501 @ 98
   200 @ 101
  5000 @ 110
  5600 @ 119
   453 @ 123
   645 @ 144
   665 @ 167

23:15:22.443 [main] INFO  c.orderbook.OrderBook - [ORDERBOOK] Processing Mkt Data Update
23:15:22.443 [main] INFO  c.o.v.MutatingRemoveAllMarketDataOrdersVisitor - [ORDERBOOK] Removing market data order:MktData(price=43,quantity=134)
23:15:22.443 [main] INFO  c.o.v.MutatingRemoveAllMarketDataOrdersVisitor - [ORDERBOOK] Removing level:43
23:15:22.443 [main] DEBUG c.orderbook.OrderBook - [ORDERBOOK] ASK: Adding orderMktData(price=43,quantity=134)
23:15:22.443 [main] DEBUG c.orderbook.OrderBook - [ORDERBOOK] ASK: Adding orderMktData(price=76,quantity=145)
23:15:22.443 [main] DEBUG c.orderbook.OrderBook - [ORDERBOOK] ASK: Adding orderMktData(price=91,quantity=300)
23:15:22.443 [main] DEBUG c.orderbook.OrderBook - [ORDERBOOK] ASK: Adding orderMktData(price=93,quantity=200)
23:15:22.443 [main] DEBUG c.orderbook.OrderBook - [ORDERBOOK] ASK: Adding orderMktData(price=95,quantity=100)
23:15:22.443 [main] DEBUG c.orderbook.OrderBook - [ORDERBOOK] ASK: Adding orderMktData(price=98,quantity=154)
23:15:22.443 [main] INFO  c.o.v.MutatingMatchOneMarketDataOrderVisitor - [ORDERBOOK] visiting LevelOrderBookLevel(price=43,quantity=134)
23:15:22.443 [main] INFO  c.o.v.MutatingMatchOneMarketDataOrderVisitor - [ORDERBOOK] Can't match order:MktData(price=43,quantity=134)(MktData(price=98,quantity=154))
23:15:22.443 [main] INFO  c.o.v.MutatingRemoveAllMarketDataOrdersVisitor - [ORDERBOOK] Removing market data order:MktData(price=98,quantity=501)
23:15:22.443 [main] INFO  c.o.v.MutatingRemoveAllMarketDataOrdersVisitor - [ORDERBOOK] Removing level:98
23:15:22.443 [main] INFO  c.o.v.MutatingRemoveAllMarketDataOrdersVisitor - [ORDERBOOK] Removing market data order:MktData(price=101,quantity=200)
23:15:22.443 [main] INFO  c.o.v.MutatingRemoveAllMarketDataOrdersVisitor - [ORDERBOOK] Removing level:101
23:15:22.443 [main] INFO  c.o.v.MutatingRemoveAllMarketDataOrdersVisitor - [ORDERBOOK] Removing market data order:MktData(price=110,quantity=5000)
23:15:22.443 [main] INFO  c.o.v.MutatingRemoveAllMarketDataOrdersVisitor - [ORDERBOOK] Removing level:110
23:15:22.443 [main] INFO  c.o.v.MutatingRemoveAllMarketDataOrdersVisitor - [ORDERBOOK] Removing market data order:MktData(price=119,quantity=5600)
23:15:22.443 [main] INFO  c.o.v.MutatingRemoveAllMarketDataOrdersVisitor - [ORDERBOOK] Removing level:119
23:15:22.443 [main] INFO  c.o.v.MutatingRemoveAllMarketDataOrdersVisitor - [ORDERBOOK] Removing market data order:MktData(price=123,quantity=453)
23:15:22.443 [main] INFO  c.o.v.MutatingRemoveAllMarketDataOrdersVisitor - [ORDERBOOK] Removing level:123
23:15:22.443 [main] INFO  c.o.v.MutatingRemoveAllMarketDataOrdersVisitor - [ORDERBOOK] Removing market data order:MktData(price=144,quantity=645)
23:15:22.443 [main] INFO  c.o.v.MutatingRemoveAllMarketDataOrdersVisitor - [ORDERBOOK] Removing level:144
23:15:22.443 [main] INFO  c.o.v.MutatingRemoveAllMarketDataOrdersVisitor - [ORDERBOOK] Removing market data order:MktData(price=167,quantity=665)
23:15:22.443 [main] INFO  c.o.v.MutatingRemoveAllMarketDataOrdersVisitor - [ORDERBOOK] Removing level:167
23:15:22.443 [main] DEBUG c.orderbook.OrderBook - [ORDERBOOK] ASK: Adding orderMktData(price=98,quantity=501)
23:15:22.443 [main] DEBUG c.orderbook.OrderBook - [ORDERBOOK] ASK: Adding orderMktData(price=101,quantity=200)
23:15:22.443 [main] DEBUG c.orderbook.OrderBook - [ORDERBOOK] ASK: Adding orderMktData(price=110,quantity=5000)
23:15:22.443 [main] DEBUG c.orderbook.OrderBook - [ORDERBOOK] ASK: Adding orderMktData(price=119,quantity=5600)
23:15:22.443 [main] DEBUG c.orderbook.OrderBook - [ORDERBOOK] ASK: Adding orderMktData(price=123,quantity=453)
23:15:22.443 [main] DEBUG c.orderbook.OrderBook - [ORDERBOOK] ASK: Adding orderMktData(price=144,quantity=645)
23:15:22.443 [main] DEBUG c.orderbook.OrderBook - [ORDERBOOK] ASK: Adding orderMktData(price=167,quantity=665)
23:15:22.443 [main] DEBUG c.service.MarketDataService - [ALGO] BID: price:43 quantity:134
23:15:22.443 [main] DEBUG c.service.MarketDataService - [ALGO] BID: price:76 quantity:145
23:15:22.443 [main] DEBUG c.service.MarketDataService - [ALGO] BID: price:91 quantity:300
23:15:22.443 [main] DEBUG c.service.MarketDataService - [ALGO] BID: price:93 quantity:200
23:15:22.443 [main] DEBUG c.service.MarketDataService - [ALGO] BID: price:95 quantity:100
23:15:22.443 [main] DEBUG c.service.MarketDataService - [ALGO] BID: price:98 quantity:154
23:15:22.443 [main] DEBUG c.service.MarketDataService - [ALGO] ASK: price:98 quantity:501
23:15:22.443 [main] DEBUG c.service.MarketDataService - [ALGO] ASK: price:101 quantity:200
23:15:22.443 [main] DEBUG c.service.MarketDataService - [ALGO] ASK: price:110 quantity:5000
23:15:22.443 [main] DEBUG c.service.MarketDataService - [ALGO] ASK: price:119 quantity:5600
23:15:22.443 [main] DEBUG c.service.MarketDataService - [ALGO] ASK: price:123 quantity:453
23:15:22.443 [main] DEBUG c.service.MarketDataService - [ALGO] ASK: price:144 quantity:645
23:15:22.443 [main] DEBUG c.service.MarketDataService - [ALGO] ASK: price:167 quantity:665
23:15:22.444 [main] INFO  c.gettingstarted.MyAlgoLogic - [MYALGO] The state of the order book is:
|----BID-----||----ASK----|
    134 @ 43    501 @ 98
    145 @ 76   200 @ 101
    300 @ 91  5000 @ 110
    200 @ 93  5600 @ 119
    100 @ 95   453 @ 123
    154 @ 98   645 @ 144
          -    665 @ 167
|------------||-----------|

23:15:22.444 [main] INFO  c.gettingstarted.MyAlgoLogic - [MYALGO] Algo Sees Book as: 
|----BID-----||----ASK----|
    134 @ 43    501 @ 98
    145 @ 76   200 @ 101
    300 @ 91  5000 @ 110
    200 @ 93  5600 @ 119
    100 @ 95   453 @ 123
    154 @ 98   645 @ 144
          -    665 @ 167
|------------||-----------|

23:15:22.444 [main] INFO  c.gettingstarted.TimedLogic - [TIMEDLOGIC] Market is closed
23:15:22.444 [main] INFO  c.sequencer.consumer.LoggingConsumer - [94] 
|----BID-----|
    134 @ 43
    145 @ 76
    300 @ 91
    200 @ 93
    100 @ 95
    154 @ 98
|----ASK-----|
    501 @ 98
   200 @ 101
  5000 @ 110
  5600 @ 119
   453 @ 123
   645 @ 144
   665 @ 167

23:15:22.444 [main] INFO  c.orderbook.OrderBook - [ORDERBOOK] Processing Mkt Data Update
23:15:22.444 [main] INFO  c.o.v.MutatingRemoveAllMarketDataOrdersVisitor - [ORDERBOOK] Removing market data order:MktData(price=43,quantity=134)
23:15:22.444 [main] INFO  c.o.v.MutatingRemoveAllMarketDataOrdersVisitor - [ORDERBOOK] Removing level:43
23:15:22.444 [main] DEBUG c.orderbook.OrderBook - [ORDERBOOK] ASK: Adding orderMktData(price=43,quantity=134)
23:15:22.444 [main] DEBUG c.orderbook.OrderBook - [ORDERBOOK] ASK: Adding orderMktData(price=76,quantity=145)
23:15:22.444 [main] DEBUG c.orderbook.OrderBook - [ORDERBOOK] ASK: Adding orderMktData(price=91,quantity=300)
23:15:22.444 [main] DEBUG c.orderbook.OrderBook - [ORDERBOOK] ASK: Adding orderMktData(price=93,quantity=200)
23:15:22.444 [main] DEBUG c.orderbook.OrderBook - [ORDERBOOK] ASK: Adding orderMktData(price=95,quantity=100)
23:15:22.444 [main] DEBUG c.orderbook.OrderBook - [ORDERBOOK] ASK: Adding orderMktData(price=98,quantity=154)
23:15:22.444 [main] INFO  c.o.v.MutatingMatchOneMarketDataOrderVisitor - [ORDERBOOK] visiting LevelOrderBookLevel(price=43,quantity=134)
23:15:22.444 [main] INFO  c.o.v.MutatingMatchOneMarketDataOrderVisitor - [ORDERBOOK] Can't match order:MktData(price=43,quantity=134)(MktData(price=98,quantity=154))
23:15:22.445 [main] INFO  c.o.v.MutatingRemoveAllMarketDataOrdersVisitor - [ORDERBOOK] Removing market data order:MktData(price=98,quantity=501)
23:15:22.445 [main] INFO  c.o.v.MutatingRemoveAllMarketDataOrdersVisitor - [ORDERBOOK] Removing level:98
23:15:22.445 [main] INFO  c.o.v.MutatingRemoveAllMarketDataOrdersVisitor - [ORDERBOOK] Removing market data order:MktData(price=101,quantity=200)
23:15:22.445 [main] INFO  c.o.v.MutatingRemoveAllMarketDataOrdersVisitor - [ORDERBOOK] Removing level:101
23:15:22.445 [main] INFO  c.o.v.MutatingRemoveAllMarketDataOrdersVisitor - [ORDERBOOK] Removing market data order:MktData(price=110,quantity=5000)
23:15:22.445 [main] INFO  c.o.v.MutatingRemoveAllMarketDataOrdersVisitor - [ORDERBOOK] Removing level:110
23:15:22.445 [main] INFO  c.o.v.MutatingRemoveAllMarketDataOrdersVisitor - [ORDERBOOK] Removing market data order:MktData(price=119,quantity=5600)
23:15:22.445 [main] INFO  c.o.v.MutatingRemoveAllMarketDataOrdersVisitor - [ORDERBOOK] Removing level:119
23:15:22.445 [main] INFO  c.o.v.MutatingRemoveAllMarketDataOrdersVisitor - [ORDERBOOK] Removing market data order:MktData(price=123,quantity=453)
23:15:22.445 [main] INFO  c.o.v.MutatingRemoveAllMarketDataOrdersVisitor - [ORDERBOOK] Removing level:123
23:15:22.445 [main] INFO  c.o.v.MutatingRemoveAllMarketDataOrdersVisitor - [ORDERBOOK] Removing market data order:MktData(price=144,quantity=645)
23:15:22.445 [main] INFO  c.o.v.MutatingRemoveAllMarketDataOrdersVisitor - [ORDERBOOK] Removing level:144
23:15:22.445 [main] INFO  c.o.v.MutatingRemoveAllMarketDataOrdersVisitor - [ORDERBOOK] Removing market data order:MktData(price=167,quantity=665)
23:15:22.445 [main] INFO  c.o.v.MutatingRemoveAllMarketDataOrdersVisitor - [ORDERBOOK] Removing level:167
23:15:22.445 [main] DEBUG c.orderbook.OrderBook - [ORDERBOOK] ASK: Adding orderMktData(price=98,quantity=501)
23:15:22.445 [main] DEBUG c.orderbook.OrderBook - [ORDERBOOK] ASK: Adding orderMktData(price=101,quantity=200)
23:15:22.445 [main] DEBUG c.orderbook.OrderBook - [ORDERBOOK] ASK: Adding orderMktData(price=110,quantity=5000)
23:15:22.445 [main] DEBUG c.orderbook.OrderBook - [ORDERBOOK] ASK: Adding orderMktData(price=119,quantity=5600)
23:15:22.445 [main] DEBUG c.orderbook.OrderBook - [ORDERBOOK] ASK: Adding orderMktData(price=123,quantity=453)
23:15:22.445 [main] DEBUG c.orderbook.OrderBook - [ORDERBOOK] ASK: Adding orderMktData(price=144,quantity=645)
23:15:22.445 [main] DEBUG c.orderbook.OrderBook - [ORDERBOOK] ASK: Adding orderMktData(price=167,quantity=665)
23:15:22.445 [main] DEBUG c.service.MarketDataService - [ALGO] BID: price:43 quantity:134
23:15:22.445 [main] DEBUG c.service.MarketDataService - [ALGO] BID: price:76 quantity:145
23:15:22.445 [main] DEBUG c.service.MarketDataService - [ALGO] BID: price:91 quantity:300
23:15:22.445 [main] DEBUG c.service.MarketDataService - [ALGO] BID: price:93 quantity:200
23:15:22.445 [main] DEBUG c.service.MarketDataService - [ALGO] BID: price:95 quantity:100
23:15:22.445 [main] DEBUG c.service.MarketDataService - [ALGO] BID: price:98 quantity:154
23:15:22.445 [main] DEBUG c.service.MarketDataService - [ALGO] ASK: price:98 quantity:501
23:15:22.445 [main] DEBUG c.service.MarketDataService - [ALGO] ASK: price:101 quantity:200
23:15:22.445 [main] DEBUG c.service.MarketDataService - [ALGO] ASK: price:110 quantity:5000
23:15:22.445 [main] DEBUG c.service.MarketDataService - [ALGO] ASK: price:119 quantity:5600
23:15:22.445 [main] DEBUG c.service.MarketDataService - [ALGO] ASK: price:123 quantity:453
23:15:22.448 [main] DEBUG c.service.MarketDataService - [ALGO] ASK: price:144 quantity:645
23:15:22.448 [main] DEBUG c.service.MarketDataService - [ALGO] ASK: price:167 quantity:665
23:15:22.448 [main] INFO  c.gettingstarted.MyAlgoLogic - [MYALGO] The state of the order book is:
|----BID-----||----ASK----|
    134 @ 43    501 @ 98
    145 @ 76   200 @ 101
    300 @ 91  5000 @ 110
    200 @ 93  5600 @ 119
    100 @ 95   453 @ 123
    154 @ 98   645 @ 144
          -    665 @ 167
|------------||-----------|

23:15:22.448 [main] INFO  c.gettingstarted.MyAlgoLogic - [MYALGO] Algo Sees Book as: 
|----BID-----||----ASK----|
    134 @ 43    501 @ 98
    145 @ 76   200 @ 101
    300 @ 91  5000 @ 110
    200 @ 93  5600 @ 119
    100 @ 95   453 @ 123
    154 @ 98   645 @ 144
          -    665 @ 167
|------------||-----------|

23:15:22.448 [main] INFO  c.gettingstarted.TimedLogic - [TIMEDLOGIC] Market is closed
23:15:22.448 [main] INFO  c.sequencer.consumer.LoggingConsumer - [95] 
|----BID-----|
    134 @ 43
    145 @ 76
    300 @ 91
    200 @ 93
    100 @ 95
    154 @ 98
|----ASK-----|
    501 @ 98
   200 @ 101
  5000 @ 110
  5600 @ 119
   453 @ 123
   645 @ 144
   665 @ 167

23:15:22.448 [main] INFO  c.orderbook.OrderBook - [ORDERBOOK] Processing Mkt Data Update
23:15:22.448 [main] INFO  c.o.v.MutatingRemoveAllMarketDataOrdersVisitor - [ORDERBOOK] Removing market data order:MktData(price=43,quantity=134)
23:15:22.448 [main] INFO  c.o.v.MutatingRemoveAllMarketDataOrdersVisitor - [ORDERBOOK] Removing level:43
23:15:22.448 [main] DEBUG c.orderbook.OrderBook - [ORDERBOOK] ASK: Adding orderMktData(price=43,quantity=134)
23:15:22.448 [main] DEBUG c.orderbook.OrderBook - [ORDERBOOK] ASK: Adding orderMktData(price=76,quantity=145)
23:15:22.448 [main] DEBUG c.orderbook.OrderBook - [ORDERBOOK] ASK: Adding orderMktData(price=91,quantity=300)
23:15:22.448 [main] DEBUG c.orderbook.OrderBook - [ORDERBOOK] ASK: Adding orderMktData(price=93,quantity=200)
23:15:22.448 [main] DEBUG c.orderbook.OrderBook - [ORDERBOOK] ASK: Adding orderMktData(price=95,quantity=100)
23:15:22.448 [main] DEBUG c.orderbook.OrderBook - [ORDERBOOK] ASK: Adding orderMktData(price=98,quantity=154)
23:15:22.448 [main] INFO  c.o.v.MutatingMatchOneMarketDataOrderVisitor - [ORDERBOOK] visiting LevelOrderBookLevel(price=43,quantity=134)
23:15:22.448 [main] INFO  c.o.v.MutatingMatchOneMarketDataOrderVisitor - [ORDERBOOK] Can't match order:MktData(price=43,quantity=134)(MktData(price=98,quantity=154))
23:15:22.448 [main] INFO  c.o.v.MutatingRemoveAllMarketDataOrdersVisitor - [ORDERBOOK] Removing market data order:MktData(price=98,quantity=501)
23:15:22.448 [main] INFO  c.o.v.MutatingRemoveAllMarketDataOrdersVisitor - [ORDERBOOK] Removing level:98
23:15:22.448 [main] INFO  c.o.v.MutatingRemoveAllMarketDataOrdersVisitor - [ORDERBOOK] Removing market data order:MktData(price=101,quantity=200)
23:15:22.448 [main] INFO  c.o.v.MutatingRemoveAllMarketDataOrdersVisitor - [ORDERBOOK] Removing level:101
23:15:22.448 [main] INFO  c.o.v.MutatingRemoveAllMarketDataOrdersVisitor - [ORDERBOOK] Removing market data order:MktData(price=110,quantity=5000)
23:15:22.448 [main] INFO  c.o.v.MutatingRemoveAllMarketDataOrdersVisitor - [ORDERBOOK] Removing level:110
23:15:22.448 [main] INFO  c.o.v.MutatingRemoveAllMarketDataOrdersVisitor - [ORDERBOOK] Removing market data order:MktData(price=119,quantity=5600)
23:15:22.448 [main] INFO  c.o.v.MutatingRemoveAllMarketDataOrdersVisitor - [ORDERBOOK] Removing level:119
23:15:22.448 [main] INFO  c.o.v.MutatingRemoveAllMarketDataOrdersVisitor - [ORDERBOOK] Removing market data order:MktData(price=123,quantity=453)
23:15:22.448 [main] INFO  c.o.v.MutatingRemoveAllMarketDataOrdersVisitor - [ORDERBOOK] Removing level:123
23:15:22.448 [main] INFO  c.o.v.MutatingRemoveAllMarketDataOrdersVisitor - [ORDERBOOK] Removing market data order:MktData(price=144,quantity=645)
23:15:22.448 [main] INFO  c.o.v.MutatingRemoveAllMarketDataOrdersVisitor - [ORDERBOOK] Removing level:144
23:15:22.448 [main] INFO  c.o.v.MutatingRemoveAllMarketDataOrdersVisitor - [ORDERBOOK] Removing market data order:MktData(price=167,quantity=665)
23:15:22.448 [main] INFO  c.o.v.MutatingRemoveAllMarketDataOrdersVisitor - [ORDERBOOK] Removing level:167
23:15:22.448 [main] DEBUG c.orderbook.OrderBook - [ORDERBOOK] ASK: Adding orderMktData(price=98,quantity=501)
23:15:22.448 [main] DEBUG c.orderbook.OrderBook - [ORDERBOOK] ASK: Adding orderMktData(price=101,quantity=200)
23:15:22.448 [main] DEBUG c.orderbook.OrderBook - [ORDERBOOK] ASK: Adding orderMktData(price=110,quantity=5000)
23:15:22.448 [main] DEBUG c.orderbook.OrderBook - [ORDERBOOK] ASK: Adding orderMktData(price=119,quantity=5600)
23:15:22.448 [main] DEBUG c.orderbook.OrderBook - [ORDERBOOK] ASK: Adding orderMktData(price=123,quantity=453)
23:15:22.448 [main] DEBUG c.orderbook.OrderBook - [ORDERBOOK] ASK: Adding orderMktData(price=144,quantity=645)
23:15:22.448 [main] DEBUG c.orderbook.OrderBook - [ORDERBOOK] ASK: Adding orderMktData(price=167,quantity=665)
23:15:22.449 [main] DEBUG c.service.MarketDataService - [ALGO] BID: price:43 quantity:134
23:15:22.449 [main] DEBUG c.service.MarketDataService - [ALGO] BID: price:76 quantity:145
23:15:22.449 [main] DEBUG c.service.MarketDataService - [ALGO] BID: price:91 quantity:300
23:15:22.449 [main] DEBUG c.service.MarketDataService - [ALGO] BID: price:93 quantity:200
23:15:22.449 [main] DEBUG c.service.MarketDataService - [ALGO] BID: price:95 quantity:100
23:15:22.449 [main] DEBUG c.service.MarketDataService - [ALGO] BID: price:98 quantity:154
23:15:22.449 [main] DEBUG c.service.MarketDataService - [ALGO] ASK: price:98 quantity:501
23:15:22.449 [main] DEBUG c.service.MarketDataService - [ALGO] ASK: price:101 quantity:200
23:15:22.449 [main] DEBUG c.service.MarketDataService - [ALGO] ASK: price:110 quantity:5000
23:15:22.449 [main] DEBUG c.service.MarketDataService - [ALGO] ASK: price:119 quantity:5600
23:15:22.449 [main] DEBUG c.service.MarketDataService - [ALGO] ASK: price:123 quantity:453
23:15:22.449 [main] DEBUG c.service.MarketDataService - [ALGO] ASK: price:144 quantity:645
23:15:22.449 [main] DEBUG c.service.MarketDataService - [ALGO] ASK: price:167 quantity:665
23:15:22.449 [main] INFO  c.gettingstarted.MyAlgoLogic - [MYALGO] The state of the order book is:
|----BID-----||----ASK----|
    134 @ 43    501 @ 98
    145 @ 76   200 @ 101
    300 @ 91  5000 @ 110
    200 @ 93  5600 @ 119
    100 @ 95   453 @ 123
    154 @ 98   645 @ 144
          -    665 @ 167
|------------||-----------|

23:15:22.449 [main] INFO  c.gettingstarted.MyAlgoLogic - [MYALGO] Algo Sees Book as: 
|----BID-----||----ASK----|
    134 @ 43    501 @ 98
    145 @ 76   200 @ 101
    300 @ 91  5000 @ 110
    200 @ 93  5600 @ 119
    100 @ 95   453 @ 123
    154 @ 98   645 @ 144
          -    665 @ 167
|------------||-----------|

23:15:22.449 [main] INFO  c.gettingstarted.TimedLogic - [TIMEDLOGIC] Market is closed
23:15:22.449 [main] INFO  c.sequencer.consumer.LoggingConsumer - [96] 
|----BID-----|
    134 @ 43
    145 @ 76
    300 @ 91
    200 @ 93
    100 @ 95
    154 @ 98
|----ASK-----|
    501 @ 98
   200 @ 101
  5000 @ 110
  5600 @ 119
   453 @ 123
   645 @ 144
   665 @ 167

23:15:22.449 [main] INFO  c.orderbook.OrderBook - [ORDERBOOK] Processing Mkt Data Update
23:15:22.449 [main] INFO  c.o.v.MutatingRemoveAllMarketDataOrdersVisitor - [ORDERBOOK] Removing market data order:MktData(price=43,quantity=134)
23:15:22.449 [main] INFO  c.o.v.MutatingRemoveAllMarketDataOrdersVisitor - [ORDERBOOK] Removing level:43
23:15:22.449 [main] DEBUG c.orderbook.OrderBook - [ORDERBOOK] ASK: Adding orderMktData(price=43,quantity=134)
23:15:22.449 [main] DEBUG c.orderbook.OrderBook - [ORDERBOOK] ASK: Adding orderMktData(price=76,quantity=145)
23:15:22.449 [main] DEBUG c.orderbook.OrderBook - [ORDERBOOK] ASK: Adding orderMktData(price=91,quantity=300)
23:15:22.449 [main] DEBUG c.orderbook.OrderBook - [ORDERBOOK] ASK: Adding orderMktData(price=93,quantity=200)
23:15:22.449 [main] DEBUG c.orderbook.OrderBook - [ORDERBOOK] ASK: Adding orderMktData(price=95,quantity=100)
23:15:22.449 [main] DEBUG c.orderbook.OrderBook - [ORDERBOOK] ASK: Adding orderMktData(price=98,quantity=154)
23:15:22.449 [main] INFO  c.o.v.MutatingMatchOneMarketDataOrderVisitor - [ORDERBOOK] visiting LevelOrderBookLevel(price=43,quantity=134)
23:15:22.449 [main] INFO  c.o.v.MutatingMatchOneMarketDataOrderVisitor - [ORDERBOOK] Can't match order:MktData(price=43,quantity=134)(MktData(price=98,quantity=154))
23:15:22.449 [main] INFO  c.o.v.MutatingRemoveAllMarketDataOrdersVisitor - [ORDERBOOK] Removing market data order:MktData(price=98,quantity=501)
23:15:22.449 [main] INFO  c.o.v.MutatingRemoveAllMarketDataOrdersVisitor - [ORDERBOOK] Removing level:98
23:15:22.449 [main] INFO  c.o.v.MutatingRemoveAllMarketDataOrdersVisitor - [ORDERBOOK] Removing market data order:MktData(price=101,quantity=200)
23:15:22.449 [main] INFO  c.o.v.MutatingRemoveAllMarketDataOrdersVisitor - [ORDERBOOK] Removing level:101
23:15:22.449 [main] INFO  c.o.v.MutatingRemoveAllMarketDataOrdersVisitor - [ORDERBOOK] Removing market data order:MktData(price=110,quantity=5000)
23:15:22.449 [main] INFO  c.o.v.MutatingRemoveAllMarketDataOrdersVisitor - [ORDERBOOK] Removing level:110
23:15:22.449 [main] INFO  c.o.v.MutatingRemoveAllMarketDataOrdersVisitor - [ORDERBOOK] Removing market data order:MktData(price=119,quantity=5600)
23:15:22.449 [main] INFO  c.o.v.MutatingRemoveAllMarketDataOrdersVisitor - [ORDERBOOK] Removing level:119
23:15:22.449 [main] INFO  c.o.v.MutatingRemoveAllMarketDataOrdersVisitor - [ORDERBOOK] Removing market data order:MktData(price=123,quantity=453)
23:15:22.449 [main] INFO  c.o.v.MutatingRemoveAllMarketDataOrdersVisitor - [ORDERBOOK] Removing level:123
23:15:22.449 [main] INFO  c.o.v.MutatingRemoveAllMarketDataOrdersVisitor - [ORDERBOOK] Removing market data order:MktData(price=144,quantity=645)
23:15:22.449 [main] INFO  c.o.v.MutatingRemoveAllMarketDataOrdersVisitor - [ORDERBOOK] Removing level:144
23:15:22.449 [main] INFO  c.o.v.MutatingRemoveAllMarketDataOrdersVisitor - [ORDERBOOK] Removing market data order:MktData(price=167,quantity=665)
23:15:22.449 [main] INFO  c.o.v.MutatingRemoveAllMarketDataOrdersVisitor - [ORDERBOOK] Removing level:167
23:15:22.449 [main] DEBUG c.orderbook.OrderBook - [ORDERBOOK] ASK: Adding orderMktData(price=98,quantity=501)
23:15:22.449 [main] DEBUG c.orderbook.OrderBook - [ORDERBOOK] ASK: Adding orderMktData(price=101,quantity=200)
23:15:22.449 [main] DEBUG c.orderbook.OrderBook - [ORDERBOOK] ASK: Adding orderMktData(price=110,quantity=5000)
23:15:22.449 [main] DEBUG c.orderbook.OrderBook - [ORDERBOOK] ASK: Adding orderMktData(price=119,quantity=5600)
23:15:22.449 [main] DEBUG c.orderbook.OrderBook - [ORDERBOOK] ASK: Adding orderMktData(price=123,quantity=453)
23:15:22.449 [main] DEBUG c.orderbook.OrderBook - [ORDERBOOK] ASK: Adding orderMktData(price=144,quantity=645)
23:15:22.449 [main] DEBUG c.orderbook.OrderBook - [ORDERBOOK] ASK: Adding orderMktData(price=167,quantity=665)
23:15:22.449 [main] DEBUG c.service.MarketDataService - [ALGO] BID: price:43 quantity:134
23:15:22.449 [main] DEBUG c.service.MarketDataService - [ALGO] BID: price:76 quantity:145
23:15:22.449 [main] DEBUG c.service.MarketDataService - [ALGO] BID: price:91 quantity:300
23:15:22.449 [main] DEBUG c.service.MarketDataService - [ALGO] BID: price:93 quantity:200
23:15:22.449 [main] DEBUG c.service.MarketDataService - [ALGO] BID: price:95 quantity:100
23:15:22.449 [main] DEBUG c.service.MarketDataService - [ALGO] BID: price:98 quantity:154
23:15:22.450 [main] DEBUG c.service.MarketDataService - [ALGO] ASK: price:98 quantity:501
23:15:22.450 [main] DEBUG c.service.MarketDataService - [ALGO] ASK: price:101 quantity:200
23:15:22.450 [main] DEBUG c.service.MarketDataService - [ALGO] ASK: price:110 quantity:5000
23:15:22.450 [main] DEBUG c.service.MarketDataService - [ALGO] ASK: price:119 quantity:5600
23:15:22.450 [main] DEBUG c.service.MarketDataService - [ALGO] ASK: price:123 quantity:453
23:15:22.450 [main] DEBUG c.service.MarketDataService - [ALGO] ASK: price:144 quantity:645
23:15:22.450 [main] DEBUG c.service.MarketDataService - [ALGO] ASK: price:167 quantity:665
23:15:22.450 [main] INFO  c.gettingstarted.MyAlgoLogic - [MYALGO] The state of the order book is:
|----BID-----||----ASK----|
    134 @ 43    501 @ 98
    145 @ 76   200 @ 101
    300 @ 91  5000 @ 110
    200 @ 93  5600 @ 119
    100 @ 95   453 @ 123
    154 @ 98   645 @ 144
          -    665 @ 167
|------------||-----------|

23:15:22.450 [main] INFO  c.gettingstarted.MyAlgoLogic - [MYALGO] Algo Sees Book as: 
|----BID-----||----ASK----|
    134 @ 43    501 @ 98
    145 @ 76   200 @ 101
    300 @ 91  5000 @ 110
    200 @ 93  5600 @ 119
    100 @ 95   453 @ 123
    154 @ 98   645 @ 144
          -    665 @ 167
|------------||-----------|

23:15:22.450 [main] INFO  c.gettingstarted.TimedLogic - [TIMEDLOGIC] Market is closed
23:15:22.450 [main] INFO  c.sequencer.consumer.LoggingConsumer - [97] 
|----BID-----|
    134 @ 43
    145 @ 76
    300 @ 91
    200 @ 93
    100 @ 95
    154 @ 98
|----ASK-----|
    501 @ 98
   200 @ 101
  5000 @ 110
  5600 @ 119
   453 @ 123
   645 @ 144
   665 @ 167

23:15:22.450 [main] INFO  c.orderbook.OrderBook - [ORDERBOOK] Processing Mkt Data Update
23:15:22.450 [main] INFO  c.o.v.MutatingRemoveAllMarketDataOrdersVisitor - [ORDERBOOK] Removing market data order:MktData(price=43,quantity=134)
23:15:22.450 [main] INFO  c.o.v.MutatingRemoveAllMarketDataOrdersVisitor - [ORDERBOOK] Removing level:43
23:15:22.450 [main] DEBUG c.orderbook.OrderBook - [ORDERBOOK] ASK: Adding orderMktData(price=43,quantity=134)
23:15:22.450 [main] DEBUG c.orderbook.OrderBook - [ORDERBOOK] ASK: Adding orderMktData(price=76,quantity=145)
23:15:22.450 [main] DEBUG c.orderbook.OrderBook - [ORDERBOOK] ASK: Adding orderMktData(price=91,quantity=300)
23:15:22.451 [main] DEBUG c.orderbook.OrderBook - [ORDERBOOK] ASK: Adding orderMktData(price=93,quantity=200)
23:15:22.451 [main] DEBUG c.orderbook.OrderBook - [ORDERBOOK] ASK: Adding orderMktData(price=95,quantity=100)
23:15:22.451 [main] DEBUG c.orderbook.OrderBook - [ORDERBOOK] ASK: Adding orderMktData(price=98,quantity=154)
23:15:22.451 [main] INFO  c.o.v.MutatingMatchOneMarketDataOrderVisitor - [ORDERBOOK] visiting LevelOrderBookLevel(price=43,quantity=134)
23:15:22.451 [main] INFO  c.o.v.MutatingMatchOneMarketDataOrderVisitor - [ORDERBOOK] Can't match order:MktData(price=43,quantity=134)(MktData(price=98,quantity=154))
23:15:22.451 [main] INFO  c.o.v.MutatingRemoveAllMarketDataOrdersVisitor - [ORDERBOOK] Removing market data order:MktData(price=98,quantity=501)
23:15:22.451 [main] INFO  c.o.v.MutatingRemoveAllMarketDataOrdersVisitor - [ORDERBOOK] Removing level:98
23:15:22.451 [main] INFO  c.o.v.MutatingRemoveAllMarketDataOrdersVisitor - [ORDERBOOK] Removing market data order:MktData(price=101,quantity=200)
23:15:22.451 [main] INFO  c.o.v.MutatingRemoveAllMarketDataOrdersVisitor - [ORDERBOOK] Removing level:101
23:15:22.451 [main] INFO  c.o.v.MutatingRemoveAllMarketDataOrdersVisitor - [ORDERBOOK] Removing market data order:MktData(price=110,quantity=5000)
23:15:22.451 [main] INFO  c.o.v.MutatingRemoveAllMarketDataOrdersVisitor - [ORDERBOOK] Removing level:110
23:15:22.451 [main] INFO  c.o.v.MutatingRemoveAllMarketDataOrdersVisitor - [ORDERBOOK] Removing market data order:MktData(price=119,quantity=5600)
23:15:22.451 [main] INFO  c.o.v.MutatingRemoveAllMarketDataOrdersVisitor - [ORDERBOOK] Removing level:119
23:15:22.451 [main] INFO  c.o.v.MutatingRemoveAllMarketDataOrdersVisitor - [ORDERBOOK] Removing market data order:MktData(price=123,quantity=453)
23:15:22.451 [main] INFO  c.o.v.MutatingRemoveAllMarketDataOrdersVisitor - [ORDERBOOK] Removing level:123
23:15:22.451 [main] INFO  c.o.v.MutatingRemoveAllMarketDataOrdersVisitor - [ORDERBOOK] Removing market data order:MktData(price=144,quantity=645)
23:15:22.451 [main] INFO  c.o.v.MutatingRemoveAllMarketDataOrdersVisitor - [ORDERBOOK] Removing level:144
23:15:22.451 [main] INFO  c.o.v.MutatingRemoveAllMarketDataOrdersVisitor - [ORDERBOOK] Removing market data order:MktData(price=167,quantity=665)
23:15:22.451 [main] INFO  c.o.v.MutatingRemoveAllMarketDataOrdersVisitor - [ORDERBOOK] Removing level:167
23:15:22.451 [main] DEBUG c.orderbook.OrderBook - [ORDERBOOK] ASK: Adding orderMktData(price=98,quantity=501)
23:15:22.451 [main] DEBUG c.orderbook.OrderBook - [ORDERBOOK] ASK: Adding orderMktData(price=101,quantity=200)
23:15:22.451 [main] DEBUG c.orderbook.OrderBook - [ORDERBOOK] ASK: Adding orderMktData(price=110,quantity=5000)
23:15:22.451 [main] DEBUG c.orderbook.OrderBook - [ORDERBOOK] ASK: Adding orderMktData(price=119,quantity=5600)
23:15:22.451 [main] DEBUG c.orderbook.OrderBook - [ORDERBOOK] ASK: Adding orderMktData(price=123,quantity=453)
23:15:22.451 [main] DEBUG c.orderbook.OrderBook - [ORDERBOOK] ASK: Adding orderMktData(price=144,quantity=645)
23:15:22.451 [main] DEBUG c.orderbook.OrderBook - [ORDERBOOK] ASK: Adding orderMktData(price=167,quantity=665)
23:15:22.451 [main] DEBUG c.service.MarketDataService - [ALGO] BID: price:43 quantity:134
23:15:22.451 [main] DEBUG c.service.MarketDataService - [ALGO] BID: price:76 quantity:145
23:15:22.451 [main] DEBUG c.service.MarketDataService - [ALGO] BID: price:91 quantity:300
23:15:22.451 [main] DEBUG c.service.MarketDataService - [ALGO] BID: price:93 quantity:200
23:15:22.451 [main] DEBUG c.service.MarketDataService - [ALGO] BID: price:95 quantity:100
23:15:22.451 [main] DEBUG c.service.MarketDataService - [ALGO] BID: price:98 quantity:154
23:15:22.451 [main] DEBUG c.service.MarketDataService - [ALGO] ASK: price:98 quantity:501
23:15:22.451 [main] DEBUG c.service.MarketDataService - [ALGO] ASK: price:101 quantity:200
23:15:22.451 [main] DEBUG c.service.MarketDataService - [ALGO] ASK: price:110 quantity:5000
23:15:22.451 [main] DEBUG c.service.MarketDataService - [ALGO] ASK: price:119 quantity:5600
23:15:22.451 [main] DEBUG c.service.MarketDataService - [ALGO] ASK: price:123 quantity:453
23:15:22.451 [main] DEBUG c.service.MarketDataService - [ALGO] ASK: price:144 quantity:645
23:15:22.451 [main] DEBUG c.service.MarketDataService - [ALGO] ASK: price:167 quantity:665
23:15:22.451 [main] INFO  c.gettingstarted.MyAlgoLogic - [MYALGO] The state of the order book is:
|----BID-----||----ASK----|
    134 @ 43    501 @ 98
    145 @ 76   200 @ 101
    300 @ 91  5000 @ 110
    200 @ 93  5600 @ 119
    100 @ 95   453 @ 123
    154 @ 98   645 @ 144
          -    665 @ 167
|------------||-----------|

23:15:22.451 [main] INFO  c.gettingstarted.MyAlgoLogic - [MYALGO] Algo Sees Book as: 
|----BID-----||----ASK----|
    134 @ 43    501 @ 98
    145 @ 76   200 @ 101
    300 @ 91  5000 @ 110
    200 @ 93  5600 @ 119
    100 @ 95   453 @ 123
    154 @ 98   645 @ 144
          -    665 @ 167
|------------||-----------|

23:15:22.451 [main] INFO  c.gettingstarted.TimedLogic - [TIMEDLOGIC] Market is closed
23:15:22.451 [main] INFO  c.sequencer.consumer.LoggingConsumer - [98] 
|----BID-----|
    134 @ 43
    145 @ 76
    300 @ 91
    200 @ 93
    100 @ 95
    154 @ 98
|----ASK-----|
    501 @ 98
   200 @ 101
  5000 @ 110
  5600 @ 119
   453 @ 123
   645 @ 144
   665 @ 167

23:15:22.451 [main] INFO  c.orderbook.OrderBook - [ORDERBOOK] Processing Mkt Data Update
23:15:22.451 [main] INFO  c.o.v.MutatingRemoveAllMarketDataOrdersVisitor - [ORDERBOOK] Removing market data order:MktData(price=43,quantity=134)
23:15:22.451 [main] INFO  c.o.v.MutatingRemoveAllMarketDataOrdersVisitor - [ORDERBOOK] Removing level:43
23:15:22.451 [main] DEBUG c.orderbook.OrderBook - [ORDERBOOK] ASK: Adding orderMktData(price=43,quantity=134)
23:15:22.451 [main] DEBUG c.orderbook.OrderBook - [ORDERBOOK] ASK: Adding orderMktData(price=76,quantity=145)
23:15:22.451 [main] DEBUG c.orderbook.OrderBook - [ORDERBOOK] ASK: Adding orderMktData(price=91,quantity=300)
23:15:22.451 [main] DEBUG c.orderbook.OrderBook - [ORDERBOOK] ASK: Adding orderMktData(price=93,quantity=200)
23:15:22.451 [main] DEBUG c.orderbook.OrderBook - [ORDERBOOK] ASK: Adding orderMktData(price=95,quantity=100)
23:15:22.451 [main] DEBUG c.orderbook.OrderBook - [ORDERBOOK] ASK: Adding orderMktData(price=98,quantity=154)
23:15:22.451 [main] INFO  c.o.v.MutatingMatchOneMarketDataOrderVisitor - [ORDERBOOK] visiting LevelOrderBookLevel(price=43,quantity=134)
23:15:22.451 [main] INFO  c.o.v.MutatingMatchOneMarketDataOrderVisitor - [ORDERBOOK] Can't match order:MktData(price=43,quantity=134)(MktData(price=98,quantity=154))
23:15:22.451 [main] INFO  c.o.v.MutatingRemoveAllMarketDataOrdersVisitor - [ORDERBOOK] Removing market data order:MktData(price=98,quantity=501)
23:15:22.451 [main] INFO  c.o.v.MutatingRemoveAllMarketDataOrdersVisitor - [ORDERBOOK] Removing level:98
23:15:22.451 [main] INFO  c.o.v.MutatingRemoveAllMarketDataOrdersVisitor - [ORDERBOOK] Removing market data order:MktData(price=101,quantity=200)
23:15:22.451 [main] INFO  c.o.v.MutatingRemoveAllMarketDataOrdersVisitor - [ORDERBOOK] Removing level:101
23:15:22.451 [main] INFO  c.o.v.MutatingRemoveAllMarketDataOrdersVisitor - [ORDERBOOK] Removing market data order:MktData(price=110,quantity=5000)
23:15:22.451 [main] INFO  c.o.v.MutatingRemoveAllMarketDataOrdersVisitor - [ORDERBOOK] Removing level:110
23:15:22.451 [main] INFO  c.o.v.MutatingRemoveAllMarketDataOrdersVisitor - [ORDERBOOK] Removing market data order:MktData(price=119,quantity=5600)
23:15:22.451 [main] INFO  c.o.v.MutatingRemoveAllMarketDataOrdersVisitor - [ORDERBOOK] Removing level:119
23:15:22.451 [main] INFO  c.o.v.MutatingRemoveAllMarketDataOrdersVisitor - [ORDERBOOK] Removing market data order:MktData(price=123,quantity=453)
23:15:22.451 [main] INFO  c.o.v.MutatingRemoveAllMarketDataOrdersVisitor - [ORDERBOOK] Removing level:123
23:15:22.451 [main] INFO  c.o.v.MutatingRemoveAllMarketDataOrdersVisitor - [ORDERBOOK] Removing market data order:MktData(price=144,quantity=645)
23:15:22.451 [main] INFO  c.o.v.MutatingRemoveAllMarketDataOrdersVisitor - [ORDERBOOK] Removing level:144
23:15:22.451 [main] INFO  c.o.v.MutatingRemoveAllMarketDataOrdersVisitor - [ORDERBOOK] Removing market data order:MktData(price=167,quantity=665)
23:15:22.451 [main] INFO  c.o.v.MutatingRemoveAllMarketDataOrdersVisitor - [ORDERBOOK] Removing level:167
23:15:22.451 [main] DEBUG c.orderbook.OrderBook - [ORDERBOOK] ASK: Adding orderMktData(price=98,quantity=501)
23:15:22.452 [main] DEBUG c.orderbook.OrderBook - [ORDERBOOK] ASK: Adding orderMktData(price=101,quantity=200)
23:15:22.452 [main] DEBUG c.orderbook.OrderBook - [ORDERBOOK] ASK: Adding orderMktData(price=110,quantity=5000)
23:15:22.452 [main] DEBUG c.orderbook.OrderBook - [ORDERBOOK] ASK: Adding orderMktData(price=119,quantity=5600)
23:15:22.452 [main] DEBUG c.orderbook.OrderBook - [ORDERBOOK] ASK: Adding orderMktData(price=123,quantity=453)
23:15:22.452 [main] DEBUG c.orderbook.OrderBook - [ORDERBOOK] ASK: Adding orderMktData(price=144,quantity=645)
23:15:22.452 [main] DEBUG c.orderbook.OrderBook - [ORDERBOOK] ASK: Adding orderMktData(price=167,quantity=665)
23:15:22.452 [main] DEBUG c.service.MarketDataService - [ALGO] BID: price:43 quantity:134
23:15:22.452 [main] DEBUG c.service.MarketDataService - [ALGO] BID: price:76 quantity:145
23:15:22.452 [main] DEBUG c.service.MarketDataService - [ALGO] BID: price:91 quantity:300
23:15:22.452 [main] DEBUG c.service.MarketDataService - [ALGO] BID: price:93 quantity:200
23:15:22.452 [main] DEBUG c.service.MarketDataService - [ALGO] BID: price:95 quantity:100
23:15:22.452 [main] DEBUG c.service.MarketDataService - [ALGO] BID: price:98 quantity:154
23:15:22.452 [main] DEBUG c.service.MarketDataService - [ALGO] ASK: price:98 quantity:501
23:15:22.452 [main] DEBUG c.service.MarketDataService - [ALGO] ASK: price:101 quantity:200
23:15:22.452 [main] DEBUG c.service.MarketDataService - [ALGO] ASK: price:110 quantity:5000
23:15:22.452 [main] DEBUG c.service.MarketDataService - [ALGO] ASK: price:119 quantity:5600
23:15:22.452 [main] DEBUG c.service.MarketDataService - [ALGO] ASK: price:123 quantity:453
23:15:22.452 [main] DEBUG c.service.MarketDataService - [ALGO] ASK: price:144 quantity:645
23:15:22.452 [main] DEBUG c.service.MarketDataService - [ALGO] ASK: price:167 quantity:665
23:15:22.452 [main] INFO  c.gettingstarted.MyAlgoLogic - [MYALGO] The state of the order book is:
|----BID-----||----ASK----|
    134 @ 43    501 @ 98
    145 @ 76   200 @ 101
    300 @ 91  5000 @ 110
    200 @ 93  5600 @ 119
    100 @ 95   453 @ 123
    154 @ 98   645 @ 144
          -    665 @ 167
|------------||-----------|

23:15:22.452 [main] INFO  c.gettingstarted.MyAlgoLogic - [MYALGO] Algo Sees Book as: 
|----BID-----||----ASK----|
    134 @ 43    501 @ 98
    145 @ 76   200 @ 101
    300 @ 91  5000 @ 110
    200 @ 93  5600 @ 119
    100 @ 95   453 @ 123
    154 @ 98   645 @ 144
          -    665 @ 167
|------------||-----------|

23:15:22.452 [main] INFO  c.gettingstarted.TimedLogic - [TIMEDLOGIC] Market is closed
23:15:22.452 [main] INFO  c.sequencer.consumer.LoggingConsumer - [99] 
|----BID-----|
    134 @ 43
    145 @ 76
    300 @ 91
    200 @ 93
    100 @ 95
    154 @ 98
|----ASK-----|
    501 @ 98
   200 @ 101
  5000 @ 110
  5600 @ 119
   453 @ 123
   645 @ 144
   665 @ 167

23:15:22.452 [main] INFO  c.orderbook.OrderBook - [ORDERBOOK] Processing Mkt Data Update
23:15:22.452 [main] INFO  c.o.v.MutatingRemoveAllMarketDataOrdersVisitor - [ORDERBOOK] Removing market data order:MktData(price=43,quantity=134)
23:15:22.452 [main] INFO  c.o.v.MutatingRemoveAllMarketDataOrdersVisitor - [ORDERBOOK] Removing level:43
23:15:22.452 [main] DEBUG c.orderbook.OrderBook - [ORDERBOOK] ASK: Adding orderMktData(price=43,quantity=134)
23:15:22.452 [main] DEBUG c.orderbook.OrderBook - [ORDERBOOK] ASK: Adding orderMktData(price=76,quantity=145)
23:15:22.452 [main] DEBUG c.orderbook.OrderBook - [ORDERBOOK] ASK: Adding orderMktData(price=91,quantity=300)
23:15:22.452 [main] DEBUG c.orderbook.OrderBook - [ORDERBOOK] ASK: Adding orderMktData(price=93,quantity=200)
23:15:22.452 [main] DEBUG c.orderbook.OrderBook - [ORDERBOOK] ASK: Adding orderMktData(price=95,quantity=100)
23:15:22.452 [main] DEBUG c.orderbook.OrderBook - [ORDERBOOK] ASK: Adding orderMktData(price=98,quantity=154)
23:15:22.452 [main] INFO  c.o.v.MutatingMatchOneMarketDataOrderVisitor - [ORDERBOOK] visiting LevelOrderBookLevel(price=43,quantity=134)
23:15:22.452 [main] INFO  c.o.v.MutatingMatchOneMarketDataOrderVisitor - [ORDERBOOK] Can't match order:MktData(price=43,quantity=134)(MktData(price=98,quantity=154))
23:15:22.452 [main] INFO  c.o.v.MutatingRemoveAllMarketDataOrdersVisitor - [ORDERBOOK] Removing market data order:MktData(price=98,quantity=501)
23:15:22.452 [main] INFO  c.o.v.MutatingRemoveAllMarketDataOrdersVisitor - [ORDERBOOK] Removing level:98
23:15:22.452 [main] INFO  c.o.v.MutatingRemoveAllMarketDataOrdersVisitor - [ORDERBOOK] Removing market data order:MktData(price=101,quantity=200)
23:15:22.452 [main] INFO  c.o.v.MutatingRemoveAllMarketDataOrdersVisitor - [ORDERBOOK] Removing level:101
23:15:22.452 [main] INFO  c.o.v.MutatingRemoveAllMarketDataOrdersVisitor - [ORDERBOOK] Removing market data order:MktData(price=110,quantity=5000)
23:15:22.452 [main] INFO  c.o.v.MutatingRemoveAllMarketDataOrdersVisitor - [ORDERBOOK] Removing level:110
23:15:22.452 [main] INFO  c.o.v.MutatingRemoveAllMarketDataOrdersVisitor - [ORDERBOOK] Removing market data order:MktData(price=119,quantity=5600)
23:15:22.452 [main] INFO  c.o.v.MutatingRemoveAllMarketDataOrdersVisitor - [ORDERBOOK] Removing level:119
23:15:22.452 [main] INFO  c.o.v.MutatingRemoveAllMarketDataOrdersVisitor - [ORDERBOOK] Removing market data order:MktData(price=123,quantity=453)
23:15:22.452 [main] INFO  c.o.v.MutatingRemoveAllMarketDataOrdersVisitor - [ORDERBOOK] Removing level:123
23:15:22.452 [main] INFO  c.o.v.MutatingRemoveAllMarketDataOrdersVisitor - [ORDERBOOK] Removing market data order:MktData(price=144,quantity=645)
23:15:22.452 [main] INFO  c.o.v.MutatingRemoveAllMarketDataOrdersVisitor - [ORDERBOOK] Removing level:144
23:15:22.452 [main] INFO  c.o.v.MutatingRemoveAllMarketDataOrdersVisitor - [ORDERBOOK] Removing market data order:MktData(price=167,quantity=665)
23:15:22.452 [main] INFO  c.o.v.MutatingRemoveAllMarketDataOrdersVisitor - [ORDERBOOK] Removing level:167
23:15:22.452 [main] DEBUG c.orderbook.OrderBook - [ORDERBOOK] ASK: Adding orderMktData(price=98,quantity=501)
23:15:22.452 [main] DEBUG c.orderbook.OrderBook - [ORDERBOOK] ASK: Adding orderMktData(price=101,quantity=200)
23:15:22.452 [main] DEBUG c.orderbook.OrderBook - [ORDERBOOK] ASK: Adding orderMktData(price=110,quantity=5000)
23:15:22.452 [main] DEBUG c.orderbook.OrderBook - [ORDERBOOK] ASK: Adding orderMktData(price=119,quantity=5600)
23:15:22.452 [main] DEBUG c.orderbook.OrderBook - [ORDERBOOK] ASK: Adding orderMktData(price=123,quantity=453)
23:15:22.452 [main] DEBUG c.orderbook.OrderBook - [ORDERBOOK] ASK: Adding orderMktData(price=144,quantity=645)
23:15:22.452 [main] DEBUG c.orderbook.OrderBook - [ORDERBOOK] ASK: Adding orderMktData(price=167,quantity=665)
23:15:22.452 [main] DEBUG c.service.MarketDataService - [ALGO] BID: price:43 quantity:134
23:15:22.452 [main] DEBUG c.service.MarketDataService - [ALGO] BID: price:76 quantity:145
23:15:22.452 [main] DEBUG c.service.MarketDataService - [ALGO] BID: price:91 quantity:300
23:15:22.452 [main] DEBUG c.service.MarketDataService - [ALGO] BID: price:93 quantity:200
23:15:22.452 [main] DEBUG c.service.MarketDataService - [ALGO] BID: price:95 quantity:100
23:15:22.452 [main] DEBUG c.service.MarketDataService - [ALGO] BID: price:98 quantity:154
23:15:22.452 [main] DEBUG c.service.MarketDataService - [ALGO] ASK: price:98 quantity:501
23:15:22.452 [main] DEBUG c.service.MarketDataService - [ALGO] ASK: price:101 quantity:200
23:15:22.452 [main] DEBUG c.service.MarketDataService - [ALGO] ASK: price:110 quantity:5000
23:15:22.452 [main] DEBUG c.service.MarketDataService - [ALGO] ASK: price:119 quantity:5600
23:15:22.452 [main] DEBUG c.service.MarketDataService - [ALGO] ASK: price:123 quantity:453
23:15:22.452 [main] DEBUG c.service.MarketDataService - [ALGO] ASK: price:144 quantity:645
23:15:22.452 [main] DEBUG c.service.MarketDataService - [ALGO] ASK: price:167 quantity:665
23:15:22.452 [main] INFO  c.gettingstarted.MyAlgoLogic - [MYALGO] The state of the order book is:
|----BID-----||----ASK----|
    134 @ 43    501 @ 98
    145 @ 76   200 @ 101
    300 @ 91  5000 @ 110
    200 @ 93  5600 @ 119
    100 @ 95   453 @ 123
    154 @ 98   645 @ 144
          -    665 @ 167
|------------||-----------|

23:15:22.453 [main] INFO  c.gettingstarted.MyAlgoLogic - [MYALGO] Algo Sees Book as: 
|----BID-----||----ASK----|
    134 @ 43    501 @ 98
    145 @ 76   200 @ 101
    300 @ 91  5000 @ 110
    200 @ 93  5600 @ 119
    100 @ 95   453 @ 123
    154 @ 98   645 @ 144
          -    665 @ 167
|------------||-----------|

23:15:22.453 [main] INFO  c.gettingstarted.TimedLogic - [TIMEDLOGIC] Market is closed
23:15:22.453 [main] INFO  c.sequencer.consumer.LoggingConsumer - [100] 
|----BID-----|
    134 @ 43
    145 @ 76
    300 @ 91
    200 @ 93
    100 @ 95
    154 @ 98
|----ASK-----|
    501 @ 98
   200 @ 101
  5000 @ 110
  5600 @ 119
   453 @ 123
   645 @ 144
   665 @ 167

23:15:22.453 [main] INFO  c.orderbook.OrderBook - [ORDERBOOK] Processing Mkt Data Update
23:15:22.453 [main] INFO  c.o.v.MutatingRemoveAllMarketDataOrdersVisitor - [ORDERBOOK] Removing market data order:MktData(price=43,quantity=134)
23:15:22.453 [main] INFO  c.o.v.MutatingRemoveAllMarketDataOrdersVisitor - [ORDERBOOK] Removing level:43
23:15:22.453 [main] DEBUG c.orderbook.OrderBook - [ORDERBOOK] ASK: Adding orderMktData(price=43,quantity=134)
23:15:22.453 [main] DEBUG c.orderbook.OrderBook - [ORDERBOOK] ASK: Adding orderMktData(price=76,quantity=145)
23:15:22.453 [main] DEBUG c.orderbook.OrderBook - [ORDERBOOK] ASK: Adding orderMktData(price=91,quantity=300)
23:15:22.453 [main] DEBUG c.orderbook.OrderBook - [ORDERBOOK] ASK: Adding orderMktData(price=93,quantity=200)
23:15:22.453 [main] DEBUG c.orderbook.OrderBook - [ORDERBOOK] ASK: Adding orderMktData(price=95,quantity=100)
23:15:22.453 [main] DEBUG c.orderbook.OrderBook - [ORDERBOOK] ASK: Adding orderMktData(price=98,quantity=154)
23:15:22.453 [main] INFO  c.o.v.MutatingMatchOneMarketDataOrderVisitor - [ORDERBOOK] visiting LevelOrderBookLevel(price=43,quantity=134)
23:15:22.453 [main] INFO  c.o.v.MutatingMatchOneMarketDataOrderVisitor - [ORDERBOOK] Can't match order:MktData(price=43,quantity=134)(MktData(price=98,quantity=154))
23:15:22.453 [main] INFO  c.o.v.MutatingRemoveAllMarketDataOrdersVisitor - [ORDERBOOK] Removing market data order:MktData(price=98,quantity=501)
23:15:22.453 [main] INFO  c.o.v.MutatingRemoveAllMarketDataOrdersVisitor - [ORDERBOOK] Removing level:98
23:15:22.453 [main] INFO  c.o.v.MutatingRemoveAllMarketDataOrdersVisitor - [ORDERBOOK] Removing market data order:MktData(price=101,quantity=200)
23:15:22.453 [main] INFO  c.o.v.MutatingRemoveAllMarketDataOrdersVisitor - [ORDERBOOK] Removing level:101
23:15:22.455 [main] INFO  c.o.v.MutatingRemoveAllMarketDataOrdersVisitor - [ORDERBOOK] Removing market data order:MktData(price=110,quantity=5000)
23:15:22.455 [main] INFO  c.o.v.MutatingRemoveAllMarketDataOrdersVisitor - [ORDERBOOK] Removing level:110
23:15:22.455 [main] INFO  c.o.v.MutatingRemoveAllMarketDataOrdersVisitor - [ORDERBOOK] Removing market data order:MktData(price=119,quantity=5600)
23:15:22.455 [main] INFO  c.o.v.MutatingRemoveAllMarketDataOrdersVisitor - [ORDERBOOK] Removing level:119
23:15:22.455 [main] INFO  c.o.v.MutatingRemoveAllMarketDataOrdersVisitor - [ORDERBOOK] Removing market data order:MktData(price=123,quantity=453)
23:15:22.455 [main] INFO  c.o.v.MutatingRemoveAllMarketDataOrdersVisitor - [ORDERBOOK] Removing level:123
23:15:22.455 [main] INFO  c.o.v.MutatingRemoveAllMarketDataOrdersVisitor - [ORDERBOOK] Removing market data order:MktData(price=144,quantity=645)
23:15:22.455 [main] INFO  c.o.v.MutatingRemoveAllMarketDataOrdersVisitor - [ORDERBOOK] Removing level:144
23:15:22.455 [main] INFO  c.o.v.MutatingRemoveAllMarketDataOrdersVisitor - [ORDERBOOK] Removing market data order:MktData(price=167,quantity=665)
23:15:22.455 [main] INFO  c.o.v.MutatingRemoveAllMarketDataOrdersVisitor - [ORDERBOOK] Removing level:167
23:15:22.455 [main] DEBUG c.orderbook.OrderBook - [ORDERBOOK] ASK: Adding orderMktData(price=98,quantity=501)
23:15:22.455 [main] DEBUG c.orderbook.OrderBook - [ORDERBOOK] ASK: Adding orderMktData(price=101,quantity=200)
23:15:22.455 [main] DEBUG c.orderbook.OrderBook - [ORDERBOOK] ASK: Adding orderMktData(price=110,quantity=5000)
23:15:22.455 [main] DEBUG c.orderbook.OrderBook - [ORDERBOOK] ASK: Adding orderMktData(price=119,quantity=5600)
23:15:22.455 [main] DEBUG c.orderbook.OrderBook - [ORDERBOOK] ASK: Adding orderMktData(price=123,quantity=453)
23:15:22.455 [main] DEBUG c.orderbook.OrderBook - [ORDERBOOK] ASK: Adding orderMktData(price=144,quantity=645)
23:15:22.455 [main] DEBUG c.orderbook.OrderBook - [ORDERBOOK] ASK: Adding orderMktData(price=167,quantity=665)
23:15:22.455 [main] DEBUG c.service.MarketDataService - [ALGO] BID: price:43 quantity:134
23:15:22.455 [main] DEBUG c.service.MarketDataService - [ALGO] BID: price:76 quantity:145
23:15:22.455 [main] DEBUG c.service.MarketDataService - [ALGO] BID: price:91 quantity:300
23:15:22.455 [main] DEBUG c.service.MarketDataService - [ALGO] BID: price:93 quantity:200
23:15:22.455 [main] DEBUG c.service.MarketDataService - [ALGO] BID: price:95 quantity:100
23:15:22.455 [main] DEBUG c.service.MarketDataService - [ALGO] BID: price:98 quantity:154
23:15:22.455 [main] DEBUG c.service.MarketDataService - [ALGO] ASK: price:98 quantity:501
23:15:22.455 [main] DEBUG c.service.MarketDataService - [ALGO] ASK: price:101 quantity:200
23:15:22.455 [main] DEBUG c.service.MarketDataService - [ALGO] ASK: price:110 quantity:5000
23:15:22.455 [main] DEBUG c.service.MarketDataService - [ALGO] ASK: price:119 quantity:5600
23:15:22.455 [main] DEBUG c.service.MarketDataService - [ALGO] ASK: price:123 quantity:453
23:15:22.455 [main] DEBUG c.service.MarketDataService - [ALGO] ASK: price:144 quantity:645
23:15:22.455 [main] DEBUG c.service.MarketDataService - [ALGO] ASK: price:167 quantity:665
23:15:22.455 [main] INFO  c.gettingstarted.MyAlgoLogic - [MYALGO] The state of the order book is:
|----BID-----||----ASK----|
    134 @ 43    501 @ 98
    145 @ 76   200 @ 101
    300 @ 91  5000 @ 110
    200 @ 93  5600 @ 119
    100 @ 95   453 @ 123
    154 @ 98   645 @ 144
          -    665 @ 167
|------------||-----------|

23:15:22.456 [main] INFO  c.gettingstarted.MyAlgoLogic - [MYALGO] Algo Sees Book as: 
|----BID-----||----ASK----|
    134 @ 43    501 @ 98
    145 @ 76   200 @ 101
    300 @ 91  5000 @ 110
    200 @ 93  5600 @ 119
    100 @ 95   453 @ 123
    154 @ 98   645 @ 144
          -    665 @ 167
|------------||-----------|

23:15:22.457 [main] INFO  c.gettingstarted.TimedLogic - [TIMEDLOGIC] Market is closed
23:15:22.457 [main] INFO  c.sequencer.consumer.LoggingConsumer - [101] 
|----BID-----|
    134 @ 43
    145 @ 76
    300 @ 91
    200 @ 93
    100 @ 95
    154 @ 98
|----ASK-----|
    501 @ 98
   200 @ 101
  5000 @ 110
  5600 @ 119
   453 @ 123
   645 @ 144
   665 @ 167

23:15:22.457 [main] INFO  c.orderbook.OrderBook - [ORDERBOOK] Processing Mkt Data Update
23:15:22.457 [main] INFO  c.o.v.MutatingRemoveAllMarketDataOrdersVisitor - [ORDERBOOK] Removing market data order:MktData(price=43,quantity=134)
23:15:22.457 [main] INFO  c.o.v.MutatingRemoveAllMarketDataOrdersVisitor - [ORDERBOOK] Removing level:43
23:15:22.457 [main] DEBUG c.orderbook.OrderBook - [ORDERBOOK] ASK: Adding orderMktData(price=43,quantity=134)
23:15:22.457 [main] DEBUG c.orderbook.OrderBook - [ORDERBOOK] ASK: Adding orderMktData(price=76,quantity=145)
23:15:22.457 [main] DEBUG c.orderbook.OrderBook - [ORDERBOOK] ASK: Adding orderMktData(price=91,quantity=300)
23:15:22.457 [main] DEBUG c.orderbook.OrderBook - [ORDERBOOK] ASK: Adding orderMktData(price=93,quantity=200)
23:15:22.457 [main] DEBUG c.orderbook.OrderBook - [ORDERBOOK] ASK: Adding orderMktData(price=95,quantity=100)
23:15:22.457 [main] DEBUG c.orderbook.OrderBook - [ORDERBOOK] ASK: Adding orderMktData(price=98,quantity=154)
23:15:22.457 [main] INFO  c.o.v.MutatingMatchOneMarketDataOrderVisitor - [ORDERBOOK] visiting LevelOrderBookLevel(price=43,quantity=134)
23:15:22.457 [main] INFO  c.o.v.MutatingMatchOneMarketDataOrderVisitor - [ORDERBOOK] Can't match order:MktData(price=43,quantity=134)(MktData(price=98,quantity=154))
23:15:22.457 [main] INFO  c.o.v.MutatingRemoveAllMarketDataOrdersVisitor - [ORDERBOOK] Removing market data order:MktData(price=98,quantity=501)
23:15:22.457 [main] INFO  c.o.v.MutatingRemoveAllMarketDataOrdersVisitor - [ORDERBOOK] Removing level:98
23:15:22.457 [main] INFO  c.o.v.MutatingRemoveAllMarketDataOrdersVisitor - [ORDERBOOK] Removing market data order:MktData(price=101,quantity=200)
23:15:22.457 [main] INFO  c.o.v.MutatingRemoveAllMarketDataOrdersVisitor - [ORDERBOOK] Removing level:101
23:15:22.457 [main] INFO  c.o.v.MutatingRemoveAllMarketDataOrdersVisitor - [ORDERBOOK] Removing market data order:MktData(price=110,quantity=5000)
23:15:22.457 [main] INFO  c.o.v.MutatingRemoveAllMarketDataOrdersVisitor - [ORDERBOOK] Removing level:110
23:15:22.457 [main] INFO  c.o.v.MutatingRemoveAllMarketDataOrdersVisitor - [ORDERBOOK] Removing market data order:MktData(price=119,quantity=5600)
23:15:22.457 [main] INFO  c.o.v.MutatingRemoveAllMarketDataOrdersVisitor - [ORDERBOOK] Removing level:119
23:15:22.457 [main] INFO  c.o.v.MutatingRemoveAllMarketDataOrdersVisitor - [ORDERBOOK] Removing market data order:MktData(price=123,quantity=453)
23:15:22.457 [main] INFO  c.o.v.MutatingRemoveAllMarketDataOrdersVisitor - [ORDERBOOK] Removing level:123
23:15:22.457 [main] INFO  c.o.v.MutatingRemoveAllMarketDataOrdersVisitor - [ORDERBOOK] Removing market data order:MktData(price=144,quantity=645)
23:15:22.457 [main] INFO  c.o.v.MutatingRemoveAllMarketDataOrdersVisitor - [ORDERBOOK] Removing level:144
23:15:22.457 [main] INFO  c.o.v.MutatingRemoveAllMarketDataOrdersVisitor - [ORDERBOOK] Removing market data order:MktData(price=167,quantity=665)
23:15:22.457 [main] INFO  c.o.v.MutatingRemoveAllMarketDataOrdersVisitor - [ORDERBOOK] Removing level:167
23:15:22.458 [main] DEBUG c.orderbook.OrderBook - [ORDERBOOK] ASK: Adding orderMktData(price=98,quantity=501)
23:15:22.458 [main] DEBUG c.orderbook.OrderBook - [ORDERBOOK] ASK: Adding orderMktData(price=101,quantity=200)
23:15:22.458 [main] DEBUG c.orderbook.OrderBook - [ORDERBOOK] ASK: Adding orderMktData(price=110,quantity=5000)
23:15:22.458 [main] DEBUG c.orderbook.OrderBook - [ORDERBOOK] ASK: Adding orderMktData(price=119,quantity=5600)
23:15:22.458 [main] DEBUG c.orderbook.OrderBook - [ORDERBOOK] ASK: Adding orderMktData(price=123,quantity=453)
23:15:22.458 [main] DEBUG c.orderbook.OrderBook - [ORDERBOOK] ASK: Adding orderMktData(price=144,quantity=645)
23:15:22.458 [main] DEBUG c.orderbook.OrderBook - [ORDERBOOK] ASK: Adding orderMktData(price=167,quantity=665)
23:15:22.458 [main] DEBUG c.service.MarketDataService - [ALGO] BID: price:43 quantity:134
23:15:22.458 [main] DEBUG c.service.MarketDataService - [ALGO] BID: price:76 quantity:145
23:15:22.458 [main] DEBUG c.service.MarketDataService - [ALGO] BID: price:91 quantity:300
23:15:22.458 [main] DEBUG c.service.MarketDataService - [ALGO] BID: price:93 quantity:200
23:15:22.458 [main] DEBUG c.service.MarketDataService - [ALGO] BID: price:95 quantity:100
23:15:22.458 [main] DEBUG c.service.MarketDataService - [ALGO] BID: price:98 quantity:154
23:15:22.458 [main] DEBUG c.service.MarketDataService - [ALGO] ASK: price:98 quantity:501
23:15:22.458 [main] DEBUG c.service.MarketDataService - [ALGO] ASK: price:101 quantity:200
23:15:22.458 [main] DEBUG c.service.MarketDataService - [ALGO] ASK: price:110 quantity:5000
23:15:22.458 [main] DEBUG c.service.MarketDataService - [ALGO] ASK: price:119 quantity:5600
23:15:22.458 [main] DEBUG c.service.MarketDataService - [ALGO] ASK: price:123 quantity:453
23:15:22.458 [main] DEBUG c.service.MarketDataService - [ALGO] ASK: price:144 quantity:645
23:15:22.458 [main] DEBUG c.service.MarketDataService - [ALGO] ASK: price:167 quantity:665
23:15:22.458 [main] INFO  c.gettingstarted.MyAlgoLogic - [MYALGO] The state of the order book is:
|----BID-----||----ASK----|
    134 @ 43    501 @ 98
    145 @ 76   200 @ 101
    300 @ 91  5000 @ 110
    200 @ 93  5600 @ 119
    100 @ 95   453 @ 123
    154 @ 98   645 @ 144
          -    665 @ 167
|------------||-----------|

23:15:22.458 [main] INFO  c.gettingstarted.MyAlgoLogic - [MYALGO] Algo Sees Book as: 
|----BID-----||----ASK----|
    134 @ 43    501 @ 98
    145 @ 76   200 @ 101
    300 @ 91  5000 @ 110
    200 @ 93  5600 @ 119
    100 @ 95   453 @ 123
    154 @ 98   645 @ 144
          -    665 @ 167
|------------||-----------|

23:15:22.458 [main] INFO  c.gettingstarted.TimedLogic - [TIMEDLOGIC] Market is closed
23:15:22.459 [main] INFO  c.sequencer.consumer.LoggingConsumer - [102] 
|----BID-----|
    134 @ 43
    145 @ 76
    300 @ 91
    200 @ 93
    100 @ 95
    154 @ 98
|----ASK-----|
    501 @ 98
   200 @ 101
  5000 @ 110
  5600 @ 119
   453 @ 123
   645 @ 144
   665 @ 167

23:15:22.459 [main] INFO  c.orderbook.OrderBook - [ORDERBOOK] Processing Mkt Data Update
23:15:22.459 [main] INFO  c.o.v.MutatingRemoveAllMarketDataOrdersVisitor - [ORDERBOOK] Removing market data order:MktData(price=43,quantity=134)
23:15:22.459 [main] INFO  c.o.v.MutatingRemoveAllMarketDataOrdersVisitor - [ORDERBOOK] Removing level:43
23:15:22.459 [main] DEBUG c.orderbook.OrderBook - [ORDERBOOK] ASK: Adding orderMktData(price=43,quantity=134)
23:15:22.459 [main] DEBUG c.orderbook.OrderBook - [ORDERBOOK] ASK: Adding orderMktData(price=76,quantity=145)
23:15:22.459 [main] DEBUG c.orderbook.OrderBook - [ORDERBOOK] ASK: Adding orderMktData(price=91,quantity=300)
23:15:22.459 [main] DEBUG c.orderbook.OrderBook - [ORDERBOOK] ASK: Adding orderMktData(price=93,quantity=200)
23:15:22.459 [main] DEBUG c.orderbook.OrderBook - [ORDERBOOK] ASK: Adding orderMktData(price=95,quantity=100)
23:15:22.459 [main] DEBUG c.orderbook.OrderBook - [ORDERBOOK] ASK: Adding orderMktData(price=98,quantity=154)
23:15:22.459 [main] INFO  c.o.v.MutatingMatchOneMarketDataOrderVisitor - [ORDERBOOK] visiting LevelOrderBookLevel(price=43,quantity=134)
23:15:22.459 [main] INFO  c.o.v.MutatingMatchOneMarketDataOrderVisitor - [ORDERBOOK] Can't match order:MktData(price=43,quantity=134)(MktData(price=98,quantity=154))
23:15:22.459 [main] INFO  c.o.v.MutatingRemoveAllMarketDataOrdersVisitor - [ORDERBOOK] Removing market data order:MktData(price=98,quantity=501)
23:15:22.459 [main] INFO  c.o.v.MutatingRemoveAllMarketDataOrdersVisitor - [ORDERBOOK] Removing level:98
23:15:22.459 [main] INFO  c.o.v.MutatingRemoveAllMarketDataOrdersVisitor - [ORDERBOOK] Removing market data order:MktData(price=101,quantity=200)
23:15:22.459 [main] INFO  c.o.v.MutatingRemoveAllMarketDataOrdersVisitor - [ORDERBOOK] Removing level:101
23:15:22.459 [main] INFO  c.o.v.MutatingRemoveAllMarketDataOrdersVisitor - [ORDERBOOK] Removing market data order:MktData(price=110,quantity=5000)
23:15:22.459 [main] INFO  c.o.v.MutatingRemoveAllMarketDataOrdersVisitor - [ORDERBOOK] Removing level:110
23:15:22.459 [main] INFO  c.o.v.MutatingRemoveAllMarketDataOrdersVisitor - [ORDERBOOK] Removing market data order:MktData(price=119,quantity=5600)
23:15:22.459 [main] INFO  c.o.v.MutatingRemoveAllMarketDataOrdersVisitor - [ORDERBOOK] Removing level:119
23:15:22.459 [main] INFO  c.o.v.MutatingRemoveAllMarketDataOrdersVisitor - [ORDERBOOK] Removing market data order:MktData(price=123,quantity=453)
23:15:22.459 [main] INFO  c.o.v.MutatingRemoveAllMarketDataOrdersVisitor - [ORDERBOOK] Removing level:123
23:15:22.459 [main] INFO  c.o.v.MutatingRemoveAllMarketDataOrdersVisitor - [ORDERBOOK] Removing market data order:MktData(price=144,quantity=645)
23:15:22.459 [main] INFO  c.o.v.MutatingRemoveAllMarketDataOrdersVisitor - [ORDERBOOK] Removing level:144
23:15:22.459 [main] INFO  c.o.v.MutatingRemoveAllMarketDataOrdersVisitor - [ORDERBOOK] Removing market data order:MktData(price=167,quantity=665)
23:15:22.459 [main] INFO  c.o.v.MutatingRemoveAllMarketDataOrdersVisitor - [ORDERBOOK] Removing level:167
23:15:22.459 [main] DEBUG c.orderbook.OrderBook - [ORDERBOOK] ASK: Adding orderMktData(price=98,quantity=501)
23:15:22.459 [main] DEBUG c.orderbook.OrderBook - [ORDERBOOK] ASK: Adding orderMktData(price=101,quantity=200)
23:15:22.459 [main] DEBUG c.orderbook.OrderBook - [ORDERBOOK] ASK: Adding orderMktData(price=110,quantity=5000)
23:15:22.459 [main] DEBUG c.orderbook.OrderBook - [ORDERBOOK] ASK: Adding orderMktData(price=119,quantity=5600)
23:15:22.459 [main] DEBUG c.orderbook.OrderBook - [ORDERBOOK] ASK: Adding orderMktData(price=123,quantity=453)
23:15:22.459 [main] DEBUG c.orderbook.OrderBook - [ORDERBOOK] ASK: Adding orderMktData(price=144,quantity=645)
23:15:22.459 [main] DEBUG c.orderbook.OrderBook - [ORDERBOOK] ASK: Adding orderMktData(price=167,quantity=665)
23:15:22.459 [main] DEBUG c.service.MarketDataService - [ALGO] BID: price:43 quantity:134
23:15:22.459 [main] DEBUG c.service.MarketDataService - [ALGO] BID: price:76 quantity:145
23:15:22.459 [main] DEBUG c.service.MarketDataService - [ALGO] BID: price:91 quantity:300
23:15:22.459 [main] DEBUG c.service.MarketDataService - [ALGO] BID: price:93 quantity:200
23:15:22.459 [main] DEBUG c.service.MarketDataService - [ALGO] BID: price:95 quantity:100
23:15:22.459 [main] DEBUG c.service.MarketDataService - [ALGO] BID: price:98 quantity:154
23:15:22.459 [main] DEBUG c.service.MarketDataService - [ALGO] ASK: price:98 quantity:501
23:15:22.459 [main] DEBUG c.service.MarketDataService - [ALGO] ASK: price:101 quantity:200
23:15:22.459 [main] DEBUG c.service.MarketDataService - [ALGO] ASK: price:110 quantity:5000
23:15:22.459 [main] DEBUG c.service.MarketDataService - [ALGO] ASK: price:119 quantity:5600
23:15:22.459 [main] DEBUG c.service.MarketDataService - [ALGO] ASK: price:123 quantity:453
23:15:22.459 [main] DEBUG c.service.MarketDataService - [ALGO] ASK: price:144 quantity:645
23:15:22.459 [main] DEBUG c.service.MarketDataService - [ALGO] ASK: price:167 quantity:665
23:15:22.459 [main] INFO  c.gettingstarted.MyAlgoLogic - [MYALGO] The state of the order book is:
|----BID-----||----ASK----|
    134 @ 43    501 @ 98
    145 @ 76   200 @ 101
    300 @ 91  5000 @ 110
    200 @ 93  5600 @ 119
    100 @ 95   453 @ 123
    154 @ 98   645 @ 144
          -    665 @ 167
|------------||-----------|

23:15:22.459 [main] INFO  c.gettingstarted.MyAlgoLogic - [MYALGO] Algo Sees Book as: 
|----BID-----||----ASK----|
    134 @ 43    501 @ 98
    145 @ 76   200 @ 101
    300 @ 91  5000 @ 110
    200 @ 93  5600 @ 119
    100 @ 95   453 @ 123
    154 @ 98   645 @ 144
          -    665 @ 167
|------------||-----------|

23:15:22.459 [main] INFO  c.gettingstarted.TimedLogic - [TIMEDLOGIC] Market is closed
23:15:22.459 [main] INFO  c.sequencer.consumer.LoggingConsumer - [103] 
|----BID-----|
    134 @ 43
    145 @ 76
    300 @ 91
    200 @ 93
    100 @ 95
    154 @ 98
|----ASK-----|
    501 @ 98
   200 @ 101
  5000 @ 110
  5600 @ 119
   453 @ 123
   645 @ 144
   665 @ 167

23:15:22.459 [main] INFO  c.orderbook.OrderBook - [ORDERBOOK] Processing Mkt Data Update
23:15:22.459 [main] INFO  c.o.v.MutatingRemoveAllMarketDataOrdersVisitor - [ORDERBOOK] Removing market data order:MktData(price=43,quantity=134)
23:15:22.459 [main] INFO  c.o.v.MutatingRemoveAllMarketDataOrdersVisitor - [ORDERBOOK] Removing level:43
23:15:22.459 [main] DEBUG c.orderbook.OrderBook - [ORDERBOOK] ASK: Adding orderMktData(price=43,quantity=134)
23:15:22.459 [main] DEBUG c.orderbook.OrderBook - [ORDERBOOK] ASK: Adding orderMktData(price=76,quantity=145)
23:15:22.459 [main] DEBUG c.orderbook.OrderBook - [ORDERBOOK] ASK: Adding orderMktData(price=91,quantity=300)
23:15:22.459 [main] DEBUG c.orderbook.OrderBook - [ORDERBOOK] ASK: Adding orderMktData(price=93,quantity=200)
23:15:22.459 [main] DEBUG c.orderbook.OrderBook - [ORDERBOOK] ASK: Adding orderMktData(price=95,quantity=100)
23:15:22.459 [main] DEBUG c.orderbook.OrderBook - [ORDERBOOK] ASK: Adding orderMktData(price=98,quantity=154)
23:15:22.459 [main] INFO  c.o.v.MutatingMatchOneMarketDataOrderVisitor - [ORDERBOOK] visiting LevelOrderBookLevel(price=43,quantity=134)
23:15:22.459 [main] INFO  c.o.v.MutatingMatchOneMarketDataOrderVisitor - [ORDERBOOK] Can't match order:MktData(price=43,quantity=134)(MktData(price=98,quantity=154))
23:15:22.459 [main] INFO  c.o.v.MutatingRemoveAllMarketDataOrdersVisitor - [ORDERBOOK] Removing market data order:MktData(price=98,quantity=501)
23:15:22.459 [main] INFO  c.o.v.MutatingRemoveAllMarketDataOrdersVisitor - [ORDERBOOK] Removing level:98
23:15:22.459 [main] INFO  c.o.v.MutatingRemoveAllMarketDataOrdersVisitor - [ORDERBOOK] Removing market data order:MktData(price=101,quantity=200)
23:15:22.459 [main] INFO  c.o.v.MutatingRemoveAllMarketDataOrdersVisitor - [ORDERBOOK] Removing level:101
23:15:22.459 [main] INFO  c.o.v.MutatingRemoveAllMarketDataOrdersVisitor - [ORDERBOOK] Removing market data order:MktData(price=110,quantity=5000)
23:15:22.459 [main] INFO  c.o.v.MutatingRemoveAllMarketDataOrdersVisitor - [ORDERBOOK] Removing level:110
23:15:22.460 [main] INFO  c.o.v.MutatingRemoveAllMarketDataOrdersVisitor - [ORDERBOOK] Removing market data order:MktData(price=119,quantity=5600)
23:15:22.460 [main] INFO  c.o.v.MutatingRemoveAllMarketDataOrdersVisitor - [ORDERBOOK] Removing level:119
23:15:22.460 [main] INFO  c.o.v.MutatingRemoveAllMarketDataOrdersVisitor - [ORDERBOOK] Removing market data order:MktData(price=123,quantity=453)
23:15:22.460 [main] INFO  c.o.v.MutatingRemoveAllMarketDataOrdersVisitor - [ORDERBOOK] Removing level:123
23:15:22.460 [main] INFO  c.o.v.MutatingRemoveAllMarketDataOrdersVisitor - [ORDERBOOK] Removing market data order:MktData(price=144,quantity=645)
23:15:22.460 [main] INFO  c.o.v.MutatingRemoveAllMarketDataOrdersVisitor - [ORDERBOOK] Removing level:144
23:15:22.460 [main] INFO  c.o.v.MutatingRemoveAllMarketDataOrdersVisitor - [ORDERBOOK] Removing market data order:MktData(price=167,quantity=665)
23:15:22.460 [main] INFO  c.o.v.MutatingRemoveAllMarketDataOrdersVisitor - [ORDERBOOK] Removing level:167
23:15:22.460 [main] DEBUG c.orderbook.OrderBook - [ORDERBOOK] ASK: Adding orderMktData(price=98,quantity=501)
23:15:22.460 [main] DEBUG c.orderbook.OrderBook - [ORDERBOOK] ASK: Adding orderMktData(price=101,quantity=200)
23:15:22.460 [main] DEBUG c.orderbook.OrderBook - [ORDERBOOK] ASK: Adding orderMktData(price=110,quantity=5000)
23:15:22.460 [main] DEBUG c.orderbook.OrderBook - [ORDERBOOK] ASK: Adding orderMktData(price=119,quantity=5600)
23:15:22.460 [main] DEBUG c.orderbook.OrderBook - [ORDERBOOK] ASK: Adding orderMktData(price=123,quantity=453)
23:15:22.460 [main] DEBUG c.orderbook.OrderBook - [ORDERBOOK] ASK: Adding orderMktData(price=144,quantity=645)
23:15:22.460 [main] DEBUG c.orderbook.OrderBook - [ORDERBOOK] ASK: Adding orderMktData(price=167,quantity=665)
23:15:22.460 [main] DEBUG c.service.MarketDataService - [ALGO] BID: price:43 quantity:134
23:15:22.460 [main] DEBUG c.service.MarketDataService - [ALGO] BID: price:76 quantity:145
23:15:22.460 [main] DEBUG c.service.MarketDataService - [ALGO] BID: price:91 quantity:300
23:15:22.460 [main] DEBUG c.service.MarketDataService - [ALGO] BID: price:93 quantity:200
23:15:22.460 [main] DEBUG c.service.MarketDataService - [ALGO] BID: price:95 quantity:100
23:15:22.460 [main] DEBUG c.service.MarketDataService - [ALGO] BID: price:98 quantity:154
23:15:22.460 [main] DEBUG c.service.MarketDataService - [ALGO] ASK: price:98 quantity:501
23:15:22.460 [main] DEBUG c.service.MarketDataService - [ALGO] ASK: price:101 quantity:200
23:15:22.460 [main] DEBUG c.service.MarketDataService - [ALGO] ASK: price:110 quantity:5000
23:15:22.460 [main] DEBUG c.service.MarketDataService - [ALGO] ASK: price:119 quantity:5600
23:15:22.460 [main] DEBUG c.service.MarketDataService - [ALGO] ASK: price:123 quantity:453
23:15:22.460 [main] DEBUG c.service.MarketDataService - [ALGO] ASK: price:144 quantity:645
23:15:22.460 [main] DEBUG c.service.MarketDataService - [ALGO] ASK: price:167 quantity:665
23:15:22.460 [main] INFO  c.gettingstarted.MyAlgoLogic - [MYALGO] The state of the order book is:
|----BID-----||----ASK----|
    134 @ 43    501 @ 98
    145 @ 76   200 @ 101
    300 @ 91  5000 @ 110
    200 @ 93  5600 @ 119
    100 @ 95   453 @ 123
    154 @ 98   645 @ 144
          -    665 @ 167
|------------||-----------|

23:15:22.460 [main] INFO  c.gettingstarted.MyAlgoLogic - [MYALGO] Algo Sees Book as: 
|----BID-----||----ASK----|
    134 @ 43    501 @ 98
    145 @ 76   200 @ 101
    300 @ 91  5000 @ 110
    200 @ 93  5600 @ 119
    100 @ 95   453 @ 123
    154 @ 98   645 @ 144
          -    665 @ 167
|------------||-----------|

23:15:22.460 [main] INFO  c.gettingstarted.TimedLogic - [TIMEDLOGIC] Market is closed
23:15:22.460 [main] INFO  c.sequencer.consumer.LoggingConsumer - [104] 
|----BID-----|
    134 @ 43
    145 @ 76
    300 @ 91
    200 @ 93
    100 @ 95
    154 @ 98
|----ASK-----|
    501 @ 98
   200 @ 101
  5000 @ 110
  5600 @ 119
   453 @ 123
   645 @ 144
   665 @ 167

23:15:22.460 [main] INFO  c.orderbook.OrderBook - [ORDERBOOK] Processing Mkt Data Update
23:15:22.460 [main] INFO  c.o.v.MutatingRemoveAllMarketDataOrdersVisitor - [ORDERBOOK] Removing market data order:MktData(price=43,quantity=134)
23:15:22.460 [main] INFO  c.o.v.MutatingRemoveAllMarketDataOrdersVisitor - [ORDERBOOK] Removing level:43
23:15:22.460 [main] DEBUG c.orderbook.OrderBook - [ORDERBOOK] ASK: Adding orderMktData(price=43,quantity=134)
23:15:22.460 [main] DEBUG c.orderbook.OrderBook - [ORDERBOOK] ASK: Adding orderMktData(price=76,quantity=145)
23:15:22.460 [main] DEBUG c.orderbook.OrderBook - [ORDERBOOK] ASK: Adding orderMktData(price=91,quantity=300)
23:15:22.460 [main] DEBUG c.orderbook.OrderBook - [ORDERBOOK] ASK: Adding orderMktData(price=93,quantity=200)
23:15:22.460 [main] DEBUG c.orderbook.OrderBook - [ORDERBOOK] ASK: Adding orderMktData(price=95,quantity=100)
23:15:22.460 [main] DEBUG c.orderbook.OrderBook - [ORDERBOOK] ASK: Adding orderMktData(price=98,quantity=154)
23:15:22.460 [main] INFO  c.o.v.MutatingMatchOneMarketDataOrderVisitor - [ORDERBOOK] visiting LevelOrderBookLevel(price=43,quantity=134)
23:15:22.460 [main] INFO  c.o.v.MutatingMatchOneMarketDataOrderVisitor - [ORDERBOOK] Can't match order:MktData(price=43,quantity=134)(MktData(price=98,quantity=154))
23:15:22.460 [main] INFO  c.o.v.MutatingRemoveAllMarketDataOrdersVisitor - [ORDERBOOK] Removing market data order:MktData(price=98,quantity=501)
23:15:22.460 [main] INFO  c.o.v.MutatingRemoveAllMarketDataOrdersVisitor - [ORDERBOOK] Removing level:98
23:15:22.460 [main] INFO  c.o.v.MutatingRemoveAllMarketDataOrdersVisitor - [ORDERBOOK] Removing market data order:MktData(price=101,quantity=200)
23:15:22.460 [main] INFO  c.o.v.MutatingRemoveAllMarketDataOrdersVisitor - [ORDERBOOK] Removing level:101
23:15:22.460 [main] INFO  c.o.v.MutatingRemoveAllMarketDataOrdersVisitor - [ORDERBOOK] Removing market data order:MktData(price=110,quantity=5000)
23:15:22.460 [main] INFO  c.o.v.MutatingRemoveAllMarketDataOrdersVisitor - [ORDERBOOK] Removing level:110
23:15:22.460 [main] INFO  c.o.v.MutatingRemoveAllMarketDataOrdersVisitor - [ORDERBOOK] Removing market data order:MktData(price=119,quantity=5600)
23:15:22.460 [main] INFO  c.o.v.MutatingRemoveAllMarketDataOrdersVisitor - [ORDERBOOK] Removing level:119
23:15:22.460 [main] INFO  c.o.v.MutatingRemoveAllMarketDataOrdersVisitor - [ORDERBOOK] Removing market data order:MktData(price=123,quantity=453)
23:15:22.460 [main] INFO  c.o.v.MutatingRemoveAllMarketDataOrdersVisitor - [ORDERBOOK] Removing level:123
23:15:22.460 [main] INFO  c.o.v.MutatingRemoveAllMarketDataOrdersVisitor - [ORDERBOOK] Removing market data order:MktData(price=144,quantity=645)
23:15:22.460 [main] INFO  c.o.v.MutatingRemoveAllMarketDataOrdersVisitor - [ORDERBOOK] Removing level:144
23:15:22.460 [main] INFO  c.o.v.MutatingRemoveAllMarketDataOrdersVisitor - [ORDERBOOK] Removing market data order:MktData(price=167,quantity=665)
23:15:22.460 [main] INFO  c.o.v.MutatingRemoveAllMarketDataOrdersVisitor - [ORDERBOOK] Removing level:167
23:15:22.460 [main] DEBUG c.orderbook.OrderBook - [ORDERBOOK] ASK: Adding orderMktData(price=98,quantity=501)
23:15:22.460 [main] DEBUG c.orderbook.OrderBook - [ORDERBOOK] ASK: Adding orderMktData(price=101,quantity=200)
23:15:22.460 [main] DEBUG c.orderbook.OrderBook - [ORDERBOOK] ASK: Adding orderMktData(price=110,quantity=5000)
23:15:22.460 [main] DEBUG c.orderbook.OrderBook - [ORDERBOOK] ASK: Adding orderMktData(price=119,quantity=5600)
23:15:22.460 [main] DEBUG c.orderbook.OrderBook - [ORDERBOOK] ASK: Adding orderMktData(price=123,quantity=453)
23:15:22.460 [main] DEBUG c.orderbook.OrderBook - [ORDERBOOK] ASK: Adding orderMktData(price=144,quantity=645)
23:15:22.460 [main] DEBUG c.orderbook.OrderBook - [ORDERBOOK] ASK: Adding orderMktData(price=167,quantity=665)
23:15:22.460 [main] DEBUG c.service.MarketDataService - [ALGO] BID: price:43 quantity:134
23:15:22.460 [main] DEBUG c.service.MarketDataService - [ALGO] BID: price:76 quantity:145
23:15:22.460 [main] DEBUG c.service.MarketDataService - [ALGO] BID: price:91 quantity:300
23:15:22.460 [main] DEBUG c.service.MarketDataService - [ALGO] BID: price:93 quantity:200
23:15:22.460 [main] DEBUG c.service.MarketDataService - [ALGO] BID: price:95 quantity:100
23:15:22.460 [main] DEBUG c.service.MarketDataService - [ALGO] BID: price:98 quantity:154
23:15:22.460 [main] DEBUG c.service.MarketDataService - [ALGO] ASK: price:98 quantity:501
23:15:22.460 [main] DEBUG c.service.MarketDataService - [ALGO] ASK: price:101 quantity:200
23:15:22.460 [main] DEBUG c.service.MarketDataService - [ALGO] ASK: price:110 quantity:5000
23:15:22.460 [main] DEBUG c.service.MarketDataService - [ALGO] ASK: price:119 quantity:5600
23:15:22.460 [main] DEBUG c.service.MarketDataService - [ALGO] ASK: price:123 quantity:453
23:15:22.460 [main] DEBUG c.service.MarketDataService - [ALGO] ASK: price:144 quantity:645
23:15:22.460 [main] DEBUG c.service.MarketDataService - [ALGO] ASK: price:167 quantity:665
23:15:22.461 [main] INFO  c.gettingstarted.MyAlgoLogic - [MYALGO] The state of the order book is:
|----BID-----||----ASK----|
    134 @ 43    501 @ 98
    145 @ 76   200 @ 101
    300 @ 91  5000 @ 110
    200 @ 93  5600 @ 119
    100 @ 95   453 @ 123
    154 @ 98   645 @ 144
          -    665 @ 167
|------------||-----------|

23:15:22.461 [main] INFO  c.gettingstarted.MyAlgoLogic - [MYALGO] Algo Sees Book as: 
|----BID-----||----ASK----|
    134 @ 43    501 @ 98
    145 @ 76   200 @ 101
    300 @ 91  5000 @ 110
    200 @ 93  5600 @ 119
    100 @ 95   453 @ 123
    154 @ 98   645 @ 144
          -    665 @ 167
|------------||-----------|

23:15:22.461 [main] INFO  c.gettingstarted.TimedLogic - [TIMEDLOGIC] Market is closed
23:15:22.461 [main] INFO  c.sequencer.consumer.LoggingConsumer - [105] 
|----BID-----|
    134 @ 43
    145 @ 76
    300 @ 91
    200 @ 93
    100 @ 95
    154 @ 98
|----ASK-----|
    501 @ 98
   200 @ 101
  5000 @ 110
  5600 @ 119
   453 @ 123
   645 @ 144
   665 @ 167

23:15:22.461 [main] INFO  c.orderbook.OrderBook - [ORDERBOOK] Processing Mkt Data Update
23:15:22.461 [main] INFO  c.o.v.MutatingRemoveAllMarketDataOrdersVisitor - [ORDERBOOK] Removing market data order:MktData(price=43,quantity=134)
23:15:22.461 [main] INFO  c.o.v.MutatingRemoveAllMarketDataOrdersVisitor - [ORDERBOOK] Removing level:43
23:15:22.461 [main] DEBUG c.orderbook.OrderBook - [ORDERBOOK] ASK: Adding orderMktData(price=43,quantity=134)
23:15:22.461 [main] DEBUG c.orderbook.OrderBook - [ORDERBOOK] ASK: Adding orderMktData(price=76,quantity=145)
23:15:22.461 [main] DEBUG c.orderbook.OrderBook - [ORDERBOOK] ASK: Adding orderMktData(price=91,quantity=300)
23:15:22.461 [main] DEBUG c.orderbook.OrderBook - [ORDERBOOK] ASK: Adding orderMktData(price=93,quantity=200)
23:15:22.461 [main] DEBUG c.orderbook.OrderBook - [ORDERBOOK] ASK: Adding orderMktData(price=95,quantity=100)
23:15:22.461 [main] DEBUG c.orderbook.OrderBook - [ORDERBOOK] ASK: Adding orderMktData(price=98,quantity=154)
23:15:22.461 [main] INFO  c.o.v.MutatingMatchOneMarketDataOrderVisitor - [ORDERBOOK] visiting LevelOrderBookLevel(price=43,quantity=134)
23:15:22.461 [main] INFO  c.o.v.MutatingMatchOneMarketDataOrderVisitor - [ORDERBOOK] Can't match order:MktData(price=43,quantity=134)(MktData(price=98,quantity=154))
23:15:22.461 [main] INFO  c.o.v.MutatingRemoveAllMarketDataOrdersVisitor - [ORDERBOOK] Removing market data order:MktData(price=98,quantity=501)
23:15:22.461 [main] INFO  c.o.v.MutatingRemoveAllMarketDataOrdersVisitor - [ORDERBOOK] Removing level:98
23:15:22.461 [main] INFO  c.o.v.MutatingRemoveAllMarketDataOrdersVisitor - [ORDERBOOK] Removing market data order:MktData(price=101,quantity=200)
23:15:22.461 [main] INFO  c.o.v.MutatingRemoveAllMarketDataOrdersVisitor - [ORDERBOOK] Removing level:101
23:15:22.461 [main] INFO  c.o.v.MutatingRemoveAllMarketDataOrdersVisitor - [ORDERBOOK] Removing market data order:MktData(price=110,quantity=5000)
23:15:22.461 [main] INFO  c.o.v.MutatingRemoveAllMarketDataOrdersVisitor - [ORDERBOOK] Removing level:110
23:15:22.461 [main] INFO  c.o.v.MutatingRemoveAllMarketDataOrdersVisitor - [ORDERBOOK] Removing market data order:MktData(price=119,quantity=5600)
23:15:22.461 [main] INFO  c.o.v.MutatingRemoveAllMarketDataOrdersVisitor - [ORDERBOOK] Removing level:119
23:15:22.461 [main] INFO  c.o.v.MutatingRemoveAllMarketDataOrdersVisitor - [ORDERBOOK] Removing market data order:MktData(price=123,quantity=453)
23:15:22.461 [main] INFO  c.o.v.MutatingRemoveAllMarketDataOrdersVisitor - [ORDERBOOK] Removing level:123
23:15:22.461 [main] INFO  c.o.v.MutatingRemoveAllMarketDataOrdersVisitor - [ORDERBOOK] Removing market data order:MktData(price=144,quantity=645)
23:15:22.461 [main] INFO  c.o.v.MutatingRemoveAllMarketDataOrdersVisitor - [ORDERBOOK] Removing level:144
23:15:22.461 [main] INFO  c.o.v.MutatingRemoveAllMarketDataOrdersVisitor - [ORDERBOOK] Removing market data order:MktData(price=167,quantity=665)
23:15:22.461 [main] INFO  c.o.v.MutatingRemoveAllMarketDataOrdersVisitor - [ORDERBOOK] Removing level:167
23:15:22.461 [main] DEBUG c.orderbook.OrderBook - [ORDERBOOK] ASK: Adding orderMktData(price=98,quantity=501)
23:15:22.461 [main] DEBUG c.orderbook.OrderBook - [ORDERBOOK] ASK: Adding orderMktData(price=101,quantity=200)
23:15:22.461 [main] DEBUG c.orderbook.OrderBook - [ORDERBOOK] ASK: Adding orderMktData(price=110,quantity=5000)
23:15:22.461 [main] DEBUG c.orderbook.OrderBook - [ORDERBOOK] ASK: Adding orderMktData(price=119,quantity=5600)
23:15:22.461 [main] DEBUG c.orderbook.OrderBook - [ORDERBOOK] ASK: Adding orderMktData(price=123,quantity=453)
23:15:22.461 [main] DEBUG c.orderbook.OrderBook - [ORDERBOOK] ASK: Adding orderMktData(price=144,quantity=645)
23:15:22.461 [main] DEBUG c.orderbook.OrderBook - [ORDERBOOK] ASK: Adding orderMktData(price=167,quantity=665)
23:15:22.461 [main] DEBUG c.service.MarketDataService - [ALGO] BID: price:43 quantity:134
23:15:22.461 [main] DEBUG c.service.MarketDataService - [ALGO] BID: price:76 quantity:145
23:15:22.461 [main] DEBUG c.service.MarketDataService - [ALGO] BID: price:91 quantity:300
23:15:22.461 [main] DEBUG c.service.MarketDataService - [ALGO] BID: price:93 quantity:200
23:15:22.461 [main] DEBUG c.service.MarketDataService - [ALGO] BID: price:95 quantity:100
23:15:22.461 [main] DEBUG c.service.MarketDataService - [ALGO] BID: price:98 quantity:154
23:15:22.461 [main] DEBUG c.service.MarketDataService - [ALGO] ASK: price:98 quantity:501
23:15:22.461 [main] DEBUG c.service.MarketDataService - [ALGO] ASK: price:101 quantity:200
23:15:22.461 [main] DEBUG c.service.MarketDataService - [ALGO] ASK: price:110 quantity:5000
23:15:22.461 [main] DEBUG c.service.MarketDataService - [ALGO] ASK: price:119 quantity:5600
23:15:22.461 [main] DEBUG c.service.MarketDataService - [ALGO] ASK: price:123 quantity:453
23:15:22.461 [main] DEBUG c.service.MarketDataService - [ALGO] ASK: price:144 quantity:645
23:15:22.461 [main] DEBUG c.service.MarketDataService - [ALGO] ASK: price:167 quantity:665
23:15:22.461 [main] INFO  c.gettingstarted.MyAlgoLogic - [MYALGO] The state of the order book is:
|----BID-----||----ASK----|
    134 @ 43    501 @ 98
    145 @ 76   200 @ 101
    300 @ 91  5000 @ 110
    200 @ 93  5600 @ 119
    100 @ 95   453 @ 123
    154 @ 98   645 @ 144
          -    665 @ 167
|------------||-----------|

23:15:22.462 [main] INFO  c.gettingstarted.MyAlgoLogic - [MYALGO] Algo Sees Book as: 
|----BID-----||----ASK----|
    134 @ 43    501 @ 98
    145 @ 76   200 @ 101
    300 @ 91  5000 @ 110
    200 @ 93  5600 @ 119
    100 @ 95   453 @ 123
    154 @ 98   645 @ 144
          -    665 @ 167
|------------||-----------|

23:15:22.462 [main] INFO  c.gettingstarted.TimedLogic - [TIMEDLOGIC] Market is closed
23:15:22.463 [main] INFO  c.sequencer.consumer.LoggingConsumer - [106] 
|----BID-----|
    134 @ 43
    145 @ 76
    300 @ 91
    200 @ 93
    100 @ 95
    154 @ 98
|----ASK-----|
    501 @ 98
   200 @ 101
  5000 @ 110
  5600 @ 119
   453 @ 123
   645 @ 144
   665 @ 167

23:15:22.463 [main] INFO  c.orderbook.OrderBook - [ORDERBOOK] Processing Mkt Data Update
23:15:22.463 [main] INFO  c.o.v.MutatingRemoveAllMarketDataOrdersVisitor - [ORDERBOOK] Removing market data order:MktData(price=43,quantity=134)
23:15:22.463 [main] INFO  c.o.v.MutatingRemoveAllMarketDataOrdersVisitor - [ORDERBOOK] Removing level:43
23:15:22.463 [main] DEBUG c.orderbook.OrderBook - [ORDERBOOK] ASK: Adding orderMktData(price=43,quantity=134)
23:15:22.463 [main] DEBUG c.orderbook.OrderBook - [ORDERBOOK] ASK: Adding orderMktData(price=76,quantity=145)
23:15:22.463 [main] DEBUG c.orderbook.OrderBook - [ORDERBOOK] ASK: Adding orderMktData(price=91,quantity=300)
23:15:22.463 [main] DEBUG c.orderbook.OrderBook - [ORDERBOOK] ASK: Adding orderMktData(price=93,quantity=200)
23:15:22.463 [main] DEBUG c.orderbook.OrderBook - [ORDERBOOK] ASK: Adding orderMktData(price=95,quantity=100)
23:15:22.463 [main] DEBUG c.orderbook.OrderBook - [ORDERBOOK] ASK: Adding orderMktData(price=98,quantity=154)
23:15:22.463 [main] INFO  c.o.v.MutatingMatchOneMarketDataOrderVisitor - [ORDERBOOK] visiting LevelOrderBookLevel(price=43,quantity=134)
23:15:22.463 [main] INFO  c.o.v.MutatingMatchOneMarketDataOrderVisitor - [ORDERBOOK] Can't match order:MktData(price=43,quantity=134)(MktData(price=98,quantity=154))
23:15:22.463 [main] INFO  c.o.v.MutatingRemoveAllMarketDataOrdersVisitor - [ORDERBOOK] Removing market data order:MktData(price=98,quantity=501)
23:15:22.463 [main] INFO  c.o.v.MutatingRemoveAllMarketDataOrdersVisitor - [ORDERBOOK] Removing level:98
23:15:22.463 [main] INFO  c.o.v.MutatingRemoveAllMarketDataOrdersVisitor - [ORDERBOOK] Removing market data order:MktData(price=101,quantity=200)
23:15:22.463 [main] INFO  c.o.v.MutatingRemoveAllMarketDataOrdersVisitor - [ORDERBOOK] Removing level:101
23:15:22.463 [main] INFO  c.o.v.MutatingRemoveAllMarketDataOrdersVisitor - [ORDERBOOK] Removing market data order:MktData(price=110,quantity=5000)
23:15:22.463 [main] INFO  c.o.v.MutatingRemoveAllMarketDataOrdersVisitor - [ORDERBOOK] Removing level:110
23:15:22.463 [main] INFO  c.o.v.MutatingRemoveAllMarketDataOrdersVisitor - [ORDERBOOK] Removing market data order:MktData(price=119,quantity=5600)
23:15:22.463 [main] INFO  c.o.v.MutatingRemoveAllMarketDataOrdersVisitor - [ORDERBOOK] Removing level:119
23:15:22.463 [main] INFO  c.o.v.MutatingRemoveAllMarketDataOrdersVisitor - [ORDERBOOK] Removing market data order:MktData(price=123,quantity=453)
23:15:22.463 [main] INFO  c.o.v.MutatingRemoveAllMarketDataOrdersVisitor - [ORDERBOOK] Removing level:123
23:15:22.463 [main] INFO  c.o.v.MutatingRemoveAllMarketDataOrdersVisitor - [ORDERBOOK] Removing market data order:MktData(price=144,quantity=645)
23:15:22.463 [main] INFO  c.o.v.MutatingRemoveAllMarketDataOrdersVisitor - [ORDERBOOK] Removing level:144
23:15:22.463 [main] INFO  c.o.v.MutatingRemoveAllMarketDataOrdersVisitor - [ORDERBOOK] Removing market data order:MktData(price=167,quantity=665)
23:15:22.463 [main] INFO  c.o.v.MutatingRemoveAllMarketDataOrdersVisitor - [ORDERBOOK] Removing level:167
23:15:22.463 [main] DEBUG c.orderbook.OrderBook - [ORDERBOOK] ASK: Adding orderMktData(price=98,quantity=501)
23:15:22.463 [main] DEBUG c.orderbook.OrderBook - [ORDERBOOK] ASK: Adding orderMktData(price=101,quantity=200)
23:15:22.463 [main] DEBUG c.orderbook.OrderBook - [ORDERBOOK] ASK: Adding orderMktData(price=110,quantity=5000)
23:15:22.463 [main] DEBUG c.orderbook.OrderBook - [ORDERBOOK] ASK: Adding orderMktData(price=119,quantity=5600)
23:15:22.463 [main] DEBUG c.orderbook.OrderBook - [ORDERBOOK] ASK: Adding orderMktData(price=123,quantity=453)
23:15:22.463 [main] DEBUG c.orderbook.OrderBook - [ORDERBOOK] ASK: Adding orderMktData(price=144,quantity=645)
23:15:22.463 [main] DEBUG c.orderbook.OrderBook - [ORDERBOOK] ASK: Adding orderMktData(price=167,quantity=665)
23:15:22.463 [main] DEBUG c.service.MarketDataService - [ALGO] BID: price:43 quantity:134
23:15:22.463 [main] DEBUG c.service.MarketDataService - [ALGO] BID: price:76 quantity:145
23:15:22.463 [main] DEBUG c.service.MarketDataService - [ALGO] BID: price:91 quantity:300
23:15:22.463 [main] DEBUG c.service.MarketDataService - [ALGO] BID: price:93 quantity:200
23:15:22.463 [main] DEBUG c.service.MarketDataService - [ALGO] BID: price:95 quantity:100
23:15:22.463 [main] DEBUG c.service.MarketDataService - [ALGO] BID: price:98 quantity:154
23:15:22.463 [main] DEBUG c.service.MarketDataService - [ALGO] ASK: price:98 quantity:501
23:15:22.463 [main] DEBUG c.service.MarketDataService - [ALGO] ASK: price:101 quantity:200
23:15:22.463 [main] DEBUG c.service.MarketDataService - [ALGO] ASK: price:110 quantity:5000
23:15:22.463 [main] DEBUG c.service.MarketDataService - [ALGO] ASK: price:119 quantity:5600
23:15:22.463 [main] DEBUG c.service.MarketDataService - [ALGO] ASK: price:123 quantity:453
23:15:22.463 [main] DEBUG c.service.MarketDataService - [ALGO] ASK: price:144 quantity:645
23:15:22.463 [main] DEBUG c.service.MarketDataService - [ALGO] ASK: price:167 quantity:665
23:15:22.463 [main] INFO  c.gettingstarted.MyAlgoLogic - [MYALGO] The state of the order book is:
|----BID-----||----ASK----|
    134 @ 43    501 @ 98
    145 @ 76   200 @ 101
    300 @ 91  5000 @ 110
    200 @ 93  5600 @ 119
    100 @ 95   453 @ 123
    154 @ 98   645 @ 144
          -    665 @ 167
|------------||-----------|

23:15:22.463 [main] INFO  c.gettingstarted.MyAlgoLogic - [MYALGO] Algo Sees Book as: 
|----BID-----||----ASK----|
    134 @ 43    501 @ 98
    145 @ 76   200 @ 101
    300 @ 91  5000 @ 110
    200 @ 93  5600 @ 119
    100 @ 95   453 @ 123
    154 @ 98   645 @ 144
          -    665 @ 167
|------------||-----------|

23:15:22.464 [main] INFO  c.gettingstarted.TimedLogic - [TIMEDLOGIC] Market is closed
23:15:22.464 [main] INFO  c.sequencer.consumer.LoggingConsumer - [107] 
|----BID-----|
    134 @ 43
    145 @ 76
    300 @ 91
    200 @ 93
    100 @ 95
    154 @ 98
|----ASK-----|
    501 @ 98
   200 @ 101
  5000 @ 110
  5600 @ 119
   453 @ 123
   645 @ 144
   665 @ 167

23:15:22.464 [main] INFO  c.orderbook.OrderBook - [ORDERBOOK] Processing Mkt Data Update
23:15:22.464 [main] INFO  c.o.v.MutatingRemoveAllMarketDataOrdersVisitor - [ORDERBOOK] Removing market data order:MktData(price=43,quantity=134)
23:15:22.464 [main] INFO  c.o.v.MutatingRemoveAllMarketDataOrdersVisitor - [ORDERBOOK] Removing level:43
23:15:22.464 [main] DEBUG c.orderbook.OrderBook - [ORDERBOOK] ASK: Adding orderMktData(price=43,quantity=134)
23:15:22.464 [main] DEBUG c.orderbook.OrderBook - [ORDERBOOK] ASK: Adding orderMktData(price=76,quantity=145)
23:15:22.464 [main] DEBUG c.orderbook.OrderBook - [ORDERBOOK] ASK: Adding orderMktData(price=91,quantity=300)
23:15:22.464 [main] DEBUG c.orderbook.OrderBook - [ORDERBOOK] ASK: Adding orderMktData(price=93,quantity=200)
23:15:22.464 [main] DEBUG c.orderbook.OrderBook - [ORDERBOOK] ASK: Adding orderMktData(price=95,quantity=100)
23:15:22.464 [main] DEBUG c.orderbook.OrderBook - [ORDERBOOK] ASK: Adding orderMktData(price=98,quantity=154)
23:15:22.464 [main] INFO  c.o.v.MutatingMatchOneMarketDataOrderVisitor - [ORDERBOOK] visiting LevelOrderBookLevel(price=43,quantity=134)
23:15:22.464 [main] INFO  c.o.v.MutatingMatchOneMarketDataOrderVisitor - [ORDERBOOK] Can't match order:MktData(price=43,quantity=134)(MktData(price=98,quantity=154))
23:15:22.464 [main] INFO  c.o.v.MutatingRemoveAllMarketDataOrdersVisitor - [ORDERBOOK] Removing market data order:MktData(price=98,quantity=501)
23:15:22.464 [main] INFO  c.o.v.MutatingRemoveAllMarketDataOrdersVisitor - [ORDERBOOK] Removing level:98
23:15:22.464 [main] INFO  c.o.v.MutatingRemoveAllMarketDataOrdersVisitor - [ORDERBOOK] Removing market data order:MktData(price=101,quantity=200)
23:15:22.464 [main] INFO  c.o.v.MutatingRemoveAllMarketDataOrdersVisitor - [ORDERBOOK] Removing level:101
23:15:22.464 [main] INFO  c.o.v.MutatingRemoveAllMarketDataOrdersVisitor - [ORDERBOOK] Removing market data order:MktData(price=110,quantity=5000)
23:15:22.464 [main] INFO  c.o.v.MutatingRemoveAllMarketDataOrdersVisitor - [ORDERBOOK] Removing level:110
23:15:22.464 [main] INFO  c.o.v.MutatingRemoveAllMarketDataOrdersVisitor - [ORDERBOOK] Removing market data order:MktData(price=119,quantity=5600)
23:15:22.464 [main] INFO  c.o.v.MutatingRemoveAllMarketDataOrdersVisitor - [ORDERBOOK] Removing level:119
23:15:22.464 [main] INFO  c.o.v.MutatingRemoveAllMarketDataOrdersVisitor - [ORDERBOOK] Removing market data order:MktData(price=123,quantity=453)
23:15:22.464 [main] INFO  c.o.v.MutatingRemoveAllMarketDataOrdersVisitor - [ORDERBOOK] Removing level:123
23:15:22.464 [main] INFO  c.o.v.MutatingRemoveAllMarketDataOrdersVisitor - [ORDERBOOK] Removing market data order:MktData(price=144,quantity=645)
23:15:22.464 [main] INFO  c.o.v.MutatingRemoveAllMarketDataOrdersVisitor - [ORDERBOOK] Removing level:144
23:15:22.464 [main] INFO  c.o.v.MutatingRemoveAllMarketDataOrdersVisitor - [ORDERBOOK] Removing market data order:MktData(price=167,quantity=665)
23:15:22.464 [main] INFO  c.o.v.MutatingRemoveAllMarketDataOrdersVisitor - [ORDERBOOK] Removing level:167
23:15:22.464 [main] DEBUG c.orderbook.OrderBook - [ORDERBOOK] ASK: Adding orderMktData(price=98,quantity=501)
23:15:22.464 [main] DEBUG c.orderbook.OrderBook - [ORDERBOOK] ASK: Adding orderMktData(price=101,quantity=200)
23:15:22.464 [main] DEBUG c.orderbook.OrderBook - [ORDERBOOK] ASK: Adding orderMktData(price=110,quantity=5000)
23:15:22.464 [main] DEBUG c.orderbook.OrderBook - [ORDERBOOK] ASK: Adding orderMktData(price=119,quantity=5600)
23:15:22.465 [main] DEBUG c.orderbook.OrderBook - [ORDERBOOK] ASK: Adding orderMktData(price=123,quantity=453)
23:15:22.465 [main] DEBUG c.orderbook.OrderBook - [ORDERBOOK] ASK: Adding orderMktData(price=144,quantity=645)
23:15:22.465 [main] DEBUG c.orderbook.OrderBook - [ORDERBOOK] ASK: Adding orderMktData(price=167,quantity=665)
23:15:22.465 [main] DEBUG c.service.MarketDataService - [ALGO] BID: price:43 quantity:134
23:15:22.465 [main] DEBUG c.service.MarketDataService - [ALGO] BID: price:76 quantity:145
23:15:22.465 [main] DEBUG c.service.MarketDataService - [ALGO] BID: price:91 quantity:300
23:15:22.465 [main] DEBUG c.service.MarketDataService - [ALGO] BID: price:93 quantity:200
23:15:22.465 [main] DEBUG c.service.MarketDataService - [ALGO] BID: price:95 quantity:100
23:15:22.465 [main] DEBUG c.service.MarketDataService - [ALGO] BID: price:98 quantity:154
23:15:22.465 [main] DEBUG c.service.MarketDataService - [ALGO] ASK: price:98 quantity:501
23:15:22.465 [main] DEBUG c.service.MarketDataService - [ALGO] ASK: price:101 quantity:200
23:15:22.465 [main] DEBUG c.service.MarketDataService - [ALGO] ASK: price:110 quantity:5000
23:15:22.465 [main] DEBUG c.service.MarketDataService - [ALGO] ASK: price:119 quantity:5600
23:15:22.465 [main] DEBUG c.service.MarketDataService - [ALGO] ASK: price:123 quantity:453
23:15:22.465 [main] DEBUG c.service.MarketDataService - [ALGO] ASK: price:144 quantity:645
23:15:22.465 [main] DEBUG c.service.MarketDataService - [ALGO] ASK: price:167 quantity:665
23:15:22.465 [main] INFO  c.gettingstarted.MyAlgoLogic - [MYALGO] The state of the order book is:
|----BID-----||----ASK----|
    134 @ 43    501 @ 98
    145 @ 76   200 @ 101
    300 @ 91  5000 @ 110
    200 @ 93  5600 @ 119
    100 @ 95   453 @ 123
    154 @ 98   645 @ 144
          -    665 @ 167
|------------||-----------|

23:15:22.465 [main] INFO  c.gettingstarted.MyAlgoLogic - [MYALGO] Algo Sees Book as: 
|----BID-----||----ASK----|
    134 @ 43    501 @ 98
    145 @ 76   200 @ 101
    300 @ 91  5000 @ 110
    200 @ 93  5600 @ 119
    100 @ 95   453 @ 123
    154 @ 98   645 @ 144
          -    665 @ 167
|------------||-----------|

23:15:22.465 [main] INFO  c.gettingstarted.TimedLogic - [TIMEDLOGIC] Market is closed
23:15:22.465 [main] INFO  c.sequencer.consumer.LoggingConsumer - [108] 
|----BID-----|
    134 @ 43
    145 @ 76
    300 @ 91
    200 @ 93
    100 @ 95
    154 @ 98
|----ASK-----|
    501 @ 98
   200 @ 101
  5000 @ 110
  5600 @ 119
   453 @ 123
   645 @ 144
   665 @ 167

23:15:22.465 [main] INFO  c.orderbook.OrderBook - [ORDERBOOK] Processing Mkt Data Update
23:15:22.465 [main] INFO  c.o.v.MutatingRemoveAllMarketDataOrdersVisitor - [ORDERBOOK] Removing market data order:MktData(price=43,quantity=134)
23:15:22.465 [main] INFO  c.o.v.MutatingRemoveAllMarketDataOrdersVisitor - [ORDERBOOK] Removing level:43
23:15:22.465 [main] DEBUG c.orderbook.OrderBook - [ORDERBOOK] ASK: Adding orderMktData(price=43,quantity=134)
23:15:22.465 [main] DEBUG c.orderbook.OrderBook - [ORDERBOOK] ASK: Adding orderMktData(price=76,quantity=145)
23:15:22.465 [main] DEBUG c.orderbook.OrderBook - [ORDERBOOK] ASK: Adding orderMktData(price=91,quantity=300)
23:15:22.465 [main] DEBUG c.orderbook.OrderBook - [ORDERBOOK] ASK: Adding orderMktData(price=93,quantity=200)
23:15:22.465 [main] DEBUG c.orderbook.OrderBook - [ORDERBOOK] ASK: Adding orderMktData(price=95,quantity=100)
23:15:22.465 [main] DEBUG c.orderbook.OrderBook - [ORDERBOOK] ASK: Adding orderMktData(price=98,quantity=154)
23:15:22.465 [main] INFO  c.o.v.MutatingMatchOneMarketDataOrderVisitor - [ORDERBOOK] visiting LevelOrderBookLevel(price=43,quantity=134)
23:15:22.466 [main] INFO  c.o.v.MutatingMatchOneMarketDataOrderVisitor - [ORDERBOOK] Can't match order:MktData(price=43,quantity=134)(MktData(price=98,quantity=154))
23:15:22.466 [main] INFO  c.o.v.MutatingRemoveAllMarketDataOrdersVisitor - [ORDERBOOK] Removing market data order:MktData(price=98,quantity=501)
23:15:22.466 [main] INFO  c.o.v.MutatingRemoveAllMarketDataOrdersVisitor - [ORDERBOOK] Removing level:98
23:15:22.466 [main] INFO  c.o.v.MutatingRemoveAllMarketDataOrdersVisitor - [ORDERBOOK] Removing market data order:MktData(price=101,quantity=200)
23:15:22.466 [main] INFO  c.o.v.MutatingRemoveAllMarketDataOrdersVisitor - [ORDERBOOK] Removing level:101
23:15:22.466 [main] INFO  c.o.v.MutatingRemoveAllMarketDataOrdersVisitor - [ORDERBOOK] Removing market data order:MktData(price=110,quantity=5000)
23:15:22.466 [main] INFO  c.o.v.MutatingRemoveAllMarketDataOrdersVisitor - [ORDERBOOK] Removing level:110
23:15:22.466 [main] INFO  c.o.v.MutatingRemoveAllMarketDataOrdersVisitor - [ORDERBOOK] Removing market data order:MktData(price=119,quantity=5600)
23:15:22.466 [main] INFO  c.o.v.MutatingRemoveAllMarketDataOrdersVisitor - [ORDERBOOK] Removing level:119
23:15:22.466 [main] INFO  c.o.v.MutatingRemoveAllMarketDataOrdersVisitor - [ORDERBOOK] Removing market data order:MktData(price=123,quantity=453)
23:15:22.466 [main] INFO  c.o.v.MutatingRemoveAllMarketDataOrdersVisitor - [ORDERBOOK] Removing level:123
23:15:22.466 [main] INFO  c.o.v.MutatingRemoveAllMarketDataOrdersVisitor - [ORDERBOOK] Removing market data order:MktData(price=144,quantity=645)
23:15:22.466 [main] INFO  c.o.v.MutatingRemoveAllMarketDataOrdersVisitor - [ORDERBOOK] Removing level:144
23:15:22.466 [main] INFO  c.o.v.MutatingRemoveAllMarketDataOrdersVisitor - [ORDERBOOK] Removing market data order:MktData(price=167,quantity=665)
23:15:22.466 [main] INFO  c.o.v.MutatingRemoveAllMarketDataOrdersVisitor - [ORDERBOOK] Removing level:167
23:15:22.466 [main] DEBUG c.orderbook.OrderBook - [ORDERBOOK] ASK: Adding orderMktData(price=98,quantity=501)
23:15:22.466 [main] DEBUG c.orderbook.OrderBook - [ORDERBOOK] ASK: Adding orderMktData(price=101,quantity=200)
23:15:22.466 [main] DEBUG c.orderbook.OrderBook - [ORDERBOOK] ASK: Adding orderMktData(price=110,quantity=5000)
23:15:22.466 [main] DEBUG c.orderbook.OrderBook - [ORDERBOOK] ASK: Adding orderMktData(price=119,quantity=5600)
23:15:22.466 [main] DEBUG c.orderbook.OrderBook - [ORDERBOOK] ASK: Adding orderMktData(price=123,quantity=453)
23:15:22.466 [main] DEBUG c.orderbook.OrderBook - [ORDERBOOK] ASK: Adding orderMktData(price=144,quantity=645)
23:15:22.466 [main] DEBUG c.orderbook.OrderBook - [ORDERBOOK] ASK: Adding orderMktData(price=167,quantity=665)
23:15:22.466 [main] DEBUG c.service.MarketDataService - [ALGO] BID: price:43 quantity:134
23:15:22.466 [main] DEBUG c.service.MarketDataService - [ALGO] BID: price:76 quantity:145
23:15:22.466 [main] DEBUG c.service.MarketDataService - [ALGO] BID: price:91 quantity:300
23:15:22.466 [main] DEBUG c.service.MarketDataService - [ALGO] BID: price:93 quantity:200
23:15:22.466 [main] DEBUG c.service.MarketDataService - [ALGO] BID: price:95 quantity:100
23:15:22.466 [main] DEBUG c.service.MarketDataService - [ALGO] BID: price:98 quantity:154
23:15:22.466 [main] DEBUG c.service.MarketDataService - [ALGO] ASK: price:98 quantity:501
23:15:22.466 [main] DEBUG c.service.MarketDataService - [ALGO] ASK: price:101 quantity:200
23:15:22.466 [main] DEBUG c.service.MarketDataService - [ALGO] ASK: price:110 quantity:5000
23:15:22.466 [main] DEBUG c.service.MarketDataService - [ALGO] ASK: price:119 quantity:5600
23:15:22.466 [main] DEBUG c.service.MarketDataService - [ALGO] ASK: price:123 quantity:453
23:15:22.466 [main] DEBUG c.service.MarketDataService - [ALGO] ASK: price:144 quantity:645
23:15:22.466 [main] DEBUG c.service.MarketDataService - [ALGO] ASK: price:167 quantity:665
23:15:22.466 [main] INFO  c.gettingstarted.MyAlgoLogic - [MYALGO] The state of the order book is:
|----BID-----||----ASK----|
    134 @ 43    501 @ 98
    145 @ 76   200 @ 101
    300 @ 91  5000 @ 110
    200 @ 93  5600 @ 119
    100 @ 95   453 @ 123
    154 @ 98   645 @ 144
          -    665 @ 167
|------------||-----------|

23:15:22.466 [main] INFO  c.gettingstarted.MyAlgoLogic - [MYALGO] Algo Sees Book as: 
|----BID-----||----ASK----|
    134 @ 43    501 @ 98
    145 @ 76   200 @ 101
    300 @ 91  5000 @ 110
    200 @ 93  5600 @ 119
    100 @ 95   453 @ 123
    154 @ 98   645 @ 144
          -    665 @ 167
|------------||-----------|

23:15:22.466 [main] INFO  c.gettingstarted.TimedLogic - [TIMEDLOGIC] Market is closed
23:15:22.466 [main] INFO  c.sequencer.consumer.LoggingConsumer - [109] 
|----BID-----|
    134 @ 43
    145 @ 76
    300 @ 91
    200 @ 93
    100 @ 95
    154 @ 98
|----ASK-----|
    501 @ 98
   200 @ 101
  5000 @ 110
  5600 @ 119
   453 @ 123
   645 @ 144
   665 @ 167

23:15:22.466 [main] INFO  c.orderbook.OrderBook - [ORDERBOOK] Processing Mkt Data Update
23:15:22.466 [main] INFO  c.o.v.MutatingRemoveAllMarketDataOrdersVisitor - [ORDERBOOK] Removing market data order:MktData(price=43,quantity=134)
23:15:22.466 [main] INFO  c.o.v.MutatingRemoveAllMarketDataOrdersVisitor - [ORDERBOOK] Removing level:43
23:15:22.466 [main] DEBUG c.orderbook.OrderBook - [ORDERBOOK] ASK: Adding orderMktData(price=43,quantity=134)
23:15:22.466 [main] DEBUG c.orderbook.OrderBook - [ORDERBOOK] ASK: Adding orderMktData(price=76,quantity=145)
23:15:22.466 [main] DEBUG c.orderbook.OrderBook - [ORDERBOOK] ASK: Adding orderMktData(price=91,quantity=300)
23:15:22.466 [main] DEBUG c.orderbook.OrderBook - [ORDERBOOK] ASK: Adding orderMktData(price=93,quantity=200)
23:15:22.466 [main] DEBUG c.orderbook.OrderBook - [ORDERBOOK] ASK: Adding orderMktData(price=95,quantity=100)
23:15:22.466 [main] DEBUG c.orderbook.OrderBook - [ORDERBOOK] ASK: Adding orderMktData(price=98,quantity=154)
23:15:22.466 [main] INFO  c.o.v.MutatingMatchOneMarketDataOrderVisitor - [ORDERBOOK] visiting LevelOrderBookLevel(price=43,quantity=134)
23:15:22.466 [main] INFO  c.o.v.MutatingMatchOneMarketDataOrderVisitor - [ORDERBOOK] Can't match order:MktData(price=43,quantity=134)(MktData(price=98,quantity=154))
23:15:22.466 [main] INFO  c.o.v.MutatingRemoveAllMarketDataOrdersVisitor - [ORDERBOOK] Removing market data order:MktData(price=98,quantity=501)
23:15:22.466 [main] INFO  c.o.v.MutatingRemoveAllMarketDataOrdersVisitor - [ORDERBOOK] Removing level:98
23:15:22.466 [main] INFO  c.o.v.MutatingRemoveAllMarketDataOrdersVisitor - [ORDERBOOK] Removing market data order:MktData(price=101,quantity=200)
23:15:22.466 [main] INFO  c.o.v.MutatingRemoveAllMarketDataOrdersVisitor - [ORDERBOOK] Removing level:101
23:15:22.466 [main] INFO  c.o.v.MutatingRemoveAllMarketDataOrdersVisitor - [ORDERBOOK] Removing market data order:MktData(price=110,quantity=5000)
23:15:22.466 [main] INFO  c.o.v.MutatingRemoveAllMarketDataOrdersVisitor - [ORDERBOOK] Removing level:110
23:15:22.466 [main] INFO  c.o.v.MutatingRemoveAllMarketDataOrdersVisitor - [ORDERBOOK] Removing market data order:MktData(price=119,quantity=5600)
23:15:22.466 [main] INFO  c.o.v.MutatingRemoveAllMarketDataOrdersVisitor - [ORDERBOOK] Removing level:119
23:15:22.466 [main] INFO  c.o.v.MutatingRemoveAllMarketDataOrdersVisitor - [ORDERBOOK] Removing market data order:MktData(price=123,quantity=453)
23:15:22.466 [main] INFO  c.o.v.MutatingRemoveAllMarketDataOrdersVisitor - [ORDERBOOK] Removing level:123
23:15:22.466 [main] INFO  c.o.v.MutatingRemoveAllMarketDataOrdersVisitor - [ORDERBOOK] Removing market data order:MktData(price=144,quantity=645)
23:15:22.466 [main] INFO  c.o.v.MutatingRemoveAllMarketDataOrdersVisitor - [ORDERBOOK] Removing level:144
23:15:22.466 [main] INFO  c.o.v.MutatingRemoveAllMarketDataOrdersVisitor - [ORDERBOOK] Removing market data order:MktData(price=167,quantity=665)
23:15:22.466 [main] INFO  c.o.v.MutatingRemoveAllMarketDataOrdersVisitor - [ORDERBOOK] Removing level:167
23:15:22.466 [main] DEBUG c.orderbook.OrderBook - [ORDERBOOK] ASK: Adding orderMktData(price=98,quantity=501)
23:15:22.467 [main] DEBUG c.orderbook.OrderBook - [ORDERBOOK] ASK: Adding orderMktData(price=101,quantity=200)
23:15:22.467 [main] DEBUG c.orderbook.OrderBook - [ORDERBOOK] ASK: Adding orderMktData(price=110,quantity=5000)
23:15:22.467 [main] DEBUG c.orderbook.OrderBook - [ORDERBOOK] ASK: Adding orderMktData(price=119,quantity=5600)
23:15:22.467 [main] DEBUG c.orderbook.OrderBook - [ORDERBOOK] ASK: Adding orderMktData(price=123,quantity=453)
23:15:22.467 [main] DEBUG c.orderbook.OrderBook - [ORDERBOOK] ASK: Adding orderMktData(price=144,quantity=645)
23:15:22.467 [main] DEBUG c.orderbook.OrderBook - [ORDERBOOK] ASK: Adding orderMktData(price=167,quantity=665)
23:15:22.467 [main] DEBUG c.service.MarketDataService - [ALGO] BID: price:43 quantity:134
23:15:22.467 [main] DEBUG c.service.MarketDataService - [ALGO] BID: price:76 quantity:145
23:15:22.467 [main] DEBUG c.service.MarketDataService - [ALGO] BID: price:91 quantity:300
23:15:22.467 [main] DEBUG c.service.MarketDataService - [ALGO] BID: price:93 quantity:200
23:15:22.467 [main] DEBUG c.service.MarketDataService - [ALGO] BID: price:95 quantity:100
23:15:22.467 [main] DEBUG c.service.MarketDataService - [ALGO] BID: price:98 quantity:154
23:15:22.467 [main] DEBUG c.service.MarketDataService - [ALGO] ASK: price:98 quantity:501
23:15:22.467 [main] DEBUG c.service.MarketDataService - [ALGO] ASK: price:101 quantity:200
23:15:22.467 [main] DEBUG c.service.MarketDataService - [ALGO] ASK: price:110 quantity:5000
23:15:22.469 [main] DEBUG c.service.MarketDataService - [ALGO] ASK: price:119 quantity:5600
23:15:22.472 [main] DEBUG c.service.MarketDataService - [ALGO] ASK: price:123 quantity:453
23:15:22.472 [main] DEBUG c.service.MarketDataService - [ALGO] ASK: price:144 quantity:645
23:15:22.472 [main] DEBUG c.service.MarketDataService - [ALGO] ASK: price:167 quantity:665
23:15:22.472 [main] INFO  c.gettingstarted.MyAlgoLogic - [MYALGO] The state of the order book is:
|----BID-----||----ASK----|
    134 @ 43    501 @ 98
    145 @ 76   200 @ 101
    300 @ 91  5000 @ 110
    200 @ 93  5600 @ 119
    100 @ 95   453 @ 123
    154 @ 98   645 @ 144
          -    665 @ 167
|------------||-----------|

23:15:22.472 [main] INFO  c.gettingstarted.MyAlgoLogic - [MYALGO] Algo Sees Book as: 
|----BID-----||----ASK----|
    134 @ 43    501 @ 98
    145 @ 76   200 @ 101
    300 @ 91  5000 @ 110
    200 @ 93  5600 @ 119
    100 @ 95   453 @ 123
    154 @ 98   645 @ 144
          -    665 @ 167
|------------||-----------|

23:15:22.472 [main] INFO  c.gettingstarted.TimedLogic - [TIMEDLOGIC] Market is closed
23:15:22.472 [main] INFO  c.sequencer.consumer.LoggingConsumer - [110] 
|----BID-----|
    134 @ 43
    145 @ 76
    300 @ 91
    200 @ 93
    100 @ 95
    154 @ 98
|----ASK-----|
    501 @ 98
   200 @ 101
  5000 @ 110
  5600 @ 119
   453 @ 123
   645 @ 144
   665 @ 167

23:15:22.472 [main] INFO  c.orderbook.OrderBook - [ORDERBOOK] Processing Mkt Data Update
23:15:22.472 [main] INFO  c.o.v.MutatingRemoveAllMarketDataOrdersVisitor - [ORDERBOOK] Removing market data order:MktData(price=43,quantity=134)
23:15:22.472 [main] INFO  c.o.v.MutatingRemoveAllMarketDataOrdersVisitor - [ORDERBOOK] Removing level:43
23:15:22.472 [main] DEBUG c.orderbook.OrderBook - [ORDERBOOK] ASK: Adding orderMktData(price=43,quantity=134)
23:15:22.472 [main] DEBUG c.orderbook.OrderBook - [ORDERBOOK] ASK: Adding orderMktData(price=76,quantity=145)
23:15:22.472 [main] DEBUG c.orderbook.OrderBook - [ORDERBOOK] ASK: Adding orderMktData(price=91,quantity=300)
23:15:22.472 [main] DEBUG c.orderbook.OrderBook - [ORDERBOOK] ASK: Adding orderMktData(price=93,quantity=200)
23:15:22.472 [main] DEBUG c.orderbook.OrderBook - [ORDERBOOK] ASK: Adding orderMktData(price=95,quantity=100)
23:15:22.472 [main] DEBUG c.orderbook.OrderBook - [ORDERBOOK] ASK: Adding orderMktData(price=98,quantity=154)
23:15:22.472 [main] INFO  c.o.v.MutatingMatchOneMarketDataOrderVisitor - [ORDERBOOK] visiting LevelOrderBookLevel(price=43,quantity=134)
23:15:22.472 [main] INFO  c.o.v.MutatingMatchOneMarketDataOrderVisitor - [ORDERBOOK] Can't match order:MktData(price=43,quantity=134)(MktData(price=98,quantity=154))
23:15:22.472 [main] INFO  c.o.v.MutatingRemoveAllMarketDataOrdersVisitor - [ORDERBOOK] Removing market data order:MktData(price=98,quantity=501)
23:15:22.472 [main] INFO  c.o.v.MutatingRemoveAllMarketDataOrdersVisitor - [ORDERBOOK] Removing level:98
23:15:22.472 [main] INFO  c.o.v.MutatingRemoveAllMarketDataOrdersVisitor - [ORDERBOOK] Removing market data order:MktData(price=101,quantity=200)
23:15:22.472 [main] INFO  c.o.v.MutatingRemoveAllMarketDataOrdersVisitor - [ORDERBOOK] Removing level:101
23:15:22.472 [main] INFO  c.o.v.MutatingRemoveAllMarketDataOrdersVisitor - [ORDERBOOK] Removing market data order:MktData(price=110,quantity=5000)
23:15:22.472 [main] INFO  c.o.v.MutatingRemoveAllMarketDataOrdersVisitor - [ORDERBOOK] Removing level:110
23:15:22.472 [main] INFO  c.o.v.MutatingRemoveAllMarketDataOrdersVisitor - [ORDERBOOK] Removing market data order:MktData(price=119,quantity=5600)
23:15:22.472 [main] INFO  c.o.v.MutatingRemoveAllMarketDataOrdersVisitor - [ORDERBOOK] Removing level:119
23:15:22.472 [main] INFO  c.o.v.MutatingRemoveAllMarketDataOrdersVisitor - [ORDERBOOK] Removing market data order:MktData(price=123,quantity=453)
23:15:22.472 [main] INFO  c.o.v.MutatingRemoveAllMarketDataOrdersVisitor - [ORDERBOOK] Removing level:123
23:15:22.472 [main] INFO  c.o.v.MutatingRemoveAllMarketDataOrdersVisitor - [ORDERBOOK] Removing market data order:MktData(price=144,quantity=645)
23:15:22.472 [main] INFO  c.o.v.MutatingRemoveAllMarketDataOrdersVisitor - [ORDERBOOK] Removing level:144
23:15:22.472 [main] INFO  c.o.v.MutatingRemoveAllMarketDataOrdersVisitor - [ORDERBOOK] Removing market data order:MktData(price=167,quantity=665)
23:15:22.472 [main] INFO  c.o.v.MutatingRemoveAllMarketDataOrdersVisitor - [ORDERBOOK] Removing level:167
23:15:22.472 [main] DEBUG c.orderbook.OrderBook - [ORDERBOOK] ASK: Adding orderMktData(price=98,quantity=501)
23:15:22.472 [main] DEBUG c.orderbook.OrderBook - [ORDERBOOK] ASK: Adding orderMktData(price=101,quantity=200)
23:15:22.472 [main] DEBUG c.orderbook.OrderBook - [ORDERBOOK] ASK: Adding orderMktData(price=110,quantity=5000)
23:15:22.472 [main] DEBUG c.orderbook.OrderBook - [ORDERBOOK] ASK: Adding orderMktData(price=119,quantity=5600)
23:15:22.472 [main] DEBUG c.orderbook.OrderBook - [ORDERBOOK] ASK: Adding orderMktData(price=123,quantity=453)
23:15:22.472 [main] DEBUG c.orderbook.OrderBook - [ORDERBOOK] ASK: Adding orderMktData(price=144,quantity=645)
23:15:22.472 [main] DEBUG c.orderbook.OrderBook - [ORDERBOOK] ASK: Adding orderMktData(price=167,quantity=665)
23:15:22.472 [main] DEBUG c.service.MarketDataService - [ALGO] BID: price:43 quantity:134
23:15:22.472 [main] DEBUG c.service.MarketDataService - [ALGO] BID: price:76 quantity:145
23:15:22.472 [main] DEBUG c.service.MarketDataService - [ALGO] BID: price:91 quantity:300
23:15:22.472 [main] DEBUG c.service.MarketDataService - [ALGO] BID: price:93 quantity:200
23:15:22.472 [main] DEBUG c.service.MarketDataService - [ALGO] BID: price:95 quantity:100
23:15:22.472 [main] DEBUG c.service.MarketDataService - [ALGO] BID: price:98 quantity:154
23:15:22.472 [main] DEBUG c.service.MarketDataService - [ALGO] ASK: price:98 quantity:501
23:15:22.472 [main] DEBUG c.service.MarketDataService - [ALGO] ASK: price:101 quantity:200
23:15:22.472 [main] DEBUG c.service.MarketDataService - [ALGO] ASK: price:110 quantity:5000
23:15:22.472 [main] DEBUG c.service.MarketDataService - [ALGO] ASK: price:119 quantity:5600
23:15:22.472 [main] DEBUG c.service.MarketDataService - [ALGO] ASK: price:123 quantity:453
23:15:22.472 [main] DEBUG c.service.MarketDataService - [ALGO] ASK: price:144 quantity:645
23:15:22.472 [main] DEBUG c.service.MarketDataService - [ALGO] ASK: price:167 quantity:665
23:15:22.473 [main] INFO  c.gettingstarted.MyAlgoLogic - [MYALGO] The state of the order book is:
|----BID-----||----ASK----|
    134 @ 43    501 @ 98
    145 @ 76   200 @ 101
    300 @ 91  5000 @ 110
    200 @ 93  5600 @ 119
    100 @ 95   453 @ 123
    154 @ 98   645 @ 144
          -    665 @ 167
|------------||-----------|

23:15:22.473 [main] INFO  c.gettingstarted.MyAlgoLogic - [MYALGO] Algo Sees Book as: 
|----BID-----||----ASK----|
    134 @ 43    501 @ 98
    145 @ 76   200 @ 101
    300 @ 91  5000 @ 110
    200 @ 93  5600 @ 119
    100 @ 95   453 @ 123
    154 @ 98   645 @ 144
          -    665 @ 167
|------------||-----------|

23:15:22.473 [main] INFO  c.gettingstarted.TimedLogic - [TIMEDLOGIC] Market is closed
23:15:22.473 [main] INFO  c.sequencer.consumer.LoggingConsumer - [111] 
|----BID-----|
    134 @ 43
    145 @ 76
    300 @ 91
    200 @ 93
    100 @ 95
    154 @ 98
|----ASK-----|
    501 @ 98
   200 @ 101
  5000 @ 110
  5600 @ 119
   453 @ 123
   645 @ 144
   665 @ 167

23:15:22.473 [main] INFO  c.orderbook.OrderBook - [ORDERBOOK] Processing Mkt Data Update
23:15:22.473 [main] INFO  c.o.v.MutatingRemoveAllMarketDataOrdersVisitor - [ORDERBOOK] Removing market data order:MktData(price=43,quantity=134)
23:15:22.473 [main] INFO  c.o.v.MutatingRemoveAllMarketDataOrdersVisitor - [ORDERBOOK] Removing level:43
23:15:22.473 [main] DEBUG c.orderbook.OrderBook - [ORDERBOOK] ASK: Adding orderMktData(price=43,quantity=134)
23:15:22.473 [main] DEBUG c.orderbook.OrderBook - [ORDERBOOK] ASK: Adding orderMktData(price=76,quantity=145)
23:15:22.473 [main] DEBUG c.orderbook.OrderBook - [ORDERBOOK] ASK: Adding orderMktData(price=91,quantity=300)
23:15:22.473 [main] DEBUG c.orderbook.OrderBook - [ORDERBOOK] ASK: Adding orderMktData(price=93,quantity=200)
23:15:22.473 [main] DEBUG c.orderbook.OrderBook - [ORDERBOOK] ASK: Adding orderMktData(price=95,quantity=100)
23:15:22.473 [main] DEBUG c.orderbook.OrderBook - [ORDERBOOK] ASK: Adding orderMktData(price=98,quantity=154)
23:15:22.473 [main] INFO  c.o.v.MutatingMatchOneMarketDataOrderVisitor - [ORDERBOOK] visiting LevelOrderBookLevel(price=43,quantity=134)
23:15:22.473 [main] INFO  c.o.v.MutatingMatchOneMarketDataOrderVisitor - [ORDERBOOK] Can't match order:MktData(price=43,quantity=134)(MktData(price=98,quantity=154))
23:15:22.473 [main] INFO  c.o.v.MutatingRemoveAllMarketDataOrdersVisitor - [ORDERBOOK] Removing market data order:MktData(price=98,quantity=501)
23:15:22.473 [main] INFO  c.o.v.MutatingRemoveAllMarketDataOrdersVisitor - [ORDERBOOK] Removing level:98
23:15:22.473 [main] INFO  c.o.v.MutatingRemoveAllMarketDataOrdersVisitor - [ORDERBOOK] Removing market data order:MktData(price=101,quantity=200)
23:15:22.473 [main] INFO  c.o.v.MutatingRemoveAllMarketDataOrdersVisitor - [ORDERBOOK] Removing level:101
23:15:22.473 [main] INFO  c.o.v.MutatingRemoveAllMarketDataOrdersVisitor - [ORDERBOOK] Removing market data order:MktData(price=110,quantity=5000)
23:15:22.473 [main] INFO  c.o.v.MutatingRemoveAllMarketDataOrdersVisitor - [ORDERBOOK] Removing level:110
23:15:22.473 [main] INFO  c.o.v.MutatingRemoveAllMarketDataOrdersVisitor - [ORDERBOOK] Removing market data order:MktData(price=119,quantity=5600)
23:15:22.473 [main] INFO  c.o.v.MutatingRemoveAllMarketDataOrdersVisitor - [ORDERBOOK] Removing level:119
23:15:22.473 [main] INFO  c.o.v.MutatingRemoveAllMarketDataOrdersVisitor - [ORDERBOOK] Removing market data order:MktData(price=123,quantity=453)
23:15:22.473 [main] INFO  c.o.v.MutatingRemoveAllMarketDataOrdersVisitor - [ORDERBOOK] Removing level:123
23:15:22.473 [main] INFO  c.o.v.MutatingRemoveAllMarketDataOrdersVisitor - [ORDERBOOK] Removing market data order:MktData(price=144,quantity=645)
23:15:22.473 [main] INFO  c.o.v.MutatingRemoveAllMarketDataOrdersVisitor - [ORDERBOOK] Removing level:144
23:15:22.473 [main] INFO  c.o.v.MutatingRemoveAllMarketDataOrdersVisitor - [ORDERBOOK] Removing market data order:MktData(price=167,quantity=665)
23:15:22.473 [main] INFO  c.o.v.MutatingRemoveAllMarketDataOrdersVisitor - [ORDERBOOK] Removing level:167
23:15:22.473 [main] DEBUG c.orderbook.OrderBook - [ORDERBOOK] ASK: Adding orderMktData(price=98,quantity=501)
23:15:22.473 [main] DEBUG c.orderbook.OrderBook - [ORDERBOOK] ASK: Adding orderMktData(price=101,quantity=200)
23:15:22.473 [main] DEBUG c.orderbook.OrderBook - [ORDERBOOK] ASK: Adding orderMktData(price=110,quantity=5000)
23:15:22.473 [main] DEBUG c.orderbook.OrderBook - [ORDERBOOK] ASK: Adding orderMktData(price=119,quantity=5600)
23:15:22.473 [main] DEBUG c.orderbook.OrderBook - [ORDERBOOK] ASK: Adding orderMktData(price=123,quantity=453)
23:15:22.473 [main] DEBUG c.orderbook.OrderBook - [ORDERBOOK] ASK: Adding orderMktData(price=144,quantity=645)
23:15:22.473 [main] DEBUG c.orderbook.OrderBook - [ORDERBOOK] ASK: Adding orderMktData(price=167,quantity=665)
23:15:22.473 [main] DEBUG c.service.MarketDataService - [ALGO] BID: price:43 quantity:134
23:15:22.473 [main] DEBUG c.service.MarketDataService - [ALGO] BID: price:76 quantity:145
23:15:22.473 [main] DEBUG c.service.MarketDataService - [ALGO] BID: price:91 quantity:300
23:15:22.473 [main] DEBUG c.service.MarketDataService - [ALGO] BID: price:93 quantity:200
23:15:22.473 [main] DEBUG c.service.MarketDataService - [ALGO] BID: price:95 quantity:100
23:15:22.473 [main] DEBUG c.service.MarketDataService - [ALGO] BID: price:98 quantity:154
23:15:22.473 [main] DEBUG c.service.MarketDataService - [ALGO] ASK: price:98 quantity:501
23:15:22.473 [main] DEBUG c.service.MarketDataService - [ALGO] ASK: price:101 quantity:200
23:15:22.473 [main] DEBUG c.service.MarketDataService - [ALGO] ASK: price:110 quantity:5000
23:15:22.473 [main] DEBUG c.service.MarketDataService - [ALGO] ASK: price:119 quantity:5600
23:15:22.473 [main] DEBUG c.service.MarketDataService - [ALGO] ASK: price:123 quantity:453
23:15:22.473 [main] DEBUG c.service.MarketDataService - [ALGO] ASK: price:144 quantity:645
23:15:22.473 [main] DEBUG c.service.MarketDataService - [ALGO] ASK: price:167 quantity:665
23:15:22.473 [main] INFO  c.gettingstarted.MyAlgoLogic - [MYALGO] The state of the order book is:
|----BID-----||----ASK----|
    134 @ 43    501 @ 98
    145 @ 76   200 @ 101
    300 @ 91  5000 @ 110
    200 @ 93  5600 @ 119
    100 @ 95   453 @ 123
    154 @ 98   645 @ 144
          -    665 @ 167
|------------||-----------|

23:15:22.473 [main] INFO  c.gettingstarted.MyAlgoLogic - [MYALGO] Algo Sees Book as: 
|----BID-----||----ASK----|
    134 @ 43    501 @ 98
    145 @ 76   200 @ 101
    300 @ 91  5000 @ 110
    200 @ 93  5600 @ 119
    100 @ 95   453 @ 123
    154 @ 98   645 @ 144
          -    665 @ 167
|------------||-----------|

23:15:22.473 [main] INFO  c.gettingstarted.TimedLogic - [TIMEDLOGIC] Market is closed
23:15:22.474 [main] INFO  c.sequencer.consumer.LoggingConsumer - [112] 
|----BID-----|
    134 @ 43
    145 @ 76
    300 @ 91
    200 @ 93
    100 @ 95
    154 @ 98
|----ASK-----|
    501 @ 98
   200 @ 101
  5000 @ 110
  5600 @ 119
   453 @ 123
   645 @ 144
   665 @ 167

23:15:22.474 [main] INFO  c.orderbook.OrderBook - [ORDERBOOK] Processing Mkt Data Update
23:15:22.474 [main] INFO  c.o.v.MutatingRemoveAllMarketDataOrdersVisitor - [ORDERBOOK] Removing market data order:MktData(price=43,quantity=134)
23:15:22.474 [main] INFO  c.o.v.MutatingRemoveAllMarketDataOrdersVisitor - [ORDERBOOK] Removing level:43
23:15:22.474 [main] DEBUG c.orderbook.OrderBook - [ORDERBOOK] ASK: Adding orderMktData(price=43,quantity=134)
23:15:22.474 [main] DEBUG c.orderbook.OrderBook - [ORDERBOOK] ASK: Adding orderMktData(price=76,quantity=145)
23:15:22.474 [main] DEBUG c.orderbook.OrderBook - [ORDERBOOK] ASK: Adding orderMktData(price=91,quantity=300)
23:15:22.474 [main] DEBUG c.orderbook.OrderBook - [ORDERBOOK] ASK: Adding orderMktData(price=93,quantity=200)
23:15:22.474 [main] DEBUG c.orderbook.OrderBook - [ORDERBOOK] ASK: Adding orderMktData(price=95,quantity=100)
23:15:22.474 [main] DEBUG c.orderbook.OrderBook - [ORDERBOOK] ASK: Adding orderMktData(price=98,quantity=154)
23:15:22.474 [main] INFO  c.o.v.MutatingMatchOneMarketDataOrderVisitor - [ORDERBOOK] visiting LevelOrderBookLevel(price=43,quantity=134)
23:15:22.474 [main] INFO  c.o.v.MutatingMatchOneMarketDataOrderVisitor - [ORDERBOOK] Can't match order:MktData(price=43,quantity=134)(MktData(price=98,quantity=154))
23:15:22.474 [main] INFO  c.o.v.MutatingRemoveAllMarketDataOrdersVisitor - [ORDERBOOK] Removing market data order:MktData(price=98,quantity=501)
23:15:22.474 [main] INFO  c.o.v.MutatingRemoveAllMarketDataOrdersVisitor - [ORDERBOOK] Removing level:98
23:15:22.474 [main] INFO  c.o.v.MutatingRemoveAllMarketDataOrdersVisitor - [ORDERBOOK] Removing market data order:MktData(price=101,quantity=200)
23:15:22.474 [main] INFO  c.o.v.MutatingRemoveAllMarketDataOrdersVisitor - [ORDERBOOK] Removing level:101
23:15:22.474 [main] INFO  c.o.v.MutatingRemoveAllMarketDataOrdersVisitor - [ORDERBOOK] Removing market data order:MktData(price=110,quantity=5000)
23:15:22.474 [main] INFO  c.o.v.MutatingRemoveAllMarketDataOrdersVisitor - [ORDERBOOK] Removing level:110
23:15:22.474 [main] INFO  c.o.v.MutatingRemoveAllMarketDataOrdersVisitor - [ORDERBOOK] Removing market data order:MktData(price=119,quantity=5600)
23:15:22.474 [main] INFO  c.o.v.MutatingRemoveAllMarketDataOrdersVisitor - [ORDERBOOK] Removing level:119
23:15:22.474 [main] INFO  c.o.v.MutatingRemoveAllMarketDataOrdersVisitor - [ORDERBOOK] Removing market data order:MktData(price=123,quantity=453)
23:15:22.474 [main] INFO  c.o.v.MutatingRemoveAllMarketDataOrdersVisitor - [ORDERBOOK] Removing level:123
23:15:22.474 [main] INFO  c.o.v.MutatingRemoveAllMarketDataOrdersVisitor - [ORDERBOOK] Removing market data order:MktData(price=144,quantity=645)
23:15:22.474 [main] INFO  c.o.v.MutatingRemoveAllMarketDataOrdersVisitor - [ORDERBOOK] Removing level:144
23:15:22.474 [main] INFO  c.o.v.MutatingRemoveAllMarketDataOrdersVisitor - [ORDERBOOK] Removing market data order:MktData(price=167,quantity=665)
23:15:22.474 [main] INFO  c.o.v.MutatingRemoveAllMarketDataOrdersVisitor - [ORDERBOOK] Removing level:167
23:15:22.474 [main] DEBUG c.orderbook.OrderBook - [ORDERBOOK] ASK: Adding orderMktData(price=98,quantity=501)
23:15:22.474 [main] DEBUG c.orderbook.OrderBook - [ORDERBOOK] ASK: Adding orderMktData(price=101,quantity=200)
23:15:22.474 [main] DEBUG c.orderbook.OrderBook - [ORDERBOOK] ASK: Adding orderMktData(price=110,quantity=5000)
23:15:22.474 [main] DEBUG c.orderbook.OrderBook - [ORDERBOOK] ASK: Adding orderMktData(price=119,quantity=5600)
23:15:22.474 [main] DEBUG c.orderbook.OrderBook - [ORDERBOOK] ASK: Adding orderMktData(price=123,quantity=453)
23:15:22.474 [main] DEBUG c.orderbook.OrderBook - [ORDERBOOK] ASK: Adding orderMktData(price=144,quantity=645)
23:15:22.474 [main] DEBUG c.orderbook.OrderBook - [ORDERBOOK] ASK: Adding orderMktData(price=167,quantity=665)
23:15:22.474 [main] DEBUG c.service.MarketDataService - [ALGO] BID: price:43 quantity:134
23:15:22.474 [main] DEBUG c.service.MarketDataService - [ALGO] BID: price:76 quantity:145
23:15:22.474 [main] DEBUG c.service.MarketDataService - [ALGO] BID: price:91 quantity:300
23:15:22.474 [main] DEBUG c.service.MarketDataService - [ALGO] BID: price:93 quantity:200
23:15:22.474 [main] DEBUG c.service.MarketDataService - [ALGO] BID: price:95 quantity:100
23:15:22.474 [main] DEBUG c.service.MarketDataService - [ALGO] BID: price:98 quantity:154
23:15:22.474 [main] DEBUG c.service.MarketDataService - [ALGO] ASK: price:98 quantity:501
23:15:22.474 [main] DEBUG c.service.MarketDataService - [ALGO] ASK: price:101 quantity:200
23:15:22.474 [main] DEBUG c.service.MarketDataService - [ALGO] ASK: price:110 quantity:5000
23:15:22.474 [main] DEBUG c.service.MarketDataService - [ALGO] ASK: price:119 quantity:5600
23:15:22.474 [main] DEBUG c.service.MarketDataService - [ALGO] ASK: price:123 quantity:453
23:15:22.474 [main] DEBUG c.service.MarketDataService - [ALGO] ASK: price:144 quantity:645
23:15:22.474 [main] DEBUG c.service.MarketDataService - [ALGO] ASK: price:167 quantity:665
23:15:22.474 [main] INFO  c.gettingstarted.MyAlgoLogic - [MYALGO] The state of the order book is:
|----BID-----||----ASK----|
    134 @ 43    501 @ 98
    145 @ 76   200 @ 101
    300 @ 91  5000 @ 110
    200 @ 93  5600 @ 119
    100 @ 95   453 @ 123
    154 @ 98   645 @ 144
          -    665 @ 167
|------------||-----------|

23:15:22.474 [main] INFO  c.gettingstarted.MyAlgoLogic - [MYALGO] Algo Sees Book as: 
|----BID-----||----ASK----|
    134 @ 43    501 @ 98
    145 @ 76   200 @ 101
    300 @ 91  5000 @ 110
    200 @ 93  5600 @ 119
    100 @ 95   453 @ 123
    154 @ 98   645 @ 144
          -    665 @ 167
|------------||-----------|

23:15:22.474 [main] INFO  c.gettingstarted.TimedLogic - [TIMEDLOGIC] Market is closed
23:15:22.475 [main] INFO  c.sequencer.consumer.LoggingConsumer - [113] 
|----BID-----|
    134 @ 43
    145 @ 76
    300 @ 91
    200 @ 93
    100 @ 95
    154 @ 98
|----ASK-----|
    501 @ 98
   200 @ 101
  5000 @ 110
  5600 @ 119
   453 @ 123
   645 @ 144
   665 @ 167

23:15:22.475 [main] INFO  c.orderbook.OrderBook - [ORDERBOOK] Processing Mkt Data Update
23:15:22.475 [main] INFO  c.o.v.MutatingRemoveAllMarketDataOrdersVisitor - [ORDERBOOK] Removing market data order:MktData(price=43,quantity=134)
23:15:22.475 [main] INFO  c.o.v.MutatingRemoveAllMarketDataOrdersVisitor - [ORDERBOOK] Removing level:43
23:15:22.475 [main] DEBUG c.orderbook.OrderBook - [ORDERBOOK] ASK: Adding orderMktData(price=43,quantity=134)
23:15:22.475 [main] DEBUG c.orderbook.OrderBook - [ORDERBOOK] ASK: Adding orderMktData(price=76,quantity=145)
23:15:22.475 [main] DEBUG c.orderbook.OrderBook - [ORDERBOOK] ASK: Adding orderMktData(price=91,quantity=300)
23:15:22.475 [main] DEBUG c.orderbook.OrderBook - [ORDERBOOK] ASK: Adding orderMktData(price=93,quantity=200)
23:15:22.475 [main] DEBUG c.orderbook.OrderBook - [ORDERBOOK] ASK: Adding orderMktData(price=95,quantity=100)
23:15:22.475 [main] DEBUG c.orderbook.OrderBook - [ORDERBOOK] ASK: Adding orderMktData(price=98,quantity=154)
23:15:22.475 [main] INFO  c.o.v.MutatingMatchOneMarketDataOrderVisitor - [ORDERBOOK] visiting LevelOrderBookLevel(price=43,quantity=134)
23:15:22.475 [main] INFO  c.o.v.MutatingMatchOneMarketDataOrderVisitor - [ORDERBOOK] Can't match order:MktData(price=43,quantity=134)(MktData(price=98,quantity=154))
23:15:22.475 [main] INFO  c.o.v.MutatingRemoveAllMarketDataOrdersVisitor - [ORDERBOOK] Removing market data order:MktData(price=98,quantity=501)
23:15:22.475 [main] INFO  c.o.v.MutatingRemoveAllMarketDataOrdersVisitor - [ORDERBOOK] Removing level:98
23:15:22.475 [main] INFO  c.o.v.MutatingRemoveAllMarketDataOrdersVisitor - [ORDERBOOK] Removing market data order:MktData(price=101,quantity=200)
23:15:22.475 [main] INFO  c.o.v.MutatingRemoveAllMarketDataOrdersVisitor - [ORDERBOOK] Removing level:101
23:15:22.475 [main] INFO  c.o.v.MutatingRemoveAllMarketDataOrdersVisitor - [ORDERBOOK] Removing market data order:MktData(price=110,quantity=5000)
23:15:22.475 [main] INFO  c.o.v.MutatingRemoveAllMarketDataOrdersVisitor - [ORDERBOOK] Removing level:110
23:15:22.475 [main] INFO  c.o.v.MutatingRemoveAllMarketDataOrdersVisitor - [ORDERBOOK] Removing market data order:MktData(price=119,quantity=5600)
23:15:22.475 [main] INFO  c.o.v.MutatingRemoveAllMarketDataOrdersVisitor - [ORDERBOOK] Removing level:119
23:15:22.475 [main] INFO  c.o.v.MutatingRemoveAllMarketDataOrdersVisitor - [ORDERBOOK] Removing market data order:MktData(price=123,quantity=453)
23:15:22.475 [main] INFO  c.o.v.MutatingRemoveAllMarketDataOrdersVisitor - [ORDERBOOK] Removing level:123
23:15:22.475 [main] INFO  c.o.v.MutatingRemoveAllMarketDataOrdersVisitor - [ORDERBOOK] Removing market data order:MktData(price=144,quantity=645)
23:15:22.475 [main] INFO  c.o.v.MutatingRemoveAllMarketDataOrdersVisitor - [ORDERBOOK] Removing level:144
23:15:22.475 [main] INFO  c.o.v.MutatingRemoveAllMarketDataOrdersVisitor - [ORDERBOOK] Removing market data order:MktData(price=167,quantity=665)
23:15:22.475 [main] INFO  c.o.v.MutatingRemoveAllMarketDataOrdersVisitor - [ORDERBOOK] Removing level:167
23:15:22.475 [main] DEBUG c.orderbook.OrderBook - [ORDERBOOK] ASK: Adding orderMktData(price=98,quantity=501)
23:15:22.475 [main] DEBUG c.orderbook.OrderBook - [ORDERBOOK] ASK: Adding orderMktData(price=101,quantity=200)
23:15:22.475 [main] DEBUG c.orderbook.OrderBook - [ORDERBOOK] ASK: Adding orderMktData(price=110,quantity=5000)
23:15:22.475 [main] DEBUG c.orderbook.OrderBook - [ORDERBOOK] ASK: Adding orderMktData(price=119,quantity=5600)
23:15:22.475 [main] DEBUG c.orderbook.OrderBook - [ORDERBOOK] ASK: Adding orderMktData(price=123,quantity=453)
23:15:22.475 [main] DEBUG c.orderbook.OrderBook - [ORDERBOOK] ASK: Adding orderMktData(price=144,quantity=645)
23:15:22.475 [main] DEBUG c.orderbook.OrderBook - [ORDERBOOK] ASK: Adding orderMktData(price=167,quantity=665)
23:15:22.475 [main] DEBUG c.service.MarketDataService - [ALGO] BID: price:43 quantity:134
23:15:22.475 [main] DEBUG c.service.MarketDataService - [ALGO] BID: price:76 quantity:145
23:15:22.475 [main] DEBUG c.service.MarketDataService - [ALGO] BID: price:91 quantity:300
23:15:22.475 [main] DEBUG c.service.MarketDataService - [ALGO] BID: price:93 quantity:200
23:15:22.475 [main] DEBUG c.service.MarketDataService - [ALGO] BID: price:95 quantity:100
23:15:22.475 [main] DEBUG c.service.MarketDataService - [ALGO] BID: price:98 quantity:154
23:15:22.475 [main] DEBUG c.service.MarketDataService - [ALGO] ASK: price:98 quantity:501
23:15:22.475 [main] DEBUG c.service.MarketDataService - [ALGO] ASK: price:101 quantity:200
23:15:22.475 [main] DEBUG c.service.MarketDataService - [ALGO] ASK: price:110 quantity:5000
23:15:22.475 [main] DEBUG c.service.MarketDataService - [ALGO] ASK: price:119 quantity:5600
23:15:22.475 [main] DEBUG c.service.MarketDataService - [ALGO] ASK: price:123 quantity:453
23:15:22.475 [main] DEBUG c.service.MarketDataService - [ALGO] ASK: price:144 quantity:645
23:15:22.475 [main] DEBUG c.service.MarketDataService - [ALGO] ASK: price:167 quantity:665
23:15:22.475 [main] INFO  c.gettingstarted.MyAlgoLogic - [MYALGO] The state of the order book is:
|----BID-----||----ASK----|
    134 @ 43    501 @ 98
    145 @ 76   200 @ 101
    300 @ 91  5000 @ 110
    200 @ 93  5600 @ 119
    100 @ 95   453 @ 123
    154 @ 98   645 @ 144
          -    665 @ 167
|------------||-----------|

23:15:22.475 [main] INFO  c.gettingstarted.MyAlgoLogic - [MYALGO] Algo Sees Book as: 
|----BID-----||----ASK----|
    134 @ 43    501 @ 98
    145 @ 76   200 @ 101
    300 @ 91  5000 @ 110
    200 @ 93  5600 @ 119
    100 @ 95   453 @ 123
    154 @ 98   645 @ 144
          -    665 @ 167
|------------||-----------|

23:15:22.475 [main] INFO  c.gettingstarted.TimedLogic - [TIMEDLOGIC] Market is closed
23:15:22.476 [main] INFO  c.sequencer.consumer.LoggingConsumer - [114] 
|----BID-----|
    134 @ 43
    145 @ 76
    300 @ 91
    200 @ 93
    100 @ 95
    154 @ 98
|----ASK-----|
    501 @ 98
   200 @ 101
  5000 @ 110
  5600 @ 119
   453 @ 123
   645 @ 144
   665 @ 167

23:15:22.476 [main] INFO  c.orderbook.OrderBook - [ORDERBOOK] Processing Mkt Data Update
23:15:22.476 [main] INFO  c.o.v.MutatingRemoveAllMarketDataOrdersVisitor - [ORDERBOOK] Removing market data order:MktData(price=43,quantity=134)
23:15:22.476 [main] INFO  c.o.v.MutatingRemoveAllMarketDataOrdersVisitor - [ORDERBOOK] Removing level:43
23:15:22.476 [main] DEBUG c.orderbook.OrderBook - [ORDERBOOK] ASK: Adding orderMktData(price=43,quantity=134)
23:15:22.476 [main] DEBUG c.orderbook.OrderBook - [ORDERBOOK] ASK: Adding orderMktData(price=76,quantity=145)
23:15:22.476 [main] DEBUG c.orderbook.OrderBook - [ORDERBOOK] ASK: Adding orderMktData(price=91,quantity=300)
23:15:22.476 [main] DEBUG c.orderbook.OrderBook - [ORDERBOOK] ASK: Adding orderMktData(price=93,quantity=200)
23:15:22.476 [main] DEBUG c.orderbook.OrderBook - [ORDERBOOK] ASK: Adding orderMktData(price=95,quantity=100)
23:15:22.476 [main] DEBUG c.orderbook.OrderBook - [ORDERBOOK] ASK: Adding orderMktData(price=98,quantity=154)
23:15:22.476 [main] INFO  c.o.v.MutatingMatchOneMarketDataOrderVisitor - [ORDERBOOK] visiting LevelOrderBookLevel(price=43,quantity=134)
23:15:22.476 [main] INFO  c.o.v.MutatingMatchOneMarketDataOrderVisitor - [ORDERBOOK] Can't match order:MktData(price=43,quantity=134)(MktData(price=98,quantity=154))
23:15:22.476 [main] INFO  c.o.v.MutatingRemoveAllMarketDataOrdersVisitor - [ORDERBOOK] Removing market data order:MktData(price=98,quantity=501)
23:15:22.476 [main] INFO  c.o.v.MutatingRemoveAllMarketDataOrdersVisitor - [ORDERBOOK] Removing level:98
23:15:22.476 [main] INFO  c.o.v.MutatingRemoveAllMarketDataOrdersVisitor - [ORDERBOOK] Removing market data order:MktData(price=101,quantity=200)
23:15:22.476 [main] INFO  c.o.v.MutatingRemoveAllMarketDataOrdersVisitor - [ORDERBOOK] Removing level:101
23:15:22.476 [main] INFO  c.o.v.MutatingRemoveAllMarketDataOrdersVisitor - [ORDERBOOK] Removing market data order:MktData(price=110,quantity=5000)
23:15:22.476 [main] INFO  c.o.v.MutatingRemoveAllMarketDataOrdersVisitor - [ORDERBOOK] Removing level:110
23:15:22.476 [main] INFO  c.o.v.MutatingRemoveAllMarketDataOrdersVisitor - [ORDERBOOK] Removing market data order:MktData(price=119,quantity=5600)
23:15:22.476 [main] INFO  c.o.v.MutatingRemoveAllMarketDataOrdersVisitor - [ORDERBOOK] Removing level:119
23:15:22.476 [main] INFO  c.o.v.MutatingRemoveAllMarketDataOrdersVisitor - [ORDERBOOK] Removing market data order:MktData(price=123,quantity=453)
23:15:22.476 [main] INFO  c.o.v.MutatingRemoveAllMarketDataOrdersVisitor - [ORDERBOOK] Removing level:123
23:15:22.476 [main] INFO  c.o.v.MutatingRemoveAllMarketDataOrdersVisitor - [ORDERBOOK] Removing market data order:MktData(price=144,quantity=645)
23:15:22.476 [main] INFO  c.o.v.MutatingRemoveAllMarketDataOrdersVisitor - [ORDERBOOK] Removing level:144
23:15:22.476 [main] INFO  c.o.v.MutatingRemoveAllMarketDataOrdersVisitor - [ORDERBOOK] Removing market data order:MktData(price=167,quantity=665)
23:15:22.476 [main] INFO  c.o.v.MutatingRemoveAllMarketDataOrdersVisitor - [ORDERBOOK] Removing level:167
23:15:22.476 [main] DEBUG c.orderbook.OrderBook - [ORDERBOOK] ASK: Adding orderMktData(price=98,quantity=501)
23:15:22.476 [main] DEBUG c.orderbook.OrderBook - [ORDERBOOK] ASK: Adding orderMktData(price=101,quantity=200)
23:15:22.476 [main] DEBUG c.orderbook.OrderBook - [ORDERBOOK] ASK: Adding orderMktData(price=110,quantity=5000)
23:15:22.476 [main] DEBUG c.orderbook.OrderBook - [ORDERBOOK] ASK: Adding orderMktData(price=119,quantity=5600)
23:15:22.476 [main] DEBUG c.orderbook.OrderBook - [ORDERBOOK] ASK: Adding orderMktData(price=123,quantity=453)
23:15:22.476 [main] DEBUG c.orderbook.OrderBook - [ORDERBOOK] ASK: Adding orderMktData(price=144,quantity=645)
23:15:22.476 [main] DEBUG c.orderbook.OrderBook - [ORDERBOOK] ASK: Adding orderMktData(price=167,quantity=665)
23:15:22.476 [main] DEBUG c.service.MarketDataService - [ALGO] BID: price:43 quantity:134
23:15:22.476 [main] DEBUG c.service.MarketDataService - [ALGO] BID: price:76 quantity:145
23:15:22.476 [main] DEBUG c.service.MarketDataService - [ALGO] BID: price:91 quantity:300
23:15:22.476 [main] DEBUG c.service.MarketDataService - [ALGO] BID: price:93 quantity:200
23:15:22.476 [main] DEBUG c.service.MarketDataService - [ALGO] BID: price:95 quantity:100
23:15:22.476 [main] DEBUG c.service.MarketDataService - [ALGO] BID: price:98 quantity:154
23:15:22.476 [main] DEBUG c.service.MarketDataService - [ALGO] ASK: price:98 quantity:501
23:15:22.476 [main] DEBUG c.service.MarketDataService - [ALGO] ASK: price:101 quantity:200
23:15:22.476 [main] DEBUG c.service.MarketDataService - [ALGO] ASK: price:110 quantity:5000
23:15:22.476 [main] DEBUG c.service.MarketDataService - [ALGO] ASK: price:119 quantity:5600
23:15:22.476 [main] DEBUG c.service.MarketDataService - [ALGO] ASK: price:123 quantity:453
23:15:22.476 [main] DEBUG c.service.MarketDataService - [ALGO] ASK: price:144 quantity:645
23:15:22.476 [main] DEBUG c.service.MarketDataService - [ALGO] ASK: price:167 quantity:665
23:15:22.477 [main] INFO  c.gettingstarted.MyAlgoLogic - [MYALGO] The state of the order book is:
|----BID-----||----ASK----|
    134 @ 43    501 @ 98
    145 @ 76   200 @ 101
    300 @ 91  5000 @ 110
    200 @ 93  5600 @ 119
    100 @ 95   453 @ 123
    154 @ 98   645 @ 144
          -    665 @ 167
|------------||-----------|

23:15:22.477 [main] INFO  c.gettingstarted.MyAlgoLogic - [MYALGO] Algo Sees Book as: 
|----BID-----||----ASK----|
    134 @ 43    501 @ 98
    145 @ 76   200 @ 101
    300 @ 91  5000 @ 110
    200 @ 93  5600 @ 119
    100 @ 95   453 @ 123
    154 @ 98   645 @ 144
          -    665 @ 167
|------------||-----------|

23:15:22.477 [main] INFO  c.gettingstarted.TimedLogic - [TIMEDLOGIC] Market is closed
23:15:22.477 [main] INFO  c.sequencer.consumer.LoggingConsumer - [115] 
|----BID-----|
    134 @ 43
    145 @ 76
    300 @ 91
    200 @ 93
    100 @ 95
    154 @ 98
|----ASK-----|
    501 @ 98
   200 @ 101
  5000 @ 110
  5600 @ 119
   453 @ 123
   645 @ 144
   665 @ 167

23:15:22.477 [main] INFO  c.orderbook.OrderBook - [ORDERBOOK] Processing Mkt Data Update
23:15:22.477 [main] INFO  c.o.v.MutatingRemoveAllMarketDataOrdersVisitor - [ORDERBOOK] Removing market data order:MktData(price=43,quantity=134)
23:15:22.477 [main] INFO  c.o.v.MutatingRemoveAllMarketDataOrdersVisitor - [ORDERBOOK] Removing level:43
23:15:22.477 [main] DEBUG c.orderbook.OrderBook - [ORDERBOOK] ASK: Adding orderMktData(price=43,quantity=134)
23:15:22.477 [main] DEBUG c.orderbook.OrderBook - [ORDERBOOK] ASK: Adding orderMktData(price=76,quantity=145)
23:15:22.477 [main] DEBUG c.orderbook.OrderBook - [ORDERBOOK] ASK: Adding orderMktData(price=91,quantity=300)
23:15:22.477 [main] DEBUG c.orderbook.OrderBook - [ORDERBOOK] ASK: Adding orderMktData(price=93,quantity=200)
23:15:22.477 [main] DEBUG c.orderbook.OrderBook - [ORDERBOOK] ASK: Adding orderMktData(price=95,quantity=100)
23:15:22.477 [main] DEBUG c.orderbook.OrderBook - [ORDERBOOK] ASK: Adding orderMktData(price=98,quantity=154)
23:15:22.477 [main] INFO  c.o.v.MutatingMatchOneMarketDataOrderVisitor - [ORDERBOOK] visiting LevelOrderBookLevel(price=43,quantity=134)
23:15:22.477 [main] INFO  c.o.v.MutatingMatchOneMarketDataOrderVisitor - [ORDERBOOK] Can't match order:MktData(price=43,quantity=134)(MktData(price=98,quantity=154))
23:15:22.477 [main] INFO  c.o.v.MutatingRemoveAllMarketDataOrdersVisitor - [ORDERBOOK] Removing market data order:MktData(price=98,quantity=501)
23:15:22.477 [main] INFO  c.o.v.MutatingRemoveAllMarketDataOrdersVisitor - [ORDERBOOK] Removing level:98
23:15:22.477 [main] INFO  c.o.v.MutatingRemoveAllMarketDataOrdersVisitor - [ORDERBOOK] Removing market data order:MktData(price=101,quantity=200)
23:15:22.477 [main] INFO  c.o.v.MutatingRemoveAllMarketDataOrdersVisitor - [ORDERBOOK] Removing level:101
23:15:22.477 [main] INFO  c.o.v.MutatingRemoveAllMarketDataOrdersVisitor - [ORDERBOOK] Removing market data order:MktData(price=110,quantity=5000)
23:15:22.477 [main] INFO  c.o.v.MutatingRemoveAllMarketDataOrdersVisitor - [ORDERBOOK] Removing level:110
23:15:22.477 [main] INFO  c.o.v.MutatingRemoveAllMarketDataOrdersVisitor - [ORDERBOOK] Removing market data order:MktData(price=119,quantity=5600)
23:15:22.477 [main] INFO  c.o.v.MutatingRemoveAllMarketDataOrdersVisitor - [ORDERBOOK] Removing level:119
23:15:22.477 [main] INFO  c.o.v.MutatingRemoveAllMarketDataOrdersVisitor - [ORDERBOOK] Removing market data order:MktData(price=123,quantity=453)
23:15:22.477 [main] INFO  c.o.v.MutatingRemoveAllMarketDataOrdersVisitor - [ORDERBOOK] Removing level:123
23:15:22.477 [main] INFO  c.o.v.MutatingRemoveAllMarketDataOrdersVisitor - [ORDERBOOK] Removing market data order:MktData(price=144,quantity=645)
23:15:22.477 [main] INFO  c.o.v.MutatingRemoveAllMarketDataOrdersVisitor - [ORDERBOOK] Removing level:144
23:15:22.477 [main] INFO  c.o.v.MutatingRemoveAllMarketDataOrdersVisitor - [ORDERBOOK] Removing market data order:MktData(price=167,quantity=665)
23:15:22.477 [main] INFO  c.o.v.MutatingRemoveAllMarketDataOrdersVisitor - [ORDERBOOK] Removing level:167
23:15:22.477 [main] DEBUG c.orderbook.OrderBook - [ORDERBOOK] ASK: Adding orderMktData(price=98,quantity=501)
23:15:22.477 [main] DEBUG c.orderbook.OrderBook - [ORDERBOOK] ASK: Adding orderMktData(price=101,quantity=200)
23:15:22.477 [main] DEBUG c.orderbook.OrderBook - [ORDERBOOK] ASK: Adding orderMktData(price=110,quantity=5000)
23:15:22.477 [main] DEBUG c.orderbook.OrderBook - [ORDERBOOK] ASK: Adding orderMktData(price=119,quantity=5600)
23:15:22.477 [main] DEBUG c.orderbook.OrderBook - [ORDERBOOK] ASK: Adding orderMktData(price=123,quantity=453)
23:15:22.477 [main] DEBUG c.orderbook.OrderBook - [ORDERBOOK] ASK: Adding orderMktData(price=144,quantity=645)
23:15:22.477 [main] DEBUG c.orderbook.OrderBook - [ORDERBOOK] ASK: Adding orderMktData(price=167,quantity=665)
23:15:22.477 [main] DEBUG c.service.MarketDataService - [ALGO] BID: price:43 quantity:134
23:15:22.477 [main] DEBUG c.service.MarketDataService - [ALGO] BID: price:76 quantity:145
23:15:22.477 [main] DEBUG c.service.MarketDataService - [ALGO] BID: price:91 quantity:300
23:15:22.477 [main] DEBUG c.service.MarketDataService - [ALGO] BID: price:93 quantity:200
23:15:22.477 [main] DEBUG c.service.MarketDataService - [ALGO] BID: price:95 quantity:100
23:15:22.477 [main] DEBUG c.service.MarketDataService - [ALGO] BID: price:98 quantity:154
23:15:22.478 [main] DEBUG c.service.MarketDataService - [ALGO] ASK: price:98 quantity:501
23:15:22.478 [main] DEBUG c.service.MarketDataService - [ALGO] ASK: price:101 quantity:200
23:15:22.478 [main] DEBUG c.service.MarketDataService - [ALGO] ASK: price:110 quantity:5000
23:15:22.478 [main] DEBUG c.service.MarketDataService - [ALGO] ASK: price:119 quantity:5600
23:15:22.478 [main] DEBUG c.service.MarketDataService - [ALGO] ASK: price:123 quantity:453
23:15:22.478 [main] DEBUG c.service.MarketDataService - [ALGO] ASK: price:144 quantity:645
23:15:22.478 [main] DEBUG c.service.MarketDataService - [ALGO] ASK: price:167 quantity:665
23:15:22.478 [main] INFO  c.gettingstarted.MyAlgoLogic - [MYALGO] The state of the order book is:
|----BID-----||----ASK----|
    134 @ 43    501 @ 98
    145 @ 76   200 @ 101
    300 @ 91  5000 @ 110
    200 @ 93  5600 @ 119
    100 @ 95   453 @ 123
    154 @ 98   645 @ 144
          -    665 @ 167
|------------||-----------|

23:15:22.478 [main] INFO  c.gettingstarted.MyAlgoLogic - [MYALGO] Algo Sees Book as: 
|----BID-----||----ASK----|
    134 @ 43    501 @ 98
    145 @ 76   200 @ 101
    300 @ 91  5000 @ 110
    200 @ 93  5600 @ 119
    100 @ 95   453 @ 123
    154 @ 98   645 @ 144
          -    665 @ 167
|------------||-----------|

23:15:22.478 [main] INFO  c.gettingstarted.TimedLogic - [TIMEDLOGIC] Market is closed
23:15:22.478 [main] INFO  c.sequencer.consumer.LoggingConsumer - [116] 
|----BID-----|
    134 @ 43
    145 @ 76
    300 @ 91
    200 @ 93
    100 @ 95
    154 @ 98
|----ASK-----|
    501 @ 98
   200 @ 101
  5000 @ 110
  5600 @ 119
   453 @ 123
   645 @ 144
   665 @ 167

23:15:22.478 [main] INFO  c.orderbook.OrderBook - [ORDERBOOK] Processing Mkt Data Update
23:15:22.478 [main] INFO  c.o.v.MutatingRemoveAllMarketDataOrdersVisitor - [ORDERBOOK] Removing market data order:MktData(price=43,quantity=134)
23:15:22.478 [main] INFO  c.o.v.MutatingRemoveAllMarketDataOrdersVisitor - [ORDERBOOK] Removing level:43
23:15:22.478 [main] DEBUG c.orderbook.OrderBook - [ORDERBOOK] ASK: Adding orderMktData(price=43,quantity=134)
23:15:22.478 [main] DEBUG c.orderbook.OrderBook - [ORDERBOOK] ASK: Adding orderMktData(price=76,quantity=145)
23:15:22.478 [main] DEBUG c.orderbook.OrderBook - [ORDERBOOK] ASK: Adding orderMktData(price=91,quantity=300)
23:15:22.478 [main] DEBUG c.orderbook.OrderBook - [ORDERBOOK] ASK: Adding orderMktData(price=93,quantity=200)
23:15:22.478 [main] DEBUG c.orderbook.OrderBook - [ORDERBOOK] ASK: Adding orderMktData(price=95,quantity=100)
23:15:22.478 [main] DEBUG c.orderbook.OrderBook - [ORDERBOOK] ASK: Adding orderMktData(price=98,quantity=154)
23:15:22.478 [main] INFO  c.o.v.MutatingMatchOneMarketDataOrderVisitor - [ORDERBOOK] visiting LevelOrderBookLevel(price=43,quantity=134)
23:15:22.478 [main] INFO  c.o.v.MutatingMatchOneMarketDataOrderVisitor - [ORDERBOOK] Can't match order:MktData(price=43,quantity=134)(MktData(price=98,quantity=154))
23:15:22.478 [main] INFO  c.o.v.MutatingRemoveAllMarketDataOrdersVisitor - [ORDERBOOK] Removing market data order:MktData(price=98,quantity=501)
23:15:22.478 [main] INFO  c.o.v.MutatingRemoveAllMarketDataOrdersVisitor - [ORDERBOOK] Removing level:98
23:15:22.478 [main] INFO  c.o.v.MutatingRemoveAllMarketDataOrdersVisitor - [ORDERBOOK] Removing market data order:MktData(price=101,quantity=200)
23:15:22.478 [main] INFO  c.o.v.MutatingRemoveAllMarketDataOrdersVisitor - [ORDERBOOK] Removing level:101
23:15:22.478 [main] INFO  c.o.v.MutatingRemoveAllMarketDataOrdersVisitor - [ORDERBOOK] Removing market data order:MktData(price=110,quantity=5000)
23:15:22.478 [main] INFO  c.o.v.MutatingRemoveAllMarketDataOrdersVisitor - [ORDERBOOK] Removing level:110
23:15:22.478 [main] INFO  c.o.v.MutatingRemoveAllMarketDataOrdersVisitor - [ORDERBOOK] Removing market data order:MktData(price=119,quantity=5600)
23:15:22.478 [main] INFO  c.o.v.MutatingRemoveAllMarketDataOrdersVisitor - [ORDERBOOK] Removing level:119
23:15:22.478 [main] INFO  c.o.v.MutatingRemoveAllMarketDataOrdersVisitor - [ORDERBOOK] Removing market data order:MktData(price=123,quantity=453)
23:15:22.478 [main] INFO  c.o.v.MutatingRemoveAllMarketDataOrdersVisitor - [ORDERBOOK] Removing level:123
23:15:22.479 [main] INFO  c.o.v.MutatingRemoveAllMarketDataOrdersVisitor - [ORDERBOOK] Removing market data order:MktData(price=144,quantity=645)
23:15:22.479 [main] INFO  c.o.v.MutatingRemoveAllMarketDataOrdersVisitor - [ORDERBOOK] Removing level:144
23:15:22.479 [main] INFO  c.o.v.MutatingRemoveAllMarketDataOrdersVisitor - [ORDERBOOK] Removing market data order:MktData(price=167,quantity=665)
23:15:22.479 [main] INFO  c.o.v.MutatingRemoveAllMarketDataOrdersVisitor - [ORDERBOOK] Removing level:167
23:15:22.479 [main] DEBUG c.orderbook.OrderBook - [ORDERBOOK] ASK: Adding orderMktData(price=98,quantity=501)
23:15:22.479 [main] DEBUG c.orderbook.OrderBook - [ORDERBOOK] ASK: Adding orderMktData(price=101,quantity=200)
23:15:22.479 [main] DEBUG c.orderbook.OrderBook - [ORDERBOOK] ASK: Adding orderMktData(price=110,quantity=5000)
23:15:22.479 [main] DEBUG c.orderbook.OrderBook - [ORDERBOOK] ASK: Adding orderMktData(price=119,quantity=5600)
23:15:22.479 [main] DEBUG c.orderbook.OrderBook - [ORDERBOOK] ASK: Adding orderMktData(price=123,quantity=453)
23:15:22.479 [main] DEBUG c.orderbook.OrderBook - [ORDERBOOK] ASK: Adding orderMktData(price=144,quantity=645)
23:15:22.479 [main] DEBUG c.orderbook.OrderBook - [ORDERBOOK] ASK: Adding orderMktData(price=167,quantity=665)
23:15:22.479 [main] DEBUG c.service.MarketDataService - [ALGO] BID: price:43 quantity:134
23:15:22.479 [main] DEBUG c.service.MarketDataService - [ALGO] BID: price:76 quantity:145
23:15:22.479 [main] DEBUG c.service.MarketDataService - [ALGO] BID: price:91 quantity:300
23:15:22.479 [main] DEBUG c.service.MarketDataService - [ALGO] BID: price:93 quantity:200
23:15:22.479 [main] DEBUG c.service.MarketDataService - [ALGO] BID: price:95 quantity:100
23:15:22.479 [main] DEBUG c.service.MarketDataService - [ALGO] BID: price:98 quantity:154
23:15:22.479 [main] DEBUG c.service.MarketDataService - [ALGO] ASK: price:98 quantity:501
23:15:22.479 [main] DEBUG c.service.MarketDataService - [ALGO] ASK: price:101 quantity:200
23:15:22.479 [main] DEBUG c.service.MarketDataService - [ALGO] ASK: price:110 quantity:5000
23:15:22.479 [main] DEBUG c.service.MarketDataService - [ALGO] ASK: price:119 quantity:5600
23:15:22.479 [main] DEBUG c.service.MarketDataService - [ALGO] ASK: price:123 quantity:453
23:15:22.479 [main] DEBUG c.service.MarketDataService - [ALGO] ASK: price:144 quantity:645
23:15:22.479 [main] DEBUG c.service.MarketDataService - [ALGO] ASK: price:167 quantity:665
23:15:22.479 [main] INFO  c.gettingstarted.MyAlgoLogic - [MYALGO] The state of the order book is:
|----BID-----||----ASK----|
    134 @ 43    501 @ 98
    145 @ 76   200 @ 101
    300 @ 91  5000 @ 110
    200 @ 93  5600 @ 119
    100 @ 95   453 @ 123
    154 @ 98   645 @ 144
          -    665 @ 167
|------------||-----------|

23:15:22.479 [main] INFO  c.gettingstarted.MyAlgoLogic - [MYALGO] Algo Sees Book as: 
|----BID-----||----ASK----|
    134 @ 43    501 @ 98
    145 @ 76   200 @ 101
    300 @ 91  5000 @ 110
    200 @ 93  5600 @ 119
    100 @ 95   453 @ 123
    154 @ 98   645 @ 144
          -    665 @ 167
|------------||-----------|

23:15:22.479 [main] INFO  c.gettingstarted.TimedLogic - [TIMEDLOGIC] Market is closed
23:15:22.479 [main] INFO  c.sequencer.consumer.LoggingConsumer - [117] 
|----BID-----|
    134 @ 43
    145 @ 76
    300 @ 91
    200 @ 93
    100 @ 95
    154 @ 98
|----ASK-----|
    501 @ 98
   200 @ 101
  5000 @ 110
  5600 @ 119
   453 @ 123
   645 @ 144
   665 @ 167

23:15:22.479 [main] INFO  c.orderbook.OrderBook - [ORDERBOOK] Processing Mkt Data Update
23:15:22.479 [main] INFO  c.o.v.MutatingRemoveAllMarketDataOrdersVisitor - [ORDERBOOK] Removing market data order:MktData(price=43,quantity=134)
23:15:22.479 [main] INFO  c.o.v.MutatingRemoveAllMarketDataOrdersVisitor - [ORDERBOOK] Removing level:43
23:15:22.479 [main] DEBUG c.orderbook.OrderBook - [ORDERBOOK] ASK: Adding orderMktData(price=43,quantity=134)
23:15:22.479 [main] DEBUG c.orderbook.OrderBook - [ORDERBOOK] ASK: Adding orderMktData(price=76,quantity=145)
23:15:22.479 [main] DEBUG c.orderbook.OrderBook - [ORDERBOOK] ASK: Adding orderMktData(price=91,quantity=300)
23:15:22.479 [main] DEBUG c.orderbook.OrderBook - [ORDERBOOK] ASK: Adding orderMktData(price=93,quantity=200)
23:15:22.479 [main] DEBUG c.orderbook.OrderBook - [ORDERBOOK] ASK: Adding orderMktData(price=95,quantity=100)
23:15:22.479 [main] DEBUG c.orderbook.OrderBook - [ORDERBOOK] ASK: Adding orderMktData(price=98,quantity=154)
23:15:22.479 [main] INFO  c.o.v.MutatingMatchOneMarketDataOrderVisitor - [ORDERBOOK] visiting LevelOrderBookLevel(price=43,quantity=134)
23:15:22.479 [main] INFO  c.o.v.MutatingMatchOneMarketDataOrderVisitor - [ORDERBOOK] Can't match order:MktData(price=43,quantity=134)(MktData(price=98,quantity=154))
23:15:22.480 [main] INFO  c.o.v.MutatingRemoveAllMarketDataOrdersVisitor - [ORDERBOOK] Removing market data order:MktData(price=98,quantity=501)
23:15:22.480 [main] INFO  c.o.v.MutatingRemoveAllMarketDataOrdersVisitor - [ORDERBOOK] Removing level:98
23:15:22.480 [main] INFO  c.o.v.MutatingRemoveAllMarketDataOrdersVisitor - [ORDERBOOK] Removing market data order:MktData(price=101,quantity=200)
23:15:22.480 [main] INFO  c.o.v.MutatingRemoveAllMarketDataOrdersVisitor - [ORDERBOOK] Removing level:101
23:15:22.480 [main] INFO  c.o.v.MutatingRemoveAllMarketDataOrdersVisitor - [ORDERBOOK] Removing market data order:MktData(price=110,quantity=5000)
23:15:22.480 [main] INFO  c.o.v.MutatingRemoveAllMarketDataOrdersVisitor - [ORDERBOOK] Removing level:110
23:15:22.480 [main] INFO  c.o.v.MutatingRemoveAllMarketDataOrdersVisitor - [ORDERBOOK] Removing market data order:MktData(price=119,quantity=5600)
23:15:22.480 [main] INFO  c.o.v.MutatingRemoveAllMarketDataOrdersVisitor - [ORDERBOOK] Removing level:119
23:15:22.480 [main] INFO  c.o.v.MutatingRemoveAllMarketDataOrdersVisitor - [ORDERBOOK] Removing market data order:MktData(price=123,quantity=453)
23:15:22.480 [main] INFO  c.o.v.MutatingRemoveAllMarketDataOrdersVisitor - [ORDERBOOK] Removing level:123
23:15:22.480 [main] INFO  c.o.v.MutatingRemoveAllMarketDataOrdersVisitor - [ORDERBOOK] Removing market data order:MktData(price=144,quantity=645)
23:15:22.480 [main] INFO  c.o.v.MutatingRemoveAllMarketDataOrdersVisitor - [ORDERBOOK] Removing level:144
23:15:22.480 [main] INFO  c.o.v.MutatingRemoveAllMarketDataOrdersVisitor - [ORDERBOOK] Removing market data order:MktData(price=167,quantity=665)
23:15:22.480 [main] INFO  c.o.v.MutatingRemoveAllMarketDataOrdersVisitor - [ORDERBOOK] Removing level:167
23:15:22.480 [main] DEBUG c.orderbook.OrderBook - [ORDERBOOK] ASK: Adding orderMktData(price=98,quantity=501)
23:15:22.480 [main] DEBUG c.orderbook.OrderBook - [ORDERBOOK] ASK: Adding orderMktData(price=101,quantity=200)
23:15:22.480 [main] DEBUG c.orderbook.OrderBook - [ORDERBOOK] ASK: Adding orderMktData(price=110,quantity=5000)
23:15:22.480 [main] DEBUG c.orderbook.OrderBook - [ORDERBOOK] ASK: Adding orderMktData(price=119,quantity=5600)
23:15:22.480 [main] DEBUG c.orderbook.OrderBook - [ORDERBOOK] ASK: Adding orderMktData(price=123,quantity=453)
23:15:22.480 [main] DEBUG c.orderbook.OrderBook - [ORDERBOOK] ASK: Adding orderMktData(price=144,quantity=645)
23:15:22.480 [main] DEBUG c.orderbook.OrderBook - [ORDERBOOK] ASK: Adding orderMktData(price=167,quantity=665)
23:15:22.480 [main] DEBUG c.service.MarketDataService - [ALGO] BID: price:43 quantity:134
23:15:22.480 [main] DEBUG c.service.MarketDataService - [ALGO] BID: price:76 quantity:145
23:15:22.480 [main] DEBUG c.service.MarketDataService - [ALGO] BID: price:91 quantity:300
23:15:22.480 [main] DEBUG c.service.MarketDataService - [ALGO] BID: price:93 quantity:200
23:15:22.480 [main] DEBUG c.service.MarketDataService - [ALGO] BID: price:95 quantity:100
23:15:22.480 [main] DEBUG c.service.MarketDataService - [ALGO] BID: price:98 quantity:154
23:15:22.480 [main] DEBUG c.service.MarketDataService - [ALGO] ASK: price:98 quantity:501
23:15:22.480 [main] DEBUG c.service.MarketDataService - [ALGO] ASK: price:101 quantity:200
23:15:22.480 [main] DEBUG c.service.MarketDataService - [ALGO] ASK: price:110 quantity:5000
23:15:22.480 [main] DEBUG c.service.MarketDataService - [ALGO] ASK: price:119 quantity:5600
23:15:22.480 [main] DEBUG c.service.MarketDataService - [ALGO] ASK: price:123 quantity:453
23:15:22.480 [main] DEBUG c.service.MarketDataService - [ALGO] ASK: price:144 quantity:645
23:15:22.480 [main] DEBUG c.service.MarketDataService - [ALGO] ASK: price:167 quantity:665
23:15:22.480 [main] INFO  c.gettingstarted.MyAlgoLogic - [MYALGO] The state of the order book is:
|----BID-----||----ASK----|
    134 @ 43    501 @ 98
    145 @ 76   200 @ 101
    300 @ 91  5000 @ 110
    200 @ 93  5600 @ 119
    100 @ 95   453 @ 123
    154 @ 98   645 @ 144
          -    665 @ 167
|------------||-----------|

23:15:22.480 [main] INFO  c.gettingstarted.MyAlgoLogic - [MYALGO] Algo Sees Book as: 
|----BID-----||----ASK----|
    134 @ 43    501 @ 98
    145 @ 76   200 @ 101
    300 @ 91  5000 @ 110
    200 @ 93  5600 @ 119
    100 @ 95   453 @ 123
    154 @ 98   645 @ 144
          -    665 @ 167
|------------||-----------|

23:15:22.480 [main] INFO  c.gettingstarted.TimedLogic - [TIMEDLOGIC] Market is closed
23:15:22.481 [main] INFO  c.sequencer.consumer.LoggingConsumer - [118] 
|----BID-----|
    134 @ 43
    145 @ 76
    300 @ 91
    200 @ 93
    100 @ 95
    154 @ 98
|----ASK-----|
    501 @ 98
   200 @ 101
  5000 @ 110
  5600 @ 119
   453 @ 123
   645 @ 144
   665 @ 167

23:15:22.481 [main] INFO  c.orderbook.OrderBook - [ORDERBOOK] Processing Mkt Data Update
23:15:22.481 [main] INFO  c.o.v.MutatingRemoveAllMarketDataOrdersVisitor - [ORDERBOOK] Removing market data order:MktData(price=43,quantity=134)
23:15:22.481 [main] INFO  c.o.v.MutatingRemoveAllMarketDataOrdersVisitor - [ORDERBOOK] Removing level:43
23:15:22.481 [main] DEBUG c.orderbook.OrderBook - [ORDERBOOK] ASK: Adding orderMktData(price=43,quantity=134)
23:15:22.481 [main] DEBUG c.orderbook.OrderBook - [ORDERBOOK] ASK: Adding orderMktData(price=76,quantity=145)
23:15:22.481 [main] DEBUG c.orderbook.OrderBook - [ORDERBOOK] ASK: Adding orderMktData(price=91,quantity=300)
23:15:22.481 [main] DEBUG c.orderbook.OrderBook - [ORDERBOOK] ASK: Adding orderMktData(price=93,quantity=200)
23:15:22.481 [main] DEBUG c.orderbook.OrderBook - [ORDERBOOK] ASK: Adding orderMktData(price=95,quantity=100)
23:15:22.481 [main] DEBUG c.orderbook.OrderBook - [ORDERBOOK] ASK: Adding orderMktData(price=98,quantity=154)
23:15:22.481 [main] INFO  c.o.v.MutatingMatchOneMarketDataOrderVisitor - [ORDERBOOK] visiting LevelOrderBookLevel(price=43,quantity=134)
23:15:22.481 [main] INFO  c.o.v.MutatingMatchOneMarketDataOrderVisitor - [ORDERBOOK] Can't match order:MktData(price=43,quantity=134)(MktData(price=98,quantity=154))
23:15:22.481 [main] INFO  c.o.v.MutatingRemoveAllMarketDataOrdersVisitor - [ORDERBOOK] Removing market data order:MktData(price=98,quantity=501)
23:15:22.481 [main] INFO  c.o.v.MutatingRemoveAllMarketDataOrdersVisitor - [ORDERBOOK] Removing level:98
23:15:22.481 [main] INFO  c.o.v.MutatingRemoveAllMarketDataOrdersVisitor - [ORDERBOOK] Removing market data order:MktData(price=101,quantity=200)
23:15:22.481 [main] INFO  c.o.v.MutatingRemoveAllMarketDataOrdersVisitor - [ORDERBOOK] Removing level:101
23:15:22.481 [main] INFO  c.o.v.MutatingRemoveAllMarketDataOrdersVisitor - [ORDERBOOK] Removing market data order:MktData(price=110,quantity=5000)
23:15:22.481 [main] INFO  c.o.v.MutatingRemoveAllMarketDataOrdersVisitor - [ORDERBOOK] Removing level:110
23:15:22.481 [main] INFO  c.o.v.MutatingRemoveAllMarketDataOrdersVisitor - [ORDERBOOK] Removing market data order:MktData(price=119,quantity=5600)
23:15:22.481 [main] INFO  c.o.v.MutatingRemoveAllMarketDataOrdersVisitor - [ORDERBOOK] Removing level:119
23:15:22.481 [main] INFO  c.o.v.MutatingRemoveAllMarketDataOrdersVisitor - [ORDERBOOK] Removing market data order:MktData(price=123,quantity=453)
23:15:22.481 [main] INFO  c.o.v.MutatingRemoveAllMarketDataOrdersVisitor - [ORDERBOOK] Removing level:123
23:15:22.481 [main] INFO  c.o.v.MutatingRemoveAllMarketDataOrdersVisitor - [ORDERBOOK] Removing market data order:MktData(price=144,quantity=645)
23:15:22.481 [main] INFO  c.o.v.MutatingRemoveAllMarketDataOrdersVisitor - [ORDERBOOK] Removing level:144
23:15:22.481 [main] INFO  c.o.v.MutatingRemoveAllMarketDataOrdersVisitor - [ORDERBOOK] Removing market data order:MktData(price=167,quantity=665)
23:15:22.481 [main] INFO  c.o.v.MutatingRemoveAllMarketDataOrdersVisitor - [ORDERBOOK] Removing level:167
23:15:22.481 [main] DEBUG c.orderbook.OrderBook - [ORDERBOOK] ASK: Adding orderMktData(price=98,quantity=501)
23:15:22.481 [main] DEBUG c.orderbook.OrderBook - [ORDERBOOK] ASK: Adding orderMktData(price=101,quantity=200)
23:15:22.481 [main] DEBUG c.orderbook.OrderBook - [ORDERBOOK] ASK: Adding orderMktData(price=110,quantity=5000)
23:15:22.481 [main] DEBUG c.orderbook.OrderBook - [ORDERBOOK] ASK: Adding orderMktData(price=119,quantity=5600)
23:15:22.481 [main] DEBUG c.orderbook.OrderBook - [ORDERBOOK] ASK: Adding orderMktData(price=123,quantity=453)
23:15:22.481 [main] DEBUG c.orderbook.OrderBook - [ORDERBOOK] ASK: Adding orderMktData(price=144,quantity=645)
23:15:22.481 [main] DEBUG c.orderbook.OrderBook - [ORDERBOOK] ASK: Adding orderMktData(price=167,quantity=665)
23:15:22.481 [main] DEBUG c.service.MarketDataService - [ALGO] BID: price:43 quantity:134
23:15:22.481 [main] DEBUG c.service.MarketDataService - [ALGO] BID: price:76 quantity:145
23:15:22.481 [main] DEBUG c.service.MarketDataService - [ALGO] BID: price:91 quantity:300
23:15:22.481 [main] DEBUG c.service.MarketDataService - [ALGO] BID: price:93 quantity:200
23:15:22.481 [main] DEBUG c.service.MarketDataService - [ALGO] BID: price:95 quantity:100
23:15:22.481 [main] DEBUG c.service.MarketDataService - [ALGO] BID: price:98 quantity:154
23:15:22.481 [main] DEBUG c.service.MarketDataService - [ALGO] ASK: price:98 quantity:501
23:15:22.481 [main] DEBUG c.service.MarketDataService - [ALGO] ASK: price:101 quantity:200
23:15:22.481 [main] DEBUG c.service.MarketDataService - [ALGO] ASK: price:110 quantity:5000
23:15:22.481 [main] DEBUG c.service.MarketDataService - [ALGO] ASK: price:119 quantity:5600
23:15:22.481 [main] DEBUG c.service.MarketDataService - [ALGO] ASK: price:123 quantity:453
23:15:22.481 [main] DEBUG c.service.MarketDataService - [ALGO] ASK: price:144 quantity:645
23:15:22.482 [main] DEBUG c.service.MarketDataService - [ALGO] ASK: price:167 quantity:665
23:15:22.482 [main] INFO  c.gettingstarted.MyAlgoLogic - [MYALGO] The state of the order book is:
|----BID-----||----ASK----|
    134 @ 43    501 @ 98
    145 @ 76   200 @ 101
    300 @ 91  5000 @ 110
    200 @ 93  5600 @ 119
    100 @ 95   453 @ 123
    154 @ 98   645 @ 144
          -    665 @ 167
|------------||-----------|

23:15:22.482 [main] INFO  c.gettingstarted.MyAlgoLogic - [MYALGO] Algo Sees Book as: 
|----BID-----||----ASK----|
    134 @ 43    501 @ 98
    145 @ 76   200 @ 101
    300 @ 91  5000 @ 110
    200 @ 93  5600 @ 119
    100 @ 95   453 @ 123
    154 @ 98   645 @ 144
          -    665 @ 167
|------------||-----------|

23:15:22.482 [main] INFO  c.gettingstarted.TimedLogic - [TIMEDLOGIC] Market is closed
23:15:22.482 [main] INFO  c.sequencer.consumer.LoggingConsumer - [119] 
|----BID-----|
    134 @ 43
    145 @ 76
    300 @ 91
    200 @ 93
    100 @ 95
    154 @ 98
|----ASK-----|
    501 @ 98
   200 @ 101
  5000 @ 110
  5600 @ 119
   453 @ 123
   645 @ 144
   665 @ 167

23:15:22.483 [main] INFO  c.orderbook.OrderBook - [ORDERBOOK] Processing Mkt Data Update
23:15:22.483 [main] INFO  c.o.v.MutatingRemoveAllMarketDataOrdersVisitor - [ORDERBOOK] Removing market data order:MktData(price=43,quantity=134)
23:15:22.483 [main] INFO  c.o.v.MutatingRemoveAllMarketDataOrdersVisitor - [ORDERBOOK] Removing level:43
23:15:22.483 [main] DEBUG c.orderbook.OrderBook - [ORDERBOOK] ASK: Adding orderMktData(price=43,quantity=134)
23:15:22.483 [main] DEBUG c.orderbook.OrderBook - [ORDERBOOK] ASK: Adding orderMktData(price=76,quantity=145)
23:15:22.483 [main] DEBUG c.orderbook.OrderBook - [ORDERBOOK] ASK: Adding orderMktData(price=91,quantity=300)
23:15:22.483 [main] DEBUG c.orderbook.OrderBook - [ORDERBOOK] ASK: Adding orderMktData(price=93,quantity=200)
23:15:22.483 [main] DEBUG c.orderbook.OrderBook - [ORDERBOOK] ASK: Adding orderMktData(price=95,quantity=100)
23:15:22.483 [main] DEBUG c.orderbook.OrderBook - [ORDERBOOK] ASK: Adding orderMktData(price=98,quantity=154)
23:15:22.483 [main] INFO  c.o.v.MutatingMatchOneMarketDataOrderVisitor - [ORDERBOOK] visiting LevelOrderBookLevel(price=43,quantity=134)
23:15:22.483 [main] INFO  c.o.v.MutatingMatchOneMarketDataOrderVisitor - [ORDERBOOK] Can't match order:MktData(price=43,quantity=134)(MktData(price=98,quantity=154))
23:15:22.483 [main] INFO  c.o.v.MutatingRemoveAllMarketDataOrdersVisitor - [ORDERBOOK] Removing market data order:MktData(price=98,quantity=501)
23:15:22.483 [main] INFO  c.o.v.MutatingRemoveAllMarketDataOrdersVisitor - [ORDERBOOK] Removing level:98
23:15:22.483 [main] INFO  c.o.v.MutatingRemoveAllMarketDataOrdersVisitor - [ORDERBOOK] Removing market data order:MktData(price=101,quantity=200)
23:15:22.483 [main] INFO  c.o.v.MutatingRemoveAllMarketDataOrdersVisitor - [ORDERBOOK] Removing level:101
23:15:22.483 [main] INFO  c.o.v.MutatingRemoveAllMarketDataOrdersVisitor - [ORDERBOOK] Removing market data order:MktData(price=110,quantity=5000)
23:15:22.483 [main] INFO  c.o.v.MutatingRemoveAllMarketDataOrdersVisitor - [ORDERBOOK] Removing level:110
23:15:22.483 [main] INFO  c.o.v.MutatingRemoveAllMarketDataOrdersVisitor - [ORDERBOOK] Removing market data order:MktData(price=119,quantity=5600)
23:15:22.483 [main] INFO  c.o.v.MutatingRemoveAllMarketDataOrdersVisitor - [ORDERBOOK] Removing level:119
23:15:22.483 [main] INFO  c.o.v.MutatingRemoveAllMarketDataOrdersVisitor - [ORDERBOOK] Removing market data order:MktData(price=123,quantity=453)
23:15:22.483 [main] INFO  c.o.v.MutatingRemoveAllMarketDataOrdersVisitor - [ORDERBOOK] Removing level:123
23:15:22.483 [main] INFO  c.o.v.MutatingRemoveAllMarketDataOrdersVisitor - [ORDERBOOK] Removing market data order:MktData(price=144,quantity=645)
23:15:22.483 [main] INFO  c.o.v.MutatingRemoveAllMarketDataOrdersVisitor - [ORDERBOOK] Removing level:144
23:15:22.483 [main] INFO  c.o.v.MutatingRemoveAllMarketDataOrdersVisitor - [ORDERBOOK] Removing market data order:MktData(price=167,quantity=665)
23:15:22.483 [main] INFO  c.o.v.MutatingRemoveAllMarketDataOrdersVisitor - [ORDERBOOK] Removing level:167
23:15:22.483 [main] DEBUG c.orderbook.OrderBook - [ORDERBOOK] ASK: Adding orderMktData(price=98,quantity=501)
23:15:22.483 [main] DEBUG c.orderbook.OrderBook - [ORDERBOOK] ASK: Adding orderMktData(price=101,quantity=200)
23:15:22.483 [main] DEBUG c.orderbook.OrderBook - [ORDERBOOK] ASK: Adding orderMktData(price=110,quantity=5000)
23:15:22.483 [main] DEBUG c.orderbook.OrderBook - [ORDERBOOK] ASK: Adding orderMktData(price=119,quantity=5600)
23:15:22.483 [main] DEBUG c.orderbook.OrderBook - [ORDERBOOK] ASK: Adding orderMktData(price=123,quantity=453)
23:15:22.483 [main] DEBUG c.orderbook.OrderBook - [ORDERBOOK] ASK: Adding orderMktData(price=144,quantity=645)
23:15:22.483 [main] DEBUG c.orderbook.OrderBook - [ORDERBOOK] ASK: Adding orderMktData(price=167,quantity=665)
23:15:22.483 [main] DEBUG c.service.MarketDataService - [ALGO] BID: price:43 quantity:134
23:15:22.483 [main] DEBUG c.service.MarketDataService - [ALGO] BID: price:76 quantity:145
23:15:22.483 [main] DEBUG c.service.MarketDataService - [ALGO] BID: price:91 quantity:300
23:15:22.483 [main] DEBUG c.service.MarketDataService - [ALGO] BID: price:93 quantity:200
23:15:22.483 [main] DEBUG c.service.MarketDataService - [ALGO] BID: price:95 quantity:100
23:15:22.483 [main] DEBUG c.service.MarketDataService - [ALGO] BID: price:98 quantity:154
23:15:22.483 [main] DEBUG c.service.MarketDataService - [ALGO] ASK: price:98 quantity:501
23:15:22.483 [main] DEBUG c.service.MarketDataService - [ALGO] ASK: price:101 quantity:200
23:15:22.483 [main] DEBUG c.service.MarketDataService - [ALGO] ASK: price:110 quantity:5000
23:15:22.483 [main] DEBUG c.service.MarketDataService - [ALGO] ASK: price:119 quantity:5600
23:15:22.483 [main] DEBUG c.service.MarketDataService - [ALGO] ASK: price:123 quantity:453
23:15:22.483 [main] DEBUG c.service.MarketDataService - [ALGO] ASK: price:144 quantity:645
23:15:22.483 [main] DEBUG c.service.MarketDataService - [ALGO] ASK: price:167 quantity:665
23:15:22.483 [main] INFO  c.gettingstarted.MyAlgoLogic - [MYALGO] The state of the order book is:
|----BID-----||----ASK----|
    134 @ 43    501 @ 98
    145 @ 76   200 @ 101
    300 @ 91  5000 @ 110
    200 @ 93  5600 @ 119
    100 @ 95   453 @ 123
    154 @ 98   645 @ 144
          -    665 @ 167
|------------||-----------|

23:15:22.483 [main] INFO  c.gettingstarted.MyAlgoLogic - [MYALGO] Algo Sees Book as: 
|----BID-----||----ASK----|
    134 @ 43    501 @ 98
    145 @ 76   200 @ 101
    300 @ 91  5000 @ 110
    200 @ 93  5600 @ 119
    100 @ 95   453 @ 123
    154 @ 98   645 @ 144
          -    665 @ 167
|------------||-----------|

23:15:22.483 [main] INFO  c.gettingstarted.TimedLogic - [TIMEDLOGIC] Market is closed
23:15:22.483 [main] INFO  c.sequencer.consumer.LoggingConsumer - [120] 
|----BID-----|
    134 @ 43
    145 @ 76
    300 @ 91
    200 @ 93
    100 @ 95
    154 @ 98
|----ASK-----|
    501 @ 98
   200 @ 101
  5000 @ 110
  5600 @ 119
   453 @ 123
   645 @ 144
   665 @ 167

23:15:22.483 [main] INFO  c.orderbook.OrderBook - [ORDERBOOK] Processing Mkt Data Update
23:15:22.483 [main] INFO  c.o.v.MutatingRemoveAllMarketDataOrdersVisitor - [ORDERBOOK] Removing market data order:MktData(price=43,quantity=134)
23:15:22.483 [main] INFO  c.o.v.MutatingRemoveAllMarketDataOrdersVisitor - [ORDERBOOK] Removing level:43
23:15:22.483 [main] DEBUG c.orderbook.OrderBook - [ORDERBOOK] ASK: Adding orderMktData(price=43,quantity=134)
23:15:22.483 [main] DEBUG c.orderbook.OrderBook - [ORDERBOOK] ASK: Adding orderMktData(price=76,quantity=145)
23:15:22.483 [main] DEBUG c.orderbook.OrderBook - [ORDERBOOK] ASK: Adding orderMktData(price=91,quantity=300)
23:15:22.483 [main] DEBUG c.orderbook.OrderBook - [ORDERBOOK] ASK: Adding orderMktData(price=93,quantity=200)
23:15:22.483 [main] DEBUG c.orderbook.OrderBook - [ORDERBOOK] ASK: Adding orderMktData(price=95,quantity=100)
23:15:22.483 [main] DEBUG c.orderbook.OrderBook - [ORDERBOOK] ASK: Adding orderMktData(price=98,quantity=154)
23:15:22.483 [main] INFO  c.o.v.MutatingMatchOneMarketDataOrderVisitor - [ORDERBOOK] visiting LevelOrderBookLevel(price=43,quantity=134)
23:15:22.483 [main] INFO  c.o.v.MutatingMatchOneMarketDataOrderVisitor - [ORDERBOOK] Can't match order:MktData(price=43,quantity=134)(MktData(price=98,quantity=154))
23:15:22.483 [main] INFO  c.o.v.MutatingRemoveAllMarketDataOrdersVisitor - [ORDERBOOK] Removing market data order:MktData(price=98,quantity=501)
23:15:22.483 [main] INFO  c.o.v.MutatingRemoveAllMarketDataOrdersVisitor - [ORDERBOOK] Removing level:98
23:15:22.483 [main] INFO  c.o.v.MutatingRemoveAllMarketDataOrdersVisitor - [ORDERBOOK] Removing market data order:MktData(price=101,quantity=200)
23:15:22.483 [main] INFO  c.o.v.MutatingRemoveAllMarketDataOrdersVisitor - [ORDERBOOK] Removing level:101
23:15:22.483 [main] INFO  c.o.v.MutatingRemoveAllMarketDataOrdersVisitor - [ORDERBOOK] Removing market data order:MktData(price=110,quantity=5000)
23:15:22.483 [main] INFO  c.o.v.MutatingRemoveAllMarketDataOrdersVisitor - [ORDERBOOK] Removing level:110
23:15:22.483 [main] INFO  c.o.v.MutatingRemoveAllMarketDataOrdersVisitor - [ORDERBOOK] Removing market data order:MktData(price=119,quantity=5600)
23:15:22.483 [main] INFO  c.o.v.MutatingRemoveAllMarketDataOrdersVisitor - [ORDERBOOK] Removing level:119
23:15:22.483 [main] INFO  c.o.v.MutatingRemoveAllMarketDataOrdersVisitor - [ORDERBOOK] Removing market data order:MktData(price=123,quantity=453)
23:15:22.483 [main] INFO  c.o.v.MutatingRemoveAllMarketDataOrdersVisitor - [ORDERBOOK] Removing level:123
23:15:22.483 [main] INFO  c.o.v.MutatingRemoveAllMarketDataOrdersVisitor - [ORDERBOOK] Removing market data order:MktData(price=144,quantity=645)
23:15:22.483 [main] INFO  c.o.v.MutatingRemoveAllMarketDataOrdersVisitor - [ORDERBOOK] Removing level:144
23:15:22.483 [main] INFO  c.o.v.MutatingRemoveAllMarketDataOrdersVisitor - [ORDERBOOK] Removing market data order:MktData(price=167,quantity=665)
23:15:22.489 [main] INFO  c.o.v.MutatingRemoveAllMarketDataOrdersVisitor - [ORDERBOOK] Removing level:167
23:15:22.489 [main] DEBUG c.orderbook.OrderBook - [ORDERBOOK] ASK: Adding orderMktData(price=98,quantity=501)
23:15:22.489 [main] DEBUG c.orderbook.OrderBook - [ORDERBOOK] ASK: Adding orderMktData(price=101,quantity=200)
23:15:22.489 [main] DEBUG c.orderbook.OrderBook - [ORDERBOOK] ASK: Adding orderMktData(price=110,quantity=5000)
23:15:22.489 [main] DEBUG c.orderbook.OrderBook - [ORDERBOOK] ASK: Adding orderMktData(price=119,quantity=5600)
23:15:22.489 [main] DEBUG c.orderbook.OrderBook - [ORDERBOOK] ASK: Adding orderMktData(price=123,quantity=453)
23:15:22.489 [main] DEBUG c.orderbook.OrderBook - [ORDERBOOK] ASK: Adding orderMktData(price=144,quantity=645)
23:15:22.489 [main] DEBUG c.orderbook.OrderBook - [ORDERBOOK] ASK: Adding orderMktData(price=167,quantity=665)
23:15:22.489 [main] DEBUG c.service.MarketDataService - [ALGO] BID: price:43 quantity:134
23:15:22.489 [main] DEBUG c.service.MarketDataService - [ALGO] BID: price:76 quantity:145
23:15:22.489 [main] DEBUG c.service.MarketDataService - [ALGO] BID: price:91 quantity:300
23:15:22.489 [main] DEBUG c.service.MarketDataService - [ALGO] BID: price:93 quantity:200
23:15:22.489 [main] DEBUG c.service.MarketDataService - [ALGO] BID: price:95 quantity:100
23:15:22.489 [main] DEBUG c.service.MarketDataService - [ALGO] BID: price:98 quantity:154
23:15:22.489 [main] DEBUG c.service.MarketDataService - [ALGO] ASK: price:98 quantity:501
23:15:22.489 [main] DEBUG c.service.MarketDataService - [ALGO] ASK: price:101 quantity:200
23:15:22.489 [main] DEBUG c.service.MarketDataService - [ALGO] ASK: price:110 quantity:5000
23:15:22.489 [main] DEBUG c.service.MarketDataService - [ALGO] ASK: price:119 quantity:5600
23:15:22.489 [main] DEBUG c.service.MarketDataService - [ALGO] ASK: price:123 quantity:453
23:15:22.489 [main] DEBUG c.service.MarketDataService - [ALGO] ASK: price:144 quantity:645
23:15:22.489 [main] DEBUG c.service.MarketDataService - [ALGO] ASK: price:167 quantity:665
23:15:22.489 [main] INFO  c.gettingstarted.MyAlgoLogic - [MYALGO] The state of the order book is:
|----BID-----||----ASK----|
    134 @ 43    501 @ 98
    145 @ 76   200 @ 101
    300 @ 91  5000 @ 110
    200 @ 93  5600 @ 119
    100 @ 95   453 @ 123
    154 @ 98   645 @ 144
          -    665 @ 167
|------------||-----------|

23:15:22.489 [main] INFO  c.gettingstarted.MyAlgoLogic - [MYALGO] Algo Sees Book as: 
|----BID-----||----ASK----|
    134 @ 43    501 @ 98
    145 @ 76   200 @ 101
    300 @ 91  5000 @ 110
    200 @ 93  5600 @ 119
    100 @ 95   453 @ 123
    154 @ 98   645 @ 144
          -    665 @ 167
|------------||-----------|

23:15:22.489 [main] INFO  c.gettingstarted.TimedLogic - [TIMEDLOGIC] Market is closed
23:15:22.490 [main] INFO  c.sequencer.consumer.LoggingConsumer - [121] 
|----BID-----|
    134 @ 43
    145 @ 76
    300 @ 91
    200 @ 93
    100 @ 95
    154 @ 98
|----ASK-----|
    501 @ 98
   200 @ 101
  5000 @ 110
  5600 @ 119
   453 @ 123
   645 @ 144
   665 @ 167

23:15:22.490 [main] INFO  c.orderbook.OrderBook - [ORDERBOOK] Processing Mkt Data Update
23:15:22.490 [main] INFO  c.o.v.MutatingRemoveAllMarketDataOrdersVisitor - [ORDERBOOK] Removing market data order:MktData(price=43,quantity=134)
23:15:22.490 [main] INFO  c.o.v.MutatingRemoveAllMarketDataOrdersVisitor - [ORDERBOOK] Removing level:43
23:15:22.490 [main] DEBUG c.orderbook.OrderBook - [ORDERBOOK] ASK: Adding orderMktData(price=43,quantity=134)
23:15:22.490 [main] DEBUG c.orderbook.OrderBook - [ORDERBOOK] ASK: Adding orderMktData(price=76,quantity=145)
23:15:22.490 [main] DEBUG c.orderbook.OrderBook - [ORDERBOOK] ASK: Adding orderMktData(price=91,quantity=300)
23:15:22.490 [main] DEBUG c.orderbook.OrderBook - [ORDERBOOK] ASK: Adding orderMktData(price=93,quantity=200)
23:15:22.490 [main] DEBUG c.orderbook.OrderBook - [ORDERBOOK] ASK: Adding orderMktData(price=95,quantity=100)
23:15:22.490 [main] DEBUG c.orderbook.OrderBook - [ORDERBOOK] ASK: Adding orderMktData(price=98,quantity=154)
23:15:22.490 [main] INFO  c.o.v.MutatingMatchOneMarketDataOrderVisitor - [ORDERBOOK] visiting LevelOrderBookLevel(price=43,quantity=134)
23:15:22.490 [main] INFO  c.o.v.MutatingMatchOneMarketDataOrderVisitor - [ORDERBOOK] Can't match order:MktData(price=43,quantity=134)(MktData(price=98,quantity=154))
23:15:22.490 [main] INFO  c.o.v.MutatingRemoveAllMarketDataOrdersVisitor - [ORDERBOOK] Removing market data order:MktData(price=98,quantity=501)
23:15:22.490 [main] INFO  c.o.v.MutatingRemoveAllMarketDataOrdersVisitor - [ORDERBOOK] Removing level:98
23:15:22.490 [main] INFO  c.o.v.MutatingRemoveAllMarketDataOrdersVisitor - [ORDERBOOK] Removing market data order:MktData(price=101,quantity=200)
23:15:22.490 [main] INFO  c.o.v.MutatingRemoveAllMarketDataOrdersVisitor - [ORDERBOOK] Removing level:101
23:15:22.490 [main] INFO  c.o.v.MutatingRemoveAllMarketDataOrdersVisitor - [ORDERBOOK] Removing market data order:MktData(price=110,quantity=5000)
23:15:22.490 [main] INFO  c.o.v.MutatingRemoveAllMarketDataOrdersVisitor - [ORDERBOOK] Removing level:110
23:15:22.490 [main] INFO  c.o.v.MutatingRemoveAllMarketDataOrdersVisitor - [ORDERBOOK] Removing market data order:MktData(price=119,quantity=5600)
23:15:22.490 [main] INFO  c.o.v.MutatingRemoveAllMarketDataOrdersVisitor - [ORDERBOOK] Removing level:119
23:15:22.490 [main] INFO  c.o.v.MutatingRemoveAllMarketDataOrdersVisitor - [ORDERBOOK] Removing market data order:MktData(price=123,quantity=453)
23:15:22.490 [main] INFO  c.o.v.MutatingRemoveAllMarketDataOrdersVisitor - [ORDERBOOK] Removing level:123
23:15:22.490 [main] INFO  c.o.v.MutatingRemoveAllMarketDataOrdersVisitor - [ORDERBOOK] Removing market data order:MktData(price=144,quantity=645)
23:15:22.490 [main] INFO  c.o.v.MutatingRemoveAllMarketDataOrdersVisitor - [ORDERBOOK] Removing level:144
23:15:22.490 [main] INFO  c.o.v.MutatingRemoveAllMarketDataOrdersVisitor - [ORDERBOOK] Removing market data order:MktData(price=167,quantity=665)
23:15:22.490 [main] INFO  c.o.v.MutatingRemoveAllMarketDataOrdersVisitor - [ORDERBOOK] Removing level:167
23:15:22.490 [main] DEBUG c.orderbook.OrderBook - [ORDERBOOK] ASK: Adding orderMktData(price=98,quantity=501)
23:15:22.490 [main] DEBUG c.orderbook.OrderBook - [ORDERBOOK] ASK: Adding orderMktData(price=101,quantity=200)
23:15:22.492 [main] DEBUG c.orderbook.OrderBook - [ORDERBOOK] ASK: Adding orderMktData(price=110,quantity=5000)
23:15:22.493 [main] DEBUG c.orderbook.OrderBook - [ORDERBOOK] ASK: Adding orderMktData(price=119,quantity=5600)
23:15:22.493 [main] DEBUG c.orderbook.OrderBook - [ORDERBOOK] ASK: Adding orderMktData(price=123,quantity=453)
23:15:22.493 [main] DEBUG c.orderbook.OrderBook - [ORDERBOOK] ASK: Adding orderMktData(price=144,quantity=645)
23:15:22.493 [main] DEBUG c.orderbook.OrderBook - [ORDERBOOK] ASK: Adding orderMktData(price=167,quantity=665)
23:15:22.493 [main] DEBUG c.service.MarketDataService - [ALGO] BID: price:43 quantity:134
23:15:22.493 [main] DEBUG c.service.MarketDataService - [ALGO] BID: price:76 quantity:145
23:15:22.493 [main] DEBUG c.service.MarketDataService - [ALGO] BID: price:91 quantity:300
23:15:22.493 [main] DEBUG c.service.MarketDataService - [ALGO] BID: price:93 quantity:200
23:15:22.493 [main] DEBUG c.service.MarketDataService - [ALGO] BID: price:95 quantity:100
23:15:22.493 [main] DEBUG c.service.MarketDataService - [ALGO] BID: price:98 quantity:154
23:15:22.493 [main] DEBUG c.service.MarketDataService - [ALGO] ASK: price:98 quantity:501
23:15:22.493 [main] DEBUG c.service.MarketDataService - [ALGO] ASK: price:101 quantity:200
23:15:22.493 [main] DEBUG c.service.MarketDataService - [ALGO] ASK: price:110 quantity:5000
23:15:22.493 [main] DEBUG c.service.MarketDataService - [ALGO] ASK: price:119 quantity:5600
23:15:22.493 [main] DEBUG c.service.MarketDataService - [ALGO] ASK: price:123 quantity:453
23:15:22.493 [main] DEBUG c.service.MarketDataService - [ALGO] ASK: price:144 quantity:645
23:15:22.493 [main] DEBUG c.service.MarketDataService - [ALGO] ASK: price:167 quantity:665
23:15:22.493 [main] INFO  c.gettingstarted.MyAlgoLogic - [MYALGO] The state of the order book is:
|----BID-----||----ASK----|
    134 @ 43    501 @ 98
    145 @ 76   200 @ 101
    300 @ 91  5000 @ 110
    200 @ 93  5600 @ 119
    100 @ 95   453 @ 123
    154 @ 98   645 @ 144
          -    665 @ 167
|------------||-----------|

23:15:22.493 [main] INFO  c.gettingstarted.MyAlgoLogic - [MYALGO] Algo Sees Book as: 
|----BID-----||----ASK----|
    134 @ 43    501 @ 98
    145 @ 76   200 @ 101
    300 @ 91  5000 @ 110
    200 @ 93  5600 @ 119
    100 @ 95   453 @ 123
    154 @ 98   645 @ 144
          -    665 @ 167
|------------||-----------|

23:15:22.494 [main] INFO  c.gettingstarted.TimedLogic - [TIMEDLOGIC] Market is closed
23:15:22.494 [main] INFO  c.sequencer.consumer.LoggingConsumer - [122] 
|----BID-----|
    134 @ 43
    145 @ 76
    300 @ 91
    200 @ 93
    100 @ 95
    154 @ 98
|----ASK-----|
    501 @ 98
   200 @ 101
  5000 @ 110
  5600 @ 119
   453 @ 123
   645 @ 144
   665 @ 167

23:15:22.494 [main] INFO  c.orderbook.OrderBook - [ORDERBOOK] Processing Mkt Data Update
23:15:22.494 [main] INFO  c.o.v.MutatingRemoveAllMarketDataOrdersVisitor - [ORDERBOOK] Removing market data order:MktData(price=43,quantity=134)
23:15:22.494 [main] INFO  c.o.v.MutatingRemoveAllMarketDataOrdersVisitor - [ORDERBOOK] Removing level:43
23:15:22.494 [main] DEBUG c.orderbook.OrderBook - [ORDERBOOK] ASK: Adding orderMktData(price=43,quantity=134)
23:15:22.494 [main] DEBUG c.orderbook.OrderBook - [ORDERBOOK] ASK: Adding orderMktData(price=76,quantity=145)
23:15:22.494 [main] DEBUG c.orderbook.OrderBook - [ORDERBOOK] ASK: Adding orderMktData(price=91,quantity=300)
23:15:22.494 [main] DEBUG c.orderbook.OrderBook - [ORDERBOOK] ASK: Adding orderMktData(price=93,quantity=200)
23:15:22.494 [main] DEBUG c.orderbook.OrderBook - [ORDERBOOK] ASK: Adding orderMktData(price=95,quantity=100)
23:15:22.494 [main] DEBUG c.orderbook.OrderBook - [ORDERBOOK] ASK: Adding orderMktData(price=98,quantity=154)
23:15:22.494 [main] INFO  c.o.v.MutatingMatchOneMarketDataOrderVisitor - [ORDERBOOK] visiting LevelOrderBookLevel(price=43,quantity=134)
23:15:22.494 [main] INFO  c.o.v.MutatingMatchOneMarketDataOrderVisitor - [ORDERBOOK] Can't match order:MktData(price=43,quantity=134)(MktData(price=98,quantity=154))
23:15:22.494 [main] INFO  c.o.v.MutatingRemoveAllMarketDataOrdersVisitor - [ORDERBOOK] Removing market data order:MktData(price=98,quantity=501)
23:15:22.494 [main] INFO  c.o.v.MutatingRemoveAllMarketDataOrdersVisitor - [ORDERBOOK] Removing level:98
23:15:22.494 [main] INFO  c.o.v.MutatingRemoveAllMarketDataOrdersVisitor - [ORDERBOOK] Removing market data order:MktData(price=101,quantity=200)
23:15:22.494 [main] INFO  c.o.v.MutatingRemoveAllMarketDataOrdersVisitor - [ORDERBOOK] Removing level:101
23:15:22.494 [main] INFO  c.o.v.MutatingRemoveAllMarketDataOrdersVisitor - [ORDERBOOK] Removing market data order:MktData(price=110,quantity=5000)
23:15:22.494 [main] INFO  c.o.v.MutatingRemoveAllMarketDataOrdersVisitor - [ORDERBOOK] Removing level:110
23:15:22.494 [main] INFO  c.o.v.MutatingRemoveAllMarketDataOrdersVisitor - [ORDERBOOK] Removing market data order:MktData(price=119,quantity=5600)
23:15:22.494 [main] INFO  c.o.v.MutatingRemoveAllMarketDataOrdersVisitor - [ORDERBOOK] Removing level:119
23:15:22.494 [main] INFO  c.o.v.MutatingRemoveAllMarketDataOrdersVisitor - [ORDERBOOK] Removing market data order:MktData(price=123,quantity=453)
23:15:22.494 [main] INFO  c.o.v.MutatingRemoveAllMarketDataOrdersVisitor - [ORDERBOOK] Removing level:123
23:15:22.494 [main] INFO  c.o.v.MutatingRemoveAllMarketDataOrdersVisitor - [ORDERBOOK] Removing market data order:MktData(price=144,quantity=645)
23:15:22.494 [main] INFO  c.o.v.MutatingRemoveAllMarketDataOrdersVisitor - [ORDERBOOK] Removing level:144
23:15:22.494 [main] INFO  c.o.v.MutatingRemoveAllMarketDataOrdersVisitor - [ORDERBOOK] Removing market data order:MktData(price=167,quantity=665)
23:15:22.494 [main] INFO  c.o.v.MutatingRemoveAllMarketDataOrdersVisitor - [ORDERBOOK] Removing level:167
23:15:22.494 [main] DEBUG c.orderbook.OrderBook - [ORDERBOOK] ASK: Adding orderMktData(price=98,quantity=501)
23:15:22.494 [main] DEBUG c.orderbook.OrderBook - [ORDERBOOK] ASK: Adding orderMktData(price=101,quantity=200)
23:15:22.494 [main] DEBUG c.orderbook.OrderBook - [ORDERBOOK] ASK: Adding orderMktData(price=110,quantity=5000)
23:15:22.494 [main] DEBUG c.orderbook.OrderBook - [ORDERBOOK] ASK: Adding orderMktData(price=119,quantity=5600)
23:15:22.494 [main] DEBUG c.orderbook.OrderBook - [ORDERBOOK] ASK: Adding orderMktData(price=123,quantity=453)
23:15:22.494 [main] DEBUG c.orderbook.OrderBook - [ORDERBOOK] ASK: Adding orderMktData(price=144,quantity=645)
23:15:22.494 [main] DEBUG c.orderbook.OrderBook - [ORDERBOOK] ASK: Adding orderMktData(price=167,quantity=665)
23:15:22.494 [main] DEBUG c.service.MarketDataService - [ALGO] BID: price:43 quantity:134
23:15:22.494 [main] DEBUG c.service.MarketDataService - [ALGO] BID: price:76 quantity:145
23:15:22.494 [main] DEBUG c.service.MarketDataService - [ALGO] BID: price:91 quantity:300
23:15:22.494 [main] DEBUG c.service.MarketDataService - [ALGO] BID: price:93 quantity:200
23:15:22.494 [main] DEBUG c.service.MarketDataService - [ALGO] BID: price:95 quantity:100
23:15:22.494 [main] DEBUG c.service.MarketDataService - [ALGO] BID: price:98 quantity:154
23:15:22.494 [main] DEBUG c.service.MarketDataService - [ALGO] ASK: price:98 quantity:501
23:15:22.494 [main] DEBUG c.service.MarketDataService - [ALGO] ASK: price:101 quantity:200
23:15:22.494 [main] DEBUG c.service.MarketDataService - [ALGO] ASK: price:110 quantity:5000
23:15:22.494 [main] DEBUG c.service.MarketDataService - [ALGO] ASK: price:119 quantity:5600
23:15:22.494 [main] DEBUG c.service.MarketDataService - [ALGO] ASK: price:123 quantity:453
23:15:22.494 [main] DEBUG c.service.MarketDataService - [ALGO] ASK: price:144 quantity:645
23:15:22.494 [main] DEBUG c.service.MarketDataService - [ALGO] ASK: price:167 quantity:665
23:15:22.494 [main] INFO  c.gettingstarted.MyAlgoLogic - [MYALGO] The state of the order book is:
|----BID-----||----ASK----|
    134 @ 43    501 @ 98
    145 @ 76   200 @ 101
    300 @ 91  5000 @ 110
    200 @ 93  5600 @ 119
    100 @ 95   453 @ 123
    154 @ 98   645 @ 144
          -    665 @ 167
|------------||-----------|

23:15:22.494 [main] INFO  c.gettingstarted.MyAlgoLogic - [MYALGO] Algo Sees Book as: 
|----BID-----||----ASK----|
    134 @ 43    501 @ 98
    145 @ 76   200 @ 101
    300 @ 91  5000 @ 110
    200 @ 93  5600 @ 119
    100 @ 95   453 @ 123
    154 @ 98   645 @ 144
          -    665 @ 167
|------------||-----------|

23:15:22.494 [main] INFO  c.gettingstarted.TimedLogic - [TIMEDLOGIC] Market is closed
23:15:22.495 [main] INFO  c.sequencer.consumer.LoggingConsumer - [123] 
|----BID-----|
    134 @ 43
    145 @ 76
    300 @ 91
    200 @ 93
    100 @ 95
    154 @ 98
|----ASK-----|
    501 @ 98
   200 @ 101
  5000 @ 110
  5600 @ 119
   453 @ 123
   645 @ 144
   665 @ 167

23:15:22.495 [main] INFO  c.orderbook.OrderBook - [ORDERBOOK] Processing Mkt Data Update
23:15:22.495 [main] INFO  c.o.v.MutatingRemoveAllMarketDataOrdersVisitor - [ORDERBOOK] Removing market data order:MktData(price=43,quantity=134)
23:15:22.495 [main] INFO  c.o.v.MutatingRemoveAllMarketDataOrdersVisitor - [ORDERBOOK] Removing level:43
23:15:22.495 [main] DEBUG c.orderbook.OrderBook - [ORDERBOOK] ASK: Adding orderMktData(price=43,quantity=134)
23:15:22.495 [main] DEBUG c.orderbook.OrderBook - [ORDERBOOK] ASK: Adding orderMktData(price=76,quantity=145)
23:15:22.495 [main] DEBUG c.orderbook.OrderBook - [ORDERBOOK] ASK: Adding orderMktData(price=91,quantity=300)
23:15:22.495 [main] DEBUG c.orderbook.OrderBook - [ORDERBOOK] ASK: Adding orderMktData(price=93,quantity=200)
23:15:22.495 [main] DEBUG c.orderbook.OrderBook - [ORDERBOOK] ASK: Adding orderMktData(price=95,quantity=100)
23:15:22.495 [main] DEBUG c.orderbook.OrderBook - [ORDERBOOK] ASK: Adding orderMktData(price=98,quantity=154)
23:15:22.495 [main] INFO  c.o.v.MutatingMatchOneMarketDataOrderVisitor - [ORDERBOOK] visiting LevelOrderBookLevel(price=43,quantity=134)
23:15:22.495 [main] INFO  c.o.v.MutatingMatchOneMarketDataOrderVisitor - [ORDERBOOK] Can't match order:MktData(price=43,quantity=134)(MktData(price=98,quantity=154))
23:15:22.495 [main] INFO  c.o.v.MutatingRemoveAllMarketDataOrdersVisitor - [ORDERBOOK] Removing market data order:MktData(price=98,quantity=501)
23:15:22.495 [main] INFO  c.o.v.MutatingRemoveAllMarketDataOrdersVisitor - [ORDERBOOK] Removing level:98
23:15:22.495 [main] INFO  c.o.v.MutatingRemoveAllMarketDataOrdersVisitor - [ORDERBOOK] Removing market data order:MktData(price=101,quantity=200)
23:15:22.495 [main] INFO  c.o.v.MutatingRemoveAllMarketDataOrdersVisitor - [ORDERBOOK] Removing level:101
23:15:22.495 [main] INFO  c.o.v.MutatingRemoveAllMarketDataOrdersVisitor - [ORDERBOOK] Removing market data order:MktData(price=110,quantity=5000)
23:15:22.495 [main] INFO  c.o.v.MutatingRemoveAllMarketDataOrdersVisitor - [ORDERBOOK] Removing level:110
23:15:22.495 [main] INFO  c.o.v.MutatingRemoveAllMarketDataOrdersVisitor - [ORDERBOOK] Removing market data order:MktData(price=119,quantity=5600)
23:15:22.495 [main] INFO  c.o.v.MutatingRemoveAllMarketDataOrdersVisitor - [ORDERBOOK] Removing level:119
23:15:22.495 [main] INFO  c.o.v.MutatingRemoveAllMarketDataOrdersVisitor - [ORDERBOOK] Removing market data order:MktData(price=123,quantity=453)
23:15:22.495 [main] INFO  c.o.v.MutatingRemoveAllMarketDataOrdersVisitor - [ORDERBOOK] Removing level:123
23:15:22.495 [main] INFO  c.o.v.MutatingRemoveAllMarketDataOrdersVisitor - [ORDERBOOK] Removing market data order:MktData(price=144,quantity=645)
23:15:22.495 [main] INFO  c.o.v.MutatingRemoveAllMarketDataOrdersVisitor - [ORDERBOOK] Removing level:144
23:15:22.495 [main] INFO  c.o.v.MutatingRemoveAllMarketDataOrdersVisitor - [ORDERBOOK] Removing market data order:MktData(price=167,quantity=665)
23:15:22.495 [main] INFO  c.o.v.MutatingRemoveAllMarketDataOrdersVisitor - [ORDERBOOK] Removing level:167
23:15:22.495 [main] DEBUG c.orderbook.OrderBook - [ORDERBOOK] ASK: Adding orderMktData(price=98,quantity=501)
23:15:22.495 [main] DEBUG c.orderbook.OrderBook - [ORDERBOOK] ASK: Adding orderMktData(price=101,quantity=200)
23:15:22.495 [main] DEBUG c.orderbook.OrderBook - [ORDERBOOK] ASK: Adding orderMktData(price=110,quantity=5000)
23:15:22.495 [main] DEBUG c.orderbook.OrderBook - [ORDERBOOK] ASK: Adding orderMktData(price=119,quantity=5600)
23:15:22.495 [main] DEBUG c.orderbook.OrderBook - [ORDERBOOK] ASK: Adding orderMktData(price=123,quantity=453)
23:15:22.495 [main] DEBUG c.orderbook.OrderBook - [ORDERBOOK] ASK: Adding orderMktData(price=144,quantity=645)
23:15:22.495 [main] DEBUG c.orderbook.OrderBook - [ORDERBOOK] ASK: Adding orderMktData(price=167,quantity=665)
23:15:22.495 [main] DEBUG c.service.MarketDataService - [ALGO] BID: price:43 quantity:134
23:15:22.495 [main] DEBUG c.service.MarketDataService - [ALGO] BID: price:76 quantity:145
23:15:22.495 [main] DEBUG c.service.MarketDataService - [ALGO] BID: price:91 quantity:300
23:15:22.495 [main] DEBUG c.service.MarketDataService - [ALGO] BID: price:93 quantity:200
23:15:22.495 [main] DEBUG c.service.MarketDataService - [ALGO] BID: price:95 quantity:100
23:15:22.495 [main] DEBUG c.service.MarketDataService - [ALGO] BID: price:98 quantity:154
23:15:22.495 [main] DEBUG c.service.MarketDataService - [ALGO] ASK: price:98 quantity:501
23:15:22.495 [main] DEBUG c.service.MarketDataService - [ALGO] ASK: price:101 quantity:200
23:15:22.495 [main] DEBUG c.service.MarketDataService - [ALGO] ASK: price:110 quantity:5000
23:15:22.495 [main] DEBUG c.service.MarketDataService - [ALGO] ASK: price:119 quantity:5600
23:15:22.495 [main] DEBUG c.service.MarketDataService - [ALGO] ASK: price:123 quantity:453
23:15:22.495 [main] DEBUG c.service.MarketDataService - [ALGO] ASK: price:144 quantity:645
23:15:22.495 [main] DEBUG c.service.MarketDataService - [ALGO] ASK: price:167 quantity:665
23:15:22.495 [main] INFO  c.gettingstarted.MyAlgoLogic - [MYALGO] The state of the order book is:
|----BID-----||----ASK----|
    134 @ 43    501 @ 98
    145 @ 76   200 @ 101
    300 @ 91  5000 @ 110
    200 @ 93  5600 @ 119
    100 @ 95   453 @ 123
    154 @ 98   645 @ 144
          -    665 @ 167
|------------||-----------|

23:15:22.495 [main] INFO  c.gettingstarted.MyAlgoLogic - [MYALGO] Algo Sees Book as: 
|----BID-----||----ASK----|
    134 @ 43    501 @ 98
    145 @ 76   200 @ 101
    300 @ 91  5000 @ 110
    200 @ 93  5600 @ 119
    100 @ 95   453 @ 123
    154 @ 98   645 @ 144
          -    665 @ 167
|------------||-----------|

23:15:22.495 [main] INFO  c.gettingstarted.TimedLogic - [TIMEDLOGIC] Market is closed
23:15:22.496 [main] INFO  c.sequencer.consumer.LoggingConsumer - [124] 
|----BID-----|
    134 @ 43
    145 @ 76
    300 @ 91
    200 @ 93
    100 @ 95
    154 @ 98
|----ASK-----|
    501 @ 98
   200 @ 101
  5000 @ 110
  5600 @ 119
   453 @ 123
   645 @ 144
   665 @ 167

23:15:22.496 [main] INFO  c.orderbook.OrderBook - [ORDERBOOK] Processing Mkt Data Update
23:15:22.496 [main] INFO  c.o.v.MutatingRemoveAllMarketDataOrdersVisitor - [ORDERBOOK] Removing market data order:MktData(price=43,quantity=134)
23:15:22.496 [main] INFO  c.o.v.MutatingRemoveAllMarketDataOrdersVisitor - [ORDERBOOK] Removing level:43
23:15:22.496 [main] DEBUG c.orderbook.OrderBook - [ORDERBOOK] ASK: Adding orderMktData(price=43,quantity=134)
23:15:22.496 [main] DEBUG c.orderbook.OrderBook - [ORDERBOOK] ASK: Adding orderMktData(price=76,quantity=145)
23:15:22.496 [main] DEBUG c.orderbook.OrderBook - [ORDERBOOK] ASK: Adding orderMktData(price=91,quantity=300)
23:15:22.496 [main] DEBUG c.orderbook.OrderBook - [ORDERBOOK] ASK: Adding orderMktData(price=93,quantity=200)
23:15:22.496 [main] DEBUG c.orderbook.OrderBook - [ORDERBOOK] ASK: Adding orderMktData(price=95,quantity=100)
23:15:22.496 [main] DEBUG c.orderbook.OrderBook - [ORDERBOOK] ASK: Adding orderMktData(price=98,quantity=154)
23:15:22.496 [main] INFO  c.o.v.MutatingMatchOneMarketDataOrderVisitor - [ORDERBOOK] visiting LevelOrderBookLevel(price=43,quantity=134)
23:15:22.496 [main] INFO  c.o.v.MutatingMatchOneMarketDataOrderVisitor - [ORDERBOOK] Can't match order:MktData(price=43,quantity=134)(MktData(price=98,quantity=154))
23:15:22.496 [main] INFO  c.o.v.MutatingRemoveAllMarketDataOrdersVisitor - [ORDERBOOK] Removing market data order:MktData(price=98,quantity=501)
23:15:22.496 [main] INFO  c.o.v.MutatingRemoveAllMarketDataOrdersVisitor - [ORDERBOOK] Removing level:98
23:15:22.496 [main] INFO  c.o.v.MutatingRemoveAllMarketDataOrdersVisitor - [ORDERBOOK] Removing market data order:MktData(price=101,quantity=200)
23:15:22.496 [main] INFO  c.o.v.MutatingRemoveAllMarketDataOrdersVisitor - [ORDERBOOK] Removing level:101
23:15:22.496 [main] INFO  c.o.v.MutatingRemoveAllMarketDataOrdersVisitor - [ORDERBOOK] Removing market data order:MktData(price=110,quantity=5000)
23:15:22.496 [main] INFO  c.o.v.MutatingRemoveAllMarketDataOrdersVisitor - [ORDERBOOK] Removing level:110
23:15:22.496 [main] INFO  c.o.v.MutatingRemoveAllMarketDataOrdersVisitor - [ORDERBOOK] Removing market data order:MktData(price=119,quantity=5600)
23:15:22.496 [main] INFO  c.o.v.MutatingRemoveAllMarketDataOrdersVisitor - [ORDERBOOK] Removing level:119
23:15:22.496 [main] INFO  c.o.v.MutatingRemoveAllMarketDataOrdersVisitor - [ORDERBOOK] Removing market data order:MktData(price=123,quantity=453)
23:15:22.496 [main] INFO  c.o.v.MutatingRemoveAllMarketDataOrdersVisitor - [ORDERBOOK] Removing level:123
23:15:22.496 [main] INFO  c.o.v.MutatingRemoveAllMarketDataOrdersVisitor - [ORDERBOOK] Removing market data order:MktData(price=144,quantity=645)
23:15:22.496 [main] INFO  c.o.v.MutatingRemoveAllMarketDataOrdersVisitor - [ORDERBOOK] Removing level:144
23:15:22.496 [main] INFO  c.o.v.MutatingRemoveAllMarketDataOrdersVisitor - [ORDERBOOK] Removing market data order:MktData(price=167,quantity=665)
23:15:22.496 [main] INFO  c.o.v.MutatingRemoveAllMarketDataOrdersVisitor - [ORDERBOOK] Removing level:167
23:15:22.496 [main] DEBUG c.orderbook.OrderBook - [ORDERBOOK] ASK: Adding orderMktData(price=98,quantity=501)
23:15:22.496 [main] DEBUG c.orderbook.OrderBook - [ORDERBOOK] ASK: Adding orderMktData(price=101,quantity=200)
23:15:22.496 [main] DEBUG c.orderbook.OrderBook - [ORDERBOOK] ASK: Adding orderMktData(price=110,quantity=5000)
23:15:22.496 [main] DEBUG c.orderbook.OrderBook - [ORDERBOOK] ASK: Adding orderMktData(price=119,quantity=5600)
23:15:22.496 [main] DEBUG c.orderbook.OrderBook - [ORDERBOOK] ASK: Adding orderMktData(price=123,quantity=453)
23:15:22.496 [main] DEBUG c.orderbook.OrderBook - [ORDERBOOK] ASK: Adding orderMktData(price=144,quantity=645)
23:15:22.496 [main] DEBUG c.orderbook.OrderBook - [ORDERBOOK] ASK: Adding orderMktData(price=167,quantity=665)
23:15:22.496 [main] DEBUG c.service.MarketDataService - [ALGO] BID: price:43 quantity:134
23:15:22.496 [main] DEBUG c.service.MarketDataService - [ALGO] BID: price:76 quantity:145
23:15:22.496 [main] DEBUG c.service.MarketDataService - [ALGO] BID: price:91 quantity:300
23:15:22.496 [main] DEBUG c.service.MarketDataService - [ALGO] BID: price:93 quantity:200
23:15:22.496 [main] DEBUG c.service.MarketDataService - [ALGO] BID: price:95 quantity:100
23:15:22.496 [main] DEBUG c.service.MarketDataService - [ALGO] BID: price:98 quantity:154
23:15:22.496 [main] DEBUG c.service.MarketDataService - [ALGO] ASK: price:98 quantity:501
23:15:22.496 [main] DEBUG c.service.MarketDataService - [ALGO] ASK: price:101 quantity:200
23:15:22.496 [main] DEBUG c.service.MarketDataService - [ALGO] ASK: price:110 quantity:5000
23:15:22.496 [main] DEBUG c.service.MarketDataService - [ALGO] ASK: price:119 quantity:5600
23:15:22.496 [main] DEBUG c.service.MarketDataService - [ALGO] ASK: price:123 quantity:453
23:15:22.496 [main] DEBUG c.service.MarketDataService - [ALGO] ASK: price:144 quantity:645
23:15:22.496 [main] DEBUG c.service.MarketDataService - [ALGO] ASK: price:167 quantity:665
23:15:22.496 [main] INFO  c.gettingstarted.MyAlgoLogic - [MYALGO] The state of the order book is:
|----BID-----||----ASK----|
    134 @ 43    501 @ 98
    145 @ 76   200 @ 101
    300 @ 91  5000 @ 110
    200 @ 93  5600 @ 119
    100 @ 95   453 @ 123
    154 @ 98   645 @ 144
          -    665 @ 167
|------------||-----------|

23:15:22.496 [main] INFO  c.gettingstarted.MyAlgoLogic - [MYALGO] Algo Sees Book as: 
|----BID-----||----ASK----|
    134 @ 43    501 @ 98
    145 @ 76   200 @ 101
    300 @ 91  5000 @ 110
    200 @ 93  5600 @ 119
    100 @ 95   453 @ 123
    154 @ 98   645 @ 144
          -    665 @ 167
|------------||-----------|

23:15:22.497 [main] INFO  c.gettingstarted.TimedLogic - [TIMEDLOGIC] Market is closed
23:15:22.497 [main] INFO  c.sequencer.consumer.LoggingConsumer - [125] 
|----BID-----|
    134 @ 43
    145 @ 76
    300 @ 91
    200 @ 93
    100 @ 95
    154 @ 98
|----ASK-----|
    501 @ 98
   200 @ 101
  5000 @ 110
  5600 @ 119
   453 @ 123
   645 @ 144
   665 @ 167

23:15:22.497 [main] INFO  c.orderbook.OrderBook - [ORDERBOOK] Processing Mkt Data Update
23:15:22.497 [main] INFO  c.o.v.MutatingRemoveAllMarketDataOrdersVisitor - [ORDERBOOK] Removing market data order:MktData(price=43,quantity=134)
23:15:22.497 [main] INFO  c.o.v.MutatingRemoveAllMarketDataOrdersVisitor - [ORDERBOOK] Removing level:43
23:15:22.497 [main] DEBUG c.orderbook.OrderBook - [ORDERBOOK] ASK: Adding orderMktData(price=43,quantity=134)
23:15:22.497 [main] DEBUG c.orderbook.OrderBook - [ORDERBOOK] ASK: Adding orderMktData(price=76,quantity=145)
23:15:22.497 [main] DEBUG c.orderbook.OrderBook - [ORDERBOOK] ASK: Adding orderMktData(price=91,quantity=300)
23:15:22.497 [main] DEBUG c.orderbook.OrderBook - [ORDERBOOK] ASK: Adding orderMktData(price=93,quantity=200)
23:15:22.497 [main] DEBUG c.orderbook.OrderBook - [ORDERBOOK] ASK: Adding orderMktData(price=95,quantity=100)
23:15:22.497 [main] DEBUG c.orderbook.OrderBook - [ORDERBOOK] ASK: Adding orderMktData(price=98,quantity=154)
23:15:22.497 [main] INFO  c.o.v.MutatingMatchOneMarketDataOrderVisitor - [ORDERBOOK] visiting LevelOrderBookLevel(price=43,quantity=134)
23:15:22.497 [main] INFO  c.o.v.MutatingMatchOneMarketDataOrderVisitor - [ORDERBOOK] Can't match order:MktData(price=43,quantity=134)(MktData(price=98,quantity=154))
23:15:22.497 [main] INFO  c.o.v.MutatingRemoveAllMarketDataOrdersVisitor - [ORDERBOOK] Removing market data order:MktData(price=98,quantity=501)
23:15:22.497 [main] INFO  c.o.v.MutatingRemoveAllMarketDataOrdersVisitor - [ORDERBOOK] Removing level:98
23:15:22.497 [main] INFO  c.o.v.MutatingRemoveAllMarketDataOrdersVisitor - [ORDERBOOK] Removing market data order:MktData(price=101,quantity=200)
23:15:22.497 [main] INFO  c.o.v.MutatingRemoveAllMarketDataOrdersVisitor - [ORDERBOOK] Removing level:101
23:15:22.497 [main] INFO  c.o.v.MutatingRemoveAllMarketDataOrdersVisitor - [ORDERBOOK] Removing market data order:MktData(price=110,quantity=5000)
23:15:22.497 [main] INFO  c.o.v.MutatingRemoveAllMarketDataOrdersVisitor - [ORDERBOOK] Removing level:110
23:15:22.497 [main] INFO  c.o.v.MutatingRemoveAllMarketDataOrdersVisitor - [ORDERBOOK] Removing market data order:MktData(price=119,quantity=5600)
23:15:22.497 [main] INFO  c.o.v.MutatingRemoveAllMarketDataOrdersVisitor - [ORDERBOOK] Removing level:119
23:15:22.497 [main] INFO  c.o.v.MutatingRemoveAllMarketDataOrdersVisitor - [ORDERBOOK] Removing market data order:MktData(price=123,quantity=453)
23:15:22.497 [main] INFO  c.o.v.MutatingRemoveAllMarketDataOrdersVisitor - [ORDERBOOK] Removing level:123
23:15:22.497 [main] INFO  c.o.v.MutatingRemoveAllMarketDataOrdersVisitor - [ORDERBOOK] Removing market data order:MktData(price=144,quantity=645)
23:15:22.497 [main] INFO  c.o.v.MutatingRemoveAllMarketDataOrdersVisitor - [ORDERBOOK] Removing level:144
23:15:22.497 [main] INFO  c.o.v.MutatingRemoveAllMarketDataOrdersVisitor - [ORDERBOOK] Removing market data order:MktData(price=167,quantity=665)
23:15:22.497 [main] INFO  c.o.v.MutatingRemoveAllMarketDataOrdersVisitor - [ORDERBOOK] Removing level:167
23:15:22.497 [main] DEBUG c.orderbook.OrderBook - [ORDERBOOK] ASK: Adding orderMktData(price=98,quantity=501)
23:15:22.497 [main] DEBUG c.orderbook.OrderBook - [ORDERBOOK] ASK: Adding orderMktData(price=101,quantity=200)
23:15:22.497 [main] DEBUG c.orderbook.OrderBook - [ORDERBOOK] ASK: Adding orderMktData(price=110,quantity=5000)
23:15:22.497 [main] DEBUG c.orderbook.OrderBook - [ORDERBOOK] ASK: Adding orderMktData(price=119,quantity=5600)
23:15:22.497 [main] DEBUG c.orderbook.OrderBook - [ORDERBOOK] ASK: Adding orderMktData(price=123,quantity=453)
23:15:22.497 [main] DEBUG c.orderbook.OrderBook - [ORDERBOOK] ASK: Adding orderMktData(price=144,quantity=645)
23:15:22.497 [main] DEBUG c.orderbook.OrderBook - [ORDERBOOK] ASK: Adding orderMktData(price=167,quantity=665)
23:15:22.497 [main] DEBUG c.service.MarketDataService - [ALGO] BID: price:43 quantity:134
23:15:22.497 [main] DEBUG c.service.MarketDataService - [ALGO] BID: price:76 quantity:145
23:15:22.497 [main] DEBUG c.service.MarketDataService - [ALGO] BID: price:91 quantity:300
23:15:22.497 [main] DEBUG c.service.MarketDataService - [ALGO] BID: price:93 quantity:200
23:15:22.497 [main] DEBUG c.service.MarketDataService - [ALGO] BID: price:95 quantity:100
23:15:22.497 [main] DEBUG c.service.MarketDataService - [ALGO] BID: price:98 quantity:154
23:15:22.497 [main] DEBUG c.service.MarketDataService - [ALGO] ASK: price:98 quantity:501
23:15:22.497 [main] DEBUG c.service.MarketDataService - [ALGO] ASK: price:101 quantity:200
23:15:22.497 [main] DEBUG c.service.MarketDataService - [ALGO] ASK: price:110 quantity:5000
23:15:22.497 [main] DEBUG c.service.MarketDataService - [ALGO] ASK: price:119 quantity:5600
23:15:22.497 [main] DEBUG c.service.MarketDataService - [ALGO] ASK: price:123 quantity:453
23:15:22.497 [main] DEBUG c.service.MarketDataService - [ALGO] ASK: price:144 quantity:645
23:15:22.497 [main] DEBUG c.service.MarketDataService - [ALGO] ASK: price:167 quantity:665
23:15:22.497 [main] INFO  c.gettingstarted.MyAlgoLogic - [MYALGO] The state of the order book is:
|----BID-----||----ASK----|
    134 @ 43    501 @ 98
    145 @ 76   200 @ 101
    300 @ 91  5000 @ 110
    200 @ 93  5600 @ 119
    100 @ 95   453 @ 123
    154 @ 98   645 @ 144
          -    665 @ 167
|------------||-----------|

23:15:22.497 [main] INFO  c.gettingstarted.MyAlgoLogic - [MYALGO] Algo Sees Book as: 
|----BID-----||----ASK----|
    134 @ 43    501 @ 98
    145 @ 76   200 @ 101
    300 @ 91  5000 @ 110
    200 @ 93  5600 @ 119
    100 @ 95   453 @ 123
    154 @ 98   645 @ 144
          -    665 @ 167
|------------||-----------|

23:15:22.498 [main] INFO  c.gettingstarted.TimedLogic - [TIMEDLOGIC] Market is closed
23:15:22.498 [main] INFO  c.sequencer.consumer.LoggingConsumer - [126] 
|----BID-----|
    134 @ 43
    145 @ 76
    300 @ 91
    200 @ 93
    100 @ 95
    154 @ 98
|----ASK-----|
    501 @ 98
   200 @ 101
  5000 @ 110
  5600 @ 119
   453 @ 123
   645 @ 144
   665 @ 167

23:15:22.499 [main] INFO  c.orderbook.OrderBook - [ORDERBOOK] Processing Mkt Data Update
23:15:22.499 [main] INFO  c.o.v.MutatingRemoveAllMarketDataOrdersVisitor - [ORDERBOOK] Removing market data order:MktData(price=43,quantity=134)
23:15:22.499 [main] INFO  c.o.v.MutatingRemoveAllMarketDataOrdersVisitor - [ORDERBOOK] Removing level:43
23:15:22.499 [main] DEBUG c.orderbook.OrderBook - [ORDERBOOK] ASK: Adding orderMktData(price=43,quantity=134)
23:15:22.499 [main] DEBUG c.orderbook.OrderBook - [ORDERBOOK] ASK: Adding orderMktData(price=76,quantity=145)
23:15:22.499 [main] DEBUG c.orderbook.OrderBook - [ORDERBOOK] ASK: Adding orderMktData(price=91,quantity=300)
23:15:22.499 [main] DEBUG c.orderbook.OrderBook - [ORDERBOOK] ASK: Adding orderMktData(price=93,quantity=200)
23:15:22.499 [main] DEBUG c.orderbook.OrderBook - [ORDERBOOK] ASK: Adding orderMktData(price=95,quantity=100)
23:15:22.499 [main] DEBUG c.orderbook.OrderBook - [ORDERBOOK] ASK: Adding orderMktData(price=98,quantity=154)
23:15:22.499 [main] INFO  c.o.v.MutatingMatchOneMarketDataOrderVisitor - [ORDERBOOK] visiting LevelOrderBookLevel(price=43,quantity=134)
23:15:22.499 [main] INFO  c.o.v.MutatingMatchOneMarketDataOrderVisitor - [ORDERBOOK] Can't match order:MktData(price=43,quantity=134)(MktData(price=98,quantity=154))
23:15:22.499 [main] INFO  c.o.v.MutatingRemoveAllMarketDataOrdersVisitor - [ORDERBOOK] Removing market data order:MktData(price=98,quantity=501)
23:15:22.499 [main] INFO  c.o.v.MutatingRemoveAllMarketDataOrdersVisitor - [ORDERBOOK] Removing level:98
23:15:22.499 [main] INFO  c.o.v.MutatingRemoveAllMarketDataOrdersVisitor - [ORDERBOOK] Removing market data order:MktData(price=101,quantity=200)
23:15:22.499 [main] INFO  c.o.v.MutatingRemoveAllMarketDataOrdersVisitor - [ORDERBOOK] Removing level:101
23:15:22.499 [main] INFO  c.o.v.MutatingRemoveAllMarketDataOrdersVisitor - [ORDERBOOK] Removing market data order:MktData(price=110,quantity=5000)
23:15:22.499 [main] INFO  c.o.v.MutatingRemoveAllMarketDataOrdersVisitor - [ORDERBOOK] Removing level:110
23:15:22.499 [main] INFO  c.o.v.MutatingRemoveAllMarketDataOrdersVisitor - [ORDERBOOK] Removing market data order:MktData(price=119,quantity=5600)
23:15:22.499 [main] INFO  c.o.v.MutatingRemoveAllMarketDataOrdersVisitor - [ORDERBOOK] Removing level:119
23:15:22.499 [main] INFO  c.o.v.MutatingRemoveAllMarketDataOrdersVisitor - [ORDERBOOK] Removing market data order:MktData(price=123,quantity=453)
23:15:22.499 [main] INFO  c.o.v.MutatingRemoveAllMarketDataOrdersVisitor - [ORDERBOOK] Removing level:123
23:15:22.499 [main] INFO  c.o.v.MutatingRemoveAllMarketDataOrdersVisitor - [ORDERBOOK] Removing market data order:MktData(price=144,quantity=645)
23:15:22.499 [main] INFO  c.o.v.MutatingRemoveAllMarketDataOrdersVisitor - [ORDERBOOK] Removing level:144
23:15:22.499 [main] INFO  c.o.v.MutatingRemoveAllMarketDataOrdersVisitor - [ORDERBOOK] Removing market data order:MktData(price=167,quantity=665)
23:15:22.499 [main] INFO  c.o.v.MutatingRemoveAllMarketDataOrdersVisitor - [ORDERBOOK] Removing level:167
23:15:22.499 [main] DEBUG c.orderbook.OrderBook - [ORDERBOOK] ASK: Adding orderMktData(price=98,quantity=501)
23:15:22.499 [main] DEBUG c.orderbook.OrderBook - [ORDERBOOK] ASK: Adding orderMktData(price=101,quantity=200)
23:15:22.499 [main] DEBUG c.orderbook.OrderBook - [ORDERBOOK] ASK: Adding orderMktData(price=110,quantity=5000)
23:15:22.499 [main] DEBUG c.orderbook.OrderBook - [ORDERBOOK] ASK: Adding orderMktData(price=119,quantity=5600)
23:15:22.499 [main] DEBUG c.orderbook.OrderBook - [ORDERBOOK] ASK: Adding orderMktData(price=123,quantity=453)
23:15:22.499 [main] DEBUG c.orderbook.OrderBook - [ORDERBOOK] ASK: Adding orderMktData(price=144,quantity=645)
23:15:22.499 [main] DEBUG c.orderbook.OrderBook - [ORDERBOOK] ASK: Adding orderMktData(price=167,quantity=665)
23:15:22.499 [main] DEBUG c.service.MarketDataService - [ALGO] BID: price:43 quantity:134
23:15:22.499 [main] DEBUG c.service.MarketDataService - [ALGO] BID: price:76 quantity:145
23:15:22.499 [main] DEBUG c.service.MarketDataService - [ALGO] BID: price:91 quantity:300
23:15:22.499 [main] DEBUG c.service.MarketDataService - [ALGO] BID: price:93 quantity:200
23:15:22.499 [main] DEBUG c.service.MarketDataService - [ALGO] BID: price:95 quantity:100
23:15:22.499 [main] DEBUG c.service.MarketDataService - [ALGO] BID: price:98 quantity:154
23:15:22.499 [main] DEBUG c.service.MarketDataService - [ALGO] ASK: price:98 quantity:501
23:15:22.499 [main] DEBUG c.service.MarketDataService - [ALGO] ASK: price:101 quantity:200
23:15:22.499 [main] DEBUG c.service.MarketDataService - [ALGO] ASK: price:110 quantity:5000
23:15:22.499 [main] DEBUG c.service.MarketDataService - [ALGO] ASK: price:119 quantity:5600
23:15:22.499 [main] DEBUG c.service.MarketDataService - [ALGO] ASK: price:123 quantity:453
23:15:22.499 [main] DEBUG c.service.MarketDataService - [ALGO] ASK: price:144 quantity:645
23:15:22.499 [main] DEBUG c.service.MarketDataService - [ALGO] ASK: price:167 quantity:665
23:15:22.499 [main] INFO  c.gettingstarted.MyAlgoLogic - [MYALGO] The state of the order book is:
|----BID-----||----ASK----|
    134 @ 43    501 @ 98
    145 @ 76   200 @ 101
    300 @ 91  5000 @ 110
    200 @ 93  5600 @ 119
    100 @ 95   453 @ 123
    154 @ 98   645 @ 144
          -    665 @ 167
|------------||-----------|

23:15:22.499 [main] INFO  c.gettingstarted.MyAlgoLogic - [MYALGO] Algo Sees Book as: 
|----BID-----||----ASK----|
    134 @ 43    501 @ 98
    145 @ 76   200 @ 101
    300 @ 91  5000 @ 110
    200 @ 93  5600 @ 119
    100 @ 95   453 @ 123
    154 @ 98   645 @ 144
          -    665 @ 167
|------------||-----------|

23:15:22.499 [main] INFO  c.gettingstarted.TimedLogic - [TIMEDLOGIC] Market is closed
23:15:22.501 [main] INFO  c.sequencer.consumer.LoggingConsumer - [127] 
|----BID-----|
    134 @ 43
    145 @ 76
    300 @ 91
    200 @ 93
    100 @ 95
    154 @ 98
|----ASK-----|
    501 @ 98
   200 @ 101
  5000 @ 110
  5600 @ 119
   453 @ 123
   645 @ 144
   665 @ 167

23:15:22.502 [main] INFO  c.orderbook.OrderBook - [ORDERBOOK] Processing Mkt Data Update
23:15:22.502 [main] INFO  c.o.v.MutatingRemoveAllMarketDataOrdersVisitor - [ORDERBOOK] Removing market data order:MktData(price=43,quantity=134)
23:15:22.502 [main] INFO  c.o.v.MutatingRemoveAllMarketDataOrdersVisitor - [ORDERBOOK] Removing level:43
23:15:22.502 [main] DEBUG c.orderbook.OrderBook - [ORDERBOOK] ASK: Adding orderMktData(price=43,quantity=134)
23:15:22.502 [main] DEBUG c.orderbook.OrderBook - [ORDERBOOK] ASK: Adding orderMktData(price=76,quantity=145)
23:15:22.502 [main] DEBUG c.orderbook.OrderBook - [ORDERBOOK] ASK: Adding orderMktData(price=91,quantity=300)
23:15:22.502 [main] DEBUG c.orderbook.OrderBook - [ORDERBOOK] ASK: Adding orderMktData(price=93,quantity=200)
23:15:22.502 [main] DEBUG c.orderbook.OrderBook - [ORDERBOOK] ASK: Adding orderMktData(price=95,quantity=100)
23:15:22.502 [main] DEBUG c.orderbook.OrderBook - [ORDERBOOK] ASK: Adding orderMktData(price=98,quantity=154)
23:15:22.502 [main] INFO  c.o.v.MutatingMatchOneMarketDataOrderVisitor - [ORDERBOOK] visiting LevelOrderBookLevel(price=43,quantity=134)
23:15:22.502 [main] INFO  c.o.v.MutatingMatchOneMarketDataOrderVisitor - [ORDERBOOK] Can't match order:MktData(price=43,quantity=134)(MktData(price=98,quantity=154))
23:15:22.502 [main] INFO  c.o.v.MutatingRemoveAllMarketDataOrdersVisitor - [ORDERBOOK] Removing market data order:MktData(price=98,quantity=501)
23:15:22.502 [main] INFO  c.o.v.MutatingRemoveAllMarketDataOrdersVisitor - [ORDERBOOK] Removing level:98
23:15:22.502 [main] INFO  c.o.v.MutatingRemoveAllMarketDataOrdersVisitor - [ORDERBOOK] Removing market data order:MktData(price=101,quantity=200)
23:15:22.502 [main] INFO  c.o.v.MutatingRemoveAllMarketDataOrdersVisitor - [ORDERBOOK] Removing level:101
23:15:22.502 [main] INFO  c.o.v.MutatingRemoveAllMarketDataOrdersVisitor - [ORDERBOOK] Removing market data order:MktData(price=110,quantity=5000)
23:15:22.502 [main] INFO  c.o.v.MutatingRemoveAllMarketDataOrdersVisitor - [ORDERBOOK] Removing level:110
23:15:22.502 [main] INFO  c.o.v.MutatingRemoveAllMarketDataOrdersVisitor - [ORDERBOOK] Removing market data order:MktData(price=119,quantity=5600)
23:15:22.502 [main] INFO  c.o.v.MutatingRemoveAllMarketDataOrdersVisitor - [ORDERBOOK] Removing level:119
23:15:22.502 [main] INFO  c.o.v.MutatingRemoveAllMarketDataOrdersVisitor - [ORDERBOOK] Removing market data order:MktData(price=123,quantity=453)
23:15:22.502 [main] INFO  c.o.v.MutatingRemoveAllMarketDataOrdersVisitor - [ORDERBOOK] Removing level:123
23:15:22.502 [main] INFO  c.o.v.MutatingRemoveAllMarketDataOrdersVisitor - [ORDERBOOK] Removing market data order:MktData(price=144,quantity=645)
23:15:22.502 [main] INFO  c.o.v.MutatingRemoveAllMarketDataOrdersVisitor - [ORDERBOOK] Removing level:144
23:15:22.502 [main] INFO  c.o.v.MutatingRemoveAllMarketDataOrdersVisitor - [ORDERBOOK] Removing market data order:MktData(price=167,quantity=665)
23:15:22.502 [main] INFO  c.o.v.MutatingRemoveAllMarketDataOrdersVisitor - [ORDERBOOK] Removing level:167
23:15:22.502 [main] DEBUG c.orderbook.OrderBook - [ORDERBOOK] ASK: Adding orderMktData(price=98,quantity=501)
23:15:22.502 [main] DEBUG c.orderbook.OrderBook - [ORDERBOOK] ASK: Adding orderMktData(price=101,quantity=200)
23:15:22.502 [main] DEBUG c.orderbook.OrderBook - [ORDERBOOK] ASK: Adding orderMktData(price=110,quantity=5000)
23:15:22.502 [main] DEBUG c.orderbook.OrderBook - [ORDERBOOK] ASK: Adding orderMktData(price=119,quantity=5600)
23:15:22.502 [main] DEBUG c.orderbook.OrderBook - [ORDERBOOK] ASK: Adding orderMktData(price=123,quantity=453)
23:15:22.502 [main] DEBUG c.orderbook.OrderBook - [ORDERBOOK] ASK: Adding orderMktData(price=144,quantity=645)
23:15:22.502 [main] DEBUG c.orderbook.OrderBook - [ORDERBOOK] ASK: Adding orderMktData(price=167,quantity=665)
23:15:22.502 [main] DEBUG c.service.MarketDataService - [ALGO] BID: price:43 quantity:134
23:15:22.502 [main] DEBUG c.service.MarketDataService - [ALGO] BID: price:76 quantity:145
23:15:22.502 [main] DEBUG c.service.MarketDataService - [ALGO] BID: price:91 quantity:300
23:15:22.502 [main] DEBUG c.service.MarketDataService - [ALGO] BID: price:93 quantity:200
23:15:22.502 [main] DEBUG c.service.MarketDataService - [ALGO] BID: price:95 quantity:100
23:15:22.502 [main] DEBUG c.service.MarketDataService - [ALGO] BID: price:98 quantity:154
23:15:22.502 [main] DEBUG c.service.MarketDataService - [ALGO] ASK: price:98 quantity:501
23:15:22.502 [main] DEBUG c.service.MarketDataService - [ALGO] ASK: price:101 quantity:200
23:15:22.502 [main] DEBUG c.service.MarketDataService - [ALGO] ASK: price:110 quantity:5000
23:15:22.502 [main] DEBUG c.service.MarketDataService - [ALGO] ASK: price:119 quantity:5600
23:15:22.502 [main] DEBUG c.service.MarketDataService - [ALGO] ASK: price:123 quantity:453
23:15:22.502 [main] DEBUG c.service.MarketDataService - [ALGO] ASK: price:144 quantity:645
23:15:22.502 [main] DEBUG c.service.MarketDataService - [ALGO] ASK: price:167 quantity:665
23:15:22.503 [main] INFO  c.gettingstarted.MyAlgoLogic - [MYALGO] The state of the order book is:
|----BID-----||----ASK----|
    134 @ 43    501 @ 98
    145 @ 76   200 @ 101
    300 @ 91  5000 @ 110
    200 @ 93  5600 @ 119
    100 @ 95   453 @ 123
    154 @ 98   645 @ 144
          -    665 @ 167
|------------||-----------|

23:15:22.503 [main] INFO  c.gettingstarted.MyAlgoLogic - [MYALGO] Algo Sees Book as: 
|----BID-----||----ASK----|
    134 @ 43    501 @ 98
    145 @ 76   200 @ 101
    300 @ 91  5000 @ 110
    200 @ 93  5600 @ 119
    100 @ 95   453 @ 123
    154 @ 98   645 @ 144
          -    665 @ 167
|------------||-----------|

23:15:22.506 [main] INFO  c.gettingstarted.TimedLogic - [TIMEDLOGIC] Market is closed
23:15:22.508 [main] INFO  c.sequencer.consumer.LoggingConsumer - [128] 
|----BID-----|
    134 @ 43
    145 @ 76
    300 @ 91
    200 @ 93
    100 @ 95
    154 @ 98
|----ASK-----|
    501 @ 98
   200 @ 101
  5000 @ 110
  5600 @ 119
   453 @ 123
   645 @ 144
   665 @ 167

23:15:22.508 [main] INFO  c.orderbook.OrderBook - [ORDERBOOK] Processing Mkt Data Update
23:15:22.508 [main] INFO  c.o.v.MutatingRemoveAllMarketDataOrdersVisitor - [ORDERBOOK] Removing market data order:MktData(price=43,quantity=134)
23:15:22.508 [main] INFO  c.o.v.MutatingRemoveAllMarketDataOrdersVisitor - [ORDERBOOK] Removing level:43
23:15:22.508 [main] DEBUG c.orderbook.OrderBook - [ORDERBOOK] ASK: Adding orderMktData(price=43,quantity=134)
23:15:22.508 [main] DEBUG c.orderbook.OrderBook - [ORDERBOOK] ASK: Adding orderMktData(price=76,quantity=145)
23:15:22.508 [main] DEBUG c.orderbook.OrderBook - [ORDERBOOK] ASK: Adding orderMktData(price=91,quantity=300)
23:15:22.508 [main] DEBUG c.orderbook.OrderBook - [ORDERBOOK] ASK: Adding orderMktData(price=93,quantity=200)
23:15:22.508 [main] DEBUG c.orderbook.OrderBook - [ORDERBOOK] ASK: Adding orderMktData(price=95,quantity=100)
23:15:22.508 [main] DEBUG c.orderbook.OrderBook - [ORDERBOOK] ASK: Adding orderMktData(price=98,quantity=154)
23:15:22.508 [main] INFO  c.o.v.MutatingMatchOneMarketDataOrderVisitor - [ORDERBOOK] visiting LevelOrderBookLevel(price=43,quantity=134)
23:15:22.508 [main] INFO  c.o.v.MutatingMatchOneMarketDataOrderVisitor - [ORDERBOOK] Can't match order:MktData(price=43,quantity=134)(MktData(price=98,quantity=154))
23:15:22.510 [main] INFO  c.o.v.MutatingRemoveAllMarketDataOrdersVisitor - [ORDERBOOK] Removing market data order:MktData(price=98,quantity=501)
23:15:22.510 [main] INFO  c.o.v.MutatingRemoveAllMarketDataOrdersVisitor - [ORDERBOOK] Removing level:98
23:15:22.510 [main] INFO  c.o.v.MutatingRemoveAllMarketDataOrdersVisitor - [ORDERBOOK] Removing market data order:MktData(price=101,quantity=200)
23:15:22.510 [main] INFO  c.o.v.MutatingRemoveAllMarketDataOrdersVisitor - [ORDERBOOK] Removing level:101
23:15:22.510 [main] INFO  c.o.v.MutatingRemoveAllMarketDataOrdersVisitor - [ORDERBOOK] Removing market data order:MktData(price=110,quantity=5000)
23:15:22.510 [main] INFO  c.o.v.MutatingRemoveAllMarketDataOrdersVisitor - [ORDERBOOK] Removing level:110
23:15:22.510 [main] INFO  c.o.v.MutatingRemoveAllMarketDataOrdersVisitor - [ORDERBOOK] Removing market data order:MktData(price=119,quantity=5600)
23:15:22.510 [main] INFO  c.o.v.MutatingRemoveAllMarketDataOrdersVisitor - [ORDERBOOK] Removing level:119
23:15:22.510 [main] INFO  c.o.v.MutatingRemoveAllMarketDataOrdersVisitor - [ORDERBOOK] Removing market data order:MktData(price=123,quantity=453)
23:15:22.510 [main] INFO  c.o.v.MutatingRemoveAllMarketDataOrdersVisitor - [ORDERBOOK] Removing level:123
23:15:22.510 [main] INFO  c.o.v.MutatingRemoveAllMarketDataOrdersVisitor - [ORDERBOOK] Removing market data order:MktData(price=144,quantity=645)
23:15:22.510 [main] INFO  c.o.v.MutatingRemoveAllMarketDataOrdersVisitor - [ORDERBOOK] Removing level:144
23:15:22.510 [main] INFO  c.o.v.MutatingRemoveAllMarketDataOrdersVisitor - [ORDERBOOK] Removing market data order:MktData(price=167,quantity=665)
23:15:22.510 [main] INFO  c.o.v.MutatingRemoveAllMarketDataOrdersVisitor - [ORDERBOOK] Removing level:167
23:15:22.510 [main] DEBUG c.orderbook.OrderBook - [ORDERBOOK] ASK: Adding orderMktData(price=98,quantity=501)
23:15:22.511 [main] DEBUG c.orderbook.OrderBook - [ORDERBOOK] ASK: Adding orderMktData(price=101,quantity=200)
23:15:22.511 [main] DEBUG c.orderbook.OrderBook - [ORDERBOOK] ASK: Adding orderMktData(price=110,quantity=5000)
23:15:22.511 [main] DEBUG c.orderbook.OrderBook - [ORDERBOOK] ASK: Adding orderMktData(price=119,quantity=5600)
23:15:22.511 [main] DEBUG c.orderbook.OrderBook - [ORDERBOOK] ASK: Adding orderMktData(price=123,quantity=453)
23:15:22.511 [main] DEBUG c.orderbook.OrderBook - [ORDERBOOK] ASK: Adding orderMktData(price=144,quantity=645)
23:15:22.511 [main] DEBUG c.orderbook.OrderBook - [ORDERBOOK] ASK: Adding orderMktData(price=167,quantity=665)
23:15:22.512 [main] DEBUG c.service.MarketDataService - [ALGO] BID: price:43 quantity:134
23:15:22.512 [main] DEBUG c.service.MarketDataService - [ALGO] BID: price:76 quantity:145
23:15:22.512 [main] DEBUG c.service.MarketDataService - [ALGO] BID: price:91 quantity:300
23:15:22.512 [main] DEBUG c.service.MarketDataService - [ALGO] BID: price:93 quantity:200
23:15:22.512 [main] DEBUG c.service.MarketDataService - [ALGO] BID: price:95 quantity:100
23:15:22.512 [main] DEBUG c.service.MarketDataService - [ALGO] BID: price:98 quantity:154
23:15:22.512 [main] DEBUG c.service.MarketDataService - [ALGO] ASK: price:98 quantity:501
23:15:22.512 [main] DEBUG c.service.MarketDataService - [ALGO] ASK: price:101 quantity:200
23:15:22.512 [main] DEBUG c.service.MarketDataService - [ALGO] ASK: price:110 quantity:5000
23:15:22.512 [main] DEBUG c.service.MarketDataService - [ALGO] ASK: price:119 quantity:5600
23:15:22.512 [main] DEBUG c.service.MarketDataService - [ALGO] ASK: price:123 quantity:453
23:15:22.512 [main] DEBUG c.service.MarketDataService - [ALGO] ASK: price:144 quantity:645
23:15:22.512 [main] DEBUG c.service.MarketDataService - [ALGO] ASK: price:167 quantity:665
23:15:22.513 [main] INFO  c.gettingstarted.MyAlgoLogic - [MYALGO] The state of the order book is:
|----BID-----||----ASK----|
    134 @ 43    501 @ 98
    145 @ 76   200 @ 101
    300 @ 91  5000 @ 110
    200 @ 93  5600 @ 119
    100 @ 95   453 @ 123
    154 @ 98   645 @ 144
          -    665 @ 167
|------------||-----------|

23:15:22.517 [main] INFO  c.gettingstarted.MyAlgoLogic - [MYALGO] Algo Sees Book as: 
|----BID-----||----ASK----|
    134 @ 43    501 @ 98
    145 @ 76   200 @ 101
    300 @ 91  5000 @ 110
    200 @ 93  5600 @ 119
    100 @ 95   453 @ 123
    154 @ 98   645 @ 144
          -    665 @ 167
|------------||-----------|

23:15:22.517 [main] INFO  c.gettingstarted.TimedLogic - [TIMEDLOGIC] Market is closed
23:15:22.519 [main] INFO  c.sequencer.consumer.LoggingConsumer - [129] 
|----BID-----|
    134 @ 43
    145 @ 76
    300 @ 91
    200 @ 93
    100 @ 95
    154 @ 98
|----ASK-----|
    501 @ 98
   200 @ 101
  5000 @ 110
  5600 @ 119
   453 @ 123
   645 @ 144
   665 @ 167

23:15:22.519 [main] INFO  c.orderbook.OrderBook - [ORDERBOOK] Processing Mkt Data Update
23:15:22.519 [main] INFO  c.o.v.MutatingRemoveAllMarketDataOrdersVisitor - [ORDERBOOK] Removing market data order:MktData(price=43,quantity=134)
23:15:22.519 [main] INFO  c.o.v.MutatingRemoveAllMarketDataOrdersVisitor - [ORDERBOOK] Removing level:43
23:15:22.519 [main] DEBUG c.orderbook.OrderBook - [ORDERBOOK] ASK: Adding orderMktData(price=43,quantity=134)
23:15:22.519 [main] DEBUG c.orderbook.OrderBook - [ORDERBOOK] ASK: Adding orderMktData(price=76,quantity=145)
23:15:22.519 [main] DEBUG c.orderbook.OrderBook - [ORDERBOOK] ASK: Adding orderMktData(price=91,quantity=300)
23:15:22.519 [main] DEBUG c.orderbook.OrderBook - [ORDERBOOK] ASK: Adding orderMktData(price=93,quantity=200)
23:15:22.519 [main] DEBUG c.orderbook.OrderBook - [ORDERBOOK] ASK: Adding orderMktData(price=95,quantity=100)
23:15:22.519 [main] DEBUG c.orderbook.OrderBook - [ORDERBOOK] ASK: Adding orderMktData(price=98,quantity=154)
23:15:22.519 [main] INFO  c.o.v.MutatingMatchOneMarketDataOrderVisitor - [ORDERBOOK] visiting LevelOrderBookLevel(price=43,quantity=134)
23:15:22.519 [main] INFO  c.o.v.MutatingMatchOneMarketDataOrderVisitor - [ORDERBOOK] Can't match order:MktData(price=43,quantity=134)(MktData(price=98,quantity=154))
23:15:22.519 [main] INFO  c.o.v.MutatingRemoveAllMarketDataOrdersVisitor - [ORDERBOOK] Removing market data order:MktData(price=98,quantity=501)
23:15:22.519 [main] INFO  c.o.v.MutatingRemoveAllMarketDataOrdersVisitor - [ORDERBOOK] Removing level:98
23:15:22.519 [main] INFO  c.o.v.MutatingRemoveAllMarketDataOrdersVisitor - [ORDERBOOK] Removing market data order:MktData(price=101,quantity=200)
23:15:22.519 [main] INFO  c.o.v.MutatingRemoveAllMarketDataOrdersVisitor - [ORDERBOOK] Removing level:101
23:15:22.519 [main] INFO  c.o.v.MutatingRemoveAllMarketDataOrdersVisitor - [ORDERBOOK] Removing market data order:MktData(price=110,quantity=5000)
23:15:22.519 [main] INFO  c.o.v.MutatingRemoveAllMarketDataOrdersVisitor - [ORDERBOOK] Removing level:110
23:15:22.519 [main] INFO  c.o.v.MutatingRemoveAllMarketDataOrdersVisitor - [ORDERBOOK] Removing market data order:MktData(price=119,quantity=5600)
23:15:22.519 [main] INFO  c.o.v.MutatingRemoveAllMarketDataOrdersVisitor - [ORDERBOOK] Removing level:119
23:15:22.519 [main] INFO  c.o.v.MutatingRemoveAllMarketDataOrdersVisitor - [ORDERBOOK] Removing market data order:MktData(price=123,quantity=453)
23:15:22.519 [main] INFO  c.o.v.MutatingRemoveAllMarketDataOrdersVisitor - [ORDERBOOK] Removing level:123
23:15:22.519 [main] INFO  c.o.v.MutatingRemoveAllMarketDataOrdersVisitor - [ORDERBOOK] Removing market data order:MktData(price=144,quantity=645)
23:15:22.519 [main] INFO  c.o.v.MutatingRemoveAllMarketDataOrdersVisitor - [ORDERBOOK] Removing level:144
23:15:22.519 [main] INFO  c.o.v.MutatingRemoveAllMarketDataOrdersVisitor - [ORDERBOOK] Removing market data order:MktData(price=167,quantity=665)
23:15:22.519 [main] INFO  c.o.v.MutatingRemoveAllMarketDataOrdersVisitor - [ORDERBOOK] Removing level:167
23:15:22.519 [main] DEBUG c.orderbook.OrderBook - [ORDERBOOK] ASK: Adding orderMktData(price=98,quantity=501)
23:15:22.519 [main] DEBUG c.orderbook.OrderBook - [ORDERBOOK] ASK: Adding orderMktData(price=101,quantity=200)
23:15:22.519 [main] DEBUG c.orderbook.OrderBook - [ORDERBOOK] ASK: Adding orderMktData(price=110,quantity=5000)
23:15:22.519 [main] DEBUG c.orderbook.OrderBook - [ORDERBOOK] ASK: Adding orderMktData(price=119,quantity=5600)
23:15:22.519 [main] DEBUG c.orderbook.OrderBook - [ORDERBOOK] ASK: Adding orderMktData(price=123,quantity=453)
23:15:22.519 [main] DEBUG c.orderbook.OrderBook - [ORDERBOOK] ASK: Adding orderMktData(price=144,quantity=645)
23:15:22.519 [main] DEBUG c.orderbook.OrderBook - [ORDERBOOK] ASK: Adding orderMktData(price=167,quantity=665)
23:15:22.519 [main] DEBUG c.service.MarketDataService - [ALGO] BID: price:43 quantity:134
23:15:22.519 [main] DEBUG c.service.MarketDataService - [ALGO] BID: price:76 quantity:145
23:15:22.519 [main] DEBUG c.service.MarketDataService - [ALGO] BID: price:91 quantity:300
23:15:22.519 [main] DEBUG c.service.MarketDataService - [ALGO] BID: price:93 quantity:200
23:15:22.519 [main] DEBUG c.service.MarketDataService - [ALGO] BID: price:95 quantity:100
23:15:22.519 [main] DEBUG c.service.MarketDataService - [ALGO] BID: price:98 quantity:154
23:15:22.519 [main] DEBUG c.service.MarketDataService - [ALGO] ASK: price:98 quantity:501
23:15:22.519 [main] DEBUG c.service.MarketDataService - [ALGO] ASK: price:101 quantity:200
23:15:22.519 [main] DEBUG c.service.MarketDataService - [ALGO] ASK: price:110 quantity:5000
23:15:22.519 [main] DEBUG c.service.MarketDataService - [ALGO] ASK: price:119 quantity:5600
23:15:22.519 [main] DEBUG c.service.MarketDataService - [ALGO] ASK: price:123 quantity:453
23:15:22.519 [main] DEBUG c.service.MarketDataService - [ALGO] ASK: price:144 quantity:645
23:15:22.519 [main] DEBUG c.service.MarketDataService - [ALGO] ASK: price:167 quantity:665
23:15:22.519 [main] INFO  c.gettingstarted.MyAlgoLogic - [MYALGO] The state of the order book is:
|----BID-----||----ASK----|
    134 @ 43    501 @ 98
    145 @ 76   200 @ 101
    300 @ 91  5000 @ 110
    200 @ 93  5600 @ 119
    100 @ 95   453 @ 123
    154 @ 98   645 @ 144
          -    665 @ 167
|------------||-----------|

23:15:22.519 [main] INFO  c.gettingstarted.MyAlgoLogic - [MYALGO] Algo Sees Book as: 
|----BID-----||----ASK----|
    134 @ 43    501 @ 98
    145 @ 76   200 @ 101
    300 @ 91  5000 @ 110
    200 @ 93  5600 @ 119
    100 @ 95   453 @ 123
    154 @ 98   645 @ 144
          -    665 @ 167
|------------||-----------|

23:15:22.520 [main] INFO  c.gettingstarted.TimedLogic - [TIMEDLOGIC] Market is closed
23:15:22.520 [main] INFO  c.sequencer.consumer.LoggingConsumer - [130] 
|----BID-----|
    134 @ 43
    145 @ 76
    300 @ 91
    200 @ 93
    100 @ 95
    154 @ 98
|----ASK-----|
    501 @ 98
   200 @ 101
  5000 @ 110
  5600 @ 119
   453 @ 123
   645 @ 144
   665 @ 167

23:15:22.520 [main] INFO  c.orderbook.OrderBook - [ORDERBOOK] Processing Mkt Data Update
23:15:22.520 [main] INFO  c.o.v.MutatingRemoveAllMarketDataOrdersVisitor - [ORDERBOOK] Removing market data order:MktData(price=43,quantity=134)
23:15:22.520 [main] INFO  c.o.v.MutatingRemoveAllMarketDataOrdersVisitor - [ORDERBOOK] Removing level:43
23:15:22.521 [main] DEBUG c.orderbook.OrderBook - [ORDERBOOK] ASK: Adding orderMktData(price=43,quantity=134)
23:15:22.521 [main] DEBUG c.orderbook.OrderBook - [ORDERBOOK] ASK: Adding orderMktData(price=76,quantity=145)
23:15:22.521 [main] DEBUG c.orderbook.OrderBook - [ORDERBOOK] ASK: Adding orderMktData(price=91,quantity=300)
23:15:22.521 [main] DEBUG c.orderbook.OrderBook - [ORDERBOOK] ASK: Adding orderMktData(price=93,quantity=200)
23:15:22.521 [main] DEBUG c.orderbook.OrderBook - [ORDERBOOK] ASK: Adding orderMktData(price=95,quantity=100)
23:15:22.521 [main] DEBUG c.orderbook.OrderBook - [ORDERBOOK] ASK: Adding orderMktData(price=98,quantity=154)
23:15:22.521 [main] INFO  c.o.v.MutatingMatchOneMarketDataOrderVisitor - [ORDERBOOK] visiting LevelOrderBookLevel(price=43,quantity=134)
23:15:22.521 [main] INFO  c.o.v.MutatingMatchOneMarketDataOrderVisitor - [ORDERBOOK] Can't match order:MktData(price=43,quantity=134)(MktData(price=98,quantity=154))
23:15:22.521 [main] INFO  c.o.v.MutatingRemoveAllMarketDataOrdersVisitor - [ORDERBOOK] Removing market data order:MktData(price=98,quantity=501)
23:15:22.521 [main] INFO  c.o.v.MutatingRemoveAllMarketDataOrdersVisitor - [ORDERBOOK] Removing level:98
23:15:22.521 [main] INFO  c.o.v.MutatingRemoveAllMarketDataOrdersVisitor - [ORDERBOOK] Removing market data order:MktData(price=101,quantity=200)
23:15:22.521 [main] INFO  c.o.v.MutatingRemoveAllMarketDataOrdersVisitor - [ORDERBOOK] Removing level:101
23:15:22.521 [main] INFO  c.o.v.MutatingRemoveAllMarketDataOrdersVisitor - [ORDERBOOK] Removing market data order:MktData(price=110,quantity=5000)
23:15:22.521 [main] INFO  c.o.v.MutatingRemoveAllMarketDataOrdersVisitor - [ORDERBOOK] Removing level:110
23:15:22.521 [main] INFO  c.o.v.MutatingRemoveAllMarketDataOrdersVisitor - [ORDERBOOK] Removing market data order:MktData(price=119,quantity=5600)
23:15:22.521 [main] INFO  c.o.v.MutatingRemoveAllMarketDataOrdersVisitor - [ORDERBOOK] Removing level:119
23:15:22.521 [main] INFO  c.o.v.MutatingRemoveAllMarketDataOrdersVisitor - [ORDERBOOK] Removing market data order:MktData(price=123,quantity=453)
23:15:22.521 [main] INFO  c.o.v.MutatingRemoveAllMarketDataOrdersVisitor - [ORDERBOOK] Removing level:123
23:15:22.521 [main] INFO  c.o.v.MutatingRemoveAllMarketDataOrdersVisitor - [ORDERBOOK] Removing market data order:MktData(price=144,quantity=645)
23:15:22.521 [main] INFO  c.o.v.MutatingRemoveAllMarketDataOrdersVisitor - [ORDERBOOK] Removing level:144
23:15:22.521 [main] INFO  c.o.v.MutatingRemoveAllMarketDataOrdersVisitor - [ORDERBOOK] Removing market data order:MktData(price=167,quantity=665)
23:15:22.521 [main] INFO  c.o.v.MutatingRemoveAllMarketDataOrdersVisitor - [ORDERBOOK] Removing level:167
23:15:22.521 [main] DEBUG c.orderbook.OrderBook - [ORDERBOOK] ASK: Adding orderMktData(price=98,quantity=501)
23:15:22.521 [main] DEBUG c.orderbook.OrderBook - [ORDERBOOK] ASK: Adding orderMktData(price=101,quantity=200)
23:15:22.521 [main] DEBUG c.orderbook.OrderBook - [ORDERBOOK] ASK: Adding orderMktData(price=110,quantity=5000)
23:15:22.521 [main] DEBUG c.orderbook.OrderBook - [ORDERBOOK] ASK: Adding orderMktData(price=119,quantity=5600)
23:15:22.521 [main] DEBUG c.orderbook.OrderBook - [ORDERBOOK] ASK: Adding orderMktData(price=123,quantity=453)
23:15:22.521 [main] DEBUG c.orderbook.OrderBook - [ORDERBOOK] ASK: Adding orderMktData(price=144,quantity=645)
23:15:22.521 [main] DEBUG c.orderbook.OrderBook - [ORDERBOOK] ASK: Adding orderMktData(price=167,quantity=665)
23:15:22.521 [main] DEBUG c.service.MarketDataService - [ALGO] BID: price:43 quantity:134
23:15:22.521 [main] DEBUG c.service.MarketDataService - [ALGO] BID: price:76 quantity:145
23:15:22.521 [main] DEBUG c.service.MarketDataService - [ALGO] BID: price:91 quantity:300
23:15:22.521 [main] DEBUG c.service.MarketDataService - [ALGO] BID: price:93 quantity:200
23:15:22.521 [main] DEBUG c.service.MarketDataService - [ALGO] BID: price:95 quantity:100
23:15:22.521 [main] DEBUG c.service.MarketDataService - [ALGO] BID: price:98 quantity:154
23:15:22.521 [main] DEBUG c.service.MarketDataService - [ALGO] ASK: price:98 quantity:501
23:15:22.521 [main] DEBUG c.service.MarketDataService - [ALGO] ASK: price:101 quantity:200
23:15:22.521 [main] DEBUG c.service.MarketDataService - [ALGO] ASK: price:110 quantity:5000
23:15:22.521 [main] DEBUG c.service.MarketDataService - [ALGO] ASK: price:119 quantity:5600
23:15:22.521 [main] DEBUG c.service.MarketDataService - [ALGO] ASK: price:123 quantity:453
23:15:22.521 [main] DEBUG c.service.MarketDataService - [ALGO] ASK: price:144 quantity:645
23:15:22.521 [main] DEBUG c.service.MarketDataService - [ALGO] ASK: price:167 quantity:665
23:15:22.521 [main] INFO  c.gettingstarted.MyAlgoLogic - [MYALGO] The state of the order book is:
|----BID-----||----ASK----|
    134 @ 43    501 @ 98
    145 @ 76   200 @ 101
    300 @ 91  5000 @ 110
    200 @ 93  5600 @ 119
    100 @ 95   453 @ 123
    154 @ 98   645 @ 144
          -    665 @ 167
|------------||-----------|

23:15:22.521 [main] INFO  c.gettingstarted.MyAlgoLogic - [MYALGO] Algo Sees Book as: 
|----BID-----||----ASK----|
    134 @ 43    501 @ 98
    145 @ 76   200 @ 101
    300 @ 91  5000 @ 110
    200 @ 93  5600 @ 119
    100 @ 95   453 @ 123
    154 @ 98   645 @ 144
          -    665 @ 167
|------------||-----------|

23:15:22.521 [main] INFO  c.gettingstarted.TimedLogic - [TIMEDLOGIC] Market is closed
23:15:22.521 [main] INFO  c.sequencer.consumer.LoggingConsumer - [131] 
|----BID-----|
    134 @ 43
    145 @ 76
    300 @ 91
    200 @ 93
    100 @ 95
    154 @ 98
|----ASK-----|
    501 @ 98
   200 @ 101
  5000 @ 110
  5600 @ 119
   453 @ 123
   645 @ 144
   665 @ 167

23:15:22.521 [main] INFO  c.orderbook.OrderBook - [ORDERBOOK] Processing Mkt Data Update
23:15:22.521 [main] INFO  c.o.v.MutatingRemoveAllMarketDataOrdersVisitor - [ORDERBOOK] Removing market data order:MktData(price=43,quantity=134)
23:15:22.521 [main] INFO  c.o.v.MutatingRemoveAllMarketDataOrdersVisitor - [ORDERBOOK] Removing level:43
23:15:22.521 [main] DEBUG c.orderbook.OrderBook - [ORDERBOOK] ASK: Adding orderMktData(price=43,quantity=134)
23:15:22.521 [main] DEBUG c.orderbook.OrderBook - [ORDERBOOK] ASK: Adding orderMktData(price=76,quantity=145)
23:15:22.521 [main] DEBUG c.orderbook.OrderBook - [ORDERBOOK] ASK: Adding orderMktData(price=91,quantity=300)
23:15:22.521 [main] DEBUG c.orderbook.OrderBook - [ORDERBOOK] ASK: Adding orderMktData(price=93,quantity=200)
23:15:22.521 [main] DEBUG c.orderbook.OrderBook - [ORDERBOOK] ASK: Adding orderMktData(price=95,quantity=100)
23:15:22.521 [main] DEBUG c.orderbook.OrderBook - [ORDERBOOK] ASK: Adding orderMktData(price=98,quantity=154)
23:15:22.521 [main] INFO  c.o.v.MutatingMatchOneMarketDataOrderVisitor - [ORDERBOOK] visiting LevelOrderBookLevel(price=43,quantity=134)
23:15:22.521 [main] INFO  c.o.v.MutatingMatchOneMarketDataOrderVisitor - [ORDERBOOK] Can't match order:MktData(price=43,quantity=134)(MktData(price=98,quantity=154))
23:15:22.521 [main] INFO  c.o.v.MutatingRemoveAllMarketDataOrdersVisitor - [ORDERBOOK] Removing market data order:MktData(price=98,quantity=501)
23:15:22.521 [main] INFO  c.o.v.MutatingRemoveAllMarketDataOrdersVisitor - [ORDERBOOK] Removing level:98
23:15:22.521 [main] INFO  c.o.v.MutatingRemoveAllMarketDataOrdersVisitor - [ORDERBOOK] Removing market data order:MktData(price=101,quantity=200)
23:15:22.521 [main] INFO  c.o.v.MutatingRemoveAllMarketDataOrdersVisitor - [ORDERBOOK] Removing level:101
23:15:22.521 [main] INFO  c.o.v.MutatingRemoveAllMarketDataOrdersVisitor - [ORDERBOOK] Removing market data order:MktData(price=110,quantity=5000)
23:15:22.522 [main] INFO  c.o.v.MutatingRemoveAllMarketDataOrdersVisitor - [ORDERBOOK] Removing level:110
23:15:22.522 [main] INFO  c.o.v.MutatingRemoveAllMarketDataOrdersVisitor - [ORDERBOOK] Removing market data order:MktData(price=119,quantity=5600)
23:15:22.522 [main] INFO  c.o.v.MutatingRemoveAllMarketDataOrdersVisitor - [ORDERBOOK] Removing level:119
23:15:22.522 [main] INFO  c.o.v.MutatingRemoveAllMarketDataOrdersVisitor - [ORDERBOOK] Removing market data order:MktData(price=123,quantity=453)
23:15:22.522 [main] INFO  c.o.v.MutatingRemoveAllMarketDataOrdersVisitor - [ORDERBOOK] Removing level:123
23:15:22.522 [main] INFO  c.o.v.MutatingRemoveAllMarketDataOrdersVisitor - [ORDERBOOK] Removing market data order:MktData(price=144,quantity=645)
23:15:22.522 [main] INFO  c.o.v.MutatingRemoveAllMarketDataOrdersVisitor - [ORDERBOOK] Removing level:144
23:15:22.522 [main] INFO  c.o.v.MutatingRemoveAllMarketDataOrdersVisitor - [ORDERBOOK] Removing market data order:MktData(price=167,quantity=665)
23:15:22.522 [main] INFO  c.o.v.MutatingRemoveAllMarketDataOrdersVisitor - [ORDERBOOK] Removing level:167
23:15:22.522 [main] DEBUG c.orderbook.OrderBook - [ORDERBOOK] ASK: Adding orderMktData(price=98,quantity=501)
23:15:22.522 [main] DEBUG c.orderbook.OrderBook - [ORDERBOOK] ASK: Adding orderMktData(price=101,quantity=200)
23:15:22.522 [main] DEBUG c.orderbook.OrderBook - [ORDERBOOK] ASK: Adding orderMktData(price=110,quantity=5000)
23:15:22.522 [main] DEBUG c.orderbook.OrderBook - [ORDERBOOK] ASK: Adding orderMktData(price=119,quantity=5600)
23:15:22.522 [main] DEBUG c.orderbook.OrderBook - [ORDERBOOK] ASK: Adding orderMktData(price=123,quantity=453)
23:15:22.522 [main] DEBUG c.orderbook.OrderBook - [ORDERBOOK] ASK: Adding orderMktData(price=144,quantity=645)
23:15:22.522 [main] DEBUG c.orderbook.OrderBook - [ORDERBOOK] ASK: Adding orderMktData(price=167,quantity=665)
23:15:22.522 [main] DEBUG c.service.MarketDataService - [ALGO] BID: price:43 quantity:134
23:15:22.522 [main] DEBUG c.service.MarketDataService - [ALGO] BID: price:76 quantity:145
23:15:22.522 [main] DEBUG c.service.MarketDataService - [ALGO] BID: price:91 quantity:300
23:15:22.522 [main] DEBUG c.service.MarketDataService - [ALGO] BID: price:93 quantity:200
23:15:22.522 [main] DEBUG c.service.MarketDataService - [ALGO] BID: price:95 quantity:100
23:15:22.522 [main] DEBUG c.service.MarketDataService - [ALGO] BID: price:98 quantity:154
23:15:22.522 [main] DEBUG c.service.MarketDataService - [ALGO] ASK: price:98 quantity:501
23:15:22.522 [main] DEBUG c.service.MarketDataService - [ALGO] ASK: price:101 quantity:200
23:15:22.522 [main] DEBUG c.service.MarketDataService - [ALGO] ASK: price:110 quantity:5000
23:15:22.522 [main] DEBUG c.service.MarketDataService - [ALGO] ASK: price:119 quantity:5600
23:15:22.522 [main] DEBUG c.service.MarketDataService - [ALGO] ASK: price:123 quantity:453
23:15:22.522 [main] DEBUG c.service.MarketDataService - [ALGO] ASK: price:144 quantity:645
23:15:22.522 [main] DEBUG c.service.MarketDataService - [ALGO] ASK: price:167 quantity:665
23:15:22.522 [main] INFO  c.gettingstarted.MyAlgoLogic - [MYALGO] The state of the order book is:
|----BID-----||----ASK----|
    134 @ 43    501 @ 98
    145 @ 76   200 @ 101
    300 @ 91  5000 @ 110
    200 @ 93  5600 @ 119
    100 @ 95   453 @ 123
    154 @ 98   645 @ 144
          -    665 @ 167
|------------||-----------|

23:15:22.522 [main] INFO  c.gettingstarted.MyAlgoLogic - [MYALGO] Algo Sees Book as: 
|----BID-----||----ASK----|
    134 @ 43    501 @ 98
    145 @ 76   200 @ 101
    300 @ 91  5000 @ 110
    200 @ 93  5600 @ 119
    100 @ 95   453 @ 123
    154 @ 98   645 @ 144
          -    665 @ 167
|------------||-----------|

23:15:22.522 [main] INFO  c.gettingstarted.TimedLogic - [TIMEDLOGIC] Market is closed
23:15:22.522 [main] INFO  c.sequencer.consumer.LoggingConsumer - [132] 
|----BID-----|
    134 @ 43
    145 @ 76
    300 @ 91
    200 @ 93
    100 @ 95
    154 @ 98
|----ASK-----|
    501 @ 98
   200 @ 101
  5000 @ 110
  5600 @ 119
   453 @ 123
   645 @ 144
   665 @ 167

23:15:22.522 [main] INFO  c.orderbook.OrderBook - [ORDERBOOK] Processing Mkt Data Update
23:15:22.522 [main] INFO  c.o.v.MutatingRemoveAllMarketDataOrdersVisitor - [ORDERBOOK] Removing market data order:MktData(price=43,quantity=134)
23:15:22.522 [main] INFO  c.o.v.MutatingRemoveAllMarketDataOrdersVisitor - [ORDERBOOK] Removing level:43
23:15:22.522 [main] DEBUG c.orderbook.OrderBook - [ORDERBOOK] ASK: Adding orderMktData(price=43,quantity=134)
23:15:22.522 [main] DEBUG c.orderbook.OrderBook - [ORDERBOOK] ASK: Adding orderMktData(price=76,quantity=145)
23:15:22.522 [main] DEBUG c.orderbook.OrderBook - [ORDERBOOK] ASK: Adding orderMktData(price=91,quantity=300)
23:15:22.522 [main] DEBUG c.orderbook.OrderBook - [ORDERBOOK] ASK: Adding orderMktData(price=93,quantity=200)
23:15:22.522 [main] DEBUG c.orderbook.OrderBook - [ORDERBOOK] ASK: Adding orderMktData(price=95,quantity=100)
23:15:22.522 [main] DEBUG c.orderbook.OrderBook - [ORDERBOOK] ASK: Adding orderMktData(price=98,quantity=154)
23:15:22.522 [main] INFO  c.o.v.MutatingMatchOneMarketDataOrderVisitor - [ORDERBOOK] visiting LevelOrderBookLevel(price=43,quantity=134)
23:15:22.522 [main] INFO  c.o.v.MutatingMatchOneMarketDataOrderVisitor - [ORDERBOOK] Can't match order:MktData(price=43,quantity=134)(MktData(price=98,quantity=154))
23:15:22.522 [main] INFO  c.o.v.MutatingRemoveAllMarketDataOrdersVisitor - [ORDERBOOK] Removing market data order:MktData(price=98,quantity=501)
23:15:22.522 [main] INFO  c.o.v.MutatingRemoveAllMarketDataOrdersVisitor - [ORDERBOOK] Removing level:98
23:15:22.522 [main] INFO  c.o.v.MutatingRemoveAllMarketDataOrdersVisitor - [ORDERBOOK] Removing market data order:MktData(price=101,quantity=200)
23:15:22.522 [main] INFO  c.o.v.MutatingRemoveAllMarketDataOrdersVisitor - [ORDERBOOK] Removing level:101
23:15:22.522 [main] INFO  c.o.v.MutatingRemoveAllMarketDataOrdersVisitor - [ORDERBOOK] Removing market data order:MktData(price=110,quantity=5000)
23:15:22.522 [main] INFO  c.o.v.MutatingRemoveAllMarketDataOrdersVisitor - [ORDERBOOK] Removing level:110
23:15:22.522 [main] INFO  c.o.v.MutatingRemoveAllMarketDataOrdersVisitor - [ORDERBOOK] Removing market data order:MktData(price=119,quantity=5600)
23:15:22.522 [main] INFO  c.o.v.MutatingRemoveAllMarketDataOrdersVisitor - [ORDERBOOK] Removing level:119
23:15:22.522 [main] INFO  c.o.v.MutatingRemoveAllMarketDataOrdersVisitor - [ORDERBOOK] Removing market data order:MktData(price=123,quantity=453)
23:15:22.522 [main] INFO  c.o.v.MutatingRemoveAllMarketDataOrdersVisitor - [ORDERBOOK] Removing level:123
23:15:22.522 [main] INFO  c.o.v.MutatingRemoveAllMarketDataOrdersVisitor - [ORDERBOOK] Removing market data order:MktData(price=144,quantity=645)
23:15:22.522 [main] INFO  c.o.v.MutatingRemoveAllMarketDataOrdersVisitor - [ORDERBOOK] Removing level:144
23:15:22.522 [main] INFO  c.o.v.MutatingRemoveAllMarketDataOrdersVisitor - [ORDERBOOK] Removing market data order:MktData(price=167,quantity=665)
23:15:22.522 [main] INFO  c.o.v.MutatingRemoveAllMarketDataOrdersVisitor - [ORDERBOOK] Removing level:167
23:15:22.522 [main] DEBUG c.orderbook.OrderBook - [ORDERBOOK] ASK: Adding orderMktData(price=98,quantity=501)
23:15:22.522 [main] DEBUG c.orderbook.OrderBook - [ORDERBOOK] ASK: Adding orderMktData(price=101,quantity=200)
23:15:22.522 [main] DEBUG c.orderbook.OrderBook - [ORDERBOOK] ASK: Adding orderMktData(price=110,quantity=5000)
23:15:22.522 [main] DEBUG c.orderbook.OrderBook - [ORDERBOOK] ASK: Adding orderMktData(price=119,quantity=5600)
23:15:22.522 [main] DEBUG c.orderbook.OrderBook - [ORDERBOOK] ASK: Adding orderMktData(price=123,quantity=453)
23:15:22.522 [main] DEBUG c.orderbook.OrderBook - [ORDERBOOK] ASK: Adding orderMktData(price=144,quantity=645)
23:15:22.522 [main] DEBUG c.orderbook.OrderBook - [ORDERBOOK] ASK: Adding orderMktData(price=167,quantity=665)
23:15:22.522 [main] DEBUG c.service.MarketDataService - [ALGO] BID: price:43 quantity:134
23:15:22.522 [main] DEBUG c.service.MarketDataService - [ALGO] BID: price:76 quantity:145
23:15:22.522 [main] DEBUG c.service.MarketDataService - [ALGO] BID: price:91 quantity:300
23:15:22.522 [main] DEBUG c.service.MarketDataService - [ALGO] BID: price:93 quantity:200
23:15:22.522 [main] DEBUG c.service.MarketDataService - [ALGO] BID: price:95 quantity:100
23:15:22.522 [main] DEBUG c.service.MarketDataService - [ALGO] BID: price:98 quantity:154
23:15:22.522 [main] DEBUG c.service.MarketDataService - [ALGO] ASK: price:98 quantity:501
23:15:22.522 [main] DEBUG c.service.MarketDataService - [ALGO] ASK: price:101 quantity:200
23:15:22.522 [main] DEBUG c.service.MarketDataService - [ALGO] ASK: price:110 quantity:5000
23:15:22.522 [main] DEBUG c.service.MarketDataService - [ALGO] ASK: price:119 quantity:5600
23:15:22.522 [main] DEBUG c.service.MarketDataService - [ALGO] ASK: price:123 quantity:453
23:15:22.522 [main] DEBUG c.service.MarketDataService - [ALGO] ASK: price:144 quantity:645
23:15:22.522 [main] DEBUG c.service.MarketDataService - [ALGO] ASK: price:167 quantity:665
23:15:22.522 [main] INFO  c.gettingstarted.MyAlgoLogic - [MYALGO] The state of the order book is:
|----BID-----||----ASK----|
    134 @ 43    501 @ 98
    145 @ 76   200 @ 101
    300 @ 91  5000 @ 110
    200 @ 93  5600 @ 119
    100 @ 95   453 @ 123
    154 @ 98   645 @ 144
          -    665 @ 167
|------------||-----------|

23:15:22.523 [main] INFO  c.gettingstarted.MyAlgoLogic - [MYALGO] Algo Sees Book as: 
|----BID-----||----ASK----|
    134 @ 43    501 @ 98
    145 @ 76   200 @ 101
    300 @ 91  5000 @ 110
    200 @ 93  5600 @ 119
    100 @ 95   453 @ 123
    154 @ 98   645 @ 144
          -    665 @ 167
|------------||-----------|

23:15:22.523 [main] INFO  c.gettingstarted.TimedLogic - [TIMEDLOGIC] Market is closed
23:15:22.523 [main] INFO  c.sequencer.consumer.LoggingConsumer - [133] 
|----BID-----|
    134 @ 43
    145 @ 76
    300 @ 91
    200 @ 93
    100 @ 95
    154 @ 98
|----ASK-----|
    501 @ 98
   200 @ 101
  5000 @ 110
  5600 @ 119
   453 @ 123
   645 @ 144
   665 @ 167

23:15:22.523 [main] INFO  c.orderbook.OrderBook - [ORDERBOOK] Processing Mkt Data Update
23:15:22.523 [main] INFO  c.o.v.MutatingRemoveAllMarketDataOrdersVisitor - [ORDERBOOK] Removing market data order:MktData(price=43,quantity=134)
23:15:22.523 [main] INFO  c.o.v.MutatingRemoveAllMarketDataOrdersVisitor - [ORDERBOOK] Removing level:43
23:15:22.523 [main] DEBUG c.orderbook.OrderBook - [ORDERBOOK] ASK: Adding orderMktData(price=43,quantity=134)
23:15:22.523 [main] DEBUG c.orderbook.OrderBook - [ORDERBOOK] ASK: Adding orderMktData(price=76,quantity=145)
23:15:22.523 [main] DEBUG c.orderbook.OrderBook - [ORDERBOOK] ASK: Adding orderMktData(price=91,quantity=300)
23:15:22.523 [main] DEBUG c.orderbook.OrderBook - [ORDERBOOK] ASK: Adding orderMktData(price=93,quantity=200)
23:15:22.523 [main] DEBUG c.orderbook.OrderBook - [ORDERBOOK] ASK: Adding orderMktData(price=95,quantity=100)
23:15:22.523 [main] DEBUG c.orderbook.OrderBook - [ORDERBOOK] ASK: Adding orderMktData(price=98,quantity=154)
23:15:22.523 [main] INFO  c.o.v.MutatingMatchOneMarketDataOrderVisitor - [ORDERBOOK] visiting LevelOrderBookLevel(price=43,quantity=134)
23:15:22.523 [main] INFO  c.o.v.MutatingMatchOneMarketDataOrderVisitor - [ORDERBOOK] Can't match order:MktData(price=43,quantity=134)(MktData(price=98,quantity=154))
23:15:22.523 [main] INFO  c.o.v.MutatingRemoveAllMarketDataOrdersVisitor - [ORDERBOOK] Removing market data order:MktData(price=98,quantity=501)
23:15:22.523 [main] INFO  c.o.v.MutatingRemoveAllMarketDataOrdersVisitor - [ORDERBOOK] Removing level:98
23:15:22.523 [main] INFO  c.o.v.MutatingRemoveAllMarketDataOrdersVisitor - [ORDERBOOK] Removing market data order:MktData(price=101,quantity=200)
23:15:22.523 [main] INFO  c.o.v.MutatingRemoveAllMarketDataOrdersVisitor - [ORDERBOOK] Removing level:101
23:15:22.523 [main] INFO  c.o.v.MutatingRemoveAllMarketDataOrdersVisitor - [ORDERBOOK] Removing market data order:MktData(price=110,quantity=5000)
23:15:22.523 [main] INFO  c.o.v.MutatingRemoveAllMarketDataOrdersVisitor - [ORDERBOOK] Removing level:110
23:15:22.523 [main] INFO  c.o.v.MutatingRemoveAllMarketDataOrdersVisitor - [ORDERBOOK] Removing market data order:MktData(price=119,quantity=5600)
23:15:22.523 [main] INFO  c.o.v.MutatingRemoveAllMarketDataOrdersVisitor - [ORDERBOOK] Removing level:119
23:15:22.523 [main] INFO  c.o.v.MutatingRemoveAllMarketDataOrdersVisitor - [ORDERBOOK] Removing market data order:MktData(price=123,quantity=453)
23:15:22.523 [main] INFO  c.o.v.MutatingRemoveAllMarketDataOrdersVisitor - [ORDERBOOK] Removing level:123
23:15:22.523 [main] INFO  c.o.v.MutatingRemoveAllMarketDataOrdersVisitor - [ORDERBOOK] Removing market data order:MktData(price=144,quantity=645)
23:15:22.523 [main] INFO  c.o.v.MutatingRemoveAllMarketDataOrdersVisitor - [ORDERBOOK] Removing level:144
23:15:22.523 [main] INFO  c.o.v.MutatingRemoveAllMarketDataOrdersVisitor - [ORDERBOOK] Removing market data order:MktData(price=167,quantity=665)
23:15:22.523 [main] INFO  c.o.v.MutatingRemoveAllMarketDataOrdersVisitor - [ORDERBOOK] Removing level:167
23:15:22.523 [main] DEBUG c.orderbook.OrderBook - [ORDERBOOK] ASK: Adding orderMktData(price=98,quantity=501)
23:15:22.523 [main] DEBUG c.orderbook.OrderBook - [ORDERBOOK] ASK: Adding orderMktData(price=101,quantity=200)
23:15:22.523 [main] DEBUG c.orderbook.OrderBook - [ORDERBOOK] ASK: Adding orderMktData(price=110,quantity=5000)
23:15:22.523 [main] DEBUG c.orderbook.OrderBook - [ORDERBOOK] ASK: Adding orderMktData(price=119,quantity=5600)
23:15:22.523 [main] DEBUG c.orderbook.OrderBook - [ORDERBOOK] ASK: Adding orderMktData(price=123,quantity=453)
23:15:22.523 [main] DEBUG c.orderbook.OrderBook - [ORDERBOOK] ASK: Adding orderMktData(price=144,quantity=645)
23:15:22.523 [main] DEBUG c.orderbook.OrderBook - [ORDERBOOK] ASK: Adding orderMktData(price=167,quantity=665)
23:15:22.523 [main] DEBUG c.service.MarketDataService - [ALGO] BID: price:43 quantity:134
23:15:22.523 [main] DEBUG c.service.MarketDataService - [ALGO] BID: price:76 quantity:145
23:15:22.523 [main] DEBUG c.service.MarketDataService - [ALGO] BID: price:91 quantity:300
23:15:22.523 [main] DEBUG c.service.MarketDataService - [ALGO] BID: price:93 quantity:200
23:15:22.523 [main] DEBUG c.service.MarketDataService - [ALGO] BID: price:95 quantity:100
23:15:22.523 [main] DEBUG c.service.MarketDataService - [ALGO] BID: price:98 quantity:154
23:15:22.523 [main] DEBUG c.service.MarketDataService - [ALGO] ASK: price:98 quantity:501
23:15:22.523 [main] DEBUG c.service.MarketDataService - [ALGO] ASK: price:101 quantity:200
23:15:22.523 [main] DEBUG c.service.MarketDataService - [ALGO] ASK: price:110 quantity:5000
23:15:22.523 [main] DEBUG c.service.MarketDataService - [ALGO] ASK: price:119 quantity:5600
23:15:22.523 [main] DEBUG c.service.MarketDataService - [ALGO] ASK: price:123 quantity:453
23:15:22.523 [main] DEBUG c.service.MarketDataService - [ALGO] ASK: price:144 quantity:645
23:15:22.523 [main] DEBUG c.service.MarketDataService - [ALGO] ASK: price:167 quantity:665
23:15:22.523 [main] INFO  c.gettingstarted.MyAlgoLogic - [MYALGO] The state of the order book is:
|----BID-----||----ASK----|
    134 @ 43    501 @ 98
    145 @ 76   200 @ 101
    300 @ 91  5000 @ 110
    200 @ 93  5600 @ 119
    100 @ 95   453 @ 123
    154 @ 98   645 @ 144
          -    665 @ 167
|------------||-----------|

23:15:22.523 [main] INFO  c.gettingstarted.MyAlgoLogic - [MYALGO] Algo Sees Book as: 
|----BID-----||----ASK----|
    134 @ 43    501 @ 98
    145 @ 76   200 @ 101
    300 @ 91  5000 @ 110
    200 @ 93  5600 @ 119
    100 @ 95   453 @ 123
    154 @ 98   645 @ 144
          -    665 @ 167
|------------||-----------|

23:15:22.523 [main] INFO  c.gettingstarted.TimedLogic - [TIMEDLOGIC] Market is closed
23:15:22.523 [main] INFO  c.sequencer.consumer.LoggingConsumer - [134] 
|----BID-----|
    134 @ 43
    145 @ 76
    300 @ 91
    200 @ 93
    100 @ 95
    154 @ 98
|----ASK-----|
    501 @ 98
   200 @ 101
  5000 @ 110
  5600 @ 119
   453 @ 123
   645 @ 144
   665 @ 167

23:15:22.523 [main] INFO  c.orderbook.OrderBook - [ORDERBOOK] Processing Mkt Data Update
23:15:22.523 [main] INFO  c.o.v.MutatingRemoveAllMarketDataOrdersVisitor - [ORDERBOOK] Removing market data order:MktData(price=43,quantity=134)
23:15:22.523 [main] INFO  c.o.v.MutatingRemoveAllMarketDataOrdersVisitor - [ORDERBOOK] Removing level:43
23:15:22.523 [main] DEBUG c.orderbook.OrderBook - [ORDERBOOK] ASK: Adding orderMktData(price=43,quantity=134)
23:15:22.523 [main] DEBUG c.orderbook.OrderBook - [ORDERBOOK] ASK: Adding orderMktData(price=76,quantity=145)
23:15:22.523 [main] DEBUG c.orderbook.OrderBook - [ORDERBOOK] ASK: Adding orderMktData(price=91,quantity=300)
23:15:22.523 [main] DEBUG c.orderbook.OrderBook - [ORDERBOOK] ASK: Adding orderMktData(price=93,quantity=200)
23:15:22.523 [main] DEBUG c.orderbook.OrderBook - [ORDERBOOK] ASK: Adding orderMktData(price=95,quantity=100)
23:15:22.523 [main] DEBUG c.orderbook.OrderBook - [ORDERBOOK] ASK: Adding orderMktData(price=98,quantity=154)
23:15:22.524 [main] INFO  c.o.v.MutatingMatchOneMarketDataOrderVisitor - [ORDERBOOK] visiting LevelOrderBookLevel(price=43,quantity=134)
23:15:22.524 [main] INFO  c.o.v.MutatingMatchOneMarketDataOrderVisitor - [ORDERBOOK] Can't match order:MktData(price=43,quantity=134)(MktData(price=98,quantity=154))
23:15:22.524 [main] INFO  c.o.v.MutatingRemoveAllMarketDataOrdersVisitor - [ORDERBOOK] Removing market data order:MktData(price=98,quantity=501)
23:15:22.524 [main] INFO  c.o.v.MutatingRemoveAllMarketDataOrdersVisitor - [ORDERBOOK] Removing level:98
23:15:22.524 [main] INFO  c.o.v.MutatingRemoveAllMarketDataOrdersVisitor - [ORDERBOOK] Removing market data order:MktData(price=101,quantity=200)
23:15:22.524 [main] INFO  c.o.v.MutatingRemoveAllMarketDataOrdersVisitor - [ORDERBOOK] Removing level:101
23:15:22.524 [main] INFO  c.o.v.MutatingRemoveAllMarketDataOrdersVisitor - [ORDERBOOK] Removing market data order:MktData(price=110,quantity=5000)
23:15:22.524 [main] INFO  c.o.v.MutatingRemoveAllMarketDataOrdersVisitor - [ORDERBOOK] Removing level:110
23:15:22.524 [main] INFO  c.o.v.MutatingRemoveAllMarketDataOrdersVisitor - [ORDERBOOK] Removing market data order:MktData(price=119,quantity=5600)
23:15:22.524 [main] INFO  c.o.v.MutatingRemoveAllMarketDataOrdersVisitor - [ORDERBOOK] Removing level:119
23:15:22.524 [main] INFO  c.o.v.MutatingRemoveAllMarketDataOrdersVisitor - [ORDERBOOK] Removing market data order:MktData(price=123,quantity=453)
23:15:22.524 [main] INFO  c.o.v.MutatingRemoveAllMarketDataOrdersVisitor - [ORDERBOOK] Removing level:123
23:15:22.524 [main] INFO  c.o.v.MutatingRemoveAllMarketDataOrdersVisitor - [ORDERBOOK] Removing market data order:MktData(price=144,quantity=645)
23:15:22.524 [main] INFO  c.o.v.MutatingRemoveAllMarketDataOrdersVisitor - [ORDERBOOK] Removing level:144
23:15:22.524 [main] INFO  c.o.v.MutatingRemoveAllMarketDataOrdersVisitor - [ORDERBOOK] Removing market data order:MktData(price=167,quantity=665)
23:15:22.524 [main] INFO  c.o.v.MutatingRemoveAllMarketDataOrdersVisitor - [ORDERBOOK] Removing level:167
23:15:22.524 [main] DEBUG c.orderbook.OrderBook - [ORDERBOOK] ASK: Adding orderMktData(price=98,quantity=501)
23:15:22.524 [main] DEBUG c.orderbook.OrderBook - [ORDERBOOK] ASK: Adding orderMktData(price=101,quantity=200)
23:15:22.524 [main] DEBUG c.orderbook.OrderBook - [ORDERBOOK] ASK: Adding orderMktData(price=110,quantity=5000)
23:15:22.524 [main] DEBUG c.orderbook.OrderBook - [ORDERBOOK] ASK: Adding orderMktData(price=119,quantity=5600)
23:15:22.524 [main] DEBUG c.orderbook.OrderBook - [ORDERBOOK] ASK: Adding orderMktData(price=123,quantity=453)
23:15:22.524 [main] DEBUG c.orderbook.OrderBook - [ORDERBOOK] ASK: Adding orderMktData(price=144,quantity=645)
23:15:22.524 [main] DEBUG c.orderbook.OrderBook - [ORDERBOOK] ASK: Adding orderMktData(price=167,quantity=665)
23:15:22.524 [main] DEBUG c.service.MarketDataService - [ALGO] BID: price:43 quantity:134
23:15:22.524 [main] DEBUG c.service.MarketDataService - [ALGO] BID: price:76 quantity:145
23:15:22.524 [main] DEBUG c.service.MarketDataService - [ALGO] BID: price:91 quantity:300
23:15:22.524 [main] DEBUG c.service.MarketDataService - [ALGO] BID: price:93 quantity:200
23:15:22.524 [main] DEBUG c.service.MarketDataService - [ALGO] BID: price:95 quantity:100
23:15:22.524 [main] DEBUG c.service.MarketDataService - [ALGO] BID: price:98 quantity:154
23:15:22.524 [main] DEBUG c.service.MarketDataService - [ALGO] ASK: price:98 quantity:501
23:15:22.524 [main] DEBUG c.service.MarketDataService - [ALGO] ASK: price:101 quantity:200
23:15:22.524 [main] DEBUG c.service.MarketDataService - [ALGO] ASK: price:110 quantity:5000
23:15:22.524 [main] DEBUG c.service.MarketDataService - [ALGO] ASK: price:119 quantity:5600
23:15:22.524 [main] DEBUG c.service.MarketDataService - [ALGO] ASK: price:123 quantity:453
23:15:22.524 [main] DEBUG c.service.MarketDataService - [ALGO] ASK: price:144 quantity:645
23:15:22.524 [main] DEBUG c.service.MarketDataService - [ALGO] ASK: price:167 quantity:665
23:15:22.524 [main] INFO  c.gettingstarted.MyAlgoLogic - [MYALGO] The state of the order book is:
|----BID-----||----ASK----|
    134 @ 43    501 @ 98
    145 @ 76   200 @ 101
    300 @ 91  5000 @ 110
    200 @ 93  5600 @ 119
    100 @ 95   453 @ 123
    154 @ 98   645 @ 144
          -    665 @ 167
|------------||-----------|

23:15:22.524 [main] INFO  c.gettingstarted.MyAlgoLogic - [MYALGO] Algo Sees Book as: 
|----BID-----||----ASK----|
    134 @ 43    501 @ 98
    145 @ 76   200 @ 101
    300 @ 91  5000 @ 110
    200 @ 93  5600 @ 119
    100 @ 95   453 @ 123
    154 @ 98   645 @ 144
          -    665 @ 167
|------------||-----------|

23:15:22.524 [main] INFO  c.gettingstarted.TimedLogic - [TIMEDLOGIC] Market is closed
23:15:22.525 [main] INFO  c.sequencer.consumer.LoggingConsumer - [135] 
|----BID-----|
    134 @ 43
    145 @ 76
    300 @ 91
    200 @ 93
    100 @ 95
    154 @ 98
|----ASK-----|
    501 @ 98
   200 @ 101
  5000 @ 110
  5600 @ 119
   453 @ 123
   645 @ 144
   665 @ 167

23:15:22.525 [main] INFO  c.orderbook.OrderBook - [ORDERBOOK] Processing Mkt Data Update
23:15:22.525 [main] INFO  c.o.v.MutatingRemoveAllMarketDataOrdersVisitor - [ORDERBOOK] Removing market data order:MktData(price=43,quantity=134)
23:15:22.525 [main] INFO  c.o.v.MutatingRemoveAllMarketDataOrdersVisitor - [ORDERBOOK] Removing level:43
23:15:22.525 [main] DEBUG c.orderbook.OrderBook - [ORDERBOOK] ASK: Adding orderMktData(price=43,quantity=134)
23:15:22.525 [main] DEBUG c.orderbook.OrderBook - [ORDERBOOK] ASK: Adding orderMktData(price=76,quantity=145)
23:15:22.525 [main] DEBUG c.orderbook.OrderBook - [ORDERBOOK] ASK: Adding orderMktData(price=91,quantity=300)
23:15:22.525 [main] DEBUG c.orderbook.OrderBook - [ORDERBOOK] ASK: Adding orderMktData(price=93,quantity=200)
23:15:22.525 [main] DEBUG c.orderbook.OrderBook - [ORDERBOOK] ASK: Adding orderMktData(price=95,quantity=100)
23:15:22.525 [main] DEBUG c.orderbook.OrderBook - [ORDERBOOK] ASK: Adding orderMktData(price=98,quantity=154)
23:15:22.525 [main] INFO  c.o.v.MutatingMatchOneMarketDataOrderVisitor - [ORDERBOOK] visiting LevelOrderBookLevel(price=43,quantity=134)
23:15:22.525 [main] INFO  c.o.v.MutatingMatchOneMarketDataOrderVisitor - [ORDERBOOK] Can't match order:MktData(price=43,quantity=134)(MktData(price=98,quantity=154))
23:15:22.525 [main] INFO  c.o.v.MutatingRemoveAllMarketDataOrdersVisitor - [ORDERBOOK] Removing market data order:MktData(price=98,quantity=501)
23:15:22.525 [main] INFO  c.o.v.MutatingRemoveAllMarketDataOrdersVisitor - [ORDERBOOK] Removing level:98
23:15:22.525 [main] INFO  c.o.v.MutatingRemoveAllMarketDataOrdersVisitor - [ORDERBOOK] Removing market data order:MktData(price=101,quantity=200)
23:15:22.525 [main] INFO  c.o.v.MutatingRemoveAllMarketDataOrdersVisitor - [ORDERBOOK] Removing level:101
23:15:22.525 [main] INFO  c.o.v.MutatingRemoveAllMarketDataOrdersVisitor - [ORDERBOOK] Removing market data order:MktData(price=110,quantity=5000)
23:15:22.525 [main] INFO  c.o.v.MutatingRemoveAllMarketDataOrdersVisitor - [ORDERBOOK] Removing level:110
23:15:22.525 [main] INFO  c.o.v.MutatingRemoveAllMarketDataOrdersVisitor - [ORDERBOOK] Removing market data order:MktData(price=119,quantity=5600)
23:15:22.525 [main] INFO  c.o.v.MutatingRemoveAllMarketDataOrdersVisitor - [ORDERBOOK] Removing level:119
23:15:22.525 [main] INFO  c.o.v.MutatingRemoveAllMarketDataOrdersVisitor - [ORDERBOOK] Removing market data order:MktData(price=123,quantity=453)
23:15:22.525 [main] INFO  c.o.v.MutatingRemoveAllMarketDataOrdersVisitor - [ORDERBOOK] Removing level:123
23:15:22.525 [main] INFO  c.o.v.MutatingRemoveAllMarketDataOrdersVisitor - [ORDERBOOK] Removing market data order:MktData(price=144,quantity=645)
23:15:22.525 [main] INFO  c.o.v.MutatingRemoveAllMarketDataOrdersVisitor - [ORDERBOOK] Removing level:144
23:15:22.525 [main] INFO  c.o.v.MutatingRemoveAllMarketDataOrdersVisitor - [ORDERBOOK] Removing market data order:MktData(price=167,quantity=665)
23:15:22.525 [main] INFO  c.o.v.MutatingRemoveAllMarketDataOrdersVisitor - [ORDERBOOK] Removing level:167
23:15:22.525 [main] DEBUG c.orderbook.OrderBook - [ORDERBOOK] ASK: Adding orderMktData(price=98,quantity=501)
23:15:22.525 [main] DEBUG c.orderbook.OrderBook - [ORDERBOOK] ASK: Adding orderMktData(price=101,quantity=200)
23:15:22.525 [main] DEBUG c.orderbook.OrderBook - [ORDERBOOK] ASK: Adding orderMktData(price=110,quantity=5000)
23:15:22.525 [main] DEBUG c.orderbook.OrderBook - [ORDERBOOK] ASK: Adding orderMktData(price=119,quantity=5600)
23:15:22.525 [main] DEBUG c.orderbook.OrderBook - [ORDERBOOK] ASK: Adding orderMktData(price=123,quantity=453)
23:15:22.525 [main] DEBUG c.orderbook.OrderBook - [ORDERBOOK] ASK: Adding orderMktData(price=144,quantity=645)
23:15:22.525 [main] DEBUG c.orderbook.OrderBook - [ORDERBOOK] ASK: Adding orderMktData(price=167,quantity=665)
23:15:22.525 [main] DEBUG c.service.MarketDataService - [ALGO] BID: price:43 quantity:134
23:15:22.525 [main] DEBUG c.service.MarketDataService - [ALGO] BID: price:76 quantity:145
23:15:22.525 [main] DEBUG c.service.MarketDataService - [ALGO] BID: price:91 quantity:300
23:15:22.525 [main] DEBUG c.service.MarketDataService - [ALGO] BID: price:93 quantity:200
23:15:22.525 [main] DEBUG c.service.MarketDataService - [ALGO] BID: price:95 quantity:100
23:15:22.525 [main] DEBUG c.service.MarketDataService - [ALGO] BID: price:98 quantity:154
23:15:22.525 [main] DEBUG c.service.MarketDataService - [ALGO] ASK: price:98 quantity:501
23:15:22.525 [main] DEBUG c.service.MarketDataService - [ALGO] ASK: price:101 quantity:200
23:15:22.525 [main] DEBUG c.service.MarketDataService - [ALGO] ASK: price:110 quantity:5000
23:15:22.525 [main] DEBUG c.service.MarketDataService - [ALGO] ASK: price:119 quantity:5600
23:15:22.525 [main] DEBUG c.service.MarketDataService - [ALGO] ASK: price:123 quantity:453
23:15:22.525 [main] DEBUG c.service.MarketDataService - [ALGO] ASK: price:144 quantity:645
23:15:22.525 [main] DEBUG c.service.MarketDataService - [ALGO] ASK: price:167 quantity:665
23:15:22.525 [main] INFO  c.gettingstarted.MyAlgoLogic - [MYALGO] The state of the order book is:
|----BID-----||----ASK----|
    134 @ 43    501 @ 98
    145 @ 76   200 @ 101
    300 @ 91  5000 @ 110
    200 @ 93  5600 @ 119
    100 @ 95   453 @ 123
    154 @ 98   645 @ 144
          -    665 @ 167
|------------||-----------|

23:15:22.525 [main] INFO  c.gettingstarted.MyAlgoLogic - [MYALGO] Algo Sees Book as: 
|----BID-----||----ASK----|
    134 @ 43    501 @ 98
    145 @ 76   200 @ 101
    300 @ 91  5000 @ 110
    200 @ 93  5600 @ 119
    100 @ 95   453 @ 123
    154 @ 98   645 @ 144
          -    665 @ 167
|------------||-----------|

23:15:22.525 [main] INFO  c.gettingstarted.TimedLogic - [TIMEDLOGIC] Market is closed
23:15:22.525 [main] INFO  c.sequencer.consumer.LoggingConsumer - [136] 
|----BID-----|
    134 @ 43
    145 @ 76
    300 @ 91
    200 @ 93
    100 @ 95
    154 @ 98
|----ASK-----|
    501 @ 98
   200 @ 101
  5000 @ 110
  5600 @ 119
   453 @ 123
   645 @ 144
   665 @ 167

23:15:22.525 [main] INFO  c.orderbook.OrderBook - [ORDERBOOK] Processing Mkt Data Update
23:15:22.525 [main] INFO  c.o.v.MutatingRemoveAllMarketDataOrdersVisitor - [ORDERBOOK] Removing market data order:MktData(price=43,quantity=134)
23:15:22.525 [main] INFO  c.o.v.MutatingRemoveAllMarketDataOrdersVisitor - [ORDERBOOK] Removing level:43
23:15:22.525 [main] DEBUG c.orderbook.OrderBook - [ORDERBOOK] ASK: Adding orderMktData(price=43,quantity=134)
23:15:22.525 [main] DEBUG c.orderbook.OrderBook - [ORDERBOOK] ASK: Adding orderMktData(price=76,quantity=145)
23:15:22.525 [main] DEBUG c.orderbook.OrderBook - [ORDERBOOK] ASK: Adding orderMktData(price=91,quantity=300)
23:15:22.525 [main] DEBUG c.orderbook.OrderBook - [ORDERBOOK] ASK: Adding orderMktData(price=93,quantity=200)
23:15:22.525 [main] DEBUG c.orderbook.OrderBook - [ORDERBOOK] ASK: Adding orderMktData(price=95,quantity=100)
23:15:22.525 [main] DEBUG c.orderbook.OrderBook - [ORDERBOOK] ASK: Adding orderMktData(price=98,quantity=154)
23:15:22.525 [main] INFO  c.o.v.MutatingMatchOneMarketDataOrderVisitor - [ORDERBOOK] visiting LevelOrderBookLevel(price=43,quantity=134)
23:15:22.525 [main] INFO  c.o.v.MutatingMatchOneMarketDataOrderVisitor - [ORDERBOOK] Can't match order:MktData(price=43,quantity=134)(MktData(price=98,quantity=154))
23:15:22.525 [main] INFO  c.o.v.MutatingRemoveAllMarketDataOrdersVisitor - [ORDERBOOK] Removing market data order:MktData(price=98,quantity=501)
23:15:22.525 [main] INFO  c.o.v.MutatingRemoveAllMarketDataOrdersVisitor - [ORDERBOOK] Removing level:98
23:15:22.525 [main] INFO  c.o.v.MutatingRemoveAllMarketDataOrdersVisitor - [ORDERBOOK] Removing market data order:MktData(price=101,quantity=200)
23:15:22.525 [main] INFO  c.o.v.MutatingRemoveAllMarketDataOrdersVisitor - [ORDERBOOK] Removing level:101
23:15:22.525 [main] INFO  c.o.v.MutatingRemoveAllMarketDataOrdersVisitor - [ORDERBOOK] Removing market data order:MktData(price=110,quantity=5000)
23:15:22.525 [main] INFO  c.o.v.MutatingRemoveAllMarketDataOrdersVisitor - [ORDERBOOK] Removing level:110
23:15:22.525 [main] INFO  c.o.v.MutatingRemoveAllMarketDataOrdersVisitor - [ORDERBOOK] Removing market data order:MktData(price=119,quantity=5600)
23:15:22.525 [main] INFO  c.o.v.MutatingRemoveAllMarketDataOrdersVisitor - [ORDERBOOK] Removing level:119
23:15:22.525 [main] INFO  c.o.v.MutatingRemoveAllMarketDataOrdersVisitor - [ORDERBOOK] Removing market data order:MktData(price=123,quantity=453)
23:15:22.525 [main] INFO  c.o.v.MutatingRemoveAllMarketDataOrdersVisitor - [ORDERBOOK] Removing level:123
23:15:22.525 [main] INFO  c.o.v.MutatingRemoveAllMarketDataOrdersVisitor - [ORDERBOOK] Removing market data order:MktData(price=144,quantity=645)
23:15:22.525 [main] INFO  c.o.v.MutatingRemoveAllMarketDataOrdersVisitor - [ORDERBOOK] Removing level:144
23:15:22.525 [main] INFO  c.o.v.MutatingRemoveAllMarketDataOrdersVisitor - [ORDERBOOK] Removing market data order:MktData(price=167,quantity=665)
23:15:22.525 [main] INFO  c.o.v.MutatingRemoveAllMarketDataOrdersVisitor - [ORDERBOOK] Removing level:167
23:15:22.525 [main] DEBUG c.orderbook.OrderBook - [ORDERBOOK] ASK: Adding orderMktData(price=98,quantity=501)
23:15:22.525 [main] DEBUG c.orderbook.OrderBook - [ORDERBOOK] ASK: Adding orderMktData(price=101,quantity=200)
23:15:22.525 [main] DEBUG c.orderbook.OrderBook - [ORDERBOOK] ASK: Adding orderMktData(price=110,quantity=5000)
23:15:22.525 [main] DEBUG c.orderbook.OrderBook - [ORDERBOOK] ASK: Adding orderMktData(price=119,quantity=5600)
23:15:22.525 [main] DEBUG c.orderbook.OrderBook - [ORDERBOOK] ASK: Adding orderMktData(price=123,quantity=453)
23:15:22.525 [main] DEBUG c.orderbook.OrderBook - [ORDERBOOK] ASK: Adding orderMktData(price=144,quantity=645)
23:15:22.525 [main] DEBUG c.orderbook.OrderBook - [ORDERBOOK] ASK: Adding orderMktData(price=167,quantity=665)
23:15:22.526 [main] DEBUG c.service.MarketDataService - [ALGO] BID: price:43 quantity:134
23:15:22.526 [main] DEBUG c.service.MarketDataService - [ALGO] BID: price:76 quantity:145
23:15:22.526 [main] DEBUG c.service.MarketDataService - [ALGO] BID: price:91 quantity:300
23:15:22.526 [main] DEBUG c.service.MarketDataService - [ALGO] BID: price:93 quantity:200
23:15:22.526 [main] DEBUG c.service.MarketDataService - [ALGO] BID: price:95 quantity:100
23:15:22.526 [main] DEBUG c.service.MarketDataService - [ALGO] BID: price:98 quantity:154
23:15:22.526 [main] DEBUG c.service.MarketDataService - [ALGO] ASK: price:98 quantity:501
23:15:22.526 [main] DEBUG c.service.MarketDataService - [ALGO] ASK: price:101 quantity:200
23:15:22.526 [main] DEBUG c.service.MarketDataService - [ALGO] ASK: price:110 quantity:5000
23:15:22.526 [main] DEBUG c.service.MarketDataService - [ALGO] ASK: price:119 quantity:5600
23:15:22.526 [main] DEBUG c.service.MarketDataService - [ALGO] ASK: price:123 quantity:453
23:15:22.526 [main] DEBUG c.service.MarketDataService - [ALGO] ASK: price:144 quantity:645
23:15:22.526 [main] DEBUG c.service.MarketDataService - [ALGO] ASK: price:167 quantity:665
23:15:22.526 [main] INFO  c.gettingstarted.MyAlgoLogic - [MYALGO] The state of the order book is:
|----BID-----||----ASK----|
    134 @ 43    501 @ 98
    145 @ 76   200 @ 101
    300 @ 91  5000 @ 110
    200 @ 93  5600 @ 119
    100 @ 95   453 @ 123
    154 @ 98   645 @ 144
          -    665 @ 167
|------------||-----------|

23:15:22.526 [main] INFO  c.gettingstarted.MyAlgoLogic - [MYALGO] Algo Sees Book as: 
|----BID-----||----ASK----|
    134 @ 43    501 @ 98
    145 @ 76   200 @ 101
    300 @ 91  5000 @ 110
    200 @ 93  5600 @ 119
    100 @ 95   453 @ 123
    154 @ 98   645 @ 144
          -    665 @ 167
|------------||-----------|

23:15:22.526 [main] INFO  c.gettingstarted.TimedLogic - [TIMEDLOGIC] Market is closed
23:15:22.526 [main] INFO  c.sequencer.consumer.LoggingConsumer - [137] 
|----BID-----|
    134 @ 43
    145 @ 76
    300 @ 91
    200 @ 93
    100 @ 95
    154 @ 98
|----ASK-----|
    501 @ 98
   200 @ 101
  5000 @ 110
  5600 @ 119
   453 @ 123
   645 @ 144
   665 @ 167

23:15:22.526 [main] INFO  c.orderbook.OrderBook - [ORDERBOOK] Processing Mkt Data Update
23:15:22.526 [main] INFO  c.o.v.MutatingRemoveAllMarketDataOrdersVisitor - [ORDERBOOK] Removing market data order:MktData(price=43,quantity=134)
23:15:22.526 [main] INFO  c.o.v.MutatingRemoveAllMarketDataOrdersVisitor - [ORDERBOOK] Removing level:43
23:15:22.526 [main] DEBUG c.orderbook.OrderBook - [ORDERBOOK] ASK: Adding orderMktData(price=43,quantity=134)
23:15:22.526 [main] DEBUG c.orderbook.OrderBook - [ORDERBOOK] ASK: Adding orderMktData(price=76,quantity=145)
23:15:22.526 [main] DEBUG c.orderbook.OrderBook - [ORDERBOOK] ASK: Adding orderMktData(price=91,quantity=300)
23:15:22.526 [main] DEBUG c.orderbook.OrderBook - [ORDERBOOK] ASK: Adding orderMktData(price=93,quantity=200)
23:15:22.526 [main] DEBUG c.orderbook.OrderBook - [ORDERBOOK] ASK: Adding orderMktData(price=95,quantity=100)
23:15:22.526 [main] DEBUG c.orderbook.OrderBook - [ORDERBOOK] ASK: Adding orderMktData(price=98,quantity=154)
23:15:22.526 [main] INFO  c.o.v.MutatingMatchOneMarketDataOrderVisitor - [ORDERBOOK] visiting LevelOrderBookLevel(price=43,quantity=134)
23:15:22.526 [main] INFO  c.o.v.MutatingMatchOneMarketDataOrderVisitor - [ORDERBOOK] Can't match order:MktData(price=43,quantity=134)(MktData(price=98,quantity=154))
23:15:22.526 [main] INFO  c.o.v.MutatingRemoveAllMarketDataOrdersVisitor - [ORDERBOOK] Removing market data order:MktData(price=98,quantity=501)
23:15:22.526 [main] INFO  c.o.v.MutatingRemoveAllMarketDataOrdersVisitor - [ORDERBOOK] Removing level:98
23:15:22.526 [main] INFO  c.o.v.MutatingRemoveAllMarketDataOrdersVisitor - [ORDERBOOK] Removing market data order:MktData(price=101,quantity=200)
23:15:22.526 [main] INFO  c.o.v.MutatingRemoveAllMarketDataOrdersVisitor - [ORDERBOOK] Removing level:101
23:15:22.526 [main] INFO  c.o.v.MutatingRemoveAllMarketDataOrdersVisitor - [ORDERBOOK] Removing market data order:MktData(price=110,quantity=5000)
23:15:22.526 [main] INFO  c.o.v.MutatingRemoveAllMarketDataOrdersVisitor - [ORDERBOOK] Removing level:110
23:15:22.526 [main] INFO  c.o.v.MutatingRemoveAllMarketDataOrdersVisitor - [ORDERBOOK] Removing market data order:MktData(price=119,quantity=5600)
23:15:22.526 [main] INFO  c.o.v.MutatingRemoveAllMarketDataOrdersVisitor - [ORDERBOOK] Removing level:119
23:15:22.526 [main] INFO  c.o.v.MutatingRemoveAllMarketDataOrdersVisitor - [ORDERBOOK] Removing market data order:MktData(price=123,quantity=453)
23:15:22.526 [main] INFO  c.o.v.MutatingRemoveAllMarketDataOrdersVisitor - [ORDERBOOK] Removing level:123
23:15:22.526 [main] INFO  c.o.v.MutatingRemoveAllMarketDataOrdersVisitor - [ORDERBOOK] Removing market data order:MktData(price=144,quantity=645)
23:15:22.526 [main] INFO  c.o.v.MutatingRemoveAllMarketDataOrdersVisitor - [ORDERBOOK] Removing level:144
23:15:22.526 [main] INFO  c.o.v.MutatingRemoveAllMarketDataOrdersVisitor - [ORDERBOOK] Removing market data order:MktData(price=167,quantity=665)
23:15:22.526 [main] INFO  c.o.v.MutatingRemoveAllMarketDataOrdersVisitor - [ORDERBOOK] Removing level:167
23:15:22.526 [main] DEBUG c.orderbook.OrderBook - [ORDERBOOK] ASK: Adding orderMktData(price=98,quantity=501)
23:15:22.526 [main] DEBUG c.orderbook.OrderBook - [ORDERBOOK] ASK: Adding orderMktData(price=101,quantity=200)
23:15:22.526 [main] DEBUG c.orderbook.OrderBook - [ORDERBOOK] ASK: Adding orderMktData(price=110,quantity=5000)
23:15:22.526 [main] DEBUG c.orderbook.OrderBook - [ORDERBOOK] ASK: Adding orderMktData(price=119,quantity=5600)
23:15:22.526 [main] DEBUG c.orderbook.OrderBook - [ORDERBOOK] ASK: Adding orderMktData(price=123,quantity=453)
23:15:22.526 [main] DEBUG c.orderbook.OrderBook - [ORDERBOOK] ASK: Adding orderMktData(price=144,quantity=645)
23:15:22.526 [main] DEBUG c.orderbook.OrderBook - [ORDERBOOK] ASK: Adding orderMktData(price=167,quantity=665)
23:15:22.526 [main] DEBUG c.service.MarketDataService - [ALGO] BID: price:43 quantity:134
23:15:22.526 [main] DEBUG c.service.MarketDataService - [ALGO] BID: price:76 quantity:145
23:15:22.526 [main] DEBUG c.service.MarketDataService - [ALGO] BID: price:91 quantity:300
23:15:22.526 [main] DEBUG c.service.MarketDataService - [ALGO] BID: price:93 quantity:200
23:15:22.526 [main] DEBUG c.service.MarketDataService - [ALGO] BID: price:95 quantity:100
23:15:22.526 [main] DEBUG c.service.MarketDataService - [ALGO] BID: price:98 quantity:154
23:15:22.526 [main] DEBUG c.service.MarketDataService - [ALGO] ASK: price:98 quantity:501
23:15:22.526 [main] DEBUG c.service.MarketDataService - [ALGO] ASK: price:101 quantity:200
23:15:22.526 [main] DEBUG c.service.MarketDataService - [ALGO] ASK: price:110 quantity:5000
23:15:22.526 [main] DEBUG c.service.MarketDataService - [ALGO] ASK: price:119 quantity:5600
23:15:22.526 [main] DEBUG c.service.MarketDataService - [ALGO] ASK: price:123 quantity:453
23:15:22.526 [main] DEBUG c.service.MarketDataService - [ALGO] ASK: price:144 quantity:645
23:15:22.526 [main] DEBUG c.service.MarketDataService - [ALGO] ASK: price:167 quantity:665
23:15:22.527 [main] INFO  c.gettingstarted.MyAlgoLogic - [MYALGO] The state of the order book is:
|----BID-----||----ASK----|
    134 @ 43    501 @ 98
    145 @ 76   200 @ 101
    300 @ 91  5000 @ 110
    200 @ 93  5600 @ 119
    100 @ 95   453 @ 123
    154 @ 98   645 @ 144
          -    665 @ 167
|------------||-----------|

23:15:22.527 [main] INFO  c.gettingstarted.MyAlgoLogic - [MYALGO] Algo Sees Book as: 
|----BID-----||----ASK----|
    134 @ 43    501 @ 98
    145 @ 76   200 @ 101
    300 @ 91  5000 @ 110
    200 @ 93  5600 @ 119
    100 @ 95   453 @ 123
    154 @ 98   645 @ 144
          -    665 @ 167
|------------||-----------|

23:15:22.527 [main] INFO  c.gettingstarted.TimedLogic - [TIMEDLOGIC] Market is closed
23:15:22.527 [main] INFO  c.sequencer.consumer.LoggingConsumer - [138] 
|----BID-----|
    134 @ 43
    145 @ 76
    300 @ 91
    200 @ 93
    100 @ 95
    154 @ 98
|----ASK-----|
    501 @ 98
   200 @ 101
  5000 @ 110
  5600 @ 119
   453 @ 123
   645 @ 144
   665 @ 167

23:15:22.527 [main] INFO  c.orderbook.OrderBook - [ORDERBOOK] Processing Mkt Data Update
23:15:22.527 [main] INFO  c.o.v.MutatingRemoveAllMarketDataOrdersVisitor - [ORDERBOOK] Removing market data order:MktData(price=43,quantity=134)
23:15:22.527 [main] INFO  c.o.v.MutatingRemoveAllMarketDataOrdersVisitor - [ORDERBOOK] Removing level:43
23:15:22.527 [main] DEBUG c.orderbook.OrderBook - [ORDERBOOK] ASK: Adding orderMktData(price=43,quantity=134)
23:15:22.527 [main] DEBUG c.orderbook.OrderBook - [ORDERBOOK] ASK: Adding orderMktData(price=76,quantity=145)
23:15:22.527 [main] DEBUG c.orderbook.OrderBook - [ORDERBOOK] ASK: Adding orderMktData(price=91,quantity=300)
23:15:22.527 [main] DEBUG c.orderbook.OrderBook - [ORDERBOOK] ASK: Adding orderMktData(price=93,quantity=200)
23:15:22.527 [main] DEBUG c.orderbook.OrderBook - [ORDERBOOK] ASK: Adding orderMktData(price=95,quantity=100)
23:15:22.527 [main] DEBUG c.orderbook.OrderBook - [ORDERBOOK] ASK: Adding orderMktData(price=98,quantity=154)
23:15:22.527 [main] INFO  c.o.v.MutatingMatchOneMarketDataOrderVisitor - [ORDERBOOK] visiting LevelOrderBookLevel(price=43,quantity=134)
23:15:22.527 [main] INFO  c.o.v.MutatingMatchOneMarketDataOrderVisitor - [ORDERBOOK] Can't match order:MktData(price=43,quantity=134)(MktData(price=98,quantity=154))
23:15:22.527 [main] INFO  c.o.v.MutatingRemoveAllMarketDataOrdersVisitor - [ORDERBOOK] Removing market data order:MktData(price=98,quantity=501)
23:15:22.527 [main] INFO  c.o.v.MutatingRemoveAllMarketDataOrdersVisitor - [ORDERBOOK] Removing level:98
23:15:22.527 [main] INFO  c.o.v.MutatingRemoveAllMarketDataOrdersVisitor - [ORDERBOOK] Removing market data order:MktData(price=101,quantity=200)
23:15:22.527 [main] INFO  c.o.v.MutatingRemoveAllMarketDataOrdersVisitor - [ORDERBOOK] Removing level:101
23:15:22.527 [main] INFO  c.o.v.MutatingRemoveAllMarketDataOrdersVisitor - [ORDERBOOK] Removing market data order:MktData(price=110,quantity=5000)
23:15:22.527 [main] INFO  c.o.v.MutatingRemoveAllMarketDataOrdersVisitor - [ORDERBOOK] Removing level:110
23:15:22.527 [main] INFO  c.o.v.MutatingRemoveAllMarketDataOrdersVisitor - [ORDERBOOK] Removing market data order:MktData(price=119,quantity=5600)
23:15:22.527 [main] INFO  c.o.v.MutatingRemoveAllMarketDataOrdersVisitor - [ORDERBOOK] Removing level:119
23:15:22.527 [main] INFO  c.o.v.MutatingRemoveAllMarketDataOrdersVisitor - [ORDERBOOK] Removing market data order:MktData(price=123,quantity=453)
23:15:22.527 [main] INFO  c.o.v.MutatingRemoveAllMarketDataOrdersVisitor - [ORDERBOOK] Removing level:123
23:15:22.527 [main] INFO  c.o.v.MutatingRemoveAllMarketDataOrdersVisitor - [ORDERBOOK] Removing market data order:MktData(price=144,quantity=645)
23:15:22.527 [main] INFO  c.o.v.MutatingRemoveAllMarketDataOrdersVisitor - [ORDERBOOK] Removing level:144
23:15:22.527 [main] INFO  c.o.v.MutatingRemoveAllMarketDataOrdersVisitor - [ORDERBOOK] Removing market data order:MktData(price=167,quantity=665)
23:15:22.527 [main] INFO  c.o.v.MutatingRemoveAllMarketDataOrdersVisitor - [ORDERBOOK] Removing level:167
23:15:22.527 [main] DEBUG c.orderbook.OrderBook - [ORDERBOOK] ASK: Adding orderMktData(price=98,quantity=501)
23:15:22.527 [main] DEBUG c.orderbook.OrderBook - [ORDERBOOK] ASK: Adding orderMktData(price=101,quantity=200)
23:15:22.527 [main] DEBUG c.orderbook.OrderBook - [ORDERBOOK] ASK: Adding orderMktData(price=110,quantity=5000)
23:15:22.527 [main] DEBUG c.orderbook.OrderBook - [ORDERBOOK] ASK: Adding orderMktData(price=119,quantity=5600)
23:15:22.527 [main] DEBUG c.orderbook.OrderBook - [ORDERBOOK] ASK: Adding orderMktData(price=123,quantity=453)
23:15:22.527 [main] DEBUG c.orderbook.OrderBook - [ORDERBOOK] ASK: Adding orderMktData(price=144,quantity=645)
23:15:22.527 [main] DEBUG c.orderbook.OrderBook - [ORDERBOOK] ASK: Adding orderMktData(price=167,quantity=665)
23:15:22.527 [main] DEBUG c.service.MarketDataService - [ALGO] BID: price:43 quantity:134
23:15:22.527 [main] DEBUG c.service.MarketDataService - [ALGO] BID: price:76 quantity:145
23:15:22.527 [main] DEBUG c.service.MarketDataService - [ALGO] BID: price:91 quantity:300
23:15:22.527 [main] DEBUG c.service.MarketDataService - [ALGO] BID: price:93 quantity:200
23:15:22.527 [main] DEBUG c.service.MarketDataService - [ALGO] BID: price:95 quantity:100
23:15:22.527 [main] DEBUG c.service.MarketDataService - [ALGO] BID: price:98 quantity:154
23:15:22.527 [main] DEBUG c.service.MarketDataService - [ALGO] ASK: price:98 quantity:501
23:15:22.527 [main] DEBUG c.service.MarketDataService - [ALGO] ASK: price:101 quantity:200
23:15:22.527 [main] DEBUG c.service.MarketDataService - [ALGO] ASK: price:110 quantity:5000
23:15:22.527 [main] DEBUG c.service.MarketDataService - [ALGO] ASK: price:119 quantity:5600
23:15:22.527 [main] DEBUG c.service.MarketDataService - [ALGO] ASK: price:123 quantity:453
23:15:22.527 [main] DEBUG c.service.MarketDataService - [ALGO] ASK: price:144 quantity:645
23:15:22.527 [main] DEBUG c.service.MarketDataService - [ALGO] ASK: price:167 quantity:665
23:15:22.527 [main] INFO  c.gettingstarted.MyAlgoLogic - [MYALGO] The state of the order book is:
|----BID-----||----ASK----|
    134 @ 43    501 @ 98
    145 @ 76   200 @ 101
    300 @ 91  5000 @ 110
    200 @ 93  5600 @ 119
    100 @ 95   453 @ 123
    154 @ 98   645 @ 144
          -    665 @ 167
|------------||-----------|

23:15:22.527 [main] INFO  c.gettingstarted.MyAlgoLogic - [MYALGO] Algo Sees Book as: 
|----BID-----||----ASK----|
    134 @ 43    501 @ 98
    145 @ 76   200 @ 101
    300 @ 91  5000 @ 110
    200 @ 93  5600 @ 119
    100 @ 95   453 @ 123
    154 @ 98   645 @ 144
          -    665 @ 167
|------------||-----------|

23:15:22.527 [main] INFO  c.gettingstarted.TimedLogic - [TIMEDLOGIC] Market is closed
23:15:22.527 [main] INFO  c.sequencer.consumer.LoggingConsumer - [139] 
|----BID-----|
    134 @ 43
    145 @ 76
    300 @ 91
    200 @ 93
    100 @ 95
    154 @ 98
|----ASK-----|
    501 @ 98
   200 @ 101
  5000 @ 110
  5600 @ 119
   453 @ 123
   645 @ 144
   665 @ 167

23:15:22.527 [main] INFO  c.orderbook.OrderBook - [ORDERBOOK] Processing Mkt Data Update
23:15:22.527 [main] INFO  c.o.v.MutatingRemoveAllMarketDataOrdersVisitor - [ORDERBOOK] Removing market data order:MktData(price=43,quantity=134)
23:15:22.527 [main] INFO  c.o.v.MutatingRemoveAllMarketDataOrdersVisitor - [ORDERBOOK] Removing level:43
23:15:22.527 [main] DEBUG c.orderbook.OrderBook - [ORDERBOOK] ASK: Adding orderMktData(price=43,quantity=134)
23:15:22.527 [main] DEBUG c.orderbook.OrderBook - [ORDERBOOK] ASK: Adding orderMktData(price=76,quantity=145)
23:15:22.527 [main] DEBUG c.orderbook.OrderBook - [ORDERBOOK] ASK: Adding orderMktData(price=91,quantity=300)
23:15:22.527 [main] DEBUG c.orderbook.OrderBook - [ORDERBOOK] ASK: Adding orderMktData(price=93,quantity=200)
23:15:22.527 [main] DEBUG c.orderbook.OrderBook - [ORDERBOOK] ASK: Adding orderMktData(price=95,quantity=100)
23:15:22.527 [main] DEBUG c.orderbook.OrderBook - [ORDERBOOK] ASK: Adding orderMktData(price=98,quantity=154)
23:15:22.528 [main] INFO  c.o.v.MutatingMatchOneMarketDataOrderVisitor - [ORDERBOOK] visiting LevelOrderBookLevel(price=43,quantity=134)
23:15:22.528 [main] INFO  c.o.v.MutatingMatchOneMarketDataOrderVisitor - [ORDERBOOK] Can't match order:MktData(price=43,quantity=134)(MktData(price=98,quantity=154))
23:15:22.528 [main] INFO  c.o.v.MutatingRemoveAllMarketDataOrdersVisitor - [ORDERBOOK] Removing market data order:MktData(price=98,quantity=501)
23:15:22.528 [main] INFO  c.o.v.MutatingRemoveAllMarketDataOrdersVisitor - [ORDERBOOK] Removing level:98
23:15:22.528 [main] INFO  c.o.v.MutatingRemoveAllMarketDataOrdersVisitor - [ORDERBOOK] Removing market data order:MktData(price=101,quantity=200)
23:15:22.528 [main] INFO  c.o.v.MutatingRemoveAllMarketDataOrdersVisitor - [ORDERBOOK] Removing level:101
23:15:22.528 [main] INFO  c.o.v.MutatingRemoveAllMarketDataOrdersVisitor - [ORDERBOOK] Removing market data order:MktData(price=110,quantity=5000)
23:15:22.528 [main] INFO  c.o.v.MutatingRemoveAllMarketDataOrdersVisitor - [ORDERBOOK] Removing level:110
23:15:22.528 [main] INFO  c.o.v.MutatingRemoveAllMarketDataOrdersVisitor - [ORDERBOOK] Removing market data order:MktData(price=119,quantity=5600)
23:15:22.528 [main] INFO  c.o.v.MutatingRemoveAllMarketDataOrdersVisitor - [ORDERBOOK] Removing level:119
23:15:22.528 [main] INFO  c.o.v.MutatingRemoveAllMarketDataOrdersVisitor - [ORDERBOOK] Removing market data order:MktData(price=123,quantity=453)
23:15:22.528 [main] INFO  c.o.v.MutatingRemoveAllMarketDataOrdersVisitor - [ORDERBOOK] Removing level:123
23:15:22.528 [main] INFO  c.o.v.MutatingRemoveAllMarketDataOrdersVisitor - [ORDERBOOK] Removing market data order:MktData(price=144,quantity=645)
23:15:22.528 [main] INFO  c.o.v.MutatingRemoveAllMarketDataOrdersVisitor - [ORDERBOOK] Removing level:144
23:15:22.528 [main] INFO  c.o.v.MutatingRemoveAllMarketDataOrdersVisitor - [ORDERBOOK] Removing market data order:MktData(price=167,quantity=665)
23:15:22.528 [main] INFO  c.o.v.MutatingRemoveAllMarketDataOrdersVisitor - [ORDERBOOK] Removing level:167
23:15:22.528 [main] DEBUG c.orderbook.OrderBook - [ORDERBOOK] ASK: Adding orderMktData(price=98,quantity=501)
23:15:22.528 [main] DEBUG c.orderbook.OrderBook - [ORDERBOOK] ASK: Adding orderMktData(price=101,quantity=200)
23:15:22.528 [main] DEBUG c.orderbook.OrderBook - [ORDERBOOK] ASK: Adding orderMktData(price=110,quantity=5000)
23:15:22.528 [main] DEBUG c.orderbook.OrderBook - [ORDERBOOK] ASK: Adding orderMktData(price=119,quantity=5600)
23:15:22.528 [main] DEBUG c.orderbook.OrderBook - [ORDERBOOK] ASK: Adding orderMktData(price=123,quantity=453)
23:15:22.528 [main] DEBUG c.orderbook.OrderBook - [ORDERBOOK] ASK: Adding orderMktData(price=144,quantity=645)
23:15:22.528 [main] DEBUG c.orderbook.OrderBook - [ORDERBOOK] ASK: Adding orderMktData(price=167,quantity=665)
23:15:22.528 [main] DEBUG c.service.MarketDataService - [ALGO] BID: price:43 quantity:134
23:15:22.528 [main] DEBUG c.service.MarketDataService - [ALGO] BID: price:76 quantity:145
23:15:22.528 [main] DEBUG c.service.MarketDataService - [ALGO] BID: price:91 quantity:300
23:15:22.528 [main] DEBUG c.service.MarketDataService - [ALGO] BID: price:93 quantity:200
23:15:22.528 [main] DEBUG c.service.MarketDataService - [ALGO] BID: price:95 quantity:100
23:15:22.528 [main] DEBUG c.service.MarketDataService - [ALGO] BID: price:98 quantity:154
23:15:22.528 [main] DEBUG c.service.MarketDataService - [ALGO] ASK: price:98 quantity:501
23:15:22.528 [main] DEBUG c.service.MarketDataService - [ALGO] ASK: price:101 quantity:200
23:15:22.528 [main] DEBUG c.service.MarketDataService - [ALGO] ASK: price:110 quantity:5000
23:15:22.528 [main] DEBUG c.service.MarketDataService - [ALGO] ASK: price:119 quantity:5600
23:15:22.528 [main] DEBUG c.service.MarketDataService - [ALGO] ASK: price:123 quantity:453
23:15:22.528 [main] DEBUG c.service.MarketDataService - [ALGO] ASK: price:144 quantity:645
23:15:22.528 [main] DEBUG c.service.MarketDataService - [ALGO] ASK: price:167 quantity:665
23:15:22.528 [main] INFO  c.gettingstarted.MyAlgoLogic - [MYALGO] The state of the order book is:
|----BID-----||----ASK----|
    134 @ 43    501 @ 98
    145 @ 76   200 @ 101
    300 @ 91  5000 @ 110
    200 @ 93  5600 @ 119
    100 @ 95   453 @ 123
    154 @ 98   645 @ 144
          -    665 @ 167
|------------||-----------|

23:15:22.528 [main] INFO  c.gettingstarted.MyAlgoLogic - [MYALGO] Algo Sees Book as: 
|----BID-----||----ASK----|
    134 @ 43    501 @ 98
    145 @ 76   200 @ 101
    300 @ 91  5000 @ 110
    200 @ 93  5600 @ 119
    100 @ 95   453 @ 123
    154 @ 98   645 @ 144
          -    665 @ 167
|------------||-----------|

23:15:22.528 [main] INFO  c.gettingstarted.TimedLogic - [TIMEDLOGIC] Market is closed
23:15:22.528 [main] INFO  c.sequencer.consumer.LoggingConsumer - [140] 
|----BID-----|
    134 @ 43
    145 @ 76
    300 @ 91
    200 @ 93
    100 @ 95
    154 @ 98
|----ASK-----|
    501 @ 98
   200 @ 101
  5000 @ 110
  5600 @ 119
   453 @ 123
   645 @ 144
   665 @ 167

23:15:22.528 [main] INFO  c.orderbook.OrderBook - [ORDERBOOK] Processing Mkt Data Update
23:15:22.528 [main] INFO  c.o.v.MutatingRemoveAllMarketDataOrdersVisitor - [ORDERBOOK] Removing market data order:MktData(price=43,quantity=134)
23:15:22.528 [main] INFO  c.o.v.MutatingRemoveAllMarketDataOrdersVisitor - [ORDERBOOK] Removing level:43
23:15:22.528 [main] DEBUG c.orderbook.OrderBook - [ORDERBOOK] ASK: Adding orderMktData(price=43,quantity=134)
23:15:22.528 [main] DEBUG c.orderbook.OrderBook - [ORDERBOOK] ASK: Adding orderMktData(price=76,quantity=145)
23:15:22.528 [main] DEBUG c.orderbook.OrderBook - [ORDERBOOK] ASK: Adding orderMktData(price=91,quantity=300)
23:15:22.528 [main] DEBUG c.orderbook.OrderBook - [ORDERBOOK] ASK: Adding orderMktData(price=93,quantity=200)
23:15:22.528 [main] DEBUG c.orderbook.OrderBook - [ORDERBOOK] ASK: Adding orderMktData(price=95,quantity=100)
23:15:22.528 [main] DEBUG c.orderbook.OrderBook - [ORDERBOOK] ASK: Adding orderMktData(price=98,quantity=154)
23:15:22.528 [main] INFO  c.o.v.MutatingMatchOneMarketDataOrderVisitor - [ORDERBOOK] visiting LevelOrderBookLevel(price=43,quantity=134)
23:15:22.528 [main] INFO  c.o.v.MutatingMatchOneMarketDataOrderVisitor - [ORDERBOOK] Can't match order:MktData(price=43,quantity=134)(MktData(price=98,quantity=154))
23:15:22.528 [main] INFO  c.o.v.MutatingRemoveAllMarketDataOrdersVisitor - [ORDERBOOK] Removing market data order:MktData(price=98,quantity=501)
23:15:22.528 [main] INFO  c.o.v.MutatingRemoveAllMarketDataOrdersVisitor - [ORDERBOOK] Removing level:98
23:15:22.528 [main] INFO  c.o.v.MutatingRemoveAllMarketDataOrdersVisitor - [ORDERBOOK] Removing market data order:MktData(price=101,quantity=200)
23:15:22.528 [main] INFO  c.o.v.MutatingRemoveAllMarketDataOrdersVisitor - [ORDERBOOK] Removing level:101
23:15:22.528 [main] INFO  c.o.v.MutatingRemoveAllMarketDataOrdersVisitor - [ORDERBOOK] Removing market data order:MktData(price=110,quantity=5000)
23:15:22.528 [main] INFO  c.o.v.MutatingRemoveAllMarketDataOrdersVisitor - [ORDERBOOK] Removing level:110
23:15:22.528 [main] INFO  c.o.v.MutatingRemoveAllMarketDataOrdersVisitor - [ORDERBOOK] Removing market data order:MktData(price=119,quantity=5600)
23:15:22.528 [main] INFO  c.o.v.MutatingRemoveAllMarketDataOrdersVisitor - [ORDERBOOK] Removing level:119
23:15:22.528 [main] INFO  c.o.v.MutatingRemoveAllMarketDataOrdersVisitor - [ORDERBOOK] Removing market data order:MktData(price=123,quantity=453)
23:15:22.528 [main] INFO  c.o.v.MutatingRemoveAllMarketDataOrdersVisitor - [ORDERBOOK] Removing level:123
23:15:22.528 [main] INFO  c.o.v.MutatingRemoveAllMarketDataOrdersVisitor - [ORDERBOOK] Removing market data order:MktData(price=144,quantity=645)
23:15:22.528 [main] INFO  c.o.v.MutatingRemoveAllMarketDataOrdersVisitor - [ORDERBOOK] Removing level:144
23:15:22.528 [main] INFO  c.o.v.MutatingRemoveAllMarketDataOrdersVisitor - [ORDERBOOK] Removing market data order:MktData(price=167,quantity=665)
23:15:22.528 [main] INFO  c.o.v.MutatingRemoveAllMarketDataOrdersVisitor - [ORDERBOOK] Removing level:167
23:15:22.528 [main] DEBUG c.orderbook.OrderBook - [ORDERBOOK] ASK: Adding orderMktData(price=98,quantity=501)
23:15:22.528 [main] DEBUG c.orderbook.OrderBook - [ORDERBOOK] ASK: Adding orderMktData(price=101,quantity=200)
23:15:22.528 [main] DEBUG c.orderbook.OrderBook - [ORDERBOOK] ASK: Adding orderMktData(price=110,quantity=5000)
23:15:22.528 [main] DEBUG c.orderbook.OrderBook - [ORDERBOOK] ASK: Adding orderMktData(price=119,quantity=5600)
23:15:22.528 [main] DEBUG c.orderbook.OrderBook - [ORDERBOOK] ASK: Adding orderMktData(price=123,quantity=453)
23:15:22.528 [main] DEBUG c.orderbook.OrderBook - [ORDERBOOK] ASK: Adding orderMktData(price=144,quantity=645)
23:15:22.528 [main] DEBUG c.orderbook.OrderBook - [ORDERBOOK] ASK: Adding orderMktData(price=167,quantity=665)
23:15:22.528 [main] DEBUG c.service.MarketDataService - [ALGO] BID: price:43 quantity:134
23:15:22.528 [main] DEBUG c.service.MarketDataService - [ALGO] BID: price:76 quantity:145
23:15:22.528 [main] DEBUG c.service.MarketDataService - [ALGO] BID: price:91 quantity:300
23:15:22.528 [main] DEBUG c.service.MarketDataService - [ALGO] BID: price:93 quantity:200
23:15:22.528 [main] DEBUG c.service.MarketDataService - [ALGO] BID: price:95 quantity:100
23:15:22.528 [main] DEBUG c.service.MarketDataService - [ALGO] BID: price:98 quantity:154
23:15:22.528 [main] DEBUG c.service.MarketDataService - [ALGO] ASK: price:98 quantity:501
23:15:22.528 [main] DEBUG c.service.MarketDataService - [ALGO] ASK: price:101 quantity:200
23:15:22.528 [main] DEBUG c.service.MarketDataService - [ALGO] ASK: price:110 quantity:5000
23:15:22.528 [main] DEBUG c.service.MarketDataService - [ALGO] ASK: price:119 quantity:5600
23:15:22.528 [main] DEBUG c.service.MarketDataService - [ALGO] ASK: price:123 quantity:453
23:15:22.528 [main] DEBUG c.service.MarketDataService - [ALGO] ASK: price:144 quantity:645
23:15:22.528 [main] DEBUG c.service.MarketDataService - [ALGO] ASK: price:167 quantity:665
23:15:22.528 [main] INFO  c.gettingstarted.MyAlgoLogic - [MYALGO] The state of the order book is:
|----BID-----||----ASK----|
    134 @ 43    501 @ 98
    145 @ 76   200 @ 101
    300 @ 91  5000 @ 110
    200 @ 93  5600 @ 119
    100 @ 95   453 @ 123
    154 @ 98   645 @ 144
          -    665 @ 167
|------------||-----------|

23:15:22.529 [main] INFO  c.gettingstarted.MyAlgoLogic - [MYALGO] Algo Sees Book as: 
|----BID-----||----ASK----|
    134 @ 43    501 @ 98
    145 @ 76   200 @ 101
    300 @ 91  5000 @ 110
    200 @ 93  5600 @ 119
    100 @ 95   453 @ 123
    154 @ 98   645 @ 144
          -    665 @ 167
|------------||-----------|

23:15:22.529 [main] INFO  c.gettingstarted.TimedLogic - [TIMEDLOGIC] Market is closed
23:15:22.529 [main] INFO  c.sequencer.consumer.LoggingConsumer - [141] 
|----BID-----|
    134 @ 43
    145 @ 76
    300 @ 91
    200 @ 93
    100 @ 95
    154 @ 98
|----ASK-----|
    501 @ 98
   200 @ 101
  5000 @ 110
  5600 @ 119
   453 @ 123
   645 @ 144
   665 @ 167

23:15:22.529 [main] INFO  c.orderbook.OrderBook - [ORDERBOOK] Processing Mkt Data Update
23:15:22.529 [main] INFO  c.o.v.MutatingRemoveAllMarketDataOrdersVisitor - [ORDERBOOK] Removing market data order:MktData(price=43,quantity=134)
23:15:22.529 [main] INFO  c.o.v.MutatingRemoveAllMarketDataOrdersVisitor - [ORDERBOOK] Removing level:43
23:15:22.529 [main] DEBUG c.orderbook.OrderBook - [ORDERBOOK] ASK: Adding orderMktData(price=43,quantity=134)
23:15:22.529 [main] DEBUG c.orderbook.OrderBook - [ORDERBOOK] ASK: Adding orderMktData(price=76,quantity=145)
23:15:22.529 [main] DEBUG c.orderbook.OrderBook - [ORDERBOOK] ASK: Adding orderMktData(price=91,quantity=300)
23:15:22.529 [main] DEBUG c.orderbook.OrderBook - [ORDERBOOK] ASK: Adding orderMktData(price=93,quantity=200)
23:15:22.529 [main] DEBUG c.orderbook.OrderBook - [ORDERBOOK] ASK: Adding orderMktData(price=95,quantity=100)
23:15:22.529 [main] DEBUG c.orderbook.OrderBook - [ORDERBOOK] ASK: Adding orderMktData(price=98,quantity=154)
23:15:22.529 [main] INFO  c.o.v.MutatingMatchOneMarketDataOrderVisitor - [ORDERBOOK] visiting LevelOrderBookLevel(price=43,quantity=134)
23:15:22.529 [main] INFO  c.o.v.MutatingMatchOneMarketDataOrderVisitor - [ORDERBOOK] Can't match order:MktData(price=43,quantity=134)(MktData(price=98,quantity=154))
23:15:22.529 [main] INFO  c.o.v.MutatingRemoveAllMarketDataOrdersVisitor - [ORDERBOOK] Removing market data order:MktData(price=98,quantity=501)
23:15:22.529 [main] INFO  c.o.v.MutatingRemoveAllMarketDataOrdersVisitor - [ORDERBOOK] Removing level:98
23:15:22.529 [main] INFO  c.o.v.MutatingRemoveAllMarketDataOrdersVisitor - [ORDERBOOK] Removing market data order:MktData(price=101,quantity=200)
23:15:22.529 [main] INFO  c.o.v.MutatingRemoveAllMarketDataOrdersVisitor - [ORDERBOOK] Removing level:101
23:15:22.529 [main] INFO  c.o.v.MutatingRemoveAllMarketDataOrdersVisitor - [ORDERBOOK] Removing market data order:MktData(price=110,quantity=5000)
23:15:22.529 [main] INFO  c.o.v.MutatingRemoveAllMarketDataOrdersVisitor - [ORDERBOOK] Removing level:110
23:15:22.529 [main] INFO  c.o.v.MutatingRemoveAllMarketDataOrdersVisitor - [ORDERBOOK] Removing market data order:MktData(price=119,quantity=5600)
23:15:22.529 [main] INFO  c.o.v.MutatingRemoveAllMarketDataOrdersVisitor - [ORDERBOOK] Removing level:119
23:15:22.529 [main] INFO  c.o.v.MutatingRemoveAllMarketDataOrdersVisitor - [ORDERBOOK] Removing market data order:MktData(price=123,quantity=453)
23:15:22.529 [main] INFO  c.o.v.MutatingRemoveAllMarketDataOrdersVisitor - [ORDERBOOK] Removing level:123
23:15:22.529 [main] INFO  c.o.v.MutatingRemoveAllMarketDataOrdersVisitor - [ORDERBOOK] Removing market data order:MktData(price=144,quantity=645)
23:15:22.529 [main] INFO  c.o.v.MutatingRemoveAllMarketDataOrdersVisitor - [ORDERBOOK] Removing level:144
23:15:22.529 [main] INFO  c.o.v.MutatingRemoveAllMarketDataOrdersVisitor - [ORDERBOOK] Removing market data order:MktData(price=167,quantity=665)
23:15:22.529 [main] INFO  c.o.v.MutatingRemoveAllMarketDataOrdersVisitor - [ORDERBOOK] Removing level:167
23:15:22.529 [main] DEBUG c.orderbook.OrderBook - [ORDERBOOK] ASK: Adding orderMktData(price=98,quantity=501)
23:15:22.529 [main] DEBUG c.orderbook.OrderBook - [ORDERBOOK] ASK: Adding orderMktData(price=101,quantity=200)
23:15:22.529 [main] DEBUG c.orderbook.OrderBook - [ORDERBOOK] ASK: Adding orderMktData(price=110,quantity=5000)
23:15:22.529 [main] DEBUG c.orderbook.OrderBook - [ORDERBOOK] ASK: Adding orderMktData(price=119,quantity=5600)
23:15:22.529 [main] DEBUG c.orderbook.OrderBook - [ORDERBOOK] ASK: Adding orderMktData(price=123,quantity=453)
23:15:22.529 [main] DEBUG c.orderbook.OrderBook - [ORDERBOOK] ASK: Adding orderMktData(price=144,quantity=645)
23:15:22.529 [main] DEBUG c.orderbook.OrderBook - [ORDERBOOK] ASK: Adding orderMktData(price=167,quantity=665)
23:15:22.529 [main] DEBUG c.service.MarketDataService - [ALGO] BID: price:43 quantity:134
23:15:22.529 [main] DEBUG c.service.MarketDataService - [ALGO] BID: price:76 quantity:145
23:15:22.529 [main] DEBUG c.service.MarketDataService - [ALGO] BID: price:91 quantity:300
23:15:22.529 [main] DEBUG c.service.MarketDataService - [ALGO] BID: price:93 quantity:200
23:15:22.529 [main] DEBUG c.service.MarketDataService - [ALGO] BID: price:95 quantity:100
23:15:22.529 [main] DEBUG c.service.MarketDataService - [ALGO] BID: price:98 quantity:154
23:15:22.529 [main] DEBUG c.service.MarketDataService - [ALGO] ASK: price:98 quantity:501
23:15:22.529 [main] DEBUG c.service.MarketDataService - [ALGO] ASK: price:101 quantity:200
23:15:22.529 [main] DEBUG c.service.MarketDataService - [ALGO] ASK: price:110 quantity:5000
23:15:22.529 [main] DEBUG c.service.MarketDataService - [ALGO] ASK: price:119 quantity:5600
23:15:22.529 [main] DEBUG c.service.MarketDataService - [ALGO] ASK: price:123 quantity:453
23:15:22.529 [main] DEBUG c.service.MarketDataService - [ALGO] ASK: price:144 quantity:645
23:15:22.529 [main] DEBUG c.service.MarketDataService - [ALGO] ASK: price:167 quantity:665
23:15:22.529 [main] INFO  c.gettingstarted.MyAlgoLogic - [MYALGO] The state of the order book is:
|----BID-----||----ASK----|
    134 @ 43    501 @ 98
    145 @ 76   200 @ 101
    300 @ 91  5000 @ 110
    200 @ 93  5600 @ 119
    100 @ 95   453 @ 123
    154 @ 98   645 @ 144
          -    665 @ 167
|------------||-----------|

23:15:22.530 [main] INFO  c.gettingstarted.MyAlgoLogic - [MYALGO] Algo Sees Book as: 
|----BID-----||----ASK----|
    134 @ 43    501 @ 98
    145 @ 76   200 @ 101
    300 @ 91  5000 @ 110
    200 @ 93  5600 @ 119
    100 @ 95   453 @ 123
    154 @ 98   645 @ 144
          -    665 @ 167
|------------||-----------|

23:15:22.530 [main] INFO  c.gettingstarted.TimedLogic - [TIMEDLOGIC] Market is closed
23:15:22.530 [main] INFO  c.sequencer.consumer.LoggingConsumer - [142] 
|----BID-----|
    134 @ 43
    145 @ 76
    300 @ 91
    200 @ 93
    100 @ 95
    154 @ 98
|----ASK-----|
    501 @ 98
   200 @ 101
  5000 @ 110
  5600 @ 119
   453 @ 123
   645 @ 144
   665 @ 167

23:15:22.530 [main] INFO  c.orderbook.OrderBook - [ORDERBOOK] Processing Mkt Data Update
23:15:22.530 [main] INFO  c.o.v.MutatingRemoveAllMarketDataOrdersVisitor - [ORDERBOOK] Removing market data order:MktData(price=43,quantity=134)
23:15:22.530 [main] INFO  c.o.v.MutatingRemoveAllMarketDataOrdersVisitor - [ORDERBOOK] Removing level:43
23:15:22.530 [main] DEBUG c.orderbook.OrderBook - [ORDERBOOK] ASK: Adding orderMktData(price=43,quantity=134)
23:15:22.530 [main] DEBUG c.orderbook.OrderBook - [ORDERBOOK] ASK: Adding orderMktData(price=76,quantity=145)
23:15:22.530 [main] DEBUG c.orderbook.OrderBook - [ORDERBOOK] ASK: Adding orderMktData(price=91,quantity=300)
23:15:22.530 [main] DEBUG c.orderbook.OrderBook - [ORDERBOOK] ASK: Adding orderMktData(price=93,quantity=200)
23:15:22.530 [main] DEBUG c.orderbook.OrderBook - [ORDERBOOK] ASK: Adding orderMktData(price=95,quantity=100)
23:15:22.530 [main] DEBUG c.orderbook.OrderBook - [ORDERBOOK] ASK: Adding orderMktData(price=98,quantity=154)
23:15:22.530 [main] INFO  c.o.v.MutatingMatchOneMarketDataOrderVisitor - [ORDERBOOK] visiting LevelOrderBookLevel(price=43,quantity=134)
23:15:22.530 [main] INFO  c.o.v.MutatingMatchOneMarketDataOrderVisitor - [ORDERBOOK] Can't match order:MktData(price=43,quantity=134)(MktData(price=98,quantity=154))
23:15:22.530 [main] INFO  c.o.v.MutatingRemoveAllMarketDataOrdersVisitor - [ORDERBOOK] Removing market data order:MktData(price=98,quantity=501)
23:15:22.530 [main] INFO  c.o.v.MutatingRemoveAllMarketDataOrdersVisitor - [ORDERBOOK] Removing level:98
23:15:22.530 [main] INFO  c.o.v.MutatingRemoveAllMarketDataOrdersVisitor - [ORDERBOOK] Removing market data order:MktData(price=101,quantity=200)
23:15:22.530 [main] INFO  c.o.v.MutatingRemoveAllMarketDataOrdersVisitor - [ORDERBOOK] Removing level:101
23:15:22.530 [main] INFO  c.o.v.MutatingRemoveAllMarketDataOrdersVisitor - [ORDERBOOK] Removing market data order:MktData(price=110,quantity=5000)
23:15:22.530 [main] INFO  c.o.v.MutatingRemoveAllMarketDataOrdersVisitor - [ORDERBOOK] Removing level:110
23:15:22.530 [main] INFO  c.o.v.MutatingRemoveAllMarketDataOrdersVisitor - [ORDERBOOK] Removing market data order:MktData(price=119,quantity=5600)
23:15:22.530 [main] INFO  c.o.v.MutatingRemoveAllMarketDataOrdersVisitor - [ORDERBOOK] Removing level:119
23:15:22.530 [main] INFO  c.o.v.MutatingRemoveAllMarketDataOrdersVisitor - [ORDERBOOK] Removing market data order:MktData(price=123,quantity=453)
23:15:22.530 [main] INFO  c.o.v.MutatingRemoveAllMarketDataOrdersVisitor - [ORDERBOOK] Removing level:123
23:15:22.530 [main] INFO  c.o.v.MutatingRemoveAllMarketDataOrdersVisitor - [ORDERBOOK] Removing market data order:MktData(price=144,quantity=645)
23:15:22.530 [main] INFO  c.o.v.MutatingRemoveAllMarketDataOrdersVisitor - [ORDERBOOK] Removing level:144
23:15:22.530 [main] INFO  c.o.v.MutatingRemoveAllMarketDataOrdersVisitor - [ORDERBOOK] Removing market data order:MktData(price=167,quantity=665)
23:15:22.530 [main] INFO  c.o.v.MutatingRemoveAllMarketDataOrdersVisitor - [ORDERBOOK] Removing level:167
23:15:22.530 [main] DEBUG c.orderbook.OrderBook - [ORDERBOOK] ASK: Adding orderMktData(price=98,quantity=501)
23:15:22.530 [main] DEBUG c.orderbook.OrderBook - [ORDERBOOK] ASK: Adding orderMktData(price=101,quantity=200)
23:15:22.530 [main] DEBUG c.orderbook.OrderBook - [ORDERBOOK] ASK: Adding orderMktData(price=110,quantity=5000)
23:15:22.530 [main] DEBUG c.orderbook.OrderBook - [ORDERBOOK] ASK: Adding orderMktData(price=119,quantity=5600)
23:15:22.530 [main] DEBUG c.orderbook.OrderBook - [ORDERBOOK] ASK: Adding orderMktData(price=123,quantity=453)
23:15:22.530 [main] DEBUG c.orderbook.OrderBook - [ORDERBOOK] ASK: Adding orderMktData(price=144,quantity=645)
23:15:22.530 [main] DEBUG c.orderbook.OrderBook - [ORDERBOOK] ASK: Adding orderMktData(price=167,quantity=665)
23:15:22.530 [main] DEBUG c.service.MarketDataService - [ALGO] BID: price:43 quantity:134
23:15:22.530 [main] DEBUG c.service.MarketDataService - [ALGO] BID: price:76 quantity:145
23:15:22.530 [main] DEBUG c.service.MarketDataService - [ALGO] BID: price:91 quantity:300
23:15:22.530 [main] DEBUG c.service.MarketDataService - [ALGO] BID: price:93 quantity:200
23:15:22.530 [main] DEBUG c.service.MarketDataService - [ALGO] BID: price:95 quantity:100
23:15:22.530 [main] DEBUG c.service.MarketDataService - [ALGO] BID: price:98 quantity:154
23:15:22.530 [main] DEBUG c.service.MarketDataService - [ALGO] ASK: price:98 quantity:501
23:15:22.530 [main] DEBUG c.service.MarketDataService - [ALGO] ASK: price:101 quantity:200
23:15:22.530 [main] DEBUG c.service.MarketDataService - [ALGO] ASK: price:110 quantity:5000
23:15:22.530 [main] DEBUG c.service.MarketDataService - [ALGO] ASK: price:119 quantity:5600
23:15:22.530 [main] DEBUG c.service.MarketDataService - [ALGO] ASK: price:123 quantity:453
23:15:22.530 [main] DEBUG c.service.MarketDataService - [ALGO] ASK: price:144 quantity:645
23:15:22.530 [main] DEBUG c.service.MarketDataService - [ALGO] ASK: price:167 quantity:665
23:15:22.530 [main] INFO  c.gettingstarted.MyAlgoLogic - [MYALGO] The state of the order book is:
|----BID-----||----ASK----|
    134 @ 43    501 @ 98
    145 @ 76   200 @ 101
    300 @ 91  5000 @ 110
    200 @ 93  5600 @ 119
    100 @ 95   453 @ 123
    154 @ 98   645 @ 144
          -    665 @ 167
|------------||-----------|

23:15:22.530 [main] INFO  c.gettingstarted.MyAlgoLogic - [MYALGO] Algo Sees Book as: 
|----BID-----||----ASK----|
    134 @ 43    501 @ 98
    145 @ 76   200 @ 101
    300 @ 91  5000 @ 110
    200 @ 93  5600 @ 119
    100 @ 95   453 @ 123
    154 @ 98   645 @ 144
          -    665 @ 167
|------------||-----------|

23:15:22.530 [main] INFO  c.gettingstarted.TimedLogic - [TIMEDLOGIC] Market is closed
23:15:22.530 [main] INFO  c.sequencer.consumer.LoggingConsumer - [143] 
|----BID-----|
    134 @ 43
    145 @ 76
    300 @ 91
    200 @ 93
    100 @ 95
    154 @ 98
|----ASK-----|
    501 @ 98
   200 @ 101
  5000 @ 110
  5600 @ 119
   453 @ 123
   645 @ 144
   665 @ 167

23:15:22.530 [main] INFO  c.orderbook.OrderBook - [ORDERBOOK] Processing Mkt Data Update
23:15:22.530 [main] INFO  c.o.v.MutatingRemoveAllMarketDataOrdersVisitor - [ORDERBOOK] Removing market data order:MktData(price=43,quantity=134)
23:15:22.530 [main] INFO  c.o.v.MutatingRemoveAllMarketDataOrdersVisitor - [ORDERBOOK] Removing level:43
23:15:22.530 [main] DEBUG c.orderbook.OrderBook - [ORDERBOOK] ASK: Adding orderMktData(price=43,quantity=134)
23:15:22.531 [main] DEBUG c.orderbook.OrderBook - [ORDERBOOK] ASK: Adding orderMktData(price=76,quantity=145)
23:15:22.531 [main] DEBUG c.orderbook.OrderBook - [ORDERBOOK] ASK: Adding orderMktData(price=91,quantity=300)
23:15:22.531 [main] DEBUG c.orderbook.OrderBook - [ORDERBOOK] ASK: Adding orderMktData(price=93,quantity=200)
23:15:22.531 [main] DEBUG c.orderbook.OrderBook - [ORDERBOOK] ASK: Adding orderMktData(price=95,quantity=100)
23:15:22.531 [main] DEBUG c.orderbook.OrderBook - [ORDERBOOK] ASK: Adding orderMktData(price=98,quantity=154)
23:15:22.531 [main] INFO  c.o.v.MutatingMatchOneMarketDataOrderVisitor - [ORDERBOOK] visiting LevelOrderBookLevel(price=43,quantity=134)
23:15:22.531 [main] INFO  c.o.v.MutatingMatchOneMarketDataOrderVisitor - [ORDERBOOK] Can't match order:MktData(price=43,quantity=134)(MktData(price=98,quantity=154))
23:15:22.531 [main] INFO  c.o.v.MutatingRemoveAllMarketDataOrdersVisitor - [ORDERBOOK] Removing market data order:MktData(price=98,quantity=501)
23:15:22.531 [main] INFO  c.o.v.MutatingRemoveAllMarketDataOrdersVisitor - [ORDERBOOK] Removing level:98
23:15:22.531 [main] INFO  c.o.v.MutatingRemoveAllMarketDataOrdersVisitor - [ORDERBOOK] Removing market data order:MktData(price=101,quantity=200)
23:15:22.531 [main] INFO  c.o.v.MutatingRemoveAllMarketDataOrdersVisitor - [ORDERBOOK] Removing level:101
23:15:22.531 [main] INFO  c.o.v.MutatingRemoveAllMarketDataOrdersVisitor - [ORDERBOOK] Removing market data order:MktData(price=110,quantity=5000)
23:15:22.531 [main] INFO  c.o.v.MutatingRemoveAllMarketDataOrdersVisitor - [ORDERBOOK] Removing level:110
23:15:22.531 [main] INFO  c.o.v.MutatingRemoveAllMarketDataOrdersVisitor - [ORDERBOOK] Removing market data order:MktData(price=119,quantity=5600)
23:15:22.531 [main] INFO  c.o.v.MutatingRemoveAllMarketDataOrdersVisitor - [ORDERBOOK] Removing level:119
23:15:22.531 [main] INFO  c.o.v.MutatingRemoveAllMarketDataOrdersVisitor - [ORDERBOOK] Removing market data order:MktData(price=123,quantity=453)
23:15:22.531 [main] INFO  c.o.v.MutatingRemoveAllMarketDataOrdersVisitor - [ORDERBOOK] Removing level:123
23:15:22.531 [main] INFO  c.o.v.MutatingRemoveAllMarketDataOrdersVisitor - [ORDERBOOK] Removing market data order:MktData(price=144,quantity=645)
23:15:22.531 [main] INFO  c.o.v.MutatingRemoveAllMarketDataOrdersVisitor - [ORDERBOOK] Removing level:144
23:15:22.531 [main] INFO  c.o.v.MutatingRemoveAllMarketDataOrdersVisitor - [ORDERBOOK] Removing market data order:MktData(price=167,quantity=665)
23:15:22.531 [main] INFO  c.o.v.MutatingRemoveAllMarketDataOrdersVisitor - [ORDERBOOK] Removing level:167
23:15:22.531 [main] DEBUG c.orderbook.OrderBook - [ORDERBOOK] ASK: Adding orderMktData(price=98,quantity=501)
23:15:22.531 [main] DEBUG c.orderbook.OrderBook - [ORDERBOOK] ASK: Adding orderMktData(price=101,quantity=200)
23:15:22.531 [main] DEBUG c.orderbook.OrderBook - [ORDERBOOK] ASK: Adding orderMktData(price=110,quantity=5000)
23:15:22.531 [main] DEBUG c.orderbook.OrderBook - [ORDERBOOK] ASK: Adding orderMktData(price=119,quantity=5600)
23:15:22.531 [main] DEBUG c.orderbook.OrderBook - [ORDERBOOK] ASK: Adding orderMktData(price=123,quantity=453)
23:15:22.531 [main] DEBUG c.orderbook.OrderBook - [ORDERBOOK] ASK: Adding orderMktData(price=144,quantity=645)
23:15:22.531 [main] DEBUG c.orderbook.OrderBook - [ORDERBOOK] ASK: Adding orderMktData(price=167,quantity=665)
23:15:22.531 [main] DEBUG c.service.MarketDataService - [ALGO] BID: price:43 quantity:134
23:15:22.531 [main] DEBUG c.service.MarketDataService - [ALGO] BID: price:76 quantity:145
23:15:22.531 [main] DEBUG c.service.MarketDataService - [ALGO] BID: price:91 quantity:300
23:15:22.531 [main] DEBUG c.service.MarketDataService - [ALGO] BID: price:93 quantity:200
23:15:22.531 [main] DEBUG c.service.MarketDataService - [ALGO] BID: price:95 quantity:100
23:15:22.531 [main] DEBUG c.service.MarketDataService - [ALGO] BID: price:98 quantity:154
23:15:22.531 [main] DEBUG c.service.MarketDataService - [ALGO] ASK: price:98 quantity:501
23:15:22.531 [main] DEBUG c.service.MarketDataService - [ALGO] ASK: price:101 quantity:200
23:15:22.531 [main] DEBUG c.service.MarketDataService - [ALGO] ASK: price:110 quantity:5000
23:15:22.531 [main] DEBUG c.service.MarketDataService - [ALGO] ASK: price:119 quantity:5600
23:15:22.531 [main] DEBUG c.service.MarketDataService - [ALGO] ASK: price:123 quantity:453
23:15:22.531 [main] DEBUG c.service.MarketDataService - [ALGO] ASK: price:144 quantity:645
23:15:22.531 [main] DEBUG c.service.MarketDataService - [ALGO] ASK: price:167 quantity:665
23:15:22.531 [main] INFO  c.gettingstarted.MyAlgoLogic - [MYALGO] The state of the order book is:
|----BID-----||----ASK----|
    134 @ 43    501 @ 98
    145 @ 76   200 @ 101
    300 @ 91  5000 @ 110
    200 @ 93  5600 @ 119
    100 @ 95   453 @ 123
    154 @ 98   645 @ 144
          -    665 @ 167
|------------||-----------|

23:15:22.531 [main] INFO  c.gettingstarted.MyAlgoLogic - [MYALGO] Algo Sees Book as: 
|----BID-----||----ASK----|
    134 @ 43    501 @ 98
    145 @ 76   200 @ 101
    300 @ 91  5000 @ 110
    200 @ 93  5600 @ 119
    100 @ 95   453 @ 123
    154 @ 98   645 @ 144
          -    665 @ 167
|------------||-----------|

23:15:22.531 [main] INFO  c.gettingstarted.TimedLogic - [TIMEDLOGIC] Market is closed
23:15:22.531 [main] INFO  c.sequencer.consumer.LoggingConsumer - [144] 
|----BID-----|
    134 @ 43
    145 @ 76
    300 @ 91
    200 @ 93
    100 @ 95
    154 @ 98
|----ASK-----|
    501 @ 98
   200 @ 101
  5000 @ 110
  5600 @ 119
   453 @ 123
   645 @ 144
   665 @ 167

23:15:22.531 [main] INFO  c.orderbook.OrderBook - [ORDERBOOK] Processing Mkt Data Update
23:15:22.531 [main] INFO  c.o.v.MutatingRemoveAllMarketDataOrdersVisitor - [ORDERBOOK] Removing market data order:MktData(price=43,quantity=134)
23:15:22.531 [main] INFO  c.o.v.MutatingRemoveAllMarketDataOrdersVisitor - [ORDERBOOK] Removing level:43
23:15:22.531 [main] DEBUG c.orderbook.OrderBook - [ORDERBOOK] ASK: Adding orderMktData(price=43,quantity=134)
23:15:22.531 [main] DEBUG c.orderbook.OrderBook - [ORDERBOOK] ASK: Adding orderMktData(price=76,quantity=145)
23:15:22.531 [main] DEBUG c.orderbook.OrderBook - [ORDERBOOK] ASK: Adding orderMktData(price=91,quantity=300)
23:15:22.531 [main] DEBUG c.orderbook.OrderBook - [ORDERBOOK] ASK: Adding orderMktData(price=93,quantity=200)
23:15:22.531 [main] DEBUG c.orderbook.OrderBook - [ORDERBOOK] ASK: Adding orderMktData(price=95,quantity=100)
23:15:22.531 [main] DEBUG c.orderbook.OrderBook - [ORDERBOOK] ASK: Adding orderMktData(price=98,quantity=154)
23:15:22.531 [main] INFO  c.o.v.MutatingMatchOneMarketDataOrderVisitor - [ORDERBOOK] visiting LevelOrderBookLevel(price=43,quantity=134)
23:15:22.531 [main] INFO  c.o.v.MutatingMatchOneMarketDataOrderVisitor - [ORDERBOOK] Can't match order:MktData(price=43,quantity=134)(MktData(price=98,quantity=154))
23:15:22.531 [main] INFO  c.o.v.MutatingRemoveAllMarketDataOrdersVisitor - [ORDERBOOK] Removing market data order:MktData(price=98,quantity=501)
23:15:22.531 [main] INFO  c.o.v.MutatingRemoveAllMarketDataOrdersVisitor - [ORDERBOOK] Removing level:98
23:15:22.531 [main] INFO  c.o.v.MutatingRemoveAllMarketDataOrdersVisitor - [ORDERBOOK] Removing market data order:MktData(price=101,quantity=200)
23:15:22.531 [main] INFO  c.o.v.MutatingRemoveAllMarketDataOrdersVisitor - [ORDERBOOK] Removing level:101
23:15:22.531 [main] INFO  c.o.v.MutatingRemoveAllMarketDataOrdersVisitor - [ORDERBOOK] Removing market data order:MktData(price=110,quantity=5000)
23:15:22.531 [main] INFO  c.o.v.MutatingRemoveAllMarketDataOrdersVisitor - [ORDERBOOK] Removing level:110
23:15:22.531 [main] INFO  c.o.v.MutatingRemoveAllMarketDataOrdersVisitor - [ORDERBOOK] Removing market data order:MktData(price=119,quantity=5600)
23:15:22.531 [main] INFO  c.o.v.MutatingRemoveAllMarketDataOrdersVisitor - [ORDERBOOK] Removing level:119
23:15:22.531 [main] INFO  c.o.v.MutatingRemoveAllMarketDataOrdersVisitor - [ORDERBOOK] Removing market data order:MktData(price=123,quantity=453)
23:15:22.531 [main] INFO  c.o.v.MutatingRemoveAllMarketDataOrdersVisitor - [ORDERBOOK] Removing level:123
23:15:22.531 [main] INFO  c.o.v.MutatingRemoveAllMarketDataOrdersVisitor - [ORDERBOOK] Removing market data order:MktData(price=144,quantity=645)
23:15:22.531 [main] INFO  c.o.v.MutatingRemoveAllMarketDataOrdersVisitor - [ORDERBOOK] Removing level:144
23:15:22.531 [main] INFO  c.o.v.MutatingRemoveAllMarketDataOrdersVisitor - [ORDERBOOK] Removing market data order:MktData(price=167,quantity=665)
23:15:22.531 [main] INFO  c.o.v.MutatingRemoveAllMarketDataOrdersVisitor - [ORDERBOOK] Removing level:167
23:15:22.531 [main] DEBUG c.orderbook.OrderBook - [ORDERBOOK] ASK: Adding orderMktData(price=98,quantity=501)
23:15:22.531 [main] DEBUG c.orderbook.OrderBook - [ORDERBOOK] ASK: Adding orderMktData(price=101,quantity=200)
23:15:22.531 [main] DEBUG c.orderbook.OrderBook - [ORDERBOOK] ASK: Adding orderMktData(price=110,quantity=5000)
23:15:22.531 [main] DEBUG c.orderbook.OrderBook - [ORDERBOOK] ASK: Adding orderMktData(price=119,quantity=5600)
23:15:22.531 [main] DEBUG c.orderbook.OrderBook - [ORDERBOOK] ASK: Adding orderMktData(price=123,quantity=453)
23:15:22.531 [main] DEBUG c.orderbook.OrderBook - [ORDERBOOK] ASK: Adding orderMktData(price=144,quantity=645)
23:15:22.531 [main] DEBUG c.orderbook.OrderBook - [ORDERBOOK] ASK: Adding orderMktData(price=167,quantity=665)
23:15:22.531 [main] DEBUG c.service.MarketDataService - [ALGO] BID: price:43 quantity:134
23:15:22.531 [main] DEBUG c.service.MarketDataService - [ALGO] BID: price:76 quantity:145
23:15:22.531 [main] DEBUG c.service.MarketDataService - [ALGO] BID: price:91 quantity:300
23:15:22.531 [main] DEBUG c.service.MarketDataService - [ALGO] BID: price:93 quantity:200
23:15:22.531 [main] DEBUG c.service.MarketDataService - [ALGO] BID: price:95 quantity:100
23:15:22.531 [main] DEBUG c.service.MarketDataService - [ALGO] BID: price:98 quantity:154
23:15:22.531 [main] DEBUG c.service.MarketDataService - [ALGO] ASK: price:98 quantity:501
23:15:22.531 [main] DEBUG c.service.MarketDataService - [ALGO] ASK: price:101 quantity:200
23:15:22.531 [main] DEBUG c.service.MarketDataService - [ALGO] ASK: price:110 quantity:5000
23:15:22.531 [main] DEBUG c.service.MarketDataService - [ALGO] ASK: price:119 quantity:5600
23:15:22.531 [main] DEBUG c.service.MarketDataService - [ALGO] ASK: price:123 quantity:453
23:15:22.531 [main] DEBUG c.service.MarketDataService - [ALGO] ASK: price:144 quantity:645
23:15:22.531 [main] DEBUG c.service.MarketDataService - [ALGO] ASK: price:167 quantity:665
23:15:22.532 [main] INFO  c.gettingstarted.MyAlgoLogic - [MYALGO] The state of the order book is:
|----BID-----||----ASK----|
    134 @ 43    501 @ 98
    145 @ 76   200 @ 101
    300 @ 91  5000 @ 110
    200 @ 93  5600 @ 119
    100 @ 95   453 @ 123
    154 @ 98   645 @ 144
          -    665 @ 167
|------------||-----------|

23:15:22.532 [main] INFO  c.gettingstarted.MyAlgoLogic - [MYALGO] Algo Sees Book as: 
|----BID-----||----ASK----|
    134 @ 43    501 @ 98
    145 @ 76   200 @ 101
    300 @ 91  5000 @ 110
    200 @ 93  5600 @ 119
    100 @ 95   453 @ 123
    154 @ 98   645 @ 144
          -    665 @ 167
|------------||-----------|

23:15:22.532 [main] INFO  c.gettingstarted.TimedLogic - [TIMEDLOGIC] Market is closed
23:15:22.532 [main] INFO  c.sequencer.consumer.LoggingConsumer - [145] 
|----BID-----|
    134 @ 43
    145 @ 76
    300 @ 91
    200 @ 93
    100 @ 95
    154 @ 98
|----ASK-----|
    501 @ 98
   200 @ 101
  5000 @ 110
  5600 @ 119
   453 @ 123
   645 @ 144
   665 @ 167

23:15:22.532 [main] INFO  c.orderbook.OrderBook - [ORDERBOOK] Processing Mkt Data Update
23:15:22.532 [main] INFO  c.o.v.MutatingRemoveAllMarketDataOrdersVisitor - [ORDERBOOK] Removing market data order:MktData(price=43,quantity=134)
23:15:22.532 [main] INFO  c.o.v.MutatingRemoveAllMarketDataOrdersVisitor - [ORDERBOOK] Removing level:43
23:15:22.532 [main] DEBUG c.orderbook.OrderBook - [ORDERBOOK] ASK: Adding orderMktData(price=43,quantity=134)
23:15:22.532 [main] DEBUG c.orderbook.OrderBook - [ORDERBOOK] ASK: Adding orderMktData(price=76,quantity=145)
23:15:22.532 [main] DEBUG c.orderbook.OrderBook - [ORDERBOOK] ASK: Adding orderMktData(price=91,quantity=300)
23:15:22.532 [main] DEBUG c.orderbook.OrderBook - [ORDERBOOK] ASK: Adding orderMktData(price=93,quantity=200)
23:15:22.532 [main] DEBUG c.orderbook.OrderBook - [ORDERBOOK] ASK: Adding orderMktData(price=95,quantity=100)
23:15:22.532 [main] DEBUG c.orderbook.OrderBook - [ORDERBOOK] ASK: Adding orderMktData(price=98,quantity=154)
23:15:22.532 [main] INFO  c.o.v.MutatingMatchOneMarketDataOrderVisitor - [ORDERBOOK] visiting LevelOrderBookLevel(price=43,quantity=134)
23:15:22.532 [main] INFO  c.o.v.MutatingMatchOneMarketDataOrderVisitor - [ORDERBOOK] Can't match order:MktData(price=43,quantity=134)(MktData(price=98,quantity=154))
23:15:22.532 [main] INFO  c.o.v.MutatingRemoveAllMarketDataOrdersVisitor - [ORDERBOOK] Removing market data order:MktData(price=98,quantity=501)
23:15:22.532 [main] INFO  c.o.v.MutatingRemoveAllMarketDataOrdersVisitor - [ORDERBOOK] Removing level:98
23:15:22.532 [main] INFO  c.o.v.MutatingRemoveAllMarketDataOrdersVisitor - [ORDERBOOK] Removing market data order:MktData(price=101,quantity=200)
23:15:22.532 [main] INFO  c.o.v.MutatingRemoveAllMarketDataOrdersVisitor - [ORDERBOOK] Removing level:101
23:15:22.532 [main] INFO  c.o.v.MutatingRemoveAllMarketDataOrdersVisitor - [ORDERBOOK] Removing market data order:MktData(price=110,quantity=5000)
23:15:22.532 [main] INFO  c.o.v.MutatingRemoveAllMarketDataOrdersVisitor - [ORDERBOOK] Removing level:110
23:15:22.532 [main] INFO  c.o.v.MutatingRemoveAllMarketDataOrdersVisitor - [ORDERBOOK] Removing market data order:MktData(price=119,quantity=5600)
23:15:22.532 [main] INFO  c.o.v.MutatingRemoveAllMarketDataOrdersVisitor - [ORDERBOOK] Removing level:119
23:15:22.532 [main] INFO  c.o.v.MutatingRemoveAllMarketDataOrdersVisitor - [ORDERBOOK] Removing market data order:MktData(price=123,quantity=453)
23:15:22.532 [main] INFO  c.o.v.MutatingRemoveAllMarketDataOrdersVisitor - [ORDERBOOK] Removing level:123
23:15:22.532 [main] INFO  c.o.v.MutatingRemoveAllMarketDataOrdersVisitor - [ORDERBOOK] Removing market data order:MktData(price=144,quantity=645)
23:15:22.532 [main] INFO  c.o.v.MutatingRemoveAllMarketDataOrdersVisitor - [ORDERBOOK] Removing level:144
23:15:22.532 [main] INFO  c.o.v.MutatingRemoveAllMarketDataOrdersVisitor - [ORDERBOOK] Removing market data order:MktData(price=167,quantity=665)
23:15:22.532 [main] INFO  c.o.v.MutatingRemoveAllMarketDataOrdersVisitor - [ORDERBOOK] Removing level:167
23:15:22.532 [main] DEBUG c.orderbook.OrderBook - [ORDERBOOK] ASK: Adding orderMktData(price=98,quantity=501)
23:15:22.532 [main] DEBUG c.orderbook.OrderBook - [ORDERBOOK] ASK: Adding orderMktData(price=101,quantity=200)
23:15:22.532 [main] DEBUG c.orderbook.OrderBook - [ORDERBOOK] ASK: Adding orderMktData(price=110,quantity=5000)
23:15:22.532 [main] DEBUG c.orderbook.OrderBook - [ORDERBOOK] ASK: Adding orderMktData(price=119,quantity=5600)
23:15:22.532 [main] DEBUG c.orderbook.OrderBook - [ORDERBOOK] ASK: Adding orderMktData(price=123,quantity=453)
23:15:22.532 [main] DEBUG c.orderbook.OrderBook - [ORDERBOOK] ASK: Adding orderMktData(price=144,quantity=645)
23:15:22.532 [main] DEBUG c.orderbook.OrderBook - [ORDERBOOK] ASK: Adding orderMktData(price=167,quantity=665)
23:15:22.532 [main] DEBUG c.service.MarketDataService - [ALGO] BID: price:43 quantity:134
23:15:22.532 [main] DEBUG c.service.MarketDataService - [ALGO] BID: price:76 quantity:145
23:15:22.532 [main] DEBUG c.service.MarketDataService - [ALGO] BID: price:91 quantity:300
23:15:22.532 [main] DEBUG c.service.MarketDataService - [ALGO] BID: price:93 quantity:200
23:15:22.532 [main] DEBUG c.service.MarketDataService - [ALGO] BID: price:95 quantity:100
23:15:22.532 [main] DEBUG c.service.MarketDataService - [ALGO] BID: price:98 quantity:154
23:15:22.532 [main] DEBUG c.service.MarketDataService - [ALGO] ASK: price:98 quantity:501
23:15:22.532 [main] DEBUG c.service.MarketDataService - [ALGO] ASK: price:101 quantity:200
23:15:22.532 [main] DEBUG c.service.MarketDataService - [ALGO] ASK: price:110 quantity:5000
23:15:22.532 [main] DEBUG c.service.MarketDataService - [ALGO] ASK: price:119 quantity:5600
23:15:22.532 [main] DEBUG c.service.MarketDataService - [ALGO] ASK: price:123 quantity:453
23:15:22.532 [main] DEBUG c.service.MarketDataService - [ALGO] ASK: price:144 quantity:645
23:15:22.532 [main] DEBUG c.service.MarketDataService - [ALGO] ASK: price:167 quantity:665
23:15:22.532 [main] INFO  c.gettingstarted.MyAlgoLogic - [MYALGO] The state of the order book is:
|----BID-----||----ASK----|
    134 @ 43    501 @ 98
    145 @ 76   200 @ 101
    300 @ 91  5000 @ 110
    200 @ 93  5600 @ 119
    100 @ 95   453 @ 123
    154 @ 98   645 @ 144
          -    665 @ 167
|------------||-----------|

23:15:22.532 [main] INFO  c.gettingstarted.MyAlgoLogic - [MYALGO] Algo Sees Book as: 
|----BID-----||----ASK----|
    134 @ 43    501 @ 98
    145 @ 76   200 @ 101
    300 @ 91  5000 @ 110
    200 @ 93  5600 @ 119
    100 @ 95   453 @ 123
    154 @ 98   645 @ 144
          -    665 @ 167
|------------||-----------|

23:15:22.532 [main] INFO  c.gettingstarted.TimedLogic - [TIMEDLOGIC] Market is closed
23:15:22.532 [main] INFO  c.sequencer.consumer.LoggingConsumer - [146] 
|----BID-----|
    134 @ 43
    145 @ 76
    300 @ 91
    200 @ 93
    100 @ 95
    154 @ 98
|----ASK-----|
    501 @ 98
   200 @ 101
  5000 @ 110
  5600 @ 119
   453 @ 123
   645 @ 144
   665 @ 167

23:15:22.532 [main] INFO  c.orderbook.OrderBook - [ORDERBOOK] Processing Mkt Data Update
23:15:22.532 [main] INFO  c.o.v.MutatingRemoveAllMarketDataOrdersVisitor - [ORDERBOOK] Removing market data order:MktData(price=43,quantity=134)
23:15:22.532 [main] INFO  c.o.v.MutatingRemoveAllMarketDataOrdersVisitor - [ORDERBOOK] Removing level:43
23:15:22.532 [main] DEBUG c.orderbook.OrderBook - [ORDERBOOK] ASK: Adding orderMktData(price=43,quantity=134)
23:15:22.532 [main] DEBUG c.orderbook.OrderBook - [ORDERBOOK] ASK: Adding orderMktData(price=76,quantity=145)
23:15:22.532 [main] DEBUG c.orderbook.OrderBook - [ORDERBOOK] ASK: Adding orderMktData(price=91,quantity=300)
23:15:22.532 [main] DEBUG c.orderbook.OrderBook - [ORDERBOOK] ASK: Adding orderMktData(price=93,quantity=200)
23:15:22.532 [main] DEBUG c.orderbook.OrderBook - [ORDERBOOK] ASK: Adding orderMktData(price=95,quantity=100)
23:15:22.532 [main] DEBUG c.orderbook.OrderBook - [ORDERBOOK] ASK: Adding orderMktData(price=98,quantity=154)
23:15:22.533 [main] INFO  c.o.v.MutatingMatchOneMarketDataOrderVisitor - [ORDERBOOK] visiting LevelOrderBookLevel(price=43,quantity=134)
23:15:22.533 [main] INFO  c.o.v.MutatingMatchOneMarketDataOrderVisitor - [ORDERBOOK] Can't match order:MktData(price=43,quantity=134)(MktData(price=98,quantity=154))
23:15:22.533 [main] INFO  c.o.v.MutatingRemoveAllMarketDataOrdersVisitor - [ORDERBOOK] Removing market data order:MktData(price=98,quantity=501)
23:15:22.533 [main] INFO  c.o.v.MutatingRemoveAllMarketDataOrdersVisitor - [ORDERBOOK] Removing level:98
23:15:22.533 [main] INFO  c.o.v.MutatingRemoveAllMarketDataOrdersVisitor - [ORDERBOOK] Removing market data order:MktData(price=101,quantity=200)
23:15:22.533 [main] INFO  c.o.v.MutatingRemoveAllMarketDataOrdersVisitor - [ORDERBOOK] Removing level:101
23:15:22.533 [main] INFO  c.o.v.MutatingRemoveAllMarketDataOrdersVisitor - [ORDERBOOK] Removing market data order:MktData(price=110,quantity=5000)
23:15:22.533 [main] INFO  c.o.v.MutatingRemoveAllMarketDataOrdersVisitor - [ORDERBOOK] Removing level:110
23:15:22.533 [main] INFO  c.o.v.MutatingRemoveAllMarketDataOrdersVisitor - [ORDERBOOK] Removing market data order:MktData(price=119,quantity=5600)
23:15:22.533 [main] INFO  c.o.v.MutatingRemoveAllMarketDataOrdersVisitor - [ORDERBOOK] Removing level:119
23:15:22.533 [main] INFO  c.o.v.MutatingRemoveAllMarketDataOrdersVisitor - [ORDERBOOK] Removing market data order:MktData(price=123,quantity=453)
23:15:22.533 [main] INFO  c.o.v.MutatingRemoveAllMarketDataOrdersVisitor - [ORDERBOOK] Removing level:123
23:15:22.533 [main] INFO  c.o.v.MutatingRemoveAllMarketDataOrdersVisitor - [ORDERBOOK] Removing market data order:MktData(price=144,quantity=645)
23:15:22.533 [main] INFO  c.o.v.MutatingRemoveAllMarketDataOrdersVisitor - [ORDERBOOK] Removing level:144
23:15:22.533 [main] INFO  c.o.v.MutatingRemoveAllMarketDataOrdersVisitor - [ORDERBOOK] Removing market data order:MktData(price=167,quantity=665)
23:15:22.533 [main] INFO  c.o.v.MutatingRemoveAllMarketDataOrdersVisitor - [ORDERBOOK] Removing level:167
23:15:22.533 [main] DEBUG c.orderbook.OrderBook - [ORDERBOOK] ASK: Adding orderMktData(price=98,quantity=501)
23:15:22.533 [main] DEBUG c.orderbook.OrderBook - [ORDERBOOK] ASK: Adding orderMktData(price=101,quantity=200)
23:15:22.533 [main] DEBUG c.orderbook.OrderBook - [ORDERBOOK] ASK: Adding orderMktData(price=110,quantity=5000)
23:15:22.533 [main] DEBUG c.orderbook.OrderBook - [ORDERBOOK] ASK: Adding orderMktData(price=119,quantity=5600)
23:15:22.533 [main] DEBUG c.orderbook.OrderBook - [ORDERBOOK] ASK: Adding orderMktData(price=123,quantity=453)
23:15:22.533 [main] DEBUG c.orderbook.OrderBook - [ORDERBOOK] ASK: Adding orderMktData(price=144,quantity=645)
23:15:22.533 [main] DEBUG c.orderbook.OrderBook - [ORDERBOOK] ASK: Adding orderMktData(price=167,quantity=665)
23:15:22.533 [main] DEBUG c.service.MarketDataService - [ALGO] BID: price:43 quantity:134
23:15:22.533 [main] DEBUG c.service.MarketDataService - [ALGO] BID: price:76 quantity:145
23:15:22.533 [main] DEBUG c.service.MarketDataService - [ALGO] BID: price:91 quantity:300
23:15:22.533 [main] DEBUG c.service.MarketDataService - [ALGO] BID: price:93 quantity:200
23:15:22.533 [main] DEBUG c.service.MarketDataService - [ALGO] BID: price:95 quantity:100
23:15:22.533 [main] DEBUG c.service.MarketDataService - [ALGO] BID: price:98 quantity:154
23:15:22.533 [main] DEBUG c.service.MarketDataService - [ALGO] ASK: price:98 quantity:501
23:15:22.533 [main] DEBUG c.service.MarketDataService - [ALGO] ASK: price:101 quantity:200
23:15:22.533 [main] DEBUG c.service.MarketDataService - [ALGO] ASK: price:110 quantity:5000
23:15:22.533 [main] DEBUG c.service.MarketDataService - [ALGO] ASK: price:119 quantity:5600
23:15:22.533 [main] DEBUG c.service.MarketDataService - [ALGO] ASK: price:123 quantity:453
23:15:22.533 [main] DEBUG c.service.MarketDataService - [ALGO] ASK: price:144 quantity:645
23:15:22.533 [main] DEBUG c.service.MarketDataService - [ALGO] ASK: price:167 quantity:665
23:15:22.533 [main] INFO  c.gettingstarted.MyAlgoLogic - [MYALGO] The state of the order book is:
|----BID-----||----ASK----|
    134 @ 43    501 @ 98
    145 @ 76   200 @ 101
    300 @ 91  5000 @ 110
    200 @ 93  5600 @ 119
    100 @ 95   453 @ 123
    154 @ 98   645 @ 144
          -    665 @ 167
|------------||-----------|

23:15:22.533 [main] INFO  c.gettingstarted.MyAlgoLogic - [MYALGO] Algo Sees Book as: 
|----BID-----||----ASK----|
    134 @ 43    501 @ 98
    145 @ 76   200 @ 101
    300 @ 91  5000 @ 110
    200 @ 93  5600 @ 119
    100 @ 95   453 @ 123
    154 @ 98   645 @ 144
          -    665 @ 167
|------------||-----------|

23:15:22.533 [main] INFO  c.gettingstarted.TimedLogic - [TIMEDLOGIC] Market is closed
23:15:22.533 [main] INFO  c.sequencer.consumer.LoggingConsumer - [147] 
|----BID-----|
    134 @ 43
    145 @ 76
    300 @ 91
    200 @ 93
    100 @ 95
    154 @ 98
|----ASK-----|
    501 @ 98
   200 @ 101
  5000 @ 110
  5600 @ 119
   453 @ 123
   645 @ 144
   665 @ 167

23:15:22.533 [main] INFO  c.orderbook.OrderBook - [ORDERBOOK] Processing Mkt Data Update
23:15:22.533 [main] INFO  c.o.v.MutatingRemoveAllMarketDataOrdersVisitor - [ORDERBOOK] Removing market data order:MktData(price=43,quantity=134)
23:15:22.533 [main] INFO  c.o.v.MutatingRemoveAllMarketDataOrdersVisitor - [ORDERBOOK] Removing level:43
23:15:22.533 [main] DEBUG c.orderbook.OrderBook - [ORDERBOOK] ASK: Adding orderMktData(price=43,quantity=134)
23:15:22.533 [main] DEBUG c.orderbook.OrderBook - [ORDERBOOK] ASK: Adding orderMktData(price=76,quantity=145)
23:15:22.533 [main] DEBUG c.orderbook.OrderBook - [ORDERBOOK] ASK: Adding orderMktData(price=91,quantity=300)
23:15:22.533 [main] DEBUG c.orderbook.OrderBook - [ORDERBOOK] ASK: Adding orderMktData(price=93,quantity=200)
23:15:22.533 [main] DEBUG c.orderbook.OrderBook - [ORDERBOOK] ASK: Adding orderMktData(price=95,quantity=100)
23:15:22.533 [main] DEBUG c.orderbook.OrderBook - [ORDERBOOK] ASK: Adding orderMktData(price=98,quantity=154)
23:15:22.533 [main] INFO  c.o.v.MutatingMatchOneMarketDataOrderVisitor - [ORDERBOOK] visiting LevelOrderBookLevel(price=43,quantity=134)
23:15:22.533 [main] INFO  c.o.v.MutatingMatchOneMarketDataOrderVisitor - [ORDERBOOK] Can't match order:MktData(price=43,quantity=134)(MktData(price=98,quantity=154))
23:15:22.533 [main] INFO  c.o.v.MutatingRemoveAllMarketDataOrdersVisitor - [ORDERBOOK] Removing market data order:MktData(price=98,quantity=501)
23:15:22.533 [main] INFO  c.o.v.MutatingRemoveAllMarketDataOrdersVisitor - [ORDERBOOK] Removing level:98
23:15:22.533 [main] INFO  c.o.v.MutatingRemoveAllMarketDataOrdersVisitor - [ORDERBOOK] Removing market data order:MktData(price=101,quantity=200)
23:15:22.533 [main] INFO  c.o.v.MutatingRemoveAllMarketDataOrdersVisitor - [ORDERBOOK] Removing level:101
23:15:22.533 [main] INFO  c.o.v.MutatingRemoveAllMarketDataOrdersVisitor - [ORDERBOOK] Removing market data order:MktData(price=110,quantity=5000)
23:15:22.533 [main] INFO  c.o.v.MutatingRemoveAllMarketDataOrdersVisitor - [ORDERBOOK] Removing level:110
23:15:22.533 [main] INFO  c.o.v.MutatingRemoveAllMarketDataOrdersVisitor - [ORDERBOOK] Removing market data order:MktData(price=119,quantity=5600)
23:15:22.533 [main] INFO  c.o.v.MutatingRemoveAllMarketDataOrdersVisitor - [ORDERBOOK] Removing level:119
23:15:22.533 [main] INFO  c.o.v.MutatingRemoveAllMarketDataOrdersVisitor - [ORDERBOOK] Removing market data order:MktData(price=123,quantity=453)
23:15:22.533 [main] INFO  c.o.v.MutatingRemoveAllMarketDataOrdersVisitor - [ORDERBOOK] Removing level:123
23:15:22.533 [main] INFO  c.o.v.MutatingRemoveAllMarketDataOrdersVisitor - [ORDERBOOK] Removing market data order:MktData(price=144,quantity=645)
23:15:22.533 [main] INFO  c.o.v.MutatingRemoveAllMarketDataOrdersVisitor - [ORDERBOOK] Removing level:144
23:15:22.533 [main] INFO  c.o.v.MutatingRemoveAllMarketDataOrdersVisitor - [ORDERBOOK] Removing market data order:MktData(price=167,quantity=665)
23:15:22.533 [main] INFO  c.o.v.MutatingRemoveAllMarketDataOrdersVisitor - [ORDERBOOK] Removing level:167
23:15:22.533 [main] DEBUG c.orderbook.OrderBook - [ORDERBOOK] ASK: Adding orderMktData(price=98,quantity=501)
23:15:22.533 [main] DEBUG c.orderbook.OrderBook - [ORDERBOOK] ASK: Adding orderMktData(price=101,quantity=200)
23:15:22.533 [main] DEBUG c.orderbook.OrderBook - [ORDERBOOK] ASK: Adding orderMktData(price=110,quantity=5000)
23:15:22.533 [main] DEBUG c.orderbook.OrderBook - [ORDERBOOK] ASK: Adding orderMktData(price=119,quantity=5600)
23:15:22.533 [main] DEBUG c.orderbook.OrderBook - [ORDERBOOK] ASK: Adding orderMktData(price=123,quantity=453)
23:15:22.533 [main] DEBUG c.orderbook.OrderBook - [ORDERBOOK] ASK: Adding orderMktData(price=144,quantity=645)
23:15:22.533 [main] DEBUG c.orderbook.OrderBook - [ORDERBOOK] ASK: Adding orderMktData(price=167,quantity=665)
23:15:22.533 [main] DEBUG c.service.MarketDataService - [ALGO] BID: price:43 quantity:134
23:15:22.533 [main] DEBUG c.service.MarketDataService - [ALGO] BID: price:76 quantity:145
23:15:22.533 [main] DEBUG c.service.MarketDataService - [ALGO] BID: price:91 quantity:300
23:15:22.533 [main] DEBUG c.service.MarketDataService - [ALGO] BID: price:93 quantity:200
23:15:22.533 [main] DEBUG c.service.MarketDataService - [ALGO] BID: price:95 quantity:100
23:15:22.533 [main] DEBUG c.service.MarketDataService - [ALGO] BID: price:98 quantity:154
23:15:22.533 [main] DEBUG c.service.MarketDataService - [ALGO] ASK: price:98 quantity:501
23:15:22.533 [main] DEBUG c.service.MarketDataService - [ALGO] ASK: price:101 quantity:200
23:15:22.533 [main] DEBUG c.service.MarketDataService - [ALGO] ASK: price:110 quantity:5000
23:15:22.533 [main] DEBUG c.service.MarketDataService - [ALGO] ASK: price:119 quantity:5600
23:15:22.533 [main] DEBUG c.service.MarketDataService - [ALGO] ASK: price:123 quantity:453
23:15:22.533 [main] DEBUG c.service.MarketDataService - [ALGO] ASK: price:144 quantity:645
23:15:22.533 [main] DEBUG c.service.MarketDataService - [ALGO] ASK: price:167 quantity:665
23:15:22.533 [main] INFO  c.gettingstarted.MyAlgoLogic - [MYALGO] The state of the order book is:
|----BID-----||----ASK----|
    134 @ 43    501 @ 98
    145 @ 76   200 @ 101
    300 @ 91  5000 @ 110
    200 @ 93  5600 @ 119
    100 @ 95   453 @ 123
    154 @ 98   645 @ 144
          -    665 @ 167
|------------||-----------|

23:15:22.534 [main] INFO  c.gettingstarted.MyAlgoLogic - [MYALGO] Algo Sees Book as: 
|----BID-----||----ASK----|
    134 @ 43    501 @ 98
    145 @ 76   200 @ 101
    300 @ 91  5000 @ 110
    200 @ 93  5600 @ 119
    100 @ 95   453 @ 123
    154 @ 98   645 @ 144
          -    665 @ 167
|------------||-----------|

23:15:22.534 [main] INFO  c.gettingstarted.TimedLogic - [TIMEDLOGIC] Market is closed
23:15:22.534 [main] INFO  c.sequencer.consumer.LoggingConsumer - [148] 
|----BID-----|
    134 @ 43
    145 @ 76
    300 @ 91
    200 @ 93
    100 @ 95
    154 @ 98
|----ASK-----|
    501 @ 98
   200 @ 101
  5000 @ 110
  5600 @ 119
   453 @ 123
   645 @ 144
   665 @ 167

23:15:22.534 [main] INFO  c.orderbook.OrderBook - [ORDERBOOK] Processing Mkt Data Update
23:15:22.534 [main] INFO  c.o.v.MutatingRemoveAllMarketDataOrdersVisitor - [ORDERBOOK] Removing market data order:MktData(price=43,quantity=134)
23:15:22.534 [main] INFO  c.o.v.MutatingRemoveAllMarketDataOrdersVisitor - [ORDERBOOK] Removing level:43
23:15:22.534 [main] DEBUG c.orderbook.OrderBook - [ORDERBOOK] ASK: Adding orderMktData(price=43,quantity=134)
23:15:22.534 [main] DEBUG c.orderbook.OrderBook - [ORDERBOOK] ASK: Adding orderMktData(price=76,quantity=145)
23:15:22.534 [main] DEBUG c.orderbook.OrderBook - [ORDERBOOK] ASK: Adding orderMktData(price=91,quantity=300)
23:15:22.534 [main] DEBUG c.orderbook.OrderBook - [ORDERBOOK] ASK: Adding orderMktData(price=93,quantity=200)
23:15:22.534 [main] DEBUG c.orderbook.OrderBook - [ORDERBOOK] ASK: Adding orderMktData(price=95,quantity=100)
23:15:22.534 [main] DEBUG c.orderbook.OrderBook - [ORDERBOOK] ASK: Adding orderMktData(price=98,quantity=154)
23:15:22.534 [main] INFO  c.o.v.MutatingMatchOneMarketDataOrderVisitor - [ORDERBOOK] visiting LevelOrderBookLevel(price=43,quantity=134)
23:15:22.534 [main] INFO  c.o.v.MutatingMatchOneMarketDataOrderVisitor - [ORDERBOOK] Can't match order:MktData(price=43,quantity=134)(MktData(price=98,quantity=154))
23:15:22.534 [main] INFO  c.o.v.MutatingRemoveAllMarketDataOrdersVisitor - [ORDERBOOK] Removing market data order:MktData(price=98,quantity=501)
23:15:22.534 [main] INFO  c.o.v.MutatingRemoveAllMarketDataOrdersVisitor - [ORDERBOOK] Removing level:98
23:15:22.534 [main] INFO  c.o.v.MutatingRemoveAllMarketDataOrdersVisitor - [ORDERBOOK] Removing market data order:MktData(price=101,quantity=200)
23:15:22.534 [main] INFO  c.o.v.MutatingRemoveAllMarketDataOrdersVisitor - [ORDERBOOK] Removing level:101
23:15:22.534 [main] INFO  c.o.v.MutatingRemoveAllMarketDataOrdersVisitor - [ORDERBOOK] Removing market data order:MktData(price=110,quantity=5000)
23:15:22.534 [main] INFO  c.o.v.MutatingRemoveAllMarketDataOrdersVisitor - [ORDERBOOK] Removing level:110
23:15:22.534 [main] INFO  c.o.v.MutatingRemoveAllMarketDataOrdersVisitor - [ORDERBOOK] Removing market data order:MktData(price=119,quantity=5600)
23:15:22.534 [main] INFO  c.o.v.MutatingRemoveAllMarketDataOrdersVisitor - [ORDERBOOK] Removing level:119
23:15:22.534 [main] INFO  c.o.v.MutatingRemoveAllMarketDataOrdersVisitor - [ORDERBOOK] Removing market data order:MktData(price=123,quantity=453)
23:15:22.534 [main] INFO  c.o.v.MutatingRemoveAllMarketDataOrdersVisitor - [ORDERBOOK] Removing level:123
23:15:22.534 [main] INFO  c.o.v.MutatingRemoveAllMarketDataOrdersVisitor - [ORDERBOOK] Removing market data order:MktData(price=144,quantity=645)
23:15:22.534 [main] INFO  c.o.v.MutatingRemoveAllMarketDataOrdersVisitor - [ORDERBOOK] Removing level:144
23:15:22.534 [main] INFO  c.o.v.MutatingRemoveAllMarketDataOrdersVisitor - [ORDERBOOK] Removing market data order:MktData(price=167,quantity=665)
23:15:22.534 [main] INFO  c.o.v.MutatingRemoveAllMarketDataOrdersVisitor - [ORDERBOOK] Removing level:167
23:15:22.534 [main] DEBUG c.orderbook.OrderBook - [ORDERBOOK] ASK: Adding orderMktData(price=98,quantity=501)
23:15:22.534 [main] DEBUG c.orderbook.OrderBook - [ORDERBOOK] ASK: Adding orderMktData(price=101,quantity=200)
23:15:22.534 [main] DEBUG c.orderbook.OrderBook - [ORDERBOOK] ASK: Adding orderMktData(price=110,quantity=5000)
23:15:22.534 [main] DEBUG c.orderbook.OrderBook - [ORDERBOOK] ASK: Adding orderMktData(price=119,quantity=5600)
23:15:22.534 [main] DEBUG c.orderbook.OrderBook - [ORDERBOOK] ASK: Adding orderMktData(price=123,quantity=453)
23:15:22.534 [main] DEBUG c.orderbook.OrderBook - [ORDERBOOK] ASK: Adding orderMktData(price=144,quantity=645)
23:15:22.534 [main] DEBUG c.orderbook.OrderBook - [ORDERBOOK] ASK: Adding orderMktData(price=167,quantity=665)
23:15:22.534 [main] DEBUG c.service.MarketDataService - [ALGO] BID: price:43 quantity:134
23:15:22.534 [main] DEBUG c.service.MarketDataService - [ALGO] BID: price:76 quantity:145
23:15:22.534 [main] DEBUG c.service.MarketDataService - [ALGO] BID: price:91 quantity:300
23:15:22.534 [main] DEBUG c.service.MarketDataService - [ALGO] BID: price:93 quantity:200
23:15:22.534 [main] DEBUG c.service.MarketDataService - [ALGO] BID: price:95 quantity:100
23:15:22.534 [main] DEBUG c.service.MarketDataService - [ALGO] BID: price:98 quantity:154
23:15:22.534 [main] DEBUG c.service.MarketDataService - [ALGO] ASK: price:98 quantity:501
23:15:22.534 [main] DEBUG c.service.MarketDataService - [ALGO] ASK: price:101 quantity:200
23:15:22.534 [main] DEBUG c.service.MarketDataService - [ALGO] ASK: price:110 quantity:5000
23:15:22.534 [main] DEBUG c.service.MarketDataService - [ALGO] ASK: price:119 quantity:5600
23:15:22.534 [main] DEBUG c.service.MarketDataService - [ALGO] ASK: price:123 quantity:453
23:15:22.534 [main] DEBUG c.service.MarketDataService - [ALGO] ASK: price:144 quantity:645
23:15:22.534 [main] DEBUG c.service.MarketDataService - [ALGO] ASK: price:167 quantity:665
23:15:22.534 [main] INFO  c.gettingstarted.MyAlgoLogic - [MYALGO] The state of the order book is:
|----BID-----||----ASK----|
    134 @ 43    501 @ 98
    145 @ 76   200 @ 101
    300 @ 91  5000 @ 110
    200 @ 93  5600 @ 119
    100 @ 95   453 @ 123
    154 @ 98   645 @ 144
          -    665 @ 167
|------------||-----------|

23:15:22.534 [main] INFO  c.gettingstarted.MyAlgoLogic - [MYALGO] Algo Sees Book as: 
|----BID-----||----ASK----|
    134 @ 43    501 @ 98
    145 @ 76   200 @ 101
    300 @ 91  5000 @ 110
    200 @ 93  5600 @ 119
    100 @ 95   453 @ 123
    154 @ 98   645 @ 144
          -    665 @ 167
|------------||-----------|

23:15:22.534 [main] INFO  c.gettingstarted.TimedLogic - [TIMEDLOGIC] Market is closed
23:15:22.535 [main] INFO  c.sequencer.consumer.LoggingConsumer - [149] 
|----BID-----|
    134 @ 43
    145 @ 76
    300 @ 91
    200 @ 93
    100 @ 95
    154 @ 98
|----ASK-----|
    501 @ 98
   200 @ 101
  5000 @ 110
  5600 @ 119
   453 @ 123
   645 @ 144
   665 @ 167

23:15:22.535 [main] INFO  c.orderbook.OrderBook - [ORDERBOOK] Processing Mkt Data Update
23:15:22.535 [main] INFO  c.o.v.MutatingRemoveAllMarketDataOrdersVisitor - [ORDERBOOK] Removing market data order:MktData(price=43,quantity=134)
23:15:22.535 [main] INFO  c.o.v.MutatingRemoveAllMarketDataOrdersVisitor - [ORDERBOOK] Removing level:43
23:15:22.535 [main] DEBUG c.orderbook.OrderBook - [ORDERBOOK] ASK: Adding orderMktData(price=43,quantity=134)
23:15:22.535 [main] DEBUG c.orderbook.OrderBook - [ORDERBOOK] ASK: Adding orderMktData(price=76,quantity=145)
23:15:22.535 [main] DEBUG c.orderbook.OrderBook - [ORDERBOOK] ASK: Adding orderMktData(price=91,quantity=300)
23:15:22.535 [main] DEBUG c.orderbook.OrderBook - [ORDERBOOK] ASK: Adding orderMktData(price=93,quantity=200)
23:15:22.535 [main] DEBUG c.orderbook.OrderBook - [ORDERBOOK] ASK: Adding orderMktData(price=95,quantity=100)
23:15:22.535 [main] DEBUG c.orderbook.OrderBook - [ORDERBOOK] ASK: Adding orderMktData(price=98,quantity=154)
23:15:22.535 [main] INFO  c.o.v.MutatingMatchOneMarketDataOrderVisitor - [ORDERBOOK] visiting LevelOrderBookLevel(price=43,quantity=134)
23:15:22.535 [main] INFO  c.o.v.MutatingMatchOneMarketDataOrderVisitor - [ORDERBOOK] Can't match order:MktData(price=43,quantity=134)(MktData(price=98,quantity=154))
23:15:22.535 [main] INFO  c.o.v.MutatingRemoveAllMarketDataOrdersVisitor - [ORDERBOOK] Removing market data order:MktData(price=98,quantity=501)
23:15:22.535 [main] INFO  c.o.v.MutatingRemoveAllMarketDataOrdersVisitor - [ORDERBOOK] Removing level:98
23:15:22.535 [main] INFO  c.o.v.MutatingRemoveAllMarketDataOrdersVisitor - [ORDERBOOK] Removing market data order:MktData(price=101,quantity=200)
23:15:22.535 [main] INFO  c.o.v.MutatingRemoveAllMarketDataOrdersVisitor - [ORDERBOOK] Removing level:101
23:15:22.535 [main] INFO  c.o.v.MutatingRemoveAllMarketDataOrdersVisitor - [ORDERBOOK] Removing market data order:MktData(price=110,quantity=5000)
23:15:22.535 [main] INFO  c.o.v.MutatingRemoveAllMarketDataOrdersVisitor - [ORDERBOOK] Removing level:110
23:15:22.535 [main] INFO  c.o.v.MutatingRemoveAllMarketDataOrdersVisitor - [ORDERBOOK] Removing market data order:MktData(price=119,quantity=5600)
23:15:22.535 [main] INFO  c.o.v.MutatingRemoveAllMarketDataOrdersVisitor - [ORDERBOOK] Removing level:119
23:15:22.535 [main] INFO  c.o.v.MutatingRemoveAllMarketDataOrdersVisitor - [ORDERBOOK] Removing market data order:MktData(price=123,quantity=453)
23:15:22.535 [main] INFO  c.o.v.MutatingRemoveAllMarketDataOrdersVisitor - [ORDERBOOK] Removing level:123
23:15:22.535 [main] INFO  c.o.v.MutatingRemoveAllMarketDataOrdersVisitor - [ORDERBOOK] Removing market data order:MktData(price=144,quantity=645)
23:15:22.535 [main] INFO  c.o.v.MutatingRemoveAllMarketDataOrdersVisitor - [ORDERBOOK] Removing level:144
23:15:22.535 [main] INFO  c.o.v.MutatingRemoveAllMarketDataOrdersVisitor - [ORDERBOOK] Removing market data order:MktData(price=167,quantity=665)
23:15:22.535 [main] INFO  c.o.v.MutatingRemoveAllMarketDataOrdersVisitor - [ORDERBOOK] Removing level:167
23:15:22.535 [main] DEBUG c.orderbook.OrderBook - [ORDERBOOK] ASK: Adding orderMktData(price=98,quantity=501)
23:15:22.535 [main] DEBUG c.orderbook.OrderBook - [ORDERBOOK] ASK: Adding orderMktData(price=101,quantity=200)
23:15:22.535 [main] DEBUG c.orderbook.OrderBook - [ORDERBOOK] ASK: Adding orderMktData(price=110,quantity=5000)
23:15:22.535 [main] DEBUG c.orderbook.OrderBook - [ORDERBOOK] ASK: Adding orderMktData(price=119,quantity=5600)
23:15:22.535 [main] DEBUG c.orderbook.OrderBook - [ORDERBOOK] ASK: Adding orderMktData(price=123,quantity=453)
23:15:22.535 [main] DEBUG c.orderbook.OrderBook - [ORDERBOOK] ASK: Adding orderMktData(price=144,quantity=645)
23:15:22.535 [main] DEBUG c.orderbook.OrderBook - [ORDERBOOK] ASK: Adding orderMktData(price=167,quantity=665)
23:15:22.535 [main] DEBUG c.service.MarketDataService - [ALGO] BID: price:43 quantity:134
23:15:22.535 [main] DEBUG c.service.MarketDataService - [ALGO] BID: price:76 quantity:145
23:15:22.535 [main] DEBUG c.service.MarketDataService - [ALGO] BID: price:91 quantity:300
23:15:22.535 [main] DEBUG c.service.MarketDataService - [ALGO] BID: price:93 quantity:200
23:15:22.535 [main] DEBUG c.service.MarketDataService - [ALGO] BID: price:95 quantity:100
23:15:22.535 [main] DEBUG c.service.MarketDataService - [ALGO] BID: price:98 quantity:154
23:15:22.535 [main] DEBUG c.service.MarketDataService - [ALGO] ASK: price:98 quantity:501
23:15:22.535 [main] DEBUG c.service.MarketDataService - [ALGO] ASK: price:101 quantity:200
23:15:22.535 [main] DEBUG c.service.MarketDataService - [ALGO] ASK: price:110 quantity:5000
23:15:22.535 [main] DEBUG c.service.MarketDataService - [ALGO] ASK: price:119 quantity:5600
23:15:22.535 [main] DEBUG c.service.MarketDataService - [ALGO] ASK: price:123 quantity:453
23:15:22.535 [main] DEBUG c.service.MarketDataService - [ALGO] ASK: price:144 quantity:645
23:15:22.535 [main] DEBUG c.service.MarketDataService - [ALGO] ASK: price:167 quantity:665
23:15:22.535 [main] INFO  c.gettingstarted.MyAlgoLogic - [MYALGO] The state of the order book is:
|----BID-----||----ASK----|
    134 @ 43    501 @ 98
    145 @ 76   200 @ 101
    300 @ 91  5000 @ 110
    200 @ 93  5600 @ 119
    100 @ 95   453 @ 123
    154 @ 98   645 @ 144
          -    665 @ 167
|------------||-----------|

23:15:22.535 [main] INFO  c.gettingstarted.MyAlgoLogic - [MYALGO] Algo Sees Book as: 
|----BID-----||----ASK----|
    134 @ 43    501 @ 98
    145 @ 76   200 @ 101
    300 @ 91  5000 @ 110
    200 @ 93  5600 @ 119
    100 @ 95   453 @ 123
    154 @ 98   645 @ 144
          -    665 @ 167
|------------||-----------|

23:15:22.535 [main] INFO  c.gettingstarted.TimedLogic - [TIMEDLOGIC] Market is closed
23:15:22.535 [main] INFO  c.sequencer.consumer.LoggingConsumer - [150] 
|----BID-----|
    134 @ 43
    145 @ 76
    300 @ 91
    200 @ 93
    100 @ 95
    154 @ 98
|----ASK-----|
    501 @ 98
   200 @ 101
  5000 @ 110
  5600 @ 119
   453 @ 123
   645 @ 144
   665 @ 167

23:15:22.535 [main] INFO  c.orderbook.OrderBook - [ORDERBOOK] Processing Mkt Data Update
23:15:22.535 [main] INFO  c.o.v.MutatingRemoveAllMarketDataOrdersVisitor - [ORDERBOOK] Removing market data order:MktData(price=43,quantity=134)
23:15:22.535 [main] INFO  c.o.v.MutatingRemoveAllMarketDataOrdersVisitor - [ORDERBOOK] Removing level:43
23:15:22.535 [main] DEBUG c.orderbook.OrderBook - [ORDERBOOK] ASK: Adding orderMktData(price=43,quantity=134)
23:15:22.535 [main] DEBUG c.orderbook.OrderBook - [ORDERBOOK] ASK: Adding orderMktData(price=76,quantity=145)
23:15:22.535 [main] DEBUG c.orderbook.OrderBook - [ORDERBOOK] ASK: Adding orderMktData(price=91,quantity=300)
23:15:22.535 [main] DEBUG c.orderbook.OrderBook - [ORDERBOOK] ASK: Adding orderMktData(price=93,quantity=200)
23:15:22.535 [main] DEBUG c.orderbook.OrderBook - [ORDERBOOK] ASK: Adding orderMktData(price=95,quantity=100)
23:15:22.535 [main] DEBUG c.orderbook.OrderBook - [ORDERBOOK] ASK: Adding orderMktData(price=98,quantity=154)
23:15:22.535 [main] INFO  c.o.v.MutatingMatchOneMarketDataOrderVisitor - [ORDERBOOK] visiting LevelOrderBookLevel(price=43,quantity=134)
23:15:22.535 [main] INFO  c.o.v.MutatingMatchOneMarketDataOrderVisitor - [ORDERBOOK] Can't match order:MktData(price=43,quantity=134)(MktData(price=98,quantity=154))
23:15:22.535 [main] INFO  c.o.v.MutatingRemoveAllMarketDataOrdersVisitor - [ORDERBOOK] Removing market data order:MktData(price=98,quantity=501)
23:15:22.535 [main] INFO  c.o.v.MutatingRemoveAllMarketDataOrdersVisitor - [ORDERBOOK] Removing level:98
23:15:22.535 [main] INFO  c.o.v.MutatingRemoveAllMarketDataOrdersVisitor - [ORDERBOOK] Removing market data order:MktData(price=101,quantity=200)
23:15:22.535 [main] INFO  c.o.v.MutatingRemoveAllMarketDataOrdersVisitor - [ORDERBOOK] Removing level:101
23:15:22.535 [main] INFO  c.o.v.MutatingRemoveAllMarketDataOrdersVisitor - [ORDERBOOK] Removing market data order:MktData(price=110,quantity=5000)
23:15:22.535 [main] INFO  c.o.v.MutatingRemoveAllMarketDataOrdersVisitor - [ORDERBOOK] Removing level:110
23:15:22.536 [main] INFO  c.o.v.MutatingRemoveAllMarketDataOrdersVisitor - [ORDERBOOK] Removing market data order:MktData(price=119,quantity=5600)
23:15:22.536 [main] INFO  c.o.v.MutatingRemoveAllMarketDataOrdersVisitor - [ORDERBOOK] Removing level:119
23:15:22.536 [main] INFO  c.o.v.MutatingRemoveAllMarketDataOrdersVisitor - [ORDERBOOK] Removing market data order:MktData(price=123,quantity=453)
23:15:22.536 [main] INFO  c.o.v.MutatingRemoveAllMarketDataOrdersVisitor - [ORDERBOOK] Removing level:123
23:15:22.536 [main] INFO  c.o.v.MutatingRemoveAllMarketDataOrdersVisitor - [ORDERBOOK] Removing market data order:MktData(price=144,quantity=645)
23:15:22.536 [main] INFO  c.o.v.MutatingRemoveAllMarketDataOrdersVisitor - [ORDERBOOK] Removing level:144
23:15:22.536 [main] INFO  c.o.v.MutatingRemoveAllMarketDataOrdersVisitor - [ORDERBOOK] Removing market data order:MktData(price=167,quantity=665)
23:15:22.536 [main] INFO  c.o.v.MutatingRemoveAllMarketDataOrdersVisitor - [ORDERBOOK] Removing level:167
23:15:22.536 [main] DEBUG c.orderbook.OrderBook - [ORDERBOOK] ASK: Adding orderMktData(price=98,quantity=501)
23:15:22.536 [main] DEBUG c.orderbook.OrderBook - [ORDERBOOK] ASK: Adding orderMktData(price=101,quantity=200)
23:15:22.536 [main] DEBUG c.orderbook.OrderBook - [ORDERBOOK] ASK: Adding orderMktData(price=110,quantity=5000)
23:15:22.536 [main] DEBUG c.orderbook.OrderBook - [ORDERBOOK] ASK: Adding orderMktData(price=119,quantity=5600)
23:15:22.536 [main] DEBUG c.orderbook.OrderBook - [ORDERBOOK] ASK: Adding orderMktData(price=123,quantity=453)
23:15:22.536 [main] DEBUG c.orderbook.OrderBook - [ORDERBOOK] ASK: Adding orderMktData(price=144,quantity=645)
23:15:22.536 [main] DEBUG c.orderbook.OrderBook - [ORDERBOOK] ASK: Adding orderMktData(price=167,quantity=665)
23:15:22.536 [main] DEBUG c.service.MarketDataService - [ALGO] BID: price:43 quantity:134
23:15:22.536 [main] DEBUG c.service.MarketDataService - [ALGO] BID: price:76 quantity:145
23:15:22.536 [main] DEBUG c.service.MarketDataService - [ALGO] BID: price:91 quantity:300
23:15:22.536 [main] DEBUG c.service.MarketDataService - [ALGO] BID: price:93 quantity:200
23:15:22.536 [main] DEBUG c.service.MarketDataService - [ALGO] BID: price:95 quantity:100
23:15:22.536 [main] DEBUG c.service.MarketDataService - [ALGO] BID: price:98 quantity:154
23:15:22.536 [main] DEBUG c.service.MarketDataService - [ALGO] ASK: price:98 quantity:501
23:15:22.536 [main] DEBUG c.service.MarketDataService - [ALGO] ASK: price:101 quantity:200
23:15:22.536 [main] DEBUG c.service.MarketDataService - [ALGO] ASK: price:110 quantity:5000
23:15:22.536 [main] DEBUG c.service.MarketDataService - [ALGO] ASK: price:119 quantity:5600
23:15:22.536 [main] DEBUG c.service.MarketDataService - [ALGO] ASK: price:123 quantity:453
23:15:22.536 [main] DEBUG c.service.MarketDataService - [ALGO] ASK: price:144 quantity:645
23:15:22.536 [main] DEBUG c.service.MarketDataService - [ALGO] ASK: price:167 quantity:665
23:15:22.536 [main] INFO  c.gettingstarted.MyAlgoLogic - [MYALGO] The state of the order book is:
|----BID-----||----ASK----|
    134 @ 43    501 @ 98
    145 @ 76   200 @ 101
    300 @ 91  5000 @ 110
    200 @ 93  5600 @ 119
    100 @ 95   453 @ 123
    154 @ 98   645 @ 144
          -    665 @ 167
|------------||-----------|

23:15:22.536 [main] INFO  c.gettingstarted.MyAlgoLogic - [MYALGO] Algo Sees Book as: 
|----BID-----||----ASK----|
    134 @ 43    501 @ 98
    145 @ 76   200 @ 101
    300 @ 91  5000 @ 110
    200 @ 93  5600 @ 119
    100 @ 95   453 @ 123
    154 @ 98   645 @ 144
          -    665 @ 167
|------------||-----------|

23:15:22.536 [main] INFO  c.gettingstarted.TimedLogic - [TIMEDLOGIC] Market is closed
23:15:22.536 [main] INFO  c.sequencer.consumer.LoggingConsumer - [151] 
|----BID-----|
    134 @ 43
    145 @ 76
    300 @ 91
    200 @ 93
    100 @ 95
    154 @ 98
|----ASK-----|
    501 @ 98
   200 @ 101
  5000 @ 110
  5600 @ 119
   453 @ 123
   645 @ 144
   665 @ 167

23:15:22.536 [main] INFO  c.orderbook.OrderBook - [ORDERBOOK] Processing Mkt Data Update
23:15:22.536 [main] INFO  c.o.v.MutatingRemoveAllMarketDataOrdersVisitor - [ORDERBOOK] Removing market data order:MktData(price=43,quantity=134)
23:15:22.536 [main] INFO  c.o.v.MutatingRemoveAllMarketDataOrdersVisitor - [ORDERBOOK] Removing level:43
23:15:22.536 [main] DEBUG c.orderbook.OrderBook - [ORDERBOOK] ASK: Adding orderMktData(price=43,quantity=134)
23:15:22.536 [main] DEBUG c.orderbook.OrderBook - [ORDERBOOK] ASK: Adding orderMktData(price=76,quantity=145)
23:15:22.536 [main] DEBUG c.orderbook.OrderBook - [ORDERBOOK] ASK: Adding orderMktData(price=91,quantity=300)
23:15:22.536 [main] DEBUG c.orderbook.OrderBook - [ORDERBOOK] ASK: Adding orderMktData(price=93,quantity=200)
23:15:22.536 [main] DEBUG c.orderbook.OrderBook - [ORDERBOOK] ASK: Adding orderMktData(price=95,quantity=100)
23:15:22.536 [main] DEBUG c.orderbook.OrderBook - [ORDERBOOK] ASK: Adding orderMktData(price=98,quantity=154)
23:15:22.536 [main] INFO  c.o.v.MutatingMatchOneMarketDataOrderVisitor - [ORDERBOOK] visiting LevelOrderBookLevel(price=43,quantity=134)
23:15:22.536 [main] INFO  c.o.v.MutatingMatchOneMarketDataOrderVisitor - [ORDERBOOK] Can't match order:MktData(price=43,quantity=134)(MktData(price=98,quantity=154))
23:15:22.536 [main] INFO  c.o.v.MutatingRemoveAllMarketDataOrdersVisitor - [ORDERBOOK] Removing market data order:MktData(price=98,quantity=501)
23:15:22.536 [main] INFO  c.o.v.MutatingRemoveAllMarketDataOrdersVisitor - [ORDERBOOK] Removing level:98
23:15:22.536 [main] INFO  c.o.v.MutatingRemoveAllMarketDataOrdersVisitor - [ORDERBOOK] Removing market data order:MktData(price=101,quantity=200)
23:15:22.536 [main] INFO  c.o.v.MutatingRemoveAllMarketDataOrdersVisitor - [ORDERBOOK] Removing level:101
23:15:22.536 [main] INFO  c.o.v.MutatingRemoveAllMarketDataOrdersVisitor - [ORDERBOOK] Removing market data order:MktData(price=110,quantity=5000)
23:15:22.536 [main] INFO  c.o.v.MutatingRemoveAllMarketDataOrdersVisitor - [ORDERBOOK] Removing level:110
23:15:22.536 [main] INFO  c.o.v.MutatingRemoveAllMarketDataOrdersVisitor - [ORDERBOOK] Removing market data order:MktData(price=119,quantity=5600)
23:15:22.536 [main] INFO  c.o.v.MutatingRemoveAllMarketDataOrdersVisitor - [ORDERBOOK] Removing level:119
23:15:22.536 [main] INFO  c.o.v.MutatingRemoveAllMarketDataOrdersVisitor - [ORDERBOOK] Removing market data order:MktData(price=123,quantity=453)
23:15:22.536 [main] INFO  c.o.v.MutatingRemoveAllMarketDataOrdersVisitor - [ORDERBOOK] Removing level:123
23:15:22.536 [main] INFO  c.o.v.MutatingRemoveAllMarketDataOrdersVisitor - [ORDERBOOK] Removing market data order:MktData(price=144,quantity=645)
23:15:22.536 [main] INFO  c.o.v.MutatingRemoveAllMarketDataOrdersVisitor - [ORDERBOOK] Removing level:144
23:15:22.536 [main] INFO  c.o.v.MutatingRemoveAllMarketDataOrdersVisitor - [ORDERBOOK] Removing market data order:MktData(price=167,quantity=665)
23:15:22.536 [main] INFO  c.o.v.MutatingRemoveAllMarketDataOrdersVisitor - [ORDERBOOK] Removing level:167
23:15:22.536 [main] DEBUG c.orderbook.OrderBook - [ORDERBOOK] ASK: Adding orderMktData(price=98,quantity=501)
23:15:22.536 [main] DEBUG c.orderbook.OrderBook - [ORDERBOOK] ASK: Adding orderMktData(price=101,quantity=200)
23:15:22.536 [main] DEBUG c.orderbook.OrderBook - [ORDERBOOK] ASK: Adding orderMktData(price=110,quantity=5000)
23:15:22.536 [main] DEBUG c.orderbook.OrderBook - [ORDERBOOK] ASK: Adding orderMktData(price=119,quantity=5600)
23:15:22.536 [main] DEBUG c.orderbook.OrderBook - [ORDERBOOK] ASK: Adding orderMktData(price=123,quantity=453)
23:15:22.536 [main] DEBUG c.orderbook.OrderBook - [ORDERBOOK] ASK: Adding orderMktData(price=144,quantity=645)
23:15:22.536 [main] DEBUG c.orderbook.OrderBook - [ORDERBOOK] ASK: Adding orderMktData(price=167,quantity=665)
23:15:22.536 [main] DEBUG c.service.MarketDataService - [ALGO] BID: price:43 quantity:134
23:15:22.536 [main] DEBUG c.service.MarketDataService - [ALGO] BID: price:76 quantity:145
23:15:22.536 [main] DEBUG c.service.MarketDataService - [ALGO] BID: price:91 quantity:300
23:15:22.536 [main] DEBUG c.service.MarketDataService - [ALGO] BID: price:93 quantity:200
23:15:22.536 [main] DEBUG c.service.MarketDataService - [ALGO] BID: price:95 quantity:100
23:15:22.536 [main] DEBUG c.service.MarketDataService - [ALGO] BID: price:98 quantity:154
23:15:22.536 [main] DEBUG c.service.MarketDataService - [ALGO] ASK: price:98 quantity:501
23:15:22.536 [main] DEBUG c.service.MarketDataService - [ALGO] ASK: price:101 quantity:200
23:15:22.536 [main] DEBUG c.service.MarketDataService - [ALGO] ASK: price:110 quantity:5000
23:15:22.536 [main] DEBUG c.service.MarketDataService - [ALGO] ASK: price:119 quantity:5600
23:15:22.536 [main] DEBUG c.service.MarketDataService - [ALGO] ASK: price:123 quantity:453
23:15:22.536 [main] DEBUG c.service.MarketDataService - [ALGO] ASK: price:144 quantity:645
23:15:22.536 [main] DEBUG c.service.MarketDataService - [ALGO] ASK: price:167 quantity:665
23:15:22.537 [main] INFO  c.gettingstarted.MyAlgoLogic - [MYALGO] The state of the order book is:
|----BID-----||----ASK----|
    134 @ 43    501 @ 98
    145 @ 76   200 @ 101
    300 @ 91  5000 @ 110
    200 @ 93  5600 @ 119
    100 @ 95   453 @ 123
    154 @ 98   645 @ 144
          -    665 @ 167
|------------||-----------|

23:15:22.537 [main] INFO  c.gettingstarted.MyAlgoLogic - [MYALGO] Algo Sees Book as: 
|----BID-----||----ASK----|
    134 @ 43    501 @ 98
    145 @ 76   200 @ 101
    300 @ 91  5000 @ 110
    200 @ 93  5600 @ 119
    100 @ 95   453 @ 123
    154 @ 98   645 @ 144
          -    665 @ 167
|------------||-----------|

23:15:22.537 [main] INFO  c.gettingstarted.TimedLogic - [TIMEDLOGIC] Market is closed
23:15:22.537 [main] INFO  c.sequencer.consumer.LoggingConsumer - [152] 
|----BID-----|
    134 @ 43
    145 @ 76
    300 @ 91
    200 @ 93
    100 @ 95
    154 @ 98
|----ASK-----|
    501 @ 98
   200 @ 101
  5000 @ 110
  5600 @ 119
   453 @ 123
   645 @ 144
   665 @ 167

23:15:22.537 [main] INFO  c.orderbook.OrderBook - [ORDERBOOK] Processing Mkt Data Update
23:15:22.537 [main] INFO  c.o.v.MutatingRemoveAllMarketDataOrdersVisitor - [ORDERBOOK] Removing market data order:MktData(price=43,quantity=134)
23:15:22.537 [main] INFO  c.o.v.MutatingRemoveAllMarketDataOrdersVisitor - [ORDERBOOK] Removing level:43
23:15:22.537 [main] DEBUG c.orderbook.OrderBook - [ORDERBOOK] ASK: Adding orderMktData(price=43,quantity=134)
23:15:22.537 [main] DEBUG c.orderbook.OrderBook - [ORDERBOOK] ASK: Adding orderMktData(price=76,quantity=145)
23:15:22.537 [main] DEBUG c.orderbook.OrderBook - [ORDERBOOK] ASK: Adding orderMktData(price=91,quantity=300)
23:15:22.537 [main] DEBUG c.orderbook.OrderBook - [ORDERBOOK] ASK: Adding orderMktData(price=93,quantity=200)
23:15:22.537 [main] DEBUG c.orderbook.OrderBook - [ORDERBOOK] ASK: Adding orderMktData(price=95,quantity=100)
23:15:22.537 [main] DEBUG c.orderbook.OrderBook - [ORDERBOOK] ASK: Adding orderMktData(price=98,quantity=154)
23:15:22.537 [main] INFO  c.o.v.MutatingMatchOneMarketDataOrderVisitor - [ORDERBOOK] visiting LevelOrderBookLevel(price=43,quantity=134)
23:15:22.537 [main] INFO  c.o.v.MutatingMatchOneMarketDataOrderVisitor - [ORDERBOOK] Can't match order:MktData(price=43,quantity=134)(MktData(price=98,quantity=154))
23:15:22.537 [main] INFO  c.o.v.MutatingRemoveAllMarketDataOrdersVisitor - [ORDERBOOK] Removing market data order:MktData(price=98,quantity=501)
23:15:22.537 [main] INFO  c.o.v.MutatingRemoveAllMarketDataOrdersVisitor - [ORDERBOOK] Removing level:98
23:15:22.537 [main] INFO  c.o.v.MutatingRemoveAllMarketDataOrdersVisitor - [ORDERBOOK] Removing market data order:MktData(price=101,quantity=200)
23:15:22.537 [main] INFO  c.o.v.MutatingRemoveAllMarketDataOrdersVisitor - [ORDERBOOK] Removing level:101
23:15:22.537 [main] INFO  c.o.v.MutatingRemoveAllMarketDataOrdersVisitor - [ORDERBOOK] Removing market data order:MktData(price=110,quantity=5000)
23:15:22.537 [main] INFO  c.o.v.MutatingRemoveAllMarketDataOrdersVisitor - [ORDERBOOK] Removing level:110
23:15:22.537 [main] INFO  c.o.v.MutatingRemoveAllMarketDataOrdersVisitor - [ORDERBOOK] Removing market data order:MktData(price=119,quantity=5600)
23:15:22.537 [main] INFO  c.o.v.MutatingRemoveAllMarketDataOrdersVisitor - [ORDERBOOK] Removing level:119
23:15:22.537 [main] INFO  c.o.v.MutatingRemoveAllMarketDataOrdersVisitor - [ORDERBOOK] Removing market data order:MktData(price=123,quantity=453)
23:15:22.537 [main] INFO  c.o.v.MutatingRemoveAllMarketDataOrdersVisitor - [ORDERBOOK] Removing level:123
23:15:22.537 [main] INFO  c.o.v.MutatingRemoveAllMarketDataOrdersVisitor - [ORDERBOOK] Removing market data order:MktData(price=144,quantity=645)
23:15:22.537 [main] INFO  c.o.v.MutatingRemoveAllMarketDataOrdersVisitor - [ORDERBOOK] Removing level:144
23:15:22.537 [main] INFO  c.o.v.MutatingRemoveAllMarketDataOrdersVisitor - [ORDERBOOK] Removing market data order:MktData(price=167,quantity=665)
23:15:22.537 [main] INFO  c.o.v.MutatingRemoveAllMarketDataOrdersVisitor - [ORDERBOOK] Removing level:167
23:15:22.537 [main] DEBUG c.orderbook.OrderBook - [ORDERBOOK] ASK: Adding orderMktData(price=98,quantity=501)
23:15:22.537 [main] DEBUG c.orderbook.OrderBook - [ORDERBOOK] ASK: Adding orderMktData(price=101,quantity=200)
23:15:22.537 [main] DEBUG c.orderbook.OrderBook - [ORDERBOOK] ASK: Adding orderMktData(price=110,quantity=5000)
23:15:22.537 [main] DEBUG c.orderbook.OrderBook - [ORDERBOOK] ASK: Adding orderMktData(price=119,quantity=5600)
23:15:22.537 [main] DEBUG c.orderbook.OrderBook - [ORDERBOOK] ASK: Adding orderMktData(price=123,quantity=453)
23:15:22.537 [main] DEBUG c.orderbook.OrderBook - [ORDERBOOK] ASK: Adding orderMktData(price=144,quantity=645)
23:15:22.537 [main] DEBUG c.orderbook.OrderBook - [ORDERBOOK] ASK: Adding orderMktData(price=167,quantity=665)
23:15:22.537 [main] DEBUG c.service.MarketDataService - [ALGO] BID: price:43 quantity:134
23:15:22.537 [main] DEBUG c.service.MarketDataService - [ALGO] BID: price:76 quantity:145
23:15:22.537 [main] DEBUG c.service.MarketDataService - [ALGO] BID: price:91 quantity:300
23:15:22.537 [main] DEBUG c.service.MarketDataService - [ALGO] BID: price:93 quantity:200
23:15:22.537 [main] DEBUG c.service.MarketDataService - [ALGO] BID: price:95 quantity:100
23:15:22.537 [main] DEBUG c.service.MarketDataService - [ALGO] BID: price:98 quantity:154
23:15:22.537 [main] DEBUG c.service.MarketDataService - [ALGO] ASK: price:98 quantity:501
23:15:22.537 [main] DEBUG c.service.MarketDataService - [ALGO] ASK: price:101 quantity:200
23:15:22.537 [main] DEBUG c.service.MarketDataService - [ALGO] ASK: price:110 quantity:5000
23:15:22.537 [main] DEBUG c.service.MarketDataService - [ALGO] ASK: price:119 quantity:5600
23:15:22.537 [main] DEBUG c.service.MarketDataService - [ALGO] ASK: price:123 quantity:453
23:15:22.537 [main] DEBUG c.service.MarketDataService - [ALGO] ASK: price:144 quantity:645
23:15:22.538 [main] DEBUG c.service.MarketDataService - [ALGO] ASK: price:167 quantity:665
23:15:22.538 [main] INFO  c.gettingstarted.MyAlgoLogic - [MYALGO] The state of the order book is:
|----BID-----||----ASK----|
    134 @ 43    501 @ 98
    145 @ 76   200 @ 101
    300 @ 91  5000 @ 110
    200 @ 93  5600 @ 119
    100 @ 95   453 @ 123
    154 @ 98   645 @ 144
          -    665 @ 167
|------------||-----------|

23:15:22.538 [main] INFO  c.gettingstarted.MyAlgoLogic - [MYALGO] Algo Sees Book as: 
|----BID-----||----ASK----|
    134 @ 43    501 @ 98
    145 @ 76   200 @ 101
    300 @ 91  5000 @ 110
    200 @ 93  5600 @ 119
    100 @ 95   453 @ 123
    154 @ 98   645 @ 144
          -    665 @ 167
|------------||-----------|

23:15:22.538 [main] INFO  c.gettingstarted.TimedLogic - [TIMEDLOGIC] Market is closed
23:15:22.538 [main] INFO  c.sequencer.consumer.LoggingConsumer - [153] 
|----BID-----|
    134 @ 43
    145 @ 76
    300 @ 91
    200 @ 93
    100 @ 95
    154 @ 98
|----ASK-----|
    501 @ 98
   200 @ 101
  5000 @ 110
  5600 @ 119
   453 @ 123
   645 @ 144
   665 @ 167

23:15:22.538 [main] INFO  c.orderbook.OrderBook - [ORDERBOOK] Processing Mkt Data Update
23:15:22.538 [main] INFO  c.o.v.MutatingRemoveAllMarketDataOrdersVisitor - [ORDERBOOK] Removing market data order:MktData(price=43,quantity=134)
23:15:22.538 [main] INFO  c.o.v.MutatingRemoveAllMarketDataOrdersVisitor - [ORDERBOOK] Removing level:43
23:15:22.538 [main] DEBUG c.orderbook.OrderBook - [ORDERBOOK] ASK: Adding orderMktData(price=43,quantity=134)
23:15:22.538 [main] DEBUG c.orderbook.OrderBook - [ORDERBOOK] ASK: Adding orderMktData(price=76,quantity=145)
23:15:22.538 [main] DEBUG c.orderbook.OrderBook - [ORDERBOOK] ASK: Adding orderMktData(price=91,quantity=300)
23:15:22.538 [main] DEBUG c.orderbook.OrderBook - [ORDERBOOK] ASK: Adding orderMktData(price=93,quantity=200)
23:15:22.538 [main] DEBUG c.orderbook.OrderBook - [ORDERBOOK] ASK: Adding orderMktData(price=95,quantity=100)
23:15:22.538 [main] DEBUG c.orderbook.OrderBook - [ORDERBOOK] ASK: Adding orderMktData(price=98,quantity=154)
23:15:22.538 [main] INFO  c.o.v.MutatingMatchOneMarketDataOrderVisitor - [ORDERBOOK] visiting LevelOrderBookLevel(price=43,quantity=134)
23:15:22.538 [main] INFO  c.o.v.MutatingMatchOneMarketDataOrderVisitor - [ORDERBOOK] Can't match order:MktData(price=43,quantity=134)(MktData(price=98,quantity=154))
23:15:22.538 [main] INFO  c.o.v.MutatingRemoveAllMarketDataOrdersVisitor - [ORDERBOOK] Removing market data order:MktData(price=98,quantity=501)
23:15:22.538 [main] INFO  c.o.v.MutatingRemoveAllMarketDataOrdersVisitor - [ORDERBOOK] Removing level:98
23:15:22.538 [main] INFO  c.o.v.MutatingRemoveAllMarketDataOrdersVisitor - [ORDERBOOK] Removing market data order:MktData(price=101,quantity=200)
23:15:22.538 [main] INFO  c.o.v.MutatingRemoveAllMarketDataOrdersVisitor - [ORDERBOOK] Removing level:101
23:15:22.538 [main] INFO  c.o.v.MutatingRemoveAllMarketDataOrdersVisitor - [ORDERBOOK] Removing market data order:MktData(price=110,quantity=5000)
23:15:22.538 [main] INFO  c.o.v.MutatingRemoveAllMarketDataOrdersVisitor - [ORDERBOOK] Removing level:110
23:15:22.538 [main] INFO  c.o.v.MutatingRemoveAllMarketDataOrdersVisitor - [ORDERBOOK] Removing market data order:MktData(price=119,quantity=5600)
23:15:22.538 [main] INFO  c.o.v.MutatingRemoveAllMarketDataOrdersVisitor - [ORDERBOOK] Removing level:119
23:15:22.538 [main] INFO  c.o.v.MutatingRemoveAllMarketDataOrdersVisitor - [ORDERBOOK] Removing market data order:MktData(price=123,quantity=453)
23:15:22.538 [main] INFO  c.o.v.MutatingRemoveAllMarketDataOrdersVisitor - [ORDERBOOK] Removing level:123
23:15:22.538 [main] INFO  c.o.v.MutatingRemoveAllMarketDataOrdersVisitor - [ORDERBOOK] Removing market data order:MktData(price=144,quantity=645)
23:15:22.538 [main] INFO  c.o.v.MutatingRemoveAllMarketDataOrdersVisitor - [ORDERBOOK] Removing level:144
23:15:22.538 [main] INFO  c.o.v.MutatingRemoveAllMarketDataOrdersVisitor - [ORDERBOOK] Removing market data order:MktData(price=167,quantity=665)
23:15:22.538 [main] INFO  c.o.v.MutatingRemoveAllMarketDataOrdersVisitor - [ORDERBOOK] Removing level:167
23:15:22.538 [main] DEBUG c.orderbook.OrderBook - [ORDERBOOK] ASK: Adding orderMktData(price=98,quantity=501)
23:15:22.538 [main] DEBUG c.orderbook.OrderBook - [ORDERBOOK] ASK: Adding orderMktData(price=101,quantity=200)
23:15:22.538 [main] DEBUG c.orderbook.OrderBook - [ORDERBOOK] ASK: Adding orderMktData(price=110,quantity=5000)
23:15:22.538 [main] DEBUG c.orderbook.OrderBook - [ORDERBOOK] ASK: Adding orderMktData(price=119,quantity=5600)
23:15:22.538 [main] DEBUG c.orderbook.OrderBook - [ORDERBOOK] ASK: Adding orderMktData(price=123,quantity=453)
23:15:22.538 [main] DEBUG c.orderbook.OrderBook - [ORDERBOOK] ASK: Adding orderMktData(price=144,quantity=645)
23:15:22.538 [main] DEBUG c.orderbook.OrderBook - [ORDERBOOK] ASK: Adding orderMktData(price=167,quantity=665)
23:15:22.538 [main] DEBUG c.service.MarketDataService - [ALGO] BID: price:43 quantity:134
23:15:22.538 [main] DEBUG c.service.MarketDataService - [ALGO] BID: price:76 quantity:145
23:15:22.538 [main] DEBUG c.service.MarketDataService - [ALGO] BID: price:91 quantity:300
23:15:22.538 [main] DEBUG c.service.MarketDataService - [ALGO] BID: price:93 quantity:200
23:15:22.538 [main] DEBUG c.service.MarketDataService - [ALGO] BID: price:95 quantity:100
23:15:22.538 [main] DEBUG c.service.MarketDataService - [ALGO] BID: price:98 quantity:154
23:15:22.538 [main] DEBUG c.service.MarketDataService - [ALGO] ASK: price:98 quantity:501
23:15:22.538 [main] DEBUG c.service.MarketDataService - [ALGO] ASK: price:101 quantity:200
23:15:22.538 [main] DEBUG c.service.MarketDataService - [ALGO] ASK: price:110 quantity:5000
23:15:22.538 [main] DEBUG c.service.MarketDataService - [ALGO] ASK: price:119 quantity:5600
23:15:22.538 [main] DEBUG c.service.MarketDataService - [ALGO] ASK: price:123 quantity:453
23:15:22.538 [main] DEBUG c.service.MarketDataService - [ALGO] ASK: price:144 quantity:645
23:15:22.538 [main] DEBUG c.service.MarketDataService - [ALGO] ASK: price:167 quantity:665
23:15:22.538 [main] INFO  c.gettingstarted.MyAlgoLogic - [MYALGO] The state of the order book is:
|----BID-----||----ASK----|
    134 @ 43    501 @ 98
    145 @ 76   200 @ 101
    300 @ 91  5000 @ 110
    200 @ 93  5600 @ 119
    100 @ 95   453 @ 123
    154 @ 98   645 @ 144
          -    665 @ 167
|------------||-----------|

23:15:22.538 [main] INFO  c.gettingstarted.MyAlgoLogic - [MYALGO] Algo Sees Book as: 
|----BID-----||----ASK----|
    134 @ 43    501 @ 98
    145 @ 76   200 @ 101
    300 @ 91  5000 @ 110
    200 @ 93  5600 @ 119
    100 @ 95   453 @ 123
    154 @ 98   645 @ 144
          -    665 @ 167
|------------||-----------|

23:15:22.538 [main] INFO  c.gettingstarted.TimedLogic - [TIMEDLOGIC] Market is closed
23:15:22.538 [main] INFO  c.sequencer.consumer.LoggingConsumer - [154] 
|----BID-----|
    134 @ 43
    145 @ 76
    300 @ 91
    200 @ 93
    100 @ 95
    154 @ 98
|----ASK-----|
    501 @ 98
   200 @ 101
  5000 @ 110
  5600 @ 119
   453 @ 123
   645 @ 144
   665 @ 167

23:15:22.538 [main] INFO  c.orderbook.OrderBook - [ORDERBOOK] Processing Mkt Data Update
23:15:22.538 [main] INFO  c.o.v.MutatingRemoveAllMarketDataOrdersVisitor - [ORDERBOOK] Removing market data order:MktData(price=43,quantity=134)
23:15:22.539 [main] INFO  c.o.v.MutatingRemoveAllMarketDataOrdersVisitor - [ORDERBOOK] Removing level:43
23:15:22.539 [main] DEBUG c.orderbook.OrderBook - [ORDERBOOK] ASK: Adding orderMktData(price=43,quantity=134)
23:15:22.539 [main] DEBUG c.orderbook.OrderBook - [ORDERBOOK] ASK: Adding orderMktData(price=76,quantity=145)
23:15:22.539 [main] DEBUG c.orderbook.OrderBook - [ORDERBOOK] ASK: Adding orderMktData(price=91,quantity=300)
23:15:22.539 [main] DEBUG c.orderbook.OrderBook - [ORDERBOOK] ASK: Adding orderMktData(price=93,quantity=200)
23:15:22.539 [main] DEBUG c.orderbook.OrderBook - [ORDERBOOK] ASK: Adding orderMktData(price=95,quantity=100)
23:15:22.539 [main] DEBUG c.orderbook.OrderBook - [ORDERBOOK] ASK: Adding orderMktData(price=98,quantity=154)
23:15:22.539 [main] INFO  c.o.v.MutatingMatchOneMarketDataOrderVisitor - [ORDERBOOK] visiting LevelOrderBookLevel(price=43,quantity=134)
23:15:22.539 [main] INFO  c.o.v.MutatingMatchOneMarketDataOrderVisitor - [ORDERBOOK] Can't match order:MktData(price=43,quantity=134)(MktData(price=98,quantity=154))
23:15:22.539 [main] INFO  c.o.v.MutatingRemoveAllMarketDataOrdersVisitor - [ORDERBOOK] Removing market data order:MktData(price=98,quantity=501)
23:15:22.539 [main] INFO  c.o.v.MutatingRemoveAllMarketDataOrdersVisitor - [ORDERBOOK] Removing level:98
23:15:22.539 [main] INFO  c.o.v.MutatingRemoveAllMarketDataOrdersVisitor - [ORDERBOOK] Removing market data order:MktData(price=101,quantity=200)
23:15:22.539 [main] INFO  c.o.v.MutatingRemoveAllMarketDataOrdersVisitor - [ORDERBOOK] Removing level:101
23:15:22.539 [main] INFO  c.o.v.MutatingRemoveAllMarketDataOrdersVisitor - [ORDERBOOK] Removing market data order:MktData(price=110,quantity=5000)
23:15:22.539 [main] INFO  c.o.v.MutatingRemoveAllMarketDataOrdersVisitor - [ORDERBOOK] Removing level:110
23:15:22.539 [main] INFO  c.o.v.MutatingRemoveAllMarketDataOrdersVisitor - [ORDERBOOK] Removing market data order:MktData(price=119,quantity=5600)
23:15:22.539 [main] INFO  c.o.v.MutatingRemoveAllMarketDataOrdersVisitor - [ORDERBOOK] Removing level:119
23:15:22.539 [main] INFO  c.o.v.MutatingRemoveAllMarketDataOrdersVisitor - [ORDERBOOK] Removing market data order:MktData(price=123,quantity=453)
23:15:22.539 [main] INFO  c.o.v.MutatingRemoveAllMarketDataOrdersVisitor - [ORDERBOOK] Removing level:123
23:15:22.539 [main] INFO  c.o.v.MutatingRemoveAllMarketDataOrdersVisitor - [ORDERBOOK] Removing market data order:MktData(price=144,quantity=645)
23:15:22.539 [main] INFO  c.o.v.MutatingRemoveAllMarketDataOrdersVisitor - [ORDERBOOK] Removing level:144
23:15:22.539 [main] INFO  c.o.v.MutatingRemoveAllMarketDataOrdersVisitor - [ORDERBOOK] Removing market data order:MktData(price=167,quantity=665)
23:15:22.539 [main] INFO  c.o.v.MutatingRemoveAllMarketDataOrdersVisitor - [ORDERBOOK] Removing level:167
23:15:22.539 [main] DEBUG c.orderbook.OrderBook - [ORDERBOOK] ASK: Adding orderMktData(price=98,quantity=501)
23:15:22.539 [main] DEBUG c.orderbook.OrderBook - [ORDERBOOK] ASK: Adding orderMktData(price=101,quantity=200)
23:15:22.539 [main] DEBUG c.orderbook.OrderBook - [ORDERBOOK] ASK: Adding orderMktData(price=110,quantity=5000)
23:15:22.539 [main] DEBUG c.orderbook.OrderBook - [ORDERBOOK] ASK: Adding orderMktData(price=119,quantity=5600)
23:15:22.539 [main] DEBUG c.orderbook.OrderBook - [ORDERBOOK] ASK: Adding orderMktData(price=123,quantity=453)
23:15:22.539 [main] DEBUG c.orderbook.OrderBook - [ORDERBOOK] ASK: Adding orderMktData(price=144,quantity=645)
23:15:22.539 [main] DEBUG c.orderbook.OrderBook - [ORDERBOOK] ASK: Adding orderMktData(price=167,quantity=665)
23:15:22.539 [main] DEBUG c.service.MarketDataService - [ALGO] BID: price:43 quantity:134
23:15:22.539 [main] DEBUG c.service.MarketDataService - [ALGO] BID: price:76 quantity:145
23:15:22.539 [main] DEBUG c.service.MarketDataService - [ALGO] BID: price:91 quantity:300
23:15:22.539 [main] DEBUG c.service.MarketDataService - [ALGO] BID: price:93 quantity:200
23:15:22.539 [main] DEBUG c.service.MarketDataService - [ALGO] BID: price:95 quantity:100
23:15:22.539 [main] DEBUG c.service.MarketDataService - [ALGO] BID: price:98 quantity:154
23:15:22.539 [main] DEBUG c.service.MarketDataService - [ALGO] ASK: price:98 quantity:501
23:15:22.539 [main] DEBUG c.service.MarketDataService - [ALGO] ASK: price:101 quantity:200
23:15:22.539 [main] DEBUG c.service.MarketDataService - [ALGO] ASK: price:110 quantity:5000
23:15:22.539 [main] DEBUG c.service.MarketDataService - [ALGO] ASK: price:119 quantity:5600
23:15:22.539 [main] DEBUG c.service.MarketDataService - [ALGO] ASK: price:123 quantity:453
23:15:22.539 [main] DEBUG c.service.MarketDataService - [ALGO] ASK: price:144 quantity:645
23:15:22.539 [main] DEBUG c.service.MarketDataService - [ALGO] ASK: price:167 quantity:665
23:15:22.539 [main] INFO  c.gettingstarted.MyAlgoLogic - [MYALGO] The state of the order book is:
|----BID-----||----ASK----|
    134 @ 43    501 @ 98
    145 @ 76   200 @ 101
    300 @ 91  5000 @ 110
    200 @ 93  5600 @ 119
    100 @ 95   453 @ 123
    154 @ 98   645 @ 144
          -    665 @ 167
|------------||-----------|

23:15:22.539 [main] INFO  c.gettingstarted.MyAlgoLogic - [MYALGO] Algo Sees Book as: 
|----BID-----||----ASK----|
    134 @ 43    501 @ 98
    145 @ 76   200 @ 101
    300 @ 91  5000 @ 110
    200 @ 93  5600 @ 119
    100 @ 95   453 @ 123
    154 @ 98   645 @ 144
          -    665 @ 167
|------------||-----------|

23:15:22.539 [main] INFO  c.gettingstarted.TimedLogic - [TIMEDLOGIC] Market is closed
23:15:22.539 [main] INFO  c.sequencer.consumer.LoggingConsumer - [155] 
|----BID-----|
    134 @ 43
    145 @ 76
    300 @ 91
    200 @ 93
    100 @ 95
    154 @ 98
|----ASK-----|
    501 @ 98
   200 @ 101
  5000 @ 110
  5600 @ 119
   453 @ 123
   645 @ 144
   665 @ 167

23:15:22.539 [main] INFO  c.orderbook.OrderBook - [ORDERBOOK] Processing Mkt Data Update
23:15:22.539 [main] INFO  c.o.v.MutatingRemoveAllMarketDataOrdersVisitor - [ORDERBOOK] Removing market data order:MktData(price=43,quantity=134)
23:15:22.539 [main] INFO  c.o.v.MutatingRemoveAllMarketDataOrdersVisitor - [ORDERBOOK] Removing level:43
23:15:22.539 [main] DEBUG c.orderbook.OrderBook - [ORDERBOOK] ASK: Adding orderMktData(price=43,quantity=134)
23:15:22.539 [main] DEBUG c.orderbook.OrderBook - [ORDERBOOK] ASK: Adding orderMktData(price=76,quantity=145)
23:15:22.539 [main] DEBUG c.orderbook.OrderBook - [ORDERBOOK] ASK: Adding orderMktData(price=91,quantity=300)
23:15:22.539 [main] DEBUG c.orderbook.OrderBook - [ORDERBOOK] ASK: Adding orderMktData(price=93,quantity=200)
23:15:22.539 [main] DEBUG c.orderbook.OrderBook - [ORDERBOOK] ASK: Adding orderMktData(price=95,quantity=100)
23:15:22.539 [main] DEBUG c.orderbook.OrderBook - [ORDERBOOK] ASK: Adding orderMktData(price=98,quantity=154)
23:15:22.539 [main] INFO  c.o.v.MutatingMatchOneMarketDataOrderVisitor - [ORDERBOOK] visiting LevelOrderBookLevel(price=43,quantity=134)
23:15:22.539 [main] INFO  c.o.v.MutatingMatchOneMarketDataOrderVisitor - [ORDERBOOK] Can't match order:MktData(price=43,quantity=134)(MktData(price=98,quantity=154))
23:15:22.539 [main] INFO  c.o.v.MutatingRemoveAllMarketDataOrdersVisitor - [ORDERBOOK] Removing market data order:MktData(price=98,quantity=501)
23:15:22.539 [main] INFO  c.o.v.MutatingRemoveAllMarketDataOrdersVisitor - [ORDERBOOK] Removing level:98
23:15:22.539 [main] INFO  c.o.v.MutatingRemoveAllMarketDataOrdersVisitor - [ORDERBOOK] Removing market data order:MktData(price=101,quantity=200)
23:15:22.539 [main] INFO  c.o.v.MutatingRemoveAllMarketDataOrdersVisitor - [ORDERBOOK] Removing level:101
23:15:22.539 [main] INFO  c.o.v.MutatingRemoveAllMarketDataOrdersVisitor - [ORDERBOOK] Removing market data order:MktData(price=110,quantity=5000)
23:15:22.539 [main] INFO  c.o.v.MutatingRemoveAllMarketDataOrdersVisitor - [ORDERBOOK] Removing level:110
23:15:22.539 [main] INFO  c.o.v.MutatingRemoveAllMarketDataOrdersVisitor - [ORDERBOOK] Removing market data order:MktData(price=119,quantity=5600)
23:15:22.539 [main] INFO  c.o.v.MutatingRemoveAllMarketDataOrdersVisitor - [ORDERBOOK] Removing level:119
23:15:22.539 [main] INFO  c.o.v.MutatingRemoveAllMarketDataOrdersVisitor - [ORDERBOOK] Removing market data order:MktData(price=123,quantity=453)
23:15:22.539 [main] INFO  c.o.v.MutatingRemoveAllMarketDataOrdersVisitor - [ORDERBOOK] Removing level:123
23:15:22.539 [main] INFO  c.o.v.MutatingRemoveAllMarketDataOrdersVisitor - [ORDERBOOK] Removing market data order:MktData(price=144,quantity=645)
23:15:22.539 [main] INFO  c.o.v.MutatingRemoveAllMarketDataOrdersVisitor - [ORDERBOOK] Removing level:144
23:15:22.539 [main] INFO  c.o.v.MutatingRemoveAllMarketDataOrdersVisitor - [ORDERBOOK] Removing market data order:MktData(price=167,quantity=665)
23:15:22.539 [main] INFO  c.o.v.MutatingRemoveAllMarketDataOrdersVisitor - [ORDERBOOK] Removing level:167
23:15:22.539 [main] DEBUG c.orderbook.OrderBook - [ORDERBOOK] ASK: Adding orderMktData(price=98,quantity=501)
23:15:22.539 [main] DEBUG c.orderbook.OrderBook - [ORDERBOOK] ASK: Adding orderMktData(price=101,quantity=200)
23:15:22.539 [main] DEBUG c.orderbook.OrderBook - [ORDERBOOK] ASK: Adding orderMktData(price=110,quantity=5000)
23:15:22.539 [main] DEBUG c.orderbook.OrderBook - [ORDERBOOK] ASK: Adding orderMktData(price=119,quantity=5600)
23:15:22.539 [main] DEBUG c.orderbook.OrderBook - [ORDERBOOK] ASK: Adding orderMktData(price=123,quantity=453)
23:15:22.540 [main] DEBUG c.orderbook.OrderBook - [ORDERBOOK] ASK: Adding orderMktData(price=144,quantity=645)
23:15:22.540 [main] DEBUG c.orderbook.OrderBook - [ORDERBOOK] ASK: Adding orderMktData(price=167,quantity=665)
23:15:22.540 [main] DEBUG c.service.MarketDataService - [ALGO] BID: price:43 quantity:134
23:15:22.540 [main] DEBUG c.service.MarketDataService - [ALGO] BID: price:76 quantity:145
23:15:22.540 [main] DEBUG c.service.MarketDataService - [ALGO] BID: price:91 quantity:300
23:15:22.540 [main] DEBUG c.service.MarketDataService - [ALGO] BID: price:93 quantity:200
23:15:22.540 [main] DEBUG c.service.MarketDataService - [ALGO] BID: price:95 quantity:100
23:15:22.540 [main] DEBUG c.service.MarketDataService - [ALGO] BID: price:98 quantity:154
23:15:22.540 [main] DEBUG c.service.MarketDataService - [ALGO] ASK: price:98 quantity:501
23:15:22.540 [main] DEBUG c.service.MarketDataService - [ALGO] ASK: price:101 quantity:200
23:15:22.540 [main] DEBUG c.service.MarketDataService - [ALGO] ASK: price:110 quantity:5000
23:15:22.540 [main] DEBUG c.service.MarketDataService - [ALGO] ASK: price:119 quantity:5600
23:15:22.540 [main] DEBUG c.service.MarketDataService - [ALGO] ASK: price:123 quantity:453
23:15:22.540 [main] DEBUG c.service.MarketDataService - [ALGO] ASK: price:144 quantity:645
23:15:22.540 [main] DEBUG c.service.MarketDataService - [ALGO] ASK: price:167 quantity:665
23:15:22.540 [main] INFO  c.gettingstarted.MyAlgoLogic - [MYALGO] The state of the order book is:
|----BID-----||----ASK----|
    134 @ 43    501 @ 98
    145 @ 76   200 @ 101
    300 @ 91  5000 @ 110
    200 @ 93  5600 @ 119
    100 @ 95   453 @ 123
    154 @ 98   645 @ 144
          -    665 @ 167
|------------||-----------|

23:15:22.540 [main] INFO  c.gettingstarted.MyAlgoLogic - [MYALGO] Algo Sees Book as: 
|----BID-----||----ASK----|
    134 @ 43    501 @ 98
    145 @ 76   200 @ 101
    300 @ 91  5000 @ 110
    200 @ 93  5600 @ 119
    100 @ 95   453 @ 123
    154 @ 98   645 @ 144
          -    665 @ 167
|------------||-----------|

23:15:22.540 [main] INFO  c.gettingstarted.TimedLogic - [TIMEDLOGIC] Market is closed
23:15:22.540 [main] INFO  c.sequencer.consumer.LoggingConsumer - [156] 
|----BID-----|
    134 @ 43
    145 @ 76
    300 @ 91
    200 @ 93
    100 @ 95
    154 @ 98
|----ASK-----|
    501 @ 98
   200 @ 101
  5000 @ 110
  5600 @ 119
   453 @ 123
   645 @ 144
   665 @ 167

23:15:22.540 [main] INFO  c.orderbook.OrderBook - [ORDERBOOK] Processing Mkt Data Update
23:15:22.540 [main] INFO  c.o.v.MutatingRemoveAllMarketDataOrdersVisitor - [ORDERBOOK] Removing market data order:MktData(price=43,quantity=134)
23:15:22.540 [main] INFO  c.o.v.MutatingRemoveAllMarketDataOrdersVisitor - [ORDERBOOK] Removing level:43
23:15:22.540 [main] DEBUG c.orderbook.OrderBook - [ORDERBOOK] ASK: Adding orderMktData(price=43,quantity=134)
23:15:22.540 [main] DEBUG c.orderbook.OrderBook - [ORDERBOOK] ASK: Adding orderMktData(price=76,quantity=145)
23:15:22.540 [main] DEBUG c.orderbook.OrderBook - [ORDERBOOK] ASK: Adding orderMktData(price=91,quantity=300)
23:15:22.540 [main] DEBUG c.orderbook.OrderBook - [ORDERBOOK] ASK: Adding orderMktData(price=93,quantity=200)
23:15:22.540 [main] DEBUG c.orderbook.OrderBook - [ORDERBOOK] ASK: Adding orderMktData(price=95,quantity=100)
23:15:22.540 [main] DEBUG c.orderbook.OrderBook - [ORDERBOOK] ASK: Adding orderMktData(price=98,quantity=154)
23:15:22.540 [main] INFO  c.o.v.MutatingMatchOneMarketDataOrderVisitor - [ORDERBOOK] visiting LevelOrderBookLevel(price=43,quantity=134)
23:15:22.540 [main] INFO  c.o.v.MutatingMatchOneMarketDataOrderVisitor - [ORDERBOOK] Can't match order:MktData(price=43,quantity=134)(MktData(price=98,quantity=154))
23:15:22.540 [main] INFO  c.o.v.MutatingRemoveAllMarketDataOrdersVisitor - [ORDERBOOK] Removing market data order:MktData(price=98,quantity=501)
23:15:22.540 [main] INFO  c.o.v.MutatingRemoveAllMarketDataOrdersVisitor - [ORDERBOOK] Removing level:98
23:15:22.540 [main] INFO  c.o.v.MutatingRemoveAllMarketDataOrdersVisitor - [ORDERBOOK] Removing market data order:MktData(price=101,quantity=200)
23:15:22.540 [main] INFO  c.o.v.MutatingRemoveAllMarketDataOrdersVisitor - [ORDERBOOK] Removing level:101
23:15:22.540 [main] INFO  c.o.v.MutatingRemoveAllMarketDataOrdersVisitor - [ORDERBOOK] Removing market data order:MktData(price=110,quantity=5000)
23:15:22.540 [main] INFO  c.o.v.MutatingRemoveAllMarketDataOrdersVisitor - [ORDERBOOK] Removing level:110
23:15:22.540 [main] INFO  c.o.v.MutatingRemoveAllMarketDataOrdersVisitor - [ORDERBOOK] Removing market data order:MktData(price=119,quantity=5600)
23:15:22.540 [main] INFO  c.o.v.MutatingRemoveAllMarketDataOrdersVisitor - [ORDERBOOK] Removing level:119
23:15:22.540 [main] INFO  c.o.v.MutatingRemoveAllMarketDataOrdersVisitor - [ORDERBOOK] Removing market data order:MktData(price=123,quantity=453)
23:15:22.540 [main] INFO  c.o.v.MutatingRemoveAllMarketDataOrdersVisitor - [ORDERBOOK] Removing level:123
23:15:22.540 [main] INFO  c.o.v.MutatingRemoveAllMarketDataOrdersVisitor - [ORDERBOOK] Removing market data order:MktData(price=144,quantity=645)
23:15:22.540 [main] INFO  c.o.v.MutatingRemoveAllMarketDataOrdersVisitor - [ORDERBOOK] Removing level:144
23:15:22.540 [main] INFO  c.o.v.MutatingRemoveAllMarketDataOrdersVisitor - [ORDERBOOK] Removing market data order:MktData(price=167,quantity=665)
23:15:22.540 [main] INFO  c.o.v.MutatingRemoveAllMarketDataOrdersVisitor - [ORDERBOOK] Removing level:167
23:15:22.540 [main] DEBUG c.orderbook.OrderBook - [ORDERBOOK] ASK: Adding orderMktData(price=98,quantity=501)
23:15:22.540 [main] DEBUG c.orderbook.OrderBook - [ORDERBOOK] ASK: Adding orderMktData(price=101,quantity=200)
23:15:22.540 [main] DEBUG c.orderbook.OrderBook - [ORDERBOOK] ASK: Adding orderMktData(price=110,quantity=5000)
23:15:22.540 [main] DEBUG c.orderbook.OrderBook - [ORDERBOOK] ASK: Adding orderMktData(price=119,quantity=5600)
23:15:22.540 [main] DEBUG c.orderbook.OrderBook - [ORDERBOOK] ASK: Adding orderMktData(price=123,quantity=453)
23:15:22.540 [main] DEBUG c.orderbook.OrderBook - [ORDERBOOK] ASK: Adding orderMktData(price=144,quantity=645)
23:15:22.540 [main] DEBUG c.orderbook.OrderBook - [ORDERBOOK] ASK: Adding orderMktData(price=167,quantity=665)
23:15:22.541 [main] DEBUG c.service.MarketDataService - [ALGO] BID: price:43 quantity:134
23:15:22.541 [main] DEBUG c.service.MarketDataService - [ALGO] BID: price:76 quantity:145
23:15:22.541 [main] DEBUG c.service.MarketDataService - [ALGO] BID: price:91 quantity:300
23:15:22.541 [main] DEBUG c.service.MarketDataService - [ALGO] BID: price:93 quantity:200
23:15:22.541 [main] DEBUG c.service.MarketDataService - [ALGO] BID: price:95 quantity:100
23:15:22.541 [main] DEBUG c.service.MarketDataService - [ALGO] BID: price:98 quantity:154
23:15:22.541 [main] DEBUG c.service.MarketDataService - [ALGO] ASK: price:98 quantity:501
23:15:22.541 [main] DEBUG c.service.MarketDataService - [ALGO] ASK: price:101 quantity:200
23:15:22.541 [main] DEBUG c.service.MarketDataService - [ALGO] ASK: price:110 quantity:5000
23:15:22.541 [main] DEBUG c.service.MarketDataService - [ALGO] ASK: price:119 quantity:5600
23:15:22.541 [main] DEBUG c.service.MarketDataService - [ALGO] ASK: price:123 quantity:453
23:15:22.541 [main] DEBUG c.service.MarketDataService - [ALGO] ASK: price:144 quantity:645
23:15:22.541 [main] DEBUG c.service.MarketDataService - [ALGO] ASK: price:167 quantity:665
23:15:22.541 [main] INFO  c.gettingstarted.MyAlgoLogic - [MYALGO] The state of the order book is:
|----BID-----||----ASK----|
    134 @ 43    501 @ 98
    145 @ 76   200 @ 101
    300 @ 91  5000 @ 110
    200 @ 93  5600 @ 119
    100 @ 95   453 @ 123
    154 @ 98   645 @ 144
          -    665 @ 167
|------------||-----------|

23:15:22.541 [main] INFO  c.gettingstarted.MyAlgoLogic - [MYALGO] Algo Sees Book as: 
|----BID-----||----ASK----|
    134 @ 43    501 @ 98
    145 @ 76   200 @ 101
    300 @ 91  5000 @ 110
    200 @ 93  5600 @ 119
    100 @ 95   453 @ 123
    154 @ 98   645 @ 144
          -    665 @ 167
|------------||-----------|

23:15:22.541 [main] INFO  c.gettingstarted.TimedLogic - [TIMEDLOGIC] Market is closed
23:15:22.541 [main] INFO  c.sequencer.consumer.LoggingConsumer - [157] 
|----BID-----|
    134 @ 43
    145 @ 76
    300 @ 91
    200 @ 93
    100 @ 95
    154 @ 98
|----ASK-----|
    501 @ 98
   200 @ 101
  5000 @ 110
  5600 @ 119
   453 @ 123
   645 @ 144
   665 @ 167

23:15:22.541 [main] INFO  c.orderbook.OrderBook - [ORDERBOOK] Processing Mkt Data Update
23:15:22.541 [main] INFO  c.o.v.MutatingRemoveAllMarketDataOrdersVisitor - [ORDERBOOK] Removing market data order:MktData(price=43,quantity=134)
23:15:22.541 [main] INFO  c.o.v.MutatingRemoveAllMarketDataOrdersVisitor - [ORDERBOOK] Removing level:43
23:15:22.541 [main] DEBUG c.orderbook.OrderBook - [ORDERBOOK] ASK: Adding orderMktData(price=43,quantity=134)
23:15:22.541 [main] DEBUG c.orderbook.OrderBook - [ORDERBOOK] ASK: Adding orderMktData(price=76,quantity=145)
23:15:22.541 [main] DEBUG c.orderbook.OrderBook - [ORDERBOOK] ASK: Adding orderMktData(price=91,quantity=300)
23:15:22.541 [main] DEBUG c.orderbook.OrderBook - [ORDERBOOK] ASK: Adding orderMktData(price=93,quantity=200)
23:15:22.541 [main] DEBUG c.orderbook.OrderBook - [ORDERBOOK] ASK: Adding orderMktData(price=95,quantity=100)
23:15:22.541 [main] DEBUG c.orderbook.OrderBook - [ORDERBOOK] ASK: Adding orderMktData(price=98,quantity=154)
23:15:22.541 [main] INFO  c.o.v.MutatingMatchOneMarketDataOrderVisitor - [ORDERBOOK] visiting LevelOrderBookLevel(price=43,quantity=134)
23:15:22.541 [main] INFO  c.o.v.MutatingMatchOneMarketDataOrderVisitor - [ORDERBOOK] Can't match order:MktData(price=43,quantity=134)(MktData(price=98,quantity=154))
23:15:22.541 [main] INFO  c.o.v.MutatingRemoveAllMarketDataOrdersVisitor - [ORDERBOOK] Removing market data order:MktData(price=98,quantity=501)
23:15:22.541 [main] INFO  c.o.v.MutatingRemoveAllMarketDataOrdersVisitor - [ORDERBOOK] Removing level:98
23:15:22.541 [main] INFO  c.o.v.MutatingRemoveAllMarketDataOrdersVisitor - [ORDERBOOK] Removing market data order:MktData(price=101,quantity=200)
23:15:22.541 [main] INFO  c.o.v.MutatingRemoveAllMarketDataOrdersVisitor - [ORDERBOOK] Removing level:101
23:15:22.541 [main] INFO  c.o.v.MutatingRemoveAllMarketDataOrdersVisitor - [ORDERBOOK] Removing market data order:MktData(price=110,quantity=5000)
23:15:22.541 [main] INFO  c.o.v.MutatingRemoveAllMarketDataOrdersVisitor - [ORDERBOOK] Removing level:110
23:15:22.541 [main] INFO  c.o.v.MutatingRemoveAllMarketDataOrdersVisitor - [ORDERBOOK] Removing market data order:MktData(price=119,quantity=5600)
23:15:22.541 [main] INFO  c.o.v.MutatingRemoveAllMarketDataOrdersVisitor - [ORDERBOOK] Removing level:119
23:15:22.541 [main] INFO  c.o.v.MutatingRemoveAllMarketDataOrdersVisitor - [ORDERBOOK] Removing market data order:MktData(price=123,quantity=453)
23:15:22.541 [main] INFO  c.o.v.MutatingRemoveAllMarketDataOrdersVisitor - [ORDERBOOK] Removing level:123
23:15:22.541 [main] INFO  c.o.v.MutatingRemoveAllMarketDataOrdersVisitor - [ORDERBOOK] Removing market data order:MktData(price=144,quantity=645)
23:15:22.541 [main] INFO  c.o.v.MutatingRemoveAllMarketDataOrdersVisitor - [ORDERBOOK] Removing level:144
23:15:22.541 [main] INFO  c.o.v.MutatingRemoveAllMarketDataOrdersVisitor - [ORDERBOOK] Removing market data order:MktData(price=167,quantity=665)
23:15:22.541 [main] INFO  c.o.v.MutatingRemoveAllMarketDataOrdersVisitor - [ORDERBOOK] Removing level:167
23:15:22.541 [main] DEBUG c.orderbook.OrderBook - [ORDERBOOK] ASK: Adding orderMktData(price=98,quantity=501)
23:15:22.541 [main] DEBUG c.orderbook.OrderBook - [ORDERBOOK] ASK: Adding orderMktData(price=101,quantity=200)
23:15:22.541 [main] DEBUG c.orderbook.OrderBook - [ORDERBOOK] ASK: Adding orderMktData(price=110,quantity=5000)
23:15:22.541 [main] DEBUG c.orderbook.OrderBook - [ORDERBOOK] ASK: Adding orderMktData(price=119,quantity=5600)
23:15:22.541 [main] DEBUG c.orderbook.OrderBook - [ORDERBOOK] ASK: Adding orderMktData(price=123,quantity=453)
23:15:22.541 [main] DEBUG c.orderbook.OrderBook - [ORDERBOOK] ASK: Adding orderMktData(price=144,quantity=645)
23:15:22.541 [main] DEBUG c.orderbook.OrderBook - [ORDERBOOK] ASK: Adding orderMktData(price=167,quantity=665)
23:15:22.541 [main] DEBUG c.service.MarketDataService - [ALGO] BID: price:43 quantity:134
23:15:22.541 [main] DEBUG c.service.MarketDataService - [ALGO] BID: price:76 quantity:145
23:15:22.541 [main] DEBUG c.service.MarketDataService - [ALGO] BID: price:91 quantity:300
23:15:22.541 [main] DEBUG c.service.MarketDataService - [ALGO] BID: price:93 quantity:200
23:15:22.541 [main] DEBUG c.service.MarketDataService - [ALGO] BID: price:95 quantity:100
23:15:22.541 [main] DEBUG c.service.MarketDataService - [ALGO] BID: price:98 quantity:154
23:15:22.541 [main] DEBUG c.service.MarketDataService - [ALGO] ASK: price:98 quantity:501
23:15:22.541 [main] DEBUG c.service.MarketDataService - [ALGO] ASK: price:101 quantity:200
23:15:22.541 [main] DEBUG c.service.MarketDataService - [ALGO] ASK: price:110 quantity:5000
23:15:22.541 [main] DEBUG c.service.MarketDataService - [ALGO] ASK: price:119 quantity:5600
23:15:22.541 [main] DEBUG c.service.MarketDataService - [ALGO] ASK: price:123 quantity:453
23:15:22.541 [main] DEBUG c.service.MarketDataService - [ALGO] ASK: price:144 quantity:645
23:15:22.541 [main] DEBUG c.service.MarketDataService - [ALGO] ASK: price:167 quantity:665
23:15:22.541 [main] INFO  c.gettingstarted.MyAlgoLogic - [MYALGO] The state of the order book is:
|----BID-----||----ASK----|
    134 @ 43    501 @ 98
    145 @ 76   200 @ 101
    300 @ 91  5000 @ 110
    200 @ 93  5600 @ 119
    100 @ 95   453 @ 123
    154 @ 98   645 @ 144
          -    665 @ 167
|------------||-----------|

23:15:22.541 [main] INFO  c.gettingstarted.MyAlgoLogic - [MYALGO] Algo Sees Book as: 
|----BID-----||----ASK----|
    134 @ 43    501 @ 98
    145 @ 76   200 @ 101
    300 @ 91  5000 @ 110
    200 @ 93  5600 @ 119
    100 @ 95   453 @ 123
    154 @ 98   645 @ 144
          -    665 @ 167
|------------||-----------|

23:15:22.541 [main] INFO  c.gettingstarted.TimedLogic - [TIMEDLOGIC] Market is closed
23:15:22.542 [main] INFO  c.sequencer.consumer.LoggingConsumer - [158] 
|----BID-----|
    134 @ 43
    145 @ 76
    300 @ 91
    200 @ 93
    100 @ 95
    154 @ 98
|----ASK-----|
    501 @ 98
   200 @ 101
  5000 @ 110
  5600 @ 119
   453 @ 123
   645 @ 144
   665 @ 167

23:15:22.542 [main] INFO  c.orderbook.OrderBook - [ORDERBOOK] Processing Mkt Data Update
23:15:22.542 [main] INFO  c.o.v.MutatingRemoveAllMarketDataOrdersVisitor - [ORDERBOOK] Removing market data order:MktData(price=43,quantity=134)
23:15:22.542 [main] INFO  c.o.v.MutatingRemoveAllMarketDataOrdersVisitor - [ORDERBOOK] Removing level:43
23:15:22.542 [main] DEBUG c.orderbook.OrderBook - [ORDERBOOK] ASK: Adding orderMktData(price=43,quantity=134)
23:15:22.542 [main] DEBUG c.orderbook.OrderBook - [ORDERBOOK] ASK: Adding orderMktData(price=76,quantity=145)
23:15:22.542 [main] DEBUG c.orderbook.OrderBook - [ORDERBOOK] ASK: Adding orderMktData(price=91,quantity=300)
23:15:22.542 [main] DEBUG c.orderbook.OrderBook - [ORDERBOOK] ASK: Adding orderMktData(price=93,quantity=200)
23:15:22.542 [main] DEBUG c.orderbook.OrderBook - [ORDERBOOK] ASK: Adding orderMktData(price=95,quantity=100)
23:15:22.542 [main] DEBUG c.orderbook.OrderBook - [ORDERBOOK] ASK: Adding orderMktData(price=98,quantity=154)
23:15:22.542 [main] INFO  c.o.v.MutatingMatchOneMarketDataOrderVisitor - [ORDERBOOK] visiting LevelOrderBookLevel(price=43,quantity=134)
23:15:22.542 [main] INFO  c.o.v.MutatingMatchOneMarketDataOrderVisitor - [ORDERBOOK] Can't match order:MktData(price=43,quantity=134)(MktData(price=98,quantity=154))
23:15:22.542 [main] INFO  c.o.v.MutatingRemoveAllMarketDataOrdersVisitor - [ORDERBOOK] Removing market data order:MktData(price=98,quantity=501)
23:15:22.542 [main] INFO  c.o.v.MutatingRemoveAllMarketDataOrdersVisitor - [ORDERBOOK] Removing level:98
23:15:22.542 [main] INFO  c.o.v.MutatingRemoveAllMarketDataOrdersVisitor - [ORDERBOOK] Removing market data order:MktData(price=101,quantity=200)
23:15:22.542 [main] INFO  c.o.v.MutatingRemoveAllMarketDataOrdersVisitor - [ORDERBOOK] Removing level:101
23:15:22.542 [main] INFO  c.o.v.MutatingRemoveAllMarketDataOrdersVisitor - [ORDERBOOK] Removing market data order:MktData(price=110,quantity=5000)
23:15:22.542 [main] INFO  c.o.v.MutatingRemoveAllMarketDataOrdersVisitor - [ORDERBOOK] Removing level:110
23:15:22.542 [main] INFO  c.o.v.MutatingRemoveAllMarketDataOrdersVisitor - [ORDERBOOK] Removing market data order:MktData(price=119,quantity=5600)
23:15:22.542 [main] INFO  c.o.v.MutatingRemoveAllMarketDataOrdersVisitor - [ORDERBOOK] Removing level:119
23:15:22.542 [main] INFO  c.o.v.MutatingRemoveAllMarketDataOrdersVisitor - [ORDERBOOK] Removing market data order:MktData(price=123,quantity=453)
23:15:22.542 [main] INFO  c.o.v.MutatingRemoveAllMarketDataOrdersVisitor - [ORDERBOOK] Removing level:123
23:15:22.542 [main] INFO  c.o.v.MutatingRemoveAllMarketDataOrdersVisitor - [ORDERBOOK] Removing market data order:MktData(price=144,quantity=645)
23:15:22.542 [main] INFO  c.o.v.MutatingRemoveAllMarketDataOrdersVisitor - [ORDERBOOK] Removing level:144
23:15:22.542 [main] INFO  c.o.v.MutatingRemoveAllMarketDataOrdersVisitor - [ORDERBOOK] Removing market data order:MktData(price=167,quantity=665)
23:15:22.542 [main] INFO  c.o.v.MutatingRemoveAllMarketDataOrdersVisitor - [ORDERBOOK] Removing level:167
23:15:22.542 [main] DEBUG c.orderbook.OrderBook - [ORDERBOOK] ASK: Adding orderMktData(price=98,quantity=501)
23:15:22.542 [main] DEBUG c.orderbook.OrderBook - [ORDERBOOK] ASK: Adding orderMktData(price=101,quantity=200)
23:15:22.542 [main] DEBUG c.orderbook.OrderBook - [ORDERBOOK] ASK: Adding orderMktData(price=110,quantity=5000)
23:15:22.542 [main] DEBUG c.orderbook.OrderBook - [ORDERBOOK] ASK: Adding orderMktData(price=119,quantity=5600)
23:15:22.542 [main] DEBUG c.orderbook.OrderBook - [ORDERBOOK] ASK: Adding orderMktData(price=123,quantity=453)
23:15:22.542 [main] DEBUG c.orderbook.OrderBook - [ORDERBOOK] ASK: Adding orderMktData(price=144,quantity=645)
23:15:22.542 [main] DEBUG c.orderbook.OrderBook - [ORDERBOOK] ASK: Adding orderMktData(price=167,quantity=665)
23:15:22.542 [main] DEBUG c.service.MarketDataService - [ALGO] BID: price:43 quantity:134
23:15:22.542 [main] DEBUG c.service.MarketDataService - [ALGO] BID: price:76 quantity:145
23:15:22.542 [main] DEBUG c.service.MarketDataService - [ALGO] BID: price:91 quantity:300
23:15:22.542 [main] DEBUG c.service.MarketDataService - [ALGO] BID: price:93 quantity:200
23:15:22.542 [main] DEBUG c.service.MarketDataService - [ALGO] BID: price:95 quantity:100
23:15:22.542 [main] DEBUG c.service.MarketDataService - [ALGO] BID: price:98 quantity:154
23:15:22.542 [main] DEBUG c.service.MarketDataService - [ALGO] ASK: price:98 quantity:501
23:15:22.542 [main] DEBUG c.service.MarketDataService - [ALGO] ASK: price:101 quantity:200
23:15:22.542 [main] DEBUG c.service.MarketDataService - [ALGO] ASK: price:110 quantity:5000
23:15:22.542 [main] DEBUG c.service.MarketDataService - [ALGO] ASK: price:119 quantity:5600
23:15:22.542 [main] DEBUG c.service.MarketDataService - [ALGO] ASK: price:123 quantity:453
23:15:22.542 [main] DEBUG c.service.MarketDataService - [ALGO] ASK: price:144 quantity:645
23:15:22.542 [main] DEBUG c.service.MarketDataService - [ALGO] ASK: price:167 quantity:665
23:15:22.542 [main] INFO  c.gettingstarted.MyAlgoLogic - [MYALGO] The state of the order book is:
|----BID-----||----ASK----|
    134 @ 43    501 @ 98
    145 @ 76   200 @ 101
    300 @ 91  5000 @ 110
    200 @ 93  5600 @ 119
    100 @ 95   453 @ 123
    154 @ 98   645 @ 144
          -    665 @ 167
|------------||-----------|

23:15:22.542 [main] INFO  c.gettingstarted.MyAlgoLogic - [MYALGO] Algo Sees Book as: 
|----BID-----||----ASK----|
    134 @ 43    501 @ 98
    145 @ 76   200 @ 101
    300 @ 91  5000 @ 110
    200 @ 93  5600 @ 119
    100 @ 95   453 @ 123
    154 @ 98   645 @ 144
          -    665 @ 167
|------------||-----------|

23:15:22.542 [main] INFO  c.gettingstarted.TimedLogic - [TIMEDLOGIC] Market is closed
23:15:22.545 [main] INFO  c.sequencer.consumer.LoggingConsumer - [159] 
|----BID-----|
    134 @ 43
    145 @ 76
    300 @ 91
    200 @ 93
    100 @ 95
    154 @ 98
|----ASK-----|
    501 @ 98
   200 @ 101
  5000 @ 110
  5600 @ 119
   453 @ 123
   645 @ 144
   665 @ 167

23:15:22.545 [main] INFO  c.orderbook.OrderBook - [ORDERBOOK] Processing Mkt Data Update
23:15:22.545 [main] INFO  c.o.v.MutatingRemoveAllMarketDataOrdersVisitor - [ORDERBOOK] Removing market data order:MktData(price=43,quantity=134)
23:15:22.545 [main] INFO  c.o.v.MutatingRemoveAllMarketDataOrdersVisitor - [ORDERBOOK] Removing level:43
23:15:22.545 [main] DEBUG c.orderbook.OrderBook - [ORDERBOOK] ASK: Adding orderMktData(price=43,quantity=134)
23:15:22.545 [main] DEBUG c.orderbook.OrderBook - [ORDERBOOK] ASK: Adding orderMktData(price=76,quantity=145)
23:15:22.545 [main] DEBUG c.orderbook.OrderBook - [ORDERBOOK] ASK: Adding orderMktData(price=91,quantity=300)
23:15:22.545 [main] DEBUG c.orderbook.OrderBook - [ORDERBOOK] ASK: Adding orderMktData(price=93,quantity=200)
23:15:22.545 [main] DEBUG c.orderbook.OrderBook - [ORDERBOOK] ASK: Adding orderMktData(price=95,quantity=100)
23:15:22.545 [main] DEBUG c.orderbook.OrderBook - [ORDERBOOK] ASK: Adding orderMktData(price=98,quantity=154)
23:15:22.545 [main] INFO  c.o.v.MutatingMatchOneMarketDataOrderVisitor - [ORDERBOOK] visiting LevelOrderBookLevel(price=43,quantity=134)
23:15:22.545 [main] INFO  c.o.v.MutatingMatchOneMarketDataOrderVisitor - [ORDERBOOK] Can't match order:MktData(price=43,quantity=134)(MktData(price=98,quantity=154))
23:15:22.545 [main] INFO  c.o.v.MutatingRemoveAllMarketDataOrdersVisitor - [ORDERBOOK] Removing market data order:MktData(price=98,quantity=501)
23:15:22.545 [main] INFO  c.o.v.MutatingRemoveAllMarketDataOrdersVisitor - [ORDERBOOK] Removing level:98
23:15:22.545 [main] INFO  c.o.v.MutatingRemoveAllMarketDataOrdersVisitor - [ORDERBOOK] Removing market data order:MktData(price=101,quantity=200)
23:15:22.545 [main] INFO  c.o.v.MutatingRemoveAllMarketDataOrdersVisitor - [ORDERBOOK] Removing level:101
23:15:22.545 [main] INFO  c.o.v.MutatingRemoveAllMarketDataOrdersVisitor - [ORDERBOOK] Removing market data order:MktData(price=110,quantity=5000)
23:15:22.545 [main] INFO  c.o.v.MutatingRemoveAllMarketDataOrdersVisitor - [ORDERBOOK] Removing level:110
23:15:22.545 [main] INFO  c.o.v.MutatingRemoveAllMarketDataOrdersVisitor - [ORDERBOOK] Removing market data order:MktData(price=119,quantity=5600)
23:15:22.545 [main] INFO  c.o.v.MutatingRemoveAllMarketDataOrdersVisitor - [ORDERBOOK] Removing level:119
23:15:22.545 [main] INFO  c.o.v.MutatingRemoveAllMarketDataOrdersVisitor - [ORDERBOOK] Removing market data order:MktData(price=123,quantity=453)
23:15:22.545 [main] INFO  c.o.v.MutatingRemoveAllMarketDataOrdersVisitor - [ORDERBOOK] Removing level:123
23:15:22.545 [main] INFO  c.o.v.MutatingRemoveAllMarketDataOrdersVisitor - [ORDERBOOK] Removing market data order:MktData(price=144,quantity=645)
23:15:22.545 [main] INFO  c.o.v.MutatingRemoveAllMarketDataOrdersVisitor - [ORDERBOOK] Removing level:144
23:15:22.545 [main] INFO  c.o.v.MutatingRemoveAllMarketDataOrdersVisitor - [ORDERBOOK] Removing market data order:MktData(price=167,quantity=665)
23:15:22.545 [main] INFO  c.o.v.MutatingRemoveAllMarketDataOrdersVisitor - [ORDERBOOK] Removing level:167
23:15:22.545 [main] DEBUG c.orderbook.OrderBook - [ORDERBOOK] ASK: Adding orderMktData(price=98,quantity=501)
23:15:22.545 [main] DEBUG c.orderbook.OrderBook - [ORDERBOOK] ASK: Adding orderMktData(price=101,quantity=200)
23:15:22.545 [main] DEBUG c.orderbook.OrderBook - [ORDERBOOK] ASK: Adding orderMktData(price=110,quantity=5000)
23:15:22.545 [main] DEBUG c.orderbook.OrderBook - [ORDERBOOK] ASK: Adding orderMktData(price=119,quantity=5600)
23:15:22.545 [main] DEBUG c.orderbook.OrderBook - [ORDERBOOK] ASK: Adding orderMktData(price=123,quantity=453)
23:15:22.545 [main] DEBUG c.orderbook.OrderBook - [ORDERBOOK] ASK: Adding orderMktData(price=144,quantity=645)
23:15:22.545 [main] DEBUG c.orderbook.OrderBook - [ORDERBOOK] ASK: Adding orderMktData(price=167,quantity=665)
23:15:22.545 [main] DEBUG c.service.MarketDataService - [ALGO] BID: price:43 quantity:134
23:15:22.545 [main] DEBUG c.service.MarketDataService - [ALGO] BID: price:76 quantity:145
23:15:22.545 [main] DEBUG c.service.MarketDataService - [ALGO] BID: price:91 quantity:300
23:15:22.545 [main] DEBUG c.service.MarketDataService - [ALGO] BID: price:93 quantity:200
23:15:22.545 [main] DEBUG c.service.MarketDataService - [ALGO] BID: price:95 quantity:100
23:15:22.545 [main] DEBUG c.service.MarketDataService - [ALGO] BID: price:98 quantity:154
23:15:22.545 [main] DEBUG c.service.MarketDataService - [ALGO] ASK: price:98 quantity:501
23:15:22.545 [main] DEBUG c.service.MarketDataService - [ALGO] ASK: price:101 quantity:200
23:15:22.545 [main] DEBUG c.service.MarketDataService - [ALGO] ASK: price:110 quantity:5000
23:15:22.545 [main] DEBUG c.service.MarketDataService - [ALGO] ASK: price:119 quantity:5600
23:15:22.545 [main] DEBUG c.service.MarketDataService - [ALGO] ASK: price:123 quantity:453
23:15:22.545 [main] DEBUG c.service.MarketDataService - [ALGO] ASK: price:144 quantity:645
23:15:22.545 [main] DEBUG c.service.MarketDataService - [ALGO] ASK: price:167 quantity:665
23:15:22.545 [main] INFO  c.gettingstarted.MyAlgoLogic - [MYALGO] The state of the order book is:
|----BID-----||----ASK----|
    134 @ 43    501 @ 98
    145 @ 76   200 @ 101
    300 @ 91  5000 @ 110
    200 @ 93  5600 @ 119
    100 @ 95   453 @ 123
    154 @ 98   645 @ 144
          -    665 @ 167
|------------||-----------|

23:15:22.545 [main] INFO  c.gettingstarted.MyAlgoLogic - [MYALGO] Algo Sees Book as: 
|----BID-----||----ASK----|
    134 @ 43    501 @ 98
    145 @ 76   200 @ 101
    300 @ 91  5000 @ 110
    200 @ 93  5600 @ 119
    100 @ 95   453 @ 123
    154 @ 98   645 @ 144
          -    665 @ 167
|------------||-----------|

23:15:22.545 [main] INFO  c.gettingstarted.TimedLogic - [TIMEDLOGIC] Market is closed
23:15:22.546 [main] INFO  c.sequencer.consumer.LoggingConsumer - [160] 
|----BID-----|
    134 @ 43
    145 @ 76
    300 @ 91
    200 @ 93
    100 @ 95
    154 @ 98
|----ASK-----|
    501 @ 98
   200 @ 101
  5000 @ 110
  5600 @ 119
   453 @ 123
   645 @ 144
   665 @ 167

23:15:22.546 [main] INFO  c.orderbook.OrderBook - [ORDERBOOK] Processing Mkt Data Update
23:15:22.546 [main] INFO  c.o.v.MutatingRemoveAllMarketDataOrdersVisitor - [ORDERBOOK] Removing market data order:MktData(price=43,quantity=134)
23:15:22.546 [main] INFO  c.o.v.MutatingRemoveAllMarketDataOrdersVisitor - [ORDERBOOK] Removing level:43
23:15:22.546 [main] DEBUG c.orderbook.OrderBook - [ORDERBOOK] ASK: Adding orderMktData(price=43,quantity=134)
23:15:22.546 [main] DEBUG c.orderbook.OrderBook - [ORDERBOOK] ASK: Adding orderMktData(price=76,quantity=145)
23:15:22.546 [main] DEBUG c.orderbook.OrderBook - [ORDERBOOK] ASK: Adding orderMktData(price=91,quantity=300)
23:15:22.546 [main] DEBUG c.orderbook.OrderBook - [ORDERBOOK] ASK: Adding orderMktData(price=93,quantity=200)
23:15:22.546 [main] DEBUG c.orderbook.OrderBook - [ORDERBOOK] ASK: Adding orderMktData(price=95,quantity=100)
23:15:22.546 [main] DEBUG c.orderbook.OrderBook - [ORDERBOOK] ASK: Adding orderMktData(price=98,quantity=154)
23:15:22.546 [main] INFO  c.o.v.MutatingMatchOneMarketDataOrderVisitor - [ORDERBOOK] visiting LevelOrderBookLevel(price=43,quantity=134)
23:15:22.546 [main] INFO  c.o.v.MutatingMatchOneMarketDataOrderVisitor - [ORDERBOOK] Can't match order:MktData(price=43,quantity=134)(MktData(price=98,quantity=154))
23:15:22.546 [main] INFO  c.o.v.MutatingRemoveAllMarketDataOrdersVisitor - [ORDERBOOK] Removing market data order:MktData(price=98,quantity=501)
23:15:22.546 [main] INFO  c.o.v.MutatingRemoveAllMarketDataOrdersVisitor - [ORDERBOOK] Removing level:98
23:15:22.546 [main] INFO  c.o.v.MutatingRemoveAllMarketDataOrdersVisitor - [ORDERBOOK] Removing market data order:MktData(price=101,quantity=200)
23:15:22.546 [main] INFO  c.o.v.MutatingRemoveAllMarketDataOrdersVisitor - [ORDERBOOK] Removing level:101
23:15:22.546 [main] INFO  c.o.v.MutatingRemoveAllMarketDataOrdersVisitor - [ORDERBOOK] Removing market data order:MktData(price=110,quantity=5000)
23:15:22.546 [main] INFO  c.o.v.MutatingRemoveAllMarketDataOrdersVisitor - [ORDERBOOK] Removing level:110
23:15:22.546 [main] INFO  c.o.v.MutatingRemoveAllMarketDataOrdersVisitor - [ORDERBOOK] Removing market data order:MktData(price=119,quantity=5600)
23:15:22.546 [main] INFO  c.o.v.MutatingRemoveAllMarketDataOrdersVisitor - [ORDERBOOK] Removing level:119
23:15:22.546 [main] INFO  c.o.v.MutatingRemoveAllMarketDataOrdersVisitor - [ORDERBOOK] Removing market data order:MktData(price=123,quantity=453)
23:15:22.546 [main] INFO  c.o.v.MutatingRemoveAllMarketDataOrdersVisitor - [ORDERBOOK] Removing level:123
23:15:22.546 [main] INFO  c.o.v.MutatingRemoveAllMarketDataOrdersVisitor - [ORDERBOOK] Removing market data order:MktData(price=144,quantity=645)
23:15:22.546 [main] INFO  c.o.v.MutatingRemoveAllMarketDataOrdersVisitor - [ORDERBOOK] Removing level:144
23:15:22.546 [main] INFO  c.o.v.MutatingRemoveAllMarketDataOrdersVisitor - [ORDERBOOK] Removing market data order:MktData(price=167,quantity=665)
23:15:22.546 [main] INFO  c.o.v.MutatingRemoveAllMarketDataOrdersVisitor - [ORDERBOOK] Removing level:167
23:15:22.546 [main] DEBUG c.orderbook.OrderBook - [ORDERBOOK] ASK: Adding orderMktData(price=98,quantity=501)
23:15:22.546 [main] DEBUG c.orderbook.OrderBook - [ORDERBOOK] ASK: Adding orderMktData(price=101,quantity=200)
23:15:22.546 [main] DEBUG c.orderbook.OrderBook - [ORDERBOOK] ASK: Adding orderMktData(price=110,quantity=5000)
23:15:22.546 [main] DEBUG c.orderbook.OrderBook - [ORDERBOOK] ASK: Adding orderMktData(price=119,quantity=5600)
23:15:22.546 [main] DEBUG c.orderbook.OrderBook - [ORDERBOOK] ASK: Adding orderMktData(price=123,quantity=453)
23:15:22.546 [main] DEBUG c.orderbook.OrderBook - [ORDERBOOK] ASK: Adding orderMktData(price=144,quantity=645)
23:15:22.546 [main] DEBUG c.orderbook.OrderBook - [ORDERBOOK] ASK: Adding orderMktData(price=167,quantity=665)
23:15:22.546 [main] DEBUG c.service.MarketDataService - [ALGO] BID: price:43 quantity:134
23:15:22.546 [main] DEBUG c.service.MarketDataService - [ALGO] BID: price:76 quantity:145
23:15:22.546 [main] DEBUG c.service.MarketDataService - [ALGO] BID: price:91 quantity:300
23:15:22.546 [main] DEBUG c.service.MarketDataService - [ALGO] BID: price:93 quantity:200
23:15:22.546 [main] DEBUG c.service.MarketDataService - [ALGO] BID: price:95 quantity:100
23:15:22.546 [main] DEBUG c.service.MarketDataService - [ALGO] BID: price:98 quantity:154
23:15:22.546 [main] DEBUG c.service.MarketDataService - [ALGO] ASK: price:98 quantity:501
23:15:22.546 [main] DEBUG c.service.MarketDataService - [ALGO] ASK: price:101 quantity:200
23:15:22.546 [main] DEBUG c.service.MarketDataService - [ALGO] ASK: price:110 quantity:5000
23:15:22.546 [main] DEBUG c.service.MarketDataService - [ALGO] ASK: price:119 quantity:5600
23:15:22.546 [main] DEBUG c.service.MarketDataService - [ALGO] ASK: price:123 quantity:453
23:15:22.546 [main] DEBUG c.service.MarketDataService - [ALGO] ASK: price:144 quantity:645
23:15:22.546 [main] DEBUG c.service.MarketDataService - [ALGO] ASK: price:167 quantity:665
23:15:22.546 [main] INFO  c.gettingstarted.MyAlgoLogic - [MYALGO] The state of the order book is:
|----BID-----||----ASK----|
    134 @ 43    501 @ 98
    145 @ 76   200 @ 101
    300 @ 91  5000 @ 110
    200 @ 93  5600 @ 119
    100 @ 95   453 @ 123
    154 @ 98   645 @ 144
          -    665 @ 167
|------------||-----------|

23:15:22.546 [main] INFO  c.gettingstarted.MyAlgoLogic - [MYALGO] Algo Sees Book as: 
|----BID-----||----ASK----|
    134 @ 43    501 @ 98
    145 @ 76   200 @ 101
    300 @ 91  5000 @ 110
    200 @ 93  5600 @ 119
    100 @ 95   453 @ 123
    154 @ 98   645 @ 144
          -    665 @ 167
|------------||-----------|

23:15:22.546 [main] INFO  c.gettingstarted.TimedLogic - [TIMEDLOGIC] Market is closed
23:15:22.547 [main] INFO  c.sequencer.consumer.LoggingConsumer - [161] 
|----BID-----|
    134 @ 43
    145 @ 76
    300 @ 91
    200 @ 93
    100 @ 95
    154 @ 98
|----ASK-----|
    501 @ 98
   200 @ 101
  5000 @ 110
  5600 @ 119
   453 @ 123
   645 @ 144
   665 @ 167

23:15:22.547 [main] INFO  c.orderbook.OrderBook - [ORDERBOOK] Processing Mkt Data Update
23:15:22.547 [main] INFO  c.o.v.MutatingRemoveAllMarketDataOrdersVisitor - [ORDERBOOK] Removing market data order:MktData(price=43,quantity=134)
23:15:22.547 [main] INFO  c.o.v.MutatingRemoveAllMarketDataOrdersVisitor - [ORDERBOOK] Removing level:43
23:15:22.547 [main] DEBUG c.orderbook.OrderBook - [ORDERBOOK] ASK: Adding orderMktData(price=43,quantity=134)
23:15:22.547 [main] DEBUG c.orderbook.OrderBook - [ORDERBOOK] ASK: Adding orderMktData(price=76,quantity=145)
23:15:22.547 [main] DEBUG c.orderbook.OrderBook - [ORDERBOOK] ASK: Adding orderMktData(price=91,quantity=300)
23:15:22.547 [main] DEBUG c.orderbook.OrderBook - [ORDERBOOK] ASK: Adding orderMktData(price=93,quantity=200)
23:15:22.547 [main] DEBUG c.orderbook.OrderBook - [ORDERBOOK] ASK: Adding orderMktData(price=95,quantity=100)
23:15:22.547 [main] DEBUG c.orderbook.OrderBook - [ORDERBOOK] ASK: Adding orderMktData(price=98,quantity=154)
23:15:22.547 [main] INFO  c.o.v.MutatingMatchOneMarketDataOrderVisitor - [ORDERBOOK] visiting LevelOrderBookLevel(price=43,quantity=134)
23:15:22.547 [main] INFO  c.o.v.MutatingMatchOneMarketDataOrderVisitor - [ORDERBOOK] Can't match order:MktData(price=43,quantity=134)(MktData(price=98,quantity=154))
23:15:22.547 [main] INFO  c.o.v.MutatingRemoveAllMarketDataOrdersVisitor - [ORDERBOOK] Removing market data order:MktData(price=98,quantity=501)
23:15:22.547 [main] INFO  c.o.v.MutatingRemoveAllMarketDataOrdersVisitor - [ORDERBOOK] Removing level:98
23:15:22.547 [main] INFO  c.o.v.MutatingRemoveAllMarketDataOrdersVisitor - [ORDERBOOK] Removing market data order:MktData(price=101,quantity=200)
23:15:22.547 [main] INFO  c.o.v.MutatingRemoveAllMarketDataOrdersVisitor - [ORDERBOOK] Removing level:101
23:15:22.547 [main] INFO  c.o.v.MutatingRemoveAllMarketDataOrdersVisitor - [ORDERBOOK] Removing market data order:MktData(price=110,quantity=5000)
23:15:22.547 [main] INFO  c.o.v.MutatingRemoveAllMarketDataOrdersVisitor - [ORDERBOOK] Removing level:110
23:15:22.547 [main] INFO  c.o.v.MutatingRemoveAllMarketDataOrdersVisitor - [ORDERBOOK] Removing market data order:MktData(price=119,quantity=5600)
23:15:22.547 [main] INFO  c.o.v.MutatingRemoveAllMarketDataOrdersVisitor - [ORDERBOOK] Removing level:119
23:15:22.547 [main] INFO  c.o.v.MutatingRemoveAllMarketDataOrdersVisitor - [ORDERBOOK] Removing market data order:MktData(price=123,quantity=453)
23:15:22.547 [main] INFO  c.o.v.MutatingRemoveAllMarketDataOrdersVisitor - [ORDERBOOK] Removing level:123
23:15:22.547 [main] INFO  c.o.v.MutatingRemoveAllMarketDataOrdersVisitor - [ORDERBOOK] Removing market data order:MktData(price=144,quantity=645)
23:15:22.547 [main] INFO  c.o.v.MutatingRemoveAllMarketDataOrdersVisitor - [ORDERBOOK] Removing level:144
23:15:22.547 [main] INFO  c.o.v.MutatingRemoveAllMarketDataOrdersVisitor - [ORDERBOOK] Removing market data order:MktData(price=167,quantity=665)
23:15:22.547 [main] INFO  c.o.v.MutatingRemoveAllMarketDataOrdersVisitor - [ORDERBOOK] Removing level:167
23:15:22.547 [main] DEBUG c.orderbook.OrderBook - [ORDERBOOK] ASK: Adding orderMktData(price=98,quantity=501)
23:15:22.547 [main] DEBUG c.orderbook.OrderBook - [ORDERBOOK] ASK: Adding orderMktData(price=101,quantity=200)
23:15:22.547 [main] DEBUG c.orderbook.OrderBook - [ORDERBOOK] ASK: Adding orderMktData(price=110,quantity=5000)
23:15:22.547 [main] DEBUG c.orderbook.OrderBook - [ORDERBOOK] ASK: Adding orderMktData(price=119,quantity=5600)
23:15:22.547 [main] DEBUG c.orderbook.OrderBook - [ORDERBOOK] ASK: Adding orderMktData(price=123,quantity=453)
23:15:22.547 [main] DEBUG c.orderbook.OrderBook - [ORDERBOOK] ASK: Adding orderMktData(price=144,quantity=645)
23:15:22.547 [main] DEBUG c.orderbook.OrderBook - [ORDERBOOK] ASK: Adding orderMktData(price=167,quantity=665)
23:15:22.548 [main] DEBUG c.service.MarketDataService - [ALGO] BID: price:43 quantity:134
23:15:22.548 [main] DEBUG c.service.MarketDataService - [ALGO] BID: price:76 quantity:145
23:15:22.548 [main] DEBUG c.service.MarketDataService - [ALGO] BID: price:91 quantity:300
23:15:22.548 [main] DEBUG c.service.MarketDataService - [ALGO] BID: price:93 quantity:200
23:15:22.548 [main] DEBUG c.service.MarketDataService - [ALGO] BID: price:95 quantity:100
23:15:22.548 [main] DEBUG c.service.MarketDataService - [ALGO] BID: price:98 quantity:154
23:15:22.548 [main] DEBUG c.service.MarketDataService - [ALGO] ASK: price:98 quantity:501
23:15:22.548 [main] DEBUG c.service.MarketDataService - [ALGO] ASK: price:101 quantity:200
23:15:22.548 [main] DEBUG c.service.MarketDataService - [ALGO] ASK: price:110 quantity:5000
23:15:22.548 [main] DEBUG c.service.MarketDataService - [ALGO] ASK: price:119 quantity:5600
23:15:22.548 [main] DEBUG c.service.MarketDataService - [ALGO] ASK: price:123 quantity:453
23:15:22.548 [main] DEBUG c.service.MarketDataService - [ALGO] ASK: price:144 quantity:645
23:15:22.548 [main] DEBUG c.service.MarketDataService - [ALGO] ASK: price:167 quantity:665
23:15:22.548 [main] INFO  c.gettingstarted.MyAlgoLogic - [MYALGO] The state of the order book is:
|----BID-----||----ASK----|
    134 @ 43    501 @ 98
    145 @ 76   200 @ 101
    300 @ 91  5000 @ 110
    200 @ 93  5600 @ 119
    100 @ 95   453 @ 123
    154 @ 98   645 @ 144
          -    665 @ 167
|------------||-----------|

23:15:22.548 [main] INFO  c.gettingstarted.MyAlgoLogic - [MYALGO] Algo Sees Book as: 
|----BID-----||----ASK----|
    134 @ 43    501 @ 98
    145 @ 76   200 @ 101
    300 @ 91  5000 @ 110
    200 @ 93  5600 @ 119
    100 @ 95   453 @ 123
    154 @ 98   645 @ 144
          -    665 @ 167
|------------||-----------|

23:15:22.548 [main] INFO  c.gettingstarted.TimedLogic - [TIMEDLOGIC] Market is closed
23:15:22.548 [main] INFO  c.sequencer.consumer.LoggingConsumer - [162] 
|----BID-----|
    134 @ 43
    145 @ 76
    300 @ 91
    200 @ 93
    100 @ 95
    154 @ 98
|----ASK-----|
    501 @ 98
   200 @ 101
  5000 @ 110
  5600 @ 119
   453 @ 123
   645 @ 144
   665 @ 167

23:15:22.548 [main] INFO  c.orderbook.OrderBook - [ORDERBOOK] Processing Mkt Data Update
23:15:22.548 [main] INFO  c.o.v.MutatingRemoveAllMarketDataOrdersVisitor - [ORDERBOOK] Removing market data order:MktData(price=43,quantity=134)
23:15:22.548 [main] INFO  c.o.v.MutatingRemoveAllMarketDataOrdersVisitor - [ORDERBOOK] Removing level:43
23:15:22.548 [main] DEBUG c.orderbook.OrderBook - [ORDERBOOK] ASK: Adding orderMktData(price=43,quantity=134)
23:15:22.548 [main] DEBUG c.orderbook.OrderBook - [ORDERBOOK] ASK: Adding orderMktData(price=76,quantity=145)
23:15:22.548 [main] DEBUG c.orderbook.OrderBook - [ORDERBOOK] ASK: Adding orderMktData(price=91,quantity=300)
23:15:22.548 [main] DEBUG c.orderbook.OrderBook - [ORDERBOOK] ASK: Adding orderMktData(price=93,quantity=200)
23:15:22.548 [main] DEBUG c.orderbook.OrderBook - [ORDERBOOK] ASK: Adding orderMktData(price=95,quantity=100)
23:15:22.548 [main] DEBUG c.orderbook.OrderBook - [ORDERBOOK] ASK: Adding orderMktData(price=98,quantity=154)
23:15:22.548 [main] INFO  c.o.v.MutatingMatchOneMarketDataOrderVisitor - [ORDERBOOK] visiting LevelOrderBookLevel(price=43,quantity=134)
23:15:22.548 [main] INFO  c.o.v.MutatingMatchOneMarketDataOrderVisitor - [ORDERBOOK] Can't match order:MktData(price=43,quantity=134)(MktData(price=98,quantity=154))
23:15:22.548 [main] INFO  c.o.v.MutatingRemoveAllMarketDataOrdersVisitor - [ORDERBOOK] Removing market data order:MktData(price=98,quantity=501)
23:15:22.548 [main] INFO  c.o.v.MutatingRemoveAllMarketDataOrdersVisitor - [ORDERBOOK] Removing level:98
23:15:22.548 [main] INFO  c.o.v.MutatingRemoveAllMarketDataOrdersVisitor - [ORDERBOOK] Removing market data order:MktData(price=101,quantity=200)
23:15:22.548 [main] INFO  c.o.v.MutatingRemoveAllMarketDataOrdersVisitor - [ORDERBOOK] Removing level:101
23:15:22.548 [main] INFO  c.o.v.MutatingRemoveAllMarketDataOrdersVisitor - [ORDERBOOK] Removing market data order:MktData(price=110,quantity=5000)
23:15:22.548 [main] INFO  c.o.v.MutatingRemoveAllMarketDataOrdersVisitor - [ORDERBOOK] Removing level:110
23:15:22.548 [main] INFO  c.o.v.MutatingRemoveAllMarketDataOrdersVisitor - [ORDERBOOK] Removing market data order:MktData(price=119,quantity=5600)
23:15:22.548 [main] INFO  c.o.v.MutatingRemoveAllMarketDataOrdersVisitor - [ORDERBOOK] Removing level:119
23:15:22.548 [main] INFO  c.o.v.MutatingRemoveAllMarketDataOrdersVisitor - [ORDERBOOK] Removing market data order:MktData(price=123,quantity=453)
23:15:22.548 [main] INFO  c.o.v.MutatingRemoveAllMarketDataOrdersVisitor - [ORDERBOOK] Removing level:123
23:15:22.548 [main] INFO  c.o.v.MutatingRemoveAllMarketDataOrdersVisitor - [ORDERBOOK] Removing market data order:MktData(price=144,quantity=645)
23:15:22.548 [main] INFO  c.o.v.MutatingRemoveAllMarketDataOrdersVisitor - [ORDERBOOK] Removing level:144
23:15:22.548 [main] INFO  c.o.v.MutatingRemoveAllMarketDataOrdersVisitor - [ORDERBOOK] Removing market data order:MktData(price=167,quantity=665)
23:15:22.548 [main] INFO  c.o.v.MutatingRemoveAllMarketDataOrdersVisitor - [ORDERBOOK] Removing level:167
23:15:22.548 [main] DEBUG c.orderbook.OrderBook - [ORDERBOOK] ASK: Adding orderMktData(price=98,quantity=501)
23:15:22.548 [main] DEBUG c.orderbook.OrderBook - [ORDERBOOK] ASK: Adding orderMktData(price=101,quantity=200)
23:15:22.548 [main] DEBUG c.orderbook.OrderBook - [ORDERBOOK] ASK: Adding orderMktData(price=110,quantity=5000)
23:15:22.548 [main] DEBUG c.orderbook.OrderBook - [ORDERBOOK] ASK: Adding orderMktData(price=119,quantity=5600)
23:15:22.548 [main] DEBUG c.orderbook.OrderBook - [ORDERBOOK] ASK: Adding orderMktData(price=123,quantity=453)
23:15:22.548 [main] DEBUG c.orderbook.OrderBook - [ORDERBOOK] ASK: Adding orderMktData(price=144,quantity=645)
23:15:22.548 [main] DEBUG c.orderbook.OrderBook - [ORDERBOOK] ASK: Adding orderMktData(price=167,quantity=665)
23:15:22.548 [main] DEBUG c.service.MarketDataService - [ALGO] BID: price:43 quantity:134
23:15:22.548 [main] DEBUG c.service.MarketDataService - [ALGO] BID: price:76 quantity:145
23:15:22.548 [main] DEBUG c.service.MarketDataService - [ALGO] BID: price:91 quantity:300
23:15:22.548 [main] DEBUG c.service.MarketDataService - [ALGO] BID: price:93 quantity:200
23:15:22.548 [main] DEBUG c.service.MarketDataService - [ALGO] BID: price:95 quantity:100
23:15:22.548 [main] DEBUG c.service.MarketDataService - [ALGO] BID: price:98 quantity:154
23:15:22.548 [main] DEBUG c.service.MarketDataService - [ALGO] ASK: price:98 quantity:501
23:15:22.548 [main] DEBUG c.service.MarketDataService - [ALGO] ASK: price:101 quantity:200
23:15:22.548 [main] DEBUG c.service.MarketDataService - [ALGO] ASK: price:110 quantity:5000
23:15:22.548 [main] DEBUG c.service.MarketDataService - [ALGO] ASK: price:119 quantity:5600
23:15:22.548 [main] DEBUG c.service.MarketDataService - [ALGO] ASK: price:123 quantity:453
23:15:22.548 [main] DEBUG c.service.MarketDataService - [ALGO] ASK: price:144 quantity:645
23:15:22.548 [main] DEBUG c.service.MarketDataService - [ALGO] ASK: price:167 quantity:665
23:15:22.548 [main] INFO  c.gettingstarted.MyAlgoLogic - [MYALGO] The state of the order book is:
|----BID-----||----ASK----|
    134 @ 43    501 @ 98
    145 @ 76   200 @ 101
    300 @ 91  5000 @ 110
    200 @ 93  5600 @ 119
    100 @ 95   453 @ 123
    154 @ 98   645 @ 144
          -    665 @ 167
|------------||-----------|

23:15:22.548 [main] INFO  c.gettingstarted.MyAlgoLogic - [MYALGO] Algo Sees Book as: 
|----BID-----||----ASK----|
    134 @ 43    501 @ 98
    145 @ 76   200 @ 101
    300 @ 91  5000 @ 110
    200 @ 93  5600 @ 119
    100 @ 95   453 @ 123
    154 @ 98   645 @ 144
          -    665 @ 167
|------------||-----------|

23:15:22.549 [main] INFO  c.gettingstarted.TimedLogic - [TIMEDLOGIC] Market is closed
23:15:22.549 [main] INFO  c.sequencer.consumer.LoggingConsumer - [163] 
|----BID-----|
    134 @ 43
    145 @ 76
    300 @ 91
    200 @ 93
    100 @ 95
    154 @ 98
|----ASK-----|
    501 @ 98
   200 @ 101
  5000 @ 110
  5600 @ 119
   453 @ 123
   645 @ 144
   665 @ 167

23:15:22.549 [main] INFO  c.orderbook.OrderBook - [ORDERBOOK] Processing Mkt Data Update
23:15:22.549 [main] INFO  c.o.v.MutatingRemoveAllMarketDataOrdersVisitor - [ORDERBOOK] Removing market data order:MktData(price=43,quantity=134)
23:15:22.549 [main] INFO  c.o.v.MutatingRemoveAllMarketDataOrdersVisitor - [ORDERBOOK] Removing level:43
23:15:22.549 [main] DEBUG c.orderbook.OrderBook - [ORDERBOOK] ASK: Adding orderMktData(price=43,quantity=134)
23:15:22.549 [main] DEBUG c.orderbook.OrderBook - [ORDERBOOK] ASK: Adding orderMktData(price=76,quantity=145)
23:15:22.549 [main] DEBUG c.orderbook.OrderBook - [ORDERBOOK] ASK: Adding orderMktData(price=91,quantity=300)
23:15:22.549 [main] DEBUG c.orderbook.OrderBook - [ORDERBOOK] ASK: Adding orderMktData(price=93,quantity=200)
23:15:22.549 [main] DEBUG c.orderbook.OrderBook - [ORDERBOOK] ASK: Adding orderMktData(price=95,quantity=100)
23:15:22.549 [main] DEBUG c.orderbook.OrderBook - [ORDERBOOK] ASK: Adding orderMktData(price=98,quantity=154)
23:15:22.549 [main] INFO  c.o.v.MutatingMatchOneMarketDataOrderVisitor - [ORDERBOOK] visiting LevelOrderBookLevel(price=43,quantity=134)
23:15:22.549 [main] INFO  c.o.v.MutatingMatchOneMarketDataOrderVisitor - [ORDERBOOK] Can't match order:MktData(price=43,quantity=134)(MktData(price=98,quantity=154))
23:15:22.549 [main] INFO  c.o.v.MutatingRemoveAllMarketDataOrdersVisitor - [ORDERBOOK] Removing market data order:MktData(price=98,quantity=501)
23:15:22.549 [main] INFO  c.o.v.MutatingRemoveAllMarketDataOrdersVisitor - [ORDERBOOK] Removing level:98
23:15:22.549 [main] INFO  c.o.v.MutatingRemoveAllMarketDataOrdersVisitor - [ORDERBOOK] Removing market data order:MktData(price=101,quantity=200)
23:15:22.549 [main] INFO  c.o.v.MutatingRemoveAllMarketDataOrdersVisitor - [ORDERBOOK] Removing level:101
23:15:22.549 [main] INFO  c.o.v.MutatingRemoveAllMarketDataOrdersVisitor - [ORDERBOOK] Removing market data order:MktData(price=110,quantity=5000)
23:15:22.549 [main] INFO  c.o.v.MutatingRemoveAllMarketDataOrdersVisitor - [ORDERBOOK] Removing level:110
23:15:22.549 [main] INFO  c.o.v.MutatingRemoveAllMarketDataOrdersVisitor - [ORDERBOOK] Removing market data order:MktData(price=119,quantity=5600)
23:15:22.549 [main] INFO  c.o.v.MutatingRemoveAllMarketDataOrdersVisitor - [ORDERBOOK] Removing level:119
23:15:22.549 [main] INFO  c.o.v.MutatingRemoveAllMarketDataOrdersVisitor - [ORDERBOOK] Removing market data order:MktData(price=123,quantity=453)
23:15:22.549 [main] INFO  c.o.v.MutatingRemoveAllMarketDataOrdersVisitor - [ORDERBOOK] Removing level:123
23:15:22.549 [main] INFO  c.o.v.MutatingRemoveAllMarketDataOrdersVisitor - [ORDERBOOK] Removing market data order:MktData(price=144,quantity=645)
23:15:22.549 [main] INFO  c.o.v.MutatingRemoveAllMarketDataOrdersVisitor - [ORDERBOOK] Removing level:144
23:15:22.549 [main] INFO  c.o.v.MutatingRemoveAllMarketDataOrdersVisitor - [ORDERBOOK] Removing market data order:MktData(price=167,quantity=665)
23:15:22.549 [main] INFO  c.o.v.MutatingRemoveAllMarketDataOrdersVisitor - [ORDERBOOK] Removing level:167
23:15:22.549 [main] DEBUG c.orderbook.OrderBook - [ORDERBOOK] ASK: Adding orderMktData(price=98,quantity=501)
23:15:22.549 [main] DEBUG c.orderbook.OrderBook - [ORDERBOOK] ASK: Adding orderMktData(price=101,quantity=200)
23:15:22.549 [main] DEBUG c.orderbook.OrderBook - [ORDERBOOK] ASK: Adding orderMktData(price=110,quantity=5000)
23:15:22.549 [main] DEBUG c.orderbook.OrderBook - [ORDERBOOK] ASK: Adding orderMktData(price=119,quantity=5600)
23:15:22.549 [main] DEBUG c.orderbook.OrderBook - [ORDERBOOK] ASK: Adding orderMktData(price=123,quantity=453)
23:15:22.549 [main] DEBUG c.orderbook.OrderBook - [ORDERBOOK] ASK: Adding orderMktData(price=144,quantity=645)
23:15:22.549 [main] DEBUG c.orderbook.OrderBook - [ORDERBOOK] ASK: Adding orderMktData(price=167,quantity=665)
23:15:22.549 [main] DEBUG c.service.MarketDataService - [ALGO] BID: price:43 quantity:134
23:15:22.549 [main] DEBUG c.service.MarketDataService - [ALGO] BID: price:76 quantity:145
23:15:22.549 [main] DEBUG c.service.MarketDataService - [ALGO] BID: price:91 quantity:300
23:15:22.549 [main] DEBUG c.service.MarketDataService - [ALGO] BID: price:93 quantity:200
23:15:22.549 [main] DEBUG c.service.MarketDataService - [ALGO] BID: price:95 quantity:100
23:15:22.549 [main] DEBUG c.service.MarketDataService - [ALGO] BID: price:98 quantity:154
23:15:22.549 [main] DEBUG c.service.MarketDataService - [ALGO] ASK: price:98 quantity:501
23:15:22.549 [main] DEBUG c.service.MarketDataService - [ALGO] ASK: price:101 quantity:200
23:15:22.549 [main] DEBUG c.service.MarketDataService - [ALGO] ASK: price:110 quantity:5000
23:15:22.549 [main] DEBUG c.service.MarketDataService - [ALGO] ASK: price:119 quantity:5600
23:15:22.549 [main] DEBUG c.service.MarketDataService - [ALGO] ASK: price:123 quantity:453
23:15:22.549 [main] DEBUG c.service.MarketDataService - [ALGO] ASK: price:144 quantity:645
23:15:22.549 [main] DEBUG c.service.MarketDataService - [ALGO] ASK: price:167 quantity:665
23:15:22.549 [main] INFO  c.gettingstarted.MyAlgoLogic - [MYALGO] The state of the order book is:
|----BID-----||----ASK----|
    134 @ 43    501 @ 98
    145 @ 76   200 @ 101
    300 @ 91  5000 @ 110
    200 @ 93  5600 @ 119
    100 @ 95   453 @ 123
    154 @ 98   645 @ 144
          -    665 @ 167
|------------||-----------|

23:15:22.549 [main] INFO  c.gettingstarted.MyAlgoLogic - [MYALGO] Algo Sees Book as: 
|----BID-----||----ASK----|
    134 @ 43    501 @ 98
    145 @ 76   200 @ 101
    300 @ 91  5000 @ 110
    200 @ 93  5600 @ 119
    100 @ 95   453 @ 123
    154 @ 98   645 @ 144
          -    665 @ 167
|------------||-----------|

23:15:22.549 [main] INFO  c.gettingstarted.TimedLogic - [TIMEDLOGIC] Market is closed
23:15:22.549 [main] INFO  c.sequencer.consumer.LoggingConsumer - [164] 
|----BID-----|
    134 @ 43
    145 @ 76
    300 @ 91
    200 @ 93
    100 @ 95
    154 @ 98
|----ASK-----|
    501 @ 98
   200 @ 101
  5000 @ 110
  5600 @ 119
   453 @ 123
   645 @ 144
   665 @ 167

23:15:22.549 [main] INFO  c.orderbook.OrderBook - [ORDERBOOK] Processing Mkt Data Update
23:15:22.549 [main] INFO  c.o.v.MutatingRemoveAllMarketDataOrdersVisitor - [ORDERBOOK] Removing market data order:MktData(price=43,quantity=134)
23:15:22.549 [main] INFO  c.o.v.MutatingRemoveAllMarketDataOrdersVisitor - [ORDERBOOK] Removing level:43
23:15:22.549 [main] DEBUG c.orderbook.OrderBook - [ORDERBOOK] ASK: Adding orderMktData(price=43,quantity=134)
23:15:22.549 [main] DEBUG c.orderbook.OrderBook - [ORDERBOOK] ASK: Adding orderMktData(price=76,quantity=145)
23:15:22.549 [main] DEBUG c.orderbook.OrderBook - [ORDERBOOK] ASK: Adding orderMktData(price=91,quantity=300)
23:15:22.549 [main] DEBUG c.orderbook.OrderBook - [ORDERBOOK] ASK: Adding orderMktData(price=93,quantity=200)
23:15:22.549 [main] DEBUG c.orderbook.OrderBook - [ORDERBOOK] ASK: Adding orderMktData(price=95,quantity=100)
23:15:22.549 [main] DEBUG c.orderbook.OrderBook - [ORDERBOOK] ASK: Adding orderMktData(price=98,quantity=154)
23:15:22.549 [main] INFO  c.o.v.MutatingMatchOneMarketDataOrderVisitor - [ORDERBOOK] visiting LevelOrderBookLevel(price=43,quantity=134)
23:15:22.549 [main] INFO  c.o.v.MutatingMatchOneMarketDataOrderVisitor - [ORDERBOOK] Can't match order:MktData(price=43,quantity=134)(MktData(price=98,quantity=154))
23:15:22.549 [main] INFO  c.o.v.MutatingRemoveAllMarketDataOrdersVisitor - [ORDERBOOK] Removing market data order:MktData(price=98,quantity=501)
23:15:22.549 [main] INFO  c.o.v.MutatingRemoveAllMarketDataOrdersVisitor - [ORDERBOOK] Removing level:98
23:15:22.549 [main] INFO  c.o.v.MutatingRemoveAllMarketDataOrdersVisitor - [ORDERBOOK] Removing market data order:MktData(price=101,quantity=200)
23:15:22.549 [main] INFO  c.o.v.MutatingRemoveAllMarketDataOrdersVisitor - [ORDERBOOK] Removing level:101
23:15:22.549 [main] INFO  c.o.v.MutatingRemoveAllMarketDataOrdersVisitor - [ORDERBOOK] Removing market data order:MktData(price=110,quantity=5000)
23:15:22.549 [main] INFO  c.o.v.MutatingRemoveAllMarketDataOrdersVisitor - [ORDERBOOK] Removing level:110
23:15:22.549 [main] INFO  c.o.v.MutatingRemoveAllMarketDataOrdersVisitor - [ORDERBOOK] Removing market data order:MktData(price=119,quantity=5600)
23:15:22.549 [main] INFO  c.o.v.MutatingRemoveAllMarketDataOrdersVisitor - [ORDERBOOK] Removing level:119
23:15:22.550 [main] INFO  c.o.v.MutatingRemoveAllMarketDataOrdersVisitor - [ORDERBOOK] Removing market data order:MktData(price=123,quantity=453)
23:15:22.550 [main] INFO  c.o.v.MutatingRemoveAllMarketDataOrdersVisitor - [ORDERBOOK] Removing level:123
23:15:22.550 [main] INFO  c.o.v.MutatingRemoveAllMarketDataOrdersVisitor - [ORDERBOOK] Removing market data order:MktData(price=144,quantity=645)
23:15:22.550 [main] INFO  c.o.v.MutatingRemoveAllMarketDataOrdersVisitor - [ORDERBOOK] Removing level:144
23:15:22.550 [main] INFO  c.o.v.MutatingRemoveAllMarketDataOrdersVisitor - [ORDERBOOK] Removing market data order:MktData(price=167,quantity=665)
23:15:22.550 [main] INFO  c.o.v.MutatingRemoveAllMarketDataOrdersVisitor - [ORDERBOOK] Removing level:167
23:15:22.550 [main] DEBUG c.orderbook.OrderBook - [ORDERBOOK] ASK: Adding orderMktData(price=98,quantity=501)
23:15:22.550 [main] DEBUG c.orderbook.OrderBook - [ORDERBOOK] ASK: Adding orderMktData(price=101,quantity=200)
23:15:22.550 [main] DEBUG c.orderbook.OrderBook - [ORDERBOOK] ASK: Adding orderMktData(price=110,quantity=5000)
23:15:22.550 [main] DEBUG c.orderbook.OrderBook - [ORDERBOOK] ASK: Adding orderMktData(price=119,quantity=5600)
23:15:22.550 [main] DEBUG c.orderbook.OrderBook - [ORDERBOOK] ASK: Adding orderMktData(price=123,quantity=453)
23:15:22.550 [main] DEBUG c.orderbook.OrderBook - [ORDERBOOK] ASK: Adding orderMktData(price=144,quantity=645)
23:15:22.550 [main] DEBUG c.orderbook.OrderBook - [ORDERBOOK] ASK: Adding orderMktData(price=167,quantity=665)
23:15:22.550 [main] DEBUG c.service.MarketDataService - [ALGO] BID: price:43 quantity:134
23:15:22.550 [main] DEBUG c.service.MarketDataService - [ALGO] BID: price:76 quantity:145
23:15:22.550 [main] DEBUG c.service.MarketDataService - [ALGO] BID: price:91 quantity:300
23:15:22.550 [main] DEBUG c.service.MarketDataService - [ALGO] BID: price:93 quantity:200
23:15:22.550 [main] DEBUG c.service.MarketDataService - [ALGO] BID: price:95 quantity:100
23:15:22.550 [main] DEBUG c.service.MarketDataService - [ALGO] BID: price:98 quantity:154
23:15:22.550 [main] DEBUG c.service.MarketDataService - [ALGO] ASK: price:98 quantity:501
23:15:22.550 [main] DEBUG c.service.MarketDataService - [ALGO] ASK: price:101 quantity:200
23:15:22.550 [main] DEBUG c.service.MarketDataService - [ALGO] ASK: price:110 quantity:5000
23:15:22.550 [main] DEBUG c.service.MarketDataService - [ALGO] ASK: price:119 quantity:5600
23:15:22.550 [main] DEBUG c.service.MarketDataService - [ALGO] ASK: price:123 quantity:453
23:15:22.550 [main] DEBUG c.service.MarketDataService - [ALGO] ASK: price:144 quantity:645
23:15:22.550 [main] DEBUG c.service.MarketDataService - [ALGO] ASK: price:167 quantity:665
23:15:22.550 [main] INFO  c.gettingstarted.MyAlgoLogic - [MYALGO] The state of the order book is:
|----BID-----||----ASK----|
    134 @ 43    501 @ 98
    145 @ 76   200 @ 101
    300 @ 91  5000 @ 110
    200 @ 93  5600 @ 119
    100 @ 95   453 @ 123
    154 @ 98   645 @ 144
          -    665 @ 167
|------------||-----------|

23:15:22.550 [main] INFO  c.gettingstarted.MyAlgoLogic - [MYALGO] Algo Sees Book as: 
|----BID-----||----ASK----|
    134 @ 43    501 @ 98
    145 @ 76   200 @ 101
    300 @ 91  5000 @ 110
    200 @ 93  5600 @ 119
    100 @ 95   453 @ 123
    154 @ 98   645 @ 144
          -    665 @ 167
|------------||-----------|

23:15:22.550 [main] INFO  c.gettingstarted.TimedLogic - [TIMEDLOGIC] Market is closed
23:15:22.550 [main] INFO  c.sequencer.consumer.LoggingConsumer - [165] 
|----BID-----|
    134 @ 43
    145 @ 76
    300 @ 91
    200 @ 93
    100 @ 95
    154 @ 98
|----ASK-----|
    501 @ 98
   200 @ 101
  5000 @ 110
  5600 @ 119
   453 @ 123
   645 @ 144
   665 @ 167

23:15:22.550 [main] INFO  c.orderbook.OrderBook - [ORDERBOOK] Processing Mkt Data Update
23:15:22.550 [main] INFO  c.o.v.MutatingRemoveAllMarketDataOrdersVisitor - [ORDERBOOK] Removing market data order:MktData(price=43,quantity=134)
23:15:22.550 [main] INFO  c.o.v.MutatingRemoveAllMarketDataOrdersVisitor - [ORDERBOOK] Removing level:43
23:15:22.550 [main] DEBUG c.orderbook.OrderBook - [ORDERBOOK] ASK: Adding orderMktData(price=43,quantity=134)
23:15:22.550 [main] DEBUG c.orderbook.OrderBook - [ORDERBOOK] ASK: Adding orderMktData(price=76,quantity=145)
23:15:22.550 [main] DEBUG c.orderbook.OrderBook - [ORDERBOOK] ASK: Adding orderMktData(price=91,quantity=300)
23:15:22.550 [main] DEBUG c.orderbook.OrderBook - [ORDERBOOK] ASK: Adding orderMktData(price=93,quantity=200)
23:15:22.550 [main] DEBUG c.orderbook.OrderBook - [ORDERBOOK] ASK: Adding orderMktData(price=95,quantity=100)
23:15:22.550 [main] DEBUG c.orderbook.OrderBook - [ORDERBOOK] ASK: Adding orderMktData(price=98,quantity=154)
23:15:22.550 [main] INFO  c.o.v.MutatingMatchOneMarketDataOrderVisitor - [ORDERBOOK] visiting LevelOrderBookLevel(price=43,quantity=134)
23:15:22.550 [main] INFO  c.o.v.MutatingMatchOneMarketDataOrderVisitor - [ORDERBOOK] Can't match order:MktData(price=43,quantity=134)(MktData(price=98,quantity=154))
23:15:22.550 [main] INFO  c.o.v.MutatingRemoveAllMarketDataOrdersVisitor - [ORDERBOOK] Removing market data order:MktData(price=98,quantity=501)
23:15:22.550 [main] INFO  c.o.v.MutatingRemoveAllMarketDataOrdersVisitor - [ORDERBOOK] Removing level:98
23:15:22.550 [main] INFO  c.o.v.MutatingRemoveAllMarketDataOrdersVisitor - [ORDERBOOK] Removing market data order:MktData(price=101,quantity=200)
23:15:22.550 [main] INFO  c.o.v.MutatingRemoveAllMarketDataOrdersVisitor - [ORDERBOOK] Removing level:101
23:15:22.550 [main] INFO  c.o.v.MutatingRemoveAllMarketDataOrdersVisitor - [ORDERBOOK] Removing market data order:MktData(price=110,quantity=5000)
23:15:22.550 [main] INFO  c.o.v.MutatingRemoveAllMarketDataOrdersVisitor - [ORDERBOOK] Removing level:110
23:15:22.550 [main] INFO  c.o.v.MutatingRemoveAllMarketDataOrdersVisitor - [ORDERBOOK] Removing market data order:MktData(price=119,quantity=5600)
23:15:22.550 [main] INFO  c.o.v.MutatingRemoveAllMarketDataOrdersVisitor - [ORDERBOOK] Removing level:119
23:15:22.550 [main] INFO  c.o.v.MutatingRemoveAllMarketDataOrdersVisitor - [ORDERBOOK] Removing market data order:MktData(price=123,quantity=453)
23:15:22.550 [main] INFO  c.o.v.MutatingRemoveAllMarketDataOrdersVisitor - [ORDERBOOK] Removing level:123
23:15:22.550 [main] INFO  c.o.v.MutatingRemoveAllMarketDataOrdersVisitor - [ORDERBOOK] Removing market data order:MktData(price=144,quantity=645)
23:15:22.550 [main] INFO  c.o.v.MutatingRemoveAllMarketDataOrdersVisitor - [ORDERBOOK] Removing level:144
23:15:22.550 [main] INFO  c.o.v.MutatingRemoveAllMarketDataOrdersVisitor - [ORDERBOOK] Removing market data order:MktData(price=167,quantity=665)
23:15:22.550 [main] INFO  c.o.v.MutatingRemoveAllMarketDataOrdersVisitor - [ORDERBOOK] Removing level:167
23:15:22.550 [main] DEBUG c.orderbook.OrderBook - [ORDERBOOK] ASK: Adding orderMktData(price=98,quantity=501)
23:15:22.550 [main] DEBUG c.orderbook.OrderBook - [ORDERBOOK] ASK: Adding orderMktData(price=101,quantity=200)
23:15:22.550 [main] DEBUG c.orderbook.OrderBook - [ORDERBOOK] ASK: Adding orderMktData(price=110,quantity=5000)
23:15:22.550 [main] DEBUG c.orderbook.OrderBook - [ORDERBOOK] ASK: Adding orderMktData(price=119,quantity=5600)
23:15:22.550 [main] DEBUG c.orderbook.OrderBook - [ORDERBOOK] ASK: Adding orderMktData(price=123,quantity=453)
23:15:22.550 [main] DEBUG c.orderbook.OrderBook - [ORDERBOOK] ASK: Adding orderMktData(price=144,quantity=645)
23:15:22.550 [main] DEBUG c.orderbook.OrderBook - [ORDERBOOK] ASK: Adding orderMktData(price=167,quantity=665)
23:15:22.550 [main] DEBUG c.service.MarketDataService - [ALGO] BID: price:43 quantity:134
23:15:22.550 [main] DEBUG c.service.MarketDataService - [ALGO] BID: price:76 quantity:145
23:15:22.550 [main] DEBUG c.service.MarketDataService - [ALGO] BID: price:91 quantity:300
23:15:22.550 [main] DEBUG c.service.MarketDataService - [ALGO] BID: price:93 quantity:200
23:15:22.550 [main] DEBUG c.service.MarketDataService - [ALGO] BID: price:95 quantity:100
23:15:22.550 [main] DEBUG c.service.MarketDataService - [ALGO] BID: price:98 quantity:154
23:15:22.550 [main] DEBUG c.service.MarketDataService - [ALGO] ASK: price:98 quantity:501
23:15:22.550 [main] DEBUG c.service.MarketDataService - [ALGO] ASK: price:101 quantity:200
23:15:22.550 [main] DEBUG c.service.MarketDataService - [ALGO] ASK: price:110 quantity:5000
23:15:22.550 [main] DEBUG c.service.MarketDataService - [ALGO] ASK: price:119 quantity:5600
23:15:22.550 [main] DEBUG c.service.MarketDataService - [ALGO] ASK: price:123 quantity:453
23:15:22.550 [main] DEBUG c.service.MarketDataService - [ALGO] ASK: price:144 quantity:645
23:15:22.550 [main] DEBUG c.service.MarketDataService - [ALGO] ASK: price:167 quantity:665
23:15:22.550 [main] INFO  c.gettingstarted.MyAlgoLogic - [MYALGO] The state of the order book is:
|----BID-----||----ASK----|
    134 @ 43    501 @ 98
    145 @ 76   200 @ 101
    300 @ 91  5000 @ 110
    200 @ 93  5600 @ 119
    100 @ 95   453 @ 123
    154 @ 98   645 @ 144
          -    665 @ 167
|------------||-----------|

23:15:22.550 [main] INFO  c.gettingstarted.MyAlgoLogic - [MYALGO] Algo Sees Book as: 
|----BID-----||----ASK----|
    134 @ 43    501 @ 98
    145 @ 76   200 @ 101
    300 @ 91  5000 @ 110
    200 @ 93  5600 @ 119
    100 @ 95   453 @ 123
    154 @ 98   645 @ 144
          -    665 @ 167
|------------||-----------|

23:15:22.551 [main] INFO  c.gettingstarted.TimedLogic - [TIMEDLOGIC] Market is closed
23:15:22.551 [main] INFO  c.sequencer.consumer.LoggingConsumer - [166] 
|----BID-----|
    134 @ 43
    145 @ 76
    300 @ 91
    200 @ 93
    100 @ 95
    154 @ 98
|----ASK-----|
    501 @ 98
   200 @ 101
  5000 @ 110
  5600 @ 119
   453 @ 123
   645 @ 144
   665 @ 167

23:15:22.551 [main] INFO  c.orderbook.OrderBook - [ORDERBOOK] Processing Mkt Data Update
23:15:22.551 [main] INFO  c.o.v.MutatingRemoveAllMarketDataOrdersVisitor - [ORDERBOOK] Removing market data order:MktData(price=43,quantity=134)
23:15:22.551 [main] INFO  c.o.v.MutatingRemoveAllMarketDataOrdersVisitor - [ORDERBOOK] Removing level:43
23:15:22.551 [main] DEBUG c.orderbook.OrderBook - [ORDERBOOK] ASK: Adding orderMktData(price=43,quantity=134)
23:15:22.551 [main] DEBUG c.orderbook.OrderBook - [ORDERBOOK] ASK: Adding orderMktData(price=76,quantity=145)
23:15:22.551 [main] DEBUG c.orderbook.OrderBook - [ORDERBOOK] ASK: Adding orderMktData(price=91,quantity=300)
23:15:22.551 [main] DEBUG c.orderbook.OrderBook - [ORDERBOOK] ASK: Adding orderMktData(price=93,quantity=200)
23:15:22.551 [main] DEBUG c.orderbook.OrderBook - [ORDERBOOK] ASK: Adding orderMktData(price=95,quantity=100)
23:15:22.551 [main] DEBUG c.orderbook.OrderBook - [ORDERBOOK] ASK: Adding orderMktData(price=98,quantity=154)
23:15:22.551 [main] INFO  c.o.v.MutatingMatchOneMarketDataOrderVisitor - [ORDERBOOK] visiting LevelOrderBookLevel(price=43,quantity=134)
23:15:22.551 [main] INFO  c.o.v.MutatingMatchOneMarketDataOrderVisitor - [ORDERBOOK] Can't match order:MktData(price=43,quantity=134)(MktData(price=98,quantity=154))
23:15:22.551 [main] INFO  c.o.v.MutatingRemoveAllMarketDataOrdersVisitor - [ORDERBOOK] Removing market data order:MktData(price=98,quantity=501)
23:15:22.551 [main] INFO  c.o.v.MutatingRemoveAllMarketDataOrdersVisitor - [ORDERBOOK] Removing level:98
23:15:22.551 [main] INFO  c.o.v.MutatingRemoveAllMarketDataOrdersVisitor - [ORDERBOOK] Removing market data order:MktData(price=101,quantity=200)
23:15:22.551 [main] INFO  c.o.v.MutatingRemoveAllMarketDataOrdersVisitor - [ORDERBOOK] Removing level:101
23:15:22.551 [main] INFO  c.o.v.MutatingRemoveAllMarketDataOrdersVisitor - [ORDERBOOK] Removing market data order:MktData(price=110,quantity=5000)
23:15:22.551 [main] INFO  c.o.v.MutatingRemoveAllMarketDataOrdersVisitor - [ORDERBOOK] Removing level:110
23:15:22.551 [main] INFO  c.o.v.MutatingRemoveAllMarketDataOrdersVisitor - [ORDERBOOK] Removing market data order:MktData(price=119,quantity=5600)
23:15:22.551 [main] INFO  c.o.v.MutatingRemoveAllMarketDataOrdersVisitor - [ORDERBOOK] Removing level:119
23:15:22.551 [main] INFO  c.o.v.MutatingRemoveAllMarketDataOrdersVisitor - [ORDERBOOK] Removing market data order:MktData(price=123,quantity=453)
23:15:22.551 [main] INFO  c.o.v.MutatingRemoveAllMarketDataOrdersVisitor - [ORDERBOOK] Removing level:123
23:15:22.551 [main] INFO  c.o.v.MutatingRemoveAllMarketDataOrdersVisitor - [ORDERBOOK] Removing market data order:MktData(price=144,quantity=645)
23:15:22.551 [main] INFO  c.o.v.MutatingRemoveAllMarketDataOrdersVisitor - [ORDERBOOK] Removing level:144
23:15:22.551 [main] INFO  c.o.v.MutatingRemoveAllMarketDataOrdersVisitor - [ORDERBOOK] Removing market data order:MktData(price=167,quantity=665)
23:15:22.551 [main] INFO  c.o.v.MutatingRemoveAllMarketDataOrdersVisitor - [ORDERBOOK] Removing level:167
23:15:22.551 [main] DEBUG c.orderbook.OrderBook - [ORDERBOOK] ASK: Adding orderMktData(price=98,quantity=501)
23:15:22.551 [main] DEBUG c.orderbook.OrderBook - [ORDERBOOK] ASK: Adding orderMktData(price=101,quantity=200)
23:15:22.551 [main] DEBUG c.orderbook.OrderBook - [ORDERBOOK] ASK: Adding orderMktData(price=110,quantity=5000)
23:15:22.551 [main] DEBUG c.orderbook.OrderBook - [ORDERBOOK] ASK: Adding orderMktData(price=119,quantity=5600)
23:15:22.551 [main] DEBUG c.orderbook.OrderBook - [ORDERBOOK] ASK: Adding orderMktData(price=123,quantity=453)
23:15:22.551 [main] DEBUG c.orderbook.OrderBook - [ORDERBOOK] ASK: Adding orderMktData(price=144,quantity=645)
23:15:22.551 [main] DEBUG c.orderbook.OrderBook - [ORDERBOOK] ASK: Adding orderMktData(price=167,quantity=665)
23:15:22.551 [main] DEBUG c.service.MarketDataService - [ALGO] BID: price:43 quantity:134
23:15:22.551 [main] DEBUG c.service.MarketDataService - [ALGO] BID: price:76 quantity:145
23:15:22.551 [main] DEBUG c.service.MarketDataService - [ALGO] BID: price:91 quantity:300
23:15:22.551 [main] DEBUG c.service.MarketDataService - [ALGO] BID: price:93 quantity:200
23:15:22.551 [main] DEBUG c.service.MarketDataService - [ALGO] BID: price:95 quantity:100
23:15:22.551 [main] DEBUG c.service.MarketDataService - [ALGO] BID: price:98 quantity:154
23:15:22.551 [main] DEBUG c.service.MarketDataService - [ALGO] ASK: price:98 quantity:501
23:15:22.551 [main] DEBUG c.service.MarketDataService - [ALGO] ASK: price:101 quantity:200
23:15:22.551 [main] DEBUG c.service.MarketDataService - [ALGO] ASK: price:110 quantity:5000
23:15:22.551 [main] DEBUG c.service.MarketDataService - [ALGO] ASK: price:119 quantity:5600
23:15:22.551 [main] DEBUG c.service.MarketDataService - [ALGO] ASK: price:123 quantity:453
23:15:22.551 [main] DEBUG c.service.MarketDataService - [ALGO] ASK: price:144 quantity:645
23:15:22.551 [main] DEBUG c.service.MarketDataService - [ALGO] ASK: price:167 quantity:665
23:15:22.551 [main] INFO  c.gettingstarted.MyAlgoLogic - [MYALGO] The state of the order book is:
|----BID-----||----ASK----|
    134 @ 43    501 @ 98
    145 @ 76   200 @ 101
    300 @ 91  5000 @ 110
    200 @ 93  5600 @ 119
    100 @ 95   453 @ 123
    154 @ 98   645 @ 144
          -    665 @ 167
|------------||-----------|

23:15:22.551 [main] INFO  c.gettingstarted.MyAlgoLogic - [MYALGO] Algo Sees Book as: 
|----BID-----||----ASK----|
    134 @ 43    501 @ 98
    145 @ 76   200 @ 101
    300 @ 91  5000 @ 110
    200 @ 93  5600 @ 119
    100 @ 95   453 @ 123
    154 @ 98   645 @ 144
          -    665 @ 167
|------------||-----------|

23:15:22.551 [main] INFO  c.gettingstarted.TimedLogic - [TIMEDLOGIC] Market is closed
23:15:22.551 [main] INFO  c.sequencer.consumer.LoggingConsumer - [167] 
|----BID-----|
    134 @ 43
    145 @ 76
    300 @ 91
    200 @ 93
    100 @ 95
    154 @ 98
|----ASK-----|
    501 @ 98
   200 @ 101
  5000 @ 110
  5600 @ 119
   453 @ 123
   645 @ 144
   665 @ 167

23:15:22.551 [main] INFO  c.orderbook.OrderBook - [ORDERBOOK] Processing Mkt Data Update
23:15:22.551 [main] INFO  c.o.v.MutatingRemoveAllMarketDataOrdersVisitor - [ORDERBOOK] Removing market data order:MktData(price=43,quantity=134)
23:15:22.551 [main] INFO  c.o.v.MutatingRemoveAllMarketDataOrdersVisitor - [ORDERBOOK] Removing level:43
23:15:22.551 [main] DEBUG c.orderbook.OrderBook - [ORDERBOOK] ASK: Adding orderMktData(price=43,quantity=134)
23:15:22.551 [main] DEBUG c.orderbook.OrderBook - [ORDERBOOK] ASK: Adding orderMktData(price=76,quantity=145)
23:15:22.551 [main] DEBUG c.orderbook.OrderBook - [ORDERBOOK] ASK: Adding orderMktData(price=91,quantity=300)
23:15:22.551 [main] DEBUG c.orderbook.OrderBook - [ORDERBOOK] ASK: Adding orderMktData(price=93,quantity=200)
23:15:22.551 [main] DEBUG c.orderbook.OrderBook - [ORDERBOOK] ASK: Adding orderMktData(price=95,quantity=100)
23:15:22.551 [main] DEBUG c.orderbook.OrderBook - [ORDERBOOK] ASK: Adding orderMktData(price=98,quantity=154)
23:15:22.551 [main] INFO  c.o.v.MutatingMatchOneMarketDataOrderVisitor - [ORDERBOOK] visiting LevelOrderBookLevel(price=43,quantity=134)
23:15:22.551 [main] INFO  c.o.v.MutatingMatchOneMarketDataOrderVisitor - [ORDERBOOK] Can't match order:MktData(price=43,quantity=134)(MktData(price=98,quantity=154))
23:15:22.551 [main] INFO  c.o.v.MutatingRemoveAllMarketDataOrdersVisitor - [ORDERBOOK] Removing market data order:MktData(price=98,quantity=501)
23:15:22.551 [main] INFO  c.o.v.MutatingRemoveAllMarketDataOrdersVisitor - [ORDERBOOK] Removing level:98
23:15:22.551 [main] INFO  c.o.v.MutatingRemoveAllMarketDataOrdersVisitor - [ORDERBOOK] Removing market data order:MktData(price=101,quantity=200)
23:15:22.551 [main] INFO  c.o.v.MutatingRemoveAllMarketDataOrdersVisitor - [ORDERBOOK] Removing level:101
23:15:22.551 [main] INFO  c.o.v.MutatingRemoveAllMarketDataOrdersVisitor - [ORDERBOOK] Removing market data order:MktData(price=110,quantity=5000)
23:15:22.551 [main] INFO  c.o.v.MutatingRemoveAllMarketDataOrdersVisitor - [ORDERBOOK] Removing level:110
23:15:22.551 [main] INFO  c.o.v.MutatingRemoveAllMarketDataOrdersVisitor - [ORDERBOOK] Removing market data order:MktData(price=119,quantity=5600)
23:15:22.552 [main] INFO  c.o.v.MutatingRemoveAllMarketDataOrdersVisitor - [ORDERBOOK] Removing level:119
23:15:22.552 [main] INFO  c.o.v.MutatingRemoveAllMarketDataOrdersVisitor - [ORDERBOOK] Removing market data order:MktData(price=123,quantity=453)
23:15:22.552 [main] INFO  c.o.v.MutatingRemoveAllMarketDataOrdersVisitor - [ORDERBOOK] Removing level:123
23:15:22.552 [main] INFO  c.o.v.MutatingRemoveAllMarketDataOrdersVisitor - [ORDERBOOK] Removing market data order:MktData(price=144,quantity=645)
23:15:22.552 [main] INFO  c.o.v.MutatingRemoveAllMarketDataOrdersVisitor - [ORDERBOOK] Removing level:144
23:15:22.552 [main] INFO  c.o.v.MutatingRemoveAllMarketDataOrdersVisitor - [ORDERBOOK] Removing market data order:MktData(price=167,quantity=665)
23:15:22.552 [main] INFO  c.o.v.MutatingRemoveAllMarketDataOrdersVisitor - [ORDERBOOK] Removing level:167
23:15:22.552 [main] DEBUG c.orderbook.OrderBook - [ORDERBOOK] ASK: Adding orderMktData(price=98,quantity=501)
23:15:22.552 [main] DEBUG c.orderbook.OrderBook - [ORDERBOOK] ASK: Adding orderMktData(price=101,quantity=200)
23:15:22.552 [main] DEBUG c.orderbook.OrderBook - [ORDERBOOK] ASK: Adding orderMktData(price=110,quantity=5000)
23:15:22.552 [main] DEBUG c.orderbook.OrderBook - [ORDERBOOK] ASK: Adding orderMktData(price=119,quantity=5600)
23:15:22.552 [main] DEBUG c.orderbook.OrderBook - [ORDERBOOK] ASK: Adding orderMktData(price=123,quantity=453)
23:15:22.552 [main] DEBUG c.orderbook.OrderBook - [ORDERBOOK] ASK: Adding orderMktData(price=144,quantity=645)
23:15:22.552 [main] DEBUG c.orderbook.OrderBook - [ORDERBOOK] ASK: Adding orderMktData(price=167,quantity=665)
23:15:22.552 [main] DEBUG c.service.MarketDataService - [ALGO] BID: price:43 quantity:134
23:15:22.552 [main] DEBUG c.service.MarketDataService - [ALGO] BID: price:76 quantity:145
23:15:22.552 [main] DEBUG c.service.MarketDataService - [ALGO] BID: price:91 quantity:300
23:15:22.552 [main] DEBUG c.service.MarketDataService - [ALGO] BID: price:93 quantity:200
23:15:22.552 [main] DEBUG c.service.MarketDataService - [ALGO] BID: price:95 quantity:100
23:15:22.552 [main] DEBUG c.service.MarketDataService - [ALGO] BID: price:98 quantity:154
23:15:22.552 [main] DEBUG c.service.MarketDataService - [ALGO] ASK: price:98 quantity:501
23:15:22.552 [main] DEBUG c.service.MarketDataService - [ALGO] ASK: price:101 quantity:200
23:15:22.552 [main] DEBUG c.service.MarketDataService - [ALGO] ASK: price:110 quantity:5000
23:15:22.552 [main] DEBUG c.service.MarketDataService - [ALGO] ASK: price:119 quantity:5600
23:15:22.552 [main] DEBUG c.service.MarketDataService - [ALGO] ASK: price:123 quantity:453
23:15:22.552 [main] DEBUG c.service.MarketDataService - [ALGO] ASK: price:144 quantity:645
23:15:22.552 [main] DEBUG c.service.MarketDataService - [ALGO] ASK: price:167 quantity:665
23:15:22.552 [main] INFO  c.gettingstarted.MyAlgoLogic - [MYALGO] The state of the order book is:
|----BID-----||----ASK----|
    134 @ 43    501 @ 98
    145 @ 76   200 @ 101
    300 @ 91  5000 @ 110
    200 @ 93  5600 @ 119
    100 @ 95   453 @ 123
    154 @ 98   645 @ 144
          -    665 @ 167
|------------||-----------|

23:15:22.552 [main] INFO  c.gettingstarted.MyAlgoLogic - [MYALGO] Algo Sees Book as: 
|----BID-----||----ASK----|
    134 @ 43    501 @ 98
    145 @ 76   200 @ 101
    300 @ 91  5000 @ 110
    200 @ 93  5600 @ 119
    100 @ 95   453 @ 123
    154 @ 98   645 @ 144
          -    665 @ 167
|------------||-----------|

23:15:22.552 [main] INFO  c.gettingstarted.TimedLogic - [TIMEDLOGIC] Market is closed
23:15:22.552 [main] INFO  c.sequencer.consumer.LoggingConsumer - [168] 
|----BID-----|
    134 @ 43
    145 @ 76
    300 @ 91
    200 @ 93
    100 @ 95
    154 @ 98
|----ASK-----|
    501 @ 98
   200 @ 101
  5000 @ 110
  5600 @ 119
   453 @ 123
   645 @ 144
   665 @ 167

23:15:22.552 [main] INFO  c.orderbook.OrderBook - [ORDERBOOK] Processing Mkt Data Update
23:15:22.552 [main] INFO  c.o.v.MutatingRemoveAllMarketDataOrdersVisitor - [ORDERBOOK] Removing market data order:MktData(price=43,quantity=134)
23:15:22.552 [main] INFO  c.o.v.MutatingRemoveAllMarketDataOrdersVisitor - [ORDERBOOK] Removing level:43
23:15:22.552 [main] DEBUG c.orderbook.OrderBook - [ORDERBOOK] ASK: Adding orderMktData(price=43,quantity=134)
23:15:22.552 [main] DEBUG c.orderbook.OrderBook - [ORDERBOOK] ASK: Adding orderMktData(price=76,quantity=145)
23:15:22.552 [main] DEBUG c.orderbook.OrderBook - [ORDERBOOK] ASK: Adding orderMktData(price=91,quantity=300)
23:15:22.552 [main] DEBUG c.orderbook.OrderBook - [ORDERBOOK] ASK: Adding orderMktData(price=93,quantity=200)
23:15:22.552 [main] DEBUG c.orderbook.OrderBook - [ORDERBOOK] ASK: Adding orderMktData(price=95,quantity=100)
23:15:22.552 [main] DEBUG c.orderbook.OrderBook - [ORDERBOOK] ASK: Adding orderMktData(price=98,quantity=154)
23:15:22.552 [main] INFO  c.o.v.MutatingMatchOneMarketDataOrderVisitor - [ORDERBOOK] visiting LevelOrderBookLevel(price=43,quantity=134)
23:15:22.552 [main] INFO  c.o.v.MutatingMatchOneMarketDataOrderVisitor - [ORDERBOOK] Can't match order:MktData(price=43,quantity=134)(MktData(price=98,quantity=154))
23:15:22.552 [main] INFO  c.o.v.MutatingRemoveAllMarketDataOrdersVisitor - [ORDERBOOK] Removing market data order:MktData(price=98,quantity=501)
23:15:22.552 [main] INFO  c.o.v.MutatingRemoveAllMarketDataOrdersVisitor - [ORDERBOOK] Removing level:98
23:15:22.552 [main] INFO  c.o.v.MutatingRemoveAllMarketDataOrdersVisitor - [ORDERBOOK] Removing market data order:MktData(price=101,quantity=200)
23:15:22.552 [main] INFO  c.o.v.MutatingRemoveAllMarketDataOrdersVisitor - [ORDERBOOK] Removing level:101
23:15:22.552 [main] INFO  c.o.v.MutatingRemoveAllMarketDataOrdersVisitor - [ORDERBOOK] Removing market data order:MktData(price=110,quantity=5000)
23:15:22.552 [main] INFO  c.o.v.MutatingRemoveAllMarketDataOrdersVisitor - [ORDERBOOK] Removing level:110
23:15:22.552 [main] INFO  c.o.v.MutatingRemoveAllMarketDataOrdersVisitor - [ORDERBOOK] Removing market data order:MktData(price=119,quantity=5600)
23:15:22.552 [main] INFO  c.o.v.MutatingRemoveAllMarketDataOrdersVisitor - [ORDERBOOK] Removing level:119
23:15:22.552 [main] INFO  c.o.v.MutatingRemoveAllMarketDataOrdersVisitor - [ORDERBOOK] Removing market data order:MktData(price=123,quantity=453)
23:15:22.552 [main] INFO  c.o.v.MutatingRemoveAllMarketDataOrdersVisitor - [ORDERBOOK] Removing level:123
23:15:22.552 [main] INFO  c.o.v.MutatingRemoveAllMarketDataOrdersVisitor - [ORDERBOOK] Removing market data order:MktData(price=144,quantity=645)
23:15:22.552 [main] INFO  c.o.v.MutatingRemoveAllMarketDataOrdersVisitor - [ORDERBOOK] Removing level:144
23:15:22.552 [main] INFO  c.o.v.MutatingRemoveAllMarketDataOrdersVisitor - [ORDERBOOK] Removing market data order:MktData(price=167,quantity=665)
23:15:22.552 [main] INFO  c.o.v.MutatingRemoveAllMarketDataOrdersVisitor - [ORDERBOOK] Removing level:167
23:15:22.552 [main] DEBUG c.orderbook.OrderBook - [ORDERBOOK] ASK: Adding orderMktData(price=98,quantity=501)
23:15:22.552 [main] DEBUG c.orderbook.OrderBook - [ORDERBOOK] ASK: Adding orderMktData(price=101,quantity=200)
23:15:22.552 [main] DEBUG c.orderbook.OrderBook - [ORDERBOOK] ASK: Adding orderMktData(price=110,quantity=5000)
23:15:22.552 [main] DEBUG c.orderbook.OrderBook - [ORDERBOOK] ASK: Adding orderMktData(price=119,quantity=5600)
23:15:22.552 [main] DEBUG c.orderbook.OrderBook - [ORDERBOOK] ASK: Adding orderMktData(price=123,quantity=453)
23:15:22.552 [main] DEBUG c.orderbook.OrderBook - [ORDERBOOK] ASK: Adding orderMktData(price=144,quantity=645)
23:15:22.552 [main] DEBUG c.orderbook.OrderBook - [ORDERBOOK] ASK: Adding orderMktData(price=167,quantity=665)
23:15:22.552 [main] DEBUG c.service.MarketDataService - [ALGO] BID: price:43 quantity:134
23:15:22.552 [main] DEBUG c.service.MarketDataService - [ALGO] BID: price:76 quantity:145
23:15:22.552 [main] DEBUG c.service.MarketDataService - [ALGO] BID: price:91 quantity:300
23:15:22.552 [main] DEBUG c.service.MarketDataService - [ALGO] BID: price:93 quantity:200
23:15:22.552 [main] DEBUG c.service.MarketDataService - [ALGO] BID: price:95 quantity:100
23:15:22.552 [main] DEBUG c.service.MarketDataService - [ALGO] BID: price:98 quantity:154
23:15:22.552 [main] DEBUG c.service.MarketDataService - [ALGO] ASK: price:98 quantity:501
23:15:22.552 [main] DEBUG c.service.MarketDataService - [ALGO] ASK: price:101 quantity:200
23:15:22.552 [main] DEBUG c.service.MarketDataService - [ALGO] ASK: price:110 quantity:5000
23:15:22.552 [main] DEBUG c.service.MarketDataService - [ALGO] ASK: price:119 quantity:5600
23:15:22.552 [main] DEBUG c.service.MarketDataService - [ALGO] ASK: price:123 quantity:453
23:15:22.552 [main] DEBUG c.service.MarketDataService - [ALGO] ASK: price:144 quantity:645
23:15:22.552 [main] DEBUG c.service.MarketDataService - [ALGO] ASK: price:167 quantity:665
23:15:22.552 [main] INFO  c.gettingstarted.MyAlgoLogic - [MYALGO] The state of the order book is:
|----BID-----||----ASK----|
    134 @ 43    501 @ 98
    145 @ 76   200 @ 101
    300 @ 91  5000 @ 110
    200 @ 93  5600 @ 119
    100 @ 95   453 @ 123
    154 @ 98   645 @ 144
          -    665 @ 167
|------------||-----------|

23:15:22.553 [main] INFO  c.gettingstarted.MyAlgoLogic - [MYALGO] Algo Sees Book as: 
|----BID-----||----ASK----|
    134 @ 43    501 @ 98
    145 @ 76   200 @ 101
    300 @ 91  5000 @ 110
    200 @ 93  5600 @ 119
    100 @ 95   453 @ 123
    154 @ 98   645 @ 144
          -    665 @ 167
|------------||-----------|

23:15:22.553 [main] INFO  c.gettingstarted.TimedLogic - [TIMEDLOGIC] Market is closed
23:15:22.553 [main] INFO  c.sequencer.consumer.LoggingConsumer - [169] 
|----BID-----|
    134 @ 43
    145 @ 76
    300 @ 91
    200 @ 93
    100 @ 95
    154 @ 98
|----ASK-----|
    501 @ 98
   200 @ 101
  5000 @ 110
  5600 @ 119
   453 @ 123
   645 @ 144
   665 @ 167

23:15:22.553 [main] INFO  c.orderbook.OrderBook - [ORDERBOOK] Processing Mkt Data Update
23:15:22.553 [main] INFO  c.o.v.MutatingRemoveAllMarketDataOrdersVisitor - [ORDERBOOK] Removing market data order:MktData(price=43,quantity=134)
23:15:22.553 [main] INFO  c.o.v.MutatingRemoveAllMarketDataOrdersVisitor - [ORDERBOOK] Removing level:43
23:15:22.553 [main] DEBUG c.orderbook.OrderBook - [ORDERBOOK] ASK: Adding orderMktData(price=43,quantity=134)
23:15:22.553 [main] DEBUG c.orderbook.OrderBook - [ORDERBOOK] ASK: Adding orderMktData(price=76,quantity=145)
23:15:22.553 [main] DEBUG c.orderbook.OrderBook - [ORDERBOOK] ASK: Adding orderMktData(price=91,quantity=300)
23:15:22.553 [main] DEBUG c.orderbook.OrderBook - [ORDERBOOK] ASK: Adding orderMktData(price=93,quantity=200)
23:15:22.553 [main] DEBUG c.orderbook.OrderBook - [ORDERBOOK] ASK: Adding orderMktData(price=95,quantity=100)
23:15:22.553 [main] DEBUG c.orderbook.OrderBook - [ORDERBOOK] ASK: Adding orderMktData(price=98,quantity=154)
23:15:22.553 [main] INFO  c.o.v.MutatingMatchOneMarketDataOrderVisitor - [ORDERBOOK] visiting LevelOrderBookLevel(price=43,quantity=134)
23:15:22.553 [main] INFO  c.o.v.MutatingMatchOneMarketDataOrderVisitor - [ORDERBOOK] Can't match order:MktData(price=43,quantity=134)(MktData(price=98,quantity=154))
23:15:22.553 [main] INFO  c.o.v.MutatingRemoveAllMarketDataOrdersVisitor - [ORDERBOOK] Removing market data order:MktData(price=98,quantity=501)
23:15:22.553 [main] INFO  c.o.v.MutatingRemoveAllMarketDataOrdersVisitor - [ORDERBOOK] Removing level:98
23:15:22.553 [main] INFO  c.o.v.MutatingRemoveAllMarketDataOrdersVisitor - [ORDERBOOK] Removing market data order:MktData(price=101,quantity=200)
23:15:22.553 [main] INFO  c.o.v.MutatingRemoveAllMarketDataOrdersVisitor - [ORDERBOOK] Removing level:101
23:15:22.553 [main] INFO  c.o.v.MutatingRemoveAllMarketDataOrdersVisitor - [ORDERBOOK] Removing market data order:MktData(price=110,quantity=5000)
23:15:22.553 [main] INFO  c.o.v.MutatingRemoveAllMarketDataOrdersVisitor - [ORDERBOOK] Removing level:110
23:15:22.553 [main] INFO  c.o.v.MutatingRemoveAllMarketDataOrdersVisitor - [ORDERBOOK] Removing market data order:MktData(price=119,quantity=5600)
23:15:22.553 [main] INFO  c.o.v.MutatingRemoveAllMarketDataOrdersVisitor - [ORDERBOOK] Removing level:119
23:15:22.553 [main] INFO  c.o.v.MutatingRemoveAllMarketDataOrdersVisitor - [ORDERBOOK] Removing market data order:MktData(price=123,quantity=453)
23:15:22.553 [main] INFO  c.o.v.MutatingRemoveAllMarketDataOrdersVisitor - [ORDERBOOK] Removing level:123
23:15:22.553 [main] INFO  c.o.v.MutatingRemoveAllMarketDataOrdersVisitor - [ORDERBOOK] Removing market data order:MktData(price=144,quantity=645)
23:15:22.553 [main] INFO  c.o.v.MutatingRemoveAllMarketDataOrdersVisitor - [ORDERBOOK] Removing level:144
23:15:22.553 [main] INFO  c.o.v.MutatingRemoveAllMarketDataOrdersVisitor - [ORDERBOOK] Removing market data order:MktData(price=167,quantity=665)
23:15:22.553 [main] INFO  c.o.v.MutatingRemoveAllMarketDataOrdersVisitor - [ORDERBOOK] Removing level:167
23:15:22.553 [main] DEBUG c.orderbook.OrderBook - [ORDERBOOK] ASK: Adding orderMktData(price=98,quantity=501)
23:15:22.553 [main] DEBUG c.orderbook.OrderBook - [ORDERBOOK] ASK: Adding orderMktData(price=101,quantity=200)
23:15:22.553 [main] DEBUG c.orderbook.OrderBook - [ORDERBOOK] ASK: Adding orderMktData(price=110,quantity=5000)
23:15:22.553 [main] DEBUG c.orderbook.OrderBook - [ORDERBOOK] ASK: Adding orderMktData(price=119,quantity=5600)
23:15:22.553 [main] DEBUG c.orderbook.OrderBook - [ORDERBOOK] ASK: Adding orderMktData(price=123,quantity=453)
23:15:22.553 [main] DEBUG c.orderbook.OrderBook - [ORDERBOOK] ASK: Adding orderMktData(price=144,quantity=645)
23:15:22.553 [main] DEBUG c.orderbook.OrderBook - [ORDERBOOK] ASK: Adding orderMktData(price=167,quantity=665)
23:15:22.553 [main] DEBUG c.service.MarketDataService - [ALGO] BID: price:43 quantity:134
23:15:22.553 [main] DEBUG c.service.MarketDataService - [ALGO] BID: price:76 quantity:145
23:15:22.553 [main] DEBUG c.service.MarketDataService - [ALGO] BID: price:91 quantity:300
23:15:22.553 [main] DEBUG c.service.MarketDataService - [ALGO] BID: price:93 quantity:200
23:15:22.553 [main] DEBUG c.service.MarketDataService - [ALGO] BID: price:95 quantity:100
23:15:22.553 [main] DEBUG c.service.MarketDataService - [ALGO] BID: price:98 quantity:154
23:15:22.553 [main] DEBUG c.service.MarketDataService - [ALGO] ASK: price:98 quantity:501
23:15:22.553 [main] DEBUG c.service.MarketDataService - [ALGO] ASK: price:101 quantity:200
23:15:22.553 [main] DEBUG c.service.MarketDataService - [ALGO] ASK: price:110 quantity:5000
23:15:22.553 [main] DEBUG c.service.MarketDataService - [ALGO] ASK: price:119 quantity:5600
23:15:22.553 [main] DEBUG c.service.MarketDataService - [ALGO] ASK: price:123 quantity:453
23:15:22.553 [main] DEBUG c.service.MarketDataService - [ALGO] ASK: price:144 quantity:645
23:15:22.553 [main] DEBUG c.service.MarketDataService - [ALGO] ASK: price:167 quantity:665
23:15:22.553 [main] INFO  c.gettingstarted.MyAlgoLogic - [MYALGO] The state of the order book is:
|----BID-----||----ASK----|
    134 @ 43    501 @ 98
    145 @ 76   200 @ 101
    300 @ 91  5000 @ 110
    200 @ 93  5600 @ 119
    100 @ 95   453 @ 123
    154 @ 98   645 @ 144
          -    665 @ 167
|------------||-----------|

23:15:22.554 [main] INFO  c.gettingstarted.MyAlgoLogic - [MYALGO] Algo Sees Book as: 
|----BID-----||----ASK----|
    134 @ 43    501 @ 98
    145 @ 76   200 @ 101
    300 @ 91  5000 @ 110
    200 @ 93  5600 @ 119
    100 @ 95   453 @ 123
    154 @ 98   645 @ 144
          -    665 @ 167
|------------||-----------|

23:15:22.554 [main] INFO  c.gettingstarted.TimedLogic - [TIMEDLOGIC] Market is closed
23:15:22.554 [main] INFO  c.sequencer.consumer.LoggingConsumer - [170] 
|----BID-----|
    134 @ 43
    145 @ 76
    300 @ 91
    200 @ 93
    100 @ 95
    154 @ 98
|----ASK-----|
    501 @ 98
   200 @ 101
  5000 @ 110
  5600 @ 119
   453 @ 123
   645 @ 144
   665 @ 167

23:15:22.554 [main] INFO  c.orderbook.OrderBook - [ORDERBOOK] Processing Mkt Data Update
23:15:22.554 [main] INFO  c.o.v.MutatingRemoveAllMarketDataOrdersVisitor - [ORDERBOOK] Removing market data order:MktData(price=43,quantity=134)
23:15:22.554 [main] INFO  c.o.v.MutatingRemoveAllMarketDataOrdersVisitor - [ORDERBOOK] Removing level:43
23:15:22.554 [main] DEBUG c.orderbook.OrderBook - [ORDERBOOK] ASK: Adding orderMktData(price=43,quantity=134)
23:15:22.554 [main] DEBUG c.orderbook.OrderBook - [ORDERBOOK] ASK: Adding orderMktData(price=76,quantity=145)
23:15:22.554 [main] DEBUG c.orderbook.OrderBook - [ORDERBOOK] ASK: Adding orderMktData(price=91,quantity=300)
23:15:22.554 [main] DEBUG c.orderbook.OrderBook - [ORDERBOOK] ASK: Adding orderMktData(price=93,quantity=200)
23:15:22.554 [main] DEBUG c.orderbook.OrderBook - [ORDERBOOK] ASK: Adding orderMktData(price=95,quantity=100)
23:15:22.554 [main] DEBUG c.orderbook.OrderBook - [ORDERBOOK] ASK: Adding orderMktData(price=98,quantity=154)
23:15:22.554 [main] INFO  c.o.v.MutatingMatchOneMarketDataOrderVisitor - [ORDERBOOK] visiting LevelOrderBookLevel(price=43,quantity=134)
23:15:22.554 [main] INFO  c.o.v.MutatingMatchOneMarketDataOrderVisitor - [ORDERBOOK] Can't match order:MktData(price=43,quantity=134)(MktData(price=98,quantity=154))
23:15:22.554 [main] INFO  c.o.v.MutatingRemoveAllMarketDataOrdersVisitor - [ORDERBOOK] Removing market data order:MktData(price=98,quantity=501)
23:15:22.554 [main] INFO  c.o.v.MutatingRemoveAllMarketDataOrdersVisitor - [ORDERBOOK] Removing level:98
23:15:22.554 [main] INFO  c.o.v.MutatingRemoveAllMarketDataOrdersVisitor - [ORDERBOOK] Removing market data order:MktData(price=101,quantity=200)
23:15:22.554 [main] INFO  c.o.v.MutatingRemoveAllMarketDataOrdersVisitor - [ORDERBOOK] Removing level:101
23:15:22.554 [main] INFO  c.o.v.MutatingRemoveAllMarketDataOrdersVisitor - [ORDERBOOK] Removing market data order:MktData(price=110,quantity=5000)
23:15:22.554 [main] INFO  c.o.v.MutatingRemoveAllMarketDataOrdersVisitor - [ORDERBOOK] Removing level:110
23:15:22.554 [main] INFO  c.o.v.MutatingRemoveAllMarketDataOrdersVisitor - [ORDERBOOK] Removing market data order:MktData(price=119,quantity=5600)
23:15:22.554 [main] INFO  c.o.v.MutatingRemoveAllMarketDataOrdersVisitor - [ORDERBOOK] Removing level:119
23:15:22.554 [main] INFO  c.o.v.MutatingRemoveAllMarketDataOrdersVisitor - [ORDERBOOK] Removing market data order:MktData(price=123,quantity=453)
23:15:22.554 [main] INFO  c.o.v.MutatingRemoveAllMarketDataOrdersVisitor - [ORDERBOOK] Removing level:123
23:15:22.554 [main] INFO  c.o.v.MutatingRemoveAllMarketDataOrdersVisitor - [ORDERBOOK] Removing market data order:MktData(price=144,quantity=645)
23:15:22.554 [main] INFO  c.o.v.MutatingRemoveAllMarketDataOrdersVisitor - [ORDERBOOK] Removing level:144
23:15:22.554 [main] INFO  c.o.v.MutatingRemoveAllMarketDataOrdersVisitor - [ORDERBOOK] Removing market data order:MktData(price=167,quantity=665)
23:15:22.554 [main] INFO  c.o.v.MutatingRemoveAllMarketDataOrdersVisitor - [ORDERBOOK] Removing level:167
23:15:22.554 [main] DEBUG c.orderbook.OrderBook - [ORDERBOOK] ASK: Adding orderMktData(price=98,quantity=501)
23:15:22.554 [main] DEBUG c.orderbook.OrderBook - [ORDERBOOK] ASK: Adding orderMktData(price=101,quantity=200)
23:15:22.554 [main] DEBUG c.orderbook.OrderBook - [ORDERBOOK] ASK: Adding orderMktData(price=110,quantity=5000)
23:15:22.554 [main] DEBUG c.orderbook.OrderBook - [ORDERBOOK] ASK: Adding orderMktData(price=119,quantity=5600)
23:15:22.554 [main] DEBUG c.orderbook.OrderBook - [ORDERBOOK] ASK: Adding orderMktData(price=123,quantity=453)
23:15:22.554 [main] DEBUG c.orderbook.OrderBook - [ORDERBOOK] ASK: Adding orderMktData(price=144,quantity=645)
23:15:22.554 [main] DEBUG c.orderbook.OrderBook - [ORDERBOOK] ASK: Adding orderMktData(price=167,quantity=665)
23:15:22.554 [main] DEBUG c.service.MarketDataService - [ALGO] BID: price:43 quantity:134
23:15:22.554 [main] DEBUG c.service.MarketDataService - [ALGO] BID: price:76 quantity:145
23:15:22.554 [main] DEBUG c.service.MarketDataService - [ALGO] BID: price:91 quantity:300
23:15:22.554 [main] DEBUG c.service.MarketDataService - [ALGO] BID: price:93 quantity:200
23:15:22.554 [main] DEBUG c.service.MarketDataService - [ALGO] BID: price:95 quantity:100
23:15:22.554 [main] DEBUG c.service.MarketDataService - [ALGO] BID: price:98 quantity:154
23:15:22.554 [main] DEBUG c.service.MarketDataService - [ALGO] ASK: price:98 quantity:501
23:15:22.554 [main] DEBUG c.service.MarketDataService - [ALGO] ASK: price:101 quantity:200
23:15:22.554 [main] DEBUG c.service.MarketDataService - [ALGO] ASK: price:110 quantity:5000
23:15:22.554 [main] DEBUG c.service.MarketDataService - [ALGO] ASK: price:119 quantity:5600
23:15:22.554 [main] DEBUG c.service.MarketDataService - [ALGO] ASK: price:123 quantity:453
23:15:22.554 [main] DEBUG c.service.MarketDataService - [ALGO] ASK: price:144 quantity:645
23:15:22.554 [main] DEBUG c.service.MarketDataService - [ALGO] ASK: price:167 quantity:665
23:15:22.554 [main] INFO  c.gettingstarted.MyAlgoLogic - [MYALGO] The state of the order book is:
|----BID-----||----ASK----|
    134 @ 43    501 @ 98
    145 @ 76   200 @ 101
    300 @ 91  5000 @ 110
    200 @ 93  5600 @ 119
    100 @ 95   453 @ 123
    154 @ 98   645 @ 144
          -    665 @ 167
|------------||-----------|

23:15:22.554 [main] INFO  c.gettingstarted.MyAlgoLogic - [MYALGO] Algo Sees Book as: 
|----BID-----||----ASK----|
    134 @ 43    501 @ 98
    145 @ 76   200 @ 101
    300 @ 91  5000 @ 110
    200 @ 93  5600 @ 119
    100 @ 95   453 @ 123
    154 @ 98   645 @ 144
          -    665 @ 167
|------------||-----------|

23:15:22.554 [main] INFO  c.gettingstarted.TimedLogic - [TIMEDLOGIC] Market is closed
23:15:22.555 [main] INFO  c.sequencer.consumer.LoggingConsumer - [171] 
|----BID-----|
    134 @ 43
    145 @ 76
    300 @ 91
    200 @ 93
    100 @ 95
    154 @ 98
|----ASK-----|
    501 @ 98
   200 @ 101
  5000 @ 110
  5600 @ 119
   453 @ 123
   645 @ 144
   665 @ 167

23:15:22.555 [main] INFO  c.orderbook.OrderBook - [ORDERBOOK] Processing Mkt Data Update
23:15:22.555 [main] INFO  c.o.v.MutatingRemoveAllMarketDataOrdersVisitor - [ORDERBOOK] Removing market data order:MktData(price=43,quantity=134)
23:15:22.555 [main] INFO  c.o.v.MutatingRemoveAllMarketDataOrdersVisitor - [ORDERBOOK] Removing level:43
23:15:22.555 [main] DEBUG c.orderbook.OrderBook - [ORDERBOOK] ASK: Adding orderMktData(price=43,quantity=134)
23:15:22.555 [main] DEBUG c.orderbook.OrderBook - [ORDERBOOK] ASK: Adding orderMktData(price=76,quantity=145)
23:15:22.555 [main] DEBUG c.orderbook.OrderBook - [ORDERBOOK] ASK: Adding orderMktData(price=91,quantity=300)
23:15:22.555 [main] DEBUG c.orderbook.OrderBook - [ORDERBOOK] ASK: Adding orderMktData(price=93,quantity=200)
23:15:22.555 [main] DEBUG c.orderbook.OrderBook - [ORDERBOOK] ASK: Adding orderMktData(price=95,quantity=100)
23:15:22.555 [main] DEBUG c.orderbook.OrderBook - [ORDERBOOK] ASK: Adding orderMktData(price=98,quantity=154)
23:15:22.555 [main] INFO  c.o.v.MutatingMatchOneMarketDataOrderVisitor - [ORDERBOOK] visiting LevelOrderBookLevel(price=43,quantity=134)
23:15:22.555 [main] INFO  c.o.v.MutatingMatchOneMarketDataOrderVisitor - [ORDERBOOK] Can't match order:MktData(price=43,quantity=134)(MktData(price=98,quantity=154))
23:15:22.555 [main] INFO  c.o.v.MutatingRemoveAllMarketDataOrdersVisitor - [ORDERBOOK] Removing market data order:MktData(price=98,quantity=501)
23:15:22.555 [main] INFO  c.o.v.MutatingRemoveAllMarketDataOrdersVisitor - [ORDERBOOK] Removing level:98
23:15:22.555 [main] INFO  c.o.v.MutatingRemoveAllMarketDataOrdersVisitor - [ORDERBOOK] Removing market data order:MktData(price=101,quantity=200)
23:15:22.555 [main] INFO  c.o.v.MutatingRemoveAllMarketDataOrdersVisitor - [ORDERBOOK] Removing level:101
23:15:22.555 [main] INFO  c.o.v.MutatingRemoveAllMarketDataOrdersVisitor - [ORDERBOOK] Removing market data order:MktData(price=110,quantity=5000)
23:15:22.555 [main] INFO  c.o.v.MutatingRemoveAllMarketDataOrdersVisitor - [ORDERBOOK] Removing level:110
23:15:22.555 [main] INFO  c.o.v.MutatingRemoveAllMarketDataOrdersVisitor - [ORDERBOOK] Removing market data order:MktData(price=119,quantity=5600)
23:15:22.555 [main] INFO  c.o.v.MutatingRemoveAllMarketDataOrdersVisitor - [ORDERBOOK] Removing level:119
23:15:22.555 [main] INFO  c.o.v.MutatingRemoveAllMarketDataOrdersVisitor - [ORDERBOOK] Removing market data order:MktData(price=123,quantity=453)
23:15:22.555 [main] INFO  c.o.v.MutatingRemoveAllMarketDataOrdersVisitor - [ORDERBOOK] Removing level:123
23:15:22.555 [main] INFO  c.o.v.MutatingRemoveAllMarketDataOrdersVisitor - [ORDERBOOK] Removing market data order:MktData(price=144,quantity=645)
23:15:22.555 [main] INFO  c.o.v.MutatingRemoveAllMarketDataOrdersVisitor - [ORDERBOOK] Removing level:144
23:15:22.555 [main] INFO  c.o.v.MutatingRemoveAllMarketDataOrdersVisitor - [ORDERBOOK] Removing market data order:MktData(price=167,quantity=665)
23:15:22.555 [main] INFO  c.o.v.MutatingRemoveAllMarketDataOrdersVisitor - [ORDERBOOK] Removing level:167
23:15:22.555 [main] DEBUG c.orderbook.OrderBook - [ORDERBOOK] ASK: Adding orderMktData(price=98,quantity=501)
23:15:22.555 [main] DEBUG c.orderbook.OrderBook - [ORDERBOOK] ASK: Adding orderMktData(price=101,quantity=200)
23:15:22.555 [main] DEBUG c.orderbook.OrderBook - [ORDERBOOK] ASK: Adding orderMktData(price=110,quantity=5000)
23:15:22.555 [main] DEBUG c.orderbook.OrderBook - [ORDERBOOK] ASK: Adding orderMktData(price=119,quantity=5600)
23:15:22.555 [main] DEBUG c.orderbook.OrderBook - [ORDERBOOK] ASK: Adding orderMktData(price=123,quantity=453)
23:15:22.555 [main] DEBUG c.orderbook.OrderBook - [ORDERBOOK] ASK: Adding orderMktData(price=144,quantity=645)
23:15:22.555 [main] DEBUG c.orderbook.OrderBook - [ORDERBOOK] ASK: Adding orderMktData(price=167,quantity=665)
23:15:22.555 [main] DEBUG c.service.MarketDataService - [ALGO] BID: price:43 quantity:134
23:15:22.555 [main] DEBUG c.service.MarketDataService - [ALGO] BID: price:76 quantity:145
23:15:22.555 [main] DEBUG c.service.MarketDataService - [ALGO] BID: price:91 quantity:300
23:15:22.555 [main] DEBUG c.service.MarketDataService - [ALGO] BID: price:93 quantity:200
23:15:22.555 [main] DEBUG c.service.MarketDataService - [ALGO] BID: price:95 quantity:100
23:15:22.555 [main] DEBUG c.service.MarketDataService - [ALGO] BID: price:98 quantity:154
23:15:22.555 [main] DEBUG c.service.MarketDataService - [ALGO] ASK: price:98 quantity:501
23:15:22.555 [main] DEBUG c.service.MarketDataService - [ALGO] ASK: price:101 quantity:200
23:15:22.555 [main] DEBUG c.service.MarketDataService - [ALGO] ASK: price:110 quantity:5000
23:15:22.555 [main] DEBUG c.service.MarketDataService - [ALGO] ASK: price:119 quantity:5600
23:15:22.555 [main] DEBUG c.service.MarketDataService - [ALGO] ASK: price:123 quantity:453
23:15:22.555 [main] DEBUG c.service.MarketDataService - [ALGO] ASK: price:144 quantity:645
23:15:22.555 [main] DEBUG c.service.MarketDataService - [ALGO] ASK: price:167 quantity:665
23:15:22.555 [main] INFO  c.gettingstarted.MyAlgoLogic - [MYALGO] The state of the order book is:
|----BID-----||----ASK----|
    134 @ 43    501 @ 98
    145 @ 76   200 @ 101
    300 @ 91  5000 @ 110
    200 @ 93  5600 @ 119
    100 @ 95   453 @ 123
    154 @ 98   645 @ 144
          -    665 @ 167
|------------||-----------|

23:15:22.555 [main] INFO  c.gettingstarted.MyAlgoLogic - [MYALGO] Algo Sees Book as: 
|----BID-----||----ASK----|
    134 @ 43    501 @ 98
    145 @ 76   200 @ 101
    300 @ 91  5000 @ 110
    200 @ 93  5600 @ 119
    100 @ 95   453 @ 123
    154 @ 98   645 @ 144
          -    665 @ 167
|------------||-----------|

23:15:22.555 [main] INFO  c.gettingstarted.TimedLogic - [TIMEDLOGIC] Market is closed
23:15:22.555 [main] INFO  c.sequencer.consumer.LoggingConsumer - [172] 
|----BID-----|
    134 @ 43
    145 @ 76
    300 @ 91
    200 @ 93
    100 @ 95
    154 @ 98
|----ASK-----|
    501 @ 98
   200 @ 101
  5000 @ 110
  5600 @ 119
   453 @ 123
   645 @ 144
   665 @ 167

23:15:22.555 [main] INFO  c.orderbook.OrderBook - [ORDERBOOK] Processing Mkt Data Update
23:15:22.555 [main] INFO  c.o.v.MutatingRemoveAllMarketDataOrdersVisitor - [ORDERBOOK] Removing market data order:MktData(price=43,quantity=134)
23:15:22.555 [main] INFO  c.o.v.MutatingRemoveAllMarketDataOrdersVisitor - [ORDERBOOK] Removing level:43
23:15:22.555 [main] DEBUG c.orderbook.OrderBook - [ORDERBOOK] ASK: Adding orderMktData(price=43,quantity=134)
23:15:22.555 [main] DEBUG c.orderbook.OrderBook - [ORDERBOOK] ASK: Adding orderMktData(price=76,quantity=145)
23:15:22.555 [main] DEBUG c.orderbook.OrderBook - [ORDERBOOK] ASK: Adding orderMktData(price=91,quantity=300)
23:15:22.555 [main] DEBUG c.orderbook.OrderBook - [ORDERBOOK] ASK: Adding orderMktData(price=93,quantity=200)
23:15:22.555 [main] DEBUG c.orderbook.OrderBook - [ORDERBOOK] ASK: Adding orderMktData(price=95,quantity=100)
23:15:22.555 [main] DEBUG c.orderbook.OrderBook - [ORDERBOOK] ASK: Adding orderMktData(price=98,quantity=154)
23:15:22.555 [main] INFO  c.o.v.MutatingMatchOneMarketDataOrderVisitor - [ORDERBOOK] visiting LevelOrderBookLevel(price=43,quantity=134)
23:15:22.555 [main] INFO  c.o.v.MutatingMatchOneMarketDataOrderVisitor - [ORDERBOOK] Can't match order:MktData(price=43,quantity=134)(MktData(price=98,quantity=154))
23:15:22.556 [main] INFO  c.o.v.MutatingRemoveAllMarketDataOrdersVisitor - [ORDERBOOK] Removing market data order:MktData(price=98,quantity=501)
23:15:22.556 [main] INFO  c.o.v.MutatingRemoveAllMarketDataOrdersVisitor - [ORDERBOOK] Removing level:98
23:15:22.556 [main] INFO  c.o.v.MutatingRemoveAllMarketDataOrdersVisitor - [ORDERBOOK] Removing market data order:MktData(price=101,quantity=200)
23:15:22.556 [main] INFO  c.o.v.MutatingRemoveAllMarketDataOrdersVisitor - [ORDERBOOK] Removing level:101
23:15:22.556 [main] INFO  c.o.v.MutatingRemoveAllMarketDataOrdersVisitor - [ORDERBOOK] Removing market data order:MktData(price=110,quantity=5000)
23:15:22.556 [main] INFO  c.o.v.MutatingRemoveAllMarketDataOrdersVisitor - [ORDERBOOK] Removing level:110
23:15:22.556 [main] INFO  c.o.v.MutatingRemoveAllMarketDataOrdersVisitor - [ORDERBOOK] Removing market data order:MktData(price=119,quantity=5600)
23:15:22.556 [main] INFO  c.o.v.MutatingRemoveAllMarketDataOrdersVisitor - [ORDERBOOK] Removing level:119
23:15:22.556 [main] INFO  c.o.v.MutatingRemoveAllMarketDataOrdersVisitor - [ORDERBOOK] Removing market data order:MktData(price=123,quantity=453)
23:15:22.556 [main] INFO  c.o.v.MutatingRemoveAllMarketDataOrdersVisitor - [ORDERBOOK] Removing level:123
23:15:22.556 [main] INFO  c.o.v.MutatingRemoveAllMarketDataOrdersVisitor - [ORDERBOOK] Removing market data order:MktData(price=144,quantity=645)
23:15:22.556 [main] INFO  c.o.v.MutatingRemoveAllMarketDataOrdersVisitor - [ORDERBOOK] Removing level:144
23:15:22.556 [main] INFO  c.o.v.MutatingRemoveAllMarketDataOrdersVisitor - [ORDERBOOK] Removing market data order:MktData(price=167,quantity=665)
23:15:22.556 [main] INFO  c.o.v.MutatingRemoveAllMarketDataOrdersVisitor - [ORDERBOOK] Removing level:167
23:15:22.556 [main] DEBUG c.orderbook.OrderBook - [ORDERBOOK] ASK: Adding orderMktData(price=98,quantity=501)
23:15:22.556 [main] DEBUG c.orderbook.OrderBook - [ORDERBOOK] ASK: Adding orderMktData(price=101,quantity=200)
23:15:22.556 [main] DEBUG c.orderbook.OrderBook - [ORDERBOOK] ASK: Adding orderMktData(price=110,quantity=5000)
23:15:22.556 [main] DEBUG c.orderbook.OrderBook - [ORDERBOOK] ASK: Adding orderMktData(price=119,quantity=5600)
23:15:22.556 [main] DEBUG c.orderbook.OrderBook - [ORDERBOOK] ASK: Adding orderMktData(price=123,quantity=453)
23:15:22.556 [main] DEBUG c.orderbook.OrderBook - [ORDERBOOK] ASK: Adding orderMktData(price=144,quantity=645)
23:15:22.556 [main] DEBUG c.orderbook.OrderBook - [ORDERBOOK] ASK: Adding orderMktData(price=167,quantity=665)
23:15:22.556 [main] DEBUG c.service.MarketDataService - [ALGO] BID: price:43 quantity:134
23:15:22.556 [main] DEBUG c.service.MarketDataService - [ALGO] BID: price:76 quantity:145
23:15:22.556 [main] DEBUG c.service.MarketDataService - [ALGO] BID: price:91 quantity:300
23:15:22.556 [main] DEBUG c.service.MarketDataService - [ALGO] BID: price:93 quantity:200
23:15:22.556 [main] DEBUG c.service.MarketDataService - [ALGO] BID: price:95 quantity:100
23:15:22.556 [main] DEBUG c.service.MarketDataService - [ALGO] BID: price:98 quantity:154
23:15:22.556 [main] DEBUG c.service.MarketDataService - [ALGO] ASK: price:98 quantity:501
23:15:22.556 [main] DEBUG c.service.MarketDataService - [ALGO] ASK: price:101 quantity:200
23:15:22.556 [main] DEBUG c.service.MarketDataService - [ALGO] ASK: price:110 quantity:5000
23:15:22.556 [main] DEBUG c.service.MarketDataService - [ALGO] ASK: price:119 quantity:5600
23:15:22.556 [main] DEBUG c.service.MarketDataService - [ALGO] ASK: price:123 quantity:453
23:15:22.556 [main] DEBUG c.service.MarketDataService - [ALGO] ASK: price:144 quantity:645
23:15:22.556 [main] DEBUG c.service.MarketDataService - [ALGO] ASK: price:167 quantity:665
23:15:22.556 [main] INFO  c.gettingstarted.MyAlgoLogic - [MYALGO] The state of the order book is:
|----BID-----||----ASK----|
    134 @ 43    501 @ 98
    145 @ 76   200 @ 101
    300 @ 91  5000 @ 110
    200 @ 93  5600 @ 119
    100 @ 95   453 @ 123
    154 @ 98   645 @ 144
          -    665 @ 167
|------------||-----------|

23:15:22.556 [main] INFO  c.gettingstarted.MyAlgoLogic - [MYALGO] Algo Sees Book as: 
|----BID-----||----ASK----|
    134 @ 43    501 @ 98
    145 @ 76   200 @ 101
    300 @ 91  5000 @ 110
    200 @ 93  5600 @ 119
    100 @ 95   453 @ 123
    154 @ 98   645 @ 144
          -    665 @ 167
|------------||-----------|

23:15:22.556 [main] INFO  c.gettingstarted.TimedLogic - [TIMEDLOGIC] Market is closed
23:15:22.556 [main] INFO  c.sequencer.consumer.LoggingConsumer - [173] 
|----BID-----|
    134 @ 43
    145 @ 76
    300 @ 91
    200 @ 93
    100 @ 95
    154 @ 98
|----ASK-----|
    501 @ 98
   200 @ 101
  5000 @ 110
  5600 @ 119
   453 @ 123
   645 @ 144
   665 @ 167

23:15:22.556 [main] INFO  c.orderbook.OrderBook - [ORDERBOOK] Processing Mkt Data Update
23:15:22.556 [main] INFO  c.o.v.MutatingRemoveAllMarketDataOrdersVisitor - [ORDERBOOK] Removing market data order:MktData(price=43,quantity=134)
23:15:22.556 [main] INFO  c.o.v.MutatingRemoveAllMarketDataOrdersVisitor - [ORDERBOOK] Removing level:43
23:15:22.556 [main] DEBUG c.orderbook.OrderBook - [ORDERBOOK] ASK: Adding orderMktData(price=43,quantity=134)
23:15:22.556 [main] DEBUG c.orderbook.OrderBook - [ORDERBOOK] ASK: Adding orderMktData(price=76,quantity=145)
23:15:22.556 [main] DEBUG c.orderbook.OrderBook - [ORDERBOOK] ASK: Adding orderMktData(price=91,quantity=300)
23:15:22.556 [main] DEBUG c.orderbook.OrderBook - [ORDERBOOK] ASK: Adding orderMktData(price=93,quantity=200)
23:15:22.556 [main] DEBUG c.orderbook.OrderBook - [ORDERBOOK] ASK: Adding orderMktData(price=95,quantity=100)
23:15:22.556 [main] DEBUG c.orderbook.OrderBook - [ORDERBOOK] ASK: Adding orderMktData(price=98,quantity=154)
23:15:22.556 [main] INFO  c.o.v.MutatingMatchOneMarketDataOrderVisitor - [ORDERBOOK] visiting LevelOrderBookLevel(price=43,quantity=134)
23:15:22.556 [main] INFO  c.o.v.MutatingMatchOneMarketDataOrderVisitor - [ORDERBOOK] Can't match order:MktData(price=43,quantity=134)(MktData(price=98,quantity=154))
23:15:22.556 [main] INFO  c.o.v.MutatingRemoveAllMarketDataOrdersVisitor - [ORDERBOOK] Removing market data order:MktData(price=98,quantity=501)
23:15:22.556 [main] INFO  c.o.v.MutatingRemoveAllMarketDataOrdersVisitor - [ORDERBOOK] Removing level:98
23:15:22.556 [main] INFO  c.o.v.MutatingRemoveAllMarketDataOrdersVisitor - [ORDERBOOK] Removing market data order:MktData(price=101,quantity=200)
23:15:22.556 [main] INFO  c.o.v.MutatingRemoveAllMarketDataOrdersVisitor - [ORDERBOOK] Removing level:101
23:15:22.556 [main] INFO  c.o.v.MutatingRemoveAllMarketDataOrdersVisitor - [ORDERBOOK] Removing market data order:MktData(price=110,quantity=5000)
23:15:22.556 [main] INFO  c.o.v.MutatingRemoveAllMarketDataOrdersVisitor - [ORDERBOOK] Removing level:110
23:15:22.556 [main] INFO  c.o.v.MutatingRemoveAllMarketDataOrdersVisitor - [ORDERBOOK] Removing market data order:MktData(price=119,quantity=5600)
23:15:22.556 [main] INFO  c.o.v.MutatingRemoveAllMarketDataOrdersVisitor - [ORDERBOOK] Removing level:119
23:15:22.556 [main] INFO  c.o.v.MutatingRemoveAllMarketDataOrdersVisitor - [ORDERBOOK] Removing market data order:MktData(price=123,quantity=453)
23:15:22.556 [main] INFO  c.o.v.MutatingRemoveAllMarketDataOrdersVisitor - [ORDERBOOK] Removing level:123
23:15:22.556 [main] INFO  c.o.v.MutatingRemoveAllMarketDataOrdersVisitor - [ORDERBOOK] Removing market data order:MktData(price=144,quantity=645)
23:15:22.556 [main] INFO  c.o.v.MutatingRemoveAllMarketDataOrdersVisitor - [ORDERBOOK] Removing level:144
23:15:22.556 [main] INFO  c.o.v.MutatingRemoveAllMarketDataOrdersVisitor - [ORDERBOOK] Removing market data order:MktData(price=167,quantity=665)
23:15:22.556 [main] INFO  c.o.v.MutatingRemoveAllMarketDataOrdersVisitor - [ORDERBOOK] Removing level:167
23:15:22.556 [main] DEBUG c.orderbook.OrderBook - [ORDERBOOK] ASK: Adding orderMktData(price=98,quantity=501)
23:15:22.556 [main] DEBUG c.orderbook.OrderBook - [ORDERBOOK] ASK: Adding orderMktData(price=101,quantity=200)
23:15:22.556 [main] DEBUG c.orderbook.OrderBook - [ORDERBOOK] ASK: Adding orderMktData(price=110,quantity=5000)
23:15:22.556 [main] DEBUG c.orderbook.OrderBook - [ORDERBOOK] ASK: Adding orderMktData(price=119,quantity=5600)
23:15:22.556 [main] DEBUG c.orderbook.OrderBook - [ORDERBOOK] ASK: Adding orderMktData(price=123,quantity=453)
23:15:22.556 [main] DEBUG c.orderbook.OrderBook - [ORDERBOOK] ASK: Adding orderMktData(price=144,quantity=645)
23:15:22.556 [main] DEBUG c.orderbook.OrderBook - [ORDERBOOK] ASK: Adding orderMktData(price=167,quantity=665)
23:15:22.556 [main] DEBUG c.service.MarketDataService - [ALGO] BID: price:43 quantity:134
23:15:22.556 [main] DEBUG c.service.MarketDataService - [ALGO] BID: price:76 quantity:145
23:15:22.556 [main] DEBUG c.service.MarketDataService - [ALGO] BID: price:91 quantity:300
23:15:22.556 [main] DEBUG c.service.MarketDataService - [ALGO] BID: price:93 quantity:200
23:15:22.556 [main] DEBUG c.service.MarketDataService - [ALGO] BID: price:95 quantity:100
23:15:22.556 [main] DEBUG c.service.MarketDataService - [ALGO] BID: price:98 quantity:154
23:15:22.556 [main] DEBUG c.service.MarketDataService - [ALGO] ASK: price:98 quantity:501
23:15:22.556 [main] DEBUG c.service.MarketDataService - [ALGO] ASK: price:101 quantity:200
23:15:22.556 [main] DEBUG c.service.MarketDataService - [ALGO] ASK: price:110 quantity:5000
23:15:22.556 [main] DEBUG c.service.MarketDataService - [ALGO] ASK: price:119 quantity:5600
23:15:22.556 [main] DEBUG c.service.MarketDataService - [ALGO] ASK: price:123 quantity:453
23:15:22.556 [main] DEBUG c.service.MarketDataService - [ALGO] ASK: price:144 quantity:645
23:15:22.556 [main] DEBUG c.service.MarketDataService - [ALGO] ASK: price:167 quantity:665
23:15:22.556 [main] INFO  c.gettingstarted.MyAlgoLogic - [MYALGO] The state of the order book is:
|----BID-----||----ASK----|
    134 @ 43    501 @ 98
    145 @ 76   200 @ 101
    300 @ 91  5000 @ 110
    200 @ 93  5600 @ 119
    100 @ 95   453 @ 123
    154 @ 98   645 @ 144
          -    665 @ 167
|------------||-----------|

23:15:22.557 [main] INFO  c.gettingstarted.MyAlgoLogic - [MYALGO] Algo Sees Book as: 
|----BID-----||----ASK----|
    134 @ 43    501 @ 98
    145 @ 76   200 @ 101
    300 @ 91  5000 @ 110
    200 @ 93  5600 @ 119
    100 @ 95   453 @ 123
    154 @ 98   645 @ 144
          -    665 @ 167
|------------||-----------|

23:15:22.557 [main] INFO  c.gettingstarted.TimedLogic - [TIMEDLOGIC] Market is closed
23:15:22.557 [main] INFO  c.sequencer.consumer.LoggingConsumer - [174] 
|----BID-----|
    134 @ 43
    145 @ 76
    300 @ 91
    200 @ 93
    100 @ 95
    154 @ 98
|----ASK-----|
    501 @ 98
   200 @ 101
  5000 @ 110
  5600 @ 119
   453 @ 123
   645 @ 144
   665 @ 167

23:15:22.557 [main] INFO  c.orderbook.OrderBook - [ORDERBOOK] Processing Mkt Data Update
23:15:22.557 [main] INFO  c.o.v.MutatingRemoveAllMarketDataOrdersVisitor - [ORDERBOOK] Removing market data order:MktData(price=43,quantity=134)
23:15:22.557 [main] INFO  c.o.v.MutatingRemoveAllMarketDataOrdersVisitor - [ORDERBOOK] Removing level:43
23:15:22.557 [main] DEBUG c.orderbook.OrderBook - [ORDERBOOK] ASK: Adding orderMktData(price=43,quantity=134)
23:15:22.557 [main] DEBUG c.orderbook.OrderBook - [ORDERBOOK] ASK: Adding orderMktData(price=76,quantity=145)
23:15:22.557 [main] DEBUG c.orderbook.OrderBook - [ORDERBOOK] ASK: Adding orderMktData(price=91,quantity=300)
23:15:22.557 [main] DEBUG c.orderbook.OrderBook - [ORDERBOOK] ASK: Adding orderMktData(price=93,quantity=200)
23:15:22.557 [main] DEBUG c.orderbook.OrderBook - [ORDERBOOK] ASK: Adding orderMktData(price=95,quantity=100)
23:15:22.557 [main] DEBUG c.orderbook.OrderBook - [ORDERBOOK] ASK: Adding orderMktData(price=98,quantity=154)
23:15:22.557 [main] INFO  c.o.v.MutatingMatchOneMarketDataOrderVisitor - [ORDERBOOK] visiting LevelOrderBookLevel(price=43,quantity=134)
23:15:22.557 [main] INFO  c.o.v.MutatingMatchOneMarketDataOrderVisitor - [ORDERBOOK] Can't match order:MktData(price=43,quantity=134)(MktData(price=98,quantity=154))
23:15:22.557 [main] INFO  c.o.v.MutatingRemoveAllMarketDataOrdersVisitor - [ORDERBOOK] Removing market data order:MktData(price=98,quantity=501)
23:15:22.557 [main] INFO  c.o.v.MutatingRemoveAllMarketDataOrdersVisitor - [ORDERBOOK] Removing level:98
23:15:22.557 [main] INFO  c.o.v.MutatingRemoveAllMarketDataOrdersVisitor - [ORDERBOOK] Removing market data order:MktData(price=101,quantity=200)
23:15:22.557 [main] INFO  c.o.v.MutatingRemoveAllMarketDataOrdersVisitor - [ORDERBOOK] Removing level:101
23:15:22.557 [main] INFO  c.o.v.MutatingRemoveAllMarketDataOrdersVisitor - [ORDERBOOK] Removing market data order:MktData(price=110,quantity=5000)
23:15:22.557 [main] INFO  c.o.v.MutatingRemoveAllMarketDataOrdersVisitor - [ORDERBOOK] Removing level:110
23:15:22.557 [main] INFO  c.o.v.MutatingRemoveAllMarketDataOrdersVisitor - [ORDERBOOK] Removing market data order:MktData(price=119,quantity=5600)
23:15:22.557 [main] INFO  c.o.v.MutatingRemoveAllMarketDataOrdersVisitor - [ORDERBOOK] Removing level:119
23:15:22.557 [main] INFO  c.o.v.MutatingRemoveAllMarketDataOrdersVisitor - [ORDERBOOK] Removing market data order:MktData(price=123,quantity=453)
23:15:22.557 [main] INFO  c.o.v.MutatingRemoveAllMarketDataOrdersVisitor - [ORDERBOOK] Removing level:123
23:15:22.557 [main] INFO  c.o.v.MutatingRemoveAllMarketDataOrdersVisitor - [ORDERBOOK] Removing market data order:MktData(price=144,quantity=645)
23:15:22.557 [main] INFO  c.o.v.MutatingRemoveAllMarketDataOrdersVisitor - [ORDERBOOK] Removing level:144
23:15:22.557 [main] INFO  c.o.v.MutatingRemoveAllMarketDataOrdersVisitor - [ORDERBOOK] Removing market data order:MktData(price=167,quantity=665)
23:15:22.557 [main] INFO  c.o.v.MutatingRemoveAllMarketDataOrdersVisitor - [ORDERBOOK] Removing level:167
23:15:22.557 [main] DEBUG c.orderbook.OrderBook - [ORDERBOOK] ASK: Adding orderMktData(price=98,quantity=501)
23:15:22.557 [main] DEBUG c.orderbook.OrderBook - [ORDERBOOK] ASK: Adding orderMktData(price=101,quantity=200)
23:15:22.557 [main] DEBUG c.orderbook.OrderBook - [ORDERBOOK] ASK: Adding orderMktData(price=110,quantity=5000)
23:15:22.557 [main] DEBUG c.orderbook.OrderBook - [ORDERBOOK] ASK: Adding orderMktData(price=119,quantity=5600)
23:15:22.557 [main] DEBUG c.orderbook.OrderBook - [ORDERBOOK] ASK: Adding orderMktData(price=123,quantity=453)
23:15:22.557 [main] DEBUG c.orderbook.OrderBook - [ORDERBOOK] ASK: Adding orderMktData(price=144,quantity=645)
23:15:22.557 [main] DEBUG c.orderbook.OrderBook - [ORDERBOOK] ASK: Adding orderMktData(price=167,quantity=665)
23:15:22.557 [main] DEBUG c.service.MarketDataService - [ALGO] BID: price:43 quantity:134
23:15:22.557 [main] DEBUG c.service.MarketDataService - [ALGO] BID: price:76 quantity:145
23:15:22.557 [main] DEBUG c.service.MarketDataService - [ALGO] BID: price:91 quantity:300
23:15:22.557 [main] DEBUG c.service.MarketDataService - [ALGO] BID: price:93 quantity:200
23:15:22.557 [main] DEBUG c.service.MarketDataService - [ALGO] BID: price:95 quantity:100
23:15:22.557 [main] DEBUG c.service.MarketDataService - [ALGO] BID: price:98 quantity:154
23:15:22.557 [main] DEBUG c.service.MarketDataService - [ALGO] ASK: price:98 quantity:501
23:15:22.557 [main] DEBUG c.service.MarketDataService - [ALGO] ASK: price:101 quantity:200
23:15:22.557 [main] DEBUG c.service.MarketDataService - [ALGO] ASK: price:110 quantity:5000
23:15:22.557 [main] DEBUG c.service.MarketDataService - [ALGO] ASK: price:119 quantity:5600
23:15:22.557 [main] DEBUG c.service.MarketDataService - [ALGO] ASK: price:123 quantity:453
23:15:22.557 [main] DEBUG c.service.MarketDataService - [ALGO] ASK: price:144 quantity:645
23:15:22.557 [main] DEBUG c.service.MarketDataService - [ALGO] ASK: price:167 quantity:665
23:15:22.557 [main] INFO  c.gettingstarted.MyAlgoLogic - [MYALGO] The state of the order book is:
|----BID-----||----ASK----|
    134 @ 43    501 @ 98
    145 @ 76   200 @ 101
    300 @ 91  5000 @ 110
    200 @ 93  5600 @ 119
    100 @ 95   453 @ 123
    154 @ 98   645 @ 144
          -    665 @ 167
|------------||-----------|

23:15:22.557 [main] INFO  c.gettingstarted.MyAlgoLogic - [MYALGO] Algo Sees Book as: 
|----BID-----||----ASK----|
    134 @ 43    501 @ 98
    145 @ 76   200 @ 101
    300 @ 91  5000 @ 110
    200 @ 93  5600 @ 119
    100 @ 95   453 @ 123
    154 @ 98   645 @ 144
          -    665 @ 167
|------------||-----------|

23:15:22.557 [main] INFO  c.gettingstarted.TimedLogic - [TIMEDLOGIC] Market is closed
23:15:22.557 [main] INFO  c.sequencer.consumer.LoggingConsumer - [175] 
|----BID-----|
    134 @ 43
    145 @ 76
    300 @ 91
    200 @ 93
    100 @ 95
    154 @ 98
|----ASK-----|
    501 @ 98
   200 @ 101
  5000 @ 110
  5600 @ 119
   453 @ 123
   645 @ 144
   665 @ 167

23:15:22.557 [main] INFO  c.orderbook.OrderBook - [ORDERBOOK] Processing Mkt Data Update
23:15:22.557 [main] INFO  c.o.v.MutatingRemoveAllMarketDataOrdersVisitor - [ORDERBOOK] Removing market data order:MktData(price=43,quantity=134)
23:15:22.557 [main] INFO  c.o.v.MutatingRemoveAllMarketDataOrdersVisitor - [ORDERBOOK] Removing level:43
23:15:22.557 [main] DEBUG c.orderbook.OrderBook - [ORDERBOOK] ASK: Adding orderMktData(price=43,quantity=134)
23:15:22.557 [main] DEBUG c.orderbook.OrderBook - [ORDERBOOK] ASK: Adding orderMktData(price=76,quantity=145)
23:15:22.557 [main] DEBUG c.orderbook.OrderBook - [ORDERBOOK] ASK: Adding orderMktData(price=91,quantity=300)
23:15:22.557 [main] DEBUG c.orderbook.OrderBook - [ORDERBOOK] ASK: Adding orderMktData(price=93,quantity=200)
23:15:22.557 [main] DEBUG c.orderbook.OrderBook - [ORDERBOOK] ASK: Adding orderMktData(price=95,quantity=100)
23:15:22.557 [main] DEBUG c.orderbook.OrderBook - [ORDERBOOK] ASK: Adding orderMktData(price=98,quantity=154)
23:15:22.557 [main] INFO  c.o.v.MutatingMatchOneMarketDataOrderVisitor - [ORDERBOOK] visiting LevelOrderBookLevel(price=43,quantity=134)
23:15:22.557 [main] INFO  c.o.v.MutatingMatchOneMarketDataOrderVisitor - [ORDERBOOK] Can't match order:MktData(price=43,quantity=134)(MktData(price=98,quantity=154))
23:15:22.557 [main] INFO  c.o.v.MutatingRemoveAllMarketDataOrdersVisitor - [ORDERBOOK] Removing market data order:MktData(price=98,quantity=501)
23:15:22.557 [main] INFO  c.o.v.MutatingRemoveAllMarketDataOrdersVisitor - [ORDERBOOK] Removing level:98
23:15:22.557 [main] INFO  c.o.v.MutatingRemoveAllMarketDataOrdersVisitor - [ORDERBOOK] Removing market data order:MktData(price=101,quantity=200)
23:15:22.558 [main] INFO  c.o.v.MutatingRemoveAllMarketDataOrdersVisitor - [ORDERBOOK] Removing level:101
23:15:22.558 [main] INFO  c.o.v.MutatingRemoveAllMarketDataOrdersVisitor - [ORDERBOOK] Removing market data order:MktData(price=110,quantity=5000)
23:15:22.558 [main] INFO  c.o.v.MutatingRemoveAllMarketDataOrdersVisitor - [ORDERBOOK] Removing level:110
23:15:22.558 [main] INFO  c.o.v.MutatingRemoveAllMarketDataOrdersVisitor - [ORDERBOOK] Removing market data order:MktData(price=119,quantity=5600)
23:15:22.558 [main] INFO  c.o.v.MutatingRemoveAllMarketDataOrdersVisitor - [ORDERBOOK] Removing level:119
23:15:22.558 [main] INFO  c.o.v.MutatingRemoveAllMarketDataOrdersVisitor - [ORDERBOOK] Removing market data order:MktData(price=123,quantity=453)
23:15:22.558 [main] INFO  c.o.v.MutatingRemoveAllMarketDataOrdersVisitor - [ORDERBOOK] Removing level:123
23:15:22.558 [main] INFO  c.o.v.MutatingRemoveAllMarketDataOrdersVisitor - [ORDERBOOK] Removing market data order:MktData(price=144,quantity=645)
23:15:22.558 [main] INFO  c.o.v.MutatingRemoveAllMarketDataOrdersVisitor - [ORDERBOOK] Removing level:144
23:15:22.558 [main] INFO  c.o.v.MutatingRemoveAllMarketDataOrdersVisitor - [ORDERBOOK] Removing market data order:MktData(price=167,quantity=665)
23:15:22.558 [main] INFO  c.o.v.MutatingRemoveAllMarketDataOrdersVisitor - [ORDERBOOK] Removing level:167
23:15:22.558 [main] DEBUG c.orderbook.OrderBook - [ORDERBOOK] ASK: Adding orderMktData(price=98,quantity=501)
23:15:22.558 [main] DEBUG c.orderbook.OrderBook - [ORDERBOOK] ASK: Adding orderMktData(price=101,quantity=200)
23:15:22.558 [main] DEBUG c.orderbook.OrderBook - [ORDERBOOK] ASK: Adding orderMktData(price=110,quantity=5000)
23:15:22.558 [main] DEBUG c.orderbook.OrderBook - [ORDERBOOK] ASK: Adding orderMktData(price=119,quantity=5600)
23:15:22.558 [main] DEBUG c.orderbook.OrderBook - [ORDERBOOK] ASK: Adding orderMktData(price=123,quantity=453)
23:15:22.558 [main] DEBUG c.orderbook.OrderBook - [ORDERBOOK] ASK: Adding orderMktData(price=144,quantity=645)
23:15:22.558 [main] DEBUG c.orderbook.OrderBook - [ORDERBOOK] ASK: Adding orderMktData(price=167,quantity=665)
23:15:22.558 [main] DEBUG c.service.MarketDataService - [ALGO] BID: price:43 quantity:134
23:15:22.558 [main] DEBUG c.service.MarketDataService - [ALGO] BID: price:76 quantity:145
23:15:22.558 [main] DEBUG c.service.MarketDataService - [ALGO] BID: price:91 quantity:300
23:15:22.558 [main] DEBUG c.service.MarketDataService - [ALGO] BID: price:93 quantity:200
23:15:22.558 [main] DEBUG c.service.MarketDataService - [ALGO] BID: price:95 quantity:100
23:15:22.558 [main] DEBUG c.service.MarketDataService - [ALGO] BID: price:98 quantity:154
23:15:22.558 [main] DEBUG c.service.MarketDataService - [ALGO] ASK: price:98 quantity:501
23:15:22.558 [main] DEBUG c.service.MarketDataService - [ALGO] ASK: price:101 quantity:200
23:15:22.558 [main] DEBUG c.service.MarketDataService - [ALGO] ASK: price:110 quantity:5000
23:15:22.558 [main] DEBUG c.service.MarketDataService - [ALGO] ASK: price:119 quantity:5600
23:15:22.558 [main] DEBUG c.service.MarketDataService - [ALGO] ASK: price:123 quantity:453
23:15:22.558 [main] DEBUG c.service.MarketDataService - [ALGO] ASK: price:144 quantity:645
23:15:22.558 [main] DEBUG c.service.MarketDataService - [ALGO] ASK: price:167 quantity:665
23:15:22.558 [main] INFO  c.gettingstarted.MyAlgoLogic - [MYALGO] The state of the order book is:
|----BID-----||----ASK----|
    134 @ 43    501 @ 98
    145 @ 76   200 @ 101
    300 @ 91  5000 @ 110
    200 @ 93  5600 @ 119
    100 @ 95   453 @ 123
    154 @ 98   645 @ 144
          -    665 @ 167
|------------||-----------|

23:15:22.558 [main] INFO  c.gettingstarted.MyAlgoLogic - [MYALGO] Algo Sees Book as: 
|----BID-----||----ASK----|
    134 @ 43    501 @ 98
    145 @ 76   200 @ 101
    300 @ 91  5000 @ 110
    200 @ 93  5600 @ 119
    100 @ 95   453 @ 123
    154 @ 98   645 @ 144
          -    665 @ 167
|------------||-----------|

23:15:22.558 [main] INFO  c.gettingstarted.TimedLogic - [TIMEDLOGIC] Market is closed
23:15:22.558 [main] INFO  c.sequencer.consumer.LoggingConsumer - [176] 
|----BID-----|
    134 @ 43
    145 @ 76
    300 @ 91
    200 @ 93
    100 @ 95
    154 @ 98
|----ASK-----|
    501 @ 98
   200 @ 101
  5000 @ 110
  5600 @ 119
   453 @ 123
   645 @ 144
   665 @ 167

23:15:22.558 [main] INFO  c.orderbook.OrderBook - [ORDERBOOK] Processing Mkt Data Update
23:15:22.558 [main] INFO  c.o.v.MutatingRemoveAllMarketDataOrdersVisitor - [ORDERBOOK] Removing market data order:MktData(price=43,quantity=134)
23:15:22.558 [main] INFO  c.o.v.MutatingRemoveAllMarketDataOrdersVisitor - [ORDERBOOK] Removing level:43
23:15:22.558 [main] DEBUG c.orderbook.OrderBook - [ORDERBOOK] ASK: Adding orderMktData(price=43,quantity=134)
23:15:22.561 [main] DEBUG c.orderbook.OrderBook - [ORDERBOOK] ASK: Adding orderMktData(price=76,quantity=145)
23:15:22.561 [main] DEBUG c.orderbook.OrderBook - [ORDERBOOK] ASK: Adding orderMktData(price=91,quantity=300)
23:15:22.561 [main] DEBUG c.orderbook.OrderBook - [ORDERBOOK] ASK: Adding orderMktData(price=93,quantity=200)
23:15:22.561 [main] DEBUG c.orderbook.OrderBook - [ORDERBOOK] ASK: Adding orderMktData(price=95,quantity=100)
23:15:22.561 [main] DEBUG c.orderbook.OrderBook - [ORDERBOOK] ASK: Adding orderMktData(price=98,quantity=154)
23:15:22.561 [main] INFO  c.o.v.MutatingMatchOneMarketDataOrderVisitor - [ORDERBOOK] visiting LevelOrderBookLevel(price=43,quantity=134)
23:15:22.561 [main] INFO  c.o.v.MutatingMatchOneMarketDataOrderVisitor - [ORDERBOOK] Can't match order:MktData(price=43,quantity=134)(MktData(price=98,quantity=154))
23:15:22.561 [main] INFO  c.o.v.MutatingRemoveAllMarketDataOrdersVisitor - [ORDERBOOK] Removing market data order:MktData(price=98,quantity=501)
23:15:22.561 [main] INFO  c.o.v.MutatingRemoveAllMarketDataOrdersVisitor - [ORDERBOOK] Removing level:98
23:15:22.561 [main] INFO  c.o.v.MutatingRemoveAllMarketDataOrdersVisitor - [ORDERBOOK] Removing market data order:MktData(price=101,quantity=200)
23:15:22.561 [main] INFO  c.o.v.MutatingRemoveAllMarketDataOrdersVisitor - [ORDERBOOK] Removing level:101
23:15:22.561 [main] INFO  c.o.v.MutatingRemoveAllMarketDataOrdersVisitor - [ORDERBOOK] Removing market data order:MktData(price=110,quantity=5000)
23:15:22.561 [main] INFO  c.o.v.MutatingRemoveAllMarketDataOrdersVisitor - [ORDERBOOK] Removing level:110
23:15:22.561 [main] INFO  c.o.v.MutatingRemoveAllMarketDataOrdersVisitor - [ORDERBOOK] Removing market data order:MktData(price=119,quantity=5600)
23:15:22.561 [main] INFO  c.o.v.MutatingRemoveAllMarketDataOrdersVisitor - [ORDERBOOK] Removing level:119
23:15:22.561 [main] INFO  c.o.v.MutatingRemoveAllMarketDataOrdersVisitor - [ORDERBOOK] Removing market data order:MktData(price=123,quantity=453)
23:15:22.561 [main] INFO  c.o.v.MutatingRemoveAllMarketDataOrdersVisitor - [ORDERBOOK] Removing level:123
23:15:22.561 [main] INFO  c.o.v.MutatingRemoveAllMarketDataOrdersVisitor - [ORDERBOOK] Removing market data order:MktData(price=144,quantity=645)
23:15:22.561 [main] INFO  c.o.v.MutatingRemoveAllMarketDataOrdersVisitor - [ORDERBOOK] Removing level:144
23:15:22.561 [main] INFO  c.o.v.MutatingRemoveAllMarketDataOrdersVisitor - [ORDERBOOK] Removing market data order:MktData(price=167,quantity=665)
23:15:22.561 [main] INFO  c.o.v.MutatingRemoveAllMarketDataOrdersVisitor - [ORDERBOOK] Removing level:167
23:15:22.561 [main] DEBUG c.orderbook.OrderBook - [ORDERBOOK] ASK: Adding orderMktData(price=98,quantity=501)
23:15:22.561 [main] DEBUG c.orderbook.OrderBook - [ORDERBOOK] ASK: Adding orderMktData(price=101,quantity=200)
23:15:22.561 [main] DEBUG c.orderbook.OrderBook - [ORDERBOOK] ASK: Adding orderMktData(price=110,quantity=5000)
23:15:22.561 [main] DEBUG c.orderbook.OrderBook - [ORDERBOOK] ASK: Adding orderMktData(price=119,quantity=5600)
23:15:22.561 [main] DEBUG c.orderbook.OrderBook - [ORDERBOOK] ASK: Adding orderMktData(price=123,quantity=453)
23:15:22.561 [main] DEBUG c.orderbook.OrderBook - [ORDERBOOK] ASK: Adding orderMktData(price=144,quantity=645)
23:15:22.561 [main] DEBUG c.orderbook.OrderBook - [ORDERBOOK] ASK: Adding orderMktData(price=167,quantity=665)
23:15:22.561 [main] DEBUG c.service.MarketDataService - [ALGO] BID: price:43 quantity:134
23:15:22.561 [main] DEBUG c.service.MarketDataService - [ALGO] BID: price:76 quantity:145
23:15:22.561 [main] DEBUG c.service.MarketDataService - [ALGO] BID: price:91 quantity:300
23:15:22.561 [main] DEBUG c.service.MarketDataService - [ALGO] BID: price:93 quantity:200
23:15:22.561 [main] DEBUG c.service.MarketDataService - [ALGO] BID: price:95 quantity:100
23:15:22.561 [main] DEBUG c.service.MarketDataService - [ALGO] BID: price:98 quantity:154
23:15:22.561 [main] DEBUG c.service.MarketDataService - [ALGO] ASK: price:98 quantity:501
23:15:22.561 [main] DEBUG c.service.MarketDataService - [ALGO] ASK: price:101 quantity:200
23:15:22.561 [main] DEBUG c.service.MarketDataService - [ALGO] ASK: price:110 quantity:5000
23:15:22.561 [main] DEBUG c.service.MarketDataService - [ALGO] ASK: price:119 quantity:5600
23:15:22.561 [main] DEBUG c.service.MarketDataService - [ALGO] ASK: price:123 quantity:453
23:15:22.561 [main] DEBUG c.service.MarketDataService - [ALGO] ASK: price:144 quantity:645
23:15:22.561 [main] DEBUG c.service.MarketDataService - [ALGO] ASK: price:167 quantity:665
23:15:22.561 [main] INFO  c.gettingstarted.MyAlgoLogic - [MYALGO] The state of the order book is:
|----BID-----||----ASK----|
    134 @ 43    501 @ 98
    145 @ 76   200 @ 101
    300 @ 91  5000 @ 110
    200 @ 93  5600 @ 119
    100 @ 95   453 @ 123
    154 @ 98   645 @ 144
          -    665 @ 167
|------------||-----------|

23:15:22.561 [main] INFO  c.gettingstarted.MyAlgoLogic - [MYALGO] Algo Sees Book as: 
|----BID-----||----ASK----|
    134 @ 43    501 @ 98
    145 @ 76   200 @ 101
    300 @ 91  5000 @ 110
    200 @ 93  5600 @ 119
    100 @ 95   453 @ 123
    154 @ 98   645 @ 144
          -    665 @ 167
|------------||-----------|

23:15:22.561 [main] INFO  c.gettingstarted.TimedLogic - [TIMEDLOGIC] Market is closed
23:15:22.561 [main] INFO  c.sequencer.consumer.LoggingConsumer - [177] 
|----BID-----|
    134 @ 43
    145 @ 76
    300 @ 91
    200 @ 93
    100 @ 95
    154 @ 98
|----ASK-----|
    501 @ 98
   200 @ 101
  5000 @ 110
  5600 @ 119
   453 @ 123
   645 @ 144
   665 @ 167

23:15:22.561 [main] INFO  c.orderbook.OrderBook - [ORDERBOOK] Processing Mkt Data Update
23:15:22.561 [main] INFO  c.o.v.MutatingRemoveAllMarketDataOrdersVisitor - [ORDERBOOK] Removing market data order:MktData(price=43,quantity=134)
23:15:22.561 [main] INFO  c.o.v.MutatingRemoveAllMarketDataOrdersVisitor - [ORDERBOOK] Removing level:43
23:15:22.561 [main] DEBUG c.orderbook.OrderBook - [ORDERBOOK] ASK: Adding orderMktData(price=43,quantity=134)
23:15:22.561 [main] DEBUG c.orderbook.OrderBook - [ORDERBOOK] ASK: Adding orderMktData(price=76,quantity=145)
23:15:22.562 [main] DEBUG c.orderbook.OrderBook - [ORDERBOOK] ASK: Adding orderMktData(price=91,quantity=300)
23:15:22.562 [main] DEBUG c.orderbook.OrderBook - [ORDERBOOK] ASK: Adding orderMktData(price=93,quantity=200)
23:15:22.562 [main] DEBUG c.orderbook.OrderBook - [ORDERBOOK] ASK: Adding orderMktData(price=95,quantity=100)
23:15:22.562 [main] DEBUG c.orderbook.OrderBook - [ORDERBOOK] ASK: Adding orderMktData(price=98,quantity=154)
23:15:22.562 [main] INFO  c.o.v.MutatingMatchOneMarketDataOrderVisitor - [ORDERBOOK] visiting LevelOrderBookLevel(price=43,quantity=134)
23:15:22.562 [main] INFO  c.o.v.MutatingMatchOneMarketDataOrderVisitor - [ORDERBOOK] Can't match order:MktData(price=43,quantity=134)(MktData(price=98,quantity=154))
23:15:22.562 [main] INFO  c.o.v.MutatingRemoveAllMarketDataOrdersVisitor - [ORDERBOOK] Removing market data order:MktData(price=98,quantity=501)
23:15:22.562 [main] INFO  c.o.v.MutatingRemoveAllMarketDataOrdersVisitor - [ORDERBOOK] Removing level:98
23:15:22.562 [main] INFO  c.o.v.MutatingRemoveAllMarketDataOrdersVisitor - [ORDERBOOK] Removing market data order:MktData(price=101,quantity=200)
23:15:22.562 [main] INFO  c.o.v.MutatingRemoveAllMarketDataOrdersVisitor - [ORDERBOOK] Removing level:101
23:15:22.562 [main] INFO  c.o.v.MutatingRemoveAllMarketDataOrdersVisitor - [ORDERBOOK] Removing market data order:MktData(price=110,quantity=5000)
23:15:22.562 [main] INFO  c.o.v.MutatingRemoveAllMarketDataOrdersVisitor - [ORDERBOOK] Removing level:110
23:15:22.562 [main] INFO  c.o.v.MutatingRemoveAllMarketDataOrdersVisitor - [ORDERBOOK] Removing market data order:MktData(price=119,quantity=5600)
23:15:22.562 [main] INFO  c.o.v.MutatingRemoveAllMarketDataOrdersVisitor - [ORDERBOOK] Removing level:119
23:15:22.562 [main] INFO  c.o.v.MutatingRemoveAllMarketDataOrdersVisitor - [ORDERBOOK] Removing market data order:MktData(price=123,quantity=453)
23:15:22.562 [main] INFO  c.o.v.MutatingRemoveAllMarketDataOrdersVisitor - [ORDERBOOK] Removing level:123
23:15:22.562 [main] INFO  c.o.v.MutatingRemoveAllMarketDataOrdersVisitor - [ORDERBOOK] Removing market data order:MktData(price=144,quantity=645)
23:15:22.562 [main] INFO  c.o.v.MutatingRemoveAllMarketDataOrdersVisitor - [ORDERBOOK] Removing level:144
23:15:22.562 [main] INFO  c.o.v.MutatingRemoveAllMarketDataOrdersVisitor - [ORDERBOOK] Removing market data order:MktData(price=167,quantity=665)
23:15:22.562 [main] INFO  c.o.v.MutatingRemoveAllMarketDataOrdersVisitor - [ORDERBOOK] Removing level:167
23:15:22.562 [main] DEBUG c.orderbook.OrderBook - [ORDERBOOK] ASK: Adding orderMktData(price=98,quantity=501)
23:15:22.562 [main] DEBUG c.orderbook.OrderBook - [ORDERBOOK] ASK: Adding orderMktData(price=101,quantity=200)
23:15:22.562 [main] DEBUG c.orderbook.OrderBook - [ORDERBOOK] ASK: Adding orderMktData(price=110,quantity=5000)
23:15:22.562 [main] DEBUG c.orderbook.OrderBook - [ORDERBOOK] ASK: Adding orderMktData(price=119,quantity=5600)
23:15:22.562 [main] DEBUG c.orderbook.OrderBook - [ORDERBOOK] ASK: Adding orderMktData(price=123,quantity=453)
23:15:22.562 [main] DEBUG c.orderbook.OrderBook - [ORDERBOOK] ASK: Adding orderMktData(price=144,quantity=645)
23:15:22.562 [main] DEBUG c.orderbook.OrderBook - [ORDERBOOK] ASK: Adding orderMktData(price=167,quantity=665)
23:15:22.562 [main] DEBUG c.service.MarketDataService - [ALGO] BID: price:43 quantity:134
23:15:22.562 [main] DEBUG c.service.MarketDataService - [ALGO] BID: price:76 quantity:145
23:15:22.562 [main] DEBUG c.service.MarketDataService - [ALGO] BID: price:91 quantity:300
23:15:22.562 [main] DEBUG c.service.MarketDataService - [ALGO] BID: price:93 quantity:200
23:15:22.562 [main] DEBUG c.service.MarketDataService - [ALGO] BID: price:95 quantity:100
23:15:22.562 [main] DEBUG c.service.MarketDataService - [ALGO] BID: price:98 quantity:154
23:15:22.562 [main] DEBUG c.service.MarketDataService - [ALGO] ASK: price:98 quantity:501
23:15:22.562 [main] DEBUG c.service.MarketDataService - [ALGO] ASK: price:101 quantity:200
23:15:22.562 [main] DEBUG c.service.MarketDataService - [ALGO] ASK: price:110 quantity:5000
23:15:22.562 [main] DEBUG c.service.MarketDataService - [ALGO] ASK: price:119 quantity:5600
23:15:22.562 [main] DEBUG c.service.MarketDataService - [ALGO] ASK: price:123 quantity:453
23:15:22.562 [main] DEBUG c.service.MarketDataService - [ALGO] ASK: price:144 quantity:645
23:15:22.562 [main] DEBUG c.service.MarketDataService - [ALGO] ASK: price:167 quantity:665
23:15:22.562 [main] INFO  c.gettingstarted.MyAlgoLogic - [MYALGO] The state of the order book is:
|----BID-----||----ASK----|
    134 @ 43    501 @ 98
    145 @ 76   200 @ 101
    300 @ 91  5000 @ 110
    200 @ 93  5600 @ 119
    100 @ 95   453 @ 123
    154 @ 98   645 @ 144
          -    665 @ 167
|------------||-----------|

23:15:22.562 [main] INFO  c.gettingstarted.MyAlgoLogic - [MYALGO] Algo Sees Book as: 
|----BID-----||----ASK----|
    134 @ 43    501 @ 98
    145 @ 76   200 @ 101
    300 @ 91  5000 @ 110
    200 @ 93  5600 @ 119
    100 @ 95   453 @ 123
    154 @ 98   645 @ 144
          -    665 @ 167
|------------||-----------|

23:15:22.562 [main] INFO  c.gettingstarted.TimedLogic - [TIMEDLOGIC] Market is closed
23:15:22.562 [main] INFO  c.sequencer.consumer.LoggingConsumer - [178] 
|----BID-----|
    134 @ 43
    145 @ 76
    300 @ 91
    200 @ 93
    100 @ 95
    154 @ 98
|----ASK-----|
    501 @ 98
   200 @ 101
  5000 @ 110
  5600 @ 119
   453 @ 123
   645 @ 144
   665 @ 167

23:15:22.562 [main] INFO  c.orderbook.OrderBook - [ORDERBOOK] Processing Mkt Data Update
23:15:22.562 [main] INFO  c.o.v.MutatingRemoveAllMarketDataOrdersVisitor - [ORDERBOOK] Removing market data order:MktData(price=43,quantity=134)
23:15:22.562 [main] INFO  c.o.v.MutatingRemoveAllMarketDataOrdersVisitor - [ORDERBOOK] Removing level:43
23:15:22.562 [main] DEBUG c.orderbook.OrderBook - [ORDERBOOK] ASK: Adding orderMktData(price=43,quantity=134)
23:15:22.562 [main] DEBUG c.orderbook.OrderBook - [ORDERBOOK] ASK: Adding orderMktData(price=76,quantity=145)
23:15:22.562 [main] DEBUG c.orderbook.OrderBook - [ORDERBOOK] ASK: Adding orderMktData(price=91,quantity=300)
23:15:22.562 [main] DEBUG c.orderbook.OrderBook - [ORDERBOOK] ASK: Adding orderMktData(price=93,quantity=200)
23:15:22.562 [main] DEBUG c.orderbook.OrderBook - [ORDERBOOK] ASK: Adding orderMktData(price=95,quantity=100)
23:15:22.562 [main] DEBUG c.orderbook.OrderBook - [ORDERBOOK] ASK: Adding orderMktData(price=98,quantity=154)
23:15:22.562 [main] INFO  c.o.v.MutatingMatchOneMarketDataOrderVisitor - [ORDERBOOK] visiting LevelOrderBookLevel(price=43,quantity=134)
23:15:22.562 [main] INFO  c.o.v.MutatingMatchOneMarketDataOrderVisitor - [ORDERBOOK] Can't match order:MktData(price=43,quantity=134)(MktData(price=98,quantity=154))
23:15:22.562 [main] INFO  c.o.v.MutatingRemoveAllMarketDataOrdersVisitor - [ORDERBOOK] Removing market data order:MktData(price=98,quantity=501)
23:15:22.562 [main] INFO  c.o.v.MutatingRemoveAllMarketDataOrdersVisitor - [ORDERBOOK] Removing level:98
23:15:22.562 [main] INFO  c.o.v.MutatingRemoveAllMarketDataOrdersVisitor - [ORDERBOOK] Removing market data order:MktData(price=101,quantity=200)
23:15:22.562 [main] INFO  c.o.v.MutatingRemoveAllMarketDataOrdersVisitor - [ORDERBOOK] Removing level:101
23:15:22.562 [main] INFO  c.o.v.MutatingRemoveAllMarketDataOrdersVisitor - [ORDERBOOK] Removing market data order:MktData(price=110,quantity=5000)
23:15:22.562 [main] INFO  c.o.v.MutatingRemoveAllMarketDataOrdersVisitor - [ORDERBOOK] Removing level:110
23:15:22.562 [main] INFO  c.o.v.MutatingRemoveAllMarketDataOrdersVisitor - [ORDERBOOK] Removing market data order:MktData(price=119,quantity=5600)
23:15:22.562 [main] INFO  c.o.v.MutatingRemoveAllMarketDataOrdersVisitor - [ORDERBOOK] Removing level:119
23:15:22.562 [main] INFO  c.o.v.MutatingRemoveAllMarketDataOrdersVisitor - [ORDERBOOK] Removing market data order:MktData(price=123,quantity=453)
23:15:22.562 [main] INFO  c.o.v.MutatingRemoveAllMarketDataOrdersVisitor - [ORDERBOOK] Removing level:123
23:15:22.562 [main] INFO  c.o.v.MutatingRemoveAllMarketDataOrdersVisitor - [ORDERBOOK] Removing market data order:MktData(price=144,quantity=645)
23:15:22.562 [main] INFO  c.o.v.MutatingRemoveAllMarketDataOrdersVisitor - [ORDERBOOK] Removing level:144
23:15:22.562 [main] INFO  c.o.v.MutatingRemoveAllMarketDataOrdersVisitor - [ORDERBOOK] Removing market data order:MktData(price=167,quantity=665)
23:15:22.562 [main] INFO  c.o.v.MutatingRemoveAllMarketDataOrdersVisitor - [ORDERBOOK] Removing level:167
23:15:22.562 [main] DEBUG c.orderbook.OrderBook - [ORDERBOOK] ASK: Adding orderMktData(price=98,quantity=501)
23:15:22.562 [main] DEBUG c.orderbook.OrderBook - [ORDERBOOK] ASK: Adding orderMktData(price=101,quantity=200)
23:15:22.562 [main] DEBUG c.orderbook.OrderBook - [ORDERBOOK] ASK: Adding orderMktData(price=110,quantity=5000)
23:15:22.562 [main] DEBUG c.orderbook.OrderBook - [ORDERBOOK] ASK: Adding orderMktData(price=119,quantity=5600)
23:15:22.562 [main] DEBUG c.orderbook.OrderBook - [ORDERBOOK] ASK: Adding orderMktData(price=123,quantity=453)
23:15:22.562 [main] DEBUG c.orderbook.OrderBook - [ORDERBOOK] ASK: Adding orderMktData(price=144,quantity=645)
23:15:22.562 [main] DEBUG c.orderbook.OrderBook - [ORDERBOOK] ASK: Adding orderMktData(price=167,quantity=665)
23:15:22.562 [main] DEBUG c.service.MarketDataService - [ALGO] BID: price:43 quantity:134
23:15:22.562 [main] DEBUG c.service.MarketDataService - [ALGO] BID: price:76 quantity:145
23:15:22.562 [main] DEBUG c.service.MarketDataService - [ALGO] BID: price:91 quantity:300
23:15:22.562 [main] DEBUG c.service.MarketDataService - [ALGO] BID: price:93 quantity:200
23:15:22.562 [main] DEBUG c.service.MarketDataService - [ALGO] BID: price:95 quantity:100
23:15:22.562 [main] DEBUG c.service.MarketDataService - [ALGO] BID: price:98 quantity:154
23:15:22.562 [main] DEBUG c.service.MarketDataService - [ALGO] ASK: price:98 quantity:501
23:15:22.562 [main] DEBUG c.service.MarketDataService - [ALGO] ASK: price:101 quantity:200
23:15:22.562 [main] DEBUG c.service.MarketDataService - [ALGO] ASK: price:110 quantity:5000
23:15:22.562 [main] DEBUG c.service.MarketDataService - [ALGO] ASK: price:119 quantity:5600
23:15:22.562 [main] DEBUG c.service.MarketDataService - [ALGO] ASK: price:123 quantity:453
23:15:22.562 [main] DEBUG c.service.MarketDataService - [ALGO] ASK: price:144 quantity:645
23:15:22.562 [main] DEBUG c.service.MarketDataService - [ALGO] ASK: price:167 quantity:665
23:15:22.562 [main] INFO  c.gettingstarted.MyAlgoLogic - [MYALGO] The state of the order book is:
|----BID-----||----ASK----|
    134 @ 43    501 @ 98
    145 @ 76   200 @ 101
    300 @ 91  5000 @ 110
    200 @ 93  5600 @ 119
    100 @ 95   453 @ 123
    154 @ 98   645 @ 144
          -    665 @ 167
|------------||-----------|

23:15:22.562 [main] INFO  c.gettingstarted.MyAlgoLogic - [MYALGO] Algo Sees Book as: 
|----BID-----||----ASK----|
    134 @ 43    501 @ 98
    145 @ 76   200 @ 101
    300 @ 91  5000 @ 110
    200 @ 93  5600 @ 119
    100 @ 95   453 @ 123
    154 @ 98   645 @ 144
          -    665 @ 167
|------------||-----------|

23:15:22.562 [main] INFO  c.gettingstarted.TimedLogic - [TIMEDLOGIC] Market is closed
23:15:22.563 [main] INFO  c.sequencer.consumer.LoggingConsumer - [179] 
|----BID-----|
    134 @ 43
    145 @ 76
    300 @ 91
    200 @ 93
    100 @ 95
    154 @ 98
|----ASK-----|
    501 @ 98
   200 @ 101
  5000 @ 110
  5600 @ 119
   453 @ 123
   645 @ 144
   665 @ 167

23:15:22.563 [main] INFO  c.orderbook.OrderBook - [ORDERBOOK] Processing Mkt Data Update
23:15:22.563 [main] INFO  c.o.v.MutatingRemoveAllMarketDataOrdersVisitor - [ORDERBOOK] Removing market data order:MktData(price=43,quantity=134)
23:15:22.563 [main] INFO  c.o.v.MutatingRemoveAllMarketDataOrdersVisitor - [ORDERBOOK] Removing level:43
23:15:22.563 [main] DEBUG c.orderbook.OrderBook - [ORDERBOOK] ASK: Adding orderMktData(price=43,quantity=134)
23:15:22.563 [main] DEBUG c.orderbook.OrderBook - [ORDERBOOK] ASK: Adding orderMktData(price=76,quantity=145)
23:15:22.563 [main] DEBUG c.orderbook.OrderBook - [ORDERBOOK] ASK: Adding orderMktData(price=91,quantity=300)
23:15:22.563 [main] DEBUG c.orderbook.OrderBook - [ORDERBOOK] ASK: Adding orderMktData(price=93,quantity=200)
23:15:22.563 [main] DEBUG c.orderbook.OrderBook - [ORDERBOOK] ASK: Adding orderMktData(price=95,quantity=100)
23:15:22.563 [main] DEBUG c.orderbook.OrderBook - [ORDERBOOK] ASK: Adding orderMktData(price=98,quantity=154)
23:15:22.563 [main] INFO  c.o.v.MutatingMatchOneMarketDataOrderVisitor - [ORDERBOOK] visiting LevelOrderBookLevel(price=43,quantity=134)
23:15:22.563 [main] INFO  c.o.v.MutatingMatchOneMarketDataOrderVisitor - [ORDERBOOK] Can't match order:MktData(price=43,quantity=134)(MktData(price=98,quantity=154))
23:15:22.563 [main] INFO  c.o.v.MutatingRemoveAllMarketDataOrdersVisitor - [ORDERBOOK] Removing market data order:MktData(price=98,quantity=501)
23:15:22.563 [main] INFO  c.o.v.MutatingRemoveAllMarketDataOrdersVisitor - [ORDERBOOK] Removing level:98
23:15:22.563 [main] INFO  c.o.v.MutatingRemoveAllMarketDataOrdersVisitor - [ORDERBOOK] Removing market data order:MktData(price=101,quantity=200)
23:15:22.563 [main] INFO  c.o.v.MutatingRemoveAllMarketDataOrdersVisitor - [ORDERBOOK] Removing level:101
23:15:22.563 [main] INFO  c.o.v.MutatingRemoveAllMarketDataOrdersVisitor - [ORDERBOOK] Removing market data order:MktData(price=110,quantity=5000)
23:15:22.563 [main] INFO  c.o.v.MutatingRemoveAllMarketDataOrdersVisitor - [ORDERBOOK] Removing level:110
23:15:22.563 [main] INFO  c.o.v.MutatingRemoveAllMarketDataOrdersVisitor - [ORDERBOOK] Removing market data order:MktData(price=119,quantity=5600)
23:15:22.563 [main] INFO  c.o.v.MutatingRemoveAllMarketDataOrdersVisitor - [ORDERBOOK] Removing level:119
23:15:22.563 [main] INFO  c.o.v.MutatingRemoveAllMarketDataOrdersVisitor - [ORDERBOOK] Removing market data order:MktData(price=123,quantity=453)
23:15:22.563 [main] INFO  c.o.v.MutatingRemoveAllMarketDataOrdersVisitor - [ORDERBOOK] Removing level:123
23:15:22.563 [main] INFO  c.o.v.MutatingRemoveAllMarketDataOrdersVisitor - [ORDERBOOK] Removing market data order:MktData(price=144,quantity=645)
23:15:22.563 [main] INFO  c.o.v.MutatingRemoveAllMarketDataOrdersVisitor - [ORDERBOOK] Removing level:144
23:15:22.563 [main] INFO  c.o.v.MutatingRemoveAllMarketDataOrdersVisitor - [ORDERBOOK] Removing market data order:MktData(price=167,quantity=665)
23:15:22.563 [main] INFO  c.o.v.MutatingRemoveAllMarketDataOrdersVisitor - [ORDERBOOK] Removing level:167
23:15:22.563 [main] DEBUG c.orderbook.OrderBook - [ORDERBOOK] ASK: Adding orderMktData(price=98,quantity=501)
23:15:22.563 [main] DEBUG c.orderbook.OrderBook - [ORDERBOOK] ASK: Adding orderMktData(price=101,quantity=200)
23:15:22.563 [main] DEBUG c.orderbook.OrderBook - [ORDERBOOK] ASK: Adding orderMktData(price=110,quantity=5000)
23:15:22.563 [main] DEBUG c.orderbook.OrderBook - [ORDERBOOK] ASK: Adding orderMktData(price=119,quantity=5600)
23:15:22.563 [main] DEBUG c.orderbook.OrderBook - [ORDERBOOK] ASK: Adding orderMktData(price=123,quantity=453)
23:15:22.563 [main] DEBUG c.orderbook.OrderBook - [ORDERBOOK] ASK: Adding orderMktData(price=144,quantity=645)
23:15:22.563 [main] DEBUG c.orderbook.OrderBook - [ORDERBOOK] ASK: Adding orderMktData(price=167,quantity=665)
23:15:22.563 [main] DEBUG c.service.MarketDataService - [ALGO] BID: price:43 quantity:134
23:15:22.563 [main] DEBUG c.service.MarketDataService - [ALGO] BID: price:76 quantity:145
23:15:22.563 [main] DEBUG c.service.MarketDataService - [ALGO] BID: price:91 quantity:300
23:15:22.563 [main] DEBUG c.service.MarketDataService - [ALGO] BID: price:93 quantity:200
23:15:22.563 [main] DEBUG c.service.MarketDataService - [ALGO] BID: price:95 quantity:100
23:15:22.563 [main] DEBUG c.service.MarketDataService - [ALGO] BID: price:98 quantity:154
23:15:22.563 [main] DEBUG c.service.MarketDataService - [ALGO] ASK: price:98 quantity:501
23:15:22.563 [main] DEBUG c.service.MarketDataService - [ALGO] ASK: price:101 quantity:200
23:15:22.563 [main] DEBUG c.service.MarketDataService - [ALGO] ASK: price:110 quantity:5000
23:15:22.563 [main] DEBUG c.service.MarketDataService - [ALGO] ASK: price:119 quantity:5600
23:15:22.563 [main] DEBUG c.service.MarketDataService - [ALGO] ASK: price:123 quantity:453
23:15:22.563 [main] DEBUG c.service.MarketDataService - [ALGO] ASK: price:144 quantity:645
23:15:22.563 [main] DEBUG c.service.MarketDataService - [ALGO] ASK: price:167 quantity:665
23:15:22.563 [main] INFO  c.gettingstarted.MyAlgoLogic - [MYALGO] The state of the order book is:
|----BID-----||----ASK----|
    134 @ 43    501 @ 98
    145 @ 76   200 @ 101
    300 @ 91  5000 @ 110
    200 @ 93  5600 @ 119
    100 @ 95   453 @ 123
    154 @ 98   645 @ 144
          -    665 @ 167
|------------||-----------|

23:15:22.563 [main] INFO  c.gettingstarted.MyAlgoLogic - [MYALGO] Algo Sees Book as: 
|----BID-----||----ASK----|
    134 @ 43    501 @ 98
    145 @ 76   200 @ 101
    300 @ 91  5000 @ 110
    200 @ 93  5600 @ 119
    100 @ 95   453 @ 123
    154 @ 98   645 @ 144
          -    665 @ 167
|------------||-----------|

23:15:22.563 [main] INFO  c.gettingstarted.TimedLogic - [TIMEDLOGIC] Market is closed
23:15:22.564 [main] INFO  c.sequencer.consumer.LoggingConsumer - [180] 
|----BID-----|
    134 @ 43
    145 @ 76
    300 @ 91
    200 @ 93
    100 @ 95
    154 @ 98
|----ASK-----|
    501 @ 98
   200 @ 101
  5000 @ 110
  5600 @ 119
   453 @ 123
   645 @ 144
   665 @ 167

23:15:22.564 [main] INFO  c.orderbook.OrderBook - [ORDERBOOK] Processing Mkt Data Update
23:15:22.564 [main] INFO  c.o.v.MutatingRemoveAllMarketDataOrdersVisitor - [ORDERBOOK] Removing market data order:MktData(price=43,quantity=134)
23:15:22.564 [main] INFO  c.o.v.MutatingRemoveAllMarketDataOrdersVisitor - [ORDERBOOK] Removing level:43
23:15:22.564 [main] DEBUG c.orderbook.OrderBook - [ORDERBOOK] ASK: Adding orderMktData(price=43,quantity=134)
23:15:22.564 [main] DEBUG c.orderbook.OrderBook - [ORDERBOOK] ASK: Adding orderMktData(price=76,quantity=145)
23:15:22.564 [main] DEBUG c.orderbook.OrderBook - [ORDERBOOK] ASK: Adding orderMktData(price=91,quantity=300)
23:15:22.564 [main] DEBUG c.orderbook.OrderBook - [ORDERBOOK] ASK: Adding orderMktData(price=93,quantity=200)
23:15:22.564 [main] DEBUG c.orderbook.OrderBook - [ORDERBOOK] ASK: Adding orderMktData(price=95,quantity=100)
23:15:22.564 [main] DEBUG c.orderbook.OrderBook - [ORDERBOOK] ASK: Adding orderMktData(price=98,quantity=154)
23:15:22.564 [main] INFO  c.o.v.MutatingMatchOneMarketDataOrderVisitor - [ORDERBOOK] visiting LevelOrderBookLevel(price=43,quantity=134)
23:15:22.564 [main] INFO  c.o.v.MutatingMatchOneMarketDataOrderVisitor - [ORDERBOOK] Can't match order:MktData(price=43,quantity=134)(MktData(price=98,quantity=154))
23:15:22.564 [main] INFO  c.o.v.MutatingRemoveAllMarketDataOrdersVisitor - [ORDERBOOK] Removing market data order:MktData(price=98,quantity=501)
23:15:22.564 [main] INFO  c.o.v.MutatingRemoveAllMarketDataOrdersVisitor - [ORDERBOOK] Removing level:98
23:15:22.564 [main] INFO  c.o.v.MutatingRemoveAllMarketDataOrdersVisitor - [ORDERBOOK] Removing market data order:MktData(price=101,quantity=200)
23:15:22.564 [main] INFO  c.o.v.MutatingRemoveAllMarketDataOrdersVisitor - [ORDERBOOK] Removing level:101
23:15:22.564 [main] INFO  c.o.v.MutatingRemoveAllMarketDataOrdersVisitor - [ORDERBOOK] Removing market data order:MktData(price=110,quantity=5000)
23:15:22.564 [main] INFO  c.o.v.MutatingRemoveAllMarketDataOrdersVisitor - [ORDERBOOK] Removing level:110
23:15:22.564 [main] INFO  c.o.v.MutatingRemoveAllMarketDataOrdersVisitor - [ORDERBOOK] Removing market data order:MktData(price=119,quantity=5600)
23:15:22.564 [main] INFO  c.o.v.MutatingRemoveAllMarketDataOrdersVisitor - [ORDERBOOK] Removing level:119
23:15:22.564 [main] INFO  c.o.v.MutatingRemoveAllMarketDataOrdersVisitor - [ORDERBOOK] Removing market data order:MktData(price=123,quantity=453)
23:15:22.564 [main] INFO  c.o.v.MutatingRemoveAllMarketDataOrdersVisitor - [ORDERBOOK] Removing level:123
23:15:22.564 [main] INFO  c.o.v.MutatingRemoveAllMarketDataOrdersVisitor - [ORDERBOOK] Removing market data order:MktData(price=144,quantity=645)
23:15:22.564 [main] INFO  c.o.v.MutatingRemoveAllMarketDataOrdersVisitor - [ORDERBOOK] Removing level:144
23:15:22.564 [main] INFO  c.o.v.MutatingRemoveAllMarketDataOrdersVisitor - [ORDERBOOK] Removing market data order:MktData(price=167,quantity=665)
23:15:22.564 [main] INFO  c.o.v.MutatingRemoveAllMarketDataOrdersVisitor - [ORDERBOOK] Removing level:167
23:15:22.564 [main] DEBUG c.orderbook.OrderBook - [ORDERBOOK] ASK: Adding orderMktData(price=98,quantity=501)
23:15:22.564 [main] DEBUG c.orderbook.OrderBook - [ORDERBOOK] ASK: Adding orderMktData(price=101,quantity=200)
23:15:22.564 [main] DEBUG c.orderbook.OrderBook - [ORDERBOOK] ASK: Adding orderMktData(price=110,quantity=5000)
23:15:22.564 [main] DEBUG c.orderbook.OrderBook - [ORDERBOOK] ASK: Adding orderMktData(price=119,quantity=5600)
23:15:22.564 [main] DEBUG c.orderbook.OrderBook - [ORDERBOOK] ASK: Adding orderMktData(price=123,quantity=453)
23:15:22.564 [main] DEBUG c.orderbook.OrderBook - [ORDERBOOK] ASK: Adding orderMktData(price=144,quantity=645)
23:15:22.564 [main] DEBUG c.orderbook.OrderBook - [ORDERBOOK] ASK: Adding orderMktData(price=167,quantity=665)
23:15:22.564 [main] DEBUG c.service.MarketDataService - [ALGO] BID: price:43 quantity:134
23:15:22.564 [main] DEBUG c.service.MarketDataService - [ALGO] BID: price:76 quantity:145
23:15:22.564 [main] DEBUG c.service.MarketDataService - [ALGO] BID: price:91 quantity:300
23:15:22.564 [main] DEBUG c.service.MarketDataService - [ALGO] BID: price:93 quantity:200
23:15:22.564 [main] DEBUG c.service.MarketDataService - [ALGO] BID: price:95 quantity:100
23:15:22.564 [main] DEBUG c.service.MarketDataService - [ALGO] BID: price:98 quantity:154
23:15:22.564 [main] DEBUG c.service.MarketDataService - [ALGO] ASK: price:98 quantity:501
23:15:22.564 [main] DEBUG c.service.MarketDataService - [ALGO] ASK: price:101 quantity:200
23:15:22.564 [main] DEBUG c.service.MarketDataService - [ALGO] ASK: price:110 quantity:5000
23:15:22.564 [main] DEBUG c.service.MarketDataService - [ALGO] ASK: price:119 quantity:5600
23:15:22.564 [main] DEBUG c.service.MarketDataService - [ALGO] ASK: price:123 quantity:453
23:15:22.564 [main] DEBUG c.service.MarketDataService - [ALGO] ASK: price:144 quantity:645
23:15:22.564 [main] DEBUG c.service.MarketDataService - [ALGO] ASK: price:167 quantity:665
23:15:22.564 [main] INFO  c.gettingstarted.MyAlgoLogic - [MYALGO] The state of the order book is:
|----BID-----||----ASK----|
    134 @ 43    501 @ 98
    145 @ 76   200 @ 101
    300 @ 91  5000 @ 110
    200 @ 93  5600 @ 119
    100 @ 95   453 @ 123
    154 @ 98   645 @ 144
          -    665 @ 167
|------------||-----------|

23:15:22.564 [main] INFO  c.gettingstarted.MyAlgoLogic - [MYALGO] Algo Sees Book as: 
|----BID-----||----ASK----|
    134 @ 43    501 @ 98
    145 @ 76   200 @ 101
    300 @ 91  5000 @ 110
    200 @ 93  5600 @ 119
    100 @ 95   453 @ 123
    154 @ 98   645 @ 144
          -    665 @ 167
|------------||-----------|

23:15:22.564 [main] INFO  c.gettingstarted.TimedLogic - [TIMEDLOGIC] Market is closed
23:15:22.564 [main] INFO  c.sequencer.consumer.LoggingConsumer - [181] 
|----BID-----|
    134 @ 43
    145 @ 76
    300 @ 91
    200 @ 93
    100 @ 95
    154 @ 98
|----ASK-----|
    501 @ 98
   200 @ 101
  5000 @ 110
  5600 @ 119
   453 @ 123
   645 @ 144
   665 @ 167

23:15:22.564 [main] INFO  c.orderbook.OrderBook - [ORDERBOOK] Processing Mkt Data Update
23:15:22.564 [main] INFO  c.o.v.MutatingRemoveAllMarketDataOrdersVisitor - [ORDERBOOK] Removing market data order:MktData(price=43,quantity=134)
23:15:22.564 [main] INFO  c.o.v.MutatingRemoveAllMarketDataOrdersVisitor - [ORDERBOOK] Removing level:43
23:15:22.564 [main] DEBUG c.orderbook.OrderBook - [ORDERBOOK] ASK: Adding orderMktData(price=43,quantity=134)
23:15:22.564 [main] DEBUG c.orderbook.OrderBook - [ORDERBOOK] ASK: Adding orderMktData(price=76,quantity=145)
23:15:22.564 [main] DEBUG c.orderbook.OrderBook - [ORDERBOOK] ASK: Adding orderMktData(price=91,quantity=300)
23:15:22.564 [main] DEBUG c.orderbook.OrderBook - [ORDERBOOK] ASK: Adding orderMktData(price=93,quantity=200)
23:15:22.564 [main] DEBUG c.orderbook.OrderBook - [ORDERBOOK] ASK: Adding orderMktData(price=95,quantity=100)
23:15:22.564 [main] DEBUG c.orderbook.OrderBook - [ORDERBOOK] ASK: Adding orderMktData(price=98,quantity=154)
23:15:22.564 [main] INFO  c.o.v.MutatingMatchOneMarketDataOrderVisitor - [ORDERBOOK] visiting LevelOrderBookLevel(price=43,quantity=134)
23:15:22.564 [main] INFO  c.o.v.MutatingMatchOneMarketDataOrderVisitor - [ORDERBOOK] Can't match order:MktData(price=43,quantity=134)(MktData(price=98,quantity=154))
23:15:22.564 [main] INFO  c.o.v.MutatingRemoveAllMarketDataOrdersVisitor - [ORDERBOOK] Removing market data order:MktData(price=98,quantity=501)
23:15:22.564 [main] INFO  c.o.v.MutatingRemoveAllMarketDataOrdersVisitor - [ORDERBOOK] Removing level:98
23:15:22.564 [main] INFO  c.o.v.MutatingRemoveAllMarketDataOrdersVisitor - [ORDERBOOK] Removing market data order:MktData(price=101,quantity=200)
23:15:22.564 [main] INFO  c.o.v.MutatingRemoveAllMarketDataOrdersVisitor - [ORDERBOOK] Removing level:101
23:15:22.564 [main] INFO  c.o.v.MutatingRemoveAllMarketDataOrdersVisitor - [ORDERBOOK] Removing market data order:MktData(price=110,quantity=5000)
23:15:22.564 [main] INFO  c.o.v.MutatingRemoveAllMarketDataOrdersVisitor - [ORDERBOOK] Removing level:110
23:15:22.564 [main] INFO  c.o.v.MutatingRemoveAllMarketDataOrdersVisitor - [ORDERBOOK] Removing market data order:MktData(price=119,quantity=5600)
23:15:22.564 [main] INFO  c.o.v.MutatingRemoveAllMarketDataOrdersVisitor - [ORDERBOOK] Removing level:119
23:15:22.564 [main] INFO  c.o.v.MutatingRemoveAllMarketDataOrdersVisitor - [ORDERBOOK] Removing market data order:MktData(price=123,quantity=453)
23:15:22.564 [main] INFO  c.o.v.MutatingRemoveAllMarketDataOrdersVisitor - [ORDERBOOK] Removing level:123
23:15:22.564 [main] INFO  c.o.v.MutatingRemoveAllMarketDataOrdersVisitor - [ORDERBOOK] Removing market data order:MktData(price=144,quantity=645)
23:15:22.564 [main] INFO  c.o.v.MutatingRemoveAllMarketDataOrdersVisitor - [ORDERBOOK] Removing level:144
23:15:22.564 [main] INFO  c.o.v.MutatingRemoveAllMarketDataOrdersVisitor - [ORDERBOOK] Removing market data order:MktData(price=167,quantity=665)
23:15:22.564 [main] INFO  c.o.v.MutatingRemoveAllMarketDataOrdersVisitor - [ORDERBOOK] Removing level:167
23:15:22.564 [main] DEBUG c.orderbook.OrderBook - [ORDERBOOK] ASK: Adding orderMktData(price=98,quantity=501)
23:15:22.564 [main] DEBUG c.orderbook.OrderBook - [ORDERBOOK] ASK: Adding orderMktData(price=101,quantity=200)
23:15:22.564 [main] DEBUG c.orderbook.OrderBook - [ORDERBOOK] ASK: Adding orderMktData(price=110,quantity=5000)
23:15:22.564 [main] DEBUG c.orderbook.OrderBook - [ORDERBOOK] ASK: Adding orderMktData(price=119,quantity=5600)
23:15:22.564 [main] DEBUG c.orderbook.OrderBook - [ORDERBOOK] ASK: Adding orderMktData(price=123,quantity=453)
23:15:22.564 [main] DEBUG c.orderbook.OrderBook - [ORDERBOOK] ASK: Adding orderMktData(price=144,quantity=645)
23:15:22.564 [main] DEBUG c.orderbook.OrderBook - [ORDERBOOK] ASK: Adding orderMktData(price=167,quantity=665)
23:15:22.564 [main] DEBUG c.service.MarketDataService - [ALGO] BID: price:43 quantity:134
23:15:22.564 [main] DEBUG c.service.MarketDataService - [ALGO] BID: price:76 quantity:145
23:15:22.564 [main] DEBUG c.service.MarketDataService - [ALGO] BID: price:91 quantity:300
23:15:22.564 [main] DEBUG c.service.MarketDataService - [ALGO] BID: price:93 quantity:200
23:15:22.564 [main] DEBUG c.service.MarketDataService - [ALGO] BID: price:95 quantity:100
23:15:22.564 [main] DEBUG c.service.MarketDataService - [ALGO] BID: price:98 quantity:154
23:15:22.564 [main] DEBUG c.service.MarketDataService - [ALGO] ASK: price:98 quantity:501
23:15:22.564 [main] DEBUG c.service.MarketDataService - [ALGO] ASK: price:101 quantity:200
23:15:22.564 [main] DEBUG c.service.MarketDataService - [ALGO] ASK: price:110 quantity:5000
23:15:22.564 [main] DEBUG c.service.MarketDataService - [ALGO] ASK: price:119 quantity:5600
23:15:22.564 [main] DEBUG c.service.MarketDataService - [ALGO] ASK: price:123 quantity:453
23:15:22.564 [main] DEBUG c.service.MarketDataService - [ALGO] ASK: price:144 quantity:645
23:15:22.564 [main] DEBUG c.service.MarketDataService - [ALGO] ASK: price:167 quantity:665
23:15:22.564 [main] INFO  c.gettingstarted.MyAlgoLogic - [MYALGO] The state of the order book is:
|----BID-----||----ASK----|
    134 @ 43    501 @ 98
    145 @ 76   200 @ 101
    300 @ 91  5000 @ 110
    200 @ 93  5600 @ 119
    100 @ 95   453 @ 123
    154 @ 98   645 @ 144
          -    665 @ 167
|------------||-----------|

23:15:22.564 [main] INFO  c.gettingstarted.MyAlgoLogic - [MYALGO] Algo Sees Book as: 
|----BID-----||----ASK----|
    134 @ 43    501 @ 98
    145 @ 76   200 @ 101
    300 @ 91  5000 @ 110
    200 @ 93  5600 @ 119
    100 @ 95   453 @ 123
    154 @ 98   645 @ 144
          -    665 @ 167
|------------||-----------|

23:15:22.564 [main] INFO  c.gettingstarted.TimedLogic - [TIMEDLOGIC] Market is closed
23:15:22.564 [main] INFO  c.sequencer.consumer.LoggingConsumer - [182] 
|----BID-----|
    134 @ 43
    145 @ 76
    300 @ 91
    200 @ 93
    100 @ 95
    154 @ 98
|----ASK-----|
    501 @ 98
   200 @ 101
  5000 @ 110
  5600 @ 119
   453 @ 123
   645 @ 144
   665 @ 167

23:15:22.564 [main] INFO  c.orderbook.OrderBook - [ORDERBOOK] Processing Mkt Data Update
23:15:22.564 [main] INFO  c.o.v.MutatingRemoveAllMarketDataOrdersVisitor - [ORDERBOOK] Removing market data order:MktData(price=43,quantity=134)
23:15:22.564 [main] INFO  c.o.v.MutatingRemoveAllMarketDataOrdersVisitor - [ORDERBOOK] Removing level:43
23:15:22.564 [main] DEBUG c.orderbook.OrderBook - [ORDERBOOK] ASK: Adding orderMktData(price=43,quantity=134)
23:15:22.564 [main] DEBUG c.orderbook.OrderBook - [ORDERBOOK] ASK: Adding orderMktData(price=76,quantity=145)
23:15:22.564 [main] DEBUG c.orderbook.OrderBook - [ORDERBOOK] ASK: Adding orderMktData(price=91,quantity=300)
23:15:22.564 [main] DEBUG c.orderbook.OrderBook - [ORDERBOOK] ASK: Adding orderMktData(price=93,quantity=200)
23:15:22.564 [main] DEBUG c.orderbook.OrderBook - [ORDERBOOK] ASK: Adding orderMktData(price=95,quantity=100)
23:15:22.564 [main] DEBUG c.orderbook.OrderBook - [ORDERBOOK] ASK: Adding orderMktData(price=98,quantity=154)
23:15:22.564 [main] INFO  c.o.v.MutatingMatchOneMarketDataOrderVisitor - [ORDERBOOK] visiting LevelOrderBookLevel(price=43,quantity=134)
23:15:22.564 [main] INFO  c.o.v.MutatingMatchOneMarketDataOrderVisitor - [ORDERBOOK] Can't match order:MktData(price=43,quantity=134)(MktData(price=98,quantity=154))
23:15:22.564 [main] INFO  c.o.v.MutatingRemoveAllMarketDataOrdersVisitor - [ORDERBOOK] Removing market data order:MktData(price=98,quantity=501)
23:15:22.564 [main] INFO  c.o.v.MutatingRemoveAllMarketDataOrdersVisitor - [ORDERBOOK] Removing level:98
23:15:22.564 [main] INFO  c.o.v.MutatingRemoveAllMarketDataOrdersVisitor - [ORDERBOOK] Removing market data order:MktData(price=101,quantity=200)
23:15:22.564 [main] INFO  c.o.v.MutatingRemoveAllMarketDataOrdersVisitor - [ORDERBOOK] Removing level:101
23:15:22.564 [main] INFO  c.o.v.MutatingRemoveAllMarketDataOrdersVisitor - [ORDERBOOK] Removing market data order:MktData(price=110,quantity=5000)
23:15:22.564 [main] INFO  c.o.v.MutatingRemoveAllMarketDataOrdersVisitor - [ORDERBOOK] Removing level:110
23:15:22.564 [main] INFO  c.o.v.MutatingRemoveAllMarketDataOrdersVisitor - [ORDERBOOK] Removing market data order:MktData(price=119,quantity=5600)
23:15:22.564 [main] INFO  c.o.v.MutatingRemoveAllMarketDataOrdersVisitor - [ORDERBOOK] Removing level:119
23:15:22.564 [main] INFO  c.o.v.MutatingRemoveAllMarketDataOrdersVisitor - [ORDERBOOK] Removing market data order:MktData(price=123,quantity=453)
23:15:22.564 [main] INFO  c.o.v.MutatingRemoveAllMarketDataOrdersVisitor - [ORDERBOOK] Removing level:123
23:15:22.564 [main] INFO  c.o.v.MutatingRemoveAllMarketDataOrdersVisitor - [ORDERBOOK] Removing market data order:MktData(price=144,quantity=645)
23:15:22.564 [main] INFO  c.o.v.MutatingRemoveAllMarketDataOrdersVisitor - [ORDERBOOK] Removing level:144
23:15:22.564 [main] INFO  c.o.v.MutatingRemoveAllMarketDataOrdersVisitor - [ORDERBOOK] Removing market data order:MktData(price=167,quantity=665)
23:15:22.564 [main] INFO  c.o.v.MutatingRemoveAllMarketDataOrdersVisitor - [ORDERBOOK] Removing level:167
23:15:22.564 [main] DEBUG c.orderbook.OrderBook - [ORDERBOOK] ASK: Adding orderMktData(price=98,quantity=501)
23:15:22.564 [main] DEBUG c.orderbook.OrderBook - [ORDERBOOK] ASK: Adding orderMktData(price=101,quantity=200)
23:15:22.564 [main] DEBUG c.orderbook.OrderBook - [ORDERBOOK] ASK: Adding orderMktData(price=110,quantity=5000)
23:15:22.564 [main] DEBUG c.orderbook.OrderBook - [ORDERBOOK] ASK: Adding orderMktData(price=119,quantity=5600)
23:15:22.564 [main] DEBUG c.orderbook.OrderBook - [ORDERBOOK] ASK: Adding orderMktData(price=123,quantity=453)
23:15:22.564 [main] DEBUG c.orderbook.OrderBook - [ORDERBOOK] ASK: Adding orderMktData(price=144,quantity=645)
23:15:22.564 [main] DEBUG c.orderbook.OrderBook - [ORDERBOOK] ASK: Adding orderMktData(price=167,quantity=665)
23:15:22.564 [main] DEBUG c.service.MarketDataService - [ALGO] BID: price:43 quantity:134
23:15:22.564 [main] DEBUG c.service.MarketDataService - [ALGO] BID: price:76 quantity:145
23:15:22.564 [main] DEBUG c.service.MarketDataService - [ALGO] BID: price:91 quantity:300
23:15:22.564 [main] DEBUG c.service.MarketDataService - [ALGO] BID: price:93 quantity:200
23:15:22.564 [main] DEBUG c.service.MarketDataService - [ALGO] BID: price:95 quantity:100
23:15:22.564 [main] DEBUG c.service.MarketDataService - [ALGO] BID: price:98 quantity:154
23:15:22.564 [main] DEBUG c.service.MarketDataService - [ALGO] ASK: price:98 quantity:501
23:15:22.564 [main] DEBUG c.service.MarketDataService - [ALGO] ASK: price:101 quantity:200
23:15:22.565 [main] DEBUG c.service.MarketDataService - [ALGO] ASK: price:110 quantity:5000
23:15:22.565 [main] DEBUG c.service.MarketDataService - [ALGO] ASK: price:119 quantity:5600
23:15:22.565 [main] DEBUG c.service.MarketDataService - [ALGO] ASK: price:123 quantity:453
23:15:22.565 [main] DEBUG c.service.MarketDataService - [ALGO] ASK: price:144 quantity:645
23:15:22.565 [main] DEBUG c.service.MarketDataService - [ALGO] ASK: price:167 quantity:665
23:15:22.565 [main] INFO  c.gettingstarted.MyAlgoLogic - [MYALGO] The state of the order book is:
|----BID-----||----ASK----|
    134 @ 43    501 @ 98
    145 @ 76   200 @ 101
    300 @ 91  5000 @ 110
    200 @ 93  5600 @ 119
    100 @ 95   453 @ 123
    154 @ 98   645 @ 144
          -    665 @ 167
|------------||-----------|

23:15:22.565 [main] INFO  c.gettingstarted.MyAlgoLogic - [MYALGO] Algo Sees Book as: 
|----BID-----||----ASK----|
    134 @ 43    501 @ 98
    145 @ 76   200 @ 101
    300 @ 91  5000 @ 110
    200 @ 93  5600 @ 119
    100 @ 95   453 @ 123
    154 @ 98   645 @ 144
          -    665 @ 167
|------------||-----------|

23:15:22.565 [main] INFO  c.gettingstarted.TimedLogic - [TIMEDLOGIC] Market is closed
23:15:22.565 [main] INFO  c.sequencer.consumer.LoggingConsumer - [183] 
|----BID-----|
    134 @ 43
    145 @ 76
    300 @ 91
    200 @ 93
    100 @ 95
    154 @ 98
|----ASK-----|
    501 @ 98
   200 @ 101
  5000 @ 110
  5600 @ 119
   453 @ 123
   645 @ 144
   665 @ 167

23:15:22.565 [main] INFO  c.orderbook.OrderBook - [ORDERBOOK] Processing Mkt Data Update
23:15:22.565 [main] INFO  c.o.v.MutatingRemoveAllMarketDataOrdersVisitor - [ORDERBOOK] Removing market data order:MktData(price=43,quantity=134)
23:15:22.565 [main] INFO  c.o.v.MutatingRemoveAllMarketDataOrdersVisitor - [ORDERBOOK] Removing level:43
23:15:22.565 [main] DEBUG c.orderbook.OrderBook - [ORDERBOOK] ASK: Adding orderMktData(price=43,quantity=134)
23:15:22.565 [main] DEBUG c.orderbook.OrderBook - [ORDERBOOK] ASK: Adding orderMktData(price=76,quantity=145)
23:15:22.565 [main] DEBUG c.orderbook.OrderBook - [ORDERBOOK] ASK: Adding orderMktData(price=91,quantity=300)
23:15:22.565 [main] DEBUG c.orderbook.OrderBook - [ORDERBOOK] ASK: Adding orderMktData(price=93,quantity=200)
23:15:22.565 [main] DEBUG c.orderbook.OrderBook - [ORDERBOOK] ASK: Adding orderMktData(price=95,quantity=100)
23:15:22.565 [main] DEBUG c.orderbook.OrderBook - [ORDERBOOK] ASK: Adding orderMktData(price=98,quantity=154)
23:15:22.565 [main] INFO  c.o.v.MutatingMatchOneMarketDataOrderVisitor - [ORDERBOOK] visiting LevelOrderBookLevel(price=43,quantity=134)
23:15:22.565 [main] INFO  c.o.v.MutatingMatchOneMarketDataOrderVisitor - [ORDERBOOK] Can't match order:MktData(price=43,quantity=134)(MktData(price=98,quantity=154))
23:15:22.565 [main] INFO  c.o.v.MutatingRemoveAllMarketDataOrdersVisitor - [ORDERBOOK] Removing market data order:MktData(price=98,quantity=501)
23:15:22.565 [main] INFO  c.o.v.MutatingRemoveAllMarketDataOrdersVisitor - [ORDERBOOK] Removing level:98
23:15:22.565 [main] INFO  c.o.v.MutatingRemoveAllMarketDataOrdersVisitor - [ORDERBOOK] Removing market data order:MktData(price=101,quantity=200)
23:15:22.565 [main] INFO  c.o.v.MutatingRemoveAllMarketDataOrdersVisitor - [ORDERBOOK] Removing level:101
23:15:22.565 [main] INFO  c.o.v.MutatingRemoveAllMarketDataOrdersVisitor - [ORDERBOOK] Removing market data order:MktData(price=110,quantity=5000)
23:15:22.565 [main] INFO  c.o.v.MutatingRemoveAllMarketDataOrdersVisitor - [ORDERBOOK] Removing level:110
23:15:22.565 [main] INFO  c.o.v.MutatingRemoveAllMarketDataOrdersVisitor - [ORDERBOOK] Removing market data order:MktData(price=119,quantity=5600)
23:15:22.565 [main] INFO  c.o.v.MutatingRemoveAllMarketDataOrdersVisitor - [ORDERBOOK] Removing level:119
23:15:22.565 [main] INFO  c.o.v.MutatingRemoveAllMarketDataOrdersVisitor - [ORDERBOOK] Removing market data order:MktData(price=123,quantity=453)
23:15:22.565 [main] INFO  c.o.v.MutatingRemoveAllMarketDataOrdersVisitor - [ORDERBOOK] Removing level:123
23:15:22.565 [main] INFO  c.o.v.MutatingRemoveAllMarketDataOrdersVisitor - [ORDERBOOK] Removing market data order:MktData(price=144,quantity=645)
23:15:22.565 [main] INFO  c.o.v.MutatingRemoveAllMarketDataOrdersVisitor - [ORDERBOOK] Removing level:144
23:15:22.565 [main] INFO  c.o.v.MutatingRemoveAllMarketDataOrdersVisitor - [ORDERBOOK] Removing market data order:MktData(price=167,quantity=665)
23:15:22.565 [main] INFO  c.o.v.MutatingRemoveAllMarketDataOrdersVisitor - [ORDERBOOK] Removing level:167
23:15:22.565 [main] DEBUG c.orderbook.OrderBook - [ORDERBOOK] ASK: Adding orderMktData(price=98,quantity=501)
23:15:22.565 [main] DEBUG c.orderbook.OrderBook - [ORDERBOOK] ASK: Adding orderMktData(price=101,quantity=200)
23:15:22.565 [main] DEBUG c.orderbook.OrderBook - [ORDERBOOK] ASK: Adding orderMktData(price=110,quantity=5000)
23:15:22.565 [main] DEBUG c.orderbook.OrderBook - [ORDERBOOK] ASK: Adding orderMktData(price=119,quantity=5600)
23:15:22.565 [main] DEBUG c.orderbook.OrderBook - [ORDERBOOK] ASK: Adding orderMktData(price=123,quantity=453)
23:15:22.565 [main] DEBUG c.orderbook.OrderBook - [ORDERBOOK] ASK: Adding orderMktData(price=144,quantity=645)
23:15:22.565 [main] DEBUG c.orderbook.OrderBook - [ORDERBOOK] ASK: Adding orderMktData(price=167,quantity=665)
23:15:22.565 [main] DEBUG c.service.MarketDataService - [ALGO] BID: price:43 quantity:134
23:15:22.565 [main] DEBUG c.service.MarketDataService - [ALGO] BID: price:76 quantity:145
23:15:22.565 [main] DEBUG c.service.MarketDataService - [ALGO] BID: price:91 quantity:300
23:15:22.565 [main] DEBUG c.service.MarketDataService - [ALGO] BID: price:93 quantity:200
23:15:22.565 [main] DEBUG c.service.MarketDataService - [ALGO] BID: price:95 quantity:100
23:15:22.565 [main] DEBUG c.service.MarketDataService - [ALGO] BID: price:98 quantity:154
23:15:22.565 [main] DEBUG c.service.MarketDataService - [ALGO] ASK: price:98 quantity:501
23:15:22.565 [main] DEBUG c.service.MarketDataService - [ALGO] ASK: price:101 quantity:200
23:15:22.565 [main] DEBUG c.service.MarketDataService - [ALGO] ASK: price:110 quantity:5000
23:15:22.565 [main] DEBUG c.service.MarketDataService - [ALGO] ASK: price:119 quantity:5600
23:15:22.565 [main] DEBUG c.service.MarketDataService - [ALGO] ASK: price:123 quantity:453
23:15:22.565 [main] DEBUG c.service.MarketDataService - [ALGO] ASK: price:144 quantity:645
23:15:22.565 [main] DEBUG c.service.MarketDataService - [ALGO] ASK: price:167 quantity:665
23:15:22.565 [main] INFO  c.gettingstarted.MyAlgoLogic - [MYALGO] The state of the order book is:
|----BID-----||----ASK----|
    134 @ 43    501 @ 98
    145 @ 76   200 @ 101
    300 @ 91  5000 @ 110
    200 @ 93  5600 @ 119
    100 @ 95   453 @ 123
    154 @ 98   645 @ 144
          -    665 @ 167
|------------||-----------|

23:15:22.565 [main] INFO  c.gettingstarted.MyAlgoLogic - [MYALGO] Algo Sees Book as: 
|----BID-----||----ASK----|
    134 @ 43    501 @ 98
    145 @ 76   200 @ 101
    300 @ 91  5000 @ 110
    200 @ 93  5600 @ 119
    100 @ 95   453 @ 123
    154 @ 98   645 @ 144
          -    665 @ 167
|------------||-----------|

23:15:22.565 [main] INFO  c.gettingstarted.TimedLogic - [TIMEDLOGIC] Market is closed
23:15:22.565 [main] INFO  c.sequencer.consumer.LoggingConsumer - [184] 
|----BID-----|
    134 @ 43
    145 @ 76
    300 @ 91
    200 @ 93
    100 @ 95
    154 @ 98
|----ASK-----|
    501 @ 98
   200 @ 101
  5000 @ 110
  5600 @ 119
   453 @ 123
   645 @ 144
   665 @ 167

23:15:22.565 [main] INFO  c.orderbook.OrderBook - [ORDERBOOK] Processing Mkt Data Update
23:15:22.565 [main] INFO  c.o.v.MutatingRemoveAllMarketDataOrdersVisitor - [ORDERBOOK] Removing market data order:MktData(price=43,quantity=134)
23:15:22.565 [main] INFO  c.o.v.MutatingRemoveAllMarketDataOrdersVisitor - [ORDERBOOK] Removing level:43
23:15:22.565 [main] DEBUG c.orderbook.OrderBook - [ORDERBOOK] ASK: Adding orderMktData(price=43,quantity=134)
23:15:22.565 [main] DEBUG c.orderbook.OrderBook - [ORDERBOOK] ASK: Adding orderMktData(price=76,quantity=145)
23:15:22.565 [main] DEBUG c.orderbook.OrderBook - [ORDERBOOK] ASK: Adding orderMktData(price=91,quantity=300)
23:15:22.565 [main] DEBUG c.orderbook.OrderBook - [ORDERBOOK] ASK: Adding orderMktData(price=93,quantity=200)
23:15:22.565 [main] DEBUG c.orderbook.OrderBook - [ORDERBOOK] ASK: Adding orderMktData(price=95,quantity=100)
23:15:22.565 [main] DEBUG c.orderbook.OrderBook - [ORDERBOOK] ASK: Adding orderMktData(price=98,quantity=154)
23:15:22.565 [main] INFO  c.o.v.MutatingMatchOneMarketDataOrderVisitor - [ORDERBOOK] visiting LevelOrderBookLevel(price=43,quantity=134)
23:15:22.565 [main] INFO  c.o.v.MutatingMatchOneMarketDataOrderVisitor - [ORDERBOOK] Can't match order:MktData(price=43,quantity=134)(MktData(price=98,quantity=154))
23:15:22.565 [main] INFO  c.o.v.MutatingRemoveAllMarketDataOrdersVisitor - [ORDERBOOK] Removing market data order:MktData(price=98,quantity=501)
23:15:22.565 [main] INFO  c.o.v.MutatingRemoveAllMarketDataOrdersVisitor - [ORDERBOOK] Removing level:98
23:15:22.565 [main] INFO  c.o.v.MutatingRemoveAllMarketDataOrdersVisitor - [ORDERBOOK] Removing market data order:MktData(price=101,quantity=200)
23:15:22.565 [main] INFO  c.o.v.MutatingRemoveAllMarketDataOrdersVisitor - [ORDERBOOK] Removing level:101
23:15:22.565 [main] INFO  c.o.v.MutatingRemoveAllMarketDataOrdersVisitor - [ORDERBOOK] Removing market data order:MktData(price=110,quantity=5000)
23:15:22.565 [main] INFO  c.o.v.MutatingRemoveAllMarketDataOrdersVisitor - [ORDERBOOK] Removing level:110
23:15:22.565 [main] INFO  c.o.v.MutatingRemoveAllMarketDataOrdersVisitor - [ORDERBOOK] Removing market data order:MktData(price=119,quantity=5600)
23:15:22.565 [main] INFO  c.o.v.MutatingRemoveAllMarketDataOrdersVisitor - [ORDERBOOK] Removing level:119
23:15:22.565 [main] INFO  c.o.v.MutatingRemoveAllMarketDataOrdersVisitor - [ORDERBOOK] Removing market data order:MktData(price=123,quantity=453)
23:15:22.565 [main] INFO  c.o.v.MutatingRemoveAllMarketDataOrdersVisitor - [ORDERBOOK] Removing level:123
23:15:22.565 [main] INFO  c.o.v.MutatingRemoveAllMarketDataOrdersVisitor - [ORDERBOOK] Removing market data order:MktData(price=144,quantity=645)
23:15:22.565 [main] INFO  c.o.v.MutatingRemoveAllMarketDataOrdersVisitor - [ORDERBOOK] Removing level:144
23:15:22.565 [main] INFO  c.o.v.MutatingRemoveAllMarketDataOrdersVisitor - [ORDERBOOK] Removing market data order:MktData(price=167,quantity=665)
23:15:22.565 [main] INFO  c.o.v.MutatingRemoveAllMarketDataOrdersVisitor - [ORDERBOOK] Removing level:167
23:15:22.565 [main] DEBUG c.orderbook.OrderBook - [ORDERBOOK] ASK: Adding orderMktData(price=98,quantity=501)
23:15:22.565 [main] DEBUG c.orderbook.OrderBook - [ORDERBOOK] ASK: Adding orderMktData(price=101,quantity=200)
23:15:22.565 [main] DEBUG c.orderbook.OrderBook - [ORDERBOOK] ASK: Adding orderMktData(price=110,quantity=5000)
23:15:22.565 [main] DEBUG c.orderbook.OrderBook - [ORDERBOOK] ASK: Adding orderMktData(price=119,quantity=5600)
23:15:22.565 [main] DEBUG c.orderbook.OrderBook - [ORDERBOOK] ASK: Adding orderMktData(price=123,quantity=453)
23:15:22.565 [main] DEBUG c.orderbook.OrderBook - [ORDERBOOK] ASK: Adding orderMktData(price=144,quantity=645)
23:15:22.565 [main] DEBUG c.orderbook.OrderBook - [ORDERBOOK] ASK: Adding orderMktData(price=167,quantity=665)
23:15:22.565 [main] DEBUG c.service.MarketDataService - [ALGO] BID: price:43 quantity:134
23:15:22.565 [main] DEBUG c.service.MarketDataService - [ALGO] BID: price:76 quantity:145
23:15:22.565 [main] DEBUG c.service.MarketDataService - [ALGO] BID: price:91 quantity:300
23:15:22.565 [main] DEBUG c.service.MarketDataService - [ALGO] BID: price:93 quantity:200
23:15:22.566 [main] DEBUG c.service.MarketDataService - [ALGO] BID: price:95 quantity:100
23:15:22.566 [main] DEBUG c.service.MarketDataService - [ALGO] BID: price:98 quantity:154
23:15:22.566 [main] DEBUG c.service.MarketDataService - [ALGO] ASK: price:98 quantity:501
23:15:22.566 [main] DEBUG c.service.MarketDataService - [ALGO] ASK: price:101 quantity:200
23:15:22.566 [main] DEBUG c.service.MarketDataService - [ALGO] ASK: price:110 quantity:5000
23:15:22.566 [main] DEBUG c.service.MarketDataService - [ALGO] ASK: price:119 quantity:5600
23:15:22.566 [main] DEBUG c.service.MarketDataService - [ALGO] ASK: price:123 quantity:453
23:15:22.566 [main] DEBUG c.service.MarketDataService - [ALGO] ASK: price:144 quantity:645
23:15:22.566 [main] DEBUG c.service.MarketDataService - [ALGO] ASK: price:167 quantity:665
23:15:22.566 [main] INFO  c.gettingstarted.MyAlgoLogic - [MYALGO] The state of the order book is:
|----BID-----||----ASK----|
    134 @ 43    501 @ 98
    145 @ 76   200 @ 101
    300 @ 91  5000 @ 110
    200 @ 93  5600 @ 119
    100 @ 95   453 @ 123
    154 @ 98   645 @ 144
          -    665 @ 167
|------------||-----------|

23:15:22.566 [main] INFO  c.gettingstarted.MyAlgoLogic - [MYALGO] Algo Sees Book as: 
|----BID-----||----ASK----|
    134 @ 43    501 @ 98
    145 @ 76   200 @ 101
    300 @ 91  5000 @ 110
    200 @ 93  5600 @ 119
    100 @ 95   453 @ 123
    154 @ 98   645 @ 144
          -    665 @ 167
|------------||-----------|

23:15:22.566 [main] INFO  c.gettingstarted.TimedLogic - [TIMEDLOGIC] Market is closed
23:15:22.566 [main] INFO  c.sequencer.consumer.LoggingConsumer - [185] 
|----BID-----|
    134 @ 43
    145 @ 76
    300 @ 91
    200 @ 93
    100 @ 95
    154 @ 98
|----ASK-----|
    501 @ 98
   200 @ 101
  5000 @ 110
  5600 @ 119
   453 @ 123
   645 @ 144
   665 @ 167

23:15:22.566 [main] INFO  c.orderbook.OrderBook - [ORDERBOOK] Processing Mkt Data Update
23:15:22.566 [main] INFO  c.o.v.MutatingRemoveAllMarketDataOrdersVisitor - [ORDERBOOK] Removing market data order:MktData(price=43,quantity=134)
23:15:22.566 [main] INFO  c.o.v.MutatingRemoveAllMarketDataOrdersVisitor - [ORDERBOOK] Removing level:43
23:15:22.566 [main] DEBUG c.orderbook.OrderBook - [ORDERBOOK] ASK: Adding orderMktData(price=43,quantity=134)
23:15:22.566 [main] DEBUG c.orderbook.OrderBook - [ORDERBOOK] ASK: Adding orderMktData(price=76,quantity=145)
23:15:22.566 [main] DEBUG c.orderbook.OrderBook - [ORDERBOOK] ASK: Adding orderMktData(price=91,quantity=300)
23:15:22.566 [main] DEBUG c.orderbook.OrderBook - [ORDERBOOK] ASK: Adding orderMktData(price=93,quantity=200)
23:15:22.566 [main] DEBUG c.orderbook.OrderBook - [ORDERBOOK] ASK: Adding orderMktData(price=95,quantity=100)
23:15:22.566 [main] DEBUG c.orderbook.OrderBook - [ORDERBOOK] ASK: Adding orderMktData(price=98,quantity=154)
23:15:22.566 [main] INFO  c.o.v.MutatingMatchOneMarketDataOrderVisitor - [ORDERBOOK] visiting LevelOrderBookLevel(price=43,quantity=134)
23:15:22.566 [main] INFO  c.o.v.MutatingMatchOneMarketDataOrderVisitor - [ORDERBOOK] Can't match order:MktData(price=43,quantity=134)(MktData(price=98,quantity=154))
23:15:22.566 [main] INFO  c.o.v.MutatingRemoveAllMarketDataOrdersVisitor - [ORDERBOOK] Removing market data order:MktData(price=98,quantity=501)
23:15:22.566 [main] INFO  c.o.v.MutatingRemoveAllMarketDataOrdersVisitor - [ORDERBOOK] Removing level:98
23:15:22.566 [main] INFO  c.o.v.MutatingRemoveAllMarketDataOrdersVisitor - [ORDERBOOK] Removing market data order:MktData(price=101,quantity=200)
23:15:22.566 [main] INFO  c.o.v.MutatingRemoveAllMarketDataOrdersVisitor - [ORDERBOOK] Removing level:101
23:15:22.566 [main] INFO  c.o.v.MutatingRemoveAllMarketDataOrdersVisitor - [ORDERBOOK] Removing market data order:MktData(price=110,quantity=5000)
23:15:22.566 [main] INFO  c.o.v.MutatingRemoveAllMarketDataOrdersVisitor - [ORDERBOOK] Removing level:110
23:15:22.566 [main] INFO  c.o.v.MutatingRemoveAllMarketDataOrdersVisitor - [ORDERBOOK] Removing market data order:MktData(price=119,quantity=5600)
23:15:22.566 [main] INFO  c.o.v.MutatingRemoveAllMarketDataOrdersVisitor - [ORDERBOOK] Removing level:119
23:15:22.566 [main] INFO  c.o.v.MutatingRemoveAllMarketDataOrdersVisitor - [ORDERBOOK] Removing market data order:MktData(price=123,quantity=453)
23:15:22.566 [main] INFO  c.o.v.MutatingRemoveAllMarketDataOrdersVisitor - [ORDERBOOK] Removing level:123
23:15:22.566 [main] INFO  c.o.v.MutatingRemoveAllMarketDataOrdersVisitor - [ORDERBOOK] Removing market data order:MktData(price=144,quantity=645)
23:15:22.566 [main] INFO  c.o.v.MutatingRemoveAllMarketDataOrdersVisitor - [ORDERBOOK] Removing level:144
23:15:22.566 [main] INFO  c.o.v.MutatingRemoveAllMarketDataOrdersVisitor - [ORDERBOOK] Removing market data order:MktData(price=167,quantity=665)
23:15:22.566 [main] INFO  c.o.v.MutatingRemoveAllMarketDataOrdersVisitor - [ORDERBOOK] Removing level:167
23:15:22.566 [main] DEBUG c.orderbook.OrderBook - [ORDERBOOK] ASK: Adding orderMktData(price=98,quantity=501)
23:15:22.566 [main] DEBUG c.orderbook.OrderBook - [ORDERBOOK] ASK: Adding orderMktData(price=101,quantity=200)
23:15:22.566 [main] DEBUG c.orderbook.OrderBook - [ORDERBOOK] ASK: Adding orderMktData(price=110,quantity=5000)
23:15:22.566 [main] DEBUG c.orderbook.OrderBook - [ORDERBOOK] ASK: Adding orderMktData(price=119,quantity=5600)
23:15:22.566 [main] DEBUG c.orderbook.OrderBook - [ORDERBOOK] ASK: Adding orderMktData(price=123,quantity=453)
23:15:22.566 [main] DEBUG c.orderbook.OrderBook - [ORDERBOOK] ASK: Adding orderMktData(price=144,quantity=645)
23:15:22.566 [main] DEBUG c.orderbook.OrderBook - [ORDERBOOK] ASK: Adding orderMktData(price=167,quantity=665)
23:15:22.566 [main] DEBUG c.service.MarketDataService - [ALGO] BID: price:43 quantity:134
23:15:22.566 [main] DEBUG c.service.MarketDataService - [ALGO] BID: price:76 quantity:145
23:15:22.566 [main] DEBUG c.service.MarketDataService - [ALGO] BID: price:91 quantity:300
23:15:22.566 [main] DEBUG c.service.MarketDataService - [ALGO] BID: price:93 quantity:200
23:15:22.566 [main] DEBUG c.service.MarketDataService - [ALGO] BID: price:95 quantity:100
23:15:22.566 [main] DEBUG c.service.MarketDataService - [ALGO] BID: price:98 quantity:154
23:15:22.566 [main] DEBUG c.service.MarketDataService - [ALGO] ASK: price:98 quantity:501
23:15:22.566 [main] DEBUG c.service.MarketDataService - [ALGO] ASK: price:101 quantity:200
23:15:22.566 [main] DEBUG c.service.MarketDataService - [ALGO] ASK: price:110 quantity:5000
23:15:22.566 [main] DEBUG c.service.MarketDataService - [ALGO] ASK: price:119 quantity:5600
23:15:22.566 [main] DEBUG c.service.MarketDataService - [ALGO] ASK: price:123 quantity:453
23:15:22.566 [main] DEBUG c.service.MarketDataService - [ALGO] ASK: price:144 quantity:645
23:15:22.566 [main] DEBUG c.service.MarketDataService - [ALGO] ASK: price:167 quantity:665
23:15:22.566 [main] INFO  c.gettingstarted.MyAlgoLogic - [MYALGO] The state of the order book is:
|----BID-----||----ASK----|
    134 @ 43    501 @ 98
    145 @ 76   200 @ 101
    300 @ 91  5000 @ 110
    200 @ 93  5600 @ 119
    100 @ 95   453 @ 123
    154 @ 98   645 @ 144
          -    665 @ 167
|------------||-----------|

23:15:22.566 [main] INFO  c.gettingstarted.MyAlgoLogic - [MYALGO] Algo Sees Book as: 
|----BID-----||----ASK----|
    134 @ 43    501 @ 98
    145 @ 76   200 @ 101
    300 @ 91  5000 @ 110
    200 @ 93  5600 @ 119
    100 @ 95   453 @ 123
    154 @ 98   645 @ 144
          -    665 @ 167
|------------||-----------|

23:15:22.567 [main] INFO  c.gettingstarted.TimedLogic - [TIMEDLOGIC] Market is closed
23:15:22.567 [main] INFO  c.sequencer.consumer.LoggingConsumer - [186] 
|----BID-----|
    134 @ 43
    145 @ 76
    300 @ 91
    200 @ 93
    100 @ 95
    154 @ 98
|----ASK-----|
    501 @ 98
   200 @ 101
  5000 @ 110
  5600 @ 119
   453 @ 123
   645 @ 144
   665 @ 167

23:15:22.567 [main] INFO  c.orderbook.OrderBook - [ORDERBOOK] Processing Mkt Data Update
23:15:22.567 [main] INFO  c.o.v.MutatingRemoveAllMarketDataOrdersVisitor - [ORDERBOOK] Removing market data order:MktData(price=43,quantity=134)
23:15:22.567 [main] INFO  c.o.v.MutatingRemoveAllMarketDataOrdersVisitor - [ORDERBOOK] Removing level:43
23:15:22.567 [main] DEBUG c.orderbook.OrderBook - [ORDERBOOK] ASK: Adding orderMktData(price=43,quantity=134)
23:15:22.567 [main] DEBUG c.orderbook.OrderBook - [ORDERBOOK] ASK: Adding orderMktData(price=76,quantity=145)
23:15:22.567 [main] DEBUG c.orderbook.OrderBook - [ORDERBOOK] ASK: Adding orderMktData(price=91,quantity=300)
23:15:22.567 [main] DEBUG c.orderbook.OrderBook - [ORDERBOOK] ASK: Adding orderMktData(price=93,quantity=200)
23:15:22.567 [main] DEBUG c.orderbook.OrderBook - [ORDERBOOK] ASK: Adding orderMktData(price=95,quantity=100)
23:15:22.567 [main] DEBUG c.orderbook.OrderBook - [ORDERBOOK] ASK: Adding orderMktData(price=98,quantity=154)
23:15:22.567 [main] INFO  c.o.v.MutatingMatchOneMarketDataOrderVisitor - [ORDERBOOK] visiting LevelOrderBookLevel(price=43,quantity=134)
23:15:22.567 [main] INFO  c.o.v.MutatingMatchOneMarketDataOrderVisitor - [ORDERBOOK] Can't match order:MktData(price=43,quantity=134)(MktData(price=98,quantity=154))
23:15:22.567 [main] INFO  c.o.v.MutatingRemoveAllMarketDataOrdersVisitor - [ORDERBOOK] Removing market data order:MktData(price=98,quantity=501)
23:15:22.567 [main] INFO  c.o.v.MutatingRemoveAllMarketDataOrdersVisitor - [ORDERBOOK] Removing level:98
23:15:22.567 [main] INFO  c.o.v.MutatingRemoveAllMarketDataOrdersVisitor - [ORDERBOOK] Removing market data order:MktData(price=101,quantity=200)
23:15:22.567 [main] INFO  c.o.v.MutatingRemoveAllMarketDataOrdersVisitor - [ORDERBOOK] Removing level:101
23:15:22.567 [main] INFO  c.o.v.MutatingRemoveAllMarketDataOrdersVisitor - [ORDERBOOK] Removing market data order:MktData(price=110,quantity=5000)
23:15:22.567 [main] INFO  c.o.v.MutatingRemoveAllMarketDataOrdersVisitor - [ORDERBOOK] Removing level:110
23:15:22.567 [main] INFO  c.o.v.MutatingRemoveAllMarketDataOrdersVisitor - [ORDERBOOK] Removing market data order:MktData(price=119,quantity=5600)
23:15:22.567 [main] INFO  c.o.v.MutatingRemoveAllMarketDataOrdersVisitor - [ORDERBOOK] Removing level:119
23:15:22.567 [main] INFO  c.o.v.MutatingRemoveAllMarketDataOrdersVisitor - [ORDERBOOK] Removing market data order:MktData(price=123,quantity=453)
23:15:22.567 [main] INFO  c.o.v.MutatingRemoveAllMarketDataOrdersVisitor - [ORDERBOOK] Removing level:123
23:15:22.567 [main] INFO  c.o.v.MutatingRemoveAllMarketDataOrdersVisitor - [ORDERBOOK] Removing market data order:MktData(price=144,quantity=645)
23:15:22.567 [main] INFO  c.o.v.MutatingRemoveAllMarketDataOrdersVisitor - [ORDERBOOK] Removing level:144
23:15:22.567 [main] INFO  c.o.v.MutatingRemoveAllMarketDataOrdersVisitor - [ORDERBOOK] Removing market data order:MktData(price=167,quantity=665)
23:15:22.567 [main] INFO  c.o.v.MutatingRemoveAllMarketDataOrdersVisitor - [ORDERBOOK] Removing level:167
23:15:22.567 [main] DEBUG c.orderbook.OrderBook - [ORDERBOOK] ASK: Adding orderMktData(price=98,quantity=501)
23:15:22.567 [main] DEBUG c.orderbook.OrderBook - [ORDERBOOK] ASK: Adding orderMktData(price=101,quantity=200)
23:15:22.567 [main] DEBUG c.orderbook.OrderBook - [ORDERBOOK] ASK: Adding orderMktData(price=110,quantity=5000)
23:15:22.567 [main] DEBUG c.orderbook.OrderBook - [ORDERBOOK] ASK: Adding orderMktData(price=119,quantity=5600)
23:15:22.567 [main] DEBUG c.orderbook.OrderBook - [ORDERBOOK] ASK: Adding orderMktData(price=123,quantity=453)
23:15:22.567 [main] DEBUG c.orderbook.OrderBook - [ORDERBOOK] ASK: Adding orderMktData(price=144,quantity=645)
23:15:22.567 [main] DEBUG c.orderbook.OrderBook - [ORDERBOOK] ASK: Adding orderMktData(price=167,quantity=665)
23:15:22.567 [main] DEBUG c.service.MarketDataService - [ALGO] BID: price:43 quantity:134
23:15:22.567 [main] DEBUG c.service.MarketDataService - [ALGO] BID: price:76 quantity:145
23:15:22.567 [main] DEBUG c.service.MarketDataService - [ALGO] BID: price:91 quantity:300
23:15:22.567 [main] DEBUG c.service.MarketDataService - [ALGO] BID: price:93 quantity:200
23:15:22.567 [main] DEBUG c.service.MarketDataService - [ALGO] BID: price:95 quantity:100
23:15:22.567 [main] DEBUG c.service.MarketDataService - [ALGO] BID: price:98 quantity:154
23:15:22.567 [main] DEBUG c.service.MarketDataService - [ALGO] ASK: price:98 quantity:501
23:15:22.567 [main] DEBUG c.service.MarketDataService - [ALGO] ASK: price:101 quantity:200
23:15:22.567 [main] DEBUG c.service.MarketDataService - [ALGO] ASK: price:110 quantity:5000
23:15:22.567 [main] DEBUG c.service.MarketDataService - [ALGO] ASK: price:119 quantity:5600
23:15:22.567 [main] DEBUG c.service.MarketDataService - [ALGO] ASK: price:123 quantity:453
23:15:22.567 [main] DEBUG c.service.MarketDataService - [ALGO] ASK: price:144 quantity:645
23:15:22.567 [main] DEBUG c.service.MarketDataService - [ALGO] ASK: price:167 quantity:665
23:15:22.567 [main] INFO  c.gettingstarted.MyAlgoLogic - [MYALGO] The state of the order book is:
|----BID-----||----ASK----|
    134 @ 43    501 @ 98
    145 @ 76   200 @ 101
    300 @ 91  5000 @ 110
    200 @ 93  5600 @ 119
    100 @ 95   453 @ 123
    154 @ 98   645 @ 144
          -    665 @ 167
|------------||-----------|

23:15:22.567 [main] INFO  c.gettingstarted.MyAlgoLogic - [MYALGO] Algo Sees Book as: 
|----BID-----||----ASK----|
    134 @ 43    501 @ 98
    145 @ 76   200 @ 101
    300 @ 91  5000 @ 110
    200 @ 93  5600 @ 119
    100 @ 95   453 @ 123
    154 @ 98   645 @ 144
          -    665 @ 167
|------------||-----------|

23:15:22.567 [main] INFO  c.gettingstarted.TimedLogic - [TIMEDLOGIC] Market is closed
23:15:22.567 [main] INFO  c.sequencer.consumer.LoggingConsumer - [187] 
|----BID-----|
    134 @ 43
    145 @ 76
    300 @ 91
    200 @ 93
    100 @ 95
    154 @ 98
|----ASK-----|
    501 @ 98
   200 @ 101
  5000 @ 110
  5600 @ 119
   453 @ 123
   645 @ 144
   665 @ 167

23:15:22.567 [main] INFO  c.orderbook.OrderBook - [ORDERBOOK] Processing Mkt Data Update
23:15:22.567 [main] INFO  c.o.v.MutatingRemoveAllMarketDataOrdersVisitor - [ORDERBOOK] Removing market data order:MktData(price=43,quantity=134)
23:15:22.567 [main] INFO  c.o.v.MutatingRemoveAllMarketDataOrdersVisitor - [ORDERBOOK] Removing level:43
23:15:22.567 [main] DEBUG c.orderbook.OrderBook - [ORDERBOOK] ASK: Adding orderMktData(price=43,quantity=134)
23:15:22.567 [main] DEBUG c.orderbook.OrderBook - [ORDERBOOK] ASK: Adding orderMktData(price=76,quantity=145)
23:15:22.567 [main] DEBUG c.orderbook.OrderBook - [ORDERBOOK] ASK: Adding orderMktData(price=91,quantity=300)
23:15:22.567 [main] DEBUG c.orderbook.OrderBook - [ORDERBOOK] ASK: Adding orderMktData(price=93,quantity=200)
23:15:22.567 [main] DEBUG c.orderbook.OrderBook - [ORDERBOOK] ASK: Adding orderMktData(price=95,quantity=100)
23:15:22.567 [main] DEBUG c.orderbook.OrderBook - [ORDERBOOK] ASK: Adding orderMktData(price=98,quantity=154)
23:15:22.567 [main] INFO  c.o.v.MutatingMatchOneMarketDataOrderVisitor - [ORDERBOOK] visiting LevelOrderBookLevel(price=43,quantity=134)
23:15:22.567 [main] INFO  c.o.v.MutatingMatchOneMarketDataOrderVisitor - [ORDERBOOK] Can't match order:MktData(price=43,quantity=134)(MktData(price=98,quantity=154))
23:15:22.567 [main] INFO  c.o.v.MutatingRemoveAllMarketDataOrdersVisitor - [ORDERBOOK] Removing market data order:MktData(price=98,quantity=501)
23:15:22.567 [main] INFO  c.o.v.MutatingRemoveAllMarketDataOrdersVisitor - [ORDERBOOK] Removing level:98
23:15:22.567 [main] INFO  c.o.v.MutatingRemoveAllMarketDataOrdersVisitor - [ORDERBOOK] Removing market data order:MktData(price=101,quantity=200)
23:15:22.567 [main] INFO  c.o.v.MutatingRemoveAllMarketDataOrdersVisitor - [ORDERBOOK] Removing level:101
23:15:22.567 [main] INFO  c.o.v.MutatingRemoveAllMarketDataOrdersVisitor - [ORDERBOOK] Removing market data order:MktData(price=110,quantity=5000)
23:15:22.567 [main] INFO  c.o.v.MutatingRemoveAllMarketDataOrdersVisitor - [ORDERBOOK] Removing level:110
23:15:22.567 [main] INFO  c.o.v.MutatingRemoveAllMarketDataOrdersVisitor - [ORDERBOOK] Removing market data order:MktData(price=119,quantity=5600)
23:15:22.567 [main] INFO  c.o.v.MutatingRemoveAllMarketDataOrdersVisitor - [ORDERBOOK] Removing level:119
23:15:22.567 [main] INFO  c.o.v.MutatingRemoveAllMarketDataOrdersVisitor - [ORDERBOOK] Removing market data order:MktData(price=123,quantity=453)
23:15:22.567 [main] INFO  c.o.v.MutatingRemoveAllMarketDataOrdersVisitor - [ORDERBOOK] Removing level:123
23:15:22.567 [main] INFO  c.o.v.MutatingRemoveAllMarketDataOrdersVisitor - [ORDERBOOK] Removing market data order:MktData(price=144,quantity=645)
23:15:22.567 [main] INFO  c.o.v.MutatingRemoveAllMarketDataOrdersVisitor - [ORDERBOOK] Removing level:144
23:15:22.567 [main] INFO  c.o.v.MutatingRemoveAllMarketDataOrdersVisitor - [ORDERBOOK] Removing market data order:MktData(price=167,quantity=665)
23:15:22.567 [main] INFO  c.o.v.MutatingRemoveAllMarketDataOrdersVisitor - [ORDERBOOK] Removing level:167
23:15:22.567 [main] DEBUG c.orderbook.OrderBook - [ORDERBOOK] ASK: Adding orderMktData(price=98,quantity=501)
23:15:22.567 [main] DEBUG c.orderbook.OrderBook - [ORDERBOOK] ASK: Adding orderMktData(price=101,quantity=200)
23:15:22.567 [main] DEBUG c.orderbook.OrderBook - [ORDERBOOK] ASK: Adding orderMktData(price=110,quantity=5000)
23:15:22.567 [main] DEBUG c.orderbook.OrderBook - [ORDERBOOK] ASK: Adding orderMktData(price=119,quantity=5600)
23:15:22.567 [main] DEBUG c.orderbook.OrderBook - [ORDERBOOK] ASK: Adding orderMktData(price=123,quantity=453)
23:15:22.567 [main] DEBUG c.orderbook.OrderBook - [ORDERBOOK] ASK: Adding orderMktData(price=144,quantity=645)
23:15:22.567 [main] DEBUG c.orderbook.OrderBook - [ORDERBOOK] ASK: Adding orderMktData(price=167,quantity=665)
23:15:22.567 [main] DEBUG c.service.MarketDataService - [ALGO] BID: price:43 quantity:134
23:15:22.567 [main] DEBUG c.service.MarketDataService - [ALGO] BID: price:76 quantity:145
23:15:22.567 [main] DEBUG c.service.MarketDataService - [ALGO] BID: price:91 quantity:300
23:15:22.567 [main] DEBUG c.service.MarketDataService - [ALGO] BID: price:93 quantity:200
23:15:22.567 [main] DEBUG c.service.MarketDataService - [ALGO] BID: price:95 quantity:100
23:15:22.567 [main] DEBUG c.service.MarketDataService - [ALGO] BID: price:98 quantity:154
23:15:22.567 [main] DEBUG c.service.MarketDataService - [ALGO] ASK: price:98 quantity:501
23:15:22.567 [main] DEBUG c.service.MarketDataService - [ALGO] ASK: price:101 quantity:200
23:15:22.567 [main] DEBUG c.service.MarketDataService - [ALGO] ASK: price:110 quantity:5000
23:15:22.567 [main] DEBUG c.service.MarketDataService - [ALGO] ASK: price:119 quantity:5600
23:15:22.567 [main] DEBUG c.service.MarketDataService - [ALGO] ASK: price:123 quantity:453
23:15:22.567 [main] DEBUG c.service.MarketDataService - [ALGO] ASK: price:144 quantity:645
23:15:22.567 [main] DEBUG c.service.MarketDataService - [ALGO] ASK: price:167 quantity:665
23:15:22.567 [main] INFO  c.gettingstarted.MyAlgoLogic - [MYALGO] The state of the order book is:
|----BID-----||----ASK----|
    134 @ 43    501 @ 98
    145 @ 76   200 @ 101
    300 @ 91  5000 @ 110
    200 @ 93  5600 @ 119
    100 @ 95   453 @ 123
    154 @ 98   645 @ 144
          -    665 @ 167
|------------||-----------|

23:15:22.567 [main] INFO  c.gettingstarted.MyAlgoLogic - [MYALGO] Algo Sees Book as: 
|----BID-----||----ASK----|
    134 @ 43    501 @ 98
    145 @ 76   200 @ 101
    300 @ 91  5000 @ 110
    200 @ 93  5600 @ 119
    100 @ 95   453 @ 123
    154 @ 98   645 @ 144
          -    665 @ 167
|------------||-----------|

23:15:22.567 [main] INFO  c.gettingstarted.TimedLogic - [TIMEDLOGIC] Market is closed
23:15:22.567 [main] INFO  c.sequencer.consumer.LoggingConsumer - [188] 
|----BID-----|
    134 @ 43
    145 @ 76
    300 @ 91
    200 @ 93
    100 @ 95
    154 @ 98
|----ASK-----|
    501 @ 98
   200 @ 101
  5000 @ 110
  5600 @ 119
   453 @ 123
   645 @ 144
   665 @ 167

23:15:22.567 [main] INFO  c.orderbook.OrderBook - [ORDERBOOK] Processing Mkt Data Update
23:15:22.567 [main] INFO  c.o.v.MutatingRemoveAllMarketDataOrdersVisitor - [ORDERBOOK] Removing market data order:MktData(price=43,quantity=134)
23:15:22.567 [main] INFO  c.o.v.MutatingRemoveAllMarketDataOrdersVisitor - [ORDERBOOK] Removing level:43
23:15:22.567 [main] DEBUG c.orderbook.OrderBook - [ORDERBOOK] ASK: Adding orderMktData(price=43,quantity=134)
23:15:22.567 [main] DEBUG c.orderbook.OrderBook - [ORDERBOOK] ASK: Adding orderMktData(price=76,quantity=145)
23:15:22.567 [main] DEBUG c.orderbook.OrderBook - [ORDERBOOK] ASK: Adding orderMktData(price=91,quantity=300)
23:15:22.567 [main] DEBUG c.orderbook.OrderBook - [ORDERBOOK] ASK: Adding orderMktData(price=93,quantity=200)
23:15:22.567 [main] DEBUG c.orderbook.OrderBook - [ORDERBOOK] ASK: Adding orderMktData(price=95,quantity=100)
23:15:22.567 [main] DEBUG c.orderbook.OrderBook - [ORDERBOOK] ASK: Adding orderMktData(price=98,quantity=154)
23:15:22.567 [main] INFO  c.o.v.MutatingMatchOneMarketDataOrderVisitor - [ORDERBOOK] visiting LevelOrderBookLevel(price=43,quantity=134)
23:15:22.567 [main] INFO  c.o.v.MutatingMatchOneMarketDataOrderVisitor - [ORDERBOOK] Can't match order:MktData(price=43,quantity=134)(MktData(price=98,quantity=154))
23:15:22.567 [main] INFO  c.o.v.MutatingRemoveAllMarketDataOrdersVisitor - [ORDERBOOK] Removing market data order:MktData(price=98,quantity=501)
23:15:22.567 [main] INFO  c.o.v.MutatingRemoveAllMarketDataOrdersVisitor - [ORDERBOOK] Removing level:98
23:15:22.567 [main] INFO  c.o.v.MutatingRemoveAllMarketDataOrdersVisitor - [ORDERBOOK] Removing market data order:MktData(price=101,quantity=200)
23:15:22.567 [main] INFO  c.o.v.MutatingRemoveAllMarketDataOrdersVisitor - [ORDERBOOK] Removing level:101
23:15:22.567 [main] INFO  c.o.v.MutatingRemoveAllMarketDataOrdersVisitor - [ORDERBOOK] Removing market data order:MktData(price=110,quantity=5000)
23:15:22.567 [main] INFO  c.o.v.MutatingRemoveAllMarketDataOrdersVisitor - [ORDERBOOK] Removing level:110
23:15:22.567 [main] INFO  c.o.v.MutatingRemoveAllMarketDataOrdersVisitor - [ORDERBOOK] Removing market data order:MktData(price=119,quantity=5600)
23:15:22.567 [main] INFO  c.o.v.MutatingRemoveAllMarketDataOrdersVisitor - [ORDERBOOK] Removing level:119
23:15:22.567 [main] INFO  c.o.v.MutatingRemoveAllMarketDataOrdersVisitor - [ORDERBOOK] Removing market data order:MktData(price=123,quantity=453)
23:15:22.567 [main] INFO  c.o.v.MutatingRemoveAllMarketDataOrdersVisitor - [ORDERBOOK] Removing level:123
23:15:22.567 [main] INFO  c.o.v.MutatingRemoveAllMarketDataOrdersVisitor - [ORDERBOOK] Removing market data order:MktData(price=144,quantity=645)
23:15:22.567 [main] INFO  c.o.v.MutatingRemoveAllMarketDataOrdersVisitor - [ORDERBOOK] Removing level:144
23:15:22.567 [main] INFO  c.o.v.MutatingRemoveAllMarketDataOrdersVisitor - [ORDERBOOK] Removing market data order:MktData(price=167,quantity=665)
23:15:22.567 [main] INFO  c.o.v.MutatingRemoveAllMarketDataOrdersVisitor - [ORDERBOOK] Removing level:167
23:15:22.567 [main] DEBUG c.orderbook.OrderBook - [ORDERBOOK] ASK: Adding orderMktData(price=98,quantity=501)
23:15:22.567 [main] DEBUG c.orderbook.OrderBook - [ORDERBOOK] ASK: Adding orderMktData(price=101,quantity=200)
23:15:22.567 [main] DEBUG c.orderbook.OrderBook - [ORDERBOOK] ASK: Adding orderMktData(price=110,quantity=5000)
23:15:22.567 [main] DEBUG c.orderbook.OrderBook - [ORDERBOOK] ASK: Adding orderMktData(price=119,quantity=5600)
23:15:22.567 [main] DEBUG c.orderbook.OrderBook - [ORDERBOOK] ASK: Adding orderMktData(price=123,quantity=453)
23:15:22.567 [main] DEBUG c.orderbook.OrderBook - [ORDERBOOK] ASK: Adding orderMktData(price=144,quantity=645)
23:15:22.567 [main] DEBUG c.orderbook.OrderBook - [ORDERBOOK] ASK: Adding orderMktData(price=167,quantity=665)
23:15:22.567 [main] DEBUG c.service.MarketDataService - [ALGO] BID: price:43 quantity:134
23:15:22.567 [main] DEBUG c.service.MarketDataService - [ALGO] BID: price:76 quantity:145
23:15:22.567 [main] DEBUG c.service.MarketDataService - [ALGO] BID: price:91 quantity:300
23:15:22.567 [main] DEBUG c.service.MarketDataService - [ALGO] BID: price:93 quantity:200
23:15:22.567 [main] DEBUG c.service.MarketDataService - [ALGO] BID: price:95 quantity:100
23:15:22.567 [main] DEBUG c.service.MarketDataService - [ALGO] BID: price:98 quantity:154
23:15:22.567 [main] DEBUG c.service.MarketDataService - [ALGO] ASK: price:98 quantity:501
23:15:22.567 [main] DEBUG c.service.MarketDataService - [ALGO] ASK: price:101 quantity:200
23:15:22.567 [main] DEBUG c.service.MarketDataService - [ALGO] ASK: price:110 quantity:5000
23:15:22.567 [main] DEBUG c.service.MarketDataService - [ALGO] ASK: price:119 quantity:5600
23:15:22.567 [main] DEBUG c.service.MarketDataService - [ALGO] ASK: price:123 quantity:453
23:15:22.568 [main] DEBUG c.service.MarketDataService - [ALGO] ASK: price:144 quantity:645
23:15:22.568 [main] DEBUG c.service.MarketDataService - [ALGO] ASK: price:167 quantity:665
23:15:22.568 [main] INFO  c.gettingstarted.MyAlgoLogic - [MYALGO] The state of the order book is:
|----BID-----||----ASK----|
    134 @ 43    501 @ 98
    145 @ 76   200 @ 101
    300 @ 91  5000 @ 110
    200 @ 93  5600 @ 119
    100 @ 95   453 @ 123
    154 @ 98   645 @ 144
          -    665 @ 167
|------------||-----------|

23:15:22.568 [main] INFO  c.gettingstarted.MyAlgoLogic - [MYALGO] Algo Sees Book as: 
|----BID-----||----ASK----|
    134 @ 43    501 @ 98
    145 @ 76   200 @ 101
    300 @ 91  5000 @ 110
    200 @ 93  5600 @ 119
    100 @ 95   453 @ 123
    154 @ 98   645 @ 144
          -    665 @ 167
|------------||-----------|

23:15:22.568 [main] INFO  c.gettingstarted.TimedLogic - [TIMEDLOGIC] Market is closed
23:15:22.568 [main] INFO  c.sequencer.consumer.LoggingConsumer - [189] 
|----BID-----|
    134 @ 43
    145 @ 76
    300 @ 91
    200 @ 93
    100 @ 95
    154 @ 98
|----ASK-----|
    501 @ 98
   200 @ 101
  5000 @ 110
  5600 @ 119
   453 @ 123
   645 @ 144
   665 @ 167

23:15:22.568 [main] INFO  c.orderbook.OrderBook - [ORDERBOOK] Processing Mkt Data Update
23:15:22.568 [main] INFO  c.o.v.MutatingRemoveAllMarketDataOrdersVisitor - [ORDERBOOK] Removing market data order:MktData(price=43,quantity=134)
23:15:22.568 [main] INFO  c.o.v.MutatingRemoveAllMarketDataOrdersVisitor - [ORDERBOOK] Removing level:43
23:15:22.568 [main] DEBUG c.orderbook.OrderBook - [ORDERBOOK] ASK: Adding orderMktData(price=43,quantity=134)
23:15:22.568 [main] DEBUG c.orderbook.OrderBook - [ORDERBOOK] ASK: Adding orderMktData(price=76,quantity=145)
23:15:22.568 [main] DEBUG c.orderbook.OrderBook - [ORDERBOOK] ASK: Adding orderMktData(price=91,quantity=300)
23:15:22.568 [main] DEBUG c.orderbook.OrderBook - [ORDERBOOK] ASK: Adding orderMktData(price=93,quantity=200)
23:15:22.568 [main] DEBUG c.orderbook.OrderBook - [ORDERBOOK] ASK: Adding orderMktData(price=95,quantity=100)
23:15:22.568 [main] DEBUG c.orderbook.OrderBook - [ORDERBOOK] ASK: Adding orderMktData(price=98,quantity=154)
23:15:22.568 [main] INFO  c.o.v.MutatingMatchOneMarketDataOrderVisitor - [ORDERBOOK] visiting LevelOrderBookLevel(price=43,quantity=134)
23:15:22.568 [main] INFO  c.o.v.MutatingMatchOneMarketDataOrderVisitor - [ORDERBOOK] Can't match order:MktData(price=43,quantity=134)(MktData(price=98,quantity=154))
23:15:22.568 [main] INFO  c.o.v.MutatingRemoveAllMarketDataOrdersVisitor - [ORDERBOOK] Removing market data order:MktData(price=98,quantity=501)
23:15:22.568 [main] INFO  c.o.v.MutatingRemoveAllMarketDataOrdersVisitor - [ORDERBOOK] Removing level:98
23:15:22.568 [main] INFO  c.o.v.MutatingRemoveAllMarketDataOrdersVisitor - [ORDERBOOK] Removing market data order:MktData(price=101,quantity=200)
23:15:22.568 [main] INFO  c.o.v.MutatingRemoveAllMarketDataOrdersVisitor - [ORDERBOOK] Removing level:101
23:15:22.568 [main] INFO  c.o.v.MutatingRemoveAllMarketDataOrdersVisitor - [ORDERBOOK] Removing market data order:MktData(price=110,quantity=5000)
23:15:22.568 [main] INFO  c.o.v.MutatingRemoveAllMarketDataOrdersVisitor - [ORDERBOOK] Removing level:110
23:15:22.568 [main] INFO  c.o.v.MutatingRemoveAllMarketDataOrdersVisitor - [ORDERBOOK] Removing market data order:MktData(price=119,quantity=5600)
23:15:22.568 [main] INFO  c.o.v.MutatingRemoveAllMarketDataOrdersVisitor - [ORDERBOOK] Removing level:119
23:15:22.568 [main] INFO  c.o.v.MutatingRemoveAllMarketDataOrdersVisitor - [ORDERBOOK] Removing market data order:MktData(price=123,quantity=453)
23:15:22.568 [main] INFO  c.o.v.MutatingRemoveAllMarketDataOrdersVisitor - [ORDERBOOK] Removing level:123
23:15:22.568 [main] INFO  c.o.v.MutatingRemoveAllMarketDataOrdersVisitor - [ORDERBOOK] Removing market data order:MktData(price=144,quantity=645)
23:15:22.568 [main] INFO  c.o.v.MutatingRemoveAllMarketDataOrdersVisitor - [ORDERBOOK] Removing level:144
23:15:22.568 [main] INFO  c.o.v.MutatingRemoveAllMarketDataOrdersVisitor - [ORDERBOOK] Removing market data order:MktData(price=167,quantity=665)
23:15:22.568 [main] INFO  c.o.v.MutatingRemoveAllMarketDataOrdersVisitor - [ORDERBOOK] Removing level:167
23:15:22.568 [main] DEBUG c.orderbook.OrderBook - [ORDERBOOK] ASK: Adding orderMktData(price=98,quantity=501)
23:15:22.568 [main] DEBUG c.orderbook.OrderBook - [ORDERBOOK] ASK: Adding orderMktData(price=101,quantity=200)
23:15:22.568 [main] DEBUG c.orderbook.OrderBook - [ORDERBOOK] ASK: Adding orderMktData(price=110,quantity=5000)
23:15:22.568 [main] DEBUG c.orderbook.OrderBook - [ORDERBOOK] ASK: Adding orderMktData(price=119,quantity=5600)
23:15:22.568 [main] DEBUG c.orderbook.OrderBook - [ORDERBOOK] ASK: Adding orderMktData(price=123,quantity=453)
23:15:22.568 [main] DEBUG c.orderbook.OrderBook - [ORDERBOOK] ASK: Adding orderMktData(price=144,quantity=645)
23:15:22.568 [main] DEBUG c.orderbook.OrderBook - [ORDERBOOK] ASK: Adding orderMktData(price=167,quantity=665)
23:15:22.568 [main] DEBUG c.service.MarketDataService - [ALGO] BID: price:43 quantity:134
23:15:22.568 [main] DEBUG c.service.MarketDataService - [ALGO] BID: price:76 quantity:145
23:15:22.568 [main] DEBUG c.service.MarketDataService - [ALGO] BID: price:91 quantity:300
23:15:22.568 [main] DEBUG c.service.MarketDataService - [ALGO] BID: price:93 quantity:200
23:15:22.568 [main] DEBUG c.service.MarketDataService - [ALGO] BID: price:95 quantity:100
23:15:22.568 [main] DEBUG c.service.MarketDataService - [ALGO] BID: price:98 quantity:154
23:15:22.568 [main] DEBUG c.service.MarketDataService - [ALGO] ASK: price:98 quantity:501
23:15:22.568 [main] DEBUG c.service.MarketDataService - [ALGO] ASK: price:101 quantity:200
23:15:22.568 [main] DEBUG c.service.MarketDataService - [ALGO] ASK: price:110 quantity:5000
23:15:22.568 [main] DEBUG c.service.MarketDataService - [ALGO] ASK: price:119 quantity:5600
23:15:22.568 [main] DEBUG c.service.MarketDataService - [ALGO] ASK: price:123 quantity:453
23:15:22.568 [main] DEBUG c.service.MarketDataService - [ALGO] ASK: price:144 quantity:645
23:15:22.568 [main] DEBUG c.service.MarketDataService - [ALGO] ASK: price:167 quantity:665
23:15:22.568 [main] INFO  c.gettingstarted.MyAlgoLogic - [MYALGO] The state of the order book is:
|----BID-----||----ASK----|
    134 @ 43    501 @ 98
    145 @ 76   200 @ 101
    300 @ 91  5000 @ 110
    200 @ 93  5600 @ 119
    100 @ 95   453 @ 123
    154 @ 98   645 @ 144
          -    665 @ 167
|------------||-----------|

23:15:22.568 [main] INFO  c.gettingstarted.MyAlgoLogic - [MYALGO] Algo Sees Book as: 
|----BID-----||----ASK----|
    134 @ 43    501 @ 98
    145 @ 76   200 @ 101
    300 @ 91  5000 @ 110
    200 @ 93  5600 @ 119
    100 @ 95   453 @ 123
    154 @ 98   645 @ 144
          -    665 @ 167
|------------||-----------|

23:15:22.568 [main] INFO  c.gettingstarted.TimedLogic - [TIMEDLOGIC] Market is closed
23:15:22.568 [main] INFO  c.sequencer.consumer.LoggingConsumer - [190] 
|----BID-----|
    134 @ 43
    145 @ 76
    300 @ 91
    200 @ 93
    100 @ 95
    154 @ 98
|----ASK-----|
    501 @ 98
   200 @ 101
  5000 @ 110
  5600 @ 119
   453 @ 123
   645 @ 144
   665 @ 167

23:15:22.568 [main] INFO  c.orderbook.OrderBook - [ORDERBOOK] Processing Mkt Data Update
23:15:22.568 [main] INFO  c.o.v.MutatingRemoveAllMarketDataOrdersVisitor - [ORDERBOOK] Removing market data order:MktData(price=43,quantity=134)
23:15:22.568 [main] INFO  c.o.v.MutatingRemoveAllMarketDataOrdersVisitor - [ORDERBOOK] Removing level:43
23:15:22.568 [main] DEBUG c.orderbook.OrderBook - [ORDERBOOK] ASK: Adding orderMktData(price=43,quantity=134)
23:15:22.568 [main] DEBUG c.orderbook.OrderBook - [ORDERBOOK] ASK: Adding orderMktData(price=76,quantity=145)
23:15:22.568 [main] DEBUG c.orderbook.OrderBook - [ORDERBOOK] ASK: Adding orderMktData(price=91,quantity=300)
23:15:22.568 [main] DEBUG c.orderbook.OrderBook - [ORDERBOOK] ASK: Adding orderMktData(price=93,quantity=200)
23:15:22.568 [main] DEBUG c.orderbook.OrderBook - [ORDERBOOK] ASK: Adding orderMktData(price=95,quantity=100)
23:15:22.568 [main] DEBUG c.orderbook.OrderBook - [ORDERBOOK] ASK: Adding orderMktData(price=98,quantity=154)
23:15:22.568 [main] INFO  c.o.v.MutatingMatchOneMarketDataOrderVisitor - [ORDERBOOK] visiting LevelOrderBookLevel(price=43,quantity=134)
23:15:22.568 [main] INFO  c.o.v.MutatingMatchOneMarketDataOrderVisitor - [ORDERBOOK] Can't match order:MktData(price=43,quantity=134)(MktData(price=98,quantity=154))
23:15:22.568 [main] INFO  c.o.v.MutatingRemoveAllMarketDataOrdersVisitor - [ORDERBOOK] Removing market data order:MktData(price=98,quantity=501)
23:15:22.568 [main] INFO  c.o.v.MutatingRemoveAllMarketDataOrdersVisitor - [ORDERBOOK] Removing level:98
23:15:22.568 [main] INFO  c.o.v.MutatingRemoveAllMarketDataOrdersVisitor - [ORDERBOOK] Removing market data order:MktData(price=101,quantity=200)
23:15:22.568 [main] INFO  c.o.v.MutatingRemoveAllMarketDataOrdersVisitor - [ORDERBOOK] Removing level:101
23:15:22.568 [main] INFO  c.o.v.MutatingRemoveAllMarketDataOrdersVisitor - [ORDERBOOK] Removing market data order:MktData(price=110,quantity=5000)
23:15:22.568 [main] INFO  c.o.v.MutatingRemoveAllMarketDataOrdersVisitor - [ORDERBOOK] Removing level:110
23:15:22.568 [main] INFO  c.o.v.MutatingRemoveAllMarketDataOrdersVisitor - [ORDERBOOK] Removing market data order:MktData(price=119,quantity=5600)
23:15:22.568 [main] INFO  c.o.v.MutatingRemoveAllMarketDataOrdersVisitor - [ORDERBOOK] Removing level:119
23:15:22.568 [main] INFO  c.o.v.MutatingRemoveAllMarketDataOrdersVisitor - [ORDERBOOK] Removing market data order:MktData(price=123,quantity=453)
23:15:22.568 [main] INFO  c.o.v.MutatingRemoveAllMarketDataOrdersVisitor - [ORDERBOOK] Removing level:123
23:15:22.568 [main] INFO  c.o.v.MutatingRemoveAllMarketDataOrdersVisitor - [ORDERBOOK] Removing market data order:MktData(price=144,quantity=645)
23:15:22.568 [main] INFO  c.o.v.MutatingRemoveAllMarketDataOrdersVisitor - [ORDERBOOK] Removing level:144
23:15:22.568 [main] INFO  c.o.v.MutatingRemoveAllMarketDataOrdersVisitor - [ORDERBOOK] Removing market data order:MktData(price=167,quantity=665)
23:15:22.568 [main] INFO  c.o.v.MutatingRemoveAllMarketDataOrdersVisitor - [ORDERBOOK] Removing level:167
23:15:22.568 [main] DEBUG c.orderbook.OrderBook - [ORDERBOOK] ASK: Adding orderMktData(price=98,quantity=501)
23:15:22.568 [main] DEBUG c.orderbook.OrderBook - [ORDERBOOK] ASK: Adding orderMktData(price=101,quantity=200)
23:15:22.568 [main] DEBUG c.orderbook.OrderBook - [ORDERBOOK] ASK: Adding orderMktData(price=110,quantity=5000)
23:15:22.568 [main] DEBUG c.orderbook.OrderBook - [ORDERBOOK] ASK: Adding orderMktData(price=119,quantity=5600)
23:15:22.568 [main] DEBUG c.orderbook.OrderBook - [ORDERBOOK] ASK: Adding orderMktData(price=123,quantity=453)
23:15:22.568 [main] DEBUG c.orderbook.OrderBook - [ORDERBOOK] ASK: Adding orderMktData(price=144,quantity=645)
23:15:22.568 [main] DEBUG c.orderbook.OrderBook - [ORDERBOOK] ASK: Adding orderMktData(price=167,quantity=665)
23:15:22.568 [main] DEBUG c.service.MarketDataService - [ALGO] BID: price:43 quantity:134
23:15:22.568 [main] DEBUG c.service.MarketDataService - [ALGO] BID: price:76 quantity:145
23:15:22.568 [main] DEBUG c.service.MarketDataService - [ALGO] BID: price:91 quantity:300
23:15:22.568 [main] DEBUG c.service.MarketDataService - [ALGO] BID: price:93 quantity:200
23:15:22.568 [main] DEBUG c.service.MarketDataService - [ALGO] BID: price:95 quantity:100
23:15:22.568 [main] DEBUG c.service.MarketDataService - [ALGO] BID: price:98 quantity:154
23:15:22.568 [main] DEBUG c.service.MarketDataService - [ALGO] ASK: price:98 quantity:501
23:15:22.568 [main] DEBUG c.service.MarketDataService - [ALGO] ASK: price:101 quantity:200
23:15:22.568 [main] DEBUG c.service.MarketDataService - [ALGO] ASK: price:110 quantity:5000
23:15:22.568 [main] DEBUG c.service.MarketDataService - [ALGO] ASK: price:119 quantity:5600
23:15:22.568 [main] DEBUG c.service.MarketDataService - [ALGO] ASK: price:123 quantity:453
23:15:22.568 [main] DEBUG c.service.MarketDataService - [ALGO] ASK: price:144 quantity:645
23:15:22.568 [main] DEBUG c.service.MarketDataService - [ALGO] ASK: price:167 quantity:665
23:15:22.569 [main] INFO  c.gettingstarted.MyAlgoLogic - [MYALGO] The state of the order book is:
|----BID-----||----ASK----|
    134 @ 43    501 @ 98
    145 @ 76   200 @ 101
    300 @ 91  5000 @ 110
    200 @ 93  5600 @ 119
    100 @ 95   453 @ 123
    154 @ 98   645 @ 144
          -    665 @ 167
|------------||-----------|

23:15:22.569 [main] INFO  c.gettingstarted.MyAlgoLogic - [MYALGO] Algo Sees Book as: 
|----BID-----||----ASK----|
    134 @ 43    501 @ 98
    145 @ 76   200 @ 101
    300 @ 91  5000 @ 110
    200 @ 93  5600 @ 119
    100 @ 95   453 @ 123
    154 @ 98   645 @ 144
          -    665 @ 167
|------------||-----------|

23:15:22.569 [main] INFO  c.gettingstarted.TimedLogic - [TIMEDLOGIC] Market is closed
23:15:22.569 [main] INFO  c.sequencer.consumer.LoggingConsumer - [191] 
|----BID-----|
    134 @ 43
    145 @ 76
    300 @ 91
    200 @ 93
    100 @ 95
    154 @ 98
|----ASK-----|
    501 @ 98
   200 @ 101
  5000 @ 110
  5600 @ 119
   453 @ 123
   645 @ 144
   665 @ 167

23:15:22.569 [main] INFO  c.orderbook.OrderBook - [ORDERBOOK] Processing Mkt Data Update
23:15:22.569 [main] INFO  c.o.v.MutatingRemoveAllMarketDataOrdersVisitor - [ORDERBOOK] Removing market data order:MktData(price=43,quantity=134)
23:15:22.569 [main] INFO  c.o.v.MutatingRemoveAllMarketDataOrdersVisitor - [ORDERBOOK] Removing level:43
23:15:22.569 [main] DEBUG c.orderbook.OrderBook - [ORDERBOOK] ASK: Adding orderMktData(price=43,quantity=134)
23:15:22.569 [main] DEBUG c.orderbook.OrderBook - [ORDERBOOK] ASK: Adding orderMktData(price=76,quantity=145)
23:15:22.569 [main] DEBUG c.orderbook.OrderBook - [ORDERBOOK] ASK: Adding orderMktData(price=91,quantity=300)
23:15:22.569 [main] DEBUG c.orderbook.OrderBook - [ORDERBOOK] ASK: Adding orderMktData(price=93,quantity=200)
23:15:22.569 [main] DEBUG c.orderbook.OrderBook - [ORDERBOOK] ASK: Adding orderMktData(price=95,quantity=100)
23:15:22.569 [main] DEBUG c.orderbook.OrderBook - [ORDERBOOK] ASK: Adding orderMktData(price=98,quantity=154)
23:15:22.569 [main] INFO  c.o.v.MutatingMatchOneMarketDataOrderVisitor - [ORDERBOOK] visiting LevelOrderBookLevel(price=43,quantity=134)
23:15:22.569 [main] INFO  c.o.v.MutatingMatchOneMarketDataOrderVisitor - [ORDERBOOK] Can't match order:MktData(price=43,quantity=134)(MktData(price=98,quantity=154))
23:15:22.569 [main] INFO  c.o.v.MutatingRemoveAllMarketDataOrdersVisitor - [ORDERBOOK] Removing market data order:MktData(price=98,quantity=501)
23:15:22.569 [main] INFO  c.o.v.MutatingRemoveAllMarketDataOrdersVisitor - [ORDERBOOK] Removing level:98
23:15:22.569 [main] INFO  c.o.v.MutatingRemoveAllMarketDataOrdersVisitor - [ORDERBOOK] Removing market data order:MktData(price=101,quantity=200)
23:15:22.569 [main] INFO  c.o.v.MutatingRemoveAllMarketDataOrdersVisitor - [ORDERBOOK] Removing level:101
23:15:22.569 [main] INFO  c.o.v.MutatingRemoveAllMarketDataOrdersVisitor - [ORDERBOOK] Removing market data order:MktData(price=110,quantity=5000)
23:15:22.569 [main] INFO  c.o.v.MutatingRemoveAllMarketDataOrdersVisitor - [ORDERBOOK] Removing level:110
23:15:22.569 [main] INFO  c.o.v.MutatingRemoveAllMarketDataOrdersVisitor - [ORDERBOOK] Removing market data order:MktData(price=119,quantity=5600)
23:15:22.569 [main] INFO  c.o.v.MutatingRemoveAllMarketDataOrdersVisitor - [ORDERBOOK] Removing level:119
23:15:22.569 [main] INFO  c.o.v.MutatingRemoveAllMarketDataOrdersVisitor - [ORDERBOOK] Removing market data order:MktData(price=123,quantity=453)
23:15:22.569 [main] INFO  c.o.v.MutatingRemoveAllMarketDataOrdersVisitor - [ORDERBOOK] Removing level:123
23:15:22.569 [main] INFO  c.o.v.MutatingRemoveAllMarketDataOrdersVisitor - [ORDERBOOK] Removing market data order:MktData(price=144,quantity=645)
23:15:22.569 [main] INFO  c.o.v.MutatingRemoveAllMarketDataOrdersVisitor - [ORDERBOOK] Removing level:144
23:15:22.569 [main] INFO  c.o.v.MutatingRemoveAllMarketDataOrdersVisitor - [ORDERBOOK] Removing market data order:MktData(price=167,quantity=665)
23:15:22.569 [main] INFO  c.o.v.MutatingRemoveAllMarketDataOrdersVisitor - [ORDERBOOK] Removing level:167
23:15:22.569 [main] DEBUG c.orderbook.OrderBook - [ORDERBOOK] ASK: Adding orderMktData(price=98,quantity=501)
23:15:22.569 [main] DEBUG c.orderbook.OrderBook - [ORDERBOOK] ASK: Adding orderMktData(price=101,quantity=200)
23:15:22.569 [main] DEBUG c.orderbook.OrderBook - [ORDERBOOK] ASK: Adding orderMktData(price=110,quantity=5000)
23:15:22.569 [main] DEBUG c.orderbook.OrderBook - [ORDERBOOK] ASK: Adding orderMktData(price=119,quantity=5600)
23:15:22.569 [main] DEBUG c.orderbook.OrderBook - [ORDERBOOK] ASK: Adding orderMktData(price=123,quantity=453)
23:15:22.569 [main] DEBUG c.orderbook.OrderBook - [ORDERBOOK] ASK: Adding orderMktData(price=144,quantity=645)
23:15:22.569 [main] DEBUG c.orderbook.OrderBook - [ORDERBOOK] ASK: Adding orderMktData(price=167,quantity=665)
23:15:22.569 [main] DEBUG c.service.MarketDataService - [ALGO] BID: price:43 quantity:134
23:15:22.569 [main] DEBUG c.service.MarketDataService - [ALGO] BID: price:76 quantity:145
23:15:22.569 [main] DEBUG c.service.MarketDataService - [ALGO] BID: price:91 quantity:300
23:15:22.569 [main] DEBUG c.service.MarketDataService - [ALGO] BID: price:93 quantity:200
23:15:22.569 [main] DEBUG c.service.MarketDataService - [ALGO] BID: price:95 quantity:100
23:15:22.569 [main] DEBUG c.service.MarketDataService - [ALGO] BID: price:98 quantity:154
23:15:22.569 [main] DEBUG c.service.MarketDataService - [ALGO] ASK: price:98 quantity:501
23:15:22.569 [main] DEBUG c.service.MarketDataService - [ALGO] ASK: price:101 quantity:200
23:15:22.569 [main] DEBUG c.service.MarketDataService - [ALGO] ASK: price:110 quantity:5000
23:15:22.569 [main] DEBUG c.service.MarketDataService - [ALGO] ASK: price:119 quantity:5600
23:15:22.569 [main] DEBUG c.service.MarketDataService - [ALGO] ASK: price:123 quantity:453
23:15:22.569 [main] DEBUG c.service.MarketDataService - [ALGO] ASK: price:144 quantity:645
23:15:22.569 [main] DEBUG c.service.MarketDataService - [ALGO] ASK: price:167 quantity:665
23:15:22.569 [main] INFO  c.gettingstarted.MyAlgoLogic - [MYALGO] The state of the order book is:
|----BID-----||----ASK----|
    134 @ 43    501 @ 98
    145 @ 76   200 @ 101
    300 @ 91  5000 @ 110
    200 @ 93  5600 @ 119
    100 @ 95   453 @ 123
    154 @ 98   645 @ 144
          -    665 @ 167
|------------||-----------|

23:15:22.569 [main] INFO  c.gettingstarted.MyAlgoLogic - [MYALGO] Algo Sees Book as: 
|----BID-----||----ASK----|
    134 @ 43    501 @ 98
    145 @ 76   200 @ 101
    300 @ 91  5000 @ 110
    200 @ 93  5600 @ 119
    100 @ 95   453 @ 123
    154 @ 98   645 @ 144
          -    665 @ 167
|------------||-----------|

23:15:22.569 [main] INFO  c.gettingstarted.TimedLogic - [TIMEDLOGIC] Market is closed
23:15:22.569 [main] INFO  c.sequencer.consumer.LoggingConsumer - [192] 
|----BID-----|
    134 @ 43
    145 @ 76
    300 @ 91
    200 @ 93
    100 @ 95
    154 @ 98
|----ASK-----|
    501 @ 98
   200 @ 101
  5000 @ 110
  5600 @ 119
   453 @ 123
   645 @ 144
   665 @ 167

23:15:22.569 [main] INFO  c.orderbook.OrderBook - [ORDERBOOK] Processing Mkt Data Update
23:15:22.569 [main] INFO  c.o.v.MutatingRemoveAllMarketDataOrdersVisitor - [ORDERBOOK] Removing market data order:MktData(price=43,quantity=134)
23:15:22.569 [main] INFO  c.o.v.MutatingRemoveAllMarketDataOrdersVisitor - [ORDERBOOK] Removing level:43
23:15:22.569 [main] DEBUG c.orderbook.OrderBook - [ORDERBOOK] ASK: Adding orderMktData(price=43,quantity=134)
23:15:22.569 [main] DEBUG c.orderbook.OrderBook - [ORDERBOOK] ASK: Adding orderMktData(price=76,quantity=145)
23:15:22.569 [main] DEBUG c.orderbook.OrderBook - [ORDERBOOK] ASK: Adding orderMktData(price=91,quantity=300)
23:15:22.569 [main] DEBUG c.orderbook.OrderBook - [ORDERBOOK] ASK: Adding orderMktData(price=93,quantity=200)
23:15:22.569 [main] DEBUG c.orderbook.OrderBook - [ORDERBOOK] ASK: Adding orderMktData(price=95,quantity=100)
23:15:22.569 [main] DEBUG c.orderbook.OrderBook - [ORDERBOOK] ASK: Adding orderMktData(price=98,quantity=154)
23:15:22.569 [main] INFO  c.o.v.MutatingMatchOneMarketDataOrderVisitor - [ORDERBOOK] visiting LevelOrderBookLevel(price=43,quantity=134)
23:15:22.569 [main] INFO  c.o.v.MutatingMatchOneMarketDataOrderVisitor - [ORDERBOOK] Can't match order:MktData(price=43,quantity=134)(MktData(price=98,quantity=154))
23:15:22.569 [main] INFO  c.o.v.MutatingRemoveAllMarketDataOrdersVisitor - [ORDERBOOK] Removing market data order:MktData(price=98,quantity=501)
23:15:22.569 [main] INFO  c.o.v.MutatingRemoveAllMarketDataOrdersVisitor - [ORDERBOOK] Removing level:98
23:15:22.569 [main] INFO  c.o.v.MutatingRemoveAllMarketDataOrdersVisitor - [ORDERBOOK] Removing market data order:MktData(price=101,quantity=200)
23:15:22.569 [main] INFO  c.o.v.MutatingRemoveAllMarketDataOrdersVisitor - [ORDERBOOK] Removing level:101
23:15:22.569 [main] INFO  c.o.v.MutatingRemoveAllMarketDataOrdersVisitor - [ORDERBOOK] Removing market data order:MktData(price=110,quantity=5000)
23:15:22.569 [main] INFO  c.o.v.MutatingRemoveAllMarketDataOrdersVisitor - [ORDERBOOK] Removing level:110
23:15:22.569 [main] INFO  c.o.v.MutatingRemoveAllMarketDataOrdersVisitor - [ORDERBOOK] Removing market data order:MktData(price=119,quantity=5600)
23:15:22.570 [main] INFO  c.o.v.MutatingRemoveAllMarketDataOrdersVisitor - [ORDERBOOK] Removing level:119
23:15:22.570 [main] INFO  c.o.v.MutatingRemoveAllMarketDataOrdersVisitor - [ORDERBOOK] Removing market data order:MktData(price=123,quantity=453)
23:15:22.570 [main] INFO  c.o.v.MutatingRemoveAllMarketDataOrdersVisitor - [ORDERBOOK] Removing level:123
23:15:22.570 [main] INFO  c.o.v.MutatingRemoveAllMarketDataOrdersVisitor - [ORDERBOOK] Removing market data order:MktData(price=144,quantity=645)
23:15:22.570 [main] INFO  c.o.v.MutatingRemoveAllMarketDataOrdersVisitor - [ORDERBOOK] Removing level:144
23:15:22.570 [main] INFO  c.o.v.MutatingRemoveAllMarketDataOrdersVisitor - [ORDERBOOK] Removing market data order:MktData(price=167,quantity=665)
23:15:22.570 [main] INFO  c.o.v.MutatingRemoveAllMarketDataOrdersVisitor - [ORDERBOOK] Removing level:167
23:15:22.570 [main] DEBUG c.orderbook.OrderBook - [ORDERBOOK] ASK: Adding orderMktData(price=98,quantity=501)
23:15:22.570 [main] DEBUG c.orderbook.OrderBook - [ORDERBOOK] ASK: Adding orderMktData(price=101,quantity=200)
23:15:22.570 [main] DEBUG c.orderbook.OrderBook - [ORDERBOOK] ASK: Adding orderMktData(price=110,quantity=5000)
23:15:22.570 [main] DEBUG c.orderbook.OrderBook - [ORDERBOOK] ASK: Adding orderMktData(price=119,quantity=5600)
23:15:22.570 [main] DEBUG c.orderbook.OrderBook - [ORDERBOOK] ASK: Adding orderMktData(price=123,quantity=453)
23:15:22.570 [main] DEBUG c.orderbook.OrderBook - [ORDERBOOK] ASK: Adding orderMktData(price=144,quantity=645)
23:15:22.570 [main] DEBUG c.orderbook.OrderBook - [ORDERBOOK] ASK: Adding orderMktData(price=167,quantity=665)
23:15:22.570 [main] DEBUG c.service.MarketDataService - [ALGO] BID: price:43 quantity:134
23:15:22.570 [main] DEBUG c.service.MarketDataService - [ALGO] BID: price:76 quantity:145
23:15:22.570 [main] DEBUG c.service.MarketDataService - [ALGO] BID: price:91 quantity:300
23:15:22.570 [main] DEBUG c.service.MarketDataService - [ALGO] BID: price:93 quantity:200
23:15:22.570 [main] DEBUG c.service.MarketDataService - [ALGO] BID: price:95 quantity:100
23:15:22.570 [main] DEBUG c.service.MarketDataService - [ALGO] BID: price:98 quantity:154
23:15:22.570 [main] DEBUG c.service.MarketDataService - [ALGO] ASK: price:98 quantity:501
23:15:22.570 [main] DEBUG c.service.MarketDataService - [ALGO] ASK: price:101 quantity:200
23:15:22.570 [main] DEBUG c.service.MarketDataService - [ALGO] ASK: price:110 quantity:5000
23:15:22.570 [main] DEBUG c.service.MarketDataService - [ALGO] ASK: price:119 quantity:5600
23:15:22.570 [main] DEBUG c.service.MarketDataService - [ALGO] ASK: price:123 quantity:453
23:15:22.570 [main] DEBUG c.service.MarketDataService - [ALGO] ASK: price:144 quantity:645
23:15:22.570 [main] DEBUG c.service.MarketDataService - [ALGO] ASK: price:167 quantity:665
23:15:22.570 [main] INFO  c.gettingstarted.MyAlgoLogic - [MYALGO] The state of the order book is:
|----BID-----||----ASK----|
    134 @ 43    501 @ 98
    145 @ 76   200 @ 101
    300 @ 91  5000 @ 110
    200 @ 93  5600 @ 119
    100 @ 95   453 @ 123
    154 @ 98   645 @ 144
          -    665 @ 167
|------------||-----------|

23:15:22.570 [main] INFO  c.gettingstarted.MyAlgoLogic - [MYALGO] Algo Sees Book as: 
|----BID-----||----ASK----|
    134 @ 43    501 @ 98
    145 @ 76   200 @ 101
    300 @ 91  5000 @ 110
    200 @ 93  5600 @ 119
    100 @ 95   453 @ 123
    154 @ 98   645 @ 144
          -    665 @ 167
|------------||-----------|

23:15:22.570 [main] INFO  c.gettingstarted.TimedLogic - [TIMEDLOGIC] Market is closed
23:15:22.570 [main] INFO  c.sequencer.consumer.LoggingConsumer - [193] 
|----BID-----|
    134 @ 43
    145 @ 76
    300 @ 91
    200 @ 93
    100 @ 95
    154 @ 98
|----ASK-----|
    501 @ 98
   200 @ 101
  5000 @ 110
  5600 @ 119
   453 @ 123
   645 @ 144
   665 @ 167

23:15:22.570 [main] INFO  c.orderbook.OrderBook - [ORDERBOOK] Processing Mkt Data Update
23:15:22.570 [main] INFO  c.o.v.MutatingRemoveAllMarketDataOrdersVisitor - [ORDERBOOK] Removing market data order:MktData(price=43,quantity=134)
23:15:22.571 [main] INFO  c.o.v.MutatingRemoveAllMarketDataOrdersVisitor - [ORDERBOOK] Removing level:43
23:15:22.571 [main] DEBUG c.orderbook.OrderBook - [ORDERBOOK] ASK: Adding orderMktData(price=43,quantity=134)
23:15:22.571 [main] DEBUG c.orderbook.OrderBook - [ORDERBOOK] ASK: Adding orderMktData(price=76,quantity=145)
23:15:22.571 [main] DEBUG c.orderbook.OrderBook - [ORDERBOOK] ASK: Adding orderMktData(price=91,quantity=300)
23:15:22.571 [main] DEBUG c.orderbook.OrderBook - [ORDERBOOK] ASK: Adding orderMktData(price=93,quantity=200)
23:15:22.571 [main] DEBUG c.orderbook.OrderBook - [ORDERBOOK] ASK: Adding orderMktData(price=95,quantity=100)
23:15:22.571 [main] DEBUG c.orderbook.OrderBook - [ORDERBOOK] ASK: Adding orderMktData(price=98,quantity=154)
23:15:22.571 [main] INFO  c.o.v.MutatingMatchOneMarketDataOrderVisitor - [ORDERBOOK] visiting LevelOrderBookLevel(price=43,quantity=134)
23:15:22.571 [main] INFO  c.o.v.MutatingMatchOneMarketDataOrderVisitor - [ORDERBOOK] Can't match order:MktData(price=43,quantity=134)(MktData(price=98,quantity=154))
23:15:22.571 [main] INFO  c.o.v.MutatingRemoveAllMarketDataOrdersVisitor - [ORDERBOOK] Removing market data order:MktData(price=98,quantity=501)
23:15:22.571 [main] INFO  c.o.v.MutatingRemoveAllMarketDataOrdersVisitor - [ORDERBOOK] Removing level:98
23:15:22.571 [main] INFO  c.o.v.MutatingRemoveAllMarketDataOrdersVisitor - [ORDERBOOK] Removing market data order:MktData(price=101,quantity=200)
23:15:22.571 [main] INFO  c.o.v.MutatingRemoveAllMarketDataOrdersVisitor - [ORDERBOOK] Removing level:101
23:15:22.571 [main] INFO  c.o.v.MutatingRemoveAllMarketDataOrdersVisitor - [ORDERBOOK] Removing market data order:MktData(price=110,quantity=5000)
23:15:22.571 [main] INFO  c.o.v.MutatingRemoveAllMarketDataOrdersVisitor - [ORDERBOOK] Removing level:110
23:15:22.571 [main] INFO  c.o.v.MutatingRemoveAllMarketDataOrdersVisitor - [ORDERBOOK] Removing market data order:MktData(price=119,quantity=5600)
23:15:22.571 [main] INFO  c.o.v.MutatingRemoveAllMarketDataOrdersVisitor - [ORDERBOOK] Removing level:119
23:15:22.571 [main] INFO  c.o.v.MutatingRemoveAllMarketDataOrdersVisitor - [ORDERBOOK] Removing market data order:MktData(price=123,quantity=453)
23:15:22.571 [main] INFO  c.o.v.MutatingRemoveAllMarketDataOrdersVisitor - [ORDERBOOK] Removing level:123
23:15:22.571 [main] INFO  c.o.v.MutatingRemoveAllMarketDataOrdersVisitor - [ORDERBOOK] Removing market data order:MktData(price=144,quantity=645)
23:15:22.571 [main] INFO  c.o.v.MutatingRemoveAllMarketDataOrdersVisitor - [ORDERBOOK] Removing level:144
23:15:22.571 [main] INFO  c.o.v.MutatingRemoveAllMarketDataOrdersVisitor - [ORDERBOOK] Removing market data order:MktData(price=167,quantity=665)
23:15:22.571 [main] INFO  c.o.v.MutatingRemoveAllMarketDataOrdersVisitor - [ORDERBOOK] Removing level:167
23:15:22.571 [main] DEBUG c.orderbook.OrderBook - [ORDERBOOK] ASK: Adding orderMktData(price=98,quantity=501)
23:15:22.571 [main] DEBUG c.orderbook.OrderBook - [ORDERBOOK] ASK: Adding orderMktData(price=101,quantity=200)
23:15:22.571 [main] DEBUG c.orderbook.OrderBook - [ORDERBOOK] ASK: Adding orderMktData(price=110,quantity=5000)
23:15:22.571 [main] DEBUG c.orderbook.OrderBook - [ORDERBOOK] ASK: Adding orderMktData(price=119,quantity=5600)
23:15:22.571 [main] DEBUG c.orderbook.OrderBook - [ORDERBOOK] ASK: Adding orderMktData(price=123,quantity=453)
23:15:22.571 [main] DEBUG c.orderbook.OrderBook - [ORDERBOOK] ASK: Adding orderMktData(price=144,quantity=645)
23:15:22.571 [main] DEBUG c.orderbook.OrderBook - [ORDERBOOK] ASK: Adding orderMktData(price=167,quantity=665)
23:15:22.571 [main] DEBUG c.service.MarketDataService - [ALGO] BID: price:43 quantity:134
23:15:22.571 [main] DEBUG c.service.MarketDataService - [ALGO] BID: price:76 quantity:145
23:15:22.571 [main] DEBUG c.service.MarketDataService - [ALGO] BID: price:91 quantity:300
23:15:22.571 [main] DEBUG c.service.MarketDataService - [ALGO] BID: price:93 quantity:200
23:15:22.571 [main] DEBUG c.service.MarketDataService - [ALGO] BID: price:95 quantity:100
23:15:22.571 [main] DEBUG c.service.MarketDataService - [ALGO] BID: price:98 quantity:154
23:15:22.571 [main] DEBUG c.service.MarketDataService - [ALGO] ASK: price:98 quantity:501
23:15:22.571 [main] DEBUG c.service.MarketDataService - [ALGO] ASK: price:101 quantity:200
23:15:22.571 [main] DEBUG c.service.MarketDataService - [ALGO] ASK: price:110 quantity:5000
23:15:22.571 [main] DEBUG c.service.MarketDataService - [ALGO] ASK: price:119 quantity:5600
23:15:22.571 [main] DEBUG c.service.MarketDataService - [ALGO] ASK: price:123 quantity:453
23:15:22.571 [main] DEBUG c.service.MarketDataService - [ALGO] ASK: price:144 quantity:645
23:15:22.571 [main] DEBUG c.service.MarketDataService - [ALGO] ASK: price:167 quantity:665
23:15:22.571 [main] INFO  c.gettingstarted.MyAlgoLogic - [MYALGO] The state of the order book is:
|----BID-----||----ASK----|
    134 @ 43    501 @ 98
    145 @ 76   200 @ 101
    300 @ 91  5000 @ 110
    200 @ 93  5600 @ 119
    100 @ 95   453 @ 123
    154 @ 98   645 @ 144
          -    665 @ 167
|------------||-----------|

23:15:22.571 [main] INFO  c.gettingstarted.MyAlgoLogic - [MYALGO] Algo Sees Book as: 
|----BID-----||----ASK----|
    134 @ 43    501 @ 98
    145 @ 76   200 @ 101
    300 @ 91  5000 @ 110
    200 @ 93  5600 @ 119
    100 @ 95   453 @ 123
    154 @ 98   645 @ 144
          -    665 @ 167
|------------||-----------|

23:15:22.571 [main] INFO  c.gettingstarted.TimedLogic - [TIMEDLOGIC] Market is closed
23:15:22.571 [main] INFO  c.sequencer.consumer.LoggingConsumer - [194] 
|----BID-----|
    134 @ 43
    145 @ 76
    300 @ 91
    200 @ 93
    100 @ 95
    154 @ 98
|----ASK-----|
    501 @ 98
   200 @ 101
  5000 @ 110
  5600 @ 119
   453 @ 123
   645 @ 144
   665 @ 167

23:15:22.571 [main] INFO  c.orderbook.OrderBook - [ORDERBOOK] Processing Mkt Data Update
23:15:22.571 [main] INFO  c.o.v.MutatingRemoveAllMarketDataOrdersVisitor - [ORDERBOOK] Removing market data order:MktData(price=43,quantity=134)
23:15:22.571 [main] INFO  c.o.v.MutatingRemoveAllMarketDataOrdersVisitor - [ORDERBOOK] Removing level:43
23:15:22.571 [main] DEBUG c.orderbook.OrderBook - [ORDERBOOK] ASK: Adding orderMktData(price=43,quantity=134)
23:15:22.571 [main] DEBUG c.orderbook.OrderBook - [ORDERBOOK] ASK: Adding orderMktData(price=76,quantity=145)
23:15:22.571 [main] DEBUG c.orderbook.OrderBook - [ORDERBOOK] ASK: Adding orderMktData(price=91,quantity=300)
23:15:22.571 [main] DEBUG c.orderbook.OrderBook - [ORDERBOOK] ASK: Adding orderMktData(price=93,quantity=200)
23:15:22.571 [main] DEBUG c.orderbook.OrderBook - [ORDERBOOK] ASK: Adding orderMktData(price=95,quantity=100)
23:15:22.571 [main] DEBUG c.orderbook.OrderBook - [ORDERBOOK] ASK: Adding orderMktData(price=98,quantity=154)
23:15:22.571 [main] INFO  c.o.v.MutatingMatchOneMarketDataOrderVisitor - [ORDERBOOK] visiting LevelOrderBookLevel(price=43,quantity=134)
23:15:22.571 [main] INFO  c.o.v.MutatingMatchOneMarketDataOrderVisitor - [ORDERBOOK] Can't match order:MktData(price=43,quantity=134)(MktData(price=98,quantity=154))
23:15:22.571 [main] INFO  c.o.v.MutatingRemoveAllMarketDataOrdersVisitor - [ORDERBOOK] Removing market data order:MktData(price=98,quantity=501)
23:15:22.571 [main] INFO  c.o.v.MutatingRemoveAllMarketDataOrdersVisitor - [ORDERBOOK] Removing level:98
23:15:22.571 [main] INFO  c.o.v.MutatingRemoveAllMarketDataOrdersVisitor - [ORDERBOOK] Removing market data order:MktData(price=101,quantity=200)
23:15:22.571 [main] INFO  c.o.v.MutatingRemoveAllMarketDataOrdersVisitor - [ORDERBOOK] Removing level:101
23:15:22.571 [main] INFO  c.o.v.MutatingRemoveAllMarketDataOrdersVisitor - [ORDERBOOK] Removing market data order:MktData(price=110,quantity=5000)
23:15:22.571 [main] INFO  c.o.v.MutatingRemoveAllMarketDataOrdersVisitor - [ORDERBOOK] Removing level:110
23:15:22.571 [main] INFO  c.o.v.MutatingRemoveAllMarketDataOrdersVisitor - [ORDERBOOK] Removing market data order:MktData(price=119,quantity=5600)
23:15:22.571 [main] INFO  c.o.v.MutatingRemoveAllMarketDataOrdersVisitor - [ORDERBOOK] Removing level:119
23:15:22.571 [main] INFO  c.o.v.MutatingRemoveAllMarketDataOrdersVisitor - [ORDERBOOK] Removing market data order:MktData(price=123,quantity=453)
23:15:22.571 [main] INFO  c.o.v.MutatingRemoveAllMarketDataOrdersVisitor - [ORDERBOOK] Removing level:123
23:15:22.571 [main] INFO  c.o.v.MutatingRemoveAllMarketDataOrdersVisitor - [ORDERBOOK] Removing market data order:MktData(price=144,quantity=645)
23:15:22.571 [main] INFO  c.o.v.MutatingRemoveAllMarketDataOrdersVisitor - [ORDERBOOK] Removing level:144
23:15:22.571 [main] INFO  c.o.v.MutatingRemoveAllMarketDataOrdersVisitor - [ORDERBOOK] Removing market data order:MktData(price=167,quantity=665)
23:15:22.571 [main] INFO  c.o.v.MutatingRemoveAllMarketDataOrdersVisitor - [ORDERBOOK] Removing level:167
23:15:22.571 [main] DEBUG c.orderbook.OrderBook - [ORDERBOOK] ASK: Adding orderMktData(price=98,quantity=501)
23:15:22.571 [main] DEBUG c.orderbook.OrderBook - [ORDERBOOK] ASK: Adding orderMktData(price=101,quantity=200)
23:15:22.571 [main] DEBUG c.orderbook.OrderBook - [ORDERBOOK] ASK: Adding orderMktData(price=110,quantity=5000)
23:15:22.572 [main] DEBUG c.orderbook.OrderBook - [ORDERBOOK] ASK: Adding orderMktData(price=119,quantity=5600)
23:15:22.572 [main] DEBUG c.orderbook.OrderBook - [ORDERBOOK] ASK: Adding orderMktData(price=123,quantity=453)
23:15:22.572 [main] DEBUG c.orderbook.OrderBook - [ORDERBOOK] ASK: Adding orderMktData(price=144,quantity=645)
23:15:22.572 [main] DEBUG c.orderbook.OrderBook - [ORDERBOOK] ASK: Adding orderMktData(price=167,quantity=665)
23:15:22.572 [main] DEBUG c.service.MarketDataService - [ALGO] BID: price:43 quantity:134
23:15:22.572 [main] DEBUG c.service.MarketDataService - [ALGO] BID: price:76 quantity:145
23:15:22.572 [main] DEBUG c.service.MarketDataService - [ALGO] BID: price:91 quantity:300
23:15:22.572 [main] DEBUG c.service.MarketDataService - [ALGO] BID: price:93 quantity:200
23:15:22.572 [main] DEBUG c.service.MarketDataService - [ALGO] BID: price:95 quantity:100
23:15:22.572 [main] DEBUG c.service.MarketDataService - [ALGO] BID: price:98 quantity:154
23:15:22.572 [main] DEBUG c.service.MarketDataService - [ALGO] ASK: price:98 quantity:501
23:15:22.572 [main] DEBUG c.service.MarketDataService - [ALGO] ASK: price:101 quantity:200
23:15:22.572 [main] DEBUG c.service.MarketDataService - [ALGO] ASK: price:110 quantity:5000
23:15:22.572 [main] DEBUG c.service.MarketDataService - [ALGO] ASK: price:119 quantity:5600
23:15:22.572 [main] DEBUG c.service.MarketDataService - [ALGO] ASK: price:123 quantity:453
23:15:22.572 [main] DEBUG c.service.MarketDataService - [ALGO] ASK: price:144 quantity:645
23:15:22.572 [main] DEBUG c.service.MarketDataService - [ALGO] ASK: price:167 quantity:665
23:15:22.572 [main] INFO  c.gettingstarted.MyAlgoLogic - [MYALGO] The state of the order book is:
|----BID-----||----ASK----|
    134 @ 43    501 @ 98
    145 @ 76   200 @ 101
    300 @ 91  5000 @ 110
    200 @ 93  5600 @ 119
    100 @ 95   453 @ 123
    154 @ 98   645 @ 144
          -    665 @ 167
|------------||-----------|

23:15:22.572 [main] INFO  c.gettingstarted.MyAlgoLogic - [MYALGO] Algo Sees Book as: 
|----BID-----||----ASK----|
    134 @ 43    501 @ 98
    145 @ 76   200 @ 101
    300 @ 91  5000 @ 110
    200 @ 93  5600 @ 119
    100 @ 95   453 @ 123
    154 @ 98   645 @ 144
          -    665 @ 167
|------------||-----------|

23:15:22.572 [main] INFO  c.gettingstarted.TimedLogic - [TIMEDLOGIC] Market is closed
23:15:22.572 [main] INFO  c.sequencer.consumer.LoggingConsumer - [195] 
|----BID-----|
    134 @ 43
    145 @ 76
    300 @ 91
    200 @ 93
    100 @ 95
    154 @ 98
|----ASK-----|
    501 @ 98
   200 @ 101
  5000 @ 110
  5600 @ 119
   453 @ 123
   645 @ 144
   665 @ 167

23:15:22.572 [main] INFO  c.orderbook.OrderBook - [ORDERBOOK] Processing Mkt Data Update
23:15:22.572 [main] INFO  c.o.v.MutatingRemoveAllMarketDataOrdersVisitor - [ORDERBOOK] Removing market data order:MktData(price=43,quantity=134)
23:15:22.572 [main] INFO  c.o.v.MutatingRemoveAllMarketDataOrdersVisitor - [ORDERBOOK] Removing level:43
23:15:22.572 [main] DEBUG c.orderbook.OrderBook - [ORDERBOOK] ASK: Adding orderMktData(price=43,quantity=134)
23:15:22.572 [main] DEBUG c.orderbook.OrderBook - [ORDERBOOK] ASK: Adding orderMktData(price=76,quantity=145)
23:15:22.572 [main] DEBUG c.orderbook.OrderBook - [ORDERBOOK] ASK: Adding orderMktData(price=91,quantity=300)
23:15:22.572 [main] DEBUG c.orderbook.OrderBook - [ORDERBOOK] ASK: Adding orderMktData(price=93,quantity=200)
23:15:22.572 [main] DEBUG c.orderbook.OrderBook - [ORDERBOOK] ASK: Adding orderMktData(price=95,quantity=100)
23:15:22.572 [main] DEBUG c.orderbook.OrderBook - [ORDERBOOK] ASK: Adding orderMktData(price=98,quantity=154)
23:15:22.572 [main] INFO  c.o.v.MutatingMatchOneMarketDataOrderVisitor - [ORDERBOOK] visiting LevelOrderBookLevel(price=43,quantity=134)
23:15:22.572 [main] INFO  c.o.v.MutatingMatchOneMarketDataOrderVisitor - [ORDERBOOK] Can't match order:MktData(price=43,quantity=134)(MktData(price=98,quantity=154))
23:15:22.572 [main] INFO  c.o.v.MutatingRemoveAllMarketDataOrdersVisitor - [ORDERBOOK] Removing market data order:MktData(price=98,quantity=501)
23:15:22.572 [main] INFO  c.o.v.MutatingRemoveAllMarketDataOrdersVisitor - [ORDERBOOK] Removing level:98
23:15:22.572 [main] INFO  c.o.v.MutatingRemoveAllMarketDataOrdersVisitor - [ORDERBOOK] Removing market data order:MktData(price=101,quantity=200)
23:15:22.573 [main] INFO  c.o.v.MutatingRemoveAllMarketDataOrdersVisitor - [ORDERBOOK] Removing level:101
23:15:22.573 [main] INFO  c.o.v.MutatingRemoveAllMarketDataOrdersVisitor - [ORDERBOOK] Removing market data order:MktData(price=110,quantity=5000)
23:15:22.573 [main] INFO  c.o.v.MutatingRemoveAllMarketDataOrdersVisitor - [ORDERBOOK] Removing level:110
23:15:22.573 [main] INFO  c.o.v.MutatingRemoveAllMarketDataOrdersVisitor - [ORDERBOOK] Removing market data order:MktData(price=119,quantity=5600)
23:15:22.573 [main] INFO  c.o.v.MutatingRemoveAllMarketDataOrdersVisitor - [ORDERBOOK] Removing level:119
23:15:22.573 [main] INFO  c.o.v.MutatingRemoveAllMarketDataOrdersVisitor - [ORDERBOOK] Removing market data order:MktData(price=123,quantity=453)
23:15:22.573 [main] INFO  c.o.v.MutatingRemoveAllMarketDataOrdersVisitor - [ORDERBOOK] Removing level:123
23:15:22.573 [main] INFO  c.o.v.MutatingRemoveAllMarketDataOrdersVisitor - [ORDERBOOK] Removing market data order:MktData(price=144,quantity=645)
23:15:22.573 [main] INFO  c.o.v.MutatingRemoveAllMarketDataOrdersVisitor - [ORDERBOOK] Removing level:144
23:15:22.573 [main] INFO  c.o.v.MutatingRemoveAllMarketDataOrdersVisitor - [ORDERBOOK] Removing market data order:MktData(price=167,quantity=665)
23:15:22.573 [main] INFO  c.o.v.MutatingRemoveAllMarketDataOrdersVisitor - [ORDERBOOK] Removing level:167
23:15:22.573 [main] DEBUG c.orderbook.OrderBook - [ORDERBOOK] ASK: Adding orderMktData(price=98,quantity=501)
23:15:22.573 [main] DEBUG c.orderbook.OrderBook - [ORDERBOOK] ASK: Adding orderMktData(price=101,quantity=200)
23:15:22.573 [main] DEBUG c.orderbook.OrderBook - [ORDERBOOK] ASK: Adding orderMktData(price=110,quantity=5000)
23:15:22.573 [main] DEBUG c.orderbook.OrderBook - [ORDERBOOK] ASK: Adding orderMktData(price=119,quantity=5600)
23:15:22.573 [main] DEBUG c.orderbook.OrderBook - [ORDERBOOK] ASK: Adding orderMktData(price=123,quantity=453)
23:15:22.573 [main] DEBUG c.orderbook.OrderBook - [ORDERBOOK] ASK: Adding orderMktData(price=144,quantity=645)
23:15:22.573 [main] DEBUG c.orderbook.OrderBook - [ORDERBOOK] ASK: Adding orderMktData(price=167,quantity=665)
23:15:22.573 [main] DEBUG c.service.MarketDataService - [ALGO] BID: price:43 quantity:134
23:15:22.573 [main] DEBUG c.service.MarketDataService - [ALGO] BID: price:76 quantity:145
23:15:22.573 [main] DEBUG c.service.MarketDataService - [ALGO] BID: price:91 quantity:300
23:15:22.573 [main] DEBUG c.service.MarketDataService - [ALGO] BID: price:93 quantity:200
23:15:22.573 [main] DEBUG c.service.MarketDataService - [ALGO] BID: price:95 quantity:100
23:15:22.573 [main] DEBUG c.service.MarketDataService - [ALGO] BID: price:98 quantity:154
23:15:22.573 [main] DEBUG c.service.MarketDataService - [ALGO] ASK: price:98 quantity:501
23:15:22.573 [main] DEBUG c.service.MarketDataService - [ALGO] ASK: price:101 quantity:200
23:15:22.573 [main] DEBUG c.service.MarketDataService - [ALGO] ASK: price:110 quantity:5000
23:15:22.573 [main] DEBUG c.service.MarketDataService - [ALGO] ASK: price:119 quantity:5600
23:15:22.573 [main] DEBUG c.service.MarketDataService - [ALGO] ASK: price:123 quantity:453
23:15:22.573 [main] DEBUG c.service.MarketDataService - [ALGO] ASK: price:144 quantity:645
23:15:22.573 [main] DEBUG c.service.MarketDataService - [ALGO] ASK: price:167 quantity:665
23:15:22.573 [main] INFO  c.gettingstarted.MyAlgoLogic - [MYALGO] The state of the order book is:
|----BID-----||----ASK----|
    134 @ 43    501 @ 98
    145 @ 76   200 @ 101
    300 @ 91  5000 @ 110
    200 @ 93  5600 @ 119
    100 @ 95   453 @ 123
    154 @ 98   645 @ 144
          -    665 @ 167
|------------||-----------|

23:15:22.573 [main] INFO  c.gettingstarted.MyAlgoLogic - [MYALGO] Algo Sees Book as: 
|----BID-----||----ASK----|
    134 @ 43    501 @ 98
    145 @ 76   200 @ 101
    300 @ 91  5000 @ 110
    200 @ 93  5600 @ 119
    100 @ 95   453 @ 123
    154 @ 98   645 @ 144
          -    665 @ 167
|------------||-----------|

23:15:22.573 [main] INFO  c.gettingstarted.TimedLogic - [TIMEDLOGIC] Market is closed
23:15:22.573 [main] INFO  c.sequencer.consumer.LoggingConsumer - [196] 
|----BID-----|
    134 @ 43
    145 @ 76
    300 @ 91
    200 @ 93
    100 @ 95
    154 @ 98
|----ASK-----|
    501 @ 98
   200 @ 101
  5000 @ 110
  5600 @ 119
   453 @ 123
   645 @ 144
   665 @ 167

23:15:22.573 [main] INFO  c.orderbook.OrderBook - [ORDERBOOK] Processing Mkt Data Update
23:15:22.573 [main] INFO  c.o.v.MutatingRemoveAllMarketDataOrdersVisitor - [ORDERBOOK] Removing market data order:MktData(price=43,quantity=134)
23:15:22.573 [main] INFO  c.o.v.MutatingRemoveAllMarketDataOrdersVisitor - [ORDERBOOK] Removing level:43
23:15:22.573 [main] DEBUG c.orderbook.OrderBook - [ORDERBOOK] ASK: Adding orderMktData(price=43,quantity=134)
23:15:22.573 [main] DEBUG c.orderbook.OrderBook - [ORDERBOOK] ASK: Adding orderMktData(price=76,quantity=145)
23:15:22.573 [main] DEBUG c.orderbook.OrderBook - [ORDERBOOK] ASK: Adding orderMktData(price=91,quantity=300)
23:15:22.573 [main] DEBUG c.orderbook.OrderBook - [ORDERBOOK] ASK: Adding orderMktData(price=93,quantity=200)
23:15:22.573 [main] DEBUG c.orderbook.OrderBook - [ORDERBOOK] ASK: Adding orderMktData(price=95,quantity=100)
23:15:22.573 [main] DEBUG c.orderbook.OrderBook - [ORDERBOOK] ASK: Adding orderMktData(price=98,quantity=154)
23:15:22.573 [main] INFO  c.o.v.MutatingMatchOneMarketDataOrderVisitor - [ORDERBOOK] visiting LevelOrderBookLevel(price=43,quantity=134)
23:15:22.573 [main] INFO  c.o.v.MutatingMatchOneMarketDataOrderVisitor - [ORDERBOOK] Can't match order:MktData(price=43,quantity=134)(MktData(price=98,quantity=154))
23:15:22.573 [main] INFO  c.o.v.MutatingRemoveAllMarketDataOrdersVisitor - [ORDERBOOK] Removing market data order:MktData(price=98,quantity=501)
23:15:22.573 [main] INFO  c.o.v.MutatingRemoveAllMarketDataOrdersVisitor - [ORDERBOOK] Removing level:98
23:15:22.573 [main] INFO  c.o.v.MutatingRemoveAllMarketDataOrdersVisitor - [ORDERBOOK] Removing market data order:MktData(price=101,quantity=200)
23:15:22.573 [main] INFO  c.o.v.MutatingRemoveAllMarketDataOrdersVisitor - [ORDERBOOK] Removing level:101
23:15:22.573 [main] INFO  c.o.v.MutatingRemoveAllMarketDataOrdersVisitor - [ORDERBOOK] Removing market data order:MktData(price=110,quantity=5000)
23:15:22.573 [main] INFO  c.o.v.MutatingRemoveAllMarketDataOrdersVisitor - [ORDERBOOK] Removing level:110
23:15:22.573 [main] INFO  c.o.v.MutatingRemoveAllMarketDataOrdersVisitor - [ORDERBOOK] Removing market data order:MktData(price=119,quantity=5600)
23:15:22.573 [main] INFO  c.o.v.MutatingRemoveAllMarketDataOrdersVisitor - [ORDERBOOK] Removing level:119
23:15:22.573 [main] INFO  c.o.v.MutatingRemoveAllMarketDataOrdersVisitor - [ORDERBOOK] Removing market data order:MktData(price=123,quantity=453)
23:15:22.573 [main] INFO  c.o.v.MutatingRemoveAllMarketDataOrdersVisitor - [ORDERBOOK] Removing level:123
23:15:22.573 [main] INFO  c.o.v.MutatingRemoveAllMarketDataOrdersVisitor - [ORDERBOOK] Removing market data order:MktData(price=144,quantity=645)
23:15:22.573 [main] INFO  c.o.v.MutatingRemoveAllMarketDataOrdersVisitor - [ORDERBOOK] Removing level:144
23:15:22.573 [main] INFO  c.o.v.MutatingRemoveAllMarketDataOrdersVisitor - [ORDERBOOK] Removing market data order:MktData(price=167,quantity=665)
23:15:22.573 [main] INFO  c.o.v.MutatingRemoveAllMarketDataOrdersVisitor - [ORDERBOOK] Removing level:167
23:15:22.573 [main] DEBUG c.orderbook.OrderBook - [ORDERBOOK] ASK: Adding orderMktData(price=98,quantity=501)
23:15:22.573 [main] DEBUG c.orderbook.OrderBook - [ORDERBOOK] ASK: Adding orderMktData(price=101,quantity=200)
23:15:22.573 [main] DEBUG c.orderbook.OrderBook - [ORDERBOOK] ASK: Adding orderMktData(price=110,quantity=5000)
23:15:22.573 [main] DEBUG c.orderbook.OrderBook - [ORDERBOOK] ASK: Adding orderMktData(price=119,quantity=5600)
23:15:22.573 [main] DEBUG c.orderbook.OrderBook - [ORDERBOOK] ASK: Adding orderMktData(price=123,quantity=453)
23:15:22.573 [main] DEBUG c.orderbook.OrderBook - [ORDERBOOK] ASK: Adding orderMktData(price=144,quantity=645)
23:15:22.573 [main] DEBUG c.orderbook.OrderBook - [ORDERBOOK] ASK: Adding orderMktData(price=167,quantity=665)
23:15:22.573 [main] DEBUG c.service.MarketDataService - [ALGO] BID: price:43 quantity:134
23:15:22.573 [main] DEBUG c.service.MarketDataService - [ALGO] BID: price:76 quantity:145
23:15:22.573 [main] DEBUG c.service.MarketDataService - [ALGO] BID: price:91 quantity:300
23:15:22.573 [main] DEBUG c.service.MarketDataService - [ALGO] BID: price:93 quantity:200
23:15:22.573 [main] DEBUG c.service.MarketDataService - [ALGO] BID: price:95 quantity:100
23:15:22.573 [main] DEBUG c.service.MarketDataService - [ALGO] BID: price:98 quantity:154
23:15:22.573 [main] DEBUG c.service.MarketDataService - [ALGO] ASK: price:98 quantity:501
23:15:22.573 [main] DEBUG c.service.MarketDataService - [ALGO] ASK: price:101 quantity:200
23:15:22.573 [main] DEBUG c.service.MarketDataService - [ALGO] ASK: price:110 quantity:5000
23:15:22.573 [main] DEBUG c.service.MarketDataService - [ALGO] ASK: price:119 quantity:5600
23:15:22.573 [main] DEBUG c.service.MarketDataService - [ALGO] ASK: price:123 quantity:453
23:15:22.573 [main] DEBUG c.service.MarketDataService - [ALGO] ASK: price:144 quantity:645
23:15:22.573 [main] DEBUG c.service.MarketDataService - [ALGO] ASK: price:167 quantity:665
23:15:22.573 [main] INFO  c.gettingstarted.MyAlgoLogic - [MYALGO] The state of the order book is:
|----BID-----||----ASK----|
    134 @ 43    501 @ 98
    145 @ 76   200 @ 101
    300 @ 91  5000 @ 110
    200 @ 93  5600 @ 119
    100 @ 95   453 @ 123
    154 @ 98   645 @ 144
          -    665 @ 167
|------------||-----------|

23:15:22.573 [main] INFO  c.gettingstarted.MyAlgoLogic - [MYALGO] Algo Sees Book as: 
|----BID-----||----ASK----|
    134 @ 43    501 @ 98
    145 @ 76   200 @ 101
    300 @ 91  5000 @ 110
    200 @ 93  5600 @ 119
    100 @ 95   453 @ 123
    154 @ 98   645 @ 144
          -    665 @ 167
|------------||-----------|

23:15:22.573 [main] INFO  c.gettingstarted.TimedLogic - [TIMEDLOGIC] Market is closed
23:15:22.573 [main] INFO  c.sequencer.consumer.LoggingConsumer - [197] 
|----BID-----|
    134 @ 43
    145 @ 76
    300 @ 91
    200 @ 93
    100 @ 95
    154 @ 98
|----ASK-----|
    501 @ 98
   200 @ 101
  5000 @ 110
  5600 @ 119
   453 @ 123
   645 @ 144
   665 @ 167

23:15:22.573 [main] INFO  c.orderbook.OrderBook - [ORDERBOOK] Processing Mkt Data Update
23:15:22.573 [main] INFO  c.o.v.MutatingRemoveAllMarketDataOrdersVisitor - [ORDERBOOK] Removing market data order:MktData(price=43,quantity=134)
23:15:22.573 [main] INFO  c.o.v.MutatingRemoveAllMarketDataOrdersVisitor - [ORDERBOOK] Removing level:43
23:15:22.573 [main] DEBUG c.orderbook.OrderBook - [ORDERBOOK] ASK: Adding orderMktData(price=43,quantity=134)
23:15:22.573 [main] DEBUG c.orderbook.OrderBook - [ORDERBOOK] ASK: Adding orderMktData(price=76,quantity=145)
23:15:22.573 [main] DEBUG c.orderbook.OrderBook - [ORDERBOOK] ASK: Adding orderMktData(price=91,quantity=300)
23:15:22.573 [main] DEBUG c.orderbook.OrderBook - [ORDERBOOK] ASK: Adding orderMktData(price=93,quantity=200)
23:15:22.573 [main] DEBUG c.orderbook.OrderBook - [ORDERBOOK] ASK: Adding orderMktData(price=95,quantity=100)
23:15:22.573 [main] DEBUG c.orderbook.OrderBook - [ORDERBOOK] ASK: Adding orderMktData(price=98,quantity=154)
23:15:22.573 [main] INFO  c.o.v.MutatingMatchOneMarketDataOrderVisitor - [ORDERBOOK] visiting LevelOrderBookLevel(price=43,quantity=134)
23:15:22.573 [main] INFO  c.o.v.MutatingMatchOneMarketDataOrderVisitor - [ORDERBOOK] Can't match order:MktData(price=43,quantity=134)(MktData(price=98,quantity=154))
23:15:22.573 [main] INFO  c.o.v.MutatingRemoveAllMarketDataOrdersVisitor - [ORDERBOOK] Removing market data order:MktData(price=98,quantity=501)
23:15:22.574 [main] INFO  c.o.v.MutatingRemoveAllMarketDataOrdersVisitor - [ORDERBOOK] Removing level:98
23:15:22.574 [main] INFO  c.o.v.MutatingRemoveAllMarketDataOrdersVisitor - [ORDERBOOK] Removing market data order:MktData(price=101,quantity=200)
23:15:22.574 [main] INFO  c.o.v.MutatingRemoveAllMarketDataOrdersVisitor - [ORDERBOOK] Removing level:101
23:15:22.574 [main] INFO  c.o.v.MutatingRemoveAllMarketDataOrdersVisitor - [ORDERBOOK] Removing market data order:MktData(price=110,quantity=5000)
23:15:22.574 [main] INFO  c.o.v.MutatingRemoveAllMarketDataOrdersVisitor - [ORDERBOOK] Removing level:110
23:15:22.574 [main] INFO  c.o.v.MutatingRemoveAllMarketDataOrdersVisitor - [ORDERBOOK] Removing market data order:MktData(price=119,quantity=5600)
23:15:22.574 [main] INFO  c.o.v.MutatingRemoveAllMarketDataOrdersVisitor - [ORDERBOOK] Removing level:119
23:15:22.574 [main] INFO  c.o.v.MutatingRemoveAllMarketDataOrdersVisitor - [ORDERBOOK] Removing market data order:MktData(price=123,quantity=453)
23:15:22.574 [main] INFO  c.o.v.MutatingRemoveAllMarketDataOrdersVisitor - [ORDERBOOK] Removing level:123
23:15:22.574 [main] INFO  c.o.v.MutatingRemoveAllMarketDataOrdersVisitor - [ORDERBOOK] Removing market data order:MktData(price=144,quantity=645)
23:15:22.574 [main] INFO  c.o.v.MutatingRemoveAllMarketDataOrdersVisitor - [ORDERBOOK] Removing level:144
23:15:22.574 [main] INFO  c.o.v.MutatingRemoveAllMarketDataOrdersVisitor - [ORDERBOOK] Removing market data order:MktData(price=167,quantity=665)
23:15:22.574 [main] INFO  c.o.v.MutatingRemoveAllMarketDataOrdersVisitor - [ORDERBOOK] Removing level:167
23:15:22.574 [main] DEBUG c.orderbook.OrderBook - [ORDERBOOK] ASK: Adding orderMktData(price=98,quantity=501)
23:15:22.574 [main] DEBUG c.orderbook.OrderBook - [ORDERBOOK] ASK: Adding orderMktData(price=101,quantity=200)
23:15:22.574 [main] DEBUG c.orderbook.OrderBook - [ORDERBOOK] ASK: Adding orderMktData(price=110,quantity=5000)
23:15:22.574 [main] DEBUG c.orderbook.OrderBook - [ORDERBOOK] ASK: Adding orderMktData(price=119,quantity=5600)
23:15:22.574 [main] DEBUG c.orderbook.OrderBook - [ORDERBOOK] ASK: Adding orderMktData(price=123,quantity=453)
23:15:22.574 [main] DEBUG c.orderbook.OrderBook - [ORDERBOOK] ASK: Adding orderMktData(price=144,quantity=645)
23:15:22.574 [main] DEBUG c.orderbook.OrderBook - [ORDERBOOK] ASK: Adding orderMktData(price=167,quantity=665)
23:15:22.574 [main] DEBUG c.service.MarketDataService - [ALGO] BID: price:43 quantity:134
23:15:22.574 [main] DEBUG c.service.MarketDataService - [ALGO] BID: price:76 quantity:145
23:15:22.574 [main] DEBUG c.service.MarketDataService - [ALGO] BID: price:91 quantity:300
23:15:22.574 [main] DEBUG c.service.MarketDataService - [ALGO] BID: price:93 quantity:200
23:15:22.574 [main] DEBUG c.service.MarketDataService - [ALGO] BID: price:95 quantity:100
23:15:22.574 [main] DEBUG c.service.MarketDataService - [ALGO] BID: price:98 quantity:154
23:15:22.574 [main] DEBUG c.service.MarketDataService - [ALGO] ASK: price:98 quantity:501
23:15:22.574 [main] DEBUG c.service.MarketDataService - [ALGO] ASK: price:101 quantity:200
23:15:22.574 [main] DEBUG c.service.MarketDataService - [ALGO] ASK: price:110 quantity:5000
23:15:22.574 [main] DEBUG c.service.MarketDataService - [ALGO] ASK: price:119 quantity:5600
23:15:22.574 [main] DEBUG c.service.MarketDataService - [ALGO] ASK: price:123 quantity:453
23:15:22.574 [main] DEBUG c.service.MarketDataService - [ALGO] ASK: price:144 quantity:645
23:15:22.574 [main] DEBUG c.service.MarketDataService - [ALGO] ASK: price:167 quantity:665
23:15:22.574 [main] INFO  c.gettingstarted.MyAlgoLogic - [MYALGO] The state of the order book is:
|----BID-----||----ASK----|
    134 @ 43    501 @ 98
    145 @ 76   200 @ 101
    300 @ 91  5000 @ 110
    200 @ 93  5600 @ 119
    100 @ 95   453 @ 123
    154 @ 98   645 @ 144
          -    665 @ 167
|------------||-----------|

23:15:22.574 [main] INFO  c.gettingstarted.MyAlgoLogic - [MYALGO] Algo Sees Book as: 
|----BID-----||----ASK----|
    134 @ 43    501 @ 98
    145 @ 76   200 @ 101
    300 @ 91  5000 @ 110
    200 @ 93  5600 @ 119
    100 @ 95   453 @ 123
    154 @ 98   645 @ 144
          -    665 @ 167
|------------||-----------|

23:15:22.574 [main] INFO  c.gettingstarted.TimedLogic - [TIMEDLOGIC] Market is closed
23:15:22.574 [main] INFO  c.sequencer.consumer.LoggingConsumer - [198] 
|----BID-----|
    134 @ 43
    145 @ 76
    300 @ 91
    200 @ 93
    100 @ 95
    154 @ 98
|----ASK-----|
    501 @ 98
   200 @ 101
  5000 @ 110
  5600 @ 119
   453 @ 123
   645 @ 144
   665 @ 167

23:15:22.574 [main] INFO  c.orderbook.OrderBook - [ORDERBOOK] Processing Mkt Data Update
23:15:22.574 [main] INFO  c.o.v.MutatingRemoveAllMarketDataOrdersVisitor - [ORDERBOOK] Removing market data order:MktData(price=43,quantity=134)
23:15:22.574 [main] INFO  c.o.v.MutatingRemoveAllMarketDataOrdersVisitor - [ORDERBOOK] Removing level:43
23:15:22.574 [main] DEBUG c.orderbook.OrderBook - [ORDERBOOK] ASK: Adding orderMktData(price=43,quantity=134)
23:15:22.574 [main] DEBUG c.orderbook.OrderBook - [ORDERBOOK] ASK: Adding orderMktData(price=76,quantity=145)
23:15:22.574 [main] DEBUG c.orderbook.OrderBook - [ORDERBOOK] ASK: Adding orderMktData(price=91,quantity=300)
23:15:22.574 [main] DEBUG c.orderbook.OrderBook - [ORDERBOOK] ASK: Adding orderMktData(price=93,quantity=200)
23:15:22.574 [main] DEBUG c.orderbook.OrderBook - [ORDERBOOK] ASK: Adding orderMktData(price=95,quantity=100)
23:15:22.574 [main] DEBUG c.orderbook.OrderBook - [ORDERBOOK] ASK: Adding orderMktData(price=98,quantity=154)
23:15:22.574 [main] INFO  c.o.v.MutatingMatchOneMarketDataOrderVisitor - [ORDERBOOK] visiting LevelOrderBookLevel(price=43,quantity=134)
23:15:22.574 [main] INFO  c.o.v.MutatingMatchOneMarketDataOrderVisitor - [ORDERBOOK] Can't match order:MktData(price=43,quantity=134)(MktData(price=98,quantity=154))
23:15:22.574 [main] INFO  c.o.v.MutatingRemoveAllMarketDataOrdersVisitor - [ORDERBOOK] Removing market data order:MktData(price=98,quantity=501)
23:15:22.574 [main] INFO  c.o.v.MutatingRemoveAllMarketDataOrdersVisitor - [ORDERBOOK] Removing level:98
23:15:22.574 [main] INFO  c.o.v.MutatingRemoveAllMarketDataOrdersVisitor - [ORDERBOOK] Removing market data order:MktData(price=101,quantity=200)
23:15:22.574 [main] INFO  c.o.v.MutatingRemoveAllMarketDataOrdersVisitor - [ORDERBOOK] Removing level:101
23:15:22.574 [main] INFO  c.o.v.MutatingRemoveAllMarketDataOrdersVisitor - [ORDERBOOK] Removing market data order:MktData(price=110,quantity=5000)
23:15:22.574 [main] INFO  c.o.v.MutatingRemoveAllMarketDataOrdersVisitor - [ORDERBOOK] Removing level:110
23:15:22.574 [main] INFO  c.o.v.MutatingRemoveAllMarketDataOrdersVisitor - [ORDERBOOK] Removing market data order:MktData(price=119,quantity=5600)
23:15:22.574 [main] INFO  c.o.v.MutatingRemoveAllMarketDataOrdersVisitor - [ORDERBOOK] Removing level:119
23:15:22.574 [main] INFO  c.o.v.MutatingRemoveAllMarketDataOrdersVisitor - [ORDERBOOK] Removing market data order:MktData(price=123,quantity=453)
23:15:22.574 [main] INFO  c.o.v.MutatingRemoveAllMarketDataOrdersVisitor - [ORDERBOOK] Removing level:123
23:15:22.574 [main] INFO  c.o.v.MutatingRemoveAllMarketDataOrdersVisitor - [ORDERBOOK] Removing market data order:MktData(price=144,quantity=645)
23:15:22.574 [main] INFO  c.o.v.MutatingRemoveAllMarketDataOrdersVisitor - [ORDERBOOK] Removing level:144
23:15:22.574 [main] INFO  c.o.v.MutatingRemoveAllMarketDataOrdersVisitor - [ORDERBOOK] Removing market data order:MktData(price=167,quantity=665)
23:15:22.574 [main] INFO  c.o.v.MutatingRemoveAllMarketDataOrdersVisitor - [ORDERBOOK] Removing level:167
23:15:22.574 [main] DEBUG c.orderbook.OrderBook - [ORDERBOOK] ASK: Adding orderMktData(price=98,quantity=501)
23:15:22.574 [main] DEBUG c.orderbook.OrderBook - [ORDERBOOK] ASK: Adding orderMktData(price=101,quantity=200)
23:15:22.574 [main] DEBUG c.orderbook.OrderBook - [ORDERBOOK] ASK: Adding orderMktData(price=110,quantity=5000)
23:15:22.574 [main] DEBUG c.orderbook.OrderBook - [ORDERBOOK] ASK: Adding orderMktData(price=119,quantity=5600)
23:15:22.574 [main] DEBUG c.orderbook.OrderBook - [ORDERBOOK] ASK: Adding orderMktData(price=123,quantity=453)
23:15:22.574 [main] DEBUG c.orderbook.OrderBook - [ORDERBOOK] ASK: Adding orderMktData(price=144,quantity=645)
23:15:22.574 [main] DEBUG c.orderbook.OrderBook - [ORDERBOOK] ASK: Adding orderMktData(price=167,quantity=665)
23:15:22.574 [main] DEBUG c.service.MarketDataService - [ALGO] BID: price:43 quantity:134
23:15:22.574 [main] DEBUG c.service.MarketDataService - [ALGO] BID: price:76 quantity:145
23:15:22.574 [main] DEBUG c.service.MarketDataService - [ALGO] BID: price:91 quantity:300
23:15:22.574 [main] DEBUG c.service.MarketDataService - [ALGO] BID: price:93 quantity:200
23:15:22.574 [main] DEBUG c.service.MarketDataService - [ALGO] BID: price:95 quantity:100
23:15:22.574 [main] DEBUG c.service.MarketDataService - [ALGO] BID: price:98 quantity:154
23:15:22.574 [main] DEBUG c.service.MarketDataService - [ALGO] ASK: price:98 quantity:501
23:15:22.574 [main] DEBUG c.service.MarketDataService - [ALGO] ASK: price:101 quantity:200
23:15:22.574 [main] DEBUG c.service.MarketDataService - [ALGO] ASK: price:110 quantity:5000
23:15:22.574 [main] DEBUG c.service.MarketDataService - [ALGO] ASK: price:119 quantity:5600
23:15:22.574 [main] DEBUG c.service.MarketDataService - [ALGO] ASK: price:123 quantity:453
23:15:22.574 [main] DEBUG c.service.MarketDataService - [ALGO] ASK: price:144 quantity:645
23:15:22.574 [main] DEBUG c.service.MarketDataService - [ALGO] ASK: price:167 quantity:665
23:15:22.574 [main] INFO  c.gettingstarted.MyAlgoLogic - [MYALGO] The state of the order book is:
|----BID-----||----ASK----|
    134 @ 43    501 @ 98
    145 @ 76   200 @ 101
    300 @ 91  5000 @ 110
    200 @ 93  5600 @ 119
    100 @ 95   453 @ 123
    154 @ 98   645 @ 144
          -    665 @ 167
|------------||-----------|

23:15:22.574 [main] INFO  c.gettingstarted.MyAlgoLogic - [MYALGO] Algo Sees Book as: 
|----BID-----||----ASK----|
    134 @ 43    501 @ 98
    145 @ 76   200 @ 101
    300 @ 91  5000 @ 110
    200 @ 93  5600 @ 119
    100 @ 95   453 @ 123
    154 @ 98   645 @ 144
          -    665 @ 167
|------------||-----------|

23:15:22.574 [main] INFO  c.gettingstarted.TimedLogic - [TIMEDLOGIC] Market is closed
23:15:22.574 [main] INFO  c.sequencer.consumer.LoggingConsumer - [199] 
|----BID-----|
    134 @ 43
    145 @ 76
    300 @ 91
    200 @ 93
    100 @ 95
    154 @ 98
|----ASK-----|
    501 @ 98
   200 @ 101
  5000 @ 110
  5600 @ 119
   453 @ 123
   645 @ 144
   665 @ 167

23:15:22.574 [main] INFO  c.orderbook.OrderBook - [ORDERBOOK] Processing Mkt Data Update
23:15:22.574 [main] INFO  c.o.v.MutatingRemoveAllMarketDataOrdersVisitor - [ORDERBOOK] Removing market data order:MktData(price=43,quantity=134)
23:15:22.574 [main] INFO  c.o.v.MutatingRemoveAllMarketDataOrdersVisitor - [ORDERBOOK] Removing level:43
23:15:22.574 [main] DEBUG c.orderbook.OrderBook - [ORDERBOOK] ASK: Adding orderMktData(price=43,quantity=134)
23:15:22.574 [main] DEBUG c.orderbook.OrderBook - [ORDERBOOK] ASK: Adding orderMktData(price=76,quantity=145)
23:15:22.574 [main] DEBUG c.orderbook.OrderBook - [ORDERBOOK] ASK: Adding orderMktData(price=91,quantity=300)
23:15:22.574 [main] DEBUG c.orderbook.OrderBook - [ORDERBOOK] ASK: Adding orderMktData(price=93,quantity=200)
23:15:22.574 [main] DEBUG c.orderbook.OrderBook - [ORDERBOOK] ASK: Adding orderMktData(price=95,quantity=100)
23:15:22.574 [main] DEBUG c.orderbook.OrderBook - [ORDERBOOK] ASK: Adding orderMktData(price=98,quantity=154)
23:15:22.574 [main] INFO  c.o.v.MutatingMatchOneMarketDataOrderVisitor - [ORDERBOOK] visiting LevelOrderBookLevel(price=43,quantity=134)
23:15:22.574 [main] INFO  c.o.v.MutatingMatchOneMarketDataOrderVisitor - [ORDERBOOK] Can't match order:MktData(price=43,quantity=134)(MktData(price=98,quantity=154))
23:15:22.574 [main] INFO  c.o.v.MutatingRemoveAllMarketDataOrdersVisitor - [ORDERBOOK] Removing market data order:MktData(price=98,quantity=501)
23:15:22.574 [main] INFO  c.o.v.MutatingRemoveAllMarketDataOrdersVisitor - [ORDERBOOK] Removing level:98
23:15:22.574 [main] INFO  c.o.v.MutatingRemoveAllMarketDataOrdersVisitor - [ORDERBOOK] Removing market data order:MktData(price=101,quantity=200)
23:15:22.574 [main] INFO  c.o.v.MutatingRemoveAllMarketDataOrdersVisitor - [ORDERBOOK] Removing level:101
23:15:22.574 [main] INFO  c.o.v.MutatingRemoveAllMarketDataOrdersVisitor - [ORDERBOOK] Removing market data order:MktData(price=110,quantity=5000)
23:15:22.574 [main] INFO  c.o.v.MutatingRemoveAllMarketDataOrdersVisitor - [ORDERBOOK] Removing level:110
23:15:22.574 [main] INFO  c.o.v.MutatingRemoveAllMarketDataOrdersVisitor - [ORDERBOOK] Removing market data order:MktData(price=119,quantity=5600)
23:15:22.575 [main] INFO  c.o.v.MutatingRemoveAllMarketDataOrdersVisitor - [ORDERBOOK] Removing level:119
23:15:22.575 [main] INFO  c.o.v.MutatingRemoveAllMarketDataOrdersVisitor - [ORDERBOOK] Removing market data order:MktData(price=123,quantity=453)
23:15:22.575 [main] INFO  c.o.v.MutatingRemoveAllMarketDataOrdersVisitor - [ORDERBOOK] Removing level:123
23:15:22.575 [main] INFO  c.o.v.MutatingRemoveAllMarketDataOrdersVisitor - [ORDERBOOK] Removing market data order:MktData(price=144,quantity=645)
23:15:22.575 [main] INFO  c.o.v.MutatingRemoveAllMarketDataOrdersVisitor - [ORDERBOOK] Removing level:144
23:15:22.575 [main] INFO  c.o.v.MutatingRemoveAllMarketDataOrdersVisitor - [ORDERBOOK] Removing market data order:MktData(price=167,quantity=665)
23:15:22.575 [main] INFO  c.o.v.MutatingRemoveAllMarketDataOrdersVisitor - [ORDERBOOK] Removing level:167
23:15:22.575 [main] DEBUG c.orderbook.OrderBook - [ORDERBOOK] ASK: Adding orderMktData(price=98,quantity=501)
23:15:22.575 [main] DEBUG c.orderbook.OrderBook - [ORDERBOOK] ASK: Adding orderMktData(price=101,quantity=200)
23:15:22.575 [main] DEBUG c.orderbook.OrderBook - [ORDERBOOK] ASK: Adding orderMktData(price=110,quantity=5000)
23:15:22.575 [main] DEBUG c.orderbook.OrderBook - [ORDERBOOK] ASK: Adding orderMktData(price=119,quantity=5600)
23:15:22.575 [main] DEBUG c.orderbook.OrderBook - [ORDERBOOK] ASK: Adding orderMktData(price=123,quantity=453)
23:15:22.575 [main] DEBUG c.orderbook.OrderBook - [ORDERBOOK] ASK: Adding orderMktData(price=144,quantity=645)
23:15:22.575 [main] DEBUG c.orderbook.OrderBook - [ORDERBOOK] ASK: Adding orderMktData(price=167,quantity=665)
23:15:22.575 [main] DEBUG c.service.MarketDataService - [ALGO] BID: price:43 quantity:134
23:15:22.575 [main] DEBUG c.service.MarketDataService - [ALGO] BID: price:76 quantity:145
23:15:22.575 [main] DEBUG c.service.MarketDataService - [ALGO] BID: price:91 quantity:300
23:15:22.575 [main] DEBUG c.service.MarketDataService - [ALGO] BID: price:93 quantity:200
23:15:22.575 [main] DEBUG c.service.MarketDataService - [ALGO] BID: price:95 quantity:100
23:15:22.575 [main] DEBUG c.service.MarketDataService - [ALGO] BID: price:98 quantity:154
23:15:22.575 [main] DEBUG c.service.MarketDataService - [ALGO] ASK: price:98 quantity:501
23:15:22.575 [main] DEBUG c.service.MarketDataService - [ALGO] ASK: price:101 quantity:200
23:15:22.575 [main] DEBUG c.service.MarketDataService - [ALGO] ASK: price:110 quantity:5000
23:15:22.575 [main] DEBUG c.service.MarketDataService - [ALGO] ASK: price:119 quantity:5600
23:15:22.575 [main] DEBUG c.service.MarketDataService - [ALGO] ASK: price:123 quantity:453
23:15:22.575 [main] DEBUG c.service.MarketDataService - [ALGO] ASK: price:144 quantity:645
23:15:22.575 [main] DEBUG c.service.MarketDataService - [ALGO] ASK: price:167 quantity:665
23:15:22.575 [main] INFO  c.gettingstarted.MyAlgoLogic - [MYALGO] The state of the order book is:
|----BID-----||----ASK----|
    134 @ 43    501 @ 98
    145 @ 76   200 @ 101
    300 @ 91  5000 @ 110
    200 @ 93  5600 @ 119
    100 @ 95   453 @ 123
    154 @ 98   645 @ 144
          -    665 @ 167
|------------||-----------|

23:15:22.575 [main] INFO  c.gettingstarted.MyAlgoLogic - [MYALGO] Algo Sees Book as: 
|----BID-----||----ASK----|
    134 @ 43    501 @ 98
    145 @ 76   200 @ 101
    300 @ 91  5000 @ 110
    200 @ 93  5600 @ 119
    100 @ 95   453 @ 123
    154 @ 98   645 @ 144
          -    665 @ 167
|------------||-----------|

23:15:22.575 [main] INFO  c.gettingstarted.TimedLogic - [TIMEDLOGIC] Market is closed
23:15:22.575 [main] INFO  c.sequencer.consumer.LoggingConsumer - [200] 
|----BID-----|
    134 @ 43
    145 @ 76
    300 @ 91
    200 @ 93
    100 @ 95
    154 @ 98
|----ASK-----|
    501 @ 98
   200 @ 101
  5000 @ 110
  5600 @ 119
   453 @ 123
   645 @ 144
   665 @ 167

23:15:22.575 [main] INFO  c.orderbook.OrderBook - [ORDERBOOK] Processing Mkt Data Update
23:15:22.575 [main] INFO  c.o.v.MutatingRemoveAllMarketDataOrdersVisitor - [ORDERBOOK] Removing market data order:MktData(price=43,quantity=134)
23:15:22.575 [main] INFO  c.o.v.MutatingRemoveAllMarketDataOrdersVisitor - [ORDERBOOK] Removing level:43
23:15:22.575 [main] DEBUG c.orderbook.OrderBook - [ORDERBOOK] ASK: Adding orderMktData(price=43,quantity=134)
23:15:22.575 [main] DEBUG c.orderbook.OrderBook - [ORDERBOOK] ASK: Adding orderMktData(price=76,quantity=145)
23:15:22.575 [main] DEBUG c.orderbook.OrderBook - [ORDERBOOK] ASK: Adding orderMktData(price=91,quantity=300)
23:15:22.575 [main] DEBUG c.orderbook.OrderBook - [ORDERBOOK] ASK: Adding orderMktData(price=93,quantity=200)
23:15:22.575 [main] DEBUG c.orderbook.OrderBook - [ORDERBOOK] ASK: Adding orderMktData(price=95,quantity=100)
23:15:22.575 [main] DEBUG c.orderbook.OrderBook - [ORDERBOOK] ASK: Adding orderMktData(price=98,quantity=154)
23:15:22.575 [main] INFO  c.o.v.MutatingMatchOneMarketDataOrderVisitor - [ORDERBOOK] visiting LevelOrderBookLevel(price=43,quantity=134)
23:15:22.575 [main] INFO  c.o.v.MutatingMatchOneMarketDataOrderVisitor - [ORDERBOOK] Can't match order:MktData(price=43,quantity=134)(MktData(price=98,quantity=154))
23:15:22.575 [main] INFO  c.o.v.MutatingRemoveAllMarketDataOrdersVisitor - [ORDERBOOK] Removing market data order:MktData(price=98,quantity=501)
23:15:22.575 [main] INFO  c.o.v.MutatingRemoveAllMarketDataOrdersVisitor - [ORDERBOOK] Removing level:98
23:15:22.575 [main] INFO  c.o.v.MutatingRemoveAllMarketDataOrdersVisitor - [ORDERBOOK] Removing market data order:MktData(price=101,quantity=200)
23:15:22.575 [main] INFO  c.o.v.MutatingRemoveAllMarketDataOrdersVisitor - [ORDERBOOK] Removing level:101
23:15:22.575 [main] INFO  c.o.v.MutatingRemoveAllMarketDataOrdersVisitor - [ORDERBOOK] Removing market data order:MktData(price=110,quantity=5000)
23:15:22.575 [main] INFO  c.o.v.MutatingRemoveAllMarketDataOrdersVisitor - [ORDERBOOK] Removing level:110
23:15:22.575 [main] INFO  c.o.v.MutatingRemoveAllMarketDataOrdersVisitor - [ORDERBOOK] Removing market data order:MktData(price=119,quantity=5600)
23:15:22.575 [main] INFO  c.o.v.MutatingRemoveAllMarketDataOrdersVisitor - [ORDERBOOK] Removing level:119
23:15:22.575 [main] INFO  c.o.v.MutatingRemoveAllMarketDataOrdersVisitor - [ORDERBOOK] Removing market data order:MktData(price=123,quantity=453)
23:15:22.575 [main] INFO  c.o.v.MutatingRemoveAllMarketDataOrdersVisitor - [ORDERBOOK] Removing level:123
23:15:22.575 [main] INFO  c.o.v.MutatingRemoveAllMarketDataOrdersVisitor - [ORDERBOOK] Removing market data order:MktData(price=144,quantity=645)
23:15:22.575 [main] INFO  c.o.v.MutatingRemoveAllMarketDataOrdersVisitor - [ORDERBOOK] Removing level:144
23:15:22.575 [main] INFO  c.o.v.MutatingRemoveAllMarketDataOrdersVisitor - [ORDERBOOK] Removing market data order:MktData(price=167,quantity=665)
23:15:22.575 [main] INFO  c.o.v.MutatingRemoveAllMarketDataOrdersVisitor - [ORDERBOOK] Removing level:167
23:15:22.575 [main] DEBUG c.orderbook.OrderBook - [ORDERBOOK] ASK: Adding orderMktData(price=98,quantity=501)
23:15:22.575 [main] DEBUG c.orderbook.OrderBook - [ORDERBOOK] ASK: Adding orderMktData(price=101,quantity=200)
23:15:22.575 [main] DEBUG c.orderbook.OrderBook - [ORDERBOOK] ASK: Adding orderMktData(price=110,quantity=5000)
23:15:22.575 [main] DEBUG c.orderbook.OrderBook - [ORDERBOOK] ASK: Adding orderMktData(price=119,quantity=5600)
23:15:22.575 [main] DEBUG c.orderbook.OrderBook - [ORDERBOOK] ASK: Adding orderMktData(price=123,quantity=453)
23:15:22.575 [main] DEBUG c.orderbook.OrderBook - [ORDERBOOK] ASK: Adding orderMktData(price=144,quantity=645)
23:15:22.575 [main] DEBUG c.orderbook.OrderBook - [ORDERBOOK] ASK: Adding orderMktData(price=167,quantity=665)
23:15:22.575 [main] DEBUG c.service.MarketDataService - [ALGO] BID: price:43 quantity:134
23:15:22.575 [main] DEBUG c.service.MarketDataService - [ALGO] BID: price:76 quantity:145
23:15:22.575 [main] DEBUG c.service.MarketDataService - [ALGO] BID: price:91 quantity:300
23:15:22.575 [main] DEBUG c.service.MarketDataService - [ALGO] BID: price:93 quantity:200
23:15:22.575 [main] DEBUG c.service.MarketDataService - [ALGO] BID: price:95 quantity:100
23:15:22.575 [main] DEBUG c.service.MarketDataService - [ALGO] BID: price:98 quantity:154
23:15:22.575 [main] DEBUG c.service.MarketDataService - [ALGO] ASK: price:98 quantity:501
23:15:22.575 [main] DEBUG c.service.MarketDataService - [ALGO] ASK: price:101 quantity:200
23:15:22.575 [main] DEBUG c.service.MarketDataService - [ALGO] ASK: price:110 quantity:5000
23:15:22.575 [main] DEBUG c.service.MarketDataService - [ALGO] ASK: price:119 quantity:5600
23:15:22.575 [main] DEBUG c.service.MarketDataService - [ALGO] ASK: price:123 quantity:453
23:15:22.575 [main] DEBUG c.service.MarketDataService - [ALGO] ASK: price:144 quantity:645
23:15:22.575 [main] DEBUG c.service.MarketDataService - [ALGO] ASK: price:167 quantity:665
23:15:22.575 [main] INFO  c.gettingstarted.MyAlgoLogic - [MYALGO] The state of the order book is:
|----BID-----||----ASK----|
    134 @ 43    501 @ 98
    145 @ 76   200 @ 101
    300 @ 91  5000 @ 110
    200 @ 93  5600 @ 119
    100 @ 95   453 @ 123
    154 @ 98   645 @ 144
          -    665 @ 167
|------------||-----------|

23:15:22.575 [main] INFO  c.gettingstarted.MyAlgoLogic - [MYALGO] Algo Sees Book as: 
|----BID-----||----ASK----|
    134 @ 43    501 @ 98
    145 @ 76   200 @ 101
    300 @ 91  5000 @ 110
    200 @ 93  5600 @ 119
    100 @ 95   453 @ 123
    154 @ 98   645 @ 144
          -    665 @ 167
|------------||-----------|

23:15:22.575 [main] INFO  c.gettingstarted.TimedLogic - [TIMEDLOGIC] Market is closed
23:15:22.575 [main] INFO  c.sequencer.consumer.LoggingConsumer - [201] 
|----BID-----|
    134 @ 43
    145 @ 76
    300 @ 91
    200 @ 93
    100 @ 95
    154 @ 98
|----ASK-----|
    501 @ 98
   200 @ 101
  5000 @ 110
  5600 @ 119
   453 @ 123
   645 @ 144
   665 @ 167

23:15:22.575 [main] INFO  c.orderbook.OrderBook - [ORDERBOOK] Processing Mkt Data Update
23:15:22.575 [main] INFO  c.o.v.MutatingRemoveAllMarketDataOrdersVisitor - [ORDERBOOK] Removing market data order:MktData(price=43,quantity=134)
23:15:22.575 [main] INFO  c.o.v.MutatingRemoveAllMarketDataOrdersVisitor - [ORDERBOOK] Removing level:43
23:15:22.575 [main] DEBUG c.orderbook.OrderBook - [ORDERBOOK] ASK: Adding orderMktData(price=43,quantity=134)
23:15:22.575 [main] DEBUG c.orderbook.OrderBook - [ORDERBOOK] ASK: Adding orderMktData(price=76,quantity=145)
23:15:22.575 [main] DEBUG c.orderbook.OrderBook - [ORDERBOOK] ASK: Adding orderMktData(price=91,quantity=300)
23:15:22.575 [main] DEBUG c.orderbook.OrderBook - [ORDERBOOK] ASK: Adding orderMktData(price=93,quantity=200)
23:15:22.575 [main] DEBUG c.orderbook.OrderBook - [ORDERBOOK] ASK: Adding orderMktData(price=95,quantity=100)
23:15:22.575 [main] DEBUG c.orderbook.OrderBook - [ORDERBOOK] ASK: Adding orderMktData(price=98,quantity=154)
23:15:22.575 [main] INFO  c.o.v.MutatingMatchOneMarketDataOrderVisitor - [ORDERBOOK] visiting LevelOrderBookLevel(price=43,quantity=134)
23:15:22.575 [main] INFO  c.o.v.MutatingMatchOneMarketDataOrderVisitor - [ORDERBOOK] Can't match order:MktData(price=43,quantity=134)(MktData(price=98,quantity=154))
23:15:22.575 [main] INFO  c.o.v.MutatingRemoveAllMarketDataOrdersVisitor - [ORDERBOOK] Removing market data order:MktData(price=98,quantity=501)
23:15:22.575 [main] INFO  c.o.v.MutatingRemoveAllMarketDataOrdersVisitor - [ORDERBOOK] Removing level:98
23:15:22.575 [main] INFO  c.o.v.MutatingRemoveAllMarketDataOrdersVisitor - [ORDERBOOK] Removing market data order:MktData(price=101,quantity=200)
23:15:22.575 [main] INFO  c.o.v.MutatingRemoveAllMarketDataOrdersVisitor - [ORDERBOOK] Removing level:101
23:15:22.575 [main] INFO  c.o.v.MutatingRemoveAllMarketDataOrdersVisitor - [ORDERBOOK] Removing market data order:MktData(price=110,quantity=5000)
23:15:22.575 [main] INFO  c.o.v.MutatingRemoveAllMarketDataOrdersVisitor - [ORDERBOOK] Removing level:110
23:15:22.575 [main] INFO  c.o.v.MutatingRemoveAllMarketDataOrdersVisitor - [ORDERBOOK] Removing market data order:MktData(price=119,quantity=5600)
23:15:22.575 [main] INFO  c.o.v.MutatingRemoveAllMarketDataOrdersVisitor - [ORDERBOOK] Removing level:119
23:15:22.575 [main] INFO  c.o.v.MutatingRemoveAllMarketDataOrdersVisitor - [ORDERBOOK] Removing market data order:MktData(price=123,quantity=453)
23:15:22.575 [main] INFO  c.o.v.MutatingRemoveAllMarketDataOrdersVisitor - [ORDERBOOK] Removing level:123
23:15:22.575 [main] INFO  c.o.v.MutatingRemoveAllMarketDataOrdersVisitor - [ORDERBOOK] Removing market data order:MktData(price=144,quantity=645)
23:15:22.575 [main] INFO  c.o.v.MutatingRemoveAllMarketDataOrdersVisitor - [ORDERBOOK] Removing level:144
23:15:22.575 [main] INFO  c.o.v.MutatingRemoveAllMarketDataOrdersVisitor - [ORDERBOOK] Removing market data order:MktData(price=167,quantity=665)
23:15:22.575 [main] INFO  c.o.v.MutatingRemoveAllMarketDataOrdersVisitor - [ORDERBOOK] Removing level:167
23:15:22.575 [main] DEBUG c.orderbook.OrderBook - [ORDERBOOK] ASK: Adding orderMktData(price=98,quantity=501)
23:15:22.575 [main] DEBUG c.orderbook.OrderBook - [ORDERBOOK] ASK: Adding orderMktData(price=101,quantity=200)
23:15:22.575 [main] DEBUG c.orderbook.OrderBook - [ORDERBOOK] ASK: Adding orderMktData(price=110,quantity=5000)
23:15:22.576 [main] DEBUG c.orderbook.OrderBook - [ORDERBOOK] ASK: Adding orderMktData(price=119,quantity=5600)
23:15:22.576 [main] DEBUG c.orderbook.OrderBook - [ORDERBOOK] ASK: Adding orderMktData(price=123,quantity=453)
23:15:22.576 [main] DEBUG c.orderbook.OrderBook - [ORDERBOOK] ASK: Adding orderMktData(price=144,quantity=645)
23:15:22.576 [main] DEBUG c.orderbook.OrderBook - [ORDERBOOK] ASK: Adding orderMktData(price=167,quantity=665)
23:15:22.576 [main] DEBUG c.service.MarketDataService - [ALGO] BID: price:43 quantity:134
23:15:22.576 [main] DEBUG c.service.MarketDataService - [ALGO] BID: price:76 quantity:145
23:15:22.576 [main] DEBUG c.service.MarketDataService - [ALGO] BID: price:91 quantity:300
23:15:22.576 [main] DEBUG c.service.MarketDataService - [ALGO] BID: price:93 quantity:200
23:15:22.576 [main] DEBUG c.service.MarketDataService - [ALGO] BID: price:95 quantity:100
23:15:22.576 [main] DEBUG c.service.MarketDataService - [ALGO] BID: price:98 quantity:154
23:15:22.576 [main] DEBUG c.service.MarketDataService - [ALGO] ASK: price:98 quantity:501
23:15:22.576 [main] DEBUG c.service.MarketDataService - [ALGO] ASK: price:101 quantity:200
23:15:22.576 [main] DEBUG c.service.MarketDataService - [ALGO] ASK: price:110 quantity:5000
23:15:22.576 [main] DEBUG c.service.MarketDataService - [ALGO] ASK: price:119 quantity:5600
23:15:22.576 [main] DEBUG c.service.MarketDataService - [ALGO] ASK: price:123 quantity:453
23:15:22.576 [main] DEBUG c.service.MarketDataService - [ALGO] ASK: price:144 quantity:645
23:15:22.576 [main] DEBUG c.service.MarketDataService - [ALGO] ASK: price:167 quantity:665
23:15:22.576 [main] INFO  c.gettingstarted.MyAlgoLogic - [MYALGO] The state of the order book is:
|----BID-----||----ASK----|
    134 @ 43    501 @ 98
    145 @ 76   200 @ 101
    300 @ 91  5000 @ 110
    200 @ 93  5600 @ 119
    100 @ 95   453 @ 123
    154 @ 98   645 @ 144
          -    665 @ 167
|------------||-----------|

23:15:22.576 [main] INFO  c.gettingstarted.MyAlgoLogic - [MYALGO] Algo Sees Book as: 
|----BID-----||----ASK----|
    134 @ 43    501 @ 98
    145 @ 76   200 @ 101
    300 @ 91  5000 @ 110
    200 @ 93  5600 @ 119
    100 @ 95   453 @ 123
    154 @ 98   645 @ 144
          -    665 @ 167
|------------||-----------|

23:15:22.576 [main] INFO  c.gettingstarted.TimedLogic - [TIMEDLOGIC] Market is closed
23:15:22.576 [main] INFO  c.sequencer.consumer.LoggingConsumer - [202] 
|----BID-----|
    134 @ 43
    145 @ 76
    300 @ 91
    200 @ 93
    100 @ 95
    154 @ 98
|----ASK-----|
    501 @ 98
   200 @ 101
  5000 @ 110
  5600 @ 119
   453 @ 123
   645 @ 144
   665 @ 167

23:15:22.576 [main] INFO  c.orderbook.OrderBook - [ORDERBOOK] Processing Mkt Data Update
23:15:22.576 [main] INFO  c.o.v.MutatingRemoveAllMarketDataOrdersVisitor - [ORDERBOOK] Removing market data order:MktData(price=43,quantity=134)
23:15:22.576 [main] INFO  c.o.v.MutatingRemoveAllMarketDataOrdersVisitor - [ORDERBOOK] Removing level:43
23:15:22.576 [main] DEBUG c.orderbook.OrderBook - [ORDERBOOK] ASK: Adding orderMktData(price=43,quantity=134)
23:15:22.576 [main] DEBUG c.orderbook.OrderBook - [ORDERBOOK] ASK: Adding orderMktData(price=76,quantity=145)
23:15:22.576 [main] DEBUG c.orderbook.OrderBook - [ORDERBOOK] ASK: Adding orderMktData(price=91,quantity=300)
23:15:22.576 [main] DEBUG c.orderbook.OrderBook - [ORDERBOOK] ASK: Adding orderMktData(price=93,quantity=200)
23:15:22.576 [main] DEBUG c.orderbook.OrderBook - [ORDERBOOK] ASK: Adding orderMktData(price=95,quantity=100)
23:15:22.576 [main] DEBUG c.orderbook.OrderBook - [ORDERBOOK] ASK: Adding orderMktData(price=98,quantity=154)
23:15:22.576 [main] INFO  c.o.v.MutatingMatchOneMarketDataOrderVisitor - [ORDERBOOK] visiting LevelOrderBookLevel(price=43,quantity=134)
23:15:22.576 [main] INFO  c.o.v.MutatingMatchOneMarketDataOrderVisitor - [ORDERBOOK] Can't match order:MktData(price=43,quantity=134)(MktData(price=98,quantity=154))
23:15:22.576 [main] INFO  c.o.v.MutatingRemoveAllMarketDataOrdersVisitor - [ORDERBOOK] Removing market data order:MktData(price=98,quantity=501)
23:15:22.576 [main] INFO  c.o.v.MutatingRemoveAllMarketDataOrdersVisitor - [ORDERBOOK] Removing level:98
23:15:22.576 [main] INFO  c.o.v.MutatingRemoveAllMarketDataOrdersVisitor - [ORDERBOOK] Removing market data order:MktData(price=101,quantity=200)
23:15:22.576 [main] INFO  c.o.v.MutatingRemoveAllMarketDataOrdersVisitor - [ORDERBOOK] Removing level:101
23:15:22.576 [main] INFO  c.o.v.MutatingRemoveAllMarketDataOrdersVisitor - [ORDERBOOK] Removing market data order:MktData(price=110,quantity=5000)
23:15:22.576 [main] INFO  c.o.v.MutatingRemoveAllMarketDataOrdersVisitor - [ORDERBOOK] Removing level:110
23:15:22.576 [main] INFO  c.o.v.MutatingRemoveAllMarketDataOrdersVisitor - [ORDERBOOK] Removing market data order:MktData(price=119,quantity=5600)
23:15:22.576 [main] INFO  c.o.v.MutatingRemoveAllMarketDataOrdersVisitor - [ORDERBOOK] Removing level:119
23:15:22.576 [main] INFO  c.o.v.MutatingRemoveAllMarketDataOrdersVisitor - [ORDERBOOK] Removing market data order:MktData(price=123,quantity=453)
23:15:22.576 [main] INFO  c.o.v.MutatingRemoveAllMarketDataOrdersVisitor - [ORDERBOOK] Removing level:123
23:15:22.576 [main] INFO  c.o.v.MutatingRemoveAllMarketDataOrdersVisitor - [ORDERBOOK] Removing market data order:MktData(price=144,quantity=645)
23:15:22.576 [main] INFO  c.o.v.MutatingRemoveAllMarketDataOrdersVisitor - [ORDERBOOK] Removing level:144
23:15:22.576 [main] INFO  c.o.v.MutatingRemoveAllMarketDataOrdersVisitor - [ORDERBOOK] Removing market data order:MktData(price=167,quantity=665)
23:15:22.576 [main] INFO  c.o.v.MutatingRemoveAllMarketDataOrdersVisitor - [ORDERBOOK] Removing level:167
23:15:22.576 [main] DEBUG c.orderbook.OrderBook - [ORDERBOOK] ASK: Adding orderMktData(price=98,quantity=501)
23:15:22.576 [main] DEBUG c.orderbook.OrderBook - [ORDERBOOK] ASK: Adding orderMktData(price=101,quantity=200)
23:15:22.576 [main] DEBUG c.orderbook.OrderBook - [ORDERBOOK] ASK: Adding orderMktData(price=110,quantity=5000)
23:15:22.576 [main] DEBUG c.orderbook.OrderBook - [ORDERBOOK] ASK: Adding orderMktData(price=119,quantity=5600)
23:15:22.576 [main] DEBUG c.orderbook.OrderBook - [ORDERBOOK] ASK: Adding orderMktData(price=123,quantity=453)
23:15:22.576 [main] DEBUG c.orderbook.OrderBook - [ORDERBOOK] ASK: Adding orderMktData(price=144,quantity=645)
23:15:22.576 [main] DEBUG c.orderbook.OrderBook - [ORDERBOOK] ASK: Adding orderMktData(price=167,quantity=665)
23:15:22.576 [main] DEBUG c.service.MarketDataService - [ALGO] BID: price:43 quantity:134
23:15:22.576 [main] DEBUG c.service.MarketDataService - [ALGO] BID: price:76 quantity:145
23:15:22.576 [main] DEBUG c.service.MarketDataService - [ALGO] BID: price:91 quantity:300
23:15:22.576 [main] DEBUG c.service.MarketDataService - [ALGO] BID: price:93 quantity:200
23:15:22.576 [main] DEBUG c.service.MarketDataService - [ALGO] BID: price:95 quantity:100
23:15:22.576 [main] DEBUG c.service.MarketDataService - [ALGO] BID: price:98 quantity:154
23:15:22.576 [main] DEBUG c.service.MarketDataService - [ALGO] ASK: price:98 quantity:501
23:15:22.576 [main] DEBUG c.service.MarketDataService - [ALGO] ASK: price:101 quantity:200
23:15:22.576 [main] DEBUG c.service.MarketDataService - [ALGO] ASK: price:110 quantity:5000
23:15:22.576 [main] DEBUG c.service.MarketDataService - [ALGO] ASK: price:119 quantity:5600
23:15:22.576 [main] DEBUG c.service.MarketDataService - [ALGO] ASK: price:123 quantity:453
23:15:22.576 [main] DEBUG c.service.MarketDataService - [ALGO] ASK: price:144 quantity:645
23:15:22.576 [main] DEBUG c.service.MarketDataService - [ALGO] ASK: price:167 quantity:665
23:15:22.576 [main] INFO  c.gettingstarted.MyAlgoLogic - [MYALGO] The state of the order book is:
|----BID-----||----ASK----|
    134 @ 43    501 @ 98
    145 @ 76   200 @ 101
    300 @ 91  5000 @ 110
    200 @ 93  5600 @ 119
    100 @ 95   453 @ 123
    154 @ 98   645 @ 144
          -    665 @ 167
|------------||-----------|

23:15:22.576 [main] INFO  c.gettingstarted.MyAlgoLogic - [MYALGO] Algo Sees Book as: 
|----BID-----||----ASK----|
    134 @ 43    501 @ 98
    145 @ 76   200 @ 101
    300 @ 91  5000 @ 110
    200 @ 93  5600 @ 119
    100 @ 95   453 @ 123
    154 @ 98   645 @ 144
          -    665 @ 167
|------------||-----------|

23:15:22.576 [main] INFO  c.gettingstarted.TimedLogic - [TIMEDLOGIC] Market is closed
23:15:22.576 [main] INFO  c.sequencer.consumer.LoggingConsumer - [203] 
|----BID-----|
    134 @ 43
    145 @ 76
    300 @ 91
    200 @ 93
    100 @ 95
    154 @ 98
|----ASK-----|
    501 @ 98
   200 @ 101
  5000 @ 110
  5600 @ 119
   453 @ 123
   645 @ 144
   665 @ 167

23:15:22.576 [main] INFO  c.orderbook.OrderBook - [ORDERBOOK] Processing Mkt Data Update
23:15:22.576 [main] INFO  c.o.v.MutatingRemoveAllMarketDataOrdersVisitor - [ORDERBOOK] Removing market data order:MktData(price=43,quantity=134)
23:15:22.576 [main] INFO  c.o.v.MutatingRemoveAllMarketDataOrdersVisitor - [ORDERBOOK] Removing level:43
23:15:22.576 [main] DEBUG c.orderbook.OrderBook - [ORDERBOOK] ASK: Adding orderMktData(price=43,quantity=134)
23:15:22.576 [main] DEBUG c.orderbook.OrderBook - [ORDERBOOK] ASK: Adding orderMktData(price=76,quantity=145)
23:15:22.576 [main] DEBUG c.orderbook.OrderBook - [ORDERBOOK] ASK: Adding orderMktData(price=91,quantity=300)
23:15:22.576 [main] DEBUG c.orderbook.OrderBook - [ORDERBOOK] ASK: Adding orderMktData(price=93,quantity=200)
23:15:22.576 [main] DEBUG c.orderbook.OrderBook - [ORDERBOOK] ASK: Adding orderMktData(price=95,quantity=100)
23:15:22.576 [main] DEBUG c.orderbook.OrderBook - [ORDERBOOK] ASK: Adding orderMktData(price=98,quantity=154)
23:15:22.576 [main] INFO  c.o.v.MutatingMatchOneMarketDataOrderVisitor - [ORDERBOOK] visiting LevelOrderBookLevel(price=43,quantity=134)
23:15:22.576 [main] INFO  c.o.v.MutatingMatchOneMarketDataOrderVisitor - [ORDERBOOK] Can't match order:MktData(price=43,quantity=134)(MktData(price=98,quantity=154))
23:15:22.576 [main] INFO  c.o.v.MutatingRemoveAllMarketDataOrdersVisitor - [ORDERBOOK] Removing market data order:MktData(price=98,quantity=501)
23:15:22.576 [main] INFO  c.o.v.MutatingRemoveAllMarketDataOrdersVisitor - [ORDERBOOK] Removing level:98
23:15:22.576 [main] INFO  c.o.v.MutatingRemoveAllMarketDataOrdersVisitor - [ORDERBOOK] Removing market data order:MktData(price=101,quantity=200)
23:15:22.576 [main] INFO  c.o.v.MutatingRemoveAllMarketDataOrdersVisitor - [ORDERBOOK] Removing level:101
23:15:22.576 [main] INFO  c.o.v.MutatingRemoveAllMarketDataOrdersVisitor - [ORDERBOOK] Removing market data order:MktData(price=110,quantity=5000)
23:15:22.576 [main] INFO  c.o.v.MutatingRemoveAllMarketDataOrdersVisitor - [ORDERBOOK] Removing level:110
23:15:22.576 [main] INFO  c.o.v.MutatingRemoveAllMarketDataOrdersVisitor - [ORDERBOOK] Removing market data order:MktData(price=119,quantity=5600)
23:15:22.576 [main] INFO  c.o.v.MutatingRemoveAllMarketDataOrdersVisitor - [ORDERBOOK] Removing level:119
23:15:22.576 [main] INFO  c.o.v.MutatingRemoveAllMarketDataOrdersVisitor - [ORDERBOOK] Removing market data order:MktData(price=123,quantity=453)
23:15:22.576 [main] INFO  c.o.v.MutatingRemoveAllMarketDataOrdersVisitor - [ORDERBOOK] Removing level:123
23:15:22.576 [main] INFO  c.o.v.MutatingRemoveAllMarketDataOrdersVisitor - [ORDERBOOK] Removing market data order:MktData(price=144,quantity=645)
23:15:22.576 [main] INFO  c.o.v.MutatingRemoveAllMarketDataOrdersVisitor - [ORDERBOOK] Removing level:144
23:15:22.576 [main] INFO  c.o.v.MutatingRemoveAllMarketDataOrdersVisitor - [ORDERBOOK] Removing market data order:MktData(price=167,quantity=665)
23:15:22.576 [main] INFO  c.o.v.MutatingRemoveAllMarketDataOrdersVisitor - [ORDERBOOK] Removing level:167
23:15:22.576 [main] DEBUG c.orderbook.OrderBook - [ORDERBOOK] ASK: Adding orderMktData(price=98,quantity=501)
23:15:22.576 [main] DEBUG c.orderbook.OrderBook - [ORDERBOOK] ASK: Adding orderMktData(price=101,quantity=200)
23:15:22.576 [main] DEBUG c.orderbook.OrderBook - [ORDERBOOK] ASK: Adding orderMktData(price=110,quantity=5000)
23:15:22.577 [main] DEBUG c.orderbook.OrderBook - [ORDERBOOK] ASK: Adding orderMktData(price=119,quantity=5600)
23:15:22.577 [main] DEBUG c.orderbook.OrderBook - [ORDERBOOK] ASK: Adding orderMktData(price=123,quantity=453)
23:15:22.577 [main] DEBUG c.orderbook.OrderBook - [ORDERBOOK] ASK: Adding orderMktData(price=144,quantity=645)
23:15:22.577 [main] DEBUG c.orderbook.OrderBook - [ORDERBOOK] ASK: Adding orderMktData(price=167,quantity=665)
23:15:22.577 [main] DEBUG c.service.MarketDataService - [ALGO] BID: price:43 quantity:134
23:15:22.577 [main] DEBUG c.service.MarketDataService - [ALGO] BID: price:76 quantity:145
23:15:22.577 [main] DEBUG c.service.MarketDataService - [ALGO] BID: price:91 quantity:300
23:15:22.577 [main] DEBUG c.service.MarketDataService - [ALGO] BID: price:93 quantity:200
23:15:22.577 [main] DEBUG c.service.MarketDataService - [ALGO] BID: price:95 quantity:100
23:15:22.577 [main] DEBUG c.service.MarketDataService - [ALGO] BID: price:98 quantity:154
23:15:22.577 [main] DEBUG c.service.MarketDataService - [ALGO] ASK: price:98 quantity:501
23:15:22.577 [main] DEBUG c.service.MarketDataService - [ALGO] ASK: price:101 quantity:200
23:15:22.577 [main] DEBUG c.service.MarketDataService - [ALGO] ASK: price:110 quantity:5000
23:15:22.577 [main] DEBUG c.service.MarketDataService - [ALGO] ASK: price:119 quantity:5600
23:15:22.577 [main] DEBUG c.service.MarketDataService - [ALGO] ASK: price:123 quantity:453
23:15:22.577 [main] DEBUG c.service.MarketDataService - [ALGO] ASK: price:144 quantity:645
23:15:22.577 [main] DEBUG c.service.MarketDataService - [ALGO] ASK: price:167 quantity:665
23:15:22.577 [main] INFO  c.gettingstarted.MyAlgoLogic - [MYALGO] The state of the order book is:
|----BID-----||----ASK----|
    134 @ 43    501 @ 98
    145 @ 76   200 @ 101
    300 @ 91  5000 @ 110
    200 @ 93  5600 @ 119
    100 @ 95   453 @ 123
    154 @ 98   645 @ 144
          -    665 @ 167
|------------||-----------|

23:15:22.577 [main] INFO  c.gettingstarted.MyAlgoLogic - [MYALGO] Algo Sees Book as: 
|----BID-----||----ASK----|
    134 @ 43    501 @ 98
    145 @ 76   200 @ 101
    300 @ 91  5000 @ 110
    200 @ 93  5600 @ 119
    100 @ 95   453 @ 123
    154 @ 98   645 @ 144
          -    665 @ 167
|------------||-----------|

23:15:22.577 [main] INFO  c.gettingstarted.TimedLogic - [TIMEDLOGIC] Market is closed
23:15:22.577 [main] INFO  c.sequencer.consumer.LoggingConsumer - [204] 
|----BID-----|
    134 @ 43
    145 @ 76
    300 @ 91
    200 @ 93
    100 @ 95
    154 @ 98
|----ASK-----|
    501 @ 98
   200 @ 101
  5000 @ 110
  5600 @ 119
   453 @ 123
   645 @ 144
   665 @ 167

23:15:22.577 [main] INFO  c.orderbook.OrderBook - [ORDERBOOK] Processing Mkt Data Update
23:15:22.577 [main] INFO  c.o.v.MutatingRemoveAllMarketDataOrdersVisitor - [ORDERBOOK] Removing market data order:MktData(price=43,quantity=134)
23:15:22.577 [main] INFO  c.o.v.MutatingRemoveAllMarketDataOrdersVisitor - [ORDERBOOK] Removing level:43
23:15:22.577 [main] DEBUG c.orderbook.OrderBook - [ORDERBOOK] ASK: Adding orderMktData(price=43,quantity=134)
23:15:22.577 [main] DEBUG c.orderbook.OrderBook - [ORDERBOOK] ASK: Adding orderMktData(price=76,quantity=145)
23:15:22.577 [main] DEBUG c.orderbook.OrderBook - [ORDERBOOK] ASK: Adding orderMktData(price=91,quantity=300)
23:15:22.577 [main] DEBUG c.orderbook.OrderBook - [ORDERBOOK] ASK: Adding orderMktData(price=93,quantity=200)
23:15:22.577 [main] DEBUG c.orderbook.OrderBook - [ORDERBOOK] ASK: Adding orderMktData(price=95,quantity=100)
23:15:22.577 [main] DEBUG c.orderbook.OrderBook - [ORDERBOOK] ASK: Adding orderMktData(price=98,quantity=154)
23:15:22.577 [main] INFO  c.o.v.MutatingMatchOneMarketDataOrderVisitor - [ORDERBOOK] visiting LevelOrderBookLevel(price=43,quantity=134)
23:15:22.577 [main] INFO  c.o.v.MutatingMatchOneMarketDataOrderVisitor - [ORDERBOOK] Can't match order:MktData(price=43,quantity=134)(MktData(price=98,quantity=154))
23:15:22.577 [main] INFO  c.o.v.MutatingRemoveAllMarketDataOrdersVisitor - [ORDERBOOK] Removing market data order:MktData(price=98,quantity=501)
23:15:22.577 [main] INFO  c.o.v.MutatingRemoveAllMarketDataOrdersVisitor - [ORDERBOOK] Removing level:98
23:15:22.577 [main] INFO  c.o.v.MutatingRemoveAllMarketDataOrdersVisitor - [ORDERBOOK] Removing market data order:MktData(price=101,quantity=200)
23:15:22.577 [main] INFO  c.o.v.MutatingRemoveAllMarketDataOrdersVisitor - [ORDERBOOK] Removing level:101
23:15:22.577 [main] INFO  c.o.v.MutatingRemoveAllMarketDataOrdersVisitor - [ORDERBOOK] Removing market data order:MktData(price=110,quantity=5000)
23:15:22.577 [main] INFO  c.o.v.MutatingRemoveAllMarketDataOrdersVisitor - [ORDERBOOK] Removing level:110
23:15:22.577 [main] INFO  c.o.v.MutatingRemoveAllMarketDataOrdersVisitor - [ORDERBOOK] Removing market data order:MktData(price=119,quantity=5600)
23:15:22.577 [main] INFO  c.o.v.MutatingRemoveAllMarketDataOrdersVisitor - [ORDERBOOK] Removing level:119
23:15:22.577 [main] INFO  c.o.v.MutatingRemoveAllMarketDataOrdersVisitor - [ORDERBOOK] Removing market data order:MktData(price=123,quantity=453)
23:15:22.577 [main] INFO  c.o.v.MutatingRemoveAllMarketDataOrdersVisitor - [ORDERBOOK] Removing level:123
23:15:22.577 [main] INFO  c.o.v.MutatingRemoveAllMarketDataOrdersVisitor - [ORDERBOOK] Removing market data order:MktData(price=144,quantity=645)
23:15:22.577 [main] INFO  c.o.v.MutatingRemoveAllMarketDataOrdersVisitor - [ORDERBOOK] Removing level:144
23:15:22.577 [main] INFO  c.o.v.MutatingRemoveAllMarketDataOrdersVisitor - [ORDERBOOK] Removing market data order:MktData(price=167,quantity=665)
23:15:22.577 [main] INFO  c.o.v.MutatingRemoveAllMarketDataOrdersVisitor - [ORDERBOOK] Removing level:167
23:15:22.577 [main] DEBUG c.orderbook.OrderBook - [ORDERBOOK] ASK: Adding orderMktData(price=98,quantity=501)
23:15:22.577 [main] DEBUG c.orderbook.OrderBook - [ORDERBOOK] ASK: Adding orderMktData(price=101,quantity=200)
23:15:22.577 [main] DEBUG c.orderbook.OrderBook - [ORDERBOOK] ASK: Adding orderMktData(price=110,quantity=5000)
23:15:22.577 [main] DEBUG c.orderbook.OrderBook - [ORDERBOOK] ASK: Adding orderMktData(price=119,quantity=5600)
23:15:22.577 [main] DEBUG c.orderbook.OrderBook - [ORDERBOOK] ASK: Adding orderMktData(price=123,quantity=453)
23:15:22.577 [main] DEBUG c.orderbook.OrderBook - [ORDERBOOK] ASK: Adding orderMktData(price=144,quantity=645)
23:15:22.577 [main] DEBUG c.orderbook.OrderBook - [ORDERBOOK] ASK: Adding orderMktData(price=167,quantity=665)
23:15:22.577 [main] DEBUG c.service.MarketDataService - [ALGO] BID: price:43 quantity:134
23:15:22.577 [main] DEBUG c.service.MarketDataService - [ALGO] BID: price:76 quantity:145
23:15:22.577 [main] DEBUG c.service.MarketDataService - [ALGO] BID: price:91 quantity:300
23:15:22.577 [main] DEBUG c.service.MarketDataService - [ALGO] BID: price:93 quantity:200
23:15:22.577 [main] DEBUG c.service.MarketDataService - [ALGO] BID: price:95 quantity:100
23:15:22.577 [main] DEBUG c.service.MarketDataService - [ALGO] BID: price:98 quantity:154
23:15:22.577 [main] DEBUG c.service.MarketDataService - [ALGO] ASK: price:98 quantity:501
23:15:22.577 [main] DEBUG c.service.MarketDataService - [ALGO] ASK: price:101 quantity:200
23:15:22.577 [main] DEBUG c.service.MarketDataService - [ALGO] ASK: price:110 quantity:5000
23:15:22.577 [main] DEBUG c.service.MarketDataService - [ALGO] ASK: price:119 quantity:5600
23:15:22.577 [main] DEBUG c.service.MarketDataService - [ALGO] ASK: price:123 quantity:453
23:15:22.577 [main] DEBUG c.service.MarketDataService - [ALGO] ASK: price:144 quantity:645
23:15:22.577 [main] DEBUG c.service.MarketDataService - [ALGO] ASK: price:167 quantity:665
23:15:22.577 [main] INFO  c.gettingstarted.MyAlgoLogic - [MYALGO] The state of the order book is:
|----BID-----||----ASK----|
    134 @ 43    501 @ 98
    145 @ 76   200 @ 101
    300 @ 91  5000 @ 110
    200 @ 93  5600 @ 119
    100 @ 95   453 @ 123
    154 @ 98   645 @ 144
          -    665 @ 167
|------------||-----------|

23:15:22.577 [main] INFO  c.gettingstarted.MyAlgoLogic - [MYALGO] Algo Sees Book as: 
|----BID-----||----ASK----|
    134 @ 43    501 @ 98
    145 @ 76   200 @ 101
    300 @ 91  5000 @ 110
    200 @ 93  5600 @ 119
    100 @ 95   453 @ 123
    154 @ 98   645 @ 144
          -    665 @ 167
|------------||-----------|

23:15:22.577 [main] INFO  c.gettingstarted.TimedLogic - [TIMEDLOGIC] Market is closed
23:15:22.577 [main] INFO  c.sequencer.consumer.LoggingConsumer - [205] 
|----BID-----|
    134 @ 43
    145 @ 76
    300 @ 91
    200 @ 93
    100 @ 95
    154 @ 98
|----ASK-----|
    501 @ 98
   200 @ 101
  5000 @ 110
  5600 @ 119
   453 @ 123
   645 @ 144
   665 @ 167

23:15:22.577 [main] INFO  c.orderbook.OrderBook - [ORDERBOOK] Processing Mkt Data Update
23:15:22.577 [main] INFO  c.o.v.MutatingRemoveAllMarketDataOrdersVisitor - [ORDERBOOK] Removing market data order:MktData(price=43,quantity=134)
23:15:22.577 [main] INFO  c.o.v.MutatingRemoveAllMarketDataOrdersVisitor - [ORDERBOOK] Removing level:43
23:15:22.577 [main] DEBUG c.orderbook.OrderBook - [ORDERBOOK] ASK: Adding orderMktData(price=43,quantity=134)
23:15:22.577 [main] DEBUG c.orderbook.OrderBook - [ORDERBOOK] ASK: Adding orderMktData(price=76,quantity=145)
23:15:22.577 [main] DEBUG c.orderbook.OrderBook - [ORDERBOOK] ASK: Adding orderMktData(price=91,quantity=300)
23:15:22.577 [main] DEBUG c.orderbook.OrderBook - [ORDERBOOK] ASK: Adding orderMktData(price=93,quantity=200)
23:15:22.577 [main] DEBUG c.orderbook.OrderBook - [ORDERBOOK] ASK: Adding orderMktData(price=95,quantity=100)
23:15:22.577 [main] DEBUG c.orderbook.OrderBook - [ORDERBOOK] ASK: Adding orderMktData(price=98,quantity=154)
23:15:22.577 [main] INFO  c.o.v.MutatingMatchOneMarketDataOrderVisitor - [ORDERBOOK] visiting LevelOrderBookLevel(price=43,quantity=134)
23:15:22.577 [main] INFO  c.o.v.MutatingMatchOneMarketDataOrderVisitor - [ORDERBOOK] Can't match order:MktData(price=43,quantity=134)(MktData(price=98,quantity=154))
23:15:22.577 [main] INFO  c.o.v.MutatingRemoveAllMarketDataOrdersVisitor - [ORDERBOOK] Removing market data order:MktData(price=98,quantity=501)
23:15:22.577 [main] INFO  c.o.v.MutatingRemoveAllMarketDataOrdersVisitor - [ORDERBOOK] Removing level:98
23:15:22.577 [main] INFO  c.o.v.MutatingRemoveAllMarketDataOrdersVisitor - [ORDERBOOK] Removing market data order:MktData(price=101,quantity=200)
23:15:22.577 [main] INFO  c.o.v.MutatingRemoveAllMarketDataOrdersVisitor - [ORDERBOOK] Removing level:101
23:15:22.577 [main] INFO  c.o.v.MutatingRemoveAllMarketDataOrdersVisitor - [ORDERBOOK] Removing market data order:MktData(price=110,quantity=5000)
23:15:22.577 [main] INFO  c.o.v.MutatingRemoveAllMarketDataOrdersVisitor - [ORDERBOOK] Removing level:110
23:15:22.577 [main] INFO  c.o.v.MutatingRemoveAllMarketDataOrdersVisitor - [ORDERBOOK] Removing market data order:MktData(price=119,quantity=5600)
23:15:22.577 [main] INFO  c.o.v.MutatingRemoveAllMarketDataOrdersVisitor - [ORDERBOOK] Removing level:119
23:15:22.577 [main] INFO  c.o.v.MutatingRemoveAllMarketDataOrdersVisitor - [ORDERBOOK] Removing market data order:MktData(price=123,quantity=453)
23:15:22.577 [main] INFO  c.o.v.MutatingRemoveAllMarketDataOrdersVisitor - [ORDERBOOK] Removing level:123
23:15:22.577 [main] INFO  c.o.v.MutatingRemoveAllMarketDataOrdersVisitor - [ORDERBOOK] Removing market data order:MktData(price=144,quantity=645)
23:15:22.577 [main] INFO  c.o.v.MutatingRemoveAllMarketDataOrdersVisitor - [ORDERBOOK] Removing level:144
23:15:22.577 [main] INFO  c.o.v.MutatingRemoveAllMarketDataOrdersVisitor - [ORDERBOOK] Removing market data order:MktData(price=167,quantity=665)
23:15:22.577 [main] INFO  c.o.v.MutatingRemoveAllMarketDataOrdersVisitor - [ORDERBOOK] Removing level:167
23:15:22.577 [main] DEBUG c.orderbook.OrderBook - [ORDERBOOK] ASK: Adding orderMktData(price=98,quantity=501)
23:15:22.577 [main] DEBUG c.orderbook.OrderBook - [ORDERBOOK] ASK: Adding orderMktData(price=101,quantity=200)
23:15:22.577 [main] DEBUG c.orderbook.OrderBook - [ORDERBOOK] ASK: Adding orderMktData(price=110,quantity=5000)
23:15:22.577 [main] DEBUG c.orderbook.OrderBook - [ORDERBOOK] ASK: Adding orderMktData(price=119,quantity=5600)
23:15:22.577 [main] DEBUG c.orderbook.OrderBook - [ORDERBOOK] ASK: Adding orderMktData(price=123,quantity=453)
23:15:22.577 [main] DEBUG c.orderbook.OrderBook - [ORDERBOOK] ASK: Adding orderMktData(price=144,quantity=645)
23:15:22.577 [main] DEBUG c.orderbook.OrderBook - [ORDERBOOK] ASK: Adding orderMktData(price=167,quantity=665)
23:15:22.577 [main] DEBUG c.service.MarketDataService - [ALGO] BID: price:43 quantity:134
23:15:22.577 [main] DEBUG c.service.MarketDataService - [ALGO] BID: price:76 quantity:145
23:15:22.577 [main] DEBUG c.service.MarketDataService - [ALGO] BID: price:91 quantity:300
23:15:22.577 [main] DEBUG c.service.MarketDataService - [ALGO] BID: price:93 quantity:200
23:15:22.577 [main] DEBUG c.service.MarketDataService - [ALGO] BID: price:95 quantity:100
23:15:22.577 [main] DEBUG c.service.MarketDataService - [ALGO] BID: price:98 quantity:154
23:15:22.577 [main] DEBUG c.service.MarketDataService - [ALGO] ASK: price:98 quantity:501
23:15:22.577 [main] DEBUG c.service.MarketDataService - [ALGO] ASK: price:101 quantity:200
23:15:22.577 [main] DEBUG c.service.MarketDataService - [ALGO] ASK: price:110 quantity:5000
23:15:22.577 [main] DEBUG c.service.MarketDataService - [ALGO] ASK: price:119 quantity:5600
23:15:22.577 [main] DEBUG c.service.MarketDataService - [ALGO] ASK: price:123 quantity:453
23:15:22.577 [main] DEBUG c.service.MarketDataService - [ALGO] ASK: price:144 quantity:645
23:15:22.577 [main] DEBUG c.service.MarketDataService - [ALGO] ASK: price:167 quantity:665
23:15:22.578 [main] INFO  c.gettingstarted.MyAlgoLogic - [MYALGO] The state of the order book is:
|----BID-----||----ASK----|
    134 @ 43    501 @ 98
    145 @ 76   200 @ 101
    300 @ 91  5000 @ 110
    200 @ 93  5600 @ 119
    100 @ 95   453 @ 123
    154 @ 98   645 @ 144
          -    665 @ 167
|------------||-----------|

23:15:22.578 [main] INFO  c.gettingstarted.MyAlgoLogic - [MYALGO] Algo Sees Book as: 
|----BID-----||----ASK----|
    134 @ 43    501 @ 98
    145 @ 76   200 @ 101
    300 @ 91  5000 @ 110
    200 @ 93  5600 @ 119
    100 @ 95   453 @ 123
    154 @ 98   645 @ 144
          -    665 @ 167
|------------||-----------|

23:15:22.578 [main] INFO  c.gettingstarted.TimedLogic - [TIMEDLOGIC] Market is closed
23:15:22.578 [main] INFO  c.sequencer.consumer.LoggingConsumer - [206] 
|----BID-----|
    134 @ 43
    145 @ 76
    300 @ 91
    200 @ 93
    100 @ 95
    154 @ 98
|----ASK-----|
    501 @ 98
   200 @ 101
  5000 @ 110
  5600 @ 119
   453 @ 123
   645 @ 144
   665 @ 167

23:15:22.578 [main] INFO  c.orderbook.OrderBook - [ORDERBOOK] Processing Mkt Data Update
23:15:22.578 [main] INFO  c.o.v.MutatingRemoveAllMarketDataOrdersVisitor - [ORDERBOOK] Removing market data order:MktData(price=43,quantity=134)
23:15:22.578 [main] INFO  c.o.v.MutatingRemoveAllMarketDataOrdersVisitor - [ORDERBOOK] Removing level:43
23:15:22.578 [main] DEBUG c.orderbook.OrderBook - [ORDERBOOK] ASK: Adding orderMktData(price=43,quantity=134)
23:15:22.578 [main] DEBUG c.orderbook.OrderBook - [ORDERBOOK] ASK: Adding orderMktData(price=76,quantity=145)
23:15:22.578 [main] DEBUG c.orderbook.OrderBook - [ORDERBOOK] ASK: Adding orderMktData(price=91,quantity=300)
23:15:22.578 [main] DEBUG c.orderbook.OrderBook - [ORDERBOOK] ASK: Adding orderMktData(price=93,quantity=200)
23:15:22.578 [main] DEBUG c.orderbook.OrderBook - [ORDERBOOK] ASK: Adding orderMktData(price=95,quantity=100)
23:15:22.578 [main] DEBUG c.orderbook.OrderBook - [ORDERBOOK] ASK: Adding orderMktData(price=98,quantity=154)
23:15:22.578 [main] INFO  c.o.v.MutatingMatchOneMarketDataOrderVisitor - [ORDERBOOK] visiting LevelOrderBookLevel(price=43,quantity=134)
23:15:22.578 [main] INFO  c.o.v.MutatingMatchOneMarketDataOrderVisitor - [ORDERBOOK] Can't match order:MktData(price=43,quantity=134)(MktData(price=98,quantity=154))
23:15:22.578 [main] INFO  c.o.v.MutatingRemoveAllMarketDataOrdersVisitor - [ORDERBOOK] Removing market data order:MktData(price=98,quantity=501)
23:15:22.578 [main] INFO  c.o.v.MutatingRemoveAllMarketDataOrdersVisitor - [ORDERBOOK] Removing level:98
23:15:22.578 [main] INFO  c.o.v.MutatingRemoveAllMarketDataOrdersVisitor - [ORDERBOOK] Removing market data order:MktData(price=101,quantity=200)
23:15:22.578 [main] INFO  c.o.v.MutatingRemoveAllMarketDataOrdersVisitor - [ORDERBOOK] Removing level:101
23:15:22.578 [main] INFO  c.o.v.MutatingRemoveAllMarketDataOrdersVisitor - [ORDERBOOK] Removing market data order:MktData(price=110,quantity=5000)
23:15:22.578 [main] INFO  c.o.v.MutatingRemoveAllMarketDataOrdersVisitor - [ORDERBOOK] Removing level:110
23:15:22.578 [main] INFO  c.o.v.MutatingRemoveAllMarketDataOrdersVisitor - [ORDERBOOK] Removing market data order:MktData(price=119,quantity=5600)
23:15:22.578 [main] INFO  c.o.v.MutatingRemoveAllMarketDataOrdersVisitor - [ORDERBOOK] Removing level:119
23:15:22.578 [main] INFO  c.o.v.MutatingRemoveAllMarketDataOrdersVisitor - [ORDERBOOK] Removing market data order:MktData(price=123,quantity=453)
23:15:22.578 [main] INFO  c.o.v.MutatingRemoveAllMarketDataOrdersVisitor - [ORDERBOOK] Removing level:123
23:15:22.578 [main] INFO  c.o.v.MutatingRemoveAllMarketDataOrdersVisitor - [ORDERBOOK] Removing market data order:MktData(price=144,quantity=645)
23:15:22.578 [main] INFO  c.o.v.MutatingRemoveAllMarketDataOrdersVisitor - [ORDERBOOK] Removing level:144
23:15:22.578 [main] INFO  c.o.v.MutatingRemoveAllMarketDataOrdersVisitor - [ORDERBOOK] Removing market data order:MktData(price=167,quantity=665)
23:15:22.578 [main] INFO  c.o.v.MutatingRemoveAllMarketDataOrdersVisitor - [ORDERBOOK] Removing level:167
23:15:22.578 [main] DEBUG c.orderbook.OrderBook - [ORDERBOOK] ASK: Adding orderMktData(price=98,quantity=501)
23:15:22.578 [main] DEBUG c.orderbook.OrderBook - [ORDERBOOK] ASK: Adding orderMktData(price=101,quantity=200)
23:15:22.578 [main] DEBUG c.orderbook.OrderBook - [ORDERBOOK] ASK: Adding orderMktData(price=110,quantity=5000)
23:15:22.578 [main] DEBUG c.orderbook.OrderBook - [ORDERBOOK] ASK: Adding orderMktData(price=119,quantity=5600)
23:15:22.578 [main] DEBUG c.orderbook.OrderBook - [ORDERBOOK] ASK: Adding orderMktData(price=123,quantity=453)
23:15:22.578 [main] DEBUG c.orderbook.OrderBook - [ORDERBOOK] ASK: Adding orderMktData(price=144,quantity=645)
23:15:22.578 [main] DEBUG c.orderbook.OrderBook - [ORDERBOOK] ASK: Adding orderMktData(price=167,quantity=665)
23:15:22.578 [main] DEBUG c.service.MarketDataService - [ALGO] BID: price:43 quantity:134
23:15:22.578 [main] DEBUG c.service.MarketDataService - [ALGO] BID: price:76 quantity:145
23:15:22.578 [main] DEBUG c.service.MarketDataService - [ALGO] BID: price:91 quantity:300
23:15:22.578 [main] DEBUG c.service.MarketDataService - [ALGO] BID: price:93 quantity:200
23:15:22.578 [main] DEBUG c.service.MarketDataService - [ALGO] BID: price:95 quantity:100
23:15:22.578 [main] DEBUG c.service.MarketDataService - [ALGO] BID: price:98 quantity:154
23:15:22.578 [main] DEBUG c.service.MarketDataService - [ALGO] ASK: price:98 quantity:501
23:15:22.578 [main] DEBUG c.service.MarketDataService - [ALGO] ASK: price:101 quantity:200
23:15:22.578 [main] DEBUG c.service.MarketDataService - [ALGO] ASK: price:110 quantity:5000
23:15:22.578 [main] DEBUG c.service.MarketDataService - [ALGO] ASK: price:119 quantity:5600
23:15:22.578 [main] DEBUG c.service.MarketDataService - [ALGO] ASK: price:123 quantity:453
23:15:22.578 [main] DEBUG c.service.MarketDataService - [ALGO] ASK: price:144 quantity:645
23:15:22.578 [main] DEBUG c.service.MarketDataService - [ALGO] ASK: price:167 quantity:665
23:15:22.578 [main] INFO  c.gettingstarted.MyAlgoLogic - [MYALGO] The state of the order book is:
|----BID-----||----ASK----|
    134 @ 43    501 @ 98
    145 @ 76   200 @ 101
    300 @ 91  5000 @ 110
    200 @ 93  5600 @ 119
    100 @ 95   453 @ 123
    154 @ 98   645 @ 144
          -    665 @ 167
|------------||-----------|

23:15:22.578 [main] INFO  c.gettingstarted.MyAlgoLogic - [MYALGO] Algo Sees Book as: 
|----BID-----||----ASK----|
    134 @ 43    501 @ 98
    145 @ 76   200 @ 101
    300 @ 91  5000 @ 110
    200 @ 93  5600 @ 119
    100 @ 95   453 @ 123
    154 @ 98   645 @ 144
          -    665 @ 167
|------------||-----------|

23:15:22.578 [main] INFO  c.gettingstarted.TimedLogic - [TIMEDLOGIC] Market is closed
23:15:22.578 [main] INFO  c.sequencer.consumer.LoggingConsumer - [207] 
|----BID-----|
    134 @ 43
    145 @ 76
    300 @ 91
    200 @ 93
    100 @ 95
    154 @ 98
|----ASK-----|
    501 @ 98
   200 @ 101
  5000 @ 110
  5600 @ 119
   453 @ 123
   645 @ 144
   665 @ 167

23:15:22.578 [main] INFO  c.orderbook.OrderBook - [ORDERBOOK] Processing Mkt Data Update
23:15:22.578 [main] INFO  c.o.v.MutatingRemoveAllMarketDataOrdersVisitor - [ORDERBOOK] Removing market data order:MktData(price=43,quantity=134)
23:15:22.578 [main] INFO  c.o.v.MutatingRemoveAllMarketDataOrdersVisitor - [ORDERBOOK] Removing level:43
23:15:22.578 [main] DEBUG c.orderbook.OrderBook - [ORDERBOOK] ASK: Adding orderMktData(price=43,quantity=134)
23:15:22.578 [main] DEBUG c.orderbook.OrderBook - [ORDERBOOK] ASK: Adding orderMktData(price=76,quantity=145)
23:15:22.578 [main] DEBUG c.orderbook.OrderBook - [ORDERBOOK] ASK: Adding orderMktData(price=91,quantity=300)
23:15:22.578 [main] DEBUG c.orderbook.OrderBook - [ORDERBOOK] ASK: Adding orderMktData(price=93,quantity=200)
23:15:22.578 [main] DEBUG c.orderbook.OrderBook - [ORDERBOOK] ASK: Adding orderMktData(price=95,quantity=100)
23:15:22.578 [main] DEBUG c.orderbook.OrderBook - [ORDERBOOK] ASK: Adding orderMktData(price=98,quantity=154)
23:15:22.578 [main] INFO  c.o.v.MutatingMatchOneMarketDataOrderVisitor - [ORDERBOOK] visiting LevelOrderBookLevel(price=43,quantity=134)
23:15:22.578 [main] INFO  c.o.v.MutatingMatchOneMarketDataOrderVisitor - [ORDERBOOK] Can't match order:MktData(price=43,quantity=134)(MktData(price=98,quantity=154))
23:15:22.578 [main] INFO  c.o.v.MutatingRemoveAllMarketDataOrdersVisitor - [ORDERBOOK] Removing market data order:MktData(price=98,quantity=501)
23:15:22.578 [main] INFO  c.o.v.MutatingRemoveAllMarketDataOrdersVisitor - [ORDERBOOK] Removing level:98
23:15:22.578 [main] INFO  c.o.v.MutatingRemoveAllMarketDataOrdersVisitor - [ORDERBOOK] Removing market data order:MktData(price=101,quantity=200)
23:15:22.578 [main] INFO  c.o.v.MutatingRemoveAllMarketDataOrdersVisitor - [ORDERBOOK] Removing level:101
23:15:22.578 [main] INFO  c.o.v.MutatingRemoveAllMarketDataOrdersVisitor - [ORDERBOOK] Removing market data order:MktData(price=110,quantity=5000)
23:15:22.578 [main] INFO  c.o.v.MutatingRemoveAllMarketDataOrdersVisitor - [ORDERBOOK] Removing level:110
23:15:22.578 [main] INFO  c.o.v.MutatingRemoveAllMarketDataOrdersVisitor - [ORDERBOOK] Removing market data order:MktData(price=119,quantity=5600)
23:15:22.578 [main] INFO  c.o.v.MutatingRemoveAllMarketDataOrdersVisitor - [ORDERBOOK] Removing level:119
23:15:22.578 [main] INFO  c.o.v.MutatingRemoveAllMarketDataOrdersVisitor - [ORDERBOOK] Removing market data order:MktData(price=123,quantity=453)
23:15:22.578 [main] INFO  c.o.v.MutatingRemoveAllMarketDataOrdersVisitor - [ORDERBOOK] Removing level:123
23:15:22.578 [main] INFO  c.o.v.MutatingRemoveAllMarketDataOrdersVisitor - [ORDERBOOK] Removing market data order:MktData(price=144,quantity=645)
23:15:22.578 [main] INFO  c.o.v.MutatingRemoveAllMarketDataOrdersVisitor - [ORDERBOOK] Removing level:144
23:15:22.578 [main] INFO  c.o.v.MutatingRemoveAllMarketDataOrdersVisitor - [ORDERBOOK] Removing market data order:MktData(price=167,quantity=665)
23:15:22.578 [main] INFO  c.o.v.MutatingRemoveAllMarketDataOrdersVisitor - [ORDERBOOK] Removing level:167
23:15:22.578 [main] DEBUG c.orderbook.OrderBook - [ORDERBOOK] ASK: Adding orderMktData(price=98,quantity=501)
23:15:22.578 [main] DEBUG c.orderbook.OrderBook - [ORDERBOOK] ASK: Adding orderMktData(price=101,quantity=200)
23:15:22.578 [main] DEBUG c.orderbook.OrderBook - [ORDERBOOK] ASK: Adding orderMktData(price=110,quantity=5000)
23:15:22.578 [main] DEBUG c.orderbook.OrderBook - [ORDERBOOK] ASK: Adding orderMktData(price=119,quantity=5600)
23:15:22.578 [main] DEBUG c.orderbook.OrderBook - [ORDERBOOK] ASK: Adding orderMktData(price=123,quantity=453)
23:15:22.578 [main] DEBUG c.orderbook.OrderBook - [ORDERBOOK] ASK: Adding orderMktData(price=144,quantity=645)
23:15:22.578 [main] DEBUG c.orderbook.OrderBook - [ORDERBOOK] ASK: Adding orderMktData(price=167,quantity=665)
23:15:22.578 [main] DEBUG c.service.MarketDataService - [ALGO] BID: price:43 quantity:134
23:15:22.578 [main] DEBUG c.service.MarketDataService - [ALGO] BID: price:76 quantity:145
23:15:22.578 [main] DEBUG c.service.MarketDataService - [ALGO] BID: price:91 quantity:300
23:15:22.578 [main] DEBUG c.service.MarketDataService - [ALGO] BID: price:93 quantity:200
23:15:22.578 [main] DEBUG c.service.MarketDataService - [ALGO] BID: price:95 quantity:100
23:15:22.578 [main] DEBUG c.service.MarketDataService - [ALGO] BID: price:98 quantity:154
23:15:22.578 [main] DEBUG c.service.MarketDataService - [ALGO] ASK: price:98 quantity:501
23:15:22.578 [main] DEBUG c.service.MarketDataService - [ALGO] ASK: price:101 quantity:200
23:15:22.578 [main] DEBUG c.service.MarketDataService - [ALGO] ASK: price:110 quantity:5000
23:15:22.578 [main] DEBUG c.service.MarketDataService - [ALGO] ASK: price:119 quantity:5600
23:15:22.578 [main] DEBUG c.service.MarketDataService - [ALGO] ASK: price:123 quantity:453
23:15:22.578 [main] DEBUG c.service.MarketDataService - [ALGO] ASK: price:144 quantity:645
23:15:22.578 [main] DEBUG c.service.MarketDataService - [ALGO] ASK: price:167 quantity:665
23:15:22.578 [main] INFO  c.gettingstarted.MyAlgoLogic - [MYALGO] The state of the order book is:
|----BID-----||----ASK----|
    134 @ 43    501 @ 98
    145 @ 76   200 @ 101
    300 @ 91  5000 @ 110
    200 @ 93  5600 @ 119
    100 @ 95   453 @ 123
    154 @ 98   645 @ 144
          -    665 @ 167
|------------||-----------|

23:15:22.579 [main] INFO  c.gettingstarted.MyAlgoLogic - [MYALGO] Algo Sees Book as: 
|----BID-----||----ASK----|
    134 @ 43    501 @ 98
    145 @ 76   200 @ 101
    300 @ 91  5000 @ 110
    200 @ 93  5600 @ 119
    100 @ 95   453 @ 123
    154 @ 98   645 @ 144
          -    665 @ 167
|------------||-----------|

23:15:22.579 [main] INFO  c.gettingstarted.TimedLogic - [TIMEDLOGIC] Market is closed
23:15:22.579 [main] INFO  c.sequencer.consumer.LoggingConsumer - [208] 
|----BID-----|
    134 @ 43
    145 @ 76
    300 @ 91
    200 @ 93
    100 @ 95
    154 @ 98
|----ASK-----|
    501 @ 98
   200 @ 101
  5000 @ 110
  5600 @ 119
   453 @ 123
   645 @ 144
   665 @ 167

23:15:22.579 [main] INFO  c.orderbook.OrderBook - [ORDERBOOK] Processing Mkt Data Update
23:15:22.579 [main] INFO  c.o.v.MutatingRemoveAllMarketDataOrdersVisitor - [ORDERBOOK] Removing market data order:MktData(price=43,quantity=134)
23:15:22.579 [main] INFO  c.o.v.MutatingRemoveAllMarketDataOrdersVisitor - [ORDERBOOK] Removing level:43
23:15:22.579 [main] DEBUG c.orderbook.OrderBook - [ORDERBOOK] ASK: Adding orderMktData(price=43,quantity=134)
23:15:22.579 [main] DEBUG c.orderbook.OrderBook - [ORDERBOOK] ASK: Adding orderMktData(price=76,quantity=145)
23:15:22.579 [main] DEBUG c.orderbook.OrderBook - [ORDERBOOK] ASK: Adding orderMktData(price=91,quantity=300)
23:15:22.579 [main] DEBUG c.orderbook.OrderBook - [ORDERBOOK] ASK: Adding orderMktData(price=93,quantity=200)
23:15:22.579 [main] DEBUG c.orderbook.OrderBook - [ORDERBOOK] ASK: Adding orderMktData(price=95,quantity=100)
23:15:22.579 [main] DEBUG c.orderbook.OrderBook - [ORDERBOOK] ASK: Adding orderMktData(price=98,quantity=154)
23:15:22.579 [main] INFO  c.o.v.MutatingMatchOneMarketDataOrderVisitor - [ORDERBOOK] visiting LevelOrderBookLevel(price=43,quantity=134)
23:15:22.579 [main] INFO  c.o.v.MutatingMatchOneMarketDataOrderVisitor - [ORDERBOOK] Can't match order:MktData(price=43,quantity=134)(MktData(price=98,quantity=154))
23:15:22.579 [main] INFO  c.o.v.MutatingRemoveAllMarketDataOrdersVisitor - [ORDERBOOK] Removing market data order:MktData(price=98,quantity=501)
23:15:22.579 [main] INFO  c.o.v.MutatingRemoveAllMarketDataOrdersVisitor - [ORDERBOOK] Removing level:98
23:15:22.579 [main] INFO  c.o.v.MutatingRemoveAllMarketDataOrdersVisitor - [ORDERBOOK] Removing market data order:MktData(price=101,quantity=200)
23:15:22.579 [main] INFO  c.o.v.MutatingRemoveAllMarketDataOrdersVisitor - [ORDERBOOK] Removing level:101
23:15:22.579 [main] INFO  c.o.v.MutatingRemoveAllMarketDataOrdersVisitor - [ORDERBOOK] Removing market data order:MktData(price=110,quantity=5000)
23:15:22.579 [main] INFO  c.o.v.MutatingRemoveAllMarketDataOrdersVisitor - [ORDERBOOK] Removing level:110
23:15:22.579 [main] INFO  c.o.v.MutatingRemoveAllMarketDataOrdersVisitor - [ORDERBOOK] Removing market data order:MktData(price=119,quantity=5600)
23:15:22.579 [main] INFO  c.o.v.MutatingRemoveAllMarketDataOrdersVisitor - [ORDERBOOK] Removing level:119
23:15:22.579 [main] INFO  c.o.v.MutatingRemoveAllMarketDataOrdersVisitor - [ORDERBOOK] Removing market data order:MktData(price=123,quantity=453)
23:15:22.579 [main] INFO  c.o.v.MutatingRemoveAllMarketDataOrdersVisitor - [ORDERBOOK] Removing level:123
23:15:22.579 [main] INFO  c.o.v.MutatingRemoveAllMarketDataOrdersVisitor - [ORDERBOOK] Removing market data order:MktData(price=144,quantity=645)
23:15:22.579 [main] INFO  c.o.v.MutatingRemoveAllMarketDataOrdersVisitor - [ORDERBOOK] Removing level:144
23:15:22.579 [main] INFO  c.o.v.MutatingRemoveAllMarketDataOrdersVisitor - [ORDERBOOK] Removing market data order:MktData(price=167,quantity=665)
23:15:22.579 [main] INFO  c.o.v.MutatingRemoveAllMarketDataOrdersVisitor - [ORDERBOOK] Removing level:167
23:15:22.579 [main] DEBUG c.orderbook.OrderBook - [ORDERBOOK] ASK: Adding orderMktData(price=98,quantity=501)
23:15:22.579 [main] DEBUG c.orderbook.OrderBook - [ORDERBOOK] ASK: Adding orderMktData(price=101,quantity=200)
23:15:22.579 [main] DEBUG c.orderbook.OrderBook - [ORDERBOOK] ASK: Adding orderMktData(price=110,quantity=5000)
23:15:22.579 [main] DEBUG c.orderbook.OrderBook - [ORDERBOOK] ASK: Adding orderMktData(price=119,quantity=5600)
23:15:22.579 [main] DEBUG c.orderbook.OrderBook - [ORDERBOOK] ASK: Adding orderMktData(price=123,quantity=453)
23:15:22.579 [main] DEBUG c.orderbook.OrderBook - [ORDERBOOK] ASK: Adding orderMktData(price=144,quantity=645)
23:15:22.579 [main] DEBUG c.orderbook.OrderBook - [ORDERBOOK] ASK: Adding orderMktData(price=167,quantity=665)
23:15:22.579 [main] DEBUG c.service.MarketDataService - [ALGO] BID: price:43 quantity:134
23:15:22.579 [main] DEBUG c.service.MarketDataService - [ALGO] BID: price:76 quantity:145
23:15:22.579 [main] DEBUG c.service.MarketDataService - [ALGO] BID: price:91 quantity:300
23:15:22.579 [main] DEBUG c.service.MarketDataService - [ALGO] BID: price:93 quantity:200
23:15:22.579 [main] DEBUG c.service.MarketDataService - [ALGO] BID: price:95 quantity:100
23:15:22.579 [main] DEBUG c.service.MarketDataService - [ALGO] BID: price:98 quantity:154
23:15:22.579 [main] DEBUG c.service.MarketDataService - [ALGO] ASK: price:98 quantity:501
23:15:22.579 [main] DEBUG c.service.MarketDataService - [ALGO] ASK: price:101 quantity:200
23:15:22.579 [main] DEBUG c.service.MarketDataService - [ALGO] ASK: price:110 quantity:5000
23:15:22.579 [main] DEBUG c.service.MarketDataService - [ALGO] ASK: price:119 quantity:5600
23:15:22.579 [main] DEBUG c.service.MarketDataService - [ALGO] ASK: price:123 quantity:453
23:15:22.579 [main] DEBUG c.service.MarketDataService - [ALGO] ASK: price:144 quantity:645
23:15:22.579 [main] DEBUG c.service.MarketDataService - [ALGO] ASK: price:167 quantity:665
23:15:22.579 [main] INFO  c.gettingstarted.MyAlgoLogic - [MYALGO] The state of the order book is:
|----BID-----||----ASK----|
    134 @ 43    501 @ 98
    145 @ 76   200 @ 101
    300 @ 91  5000 @ 110
    200 @ 93  5600 @ 119
    100 @ 95   453 @ 123
    154 @ 98   645 @ 144
          -    665 @ 167
|------------||-----------|

23:15:22.579 [main] INFO  c.gettingstarted.MyAlgoLogic - [MYALGO] Algo Sees Book as: 
|----BID-----||----ASK----|
    134 @ 43    501 @ 98
    145 @ 76   200 @ 101
    300 @ 91  5000 @ 110
    200 @ 93  5600 @ 119
    100 @ 95   453 @ 123
    154 @ 98   645 @ 144
          -    665 @ 167
|------------||-----------|

23:15:22.579 [main] INFO  c.gettingstarted.TimedLogic - [TIMEDLOGIC] Market is closed
23:15:22.579 [main] INFO  c.sequencer.consumer.LoggingConsumer - [209] 
|----BID-----|
    134 @ 43
    145 @ 76
    300 @ 91
    200 @ 93
    100 @ 95
    154 @ 98
|----ASK-----|
    501 @ 98
   200 @ 101
  5000 @ 110
  5600 @ 119
   453 @ 123
   645 @ 144
   665 @ 167

23:15:22.579 [main] INFO  c.orderbook.OrderBook - [ORDERBOOK] Processing Mkt Data Update
23:15:22.580 [main] INFO  c.o.v.MutatingRemoveAllMarketDataOrdersVisitor - [ORDERBOOK] Removing market data order:MktData(price=43,quantity=134)
23:15:22.580 [main] INFO  c.o.v.MutatingRemoveAllMarketDataOrdersVisitor - [ORDERBOOK] Removing level:43
23:15:22.580 [main] DEBUG c.orderbook.OrderBook - [ORDERBOOK] ASK: Adding orderMktData(price=43,quantity=134)
23:15:22.580 [main] DEBUG c.orderbook.OrderBook - [ORDERBOOK] ASK: Adding orderMktData(price=76,quantity=145)
23:15:22.580 [main] DEBUG c.orderbook.OrderBook - [ORDERBOOK] ASK: Adding orderMktData(price=91,quantity=300)
23:15:22.580 [main] DEBUG c.orderbook.OrderBook - [ORDERBOOK] ASK: Adding orderMktData(price=93,quantity=200)
23:15:22.580 [main] DEBUG c.orderbook.OrderBook - [ORDERBOOK] ASK: Adding orderMktData(price=95,quantity=100)
23:15:22.580 [main] DEBUG c.orderbook.OrderBook - [ORDERBOOK] ASK: Adding orderMktData(price=98,quantity=154)
23:15:22.580 [main] INFO  c.o.v.MutatingMatchOneMarketDataOrderVisitor - [ORDERBOOK] visiting LevelOrderBookLevel(price=43,quantity=134)
23:15:22.580 [main] INFO  c.o.v.MutatingMatchOneMarketDataOrderVisitor - [ORDERBOOK] Can't match order:MktData(price=43,quantity=134)(MktData(price=98,quantity=154))
23:15:22.580 [main] INFO  c.o.v.MutatingRemoveAllMarketDataOrdersVisitor - [ORDERBOOK] Removing market data order:MktData(price=98,quantity=501)
23:15:22.580 [main] INFO  c.o.v.MutatingRemoveAllMarketDataOrdersVisitor - [ORDERBOOK] Removing level:98
23:15:22.580 [main] INFO  c.o.v.MutatingRemoveAllMarketDataOrdersVisitor - [ORDERBOOK] Removing market data order:MktData(price=101,quantity=200)
23:15:22.580 [main] INFO  c.o.v.MutatingRemoveAllMarketDataOrdersVisitor - [ORDERBOOK] Removing level:101
23:15:22.580 [main] INFO  c.o.v.MutatingRemoveAllMarketDataOrdersVisitor - [ORDERBOOK] Removing market data order:MktData(price=110,quantity=5000)
23:15:22.580 [main] INFO  c.o.v.MutatingRemoveAllMarketDataOrdersVisitor - [ORDERBOOK] Removing level:110
23:15:22.580 [main] INFO  c.o.v.MutatingRemoveAllMarketDataOrdersVisitor - [ORDERBOOK] Removing market data order:MktData(price=119,quantity=5600)
23:15:22.580 [main] INFO  c.o.v.MutatingRemoveAllMarketDataOrdersVisitor - [ORDERBOOK] Removing level:119
23:15:22.580 [main] INFO  c.o.v.MutatingRemoveAllMarketDataOrdersVisitor - [ORDERBOOK] Removing market data order:MktData(price=123,quantity=453)
23:15:22.580 [main] INFO  c.o.v.MutatingRemoveAllMarketDataOrdersVisitor - [ORDERBOOK] Removing level:123
23:15:22.580 [main] INFO  c.o.v.MutatingRemoveAllMarketDataOrdersVisitor - [ORDERBOOK] Removing market data order:MktData(price=144,quantity=645)
23:15:22.580 [main] INFO  c.o.v.MutatingRemoveAllMarketDataOrdersVisitor - [ORDERBOOK] Removing level:144
23:15:22.580 [main] INFO  c.o.v.MutatingRemoveAllMarketDataOrdersVisitor - [ORDERBOOK] Removing market data order:MktData(price=167,quantity=665)
23:15:22.580 [main] INFO  c.o.v.MutatingRemoveAllMarketDataOrdersVisitor - [ORDERBOOK] Removing level:167
23:15:22.580 [main] DEBUG c.orderbook.OrderBook - [ORDERBOOK] ASK: Adding orderMktData(price=98,quantity=501)
23:15:22.580 [main] DEBUG c.orderbook.OrderBook - [ORDERBOOK] ASK: Adding orderMktData(price=101,quantity=200)
23:15:22.580 [main] DEBUG c.orderbook.OrderBook - [ORDERBOOK] ASK: Adding orderMktData(price=110,quantity=5000)
23:15:22.580 [main] DEBUG c.orderbook.OrderBook - [ORDERBOOK] ASK: Adding orderMktData(price=119,quantity=5600)
23:15:22.580 [main] DEBUG c.orderbook.OrderBook - [ORDERBOOK] ASK: Adding orderMktData(price=123,quantity=453)
23:15:22.580 [main] DEBUG c.orderbook.OrderBook - [ORDERBOOK] ASK: Adding orderMktData(price=144,quantity=645)
23:15:22.580 [main] DEBUG c.orderbook.OrderBook - [ORDERBOOK] ASK: Adding orderMktData(price=167,quantity=665)
23:15:22.580 [main] DEBUG c.service.MarketDataService - [ALGO] BID: price:43 quantity:134
23:15:22.580 [main] DEBUG c.service.MarketDataService - [ALGO] BID: price:76 quantity:145
23:15:22.580 [main] DEBUG c.service.MarketDataService - [ALGO] BID: price:91 quantity:300
23:15:22.580 [main] DEBUG c.service.MarketDataService - [ALGO] BID: price:93 quantity:200
23:15:22.580 [main] DEBUG c.service.MarketDataService - [ALGO] BID: price:95 quantity:100
23:15:22.580 [main] DEBUG c.service.MarketDataService - [ALGO] BID: price:98 quantity:154
23:15:22.580 [main] DEBUG c.service.MarketDataService - [ALGO] ASK: price:98 quantity:501
23:15:22.580 [main] DEBUG c.service.MarketDataService - [ALGO] ASK: price:101 quantity:200
23:15:22.580 [main] DEBUG c.service.MarketDataService - [ALGO] ASK: price:110 quantity:5000
23:15:22.580 [main] DEBUG c.service.MarketDataService - [ALGO] ASK: price:119 quantity:5600
23:15:22.580 [main] DEBUG c.service.MarketDataService - [ALGO] ASK: price:123 quantity:453
23:15:22.580 [main] DEBUG c.service.MarketDataService - [ALGO] ASK: price:144 quantity:645
23:15:22.580 [main] DEBUG c.service.MarketDataService - [ALGO] ASK: price:167 quantity:665
23:15:22.580 [main] INFO  c.gettingstarted.MyAlgoLogic - [MYALGO] The state of the order book is:
|----BID-----||----ASK----|
    134 @ 43    501 @ 98
    145 @ 76   200 @ 101
    300 @ 91  5000 @ 110
    200 @ 93  5600 @ 119
    100 @ 95   453 @ 123
    154 @ 98   645 @ 144
          -    665 @ 167
|------------||-----------|

23:15:22.580 [main] INFO  c.gettingstarted.MyAlgoLogic - [MYALGO] Algo Sees Book as: 
|----BID-----||----ASK----|
    134 @ 43    501 @ 98
    145 @ 76   200 @ 101
    300 @ 91  5000 @ 110
    200 @ 93  5600 @ 119
    100 @ 95   453 @ 123
    154 @ 98   645 @ 144
          -    665 @ 167
|------------||-----------|

23:15:22.580 [main] INFO  c.gettingstarted.TimedLogic - [TIMEDLOGIC] Market is closed
23:15:22.580 [main] INFO  c.sequencer.consumer.LoggingConsumer - [210] 
|----BID-----|
    134 @ 43
    145 @ 76
    300 @ 91
    200 @ 93
    100 @ 95
    154 @ 98
|----ASK-----|
    501 @ 98
   200 @ 101
  5000 @ 110
  5600 @ 119
   453 @ 123
   645 @ 144
   665 @ 167

23:15:22.580 [main] INFO  c.orderbook.OrderBook - [ORDERBOOK] Processing Mkt Data Update
23:15:22.580 [main] INFO  c.o.v.MutatingRemoveAllMarketDataOrdersVisitor - [ORDERBOOK] Removing market data order:MktData(price=43,quantity=134)
23:15:22.580 [main] INFO  c.o.v.MutatingRemoveAllMarketDataOrdersVisitor - [ORDERBOOK] Removing level:43
23:15:22.580 [main] DEBUG c.orderbook.OrderBook - [ORDERBOOK] ASK: Adding orderMktData(price=43,quantity=134)
23:15:22.580 [main] DEBUG c.orderbook.OrderBook - [ORDERBOOK] ASK: Adding orderMktData(price=76,quantity=145)
23:15:22.580 [main] DEBUG c.orderbook.OrderBook - [ORDERBOOK] ASK: Adding orderMktData(price=91,quantity=300)
23:15:22.580 [main] DEBUG c.orderbook.OrderBook - [ORDERBOOK] ASK: Adding orderMktData(price=93,quantity=200)
23:15:22.580 [main] DEBUG c.orderbook.OrderBook - [ORDERBOOK] ASK: Adding orderMktData(price=95,quantity=100)
23:15:22.580 [main] DEBUG c.orderbook.OrderBook - [ORDERBOOK] ASK: Adding orderMktData(price=98,quantity=154)
23:15:22.580 [main] INFO  c.o.v.MutatingMatchOneMarketDataOrderVisitor - [ORDERBOOK] visiting LevelOrderBookLevel(price=43,quantity=134)
23:15:22.580 [main] INFO  c.o.v.MutatingMatchOneMarketDataOrderVisitor - [ORDERBOOK] Can't match order:MktData(price=43,quantity=134)(MktData(price=98,quantity=154))
23:15:22.580 [main] INFO  c.o.v.MutatingRemoveAllMarketDataOrdersVisitor - [ORDERBOOK] Removing market data order:MktData(price=98,quantity=501)
23:15:22.580 [main] INFO  c.o.v.MutatingRemoveAllMarketDataOrdersVisitor - [ORDERBOOK] Removing level:98
23:15:22.580 [main] INFO  c.o.v.MutatingRemoveAllMarketDataOrdersVisitor - [ORDERBOOK] Removing market data order:MktData(price=101,quantity=200)
23:15:22.580 [main] INFO  c.o.v.MutatingRemoveAllMarketDataOrdersVisitor - [ORDERBOOK] Removing level:101
23:15:22.580 [main] INFO  c.o.v.MutatingRemoveAllMarketDataOrdersVisitor - [ORDERBOOK] Removing market data order:MktData(price=110,quantity=5000)
23:15:22.580 [main] INFO  c.o.v.MutatingRemoveAllMarketDataOrdersVisitor - [ORDERBOOK] Removing level:110
23:15:22.580 [main] INFO  c.o.v.MutatingRemoveAllMarketDataOrdersVisitor - [ORDERBOOK] Removing market data order:MktData(price=119,quantity=5600)
23:15:22.580 [main] INFO  c.o.v.MutatingRemoveAllMarketDataOrdersVisitor - [ORDERBOOK] Removing level:119
23:15:22.580 [main] INFO  c.o.v.MutatingRemoveAllMarketDataOrdersVisitor - [ORDERBOOK] Removing market data order:MktData(price=123,quantity=453)
23:15:22.580 [main] INFO  c.o.v.MutatingRemoveAllMarketDataOrdersVisitor - [ORDERBOOK] Removing level:123
23:15:22.580 [main] INFO  c.o.v.MutatingRemoveAllMarketDataOrdersVisitor - [ORDERBOOK] Removing market data order:MktData(price=144,quantity=645)
23:15:22.580 [main] INFO  c.o.v.MutatingRemoveAllMarketDataOrdersVisitor - [ORDERBOOK] Removing level:144
23:15:22.580 [main] INFO  c.o.v.MutatingRemoveAllMarketDataOrdersVisitor - [ORDERBOOK] Removing market data order:MktData(price=167,quantity=665)
23:15:22.580 [main] INFO  c.o.v.MutatingRemoveAllMarketDataOrdersVisitor - [ORDERBOOK] Removing level:167
23:15:22.580 [main] DEBUG c.orderbook.OrderBook - [ORDERBOOK] ASK: Adding orderMktData(price=98,quantity=501)
23:15:22.580 [main] DEBUG c.orderbook.OrderBook - [ORDERBOOK] ASK: Adding orderMktData(price=101,quantity=200)
23:15:22.580 [main] DEBUG c.orderbook.OrderBook - [ORDERBOOK] ASK: Adding orderMktData(price=110,quantity=5000)
23:15:22.580 [main] DEBUG c.orderbook.OrderBook - [ORDERBOOK] ASK: Adding orderMktData(price=119,quantity=5600)
23:15:22.580 [main] DEBUG c.orderbook.OrderBook - [ORDERBOOK] ASK: Adding orderMktData(price=123,quantity=453)
23:15:22.580 [main] DEBUG c.orderbook.OrderBook - [ORDERBOOK] ASK: Adding orderMktData(price=144,quantity=645)
23:15:22.580 [main] DEBUG c.orderbook.OrderBook - [ORDERBOOK] ASK: Adding orderMktData(price=167,quantity=665)
23:15:22.580 [main] DEBUG c.service.MarketDataService - [ALGO] BID: price:43 quantity:134
23:15:22.580 [main] DEBUG c.service.MarketDataService - [ALGO] BID: price:76 quantity:145
23:15:22.580 [main] DEBUG c.service.MarketDataService - [ALGO] BID: price:91 quantity:300
23:15:22.580 [main] DEBUG c.service.MarketDataService - [ALGO] BID: price:93 quantity:200
23:15:22.580 [main] DEBUG c.service.MarketDataService - [ALGO] BID: price:95 quantity:100
23:15:22.580 [main] DEBUG c.service.MarketDataService - [ALGO] BID: price:98 quantity:154
23:15:22.580 [main] DEBUG c.service.MarketDataService - [ALGO] ASK: price:98 quantity:501
23:15:22.580 [main] DEBUG c.service.MarketDataService - [ALGO] ASK: price:101 quantity:200
23:15:22.580 [main] DEBUG c.service.MarketDataService - [ALGO] ASK: price:110 quantity:5000
23:15:22.580 [main] DEBUG c.service.MarketDataService - [ALGO] ASK: price:119 quantity:5600
23:15:22.580 [main] DEBUG c.service.MarketDataService - [ALGO] ASK: price:123 quantity:453
23:15:22.580 [main] DEBUG c.service.MarketDataService - [ALGO] ASK: price:144 quantity:645
23:15:22.580 [main] DEBUG c.service.MarketDataService - [ALGO] ASK: price:167 quantity:665
23:15:22.580 [main] INFO  c.gettingstarted.MyAlgoLogic - [MYALGO] The state of the order book is:
|----BID-----||----ASK----|
    134 @ 43    501 @ 98
    145 @ 76   200 @ 101
    300 @ 91  5000 @ 110
    200 @ 93  5600 @ 119
    100 @ 95   453 @ 123
    154 @ 98   645 @ 144
          -    665 @ 167
|------------||-----------|

23:15:22.580 [main] INFO  c.gettingstarted.MyAlgoLogic - [MYALGO] Algo Sees Book as: 
|----BID-----||----ASK----|
    134 @ 43    501 @ 98
    145 @ 76   200 @ 101
    300 @ 91  5000 @ 110
    200 @ 93  5600 @ 119
    100 @ 95   453 @ 123
    154 @ 98   645 @ 144
          -    665 @ 167
|------------||-----------|

23:15:22.580 [main] INFO  c.gettingstarted.TimedLogic - [TIMEDLOGIC] Market is closed
23:15:22.580 [main] INFO  c.sequencer.consumer.LoggingConsumer - [211] 
|----BID-----|
    134 @ 43
    145 @ 76
    300 @ 91
    200 @ 93
    100 @ 95
    154 @ 98
|----ASK-----|
    501 @ 98
   200 @ 101
  5000 @ 110
  5600 @ 119
   453 @ 123
   645 @ 144
   665 @ 167

23:15:22.580 [main] INFO  c.orderbook.OrderBook - [ORDERBOOK] Processing Mkt Data Update
23:15:22.580 [main] INFO  c.o.v.MutatingRemoveAllMarketDataOrdersVisitor - [ORDERBOOK] Removing market data order:MktData(price=43,quantity=134)
23:15:22.580 [main] INFO  c.o.v.MutatingRemoveAllMarketDataOrdersVisitor - [ORDERBOOK] Removing level:43
23:15:22.580 [main] DEBUG c.orderbook.OrderBook - [ORDERBOOK] ASK: Adding orderMktData(price=43,quantity=134)
23:15:22.580 [main] DEBUG c.orderbook.OrderBook - [ORDERBOOK] ASK: Adding orderMktData(price=76,quantity=145)
23:15:22.580 [main] DEBUG c.orderbook.OrderBook - [ORDERBOOK] ASK: Adding orderMktData(price=91,quantity=300)
23:15:22.580 [main] DEBUG c.orderbook.OrderBook - [ORDERBOOK] ASK: Adding orderMktData(price=93,quantity=200)
23:15:22.580 [main] DEBUG c.orderbook.OrderBook - [ORDERBOOK] ASK: Adding orderMktData(price=95,quantity=100)
23:15:22.580 [main] DEBUG c.orderbook.OrderBook - [ORDERBOOK] ASK: Adding orderMktData(price=98,quantity=154)
23:15:22.580 [main] INFO  c.o.v.MutatingMatchOneMarketDataOrderVisitor - [ORDERBOOK] visiting LevelOrderBookLevel(price=43,quantity=134)
23:15:22.580 [main] INFO  c.o.v.MutatingMatchOneMarketDataOrderVisitor - [ORDERBOOK] Can't match order:MktData(price=43,quantity=134)(MktData(price=98,quantity=154))
23:15:22.580 [main] INFO  c.o.v.MutatingRemoveAllMarketDataOrdersVisitor - [ORDERBOOK] Removing market data order:MktData(price=98,quantity=501)
23:15:22.580 [main] INFO  c.o.v.MutatingRemoveAllMarketDataOrdersVisitor - [ORDERBOOK] Removing level:98
23:15:22.580 [main] INFO  c.o.v.MutatingRemoveAllMarketDataOrdersVisitor - [ORDERBOOK] Removing market data order:MktData(price=101,quantity=200)
23:15:22.580 [main] INFO  c.o.v.MutatingRemoveAllMarketDataOrdersVisitor - [ORDERBOOK] Removing level:101
23:15:22.580 [main] INFO  c.o.v.MutatingRemoveAllMarketDataOrdersVisitor - [ORDERBOOK] Removing market data order:MktData(price=110,quantity=5000)
23:15:22.580 [main] INFO  c.o.v.MutatingRemoveAllMarketDataOrdersVisitor - [ORDERBOOK] Removing level:110
23:15:22.580 [main] INFO  c.o.v.MutatingRemoveAllMarketDataOrdersVisitor - [ORDERBOOK] Removing market data order:MktData(price=119,quantity=5600)
23:15:22.580 [main] INFO  c.o.v.MutatingRemoveAllMarketDataOrdersVisitor - [ORDERBOOK] Removing level:119
23:15:22.580 [main] INFO  c.o.v.MutatingRemoveAllMarketDataOrdersVisitor - [ORDERBOOK] Removing market data order:MktData(price=123,quantity=453)
23:15:22.580 [main] INFO  c.o.v.MutatingRemoveAllMarketDataOrdersVisitor - [ORDERBOOK] Removing level:123
23:15:22.580 [main] INFO  c.o.v.MutatingRemoveAllMarketDataOrdersVisitor - [ORDERBOOK] Removing market data order:MktData(price=144,quantity=645)
23:15:22.580 [main] INFO  c.o.v.MutatingRemoveAllMarketDataOrdersVisitor - [ORDERBOOK] Removing level:144
23:15:22.580 [main] INFO  c.o.v.MutatingRemoveAllMarketDataOrdersVisitor - [ORDERBOOK] Removing market data order:MktData(price=167,quantity=665)
23:15:22.580 [main] INFO  c.o.v.MutatingRemoveAllMarketDataOrdersVisitor - [ORDERBOOK] Removing level:167
23:15:22.580 [main] DEBUG c.orderbook.OrderBook - [ORDERBOOK] ASK: Adding orderMktData(price=98,quantity=501)
23:15:22.580 [main] DEBUG c.orderbook.OrderBook - [ORDERBOOK] ASK: Adding orderMktData(price=101,quantity=200)
23:15:22.580 [main] DEBUG c.orderbook.OrderBook - [ORDERBOOK] ASK: Adding orderMktData(price=110,quantity=5000)
23:15:22.580 [main] DEBUG c.orderbook.OrderBook - [ORDERBOOK] ASK: Adding orderMktData(price=119,quantity=5600)
23:15:22.580 [main] DEBUG c.orderbook.OrderBook - [ORDERBOOK] ASK: Adding orderMktData(price=123,quantity=453)
23:15:22.580 [main] DEBUG c.orderbook.OrderBook - [ORDERBOOK] ASK: Adding orderMktData(price=144,quantity=645)
23:15:22.580 [main] DEBUG c.orderbook.OrderBook - [ORDERBOOK] ASK: Adding orderMktData(price=167,quantity=665)
23:15:22.580 [main] DEBUG c.service.MarketDataService - [ALGO] BID: price:43 quantity:134
23:15:22.581 [main] DEBUG c.service.MarketDataService - [ALGO] BID: price:76 quantity:145
23:15:22.581 [main] DEBUG c.service.MarketDataService - [ALGO] BID: price:91 quantity:300
23:15:22.581 [main] DEBUG c.service.MarketDataService - [ALGO] BID: price:93 quantity:200
23:15:22.581 [main] DEBUG c.service.MarketDataService - [ALGO] BID: price:95 quantity:100
23:15:22.581 [main] DEBUG c.service.MarketDataService - [ALGO] BID: price:98 quantity:154
23:15:22.581 [main] DEBUG c.service.MarketDataService - [ALGO] ASK: price:98 quantity:501
23:15:22.581 [main] DEBUG c.service.MarketDataService - [ALGO] ASK: price:101 quantity:200
23:15:22.581 [main] DEBUG c.service.MarketDataService - [ALGO] ASK: price:110 quantity:5000
23:15:22.581 [main] DEBUG c.service.MarketDataService - [ALGO] ASK: price:119 quantity:5600
23:15:22.581 [main] DEBUG c.service.MarketDataService - [ALGO] ASK: price:123 quantity:453
23:15:22.581 [main] DEBUG c.service.MarketDataService - [ALGO] ASK: price:144 quantity:645
23:15:22.581 [main] DEBUG c.service.MarketDataService - [ALGO] ASK: price:167 quantity:665
23:15:22.581 [main] INFO  c.gettingstarted.MyAlgoLogic - [MYALGO] The state of the order book is:
|----BID-----||----ASK----|
    134 @ 43    501 @ 98
    145 @ 76   200 @ 101
    300 @ 91  5000 @ 110
    200 @ 93  5600 @ 119
    100 @ 95   453 @ 123
    154 @ 98   645 @ 144
          -    665 @ 167
|------------||-----------|

23:15:22.581 [main] INFO  c.gettingstarted.MyAlgoLogic - [MYALGO] Algo Sees Book as: 
|----BID-----||----ASK----|
    134 @ 43    501 @ 98
    145 @ 76   200 @ 101
    300 @ 91  5000 @ 110
    200 @ 93  5600 @ 119
    100 @ 95   453 @ 123
    154 @ 98   645 @ 144
          -    665 @ 167
|------------||-----------|

23:15:22.581 [main] INFO  c.gettingstarted.TimedLogic - [TIMEDLOGIC] Market is closed
23:15:22.581 [main] INFO  c.sequencer.consumer.LoggingConsumer - [212] 
|----BID-----|
    134 @ 43
    145 @ 76
    300 @ 91
    200 @ 93
    100 @ 95
    154 @ 98
|----ASK-----|
    501 @ 98
   200 @ 101
  5000 @ 110
  5600 @ 119
   453 @ 123
   645 @ 144
   665 @ 167

23:15:22.581 [main] INFO  c.orderbook.OrderBook - [ORDERBOOK] Processing Mkt Data Update
23:15:22.581 [main] INFO  c.o.v.MutatingRemoveAllMarketDataOrdersVisitor - [ORDERBOOK] Removing market data order:MktData(price=43,quantity=134)
23:15:22.581 [main] INFO  c.o.v.MutatingRemoveAllMarketDataOrdersVisitor - [ORDERBOOK] Removing level:43
23:15:22.581 [main] DEBUG c.orderbook.OrderBook - [ORDERBOOK] ASK: Adding orderMktData(price=43,quantity=134)
23:15:22.581 [main] DEBUG c.orderbook.OrderBook - [ORDERBOOK] ASK: Adding orderMktData(price=76,quantity=145)
23:15:22.581 [main] DEBUG c.orderbook.OrderBook - [ORDERBOOK] ASK: Adding orderMktData(price=91,quantity=300)
23:15:22.581 [main] DEBUG c.orderbook.OrderBook - [ORDERBOOK] ASK: Adding orderMktData(price=93,quantity=200)
23:15:22.581 [main] DEBUG c.orderbook.OrderBook - [ORDERBOOK] ASK: Adding orderMktData(price=95,quantity=100)
23:15:22.581 [main] DEBUG c.orderbook.OrderBook - [ORDERBOOK] ASK: Adding orderMktData(price=98,quantity=154)
23:15:22.581 [main] INFO  c.o.v.MutatingMatchOneMarketDataOrderVisitor - [ORDERBOOK] visiting LevelOrderBookLevel(price=43,quantity=134)
23:15:22.581 [main] INFO  c.o.v.MutatingMatchOneMarketDataOrderVisitor - [ORDERBOOK] Can't match order:MktData(price=43,quantity=134)(MktData(price=98,quantity=154))
23:15:22.581 [main] INFO  c.o.v.MutatingRemoveAllMarketDataOrdersVisitor - [ORDERBOOK] Removing market data order:MktData(price=98,quantity=501)
23:15:22.581 [main] INFO  c.o.v.MutatingRemoveAllMarketDataOrdersVisitor - [ORDERBOOK] Removing level:98
23:15:22.581 [main] INFO  c.o.v.MutatingRemoveAllMarketDataOrdersVisitor - [ORDERBOOK] Removing market data order:MktData(price=101,quantity=200)
23:15:22.581 [main] INFO  c.o.v.MutatingRemoveAllMarketDataOrdersVisitor - [ORDERBOOK] Removing level:101
23:15:22.581 [main] INFO  c.o.v.MutatingRemoveAllMarketDataOrdersVisitor - [ORDERBOOK] Removing market data order:MktData(price=110,quantity=5000)
23:15:22.581 [main] INFO  c.o.v.MutatingRemoveAllMarketDataOrdersVisitor - [ORDERBOOK] Removing level:110
23:15:22.581 [main] INFO  c.o.v.MutatingRemoveAllMarketDataOrdersVisitor - [ORDERBOOK] Removing market data order:MktData(price=119,quantity=5600)
23:15:22.581 [main] INFO  c.o.v.MutatingRemoveAllMarketDataOrdersVisitor - [ORDERBOOK] Removing level:119
23:15:22.581 [main] INFO  c.o.v.MutatingRemoveAllMarketDataOrdersVisitor - [ORDERBOOK] Removing market data order:MktData(price=123,quantity=453)
23:15:22.581 [main] INFO  c.o.v.MutatingRemoveAllMarketDataOrdersVisitor - [ORDERBOOK] Removing level:123
23:15:22.581 [main] INFO  c.o.v.MutatingRemoveAllMarketDataOrdersVisitor - [ORDERBOOK] Removing market data order:MktData(price=144,quantity=645)
23:15:22.581 [main] INFO  c.o.v.MutatingRemoveAllMarketDataOrdersVisitor - [ORDERBOOK] Removing level:144
23:15:22.581 [main] INFO  c.o.v.MutatingRemoveAllMarketDataOrdersVisitor - [ORDERBOOK] Removing market data order:MktData(price=167,quantity=665)
23:15:22.581 [main] INFO  c.o.v.MutatingRemoveAllMarketDataOrdersVisitor - [ORDERBOOK] Removing level:167
23:15:22.581 [main] DEBUG c.orderbook.OrderBook - [ORDERBOOK] ASK: Adding orderMktData(price=98,quantity=501)
23:15:22.581 [main] DEBUG c.orderbook.OrderBook - [ORDERBOOK] ASK: Adding orderMktData(price=101,quantity=200)
23:15:22.581 [main] DEBUG c.orderbook.OrderBook - [ORDERBOOK] ASK: Adding orderMktData(price=110,quantity=5000)
23:15:22.581 [main] DEBUG c.orderbook.OrderBook - [ORDERBOOK] ASK: Adding orderMktData(price=119,quantity=5600)
23:15:22.581 [main] DEBUG c.orderbook.OrderBook - [ORDERBOOK] ASK: Adding orderMktData(price=123,quantity=453)
23:15:22.581 [main] DEBUG c.orderbook.OrderBook - [ORDERBOOK] ASK: Adding orderMktData(price=144,quantity=645)
23:15:22.581 [main] DEBUG c.orderbook.OrderBook - [ORDERBOOK] ASK: Adding orderMktData(price=167,quantity=665)
23:15:22.581 [main] DEBUG c.service.MarketDataService - [ALGO] BID: price:43 quantity:134
23:15:22.581 [main] DEBUG c.service.MarketDataService - [ALGO] BID: price:76 quantity:145
23:15:22.581 [main] DEBUG c.service.MarketDataService - [ALGO] BID: price:91 quantity:300
23:15:22.581 [main] DEBUG c.service.MarketDataService - [ALGO] BID: price:93 quantity:200
23:15:22.581 [main] DEBUG c.service.MarketDataService - [ALGO] BID: price:95 quantity:100
23:15:22.581 [main] DEBUG c.service.MarketDataService - [ALGO] BID: price:98 quantity:154
23:15:22.581 [main] DEBUG c.service.MarketDataService - [ALGO] ASK: price:98 quantity:501
23:15:22.581 [main] DEBUG c.service.MarketDataService - [ALGO] ASK: price:101 quantity:200
23:15:22.581 [main] DEBUG c.service.MarketDataService - [ALGO] ASK: price:110 quantity:5000
23:15:22.581 [main] DEBUG c.service.MarketDataService - [ALGO] ASK: price:119 quantity:5600
23:15:22.581 [main] DEBUG c.service.MarketDataService - [ALGO] ASK: price:123 quantity:453
23:15:22.581 [main] DEBUG c.service.MarketDataService - [ALGO] ASK: price:144 quantity:645
23:15:22.581 [main] DEBUG c.service.MarketDataService - [ALGO] ASK: price:167 quantity:665
23:15:22.581 [main] INFO  c.gettingstarted.MyAlgoLogic - [MYALGO] The state of the order book is:
|----BID-----||----ASK----|
    134 @ 43    501 @ 98
    145 @ 76   200 @ 101
    300 @ 91  5000 @ 110
    200 @ 93  5600 @ 119
    100 @ 95   453 @ 123
    154 @ 98   645 @ 144
          -    665 @ 167
|------------||-----------|

23:15:22.581 [main] INFO  c.gettingstarted.MyAlgoLogic - [MYALGO] Algo Sees Book as: 
|----BID-----||----ASK----|
    134 @ 43    501 @ 98
    145 @ 76   200 @ 101
    300 @ 91  5000 @ 110
    200 @ 93  5600 @ 119
    100 @ 95   453 @ 123
    154 @ 98   645 @ 144
          -    665 @ 167
|------------||-----------|

23:15:22.581 [main] INFO  c.gettingstarted.TimedLogic - [TIMEDLOGIC] Market is closed
23:15:22.581 [main] INFO  c.sequencer.consumer.LoggingConsumer - [213] 
|----BID-----|
    134 @ 43
    145 @ 76
    300 @ 91
    200 @ 93
    100 @ 95
    154 @ 98
|----ASK-----|
    501 @ 98
   200 @ 101
  5000 @ 110
  5600 @ 119
   453 @ 123
   645 @ 144
   665 @ 167

23:15:22.581 [main] INFO  c.orderbook.OrderBook - [ORDERBOOK] Processing Mkt Data Update
23:15:22.581 [main] INFO  c.o.v.MutatingRemoveAllMarketDataOrdersVisitor - [ORDERBOOK] Removing market data order:MktData(price=43,quantity=134)
23:15:22.581 [main] INFO  c.o.v.MutatingRemoveAllMarketDataOrdersVisitor - [ORDERBOOK] Removing level:43
23:15:22.581 [main] DEBUG c.orderbook.OrderBook - [ORDERBOOK] ASK: Adding orderMktData(price=43,quantity=134)
23:15:22.581 [main] DEBUG c.orderbook.OrderBook - [ORDERBOOK] ASK: Adding orderMktData(price=76,quantity=145)
23:15:22.581 [main] DEBUG c.orderbook.OrderBook - [ORDERBOOK] ASK: Adding orderMktData(price=91,quantity=300)
23:15:22.581 [main] DEBUG c.orderbook.OrderBook - [ORDERBOOK] ASK: Adding orderMktData(price=93,quantity=200)
23:15:22.581 [main] DEBUG c.orderbook.OrderBook - [ORDERBOOK] ASK: Adding orderMktData(price=95,quantity=100)
23:15:22.581 [main] DEBUG c.orderbook.OrderBook - [ORDERBOOK] ASK: Adding orderMktData(price=98,quantity=154)
23:15:22.581 [main] INFO  c.o.v.MutatingMatchOneMarketDataOrderVisitor - [ORDERBOOK] visiting LevelOrderBookLevel(price=43,quantity=134)
23:15:22.581 [main] INFO  c.o.v.MutatingMatchOneMarketDataOrderVisitor - [ORDERBOOK] Can't match order:MktData(price=43,quantity=134)(MktData(price=98,quantity=154))
23:15:22.581 [main] INFO  c.o.v.MutatingRemoveAllMarketDataOrdersVisitor - [ORDERBOOK] Removing market data order:MktData(price=98,quantity=501)
23:15:22.581 [main] INFO  c.o.v.MutatingRemoveAllMarketDataOrdersVisitor - [ORDERBOOK] Removing level:98
23:15:22.581 [main] INFO  c.o.v.MutatingRemoveAllMarketDataOrdersVisitor - [ORDERBOOK] Removing market data order:MktData(price=101,quantity=200)
23:15:22.581 [main] INFO  c.o.v.MutatingRemoveAllMarketDataOrdersVisitor - [ORDERBOOK] Removing level:101
23:15:22.581 [main] INFO  c.o.v.MutatingRemoveAllMarketDataOrdersVisitor - [ORDERBOOK] Removing market data order:MktData(price=110,quantity=5000)
23:15:22.581 [main] INFO  c.o.v.MutatingRemoveAllMarketDataOrdersVisitor - [ORDERBOOK] Removing level:110
23:15:22.581 [main] INFO  c.o.v.MutatingRemoveAllMarketDataOrdersVisitor - [ORDERBOOK] Removing market data order:MktData(price=119,quantity=5600)
23:15:22.581 [main] INFO  c.o.v.MutatingRemoveAllMarketDataOrdersVisitor - [ORDERBOOK] Removing level:119
23:15:22.581 [main] INFO  c.o.v.MutatingRemoveAllMarketDataOrdersVisitor - [ORDERBOOK] Removing market data order:MktData(price=123,quantity=453)
23:15:22.581 [main] INFO  c.o.v.MutatingRemoveAllMarketDataOrdersVisitor - [ORDERBOOK] Removing level:123
23:15:22.581 [main] INFO  c.o.v.MutatingRemoveAllMarketDataOrdersVisitor - [ORDERBOOK] Removing market data order:MktData(price=144,quantity=645)
23:15:22.581 [main] INFO  c.o.v.MutatingRemoveAllMarketDataOrdersVisitor - [ORDERBOOK] Removing level:144
23:15:22.581 [main] INFO  c.o.v.MutatingRemoveAllMarketDataOrdersVisitor - [ORDERBOOK] Removing market data order:MktData(price=167,quantity=665)
23:15:22.581 [main] INFO  c.o.v.MutatingRemoveAllMarketDataOrdersVisitor - [ORDERBOOK] Removing level:167
23:15:22.581 [main] DEBUG c.orderbook.OrderBook - [ORDERBOOK] ASK: Adding orderMktData(price=98,quantity=501)
23:15:22.581 [main] DEBUG c.orderbook.OrderBook - [ORDERBOOK] ASK: Adding orderMktData(price=101,quantity=200)
23:15:22.581 [main] DEBUG c.orderbook.OrderBook - [ORDERBOOK] ASK: Adding orderMktData(price=110,quantity=5000)
23:15:22.581 [main] DEBUG c.orderbook.OrderBook - [ORDERBOOK] ASK: Adding orderMktData(price=119,quantity=5600)
23:15:22.581 [main] DEBUG c.orderbook.OrderBook - [ORDERBOOK] ASK: Adding orderMktData(price=123,quantity=453)
23:15:22.581 [main] DEBUG c.orderbook.OrderBook - [ORDERBOOK] ASK: Adding orderMktData(price=144,quantity=645)
23:15:22.581 [main] DEBUG c.orderbook.OrderBook - [ORDERBOOK] ASK: Adding orderMktData(price=167,quantity=665)
23:15:22.581 [main] DEBUG c.service.MarketDataService - [ALGO] BID: price:43 quantity:134
23:15:22.581 [main] DEBUG c.service.MarketDataService - [ALGO] BID: price:76 quantity:145
23:15:22.581 [main] DEBUG c.service.MarketDataService - [ALGO] BID: price:91 quantity:300
23:15:22.581 [main] DEBUG c.service.MarketDataService - [ALGO] BID: price:93 quantity:200
23:15:22.581 [main] DEBUG c.service.MarketDataService - [ALGO] BID: price:95 quantity:100
23:15:22.581 [main] DEBUG c.service.MarketDataService - [ALGO] BID: price:98 quantity:154
23:15:22.581 [main] DEBUG c.service.MarketDataService - [ALGO] ASK: price:98 quantity:501
23:15:22.581 [main] DEBUG c.service.MarketDataService - [ALGO] ASK: price:101 quantity:200
23:15:22.581 [main] DEBUG c.service.MarketDataService - [ALGO] ASK: price:110 quantity:5000
23:15:22.581 [main] DEBUG c.service.MarketDataService - [ALGO] ASK: price:119 quantity:5600
23:15:22.581 [main] DEBUG c.service.MarketDataService - [ALGO] ASK: price:123 quantity:453
23:15:22.581 [main] DEBUG c.service.MarketDataService - [ALGO] ASK: price:144 quantity:645
23:15:22.581 [main] DEBUG c.service.MarketDataService - [ALGO] ASK: price:167 quantity:665
23:15:22.581 [main] INFO  c.gettingstarted.MyAlgoLogic - [MYALGO] The state of the order book is:
|----BID-----||----ASK----|
    134 @ 43    501 @ 98
    145 @ 76   200 @ 101
    300 @ 91  5000 @ 110
    200 @ 93  5600 @ 119
    100 @ 95   453 @ 123
    154 @ 98   645 @ 144
          -    665 @ 167
|------------||-----------|

23:15:22.582 [main] INFO  c.gettingstarted.MyAlgoLogic - [MYALGO] Algo Sees Book as: 
|----BID-----||----ASK----|
    134 @ 43    501 @ 98
    145 @ 76   200 @ 101
    300 @ 91  5000 @ 110
    200 @ 93  5600 @ 119
    100 @ 95   453 @ 123
    154 @ 98   645 @ 144
          -    665 @ 167
|------------||-----------|

23:15:22.582 [main] INFO  c.gettingstarted.TimedLogic - [TIMEDLOGIC] Market is closed
23:15:22.582 [main] INFO  c.sequencer.consumer.LoggingConsumer - [214] 
|----BID-----|
    134 @ 43
    145 @ 76
    300 @ 91
    200 @ 93
    100 @ 95
    154 @ 98
|----ASK-----|
    501 @ 98
   200 @ 101
  5000 @ 110
  5600 @ 119
   453 @ 123
   645 @ 144
   665 @ 167

23:15:22.582 [main] INFO  c.orderbook.OrderBook - [ORDERBOOK] Processing Mkt Data Update
23:15:22.582 [main] INFO  c.o.v.MutatingRemoveAllMarketDataOrdersVisitor - [ORDERBOOK] Removing market data order:MktData(price=43,quantity=134)
23:15:22.582 [main] INFO  c.o.v.MutatingRemoveAllMarketDataOrdersVisitor - [ORDERBOOK] Removing level:43
23:15:22.582 [main] DEBUG c.orderbook.OrderBook - [ORDERBOOK] ASK: Adding orderMktData(price=43,quantity=134)
23:15:22.582 [main] DEBUG c.orderbook.OrderBook - [ORDERBOOK] ASK: Adding orderMktData(price=76,quantity=145)
23:15:22.582 [main] DEBUG c.orderbook.OrderBook - [ORDERBOOK] ASK: Adding orderMktData(price=91,quantity=300)
23:15:22.582 [main] DEBUG c.orderbook.OrderBook - [ORDERBOOK] ASK: Adding orderMktData(price=93,quantity=200)
23:15:22.582 [main] DEBUG c.orderbook.OrderBook - [ORDERBOOK] ASK: Adding orderMktData(price=95,quantity=100)
23:15:22.582 [main] DEBUG c.orderbook.OrderBook - [ORDERBOOK] ASK: Adding orderMktData(price=98,quantity=154)
23:15:22.582 [main] INFO  c.o.v.MutatingMatchOneMarketDataOrderVisitor - [ORDERBOOK] visiting LevelOrderBookLevel(price=43,quantity=134)
23:15:22.582 [main] INFO  c.o.v.MutatingMatchOneMarketDataOrderVisitor - [ORDERBOOK] Can't match order:MktData(price=43,quantity=134)(MktData(price=98,quantity=154))
23:15:22.582 [main] INFO  c.o.v.MutatingRemoveAllMarketDataOrdersVisitor - [ORDERBOOK] Removing market data order:MktData(price=98,quantity=501)
23:15:22.582 [main] INFO  c.o.v.MutatingRemoveAllMarketDataOrdersVisitor - [ORDERBOOK] Removing level:98
23:15:22.582 [main] INFO  c.o.v.MutatingRemoveAllMarketDataOrdersVisitor - [ORDERBOOK] Removing market data order:MktData(price=101,quantity=200)
23:15:22.582 [main] INFO  c.o.v.MutatingRemoveAllMarketDataOrdersVisitor - [ORDERBOOK] Removing level:101
23:15:22.582 [main] INFO  c.o.v.MutatingRemoveAllMarketDataOrdersVisitor - [ORDERBOOK] Removing market data order:MktData(price=110,quantity=5000)
23:15:22.582 [main] INFO  c.o.v.MutatingRemoveAllMarketDataOrdersVisitor - [ORDERBOOK] Removing level:110
23:15:22.582 [main] INFO  c.o.v.MutatingRemoveAllMarketDataOrdersVisitor - [ORDERBOOK] Removing market data order:MktData(price=119,quantity=5600)
23:15:22.582 [main] INFO  c.o.v.MutatingRemoveAllMarketDataOrdersVisitor - [ORDERBOOK] Removing level:119
23:15:22.582 [main] INFO  c.o.v.MutatingRemoveAllMarketDataOrdersVisitor - [ORDERBOOK] Removing market data order:MktData(price=123,quantity=453)
23:15:22.582 [main] INFO  c.o.v.MutatingRemoveAllMarketDataOrdersVisitor - [ORDERBOOK] Removing level:123
23:15:22.582 [main] INFO  c.o.v.MutatingRemoveAllMarketDataOrdersVisitor - [ORDERBOOK] Removing market data order:MktData(price=144,quantity=645)
23:15:22.582 [main] INFO  c.o.v.MutatingRemoveAllMarketDataOrdersVisitor - [ORDERBOOK] Removing level:144
23:15:22.582 [main] INFO  c.o.v.MutatingRemoveAllMarketDataOrdersVisitor - [ORDERBOOK] Removing market data order:MktData(price=167,quantity=665)
23:15:22.582 [main] INFO  c.o.v.MutatingRemoveAllMarketDataOrdersVisitor - [ORDERBOOK] Removing level:167
23:15:22.582 [main] DEBUG c.orderbook.OrderBook - [ORDERBOOK] ASK: Adding orderMktData(price=98,quantity=501)
23:15:22.582 [main] DEBUG c.orderbook.OrderBook - [ORDERBOOK] ASK: Adding orderMktData(price=101,quantity=200)
23:15:22.582 [main] DEBUG c.orderbook.OrderBook - [ORDERBOOK] ASK: Adding orderMktData(price=110,quantity=5000)
23:15:22.582 [main] DEBUG c.orderbook.OrderBook - [ORDERBOOK] ASK: Adding orderMktData(price=119,quantity=5600)
23:15:22.582 [main] DEBUG c.orderbook.OrderBook - [ORDERBOOK] ASK: Adding orderMktData(price=123,quantity=453)
23:15:22.582 [main] DEBUG c.orderbook.OrderBook - [ORDERBOOK] ASK: Adding orderMktData(price=144,quantity=645)
23:15:22.582 [main] DEBUG c.orderbook.OrderBook - [ORDERBOOK] ASK: Adding orderMktData(price=167,quantity=665)
23:15:22.582 [main] DEBUG c.service.MarketDataService - [ALGO] BID: price:43 quantity:134
23:15:22.582 [main] DEBUG c.service.MarketDataService - [ALGO] BID: price:76 quantity:145
23:15:22.582 [main] DEBUG c.service.MarketDataService - [ALGO] BID: price:91 quantity:300
23:15:22.583 [main] DEBUG c.service.MarketDataService - [ALGO] BID: price:93 quantity:200
23:15:22.583 [main] DEBUG c.service.MarketDataService - [ALGO] BID: price:95 quantity:100
23:15:22.583 [main] DEBUG c.service.MarketDataService - [ALGO] BID: price:98 quantity:154
23:15:22.583 [main] DEBUG c.service.MarketDataService - [ALGO] ASK: price:98 quantity:501
23:15:22.583 [main] DEBUG c.service.MarketDataService - [ALGO] ASK: price:101 quantity:200
23:15:22.583 [main] DEBUG c.service.MarketDataService - [ALGO] ASK: price:110 quantity:5000
23:15:22.583 [main] DEBUG c.service.MarketDataService - [ALGO] ASK: price:119 quantity:5600
23:15:22.583 [main] DEBUG c.service.MarketDataService - [ALGO] ASK: price:123 quantity:453
23:15:22.583 [main] DEBUG c.service.MarketDataService - [ALGO] ASK: price:144 quantity:645
23:15:22.583 [main] DEBUG c.service.MarketDataService - [ALGO] ASK: price:167 quantity:665
23:15:22.583 [main] INFO  c.gettingstarted.MyAlgoLogic - [MYALGO] The state of the order book is:
|----BID-----||----ASK----|
    134 @ 43    501 @ 98
    145 @ 76   200 @ 101
    300 @ 91  5000 @ 110
    200 @ 93  5600 @ 119
    100 @ 95   453 @ 123
    154 @ 98   645 @ 144
          -    665 @ 167
|------------||-----------|

23:15:22.583 [main] INFO  c.gettingstarted.MyAlgoLogic - [MYALGO] Algo Sees Book as: 
|----BID-----||----ASK----|
    134 @ 43    501 @ 98
    145 @ 76   200 @ 101
    300 @ 91  5000 @ 110
    200 @ 93  5600 @ 119
    100 @ 95   453 @ 123
    154 @ 98   645 @ 144
          -    665 @ 167
|------------||-----------|

23:15:22.583 [main] INFO  c.gettingstarted.TimedLogic - [TIMEDLOGIC] Market is closed
23:15:22.583 [main] INFO  c.sequencer.consumer.LoggingConsumer - [215] 
|----BID-----|
    134 @ 43
    145 @ 76
    300 @ 91
    200 @ 93
    100 @ 95
    154 @ 98
|----ASK-----|
    501 @ 98
   200 @ 101
  5000 @ 110
  5600 @ 119
   453 @ 123
   645 @ 144
   665 @ 167

23:15:22.583 [main] INFO  c.orderbook.OrderBook - [ORDERBOOK] Processing Mkt Data Update
23:15:22.583 [main] INFO  c.o.v.MutatingRemoveAllMarketDataOrdersVisitor - [ORDERBOOK] Removing market data order:MktData(price=43,quantity=134)
23:15:22.583 [main] INFO  c.o.v.MutatingRemoveAllMarketDataOrdersVisitor - [ORDERBOOK] Removing level:43
23:15:22.583 [main] DEBUG c.orderbook.OrderBook - [ORDERBOOK] ASK: Adding orderMktData(price=43,quantity=134)
23:15:22.583 [main] DEBUG c.orderbook.OrderBook - [ORDERBOOK] ASK: Adding orderMktData(price=76,quantity=145)
23:15:22.583 [main] DEBUG c.orderbook.OrderBook - [ORDERBOOK] ASK: Adding orderMktData(price=91,quantity=300)
23:15:22.583 [main] DEBUG c.orderbook.OrderBook - [ORDERBOOK] ASK: Adding orderMktData(price=93,quantity=200)
23:15:22.583 [main] DEBUG c.orderbook.OrderBook - [ORDERBOOK] ASK: Adding orderMktData(price=95,quantity=100)
23:15:22.583 [main] DEBUG c.orderbook.OrderBook - [ORDERBOOK] ASK: Adding orderMktData(price=98,quantity=154)
23:15:22.583 [main] INFO  c.o.v.MutatingMatchOneMarketDataOrderVisitor - [ORDERBOOK] visiting LevelOrderBookLevel(price=43,quantity=134)
23:15:22.583 [main] INFO  c.o.v.MutatingMatchOneMarketDataOrderVisitor - [ORDERBOOK] Can't match order:MktData(price=43,quantity=134)(MktData(price=98,quantity=154))
23:15:22.583 [main] INFO  c.o.v.MutatingRemoveAllMarketDataOrdersVisitor - [ORDERBOOK] Removing market data order:MktData(price=98,quantity=501)
23:15:22.583 [main] INFO  c.o.v.MutatingRemoveAllMarketDataOrdersVisitor - [ORDERBOOK] Removing level:98
23:15:22.583 [main] INFO  c.o.v.MutatingRemoveAllMarketDataOrdersVisitor - [ORDERBOOK] Removing market data order:MktData(price=101,quantity=200)
23:15:22.583 [main] INFO  c.o.v.MutatingRemoveAllMarketDataOrdersVisitor - [ORDERBOOK] Removing level:101
23:15:22.583 [main] INFO  c.o.v.MutatingRemoveAllMarketDataOrdersVisitor - [ORDERBOOK] Removing market data order:MktData(price=110,quantity=5000)
23:15:22.583 [main] INFO  c.o.v.MutatingRemoveAllMarketDataOrdersVisitor - [ORDERBOOK] Removing level:110
23:15:22.583 [main] INFO  c.o.v.MutatingRemoveAllMarketDataOrdersVisitor - [ORDERBOOK] Removing market data order:MktData(price=119,quantity=5600)
23:15:22.583 [main] INFO  c.o.v.MutatingRemoveAllMarketDataOrdersVisitor - [ORDERBOOK] Removing level:119
23:15:22.583 [main] INFO  c.o.v.MutatingRemoveAllMarketDataOrdersVisitor - [ORDERBOOK] Removing market data order:MktData(price=123,quantity=453)
23:15:22.583 [main] INFO  c.o.v.MutatingRemoveAllMarketDataOrdersVisitor - [ORDERBOOK] Removing level:123
23:15:22.583 [main] INFO  c.o.v.MutatingRemoveAllMarketDataOrdersVisitor - [ORDERBOOK] Removing market data order:MktData(price=144,quantity=645)
23:15:22.583 [main] INFO  c.o.v.MutatingRemoveAllMarketDataOrdersVisitor - [ORDERBOOK] Removing level:144
23:15:22.583 [main] INFO  c.o.v.MutatingRemoveAllMarketDataOrdersVisitor - [ORDERBOOK] Removing market data order:MktData(price=167,quantity=665)
23:15:22.583 [main] INFO  c.o.v.MutatingRemoveAllMarketDataOrdersVisitor - [ORDERBOOK] Removing level:167
23:15:22.583 [main] DEBUG c.orderbook.OrderBook - [ORDERBOOK] ASK: Adding orderMktData(price=98,quantity=501)
23:15:22.583 [main] DEBUG c.orderbook.OrderBook - [ORDERBOOK] ASK: Adding orderMktData(price=101,quantity=200)
23:15:22.583 [main] DEBUG c.orderbook.OrderBook - [ORDERBOOK] ASK: Adding orderMktData(price=110,quantity=5000)
23:15:22.583 [main] DEBUG c.orderbook.OrderBook - [ORDERBOOK] ASK: Adding orderMktData(price=119,quantity=5600)
23:15:22.583 [main] DEBUG c.orderbook.OrderBook - [ORDERBOOK] ASK: Adding orderMktData(price=123,quantity=453)
23:15:22.583 [main] DEBUG c.orderbook.OrderBook - [ORDERBOOK] ASK: Adding orderMktData(price=144,quantity=645)
23:15:22.583 [main] DEBUG c.orderbook.OrderBook - [ORDERBOOK] ASK: Adding orderMktData(price=167,quantity=665)
23:15:22.583 [main] DEBUG c.service.MarketDataService - [ALGO] BID: price:43 quantity:134
23:15:22.583 [main] DEBUG c.service.MarketDataService - [ALGO] BID: price:76 quantity:145
23:15:22.583 [main] DEBUG c.service.MarketDataService - [ALGO] BID: price:91 quantity:300
23:15:22.583 [main] DEBUG c.service.MarketDataService - [ALGO] BID: price:93 quantity:200
23:15:22.583 [main] DEBUG c.service.MarketDataService - [ALGO] BID: price:95 quantity:100
23:15:22.583 [main] DEBUG c.service.MarketDataService - [ALGO] BID: price:98 quantity:154
23:15:22.583 [main] DEBUG c.service.MarketDataService - [ALGO] ASK: price:98 quantity:501
23:15:22.583 [main] DEBUG c.service.MarketDataService - [ALGO] ASK: price:101 quantity:200
23:15:22.583 [main] DEBUG c.service.MarketDataService - [ALGO] ASK: price:110 quantity:5000
23:15:22.583 [main] DEBUG c.service.MarketDataService - [ALGO] ASK: price:119 quantity:5600
23:15:22.583 [main] DEBUG c.service.MarketDataService - [ALGO] ASK: price:123 quantity:453
23:15:22.583 [main] DEBUG c.service.MarketDataService - [ALGO] ASK: price:144 quantity:645
23:15:22.583 [main] DEBUG c.service.MarketDataService - [ALGO] ASK: price:167 quantity:665
23:15:22.583 [main] INFO  c.gettingstarted.MyAlgoLogic - [MYALGO] The state of the order book is:
|----BID-----||----ASK----|
    134 @ 43    501 @ 98
    145 @ 76   200 @ 101
    300 @ 91  5000 @ 110
    200 @ 93  5600 @ 119
    100 @ 95   453 @ 123
    154 @ 98   645 @ 144
          -    665 @ 167
|------------||-----------|

23:15:22.584 [main] INFO  c.gettingstarted.MyAlgoLogic - [MYALGO] Algo Sees Book as: 
|----BID-----||----ASK----|
    134 @ 43    501 @ 98
    145 @ 76   200 @ 101
    300 @ 91  5000 @ 110
    200 @ 93  5600 @ 119
    100 @ 95   453 @ 123
    154 @ 98   645 @ 144
          -    665 @ 167
|------------||-----------|

23:15:22.584 [main] INFO  c.gettingstarted.TimedLogic - [TIMEDLOGIC] Market is closed
23:15:22.584 [main] INFO  c.sequencer.consumer.LoggingConsumer - [216] 
|----BID-----|
    134 @ 43
    145 @ 76
    300 @ 91
    200 @ 93
    100 @ 95
    154 @ 98
|----ASK-----|
    501 @ 98
   200 @ 101
  5000 @ 110
  5600 @ 119
   453 @ 123
   645 @ 144
   665 @ 167

23:15:22.584 [main] INFO  c.orderbook.OrderBook - [ORDERBOOK] Processing Mkt Data Update
23:15:22.584 [main] INFO  c.o.v.MutatingRemoveAllMarketDataOrdersVisitor - [ORDERBOOK] Removing market data order:MktData(price=43,quantity=134)
23:15:22.584 [main] INFO  c.o.v.MutatingRemoveAllMarketDataOrdersVisitor - [ORDERBOOK] Removing level:43
23:15:22.584 [main] DEBUG c.orderbook.OrderBook - [ORDERBOOK] ASK: Adding orderMktData(price=43,quantity=134)
23:15:22.584 [main] DEBUG c.orderbook.OrderBook - [ORDERBOOK] ASK: Adding orderMktData(price=76,quantity=145)
23:15:22.584 [main] DEBUG c.orderbook.OrderBook - [ORDERBOOK] ASK: Adding orderMktData(price=91,quantity=300)
23:15:22.584 [main] DEBUG c.orderbook.OrderBook - [ORDERBOOK] ASK: Adding orderMktData(price=93,quantity=200)
23:15:22.584 [main] DEBUG c.orderbook.OrderBook - [ORDERBOOK] ASK: Adding orderMktData(price=95,quantity=100)
23:15:22.584 [main] DEBUG c.orderbook.OrderBook - [ORDERBOOK] ASK: Adding orderMktData(price=98,quantity=154)
23:15:22.584 [main] INFO  c.o.v.MutatingMatchOneMarketDataOrderVisitor - [ORDERBOOK] visiting LevelOrderBookLevel(price=43,quantity=134)
23:15:22.584 [main] INFO  c.o.v.MutatingMatchOneMarketDataOrderVisitor - [ORDERBOOK] Can't match order:MktData(price=43,quantity=134)(MktData(price=98,quantity=154))
23:15:22.584 [main] INFO  c.o.v.MutatingRemoveAllMarketDataOrdersVisitor - [ORDERBOOK] Removing market data order:MktData(price=98,quantity=501)
23:15:22.584 [main] INFO  c.o.v.MutatingRemoveAllMarketDataOrdersVisitor - [ORDERBOOK] Removing level:98
23:15:22.584 [main] INFO  c.o.v.MutatingRemoveAllMarketDataOrdersVisitor - [ORDERBOOK] Removing market data order:MktData(price=101,quantity=200)
23:15:22.584 [main] INFO  c.o.v.MutatingRemoveAllMarketDataOrdersVisitor - [ORDERBOOK] Removing level:101
23:15:22.584 [main] INFO  c.o.v.MutatingRemoveAllMarketDataOrdersVisitor - [ORDERBOOK] Removing market data order:MktData(price=110,quantity=5000)
23:15:22.584 [main] INFO  c.o.v.MutatingRemoveAllMarketDataOrdersVisitor - [ORDERBOOK] Removing level:110
23:15:22.584 [main] INFO  c.o.v.MutatingRemoveAllMarketDataOrdersVisitor - [ORDERBOOK] Removing market data order:MktData(price=119,quantity=5600)
23:15:22.584 [main] INFO  c.o.v.MutatingRemoveAllMarketDataOrdersVisitor - [ORDERBOOK] Removing level:119
23:15:22.584 [main] INFO  c.o.v.MutatingRemoveAllMarketDataOrdersVisitor - [ORDERBOOK] Removing market data order:MktData(price=123,quantity=453)
23:15:22.584 [main] INFO  c.o.v.MutatingRemoveAllMarketDataOrdersVisitor - [ORDERBOOK] Removing level:123
23:15:22.584 [main] INFO  c.o.v.MutatingRemoveAllMarketDataOrdersVisitor - [ORDERBOOK] Removing market data order:MktData(price=144,quantity=645)
23:15:22.584 [main] INFO  c.o.v.MutatingRemoveAllMarketDataOrdersVisitor - [ORDERBOOK] Removing level:144
23:15:22.584 [main] INFO  c.o.v.MutatingRemoveAllMarketDataOrdersVisitor - [ORDERBOOK] Removing market data order:MktData(price=167,quantity=665)
23:15:22.584 [main] INFO  c.o.v.MutatingRemoveAllMarketDataOrdersVisitor - [ORDERBOOK] Removing level:167
23:15:22.584 [main] DEBUG c.orderbook.OrderBook - [ORDERBOOK] ASK: Adding orderMktData(price=98,quantity=501)
23:15:22.584 [main] DEBUG c.orderbook.OrderBook - [ORDERBOOK] ASK: Adding orderMktData(price=101,quantity=200)
23:15:22.584 [main] DEBUG c.orderbook.OrderBook - [ORDERBOOK] ASK: Adding orderMktData(price=110,quantity=5000)
23:15:22.584 [main] DEBUG c.orderbook.OrderBook - [ORDERBOOK] ASK: Adding orderMktData(price=119,quantity=5600)
23:15:22.584 [main] DEBUG c.orderbook.OrderBook - [ORDERBOOK] ASK: Adding orderMktData(price=123,quantity=453)
23:15:22.584 [main] DEBUG c.orderbook.OrderBook - [ORDERBOOK] ASK: Adding orderMktData(price=144,quantity=645)
23:15:22.584 [main] DEBUG c.orderbook.OrderBook - [ORDERBOOK] ASK: Adding orderMktData(price=167,quantity=665)
23:15:22.584 [main] DEBUG c.service.MarketDataService - [ALGO] BID: price:43 quantity:134
23:15:22.584 [main] DEBUG c.service.MarketDataService - [ALGO] BID: price:76 quantity:145
23:15:22.584 [main] DEBUG c.service.MarketDataService - [ALGO] BID: price:91 quantity:300
23:15:22.584 [main] DEBUG c.service.MarketDataService - [ALGO] BID: price:93 quantity:200
23:15:22.584 [main] DEBUG c.service.MarketDataService - [ALGO] BID: price:95 quantity:100
23:15:22.584 [main] DEBUG c.service.MarketDataService - [ALGO] BID: price:98 quantity:154
23:15:22.584 [main] DEBUG c.service.MarketDataService - [ALGO] ASK: price:98 quantity:501
23:15:22.584 [main] DEBUG c.service.MarketDataService - [ALGO] ASK: price:101 quantity:200
23:15:22.584 [main] DEBUG c.service.MarketDataService - [ALGO] ASK: price:110 quantity:5000
23:15:22.584 [main] DEBUG c.service.MarketDataService - [ALGO] ASK: price:119 quantity:5600
23:15:22.584 [main] DEBUG c.service.MarketDataService - [ALGO] ASK: price:123 quantity:453
23:15:22.584 [main] DEBUG c.service.MarketDataService - [ALGO] ASK: price:144 quantity:645
23:15:22.584 [main] DEBUG c.service.MarketDataService - [ALGO] ASK: price:167 quantity:665
23:15:22.584 [main] INFO  c.gettingstarted.MyAlgoLogic - [MYALGO] The state of the order book is:
|----BID-----||----ASK----|
    134 @ 43    501 @ 98
    145 @ 76   200 @ 101
    300 @ 91  5000 @ 110
    200 @ 93  5600 @ 119
    100 @ 95   453 @ 123
    154 @ 98   645 @ 144
          -    665 @ 167
|------------||-----------|

23:15:22.584 [main] INFO  c.gettingstarted.MyAlgoLogic - [MYALGO] Algo Sees Book as: 
|----BID-----||----ASK----|
    134 @ 43    501 @ 98
    145 @ 76   200 @ 101
    300 @ 91  5000 @ 110
    200 @ 93  5600 @ 119
    100 @ 95   453 @ 123
    154 @ 98   645 @ 144
          -    665 @ 167
|------------||-----------|

23:15:22.584 [main] INFO  c.gettingstarted.TimedLogic - [TIMEDLOGIC] Market is closed
23:15:22.585 [main] INFO  c.sequencer.consumer.LoggingConsumer - [217] 
|----BID-----|
    134 @ 43
    145 @ 76
    300 @ 91
    200 @ 93
    100 @ 95
    154 @ 98
|----ASK-----|
    501 @ 98
   200 @ 101
  5000 @ 110
  5600 @ 119
   453 @ 123
   645 @ 144
   665 @ 167

23:15:22.585 [main] INFO  c.orderbook.OrderBook - [ORDERBOOK] Processing Mkt Data Update
23:15:22.585 [main] INFO  c.o.v.MutatingRemoveAllMarketDataOrdersVisitor - [ORDERBOOK] Removing market data order:MktData(price=43,quantity=134)
23:15:22.585 [main] INFO  c.o.v.MutatingRemoveAllMarketDataOrdersVisitor - [ORDERBOOK] Removing level:43
23:15:22.585 [main] DEBUG c.orderbook.OrderBook - [ORDERBOOK] ASK: Adding orderMktData(price=43,quantity=134)
23:15:22.585 [main] DEBUG c.orderbook.OrderBook - [ORDERBOOK] ASK: Adding orderMktData(price=76,quantity=145)
23:15:22.585 [main] DEBUG c.orderbook.OrderBook - [ORDERBOOK] ASK: Adding orderMktData(price=91,quantity=300)
23:15:22.585 [main] DEBUG c.orderbook.OrderBook - [ORDERBOOK] ASK: Adding orderMktData(price=93,quantity=200)
23:15:22.585 [main] DEBUG c.orderbook.OrderBook - [ORDERBOOK] ASK: Adding orderMktData(price=95,quantity=100)
23:15:22.585 [main] DEBUG c.orderbook.OrderBook - [ORDERBOOK] ASK: Adding orderMktData(price=98,quantity=154)
23:15:22.585 [main] INFO  c.o.v.MutatingMatchOneMarketDataOrderVisitor - [ORDERBOOK] visiting LevelOrderBookLevel(price=43,quantity=134)
23:15:22.585 [main] INFO  c.o.v.MutatingMatchOneMarketDataOrderVisitor - [ORDERBOOK] Can't match order:MktData(price=43,quantity=134)(MktData(price=98,quantity=154))
23:15:22.585 [main] INFO  c.o.v.MutatingRemoveAllMarketDataOrdersVisitor - [ORDERBOOK] Removing market data order:MktData(price=98,quantity=501)
23:15:22.585 [main] INFO  c.o.v.MutatingRemoveAllMarketDataOrdersVisitor - [ORDERBOOK] Removing level:98
23:15:22.585 [main] INFO  c.o.v.MutatingRemoveAllMarketDataOrdersVisitor - [ORDERBOOK] Removing market data order:MktData(price=101,quantity=200)
23:15:22.585 [main] INFO  c.o.v.MutatingRemoveAllMarketDataOrdersVisitor - [ORDERBOOK] Removing level:101
23:15:22.585 [main] INFO  c.o.v.MutatingRemoveAllMarketDataOrdersVisitor - [ORDERBOOK] Removing market data order:MktData(price=110,quantity=5000)
23:15:22.585 [main] INFO  c.o.v.MutatingRemoveAllMarketDataOrdersVisitor - [ORDERBOOK] Removing level:110
23:15:22.585 [main] INFO  c.o.v.MutatingRemoveAllMarketDataOrdersVisitor - [ORDERBOOK] Removing market data order:MktData(price=119,quantity=5600)
23:15:22.585 [main] INFO  c.o.v.MutatingRemoveAllMarketDataOrdersVisitor - [ORDERBOOK] Removing level:119
23:15:22.585 [main] INFO  c.o.v.MutatingRemoveAllMarketDataOrdersVisitor - [ORDERBOOK] Removing market data order:MktData(price=123,quantity=453)
23:15:22.585 [main] INFO  c.o.v.MutatingRemoveAllMarketDataOrdersVisitor - [ORDERBOOK] Removing level:123
23:15:22.585 [main] INFO  c.o.v.MutatingRemoveAllMarketDataOrdersVisitor - [ORDERBOOK] Removing market data order:MktData(price=144,quantity=645)
23:15:22.585 [main] INFO  c.o.v.MutatingRemoveAllMarketDataOrdersVisitor - [ORDERBOOK] Removing level:144
23:15:22.585 [main] INFO  c.o.v.MutatingRemoveAllMarketDataOrdersVisitor - [ORDERBOOK] Removing market data order:MktData(price=167,quantity=665)
23:15:22.585 [main] INFO  c.o.v.MutatingRemoveAllMarketDataOrdersVisitor - [ORDERBOOK] Removing level:167
23:15:22.585 [main] DEBUG c.orderbook.OrderBook - [ORDERBOOK] ASK: Adding orderMktData(price=98,quantity=501)
23:15:22.585 [main] DEBUG c.orderbook.OrderBook - [ORDERBOOK] ASK: Adding orderMktData(price=101,quantity=200)
23:15:22.585 [main] DEBUG c.orderbook.OrderBook - [ORDERBOOK] ASK: Adding orderMktData(price=110,quantity=5000)
23:15:22.585 [main] DEBUG c.orderbook.OrderBook - [ORDERBOOK] ASK: Adding orderMktData(price=119,quantity=5600)
23:15:22.585 [main] DEBUG c.orderbook.OrderBook - [ORDERBOOK] ASK: Adding orderMktData(price=123,quantity=453)
23:15:22.585 [main] DEBUG c.orderbook.OrderBook - [ORDERBOOK] ASK: Adding orderMktData(price=144,quantity=645)
23:15:22.585 [main] DEBUG c.orderbook.OrderBook - [ORDERBOOK] ASK: Adding orderMktData(price=167,quantity=665)
23:15:22.585 [main] DEBUG c.service.MarketDataService - [ALGO] BID: price:43 quantity:134
23:15:22.585 [main] DEBUG c.service.MarketDataService - [ALGO] BID: price:76 quantity:145
23:15:22.585 [main] DEBUG c.service.MarketDataService - [ALGO] BID: price:91 quantity:300
23:15:22.585 [main] DEBUG c.service.MarketDataService - [ALGO] BID: price:93 quantity:200
23:15:22.585 [main] DEBUG c.service.MarketDataService - [ALGO] BID: price:95 quantity:100
23:15:22.585 [main] DEBUG c.service.MarketDataService - [ALGO] BID: price:98 quantity:154
23:15:22.585 [main] DEBUG c.service.MarketDataService - [ALGO] ASK: price:98 quantity:501
23:15:22.585 [main] DEBUG c.service.MarketDataService - [ALGO] ASK: price:101 quantity:200
23:15:22.585 [main] DEBUG c.service.MarketDataService - [ALGO] ASK: price:110 quantity:5000
23:15:22.585 [main] DEBUG c.service.MarketDataService - [ALGO] ASK: price:119 quantity:5600
23:15:22.585 [main] DEBUG c.service.MarketDataService - [ALGO] ASK: price:123 quantity:453
23:15:22.585 [main] DEBUG c.service.MarketDataService - [ALGO] ASK: price:144 quantity:645
23:15:22.585 [main] DEBUG c.service.MarketDataService - [ALGO] ASK: price:167 quantity:665
23:15:22.585 [main] INFO  c.gettingstarted.MyAlgoLogic - [MYALGO] The state of the order book is:
|----BID-----||----ASK----|
    134 @ 43    501 @ 98
    145 @ 76   200 @ 101
    300 @ 91  5000 @ 110
    200 @ 93  5600 @ 119
    100 @ 95   453 @ 123
    154 @ 98   645 @ 144
          -    665 @ 167
|------------||-----------|

23:15:22.585 [main] INFO  c.gettingstarted.MyAlgoLogic - [MYALGO] Algo Sees Book as: 
|----BID-----||----ASK----|
    134 @ 43    501 @ 98
    145 @ 76   200 @ 101
    300 @ 91  5000 @ 110
    200 @ 93  5600 @ 119
    100 @ 95   453 @ 123
    154 @ 98   645 @ 144
          -    665 @ 167
|------------||-----------|

23:15:22.585 [main] INFO  c.gettingstarted.TimedLogic - [TIMEDLOGIC] Market is closed
23:15:22.585 [main] INFO  c.sequencer.consumer.LoggingConsumer - [218] 
|----BID-----|
    134 @ 43
    145 @ 76
    300 @ 91
    200 @ 93
    100 @ 95
    154 @ 98
|----ASK-----|
    501 @ 98
   200 @ 101
  5000 @ 110
  5600 @ 119
   453 @ 123
   645 @ 144
   665 @ 167

23:15:22.585 [main] INFO  c.orderbook.OrderBook - [ORDERBOOK] Processing Mkt Data Update
23:15:22.585 [main] INFO  c.o.v.MutatingRemoveAllMarketDataOrdersVisitor - [ORDERBOOK] Removing market data order:MktData(price=43,quantity=134)
23:15:22.585 [main] INFO  c.o.v.MutatingRemoveAllMarketDataOrdersVisitor - [ORDERBOOK] Removing level:43
23:15:22.585 [main] DEBUG c.orderbook.OrderBook - [ORDERBOOK] ASK: Adding orderMktData(price=43,quantity=134)
23:15:22.585 [main] DEBUG c.orderbook.OrderBook - [ORDERBOOK] ASK: Adding orderMktData(price=76,quantity=145)
23:15:22.585 [main] DEBUG c.orderbook.OrderBook - [ORDERBOOK] ASK: Adding orderMktData(price=91,quantity=300)
23:15:22.585 [main] DEBUG c.orderbook.OrderBook - [ORDERBOOK] ASK: Adding orderMktData(price=93,quantity=200)
23:15:22.585 [main] DEBUG c.orderbook.OrderBook - [ORDERBOOK] ASK: Adding orderMktData(price=95,quantity=100)
23:15:22.585 [main] DEBUG c.orderbook.OrderBook - [ORDERBOOK] ASK: Adding orderMktData(price=98,quantity=154)
23:15:22.585 [main] INFO  c.o.v.MutatingMatchOneMarketDataOrderVisitor - [ORDERBOOK] visiting LevelOrderBookLevel(price=43,quantity=134)
23:15:22.585 [main] INFO  c.o.v.MutatingMatchOneMarketDataOrderVisitor - [ORDERBOOK] Can't match order:MktData(price=43,quantity=134)(MktData(price=98,quantity=154))
23:15:22.585 [main] INFO  c.o.v.MutatingRemoveAllMarketDataOrdersVisitor - [ORDERBOOK] Removing market data order:MktData(price=98,quantity=501)
23:15:22.585 [main] INFO  c.o.v.MutatingRemoveAllMarketDataOrdersVisitor - [ORDERBOOK] Removing level:98
23:15:22.585 [main] INFO  c.o.v.MutatingRemoveAllMarketDataOrdersVisitor - [ORDERBOOK] Removing market data order:MktData(price=101,quantity=200)
23:15:22.585 [main] INFO  c.o.v.MutatingRemoveAllMarketDataOrdersVisitor - [ORDERBOOK] Removing level:101
23:15:22.585 [main] INFO  c.o.v.MutatingRemoveAllMarketDataOrdersVisitor - [ORDERBOOK] Removing market data order:MktData(price=110,quantity=5000)
23:15:22.585 [main] INFO  c.o.v.MutatingRemoveAllMarketDataOrdersVisitor - [ORDERBOOK] Removing level:110
23:15:22.585 [main] INFO  c.o.v.MutatingRemoveAllMarketDataOrdersVisitor - [ORDERBOOK] Removing market data order:MktData(price=119,quantity=5600)
23:15:22.585 [main] INFO  c.o.v.MutatingRemoveAllMarketDataOrdersVisitor - [ORDERBOOK] Removing level:119
23:15:22.585 [main] INFO  c.o.v.MutatingRemoveAllMarketDataOrdersVisitor - [ORDERBOOK] Removing market data order:MktData(price=123,quantity=453)
23:15:22.585 [main] INFO  c.o.v.MutatingRemoveAllMarketDataOrdersVisitor - [ORDERBOOK] Removing level:123
23:15:22.585 [main] INFO  c.o.v.MutatingRemoveAllMarketDataOrdersVisitor - [ORDERBOOK] Removing market data order:MktData(price=144,quantity=645)
23:15:22.585 [main] INFO  c.o.v.MutatingRemoveAllMarketDataOrdersVisitor - [ORDERBOOK] Removing level:144
23:15:22.585 [main] INFO  c.o.v.MutatingRemoveAllMarketDataOrdersVisitor - [ORDERBOOK] Removing market data order:MktData(price=167,quantity=665)
23:15:22.585 [main] INFO  c.o.v.MutatingRemoveAllMarketDataOrdersVisitor - [ORDERBOOK] Removing level:167
23:15:22.585 [main] DEBUG c.orderbook.OrderBook - [ORDERBOOK] ASK: Adding orderMktData(price=98,quantity=501)
23:15:22.585 [main] DEBUG c.orderbook.OrderBook - [ORDERBOOK] ASK: Adding orderMktData(price=101,quantity=200)
23:15:22.585 [main] DEBUG c.orderbook.OrderBook - [ORDERBOOK] ASK: Adding orderMktData(price=110,quantity=5000)
23:15:22.585 [main] DEBUG c.orderbook.OrderBook - [ORDERBOOK] ASK: Adding orderMktData(price=119,quantity=5600)
23:15:22.585 [main] DEBUG c.orderbook.OrderBook - [ORDERBOOK] ASK: Adding orderMktData(price=123,quantity=453)
23:15:22.585 [main] DEBUG c.orderbook.OrderBook - [ORDERBOOK] ASK: Adding orderMktData(price=144,quantity=645)
23:15:22.585 [main] DEBUG c.orderbook.OrderBook - [ORDERBOOK] ASK: Adding orderMktData(price=167,quantity=665)
23:15:22.585 [main] DEBUG c.service.MarketDataService - [ALGO] BID: price:43 quantity:134
23:15:22.585 [main] DEBUG c.service.MarketDataService - [ALGO] BID: price:76 quantity:145
23:15:22.585 [main] DEBUG c.service.MarketDataService - [ALGO] BID: price:91 quantity:300
23:15:22.585 [main] DEBUG c.service.MarketDataService - [ALGO] BID: price:93 quantity:200
23:15:22.585 [main] DEBUG c.service.MarketDataService - [ALGO] BID: price:95 quantity:100
23:15:22.585 [main] DEBUG c.service.MarketDataService - [ALGO] BID: price:98 quantity:154
23:15:22.585 [main] DEBUG c.service.MarketDataService - [ALGO] ASK: price:98 quantity:501
23:15:22.585 [main] DEBUG c.service.MarketDataService - [ALGO] ASK: price:101 quantity:200
23:15:22.585 [main] DEBUG c.service.MarketDataService - [ALGO] ASK: price:110 quantity:5000
23:15:22.585 [main] DEBUG c.service.MarketDataService - [ALGO] ASK: price:119 quantity:5600
23:15:22.585 [main] DEBUG c.service.MarketDataService - [ALGO] ASK: price:123 quantity:453
23:15:22.585 [main] DEBUG c.service.MarketDataService - [ALGO] ASK: price:144 quantity:645
23:15:22.585 [main] DEBUG c.service.MarketDataService - [ALGO] ASK: price:167 quantity:665
23:15:22.585 [main] INFO  c.gettingstarted.MyAlgoLogic - [MYALGO] The state of the order book is:
|----BID-----||----ASK----|
    134 @ 43    501 @ 98
    145 @ 76   200 @ 101
    300 @ 91  5000 @ 110
    200 @ 93  5600 @ 119
    100 @ 95   453 @ 123
    154 @ 98   645 @ 144
          -    665 @ 167
|------------||-----------|

23:15:22.585 [main] INFO  c.gettingstarted.MyAlgoLogic - [MYALGO] Algo Sees Book as: 
|----BID-----||----ASK----|
    134 @ 43    501 @ 98
    145 @ 76   200 @ 101
    300 @ 91  5000 @ 110
    200 @ 93  5600 @ 119
    100 @ 95   453 @ 123
    154 @ 98   645 @ 144
          -    665 @ 167
|------------||-----------|

23:15:22.585 [main] INFO  c.gettingstarted.TimedLogic - [TIMEDLOGIC] Market is closed
23:15:22.585 [main] INFO  c.sequencer.consumer.LoggingConsumer - [219] 
|----BID-----|
    134 @ 43
    145 @ 76
    300 @ 91
    200 @ 93
    100 @ 95
    154 @ 98
|----ASK-----|
    501 @ 98
   200 @ 101
  5000 @ 110
  5600 @ 119
   453 @ 123
   645 @ 144
   665 @ 167

23:15:22.586 [main] INFO  c.orderbook.OrderBook - [ORDERBOOK] Processing Mkt Data Update
23:15:22.586 [main] INFO  c.o.v.MutatingRemoveAllMarketDataOrdersVisitor - [ORDERBOOK] Removing market data order:MktData(price=43,quantity=134)
23:15:22.586 [main] INFO  c.o.v.MutatingRemoveAllMarketDataOrdersVisitor - [ORDERBOOK] Removing level:43
23:15:22.586 [main] DEBUG c.orderbook.OrderBook - [ORDERBOOK] ASK: Adding orderMktData(price=43,quantity=134)
23:15:22.586 [main] DEBUG c.orderbook.OrderBook - [ORDERBOOK] ASK: Adding orderMktData(price=76,quantity=145)
23:15:22.586 [main] DEBUG c.orderbook.OrderBook - [ORDERBOOK] ASK: Adding orderMktData(price=91,quantity=300)
23:15:22.586 [main] DEBUG c.orderbook.OrderBook - [ORDERBOOK] ASK: Adding orderMktData(price=93,quantity=200)
23:15:22.586 [main] DEBUG c.orderbook.OrderBook - [ORDERBOOK] ASK: Adding orderMktData(price=95,quantity=100)
23:15:22.586 [main] DEBUG c.orderbook.OrderBook - [ORDERBOOK] ASK: Adding orderMktData(price=98,quantity=154)
23:15:22.586 [main] INFO  c.o.v.MutatingMatchOneMarketDataOrderVisitor - [ORDERBOOK] visiting LevelOrderBookLevel(price=43,quantity=134)
23:15:22.586 [main] INFO  c.o.v.MutatingMatchOneMarketDataOrderVisitor - [ORDERBOOK] Can't match order:MktData(price=43,quantity=134)(MktData(price=98,quantity=154))
23:15:22.586 [main] INFO  c.o.v.MutatingRemoveAllMarketDataOrdersVisitor - [ORDERBOOK] Removing market data order:MktData(price=98,quantity=501)
23:15:22.586 [main] INFO  c.o.v.MutatingRemoveAllMarketDataOrdersVisitor - [ORDERBOOK] Removing level:98
23:15:22.586 [main] INFO  c.o.v.MutatingRemoveAllMarketDataOrdersVisitor - [ORDERBOOK] Removing market data order:MktData(price=101,quantity=200)
23:15:22.586 [main] INFO  c.o.v.MutatingRemoveAllMarketDataOrdersVisitor - [ORDERBOOK] Removing level:101
23:15:22.586 [main] INFO  c.o.v.MutatingRemoveAllMarketDataOrdersVisitor - [ORDERBOOK] Removing market data order:MktData(price=110,quantity=5000)
23:15:22.586 [main] INFO  c.o.v.MutatingRemoveAllMarketDataOrdersVisitor - [ORDERBOOK] Removing level:110
23:15:22.586 [main] INFO  c.o.v.MutatingRemoveAllMarketDataOrdersVisitor - [ORDERBOOK] Removing market data order:MktData(price=119,quantity=5600)
23:15:22.586 [main] INFO  c.o.v.MutatingRemoveAllMarketDataOrdersVisitor - [ORDERBOOK] Removing level:119
23:15:22.586 [main] INFO  c.o.v.MutatingRemoveAllMarketDataOrdersVisitor - [ORDERBOOK] Removing market data order:MktData(price=123,quantity=453)
23:15:22.586 [main] INFO  c.o.v.MutatingRemoveAllMarketDataOrdersVisitor - [ORDERBOOK] Removing level:123
23:15:22.586 [main] INFO  c.o.v.MutatingRemoveAllMarketDataOrdersVisitor - [ORDERBOOK] Removing market data order:MktData(price=144,quantity=645)
23:15:22.586 [main] INFO  c.o.v.MutatingRemoveAllMarketDataOrdersVisitor - [ORDERBOOK] Removing level:144
23:15:22.586 [main] INFO  c.o.v.MutatingRemoveAllMarketDataOrdersVisitor - [ORDERBOOK] Removing market data order:MktData(price=167,quantity=665)
23:15:22.586 [main] INFO  c.o.v.MutatingRemoveAllMarketDataOrdersVisitor - [ORDERBOOK] Removing level:167
23:15:22.586 [main] DEBUG c.orderbook.OrderBook - [ORDERBOOK] ASK: Adding orderMktData(price=98,quantity=501)
23:15:22.586 [main] DEBUG c.orderbook.OrderBook - [ORDERBOOK] ASK: Adding orderMktData(price=101,quantity=200)
23:15:22.586 [main] DEBUG c.orderbook.OrderBook - [ORDERBOOK] ASK: Adding orderMktData(price=110,quantity=5000)
23:15:22.586 [main] DEBUG c.orderbook.OrderBook - [ORDERBOOK] ASK: Adding orderMktData(price=119,quantity=5600)
23:15:22.586 [main] DEBUG c.orderbook.OrderBook - [ORDERBOOK] ASK: Adding orderMktData(price=123,quantity=453)
23:15:22.586 [main] DEBUG c.orderbook.OrderBook - [ORDERBOOK] ASK: Adding orderMktData(price=144,quantity=645)
23:15:22.586 [main] DEBUG c.orderbook.OrderBook - [ORDERBOOK] ASK: Adding orderMktData(price=167,quantity=665)
23:15:22.586 [main] DEBUG c.service.MarketDataService - [ALGO] BID: price:43 quantity:134
23:15:22.586 [main] DEBUG c.service.MarketDataService - [ALGO] BID: price:76 quantity:145
23:15:22.586 [main] DEBUG c.service.MarketDataService - [ALGO] BID: price:91 quantity:300
23:15:22.586 [main] DEBUG c.service.MarketDataService - [ALGO] BID: price:93 quantity:200
23:15:22.586 [main] DEBUG c.service.MarketDataService - [ALGO] BID: price:95 quantity:100
23:15:22.586 [main] DEBUG c.service.MarketDataService - [ALGO] BID: price:98 quantity:154
23:15:22.586 [main] DEBUG c.service.MarketDataService - [ALGO] ASK: price:98 quantity:501
23:15:22.586 [main] DEBUG c.service.MarketDataService - [ALGO] ASK: price:101 quantity:200
23:15:22.586 [main] DEBUG c.service.MarketDataService - [ALGO] ASK: price:110 quantity:5000
23:15:22.586 [main] DEBUG c.service.MarketDataService - [ALGO] ASK: price:119 quantity:5600
23:15:22.586 [main] DEBUG c.service.MarketDataService - [ALGO] ASK: price:123 quantity:453
23:15:22.586 [main] DEBUG c.service.MarketDataService - [ALGO] ASK: price:144 quantity:645
23:15:22.586 [main] DEBUG c.service.MarketDataService - [ALGO] ASK: price:167 quantity:665
23:15:22.586 [main] INFO  c.gettingstarted.MyAlgoLogic - [MYALGO] The state of the order book is:
|----BID-----||----ASK----|
    134 @ 43    501 @ 98
    145 @ 76   200 @ 101
    300 @ 91  5000 @ 110
    200 @ 93  5600 @ 119
    100 @ 95   453 @ 123
    154 @ 98   645 @ 144
          -    665 @ 167
|------------||-----------|

23:15:22.586 [main] INFO  c.gettingstarted.MyAlgoLogic - [MYALGO] Algo Sees Book as: 
|----BID-----||----ASK----|
    134 @ 43    501 @ 98
    145 @ 76   200 @ 101
    300 @ 91  5000 @ 110
    200 @ 93  5600 @ 119
    100 @ 95   453 @ 123
    154 @ 98   645 @ 144
          -    665 @ 167
|------------||-----------|

23:15:22.586 [main] INFO  c.gettingstarted.TimedLogic - [TIMEDLOGIC] Market is closed
23:15:22.586 [main] INFO  c.sequencer.consumer.LoggingConsumer - [220] 
|----BID-----|
    134 @ 43
    145 @ 76
    300 @ 91
    200 @ 93
    100 @ 95
    154 @ 98
|----ASK-----|
    501 @ 98
   200 @ 101
  5000 @ 110
  5600 @ 119
   453 @ 123
   645 @ 144
   665 @ 167

23:15:22.586 [main] INFO  c.orderbook.OrderBook - [ORDERBOOK] Processing Mkt Data Update
23:15:22.586 [main] INFO  c.o.v.MutatingRemoveAllMarketDataOrdersVisitor - [ORDERBOOK] Removing market data order:MktData(price=43,quantity=134)
23:15:22.586 [main] INFO  c.o.v.MutatingRemoveAllMarketDataOrdersVisitor - [ORDERBOOK] Removing level:43
23:15:22.586 [main] DEBUG c.orderbook.OrderBook - [ORDERBOOK] ASK: Adding orderMktData(price=43,quantity=134)
23:15:22.586 [main] DEBUG c.orderbook.OrderBook - [ORDERBOOK] ASK: Adding orderMktData(price=76,quantity=145)
23:15:22.586 [main] DEBUG c.orderbook.OrderBook - [ORDERBOOK] ASK: Adding orderMktData(price=91,quantity=300)
23:15:22.586 [main] DEBUG c.orderbook.OrderBook - [ORDERBOOK] ASK: Adding orderMktData(price=93,quantity=200)
23:15:22.586 [main] DEBUG c.orderbook.OrderBook - [ORDERBOOK] ASK: Adding orderMktData(price=95,quantity=100)
23:15:22.586 [main] DEBUG c.orderbook.OrderBook - [ORDERBOOK] ASK: Adding orderMktData(price=98,quantity=154)
23:15:22.586 [main] INFO  c.o.v.MutatingMatchOneMarketDataOrderVisitor - [ORDERBOOK] visiting LevelOrderBookLevel(price=43,quantity=134)
23:15:22.586 [main] INFO  c.o.v.MutatingMatchOneMarketDataOrderVisitor - [ORDERBOOK] Can't match order:MktData(price=43,quantity=134)(MktData(price=98,quantity=154))
23:15:22.586 [main] INFO  c.o.v.MutatingRemoveAllMarketDataOrdersVisitor - [ORDERBOOK] Removing market data order:MktData(price=98,quantity=501)
23:15:22.586 [main] INFO  c.o.v.MutatingRemoveAllMarketDataOrdersVisitor - [ORDERBOOK] Removing level:98
23:15:22.586 [main] INFO  c.o.v.MutatingRemoveAllMarketDataOrdersVisitor - [ORDERBOOK] Removing market data order:MktData(price=101,quantity=200)
23:15:22.586 [main] INFO  c.o.v.MutatingRemoveAllMarketDataOrdersVisitor - [ORDERBOOK] Removing level:101
23:15:22.586 [main] INFO  c.o.v.MutatingRemoveAllMarketDataOrdersVisitor - [ORDERBOOK] Removing market data order:MktData(price=110,quantity=5000)
23:15:22.586 [main] INFO  c.o.v.MutatingRemoveAllMarketDataOrdersVisitor - [ORDERBOOK] Removing level:110
23:15:22.586 [main] INFO  c.o.v.MutatingRemoveAllMarketDataOrdersVisitor - [ORDERBOOK] Removing market data order:MktData(price=119,quantity=5600)
23:15:22.586 [main] INFO  c.o.v.MutatingRemoveAllMarketDataOrdersVisitor - [ORDERBOOK] Removing level:119
23:15:22.586 [main] INFO  c.o.v.MutatingRemoveAllMarketDataOrdersVisitor - [ORDERBOOK] Removing market data order:MktData(price=123,quantity=453)
23:15:22.586 [main] INFO  c.o.v.MutatingRemoveAllMarketDataOrdersVisitor - [ORDERBOOK] Removing level:123
23:15:22.586 [main] INFO  c.o.v.MutatingRemoveAllMarketDataOrdersVisitor - [ORDERBOOK] Removing market data order:MktData(price=144,quantity=645)
23:15:22.586 [main] INFO  c.o.v.MutatingRemoveAllMarketDataOrdersVisitor - [ORDERBOOK] Removing level:144
23:15:22.586 [main] INFO  c.o.v.MutatingRemoveAllMarketDataOrdersVisitor - [ORDERBOOK] Removing market data order:MktData(price=167,quantity=665)
23:15:22.586 [main] INFO  c.o.v.MutatingRemoveAllMarketDataOrdersVisitor - [ORDERBOOK] Removing level:167
23:15:22.586 [main] DEBUG c.orderbook.OrderBook - [ORDERBOOK] ASK: Adding orderMktData(price=98,quantity=501)
23:15:22.586 [main] DEBUG c.orderbook.OrderBook - [ORDERBOOK] ASK: Adding orderMktData(price=101,quantity=200)
23:15:22.586 [main] DEBUG c.orderbook.OrderBook - [ORDERBOOK] ASK: Adding orderMktData(price=110,quantity=5000)
23:15:22.586 [main] DEBUG c.orderbook.OrderBook - [ORDERBOOK] ASK: Adding orderMktData(price=119,quantity=5600)
23:15:22.586 [main] DEBUG c.orderbook.OrderBook - [ORDERBOOK] ASK: Adding orderMktData(price=123,quantity=453)
23:15:22.586 [main] DEBUG c.orderbook.OrderBook - [ORDERBOOK] ASK: Adding orderMktData(price=144,quantity=645)
23:15:22.586 [main] DEBUG c.orderbook.OrderBook - [ORDERBOOK] ASK: Adding orderMktData(price=167,quantity=665)
23:15:22.586 [main] DEBUG c.service.MarketDataService - [ALGO] BID: price:43 quantity:134
23:15:22.586 [main] DEBUG c.service.MarketDataService - [ALGO] BID: price:76 quantity:145
23:15:22.586 [main] DEBUG c.service.MarketDataService - [ALGO] BID: price:91 quantity:300
23:15:22.586 [main] DEBUG c.service.MarketDataService - [ALGO] BID: price:93 quantity:200
23:15:22.586 [main] DEBUG c.service.MarketDataService - [ALGO] BID: price:95 quantity:100
23:15:22.586 [main] DEBUG c.service.MarketDataService - [ALGO] BID: price:98 quantity:154
23:15:22.586 [main] DEBUG c.service.MarketDataService - [ALGO] ASK: price:98 quantity:501
23:15:22.586 [main] DEBUG c.service.MarketDataService - [ALGO] ASK: price:101 quantity:200
23:15:22.586 [main] DEBUG c.service.MarketDataService - [ALGO] ASK: price:110 quantity:5000
23:15:22.586 [main] DEBUG c.service.MarketDataService - [ALGO] ASK: price:119 quantity:5600
23:15:22.586 [main] DEBUG c.service.MarketDataService - [ALGO] ASK: price:123 quantity:453
23:15:22.586 [main] DEBUG c.service.MarketDataService - [ALGO] ASK: price:144 quantity:645
23:15:22.586 [main] DEBUG c.service.MarketDataService - [ALGO] ASK: price:167 quantity:665
23:15:22.586 [main] INFO  c.gettingstarted.MyAlgoLogic - [MYALGO] The state of the order book is:
|----BID-----||----ASK----|
    134 @ 43    501 @ 98
    145 @ 76   200 @ 101
    300 @ 91  5000 @ 110
    200 @ 93  5600 @ 119
    100 @ 95   453 @ 123
    154 @ 98   645 @ 144
          -    665 @ 167
|------------||-----------|

23:15:22.586 [main] INFO  c.gettingstarted.MyAlgoLogic - [MYALGO] Algo Sees Book as: 
|----BID-----||----ASK----|
    134 @ 43    501 @ 98
    145 @ 76   200 @ 101
    300 @ 91  5000 @ 110
    200 @ 93  5600 @ 119
    100 @ 95   453 @ 123
    154 @ 98   645 @ 144
          -    665 @ 167
|------------||-----------|

23:15:22.586 [main] INFO  c.gettingstarted.TimedLogic - [TIMEDLOGIC] Market is closed
23:15:22.586 [main] INFO  c.sequencer.consumer.LoggingConsumer - [221] 
|----BID-----|
    134 @ 43
    145 @ 76
    300 @ 91
    200 @ 93
    100 @ 95
    154 @ 98
|----ASK-----|
    501 @ 98
   200 @ 101
  5000 @ 110
  5600 @ 119
   453 @ 123
   645 @ 144
   665 @ 167

23:15:22.586 [main] INFO  c.orderbook.OrderBook - [ORDERBOOK] Processing Mkt Data Update
23:15:22.586 [main] INFO  c.o.v.MutatingRemoveAllMarketDataOrdersVisitor - [ORDERBOOK] Removing market data order:MktData(price=43,quantity=134)
23:15:22.586 [main] INFO  c.o.v.MutatingRemoveAllMarketDataOrdersVisitor - [ORDERBOOK] Removing level:43
23:15:22.586 [main] DEBUG c.orderbook.OrderBook - [ORDERBOOK] ASK: Adding orderMktData(price=43,quantity=134)
23:15:22.586 [main] DEBUG c.orderbook.OrderBook - [ORDERBOOK] ASK: Adding orderMktData(price=76,quantity=145)
23:15:22.586 [main] DEBUG c.orderbook.OrderBook - [ORDERBOOK] ASK: Adding orderMktData(price=91,quantity=300)
23:15:22.586 [main] DEBUG c.orderbook.OrderBook - [ORDERBOOK] ASK: Adding orderMktData(price=93,quantity=200)
23:15:22.586 [main] DEBUG c.orderbook.OrderBook - [ORDERBOOK] ASK: Adding orderMktData(price=95,quantity=100)
23:15:22.586 [main] DEBUG c.orderbook.OrderBook - [ORDERBOOK] ASK: Adding orderMktData(price=98,quantity=154)
23:15:22.586 [main] INFO  c.o.v.MutatingMatchOneMarketDataOrderVisitor - [ORDERBOOK] visiting LevelOrderBookLevel(price=43,quantity=134)
23:15:22.586 [main] INFO  c.o.v.MutatingMatchOneMarketDataOrderVisitor - [ORDERBOOK] Can't match order:MktData(price=43,quantity=134)(MktData(price=98,quantity=154))
23:15:22.586 [main] INFO  c.o.v.MutatingRemoveAllMarketDataOrdersVisitor - [ORDERBOOK] Removing market data order:MktData(price=98,quantity=501)
23:15:22.586 [main] INFO  c.o.v.MutatingRemoveAllMarketDataOrdersVisitor - [ORDERBOOK] Removing level:98
23:15:22.586 [main] INFO  c.o.v.MutatingRemoveAllMarketDataOrdersVisitor - [ORDERBOOK] Removing market data order:MktData(price=101,quantity=200)
23:15:22.586 [main] INFO  c.o.v.MutatingRemoveAllMarketDataOrdersVisitor - [ORDERBOOK] Removing level:101
23:15:22.586 [main] INFO  c.o.v.MutatingRemoveAllMarketDataOrdersVisitor - [ORDERBOOK] Removing market data order:MktData(price=110,quantity=5000)
23:15:22.586 [main] INFO  c.o.v.MutatingRemoveAllMarketDataOrdersVisitor - [ORDERBOOK] Removing level:110
23:15:22.587 [main] INFO  c.o.v.MutatingRemoveAllMarketDataOrdersVisitor - [ORDERBOOK] Removing market data order:MktData(price=119,quantity=5600)
23:15:22.587 [main] INFO  c.o.v.MutatingRemoveAllMarketDataOrdersVisitor - [ORDERBOOK] Removing level:119
23:15:22.587 [main] INFO  c.o.v.MutatingRemoveAllMarketDataOrdersVisitor - [ORDERBOOK] Removing market data order:MktData(price=123,quantity=453)
23:15:22.587 [main] INFO  c.o.v.MutatingRemoveAllMarketDataOrdersVisitor - [ORDERBOOK] Removing level:123
23:15:22.587 [main] INFO  c.o.v.MutatingRemoveAllMarketDataOrdersVisitor - [ORDERBOOK] Removing market data order:MktData(price=144,quantity=645)
23:15:22.587 [main] INFO  c.o.v.MutatingRemoveAllMarketDataOrdersVisitor - [ORDERBOOK] Removing level:144
23:15:22.587 [main] INFO  c.o.v.MutatingRemoveAllMarketDataOrdersVisitor - [ORDERBOOK] Removing market data order:MktData(price=167,quantity=665)
23:15:22.587 [main] INFO  c.o.v.MutatingRemoveAllMarketDataOrdersVisitor - [ORDERBOOK] Removing level:167
23:15:22.587 [main] DEBUG c.orderbook.OrderBook - [ORDERBOOK] ASK: Adding orderMktData(price=98,quantity=501)
23:15:22.587 [main] DEBUG c.orderbook.OrderBook - [ORDERBOOK] ASK: Adding orderMktData(price=101,quantity=200)
23:15:22.587 [main] DEBUG c.orderbook.OrderBook - [ORDERBOOK] ASK: Adding orderMktData(price=110,quantity=5000)
23:15:22.589 [main] DEBUG c.orderbook.OrderBook - [ORDERBOOK] ASK: Adding orderMktData(price=119,quantity=5600)
23:15:22.589 [main] DEBUG c.orderbook.OrderBook - [ORDERBOOK] ASK: Adding orderMktData(price=123,quantity=453)
23:15:22.589 [main] DEBUG c.orderbook.OrderBook - [ORDERBOOK] ASK: Adding orderMktData(price=144,quantity=645)
23:15:22.589 [main] DEBUG c.orderbook.OrderBook - [ORDERBOOK] ASK: Adding orderMktData(price=167,quantity=665)
23:15:22.589 [main] DEBUG c.service.MarketDataService - [ALGO] BID: price:43 quantity:134
23:15:22.589 [main] DEBUG c.service.MarketDataService - [ALGO] BID: price:76 quantity:145
23:15:22.589 [main] DEBUG c.service.MarketDataService - [ALGO] BID: price:91 quantity:300
23:15:22.589 [main] DEBUG c.service.MarketDataService - [ALGO] BID: price:93 quantity:200
23:15:22.589 [main] DEBUG c.service.MarketDataService - [ALGO] BID: price:95 quantity:100
23:15:22.589 [main] DEBUG c.service.MarketDataService - [ALGO] BID: price:98 quantity:154
23:15:22.589 [main] DEBUG c.service.MarketDataService - [ALGO] ASK: price:98 quantity:501
23:15:22.589 [main] DEBUG c.service.MarketDataService - [ALGO] ASK: price:101 quantity:200
23:15:22.589 [main] DEBUG c.service.MarketDataService - [ALGO] ASK: price:110 quantity:5000
23:15:22.589 [main] DEBUG c.service.MarketDataService - [ALGO] ASK: price:119 quantity:5600
23:15:22.589 [main] DEBUG c.service.MarketDataService - [ALGO] ASK: price:123 quantity:453
23:15:22.589 [main] DEBUG c.service.MarketDataService - [ALGO] ASK: price:144 quantity:645
23:15:22.589 [main] DEBUG c.service.MarketDataService - [ALGO] ASK: price:167 quantity:665
23:15:22.590 [main] INFO  c.gettingstarted.MyAlgoLogic - [MYALGO] The state of the order book is:
|----BID-----||----ASK----|
    134 @ 43    501 @ 98
    145 @ 76   200 @ 101
    300 @ 91  5000 @ 110
    200 @ 93  5600 @ 119
    100 @ 95   453 @ 123
    154 @ 98   645 @ 144
          -    665 @ 167
|------------||-----------|

23:15:22.590 [main] INFO  c.gettingstarted.MyAlgoLogic - [MYALGO] Algo Sees Book as: 
|----BID-----||----ASK----|
    134 @ 43    501 @ 98
    145 @ 76   200 @ 101
    300 @ 91  5000 @ 110
    200 @ 93  5600 @ 119
    100 @ 95   453 @ 123
    154 @ 98   645 @ 144
          -    665 @ 167
|------------||-----------|

23:15:22.590 [main] INFO  c.gettingstarted.TimedLogic - [TIMEDLOGIC] Market is closed
23:15:22.590 [main] INFO  c.sequencer.consumer.LoggingConsumer - [222] 
|----BID-----|
    134 @ 43
    145 @ 76
    300 @ 91
    200 @ 93
    100 @ 95
    154 @ 98
|----ASK-----|
    501 @ 98
   200 @ 101
  5000 @ 110
  5600 @ 119
   453 @ 123
   645 @ 144
   665 @ 167

23:15:22.590 [main] INFO  c.orderbook.OrderBook - [ORDERBOOK] Processing Mkt Data Update
23:15:22.590 [main] INFO  c.o.v.MutatingRemoveAllMarketDataOrdersVisitor - [ORDERBOOK] Removing market data order:MktData(price=43,quantity=134)
23:15:22.590 [main] INFO  c.o.v.MutatingRemoveAllMarketDataOrdersVisitor - [ORDERBOOK] Removing level:43
23:15:22.590 [main] DEBUG c.orderbook.OrderBook - [ORDERBOOK] ASK: Adding orderMktData(price=43,quantity=134)
23:15:22.590 [main] DEBUG c.orderbook.OrderBook - [ORDERBOOK] ASK: Adding orderMktData(price=76,quantity=145)
23:15:22.590 [main] DEBUG c.orderbook.OrderBook - [ORDERBOOK] ASK: Adding orderMktData(price=91,quantity=300)
23:15:22.590 [main] DEBUG c.orderbook.OrderBook - [ORDERBOOK] ASK: Adding orderMktData(price=93,quantity=200)
23:15:22.590 [main] DEBUG c.orderbook.OrderBook - [ORDERBOOK] ASK: Adding orderMktData(price=95,quantity=100)
23:15:22.590 [main] DEBUG c.orderbook.OrderBook - [ORDERBOOK] ASK: Adding orderMktData(price=98,quantity=154)
23:15:22.590 [main] INFO  c.o.v.MutatingMatchOneMarketDataOrderVisitor - [ORDERBOOK] visiting LevelOrderBookLevel(price=43,quantity=134)
23:15:22.590 [main] INFO  c.o.v.MutatingMatchOneMarketDataOrderVisitor - [ORDERBOOK] Can't match order:MktData(price=43,quantity=134)(MktData(price=98,quantity=154))
23:15:22.590 [main] INFO  c.o.v.MutatingRemoveAllMarketDataOrdersVisitor - [ORDERBOOK] Removing market data order:MktData(price=98,quantity=501)
23:15:22.590 [main] INFO  c.o.v.MutatingRemoveAllMarketDataOrdersVisitor - [ORDERBOOK] Removing level:98
23:15:22.590 [main] INFO  c.o.v.MutatingRemoveAllMarketDataOrdersVisitor - [ORDERBOOK] Removing market data order:MktData(price=101,quantity=200)
23:15:22.590 [main] INFO  c.o.v.MutatingRemoveAllMarketDataOrdersVisitor - [ORDERBOOK] Removing level:101
23:15:22.590 [main] INFO  c.o.v.MutatingRemoveAllMarketDataOrdersVisitor - [ORDERBOOK] Removing market data order:MktData(price=110,quantity=5000)
23:15:22.590 [main] INFO  c.o.v.MutatingRemoveAllMarketDataOrdersVisitor - [ORDERBOOK] Removing level:110
23:15:22.590 [main] INFO  c.o.v.MutatingRemoveAllMarketDataOrdersVisitor - [ORDERBOOK] Removing market data order:MktData(price=119,quantity=5600)
23:15:22.591 [main] INFO  c.o.v.MutatingRemoveAllMarketDataOrdersVisitor - [ORDERBOOK] Removing level:119
23:15:22.591 [main] INFO  c.o.v.MutatingRemoveAllMarketDataOrdersVisitor - [ORDERBOOK] Removing market data order:MktData(price=123,quantity=453)
23:15:22.591 [main] INFO  c.o.v.MutatingRemoveAllMarketDataOrdersVisitor - [ORDERBOOK] Removing level:123
23:15:22.591 [main] INFO  c.o.v.MutatingRemoveAllMarketDataOrdersVisitor - [ORDERBOOK] Removing market data order:MktData(price=144,quantity=645)
23:15:22.591 [main] INFO  c.o.v.MutatingRemoveAllMarketDataOrdersVisitor - [ORDERBOOK] Removing level:144
23:15:22.591 [main] INFO  c.o.v.MutatingRemoveAllMarketDataOrdersVisitor - [ORDERBOOK] Removing market data order:MktData(price=167,quantity=665)
23:15:22.591 [main] INFO  c.o.v.MutatingRemoveAllMarketDataOrdersVisitor - [ORDERBOOK] Removing level:167
23:15:22.591 [main] DEBUG c.orderbook.OrderBook - [ORDERBOOK] ASK: Adding orderMktData(price=98,quantity=501)
23:15:22.591 [main] DEBUG c.orderbook.OrderBook - [ORDERBOOK] ASK: Adding orderMktData(price=101,quantity=200)
23:15:22.591 [main] DEBUG c.orderbook.OrderBook - [ORDERBOOK] ASK: Adding orderMktData(price=110,quantity=5000)
23:15:22.591 [main] DEBUG c.orderbook.OrderBook - [ORDERBOOK] ASK: Adding orderMktData(price=119,quantity=5600)
23:15:22.591 [main] DEBUG c.orderbook.OrderBook - [ORDERBOOK] ASK: Adding orderMktData(price=123,quantity=453)
23:15:22.591 [main] DEBUG c.orderbook.OrderBook - [ORDERBOOK] ASK: Adding orderMktData(price=144,quantity=645)
23:15:22.591 [main] DEBUG c.orderbook.OrderBook - [ORDERBOOK] ASK: Adding orderMktData(price=167,quantity=665)
23:15:22.591 [main] DEBUG c.service.MarketDataService - [ALGO] BID: price:43 quantity:134
23:15:22.591 [main] DEBUG c.service.MarketDataService - [ALGO] BID: price:76 quantity:145
23:15:22.591 [main] DEBUG c.service.MarketDataService - [ALGO] BID: price:91 quantity:300
23:15:22.591 [main] DEBUG c.service.MarketDataService - [ALGO] BID: price:93 quantity:200
23:15:22.591 [main] DEBUG c.service.MarketDataService - [ALGO] BID: price:95 quantity:100
23:15:22.591 [main] DEBUG c.service.MarketDataService - [ALGO] BID: price:98 quantity:154
23:15:22.591 [main] DEBUG c.service.MarketDataService - [ALGO] ASK: price:98 quantity:501
23:15:22.591 [main] DEBUG c.service.MarketDataService - [ALGO] ASK: price:101 quantity:200
23:15:22.591 [main] DEBUG c.service.MarketDataService - [ALGO] ASK: price:110 quantity:5000
23:15:22.591 [main] DEBUG c.service.MarketDataService - [ALGO] ASK: price:119 quantity:5600
23:15:22.591 [main] DEBUG c.service.MarketDataService - [ALGO] ASK: price:123 quantity:453
23:15:22.591 [main] DEBUG c.service.MarketDataService - [ALGO] ASK: price:144 quantity:645
23:15:22.591 [main] DEBUG c.service.MarketDataService - [ALGO] ASK: price:167 quantity:665
23:15:22.591 [main] INFO  c.gettingstarted.MyAlgoLogic - [MYALGO] The state of the order book is:
|----BID-----||----ASK----|
    134 @ 43    501 @ 98
    145 @ 76   200 @ 101
    300 @ 91  5000 @ 110
    200 @ 93  5600 @ 119
    100 @ 95   453 @ 123
    154 @ 98   645 @ 144
          -    665 @ 167
|------------||-----------|

23:15:22.591 [main] INFO  c.gettingstarted.MyAlgoLogic - [MYALGO] Algo Sees Book as: 
|----BID-----||----ASK----|
    134 @ 43    501 @ 98
    145 @ 76   200 @ 101
    300 @ 91  5000 @ 110
    200 @ 93  5600 @ 119
    100 @ 95   453 @ 123
    154 @ 98   645 @ 144
          -    665 @ 167
|------------||-----------|

23:15:22.591 [main] INFO  c.gettingstarted.TimedLogic - [TIMEDLOGIC] Market is closed
23:15:22.591 [main] INFO  c.sequencer.consumer.LoggingConsumer - [223] 
|----BID-----|
    134 @ 43
    145 @ 76
    300 @ 91
    200 @ 93
    100 @ 95
    154 @ 98
|----ASK-----|
    501 @ 98
   200 @ 101
  5000 @ 110
  5600 @ 119
   453 @ 123
   645 @ 144
   665 @ 167

23:15:22.591 [main] INFO  c.orderbook.OrderBook - [ORDERBOOK] Processing Mkt Data Update
23:15:22.591 [main] INFO  c.o.v.MutatingRemoveAllMarketDataOrdersVisitor - [ORDERBOOK] Removing market data order:MktData(price=43,quantity=134)
23:15:22.591 [main] INFO  c.o.v.MutatingRemoveAllMarketDataOrdersVisitor - [ORDERBOOK] Removing level:43
23:15:22.591 [main] DEBUG c.orderbook.OrderBook - [ORDERBOOK] ASK: Adding orderMktData(price=43,quantity=134)
23:15:22.591 [main] DEBUG c.orderbook.OrderBook - [ORDERBOOK] ASK: Adding orderMktData(price=76,quantity=145)
23:15:22.591 [main] DEBUG c.orderbook.OrderBook - [ORDERBOOK] ASK: Adding orderMktData(price=91,quantity=300)
23:15:22.591 [main] DEBUG c.orderbook.OrderBook - [ORDERBOOK] ASK: Adding orderMktData(price=93,quantity=200)
23:15:22.591 [main] DEBUG c.orderbook.OrderBook - [ORDERBOOK] ASK: Adding orderMktData(price=95,quantity=100)
23:15:22.591 [main] DEBUG c.orderbook.OrderBook - [ORDERBOOK] ASK: Adding orderMktData(price=98,quantity=154)
23:15:22.591 [main] INFO  c.o.v.MutatingMatchOneMarketDataOrderVisitor - [ORDERBOOK] visiting LevelOrderBookLevel(price=43,quantity=134)
23:15:22.591 [main] INFO  c.o.v.MutatingMatchOneMarketDataOrderVisitor - [ORDERBOOK] Can't match order:MktData(price=43,quantity=134)(MktData(price=98,quantity=154))
23:15:22.591 [main] INFO  c.o.v.MutatingRemoveAllMarketDataOrdersVisitor - [ORDERBOOK] Removing market data order:MktData(price=98,quantity=501)
23:15:22.591 [main] INFO  c.o.v.MutatingRemoveAllMarketDataOrdersVisitor - [ORDERBOOK] Removing level:98
23:15:22.591 [main] INFO  c.o.v.MutatingRemoveAllMarketDataOrdersVisitor - [ORDERBOOK] Removing market data order:MktData(price=101,quantity=200)
23:15:22.591 [main] INFO  c.o.v.MutatingRemoveAllMarketDataOrdersVisitor - [ORDERBOOK] Removing level:101
23:15:22.591 [main] INFO  c.o.v.MutatingRemoveAllMarketDataOrdersVisitor - [ORDERBOOK] Removing market data order:MktData(price=110,quantity=5000)
23:15:22.591 [main] INFO  c.o.v.MutatingRemoveAllMarketDataOrdersVisitor - [ORDERBOOK] Removing level:110
23:15:22.591 [main] INFO  c.o.v.MutatingRemoveAllMarketDataOrdersVisitor - [ORDERBOOK] Removing market data order:MktData(price=119,quantity=5600)
23:15:22.591 [main] INFO  c.o.v.MutatingRemoveAllMarketDataOrdersVisitor - [ORDERBOOK] Removing level:119
23:15:22.591 [main] INFO  c.o.v.MutatingRemoveAllMarketDataOrdersVisitor - [ORDERBOOK] Removing market data order:MktData(price=123,quantity=453)
23:15:22.591 [main] INFO  c.o.v.MutatingRemoveAllMarketDataOrdersVisitor - [ORDERBOOK] Removing level:123
23:15:22.591 [main] INFO  c.o.v.MutatingRemoveAllMarketDataOrdersVisitor - [ORDERBOOK] Removing market data order:MktData(price=144,quantity=645)
23:15:22.591 [main] INFO  c.o.v.MutatingRemoveAllMarketDataOrdersVisitor - [ORDERBOOK] Removing level:144
23:15:22.591 [main] INFO  c.o.v.MutatingRemoveAllMarketDataOrdersVisitor - [ORDERBOOK] Removing market data order:MktData(price=167,quantity=665)
23:15:22.591 [main] INFO  c.o.v.MutatingRemoveAllMarketDataOrdersVisitor - [ORDERBOOK] Removing level:167
23:15:22.591 [main] DEBUG c.orderbook.OrderBook - [ORDERBOOK] ASK: Adding orderMktData(price=98,quantity=501)
23:15:22.591 [main] DEBUG c.orderbook.OrderBook - [ORDERBOOK] ASK: Adding orderMktData(price=101,quantity=200)
23:15:22.591 [main] DEBUG c.orderbook.OrderBook - [ORDERBOOK] ASK: Adding orderMktData(price=110,quantity=5000)
23:15:22.591 [main] DEBUG c.orderbook.OrderBook - [ORDERBOOK] ASK: Adding orderMktData(price=119,quantity=5600)
23:15:22.591 [main] DEBUG c.orderbook.OrderBook - [ORDERBOOK] ASK: Adding orderMktData(price=123,quantity=453)
23:15:22.591 [main] DEBUG c.orderbook.OrderBook - [ORDERBOOK] ASK: Adding orderMktData(price=144,quantity=645)
23:15:22.591 [main] DEBUG c.orderbook.OrderBook - [ORDERBOOK] ASK: Adding orderMktData(price=167,quantity=665)
23:15:22.591 [main] DEBUG c.service.MarketDataService - [ALGO] BID: price:43 quantity:134
23:15:22.591 [main] DEBUG c.service.MarketDataService - [ALGO] BID: price:76 quantity:145
23:15:22.591 [main] DEBUG c.service.MarketDataService - [ALGO] BID: price:91 quantity:300
23:15:22.591 [main] DEBUG c.service.MarketDataService - [ALGO] BID: price:93 quantity:200
23:15:22.591 [main] DEBUG c.service.MarketDataService - [ALGO] BID: price:95 quantity:100
23:15:22.591 [main] DEBUG c.service.MarketDataService - [ALGO] BID: price:98 quantity:154
23:15:22.591 [main] DEBUG c.service.MarketDataService - [ALGO] ASK: price:98 quantity:501
23:15:22.591 [main] DEBUG c.service.MarketDataService - [ALGO] ASK: price:101 quantity:200
23:15:22.591 [main] DEBUG c.service.MarketDataService - [ALGO] ASK: price:110 quantity:5000
23:15:22.591 [main] DEBUG c.service.MarketDataService - [ALGO] ASK: price:119 quantity:5600
23:15:22.591 [main] DEBUG c.service.MarketDataService - [ALGO] ASK: price:123 quantity:453
23:15:22.591 [main] DEBUG c.service.MarketDataService - [ALGO] ASK: price:144 quantity:645
23:15:22.591 [main] DEBUG c.service.MarketDataService - [ALGO] ASK: price:167 quantity:665
23:15:22.591 [main] INFO  c.gettingstarted.MyAlgoLogic - [MYALGO] The state of the order book is:
|----BID-----||----ASK----|
    134 @ 43    501 @ 98
    145 @ 76   200 @ 101
    300 @ 91  5000 @ 110
    200 @ 93  5600 @ 119
    100 @ 95   453 @ 123
    154 @ 98   645 @ 144
          -    665 @ 167
|------------||-----------|

23:15:22.591 [main] INFO  c.gettingstarted.MyAlgoLogic - [MYALGO] Algo Sees Book as: 
|----BID-----||----ASK----|
    134 @ 43    501 @ 98
    145 @ 76   200 @ 101
    300 @ 91  5000 @ 110
    200 @ 93  5600 @ 119
    100 @ 95   453 @ 123
    154 @ 98   645 @ 144
          -    665 @ 167
|------------||-----------|

23:15:22.591 [main] INFO  c.gettingstarted.TimedLogic - [TIMEDLOGIC] Market is closed
23:15:22.591 [main] INFO  c.sequencer.consumer.LoggingConsumer - [224] 
|----BID-----|
    134 @ 43
    145 @ 76
    300 @ 91
    200 @ 93
    100 @ 95
    154 @ 98
|----ASK-----|
    501 @ 98
   200 @ 101
  5000 @ 110
  5600 @ 119
   453 @ 123
   645 @ 144
   665 @ 167

23:15:22.591 [main] INFO  c.orderbook.OrderBook - [ORDERBOOK] Processing Mkt Data Update
23:15:22.591 [main] INFO  c.o.v.MutatingRemoveAllMarketDataOrdersVisitor - [ORDERBOOK] Removing market data order:MktData(price=43,quantity=134)
23:15:22.591 [main] INFO  c.o.v.MutatingRemoveAllMarketDataOrdersVisitor - [ORDERBOOK] Removing level:43
23:15:22.591 [main] DEBUG c.orderbook.OrderBook - [ORDERBOOK] ASK: Adding orderMktData(price=43,quantity=134)
23:15:22.591 [main] DEBUG c.orderbook.OrderBook - [ORDERBOOK] ASK: Adding orderMktData(price=76,quantity=145)
23:15:22.591 [main] DEBUG c.orderbook.OrderBook - [ORDERBOOK] ASK: Adding orderMktData(price=91,quantity=300)
23:15:22.591 [main] DEBUG c.orderbook.OrderBook - [ORDERBOOK] ASK: Adding orderMktData(price=93,quantity=200)
23:15:22.591 [main] DEBUG c.orderbook.OrderBook - [ORDERBOOK] ASK: Adding orderMktData(price=95,quantity=100)
23:15:22.591 [main] DEBUG c.orderbook.OrderBook - [ORDERBOOK] ASK: Adding orderMktData(price=98,quantity=154)
23:15:22.591 [main] INFO  c.o.v.MutatingMatchOneMarketDataOrderVisitor - [ORDERBOOK] visiting LevelOrderBookLevel(price=43,quantity=134)
23:15:22.591 [main] INFO  c.o.v.MutatingMatchOneMarketDataOrderVisitor - [ORDERBOOK] Can't match order:MktData(price=43,quantity=134)(MktData(price=98,quantity=154))
23:15:22.591 [main] INFO  c.o.v.MutatingRemoveAllMarketDataOrdersVisitor - [ORDERBOOK] Removing market data order:MktData(price=98,quantity=501)
23:15:22.591 [main] INFO  c.o.v.MutatingRemoveAllMarketDataOrdersVisitor - [ORDERBOOK] Removing level:98
23:15:22.591 [main] INFO  c.o.v.MutatingRemoveAllMarketDataOrdersVisitor - [ORDERBOOK] Removing market data order:MktData(price=101,quantity=200)
23:15:22.591 [main] INFO  c.o.v.MutatingRemoveAllMarketDataOrdersVisitor - [ORDERBOOK] Removing level:101
23:15:22.591 [main] INFO  c.o.v.MutatingRemoveAllMarketDataOrdersVisitor - [ORDERBOOK] Removing market data order:MktData(price=110,quantity=5000)
23:15:22.591 [main] INFO  c.o.v.MutatingRemoveAllMarketDataOrdersVisitor - [ORDERBOOK] Removing level:110
23:15:22.591 [main] INFO  c.o.v.MutatingRemoveAllMarketDataOrdersVisitor - [ORDERBOOK] Removing market data order:MktData(price=119,quantity=5600)
23:15:22.591 [main] INFO  c.o.v.MutatingRemoveAllMarketDataOrdersVisitor - [ORDERBOOK] Removing level:119
23:15:22.591 [main] INFO  c.o.v.MutatingRemoveAllMarketDataOrdersVisitor - [ORDERBOOK] Removing market data order:MktData(price=123,quantity=453)
23:15:22.591 [main] INFO  c.o.v.MutatingRemoveAllMarketDataOrdersVisitor - [ORDERBOOK] Removing level:123
23:15:22.591 [main] INFO  c.o.v.MutatingRemoveAllMarketDataOrdersVisitor - [ORDERBOOK] Removing market data order:MktData(price=144,quantity=645)
23:15:22.591 [main] INFO  c.o.v.MutatingRemoveAllMarketDataOrdersVisitor - [ORDERBOOK] Removing level:144
23:15:22.591 [main] INFO  c.o.v.MutatingRemoveAllMarketDataOrdersVisitor - [ORDERBOOK] Removing market data order:MktData(price=167,quantity=665)
23:15:22.591 [main] INFO  c.o.v.MutatingRemoveAllMarketDataOrdersVisitor - [ORDERBOOK] Removing level:167
23:15:22.591 [main] DEBUG c.orderbook.OrderBook - [ORDERBOOK] ASK: Adding orderMktData(price=98,quantity=501)
23:15:22.591 [main] DEBUG c.orderbook.OrderBook - [ORDERBOOK] ASK: Adding orderMktData(price=101,quantity=200)
23:15:22.591 [main] DEBUG c.orderbook.OrderBook - [ORDERBOOK] ASK: Adding orderMktData(price=110,quantity=5000)
23:15:22.591 [main] DEBUG c.orderbook.OrderBook - [ORDERBOOK] ASK: Adding orderMktData(price=119,quantity=5600)
23:15:22.591 [main] DEBUG c.orderbook.OrderBook - [ORDERBOOK] ASK: Adding orderMktData(price=123,quantity=453)
23:15:22.591 [main] DEBUG c.orderbook.OrderBook - [ORDERBOOK] ASK: Adding orderMktData(price=144,quantity=645)
23:15:22.591 [main] DEBUG c.orderbook.OrderBook - [ORDERBOOK] ASK: Adding orderMktData(price=167,quantity=665)
23:15:22.591 [main] DEBUG c.service.MarketDataService - [ALGO] BID: price:43 quantity:134
23:15:22.591 [main] DEBUG c.service.MarketDataService - [ALGO] BID: price:76 quantity:145
23:15:22.591 [main] DEBUG c.service.MarketDataService - [ALGO] BID: price:91 quantity:300
23:15:22.591 [main] DEBUG c.service.MarketDataService - [ALGO] BID: price:93 quantity:200
23:15:22.591 [main] DEBUG c.service.MarketDataService - [ALGO] BID: price:95 quantity:100
23:15:22.591 [main] DEBUG c.service.MarketDataService - [ALGO] BID: price:98 quantity:154
23:15:22.591 [main] DEBUG c.service.MarketDataService - [ALGO] ASK: price:98 quantity:501
23:15:22.591 [main] DEBUG c.service.MarketDataService - [ALGO] ASK: price:101 quantity:200
23:15:22.591 [main] DEBUG c.service.MarketDataService - [ALGO] ASK: price:110 quantity:5000
23:15:22.591 [main] DEBUG c.service.MarketDataService - [ALGO] ASK: price:119 quantity:5600
23:15:22.591 [main] DEBUG c.service.MarketDataService - [ALGO] ASK: price:123 quantity:453
23:15:22.591 [main] DEBUG c.service.MarketDataService - [ALGO] ASK: price:144 quantity:645
23:15:22.591 [main] DEBUG c.service.MarketDataService - [ALGO] ASK: price:167 quantity:665
23:15:22.591 [main] INFO  c.gettingstarted.MyAlgoLogic - [MYALGO] The state of the order book is:
|----BID-----||----ASK----|
    134 @ 43    501 @ 98
    145 @ 76   200 @ 101
    300 @ 91  5000 @ 110
    200 @ 93  5600 @ 119
    100 @ 95   453 @ 123
    154 @ 98   645 @ 144
          -    665 @ 167
|------------||-----------|

23:15:22.591 [main] INFO  c.gettingstarted.MyAlgoLogic - [MYALGO] Algo Sees Book as: 
|----BID-----||----ASK----|
    134 @ 43    501 @ 98
    145 @ 76   200 @ 101
    300 @ 91  5000 @ 110
    200 @ 93  5600 @ 119
    100 @ 95   453 @ 123
    154 @ 98   645 @ 144
          -    665 @ 167
|------------||-----------|

23:15:22.591 [main] INFO  c.gettingstarted.TimedLogic - [TIMEDLOGIC] Market is closed
23:15:22.592 [main] INFO  c.sequencer.consumer.LoggingConsumer - [225] 
|----BID-----|
    134 @ 43
    145 @ 76
    300 @ 91
    200 @ 93
    100 @ 95
    154 @ 98
|----ASK-----|
    501 @ 98
   200 @ 101
  5000 @ 110
  5600 @ 119
   453 @ 123
   645 @ 144
   665 @ 167

23:15:22.592 [main] INFO  c.orderbook.OrderBook - [ORDERBOOK] Processing Mkt Data Update
23:15:22.592 [main] INFO  c.o.v.MutatingRemoveAllMarketDataOrdersVisitor - [ORDERBOOK] Removing market data order:MktData(price=43,quantity=134)
23:15:22.592 [main] INFO  c.o.v.MutatingRemoveAllMarketDataOrdersVisitor - [ORDERBOOK] Removing level:43
23:15:22.592 [main] DEBUG c.orderbook.OrderBook - [ORDERBOOK] ASK: Adding orderMktData(price=43,quantity=134)
23:15:22.592 [main] DEBUG c.orderbook.OrderBook - [ORDERBOOK] ASK: Adding orderMktData(price=76,quantity=145)
23:15:22.592 [main] DEBUG c.orderbook.OrderBook - [ORDERBOOK] ASK: Adding orderMktData(price=91,quantity=300)
23:15:22.592 [main] DEBUG c.orderbook.OrderBook - [ORDERBOOK] ASK: Adding orderMktData(price=93,quantity=200)
23:15:22.592 [main] DEBUG c.orderbook.OrderBook - [ORDERBOOK] ASK: Adding orderMktData(price=95,quantity=100)
23:15:22.592 [main] DEBUG c.orderbook.OrderBook - [ORDERBOOK] ASK: Adding orderMktData(price=98,quantity=154)
23:15:22.592 [main] INFO  c.o.v.MutatingMatchOneMarketDataOrderVisitor - [ORDERBOOK] visiting LevelOrderBookLevel(price=43,quantity=134)
23:15:22.592 [main] INFO  c.o.v.MutatingMatchOneMarketDataOrderVisitor - [ORDERBOOK] Can't match order:MktData(price=43,quantity=134)(MktData(price=98,quantity=154))
23:15:22.592 [main] INFO  c.o.v.MutatingRemoveAllMarketDataOrdersVisitor - [ORDERBOOK] Removing market data order:MktData(price=98,quantity=501)
23:15:22.592 [main] INFO  c.o.v.MutatingRemoveAllMarketDataOrdersVisitor - [ORDERBOOK] Removing level:98
23:15:22.592 [main] INFO  c.o.v.MutatingRemoveAllMarketDataOrdersVisitor - [ORDERBOOK] Removing market data order:MktData(price=101,quantity=200)
23:15:22.592 [main] INFO  c.o.v.MutatingRemoveAllMarketDataOrdersVisitor - [ORDERBOOK] Removing level:101
23:15:22.592 [main] INFO  c.o.v.MutatingRemoveAllMarketDataOrdersVisitor - [ORDERBOOK] Removing market data order:MktData(price=110,quantity=5000)
23:15:22.592 [main] INFO  c.o.v.MutatingRemoveAllMarketDataOrdersVisitor - [ORDERBOOK] Removing level:110
23:15:22.592 [main] INFO  c.o.v.MutatingRemoveAllMarketDataOrdersVisitor - [ORDERBOOK] Removing market data order:MktData(price=119,quantity=5600)
23:15:22.592 [main] INFO  c.o.v.MutatingRemoveAllMarketDataOrdersVisitor - [ORDERBOOK] Removing level:119
23:15:22.592 [main] INFO  c.o.v.MutatingRemoveAllMarketDataOrdersVisitor - [ORDERBOOK] Removing market data order:MktData(price=123,quantity=453)
23:15:22.592 [main] INFO  c.o.v.MutatingRemoveAllMarketDataOrdersVisitor - [ORDERBOOK] Removing level:123
23:15:22.592 [main] INFO  c.o.v.MutatingRemoveAllMarketDataOrdersVisitor - [ORDERBOOK] Removing market data order:MktData(price=144,quantity=645)
23:15:22.592 [main] INFO  c.o.v.MutatingRemoveAllMarketDataOrdersVisitor - [ORDERBOOK] Removing level:144
23:15:22.592 [main] INFO  c.o.v.MutatingRemoveAllMarketDataOrdersVisitor - [ORDERBOOK] Removing market data order:MktData(price=167,quantity=665)
23:15:22.592 [main] INFO  c.o.v.MutatingRemoveAllMarketDataOrdersVisitor - [ORDERBOOK] Removing level:167
23:15:22.592 [main] DEBUG c.orderbook.OrderBook - [ORDERBOOK] ASK: Adding orderMktData(price=98,quantity=501)
23:15:22.592 [main] DEBUG c.orderbook.OrderBook - [ORDERBOOK] ASK: Adding orderMktData(price=101,quantity=200)
23:15:22.592 [main] DEBUG c.orderbook.OrderBook - [ORDERBOOK] ASK: Adding orderMktData(price=110,quantity=5000)
23:15:22.592 [main] DEBUG c.orderbook.OrderBook - [ORDERBOOK] ASK: Adding orderMktData(price=119,quantity=5600)
23:15:22.592 [main] DEBUG c.orderbook.OrderBook - [ORDERBOOK] ASK: Adding orderMktData(price=123,quantity=453)
23:15:22.592 [main] DEBUG c.orderbook.OrderBook - [ORDERBOOK] ASK: Adding orderMktData(price=144,quantity=645)
23:15:22.592 [main] DEBUG c.orderbook.OrderBook - [ORDERBOOK] ASK: Adding orderMktData(price=167,quantity=665)
23:15:22.592 [main] DEBUG c.service.MarketDataService - [ALGO] BID: price:43 quantity:134
23:15:22.592 [main] DEBUG c.service.MarketDataService - [ALGO] BID: price:76 quantity:145
23:15:22.592 [main] DEBUG c.service.MarketDataService - [ALGO] BID: price:91 quantity:300
23:15:22.592 [main] DEBUG c.service.MarketDataService - [ALGO] BID: price:93 quantity:200
23:15:22.592 [main] DEBUG c.service.MarketDataService - [ALGO] BID: price:95 quantity:100
23:15:22.592 [main] DEBUG c.service.MarketDataService - [ALGO] BID: price:98 quantity:154
23:15:22.592 [main] DEBUG c.service.MarketDataService - [ALGO] ASK: price:98 quantity:501
23:15:22.592 [main] DEBUG c.service.MarketDataService - [ALGO] ASK: price:101 quantity:200
23:15:22.592 [main] DEBUG c.service.MarketDataService - [ALGO] ASK: price:110 quantity:5000
23:15:22.592 [main] DEBUG c.service.MarketDataService - [ALGO] ASK: price:119 quantity:5600
23:15:22.592 [main] DEBUG c.service.MarketDataService - [ALGO] ASK: price:123 quantity:453
23:15:22.592 [main] DEBUG c.service.MarketDataService - [ALGO] ASK: price:144 quantity:645
23:15:22.592 [main] DEBUG c.service.MarketDataService - [ALGO] ASK: price:167 quantity:665
23:15:22.592 [main] INFO  c.gettingstarted.MyAlgoLogic - [MYALGO] The state of the order book is:
|----BID-----||----ASK----|
    134 @ 43    501 @ 98
    145 @ 76   200 @ 101
    300 @ 91  5000 @ 110
    200 @ 93  5600 @ 119
    100 @ 95   453 @ 123
    154 @ 98   645 @ 144
          -    665 @ 167
|------------||-----------|

23:15:22.592 [main] INFO  c.gettingstarted.MyAlgoLogic - [MYALGO] Algo Sees Book as: 
|----BID-----||----ASK----|
    134 @ 43    501 @ 98
    145 @ 76   200 @ 101
    300 @ 91  5000 @ 110
    200 @ 93  5600 @ 119
    100 @ 95   453 @ 123
    154 @ 98   645 @ 144
          -    665 @ 167
|------------||-----------|

23:15:22.592 [main] INFO  c.gettingstarted.TimedLogic - [TIMEDLOGIC] Market is closed
23:15:22.592 [main] INFO  c.sequencer.consumer.LoggingConsumer - [226] 
|----BID-----|
    134 @ 43
    145 @ 76
    300 @ 91
    200 @ 93
    100 @ 95
    154 @ 98
|----ASK-----|
    501 @ 98
   200 @ 101
  5000 @ 110
  5600 @ 119
   453 @ 123
   645 @ 144
   665 @ 167

23:15:22.592 [main] INFO  c.orderbook.OrderBook - [ORDERBOOK] Processing Mkt Data Update
23:15:22.592 [main] INFO  c.o.v.MutatingRemoveAllMarketDataOrdersVisitor - [ORDERBOOK] Removing market data order:MktData(price=43,quantity=134)
23:15:22.592 [main] INFO  c.o.v.MutatingRemoveAllMarketDataOrdersVisitor - [ORDERBOOK] Removing level:43
23:15:22.592 [main] DEBUG c.orderbook.OrderBook - [ORDERBOOK] ASK: Adding orderMktData(price=43,quantity=134)
23:15:22.592 [main] DEBUG c.orderbook.OrderBook - [ORDERBOOK] ASK: Adding orderMktData(price=76,quantity=145)
23:15:22.592 [main] DEBUG c.orderbook.OrderBook - [ORDERBOOK] ASK: Adding orderMktData(price=91,quantity=300)
23:15:22.592 [main] DEBUG c.orderbook.OrderBook - [ORDERBOOK] ASK: Adding orderMktData(price=93,quantity=200)
23:15:22.592 [main] DEBUG c.orderbook.OrderBook - [ORDERBOOK] ASK: Adding orderMktData(price=95,quantity=100)
23:15:22.592 [main] DEBUG c.orderbook.OrderBook - [ORDERBOOK] ASK: Adding orderMktData(price=98,quantity=154)
23:15:22.592 [main] INFO  c.o.v.MutatingMatchOneMarketDataOrderVisitor - [ORDERBOOK] visiting LevelOrderBookLevel(price=43,quantity=134)
23:15:22.592 [main] INFO  c.o.v.MutatingMatchOneMarketDataOrderVisitor - [ORDERBOOK] Can't match order:MktData(price=43,quantity=134)(MktData(price=98,quantity=154))
23:15:22.592 [main] INFO  c.o.v.MutatingRemoveAllMarketDataOrdersVisitor - [ORDERBOOK] Removing market data order:MktData(price=98,quantity=501)
23:15:22.592 [main] INFO  c.o.v.MutatingRemoveAllMarketDataOrdersVisitor - [ORDERBOOK] Removing level:98
23:15:22.592 [main] INFO  c.o.v.MutatingRemoveAllMarketDataOrdersVisitor - [ORDERBOOK] Removing market data order:MktData(price=101,quantity=200)
23:15:22.592 [main] INFO  c.o.v.MutatingRemoveAllMarketDataOrdersVisitor - [ORDERBOOK] Removing level:101
23:15:22.592 [main] INFO  c.o.v.MutatingRemoveAllMarketDataOrdersVisitor - [ORDERBOOK] Removing market data order:MktData(price=110,quantity=5000)
23:15:22.592 [main] INFO  c.o.v.MutatingRemoveAllMarketDataOrdersVisitor - [ORDERBOOK] Removing level:110
23:15:22.592 [main] INFO  c.o.v.MutatingRemoveAllMarketDataOrdersVisitor - [ORDERBOOK] Removing market data order:MktData(price=119,quantity=5600)
23:15:22.592 [main] INFO  c.o.v.MutatingRemoveAllMarketDataOrdersVisitor - [ORDERBOOK] Removing level:119
23:15:22.592 [main] INFO  c.o.v.MutatingRemoveAllMarketDataOrdersVisitor - [ORDERBOOK] Removing market data order:MktData(price=123,quantity=453)
23:15:22.592 [main] INFO  c.o.v.MutatingRemoveAllMarketDataOrdersVisitor - [ORDERBOOK] Removing level:123
23:15:22.592 [main] INFO  c.o.v.MutatingRemoveAllMarketDataOrdersVisitor - [ORDERBOOK] Removing market data order:MktData(price=144,quantity=645)
23:15:22.592 [main] INFO  c.o.v.MutatingRemoveAllMarketDataOrdersVisitor - [ORDERBOOK] Removing level:144
23:15:22.592 [main] INFO  c.o.v.MutatingRemoveAllMarketDataOrdersVisitor - [ORDERBOOK] Removing market data order:MktData(price=167,quantity=665)
23:15:22.592 [main] INFO  c.o.v.MutatingRemoveAllMarketDataOrdersVisitor - [ORDERBOOK] Removing level:167
23:15:22.592 [main] DEBUG c.orderbook.OrderBook - [ORDERBOOK] ASK: Adding orderMktData(price=98,quantity=501)
23:15:22.592 [main] DEBUG c.orderbook.OrderBook - [ORDERBOOK] ASK: Adding orderMktData(price=101,quantity=200)
23:15:22.592 [main] DEBUG c.orderbook.OrderBook - [ORDERBOOK] ASK: Adding orderMktData(price=110,quantity=5000)
23:15:22.592 [main] DEBUG c.orderbook.OrderBook - [ORDERBOOK] ASK: Adding orderMktData(price=119,quantity=5600)
23:15:22.592 [main] DEBUG c.orderbook.OrderBook - [ORDERBOOK] ASK: Adding orderMktData(price=123,quantity=453)
23:15:22.592 [main] DEBUG c.orderbook.OrderBook - [ORDERBOOK] ASK: Adding orderMktData(price=144,quantity=645)
23:15:22.592 [main] DEBUG c.orderbook.OrderBook - [ORDERBOOK] ASK: Adding orderMktData(price=167,quantity=665)
23:15:22.592 [main] DEBUG c.service.MarketDataService - [ALGO] BID: price:43 quantity:134
23:15:22.592 [main] DEBUG c.service.MarketDataService - [ALGO] BID: price:76 quantity:145
23:15:22.592 [main] DEBUG c.service.MarketDataService - [ALGO] BID: price:91 quantity:300
23:15:22.592 [main] DEBUG c.service.MarketDataService - [ALGO] BID: price:93 quantity:200
23:15:22.592 [main] DEBUG c.service.MarketDataService - [ALGO] BID: price:95 quantity:100
23:15:22.592 [main] DEBUG c.service.MarketDataService - [ALGO] BID: price:98 quantity:154
23:15:22.592 [main] DEBUG c.service.MarketDataService - [ALGO] ASK: price:98 quantity:501
23:15:22.592 [main] DEBUG c.service.MarketDataService - [ALGO] ASK: price:101 quantity:200
23:15:22.592 [main] DEBUG c.service.MarketDataService - [ALGO] ASK: price:110 quantity:5000
23:15:22.592 [main] DEBUG c.service.MarketDataService - [ALGO] ASK: price:119 quantity:5600
23:15:22.592 [main] DEBUG c.service.MarketDataService - [ALGO] ASK: price:123 quantity:453
23:15:22.592 [main] DEBUG c.service.MarketDataService - [ALGO] ASK: price:144 quantity:645
23:15:22.592 [main] DEBUG c.service.MarketDataService - [ALGO] ASK: price:167 quantity:665
23:15:22.592 [main] INFO  c.gettingstarted.MyAlgoLogic - [MYALGO] The state of the order book is:
|----BID-----||----ASK----|
    134 @ 43    501 @ 98
    145 @ 76   200 @ 101
    300 @ 91  5000 @ 110
    200 @ 93  5600 @ 119
    100 @ 95   453 @ 123
    154 @ 98   645 @ 144
          -    665 @ 167
|------------||-----------|

23:15:22.592 [main] INFO  c.gettingstarted.MyAlgoLogic - [MYALGO] Algo Sees Book as: 
|----BID-----||----ASK----|
    134 @ 43    501 @ 98
    145 @ 76   200 @ 101
    300 @ 91  5000 @ 110
    200 @ 93  5600 @ 119
    100 @ 95   453 @ 123
    154 @ 98   645 @ 144
          -    665 @ 167
|------------||-----------|

23:15:22.592 [main] INFO  c.gettingstarted.TimedLogic - [TIMEDLOGIC] Market is closed
23:15:22.593 [main] INFO  c.sequencer.consumer.LoggingConsumer - [227] 
|----BID-----|
    134 @ 43
    145 @ 76
    300 @ 91
    200 @ 93
    100 @ 95
    154 @ 98
|----ASK-----|
    501 @ 98
   200 @ 101
  5000 @ 110
  5600 @ 119
   453 @ 123
   645 @ 144
   665 @ 167

23:15:22.593 [main] INFO  c.orderbook.OrderBook - [ORDERBOOK] Processing Mkt Data Update
23:15:22.593 [main] INFO  c.o.v.MutatingRemoveAllMarketDataOrdersVisitor - [ORDERBOOK] Removing market data order:MktData(price=43,quantity=134)
23:15:22.593 [main] INFO  c.o.v.MutatingRemoveAllMarketDataOrdersVisitor - [ORDERBOOK] Removing level:43
23:15:22.593 [main] DEBUG c.orderbook.OrderBook - [ORDERBOOK] ASK: Adding orderMktData(price=43,quantity=134)
23:15:22.593 [main] DEBUG c.orderbook.OrderBook - [ORDERBOOK] ASK: Adding orderMktData(price=76,quantity=145)
23:15:22.593 [main] DEBUG c.orderbook.OrderBook - [ORDERBOOK] ASK: Adding orderMktData(price=91,quantity=300)
23:15:22.593 [main] DEBUG c.orderbook.OrderBook - [ORDERBOOK] ASK: Adding orderMktData(price=93,quantity=200)
23:15:22.593 [main] DEBUG c.orderbook.OrderBook - [ORDERBOOK] ASK: Adding orderMktData(price=95,quantity=100)
23:15:22.593 [main] DEBUG c.orderbook.OrderBook - [ORDERBOOK] ASK: Adding orderMktData(price=98,quantity=154)
23:15:22.593 [main] INFO  c.o.v.MutatingMatchOneMarketDataOrderVisitor - [ORDERBOOK] visiting LevelOrderBookLevel(price=43,quantity=134)
23:15:22.593 [main] INFO  c.o.v.MutatingMatchOneMarketDataOrderVisitor - [ORDERBOOK] Can't match order:MktData(price=43,quantity=134)(MktData(price=98,quantity=154))
23:15:22.593 [main] INFO  c.o.v.MutatingRemoveAllMarketDataOrdersVisitor - [ORDERBOOK] Removing market data order:MktData(price=98,quantity=501)
23:15:22.593 [main] INFO  c.o.v.MutatingRemoveAllMarketDataOrdersVisitor - [ORDERBOOK] Removing level:98
23:15:22.593 [main] INFO  c.o.v.MutatingRemoveAllMarketDataOrdersVisitor - [ORDERBOOK] Removing market data order:MktData(price=101,quantity=200)
23:15:22.593 [main] INFO  c.o.v.MutatingRemoveAllMarketDataOrdersVisitor - [ORDERBOOK] Removing level:101
23:15:22.593 [main] INFO  c.o.v.MutatingRemoveAllMarketDataOrdersVisitor - [ORDERBOOK] Removing market data order:MktData(price=110,quantity=5000)
23:15:22.593 [main] INFO  c.o.v.MutatingRemoveAllMarketDataOrdersVisitor - [ORDERBOOK] Removing level:110
23:15:22.593 [main] INFO  c.o.v.MutatingRemoveAllMarketDataOrdersVisitor - [ORDERBOOK] Removing market data order:MktData(price=119,quantity=5600)
23:15:22.593 [main] INFO  c.o.v.MutatingRemoveAllMarketDataOrdersVisitor - [ORDERBOOK] Removing level:119
23:15:22.593 [main] INFO  c.o.v.MutatingRemoveAllMarketDataOrdersVisitor - [ORDERBOOK] Removing market data order:MktData(price=123,quantity=453)
23:15:22.593 [main] INFO  c.o.v.MutatingRemoveAllMarketDataOrdersVisitor - [ORDERBOOK] Removing level:123
23:15:22.593 [main] INFO  c.o.v.MutatingRemoveAllMarketDataOrdersVisitor - [ORDERBOOK] Removing market data order:MktData(price=144,quantity=645)
23:15:22.593 [main] INFO  c.o.v.MutatingRemoveAllMarketDataOrdersVisitor - [ORDERBOOK] Removing level:144
23:15:22.593 [main] INFO  c.o.v.MutatingRemoveAllMarketDataOrdersVisitor - [ORDERBOOK] Removing market data order:MktData(price=167,quantity=665)
23:15:22.593 [main] INFO  c.o.v.MutatingRemoveAllMarketDataOrdersVisitor - [ORDERBOOK] Removing level:167
23:15:22.593 [main] DEBUG c.orderbook.OrderBook - [ORDERBOOK] ASK: Adding orderMktData(price=98,quantity=501)
23:15:22.593 [main] DEBUG c.orderbook.OrderBook - [ORDERBOOK] ASK: Adding orderMktData(price=101,quantity=200)
23:15:22.593 [main] DEBUG c.orderbook.OrderBook - [ORDERBOOK] ASK: Adding orderMktData(price=110,quantity=5000)
23:15:22.593 [main] DEBUG c.orderbook.OrderBook - [ORDERBOOK] ASK: Adding orderMktData(price=119,quantity=5600)
23:15:22.593 [main] DEBUG c.orderbook.OrderBook - [ORDERBOOK] ASK: Adding orderMktData(price=123,quantity=453)
23:15:22.593 [main] DEBUG c.orderbook.OrderBook - [ORDERBOOK] ASK: Adding orderMktData(price=144,quantity=645)
23:15:22.593 [main] DEBUG c.orderbook.OrderBook - [ORDERBOOK] ASK: Adding orderMktData(price=167,quantity=665)
23:15:22.593 [main] DEBUG c.service.MarketDataService - [ALGO] BID: price:43 quantity:134
23:15:22.593 [main] DEBUG c.service.MarketDataService - [ALGO] BID: price:76 quantity:145
23:15:22.593 [main] DEBUG c.service.MarketDataService - [ALGO] BID: price:91 quantity:300
23:15:22.593 [main] DEBUG c.service.MarketDataService - [ALGO] BID: price:93 quantity:200
23:15:22.593 [main] DEBUG c.service.MarketDataService - [ALGO] BID: price:95 quantity:100
23:15:22.593 [main] DEBUG c.service.MarketDataService - [ALGO] BID: price:98 quantity:154
23:15:22.593 [main] DEBUG c.service.MarketDataService - [ALGO] ASK: price:98 quantity:501
23:15:22.593 [main] DEBUG c.service.MarketDataService - [ALGO] ASK: price:101 quantity:200
23:15:22.593 [main] DEBUG c.service.MarketDataService - [ALGO] ASK: price:110 quantity:5000
23:15:22.593 [main] DEBUG c.service.MarketDataService - [ALGO] ASK: price:119 quantity:5600
23:15:22.593 [main] DEBUG c.service.MarketDataService - [ALGO] ASK: price:123 quantity:453
23:15:22.593 [main] DEBUG c.service.MarketDataService - [ALGO] ASK: price:144 quantity:645
23:15:22.593 [main] DEBUG c.service.MarketDataService - [ALGO] ASK: price:167 quantity:665
23:15:22.593 [main] INFO  c.gettingstarted.MyAlgoLogic - [MYALGO] The state of the order book is:
|----BID-----||----ASK----|
    134 @ 43    501 @ 98
    145 @ 76   200 @ 101
    300 @ 91  5000 @ 110
    200 @ 93  5600 @ 119
    100 @ 95   453 @ 123
    154 @ 98   645 @ 144
          -    665 @ 167
|------------||-----------|

23:15:22.593 [main] INFO  c.gettingstarted.MyAlgoLogic - [MYALGO] Algo Sees Book as: 
|----BID-----||----ASK----|
    134 @ 43    501 @ 98
    145 @ 76   200 @ 101
    300 @ 91  5000 @ 110
    200 @ 93  5600 @ 119
    100 @ 95   453 @ 123
    154 @ 98   645 @ 144
          -    665 @ 167
|------------||-----------|

23:15:22.593 [main] INFO  c.gettingstarted.TimedLogic - [TIMEDLOGIC] Market is closed
23:15:22.593 [main] INFO  c.sequencer.consumer.LoggingConsumer - [228] 
|----BID-----|
    134 @ 43
    145 @ 76
    300 @ 91
    200 @ 93
    100 @ 95
    154 @ 98
|----ASK-----|
    501 @ 98
   200 @ 101
  5000 @ 110
  5600 @ 119
   453 @ 123
   645 @ 144
   665 @ 167

23:15:22.593 [main] INFO  c.orderbook.OrderBook - [ORDERBOOK] Processing Mkt Data Update
23:15:22.593 [main] INFO  c.o.v.MutatingRemoveAllMarketDataOrdersVisitor - [ORDERBOOK] Removing market data order:MktData(price=43,quantity=134)
23:15:22.593 [main] INFO  c.o.v.MutatingRemoveAllMarketDataOrdersVisitor - [ORDERBOOK] Removing level:43
23:15:22.593 [main] DEBUG c.orderbook.OrderBook - [ORDERBOOK] ASK: Adding orderMktData(price=43,quantity=134)
23:15:22.593 [main] DEBUG c.orderbook.OrderBook - [ORDERBOOK] ASK: Adding orderMktData(price=76,quantity=145)
23:15:22.593 [main] DEBUG c.orderbook.OrderBook - [ORDERBOOK] ASK: Adding orderMktData(price=91,quantity=300)
23:15:22.593 [main] DEBUG c.orderbook.OrderBook - [ORDERBOOK] ASK: Adding orderMktData(price=93,quantity=200)
23:15:22.593 [main] DEBUG c.orderbook.OrderBook - [ORDERBOOK] ASK: Adding orderMktData(price=95,quantity=100)
23:15:22.593 [main] DEBUG c.orderbook.OrderBook - [ORDERBOOK] ASK: Adding orderMktData(price=98,quantity=154)
23:15:22.593 [main] INFO  c.o.v.MutatingMatchOneMarketDataOrderVisitor - [ORDERBOOK] visiting LevelOrderBookLevel(price=43,quantity=134)
23:15:22.593 [main] INFO  c.o.v.MutatingMatchOneMarketDataOrderVisitor - [ORDERBOOK] Can't match order:MktData(price=43,quantity=134)(MktData(price=98,quantity=154))
23:15:22.593 [main] INFO  c.o.v.MutatingRemoveAllMarketDataOrdersVisitor - [ORDERBOOK] Removing market data order:MktData(price=98,quantity=501)
23:15:22.596 [main] INFO  c.o.v.MutatingRemoveAllMarketDataOrdersVisitor - [ORDERBOOK] Removing level:98
23:15:22.596 [main] INFO  c.o.v.MutatingRemoveAllMarketDataOrdersVisitor - [ORDERBOOK] Removing market data order:MktData(price=101,quantity=200)
23:15:22.596 [main] INFO  c.o.v.MutatingRemoveAllMarketDataOrdersVisitor - [ORDERBOOK] Removing level:101
23:15:22.596 [main] INFO  c.o.v.MutatingRemoveAllMarketDataOrdersVisitor - [ORDERBOOK] Removing market data order:MktData(price=110,quantity=5000)
23:15:22.596 [main] INFO  c.o.v.MutatingRemoveAllMarketDataOrdersVisitor - [ORDERBOOK] Removing level:110
23:15:22.596 [main] INFO  c.o.v.MutatingRemoveAllMarketDataOrdersVisitor - [ORDERBOOK] Removing market data order:MktData(price=119,quantity=5600)
23:15:22.596 [main] INFO  c.o.v.MutatingRemoveAllMarketDataOrdersVisitor - [ORDERBOOK] Removing level:119
23:15:22.596 [main] INFO  c.o.v.MutatingRemoveAllMarketDataOrdersVisitor - [ORDERBOOK] Removing market data order:MktData(price=123,quantity=453)
23:15:22.596 [main] INFO  c.o.v.MutatingRemoveAllMarketDataOrdersVisitor - [ORDERBOOK] Removing level:123
23:15:22.596 [main] INFO  c.o.v.MutatingRemoveAllMarketDataOrdersVisitor - [ORDERBOOK] Removing market data order:MktData(price=144,quantity=645)
23:15:22.596 [main] INFO  c.o.v.MutatingRemoveAllMarketDataOrdersVisitor - [ORDERBOOK] Removing level:144
23:15:22.596 [main] INFO  c.o.v.MutatingRemoveAllMarketDataOrdersVisitor - [ORDERBOOK] Removing market data order:MktData(price=167,quantity=665)
23:15:22.596 [main] INFO  c.o.v.MutatingRemoveAllMarketDataOrdersVisitor - [ORDERBOOK] Removing level:167
23:15:22.596 [main] DEBUG c.orderbook.OrderBook - [ORDERBOOK] ASK: Adding orderMktData(price=98,quantity=501)
23:15:22.596 [main] DEBUG c.orderbook.OrderBook - [ORDERBOOK] ASK: Adding orderMktData(price=101,quantity=200)
23:15:22.596 [main] DEBUG c.orderbook.OrderBook - [ORDERBOOK] ASK: Adding orderMktData(price=110,quantity=5000)
23:15:22.596 [main] DEBUG c.orderbook.OrderBook - [ORDERBOOK] ASK: Adding orderMktData(price=119,quantity=5600)
23:15:22.596 [main] DEBUG c.orderbook.OrderBook - [ORDERBOOK] ASK: Adding orderMktData(price=123,quantity=453)
23:15:22.596 [main] DEBUG c.orderbook.OrderBook - [ORDERBOOK] ASK: Adding orderMktData(price=144,quantity=645)
23:15:22.596 [main] DEBUG c.orderbook.OrderBook - [ORDERBOOK] ASK: Adding orderMktData(price=167,quantity=665)
23:15:22.596 [main] DEBUG c.service.MarketDataService - [ALGO] BID: price:43 quantity:134
23:15:22.596 [main] DEBUG c.service.MarketDataService - [ALGO] BID: price:76 quantity:145
23:15:22.596 [main] DEBUG c.service.MarketDataService - [ALGO] BID: price:91 quantity:300
23:15:22.596 [main] DEBUG c.service.MarketDataService - [ALGO] BID: price:93 quantity:200
23:15:22.596 [main] DEBUG c.service.MarketDataService - [ALGO] BID: price:95 quantity:100
23:15:22.596 [main] DEBUG c.service.MarketDataService - [ALGO] BID: price:98 quantity:154
23:15:22.596 [main] DEBUG c.service.MarketDataService - [ALGO] ASK: price:98 quantity:501
23:15:22.596 [main] DEBUG c.service.MarketDataService - [ALGO] ASK: price:101 quantity:200
23:15:22.596 [main] DEBUG c.service.MarketDataService - [ALGO] ASK: price:110 quantity:5000
23:15:22.596 [main] DEBUG c.service.MarketDataService - [ALGO] ASK: price:119 quantity:5600
23:15:22.596 [main] DEBUG c.service.MarketDataService - [ALGO] ASK: price:123 quantity:453
23:15:22.596 [main] DEBUG c.service.MarketDataService - [ALGO] ASK: price:144 quantity:645
23:15:22.596 [main] DEBUG c.service.MarketDataService - [ALGO] ASK: price:167 quantity:665
23:15:22.596 [main] INFO  c.gettingstarted.MyAlgoLogic - [MYALGO] The state of the order book is:
|----BID-----||----ASK----|
    134 @ 43    501 @ 98
    145 @ 76   200 @ 101
    300 @ 91  5000 @ 110
    200 @ 93  5600 @ 119
    100 @ 95   453 @ 123
    154 @ 98   645 @ 144
          -    665 @ 167
|------------||-----------|

23:15:22.596 [main] INFO  c.gettingstarted.MyAlgoLogic - [MYALGO] Algo Sees Book as: 
|----BID-----||----ASK----|
    134 @ 43    501 @ 98
    145 @ 76   200 @ 101
    300 @ 91  5000 @ 110
    200 @ 93  5600 @ 119
    100 @ 95   453 @ 123
    154 @ 98   645 @ 144
          -    665 @ 167
|------------||-----------|

23:15:22.596 [main] INFO  c.gettingstarted.TimedLogic - [TIMEDLOGIC] Market is closed
23:15:22.596 [main] INFO  c.sequencer.consumer.LoggingConsumer - [229] 
|----BID-----|
    134 @ 43
    145 @ 76
    300 @ 91
    200 @ 93
    100 @ 95
    154 @ 98
|----ASK-----|
    501 @ 98
   200 @ 101
  5000 @ 110
  5600 @ 119
   453 @ 123
   645 @ 144
   665 @ 167

23:15:22.596 [main] INFO  c.orderbook.OrderBook - [ORDERBOOK] Processing Mkt Data Update
23:15:22.596 [main] INFO  c.o.v.MutatingRemoveAllMarketDataOrdersVisitor - [ORDERBOOK] Removing market data order:MktData(price=43,quantity=134)
23:15:22.596 [main] INFO  c.o.v.MutatingRemoveAllMarketDataOrdersVisitor - [ORDERBOOK] Removing level:43
23:15:22.596 [main] DEBUG c.orderbook.OrderBook - [ORDERBOOK] ASK: Adding orderMktData(price=43,quantity=134)
23:15:22.596 [main] DEBUG c.orderbook.OrderBook - [ORDERBOOK] ASK: Adding orderMktData(price=76,quantity=145)
23:15:22.596 [main] DEBUG c.orderbook.OrderBook - [ORDERBOOK] ASK: Adding orderMktData(price=91,quantity=300)
23:15:22.596 [main] DEBUG c.orderbook.OrderBook - [ORDERBOOK] ASK: Adding orderMktData(price=93,quantity=200)
23:15:22.596 [main] DEBUG c.orderbook.OrderBook - [ORDERBOOK] ASK: Adding orderMktData(price=95,quantity=100)
23:15:22.596 [main] DEBUG c.orderbook.OrderBook - [ORDERBOOK] ASK: Adding orderMktData(price=98,quantity=154)
23:15:22.596 [main] INFO  c.o.v.MutatingMatchOneMarketDataOrderVisitor - [ORDERBOOK] visiting LevelOrderBookLevel(price=43,quantity=134)
23:15:22.596 [main] INFO  c.o.v.MutatingMatchOneMarketDataOrderVisitor - [ORDERBOOK] Can't match order:MktData(price=43,quantity=134)(MktData(price=98,quantity=154))
23:15:22.596 [main] INFO  c.o.v.MutatingRemoveAllMarketDataOrdersVisitor - [ORDERBOOK] Removing market data order:MktData(price=98,quantity=501)
23:15:22.596 [main] INFO  c.o.v.MutatingRemoveAllMarketDataOrdersVisitor - [ORDERBOOK] Removing level:98
23:15:22.596 [main] INFO  c.o.v.MutatingRemoveAllMarketDataOrdersVisitor - [ORDERBOOK] Removing market data order:MktData(price=101,quantity=200)
23:15:22.596 [main] INFO  c.o.v.MutatingRemoveAllMarketDataOrdersVisitor - [ORDERBOOK] Removing level:101
23:15:22.596 [main] INFO  c.o.v.MutatingRemoveAllMarketDataOrdersVisitor - [ORDERBOOK] Removing market data order:MktData(price=110,quantity=5000)
23:15:22.596 [main] INFO  c.o.v.MutatingRemoveAllMarketDataOrdersVisitor - [ORDERBOOK] Removing level:110
23:15:22.596 [main] INFO  c.o.v.MutatingRemoveAllMarketDataOrdersVisitor - [ORDERBOOK] Removing market data order:MktData(price=119,quantity=5600)
23:15:22.596 [main] INFO  c.o.v.MutatingRemoveAllMarketDataOrdersVisitor - [ORDERBOOK] Removing level:119
23:15:22.596 [main] INFO  c.o.v.MutatingRemoveAllMarketDataOrdersVisitor - [ORDERBOOK] Removing market data order:MktData(price=123,quantity=453)
23:15:22.596 [main] INFO  c.o.v.MutatingRemoveAllMarketDataOrdersVisitor - [ORDERBOOK] Removing level:123
23:15:22.596 [main] INFO  c.o.v.MutatingRemoveAllMarketDataOrdersVisitor - [ORDERBOOK] Removing market data order:MktData(price=144,quantity=645)
23:15:22.596 [main] INFO  c.o.v.MutatingRemoveAllMarketDataOrdersVisitor - [ORDERBOOK] Removing level:144
23:15:22.596 [main] INFO  c.o.v.MutatingRemoveAllMarketDataOrdersVisitor - [ORDERBOOK] Removing market data order:MktData(price=167,quantity=665)
23:15:22.596 [main] INFO  c.o.v.MutatingRemoveAllMarketDataOrdersVisitor - [ORDERBOOK] Removing level:167
23:15:22.596 [main] DEBUG c.orderbook.OrderBook - [ORDERBOOK] ASK: Adding orderMktData(price=98,quantity=501)
23:15:22.596 [main] DEBUG c.orderbook.OrderBook - [ORDERBOOK] ASK: Adding orderMktData(price=101,quantity=200)
23:15:22.596 [main] DEBUG c.orderbook.OrderBook - [ORDERBOOK] ASK: Adding orderMktData(price=110,quantity=5000)
23:15:22.596 [main] DEBUG c.orderbook.OrderBook - [ORDERBOOK] ASK: Adding orderMktData(price=119,quantity=5600)
23:15:22.596 [main] DEBUG c.orderbook.OrderBook - [ORDERBOOK] ASK: Adding orderMktData(price=123,quantity=453)
23:15:22.596 [main] DEBUG c.orderbook.OrderBook - [ORDERBOOK] ASK: Adding orderMktData(price=144,quantity=645)
23:15:22.596 [main] DEBUG c.orderbook.OrderBook - [ORDERBOOK] ASK: Adding orderMktData(price=167,quantity=665)
23:15:22.596 [main] DEBUG c.service.MarketDataService - [ALGO] BID: price:43 quantity:134
23:15:22.596 [main] DEBUG c.service.MarketDataService - [ALGO] BID: price:76 quantity:145
23:15:22.596 [main] DEBUG c.service.MarketDataService - [ALGO] BID: price:91 quantity:300
23:15:22.596 [main] DEBUG c.service.MarketDataService - [ALGO] BID: price:93 quantity:200
23:15:22.596 [main] DEBUG c.service.MarketDataService - [ALGO] BID: price:95 quantity:100
23:15:22.596 [main] DEBUG c.service.MarketDataService - [ALGO] BID: price:98 quantity:154
23:15:22.596 [main] DEBUG c.service.MarketDataService - [ALGO] ASK: price:98 quantity:501
23:15:22.596 [main] DEBUG c.service.MarketDataService - [ALGO] ASK: price:101 quantity:200
23:15:22.596 [main] DEBUG c.service.MarketDataService - [ALGO] ASK: price:110 quantity:5000
23:15:22.596 [main] DEBUG c.service.MarketDataService - [ALGO] ASK: price:119 quantity:5600
23:15:22.596 [main] DEBUG c.service.MarketDataService - [ALGO] ASK: price:123 quantity:453
23:15:22.596 [main] DEBUG c.service.MarketDataService - [ALGO] ASK: price:144 quantity:645
23:15:22.596 [main] DEBUG c.service.MarketDataService - [ALGO] ASK: price:167 quantity:665
23:15:22.596 [main] INFO  c.gettingstarted.MyAlgoLogic - [MYALGO] The state of the order book is:
|----BID-----||----ASK----|
    134 @ 43    501 @ 98
    145 @ 76   200 @ 101
    300 @ 91  5000 @ 110
    200 @ 93  5600 @ 119
    100 @ 95   453 @ 123
    154 @ 98   645 @ 144
          -    665 @ 167
|------------||-----------|

23:15:22.596 [main] INFO  c.gettingstarted.MyAlgoLogic - [MYALGO] Algo Sees Book as: 
|----BID-----||----ASK----|
    134 @ 43    501 @ 98
    145 @ 76   200 @ 101
    300 @ 91  5000 @ 110
    200 @ 93  5600 @ 119
    100 @ 95   453 @ 123
    154 @ 98   645 @ 144
          -    665 @ 167
|------------||-----------|

23:15:22.597 [main] INFO  c.gettingstarted.TimedLogic - [TIMEDLOGIC] Market is closed
23:15:22.597 [main] INFO  c.sequencer.consumer.LoggingConsumer - [230] 
|----BID-----|
    134 @ 43
    145 @ 76
    300 @ 91
    200 @ 93
    100 @ 95
    154 @ 98
|----ASK-----|
    501 @ 98
   200 @ 101
  5000 @ 110
  5600 @ 119
   453 @ 123
   645 @ 144
   665 @ 167

23:15:22.597 [main] INFO  c.orderbook.OrderBook - [ORDERBOOK] Processing Mkt Data Update
23:15:22.597 [main] INFO  c.o.v.MutatingRemoveAllMarketDataOrdersVisitor - [ORDERBOOK] Removing market data order:MktData(price=43,quantity=134)
23:15:22.597 [main] INFO  c.o.v.MutatingRemoveAllMarketDataOrdersVisitor - [ORDERBOOK] Removing level:43
23:15:22.597 [main] DEBUG c.orderbook.OrderBook - [ORDERBOOK] ASK: Adding orderMktData(price=43,quantity=134)
23:15:22.597 [main] DEBUG c.orderbook.OrderBook - [ORDERBOOK] ASK: Adding orderMktData(price=76,quantity=145)
23:15:22.597 [main] DEBUG c.orderbook.OrderBook - [ORDERBOOK] ASK: Adding orderMktData(price=91,quantity=300)
23:15:22.597 [main] DEBUG c.orderbook.OrderBook - [ORDERBOOK] ASK: Adding orderMktData(price=93,quantity=200)
23:15:22.597 [main] DEBUG c.orderbook.OrderBook - [ORDERBOOK] ASK: Adding orderMktData(price=95,quantity=100)
23:15:22.597 [main] DEBUG c.orderbook.OrderBook - [ORDERBOOK] ASK: Adding orderMktData(price=98,quantity=154)
23:15:22.597 [main] INFO  c.o.v.MutatingMatchOneMarketDataOrderVisitor - [ORDERBOOK] visiting LevelOrderBookLevel(price=43,quantity=134)
23:15:22.597 [main] INFO  c.o.v.MutatingMatchOneMarketDataOrderVisitor - [ORDERBOOK] Can't match order:MktData(price=43,quantity=134)(MktData(price=98,quantity=154))
23:15:22.597 [main] INFO  c.o.v.MutatingRemoveAllMarketDataOrdersVisitor - [ORDERBOOK] Removing market data order:MktData(price=98,quantity=501)
23:15:22.597 [main] INFO  c.o.v.MutatingRemoveAllMarketDataOrdersVisitor - [ORDERBOOK] Removing level:98
23:15:22.597 [main] INFO  c.o.v.MutatingRemoveAllMarketDataOrdersVisitor - [ORDERBOOK] Removing market data order:MktData(price=101,quantity=200)
23:15:22.597 [main] INFO  c.o.v.MutatingRemoveAllMarketDataOrdersVisitor - [ORDERBOOK] Removing level:101
23:15:22.597 [main] INFO  c.o.v.MutatingRemoveAllMarketDataOrdersVisitor - [ORDERBOOK] Removing market data order:MktData(price=110,quantity=5000)
23:15:22.597 [main] INFO  c.o.v.MutatingRemoveAllMarketDataOrdersVisitor - [ORDERBOOK] Removing level:110
23:15:22.597 [main] INFO  c.o.v.MutatingRemoveAllMarketDataOrdersVisitor - [ORDERBOOK] Removing market data order:MktData(price=119,quantity=5600)
23:15:22.597 [main] INFO  c.o.v.MutatingRemoveAllMarketDataOrdersVisitor - [ORDERBOOK] Removing level:119
23:15:22.597 [main] INFO  c.o.v.MutatingRemoveAllMarketDataOrdersVisitor - [ORDERBOOK] Removing market data order:MktData(price=123,quantity=453)
23:15:22.597 [main] INFO  c.o.v.MutatingRemoveAllMarketDataOrdersVisitor - [ORDERBOOK] Removing level:123
23:15:22.597 [main] INFO  c.o.v.MutatingRemoveAllMarketDataOrdersVisitor - [ORDERBOOK] Removing market data order:MktData(price=144,quantity=645)
23:15:22.597 [main] INFO  c.o.v.MutatingRemoveAllMarketDataOrdersVisitor - [ORDERBOOK] Removing level:144
23:15:22.597 [main] INFO  c.o.v.MutatingRemoveAllMarketDataOrdersVisitor - [ORDERBOOK] Removing market data order:MktData(price=167,quantity=665)
23:15:22.597 [main] INFO  c.o.v.MutatingRemoveAllMarketDataOrdersVisitor - [ORDERBOOK] Removing level:167
23:15:22.597 [main] DEBUG c.orderbook.OrderBook - [ORDERBOOK] ASK: Adding orderMktData(price=98,quantity=501)
23:15:22.597 [main] DEBUG c.orderbook.OrderBook - [ORDERBOOK] ASK: Adding orderMktData(price=101,quantity=200)
23:15:22.597 [main] DEBUG c.orderbook.OrderBook - [ORDERBOOK] ASK: Adding orderMktData(price=110,quantity=5000)
23:15:22.597 [main] DEBUG c.orderbook.OrderBook - [ORDERBOOK] ASK: Adding orderMktData(price=119,quantity=5600)
23:15:22.597 [main] DEBUG c.orderbook.OrderBook - [ORDERBOOK] ASK: Adding orderMktData(price=123,quantity=453)
23:15:22.597 [main] DEBUG c.orderbook.OrderBook - [ORDERBOOK] ASK: Adding orderMktData(price=144,quantity=645)
23:15:22.597 [main] DEBUG c.orderbook.OrderBook - [ORDERBOOK] ASK: Adding orderMktData(price=167,quantity=665)
23:15:22.597 [main] DEBUG c.service.MarketDataService - [ALGO] BID: price:43 quantity:134
23:15:22.597 [main] DEBUG c.service.MarketDataService - [ALGO] BID: price:76 quantity:145
23:15:22.597 [main] DEBUG c.service.MarketDataService - [ALGO] BID: price:91 quantity:300
23:15:22.597 [main] DEBUG c.service.MarketDataService - [ALGO] BID: price:93 quantity:200
23:15:22.597 [main] DEBUG c.service.MarketDataService - [ALGO] BID: price:95 quantity:100
23:15:22.597 [main] DEBUG c.service.MarketDataService - [ALGO] BID: price:98 quantity:154
23:15:22.597 [main] DEBUG c.service.MarketDataService - [ALGO] ASK: price:98 quantity:501
23:15:22.597 [main] DEBUG c.service.MarketDataService - [ALGO] ASK: price:101 quantity:200
23:15:22.597 [main] DEBUG c.service.MarketDataService - [ALGO] ASK: price:110 quantity:5000
23:15:22.597 [main] DEBUG c.service.MarketDataService - [ALGO] ASK: price:119 quantity:5600
23:15:22.597 [main] DEBUG c.service.MarketDataService - [ALGO] ASK: price:123 quantity:453
23:15:22.597 [main] DEBUG c.service.MarketDataService - [ALGO] ASK: price:144 quantity:645
23:15:22.597 [main] DEBUG c.service.MarketDataService - [ALGO] ASK: price:167 quantity:665
23:15:22.598 [main] INFO  c.gettingstarted.MyAlgoLogic - [MYALGO] The state of the order book is:
|----BID-----||----ASK----|
    134 @ 43    501 @ 98
    145 @ 76   200 @ 101
    300 @ 91  5000 @ 110
    200 @ 93  5600 @ 119
    100 @ 95   453 @ 123
    154 @ 98   645 @ 144
          -    665 @ 167
|------------||-----------|

23:15:22.598 [main] INFO  c.gettingstarted.MyAlgoLogic - [MYALGO] Algo Sees Book as: 
|----BID-----||----ASK----|
    134 @ 43    501 @ 98
    145 @ 76   200 @ 101
    300 @ 91  5000 @ 110
    200 @ 93  5600 @ 119
    100 @ 95   453 @ 123
    154 @ 98   645 @ 144
          -    665 @ 167
|------------||-----------|

23:15:22.598 [main] INFO  c.gettingstarted.TimedLogic - [TIMEDLOGIC] Market is closed
23:15:22.598 [main] INFO  c.sequencer.consumer.LoggingConsumer - [231] 
|----BID-----|
    134 @ 43
    145 @ 76
    300 @ 91
    200 @ 93
    100 @ 95
    154 @ 98
|----ASK-----|
    501 @ 98
   200 @ 101
  5000 @ 110
  5600 @ 119
   453 @ 123
   645 @ 144
   665 @ 167

23:15:22.598 [main] INFO  c.orderbook.OrderBook - [ORDERBOOK] Processing Mkt Data Update
23:15:22.598 [main] INFO  c.o.v.MutatingRemoveAllMarketDataOrdersVisitor - [ORDERBOOK] Removing market data order:MktData(price=43,quantity=134)
23:15:22.598 [main] INFO  c.o.v.MutatingRemoveAllMarketDataOrdersVisitor - [ORDERBOOK] Removing level:43
23:15:22.598 [main] DEBUG c.orderbook.OrderBook - [ORDERBOOK] ASK: Adding orderMktData(price=43,quantity=134)
23:15:22.598 [main] DEBUG c.orderbook.OrderBook - [ORDERBOOK] ASK: Adding orderMktData(price=76,quantity=145)
23:15:22.598 [main] DEBUG c.orderbook.OrderBook - [ORDERBOOK] ASK: Adding orderMktData(price=91,quantity=300)
23:15:22.598 [main] DEBUG c.orderbook.OrderBook - [ORDERBOOK] ASK: Adding orderMktData(price=93,quantity=200)
23:15:22.598 [main] DEBUG c.orderbook.OrderBook - [ORDERBOOK] ASK: Adding orderMktData(price=95,quantity=100)
23:15:22.598 [main] DEBUG c.orderbook.OrderBook - [ORDERBOOK] ASK: Adding orderMktData(price=98,quantity=154)
23:15:22.598 [main] INFO  c.o.v.MutatingMatchOneMarketDataOrderVisitor - [ORDERBOOK] visiting LevelOrderBookLevel(price=43,quantity=134)
23:15:22.598 [main] INFO  c.o.v.MutatingMatchOneMarketDataOrderVisitor - [ORDERBOOK] Can't match order:MktData(price=43,quantity=134)(MktData(price=98,quantity=154))
23:15:22.598 [main] INFO  c.o.v.MutatingRemoveAllMarketDataOrdersVisitor - [ORDERBOOK] Removing market data order:MktData(price=98,quantity=501)
23:15:22.598 [main] INFO  c.o.v.MutatingRemoveAllMarketDataOrdersVisitor - [ORDERBOOK] Removing level:98
23:15:22.598 [main] INFO  c.o.v.MutatingRemoveAllMarketDataOrdersVisitor - [ORDERBOOK] Removing market data order:MktData(price=101,quantity=200)
23:15:22.598 [main] INFO  c.o.v.MutatingRemoveAllMarketDataOrdersVisitor - [ORDERBOOK] Removing level:101
23:15:22.598 [main] INFO  c.o.v.MutatingRemoveAllMarketDataOrdersVisitor - [ORDERBOOK] Removing market data order:MktData(price=110,quantity=5000)
23:15:22.598 [main] INFO  c.o.v.MutatingRemoveAllMarketDataOrdersVisitor - [ORDERBOOK] Removing level:110
23:15:22.598 [main] INFO  c.o.v.MutatingRemoveAllMarketDataOrdersVisitor - [ORDERBOOK] Removing market data order:MktData(price=119,quantity=5600)
23:15:22.598 [main] INFO  c.o.v.MutatingRemoveAllMarketDataOrdersVisitor - [ORDERBOOK] Removing level:119
23:15:22.598 [main] INFO  c.o.v.MutatingRemoveAllMarketDataOrdersVisitor - [ORDERBOOK] Removing market data order:MktData(price=123,quantity=453)
23:15:22.598 [main] INFO  c.o.v.MutatingRemoveAllMarketDataOrdersVisitor - [ORDERBOOK] Removing level:123
23:15:22.598 [main] INFO  c.o.v.MutatingRemoveAllMarketDataOrdersVisitor - [ORDERBOOK] Removing market data order:MktData(price=144,quantity=645)
23:15:22.598 [main] INFO  c.o.v.MutatingRemoveAllMarketDataOrdersVisitor - [ORDERBOOK] Removing level:144
23:15:22.598 [main] INFO  c.o.v.MutatingRemoveAllMarketDataOrdersVisitor - [ORDERBOOK] Removing market data order:MktData(price=167,quantity=665)
23:15:22.598 [main] INFO  c.o.v.MutatingRemoveAllMarketDataOrdersVisitor - [ORDERBOOK] Removing level:167
23:15:22.598 [main] DEBUG c.orderbook.OrderBook - [ORDERBOOK] ASK: Adding orderMktData(price=98,quantity=501)
23:15:22.598 [main] DEBUG c.orderbook.OrderBook - [ORDERBOOK] ASK: Adding orderMktData(price=101,quantity=200)
23:15:22.598 [main] DEBUG c.orderbook.OrderBook - [ORDERBOOK] ASK: Adding orderMktData(price=110,quantity=5000)
23:15:22.598 [main] DEBUG c.orderbook.OrderBook - [ORDERBOOK] ASK: Adding orderMktData(price=119,quantity=5600)
23:15:22.598 [main] DEBUG c.orderbook.OrderBook - [ORDERBOOK] ASK: Adding orderMktData(price=123,quantity=453)
23:15:22.598 [main] DEBUG c.orderbook.OrderBook - [ORDERBOOK] ASK: Adding orderMktData(price=144,quantity=645)
23:15:22.598 [main] DEBUG c.orderbook.OrderBook - [ORDERBOOK] ASK: Adding orderMktData(price=167,quantity=665)
23:15:22.598 [main] DEBUG c.service.MarketDataService - [ALGO] BID: price:43 quantity:134
23:15:22.598 [main] DEBUG c.service.MarketDataService - [ALGO] BID: price:76 quantity:145
23:15:22.598 [main] DEBUG c.service.MarketDataService - [ALGO] BID: price:91 quantity:300
23:15:22.598 [main] DEBUG c.service.MarketDataService - [ALGO] BID: price:93 quantity:200
23:15:22.598 [main] DEBUG c.service.MarketDataService - [ALGO] BID: price:95 quantity:100
23:15:22.598 [main] DEBUG c.service.MarketDataService - [ALGO] BID: price:98 quantity:154
23:15:22.598 [main] DEBUG c.service.MarketDataService - [ALGO] ASK: price:98 quantity:501
23:15:22.598 [main] DEBUG c.service.MarketDataService - [ALGO] ASK: price:101 quantity:200
23:15:22.598 [main] DEBUG c.service.MarketDataService - [ALGO] ASK: price:110 quantity:5000
23:15:22.598 [main] DEBUG c.service.MarketDataService - [ALGO] ASK: price:119 quantity:5600
23:15:22.598 [main] DEBUG c.service.MarketDataService - [ALGO] ASK: price:123 quantity:453
23:15:22.598 [main] DEBUG c.service.MarketDataService - [ALGO] ASK: price:144 quantity:645
23:15:22.598 [main] DEBUG c.service.MarketDataService - [ALGO] ASK: price:167 quantity:665
23:15:22.598 [main] INFO  c.gettingstarted.MyAlgoLogic - [MYALGO] The state of the order book is:
|----BID-----||----ASK----|
    134 @ 43    501 @ 98
    145 @ 76   200 @ 101
    300 @ 91  5000 @ 110
    200 @ 93  5600 @ 119
    100 @ 95   453 @ 123
    154 @ 98   645 @ 144
          -    665 @ 167
|------------||-----------|

23:15:22.598 [main] INFO  c.gettingstarted.MyAlgoLogic - [MYALGO] Algo Sees Book as: 
|----BID-----||----ASK----|
    134 @ 43    501 @ 98
    145 @ 76   200 @ 101
    300 @ 91  5000 @ 110
    200 @ 93  5600 @ 119
    100 @ 95   453 @ 123
    154 @ 98   645 @ 144
          -    665 @ 167
|------------||-----------|

23:15:22.598 [main] INFO  c.gettingstarted.TimedLogic - [TIMEDLOGIC] Market is closed
23:15:22.598 [main] INFO  c.sequencer.consumer.LoggingConsumer - [232] 
|----BID-----|
    134 @ 43
    145 @ 76
    300 @ 91
    200 @ 93
    100 @ 95
    154 @ 98
|----ASK-----|
    501 @ 98
   200 @ 101
  5000 @ 110
  5600 @ 119
   453 @ 123
   645 @ 144
   665 @ 167

23:15:22.598 [main] INFO  c.orderbook.OrderBook - [ORDERBOOK] Processing Mkt Data Update
23:15:22.598 [main] INFO  c.o.v.MutatingRemoveAllMarketDataOrdersVisitor - [ORDERBOOK] Removing market data order:MktData(price=43,quantity=134)
23:15:22.598 [main] INFO  c.o.v.MutatingRemoveAllMarketDataOrdersVisitor - [ORDERBOOK] Removing level:43
23:15:22.598 [main] DEBUG c.orderbook.OrderBook - [ORDERBOOK] ASK: Adding orderMktData(price=43,quantity=134)
23:15:22.598 [main] DEBUG c.orderbook.OrderBook - [ORDERBOOK] ASK: Adding orderMktData(price=76,quantity=145)
23:15:22.598 [main] DEBUG c.orderbook.OrderBook - [ORDERBOOK] ASK: Adding orderMktData(price=91,quantity=300)
23:15:22.598 [main] DEBUG c.orderbook.OrderBook - [ORDERBOOK] ASK: Adding orderMktData(price=93,quantity=200)
23:15:22.598 [main] DEBUG c.orderbook.OrderBook - [ORDERBOOK] ASK: Adding orderMktData(price=95,quantity=100)
23:15:22.598 [main] DEBUG c.orderbook.OrderBook - [ORDERBOOK] ASK: Adding orderMktData(price=98,quantity=154)
23:15:22.598 [main] INFO  c.o.v.MutatingMatchOneMarketDataOrderVisitor - [ORDERBOOK] visiting LevelOrderBookLevel(price=43,quantity=134)
23:15:22.598 [main] INFO  c.o.v.MutatingMatchOneMarketDataOrderVisitor - [ORDERBOOK] Can't match order:MktData(price=43,quantity=134)(MktData(price=98,quantity=154))
23:15:22.598 [main] INFO  c.o.v.MutatingRemoveAllMarketDataOrdersVisitor - [ORDERBOOK] Removing market data order:MktData(price=98,quantity=501)
23:15:22.598 [main] INFO  c.o.v.MutatingRemoveAllMarketDataOrdersVisitor - [ORDERBOOK] Removing level:98
23:15:22.598 [main] INFO  c.o.v.MutatingRemoveAllMarketDataOrdersVisitor - [ORDERBOOK] Removing market data order:MktData(price=101,quantity=200)
23:15:22.598 [main] INFO  c.o.v.MutatingRemoveAllMarketDataOrdersVisitor - [ORDERBOOK] Removing level:101
23:15:22.598 [main] INFO  c.o.v.MutatingRemoveAllMarketDataOrdersVisitor - [ORDERBOOK] Removing market data order:MktData(price=110,quantity=5000)
23:15:22.598 [main] INFO  c.o.v.MutatingRemoveAllMarketDataOrdersVisitor - [ORDERBOOK] Removing level:110
23:15:22.598 [main] INFO  c.o.v.MutatingRemoveAllMarketDataOrdersVisitor - [ORDERBOOK] Removing market data order:MktData(price=119,quantity=5600)
23:15:22.598 [main] INFO  c.o.v.MutatingRemoveAllMarketDataOrdersVisitor - [ORDERBOOK] Removing level:119
23:15:22.598 [main] INFO  c.o.v.MutatingRemoveAllMarketDataOrdersVisitor - [ORDERBOOK] Removing market data order:MktData(price=123,quantity=453)
23:15:22.598 [main] INFO  c.o.v.MutatingRemoveAllMarketDataOrdersVisitor - [ORDERBOOK] Removing level:123
23:15:22.598 [main] INFO  c.o.v.MutatingRemoveAllMarketDataOrdersVisitor - [ORDERBOOK] Removing market data order:MktData(price=144,quantity=645)
23:15:22.598 [main] INFO  c.o.v.MutatingRemoveAllMarketDataOrdersVisitor - [ORDERBOOK] Removing level:144
23:15:22.598 [main] INFO  c.o.v.MutatingRemoveAllMarketDataOrdersVisitor - [ORDERBOOK] Removing market data order:MktData(price=167,quantity=665)
23:15:22.598 [main] INFO  c.o.v.MutatingRemoveAllMarketDataOrdersVisitor - [ORDERBOOK] Removing level:167
23:15:22.599 [main] DEBUG c.orderbook.OrderBook - [ORDERBOOK] ASK: Adding orderMktData(price=98,quantity=501)
23:15:22.599 [main] DEBUG c.orderbook.OrderBook - [ORDERBOOK] ASK: Adding orderMktData(price=101,quantity=200)
23:15:22.599 [main] DEBUG c.orderbook.OrderBook - [ORDERBOOK] ASK: Adding orderMktData(price=110,quantity=5000)
23:15:22.599 [main] DEBUG c.orderbook.OrderBook - [ORDERBOOK] ASK: Adding orderMktData(price=119,quantity=5600)
23:15:22.599 [main] DEBUG c.orderbook.OrderBook - [ORDERBOOK] ASK: Adding orderMktData(price=123,quantity=453)
23:15:22.599 [main] DEBUG c.orderbook.OrderBook - [ORDERBOOK] ASK: Adding orderMktData(price=144,quantity=645)
23:15:22.599 [main] DEBUG c.orderbook.OrderBook - [ORDERBOOK] ASK: Adding orderMktData(price=167,quantity=665)
23:15:22.599 [main] DEBUG c.service.MarketDataService - [ALGO] BID: price:43 quantity:134
23:15:22.599 [main] DEBUG c.service.MarketDataService - [ALGO] BID: price:76 quantity:145
23:15:22.599 [main] DEBUG c.service.MarketDataService - [ALGO] BID: price:91 quantity:300
23:15:22.599 [main] DEBUG c.service.MarketDataService - [ALGO] BID: price:93 quantity:200
23:15:22.599 [main] DEBUG c.service.MarketDataService - [ALGO] BID: price:95 quantity:100
23:15:22.599 [main] DEBUG c.service.MarketDataService - [ALGO] BID: price:98 quantity:154
23:15:22.599 [main] DEBUG c.service.MarketDataService - [ALGO] ASK: price:98 quantity:501
23:15:22.599 [main] DEBUG c.service.MarketDataService - [ALGO] ASK: price:101 quantity:200
23:15:22.599 [main] DEBUG c.service.MarketDataService - [ALGO] ASK: price:110 quantity:5000
23:15:22.599 [main] DEBUG c.service.MarketDataService - [ALGO] ASK: price:119 quantity:5600
23:15:22.599 [main] DEBUG c.service.MarketDataService - [ALGO] ASK: price:123 quantity:453
23:15:22.599 [main] DEBUG c.service.MarketDataService - [ALGO] ASK: price:144 quantity:645
23:15:22.599 [main] DEBUG c.service.MarketDataService - [ALGO] ASK: price:167 quantity:665
23:15:22.599 [main] INFO  c.gettingstarted.MyAlgoLogic - [MYALGO] The state of the order book is:
|----BID-----||----ASK----|
    134 @ 43    501 @ 98
    145 @ 76   200 @ 101
    300 @ 91  5000 @ 110
    200 @ 93  5600 @ 119
    100 @ 95   453 @ 123
    154 @ 98   645 @ 144
          -    665 @ 167
|------------||-----------|

23:15:22.599 [main] INFO  c.gettingstarted.MyAlgoLogic - [MYALGO] Algo Sees Book as: 
|----BID-----||----ASK----|
    134 @ 43    501 @ 98
    145 @ 76   200 @ 101
    300 @ 91  5000 @ 110
    200 @ 93  5600 @ 119
    100 @ 95   453 @ 123
    154 @ 98   645 @ 144
          -    665 @ 167
|------------||-----------|

23:15:22.599 [main] INFO  c.gettingstarted.TimedLogic - [TIMEDLOGIC] Market is closed
23:15:22.599 [main] INFO  c.sequencer.consumer.LoggingConsumer - [233] 
|----BID-----|
    134 @ 43
    145 @ 76
    300 @ 91
    200 @ 93
    100 @ 95
    154 @ 98
|----ASK-----|
    501 @ 98
   200 @ 101
  5000 @ 110
  5600 @ 119
   453 @ 123
   645 @ 144
   665 @ 167

23:15:22.599 [main] INFO  c.orderbook.OrderBook - [ORDERBOOK] Processing Mkt Data Update
23:15:22.599 [main] INFO  c.o.v.MutatingRemoveAllMarketDataOrdersVisitor - [ORDERBOOK] Removing market data order:MktData(price=43,quantity=134)
23:15:22.599 [main] INFO  c.o.v.MutatingRemoveAllMarketDataOrdersVisitor - [ORDERBOOK] Removing level:43
23:15:22.599 [main] DEBUG c.orderbook.OrderBook - [ORDERBOOK] ASK: Adding orderMktData(price=43,quantity=134)
23:15:22.599 [main] DEBUG c.orderbook.OrderBook - [ORDERBOOK] ASK: Adding orderMktData(price=76,quantity=145)
23:15:22.599 [main] DEBUG c.orderbook.OrderBook - [ORDERBOOK] ASK: Adding orderMktData(price=91,quantity=300)
23:15:22.599 [main] DEBUG c.orderbook.OrderBook - [ORDERBOOK] ASK: Adding orderMktData(price=93,quantity=200)
23:15:22.599 [main] DEBUG c.orderbook.OrderBook - [ORDERBOOK] ASK: Adding orderMktData(price=95,quantity=100)
23:15:22.599 [main] DEBUG c.orderbook.OrderBook - [ORDERBOOK] ASK: Adding orderMktData(price=98,quantity=154)
23:15:22.599 [main] INFO  c.o.v.MutatingMatchOneMarketDataOrderVisitor - [ORDERBOOK] visiting LevelOrderBookLevel(price=43,quantity=134)
23:15:22.599 [main] INFO  c.o.v.MutatingMatchOneMarketDataOrderVisitor - [ORDERBOOK] Can't match order:MktData(price=43,quantity=134)(MktData(price=98,quantity=154))
23:15:22.599 [main] INFO  c.o.v.MutatingRemoveAllMarketDataOrdersVisitor - [ORDERBOOK] Removing market data order:MktData(price=98,quantity=501)
23:15:22.599 [main] INFO  c.o.v.MutatingRemoveAllMarketDataOrdersVisitor - [ORDERBOOK] Removing level:98
23:15:22.599 [main] INFO  c.o.v.MutatingRemoveAllMarketDataOrdersVisitor - [ORDERBOOK] Removing market data order:MktData(price=101,quantity=200)
23:15:22.599 [main] INFO  c.o.v.MutatingRemoveAllMarketDataOrdersVisitor - [ORDERBOOK] Removing level:101
23:15:22.599 [main] INFO  c.o.v.MutatingRemoveAllMarketDataOrdersVisitor - [ORDERBOOK] Removing market data order:MktData(price=110,quantity=5000)
23:15:22.599 [main] INFO  c.o.v.MutatingRemoveAllMarketDataOrdersVisitor - [ORDERBOOK] Removing level:110
23:15:22.599 [main] INFO  c.o.v.MutatingRemoveAllMarketDataOrdersVisitor - [ORDERBOOK] Removing market data order:MktData(price=119,quantity=5600)
23:15:22.599 [main] INFO  c.o.v.MutatingRemoveAllMarketDataOrdersVisitor - [ORDERBOOK] Removing level:119
23:15:22.599 [main] INFO  c.o.v.MutatingRemoveAllMarketDataOrdersVisitor - [ORDERBOOK] Removing market data order:MktData(price=123,quantity=453)
23:15:22.599 [main] INFO  c.o.v.MutatingRemoveAllMarketDataOrdersVisitor - [ORDERBOOK] Removing level:123
23:15:22.599 [main] INFO  c.o.v.MutatingRemoveAllMarketDataOrdersVisitor - [ORDERBOOK] Removing market data order:MktData(price=144,quantity=645)
23:15:22.599 [main] INFO  c.o.v.MutatingRemoveAllMarketDataOrdersVisitor - [ORDERBOOK] Removing level:144
23:15:22.599 [main] INFO  c.o.v.MutatingRemoveAllMarketDataOrdersVisitor - [ORDERBOOK] Removing market data order:MktData(price=167,quantity=665)
23:15:22.599 [main] INFO  c.o.v.MutatingRemoveAllMarketDataOrdersVisitor - [ORDERBOOK] Removing level:167
23:15:22.599 [main] DEBUG c.orderbook.OrderBook - [ORDERBOOK] ASK: Adding orderMktData(price=98,quantity=501)
23:15:22.599 [main] DEBUG c.orderbook.OrderBook - [ORDERBOOK] ASK: Adding orderMktData(price=101,quantity=200)
23:15:22.599 [main] DEBUG c.orderbook.OrderBook - [ORDERBOOK] ASK: Adding orderMktData(price=110,quantity=5000)
23:15:22.599 [main] DEBUG c.orderbook.OrderBook - [ORDERBOOK] ASK: Adding orderMktData(price=119,quantity=5600)
23:15:22.599 [main] DEBUG c.orderbook.OrderBook - [ORDERBOOK] ASK: Adding orderMktData(price=123,quantity=453)
23:15:22.599 [main] DEBUG c.orderbook.OrderBook - [ORDERBOOK] ASK: Adding orderMktData(price=144,quantity=645)
23:15:22.599 [main] DEBUG c.orderbook.OrderBook - [ORDERBOOK] ASK: Adding orderMktData(price=167,quantity=665)
23:15:22.599 [main] DEBUG c.service.MarketDataService - [ALGO] BID: price:43 quantity:134
23:15:22.599 [main] DEBUG c.service.MarketDataService - [ALGO] BID: price:76 quantity:145
23:15:22.599 [main] DEBUG c.service.MarketDataService - [ALGO] BID: price:91 quantity:300
23:15:22.599 [main] DEBUG c.service.MarketDataService - [ALGO] BID: price:93 quantity:200
23:15:22.599 [main] DEBUG c.service.MarketDataService - [ALGO] BID: price:95 quantity:100
23:15:22.599 [main] DEBUG c.service.MarketDataService - [ALGO] BID: price:98 quantity:154
23:15:22.599 [main] DEBUG c.service.MarketDataService - [ALGO] ASK: price:98 quantity:501
23:15:22.599 [main] DEBUG c.service.MarketDataService - [ALGO] ASK: price:101 quantity:200
23:15:22.599 [main] DEBUG c.service.MarketDataService - [ALGO] ASK: price:110 quantity:5000
23:15:22.599 [main] DEBUG c.service.MarketDataService - [ALGO] ASK: price:119 quantity:5600
23:15:22.599 [main] DEBUG c.service.MarketDataService - [ALGO] ASK: price:123 quantity:453
23:15:22.599 [main] DEBUG c.service.MarketDataService - [ALGO] ASK: price:144 quantity:645
23:15:22.599 [main] DEBUG c.service.MarketDataService - [ALGO] ASK: price:167 quantity:665
23:15:22.599 [main] INFO  c.gettingstarted.MyAlgoLogic - [MYALGO] The state of the order book is:
|----BID-----||----ASK----|
    134 @ 43    501 @ 98
    145 @ 76   200 @ 101
    300 @ 91  5000 @ 110
    200 @ 93  5600 @ 119
    100 @ 95   453 @ 123
    154 @ 98   645 @ 144
          -    665 @ 167
|------------||-----------|

23:15:22.599 [main] INFO  c.gettingstarted.MyAlgoLogic - [MYALGO] Algo Sees Book as: 
|----BID-----||----ASK----|
    134 @ 43    501 @ 98
    145 @ 76   200 @ 101
    300 @ 91  5000 @ 110
    200 @ 93  5600 @ 119
    100 @ 95   453 @ 123
    154 @ 98   645 @ 144
          -    665 @ 167
|------------||-----------|

23:15:22.599 [main] INFO  c.gettingstarted.TimedLogic - [TIMEDLOGIC] Market is closed
23:15:22.600 [main] INFO  c.sequencer.consumer.LoggingConsumer - [234] 
|----BID-----|
    134 @ 43
    145 @ 76
    300 @ 91
    200 @ 93
    100 @ 95
    154 @ 98
|----ASK-----|
    501 @ 98
   200 @ 101
  5000 @ 110
  5600 @ 119
   453 @ 123
   645 @ 144
   665 @ 167

23:15:22.600 [main] INFO  c.orderbook.OrderBook - [ORDERBOOK] Processing Mkt Data Update
23:15:22.600 [main] INFO  c.o.v.MutatingRemoveAllMarketDataOrdersVisitor - [ORDERBOOK] Removing market data order:MktData(price=43,quantity=134)
23:15:22.600 [main] INFO  c.o.v.MutatingRemoveAllMarketDataOrdersVisitor - [ORDERBOOK] Removing level:43
23:15:22.600 [main] DEBUG c.orderbook.OrderBook - [ORDERBOOK] ASK: Adding orderMktData(price=43,quantity=134)
23:15:22.600 [main] DEBUG c.orderbook.OrderBook - [ORDERBOOK] ASK: Adding orderMktData(price=76,quantity=145)
23:15:22.600 [main] DEBUG c.orderbook.OrderBook - [ORDERBOOK] ASK: Adding orderMktData(price=91,quantity=300)
23:15:22.600 [main] DEBUG c.orderbook.OrderBook - [ORDERBOOK] ASK: Adding orderMktData(price=93,quantity=200)
23:15:22.600 [main] DEBUG c.orderbook.OrderBook - [ORDERBOOK] ASK: Adding orderMktData(price=95,quantity=100)
23:15:22.600 [main] DEBUG c.orderbook.OrderBook - [ORDERBOOK] ASK: Adding orderMktData(price=98,quantity=154)
23:15:22.600 [main] INFO  c.o.v.MutatingMatchOneMarketDataOrderVisitor - [ORDERBOOK] visiting LevelOrderBookLevel(price=43,quantity=134)
23:15:22.600 [main] INFO  c.o.v.MutatingMatchOneMarketDataOrderVisitor - [ORDERBOOK] Can't match order:MktData(price=43,quantity=134)(MktData(price=98,quantity=154))
23:15:22.600 [main] INFO  c.o.v.MutatingRemoveAllMarketDataOrdersVisitor - [ORDERBOOK] Removing market data order:MktData(price=98,quantity=501)
23:15:22.600 [main] INFO  c.o.v.MutatingRemoveAllMarketDataOrdersVisitor - [ORDERBOOK] Removing level:98
23:15:22.600 [main] INFO  c.o.v.MutatingRemoveAllMarketDataOrdersVisitor - [ORDERBOOK] Removing market data order:MktData(price=101,quantity=200)
23:15:22.600 [main] INFO  c.o.v.MutatingRemoveAllMarketDataOrdersVisitor - [ORDERBOOK] Removing level:101
23:15:22.600 [main] INFO  c.o.v.MutatingRemoveAllMarketDataOrdersVisitor - [ORDERBOOK] Removing market data order:MktData(price=110,quantity=5000)
23:15:22.600 [main] INFO  c.o.v.MutatingRemoveAllMarketDataOrdersVisitor - [ORDERBOOK] Removing level:110
23:15:22.600 [main] INFO  c.o.v.MutatingRemoveAllMarketDataOrdersVisitor - [ORDERBOOK] Removing market data order:MktData(price=119,quantity=5600)
23:15:22.600 [main] INFO  c.o.v.MutatingRemoveAllMarketDataOrdersVisitor - [ORDERBOOK] Removing level:119
23:15:22.600 [main] INFO  c.o.v.MutatingRemoveAllMarketDataOrdersVisitor - [ORDERBOOK] Removing market data order:MktData(price=123,quantity=453)
23:15:22.600 [main] INFO  c.o.v.MutatingRemoveAllMarketDataOrdersVisitor - [ORDERBOOK] Removing level:123
23:15:22.600 [main] INFO  c.o.v.MutatingRemoveAllMarketDataOrdersVisitor - [ORDERBOOK] Removing market data order:MktData(price=144,quantity=645)
23:15:22.600 [main] INFO  c.o.v.MutatingRemoveAllMarketDataOrdersVisitor - [ORDERBOOK] Removing level:144
23:15:22.600 [main] INFO  c.o.v.MutatingRemoveAllMarketDataOrdersVisitor - [ORDERBOOK] Removing market data order:MktData(price=167,quantity=665)
23:15:22.600 [main] INFO  c.o.v.MutatingRemoveAllMarketDataOrdersVisitor - [ORDERBOOK] Removing level:167
23:15:22.600 [main] DEBUG c.orderbook.OrderBook - [ORDERBOOK] ASK: Adding orderMktData(price=98,quantity=501)
23:15:22.600 [main] DEBUG c.orderbook.OrderBook - [ORDERBOOK] ASK: Adding orderMktData(price=101,quantity=200)
23:15:22.600 [main] DEBUG c.orderbook.OrderBook - [ORDERBOOK] ASK: Adding orderMktData(price=110,quantity=5000)
23:15:22.600 [main] DEBUG c.orderbook.OrderBook - [ORDERBOOK] ASK: Adding orderMktData(price=119,quantity=5600)
23:15:22.600 [main] DEBUG c.orderbook.OrderBook - [ORDERBOOK] ASK: Adding orderMktData(price=123,quantity=453)
23:15:22.600 [main] DEBUG c.orderbook.OrderBook - [ORDERBOOK] ASK: Adding orderMktData(price=144,quantity=645)
23:15:22.600 [main] DEBUG c.orderbook.OrderBook - [ORDERBOOK] ASK: Adding orderMktData(price=167,quantity=665)
23:15:22.600 [main] DEBUG c.service.MarketDataService - [ALGO] BID: price:43 quantity:134
23:15:22.600 [main] DEBUG c.service.MarketDataService - [ALGO] BID: price:76 quantity:145
23:15:22.600 [main] DEBUG c.service.MarketDataService - [ALGO] BID: price:91 quantity:300
23:15:22.600 [main] DEBUG c.service.MarketDataService - [ALGO] BID: price:93 quantity:200
23:15:22.600 [main] DEBUG c.service.MarketDataService - [ALGO] BID: price:95 quantity:100
23:15:22.600 [main] DEBUG c.service.MarketDataService - [ALGO] BID: price:98 quantity:154
23:15:22.600 [main] DEBUG c.service.MarketDataService - [ALGO] ASK: price:98 quantity:501
23:15:22.600 [main] DEBUG c.service.MarketDataService - [ALGO] ASK: price:101 quantity:200
23:15:22.600 [main] DEBUG c.service.MarketDataService - [ALGO] ASK: price:110 quantity:5000
23:15:22.600 [main] DEBUG c.service.MarketDataService - [ALGO] ASK: price:119 quantity:5600
23:15:22.600 [main] DEBUG c.service.MarketDataService - [ALGO] ASK: price:123 quantity:453
23:15:22.600 [main] DEBUG c.service.MarketDataService - [ALGO] ASK: price:144 quantity:645
23:15:22.600 [main] DEBUG c.service.MarketDataService - [ALGO] ASK: price:167 quantity:665
23:15:22.600 [main] INFO  c.gettingstarted.MyAlgoLogic - [MYALGO] The state of the order book is:
|----BID-----||----ASK----|
    134 @ 43    501 @ 98
    145 @ 76   200 @ 101
    300 @ 91  5000 @ 110
    200 @ 93  5600 @ 119
    100 @ 95   453 @ 123
    154 @ 98   645 @ 144
          -    665 @ 167
|------------||-----------|

23:15:22.602 [main] INFO  c.gettingstarted.MyAlgoLogic - [MYALGO] Algo Sees Book as: 
|----BID-----||----ASK----|
    134 @ 43    501 @ 98
    145 @ 76   200 @ 101
    300 @ 91  5000 @ 110
    200 @ 93  5600 @ 119
    100 @ 95   453 @ 123
    154 @ 98   645 @ 144
          -    665 @ 167
|------------||-----------|

23:15:22.603 [main] INFO  c.gettingstarted.TimedLogic - [TIMEDLOGIC] Market is closed
23:15:22.603 [main] INFO  c.sequencer.consumer.LoggingConsumer - [235] 
|----BID-----|
    134 @ 43
    145 @ 76
    300 @ 91
    200 @ 93
    100 @ 95
    154 @ 98
|----ASK-----|
    501 @ 98
   200 @ 101
  5000 @ 110
  5600 @ 119
   453 @ 123
   645 @ 144
   665 @ 167

23:15:22.603 [main] INFO  c.orderbook.OrderBook - [ORDERBOOK] Processing Mkt Data Update
23:15:22.603 [main] INFO  c.o.v.MutatingRemoveAllMarketDataOrdersVisitor - [ORDERBOOK] Removing market data order:MktData(price=43,quantity=134)
23:15:22.603 [main] INFO  c.o.v.MutatingRemoveAllMarketDataOrdersVisitor - [ORDERBOOK] Removing level:43
23:15:22.603 [main] DEBUG c.orderbook.OrderBook - [ORDERBOOK] ASK: Adding orderMktData(price=43,quantity=134)
23:15:22.603 [main] DEBUG c.orderbook.OrderBook - [ORDERBOOK] ASK: Adding orderMktData(price=76,quantity=145)
23:15:22.603 [main] DEBUG c.orderbook.OrderBook - [ORDERBOOK] ASK: Adding orderMktData(price=91,quantity=300)
23:15:22.603 [main] DEBUG c.orderbook.OrderBook - [ORDERBOOK] ASK: Adding orderMktData(price=93,quantity=200)
23:15:22.603 [main] DEBUG c.orderbook.OrderBook - [ORDERBOOK] ASK: Adding orderMktData(price=95,quantity=100)
23:15:22.603 [main] DEBUG c.orderbook.OrderBook - [ORDERBOOK] ASK: Adding orderMktData(price=98,quantity=154)
23:15:22.603 [main] INFO  c.o.v.MutatingMatchOneMarketDataOrderVisitor - [ORDERBOOK] visiting LevelOrderBookLevel(price=43,quantity=134)
23:15:22.603 [main] INFO  c.o.v.MutatingMatchOneMarketDataOrderVisitor - [ORDERBOOK] Can't match order:MktData(price=43,quantity=134)(MktData(price=98,quantity=154))
23:15:22.603 [main] INFO  c.o.v.MutatingRemoveAllMarketDataOrdersVisitor - [ORDERBOOK] Removing market data order:MktData(price=98,quantity=501)
23:15:22.603 [main] INFO  c.o.v.MutatingRemoveAllMarketDataOrdersVisitor - [ORDERBOOK] Removing level:98
23:15:22.603 [main] INFO  c.o.v.MutatingRemoveAllMarketDataOrdersVisitor - [ORDERBOOK] Removing market data order:MktData(price=101,quantity=200)
23:15:22.603 [main] INFO  c.o.v.MutatingRemoveAllMarketDataOrdersVisitor - [ORDERBOOK] Removing level:101
23:15:22.603 [main] INFO  c.o.v.MutatingRemoveAllMarketDataOrdersVisitor - [ORDERBOOK] Removing market data order:MktData(price=110,quantity=5000)
23:15:22.603 [main] INFO  c.o.v.MutatingRemoveAllMarketDataOrdersVisitor - [ORDERBOOK] Removing level:110
23:15:22.603 [main] INFO  c.o.v.MutatingRemoveAllMarketDataOrdersVisitor - [ORDERBOOK] Removing market data order:MktData(price=119,quantity=5600)
23:15:22.603 [main] INFO  c.o.v.MutatingRemoveAllMarketDataOrdersVisitor - [ORDERBOOK] Removing level:119
23:15:22.603 [main] INFO  c.o.v.MutatingRemoveAllMarketDataOrdersVisitor - [ORDERBOOK] Removing market data order:MktData(price=123,quantity=453)
23:15:22.603 [main] INFO  c.o.v.MutatingRemoveAllMarketDataOrdersVisitor - [ORDERBOOK] Removing level:123
23:15:22.603 [main] INFO  c.o.v.MutatingRemoveAllMarketDataOrdersVisitor - [ORDERBOOK] Removing market data order:MktData(price=144,quantity=645)
23:15:22.603 [main] INFO  c.o.v.MutatingRemoveAllMarketDataOrdersVisitor - [ORDERBOOK] Removing level:144
23:15:22.603 [main] INFO  c.o.v.MutatingRemoveAllMarketDataOrdersVisitor - [ORDERBOOK] Removing market data order:MktData(price=167,quantity=665)
23:15:22.603 [main] INFO  c.o.v.MutatingRemoveAllMarketDataOrdersVisitor - [ORDERBOOK] Removing level:167
23:15:22.603 [main] DEBUG c.orderbook.OrderBook - [ORDERBOOK] ASK: Adding orderMktData(price=98,quantity=501)
23:15:22.603 [main] DEBUG c.orderbook.OrderBook - [ORDERBOOK] ASK: Adding orderMktData(price=101,quantity=200)
23:15:22.603 [main] DEBUG c.orderbook.OrderBook - [ORDERBOOK] ASK: Adding orderMktData(price=110,quantity=5000)
23:15:22.603 [main] DEBUG c.orderbook.OrderBook - [ORDERBOOK] ASK: Adding orderMktData(price=119,quantity=5600)
23:15:22.603 [main] DEBUG c.orderbook.OrderBook - [ORDERBOOK] ASK: Adding orderMktData(price=123,quantity=453)
23:15:22.603 [main] DEBUG c.orderbook.OrderBook - [ORDERBOOK] ASK: Adding orderMktData(price=144,quantity=645)
23:15:22.603 [main] DEBUG c.orderbook.OrderBook - [ORDERBOOK] ASK: Adding orderMktData(price=167,quantity=665)
23:15:22.603 [main] DEBUG c.service.MarketDataService - [ALGO] BID: price:43 quantity:134
23:15:22.603 [main] DEBUG c.service.MarketDataService - [ALGO] BID: price:76 quantity:145
23:15:22.603 [main] DEBUG c.service.MarketDataService - [ALGO] BID: price:91 quantity:300
23:15:22.603 [main] DEBUG c.service.MarketDataService - [ALGO] BID: price:93 quantity:200
23:15:22.603 [main] DEBUG c.service.MarketDataService - [ALGO] BID: price:95 quantity:100
23:15:22.603 [main] DEBUG c.service.MarketDataService - [ALGO] BID: price:98 quantity:154
23:15:22.603 [main] DEBUG c.service.MarketDataService - [ALGO] ASK: price:98 quantity:501
23:15:22.603 [main] DEBUG c.service.MarketDataService - [ALGO] ASK: price:101 quantity:200
23:15:22.603 [main] DEBUG c.service.MarketDataService - [ALGO] ASK: price:110 quantity:5000
23:15:22.603 [main] DEBUG c.service.MarketDataService - [ALGO] ASK: price:119 quantity:5600
23:15:22.603 [main] DEBUG c.service.MarketDataService - [ALGO] ASK: price:123 quantity:453
23:15:22.603 [main] DEBUG c.service.MarketDataService - [ALGO] ASK: price:144 quantity:645
23:15:22.603 [main] DEBUG c.service.MarketDataService - [ALGO] ASK: price:167 quantity:665
23:15:22.603 [main] INFO  c.gettingstarted.MyAlgoLogic - [MYALGO] The state of the order book is:
|----BID-----||----ASK----|
    134 @ 43    501 @ 98
    145 @ 76   200 @ 101
    300 @ 91  5000 @ 110
    200 @ 93  5600 @ 119
    100 @ 95   453 @ 123
    154 @ 98   645 @ 144
          -    665 @ 167
|------------||-----------|

23:15:22.604 [main] INFO  c.gettingstarted.MyAlgoLogic - [MYALGO] Algo Sees Book as: 
|----BID-----||----ASK----|
    134 @ 43    501 @ 98
    145 @ 76   200 @ 101
    300 @ 91  5000 @ 110
    200 @ 93  5600 @ 119
    100 @ 95   453 @ 123
    154 @ 98   645 @ 144
          -    665 @ 167
|------------||-----------|

23:15:22.604 [main] INFO  c.gettingstarted.TimedLogic - [TIMEDLOGIC] Market is closed
23:15:22.604 [main] INFO  c.sequencer.consumer.LoggingConsumer - [236] 
|----BID-----|
    134 @ 43
    145 @ 76
    300 @ 91
    200 @ 93
    100 @ 95
    154 @ 98
|----ASK-----|
    501 @ 98
   200 @ 101
  5000 @ 110
  5600 @ 119
   453 @ 123
   645 @ 144
   665 @ 167

23:15:22.604 [main] INFO  c.orderbook.OrderBook - [ORDERBOOK] Processing Mkt Data Update
23:15:22.604 [main] INFO  c.o.v.MutatingRemoveAllMarketDataOrdersVisitor - [ORDERBOOK] Removing market data order:MktData(price=43,quantity=134)
23:15:22.604 [main] INFO  c.o.v.MutatingRemoveAllMarketDataOrdersVisitor - [ORDERBOOK] Removing level:43
23:15:22.604 [main] DEBUG c.orderbook.OrderBook - [ORDERBOOK] ASK: Adding orderMktData(price=43,quantity=134)
23:15:22.604 [main] DEBUG c.orderbook.OrderBook - [ORDERBOOK] ASK: Adding orderMktData(price=76,quantity=145)
23:15:22.604 [main] DEBUG c.orderbook.OrderBook - [ORDERBOOK] ASK: Adding orderMktData(price=91,quantity=300)
23:15:22.604 [main] DEBUG c.orderbook.OrderBook - [ORDERBOOK] ASK: Adding orderMktData(price=93,quantity=200)
23:15:22.604 [main] DEBUG c.orderbook.OrderBook - [ORDERBOOK] ASK: Adding orderMktData(price=95,quantity=100)
23:15:22.604 [main] DEBUG c.orderbook.OrderBook - [ORDERBOOK] ASK: Adding orderMktData(price=98,quantity=154)
23:15:22.604 [main] INFO  c.o.v.MutatingMatchOneMarketDataOrderVisitor - [ORDERBOOK] visiting LevelOrderBookLevel(price=43,quantity=134)
23:15:22.604 [main] INFO  c.o.v.MutatingMatchOneMarketDataOrderVisitor - [ORDERBOOK] Can't match order:MktData(price=43,quantity=134)(MktData(price=98,quantity=154))
23:15:22.604 [main] INFO  c.o.v.MutatingRemoveAllMarketDataOrdersVisitor - [ORDERBOOK] Removing market data order:MktData(price=98,quantity=501)
23:15:22.604 [main] INFO  c.o.v.MutatingRemoveAllMarketDataOrdersVisitor - [ORDERBOOK] Removing level:98
23:15:22.604 [main] INFO  c.o.v.MutatingRemoveAllMarketDataOrdersVisitor - [ORDERBOOK] Removing market data order:MktData(price=101,quantity=200)
23:15:22.604 [main] INFO  c.o.v.MutatingRemoveAllMarketDataOrdersVisitor - [ORDERBOOK] Removing level:101
23:15:22.604 [main] INFO  c.o.v.MutatingRemoveAllMarketDataOrdersVisitor - [ORDERBOOK] Removing market data order:MktData(price=110,quantity=5000)
23:15:22.604 [main] INFO  c.o.v.MutatingRemoveAllMarketDataOrdersVisitor - [ORDERBOOK] Removing level:110
23:15:22.604 [main] INFO  c.o.v.MutatingRemoveAllMarketDataOrdersVisitor - [ORDERBOOK] Removing market data order:MktData(price=119,quantity=5600)
23:15:22.604 [main] INFO  c.o.v.MutatingRemoveAllMarketDataOrdersVisitor - [ORDERBOOK] Removing level:119
23:15:22.604 [main] INFO  c.o.v.MutatingRemoveAllMarketDataOrdersVisitor - [ORDERBOOK] Removing market data order:MktData(price=123,quantity=453)
23:15:22.604 [main] INFO  c.o.v.MutatingRemoveAllMarketDataOrdersVisitor - [ORDERBOOK] Removing level:123
23:15:22.604 [main] INFO  c.o.v.MutatingRemoveAllMarketDataOrdersVisitor - [ORDERBOOK] Removing market data order:MktData(price=144,quantity=645)
23:15:22.604 [main] INFO  c.o.v.MutatingRemoveAllMarketDataOrdersVisitor - [ORDERBOOK] Removing level:144
23:15:22.604 [main] INFO  c.o.v.MutatingRemoveAllMarketDataOrdersVisitor - [ORDERBOOK] Removing market data order:MktData(price=167,quantity=665)
23:15:22.604 [main] INFO  c.o.v.MutatingRemoveAllMarketDataOrdersVisitor - [ORDERBOOK] Removing level:167
23:15:22.604 [main] DEBUG c.orderbook.OrderBook - [ORDERBOOK] ASK: Adding orderMktData(price=98,quantity=501)
23:15:22.604 [main] DEBUG c.orderbook.OrderBook - [ORDERBOOK] ASK: Adding orderMktData(price=101,quantity=200)
23:15:22.604 [main] DEBUG c.orderbook.OrderBook - [ORDERBOOK] ASK: Adding orderMktData(price=110,quantity=5000)
23:15:22.604 [main] DEBUG c.orderbook.OrderBook - [ORDERBOOK] ASK: Adding orderMktData(price=119,quantity=5600)
23:15:22.604 [main] DEBUG c.orderbook.OrderBook - [ORDERBOOK] ASK: Adding orderMktData(price=123,quantity=453)
23:15:22.604 [main] DEBUG c.orderbook.OrderBook - [ORDERBOOK] ASK: Adding orderMktData(price=144,quantity=645)
23:15:22.604 [main] DEBUG c.orderbook.OrderBook - [ORDERBOOK] ASK: Adding orderMktData(price=167,quantity=665)
23:15:22.604 [main] DEBUG c.service.MarketDataService - [ALGO] BID: price:43 quantity:134
23:15:22.604 [main] DEBUG c.service.MarketDataService - [ALGO] BID: price:76 quantity:145
23:15:22.604 [main] DEBUG c.service.MarketDataService - [ALGO] BID: price:91 quantity:300
23:15:22.604 [main] DEBUG c.service.MarketDataService - [ALGO] BID: price:93 quantity:200
23:15:22.604 [main] DEBUG c.service.MarketDataService - [ALGO] BID: price:95 quantity:100
23:15:22.604 [main] DEBUG c.service.MarketDataService - [ALGO] BID: price:98 quantity:154
23:15:22.604 [main] DEBUG c.service.MarketDataService - [ALGO] ASK: price:98 quantity:501
23:15:22.604 [main] DEBUG c.service.MarketDataService - [ALGO] ASK: price:101 quantity:200
23:15:22.604 [main] DEBUG c.service.MarketDataService - [ALGO] ASK: price:110 quantity:5000
23:15:22.604 [main] DEBUG c.service.MarketDataService - [ALGO] ASK: price:119 quantity:5600
23:15:22.604 [main] DEBUG c.service.MarketDataService - [ALGO] ASK: price:123 quantity:453
23:15:22.604 [main] DEBUG c.service.MarketDataService - [ALGO] ASK: price:144 quantity:645
23:15:22.604 [main] DEBUG c.service.MarketDataService - [ALGO] ASK: price:167 quantity:665
23:15:22.604 [main] INFO  c.gettingstarted.MyAlgoLogic - [MYALGO] The state of the order book is:
|----BID-----||----ASK----|
    134 @ 43    501 @ 98
    145 @ 76   200 @ 101
    300 @ 91  5000 @ 110
    200 @ 93  5600 @ 119
    100 @ 95   453 @ 123
    154 @ 98   645 @ 144
          -    665 @ 167
|------------||-----------|

23:15:22.604 [main] INFO  c.gettingstarted.MyAlgoLogic - [MYALGO] Algo Sees Book as: 
|----BID-----||----ASK----|
    134 @ 43    501 @ 98
    145 @ 76   200 @ 101
    300 @ 91  5000 @ 110
    200 @ 93  5600 @ 119
    100 @ 95   453 @ 123
    154 @ 98   645 @ 144
          -    665 @ 167
|------------||-----------|

23:15:22.604 [main] INFO  c.gettingstarted.TimedLogic - [TIMEDLOGIC] Market is closed
23:15:22.605 [main] INFO  c.sequencer.consumer.LoggingConsumer - [237] 
|----BID-----|
    134 @ 43
    145 @ 76
    300 @ 91
    200 @ 93
    100 @ 95
    154 @ 98
|----ASK-----|
    501 @ 98
   200 @ 101
  5000 @ 110
  5600 @ 119
   453 @ 123
   645 @ 144
   665 @ 167

23:15:22.605 [main] INFO  c.orderbook.OrderBook - [ORDERBOOK] Processing Mkt Data Update
23:15:22.605 [main] INFO  c.o.v.MutatingRemoveAllMarketDataOrdersVisitor - [ORDERBOOK] Removing market data order:MktData(price=43,quantity=134)
23:15:22.605 [main] INFO  c.o.v.MutatingRemoveAllMarketDataOrdersVisitor - [ORDERBOOK] Removing level:43
23:15:22.605 [main] DEBUG c.orderbook.OrderBook - [ORDERBOOK] ASK: Adding orderMktData(price=43,quantity=134)
23:15:22.605 [main] DEBUG c.orderbook.OrderBook - [ORDERBOOK] ASK: Adding orderMktData(price=76,quantity=145)
23:15:22.605 [main] DEBUG c.orderbook.OrderBook - [ORDERBOOK] ASK: Adding orderMktData(price=91,quantity=300)
23:15:22.605 [main] DEBUG c.orderbook.OrderBook - [ORDERBOOK] ASK: Adding orderMktData(price=93,quantity=200)
23:15:22.605 [main] DEBUG c.orderbook.OrderBook - [ORDERBOOK] ASK: Adding orderMktData(price=95,quantity=100)
23:15:22.605 [main] DEBUG c.orderbook.OrderBook - [ORDERBOOK] ASK: Adding orderMktData(price=98,quantity=154)
23:15:22.605 [main] INFO  c.o.v.MutatingMatchOneMarketDataOrderVisitor - [ORDERBOOK] visiting LevelOrderBookLevel(price=43,quantity=134)
23:15:22.605 [main] INFO  c.o.v.MutatingMatchOneMarketDataOrderVisitor - [ORDERBOOK] Can't match order:MktData(price=43,quantity=134)(MktData(price=98,quantity=154))
23:15:22.605 [main] INFO  c.o.v.MutatingRemoveAllMarketDataOrdersVisitor - [ORDERBOOK] Removing market data order:MktData(price=98,quantity=501)
23:15:22.605 [main] INFO  c.o.v.MutatingRemoveAllMarketDataOrdersVisitor - [ORDERBOOK] Removing level:98
23:15:22.605 [main] INFO  c.o.v.MutatingRemoveAllMarketDataOrdersVisitor - [ORDERBOOK] Removing market data order:MktData(price=101,quantity=200)
23:15:22.605 [main] INFO  c.o.v.MutatingRemoveAllMarketDataOrdersVisitor - [ORDERBOOK] Removing level:101
23:15:22.605 [main] INFO  c.o.v.MutatingRemoveAllMarketDataOrdersVisitor - [ORDERBOOK] Removing market data order:MktData(price=110,quantity=5000)
23:15:22.605 [main] INFO  c.o.v.MutatingRemoveAllMarketDataOrdersVisitor - [ORDERBOOK] Removing level:110
23:15:22.605 [main] INFO  c.o.v.MutatingRemoveAllMarketDataOrdersVisitor - [ORDERBOOK] Removing market data order:MktData(price=119,quantity=5600)
23:15:22.605 [main] INFO  c.o.v.MutatingRemoveAllMarketDataOrdersVisitor - [ORDERBOOK] Removing level:119
23:15:22.605 [main] INFO  c.o.v.MutatingRemoveAllMarketDataOrdersVisitor - [ORDERBOOK] Removing market data order:MktData(price=123,quantity=453)
23:15:22.605 [main] INFO  c.o.v.MutatingRemoveAllMarketDataOrdersVisitor - [ORDERBOOK] Removing level:123
23:15:22.605 [main] INFO  c.o.v.MutatingRemoveAllMarketDataOrdersVisitor - [ORDERBOOK] Removing market data order:MktData(price=144,quantity=645)
23:15:22.605 [main] INFO  c.o.v.MutatingRemoveAllMarketDataOrdersVisitor - [ORDERBOOK] Removing level:144
23:15:22.605 [main] INFO  c.o.v.MutatingRemoveAllMarketDataOrdersVisitor - [ORDERBOOK] Removing market data order:MktData(price=167,quantity=665)
23:15:22.605 [main] INFO  c.o.v.MutatingRemoveAllMarketDataOrdersVisitor - [ORDERBOOK] Removing level:167
23:15:22.605 [main] DEBUG c.orderbook.OrderBook - [ORDERBOOK] ASK: Adding orderMktData(price=98,quantity=501)
23:15:22.605 [main] DEBUG c.orderbook.OrderBook - [ORDERBOOK] ASK: Adding orderMktData(price=101,quantity=200)
23:15:22.605 [main] DEBUG c.orderbook.OrderBook - [ORDERBOOK] ASK: Adding orderMktData(price=110,quantity=5000)
23:15:22.605 [main] DEBUG c.orderbook.OrderBook - [ORDERBOOK] ASK: Adding orderMktData(price=119,quantity=5600)
23:15:22.605 [main] DEBUG c.orderbook.OrderBook - [ORDERBOOK] ASK: Adding orderMktData(price=123,quantity=453)
23:15:22.605 [main] DEBUG c.orderbook.OrderBook - [ORDERBOOK] ASK: Adding orderMktData(price=144,quantity=645)
23:15:22.605 [main] DEBUG c.orderbook.OrderBook - [ORDERBOOK] ASK: Adding orderMktData(price=167,quantity=665)
23:15:22.605 [main] DEBUG c.service.MarketDataService - [ALGO] BID: price:43 quantity:134
23:15:22.605 [main] DEBUG c.service.MarketDataService - [ALGO] BID: price:76 quantity:145
23:15:22.605 [main] DEBUG c.service.MarketDataService - [ALGO] BID: price:91 quantity:300
23:15:22.605 [main] DEBUG c.service.MarketDataService - [ALGO] BID: price:93 quantity:200
23:15:22.605 [main] DEBUG c.service.MarketDataService - [ALGO] BID: price:95 quantity:100
23:15:22.605 [main] DEBUG c.service.MarketDataService - [ALGO] BID: price:98 quantity:154
23:15:22.605 [main] DEBUG c.service.MarketDataService - [ALGO] ASK: price:98 quantity:501
23:15:22.605 [main] DEBUG c.service.MarketDataService - [ALGO] ASK: price:101 quantity:200
23:15:22.605 [main] DEBUG c.service.MarketDataService - [ALGO] ASK: price:110 quantity:5000
23:15:22.605 [main] DEBUG c.service.MarketDataService - [ALGO] ASK: price:119 quantity:5600
23:15:22.605 [main] DEBUG c.service.MarketDataService - [ALGO] ASK: price:123 quantity:453
23:15:22.605 [main] DEBUG c.service.MarketDataService - [ALGO] ASK: price:144 quantity:645
23:15:22.605 [main] DEBUG c.service.MarketDataService - [ALGO] ASK: price:167 quantity:665
23:15:22.605 [main] INFO  c.gettingstarted.MyAlgoLogic - [MYALGO] The state of the order book is:
|----BID-----||----ASK----|
    134 @ 43    501 @ 98
    145 @ 76   200 @ 101
    300 @ 91  5000 @ 110
    200 @ 93  5600 @ 119
    100 @ 95   453 @ 123
    154 @ 98   645 @ 144
          -    665 @ 167
|------------||-----------|

23:15:22.605 [main] INFO  c.gettingstarted.MyAlgoLogic - [MYALGO] Algo Sees Book as: 
|----BID-----||----ASK----|
    134 @ 43    501 @ 98
    145 @ 76   200 @ 101
    300 @ 91  5000 @ 110
    200 @ 93  5600 @ 119
    100 @ 95   453 @ 123
    154 @ 98   645 @ 144
          -    665 @ 167
|------------||-----------|

23:15:22.605 [main] INFO  c.gettingstarted.TimedLogic - [TIMEDLOGIC] Market is closed
23:15:22.605 [main] INFO  c.sequencer.consumer.LoggingConsumer - [238] 
|----BID-----|
    134 @ 43
    145 @ 76
    300 @ 91
    200 @ 93
    100 @ 95
    154 @ 98
|----ASK-----|
    501 @ 98
   200 @ 101
  5000 @ 110
  5600 @ 119
   453 @ 123
   645 @ 144
   665 @ 167

23:15:22.605 [main] INFO  c.orderbook.OrderBook - [ORDERBOOK] Processing Mkt Data Update
23:15:22.605 [main] INFO  c.o.v.MutatingRemoveAllMarketDataOrdersVisitor - [ORDERBOOK] Removing market data order:MktData(price=43,quantity=134)
23:15:22.605 [main] INFO  c.o.v.MutatingRemoveAllMarketDataOrdersVisitor - [ORDERBOOK] Removing level:43
23:15:22.605 [main] DEBUG c.orderbook.OrderBook - [ORDERBOOK] ASK: Adding orderMktData(price=43,quantity=134)
23:15:22.605 [main] DEBUG c.orderbook.OrderBook - [ORDERBOOK] ASK: Adding orderMktData(price=76,quantity=145)
23:15:22.606 [main] DEBUG c.orderbook.OrderBook - [ORDERBOOK] ASK: Adding orderMktData(price=91,quantity=300)
23:15:22.606 [main] DEBUG c.orderbook.OrderBook - [ORDERBOOK] ASK: Adding orderMktData(price=93,quantity=200)
23:15:22.606 [main] DEBUG c.orderbook.OrderBook - [ORDERBOOK] ASK: Adding orderMktData(price=95,quantity=100)
23:15:22.606 [main] DEBUG c.orderbook.OrderBook - [ORDERBOOK] ASK: Adding orderMktData(price=98,quantity=154)
23:15:22.606 [main] INFO  c.o.v.MutatingMatchOneMarketDataOrderVisitor - [ORDERBOOK] visiting LevelOrderBookLevel(price=43,quantity=134)
23:15:22.606 [main] INFO  c.o.v.MutatingMatchOneMarketDataOrderVisitor - [ORDERBOOK] Can't match order:MktData(price=43,quantity=134)(MktData(price=98,quantity=154))
23:15:22.606 [main] INFO  c.o.v.MutatingRemoveAllMarketDataOrdersVisitor - [ORDERBOOK] Removing market data order:MktData(price=98,quantity=501)
23:15:22.606 [main] INFO  c.o.v.MutatingRemoveAllMarketDataOrdersVisitor - [ORDERBOOK] Removing level:98
23:15:22.606 [main] INFO  c.o.v.MutatingRemoveAllMarketDataOrdersVisitor - [ORDERBOOK] Removing market data order:MktData(price=101,quantity=200)
23:15:22.606 [main] INFO  c.o.v.MutatingRemoveAllMarketDataOrdersVisitor - [ORDERBOOK] Removing level:101
23:15:22.606 [main] INFO  c.o.v.MutatingRemoveAllMarketDataOrdersVisitor - [ORDERBOOK] Removing market data order:MktData(price=110,quantity=5000)
23:15:22.606 [main] INFO  c.o.v.MutatingRemoveAllMarketDataOrdersVisitor - [ORDERBOOK] Removing level:110
23:15:22.606 [main] INFO  c.o.v.MutatingRemoveAllMarketDataOrdersVisitor - [ORDERBOOK] Removing market data order:MktData(price=119,quantity=5600)
23:15:22.606 [main] INFO  c.o.v.MutatingRemoveAllMarketDataOrdersVisitor - [ORDERBOOK] Removing level:119
23:15:22.606 [main] INFO  c.o.v.MutatingRemoveAllMarketDataOrdersVisitor - [ORDERBOOK] Removing market data order:MktData(price=123,quantity=453)
23:15:22.606 [main] INFO  c.o.v.MutatingRemoveAllMarketDataOrdersVisitor - [ORDERBOOK] Removing level:123
23:15:22.606 [main] INFO  c.o.v.MutatingRemoveAllMarketDataOrdersVisitor - [ORDERBOOK] Removing market data order:MktData(price=144,quantity=645)
23:15:22.606 [main] INFO  c.o.v.MutatingRemoveAllMarketDataOrdersVisitor - [ORDERBOOK] Removing level:144
23:15:22.606 [main] INFO  c.o.v.MutatingRemoveAllMarketDataOrdersVisitor - [ORDERBOOK] Removing market data order:MktData(price=167,quantity=665)
23:15:22.606 [main] INFO  c.o.v.MutatingRemoveAllMarketDataOrdersVisitor - [ORDERBOOK] Removing level:167
23:15:22.606 [main] DEBUG c.orderbook.OrderBook - [ORDERBOOK] ASK: Adding orderMktData(price=98,quantity=501)
23:15:22.606 [main] DEBUG c.orderbook.OrderBook - [ORDERBOOK] ASK: Adding orderMktData(price=101,quantity=200)
23:15:22.606 [main] DEBUG c.orderbook.OrderBook - [ORDERBOOK] ASK: Adding orderMktData(price=110,quantity=5000)
23:15:22.606 [main] DEBUG c.orderbook.OrderBook - [ORDERBOOK] ASK: Adding orderMktData(price=119,quantity=5600)
23:15:22.606 [main] DEBUG c.orderbook.OrderBook - [ORDERBOOK] ASK: Adding orderMktData(price=123,quantity=453)
23:15:22.606 [main] DEBUG c.orderbook.OrderBook - [ORDERBOOK] ASK: Adding orderMktData(price=144,quantity=645)
23:15:22.606 [main] DEBUG c.orderbook.OrderBook - [ORDERBOOK] ASK: Adding orderMktData(price=167,quantity=665)
23:15:22.606 [main] DEBUG c.service.MarketDataService - [ALGO] BID: price:43 quantity:134
23:15:22.606 [main] DEBUG c.service.MarketDataService - [ALGO] BID: price:76 quantity:145
23:15:22.606 [main] DEBUG c.service.MarketDataService - [ALGO] BID: price:91 quantity:300
23:15:22.606 [main] DEBUG c.service.MarketDataService - [ALGO] BID: price:93 quantity:200
23:15:22.606 [main] DEBUG c.service.MarketDataService - [ALGO] BID: price:95 quantity:100
23:15:22.606 [main] DEBUG c.service.MarketDataService - [ALGO] BID: price:98 quantity:154
23:15:22.606 [main] DEBUG c.service.MarketDataService - [ALGO] ASK: price:98 quantity:501
23:15:22.606 [main] DEBUG c.service.MarketDataService - [ALGO] ASK: price:101 quantity:200
23:15:22.606 [main] DEBUG c.service.MarketDataService - [ALGO] ASK: price:110 quantity:5000
23:15:22.606 [main] DEBUG c.service.MarketDataService - [ALGO] ASK: price:119 quantity:5600
23:15:22.606 [main] DEBUG c.service.MarketDataService - [ALGO] ASK: price:123 quantity:453
23:15:22.606 [main] DEBUG c.service.MarketDataService - [ALGO] ASK: price:144 quantity:645
23:15:22.606 [main] DEBUG c.service.MarketDataService - [ALGO] ASK: price:167 quantity:665
23:15:22.606 [main] INFO  c.gettingstarted.MyAlgoLogic - [MYALGO] The state of the order book is:
|----BID-----||----ASK----|
    134 @ 43    501 @ 98
    145 @ 76   200 @ 101
    300 @ 91  5000 @ 110
    200 @ 93  5600 @ 119
    100 @ 95   453 @ 123
    154 @ 98   645 @ 144
          -    665 @ 167
|------------||-----------|

23:15:22.606 [main] INFO  c.gettingstarted.MyAlgoLogic - [MYALGO] Algo Sees Book as: 
|----BID-----||----ASK----|
    134 @ 43    501 @ 98
    145 @ 76   200 @ 101
    300 @ 91  5000 @ 110
    200 @ 93  5600 @ 119
    100 @ 95   453 @ 123
    154 @ 98   645 @ 144
          -    665 @ 167
|------------||-----------|

23:15:22.606 [main] INFO  c.gettingstarted.TimedLogic - [TIMEDLOGIC] Market is closed
23:15:22.606 [main] INFO  c.sequencer.consumer.LoggingConsumer - [239] 
|----BID-----|
    134 @ 43
    145 @ 76
    300 @ 91
    200 @ 93
    100 @ 95
    154 @ 98
|----ASK-----|
    501 @ 98
   200 @ 101
  5000 @ 110
  5600 @ 119
   453 @ 123
   645 @ 144
   665 @ 167

23:15:22.606 [main] INFO  c.orderbook.OrderBook - [ORDERBOOK] Processing Mkt Data Update
23:15:22.606 [main] INFO  c.o.v.MutatingRemoveAllMarketDataOrdersVisitor - [ORDERBOOK] Removing market data order:MktData(price=43,quantity=134)
23:15:22.606 [main] INFO  c.o.v.MutatingRemoveAllMarketDataOrdersVisitor - [ORDERBOOK] Removing level:43
23:15:22.606 [main] DEBUG c.orderbook.OrderBook - [ORDERBOOK] ASK: Adding orderMktData(price=43,quantity=134)
23:15:22.606 [main] DEBUG c.orderbook.OrderBook - [ORDERBOOK] ASK: Adding orderMktData(price=76,quantity=145)
23:15:22.606 [main] DEBUG c.orderbook.OrderBook - [ORDERBOOK] ASK: Adding orderMktData(price=91,quantity=300)
23:15:22.606 [main] DEBUG c.orderbook.OrderBook - [ORDERBOOK] ASK: Adding orderMktData(price=93,quantity=200)
23:15:22.606 [main] DEBUG c.orderbook.OrderBook - [ORDERBOOK] ASK: Adding orderMktData(price=95,quantity=100)
23:15:22.606 [main] DEBUG c.orderbook.OrderBook - [ORDERBOOK] ASK: Adding orderMktData(price=98,quantity=154)
23:15:22.606 [main] INFO  c.o.v.MutatingMatchOneMarketDataOrderVisitor - [ORDERBOOK] visiting LevelOrderBookLevel(price=43,quantity=134)
23:15:22.606 [main] INFO  c.o.v.MutatingMatchOneMarketDataOrderVisitor - [ORDERBOOK] Can't match order:MktData(price=43,quantity=134)(MktData(price=98,quantity=154))
23:15:22.606 [main] INFO  c.o.v.MutatingRemoveAllMarketDataOrdersVisitor - [ORDERBOOK] Removing market data order:MktData(price=98,quantity=501)
23:15:22.606 [main] INFO  c.o.v.MutatingRemoveAllMarketDataOrdersVisitor - [ORDERBOOK] Removing level:98
23:15:22.606 [main] INFO  c.o.v.MutatingRemoveAllMarketDataOrdersVisitor - [ORDERBOOK] Removing market data order:MktData(price=101,quantity=200)
23:15:22.606 [main] INFO  c.o.v.MutatingRemoveAllMarketDataOrdersVisitor - [ORDERBOOK] Removing level:101
23:15:22.606 [main] INFO  c.o.v.MutatingRemoveAllMarketDataOrdersVisitor - [ORDERBOOK] Removing market data order:MktData(price=110,quantity=5000)
23:15:22.606 [main] INFO  c.o.v.MutatingRemoveAllMarketDataOrdersVisitor - [ORDERBOOK] Removing level:110
23:15:22.606 [main] INFO  c.o.v.MutatingRemoveAllMarketDataOrdersVisitor - [ORDERBOOK] Removing market data order:MktData(price=119,quantity=5600)
23:15:22.606 [main] INFO  c.o.v.MutatingRemoveAllMarketDataOrdersVisitor - [ORDERBOOK] Removing level:119
23:15:22.606 [main] INFO  c.o.v.MutatingRemoveAllMarketDataOrdersVisitor - [ORDERBOOK] Removing market data order:MktData(price=123,quantity=453)
23:15:22.606 [main] INFO  c.o.v.MutatingRemoveAllMarketDataOrdersVisitor - [ORDERBOOK] Removing level:123
23:15:22.606 [main] INFO  c.o.v.MutatingRemoveAllMarketDataOrdersVisitor - [ORDERBOOK] Removing market data order:MktData(price=144,quantity=645)
23:15:22.606 [main] INFO  c.o.v.MutatingRemoveAllMarketDataOrdersVisitor - [ORDERBOOK] Removing level:144
23:15:22.606 [main] INFO  c.o.v.MutatingRemoveAllMarketDataOrdersVisitor - [ORDERBOOK] Removing market data order:MktData(price=167,quantity=665)
23:15:22.606 [main] INFO  c.o.v.MutatingRemoveAllMarketDataOrdersVisitor - [ORDERBOOK] Removing level:167
23:15:22.606 [main] DEBUG c.orderbook.OrderBook - [ORDERBOOK] ASK: Adding orderMktData(price=98,quantity=501)
23:15:22.606 [main] DEBUG c.orderbook.OrderBook - [ORDERBOOK] ASK: Adding orderMktData(price=101,quantity=200)
23:15:22.606 [main] DEBUG c.orderbook.OrderBook - [ORDERBOOK] ASK: Adding orderMktData(price=110,quantity=5000)
23:15:22.606 [main] DEBUG c.orderbook.OrderBook - [ORDERBOOK] ASK: Adding orderMktData(price=119,quantity=5600)
23:15:22.606 [main] DEBUG c.orderbook.OrderBook - [ORDERBOOK] ASK: Adding orderMktData(price=123,quantity=453)
23:15:22.606 [main] DEBUG c.orderbook.OrderBook - [ORDERBOOK] ASK: Adding orderMktData(price=144,quantity=645)
23:15:22.606 [main] DEBUG c.orderbook.OrderBook - [ORDERBOOK] ASK: Adding orderMktData(price=167,quantity=665)
23:15:22.606 [main] DEBUG c.service.MarketDataService - [ALGO] BID: price:43 quantity:134
23:15:22.606 [main] DEBUG c.service.MarketDataService - [ALGO] BID: price:76 quantity:145
23:15:22.606 [main] DEBUG c.service.MarketDataService - [ALGO] BID: price:91 quantity:300
23:15:22.606 [main] DEBUG c.service.MarketDataService - [ALGO] BID: price:93 quantity:200
23:15:22.606 [main] DEBUG c.service.MarketDataService - [ALGO] BID: price:95 quantity:100
23:15:22.606 [main] DEBUG c.service.MarketDataService - [ALGO] BID: price:98 quantity:154
23:15:22.606 [main] DEBUG c.service.MarketDataService - [ALGO] ASK: price:98 quantity:501
23:15:22.606 [main] DEBUG c.service.MarketDataService - [ALGO] ASK: price:101 quantity:200
23:15:22.606 [main] DEBUG c.service.MarketDataService - [ALGO] ASK: price:110 quantity:5000
23:15:22.606 [main] DEBUG c.service.MarketDataService - [ALGO] ASK: price:119 quantity:5600
23:15:22.606 [main] DEBUG c.service.MarketDataService - [ALGO] ASK: price:123 quantity:453
23:15:22.606 [main] DEBUG c.service.MarketDataService - [ALGO] ASK: price:144 quantity:645
23:15:22.606 [main] DEBUG c.service.MarketDataService - [ALGO] ASK: price:167 quantity:665
23:15:22.606 [main] INFO  c.gettingstarted.MyAlgoLogic - [MYALGO] The state of the order book is:
|----BID-----||----ASK----|
    134 @ 43    501 @ 98
    145 @ 76   200 @ 101
    300 @ 91  5000 @ 110
    200 @ 93  5600 @ 119
    100 @ 95   453 @ 123
    154 @ 98   645 @ 144
          -    665 @ 167
|------------||-----------|

23:15:22.606 [main] INFO  c.gettingstarted.MyAlgoLogic - [MYALGO] Algo Sees Book as: 
|----BID-----||----ASK----|
    134 @ 43    501 @ 98
    145 @ 76   200 @ 101
    300 @ 91  5000 @ 110
    200 @ 93  5600 @ 119
    100 @ 95   453 @ 123
    154 @ 98   645 @ 144
          -    665 @ 167
|------------||-----------|

23:15:22.606 [main] INFO  c.gettingstarted.TimedLogic - [TIMEDLOGIC] Market is closed
23:15:22.606 [main] INFO  c.sequencer.consumer.LoggingConsumer - [240] 
|----BID-----|
    134 @ 43
    145 @ 76
    300 @ 91
    200 @ 93
    100 @ 95
    154 @ 98
|----ASK-----|
    501 @ 98
   200 @ 101
  5000 @ 110
  5600 @ 119
   453 @ 123
   645 @ 144
   665 @ 167

23:15:22.606 [main] INFO  c.orderbook.OrderBook - [ORDERBOOK] Processing Mkt Data Update
23:15:22.607 [main] INFO  c.o.v.MutatingRemoveAllMarketDataOrdersVisitor - [ORDERBOOK] Removing market data order:MktData(price=43,quantity=134)
23:15:22.607 [main] INFO  c.o.v.MutatingRemoveAllMarketDataOrdersVisitor - [ORDERBOOK] Removing level:43
23:15:22.607 [main] DEBUG c.orderbook.OrderBook - [ORDERBOOK] ASK: Adding orderMktData(price=43,quantity=134)
23:15:22.607 [main] DEBUG c.orderbook.OrderBook - [ORDERBOOK] ASK: Adding orderMktData(price=76,quantity=145)
23:15:22.607 [main] DEBUG c.orderbook.OrderBook - [ORDERBOOK] ASK: Adding orderMktData(price=91,quantity=300)
23:15:22.607 [main] DEBUG c.orderbook.OrderBook - [ORDERBOOK] ASK: Adding orderMktData(price=93,quantity=200)
23:15:22.607 [main] DEBUG c.orderbook.OrderBook - [ORDERBOOK] ASK: Adding orderMktData(price=95,quantity=100)
23:15:22.607 [main] DEBUG c.orderbook.OrderBook - [ORDERBOOK] ASK: Adding orderMktData(price=98,quantity=154)
23:15:22.607 [main] INFO  c.o.v.MutatingMatchOneMarketDataOrderVisitor - [ORDERBOOK] visiting LevelOrderBookLevel(price=43,quantity=134)
23:15:22.607 [main] INFO  c.o.v.MutatingMatchOneMarketDataOrderVisitor - [ORDERBOOK] Can't match order:MktData(price=43,quantity=134)(MktData(price=98,quantity=154))
23:15:22.607 [main] INFO  c.o.v.MutatingRemoveAllMarketDataOrdersVisitor - [ORDERBOOK] Removing market data order:MktData(price=98,quantity=501)
23:15:22.607 [main] INFO  c.o.v.MutatingRemoveAllMarketDataOrdersVisitor - [ORDERBOOK] Removing level:98
23:15:22.607 [main] INFO  c.o.v.MutatingRemoveAllMarketDataOrdersVisitor - [ORDERBOOK] Removing market data order:MktData(price=101,quantity=200)
23:15:22.607 [main] INFO  c.o.v.MutatingRemoveAllMarketDataOrdersVisitor - [ORDERBOOK] Removing level:101
23:15:22.607 [main] INFO  c.o.v.MutatingRemoveAllMarketDataOrdersVisitor - [ORDERBOOK] Removing market data order:MktData(price=110,quantity=5000)
23:15:22.607 [main] INFO  c.o.v.MutatingRemoveAllMarketDataOrdersVisitor - [ORDERBOOK] Removing level:110
23:15:22.607 [main] INFO  c.o.v.MutatingRemoveAllMarketDataOrdersVisitor - [ORDERBOOK] Removing market data order:MktData(price=119,quantity=5600)
23:15:22.607 [main] INFO  c.o.v.MutatingRemoveAllMarketDataOrdersVisitor - [ORDERBOOK] Removing level:119
23:15:22.607 [main] INFO  c.o.v.MutatingRemoveAllMarketDataOrdersVisitor - [ORDERBOOK] Removing market data order:MktData(price=123,quantity=453)
23:15:22.607 [main] INFO  c.o.v.MutatingRemoveAllMarketDataOrdersVisitor - [ORDERBOOK] Removing level:123
23:15:22.607 [main] INFO  c.o.v.MutatingRemoveAllMarketDataOrdersVisitor - [ORDERBOOK] Removing market data order:MktData(price=144,quantity=645)
23:15:22.607 [main] INFO  c.o.v.MutatingRemoveAllMarketDataOrdersVisitor - [ORDERBOOK] Removing level:144
23:15:22.607 [main] INFO  c.o.v.MutatingRemoveAllMarketDataOrdersVisitor - [ORDERBOOK] Removing market data order:MktData(price=167,quantity=665)
23:15:22.607 [main] INFO  c.o.v.MutatingRemoveAllMarketDataOrdersVisitor - [ORDERBOOK] Removing level:167
23:15:22.607 [main] DEBUG c.orderbook.OrderBook - [ORDERBOOK] ASK: Adding orderMktData(price=98,quantity=501)
23:15:22.607 [main] DEBUG c.orderbook.OrderBook - [ORDERBOOK] ASK: Adding orderMktData(price=101,quantity=200)
23:15:22.607 [main] DEBUG c.orderbook.OrderBook - [ORDERBOOK] ASK: Adding orderMktData(price=110,quantity=5000)
23:15:22.607 [main] DEBUG c.orderbook.OrderBook - [ORDERBOOK] ASK: Adding orderMktData(price=119,quantity=5600)
23:15:22.607 [main] DEBUG c.orderbook.OrderBook - [ORDERBOOK] ASK: Adding orderMktData(price=123,quantity=453)
23:15:22.607 [main] DEBUG c.orderbook.OrderBook - [ORDERBOOK] ASK: Adding orderMktData(price=144,quantity=645)
23:15:22.607 [main] DEBUG c.orderbook.OrderBook - [ORDERBOOK] ASK: Adding orderMktData(price=167,quantity=665)
23:15:22.607 [main] DEBUG c.service.MarketDataService - [ALGO] BID: price:43 quantity:134
23:15:22.607 [main] DEBUG c.service.MarketDataService - [ALGO] BID: price:76 quantity:145
23:15:22.607 [main] DEBUG c.service.MarketDataService - [ALGO] BID: price:91 quantity:300
23:15:22.607 [main] DEBUG c.service.MarketDataService - [ALGO] BID: price:93 quantity:200
23:15:22.607 [main] DEBUG c.service.MarketDataService - [ALGO] BID: price:95 quantity:100
23:15:22.607 [main] DEBUG c.service.MarketDataService - [ALGO] BID: price:98 quantity:154
23:15:22.607 [main] DEBUG c.service.MarketDataService - [ALGO] ASK: price:98 quantity:501
23:15:22.607 [main] DEBUG c.service.MarketDataService - [ALGO] ASK: price:101 quantity:200
23:15:22.607 [main] DEBUG c.service.MarketDataService - [ALGO] ASK: price:110 quantity:5000
23:15:22.607 [main] DEBUG c.service.MarketDataService - [ALGO] ASK: price:119 quantity:5600
23:15:22.607 [main] DEBUG c.service.MarketDataService - [ALGO] ASK: price:123 quantity:453
23:15:22.607 [main] DEBUG c.service.MarketDataService - [ALGO] ASK: price:144 quantity:645
23:15:22.607 [main] DEBUG c.service.MarketDataService - [ALGO] ASK: price:167 quantity:665
23:15:22.607 [main] INFO  c.gettingstarted.MyAlgoLogic - [MYALGO] The state of the order book is:
|----BID-----||----ASK----|
    134 @ 43    501 @ 98
    145 @ 76   200 @ 101
    300 @ 91  5000 @ 110
    200 @ 93  5600 @ 119
    100 @ 95   453 @ 123
    154 @ 98   645 @ 144
          -    665 @ 167
|------------||-----------|

23:15:22.607 [main] INFO  c.gettingstarted.MyAlgoLogic - [MYALGO] Algo Sees Book as: 
|----BID-----||----ASK----|
    134 @ 43    501 @ 98
    145 @ 76   200 @ 101
    300 @ 91  5000 @ 110
    200 @ 93  5600 @ 119
    100 @ 95   453 @ 123
    154 @ 98   645 @ 144
          -    665 @ 167
|------------||-----------|

23:15:22.607 [main] INFO  c.gettingstarted.TimedLogic - [TIMEDLOGIC] Market is closed
23:15:22.607 [main] INFO  c.sequencer.consumer.LoggingConsumer - [241] 
|----BID-----|
    134 @ 43
    145 @ 76
    300 @ 91
    200 @ 93
    100 @ 95
    154 @ 98
|----ASK-----|
    501 @ 98
   200 @ 101
  5000 @ 110
  5600 @ 119
   453 @ 123
   645 @ 144
   665 @ 167

23:15:22.607 [main] INFO  c.orderbook.OrderBook - [ORDERBOOK] Processing Mkt Data Update
23:15:22.607 [main] INFO  c.o.v.MutatingRemoveAllMarketDataOrdersVisitor - [ORDERBOOK] Removing market data order:MktData(price=43,quantity=134)
23:15:22.607 [main] INFO  c.o.v.MutatingRemoveAllMarketDataOrdersVisitor - [ORDERBOOK] Removing level:43
23:15:22.607 [main] DEBUG c.orderbook.OrderBook - [ORDERBOOK] ASK: Adding orderMktData(price=43,quantity=134)
23:15:22.607 [main] DEBUG c.orderbook.OrderBook - [ORDERBOOK] ASK: Adding orderMktData(price=76,quantity=145)
23:15:22.607 [main] DEBUG c.orderbook.OrderBook - [ORDERBOOK] ASK: Adding orderMktData(price=91,quantity=300)
23:15:22.607 [main] DEBUG c.orderbook.OrderBook - [ORDERBOOK] ASK: Adding orderMktData(price=93,quantity=200)
23:15:22.607 [main] DEBUG c.orderbook.OrderBook - [ORDERBOOK] ASK: Adding orderMktData(price=95,quantity=100)
23:15:22.607 [main] DEBUG c.orderbook.OrderBook - [ORDERBOOK] ASK: Adding orderMktData(price=98,quantity=154)
23:15:22.607 [main] INFO  c.o.v.MutatingMatchOneMarketDataOrderVisitor - [ORDERBOOK] visiting LevelOrderBookLevel(price=43,quantity=134)
23:15:22.607 [main] INFO  c.o.v.MutatingMatchOneMarketDataOrderVisitor - [ORDERBOOK] Can't match order:MktData(price=43,quantity=134)(MktData(price=98,quantity=154))
23:15:22.607 [main] INFO  c.o.v.MutatingRemoveAllMarketDataOrdersVisitor - [ORDERBOOK] Removing market data order:MktData(price=98,quantity=501)
23:15:22.607 [main] INFO  c.o.v.MutatingRemoveAllMarketDataOrdersVisitor - [ORDERBOOK] Removing level:98
23:15:22.607 [main] INFO  c.o.v.MutatingRemoveAllMarketDataOrdersVisitor - [ORDERBOOK] Removing market data order:MktData(price=101,quantity=200)
23:15:22.608 [main] INFO  c.o.v.MutatingRemoveAllMarketDataOrdersVisitor - [ORDERBOOK] Removing level:101
23:15:22.608 [main] INFO  c.o.v.MutatingRemoveAllMarketDataOrdersVisitor - [ORDERBOOK] Removing market data order:MktData(price=110,quantity=5000)
23:15:22.608 [main] INFO  c.o.v.MutatingRemoveAllMarketDataOrdersVisitor - [ORDERBOOK] Removing level:110
23:15:22.608 [main] INFO  c.o.v.MutatingRemoveAllMarketDataOrdersVisitor - [ORDERBOOK] Removing market data order:MktData(price=119,quantity=5600)
23:15:22.608 [main] INFO  c.o.v.MutatingRemoveAllMarketDataOrdersVisitor - [ORDERBOOK] Removing level:119
23:15:22.608 [main] INFO  c.o.v.MutatingRemoveAllMarketDataOrdersVisitor - [ORDERBOOK] Removing market data order:MktData(price=123,quantity=453)
23:15:22.608 [main] INFO  c.o.v.MutatingRemoveAllMarketDataOrdersVisitor - [ORDERBOOK] Removing level:123
23:15:22.608 [main] INFO  c.o.v.MutatingRemoveAllMarketDataOrdersVisitor - [ORDERBOOK] Removing market data order:MktData(price=144,quantity=645)
23:15:22.608 [main] INFO  c.o.v.MutatingRemoveAllMarketDataOrdersVisitor - [ORDERBOOK] Removing level:144
23:15:22.608 [main] INFO  c.o.v.MutatingRemoveAllMarketDataOrdersVisitor - [ORDERBOOK] Removing market data order:MktData(price=167,quantity=665)
23:15:22.608 [main] INFO  c.o.v.MutatingRemoveAllMarketDataOrdersVisitor - [ORDERBOOK] Removing level:167
23:15:22.608 [main] DEBUG c.orderbook.OrderBook - [ORDERBOOK] ASK: Adding orderMktData(price=98,quantity=501)
23:15:22.608 [main] DEBUG c.orderbook.OrderBook - [ORDERBOOK] ASK: Adding orderMktData(price=101,quantity=200)
23:15:22.608 [main] DEBUG c.orderbook.OrderBook - [ORDERBOOK] ASK: Adding orderMktData(price=110,quantity=5000)
23:15:22.610 [main] DEBUG c.orderbook.OrderBook - [ORDERBOOK] ASK: Adding orderMktData(price=119,quantity=5600)
23:15:22.610 [main] DEBUG c.orderbook.OrderBook - [ORDERBOOK] ASK: Adding orderMktData(price=123,quantity=453)
23:15:22.610 [main] DEBUG c.orderbook.OrderBook - [ORDERBOOK] ASK: Adding orderMktData(price=144,quantity=645)
23:15:22.610 [main] DEBUG c.orderbook.OrderBook - [ORDERBOOK] ASK: Adding orderMktData(price=167,quantity=665)
23:15:22.610 [main] DEBUG c.service.MarketDataService - [ALGO] BID: price:43 quantity:134
23:15:22.610 [main] DEBUG c.service.MarketDataService - [ALGO] BID: price:76 quantity:145
23:15:22.610 [main] DEBUG c.service.MarketDataService - [ALGO] BID: price:91 quantity:300
23:15:22.610 [main] DEBUG c.service.MarketDataService - [ALGO] BID: price:93 quantity:200
23:15:22.610 [main] DEBUG c.service.MarketDataService - [ALGO] BID: price:95 quantity:100
23:15:22.610 [main] DEBUG c.service.MarketDataService - [ALGO] BID: price:98 quantity:154
23:15:22.610 [main] DEBUG c.service.MarketDataService - [ALGO] ASK: price:98 quantity:501
23:15:22.610 [main] DEBUG c.service.MarketDataService - [ALGO] ASK: price:101 quantity:200
23:15:22.610 [main] DEBUG c.service.MarketDataService - [ALGO] ASK: price:110 quantity:5000
23:15:22.610 [main] DEBUG c.service.MarketDataService - [ALGO] ASK: price:119 quantity:5600
23:15:22.610 [main] DEBUG c.service.MarketDataService - [ALGO] ASK: price:123 quantity:453
23:15:22.610 [main] DEBUG c.service.MarketDataService - [ALGO] ASK: price:144 quantity:645
23:15:22.610 [main] DEBUG c.service.MarketDataService - [ALGO] ASK: price:167 quantity:665
23:15:22.610 [main] INFO  c.gettingstarted.MyAlgoLogic - [MYALGO] The state of the order book is:
|----BID-----||----ASK----|
    134 @ 43    501 @ 98
    145 @ 76   200 @ 101
    300 @ 91  5000 @ 110
    200 @ 93  5600 @ 119
    100 @ 95   453 @ 123
    154 @ 98   645 @ 144
          -    665 @ 167
|------------||-----------|

23:15:22.610 [main] INFO  c.gettingstarted.MyAlgoLogic - [MYALGO] Algo Sees Book as: 
|----BID-----||----ASK----|
    134 @ 43    501 @ 98
    145 @ 76   200 @ 101
    300 @ 91  5000 @ 110
    200 @ 93  5600 @ 119
    100 @ 95   453 @ 123
    154 @ 98   645 @ 144
          -    665 @ 167
|------------||-----------|

23:15:22.610 [main] INFO  c.gettingstarted.TimedLogic - [TIMEDLOGIC] Market is closed
23:15:22.610 [main] INFO  c.sequencer.consumer.LoggingConsumer - [242] 
|----BID-----|
    134 @ 43
    145 @ 76
    300 @ 91
    200 @ 93
    100 @ 95
    154 @ 98
|----ASK-----|
    501 @ 98
   200 @ 101
  5000 @ 110
  5600 @ 119
   453 @ 123
   645 @ 144
   665 @ 167

23:15:22.610 [main] INFO  c.orderbook.OrderBook - [ORDERBOOK] Processing Mkt Data Update
23:15:22.610 [main] INFO  c.o.v.MutatingRemoveAllMarketDataOrdersVisitor - [ORDERBOOK] Removing market data order:MktData(price=43,quantity=134)
23:15:22.610 [main] INFO  c.o.v.MutatingRemoveAllMarketDataOrdersVisitor - [ORDERBOOK] Removing level:43
23:15:22.610 [main] DEBUG c.orderbook.OrderBook - [ORDERBOOK] ASK: Adding orderMktData(price=43,quantity=134)
23:15:22.610 [main] DEBUG c.orderbook.OrderBook - [ORDERBOOK] ASK: Adding orderMktData(price=76,quantity=145)
23:15:22.610 [main] DEBUG c.orderbook.OrderBook - [ORDERBOOK] ASK: Adding orderMktData(price=91,quantity=300)
23:15:22.610 [main] DEBUG c.orderbook.OrderBook - [ORDERBOOK] ASK: Adding orderMktData(price=93,quantity=200)
23:15:22.610 [main] DEBUG c.orderbook.OrderBook - [ORDERBOOK] ASK: Adding orderMktData(price=95,quantity=100)
23:15:22.610 [main] DEBUG c.orderbook.OrderBook - [ORDERBOOK] ASK: Adding orderMktData(price=98,quantity=154)
23:15:22.610 [main] INFO  c.o.v.MutatingMatchOneMarketDataOrderVisitor - [ORDERBOOK] visiting LevelOrderBookLevel(price=43,quantity=134)
23:15:22.610 [main] INFO  c.o.v.MutatingMatchOneMarketDataOrderVisitor - [ORDERBOOK] Can't match order:MktData(price=43,quantity=134)(MktData(price=98,quantity=154))
23:15:22.610 [main] INFO  c.o.v.MutatingRemoveAllMarketDataOrdersVisitor - [ORDERBOOK] Removing market data order:MktData(price=98,quantity=501)
23:15:22.610 [main] INFO  c.o.v.MutatingRemoveAllMarketDataOrdersVisitor - [ORDERBOOK] Removing level:98
23:15:22.610 [main] INFO  c.o.v.MutatingRemoveAllMarketDataOrdersVisitor - [ORDERBOOK] Removing market data order:MktData(price=101,quantity=200)
23:15:22.610 [main] INFO  c.o.v.MutatingRemoveAllMarketDataOrdersVisitor - [ORDERBOOK] Removing level:101
23:15:22.610 [main] INFO  c.o.v.MutatingRemoveAllMarketDataOrdersVisitor - [ORDERBOOK] Removing market data order:MktData(price=110,quantity=5000)
23:15:22.610 [main] INFO  c.o.v.MutatingRemoveAllMarketDataOrdersVisitor - [ORDERBOOK] Removing level:110
23:15:22.610 [main] INFO  c.o.v.MutatingRemoveAllMarketDataOrdersVisitor - [ORDERBOOK] Removing market data order:MktData(price=119,quantity=5600)
23:15:22.610 [main] INFO  c.o.v.MutatingRemoveAllMarketDataOrdersVisitor - [ORDERBOOK] Removing level:119
23:15:22.610 [main] INFO  c.o.v.MutatingRemoveAllMarketDataOrdersVisitor - [ORDERBOOK] Removing market data order:MktData(price=123,quantity=453)
23:15:22.610 [main] INFO  c.o.v.MutatingRemoveAllMarketDataOrdersVisitor - [ORDERBOOK] Removing level:123
23:15:22.610 [main] INFO  c.o.v.MutatingRemoveAllMarketDataOrdersVisitor - [ORDERBOOK] Removing market data order:MktData(price=144,quantity=645)
23:15:22.610 [main] INFO  c.o.v.MutatingRemoveAllMarketDataOrdersVisitor - [ORDERBOOK] Removing level:144
23:15:22.610 [main] INFO  c.o.v.MutatingRemoveAllMarketDataOrdersVisitor - [ORDERBOOK] Removing market data order:MktData(price=167,quantity=665)
23:15:22.610 [main] INFO  c.o.v.MutatingRemoveAllMarketDataOrdersVisitor - [ORDERBOOK] Removing level:167
23:15:22.610 [main] DEBUG c.orderbook.OrderBook - [ORDERBOOK] ASK: Adding orderMktData(price=98,quantity=501)
23:15:22.610 [main] DEBUG c.orderbook.OrderBook - [ORDERBOOK] ASK: Adding orderMktData(price=101,quantity=200)
23:15:22.610 [main] DEBUG c.orderbook.OrderBook - [ORDERBOOK] ASK: Adding orderMktData(price=110,quantity=5000)
23:15:22.610 [main] DEBUG c.orderbook.OrderBook - [ORDERBOOK] ASK: Adding orderMktData(price=119,quantity=5600)
23:15:22.610 [main] DEBUG c.orderbook.OrderBook - [ORDERBOOK] ASK: Adding orderMktData(price=123,quantity=453)
23:15:22.610 [main] DEBUG c.orderbook.OrderBook - [ORDERBOOK] ASK: Adding orderMktData(price=144,quantity=645)
23:15:22.610 [main] DEBUG c.orderbook.OrderBook - [ORDERBOOK] ASK: Adding orderMktData(price=167,quantity=665)
23:15:22.610 [main] DEBUG c.service.MarketDataService - [ALGO] BID: price:43 quantity:134
23:15:22.610 [main] DEBUG c.service.MarketDataService - [ALGO] BID: price:76 quantity:145
23:15:22.610 [main] DEBUG c.service.MarketDataService - [ALGO] BID: price:91 quantity:300
23:15:22.610 [main] DEBUG c.service.MarketDataService - [ALGO] BID: price:93 quantity:200
23:15:22.610 [main] DEBUG c.service.MarketDataService - [ALGO] BID: price:95 quantity:100
23:15:22.610 [main] DEBUG c.service.MarketDataService - [ALGO] BID: price:98 quantity:154
23:15:22.610 [main] DEBUG c.service.MarketDataService - [ALGO] ASK: price:98 quantity:501
23:15:22.610 [main] DEBUG c.service.MarketDataService - [ALGO] ASK: price:101 quantity:200
23:15:22.610 [main] DEBUG c.service.MarketDataService - [ALGO] ASK: price:110 quantity:5000
23:15:22.610 [main] DEBUG c.service.MarketDataService - [ALGO] ASK: price:119 quantity:5600
23:15:22.610 [main] DEBUG c.service.MarketDataService - [ALGO] ASK: price:123 quantity:453
23:15:22.610 [main] DEBUG c.service.MarketDataService - [ALGO] ASK: price:144 quantity:645
23:15:22.610 [main] DEBUG c.service.MarketDataService - [ALGO] ASK: price:167 quantity:665
23:15:22.610 [main] INFO  c.gettingstarted.MyAlgoLogic - [MYALGO] The state of the order book is:
|----BID-----||----ASK----|
    134 @ 43    501 @ 98
    145 @ 76   200 @ 101
    300 @ 91  5000 @ 110
    200 @ 93  5600 @ 119
    100 @ 95   453 @ 123
    154 @ 98   645 @ 144
          -    665 @ 167
|------------||-----------|

23:15:22.610 [main] INFO  c.gettingstarted.MyAlgoLogic - [MYALGO] Algo Sees Book as: 
|----BID-----||----ASK----|
    134 @ 43    501 @ 98
    145 @ 76   200 @ 101
    300 @ 91  5000 @ 110
    200 @ 93  5600 @ 119
    100 @ 95   453 @ 123
    154 @ 98   645 @ 144
          -    665 @ 167
|------------||-----------|

23:15:22.610 [main] INFO  c.gettingstarted.TimedLogic - [TIMEDLOGIC] Market is closed
23:15:22.610 [main] INFO  c.sequencer.consumer.LoggingConsumer - [243] 
|----BID-----|
    134 @ 43
    145 @ 76
    300 @ 91
    200 @ 93
    100 @ 95
    154 @ 98
|----ASK-----|
    501 @ 98
   200 @ 101
  5000 @ 110
  5600 @ 119
   453 @ 123
   645 @ 144
   665 @ 167

23:15:22.610 [main] INFO  c.orderbook.OrderBook - [ORDERBOOK] Processing Mkt Data Update
23:15:22.610 [main] INFO  c.o.v.MutatingRemoveAllMarketDataOrdersVisitor - [ORDERBOOK] Removing market data order:MktData(price=43,quantity=134)
23:15:22.610 [main] INFO  c.o.v.MutatingRemoveAllMarketDataOrdersVisitor - [ORDERBOOK] Removing level:43
23:15:22.610 [main] DEBUG c.orderbook.OrderBook - [ORDERBOOK] ASK: Adding orderMktData(price=43,quantity=134)
23:15:22.610 [main] DEBUG c.orderbook.OrderBook - [ORDERBOOK] ASK: Adding orderMktData(price=76,quantity=145)
23:15:22.610 [main] DEBUG c.orderbook.OrderBook - [ORDERBOOK] ASK: Adding orderMktData(price=91,quantity=300)
23:15:22.610 [main] DEBUG c.orderbook.OrderBook - [ORDERBOOK] ASK: Adding orderMktData(price=93,quantity=200)
23:15:22.610 [main] DEBUG c.orderbook.OrderBook - [ORDERBOOK] ASK: Adding orderMktData(price=95,quantity=100)
23:15:22.610 [main] DEBUG c.orderbook.OrderBook - [ORDERBOOK] ASK: Adding orderMktData(price=98,quantity=154)
23:15:22.610 [main] INFO  c.o.v.MutatingMatchOneMarketDataOrderVisitor - [ORDERBOOK] visiting LevelOrderBookLevel(price=43,quantity=134)
23:15:22.610 [main] INFO  c.o.v.MutatingMatchOneMarketDataOrderVisitor - [ORDERBOOK] Can't match order:MktData(price=43,quantity=134)(MktData(price=98,quantity=154))
23:15:22.610 [main] INFO  c.o.v.MutatingRemoveAllMarketDataOrdersVisitor - [ORDERBOOK] Removing market data order:MktData(price=98,quantity=501)
23:15:22.610 [main] INFO  c.o.v.MutatingRemoveAllMarketDataOrdersVisitor - [ORDERBOOK] Removing level:98
23:15:22.610 [main] INFO  c.o.v.MutatingRemoveAllMarketDataOrdersVisitor - [ORDERBOOK] Removing market data order:MktData(price=101,quantity=200)
23:15:22.611 [main] INFO  c.o.v.MutatingRemoveAllMarketDataOrdersVisitor - [ORDERBOOK] Removing level:101
23:15:22.611 [main] INFO  c.o.v.MutatingRemoveAllMarketDataOrdersVisitor - [ORDERBOOK] Removing market data order:MktData(price=110,quantity=5000)
23:15:22.611 [main] INFO  c.o.v.MutatingRemoveAllMarketDataOrdersVisitor - [ORDERBOOK] Removing level:110
23:15:22.611 [main] INFO  c.o.v.MutatingRemoveAllMarketDataOrdersVisitor - [ORDERBOOK] Removing market data order:MktData(price=119,quantity=5600)
23:15:22.611 [main] INFO  c.o.v.MutatingRemoveAllMarketDataOrdersVisitor - [ORDERBOOK] Removing level:119
23:15:22.611 [main] INFO  c.o.v.MutatingRemoveAllMarketDataOrdersVisitor - [ORDERBOOK] Removing market data order:MktData(price=123,quantity=453)
23:15:22.611 [main] INFO  c.o.v.MutatingRemoveAllMarketDataOrdersVisitor - [ORDERBOOK] Removing level:123
23:15:22.611 [main] INFO  c.o.v.MutatingRemoveAllMarketDataOrdersVisitor - [ORDERBOOK] Removing market data order:MktData(price=144,quantity=645)
23:15:22.611 [main] INFO  c.o.v.MutatingRemoveAllMarketDataOrdersVisitor - [ORDERBOOK] Removing level:144
23:15:22.611 [main] INFO  c.o.v.MutatingRemoveAllMarketDataOrdersVisitor - [ORDERBOOK] Removing market data order:MktData(price=167,quantity=665)
23:15:22.611 [main] INFO  c.o.v.MutatingRemoveAllMarketDataOrdersVisitor - [ORDERBOOK] Removing level:167
23:15:22.611 [main] DEBUG c.orderbook.OrderBook - [ORDERBOOK] ASK: Adding orderMktData(price=98,quantity=501)
23:15:22.611 [main] DEBUG c.orderbook.OrderBook - [ORDERBOOK] ASK: Adding orderMktData(price=101,quantity=200)
23:15:22.611 [main] DEBUG c.orderbook.OrderBook - [ORDERBOOK] ASK: Adding orderMktData(price=110,quantity=5000)
23:15:22.611 [main] DEBUG c.orderbook.OrderBook - [ORDERBOOK] ASK: Adding orderMktData(price=119,quantity=5600)
23:15:22.611 [main] DEBUG c.orderbook.OrderBook - [ORDERBOOK] ASK: Adding orderMktData(price=123,quantity=453)
23:15:22.611 [main] DEBUG c.orderbook.OrderBook - [ORDERBOOK] ASK: Adding orderMktData(price=144,quantity=645)
23:15:22.611 [main] DEBUG c.orderbook.OrderBook - [ORDERBOOK] ASK: Adding orderMktData(price=167,quantity=665)
23:15:22.611 [main] DEBUG c.service.MarketDataService - [ALGO] BID: price:43 quantity:134
23:15:22.611 [main] DEBUG c.service.MarketDataService - [ALGO] BID: price:76 quantity:145
23:15:22.611 [main] DEBUG c.service.MarketDataService - [ALGO] BID: price:91 quantity:300
23:15:22.611 [main] DEBUG c.service.MarketDataService - [ALGO] BID: price:93 quantity:200
23:15:22.611 [main] DEBUG c.service.MarketDataService - [ALGO] BID: price:95 quantity:100
23:15:22.611 [main] DEBUG c.service.MarketDataService - [ALGO] BID: price:98 quantity:154
23:15:22.611 [main] DEBUG c.service.MarketDataService - [ALGO] ASK: price:98 quantity:501
23:15:22.611 [main] DEBUG c.service.MarketDataService - [ALGO] ASK: price:101 quantity:200
23:15:22.611 [main] DEBUG c.service.MarketDataService - [ALGO] ASK: price:110 quantity:5000
23:15:22.611 [main] DEBUG c.service.MarketDataService - [ALGO] ASK: price:119 quantity:5600
23:15:22.611 [main] DEBUG c.service.MarketDataService - [ALGO] ASK: price:123 quantity:453
23:15:22.611 [main] DEBUG c.service.MarketDataService - [ALGO] ASK: price:144 quantity:645
23:15:22.611 [main] DEBUG c.service.MarketDataService - [ALGO] ASK: price:167 quantity:665
23:15:22.611 [main] INFO  c.gettingstarted.MyAlgoLogic - [MYALGO] The state of the order book is:
|----BID-----||----ASK----|
    134 @ 43    501 @ 98
    145 @ 76   200 @ 101
    300 @ 91  5000 @ 110
    200 @ 93  5600 @ 119
    100 @ 95   453 @ 123
    154 @ 98   645 @ 144
          -    665 @ 167
|------------||-----------|

23:15:22.611 [main] INFO  c.gettingstarted.MyAlgoLogic - [MYALGO] Algo Sees Book as: 
|----BID-----||----ASK----|
    134 @ 43    501 @ 98
    145 @ 76   200 @ 101
    300 @ 91  5000 @ 110
    200 @ 93  5600 @ 119
    100 @ 95   453 @ 123
    154 @ 98   645 @ 144
          -    665 @ 167
|------------||-----------|

23:15:22.611 [main] INFO  c.gettingstarted.TimedLogic - [TIMEDLOGIC] Market is closed
23:15:22.611 [main] INFO  c.sequencer.consumer.LoggingConsumer - [244] 
|----BID-----|
    134 @ 43
    145 @ 76
    300 @ 91
    200 @ 93
    100 @ 95
    154 @ 98
|----ASK-----|
    501 @ 98
   200 @ 101
  5000 @ 110
  5600 @ 119
   453 @ 123
   645 @ 144
   665 @ 167

23:15:22.611 [main] INFO  c.orderbook.OrderBook - [ORDERBOOK] Processing Mkt Data Update
23:15:22.611 [main] INFO  c.o.v.MutatingRemoveAllMarketDataOrdersVisitor - [ORDERBOOK] Removing market data order:MktData(price=43,quantity=134)
23:15:22.611 [main] INFO  c.o.v.MutatingRemoveAllMarketDataOrdersVisitor - [ORDERBOOK] Removing level:43
23:15:22.611 [main] DEBUG c.orderbook.OrderBook - [ORDERBOOK] ASK: Adding orderMktData(price=43,quantity=134)
23:15:22.611 [main] DEBUG c.orderbook.OrderBook - [ORDERBOOK] ASK: Adding orderMktData(price=76,quantity=145)
23:15:22.611 [main] DEBUG c.orderbook.OrderBook - [ORDERBOOK] ASK: Adding orderMktData(price=91,quantity=300)
23:15:22.611 [main] DEBUG c.orderbook.OrderBook - [ORDERBOOK] ASK: Adding orderMktData(price=93,quantity=200)
23:15:22.611 [main] DEBUG c.orderbook.OrderBook - [ORDERBOOK] ASK: Adding orderMktData(price=95,quantity=100)
23:15:22.611 [main] DEBUG c.orderbook.OrderBook - [ORDERBOOK] ASK: Adding orderMktData(price=98,quantity=154)
23:15:22.611 [main] INFO  c.o.v.MutatingMatchOneMarketDataOrderVisitor - [ORDERBOOK] visiting LevelOrderBookLevel(price=43,quantity=134)
23:15:22.611 [main] INFO  c.o.v.MutatingMatchOneMarketDataOrderVisitor - [ORDERBOOK] Can't match order:MktData(price=43,quantity=134)(MktData(price=98,quantity=154))
23:15:22.611 [main] INFO  c.o.v.MutatingRemoveAllMarketDataOrdersVisitor - [ORDERBOOK] Removing market data order:MktData(price=98,quantity=501)
23:15:22.611 [main] INFO  c.o.v.MutatingRemoveAllMarketDataOrdersVisitor - [ORDERBOOK] Removing level:98
23:15:22.611 [main] INFO  c.o.v.MutatingRemoveAllMarketDataOrdersVisitor - [ORDERBOOK] Removing market data order:MktData(price=101,quantity=200)
23:15:22.611 [main] INFO  c.o.v.MutatingRemoveAllMarketDataOrdersVisitor - [ORDERBOOK] Removing level:101
23:15:22.611 [main] INFO  c.o.v.MutatingRemoveAllMarketDataOrdersVisitor - [ORDERBOOK] Removing market data order:MktData(price=110,quantity=5000)
23:15:22.611 [main] INFO  c.o.v.MutatingRemoveAllMarketDataOrdersVisitor - [ORDERBOOK] Removing level:110
23:15:22.611 [main] INFO  c.o.v.MutatingRemoveAllMarketDataOrdersVisitor - [ORDERBOOK] Removing market data order:MktData(price=119,quantity=5600)
23:15:22.611 [main] INFO  c.o.v.MutatingRemoveAllMarketDataOrdersVisitor - [ORDERBOOK] Removing level:119
23:15:22.611 [main] INFO  c.o.v.MutatingRemoveAllMarketDataOrdersVisitor - [ORDERBOOK] Removing market data order:MktData(price=123,quantity=453)
23:15:22.611 [main] INFO  c.o.v.MutatingRemoveAllMarketDataOrdersVisitor - [ORDERBOOK] Removing level:123
23:15:22.611 [main] INFO  c.o.v.MutatingRemoveAllMarketDataOrdersVisitor - [ORDERBOOK] Removing market data order:MktData(price=144,quantity=645)
23:15:22.611 [main] INFO  c.o.v.MutatingRemoveAllMarketDataOrdersVisitor - [ORDERBOOK] Removing level:144
23:15:22.611 [main] INFO  c.o.v.MutatingRemoveAllMarketDataOrdersVisitor - [ORDERBOOK] Removing market data order:MktData(price=167,quantity=665)
23:15:22.611 [main] INFO  c.o.v.MutatingRemoveAllMarketDataOrdersVisitor - [ORDERBOOK] Removing level:167
23:15:22.611 [main] DEBUG c.orderbook.OrderBook - [ORDERBOOK] ASK: Adding orderMktData(price=98,quantity=501)
23:15:22.611 [main] DEBUG c.orderbook.OrderBook - [ORDERBOOK] ASK: Adding orderMktData(price=101,quantity=200)
23:15:22.611 [main] DEBUG c.orderbook.OrderBook - [ORDERBOOK] ASK: Adding orderMktData(price=110,quantity=5000)
23:15:22.611 [main] DEBUG c.orderbook.OrderBook - [ORDERBOOK] ASK: Adding orderMktData(price=119,quantity=5600)
23:15:22.611 [main] DEBUG c.orderbook.OrderBook - [ORDERBOOK] ASK: Adding orderMktData(price=123,quantity=453)
23:15:22.611 [main] DEBUG c.orderbook.OrderBook - [ORDERBOOK] ASK: Adding orderMktData(price=144,quantity=645)
23:15:22.611 [main] DEBUG c.orderbook.OrderBook - [ORDERBOOK] ASK: Adding orderMktData(price=167,quantity=665)
23:15:22.611 [main] DEBUG c.service.MarketDataService - [ALGO] BID: price:43 quantity:134
23:15:22.611 [main] DEBUG c.service.MarketDataService - [ALGO] BID: price:76 quantity:145
23:15:22.611 [main] DEBUG c.service.MarketDataService - [ALGO] BID: price:91 quantity:300
23:15:22.611 [main] DEBUG c.service.MarketDataService - [ALGO] BID: price:93 quantity:200
23:15:22.611 [main] DEBUG c.service.MarketDataService - [ALGO] BID: price:95 quantity:100
23:15:22.611 [main] DEBUG c.service.MarketDataService - [ALGO] BID: price:98 quantity:154
23:15:22.611 [main] DEBUG c.service.MarketDataService - [ALGO] ASK: price:98 quantity:501
23:15:22.611 [main] DEBUG c.service.MarketDataService - [ALGO] ASK: price:101 quantity:200
23:15:22.611 [main] DEBUG c.service.MarketDataService - [ALGO] ASK: price:110 quantity:5000
23:15:22.611 [main] DEBUG c.service.MarketDataService - [ALGO] ASK: price:119 quantity:5600
23:15:22.611 [main] DEBUG c.service.MarketDataService - [ALGO] ASK: price:123 quantity:453
23:15:22.611 [main] DEBUG c.service.MarketDataService - [ALGO] ASK: price:144 quantity:645
23:15:22.611 [main] DEBUG c.service.MarketDataService - [ALGO] ASK: price:167 quantity:665
23:15:22.611 [main] INFO  c.gettingstarted.MyAlgoLogic - [MYALGO] The state of the order book is:
|----BID-----||----ASK----|
    134 @ 43    501 @ 98
    145 @ 76   200 @ 101
    300 @ 91  5000 @ 110
    200 @ 93  5600 @ 119
    100 @ 95   453 @ 123
    154 @ 98   645 @ 144
          -    665 @ 167
|------------||-----------|

23:15:22.611 [main] INFO  c.gettingstarted.MyAlgoLogic - [MYALGO] Algo Sees Book as: 
|----BID-----||----ASK----|
    134 @ 43    501 @ 98
    145 @ 76   200 @ 101
    300 @ 91  5000 @ 110
    200 @ 93  5600 @ 119
    100 @ 95   453 @ 123
    154 @ 98   645 @ 144
          -    665 @ 167
|------------||-----------|

23:15:22.611 [main] INFO  c.gettingstarted.TimedLogic - [TIMEDLOGIC] Market is closed
23:15:22.611 [main] INFO  c.sequencer.consumer.LoggingConsumer - [245] 
|----BID-----|
    134 @ 43
    145 @ 76
    300 @ 91
    200 @ 93
    100 @ 95
    154 @ 98
|----ASK-----|
    501 @ 98
   200 @ 101
  5000 @ 110
  5600 @ 119
   453 @ 123
   645 @ 144
   665 @ 167

23:15:22.611 [main] INFO  c.orderbook.OrderBook - [ORDERBOOK] Processing Mkt Data Update
23:15:22.611 [main] INFO  c.o.v.MutatingRemoveAllMarketDataOrdersVisitor - [ORDERBOOK] Removing market data order:MktData(price=43,quantity=134)
23:15:22.611 [main] INFO  c.o.v.MutatingRemoveAllMarketDataOrdersVisitor - [ORDERBOOK] Removing level:43
23:15:22.611 [main] DEBUG c.orderbook.OrderBook - [ORDERBOOK] ASK: Adding orderMktData(price=43,quantity=134)
23:15:22.611 [main] DEBUG c.orderbook.OrderBook - [ORDERBOOK] ASK: Adding orderMktData(price=76,quantity=145)
23:15:22.611 [main] DEBUG c.orderbook.OrderBook - [ORDERBOOK] ASK: Adding orderMktData(price=91,quantity=300)
23:15:22.611 [main] DEBUG c.orderbook.OrderBook - [ORDERBOOK] ASK: Adding orderMktData(price=93,quantity=200)
23:15:22.611 [main] DEBUG c.orderbook.OrderBook - [ORDERBOOK] ASK: Adding orderMktData(price=95,quantity=100)
23:15:22.611 [main] DEBUG c.orderbook.OrderBook - [ORDERBOOK] ASK: Adding orderMktData(price=98,quantity=154)
23:15:22.611 [main] INFO  c.o.v.MutatingMatchOneMarketDataOrderVisitor - [ORDERBOOK] visiting LevelOrderBookLevel(price=43,quantity=134)
23:15:22.611 [main] INFO  c.o.v.MutatingMatchOneMarketDataOrderVisitor - [ORDERBOOK] Can't match order:MktData(price=43,quantity=134)(MktData(price=98,quantity=154))
23:15:22.611 [main] INFO  c.o.v.MutatingRemoveAllMarketDataOrdersVisitor - [ORDERBOOK] Removing market data order:MktData(price=98,quantity=501)
23:15:22.611 [main] INFO  c.o.v.MutatingRemoveAllMarketDataOrdersVisitor - [ORDERBOOK] Removing level:98
23:15:22.611 [main] INFO  c.o.v.MutatingRemoveAllMarketDataOrdersVisitor - [ORDERBOOK] Removing market data order:MktData(price=101,quantity=200)
23:15:22.612 [main] INFO  c.o.v.MutatingRemoveAllMarketDataOrdersVisitor - [ORDERBOOK] Removing level:101
23:15:22.612 [main] INFO  c.o.v.MutatingRemoveAllMarketDataOrdersVisitor - [ORDERBOOK] Removing market data order:MktData(price=110,quantity=5000)
23:15:22.612 [main] INFO  c.o.v.MutatingRemoveAllMarketDataOrdersVisitor - [ORDERBOOK] Removing level:110
23:15:22.612 [main] INFO  c.o.v.MutatingRemoveAllMarketDataOrdersVisitor - [ORDERBOOK] Removing market data order:MktData(price=119,quantity=5600)
23:15:22.612 [main] INFO  c.o.v.MutatingRemoveAllMarketDataOrdersVisitor - [ORDERBOOK] Removing level:119
23:15:22.612 [main] INFO  c.o.v.MutatingRemoveAllMarketDataOrdersVisitor - [ORDERBOOK] Removing market data order:MktData(price=123,quantity=453)
23:15:22.612 [main] INFO  c.o.v.MutatingRemoveAllMarketDataOrdersVisitor - [ORDERBOOK] Removing level:123
23:15:22.612 [main] INFO  c.o.v.MutatingRemoveAllMarketDataOrdersVisitor - [ORDERBOOK] Removing market data order:MktData(price=144,quantity=645)
23:15:22.612 [main] INFO  c.o.v.MutatingRemoveAllMarketDataOrdersVisitor - [ORDERBOOK] Removing level:144
23:15:22.612 [main] INFO  c.o.v.MutatingRemoveAllMarketDataOrdersVisitor - [ORDERBOOK] Removing market data order:MktData(price=167,quantity=665)
23:15:22.612 [main] INFO  c.o.v.MutatingRemoveAllMarketDataOrdersVisitor - [ORDERBOOK] Removing level:167
23:15:22.612 [main] DEBUG c.orderbook.OrderBook - [ORDERBOOK] ASK: Adding orderMktData(price=98,quantity=501)
23:15:22.612 [main] DEBUG c.orderbook.OrderBook - [ORDERBOOK] ASK: Adding orderMktData(price=101,quantity=200)
23:15:22.612 [main] DEBUG c.orderbook.OrderBook - [ORDERBOOK] ASK: Adding orderMktData(price=110,quantity=5000)
23:15:22.612 [main] DEBUG c.orderbook.OrderBook - [ORDERBOOK] ASK: Adding orderMktData(price=119,quantity=5600)
23:15:22.612 [main] DEBUG c.orderbook.OrderBook - [ORDERBOOK] ASK: Adding orderMktData(price=123,quantity=453)
23:15:22.612 [main] DEBUG c.orderbook.OrderBook - [ORDERBOOK] ASK: Adding orderMktData(price=144,quantity=645)
23:15:22.612 [main] DEBUG c.orderbook.OrderBook - [ORDERBOOK] ASK: Adding orderMktData(price=167,quantity=665)
23:15:22.612 [main] DEBUG c.service.MarketDataService - [ALGO] BID: price:43 quantity:134
23:15:22.612 [main] DEBUG c.service.MarketDataService - [ALGO] BID: price:76 quantity:145
23:15:22.612 [main] DEBUG c.service.MarketDataService - [ALGO] BID: price:91 quantity:300
23:15:22.612 [main] DEBUG c.service.MarketDataService - [ALGO] BID: price:93 quantity:200
23:15:22.612 [main] DEBUG c.service.MarketDataService - [ALGO] BID: price:95 quantity:100
23:15:22.612 [main] DEBUG c.service.MarketDataService - [ALGO] BID: price:98 quantity:154
23:15:22.612 [main] DEBUG c.service.MarketDataService - [ALGO] ASK: price:98 quantity:501
23:15:22.612 [main] DEBUG c.service.MarketDataService - [ALGO] ASK: price:101 quantity:200
23:15:22.612 [main] DEBUG c.service.MarketDataService - [ALGO] ASK: price:110 quantity:5000
23:15:22.612 [main] DEBUG c.service.MarketDataService - [ALGO] ASK: price:119 quantity:5600
23:15:22.612 [main] DEBUG c.service.MarketDataService - [ALGO] ASK: price:123 quantity:453
23:15:22.612 [main] DEBUG c.service.MarketDataService - [ALGO] ASK: price:144 quantity:645
23:15:22.612 [main] DEBUG c.service.MarketDataService - [ALGO] ASK: price:167 quantity:665
23:15:22.612 [main] INFO  c.gettingstarted.MyAlgoLogic - [MYALGO] The state of the order book is:
|----BID-----||----ASK----|
    134 @ 43    501 @ 98
    145 @ 76   200 @ 101
    300 @ 91  5000 @ 110
    200 @ 93  5600 @ 119
    100 @ 95   453 @ 123
    154 @ 98   645 @ 144
          -    665 @ 167
|------------||-----------|

23:15:22.612 [main] INFO  c.gettingstarted.MyAlgoLogic - [MYALGO] Algo Sees Book as: 
|----BID-----||----ASK----|
    134 @ 43    501 @ 98
    145 @ 76   200 @ 101
    300 @ 91  5000 @ 110
    200 @ 93  5600 @ 119
    100 @ 95   453 @ 123
    154 @ 98   645 @ 144
          -    665 @ 167
|------------||-----------|

23:15:22.612 [main] INFO  c.gettingstarted.TimedLogic - [TIMEDLOGIC] Market is closed
23:15:22.612 [main] INFO  c.sequencer.consumer.LoggingConsumer - [246] 
|----BID-----|
    134 @ 43
    145 @ 76
    300 @ 91
    200 @ 93
    100 @ 95
    154 @ 98
|----ASK-----|
    501 @ 98
   200 @ 101
  5000 @ 110
  5600 @ 119
   453 @ 123
   645 @ 144
   665 @ 167

23:15:22.612 [main] INFO  c.orderbook.OrderBook - [ORDERBOOK] Processing Mkt Data Update
23:15:22.612 [main] INFO  c.o.v.MutatingRemoveAllMarketDataOrdersVisitor - [ORDERBOOK] Removing market data order:MktData(price=43,quantity=134)
23:15:22.612 [main] INFO  c.o.v.MutatingRemoveAllMarketDataOrdersVisitor - [ORDERBOOK] Removing level:43
23:15:22.612 [main] DEBUG c.orderbook.OrderBook - [ORDERBOOK] ASK: Adding orderMktData(price=43,quantity=134)
23:15:22.612 [main] DEBUG c.orderbook.OrderBook - [ORDERBOOK] ASK: Adding orderMktData(price=76,quantity=145)
23:15:22.612 [main] DEBUG c.orderbook.OrderBook - [ORDERBOOK] ASK: Adding orderMktData(price=91,quantity=300)
23:15:22.612 [main] DEBUG c.orderbook.OrderBook - [ORDERBOOK] ASK: Adding orderMktData(price=93,quantity=200)
23:15:22.612 [main] DEBUG c.orderbook.OrderBook - [ORDERBOOK] ASK: Adding orderMktData(price=95,quantity=100)
23:15:22.612 [main] DEBUG c.orderbook.OrderBook - [ORDERBOOK] ASK: Adding orderMktData(price=98,quantity=154)
23:15:22.612 [main] INFO  c.o.v.MutatingMatchOneMarketDataOrderVisitor - [ORDERBOOK] visiting LevelOrderBookLevel(price=43,quantity=134)
23:15:22.612 [main] INFO  c.o.v.MutatingMatchOneMarketDataOrderVisitor - [ORDERBOOK] Can't match order:MktData(price=43,quantity=134)(MktData(price=98,quantity=154))
23:15:22.612 [main] INFO  c.o.v.MutatingRemoveAllMarketDataOrdersVisitor - [ORDERBOOK] Removing market data order:MktData(price=98,quantity=501)
23:15:22.612 [main] INFO  c.o.v.MutatingRemoveAllMarketDataOrdersVisitor - [ORDERBOOK] Removing level:98
23:15:22.612 [main] INFO  c.o.v.MutatingRemoveAllMarketDataOrdersVisitor - [ORDERBOOK] Removing market data order:MktData(price=101,quantity=200)
23:15:22.612 [main] INFO  c.o.v.MutatingRemoveAllMarketDataOrdersVisitor - [ORDERBOOK] Removing level:101
23:15:22.612 [main] INFO  c.o.v.MutatingRemoveAllMarketDataOrdersVisitor - [ORDERBOOK] Removing market data order:MktData(price=110,quantity=5000)
23:15:22.612 [main] INFO  c.o.v.MutatingRemoveAllMarketDataOrdersVisitor - [ORDERBOOK] Removing level:110
23:15:22.612 [main] INFO  c.o.v.MutatingRemoveAllMarketDataOrdersVisitor - [ORDERBOOK] Removing market data order:MktData(price=119,quantity=5600)
23:15:22.612 [main] INFO  c.o.v.MutatingRemoveAllMarketDataOrdersVisitor - [ORDERBOOK] Removing level:119
23:15:22.612 [main] INFO  c.o.v.MutatingRemoveAllMarketDataOrdersVisitor - [ORDERBOOK] Removing market data order:MktData(price=123,quantity=453)
23:15:22.612 [main] INFO  c.o.v.MutatingRemoveAllMarketDataOrdersVisitor - [ORDERBOOK] Removing level:123
23:15:22.612 [main] INFO  c.o.v.MutatingRemoveAllMarketDataOrdersVisitor - [ORDERBOOK] Removing market data order:MktData(price=144,quantity=645)
23:15:22.612 [main] INFO  c.o.v.MutatingRemoveAllMarketDataOrdersVisitor - [ORDERBOOK] Removing level:144
23:15:22.612 [main] INFO  c.o.v.MutatingRemoveAllMarketDataOrdersVisitor - [ORDERBOOK] Removing market data order:MktData(price=167,quantity=665)
23:15:22.612 [main] INFO  c.o.v.MutatingRemoveAllMarketDataOrdersVisitor - [ORDERBOOK] Removing level:167
23:15:22.612 [main] DEBUG c.orderbook.OrderBook - [ORDERBOOK] ASK: Adding orderMktData(price=98,quantity=501)
23:15:22.612 [main] DEBUG c.orderbook.OrderBook - [ORDERBOOK] ASK: Adding orderMktData(price=101,quantity=200)
23:15:22.612 [main] DEBUG c.orderbook.OrderBook - [ORDERBOOK] ASK: Adding orderMktData(price=110,quantity=5000)
23:15:22.612 [main] DEBUG c.orderbook.OrderBook - [ORDERBOOK] ASK: Adding orderMktData(price=119,quantity=5600)
23:15:22.612 [main] DEBUG c.orderbook.OrderBook - [ORDERBOOK] ASK: Adding orderMktData(price=123,quantity=453)
23:15:22.612 [main] DEBUG c.orderbook.OrderBook - [ORDERBOOK] ASK: Adding orderMktData(price=144,quantity=645)
23:15:22.612 [main] DEBUG c.orderbook.OrderBook - [ORDERBOOK] ASK: Adding orderMktData(price=167,quantity=665)
23:15:22.612 [main] DEBUG c.service.MarketDataService - [ALGO] BID: price:43 quantity:134
23:15:22.612 [main] DEBUG c.service.MarketDataService - [ALGO] BID: price:76 quantity:145
23:15:22.612 [main] DEBUG c.service.MarketDataService - [ALGO] BID: price:91 quantity:300
23:15:22.612 [main] DEBUG c.service.MarketDataService - [ALGO] BID: price:93 quantity:200
23:15:22.612 [main] DEBUG c.service.MarketDataService - [ALGO] BID: price:95 quantity:100
23:15:22.612 [main] DEBUG c.service.MarketDataService - [ALGO] BID: price:98 quantity:154
23:15:22.612 [main] DEBUG c.service.MarketDataService - [ALGO] ASK: price:98 quantity:501
23:15:22.612 [main] DEBUG c.service.MarketDataService - [ALGO] ASK: price:101 quantity:200
23:15:22.612 [main] DEBUG c.service.MarketDataService - [ALGO] ASK: price:110 quantity:5000
23:15:22.612 [main] DEBUG c.service.MarketDataService - [ALGO] ASK: price:119 quantity:5600
23:15:22.612 [main] DEBUG c.service.MarketDataService - [ALGO] ASK: price:123 quantity:453
23:15:22.612 [main] DEBUG c.service.MarketDataService - [ALGO] ASK: price:144 quantity:645
23:15:22.612 [main] DEBUG c.service.MarketDataService - [ALGO] ASK: price:167 quantity:665
23:15:22.612 [main] INFO  c.gettingstarted.MyAlgoLogic - [MYALGO] The state of the order book is:
|----BID-----||----ASK----|
    134 @ 43    501 @ 98
    145 @ 76   200 @ 101
    300 @ 91  5000 @ 110
    200 @ 93  5600 @ 119
    100 @ 95   453 @ 123
    154 @ 98   645 @ 144
          -    665 @ 167
|------------||-----------|

23:15:22.612 [main] INFO  c.gettingstarted.MyAlgoLogic - [MYALGO] Algo Sees Book as: 
|----BID-----||----ASK----|
    134 @ 43    501 @ 98
    145 @ 76   200 @ 101
    300 @ 91  5000 @ 110
    200 @ 93  5600 @ 119
    100 @ 95   453 @ 123
    154 @ 98   645 @ 144
          -    665 @ 167
|------------||-----------|

23:15:22.612 [main] INFO  c.gettingstarted.TimedLogic - [TIMEDLOGIC] Market is closed
23:15:22.612 [main] INFO  c.sequencer.consumer.LoggingConsumer - [247] 
|----BID-----|
    134 @ 43
    145 @ 76
    300 @ 91
    200 @ 93
    100 @ 95
    154 @ 98
|----ASK-----|
    501 @ 98
   200 @ 101
  5000 @ 110
  5600 @ 119
   453 @ 123
   645 @ 144
   665 @ 167

23:15:22.613 [main] INFO  c.orderbook.OrderBook - [ORDERBOOK] Processing Mkt Data Update
23:15:22.613 [main] INFO  c.o.v.MutatingRemoveAllMarketDataOrdersVisitor - [ORDERBOOK] Removing market data order:MktData(price=43,quantity=134)
23:15:22.613 [main] INFO  c.o.v.MutatingRemoveAllMarketDataOrdersVisitor - [ORDERBOOK] Removing level:43
23:15:22.613 [main] DEBUG c.orderbook.OrderBook - [ORDERBOOK] ASK: Adding orderMktData(price=43,quantity=134)
23:15:22.613 [main] DEBUG c.orderbook.OrderBook - [ORDERBOOK] ASK: Adding orderMktData(price=76,quantity=145)
23:15:22.613 [main] DEBUG c.orderbook.OrderBook - [ORDERBOOK] ASK: Adding orderMktData(price=91,quantity=300)
23:15:22.613 [main] DEBUG c.orderbook.OrderBook - [ORDERBOOK] ASK: Adding orderMktData(price=93,quantity=200)
23:15:22.613 [main] DEBUG c.orderbook.OrderBook - [ORDERBOOK] ASK: Adding orderMktData(price=95,quantity=100)
23:15:22.613 [main] DEBUG c.orderbook.OrderBook - [ORDERBOOK] ASK: Adding orderMktData(price=98,quantity=154)
23:15:22.613 [main] INFO  c.o.v.MutatingMatchOneMarketDataOrderVisitor - [ORDERBOOK] visiting LevelOrderBookLevel(price=43,quantity=134)
23:15:22.613 [main] INFO  c.o.v.MutatingMatchOneMarketDataOrderVisitor - [ORDERBOOK] Can't match order:MktData(price=43,quantity=134)(MktData(price=98,quantity=154))
23:15:22.613 [main] INFO  c.o.v.MutatingRemoveAllMarketDataOrdersVisitor - [ORDERBOOK] Removing market data order:MktData(price=98,quantity=501)
23:15:22.613 [main] INFO  c.o.v.MutatingRemoveAllMarketDataOrdersVisitor - [ORDERBOOK] Removing level:98
23:15:22.613 [main] INFO  c.o.v.MutatingRemoveAllMarketDataOrdersVisitor - [ORDERBOOK] Removing market data order:MktData(price=101,quantity=200)
23:15:22.613 [main] INFO  c.o.v.MutatingRemoveAllMarketDataOrdersVisitor - [ORDERBOOK] Removing level:101
23:15:22.613 [main] INFO  c.o.v.MutatingRemoveAllMarketDataOrdersVisitor - [ORDERBOOK] Removing market data order:MktData(price=110,quantity=5000)
23:15:22.613 [main] INFO  c.o.v.MutatingRemoveAllMarketDataOrdersVisitor - [ORDERBOOK] Removing level:110
23:15:22.613 [main] INFO  c.o.v.MutatingRemoveAllMarketDataOrdersVisitor - [ORDERBOOK] Removing market data order:MktData(price=119,quantity=5600)
23:15:22.613 [main] INFO  c.o.v.MutatingRemoveAllMarketDataOrdersVisitor - [ORDERBOOK] Removing level:119
23:15:22.613 [main] INFO  c.o.v.MutatingRemoveAllMarketDataOrdersVisitor - [ORDERBOOK] Removing market data order:MktData(price=123,quantity=453)
23:15:22.613 [main] INFO  c.o.v.MutatingRemoveAllMarketDataOrdersVisitor - [ORDERBOOK] Removing level:123
23:15:22.613 [main] INFO  c.o.v.MutatingRemoveAllMarketDataOrdersVisitor - [ORDERBOOK] Removing market data order:MktData(price=144,quantity=645)
23:15:22.613 [main] INFO  c.o.v.MutatingRemoveAllMarketDataOrdersVisitor - [ORDERBOOK] Removing level:144
23:15:22.613 [main] INFO  c.o.v.MutatingRemoveAllMarketDataOrdersVisitor - [ORDERBOOK] Removing market data order:MktData(price=167,quantity=665)
23:15:22.613 [main] INFO  c.o.v.MutatingRemoveAllMarketDataOrdersVisitor - [ORDERBOOK] Removing level:167
23:15:22.613 [main] DEBUG c.orderbook.OrderBook - [ORDERBOOK] ASK: Adding orderMktData(price=98,quantity=501)
23:15:22.613 [main] DEBUG c.orderbook.OrderBook - [ORDERBOOK] ASK: Adding orderMktData(price=101,quantity=200)
23:15:22.613 [main] DEBUG c.orderbook.OrderBook - [ORDERBOOK] ASK: Adding orderMktData(price=110,quantity=5000)
23:15:22.613 [main] DEBUG c.orderbook.OrderBook - [ORDERBOOK] ASK: Adding orderMktData(price=119,quantity=5600)
23:15:22.613 [main] DEBUG c.orderbook.OrderBook - [ORDERBOOK] ASK: Adding orderMktData(price=123,quantity=453)
23:15:22.613 [main] DEBUG c.orderbook.OrderBook - [ORDERBOOK] ASK: Adding orderMktData(price=144,quantity=645)
23:15:22.613 [main] DEBUG c.orderbook.OrderBook - [ORDERBOOK] ASK: Adding orderMktData(price=167,quantity=665)
23:15:22.613 [main] DEBUG c.service.MarketDataService - [ALGO] BID: price:43 quantity:134
23:15:22.613 [main] DEBUG c.service.MarketDataService - [ALGO] BID: price:76 quantity:145
23:15:22.613 [main] DEBUG c.service.MarketDataService - [ALGO] BID: price:91 quantity:300
23:15:22.613 [main] DEBUG c.service.MarketDataService - [ALGO] BID: price:93 quantity:200
23:15:22.613 [main] DEBUG c.service.MarketDataService - [ALGO] BID: price:95 quantity:100
23:15:22.613 [main] DEBUG c.service.MarketDataService - [ALGO] BID: price:98 quantity:154
23:15:22.613 [main] DEBUG c.service.MarketDataService - [ALGO] ASK: price:98 quantity:501
23:15:22.613 [main] DEBUG c.service.MarketDataService - [ALGO] ASK: price:101 quantity:200
23:15:22.613 [main] DEBUG c.service.MarketDataService - [ALGO] ASK: price:110 quantity:5000
23:15:22.613 [main] DEBUG c.service.MarketDataService - [ALGO] ASK: price:119 quantity:5600
23:15:22.613 [main] DEBUG c.service.MarketDataService - [ALGO] ASK: price:123 quantity:453
23:15:22.613 [main] DEBUG c.service.MarketDataService - [ALGO] ASK: price:144 quantity:645
23:15:22.613 [main] DEBUG c.service.MarketDataService - [ALGO] ASK: price:167 quantity:665
23:15:22.613 [main] INFO  c.gettingstarted.MyAlgoLogic - [MYALGO] The state of the order book is:
|----BID-----||----ASK----|
    134 @ 43    501 @ 98
    145 @ 76   200 @ 101
    300 @ 91  5000 @ 110
    200 @ 93  5600 @ 119
    100 @ 95   453 @ 123
    154 @ 98   645 @ 144
          -    665 @ 167
|------------||-----------|

23:15:22.613 [main] INFO  c.gettingstarted.MyAlgoLogic - [MYALGO] Algo Sees Book as: 
|----BID-----||----ASK----|
    134 @ 43    501 @ 98
    145 @ 76   200 @ 101
    300 @ 91  5000 @ 110
    200 @ 93  5600 @ 119
    100 @ 95   453 @ 123
    154 @ 98   645 @ 144
          -    665 @ 167
|------------||-----------|

23:15:22.613 [main] INFO  c.gettingstarted.TimedLogic - [TIMEDLOGIC] Market is closed
23:15:22.613 [main] INFO  c.sequencer.consumer.LoggingConsumer - [248] 
|----BID-----|
    134 @ 43
    145 @ 76
    300 @ 91
    200 @ 93
    100 @ 95
    154 @ 98
|----ASK-----|
    501 @ 98
   200 @ 101
  5000 @ 110
  5600 @ 119
   453 @ 123
   645 @ 144
   665 @ 167

23:15:22.613 [main] INFO  c.orderbook.OrderBook - [ORDERBOOK] Processing Mkt Data Update
23:15:22.613 [main] INFO  c.o.v.MutatingRemoveAllMarketDataOrdersVisitor - [ORDERBOOK] Removing market data order:MktData(price=43,quantity=134)
23:15:22.613 [main] INFO  c.o.v.MutatingRemoveAllMarketDataOrdersVisitor - [ORDERBOOK] Removing level:43
23:15:22.613 [main] DEBUG c.orderbook.OrderBook - [ORDERBOOK] ASK: Adding orderMktData(price=43,quantity=134)
23:15:22.613 [main] DEBUG c.orderbook.OrderBook - [ORDERBOOK] ASK: Adding orderMktData(price=76,quantity=145)
23:15:22.613 [main] DEBUG c.orderbook.OrderBook - [ORDERBOOK] ASK: Adding orderMktData(price=91,quantity=300)
23:15:22.613 [main] DEBUG c.orderbook.OrderBook - [ORDERBOOK] ASK: Adding orderMktData(price=93,quantity=200)
23:15:22.613 [main] DEBUG c.orderbook.OrderBook - [ORDERBOOK] ASK: Adding orderMktData(price=95,quantity=100)
23:15:22.613 [main] DEBUG c.orderbook.OrderBook - [ORDERBOOK] ASK: Adding orderMktData(price=98,quantity=154)
23:15:22.613 [main] INFO  c.o.v.MutatingMatchOneMarketDataOrderVisitor - [ORDERBOOK] visiting LevelOrderBookLevel(price=43,quantity=134)
23:15:22.613 [main] INFO  c.o.v.MutatingMatchOneMarketDataOrderVisitor - [ORDERBOOK] Can't match order:MktData(price=43,quantity=134)(MktData(price=98,quantity=154))
23:15:22.613 [main] INFO  c.o.v.MutatingRemoveAllMarketDataOrdersVisitor - [ORDERBOOK] Removing market data order:MktData(price=98,quantity=501)
23:15:22.613 [main] INFO  c.o.v.MutatingRemoveAllMarketDataOrdersVisitor - [ORDERBOOK] Removing level:98
23:15:22.613 [main] INFO  c.o.v.MutatingRemoveAllMarketDataOrdersVisitor - [ORDERBOOK] Removing market data order:MktData(price=101,quantity=200)
23:15:22.613 [main] INFO  c.o.v.MutatingRemoveAllMarketDataOrdersVisitor - [ORDERBOOK] Removing level:101
23:15:22.613 [main] INFO  c.o.v.MutatingRemoveAllMarketDataOrdersVisitor - [ORDERBOOK] Removing market data order:MktData(price=110,quantity=5000)
23:15:22.613 [main] INFO  c.o.v.MutatingRemoveAllMarketDataOrdersVisitor - [ORDERBOOK] Removing level:110
23:15:22.613 [main] INFO  c.o.v.MutatingRemoveAllMarketDataOrdersVisitor - [ORDERBOOK] Removing market data order:MktData(price=119,quantity=5600)
23:15:22.613 [main] INFO  c.o.v.MutatingRemoveAllMarketDataOrdersVisitor - [ORDERBOOK] Removing level:119
23:15:22.613 [main] INFO  c.o.v.MutatingRemoveAllMarketDataOrdersVisitor - [ORDERBOOK] Removing market data order:MktData(price=123,quantity=453)
23:15:22.613 [main] INFO  c.o.v.MutatingRemoveAllMarketDataOrdersVisitor - [ORDERBOOK] Removing level:123
23:15:22.613 [main] INFO  c.o.v.MutatingRemoveAllMarketDataOrdersVisitor - [ORDERBOOK] Removing market data order:MktData(price=144,quantity=645)
23:15:22.613 [main] INFO  c.o.v.MutatingRemoveAllMarketDataOrdersVisitor - [ORDERBOOK] Removing level:144
23:15:22.613 [main] INFO  c.o.v.MutatingRemoveAllMarketDataOrdersVisitor - [ORDERBOOK] Removing market data order:MktData(price=167,quantity=665)
23:15:22.613 [main] INFO  c.o.v.MutatingRemoveAllMarketDataOrdersVisitor - [ORDERBOOK] Removing level:167
23:15:22.613 [main] DEBUG c.orderbook.OrderBook - [ORDERBOOK] ASK: Adding orderMktData(price=98,quantity=501)
23:15:22.613 [main] DEBUG c.orderbook.OrderBook - [ORDERBOOK] ASK: Adding orderMktData(price=101,quantity=200)
23:15:22.613 [main] DEBUG c.orderbook.OrderBook - [ORDERBOOK] ASK: Adding orderMktData(price=110,quantity=5000)
23:15:22.614 [main] DEBUG c.orderbook.OrderBook - [ORDERBOOK] ASK: Adding orderMktData(price=119,quantity=5600)
23:15:22.614 [main] DEBUG c.orderbook.OrderBook - [ORDERBOOK] ASK: Adding orderMktData(price=123,quantity=453)
23:15:22.614 [main] DEBUG c.orderbook.OrderBook - [ORDERBOOK] ASK: Adding orderMktData(price=144,quantity=645)
23:15:22.614 [main] DEBUG c.orderbook.OrderBook - [ORDERBOOK] ASK: Adding orderMktData(price=167,quantity=665)
23:15:22.614 [main] DEBUG c.service.MarketDataService - [ALGO] BID: price:43 quantity:134
23:15:22.614 [main] DEBUG c.service.MarketDataService - [ALGO] BID: price:76 quantity:145
23:15:22.614 [main] DEBUG c.service.MarketDataService - [ALGO] BID: price:91 quantity:300
23:15:22.614 [main] DEBUG c.service.MarketDataService - [ALGO] BID: price:93 quantity:200
23:15:22.614 [main] DEBUG c.service.MarketDataService - [ALGO] BID: price:95 quantity:100
23:15:22.614 [main] DEBUG c.service.MarketDataService - [ALGO] BID: price:98 quantity:154
23:15:22.614 [main] DEBUG c.service.MarketDataService - [ALGO] ASK: price:98 quantity:501
23:15:22.614 [main] DEBUG c.service.MarketDataService - [ALGO] ASK: price:101 quantity:200
23:15:22.614 [main] DEBUG c.service.MarketDataService - [ALGO] ASK: price:110 quantity:5000
23:15:22.614 [main] DEBUG c.service.MarketDataService - [ALGO] ASK: price:119 quantity:5600
23:15:22.614 [main] DEBUG c.service.MarketDataService - [ALGO] ASK: price:123 quantity:453
23:15:22.614 [main] DEBUG c.service.MarketDataService - [ALGO] ASK: price:144 quantity:645
23:15:22.614 [main] DEBUG c.service.MarketDataService - [ALGO] ASK: price:167 quantity:665
23:15:22.614 [main] INFO  c.gettingstarted.MyAlgoLogic - [MYALGO] The state of the order book is:
|----BID-----||----ASK----|
    134 @ 43    501 @ 98
    145 @ 76   200 @ 101
    300 @ 91  5000 @ 110
    200 @ 93  5600 @ 119
    100 @ 95   453 @ 123
    154 @ 98   645 @ 144
          -    665 @ 167
|------------||-----------|

23:15:22.614 [main] INFO  c.gettingstarted.MyAlgoLogic - [MYALGO] Algo Sees Book as: 
|----BID-----||----ASK----|
    134 @ 43    501 @ 98
    145 @ 76   200 @ 101
    300 @ 91  5000 @ 110
    200 @ 93  5600 @ 119
    100 @ 95   453 @ 123
    154 @ 98   645 @ 144
          -    665 @ 167
|------------||-----------|

23:15:22.614 [main] INFO  c.gettingstarted.TimedLogic - [TIMEDLOGIC] Market is closed
23:15:22.614 [main] INFO  c.sequencer.consumer.LoggingConsumer - [249] 
|----BID-----|
    134 @ 43
    145 @ 76
    300 @ 91
    200 @ 93
    100 @ 95
    154 @ 98
|----ASK-----|
    501 @ 98
   200 @ 101
  5000 @ 110
  5600 @ 119
   453 @ 123
   645 @ 144
   665 @ 167

23:15:22.614 [main] INFO  c.orderbook.OrderBook - [ORDERBOOK] Processing Mkt Data Update
23:15:22.614 [main] INFO  c.o.v.MutatingRemoveAllMarketDataOrdersVisitor - [ORDERBOOK] Removing market data order:MktData(price=43,quantity=134)
23:15:22.614 [main] INFO  c.o.v.MutatingRemoveAllMarketDataOrdersVisitor - [ORDERBOOK] Removing level:43
23:15:22.614 [main] DEBUG c.orderbook.OrderBook - [ORDERBOOK] ASK: Adding orderMktData(price=43,quantity=134)
23:15:22.614 [main] DEBUG c.orderbook.OrderBook - [ORDERBOOK] ASK: Adding orderMktData(price=76,quantity=145)
23:15:22.614 [main] DEBUG c.orderbook.OrderBook - [ORDERBOOK] ASK: Adding orderMktData(price=91,quantity=300)
23:15:22.614 [main] DEBUG c.orderbook.OrderBook - [ORDERBOOK] ASK: Adding orderMktData(price=93,quantity=200)
23:15:22.614 [main] DEBUG c.orderbook.OrderBook - [ORDERBOOK] ASK: Adding orderMktData(price=95,quantity=100)
23:15:22.614 [main] DEBUG c.orderbook.OrderBook - [ORDERBOOK] ASK: Adding orderMktData(price=98,quantity=154)
23:15:22.614 [main] INFO  c.o.v.MutatingMatchOneMarketDataOrderVisitor - [ORDERBOOK] visiting LevelOrderBookLevel(price=43,quantity=134)
23:15:22.614 [main] INFO  c.o.v.MutatingMatchOneMarketDataOrderVisitor - [ORDERBOOK] Can't match order:MktData(price=43,quantity=134)(MktData(price=98,quantity=154))
23:15:22.614 [main] INFO  c.o.v.MutatingRemoveAllMarketDataOrdersVisitor - [ORDERBOOK] Removing market data order:MktData(price=98,quantity=501)
23:15:22.614 [main] INFO  c.o.v.MutatingRemoveAllMarketDataOrdersVisitor - [ORDERBOOK] Removing level:98
23:15:22.614 [main] INFO  c.o.v.MutatingRemoveAllMarketDataOrdersVisitor - [ORDERBOOK] Removing market data order:MktData(price=101,quantity=200)
23:15:22.614 [main] INFO  c.o.v.MutatingRemoveAllMarketDataOrdersVisitor - [ORDERBOOK] Removing level:101
23:15:22.614 [main] INFO  c.o.v.MutatingRemoveAllMarketDataOrdersVisitor - [ORDERBOOK] Removing market data order:MktData(price=110,quantity=5000)
23:15:22.614 [main] INFO  c.o.v.MutatingRemoveAllMarketDataOrdersVisitor - [ORDERBOOK] Removing level:110
23:15:22.614 [main] INFO  c.o.v.MutatingRemoveAllMarketDataOrdersVisitor - [ORDERBOOK] Removing market data order:MktData(price=119,quantity=5600)
23:15:22.614 [main] INFO  c.o.v.MutatingRemoveAllMarketDataOrdersVisitor - [ORDERBOOK] Removing level:119
23:15:22.614 [main] INFO  c.o.v.MutatingRemoveAllMarketDataOrdersVisitor - [ORDERBOOK] Removing market data order:MktData(price=123,quantity=453)
23:15:22.614 [main] INFO  c.o.v.MutatingRemoveAllMarketDataOrdersVisitor - [ORDERBOOK] Removing level:123
23:15:22.614 [main] INFO  c.o.v.MutatingRemoveAllMarketDataOrdersVisitor - [ORDERBOOK] Removing market data order:MktData(price=144,quantity=645)
23:15:22.614 [main] INFO  c.o.v.MutatingRemoveAllMarketDataOrdersVisitor - [ORDERBOOK] Removing level:144
23:15:22.614 [main] INFO  c.o.v.MutatingRemoveAllMarketDataOrdersVisitor - [ORDERBOOK] Removing market data order:MktData(price=167,quantity=665)
23:15:22.614 [main] INFO  c.o.v.MutatingRemoveAllMarketDataOrdersVisitor - [ORDERBOOK] Removing level:167
23:15:22.614 [main] DEBUG c.orderbook.OrderBook - [ORDERBOOK] ASK: Adding orderMktData(price=98,quantity=501)
23:15:22.614 [main] DEBUG c.orderbook.OrderBook - [ORDERBOOK] ASK: Adding orderMktData(price=101,quantity=200)
23:15:22.614 [main] DEBUG c.orderbook.OrderBook - [ORDERBOOK] ASK: Adding orderMktData(price=110,quantity=5000)
23:15:22.614 [main] DEBUG c.orderbook.OrderBook - [ORDERBOOK] ASK: Adding orderMktData(price=119,quantity=5600)
23:15:22.614 [main] DEBUG c.orderbook.OrderBook - [ORDERBOOK] ASK: Adding orderMktData(price=123,quantity=453)
23:15:22.614 [main] DEBUG c.orderbook.OrderBook - [ORDERBOOK] ASK: Adding orderMktData(price=144,quantity=645)
23:15:22.614 [main] DEBUG c.orderbook.OrderBook - [ORDERBOOK] ASK: Adding orderMktData(price=167,quantity=665)
23:15:22.614 [main] DEBUG c.service.MarketDataService - [ALGO] BID: price:43 quantity:134
23:15:22.614 [main] DEBUG c.service.MarketDataService - [ALGO] BID: price:76 quantity:145
23:15:22.614 [main] DEBUG c.service.MarketDataService - [ALGO] BID: price:91 quantity:300
23:15:22.614 [main] DEBUG c.service.MarketDataService - [ALGO] BID: price:93 quantity:200
23:15:22.614 [main] DEBUG c.service.MarketDataService - [ALGO] BID: price:95 quantity:100
23:15:22.614 [main] DEBUG c.service.MarketDataService - [ALGO] BID: price:98 quantity:154
23:15:22.614 [main] DEBUG c.service.MarketDataService - [ALGO] ASK: price:98 quantity:501
23:15:22.614 [main] DEBUG c.service.MarketDataService - [ALGO] ASK: price:101 quantity:200
23:15:22.615 [main] DEBUG c.service.MarketDataService - [ALGO] ASK: price:110 quantity:5000
23:15:22.615 [main] DEBUG c.service.MarketDataService - [ALGO] ASK: price:119 quantity:5600
23:15:22.615 [main] DEBUG c.service.MarketDataService - [ALGO] ASK: price:123 quantity:453
23:15:22.615 [main] DEBUG c.service.MarketDataService - [ALGO] ASK: price:144 quantity:645
23:15:22.615 [main] DEBUG c.service.MarketDataService - [ALGO] ASK: price:167 quantity:665
23:15:22.615 [main] INFO  c.gettingstarted.MyAlgoLogic - [MYALGO] The state of the order book is:
|----BID-----||----ASK----|
    134 @ 43    501 @ 98
    145 @ 76   200 @ 101
    300 @ 91  5000 @ 110
    200 @ 93  5600 @ 119
    100 @ 95   453 @ 123
    154 @ 98   645 @ 144
          -    665 @ 167
|------------||-----------|

23:15:22.615 [main] INFO  c.gettingstarted.MyAlgoLogic - [MYALGO] Algo Sees Book as: 
|----BID-----||----ASK----|
    134 @ 43    501 @ 98
    145 @ 76   200 @ 101
    300 @ 91  5000 @ 110
    200 @ 93  5600 @ 119
    100 @ 95   453 @ 123
    154 @ 98   645 @ 144
          -    665 @ 167
|------------||-----------|

23:15:22.615 [main] INFO  c.gettingstarted.TimedLogic - [TIMEDLOGIC] Market is closed
23:15:22.615 [main] INFO  c.sequencer.consumer.LoggingConsumer - [250] 
|----BID-----|
    134 @ 43
    145 @ 76
    300 @ 91
    200 @ 93
    100 @ 95
    154 @ 98
|----ASK-----|
    501 @ 98
   200 @ 101
  5000 @ 110
  5600 @ 119
   453 @ 123
   645 @ 144
   665 @ 167

23:15:22.615 [main] INFO  c.orderbook.OrderBook - [ORDERBOOK] Processing Mkt Data Update
23:15:22.615 [main] INFO  c.o.v.MutatingRemoveAllMarketDataOrdersVisitor - [ORDERBOOK] Removing market data order:MktData(price=43,quantity=134)
23:15:22.615 [main] INFO  c.o.v.MutatingRemoveAllMarketDataOrdersVisitor - [ORDERBOOK] Removing level:43
23:15:22.615 [main] DEBUG c.orderbook.OrderBook - [ORDERBOOK] ASK: Adding orderMktData(price=43,quantity=134)
23:15:22.615 [main] DEBUG c.orderbook.OrderBook - [ORDERBOOK] ASK: Adding orderMktData(price=76,quantity=145)
23:15:22.615 [main] DEBUG c.orderbook.OrderBook - [ORDERBOOK] ASK: Adding orderMktData(price=91,quantity=300)
23:15:22.615 [main] DEBUG c.orderbook.OrderBook - [ORDERBOOK] ASK: Adding orderMktData(price=93,quantity=200)
23:15:22.615 [main] DEBUG c.orderbook.OrderBook - [ORDERBOOK] ASK: Adding orderMktData(price=95,quantity=100)
23:15:22.615 [main] DEBUG c.orderbook.OrderBook - [ORDERBOOK] ASK: Adding orderMktData(price=98,quantity=154)
23:15:22.615 [main] INFO  c.o.v.MutatingMatchOneMarketDataOrderVisitor - [ORDERBOOK] visiting LevelOrderBookLevel(price=43,quantity=134)
23:15:22.615 [main] INFO  c.o.v.MutatingMatchOneMarketDataOrderVisitor - [ORDERBOOK] Can't match order:MktData(price=43,quantity=134)(MktData(price=98,quantity=154))
23:15:22.615 [main] INFO  c.o.v.MutatingRemoveAllMarketDataOrdersVisitor - [ORDERBOOK] Removing market data order:MktData(price=98,quantity=501)
23:15:22.615 [main] INFO  c.o.v.MutatingRemoveAllMarketDataOrdersVisitor - [ORDERBOOK] Removing level:98
23:15:22.615 [main] INFO  c.o.v.MutatingRemoveAllMarketDataOrdersVisitor - [ORDERBOOK] Removing market data order:MktData(price=101,quantity=200)
23:15:22.615 [main] INFO  c.o.v.MutatingRemoveAllMarketDataOrdersVisitor - [ORDERBOOK] Removing level:101
23:15:22.615 [main] INFO  c.o.v.MutatingRemoveAllMarketDataOrdersVisitor - [ORDERBOOK] Removing market data order:MktData(price=110,quantity=5000)
23:15:22.615 [main] INFO  c.o.v.MutatingRemoveAllMarketDataOrdersVisitor - [ORDERBOOK] Removing level:110
23:15:22.615 [main] INFO  c.o.v.MutatingRemoveAllMarketDataOrdersVisitor - [ORDERBOOK] Removing market data order:MktData(price=119,quantity=5600)
23:15:22.615 [main] INFO  c.o.v.MutatingRemoveAllMarketDataOrdersVisitor - [ORDERBOOK] Removing level:119
23:15:22.615 [main] INFO  c.o.v.MutatingRemoveAllMarketDataOrdersVisitor - [ORDERBOOK] Removing market data order:MktData(price=123,quantity=453)
23:15:22.615 [main] INFO  c.o.v.MutatingRemoveAllMarketDataOrdersVisitor - [ORDERBOOK] Removing level:123
23:15:22.615 [main] INFO  c.o.v.MutatingRemoveAllMarketDataOrdersVisitor - [ORDERBOOK] Removing market data order:MktData(price=144,quantity=645)
23:15:22.615 [main] INFO  c.o.v.MutatingRemoveAllMarketDataOrdersVisitor - [ORDERBOOK] Removing level:144
23:15:22.615 [main] INFO  c.o.v.MutatingRemoveAllMarketDataOrdersVisitor - [ORDERBOOK] Removing market data order:MktData(price=167,quantity=665)
23:15:22.615 [main] INFO  c.o.v.MutatingRemoveAllMarketDataOrdersVisitor - [ORDERBOOK] Removing level:167
23:15:22.615 [main] DEBUG c.orderbook.OrderBook - [ORDERBOOK] ASK: Adding orderMktData(price=98,quantity=501)
23:15:22.615 [main] DEBUG c.orderbook.OrderBook - [ORDERBOOK] ASK: Adding orderMktData(price=101,quantity=200)
23:15:22.615 [main] DEBUG c.orderbook.OrderBook - [ORDERBOOK] ASK: Adding orderMktData(price=110,quantity=5000)
23:15:22.615 [main] DEBUG c.orderbook.OrderBook - [ORDERBOOK] ASK: Adding orderMktData(price=119,quantity=5600)
23:15:22.615 [main] DEBUG c.orderbook.OrderBook - [ORDERBOOK] ASK: Adding orderMktData(price=123,quantity=453)
23:15:22.615 [main] DEBUG c.orderbook.OrderBook - [ORDERBOOK] ASK: Adding orderMktData(price=144,quantity=645)
23:15:22.615 [main] DEBUG c.orderbook.OrderBook - [ORDERBOOK] ASK: Adding orderMktData(price=167,quantity=665)
23:15:22.615 [main] DEBUG c.service.MarketDataService - [ALGO] BID: price:43 quantity:134
23:15:22.615 [main] DEBUG c.service.MarketDataService - [ALGO] BID: price:76 quantity:145
23:15:22.615 [main] DEBUG c.service.MarketDataService - [ALGO] BID: price:91 quantity:300
23:15:22.615 [main] DEBUG c.service.MarketDataService - [ALGO] BID: price:93 quantity:200
23:15:22.615 [main] DEBUG c.service.MarketDataService - [ALGO] BID: price:95 quantity:100
23:15:22.615 [main] DEBUG c.service.MarketDataService - [ALGO] BID: price:98 quantity:154
23:15:22.615 [main] DEBUG c.service.MarketDataService - [ALGO] ASK: price:98 quantity:501
23:15:22.615 [main] DEBUG c.service.MarketDataService - [ALGO] ASK: price:101 quantity:200
23:15:22.615 [main] DEBUG c.service.MarketDataService - [ALGO] ASK: price:110 quantity:5000
23:15:22.615 [main] DEBUG c.service.MarketDataService - [ALGO] ASK: price:119 quantity:5600
23:15:22.615 [main] DEBUG c.service.MarketDataService - [ALGO] ASK: price:123 quantity:453
23:15:22.615 [main] DEBUG c.service.MarketDataService - [ALGO] ASK: price:144 quantity:645
23:15:22.615 [main] DEBUG c.service.MarketDataService - [ALGO] ASK: price:167 quantity:665
23:15:22.615 [main] INFO  c.gettingstarted.MyAlgoLogic - [MYALGO] The state of the order book is:
|----BID-----||----ASK----|
    134 @ 43    501 @ 98
    145 @ 76   200 @ 101
    300 @ 91  5000 @ 110
    200 @ 93  5600 @ 119
    100 @ 95   453 @ 123
    154 @ 98   645 @ 144
          -    665 @ 167
|------------||-----------|

23:15:22.616 [main] INFO  c.gettingstarted.MyAlgoLogic - [MYALGO] Algo Sees Book as: 
|----BID-----||----ASK----|
    134 @ 43    501 @ 98
    145 @ 76   200 @ 101
    300 @ 91  5000 @ 110
    200 @ 93  5600 @ 119
    100 @ 95   453 @ 123
    154 @ 98   645 @ 144
          -    665 @ 167
|------------||-----------|

23:15:22.616 [main] INFO  c.gettingstarted.TimedLogic - [TIMEDLOGIC] Market is closed
23:15:22.616 [main] INFO  c.gettingstarted.MyAlgoLogic - [MYALGOBACKTEST] orders have exceeded target.
]]></system-out>
  </testcase>
  <testcase name="testMarketOpen" classname="codingblackfemales.gettingstarted.MyAlgoBackTest" time="0.011">
    <failure type="java.lang.AssertionError"><![CDATA[java.lang.AssertionError
	at org.junit.Assert.fail(Assert.java:86)
	at org.junit.Assert.assertTrue(Assert.java:41)
	at org.junit.Assert.assertTrue(Assert.java:52)
	at codingblackfemales.gettingstarted.MyAlgoBackTest.testMarketOpen(MyAlgoBackTest.java:97)
	at java.base/jdk.internal.reflect.NativeMethodAccessorImpl.invoke0(Native Method)
	at java.base/jdk.internal.reflect.NativeMethodAccessorImpl.invoke(NativeMethodAccessorImpl.java:77)
	at java.base/jdk.internal.reflect.DelegatingMethodAccessorImpl.invoke(DelegatingMethodAccessorImpl.java:43)
	at java.base/java.lang.reflect.Method.invoke(Method.java:568)
	at org.junit.runners.model.FrameworkMethod$1.runReflectiveCall(FrameworkMethod.java:47)
	at org.junit.internal.runners.model.ReflectiveCallable.run(ReflectiveCallable.java:12)
	at org.junit.runners.model.FrameworkMethod.invokeExplosively(FrameworkMethod.java:44)
	at org.junit.internal.runners.statements.InvokeMethod.evaluate(InvokeMethod.java:17)
	at org.junit.runners.ParentRunner.runLeaf(ParentRunner.java:271)
	at org.junit.runners.BlockJUnit4ClassRunner.runChild(BlockJUnit4ClassRunner.java:70)
	at org.junit.runners.BlockJUnit4ClassRunner.runChild(BlockJUnit4ClassRunner.java:50)
	at org.junit.runners.ParentRunner$3.run(ParentRunner.java:238)
	at org.junit.runners.ParentRunner$1.schedule(ParentRunner.java:63)
	at org.junit.runners.ParentRunner.runChildren(ParentRunner.java:236)
	at org.junit.runners.ParentRunner.access$000(ParentRunner.java:53)
	at org.junit.runners.ParentRunner$2.evaluate(ParentRunner.java:229)
	at org.junit.runners.ParentRunner.run(ParentRunner.java:309)
	at org.apache.maven.surefire.junit4.JUnit4Provider.execute(JUnit4Provider.java:316)
	at org.apache.maven.surefire.junit4.JUnit4Provider.executeWithRerun(JUnit4Provider.java:240)
	at org.apache.maven.surefire.junit4.JUnit4Provider.executeTestSet(JUnit4Provider.java:214)
	at org.apache.maven.surefire.junit4.JUnit4Provider.invoke(JUnit4Provider.java:155)
	at org.apache.maven.surefire.booter.ForkedBooter.runSuitesInProcess(ForkedBooter.java:385)
	at org.apache.maven.surefire.booter.ForkedBooter.execute(ForkedBooter.java:162)
	at org.apache.maven.surefire.booter.ForkedBooter.run(ForkedBooter.java:507)
	at org.apache.maven.surefire.booter.ForkedBooter.main(ForkedBooter.java:495)
]]></failure>
    <system-out><![CDATA[23:15:22.617 [main] INFO  c.gettingstarted.TimedLogic - [TIMEDLOGIC] Market is closed
]]></system-out>
  </testcase>
  <testcase name="testMarketClosed" classname="codingblackfemales.gettingstarted.MyAlgoBackTest" time="0.001">
    <system-out><![CDATA[23:15:22.625 [main] INFO  c.gettingstarted.TimedLogic - [TIMEDLOGIC] Market is closed
]]></system-out>
  </testcase>
  <testcase name="testExampleBackTest" classname="codingblackfemales.gettingstarted.MyAlgoBackTest" time="0.0">
    <failure message="expected:&lt;0&gt; but was:&lt;16&gt;" type="java.lang.AssertionError"><![CDATA[java.lang.AssertionError: expected:<0> but was:<16>
	at org.junit.Assert.fail(Assert.java:88)
	at org.junit.Assert.failNotEquals(Assert.java:743)
	at org.junit.Assert.assertEquals(Assert.java:118)
	at org.junit.Assert.assertEquals(Assert.java:555)
	at org.junit.Assert.assertEquals(Assert.java:542)
	at codingblackfemales.gettingstarted.MyAlgoBackTest.testExampleBackTest(MyAlgoBackTest.java:52)
	at java.base/jdk.internal.reflect.NativeMethodAccessorImpl.invoke0(Native Method)
	at java.base/jdk.internal.reflect.NativeMethodAccessorImpl.invoke(NativeMethodAccessorImpl.java:77)
	at java.base/jdk.internal.reflect.DelegatingMethodAccessorImpl.invoke(DelegatingMethodAccessorImpl.java:43)
	at java.base/java.lang.reflect.Method.invoke(Method.java:568)
	at org.junit.runners.model.FrameworkMethod$1.runReflectiveCall(FrameworkMethod.java:47)
	at org.junit.internal.runners.model.ReflectiveCallable.run(ReflectiveCallable.java:12)
	at org.junit.runners.model.FrameworkMethod.invokeExplosively(FrameworkMethod.java:44)
	at org.junit.internal.runners.statements.InvokeMethod.evaluate(InvokeMethod.java:17)
	at org.junit.runners.ParentRunner.runLeaf(ParentRunner.java:271)
	at org.junit.runners.BlockJUnit4ClassRunner.runChild(BlockJUnit4ClassRunner.java:70)
	at org.junit.runners.BlockJUnit4ClassRunner.runChild(BlockJUnit4ClassRunner.java:50)
	at org.junit.runners.ParentRunner$3.run(ParentRunner.java:238)
	at org.junit.runners.ParentRunner$1.schedule(ParentRunner.java:63)
	at org.junit.runners.ParentRunner.runChildren(ParentRunner.java:236)
	at org.junit.runners.ParentRunner.access$000(ParentRunner.java:53)
	at org.junit.runners.ParentRunner$2.evaluate(ParentRunner.java:229)
	at org.junit.runners.ParentRunner.run(ParentRunner.java:309)
	at org.apache.maven.surefire.junit4.JUnit4Provider.execute(JUnit4Provider.java:316)
	at org.apache.maven.surefire.junit4.JUnit4Provider.executeWithRerun(JUnit4Provider.java:240)
	at org.apache.maven.surefire.junit4.JUnit4Provider.executeTestSet(JUnit4Provider.java:214)
	at org.apache.maven.surefire.junit4.JUnit4Provider.invoke(JUnit4Provider.java:155)
	at org.apache.maven.surefire.booter.ForkedBooter.runSuitesInProcess(ForkedBooter.java:385)
	at org.apache.maven.surefire.booter.ForkedBooter.execute(ForkedBooter.java:162)
	at org.apache.maven.surefire.booter.ForkedBooter.run(ForkedBooter.java:507)
	at org.apache.maven.surefire.booter.ForkedBooter.main(ForkedBooter.java:495)
]]></failure>
    <system-out><![CDATA[23:15:22.626 [main] INFO  c.sequencer.consumer.LoggingConsumer - [1] 
|----BID-----|
    100 @ 98
    200 @ 95
    300 @ 91
|----ASK-----|
   101 @ 100
   200 @ 110
  5000 @ 115
  5600 @ 119

23:15:22.626 [main] INFO  c.orderbook.OrderBook - [ORDERBOOK] Processing Mkt Data Update
23:15:22.626 [main] DEBUG c.orderbook.OrderBook - [ORDERBOOK] ASK: Adding orderMktData(price=98,quantity=100)
23:15:22.626 [main] DEBUG c.orderbook.OrderBook - [ORDERBOOK] ASK: Adding orderMktData(price=95,quantity=200)
23:15:22.626 [main] DEBUG c.orderbook.OrderBook - [ORDERBOOK] ASK: Adding orderMktData(price=91,quantity=300)
23:15:22.626 [main] DEBUG c.orderbook.OrderBook - [ORDERBOOK] ASK: Adding orderMktData(price=100,quantity=101)
23:15:22.626 [main] DEBUG c.orderbook.OrderBook - [ORDERBOOK] ASK: Adding orderMktData(price=110,quantity=200)
23:15:22.626 [main] DEBUG c.orderbook.OrderBook - [ORDERBOOK] ASK: Adding orderMktData(price=115,quantity=5000)
23:15:22.626 [main] DEBUG c.orderbook.OrderBook - [ORDERBOOK] ASK: Adding orderMktData(price=119,quantity=5600)
23:15:22.626 [main] DEBUG c.service.MarketDataService - [ALGO] BID: price:98 quantity:100
23:15:22.626 [main] DEBUG c.service.MarketDataService - [ALGO] BID: price:95 quantity:200
23:15:22.626 [main] DEBUG c.service.MarketDataService - [ALGO] BID: price:91 quantity:300
23:15:22.626 [main] DEBUG c.service.MarketDataService - [ALGO] ASK: price:100 quantity:101
23:15:22.626 [main] DEBUG c.service.MarketDataService - [ALGO] ASK: price:110 quantity:200
23:15:22.626 [main] DEBUG c.service.MarketDataService - [ALGO] ASK: price:115 quantity:5000
23:15:22.626 [main] DEBUG c.service.MarketDataService - [ALGO] ASK: price:119 quantity:5600
23:15:22.626 [main] INFO  c.gettingstarted.MyAlgoLogic - [MYALGO] The state of the order book is:
|----BID-----||----ASK----|
    100 @ 98   101 @ 100
    200 @ 95   200 @ 110
    300 @ 91  5000 @ 115
          -   5600 @ 119
|------------||-----------|

23:15:22.626 [main] INFO  c.gettingstarted.MyAlgoLogic - [MYALGO] Algo Sees Book as: 
|----BID-----||----ASK----|
    100 @ 98   101 @ 100
    200 @ 95   200 @ 110
    300 @ 91  5000 @ 115
          -   5600 @ 119
|------------||-----------|

23:15:22.626 [main] INFO  c.gettingstarted.TimedLogic - [TIMEDLOGIC] Market is closed
]]></system-out>
  </testcase>
  <testcase name="testOrderPlacement" classname="codingblackfemales.gettingstarted.MyAlgoBackTest" time="0.005">
    <failure type="java.lang.AssertionError"><![CDATA[java.lang.AssertionError
	at org.junit.Assert.fail(Assert.java:86)
	at org.junit.Assert.assertTrue(Assert.java:41)
	at org.junit.Assert.assertTrue(Assert.java:52)
	at codingblackfemales.gettingstarted.MyAlgoBackTest.testOrderPlacement(MyAlgoBackTest.java:124)
	at java.base/jdk.internal.reflect.NativeMethodAccessorImpl.invoke0(Native Method)
	at java.base/jdk.internal.reflect.NativeMethodAccessorImpl.invoke(NativeMethodAccessorImpl.java:77)
	at java.base/jdk.internal.reflect.DelegatingMethodAccessorImpl.invoke(DelegatingMethodAccessorImpl.java:43)
	at java.base/java.lang.reflect.Method.invoke(Method.java:568)
	at org.junit.runners.model.FrameworkMethod$1.runReflectiveCall(FrameworkMethod.java:47)
	at org.junit.internal.runners.model.ReflectiveCallable.run(ReflectiveCallable.java:12)
	at org.junit.runners.model.FrameworkMethod.invokeExplosively(FrameworkMethod.java:44)
	at org.junit.internal.runners.statements.InvokeMethod.evaluate(InvokeMethod.java:17)
	at org.junit.runners.ParentRunner.runLeaf(ParentRunner.java:271)
	at org.junit.runners.BlockJUnit4ClassRunner.runChild(BlockJUnit4ClassRunner.java:70)
	at org.junit.runners.BlockJUnit4ClassRunner.runChild(BlockJUnit4ClassRunner.java:50)
	at org.junit.runners.ParentRunner$3.run(ParentRunner.java:238)
	at org.junit.runners.ParentRunner$1.schedule(ParentRunner.java:63)
	at org.junit.runners.ParentRunner.runChildren(ParentRunner.java:236)
	at org.junit.runners.ParentRunner.access$000(ParentRunner.java:53)
	at org.junit.runners.ParentRunner$2.evaluate(ParentRunner.java:229)
	at org.junit.runners.ParentRunner.run(ParentRunner.java:309)
	at org.apache.maven.surefire.junit4.JUnit4Provider.execute(JUnit4Provider.java:316)
	at org.apache.maven.surefire.junit4.JUnit4Provider.executeWithRerun(JUnit4Provider.java:240)
	at org.apache.maven.surefire.junit4.JUnit4Provider.executeTestSet(JUnit4Provider.java:214)
	at org.apache.maven.surefire.junit4.JUnit4Provider.invoke(JUnit4Provider.java:155)
	at org.apache.maven.surefire.booter.ForkedBooter.runSuitesInProcess(ForkedBooter.java:385)
	at org.apache.maven.surefire.booter.ForkedBooter.execute(ForkedBooter.java:162)
	at org.apache.maven.surefire.booter.ForkedBooter.run(ForkedBooter.java:507)
	at org.apache.maven.surefire.booter.ForkedBooter.main(ForkedBooter.java:495)
]]></failure>
    <system-out><![CDATA[23:15:22.631 [main] INFO  c.sequencer.consumer.LoggingConsumer - [1] 
|----BID-----|
    154 @ 98
|----ASK-----|
   453 @ 123

23:15:22.631 [main] INFO  c.orderbook.OrderBook - [ORDERBOOK] Processing Mkt Data Update
23:15:22.631 [main] DEBUG c.orderbook.OrderBook - [ORDERBOOK] ASK: Adding orderMktData(price=98,quantity=154)
23:15:22.631 [main] DEBUG c.orderbook.OrderBook - [ORDERBOOK] ASK: Adding orderMktData(price=123,quantity=453)
23:15:22.631 [main] DEBUG c.service.MarketDataService - [ALGO] BID: price:98 quantity:154
23:15:22.631 [main] DEBUG c.service.MarketDataService - [ALGO] ASK: price:123 quantity:453
23:15:22.631 [main] INFO  c.gettingstarted.MyAlgoLogic - [MYALGO] The state of the order book is:
|----BID-----||----ASK----|
    154 @ 98   453 @ 123
|------------||-----------|

23:15:22.631 [main] INFO  c.gettingstarted.MyAlgoLogic - [MYALGO] Algo Sees Book as: 
|----BID-----||----ASK----|
    154 @ 98   453 @ 123
|------------||-----------|

23:15:22.632 [main] INFO  c.gettingstarted.TimedLogic - [TIMEDLOGIC] Market is closed
]]></system-out>
  </testcase>
  <testcase name="testsCancelledOrders" classname="codingblackfemales.gettingstarted.MyAlgoBackTest" time="0.026">
    <failure message="expected:&lt;10&gt; but was:&lt;0&gt;" type="java.lang.AssertionError"><![CDATA[java.lang.AssertionError: expected:<10> but was:<0>
	at org.junit.Assert.fail(Assert.java:88)
	at org.junit.Assert.failNotEquals(Assert.java:743)
	at org.junit.Assert.assertEquals(Assert.java:118)
	at org.junit.Assert.assertEquals(Assert.java:555)
	at org.junit.Assert.assertEquals(Assert.java:542)
	at codingblackfemales.gettingstarted.MyAlgoBackTest.testsCancelledOrders(MyAlgoBackTest.java:111)
	at java.base/jdk.internal.reflect.NativeMethodAccessorImpl.invoke0(Native Method)
	at java.base/jdk.internal.reflect.NativeMethodAccessorImpl.invoke(NativeMethodAccessorImpl.java:77)
	at java.base/jdk.internal.reflect.DelegatingMethodAccessorImpl.invoke(DelegatingMethodAccessorImpl.java:43)
	at java.base/java.lang.reflect.Method.invoke(Method.java:568)
	at org.junit.runners.model.FrameworkMethod$1.runReflectiveCall(FrameworkMethod.java:47)
	at org.junit.internal.runners.model.ReflectiveCallable.run(ReflectiveCallable.java:12)
	at org.junit.runners.model.FrameworkMethod.invokeExplosively(FrameworkMethod.java:44)
	at org.junit.internal.runners.statements.InvokeMethod.evaluate(InvokeMethod.java:17)
	at org.junit.runners.ParentRunner.runLeaf(ParentRunner.java:271)
	at org.junit.runners.BlockJUnit4ClassRunner.runChild(BlockJUnit4ClassRunner.java:70)
	at org.junit.runners.BlockJUnit4ClassRunner.runChild(BlockJUnit4ClassRunner.java:50)
	at org.junit.runners.ParentRunner$3.run(ParentRunner.java:238)
	at org.junit.runners.ParentRunner$1.schedule(ParentRunner.java:63)
	at org.junit.runners.ParentRunner.runChildren(ParentRunner.java:236)
	at org.junit.runners.ParentRunner.access$000(ParentRunner.java:53)
	at org.junit.runners.ParentRunner$2.evaluate(ParentRunner.java:229)
	at org.junit.runners.ParentRunner.run(ParentRunner.java:309)
	at org.apache.maven.surefire.junit4.JUnit4Provider.execute(JUnit4Provider.java:316)
	at org.apache.maven.surefire.junit4.JUnit4Provider.executeWithRerun(JUnit4Provider.java:240)
	at org.apache.maven.surefire.junit4.JUnit4Provider.executeTestSet(JUnit4Provider.java:214)
	at org.apache.maven.surefire.junit4.JUnit4Provider.invoke(JUnit4Provider.java:155)
	at org.apache.maven.surefire.booter.ForkedBooter.runSuitesInProcess(ForkedBooter.java:385)
	at org.apache.maven.surefire.booter.ForkedBooter.execute(ForkedBooter.java:162)
	at org.apache.maven.surefire.booter.ForkedBooter.run(ForkedBooter.java:507)
	at org.apache.maven.surefire.booter.ForkedBooter.main(ForkedBooter.java:495)
]]></failure>
    <system-out><![CDATA[23:15:22.643 [main] INFO  c.sequencer.consumer.LoggingConsumer - [1] 
|----BID-----|
    100 @ 95
    200 @ 93
    300 @ 91
|----ASK-----|
    501 @ 98
   200 @ 101
  5000 @ 110
  5600 @ 119

23:15:22.643 [main] INFO  c.orderbook.OrderBook - [ORDERBOOK] Processing Mkt Data Update
23:15:22.643 [main] DEBUG c.orderbook.OrderBook - [ORDERBOOK] ASK: Adding orderMktData(price=95,quantity=100)
23:15:22.643 [main] DEBUG c.orderbook.OrderBook - [ORDERBOOK] ASK: Adding orderMktData(price=93,quantity=200)
23:15:22.643 [main] DEBUG c.orderbook.OrderBook - [ORDERBOOK] ASK: Adding orderMktData(price=91,quantity=300)
23:15:22.643 [main] DEBUG c.orderbook.OrderBook - [ORDERBOOK] ASK: Adding orderMktData(price=98,quantity=501)
23:15:22.643 [main] DEBUG c.orderbook.OrderBook - [ORDERBOOK] ASK: Adding orderMktData(price=101,quantity=200)
23:15:22.643 [main] DEBUG c.orderbook.OrderBook - [ORDERBOOK] ASK: Adding orderMktData(price=110,quantity=5000)
23:15:22.643 [main] DEBUG c.orderbook.OrderBook - [ORDERBOOK] ASK: Adding orderMktData(price=119,quantity=5600)
23:15:22.643 [main] DEBUG c.service.MarketDataService - [ALGO] BID: price:95 quantity:100
23:15:22.643 [main] DEBUG c.service.MarketDataService - [ALGO] BID: price:93 quantity:200
23:15:22.643 [main] DEBUG c.service.MarketDataService - [ALGO] BID: price:91 quantity:300
23:15:22.643 [main] DEBUG c.service.MarketDataService - [ALGO] ASK: price:98 quantity:501
23:15:22.643 [main] DEBUG c.service.MarketDataService - [ALGO] ASK: price:101 quantity:200
23:15:22.643 [main] DEBUG c.service.MarketDataService - [ALGO] ASK: price:110 quantity:5000
23:15:22.643 [main] DEBUG c.service.MarketDataService - [ALGO] ASK: price:119 quantity:5600
23:15:22.643 [main] INFO  c.gettingstarted.MyAlgoLogic - [MYALGO] The state of the order book is:
|----BID-----||----ASK----|
    100 @ 95    501 @ 98
    200 @ 93   200 @ 101
    300 @ 91  5000 @ 110
          -   5600 @ 119
|------------||-----------|

23:15:22.643 [main] INFO  c.gettingstarted.MyAlgoLogic - [MYALGO] Algo Sees Book as: 
|----BID-----||----ASK----|
    100 @ 95    501 @ 98
    200 @ 93   200 @ 101
    300 @ 91  5000 @ 110
          -   5600 @ 119
|------------||-----------|

23:15:22.644 [main] INFO  c.gettingstarted.TimedLogic - [TIMEDLOGIC] Market is closed
]]></system-out>
  </testcase>
</testsuite>