<?xml version="1.0" encoding="UTF-8"?>
<testsuite xmlns:xsi="http://www.w3.org/2001/XMLSchema-instance" xsi:noNamespaceSchemaLocation="https://maven.apache.org/surefire/maven-surefire-plugin/xsd/surefire-test-report-3.0.xsd" version="3.0" name="codingblackfemales.gettingstarted.MyAlgoBackTest" time="0.898" tests="1" errors="0" skipped="0" failures="0">
  <properties>
    <property name="java.specification.version" value="17"/>
    <property name="sun.cpu.isalist" value="amd64"/>
    <property name="sun.jnu.encoding" value="Cp1252"/>
    <property name="java.class.path" value="C:\Users\admin\Desktop\Sherelles Stuff\UBS-Assignments\finalCopy\codingblackfemales\algo-coding-exercise\getting-started\target\test-classes;C:\Users\admin\Desktop\Sherelles Stuff\UBS-Assignments\finalCopy\codingblackfemales\algo-coding-exercise\getting-started\target\classes;C:\Users\admin\Desktop\Sherelles Stuff\UBS-Assignments\finalCopy\codingblackfemales\algo-coding-exercise\algo\target\classes;C:\Users\admin\Desktop\Sherelles Stuff\UBS-Assignments\finalCopy\codingblackfemales\algo-coding-exercise\dictionary\target\classes;C:\Users\admin\.m2\repository\org\agrona\agrona\1.16.0\agrona-1.16.0.jar;C:\Users\admin\Desktop\Sherelles Stuff\UBS-Assignments\finalCopy\codingblackfemales\algo-coding-exercise\sequencer\target\classes;C:\Users\admin\.m2\repository\com\google\code\gson\gson\2.10.1\gson-2.10.1.jar;C:\Users\admin\.m2\repository\org\apache\commons\commons-lang3\3.12.0\commons-lang3-3.12.0.jar;C:\Users\admin\Desktop\Sherelles Stuff\UBS-Assignments\finalCopy\codingblackfemales\algo-coding-exercise\backtest\target\classes;C:\Users\admin\Desktop\Sherelles Stuff\UBS-Assignments\finalCopy\codingblackfemales\algo-coding-exercise\collection\target\classes;C:\Users\admin\Desktop\Sherelles Stuff\UBS-Assignments\finalCopy\codingblackfemales\algo-coding-exercise\sequencer\target\test-classes;C:\Users\admin\.m2\repository\junit\junit\4.11\junit-4.11.jar;C:\Users\admin\.m2\repository\org\hamcrest\hamcrest-core\1.3\hamcrest-core-1.3.jar;C:\Users\admin\.m2\repository\uk\co\real-logic\sbe-all\1.26.0\sbe-all-1.26.0.jar;C:\Users\admin\.m2\repository\org\mockito\mockito-core\5.4.0\mockito-core-5.4.0.jar;C:\Users\admin\.m2\repository\net\bytebuddy\byte-buddy\1.14.5\byte-buddy-1.14.5.jar;C:\Users\admin\.m2\repository\net\bytebuddy\byte-buddy-agent\1.14.5\byte-buddy-agent-1.14.5.jar;C:\Users\admin\.m2\repository\org\objenesis\objenesis\3.3\objenesis-3.3.jar;C:\Users\admin\.m2\repository\ch\qos\logback\logback-core\1.3.5\logback-core-1.3.5.jar;C:\Users\admin\.m2\repository\org\slf4j\slf4j-api\2.0.4\slf4j-api-2.0.4.jar;C:\Users\admin\.m2\repository\ch\qos\logback\logback-classic\1.3.5\logback-classic-1.3.5.jar;"/>
    <property name="java.vm.vendor" value="Oracle Corporation"/>
    <property name="sun.arch.data.model" value="64"/>
    <property name="user.variant" value=""/>
    <property name="java.vendor.url" value="https://java.oracle.com/"/>
    <property name="user.timezone" value="Europe/London"/>
    <property name="os.name" value="Windows 10"/>
    <property name="java.vm.specification.version" value="17"/>
    <property name="sun.java.launcher" value="SUN_STANDARD"/>
    <property name="user.country" value="GB"/>
    <property name="sun.boot.library.path" value="C:\Program Files\Java\jdk-17\bin"/>
    <property name="sun.java.command" value="C:\Users\admin\AppData\Local\Temp\surefire8643664704531389876\surefirebooter-20230930142322855_26.jar C:\Users\admin\AppData\Local\Temp\surefire8643664704531389876 2023-09-30T14-23-14_517-jvmRun1 surefire-20230930142322855_24tmp surefire_2-20230930142322855_25tmp"/>
    <property name="jdk.debug" value="release"/>
    <property name="surefire.test.class.path" value="C:\Users\admin\Desktop\Sherelles Stuff\UBS-Assignments\finalCopy\codingblackfemales\algo-coding-exercise\getting-started\target\test-classes;C:\Users\admin\Desktop\Sherelles Stuff\UBS-Assignments\finalCopy\codingblackfemales\algo-coding-exercise\getting-started\target\classes;C:\Users\admin\Desktop\Sherelles Stuff\UBS-Assignments\finalCopy\codingblackfemales\algo-coding-exercise\algo\target\classes;C:\Users\admin\Desktop\Sherelles Stuff\UBS-Assignments\finalCopy\codingblackfemales\algo-coding-exercise\dictionary\target\classes;C:\Users\admin\.m2\repository\org\agrona\agrona\1.16.0\agrona-1.16.0.jar;C:\Users\admin\Desktop\Sherelles Stuff\UBS-Assignments\finalCopy\codingblackfemales\algo-coding-exercise\sequencer\target\classes;C:\Users\admin\.m2\repository\com\google\code\gson\gson\2.10.1\gson-2.10.1.jar;C:\Users\admin\.m2\repository\org\apache\commons\commons-lang3\3.12.0\commons-lang3-3.12.0.jar;C:\Users\admin\Desktop\Sherelles Stuff\UBS-Assignments\finalCopy\codingblackfemales\algo-coding-exercise\backtest\target\classes;C:\Users\admin\Desktop\Sherelles Stuff\UBS-Assignments\finalCopy\codingblackfemales\algo-coding-exercise\collection\target\classes;C:\Users\admin\Desktop\Sherelles Stuff\UBS-Assignments\finalCopy\codingblackfemales\algo-coding-exercise\sequencer\target\test-classes;C:\Users\admin\.m2\repository\junit\junit\4.11\junit-4.11.jar;C:\Users\admin\.m2\repository\org\hamcrest\hamcrest-core\1.3\hamcrest-core-1.3.jar;C:\Users\admin\.m2\repository\uk\co\real-logic\sbe-all\1.26.0\sbe-all-1.26.0.jar;C:\Users\admin\.m2\repository\org\mockito\mockito-core\5.4.0\mockito-core-5.4.0.jar;C:\Users\admin\.m2\repository\net\bytebuddy\byte-buddy\1.14.5\byte-buddy-1.14.5.jar;C:\Users\admin\.m2\repository\net\bytebuddy\byte-buddy-agent\1.14.5\byte-buddy-agent-1.14.5.jar;C:\Users\admin\.m2\repository\org\objenesis\objenesis\3.3\objenesis-3.3.jar;C:\Users\admin\.m2\repository\ch\qos\logback\logback-core\1.3.5\logback-core-1.3.5.jar;C:\Users\admin\.m2\repository\org\slf4j\slf4j-api\2.0.4\slf4j-api-2.0.4.jar;C:\Users\admin\.m2\repository\ch\qos\logback\logback-classic\1.3.5\logback-classic-1.3.5.jar;"/>
    <property name="sun.cpu.endian" value="little"/>
    <property name="user.home" value="C:\Users\admin"/>
    <property name="user.language" value="en"/>
    <property name="java.specification.vendor" value="Oracle Corporation"/>
    <property name="java.version.date" value="2023-04-18"/>
    <property name="java.home" value="C:\Program Files\Java\jdk-17"/>
    <property name="file.separator" value="\"/>
    <property name="basedir" value="C:\Users\admin\Desktop\Sherelles Stuff\UBS-Assignments\finalCopy\codingblackfemales\algo-coding-exercise\getting-started"/>
    <property name="java.vm.compressedOopsMode" value="Zero based"/>
    <property name="line.separator" value="&#10;"/>
    <property name="java.vm.specification.vendor" value="Oracle Corporation"/>
    <property name="java.specification.name" value="Java Platform API Specification"/>
    <property name="surefire.real.class.path" value="C:\Users\admin\AppData\Local\Temp\surefire8643664704531389876\surefirebooter-20230930142322855_26.jar"/>
    <property name="user.script" value=""/>
    <property name="sun.management.compiler" value="HotSpot 64-Bit Tiered Compilers"/>
    <property name="java.runtime.version" value="17.0.7+8-LTS-224"/>
    <property name="user.name" value="admin"/>
    <property name="path.separator" value=";"/>
    <property name="os.version" value="10.0"/>
    <property name="java.runtime.name" value="Java(TM) SE Runtime Environment"/>
    <property name="file.encoding" value="Cp1252"/>
    <property name="java.vm.name" value="Java HotSpot(TM) 64-Bit Server VM"/>
    <property name="localRepository" value="C:\Users\admin\.m2\repository"/>
    <property name="java.vendor.url.bug" value="https://bugreport.java.com/bugreport/"/>
    <property name="java.io.tmpdir" value="C:\Users\admin\AppData\Local\Temp\"/>
    <property name="java.version" value="17.0.7"/>
    <property name="user.dir" value="C:\Users\admin\Desktop\Sherelles Stuff\UBS-Assignments\finalCopy\codingblackfemales\algo-coding-exercise\getting-started"/>
    <property name="os.arch" value="amd64"/>
    <property name="java.vm.specification.name" value="Java Virtual Machine Specification"/>
    <property name="sun.os.patch.level" value=""/>
    <property name="native.encoding" value="Cp1252"/>
    <property name="java.library.path" value="C:\Program Files\Java\jdk-17\bin;C:\WINDOWS\Sun\Java\bin;C:\WINDOWS\system32;C:\WINDOWS;C:\Program Files\Common Files\Oracle\Java\javapath;C:\WINDOWS\system32;C:\WINDOWS;C:\WINDOWS\System32\Wbem;C:\WINDOWS\System32\WindowsPowerShell\v1.0\;C:\WINDOWS\System32\OpenSSH\;C:\Program Files\dotnet\;C:\Program Files (x86)\Intel\Intel(R) Management Engine Components\DAL;C:\Program Files\Intel\Intel(R) Management Engine Components\DAL;C:\Program Files (x86)\NVIDIA Corporation\PhysX\Common;C:\Program Files\Git\cmd;C:\Program Files\apache-maven-3.9.4\bin;C:\Users\admin\AppData\Local\Microsoft\WindowsApps;;C:\Users\admin\AppData\Local\Programs\Microsoft VS Code\bin;."/>
    <property name="java.vm.info" value="mixed mode, sharing"/>
    <property name="java.vendor" value="Oracle Corporation"/>
    <property name="java.vm.version" value="17.0.7+8-LTS-224"/>
    <property name="sun.io.unicode.encoding" value="UnicodeLittle"/>
    <property name="java.class.version" value="61.0"/>
  </properties>
  <testcase name="testExampleBackTest" classname="codingblackfemales.gettingstarted.MyAlgoBackTest" time="0.502">
    <system-out><![CDATA[14:23:23.595 [main] INFO  c.sequencer.consumer.LoggingConsumer - [1] 
|----BID-----|
    100 @ 98
    200 @ 95
    300 @ 91
|----ASK-----|
   101 @ 100
   200 @ 110
  5000 @ 115
  5600 @ 119

14:23:23.599 [main] INFO  c.orderbook.OrderBook - [ORDERBOOK] Processing Mkt Data Update
14:23:23.601 [main] DEBUG c.orderbook.OrderBook - [ORDERBOOK] ASK: Adding orderMktData(price=98,quantity=100)
14:23:23.601 [main] DEBUG c.orderbook.OrderBook - [ORDERBOOK] ASK: Adding orderMktData(price=95,quantity=200)
14:23:23.601 [main] DEBUG c.orderbook.OrderBook - [ORDERBOOK] ASK: Adding orderMktData(price=91,quantity=300)
14:23:23.601 [main] DEBUG c.orderbook.OrderBook - [ORDERBOOK] ASK: Adding orderMktData(price=100,quantity=101)
14:23:23.601 [main] DEBUG c.orderbook.OrderBook - [ORDERBOOK] ASK: Adding orderMktData(price=110,quantity=200)
14:23:23.601 [main] DEBUG c.orderbook.OrderBook - [ORDERBOOK] ASK: Adding orderMktData(price=115,quantity=5000)
14:23:23.602 [main] DEBUG c.orderbook.OrderBook - [ORDERBOOK] ASK: Adding orderMktData(price=119,quantity=5600)
14:23:23.602 [main] DEBUG c.service.MarketDataService - [ALGO] BID: price:98 quantity:100
14:23:23.602 [main] DEBUG c.service.MarketDataService - [ALGO] BID: price:95 quantity:200
14:23:23.602 [main] DEBUG c.service.MarketDataService - [ALGO] BID: price:91 quantity:300
14:23:23.602 [main] DEBUG c.service.MarketDataService - [ALGO] ASK: price:100 quantity:101
14:23:23.602 [main] DEBUG c.service.MarketDataService - [ALGO] ASK: price:110 quantity:200
14:23:23.602 [main] DEBUG c.service.MarketDataService - [ALGO] ASK: price:115 quantity:5000
14:23:23.602 [main] DEBUG c.service.MarketDataService - [ALGO] ASK: price:119 quantity:5600
14:23:23.607 [main] INFO  c.gettingstarted.MyAlgoLogic - [MYALGO] The state of the order book is:
|----BID-----||----ASK----|
    100 @ 98   101 @ 100
    200 @ 95   200 @ 110
    300 @ 91  5000 @ 115
          -   5600 @ 119
|------------||-----------|

14:23:23.607 [main] INFO  c.gettingstarted.MyAlgoLogic - [MYALGO] Algo Sees SheZa
14:23:23.608 [main] INFO  c.gettingstarted.MyAlgoLogic - [MYALGO] Algo Sees Book as:
|----BID-----||----ASK----|
    100 @ 98   101 @ 100
    200 @ 95   200 @ 110
    300 @ 91  5000 @ 115
          -   5600 @ 119
|------------||-----------|

14:23:23.609 [main] INFO  c.gettingstarted.MyAlgoLogic - [MYALGO] Adding order for100@98
total order count is 0
14:23:23.616 [main] INFO  c.container.Actioner - [ALGO] Actioner, sending action:CreateChildOrder(side=BUY,quantity=100,price=98)
14:23:23.616 [main] INFO  c.sequencer.consumer.LoggingConsumer - [2] [CreateOrder](sbeTemplateId=4|sbeSchemaId=2|sbeSchemaVersion=0|sbeBlockLength=33):instrumentId=0|price=98|quantity=100|side=BUY|orderId=2
14:23:23.621 [main] INFO  c.orderbook.OrderBook - [ORDERBOOK] Adding passive limit order to BID bookLimit(side=BUY,orderId=2,price=98,quantity=100)
14:23:23.621 [main] INFO  c.o.visitor.MutatingAddOrderVisitor - [ORDERBOOK] + MktData(price=98,quantity=100)
14:23:23.622 [main] DEBUG c.o.v.ReadOnlyMarketDataChannelPublishVisitor - Bid Side Size: 3
14:23:23.623 [main] DEBUG c.o.v.ReadOnlyMarketDataChannelPublishVisitor - Adding Mkt Data Msg BID: Price=98 Qty=200
14:23:23.624 [main] DEBUG c.o.v.ReadOnlyMarketDataChannelPublishVisitor - Adding Mkt Data Msg BID: Price=95 Qty=200
14:23:23.624 [main] DEBUG c.o.v.ReadOnlyMarketDataChannelPublishVisitor - Adding Mkt Data Msg BID: Price=91 Qty=300
14:23:23.624 [main] DEBUG c.o.v.ReadOnlyMarketDataChannelPublishVisitor - Ask Side Size: 4
14:23:23.626 [main] DEBUG c.o.v.ReadOnlyMarketDataChannelPublishVisitor - Adding Mkt Data Msg ASK: Price=100 Qty=101
14:23:23.626 [main] DEBUG c.o.v.ReadOnlyMarketDataChannelPublishVisitor - Adding Mkt Data Msg ASK: Price=110 Qty=200
14:23:23.626 [main] DEBUG c.o.v.ReadOnlyMarketDataChannelPublishVisitor - Adding Mkt Data Msg ASK: Price=115 Qty=5000
14:23:23.626 [main] DEBUG c.o.v.ReadOnlyMarketDataChannelPublishVisitor - Adding Mkt Data Msg ASK: Price=119 Qty=5600
14:23:23.626 [main] INFO  c.o.channel.MarketDataChannel - [ORDERBOOK] Sending market data update...
14:23:23.626 [main] INFO  c.sequencer.consumer.LoggingConsumer - [3] 
|----BID-----|
    200 @ 98
    200 @ 95
    300 @ 91
|----ASK-----|
   101 @ 100
   200 @ 110
  5000 @ 115
  5600 @ 119

14:23:23.627 [main] DEBUG c.service.MarketDataService - [ALGO] BID: price:98 quantity:200
14:23:23.627 [main] DEBUG c.service.MarketDataService - [ALGO] BID: price:95 quantity:200
14:23:23.627 [main] DEBUG c.service.MarketDataService - [ALGO] BID: price:91 quantity:300
14:23:23.627 [main] DEBUG c.service.MarketDataService - [ALGO] ASK: price:100 quantity:101
14:23:23.627 [main] DEBUG c.service.MarketDataService - [ALGO] ASK: price:110 quantity:200
14:23:23.627 [main] DEBUG c.service.MarketDataService - [ALGO] ASK: price:115 quantity:5000
14:23:23.627 [main] DEBUG c.service.MarketDataService - [ALGO] ASK: price:119 quantity:5600
14:23:23.627 [main] INFO  c.gettingstarted.MyAlgoLogic - [MYALGO] The state of the order book is:
|----BID-----||----ASK----|
    200 @ 98   101 @ 100
    200 @ 95   200 @ 110
    300 @ 91  5000 @ 115
          -   5600 @ 119
|------------||-----------|

14:23:23.627 [main] INFO  c.gettingstarted.MyAlgoLogic - [MYALGO] Algo Sees SheZa
14:23:23.627 [main] INFO  c.gettingstarted.MyAlgoLogic - [MYALGO] Algo Sees Book as:
|----BID-----||----ASK----|
    200 @ 98   101 @ 100
    200 @ 95   200 @ 110
    300 @ 91  5000 @ 115
          -   5600 @ 119
|------------||-----------|

14:23:23.627 [main] INFO  c.gettingstarted.MyAlgoLogic - [MYALGO] Adding order for200@98
total order count is 1
14:23:23.627 [main] INFO  c.container.Actioner - [ALGO] Actioner, sending action:CreateChildOrder(side=BUY,quantity=200,price=98)
14:23:23.627 [main] INFO  c.sequencer.consumer.LoggingConsumer - [4] [CreateOrder](sbeTemplateId=4|sbeSchemaId=2|sbeSchemaVersion=0|sbeBlockLength=33):instrumentId=0|price=98|quantity=200|side=BUY|orderId=3
14:23:23.627 [main] INFO  c.orderbook.OrderBook - [ORDERBOOK] Adding passive limit order to BID bookLimit(side=BUY,orderId=3,price=98,quantity=200)
14:23:23.630 [main] INFO  c.o.visitor.MutatingAddOrderVisitor - [ORDERBOOK] + Limit(side=BUY,orderId=2,price=98,quantity=100)
14:23:23.630 [main] DEBUG c.o.v.ReadOnlyMarketDataChannelPublishVisitor - Bid Side Size: 3
14:23:23.630 [main] DEBUG c.o.v.ReadOnlyMarketDataChannelPublishVisitor - Adding Mkt Data Msg BID: Price=98 Qty=400
14:23:23.630 [main] DEBUG c.o.v.ReadOnlyMarketDataChannelPublishVisitor - Adding Mkt Data Msg BID: Price=95 Qty=200
14:23:23.630 [main] DEBUG c.o.v.ReadOnlyMarketDataChannelPublishVisitor - Adding Mkt Data Msg BID: Price=91 Qty=300
14:23:23.630 [main] DEBUG c.o.v.ReadOnlyMarketDataChannelPublishVisitor - Ask Side Size: 4
14:23:23.631 [main] DEBUG c.o.v.ReadOnlyMarketDataChannelPublishVisitor - Adding Mkt Data Msg ASK: Price=100 Qty=101
14:23:23.631 [main] DEBUG c.o.v.ReadOnlyMarketDataChannelPublishVisitor - Adding Mkt Data Msg ASK: Price=110 Qty=200
14:23:23.631 [main] DEBUG c.o.v.ReadOnlyMarketDataChannelPublishVisitor - Adding Mkt Data Msg ASK: Price=115 Qty=5000
14:23:23.631 [main] DEBUG c.o.v.ReadOnlyMarketDataChannelPublishVisitor - Adding Mkt Data Msg ASK: Price=119 Qty=5600
14:23:23.631 [main] INFO  c.o.channel.MarketDataChannel - [ORDERBOOK] Sending market data update...
14:23:23.631 [main] INFO  c.sequencer.consumer.LoggingConsumer - [5] 
|----BID-----|
    400 @ 98
    200 @ 95
    300 @ 91
|----ASK-----|
   101 @ 100
   200 @ 110
  5000 @ 115
  5600 @ 119

14:23:23.631 [main] DEBUG c.service.MarketDataService - [ALGO] BID: price:98 quantity:400
14:23:23.631 [main] DEBUG c.service.MarketDataService - [ALGO] BID: price:95 quantity:200
14:23:23.631 [main] DEBUG c.service.MarketDataService - [ALGO] BID: price:91 quantity:300
14:23:23.632 [main] DEBUG c.service.MarketDataService - [ALGO] ASK: price:100 quantity:101
14:23:23.632 [main] DEBUG c.service.MarketDataService - [ALGO] ASK: price:110 quantity:200
14:23:23.632 [main] DEBUG c.service.MarketDataService - [ALGO] ASK: price:115 quantity:5000
14:23:23.632 [main] DEBUG c.service.MarketDataService - [ALGO] ASK: price:119 quantity:5600
14:23:23.632 [main] INFO  c.gettingstarted.MyAlgoLogic - [MYALGO] The state of the order book is:
|----BID-----||----ASK----|
    400 @ 98   101 @ 100
    200 @ 95   200 @ 110
    300 @ 91  5000 @ 115
          -   5600 @ 119
|------------||-----------|

14:23:23.632 [main] INFO  c.gettingstarted.MyAlgoLogic - [MYALGO] Algo Sees SheZa
14:23:23.632 [main] INFO  c.gettingstarted.MyAlgoLogic - [MYALGO] Algo Sees Book as:
|----BID-----||----ASK----|
    400 @ 98   101 @ 100
    200 @ 95   200 @ 110
    300 @ 91  5000 @ 115
          -   5600 @ 119
|------------||-----------|

14:23:23.633 [main] INFO  c.gettingstarted.MyAlgoLogic - [MYALGO] Adding order for400@98
total order count is 2
14:23:23.633 [main] INFO  c.container.Actioner - [ALGO] Actioner, sending action:CreateChildOrder(side=BUY,quantity=400,price=98)
14:23:23.633 [main] INFO  c.sequencer.consumer.LoggingConsumer - [6] [CreateOrder](sbeTemplateId=4|sbeSchemaId=2|sbeSchemaVersion=0|sbeBlockLength=33):instrumentId=0|price=98|quantity=400|side=BUY|orderId=4
14:23:23.633 [main] INFO  c.orderbook.OrderBook - [ORDERBOOK] Adding passive limit order to BID bookLimit(side=BUY,orderId=4,price=98,quantity=400)
14:23:23.634 [main] INFO  c.o.visitor.MutatingAddOrderVisitor - [ORDERBOOK] + Limit(side=BUY,orderId=3,price=98,quantity=200)
14:23:23.634 [main] DEBUG c.o.v.ReadOnlyMarketDataChannelPublishVisitor - Bid Side Size: 3
14:23:23.634 [main] DEBUG c.o.v.ReadOnlyMarketDataChannelPublishVisitor - Adding Mkt Data Msg BID: Price=98 Qty=800
14:23:23.634 [main] DEBUG c.o.v.ReadOnlyMarketDataChannelPublishVisitor - Adding Mkt Data Msg BID: Price=95 Qty=200
14:23:23.634 [main] DEBUG c.o.v.ReadOnlyMarketDataChannelPublishVisitor - Adding Mkt Data Msg BID: Price=91 Qty=300
14:23:23.634 [main] DEBUG c.o.v.ReadOnlyMarketDataChannelPublishVisitor - Ask Side Size: 4
14:23:23.634 [main] DEBUG c.o.v.ReadOnlyMarketDataChannelPublishVisitor - Adding Mkt Data Msg ASK: Price=100 Qty=101
14:23:23.634 [main] DEBUG c.o.v.ReadOnlyMarketDataChannelPublishVisitor - Adding Mkt Data Msg ASK: Price=110 Qty=200
14:23:23.634 [main] DEBUG c.o.v.ReadOnlyMarketDataChannelPublishVisitor - Adding Mkt Data Msg ASK: Price=115 Qty=5000
14:23:23.634 [main] DEBUG c.o.v.ReadOnlyMarketDataChannelPublishVisitor - Adding Mkt Data Msg ASK: Price=119 Qty=5600
14:23:23.634 [main] INFO  c.o.channel.MarketDataChannel - [ORDERBOOK] Sending market data update...
14:23:23.634 [main] INFO  c.sequencer.consumer.LoggingConsumer - [7] 
|----BID-----|
    800 @ 98
    200 @ 95
    300 @ 91
|----ASK-----|
   101 @ 100
   200 @ 110
  5000 @ 115
  5600 @ 119

14:23:23.634 [main] DEBUG c.service.MarketDataService - [ALGO] BID: price:98 quantity:800
14:23:23.634 [main] DEBUG c.service.MarketDataService - [ALGO] BID: price:95 quantity:200
14:23:23.634 [main] DEBUG c.service.MarketDataService - [ALGO] BID: price:91 quantity:300
14:23:23.634 [main] DEBUG c.service.MarketDataService - [ALGO] ASK: price:100 quantity:101
14:23:23.634 [main] DEBUG c.service.MarketDataService - [ALGO] ASK: price:110 quantity:200
14:23:23.634 [main] DEBUG c.service.MarketDataService - [ALGO] ASK: price:115 quantity:5000
14:23:23.634 [main] DEBUG c.service.MarketDataService - [ALGO] ASK: price:119 quantity:5600
14:23:23.634 [main] INFO  c.gettingstarted.MyAlgoLogic - [MYALGO] The state of the order book is:
|----BID-----||----ASK----|
    800 @ 98   101 @ 100
    200 @ 95   200 @ 110
    300 @ 91  5000 @ 115
          -   5600 @ 119
|------------||-----------|

14:23:23.634 [main] INFO  c.gettingstarted.MyAlgoLogic - [MYALGO] Algo Sees SheZa
14:23:23.634 [main] INFO  c.gettingstarted.MyAlgoLogic - [MYALGO] Algo Sees Book as:
|----BID-----||----ASK----|
    800 @ 98   101 @ 100
    200 @ 95   200 @ 110
    300 @ 91  5000 @ 115
          -   5600 @ 119
|------------||-----------|

14:23:23.634 [main] INFO  c.gettingstarted.MyAlgoLogic - [MYALGO] Adding order for800@98
total order count is 3
14:23:23.634 [main] INFO  c.container.Actioner - [ALGO] Actioner, sending action:CreateChildOrder(side=BUY,quantity=800,price=98)
14:23:23.634 [main] INFO  c.sequencer.consumer.LoggingConsumer - [8] [CreateOrder](sbeTemplateId=4|sbeSchemaId=2|sbeSchemaVersion=0|sbeBlockLength=33):instrumentId=0|price=98|quantity=800|side=BUY|orderId=5
14:23:23.634 [main] INFO  c.orderbook.OrderBook - [ORDERBOOK] Adding passive limit order to BID bookLimit(side=BUY,orderId=5,price=98,quantity=800)
14:23:23.634 [main] INFO  c.o.visitor.MutatingAddOrderVisitor - [ORDERBOOK] + Limit(side=BUY,orderId=4,price=98,quantity=400)
14:23:23.634 [main] DEBUG c.o.v.ReadOnlyMarketDataChannelPublishVisitor - Bid Side Size: 3
14:23:23.634 [main] DEBUG c.o.v.ReadOnlyMarketDataChannelPublishVisitor - Adding Mkt Data Msg BID: Price=98 Qty=1600
14:23:23.634 [main] DEBUG c.o.v.ReadOnlyMarketDataChannelPublishVisitor - Adding Mkt Data Msg BID: Price=95 Qty=200
14:23:23.634 [main] DEBUG c.o.v.ReadOnlyMarketDataChannelPublishVisitor - Adding Mkt Data Msg BID: Price=91 Qty=300
14:23:23.634 [main] DEBUG c.o.v.ReadOnlyMarketDataChannelPublishVisitor - Ask Side Size: 4
14:23:23.634 [main] DEBUG c.o.v.ReadOnlyMarketDataChannelPublishVisitor - Adding Mkt Data Msg ASK: Price=100 Qty=101
14:23:23.634 [main] DEBUG c.o.v.ReadOnlyMarketDataChannelPublishVisitor - Adding Mkt Data Msg ASK: Price=110 Qty=200
14:23:23.634 [main] DEBUG c.o.v.ReadOnlyMarketDataChannelPublishVisitor - Adding Mkt Data Msg ASK: Price=115 Qty=5000
14:23:23.634 [main] DEBUG c.o.v.ReadOnlyMarketDataChannelPublishVisitor - Adding Mkt Data Msg ASK: Price=119 Qty=5600
14:23:23.634 [main] INFO  c.o.channel.MarketDataChannel - [ORDERBOOK] Sending market data update...
14:23:23.634 [main] INFO  c.sequencer.consumer.LoggingConsumer - [9] 
|----BID-----|
   1600 @ 98
    200 @ 95
    300 @ 91
|----ASK-----|
   101 @ 100
   200 @ 110
  5000 @ 115
  5600 @ 119

14:23:23.634 [main] DEBUG c.service.MarketDataService - [ALGO] BID: price:98 quantity:1600
14:23:23.634 [main] DEBUG c.service.MarketDataService - [ALGO] BID: price:95 quantity:200
14:23:23.634 [main] DEBUG c.service.MarketDataService - [ALGO] BID: price:91 quantity:300
14:23:23.634 [main] DEBUG c.service.MarketDataService - [ALGO] ASK: price:100 quantity:101
14:23:23.634 [main] DEBUG c.service.MarketDataService - [ALGO] ASK: price:110 quantity:200
14:23:23.638 [main] DEBUG c.service.MarketDataService - [ALGO] ASK: price:115 quantity:5000
14:23:23.638 [main] DEBUG c.service.MarketDataService - [ALGO] ASK: price:119 quantity:5600
14:23:23.638 [main] INFO  c.gettingstarted.MyAlgoLogic - [MYALGO] The state of the order book is:
|----BID-----||----ASK----|
   1600 @ 98   101 @ 100
    200 @ 95   200 @ 110
    300 @ 91  5000 @ 115
          -   5600 @ 119
|------------||-----------|

14:23:23.638 [main] INFO  c.gettingstarted.MyAlgoLogic - [MYALGO] Algo Sees SheZa
14:23:23.638 [main] INFO  c.gettingstarted.MyAlgoLogic - [MYALGO] Algo Sees Book as:
|----BID-----||----ASK----|
   1600 @ 98   101 @ 100
    200 @ 95   200 @ 110
    300 @ 91  5000 @ 115
          -   5600 @ 119
|------------||-----------|

14:23:23.638 [main] INFO  c.gettingstarted.MyAlgoLogic - [MYALGO] Adding order for1600@98
total order count is 4
14:23:23.638 [main] INFO  c.container.Actioner - [ALGO] Actioner, sending action:CreateChildOrder(side=BUY,quantity=1600,price=98)
14:23:23.638 [main] INFO  c.sequencer.consumer.LoggingConsumer - [10] [CreateOrder](sbeTemplateId=4|sbeSchemaId=2|sbeSchemaVersion=0|sbeBlockLength=33):instrumentId=0|price=98|quantity=1600|side=BUY|orderId=6
14:23:23.638 [main] INFO  c.orderbook.OrderBook - [ORDERBOOK] Adding passive limit order to BID bookLimit(side=BUY,orderId=6,price=98,quantity=1600)
14:23:23.638 [main] INFO  c.o.visitor.MutatingAddOrderVisitor - [ORDERBOOK] + Limit(side=BUY,orderId=5,price=98,quantity=800)
14:23:23.638 [main] DEBUG c.o.v.ReadOnlyMarketDataChannelPublishVisitor - Bid Side Size: 3
14:23:23.638 [main] DEBUG c.o.v.ReadOnlyMarketDataChannelPublishVisitor - Adding Mkt Data Msg BID: Price=98 Qty=3200
14:23:23.638 [main] DEBUG c.o.v.ReadOnlyMarketDataChannelPublishVisitor - Adding Mkt Data Msg BID: Price=95 Qty=200
14:23:23.638 [main] DEBUG c.o.v.ReadOnlyMarketDataChannelPublishVisitor - Adding Mkt Data Msg BID: Price=91 Qty=300
14:23:23.638 [main] DEBUG c.o.v.ReadOnlyMarketDataChannelPublishVisitor - Ask Side Size: 4
14:23:23.638 [main] DEBUG c.o.v.ReadOnlyMarketDataChannelPublishVisitor - Adding Mkt Data Msg ASK: Price=100 Qty=101
14:23:23.638 [main] DEBUG c.o.v.ReadOnlyMarketDataChannelPublishVisitor - Adding Mkt Data Msg ASK: Price=110 Qty=200
14:23:23.638 [main] DEBUG c.o.v.ReadOnlyMarketDataChannelPublishVisitor - Adding Mkt Data Msg ASK: Price=115 Qty=5000
14:23:23.638 [main] DEBUG c.o.v.ReadOnlyMarketDataChannelPublishVisitor - Adding Mkt Data Msg ASK: Price=119 Qty=5600
14:23:23.638 [main] INFO  c.o.channel.MarketDataChannel - [ORDERBOOK] Sending market data update...
14:23:23.638 [main] INFO  c.sequencer.consumer.LoggingConsumer - [11] 
|----BID-----|
   3200 @ 98
    200 @ 95
    300 @ 91
|----ASK-----|
   101 @ 100
   200 @ 110
  5000 @ 115
  5600 @ 119

14:23:23.638 [main] DEBUG c.service.MarketDataService - [ALGO] BID: price:98 quantity:3200
14:23:23.638 [main] DEBUG c.service.MarketDataService - [ALGO] BID: price:95 quantity:200
14:23:23.638 [main] DEBUG c.service.MarketDataService - [ALGO] BID: price:91 quantity:300
14:23:23.638 [main] DEBUG c.service.MarketDataService - [ALGO] ASK: price:100 quantity:101
14:23:23.638 [main] DEBUG c.service.MarketDataService - [ALGO] ASK: price:110 quantity:200
14:23:23.638 [main] DEBUG c.service.MarketDataService - [ALGO] ASK: price:115 quantity:5000
14:23:23.638 [main] DEBUG c.service.MarketDataService - [ALGO] ASK: price:119 quantity:5600
14:23:23.638 [main] INFO  c.gettingstarted.MyAlgoLogic - [MYALGO] The state of the order book is:
|----BID-----||----ASK----|
   3200 @ 98   101 @ 100
    200 @ 95   200 @ 110
    300 @ 91  5000 @ 115
          -   5600 @ 119
|------------||-----------|

14:23:23.638 [main] INFO  c.gettingstarted.MyAlgoLogic - [MYALGO] Algo Sees SheZa
14:23:23.638 [main] INFO  c.gettingstarted.MyAlgoLogic - [MYALGO] Algo Sees Book as:
|----BID-----||----ASK----|
   3200 @ 98   101 @ 100
    200 @ 95   200 @ 110
    300 @ 91  5000 @ 115
          -   5600 @ 119
|------------||-----------|

14:23:23.638 [main] INFO  c.gettingstarted.MyAlgoLogic - [MYALGO] Adding order for3200@98
total order count is 5
14:23:23.638 [main] INFO  c.container.Actioner - [ALGO] Actioner, sending action:CreateChildOrder(side=BUY,quantity=3200,price=98)
14:23:23.641 [main] INFO  c.sequencer.consumer.LoggingConsumer - [12] [CreateOrder](sbeTemplateId=4|sbeSchemaId=2|sbeSchemaVersion=0|sbeBlockLength=33):instrumentId=0|price=98|quantity=3200|side=BUY|orderId=7
14:23:23.641 [main] INFO  c.orderbook.OrderBook - [ORDERBOOK] Adding passive limit order to BID bookLimit(side=BUY,orderId=7,price=98,quantity=3200)
14:23:23.641 [main] INFO  c.o.visitor.MutatingAddOrderVisitor - [ORDERBOOK] + Limit(side=BUY,orderId=6,price=98,quantity=1600)
14:23:23.641 [main] DEBUG c.o.v.ReadOnlyMarketDataChannelPublishVisitor - Bid Side Size: 3
14:23:23.641 [main] DEBUG c.o.v.ReadOnlyMarketDataChannelPublishVisitor - Adding Mkt Data Msg BID: Price=98 Qty=6400
14:23:23.641 [main] DEBUG c.o.v.ReadOnlyMarketDataChannelPublishVisitor - Adding Mkt Data Msg BID: Price=95 Qty=200
14:23:23.641 [main] DEBUG c.o.v.ReadOnlyMarketDataChannelPublishVisitor - Adding Mkt Data Msg BID: Price=91 Qty=300
14:23:23.641 [main] DEBUG c.o.v.ReadOnlyMarketDataChannelPublishVisitor - Ask Side Size: 4
14:23:23.641 [main] DEBUG c.o.v.ReadOnlyMarketDataChannelPublishVisitor - Adding Mkt Data Msg ASK: Price=100 Qty=101
14:23:23.642 [main] DEBUG c.o.v.ReadOnlyMarketDataChannelPublishVisitor - Adding Mkt Data Msg ASK: Price=110 Qty=200
14:23:23.642 [main] DEBUG c.o.v.ReadOnlyMarketDataChannelPublishVisitor - Adding Mkt Data Msg ASK: Price=115 Qty=5000
14:23:23.642 [main] DEBUG c.o.v.ReadOnlyMarketDataChannelPublishVisitor - Adding Mkt Data Msg ASK: Price=119 Qty=5600
14:23:23.642 [main] INFO  c.o.channel.MarketDataChannel - [ORDERBOOK] Sending market data update...
14:23:23.642 [main] INFO  c.sequencer.consumer.LoggingConsumer - [13] 
|----BID-----|
   6400 @ 98
    200 @ 95
    300 @ 91
|----ASK-----|
   101 @ 100
   200 @ 110
  5000 @ 115
  5600 @ 119

14:23:23.642 [main] DEBUG c.service.MarketDataService - [ALGO] BID: price:98 quantity:6400
14:23:23.642 [main] DEBUG c.service.MarketDataService - [ALGO] BID: price:95 quantity:200
14:23:23.642 [main] DEBUG c.service.MarketDataService - [ALGO] BID: price:91 quantity:300
14:23:23.642 [main] DEBUG c.service.MarketDataService - [ALGO] ASK: price:100 quantity:101
14:23:23.642 [main] DEBUG c.service.MarketDataService - [ALGO] ASK: price:110 quantity:200
14:23:23.642 [main] DEBUG c.service.MarketDataService - [ALGO] ASK: price:115 quantity:5000
14:23:23.642 [main] DEBUG c.service.MarketDataService - [ALGO] ASK: price:119 quantity:5600
14:23:23.643 [main] INFO  c.gettingstarted.MyAlgoLogic - [MYALGO] The state of the order book is:
|----BID-----||----ASK----|
   6400 @ 98   101 @ 100
    200 @ 95   200 @ 110
    300 @ 91  5000 @ 115
          -   5600 @ 119
|------------||-----------|

14:23:23.643 [main] INFO  c.gettingstarted.MyAlgoLogic - [MYALGO] Algo Sees SheZa
14:23:23.644 [main] INFO  c.gettingstarted.MyAlgoLogic - [MYALGO] Algo Sees Book as:
|----BID-----||----ASK----|
   6400 @ 98   101 @ 100
    200 @ 95   200 @ 110
    300 @ 91  5000 @ 115
          -   5600 @ 119
|------------||-----------|

14:23:23.644 [main] INFO  c.gettingstarted.MyAlgoLogic - [MYALGO] Adding order for6400@98
total order count is 6
14:23:23.644 [main] INFO  c.container.Actioner - [ALGO] Actioner, sending action:CreateChildOrder(side=BUY,quantity=6400,price=98)
14:23:23.644 [main] INFO  c.sequencer.consumer.LoggingConsumer - [14] [CreateOrder](sbeTemplateId=4|sbeSchemaId=2|sbeSchemaVersion=0|sbeBlockLength=33):instrumentId=0|price=98|quantity=6400|side=BUY|orderId=8
14:23:23.644 [main] INFO  c.orderbook.OrderBook - [ORDERBOOK] Adding passive limit order to BID bookLimit(side=BUY,orderId=8,price=98,quantity=6400)
14:23:23.644 [main] INFO  c.o.visitor.MutatingAddOrderVisitor - [ORDERBOOK] + Limit(side=BUY,orderId=7,price=98,quantity=3200)
14:23:23.644 [main] DEBUG c.o.v.ReadOnlyMarketDataChannelPublishVisitor - Bid Side Size: 3
14:23:23.644 [main] DEBUG c.o.v.ReadOnlyMarketDataChannelPublishVisitor - Adding Mkt Data Msg BID: Price=98 Qty=12800
14:23:23.644 [main] DEBUG c.o.v.ReadOnlyMarketDataChannelPublishVisitor - Adding Mkt Data Msg BID: Price=95 Qty=200
14:23:23.644 [main] DEBUG c.o.v.ReadOnlyMarketDataChannelPublishVisitor - Adding Mkt Data Msg BID: Price=91 Qty=300
14:23:23.644 [main] DEBUG c.o.v.ReadOnlyMarketDataChannelPublishVisitor - Ask Side Size: 4
14:23:23.645 [main] DEBUG c.o.v.ReadOnlyMarketDataChannelPublishVisitor - Adding Mkt Data Msg ASK: Price=100 Qty=101
14:23:23.645 [main] DEBUG c.o.v.ReadOnlyMarketDataChannelPublishVisitor - Adding Mkt Data Msg ASK: Price=110 Qty=200
14:23:23.645 [main] DEBUG c.o.v.ReadOnlyMarketDataChannelPublishVisitor - Adding Mkt Data Msg ASK: Price=115 Qty=5000
14:23:23.645 [main] DEBUG c.o.v.ReadOnlyMarketDataChannelPublishVisitor - Adding Mkt Data Msg ASK: Price=119 Qty=5600
14:23:23.645 [main] INFO  c.o.channel.MarketDataChannel - [ORDERBOOK] Sending market data update...
14:23:23.645 [main] INFO  c.sequencer.consumer.LoggingConsumer - [15] 
|----BID-----|
  12800 @ 98
    200 @ 95
    300 @ 91
|----ASK-----|
   101 @ 100
   200 @ 110
  5000 @ 115
  5600 @ 119

14:23:23.645 [main] DEBUG c.service.MarketDataService - [ALGO] BID: price:98 quantity:12800
14:23:23.645 [main] DEBUG c.service.MarketDataService - [ALGO] BID: price:95 quantity:200
14:23:23.645 [main] DEBUG c.service.MarketDataService - [ALGO] BID: price:91 quantity:300
14:23:23.647 [main] DEBUG c.service.MarketDataService - [ALGO] ASK: price:100 quantity:101
14:23:23.647 [main] DEBUG c.service.MarketDataService - [ALGO] ASK: price:110 quantity:200
14:23:23.647 [main] DEBUG c.service.MarketDataService - [ALGO] ASK: price:115 quantity:5000
14:23:23.647 [main] DEBUG c.service.MarketDataService - [ALGO] ASK: price:119 quantity:5600
14:23:23.647 [main] INFO  c.gettingstarted.MyAlgoLogic - [MYALGO] The state of the order book is:
|----BID-----||----ASK----|
  12800 @ 98   101 @ 100
    200 @ 95   200 @ 110
    300 @ 91  5000 @ 115
          -   5600 @ 119
|------------||-----------|

14:23:23.647 [main] INFO  c.gettingstarted.MyAlgoLogic - [MYALGO] Algo Sees SheZa
14:23:23.648 [main] INFO  c.gettingstarted.MyAlgoLogic - [MYALGO] Algo Sees Book as:
|----BID-----||----ASK----|
  12800 @ 98   101 @ 100
    200 @ 95   200 @ 110
    300 @ 91  5000 @ 115
          -   5600 @ 119
|------------||-----------|

14:23:23.648 [main] INFO  c.gettingstarted.MyAlgoLogic - [MYALGO] Adding order for12800@98
total order count is 7
14:23:23.648 [main] INFO  c.container.Actioner - [ALGO] Actioner, sending action:CreateChildOrder(side=BUY,quantity=12800,price=98)
14:23:23.648 [main] INFO  c.sequencer.consumer.LoggingConsumer - [16] [CreateOrder](sbeTemplateId=4|sbeSchemaId=2|sbeSchemaVersion=0|sbeBlockLength=33):instrumentId=0|price=98|quantity=12800|side=BUY|orderId=9
14:23:23.648 [main] INFO  c.orderbook.OrderBook - [ORDERBOOK] Adding passive limit order to BID bookLimit(side=BUY,orderId=9,price=98,quantity=12800)
14:23:23.648 [main] INFO  c.o.visitor.MutatingAddOrderVisitor - [ORDERBOOK] + Limit(side=BUY,orderId=8,price=98,quantity=6400)
14:23:23.648 [main] DEBUG c.o.v.ReadOnlyMarketDataChannelPublishVisitor - Bid Side Size: 3
14:23:23.648 [main] DEBUG c.o.v.ReadOnlyMarketDataChannelPublishVisitor - Adding Mkt Data Msg BID: Price=98 Qty=25600
14:23:23.648 [main] DEBUG c.o.v.ReadOnlyMarketDataChannelPublishVisitor - Adding Mkt Data Msg BID: Price=95 Qty=200
14:23:23.648 [main] DEBUG c.o.v.ReadOnlyMarketDataChannelPublishVisitor - Adding Mkt Data Msg BID: Price=91 Qty=300
14:23:23.648 [main] DEBUG c.o.v.ReadOnlyMarketDataChannelPublishVisitor - Ask Side Size: 4
14:23:23.648 [main] DEBUG c.o.v.ReadOnlyMarketDataChannelPublishVisitor - Adding Mkt Data Msg ASK: Price=100 Qty=101
14:23:23.648 [main] DEBUG c.o.v.ReadOnlyMarketDataChannelPublishVisitor - Adding Mkt Data Msg ASK: Price=110 Qty=200
14:23:23.649 [main] DEBUG c.o.v.ReadOnlyMarketDataChannelPublishVisitor - Adding Mkt Data Msg ASK: Price=115 Qty=5000
14:23:23.649 [main] DEBUG c.o.v.ReadOnlyMarketDataChannelPublishVisitor - Adding Mkt Data Msg ASK: Price=119 Qty=5600
14:23:23.649 [main] INFO  c.o.channel.MarketDataChannel - [ORDERBOOK] Sending market data update...
14:23:23.649 [main] INFO  c.sequencer.consumer.LoggingConsumer - [17] 
|----BID-----|
  25600 @ 98
    200 @ 95
    300 @ 91
|----ASK-----|
   101 @ 100
   200 @ 110
  5000 @ 115
  5600 @ 119

14:23:23.649 [main] DEBUG c.service.MarketDataService - [ALGO] BID: price:98 quantity:25600
14:23:23.649 [main] DEBUG c.service.MarketDataService - [ALGO] BID: price:95 quantity:200
14:23:23.649 [main] DEBUG c.service.MarketDataService - [ALGO] BID: price:91 quantity:300
14:23:23.649 [main] DEBUG c.service.MarketDataService - [ALGO] ASK: price:100 quantity:101
14:23:23.649 [main] DEBUG c.service.MarketDataService - [ALGO] ASK: price:110 quantity:200
14:23:23.649 [main] DEBUG c.service.MarketDataService - [ALGO] ASK: price:115 quantity:5000
14:23:23.649 [main] DEBUG c.service.MarketDataService - [ALGO] ASK: price:119 quantity:5600
14:23:23.649 [main] INFO  c.gettingstarted.MyAlgoLogic - [MYALGO] The state of the order book is:
|----BID-----||----ASK----|
  25600 @ 98   101 @ 100
    200 @ 95   200 @ 110
    300 @ 91  5000 @ 115
          -   5600 @ 119
|------------||-----------|

14:23:23.650 [main] INFO  c.gettingstarted.MyAlgoLogic - [MYALGO] Algo Sees SheZa
14:23:23.650 [main] INFO  c.gettingstarted.MyAlgoLogic - [MYALGO] Algo Sees Book as:
|----BID-----||----ASK----|
  25600 @ 98   101 @ 100
    200 @ 95   200 @ 110
    300 @ 91  5000 @ 115
          -   5600 @ 119
|------------||-----------|

14:23:23.650 [main] INFO  c.gettingstarted.MyAlgoLogic - [MYALGO] Adding order for25600@98
total order count is 8
14:23:23.650 [main] INFO  c.container.Actioner - [ALGO] Actioner, sending action:CreateChildOrder(side=BUY,quantity=25600,price=98)
14:23:23.650 [main] INFO  c.sequencer.consumer.LoggingConsumer - [18] [CreateOrder](sbeTemplateId=4|sbeSchemaId=2|sbeSchemaVersion=0|sbeBlockLength=33):instrumentId=0|price=98|quantity=25600|side=BUY|orderId=10
14:23:23.650 [main] INFO  c.orderbook.OrderBook - [ORDERBOOK] Adding passive limit order to BID bookLimit(side=BUY,orderId=10,price=98,quantity=25600)
14:23:23.650 [main] INFO  c.o.visitor.MutatingAddOrderVisitor - [ORDERBOOK] + Limit(side=BUY,orderId=9,price=98,quantity=12800)
14:23:23.650 [main] DEBUG c.o.v.ReadOnlyMarketDataChannelPublishVisitor - Bid Side Size: 3
14:23:23.650 [main] DEBUG c.o.v.ReadOnlyMarketDataChannelPublishVisitor - Adding Mkt Data Msg BID: Price=98 Qty=51200
14:23:23.650 [main] DEBUG c.o.v.ReadOnlyMarketDataChannelPublishVisitor - Adding Mkt Data Msg BID: Price=95 Qty=200
14:23:23.651 [main] DEBUG c.o.v.ReadOnlyMarketDataChannelPublishVisitor - Adding Mkt Data Msg BID: Price=91 Qty=300
14:23:23.651 [main] DEBUG c.o.v.ReadOnlyMarketDataChannelPublishVisitor - Ask Side Size: 4
14:23:23.651 [main] DEBUG c.o.v.ReadOnlyMarketDataChannelPublishVisitor - Adding Mkt Data Msg ASK: Price=100 Qty=101
14:23:23.651 [main] DEBUG c.o.v.ReadOnlyMarketDataChannelPublishVisitor - Adding Mkt Data Msg ASK: Price=110 Qty=200
14:23:23.651 [main] DEBUG c.o.v.ReadOnlyMarketDataChannelPublishVisitor - Adding Mkt Data Msg ASK: Price=115 Qty=5000
14:23:23.651 [main] DEBUG c.o.v.ReadOnlyMarketDataChannelPublishVisitor - Adding Mkt Data Msg ASK: Price=119 Qty=5600
14:23:23.651 [main] INFO  c.o.channel.MarketDataChannel - [ORDERBOOK] Sending market data update...
14:23:23.651 [main] INFO  c.sequencer.consumer.LoggingConsumer - [19] 
|----BID-----|
  51200 @ 98
    200 @ 95
    300 @ 91
|----ASK-----|
   101 @ 100
   200 @ 110
  5000 @ 115
  5600 @ 119

14:23:23.651 [main] DEBUG c.service.MarketDataService - [ALGO] BID: price:98 quantity:51200
14:23:23.651 [main] DEBUG c.service.MarketDataService - [ALGO] BID: price:95 quantity:200
14:23:23.651 [main] DEBUG c.service.MarketDataService - [ALGO] BID: price:91 quantity:300
14:23:23.651 [main] DEBUG c.service.MarketDataService - [ALGO] ASK: price:100 quantity:101
14:23:23.651 [main] DEBUG c.service.MarketDataService - [ALGO] ASK: price:110 quantity:200
14:23:23.651 [main] DEBUG c.service.MarketDataService - [ALGO] ASK: price:115 quantity:5000
14:23:23.651 [main] DEBUG c.service.MarketDataService - [ALGO] ASK: price:119 quantity:5600
14:23:23.652 [main] INFO  c.gettingstarted.MyAlgoLogic - [MYALGO] The state of the order book is:
|----BID-----||----ASK----|
  51200 @ 98   101 @ 100
    200 @ 95   200 @ 110
    300 @ 91  5000 @ 115
          -   5600 @ 119
|------------||-----------|

14:23:23.652 [main] INFO  c.gettingstarted.MyAlgoLogic - [MYALGO] Algo Sees SheZa
14:23:23.652 [main] INFO  c.gettingstarted.MyAlgoLogic - [MYALGO] Algo Sees Book as:
|----BID-----||----ASK----|
  51200 @ 98   101 @ 100
    200 @ 95   200 @ 110
    300 @ 91  5000 @ 115
          -   5600 @ 119
|------------||-----------|

14:23:23.652 [main] INFO  c.gettingstarted.MyAlgoLogic - [MYALGO] Adding order for51200@98
total order count is 9
14:23:23.652 [main] INFO  c.container.Actioner - [ALGO] Actioner, sending action:CreateChildOrder(side=BUY,quantity=51200,price=98)
14:23:23.652 [main] INFO  c.sequencer.consumer.LoggingConsumer - [20] [CreateOrder](sbeTemplateId=4|sbeSchemaId=2|sbeSchemaVersion=0|sbeBlockLength=33):instrumentId=0|price=98|quantity=51200|side=BUY|orderId=11
14:23:23.653 [main] INFO  c.orderbook.OrderBook - [ORDERBOOK] Adding passive limit order to BID bookLimit(side=BUY,orderId=11,price=98,quantity=51200)
14:23:23.653 [main] INFO  c.o.visitor.MutatingAddOrderVisitor - [ORDERBOOK] + Limit(side=BUY,orderId=10,price=98,quantity=25600)
14:23:23.653 [main] DEBUG c.o.v.ReadOnlyMarketDataChannelPublishVisitor - Bid Side Size: 3
14:23:23.653 [main] DEBUG c.o.v.ReadOnlyMarketDataChannelPublishVisitor - Adding Mkt Data Msg BID: Price=98 Qty=102400
14:23:23.653 [main] DEBUG c.o.v.ReadOnlyMarketDataChannelPublishVisitor - Adding Mkt Data Msg BID: Price=95 Qty=200
14:23:23.653 [main] DEBUG c.o.v.ReadOnlyMarketDataChannelPublishVisitor - Adding Mkt Data Msg BID: Price=91 Qty=300
14:23:23.653 [main] DEBUG c.o.v.ReadOnlyMarketDataChannelPublishVisitor - Ask Side Size: 4
14:23:23.653 [main] DEBUG c.o.v.ReadOnlyMarketDataChannelPublishVisitor - Adding Mkt Data Msg ASK: Price=100 Qty=101
14:23:23.653 [main] DEBUG c.o.v.ReadOnlyMarketDataChannelPublishVisitor - Adding Mkt Data Msg ASK: Price=110 Qty=200
14:23:23.653 [main] DEBUG c.o.v.ReadOnlyMarketDataChannelPublishVisitor - Adding Mkt Data Msg ASK: Price=115 Qty=5000
14:23:23.653 [main] DEBUG c.o.v.ReadOnlyMarketDataChannelPublishVisitor - Adding Mkt Data Msg ASK: Price=119 Qty=5600
14:23:23.653 [main] INFO  c.o.channel.MarketDataChannel - [ORDERBOOK] Sending market data update...
14:23:23.653 [main] INFO  c.sequencer.consumer.LoggingConsumer - [21] 
|----BID-----|
 102400 @ 98
    200 @ 95
    300 @ 91
|----ASK-----|
   101 @ 100
   200 @ 110
  5000 @ 115
  5600 @ 119

14:23:23.653 [main] DEBUG c.service.MarketDataService - [ALGO] BID: price:98 quantity:102400
14:23:23.654 [main] DEBUG c.service.MarketDataService - [ALGO] BID: price:95 quantity:200
14:23:23.654 [main] DEBUG c.service.MarketDataService - [ALGO] BID: price:91 quantity:300
14:23:23.654 [main] DEBUG c.service.MarketDataService - [ALGO] ASK: price:100 quantity:101
14:23:23.654 [main] DEBUG c.service.MarketDataService - [ALGO] ASK: price:110 quantity:200
14:23:23.654 [main] DEBUG c.service.MarketDataService - [ALGO] ASK: price:115 quantity:5000
14:23:23.654 [main] DEBUG c.service.MarketDataService - [ALGO] ASK: price:119 quantity:5600
14:23:23.654 [main] INFO  c.gettingstarted.MyAlgoLogic - [MYALGO] The state of the order book is:
|----BID-----||----ASK----|
 102400 @ 98   101 @ 100
    200 @ 95   200 @ 110
    300 @ 91  5000 @ 115
          -   5600 @ 119
|------------||-----------|

14:23:23.654 [main] INFO  c.gettingstarted.MyAlgoLogic - [MYALGO] Algo Sees SheZa
14:23:23.654 [main] INFO  c.gettingstarted.MyAlgoLogic - [MYALGO] Algo Sees Book as:
|----BID-----||----ASK----|
 102400 @ 98   101 @ 100
    200 @ 95   200 @ 110
    300 @ 91  5000 @ 115
          -   5600 @ 119
|------------||-----------|

14:23:23.654 [main] INFO  c.gettingstarted.MyAlgoLogic - [MYALGO] Adding order for102400@98
total order count is 10
14:23:23.654 [main] INFO  c.container.Actioner - [ALGO] Actioner, sending action:CreateChildOrder(side=BUY,quantity=102400,price=98)
14:23:23.655 [main] INFO  c.sequencer.consumer.LoggingConsumer - [22] [CreateOrder](sbeTemplateId=4|sbeSchemaId=2|sbeSchemaVersion=0|sbeBlockLength=33):instrumentId=0|price=98|quantity=102400|side=BUY|orderId=12
14:23:23.655 [main] INFO  c.orderbook.OrderBook - [ORDERBOOK] Adding passive limit order to BID bookLimit(side=BUY,orderId=12,price=98,quantity=102400)
14:23:23.655 [main] INFO  c.o.visitor.MutatingAddOrderVisitor - [ORDERBOOK] + Limit(side=BUY,orderId=11,price=98,quantity=51200)
14:23:23.655 [main] DEBUG c.o.v.ReadOnlyMarketDataChannelPublishVisitor - Bid Side Size: 3
14:23:23.655 [main] DEBUG c.o.v.ReadOnlyMarketDataChannelPublishVisitor - Adding Mkt Data Msg BID: Price=98 Qty=204800
14:23:23.655 [main] DEBUG c.o.v.ReadOnlyMarketDataChannelPublishVisitor - Adding Mkt Data Msg BID: Price=95 Qty=200
14:23:23.655 [main] DEBUG c.o.v.ReadOnlyMarketDataChannelPublishVisitor - Adding Mkt Data Msg BID: Price=91 Qty=300
14:23:23.655 [main] DEBUG c.o.v.ReadOnlyMarketDataChannelPublishVisitor - Ask Side Size: 4
14:23:23.655 [main] DEBUG c.o.v.ReadOnlyMarketDataChannelPublishVisitor - Adding Mkt Data Msg ASK: Price=100 Qty=101
14:23:23.655 [main] DEBUG c.o.v.ReadOnlyMarketDataChannelPublishVisitor - Adding Mkt Data Msg ASK: Price=110 Qty=200
14:23:23.655 [main] DEBUG c.o.v.ReadOnlyMarketDataChannelPublishVisitor - Adding Mkt Data Msg ASK: Price=115 Qty=5000
14:23:23.655 [main] DEBUG c.o.v.ReadOnlyMarketDataChannelPublishVisitor - Adding Mkt Data Msg ASK: Price=119 Qty=5600
14:23:23.655 [main] INFO  c.o.channel.MarketDataChannel - [ORDERBOOK] Sending market data update...
14:23:23.655 [main] INFO  c.sequencer.consumer.LoggingConsumer - [23] 
|----BID-----|
 204800 @ 98
    200 @ 95
    300 @ 91
|----ASK-----|
   101 @ 100
   200 @ 110
  5000 @ 115
  5600 @ 119

14:23:23.655 [main] DEBUG c.service.MarketDataService - [ALGO] BID: price:98 quantity:204800
14:23:23.655 [main] DEBUG c.service.MarketDataService - [ALGO] BID: price:95 quantity:200
14:23:23.656 [main] DEBUG c.service.MarketDataService - [ALGO] BID: price:91 quantity:300
14:23:23.656 [main] DEBUG c.service.MarketDataService - [ALGO] ASK: price:100 quantity:101
14:23:23.656 [main] DEBUG c.service.MarketDataService - [ALGO] ASK: price:110 quantity:200
14:23:23.656 [main] DEBUG c.service.MarketDataService - [ALGO] ASK: price:115 quantity:5000
14:23:23.656 [main] DEBUG c.service.MarketDataService - [ALGO] ASK: price:119 quantity:5600
14:23:23.656 [main] INFO  c.gettingstarted.MyAlgoLogic - [MYALGO] The state of the order book is:
|----BID-----||----ASK----|
 204800 @ 98   101 @ 100
    200 @ 95   200 @ 110
    300 @ 91  5000 @ 115
          -   5600 @ 119
|------------||-----------|

14:23:23.656 [main] INFO  c.gettingstarted.MyAlgoLogic - [MYALGO] Algo Sees SheZa
14:23:23.656 [main] INFO  c.gettingstarted.MyAlgoLogic - [MYALGO] Algo Sees Book as:
|----BID-----||----ASK----|
 204800 @ 98   101 @ 100
    200 @ 95   200 @ 110
    300 @ 91  5000 @ 115
          -   5600 @ 119
|------------||-----------|

14:23:23.656 [main] INFO  c.gettingstarted.MyAlgoLogic - [MYALGO] Adding order for204800@98
total order count is 11
14:23:23.656 [main] INFO  c.container.Actioner - [ALGO] Actioner, sending action:CreateChildOrder(side=BUY,quantity=204800,price=98)
14:23:23.656 [main] INFO  c.sequencer.consumer.LoggingConsumer - [24] [CreateOrder](sbeTemplateId=4|sbeSchemaId=2|sbeSchemaVersion=0|sbeBlockLength=33):instrumentId=0|price=98|quantity=204800|side=BUY|orderId=13
14:23:23.656 [main] INFO  c.orderbook.OrderBook - [ORDERBOOK] Adding passive limit order to BID bookLimit(side=BUY,orderId=13,price=98,quantity=204800)
14:23:23.656 [main] INFO  c.o.visitor.MutatingAddOrderVisitor - [ORDERBOOK] + Limit(side=BUY,orderId=12,price=98,quantity=102400)
14:23:23.656 [main] DEBUG c.o.v.ReadOnlyMarketDataChannelPublishVisitor - Bid Side Size: 3
14:23:23.656 [main] DEBUG c.o.v.ReadOnlyMarketDataChannelPublishVisitor - Adding Mkt Data Msg BID: Price=98 Qty=409600
14:23:23.656 [main] DEBUG c.o.v.ReadOnlyMarketDataChannelPublishVisitor - Adding Mkt Data Msg BID: Price=95 Qty=200
14:23:23.657 [main] DEBUG c.o.v.ReadOnlyMarketDataChannelPublishVisitor - Adding Mkt Data Msg BID: Price=91 Qty=300
14:23:23.657 [main] DEBUG c.o.v.ReadOnlyMarketDataChannelPublishVisitor - Ask Side Size: 4
14:23:23.657 [main] DEBUG c.o.v.ReadOnlyMarketDataChannelPublishVisitor - Adding Mkt Data Msg ASK: Price=100 Qty=101
14:23:23.657 [main] DEBUG c.o.v.ReadOnlyMarketDataChannelPublishVisitor - Adding Mkt Data Msg ASK: Price=110 Qty=200
14:23:23.657 [main] DEBUG c.o.v.ReadOnlyMarketDataChannelPublishVisitor - Adding Mkt Data Msg ASK: Price=115 Qty=5000
14:23:23.657 [main] DEBUG c.o.v.ReadOnlyMarketDataChannelPublishVisitor - Adding Mkt Data Msg ASK: Price=119 Qty=5600
14:23:23.657 [main] INFO  c.o.channel.MarketDataChannel - [ORDERBOOK] Sending market data update...
14:23:23.657 [main] INFO  c.sequencer.consumer.LoggingConsumer - [25] 
|----BID-----|
 409600 @ 98
    200 @ 95
    300 @ 91
|----ASK-----|
   101 @ 100
   200 @ 110
  5000 @ 115
  5600 @ 119

14:23:23.657 [main] DEBUG c.service.MarketDataService - [ALGO] BID: price:98 quantity:409600
14:23:23.657 [main] DEBUG c.service.MarketDataService - [ALGO] BID: price:95 quantity:200
14:23:23.657 [main] DEBUG c.service.MarketDataService - [ALGO] BID: price:91 quantity:300
14:23:23.657 [main] DEBUG c.service.MarketDataService - [ALGO] ASK: price:100 quantity:101
14:23:23.657 [main] DEBUG c.service.MarketDataService - [ALGO] ASK: price:110 quantity:200
14:23:23.657 [main] DEBUG c.service.MarketDataService - [ALGO] ASK: price:115 quantity:5000
14:23:23.657 [main] DEBUG c.service.MarketDataService - [ALGO] ASK: price:119 quantity:5600
14:23:23.657 [main] INFO  c.gettingstarted.MyAlgoLogic - [MYALGO] The state of the order book is:
|----BID-----||----ASK----|
 409600 @ 98   101 @ 100
    200 @ 95   200 @ 110
    300 @ 91  5000 @ 115
          -   5600 @ 119
|------------||-----------|

14:23:23.657 [main] INFO  c.gettingstarted.MyAlgoLogic - [MYALGO] Algo Sees SheZa
14:23:23.658 [main] INFO  c.gettingstarted.MyAlgoLogic - [MYALGO] Algo Sees Book as:
|----BID-----||----ASK----|
 409600 @ 98   101 @ 100
    200 @ 95   200 @ 110
    300 @ 91  5000 @ 115
          -   5600 @ 119
|------------||-----------|

14:23:23.658 [main] INFO  c.gettingstarted.MyAlgoLogic - [MYALGO] Adding order for409600@98
total order count is 12
14:23:23.658 [main] INFO  c.container.Actioner - [ALGO] Actioner, sending action:CreateChildOrder(side=BUY,quantity=409600,price=98)
14:23:23.658 [main] INFO  c.sequencer.consumer.LoggingConsumer - [26] [CreateOrder](sbeTemplateId=4|sbeSchemaId=2|sbeSchemaVersion=0|sbeBlockLength=33):instrumentId=0|price=98|quantity=409600|side=BUY|orderId=14
14:23:23.658 [main] INFO  c.orderbook.OrderBook - [ORDERBOOK] Adding passive limit order to BID bookLimit(side=BUY,orderId=14,price=98,quantity=409600)
14:23:23.658 [main] INFO  c.o.visitor.MutatingAddOrderVisitor - [ORDERBOOK] + Limit(side=BUY,orderId=13,price=98,quantity=204800)
14:23:23.658 [main] DEBUG c.o.v.ReadOnlyMarketDataChannelPublishVisitor - Bid Side Size: 3
14:23:23.658 [main] DEBUG c.o.v.ReadOnlyMarketDataChannelPublishVisitor - Adding Mkt Data Msg BID: Price=98 Qty=819200
14:23:23.658 [main] DEBUG c.o.v.ReadOnlyMarketDataChannelPublishVisitor - Adding Mkt Data Msg BID: Price=95 Qty=200
14:23:23.658 [main] DEBUG c.o.v.ReadOnlyMarketDataChannelPublishVisitor - Adding Mkt Data Msg BID: Price=91 Qty=300
14:23:23.658 [main] DEBUG c.o.v.ReadOnlyMarketDataChannelPublishVisitor - Ask Side Size: 4
14:23:23.658 [main] DEBUG c.o.v.ReadOnlyMarketDataChannelPublishVisitor - Adding Mkt Data Msg ASK: Price=100 Qty=101
14:23:23.658 [main] DEBUG c.o.v.ReadOnlyMarketDataChannelPublishVisitor - Adding Mkt Data Msg ASK: Price=110 Qty=200
14:23:23.659 [main] DEBUG c.o.v.ReadOnlyMarketDataChannelPublishVisitor - Adding Mkt Data Msg ASK: Price=115 Qty=5000
14:23:23.659 [main] DEBUG c.o.v.ReadOnlyMarketDataChannelPublishVisitor - Adding Mkt Data Msg ASK: Price=119 Qty=5600
14:23:23.659 [main] INFO  c.o.channel.MarketDataChannel - [ORDERBOOK] Sending market data update...
14:23:23.659 [main] INFO  c.sequencer.consumer.LoggingConsumer - [27] 
|----BID-----|
 819200 @ 98
    200 @ 95
    300 @ 91
|----ASK-----|
   101 @ 100
   200 @ 110
  5000 @ 115
  5600 @ 119

14:23:23.659 [main] DEBUG c.service.MarketDataService - [ALGO] BID: price:98 quantity:819200
14:23:23.659 [main] DEBUG c.service.MarketDataService - [ALGO] BID: price:95 quantity:200
14:23:23.659 [main] DEBUG c.service.MarketDataService - [ALGO] BID: price:91 quantity:300
14:23:23.659 [main] DEBUG c.service.MarketDataService - [ALGO] ASK: price:100 quantity:101
14:23:23.659 [main] DEBUG c.service.MarketDataService - [ALGO] ASK: price:110 quantity:200
14:23:23.659 [main] DEBUG c.service.MarketDataService - [ALGO] ASK: price:115 quantity:5000
14:23:23.659 [main] DEBUG c.service.MarketDataService - [ALGO] ASK: price:119 quantity:5600
14:23:23.659 [main] INFO  c.gettingstarted.MyAlgoLogic - [MYALGO] The state of the order book is:
|----BID-----||----ASK----|
 819200 @ 98   101 @ 100
    200 @ 95   200 @ 110
    300 @ 91  5000 @ 115
          -   5600 @ 119
|------------||-----------|

14:23:23.659 [main] INFO  c.gettingstarted.MyAlgoLogic - [MYALGO] Algo Sees SheZa
14:23:23.661 [main] INFO  c.gettingstarted.MyAlgoLogic - [MYALGO] Algo Sees Book as:
|----BID-----||----ASK----|
 819200 @ 98   101 @ 100
    200 @ 95   200 @ 110
    300 @ 91  5000 @ 115
          -   5600 @ 119
|------------||-----------|

14:23:23.661 [main] INFO  c.gettingstarted.MyAlgoLogic - [MYALGO] Adding order for819200@98
total order count is 13
14:23:23.661 [main] INFO  c.container.Actioner - [ALGO] Actioner, sending action:CreateChildOrder(side=BUY,quantity=819200,price=98)
14:23:23.661 [main] INFO  c.sequencer.consumer.LoggingConsumer - [28] [CreateOrder](sbeTemplateId=4|sbeSchemaId=2|sbeSchemaVersion=0|sbeBlockLength=33):instrumentId=0|price=98|quantity=819200|side=BUY|orderId=15
14:23:23.661 [main] INFO  c.orderbook.OrderBook - [ORDERBOOK] Adding passive limit order to BID bookLimit(side=BUY,orderId=15,price=98,quantity=819200)
14:23:23.661 [main] INFO  c.o.visitor.MutatingAddOrderVisitor - [ORDERBOOK] + Limit(side=BUY,orderId=14,price=98,quantity=409600)
14:23:23.661 [main] DEBUG c.o.v.ReadOnlyMarketDataChannelPublishVisitor - Bid Side Size: 3
14:23:23.662 [main] DEBUG c.o.v.ReadOnlyMarketDataChannelPublishVisitor - Adding Mkt Data Msg BID: Price=98 Qty=1638400
14:23:23.662 [main] DEBUG c.o.v.ReadOnlyMarketDataChannelPublishVisitor - Adding Mkt Data Msg BID: Price=95 Qty=200
14:23:23.662 [main] DEBUG c.o.v.ReadOnlyMarketDataChannelPublishVisitor - Adding Mkt Data Msg BID: Price=91 Qty=300
14:23:23.662 [main] DEBUG c.o.v.ReadOnlyMarketDataChannelPublishVisitor - Ask Side Size: 4
14:23:23.662 [main] DEBUG c.o.v.ReadOnlyMarketDataChannelPublishVisitor - Adding Mkt Data Msg ASK: Price=100 Qty=101
14:23:23.662 [main] DEBUG c.o.v.ReadOnlyMarketDataChannelPublishVisitor - Adding Mkt Data Msg ASK: Price=110 Qty=200
14:23:23.662 [main] DEBUG c.o.v.ReadOnlyMarketDataChannelPublishVisitor - Adding Mkt Data Msg ASK: Price=115 Qty=5000
14:23:23.663 [main] DEBUG c.o.v.ReadOnlyMarketDataChannelPublishVisitor - Adding Mkt Data Msg ASK: Price=119 Qty=5600
14:23:23.663 [main] INFO  c.o.channel.MarketDataChannel - [ORDERBOOK] Sending market data update...
14:23:23.663 [main] INFO  c.sequencer.consumer.LoggingConsumer - [29] 
|----BID-----|
1638400 @ 98
    200 @ 95
    300 @ 91
|----ASK-----|
   101 @ 100
   200 @ 110
  5000 @ 115
  5600 @ 119

14:23:23.663 [main] DEBUG c.service.MarketDataService - [ALGO] BID: price:98 quantity:1638400
14:23:23.663 [main] DEBUG c.service.MarketDataService - [ALGO] BID: price:95 quantity:200
14:23:23.663 [main] DEBUG c.service.MarketDataService - [ALGO] BID: price:91 quantity:300
14:23:23.663 [main] DEBUG c.service.MarketDataService - [ALGO] ASK: price:100 quantity:101
14:23:23.663 [main] DEBUG c.service.MarketDataService - [ALGO] ASK: price:110 quantity:200
14:23:23.663 [main] DEBUG c.service.MarketDataService - [ALGO] ASK: price:115 quantity:5000
14:23:23.663 [main] DEBUG c.service.MarketDataService - [ALGO] ASK: price:119 quantity:5600
14:23:23.663 [main] INFO  c.gettingstarted.MyAlgoLogic - [MYALGO] The state of the order book is:
|----BID-----||----ASK----|
1638400 @ 98   101 @ 100
    200 @ 95   200 @ 110
    300 @ 91  5000 @ 115
          -   5600 @ 119
|------------||-----------|

14:23:23.663 [main] INFO  c.gettingstarted.MyAlgoLogic - [MYALGO] Algo Sees SheZa
14:23:23.663 [main] INFO  c.gettingstarted.MyAlgoLogic - [MYALGO] Algo Sees Book as:
|----BID-----||----ASK----|
1638400 @ 98   101 @ 100
    200 @ 95   200 @ 110
    300 @ 91  5000 @ 115
          -   5600 @ 119
|------------||-----------|

14:23:23.663 [main] INFO  c.gettingstarted.MyAlgoLogic - [MYALGO] Adding order for1638400@98
total order count is 14
14:23:23.663 [main] INFO  c.container.Actioner - [ALGO] Actioner, sending action:CreateChildOrder(side=BUY,quantity=1638400,price=98)
14:23:23.663 [main] INFO  c.sequencer.consumer.LoggingConsumer - [30] [CreateOrder](sbeTemplateId=4|sbeSchemaId=2|sbeSchemaVersion=0|sbeBlockLength=33):instrumentId=0|price=98|quantity=1638400|side=BUY|orderId=16
14:23:23.663 [main] INFO  c.orderbook.OrderBook - [ORDERBOOK] Adding passive limit order to BID bookLimit(side=BUY,orderId=16,price=98,quantity=1638400)
14:23:23.663 [main] INFO  c.o.visitor.MutatingAddOrderVisitor - [ORDERBOOK] + Limit(side=BUY,orderId=15,price=98,quantity=819200)
14:23:23.663 [main] DEBUG c.o.v.ReadOnlyMarketDataChannelPublishVisitor - Bid Side Size: 3
14:23:23.663 [main] DEBUG c.o.v.ReadOnlyMarketDataChannelPublishVisitor - Adding Mkt Data Msg BID: Price=98 Qty=3276800
14:23:23.663 [main] DEBUG c.o.v.ReadOnlyMarketDataChannelPublishVisitor - Adding Mkt Data Msg BID: Price=95 Qty=200
14:23:23.663 [main] DEBUG c.o.v.ReadOnlyMarketDataChannelPublishVisitor - Adding Mkt Data Msg BID: Price=91 Qty=300
14:23:23.663 [main] DEBUG c.o.v.ReadOnlyMarketDataChannelPublishVisitor - Ask Side Size: 4
14:23:23.663 [main] DEBUG c.o.v.ReadOnlyMarketDataChannelPublishVisitor - Adding Mkt Data Msg ASK: Price=100 Qty=101
14:23:23.663 [main] DEBUG c.o.v.ReadOnlyMarketDataChannelPublishVisitor - Adding Mkt Data Msg ASK: Price=110 Qty=200
14:23:23.663 [main] DEBUG c.o.v.ReadOnlyMarketDataChannelPublishVisitor - Adding Mkt Data Msg ASK: Price=115 Qty=5000
14:23:23.663 [main] DEBUG c.o.v.ReadOnlyMarketDataChannelPublishVisitor - Adding Mkt Data Msg ASK: Price=119 Qty=5600
14:23:23.663 [main] INFO  c.o.channel.MarketDataChannel - [ORDERBOOK] Sending market data update...
14:23:23.663 [main] INFO  c.sequencer.consumer.LoggingConsumer - [31] 
|----BID-----|
3276800 @ 98
    200 @ 95
    300 @ 91
|----ASK-----|
   101 @ 100
   200 @ 110
  5000 @ 115
  5600 @ 119

14:23:23.663 [main] DEBUG c.service.MarketDataService - [ALGO] BID: price:98 quantity:3276800
14:23:23.663 [main] DEBUG c.service.MarketDataService - [ALGO] BID: price:95 quantity:200
14:23:23.663 [main] DEBUG c.service.MarketDataService - [ALGO] BID: price:91 quantity:300
14:23:23.663 [main] DEBUG c.service.MarketDataService - [ALGO] ASK: price:100 quantity:101
14:23:23.675 [main] DEBUG c.service.MarketDataService - [ALGO] ASK: price:110 quantity:200
14:23:23.675 [main] DEBUG c.service.MarketDataService - [ALGO] ASK: price:115 quantity:5000
14:23:23.675 [main] DEBUG c.service.MarketDataService - [ALGO] ASK: price:119 quantity:5600
14:23:23.676 [main] INFO  c.gettingstarted.MyAlgoLogic - [MYALGO] The state of the order book is:
|----BID-----||----ASK----|
3276800 @ 98   101 @ 100
    200 @ 95   200 @ 110
    300 @ 91  5000 @ 115
          -   5600 @ 119
|------------||-----------|

14:23:23.676 [main] INFO  c.gettingstarted.MyAlgoLogic - [MYALGO] Algo Sees SheZa
14:23:23.676 [main] INFO  c.gettingstarted.MyAlgoLogic - [MYALGO] Algo Sees Book as:
|----BID-----||----ASK----|
3276800 @ 98   101 @ 100
    200 @ 95   200 @ 110
    300 @ 91  5000 @ 115
          -   5600 @ 119
|------------||-----------|

14:23:23.676 [main] INFO  c.gettingstarted.MyAlgoLogic - [MYALGO] Adding order for3276800@98
total order count is 15
14:23:23.676 [main] INFO  c.container.Actioner - [ALGO] Actioner, sending action:CreateChildOrder(side=BUY,quantity=3276800,price=98)
14:23:23.676 [main] INFO  c.sequencer.consumer.LoggingConsumer - [32] [CreateOrder](sbeTemplateId=4|sbeSchemaId=2|sbeSchemaVersion=0|sbeBlockLength=33):instrumentId=0|price=98|quantity=3276800|side=BUY|orderId=17
14:23:23.676 [main] INFO  c.orderbook.OrderBook - [ORDERBOOK] Adding passive limit order to BID bookLimit(side=BUY,orderId=17,price=98,quantity=3276800)
14:23:23.676 [main] INFO  c.o.visitor.MutatingAddOrderVisitor - [ORDERBOOK] + Limit(side=BUY,orderId=16,price=98,quantity=1638400)
14:23:23.676 [main] DEBUG c.o.v.ReadOnlyMarketDataChannelPublishVisitor - Bid Side Size: 3
14:23:23.676 [main] DEBUG c.o.v.ReadOnlyMarketDataChannelPublishVisitor - Adding Mkt Data Msg BID: Price=98 Qty=6553600
14:23:23.676 [main] DEBUG c.o.v.ReadOnlyMarketDataChannelPublishVisitor - Adding Mkt Data Msg BID: Price=95 Qty=200
14:23:23.676 [main] DEBUG c.o.v.ReadOnlyMarketDataChannelPublishVisitor - Adding Mkt Data Msg BID: Price=91 Qty=300
14:23:23.676 [main] DEBUG c.o.v.ReadOnlyMarketDataChannelPublishVisitor - Ask Side Size: 4
14:23:23.676 [main] DEBUG c.o.v.ReadOnlyMarketDataChannelPublishVisitor - Adding Mkt Data Msg ASK: Price=100 Qty=101
14:23:23.676 [main] DEBUG c.o.v.ReadOnlyMarketDataChannelPublishVisitor - Adding Mkt Data Msg ASK: Price=110 Qty=200
14:23:23.676 [main] DEBUG c.o.v.ReadOnlyMarketDataChannelPublishVisitor - Adding Mkt Data Msg ASK: Price=115 Qty=5000
14:23:23.676 [main] DEBUG c.o.v.ReadOnlyMarketDataChannelPublishVisitor - Adding Mkt Data Msg ASK: Price=119 Qty=5600
14:23:23.676 [main] INFO  c.o.channel.MarketDataChannel - [ORDERBOOK] Sending market data update...
14:23:23.676 [main] INFO  c.sequencer.consumer.LoggingConsumer - [33] 
|----BID-----|
6553600 @ 98
    200 @ 95
    300 @ 91
|----ASK-----|
   101 @ 100
   200 @ 110
  5000 @ 115
  5600 @ 119

14:23:23.676 [main] DEBUG c.service.MarketDataService - [ALGO] BID: price:98 quantity:6553600
14:23:23.676 [main] DEBUG c.service.MarketDataService - [ALGO] BID: price:95 quantity:200
14:23:23.676 [main] DEBUG c.service.MarketDataService - [ALGO] BID: price:91 quantity:300
14:23:23.676 [main] DEBUG c.service.MarketDataService - [ALGO] ASK: price:100 quantity:101
14:23:23.676 [main] DEBUG c.service.MarketDataService - [ALGO] ASK: price:110 quantity:200
14:23:23.676 [main] DEBUG c.service.MarketDataService - [ALGO] ASK: price:115 quantity:5000
14:23:23.676 [main] DEBUG c.service.MarketDataService - [ALGO] ASK: price:119 quantity:5600
14:23:23.676 [main] INFO  c.gettingstarted.MyAlgoLogic - [MYALGO] The state of the order book is:
|----BID-----||----ASK----|
6553600 @ 98   101 @ 100
    200 @ 95   200 @ 110
    300 @ 91  5000 @ 115
          -   5600 @ 119
|------------||-----------|

14:23:23.676 [main] INFO  c.gettingstarted.MyAlgoLogic - [MYALGO] Algo Sees SheZa
14:23:23.676 [main] INFO  c.gettingstarted.MyAlgoLogic - [MYALGO] Algo Sees Book as:
|----BID-----||----ASK----|
6553600 @ 98   101 @ 100
    200 @ 95   200 @ 110
    300 @ 91  5000 @ 115
          -   5600 @ 119
|------------||-----------|

14:23:23.676 [main] INFO  c.gettingstarted.MyAlgoLogic - [MYALGO] Adding order for6553600@98
total order count is 16
14:23:23.676 [main] INFO  c.container.Actioner - [ALGO] Actioner, sending action:CreateChildOrder(side=BUY,quantity=6553600,price=98)
14:23:23.676 [main] INFO  c.sequencer.consumer.LoggingConsumer - [34] [CreateOrder](sbeTemplateId=4|sbeSchemaId=2|sbeSchemaVersion=0|sbeBlockLength=33):instrumentId=0|price=98|quantity=6553600|side=BUY|orderId=18
14:23:23.676 [main] INFO  c.orderbook.OrderBook - [ORDERBOOK] Adding passive limit order to BID bookLimit(side=BUY,orderId=18,price=98,quantity=6553600)
14:23:23.676 [main] INFO  c.o.visitor.MutatingAddOrderVisitor - [ORDERBOOK] + Limit(side=BUY,orderId=17,price=98,quantity=3276800)
14:23:23.676 [main] DEBUG c.o.v.ReadOnlyMarketDataChannelPublishVisitor - Bid Side Size: 3
14:23:23.682 [main] DEBUG c.o.v.ReadOnlyMarketDataChannelPublishVisitor - Adding Mkt Data Msg BID: Price=98 Qty=13107200
14:23:23.682 [main] DEBUG c.o.v.ReadOnlyMarketDataChannelPublishVisitor - Adding Mkt Data Msg BID: Price=95 Qty=200
14:23:23.682 [main] DEBUG c.o.v.ReadOnlyMarketDataChannelPublishVisitor - Adding Mkt Data Msg BID: Price=91 Qty=300
14:23:23.682 [main] DEBUG c.o.v.ReadOnlyMarketDataChannelPublishVisitor - Ask Side Size: 4
14:23:23.682 [main] DEBUG c.o.v.ReadOnlyMarketDataChannelPublishVisitor - Adding Mkt Data Msg ASK: Price=100 Qty=101
14:23:23.682 [main] DEBUG c.o.v.ReadOnlyMarketDataChannelPublishVisitor - Adding Mkt Data Msg ASK: Price=110 Qty=200
14:23:23.682 [main] DEBUG c.o.v.ReadOnlyMarketDataChannelPublishVisitor - Adding Mkt Data Msg ASK: Price=115 Qty=5000
14:23:23.682 [main] DEBUG c.o.v.ReadOnlyMarketDataChannelPublishVisitor - Adding Mkt Data Msg ASK: Price=119 Qty=5600
14:23:23.682 [main] INFO  c.o.channel.MarketDataChannel - [ORDERBOOK] Sending market data update...
14:23:23.682 [main] INFO  c.sequencer.consumer.LoggingConsumer - [35] 
|----BID-----|
13107200 @ 98
    200 @ 95
    300 @ 91
|----ASK-----|
   101 @ 100
   200 @ 110
  5000 @ 115
  5600 @ 119

14:23:23.682 [main] DEBUG c.service.MarketDataService - [ALGO] BID: price:98 quantity:13107200
14:23:23.682 [main] DEBUG c.service.MarketDataService - [ALGO] BID: price:95 quantity:200
14:23:23.682 [main] DEBUG c.service.MarketDataService - [ALGO] BID: price:91 quantity:300
14:23:23.682 [main] DEBUG c.service.MarketDataService - [ALGO] ASK: price:100 quantity:101
14:23:23.682 [main] DEBUG c.service.MarketDataService - [ALGO] ASK: price:110 quantity:200
14:23:23.682 [main] DEBUG c.service.MarketDataService - [ALGO] ASK: price:115 quantity:5000
14:23:23.682 [main] DEBUG c.service.MarketDataService - [ALGO] ASK: price:119 quantity:5600
14:23:23.682 [main] INFO  c.gettingstarted.MyAlgoLogic - [MYALGO] The state of the order book is:
|----BID-----||----ASK----|
13107200 @ 98   101 @ 100
    200 @ 95   200 @ 110
    300 @ 91  5000 @ 115
          -   5600 @ 119
|------------||-----------|

14:23:23.682 [main] INFO  c.gettingstarted.MyAlgoLogic - [MYALGO] Algo Sees SheZa
14:23:23.682 [main] INFO  c.gettingstarted.MyAlgoLogic - [MYALGO] Algo Sees Book as:
|----BID-----||----ASK----|
13107200 @ 98   101 @ 100
    200 @ 95   200 @ 110
    300 @ 91  5000 @ 115
          -   5600 @ 119
|------------||-----------|

14:23:23.682 [main] INFO  c.gettingstarted.MyAlgoLogic - [MYALGO] Adding order for13107200@98
total order count is 17
14:23:23.684 [main] INFO  c.container.Actioner - [ALGO] Actioner, sending action:CreateChildOrder(side=BUY,quantity=13107200,price=98)
14:23:23.684 [main] INFO  c.sequencer.consumer.LoggingConsumer - [36] [CreateOrder](sbeTemplateId=4|sbeSchemaId=2|sbeSchemaVersion=0|sbeBlockLength=33):instrumentId=0|price=98|quantity=13107200|side=BUY|orderId=19
14:23:23.684 [main] INFO  c.orderbook.OrderBook - [ORDERBOOK] Adding passive limit order to BID bookLimit(side=BUY,orderId=19,price=98,quantity=13107200)
14:23:23.684 [main] INFO  c.o.visitor.MutatingAddOrderVisitor - [ORDERBOOK] + Limit(side=BUY,orderId=18,price=98,quantity=6553600)
14:23:23.684 [main] DEBUG c.o.v.ReadOnlyMarketDataChannelPublishVisitor - Bid Side Size: 3
14:23:23.684 [main] DEBUG c.o.v.ReadOnlyMarketDataChannelPublishVisitor - Adding Mkt Data Msg BID: Price=98 Qty=26214400
14:23:23.684 [main] DEBUG c.o.v.ReadOnlyMarketDataChannelPublishVisitor - Adding Mkt Data Msg BID: Price=95 Qty=200
14:23:23.684 [main] DEBUG c.o.v.ReadOnlyMarketDataChannelPublishVisitor - Adding Mkt Data Msg BID: Price=91 Qty=300
14:23:23.684 [main] DEBUG c.o.v.ReadOnlyMarketDataChannelPublishVisitor - Ask Side Size: 4
14:23:23.684 [main] DEBUG c.o.v.ReadOnlyMarketDataChannelPublishVisitor - Adding Mkt Data Msg ASK: Price=100 Qty=101
14:23:23.684 [main] DEBUG c.o.v.ReadOnlyMarketDataChannelPublishVisitor - Adding Mkt Data Msg ASK: Price=110 Qty=200
14:23:23.684 [main] DEBUG c.o.v.ReadOnlyMarketDataChannelPublishVisitor - Adding Mkt Data Msg ASK: Price=115 Qty=5000
14:23:23.684 [main] DEBUG c.o.v.ReadOnlyMarketDataChannelPublishVisitor - Adding Mkt Data Msg ASK: Price=119 Qty=5600
14:23:23.684 [main] INFO  c.o.channel.MarketDataChannel - [ORDERBOOK] Sending market data update...
14:23:23.685 [main] INFO  c.sequencer.consumer.LoggingConsumer - [37] 
|----BID-----|
26214400 @ 98
    200 @ 95
    300 @ 91
|----ASK-----|
   101 @ 100
   200 @ 110
  5000 @ 115
  5600 @ 119

14:23:23.685 [main] DEBUG c.service.MarketDataService - [ALGO] BID: price:98 quantity:26214400
14:23:23.685 [main] DEBUG c.service.MarketDataService - [ALGO] BID: price:95 quantity:200
14:23:23.685 [main] DEBUG c.service.MarketDataService - [ALGO] BID: price:91 quantity:300
14:23:23.685 [main] DEBUG c.service.MarketDataService - [ALGO] ASK: price:100 quantity:101
14:23:23.685 [main] DEBUG c.service.MarketDataService - [ALGO] ASK: price:110 quantity:200
14:23:23.685 [main] DEBUG c.service.MarketDataService - [ALGO] ASK: price:115 quantity:5000
14:23:23.685 [main] DEBUG c.service.MarketDataService - [ALGO] ASK: price:119 quantity:5600
14:23:23.685 [main] INFO  c.gettingstarted.MyAlgoLogic - [MYALGO] The state of the order book is:
|----BID-----||----ASK----|
26214400 @ 98   101 @ 100
    200 @ 95   200 @ 110
    300 @ 91  5000 @ 115
          -   5600 @ 119
|------------||-----------|

14:23:23.685 [main] INFO  c.gettingstarted.MyAlgoLogic - [MYALGO] Algo Sees SheZa
14:23:23.685 [main] INFO  c.gettingstarted.MyAlgoLogic - [MYALGO] Algo Sees Book as:
|----BID-----||----ASK----|
26214400 @ 98   101 @ 100
    200 @ 95   200 @ 110
    300 @ 91  5000 @ 115
          -   5600 @ 119
|------------||-----------|

14:23:23.685 [main] INFO  c.gettingstarted.MyAlgoLogic - [MYALGO] Adding order for26214400@98
total order count is 18
14:23:23.685 [main] INFO  c.container.Actioner - [ALGO] Actioner, sending action:CreateChildOrder(side=BUY,quantity=26214400,price=98)
14:23:23.685 [main] INFO  c.sequencer.consumer.LoggingConsumer - [38] [CreateOrder](sbeTemplateId=4|sbeSchemaId=2|sbeSchemaVersion=0|sbeBlockLength=33):instrumentId=0|price=98|quantity=26214400|side=BUY|orderId=20
14:23:23.685 [main] INFO  c.orderbook.OrderBook - [ORDERBOOK] Adding passive limit order to BID bookLimit(side=BUY,orderId=20,price=98,quantity=26214400)
14:23:23.685 [main] INFO  c.o.visitor.MutatingAddOrderVisitor - [ORDERBOOK] + Limit(side=BUY,orderId=19,price=98,quantity=13107200)
14:23:23.685 [main] DEBUG c.o.v.ReadOnlyMarketDataChannelPublishVisitor - Bid Side Size: 3
14:23:23.685 [main] DEBUG c.o.v.ReadOnlyMarketDataChannelPublishVisitor - Adding Mkt Data Msg BID: Price=98 Qty=52428800
14:23:23.685 [main] DEBUG c.o.v.ReadOnlyMarketDataChannelPublishVisitor - Adding Mkt Data Msg BID: Price=95 Qty=200
14:23:23.685 [main] DEBUG c.o.v.ReadOnlyMarketDataChannelPublishVisitor - Adding Mkt Data Msg BID: Price=91 Qty=300
14:23:23.685 [main] DEBUG c.o.v.ReadOnlyMarketDataChannelPublishVisitor - Ask Side Size: 4
14:23:23.685 [main] DEBUG c.o.v.ReadOnlyMarketDataChannelPublishVisitor - Adding Mkt Data Msg ASK: Price=100 Qty=101
14:23:23.685 [main] DEBUG c.o.v.ReadOnlyMarketDataChannelPublishVisitor - Adding Mkt Data Msg ASK: Price=110 Qty=200
14:23:23.685 [main] DEBUG c.o.v.ReadOnlyMarketDataChannelPublishVisitor - Adding Mkt Data Msg ASK: Price=115 Qty=5000
14:23:23.685 [main] DEBUG c.o.v.ReadOnlyMarketDataChannelPublishVisitor - Adding Mkt Data Msg ASK: Price=119 Qty=5600
14:23:23.685 [main] INFO  c.o.channel.MarketDataChannel - [ORDERBOOK] Sending market data update...
14:23:23.685 [main] INFO  c.sequencer.consumer.LoggingConsumer - [39] 
|----BID-----|
52428800 @ 98
    200 @ 95
    300 @ 91
|----ASK-----|
   101 @ 100
   200 @ 110
  5000 @ 115
  5600 @ 119

14:23:23.685 [main] DEBUG c.service.MarketDataService - [ALGO] BID: price:98 quantity:52428800
14:23:23.685 [main] DEBUG c.service.MarketDataService - [ALGO] BID: price:95 quantity:200
14:23:23.685 [main] DEBUG c.service.MarketDataService - [ALGO] BID: price:91 quantity:300
14:23:23.685 [main] DEBUG c.service.MarketDataService - [ALGO] ASK: price:100 quantity:101
14:23:23.685 [main] DEBUG c.service.MarketDataService - [ALGO] ASK: price:110 quantity:200
14:23:23.685 [main] DEBUG c.service.MarketDataService - [ALGO] ASK: price:115 quantity:5000
14:23:23.685 [main] DEBUG c.service.MarketDataService - [ALGO] ASK: price:119 quantity:5600
14:23:23.685 [main] INFO  c.gettingstarted.MyAlgoLogic - [MYALGO] The state of the order book is:
|----BID-----||----ASK----|
52428800 @ 98   101 @ 100
    200 @ 95   200 @ 110
    300 @ 91  5000 @ 115
          -   5600 @ 119
|------------||-----------|

14:23:23.685 [main] INFO  c.gettingstarted.MyAlgoLogic - [MYALGO] Algo Sees SheZa
14:23:23.685 [main] INFO  c.gettingstarted.MyAlgoLogic - [MYALGO] Algo Sees Book as:
|----BID-----||----ASK----|
52428800 @ 98   101 @ 100
    200 @ 95   200 @ 110
    300 @ 91  5000 @ 115
          -   5600 @ 119
|------------||-----------|

14:23:23.685 [main] INFO  c.gettingstarted.MyAlgoLogic - [MYALGO] Adding order for52428800@98
total order count is 19
14:23:23.685 [main] INFO  c.container.Actioner - [ALGO] Actioner, sending action:CreateChildOrder(side=BUY,quantity=52428800,price=98)
14:23:23.685 [main] INFO  c.sequencer.consumer.LoggingConsumer - [40] [CreateOrder](sbeTemplateId=4|sbeSchemaId=2|sbeSchemaVersion=0|sbeBlockLength=33):instrumentId=0|price=98|quantity=52428800|side=BUY|orderId=21
14:23:23.685 [main] INFO  c.orderbook.OrderBook - [ORDERBOOK] Adding passive limit order to BID bookLimit(side=BUY,orderId=21,price=98,quantity=52428800)
14:23:23.685 [main] INFO  c.o.visitor.MutatingAddOrderVisitor - [ORDERBOOK] + Limit(side=BUY,orderId=20,price=98,quantity=26214400)
14:23:23.685 [main] DEBUG c.o.v.ReadOnlyMarketDataChannelPublishVisitor - Bid Side Size: 3
14:23:23.685 [main] DEBUG c.o.v.ReadOnlyMarketDataChannelPublishVisitor - Adding Mkt Data Msg BID: Price=98 Qty=104857600
14:23:23.685 [main] DEBUG c.o.v.ReadOnlyMarketDataChannelPublishVisitor - Adding Mkt Data Msg BID: Price=95 Qty=200
14:23:23.685 [main] DEBUG c.o.v.ReadOnlyMarketDataChannelPublishVisitor - Adding Mkt Data Msg BID: Price=91 Qty=300
14:23:23.685 [main] DEBUG c.o.v.ReadOnlyMarketDataChannelPublishVisitor - Ask Side Size: 4
14:23:23.685 [main] DEBUG c.o.v.ReadOnlyMarketDataChannelPublishVisitor - Adding Mkt Data Msg ASK: Price=100 Qty=101
14:23:23.685 [main] DEBUG c.o.v.ReadOnlyMarketDataChannelPublishVisitor - Adding Mkt Data Msg ASK: Price=110 Qty=200
14:23:23.685 [main] DEBUG c.o.v.ReadOnlyMarketDataChannelPublishVisitor - Adding Mkt Data Msg ASK: Price=115 Qty=5000
14:23:23.685 [main] DEBUG c.o.v.ReadOnlyMarketDataChannelPublishVisitor - Adding Mkt Data Msg ASK: Price=119 Qty=5600
14:23:23.685 [main] INFO  c.o.channel.MarketDataChannel - [ORDERBOOK] Sending market data update...
14:23:23.685 [main] INFO  c.sequencer.consumer.LoggingConsumer - [41] 
|----BID-----|
104857600 @ 98
    200 @ 95
    300 @ 91
|----ASK-----|
   101 @ 100
   200 @ 110
  5000 @ 115
  5600 @ 119

14:23:23.685 [main] DEBUG c.service.MarketDataService - [ALGO] BID: price:98 quantity:104857600
14:23:23.685 [main] DEBUG c.service.MarketDataService - [ALGO] BID: price:95 quantity:200
14:23:23.685 [main] DEBUG c.service.MarketDataService - [ALGO] BID: price:91 quantity:300
14:23:23.685 [main] DEBUG c.service.MarketDataService - [ALGO] ASK: price:100 quantity:101
14:23:23.685 [main] DEBUG c.service.MarketDataService - [ALGO] ASK: price:110 quantity:200
14:23:23.685 [main] DEBUG c.service.MarketDataService - [ALGO] ASK: price:115 quantity:5000
14:23:23.685 [main] DEBUG c.service.MarketDataService - [ALGO] ASK: price:119 quantity:5600
14:23:23.685 [main] INFO  c.gettingstarted.MyAlgoLogic - [MYALGO] The state of the order book is:
|----BID-----||----ASK----|
104857600 @ 98   101 @ 100
    200 @ 95   200 @ 110
    300 @ 91  5000 @ 115
          -   5600 @ 119
|------------||-----------|

14:23:23.685 [main] INFO  c.gettingstarted.MyAlgoLogic - [MYALGO] Algo Sees SheZa
14:23:23.685 [main] INFO  c.gettingstarted.MyAlgoLogic - [MYALGO] Algo Sees Book as:
|----BID-----||----ASK----|
104857600 @ 98   101 @ 100
    200 @ 95   200 @ 110
    300 @ 91  5000 @ 115
          -   5600 @ 119
|------------||-----------|

14:23:23.685 [main] INFO  c.gettingstarted.MyAlgoLogic - [MYALGO] Adding order for104857600@98
total order count is 20
14:23:23.685 [main] INFO  c.container.Actioner - [ALGO] Actioner, sending action:CreateChildOrder(side=BUY,quantity=104857600,price=98)
14:23:23.685 [main] INFO  c.sequencer.consumer.LoggingConsumer - [42] [CreateOrder](sbeTemplateId=4|sbeSchemaId=2|sbeSchemaVersion=0|sbeBlockLength=33):instrumentId=0|price=98|quantity=104857600|side=BUY|orderId=22
14:23:23.685 [main] INFO  c.orderbook.OrderBook - [ORDERBOOK] Adding passive limit order to BID bookLimit(side=BUY,orderId=22,price=98,quantity=104857600)
14:23:23.685 [main] INFO  c.o.visitor.MutatingAddOrderVisitor - [ORDERBOOK] + Limit(side=BUY,orderId=21,price=98,quantity=52428800)
14:23:23.685 [main] DEBUG c.o.v.ReadOnlyMarketDataChannelPublishVisitor - Bid Side Size: 3
14:23:23.685 [main] DEBUG c.o.v.ReadOnlyMarketDataChannelPublishVisitor - Adding Mkt Data Msg BID: Price=98 Qty=209715200
14:23:23.685 [main] DEBUG c.o.v.ReadOnlyMarketDataChannelPublishVisitor - Adding Mkt Data Msg BID: Price=95 Qty=200
14:23:23.685 [main] DEBUG c.o.v.ReadOnlyMarketDataChannelPublishVisitor - Adding Mkt Data Msg BID: Price=91 Qty=300
14:23:23.685 [main] DEBUG c.o.v.ReadOnlyMarketDataChannelPublishVisitor - Ask Side Size: 4
14:23:23.685 [main] DEBUG c.o.v.ReadOnlyMarketDataChannelPublishVisitor - Adding Mkt Data Msg ASK: Price=100 Qty=101
14:23:23.685 [main] DEBUG c.o.v.ReadOnlyMarketDataChannelPublishVisitor - Adding Mkt Data Msg ASK: Price=110 Qty=200
14:23:23.685 [main] DEBUG c.o.v.ReadOnlyMarketDataChannelPublishVisitor - Adding Mkt Data Msg ASK: Price=115 Qty=5000
14:23:23.685 [main] DEBUG c.o.v.ReadOnlyMarketDataChannelPublishVisitor - Adding Mkt Data Msg ASK: Price=119 Qty=5600
14:23:23.685 [main] INFO  c.o.channel.MarketDataChannel - [ORDERBOOK] Sending market data update...
14:23:23.685 [main] INFO  c.sequencer.consumer.LoggingConsumer - [43] 
|----BID-----|
209715200 @ 98
    200 @ 95
    300 @ 91
|----ASK-----|
   101 @ 100
   200 @ 110
  5000 @ 115
  5600 @ 119

14:23:23.685 [main] DEBUG c.service.MarketDataService - [ALGO] BID: price:98 quantity:209715200
14:23:23.685 [main] DEBUG c.service.MarketDataService - [ALGO] BID: price:95 quantity:200
14:23:23.685 [main] DEBUG c.service.MarketDataService - [ALGO] BID: price:91 quantity:300
14:23:23.685 [main] DEBUG c.service.MarketDataService - [ALGO] ASK: price:100 quantity:101
14:23:23.685 [main] DEBUG c.service.MarketDataService - [ALGO] ASK: price:110 quantity:200
14:23:23.685 [main] DEBUG c.service.MarketDataService - [ALGO] ASK: price:115 quantity:5000
14:23:23.685 [main] DEBUG c.service.MarketDataService - [ALGO] ASK: price:119 quantity:5600
14:23:23.685 [main] INFO  c.gettingstarted.MyAlgoLogic - [MYALGO] The state of the order book is:
|----BID-----||----ASK----|
209715200 @ 98   101 @ 100
    200 @ 95   200 @ 110
    300 @ 91  5000 @ 115
          -   5600 @ 119
|------------||-----------|

14:23:23.685 [main] INFO  c.gettingstarted.MyAlgoLogic - [MYALGO] Algo Sees SheZa
14:23:23.685 [main] INFO  c.gettingstarted.MyAlgoLogic - [MYALGO] Algo Sees Book as:
|----BID-----||----ASK----|
209715200 @ 98   101 @ 100
    200 @ 95   200 @ 110
    300 @ 91  5000 @ 115
          -   5600 @ 119
|------------||-----------|

14:23:23.685 [main] INFO  c.gettingstarted.MyAlgoLogic - [MYALGO] Adding order for209715200@98
total order count is 21
14:23:23.685 [main] INFO  c.container.Actioner - [ALGO] Actioner, sending action:CreateChildOrder(side=BUY,quantity=209715200,price=98)
14:23:23.685 [main] INFO  c.sequencer.consumer.LoggingConsumer - [44] [CreateOrder](sbeTemplateId=4|sbeSchemaId=2|sbeSchemaVersion=0|sbeBlockLength=33):instrumentId=0|price=98|quantity=209715200|side=BUY|orderId=23
14:23:23.685 [main] INFO  c.orderbook.OrderBook - [ORDERBOOK] Adding passive limit order to BID bookLimit(side=BUY,orderId=23,price=98,quantity=209715200)
14:23:23.685 [main] INFO  c.o.visitor.MutatingAddOrderVisitor - [ORDERBOOK] + Limit(side=BUY,orderId=22,price=98,quantity=104857600)
14:23:23.685 [main] DEBUG c.o.v.ReadOnlyMarketDataChannelPublishVisitor - Bid Side Size: 3
14:23:23.685 [main] DEBUG c.o.v.ReadOnlyMarketDataChannelPublishVisitor - Adding Mkt Data Msg BID: Price=98 Qty=419430400
14:23:23.685 [main] DEBUG c.o.v.ReadOnlyMarketDataChannelPublishVisitor - Adding Mkt Data Msg BID: Price=95 Qty=200
14:23:23.685 [main] DEBUG c.o.v.ReadOnlyMarketDataChannelPublishVisitor - Adding Mkt Data Msg BID: Price=91 Qty=300
14:23:23.685 [main] DEBUG c.o.v.ReadOnlyMarketDataChannelPublishVisitor - Ask Side Size: 4
14:23:23.685 [main] DEBUG c.o.v.ReadOnlyMarketDataChannelPublishVisitor - Adding Mkt Data Msg ASK: Price=100 Qty=101
14:23:23.685 [main] DEBUG c.o.v.ReadOnlyMarketDataChannelPublishVisitor - Adding Mkt Data Msg ASK: Price=110 Qty=200
14:23:23.685 [main] DEBUG c.o.v.ReadOnlyMarketDataChannelPublishVisitor - Adding Mkt Data Msg ASK: Price=115 Qty=5000
14:23:23.685 [main] DEBUG c.o.v.ReadOnlyMarketDataChannelPublishVisitor - Adding Mkt Data Msg ASK: Price=119 Qty=5600
14:23:23.685 [main] INFO  c.o.channel.MarketDataChannel - [ORDERBOOK] Sending market data update...
14:23:23.692 [main] INFO  c.sequencer.consumer.LoggingConsumer - [45] 
|----BID-----|
419430400 @ 98
    200 @ 95
    300 @ 91
|----ASK-----|
   101 @ 100
   200 @ 110
  5000 @ 115
  5600 @ 119

14:23:23.692 [main] DEBUG c.service.MarketDataService - [ALGO] BID: price:98 quantity:419430400
14:23:23.692 [main] DEBUG c.service.MarketDataService - [ALGO] BID: price:95 quantity:200
14:23:23.692 [main] DEBUG c.service.MarketDataService - [ALGO] BID: price:91 quantity:300
14:23:23.692 [main] DEBUG c.service.MarketDataService - [ALGO] ASK: price:100 quantity:101
14:23:23.692 [main] DEBUG c.service.MarketDataService - [ALGO] ASK: price:110 quantity:200
14:23:23.692 [main] DEBUG c.service.MarketDataService - [ALGO] ASK: price:115 quantity:5000
14:23:23.692 [main] DEBUG c.service.MarketDataService - [ALGO] ASK: price:119 quantity:5600
14:23:23.692 [main] INFO  c.gettingstarted.MyAlgoLogic - [MYALGO] The state of the order book is:
|----BID-----||----ASK----|
419430400 @ 98   101 @ 100
    200 @ 95   200 @ 110
    300 @ 91  5000 @ 115
          -   5600 @ 119
|------------||-----------|

14:23:23.692 [main] INFO  c.gettingstarted.MyAlgoLogic - [MYALGO] Algo Sees SheZa
14:23:23.692 [main] INFO  c.gettingstarted.MyAlgoLogic - [MYALGO] Algo Sees Book as:
|----BID-----||----ASK----|
419430400 @ 98   101 @ 100
    200 @ 95   200 @ 110
    300 @ 91  5000 @ 115
          -   5600 @ 119
|------------||-----------|

14:23:23.692 [main] INFO  c.gettingstarted.MyAlgoLogic - [MYALGO] Adding order for419430400@98
total order count is 22
14:23:23.692 [main] INFO  c.container.Actioner - [ALGO] Actioner, sending action:CreateChildOrder(side=BUY,quantity=419430400,price=98)
14:23:23.693 [main] INFO  c.sequencer.consumer.LoggingConsumer - [46] [CreateOrder](sbeTemplateId=4|sbeSchemaId=2|sbeSchemaVersion=0|sbeBlockLength=33):instrumentId=0|price=98|quantity=419430400|side=BUY|orderId=24
14:23:23.693 [main] INFO  c.orderbook.OrderBook - [ORDERBOOK] Adding passive limit order to BID bookLimit(side=BUY,orderId=24,price=98,quantity=419430400)
14:23:23.693 [main] INFO  c.o.visitor.MutatingAddOrderVisitor - [ORDERBOOK] + Limit(side=BUY,orderId=23,price=98,quantity=209715200)
14:23:23.693 [main] DEBUG c.o.v.ReadOnlyMarketDataChannelPublishVisitor - Bid Side Size: 3
14:23:23.693 [main] DEBUG c.o.v.ReadOnlyMarketDataChannelPublishVisitor - Adding Mkt Data Msg BID: Price=98 Qty=838860800
14:23:23.693 [main] DEBUG c.o.v.ReadOnlyMarketDataChannelPublishVisitor - Adding Mkt Data Msg BID: Price=95 Qty=200
14:23:23.693 [main] DEBUG c.o.v.ReadOnlyMarketDataChannelPublishVisitor - Adding Mkt Data Msg BID: Price=91 Qty=300
14:23:23.693 [main] DEBUG c.o.v.ReadOnlyMarketDataChannelPublishVisitor - Ask Side Size: 4
14:23:23.693 [main] DEBUG c.o.v.ReadOnlyMarketDataChannelPublishVisitor - Adding Mkt Data Msg ASK: Price=100 Qty=101
14:23:23.693 [main] DEBUG c.o.v.ReadOnlyMarketDataChannelPublishVisitor - Adding Mkt Data Msg ASK: Price=110 Qty=200
14:23:23.693 [main] DEBUG c.o.v.ReadOnlyMarketDataChannelPublishVisitor - Adding Mkt Data Msg ASK: Price=115 Qty=5000
14:23:23.693 [main] DEBUG c.o.v.ReadOnlyMarketDataChannelPublishVisitor - Adding Mkt Data Msg ASK: Price=119 Qty=5600
14:23:23.693 [main] INFO  c.o.channel.MarketDataChannel - [ORDERBOOK] Sending market data update...
14:23:23.693 [main] INFO  c.sequencer.consumer.LoggingConsumer - [47] 
|----BID-----|
838860800 @ 98
    200 @ 95
    300 @ 91
|----ASK-----|
   101 @ 100
   200 @ 110
  5000 @ 115
  5600 @ 119

14:23:23.693 [main] DEBUG c.service.MarketDataService - [ALGO] BID: price:98 quantity:838860800
14:23:23.693 [main] DEBUG c.service.MarketDataService - [ALGO] BID: price:95 quantity:200
14:23:23.693 [main] DEBUG c.service.MarketDataService - [ALGO] BID: price:91 quantity:300
14:23:23.693 [main] DEBUG c.service.MarketDataService - [ALGO] ASK: price:100 quantity:101
14:23:23.694 [main] DEBUG c.service.MarketDataService - [ALGO] ASK: price:110 quantity:200
14:23:23.694 [main] DEBUG c.service.MarketDataService - [ALGO] ASK: price:115 quantity:5000
14:23:23.694 [main] DEBUG c.service.MarketDataService - [ALGO] ASK: price:119 quantity:5600
14:23:23.694 [main] INFO  c.gettingstarted.MyAlgoLogic - [MYALGO] The state of the order book is:
|----BID-----||----ASK----|
838860800 @ 98   101 @ 100
    200 @ 95   200 @ 110
    300 @ 91  5000 @ 115
          -   5600 @ 119
|------------||-----------|

14:23:23.694 [main] INFO  c.gettingstarted.MyAlgoLogic - [MYALGO] Algo Sees SheZa
14:23:23.694 [main] INFO  c.gettingstarted.MyAlgoLogic - [MYALGO] Algo Sees Book as:
|----BID-----||----ASK----|
838860800 @ 98   101 @ 100
    200 @ 95   200 @ 110
    300 @ 91  5000 @ 115
          -   5600 @ 119
|------------||-----------|

14:23:23.694 [main] INFO  c.gettingstarted.MyAlgoLogic - [MYALGO] Adding order for838860800@98
total order count is 23
14:23:23.694 [main] INFO  c.container.Actioner - [ALGO] Actioner, sending action:CreateChildOrder(side=BUY,quantity=838860800,price=98)
14:23:23.694 [main] INFO  c.sequencer.consumer.LoggingConsumer - [48] [CreateOrder](sbeTemplateId=4|sbeSchemaId=2|sbeSchemaVersion=0|sbeBlockLength=33):instrumentId=0|price=98|quantity=838860800|side=BUY|orderId=25
14:23:23.694 [main] INFO  c.orderbook.OrderBook - [ORDERBOOK] Adding passive limit order to BID bookLimit(side=BUY,orderId=25,price=98,quantity=838860800)
14:23:23.694 [main] INFO  c.o.visitor.MutatingAddOrderVisitor - [ORDERBOOK] + Limit(side=BUY,orderId=24,price=98,quantity=419430400)
14:23:23.694 [main] DEBUG c.o.v.ReadOnlyMarketDataChannelPublishVisitor - Bid Side Size: 3
14:23:23.694 [main] DEBUG c.o.v.ReadOnlyMarketDataChannelPublishVisitor - Adding Mkt Data Msg BID: Price=98 Qty=1677721600
14:23:23.694 [main] DEBUG c.o.v.ReadOnlyMarketDataChannelPublishVisitor - Adding Mkt Data Msg BID: Price=95 Qty=200
14:23:23.694 [main] DEBUG c.o.v.ReadOnlyMarketDataChannelPublishVisitor - Adding Mkt Data Msg BID: Price=91 Qty=300
14:23:23.694 [main] DEBUG c.o.v.ReadOnlyMarketDataChannelPublishVisitor - Ask Side Size: 4
14:23:23.694 [main] DEBUG c.o.v.ReadOnlyMarketDataChannelPublishVisitor - Adding Mkt Data Msg ASK: Price=100 Qty=101
14:23:23.694 [main] DEBUG c.o.v.ReadOnlyMarketDataChannelPublishVisitor - Adding Mkt Data Msg ASK: Price=110 Qty=200
14:23:23.694 [main] DEBUG c.o.v.ReadOnlyMarketDataChannelPublishVisitor - Adding Mkt Data Msg ASK: Price=115 Qty=5000
14:23:23.694 [main] DEBUG c.o.v.ReadOnlyMarketDataChannelPublishVisitor - Adding Mkt Data Msg ASK: Price=119 Qty=5600
14:23:23.694 [main] INFO  c.o.channel.MarketDataChannel - [ORDERBOOK] Sending market data update...
14:23:23.695 [main] INFO  c.sequencer.consumer.LoggingConsumer - [49] 
|----BID-----|
1677721600 @ 98
    200 @ 95
    300 @ 91
|----ASK-----|
   101 @ 100
   200 @ 110
  5000 @ 115
  5600 @ 119

14:23:23.695 [main] DEBUG c.service.MarketDataService - [ALGO] BID: price:98 quantity:1677721600
14:23:23.695 [main] DEBUG c.service.MarketDataService - [ALGO] BID: price:95 quantity:200
14:23:23.695 [main] DEBUG c.service.MarketDataService - [ALGO] BID: price:91 quantity:300
14:23:23.695 [main] DEBUG c.service.MarketDataService - [ALGO] ASK: price:100 quantity:101
14:23:23.695 [main] DEBUG c.service.MarketDataService - [ALGO] ASK: price:110 quantity:200
14:23:23.695 [main] DEBUG c.service.MarketDataService - [ALGO] ASK: price:115 quantity:5000
14:23:23.695 [main] DEBUG c.service.MarketDataService - [ALGO] ASK: price:119 quantity:5600
14:23:23.695 [main] INFO  c.gettingstarted.MyAlgoLogic - [MYALGO] The state of the order book is:
|----BID-----||----ASK----|
1677721600 @ 98   101 @ 100
    200 @ 95   200 @ 110
    300 @ 91  5000 @ 115
          -   5600 @ 119
|------------||-----------|

14:23:23.695 [main] INFO  c.gettingstarted.MyAlgoLogic - [MYALGO] Algo Sees SheZa
14:23:23.696 [main] INFO  c.gettingstarted.MyAlgoLogic - [MYALGO] Algo Sees Book as:
|----BID-----||----ASK----|
1677721600 @ 98   101 @ 100
    200 @ 95   200 @ 110
    300 @ 91  5000 @ 115
          -   5600 @ 119
|------------||-----------|

14:23:23.696 [main] INFO  c.gettingstarted.MyAlgoLogic - [MYALGO] Adding order for1677721600@98
total order count is 24
14:23:23.696 [main] INFO  c.container.Actioner - [ALGO] Actioner, sending action:CreateChildOrder(side=BUY,quantity=1677721600,price=98)
14:23:23.696 [main] INFO  c.sequencer.consumer.LoggingConsumer - [50] [CreateOrder](sbeTemplateId=4|sbeSchemaId=2|sbeSchemaVersion=0|sbeBlockLength=33):instrumentId=0|price=98|quantity=1677721600|side=BUY|orderId=26
14:23:23.696 [main] INFO  c.orderbook.OrderBook - [ORDERBOOK] Adding passive limit order to BID bookLimit(side=BUY,orderId=26,price=98,quantity=1677721600)
14:23:23.696 [main] INFO  c.o.visitor.MutatingAddOrderVisitor - [ORDERBOOK] + Limit(side=BUY,orderId=25,price=98,quantity=838860800)
14:23:23.697 [main] DEBUG c.o.v.ReadOnlyMarketDataChannelPublishVisitor - Bid Side Size: 3
14:23:23.697 [main] DEBUG c.o.v.ReadOnlyMarketDataChannelPublishVisitor - Adding Mkt Data Msg BID: Price=98 Qty=3355443200
14:23:23.697 [main] DEBUG c.o.v.ReadOnlyMarketDataChannelPublishVisitor - Adding Mkt Data Msg BID: Price=95 Qty=200
14:23:23.697 [main] DEBUG c.o.v.ReadOnlyMarketDataChannelPublishVisitor - Adding Mkt Data Msg BID: Price=91 Qty=300
14:23:23.697 [main] DEBUG c.o.v.ReadOnlyMarketDataChannelPublishVisitor - Ask Side Size: 4
14:23:23.697 [main] DEBUG c.o.v.ReadOnlyMarketDataChannelPublishVisitor - Adding Mkt Data Msg ASK: Price=100 Qty=101
14:23:23.697 [main] DEBUG c.o.v.ReadOnlyMarketDataChannelPublishVisitor - Adding Mkt Data Msg ASK: Price=110 Qty=200
14:23:23.697 [main] DEBUG c.o.v.ReadOnlyMarketDataChannelPublishVisitor - Adding Mkt Data Msg ASK: Price=115 Qty=5000
14:23:23.697 [main] DEBUG c.o.v.ReadOnlyMarketDataChannelPublishVisitor - Adding Mkt Data Msg ASK: Price=119 Qty=5600
14:23:23.697 [main] INFO  c.o.channel.MarketDataChannel - [ORDERBOOK] Sending market data update...
14:23:23.697 [main] INFO  c.sequencer.consumer.LoggingConsumer - [51] 
|----BID-----|
3355443200 @ 98
    200 @ 95
    300 @ 91
|----ASK-----|
   101 @ 100
   200 @ 110
  5000 @ 115
  5600 @ 119

14:23:23.697 [main] DEBUG c.service.MarketDataService - [ALGO] BID: price:98 quantity:3355443200
14:23:23.697 [main] DEBUG c.service.MarketDataService - [ALGO] BID: price:95 quantity:200
14:23:23.697 [main] DEBUG c.service.MarketDataService - [ALGO] BID: price:91 quantity:300
14:23:23.698 [main] DEBUG c.service.MarketDataService - [ALGO] ASK: price:100 quantity:101
14:23:23.698 [main] DEBUG c.service.MarketDataService - [ALGO] ASK: price:110 quantity:200
14:23:23.698 [main] DEBUG c.service.MarketDataService - [ALGO] ASK: price:115 quantity:5000
14:23:23.698 [main] DEBUG c.service.MarketDataService - [ALGO] ASK: price:119 quantity:5600
14:23:23.698 [main] INFO  c.gettingstarted.MyAlgoLogic - [MYALGO] The state of the order book is:
|----BID-----||----ASK----|
3355443200 @ 98   101 @ 100
    200 @ 95   200 @ 110
    300 @ 91  5000 @ 115
          -   5600 @ 119
|------------||-----------|

14:23:23.698 [main] INFO  c.gettingstarted.MyAlgoLogic - [MYALGO] Algo Sees SheZa
14:23:23.698 [main] INFO  c.gettingstarted.MyAlgoLogic - [MYALGO] Algo Sees Book as:
|----BID-----||----ASK----|
3355443200 @ 98   101 @ 100
    200 @ 95   200 @ 110
    300 @ 91  5000 @ 115
          -   5600 @ 119
|------------||-----------|

14:23:23.698 [main] INFO  c.gettingstarted.MyAlgoLogic - [MYALGO] Adding order for3355443200@98
total order count is 25
14:23:23.698 [main] INFO  c.container.Actioner - [ALGO] Actioner, sending action:CreateChildOrder(side=BUY,quantity=3355443200,price=98)
14:23:23.698 [main] INFO  c.sequencer.consumer.LoggingConsumer - [52] [CreateOrder](sbeTemplateId=4|sbeSchemaId=2|sbeSchemaVersion=0|sbeBlockLength=33):instrumentId=0|price=98|quantity=3355443200|side=BUY|orderId=27
14:23:23.698 [main] INFO  c.orderbook.OrderBook - [ORDERBOOK] Adding passive limit order to BID bookLimit(side=BUY,orderId=27,price=98,quantity=3355443200)
14:23:23.698 [main] INFO  c.o.visitor.MutatingAddOrderVisitor - [ORDERBOOK] + Limit(side=BUY,orderId=26,price=98,quantity=1677721600)
14:23:23.698 [main] DEBUG c.o.v.ReadOnlyMarketDataChannelPublishVisitor - Bid Side Size: 3
14:23:23.698 [main] DEBUG c.o.v.ReadOnlyMarketDataChannelPublishVisitor - Adding Mkt Data Msg BID: Price=98 Qty=6710886400
14:23:23.698 [main] DEBUG c.o.v.ReadOnlyMarketDataChannelPublishVisitor - Adding Mkt Data Msg BID: Price=95 Qty=200
14:23:23.698 [main] DEBUG c.o.v.ReadOnlyMarketDataChannelPublishVisitor - Adding Mkt Data Msg BID: Price=91 Qty=300
14:23:23.698 [main] DEBUG c.o.v.ReadOnlyMarketDataChannelPublishVisitor - Ask Side Size: 4
14:23:23.698 [main] DEBUG c.o.v.ReadOnlyMarketDataChannelPublishVisitor - Adding Mkt Data Msg ASK: Price=100 Qty=101
14:23:23.698 [main] DEBUG c.o.v.ReadOnlyMarketDataChannelPublishVisitor - Adding Mkt Data Msg ASK: Price=110 Qty=200
14:23:23.698 [main] DEBUG c.o.v.ReadOnlyMarketDataChannelPublishVisitor - Adding Mkt Data Msg ASK: Price=115 Qty=5000
14:23:23.698 [main] DEBUG c.o.v.ReadOnlyMarketDataChannelPublishVisitor - Adding Mkt Data Msg ASK: Price=119 Qty=5600
14:23:23.698 [main] INFO  c.o.channel.MarketDataChannel - [ORDERBOOK] Sending market data update...
14:23:23.699 [main] INFO  c.sequencer.consumer.LoggingConsumer - [53] 
|----BID-----|
6710886400 @ 98
    200 @ 95
    300 @ 91
|----ASK-----|
   101 @ 100
   200 @ 110
  5000 @ 115
  5600 @ 119

14:23:23.699 [main] DEBUG c.service.MarketDataService - [ALGO] BID: price:98 quantity:6710886400
14:23:23.699 [main] DEBUG c.service.MarketDataService - [ALGO] BID: price:95 quantity:200
14:23:23.699 [main] DEBUG c.service.MarketDataService - [ALGO] BID: price:91 quantity:300
14:23:23.699 [main] DEBUG c.service.MarketDataService - [ALGO] ASK: price:100 quantity:101
14:23:23.699 [main] DEBUG c.service.MarketDataService - [ALGO] ASK: price:110 quantity:200
14:23:23.699 [main] DEBUG c.service.MarketDataService - [ALGO] ASK: price:115 quantity:5000
14:23:23.699 [main] DEBUG c.service.MarketDataService - [ALGO] ASK: price:119 quantity:5600
14:23:23.699 [main] INFO  c.gettingstarted.MyAlgoLogic - [MYALGO] The state of the order book is:
|----BID-----||----ASK----|
6710886400 @ 98   101 @ 100
    200 @ 95   200 @ 110
    300 @ 91  5000 @ 115
          -   5600 @ 119
|------------||-----------|

14:23:23.699 [main] INFO  c.gettingstarted.MyAlgoLogic - [MYALGO] Algo Sees SheZa
14:23:23.699 [main] INFO  c.gettingstarted.MyAlgoLogic - [MYALGO] Algo Sees Book as:
|----BID-----||----ASK----|
6710886400 @ 98   101 @ 100
    200 @ 95   200 @ 110
    300 @ 91  5000 @ 115
          -   5600 @ 119
|------------||-----------|

14:23:23.699 [main] INFO  c.gettingstarted.MyAlgoLogic - [MYALGO] Adding order for6710886400@98
total order count is 26
14:23:23.699 [main] INFO  c.container.Actioner - [ALGO] Actioner, sending action:CreateChildOrder(side=BUY,quantity=6710886400,price=98)
14:23:23.699 [main] INFO  c.sequencer.consumer.LoggingConsumer - [54] [CreateOrder](sbeTemplateId=4|sbeSchemaId=2|sbeSchemaVersion=0|sbeBlockLength=33):instrumentId=0|price=98|quantity=6710886400|side=BUY|orderId=28
14:23:23.699 [main] INFO  c.orderbook.OrderBook - [ORDERBOOK] Adding passive limit order to BID bookLimit(side=BUY,orderId=28,price=98,quantity=6710886400)
14:23:23.699 [main] INFO  c.o.visitor.MutatingAddOrderVisitor - [ORDERBOOK] + Limit(side=BUY,orderId=27,price=98,quantity=3355443200)
14:23:23.699 [main] DEBUG c.o.v.ReadOnlyMarketDataChannelPublishVisitor - Bid Side Size: 3
14:23:23.699 [main] DEBUG c.o.v.ReadOnlyMarketDataChannelPublishVisitor - Adding Mkt Data Msg BID: Price=98 Qty=13421772800
14:23:23.699 [main] DEBUG c.o.v.ReadOnlyMarketDataChannelPublishVisitor - Adding Mkt Data Msg BID: Price=95 Qty=200
14:23:23.699 [main] DEBUG c.o.v.ReadOnlyMarketDataChannelPublishVisitor - Adding Mkt Data Msg BID: Price=91 Qty=300
14:23:23.699 [main] DEBUG c.o.v.ReadOnlyMarketDataChannelPublishVisitor - Ask Side Size: 4
14:23:23.699 [main] DEBUG c.o.v.ReadOnlyMarketDataChannelPublishVisitor - Adding Mkt Data Msg ASK: Price=100 Qty=101
14:23:23.699 [main] DEBUG c.o.v.ReadOnlyMarketDataChannelPublishVisitor - Adding Mkt Data Msg ASK: Price=110 Qty=200
14:23:23.699 [main] DEBUG c.o.v.ReadOnlyMarketDataChannelPublishVisitor - Adding Mkt Data Msg ASK: Price=115 Qty=5000
14:23:23.699 [main] DEBUG c.o.v.ReadOnlyMarketDataChannelPublishVisitor - Adding Mkt Data Msg ASK: Price=119 Qty=5600
14:23:23.700 [main] INFO  c.o.channel.MarketDataChannel - [ORDERBOOK] Sending market data update...
14:23:23.700 [main] INFO  c.sequencer.consumer.LoggingConsumer - [55] 
|----BID-----|
13421772800 @ 98
    200 @ 95
    300 @ 91
|----ASK-----|
   101 @ 100
   200 @ 110
  5000 @ 115
  5600 @ 119

14:23:23.700 [main] DEBUG c.service.MarketDataService - [ALGO] BID: price:98 quantity:13421772800
14:23:23.700 [main] DEBUG c.service.MarketDataService - [ALGO] BID: price:95 quantity:200
14:23:23.700 [main] DEBUG c.service.MarketDataService - [ALGO] BID: price:91 quantity:300
14:23:23.700 [main] DEBUG c.service.MarketDataService - [ALGO] ASK: price:100 quantity:101
14:23:23.700 [main] DEBUG c.service.MarketDataService - [ALGO] ASK: price:110 quantity:200
14:23:23.700 [main] DEBUG c.service.MarketDataService - [ALGO] ASK: price:115 quantity:5000
14:23:23.700 [main] DEBUG c.service.MarketDataService - [ALGO] ASK: price:119 quantity:5600
14:23:23.700 [main] INFO  c.gettingstarted.MyAlgoLogic - [MYALGO] The state of the order book is:
|----BID-----||----ASK----|
13421772800 @ 98   101 @ 100
    200 @ 95   200 @ 110
    300 @ 91  5000 @ 115
          -   5600 @ 119
|------------||-----------|

14:23:23.700 [main] INFO  c.gettingstarted.MyAlgoLogic - [MYALGO] Algo Sees SheZa
14:23:23.700 [main] INFO  c.gettingstarted.MyAlgoLogic - [MYALGO] Algo Sees Book as:
|----BID-----||----ASK----|
13421772800 @ 98   101 @ 100
    200 @ 95   200 @ 110
    300 @ 91  5000 @ 115
          -   5600 @ 119
|------------||-----------|

14:23:23.700 [main] INFO  c.gettingstarted.MyAlgoLogic - [MYALGO] Adding order for13421772800@98
total order count is 27
14:23:23.700 [main] INFO  c.container.Actioner - [ALGO] Actioner, sending action:CreateChildOrder(side=BUY,quantity=13421772800,price=98)
14:23:23.700 [main] INFO  c.sequencer.consumer.LoggingConsumer - [56] [CreateOrder](sbeTemplateId=4|sbeSchemaId=2|sbeSchemaVersion=0|sbeBlockLength=33):instrumentId=0|price=98|quantity=13421772800|side=BUY|orderId=29
14:23:23.700 [main] INFO  c.orderbook.OrderBook - [ORDERBOOK] Adding passive limit order to BID bookLimit(side=BUY,orderId=29,price=98,quantity=13421772800)
14:23:23.700 [main] INFO  c.o.visitor.MutatingAddOrderVisitor - [ORDERBOOK] + Limit(side=BUY,orderId=28,price=98,quantity=6710886400)
14:23:23.701 [main] DEBUG c.o.v.ReadOnlyMarketDataChannelPublishVisitor - Bid Side Size: 3
14:23:23.702 [main] DEBUG c.o.v.ReadOnlyMarketDataChannelPublishVisitor - Adding Mkt Data Msg BID: Price=98 Qty=26843545600
14:23:23.702 [main] DEBUG c.o.v.ReadOnlyMarketDataChannelPublishVisitor - Adding Mkt Data Msg BID: Price=95 Qty=200
14:23:23.702 [main] DEBUG c.o.v.ReadOnlyMarketDataChannelPublishVisitor - Adding Mkt Data Msg BID: Price=91 Qty=300
14:23:23.702 [main] DEBUG c.o.v.ReadOnlyMarketDataChannelPublishVisitor - Ask Side Size: 4
14:23:23.702 [main] DEBUG c.o.v.ReadOnlyMarketDataChannelPublishVisitor - Adding Mkt Data Msg ASK: Price=100 Qty=101
14:23:23.702 [main] DEBUG c.o.v.ReadOnlyMarketDataChannelPublishVisitor - Adding Mkt Data Msg ASK: Price=110 Qty=200
14:23:23.702 [main] DEBUG c.o.v.ReadOnlyMarketDataChannelPublishVisitor - Adding Mkt Data Msg ASK: Price=115 Qty=5000
14:23:23.702 [main] DEBUG c.o.v.ReadOnlyMarketDataChannelPublishVisitor - Adding Mkt Data Msg ASK: Price=119 Qty=5600
14:23:23.702 [main] INFO  c.o.channel.MarketDataChannel - [ORDERBOOK] Sending market data update...
14:23:23.702 [main] INFO  c.sequencer.consumer.LoggingConsumer - [57] 
|----BID-----|
26843545600 @ 98
    200 @ 95
    300 @ 91
|----ASK-----|
   101 @ 100
   200 @ 110
  5000 @ 115
  5600 @ 119

14:23:23.702 [main] DEBUG c.service.MarketDataService - [ALGO] BID: price:98 quantity:26843545600
14:23:23.702 [main] DEBUG c.service.MarketDataService - [ALGO] BID: price:95 quantity:200
14:23:23.702 [main] DEBUG c.service.MarketDataService - [ALGO] BID: price:91 quantity:300
14:23:23.702 [main] DEBUG c.service.MarketDataService - [ALGO] ASK: price:100 quantity:101
14:23:23.702 [main] DEBUG c.service.MarketDataService - [ALGO] ASK: price:110 quantity:200
14:23:23.702 [main] DEBUG c.service.MarketDataService - [ALGO] ASK: price:115 quantity:5000
14:23:23.702 [main] DEBUG c.service.MarketDataService - [ALGO] ASK: price:119 quantity:5600
14:23:23.702 [main] INFO  c.gettingstarted.MyAlgoLogic - [MYALGO] The state of the order book is:
|----BID-----||----ASK----|
26843545600 @ 98   101 @ 100
    200 @ 95   200 @ 110
    300 @ 91  5000 @ 115
          -   5600 @ 119
|------------||-----------|

14:23:23.702 [main] INFO  c.gettingstarted.MyAlgoLogic - [MYALGO] Algo Sees SheZa
14:23:23.702 [main] INFO  c.gettingstarted.MyAlgoLogic - [MYALGO] Algo Sees Book as:
|----BID-----||----ASK----|
26843545600 @ 98   101 @ 100
    200 @ 95   200 @ 110
    300 @ 91  5000 @ 115
          -   5600 @ 119
|------------||-----------|

14:23:23.702 [main] INFO  c.gettingstarted.MyAlgoLogic - [MYALGO] Adding order for26843545600@98
total order count is 28
14:23:23.702 [main] INFO  c.container.Actioner - [ALGO] Actioner, sending action:CreateChildOrder(side=BUY,quantity=26843545600,price=98)
14:23:23.703 [main] INFO  c.sequencer.consumer.LoggingConsumer - [58] [CreateOrder](sbeTemplateId=4|sbeSchemaId=2|sbeSchemaVersion=0|sbeBlockLength=33):instrumentId=0|price=98|quantity=26843545600|side=BUY|orderId=30
14:23:23.703 [main] INFO  c.orderbook.OrderBook - [ORDERBOOK] Adding passive limit order to BID bookLimit(side=BUY,orderId=30,price=98,quantity=26843545600)
14:23:23.703 [main] INFO  c.o.visitor.MutatingAddOrderVisitor - [ORDERBOOK] + Limit(side=BUY,orderId=29,price=98,quantity=13421772800)
14:23:23.703 [main] DEBUG c.o.v.ReadOnlyMarketDataChannelPublishVisitor - Bid Side Size: 3
14:23:23.703 [main] DEBUG c.o.v.ReadOnlyMarketDataChannelPublishVisitor - Adding Mkt Data Msg BID: Price=98 Qty=53687091200
14:23:23.703 [main] DEBUG c.o.v.ReadOnlyMarketDataChannelPublishVisitor - Adding Mkt Data Msg BID: Price=95 Qty=200
14:23:23.703 [main] DEBUG c.o.v.ReadOnlyMarketDataChannelPublishVisitor - Adding Mkt Data Msg BID: Price=91 Qty=300
14:23:23.703 [main] DEBUG c.o.v.ReadOnlyMarketDataChannelPublishVisitor - Ask Side Size: 4
14:23:23.703 [main] DEBUG c.o.v.ReadOnlyMarketDataChannelPublishVisitor - Adding Mkt Data Msg ASK: Price=100 Qty=101
14:23:23.703 [main] DEBUG c.o.v.ReadOnlyMarketDataChannelPublishVisitor - Adding Mkt Data Msg ASK: Price=110 Qty=200
14:23:23.703 [main] DEBUG c.o.v.ReadOnlyMarketDataChannelPublishVisitor - Adding Mkt Data Msg ASK: Price=115 Qty=5000
14:23:23.703 [main] DEBUG c.o.v.ReadOnlyMarketDataChannelPublishVisitor - Adding Mkt Data Msg ASK: Price=119 Qty=5600
14:23:23.703 [main] INFO  c.o.channel.MarketDataChannel - [ORDERBOOK] Sending market data update...
14:23:23.703 [main] INFO  c.sequencer.consumer.LoggingConsumer - [59] 
|----BID-----|
53687091200 @ 98
    200 @ 95
    300 @ 91
|----ASK-----|
   101 @ 100
   200 @ 110
  5000 @ 115
  5600 @ 119

14:23:23.703 [main] DEBUG c.service.MarketDataService - [ALGO] BID: price:98 quantity:53687091200
14:23:23.703 [main] DEBUG c.service.MarketDataService - [ALGO] BID: price:95 quantity:200
14:23:23.703 [main] DEBUG c.service.MarketDataService - [ALGO] BID: price:91 quantity:300
14:23:23.703 [main] DEBUG c.service.MarketDataService - [ALGO] ASK: price:100 quantity:101
14:23:23.703 [main] DEBUG c.service.MarketDataService - [ALGO] ASK: price:110 quantity:200
14:23:23.703 [main] DEBUG c.service.MarketDataService - [ALGO] ASK: price:115 quantity:5000
14:23:23.703 [main] DEBUG c.service.MarketDataService - [ALGO] ASK: price:119 quantity:5600
14:23:23.703 [main] INFO  c.gettingstarted.MyAlgoLogic - [MYALGO] The state of the order book is:
|----BID-----||----ASK----|
53687091200 @ 98   101 @ 100
    200 @ 95   200 @ 110
    300 @ 91  5000 @ 115
          -   5600 @ 119
|------------||-----------|

14:23:23.703 [main] INFO  c.gettingstarted.MyAlgoLogic - [MYALGO] Algo Sees SheZa
14:23:23.703 [main] INFO  c.gettingstarted.MyAlgoLogic - [MYALGO] Algo Sees Book as:
|----BID-----||----ASK----|
53687091200 @ 98   101 @ 100
    200 @ 95   200 @ 110
    300 @ 91  5000 @ 115
          -   5600 @ 119
|------------||-----------|

14:23:23.703 [main] INFO  c.gettingstarted.MyAlgoLogic - [MYALGO] Adding order for53687091200@98
total order count is 29
14:23:23.703 [main] INFO  c.container.Actioner - [ALGO] Actioner, sending action:CreateChildOrder(side=BUY,quantity=53687091200,price=98)
14:23:23.703 [main] INFO  c.sequencer.consumer.LoggingConsumer - [60] [CreateOrder](sbeTemplateId=4|sbeSchemaId=2|sbeSchemaVersion=0|sbeBlockLength=33):instrumentId=0|price=98|quantity=53687091200|side=BUY|orderId=31
14:23:23.703 [main] INFO  c.orderbook.OrderBook - [ORDERBOOK] Adding passive limit order to BID bookLimit(side=BUY,orderId=31,price=98,quantity=53687091200)
14:23:23.703 [main] INFO  c.o.visitor.MutatingAddOrderVisitor - [ORDERBOOK] + Limit(side=BUY,orderId=30,price=98,quantity=26843545600)
14:23:23.703 [main] DEBUG c.o.v.ReadOnlyMarketDataChannelPublishVisitor - Bid Side Size: 3
14:23:23.703 [main] DEBUG c.o.v.ReadOnlyMarketDataChannelPublishVisitor - Adding Mkt Data Msg BID: Price=98 Qty=107374182400
14:23:23.703 [main] DEBUG c.o.v.ReadOnlyMarketDataChannelPublishVisitor - Adding Mkt Data Msg BID: Price=95 Qty=200
14:23:23.703 [main] DEBUG c.o.v.ReadOnlyMarketDataChannelPublishVisitor - Adding Mkt Data Msg BID: Price=91 Qty=300
14:23:23.703 [main] DEBUG c.o.v.ReadOnlyMarketDataChannelPublishVisitor - Ask Side Size: 4
14:23:23.703 [main] DEBUG c.o.v.ReadOnlyMarketDataChannelPublishVisitor - Adding Mkt Data Msg ASK: Price=100 Qty=101
14:23:23.703 [main] DEBUG c.o.v.ReadOnlyMarketDataChannelPublishVisitor - Adding Mkt Data Msg ASK: Price=110 Qty=200
14:23:23.703 [main] DEBUG c.o.v.ReadOnlyMarketDataChannelPublishVisitor - Adding Mkt Data Msg ASK: Price=115 Qty=5000
14:23:23.703 [main] DEBUG c.o.v.ReadOnlyMarketDataChannelPublishVisitor - Adding Mkt Data Msg ASK: Price=119 Qty=5600
14:23:23.703 [main] INFO  c.o.channel.MarketDataChannel - [ORDERBOOK] Sending market data update...
14:23:23.703 [main] INFO  c.sequencer.consumer.LoggingConsumer - [61] 
|----BID-----|
107374182400 @ 98
    200 @ 95
    300 @ 91
|----ASK-----|
   101 @ 100
   200 @ 110
  5000 @ 115
  5600 @ 119

14:23:23.703 [main] DEBUG c.service.MarketDataService - [ALGO] BID: price:98 quantity:107374182400
14:23:23.703 [main] DEBUG c.service.MarketDataService - [ALGO] BID: price:95 quantity:200
14:23:23.703 [main] DEBUG c.service.MarketDataService - [ALGO] BID: price:91 quantity:300
14:23:23.703 [main] DEBUG c.service.MarketDataService - [ALGO] ASK: price:100 quantity:101
14:23:23.703 [main] DEBUG c.service.MarketDataService - [ALGO] ASK: price:110 quantity:200
14:23:23.703 [main] DEBUG c.service.MarketDataService - [ALGO] ASK: price:115 quantity:5000
14:23:23.703 [main] DEBUG c.service.MarketDataService - [ALGO] ASK: price:119 quantity:5600
14:23:23.703 [main] INFO  c.gettingstarted.MyAlgoLogic - [MYALGO] The state of the order book is:
|----BID-----||----ASK----|
107374182400 @ 98   101 @ 100
    200 @ 95   200 @ 110
    300 @ 91  5000 @ 115
          -   5600 @ 119
|------------||-----------|

14:23:23.703 [main] INFO  c.gettingstarted.MyAlgoLogic - [MYALGO] Algo Sees SheZa
14:23:23.703 [main] INFO  c.gettingstarted.MyAlgoLogic - [MYALGO] Algo Sees Book as:
|----BID-----||----ASK----|
107374182400 @ 98   101 @ 100
    200 @ 95   200 @ 110
    300 @ 91  5000 @ 115
          -   5600 @ 119
|------------||-----------|

14:23:23.703 [main] INFO  c.gettingstarted.MyAlgoLogic - [MYALGO] Adding order for107374182400@98
total order count is 30
14:23:23.703 [main] INFO  c.container.Actioner - [ALGO] Actioner, sending action:CreateChildOrder(side=BUY,quantity=107374182400,price=98)
14:23:23.703 [main] INFO  c.sequencer.consumer.LoggingConsumer - [62] [CreateOrder](sbeTemplateId=4|sbeSchemaId=2|sbeSchemaVersion=0|sbeBlockLength=33):instrumentId=0|price=98|quantity=107374182400|side=BUY|orderId=32
14:23:23.703 [main] INFO  c.orderbook.OrderBook - [ORDERBOOK] Adding passive limit order to BID bookLimit(side=BUY,orderId=32,price=98,quantity=107374182400)
14:23:23.703 [main] INFO  c.o.visitor.MutatingAddOrderVisitor - [ORDERBOOK] + Limit(side=BUY,orderId=31,price=98,quantity=53687091200)
14:23:23.703 [main] DEBUG c.o.v.ReadOnlyMarketDataChannelPublishVisitor - Bid Side Size: 3
14:23:23.703 [main] DEBUG c.o.v.ReadOnlyMarketDataChannelPublishVisitor - Adding Mkt Data Msg BID: Price=98 Qty=214748364800
14:23:23.703 [main] DEBUG c.o.v.ReadOnlyMarketDataChannelPublishVisitor - Adding Mkt Data Msg BID: Price=95 Qty=200
14:23:23.703 [main] DEBUG c.o.v.ReadOnlyMarketDataChannelPublishVisitor - Adding Mkt Data Msg BID: Price=91 Qty=300
14:23:23.703 [main] DEBUG c.o.v.ReadOnlyMarketDataChannelPublishVisitor - Ask Side Size: 4
14:23:23.703 [main] DEBUG c.o.v.ReadOnlyMarketDataChannelPublishVisitor - Adding Mkt Data Msg ASK: Price=100 Qty=101
14:23:23.703 [main] DEBUG c.o.v.ReadOnlyMarketDataChannelPublishVisitor - Adding Mkt Data Msg ASK: Price=110 Qty=200
14:23:23.703 [main] DEBUG c.o.v.ReadOnlyMarketDataChannelPublishVisitor - Adding Mkt Data Msg ASK: Price=115 Qty=5000
14:23:23.703 [main] DEBUG c.o.v.ReadOnlyMarketDataChannelPublishVisitor - Adding Mkt Data Msg ASK: Price=119 Qty=5600
14:23:23.703 [main] INFO  c.o.channel.MarketDataChannel - [ORDERBOOK] Sending market data update...
14:23:23.703 [main] INFO  c.sequencer.consumer.LoggingConsumer - [63] 
|----BID-----|
214748364800 @ 98
    200 @ 95
    300 @ 91
|----ASK-----|
   101 @ 100
   200 @ 110
  5000 @ 115
  5600 @ 119

14:23:23.703 [main] DEBUG c.service.MarketDataService - [ALGO] BID: price:98 quantity:214748364800
14:23:23.703 [main] DEBUG c.service.MarketDataService - [ALGO] BID: price:95 quantity:200
14:23:23.703 [main] DEBUG c.service.MarketDataService - [ALGO] BID: price:91 quantity:300
14:23:23.703 [main] DEBUG c.service.MarketDataService - [ALGO] ASK: price:100 quantity:101
14:23:23.703 [main] DEBUG c.service.MarketDataService - [ALGO] ASK: price:110 quantity:200
14:23:23.703 [main] DEBUG c.service.MarketDataService - [ALGO] ASK: price:115 quantity:5000
14:23:23.703 [main] DEBUG c.service.MarketDataService - [ALGO] ASK: price:119 quantity:5600
14:23:23.703 [main] INFO  c.gettingstarted.MyAlgoLogic - [MYALGO] The state of the order book is:
|----BID-----||----ASK----|
214748364800 @ 98   101 @ 100
    200 @ 95   200 @ 110
    300 @ 91  5000 @ 115
          -   5600 @ 119
|------------||-----------|

14:23:23.703 [main] INFO  c.gettingstarted.MyAlgoLogic - [MYALGO] Algo Sees SheZa
14:23:23.703 [main] INFO  c.gettingstarted.MyAlgoLogic - [MYALGO] Algo Sees Book as:
|----BID-----||----ASK----|
214748364800 @ 98   101 @ 100
    200 @ 95   200 @ 110
    300 @ 91  5000 @ 115
          -   5600 @ 119
|------------||-----------|

14:23:23.703 [main] INFO  c.gettingstarted.MyAlgoLogic - [MYALGO] Adding order for214748364800@98
total order count is 31
14:23:23.703 [main] INFO  c.container.Actioner - [ALGO] Actioner, sending action:CreateChildOrder(side=BUY,quantity=214748364800,price=98)
14:23:23.703 [main] INFO  c.sequencer.consumer.LoggingConsumer - [64] [CreateOrder](sbeTemplateId=4|sbeSchemaId=2|sbeSchemaVersion=0|sbeBlockLength=33):instrumentId=0|price=98|quantity=214748364800|side=BUY|orderId=33
14:23:23.703 [main] INFO  c.orderbook.OrderBook - [ORDERBOOK] Adding passive limit order to BID bookLimit(side=BUY,orderId=33,price=98,quantity=214748364800)
14:23:23.703 [main] INFO  c.o.visitor.MutatingAddOrderVisitor - [ORDERBOOK] + Limit(side=BUY,orderId=32,price=98,quantity=107374182400)
14:23:23.703 [main] DEBUG c.o.v.ReadOnlyMarketDataChannelPublishVisitor - Bid Side Size: 3
14:23:23.703 [main] DEBUG c.o.v.ReadOnlyMarketDataChannelPublishVisitor - Adding Mkt Data Msg BID: Price=98 Qty=429496729600
14:23:23.703 [main] DEBUG c.o.v.ReadOnlyMarketDataChannelPublishVisitor - Adding Mkt Data Msg BID: Price=95 Qty=200
14:23:23.703 [main] DEBUG c.o.v.ReadOnlyMarketDataChannelPublishVisitor - Adding Mkt Data Msg BID: Price=91 Qty=300
14:23:23.703 [main] DEBUG c.o.v.ReadOnlyMarketDataChannelPublishVisitor - Ask Side Size: 4
14:23:23.703 [main] DEBUG c.o.v.ReadOnlyMarketDataChannelPublishVisitor - Adding Mkt Data Msg ASK: Price=100 Qty=101
14:23:23.703 [main] DEBUG c.o.v.ReadOnlyMarketDataChannelPublishVisitor - Adding Mkt Data Msg ASK: Price=110 Qty=200
14:23:23.703 [main] DEBUG c.o.v.ReadOnlyMarketDataChannelPublishVisitor - Adding Mkt Data Msg ASK: Price=115 Qty=5000
14:23:23.703 [main] DEBUG c.o.v.ReadOnlyMarketDataChannelPublishVisitor - Adding Mkt Data Msg ASK: Price=119 Qty=5600
14:23:23.703 [main] INFO  c.o.channel.MarketDataChannel - [ORDERBOOK] Sending market data update...
14:23:23.703 [main] INFO  c.sequencer.consumer.LoggingConsumer - [65] 
|----BID-----|
429496729600 @ 98
    200 @ 95
    300 @ 91
|----ASK-----|
   101 @ 100
   200 @ 110
  5000 @ 115
  5600 @ 119

14:23:23.703 [main] DEBUG c.service.MarketDataService - [ALGO] BID: price:98 quantity:429496729600
14:23:23.703 [main] DEBUG c.service.MarketDataService - [ALGO] BID: price:95 quantity:200
14:23:23.703 [main] DEBUG c.service.MarketDataService - [ALGO] BID: price:91 quantity:300
14:23:23.703 [main] DEBUG c.service.MarketDataService - [ALGO] ASK: price:100 quantity:101
14:23:23.703 [main] DEBUG c.service.MarketDataService - [ALGO] ASK: price:110 quantity:200
14:23:23.703 [main] DEBUG c.service.MarketDataService - [ALGO] ASK: price:115 quantity:5000
14:23:23.703 [main] DEBUG c.service.MarketDataService - [ALGO] ASK: price:119 quantity:5600
14:23:23.703 [main] INFO  c.gettingstarted.MyAlgoLogic - [MYALGO] The state of the order book is:
|----BID-----||----ASK----|
429496729600 @ 98   101 @ 100
    200 @ 95   200 @ 110
    300 @ 91  5000 @ 115
          -   5600 @ 119
|------------||-----------|

14:23:23.703 [main] INFO  c.gettingstarted.MyAlgoLogic - [MYALGO] Algo Sees SheZa
14:23:23.703 [main] INFO  c.gettingstarted.MyAlgoLogic - [MYALGO] Algo Sees Book as:
|----BID-----||----ASK----|
429496729600 @ 98   101 @ 100
    200 @ 95   200 @ 110
    300 @ 91  5000 @ 115
          -   5600 @ 119
|------------||-----------|

14:23:23.703 [main] INFO  c.gettingstarted.MyAlgoLogic - [MYALGO] Adding order for429496729600@98
total order count is 32
14:23:23.703 [main] INFO  c.container.Actioner - [ALGO] Actioner, sending action:CreateChildOrder(side=BUY,quantity=429496729600,price=98)
14:23:23.703 [main] INFO  c.sequencer.consumer.LoggingConsumer - [66] [CreateOrder](sbeTemplateId=4|sbeSchemaId=2|sbeSchemaVersion=0|sbeBlockLength=33):instrumentId=0|price=98|quantity=429496729600|side=BUY|orderId=34
14:23:23.703 [main] INFO  c.orderbook.OrderBook - [ORDERBOOK] Adding passive limit order to BID bookLimit(side=BUY,orderId=34,price=98,quantity=429496729600)
14:23:23.703 [main] INFO  c.o.visitor.MutatingAddOrderVisitor - [ORDERBOOK] + Limit(side=BUY,orderId=33,price=98,quantity=214748364800)
14:23:23.703 [main] DEBUG c.o.v.ReadOnlyMarketDataChannelPublishVisitor - Bid Side Size: 3
14:23:23.703 [main] DEBUG c.o.v.ReadOnlyMarketDataChannelPublishVisitor - Adding Mkt Data Msg BID: Price=98 Qty=858993459200
14:23:23.703 [main] DEBUG c.o.v.ReadOnlyMarketDataChannelPublishVisitor - Adding Mkt Data Msg BID: Price=95 Qty=200
14:23:23.703 [main] DEBUG c.o.v.ReadOnlyMarketDataChannelPublishVisitor - Adding Mkt Data Msg BID: Price=91 Qty=300
14:23:23.703 [main] DEBUG c.o.v.ReadOnlyMarketDataChannelPublishVisitor - Ask Side Size: 4
14:23:23.703 [main] DEBUG c.o.v.ReadOnlyMarketDataChannelPublishVisitor - Adding Mkt Data Msg ASK: Price=100 Qty=101
14:23:23.703 [main] DEBUG c.o.v.ReadOnlyMarketDataChannelPublishVisitor - Adding Mkt Data Msg ASK: Price=110 Qty=200
14:23:23.703 [main] DEBUG c.o.v.ReadOnlyMarketDataChannelPublishVisitor - Adding Mkt Data Msg ASK: Price=115 Qty=5000
14:23:23.703 [main] DEBUG c.o.v.ReadOnlyMarketDataChannelPublishVisitor - Adding Mkt Data Msg ASK: Price=119 Qty=5600
14:23:23.703 [main] INFO  c.o.channel.MarketDataChannel - [ORDERBOOK] Sending market data update...
14:23:23.703 [main] INFO  c.sequencer.consumer.LoggingConsumer - [67] 
|----BID-----|
858993459200 @ 98
    200 @ 95
    300 @ 91
|----ASK-----|
   101 @ 100
   200 @ 110
  5000 @ 115
  5600 @ 119

14:23:23.703 [main] DEBUG c.service.MarketDataService - [ALGO] BID: price:98 quantity:858993459200
14:23:23.703 [main] DEBUG c.service.MarketDataService - [ALGO] BID: price:95 quantity:200
14:23:23.703 [main] DEBUG c.service.MarketDataService - [ALGO] BID: price:91 quantity:300
14:23:23.703 [main] DEBUG c.service.MarketDataService - [ALGO] ASK: price:100 quantity:101
14:23:23.703 [main] DEBUG c.service.MarketDataService - [ALGO] ASK: price:110 quantity:200
14:23:23.703 [main] DEBUG c.service.MarketDataService - [ALGO] ASK: price:115 quantity:5000
14:23:23.703 [main] DEBUG c.service.MarketDataService - [ALGO] ASK: price:119 quantity:5600
14:23:23.703 [main] INFO  c.gettingstarted.MyAlgoLogic - [MYALGO] The state of the order book is:
|----BID-----||----ASK----|
858993459200 @ 98   101 @ 100
    200 @ 95   200 @ 110
    300 @ 91  5000 @ 115
          -   5600 @ 119
|------------||-----------|

14:23:23.703 [main] INFO  c.gettingstarted.MyAlgoLogic - [MYALGO] Algo Sees SheZa
14:23:23.703 [main] INFO  c.gettingstarted.MyAlgoLogic - [MYALGO] Algo Sees Book as:
|----BID-----||----ASK----|
858993459200 @ 98   101 @ 100
    200 @ 95   200 @ 110
    300 @ 91  5000 @ 115
          -   5600 @ 119
|------------||-----------|

14:23:23.703 [main] INFO  c.gettingstarted.MyAlgoLogic - [MYALGO] Adding order for858993459200@98
total order count is 33
14:23:23.703 [main] INFO  c.container.Actioner - [ALGO] Actioner, sending action:CreateChildOrder(side=BUY,quantity=858993459200,price=98)
14:23:23.703 [main] INFO  c.sequencer.consumer.LoggingConsumer - [68] [CreateOrder](sbeTemplateId=4|sbeSchemaId=2|sbeSchemaVersion=0|sbeBlockLength=33):instrumentId=0|price=98|quantity=858993459200|side=BUY|orderId=35
14:23:23.703 [main] INFO  c.orderbook.OrderBook - [ORDERBOOK] Adding passive limit order to BID bookLimit(side=BUY,orderId=35,price=98,quantity=858993459200)
14:23:23.703 [main] INFO  c.o.visitor.MutatingAddOrderVisitor - [ORDERBOOK] + Limit(side=BUY,orderId=34,price=98,quantity=429496729600)
14:23:23.703 [main] DEBUG c.o.v.ReadOnlyMarketDataChannelPublishVisitor - Bid Side Size: 3
14:23:23.703 [main] DEBUG c.o.v.ReadOnlyMarketDataChannelPublishVisitor - Adding Mkt Data Msg BID: Price=98 Qty=1717986918400
14:23:23.703 [main] DEBUG c.o.v.ReadOnlyMarketDataChannelPublishVisitor - Adding Mkt Data Msg BID: Price=95 Qty=200
14:23:23.703 [main] DEBUG c.o.v.ReadOnlyMarketDataChannelPublishVisitor - Adding Mkt Data Msg BID: Price=91 Qty=300
14:23:23.703 [main] DEBUG c.o.v.ReadOnlyMarketDataChannelPublishVisitor - Ask Side Size: 4
14:23:23.703 [main] DEBUG c.o.v.ReadOnlyMarketDataChannelPublishVisitor - Adding Mkt Data Msg ASK: Price=100 Qty=101
14:23:23.703 [main] DEBUG c.o.v.ReadOnlyMarketDataChannelPublishVisitor - Adding Mkt Data Msg ASK: Price=110 Qty=200
14:23:23.703 [main] DEBUG c.o.v.ReadOnlyMarketDataChannelPublishVisitor - Adding Mkt Data Msg ASK: Price=115 Qty=5000
14:23:23.703 [main] DEBUG c.o.v.ReadOnlyMarketDataChannelPublishVisitor - Adding Mkt Data Msg ASK: Price=119 Qty=5600
14:23:23.703 [main] INFO  c.o.channel.MarketDataChannel - [ORDERBOOK] Sending market data update...
14:23:23.703 [main] INFO  c.sequencer.consumer.LoggingConsumer - [69] 
|----BID-----|
1717986918400 @ 98
    200 @ 95
    300 @ 91
|----ASK-----|
   101 @ 100
   200 @ 110
  5000 @ 115
  5600 @ 119

14:23:23.703 [main] DEBUG c.service.MarketDataService - [ALGO] BID: price:98 quantity:1717986918400
14:23:23.703 [main] DEBUG c.service.MarketDataService - [ALGO] BID: price:95 quantity:200
14:23:23.703 [main] DEBUG c.service.MarketDataService - [ALGO] BID: price:91 quantity:300
14:23:23.703 [main] DEBUG c.service.MarketDataService - [ALGO] ASK: price:100 quantity:101
14:23:23.703 [main] DEBUG c.service.MarketDataService - [ALGO] ASK: price:110 quantity:200
14:23:23.703 [main] DEBUG c.service.MarketDataService - [ALGO] ASK: price:115 quantity:5000
14:23:23.703 [main] DEBUG c.service.MarketDataService - [ALGO] ASK: price:119 quantity:5600
14:23:23.703 [main] INFO  c.gettingstarted.MyAlgoLogic - [MYALGO] The state of the order book is:
|----BID-----||----ASK----|
1717986918400 @ 98   101 @ 100
    200 @ 95   200 @ 110
    300 @ 91  5000 @ 115
          -   5600 @ 119
|------------||-----------|

14:23:23.703 [main] INFO  c.gettingstarted.MyAlgoLogic - [MYALGO] Algo Sees SheZa
14:23:23.703 [main] INFO  c.gettingstarted.MyAlgoLogic - [MYALGO] Algo Sees Book as:
|----BID-----||----ASK----|
1717986918400 @ 98   101 @ 100
    200 @ 95   200 @ 110
    300 @ 91  5000 @ 115
          -   5600 @ 119
|------------||-----------|

14:23:23.703 [main] INFO  c.gettingstarted.MyAlgoLogic - [MYALGO] Adding order for1717986918400@98
total order count is 34
14:23:23.703 [main] INFO  c.container.Actioner - [ALGO] Actioner, sending action:CreateChildOrder(side=BUY,quantity=1717986918400,price=98)
14:23:23.703 [main] INFO  c.sequencer.consumer.LoggingConsumer - [70] [CreateOrder](sbeTemplateId=4|sbeSchemaId=2|sbeSchemaVersion=0|sbeBlockLength=33):instrumentId=0|price=98|quantity=1717986918400|side=BUY|orderId=36
14:23:23.703 [main] INFO  c.orderbook.OrderBook - [ORDERBOOK] Adding passive limit order to BID bookLimit(side=BUY,orderId=36,price=98,quantity=1717986918400)
14:23:23.703 [main] INFO  c.o.visitor.MutatingAddOrderVisitor - [ORDERBOOK] + Limit(side=BUY,orderId=35,price=98,quantity=858993459200)
14:23:23.703 [main] DEBUG c.o.v.ReadOnlyMarketDataChannelPublishVisitor - Bid Side Size: 3
14:23:23.703 [main] DEBUG c.o.v.ReadOnlyMarketDataChannelPublishVisitor - Adding Mkt Data Msg BID: Price=98 Qty=3435973836800
14:23:23.703 [main] DEBUG c.o.v.ReadOnlyMarketDataChannelPublishVisitor - Adding Mkt Data Msg BID: Price=95 Qty=200
14:23:23.703 [main] DEBUG c.o.v.ReadOnlyMarketDataChannelPublishVisitor - Adding Mkt Data Msg BID: Price=91 Qty=300
14:23:23.703 [main] DEBUG c.o.v.ReadOnlyMarketDataChannelPublishVisitor - Ask Side Size: 4
14:23:23.703 [main] DEBUG c.o.v.ReadOnlyMarketDataChannelPublishVisitor - Adding Mkt Data Msg ASK: Price=100 Qty=101
14:23:23.703 [main] DEBUG c.o.v.ReadOnlyMarketDataChannelPublishVisitor - Adding Mkt Data Msg ASK: Price=110 Qty=200
14:23:23.703 [main] DEBUG c.o.v.ReadOnlyMarketDataChannelPublishVisitor - Adding Mkt Data Msg ASK: Price=115 Qty=5000
14:23:23.703 [main] DEBUG c.o.v.ReadOnlyMarketDataChannelPublishVisitor - Adding Mkt Data Msg ASK: Price=119 Qty=5600
14:23:23.703 [main] INFO  c.o.channel.MarketDataChannel - [ORDERBOOK] Sending market data update...
14:23:23.703 [main] INFO  c.sequencer.consumer.LoggingConsumer - [71] 
|----BID-----|
3435973836800 @ 98
    200 @ 95
    300 @ 91
|----ASK-----|
   101 @ 100
   200 @ 110
  5000 @ 115
  5600 @ 119

14:23:23.703 [main] DEBUG c.service.MarketDataService - [ALGO] BID: price:98 quantity:3435973836800
14:23:23.703 [main] DEBUG c.service.MarketDataService - [ALGO] BID: price:95 quantity:200
14:23:23.703 [main] DEBUG c.service.MarketDataService - [ALGO] BID: price:91 quantity:300
14:23:23.703 [main] DEBUG c.service.MarketDataService - [ALGO] ASK: price:100 quantity:101
14:23:23.703 [main] DEBUG c.service.MarketDataService - [ALGO] ASK: price:110 quantity:200
14:23:23.703 [main] DEBUG c.service.MarketDataService - [ALGO] ASK: price:115 quantity:5000
14:23:23.703 [main] DEBUG c.service.MarketDataService - [ALGO] ASK: price:119 quantity:5600
14:23:23.703 [main] INFO  c.gettingstarted.MyAlgoLogic - [MYALGO] The state of the order book is:
|----BID-----||----ASK----|
3435973836800 @ 98   101 @ 100
    200 @ 95   200 @ 110
    300 @ 91  5000 @ 115
          -   5600 @ 119
|------------||-----------|

14:23:23.703 [main] INFO  c.gettingstarted.MyAlgoLogic - [MYALGO] Algo Sees SheZa
14:23:23.703 [main] INFO  c.gettingstarted.MyAlgoLogic - [MYALGO] Algo Sees Book as:
|----BID-----||----ASK----|
3435973836800 @ 98   101 @ 100
    200 @ 95   200 @ 110
    300 @ 91  5000 @ 115
          -   5600 @ 119
|------------||-----------|

14:23:23.703 [main] INFO  c.gettingstarted.MyAlgoLogic - [MYALGO] Adding order for3435973836800@98
total order count is 35
14:23:23.703 [main] INFO  c.container.Actioner - [ALGO] Actioner, sending action:CreateChildOrder(side=BUY,quantity=3435973836800,price=98)
14:23:23.703 [main] INFO  c.sequencer.consumer.LoggingConsumer - [72] [CreateOrder](sbeTemplateId=4|sbeSchemaId=2|sbeSchemaVersion=0|sbeBlockLength=33):instrumentId=0|price=98|quantity=3435973836800|side=BUY|orderId=37
14:23:23.703 [main] INFO  c.orderbook.OrderBook - [ORDERBOOK] Adding passive limit order to BID bookLimit(side=BUY,orderId=37,price=98,quantity=3435973836800)
14:23:23.703 [main] INFO  c.o.visitor.MutatingAddOrderVisitor - [ORDERBOOK] + Limit(side=BUY,orderId=36,price=98,quantity=1717986918400)
14:23:23.703 [main] DEBUG c.o.v.ReadOnlyMarketDataChannelPublishVisitor - Bid Side Size: 3
14:23:23.703 [main] DEBUG c.o.v.ReadOnlyMarketDataChannelPublishVisitor - Adding Mkt Data Msg BID: Price=98 Qty=6871947673600
14:23:23.703 [main] DEBUG c.o.v.ReadOnlyMarketDataChannelPublishVisitor - Adding Mkt Data Msg BID: Price=95 Qty=200
14:23:23.703 [main] DEBUG c.o.v.ReadOnlyMarketDataChannelPublishVisitor - Adding Mkt Data Msg BID: Price=91 Qty=300
14:23:23.703 [main] DEBUG c.o.v.ReadOnlyMarketDataChannelPublishVisitor - Ask Side Size: 4
14:23:23.703 [main] DEBUG c.o.v.ReadOnlyMarketDataChannelPublishVisitor - Adding Mkt Data Msg ASK: Price=100 Qty=101
14:23:23.703 [main] DEBUG c.o.v.ReadOnlyMarketDataChannelPublishVisitor - Adding Mkt Data Msg ASK: Price=110 Qty=200
14:23:23.703 [main] DEBUG c.o.v.ReadOnlyMarketDataChannelPublishVisitor - Adding Mkt Data Msg ASK: Price=115 Qty=5000
14:23:23.703 [main] DEBUG c.o.v.ReadOnlyMarketDataChannelPublishVisitor - Adding Mkt Data Msg ASK: Price=119 Qty=5600
14:23:23.703 [main] INFO  c.o.channel.MarketDataChannel - [ORDERBOOK] Sending market data update...
14:23:23.703 [main] INFO  c.sequencer.consumer.LoggingConsumer - [73] 
|----BID-----|
6871947673600 @ 98
    200 @ 95
    300 @ 91
|----ASK-----|
   101 @ 100
   200 @ 110
  5000 @ 115
  5600 @ 119

14:23:23.703 [main] DEBUG c.service.MarketDataService - [ALGO] BID: price:98 quantity:6871947673600
14:23:23.703 [main] DEBUG c.service.MarketDataService - [ALGO] BID: price:95 quantity:200
14:23:23.703 [main] DEBUG c.service.MarketDataService - [ALGO] BID: price:91 quantity:300
14:23:23.703 [main] DEBUG c.service.MarketDataService - [ALGO] ASK: price:100 quantity:101
14:23:23.703 [main] DEBUG c.service.MarketDataService - [ALGO] ASK: price:110 quantity:200
14:23:23.703 [main] DEBUG c.service.MarketDataService - [ALGO] ASK: price:115 quantity:5000
14:23:23.703 [main] DEBUG c.service.MarketDataService - [ALGO] ASK: price:119 quantity:5600
14:23:23.703 [main] INFO  c.gettingstarted.MyAlgoLogic - [MYALGO] The state of the order book is:
|----BID-----||----ASK----|
6871947673600 @ 98   101 @ 100
    200 @ 95   200 @ 110
    300 @ 91  5000 @ 115
          -   5600 @ 119
|------------||-----------|

14:23:23.703 [main] INFO  c.gettingstarted.MyAlgoLogic - [MYALGO] Algo Sees SheZa
14:23:23.703 [main] INFO  c.gettingstarted.MyAlgoLogic - [MYALGO] Algo Sees Book as:
|----BID-----||----ASK----|
6871947673600 @ 98   101 @ 100
    200 @ 95   200 @ 110
    300 @ 91  5000 @ 115
          -   5600 @ 119
|------------||-----------|

14:23:23.703 [main] INFO  c.gettingstarted.MyAlgoLogic - [MYALGO] Adding order for6871947673600@98
total order count is 36
14:23:23.703 [main] INFO  c.container.Actioner - [ALGO] Actioner, sending action:CreateChildOrder(side=BUY,quantity=6871947673600,price=98)
14:23:23.703 [main] INFO  c.sequencer.consumer.LoggingConsumer - [74] [CreateOrder](sbeTemplateId=4|sbeSchemaId=2|sbeSchemaVersion=0|sbeBlockLength=33):instrumentId=0|price=98|quantity=6871947673600|side=BUY|orderId=38
14:23:23.703 [main] INFO  c.orderbook.OrderBook - [ORDERBOOK] Adding passive limit order to BID bookLimit(side=BUY,orderId=38,price=98,quantity=6871947673600)
14:23:23.703 [main] INFO  c.o.visitor.MutatingAddOrderVisitor - [ORDERBOOK] + Limit(side=BUY,orderId=37,price=98,quantity=3435973836800)
14:23:23.703 [main] DEBUG c.o.v.ReadOnlyMarketDataChannelPublishVisitor - Bid Side Size: 3
14:23:23.703 [main] DEBUG c.o.v.ReadOnlyMarketDataChannelPublishVisitor - Adding Mkt Data Msg BID: Price=98 Qty=13743895347200
14:23:23.703 [main] DEBUG c.o.v.ReadOnlyMarketDataChannelPublishVisitor - Adding Mkt Data Msg BID: Price=95 Qty=200
14:23:23.703 [main] DEBUG c.o.v.ReadOnlyMarketDataChannelPublishVisitor - Adding Mkt Data Msg BID: Price=91 Qty=300
14:23:23.703 [main] DEBUG c.o.v.ReadOnlyMarketDataChannelPublishVisitor - Ask Side Size: 4
14:23:23.703 [main] DEBUG c.o.v.ReadOnlyMarketDataChannelPublishVisitor - Adding Mkt Data Msg ASK: Price=100 Qty=101
14:23:23.703 [main] DEBUG c.o.v.ReadOnlyMarketDataChannelPublishVisitor - Adding Mkt Data Msg ASK: Price=110 Qty=200
14:23:23.703 [main] DEBUG c.o.v.ReadOnlyMarketDataChannelPublishVisitor - Adding Mkt Data Msg ASK: Price=115 Qty=5000
14:23:23.703 [main] DEBUG c.o.v.ReadOnlyMarketDataChannelPublishVisitor - Adding Mkt Data Msg ASK: Price=119 Qty=5600
14:23:23.703 [main] INFO  c.o.channel.MarketDataChannel - [ORDERBOOK] Sending market data update...
14:23:23.703 [main] INFO  c.sequencer.consumer.LoggingConsumer - [75] 
|----BID-----|
13743895347200 @ 98
    200 @ 95
    300 @ 91
|----ASK-----|
   101 @ 100
   200 @ 110
  5000 @ 115
  5600 @ 119

14:23:23.703 [main] DEBUG c.service.MarketDataService - [ALGO] BID: price:98 quantity:13743895347200
14:23:23.703 [main] DEBUG c.service.MarketDataService - [ALGO] BID: price:95 quantity:200
14:23:23.703 [main] DEBUG c.service.MarketDataService - [ALGO] BID: price:91 quantity:300
14:23:23.703 [main] DEBUG c.service.MarketDataService - [ALGO] ASK: price:100 quantity:101
14:23:23.703 [main] DEBUG c.service.MarketDataService - [ALGO] ASK: price:110 quantity:200
14:23:23.703 [main] DEBUG c.service.MarketDataService - [ALGO] ASK: price:115 quantity:5000
14:23:23.703 [main] DEBUG c.service.MarketDataService - [ALGO] ASK: price:119 quantity:5600
14:23:23.703 [main] INFO  c.gettingstarted.MyAlgoLogic - [MYALGO] The state of the order book is:
|----BID-----||----ASK----|
13743895347200 @ 98   101 @ 100
    200 @ 95   200 @ 110
    300 @ 91  5000 @ 115
          -   5600 @ 119
|------------||-----------|

14:23:23.703 [main] INFO  c.gettingstarted.MyAlgoLogic - [MYALGO] Algo Sees SheZa
14:23:23.703 [main] INFO  c.gettingstarted.MyAlgoLogic - [MYALGO] Algo Sees Book as:
|----BID-----||----ASK----|
13743895347200 @ 98   101 @ 100
    200 @ 95   200 @ 110
    300 @ 91  5000 @ 115
          -   5600 @ 119
|------------||-----------|

14:23:23.703 [main] INFO  c.gettingstarted.MyAlgoLogic - [MYALGO] Adding order for13743895347200@98
total order count is 37
14:23:23.703 [main] INFO  c.container.Actioner - [ALGO] Actioner, sending action:CreateChildOrder(side=BUY,quantity=13743895347200,price=98)
14:23:23.703 [main] INFO  c.sequencer.consumer.LoggingConsumer - [76] [CreateOrder](sbeTemplateId=4|sbeSchemaId=2|sbeSchemaVersion=0|sbeBlockLength=33):instrumentId=0|price=98|quantity=13743895347200|side=BUY|orderId=39
14:23:23.703 [main] INFO  c.orderbook.OrderBook - [ORDERBOOK] Adding passive limit order to BID bookLimit(side=BUY,orderId=39,price=98,quantity=13743895347200)
14:23:23.703 [main] INFO  c.o.visitor.MutatingAddOrderVisitor - [ORDERBOOK] + Limit(side=BUY,orderId=38,price=98,quantity=6871947673600)
14:23:23.703 [main] DEBUG c.o.v.ReadOnlyMarketDataChannelPublishVisitor - Bid Side Size: 3
14:23:23.703 [main] DEBUG c.o.v.ReadOnlyMarketDataChannelPublishVisitor - Adding Mkt Data Msg BID: Price=98 Qty=27487790694400
14:23:23.703 [main] DEBUG c.o.v.ReadOnlyMarketDataChannelPublishVisitor - Adding Mkt Data Msg BID: Price=95 Qty=200
14:23:23.703 [main] DEBUG c.o.v.ReadOnlyMarketDataChannelPublishVisitor - Adding Mkt Data Msg BID: Price=91 Qty=300
14:23:23.703 [main] DEBUG c.o.v.ReadOnlyMarketDataChannelPublishVisitor - Ask Side Size: 4
14:23:23.703 [main] DEBUG c.o.v.ReadOnlyMarketDataChannelPublishVisitor - Adding Mkt Data Msg ASK: Price=100 Qty=101
14:23:23.703 [main] DEBUG c.o.v.ReadOnlyMarketDataChannelPublishVisitor - Adding Mkt Data Msg ASK: Price=110 Qty=200
14:23:23.703 [main] DEBUG c.o.v.ReadOnlyMarketDataChannelPublishVisitor - Adding Mkt Data Msg ASK: Price=115 Qty=5000
14:23:23.703 [main] DEBUG c.o.v.ReadOnlyMarketDataChannelPublishVisitor - Adding Mkt Data Msg ASK: Price=119 Qty=5600
14:23:23.703 [main] INFO  c.o.channel.MarketDataChannel - [ORDERBOOK] Sending market data update...
14:23:23.703 [main] INFO  c.sequencer.consumer.LoggingConsumer - [77] 
|----BID-----|
27487790694400 @ 98
    200 @ 95
    300 @ 91
|----ASK-----|
   101 @ 100
   200 @ 110
  5000 @ 115
  5600 @ 119

14:23:23.703 [main] DEBUG c.service.MarketDataService - [ALGO] BID: price:98 quantity:27487790694400
14:23:23.703 [main] DEBUG c.service.MarketDataService - [ALGO] BID: price:95 quantity:200
14:23:23.712 [main] DEBUG c.service.MarketDataService - [ALGO] BID: price:91 quantity:300
14:23:23.712 [main] DEBUG c.service.MarketDataService - [ALGO] ASK: price:100 quantity:101
14:23:23.712 [main] DEBUG c.service.MarketDataService - [ALGO] ASK: price:110 quantity:200
14:23:23.712 [main] DEBUG c.service.MarketDataService - [ALGO] ASK: price:115 quantity:5000
14:23:23.712 [main] DEBUG c.service.MarketDataService - [ALGO] ASK: price:119 quantity:5600
14:23:23.713 [main] INFO  c.gettingstarted.MyAlgoLogic - [MYALGO] The state of the order book is:
|----BID-----||----ASK----|
27487790694400 @ 98   101 @ 100
    200 @ 95   200 @ 110
    300 @ 91  5000 @ 115
          -   5600 @ 119
|------------||-----------|

14:23:23.713 [main] INFO  c.gettingstarted.MyAlgoLogic - [MYALGO] Algo Sees SheZa
14:23:23.713 [main] INFO  c.gettingstarted.MyAlgoLogic - [MYALGO] Algo Sees Book as:
|----BID-----||----ASK----|
27487790694400 @ 98   101 @ 100
    200 @ 95   200 @ 110
    300 @ 91  5000 @ 115
          -   5600 @ 119
|------------||-----------|

14:23:23.714 [main] INFO  c.gettingstarted.MyAlgoLogic - [MYALGO] Adding order for27487790694400@98
total order count is 38
14:23:23.714 [main] INFO  c.container.Actioner - [ALGO] Actioner, sending action:CreateChildOrder(side=BUY,quantity=27487790694400,price=98)
14:23:23.714 [main] INFO  c.sequencer.consumer.LoggingConsumer - [78] [CreateOrder](sbeTemplateId=4|sbeSchemaId=2|sbeSchemaVersion=0|sbeBlockLength=33):instrumentId=0|price=98|quantity=27487790694400|side=BUY|orderId=40
14:23:23.714 [main] INFO  c.orderbook.OrderBook - [ORDERBOOK] Adding passive limit order to BID bookLimit(side=BUY,orderId=40,price=98,quantity=27487790694400)
14:23:23.715 [main] INFO  c.o.visitor.MutatingAddOrderVisitor - [ORDERBOOK] + Limit(side=BUY,orderId=39,price=98,quantity=13743895347200)
14:23:23.715 [main] DEBUG c.o.v.ReadOnlyMarketDataChannelPublishVisitor - Bid Side Size: 3
14:23:23.715 [main] DEBUG c.o.v.ReadOnlyMarketDataChannelPublishVisitor - Adding Mkt Data Msg BID: Price=98 Qty=54975581388800
14:23:23.715 [main] DEBUG c.o.v.ReadOnlyMarketDataChannelPublishVisitor - Adding Mkt Data Msg BID: Price=95 Qty=200
14:23:23.715 [main] DEBUG c.o.v.ReadOnlyMarketDataChannelPublishVisitor - Adding Mkt Data Msg BID: Price=91 Qty=300
14:23:23.715 [main] DEBUG c.o.v.ReadOnlyMarketDataChannelPublishVisitor - Ask Side Size: 4
14:23:23.715 [main] DEBUG c.o.v.ReadOnlyMarketDataChannelPublishVisitor - Adding Mkt Data Msg ASK: Price=100 Qty=101
14:23:23.715 [main] DEBUG c.o.v.ReadOnlyMarketDataChannelPublishVisitor - Adding Mkt Data Msg ASK: Price=110 Qty=200
14:23:23.715 [main] DEBUG c.o.v.ReadOnlyMarketDataChannelPublishVisitor - Adding Mkt Data Msg ASK: Price=115 Qty=5000
14:23:23.715 [main] DEBUG c.o.v.ReadOnlyMarketDataChannelPublishVisitor - Adding Mkt Data Msg ASK: Price=119 Qty=5600
14:23:23.715 [main] INFO  c.o.channel.MarketDataChannel - [ORDERBOOK] Sending market data update...
14:23:23.715 [main] INFO  c.sequencer.consumer.LoggingConsumer - [79] 
|----BID-----|
54975581388800 @ 98
    200 @ 95
    300 @ 91
|----ASK-----|
   101 @ 100
   200 @ 110
  5000 @ 115
  5600 @ 119

14:23:23.715 [main] DEBUG c.service.MarketDataService - [ALGO] BID: price:98 quantity:54975581388800
14:23:23.715 [main] DEBUG c.service.MarketDataService - [ALGO] BID: price:95 quantity:200
14:23:23.715 [main] DEBUG c.service.MarketDataService - [ALGO] BID: price:91 quantity:300
14:23:23.715 [main] DEBUG c.service.MarketDataService - [ALGO] ASK: price:100 quantity:101
14:23:23.715 [main] DEBUG c.service.MarketDataService - [ALGO] ASK: price:110 quantity:200
14:23:23.715 [main] DEBUG c.service.MarketDataService - [ALGO] ASK: price:115 quantity:5000
14:23:23.715 [main] DEBUG c.service.MarketDataService - [ALGO] ASK: price:119 quantity:5600
14:23:23.715 [main] INFO  c.gettingstarted.MyAlgoLogic - [MYALGO] The state of the order book is:
|----BID-----||----ASK----|
54975581388800 @ 98   101 @ 100
    200 @ 95   200 @ 110
    300 @ 91  5000 @ 115
          -   5600 @ 119
|------------||-----------|

14:23:23.715 [main] INFO  c.gettingstarted.MyAlgoLogic - [MYALGO] Algo Sees SheZa
14:23:23.715 [main] INFO  c.gettingstarted.MyAlgoLogic - [MYALGO] Algo Sees Book as:
|----BID-----||----ASK----|
54975581388800 @ 98   101 @ 100
    200 @ 95   200 @ 110
    300 @ 91  5000 @ 115
          -   5600 @ 119
|------------||-----------|

14:23:23.715 [main] INFO  c.gettingstarted.MyAlgoLogic - [MYALGO] Adding order for54975581388800@98
total order count is 39
14:23:23.715 [main] INFO  c.container.Actioner - [ALGO] Actioner, sending action:CreateChildOrder(side=BUY,quantity=54975581388800,price=98)
14:23:23.715 [main] INFO  c.sequencer.consumer.LoggingConsumer - [80] [CreateOrder](sbeTemplateId=4|sbeSchemaId=2|sbeSchemaVersion=0|sbeBlockLength=33):instrumentId=0|price=98|quantity=54975581388800|side=BUY|orderId=41
14:23:23.715 [main] INFO  c.orderbook.OrderBook - [ORDERBOOK] Adding passive limit order to BID bookLimit(side=BUY,orderId=41,price=98,quantity=54975581388800)
14:23:23.715 [main] INFO  c.o.visitor.MutatingAddOrderVisitor - [ORDERBOOK] + Limit(side=BUY,orderId=40,price=98,quantity=27487790694400)
14:23:23.715 [main] DEBUG c.o.v.ReadOnlyMarketDataChannelPublishVisitor - Bid Side Size: 3
14:23:23.715 [main] DEBUG c.o.v.ReadOnlyMarketDataChannelPublishVisitor - Adding Mkt Data Msg BID: Price=98 Qty=109951162777600
14:23:23.715 [main] DEBUG c.o.v.ReadOnlyMarketDataChannelPublishVisitor - Adding Mkt Data Msg BID: Price=95 Qty=200
14:23:23.715 [main] DEBUG c.o.v.ReadOnlyMarketDataChannelPublishVisitor - Adding Mkt Data Msg BID: Price=91 Qty=300
14:23:23.715 [main] DEBUG c.o.v.ReadOnlyMarketDataChannelPublishVisitor - Ask Side Size: 4
14:23:23.715 [main] DEBUG c.o.v.ReadOnlyMarketDataChannelPublishVisitor - Adding Mkt Data Msg ASK: Price=100 Qty=101
14:23:23.715 [main] DEBUG c.o.v.ReadOnlyMarketDataChannelPublishVisitor - Adding Mkt Data Msg ASK: Price=110 Qty=200
14:23:23.715 [main] DEBUG c.o.v.ReadOnlyMarketDataChannelPublishVisitor - Adding Mkt Data Msg ASK: Price=115 Qty=5000
14:23:23.715 [main] DEBUG c.o.v.ReadOnlyMarketDataChannelPublishVisitor - Adding Mkt Data Msg ASK: Price=119 Qty=5600
14:23:23.715 [main] INFO  c.o.channel.MarketDataChannel - [ORDERBOOK] Sending market data update...
14:23:23.715 [main] INFO  c.sequencer.consumer.LoggingConsumer - [81] 
|----BID-----|
109951162777600 @ 98
    200 @ 95
    300 @ 91
|----ASK-----|
   101 @ 100
   200 @ 110
  5000 @ 115
  5600 @ 119

14:23:23.715 [main] DEBUG c.service.MarketDataService - [ALGO] BID: price:98 quantity:109951162777600
14:23:23.715 [main] DEBUG c.service.MarketDataService - [ALGO] BID: price:95 quantity:200
14:23:23.715 [main] DEBUG c.service.MarketDataService - [ALGO] BID: price:91 quantity:300
14:23:23.715 [main] DEBUG c.service.MarketDataService - [ALGO] ASK: price:100 quantity:101
14:23:23.715 [main] DEBUG c.service.MarketDataService - [ALGO] ASK: price:110 quantity:200
14:23:23.715 [main] DEBUG c.service.MarketDataService - [ALGO] ASK: price:115 quantity:5000
14:23:23.715 [main] DEBUG c.service.MarketDataService - [ALGO] ASK: price:119 quantity:5600
14:23:23.715 [main] INFO  c.gettingstarted.MyAlgoLogic - [MYALGO] The state of the order book is:
|----BID-----||----ASK----|
109951162777600 @ 98   101 @ 100
    200 @ 95   200 @ 110
    300 @ 91  5000 @ 115
          -   5600 @ 119
|------------||-----------|

14:23:23.715 [main] INFO  c.gettingstarted.MyAlgoLogic - [MYALGO] Algo Sees SheZa
14:23:23.715 [main] INFO  c.gettingstarted.MyAlgoLogic - [MYALGO] Algo Sees Book as:
|----BID-----||----ASK----|
109951162777600 @ 98   101 @ 100
    200 @ 95   200 @ 110
    300 @ 91  5000 @ 115
          -   5600 @ 119
|------------||-----------|

14:23:23.715 [main] INFO  c.gettingstarted.MyAlgoLogic - [MYALGO] Adding order for109951162777600@98
total order count is 40
14:23:23.715 [main] INFO  c.container.Actioner - [ALGO] Actioner, sending action:CreateChildOrder(side=BUY,quantity=109951162777600,price=98)
14:23:23.715 [main] INFO  c.sequencer.consumer.LoggingConsumer - [82] [CreateOrder](sbeTemplateId=4|sbeSchemaId=2|sbeSchemaVersion=0|sbeBlockLength=33):instrumentId=0|price=98|quantity=109951162777600|side=BUY|orderId=42
14:23:23.715 [main] INFO  c.orderbook.OrderBook - [ORDERBOOK] Adding passive limit order to BID bookLimit(side=BUY,orderId=42,price=98,quantity=109951162777600)
14:23:23.715 [main] INFO  c.o.visitor.MutatingAddOrderVisitor - [ORDERBOOK] + Limit(side=BUY,orderId=41,price=98,quantity=54975581388800)
14:23:23.715 [main] DEBUG c.o.v.ReadOnlyMarketDataChannelPublishVisitor - Bid Side Size: 3
14:23:23.715 [main] DEBUG c.o.v.ReadOnlyMarketDataChannelPublishVisitor - Adding Mkt Data Msg BID: Price=98 Qty=219902325555200
14:23:23.715 [main] DEBUG c.o.v.ReadOnlyMarketDataChannelPublishVisitor - Adding Mkt Data Msg BID: Price=95 Qty=200
14:23:23.715 [main] DEBUG c.o.v.ReadOnlyMarketDataChannelPublishVisitor - Adding Mkt Data Msg BID: Price=91 Qty=300
14:23:23.715 [main] DEBUG c.o.v.ReadOnlyMarketDataChannelPublishVisitor - Ask Side Size: 4
14:23:23.715 [main] DEBUG c.o.v.ReadOnlyMarketDataChannelPublishVisitor - Adding Mkt Data Msg ASK: Price=100 Qty=101
14:23:23.715 [main] DEBUG c.o.v.ReadOnlyMarketDataChannelPublishVisitor - Adding Mkt Data Msg ASK: Price=110 Qty=200
14:23:23.715 [main] DEBUG c.o.v.ReadOnlyMarketDataChannelPublishVisitor - Adding Mkt Data Msg ASK: Price=115 Qty=5000
14:23:23.715 [main] DEBUG c.o.v.ReadOnlyMarketDataChannelPublishVisitor - Adding Mkt Data Msg ASK: Price=119 Qty=5600
14:23:23.715 [main] INFO  c.o.channel.MarketDataChannel - [ORDERBOOK] Sending market data update...
14:23:23.715 [main] INFO  c.sequencer.consumer.LoggingConsumer - [83] 
|----BID-----|
219902325555200 @ 98
    200 @ 95
    300 @ 91
|----ASK-----|
   101 @ 100
   200 @ 110
  5000 @ 115
  5600 @ 119

14:23:23.715 [main] DEBUG c.service.MarketDataService - [ALGO] BID: price:98 quantity:219902325555200
14:23:23.715 [main] DEBUG c.service.MarketDataService - [ALGO] BID: price:95 quantity:200
14:23:23.715 [main] DEBUG c.service.MarketDataService - [ALGO] BID: price:91 quantity:300
14:23:23.715 [main] DEBUG c.service.MarketDataService - [ALGO] ASK: price:100 quantity:101
14:23:23.715 [main] DEBUG c.service.MarketDataService - [ALGO] ASK: price:110 quantity:200
14:23:23.715 [main] DEBUG c.service.MarketDataService - [ALGO] ASK: price:115 quantity:5000
14:23:23.715 [main] DEBUG c.service.MarketDataService - [ALGO] ASK: price:119 quantity:5600
14:23:23.715 [main] INFO  c.gettingstarted.MyAlgoLogic - [MYALGO] The state of the order book is:
|----BID-----||----ASK----|
219902325555200 @ 98   101 @ 100
    200 @ 95   200 @ 110
    300 @ 91  5000 @ 115
          -   5600 @ 119
|------------||-----------|

14:23:23.715 [main] INFO  c.gettingstarted.MyAlgoLogic - [MYALGO] Algo Sees SheZa
14:23:23.715 [main] INFO  c.gettingstarted.MyAlgoLogic - [MYALGO] Algo Sees Book as:
|----BID-----||----ASK----|
219902325555200 @ 98   101 @ 100
    200 @ 95   200 @ 110
    300 @ 91  5000 @ 115
          -   5600 @ 119
|------------||-----------|

14:23:23.715 [main] INFO  c.gettingstarted.MyAlgoLogic - [MYALGO] Adding order for219902325555200@98
total order count is 41
14:23:23.715 [main] INFO  c.container.Actioner - [ALGO] Actioner, sending action:CreateChildOrder(side=BUY,quantity=219902325555200,price=98)
14:23:23.715 [main] INFO  c.sequencer.consumer.LoggingConsumer - [84] [CreateOrder](sbeTemplateId=4|sbeSchemaId=2|sbeSchemaVersion=0|sbeBlockLength=33):instrumentId=0|price=98|quantity=219902325555200|side=BUY|orderId=43
14:23:23.715 [main] INFO  c.orderbook.OrderBook - [ORDERBOOK] Adding passive limit order to BID bookLimit(side=BUY,orderId=43,price=98,quantity=219902325555200)
14:23:23.715 [main] INFO  c.o.visitor.MutatingAddOrderVisitor - [ORDERBOOK] + Limit(side=BUY,orderId=42,price=98,quantity=109951162777600)
14:23:23.715 [main] DEBUG c.o.v.ReadOnlyMarketDataChannelPublishVisitor - Bid Side Size: 3
14:23:23.715 [main] DEBUG c.o.v.ReadOnlyMarketDataChannelPublishVisitor - Adding Mkt Data Msg BID: Price=98 Qty=439804651110400
14:23:23.715 [main] DEBUG c.o.v.ReadOnlyMarketDataChannelPublishVisitor - Adding Mkt Data Msg BID: Price=95 Qty=200
14:23:23.715 [main] DEBUG c.o.v.ReadOnlyMarketDataChannelPublishVisitor - Adding Mkt Data Msg BID: Price=91 Qty=300
14:23:23.715 [main] DEBUG c.o.v.ReadOnlyMarketDataChannelPublishVisitor - Ask Side Size: 4
14:23:23.715 [main] DEBUG c.o.v.ReadOnlyMarketDataChannelPublishVisitor - Adding Mkt Data Msg ASK: Price=100 Qty=101
14:23:23.715 [main] DEBUG c.o.v.ReadOnlyMarketDataChannelPublishVisitor - Adding Mkt Data Msg ASK: Price=110 Qty=200
14:23:23.715 [main] DEBUG c.o.v.ReadOnlyMarketDataChannelPublishVisitor - Adding Mkt Data Msg ASK: Price=115 Qty=5000
14:23:23.715 [main] DEBUG c.o.v.ReadOnlyMarketDataChannelPublishVisitor - Adding Mkt Data Msg ASK: Price=119 Qty=5600
14:23:23.715 [main] INFO  c.o.channel.MarketDataChannel - [ORDERBOOK] Sending market data update...
14:23:23.715 [main] INFO  c.sequencer.consumer.LoggingConsumer - [85] 
|----BID-----|
439804651110400 @ 98
    200 @ 95
    300 @ 91
|----ASK-----|
   101 @ 100
   200 @ 110
  5000 @ 115
  5600 @ 119

14:23:23.715 [main] DEBUG c.service.MarketDataService - [ALGO] BID: price:98 quantity:439804651110400
14:23:23.715 [main] DEBUG c.service.MarketDataService - [ALGO] BID: price:95 quantity:200
14:23:23.715 [main] DEBUG c.service.MarketDataService - [ALGO] BID: price:91 quantity:300
14:23:23.715 [main] DEBUG c.service.MarketDataService - [ALGO] ASK: price:100 quantity:101
14:23:23.715 [main] DEBUG c.service.MarketDataService - [ALGO] ASK: price:110 quantity:200
14:23:23.715 [main] DEBUG c.service.MarketDataService - [ALGO] ASK: price:115 quantity:5000
14:23:23.715 [main] DEBUG c.service.MarketDataService - [ALGO] ASK: price:119 quantity:5600
14:23:23.715 [main] INFO  c.gettingstarted.MyAlgoLogic - [MYALGO] The state of the order book is:
|----BID-----||----ASK----|
439804651110400 @ 98   101 @ 100
    200 @ 95   200 @ 110
    300 @ 91  5000 @ 115
          -   5600 @ 119
|------------||-----------|

14:23:23.715 [main] INFO  c.gettingstarted.MyAlgoLogic - [MYALGO] Algo Sees SheZa
14:23:23.715 [main] INFO  c.gettingstarted.MyAlgoLogic - [MYALGO] Algo Sees Book as:
|----BID-----||----ASK----|
439804651110400 @ 98   101 @ 100
    200 @ 95   200 @ 110
    300 @ 91  5000 @ 115
          -   5600 @ 119
|------------||-----------|

14:23:23.715 [main] INFO  c.gettingstarted.MyAlgoLogic - [MYALGO] Adding order for439804651110400@98
total order count is 42
14:23:23.715 [main] INFO  c.container.Actioner - [ALGO] Actioner, sending action:CreateChildOrder(side=BUY,quantity=439804651110400,price=98)
14:23:23.715 [main] INFO  c.sequencer.consumer.LoggingConsumer - [86] [CreateOrder](sbeTemplateId=4|sbeSchemaId=2|sbeSchemaVersion=0|sbeBlockLength=33):instrumentId=0|price=98|quantity=439804651110400|side=BUY|orderId=44
14:23:23.715 [main] INFO  c.orderbook.OrderBook - [ORDERBOOK] Adding passive limit order to BID bookLimit(side=BUY,orderId=44,price=98,quantity=439804651110400)
14:23:23.715 [main] INFO  c.o.visitor.MutatingAddOrderVisitor - [ORDERBOOK] + Limit(side=BUY,orderId=43,price=98,quantity=219902325555200)
14:23:23.715 [main] DEBUG c.o.v.ReadOnlyMarketDataChannelPublishVisitor - Bid Side Size: 3
14:23:23.715 [main] DEBUG c.o.v.ReadOnlyMarketDataChannelPublishVisitor - Adding Mkt Data Msg BID: Price=98 Qty=879609302220800
14:23:23.715 [main] DEBUG c.o.v.ReadOnlyMarketDataChannelPublishVisitor - Adding Mkt Data Msg BID: Price=95 Qty=200
14:23:23.715 [main] DEBUG c.o.v.ReadOnlyMarketDataChannelPublishVisitor - Adding Mkt Data Msg BID: Price=91 Qty=300
14:23:23.715 [main] DEBUG c.o.v.ReadOnlyMarketDataChannelPublishVisitor - Ask Side Size: 4
14:23:23.715 [main] DEBUG c.o.v.ReadOnlyMarketDataChannelPublishVisitor - Adding Mkt Data Msg ASK: Price=100 Qty=101
14:23:23.715 [main] DEBUG c.o.v.ReadOnlyMarketDataChannelPublishVisitor - Adding Mkt Data Msg ASK: Price=110 Qty=200
14:23:23.715 [main] DEBUG c.o.v.ReadOnlyMarketDataChannelPublishVisitor - Adding Mkt Data Msg ASK: Price=115 Qty=5000
14:23:23.715 [main] DEBUG c.o.v.ReadOnlyMarketDataChannelPublishVisitor - Adding Mkt Data Msg ASK: Price=119 Qty=5600
14:23:23.715 [main] INFO  c.o.channel.MarketDataChannel - [ORDERBOOK] Sending market data update...
14:23:23.715 [main] INFO  c.sequencer.consumer.LoggingConsumer - [87] 
|----BID-----|
879609302220800 @ 98
    200 @ 95
    300 @ 91
|----ASK-----|
   101 @ 100
   200 @ 110
  5000 @ 115
  5600 @ 119

14:23:23.715 [main] DEBUG c.service.MarketDataService - [ALGO] BID: price:98 quantity:879609302220800
14:23:23.715 [main] DEBUG c.service.MarketDataService - [ALGO] BID: price:95 quantity:200
14:23:23.715 [main] DEBUG c.service.MarketDataService - [ALGO] BID: price:91 quantity:300
14:23:23.715 [main] DEBUG c.service.MarketDataService - [ALGO] ASK: price:100 quantity:101
14:23:23.715 [main] DEBUG c.service.MarketDataService - [ALGO] ASK: price:110 quantity:200
14:23:23.715 [main] DEBUG c.service.MarketDataService - [ALGO] ASK: price:115 quantity:5000
14:23:23.715 [main] DEBUG c.service.MarketDataService - [ALGO] ASK: price:119 quantity:5600
14:23:23.715 [main] INFO  c.gettingstarted.MyAlgoLogic - [MYALGO] The state of the order book is:
|----BID-----||----ASK----|
879609302220800 @ 98   101 @ 100
    200 @ 95   200 @ 110
    300 @ 91  5000 @ 115
          -   5600 @ 119
|------------||-----------|

14:23:23.715 [main] INFO  c.gettingstarted.MyAlgoLogic - [MYALGO] Algo Sees SheZa
14:23:23.715 [main] INFO  c.gettingstarted.MyAlgoLogic - [MYALGO] Algo Sees Book as:
|----BID-----||----ASK----|
879609302220800 @ 98   101 @ 100
    200 @ 95   200 @ 110
    300 @ 91  5000 @ 115
          -   5600 @ 119
|------------||-----------|

14:23:23.715 [main] INFO  c.gettingstarted.MyAlgoLogic - [MYALGO] Adding order for879609302220800@98
total order count is 43
14:23:23.715 [main] INFO  c.container.Actioner - [ALGO] Actioner, sending action:CreateChildOrder(side=BUY,quantity=879609302220800,price=98)
14:23:23.715 [main] INFO  c.sequencer.consumer.LoggingConsumer - [88] [CreateOrder](sbeTemplateId=4|sbeSchemaId=2|sbeSchemaVersion=0|sbeBlockLength=33):instrumentId=0|price=98|quantity=879609302220800|side=BUY|orderId=45
14:23:23.715 [main] INFO  c.orderbook.OrderBook - [ORDERBOOK] Adding passive limit order to BID bookLimit(side=BUY,orderId=45,price=98,quantity=879609302220800)
14:23:23.715 [main] INFO  c.o.visitor.MutatingAddOrderVisitor - [ORDERBOOK] + Limit(side=BUY,orderId=44,price=98,quantity=439804651110400)
14:23:23.715 [main] DEBUG c.o.v.ReadOnlyMarketDataChannelPublishVisitor - Bid Side Size: 3
14:23:23.715 [main] DEBUG c.o.v.ReadOnlyMarketDataChannelPublishVisitor - Adding Mkt Data Msg BID: Price=98 Qty=1759218604441600
14:23:23.715 [main] DEBUG c.o.v.ReadOnlyMarketDataChannelPublishVisitor - Adding Mkt Data Msg BID: Price=95 Qty=200
14:23:23.715 [main] DEBUG c.o.v.ReadOnlyMarketDataChannelPublishVisitor - Adding Mkt Data Msg BID: Price=91 Qty=300
14:23:23.715 [main] DEBUG c.o.v.ReadOnlyMarketDataChannelPublishVisitor - Ask Side Size: 4
14:23:23.715 [main] DEBUG c.o.v.ReadOnlyMarketDataChannelPublishVisitor - Adding Mkt Data Msg ASK: Price=100 Qty=101
14:23:23.715 [main] DEBUG c.o.v.ReadOnlyMarketDataChannelPublishVisitor - Adding Mkt Data Msg ASK: Price=110 Qty=200
14:23:23.715 [main] DEBUG c.o.v.ReadOnlyMarketDataChannelPublishVisitor - Adding Mkt Data Msg ASK: Price=115 Qty=5000
14:23:23.715 [main] DEBUG c.o.v.ReadOnlyMarketDataChannelPublishVisitor - Adding Mkt Data Msg ASK: Price=119 Qty=5600
14:23:23.715 [main] INFO  c.o.channel.MarketDataChannel - [ORDERBOOK] Sending market data update...
14:23:23.715 [main] INFO  c.sequencer.consumer.LoggingConsumer - [89] 
|----BID-----|
1759218604441600 @ 98
    200 @ 95
    300 @ 91
|----ASK-----|
   101 @ 100
   200 @ 110
  5000 @ 115
  5600 @ 119

14:23:23.715 [main] DEBUG c.service.MarketDataService - [ALGO] BID: price:98 quantity:1759218604441600
14:23:23.715 [main] DEBUG c.service.MarketDataService - [ALGO] BID: price:95 quantity:200
14:23:23.715 [main] DEBUG c.service.MarketDataService - [ALGO] BID: price:91 quantity:300
14:23:23.715 [main] DEBUG c.service.MarketDataService - [ALGO] ASK: price:100 quantity:101
14:23:23.715 [main] DEBUG c.service.MarketDataService - [ALGO] ASK: price:110 quantity:200
14:23:23.715 [main] DEBUG c.service.MarketDataService - [ALGO] ASK: price:115 quantity:5000
14:23:23.715 [main] DEBUG c.service.MarketDataService - [ALGO] ASK: price:119 quantity:5600
14:23:23.715 [main] INFO  c.gettingstarted.MyAlgoLogic - [MYALGO] The state of the order book is:
|----BID-----||----ASK----|
1759218604441600 @ 98   101 @ 100
    200 @ 95   200 @ 110
    300 @ 91  5000 @ 115
          -   5600 @ 119
|------------||-----------|

14:23:23.715 [main] INFO  c.gettingstarted.MyAlgoLogic - [MYALGO] Algo Sees SheZa
14:23:23.715 [main] INFO  c.gettingstarted.MyAlgoLogic - [MYALGO] Algo Sees Book as:
|----BID-----||----ASK----|
1759218604441600 @ 98   101 @ 100
    200 @ 95   200 @ 110
    300 @ 91  5000 @ 115
          -   5600 @ 119
|------------||-----------|

14:23:23.715 [main] INFO  c.gettingstarted.MyAlgoLogic - [MYALGO] Adding order for1759218604441600@98
total order count is 44
14:23:23.715 [main] INFO  c.container.Actioner - [ALGO] Actioner, sending action:CreateChildOrder(side=BUY,quantity=1759218604441600,price=98)
14:23:23.715 [main] INFO  c.sequencer.consumer.LoggingConsumer - [90] [CreateOrder](sbeTemplateId=4|sbeSchemaId=2|sbeSchemaVersion=0|sbeBlockLength=33):instrumentId=0|price=98|quantity=1759218604441600|side=BUY|orderId=46
14:23:23.715 [main] INFO  c.orderbook.OrderBook - [ORDERBOOK] Adding passive limit order to BID bookLimit(side=BUY,orderId=46,price=98,quantity=1759218604441600)
14:23:23.715 [main] INFO  c.o.visitor.MutatingAddOrderVisitor - [ORDERBOOK] + Limit(side=BUY,orderId=45,price=98,quantity=879609302220800)
14:23:23.715 [main] DEBUG c.o.v.ReadOnlyMarketDataChannelPublishVisitor - Bid Side Size: 3
14:23:23.715 [main] DEBUG c.o.v.ReadOnlyMarketDataChannelPublishVisitor - Adding Mkt Data Msg BID: Price=98 Qty=3518437208883200
14:23:23.715 [main] DEBUG c.o.v.ReadOnlyMarketDataChannelPublishVisitor - Adding Mkt Data Msg BID: Price=95 Qty=200
14:23:23.715 [main] DEBUG c.o.v.ReadOnlyMarketDataChannelPublishVisitor - Adding Mkt Data Msg BID: Price=91 Qty=300
14:23:23.715 [main] DEBUG c.o.v.ReadOnlyMarketDataChannelPublishVisitor - Ask Side Size: 4
14:23:23.715 [main] DEBUG c.o.v.ReadOnlyMarketDataChannelPublishVisitor - Adding Mkt Data Msg ASK: Price=100 Qty=101
14:23:23.715 [main] DEBUG c.o.v.ReadOnlyMarketDataChannelPublishVisitor - Adding Mkt Data Msg ASK: Price=110 Qty=200
14:23:23.715 [main] DEBUG c.o.v.ReadOnlyMarketDataChannelPublishVisitor - Adding Mkt Data Msg ASK: Price=115 Qty=5000
14:23:23.715 [main] DEBUG c.o.v.ReadOnlyMarketDataChannelPublishVisitor - Adding Mkt Data Msg ASK: Price=119 Qty=5600
14:23:23.715 [main] INFO  c.o.channel.MarketDataChannel - [ORDERBOOK] Sending market data update...
14:23:23.715 [main] INFO  c.sequencer.consumer.LoggingConsumer - [91] 
|----BID-----|
3518437208883200 @ 98
    200 @ 95
    300 @ 91
|----ASK-----|
   101 @ 100
   200 @ 110
  5000 @ 115
  5600 @ 119

14:23:23.715 [main] DEBUG c.service.MarketDataService - [ALGO] BID: price:98 quantity:3518437208883200
14:23:23.715 [main] DEBUG c.service.MarketDataService - [ALGO] BID: price:95 quantity:200
14:23:23.715 [main] DEBUG c.service.MarketDataService - [ALGO] BID: price:91 quantity:300
14:23:23.715 [main] DEBUG c.service.MarketDataService - [ALGO] ASK: price:100 quantity:101
14:23:23.715 [main] DEBUG c.service.MarketDataService - [ALGO] ASK: price:110 quantity:200
14:23:23.715 [main] DEBUG c.service.MarketDataService - [ALGO] ASK: price:115 quantity:5000
14:23:23.715 [main] DEBUG c.service.MarketDataService - [ALGO] ASK: price:119 quantity:5600
14:23:23.715 [main] INFO  c.gettingstarted.MyAlgoLogic - [MYALGO] The state of the order book is:
|----BID-----||----ASK----|
3518437208883200 @ 98   101 @ 100
    200 @ 95   200 @ 110
    300 @ 91  5000 @ 115
          -   5600 @ 119
|------------||-----------|

14:23:23.715 [main] INFO  c.gettingstarted.MyAlgoLogic - [MYALGO] Algo Sees SheZa
14:23:23.715 [main] INFO  c.gettingstarted.MyAlgoLogic - [MYALGO] Algo Sees Book as:
|----BID-----||----ASK----|
3518437208883200 @ 98   101 @ 100
    200 @ 95   200 @ 110
    300 @ 91  5000 @ 115
          -   5600 @ 119
|------------||-----------|

14:23:23.715 [main] INFO  c.gettingstarted.MyAlgoLogic - [MYALGO] active orders are 45
14:23:23.715 [main] INFO  c.gettingstarted.MyAlgoLogic - [MYALGO] Cancelling order:codingblackfemales.sotw.ChildOrder@587e5365
14:23:23.715 [main] INFO  c.gettingstarted.MyAlgoLogic - [MYALGO] option is present, number of active orders are 45
14:23:23.736 [main] INFO  c.container.Actioner - [ALGO] Actioner, sending action:CancelChildOrder(codingblackfemales.sotw.ChildOrder@587e5365)
14:23:23.737 [main] INFO  c.sequencer.consumer.LoggingConsumer - [92] [CancelOrder](sbeTemplateId=5|sbeSchemaId=2|sbeSchemaVersion=0|sbeBlockLength=8):orderId=2
14:23:23.739 [main] INFO  c.orderbook.OrderBook - [ORDERBOOK] Cancelling order (id=:2)
14:23:23.741 [main] INFO  c.o.visitor.CancelOrderVisitor - [ORDERBOOK] Cancelling order: Limit(side=BUY,orderId=2,price=98,quantity=100)
14:23:23.741 [main] DEBUG c.o.v.ReadOnlyMarketDataChannelPublishVisitor - Bid Side Size: 3
14:23:23.741 [main] DEBUG c.o.v.ReadOnlyMarketDataChannelPublishVisitor - Adding Mkt Data Msg BID: Price=98 Qty=3518437208883100
14:23:23.741 [main] DEBUG c.o.v.ReadOnlyMarketDataChannelPublishVisitor - Adding Mkt Data Msg BID: Price=95 Qty=200
14:23:23.741 [main] DEBUG c.o.v.ReadOnlyMarketDataChannelPublishVisitor - Adding Mkt Data Msg BID: Price=91 Qty=300
14:23:23.741 [main] DEBUG c.o.v.ReadOnlyMarketDataChannelPublishVisitor - Ask Side Size: 4
14:23:23.741 [main] DEBUG c.o.v.ReadOnlyMarketDataChannelPublishVisitor - Adding Mkt Data Msg ASK: Price=100 Qty=101
14:23:23.741 [main] DEBUG c.o.v.ReadOnlyMarketDataChannelPublishVisitor - Adding Mkt Data Msg ASK: Price=110 Qty=200
14:23:23.741 [main] DEBUG c.o.v.ReadOnlyMarketDataChannelPublishVisitor - Adding Mkt Data Msg ASK: Price=115 Qty=5000
14:23:23.741 [main] DEBUG c.o.v.ReadOnlyMarketDataChannelPublishVisitor - Adding Mkt Data Msg ASK: Price=119 Qty=5600
14:23:23.741 [main] INFO  c.o.channel.MarketDataChannel - [ORDERBOOK] Sending market data update...
14:23:23.741 [main] INFO  c.sequencer.consumer.LoggingConsumer - [93] 
|----BID-----|
3518437208883100 @ 98
    200 @ 95
    300 @ 91
|----ASK-----|
   101 @ 100
   200 @ 110
  5000 @ 115
  5600 @ 119

14:23:23.741 [main] DEBUG c.service.MarketDataService - [ALGO] BID: price:98 quantity:3518437208883100
14:23:23.741 [main] DEBUG c.service.MarketDataService - [ALGO] BID: price:95 quantity:200
14:23:23.741 [main] DEBUG c.service.MarketDataService - [ALGO] BID: price:91 quantity:300
14:23:23.741 [main] DEBUG c.service.MarketDataService - [ALGO] ASK: price:100 quantity:101
14:23:23.741 [main] DEBUG c.service.MarketDataService - [ALGO] ASK: price:110 quantity:200
14:23:23.741 [main] DEBUG c.service.MarketDataService - [ALGO] ASK: price:115 quantity:5000
14:23:23.741 [main] DEBUG c.service.MarketDataService - [ALGO] ASK: price:119 quantity:5600
14:23:23.741 [main] INFO  c.gettingstarted.MyAlgoLogic - [MYALGO] The state of the order book is:
|----BID-----||----ASK----|
3518437208883100 @ 98   101 @ 100
    200 @ 95   200 @ 110
    300 @ 91  5000 @ 115
          -   5600 @ 119
|------------||-----------|

14:23:23.741 [main] INFO  c.gettingstarted.MyAlgoLogic - [MYALGO] Algo Sees SheZa
14:23:23.741 [main] INFO  c.gettingstarted.MyAlgoLogic - [MYALGO] Algo Sees Book as:
|----BID-----||----ASK----|
3518437208883100 @ 98   101 @ 100
    200 @ 95   200 @ 110
    300 @ 91  5000 @ 115
          -   5600 @ 119
|------------||-----------|

14:23:23.741 [main] INFO  c.gettingstarted.MyAlgoLogic - [MYALGO] active orders are 44
14:23:23.741 [main] INFO  c.gettingstarted.MyAlgoLogic - [MYALGO] Cancelling order:codingblackfemales.sotw.ChildOrder@79d8407f
14:23:23.741 [main] INFO  c.gettingstarted.MyAlgoLogic - [MYALGO] option is present, number of active orders are 44
14:23:23.741 [main] INFO  c.container.Actioner - [ALGO] Actioner, sending action:CancelChildOrder(codingblackfemales.sotw.ChildOrder@79d8407f)
14:23:23.742 [main] INFO  c.sequencer.consumer.LoggingConsumer - [94] [CancelOrder](sbeTemplateId=5|sbeSchemaId=2|sbeSchemaVersion=0|sbeBlockLength=8):orderId=3
14:23:23.742 [main] INFO  c.orderbook.OrderBook - [ORDERBOOK] Cancelling order (id=:3)
14:23:23.742 [main] INFO  c.o.visitor.CancelOrderVisitor - [ORDERBOOK] Cancelling order: Limit(side=BUY,orderId=3,price=98,quantity=200)
14:23:23.742 [main] DEBUG c.o.v.ReadOnlyMarketDataChannelPublishVisitor - Bid Side Size: 3
14:23:23.742 [main] DEBUG c.o.v.ReadOnlyMarketDataChannelPublishVisitor - Adding Mkt Data Msg BID: Price=98 Qty=3518437208882900
14:23:23.742 [main] DEBUG c.o.v.ReadOnlyMarketDataChannelPublishVisitor - Adding Mkt Data Msg BID: Price=95 Qty=200
14:23:23.742 [main] DEBUG c.o.v.ReadOnlyMarketDataChannelPublishVisitor - Adding Mkt Data Msg BID: Price=91 Qty=300
14:23:23.742 [main] DEBUG c.o.v.ReadOnlyMarketDataChannelPublishVisitor - Ask Side Size: 4
14:23:23.742 [main] DEBUG c.o.v.ReadOnlyMarketDataChannelPublishVisitor - Adding Mkt Data Msg ASK: Price=100 Qty=101
14:23:23.742 [main] DEBUG c.o.v.ReadOnlyMarketDataChannelPublishVisitor - Adding Mkt Data Msg ASK: Price=110 Qty=200
14:23:23.742 [main] DEBUG c.o.v.ReadOnlyMarketDataChannelPublishVisitor - Adding Mkt Data Msg ASK: Price=115 Qty=5000
14:23:23.742 [main] DEBUG c.o.v.ReadOnlyMarketDataChannelPublishVisitor - Adding Mkt Data Msg ASK: Price=119 Qty=5600
14:23:23.742 [main] INFO  c.o.channel.MarketDataChannel - [ORDERBOOK] Sending market data update...
14:23:23.742 [main] INFO  c.sequencer.consumer.LoggingConsumer - [95] 
|----BID-----|
3518437208882900 @ 98
    200 @ 95
    300 @ 91
|----ASK-----|
   101 @ 100
   200 @ 110
  5000 @ 115
  5600 @ 119

14:23:23.742 [main] DEBUG c.service.MarketDataService - [ALGO] BID: price:98 quantity:3518437208882900
14:23:23.742 [main] DEBUG c.service.MarketDataService - [ALGO] BID: price:95 quantity:200
14:23:23.742 [main] DEBUG c.service.MarketDataService - [ALGO] BID: price:91 quantity:300
14:23:23.742 [main] DEBUG c.service.MarketDataService - [ALGO] ASK: price:100 quantity:101
14:23:23.742 [main] DEBUG c.service.MarketDataService - [ALGO] ASK: price:110 quantity:200
14:23:23.742 [main] DEBUG c.service.MarketDataService - [ALGO] ASK: price:115 quantity:5000
14:23:23.742 [main] DEBUG c.service.MarketDataService - [ALGO] ASK: price:119 quantity:5600
14:23:23.742 [main] INFO  c.gettingstarted.MyAlgoLogic - [MYALGO] The state of the order book is:
|----BID-----||----ASK----|
3518437208882900 @ 98   101 @ 100
    200 @ 95   200 @ 110
    300 @ 91  5000 @ 115
          -   5600 @ 119
|------------||-----------|

14:23:23.742 [main] INFO  c.gettingstarted.MyAlgoLogic - [MYALGO] Algo Sees SheZa
14:23:23.742 [main] INFO  c.gettingstarted.MyAlgoLogic - [MYALGO] Algo Sees Book as:
|----BID-----||----ASK----|
3518437208882900 @ 98   101 @ 100
    200 @ 95   200 @ 110
    300 @ 91  5000 @ 115
          -   5600 @ 119
|------------||-----------|

14:23:23.742 [main] INFO  c.gettingstarted.MyAlgoLogic - [MYALGO] active orders are 43
14:23:23.742 [main] INFO  c.gettingstarted.MyAlgoLogic - [MYALGO] Cancelling order:codingblackfemales.sotw.ChildOrder@5fbe4146
14:23:23.742 [main] INFO  c.gettingstarted.MyAlgoLogic - [MYALGO] option is present, number of active orders are 43
14:23:23.742 [main] INFO  c.container.Actioner - [ALGO] Actioner, sending action:CancelChildOrder(codingblackfemales.sotw.ChildOrder@5fbe4146)
14:23:23.742 [main] INFO  c.sequencer.consumer.LoggingConsumer - [96] [CancelOrder](sbeTemplateId=5|sbeSchemaId=2|sbeSchemaVersion=0|sbeBlockLength=8):orderId=4
14:23:23.742 [main] INFO  c.orderbook.OrderBook - [ORDERBOOK] Cancelling order (id=:4)
14:23:23.742 [main] INFO  c.o.visitor.CancelOrderVisitor - [ORDERBOOK] Cancelling order: Limit(side=BUY,orderId=4,price=98,quantity=400)
14:23:23.742 [main] DEBUG c.o.v.ReadOnlyMarketDataChannelPublishVisitor - Bid Side Size: 3
14:23:23.742 [main] DEBUG c.o.v.ReadOnlyMarketDataChannelPublishVisitor - Adding Mkt Data Msg BID: Price=98 Qty=3518437208882500
14:23:23.742 [main] DEBUG c.o.v.ReadOnlyMarketDataChannelPublishVisitor - Adding Mkt Data Msg BID: Price=95 Qty=200
14:23:23.742 [main] DEBUG c.o.v.ReadOnlyMarketDataChannelPublishVisitor - Adding Mkt Data Msg BID: Price=91 Qty=300
14:23:23.742 [main] DEBUG c.o.v.ReadOnlyMarketDataChannelPublishVisitor - Ask Side Size: 4
14:23:23.742 [main] DEBUG c.o.v.ReadOnlyMarketDataChannelPublishVisitor - Adding Mkt Data Msg ASK: Price=100 Qty=101
14:23:23.742 [main] DEBUG c.o.v.ReadOnlyMarketDataChannelPublishVisitor - Adding Mkt Data Msg ASK: Price=110 Qty=200
14:23:23.742 [main] DEBUG c.o.v.ReadOnlyMarketDataChannelPublishVisitor - Adding Mkt Data Msg ASK: Price=115 Qty=5000
14:23:23.742 [main] DEBUG c.o.v.ReadOnlyMarketDataChannelPublishVisitor - Adding Mkt Data Msg ASK: Price=119 Qty=5600
14:23:23.742 [main] INFO  c.o.channel.MarketDataChannel - [ORDERBOOK] Sending market data update...
14:23:23.742 [main] INFO  c.sequencer.consumer.LoggingConsumer - [97] 
|----BID-----|
3518437208882500 @ 98
    200 @ 95
    300 @ 91
|----ASK-----|
   101 @ 100
   200 @ 110
  5000 @ 115
  5600 @ 119

14:23:23.742 [main] DEBUG c.service.MarketDataService - [ALGO] BID: price:98 quantity:3518437208882500
14:23:23.742 [main] DEBUG c.service.MarketDataService - [ALGO] BID: price:95 quantity:200
14:23:23.742 [main] DEBUG c.service.MarketDataService - [ALGO] BID: price:91 quantity:300
14:23:23.742 [main] DEBUG c.service.MarketDataService - [ALGO] ASK: price:100 quantity:101
14:23:23.742 [main] DEBUG c.service.MarketDataService - [ALGO] ASK: price:110 quantity:200
14:23:23.742 [main] DEBUG c.service.MarketDataService - [ALGO] ASK: price:115 quantity:5000
14:23:23.742 [main] DEBUG c.service.MarketDataService - [ALGO] ASK: price:119 quantity:5600
14:23:23.742 [main] INFO  c.gettingstarted.MyAlgoLogic - [MYALGO] The state of the order book is:
|----BID-----||----ASK----|
3518437208882500 @ 98   101 @ 100
    200 @ 95   200 @ 110
    300 @ 91  5000 @ 115
          -   5600 @ 119
|------------||-----------|

14:23:23.742 [main] INFO  c.gettingstarted.MyAlgoLogic - [MYALGO] Algo Sees SheZa
14:23:23.742 [main] INFO  c.gettingstarted.MyAlgoLogic - [MYALGO] Algo Sees Book as:
|----BID-----||----ASK----|
3518437208882500 @ 98   101 @ 100
    200 @ 95   200 @ 110
    300 @ 91  5000 @ 115
          -   5600 @ 119
|------------||-----------|

14:23:23.742 [main] INFO  c.gettingstarted.MyAlgoLogic - [MYALGO] active orders are 42
14:23:23.742 [main] INFO  c.gettingstarted.MyAlgoLogic - [MYALGO] Cancelling order:codingblackfemales.sotw.ChildOrder@1e66f1f5
14:23:23.742 [main] INFO  c.gettingstarted.MyAlgoLogic - [MYALGO] option is present, number of active orders are 42
14:23:23.742 [main] INFO  c.container.Actioner - [ALGO] Actioner, sending action:CancelChildOrder(codingblackfemales.sotw.ChildOrder@1e66f1f5)
14:23:23.742 [main] INFO  c.sequencer.consumer.LoggingConsumer - [98] [CancelOrder](sbeTemplateId=5|sbeSchemaId=2|sbeSchemaVersion=0|sbeBlockLength=8):orderId=5
14:23:23.742 [main] INFO  c.orderbook.OrderBook - [ORDERBOOK] Cancelling order (id=:5)
14:23:23.742 [main] INFO  c.o.visitor.CancelOrderVisitor - [ORDERBOOK] Cancelling order: Limit(side=BUY,orderId=5,price=98,quantity=800)
14:23:23.742 [main] DEBUG c.o.v.ReadOnlyMarketDataChannelPublishVisitor - Bid Side Size: 3
14:23:23.742 [main] DEBUG c.o.v.ReadOnlyMarketDataChannelPublishVisitor - Adding Mkt Data Msg BID: Price=98 Qty=3518437208881700
14:23:23.742 [main] DEBUG c.o.v.ReadOnlyMarketDataChannelPublishVisitor - Adding Mkt Data Msg BID: Price=95 Qty=200
14:23:23.742 [main] DEBUG c.o.v.ReadOnlyMarketDataChannelPublishVisitor - Adding Mkt Data Msg BID: Price=91 Qty=300
14:23:23.742 [main] DEBUG c.o.v.ReadOnlyMarketDataChannelPublishVisitor - Ask Side Size: 4
14:23:23.742 [main] DEBUG c.o.v.ReadOnlyMarketDataChannelPublishVisitor - Adding Mkt Data Msg ASK: Price=100 Qty=101
14:23:23.742 [main] DEBUG c.o.v.ReadOnlyMarketDataChannelPublishVisitor - Adding Mkt Data Msg ASK: Price=110 Qty=200
14:23:23.742 [main] DEBUG c.o.v.ReadOnlyMarketDataChannelPublishVisitor - Adding Mkt Data Msg ASK: Price=115 Qty=5000
14:23:23.742 [main] DEBUG c.o.v.ReadOnlyMarketDataChannelPublishVisitor - Adding Mkt Data Msg ASK: Price=119 Qty=5600
14:23:23.742 [main] INFO  c.o.channel.MarketDataChannel - [ORDERBOOK] Sending market data update...
14:23:23.742 [main] INFO  c.sequencer.consumer.LoggingConsumer - [99] 
|----BID-----|
3518437208881700 @ 98
    200 @ 95
    300 @ 91
|----ASK-----|
   101 @ 100
   200 @ 110
  5000 @ 115
  5600 @ 119

14:23:23.742 [main] DEBUG c.service.MarketDataService - [ALGO] BID: price:98 quantity:3518437208881700
14:23:23.742 [main] DEBUG c.service.MarketDataService - [ALGO] BID: price:95 quantity:200
14:23:23.742 [main] DEBUG c.service.MarketDataService - [ALGO] BID: price:91 quantity:300
14:23:23.742 [main] DEBUG c.service.MarketDataService - [ALGO] ASK: price:100 quantity:101
14:23:23.742 [main] DEBUG c.service.MarketDataService - [ALGO] ASK: price:110 quantity:200
14:23:23.742 [main] DEBUG c.service.MarketDataService - [ALGO] ASK: price:115 quantity:5000
14:23:23.742 [main] DEBUG c.service.MarketDataService - [ALGO] ASK: price:119 quantity:5600
14:23:23.742 [main] INFO  c.gettingstarted.MyAlgoLogic - [MYALGO] The state of the order book is:
|----BID-----||----ASK----|
3518437208881700 @ 98   101 @ 100
    200 @ 95   200 @ 110
    300 @ 91  5000 @ 115
          -   5600 @ 119
|------------||-----------|

14:23:23.742 [main] INFO  c.gettingstarted.MyAlgoLogic - [MYALGO] Algo Sees SheZa
14:23:23.742 [main] INFO  c.gettingstarted.MyAlgoLogic - [MYALGO] Algo Sees Book as:
|----BID-----||----ASK----|
3518437208881700 @ 98   101 @ 100
    200 @ 95   200 @ 110
    300 @ 91  5000 @ 115
          -   5600 @ 119
|------------||-----------|

14:23:23.742 [main] INFO  c.gettingstarted.MyAlgoLogic - [MYALGO] active orders are 41
14:23:23.742 [main] INFO  c.gettingstarted.MyAlgoLogic - [MYALGO] Cancelling order:codingblackfemales.sotw.ChildOrder@4e50c791
14:23:23.742 [main] INFO  c.gettingstarted.MyAlgoLogic - [MYALGO] option is present, number of active orders are 41
14:23:23.742 [main] INFO  c.container.Actioner - [ALGO] Actioner, sending action:CancelChildOrder(codingblackfemales.sotw.ChildOrder@4e50c791)
14:23:23.742 [main] INFO  c.sequencer.consumer.LoggingConsumer - [100] [CancelOrder](sbeTemplateId=5|sbeSchemaId=2|sbeSchemaVersion=0|sbeBlockLength=8):orderId=6
14:23:23.742 [main] INFO  c.orderbook.OrderBook - [ORDERBOOK] Cancelling order (id=:6)
14:23:23.742 [main] INFO  c.o.visitor.CancelOrderVisitor - [ORDERBOOK] Cancelling order: Limit(side=BUY,orderId=6,price=98,quantity=1600)
14:23:23.742 [main] DEBUG c.o.v.ReadOnlyMarketDataChannelPublishVisitor - Bid Side Size: 3
14:23:23.742 [main] DEBUG c.o.v.ReadOnlyMarketDataChannelPublishVisitor - Adding Mkt Data Msg BID: Price=98 Qty=3518437208880100
14:23:23.742 [main] DEBUG c.o.v.ReadOnlyMarketDataChannelPublishVisitor - Adding Mkt Data Msg BID: Price=95 Qty=200
14:23:23.742 [main] DEBUG c.o.v.ReadOnlyMarketDataChannelPublishVisitor - Adding Mkt Data Msg BID: Price=91 Qty=300
14:23:23.742 [main] DEBUG c.o.v.ReadOnlyMarketDataChannelPublishVisitor - Ask Side Size: 4
14:23:23.742 [main] DEBUG c.o.v.ReadOnlyMarketDataChannelPublishVisitor - Adding Mkt Data Msg ASK: Price=100 Qty=101
14:23:23.742 [main] DEBUG c.o.v.ReadOnlyMarketDataChannelPublishVisitor - Adding Mkt Data Msg ASK: Price=110 Qty=200
14:23:23.742 [main] DEBUG c.o.v.ReadOnlyMarketDataChannelPublishVisitor - Adding Mkt Data Msg ASK: Price=115 Qty=5000
14:23:23.742 [main] DEBUG c.o.v.ReadOnlyMarketDataChannelPublishVisitor - Adding Mkt Data Msg ASK: Price=119 Qty=5600
14:23:23.742 [main] INFO  c.o.channel.MarketDataChannel - [ORDERBOOK] Sending market data update...
14:23:23.742 [main] INFO  c.sequencer.consumer.LoggingConsumer - [101] 
|----BID-----|
3518437208880100 @ 98
    200 @ 95
    300 @ 91
|----ASK-----|
   101 @ 100
   200 @ 110
  5000 @ 115
  5600 @ 119

14:23:23.742 [main] DEBUG c.service.MarketDataService - [ALGO] BID: price:98 quantity:3518437208880100
14:23:23.742 [main] DEBUG c.service.MarketDataService - [ALGO] BID: price:95 quantity:200
14:23:23.742 [main] DEBUG c.service.MarketDataService - [ALGO] BID: price:91 quantity:300
14:23:23.742 [main] DEBUG c.service.MarketDataService - [ALGO] ASK: price:100 quantity:101
14:23:23.742 [main] DEBUG c.service.MarketDataService - [ALGO] ASK: price:110 quantity:200
14:23:23.742 [main] DEBUG c.service.MarketDataService - [ALGO] ASK: price:115 quantity:5000
14:23:23.742 [main] DEBUG c.service.MarketDataService - [ALGO] ASK: price:119 quantity:5600
14:23:23.742 [main] INFO  c.gettingstarted.MyAlgoLogic - [MYALGO] The state of the order book is:
|----BID-----||----ASK----|
3518437208880100 @ 98   101 @ 100
    200 @ 95   200 @ 110
    300 @ 91  5000 @ 115
          -   5600 @ 119
|------------||-----------|

14:23:23.742 [main] INFO  c.gettingstarted.MyAlgoLogic - [MYALGO] Algo Sees SheZa
14:23:23.742 [main] INFO  c.gettingstarted.MyAlgoLogic - [MYALGO] Algo Sees Book as:
|----BID-----||----ASK----|
3518437208880100 @ 98   101 @ 100
    200 @ 95   200 @ 110
    300 @ 91  5000 @ 115
          -   5600 @ 119
|------------||-----------|

14:23:23.742 [main] INFO  c.gettingstarted.MyAlgoLogic - [MYALGO] active orders are 40
14:23:23.742 [main] INFO  c.gettingstarted.MyAlgoLogic - [MYALGO] Cancelling order:codingblackfemales.sotw.ChildOrder@7530ad9c
14:23:23.742 [main] INFO  c.gettingstarted.MyAlgoLogic - [MYALGO] option is present, number of active orders are 40
14:23:23.742 [main] INFO  c.container.Actioner - [ALGO] Actioner, sending action:CancelChildOrder(codingblackfemales.sotw.ChildOrder@7530ad9c)
14:23:23.742 [main] INFO  c.sequencer.consumer.LoggingConsumer - [102] [CancelOrder](sbeTemplateId=5|sbeSchemaId=2|sbeSchemaVersion=0|sbeBlockLength=8):orderId=7
14:23:23.742 [main] INFO  c.orderbook.OrderBook - [ORDERBOOK] Cancelling order (id=:7)
14:23:23.746 [main] INFO  c.o.visitor.CancelOrderVisitor - [ORDERBOOK] Cancelling order: Limit(side=BUY,orderId=7,price=98,quantity=3200)
14:23:23.746 [main] DEBUG c.o.v.ReadOnlyMarketDataChannelPublishVisitor - Bid Side Size: 3
14:23:23.746 [main] DEBUG c.o.v.ReadOnlyMarketDataChannelPublishVisitor - Adding Mkt Data Msg BID: Price=98 Qty=3518437208876900
14:23:23.746 [main] DEBUG c.o.v.ReadOnlyMarketDataChannelPublishVisitor - Adding Mkt Data Msg BID: Price=95 Qty=200
14:23:23.746 [main] DEBUG c.o.v.ReadOnlyMarketDataChannelPublishVisitor - Adding Mkt Data Msg BID: Price=91 Qty=300
14:23:23.746 [main] DEBUG c.o.v.ReadOnlyMarketDataChannelPublishVisitor - Ask Side Size: 4
14:23:23.746 [main] DEBUG c.o.v.ReadOnlyMarketDataChannelPublishVisitor - Adding Mkt Data Msg ASK: Price=100 Qty=101
14:23:23.746 [main] DEBUG c.o.v.ReadOnlyMarketDataChannelPublishVisitor - Adding Mkt Data Msg ASK: Price=110 Qty=200
14:23:23.746 [main] DEBUG c.o.v.ReadOnlyMarketDataChannelPublishVisitor - Adding Mkt Data Msg ASK: Price=115 Qty=5000
14:23:23.746 [main] DEBUG c.o.v.ReadOnlyMarketDataChannelPublishVisitor - Adding Mkt Data Msg ASK: Price=119 Qty=5600
14:23:23.746 [main] INFO  c.o.channel.MarketDataChannel - [ORDERBOOK] Sending market data update...
14:23:23.746 [main] INFO  c.sequencer.consumer.LoggingConsumer - [103] 
|----BID-----|
3518437208876900 @ 98
    200 @ 95
    300 @ 91
|----ASK-----|
   101 @ 100
   200 @ 110
  5000 @ 115
  5600 @ 119

14:23:23.746 [main] DEBUG c.service.MarketDataService - [ALGO] BID: price:98 quantity:3518437208876900
14:23:23.746 [main] DEBUG c.service.MarketDataService - [ALGO] BID: price:95 quantity:200
14:23:23.746 [main] DEBUG c.service.MarketDataService - [ALGO] BID: price:91 quantity:300
14:23:23.746 [main] DEBUG c.service.MarketDataService - [ALGO] ASK: price:100 quantity:101
14:23:23.746 [main] DEBUG c.service.MarketDataService - [ALGO] ASK: price:110 quantity:200
14:23:23.746 [main] DEBUG c.service.MarketDataService - [ALGO] ASK: price:115 quantity:5000
14:23:23.746 [main] DEBUG c.service.MarketDataService - [ALGO] ASK: price:119 quantity:5600
14:23:23.746 [main] INFO  c.gettingstarted.MyAlgoLogic - [MYALGO] The state of the order book is:
|----BID-----||----ASK----|
3518437208876900 @ 98   101 @ 100
    200 @ 95   200 @ 110
    300 @ 91  5000 @ 115
          -   5600 @ 119
|------------||-----------|

14:23:23.746 [main] INFO  c.gettingstarted.MyAlgoLogic - [MYALGO] Algo Sees SheZa
14:23:23.746 [main] INFO  c.gettingstarted.MyAlgoLogic - [MYALGO] Algo Sees Book as:
|----BID-----||----ASK----|
3518437208876900 @ 98   101 @ 100
    200 @ 95   200 @ 110
    300 @ 91  5000 @ 115
          -   5600 @ 119
|------------||-----------|

14:23:23.746 [main] INFO  c.gettingstarted.MyAlgoLogic - [MYALGO] active orders are 39
14:23:23.746 [main] INFO  c.gettingstarted.MyAlgoLogic - [MYALGO] Cancelling order:codingblackfemales.sotw.ChildOrder@58a9760d
14:23:23.746 [main] INFO  c.gettingstarted.MyAlgoLogic - [MYALGO] option is present, number of active orders are 39
14:23:23.746 [main] INFO  c.container.Actioner - [ALGO] Actioner, sending action:CancelChildOrder(codingblackfemales.sotw.ChildOrder@58a9760d)
14:23:23.746 [main] INFO  c.sequencer.consumer.LoggingConsumer - [104] [CancelOrder](sbeTemplateId=5|sbeSchemaId=2|sbeSchemaVersion=0|sbeBlockLength=8):orderId=8
14:23:23.746 [main] INFO  c.orderbook.OrderBook - [ORDERBOOK] Cancelling order (id=:8)
14:23:23.746 [main] INFO  c.o.visitor.CancelOrderVisitor - [ORDERBOOK] Cancelling order: Limit(side=BUY,orderId=8,price=98,quantity=6400)
14:23:23.746 [main] DEBUG c.o.v.ReadOnlyMarketDataChannelPublishVisitor - Bid Side Size: 3
14:23:23.746 [main] DEBUG c.o.v.ReadOnlyMarketDataChannelPublishVisitor - Adding Mkt Data Msg BID: Price=98 Qty=3518437208870500
14:23:23.746 [main] DEBUG c.o.v.ReadOnlyMarketDataChannelPublishVisitor - Adding Mkt Data Msg BID: Price=95 Qty=200
14:23:23.746 [main] DEBUG c.o.v.ReadOnlyMarketDataChannelPublishVisitor - Adding Mkt Data Msg BID: Price=91 Qty=300
14:23:23.746 [main] DEBUG c.o.v.ReadOnlyMarketDataChannelPublishVisitor - Ask Side Size: 4
14:23:23.746 [main] DEBUG c.o.v.ReadOnlyMarketDataChannelPublishVisitor - Adding Mkt Data Msg ASK: Price=100 Qty=101
14:23:23.746 [main] DEBUG c.o.v.ReadOnlyMarketDataChannelPublishVisitor - Adding Mkt Data Msg ASK: Price=110 Qty=200
14:23:23.746 [main] DEBUG c.o.v.ReadOnlyMarketDataChannelPublishVisitor - Adding Mkt Data Msg ASK: Price=115 Qty=5000
14:23:23.746 [main] DEBUG c.o.v.ReadOnlyMarketDataChannelPublishVisitor - Adding Mkt Data Msg ASK: Price=119 Qty=5600
14:23:23.746 [main] INFO  c.o.channel.MarketDataChannel - [ORDERBOOK] Sending market data update...
14:23:23.746 [main] INFO  c.sequencer.consumer.LoggingConsumer - [105] 
|----BID-----|
3518437208870500 @ 98
    200 @ 95
    300 @ 91
|----ASK-----|
   101 @ 100
   200 @ 110
  5000 @ 115
  5600 @ 119

14:23:23.746 [main] DEBUG c.service.MarketDataService - [ALGO] BID: price:98 quantity:3518437208870500
14:23:23.746 [main] DEBUG c.service.MarketDataService - [ALGO] BID: price:95 quantity:200
14:23:23.746 [main] DEBUG c.service.MarketDataService - [ALGO] BID: price:91 quantity:300
14:23:23.746 [main] DEBUG c.service.MarketDataService - [ALGO] ASK: price:100 quantity:101
14:23:23.746 [main] DEBUG c.service.MarketDataService - [ALGO] ASK: price:110 quantity:200
14:23:23.746 [main] DEBUG c.service.MarketDataService - [ALGO] ASK: price:115 quantity:5000
14:23:23.746 [main] DEBUG c.service.MarketDataService - [ALGO] ASK: price:119 quantity:5600
14:23:23.746 [main] INFO  c.gettingstarted.MyAlgoLogic - [MYALGO] The state of the order book is:
|----BID-----||----ASK----|
3518437208870500 @ 98   101 @ 100
    200 @ 95   200 @ 110
    300 @ 91  5000 @ 115
          -   5600 @ 119
|------------||-----------|

14:23:23.746 [main] INFO  c.gettingstarted.MyAlgoLogic - [MYALGO] Algo Sees SheZa
14:23:23.746 [main] INFO  c.gettingstarted.MyAlgoLogic - [MYALGO] Algo Sees Book as:
|----BID-----||----ASK----|
3518437208870500 @ 98   101 @ 100
    200 @ 95   200 @ 110
    300 @ 91  5000 @ 115
          -   5600 @ 119
|------------||-----------|

14:23:23.746 [main] INFO  c.gettingstarted.MyAlgoLogic - [MYALGO] active orders are 38
14:23:23.746 [main] INFO  c.gettingstarted.MyAlgoLogic - [MYALGO] Cancelling order:codingblackfemales.sotw.ChildOrder@71e9ddb4
14:23:23.746 [main] INFO  c.gettingstarted.MyAlgoLogic - [MYALGO] option is present, number of active orders are 38
14:23:23.746 [main] INFO  c.container.Actioner - [ALGO] Actioner, sending action:CancelChildOrder(codingblackfemales.sotw.ChildOrder@71e9ddb4)
14:23:23.746 [main] INFO  c.sequencer.consumer.LoggingConsumer - [106] [CancelOrder](sbeTemplateId=5|sbeSchemaId=2|sbeSchemaVersion=0|sbeBlockLength=8):orderId=9
14:23:23.746 [main] INFO  c.orderbook.OrderBook - [ORDERBOOK] Cancelling order (id=:9)
14:23:23.757 [main] INFO  c.o.visitor.CancelOrderVisitor - [ORDERBOOK] Cancelling order: Limit(side=BUY,orderId=9,price=98,quantity=12800)
14:23:23.757 [main] DEBUG c.o.v.ReadOnlyMarketDataChannelPublishVisitor - Bid Side Size: 3
14:23:23.757 [main] DEBUG c.o.v.ReadOnlyMarketDataChannelPublishVisitor - Adding Mkt Data Msg BID: Price=98 Qty=3518437208857700
14:23:23.757 [main] DEBUG c.o.v.ReadOnlyMarketDataChannelPublishVisitor - Adding Mkt Data Msg BID: Price=95 Qty=200
14:23:23.757 [main] DEBUG c.o.v.ReadOnlyMarketDataChannelPublishVisitor - Adding Mkt Data Msg BID: Price=91 Qty=300
14:23:23.757 [main] DEBUG c.o.v.ReadOnlyMarketDataChannelPublishVisitor - Ask Side Size: 4
14:23:23.757 [main] DEBUG c.o.v.ReadOnlyMarketDataChannelPublishVisitor - Adding Mkt Data Msg ASK: Price=100 Qty=101
14:23:23.757 [main] DEBUG c.o.v.ReadOnlyMarketDataChannelPublishVisitor - Adding Mkt Data Msg ASK: Price=110 Qty=200
14:23:23.757 [main] DEBUG c.o.v.ReadOnlyMarketDataChannelPublishVisitor - Adding Mkt Data Msg ASK: Price=115 Qty=5000
14:23:23.757 [main] DEBUG c.o.v.ReadOnlyMarketDataChannelPublishVisitor - Adding Mkt Data Msg ASK: Price=119 Qty=5600
14:23:23.757 [main] INFO  c.o.channel.MarketDataChannel - [ORDERBOOK] Sending market data update...
14:23:23.757 [main] INFO  c.sequencer.consumer.LoggingConsumer - [107] 
|----BID-----|
3518437208857700 @ 98
    200 @ 95
    300 @ 91
|----ASK-----|
   101 @ 100
   200 @ 110
  5000 @ 115
  5600 @ 119

14:23:23.757 [main] DEBUG c.service.MarketDataService - [ALGO] BID: price:98 quantity:3518437208857700
14:23:23.757 [main] DEBUG c.service.MarketDataService - [ALGO] BID: price:95 quantity:200
14:23:23.757 [main] DEBUG c.service.MarketDataService - [ALGO] BID: price:91 quantity:300
14:23:23.757 [main] DEBUG c.service.MarketDataService - [ALGO] ASK: price:100 quantity:101
14:23:23.757 [main] DEBUG c.service.MarketDataService - [ALGO] ASK: price:110 quantity:200
14:23:23.757 [main] DEBUG c.service.MarketDataService - [ALGO] ASK: price:115 quantity:5000
14:23:23.757 [main] DEBUG c.service.MarketDataService - [ALGO] ASK: price:119 quantity:5600
14:23:23.757 [main] INFO  c.gettingstarted.MyAlgoLogic - [MYALGO] The state of the order book is:
|----BID-----||----ASK----|
3518437208857700 @ 98   101 @ 100
    200 @ 95   200 @ 110
    300 @ 91  5000 @ 115
          -   5600 @ 119
|------------||-----------|

14:23:23.757 [main] INFO  c.gettingstarted.MyAlgoLogic - [MYALGO] Algo Sees SheZa
14:23:23.757 [main] INFO  c.gettingstarted.MyAlgoLogic - [MYALGO] Algo Sees Book as:
|----BID-----||----ASK----|
3518437208857700 @ 98   101 @ 100
    200 @ 95   200 @ 110
    300 @ 91  5000 @ 115
          -   5600 @ 119
|------------||-----------|

14:23:23.757 [main] INFO  c.gettingstarted.MyAlgoLogic - [MYALGO] active orders are 37
14:23:23.757 [main] INFO  c.gettingstarted.MyAlgoLogic - [MYALGO] Cancelling order:codingblackfemales.sotw.ChildOrder@394df057
14:23:23.757 [main] INFO  c.gettingstarted.MyAlgoLogic - [MYALGO] option is present, number of active orders are 37
14:23:23.757 [main] INFO  c.container.Actioner - [ALGO] Actioner, sending action:CancelChildOrder(codingblackfemales.sotw.ChildOrder@394df057)
14:23:23.757 [main] INFO  c.sequencer.consumer.LoggingConsumer - [108] [CancelOrder](sbeTemplateId=5|sbeSchemaId=2|sbeSchemaVersion=0|sbeBlockLength=8):orderId=10
14:23:23.757 [main] INFO  c.orderbook.OrderBook - [ORDERBOOK] Cancelling order (id=:10)
14:23:23.757 [main] INFO  c.o.visitor.CancelOrderVisitor - [ORDERBOOK] Cancelling order: Limit(side=BUY,orderId=10,price=98,quantity=25600)
14:23:23.757 [main] DEBUG c.o.v.ReadOnlyMarketDataChannelPublishVisitor - Bid Side Size: 3
14:23:23.757 [main] DEBUG c.o.v.ReadOnlyMarketDataChannelPublishVisitor - Adding Mkt Data Msg BID: Price=98 Qty=3518437208832100
14:23:23.757 [main] DEBUG c.o.v.ReadOnlyMarketDataChannelPublishVisitor - Adding Mkt Data Msg BID: Price=95 Qty=200
14:23:23.757 [main] DEBUG c.o.v.ReadOnlyMarketDataChannelPublishVisitor - Adding Mkt Data Msg BID: Price=91 Qty=300
14:23:23.757 [main] DEBUG c.o.v.ReadOnlyMarketDataChannelPublishVisitor - Ask Side Size: 4
14:23:23.757 [main] DEBUG c.o.v.ReadOnlyMarketDataChannelPublishVisitor - Adding Mkt Data Msg ASK: Price=100 Qty=101
14:23:23.757 [main] DEBUG c.o.v.ReadOnlyMarketDataChannelPublishVisitor - Adding Mkt Data Msg ASK: Price=110 Qty=200
14:23:23.757 [main] DEBUG c.o.v.ReadOnlyMarketDataChannelPublishVisitor - Adding Mkt Data Msg ASK: Price=115 Qty=5000
14:23:23.757 [main] DEBUG c.o.v.ReadOnlyMarketDataChannelPublishVisitor - Adding Mkt Data Msg ASK: Price=119 Qty=5600
14:23:23.757 [main] INFO  c.o.channel.MarketDataChannel - [ORDERBOOK] Sending market data update...
14:23:23.757 [main] INFO  c.sequencer.consumer.LoggingConsumer - [109] 
|----BID-----|
3518437208832100 @ 98
    200 @ 95
    300 @ 91
|----ASK-----|
   101 @ 100
   200 @ 110
  5000 @ 115
  5600 @ 119

14:23:23.757 [main] DEBUG c.service.MarketDataService - [ALGO] BID: price:98 quantity:3518437208832100
14:23:23.757 [main] DEBUG c.service.MarketDataService - [ALGO] BID: price:95 quantity:200
14:23:23.758 [main] DEBUG c.service.MarketDataService - [ALGO] BID: price:91 quantity:300
14:23:23.758 [main] DEBUG c.service.MarketDataService - [ALGO] ASK: price:100 quantity:101
14:23:23.758 [main] DEBUG c.service.MarketDataService - [ALGO] ASK: price:110 quantity:200
14:23:23.758 [main] DEBUG c.service.MarketDataService - [ALGO] ASK: price:115 quantity:5000
14:23:23.758 [main] DEBUG c.service.MarketDataService - [ALGO] ASK: price:119 quantity:5600
14:23:23.758 [main] INFO  c.gettingstarted.MyAlgoLogic - [MYALGO] The state of the order book is:
|----BID-----||----ASK----|
3518437208832100 @ 98   101 @ 100
    200 @ 95   200 @ 110
    300 @ 91  5000 @ 115
          -   5600 @ 119
|------------||-----------|

14:23:23.758 [main] INFO  c.gettingstarted.MyAlgoLogic - [MYALGO] Algo Sees SheZa
14:23:23.758 [main] INFO  c.gettingstarted.MyAlgoLogic - [MYALGO] Algo Sees Book as:
|----BID-----||----ASK----|
3518437208832100 @ 98   101 @ 100
    200 @ 95   200 @ 110
    300 @ 91  5000 @ 115
          -   5600 @ 119
|------------||-----------|

14:23:23.758 [main] INFO  c.gettingstarted.MyAlgoLogic - [MYALGO] active orders are 36
14:23:23.758 [main] INFO  c.gettingstarted.MyAlgoLogic - [MYALGO] Cancelling order:codingblackfemales.sotw.ChildOrder@4961f6af
14:23:23.758 [main] INFO  c.gettingstarted.MyAlgoLogic - [MYALGO] option is present, number of active orders are 36
14:23:23.758 [main] INFO  c.container.Actioner - [ALGO] Actioner, sending action:CancelChildOrder(codingblackfemales.sotw.ChildOrder@4961f6af)
14:23:23.758 [main] INFO  c.sequencer.consumer.LoggingConsumer - [110] [CancelOrder](sbeTemplateId=5|sbeSchemaId=2|sbeSchemaVersion=0|sbeBlockLength=8):orderId=11
14:23:23.758 [main] INFO  c.orderbook.OrderBook - [ORDERBOOK] Cancelling order (id=:11)
14:23:23.758 [main] INFO  c.o.visitor.CancelOrderVisitor - [ORDERBOOK] Cancelling order: Limit(side=BUY,orderId=11,price=98,quantity=51200)
14:23:23.758 [main] DEBUG c.o.v.ReadOnlyMarketDataChannelPublishVisitor - Bid Side Size: 3
14:23:23.758 [main] DEBUG c.o.v.ReadOnlyMarketDataChannelPublishVisitor - Adding Mkt Data Msg BID: Price=98 Qty=3518437208780900
14:23:23.759 [main] DEBUG c.o.v.ReadOnlyMarketDataChannelPublishVisitor - Adding Mkt Data Msg BID: Price=95 Qty=200
14:23:23.759 [main] DEBUG c.o.v.ReadOnlyMarketDataChannelPublishVisitor - Adding Mkt Data Msg BID: Price=91 Qty=300
14:23:23.759 [main] DEBUG c.o.v.ReadOnlyMarketDataChannelPublishVisitor - Ask Side Size: 4
14:23:23.759 [main] DEBUG c.o.v.ReadOnlyMarketDataChannelPublishVisitor - Adding Mkt Data Msg ASK: Price=100 Qty=101
14:23:23.759 [main] DEBUG c.o.v.ReadOnlyMarketDataChannelPublishVisitor - Adding Mkt Data Msg ASK: Price=110 Qty=200
14:23:23.759 [main] DEBUG c.o.v.ReadOnlyMarketDataChannelPublishVisitor - Adding Mkt Data Msg ASK: Price=115 Qty=5000
14:23:23.759 [main] DEBUG c.o.v.ReadOnlyMarketDataChannelPublishVisitor - Adding Mkt Data Msg ASK: Price=119 Qty=5600
14:23:23.759 [main] INFO  c.o.channel.MarketDataChannel - [ORDERBOOK] Sending market data update...
14:23:23.759 [main] INFO  c.sequencer.consumer.LoggingConsumer - [111] 
|----BID-----|
3518437208780900 @ 98
    200 @ 95
    300 @ 91
|----ASK-----|
   101 @ 100
   200 @ 110
  5000 @ 115
  5600 @ 119

14:23:23.759 [main] DEBUG c.service.MarketDataService - [ALGO] BID: price:98 quantity:3518437208780900
14:23:23.759 [main] DEBUG c.service.MarketDataService - [ALGO] BID: price:95 quantity:200
14:23:23.759 [main] DEBUG c.service.MarketDataService - [ALGO] BID: price:91 quantity:300
14:23:23.759 [main] DEBUG c.service.MarketDataService - [ALGO] ASK: price:100 quantity:101
14:23:23.759 [main] DEBUG c.service.MarketDataService - [ALGO] ASK: price:110 quantity:200
14:23:23.759 [main] DEBUG c.service.MarketDataService - [ALGO] ASK: price:115 quantity:5000
14:23:23.759 [main] DEBUG c.service.MarketDataService - [ALGO] ASK: price:119 quantity:5600
14:23:23.759 [main] INFO  c.gettingstarted.MyAlgoLogic - [MYALGO] The state of the order book is:
|----BID-----||----ASK----|
3518437208780900 @ 98   101 @ 100
    200 @ 95   200 @ 110
    300 @ 91  5000 @ 115
          -   5600 @ 119
|------------||-----------|

14:23:23.759 [main] INFO  c.gettingstarted.MyAlgoLogic - [MYALGO] Algo Sees SheZa
14:23:23.759 [main] INFO  c.gettingstarted.MyAlgoLogic - [MYALGO] Algo Sees Book as:
|----BID-----||----ASK----|
3518437208780900 @ 98   101 @ 100
    200 @ 95   200 @ 110
    300 @ 91  5000 @ 115
          -   5600 @ 119
|------------||-----------|

14:23:23.759 [main] INFO  c.gettingstarted.MyAlgoLogic - [MYALGO] active orders are 35
14:23:23.759 [main] INFO  c.gettingstarted.MyAlgoLogic - [MYALGO] Cancelling order:codingblackfemales.sotw.ChildOrder@5aebe890
14:23:23.759 [main] INFO  c.gettingstarted.MyAlgoLogic - [MYALGO] option is present, number of active orders are 35
14:23:23.759 [main] INFO  c.container.Actioner - [ALGO] Actioner, sending action:CancelChildOrder(codingblackfemales.sotw.ChildOrder@5aebe890)
14:23:23.759 [main] INFO  c.sequencer.consumer.LoggingConsumer - [112] [CancelOrder](sbeTemplateId=5|sbeSchemaId=2|sbeSchemaVersion=0|sbeBlockLength=8):orderId=12
14:23:23.759 [main] INFO  c.orderbook.OrderBook - [ORDERBOOK] Cancelling order (id=:12)
14:23:23.759 [main] INFO  c.o.visitor.CancelOrderVisitor - [ORDERBOOK] Cancelling order: Limit(side=BUY,orderId=12,price=98,quantity=102400)
14:23:23.759 [main] DEBUG c.o.v.ReadOnlyMarketDataChannelPublishVisitor - Bid Side Size: 3
14:23:23.759 [main] DEBUG c.o.v.ReadOnlyMarketDataChannelPublishVisitor - Adding Mkt Data Msg BID: Price=98 Qty=3518437208678500
14:23:23.759 [main] DEBUG c.o.v.ReadOnlyMarketDataChannelPublishVisitor - Adding Mkt Data Msg BID: Price=95 Qty=200
14:23:23.759 [main] DEBUG c.o.v.ReadOnlyMarketDataChannelPublishVisitor - Adding Mkt Data Msg BID: Price=91 Qty=300
14:23:23.759 [main] DEBUG c.o.v.ReadOnlyMarketDataChannelPublishVisitor - Ask Side Size: 4
14:23:23.759 [main] DEBUG c.o.v.ReadOnlyMarketDataChannelPublishVisitor - Adding Mkt Data Msg ASK: Price=100 Qty=101
14:23:23.759 [main] DEBUG c.o.v.ReadOnlyMarketDataChannelPublishVisitor - Adding Mkt Data Msg ASK: Price=110 Qty=200
14:23:23.759 [main] DEBUG c.o.v.ReadOnlyMarketDataChannelPublishVisitor - Adding Mkt Data Msg ASK: Price=115 Qty=5000
14:23:23.759 [main] DEBUG c.o.v.ReadOnlyMarketDataChannelPublishVisitor - Adding Mkt Data Msg ASK: Price=119 Qty=5600
14:23:23.759 [main] INFO  c.o.channel.MarketDataChannel - [ORDERBOOK] Sending market data update...
14:23:23.759 [main] INFO  c.sequencer.consumer.LoggingConsumer - [113] 
|----BID-----|
3518437208678500 @ 98
    200 @ 95
    300 @ 91
|----ASK-----|
   101 @ 100
   200 @ 110
  5000 @ 115
  5600 @ 119

14:23:23.759 [main] DEBUG c.service.MarketDataService - [ALGO] BID: price:98 quantity:3518437208678500
14:23:23.759 [main] DEBUG c.service.MarketDataService - [ALGO] BID: price:95 quantity:200
14:23:23.759 [main] DEBUG c.service.MarketDataService - [ALGO] BID: price:91 quantity:300
14:23:23.759 [main] DEBUG c.service.MarketDataService - [ALGO] ASK: price:100 quantity:101
14:23:23.760 [main] DEBUG c.service.MarketDataService - [ALGO] ASK: price:110 quantity:200
14:23:23.760 [main] DEBUG c.service.MarketDataService - [ALGO] ASK: price:115 quantity:5000
14:23:23.760 [main] DEBUG c.service.MarketDataService - [ALGO] ASK: price:119 quantity:5600
14:23:23.760 [main] INFO  c.gettingstarted.MyAlgoLogic - [MYALGO] The state of the order book is:
|----BID-----||----ASK----|
3518437208678500 @ 98   101 @ 100
    200 @ 95   200 @ 110
    300 @ 91  5000 @ 115
          -   5600 @ 119
|------------||-----------|

14:23:23.760 [main] INFO  c.gettingstarted.MyAlgoLogic - [MYALGO] Algo Sees SheZa
14:23:23.760 [main] INFO  c.gettingstarted.MyAlgoLogic - [MYALGO] Algo Sees Book as:
|----BID-----||----ASK----|
3518437208678500 @ 98   101 @ 100
    200 @ 95   200 @ 110
    300 @ 91  5000 @ 115
          -   5600 @ 119
|------------||-----------|

14:23:23.760 [main] INFO  c.gettingstarted.MyAlgoLogic - [MYALGO] active orders are 34
14:23:23.760 [main] INFO  c.gettingstarted.MyAlgoLogic - [MYALGO] Cancelling order:codingblackfemales.sotw.ChildOrder@65d09a04
14:23:23.760 [main] INFO  c.gettingstarted.MyAlgoLogic - [MYALGO] option is present, number of active orders are 34
14:23:23.760 [main] INFO  c.container.Actioner - [ALGO] Actioner, sending action:CancelChildOrder(codingblackfemales.sotw.ChildOrder@65d09a04)
14:23:23.760 [main] INFO  c.sequencer.consumer.LoggingConsumer - [114] [CancelOrder](sbeTemplateId=5|sbeSchemaId=2|sbeSchemaVersion=0|sbeBlockLength=8):orderId=13
14:23:23.760 [main] INFO  c.orderbook.OrderBook - [ORDERBOOK] Cancelling order (id=:13)
14:23:23.760 [main] INFO  c.o.visitor.CancelOrderVisitor - [ORDERBOOK] Cancelling order: Limit(side=BUY,orderId=13,price=98,quantity=204800)
14:23:23.760 [main] DEBUG c.o.v.ReadOnlyMarketDataChannelPublishVisitor - Bid Side Size: 3
14:23:23.760 [main] DEBUG c.o.v.ReadOnlyMarketDataChannelPublishVisitor - Adding Mkt Data Msg BID: Price=98 Qty=3518437208473700
14:23:23.760 [main] DEBUG c.o.v.ReadOnlyMarketDataChannelPublishVisitor - Adding Mkt Data Msg BID: Price=95 Qty=200
14:23:23.760 [main] DEBUG c.o.v.ReadOnlyMarketDataChannelPublishVisitor - Adding Mkt Data Msg BID: Price=91 Qty=300
14:23:23.760 [main] DEBUG c.o.v.ReadOnlyMarketDataChannelPublishVisitor - Ask Side Size: 4
14:23:23.760 [main] DEBUG c.o.v.ReadOnlyMarketDataChannelPublishVisitor - Adding Mkt Data Msg ASK: Price=100 Qty=101
14:23:23.760 [main] DEBUG c.o.v.ReadOnlyMarketDataChannelPublishVisitor - Adding Mkt Data Msg ASK: Price=110 Qty=200
14:23:23.760 [main] DEBUG c.o.v.ReadOnlyMarketDataChannelPublishVisitor - Adding Mkt Data Msg ASK: Price=115 Qty=5000
14:23:23.760 [main] DEBUG c.o.v.ReadOnlyMarketDataChannelPublishVisitor - Adding Mkt Data Msg ASK: Price=119 Qty=5600
14:23:23.760 [main] INFO  c.o.channel.MarketDataChannel - [ORDERBOOK] Sending market data update...
14:23:23.760 [main] INFO  c.sequencer.consumer.LoggingConsumer - [115] 
|----BID-----|
3518437208473700 @ 98
    200 @ 95
    300 @ 91
|----ASK-----|
   101 @ 100
   200 @ 110
  5000 @ 115
  5600 @ 119

14:23:23.760 [main] DEBUG c.service.MarketDataService - [ALGO] BID: price:98 quantity:3518437208473700
14:23:23.760 [main] DEBUG c.service.MarketDataService - [ALGO] BID: price:95 quantity:200
14:23:23.760 [main] DEBUG c.service.MarketDataService - [ALGO] BID: price:91 quantity:300
14:23:23.760 [main] DEBUG c.service.MarketDataService - [ALGO] ASK: price:100 quantity:101
14:23:23.760 [main] DEBUG c.service.MarketDataService - [ALGO] ASK: price:110 quantity:200
14:23:23.760 [main] DEBUG c.service.MarketDataService - [ALGO] ASK: price:115 quantity:5000
14:23:23.760 [main] DEBUG c.service.MarketDataService - [ALGO] ASK: price:119 quantity:5600
14:23:23.760 [main] INFO  c.gettingstarted.MyAlgoLogic - [MYALGO] The state of the order book is:
|----BID-----||----ASK----|
3518437208473700 @ 98   101 @ 100
    200 @ 95   200 @ 110
    300 @ 91  5000 @ 115
          -   5600 @ 119
|------------||-----------|

14:23:23.760 [main] INFO  c.gettingstarted.MyAlgoLogic - [MYALGO] Algo Sees SheZa
14:23:23.760 [main] INFO  c.gettingstarted.MyAlgoLogic - [MYALGO] Algo Sees Book as:
|----BID-----||----ASK----|
3518437208473700 @ 98   101 @ 100
    200 @ 95   200 @ 110
    300 @ 91  5000 @ 115
          -   5600 @ 119
|------------||-----------|

14:23:23.760 [main] INFO  c.gettingstarted.MyAlgoLogic - [MYALGO] active orders are 33
14:23:23.760 [main] INFO  c.gettingstarted.MyAlgoLogic - [MYALGO] Cancelling order:codingblackfemales.sotw.ChildOrder@33c911a1
14:23:23.760 [main] INFO  c.gettingstarted.MyAlgoLogic - [MYALGO] option is present, number of active orders are 33
14:23:23.760 [main] INFO  c.container.Actioner - [ALGO] Actioner, sending action:CancelChildOrder(codingblackfemales.sotw.ChildOrder@33c911a1)
14:23:23.760 [main] INFO  c.sequencer.consumer.LoggingConsumer - [116] [CancelOrder](sbeTemplateId=5|sbeSchemaId=2|sbeSchemaVersion=0|sbeBlockLength=8):orderId=14
14:23:23.760 [main] INFO  c.orderbook.OrderBook - [ORDERBOOK] Cancelling order (id=:14)
14:23:23.760 [main] INFO  c.o.visitor.CancelOrderVisitor - [ORDERBOOK] Cancelling order: Limit(side=BUY,orderId=14,price=98,quantity=409600)
14:23:23.761 [main] DEBUG c.o.v.ReadOnlyMarketDataChannelPublishVisitor - Bid Side Size: 3
14:23:23.761 [main] DEBUG c.o.v.ReadOnlyMarketDataChannelPublishVisitor - Adding Mkt Data Msg BID: Price=98 Qty=3518437208064100
14:23:23.761 [main] DEBUG c.o.v.ReadOnlyMarketDataChannelPublishVisitor - Adding Mkt Data Msg BID: Price=95 Qty=200
14:23:23.761 [main] DEBUG c.o.v.ReadOnlyMarketDataChannelPublishVisitor - Adding Mkt Data Msg BID: Price=91 Qty=300
14:23:23.761 [main] DEBUG c.o.v.ReadOnlyMarketDataChannelPublishVisitor - Ask Side Size: 4
14:23:23.761 [main] DEBUG c.o.v.ReadOnlyMarketDataChannelPublishVisitor - Adding Mkt Data Msg ASK: Price=100 Qty=101
14:23:23.761 [main] DEBUG c.o.v.ReadOnlyMarketDataChannelPublishVisitor - Adding Mkt Data Msg ASK: Price=110 Qty=200
14:23:23.761 [main] DEBUG c.o.v.ReadOnlyMarketDataChannelPublishVisitor - Adding Mkt Data Msg ASK: Price=115 Qty=5000
14:23:23.761 [main] DEBUG c.o.v.ReadOnlyMarketDataChannelPublishVisitor - Adding Mkt Data Msg ASK: Price=119 Qty=5600
14:23:23.761 [main] INFO  c.o.channel.MarketDataChannel - [ORDERBOOK] Sending market data update...
14:23:23.761 [main] INFO  c.sequencer.consumer.LoggingConsumer - [117] 
|----BID-----|
3518437208064100 @ 98
    200 @ 95
    300 @ 91
|----ASK-----|
   101 @ 100
   200 @ 110
  5000 @ 115
  5600 @ 119

14:23:23.761 [main] DEBUG c.service.MarketDataService - [ALGO] BID: price:98 quantity:3518437208064100
14:23:23.761 [main] DEBUG c.service.MarketDataService - [ALGO] BID: price:95 quantity:200
14:23:23.761 [main] DEBUG c.service.MarketDataService - [ALGO] BID: price:91 quantity:300
14:23:23.761 [main] DEBUG c.service.MarketDataService - [ALGO] ASK: price:100 quantity:101
14:23:23.761 [main] DEBUG c.service.MarketDataService - [ALGO] ASK: price:110 quantity:200
14:23:23.761 [main] DEBUG c.service.MarketDataService - [ALGO] ASK: price:115 quantity:5000
14:23:23.761 [main] DEBUG c.service.MarketDataService - [ALGO] ASK: price:119 quantity:5600
14:23:23.761 [main] INFO  c.gettingstarted.MyAlgoLogic - [MYALGO] The state of the order book is:
|----BID-----||----ASK----|
3518437208064100 @ 98   101 @ 100
    200 @ 95   200 @ 110
    300 @ 91  5000 @ 115
          -   5600 @ 119
|------------||-----------|

14:23:23.761 [main] INFO  c.gettingstarted.MyAlgoLogic - [MYALGO] Algo Sees SheZa
14:23:23.761 [main] INFO  c.gettingstarted.MyAlgoLogic - [MYALGO] Algo Sees Book as:
|----BID-----||----ASK----|
3518437208064100 @ 98   101 @ 100
    200 @ 95   200 @ 110
    300 @ 91  5000 @ 115
          -   5600 @ 119
|------------||-----------|

14:23:23.761 [main] INFO  c.gettingstarted.MyAlgoLogic - [MYALGO] active orders are 32
14:23:23.761 [main] INFO  c.gettingstarted.MyAlgoLogic - [MYALGO] Cancelling order:codingblackfemales.sotw.ChildOrder@75db5df9
14:23:23.761 [main] INFO  c.gettingstarted.MyAlgoLogic - [MYALGO] option is present, number of active orders are 32
14:23:23.761 [main] INFO  c.container.Actioner - [ALGO] Actioner, sending action:CancelChildOrder(codingblackfemales.sotw.ChildOrder@75db5df9)
14:23:23.761 [main] INFO  c.sequencer.consumer.LoggingConsumer - [118] [CancelOrder](sbeTemplateId=5|sbeSchemaId=2|sbeSchemaVersion=0|sbeBlockLength=8):orderId=15
14:23:23.761 [main] INFO  c.orderbook.OrderBook - [ORDERBOOK] Cancelling order (id=:15)
14:23:23.761 [main] INFO  c.o.visitor.CancelOrderVisitor - [ORDERBOOK] Cancelling order: Limit(side=BUY,orderId=15,price=98,quantity=819200)
14:23:23.761 [main] DEBUG c.o.v.ReadOnlyMarketDataChannelPublishVisitor - Bid Side Size: 3
14:23:23.761 [main] DEBUG c.o.v.ReadOnlyMarketDataChannelPublishVisitor - Adding Mkt Data Msg BID: Price=98 Qty=3518437207244900
14:23:23.761 [main] DEBUG c.o.v.ReadOnlyMarketDataChannelPublishVisitor - Adding Mkt Data Msg BID: Price=95 Qty=200
14:23:23.761 [main] DEBUG c.o.v.ReadOnlyMarketDataChannelPublishVisitor - Adding Mkt Data Msg BID: Price=91 Qty=300
14:23:23.761 [main] DEBUG c.o.v.ReadOnlyMarketDataChannelPublishVisitor - Ask Side Size: 4
14:23:23.761 [main] DEBUG c.o.v.ReadOnlyMarketDataChannelPublishVisitor - Adding Mkt Data Msg ASK: Price=100 Qty=101
14:23:23.761 [main] DEBUG c.o.v.ReadOnlyMarketDataChannelPublishVisitor - Adding Mkt Data Msg ASK: Price=110 Qty=200
14:23:23.761 [main] DEBUG c.o.v.ReadOnlyMarketDataChannelPublishVisitor - Adding Mkt Data Msg ASK: Price=115 Qty=5000
14:23:23.761 [main] DEBUG c.o.v.ReadOnlyMarketDataChannelPublishVisitor - Adding Mkt Data Msg ASK: Price=119 Qty=5600
14:23:23.762 [main] INFO  c.o.channel.MarketDataChannel - [ORDERBOOK] Sending market data update...
14:23:23.762 [main] INFO  c.sequencer.consumer.LoggingConsumer - [119] 
|----BID-----|
3518437207244900 @ 98
    200 @ 95
    300 @ 91
|----ASK-----|
   101 @ 100
   200 @ 110
  5000 @ 115
  5600 @ 119

14:23:23.762 [main] DEBUG c.service.MarketDataService - [ALGO] BID: price:98 quantity:3518437207244900
14:23:23.762 [main] DEBUG c.service.MarketDataService - [ALGO] BID: price:95 quantity:200
14:23:23.762 [main] DEBUG c.service.MarketDataService - [ALGO] BID: price:91 quantity:300
14:23:23.762 [main] DEBUG c.service.MarketDataService - [ALGO] ASK: price:100 quantity:101
14:23:23.762 [main] DEBUG c.service.MarketDataService - [ALGO] ASK: price:110 quantity:200
14:23:23.762 [main] DEBUG c.service.MarketDataService - [ALGO] ASK: price:115 quantity:5000
14:23:23.762 [main] DEBUG c.service.MarketDataService - [ALGO] ASK: price:119 quantity:5600
14:23:23.763 [main] INFO  c.gettingstarted.MyAlgoLogic - [MYALGO] The state of the order book is:
|----BID-----||----ASK----|
3518437207244900 @ 98   101 @ 100
    200 @ 95   200 @ 110
    300 @ 91  5000 @ 115
          -   5600 @ 119
|------------||-----------|

14:23:23.763 [main] INFO  c.gettingstarted.MyAlgoLogic - [MYALGO] Algo Sees SheZa
14:23:23.763 [main] INFO  c.gettingstarted.MyAlgoLogic - [MYALGO] Algo Sees Book as:
|----BID-----||----ASK----|
3518437207244900 @ 98   101 @ 100
    200 @ 95   200 @ 110
    300 @ 91  5000 @ 115
          -   5600 @ 119
|------------||-----------|

14:23:23.763 [main] INFO  c.gettingstarted.MyAlgoLogic - [MYALGO] active orders are 31
14:23:23.763 [main] INFO  c.gettingstarted.MyAlgoLogic - [MYALGO] Cancelling order:codingblackfemales.sotw.ChildOrder@707194ba
14:23:23.763 [main] INFO  c.gettingstarted.MyAlgoLogic - [MYALGO] option is present, number of active orders are 31
14:23:23.763 [main] INFO  c.container.Actioner - [ALGO] Actioner, sending action:CancelChildOrder(codingblackfemales.sotw.ChildOrder@707194ba)
14:23:23.763 [main] INFO  c.sequencer.consumer.LoggingConsumer - [120] [CancelOrder](sbeTemplateId=5|sbeSchemaId=2|sbeSchemaVersion=0|sbeBlockLength=8):orderId=16
14:23:23.763 [main] INFO  c.orderbook.OrderBook - [ORDERBOOK] Cancelling order (id=:16)
14:23:23.763 [main] INFO  c.o.visitor.CancelOrderVisitor - [ORDERBOOK] Cancelling order: Limit(side=BUY,orderId=16,price=98,quantity=1638400)
14:23:23.763 [main] DEBUG c.o.v.ReadOnlyMarketDataChannelPublishVisitor - Bid Side Size: 3
14:23:23.763 [main] DEBUG c.o.v.ReadOnlyMarketDataChannelPublishVisitor - Adding Mkt Data Msg BID: Price=98 Qty=3518437205606500
14:23:23.763 [main] DEBUG c.o.v.ReadOnlyMarketDataChannelPublishVisitor - Adding Mkt Data Msg BID: Price=95 Qty=200
14:23:23.763 [main] DEBUG c.o.v.ReadOnlyMarketDataChannelPublishVisitor - Adding Mkt Data Msg BID: Price=91 Qty=300
14:23:23.763 [main] DEBUG c.o.v.ReadOnlyMarketDataChannelPublishVisitor - Ask Side Size: 4
14:23:23.763 [main] DEBUG c.o.v.ReadOnlyMarketDataChannelPublishVisitor - Adding Mkt Data Msg ASK: Price=100 Qty=101
14:23:23.763 [main] DEBUG c.o.v.ReadOnlyMarketDataChannelPublishVisitor - Adding Mkt Data Msg ASK: Price=110 Qty=200
14:23:23.763 [main] DEBUG c.o.v.ReadOnlyMarketDataChannelPublishVisitor - Adding Mkt Data Msg ASK: Price=115 Qty=5000
14:23:23.763 [main] DEBUG c.o.v.ReadOnlyMarketDataChannelPublishVisitor - Adding Mkt Data Msg ASK: Price=119 Qty=5600
14:23:23.763 [main] INFO  c.o.channel.MarketDataChannel - [ORDERBOOK] Sending market data update...
14:23:23.763 [main] INFO  c.sequencer.consumer.LoggingConsumer - [121] 
|----BID-----|
3518437205606500 @ 98
    200 @ 95
    300 @ 91
|----ASK-----|
   101 @ 100
   200 @ 110
  5000 @ 115
  5600 @ 119

14:23:23.763 [main] DEBUG c.service.MarketDataService - [ALGO] BID: price:98 quantity:3518437205606500
14:23:23.763 [main] DEBUG c.service.MarketDataService - [ALGO] BID: price:95 quantity:200
14:23:23.763 [main] DEBUG c.service.MarketDataService - [ALGO] BID: price:91 quantity:300
14:23:23.763 [main] DEBUG c.service.MarketDataService - [ALGO] ASK: price:100 quantity:101
14:23:23.763 [main] DEBUG c.service.MarketDataService - [ALGO] ASK: price:110 quantity:200
14:23:23.763 [main] DEBUG c.service.MarketDataService - [ALGO] ASK: price:115 quantity:5000
14:23:23.763 [main] DEBUG c.service.MarketDataService - [ALGO] ASK: price:119 quantity:5600
14:23:23.764 [main] INFO  c.gettingstarted.MyAlgoLogic - [MYALGO] The state of the order book is:
|----BID-----||----ASK----|
3518437205606500 @ 98   101 @ 100
    200 @ 95   200 @ 110
    300 @ 91  5000 @ 115
          -   5600 @ 119
|------------||-----------|

14:23:23.764 [main] INFO  c.gettingstarted.MyAlgoLogic - [MYALGO] Algo Sees SheZa
14:23:23.764 [main] INFO  c.gettingstarted.MyAlgoLogic - [MYALGO] Algo Sees Book as:
|----BID-----||----ASK----|
3518437205606500 @ 98   101 @ 100
    200 @ 95   200 @ 110
    300 @ 91  5000 @ 115
          -   5600 @ 119
|------------||-----------|

14:23:23.764 [main] INFO  c.gettingstarted.MyAlgoLogic - [MYALGO] active orders are 30
14:23:23.764 [main] INFO  c.gettingstarted.MyAlgoLogic - [MYALGO] Cancelling order:codingblackfemales.sotw.ChildOrder@1190200a
14:23:23.764 [main] INFO  c.gettingstarted.MyAlgoLogic - [MYALGO] option is present, number of active orders are 30
14:23:23.764 [main] INFO  c.container.Actioner - [ALGO] Actioner, sending action:CancelChildOrder(codingblackfemales.sotw.ChildOrder@1190200a)
14:23:23.764 [main] INFO  c.sequencer.consumer.LoggingConsumer - [122] [CancelOrder](sbeTemplateId=5|sbeSchemaId=2|sbeSchemaVersion=0|sbeBlockLength=8):orderId=17
14:23:23.764 [main] INFO  c.orderbook.OrderBook - [ORDERBOOK] Cancelling order (id=:17)
14:23:23.764 [main] INFO  c.o.visitor.CancelOrderVisitor - [ORDERBOOK] Cancelling order: Limit(side=BUY,orderId=17,price=98,quantity=3276800)
14:23:23.764 [main] DEBUG c.o.v.ReadOnlyMarketDataChannelPublishVisitor - Bid Side Size: 3
14:23:23.765 [main] DEBUG c.o.v.ReadOnlyMarketDataChannelPublishVisitor - Adding Mkt Data Msg BID: Price=98 Qty=3518437202329700
14:23:23.765 [main] DEBUG c.o.v.ReadOnlyMarketDataChannelPublishVisitor - Adding Mkt Data Msg BID: Price=95 Qty=200
14:23:23.765 [main] DEBUG c.o.v.ReadOnlyMarketDataChannelPublishVisitor - Adding Mkt Data Msg BID: Price=91 Qty=300
14:23:23.765 [main] DEBUG c.o.v.ReadOnlyMarketDataChannelPublishVisitor - Ask Side Size: 4
14:23:23.765 [main] DEBUG c.o.v.ReadOnlyMarketDataChannelPublishVisitor - Adding Mkt Data Msg ASK: Price=100 Qty=101
14:23:23.765 [main] DEBUG c.o.v.ReadOnlyMarketDataChannelPublishVisitor - Adding Mkt Data Msg ASK: Price=110 Qty=200
14:23:23.765 [main] DEBUG c.o.v.ReadOnlyMarketDataChannelPublishVisitor - Adding Mkt Data Msg ASK: Price=115 Qty=5000
14:23:23.765 [main] DEBUG c.o.v.ReadOnlyMarketDataChannelPublishVisitor - Adding Mkt Data Msg ASK: Price=119 Qty=5600
14:23:23.765 [main] INFO  c.o.channel.MarketDataChannel - [ORDERBOOK] Sending market data update...
14:23:23.766 [main] INFO  c.sequencer.consumer.LoggingConsumer - [123] 
|----BID-----|
3518437202329700 @ 98
    200 @ 95
    300 @ 91
|----ASK-----|
   101 @ 100
   200 @ 110
  5000 @ 115
  5600 @ 119

14:23:23.766 [main] DEBUG c.service.MarketDataService - [ALGO] BID: price:98 quantity:3518437202329700
14:23:23.766 [main] DEBUG c.service.MarketDataService - [ALGO] BID: price:95 quantity:200
14:23:23.766 [main] DEBUG c.service.MarketDataService - [ALGO] BID: price:91 quantity:300
14:23:23.766 [main] DEBUG c.service.MarketDataService - [ALGO] ASK: price:100 quantity:101
14:23:23.766 [main] DEBUG c.service.MarketDataService - [ALGO] ASK: price:110 quantity:200
14:23:23.766 [main] DEBUG c.service.MarketDataService - [ALGO] ASK: price:115 quantity:5000
14:23:23.766 [main] DEBUG c.service.MarketDataService - [ALGO] ASK: price:119 quantity:5600
14:23:23.766 [main] INFO  c.gettingstarted.MyAlgoLogic - [MYALGO] The state of the order book is:
|----BID-----||----ASK----|
3518437202329700 @ 98   101 @ 100
    200 @ 95   200 @ 110
    300 @ 91  5000 @ 115
          -   5600 @ 119
|------------||-----------|

14:23:23.766 [main] INFO  c.gettingstarted.MyAlgoLogic - [MYALGO] Algo Sees SheZa
14:23:23.766 [main] INFO  c.gettingstarted.MyAlgoLogic - [MYALGO] Algo Sees Book as:
|----BID-----||----ASK----|
3518437202329700 @ 98   101 @ 100
    200 @ 95   200 @ 110
    300 @ 91  5000 @ 115
          -   5600 @ 119
|------------||-----------|

14:23:23.766 [main] INFO  c.gettingstarted.MyAlgoLogic - [MYALGO] active orders are 29
14:23:23.766 [main] INFO  c.gettingstarted.MyAlgoLogic - [MYALGO] Cancelling order:codingblackfemales.sotw.ChildOrder@6a2f6f80
14:23:23.766 [main] INFO  c.gettingstarted.MyAlgoLogic - [MYALGO] option is present, number of active orders are 29
14:23:23.766 [main] INFO  c.container.Actioner - [ALGO] Actioner, sending action:CancelChildOrder(codingblackfemales.sotw.ChildOrder@6a2f6f80)
14:23:23.766 [main] INFO  c.sequencer.consumer.LoggingConsumer - [124] [CancelOrder](sbeTemplateId=5|sbeSchemaId=2|sbeSchemaVersion=0|sbeBlockLength=8):orderId=18
14:23:23.766 [main] INFO  c.orderbook.OrderBook - [ORDERBOOK] Cancelling order (id=:18)
14:23:23.766 [main] INFO  c.o.visitor.CancelOrderVisitor - [ORDERBOOK] Cancelling order: Limit(side=BUY,orderId=18,price=98,quantity=6553600)
14:23:23.767 [main] DEBUG c.o.v.ReadOnlyMarketDataChannelPublishVisitor - Bid Side Size: 3
14:23:23.767 [main] DEBUG c.o.v.ReadOnlyMarketDataChannelPublishVisitor - Adding Mkt Data Msg BID: Price=98 Qty=3518437195776100
14:23:23.767 [main] DEBUG c.o.v.ReadOnlyMarketDataChannelPublishVisitor - Adding Mkt Data Msg BID: Price=95 Qty=200
14:23:23.767 [main] DEBUG c.o.v.ReadOnlyMarketDataChannelPublishVisitor - Adding Mkt Data Msg BID: Price=91 Qty=300
14:23:23.767 [main] DEBUG c.o.v.ReadOnlyMarketDataChannelPublishVisitor - Ask Side Size: 4
14:23:23.767 [main] DEBUG c.o.v.ReadOnlyMarketDataChannelPublishVisitor - Adding Mkt Data Msg ASK: Price=100 Qty=101
14:23:23.767 [main] DEBUG c.o.v.ReadOnlyMarketDataChannelPublishVisitor - Adding Mkt Data Msg ASK: Price=110 Qty=200
14:23:23.767 [main] DEBUG c.o.v.ReadOnlyMarketDataChannelPublishVisitor - Adding Mkt Data Msg ASK: Price=115 Qty=5000
14:23:23.767 [main] DEBUG c.o.v.ReadOnlyMarketDataChannelPublishVisitor - Adding Mkt Data Msg ASK: Price=119 Qty=5600
14:23:23.767 [main] INFO  c.o.channel.MarketDataChannel - [ORDERBOOK] Sending market data update...
14:23:23.767 [main] INFO  c.sequencer.consumer.LoggingConsumer - [125] 
|----BID-----|
3518437195776100 @ 98
    200 @ 95
    300 @ 91
|----ASK-----|
   101 @ 100
   200 @ 110
  5000 @ 115
  5600 @ 119

14:23:23.767 [main] DEBUG c.service.MarketDataService - [ALGO] BID: price:98 quantity:3518437195776100
14:23:23.767 [main] DEBUG c.service.MarketDataService - [ALGO] BID: price:95 quantity:200
14:23:23.767 [main] DEBUG c.service.MarketDataService - [ALGO] BID: price:91 quantity:300
14:23:23.767 [main] DEBUG c.service.MarketDataService - [ALGO] ASK: price:100 quantity:101
14:23:23.767 [main] DEBUG c.service.MarketDataService - [ALGO] ASK: price:110 quantity:200
14:23:23.767 [main] DEBUG c.service.MarketDataService - [ALGO] ASK: price:115 quantity:5000
14:23:23.767 [main] DEBUG c.service.MarketDataService - [ALGO] ASK: price:119 quantity:5600
14:23:23.767 [main] INFO  c.gettingstarted.MyAlgoLogic - [MYALGO] The state of the order book is:
|----BID-----||----ASK----|
3518437195776100 @ 98   101 @ 100
    200 @ 95   200 @ 110
    300 @ 91  5000 @ 115
          -   5600 @ 119
|------------||-----------|

14:23:23.767 [main] INFO  c.gettingstarted.MyAlgoLogic - [MYALGO] Algo Sees SheZa
14:23:23.767 [main] INFO  c.gettingstarted.MyAlgoLogic - [MYALGO] Algo Sees Book as:
|----BID-----||----ASK----|
3518437195776100 @ 98   101 @ 100
    200 @ 95   200 @ 110
    300 @ 91  5000 @ 115
          -   5600 @ 119
|------------||-----------|

14:23:23.767 [main] INFO  c.gettingstarted.MyAlgoLogic - [MYALGO] active orders are 28
14:23:23.767 [main] INFO  c.gettingstarted.MyAlgoLogic - [MYALGO] Cancelling order:codingblackfemales.sotw.ChildOrder@45b4c3a9
14:23:23.767 [main] INFO  c.gettingstarted.MyAlgoLogic - [MYALGO] option is present, number of active orders are 28
14:23:23.767 [main] INFO  c.container.Actioner - [ALGO] Actioner, sending action:CancelChildOrder(codingblackfemales.sotw.ChildOrder@45b4c3a9)
14:23:23.767 [main] INFO  c.sequencer.consumer.LoggingConsumer - [126] [CancelOrder](sbeTemplateId=5|sbeSchemaId=2|sbeSchemaVersion=0|sbeBlockLength=8):orderId=19
14:23:23.767 [main] INFO  c.orderbook.OrderBook - [ORDERBOOK] Cancelling order (id=:19)
14:23:23.767 [main] INFO  c.o.visitor.CancelOrderVisitor - [ORDERBOOK] Cancelling order: Limit(side=BUY,orderId=19,price=98,quantity=13107200)
14:23:23.767 [main] DEBUG c.o.v.ReadOnlyMarketDataChannelPublishVisitor - Bid Side Size: 3
14:23:23.767 [main] DEBUG c.o.v.ReadOnlyMarketDataChannelPublishVisitor - Adding Mkt Data Msg BID: Price=98 Qty=3518437182668900
14:23:23.767 [main] DEBUG c.o.v.ReadOnlyMarketDataChannelPublishVisitor - Adding Mkt Data Msg BID: Price=95 Qty=200
14:23:23.767 [main] DEBUG c.o.v.ReadOnlyMarketDataChannelPublishVisitor - Adding Mkt Data Msg BID: Price=91 Qty=300
14:23:23.767 [main] DEBUG c.o.v.ReadOnlyMarketDataChannelPublishVisitor - Ask Side Size: 4
14:23:23.767 [main] DEBUG c.o.v.ReadOnlyMarketDataChannelPublishVisitor - Adding Mkt Data Msg ASK: Price=100 Qty=101
14:23:23.767 [main] DEBUG c.o.v.ReadOnlyMarketDataChannelPublishVisitor - Adding Mkt Data Msg ASK: Price=110 Qty=200
14:23:23.767 [main] DEBUG c.o.v.ReadOnlyMarketDataChannelPublishVisitor - Adding Mkt Data Msg ASK: Price=115 Qty=5000
14:23:23.767 [main] DEBUG c.o.v.ReadOnlyMarketDataChannelPublishVisitor - Adding Mkt Data Msg ASK: Price=119 Qty=5600
14:23:23.767 [main] INFO  c.o.channel.MarketDataChannel - [ORDERBOOK] Sending market data update...
14:23:23.767 [main] INFO  c.sequencer.consumer.LoggingConsumer - [127] 
|----BID-----|
3518437182668900 @ 98
    200 @ 95
    300 @ 91
|----ASK-----|
   101 @ 100
   200 @ 110
  5000 @ 115
  5600 @ 119

14:23:23.767 [main] DEBUG c.service.MarketDataService - [ALGO] BID: price:98 quantity:3518437182668900
14:23:23.767 [main] DEBUG c.service.MarketDataService - [ALGO] BID: price:95 quantity:200
14:23:23.767 [main] DEBUG c.service.MarketDataService - [ALGO] BID: price:91 quantity:300
14:23:23.767 [main] DEBUG c.service.MarketDataService - [ALGO] ASK: price:100 quantity:101
14:23:23.767 [main] DEBUG c.service.MarketDataService - [ALGO] ASK: price:110 quantity:200
14:23:23.767 [main] DEBUG c.service.MarketDataService - [ALGO] ASK: price:115 quantity:5000
14:23:23.767 [main] DEBUG c.service.MarketDataService - [ALGO] ASK: price:119 quantity:5600
14:23:23.767 [main] INFO  c.gettingstarted.MyAlgoLogic - [MYALGO] The state of the order book is:
|----BID-----||----ASK----|
3518437182668900 @ 98   101 @ 100
    200 @ 95   200 @ 110
    300 @ 91  5000 @ 115
          -   5600 @ 119
|------------||-----------|

14:23:23.767 [main] INFO  c.gettingstarted.MyAlgoLogic - [MYALGO] Algo Sees SheZa
14:23:23.767 [main] INFO  c.gettingstarted.MyAlgoLogic - [MYALGO] Algo Sees Book as:
|----BID-----||----ASK----|
3518437182668900 @ 98   101 @ 100
    200 @ 95   200 @ 110
    300 @ 91  5000 @ 115
          -   5600 @ 119
|------------||-----------|

14:23:23.774 [main] INFO  c.gettingstarted.MyAlgoLogic - [MYALGO] active orders are 27
14:23:23.774 [main] INFO  c.gettingstarted.MyAlgoLogic - [MYALGO] Cancelling order:codingblackfemales.sotw.ChildOrder@399c4be1
14:23:23.774 [main] INFO  c.gettingstarted.MyAlgoLogic - [MYALGO] option is present, number of active orders are 27
14:23:23.774 [main] INFO  c.container.Actioner - [ALGO] Actioner, sending action:CancelChildOrder(codingblackfemales.sotw.ChildOrder@399c4be1)
14:23:23.775 [main] INFO  c.sequencer.consumer.LoggingConsumer - [128] [CancelOrder](sbeTemplateId=5|sbeSchemaId=2|sbeSchemaVersion=0|sbeBlockLength=8):orderId=20
14:23:23.775 [main] INFO  c.orderbook.OrderBook - [ORDERBOOK] Cancelling order (id=:20)
14:23:23.775 [main] INFO  c.o.visitor.CancelOrderVisitor - [ORDERBOOK] Cancelling order: Limit(side=BUY,orderId=20,price=98,quantity=26214400)
14:23:23.775 [main] DEBUG c.o.v.ReadOnlyMarketDataChannelPublishVisitor - Bid Side Size: 3
14:23:23.775 [main] DEBUG c.o.v.ReadOnlyMarketDataChannelPublishVisitor - Adding Mkt Data Msg BID: Price=98 Qty=3518437156454500
14:23:23.775 [main] DEBUG c.o.v.ReadOnlyMarketDataChannelPublishVisitor - Adding Mkt Data Msg BID: Price=95 Qty=200
14:23:23.775 [main] DEBUG c.o.v.ReadOnlyMarketDataChannelPublishVisitor - Adding Mkt Data Msg BID: Price=91 Qty=300
14:23:23.775 [main] DEBUG c.o.v.ReadOnlyMarketDataChannelPublishVisitor - Ask Side Size: 4
14:23:23.775 [main] DEBUG c.o.v.ReadOnlyMarketDataChannelPublishVisitor - Adding Mkt Data Msg ASK: Price=100 Qty=101
14:23:23.775 [main] DEBUG c.o.v.ReadOnlyMarketDataChannelPublishVisitor - Adding Mkt Data Msg ASK: Price=110 Qty=200
14:23:23.775 [main] DEBUG c.o.v.ReadOnlyMarketDataChannelPublishVisitor - Adding Mkt Data Msg ASK: Price=115 Qty=5000
14:23:23.775 [main] DEBUG c.o.v.ReadOnlyMarketDataChannelPublishVisitor - Adding Mkt Data Msg ASK: Price=119 Qty=5600
14:23:23.775 [main] INFO  c.o.channel.MarketDataChannel - [ORDERBOOK] Sending market data update...
14:23:23.775 [main] INFO  c.sequencer.consumer.LoggingConsumer - [129] 
|----BID-----|
3518437156454500 @ 98
    200 @ 95
    300 @ 91
|----ASK-----|
   101 @ 100
   200 @ 110
  5000 @ 115
  5600 @ 119

14:23:23.775 [main] DEBUG c.service.MarketDataService - [ALGO] BID: price:98 quantity:3518437156454500
14:23:23.775 [main] DEBUG c.service.MarketDataService - [ALGO] BID: price:95 quantity:200
14:23:23.775 [main] DEBUG c.service.MarketDataService - [ALGO] BID: price:91 quantity:300
14:23:23.775 [main] DEBUG c.service.MarketDataService - [ALGO] ASK: price:100 quantity:101
14:23:23.775 [main] DEBUG c.service.MarketDataService - [ALGO] ASK: price:110 quantity:200
14:23:23.775 [main] DEBUG c.service.MarketDataService - [ALGO] ASK: price:115 quantity:5000
14:23:23.775 [main] DEBUG c.service.MarketDataService - [ALGO] ASK: price:119 quantity:5600
14:23:23.775 [main] INFO  c.gettingstarted.MyAlgoLogic - [MYALGO] The state of the order book is:
|----BID-----||----ASK----|
3518437156454500 @ 98   101 @ 100
    200 @ 95   200 @ 110
    300 @ 91  5000 @ 115
          -   5600 @ 119
|------------||-----------|

14:23:23.775 [main] INFO  c.gettingstarted.MyAlgoLogic - [MYALGO] Algo Sees SheZa
14:23:23.775 [main] INFO  c.gettingstarted.MyAlgoLogic - [MYALGO] Algo Sees Book as:
|----BID-----||----ASK----|
3518437156454500 @ 98   101 @ 100
    200 @ 95   200 @ 110
    300 @ 91  5000 @ 115
          -   5600 @ 119
|------------||-----------|

14:23:23.775 [main] INFO  c.gettingstarted.MyAlgoLogic - [MYALGO] active orders are 26
14:23:23.775 [main] INFO  c.gettingstarted.MyAlgoLogic - [MYALGO] Cancelling order:codingblackfemales.sotw.ChildOrder@291caca8
14:23:23.775 [main] INFO  c.gettingstarted.MyAlgoLogic - [MYALGO] option is present, number of active orders are 26
14:23:23.775 [main] INFO  c.container.Actioner - [ALGO] Actioner, sending action:CancelChildOrder(codingblackfemales.sotw.ChildOrder@291caca8)
14:23:23.775 [main] INFO  c.sequencer.consumer.LoggingConsumer - [130] [CancelOrder](sbeTemplateId=5|sbeSchemaId=2|sbeSchemaVersion=0|sbeBlockLength=8):orderId=21
14:23:23.775 [main] INFO  c.orderbook.OrderBook - [ORDERBOOK] Cancelling order (id=:21)
14:23:23.775 [main] INFO  c.o.visitor.CancelOrderVisitor - [ORDERBOOK] Cancelling order: Limit(side=BUY,orderId=21,price=98,quantity=52428800)
14:23:23.775 [main] DEBUG c.o.v.ReadOnlyMarketDataChannelPublishVisitor - Bid Side Size: 3
14:23:23.775 [main] DEBUG c.o.v.ReadOnlyMarketDataChannelPublishVisitor - Adding Mkt Data Msg BID: Price=98 Qty=3518437104025700
14:23:23.775 [main] DEBUG c.o.v.ReadOnlyMarketDataChannelPublishVisitor - Adding Mkt Data Msg BID: Price=95 Qty=200
14:23:23.775 [main] DEBUG c.o.v.ReadOnlyMarketDataChannelPublishVisitor - Adding Mkt Data Msg BID: Price=91 Qty=300
14:23:23.775 [main] DEBUG c.o.v.ReadOnlyMarketDataChannelPublishVisitor - Ask Side Size: 4
14:23:23.775 [main] DEBUG c.o.v.ReadOnlyMarketDataChannelPublishVisitor - Adding Mkt Data Msg ASK: Price=100 Qty=101
14:23:23.775 [main] DEBUG c.o.v.ReadOnlyMarketDataChannelPublishVisitor - Adding Mkt Data Msg ASK: Price=110 Qty=200
14:23:23.775 [main] DEBUG c.o.v.ReadOnlyMarketDataChannelPublishVisitor - Adding Mkt Data Msg ASK: Price=115 Qty=5000
14:23:23.775 [main] DEBUG c.o.v.ReadOnlyMarketDataChannelPublishVisitor - Adding Mkt Data Msg ASK: Price=119 Qty=5600
14:23:23.775 [main] INFO  c.o.channel.MarketDataChannel - [ORDERBOOK] Sending market data update...
14:23:23.775 [main] INFO  c.sequencer.consumer.LoggingConsumer - [131] 
|----BID-----|
3518437104025700 @ 98
    200 @ 95
    300 @ 91
|----ASK-----|
   101 @ 100
   200 @ 110
  5000 @ 115
  5600 @ 119

14:23:23.775 [main] DEBUG c.service.MarketDataService - [ALGO] BID: price:98 quantity:3518437104025700
14:23:23.775 [main] DEBUG c.service.MarketDataService - [ALGO] BID: price:95 quantity:200
14:23:23.775 [main] DEBUG c.service.MarketDataService - [ALGO] BID: price:91 quantity:300
14:23:23.775 [main] DEBUG c.service.MarketDataService - [ALGO] ASK: price:100 quantity:101
14:23:23.775 [main] DEBUG c.service.MarketDataService - [ALGO] ASK: price:110 quantity:200
14:23:23.775 [main] DEBUG c.service.MarketDataService - [ALGO] ASK: price:115 quantity:5000
14:23:23.775 [main] DEBUG c.service.MarketDataService - [ALGO] ASK: price:119 quantity:5600
14:23:23.775 [main] INFO  c.gettingstarted.MyAlgoLogic - [MYALGO] The state of the order book is:
|----BID-----||----ASK----|
3518437104025700 @ 98   101 @ 100
    200 @ 95   200 @ 110
    300 @ 91  5000 @ 115
          -   5600 @ 119
|------------||-----------|

14:23:23.775 [main] INFO  c.gettingstarted.MyAlgoLogic - [MYALGO] Algo Sees SheZa
14:23:23.775 [main] INFO  c.gettingstarted.MyAlgoLogic - [MYALGO] Algo Sees Book as:
|----BID-----||----ASK----|
3518437104025700 @ 98   101 @ 100
    200 @ 95   200 @ 110
    300 @ 91  5000 @ 115
          -   5600 @ 119
|------------||-----------|

14:23:23.775 [main] INFO  c.gettingstarted.MyAlgoLogic - [MYALGO] active orders are 25
14:23:23.775 [main] INFO  c.gettingstarted.MyAlgoLogic - [MYALGO] Cancelling order:codingblackfemales.sotw.ChildOrder@385e9564
14:23:23.775 [main] INFO  c.gettingstarted.MyAlgoLogic - [MYALGO] option is present, number of active orders are 25
14:23:23.775 [main] INFO  c.container.Actioner - [ALGO] Actioner, sending action:CancelChildOrder(codingblackfemales.sotw.ChildOrder@385e9564)
14:23:23.775 [main] INFO  c.sequencer.consumer.LoggingConsumer - [132] [CancelOrder](sbeTemplateId=5|sbeSchemaId=2|sbeSchemaVersion=0|sbeBlockLength=8):orderId=22
14:23:23.775 [main] INFO  c.orderbook.OrderBook - [ORDERBOOK] Cancelling order (id=:22)
14:23:23.775 [main] INFO  c.o.visitor.CancelOrderVisitor - [ORDERBOOK] Cancelling order: Limit(side=BUY,orderId=22,price=98,quantity=104857600)
14:23:23.775 [main] DEBUG c.o.v.ReadOnlyMarketDataChannelPublishVisitor - Bid Side Size: 3
14:23:23.775 [main] DEBUG c.o.v.ReadOnlyMarketDataChannelPublishVisitor - Adding Mkt Data Msg BID: Price=98 Qty=3518436999168100
14:23:23.775 [main] DEBUG c.o.v.ReadOnlyMarketDataChannelPublishVisitor - Adding Mkt Data Msg BID: Price=95 Qty=200
14:23:23.775 [main] DEBUG c.o.v.ReadOnlyMarketDataChannelPublishVisitor - Adding Mkt Data Msg BID: Price=91 Qty=300
14:23:23.775 [main] DEBUG c.o.v.ReadOnlyMarketDataChannelPublishVisitor - Ask Side Size: 4
14:23:23.775 [main] DEBUG c.o.v.ReadOnlyMarketDataChannelPublishVisitor - Adding Mkt Data Msg ASK: Price=100 Qty=101
14:23:23.775 [main] DEBUG c.o.v.ReadOnlyMarketDataChannelPublishVisitor - Adding Mkt Data Msg ASK: Price=110 Qty=200
14:23:23.775 [main] DEBUG c.o.v.ReadOnlyMarketDataChannelPublishVisitor - Adding Mkt Data Msg ASK: Price=115 Qty=5000
14:23:23.775 [main] DEBUG c.o.v.ReadOnlyMarketDataChannelPublishVisitor - Adding Mkt Data Msg ASK: Price=119 Qty=5600
14:23:23.775 [main] INFO  c.o.channel.MarketDataChannel - [ORDERBOOK] Sending market data update...
14:23:23.775 [main] INFO  c.sequencer.consumer.LoggingConsumer - [133] 
|----BID-----|
3518436999168100 @ 98
    200 @ 95
    300 @ 91
|----ASK-----|
   101 @ 100
   200 @ 110
  5000 @ 115
  5600 @ 119

14:23:23.775 [main] DEBUG c.service.MarketDataService - [ALGO] BID: price:98 quantity:3518436999168100
14:23:23.775 [main] DEBUG c.service.MarketDataService - [ALGO] BID: price:95 quantity:200
14:23:23.775 [main] DEBUG c.service.MarketDataService - [ALGO] BID: price:91 quantity:300
14:23:23.775 [main] DEBUG c.service.MarketDataService - [ALGO] ASK: price:100 quantity:101
14:23:23.775 [main] DEBUG c.service.MarketDataService - [ALGO] ASK: price:110 quantity:200
14:23:23.775 [main] DEBUG c.service.MarketDataService - [ALGO] ASK: price:115 quantity:5000
14:23:23.775 [main] DEBUG c.service.MarketDataService - [ALGO] ASK: price:119 quantity:5600
14:23:23.775 [main] INFO  c.gettingstarted.MyAlgoLogic - [MYALGO] The state of the order book is:
|----BID-----||----ASK----|
3518436999168100 @ 98   101 @ 100
    200 @ 95   200 @ 110
    300 @ 91  5000 @ 115
          -   5600 @ 119
|------------||-----------|

14:23:23.775 [main] INFO  c.gettingstarted.MyAlgoLogic - [MYALGO] Algo Sees SheZa
14:23:23.775 [main] INFO  c.gettingstarted.MyAlgoLogic - [MYALGO] Algo Sees Book as:
|----BID-----||----ASK----|
3518436999168100 @ 98   101 @ 100
    200 @ 95   200 @ 110
    300 @ 91  5000 @ 115
          -   5600 @ 119
|------------||-----------|

14:23:23.775 [main] INFO  c.gettingstarted.MyAlgoLogic - [MYALGO] active orders are 24
14:23:23.775 [main] INFO  c.gettingstarted.MyAlgoLogic - [MYALGO] Cancelling order:codingblackfemales.sotw.ChildOrder@5b94b04d
14:23:23.775 [main] INFO  c.gettingstarted.MyAlgoLogic - [MYALGO] option is present, number of active orders are 24
14:23:23.775 [main] INFO  c.container.Actioner - [ALGO] Actioner, sending action:CancelChildOrder(codingblackfemales.sotw.ChildOrder@5b94b04d)
14:23:23.775 [main] INFO  c.sequencer.consumer.LoggingConsumer - [134] [CancelOrder](sbeTemplateId=5|sbeSchemaId=2|sbeSchemaVersion=0|sbeBlockLength=8):orderId=23
14:23:23.775 [main] INFO  c.orderbook.OrderBook - [ORDERBOOK] Cancelling order (id=:23)
14:23:23.775 [main] INFO  c.o.visitor.CancelOrderVisitor - [ORDERBOOK] Cancelling order: Limit(side=BUY,orderId=23,price=98,quantity=209715200)
14:23:23.775 [main] DEBUG c.o.v.ReadOnlyMarketDataChannelPublishVisitor - Bid Side Size: 3
14:23:23.775 [main] DEBUG c.o.v.ReadOnlyMarketDataChannelPublishVisitor - Adding Mkt Data Msg BID: Price=98 Qty=3518436789452900
14:23:23.775 [main] DEBUG c.o.v.ReadOnlyMarketDataChannelPublishVisitor - Adding Mkt Data Msg BID: Price=95 Qty=200
14:23:23.775 [main] DEBUG c.o.v.ReadOnlyMarketDataChannelPublishVisitor - Adding Mkt Data Msg BID: Price=91 Qty=300
14:23:23.775 [main] DEBUG c.o.v.ReadOnlyMarketDataChannelPublishVisitor - Ask Side Size: 4
14:23:23.775 [main] DEBUG c.o.v.ReadOnlyMarketDataChannelPublishVisitor - Adding Mkt Data Msg ASK: Price=100 Qty=101
14:23:23.775 [main] DEBUG c.o.v.ReadOnlyMarketDataChannelPublishVisitor - Adding Mkt Data Msg ASK: Price=110 Qty=200
14:23:23.775 [main] DEBUG c.o.v.ReadOnlyMarketDataChannelPublishVisitor - Adding Mkt Data Msg ASK: Price=115 Qty=5000
14:23:23.775 [main] DEBUG c.o.v.ReadOnlyMarketDataChannelPublishVisitor - Adding Mkt Data Msg ASK: Price=119 Qty=5600
14:23:23.775 [main] INFO  c.o.channel.MarketDataChannel - [ORDERBOOK] Sending market data update...
14:23:23.775 [main] INFO  c.sequencer.consumer.LoggingConsumer - [135] 
|----BID-----|
3518436789452900 @ 98
    200 @ 95
    300 @ 91
|----ASK-----|
   101 @ 100
   200 @ 110
  5000 @ 115
  5600 @ 119

14:23:23.775 [main] DEBUG c.service.MarketDataService - [ALGO] BID: price:98 quantity:3518436789452900
14:23:23.775 [main] DEBUG c.service.MarketDataService - [ALGO] BID: price:95 quantity:200
14:23:23.775 [main] DEBUG c.service.MarketDataService - [ALGO] BID: price:91 quantity:300
14:23:23.775 [main] DEBUG c.service.MarketDataService - [ALGO] ASK: price:100 quantity:101
14:23:23.775 [main] DEBUG c.service.MarketDataService - [ALGO] ASK: price:110 quantity:200
14:23:23.775 [main] DEBUG c.service.MarketDataService - [ALGO] ASK: price:115 quantity:5000
14:23:23.775 [main] DEBUG c.service.MarketDataService - [ALGO] ASK: price:119 quantity:5600
14:23:23.775 [main] INFO  c.gettingstarted.MyAlgoLogic - [MYALGO] The state of the order book is:
|----BID-----||----ASK----|
3518436789452900 @ 98   101 @ 100
    200 @ 95   200 @ 110
    300 @ 91  5000 @ 115
          -   5600 @ 119
|------------||-----------|

14:23:23.775 [main] INFO  c.gettingstarted.MyAlgoLogic - [MYALGO] Algo Sees SheZa
14:23:23.775 [main] INFO  c.gettingstarted.MyAlgoLogic - [MYALGO] Algo Sees Book as:
|----BID-----||----ASK----|
3518436789452900 @ 98   101 @ 100
    200 @ 95   200 @ 110
    300 @ 91  5000 @ 115
          -   5600 @ 119
|------------||-----------|

14:23:23.775 [main] INFO  c.gettingstarted.MyAlgoLogic - [MYALGO] active orders are 23
14:23:23.775 [main] INFO  c.gettingstarted.MyAlgoLogic - [MYALGO] Cancelling order:codingblackfemales.sotw.ChildOrder@8c3b9d
14:23:23.775 [main] INFO  c.gettingstarted.MyAlgoLogic - [MYALGO] option is present, number of active orders are 23
14:23:23.775 [main] INFO  c.container.Actioner - [ALGO] Actioner, sending action:CancelChildOrder(codingblackfemales.sotw.ChildOrder@8c3b9d)
14:23:23.775 [main] INFO  c.sequencer.consumer.LoggingConsumer - [136] [CancelOrder](sbeTemplateId=5|sbeSchemaId=2|sbeSchemaVersion=0|sbeBlockLength=8):orderId=24
14:23:23.775 [main] INFO  c.orderbook.OrderBook - [ORDERBOOK] Cancelling order (id=:24)
14:23:23.775 [main] INFO  c.o.visitor.CancelOrderVisitor - [ORDERBOOK] Cancelling order: Limit(side=BUY,orderId=24,price=98,quantity=419430400)
14:23:23.775 [main] DEBUG c.o.v.ReadOnlyMarketDataChannelPublishVisitor - Bid Side Size: 3
14:23:23.775 [main] DEBUG c.o.v.ReadOnlyMarketDataChannelPublishVisitor - Adding Mkt Data Msg BID: Price=98 Qty=3518436370022500
14:23:23.775 [main] DEBUG c.o.v.ReadOnlyMarketDataChannelPublishVisitor - Adding Mkt Data Msg BID: Price=95 Qty=200
14:23:23.775 [main] DEBUG c.o.v.ReadOnlyMarketDataChannelPublishVisitor - Adding Mkt Data Msg BID: Price=91 Qty=300
14:23:23.775 [main] DEBUG c.o.v.ReadOnlyMarketDataChannelPublishVisitor - Ask Side Size: 4
14:23:23.775 [main] DEBUG c.o.v.ReadOnlyMarketDataChannelPublishVisitor - Adding Mkt Data Msg ASK: Price=100 Qty=101
14:23:23.775 [main] DEBUG c.o.v.ReadOnlyMarketDataChannelPublishVisitor - Adding Mkt Data Msg ASK: Price=110 Qty=200
14:23:23.775 [main] DEBUG c.o.v.ReadOnlyMarketDataChannelPublishVisitor - Adding Mkt Data Msg ASK: Price=115 Qty=5000
14:23:23.775 [main] DEBUG c.o.v.ReadOnlyMarketDataChannelPublishVisitor - Adding Mkt Data Msg ASK: Price=119 Qty=5600
14:23:23.775 [main] INFO  c.o.channel.MarketDataChannel - [ORDERBOOK] Sending market data update...
14:23:23.775 [main] INFO  c.sequencer.consumer.LoggingConsumer - [137] 
|----BID-----|
3518436370022500 @ 98
    200 @ 95
    300 @ 91
|----ASK-----|
   101 @ 100
   200 @ 110
  5000 @ 115
  5600 @ 119

14:23:23.775 [main] DEBUG c.service.MarketDataService - [ALGO] BID: price:98 quantity:3518436370022500
14:23:23.775 [main] DEBUG c.service.MarketDataService - [ALGO] BID: price:95 quantity:200
14:23:23.775 [main] DEBUG c.service.MarketDataService - [ALGO] BID: price:91 quantity:300
14:23:23.775 [main] DEBUG c.service.MarketDataService - [ALGO] ASK: price:100 quantity:101
14:23:23.775 [main] DEBUG c.service.MarketDataService - [ALGO] ASK: price:110 quantity:200
14:23:23.775 [main] DEBUG c.service.MarketDataService - [ALGO] ASK: price:115 quantity:5000
14:23:23.775 [main] DEBUG c.service.MarketDataService - [ALGO] ASK: price:119 quantity:5600
14:23:23.775 [main] INFO  c.gettingstarted.MyAlgoLogic - [MYALGO] The state of the order book is:
|----BID-----||----ASK----|
3518436370022500 @ 98   101 @ 100
    200 @ 95   200 @ 110
    300 @ 91  5000 @ 115
          -   5600 @ 119
|------------||-----------|

14:23:23.775 [main] INFO  c.gettingstarted.MyAlgoLogic - [MYALGO] Algo Sees SheZa
14:23:23.775 [main] INFO  c.gettingstarted.MyAlgoLogic - [MYALGO] Algo Sees Book as:
|----BID-----||----ASK----|
3518436370022500 @ 98   101 @ 100
    200 @ 95   200 @ 110
    300 @ 91  5000 @ 115
          -   5600 @ 119
|------------||-----------|

14:23:23.775 [main] INFO  c.gettingstarted.MyAlgoLogic - [MYALGO] active orders are 22
14:23:23.775 [main] INFO  c.gettingstarted.MyAlgoLogic - [MYALGO] Cancelling order:codingblackfemales.sotw.ChildOrder@4c39bec8
14:23:23.775 [main] INFO  c.gettingstarted.MyAlgoLogic - [MYALGO] option is present, number of active orders are 22
14:23:23.775 [main] INFO  c.container.Actioner - [ALGO] Actioner, sending action:CancelChildOrder(codingblackfemales.sotw.ChildOrder@4c39bec8)
14:23:23.775 [main] INFO  c.sequencer.consumer.LoggingConsumer - [138] [CancelOrder](sbeTemplateId=5|sbeSchemaId=2|sbeSchemaVersion=0|sbeBlockLength=8):orderId=25
14:23:23.775 [main] INFO  c.orderbook.OrderBook - [ORDERBOOK] Cancelling order (id=:25)
14:23:23.775 [main] INFO  c.o.visitor.CancelOrderVisitor - [ORDERBOOK] Cancelling order: Limit(side=BUY,orderId=25,price=98,quantity=838860800)
14:23:23.775 [main] DEBUG c.o.v.ReadOnlyMarketDataChannelPublishVisitor - Bid Side Size: 3
14:23:23.775 [main] DEBUG c.o.v.ReadOnlyMarketDataChannelPublishVisitor - Adding Mkt Data Msg BID: Price=98 Qty=3518435531161700
14:23:23.775 [main] DEBUG c.o.v.ReadOnlyMarketDataChannelPublishVisitor - Adding Mkt Data Msg BID: Price=95 Qty=200
14:23:23.775 [main] DEBUG c.o.v.ReadOnlyMarketDataChannelPublishVisitor - Adding Mkt Data Msg BID: Price=91 Qty=300
14:23:23.775 [main] DEBUG c.o.v.ReadOnlyMarketDataChannelPublishVisitor - Ask Side Size: 4
14:23:23.775 [main] DEBUG c.o.v.ReadOnlyMarketDataChannelPublishVisitor - Adding Mkt Data Msg ASK: Price=100 Qty=101
14:23:23.775 [main] DEBUG c.o.v.ReadOnlyMarketDataChannelPublishVisitor - Adding Mkt Data Msg ASK: Price=110 Qty=200
14:23:23.775 [main] DEBUG c.o.v.ReadOnlyMarketDataChannelPublishVisitor - Adding Mkt Data Msg ASK: Price=115 Qty=5000
14:23:23.775 [main] DEBUG c.o.v.ReadOnlyMarketDataChannelPublishVisitor - Adding Mkt Data Msg ASK: Price=119 Qty=5600
14:23:23.775 [main] INFO  c.o.channel.MarketDataChannel - [ORDERBOOK] Sending market data update...
14:23:23.775 [main] INFO  c.sequencer.consumer.LoggingConsumer - [139] 
|----BID-----|
3518435531161700 @ 98
    200 @ 95
    300 @ 91
|----ASK-----|
   101 @ 100
   200 @ 110
  5000 @ 115
  5600 @ 119

14:23:23.775 [main] DEBUG c.service.MarketDataService - [ALGO] BID: price:98 quantity:3518435531161700
14:23:23.775 [main] DEBUG c.service.MarketDataService - [ALGO] BID: price:95 quantity:200
14:23:23.775 [main] DEBUG c.service.MarketDataService - [ALGO] BID: price:91 quantity:300
14:23:23.775 [main] DEBUG c.service.MarketDataService - [ALGO] ASK: price:100 quantity:101
14:23:23.775 [main] DEBUG c.service.MarketDataService - [ALGO] ASK: price:110 quantity:200
14:23:23.775 [main] DEBUG c.service.MarketDataService - [ALGO] ASK: price:115 quantity:5000
14:23:23.775 [main] DEBUG c.service.MarketDataService - [ALGO] ASK: price:119 quantity:5600
14:23:23.775 [main] INFO  c.gettingstarted.MyAlgoLogic - [MYALGO] The state of the order book is:
|----BID-----||----ASK----|
3518435531161700 @ 98   101 @ 100
    200 @ 95   200 @ 110
    300 @ 91  5000 @ 115
          -   5600 @ 119
|------------||-----------|

14:23:23.775 [main] INFO  c.gettingstarted.MyAlgoLogic - [MYALGO] Algo Sees SheZa
14:23:23.775 [main] INFO  c.gettingstarted.MyAlgoLogic - [MYALGO] Algo Sees Book as:
|----BID-----||----ASK----|
3518435531161700 @ 98   101 @ 100
    200 @ 95   200 @ 110
    300 @ 91  5000 @ 115
          -   5600 @ 119
|------------||-----------|

14:23:23.775 [main] INFO  c.gettingstarted.MyAlgoLogic - [MYALGO] active orders are 21
14:23:23.775 [main] INFO  c.gettingstarted.MyAlgoLogic - [MYALGO] Cancelling order:codingblackfemales.sotw.ChildOrder@f79e
14:23:23.775 [main] INFO  c.gettingstarted.MyAlgoLogic - [MYALGO] option is present, number of active orders are 21
14:23:23.775 [main] INFO  c.container.Actioner - [ALGO] Actioner, sending action:CancelChildOrder(codingblackfemales.sotw.ChildOrder@f79e)
14:23:23.775 [main] INFO  c.sequencer.consumer.LoggingConsumer - [140] [CancelOrder](sbeTemplateId=5|sbeSchemaId=2|sbeSchemaVersion=0|sbeBlockLength=8):orderId=26
14:23:23.775 [main] INFO  c.orderbook.OrderBook - [ORDERBOOK] Cancelling order (id=:26)
14:23:23.775 [main] INFO  c.o.visitor.CancelOrderVisitor - [ORDERBOOK] Cancelling order: Limit(side=BUY,orderId=26,price=98,quantity=1677721600)
14:23:23.775 [main] DEBUG c.o.v.ReadOnlyMarketDataChannelPublishVisitor - Bid Side Size: 3
14:23:23.775 [main] DEBUG c.o.v.ReadOnlyMarketDataChannelPublishVisitor - Adding Mkt Data Msg BID: Price=98 Qty=3518433853440100
14:23:23.775 [main] DEBUG c.o.v.ReadOnlyMarketDataChannelPublishVisitor - Adding Mkt Data Msg BID: Price=95 Qty=200
14:23:23.775 [main] DEBUG c.o.v.ReadOnlyMarketDataChannelPublishVisitor - Adding Mkt Data Msg BID: Price=91 Qty=300
14:23:23.775 [main] DEBUG c.o.v.ReadOnlyMarketDataChannelPublishVisitor - Ask Side Size: 4
14:23:23.775 [main] DEBUG c.o.v.ReadOnlyMarketDataChannelPublishVisitor - Adding Mkt Data Msg ASK: Price=100 Qty=101
14:23:23.775 [main] DEBUG c.o.v.ReadOnlyMarketDataChannelPublishVisitor - Adding Mkt Data Msg ASK: Price=110 Qty=200
14:23:23.775 [main] DEBUG c.o.v.ReadOnlyMarketDataChannelPublishVisitor - Adding Mkt Data Msg ASK: Price=115 Qty=5000
14:23:23.775 [main] DEBUG c.o.v.ReadOnlyMarketDataChannelPublishVisitor - Adding Mkt Data Msg ASK: Price=119 Qty=5600
14:23:23.775 [main] INFO  c.o.channel.MarketDataChannel - [ORDERBOOK] Sending market data update...
14:23:23.775 [main] INFO  c.sequencer.consumer.LoggingConsumer - [141] 
|----BID-----|
3518433853440100 @ 98
    200 @ 95
    300 @ 91
|----ASK-----|
   101 @ 100
   200 @ 110
  5000 @ 115
  5600 @ 119

14:23:23.775 [main] DEBUG c.service.MarketDataService - [ALGO] BID: price:98 quantity:3518433853440100
14:23:23.775 [main] DEBUG c.service.MarketDataService - [ALGO] BID: price:95 quantity:200
14:23:23.775 [main] DEBUG c.service.MarketDataService - [ALGO] BID: price:91 quantity:300
14:23:23.775 [main] DEBUG c.service.MarketDataService - [ALGO] ASK: price:100 quantity:101
14:23:23.775 [main] DEBUG c.service.MarketDataService - [ALGO] ASK: price:110 quantity:200
14:23:23.775 [main] DEBUG c.service.MarketDataService - [ALGO] ASK: price:115 quantity:5000
14:23:23.775 [main] DEBUG c.service.MarketDataService - [ALGO] ASK: price:119 quantity:5600
14:23:23.775 [main] INFO  c.gettingstarted.MyAlgoLogic - [MYALGO] The state of the order book is:
|----BID-----||----ASK----|
3518433853440100 @ 98   101 @ 100
    200 @ 95   200 @ 110
    300 @ 91  5000 @ 115
          -   5600 @ 119
|------------||-----------|

14:23:23.775 [main] INFO  c.gettingstarted.MyAlgoLogic - [MYALGO] Algo Sees SheZa
14:23:23.775 [main] INFO  c.gettingstarted.MyAlgoLogic - [MYALGO] Algo Sees Book as:
|----BID-----||----ASK----|
3518433853440100 @ 98   101 @ 100
    200 @ 95   200 @ 110
    300 @ 91  5000 @ 115
          -   5600 @ 119
|------------||-----------|

14:23:23.775 [main] INFO  c.gettingstarted.MyAlgoLogic - [MYALGO] active orders are 20
14:23:23.775 [main] INFO  c.gettingstarted.MyAlgoLogic - [MYALGO] Cancelling order:codingblackfemales.sotw.ChildOrder@7ee8290b
14:23:23.775 [main] INFO  c.gettingstarted.MyAlgoLogic - [MYALGO] option is present, number of active orders are 20
14:23:23.775 [main] INFO  c.container.Actioner - [ALGO] Actioner, sending action:CancelChildOrder(codingblackfemales.sotw.ChildOrder@7ee8290b)
14:23:23.775 [main] INFO  c.sequencer.consumer.LoggingConsumer - [142] [CancelOrder](sbeTemplateId=5|sbeSchemaId=2|sbeSchemaVersion=0|sbeBlockLength=8):orderId=27
14:23:23.775 [main] INFO  c.orderbook.OrderBook - [ORDERBOOK] Cancelling order (id=:27)
14:23:23.775 [main] INFO  c.o.visitor.CancelOrderVisitor - [ORDERBOOK] Cancelling order: Limit(side=BUY,orderId=27,price=98,quantity=3355443200)
14:23:23.775 [main] DEBUG c.o.v.ReadOnlyMarketDataChannelPublishVisitor - Bid Side Size: 3
14:23:23.775 [main] DEBUG c.o.v.ReadOnlyMarketDataChannelPublishVisitor - Adding Mkt Data Msg BID: Price=98 Qty=3518430497996900
14:23:23.775 [main] DEBUG c.o.v.ReadOnlyMarketDataChannelPublishVisitor - Adding Mkt Data Msg BID: Price=95 Qty=200
14:23:23.775 [main] DEBUG c.o.v.ReadOnlyMarketDataChannelPublishVisitor - Adding Mkt Data Msg BID: Price=91 Qty=300
14:23:23.775 [main] DEBUG c.o.v.ReadOnlyMarketDataChannelPublishVisitor - Ask Side Size: 4
14:23:23.775 [main] DEBUG c.o.v.ReadOnlyMarketDataChannelPublishVisitor - Adding Mkt Data Msg ASK: Price=100 Qty=101
14:23:23.775 [main] DEBUG c.o.v.ReadOnlyMarketDataChannelPublishVisitor - Adding Mkt Data Msg ASK: Price=110 Qty=200
14:23:23.775 [main] DEBUG c.o.v.ReadOnlyMarketDataChannelPublishVisitor - Adding Mkt Data Msg ASK: Price=115 Qty=5000
14:23:23.775 [main] DEBUG c.o.v.ReadOnlyMarketDataChannelPublishVisitor - Adding Mkt Data Msg ASK: Price=119 Qty=5600
14:23:23.775 [main] INFO  c.o.channel.MarketDataChannel - [ORDERBOOK] Sending market data update...
14:23:23.775 [main] INFO  c.sequencer.consumer.LoggingConsumer - [143] 
|----BID-----|
3518430497996900 @ 98
    200 @ 95
    300 @ 91
|----ASK-----|
   101 @ 100
   200 @ 110
  5000 @ 115
  5600 @ 119

14:23:23.775 [main] DEBUG c.service.MarketDataService - [ALGO] BID: price:98 quantity:3518430497996900
14:23:23.775 [main] DEBUG c.service.MarketDataService - [ALGO] BID: price:95 quantity:200
14:23:23.775 [main] DEBUG c.service.MarketDataService - [ALGO] BID: price:91 quantity:300
14:23:23.775 [main] DEBUG c.service.MarketDataService - [ALGO] ASK: price:100 quantity:101
14:23:23.775 [main] DEBUG c.service.MarketDataService - [ALGO] ASK: price:110 quantity:200
14:23:23.775 [main] DEBUG c.service.MarketDataService - [ALGO] ASK: price:115 quantity:5000
14:23:23.775 [main] DEBUG c.service.MarketDataService - [ALGO] ASK: price:119 quantity:5600
14:23:23.775 [main] INFO  c.gettingstarted.MyAlgoLogic - [MYALGO] The state of the order book is:
|----BID-----||----ASK----|
3518430497996900 @ 98   101 @ 100
    200 @ 95   200 @ 110
    300 @ 91  5000 @ 115
          -   5600 @ 119
|------------||-----------|

14:23:23.775 [main] INFO  c.gettingstarted.MyAlgoLogic - [MYALGO] Algo Sees SheZa
14:23:23.775 [main] INFO  c.gettingstarted.MyAlgoLogic - [MYALGO] Algo Sees Book as:
|----BID-----||----ASK----|
3518430497996900 @ 98   101 @ 100
    200 @ 95   200 @ 110
    300 @ 91  5000 @ 115
          -   5600 @ 119
|------------||-----------|

14:23:23.775 [main] INFO  c.gettingstarted.MyAlgoLogic - [MYALGO] active orders are 19
14:23:23.775 [main] INFO  c.gettingstarted.MyAlgoLogic - [MYALGO] Cancelling order:codingblackfemales.sotw.ChildOrder@1f59a598
14:23:23.775 [main] INFO  c.gettingstarted.MyAlgoLogic - [MYALGO] option is present, number of active orders are 19
14:23:23.775 [main] INFO  c.container.Actioner - [ALGO] Actioner, sending action:CancelChildOrder(codingblackfemales.sotw.ChildOrder@1f59a598)
14:23:23.775 [main] INFO  c.sequencer.consumer.LoggingConsumer - [144] [CancelOrder](sbeTemplateId=5|sbeSchemaId=2|sbeSchemaVersion=0|sbeBlockLength=8):orderId=28
14:23:23.775 [main] INFO  c.orderbook.OrderBook - [ORDERBOOK] Cancelling order (id=:28)
14:23:23.775 [main] INFO  c.o.visitor.CancelOrderVisitor - [ORDERBOOK] Cancelling order: Limit(side=BUY,orderId=28,price=98,quantity=6710886400)
14:23:23.775 [main] DEBUG c.o.v.ReadOnlyMarketDataChannelPublishVisitor - Bid Side Size: 3
14:23:23.775 [main] DEBUG c.o.v.ReadOnlyMarketDataChannelPublishVisitor - Adding Mkt Data Msg BID: Price=98 Qty=3518423787110500
14:23:23.775 [main] DEBUG c.o.v.ReadOnlyMarketDataChannelPublishVisitor - Adding Mkt Data Msg BID: Price=95 Qty=200
14:23:23.775 [main] DEBUG c.o.v.ReadOnlyMarketDataChannelPublishVisitor - Adding Mkt Data Msg BID: Price=91 Qty=300
14:23:23.775 [main] DEBUG c.o.v.ReadOnlyMarketDataChannelPublishVisitor - Ask Side Size: 4
14:23:23.775 [main] DEBUG c.o.v.ReadOnlyMarketDataChannelPublishVisitor - Adding Mkt Data Msg ASK: Price=100 Qty=101
14:23:23.775 [main] DEBUG c.o.v.ReadOnlyMarketDataChannelPublishVisitor - Adding Mkt Data Msg ASK: Price=110 Qty=200
14:23:23.775 [main] DEBUG c.o.v.ReadOnlyMarketDataChannelPublishVisitor - Adding Mkt Data Msg ASK: Price=115 Qty=5000
14:23:23.775 [main] DEBUG c.o.v.ReadOnlyMarketDataChannelPublishVisitor - Adding Mkt Data Msg ASK: Price=119 Qty=5600
14:23:23.775 [main] INFO  c.o.channel.MarketDataChannel - [ORDERBOOK] Sending market data update...
14:23:23.775 [main] INFO  c.sequencer.consumer.LoggingConsumer - [145] 
|----BID-----|
3518423787110500 @ 98
    200 @ 95
    300 @ 91
|----ASK-----|
   101 @ 100
   200 @ 110
  5000 @ 115
  5600 @ 119

14:23:23.775 [main] DEBUG c.service.MarketDataService - [ALGO] BID: price:98 quantity:3518423787110500
14:23:23.775 [main] DEBUG c.service.MarketDataService - [ALGO] BID: price:95 quantity:200
14:23:23.775 [main] DEBUG c.service.MarketDataService - [ALGO] BID: price:91 quantity:300
14:23:23.775 [main] DEBUG c.service.MarketDataService - [ALGO] ASK: price:100 quantity:101
14:23:23.775 [main] DEBUG c.service.MarketDataService - [ALGO] ASK: price:110 quantity:200
14:23:23.775 [main] DEBUG c.service.MarketDataService - [ALGO] ASK: price:115 quantity:5000
14:23:23.775 [main] DEBUG c.service.MarketDataService - [ALGO] ASK: price:119 quantity:5600
14:23:23.775 [main] INFO  c.gettingstarted.MyAlgoLogic - [MYALGO] The state of the order book is:
|----BID-----||----ASK----|
3518423787110500 @ 98   101 @ 100
    200 @ 95   200 @ 110
    300 @ 91  5000 @ 115
          -   5600 @ 119
|------------||-----------|

14:23:23.775 [main] INFO  c.gettingstarted.MyAlgoLogic - [MYALGO] Algo Sees SheZa
14:23:23.775 [main] INFO  c.gettingstarted.MyAlgoLogic - [MYALGO] Algo Sees Book as:
|----BID-----||----ASK----|
3518423787110500 @ 98   101 @ 100
    200 @ 95   200 @ 110
    300 @ 91  5000 @ 115
          -   5600 @ 119
|------------||-----------|

14:23:23.775 [main] INFO  c.gettingstarted.MyAlgoLogic - [MYALGO] active orders are 18
14:23:23.775 [main] INFO  c.gettingstarted.MyAlgoLogic - [MYALGO] Cancelling order:codingblackfemales.sotw.ChildOrder@1e178745
14:23:23.775 [main] INFO  c.gettingstarted.MyAlgoLogic - [MYALGO] option is present, number of active orders are 18
14:23:23.775 [main] INFO  c.container.Actioner - [ALGO] Actioner, sending action:CancelChildOrder(codingblackfemales.sotw.ChildOrder@1e178745)
14:23:23.775 [main] INFO  c.sequencer.consumer.LoggingConsumer - [146] [CancelOrder](sbeTemplateId=5|sbeSchemaId=2|sbeSchemaVersion=0|sbeBlockLength=8):orderId=29
14:23:23.775 [main] INFO  c.orderbook.OrderBook - [ORDERBOOK] Cancelling order (id=:29)
14:23:23.775 [main] INFO  c.o.visitor.CancelOrderVisitor - [ORDERBOOK] Cancelling order: Limit(side=BUY,orderId=29,price=98,quantity=13421772800)
14:23:23.775 [main] DEBUG c.o.v.ReadOnlyMarketDataChannelPublishVisitor - Bid Side Size: 3
14:23:23.775 [main] DEBUG c.o.v.ReadOnlyMarketDataChannelPublishVisitor - Adding Mkt Data Msg BID: Price=98 Qty=3518410365337700
14:23:23.775 [main] DEBUG c.o.v.ReadOnlyMarketDataChannelPublishVisitor - Adding Mkt Data Msg BID: Price=95 Qty=200
14:23:23.775 [main] DEBUG c.o.v.ReadOnlyMarketDataChannelPublishVisitor - Adding Mkt Data Msg BID: Price=91 Qty=300
14:23:23.775 [main] DEBUG c.o.v.ReadOnlyMarketDataChannelPublishVisitor - Ask Side Size: 4
14:23:23.775 [main] DEBUG c.o.v.ReadOnlyMarketDataChannelPublishVisitor - Adding Mkt Data Msg ASK: Price=100 Qty=101
14:23:23.775 [main] DEBUG c.o.v.ReadOnlyMarketDataChannelPublishVisitor - Adding Mkt Data Msg ASK: Price=110 Qty=200
14:23:23.775 [main] DEBUG c.o.v.ReadOnlyMarketDataChannelPublishVisitor - Adding Mkt Data Msg ASK: Price=115 Qty=5000
14:23:23.775 [main] DEBUG c.o.v.ReadOnlyMarketDataChannelPublishVisitor - Adding Mkt Data Msg ASK: Price=119 Qty=5600
14:23:23.775 [main] INFO  c.o.channel.MarketDataChannel - [ORDERBOOK] Sending market data update...
14:23:23.775 [main] INFO  c.sequencer.consumer.LoggingConsumer - [147] 
|----BID-----|
3518410365337700 @ 98
    200 @ 95
    300 @ 91
|----ASK-----|
   101 @ 100
   200 @ 110
  5000 @ 115
  5600 @ 119

14:23:23.775 [main] DEBUG c.service.MarketDataService - [ALGO] BID: price:98 quantity:3518410365337700
14:23:23.775 [main] DEBUG c.service.MarketDataService - [ALGO] BID: price:95 quantity:200
14:23:23.775 [main] DEBUG c.service.MarketDataService - [ALGO] BID: price:91 quantity:300
14:23:23.775 [main] DEBUG c.service.MarketDataService - [ALGO] ASK: price:100 quantity:101
14:23:23.775 [main] DEBUG c.service.MarketDataService - [ALGO] ASK: price:110 quantity:200
14:23:23.775 [main] DEBUG c.service.MarketDataService - [ALGO] ASK: price:115 quantity:5000
14:23:23.775 [main] DEBUG c.service.MarketDataService - [ALGO] ASK: price:119 quantity:5600
14:23:23.775 [main] INFO  c.gettingstarted.MyAlgoLogic - [MYALGO] The state of the order book is:
|----BID-----||----ASK----|
3518410365337700 @ 98   101 @ 100
    200 @ 95   200 @ 110
    300 @ 91  5000 @ 115
          -   5600 @ 119
|------------||-----------|

14:23:23.775 [main] INFO  c.gettingstarted.MyAlgoLogic - [MYALGO] Algo Sees SheZa
14:23:23.775 [main] INFO  c.gettingstarted.MyAlgoLogic - [MYALGO] Algo Sees Book as:
|----BID-----||----ASK----|
3518410365337700 @ 98   101 @ 100
    200 @ 95   200 @ 110
    300 @ 91  5000 @ 115
          -   5600 @ 119
|------------||-----------|

14:23:23.775 [main] INFO  c.gettingstarted.MyAlgoLogic - [MYALGO] active orders are 17
14:23:23.775 [main] INFO  c.gettingstarted.MyAlgoLogic - [MYALGO] Cancelling order:codingblackfemales.sotw.ChildOrder@192c3f1e
14:23:23.775 [main] INFO  c.gettingstarted.MyAlgoLogic - [MYALGO] option is present, number of active orders are 17
14:23:23.775 [main] INFO  c.container.Actioner - [ALGO] Actioner, sending action:CancelChildOrder(codingblackfemales.sotw.ChildOrder@192c3f1e)
14:23:23.775 [main] INFO  c.sequencer.consumer.LoggingConsumer - [148] [CancelOrder](sbeTemplateId=5|sbeSchemaId=2|sbeSchemaVersion=0|sbeBlockLength=8):orderId=30
14:23:23.775 [main] INFO  c.orderbook.OrderBook - [ORDERBOOK] Cancelling order (id=:30)
14:23:23.775 [main] INFO  c.o.visitor.CancelOrderVisitor - [ORDERBOOK] Cancelling order: Limit(side=BUY,orderId=30,price=98,quantity=26843545600)
14:23:23.775 [main] DEBUG c.o.v.ReadOnlyMarketDataChannelPublishVisitor - Bid Side Size: 3
14:23:23.775 [main] DEBUG c.o.v.ReadOnlyMarketDataChannelPublishVisitor - Adding Mkt Data Msg BID: Price=98 Qty=3518383521792100
14:23:23.775 [main] DEBUG c.o.v.ReadOnlyMarketDataChannelPublishVisitor - Adding Mkt Data Msg BID: Price=95 Qty=200
14:23:23.775 [main] DEBUG c.o.v.ReadOnlyMarketDataChannelPublishVisitor - Adding Mkt Data Msg BID: Price=91 Qty=300
14:23:23.775 [main] DEBUG c.o.v.ReadOnlyMarketDataChannelPublishVisitor - Ask Side Size: 4
14:23:23.775 [main] DEBUG c.o.v.ReadOnlyMarketDataChannelPublishVisitor - Adding Mkt Data Msg ASK: Price=100 Qty=101
14:23:23.775 [main] DEBUG c.o.v.ReadOnlyMarketDataChannelPublishVisitor - Adding Mkt Data Msg ASK: Price=110 Qty=200
14:23:23.775 [main] DEBUG c.o.v.ReadOnlyMarketDataChannelPublishVisitor - Adding Mkt Data Msg ASK: Price=115 Qty=5000
14:23:23.775 [main] DEBUG c.o.v.ReadOnlyMarketDataChannelPublishVisitor - Adding Mkt Data Msg ASK: Price=119 Qty=5600
14:23:23.775 [main] INFO  c.o.channel.MarketDataChannel - [ORDERBOOK] Sending market data update...
14:23:23.775 [main] INFO  c.sequencer.consumer.LoggingConsumer - [149] 
|----BID-----|
3518383521792100 @ 98
    200 @ 95
    300 @ 91
|----ASK-----|
   101 @ 100
   200 @ 110
  5000 @ 115
  5600 @ 119

14:23:23.775 [main] DEBUG c.service.MarketDataService - [ALGO] BID: price:98 quantity:3518383521792100
14:23:23.775 [main] DEBUG c.service.MarketDataService - [ALGO] BID: price:95 quantity:200
14:23:23.775 [main] DEBUG c.service.MarketDataService - [ALGO] BID: price:91 quantity:300
14:23:23.775 [main] DEBUG c.service.MarketDataService - [ALGO] ASK: price:100 quantity:101
14:23:23.775 [main] DEBUG c.service.MarketDataService - [ALGO] ASK: price:110 quantity:200
14:23:23.775 [main] DEBUG c.service.MarketDataService - [ALGO] ASK: price:115 quantity:5000
14:23:23.775 [main] DEBUG c.service.MarketDataService - [ALGO] ASK: price:119 quantity:5600
14:23:23.775 [main] INFO  c.gettingstarted.MyAlgoLogic - [MYALGO] The state of the order book is:
|----BID-----||----ASK----|
3518383521792100 @ 98   101 @ 100
    200 @ 95   200 @ 110
    300 @ 91  5000 @ 115
          -   5600 @ 119
|------------||-----------|

14:23:23.775 [main] INFO  c.gettingstarted.MyAlgoLogic - [MYALGO] Algo Sees SheZa
14:23:23.775 [main] INFO  c.gettingstarted.MyAlgoLogic - [MYALGO] Algo Sees Book as:
|----BID-----||----ASK----|
3518383521792100 @ 98   101 @ 100
    200 @ 95   200 @ 110
    300 @ 91  5000 @ 115
          -   5600 @ 119
|------------||-----------|

14:23:23.775 [main] INFO  c.gettingstarted.MyAlgoLogic - [MYALGO] active orders are 16
14:23:23.775 [main] INFO  c.gettingstarted.MyAlgoLogic - [MYALGO] Cancelling order:codingblackfemales.sotw.ChildOrder@26b3fd41
14:23:23.775 [main] INFO  c.gettingstarted.MyAlgoLogic - [MYALGO] option is present, number of active orders are 16
14:23:23.775 [main] INFO  c.container.Actioner - [ALGO] Actioner, sending action:CancelChildOrder(codingblackfemales.sotw.ChildOrder@26b3fd41)
14:23:23.775 [main] INFO  c.sequencer.consumer.LoggingConsumer - [150] [CancelOrder](sbeTemplateId=5|sbeSchemaId=2|sbeSchemaVersion=0|sbeBlockLength=8):orderId=31
14:23:23.775 [main] INFO  c.orderbook.OrderBook - [ORDERBOOK] Cancelling order (id=:31)
14:23:23.775 [main] INFO  c.o.visitor.CancelOrderVisitor - [ORDERBOOK] Cancelling order: Limit(side=BUY,orderId=31,price=98,quantity=53687091200)
14:23:23.775 [main] DEBUG c.o.v.ReadOnlyMarketDataChannelPublishVisitor - Bid Side Size: 3
14:23:23.775 [main] DEBUG c.o.v.ReadOnlyMarketDataChannelPublishVisitor - Adding Mkt Data Msg BID: Price=98 Qty=3518329834700900
14:23:23.775 [main] DEBUG c.o.v.ReadOnlyMarketDataChannelPublishVisitor - Adding Mkt Data Msg BID: Price=95 Qty=200
14:23:23.775 [main] DEBUG c.o.v.ReadOnlyMarketDataChannelPublishVisitor - Adding Mkt Data Msg BID: Price=91 Qty=300
14:23:23.775 [main] DEBUG c.o.v.ReadOnlyMarketDataChannelPublishVisitor - Ask Side Size: 4
14:23:23.775 [main] DEBUG c.o.v.ReadOnlyMarketDataChannelPublishVisitor - Adding Mkt Data Msg ASK: Price=100 Qty=101
14:23:23.775 [main] DEBUG c.o.v.ReadOnlyMarketDataChannelPublishVisitor - Adding Mkt Data Msg ASK: Price=110 Qty=200
14:23:23.775 [main] DEBUG c.o.v.ReadOnlyMarketDataChannelPublishVisitor - Adding Mkt Data Msg ASK: Price=115 Qty=5000
14:23:23.775 [main] DEBUG c.o.v.ReadOnlyMarketDataChannelPublishVisitor - Adding Mkt Data Msg ASK: Price=119 Qty=5600
14:23:23.775 [main] INFO  c.o.channel.MarketDataChannel - [ORDERBOOK] Sending market data update...
14:23:23.775 [main] INFO  c.sequencer.consumer.LoggingConsumer - [151] 
|----BID-----|
3518329834700900 @ 98
    200 @ 95
    300 @ 91
|----ASK-----|
   101 @ 100
   200 @ 110
  5000 @ 115
  5600 @ 119

14:23:23.775 [main] DEBUG c.service.MarketDataService - [ALGO] BID: price:98 quantity:3518329834700900
14:23:23.775 [main] DEBUG c.service.MarketDataService - [ALGO] BID: price:95 quantity:200
14:23:23.775 [main] DEBUG c.service.MarketDataService - [ALGO] BID: price:91 quantity:300
14:23:23.775 [main] DEBUG c.service.MarketDataService - [ALGO] ASK: price:100 quantity:101
14:23:23.775 [main] DEBUG c.service.MarketDataService - [ALGO] ASK: price:110 quantity:200
14:23:23.775 [main] DEBUG c.service.MarketDataService - [ALGO] ASK: price:115 quantity:5000
14:23:23.775 [main] DEBUG c.service.MarketDataService - [ALGO] ASK: price:119 quantity:5600
14:23:23.775 [main] INFO  c.gettingstarted.MyAlgoLogic - [MYALGO] The state of the order book is:
|----BID-----||----ASK----|
3518329834700900 @ 98   101 @ 100
    200 @ 95   200 @ 110
    300 @ 91  5000 @ 115
          -   5600 @ 119
|------------||-----------|

14:23:23.775 [main] INFO  c.gettingstarted.MyAlgoLogic - [MYALGO] Algo Sees SheZa
14:23:23.775 [main] INFO  c.gettingstarted.MyAlgoLogic - [MYALGO] Algo Sees Book as:
|----BID-----||----ASK----|
3518329834700900 @ 98   101 @ 100
    200 @ 95   200 @ 110
    300 @ 91  5000 @ 115
          -   5600 @ 119
|------------||-----------|

14:23:23.775 [main] INFO  c.gettingstarted.MyAlgoLogic - [MYALGO] active orders are 15
14:23:23.775 [main] INFO  c.gettingstarted.MyAlgoLogic - [MYALGO] Cancelling order:codingblackfemales.sotw.ChildOrder@7494f96a
14:23:23.775 [main] INFO  c.gettingstarted.MyAlgoLogic - [MYALGO] option is present, number of active orders are 15
14:23:23.775 [main] INFO  c.container.Actioner - [ALGO] Actioner, sending action:CancelChildOrder(codingblackfemales.sotw.ChildOrder@7494f96a)
14:23:23.775 [main] INFO  c.sequencer.consumer.LoggingConsumer - [152] [CancelOrder](sbeTemplateId=5|sbeSchemaId=2|sbeSchemaVersion=0|sbeBlockLength=8):orderId=32
14:23:23.775 [main] INFO  c.orderbook.OrderBook - [ORDERBOOK] Cancelling order (id=:32)
14:23:23.775 [main] INFO  c.o.visitor.CancelOrderVisitor - [ORDERBOOK] Cancelling order: Limit(side=BUY,orderId=32,price=98,quantity=107374182400)
14:23:23.775 [main] DEBUG c.o.v.ReadOnlyMarketDataChannelPublishVisitor - Bid Side Size: 3
14:23:23.775 [main] DEBUG c.o.v.ReadOnlyMarketDataChannelPublishVisitor - Adding Mkt Data Msg BID: Price=98 Qty=3518222460518500
14:23:23.775 [main] DEBUG c.o.v.ReadOnlyMarketDataChannelPublishVisitor - Adding Mkt Data Msg BID: Price=95 Qty=200
14:23:23.775 [main] DEBUG c.o.v.ReadOnlyMarketDataChannelPublishVisitor - Adding Mkt Data Msg BID: Price=91 Qty=300
14:23:23.775 [main] DEBUG c.o.v.ReadOnlyMarketDataChannelPublishVisitor - Ask Side Size: 4
14:23:23.775 [main] DEBUG c.o.v.ReadOnlyMarketDataChannelPublishVisitor - Adding Mkt Data Msg ASK: Price=100 Qty=101
14:23:23.775 [main] DEBUG c.o.v.ReadOnlyMarketDataChannelPublishVisitor - Adding Mkt Data Msg ASK: Price=110 Qty=200
14:23:23.775 [main] DEBUG c.o.v.ReadOnlyMarketDataChannelPublishVisitor - Adding Mkt Data Msg ASK: Price=115 Qty=5000
14:23:23.775 [main] DEBUG c.o.v.ReadOnlyMarketDataChannelPublishVisitor - Adding Mkt Data Msg ASK: Price=119 Qty=5600
14:23:23.775 [main] INFO  c.o.channel.MarketDataChannel - [ORDERBOOK] Sending market data update...
14:23:23.775 [main] INFO  c.sequencer.consumer.LoggingConsumer - [153] 
|----BID-----|
3518222460518500 @ 98
    200 @ 95
    300 @ 91
|----ASK-----|
   101 @ 100
   200 @ 110
  5000 @ 115
  5600 @ 119

14:23:23.775 [main] DEBUG c.service.MarketDataService - [ALGO] BID: price:98 quantity:3518222460518500
14:23:23.775 [main] DEBUG c.service.MarketDataService - [ALGO] BID: price:95 quantity:200
14:23:23.775 [main] DEBUG c.service.MarketDataService - [ALGO] BID: price:91 quantity:300
14:23:23.775 [main] DEBUG c.service.MarketDataService - [ALGO] ASK: price:100 quantity:101
14:23:23.775 [main] DEBUG c.service.MarketDataService - [ALGO] ASK: price:110 quantity:200
14:23:23.775 [main] DEBUG c.service.MarketDataService - [ALGO] ASK: price:115 quantity:5000
14:23:23.775 [main] DEBUG c.service.MarketDataService - [ALGO] ASK: price:119 quantity:5600
14:23:23.775 [main] INFO  c.gettingstarted.MyAlgoLogic - [MYALGO] The state of the order book is:
|----BID-----||----ASK----|
3518222460518500 @ 98   101 @ 100
    200 @ 95   200 @ 110
    300 @ 91  5000 @ 115
          -   5600 @ 119
|------------||-----------|

14:23:23.775 [main] INFO  c.gettingstarted.MyAlgoLogic - [MYALGO] Algo Sees SheZa
14:23:23.775 [main] INFO  c.gettingstarted.MyAlgoLogic - [MYALGO] Algo Sees Book as:
|----BID-----||----ASK----|
3518222460518500 @ 98   101 @ 100
    200 @ 95   200 @ 110
    300 @ 91  5000 @ 115
          -   5600 @ 119
|------------||-----------|

14:23:23.775 [main] INFO  c.gettingstarted.MyAlgoLogic - [MYALGO] active orders are 14
14:23:23.775 [main] INFO  c.gettingstarted.MyAlgoLogic - [MYALGO] Cancelling order:codingblackfemales.sotw.ChildOrder@561b6512
14:23:23.775 [main] INFO  c.gettingstarted.MyAlgoLogic - [MYALGO] option is present, number of active orders are 14
14:23:23.775 [main] INFO  c.container.Actioner - [ALGO] Actioner, sending action:CancelChildOrder(codingblackfemales.sotw.ChildOrder@561b6512)
14:23:23.775 [main] INFO  c.sequencer.consumer.LoggingConsumer - [154] [CancelOrder](sbeTemplateId=5|sbeSchemaId=2|sbeSchemaVersion=0|sbeBlockLength=8):orderId=33
14:23:23.775 [main] INFO  c.orderbook.OrderBook - [ORDERBOOK] Cancelling order (id=:33)
14:23:23.775 [main] INFO  c.o.visitor.CancelOrderVisitor - [ORDERBOOK] Cancelling order: Limit(side=BUY,orderId=33,price=98,quantity=214748364800)
14:23:23.775 [main] DEBUG c.o.v.ReadOnlyMarketDataChannelPublishVisitor - Bid Side Size: 3
14:23:23.775 [main] DEBUG c.o.v.ReadOnlyMarketDataChannelPublishVisitor - Adding Mkt Data Msg BID: Price=98 Qty=3518007712153700
14:23:23.775 [main] DEBUG c.o.v.ReadOnlyMarketDataChannelPublishVisitor - Adding Mkt Data Msg BID: Price=95 Qty=200
14:23:23.775 [main] DEBUG c.o.v.ReadOnlyMarketDataChannelPublishVisitor - Adding Mkt Data Msg BID: Price=91 Qty=300
14:23:23.775 [main] DEBUG c.o.v.ReadOnlyMarketDataChannelPublishVisitor - Ask Side Size: 4
14:23:23.775 [main] DEBUG c.o.v.ReadOnlyMarketDataChannelPublishVisitor - Adding Mkt Data Msg ASK: Price=100 Qty=101
14:23:23.775 [main] DEBUG c.o.v.ReadOnlyMarketDataChannelPublishVisitor - Adding Mkt Data Msg ASK: Price=110 Qty=200
14:23:23.775 [main] DEBUG c.o.v.ReadOnlyMarketDataChannelPublishVisitor - Adding Mkt Data Msg ASK: Price=115 Qty=5000
14:23:23.775 [main] DEBUG c.o.v.ReadOnlyMarketDataChannelPublishVisitor - Adding Mkt Data Msg ASK: Price=119 Qty=5600
14:23:23.775 [main] INFO  c.o.channel.MarketDataChannel - [ORDERBOOK] Sending market data update...
14:23:23.775 [main] INFO  c.sequencer.consumer.LoggingConsumer - [155] 
|----BID-----|
3518007712153700 @ 98
    200 @ 95
    300 @ 91
|----ASK-----|
   101 @ 100
   200 @ 110
  5000 @ 115
  5600 @ 119

14:23:23.775 [main] DEBUG c.service.MarketDataService - [ALGO] BID: price:98 quantity:3518007712153700
14:23:23.775 [main] DEBUG c.service.MarketDataService - [ALGO] BID: price:95 quantity:200
14:23:23.775 [main] DEBUG c.service.MarketDataService - [ALGO] BID: price:91 quantity:300
14:23:23.775 [main] DEBUG c.service.MarketDataService - [ALGO] ASK: price:100 quantity:101
14:23:23.775 [main] DEBUG c.service.MarketDataService - [ALGO] ASK: price:110 quantity:200
14:23:23.775 [main] DEBUG c.service.MarketDataService - [ALGO] ASK: price:115 quantity:5000
14:23:23.775 [main] DEBUG c.service.MarketDataService - [ALGO] ASK: price:119 quantity:5600
14:23:23.775 [main] INFO  c.gettingstarted.MyAlgoLogic - [MYALGO] The state of the order book is:
|----BID-----||----ASK----|
3518007712153700 @ 98   101 @ 100
    200 @ 95   200 @ 110
    300 @ 91  5000 @ 115
          -   5600 @ 119
|------------||-----------|

14:23:23.775 [main] INFO  c.gettingstarted.MyAlgoLogic - [MYALGO] Algo Sees SheZa
14:23:23.775 [main] INFO  c.gettingstarted.MyAlgoLogic - [MYALGO] Algo Sees Book as:
|----BID-----||----ASK----|
3518007712153700 @ 98   101 @ 100
    200 @ 95   200 @ 110
    300 @ 91  5000 @ 115
          -   5600 @ 119
|------------||-----------|

14:23:23.775 [main] INFO  c.gettingstarted.MyAlgoLogic - [MYALGO] active orders are 13
14:23:23.775 [main] INFO  c.gettingstarted.MyAlgoLogic - [MYALGO] Cancelling order:codingblackfemales.sotw.ChildOrder@2e377400
14:23:23.775 [main] INFO  c.gettingstarted.MyAlgoLogic - [MYALGO] option is present, number of active orders are 13
14:23:23.775 [main] INFO  c.container.Actioner - [ALGO] Actioner, sending action:CancelChildOrder(codingblackfemales.sotw.ChildOrder@2e377400)
14:23:23.775 [main] INFO  c.sequencer.consumer.LoggingConsumer - [156] [CancelOrder](sbeTemplateId=5|sbeSchemaId=2|sbeSchemaVersion=0|sbeBlockLength=8):orderId=34
14:23:23.775 [main] INFO  c.orderbook.OrderBook - [ORDERBOOK] Cancelling order (id=:34)
14:23:23.775 [main] INFO  c.o.visitor.CancelOrderVisitor - [ORDERBOOK] Cancelling order: Limit(side=BUY,orderId=34,price=98,quantity=429496729600)
14:23:23.775 [main] DEBUG c.o.v.ReadOnlyMarketDataChannelPublishVisitor - Bid Side Size: 3
14:23:23.775 [main] DEBUG c.o.v.ReadOnlyMarketDataChannelPublishVisitor - Adding Mkt Data Msg BID: Price=98 Qty=3517578215424100
14:23:23.775 [main] DEBUG c.o.v.ReadOnlyMarketDataChannelPublishVisitor - Adding Mkt Data Msg BID: Price=95 Qty=200
14:23:23.775 [main] DEBUG c.o.v.ReadOnlyMarketDataChannelPublishVisitor - Adding Mkt Data Msg BID: Price=91 Qty=300
14:23:23.775 [main] DEBUG c.o.v.ReadOnlyMarketDataChannelPublishVisitor - Ask Side Size: 4
14:23:23.775 [main] DEBUG c.o.v.ReadOnlyMarketDataChannelPublishVisitor - Adding Mkt Data Msg ASK: Price=100 Qty=101
14:23:23.775 [main] DEBUG c.o.v.ReadOnlyMarketDataChannelPublishVisitor - Adding Mkt Data Msg ASK: Price=110 Qty=200
14:23:23.775 [main] DEBUG c.o.v.ReadOnlyMarketDataChannelPublishVisitor - Adding Mkt Data Msg ASK: Price=115 Qty=5000
14:23:23.775 [main] DEBUG c.o.v.ReadOnlyMarketDataChannelPublishVisitor - Adding Mkt Data Msg ASK: Price=119 Qty=5600
14:23:23.775 [main] INFO  c.o.channel.MarketDataChannel - [ORDERBOOK] Sending market data update...
14:23:23.775 [main] INFO  c.sequencer.consumer.LoggingConsumer - [157] 
|----BID-----|
3517578215424100 @ 98
    200 @ 95
    300 @ 91
|----ASK-----|
   101 @ 100
   200 @ 110
  5000 @ 115
  5600 @ 119

14:23:23.775 [main] DEBUG c.service.MarketDataService - [ALGO] BID: price:98 quantity:3517578215424100
14:23:23.775 [main] DEBUG c.service.MarketDataService - [ALGO] BID: price:95 quantity:200
14:23:23.775 [main] DEBUG c.service.MarketDataService - [ALGO] BID: price:91 quantity:300
14:23:23.775 [main] DEBUG c.service.MarketDataService - [ALGO] ASK: price:100 quantity:101
14:23:23.775 [main] DEBUG c.service.MarketDataService - [ALGO] ASK: price:110 quantity:200
14:23:23.775 [main] DEBUG c.service.MarketDataService - [ALGO] ASK: price:115 quantity:5000
14:23:23.775 [main] DEBUG c.service.MarketDataService - [ALGO] ASK: price:119 quantity:5600
14:23:23.775 [main] INFO  c.gettingstarted.MyAlgoLogic - [MYALGO] The state of the order book is:
|----BID-----||----ASK----|
3517578215424100 @ 98   101 @ 100
    200 @ 95   200 @ 110
    300 @ 91  5000 @ 115
          -   5600 @ 119
|------------||-----------|

14:23:23.775 [main] INFO  c.gettingstarted.MyAlgoLogic - [MYALGO] Algo Sees SheZa
14:23:23.775 [main] INFO  c.gettingstarted.MyAlgoLogic - [MYALGO] Algo Sees Book as:
|----BID-----||----ASK----|
3517578215424100 @ 98   101 @ 100
    200 @ 95   200 @ 110
    300 @ 91  5000 @ 115
          -   5600 @ 119
|------------||-----------|

14:23:23.775 [main] INFO  c.gettingstarted.MyAlgoLogic - [MYALGO] active orders are 12
14:23:23.775 [main] INFO  c.gettingstarted.MyAlgoLogic - [MYALGO] Cancelling order:codingblackfemales.sotw.ChildOrder@1757cd72
14:23:23.775 [main] INFO  c.gettingstarted.MyAlgoLogic - [MYALGO] option is present, number of active orders are 12
14:23:23.775 [main] INFO  c.container.Actioner - [ALGO] Actioner, sending action:CancelChildOrder(codingblackfemales.sotw.ChildOrder@1757cd72)
14:23:23.775 [main] INFO  c.sequencer.consumer.LoggingConsumer - [158] [CancelOrder](sbeTemplateId=5|sbeSchemaId=2|sbeSchemaVersion=0|sbeBlockLength=8):orderId=35
14:23:23.775 [main] INFO  c.orderbook.OrderBook - [ORDERBOOK] Cancelling order (id=:35)
14:23:23.775 [main] INFO  c.o.visitor.CancelOrderVisitor - [ORDERBOOK] Cancelling order: Limit(side=BUY,orderId=35,price=98,quantity=858993459200)
14:23:23.775 [main] DEBUG c.o.v.ReadOnlyMarketDataChannelPublishVisitor - Bid Side Size: 3
14:23:23.775 [main] DEBUG c.o.v.ReadOnlyMarketDataChannelPublishVisitor - Adding Mkt Data Msg BID: Price=98 Qty=3516719221964900
14:23:23.775 [main] DEBUG c.o.v.ReadOnlyMarketDataChannelPublishVisitor - Adding Mkt Data Msg BID: Price=95 Qty=200
14:23:23.775 [main] DEBUG c.o.v.ReadOnlyMarketDataChannelPublishVisitor - Adding Mkt Data Msg BID: Price=91 Qty=300
14:23:23.775 [main] DEBUG c.o.v.ReadOnlyMarketDataChannelPublishVisitor - Ask Side Size: 4
14:23:23.775 [main] DEBUG c.o.v.ReadOnlyMarketDataChannelPublishVisitor - Adding Mkt Data Msg ASK: Price=100 Qty=101
14:23:23.775 [main] DEBUG c.o.v.ReadOnlyMarketDataChannelPublishVisitor - Adding Mkt Data Msg ASK: Price=110 Qty=200
14:23:23.775 [main] DEBUG c.o.v.ReadOnlyMarketDataChannelPublishVisitor - Adding Mkt Data Msg ASK: Price=115 Qty=5000
14:23:23.775 [main] DEBUG c.o.v.ReadOnlyMarketDataChannelPublishVisitor - Adding Mkt Data Msg ASK: Price=119 Qty=5600
14:23:23.775 [main] INFO  c.o.channel.MarketDataChannel - [ORDERBOOK] Sending market data update...
14:23:23.775 [main] INFO  c.sequencer.consumer.LoggingConsumer - [159] 
|----BID-----|
3516719221964900 @ 98
    200 @ 95
    300 @ 91
|----ASK-----|
   101 @ 100
   200 @ 110
  5000 @ 115
  5600 @ 119

14:23:23.775 [main] DEBUG c.service.MarketDataService - [ALGO] BID: price:98 quantity:3516719221964900
14:23:23.775 [main] DEBUG c.service.MarketDataService - [ALGO] BID: price:95 quantity:200
14:23:23.775 [main] DEBUG c.service.MarketDataService - [ALGO] BID: price:91 quantity:300
14:23:23.775 [main] DEBUG c.service.MarketDataService - [ALGO] ASK: price:100 quantity:101
14:23:23.775 [main] DEBUG c.service.MarketDataService - [ALGO] ASK: price:110 quantity:200
14:23:23.775 [main] DEBUG c.service.MarketDataService - [ALGO] ASK: price:115 quantity:5000
14:23:23.775 [main] DEBUG c.service.MarketDataService - [ALGO] ASK: price:119 quantity:5600
14:23:23.775 [main] INFO  c.gettingstarted.MyAlgoLogic - [MYALGO] The state of the order book is:
|----BID-----||----ASK----|
3516719221964900 @ 98   101 @ 100
    200 @ 95   200 @ 110
    300 @ 91  5000 @ 115
          -   5600 @ 119
|------------||-----------|

14:23:23.775 [main] INFO  c.gettingstarted.MyAlgoLogic - [MYALGO] Algo Sees SheZa
14:23:23.775 [main] INFO  c.gettingstarted.MyAlgoLogic - [MYALGO] Algo Sees Book as:
|----BID-----||----ASK----|
3516719221964900 @ 98   101 @ 100
    200 @ 95   200 @ 110
    300 @ 91  5000 @ 115
          -   5600 @ 119
|------------||-----------|

14:23:23.775 [main] INFO  c.gettingstarted.MyAlgoLogic - [MYALGO] active orders are 11
14:23:23.775 [main] INFO  c.gettingstarted.MyAlgoLogic - [MYALGO] Cancelling order:codingblackfemales.sotw.ChildOrder@445b295b
14:23:23.775 [main] INFO  c.gettingstarted.MyAlgoLogic - [MYALGO] option is present, number of active orders are 11
14:23:23.792 [main] INFO  c.container.Actioner - [ALGO] Actioner, sending action:CancelChildOrder(codingblackfemales.sotw.ChildOrder@445b295b)
14:23:23.792 [main] INFO  c.sequencer.consumer.LoggingConsumer - [160] [CancelOrder](sbeTemplateId=5|sbeSchemaId=2|sbeSchemaVersion=0|sbeBlockLength=8):orderId=36
14:23:23.792 [main] INFO  c.orderbook.OrderBook - [ORDERBOOK] Cancelling order (id=:36)
14:23:23.792 [main] INFO  c.o.visitor.CancelOrderVisitor - [ORDERBOOK] Cancelling order: Limit(side=BUY,orderId=36,price=98,quantity=1717986918400)
14:23:23.792 [main] DEBUG c.o.v.ReadOnlyMarketDataChannelPublishVisitor - Bid Side Size: 3
14:23:23.792 [main] DEBUG c.o.v.ReadOnlyMarketDataChannelPublishVisitor - Adding Mkt Data Msg BID: Price=98 Qty=3515001235046500
14:23:23.792 [main] DEBUG c.o.v.ReadOnlyMarketDataChannelPublishVisitor - Adding Mkt Data Msg BID: Price=95 Qty=200
14:23:23.792 [main] DEBUG c.o.v.ReadOnlyMarketDataChannelPublishVisitor - Adding Mkt Data Msg BID: Price=91 Qty=300
14:23:23.792 [main] DEBUG c.o.v.ReadOnlyMarketDataChannelPublishVisitor - Ask Side Size: 4
14:23:23.792 [main] DEBUG c.o.v.ReadOnlyMarketDataChannelPublishVisitor - Adding Mkt Data Msg ASK: Price=100 Qty=101
14:23:23.792 [main] DEBUG c.o.v.ReadOnlyMarketDataChannelPublishVisitor - Adding Mkt Data Msg ASK: Price=110 Qty=200
14:23:23.792 [main] DEBUG c.o.v.ReadOnlyMarketDataChannelPublishVisitor - Adding Mkt Data Msg ASK: Price=115 Qty=5000
14:23:23.792 [main] DEBUG c.o.v.ReadOnlyMarketDataChannelPublishVisitor - Adding Mkt Data Msg ASK: Price=119 Qty=5600
14:23:23.792 [main] INFO  c.o.channel.MarketDataChannel - [ORDERBOOK] Sending market data update...
14:23:23.792 [main] INFO  c.sequencer.consumer.LoggingConsumer - [161] 
|----BID-----|
3515001235046500 @ 98
    200 @ 95
    300 @ 91
|----ASK-----|
   101 @ 100
   200 @ 110
  5000 @ 115
  5600 @ 119

14:23:23.792 [main] DEBUG c.service.MarketDataService - [ALGO] BID: price:98 quantity:3515001235046500
14:23:23.792 [main] DEBUG c.service.MarketDataService - [ALGO] BID: price:95 quantity:200
14:23:23.792 [main] DEBUG c.service.MarketDataService - [ALGO] BID: price:91 quantity:300
14:23:23.792 [main] DEBUG c.service.MarketDataService - [ALGO] ASK: price:100 quantity:101
14:23:23.792 [main] DEBUG c.service.MarketDataService - [ALGO] ASK: price:110 quantity:200
14:23:23.792 [main] DEBUG c.service.MarketDataService - [ALGO] ASK: price:115 quantity:5000
14:23:23.792 [main] DEBUG c.service.MarketDataService - [ALGO] ASK: price:119 quantity:5600
14:23:23.792 [main] INFO  c.gettingstarted.MyAlgoLogic - [MYALGO] The state of the order book is:
|----BID-----||----ASK----|
3515001235046500 @ 98   101 @ 100
    200 @ 95   200 @ 110
    300 @ 91  5000 @ 115
          -   5600 @ 119
|------------||-----------|

14:23:23.792 [main] INFO  c.gettingstarted.MyAlgoLogic - [MYALGO] Algo Sees SheZa
14:23:23.792 [main] INFO  c.gettingstarted.MyAlgoLogic - [MYALGO] Algo Sees Book as:
|----BID-----||----ASK----|
3515001235046500 @ 98   101 @ 100
    200 @ 95   200 @ 110
    300 @ 91  5000 @ 115
          -   5600 @ 119
|------------||-----------|

14:23:23.792 [main] INFO  c.gettingstarted.MyAlgoLogic - [MYALGO] active orders are 10
14:23:23.792 [main] INFO  c.gettingstarted.MyAlgoLogic - [MYALGO] Cancelling order:codingblackfemales.sotw.ChildOrder@49e5f737
14:23:23.792 [main] INFO  c.gettingstarted.MyAlgoLogic - [MYALGO] option is present, number of active orders are 10
14:23:23.792 [main] INFO  c.container.Actioner - [ALGO] Actioner, sending action:CancelChildOrder(codingblackfemales.sotw.ChildOrder@49e5f737)
14:23:23.792 [main] INFO  c.sequencer.consumer.LoggingConsumer - [162] [CancelOrder](sbeTemplateId=5|sbeSchemaId=2|sbeSchemaVersion=0|sbeBlockLength=8):orderId=37
14:23:23.792 [main] INFO  c.orderbook.OrderBook - [ORDERBOOK] Cancelling order (id=:37)
14:23:23.792 [main] INFO  c.o.visitor.CancelOrderVisitor - [ORDERBOOK] Cancelling order: Limit(side=BUY,orderId=37,price=98,quantity=3435973836800)
14:23:23.792 [main] DEBUG c.o.v.ReadOnlyMarketDataChannelPublishVisitor - Bid Side Size: 3
14:23:23.792 [main] DEBUG c.o.v.ReadOnlyMarketDataChannelPublishVisitor - Adding Mkt Data Msg BID: Price=98 Qty=3511565261209700
14:23:23.792 [main] DEBUG c.o.v.ReadOnlyMarketDataChannelPublishVisitor - Adding Mkt Data Msg BID: Price=95 Qty=200
14:23:23.792 [main] DEBUG c.o.v.ReadOnlyMarketDataChannelPublishVisitor - Adding Mkt Data Msg BID: Price=91 Qty=300
14:23:23.792 [main] DEBUG c.o.v.ReadOnlyMarketDataChannelPublishVisitor - Ask Side Size: 4
14:23:23.792 [main] DEBUG c.o.v.ReadOnlyMarketDataChannelPublishVisitor - Adding Mkt Data Msg ASK: Price=100 Qty=101
14:23:23.792 [main] DEBUG c.o.v.ReadOnlyMarketDataChannelPublishVisitor - Adding Mkt Data Msg ASK: Price=110 Qty=200
14:23:23.792 [main] DEBUG c.o.v.ReadOnlyMarketDataChannelPublishVisitor - Adding Mkt Data Msg ASK: Price=115 Qty=5000
14:23:23.792 [main] DEBUG c.o.v.ReadOnlyMarketDataChannelPublishVisitor - Adding Mkt Data Msg ASK: Price=119 Qty=5600
14:23:23.792 [main] INFO  c.o.channel.MarketDataChannel - [ORDERBOOK] Sending market data update...
14:23:23.792 [main] INFO  c.sequencer.consumer.LoggingConsumer - [163] 
|----BID-----|
3511565261209700 @ 98
    200 @ 95
    300 @ 91
|----ASK-----|
   101 @ 100
   200 @ 110
  5000 @ 115
  5600 @ 119

14:23:23.792 [main] DEBUG c.service.MarketDataService - [ALGO] BID: price:98 quantity:3511565261209700
14:23:23.792 [main] DEBUG c.service.MarketDataService - [ALGO] BID: price:95 quantity:200
14:23:23.792 [main] DEBUG c.service.MarketDataService - [ALGO] BID: price:91 quantity:300
14:23:23.797 [main] DEBUG c.service.MarketDataService - [ALGO] ASK: price:100 quantity:101
14:23:23.798 [main] DEBUG c.service.MarketDataService - [ALGO] ASK: price:110 quantity:200
14:23:23.798 [main] DEBUG c.service.MarketDataService - [ALGO] ASK: price:115 quantity:5000
14:23:23.798 [main] DEBUG c.service.MarketDataService - [ALGO] ASK: price:119 quantity:5600
14:23:23.798 [main] INFO  c.gettingstarted.MyAlgoLogic - [MYALGO] The state of the order book is:
|----BID-----||----ASK----|
3511565261209700 @ 98   101 @ 100
    200 @ 95   200 @ 110
    300 @ 91  5000 @ 115
          -   5600 @ 119
|------------||-----------|

14:23:23.798 [main] INFO  c.gettingstarted.MyAlgoLogic - [MYALGO] Algo Sees SheZa
14:23:23.798 [main] INFO  c.gettingstarted.MyAlgoLogic - [MYALGO] Algo Sees Book as:
|----BID-----||----ASK----|
3511565261209700 @ 98   101 @ 100
    200 @ 95   200 @ 110
    300 @ 91  5000 @ 115
          -   5600 @ 119
|------------||-----------|

14:23:23.798 [main] INFO  c.gettingstarted.MyAlgoLogic - [MYALGO] active orders are 9
14:23:23.798 [main] INFO  c.gettingstarted.MyAlgoLogic - [MYALGO] Cancelling order:codingblackfemales.sotw.ChildOrder@5c671d7f
14:23:23.798 [main] INFO  c.gettingstarted.MyAlgoLogic - [MYALGO] option is present, number of active orders are 9
14:23:23.798 [main] INFO  c.container.Actioner - [ALGO] Actioner, sending action:CancelChildOrder(codingblackfemales.sotw.ChildOrder@5c671d7f)
14:23:23.798 [main] INFO  c.sequencer.consumer.LoggingConsumer - [164] [CancelOrder](sbeTemplateId=5|sbeSchemaId=2|sbeSchemaVersion=0|sbeBlockLength=8):orderId=38
14:23:23.798 [main] INFO  c.orderbook.OrderBook - [ORDERBOOK] Cancelling order (id=:38)
14:23:23.798 [main] INFO  c.o.visitor.CancelOrderVisitor - [ORDERBOOK] Cancelling order: Limit(side=BUY,orderId=38,price=98,quantity=6871947673600)
14:23:23.798 [main] DEBUG c.o.v.ReadOnlyMarketDataChannelPublishVisitor - Bid Side Size: 3
14:23:23.798 [main] DEBUG c.o.v.ReadOnlyMarketDataChannelPublishVisitor - Adding Mkt Data Msg BID: Price=98 Qty=3504693313536100
14:23:23.798 [main] DEBUG c.o.v.ReadOnlyMarketDataChannelPublishVisitor - Adding Mkt Data Msg BID: Price=95 Qty=200
14:23:23.798 [main] DEBUG c.o.v.ReadOnlyMarketDataChannelPublishVisitor - Adding Mkt Data Msg BID: Price=91 Qty=300
14:23:23.798 [main] DEBUG c.o.v.ReadOnlyMarketDataChannelPublishVisitor - Ask Side Size: 4
14:23:23.798 [main] DEBUG c.o.v.ReadOnlyMarketDataChannelPublishVisitor - Adding Mkt Data Msg ASK: Price=100 Qty=101
14:23:23.798 [main] DEBUG c.o.v.ReadOnlyMarketDataChannelPublishVisitor - Adding Mkt Data Msg ASK: Price=110 Qty=200
14:23:23.798 [main] DEBUG c.o.v.ReadOnlyMarketDataChannelPublishVisitor - Adding Mkt Data Msg ASK: Price=115 Qty=5000
14:23:23.798 [main] DEBUG c.o.v.ReadOnlyMarketDataChannelPublishVisitor - Adding Mkt Data Msg ASK: Price=119 Qty=5600
14:23:23.798 [main] INFO  c.o.channel.MarketDataChannel - [ORDERBOOK] Sending market data update...
14:23:23.798 [main] INFO  c.sequencer.consumer.LoggingConsumer - [165] 
|----BID-----|
3504693313536100 @ 98
    200 @ 95
    300 @ 91
|----ASK-----|
   101 @ 100
   200 @ 110
  5000 @ 115
  5600 @ 119

14:23:23.798 [main] DEBUG c.service.MarketDataService - [ALGO] BID: price:98 quantity:3504693313536100
14:23:23.798 [main] DEBUG c.service.MarketDataService - [ALGO] BID: price:95 quantity:200
14:23:23.798 [main] DEBUG c.service.MarketDataService - [ALGO] BID: price:91 quantity:300
14:23:23.798 [main] DEBUG c.service.MarketDataService - [ALGO] ASK: price:100 quantity:101
14:23:23.798 [main] DEBUG c.service.MarketDataService - [ALGO] ASK: price:110 quantity:200
14:23:23.798 [main] DEBUG c.service.MarketDataService - [ALGO] ASK: price:115 quantity:5000
14:23:23.798 [main] DEBUG c.service.MarketDataService - [ALGO] ASK: price:119 quantity:5600
14:23:23.798 [main] INFO  c.gettingstarted.MyAlgoLogic - [MYALGO] The state of the order book is:
|----BID-----||----ASK----|
3504693313536100 @ 98   101 @ 100
    200 @ 95   200 @ 110
    300 @ 91  5000 @ 115
          -   5600 @ 119
|------------||-----------|

14:23:23.798 [main] INFO  c.gettingstarted.MyAlgoLogic - [MYALGO] Algo Sees SheZa
14:23:23.798 [main] INFO  c.gettingstarted.MyAlgoLogic - [MYALGO] Algo Sees Book as:
|----BID-----||----ASK----|
3504693313536100 @ 98   101 @ 100
    200 @ 95   200 @ 110
    300 @ 91  5000 @ 115
          -   5600 @ 119
|------------||-----------|

14:23:23.798 [main] INFO  c.gettingstarted.MyAlgoLogic - [MYALGO] active orders are 8
14:23:23.798 [main] INFO  c.gettingstarted.MyAlgoLogic - [MYALGO] Cancelling order:codingblackfemales.sotw.ChildOrder@757277dc
14:23:23.798 [main] INFO  c.gettingstarted.MyAlgoLogic - [MYALGO] option is present, number of active orders are 8
14:23:23.798 [main] INFO  c.container.Actioner - [ALGO] Actioner, sending action:CancelChildOrder(codingblackfemales.sotw.ChildOrder@757277dc)
14:23:23.798 [main] INFO  c.sequencer.consumer.LoggingConsumer - [166] [CancelOrder](sbeTemplateId=5|sbeSchemaId=2|sbeSchemaVersion=0|sbeBlockLength=8):orderId=39
14:23:23.798 [main] INFO  c.orderbook.OrderBook - [ORDERBOOK] Cancelling order (id=:39)
14:23:23.798 [main] INFO  c.o.visitor.CancelOrderVisitor - [ORDERBOOK] Cancelling order: Limit(side=BUY,orderId=39,price=98,quantity=13743895347200)
14:23:23.798 [main] DEBUG c.o.v.ReadOnlyMarketDataChannelPublishVisitor - Bid Side Size: 3
14:23:23.798 [main] DEBUG c.o.v.ReadOnlyMarketDataChannelPublishVisitor - Adding Mkt Data Msg BID: Price=98 Qty=3490949418188900
14:23:23.798 [main] DEBUG c.o.v.ReadOnlyMarketDataChannelPublishVisitor - Adding Mkt Data Msg BID: Price=95 Qty=200
14:23:23.798 [main] DEBUG c.o.v.ReadOnlyMarketDataChannelPublishVisitor - Adding Mkt Data Msg BID: Price=91 Qty=300
14:23:23.798 [main] DEBUG c.o.v.ReadOnlyMarketDataChannelPublishVisitor - Ask Side Size: 4
14:23:23.798 [main] DEBUG c.o.v.ReadOnlyMarketDataChannelPublishVisitor - Adding Mkt Data Msg ASK: Price=100 Qty=101
14:23:23.798 [main] DEBUG c.o.v.ReadOnlyMarketDataChannelPublishVisitor - Adding Mkt Data Msg ASK: Price=110 Qty=200
14:23:23.798 [main] DEBUG c.o.v.ReadOnlyMarketDataChannelPublishVisitor - Adding Mkt Data Msg ASK: Price=115 Qty=5000
14:23:23.798 [main] DEBUG c.o.v.ReadOnlyMarketDataChannelPublishVisitor - Adding Mkt Data Msg ASK: Price=119 Qty=5600
14:23:23.798 [main] INFO  c.o.channel.MarketDataChannel - [ORDERBOOK] Sending market data update...
14:23:23.798 [main] INFO  c.sequencer.consumer.LoggingConsumer - [167] 
|----BID-----|
3490949418188900 @ 98
    200 @ 95
    300 @ 91
|----ASK-----|
   101 @ 100
   200 @ 110
  5000 @ 115
  5600 @ 119

14:23:23.798 [main] DEBUG c.service.MarketDataService - [ALGO] BID: price:98 quantity:3490949418188900
14:23:23.798 [main] DEBUG c.service.MarketDataService - [ALGO] BID: price:95 quantity:200
14:23:23.798 [main] DEBUG c.service.MarketDataService - [ALGO] BID: price:91 quantity:300
14:23:23.798 [main] DEBUG c.service.MarketDataService - [ALGO] ASK: price:100 quantity:101
14:23:23.798 [main] DEBUG c.service.MarketDataService - [ALGO] ASK: price:110 quantity:200
14:23:23.798 [main] DEBUG c.service.MarketDataService - [ALGO] ASK: price:115 quantity:5000
14:23:23.798 [main] DEBUG c.service.MarketDataService - [ALGO] ASK: price:119 quantity:5600
14:23:23.798 [main] INFO  c.gettingstarted.MyAlgoLogic - [MYALGO] The state of the order book is:
|----BID-----||----ASK----|
3490949418188900 @ 98   101 @ 100
    200 @ 95   200 @ 110
    300 @ 91  5000 @ 115
          -   5600 @ 119
|------------||-----------|

14:23:23.798 [main] INFO  c.gettingstarted.MyAlgoLogic - [MYALGO] Algo Sees SheZa
14:23:23.798 [main] INFO  c.gettingstarted.MyAlgoLogic - [MYALGO] Algo Sees Book as:
|----BID-----||----ASK----|
3490949418188900 @ 98   101 @ 100
    200 @ 95   200 @ 110
    300 @ 91  5000 @ 115
          -   5600 @ 119
|------------||-----------|

14:23:23.798 [main] INFO  c.gettingstarted.MyAlgoLogic - [MYALGO] active orders are 7
14:23:23.798 [main] INFO  c.gettingstarted.MyAlgoLogic - [MYALGO] Cancelling order:codingblackfemales.sotw.ChildOrder@687e99d8
14:23:23.798 [main] INFO  c.gettingstarted.MyAlgoLogic - [MYALGO] option is present, number of active orders are 7
14:23:23.798 [main] INFO  c.container.Actioner - [ALGO] Actioner, sending action:CancelChildOrder(codingblackfemales.sotw.ChildOrder@687e99d8)
14:23:23.798 [main] INFO  c.sequencer.consumer.LoggingConsumer - [168] [CancelOrder](sbeTemplateId=5|sbeSchemaId=2|sbeSchemaVersion=0|sbeBlockLength=8):orderId=40
14:23:23.798 [main] INFO  c.orderbook.OrderBook - [ORDERBOOK] Cancelling order (id=:40)
14:23:23.798 [main] INFO  c.o.visitor.CancelOrderVisitor - [ORDERBOOK] Cancelling order: Limit(side=BUY,orderId=40,price=98,quantity=27487790694400)
14:23:23.798 [main] DEBUG c.o.v.ReadOnlyMarketDataChannelPublishVisitor - Bid Side Size: 3
14:23:23.798 [main] DEBUG c.o.v.ReadOnlyMarketDataChannelPublishVisitor - Adding Mkt Data Msg BID: Price=98 Qty=3463461627494500
14:23:23.798 [main] DEBUG c.o.v.ReadOnlyMarketDataChannelPublishVisitor - Adding Mkt Data Msg BID: Price=95 Qty=200
14:23:23.798 [main] DEBUG c.o.v.ReadOnlyMarketDataChannelPublishVisitor - Adding Mkt Data Msg BID: Price=91 Qty=300
14:23:23.798 [main] DEBUG c.o.v.ReadOnlyMarketDataChannelPublishVisitor - Ask Side Size: 4
14:23:23.798 [main] DEBUG c.o.v.ReadOnlyMarketDataChannelPublishVisitor - Adding Mkt Data Msg ASK: Price=100 Qty=101
14:23:23.798 [main] DEBUG c.o.v.ReadOnlyMarketDataChannelPublishVisitor - Adding Mkt Data Msg ASK: Price=110 Qty=200
14:23:23.798 [main] DEBUG c.o.v.ReadOnlyMarketDataChannelPublishVisitor - Adding Mkt Data Msg ASK: Price=115 Qty=5000
14:23:23.798 [main] DEBUG c.o.v.ReadOnlyMarketDataChannelPublishVisitor - Adding Mkt Data Msg ASK: Price=119 Qty=5600
14:23:23.798 [main] INFO  c.o.channel.MarketDataChannel - [ORDERBOOK] Sending market data update...
14:23:23.798 [main] INFO  c.sequencer.consumer.LoggingConsumer - [169] 
|----BID-----|
3463461627494500 @ 98
    200 @ 95
    300 @ 91
|----ASK-----|
   101 @ 100
   200 @ 110
  5000 @ 115
  5600 @ 119

14:23:23.798 [main] DEBUG c.service.MarketDataService - [ALGO] BID: price:98 quantity:3463461627494500
14:23:23.798 [main] DEBUG c.service.MarketDataService - [ALGO] BID: price:95 quantity:200
14:23:23.798 [main] DEBUG c.service.MarketDataService - [ALGO] BID: price:91 quantity:300
14:23:23.798 [main] DEBUG c.service.MarketDataService - [ALGO] ASK: price:100 quantity:101
14:23:23.798 [main] DEBUG c.service.MarketDataService - [ALGO] ASK: price:110 quantity:200
14:23:23.798 [main] DEBUG c.service.MarketDataService - [ALGO] ASK: price:115 quantity:5000
14:23:23.798 [main] DEBUG c.service.MarketDataService - [ALGO] ASK: price:119 quantity:5600
14:23:23.798 [main] INFO  c.gettingstarted.MyAlgoLogic - [MYALGO] The state of the order book is:
|----BID-----||----ASK----|
3463461627494500 @ 98   101 @ 100
    200 @ 95   200 @ 110
    300 @ 91  5000 @ 115
          -   5600 @ 119
|------------||-----------|

14:23:23.798 [main] INFO  c.gettingstarted.MyAlgoLogic - [MYALGO] Algo Sees SheZa
14:23:23.798 [main] INFO  c.gettingstarted.MyAlgoLogic - [MYALGO] Algo Sees Book as:
|----BID-----||----ASK----|
3463461627494500 @ 98   101 @ 100
    200 @ 95   200 @ 110
    300 @ 91  5000 @ 115
          -   5600 @ 119
|------------||-----------|

14:23:23.798 [main] INFO  c.gettingstarted.MyAlgoLogic - [MYALGO] active orders are 6
14:23:23.798 [main] INFO  c.gettingstarted.MyAlgoLogic - [MYALGO] Cancelling order:codingblackfemales.sotw.ChildOrder@e4487af
14:23:23.798 [main] INFO  c.gettingstarted.MyAlgoLogic - [MYALGO] option is present, number of active orders are 6
14:23:23.798 [main] INFO  c.container.Actioner - [ALGO] Actioner, sending action:CancelChildOrder(codingblackfemales.sotw.ChildOrder@e4487af)
14:23:23.798 [main] INFO  c.sequencer.consumer.LoggingConsumer - [170] [CancelOrder](sbeTemplateId=5|sbeSchemaId=2|sbeSchemaVersion=0|sbeBlockLength=8):orderId=41
14:23:23.798 [main] INFO  c.orderbook.OrderBook - [ORDERBOOK] Cancelling order (id=:41)
14:23:23.798 [main] INFO  c.o.visitor.CancelOrderVisitor - [ORDERBOOK] Cancelling order: Limit(side=BUY,orderId=41,price=98,quantity=54975581388800)
14:23:23.798 [main] DEBUG c.o.v.ReadOnlyMarketDataChannelPublishVisitor - Bid Side Size: 3
14:23:23.798 [main] DEBUG c.o.v.ReadOnlyMarketDataChannelPublishVisitor - Adding Mkt Data Msg BID: Price=98 Qty=3408486046105700
14:23:23.798 [main] DEBUG c.o.v.ReadOnlyMarketDataChannelPublishVisitor - Adding Mkt Data Msg BID: Price=95 Qty=200
14:23:23.798 [main] DEBUG c.o.v.ReadOnlyMarketDataChannelPublishVisitor - Adding Mkt Data Msg BID: Price=91 Qty=300
14:23:23.798 [main] DEBUG c.o.v.ReadOnlyMarketDataChannelPublishVisitor - Ask Side Size: 4
14:23:23.798 [main] DEBUG c.o.v.ReadOnlyMarketDataChannelPublishVisitor - Adding Mkt Data Msg ASK: Price=100 Qty=101
14:23:23.798 [main] DEBUG c.o.v.ReadOnlyMarketDataChannelPublishVisitor - Adding Mkt Data Msg ASK: Price=110 Qty=200
14:23:23.798 [main] DEBUG c.o.v.ReadOnlyMarketDataChannelPublishVisitor - Adding Mkt Data Msg ASK: Price=115 Qty=5000
14:23:23.798 [main] DEBUG c.o.v.ReadOnlyMarketDataChannelPublishVisitor - Adding Mkt Data Msg ASK: Price=119 Qty=5600
14:23:23.798 [main] INFO  c.o.channel.MarketDataChannel - [ORDERBOOK] Sending market data update...
14:23:23.798 [main] INFO  c.sequencer.consumer.LoggingConsumer - [171] 
|----BID-----|
3408486046105700 @ 98
    200 @ 95
    300 @ 91
|----ASK-----|
   101 @ 100
   200 @ 110
  5000 @ 115
  5600 @ 119

14:23:23.798 [main] DEBUG c.service.MarketDataService - [ALGO] BID: price:98 quantity:3408486046105700
14:23:23.798 [main] DEBUG c.service.MarketDataService - [ALGO] BID: price:95 quantity:200
14:23:23.798 [main] DEBUG c.service.MarketDataService - [ALGO] BID: price:91 quantity:300
14:23:23.798 [main] DEBUG c.service.MarketDataService - [ALGO] ASK: price:100 quantity:101
14:23:23.798 [main] DEBUG c.service.MarketDataService - [ALGO] ASK: price:110 quantity:200
14:23:23.798 [main] DEBUG c.service.MarketDataService - [ALGO] ASK: price:115 quantity:5000
14:23:23.798 [main] DEBUG c.service.MarketDataService - [ALGO] ASK: price:119 quantity:5600
14:23:23.798 [main] INFO  c.gettingstarted.MyAlgoLogic - [MYALGO] The state of the order book is:
|----BID-----||----ASK----|
3408486046105700 @ 98   101 @ 100
    200 @ 95   200 @ 110
    300 @ 91  5000 @ 115
          -   5600 @ 119
|------------||-----------|

14:23:23.798 [main] INFO  c.gettingstarted.MyAlgoLogic - [MYALGO] Algo Sees SheZa
14:23:23.798 [main] INFO  c.gettingstarted.MyAlgoLogic - [MYALGO] Algo Sees Book as:
|----BID-----||----ASK----|
3408486046105700 @ 98   101 @ 100
    200 @ 95   200 @ 110
    300 @ 91  5000 @ 115
          -   5600 @ 119
|------------||-----------|

14:23:23.798 [main] INFO  c.gettingstarted.MyAlgoLogic - [MYALGO] Have:45 children, want 45, done.
14:23:23.798 [main] INFO  c.sequencer.consumer.LoggingConsumer - [172] 
|----BID-----|
    100 @ 95
    200 @ 93
    300 @ 91
|----ASK-----|
    501 @ 98
   200 @ 101
  5000 @ 110
  5600 @ 119

14:23:23.798 [main] INFO  c.orderbook.OrderBook - [ORDERBOOK] Processing Mkt Data Update
14:23:23.798 [main] INFO  c.o.v.MutatingRemoveAllMarketDataOrdersVisitor - [ORDERBOOK] Removing market data order:MktData(price=98,quantity=100)
14:23:23.798 [main] INFO  c.o.v.MutatingRemoveAllMarketDataOrdersVisitor - [ORDERBOOK] Removing market data order:MktData(price=95,quantity=200)
14:23:23.798 [main] INFO  c.o.v.MutatingRemoveAllMarketDataOrdersVisitor - [ORDERBOOK] Removing level:95
14:23:23.798 [main] INFO  c.o.v.MutatingRemoveAllMarketDataOrdersVisitor - [ORDERBOOK] Removing market data order:MktData(price=91,quantity=300)
14:23:23.798 [main] INFO  c.o.v.MutatingRemoveAllMarketDataOrdersVisitor - [ORDERBOOK] Removing level:91
14:23:23.798 [main] DEBUG c.orderbook.OrderBook - [ORDERBOOK] ASK: Adding orderMktData(price=95,quantity=100)
14:23:23.798 [main] DEBUG c.orderbook.OrderBook - [ORDERBOOK] ASK: Adding orderMktData(price=93,quantity=200)
14:23:23.798 [main] DEBUG c.orderbook.OrderBook - [ORDERBOOK] ASK: Adding orderMktData(price=91,quantity=300)
14:23:23.798 [main] INFO  c.o.v.MutatingRemoveAllMarketDataOrdersVisitor - [ORDERBOOK] Removing market data order:MktData(price=100,quantity=101)
14:23:23.798 [main] INFO  c.o.v.MutatingRemoveAllMarketDataOrdersVisitor - [ORDERBOOK] Removing level:100
14:23:23.798 [main] INFO  c.o.v.MutatingRemoveAllMarketDataOrdersVisitor - [ORDERBOOK] Removing market data order:MktData(price=110,quantity=200)
14:23:23.798 [main] INFO  c.o.v.MutatingRemoveAllMarketDataOrdersVisitor - [ORDERBOOK] Removing level:110
14:23:23.798 [main] INFO  c.o.v.MutatingRemoveAllMarketDataOrdersVisitor - [ORDERBOOK] Removing market data order:MktData(price=115,quantity=5000)
14:23:23.798 [main] INFO  c.o.v.MutatingRemoveAllMarketDataOrdersVisitor - [ORDERBOOK] Removing level:115
14:23:23.798 [main] INFO  c.o.v.MutatingRemoveAllMarketDataOrdersVisitor - [ORDERBOOK] Removing market data order:MktData(price=119,quantity=5600)
14:23:23.798 [main] INFO  c.o.v.MutatingRemoveAllMarketDataOrdersVisitor - [ORDERBOOK] Removing level:119
14:23:23.798 [main] DEBUG c.orderbook.OrderBook - [ORDERBOOK] ASK: Adding orderMktData(price=98,quantity=501)
14:23:23.808 [main] INFO  c.o.v.MutatingMatchOneMarketDataOrderVisitor - [ORDERBOOK] visiting LevelOrderBookLevel(price=98,quantity=3408486046105700)
14:23:23.808 [main] INFO  c.o.v.MutatingMatchOneMarketDataOrderVisitor - [ORDERBOOK] Have found order we can match:Limit(side=BUY,orderId=3,price=98,quantity=200)(MktData(price=98,quantity=501))
14:23:23.808 [main] INFO  c.o.v.MutatingMatchOneMarketDataOrderVisitor - Filled:200@98
14:23:23.808 [main] INFO  c.o.v.MutatingMatchOneMarketDataOrderVisitor - [ORDERBOOK] Filled 200@98 for order:Limit(side=BUY,orderId=3,price=98,quantity=200)
14:23:23.819 [main] INFO  c.orderbook.channel.OrderChannel - [ORDERBOOK] publishing fill to stream: [FillOrder](sbeTemplateId=10|sbeSchemaId=2|sbeSchemaVersion=0|sbeBlockLength=24):orderId=3|quantity=200|price=98
14:23:23.826 [main] INFO  c.sequencer.consumer.LoggingConsumer - [173] [FillOrder](sbeTemplateId=10|sbeSchemaId=2|sbeSchemaVersion=0|sbeBlockLength=24):orderId=3|quantity=200|price=98
14:23:23.827 [main] INFO  c.gettingstarted.MyAlgoLogic - [MYALGO] The state of the order book is:
|----BID-----||----ASK----|
3408486046105700 @ 98   101 @ 100
    200 @ 95   200 @ 110
    300 @ 91  5000 @ 115
          -   5600 @ 119
|------------||-----------|

14:23:23.827 [main] INFO  c.gettingstarted.MyAlgoLogic - [MYALGO] Algo Sees SheZa
14:23:23.827 [main] INFO  c.gettingstarted.MyAlgoLogic - [MYALGO] Algo Sees Book as:
|----BID-----||----ASK----|
3408486046105700 @ 98   101 @ 100
    200 @ 95   200 @ 110
    300 @ 91  5000 @ 115
          -   5600 @ 119
|------------||-----------|

14:23:23.827 [main] INFO  c.gettingstarted.MyAlgoLogic - [MYALGO] Have:45 children, want 45, done.
14:23:23.827 [main] INFO  c.o.v.MutatingMatchOneMarketDataOrderVisitor - [ORDERBOOK] Have found order we can match:Limit(side=BUY,orderId=5,price=98,quantity=800)(MktData(price=98,quantity=501))
14:23:23.827 [main] INFO  c.o.v.MutatingMatchOneMarketDataOrderVisitor - Filled:301@98
14:23:23.827 [main] INFO  c.o.v.MutatingMatchOneMarketDataOrderVisitor - [ORDERBOOK] Filled 301@98 for order:Limit(side=BUY,orderId=5,price=98,quantity=499)
14:23:23.827 [main] INFO  c.orderbook.channel.OrderChannel - [ORDERBOOK] publishing fill to stream: [FillOrder](sbeTemplateId=10|sbeSchemaId=2|sbeSchemaVersion=0|sbeBlockLength=24):orderId=5|quantity=301|price=98
14:23:23.827 [main] INFO  c.sequencer.consumer.LoggingConsumer - [174] [FillOrder](sbeTemplateId=10|sbeSchemaId=2|sbeSchemaVersion=0|sbeBlockLength=24):orderId=5|quantity=301|price=98
14:23:23.827 [main] INFO  c.gettingstarted.MyAlgoLogic - [MYALGO] The state of the order book is:
|----BID-----||----ASK----|
3408486046105700 @ 98   101 @ 100
    200 @ 95   200 @ 110
    300 @ 91  5000 @ 115
          -   5600 @ 119
|------------||-----------|

14:23:23.827 [main] INFO  c.gettingstarted.MyAlgoLogic - [MYALGO] Algo Sees SheZa
14:23:23.827 [main] INFO  c.gettingstarted.MyAlgoLogic - [MYALGO] Algo Sees Book as:
|----BID-----||----ASK----|
3408486046105700 @ 98   101 @ 100
    200 @ 95   200 @ 110
    300 @ 91  5000 @ 115
          -   5600 @ 119
|------------||-----------|

14:23:23.827 [main] INFO  c.gettingstarted.MyAlgoLogic - [MYALGO] Have:45 children, want 45, done.
14:23:23.827 [main] INFO  c.o.v.MutatingMatchOneMarketDataOrderVisitor - [ORDERBOOK] Have found order we can match:Limit(side=BUY,orderId=7,price=98,quantity=3200)(MktData(price=98,quantity=501))
14:23:23.827 [main] INFO  c.o.v.MutatingMatchOneMarketDataOrderVisitor - Filled:0@98
14:23:23.827 [main] INFO  c.o.v.MutatingMatchOneMarketDataOrderVisitor - [ORDERBOOK] Filled 0@98 for order:Limit(side=BUY,orderId=7,price=98,quantity=3200)
14:23:23.827 [main] INFO  c.orderbook.channel.OrderChannel - [ORDERBOOK] publishing fill to stream: [FillOrder](sbeTemplateId=10|sbeSchemaId=2|sbeSchemaVersion=0|sbeBlockLength=24):orderId=7|quantity=0|price=98
14:23:23.827 [main] INFO  c.sequencer.consumer.LoggingConsumer - [175] [FillOrder](sbeTemplateId=10|sbeSchemaId=2|sbeSchemaVersion=0|sbeBlockLength=24):orderId=7|quantity=0|price=98
14:23:23.827 [main] INFO  c.gettingstarted.MyAlgoLogic - [MYALGO] The state of the order book is:
|----BID-----||----ASK----|
3408486046105700 @ 98   101 @ 100
    200 @ 95   200 @ 110
    300 @ 91  5000 @ 115
          -   5600 @ 119
|------------||-----------|

14:23:23.827 [main] INFO  c.gettingstarted.MyAlgoLogic - [MYALGO] Algo Sees SheZa
14:23:23.827 [main] INFO  c.gettingstarted.MyAlgoLogic - [MYALGO] Algo Sees Book as:
|----BID-----||----ASK----|
3408486046105700 @ 98   101 @ 100
    200 @ 95   200 @ 110
    300 @ 91  5000 @ 115
          -   5600 @ 119
|------------||-----------|

14:23:23.827 [main] INFO  c.gettingstarted.MyAlgoLogic - [MYALGO] Have:45 children, want 45, done.
14:23:23.827 [main] INFO  c.o.v.MutatingMatchOneMarketDataOrderVisitor - [ORDERBOOK] Have found order we can match:Limit(side=BUY,orderId=9,price=98,quantity=12800)(MktData(price=98,quantity=501))
14:23:23.827 [main] INFO  c.o.v.MutatingMatchOneMarketDataOrderVisitor - Filled:0@98
14:23:23.827 [main] INFO  c.o.v.MutatingMatchOneMarketDataOrderVisitor - [ORDERBOOK] Filled 0@98 for order:Limit(side=BUY,orderId=9,price=98,quantity=12800)
14:23:23.827 [main] INFO  c.orderbook.channel.OrderChannel - [ORDERBOOK] publishing fill to stream: [FillOrder](sbeTemplateId=10|sbeSchemaId=2|sbeSchemaVersion=0|sbeBlockLength=24):orderId=9|quantity=0|price=98
14:23:23.827 [main] INFO  c.sequencer.consumer.LoggingConsumer - [176] [FillOrder](sbeTemplateId=10|sbeSchemaId=2|sbeSchemaVersion=0|sbeBlockLength=24):orderId=9|quantity=0|price=98
14:23:23.827 [main] INFO  c.gettingstarted.MyAlgoLogic - [MYALGO] The state of the order book is:
|----BID-----||----ASK----|
3408486046105700 @ 98   101 @ 100
    200 @ 95   200 @ 110
    300 @ 91  5000 @ 115
          -   5600 @ 119
|------------||-----------|

14:23:23.827 [main] INFO  c.gettingstarted.MyAlgoLogic - [MYALGO] Algo Sees SheZa
14:23:23.827 [main] INFO  c.gettingstarted.MyAlgoLogic - [MYALGO] Algo Sees Book as:
|----BID-----||----ASK----|
3408486046105700 @ 98   101 @ 100
    200 @ 95   200 @ 110
    300 @ 91  5000 @ 115
          -   5600 @ 119
|------------||-----------|

14:23:23.827 [main] INFO  c.gettingstarted.MyAlgoLogic - [MYALGO] Have:45 children, want 45, done.
14:23:23.827 [main] INFO  c.o.v.MutatingMatchOneMarketDataOrderVisitor - [ORDERBOOK] Have found order we can match:Limit(side=BUY,orderId=11,price=98,quantity=51200)(MktData(price=98,quantity=501))
14:23:23.827 [main] INFO  c.o.v.MutatingMatchOneMarketDataOrderVisitor - Filled:0@98
14:23:23.827 [main] INFO  c.o.v.MutatingMatchOneMarketDataOrderVisitor - [ORDERBOOK] Filled 0@98 for order:Limit(side=BUY,orderId=11,price=98,quantity=51200)
14:23:23.827 [main] INFO  c.orderbook.channel.OrderChannel - [ORDERBOOK] publishing fill to stream: [FillOrder](sbeTemplateId=10|sbeSchemaId=2|sbeSchemaVersion=0|sbeBlockLength=24):orderId=11|quantity=0|price=98
14:23:23.827 [main] INFO  c.sequencer.consumer.LoggingConsumer - [177] [FillOrder](sbeTemplateId=10|sbeSchemaId=2|sbeSchemaVersion=0|sbeBlockLength=24):orderId=11|quantity=0|price=98
14:23:23.827 [main] INFO  c.gettingstarted.MyAlgoLogic - [MYALGO] The state of the order book is:
|----BID-----||----ASK----|
3408486046105700 @ 98   101 @ 100
    200 @ 95   200 @ 110
    300 @ 91  5000 @ 115
          -   5600 @ 119
|------------||-----------|

14:23:23.827 [main] INFO  c.gettingstarted.MyAlgoLogic - [MYALGO] Algo Sees SheZa
14:23:23.827 [main] INFO  c.gettingstarted.MyAlgoLogic - [MYALGO] Algo Sees Book as:
|----BID-----||----ASK----|
3408486046105700 @ 98   101 @ 100
    200 @ 95   200 @ 110
    300 @ 91  5000 @ 115
          -   5600 @ 119
|------------||-----------|

14:23:23.827 [main] INFO  c.gettingstarted.MyAlgoLogic - [MYALGO] Have:45 children, want 45, done.
14:23:23.827 [main] INFO  c.o.v.MutatingMatchOneMarketDataOrderVisitor - [ORDERBOOK] Have found order we can match:Limit(side=BUY,orderId=13,price=98,quantity=204800)(MktData(price=98,quantity=501))
14:23:23.827 [main] INFO  c.o.v.MutatingMatchOneMarketDataOrderVisitor - Filled:0@98
14:23:23.827 [main] INFO  c.o.v.MutatingMatchOneMarketDataOrderVisitor - [ORDERBOOK] Filled 0@98 for order:Limit(side=BUY,orderId=13,price=98,quantity=204800)
14:23:23.827 [main] INFO  c.orderbook.channel.OrderChannel - [ORDERBOOK] publishing fill to stream: [FillOrder](sbeTemplateId=10|sbeSchemaId=2|sbeSchemaVersion=0|sbeBlockLength=24):orderId=13|quantity=0|price=98
14:23:23.827 [main] INFO  c.sequencer.consumer.LoggingConsumer - [178] [FillOrder](sbeTemplateId=10|sbeSchemaId=2|sbeSchemaVersion=0|sbeBlockLength=24):orderId=13|quantity=0|price=98
14:23:23.827 [main] INFO  c.gettingstarted.MyAlgoLogic - [MYALGO] The state of the order book is:
|----BID-----||----ASK----|
3408486046105700 @ 98   101 @ 100
    200 @ 95   200 @ 110
    300 @ 91  5000 @ 115
          -   5600 @ 119
|------------||-----------|

14:23:23.827 [main] INFO  c.gettingstarted.MyAlgoLogic - [MYALGO] Algo Sees SheZa
14:23:23.827 [main] INFO  c.gettingstarted.MyAlgoLogic - [MYALGO] Algo Sees Book as:
|----BID-----||----ASK----|
3408486046105700 @ 98   101 @ 100
    200 @ 95   200 @ 110
    300 @ 91  5000 @ 115
          -   5600 @ 119
|------------||-----------|

14:23:23.827 [main] INFO  c.gettingstarted.MyAlgoLogic - [MYALGO] Have:45 children, want 45, done.
14:23:23.827 [main] INFO  c.o.v.MutatingMatchOneMarketDataOrderVisitor - [ORDERBOOK] Have found order we can match:Limit(side=BUY,orderId=15,price=98,quantity=819200)(MktData(price=98,quantity=501))
14:23:23.827 [main] INFO  c.o.v.MutatingMatchOneMarketDataOrderVisitor - Filled:0@98
14:23:23.827 [main] INFO  c.o.v.MutatingMatchOneMarketDataOrderVisitor - [ORDERBOOK] Filled 0@98 for order:Limit(side=BUY,orderId=15,price=98,quantity=819200)
14:23:23.827 [main] INFO  c.orderbook.channel.OrderChannel - [ORDERBOOK] publishing fill to stream: [FillOrder](sbeTemplateId=10|sbeSchemaId=2|sbeSchemaVersion=0|sbeBlockLength=24):orderId=15|quantity=0|price=98
14:23:23.827 [main] INFO  c.sequencer.consumer.LoggingConsumer - [179] [FillOrder](sbeTemplateId=10|sbeSchemaId=2|sbeSchemaVersion=0|sbeBlockLength=24):orderId=15|quantity=0|price=98
14:23:23.827 [main] INFO  c.gettingstarted.MyAlgoLogic - [MYALGO] The state of the order book is:
|----BID-----||----ASK----|
3408486046105700 @ 98   101 @ 100
    200 @ 95   200 @ 110
    300 @ 91  5000 @ 115
          -   5600 @ 119
|------------||-----------|

14:23:23.827 [main] INFO  c.gettingstarted.MyAlgoLogic - [MYALGO] Algo Sees SheZa
14:23:23.827 [main] INFO  c.gettingstarted.MyAlgoLogic - [MYALGO] Algo Sees Book as:
|----BID-----||----ASK----|
3408486046105700 @ 98   101 @ 100
    200 @ 95   200 @ 110
    300 @ 91  5000 @ 115
          -   5600 @ 119
|------------||-----------|

14:23:23.827 [main] INFO  c.gettingstarted.MyAlgoLogic - [MYALGO] Have:45 children, want 45, done.
14:23:23.827 [main] INFO  c.o.v.MutatingMatchOneMarketDataOrderVisitor - [ORDERBOOK] Have found order we can match:Limit(side=BUY,orderId=17,price=98,quantity=3276800)(MktData(price=98,quantity=501))
14:23:23.827 [main] INFO  c.o.v.MutatingMatchOneMarketDataOrderVisitor - Filled:0@98
14:23:23.827 [main] INFO  c.o.v.MutatingMatchOneMarketDataOrderVisitor - [ORDERBOOK] Filled 0@98 for order:Limit(side=BUY,orderId=17,price=98,quantity=3276800)
14:23:23.827 [main] INFO  c.orderbook.channel.OrderChannel - [ORDERBOOK] publishing fill to stream: [FillOrder](sbeTemplateId=10|sbeSchemaId=2|sbeSchemaVersion=0|sbeBlockLength=24):orderId=17|quantity=0|price=98
14:23:23.827 [main] INFO  c.sequencer.consumer.LoggingConsumer - [180] [FillOrder](sbeTemplateId=10|sbeSchemaId=2|sbeSchemaVersion=0|sbeBlockLength=24):orderId=17|quantity=0|price=98
14:23:23.827 [main] INFO  c.gettingstarted.MyAlgoLogic - [MYALGO] The state of the order book is:
|----BID-----||----ASK----|
3408486046105700 @ 98   101 @ 100
    200 @ 95   200 @ 110
    300 @ 91  5000 @ 115
          -   5600 @ 119
|------------||-----------|

14:23:23.827 [main] INFO  c.gettingstarted.MyAlgoLogic - [MYALGO] Algo Sees SheZa
14:23:23.827 [main] INFO  c.gettingstarted.MyAlgoLogic - [MYALGO] Algo Sees Book as:
|----BID-----||----ASK----|
3408486046105700 @ 98   101 @ 100
    200 @ 95   200 @ 110
    300 @ 91  5000 @ 115
          -   5600 @ 119
|------------||-----------|

14:23:23.827 [main] INFO  c.gettingstarted.MyAlgoLogic - [MYALGO] Have:45 children, want 45, done.
14:23:23.827 [main] INFO  c.o.v.MutatingMatchOneMarketDataOrderVisitor - [ORDERBOOK] Have found order we can match:Limit(side=BUY,orderId=19,price=98,quantity=13107200)(MktData(price=98,quantity=501))
14:23:23.827 [main] INFO  c.o.v.MutatingMatchOneMarketDataOrderVisitor - Filled:0@98
14:23:23.827 [main] INFO  c.o.v.MutatingMatchOneMarketDataOrderVisitor - [ORDERBOOK] Filled 0@98 for order:Limit(side=BUY,orderId=19,price=98,quantity=13107200)
14:23:23.827 [main] INFO  c.orderbook.channel.OrderChannel - [ORDERBOOK] publishing fill to stream: [FillOrder](sbeTemplateId=10|sbeSchemaId=2|sbeSchemaVersion=0|sbeBlockLength=24):orderId=19|quantity=0|price=98
14:23:23.827 [main] INFO  c.sequencer.consumer.LoggingConsumer - [181] [FillOrder](sbeTemplateId=10|sbeSchemaId=2|sbeSchemaVersion=0|sbeBlockLength=24):orderId=19|quantity=0|price=98
14:23:23.827 [main] INFO  c.gettingstarted.MyAlgoLogic - [MYALGO] The state of the order book is:
|----BID-----||----ASK----|
3408486046105700 @ 98   101 @ 100
    200 @ 95   200 @ 110
    300 @ 91  5000 @ 115
          -   5600 @ 119
|------------||-----------|

14:23:23.827 [main] INFO  c.gettingstarted.MyAlgoLogic - [MYALGO] Algo Sees SheZa
14:23:23.827 [main] INFO  c.gettingstarted.MyAlgoLogic - [MYALGO] Algo Sees Book as:
|----BID-----||----ASK----|
3408486046105700 @ 98   101 @ 100
    200 @ 95   200 @ 110
    300 @ 91  5000 @ 115
          -   5600 @ 119
|------------||-----------|

14:23:23.827 [main] INFO  c.gettingstarted.MyAlgoLogic - [MYALGO] Have:45 children, want 45, done.
14:23:23.827 [main] INFO  c.o.v.MutatingMatchOneMarketDataOrderVisitor - [ORDERBOOK] Have found order we can match:Limit(side=BUY,orderId=21,price=98,quantity=52428800)(MktData(price=98,quantity=501))
14:23:23.827 [main] INFO  c.o.v.MutatingMatchOneMarketDataOrderVisitor - Filled:0@98
14:23:23.827 [main] INFO  c.o.v.MutatingMatchOneMarketDataOrderVisitor - [ORDERBOOK] Filled 0@98 for order:Limit(side=BUY,orderId=21,price=98,quantity=52428800)
14:23:23.827 [main] INFO  c.orderbook.channel.OrderChannel - [ORDERBOOK] publishing fill to stream: [FillOrder](sbeTemplateId=10|sbeSchemaId=2|sbeSchemaVersion=0|sbeBlockLength=24):orderId=21|quantity=0|price=98
14:23:23.827 [main] INFO  c.sequencer.consumer.LoggingConsumer - [182] [FillOrder](sbeTemplateId=10|sbeSchemaId=2|sbeSchemaVersion=0|sbeBlockLength=24):orderId=21|quantity=0|price=98
14:23:23.827 [main] INFO  c.gettingstarted.MyAlgoLogic - [MYALGO] The state of the order book is:
|----BID-----||----ASK----|
3408486046105700 @ 98   101 @ 100
    200 @ 95   200 @ 110
    300 @ 91  5000 @ 115
          -   5600 @ 119
|------------||-----------|

14:23:23.827 [main] INFO  c.gettingstarted.MyAlgoLogic - [MYALGO] Algo Sees SheZa
14:23:23.827 [main] INFO  c.gettingstarted.MyAlgoLogic - [MYALGO] Algo Sees Book as:
|----BID-----||----ASK----|
3408486046105700 @ 98   101 @ 100
    200 @ 95   200 @ 110
    300 @ 91  5000 @ 115
          -   5600 @ 119
|------------||-----------|

14:23:23.827 [main] INFO  c.gettingstarted.MyAlgoLogic - [MYALGO] Have:45 children, want 45, done.
14:23:23.827 [main] INFO  c.o.v.MutatingMatchOneMarketDataOrderVisitor - [ORDERBOOK] Have found order we can match:Limit(side=BUY,orderId=23,price=98,quantity=209715200)(MktData(price=98,quantity=501))
14:23:23.827 [main] INFO  c.o.v.MutatingMatchOneMarketDataOrderVisitor - Filled:0@98
14:23:23.827 [main] INFO  c.o.v.MutatingMatchOneMarketDataOrderVisitor - [ORDERBOOK] Filled 0@98 for order:Limit(side=BUY,orderId=23,price=98,quantity=209715200)
14:23:23.827 [main] INFO  c.orderbook.channel.OrderChannel - [ORDERBOOK] publishing fill to stream: [FillOrder](sbeTemplateId=10|sbeSchemaId=2|sbeSchemaVersion=0|sbeBlockLength=24):orderId=23|quantity=0|price=98
14:23:23.827 [main] INFO  c.sequencer.consumer.LoggingConsumer - [183] [FillOrder](sbeTemplateId=10|sbeSchemaId=2|sbeSchemaVersion=0|sbeBlockLength=24):orderId=23|quantity=0|price=98
14:23:23.827 [main] INFO  c.gettingstarted.MyAlgoLogic - [MYALGO] The state of the order book is:
|----BID-----||----ASK----|
3408486046105700 @ 98   101 @ 100
    200 @ 95   200 @ 110
    300 @ 91  5000 @ 115
          -   5600 @ 119
|------------||-----------|

14:23:23.827 [main] INFO  c.gettingstarted.MyAlgoLogic - [MYALGO] Algo Sees SheZa
14:23:23.827 [main] INFO  c.gettingstarted.MyAlgoLogic - [MYALGO] Algo Sees Book as:
|----BID-----||----ASK----|
3408486046105700 @ 98   101 @ 100
    200 @ 95   200 @ 110
    300 @ 91  5000 @ 115
          -   5600 @ 119
|------------||-----------|

14:23:23.827 [main] INFO  c.gettingstarted.MyAlgoLogic - [MYALGO] Have:45 children, want 45, done.
14:23:23.827 [main] INFO  c.o.v.MutatingMatchOneMarketDataOrderVisitor - [ORDERBOOK] Have found order we can match:Limit(side=BUY,orderId=25,price=98,quantity=838860800)(MktData(price=98,quantity=501))
14:23:23.827 [main] INFO  c.o.v.MutatingMatchOneMarketDataOrderVisitor - Filled:0@98
14:23:23.827 [main] INFO  c.o.v.MutatingMatchOneMarketDataOrderVisitor - [ORDERBOOK] Filled 0@98 for order:Limit(side=BUY,orderId=25,price=98,quantity=838860800)
14:23:23.827 [main] INFO  c.orderbook.channel.OrderChannel - [ORDERBOOK] publishing fill to stream: [FillOrder](sbeTemplateId=10|sbeSchemaId=2|sbeSchemaVersion=0|sbeBlockLength=24):orderId=25|quantity=0|price=98
14:23:23.827 [main] INFO  c.sequencer.consumer.LoggingConsumer - [184] [FillOrder](sbeTemplateId=10|sbeSchemaId=2|sbeSchemaVersion=0|sbeBlockLength=24):orderId=25|quantity=0|price=98
14:23:23.827 [main] INFO  c.gettingstarted.MyAlgoLogic - [MYALGO] The state of the order book is:
|----BID-----||----ASK----|
3408486046105700 @ 98   101 @ 100
    200 @ 95   200 @ 110
    300 @ 91  5000 @ 115
          -   5600 @ 119
|------------||-----------|

14:23:23.827 [main] INFO  c.gettingstarted.MyAlgoLogic - [MYALGO] Algo Sees SheZa
14:23:23.827 [main] INFO  c.gettingstarted.MyAlgoLogic - [MYALGO] Algo Sees Book as:
|----BID-----||----ASK----|
3408486046105700 @ 98   101 @ 100
    200 @ 95   200 @ 110
    300 @ 91  5000 @ 115
          -   5600 @ 119
|------------||-----------|

14:23:23.827 [main] INFO  c.gettingstarted.MyAlgoLogic - [MYALGO] Have:45 children, want 45, done.
14:23:23.827 [main] INFO  c.o.v.MutatingMatchOneMarketDataOrderVisitor - [ORDERBOOK] Have found order we can match:Limit(side=BUY,orderId=27,price=98,quantity=3355443200)(MktData(price=98,quantity=501))
14:23:23.827 [main] INFO  c.o.v.MutatingMatchOneMarketDataOrderVisitor - Filled:0@98
14:23:23.827 [main] INFO  c.o.v.MutatingMatchOneMarketDataOrderVisitor - [ORDERBOOK] Filled 0@98 for order:Limit(side=BUY,orderId=27,price=98,quantity=3355443200)
14:23:23.827 [main] INFO  c.orderbook.channel.OrderChannel - [ORDERBOOK] publishing fill to stream: [FillOrder](sbeTemplateId=10|sbeSchemaId=2|sbeSchemaVersion=0|sbeBlockLength=24):orderId=27|quantity=0|price=98
14:23:23.827 [main] INFO  c.sequencer.consumer.LoggingConsumer - [185] [FillOrder](sbeTemplateId=10|sbeSchemaId=2|sbeSchemaVersion=0|sbeBlockLength=24):orderId=27|quantity=0|price=98
14:23:23.827 [main] INFO  c.gettingstarted.MyAlgoLogic - [MYALGO] The state of the order book is:
|----BID-----||----ASK----|
3408486046105700 @ 98   101 @ 100
    200 @ 95   200 @ 110
    300 @ 91  5000 @ 115
          -   5600 @ 119
|------------||-----------|

14:23:23.827 [main] INFO  c.gettingstarted.MyAlgoLogic - [MYALGO] Algo Sees SheZa
14:23:23.827 [main] INFO  c.gettingstarted.MyAlgoLogic - [MYALGO] Algo Sees Book as:
|----BID-----||----ASK----|
3408486046105700 @ 98   101 @ 100
    200 @ 95   200 @ 110
    300 @ 91  5000 @ 115
          -   5600 @ 119
|------------||-----------|

14:23:23.827 [main] INFO  c.gettingstarted.MyAlgoLogic - [MYALGO] Have:45 children, want 45, done.
14:23:23.827 [main] INFO  c.o.v.MutatingMatchOneMarketDataOrderVisitor - [ORDERBOOK] Have found order we can match:Limit(side=BUY,orderId=29,price=98,quantity=13421772800)(MktData(price=98,quantity=501))
14:23:23.827 [main] INFO  c.o.v.MutatingMatchOneMarketDataOrderVisitor - Filled:0@98
14:23:23.827 [main] INFO  c.o.v.MutatingMatchOneMarketDataOrderVisitor - [ORDERBOOK] Filled 0@98 for order:Limit(side=BUY,orderId=29,price=98,quantity=13421772800)
14:23:23.827 [main] INFO  c.orderbook.channel.OrderChannel - [ORDERBOOK] publishing fill to stream: [FillOrder](sbeTemplateId=10|sbeSchemaId=2|sbeSchemaVersion=0|sbeBlockLength=24):orderId=29|quantity=0|price=98
14:23:23.827 [main] INFO  c.sequencer.consumer.LoggingConsumer - [186] [FillOrder](sbeTemplateId=10|sbeSchemaId=2|sbeSchemaVersion=0|sbeBlockLength=24):orderId=29|quantity=0|price=98
14:23:23.827 [main] INFO  c.gettingstarted.MyAlgoLogic - [MYALGO] The state of the order book is:
|----BID-----||----ASK----|
3408486046105700 @ 98   101 @ 100
    200 @ 95   200 @ 110
    300 @ 91  5000 @ 115
          -   5600 @ 119
|------------||-----------|

14:23:23.827 [main] INFO  c.gettingstarted.MyAlgoLogic - [MYALGO] Algo Sees SheZa
14:23:23.827 [main] INFO  c.gettingstarted.MyAlgoLogic - [MYALGO] Algo Sees Book as:
|----BID-----||----ASK----|
3408486046105700 @ 98   101 @ 100
    200 @ 95   200 @ 110
    300 @ 91  5000 @ 115
          -   5600 @ 119
|------------||-----------|

14:23:23.827 [main] INFO  c.gettingstarted.MyAlgoLogic - [MYALGO] Have:45 children, want 45, done.
14:23:23.827 [main] INFO  c.o.v.MutatingMatchOneMarketDataOrderVisitor - [ORDERBOOK] Have found order we can match:Limit(side=BUY,orderId=31,price=98,quantity=53687091200)(MktData(price=98,quantity=501))
14:23:23.827 [main] INFO  c.o.v.MutatingMatchOneMarketDataOrderVisitor - Filled:0@98
14:23:23.827 [main] INFO  c.o.v.MutatingMatchOneMarketDataOrderVisitor - [ORDERBOOK] Filled 0@98 for order:Limit(side=BUY,orderId=31,price=98,quantity=53687091200)
14:23:23.827 [main] INFO  c.orderbook.channel.OrderChannel - [ORDERBOOK] publishing fill to stream: [FillOrder](sbeTemplateId=10|sbeSchemaId=2|sbeSchemaVersion=0|sbeBlockLength=24):orderId=31|quantity=0|price=98
14:23:23.835 [main] INFO  c.sequencer.consumer.LoggingConsumer - [187] [FillOrder](sbeTemplateId=10|sbeSchemaId=2|sbeSchemaVersion=0|sbeBlockLength=24):orderId=31|quantity=0|price=98
14:23:23.835 [main] INFO  c.gettingstarted.MyAlgoLogic - [MYALGO] The state of the order book is:
|----BID-----||----ASK----|
3408486046105700 @ 98   101 @ 100
    200 @ 95   200 @ 110
    300 @ 91  5000 @ 115
          -   5600 @ 119
|------------||-----------|

14:23:23.835 [main] INFO  c.gettingstarted.MyAlgoLogic - [MYALGO] Algo Sees SheZa
14:23:23.835 [main] INFO  c.gettingstarted.MyAlgoLogic - [MYALGO] Algo Sees Book as:
|----BID-----||----ASK----|
3408486046105700 @ 98   101 @ 100
    200 @ 95   200 @ 110
    300 @ 91  5000 @ 115
          -   5600 @ 119
|------------||-----------|

14:23:23.835 [main] INFO  c.gettingstarted.MyAlgoLogic - [MYALGO] Have:45 children, want 45, done.
14:23:23.835 [main] INFO  c.o.v.MutatingMatchOneMarketDataOrderVisitor - [ORDERBOOK] Have found order we can match:Limit(side=BUY,orderId=33,price=98,quantity=214748364800)(MktData(price=98,quantity=501))
14:23:23.835 [main] INFO  c.o.v.MutatingMatchOneMarketDataOrderVisitor - Filled:0@98
14:23:23.835 [main] INFO  c.o.v.MutatingMatchOneMarketDataOrderVisitor - [ORDERBOOK] Filled 0@98 for order:Limit(side=BUY,orderId=33,price=98,quantity=214748364800)
14:23:23.835 [main] INFO  c.orderbook.channel.OrderChannel - [ORDERBOOK] publishing fill to stream: [FillOrder](sbeTemplateId=10|sbeSchemaId=2|sbeSchemaVersion=0|sbeBlockLength=24):orderId=33|quantity=0|price=98
14:23:23.835 [main] INFO  c.sequencer.consumer.LoggingConsumer - [188] [FillOrder](sbeTemplateId=10|sbeSchemaId=2|sbeSchemaVersion=0|sbeBlockLength=24):orderId=33|quantity=0|price=98
14:23:23.835 [main] INFO  c.gettingstarted.MyAlgoLogic - [MYALGO] The state of the order book is:
|----BID-----||----ASK----|
3408486046105700 @ 98   101 @ 100
    200 @ 95   200 @ 110
    300 @ 91  5000 @ 115
          -   5600 @ 119
|------------||-----------|

14:23:23.835 [main] INFO  c.gettingstarted.MyAlgoLogic - [MYALGO] Algo Sees SheZa
14:23:23.835 [main] INFO  c.gettingstarted.MyAlgoLogic - [MYALGO] Algo Sees Book as:
|----BID-----||----ASK----|
3408486046105700 @ 98   101 @ 100
    200 @ 95   200 @ 110
    300 @ 91  5000 @ 115
          -   5600 @ 119
|------------||-----------|

14:23:23.835 [main] INFO  c.gettingstarted.MyAlgoLogic - [MYALGO] Have:45 children, want 45, done.
14:23:23.835 [main] INFO  c.o.v.MutatingMatchOneMarketDataOrderVisitor - [ORDERBOOK] Have found order we can match:Limit(side=BUY,orderId=35,price=98,quantity=858993459200)(MktData(price=98,quantity=501))
14:23:23.835 [main] INFO  c.o.v.MutatingMatchOneMarketDataOrderVisitor - Filled:0@98
14:23:23.835 [main] INFO  c.o.v.MutatingMatchOneMarketDataOrderVisitor - [ORDERBOOK] Filled 0@98 for order:Limit(side=BUY,orderId=35,price=98,quantity=858993459200)
14:23:23.835 [main] INFO  c.orderbook.channel.OrderChannel - [ORDERBOOK] publishing fill to stream: [FillOrder](sbeTemplateId=10|sbeSchemaId=2|sbeSchemaVersion=0|sbeBlockLength=24):orderId=35|quantity=0|price=98
14:23:23.835 [main] INFO  c.sequencer.consumer.LoggingConsumer - [189] [FillOrder](sbeTemplateId=10|sbeSchemaId=2|sbeSchemaVersion=0|sbeBlockLength=24):orderId=35|quantity=0|price=98
14:23:23.835 [main] INFO  c.gettingstarted.MyAlgoLogic - [MYALGO] The state of the order book is:
|----BID-----||----ASK----|
3408486046105700 @ 98   101 @ 100
    200 @ 95   200 @ 110
    300 @ 91  5000 @ 115
          -   5600 @ 119
|------------||-----------|

14:23:23.835 [main] INFO  c.gettingstarted.MyAlgoLogic - [MYALGO] Algo Sees SheZa
14:23:23.835 [main] INFO  c.gettingstarted.MyAlgoLogic - [MYALGO] Algo Sees Book as:
|----BID-----||----ASK----|
3408486046105700 @ 98   101 @ 100
    200 @ 95   200 @ 110
    300 @ 91  5000 @ 115
          -   5600 @ 119
|------------||-----------|

14:23:23.835 [main] INFO  c.gettingstarted.MyAlgoLogic - [MYALGO] Have:45 children, want 45, done.
14:23:23.835 [main] INFO  c.o.v.MutatingMatchOneMarketDataOrderVisitor - [ORDERBOOK] Have found order we can match:Limit(side=BUY,orderId=37,price=98,quantity=3435973836800)(MktData(price=98,quantity=501))
14:23:23.835 [main] INFO  c.o.v.MutatingMatchOneMarketDataOrderVisitor - Filled:0@98
14:23:23.835 [main] INFO  c.o.v.MutatingMatchOneMarketDataOrderVisitor - [ORDERBOOK] Filled 0@98 for order:Limit(side=BUY,orderId=37,price=98,quantity=3435973836800)
14:23:23.835 [main] INFO  c.orderbook.channel.OrderChannel - [ORDERBOOK] publishing fill to stream: [FillOrder](sbeTemplateId=10|sbeSchemaId=2|sbeSchemaVersion=0|sbeBlockLength=24):orderId=37|quantity=0|price=98
14:23:23.835 [main] INFO  c.sequencer.consumer.LoggingConsumer - [190] [FillOrder](sbeTemplateId=10|sbeSchemaId=2|sbeSchemaVersion=0|sbeBlockLength=24):orderId=37|quantity=0|price=98
14:23:23.835 [main] INFO  c.gettingstarted.MyAlgoLogic - [MYALGO] The state of the order book is:
|----BID-----||----ASK----|
3408486046105700 @ 98   101 @ 100
    200 @ 95   200 @ 110
    300 @ 91  5000 @ 115
          -   5600 @ 119
|------------||-----------|

14:23:23.835 [main] INFO  c.gettingstarted.MyAlgoLogic - [MYALGO] Algo Sees SheZa
14:23:23.836 [main] INFO  c.gettingstarted.MyAlgoLogic - [MYALGO] Algo Sees Book as:
|----BID-----||----ASK----|
3408486046105700 @ 98   101 @ 100
    200 @ 95   200 @ 110
    300 @ 91  5000 @ 115
          -   5600 @ 119
|------------||-----------|

14:23:23.836 [main] INFO  c.gettingstarted.MyAlgoLogic - [MYALGO] Have:45 children, want 45, done.
14:23:23.836 [main] INFO  c.o.v.MutatingMatchOneMarketDataOrderVisitor - [ORDERBOOK] Have found order we can match:Limit(side=BUY,orderId=39,price=98,quantity=13743895347200)(MktData(price=98,quantity=501))
14:23:23.836 [main] INFO  c.o.v.MutatingMatchOneMarketDataOrderVisitor - Filled:0@98
14:23:23.836 [main] INFO  c.o.v.MutatingMatchOneMarketDataOrderVisitor - [ORDERBOOK] Filled 0@98 for order:Limit(side=BUY,orderId=39,price=98,quantity=13743895347200)
14:23:23.836 [main] INFO  c.orderbook.channel.OrderChannel - [ORDERBOOK] publishing fill to stream: [FillOrder](sbeTemplateId=10|sbeSchemaId=2|sbeSchemaVersion=0|sbeBlockLength=24):orderId=39|quantity=0|price=98
14:23:23.838 [main] INFO  c.sequencer.consumer.LoggingConsumer - [191] [FillOrder](sbeTemplateId=10|sbeSchemaId=2|sbeSchemaVersion=0|sbeBlockLength=24):orderId=39|quantity=0|price=98
14:23:23.838 [main] INFO  c.gettingstarted.MyAlgoLogic - [MYALGO] The state of the order book is:
|----BID-----||----ASK----|
3408486046105700 @ 98   101 @ 100
    200 @ 95   200 @ 110
    300 @ 91  5000 @ 115
          -   5600 @ 119
|------------||-----------|

14:23:23.838 [main] INFO  c.gettingstarted.MyAlgoLogic - [MYALGO] Algo Sees SheZa
14:23:23.838 [main] INFO  c.gettingstarted.MyAlgoLogic - [MYALGO] Algo Sees Book as:
|----BID-----||----ASK----|
3408486046105700 @ 98   101 @ 100
    200 @ 95   200 @ 110
    300 @ 91  5000 @ 115
          -   5600 @ 119
|------------||-----------|

14:23:23.838 [main] INFO  c.gettingstarted.MyAlgoLogic - [MYALGO] Have:45 children, want 45, done.
14:23:23.838 [main] INFO  c.o.v.MutatingMatchOneMarketDataOrderVisitor - [ORDERBOOK] Have found order we can match:Limit(side=BUY,orderId=41,price=98,quantity=54975581388800)(MktData(price=98,quantity=501))
14:23:23.838 [main] INFO  c.o.v.MutatingMatchOneMarketDataOrderVisitor - Filled:0@98
14:23:23.838 [main] INFO  c.o.v.MutatingMatchOneMarketDataOrderVisitor - [ORDERBOOK] Filled 0@98 for order:Limit(side=BUY,orderId=41,price=98,quantity=54975581388800)
14:23:23.838 [main] INFO  c.orderbook.channel.OrderChannel - [ORDERBOOK] publishing fill to stream: [FillOrder](sbeTemplateId=10|sbeSchemaId=2|sbeSchemaVersion=0|sbeBlockLength=24):orderId=41|quantity=0|price=98
14:23:23.838 [main] INFO  c.sequencer.consumer.LoggingConsumer - [192] [FillOrder](sbeTemplateId=10|sbeSchemaId=2|sbeSchemaVersion=0|sbeBlockLength=24):orderId=41|quantity=0|price=98
14:23:23.838 [main] INFO  c.gettingstarted.MyAlgoLogic - [MYALGO] The state of the order book is:
|----BID-----||----ASK----|
3408486046105700 @ 98   101 @ 100
    200 @ 95   200 @ 110
    300 @ 91  5000 @ 115
          -   5600 @ 119
|------------||-----------|

14:23:23.838 [main] INFO  c.gettingstarted.MyAlgoLogic - [MYALGO] Algo Sees SheZa
14:23:23.838 [main] INFO  c.gettingstarted.MyAlgoLogic - [MYALGO] Algo Sees Book as:
|----BID-----||----ASK----|
3408486046105700 @ 98   101 @ 100
    200 @ 95   200 @ 110
    300 @ 91  5000 @ 115
          -   5600 @ 119
|------------||-----------|

14:23:23.839 [main] INFO  c.gettingstarted.MyAlgoLogic - [MYALGO] Have:45 children, want 45, done.
14:23:23.839 [main] INFO  c.o.v.MutatingMatchOneMarketDataOrderVisitor - [ORDERBOOK] Have found order we can match:Limit(side=BUY,orderId=42,price=98,quantity=109951162777600)(MktData(price=98,quantity=501))
14:23:23.839 [main] INFO  c.o.v.MutatingMatchOneMarketDataOrderVisitor - Filled:0@98
14:23:23.839 [main] INFO  c.o.v.MutatingMatchOneMarketDataOrderVisitor - [ORDERBOOK] Filled 0@98 for order:Limit(side=BUY,orderId=42,price=98,quantity=109951162777600)
14:23:23.839 [main] INFO  c.orderbook.channel.OrderChannel - [ORDERBOOK] publishing fill to stream: [FillOrder](sbeTemplateId=10|sbeSchemaId=2|sbeSchemaVersion=0|sbeBlockLength=24):orderId=42|quantity=0|price=98
14:23:23.839 [main] INFO  c.sequencer.consumer.LoggingConsumer - [193] [FillOrder](sbeTemplateId=10|sbeSchemaId=2|sbeSchemaVersion=0|sbeBlockLength=24):orderId=42|quantity=0|price=98
14:23:23.839 [main] INFO  c.gettingstarted.MyAlgoLogic - [MYALGO] The state of the order book is:
|----BID-----||----ASK----|
3408486046105700 @ 98   101 @ 100
    200 @ 95   200 @ 110
    300 @ 91  5000 @ 115
          -   5600 @ 119
|------------||-----------|

14:23:23.839 [main] INFO  c.gettingstarted.MyAlgoLogic - [MYALGO] Algo Sees SheZa
14:23:23.839 [main] INFO  c.gettingstarted.MyAlgoLogic - [MYALGO] Algo Sees Book as:
|----BID-----||----ASK----|
3408486046105700 @ 98   101 @ 100
    200 @ 95   200 @ 110
    300 @ 91  5000 @ 115
          -   5600 @ 119
|------------||-----------|

14:23:23.839 [main] INFO  c.gettingstarted.MyAlgoLogic - [MYALGO] Have:45 children, want 45, done.
14:23:23.839 [main] INFO  c.o.v.MutatingMatchOneMarketDataOrderVisitor - [ORDERBOOK] Have found order we can match:Limit(side=BUY,orderId=43,price=98,quantity=219902325555200)(MktData(price=98,quantity=501))
14:23:23.839 [main] INFO  c.o.v.MutatingMatchOneMarketDataOrderVisitor - Filled:0@98
14:23:23.839 [main] INFO  c.o.v.MutatingMatchOneMarketDataOrderVisitor - [ORDERBOOK] Filled 0@98 for order:Limit(side=BUY,orderId=43,price=98,quantity=219902325555200)
14:23:23.839 [main] INFO  c.orderbook.channel.OrderChannel - [ORDERBOOK] publishing fill to stream: [FillOrder](sbeTemplateId=10|sbeSchemaId=2|sbeSchemaVersion=0|sbeBlockLength=24):orderId=43|quantity=0|price=98
14:23:23.839 [main] INFO  c.sequencer.consumer.LoggingConsumer - [194] [FillOrder](sbeTemplateId=10|sbeSchemaId=2|sbeSchemaVersion=0|sbeBlockLength=24):orderId=43|quantity=0|price=98
14:23:23.839 [main] INFO  c.gettingstarted.MyAlgoLogic - [MYALGO] The state of the order book is:
|----BID-----||----ASK----|
3408486046105700 @ 98   101 @ 100
    200 @ 95   200 @ 110
    300 @ 91  5000 @ 115
          -   5600 @ 119
|------------||-----------|

14:23:23.839 [main] INFO  c.gettingstarted.MyAlgoLogic - [MYALGO] Algo Sees SheZa
14:23:23.839 [main] INFO  c.gettingstarted.MyAlgoLogic - [MYALGO] Algo Sees Book as:
|----BID-----||----ASK----|
3408486046105700 @ 98   101 @ 100
    200 @ 95   200 @ 110
    300 @ 91  5000 @ 115
          -   5600 @ 119
|------------||-----------|

14:23:23.839 [main] INFO  c.gettingstarted.MyAlgoLogic - [MYALGO] Have:45 children, want 45, done.
14:23:23.839 [main] INFO  c.o.v.MutatingMatchOneMarketDataOrderVisitor - [ORDERBOOK] Have found order we can match:Limit(side=BUY,orderId=44,price=98,quantity=439804651110400)(MktData(price=98,quantity=501))
14:23:23.839 [main] INFO  c.o.v.MutatingMatchOneMarketDataOrderVisitor - Filled:0@98
14:23:23.839 [main] INFO  c.o.v.MutatingMatchOneMarketDataOrderVisitor - [ORDERBOOK] Filled 0@98 for order:Limit(side=BUY,orderId=44,price=98,quantity=439804651110400)
14:23:23.839 [main] INFO  c.orderbook.channel.OrderChannel - [ORDERBOOK] publishing fill to stream: [FillOrder](sbeTemplateId=10|sbeSchemaId=2|sbeSchemaVersion=0|sbeBlockLength=24):orderId=44|quantity=0|price=98
14:23:23.839 [main] INFO  c.sequencer.consumer.LoggingConsumer - [195] [FillOrder](sbeTemplateId=10|sbeSchemaId=2|sbeSchemaVersion=0|sbeBlockLength=24):orderId=44|quantity=0|price=98
14:23:23.839 [main] INFO  c.gettingstarted.MyAlgoLogic - [MYALGO] The state of the order book is:
|----BID-----||----ASK----|
3408486046105700 @ 98   101 @ 100
    200 @ 95   200 @ 110
    300 @ 91  5000 @ 115
          -   5600 @ 119
|------------||-----------|

14:23:23.839 [main] INFO  c.gettingstarted.MyAlgoLogic - [MYALGO] Algo Sees SheZa
14:23:23.839 [main] INFO  c.gettingstarted.MyAlgoLogic - [MYALGO] Algo Sees Book as:
|----BID-----||----ASK----|
3408486046105700 @ 98   101 @ 100
    200 @ 95   200 @ 110
    300 @ 91  5000 @ 115
          -   5600 @ 119
|------------||-----------|

14:23:23.839 [main] INFO  c.gettingstarted.MyAlgoLogic - [MYALGO] Have:45 children, want 45, done.
14:23:23.839 [main] INFO  c.o.v.MutatingMatchOneMarketDataOrderVisitor - [ORDERBOOK] Have found order we can match:Limit(side=BUY,orderId=45,price=98,quantity=879609302220800)(MktData(price=98,quantity=501))
14:23:23.839 [main] INFO  c.o.v.MutatingMatchOneMarketDataOrderVisitor - Filled:0@98
14:23:23.839 [main] INFO  c.o.v.MutatingMatchOneMarketDataOrderVisitor - [ORDERBOOK] Filled 0@98 for order:Limit(side=BUY,orderId=45,price=98,quantity=879609302220800)
14:23:23.839 [main] INFO  c.orderbook.channel.OrderChannel - [ORDERBOOK] publishing fill to stream: [FillOrder](sbeTemplateId=10|sbeSchemaId=2|sbeSchemaVersion=0|sbeBlockLength=24):orderId=45|quantity=0|price=98
14:23:23.839 [main] INFO  c.sequencer.consumer.LoggingConsumer - [196] [FillOrder](sbeTemplateId=10|sbeSchemaId=2|sbeSchemaVersion=0|sbeBlockLength=24):orderId=45|quantity=0|price=98
14:23:23.839 [main] INFO  c.gettingstarted.MyAlgoLogic - [MYALGO] The state of the order book is:
|----BID-----||----ASK----|
3408486046105700 @ 98   101 @ 100
    200 @ 95   200 @ 110
    300 @ 91  5000 @ 115
          -   5600 @ 119
|------------||-----------|

14:23:23.839 [main] INFO  c.gettingstarted.MyAlgoLogic - [MYALGO] Algo Sees SheZa
14:23:23.839 [main] INFO  c.gettingstarted.MyAlgoLogic - [MYALGO] Algo Sees Book as:
|----BID-----||----ASK----|
3408486046105700 @ 98   101 @ 100
    200 @ 95   200 @ 110
    300 @ 91  5000 @ 115
          -   5600 @ 119
|------------||-----------|

14:23:23.839 [main] INFO  c.gettingstarted.MyAlgoLogic - [MYALGO] Have:45 children, want 45, done.
14:23:23.839 [main] INFO  c.o.v.MutatingMatchOneMarketDataOrderVisitor - [ORDERBOOK] Have found order we can match:Limit(side=BUY,orderId=46,price=98,quantity=1759218604441600)(MktData(price=98,quantity=501))
14:23:23.839 [main] INFO  c.o.v.MutatingMatchOneMarketDataOrderVisitor - Filled:0@98
14:23:23.839 [main] INFO  c.o.v.MutatingMatchOneMarketDataOrderVisitor - [ORDERBOOK] Filled 0@98 for order:Limit(side=BUY,orderId=46,price=98,quantity=1759218604441600)
14:23:23.839 [main] INFO  c.orderbook.channel.OrderChannel - [ORDERBOOK] publishing fill to stream: [FillOrder](sbeTemplateId=10|sbeSchemaId=2|sbeSchemaVersion=0|sbeBlockLength=24):orderId=46|quantity=0|price=98
14:23:23.839 [main] INFO  c.sequencer.consumer.LoggingConsumer - [197] [FillOrder](sbeTemplateId=10|sbeSchemaId=2|sbeSchemaVersion=0|sbeBlockLength=24):orderId=46|quantity=0|price=98
14:23:23.839 [main] INFO  c.gettingstarted.MyAlgoLogic - [MYALGO] The state of the order book is:
|----BID-----||----ASK----|
3408486046105700 @ 98   101 @ 100
    200 @ 95   200 @ 110
    300 @ 91  5000 @ 115
          -   5600 @ 119
|------------||-----------|

14:23:23.839 [main] INFO  c.gettingstarted.MyAlgoLogic - [MYALGO] Algo Sees SheZa
14:23:23.839 [main] INFO  c.gettingstarted.MyAlgoLogic - [MYALGO] Algo Sees Book as:
|----BID-----||----ASK----|
3408486046105700 @ 98   101 @ 100
    200 @ 95   200 @ 110
    300 @ 91  5000 @ 115
          -   5600 @ 119
|------------||-----------|

14:23:23.839 [main] INFO  c.gettingstarted.MyAlgoLogic - [MYALGO] Have:45 children, want 45, done.
14:23:23.839 [main] INFO  c.o.v.MutatingMatchOneMarketDataOrderVisitor - [ORDERBOOK] visiting LevelOrderBookLevel(price=91,quantity=600)
14:23:23.839 [main] INFO  c.o.v.MutatingMatchOneMarketDataOrderVisitor - [ORDERBOOK] Can't match order:MktData(price=91,quantity=300)(MktData(price=98,quantity=501))
14:23:23.839 [main] DEBUG c.orderbook.OrderBook - [ORDERBOOK] ASK: Adding orderMktData(price=101,quantity=200)
14:23:23.839 [main] DEBUG c.orderbook.OrderBook - [ORDERBOOK] ASK: Adding orderMktData(price=110,quantity=5000)
14:23:23.839 [main] DEBUG c.orderbook.OrderBook - [ORDERBOOK] ASK: Adding orderMktData(price=119,quantity=5600)
14:23:23.839 [main] DEBUG c.service.MarketDataService - [ALGO] BID: price:95 quantity:100
14:23:23.839 [main] DEBUG c.service.MarketDataService - [ALGO] BID: price:93 quantity:200
14:23:23.839 [main] DEBUG c.service.MarketDataService - [ALGO] BID: price:91 quantity:300
14:23:23.839 [main] DEBUG c.service.MarketDataService - [ALGO] ASK: price:98 quantity:501
14:23:23.839 [main] DEBUG c.service.MarketDataService - [ALGO] ASK: price:101 quantity:200
14:23:23.839 [main] DEBUG c.service.MarketDataService - [ALGO] ASK: price:110 quantity:5000
14:23:23.839 [main] DEBUG c.service.MarketDataService - [ALGO] ASK: price:119 quantity:5600
14:23:23.839 [main] INFO  c.gettingstarted.MyAlgoLogic - [MYALGO] The state of the order book is:
|----BID-----||----ASK----|
    100 @ 95    501 @ 98
    200 @ 93   200 @ 101
    300 @ 91  5000 @ 110
          -   5600 @ 119
|------------||-----------|

14:23:23.839 [main] INFO  c.gettingstarted.MyAlgoLogic - [MYALGO] Algo Sees SheZa
14:23:23.839 [main] INFO  c.gettingstarted.MyAlgoLogic - [MYALGO] Algo Sees Book as:
|----BID-----||----ASK----|
    100 @ 95    501 @ 98
    200 @ 93   200 @ 101
    300 @ 91  5000 @ 110
          -   5600 @ 119
|------------||-----------|

14:23:23.839 [main] INFO  c.gettingstarted.MyAlgoLogic - [MYALGO] Have:45 children, want 45, done.
]]></system-out>
  </testcase>
</testsuite>